<?xml version="1.0" encoding="UTF-8"?>
<testsuites name="New Registration" time="8886" tests="5" failures="8" errors="0">
   <testsuite name="New Registration" tests="5" failures="8" errors="0" time="8886" timestamp="2018-12-12 18:20:17" hostname="Admin - Win7Test02" id="Test Suites/Workflow/New Registration">
      <properties>
         <property name="deviceName" value=""/>
         <property name="devicePlatform" value=""/>
         <property name="logFolder" value="C:\\Users\\Admin\\Desktop\\PKS\\Perkeso Phase A\\Reports\\Workflow\\New Registration\\20181212_150049"/>
         <property name="logFiles" value="C:\\Users\\Admin\\Desktop\\PKS\\Perkeso Phase A\\Reports\\Workflow\\New Registration\\20181212_150049\\execution0.log, C:\\Users\\Admin\\Desktop\\PKS\\Perkeso Phase A\\Reports\\Workflow\\New Registration\\20181212_150049\\execution1.log, C:\\Users\\Admin\\Desktop\\PKS\\Perkeso Phase A\\Reports\\Workflow\\New Registration\\20181212_150049\\execution2.log"/>
         <property name="attachments" value="C:\\Users\\Admin\\Desktop\\PKS\\Perkeso Phase A\\Reports\\Workflow\\New Registration\\20181212_150049\\1544610852205.png, C:\\Users\\Admin\\Desktop\\PKS\\Perkeso Phase A\\Reports\\Workflow\\New Registration\\20181212_150049\\1544610892804.png, C:\\Users\\Admin\\Desktop\\PKS\\Perkeso Phase A\\Reports\\Workflow\\New Registration\\20181212_150049\\1544610944101.png, C:\\Users\\Admin\\Desktop\\PKS\\Perkeso Phase A\\Reports\\Workflow\\New Registration\\20181212_150049\\1544610977641.png, C:\\Users\\Admin\\Desktop\\PKS\\Perkeso Phase A\\Reports\\Workflow\\New Registration\\20181212_150049\\1544611010552.png, C:\\Users\\Admin\\Desktop\\PKS\\Perkeso Phase A\\Reports\\Workflow\\New Registration\\20181212_150049\\1544611044182.png, C:\\Users\\Admin\\Desktop\\PKS\\Perkeso Phase A\\Reports\\Workflow\\New Registration\\20181212_150049\\1544611077579.png, C:\\Users\\Admin\\Desktop\\PKS\\Perkeso Phase A\\Reports\\Workflow\\New Registration\\20181212_150049\\1544611110917.png, C:\\Users\\Admin\\Desktop\\PKS\\Perkeso Phase A\\Reports\\Workflow\\New Registration\\20181212_150049\\1544611142324.png, C:\\Users\\Admin\\Desktop\\PKS\\Perkeso Phase A\\Reports\\Workflow\\New Registration\\20181212_150049\\1544611173955.png, C:\\Users\\Admin\\Desktop\\PKS\\Perkeso Phase A\\Reports\\Workflow\\New Registration\\20181212_150049\\1544611208709.png, C:\\Users\\Admin\\Desktop\\PKS\\Perkeso Phase A\\Reports\\Workflow\\New Registration\\20181212_150049\\1544611241584.png, C:\\Users\\Admin\\Desktop\\PKS\\Perkeso Phase A\\Reports\\Workflow\\New Registration\\20181212_150049\\1544611377083.png, C:\\Users\\Admin\\Desktop\\PKS\\Perkeso Phase A\\Reports\\Workflow\\New Registration\\20181212_150049\\1544611411381.png, C:\\Users\\Admin\\Desktop\\PKS\\Perkeso Phase A\\Reports\\Workflow\\New Registration\\20181212_150049\\1544611792237.png, C:\\Users\\Admin\\Desktop\\PKS\\Perkeso Phase A\\Reports\\Workflow\\New Registration\\20181212_150049\\1544612717063.png, C:\\Users\\Admin\\Desktop\\PKS\\Perkeso Phase A\\Reports\\Workflow\\New Registration\\20181212_150049\\1544612757440.png, C:\\Users\\Admin\\Desktop\\PKS\\Perkeso Phase A\\Reports\\Workflow\\New Registration\\20181212_150049\\1544612808410.png, C:\\Users\\Admin\\Desktop\\PKS\\Perkeso Phase A\\Reports\\Workflow\\New Registration\\20181212_150049\\1544612841735.png, C:\\Users\\Admin\\Desktop\\PKS\\Perkeso Phase A\\Reports\\Workflow\\New Registration\\20181212_150049\\1544612874514.png, C:\\Users\\Admin\\Desktop\\PKS\\Perkeso Phase A\\Reports\\Workflow\\New Registration\\20181212_150049\\1544612907860.png, C:\\Users\\Admin\\Desktop\\PKS\\Perkeso Phase A\\Reports\\Workflow\\New Registration\\20181212_150049\\1544612941170.png, C:\\Users\\Admin\\Desktop\\PKS\\Perkeso Phase A\\Reports\\Workflow\\New Registration\\20181212_150049\\1544612976271.png, C:\\Users\\Admin\\Desktop\\PKS\\Perkeso Phase A\\Reports\\Workflow\\New Registration\\20181212_150049\\1544613007654.png, C:\\Users\\Admin\\Desktop\\PKS\\Perkeso Phase A\\Reports\\Workflow\\New Registration\\20181212_150049\\1544613041296.png, C:\\Users\\Admin\\Desktop\\PKS\\Perkeso Phase A\\Reports\\Workflow\\New Registration\\20181212_150049\\1544613075771.png, C:\\Users\\Admin\\Desktop\\PKS\\Perkeso Phase A\\Reports\\Workflow\\New Registration\\20181212_150049\\1544613108565.png, C:\\Users\\Admin\\Desktop\\PKS\\Perkeso Phase A\\Reports\\Workflow\\New Registration\\20181212_150049\\1544613245559.png, C:\\Users\\Admin\\Desktop\\PKS\\Perkeso Phase A\\Reports\\Workflow\\New Registration\\20181212_150049\\1544613279800.png, C:\\Users\\Admin\\Desktop\\PKS\\Perkeso Phase A\\Reports\\Workflow\\New Registration\\20181212_150049\\1544613660755.png, C:\\Users\\Admin\\Desktop\\PKS\\Perkeso Phase A\\Reports\\Workflow\\New Registration\\20181212_150049\\1544614755576.png, C:\\Users\\Admin\\Desktop\\PKS\\Perkeso Phase A\\Reports\\Workflow\\New Registration\\20181212_150049\\1544614795961.png, C:\\Users\\Admin\\Desktop\\PKS\\Perkeso Phase A\\Reports\\Workflow\\New Registration\\20181212_150049\\1544614847263.png, C:\\Users\\Admin\\Desktop\\PKS\\Perkeso Phase A\\Reports\\Workflow\\New Registration\\20181212_150049\\1544614880584.png, C:\\Users\\Admin\\Desktop\\PKS\\Perkeso Phase A\\Reports\\Workflow\\New Registration\\20181212_150049\\1544614913370.png, C:\\Users\\Admin\\Desktop\\PKS\\Perkeso Phase A\\Reports\\Workflow\\New Registration\\20181212_150049\\1544614946672.png, C:\\Users\\Admin\\Desktop\\PKS\\Perkeso Phase A\\Reports\\Workflow\\New Registration\\20181212_150049\\1544614979896.png, C:\\Users\\Admin\\Desktop\\PKS\\Perkeso Phase A\\Reports\\Workflow\\New Registration\\20181212_150049\\1544615012971.png, C:\\Users\\Admin\\Desktop\\PKS\\Perkeso Phase A\\Reports\\Workflow\\New Registration\\20181212_150049\\1544615044331.png, C:\\Users\\Admin\\Desktop\\PKS\\Perkeso Phase A\\Reports\\Workflow\\New Registration\\20181212_150049\\1544615075928.png, C:\\Users\\Admin\\Desktop\\PKS\\Perkeso Phase A\\Reports\\Workflow\\New Registration\\20181212_150049\\1544615110335.png, C:\\Users\\Admin\\Desktop\\PKS\\Perkeso Phase A\\Reports\\Workflow\\New Registration\\20181212_150049\\1544615143107.png, C:\\Users\\Admin\\Desktop\\PKS\\Perkeso Phase A\\Reports\\Workflow\\New Registration\\20181212_150049\\1544615277696.png, C:\\Users\\Admin\\Desktop\\PKS\\Perkeso Phase A\\Reports\\Workflow\\New Registration\\20181212_150049\\1544615311940.png, C:\\Users\\Admin\\Desktop\\PKS\\Perkeso Phase A\\Reports\\Workflow\\New Registration\\20181212_150049\\1544615858992.png, C:\\Users\\Admin\\Desktop\\PKS\\Perkeso Phase A\\Reports\\Workflow\\New Registration\\20181212_150049\\1544616442119.png, C:\\Users\\Admin\\Desktop\\PKS\\Perkeso Phase A\\Reports\\Workflow\\New Registration\\20181212_150049\\1544617092199.png, C:\\Users\\Admin\\Desktop\\PKS\\Perkeso Phase A\\Reports\\Workflow\\New Registration\\20181212_150049\\1544617140389.png, C:\\Users\\Admin\\Desktop\\PKS\\Perkeso Phase A\\Reports\\Workflow\\New Registration\\20181212_150049\\1544617182918.png, C:\\Users\\Admin\\Desktop\\PKS\\Perkeso Phase A\\Reports\\Workflow\\New Registration\\20181212_150049\\1544617215264.png, C:\\Users\\Admin\\Desktop\\PKS\\Perkeso Phase A\\Reports\\Workflow\\New Registration\\20181212_150049\\1544617273777.png, C:\\Users\\Admin\\Desktop\\PKS\\Perkeso Phase A\\Reports\\Workflow\\New Registration\\20181212_150049\\1544617307100.png, C:\\Users\\Admin\\Desktop\\PKS\\Perkeso Phase A\\Reports\\Workflow\\New Registration\\20181212_150049\\1544617339874.png, C:\\Users\\Admin\\Desktop\\PKS\\Perkeso Phase A\\Reports\\Workflow\\New Registration\\20181212_150049\\1544617373205.png, C:\\Users\\Admin\\Desktop\\PKS\\Perkeso Phase A\\Reports\\Workflow\\New Registration\\20181212_150049\\1544617406469.png, C:\\Users\\Admin\\Desktop\\PKS\\Perkeso Phase A\\Reports\\Workflow\\New Registration\\20181212_150049\\1544617439550.png, C:\\Users\\Admin\\Desktop\\PKS\\Perkeso Phase A\\Reports\\Workflow\\New Registration\\20181212_150049\\1544617472944.png, C:\\Users\\Admin\\Desktop\\PKS\\Perkeso Phase A\\Reports\\Workflow\\New Registration\\20181212_150049\\1544617506540.png, C:\\Users\\Admin\\Desktop\\PKS\\Perkeso Phase A\\Reports\\Workflow\\New Registration\\20181212_150049\\1544617542872.png, C:\\Users\\Admin\\Desktop\\PKS\\Perkeso Phase A\\Reports\\Workflow\\New Registration\\20181212_150049\\1544617578255.png, C:\\Users\\Admin\\Desktop\\PKS\\Perkeso Phase A\\Reports\\Workflow\\New Registration\\20181212_150049\\1544617647874.png"/>
         <property name="hostName" value="Admin - Win7Test02"/>
         <property name="os" value="Windows 7 64bit"/>
         <property name="katalonVersion" value="5.8.6.1"/>
         <property name="browser" value="Chrome 70.0.3538.110"/>
         <property name="hostAddress" value="10.20.3.72"/>
         <property name="sessionId" value="41e46befc095a82e30a9b5302dfb4f49"/>
         <property name="seleniumVersion" value="3.7.1"/>
         <property name="proxyInformation" value="ProxyInformation{proxyOption=NO_PROXY, proxyServerType=HTTP, password=, proxyServerAddress=, proxyServerPort=0}"/>
         <property name="platform" value="Windows 7"/>
      </properties>
      <testcase name="Test Cases/Final Aug 2018 - PKS Automation/Registration Module/Workflow/New Registration - OTC to PKRBO (Incomplete)" classname="Test Cases/Final Aug 2018 - PKS Automation/Registration Module/Workflow/New Registration - OTC to PKRBO (Incomplete)" status="PASSED">
         <system-out><![CDATA[2018-12-12 18:20:18 - [TEST_CASE][PASSED] - Test Cases/Final Aug 2018 - PKS Automation/Registration Module/Workflow/New Registration - OTC to PKRBO (Incomplete): Test Cases/Final Aug 2018 - PKS Automation/Registration Module/Workflow/New Registration - OTC to PKRBO (Incomplete)

2018-12-12 18:20:18 - [TEST_STEP][PASSED] - callTestCase: Call Test Case 'Test Cases/Final Aug 2018 - PKS Automation/Registration Module/New Registration/Form 1/Form 1 - Corporation - BHD' successfully

2018-12-12 18:20:18 - [TEST_CASE][PASSED] - Test Cases/Final Aug 2018 - PKS Automation/Registration Module/New Registration/Form 1/Form 1 - Corporation - BHD: Test Cases/Final Aug 2018 - PKS Automation/Registration Module/New Registration/Form 1/Form 1 - Corporation - BHD

2018-12-12 18:20:19 - [TEST_STEP][PASSED] - openBrowser: Browser is opened with url: ''

2018-12-12 18:20:23 - [MESSAGE][PASSED] - Browser is opened with url: ''

2018-12-12 18:20:23 - [TEST_STEP][PASSED] - navigateToUrl: Navigate to 'https://assist2-uat.perkeso.gov.my/login' successfully

2018-12-12 18:20:24 - [MESSAGE][PASSED] - Navigate to 'https://assist2-uat.perkeso.gov.my/login' successfully

2018-12-12 18:20:24 - [TEST_STEP][PASSED] - setText: Text 'johorotc1@gmail.com' is set on object 'Object Repository/Final Object Repo/Login Page/Internal User/Email Address'

2018-12-12 18:20:25 - [MESSAGE][PASSED] - Text 'johorotc1@gmail.com' is set on object 'Object Repository/Final Object Repo/Login Page/Internal User/Email Address'

2018-12-12 18:20:25 - [TEST_STEP][PASSED] - click: Object: 'Object Repository/Final Object Repo/Login Page/Internal User/Next Button' is clicked on

2018-12-12 18:20:25 - [MESSAGE][PASSED] - Object: 'Object Repository/Final Object Repo/Login Page/Internal User/Next Button' is clicked on

2018-12-12 18:20:25 - [TEST_STEP][PASSED] - delay: Delayed 1 second(s)

2018-12-12 18:20:26 - [MESSAGE][PASSED] - Delayed 1 second(s)

2018-12-12 18:20:26 - [TEST_STEP][PASSED] - setEncryptedText: Text ****** has been set on object 'Object Repository/Final Object Repo/Login Page/Internal User/Password'

2018-12-12 18:20:26 - [MESSAGE][PASSED] - Text ****** has been set on object 'Object Repository/Final Object Repo/Login Page/Internal User/Password'

2018-12-12 18:20:26 - [TEST_STEP][PASSED] - click: Object: 'Object Repository/Final Object Repo/Login Page/Internal User/Login Button' is clicked on

2018-12-12 18:20:27 - [MESSAGE][PASSED] - Object: 'Object Repository/Final Object Repo/Login Page/Internal User/Login Button' is clicked on

2018-12-12 18:20:27 - [TEST_STEP][PASSED] - delay: Delayed 1 second(s)

2018-12-12 18:20:28 - [MESSAGE][PASSED] - Delayed 1 second(s)

2018-12-12 18:20:28 - [TEST_STEP][PASSED] - Statement - Try: Delayed 2 second(s)

2018-12-12 18:20:28 - [TEST_STEP][PASSED] - Statement - Checker = false: null

2018-12-12 18:20:28 - [TEST_STEP][PASSED] - Statement - Checker = com.kms.katalon.core.webui.keyword.WebUiBuiltInKeywords.verifyElementHasAttribute(com.kms.katalon.core.testobject.ObjectRepository.findTestObject(Final Object Repo/Landing Page/BM Detecting), "href", 20, OPTIONAL): Object 'Object Repository/Final Object Repo/Landing Page/BM Detecting' has attribute 'href'

2018-12-12 18:20:29 - [MESSAGE][PASSED] - Object 'Object Repository/Final Object Repo/Landing Page/BM Detecting' has attribute 'href'

2018-12-12 18:20:29 - [TEST_STEP][PASSED] - Statement - out.println(Checker): null

2018-12-12 18:20:29 - [TEST_STEP][PASSED] - Statement - If (Checker == false): null

2018-12-12 18:20:29 - [TEST_STEP][PASSED] - Statement - Else: null

2018-12-12 18:20:29 - [TEST_STEP][PASSED] - delay: Delayed 2 second(s)

2018-12-12 18:20:31 - [MESSAGE][PASSED] - Delayed 2 second(s)

2018-12-12 18:20:31 - [TEST_STEP][PASSED] - navigateToUrl: Navigate to 'https://assist2-uat.perkeso.gov.my/web/registration/registration' successfully

2018-12-12 18:20:32 - [MESSAGE][PASSED] - Navigate to 'https://assist2-uat.perkeso.gov.my/web/registration/registration' successfully

2018-12-12 18:20:32 - [TEST_STEP][PASSED] - click: Object: 'Object Repository/Final Object Repo/New Registration - Registration Module Pages/Form 1/AEC - No' is clicked on

2018-12-12 18:20:32 - [MESSAGE][PASSED] - Object: 'Object Repository/Final Object Repo/New Registration - Registration Module Pages/Form 1/AEC - No' is clicked on

2018-12-12 18:20:32 - [TEST_STEP][PASSED] - click: Object: 'Object Repository/Final Object Repo/New Registration - Registration Module Pages/Form 1/Business Entity' is clicked on

2018-12-12 18:20:32 - [MESSAGE][PASSED] - Object: 'Object Repository/Final Object Repo/New Registration - Registration Module Pages/Form 1/Business Entity' is clicked on

2018-12-12 18:20:32 - [TEST_STEP][PASSED] - click: Object: 'Object Repository/Final Object Repo/New Registration - Registration Module Pages/Form 1/Businees Entity - Corporation' is clicked on

2018-12-12 18:20:33 - [MESSAGE][PASSED] - Object: 'Object Repository/Final Object Repo/New Registration - Registration Module Pages/Form 1/Businees Entity - Corporation' is clicked on

2018-12-12 18:20:33 - [TEST_STEP][PASSED] - delay: Delayed 1 second(s)

2018-12-12 18:20:34 - [MESSAGE][PASSED] - Delayed 1 second(s)

2018-12-12 18:20:34 - [TEST_STEP][PASSED] - click: Object: 'Object Repository/Final Object Repo/New Registration - Registration Module Pages/Form 1/Sub Business Entity' is clicked on

2018-12-12 18:20:34 - [MESSAGE][PASSED] - Object: 'Object Repository/Final Object Repo/New Registration - Registration Module Pages/Form 1/Sub Business Entity' is clicked on

2018-12-12 18:20:34 - [TEST_STEP][PASSED] - click: Object: 'Object Repository/Final Object Repo/New Registration - Registration Module Pages/Form 1/Sub Business Entity - Berhad' is clicked on

2018-12-12 18:20:34 - [MESSAGE][PASSED] - Object: 'Object Repository/Final Object Repo/New Registration - Registration Module Pages/Form 1/Sub Business Entity - Berhad' is clicked on

2018-12-12 18:20:34 - [TEST_STEP][PASSED] - delay: Delayed 1 second(s)

2018-12-12 18:20:35 - [MESSAGE][PASSED] - Delayed 1 second(s)

2018-12-12 18:20:35 - [TEST_STEP][PASSED] - setText: Text '123' is set on object 'Object Repository/Final Object Repo/New Registration - Registration Module Pages/Form 1/Registration Number'

2018-12-12 18:20:35 - [MESSAGE][PASSED] - Text '123' is set on object 'Object Repository/Final Object Repo/New Registration - Registration Module Pages/Form 1/Registration Number'

2018-12-12 18:20:35 - [TEST_STEP][PASSED] - click: Object: 'Object Repository/Final Object Repo/New Registration - Registration Module Pages/Form 1/Registred with SSM - Before Feb' is clicked on

2018-12-12 18:20:36 - [MESSAGE][PASSED] - Object: 'Object Repository/Final Object Repo/New Registration - Registration Module Pages/Form 1/Registred with SSM - Before Feb' is clicked on

2018-12-12 18:20:36 - [TEST_STEP][PASSED] - click: Object: 'Object Repository/Final Object Repo/New Registration - Registration Module Pages/Form 1/Registered As a Branch - Yes' is clicked on

2018-12-12 18:20:36 - [MESSAGE][PASSED] - Object: 'Object Repository/Final Object Repo/New Registration - Registration Module Pages/Form 1/Registered As a Branch - Yes' is clicked on

2018-12-12 18:20:36 - [TEST_STEP][PASSED] - click: Object: 'Object Repository/Final Object Repo/New Registration - Registration Module Pages/Form 1/Acknowledgement' is clicked on

2018-12-12 18:20:36 - [MESSAGE][PASSED] - Object: 'Object Repository/Final Object Repo/New Registration - Registration Module Pages/Form 1/Acknowledgement' is clicked on

2018-12-12 18:20:36 - [TEST_STEP][PASSED] - setText: Text 'perkeso' is set on object 'Object Repository/Final Object Repo/New Registration - Registration Module Pages/Form 1/Industry name'

2018-12-12 18:20:36 - [MESSAGE][PASSED] - Text 'perkeso' is set on object 'Object Repository/Final Object Repo/New Registration - Registration Module Pages/Form 1/Industry name'

2018-12-12 18:20:36 - [TEST_STEP][PASSED] - setText: Text 'perkeso1' is set on object 'Object Repository/Final Object Repo/New Registration - Registration Module Pages/Form 1/Postal Address1'

2018-12-12 18:20:37 - [MESSAGE][PASSED] - Text 'perkeso1' is set on object 'Object Repository/Final Object Repo/New Registration - Registration Module Pages/Form 1/Postal Address1'

2018-12-12 18:20:37 - [TEST_STEP][PASSED] - setText: Text 'perkeso2' is set on object 'Object Repository/Final Object Repo/New Registration - Registration Module Pages/Form 1/Postal Address2'

2018-12-12 18:20:37 - [MESSAGE][PASSED] - Text 'perkeso2' is set on object 'Object Repository/Final Object Repo/New Registration - Registration Module Pages/Form 1/Postal Address2'

2018-12-12 18:20:37 - [TEST_STEP][PASSED] - setText: Text 'perkeso3' is set on object 'Object Repository/Final Object Repo/New Registration - Registration Module Pages/Form 1/Postal Address3'

2018-12-12 18:20:37 - [MESSAGE][PASSED] - Text 'perkeso3' is set on object 'Object Repository/Final Object Repo/New Registration - Registration Module Pages/Form 1/Postal Address3'

2018-12-12 18:20:37 - [TEST_STEP][PASSED] - click: Object: 'Object Repository/Final Object Repo/New Registration - Registration Module Pages/Form 1/State' is clicked on

2018-12-12 18:20:38 - [MESSAGE][PASSED] - Object: 'Object Repository/Final Object Repo/New Registration - Registration Module Pages/Form 1/State' is clicked on

2018-12-12 18:20:38 - [TEST_STEP][PASSED] - click: Object: 'Object Repository/Final Object Repo/New Registration - Registration Module Pages/Form 1/State - Johor' is clicked on

2018-12-12 18:20:38 - [MESSAGE][PASSED] - Object: 'Object Repository/Final Object Repo/New Registration - Registration Module Pages/Form 1/State - Johor' is clicked on

2018-12-12 18:20:38 - [TEST_STEP][PASSED] - delay: Delayed 1 second(s)

2018-12-12 18:20:39 - [MESSAGE][PASSED] - Delayed 1 second(s)

2018-12-12 18:20:39 - [TEST_STEP][PASSED] - click: Object: 'Object Repository/Final Object Repo/New Registration - Registration Module Pages/Form 1/City' is clicked on

2018-12-12 18:20:39 - [MESSAGE][PASSED] - Object: 'Object Repository/Final Object Repo/New Registration - Registration Module Pages/Form 1/City' is clicked on

2018-12-12 18:20:39 - [TEST_STEP][PASSED] - setText: Text 'joh' is set on object 'Object Repository/Final Object Repo/New Registration - Registration Module Pages/Form 1/Postcode - 810'

2018-12-12 18:20:39 - [MESSAGE][PASSED] - Text 'joh' is set on object 'Object Repository/Final Object Repo/New Registration - Registration Module Pages/Form 1/Postcode - 810'

2018-12-12 18:20:39 - [TEST_STEP][PASSED] - delay: Delayed 1 second(s)

2018-12-12 18:20:40 - [MESSAGE][PASSED] - Delayed 1 second(s)

2018-12-12 18:20:40 - [TEST_STEP][PASSED] - click: Object: 'Object Repository/Final Object Repo/New Registration - Registration Module Pages/Form 1/City - Johor Bharu' is clicked on

2018-12-12 18:20:40 - [MESSAGE][PASSED] - Object: 'Object Repository/Final Object Repo/New Registration - Registration Module Pages/Form 1/City - Johor Bharu' is clicked on

2018-12-12 18:20:40 - [TEST_STEP][PASSED] - delay: Delayed 1 second(s)

2018-12-12 18:20:41 - [MESSAGE][PASSED] - Delayed 1 second(s)

2018-12-12 18:20:41 - [TEST_STEP][PASSED] - click: Object: 'Object Repository/Final Object Repo/New Registration - Registration Module Pages/Form 1/Postcode' is clicked on

2018-12-12 18:20:42 - [MESSAGE][PASSED] - Object: 'Object Repository/Final Object Repo/New Registration - Registration Module Pages/Form 1/Postcode' is clicked on

2018-12-12 18:20:42 - [TEST_STEP][PASSED] - delay: Delayed 1 second(s)

2018-12-12 18:20:43 - [MESSAGE][PASSED] - Delayed 1 second(s)

2018-12-12 18:20:43 - [TEST_STEP][PASSED] - setText: Text '810' is set on object 'Object Repository/Final Object Repo/New Registration - Registration Module Pages/Form 1/Postcode - 810'

2018-12-12 18:20:43 - [MESSAGE][PASSED] - Text '810' is set on object 'Object Repository/Final Object Repo/New Registration - Registration Module Pages/Form 1/Postcode - 810'

2018-12-12 18:20:43 - [TEST_STEP][PASSED] - delay: Delayed 3 second(s)

2018-12-12 18:20:46 - [MESSAGE][PASSED] - Delayed 3 second(s)

2018-12-12 18:20:46 - [TEST_STEP][PASSED] - click: Object: 'Object Repository/Final Object Repo/New Registration - Registration Module Pages/Form 1/Postcode - 81000' is clicked on

2018-12-12 18:20:46 - [MESSAGE][PASSED] - Object: 'Object Repository/Final Object Repo/New Registration - Registration Module Pages/Form 1/Postcode - 81000' is clicked on

2018-12-12 18:20:46 - [TEST_STEP][PASSED] - delay: Delayed 1 second(s)

2018-12-12 18:20:47 - [MESSAGE][PASSED] - Delayed 1 second(s)

2018-12-12 18:20:47 - [TEST_STEP][PASSED] - setText: Text '100' is set on object 'Object Repository/Final Object Repo/New Registration - Registration Module Pages/Form 1/P.O.BOX'

2018-12-12 18:20:47 - [MESSAGE][PASSED] - Text '100' is set on object 'Object Repository/Final Object Repo/New Registration - Registration Module Pages/Form 1/P.O.BOX'

2018-12-12 18:20:47 - [TEST_STEP][PASSED] - setText: Text '100' is set on object 'Object Repository/Final Object Repo/New Registration - Registration Module Pages/Form 1/Locked Bag No'

2018-12-12 18:20:48 - [MESSAGE][PASSED] - Text '100' is set on object 'Object Repository/Final Object Repo/New Registration - Registration Module Pages/Form 1/Locked Bag No'

2018-12-12 18:20:48 - [TEST_STEP][PASSED] - click: Object: 'Object Repository/Final Object Repo/New Registration - Registration Module Pages/Form 1/SOCSO Office Location' is clicked on

2018-12-12 18:20:48 - [MESSAGE][PASSED] - Object: 'Object Repository/Final Object Repo/New Registration - Registration Module Pages/Form 1/SOCSO Office Location' is clicked on

2018-12-12 18:20:48 - [TEST_STEP][PASSED] - click: Object: 'Object Repository/Final Object Repo/New Registration - Registration Module Pages/Form 1/SOCSO Office Location - Pejabat PERKESO Negeri Johor' is clicked on

2018-12-12 18:20:48 - [MESSAGE][PASSED] - Object: 'Object Repository/Final Object Repo/New Registration - Registration Module Pages/Form 1/SOCSO Office Location - Pejabat PERKESO Negeri Johor' is clicked on

2018-12-12 18:20:48 - [TEST_STEP][PASSED] - delay: Delayed 1 second(s)

2018-12-12 18:20:49 - [MESSAGE][PASSED] - Delayed 1 second(s)

2018-12-12 18:20:49 - [TEST_STEP][PASSED] - check: Object 'Object Repository/Final Object Repo/New Registration - Registration Module Pages/Form 1/Indusrty Address Same As Postal Address' is checked

2018-12-12 18:20:49 - [MESSAGE][PASSED] - Object 'Object Repository/Final Object Repo/New Registration - Registration Module Pages/Form 1/Indusrty Address Same As Postal Address' is checked

2018-12-12 18:20:49 - [TEST_STEP][PASSED] - delay: Delayed 3 second(s)

2018-12-12 18:20:52 - [MESSAGE][PASSED] - Delayed 3 second(s)

2018-12-12 18:20:52 - [TEST_STEP][PASSED] - click: Object: 'Object Repository/Final Object Repo/New Registration - Registration Module Pages/Form 1/Indusry Address Same As Postal Address False' is clicked on

2018-12-12 18:20:52 - [MESSAGE][PASSED] - Object: 'Object Repository/Final Object Repo/New Registration - Registration Module Pages/Form 1/Indusry Address Same As Postal Address False' is clicked on

2018-12-12 18:20:52 - [TEST_STEP][PASSED] - delay: Delayed 1 second(s)

2018-12-12 18:20:53 - [MESSAGE][PASSED] - Delayed 1 second(s)

2018-12-12 18:20:53 - [TEST_STEP][PASSED] - setText: Text 'perkeso1' is set on object 'Object Repository/Final Object Repo/New Registration - Registration Module Pages/Form 1/Industry Address1'

2018-12-12 18:20:54 - [MESSAGE][PASSED] - Text 'perkeso1' is set on object 'Object Repository/Final Object Repo/New Registration - Registration Module Pages/Form 1/Industry Address1'

2018-12-12 18:20:54 - [TEST_STEP][PASSED] - setText: Text 'perkeso2' is set on object 'Object Repository/Final Object Repo/New Registration - Registration Module Pages/Form 1/Industry Address2'

2018-12-12 18:20:54 - [MESSAGE][PASSED] - Text 'perkeso2' is set on object 'Object Repository/Final Object Repo/New Registration - Registration Module Pages/Form 1/Industry Address2'

2018-12-12 18:20:54 - [TEST_STEP][PASSED] - setText: Text 'perkeso3' is set on object 'Object Repository/Final Object Repo/New Registration - Registration Module Pages/Form 1/Industry Address3'

2018-12-12 18:20:54 - [MESSAGE][PASSED] - Text 'perkeso3' is set on object 'Object Repository/Final Object Repo/New Registration - Registration Module Pages/Form 1/Industry Address3'

2018-12-12 18:20:54 - [TEST_STEP][PASSED] - click: Object: 'Object Repository/Final Object Repo/New Registration - Registration Module Pages/Form 1/Industry State' is clicked on

2018-12-12 18:20:55 - [MESSAGE][PASSED] - Object: 'Object Repository/Final Object Repo/New Registration - Registration Module Pages/Form 1/Industry State' is clicked on

2018-12-12 18:20:55 - [TEST_STEP][PASSED] - delay: Delayed 2 second(s)

2018-12-12 18:20:57 - [MESSAGE][PASSED] - Delayed 2 second(s)

2018-12-12 18:20:57 - [TEST_STEP][PASSED] - click: Object: 'Object Repository/Final Object Repo/New Registration - Registration Module Pages/Form 1/Industry State - Johor' is clicked on

2018-12-12 18:20:57 - [MESSAGE][PASSED] - Object: 'Object Repository/Final Object Repo/New Registration - Registration Module Pages/Form 1/Industry State - Johor' is clicked on

2018-12-12 18:20:57 - [TEST_STEP][PASSED] - delay: Delayed 2 second(s)

2018-12-12 18:20:59 - [MESSAGE][PASSED] - Delayed 2 second(s)

2018-12-12 18:20:59 - [TEST_STEP][PASSED] - click: Object: 'Object Repository/Final Object Repo/New Registration - Registration Module Pages/Form 1/Industry Ciry' is clicked on

2018-12-12 18:20:59 - [MESSAGE][PASSED] - Object: 'Object Repository/Final Object Repo/New Registration - Registration Module Pages/Form 1/Industry Ciry' is clicked on

2018-12-12 18:20:59 - [TEST_STEP][PASSED] - setText: Text 'joh' is set on object 'Object Repository/Final Object Repo/New Registration - Registration Module Pages/Form 1/Industry Ciry - joh'

2018-12-12 18:20:59 - [MESSAGE][PASSED] - Text 'joh' is set on object 'Object Repository/Final Object Repo/New Registration - Registration Module Pages/Form 1/Industry Ciry - joh'

2018-12-12 18:20:59 - [TEST_STEP][PASSED] - delay: Delayed 2 second(s)

2018-12-12 18:21:01 - [MESSAGE][PASSED] - Delayed 2 second(s)

2018-12-12 18:21:01 - [TEST_STEP][PASSED] - click: Object: 'Object Repository/Final Object Repo/New Registration - Registration Module Pages/Form 1/Industy State - Johor Bharu' is clicked on

2018-12-12 18:21:02 - [MESSAGE][PASSED] - Object: 'Object Repository/Final Object Repo/New Registration - Registration Module Pages/Form 1/Industy State - Johor Bharu' is clicked on

2018-12-12 18:21:02 - [TEST_STEP][PASSED] - delay: Delayed 1 second(s)

2018-12-12 18:21:03 - [MESSAGE][PASSED] - Delayed 1 second(s)

2018-12-12 18:21:03 - [TEST_STEP][PASSED] - click: Object: 'Object Repository/Final Object Repo/New Registration - Registration Module Pages/Form 1/Indusry PostCode' is clicked on

2018-12-12 18:21:03 - [MESSAGE][PASSED] - Object: 'Object Repository/Final Object Repo/New Registration - Registration Module Pages/Form 1/Indusry PostCode' is clicked on

2018-12-12 18:21:03 - [TEST_STEP][PASSED] - delay: Delayed 1 second(s)

2018-12-12 18:21:04 - [MESSAGE][PASSED] - Delayed 1 second(s)

2018-12-12 18:21:04 - [TEST_STEP][PASSED] - setText: Text '810' is set on object 'Object Repository/Final Object Repo/New Registration - Registration Module Pages/Form 1/Insutry Post Code - 810'

2018-12-12 18:21:04 - [MESSAGE][PASSED] - Text '810' is set on object 'Object Repository/Final Object Repo/New Registration - Registration Module Pages/Form 1/Insutry Post Code - 810'

2018-12-12 18:21:04 - [TEST_STEP][PASSED] - delay: Delayed 1 second(s)

2018-12-12 18:21:05 - [MESSAGE][PASSED] - Delayed 1 second(s)

2018-12-12 18:21:05 - [TEST_STEP][PASSED] - click: Object: 'Object Repository/Final Object Repo/New Registration - Registration Module Pages/Form 1/Insutry Post Code - 81000' is clicked on

2018-12-12 18:21:05 - [MESSAGE][PASSED] - Object: 'Object Repository/Final Object Repo/New Registration - Registration Module Pages/Form 1/Insutry Post Code - 81000' is clicked on

2018-12-12 18:21:05 - [TEST_STEP][PASSED] - delay: Delayed 1 second(s)

2018-12-12 18:21:06 - [MESSAGE][PASSED] - Delayed 1 second(s)

2018-12-12 18:21:06 - [TEST_STEP][PASSED] - setText: Text '100' is set on object 'Object Repository/Final Object Repo/New Registration - Registration Module Pages/Form 1/Industry P.O.BOX'

2018-12-12 18:21:06 - [MESSAGE][PASSED] - Text '100' is set on object 'Object Repository/Final Object Repo/New Registration - Registration Module Pages/Form 1/Industry P.O.BOX'

2018-12-12 18:21:06 - [TEST_STEP][PASSED] - setText: Text '100' is set on object 'Object Repository/Final Object Repo/New Registration - Registration Module Pages/Form 1/Industry Locked Bag No'

2018-12-12 18:21:07 - [MESSAGE][PASSED] - Text '100' is set on object 'Object Repository/Final Object Repo/New Registration - Registration Module Pages/Form 1/Industry Locked Bag No'

2018-12-12 18:21:07 - [TEST_STEP][PASSED] - setText: Text '123456789' is set on object 'Object Repository/Final Object Repo/New Registration - Registration Module Pages/Form 1/Telephone No'

2018-12-12 18:21:07 - [MESSAGE][PASSED] - Text '123456789' is set on object 'Object Repository/Final Object Repo/New Registration - Registration Module Pages/Form 1/Telephone No'

2018-12-12 18:21:07 - [TEST_STEP][PASSED] - setText: Text '123456789' is set on object 'Object Repository/Final Object Repo/New Registration - Registration Module Pages/Form 1/Mobile No'

2018-12-12 18:21:07 - [MESSAGE][PASSED] - Text '123456789' is set on object 'Object Repository/Final Object Repo/New Registration - Registration Module Pages/Form 1/Mobile No'

2018-12-12 18:21:07 - [TEST_STEP][PASSED] - setText: Text '123456789' is set on object 'Object Repository/Final Object Repo/New Registration - Registration Module Pages/Form 1/Fax No'

2018-12-12 18:21:08 - [MESSAGE][PASSED] - Text '123456789' is set on object 'Object Repository/Final Object Repo/New Registration - Registration Module Pages/Form 1/Fax No'

2018-12-12 18:21:08 - [TEST_STEP][PASSED] - click: Object: 'Object Repository/Final Object Repo/New Registration - Registration Module Pages/Form 1/Industry Code' is clicked on

2018-12-12 18:21:08 - [MESSAGE][PASSED] - Object: 'Object Repository/Final Object Repo/New Registration - Registration Module Pages/Form 1/Industry Code' is clicked on

2018-12-12 18:21:08 - [TEST_STEP][PASSED] - click: Object: 'Object Repository/Final Object Repo/New Registration - Registration Module Pages/Form 1/Indudustry Code - Crops and Animal' is clicked on

2018-12-12 18:21:08 - [MESSAGE][PASSED] - Object: 'Object Repository/Final Object Repo/New Registration - Registration Module Pages/Form 1/Indudustry Code - Crops and Animal' is clicked on

2018-12-12 18:21:08 - [TEST_STEP][PASSED] - delay: Delayed 1 second(s)

2018-12-12 18:21:09 - [MESSAGE][PASSED] - Delayed 1 second(s)

2018-12-12 18:21:09 - [TEST_STEP][PASSED] - click: Object: 'Object Repository/Final Object Repo/New Registration - Registration Module Pages/Form 1/Sub Industry Code List' is clicked on

2018-12-12 18:21:10 - [MESSAGE][PASSED] - Object: 'Object Repository/Final Object Repo/New Registration - Registration Module Pages/Form 1/Sub Industry Code List' is clicked on

2018-12-12 18:21:10 - [TEST_STEP][PASSED] - click: Object: 'Object Repository/Final Object Repo/New Registration - Registration Module Pages/Form 1/Sub Industry Code List - Growing of Maize' is clicked on

2018-12-12 18:21:10 - [MESSAGE][PASSED] - Object: 'Object Repository/Final Object Repo/New Registration - Registration Module Pages/Form 1/Sub Industry Code List - Growing of Maize' is clicked on

2018-12-12 18:21:10 - [TEST_STEP][PASSED] - setText: Text 'perkeso123@gmail.com' is set on object 'Object Repository/Final Object Repo/New Registration - Registration Module Pages/Form 1/Email'

2018-12-12 18:21:10 - [MESSAGE][PASSED] - Text 'perkeso123@gmail.com' is set on object 'Object Repository/Final Object Repo/New Registration - Registration Module Pages/Form 1/Email'

2018-12-12 18:21:10 - [TEST_STEP][PASSED] - click: Object: 'Object Repository/Final Object Repo/New Registration - Registration Module Pages/Form 1/Method of Contribution Payment' is clicked on

2018-12-12 18:21:11 - [MESSAGE][PASSED] - Object: 'Object Repository/Final Object Repo/New Registration - Registration Module Pages/Form 1/Method of Contribution Payment' is clicked on

2018-12-12 18:21:11 - [TEST_STEP][PASSED] - click: Object: 'Object Repository/Final Object Repo/New Registration - Registration Module Pages/Form 1/Method of Contribution Payment - Portal' is clicked on

2018-12-12 18:21:11 - [MESSAGE][PASSED] - Object: 'Object Repository/Final Object Repo/New Registration - Registration Module Pages/Form 1/Method of Contribution Payment - Portal' is clicked on

2018-12-12 18:21:11 - [TEST_STEP][PASSED] - click: Object: 'Object Repository/Final Object Repo/New Registration - Registration Module Pages/Form 1/Servide Type' is clicked on

2018-12-12 18:21:11 - [MESSAGE][PASSED] - Object: 'Object Repository/Final Object Repo/New Registration - Registration Module Pages/Form 1/Servide Type' is clicked on

2018-12-12 18:21:11 - [TEST_STEP][PASSED] - click: Object: 'Object Repository/Final Object Repo/New Registration - Registration Module Pages/Form 1/Servide Type - Professional Bodies' is clicked on

2018-12-12 18:21:11 - [MESSAGE][PASSED] - Object: 'Object Repository/Final Object Repo/New Registration - Registration Module Pages/Form 1/Servide Type - Professional Bodies' is clicked on

2018-12-12 18:21:11 - [TEST_STEP][PASSED] - click: Object: 'Object Repository/Final Object Repo/New Registration - Registration Module Pages/Form 1/Industry Venue' is clicked on

2018-12-12 18:21:11 - [MESSAGE][PASSED] - Object: 'Object Repository/Final Object Repo/New Registration - Registration Module Pages/Form 1/Industry Venue' is clicked on

2018-12-12 18:21:11 - [TEST_STEP][PASSED] - click: Object: 'Object Repository/Final Object Repo/New Registration - Registration Module Pages/Form 1/Industry Venue -  PPN JOHOR' is clicked on

2018-12-12 18:21:12 - [MESSAGE][PASSED] - Object: 'Object Repository/Final Object Repo/New Registration - Registration Module Pages/Form 1/Industry Venue -  PPN JOHOR' is clicked on

2018-12-12 18:21:12 - [TEST_STEP][PASSED] - click: Object: 'Object Repository/Final Object Repo/New Registration - Registration Module Pages/Form 1/Save  Continue' is clicked on

2018-12-12 18:21:12 - [MESSAGE][PASSED] - Object: 'Object Repository/Final Object Repo/New Registration - Registration Module Pages/Form 1/Save  Continue' is clicked on

2018-12-12 18:21:12 - [MESSAGE][PASSED] - Call Test Case 'Test Cases/Final Aug 2018 - PKS Automation/Registration Module/New Registration/Form 1/Form 1 - Corporation - BHD' successfully

2018-12-12 18:21:12 - [TEST_STEP][PASSED] - callTestCase: Call Test Case 'Test Cases/Final Aug 2018 - PKS Automation/Registration Module/New Registration/Form 2/Add 1 Eligible - Incomplete' successfully

2018-12-12 18:21:12 - [TEST_CASE][PASSED] - Test Cases/Final Aug 2018 - PKS Automation/Registration Module/New Registration/Form 2/Add 1 Eligible - Incomplete: Test Cases/Final Aug 2018 - PKS Automation/Registration Module/New Registration/Form 2/Add 1 Eligible - Incomplete

2018-12-12 18:21:12 - [TEST_STEP][PASSED] - delay: Delayed 2 second(s)

2018-12-12 18:21:14 - [MESSAGE][PASSED] - Delayed 2 second(s)

2018-12-12 18:21:14 - [TEST_STEP][PASSED] - callTestCase: Call Test Case 'Test Cases/Final Aug 2018 - PKS Automation/Registration Module/New Registration/Form 2/Date Updater' successfully

2018-12-12 18:21:14 - [TEST_CASE][PASSED] - Test Cases/Final Aug 2018 - PKS Automation/Registration Module/New Registration/Form 2/Date Updater: Test Cases/Final Aug 2018 - PKS Automation/Registration Module/New Registration/Form 2/Date Updater

2018-12-12 18:21:15 - [TEST_STEP][PASSED] - Statement - TodayDate = new java.util.Date(): null

2018-12-12 18:21:15 - [TEST_STEP][PASSED] - Statement - CurrentDateNoFilter = new java.text.SimpleDateFormat(): null

2018-12-12 18:21:15 - [TEST_STEP][PASSED] - Statement - CurrentDateNoFilter.applyPattern("MM"): null

2018-12-12 18:21:15 - [TEST_STEP][PASSED] - Statement - monthContainerMatcher = java.lang.Integer.parseInt(CurrentDateNoFilter.format(TodayDate)): null

2018-12-12 18:21:15 - [TEST_STEP][PASSED] - Statement - monthContainerMatcher = monthContainerMatcher - 1: null

2018-12-12 18:21:15 - [TEST_STEP][PASSED] - Statement - CurrentMonth = monthContainerMatcher.toString(): null

2018-12-12 18:21:15 - [TEST_STEP][PASSED] - Statement - CurrentMonth = CurrentMonth: null

2018-12-12 18:21:15 - [TEST_STEP][PASSED] - Statement - CurrentDateNoFilter.applyPattern("yyyy"): null

2018-12-12 18:21:15 - [TEST_STEP][PASSED] - Statement - CurrentYear = CurrentDateNoFilter.format(TodayDate): null

2018-12-12 18:21:15 - [TEST_STEP][PASSED] - Statement - CurrentYear = CurrentYear: null

2018-12-12 18:21:15 - [TEST_STEP][PASSED] - Statement - intCurrentYear = java.lang.Integer.parseInt(CurrentDateNoFilter.format(TodayDate)): null

2018-12-12 18:21:15 - [TEST_STEP][PASSED] - Statement - eighteenYrsAgo = intCurrentYear - 18: null

2018-12-12 18:21:15 - [TEST_STEP][PASSED] - Statement - eighteenYrsBeforeThisYr = eighteenYrsAgo.toString(): null

2018-12-12 18:21:15 - [TEST_STEP][PASSED] - Statement - EighteenYrsBefore = eighteenYrsBeforeThisYr: null

2018-12-12 18:21:15 - [TEST_STEP][PASSED] - Statement - fiftysevenYrsAgo = intCurrentYear - 57: null

2018-12-12 18:21:15 - [TEST_STEP][PASSED] - Statement - fiftysevenYrsBeforeThisYr = fiftysevenYrsAgo.toString(): null

2018-12-12 18:21:15 - [TEST_STEP][PASSED] - Statement - FiftysevenYrsBefore = fiftysevenYrsBeforeThisYr: null

2018-12-12 18:21:15 - [TEST_STEP][PASSED] - Statement - leapYear = false: null

2018-12-12 18:21:15 - [TEST_STEP][PASSED] - Statement - leapYear = intCurrentYear % 4 == 0: null

2018-12-12 18:21:15 - [TEST_STEP][PASSED] - Statement - CurrentDateNoFilter.applyPattern("dd"): null

2018-12-12 18:21:15 - [TEST_STEP][PASSED] - Statement - CurrentDate = CurrentDateNoFilter.format(TodayDate): null

2018-12-12 18:21:15 - [TEST_STEP][PASSED] - Statement - CurrentDate = java.lang.Integer.parseInt(CurrentDate): null

2018-12-12 18:21:15 - [TEST_STEP][PASSED] - Statement - CurrentDate = CurrentDate: null

2018-12-12 18:21:15 - [TEST_STEP][PASSED] - Statement - CurrentDay = java.lang.Integer.parseInt(CurrentDate): null

2018-12-12 18:21:15 - [TEST_STEP][PASSED] - Statement - ConfAdder = <not implemented yet for class: org.codehaus.groovy.ast.expr.EmptyExpression>: null

2018-12-12 18:21:15 - [TEST_STEP][PASSED] - Statement - out.println(CurrentMonth): null

2018-12-12 18:21:15 - [TEST_STEP][PASSED] - Statement - out.println(CurrentDate): null

2018-12-12 18:21:15 - [TEST_STEP][PASSED] - Statement - switch (CurrentDate): null

2018-12-12 18:21:15 - [TEST_STEP][PASSED] - Statement - Default: null

2018-12-12 18:21:15 - [TEST_STEP][PASSED] - Statement - ConfAdder = true: null

2018-12-12 18:21:15 - [TEST_STEP][PASSED] - Statement - Break: null

2018-12-12 18:21:15 - [TEST_STEP][PASSED] - Statement - aDayBefore = <not implemented yet for class: org.codehaus.groovy.ast.expr.EmptyExpression>: null

2018-12-12 18:21:15 - [TEST_STEP][PASSED] - Statement - out.println(ConfAdder): null

2018-12-12 18:21:15 - [TEST_STEP][PASSED] - Statement - If (ConfAdder == true): null

2018-12-12 18:21:15 - [TEST_STEP][PASSED] - Statement - aDayBefore = CurrentDay + 1: null

2018-12-12 18:21:15 - [TEST_STEP][PASSED] - Statement - out.println(aDayBefore): null

2018-12-12 18:21:15 - [TEST_STEP][PASSED] - Statement - If (aDayBefore == 1 && CurrentMonth == 11): null

2018-12-12 18:21:15 - [TEST_STEP][PASSED] - Statement - DayBefore = aDayBefore.toString(): null

2018-12-12 18:21:15 - [TEST_STEP][PASSED] - Statement - OneDayBefore = DayBefore: null

2018-12-12 18:21:15 - [MESSAGE][PASSED] - Call Test Case 'Test Cases/Final Aug 2018 - PKS Automation/Registration Module/New Registration/Form 2/Date Updater' successfully

2018-12-12 18:21:15 - [TEST_STEP][PASSED] - Statement - CaseReferenceNo = com.kms.katalon.core.webui.keyword.WebUiBuiltInKeywords.getText(com.kms.katalon.core.testobject.ObjectRepository.findTestObject(Final Object Repo/New Registration - Registration Module Pages/Form 2/RefNo Acquiring)): Text of object 'Object Repository/Final Object Repo/New Registration - Registration Module Pages/Form 2/RefNo Acquiring' is: 'CRN12201800123225'

2018-12-12 18:21:15 - [MESSAGE][PASSED] - Text of object 'Object Repository/Final Object Repo/New Registration - Registration Module Pages/Form 2/RefNo Acquiring' is: 'CRN12201800123225'

2018-12-12 18:21:15 - [TEST_STEP][PASSED] - delay: Delayed 4 second(s)

2018-12-12 18:21:19 - [MESSAGE][PASSED] - Delayed 4 second(s)

2018-12-12 18:21:19 - [TEST_STEP][PASSED] - click: Object: 'Object Repository/Final Object Repo/New Registration - Registration Module Pages/Form 2/Add Employee Button' is clicked on

2018-12-12 18:21:19 - [MESSAGE][PASSED] - Object: 'Object Repository/Final Object Repo/New Registration - Registration Module Pages/Form 2/Add Employee Button' is clicked on

2018-12-12 18:21:19 - [TEST_STEP][PASSED] - delay: Delayed 1 second(s)

2018-12-12 18:21:20 - [MESSAGE][PASSED] - Delayed 1 second(s)

2018-12-12 18:21:20 - [TEST_STEP][PASSED] - setText: Text '010903091984' is set on object 'Object Repository/Final Object Repo/New Registration - Registration Module Pages/Form 2/NRIC Input'

2018-12-12 18:21:20 - [MESSAGE][PASSED] - Text '010903091984' is set on object 'Object Repository/Final Object Repo/New Registration - Registration Module Pages/Form 2/NRIC Input'

2018-12-12 18:21:20 - [TEST_STEP][PASSED] - click: Object: 'Object Repository/Final Object Repo/New Registration - Registration Module Pages/Form 2/button for search for IC' is clicked on

2018-12-12 18:21:20 - [MESSAGE][PASSED] - Object: 'Object Repository/Final Object Repo/New Registration - Registration Module Pages/Form 2/button for search for IC' is clicked on

2018-12-12 18:21:20 - [TEST_STEP][PASSED] - delay: Delayed 2 second(s)

2018-12-12 18:21:22 - [MESSAGE][PASSED] - Delayed 2 second(s)

2018-12-12 18:21:22 - [TEST_STEP][PASSED] - setText: Text 'Automate001 eligible 1' is set on object 'Object Repository/Final Object Repo/New Registration - Registration Module Pages/Form 2/Employee Name Input'

2018-12-12 18:21:23 - [MESSAGE][PASSED] - Text 'Automate001 eligible 1' is set on object 'Object Repository/Final Object Repo/New Registration - Registration Module Pages/Form 2/Employee Name Input'

2018-12-12 18:21:23 - [TEST_STEP][PASSED] - delay: Delayed 2 second(s)

2018-12-12 18:21:25 - [MESSAGE][PASSED] - Delayed 2 second(s)

2018-12-12 18:21:25 - [TEST_STEP][PASSED] - click: Object: 'Object Repository/Final Object Repo/New Registration - Registration Module Pages/Form 2/DatePicker Pop Up' is clicked on

2018-12-12 18:21:25 - [MESSAGE][PASSED] - Object: 'Object Repository/Final Object Repo/New Registration - Registration Module Pages/Form 2/DatePicker Pop Up' is clicked on

2018-12-12 18:21:25 - [TEST_STEP][PASSED] - click: Object: 'Object Repository/Final Object Repo/New Registration - Registration Module Pages/Form 2/DOB Month' is clicked on

2018-12-12 18:21:25 - [MESSAGE][PASSED] - Object: 'Object Repository/Final Object Repo/New Registration - Registration Module Pages/Form 2/DOB Month' is clicked on

2018-12-12 18:21:25 - [TEST_STEP][PASSED] - Statement - CurrentMonth = CurrentMonth: null

2018-12-12 18:21:25 - [TEST_STEP][PASSED] - Statement - selectMonth = new com.kms.katalon.core.testobject.TestObject(): null

2018-12-12 18:21:25 - [TEST_STEP][PASSED] - Statement - selectMonth.addProperty("xpath", EQUALS, "//body/div/div/div/select/option[@value='" + CurrentMonth + "']", true): null

2018-12-12 18:21:25 - [TEST_STEP][PASSED] - click: Object: '' is clicked on

2018-12-12 18:21:25 - [MESSAGE][PASSED] - Object: '' is clicked on

2018-12-12 18:21:25 - [TEST_STEP][PASSED] - click: Object: 'Object Repository/Final Object Repo/New Registration - Registration Module Pages/Form 2/DOB Year' is clicked on

2018-12-12 18:21:26 - [MESSAGE][PASSED] - Object: 'Object Repository/Final Object Repo/New Registration - Registration Module Pages/Form 2/DOB Year' is clicked on

2018-12-12 18:21:26 - [TEST_STEP][PASSED] - Statement - Eyearsbf = EighteenYrsBefore: null

2018-12-12 18:21:26 - [TEST_STEP][PASSED] - Statement - selectYear = new com.kms.katalon.core.testobject.TestObject(): null

2018-12-12 18:21:26 - [TEST_STEP][PASSED] - Statement - selectYear.addProperty("xpath", EQUALS, "//div/div/div/select/option[@value='" + Eyearsbf + "']", true): null

2018-12-12 18:21:26 - [TEST_STEP][PASSED] - click: Object: '' is clicked on

2018-12-12 18:21:26 - [MESSAGE][PASSED] - Object: '' is clicked on

2018-12-12 18:21:26 - [TEST_STEP][PASSED] - Statement - UpdatedSelectDate = com.kms.katalon.core.webui.keyword.WebUiBuiltInKeywords.modifyObjectProperty(com.kms.katalon.core.testobject.ObjectRepository.findTestObject(Final Object Repo/New Registration - Registration Module Pages/Form 2/DOB Date), "xpath", "equals", "//body/div/table/tbody/tr/td/a[text()="" + CurrentDate + ""]", true): Modify property of object successfully

2018-12-12 18:21:26 - [MESSAGE][PASSED] - Modify property of object successfully

2018-12-12 18:21:26 - [TEST_STEP][PASSED] - delay: Delayed 3 second(s)

2018-12-12 18:21:29 - [MESSAGE][PASSED] - Delayed 3 second(s)

2018-12-12 18:21:29 - [TEST_STEP][PASSED] - click: Object: 'Object Repository/Final Object Repo/New Registration - Registration Module Pages/Form 2/DOB Date' is clicked on

2018-12-12 18:21:29 - [MESSAGE][PASSED] - Object: 'Object Repository/Final Object Repo/New Registration - Registration Module Pages/Form 2/DOB Date' is clicked on

2018-12-12 18:21:29 - [TEST_STEP][PASSED] - delay: Delayed 2 second(s)

2018-12-12 18:21:31 - [MESSAGE][PASSED] - Delayed 2 second(s)

2018-12-12 18:21:31 - [TEST_STEP][PASSED] - click: Object: 'Object Repository/Final Object Repo/New Registration - Registration Module Pages/Form 2/EmploymentStartDate Pop Up' is clicked on

2018-12-12 18:21:31 - [MESSAGE][PASSED] - Object: 'Object Repository/Final Object Repo/New Registration - Registration Module Pages/Form 2/EmploymentStartDate Pop Up' is clicked on

2018-12-12 18:21:31 - [TEST_STEP][PASSED] - delay: Delayed 2 second(s)

2018-12-12 18:21:33 - [MESSAGE][PASSED] - Delayed 2 second(s)

2018-12-12 18:21:33 - [TEST_STEP][PASSED] - click: Object: 'Object Repository/Final Object Repo/New Registration - Registration Module Pages/Form 2/Socso Employment StartDate Month' is clicked on

2018-12-12 18:21:33 - [MESSAGE][PASSED] - Object: 'Object Repository/Final Object Repo/New Registration - Registration Module Pages/Form 2/Socso Employment StartDate Month' is clicked on

2018-12-12 18:21:33 - [TEST_STEP][PASSED] - delay: Delayed 1 second(s)

2018-12-12 18:21:34 - [MESSAGE][PASSED] - Delayed 1 second(s)

2018-12-12 18:21:34 - [TEST_STEP][PASSED] - click: Object: 'Object Repository/Final Object Repo/New Registration - Registration Module Pages/Form 2/Select Socso Employement Startdate Month' is clicked on

2018-12-12 18:21:34 - [MESSAGE][PASSED] - Object: 'Object Repository/Final Object Repo/New Registration - Registration Module Pages/Form 2/Select Socso Employement Startdate Month' is clicked on

2018-12-12 18:21:35 - [TEST_STEP][PASSED] - delay: Delayed 2 second(s)

2018-12-12 18:21:37 - [MESSAGE][PASSED] - Delayed 2 second(s)

2018-12-12 18:21:37 - [TEST_STEP][PASSED] - click: Object: 'Object Repository/Final Object Repo/New Registration - Registration Module Pages/Form 2/Socso Employment StartDate Year' is clicked on

2018-12-12 18:21:37 - [MESSAGE][PASSED] - Object: 'Object Repository/Final Object Repo/New Registration - Registration Module Pages/Form 2/Socso Employment StartDate Year' is clicked on

2018-12-12 18:21:37 - [TEST_STEP][PASSED] - delay: Delayed 1 second(s)

2018-12-12 18:21:38 - [MESSAGE][PASSED] - Delayed 1 second(s)

2018-12-12 18:21:38 - [TEST_STEP][PASSED] - click: Object: 'Object Repository/Final Object Repo/New Registration - Registration Module Pages/Form 2/Select Socso Employment Startdate Year' is clicked on

2018-12-12 18:21:38 - [MESSAGE][PASSED] - Object: 'Object Repository/Final Object Repo/New Registration - Registration Module Pages/Form 2/Select Socso Employment Startdate Year' is clicked on

2018-12-12 18:21:38 - [TEST_STEP][PASSED] - delay: Delayed 2 second(s)

2018-12-12 18:21:40 - [MESSAGE][PASSED] - Delayed 2 second(s)

2018-12-12 18:21:40 - [TEST_STEP][PASSED] - click: Object: 'Object Repository/Final Object Repo/New Registration - Registration Module Pages/Form 2/Socso Employment Start Date Day' is clicked on

2018-12-12 18:21:40 - [MESSAGE][PASSED] - Object: 'Object Repository/Final Object Repo/New Registration - Registration Module Pages/Form 2/Socso Employment Start Date Day' is clicked on

2018-12-12 18:21:40 - [TEST_STEP][PASSED] - delay: Delayed 2 second(s)

2018-12-12 18:21:42 - [MESSAGE][PASSED] - Delayed 2 second(s)

2018-12-12 18:21:42 - [TEST_STEP][PASSED] - click: Object: 'Object Repository/Final Object Repo/New Registration - Registration Module Pages/Form 2/Save Button for Add Employee' is clicked on

2018-12-12 18:21:42 - [MESSAGE][PASSED] - Object: 'Object Repository/Final Object Repo/New Registration - Registration Module Pages/Form 2/Save Button for Add Employee' is clicked on

2018-12-12 18:21:42 - [TEST_STEP][PASSED] - delay: Delayed 6 second(s)

2018-12-12 18:21:48 - [MESSAGE][PASSED] - Delayed 6 second(s)

2018-12-12 18:21:48 - [TEST_STEP][PASSED] - click: Object: 'Object Repository/Final Object Repo/New Registration - Registration Module Pages/Form 2/Incomplete Checkbox' is clicked on

2018-12-12 18:21:48 - [MESSAGE][PASSED] - Object: 'Object Repository/Final Object Repo/New Registration - Registration Module Pages/Form 2/Incomplete Checkbox' is clicked on

2018-12-12 18:21:48 - [TEST_STEP][PASSED] - delay: Delayed 2 second(s)

2018-12-12 18:21:50 - [MESSAGE][PASSED] - Delayed 2 second(s)

2018-12-12 18:21:50 - [TEST_STEP][PASSED] - click: Object: 'Object Repository/Final Object Repo/New Registration - Registration Module Pages/Form 2/Save and Continue Form 2' is clicked on

2018-12-12 18:21:51 - [MESSAGE][PASSED] - Object: 'Object Repository/Final Object Repo/New Registration - Registration Module Pages/Form 2/Save and Continue Form 2' is clicked on

2018-12-12 18:21:51 - [MESSAGE][PASSED] - Call Test Case 'Test Cases/Final Aug 2018 - PKS Automation/Registration Module/New Registration/Form 2/Add 1 Eligible - Incomplete' successfully

2018-12-12 18:21:51 - [TEST_STEP][PASSED] - callTestCase: Call Test Case 'Test Cases/Final Aug 2018 - PKS Automation/Registration Module/New Registration/Flow of New Registration/Third Screen - Upload Supporting Doc - Preview' successfully

2018-12-12 18:21:51 - [TEST_CASE][PASSED] - Test Cases/Final Aug 2018 - PKS Automation/Registration Module/New Registration/Flow of New Registration/Third Screen - Upload Supporting Doc - Preview: Test Cases/Final Aug 2018 - PKS Automation/Registration Module/New Registration/Flow of New Registration/Third Screen - Upload Supporting Doc - Preview

2018-12-12 18:21:51 - [TEST_STEP][PASSED] - waitForPageLoad: Wait for page load successfully

2018-12-12 18:21:51 - [MESSAGE][PASSED] - Wait for page load successfully

2018-12-12 18:21:51 - [TEST_STEP][PASSED] - Statement - CaseReferenceNo = com.kms.katalon.core.webui.keyword.WebUiBuiltInKeywords.getText(com.kms.katalon.core.testobject.ObjectRepository.findTestObject(Final Object Repo/New Registration - Registration Module Pages/Third Screen - Upload Supporting Doc- Preview/RefNo Acquiring)): Text of object 'Object Repository/Final Object Repo/New Registration - Registration Module Pages/Third Screen - Upload Supporting Doc- Preview/RefNo Acquiring' is: 'CRN12201800123225'

2018-12-12 18:21:52 - [MESSAGE][PASSED] - Text of object 'Object Repository/Final Object Repo/New Registration - Registration Module Pages/Third Screen - Upload Supporting Doc- Preview/RefNo Acquiring' is: 'CRN12201800123225'

2018-12-12 18:21:52 - [TEST_STEP][PASSED] - delay: Delayed 2 second(s)

2018-12-12 18:21:54 - [MESSAGE][PASSED] - Delayed 2 second(s)

2018-12-12 18:21:54 - [TEST_STEP][PASSED] - callTestCase: Call Test Case 'Test Cases/Final Aug 2018 - PKS Automation/Common/Reference Number Setter' successfully

2018-12-12 18:21:54 - [TEST_CASE][PASSED] - Test Cases/Final Aug 2018 - PKS Automation/Common/Reference Number Setter: Test Cases/Final Aug 2018 - PKS Automation/Common/Reference Number Setter

2018-12-12 18:21:54 - [TEST_STEP][PASSED] - Statement - RefNoOldFile = new java.io.File(C://Users//Admin//Desktop//PKS//Automation Reference Point//KatalonReference.txt): null

2018-12-12 18:21:54 - [TEST_STEP][PASSED] - Statement - RefNoOldFile.delete(): null

2018-12-12 18:21:54 - [TEST_STEP][PASSED] - delay: Delayed 5 second(s)

2018-12-12 18:21:59 - [MESSAGE][PASSED] - Delayed 5 second(s)

2018-12-12 18:21:59 - [TEST_STEP][PASSED] - Statement - RefNo = new java.io.File(C://Users//Admin//Desktop//PKS//Automation Reference Point//KatalonReference.txt): null

2018-12-12 18:21:59 - [TEST_STEP][PASSED] - Statement - f2 = new java.io.FileWriter(RefNo, false): null

2018-12-12 18:21:59 - [TEST_STEP][PASSED] - Statement - f2.write(CaseReferenceNo): null

2018-12-12 18:21:59 - [TEST_STEP][PASSED] - Statement - f2.close(): null

2018-12-12 18:21:59 - [TEST_STEP][PASSED] - Statement - out.println("


" + CaseReferenceNo + "


"): null

2018-12-12 18:21:59 - [MESSAGE][PASSED] - Call Test Case 'Test Cases/Final Aug 2018 - PKS Automation/Common/Reference Number Setter' successfully

2018-12-12 18:21:59 - [TEST_STEP][PASSED] - waitForElementClickable: Object 'Object Repository/Final Object Repo/New Registration - Registration Module Pages/Third Screen - Upload Supporting Doc- Preview/Save n Continue in SIP Employee Listing Page' is clickable

2018-12-12 18:21:59 - [MESSAGE][PASSED] - Object 'Object Repository/Final Object Repo/New Registration - Registration Module Pages/Third Screen - Upload Supporting Doc- Preview/Save n Continue in SIP Employee Listing Page' is clickable

2018-12-12 18:21:59 - [TEST_STEP][PASSED] - click: Object: 'Object Repository/Final Object Repo/New Registration - Registration Module Pages/Third Screen - Upload Supporting Doc- Preview/Save n Continue in SIP Employee Listing Page' is clicked on

2018-12-12 18:22:04 - [MESSAGE][PASSED] - Object: 'Object Repository/Final Object Repo/New Registration - Registration Module Pages/Third Screen - Upload Supporting Doc- Preview/Save n Continue in SIP Employee Listing Page' is clicked on

2018-12-12 18:22:04 - [TEST_STEP][PASSED] - delay: Delayed 7 second(s)

2018-12-12 18:22:11 - [MESSAGE][PASSED] - Delayed 7 second(s)

2018-12-12 18:22:11 - [TEST_STEP][PASSED] - click: Object: 'Object Repository/Final Object Repo/New Registration - Registration Module Pages/Third Screen - Upload Supporting Doc- Preview/Add Document Button' is clicked on

2018-12-12 18:22:11 - [MESSAGE][PASSED] - Object: 'Object Repository/Final Object Repo/New Registration - Registration Module Pages/Third Screen - Upload Supporting Doc- Preview/Add Document Button' is clicked on

2018-12-12 18:22:11 - [TEST_STEP][PASSED] - delay: Delayed 30 second(s)

2018-12-12 18:22:41 - [MESSAGE][PASSED] - Delayed 30 second(s)

2018-12-12 18:22:41 - [TEST_STEP][PASSED] - click: Object: 'Object Repository/Final Object Repo/New Registration - Registration Module Pages/Third Screen - Upload Supporting Doc- Preview/Supporting Doc Please Select Drop Down' is clicked on

2018-12-12 18:22:42 - [MESSAGE][PASSED] - Object: 'Object Repository/Final Object Repo/New Registration - Registration Module Pages/Third Screen - Upload Supporting Doc- Preview/Supporting Doc Please Select Drop Down' is clicked on

2018-12-12 18:22:42 - [TEST_STEP][PASSED] - delay: Delayed 2 second(s)

2018-12-12 18:22:44 - [MESSAGE][PASSED] - Delayed 2 second(s)

2018-12-12 18:22:44 - [TEST_STEP][PASSED] - click: Object: 'Object Repository/Final Object Repo/New Registration - Registration Module Pages/Third Screen - Upload Supporting Doc- Preview/Select to Upload Form 1' is clicked on

2018-12-12 18:22:44 - [MESSAGE][PASSED] - Object: 'Object Repository/Final Object Repo/New Registration - Registration Module Pages/Third Screen - Upload Supporting Doc- Preview/Select to Upload Form 1' is clicked on

2018-12-12 18:22:44 - [TEST_STEP][PASSED] - delay: Delayed 2 second(s)

2018-12-12 18:22:46 - [MESSAGE][PASSED] - Delayed 2 second(s)

2018-12-12 18:22:46 - [TEST_STEP][PASSED] - uploadFile: File 'C:\Users\Public\Pictures\Sample Pictures\Koala.jpg' sent to object: 'Object Repository/Final Object Repo/New Registration - Registration Module Pages/Third Screen - Upload Supporting Doc- Preview/Upload File Adding'

2018-12-12 18:22:46 - [MESSAGE][PASSED] - File 'C:\Users\Public\Pictures\Sample Pictures\Koala.jpg' sent to object: 'Object Repository/Final Object Repo/New Registration - Registration Module Pages/Third Screen - Upload Supporting Doc- Preview/Upload File Adding'

2018-12-12 18:22:46 - [TEST_STEP][PASSED] - delay: Delayed 5 second(s)

2018-12-12 18:22:51 - [MESSAGE][PASSED] - Delayed 5 second(s)

2018-12-12 18:22:51 - [TEST_STEP][PASSED] - click: Object: 'Object Repository/Final Object Repo/New Registration - Registration Module Pages/Third Screen - Upload Supporting Doc- Preview/Inner Form Add Document Button' is clicked on

2018-12-12 18:22:51 - [MESSAGE][PASSED] - Object: 'Object Repository/Final Object Repo/New Registration - Registration Module Pages/Third Screen - Upload Supporting Doc- Preview/Inner Form Add Document Button' is clicked on

2018-12-12 18:22:51 - [TEST_STEP][PASSED] - delay: Delayed 3 second(s)

2018-12-12 18:22:54 - [MESSAGE][PASSED] - Delayed 3 second(s)

2018-12-12 18:22:54 - [TEST_STEP][PASSED] - click: Object: 'Object Repository/Final Object Repo/New Registration - Registration Module Pages/Third Screen - Upload Supporting Doc- Preview/Add Document Button' is clicked on

2018-12-12 18:22:55 - [MESSAGE][PASSED] - Object: 'Object Repository/Final Object Repo/New Registration - Registration Module Pages/Third Screen - Upload Supporting Doc- Preview/Add Document Button' is clicked on

2018-12-12 18:22:55 - [TEST_STEP][PASSED] - delay: Delayed 30 second(s)

2018-12-12 18:23:25 - [MESSAGE][PASSED] - Delayed 30 second(s)

2018-12-12 18:23:25 - [TEST_STEP][PASSED] - click: Object: 'Object Repository/Final Object Repo/New Registration - Registration Module Pages/Third Screen - Upload Supporting Doc- Preview/Supporting Doc Please Select Drop Down' is clicked on

2018-12-12 18:23:25 - [MESSAGE][PASSED] - Object: 'Object Repository/Final Object Repo/New Registration - Registration Module Pages/Third Screen - Upload Supporting Doc- Preview/Supporting Doc Please Select Drop Down' is clicked on

2018-12-12 18:23:25 - [TEST_STEP][PASSED] - delay: Delayed 4 second(s)

2018-12-12 18:23:29 - [MESSAGE][PASSED] - Delayed 4 second(s)

2018-12-12 18:23:29 - [TEST_STEP][PASSED] - click: Object: 'Object Repository/Final Object Repo/New Registration - Registration Module Pages/Third Screen - Upload Supporting Doc- Preview/Select to Upload Form 2' is clicked on

2018-12-12 18:23:30 - [MESSAGE][PASSED] - Object: 'Object Repository/Final Object Repo/New Registration - Registration Module Pages/Third Screen - Upload Supporting Doc- Preview/Select to Upload Form 2' is clicked on

2018-12-12 18:23:30 - [TEST_STEP][PASSED] - delay: Delayed 2 second(s)

2018-12-12 18:23:32 - [MESSAGE][PASSED] - Delayed 2 second(s)

2018-12-12 18:23:32 - [TEST_STEP][PASSED] - uploadFile: File 'C:\Users\Public\Pictures\Sample Pictures\Koala.jpg' sent to object: 'Object Repository/Final Object Repo/New Registration - Registration Module Pages/Third Screen - Upload Supporting Doc- Preview/Upload File Adding'

2018-12-12 18:23:32 - [MESSAGE][PASSED] - File 'C:\Users\Public\Pictures\Sample Pictures\Koala.jpg' sent to object: 'Object Repository/Final Object Repo/New Registration - Registration Module Pages/Third Screen - Upload Supporting Doc- Preview/Upload File Adding'

2018-12-12 18:23:32 - [TEST_STEP][PASSED] - click: Object: 'Object Repository/Final Object Repo/New Registration - Registration Module Pages/Third Screen - Upload Supporting Doc- Preview/Inner Form Add Document Button' is clicked on

2018-12-12 18:23:32 - [MESSAGE][PASSED] - Object: 'Object Repository/Final Object Repo/New Registration - Registration Module Pages/Third Screen - Upload Supporting Doc- Preview/Inner Form Add Document Button' is clicked on

2018-12-12 18:23:32 - [TEST_STEP][PASSED] - delay: Delayed 5 second(s)

2018-12-12 18:23:37 - [MESSAGE][PASSED] - Delayed 5 second(s)

2018-12-12 18:23:37 - [TEST_STEP][PASSED] - click: Object: 'Object Repository/Final Object Repo/New Registration - Registration Module Pages/Third Screen - Upload Supporting Doc- Preview/Add Document Button' is clicked on

2018-12-12 18:23:37 - [MESSAGE][PASSED] - Object: 'Object Repository/Final Object Repo/New Registration - Registration Module Pages/Third Screen - Upload Supporting Doc- Preview/Add Document Button' is clicked on

2018-12-12 18:23:37 - [TEST_STEP][PASSED] - delay: Delayed 30 second(s)

2018-12-12 18:24:07 - [MESSAGE][PASSED] - Delayed 30 second(s)

2018-12-12 18:24:07 - [TEST_STEP][PASSED] - click: Object: 'Object Repository/Final Object Repo/New Registration - Registration Module Pages/Third Screen - Upload Supporting Doc- Preview/Supporting Doc Please Select Drop Down' is clicked on

2018-12-12 18:24:07 - [MESSAGE][PASSED] - Object: 'Object Repository/Final Object Repo/New Registration - Registration Module Pages/Third Screen - Upload Supporting Doc- Preview/Supporting Doc Please Select Drop Down' is clicked on

2018-12-12 18:24:07 - [TEST_STEP][PASSED] - click: Object: 'Object Repository/Final Object Repo/New Registration - Registration Module Pages/Third Screen - Upload Supporting Doc- Preview/Select to Upload Borang SIP 1' is clicked on

2018-12-12 18:24:07 - [MESSAGE][PASSED] - Object: 'Object Repository/Final Object Repo/New Registration - Registration Module Pages/Third Screen - Upload Supporting Doc- Preview/Select to Upload Borang SIP 1' is clicked on

2018-12-12 18:24:07 - [TEST_STEP][PASSED] - delay: Delayed 2 second(s)

2018-12-12 18:24:09 - [MESSAGE][PASSED] - Delayed 2 second(s)

2018-12-12 18:24:09 - [TEST_STEP][PASSED] - uploadFile: File 'C:\Users\Public\Pictures\Sample Pictures\Koala.jpg' sent to object: 'Object Repository/Final Object Repo/New Registration - Registration Module Pages/Third Screen - Upload Supporting Doc- Preview/Upload File Adding'

2018-12-12 18:24:10 - [MESSAGE][PASSED] - File 'C:\Users\Public\Pictures\Sample Pictures\Koala.jpg' sent to object: 'Object Repository/Final Object Repo/New Registration - Registration Module Pages/Third Screen - Upload Supporting Doc- Preview/Upload File Adding'

2018-12-12 18:24:10 - [TEST_STEP][PASSED] - click: Object: 'Object Repository/Final Object Repo/New Registration - Registration Module Pages/Third Screen - Upload Supporting Doc- Preview/Inner Form Add Document Button' is clicked on

2018-12-12 18:24:10 - [MESSAGE][PASSED] - Object: 'Object Repository/Final Object Repo/New Registration - Registration Module Pages/Third Screen - Upload Supporting Doc- Preview/Inner Form Add Document Button' is clicked on

2018-12-12 18:24:10 - [TEST_STEP][PASSED] - delay: Delayed 5 second(s)

2018-12-12 18:24:15 - [MESSAGE][PASSED] - Delayed 5 second(s)

2018-12-12 18:24:15 - [TEST_STEP][PASSED] - click: Object: 'Object Repository/Final Object Repo/New Registration - Registration Module Pages/Third Screen - Upload Supporting Doc- Preview/Add Document Button' is clicked on

2018-12-12 18:24:15 - [MESSAGE][PASSED] - Object: 'Object Repository/Final Object Repo/New Registration - Registration Module Pages/Third Screen - Upload Supporting Doc- Preview/Add Document Button' is clicked on

2018-12-12 18:24:15 - [TEST_STEP][PASSED] - delay: Delayed 30 second(s)

2018-12-12 18:24:45 - [MESSAGE][PASSED] - Delayed 30 second(s)

2018-12-12 18:24:45 - [TEST_STEP][PASSED] - click: Object: 'Object Repository/Final Object Repo/New Registration - Registration Module Pages/Third Screen - Upload Supporting Doc- Preview/Supporting Doc Please Select Drop Down' is clicked on

2018-12-12 18:24:45 - [MESSAGE][PASSED] - Object: 'Object Repository/Final Object Repo/New Registration - Registration Module Pages/Third Screen - Upload Supporting Doc- Preview/Supporting Doc Please Select Drop Down' is clicked on

2018-12-12 18:24:45 - [TEST_STEP][PASSED] - delay: Delayed 3 second(s)

2018-12-12 18:24:48 - [MESSAGE][PASSED] - Delayed 3 second(s)

2018-12-12 18:24:48 - [TEST_STEP][PASSED] - click: Object: 'Object Repository/Final Object Repo/New Registration - Registration Module Pages/Third Screen - Upload Supporting Doc- Preview/Select to Upload Borang SIP 2' is clicked on

2018-12-12 18:24:48 - [MESSAGE][PASSED] - Object: 'Object Repository/Final Object Repo/New Registration - Registration Module Pages/Third Screen - Upload Supporting Doc- Preview/Select to Upload Borang SIP 2' is clicked on

2018-12-12 18:24:48 - [TEST_STEP][PASSED] - delay: Delayed 2 second(s)

2018-12-12 18:24:50 - [MESSAGE][PASSED] - Delayed 2 second(s)

2018-12-12 18:24:50 - [TEST_STEP][PASSED] - uploadFile: File 'C:\Users\Public\Pictures\Sample Pictures\Koala.jpg' sent to object: 'Object Repository/Final Object Repo/New Registration - Registration Module Pages/Third Screen - Upload Supporting Doc- Preview/Upload File Adding'

2018-12-12 18:24:50 - [MESSAGE][PASSED] - File 'C:\Users\Public\Pictures\Sample Pictures\Koala.jpg' sent to object: 'Object Repository/Final Object Repo/New Registration - Registration Module Pages/Third Screen - Upload Supporting Doc- Preview/Upload File Adding'

2018-12-12 18:24:50 - [TEST_STEP][PASSED] - delay: Delayed 5 second(s)

2018-12-12 18:24:55 - [MESSAGE][PASSED] - Delayed 5 second(s)

2018-12-12 18:24:55 - [TEST_STEP][PASSED] - click: Object: 'Object Repository/Final Object Repo/New Registration - Registration Module Pages/Third Screen - Upload Supporting Doc- Preview/Inner Form Add Document Button' is clicked on

2018-12-12 18:24:56 - [MESSAGE][PASSED] - Object: 'Object Repository/Final Object Repo/New Registration - Registration Module Pages/Third Screen - Upload Supporting Doc- Preview/Inner Form Add Document Button' is clicked on

2018-12-12 18:24:56 - [TEST_STEP][PASSED] - delay: Delayed 3 second(s)

2018-12-12 18:24:59 - [MESSAGE][PASSED] - Delayed 3 second(s)

2018-12-12 18:24:59 - [TEST_STEP][PASSED] - waitForElementClickable: Object 'Object Repository/Final Object Repo/New Registration - Registration Module Pages/Third Screen - Upload Supporting Doc- Preview/Save n Continue in Uploading Supporting Doc Page' is clickable

2018-12-12 18:25:00 - [MESSAGE][PASSED] - Object 'Object Repository/Final Object Repo/New Registration - Registration Module Pages/Third Screen - Upload Supporting Doc- Preview/Save n Continue in Uploading Supporting Doc Page' is clickable

2018-12-12 18:25:00 - [TEST_STEP][PASSED] - click: Object: 'Object Repository/Final Object Repo/New Registration - Registration Module Pages/Third Screen - Upload Supporting Doc- Preview/Save n Continue in Uploading Supporting Doc Page' is clicked on

2018-12-12 18:25:00 - [MESSAGE][PASSED] - Object: 'Object Repository/Final Object Repo/New Registration - Registration Module Pages/Third Screen - Upload Supporting Doc- Preview/Save n Continue in Uploading Supporting Doc Page' is clicked on

2018-12-12 18:25:00 - [MESSAGE][PASSED] - Call Test Case 'Test Cases/Final Aug 2018 - PKS Automation/Registration Module/New Registration/Flow of New Registration/Third Screen - Upload Supporting Doc - Preview' successfully

2018-12-12 18:25:00 - [TEST_STEP][PASSED] - callTestCase: Call Test Case 'Test Cases/Final Aug 2018 - PKS Automation/Registration Module/New Registration/Submit and Screenshot/Submit Registration and Screenshot' successfully

2018-12-12 18:25:00 - [TEST_CASE][PASSED] - Test Cases/Final Aug 2018 - PKS Automation/Registration Module/New Registration/Submit and Screenshot/Submit Registration and Screenshot: Test Cases/Final Aug 2018 - PKS Automation/Registration Module/New Registration/Submit and Screenshot/Submit Registration and Screenshot

2018-12-12 18:25:00 - [TEST_STEP][PASSED] - delay: Delayed 6 second(s)

2018-12-12 18:25:06 - [MESSAGE][PASSED] - Delayed 6 second(s)

2018-12-12 18:25:06 - [TEST_STEP][PASSED] - click: Object: 'Object Repository/Final Object Repo/New Registration - Registration Module Pages/Third Screen - Upload Supporting Doc- Preview/Preview Submit Button' is clicked on

2018-12-12 18:25:07 - [MESSAGE][PASSED] - Object: 'Object Repository/Final Object Repo/New Registration - Registration Module Pages/Third Screen - Upload Supporting Doc- Preview/Preview Submit Button' is clicked on

2018-12-12 18:25:07 - [TEST_STEP][PASSED] - delay: Delayed 2 second(s)

2018-12-12 18:25:09 - [MESSAGE][PASSED] - Delayed 2 second(s)

2018-12-12 18:25:09 - [TEST_STEP][PASSED] - click: Object: 'Object Repository/Final Object Repo/New Registration - Registration Module Pages/Third Screen - Upload Supporting Doc- Preview/Preview Submit - Confirm' is clicked on

2018-12-12 18:25:09 - [MESSAGE][PASSED] - Object: 'Object Repository/Final Object Repo/New Registration - Registration Module Pages/Third Screen - Upload Supporting Doc- Preview/Preview Submit - Confirm' is clicked on

2018-12-12 18:25:09 - [TEST_STEP][PASSED] - delay: Delayed 15 second(s)

2018-12-12 18:25:24 - [MESSAGE][PASSED] - Delayed 15 second(s)

2018-12-12 18:25:24 - [TEST_STEP][PASSED] - Statement - driver = com.kms.katalon.core.webui.driver.DriverFactory.getWebDriver(): null

2018-12-12 18:25:24 - [TEST_STEP][PASSED] - Statement - driver.manage().timeouts().implicitlyWait(10, SECONDS): null

2018-12-12 18:25:24 - [TEST_STEP][PASSED] - Statement - PresavePath = KatalonScreenshots: null

2018-12-12 18:25:24 - [TEST_STEP][PASSED] - Statement - pathPrefix = "C:\Users\Public\Pictures\Sample Pictures\Katalon Screenshots\Automate Ending Screen": null

2018-12-12 18:25:24 - [TEST_STEP][PASSED] - Statement - finalPath = <not implemented yet for class: org.codehaus.groovy.ast.expr.EmptyExpression>: null

2018-12-12 18:25:24 - [TEST_STEP][PASSED] - Statement - scrFile = driver.getScreenshotAs(FILE): null

2018-12-12 18:25:24 - [TEST_STEP][PASSED] - Statement - PreSaveFile = new java.io.File(PresavePath): null

2018-12-12 18:25:24 - [TEST_STEP][PASSED] - Statement - counter = 0: null

2018-12-12 18:25:24 - [TEST_STEP][PASSED] - Statement - If (PreSaveFile.exists()): null

2018-12-12 18:25:24 - [TEST_STEP][PASSED] - Statement - While (PreSaveFile.exists()): null

2018-12-12 18:25:24 - [TEST_STEP][PASSED] - Statement - counter = counter + 1: null

2018-12-12 18:25:24 - [TEST_STEP][PASSED] - Statement - PreSaveFile = new java.io.File(((pathPrefix + java.lang.Integer.toString(counter)) + .png)): null

2018-12-12 18:25:24 - [TEST_STEP][PASSED] - Statement - counter = counter + 1: null

2018-12-12 18:25:24 - [TEST_STEP][PASSED] - Statement - PreSaveFile = new java.io.File(((pathPrefix + java.lang.Integer.toString(counter)) + .png)): null

2018-12-12 18:25:24 - [TEST_STEP][PASSED] - Statement - counter = counter + 1: null

2018-12-12 18:25:24 - [TEST_STEP][PASSED] - Statement - PreSaveFile = new java.io.File(((pathPrefix + java.lang.Integer.toString(counter)) + .png)): null

2018-12-12 18:25:24 - [TEST_STEP][PASSED] - Statement - counter = counter + 1: null

2018-12-12 18:25:24 - [TEST_STEP][PASSED] - Statement - PreSaveFile = new java.io.File(((pathPrefix + java.lang.Integer.toString(counter)) + .png)): null

2018-12-12 18:25:24 - [TEST_STEP][PASSED] - Statement - counter = counter + 1: null

2018-12-12 18:25:24 - [TEST_STEP][PASSED] - Statement - PreSaveFile = new java.io.File(((pathPrefix + java.lang.Integer.toString(counter)) + .png)): null

2018-12-12 18:25:24 - [TEST_STEP][PASSED] - Statement - counter = counter + 1: null

2018-12-12 18:25:24 - [TEST_STEP][PASSED] - Statement - PreSaveFile = new java.io.File(((pathPrefix + java.lang.Integer.toString(counter)) + .png)): null

2018-12-12 18:25:24 - [TEST_STEP][PASSED] - Statement - counter = counter + 1: null

2018-12-12 18:25:24 - [TEST_STEP][PASSED] - Statement - PreSaveFile = new java.io.File(((pathPrefix + java.lang.Integer.toString(counter)) + .png)): null

2018-12-12 18:25:24 - [TEST_STEP][PASSED] - Statement - counter = counter + 1: null

2018-12-12 18:25:24 - [TEST_STEP][PASSED] - Statement - PreSaveFile = new java.io.File(((pathPrefix + java.lang.Integer.toString(counter)) + .png)): null

2018-12-12 18:25:24 - [TEST_STEP][PASSED] - Statement - counter = counter + 1: null

2018-12-12 18:25:24 - [TEST_STEP][PASSED] - Statement - PreSaveFile = new java.io.File(((pathPrefix + java.lang.Integer.toString(counter)) + .png)): null

2018-12-12 18:25:24 - [TEST_STEP][PASSED] - Statement - counter = counter + 1: null

2018-12-12 18:25:24 - [TEST_STEP][PASSED] - Statement - PreSaveFile = new java.io.File(((pathPrefix + java.lang.Integer.toString(counter)) + .png)): null

2018-12-12 18:25:24 - [TEST_STEP][PASSED] - Statement - counter = counter + 1: null

2018-12-12 18:25:25 - [TEST_STEP][PASSED] - Statement - PreSaveFile = new java.io.File(((pathPrefix + java.lang.Integer.toString(counter)) + .png)): null

2018-12-12 18:25:25 - [TEST_STEP][PASSED] - Statement - counter = counter + 1: null

2018-12-12 18:25:25 - [TEST_STEP][PASSED] - Statement - PreSaveFile = new java.io.File(((pathPrefix + java.lang.Integer.toString(counter)) + .png)): null

2018-12-12 18:25:25 - [TEST_STEP][PASSED] - Statement - counter = counter + 1: null

2018-12-12 18:25:25 - [TEST_STEP][PASSED] - Statement - PreSaveFile = new java.io.File(((pathPrefix + java.lang.Integer.toString(counter)) + .png)): null

2018-12-12 18:25:25 - [TEST_STEP][PASSED] - Statement - counter = counter + 1: null

2018-12-12 18:25:25 - [TEST_STEP][PASSED] - Statement - PreSaveFile = new java.io.File(((pathPrefix + java.lang.Integer.toString(counter)) + .png)): null

2018-12-12 18:25:25 - [TEST_STEP][PASSED] - Statement - counter = counter + 1: null

2018-12-12 18:25:25 - [TEST_STEP][PASSED] - Statement - PreSaveFile = new java.io.File(((pathPrefix + java.lang.Integer.toString(counter)) + .png)): null

2018-12-12 18:25:25 - [TEST_STEP][PASSED] - Statement - counter = counter + 1: null

2018-12-12 18:25:25 - [TEST_STEP][PASSED] - Statement - PreSaveFile = new java.io.File(((pathPrefix + java.lang.Integer.toString(counter)) + .png)): null

2018-12-12 18:25:25 - [TEST_STEP][PASSED] - Statement - counter = counter + 1: null

2018-12-12 18:25:25 - [TEST_STEP][PASSED] - Statement - PreSaveFile = new java.io.File(((pathPrefix + java.lang.Integer.toString(counter)) + .png)): null

2018-12-12 18:25:25 - [TEST_STEP][PASSED] - Statement - counter = counter + 1: null

2018-12-12 18:25:25 - [TEST_STEP][PASSED] - Statement - PreSaveFile = new java.io.File(((pathPrefix + java.lang.Integer.toString(counter)) + .png)): null

2018-12-12 18:25:25 - [TEST_STEP][PASSED] - Statement - counter = counter + 1: null

2018-12-12 18:25:25 - [TEST_STEP][PASSED] - Statement - PreSaveFile = new java.io.File(((pathPrefix + java.lang.Integer.toString(counter)) + .png)): null

2018-12-12 18:25:25 - [TEST_STEP][PASSED] - Statement - counter = counter + 1: null

2018-12-12 18:25:25 - [TEST_STEP][PASSED] - Statement - PreSaveFile = new java.io.File(((pathPrefix + java.lang.Integer.toString(counter)) + .png)): null

2018-12-12 18:25:25 - [TEST_STEP][PASSED] - Statement - counter = counter + 1: null

2018-12-12 18:25:25 - [TEST_STEP][PASSED] - Statement - PreSaveFile = new java.io.File(((pathPrefix + java.lang.Integer.toString(counter)) + .png)): null

2018-12-12 18:25:25 - [TEST_STEP][PASSED] - Statement - counter = counter + 1: null

2018-12-12 18:25:25 - [TEST_STEP][PASSED] - Statement - PreSaveFile = new java.io.File(((pathPrefix + java.lang.Integer.toString(counter)) + .png)): null

2018-12-12 18:25:25 - [TEST_STEP][PASSED] - Statement - counter = counter + 1: null

2018-12-12 18:25:25 - [TEST_STEP][PASSED] - Statement - PreSaveFile = new java.io.File(((pathPrefix + java.lang.Integer.toString(counter)) + .png)): null

2018-12-12 18:25:25 - [TEST_STEP][PASSED] - Statement - counter = counter + 1: null

2018-12-12 18:25:25 - [TEST_STEP][PASSED] - Statement - PreSaveFile = new java.io.File(((pathPrefix + java.lang.Integer.toString(counter)) + .png)): null

2018-12-12 18:25:25 - [TEST_STEP][PASSED] - Statement - counter = counter + 1: null

2018-12-12 18:25:25 - [TEST_STEP][PASSED] - Statement - PreSaveFile = new java.io.File(((pathPrefix + java.lang.Integer.toString(counter)) + .png)): null

2018-12-12 18:25:25 - [TEST_STEP][PASSED] - Statement - counter = counter + 1: null

2018-12-12 18:25:25 - [TEST_STEP][PASSED] - Statement - PreSaveFile = new java.io.File(((pathPrefix + java.lang.Integer.toString(counter)) + .png)): null

2018-12-12 18:25:25 - [TEST_STEP][PASSED] - Statement - counter = counter + 1: null

2018-12-12 18:25:25 - [TEST_STEP][PASSED] - Statement - PreSaveFile = new java.io.File(((pathPrefix + java.lang.Integer.toString(counter)) + .png)): null

2018-12-12 18:25:25 - [TEST_STEP][PASSED] - Statement - counter = counter + 1: null

2018-12-12 18:25:25 - [TEST_STEP][PASSED] - Statement - PreSaveFile = new java.io.File(((pathPrefix + java.lang.Integer.toString(counter)) + .png)): null

2018-12-12 18:25:25 - [TEST_STEP][PASSED] - Statement - counter = counter + 1: null

2018-12-12 18:25:25 - [TEST_STEP][PASSED] - Statement - PreSaveFile = new java.io.File(((pathPrefix + java.lang.Integer.toString(counter)) + .png)): null

2018-12-12 18:25:25 - [TEST_STEP][PASSED] - Statement - counter = counter + 1: null

2018-12-12 18:25:25 - [TEST_STEP][PASSED] - Statement - PreSaveFile = new java.io.File(((pathPrefix + java.lang.Integer.toString(counter)) + .png)): null

2018-12-12 18:25:25 - [TEST_STEP][PASSED] - Statement - counter = counter + 1: null

2018-12-12 18:25:25 - [TEST_STEP][PASSED] - Statement - PreSaveFile = new java.io.File(((pathPrefix + java.lang.Integer.toString(counter)) + .png)): null

2018-12-12 18:25:25 - [TEST_STEP][PASSED] - Statement - counter = counter + 1: null

2018-12-12 18:25:25 - [TEST_STEP][PASSED] - Statement - PreSaveFile = new java.io.File(((pathPrefix + java.lang.Integer.toString(counter)) + .png)): null

2018-12-12 18:25:25 - [TEST_STEP][PASSED] - Statement - counter = counter + 1: null

2018-12-12 18:25:25 - [TEST_STEP][PASSED] - Statement - PreSaveFile = new java.io.File(((pathPrefix + java.lang.Integer.toString(counter)) + .png)): null

2018-12-12 18:25:25 - [TEST_STEP][PASSED] - Statement - counter = counter + 1: null

2018-12-12 18:25:25 - [TEST_STEP][PASSED] - Statement - PreSaveFile = new java.io.File(((pathPrefix + java.lang.Integer.toString(counter)) + .png)): null

2018-12-12 18:25:25 - [TEST_STEP][PASSED] - Statement - counter = counter + 1: null

2018-12-12 18:25:25 - [TEST_STEP][PASSED] - Statement - PreSaveFile = new java.io.File(((pathPrefix + java.lang.Integer.toString(counter)) + .png)): null

2018-12-12 18:25:25 - [TEST_STEP][PASSED] - Statement - counter = counter + 1: null

2018-12-12 18:25:25 - [TEST_STEP][PASSED] - Statement - PreSaveFile = new java.io.File(((pathPrefix + java.lang.Integer.toString(counter)) + .png)): null

2018-12-12 18:25:25 - [TEST_STEP][PASSED] - Statement - counter = counter + 1: null

2018-12-12 18:25:25 - [TEST_STEP][PASSED] - Statement - PreSaveFile = new java.io.File(((pathPrefix + java.lang.Integer.toString(counter)) + .png)): null

2018-12-12 18:25:25 - [TEST_STEP][PASSED] - Statement - counter = counter + 1: null

2018-12-12 18:25:25 - [TEST_STEP][PASSED] - Statement - PreSaveFile = new java.io.File(((pathPrefix + java.lang.Integer.toString(counter)) + .png)): null

2018-12-12 18:25:25 - [TEST_STEP][PASSED] - Statement - counter = counter + 1: null

2018-12-12 18:25:25 - [TEST_STEP][PASSED] - Statement - PreSaveFile = new java.io.File(((pathPrefix + java.lang.Integer.toString(counter)) + .png)): null

2018-12-12 18:25:25 - [TEST_STEP][PASSED] - Statement - counter = counter + 1: null

2018-12-12 18:25:25 - [TEST_STEP][PASSED] - Statement - PreSaveFile = new java.io.File(((pathPrefix + java.lang.Integer.toString(counter)) + .png)): null

2018-12-12 18:25:25 - [TEST_STEP][PASSED] - Statement - counter = counter + 1: null

2018-12-12 18:25:25 - [TEST_STEP][PASSED] - Statement - PreSaveFile = new java.io.File(((pathPrefix + java.lang.Integer.toString(counter)) + .png)): null

2018-12-12 18:25:25 - [TEST_STEP][PASSED] - Statement - counter = counter + 1: null

2018-12-12 18:25:25 - [TEST_STEP][PASSED] - Statement - PreSaveFile = new java.io.File(((pathPrefix + java.lang.Integer.toString(counter)) + .png)): null

2018-12-12 18:25:25 - [TEST_STEP][PASSED] - Statement - counter = counter + 1: null

2018-12-12 18:25:25 - [TEST_STEP][PASSED] - Statement - PreSaveFile = new java.io.File(((pathPrefix + java.lang.Integer.toString(counter)) + .png)): null

2018-12-12 18:25:25 - [TEST_STEP][PASSED] - Statement - counter = counter + 1: null

2018-12-12 18:25:25 - [TEST_STEP][PASSED] - Statement - PreSaveFile = new java.io.File(((pathPrefix + java.lang.Integer.toString(counter)) + .png)): null

2018-12-12 18:25:25 - [TEST_STEP][PASSED] - Statement - counter = counter + 1: null

2018-12-12 18:25:25 - [TEST_STEP][PASSED] - Statement - PreSaveFile = new java.io.File(((pathPrefix + java.lang.Integer.toString(counter)) + .png)): null

2018-12-12 18:25:25 - [TEST_STEP][PASSED] - Statement - counter = counter + 1: null

2018-12-12 18:25:25 - [TEST_STEP][PASSED] - Statement - PreSaveFile = new java.io.File(((pathPrefix + java.lang.Integer.toString(counter)) + .png)): null

2018-12-12 18:25:25 - [TEST_STEP][PASSED] - Statement - counter = counter + 1: null

2018-12-12 18:25:25 - [TEST_STEP][PASSED] - Statement - PreSaveFile = new java.io.File(((pathPrefix + java.lang.Integer.toString(counter)) + .png)): null

2018-12-12 18:25:25 - [TEST_STEP][PASSED] - Statement - counter = counter + 1: null

2018-12-12 18:25:25 - [TEST_STEP][PASSED] - Statement - PreSaveFile = new java.io.File(((pathPrefix + java.lang.Integer.toString(counter)) + .png)): null

2018-12-12 18:25:25 - [TEST_STEP][PASSED] - Statement - counter = counter + 1: null

2018-12-12 18:25:25 - [TEST_STEP][PASSED] - Statement - PreSaveFile = new java.io.File(((pathPrefix + java.lang.Integer.toString(counter)) + .png)): null

2018-12-12 18:25:25 - [TEST_STEP][PASSED] - Statement - counter = counter + 1: null

2018-12-12 18:25:25 - [TEST_STEP][PASSED] - Statement - PreSaveFile = new java.io.File(((pathPrefix + java.lang.Integer.toString(counter)) + .png)): null

2018-12-12 18:25:25 - [TEST_STEP][PASSED] - Statement - counter = counter + 1: null

2018-12-12 18:25:25 - [TEST_STEP][PASSED] - Statement - PreSaveFile = new java.io.File(((pathPrefix + java.lang.Integer.toString(counter)) + .png)): null

2018-12-12 18:25:25 - [TEST_STEP][PASSED] - Statement - counter = counter + 1: null

2018-12-12 18:25:25 - [TEST_STEP][PASSED] - Statement - PreSaveFile = new java.io.File(((pathPrefix + java.lang.Integer.toString(counter)) + .png)): null

2018-12-12 18:25:25 - [TEST_STEP][PASSED] - Statement - counter = counter + 1: null

2018-12-12 18:25:25 - [TEST_STEP][PASSED] - Statement - PreSaveFile = new java.io.File(((pathPrefix + java.lang.Integer.toString(counter)) + .png)): null

2018-12-12 18:25:25 - [TEST_STEP][PASSED] - Statement - counter = counter + 1: null

2018-12-12 18:25:25 - [TEST_STEP][PASSED] - Statement - PreSaveFile = new java.io.File(((pathPrefix + java.lang.Integer.toString(counter)) + .png)): null

2018-12-12 18:25:25 - [TEST_STEP][PASSED] - Statement - counter = counter + 1: null

2018-12-12 18:25:25 - [TEST_STEP][PASSED] - Statement - PreSaveFile = new java.io.File(((pathPrefix + java.lang.Integer.toString(counter)) + .png)): null

2018-12-12 18:25:25 - [TEST_STEP][PASSED] - Statement - counter = counter + 1: null

2018-12-12 18:25:25 - [TEST_STEP][PASSED] - Statement - PreSaveFile = new java.io.File(((pathPrefix + java.lang.Integer.toString(counter)) + .png)): null

2018-12-12 18:25:25 - [TEST_STEP][PASSED] - Statement - counter = counter + 1: null

2018-12-12 18:25:25 - [TEST_STEP][PASSED] - Statement - PreSaveFile = new java.io.File(((pathPrefix + java.lang.Integer.toString(counter)) + .png)): null

2018-12-12 18:25:25 - [TEST_STEP][PASSED] - Statement - counter = counter + 1: null

2018-12-12 18:25:25 - [TEST_STEP][PASSED] - Statement - PreSaveFile = new java.io.File(((pathPrefix + java.lang.Integer.toString(counter)) + .png)): null

2018-12-12 18:25:25 - [TEST_STEP][PASSED] - Statement - counter = counter + 1: null

2018-12-12 18:25:25 - [TEST_STEP][PASSED] - Statement - PreSaveFile = new java.io.File(((pathPrefix + java.lang.Integer.toString(counter)) + .png)): null

2018-12-12 18:25:25 - [TEST_STEP][PASSED] - Statement - counter = counter + 1: null

2018-12-12 18:25:25 - [TEST_STEP][PASSED] - Statement - PreSaveFile = new java.io.File(((pathPrefix + java.lang.Integer.toString(counter)) + .png)): null

2018-12-12 18:25:25 - [TEST_STEP][PASSED] - Statement - counter = counter + 1: null

2018-12-12 18:25:25 - [TEST_STEP][PASSED] - Statement - PreSaveFile = new java.io.File(((pathPrefix + java.lang.Integer.toString(counter)) + .png)): null

2018-12-12 18:25:25 - [TEST_STEP][PASSED] - Statement - counter = counter + 1: null

2018-12-12 18:25:25 - [TEST_STEP][PASSED] - Statement - PreSaveFile = new java.io.File(((pathPrefix + java.lang.Integer.toString(counter)) + .png)): null

2018-12-12 18:25:25 - [TEST_STEP][PASSED] - Statement - counter = counter + 1: null

2018-12-12 18:25:25 - [TEST_STEP][PASSED] - Statement - PreSaveFile = new java.io.File(((pathPrefix + java.lang.Integer.toString(counter)) + .png)): null

2018-12-12 18:25:25 - [TEST_STEP][PASSED] - Statement - counter = counter + 1: null

2018-12-12 18:25:25 - [TEST_STEP][PASSED] - Statement - PreSaveFile = new java.io.File(((pathPrefix + java.lang.Integer.toString(counter)) + .png)): null

2018-12-12 18:25:25 - [TEST_STEP][PASSED] - Statement - counter = counter + 1: null

2018-12-12 18:25:25 - [TEST_STEP][PASSED] - Statement - PreSaveFile = new java.io.File(((pathPrefix + java.lang.Integer.toString(counter)) + .png)): null

2018-12-12 18:25:25 - [TEST_STEP][PASSED] - Statement - counter = counter + 1: null

2018-12-12 18:25:25 - [TEST_STEP][PASSED] - Statement - PreSaveFile = new java.io.File(((pathPrefix + java.lang.Integer.toString(counter)) + .png)): null

2018-12-12 18:25:25 - [TEST_STEP][PASSED] - Statement - counter = counter + 1: null

2018-12-12 18:25:25 - [TEST_STEP][PASSED] - Statement - PreSaveFile = new java.io.File(((pathPrefix + java.lang.Integer.toString(counter)) + .png)): null

2018-12-12 18:25:25 - [TEST_STEP][PASSED] - Statement - counter = counter + 1: null

2018-12-12 18:25:25 - [TEST_STEP][PASSED] - Statement - PreSaveFile = new java.io.File(((pathPrefix + java.lang.Integer.toString(counter)) + .png)): null

2018-12-12 18:25:25 - [TEST_STEP][PASSED] - Statement - counter = counter + 1: null

2018-12-12 18:25:25 - [TEST_STEP][PASSED] - Statement - PreSaveFile = new java.io.File(((pathPrefix + java.lang.Integer.toString(counter)) + .png)): null

2018-12-12 18:25:25 - [TEST_STEP][PASSED] - Statement - counter = counter + 1: null

2018-12-12 18:25:25 - [TEST_STEP][PASSED] - Statement - PreSaveFile = new java.io.File(((pathPrefix + java.lang.Integer.toString(counter)) + .png)): null

2018-12-12 18:25:25 - [TEST_STEP][PASSED] - Statement - counter = counter + 1: null

2018-12-12 18:25:25 - [TEST_STEP][PASSED] - Statement - PreSaveFile = new java.io.File(((pathPrefix + java.lang.Integer.toString(counter)) + .png)): null

2018-12-12 18:25:25 - [TEST_STEP][PASSED] - Statement - counter = counter + 1: null

2018-12-12 18:25:25 - [TEST_STEP][PASSED] - Statement - PreSaveFile = new java.io.File(((pathPrefix + java.lang.Integer.toString(counter)) + .png)): null

2018-12-12 18:25:25 - [TEST_STEP][PASSED] - Statement - counter = counter + 1: null

2018-12-12 18:25:25 - [TEST_STEP][PASSED] - Statement - PreSaveFile = new java.io.File(((pathPrefix + java.lang.Integer.toString(counter)) + .png)): null

2018-12-12 18:25:25 - [TEST_STEP][PASSED] - Statement - counter = counter + 1: null

2018-12-12 18:25:25 - [TEST_STEP][PASSED] - Statement - PreSaveFile = new java.io.File(((pathPrefix + java.lang.Integer.toString(counter)) + .png)): null

2018-12-12 18:25:25 - [TEST_STEP][PASSED] - Statement - counter = counter + 1: null

2018-12-12 18:25:25 - [TEST_STEP][PASSED] - Statement - PreSaveFile = new java.io.File(((pathPrefix + java.lang.Integer.toString(counter)) + .png)): null

2018-12-12 18:25:25 - [TEST_STEP][PASSED] - Statement - counter = counter + 1: null

2018-12-12 18:25:25 - [TEST_STEP][PASSED] - Statement - PreSaveFile = new java.io.File(((pathPrefix + java.lang.Integer.toString(counter)) + .png)): null

2018-12-12 18:25:25 - [TEST_STEP][PASSED] - Statement - counter = counter + 1: null

2018-12-12 18:25:25 - [TEST_STEP][PASSED] - Statement - PreSaveFile = new java.io.File(((pathPrefix + java.lang.Integer.toString(counter)) + .png)): null

2018-12-12 18:25:25 - [TEST_STEP][PASSED] - Statement - counter = counter + 1: null

2018-12-12 18:25:25 - [TEST_STEP][PASSED] - Statement - PreSaveFile = new java.io.File(((pathPrefix + java.lang.Integer.toString(counter)) + .png)): null

2018-12-12 18:25:25 - [TEST_STEP][PASSED] - Statement - counter = counter + 1: null

2018-12-12 18:25:25 - [TEST_STEP][PASSED] - Statement - PreSaveFile = new java.io.File(((pathPrefix + java.lang.Integer.toString(counter)) + .png)): null

2018-12-12 18:25:25 - [TEST_STEP][PASSED] - Statement - counter = counter + 1: null

2018-12-12 18:25:25 - [TEST_STEP][PASSED] - Statement - PreSaveFile = new java.io.File(((pathPrefix + java.lang.Integer.toString(counter)) + .png)): null

2018-12-12 18:25:25 - [TEST_STEP][PASSED] - Statement - counter = counter + 1: null

2018-12-12 18:25:25 - [TEST_STEP][PASSED] - Statement - PreSaveFile = new java.io.File(((pathPrefix + java.lang.Integer.toString(counter)) + .png)): null

2018-12-12 18:25:25 - [TEST_STEP][PASSED] - Statement - counter = counter + 1: null

2018-12-12 18:25:25 - [TEST_STEP][PASSED] - Statement - PreSaveFile = new java.io.File(((pathPrefix + java.lang.Integer.toString(counter)) + .png)): null

2018-12-12 18:25:25 - [TEST_STEP][PASSED] - Statement - counter = counter + 1: null

2018-12-12 18:25:25 - [TEST_STEP][PASSED] - Statement - PreSaveFile = new java.io.File(((pathPrefix + java.lang.Integer.toString(counter)) + .png)): null

2018-12-12 18:25:25 - [TEST_STEP][PASSED] - Statement - counter = counter + 1: null

2018-12-12 18:25:25 - [TEST_STEP][PASSED] - Statement - PreSaveFile = new java.io.File(((pathPrefix + java.lang.Integer.toString(counter)) + .png)): null

2018-12-12 18:25:25 - [TEST_STEP][PASSED] - Statement - counter = counter + 1: null

2018-12-12 18:25:25 - [TEST_STEP][PASSED] - Statement - PreSaveFile = new java.io.File(((pathPrefix + java.lang.Integer.toString(counter)) + .png)): null

2018-12-12 18:25:25 - [TEST_STEP][PASSED] - Statement - counter = counter + 1: null

2018-12-12 18:25:25 - [TEST_STEP][PASSED] - Statement - PreSaveFile = new java.io.File(((pathPrefix + java.lang.Integer.toString(counter)) + .png)): null

2018-12-12 18:25:25 - [TEST_STEP][PASSED] - Statement - counter = counter + 1: null

2018-12-12 18:25:25 - [TEST_STEP][PASSED] - Statement - PreSaveFile = new java.io.File(((pathPrefix + java.lang.Integer.toString(counter)) + .png)): null

2018-12-12 18:25:25 - [TEST_STEP][PASSED] - Statement - counter = counter + 1: null

2018-12-12 18:25:25 - [TEST_STEP][PASSED] - Statement - PreSaveFile = new java.io.File(((pathPrefix + java.lang.Integer.toString(counter)) + .png)): null

2018-12-12 18:25:25 - [TEST_STEP][PASSED] - Statement - counter = counter + 1: null

2018-12-12 18:25:25 - [TEST_STEP][PASSED] - Statement - PreSaveFile = new java.io.File(((pathPrefix + java.lang.Integer.toString(counter)) + .png)): null

2018-12-12 18:25:25 - [TEST_STEP][PASSED] - Statement - counter = counter + 1: null

2018-12-12 18:25:25 - [TEST_STEP][PASSED] - Statement - PreSaveFile = new java.io.File(((pathPrefix + java.lang.Integer.toString(counter)) + .png)): null

2018-12-12 18:25:25 - [TEST_STEP][PASSED] - Statement - counter = counter + 1: null

2018-12-12 18:25:25 - [TEST_STEP][PASSED] - Statement - PreSaveFile = new java.io.File(((pathPrefix + java.lang.Integer.toString(counter)) + .png)): null

2018-12-12 18:25:25 - [TEST_STEP][PASSED] - Statement - counter = counter + 1: null

2018-12-12 18:25:25 - [TEST_STEP][PASSED] - Statement - PreSaveFile = new java.io.File(((pathPrefix + java.lang.Integer.toString(counter)) + .png)): null

2018-12-12 18:25:25 - [TEST_STEP][PASSED] - Statement - counter = counter + 1: null

2018-12-12 18:25:25 - [TEST_STEP][PASSED] - Statement - PreSaveFile = new java.io.File(((pathPrefix + java.lang.Integer.toString(counter)) + .png)): null

2018-12-12 18:25:25 - [TEST_STEP][PASSED] - Statement - counter = counter + 1: null

2018-12-12 18:25:25 - [TEST_STEP][PASSED] - Statement - PreSaveFile = new java.io.File(((pathPrefix + java.lang.Integer.toString(counter)) + .png)): null

2018-12-12 18:25:25 - [TEST_STEP][PASSED] - Statement - counter = counter + 1: null

2018-12-12 18:25:25 - [TEST_STEP][PASSED] - Statement - PreSaveFile = new java.io.File(((pathPrefix + java.lang.Integer.toString(counter)) + .png)): null

2018-12-12 18:25:25 - [TEST_STEP][PASSED] - Statement - counter = counter + 1: null

2018-12-12 18:25:25 - [TEST_STEP][PASSED] - Statement - PreSaveFile = new java.io.File(((pathPrefix + java.lang.Integer.toString(counter)) + .png)): null

2018-12-12 18:25:25 - [TEST_STEP][PASSED] - Statement - counter = counter + 1: null

2018-12-12 18:25:25 - [TEST_STEP][PASSED] - Statement - PreSaveFile = new java.io.File(((pathPrefix + java.lang.Integer.toString(counter)) + .png)): null

2018-12-12 18:25:25 - [TEST_STEP][PASSED] - Statement - counter = counter + 1: null

2018-12-12 18:25:25 - [TEST_STEP][PASSED] - Statement - PreSaveFile = new java.io.File(((pathPrefix + java.lang.Integer.toString(counter)) + .png)): null

2018-12-12 18:25:25 - [TEST_STEP][PASSED] - Statement - counter = counter + 1: null

2018-12-12 18:25:25 - [TEST_STEP][PASSED] - Statement - PreSaveFile = new java.io.File(((pathPrefix + java.lang.Integer.toString(counter)) + .png)): null

2018-12-12 18:25:25 - [TEST_STEP][PASSED] - Statement - counter = counter + 1: null

2018-12-12 18:25:25 - [TEST_STEP][PASSED] - Statement - PreSaveFile = new java.io.File(((pathPrefix + java.lang.Integer.toString(counter)) + .png)): null

2018-12-12 18:25:25 - [TEST_STEP][PASSED] - Statement - counter = counter + 1: null

2018-12-12 18:25:25 - [TEST_STEP][PASSED] - Statement - PreSaveFile = new java.io.File(((pathPrefix + java.lang.Integer.toString(counter)) + .png)): null

2018-12-12 18:25:25 - [TEST_STEP][PASSED] - Statement - counter = counter + 1: null

2018-12-12 18:25:25 - [TEST_STEP][PASSED] - Statement - PreSaveFile = new java.io.File(((pathPrefix + java.lang.Integer.toString(counter)) + .png)): null

2018-12-12 18:25:25 - [TEST_STEP][PASSED] - Statement - counter = counter + 1: null

2018-12-12 18:25:25 - [TEST_STEP][PASSED] - Statement - PreSaveFile = new java.io.File(((pathPrefix + java.lang.Integer.toString(counter)) + .png)): null

2018-12-12 18:25:25 - [TEST_STEP][PASSED] - Statement - counter = counter + 1: null

2018-12-12 18:25:25 - [TEST_STEP][PASSED] - Statement - PreSaveFile = new java.io.File(((pathPrefix + java.lang.Integer.toString(counter)) + .png)): null

2018-12-12 18:25:25 - [TEST_STEP][PASSED] - Statement - counter = counter + 1: null

2018-12-12 18:25:25 - [TEST_STEP][PASSED] - Statement - PreSaveFile = new java.io.File(((pathPrefix + java.lang.Integer.toString(counter)) + .png)): null

2018-12-12 18:25:25 - [TEST_STEP][PASSED] - Statement - counter = counter + 1: null

2018-12-12 18:25:25 - [TEST_STEP][PASSED] - Statement - PreSaveFile = new java.io.File(((pathPrefix + java.lang.Integer.toString(counter)) + .png)): null

2018-12-12 18:25:25 - [TEST_STEP][PASSED] - Statement - counter = counter + 1: null

2018-12-12 18:25:25 - [TEST_STEP][PASSED] - Statement - PreSaveFile = new java.io.File(((pathPrefix + java.lang.Integer.toString(counter)) + .png)): null

2018-12-12 18:25:25 - [TEST_STEP][PASSED] - Statement - counter = counter + 1: null

2018-12-12 18:25:25 - [TEST_STEP][PASSED] - Statement - PreSaveFile = new java.io.File(((pathPrefix + java.lang.Integer.toString(counter)) + .png)): null

2018-12-12 18:25:25 - [TEST_STEP][PASSED] - Statement - counter = counter + 1: null

2018-12-12 18:25:25 - [TEST_STEP][PASSED] - Statement - PreSaveFile = new java.io.File(((pathPrefix + java.lang.Integer.toString(counter)) + .png)): null

2018-12-12 18:25:25 - [TEST_STEP][PASSED] - Statement - counter = counter + 1: null

2018-12-12 18:25:25 - [TEST_STEP][PASSED] - Statement - PreSaveFile = new java.io.File(((pathPrefix + java.lang.Integer.toString(counter)) + .png)): null

2018-12-12 18:25:25 - [TEST_STEP][PASSED] - Statement - counter = counter + 1: null

2018-12-12 18:25:25 - [TEST_STEP][PASSED] - Statement - PreSaveFile = new java.io.File(((pathPrefix + java.lang.Integer.toString(counter)) + .png)): null

2018-12-12 18:25:25 - [TEST_STEP][PASSED] - Statement - counter = counter + 1: null

2018-12-12 18:25:25 - [TEST_STEP][PASSED] - Statement - PreSaveFile = new java.io.File(((pathPrefix + java.lang.Integer.toString(counter)) + .png)): null

2018-12-12 18:25:25 - [TEST_STEP][PASSED] - Statement - counter = counter + 1: null

2018-12-12 18:25:25 - [TEST_STEP][PASSED] - Statement - PreSaveFile = new java.io.File(((pathPrefix + java.lang.Integer.toString(counter)) + .png)): null

2018-12-12 18:25:25 - [TEST_STEP][PASSED] - Statement - counter = counter + 1: null

2018-12-12 18:25:25 - [TEST_STEP][PASSED] - Statement - PreSaveFile = new java.io.File(((pathPrefix + java.lang.Integer.toString(counter)) + .png)): null

2018-12-12 18:25:25 - [TEST_STEP][PASSED] - Statement - counter = counter + 1: null

2018-12-12 18:25:25 - [TEST_STEP][PASSED] - Statement - PreSaveFile = new java.io.File(((pathPrefix + java.lang.Integer.toString(counter)) + .png)): null

2018-12-12 18:25:25 - [TEST_STEP][PASSED] - Statement - counter = counter + 1: null

2018-12-12 18:25:25 - [TEST_STEP][PASSED] - Statement - PreSaveFile = new java.io.File(((pathPrefix + java.lang.Integer.toString(counter)) + .png)): null

2018-12-12 18:25:25 - [TEST_STEP][PASSED] - Statement - counter = counter + 1: null

2018-12-12 18:25:25 - [TEST_STEP][PASSED] - Statement - PreSaveFile = new java.io.File(((pathPrefix + java.lang.Integer.toString(counter)) + .png)): null

2018-12-12 18:25:25 - [TEST_STEP][PASSED] - Statement - counter = counter + 1: null

2018-12-12 18:25:25 - [TEST_STEP][PASSED] - Statement - PreSaveFile = new java.io.File(((pathPrefix + java.lang.Integer.toString(counter)) + .png)): null

2018-12-12 18:25:25 - [TEST_STEP][PASSED] - Statement - counter = counter + 1: null

2018-12-12 18:25:25 - [TEST_STEP][PASSED] - Statement - PreSaveFile = new java.io.File(((pathPrefix + java.lang.Integer.toString(counter)) + .png)): null

2018-12-12 18:25:25 - [TEST_STEP][PASSED] - Statement - counter = counter + 1: null

2018-12-12 18:25:25 - [TEST_STEP][PASSED] - Statement - PreSaveFile = new java.io.File(((pathPrefix + java.lang.Integer.toString(counter)) + .png)): null

2018-12-12 18:25:25 - [TEST_STEP][PASSED] - Statement - counter = counter + 1: null

2018-12-12 18:25:25 - [TEST_STEP][PASSED] - Statement - PreSaveFile = new java.io.File(((pathPrefix + java.lang.Integer.toString(counter)) + .png)): null

2018-12-12 18:25:25 - [TEST_STEP][PASSED] - Statement - counter = counter + 1: null

2018-12-12 18:25:25 - [TEST_STEP][PASSED] - Statement - PreSaveFile = new java.io.File(((pathPrefix + java.lang.Integer.toString(counter)) + .png)): null

2018-12-12 18:25:25 - [TEST_STEP][PASSED] - Statement - counter = counter + 1: null

2018-12-12 18:25:25 - [TEST_STEP][PASSED] - Statement - PreSaveFile = new java.io.File(((pathPrefix + java.lang.Integer.toString(counter)) + .png)): null

2018-12-12 18:25:25 - [TEST_STEP][PASSED] - Statement - counter = counter + 1: null

2018-12-12 18:25:25 - [TEST_STEP][PASSED] - Statement - PreSaveFile = new java.io.File(((pathPrefix + java.lang.Integer.toString(counter)) + .png)): null

2018-12-12 18:25:25 - [TEST_STEP][PASSED] - Statement - counter = counter + 1: null

2018-12-12 18:25:25 - [TEST_STEP][PASSED] - Statement - PreSaveFile = new java.io.File(((pathPrefix + java.lang.Integer.toString(counter)) + .png)): null

2018-12-12 18:25:25 - [TEST_STEP][PASSED] - Statement - counter = counter + 1: null

2018-12-12 18:25:25 - [TEST_STEP][PASSED] - Statement - PreSaveFile = new java.io.File(((pathPrefix + java.lang.Integer.toString(counter)) + .png)): null

2018-12-12 18:25:25 - [TEST_STEP][PASSED] - Statement - counter = counter + 1: null

2018-12-12 18:25:25 - [TEST_STEP][PASSED] - Statement - PreSaveFile = new java.io.File(((pathPrefix + java.lang.Integer.toString(counter)) + .png)): null

2018-12-12 18:25:25 - [TEST_STEP][PASSED] - Statement - counter = counter + 1: null

2018-12-12 18:25:25 - [TEST_STEP][PASSED] - Statement - PreSaveFile = new java.io.File(((pathPrefix + java.lang.Integer.toString(counter)) + .png)): null

2018-12-12 18:25:25 - [TEST_STEP][PASSED] - Statement - counter = counter + 1: null

2018-12-12 18:25:25 - [TEST_STEP][PASSED] - Statement - PreSaveFile = new java.io.File(((pathPrefix + java.lang.Integer.toString(counter)) + .png)): null

2018-12-12 18:25:25 - [TEST_STEP][PASSED] - Statement - counter = counter + 1: null

2018-12-12 18:25:25 - [TEST_STEP][PASSED] - Statement - PreSaveFile = new java.io.File(((pathPrefix + java.lang.Integer.toString(counter)) + .png)): null

2018-12-12 18:25:25 - [TEST_STEP][PASSED] - Statement - counter = counter + 1: null

2018-12-12 18:25:25 - [TEST_STEP][PASSED] - Statement - PreSaveFile = new java.io.File(((pathPrefix + java.lang.Integer.toString(counter)) + .png)): null

2018-12-12 18:25:25 - [TEST_STEP][PASSED] - Statement - counter = counter + 1: null

2018-12-12 18:25:25 - [TEST_STEP][PASSED] - Statement - PreSaveFile = new java.io.File(((pathPrefix + java.lang.Integer.toString(counter)) + .png)): null

2018-12-12 18:25:25 - [TEST_STEP][PASSED] - Statement - counter = counter + 1: null

2018-12-12 18:25:25 - [TEST_STEP][PASSED] - Statement - PreSaveFile = new java.io.File(((pathPrefix + java.lang.Integer.toString(counter)) + .png)): null

2018-12-12 18:25:25 - [TEST_STEP][PASSED] - Statement - counter = counter + 1: null

2018-12-12 18:25:25 - [TEST_STEP][PASSED] - Statement - PreSaveFile = new java.io.File(((pathPrefix + java.lang.Integer.toString(counter)) + .png)): null

2018-12-12 18:25:25 - [TEST_STEP][PASSED] - Statement - counter = counter + 1: null

2018-12-12 18:25:25 - [TEST_STEP][PASSED] - Statement - PreSaveFile = new java.io.File(((pathPrefix + java.lang.Integer.toString(counter)) + .png)): null

2018-12-12 18:25:25 - [TEST_STEP][PASSED] - Statement - counter = counter + 1: null

2018-12-12 18:25:25 - [TEST_STEP][PASSED] - Statement - PreSaveFile = new java.io.File(((pathPrefix + java.lang.Integer.toString(counter)) + .png)): null

2018-12-12 18:25:25 - [TEST_STEP][PASSED] - Statement - counter = counter + 1: null

2018-12-12 18:25:25 - [TEST_STEP][PASSED] - Statement - PreSaveFile = new java.io.File(((pathPrefix + java.lang.Integer.toString(counter)) + .png)): null

2018-12-12 18:25:25 - [TEST_STEP][PASSED] - Statement - counter = counter + 1: null

2018-12-12 18:25:25 - [TEST_STEP][PASSED] - Statement - PreSaveFile = new java.io.File(((pathPrefix + java.lang.Integer.toString(counter)) + .png)): null

2018-12-12 18:25:25 - [TEST_STEP][PASSED] - Statement - counter = counter + 1: null

2018-12-12 18:25:25 - [TEST_STEP][PASSED] - Statement - PreSaveFile = new java.io.File(((pathPrefix + java.lang.Integer.toString(counter)) + .png)): null

2018-12-12 18:25:25 - [TEST_STEP][PASSED] - Statement - counter = counter + 1: null

2018-12-12 18:25:25 - [TEST_STEP][PASSED] - Statement - PreSaveFile = new java.io.File(((pathPrefix + java.lang.Integer.toString(counter)) + .png)): null

2018-12-12 18:25:25 - [TEST_STEP][PASSED] - Statement - counter = counter + 1: null

2018-12-12 18:25:25 - [TEST_STEP][PASSED] - Statement - PreSaveFile = new java.io.File(((pathPrefix + java.lang.Integer.toString(counter)) + .png)): null

2018-12-12 18:25:25 - [TEST_STEP][PASSED] - Statement - counter = counter + 1: null

2018-12-12 18:25:25 - [TEST_STEP][PASSED] - Statement - PreSaveFile = new java.io.File(((pathPrefix + java.lang.Integer.toString(counter)) + .png)): null

2018-12-12 18:25:25 - [TEST_STEP][PASSED] - Statement - counter = counter + 1: null

2018-12-12 18:25:25 - [TEST_STEP][PASSED] - Statement - PreSaveFile = new java.io.File(((pathPrefix + java.lang.Integer.toString(counter)) + .png)): null

2018-12-12 18:25:25 - [TEST_STEP][PASSED] - Statement - counter = counter + 1: null

2018-12-12 18:25:25 - [TEST_STEP][PASSED] - Statement - PreSaveFile = new java.io.File(((pathPrefix + java.lang.Integer.toString(counter)) + .png)): null

2018-12-12 18:25:25 - [TEST_STEP][PASSED] - Statement - counter = counter + 1: null

2018-12-12 18:25:25 - [TEST_STEP][PASSED] - Statement - PreSaveFile = new java.io.File(((pathPrefix + java.lang.Integer.toString(counter)) + .png)): null

2018-12-12 18:25:25 - [TEST_STEP][PASSED] - Statement - counter = counter + 1: null

2018-12-12 18:25:25 - [TEST_STEP][PASSED] - Statement - PreSaveFile = new java.io.File(((pathPrefix + java.lang.Integer.toString(counter)) + .png)): null

2018-12-12 18:25:25 - [TEST_STEP][PASSED] - Statement - counter = counter + 1: null

2018-12-12 18:25:25 - [TEST_STEP][PASSED] - Statement - PreSaveFile = new java.io.File(((pathPrefix + java.lang.Integer.toString(counter)) + .png)): null

2018-12-12 18:25:25 - [TEST_STEP][PASSED] - Statement - counter = counter + 1: null

2018-12-12 18:25:25 - [TEST_STEP][PASSED] - Statement - PreSaveFile = new java.io.File(((pathPrefix + java.lang.Integer.toString(counter)) + .png)): null

2018-12-12 18:25:25 - [TEST_STEP][PASSED] - Statement - counter = counter + 1: null

2018-12-12 18:25:25 - [TEST_STEP][PASSED] - Statement - PreSaveFile = new java.io.File(((pathPrefix + java.lang.Integer.toString(counter)) + .png)): null

2018-12-12 18:25:25 - [TEST_STEP][PASSED] - Statement - counter = counter + 1: null

2018-12-12 18:25:25 - [TEST_STEP][PASSED] - Statement - PreSaveFile = new java.io.File(((pathPrefix + java.lang.Integer.toString(counter)) + .png)): null

2018-12-12 18:25:25 - [TEST_STEP][PASSED] - Statement - counter = counter + 1: null

2018-12-12 18:25:25 - [TEST_STEP][PASSED] - Statement - PreSaveFile = new java.io.File(((pathPrefix + java.lang.Integer.toString(counter)) + .png)): null

2018-12-12 18:25:25 - [TEST_STEP][PASSED] - Statement - counter = counter + 1: null

2018-12-12 18:25:25 - [TEST_STEP][PASSED] - Statement - PreSaveFile = new java.io.File(((pathPrefix + java.lang.Integer.toString(counter)) + .png)): null

2018-12-12 18:25:25 - [TEST_STEP][PASSED] - Statement - counter = counter + 1: null

2018-12-12 18:25:25 - [TEST_STEP][PASSED] - Statement - PreSaveFile = new java.io.File(((pathPrefix + java.lang.Integer.toString(counter)) + .png)): null

2018-12-12 18:25:25 - [TEST_STEP][PASSED] - Statement - counter = counter + 1: null

2018-12-12 18:25:25 - [TEST_STEP][PASSED] - Statement - PreSaveFile = new java.io.File(((pathPrefix + java.lang.Integer.toString(counter)) + .png)): null

2018-12-12 18:25:25 - [TEST_STEP][PASSED] - Statement - counter = counter + 1: null

2018-12-12 18:25:25 - [TEST_STEP][PASSED] - Statement - PreSaveFile = new java.io.File(((pathPrefix + java.lang.Integer.toString(counter)) + .png)): null

2018-12-12 18:25:25 - [TEST_STEP][PASSED] - Statement - counter = counter + 1: null

2018-12-12 18:25:25 - [TEST_STEP][PASSED] - Statement - PreSaveFile = new java.io.File(((pathPrefix + java.lang.Integer.toString(counter)) + .png)): null

2018-12-12 18:25:25 - [TEST_STEP][PASSED] - Statement - counter = counter + 1: null

2018-12-12 18:25:25 - [TEST_STEP][PASSED] - Statement - PreSaveFile = new java.io.File(((pathPrefix + java.lang.Integer.toString(counter)) + .png)): null

2018-12-12 18:25:25 - [TEST_STEP][PASSED] - Statement - counter = counter + 1: null

2018-12-12 18:25:25 - [TEST_STEP][PASSED] - Statement - PreSaveFile = new java.io.File(((pathPrefix + java.lang.Integer.toString(counter)) + .png)): null

2018-12-12 18:25:25 - [TEST_STEP][PASSED] - Statement - counter = counter + 1: null

2018-12-12 18:25:25 - [TEST_STEP][PASSED] - Statement - PreSaveFile = new java.io.File(((pathPrefix + java.lang.Integer.toString(counter)) + .png)): null

2018-12-12 18:25:25 - [TEST_STEP][PASSED] - Statement - counter = counter + 1: null

2018-12-12 18:25:25 - [TEST_STEP][PASSED] - Statement - PreSaveFile = new java.io.File(((pathPrefix + java.lang.Integer.toString(counter)) + .png)): null

2018-12-12 18:25:25 - [TEST_STEP][PASSED] - Statement - finalPath = pathPrefix + java.lang.Integer.toString(counter) + ".png": null

2018-12-12 18:25:25 - [TEST_STEP][PASSED] - Statement - SaveFile = new java.io.File(finalPath): null

2018-12-12 18:25:25 - [TEST_STEP][PASSED] - Statement - Try: null

2018-12-12 18:25:25 - [TEST_STEP][PASSED] - Statement - org.apache.commons.io.FileUtils.copyFile(scrFile, SaveFile): null

2018-12-12 18:25:25 - [TEST_STEP][PASSED] - Statement - out.println("file kept"): null

2018-12-12 18:25:25 - [TEST_STEP][PASSED] - delay: Delayed 10 second(s)

2018-12-12 18:25:35 - [MESSAGE][PASSED] - Delayed 10 second(s)

2018-12-12 18:25:35 - [MESSAGE][PASSED] - Call Test Case 'Test Cases/Final Aug 2018 - PKS Automation/Registration Module/New Registration/Submit and Screenshot/Submit Registration and Screenshot' successfully

2018-12-12 18:25:35 - [TEST_STEP][PASSED] - callTestCase: Call Test Case 'Test Cases/Final Aug 2018 - PKS Automation/Registration Module/Log Out/log out avoiding katalon tagging' successfully

2018-12-12 18:25:35 - [TEST_CASE][PASSED] - Test Cases/Final Aug 2018 - PKS Automation/Registration Module/Log Out/log out avoiding katalon tagging: Test Cases/Final Aug 2018 - PKS Automation/Registration Module/Log Out/log out avoiding katalon tagging

2018-12-12 18:25:35 - [TEST_STEP][PASSED] - navigateToUrl: Navigate to 'https://assist2-uat.perkeso.gov.my/c/portal/logout' successfully

2018-12-12 18:25:36 - [MESSAGE][PASSED] - Navigate to 'https://assist2-uat.perkeso.gov.my/c/portal/logout' successfully

2018-12-12 18:25:36 - [MESSAGE][PASSED] - Call Test Case 'Test Cases/Final Aug 2018 - PKS Automation/Registration Module/Log Out/log out avoiding katalon tagging' successfully

2018-12-12 18:25:36 - [TEST_STEP][PASSED] - callTestCase: Call Test Case 'Test Cases/Final Aug 2018 - PKS Automation/Common/Workflow Owner Finder' successfully

2018-12-12 18:25:36 - [TEST_CASE][PASSED] - Test Cases/Final Aug 2018 - PKS Automation/Common/Workflow Owner Finder: Test Cases/Final Aug 2018 - PKS Automation/Common/Workflow Owner Finder

2018-12-12 18:25:37 - [TEST_STEP][PASSED] - openBrowser: Browser is opened with url: ''

2018-12-12 18:25:37 - [MESSAGE][WARNING] - A browser is already opened. Closing browser and opening a new one

2018-12-12 18:25:41 - [MESSAGE][PASSED] - Browser is opened with url: ''

2018-12-12 18:25:41 - [TEST_STEP][PASSED] - navigateToUrl: Navigate to 'https://assist2-uat.perkeso.gov.my/login' successfully

2018-12-12 18:25:42 - [MESSAGE][PASSED] - Navigate to 'https://assist2-uat.perkeso.gov.my/login' successfully

2018-12-12 18:25:42 - [TEST_STEP][PASSED] - delay: Delayed 5 second(s)

2018-12-12 18:25:47 - [MESSAGE][PASSED] - Delayed 5 second(s)

2018-12-12 18:25:47 - [TEST_STEP][PASSED] - setText: Text 'test@liferay.com' is set on object 'Object Repository/Final Object Repo/Login Page/Internal User/Email Address'

2018-12-12 18:25:47 - [MESSAGE][PASSED] - Text 'test@liferay.com' is set on object 'Object Repository/Final Object Repo/Login Page/Internal User/Email Address'

2018-12-12 18:25:47 - [TEST_STEP][PASSED] - click: Object: 'Object Repository/Final Object Repo/Login Page/Internal User/Next Button' is clicked on

2018-12-12 18:25:47 - [MESSAGE][PASSED] - Object: 'Object Repository/Final Object Repo/Login Page/Internal User/Next Button' is clicked on

2018-12-12 18:25:47 - [TEST_STEP][PASSED] - delay: Delayed 2 second(s)

2018-12-12 18:25:49 - [MESSAGE][PASSED] - Delayed 2 second(s)

2018-12-12 18:25:49 - [TEST_STEP][PASSED] - setText: Text 'test' is set on object 'Object Repository/Final Object Repo/Login Page/Internal User/Password'

2018-12-12 18:25:49 - [MESSAGE][PASSED] - Text 'test' is set on object 'Object Repository/Final Object Repo/Login Page/Internal User/Password'

2018-12-12 18:25:49 - [TEST_STEP][PASSED] - delay: Delayed 2 second(s)

2018-12-12 18:25:51 - [MESSAGE][PASSED] - Delayed 2 second(s)

2018-12-12 18:25:51 - [TEST_STEP][PASSED] - click: Object: 'Object Repository/Final Object Repo/Login Page/Internal User/Login Button' is clicked on

2018-12-12 18:25:51 - [MESSAGE][PASSED] - Object: 'Object Repository/Final Object Repo/Login Page/Internal User/Login Button' is clicked on

2018-12-12 18:25:51 - [TEST_STEP][PASSED] - Statement - tester = com.kms.katalon.core.testobject.ObjectRepository.findTestObject(Final Object Repo/Landing Page/Select to English): Finding Test Object with id 'Object Repository/Final Object Repo/Landing Page/Select to English'

2018-12-12 18:25:51 - [TEST_STEP][PASSED] - Statement - Try: Delayed 2 second(s)

2018-12-12 18:25:51 - [TEST_STEP][PASSED] - Statement - Checker = com.kms.katalon.core.webui.keyword.WebUiBuiltInKeywords.verifyElementNotPresent(tester, 3): Web element with id: 'Object Repository/Final Object Repo/Landing Page/Select to English' located by 'By.xpath: //a[@class = 'taglib-language-list-text' and @lang = 'en-US' and (contains(text(), 'EN') or contains(., 'EN'))]' is not present after '3' second(s)

2018-12-12 18:25:53 - [MESSAGE][PASSED] - Web element with id: 'Object Repository/Final Object Repo/Landing Page/Select to English' located by 'By.xpath: //a[@class = 'taglib-language-list-text' and @lang = 'en-US' and (contains(text(), 'EN') or contains(., 'EN'))]' is not present after '3' second(s)

2018-12-12 18:25:53 - [TEST_STEP][PASSED] - Statement - If (Checker == false): null

2018-12-12 18:25:53 - [TEST_STEP][PASSED] - delay: Delayed 2 second(s)

2018-12-12 18:25:55 - [MESSAGE][PASSED] - Delayed 2 second(s)

2018-12-12 18:25:55 - [TEST_STEP][PASSED] - delay: Delayed 5 second(s)

2018-12-12 18:26:00 - [MESSAGE][PASSED] - Delayed 5 second(s)

2018-12-12 18:26:00 - [TEST_STEP][PASSED] - mouseOver: Object: 'Object Repository/Final Object Repo/Landing Page/WorkFlow Menu' is hovered

2018-12-12 18:26:01 - [MESSAGE][PASSED] - Object: 'Object Repository/Final Object Repo/Landing Page/WorkFlow Menu' is hovered

2018-12-12 18:26:01 - [TEST_STEP][PASSED] - delay: Delayed 2 second(s)

2018-12-12 18:26:03 - [MESSAGE][PASSED] - Delayed 2 second(s)

2018-12-12 18:26:03 - [TEST_STEP][PASSED] - click: Object: 'Object Repository/Final Object Repo/Landing Page/Select to Workflow Listing' is clicked on

2018-12-12 18:26:04 - [MESSAGE][PASSED] - Object: 'Object Repository/Final Object Repo/Landing Page/Select to Workflow Listing' is clicked on

2018-12-12 18:26:04 - [TEST_STEP][PASSED] - delay: Delayed 2 second(s)

2018-12-12 18:26:06 - [MESSAGE][PASSED] - Delayed 2 second(s)

2018-12-12 18:26:06 - [TEST_STEP][PASSED] - click: Object: 'Object Repository/Final Object Repo/WorkFlow Listing Page/Search Information - To Put Ref No' is clicked on

2018-12-12 18:26:06 - [MESSAGE][PASSED] - Object: 'Object Repository/Final Object Repo/WorkFlow Listing Page/Search Information - To Put Ref No' is clicked on

2018-12-12 18:26:06 - [TEST_STEP][PASSED] - delay: Delayed 2 second(s)

2018-12-12 18:26:08 - [MESSAGE][PASSED] - Delayed 2 second(s)

2018-12-12 18:26:08 - [TEST_STEP][PASSED] - callTestCase: Call Test Case 'Test Cases/Final Aug 2018 - PKS Automation/Common/Reference Number Getter' successfully

2018-12-12 18:26:08 - [TEST_CASE][PASSED] - Test Cases/Final Aug 2018 - PKS Automation/Common/Reference Number Getter: Test Cases/Final Aug 2018 - PKS Automation/Common/Reference Number Getter

2018-12-12 18:26:08 - [TEST_STEP][PASSED] - Statement - Try: null

2018-12-12 18:26:08 - [TEST_STEP][PASSED] - Statement - RefNo = new java.io.File(C://Users//Admin//Desktop//PKS//Automation Reference Point//KatalonReference.txt): null

2018-12-12 18:26:08 - [TEST_STEP][PASSED] - Statement - bufferread = new java.io.BufferedReader(new java.io.FileReader(RefNo)): null

2018-12-12 18:26:08 - [TEST_STEP][PASSED] - Statement - readedVal = bufferread.readLine(): null

2018-12-12 18:26:08 - [TEST_STEP][PASSED] - Statement - out.println(CaseReferenceNo): null

2018-12-12 18:26:08 - [TEST_STEP][PASSED] - Statement - out.println(readedVal): null

2018-12-12 18:26:08 - [TEST_STEP][PASSED] - Statement - CaseReferenceNo = "": null

2018-12-12 18:26:08 - [TEST_STEP][PASSED] - Statement - CaseReferenceNo = readedVal: null

2018-12-12 18:26:08 - [MESSAGE][PASSED] - Call Test Case 'Test Cases/Final Aug 2018 - PKS Automation/Common/Reference Number Getter' successfully

2018-12-12 18:26:08 - [TEST_STEP][PASSED] - setText: Text 'CRN12201800123225' is set on object 'Object Repository/Final Object Repo/WorkFlow Listing Page/Ref No Set Text'

2018-12-12 18:26:08 - [MESSAGE][PASSED] - Text 'CRN12201800123225' is set on object 'Object Repository/Final Object Repo/WorkFlow Listing Page/Ref No Set Text'

2018-12-12 18:26:08 - [TEST_STEP][PASSED] - delay: Delayed 2 second(s)

2018-12-12 18:26:10 - [MESSAGE][PASSED] - Delayed 2 second(s)

2018-12-12 18:26:10 - [TEST_STEP][PASSED] - click: Object: 'Object Repository/Final Object Repo/WorkFlow Listing Page/Search Ref No Search Button' is clicked on

2018-12-12 18:26:11 - [MESSAGE][PASSED] - Object: 'Object Repository/Final Object Repo/WorkFlow Listing Page/Search Ref No Search Button' is clicked on

2018-12-12 18:26:11 - [TEST_STEP][PASSED] - delay: Delayed 6 second(s)

2018-12-12 18:26:17 - [MESSAGE][PASSED] - Delayed 6 second(s)

2018-12-12 18:26:17 - [TEST_STEP][PASSED] - click: Object: 'Object Repository/Final Object Repo/WorkFlow Listing Page/Click Continue Tooltip' is clicked on

2018-12-12 18:26:18 - [MESSAGE][PASSED] - Object: 'Object Repository/Final Object Repo/WorkFlow Listing Page/Click Continue Tooltip' is clicked on

2018-12-12 18:26:18 - [TEST_STEP][PASSED] - delay: Delayed 5 second(s)

2018-12-12 18:26:23 - [MESSAGE][PASSED] - Delayed 5 second(s)

2018-12-12 18:26:23 - [TEST_STEP][PASSED] - doubleClick: Object: 'Object Repository/Final Object Repo/WorkFlow Listing Page/Workflow Found - Listing 1' is double clicked on

2018-12-12 18:26:23 - [MESSAGE][PASSED] - Object: 'Object Repository/Final Object Repo/WorkFlow Listing Page/Workflow Found - Listing 1' is double clicked on

2018-12-12 18:26:23 - [TEST_STEP][PASSED] - Statement - println(OwnerID): null

2018-12-12 18:26:23 - [TEST_STEP][PASSED] - Statement - OwnerID = com.kms.katalon.core.webui.keyword.WebUiBuiltInKeywords.getText(com.kms.katalon.core.testobject.ObjectRepository.findTestObject(Final Object Repo/WorkFlow Listing Page/Workflow Found - Listing 1), STOP_ON_FAILURE): Text of object 'Object Repository/Final Object Repo/WorkFlow Listing Page/Workflow Found - Listing 1' is: 'JOHORpkrbo3'

2018-12-12 18:26:23 - [MESSAGE][PASSED] - Text of object 'Object Repository/Final Object Repo/WorkFlow Listing Page/Workflow Found - Listing 1' is: 'JOHORpkrbo3'

2018-12-12 18:26:23 - [TEST_STEP][PASSED] - Statement - OwnerID = OwnerID.toLowerCase() + "@gmail.com": null

2018-12-12 18:26:23 - [TEST_STEP][PASSED] - Statement - println(OwnerID): null

2018-12-12 18:26:23 - [TEST_STEP][PASSED] - delay: Delayed 2 second(s)

2018-12-12 18:26:25 - [MESSAGE][PASSED] - Delayed 2 second(s)

2018-12-12 18:26:25 - [MESSAGE][PASSED] - Call Test Case 'Test Cases/Final Aug 2018 - PKS Automation/Common/Workflow Owner Finder' successfully

2018-12-12 18:26:25 - [TEST_STEP][PASSED] - callTestCase: Call Test Case 'Test Cases/Final Aug 2018 - PKS Automation/Registration Module/Log Out/log out avoiding katalon tagging' successfully

2018-12-12 18:26:25 - [TEST_CASE][PASSED] - Test Cases/Final Aug 2018 - PKS Automation/Registration Module/Log Out/log out avoiding katalon tagging: Test Cases/Final Aug 2018 - PKS Automation/Registration Module/Log Out/log out avoiding katalon tagging

2018-12-12 18:26:25 - [TEST_STEP][PASSED] - navigateToUrl: Navigate to 'https://assist2-uat.perkeso.gov.my/c/portal/logout' successfully

2018-12-12 18:26:26 - [MESSAGE][PASSED] - Navigate to 'https://assist2-uat.perkeso.gov.my/c/portal/logout' successfully

2018-12-12 18:26:26 - [MESSAGE][PASSED] - Call Test Case 'Test Cases/Final Aug 2018 - PKS Automation/Registration Module/Log Out/log out avoiding katalon tagging' successfully

2018-12-12 18:26:26 - [TEST_STEP][PASSED] - delay: Delayed 2 second(s)

2018-12-12 18:26:28 - [MESSAGE][PASSED] - Delayed 2 second(s)

2018-12-12 18:26:28 - [TEST_STEP][PASSED] - setText: Text 'johorpkrbo3@gmail.com' is set on object 'Object Repository/Final Object Repo/New Registration - Registration Module Pages/Incomplete - PKRBO/Email TextBox'

2018-12-12 18:26:28 - [MESSAGE][PASSED] - Text 'johorpkrbo3@gmail.com' is set on object 'Object Repository/Final Object Repo/New Registration - Registration Module Pages/Incomplete - PKRBO/Email TextBox'

2018-12-12 18:26:28 - [TEST_STEP][PASSED] - click: Object: 'Object Repository/Final Object Repo/New Registration - Registration Module Pages/Incomplete - PKRBO/Next Button' is clicked on

2018-12-12 18:26:28 - [MESSAGE][PASSED] - Object: 'Object Repository/Final Object Repo/New Registration - Registration Module Pages/Incomplete - PKRBO/Next Button' is clicked on

2018-12-12 18:26:28 - [TEST_STEP][PASSED] - delay: Delayed 2 second(s)

2018-12-12 18:26:30 - [MESSAGE][PASSED] - Delayed 2 second(s)

2018-12-12 18:26:30 - [TEST_STEP][PASSED] - setText: Text 'Test1@3456789' is set on object 'Object Repository/Final Object Repo/New Registration - Registration Module Pages/Incomplete - PKRBO/Password TextBox'

2018-12-12 18:26:30 - [MESSAGE][PASSED] - Text 'Test1@3456789' is set on object 'Object Repository/Final Object Repo/New Registration - Registration Module Pages/Incomplete - PKRBO/Password TextBox'

2018-12-12 18:26:30 - [TEST_STEP][PASSED] - delay: Delayed 2 second(s)

2018-12-12 18:26:32 - [MESSAGE][PASSED] - Delayed 2 second(s)

2018-12-12 18:26:32 - [TEST_STEP][PASSED] - click: Object: 'Object Repository/Final Object Repo/New Registration - Registration Module Pages/Incomplete - PKRBO/Login Button' is clicked on

2018-12-12 18:26:33 - [MESSAGE][PASSED] - Object: 'Object Repository/Final Object Repo/New Registration - Registration Module Pages/Incomplete - PKRBO/Login Button' is clicked on

2018-12-12 18:26:33 - [TEST_STEP][PASSED] - Statement - Try: null

2018-12-12 18:26:33 - [TEST_STEP][PASSED] - Statement - Checker = com.kms.katalon.core.webui.keyword.WebUiBuiltInKeywords.verifyElementNotPresent("Final Object Repo/Landing Page/Select to English", 3): null

2018-12-12 18:26:33 - [TEST_STEP][PASSED] - Statement - Catch (Exception e): null

2018-12-12 18:26:33 - [TEST_STEP][PASSED] - Statement - e.printStackTrace(): null

2018-12-12 18:26:33 - [TEST_STEP][PASSED] - delay: Delayed 5 second(s)

2018-12-12 18:26:38 - [MESSAGE][PASSED] - Delayed 5 second(s)

2018-12-12 18:26:38 - [TEST_STEP][PASSED] - click: Object: 'Object Repository/Final Object Repo/New Registration - Registration Module Pages/New Reg - OTC to RO/Special Case - All Related Objects/Expand to Search' is clicked on

2018-12-12 18:26:38 - [MESSAGE][PASSED] - Object: 'Object Repository/Final Object Repo/New Registration - Registration Module Pages/New Reg - OTC to RO/Special Case - All Related Objects/Expand to Search' is clicked on

2018-12-12 18:26:38 - [TEST_STEP][PASSED] - delay: Delayed 1 second(s)

2018-12-12 18:26:39 - [MESSAGE][PASSED] - Delayed 1 second(s)

2018-12-12 18:26:39 - [TEST_STEP][PASSED] - setText: Text 'CRN12201800123225' is set on object 'Object Repository/Final Object Repo/New Registration - Registration Module Pages/New Reg - OTC to RO/Special Case - All Related Objects/TextBox RefNo in Workbasket'

2018-12-12 18:26:39 - [MESSAGE][PASSED] - Text 'CRN12201800123225' is set on object 'Object Repository/Final Object Repo/New Registration - Registration Module Pages/New Reg - OTC to RO/Special Case - All Related Objects/TextBox RefNo in Workbasket'

2018-12-12 18:26:39 - [TEST_STEP][PASSED] - delay: Delayed 2 second(s)

2018-12-12 18:26:41 - [MESSAGE][PASSED] - Delayed 2 second(s)

2018-12-12 18:26:41 - [TEST_STEP][PASSED] - click: Object: 'Object Repository/Final Object Repo/New Registration - Registration Module Pages/New Reg - OTC to RO/Special Case - All Related Objects/Click Search' is clicked on

2018-12-12 18:26:41 - [MESSAGE][PASSED] - Object: 'Object Repository/Final Object Repo/New Registration - Registration Module Pages/New Reg - OTC to RO/Special Case - All Related Objects/Click Search' is clicked on

2018-12-12 18:26:41 - [TEST_STEP][PASSED] - delay: Delayed 2 second(s)

2018-12-12 18:26:43 - [MESSAGE][PASSED] - Delayed 2 second(s)

2018-12-12 18:26:43 - [TEST_STEP][PASSED] - click: Object: 'Object Repository/Final Object Repo/New Registration - Registration Module Pages/New Reg - OTC to RO/Special Case - All Related Objects/Click to Continue Workflow' is clicked on

2018-12-12 18:26:45 - [MESSAGE][PASSED] - Object: 'Object Repository/Final Object Repo/New Registration - Registration Module Pages/New Reg - OTC to RO/Special Case - All Related Objects/Click to Continue Workflow' is clicked on

2018-12-12 18:26:45 - [TEST_STEP][PASSED] - delay: Delayed 5 second(s)

2018-12-12 18:26:50 - [MESSAGE][PASSED] - Delayed 5 second(s)

2018-12-12 18:26:50 - [TEST_STEP][PASSED] - click: Object: 'Object Repository/Final Object Repo/New Registration - Registration Module Pages/Incomplete - PKRBO/Save  Continue Button' is clicked on

2018-12-12 18:26:51 - [MESSAGE][PASSED] - Object: 'Object Repository/Final Object Repo/New Registration - Registration Module Pages/Incomplete - PKRBO/Save  Continue Button' is clicked on

2018-12-12 18:26:51 - [TEST_STEP][PASSED] - delay: Delayed 5 second(s)

2018-12-12 18:26:56 - [MESSAGE][PASSED] - Delayed 5 second(s)

2018-12-12 18:26:56 - [TEST_STEP][PASSED] - click: Object: 'Object Repository/Final Object Repo/New Registration - Registration Module Pages/Form 2/Save and Continue Form 2' is clicked on

2018-12-12 18:26:56 - [MESSAGE][PASSED] - Object: 'Object Repository/Final Object Repo/New Registration - Registration Module Pages/Form 2/Save and Continue Form 2' is clicked on

2018-12-12 18:26:56 - [TEST_STEP][PASSED] - delay: Delayed 4 second(s)

2018-12-12 18:27:00 - [MESSAGE][PASSED] - Delayed 4 second(s)

2018-12-12 18:27:00 - [TEST_STEP][PASSED] - click: Object: 'Object Repository/Final Object Repo/New Registration - Registration Module Pages/Incomplete - PKRBO/Save  Continue Third Screen' is clicked on

2018-12-12 18:27:05 - [MESSAGE][PASSED] - Object: 'Object Repository/Final Object Repo/New Registration - Registration Module Pages/Incomplete - PKRBO/Save  Continue Third Screen' is clicked on

2018-12-12 18:27:05 - [TEST_STEP][PASSED] - delay: Delayed 4 second(s)

2018-12-12 18:27:09 - [MESSAGE][PASSED] - Delayed 4 second(s)

2018-12-12 18:27:09 - [TEST_STEP][PASSED] - click: Object: 'Object Repository/Final Object Repo/New Registration - Registration Module Pages/Incomplete - PKRBO/Save   Continue Supporting Doc Page' is clicked on

2018-12-12 18:27:10 - [MESSAGE][PASSED] - Object: 'Object Repository/Final Object Repo/New Registration - Registration Module Pages/Incomplete - PKRBO/Save   Continue Supporting Doc Page' is clicked on

2018-12-12 18:27:10 - [TEST_STEP][PASSED] - delay: Delayed 4 second(s)

2018-12-12 18:27:14 - [MESSAGE][PASSED] - Delayed 4 second(s)

2018-12-12 18:27:14 - [TEST_STEP][PASSED] - click: Object: 'Object Repository/Final Object Repo/New Registration - Registration Module Pages/Incomplete - PKRBO/Submit Button' is clicked on

2018-12-12 18:27:14 - [MESSAGE][PASSED] - Object: 'Object Repository/Final Object Repo/New Registration - Registration Module Pages/Incomplete - PKRBO/Submit Button' is clicked on

2018-12-12 18:27:14 - [TEST_STEP][PASSED] - delay: Delayed 4 second(s)

2018-12-12 18:27:18 - [MESSAGE][PASSED] - Delayed 4 second(s)

2018-12-12 18:27:18 - [TEST_STEP][PASSED] - click: Object: 'Object Repository/Final Object Repo/New Registration - Registration Module Pages/Incomplete - PKRBO/Confirm Submit Button' is clicked on

2018-12-12 18:27:19 - [MESSAGE][PASSED] - Object: 'Object Repository/Final Object Repo/New Registration - Registration Module Pages/Incomplete - PKRBO/Confirm Submit Button' is clicked on

2018-12-12 18:27:19 - [TEST_STEP][PASSED] - delay: Delayed 30 second(s)

2018-12-12 18:27:49 - [MESSAGE][PASSED] - Delayed 30 second(s)

2018-12-12 18:27:49 - [TEST_STEP][PASSED] - callTestCase: Call Test Case 'Test Cases/Final Aug 2018 - PKS Automation/Common/Screenshoting tool' successfully

2018-12-12 18:27:49 - [TEST_CASE][PASSED] - Test Cases/Final Aug 2018 - PKS Automation/Common/Screenshoting tool: Test Cases/Final Aug 2018 - PKS Automation/Common/Screenshoting tool

2018-12-12 18:27:49 - [TEST_STEP][PASSED] - delay: Delayed 15 second(s)

2018-12-12 18:28:04 - [MESSAGE][PASSED] - Delayed 15 second(s)

2018-12-12 18:28:04 - [TEST_STEP][PASSED] - Statement - driver = com.kms.katalon.core.webui.driver.DriverFactory.getWebDriver(): null

2018-12-12 18:28:04 - [TEST_STEP][PASSED] - Statement - driver.manage().timeouts().implicitlyWait(10, SECONDS): null

2018-12-12 18:28:04 - [TEST_STEP][PASSED] - Statement - PresavePath = KatalonScreenshots: null

2018-12-12 18:28:04 - [TEST_STEP][PASSED] - Statement - pathPrefix = "C:\Users\Public\Pictures\Sample Pictures\Katalon Screenshots\Automate Ending Screen": null

2018-12-12 18:28:04 - [TEST_STEP][PASSED] - Statement - finalPath = <not implemented yet for class: org.codehaus.groovy.ast.expr.EmptyExpression>: null

2018-12-12 18:28:04 - [TEST_STEP][PASSED] - Statement - scrFile = driver.getScreenshotAs(FILE): null

2018-12-12 18:28:05 - [TEST_STEP][PASSED] - Statement - PreSaveFile = new java.io.File(PresavePath): null

2018-12-12 18:28:05 - [TEST_STEP][PASSED] - Statement - counter = 0: null

2018-12-12 18:28:05 - [TEST_STEP][PASSED] - Statement - If (PreSaveFile.exists()): null

2018-12-12 18:28:05 - [TEST_STEP][PASSED] - Statement - While (PreSaveFile.exists()): null

2018-12-12 18:28:05 - [TEST_STEP][PASSED] - Statement - counter = counter + 1: null

2018-12-12 18:28:05 - [TEST_STEP][PASSED] - Statement - PreSaveFile = new java.io.File(((pathPrefix + java.lang.Integer.toString(counter)) + .png)): null

2018-12-12 18:28:05 - [TEST_STEP][PASSED] - Statement - counter = counter + 1: null

2018-12-12 18:28:05 - [TEST_STEP][PASSED] - Statement - PreSaveFile = new java.io.File(((pathPrefix + java.lang.Integer.toString(counter)) + .png)): null

2018-12-12 18:28:05 - [TEST_STEP][PASSED] - Statement - counter = counter + 1: null

2018-12-12 18:28:05 - [TEST_STEP][PASSED] - Statement - PreSaveFile = new java.io.File(((pathPrefix + java.lang.Integer.toString(counter)) + .png)): null

2018-12-12 18:28:05 - [TEST_STEP][PASSED] - Statement - counter = counter + 1: null

2018-12-12 18:28:05 - [TEST_STEP][PASSED] - Statement - PreSaveFile = new java.io.File(((pathPrefix + java.lang.Integer.toString(counter)) + .png)): null

2018-12-12 18:28:05 - [TEST_STEP][PASSED] - Statement - counter = counter + 1: null

2018-12-12 18:28:05 - [TEST_STEP][PASSED] - Statement - PreSaveFile = new java.io.File(((pathPrefix + java.lang.Integer.toString(counter)) + .png)): null

2018-12-12 18:28:05 - [TEST_STEP][PASSED] - Statement - counter = counter + 1: null

2018-12-12 18:28:05 - [TEST_STEP][PASSED] - Statement - PreSaveFile = new java.io.File(((pathPrefix + java.lang.Integer.toString(counter)) + .png)): null

2018-12-12 18:28:05 - [TEST_STEP][PASSED] - Statement - counter = counter + 1: null

2018-12-12 18:28:05 - [TEST_STEP][PASSED] - Statement - PreSaveFile = new java.io.File(((pathPrefix + java.lang.Integer.toString(counter)) + .png)): null

2018-12-12 18:28:05 - [TEST_STEP][PASSED] - Statement - counter = counter + 1: null

2018-12-12 18:28:05 - [TEST_STEP][PASSED] - Statement - PreSaveFile = new java.io.File(((pathPrefix + java.lang.Integer.toString(counter)) + .png)): null

2018-12-12 18:28:05 - [TEST_STEP][PASSED] - Statement - counter = counter + 1: null

2018-12-12 18:28:05 - [TEST_STEP][PASSED] - Statement - PreSaveFile = new java.io.File(((pathPrefix + java.lang.Integer.toString(counter)) + .png)): null

2018-12-12 18:28:05 - [TEST_STEP][PASSED] - Statement - counter = counter + 1: null

2018-12-12 18:28:05 - [TEST_STEP][PASSED] - Statement - PreSaveFile = new java.io.File(((pathPrefix + java.lang.Integer.toString(counter)) + .png)): null

2018-12-12 18:28:05 - [TEST_STEP][PASSED] - Statement - counter = counter + 1: null

2018-12-12 18:28:05 - [TEST_STEP][PASSED] - Statement - PreSaveFile = new java.io.File(((pathPrefix + java.lang.Integer.toString(counter)) + .png)): null

2018-12-12 18:28:05 - [TEST_STEP][PASSED] - Statement - counter = counter + 1: null

2018-12-12 18:28:05 - [TEST_STEP][PASSED] - Statement - PreSaveFile = new java.io.File(((pathPrefix + java.lang.Integer.toString(counter)) + .png)): null

2018-12-12 18:28:05 - [TEST_STEP][PASSED] - Statement - counter = counter + 1: null

2018-12-12 18:28:05 - [TEST_STEP][PASSED] - Statement - PreSaveFile = new java.io.File(((pathPrefix + java.lang.Integer.toString(counter)) + .png)): null

2018-12-12 18:28:05 - [TEST_STEP][PASSED] - Statement - counter = counter + 1: null

2018-12-12 18:28:05 - [TEST_STEP][PASSED] - Statement - PreSaveFile = new java.io.File(((pathPrefix + java.lang.Integer.toString(counter)) + .png)): null

2018-12-12 18:28:05 - [TEST_STEP][PASSED] - Statement - counter = counter + 1: null

2018-12-12 18:28:05 - [TEST_STEP][PASSED] - Statement - PreSaveFile = new java.io.File(((pathPrefix + java.lang.Integer.toString(counter)) + .png)): null

2018-12-12 18:28:05 - [TEST_STEP][PASSED] - Statement - counter = counter + 1: null

2018-12-12 18:28:05 - [TEST_STEP][PASSED] - Statement - PreSaveFile = new java.io.File(((pathPrefix + java.lang.Integer.toString(counter)) + .png)): null

2018-12-12 18:28:05 - [TEST_STEP][PASSED] - Statement - counter = counter + 1: null

2018-12-12 18:28:05 - [TEST_STEP][PASSED] - Statement - PreSaveFile = new java.io.File(((pathPrefix + java.lang.Integer.toString(counter)) + .png)): null

2018-12-12 18:28:05 - [TEST_STEP][PASSED] - Statement - counter = counter + 1: null

2018-12-12 18:28:05 - [TEST_STEP][PASSED] - Statement - PreSaveFile = new java.io.File(((pathPrefix + java.lang.Integer.toString(counter)) + .png)): null

2018-12-12 18:28:05 - [TEST_STEP][PASSED] - Statement - counter = counter + 1: null

2018-12-12 18:28:05 - [TEST_STEP][PASSED] - Statement - PreSaveFile = new java.io.File(((pathPrefix + java.lang.Integer.toString(counter)) + .png)): null

2018-12-12 18:28:05 - [TEST_STEP][PASSED] - Statement - counter = counter + 1: null

2018-12-12 18:28:05 - [TEST_STEP][PASSED] - Statement - PreSaveFile = new java.io.File(((pathPrefix + java.lang.Integer.toString(counter)) + .png)): null

2018-12-12 18:28:05 - [TEST_STEP][PASSED] - Statement - counter = counter + 1: null

2018-12-12 18:28:05 - [TEST_STEP][PASSED] - Statement - PreSaveFile = new java.io.File(((pathPrefix + java.lang.Integer.toString(counter)) + .png)): null

2018-12-12 18:28:05 - [TEST_STEP][PASSED] - Statement - counter = counter + 1: null

2018-12-12 18:28:05 - [TEST_STEP][PASSED] - Statement - PreSaveFile = new java.io.File(((pathPrefix + java.lang.Integer.toString(counter)) + .png)): null

2018-12-12 18:28:05 - [TEST_STEP][PASSED] - Statement - counter = counter + 1: null

2018-12-12 18:28:05 - [TEST_STEP][PASSED] - Statement - PreSaveFile = new java.io.File(((pathPrefix + java.lang.Integer.toString(counter)) + .png)): null

2018-12-12 18:28:05 - [TEST_STEP][PASSED] - Statement - counter = counter + 1: null

2018-12-12 18:28:05 - [TEST_STEP][PASSED] - Statement - PreSaveFile = new java.io.File(((pathPrefix + java.lang.Integer.toString(counter)) + .png)): null

2018-12-12 18:28:05 - [TEST_STEP][PASSED] - Statement - counter = counter + 1: null

2018-12-12 18:28:05 - [TEST_STEP][PASSED] - Statement - PreSaveFile = new java.io.File(((pathPrefix + java.lang.Integer.toString(counter)) + .png)): null

2018-12-12 18:28:05 - [TEST_STEP][PASSED] - Statement - counter = counter + 1: null

2018-12-12 18:28:05 - [TEST_STEP][PASSED] - Statement - PreSaveFile = new java.io.File(((pathPrefix + java.lang.Integer.toString(counter)) + .png)): null

2018-12-12 18:28:05 - [TEST_STEP][PASSED] - Statement - counter = counter + 1: null

2018-12-12 18:28:05 - [TEST_STEP][PASSED] - Statement - PreSaveFile = new java.io.File(((pathPrefix + java.lang.Integer.toString(counter)) + .png)): null

2018-12-12 18:28:05 - [TEST_STEP][PASSED] - Statement - counter = counter + 1: null

2018-12-12 18:28:05 - [TEST_STEP][PASSED] - Statement - PreSaveFile = new java.io.File(((pathPrefix + java.lang.Integer.toString(counter)) + .png)): null

2018-12-12 18:28:05 - [TEST_STEP][PASSED] - Statement - counter = counter + 1: null

2018-12-12 18:28:05 - [TEST_STEP][PASSED] - Statement - PreSaveFile = new java.io.File(((pathPrefix + java.lang.Integer.toString(counter)) + .png)): null

2018-12-12 18:28:05 - [TEST_STEP][PASSED] - Statement - counter = counter + 1: null

2018-12-12 18:28:05 - [TEST_STEP][PASSED] - Statement - PreSaveFile = new java.io.File(((pathPrefix + java.lang.Integer.toString(counter)) + .png)): null

2018-12-12 18:28:05 - [TEST_STEP][PASSED] - Statement - counter = counter + 1: null

2018-12-12 18:28:05 - [TEST_STEP][PASSED] - Statement - PreSaveFile = new java.io.File(((pathPrefix + java.lang.Integer.toString(counter)) + .png)): null

2018-12-12 18:28:05 - [TEST_STEP][PASSED] - Statement - counter = counter + 1: null

2018-12-12 18:28:05 - [TEST_STEP][PASSED] - Statement - PreSaveFile = new java.io.File(((pathPrefix + java.lang.Integer.toString(counter)) + .png)): null

2018-12-12 18:28:05 - [TEST_STEP][PASSED] - Statement - counter = counter + 1: null

2018-12-12 18:28:05 - [TEST_STEP][PASSED] - Statement - PreSaveFile = new java.io.File(((pathPrefix + java.lang.Integer.toString(counter)) + .png)): null

2018-12-12 18:28:05 - [TEST_STEP][PASSED] - Statement - counter = counter + 1: null

2018-12-12 18:28:05 - [TEST_STEP][PASSED] - Statement - PreSaveFile = new java.io.File(((pathPrefix + java.lang.Integer.toString(counter)) + .png)): null

2018-12-12 18:28:05 - [TEST_STEP][PASSED] - Statement - counter = counter + 1: null

2018-12-12 18:28:05 - [TEST_STEP][PASSED] - Statement - PreSaveFile = new java.io.File(((pathPrefix + java.lang.Integer.toString(counter)) + .png)): null

2018-12-12 18:28:05 - [TEST_STEP][PASSED] - Statement - counter = counter + 1: null

2018-12-12 18:28:05 - [TEST_STEP][PASSED] - Statement - PreSaveFile = new java.io.File(((pathPrefix + java.lang.Integer.toString(counter)) + .png)): null

2018-12-12 18:28:05 - [TEST_STEP][PASSED] - Statement - counter = counter + 1: null

2018-12-12 18:28:05 - [TEST_STEP][PASSED] - Statement - PreSaveFile = new java.io.File(((pathPrefix + java.lang.Integer.toString(counter)) + .png)): null

2018-12-12 18:28:05 - [TEST_STEP][PASSED] - Statement - counter = counter + 1: null

2018-12-12 18:28:05 - [TEST_STEP][PASSED] - Statement - PreSaveFile = new java.io.File(((pathPrefix + java.lang.Integer.toString(counter)) + .png)): null

2018-12-12 18:28:05 - [TEST_STEP][PASSED] - Statement - counter = counter + 1: null

2018-12-12 18:28:05 - [TEST_STEP][PASSED] - Statement - PreSaveFile = new java.io.File(((pathPrefix + java.lang.Integer.toString(counter)) + .png)): null

2018-12-12 18:28:05 - [TEST_STEP][PASSED] - Statement - counter = counter + 1: null

2018-12-12 18:28:05 - [TEST_STEP][PASSED] - Statement - PreSaveFile = new java.io.File(((pathPrefix + java.lang.Integer.toString(counter)) + .png)): null

2018-12-12 18:28:05 - [TEST_STEP][PASSED] - Statement - counter = counter + 1: null

2018-12-12 18:28:05 - [TEST_STEP][PASSED] - Statement - PreSaveFile = new java.io.File(((pathPrefix + java.lang.Integer.toString(counter)) + .png)): null

2018-12-12 18:28:05 - [TEST_STEP][PASSED] - Statement - counter = counter + 1: null

2018-12-12 18:28:05 - [TEST_STEP][PASSED] - Statement - PreSaveFile = new java.io.File(((pathPrefix + java.lang.Integer.toString(counter)) + .png)): null

2018-12-12 18:28:05 - [TEST_STEP][PASSED] - Statement - counter = counter + 1: null

2018-12-12 18:28:05 - [TEST_STEP][PASSED] - Statement - PreSaveFile = new java.io.File(((pathPrefix + java.lang.Integer.toString(counter)) + .png)): null

2018-12-12 18:28:05 - [TEST_STEP][PASSED] - Statement - counter = counter + 1: null

2018-12-12 18:28:05 - [TEST_STEP][PASSED] - Statement - PreSaveFile = new java.io.File(((pathPrefix + java.lang.Integer.toString(counter)) + .png)): null

2018-12-12 18:28:05 - [TEST_STEP][PASSED] - Statement - counter = counter + 1: null

2018-12-12 18:28:05 - [TEST_STEP][PASSED] - Statement - PreSaveFile = new java.io.File(((pathPrefix + java.lang.Integer.toString(counter)) + .png)): null

2018-12-12 18:28:05 - [TEST_STEP][PASSED] - Statement - counter = counter + 1: null

2018-12-12 18:28:05 - [TEST_STEP][PASSED] - Statement - PreSaveFile = new java.io.File(((pathPrefix + java.lang.Integer.toString(counter)) + .png)): null

2018-12-12 18:28:05 - [TEST_STEP][PASSED] - Statement - counter = counter + 1: null

2018-12-12 18:28:05 - [TEST_STEP][PASSED] - Statement - PreSaveFile = new java.io.File(((pathPrefix + java.lang.Integer.toString(counter)) + .png)): null

2018-12-12 18:28:05 - [TEST_STEP][PASSED] - Statement - counter = counter + 1: null

2018-12-12 18:28:05 - [TEST_STEP][PASSED] - Statement - PreSaveFile = new java.io.File(((pathPrefix + java.lang.Integer.toString(counter)) + .png)): null

2018-12-12 18:28:05 - [TEST_STEP][PASSED] - Statement - counter = counter + 1: null

2018-12-12 18:28:05 - [TEST_STEP][PASSED] - Statement - PreSaveFile = new java.io.File(((pathPrefix + java.lang.Integer.toString(counter)) + .png)): null

2018-12-12 18:28:05 - [TEST_STEP][PASSED] - Statement - counter = counter + 1: null

2018-12-12 18:28:05 - [TEST_STEP][PASSED] - Statement - PreSaveFile = new java.io.File(((pathPrefix + java.lang.Integer.toString(counter)) + .png)): null

2018-12-12 18:28:05 - [TEST_STEP][PASSED] - Statement - counter = counter + 1: null

2018-12-12 18:28:05 - [TEST_STEP][PASSED] - Statement - PreSaveFile = new java.io.File(((pathPrefix + java.lang.Integer.toString(counter)) + .png)): null

2018-12-12 18:28:05 - [TEST_STEP][PASSED] - Statement - counter = counter + 1: null

2018-12-12 18:28:05 - [TEST_STEP][PASSED] - Statement - PreSaveFile = new java.io.File(((pathPrefix + java.lang.Integer.toString(counter)) + .png)): null

2018-12-12 18:28:05 - [TEST_STEP][PASSED] - Statement - counter = counter + 1: null

2018-12-12 18:28:05 - [TEST_STEP][PASSED] - Statement - PreSaveFile = new java.io.File(((pathPrefix + java.lang.Integer.toString(counter)) + .png)): null

2018-12-12 18:28:05 - [TEST_STEP][PASSED] - Statement - counter = counter + 1: null

2018-12-12 18:28:05 - [TEST_STEP][PASSED] - Statement - PreSaveFile = new java.io.File(((pathPrefix + java.lang.Integer.toString(counter)) + .png)): null

2018-12-12 18:28:05 - [TEST_STEP][PASSED] - Statement - counter = counter + 1: null

2018-12-12 18:28:05 - [TEST_STEP][PASSED] - Statement - PreSaveFile = new java.io.File(((pathPrefix + java.lang.Integer.toString(counter)) + .png)): null

2018-12-12 18:28:05 - [TEST_STEP][PASSED] - Statement - counter = counter + 1: null

2018-12-12 18:28:05 - [TEST_STEP][PASSED] - Statement - PreSaveFile = new java.io.File(((pathPrefix + java.lang.Integer.toString(counter)) + .png)): null

2018-12-12 18:28:05 - [TEST_STEP][PASSED] - Statement - counter = counter + 1: null

2018-12-12 18:28:05 - [TEST_STEP][PASSED] - Statement - PreSaveFile = new java.io.File(((pathPrefix + java.lang.Integer.toString(counter)) + .png)): null

2018-12-12 18:28:05 - [TEST_STEP][PASSED] - Statement - counter = counter + 1: null

2018-12-12 18:28:05 - [TEST_STEP][PASSED] - Statement - PreSaveFile = new java.io.File(((pathPrefix + java.lang.Integer.toString(counter)) + .png)): null

2018-12-12 18:28:05 - [TEST_STEP][PASSED] - Statement - counter = counter + 1: null

2018-12-12 18:28:05 - [TEST_STEP][PASSED] - Statement - PreSaveFile = new java.io.File(((pathPrefix + java.lang.Integer.toString(counter)) + .png)): null

2018-12-12 18:28:05 - [TEST_STEP][PASSED] - Statement - counter = counter + 1: null

2018-12-12 18:28:05 - [TEST_STEP][PASSED] - Statement - PreSaveFile = new java.io.File(((pathPrefix + java.lang.Integer.toString(counter)) + .png)): null

2018-12-12 18:28:05 - [TEST_STEP][PASSED] - Statement - counter = counter + 1: null

2018-12-12 18:28:05 - [TEST_STEP][PASSED] - Statement - PreSaveFile = new java.io.File(((pathPrefix + java.lang.Integer.toString(counter)) + .png)): null

2018-12-12 18:28:05 - [TEST_STEP][PASSED] - Statement - counter = counter + 1: null

2018-12-12 18:28:05 - [TEST_STEP][PASSED] - Statement - PreSaveFile = new java.io.File(((pathPrefix + java.lang.Integer.toString(counter)) + .png)): null

2018-12-12 18:28:05 - [TEST_STEP][PASSED] - Statement - counter = counter + 1: null

2018-12-12 18:28:05 - [TEST_STEP][PASSED] - Statement - PreSaveFile = new java.io.File(((pathPrefix + java.lang.Integer.toString(counter)) + .png)): null

2018-12-12 18:28:05 - [TEST_STEP][PASSED] - Statement - counter = counter + 1: null

2018-12-12 18:28:05 - [TEST_STEP][PASSED] - Statement - PreSaveFile = new java.io.File(((pathPrefix + java.lang.Integer.toString(counter)) + .png)): null

2018-12-12 18:28:05 - [TEST_STEP][PASSED] - Statement - counter = counter + 1: null

2018-12-12 18:28:05 - [TEST_STEP][PASSED] - Statement - PreSaveFile = new java.io.File(((pathPrefix + java.lang.Integer.toString(counter)) + .png)): null

2018-12-12 18:28:05 - [TEST_STEP][PASSED] - Statement - counter = counter + 1: null

2018-12-12 18:28:05 - [TEST_STEP][PASSED] - Statement - PreSaveFile = new java.io.File(((pathPrefix + java.lang.Integer.toString(counter)) + .png)): null

2018-12-12 18:28:05 - [TEST_STEP][PASSED] - Statement - counter = counter + 1: null

2018-12-12 18:28:05 - [TEST_STEP][PASSED] - Statement - PreSaveFile = new java.io.File(((pathPrefix + java.lang.Integer.toString(counter)) + .png)): null

2018-12-12 18:28:05 - [TEST_STEP][PASSED] - Statement - counter = counter + 1: null

2018-12-12 18:28:05 - [TEST_STEP][PASSED] - Statement - PreSaveFile = new java.io.File(((pathPrefix + java.lang.Integer.toString(counter)) + .png)): null

2018-12-12 18:28:05 - [TEST_STEP][PASSED] - Statement - counter = counter + 1: null

2018-12-12 18:28:05 - [TEST_STEP][PASSED] - Statement - PreSaveFile = new java.io.File(((pathPrefix + java.lang.Integer.toString(counter)) + .png)): null

2018-12-12 18:28:05 - [TEST_STEP][PASSED] - Statement - counter = counter + 1: null

2018-12-12 18:28:05 - [TEST_STEP][PASSED] - Statement - PreSaveFile = new java.io.File(((pathPrefix + java.lang.Integer.toString(counter)) + .png)): null

2018-12-12 18:28:05 - [TEST_STEP][PASSED] - Statement - counter = counter + 1: null

2018-12-12 18:28:05 - [TEST_STEP][PASSED] - Statement - PreSaveFile = new java.io.File(((pathPrefix + java.lang.Integer.toString(counter)) + .png)): null

2018-12-12 18:28:05 - [TEST_STEP][PASSED] - Statement - counter = counter + 1: null

2018-12-12 18:28:05 - [TEST_STEP][PASSED] - Statement - PreSaveFile = new java.io.File(((pathPrefix + java.lang.Integer.toString(counter)) + .png)): null

2018-12-12 18:28:05 - [TEST_STEP][PASSED] - Statement - counter = counter + 1: null

2018-12-12 18:28:05 - [TEST_STEP][PASSED] - Statement - PreSaveFile = new java.io.File(((pathPrefix + java.lang.Integer.toString(counter)) + .png)): null

2018-12-12 18:28:05 - [TEST_STEP][PASSED] - Statement - counter = counter + 1: null

2018-12-12 18:28:05 - [TEST_STEP][PASSED] - Statement - PreSaveFile = new java.io.File(((pathPrefix + java.lang.Integer.toString(counter)) + .png)): null

2018-12-12 18:28:05 - [TEST_STEP][PASSED] - Statement - counter = counter + 1: null

2018-12-12 18:28:05 - [TEST_STEP][PASSED] - Statement - PreSaveFile = new java.io.File(((pathPrefix + java.lang.Integer.toString(counter)) + .png)): null

2018-12-12 18:28:05 - [TEST_STEP][PASSED] - Statement - counter = counter + 1: null

2018-12-12 18:28:05 - [TEST_STEP][PASSED] - Statement - PreSaveFile = new java.io.File(((pathPrefix + java.lang.Integer.toString(counter)) + .png)): null

2018-12-12 18:28:05 - [TEST_STEP][PASSED] - Statement - counter = counter + 1: null

2018-12-12 18:28:05 - [TEST_STEP][PASSED] - Statement - PreSaveFile = new java.io.File(((pathPrefix + java.lang.Integer.toString(counter)) + .png)): null

2018-12-12 18:28:05 - [TEST_STEP][PASSED] - Statement - counter = counter + 1: null

2018-12-12 18:28:05 - [TEST_STEP][PASSED] - Statement - PreSaveFile = new java.io.File(((pathPrefix + java.lang.Integer.toString(counter)) + .png)): null

2018-12-12 18:28:05 - [TEST_STEP][PASSED] - Statement - counter = counter + 1: null

2018-12-12 18:28:05 - [TEST_STEP][PASSED] - Statement - PreSaveFile = new java.io.File(((pathPrefix + java.lang.Integer.toString(counter)) + .png)): null

2018-12-12 18:28:05 - [TEST_STEP][PASSED] - Statement - counter = counter + 1: null

2018-12-12 18:28:05 - [TEST_STEP][PASSED] - Statement - PreSaveFile = new java.io.File(((pathPrefix + java.lang.Integer.toString(counter)) + .png)): null

2018-12-12 18:28:05 - [TEST_STEP][PASSED] - Statement - counter = counter + 1: null

2018-12-12 18:28:05 - [TEST_STEP][PASSED] - Statement - PreSaveFile = new java.io.File(((pathPrefix + java.lang.Integer.toString(counter)) + .png)): null

2018-12-12 18:28:05 - [TEST_STEP][PASSED] - Statement - counter = counter + 1: null

2018-12-12 18:28:05 - [TEST_STEP][PASSED] - Statement - PreSaveFile = new java.io.File(((pathPrefix + java.lang.Integer.toString(counter)) + .png)): null

2018-12-12 18:28:05 - [TEST_STEP][PASSED] - Statement - counter = counter + 1: null

2018-12-12 18:28:05 - [TEST_STEP][PASSED] - Statement - PreSaveFile = new java.io.File(((pathPrefix + java.lang.Integer.toString(counter)) + .png)): null

2018-12-12 18:28:05 - [TEST_STEP][PASSED] - Statement - counter = counter + 1: null

2018-12-12 18:28:05 - [TEST_STEP][PASSED] - Statement - PreSaveFile = new java.io.File(((pathPrefix + java.lang.Integer.toString(counter)) + .png)): null

2018-12-12 18:28:05 - [TEST_STEP][PASSED] - Statement - counter = counter + 1: null

2018-12-12 18:28:05 - [TEST_STEP][PASSED] - Statement - PreSaveFile = new java.io.File(((pathPrefix + java.lang.Integer.toString(counter)) + .png)): null

2018-12-12 18:28:05 - [TEST_STEP][PASSED] - Statement - counter = counter + 1: null

2018-12-12 18:28:05 - [TEST_STEP][PASSED] - Statement - PreSaveFile = new java.io.File(((pathPrefix + java.lang.Integer.toString(counter)) + .png)): null

2018-12-12 18:28:05 - [TEST_STEP][PASSED] - Statement - counter = counter + 1: null

2018-12-12 18:28:05 - [TEST_STEP][PASSED] - Statement - PreSaveFile = new java.io.File(((pathPrefix + java.lang.Integer.toString(counter)) + .png)): null

2018-12-12 18:28:05 - [TEST_STEP][PASSED] - Statement - counter = counter + 1: null

2018-12-12 18:28:05 - [TEST_STEP][PASSED] - Statement - PreSaveFile = new java.io.File(((pathPrefix + java.lang.Integer.toString(counter)) + .png)): null

2018-12-12 18:28:05 - [TEST_STEP][PASSED] - Statement - counter = counter + 1: null

2018-12-12 18:28:05 - [TEST_STEP][PASSED] - Statement - PreSaveFile = new java.io.File(((pathPrefix + java.lang.Integer.toString(counter)) + .png)): null

2018-12-12 18:28:05 - [TEST_STEP][PASSED] - Statement - counter = counter + 1: null

2018-12-12 18:28:05 - [TEST_STEP][PASSED] - Statement - PreSaveFile = new java.io.File(((pathPrefix + java.lang.Integer.toString(counter)) + .png)): null

2018-12-12 18:28:05 - [TEST_STEP][PASSED] - Statement - counter = counter + 1: null

2018-12-12 18:28:05 - [TEST_STEP][PASSED] - Statement - PreSaveFile = new java.io.File(((pathPrefix + java.lang.Integer.toString(counter)) + .png)): null

2018-12-12 18:28:05 - [TEST_STEP][PASSED] - Statement - counter = counter + 1: null

2018-12-12 18:28:05 - [TEST_STEP][PASSED] - Statement - PreSaveFile = new java.io.File(((pathPrefix + java.lang.Integer.toString(counter)) + .png)): null

2018-12-12 18:28:05 - [TEST_STEP][PASSED] - Statement - counter = counter + 1: null

2018-12-12 18:28:05 - [TEST_STEP][PASSED] - Statement - PreSaveFile = new java.io.File(((pathPrefix + java.lang.Integer.toString(counter)) + .png)): null

2018-12-12 18:28:05 - [TEST_STEP][PASSED] - Statement - counter = counter + 1: null

2018-12-12 18:28:05 - [TEST_STEP][PASSED] - Statement - PreSaveFile = new java.io.File(((pathPrefix + java.lang.Integer.toString(counter)) + .png)): null

2018-12-12 18:28:05 - [TEST_STEP][PASSED] - Statement - counter = counter + 1: null

2018-12-12 18:28:05 - [TEST_STEP][PASSED] - Statement - PreSaveFile = new java.io.File(((pathPrefix + java.lang.Integer.toString(counter)) + .png)): null

2018-12-12 18:28:05 - [TEST_STEP][PASSED] - Statement - counter = counter + 1: null

2018-12-12 18:28:05 - [TEST_STEP][PASSED] - Statement - PreSaveFile = new java.io.File(((pathPrefix + java.lang.Integer.toString(counter)) + .png)): null

2018-12-12 18:28:05 - [TEST_STEP][PASSED] - Statement - counter = counter + 1: null

2018-12-12 18:28:05 - [TEST_STEP][PASSED] - Statement - PreSaveFile = new java.io.File(((pathPrefix + java.lang.Integer.toString(counter)) + .png)): null

2018-12-12 18:28:05 - [TEST_STEP][PASSED] - Statement - counter = counter + 1: null

2018-12-12 18:28:05 - [TEST_STEP][PASSED] - Statement - PreSaveFile = new java.io.File(((pathPrefix + java.lang.Integer.toString(counter)) + .png)): null

2018-12-12 18:28:05 - [TEST_STEP][PASSED] - Statement - counter = counter + 1: null

2018-12-12 18:28:05 - [TEST_STEP][PASSED] - Statement - PreSaveFile = new java.io.File(((pathPrefix + java.lang.Integer.toString(counter)) + .png)): null

2018-12-12 18:28:05 - [TEST_STEP][PASSED] - Statement - counter = counter + 1: null

2018-12-12 18:28:05 - [TEST_STEP][PASSED] - Statement - PreSaveFile = new java.io.File(((pathPrefix + java.lang.Integer.toString(counter)) + .png)): null

2018-12-12 18:28:05 - [TEST_STEP][PASSED] - Statement - counter = counter + 1: null

2018-12-12 18:28:05 - [TEST_STEP][PASSED] - Statement - PreSaveFile = new java.io.File(((pathPrefix + java.lang.Integer.toString(counter)) + .png)): null

2018-12-12 18:28:05 - [TEST_STEP][PASSED] - Statement - counter = counter + 1: null

2018-12-12 18:28:05 - [TEST_STEP][PASSED] - Statement - PreSaveFile = new java.io.File(((pathPrefix + java.lang.Integer.toString(counter)) + .png)): null

2018-12-12 18:28:05 - [TEST_STEP][PASSED] - Statement - counter = counter + 1: null

2018-12-12 18:28:05 - [TEST_STEP][PASSED] - Statement - PreSaveFile = new java.io.File(((pathPrefix + java.lang.Integer.toString(counter)) + .png)): null

2018-12-12 18:28:05 - [TEST_STEP][PASSED] - Statement - counter = counter + 1: null

2018-12-12 18:28:05 - [TEST_STEP][PASSED] - Statement - PreSaveFile = new java.io.File(((pathPrefix + java.lang.Integer.toString(counter)) + .png)): null

2018-12-12 18:28:05 - [TEST_STEP][PASSED] - Statement - counter = counter + 1: null

2018-12-12 18:28:05 - [TEST_STEP][PASSED] - Statement - PreSaveFile = new java.io.File(((pathPrefix + java.lang.Integer.toString(counter)) + .png)): null

2018-12-12 18:28:05 - [TEST_STEP][PASSED] - Statement - counter = counter + 1: null

2018-12-12 18:28:05 - [TEST_STEP][PASSED] - Statement - PreSaveFile = new java.io.File(((pathPrefix + java.lang.Integer.toString(counter)) + .png)): null

2018-12-12 18:28:05 - [TEST_STEP][PASSED] - Statement - counter = counter + 1: null

2018-12-12 18:28:05 - [TEST_STEP][PASSED] - Statement - PreSaveFile = new java.io.File(((pathPrefix + java.lang.Integer.toString(counter)) + .png)): null

2018-12-12 18:28:05 - [TEST_STEP][PASSED] - Statement - counter = counter + 1: null

2018-12-12 18:28:05 - [TEST_STEP][PASSED] - Statement - PreSaveFile = new java.io.File(((pathPrefix + java.lang.Integer.toString(counter)) + .png)): null

2018-12-12 18:28:05 - [TEST_STEP][PASSED] - Statement - counter = counter + 1: null

2018-12-12 18:28:05 - [TEST_STEP][PASSED] - Statement - PreSaveFile = new java.io.File(((pathPrefix + java.lang.Integer.toString(counter)) + .png)): null

2018-12-12 18:28:05 - [TEST_STEP][PASSED] - Statement - counter = counter + 1: null

2018-12-12 18:28:05 - [TEST_STEP][PASSED] - Statement - PreSaveFile = new java.io.File(((pathPrefix + java.lang.Integer.toString(counter)) + .png)): null

2018-12-12 18:28:05 - [TEST_STEP][PASSED] - Statement - counter = counter + 1: null

2018-12-12 18:28:05 - [TEST_STEP][PASSED] - Statement - PreSaveFile = new java.io.File(((pathPrefix + java.lang.Integer.toString(counter)) + .png)): null

2018-12-12 18:28:05 - [TEST_STEP][PASSED] - Statement - counter = counter + 1: null

2018-12-12 18:28:05 - [TEST_STEP][PASSED] - Statement - PreSaveFile = new java.io.File(((pathPrefix + java.lang.Integer.toString(counter)) + .png)): null

2018-12-12 18:28:05 - [TEST_STEP][PASSED] - Statement - counter = counter + 1: null

2018-12-12 18:28:05 - [TEST_STEP][PASSED] - Statement - PreSaveFile = new java.io.File(((pathPrefix + java.lang.Integer.toString(counter)) + .png)): null

2018-12-12 18:28:05 - [TEST_STEP][PASSED] - Statement - counter = counter + 1: null

2018-12-12 18:28:05 - [TEST_STEP][PASSED] - Statement - PreSaveFile = new java.io.File(((pathPrefix + java.lang.Integer.toString(counter)) + .png)): null

2018-12-12 18:28:05 - [TEST_STEP][PASSED] - Statement - counter = counter + 1: null

2018-12-12 18:28:05 - [TEST_STEP][PASSED] - Statement - PreSaveFile = new java.io.File(((pathPrefix + java.lang.Integer.toString(counter)) + .png)): null

2018-12-12 18:28:05 - [TEST_STEP][PASSED] - Statement - counter = counter + 1: null

2018-12-12 18:28:05 - [TEST_STEP][PASSED] - Statement - PreSaveFile = new java.io.File(((pathPrefix + java.lang.Integer.toString(counter)) + .png)): null

2018-12-12 18:28:05 - [TEST_STEP][PASSED] - Statement - counter = counter + 1: null

2018-12-12 18:28:05 - [TEST_STEP][PASSED] - Statement - PreSaveFile = new java.io.File(((pathPrefix + java.lang.Integer.toString(counter)) + .png)): null

2018-12-12 18:28:05 - [TEST_STEP][PASSED] - Statement - counter = counter + 1: null

2018-12-12 18:28:05 - [TEST_STEP][PASSED] - Statement - PreSaveFile = new java.io.File(((pathPrefix + java.lang.Integer.toString(counter)) + .png)): null

2018-12-12 18:28:05 - [TEST_STEP][PASSED] - Statement - counter = counter + 1: null

2018-12-12 18:28:05 - [TEST_STEP][PASSED] - Statement - PreSaveFile = new java.io.File(((pathPrefix + java.lang.Integer.toString(counter)) + .png)): null

2018-12-12 18:28:05 - [TEST_STEP][PASSED] - Statement - counter = counter + 1: null

2018-12-12 18:28:05 - [TEST_STEP][PASSED] - Statement - PreSaveFile = new java.io.File(((pathPrefix + java.lang.Integer.toString(counter)) + .png)): null

2018-12-12 18:28:05 - [TEST_STEP][PASSED] - Statement - counter = counter + 1: null

2018-12-12 18:28:05 - [TEST_STEP][PASSED] - Statement - PreSaveFile = new java.io.File(((pathPrefix + java.lang.Integer.toString(counter)) + .png)): null

2018-12-12 18:28:05 - [TEST_STEP][PASSED] - Statement - counter = counter + 1: null

2018-12-12 18:28:05 - [TEST_STEP][PASSED] - Statement - PreSaveFile = new java.io.File(((pathPrefix + java.lang.Integer.toString(counter)) + .png)): null

2018-12-12 18:28:05 - [TEST_STEP][PASSED] - Statement - counter = counter + 1: null

2018-12-12 18:28:05 - [TEST_STEP][PASSED] - Statement - PreSaveFile = new java.io.File(((pathPrefix + java.lang.Integer.toString(counter)) + .png)): null

2018-12-12 18:28:05 - [TEST_STEP][PASSED] - Statement - counter = counter + 1: null

2018-12-12 18:28:05 - [TEST_STEP][PASSED] - Statement - PreSaveFile = new java.io.File(((pathPrefix + java.lang.Integer.toString(counter)) + .png)): null

2018-12-12 18:28:05 - [TEST_STEP][PASSED] - Statement - counter = counter + 1: null

2018-12-12 18:28:05 - [TEST_STEP][PASSED] - Statement - PreSaveFile = new java.io.File(((pathPrefix + java.lang.Integer.toString(counter)) + .png)): null

2018-12-12 18:28:05 - [TEST_STEP][PASSED] - Statement - counter = counter + 1: null

2018-12-12 18:28:05 - [TEST_STEP][PASSED] - Statement - PreSaveFile = new java.io.File(((pathPrefix + java.lang.Integer.toString(counter)) + .png)): null

2018-12-12 18:28:05 - [TEST_STEP][PASSED] - Statement - counter = counter + 1: null

2018-12-12 18:28:05 - [TEST_STEP][PASSED] - Statement - PreSaveFile = new java.io.File(((pathPrefix + java.lang.Integer.toString(counter)) + .png)): null

2018-12-12 18:28:05 - [TEST_STEP][PASSED] - Statement - counter = counter + 1: null

2018-12-12 18:28:05 - [TEST_STEP][PASSED] - Statement - PreSaveFile = new java.io.File(((pathPrefix + java.lang.Integer.toString(counter)) + .png)): null

2018-12-12 18:28:05 - [TEST_STEP][PASSED] - Statement - counter = counter + 1: null

2018-12-12 18:28:05 - [TEST_STEP][PASSED] - Statement - PreSaveFile = new java.io.File(((pathPrefix + java.lang.Integer.toString(counter)) + .png)): null

2018-12-12 18:28:05 - [TEST_STEP][PASSED] - Statement - counter = counter + 1: null

2018-12-12 18:28:05 - [TEST_STEP][PASSED] - Statement - PreSaveFile = new java.io.File(((pathPrefix + java.lang.Integer.toString(counter)) + .png)): null

2018-12-12 18:28:05 - [TEST_STEP][PASSED] - Statement - counter = counter + 1: null

2018-12-12 18:28:05 - [TEST_STEP][PASSED] - Statement - PreSaveFile = new java.io.File(((pathPrefix + java.lang.Integer.toString(counter)) + .png)): null

2018-12-12 18:28:05 - [TEST_STEP][PASSED] - Statement - counter = counter + 1: null

2018-12-12 18:28:05 - [TEST_STEP][PASSED] - Statement - PreSaveFile = new java.io.File(((pathPrefix + java.lang.Integer.toString(counter)) + .png)): null

2018-12-12 18:28:05 - [TEST_STEP][PASSED] - Statement - counter = counter + 1: null

2018-12-12 18:28:05 - [TEST_STEP][PASSED] - Statement - PreSaveFile = new java.io.File(((pathPrefix + java.lang.Integer.toString(counter)) + .png)): null

2018-12-12 18:28:05 - [TEST_STEP][PASSED] - Statement - counter = counter + 1: null

2018-12-12 18:28:05 - [TEST_STEP][PASSED] - Statement - PreSaveFile = new java.io.File(((pathPrefix + java.lang.Integer.toString(counter)) + .png)): null

2018-12-12 18:28:05 - [TEST_STEP][PASSED] - Statement - counter = counter + 1: null

2018-12-12 18:28:05 - [TEST_STEP][PASSED] - Statement - PreSaveFile = new java.io.File(((pathPrefix + java.lang.Integer.toString(counter)) + .png)): null

2018-12-12 18:28:05 - [TEST_STEP][PASSED] - Statement - counter = counter + 1: null

2018-12-12 18:28:05 - [TEST_STEP][PASSED] - Statement - PreSaveFile = new java.io.File(((pathPrefix + java.lang.Integer.toString(counter)) + .png)): null

2018-12-12 18:28:05 - [TEST_STEP][PASSED] - Statement - counter = counter + 1: null

2018-12-12 18:28:05 - [TEST_STEP][PASSED] - Statement - PreSaveFile = new java.io.File(((pathPrefix + java.lang.Integer.toString(counter)) + .png)): null

2018-12-12 18:28:05 - [TEST_STEP][PASSED] - Statement - counter = counter + 1: null

2018-12-12 18:28:05 - [TEST_STEP][PASSED] - Statement - PreSaveFile = new java.io.File(((pathPrefix + java.lang.Integer.toString(counter)) + .png)): null

2018-12-12 18:28:05 - [TEST_STEP][PASSED] - Statement - counter = counter + 1: null

2018-12-12 18:28:05 - [TEST_STEP][PASSED] - Statement - PreSaveFile = new java.io.File(((pathPrefix + java.lang.Integer.toString(counter)) + .png)): null

2018-12-12 18:28:05 - [TEST_STEP][PASSED] - Statement - counter = counter + 1: null

2018-12-12 18:28:05 - [TEST_STEP][PASSED] - Statement - PreSaveFile = new java.io.File(((pathPrefix + java.lang.Integer.toString(counter)) + .png)): null

2018-12-12 18:28:05 - [TEST_STEP][PASSED] - Statement - counter = counter + 1: null

2018-12-12 18:28:05 - [TEST_STEP][PASSED] - Statement - PreSaveFile = new java.io.File(((pathPrefix + java.lang.Integer.toString(counter)) + .png)): null

2018-12-12 18:28:05 - [TEST_STEP][PASSED] - Statement - counter = counter + 1: null

2018-12-12 18:28:05 - [TEST_STEP][PASSED] - Statement - PreSaveFile = new java.io.File(((pathPrefix + java.lang.Integer.toString(counter)) + .png)): null

2018-12-12 18:28:05 - [TEST_STEP][PASSED] - Statement - counter = counter + 1: null

2018-12-12 18:28:05 - [TEST_STEP][PASSED] - Statement - PreSaveFile = new java.io.File(((pathPrefix + java.lang.Integer.toString(counter)) + .png)): null

2018-12-12 18:28:05 - [TEST_STEP][PASSED] - Statement - counter = counter + 1: null

2018-12-12 18:28:05 - [TEST_STEP][PASSED] - Statement - PreSaveFile = new java.io.File(((pathPrefix + java.lang.Integer.toString(counter)) + .png)): null

2018-12-12 18:28:05 - [TEST_STEP][PASSED] - Statement - counter = counter + 1: null

2018-12-12 18:28:05 - [TEST_STEP][PASSED] - Statement - PreSaveFile = new java.io.File(((pathPrefix + java.lang.Integer.toString(counter)) + .png)): null

2018-12-12 18:28:05 - [TEST_STEP][PASSED] - Statement - counter = counter + 1: null

2018-12-12 18:28:05 - [TEST_STEP][PASSED] - Statement - PreSaveFile = new java.io.File(((pathPrefix + java.lang.Integer.toString(counter)) + .png)): null

2018-12-12 18:28:05 - [TEST_STEP][PASSED] - Statement - counter = counter + 1: null

2018-12-12 18:28:05 - [TEST_STEP][PASSED] - Statement - PreSaveFile = new java.io.File(((pathPrefix + java.lang.Integer.toString(counter)) + .png)): null

2018-12-12 18:28:05 - [TEST_STEP][PASSED] - Statement - counter = counter + 1: null

2018-12-12 18:28:05 - [TEST_STEP][PASSED] - Statement - PreSaveFile = new java.io.File(((pathPrefix + java.lang.Integer.toString(counter)) + .png)): null

2018-12-12 18:28:05 - [TEST_STEP][PASSED] - Statement - counter = counter + 1: null

2018-12-12 18:28:05 - [TEST_STEP][PASSED] - Statement - PreSaveFile = new java.io.File(((pathPrefix + java.lang.Integer.toString(counter)) + .png)): null

2018-12-12 18:28:05 - [TEST_STEP][PASSED] - Statement - counter = counter + 1: null

2018-12-12 18:28:05 - [TEST_STEP][PASSED] - Statement - PreSaveFile = new java.io.File(((pathPrefix + java.lang.Integer.toString(counter)) + .png)): null

2018-12-12 18:28:05 - [TEST_STEP][PASSED] - Statement - counter = counter + 1: null

2018-12-12 18:28:05 - [TEST_STEP][PASSED] - Statement - PreSaveFile = new java.io.File(((pathPrefix + java.lang.Integer.toString(counter)) + .png)): null

2018-12-12 18:28:05 - [TEST_STEP][PASSED] - Statement - counter = counter + 1: null

2018-12-12 18:28:05 - [TEST_STEP][PASSED] - Statement - PreSaveFile = new java.io.File(((pathPrefix + java.lang.Integer.toString(counter)) + .png)): null

2018-12-12 18:28:05 - [TEST_STEP][PASSED] - Statement - counter = counter + 1: null

2018-12-12 18:28:05 - [TEST_STEP][PASSED] - Statement - PreSaveFile = new java.io.File(((pathPrefix + java.lang.Integer.toString(counter)) + .png)): null

2018-12-12 18:28:05 - [TEST_STEP][PASSED] - Statement - counter = counter + 1: null

2018-12-12 18:28:05 - [TEST_STEP][PASSED] - Statement - PreSaveFile = new java.io.File(((pathPrefix + java.lang.Integer.toString(counter)) + .png)): null

2018-12-12 18:28:05 - [TEST_STEP][PASSED] - Statement - counter = counter + 1: null

2018-12-12 18:28:05 - [TEST_STEP][PASSED] - Statement - PreSaveFile = new java.io.File(((pathPrefix + java.lang.Integer.toString(counter)) + .png)): null

2018-12-12 18:28:05 - [TEST_STEP][PASSED] - Statement - counter = counter + 1: null

2018-12-12 18:28:05 - [TEST_STEP][PASSED] - Statement - PreSaveFile = new java.io.File(((pathPrefix + java.lang.Integer.toString(counter)) + .png)): null

2018-12-12 18:28:05 - [TEST_STEP][PASSED] - Statement - counter = counter + 1: null

2018-12-12 18:28:05 - [TEST_STEP][PASSED] - Statement - PreSaveFile = new java.io.File(((pathPrefix + java.lang.Integer.toString(counter)) + .png)): null

2018-12-12 18:28:05 - [TEST_STEP][PASSED] - Statement - counter = counter + 1: null

2018-12-12 18:28:05 - [TEST_STEP][PASSED] - Statement - PreSaveFile = new java.io.File(((pathPrefix + java.lang.Integer.toString(counter)) + .png)): null

2018-12-12 18:28:05 - [TEST_STEP][PASSED] - Statement - counter = counter + 1: null

2018-12-12 18:28:05 - [TEST_STEP][PASSED] - Statement - PreSaveFile = new java.io.File(((pathPrefix + java.lang.Integer.toString(counter)) + .png)): null

2018-12-12 18:28:05 - [TEST_STEP][PASSED] - Statement - counter = counter + 1: null

2018-12-12 18:28:05 - [TEST_STEP][PASSED] - Statement - PreSaveFile = new java.io.File(((pathPrefix + java.lang.Integer.toString(counter)) + .png)): null

2018-12-12 18:28:05 - [TEST_STEP][PASSED] - Statement - counter = counter + 1: null

2018-12-12 18:28:05 - [TEST_STEP][PASSED] - Statement - PreSaveFile = new java.io.File(((pathPrefix + java.lang.Integer.toString(counter)) + .png)): null

2018-12-12 18:28:05 - [TEST_STEP][PASSED] - Statement - finalPath = pathPrefix + java.lang.Integer.toString(counter) + ".png": null

2018-12-12 18:28:05 - [TEST_STEP][PASSED] - Statement - SaveFile = new java.io.File(finalPath): null

2018-12-12 18:28:05 - [TEST_STEP][PASSED] - Statement - Try: null

2018-12-12 18:28:05 - [TEST_STEP][PASSED] - Statement - org.apache.commons.io.FileUtils.copyFile(scrFile, SaveFile): null

2018-12-12 18:28:05 - [TEST_STEP][PASSED] - Statement - out.println("file kept"): null

2018-12-12 18:28:05 - [TEST_STEP][PASSED] - delay: Delayed 10 second(s)

2018-12-12 18:28:15 - [MESSAGE][PASSED] - Delayed 10 second(s)

2018-12-12 18:28:15 - [MESSAGE][PASSED] - Call Test Case 'Test Cases/Final Aug 2018 - PKS Automation/Common/Screenshoting tool' successfully

2018-12-12 18:28:15 - [TEST_STEP][PASSED] - callTestCase: Call Test Case 'Test Cases/Final Aug 2018 - PKS Automation/Registration Module/Log Out/log out avoiding katalon tagging' successfully

2018-12-12 18:28:15 - [TEST_CASE][PASSED] - Test Cases/Final Aug 2018 - PKS Automation/Registration Module/Log Out/log out avoiding katalon tagging: Test Cases/Final Aug 2018 - PKS Automation/Registration Module/Log Out/log out avoiding katalon tagging

2018-12-12 18:28:15 - [TEST_STEP][PASSED] - navigateToUrl: Navigate to 'https://assist2-uat.perkeso.gov.my/c/portal/logout' successfully

2018-12-12 18:28:16 - [MESSAGE][PASSED] - Navigate to 'https://assist2-uat.perkeso.gov.my/c/portal/logout' successfully

2018-12-12 18:28:16 - [MESSAGE][PASSED] - Call Test Case 'Test Cases/Final Aug 2018 - PKS Automation/Registration Module/Log Out/log out avoiding katalon tagging' successfully]]></system-out>
         <system-err><![CDATA[]]></system-err>
      </testcase>
      <testcase name="Test Cases/Final Aug 2018 - PKS Automation/Registration Module/Workflow/New Registration/Case OTC to RO - Query - Submit" classname="Test Cases/Final Aug 2018 - PKS Automation/Registration Module/Workflow/New Registration/Case OTC to RO - Query - Submit" status="FAILED">
         <failure type="FAILED" message="(Stack trace: com.kms.katalon.core.exception.StepFailedException: Unable to set text 'CRN12201800123226' of object 'Object Repository/Final Object Repo/New Registration - Registration Module Pages/New Reg - OTC to RO/Special Case - All Related Objects/TextBox RefNo in Workbasket' (Root cause: org.openqa.selenium.ElementNotVisibleException: element not interactable
  (Session info: chrome=70.0.3538.110)
  (Driver info: chromedriver=2.43.600210 (68dcf5eebde37173d4027fa8635e332711d2874a),platform=Windows NT 6.1.7601 SP1 x86_64) (WARNING: The server did not provide any stacktrace information)
Command duration or timeout: 0 milliseconds
Build info: version: '3.7.1', revision: '8a0099a', time: '2017-11-06T21:07:36.161Z'
System info: host: 'WIN7TEST02', ip: '10.20.3.72', os.name: 'Windows 7', os.arch: 'amd64', os.version: '6.1', java.version: '1.8.0_181'
Driver info: com.kms.katalon.selenium.driver.CChromeDriver
Capabilities {acceptInsecureCerts: false, acceptSslCerts: false, applicationCacheEnabled: false, browserConnectionEnabled: false, browserName: chrome, chrome: {chromedriverVersion: 2.43.600210 (68dcf5eebde371..., userDataDir: C:\Users\Admin\AppData\Loca...}, cssSelectorsEnabled: true, databaseEnabled: false, goog:chromeOptions: {debuggerAddress: localhost:54891}, handlesAlerts: true, hasTouchScreen: false, javascriptEnabled: true, locationContextEnabled: true, mobileEmulationEnabled: false, nativeEvents: true, networkConnectionEnabled: false, pageLoadStrategy: normal, platform: XP, platformName: XP, rotatable: false, setWindowRect: true, takesHeapSnapshot: true, takesScreenshot: true, unexpectedAlertBehaviour: , unhandledPromptBehavior: , version: 70.0.3538.110, webStorageEnabled: true}
Session ID: 4a710ec880aba4923aa41e4236e18687)
	at com.kms.katalon.core.keyword.internal.KeywordMain.stepFailed(KeywordMain.groovy:32)
	at com.kms.katalon.core.webui.keyword.internal.WebUIKeywordMain.stepFailed(WebUIKeywordMain.groovy:65)
	at com.kms.katalon.core.webui.keyword.internal.WebUIKeywordMain.runKeyword(WebUIKeywordMain.groovy:27)
	at com.kms.katalon.core.webui.keyword.builtin.SetTextKeyword.setText(SetTextKeyword.groovy:65)
	at com.kms.katalon.core.webui.keyword.builtin.SetTextKeyword.execute(SetTextKeyword.groovy:37)
	at com.kms.katalon.core.keyword.internal.KeywordExecutor.executeKeywordForPlatform(KeywordExecutor.groovy:53)
	at com.kms.katalon.core.webui.keyword.WebUiBuiltInKeywords.setText(WebUiBuiltInKeywords.groovy:950)
	at com.kms.katalon.core.webui.keyword.WebUiBuiltInKeywords$setText$1.call(Unknown Source)
	at org.codehaus.groovy.runtime.callsite.CallSiteArray.defaultCall(CallSiteArray.java:48)
	at org.codehaus.groovy.runtime.callsite.AbstractCallSite.call(AbstractCallSite.java:113)
	at org.codehaus.groovy.runtime.callsite.AbstractCallSite.call(AbstractCallSite.java:133)
	at Script1535599386194.run(Script1535599386194.groovy:73)
	at com.kms.katalon.core.main.ScriptEngine.run(ScriptEngine.java:183)
	at com.kms.katalon.core.main.ScriptEngine.runScriptAsRawText(ScriptEngine.java:108)
	at com.kms.katalon.core.main.TestCaseExecutor.runScript(TestCaseExecutor.java:294)
	at com.kms.katalon.core.main.TestCaseExecutor.doExecute(TestCaseExecutor.java:285)
	at com.kms.katalon.core.main.TestCaseExecutor.processExecutionPhase(TestCaseExecutor.java:264)
	at com.kms.katalon.core.main.TestCaseExecutor.accessMainPhase(TestCaseExecutor.java:256)
	at com.kms.katalon.core.main.TestCaseExecutor.execute(TestCaseExecutor.java:200)
	at com.kms.katalon.core.main.TestSuiteExecutor.accessTestCaseMainPhase(TestSuiteExecutor.java:129)
	at com.kms.katalon.core.main.TestSuiteExecutor.accessTestSuiteMainPhase(TestSuiteExecutor.java:112)
	at com.kms.katalon.core.main.TestSuiteExecutor.execute(TestSuiteExecutor.java:81)
	at com.kms.katalon.core.main.TestCaseMain.startTestSuite(TestCaseMain.java:142)
	at com.kms.katalon.core.main.TestCaseMain$startTestSuite$0.call(Unknown Source)
	at org.codehaus.groovy.runtime.callsite.CallSiteArray.defaultCall(CallSiteArray.java:48)
	at org.codehaus.groovy.runtime.callsite.AbstractCallSite.call(AbstractCallSite.java:113)
	at org.codehaus.groovy.runtime.callsite.AbstractCallSite.call(AbstractCallSite.java:141)
	at TempTestSuite1544598049714.run(TempTestSuite1544598049714.groovy:36)
	at groovy.lang.GroovyShell.runScriptOrMainOrTestOrRunnable(GroovyShell.java:263)
	at groovy.lang.GroovyShell.run(GroovyShell.java:518)
	at groovy.lang.GroovyShell.run(GroovyShell.java:507)
	at groovy.ui.GroovyMain.processOnce(GroovyMain.java:653)
	at groovy.ui.GroovyMain.run(GroovyMain.java:384)
	at groovy.ui.GroovyMain.process(GroovyMain.java:370)
	at groovy.ui.GroovyMain.processArgs(GroovyMain.java:129)
	at groovy.ui.GroovyMain.main(GroovyMain.java:109)
	at sun.reflect.NativeMethodAccessorImpl.invoke0(Native Method)
	at sun.reflect.NativeMethodAccessorImpl.invoke(NativeMethodAccessorImpl.java:62)
	at sun.reflect.DelegatingMethodAccessorImpl.invoke(DelegatingMethodAccessorImpl.java:43)
	at java.lang.reflect.Method.invoke(Method.java:498)
	at org.codehaus.groovy.tools.GroovyStarter.rootLoader(GroovyStarter.java:109)
	at org.codehaus.groovy.tools.GroovyStarter.main(GroovyStarter.java:131)
)"/>
         <system-out><![CDATA[2018-12-12 18:28:16 - [TEST_CASE][FAILED] - Test Cases/Final Aug 2018 - PKS Automation/Registration Module/Workflow/New Registration/Case OTC to RO - Query - Submit: Test Cases/Final Aug 2018 - PKS Automation/Registration Module/Workflow/New Registration/Case OTC to RO - Query - Submit FAILED because (of) (Stack trace: com.kms.katalon.core.exception.StepFailedException: Unable to set text 'CRN12201800123226' of object 'Object Repository/Final Object Repo/New Registration - Registration Module Pages/New Reg - OTC to RO/Special Case - All Related Objects/TextBox RefNo in Workbasket' (Root cause: org.openqa.selenium.ElementNotVisibleException: element not interactable
  (Session info: chrome=70.0.3538.110)
  (Driver info: chromedriver=2.43.600210 (68dcf5eebde37173d4027fa8635e332711d2874a),platform=Windows NT 6.1.7601 SP1 x86_64) (WARNING: The server did not provide any stacktrace information)
Command duration or timeout: 0 milliseconds
Build info: version: '3.7.1', revision: '8a0099a', time: '2017-11-06T21:07:36.161Z'
System info: host: 'WIN7TEST02', ip: '10.20.3.72', os.name: 'Windows 7', os.arch: 'amd64', os.version: '6.1', java.version: '1.8.0_181'
Driver info: com.kms.katalon.selenium.driver.CChromeDriver
Capabilities {acceptInsecureCerts: false, acceptSslCerts: false, applicationCacheEnabled: false, browserConnectionEnabled: false, browserName: chrome, chrome: {chromedriverVersion: 2.43.600210 (68dcf5eebde371..., userDataDir: C:\Users\Admin\AppData\Loca...}, cssSelectorsEnabled: true, databaseEnabled: false, goog:chromeOptions: {debuggerAddress: localhost:54891}, handlesAlerts: true, hasTouchScreen: false, javascriptEnabled: true, locationContextEnabled: true, mobileEmulationEnabled: false, nativeEvents: true, networkConnectionEnabled: false, pageLoadStrategy: normal, platform: XP, platformName: XP, rotatable: false, setWindowRect: true, takesHeapSnapshot: true, takesScreenshot: true, unexpectedAlertBehaviour: , unhandledPromptBehavior: , version: 70.0.3538.110, webStorageEnabled: true}
Session ID: 4a710ec880aba4923aa41e4236e18687)
	at com.kms.katalon.core.keyword.internal.KeywordMain.stepFailed(KeywordMain.groovy:32)
	at com.kms.katalon.core.webui.keyword.internal.WebUIKeywordMain.stepFailed(WebUIKeywordMain.groovy:65)
	at com.kms.katalon.core.webui.keyword.internal.WebUIKeywordMain.runKeyword(WebUIKeywordMain.groovy:27)
	at com.kms.katalon.core.webui.keyword.builtin.SetTextKeyword.setText(SetTextKeyword.groovy:65)
	at com.kms.katalon.core.webui.keyword.builtin.SetTextKeyword.execute(SetTextKeyword.groovy:37)
	at com.kms.katalon.core.keyword.internal.KeywordExecutor.executeKeywordForPlatform(KeywordExecutor.groovy:53)
	at com.kms.katalon.core.webui.keyword.WebUiBuiltInKeywords.setText(WebUiBuiltInKeywords.groovy:950)
	at com.kms.katalon.core.webui.keyword.WebUiBuiltInKeywords$setText$1.call(Unknown Source)
	at org.codehaus.groovy.runtime.callsite.CallSiteArray.defaultCall(CallSiteArray.java:48)
	at org.codehaus.groovy.runtime.callsite.AbstractCallSite.call(AbstractCallSite.java:113)
	at org.codehaus.groovy.runtime.callsite.AbstractCallSite.call(AbstractCallSite.java:133)
	at Script1535599386194.run(Script1535599386194.groovy:73)
	at com.kms.katalon.core.main.ScriptEngine.run(ScriptEngine.java:183)
	at com.kms.katalon.core.main.ScriptEngine.runScriptAsRawText(ScriptEngine.java:108)
	at com.kms.katalon.core.main.TestCaseExecutor.runScript(TestCaseExecutor.java:294)
	at com.kms.katalon.core.main.TestCaseExecutor.doExecute(TestCaseExecutor.java:285)
	at com.kms.katalon.core.main.TestCaseExecutor.processExecutionPhase(TestCaseExecutor.java:264)
	at com.kms.katalon.core.main.TestCaseExecutor.accessMainPhase(TestCaseExecutor.java:256)
	at com.kms.katalon.core.main.TestCaseExecutor.execute(TestCaseExecutor.java:200)
	at com.kms.katalon.core.main.TestSuiteExecutor.accessTestCaseMainPhase(TestSuiteExecutor.java:129)
	at com.kms.katalon.core.main.TestSuiteExecutor.accessTestSuiteMainPhase(TestSuiteExecutor.java:112)
	at com.kms.katalon.core.main.TestSuiteExecutor.execute(TestSuiteExecutor.java:81)
	at com.kms.katalon.core.main.TestCaseMain.startTestSuite(TestCaseMain.java:142)
	at com.kms.katalon.core.main.TestCaseMain$startTestSuite$0.call(Unknown Source)
	at org.codehaus.groovy.runtime.callsite.CallSiteArray.defaultCall(CallSiteArray.java:48)
	at org.codehaus.groovy.runtime.callsite.AbstractCallSite.call(AbstractCallSite.java:113)
	at org.codehaus.groovy.runtime.callsite.AbstractCallSite.call(AbstractCallSite.java:141)
	at TempTestSuite1544598049714.run(TempTestSuite1544598049714.groovy:36)
	at groovy.lang.GroovyShell.runScriptOrMainOrTestOrRunnable(GroovyShell.java:263)
	at groovy.lang.GroovyShell.run(GroovyShell.java:518)
	at groovy.lang.GroovyShell.run(GroovyShell.java:507)
	at groovy.ui.GroovyMain.processOnce(GroovyMain.java:653)
	at groovy.ui.GroovyMain.run(GroovyMain.java:384)
	at groovy.ui.GroovyMain.process(GroovyMain.java:370)
	at groovy.ui.GroovyMain.processArgs(GroovyMain.java:129)
	at groovy.ui.GroovyMain.main(GroovyMain.java:109)
	at sun.reflect.NativeMethodAccessorImpl.invoke0(Native Method)
	at sun.reflect.NativeMethodAccessorImpl.invoke(NativeMethodAccessorImpl.java:62)
	at sun.reflect.DelegatingMethodAccessorImpl.invoke(DelegatingMethodAccessorImpl.java:43)
	at java.lang.reflect.Method.invoke(Method.java:498)
	at org.codehaus.groovy.tools.GroovyStarter.rootLoader(GroovyStarter.java:109)
	at org.codehaus.groovy.tools.GroovyStarter.main(GroovyStarter.java:131)
)

2018-12-12 18:28:16 - [TEST_STEP][PASSED] - callTestCase: Call Test Case 'Test Cases/Final Aug 2018 - PKS Automation/Registration Module/Workflow/New Registration/Template/Special Case - OTC - Form 1' successfully

2018-12-12 18:28:16 - [TEST_CASE][PASSED] - Test Cases/Final Aug 2018 - PKS Automation/Registration Module/Workflow/New Registration/Template/Special Case - OTC - Form 1: Test Cases/Final Aug 2018 - PKS Automation/Registration Module/Workflow/New Registration/Template/Special Case - OTC - Form 1

2018-12-12 18:28:17 - [TEST_STEP][PASSED] - openBrowser: Browser is opened with url: ''

2018-12-12 18:28:17 - [MESSAGE][WARNING] - A browser is already opened. Closing browser and opening a new one

2018-12-12 18:28:21 - [MESSAGE][PASSED] - Browser is opened with url: ''

2018-12-12 18:28:21 - [TEST_STEP][PASSED] - navigateToUrl: Navigate to 'https://assist2-uat.perkeso.gov.my/login' successfully

2018-12-12 18:28:22 - [MESSAGE][PASSED] - Navigate to 'https://assist2-uat.perkeso.gov.my/login' successfully

2018-12-12 18:28:22 - [TEST_STEP][PASSED] - delay: Delayed 2 second(s)

2018-12-12 18:28:24 - [MESSAGE][PASSED] - Delayed 2 second(s)

2018-12-12 18:28:24 - [TEST_STEP][PASSED] - setText: Text 'klotc2@gmail.com' is set on object 'Object Repository/Final Object Repo/Login Page/Internal User/Email Address'

2018-12-12 18:28:24 - [MESSAGE][PASSED] - Text 'klotc2@gmail.com' is set on object 'Object Repository/Final Object Repo/Login Page/Internal User/Email Address'

2018-12-12 18:28:24 - [TEST_STEP][PASSED] - click: Object: 'Object Repository/Final Object Repo/Login Page/Internal User/Next Button' is clicked on

2018-12-12 18:28:24 - [MESSAGE][PASSED] - Object: 'Object Repository/Final Object Repo/Login Page/Internal User/Next Button' is clicked on

2018-12-12 18:28:24 - [TEST_STEP][PASSED] - delay: Delayed 2 second(s)

2018-12-12 18:28:26 - [MESSAGE][PASSED] - Delayed 2 second(s)

2018-12-12 18:28:26 - [TEST_STEP][PASSED] - setText: Text 'Test1@3456789' is set on object 'Object Repository/Final Object Repo/Login Page/Internal User/Password'

2018-12-12 18:28:27 - [MESSAGE][PASSED] - Text 'Test1@3456789' is set on object 'Object Repository/Final Object Repo/Login Page/Internal User/Password'

2018-12-12 18:28:27 - [TEST_STEP][PASSED] - delay: Delayed 2 second(s)

2018-12-12 18:28:29 - [MESSAGE][PASSED] - Delayed 2 second(s)

2018-12-12 18:28:29 - [TEST_STEP][PASSED] - click: Object: 'Object Repository/Final Object Repo/Login Page/Internal User/Login Button' is clicked on

2018-12-12 18:28:29 - [MESSAGE][PASSED] - Object: 'Object Repository/Final Object Repo/Login Page/Internal User/Login Button' is clicked on

2018-12-12 18:28:29 - [TEST_STEP][PASSED] - Statement - Try: null

2018-12-12 18:28:29 - [TEST_STEP][PASSED] - Statement - Checker = com.kms.katalon.core.webui.keyword.WebUiBuiltInKeywords.verifyElementNotPresent("Final Object Repo/Landing Page/Select to English", 3): null

2018-12-12 18:28:29 - [TEST_STEP][PASSED] - Statement - Catch (Exception e): null

2018-12-12 18:28:29 - [TEST_STEP][PASSED] - Statement - e.printStackTrace(): null

2018-12-12 18:28:29 - [TEST_STEP][PASSED] - delay: Delayed 5 second(s)

2018-12-12 18:28:34 - [MESSAGE][PASSED] - Delayed 5 second(s)

2018-12-12 18:28:34 - [TEST_STEP][PASSED] - click: Object: 'Object Repository/Final Object Repo/Landing Page/My Sites Drop Down' is clicked on

2018-12-12 18:28:34 - [MESSAGE][PASSED] - Object: 'Object Repository/Final Object Repo/Landing Page/My Sites Drop Down' is clicked on

2018-12-12 18:28:34 - [TEST_STEP][PASSED] - click: Object: 'Object Repository/Final Object Repo/Landing Page/Select to Registration Module' is clicked on

2018-12-12 18:28:35 - [MESSAGE][PASSED] - Object: 'Object Repository/Final Object Repo/Landing Page/Select to Registration Module' is clicked on

2018-12-12 18:28:35 - [TEST_STEP][PASSED] - click: Object: 'Object Repository/Final Object Repo/Landing Page/Registration Button' is clicked on

2018-12-12 18:28:36 - [MESSAGE][PASSED] - Object: 'Object Repository/Final Object Repo/Landing Page/Registration Button' is clicked on

2018-12-12 18:28:36 - [TEST_STEP][PASSED] - delay: Delayed 2 second(s)

2018-12-12 18:28:38 - [MESSAGE][PASSED] - Delayed 2 second(s)

2018-12-12 18:28:38 - [TEST_STEP][PASSED] - click: Object: 'Object Repository/Final Object Repo/New Registration - Registration Module Pages/New Reg - OTC to RO/Special Case - OTC - Form 1/AEC NO' is clicked on

2018-12-12 18:28:38 - [MESSAGE][PASSED] - Object: 'Object Repository/Final Object Repo/New Registration - Registration Module Pages/New Reg - OTC to RO/Special Case - OTC - Form 1/AEC NO' is clicked on

2018-12-12 18:28:38 - [TEST_STEP][PASSED] - click: Object: 'Object Repository/Final Object Repo/New Registration - Registration Module Pages/New Reg - OTC to RO/Special Case - OTC - Form 1/Business Entity - Please Select' is clicked on

2018-12-12 18:28:39 - [MESSAGE][PASSED] - Object: 'Object Repository/Final Object Repo/New Registration - Registration Module Pages/New Reg - OTC to RO/Special Case - OTC - Form 1/Business Entity - Please Select' is clicked on

2018-12-12 18:28:39 - [TEST_STEP][PASSED] - click: Object: 'Object Repository/Final Object Repo/New Registration - Registration Module Pages/New Reg - OTC to RO/Special Case - OTC - Form 1/Selected - Corporation' is clicked on

2018-12-12 18:28:39 - [MESSAGE][PASSED] - Object: 'Object Repository/Final Object Repo/New Registration - Registration Module Pages/New Reg - OTC to RO/Special Case - OTC - Form 1/Selected - Corporation' is clicked on

2018-12-12 18:28:39 - [TEST_STEP][PASSED] - delay: Delayed 2 second(s)

2018-12-12 18:28:41 - [MESSAGE][PASSED] - Delayed 2 second(s)

2018-12-12 18:28:41 - [TEST_STEP][PASSED] - click: Object: 'Object Repository/Final Object Repo/New Registration - Registration Module Pages/New Reg - OTC to RO/Special Case - OTC - Form 1/Sub Business Entity - Please Select' is clicked on

2018-12-12 18:28:41 - [MESSAGE][PASSED] - Object: 'Object Repository/Final Object Repo/New Registration - Registration Module Pages/New Reg - OTC to RO/Special Case - OTC - Form 1/Sub Business Entity - Please Select' is clicked on

2018-12-12 18:28:41 - [TEST_STEP][PASSED] - delay: Delayed 2 second(s)

2018-12-12 18:28:43 - [MESSAGE][PASSED] - Delayed 2 second(s)

2018-12-12 18:28:43 - [TEST_STEP][PASSED] - click: Object: 'Object Repository/Final Object Repo/New Registration - Registration Module Pages/New Reg - OTC to RO/Special Case - OTC - Form 1/Selected - Sendirian Berhad' is clicked on

2018-12-12 18:28:43 - [MESSAGE][PASSED] - Object: 'Object Repository/Final Object Repo/New Registration - Registration Module Pages/New Reg - OTC to RO/Special Case - OTC - Form 1/Selected - Sendirian Berhad' is clicked on

2018-12-12 18:28:43 - [TEST_STEP][PASSED] - setText: Text 'AUTOMATE001' is set on object 'Object Repository/Final Object Repo/New Registration - Registration Module Pages/New Reg - OTC to RO/Special Case - OTC - Form 1/Input BRN Number'

2018-12-12 18:28:44 - [MESSAGE][PASSED] - Text 'AUTOMATE001' is set on object 'Object Repository/Final Object Repo/New Registration - Registration Module Pages/New Reg - OTC to RO/Special Case - OTC - Form 1/Input BRN Number'

2018-12-12 18:28:44 - [TEST_STEP][PASSED] - delay: Delayed 2 second(s)

2018-12-12 18:28:46 - [MESSAGE][PASSED] - Delayed 2 second(s)

2018-12-12 18:28:46 - [TEST_STEP][PASSED] - click: Object: 'Object Repository/Final Object Repo/New Registration - Registration Module Pages/New Reg - OTC to RO/Special Case - OTC - Form 1/BRN Search' is clicked on

2018-12-12 18:28:46 - [MESSAGE][PASSED] - Object: 'Object Repository/Final Object Repo/New Registration - Registration Module Pages/New Reg - OTC to RO/Special Case - OTC - Form 1/BRN Search' is clicked on

2018-12-12 18:28:46 - [TEST_STEP][PASSED] - delay: Delayed 4 second(s)

2018-12-12 18:28:50 - [MESSAGE][PASSED] - Delayed 4 second(s)

2018-12-12 18:28:50 - [TEST_STEP][PASSED] - click: Object: 'Object Repository/Final Object Repo/New Registration - Registration Module Pages/New Reg - OTC to RO/Special Case - OTC - Form 1/Registered with SSM - After Feb 2017' is clicked on

2018-12-12 18:28:50 - [MESSAGE][PASSED] - Object: 'Object Repository/Final Object Repo/New Registration - Registration Module Pages/New Reg - OTC to RO/Special Case - OTC - Form 1/Registered with SSM - After Feb 2017' is clicked on

2018-12-12 18:28:50 - [TEST_STEP][PASSED] - delay: Delayed 2 second(s)

2018-12-12 18:28:52 - [MESSAGE][PASSED] - Delayed 2 second(s)

2018-12-12 18:28:52 - [TEST_STEP][PASSED] - click: Object: 'Object Repository/Final Object Repo/New Registration - Registration Module Pages/New Reg - OTC to RO/Special Case - OTC - Form 1/Registering As A Branch - No' is clicked on

2018-12-12 18:28:52 - [MESSAGE][PASSED] - Object: 'Object Repository/Final Object Repo/New Registration - Registration Module Pages/New Reg - OTC to RO/Special Case - OTC - Form 1/Registering As A Branch - No' is clicked on

2018-12-12 18:28:52 - [TEST_STEP][PASSED] - click: Object: 'Object Repository/Final Object Repo/New Registration - Registration Module Pages/New Reg - OTC to RO/Special Case - OTC - Form 1/Acknowledgement Ticked' is clicked on

2018-12-12 18:28:52 - [MESSAGE][PASSED] - Object: 'Object Repository/Final Object Repo/New Registration - Registration Module Pages/New Reg - OTC to RO/Special Case - OTC - Form 1/Acknowledgement Ticked' is clicked on

2018-12-12 18:28:52 - [TEST_STEP][PASSED] - click: Object: 'Object Repository/Final Object Repo/New Registration - Registration Module Pages/New Reg - OTC to RO/Special Case - OTC - Form 1/Submit Button' is clicked on

2018-12-12 18:28:53 - [MESSAGE][PASSED] - Object: 'Object Repository/Final Object Repo/New Registration - Registration Module Pages/New Reg - OTC to RO/Special Case - OTC - Form 1/Submit Button' is clicked on

2018-12-12 18:28:53 - [TEST_STEP][PASSED] - delay: Delayed 2 second(s)

2018-12-12 18:28:55 - [MESSAGE][PASSED] - Delayed 2 second(s)

2018-12-12 18:28:55 - [TEST_STEP][PASSED] - click: Object: 'Object Repository/Final Object Repo/New Registration - Registration Module Pages/New Reg - OTC to RO/Special Case - OTC - Form 1/Confirm No Flagging as Branch' is clicked on

2018-12-12 18:28:55 - [MESSAGE][PASSED] - Object: 'Object Repository/Final Object Repo/New Registration - Registration Module Pages/New Reg - OTC to RO/Special Case - OTC - Form 1/Confirm No Flagging as Branch' is clicked on

2018-12-12 18:28:55 - [MESSAGE][PASSED] - Call Test Case 'Test Cases/Final Aug 2018 - PKS Automation/Registration Module/Workflow/New Registration/Template/Special Case - OTC - Form 1' successfully

2018-12-12 18:28:55 - [TEST_STEP][PASSED] - callTestCase: Call Test Case 'Test Cases/Final Aug 2018 - PKS Automation/Registration Module/New Registration/Form 2/Add 1 Eligible' successfully

2018-12-12 18:28:55 - [TEST_CASE][PASSED] - Test Cases/Final Aug 2018 - PKS Automation/Registration Module/New Registration/Form 2/Add 1 Eligible: Test Cases/Final Aug 2018 - PKS Automation/Registration Module/New Registration/Form 2/Add 1 Eligible

2018-12-12 18:28:55 - [TEST_STEP][PASSED] - delay: Delayed 2 second(s)

2018-12-12 18:28:57 - [MESSAGE][PASSED] - Delayed 2 second(s)

2018-12-12 18:28:57 - [TEST_STEP][PASSED] - callTestCase: Call Test Case 'Test Cases/Final Aug 2018 - PKS Automation/Registration Module/New Registration/Form 2/Date Updater' successfully

2018-12-12 18:28:57 - [TEST_CASE][PASSED] - Test Cases/Final Aug 2018 - PKS Automation/Registration Module/New Registration/Form 2/Date Updater: Test Cases/Final Aug 2018 - PKS Automation/Registration Module/New Registration/Form 2/Date Updater

2018-12-12 18:28:57 - [TEST_STEP][PASSED] - Statement - TodayDate = new java.util.Date(): null

2018-12-12 18:28:57 - [TEST_STEP][PASSED] - Statement - CurrentDateNoFilter = new java.text.SimpleDateFormat(): null

2018-12-12 18:28:57 - [TEST_STEP][PASSED] - Statement - CurrentDateNoFilter.applyPattern("MM"): null

2018-12-12 18:28:57 - [TEST_STEP][PASSED] - Statement - monthContainerMatcher = java.lang.Integer.parseInt(CurrentDateNoFilter.format(TodayDate)): null

2018-12-12 18:28:57 - [TEST_STEP][PASSED] - Statement - monthContainerMatcher = monthContainerMatcher - 1: null

2018-12-12 18:28:57 - [TEST_STEP][PASSED] - Statement - CurrentMonth = monthContainerMatcher.toString(): null

2018-12-12 18:28:57 - [TEST_STEP][PASSED] - Statement - CurrentMonth = CurrentMonth: null

2018-12-12 18:28:57 - [TEST_STEP][PASSED] - Statement - CurrentDateNoFilter.applyPattern("yyyy"): null

2018-12-12 18:28:57 - [TEST_STEP][PASSED] - Statement - CurrentYear = CurrentDateNoFilter.format(TodayDate): null

2018-12-12 18:28:57 - [TEST_STEP][PASSED] - Statement - CurrentYear = CurrentYear: null

2018-12-12 18:28:57 - [TEST_STEP][PASSED] - Statement - intCurrentYear = java.lang.Integer.parseInt(CurrentDateNoFilter.format(TodayDate)): null

2018-12-12 18:28:57 - [TEST_STEP][PASSED] - Statement - eighteenYrsAgo = intCurrentYear - 18: null

2018-12-12 18:28:57 - [TEST_STEP][PASSED] - Statement - eighteenYrsBeforeThisYr = eighteenYrsAgo.toString(): null

2018-12-12 18:28:57 - [TEST_STEP][PASSED] - Statement - EighteenYrsBefore = eighteenYrsBeforeThisYr: null

2018-12-12 18:28:57 - [TEST_STEP][PASSED] - Statement - fiftysevenYrsAgo = intCurrentYear - 57: null

2018-12-12 18:28:57 - [TEST_STEP][PASSED] - Statement - fiftysevenYrsBeforeThisYr = fiftysevenYrsAgo.toString(): null

2018-12-12 18:28:57 - [TEST_STEP][PASSED] - Statement - FiftysevenYrsBefore = fiftysevenYrsBeforeThisYr: null

2018-12-12 18:28:57 - [TEST_STEP][PASSED] - Statement - leapYear = false: null

2018-12-12 18:28:57 - [TEST_STEP][PASSED] - Statement - leapYear = intCurrentYear % 4 == 0: null

2018-12-12 18:28:57 - [TEST_STEP][PASSED] - Statement - CurrentDateNoFilter.applyPattern("dd"): null

2018-12-12 18:28:57 - [TEST_STEP][PASSED] - Statement - CurrentDate = CurrentDateNoFilter.format(TodayDate): null

2018-12-12 18:28:57 - [TEST_STEP][PASSED] - Statement - CurrentDate = java.lang.Integer.parseInt(CurrentDate): null

2018-12-12 18:28:57 - [TEST_STEP][PASSED] - Statement - CurrentDate = CurrentDate: null

2018-12-12 18:28:57 - [TEST_STEP][PASSED] - Statement - CurrentDay = java.lang.Integer.parseInt(CurrentDate): null

2018-12-12 18:28:57 - [TEST_STEP][PASSED] - Statement - ConfAdder = <not implemented yet for class: org.codehaus.groovy.ast.expr.EmptyExpression>: null

2018-12-12 18:28:57 - [TEST_STEP][PASSED] - Statement - out.println(CurrentMonth): null

2018-12-12 18:28:57 - [TEST_STEP][PASSED] - Statement - out.println(CurrentDate): null

2018-12-12 18:28:57 - [TEST_STEP][PASSED] - Statement - switch (CurrentDate): null

2018-12-12 18:28:57 - [TEST_STEP][PASSED] - Statement - Default: null

2018-12-12 18:28:57 - [TEST_STEP][PASSED] - Statement - ConfAdder = true: null

2018-12-12 18:28:57 - [TEST_STEP][PASSED] - Statement - Break: null

2018-12-12 18:28:57 - [TEST_STEP][PASSED] - Statement - aDayBefore = <not implemented yet for class: org.codehaus.groovy.ast.expr.EmptyExpression>: null

2018-12-12 18:28:57 - [TEST_STEP][PASSED] - Statement - out.println(ConfAdder): null

2018-12-12 18:28:57 - [TEST_STEP][PASSED] - Statement - If (ConfAdder == true): null

2018-12-12 18:28:57 - [TEST_STEP][PASSED] - Statement - aDayBefore = CurrentDay + 1: null

2018-12-12 18:28:57 - [TEST_STEP][PASSED] - Statement - out.println(aDayBefore): null

2018-12-12 18:28:57 - [TEST_STEP][PASSED] - Statement - If (aDayBefore == 1 && CurrentMonth == 11): null

2018-12-12 18:28:57 - [TEST_STEP][PASSED] - Statement - DayBefore = aDayBefore.toString(): null

2018-12-12 18:28:57 - [TEST_STEP][PASSED] - Statement - OneDayBefore = DayBefore: null

2018-12-12 18:28:57 - [MESSAGE][PASSED] - Call Test Case 'Test Cases/Final Aug 2018 - PKS Automation/Registration Module/New Registration/Form 2/Date Updater' successfully

2018-12-12 18:28:57 - [TEST_STEP][PASSED] - delay: Delayed 1 second(s)

2018-12-12 18:28:58 - [MESSAGE][PASSED] - Delayed 1 second(s)

2018-12-12 18:28:58 - [TEST_STEP][PASSED] - Statement - CaseReferenceNo = com.kms.katalon.core.webui.keyword.WebUiBuiltInKeywords.getText(com.kms.katalon.core.testobject.ObjectRepository.findTestObject(Final Object Repo/New Registration - Registration Module Pages/Form 2/RefNo Acquiring)): Text of object 'Object Repository/Final Object Repo/New Registration - Registration Module Pages/Form 2/RefNo Acquiring' is: 'CRN12201800123226'

2018-12-12 18:28:58 - [MESSAGE][PASSED] - Text of object 'Object Repository/Final Object Repo/New Registration - Registration Module Pages/Form 2/RefNo Acquiring' is: 'CRN12201800123226'

2018-12-12 18:28:58 - [TEST_STEP][PASSED] - delay: Delayed 1 second(s)

2018-12-12 18:28:59 - [MESSAGE][PASSED] - Delayed 1 second(s)

2018-12-12 18:28:59 - [TEST_STEP][PASSED] - click: Object: 'Object Repository/Final Object Repo/New Registration - Registration Module Pages/Form 2/Add Employee Button' is clicked on

2018-12-12 18:29:00 - [MESSAGE][PASSED] - Object: 'Object Repository/Final Object Repo/New Registration - Registration Module Pages/Form 2/Add Employee Button' is clicked on

2018-12-12 18:29:00 - [TEST_STEP][PASSED] - delay: Delayed 1 second(s)

2018-12-12 18:29:01 - [MESSAGE][PASSED] - Delayed 1 second(s)

2018-12-12 18:29:01 - [TEST_STEP][PASSED] - setText: Text '010903091963' is set on object 'Object Repository/Final Object Repo/New Registration - Registration Module Pages/Form 2/NRIC Input'

2018-12-12 18:29:01 - [MESSAGE][PASSED] - Text '010903091963' is set on object 'Object Repository/Final Object Repo/New Registration - Registration Module Pages/Form 2/NRIC Input'

2018-12-12 18:29:01 - [TEST_STEP][PASSED] - click: Object: 'Object Repository/Final Object Repo/New Registration - Registration Module Pages/Form 2/button for search for IC' is clicked on

2018-12-12 18:29:01 - [MESSAGE][PASSED] - Object: 'Object Repository/Final Object Repo/New Registration - Registration Module Pages/Form 2/button for search for IC' is clicked on

2018-12-12 18:29:01 - [TEST_STEP][PASSED] - delay: Delayed 2 second(s)

2018-12-12 18:29:03 - [MESSAGE][PASSED] - Delayed 2 second(s)

2018-12-12 18:29:03 - [TEST_STEP][PASSED] - setText: Text 'Automate001 eligible 1' is set on object 'Object Repository/Final Object Repo/New Registration - Registration Module Pages/Form 2/Employee Name Input'

2018-12-12 18:29:04 - [MESSAGE][PASSED] - Text 'Automate001 eligible 1' is set on object 'Object Repository/Final Object Repo/New Registration - Registration Module Pages/Form 2/Employee Name Input'

2018-12-12 18:29:04 - [TEST_STEP][PASSED] - delay: Delayed 2 second(s)

2018-12-12 18:29:06 - [MESSAGE][PASSED] - Delayed 2 second(s)

2018-12-12 18:29:06 - [TEST_STEP][PASSED] - click: Object: 'Object Repository/Final Object Repo/New Registration - Registration Module Pages/Form 2/DatePicker Pop Up' is clicked on

2018-12-12 18:29:06 - [MESSAGE][PASSED] - Object: 'Object Repository/Final Object Repo/New Registration - Registration Module Pages/Form 2/DatePicker Pop Up' is clicked on

2018-12-12 18:29:06 - [TEST_STEP][PASSED] - click: Object: 'Object Repository/Final Object Repo/New Registration - Registration Module Pages/Form 2/DOB Month' is clicked on

2018-12-12 18:29:06 - [MESSAGE][PASSED] - Object: 'Object Repository/Final Object Repo/New Registration - Registration Module Pages/Form 2/DOB Month' is clicked on

2018-12-12 18:29:06 - [TEST_STEP][PASSED] - Statement - CurrentMonth = CurrentMonth: null

2018-12-12 18:29:06 - [TEST_STEP][PASSED] - Statement - selectMonth = new com.kms.katalon.core.testobject.TestObject(): null

2018-12-12 18:29:06 - [TEST_STEP][PASSED] - Statement - selectMonth.addProperty("xpath", EQUALS, "//body/div/div/div/select/option[@value='" + CurrentMonth + "']", true): null

2018-12-12 18:29:06 - [TEST_STEP][PASSED] - click: Object: '' is clicked on

2018-12-12 18:29:06 - [MESSAGE][PASSED] - Object: '' is clicked on

2018-12-12 18:29:06 - [TEST_STEP][PASSED] - click: Object: 'Object Repository/Final Object Repo/New Registration - Registration Module Pages/Form 2/DOB Year' is clicked on

2018-12-12 18:29:06 - [MESSAGE][PASSED] - Object: 'Object Repository/Final Object Repo/New Registration - Registration Module Pages/Form 2/DOB Year' is clicked on

2018-12-12 18:29:06 - [TEST_STEP][PASSED] - Statement - Eyearsbf = EighteenYrsBefore: null

2018-12-12 18:29:06 - [TEST_STEP][PASSED] - Statement - selectYear = new com.kms.katalon.core.testobject.TestObject(): null

2018-12-12 18:29:06 - [TEST_STEP][PASSED] - Statement - selectYear.addProperty("xpath", EQUALS, "//div/div/div/select/option[@value='" + Eyearsbf + "']", true): null

2018-12-12 18:29:06 - [TEST_STEP][PASSED] - click: Object: '' is clicked on

2018-12-12 18:29:06 - [MESSAGE][PASSED] - Object: '' is clicked on

2018-12-12 18:29:06 - [TEST_STEP][PASSED] - Statement - UpdatedSelectDate = com.kms.katalon.core.webui.keyword.WebUiBuiltInKeywords.modifyObjectProperty(com.kms.katalon.core.testobject.ObjectRepository.findTestObject(Final Object Repo/New Registration - Registration Module Pages/Form 2/DOB Date), "xpath", "equals", "//body/div/table/tbody/tr/td/a[text()="" + CurrentDate + ""]", true): Modify property of object successfully

2018-12-12 18:29:06 - [MESSAGE][PASSED] - Modify property of object successfully

2018-12-12 18:29:06 - [TEST_STEP][PASSED] - delay: Delayed 3 second(s)

2018-12-12 18:29:09 - [MESSAGE][PASSED] - Delayed 3 second(s)

2018-12-12 18:29:09 - [TEST_STEP][PASSED] - click: Object: 'Object Repository/Final Object Repo/New Registration - Registration Module Pages/Form 2/DOB Date' is clicked on

2018-12-12 18:29:10 - [MESSAGE][PASSED] - Object: 'Object Repository/Final Object Repo/New Registration - Registration Module Pages/Form 2/DOB Date' is clicked on

2018-12-12 18:29:10 - [TEST_STEP][PASSED] - delay: Delayed 2 second(s)

2018-12-12 18:29:12 - [MESSAGE][PASSED] - Delayed 2 second(s)

2018-12-12 18:29:12 - [TEST_STEP][PASSED] - click: Object: 'Object Repository/Final Object Repo/New Registration - Registration Module Pages/Form 2/EmploymentStartDate Pop Up' is clicked on

2018-12-12 18:29:12 - [MESSAGE][PASSED] - Object: 'Object Repository/Final Object Repo/New Registration - Registration Module Pages/Form 2/EmploymentStartDate Pop Up' is clicked on

2018-12-12 18:29:12 - [TEST_STEP][PASSED] - delay: Delayed 2 second(s)

2018-12-12 18:29:14 - [MESSAGE][PASSED] - Delayed 2 second(s)

2018-12-12 18:29:14 - [TEST_STEP][PASSED] - click: Object: 'Object Repository/Final Object Repo/New Registration - Registration Module Pages/Form 2/Socso Employment StartDate Month' is clicked on

2018-12-12 18:29:14 - [MESSAGE][PASSED] - Object: 'Object Repository/Final Object Repo/New Registration - Registration Module Pages/Form 2/Socso Employment StartDate Month' is clicked on

2018-12-12 18:29:14 - [TEST_STEP][PASSED] - delay: Delayed 1 second(s)

2018-12-12 18:29:15 - [MESSAGE][PASSED] - Delayed 1 second(s)

2018-12-12 18:29:15 - [TEST_STEP][PASSED] - click: Object: 'Object Repository/Final Object Repo/New Registration - Registration Module Pages/Form 2/Select Socso Employement Startdate Month' is clicked on

2018-12-12 18:29:15 - [MESSAGE][PASSED] - Object: 'Object Repository/Final Object Repo/New Registration - Registration Module Pages/Form 2/Select Socso Employement Startdate Month' is clicked on

2018-12-12 18:29:15 - [TEST_STEP][PASSED] - delay: Delayed 2 second(s)

2018-12-12 18:29:17 - [MESSAGE][PASSED] - Delayed 2 second(s)

2018-12-12 18:29:17 - [TEST_STEP][PASSED] - click: Object: 'Object Repository/Final Object Repo/New Registration - Registration Module Pages/Form 2/Socso Employment StartDate Year' is clicked on

2018-12-12 18:29:17 - [MESSAGE][PASSED] - Object: 'Object Repository/Final Object Repo/New Registration - Registration Module Pages/Form 2/Socso Employment StartDate Year' is clicked on

2018-12-12 18:29:17 - [TEST_STEP][PASSED] - delay: Delayed 1 second(s)

2018-12-12 18:29:18 - [MESSAGE][PASSED] - Delayed 1 second(s)

2018-12-12 18:29:18 - [TEST_STEP][PASSED] - click: Object: 'Object Repository/Final Object Repo/New Registration - Registration Module Pages/Form 2/Select Socso Employment Startdate Year' is clicked on

2018-12-12 18:29:18 - [MESSAGE][PASSED] - Object: 'Object Repository/Final Object Repo/New Registration - Registration Module Pages/Form 2/Select Socso Employment Startdate Year' is clicked on

2018-12-12 18:29:18 - [TEST_STEP][PASSED] - delay: Delayed 2 second(s)

2018-12-12 18:29:20 - [MESSAGE][PASSED] - Delayed 2 second(s)

2018-12-12 18:29:20 - [TEST_STEP][PASSED] - click: Object: 'Object Repository/Final Object Repo/New Registration - Registration Module Pages/Form 2/Socso Employment Start Date Day' is clicked on

2018-12-12 18:29:21 - [MESSAGE][PASSED] - Object: 'Object Repository/Final Object Repo/New Registration - Registration Module Pages/Form 2/Socso Employment Start Date Day' is clicked on

2018-12-12 18:29:21 - [TEST_STEP][PASSED] - delay: Delayed 2 second(s)

2018-12-12 18:29:23 - [MESSAGE][PASSED] - Delayed 2 second(s)

2018-12-12 18:29:23 - [TEST_STEP][PASSED] - click: Object: 'Object Repository/Final Object Repo/New Registration - Registration Module Pages/Form 2/Save Button for Add Employee' is clicked on

2018-12-12 18:29:23 - [MESSAGE][PASSED] - Object: 'Object Repository/Final Object Repo/New Registration - Registration Module Pages/Form 2/Save Button for Add Employee' is clicked on

2018-12-12 18:29:23 - [TEST_STEP][PASSED] - delay: Delayed 6 second(s)

2018-12-12 18:29:29 - [MESSAGE][PASSED] - Delayed 6 second(s)

2018-12-12 18:29:29 - [TEST_STEP][PASSED] - click: Object: 'Object Repository/Final Object Repo/New Registration - Registration Module Pages/Form 2/Save and Continue Form 2' is clicked on

2018-12-12 18:29:29 - [MESSAGE][PASSED] - Object: 'Object Repository/Final Object Repo/New Registration - Registration Module Pages/Form 2/Save and Continue Form 2' is clicked on

2018-12-12 18:29:29 - [MESSAGE][PASSED] - Call Test Case 'Test Cases/Final Aug 2018 - PKS Automation/Registration Module/New Registration/Form 2/Add 1 Eligible' successfully

2018-12-12 18:29:29 - [TEST_STEP][PASSED] - callTestCase: Call Test Case 'Test Cases/Final Aug 2018 - PKS Automation/Registration Module/New Registration/Flow of New Registration/Third Screen - Upload Supporting Doc - Preview' successfully

2018-12-12 18:29:29 - [TEST_CASE][PASSED] - Test Cases/Final Aug 2018 - PKS Automation/Registration Module/New Registration/Flow of New Registration/Third Screen - Upload Supporting Doc - Preview: Test Cases/Final Aug 2018 - PKS Automation/Registration Module/New Registration/Flow of New Registration/Third Screen - Upload Supporting Doc - Preview

2018-12-12 18:29:29 - [TEST_STEP][PASSED] - waitForPageLoad: Wait for page load successfully

2018-12-12 18:29:30 - [MESSAGE][PASSED] - Wait for page load successfully

2018-12-12 18:29:30 - [TEST_STEP][PASSED] - Statement - CaseReferenceNo = com.kms.katalon.core.webui.keyword.WebUiBuiltInKeywords.getText(com.kms.katalon.core.testobject.ObjectRepository.findTestObject(Final Object Repo/New Registration - Registration Module Pages/Third Screen - Upload Supporting Doc- Preview/RefNo Acquiring)): Text of object 'Object Repository/Final Object Repo/New Registration - Registration Module Pages/Third Screen - Upload Supporting Doc- Preview/RefNo Acquiring' is: 'CRN12201800123226'

2018-12-12 18:29:30 - [MESSAGE][PASSED] - Text of object 'Object Repository/Final Object Repo/New Registration - Registration Module Pages/Third Screen - Upload Supporting Doc- Preview/RefNo Acquiring' is: 'CRN12201800123226'

2018-12-12 18:29:30 - [TEST_STEP][PASSED] - delay: Delayed 2 second(s)

2018-12-12 18:29:32 - [MESSAGE][PASSED] - Delayed 2 second(s)

2018-12-12 18:29:32 - [TEST_STEP][PASSED] - callTestCase: Call Test Case 'Test Cases/Final Aug 2018 - PKS Automation/Common/Reference Number Setter' successfully

2018-12-12 18:29:32 - [TEST_CASE][PASSED] - Test Cases/Final Aug 2018 - PKS Automation/Common/Reference Number Setter: Test Cases/Final Aug 2018 - PKS Automation/Common/Reference Number Setter

2018-12-12 18:29:32 - [TEST_STEP][PASSED] - Statement - RefNoOldFile = new java.io.File(C://Users//Admin//Desktop//PKS//Automation Reference Point//KatalonReference.txt): null

2018-12-12 18:29:32 - [TEST_STEP][PASSED] - Statement - RefNoOldFile.delete(): null

2018-12-12 18:29:32 - [TEST_STEP][PASSED] - delay: Delayed 5 second(s)

2018-12-12 18:29:37 - [MESSAGE][PASSED] - Delayed 5 second(s)

2018-12-12 18:29:37 - [TEST_STEP][PASSED] - Statement - RefNo = new java.io.File(C://Users//Admin//Desktop//PKS//Automation Reference Point//KatalonReference.txt): null

2018-12-12 18:29:37 - [TEST_STEP][PASSED] - Statement - f2 = new java.io.FileWriter(RefNo, false): null

2018-12-12 18:29:37 - [TEST_STEP][PASSED] - Statement - f2.write(CaseReferenceNo): null

2018-12-12 18:29:37 - [TEST_STEP][PASSED] - Statement - f2.close(): null

2018-12-12 18:29:37 - [TEST_STEP][PASSED] - Statement - out.println("


" + CaseReferenceNo + "


"): null

2018-12-12 18:29:37 - [MESSAGE][PASSED] - Call Test Case 'Test Cases/Final Aug 2018 - PKS Automation/Common/Reference Number Setter' successfully

2018-12-12 18:29:37 - [TEST_STEP][PASSED] - waitForElementClickable: Object 'Object Repository/Final Object Repo/New Registration - Registration Module Pages/Third Screen - Upload Supporting Doc- Preview/Save n Continue in SIP Employee Listing Page' is clickable

2018-12-12 18:29:37 - [MESSAGE][PASSED] - Object 'Object Repository/Final Object Repo/New Registration - Registration Module Pages/Third Screen - Upload Supporting Doc- Preview/Save n Continue in SIP Employee Listing Page' is clickable

2018-12-12 18:29:37 - [TEST_STEP][PASSED] - click: Object: 'Object Repository/Final Object Repo/New Registration - Registration Module Pages/Third Screen - Upload Supporting Doc- Preview/Save n Continue in SIP Employee Listing Page' is clicked on

2018-12-12 18:29:43 - [MESSAGE][PASSED] - Object: 'Object Repository/Final Object Repo/New Registration - Registration Module Pages/Third Screen - Upload Supporting Doc- Preview/Save n Continue in SIP Employee Listing Page' is clicked on

2018-12-12 18:29:43 - [TEST_STEP][PASSED] - delay: Delayed 7 second(s)

2018-12-12 18:29:50 - [MESSAGE][PASSED] - Delayed 7 second(s)

2018-12-12 18:29:50 - [TEST_STEP][PASSED] - click: Object: 'Object Repository/Final Object Repo/New Registration - Registration Module Pages/Third Screen - Upload Supporting Doc- Preview/Add Document Button' is clicked on

2018-12-12 18:29:50 - [MESSAGE][PASSED] - Object: 'Object Repository/Final Object Repo/New Registration - Registration Module Pages/Third Screen - Upload Supporting Doc- Preview/Add Document Button' is clicked on

2018-12-12 18:29:50 - [TEST_STEP][PASSED] - delay: Delayed 30 second(s)

2018-12-12 18:30:20 - [MESSAGE][PASSED] - Delayed 30 second(s)

2018-12-12 18:30:20 - [TEST_STEP][PASSED] - click: Object: 'Object Repository/Final Object Repo/New Registration - Registration Module Pages/Third Screen - Upload Supporting Doc- Preview/Supporting Doc Please Select Drop Down' is clicked on

2018-12-12 18:30:20 - [MESSAGE][PASSED] - Object: 'Object Repository/Final Object Repo/New Registration - Registration Module Pages/Third Screen - Upload Supporting Doc- Preview/Supporting Doc Please Select Drop Down' is clicked on

2018-12-12 18:30:20 - [TEST_STEP][PASSED] - delay: Delayed 2 second(s)

2018-12-12 18:30:22 - [MESSAGE][PASSED] - Delayed 2 second(s)

2018-12-12 18:30:22 - [TEST_STEP][PASSED] - click: Object: 'Object Repository/Final Object Repo/New Registration - Registration Module Pages/Third Screen - Upload Supporting Doc- Preview/Select to Upload Form 1' is clicked on

2018-12-12 18:30:22 - [MESSAGE][PASSED] - Object: 'Object Repository/Final Object Repo/New Registration - Registration Module Pages/Third Screen - Upload Supporting Doc- Preview/Select to Upload Form 1' is clicked on

2018-12-12 18:30:22 - [TEST_STEP][PASSED] - delay: Delayed 2 second(s)

2018-12-12 18:30:24 - [MESSAGE][PASSED] - Delayed 2 second(s)

2018-12-12 18:30:24 - [TEST_STEP][PASSED] - uploadFile: File 'C:\Users\Public\Pictures\Sample Pictures\Koala.jpg' sent to object: 'Object Repository/Final Object Repo/New Registration - Registration Module Pages/Third Screen - Upload Supporting Doc- Preview/Upload File Adding'

2018-12-12 18:30:24 - [MESSAGE][PASSED] - File 'C:\Users\Public\Pictures\Sample Pictures\Koala.jpg' sent to object: 'Object Repository/Final Object Repo/New Registration - Registration Module Pages/Third Screen - Upload Supporting Doc- Preview/Upload File Adding'

2018-12-12 18:30:24 - [TEST_STEP][PASSED] - delay: Delayed 5 second(s)

2018-12-12 18:30:29 - [MESSAGE][PASSED] - Delayed 5 second(s)

2018-12-12 18:30:29 - [TEST_STEP][PASSED] - click: Object: 'Object Repository/Final Object Repo/New Registration - Registration Module Pages/Third Screen - Upload Supporting Doc- Preview/Inner Form Add Document Button' is clicked on

2018-12-12 18:30:30 - [MESSAGE][PASSED] - Object: 'Object Repository/Final Object Repo/New Registration - Registration Module Pages/Third Screen - Upload Supporting Doc- Preview/Inner Form Add Document Button' is clicked on

2018-12-12 18:30:30 - [TEST_STEP][PASSED] - delay: Delayed 3 second(s)

2018-12-12 18:30:33 - [MESSAGE][PASSED] - Delayed 3 second(s)

2018-12-12 18:30:33 - [TEST_STEP][PASSED] - click: Object: 'Object Repository/Final Object Repo/New Registration - Registration Module Pages/Third Screen - Upload Supporting Doc- Preview/Add Document Button' is clicked on

2018-12-12 18:30:34 - [MESSAGE][PASSED] - Object: 'Object Repository/Final Object Repo/New Registration - Registration Module Pages/Third Screen - Upload Supporting Doc- Preview/Add Document Button' is clicked on

2018-12-12 18:30:34 - [TEST_STEP][PASSED] - delay: Delayed 30 second(s)

2018-12-12 18:31:04 - [MESSAGE][PASSED] - Delayed 30 second(s)

2018-12-12 18:31:04 - [TEST_STEP][PASSED] - click: Object: 'Object Repository/Final Object Repo/New Registration - Registration Module Pages/Third Screen - Upload Supporting Doc- Preview/Supporting Doc Please Select Drop Down' is clicked on

2018-12-12 18:31:04 - [MESSAGE][PASSED] - Object: 'Object Repository/Final Object Repo/New Registration - Registration Module Pages/Third Screen - Upload Supporting Doc- Preview/Supporting Doc Please Select Drop Down' is clicked on

2018-12-12 18:31:04 - [TEST_STEP][PASSED] - delay: Delayed 4 second(s)

2018-12-12 18:31:08 - [MESSAGE][PASSED] - Delayed 4 second(s)

2018-12-12 18:31:08 - [TEST_STEP][PASSED] - click: Object: 'Object Repository/Final Object Repo/New Registration - Registration Module Pages/Third Screen - Upload Supporting Doc- Preview/Select to Upload Form 2' is clicked on

2018-12-12 18:31:08 - [MESSAGE][PASSED] - Object: 'Object Repository/Final Object Repo/New Registration - Registration Module Pages/Third Screen - Upload Supporting Doc- Preview/Select to Upload Form 2' is clicked on

2018-12-12 18:31:08 - [TEST_STEP][PASSED] - delay: Delayed 2 second(s)

2018-12-12 18:31:10 - [MESSAGE][PASSED] - Delayed 2 second(s)

2018-12-12 18:31:10 - [TEST_STEP][PASSED] - uploadFile: File 'C:\Users\Public\Pictures\Sample Pictures\Koala.jpg' sent to object: 'Object Repository/Final Object Repo/New Registration - Registration Module Pages/Third Screen - Upload Supporting Doc- Preview/Upload File Adding'

2018-12-12 18:31:10 - [MESSAGE][PASSED] - File 'C:\Users\Public\Pictures\Sample Pictures\Koala.jpg' sent to object: 'Object Repository/Final Object Repo/New Registration - Registration Module Pages/Third Screen - Upload Supporting Doc- Preview/Upload File Adding'

2018-12-12 18:31:10 - [TEST_STEP][PASSED] - click: Object: 'Object Repository/Final Object Repo/New Registration - Registration Module Pages/Third Screen - Upload Supporting Doc- Preview/Inner Form Add Document Button' is clicked on

2018-12-12 18:31:10 - [MESSAGE][PASSED] - Object: 'Object Repository/Final Object Repo/New Registration - Registration Module Pages/Third Screen - Upload Supporting Doc- Preview/Inner Form Add Document Button' is clicked on

2018-12-12 18:31:10 - [TEST_STEP][PASSED] - delay: Delayed 5 second(s)

2018-12-12 18:31:15 - [MESSAGE][PASSED] - Delayed 5 second(s)

2018-12-12 18:31:15 - [TEST_STEP][PASSED] - click: Object: 'Object Repository/Final Object Repo/New Registration - Registration Module Pages/Third Screen - Upload Supporting Doc- Preview/Add Document Button' is clicked on

2018-12-12 18:31:16 - [MESSAGE][PASSED] - Object: 'Object Repository/Final Object Repo/New Registration - Registration Module Pages/Third Screen - Upload Supporting Doc- Preview/Add Document Button' is clicked on

2018-12-12 18:31:16 - [TEST_STEP][PASSED] - delay: Delayed 30 second(s)

2018-12-12 18:31:46 - [MESSAGE][PASSED] - Delayed 30 second(s)

2018-12-12 18:31:46 - [TEST_STEP][PASSED] - click: Object: 'Object Repository/Final Object Repo/New Registration - Registration Module Pages/Third Screen - Upload Supporting Doc- Preview/Supporting Doc Please Select Drop Down' is clicked on

2018-12-12 18:31:46 - [MESSAGE][PASSED] - Object: 'Object Repository/Final Object Repo/New Registration - Registration Module Pages/Third Screen - Upload Supporting Doc- Preview/Supporting Doc Please Select Drop Down' is clicked on

2018-12-12 18:31:46 - [TEST_STEP][PASSED] - click: Object: 'Object Repository/Final Object Repo/New Registration - Registration Module Pages/Third Screen - Upload Supporting Doc- Preview/Select to Upload Borang SIP 1' is clicked on

2018-12-12 18:31:46 - [MESSAGE][PASSED] - Object: 'Object Repository/Final Object Repo/New Registration - Registration Module Pages/Third Screen - Upload Supporting Doc- Preview/Select to Upload Borang SIP 1' is clicked on

2018-12-12 18:31:46 - [TEST_STEP][PASSED] - delay: Delayed 2 second(s)

2018-12-12 18:31:48 - [MESSAGE][PASSED] - Delayed 2 second(s)

2018-12-12 18:31:48 - [TEST_STEP][PASSED] - uploadFile: File 'C:\Users\Public\Pictures\Sample Pictures\Koala.jpg' sent to object: 'Object Repository/Final Object Repo/New Registration - Registration Module Pages/Third Screen - Upload Supporting Doc- Preview/Upload File Adding'

2018-12-12 18:31:48 - [MESSAGE][PASSED] - File 'C:\Users\Public\Pictures\Sample Pictures\Koala.jpg' sent to object: 'Object Repository/Final Object Repo/New Registration - Registration Module Pages/Third Screen - Upload Supporting Doc- Preview/Upload File Adding'

2018-12-12 18:31:48 - [TEST_STEP][PASSED] - click: Object: 'Object Repository/Final Object Repo/New Registration - Registration Module Pages/Third Screen - Upload Supporting Doc- Preview/Inner Form Add Document Button' is clicked on

2018-12-12 18:31:48 - [MESSAGE][PASSED] - Object: 'Object Repository/Final Object Repo/New Registration - Registration Module Pages/Third Screen - Upload Supporting Doc- Preview/Inner Form Add Document Button' is clicked on

2018-12-12 18:31:48 - [TEST_STEP][PASSED] - delay: Delayed 5 second(s)

2018-12-12 18:31:53 - [MESSAGE][PASSED] - Delayed 5 second(s)

2018-12-12 18:31:53 - [TEST_STEP][PASSED] - click: Object: 'Object Repository/Final Object Repo/New Registration - Registration Module Pages/Third Screen - Upload Supporting Doc- Preview/Add Document Button' is clicked on

2018-12-12 18:31:54 - [MESSAGE][PASSED] - Object: 'Object Repository/Final Object Repo/New Registration - Registration Module Pages/Third Screen - Upload Supporting Doc- Preview/Add Document Button' is clicked on

2018-12-12 18:31:54 - [TEST_STEP][PASSED] - delay: Delayed 30 second(s)

2018-12-12 18:32:24 - [MESSAGE][PASSED] - Delayed 30 second(s)

2018-12-12 18:32:24 - [TEST_STEP][PASSED] - click: Object: 'Object Repository/Final Object Repo/New Registration - Registration Module Pages/Third Screen - Upload Supporting Doc- Preview/Supporting Doc Please Select Drop Down' is clicked on

2018-12-12 18:32:24 - [MESSAGE][PASSED] - Object: 'Object Repository/Final Object Repo/New Registration - Registration Module Pages/Third Screen - Upload Supporting Doc- Preview/Supporting Doc Please Select Drop Down' is clicked on

2018-12-12 18:32:24 - [TEST_STEP][PASSED] - delay: Delayed 3 second(s)

2018-12-12 18:32:27 - [MESSAGE][PASSED] - Delayed 3 second(s)

2018-12-12 18:32:27 - [TEST_STEP][PASSED] - click: Object: 'Object Repository/Final Object Repo/New Registration - Registration Module Pages/Third Screen - Upload Supporting Doc- Preview/Select to Upload Borang SIP 2' is clicked on

2018-12-12 18:32:27 - [MESSAGE][PASSED] - Object: 'Object Repository/Final Object Repo/New Registration - Registration Module Pages/Third Screen - Upload Supporting Doc- Preview/Select to Upload Borang SIP 2' is clicked on

2018-12-12 18:32:27 - [TEST_STEP][PASSED] - delay: Delayed 2 second(s)

2018-12-12 18:32:29 - [MESSAGE][PASSED] - Delayed 2 second(s)

2018-12-12 18:32:29 - [TEST_STEP][PASSED] - uploadFile: File 'C:\Users\Public\Pictures\Sample Pictures\Koala.jpg' sent to object: 'Object Repository/Final Object Repo/New Registration - Registration Module Pages/Third Screen - Upload Supporting Doc- Preview/Upload File Adding'

2018-12-12 18:32:29 - [MESSAGE][PASSED] - File 'C:\Users\Public\Pictures\Sample Pictures\Koala.jpg' sent to object: 'Object Repository/Final Object Repo/New Registration - Registration Module Pages/Third Screen - Upload Supporting Doc- Preview/Upload File Adding'

2018-12-12 18:32:29 - [TEST_STEP][PASSED] - delay: Delayed 5 second(s)

2018-12-12 18:32:34 - [MESSAGE][PASSED] - Delayed 5 second(s)

2018-12-12 18:32:34 - [TEST_STEP][PASSED] - click: Object: 'Object Repository/Final Object Repo/New Registration - Registration Module Pages/Third Screen - Upload Supporting Doc- Preview/Inner Form Add Document Button' is clicked on

2018-12-12 18:32:34 - [MESSAGE][PASSED] - Object: 'Object Repository/Final Object Repo/New Registration - Registration Module Pages/Third Screen - Upload Supporting Doc- Preview/Inner Form Add Document Button' is clicked on

2018-12-12 18:32:34 - [TEST_STEP][PASSED] - delay: Delayed 3 second(s)

2018-12-12 18:32:37 - [MESSAGE][PASSED] - Delayed 3 second(s)

2018-12-12 18:32:37 - [TEST_STEP][PASSED] - waitForElementClickable: Object 'Object Repository/Final Object Repo/New Registration - Registration Module Pages/Third Screen - Upload Supporting Doc- Preview/Save n Continue in Uploading Supporting Doc Page' is clickable

2018-12-12 18:32:38 - [MESSAGE][PASSED] - Object 'Object Repository/Final Object Repo/New Registration - Registration Module Pages/Third Screen - Upload Supporting Doc- Preview/Save n Continue in Uploading Supporting Doc Page' is clickable

2018-12-12 18:32:38 - [TEST_STEP][PASSED] - click: Object: 'Object Repository/Final Object Repo/New Registration - Registration Module Pages/Third Screen - Upload Supporting Doc- Preview/Save n Continue in Uploading Supporting Doc Page' is clicked on

2018-12-12 18:32:38 - [MESSAGE][PASSED] - Object: 'Object Repository/Final Object Repo/New Registration - Registration Module Pages/Third Screen - Upload Supporting Doc- Preview/Save n Continue in Uploading Supporting Doc Page' is clicked on

2018-12-12 18:32:38 - [MESSAGE][PASSED] - Call Test Case 'Test Cases/Final Aug 2018 - PKS Automation/Registration Module/New Registration/Flow of New Registration/Third Screen - Upload Supporting Doc - Preview' successfully

2018-12-12 18:32:38 - [TEST_STEP][PASSED] - callTestCase: Call Test Case 'Test Cases/Final Aug 2018 - PKS Automation/Registration Module/New Registration/Submit and Screenshot/Submit Registration and Screenshot' successfully

2018-12-12 18:32:38 - [TEST_CASE][PASSED] - Test Cases/Final Aug 2018 - PKS Automation/Registration Module/New Registration/Submit and Screenshot/Submit Registration and Screenshot: Test Cases/Final Aug 2018 - PKS Automation/Registration Module/New Registration/Submit and Screenshot/Submit Registration and Screenshot

2018-12-12 18:32:38 - [TEST_STEP][PASSED] - delay: Delayed 6 second(s)

2018-12-12 18:32:44 - [MESSAGE][PASSED] - Delayed 6 second(s)

2018-12-12 18:32:44 - [TEST_STEP][PASSED] - click: Object: 'Object Repository/Final Object Repo/New Registration - Registration Module Pages/Third Screen - Upload Supporting Doc- Preview/Preview Submit Button' is clicked on

2018-12-12 18:32:45 - [MESSAGE][PASSED] - Object: 'Object Repository/Final Object Repo/New Registration - Registration Module Pages/Third Screen - Upload Supporting Doc- Preview/Preview Submit Button' is clicked on

2018-12-12 18:32:45 - [TEST_STEP][PASSED] - delay: Delayed 2 second(s)

2018-12-12 18:32:47 - [MESSAGE][PASSED] - Delayed 2 second(s)

2018-12-12 18:32:47 - [TEST_STEP][PASSED] - click: Object: 'Object Repository/Final Object Repo/New Registration - Registration Module Pages/Third Screen - Upload Supporting Doc- Preview/Preview Submit - Confirm' is clicked on

2018-12-12 18:32:47 - [MESSAGE][PASSED] - Object: 'Object Repository/Final Object Repo/New Registration - Registration Module Pages/Third Screen - Upload Supporting Doc- Preview/Preview Submit - Confirm' is clicked on

2018-12-12 18:32:47 - [TEST_STEP][PASSED] - delay: Delayed 15 second(s)

2018-12-12 18:33:02 - [MESSAGE][PASSED] - Delayed 15 second(s)

2018-12-12 18:33:02 - [TEST_STEP][PASSED] - Statement - driver = com.kms.katalon.core.webui.driver.DriverFactory.getWebDriver(): null

2018-12-12 18:33:02 - [TEST_STEP][PASSED] - Statement - driver.manage().timeouts().implicitlyWait(10, SECONDS): null

2018-12-12 18:33:02 - [TEST_STEP][PASSED] - Statement - PresavePath = KatalonScreenshots: null

2018-12-12 18:33:02 - [TEST_STEP][PASSED] - Statement - pathPrefix = "C:\Users\Public\Pictures\Sample Pictures\Katalon Screenshots\Automate Ending Screen": null

2018-12-12 18:33:02 - [TEST_STEP][PASSED] - Statement - finalPath = <not implemented yet for class: org.codehaus.groovy.ast.expr.EmptyExpression>: null

2018-12-12 18:33:02 - [TEST_STEP][PASSED] - Statement - scrFile = driver.getScreenshotAs(FILE): null

2018-12-12 18:33:02 - [TEST_STEP][PASSED] - Statement - PreSaveFile = new java.io.File(PresavePath): null

2018-12-12 18:33:02 - [TEST_STEP][PASSED] - Statement - counter = 0: null

2018-12-12 18:33:02 - [TEST_STEP][PASSED] - Statement - If (PreSaveFile.exists()): null

2018-12-12 18:33:02 - [TEST_STEP][PASSED] - Statement - While (PreSaveFile.exists()): null

2018-12-12 18:33:02 - [TEST_STEP][PASSED] - Statement - counter = counter + 1: null

2018-12-12 18:33:02 - [TEST_STEP][PASSED] - Statement - PreSaveFile = new java.io.File(((pathPrefix + java.lang.Integer.toString(counter)) + .png)): null

2018-12-12 18:33:02 - [TEST_STEP][PASSED] - Statement - counter = counter + 1: null

2018-12-12 18:33:02 - [TEST_STEP][PASSED] - Statement - PreSaveFile = new java.io.File(((pathPrefix + java.lang.Integer.toString(counter)) + .png)): null

2018-12-12 18:33:02 - [TEST_STEP][PASSED] - Statement - counter = counter + 1: null

2018-12-12 18:33:02 - [TEST_STEP][PASSED] - Statement - PreSaveFile = new java.io.File(((pathPrefix + java.lang.Integer.toString(counter)) + .png)): null

2018-12-12 18:33:02 - [TEST_STEP][PASSED] - Statement - counter = counter + 1: null

2018-12-12 18:33:02 - [TEST_STEP][PASSED] - Statement - PreSaveFile = new java.io.File(((pathPrefix + java.lang.Integer.toString(counter)) + .png)): null

2018-12-12 18:33:02 - [TEST_STEP][PASSED] - Statement - counter = counter + 1: null

2018-12-12 18:33:02 - [TEST_STEP][PASSED] - Statement - PreSaveFile = new java.io.File(((pathPrefix + java.lang.Integer.toString(counter)) + .png)): null

2018-12-12 18:33:02 - [TEST_STEP][PASSED] - Statement - counter = counter + 1: null

2018-12-12 18:33:02 - [TEST_STEP][PASSED] - Statement - PreSaveFile = new java.io.File(((pathPrefix + java.lang.Integer.toString(counter)) + .png)): null

2018-12-12 18:33:02 - [TEST_STEP][PASSED] - Statement - counter = counter + 1: null

2018-12-12 18:33:02 - [TEST_STEP][PASSED] - Statement - PreSaveFile = new java.io.File(((pathPrefix + java.lang.Integer.toString(counter)) + .png)): null

2018-12-12 18:33:02 - [TEST_STEP][PASSED] - Statement - counter = counter + 1: null

2018-12-12 18:33:02 - [TEST_STEP][PASSED] - Statement - PreSaveFile = new java.io.File(((pathPrefix + java.lang.Integer.toString(counter)) + .png)): null

2018-12-12 18:33:02 - [TEST_STEP][PASSED] - Statement - counter = counter + 1: null

2018-12-12 18:33:02 - [TEST_STEP][PASSED] - Statement - PreSaveFile = new java.io.File(((pathPrefix + java.lang.Integer.toString(counter)) + .png)): null

2018-12-12 18:33:02 - [TEST_STEP][PASSED] - Statement - counter = counter + 1: null

2018-12-12 18:33:02 - [TEST_STEP][PASSED] - Statement - PreSaveFile = new java.io.File(((pathPrefix + java.lang.Integer.toString(counter)) + .png)): null

2018-12-12 18:33:02 - [TEST_STEP][PASSED] - Statement - counter = counter + 1: null

2018-12-12 18:33:02 - [TEST_STEP][PASSED] - Statement - PreSaveFile = new java.io.File(((pathPrefix + java.lang.Integer.toString(counter)) + .png)): null

2018-12-12 18:33:02 - [TEST_STEP][PASSED] - Statement - counter = counter + 1: null

2018-12-12 18:33:02 - [TEST_STEP][PASSED] - Statement - PreSaveFile = new java.io.File(((pathPrefix + java.lang.Integer.toString(counter)) + .png)): null

2018-12-12 18:33:02 - [TEST_STEP][PASSED] - Statement - counter = counter + 1: null

2018-12-12 18:33:02 - [TEST_STEP][PASSED] - Statement - PreSaveFile = new java.io.File(((pathPrefix + java.lang.Integer.toString(counter)) + .png)): null

2018-12-12 18:33:02 - [TEST_STEP][PASSED] - Statement - counter = counter + 1: null

2018-12-12 18:33:02 - [TEST_STEP][PASSED] - Statement - PreSaveFile = new java.io.File(((pathPrefix + java.lang.Integer.toString(counter)) + .png)): null

2018-12-12 18:33:02 - [TEST_STEP][PASSED] - Statement - counter = counter + 1: null

2018-12-12 18:33:02 - [TEST_STEP][PASSED] - Statement - PreSaveFile = new java.io.File(((pathPrefix + java.lang.Integer.toString(counter)) + .png)): null

2018-12-12 18:33:02 - [TEST_STEP][PASSED] - Statement - counter = counter + 1: null

2018-12-12 18:33:02 - [TEST_STEP][PASSED] - Statement - PreSaveFile = new java.io.File(((pathPrefix + java.lang.Integer.toString(counter)) + .png)): null

2018-12-12 18:33:02 - [TEST_STEP][PASSED] - Statement - counter = counter + 1: null

2018-12-12 18:33:02 - [TEST_STEP][PASSED] - Statement - PreSaveFile = new java.io.File(((pathPrefix + java.lang.Integer.toString(counter)) + .png)): null

2018-12-12 18:33:02 - [TEST_STEP][PASSED] - Statement - counter = counter + 1: null

2018-12-12 18:33:02 - [TEST_STEP][PASSED] - Statement - PreSaveFile = new java.io.File(((pathPrefix + java.lang.Integer.toString(counter)) + .png)): null

2018-12-12 18:33:02 - [TEST_STEP][PASSED] - Statement - counter = counter + 1: null

2018-12-12 18:33:02 - [TEST_STEP][PASSED] - Statement - PreSaveFile = new java.io.File(((pathPrefix + java.lang.Integer.toString(counter)) + .png)): null

2018-12-12 18:33:02 - [TEST_STEP][PASSED] - Statement - counter = counter + 1: null

2018-12-12 18:33:02 - [TEST_STEP][PASSED] - Statement - PreSaveFile = new java.io.File(((pathPrefix + java.lang.Integer.toString(counter)) + .png)): null

2018-12-12 18:33:02 - [TEST_STEP][PASSED] - Statement - counter = counter + 1: null

2018-12-12 18:33:02 - [TEST_STEP][PASSED] - Statement - PreSaveFile = new java.io.File(((pathPrefix + java.lang.Integer.toString(counter)) + .png)): null

2018-12-12 18:33:02 - [TEST_STEP][PASSED] - Statement - counter = counter + 1: null

2018-12-12 18:33:02 - [TEST_STEP][PASSED] - Statement - PreSaveFile = new java.io.File(((pathPrefix + java.lang.Integer.toString(counter)) + .png)): null

2018-12-12 18:33:02 - [TEST_STEP][PASSED] - Statement - counter = counter + 1: null

2018-12-12 18:33:02 - [TEST_STEP][PASSED] - Statement - PreSaveFile = new java.io.File(((pathPrefix + java.lang.Integer.toString(counter)) + .png)): null

2018-12-12 18:33:02 - [TEST_STEP][PASSED] - Statement - counter = counter + 1: null

2018-12-12 18:33:02 - [TEST_STEP][PASSED] - Statement - PreSaveFile = new java.io.File(((pathPrefix + java.lang.Integer.toString(counter)) + .png)): null

2018-12-12 18:33:02 - [TEST_STEP][PASSED] - Statement - counter = counter + 1: null

2018-12-12 18:33:02 - [TEST_STEP][PASSED] - Statement - PreSaveFile = new java.io.File(((pathPrefix + java.lang.Integer.toString(counter)) + .png)): null

2018-12-12 18:33:02 - [TEST_STEP][PASSED] - Statement - counter = counter + 1: null

2018-12-12 18:33:02 - [TEST_STEP][PASSED] - Statement - PreSaveFile = new java.io.File(((pathPrefix + java.lang.Integer.toString(counter)) + .png)): null

2018-12-12 18:33:02 - [TEST_STEP][PASSED] - Statement - counter = counter + 1: null

2018-12-12 18:33:02 - [TEST_STEP][PASSED] - Statement - PreSaveFile = new java.io.File(((pathPrefix + java.lang.Integer.toString(counter)) + .png)): null

2018-12-12 18:33:02 - [TEST_STEP][PASSED] - Statement - counter = counter + 1: null

2018-12-12 18:33:02 - [TEST_STEP][PASSED] - Statement - PreSaveFile = new java.io.File(((pathPrefix + java.lang.Integer.toString(counter)) + .png)): null

2018-12-12 18:33:02 - [TEST_STEP][PASSED] - Statement - counter = counter + 1: null

2018-12-12 18:33:02 - [TEST_STEP][PASSED] - Statement - PreSaveFile = new java.io.File(((pathPrefix + java.lang.Integer.toString(counter)) + .png)): null

2018-12-12 18:33:02 - [TEST_STEP][PASSED] - Statement - counter = counter + 1: null

2018-12-12 18:33:02 - [TEST_STEP][PASSED] - Statement - PreSaveFile = new java.io.File(((pathPrefix + java.lang.Integer.toString(counter)) + .png)): null

2018-12-12 18:33:02 - [TEST_STEP][PASSED] - Statement - counter = counter + 1: null

2018-12-12 18:33:02 - [TEST_STEP][PASSED] - Statement - PreSaveFile = new java.io.File(((pathPrefix + java.lang.Integer.toString(counter)) + .png)): null

2018-12-12 18:33:02 - [TEST_STEP][PASSED] - Statement - counter = counter + 1: null

2018-12-12 18:33:02 - [TEST_STEP][PASSED] - Statement - PreSaveFile = new java.io.File(((pathPrefix + java.lang.Integer.toString(counter)) + .png)): null

2018-12-12 18:33:02 - [TEST_STEP][PASSED] - Statement - counter = counter + 1: null

2018-12-12 18:33:02 - [TEST_STEP][PASSED] - Statement - PreSaveFile = new java.io.File(((pathPrefix + java.lang.Integer.toString(counter)) + .png)): null

2018-12-12 18:33:02 - [TEST_STEP][PASSED] - Statement - counter = counter + 1: null

2018-12-12 18:33:02 - [TEST_STEP][PASSED] - Statement - PreSaveFile = new java.io.File(((pathPrefix + java.lang.Integer.toString(counter)) + .png)): null

2018-12-12 18:33:02 - [TEST_STEP][PASSED] - Statement - counter = counter + 1: null

2018-12-12 18:33:02 - [TEST_STEP][PASSED] - Statement - PreSaveFile = new java.io.File(((pathPrefix + java.lang.Integer.toString(counter)) + .png)): null

2018-12-12 18:33:02 - [TEST_STEP][PASSED] - Statement - counter = counter + 1: null

2018-12-12 18:33:02 - [TEST_STEP][PASSED] - Statement - PreSaveFile = new java.io.File(((pathPrefix + java.lang.Integer.toString(counter)) + .png)): null

2018-12-12 18:33:02 - [TEST_STEP][PASSED] - Statement - counter = counter + 1: null

2018-12-12 18:33:02 - [TEST_STEP][PASSED] - Statement - PreSaveFile = new java.io.File(((pathPrefix + java.lang.Integer.toString(counter)) + .png)): null

2018-12-12 18:33:02 - [TEST_STEP][PASSED] - Statement - counter = counter + 1: null

2018-12-12 18:33:02 - [TEST_STEP][PASSED] - Statement - PreSaveFile = new java.io.File(((pathPrefix + java.lang.Integer.toString(counter)) + .png)): null

2018-12-12 18:33:02 - [TEST_STEP][PASSED] - Statement - counter = counter + 1: null

2018-12-12 18:33:02 - [TEST_STEP][PASSED] - Statement - PreSaveFile = new java.io.File(((pathPrefix + java.lang.Integer.toString(counter)) + .png)): null

2018-12-12 18:33:02 - [TEST_STEP][PASSED] - Statement - counter = counter + 1: null

2018-12-12 18:33:02 - [TEST_STEP][PASSED] - Statement - PreSaveFile = new java.io.File(((pathPrefix + java.lang.Integer.toString(counter)) + .png)): null

2018-12-12 18:33:02 - [TEST_STEP][PASSED] - Statement - counter = counter + 1: null

2018-12-12 18:33:02 - [TEST_STEP][PASSED] - Statement - PreSaveFile = new java.io.File(((pathPrefix + java.lang.Integer.toString(counter)) + .png)): null

2018-12-12 18:33:02 - [TEST_STEP][PASSED] - Statement - counter = counter + 1: null

2018-12-12 18:33:02 - [TEST_STEP][PASSED] - Statement - PreSaveFile = new java.io.File(((pathPrefix + java.lang.Integer.toString(counter)) + .png)): null

2018-12-12 18:33:02 - [TEST_STEP][PASSED] - Statement - counter = counter + 1: null

2018-12-12 18:33:02 - [TEST_STEP][PASSED] - Statement - PreSaveFile = new java.io.File(((pathPrefix + java.lang.Integer.toString(counter)) + .png)): null

2018-12-12 18:33:02 - [TEST_STEP][PASSED] - Statement - counter = counter + 1: null

2018-12-12 18:33:02 - [TEST_STEP][PASSED] - Statement - PreSaveFile = new java.io.File(((pathPrefix + java.lang.Integer.toString(counter)) + .png)): null

2018-12-12 18:33:02 - [TEST_STEP][PASSED] - Statement - counter = counter + 1: null

2018-12-12 18:33:02 - [TEST_STEP][PASSED] - Statement - PreSaveFile = new java.io.File(((pathPrefix + java.lang.Integer.toString(counter)) + .png)): null

2018-12-12 18:33:02 - [TEST_STEP][PASSED] - Statement - counter = counter + 1: null

2018-12-12 18:33:02 - [TEST_STEP][PASSED] - Statement - PreSaveFile = new java.io.File(((pathPrefix + java.lang.Integer.toString(counter)) + .png)): null

2018-12-12 18:33:02 - [TEST_STEP][PASSED] - Statement - counter = counter + 1: null

2018-12-12 18:33:02 - [TEST_STEP][PASSED] - Statement - PreSaveFile = new java.io.File(((pathPrefix + java.lang.Integer.toString(counter)) + .png)): null

2018-12-12 18:33:02 - [TEST_STEP][PASSED] - Statement - counter = counter + 1: null

2018-12-12 18:33:02 - [TEST_STEP][PASSED] - Statement - PreSaveFile = new java.io.File(((pathPrefix + java.lang.Integer.toString(counter)) + .png)): null

2018-12-12 18:33:02 - [TEST_STEP][PASSED] - Statement - counter = counter + 1: null

2018-12-12 18:33:02 - [TEST_STEP][PASSED] - Statement - PreSaveFile = new java.io.File(((pathPrefix + java.lang.Integer.toString(counter)) + .png)): null

2018-12-12 18:33:02 - [TEST_STEP][PASSED] - Statement - counter = counter + 1: null

2018-12-12 18:33:02 - [TEST_STEP][PASSED] - Statement - PreSaveFile = new java.io.File(((pathPrefix + java.lang.Integer.toString(counter)) + .png)): null

2018-12-12 18:33:02 - [TEST_STEP][PASSED] - Statement - counter = counter + 1: null

2018-12-12 18:33:02 - [TEST_STEP][PASSED] - Statement - PreSaveFile = new java.io.File(((pathPrefix + java.lang.Integer.toString(counter)) + .png)): null

2018-12-12 18:33:02 - [TEST_STEP][PASSED] - Statement - counter = counter + 1: null

2018-12-12 18:33:02 - [TEST_STEP][PASSED] - Statement - PreSaveFile = new java.io.File(((pathPrefix + java.lang.Integer.toString(counter)) + .png)): null

2018-12-12 18:33:02 - [TEST_STEP][PASSED] - Statement - counter = counter + 1: null

2018-12-12 18:33:02 - [TEST_STEP][PASSED] - Statement - PreSaveFile = new java.io.File(((pathPrefix + java.lang.Integer.toString(counter)) + .png)): null

2018-12-12 18:33:02 - [TEST_STEP][PASSED] - Statement - counter = counter + 1: null

2018-12-12 18:33:02 - [TEST_STEP][PASSED] - Statement - PreSaveFile = new java.io.File(((pathPrefix + java.lang.Integer.toString(counter)) + .png)): null

2018-12-12 18:33:02 - [TEST_STEP][PASSED] - Statement - counter = counter + 1: null

2018-12-12 18:33:02 - [TEST_STEP][PASSED] - Statement - PreSaveFile = new java.io.File(((pathPrefix + java.lang.Integer.toString(counter)) + .png)): null

2018-12-12 18:33:02 - [TEST_STEP][PASSED] - Statement - counter = counter + 1: null

2018-12-12 18:33:02 - [TEST_STEP][PASSED] - Statement - PreSaveFile = new java.io.File(((pathPrefix + java.lang.Integer.toString(counter)) + .png)): null

2018-12-12 18:33:02 - [TEST_STEP][PASSED] - Statement - counter = counter + 1: null

2018-12-12 18:33:02 - [TEST_STEP][PASSED] - Statement - PreSaveFile = new java.io.File(((pathPrefix + java.lang.Integer.toString(counter)) + .png)): null

2018-12-12 18:33:02 - [TEST_STEP][PASSED] - Statement - counter = counter + 1: null

2018-12-12 18:33:02 - [TEST_STEP][PASSED] - Statement - PreSaveFile = new java.io.File(((pathPrefix + java.lang.Integer.toString(counter)) + .png)): null

2018-12-12 18:33:02 - [TEST_STEP][PASSED] - Statement - counter = counter + 1: null

2018-12-12 18:33:02 - [TEST_STEP][PASSED] - Statement - PreSaveFile = new java.io.File(((pathPrefix + java.lang.Integer.toString(counter)) + .png)): null

2018-12-12 18:33:02 - [TEST_STEP][PASSED] - Statement - counter = counter + 1: null

2018-12-12 18:33:02 - [TEST_STEP][PASSED] - Statement - PreSaveFile = new java.io.File(((pathPrefix + java.lang.Integer.toString(counter)) + .png)): null

2018-12-12 18:33:02 - [TEST_STEP][PASSED] - Statement - counter = counter + 1: null

2018-12-12 18:33:02 - [TEST_STEP][PASSED] - Statement - PreSaveFile = new java.io.File(((pathPrefix + java.lang.Integer.toString(counter)) + .png)): null

2018-12-12 18:33:02 - [TEST_STEP][PASSED] - Statement - counter = counter + 1: null

2018-12-12 18:33:02 - [TEST_STEP][PASSED] - Statement - PreSaveFile = new java.io.File(((pathPrefix + java.lang.Integer.toString(counter)) + .png)): null

2018-12-12 18:33:02 - [TEST_STEP][PASSED] - Statement - counter = counter + 1: null

2018-12-12 18:33:02 - [TEST_STEP][PASSED] - Statement - PreSaveFile = new java.io.File(((pathPrefix + java.lang.Integer.toString(counter)) + .png)): null

2018-12-12 18:33:02 - [TEST_STEP][PASSED] - Statement - counter = counter + 1: null

2018-12-12 18:33:02 - [TEST_STEP][PASSED] - Statement - PreSaveFile = new java.io.File(((pathPrefix + java.lang.Integer.toString(counter)) + .png)): null

2018-12-12 18:33:02 - [TEST_STEP][PASSED] - Statement - counter = counter + 1: null

2018-12-12 18:33:02 - [TEST_STEP][PASSED] - Statement - PreSaveFile = new java.io.File(((pathPrefix + java.lang.Integer.toString(counter)) + .png)): null

2018-12-12 18:33:02 - [TEST_STEP][PASSED] - Statement - counter = counter + 1: null

2018-12-12 18:33:02 - [TEST_STEP][PASSED] - Statement - PreSaveFile = new java.io.File(((pathPrefix + java.lang.Integer.toString(counter)) + .png)): null

2018-12-12 18:33:02 - [TEST_STEP][PASSED] - Statement - counter = counter + 1: null

2018-12-12 18:33:02 - [TEST_STEP][PASSED] - Statement - PreSaveFile = new java.io.File(((pathPrefix + java.lang.Integer.toString(counter)) + .png)): null

2018-12-12 18:33:02 - [TEST_STEP][PASSED] - Statement - counter = counter + 1: null

2018-12-12 18:33:02 - [TEST_STEP][PASSED] - Statement - PreSaveFile = new java.io.File(((pathPrefix + java.lang.Integer.toString(counter)) + .png)): null

2018-12-12 18:33:02 - [TEST_STEP][PASSED] - Statement - counter = counter + 1: null

2018-12-12 18:33:02 - [TEST_STEP][PASSED] - Statement - PreSaveFile = new java.io.File(((pathPrefix + java.lang.Integer.toString(counter)) + .png)): null

2018-12-12 18:33:02 - [TEST_STEP][PASSED] - Statement - counter = counter + 1: null

2018-12-12 18:33:02 - [TEST_STEP][PASSED] - Statement - PreSaveFile = new java.io.File(((pathPrefix + java.lang.Integer.toString(counter)) + .png)): null

2018-12-12 18:33:02 - [TEST_STEP][PASSED] - Statement - counter = counter + 1: null

2018-12-12 18:33:02 - [TEST_STEP][PASSED] - Statement - PreSaveFile = new java.io.File(((pathPrefix + java.lang.Integer.toString(counter)) + .png)): null

2018-12-12 18:33:02 - [TEST_STEP][PASSED] - Statement - counter = counter + 1: null

2018-12-12 18:33:02 - [TEST_STEP][PASSED] - Statement - PreSaveFile = new java.io.File(((pathPrefix + java.lang.Integer.toString(counter)) + .png)): null

2018-12-12 18:33:02 - [TEST_STEP][PASSED] - Statement - counter = counter + 1: null

2018-12-12 18:33:02 - [TEST_STEP][PASSED] - Statement - PreSaveFile = new java.io.File(((pathPrefix + java.lang.Integer.toString(counter)) + .png)): null

2018-12-12 18:33:02 - [TEST_STEP][PASSED] - Statement - counter = counter + 1: null

2018-12-12 18:33:02 - [TEST_STEP][PASSED] - Statement - PreSaveFile = new java.io.File(((pathPrefix + java.lang.Integer.toString(counter)) + .png)): null

2018-12-12 18:33:02 - [TEST_STEP][PASSED] - Statement - counter = counter + 1: null

2018-12-12 18:33:02 - [TEST_STEP][PASSED] - Statement - PreSaveFile = new java.io.File(((pathPrefix + java.lang.Integer.toString(counter)) + .png)): null

2018-12-12 18:33:02 - [TEST_STEP][PASSED] - Statement - counter = counter + 1: null

2018-12-12 18:33:02 - [TEST_STEP][PASSED] - Statement - PreSaveFile = new java.io.File(((pathPrefix + java.lang.Integer.toString(counter)) + .png)): null

2018-12-12 18:33:02 - [TEST_STEP][PASSED] - Statement - counter = counter + 1: null

2018-12-12 18:33:02 - [TEST_STEP][PASSED] - Statement - PreSaveFile = new java.io.File(((pathPrefix + java.lang.Integer.toString(counter)) + .png)): null

2018-12-12 18:33:02 - [TEST_STEP][PASSED] - Statement - counter = counter + 1: null

2018-12-12 18:33:02 - [TEST_STEP][PASSED] - Statement - PreSaveFile = new java.io.File(((pathPrefix + java.lang.Integer.toString(counter)) + .png)): null

2018-12-12 18:33:02 - [TEST_STEP][PASSED] - Statement - counter = counter + 1: null

2018-12-12 18:33:02 - [TEST_STEP][PASSED] - Statement - PreSaveFile = new java.io.File(((pathPrefix + java.lang.Integer.toString(counter)) + .png)): null

2018-12-12 18:33:02 - [TEST_STEP][PASSED] - Statement - counter = counter + 1: null

2018-12-12 18:33:02 - [TEST_STEP][PASSED] - Statement - PreSaveFile = new java.io.File(((pathPrefix + java.lang.Integer.toString(counter)) + .png)): null

2018-12-12 18:33:02 - [TEST_STEP][PASSED] - Statement - counter = counter + 1: null

2018-12-12 18:33:02 - [TEST_STEP][PASSED] - Statement - PreSaveFile = new java.io.File(((pathPrefix + java.lang.Integer.toString(counter)) + .png)): null

2018-12-12 18:33:02 - [TEST_STEP][PASSED] - Statement - counter = counter + 1: null

2018-12-12 18:33:02 - [TEST_STEP][PASSED] - Statement - PreSaveFile = new java.io.File(((pathPrefix + java.lang.Integer.toString(counter)) + .png)): null

2018-12-12 18:33:02 - [TEST_STEP][PASSED] - Statement - counter = counter + 1: null

2018-12-12 18:33:02 - [TEST_STEP][PASSED] - Statement - PreSaveFile = new java.io.File(((pathPrefix + java.lang.Integer.toString(counter)) + .png)): null

2018-12-12 18:33:02 - [TEST_STEP][PASSED] - Statement - counter = counter + 1: null

2018-12-12 18:33:02 - [TEST_STEP][PASSED] - Statement - PreSaveFile = new java.io.File(((pathPrefix + java.lang.Integer.toString(counter)) + .png)): null

2018-12-12 18:33:02 - [TEST_STEP][PASSED] - Statement - counter = counter + 1: null

2018-12-12 18:33:02 - [TEST_STEP][PASSED] - Statement - PreSaveFile = new java.io.File(((pathPrefix + java.lang.Integer.toString(counter)) + .png)): null

2018-12-12 18:33:02 - [TEST_STEP][PASSED] - Statement - counter = counter + 1: null

2018-12-12 18:33:02 - [TEST_STEP][PASSED] - Statement - PreSaveFile = new java.io.File(((pathPrefix + java.lang.Integer.toString(counter)) + .png)): null

2018-12-12 18:33:02 - [TEST_STEP][PASSED] - Statement - counter = counter + 1: null

2018-12-12 18:33:02 - [TEST_STEP][PASSED] - Statement - PreSaveFile = new java.io.File(((pathPrefix + java.lang.Integer.toString(counter)) + .png)): null

2018-12-12 18:33:02 - [TEST_STEP][PASSED] - Statement - counter = counter + 1: null

2018-12-12 18:33:02 - [TEST_STEP][PASSED] - Statement - PreSaveFile = new java.io.File(((pathPrefix + java.lang.Integer.toString(counter)) + .png)): null

2018-12-12 18:33:02 - [TEST_STEP][PASSED] - Statement - counter = counter + 1: null

2018-12-12 18:33:02 - [TEST_STEP][PASSED] - Statement - PreSaveFile = new java.io.File(((pathPrefix + java.lang.Integer.toString(counter)) + .png)): null

2018-12-12 18:33:02 - [TEST_STEP][PASSED] - Statement - counter = counter + 1: null

2018-12-12 18:33:02 - [TEST_STEP][PASSED] - Statement - PreSaveFile = new java.io.File(((pathPrefix + java.lang.Integer.toString(counter)) + .png)): null

2018-12-12 18:33:02 - [TEST_STEP][PASSED] - Statement - counter = counter + 1: null

2018-12-12 18:33:02 - [TEST_STEP][PASSED] - Statement - PreSaveFile = new java.io.File(((pathPrefix + java.lang.Integer.toString(counter)) + .png)): null

2018-12-12 18:33:02 - [TEST_STEP][PASSED] - Statement - counter = counter + 1: null

2018-12-12 18:33:02 - [TEST_STEP][PASSED] - Statement - PreSaveFile = new java.io.File(((pathPrefix + java.lang.Integer.toString(counter)) + .png)): null

2018-12-12 18:33:02 - [TEST_STEP][PASSED] - Statement - counter = counter + 1: null

2018-12-12 18:33:02 - [TEST_STEP][PASSED] - Statement - PreSaveFile = new java.io.File(((pathPrefix + java.lang.Integer.toString(counter)) + .png)): null

2018-12-12 18:33:02 - [TEST_STEP][PASSED] - Statement - counter = counter + 1: null

2018-12-12 18:33:02 - [TEST_STEP][PASSED] - Statement - PreSaveFile = new java.io.File(((pathPrefix + java.lang.Integer.toString(counter)) + .png)): null

2018-12-12 18:33:02 - [TEST_STEP][PASSED] - Statement - counter = counter + 1: null

2018-12-12 18:33:02 - [TEST_STEP][PASSED] - Statement - PreSaveFile = new java.io.File(((pathPrefix + java.lang.Integer.toString(counter)) + .png)): null

2018-12-12 18:33:02 - [TEST_STEP][PASSED] - Statement - counter = counter + 1: null

2018-12-12 18:33:02 - [TEST_STEP][PASSED] - Statement - PreSaveFile = new java.io.File(((pathPrefix + java.lang.Integer.toString(counter)) + .png)): null

2018-12-12 18:33:02 - [TEST_STEP][PASSED] - Statement - counter = counter + 1: null

2018-12-12 18:33:02 - [TEST_STEP][PASSED] - Statement - PreSaveFile = new java.io.File(((pathPrefix + java.lang.Integer.toString(counter)) + .png)): null

2018-12-12 18:33:02 - [TEST_STEP][PASSED] - Statement - counter = counter + 1: null

2018-12-12 18:33:02 - [TEST_STEP][PASSED] - Statement - PreSaveFile = new java.io.File(((pathPrefix + java.lang.Integer.toString(counter)) + .png)): null

2018-12-12 18:33:02 - [TEST_STEP][PASSED] - Statement - counter = counter + 1: null

2018-12-12 18:33:02 - [TEST_STEP][PASSED] - Statement - PreSaveFile = new java.io.File(((pathPrefix + java.lang.Integer.toString(counter)) + .png)): null

2018-12-12 18:33:02 - [TEST_STEP][PASSED] - Statement - counter = counter + 1: null

2018-12-12 18:33:02 - [TEST_STEP][PASSED] - Statement - PreSaveFile = new java.io.File(((pathPrefix + java.lang.Integer.toString(counter)) + .png)): null

2018-12-12 18:33:02 - [TEST_STEP][PASSED] - Statement - counter = counter + 1: null

2018-12-12 18:33:02 - [TEST_STEP][PASSED] - Statement - PreSaveFile = new java.io.File(((pathPrefix + java.lang.Integer.toString(counter)) + .png)): null

2018-12-12 18:33:02 - [TEST_STEP][PASSED] - Statement - counter = counter + 1: null

2018-12-12 18:33:02 - [TEST_STEP][PASSED] - Statement - PreSaveFile = new java.io.File(((pathPrefix + java.lang.Integer.toString(counter)) + .png)): null

2018-12-12 18:33:02 - [TEST_STEP][PASSED] - Statement - counter = counter + 1: null

2018-12-12 18:33:02 - [TEST_STEP][PASSED] - Statement - PreSaveFile = new java.io.File(((pathPrefix + java.lang.Integer.toString(counter)) + .png)): null

2018-12-12 18:33:02 - [TEST_STEP][PASSED] - Statement - counter = counter + 1: null

2018-12-12 18:33:02 - [TEST_STEP][PASSED] - Statement - PreSaveFile = new java.io.File(((pathPrefix + java.lang.Integer.toString(counter)) + .png)): null

2018-12-12 18:33:02 - [TEST_STEP][PASSED] - Statement - counter = counter + 1: null

2018-12-12 18:33:02 - [TEST_STEP][PASSED] - Statement - PreSaveFile = new java.io.File(((pathPrefix + java.lang.Integer.toString(counter)) + .png)): null

2018-12-12 18:33:02 - [TEST_STEP][PASSED] - Statement - counter = counter + 1: null

2018-12-12 18:33:02 - [TEST_STEP][PASSED] - Statement - PreSaveFile = new java.io.File(((pathPrefix + java.lang.Integer.toString(counter)) + .png)): null

2018-12-12 18:33:02 - [TEST_STEP][PASSED] - Statement - counter = counter + 1: null

2018-12-12 18:33:02 - [TEST_STEP][PASSED] - Statement - PreSaveFile = new java.io.File(((pathPrefix + java.lang.Integer.toString(counter)) + .png)): null

2018-12-12 18:33:02 - [TEST_STEP][PASSED] - Statement - counter = counter + 1: null

2018-12-12 18:33:02 - [TEST_STEP][PASSED] - Statement - PreSaveFile = new java.io.File(((pathPrefix + java.lang.Integer.toString(counter)) + .png)): null

2018-12-12 18:33:02 - [TEST_STEP][PASSED] - Statement - counter = counter + 1: null

2018-12-12 18:33:02 - [TEST_STEP][PASSED] - Statement - PreSaveFile = new java.io.File(((pathPrefix + java.lang.Integer.toString(counter)) + .png)): null

2018-12-12 18:33:02 - [TEST_STEP][PASSED] - Statement - counter = counter + 1: null

2018-12-12 18:33:02 - [TEST_STEP][PASSED] - Statement - PreSaveFile = new java.io.File(((pathPrefix + java.lang.Integer.toString(counter)) + .png)): null

2018-12-12 18:33:02 - [TEST_STEP][PASSED] - Statement - counter = counter + 1: null

2018-12-12 18:33:02 - [TEST_STEP][PASSED] - Statement - PreSaveFile = new java.io.File(((pathPrefix + java.lang.Integer.toString(counter)) + .png)): null

2018-12-12 18:33:02 - [TEST_STEP][PASSED] - Statement - counter = counter + 1: null

2018-12-12 18:33:02 - [TEST_STEP][PASSED] - Statement - PreSaveFile = new java.io.File(((pathPrefix + java.lang.Integer.toString(counter)) + .png)): null

2018-12-12 18:33:02 - [TEST_STEP][PASSED] - Statement - counter = counter + 1: null

2018-12-12 18:33:02 - [TEST_STEP][PASSED] - Statement - PreSaveFile = new java.io.File(((pathPrefix + java.lang.Integer.toString(counter)) + .png)): null

2018-12-12 18:33:02 - [TEST_STEP][PASSED] - Statement - counter = counter + 1: null

2018-12-12 18:33:02 - [TEST_STEP][PASSED] - Statement - PreSaveFile = new java.io.File(((pathPrefix + java.lang.Integer.toString(counter)) + .png)): null

2018-12-12 18:33:02 - [TEST_STEP][PASSED] - Statement - counter = counter + 1: null

2018-12-12 18:33:02 - [TEST_STEP][PASSED] - Statement - PreSaveFile = new java.io.File(((pathPrefix + java.lang.Integer.toString(counter)) + .png)): null

2018-12-12 18:33:02 - [TEST_STEP][PASSED] - Statement - counter = counter + 1: null

2018-12-12 18:33:02 - [TEST_STEP][PASSED] - Statement - PreSaveFile = new java.io.File(((pathPrefix + java.lang.Integer.toString(counter)) + .png)): null

2018-12-12 18:33:02 - [TEST_STEP][PASSED] - Statement - counter = counter + 1: null

2018-12-12 18:33:02 - [TEST_STEP][PASSED] - Statement - PreSaveFile = new java.io.File(((pathPrefix + java.lang.Integer.toString(counter)) + .png)): null

2018-12-12 18:33:02 - [TEST_STEP][PASSED] - Statement - counter = counter + 1: null

2018-12-12 18:33:03 - [TEST_STEP][PASSED] - Statement - PreSaveFile = new java.io.File(((pathPrefix + java.lang.Integer.toString(counter)) + .png)): null

2018-12-12 18:33:03 - [TEST_STEP][PASSED] - Statement - counter = counter + 1: null

2018-12-12 18:33:03 - [TEST_STEP][PASSED] - Statement - PreSaveFile = new java.io.File(((pathPrefix + java.lang.Integer.toString(counter)) + .png)): null

2018-12-12 18:33:03 - [TEST_STEP][PASSED] - Statement - counter = counter + 1: null

2018-12-12 18:33:03 - [TEST_STEP][PASSED] - Statement - PreSaveFile = new java.io.File(((pathPrefix + java.lang.Integer.toString(counter)) + .png)): null

2018-12-12 18:33:03 - [TEST_STEP][PASSED] - Statement - counter = counter + 1: null

2018-12-12 18:33:03 - [TEST_STEP][PASSED] - Statement - PreSaveFile = new java.io.File(((pathPrefix + java.lang.Integer.toString(counter)) + .png)): null

2018-12-12 18:33:03 - [TEST_STEP][PASSED] - Statement - counter = counter + 1: null

2018-12-12 18:33:03 - [TEST_STEP][PASSED] - Statement - PreSaveFile = new java.io.File(((pathPrefix + java.lang.Integer.toString(counter)) + .png)): null

2018-12-12 18:33:03 - [TEST_STEP][PASSED] - Statement - counter = counter + 1: null

2018-12-12 18:33:03 - [TEST_STEP][PASSED] - Statement - PreSaveFile = new java.io.File(((pathPrefix + java.lang.Integer.toString(counter)) + .png)): null

2018-12-12 18:33:03 - [TEST_STEP][PASSED] - Statement - counter = counter + 1: null

2018-12-12 18:33:03 - [TEST_STEP][PASSED] - Statement - PreSaveFile = new java.io.File(((pathPrefix + java.lang.Integer.toString(counter)) + .png)): null

2018-12-12 18:33:03 - [TEST_STEP][PASSED] - Statement - counter = counter + 1: null

2018-12-12 18:33:03 - [TEST_STEP][PASSED] - Statement - PreSaveFile = new java.io.File(((pathPrefix + java.lang.Integer.toString(counter)) + .png)): null

2018-12-12 18:33:03 - [TEST_STEP][PASSED] - Statement - counter = counter + 1: null

2018-12-12 18:33:03 - [TEST_STEP][PASSED] - Statement - PreSaveFile = new java.io.File(((pathPrefix + java.lang.Integer.toString(counter)) + .png)): null

2018-12-12 18:33:03 - [TEST_STEP][PASSED] - Statement - counter = counter + 1: null

2018-12-12 18:33:03 - [TEST_STEP][PASSED] - Statement - PreSaveFile = new java.io.File(((pathPrefix + java.lang.Integer.toString(counter)) + .png)): null

2018-12-12 18:33:03 - [TEST_STEP][PASSED] - Statement - counter = counter + 1: null

2018-12-12 18:33:03 - [TEST_STEP][PASSED] - Statement - PreSaveFile = new java.io.File(((pathPrefix + java.lang.Integer.toString(counter)) + .png)): null

2018-12-12 18:33:03 - [TEST_STEP][PASSED] - Statement - counter = counter + 1: null

2018-12-12 18:33:03 - [TEST_STEP][PASSED] - Statement - PreSaveFile = new java.io.File(((pathPrefix + java.lang.Integer.toString(counter)) + .png)): null

2018-12-12 18:33:03 - [TEST_STEP][PASSED] - Statement - counter = counter + 1: null

2018-12-12 18:33:03 - [TEST_STEP][PASSED] - Statement - PreSaveFile = new java.io.File(((pathPrefix + java.lang.Integer.toString(counter)) + .png)): null

2018-12-12 18:33:03 - [TEST_STEP][PASSED] - Statement - counter = counter + 1: null

2018-12-12 18:33:03 - [TEST_STEP][PASSED] - Statement - PreSaveFile = new java.io.File(((pathPrefix + java.lang.Integer.toString(counter)) + .png)): null

2018-12-12 18:33:03 - [TEST_STEP][PASSED] - Statement - counter = counter + 1: null

2018-12-12 18:33:03 - [TEST_STEP][PASSED] - Statement - PreSaveFile = new java.io.File(((pathPrefix + java.lang.Integer.toString(counter)) + .png)): null

2018-12-12 18:33:03 - [TEST_STEP][PASSED] - Statement - counter = counter + 1: null

2018-12-12 18:33:03 - [TEST_STEP][PASSED] - Statement - PreSaveFile = new java.io.File(((pathPrefix + java.lang.Integer.toString(counter)) + .png)): null

2018-12-12 18:33:03 - [TEST_STEP][PASSED] - Statement - counter = counter + 1: null

2018-12-12 18:33:03 - [TEST_STEP][PASSED] - Statement - PreSaveFile = new java.io.File(((pathPrefix + java.lang.Integer.toString(counter)) + .png)): null

2018-12-12 18:33:03 - [TEST_STEP][PASSED] - Statement - counter = counter + 1: null

2018-12-12 18:33:03 - [TEST_STEP][PASSED] - Statement - PreSaveFile = new java.io.File(((pathPrefix + java.lang.Integer.toString(counter)) + .png)): null

2018-12-12 18:33:03 - [TEST_STEP][PASSED] - Statement - counter = counter + 1: null

2018-12-12 18:33:03 - [TEST_STEP][PASSED] - Statement - PreSaveFile = new java.io.File(((pathPrefix + java.lang.Integer.toString(counter)) + .png)): null

2018-12-12 18:33:03 - [TEST_STEP][PASSED] - Statement - counter = counter + 1: null

2018-12-12 18:33:03 - [TEST_STEP][PASSED] - Statement - PreSaveFile = new java.io.File(((pathPrefix + java.lang.Integer.toString(counter)) + .png)): null

2018-12-12 18:33:03 - [TEST_STEP][PASSED] - Statement - counter = counter + 1: null

2018-12-12 18:33:03 - [TEST_STEP][PASSED] - Statement - PreSaveFile = new java.io.File(((pathPrefix + java.lang.Integer.toString(counter)) + .png)): null

2018-12-12 18:33:03 - [TEST_STEP][PASSED] - Statement - counter = counter + 1: null

2018-12-12 18:33:03 - [TEST_STEP][PASSED] - Statement - PreSaveFile = new java.io.File(((pathPrefix + java.lang.Integer.toString(counter)) + .png)): null

2018-12-12 18:33:03 - [TEST_STEP][PASSED] - Statement - counter = counter + 1: null

2018-12-12 18:33:03 - [TEST_STEP][PASSED] - Statement - PreSaveFile = new java.io.File(((pathPrefix + java.lang.Integer.toString(counter)) + .png)): null

2018-12-12 18:33:03 - [TEST_STEP][PASSED] - Statement - counter = counter + 1: null

2018-12-12 18:33:03 - [TEST_STEP][PASSED] - Statement - PreSaveFile = new java.io.File(((pathPrefix + java.lang.Integer.toString(counter)) + .png)): null

2018-12-12 18:33:03 - [TEST_STEP][PASSED] - Statement - counter = counter + 1: null

2018-12-12 18:33:03 - [TEST_STEP][PASSED] - Statement - PreSaveFile = new java.io.File(((pathPrefix + java.lang.Integer.toString(counter)) + .png)): null

2018-12-12 18:33:03 - [TEST_STEP][PASSED] - Statement - counter = counter + 1: null

2018-12-12 18:33:03 - [TEST_STEP][PASSED] - Statement - PreSaveFile = new java.io.File(((pathPrefix + java.lang.Integer.toString(counter)) + .png)): null

2018-12-12 18:33:03 - [TEST_STEP][PASSED] - Statement - counter = counter + 1: null

2018-12-12 18:33:03 - [TEST_STEP][PASSED] - Statement - PreSaveFile = new java.io.File(((pathPrefix + java.lang.Integer.toString(counter)) + .png)): null

2018-12-12 18:33:03 - [TEST_STEP][PASSED] - Statement - counter = counter + 1: null

2018-12-12 18:33:03 - [TEST_STEP][PASSED] - Statement - PreSaveFile = new java.io.File(((pathPrefix + java.lang.Integer.toString(counter)) + .png)): null

2018-12-12 18:33:03 - [TEST_STEP][PASSED] - Statement - counter = counter + 1: null

2018-12-12 18:33:03 - [TEST_STEP][PASSED] - Statement - PreSaveFile = new java.io.File(((pathPrefix + java.lang.Integer.toString(counter)) + .png)): null

2018-12-12 18:33:03 - [TEST_STEP][PASSED] - Statement - counter = counter + 1: null

2018-12-12 18:33:03 - [TEST_STEP][PASSED] - Statement - PreSaveFile = new java.io.File(((pathPrefix + java.lang.Integer.toString(counter)) + .png)): null

2018-12-12 18:33:03 - [TEST_STEP][PASSED] - Statement - counter = counter + 1: null

2018-12-12 18:33:03 - [TEST_STEP][PASSED] - Statement - PreSaveFile = new java.io.File(((pathPrefix + java.lang.Integer.toString(counter)) + .png)): null

2018-12-12 18:33:03 - [TEST_STEP][PASSED] - Statement - counter = counter + 1: null

2018-12-12 18:33:03 - [TEST_STEP][PASSED] - Statement - PreSaveFile = new java.io.File(((pathPrefix + java.lang.Integer.toString(counter)) + .png)): null

2018-12-12 18:33:03 - [TEST_STEP][PASSED] - Statement - counter = counter + 1: null

2018-12-12 18:33:03 - [TEST_STEP][PASSED] - Statement - PreSaveFile = new java.io.File(((pathPrefix + java.lang.Integer.toString(counter)) + .png)): null

2018-12-12 18:33:03 - [TEST_STEP][PASSED] - Statement - counter = counter + 1: null

2018-12-12 18:33:03 - [TEST_STEP][PASSED] - Statement - PreSaveFile = new java.io.File(((pathPrefix + java.lang.Integer.toString(counter)) + .png)): null

2018-12-12 18:33:03 - [TEST_STEP][PASSED] - Statement - counter = counter + 1: null

2018-12-12 18:33:03 - [TEST_STEP][PASSED] - Statement - PreSaveFile = new java.io.File(((pathPrefix + java.lang.Integer.toString(counter)) + .png)): null

2018-12-12 18:33:03 - [TEST_STEP][PASSED] - Statement - counter = counter + 1: null

2018-12-12 18:33:03 - [TEST_STEP][PASSED] - Statement - PreSaveFile = new java.io.File(((pathPrefix + java.lang.Integer.toString(counter)) + .png)): null

2018-12-12 18:33:03 - [TEST_STEP][PASSED] - Statement - counter = counter + 1: null

2018-12-12 18:33:03 - [TEST_STEP][PASSED] - Statement - PreSaveFile = new java.io.File(((pathPrefix + java.lang.Integer.toString(counter)) + .png)): null

2018-12-12 18:33:03 - [TEST_STEP][PASSED] - Statement - counter = counter + 1: null

2018-12-12 18:33:03 - [TEST_STEP][PASSED] - Statement - PreSaveFile = new java.io.File(((pathPrefix + java.lang.Integer.toString(counter)) + .png)): null

2018-12-12 18:33:03 - [TEST_STEP][PASSED] - Statement - counter = counter + 1: null

2018-12-12 18:33:03 - [TEST_STEP][PASSED] - Statement - PreSaveFile = new java.io.File(((pathPrefix + java.lang.Integer.toString(counter)) + .png)): null

2018-12-12 18:33:03 - [TEST_STEP][PASSED] - Statement - counter = counter + 1: null

2018-12-12 18:33:03 - [TEST_STEP][PASSED] - Statement - PreSaveFile = new java.io.File(((pathPrefix + java.lang.Integer.toString(counter)) + .png)): null

2018-12-12 18:33:03 - [TEST_STEP][PASSED] - Statement - counter = counter + 1: null

2018-12-12 18:33:03 - [TEST_STEP][PASSED] - Statement - PreSaveFile = new java.io.File(((pathPrefix + java.lang.Integer.toString(counter)) + .png)): null

2018-12-12 18:33:03 - [TEST_STEP][PASSED] - Statement - counter = counter + 1: null

2018-12-12 18:33:03 - [TEST_STEP][PASSED] - Statement - PreSaveFile = new java.io.File(((pathPrefix + java.lang.Integer.toString(counter)) + .png)): null

2018-12-12 18:33:03 - [TEST_STEP][PASSED] - Statement - counter = counter + 1: null

2018-12-12 18:33:03 - [TEST_STEP][PASSED] - Statement - PreSaveFile = new java.io.File(((pathPrefix + java.lang.Integer.toString(counter)) + .png)): null

2018-12-12 18:33:03 - [TEST_STEP][PASSED] - Statement - counter = counter + 1: null

2018-12-12 18:33:03 - [TEST_STEP][PASSED] - Statement - PreSaveFile = new java.io.File(((pathPrefix + java.lang.Integer.toString(counter)) + .png)): null

2018-12-12 18:33:03 - [TEST_STEP][PASSED] - Statement - counter = counter + 1: null

2018-12-12 18:33:03 - [TEST_STEP][PASSED] - Statement - PreSaveFile = new java.io.File(((pathPrefix + java.lang.Integer.toString(counter)) + .png)): null

2018-12-12 18:33:03 - [TEST_STEP][PASSED] - Statement - finalPath = pathPrefix + java.lang.Integer.toString(counter) + ".png": null

2018-12-12 18:33:03 - [TEST_STEP][PASSED] - Statement - SaveFile = new java.io.File(finalPath): null

2018-12-12 18:33:03 - [TEST_STEP][PASSED] - Statement - Try: null

2018-12-12 18:33:03 - [TEST_STEP][PASSED] - Statement - org.apache.commons.io.FileUtils.copyFile(scrFile, SaveFile): null

2018-12-12 18:33:03 - [TEST_STEP][PASSED] - Statement - out.println("file kept"): null

2018-12-12 18:33:03 - [TEST_STEP][PASSED] - delay: Delayed 10 second(s)

2018-12-12 18:33:13 - [MESSAGE][PASSED] - Delayed 10 second(s)

2018-12-12 18:33:13 - [MESSAGE][PASSED] - Call Test Case 'Test Cases/Final Aug 2018 - PKS Automation/Registration Module/New Registration/Submit and Screenshot/Submit Registration and Screenshot' successfully

2018-12-12 18:33:13 - [TEST_STEP][PASSED] - callTestCase: Call Test Case 'Test Cases/Final Aug 2018 - PKS Automation/Registration Module/Log Out/log out avoiding katalon tagging' successfully

2018-12-12 18:33:13 - [TEST_CASE][PASSED] - Test Cases/Final Aug 2018 - PKS Automation/Registration Module/Log Out/log out avoiding katalon tagging: Test Cases/Final Aug 2018 - PKS Automation/Registration Module/Log Out/log out avoiding katalon tagging

2018-12-12 18:33:13 - [TEST_STEP][PASSED] - navigateToUrl: Navigate to 'https://assist2-uat.perkeso.gov.my/c/portal/logout' successfully

2018-12-12 18:33:14 - [MESSAGE][PASSED] - Navigate to 'https://assist2-uat.perkeso.gov.my/c/portal/logout' successfully

2018-12-12 18:33:14 - [MESSAGE][PASSED] - Call Test Case 'Test Cases/Final Aug 2018 - PKS Automation/Registration Module/Log Out/log out avoiding katalon tagging' successfully

2018-12-12 18:33:14 - [TEST_STEP][PASSED] - callTestCase: Call Test Case 'Test Cases/Final Aug 2018 - PKS Automation/Common/Workflow Owner Finder' successfully

2018-12-12 18:33:14 - [TEST_CASE][PASSED] - Test Cases/Final Aug 2018 - PKS Automation/Common/Workflow Owner Finder: Test Cases/Final Aug 2018 - PKS Automation/Common/Workflow Owner Finder

2018-12-12 18:33:14 - [TEST_STEP][PASSED] - openBrowser: Browser is opened with url: ''

2018-12-12 18:33:14 - [MESSAGE][WARNING] - A browser is already opened. Closing browser and opening a new one

2018-12-12 18:33:18 - [MESSAGE][PASSED] - Browser is opened with url: ''

2018-12-12 18:33:18 - [TEST_STEP][PASSED] - navigateToUrl: Navigate to 'https://assist2-uat.perkeso.gov.my/login' successfully

2018-12-12 18:33:19 - [MESSAGE][PASSED] - Navigate to 'https://assist2-uat.perkeso.gov.my/login' successfully

2018-12-12 18:33:19 - [TEST_STEP][PASSED] - delay: Delayed 5 second(s)

2018-12-12 18:33:24 - [MESSAGE][PASSED] - Delayed 5 second(s)

2018-12-12 18:33:24 - [TEST_STEP][PASSED] - setText: Text 'test@liferay.com' is set on object 'Object Repository/Final Object Repo/Login Page/Internal User/Email Address'

2018-12-12 18:33:24 - [MESSAGE][PASSED] - Text 'test@liferay.com' is set on object 'Object Repository/Final Object Repo/Login Page/Internal User/Email Address'

2018-12-12 18:33:24 - [TEST_STEP][PASSED] - click: Object: 'Object Repository/Final Object Repo/Login Page/Internal User/Next Button' is clicked on

2018-12-12 18:33:24 - [MESSAGE][PASSED] - Object: 'Object Repository/Final Object Repo/Login Page/Internal User/Next Button' is clicked on

2018-12-12 18:33:24 - [TEST_STEP][PASSED] - delay: Delayed 2 second(s)

2018-12-12 18:33:26 - [MESSAGE][PASSED] - Delayed 2 second(s)

2018-12-12 18:33:26 - [TEST_STEP][PASSED] - setText: Text 'test' is set on object 'Object Repository/Final Object Repo/Login Page/Internal User/Password'

2018-12-12 18:33:26 - [MESSAGE][PASSED] - Text 'test' is set on object 'Object Repository/Final Object Repo/Login Page/Internal User/Password'

2018-12-12 18:33:26 - [TEST_STEP][PASSED] - delay: Delayed 2 second(s)

2018-12-12 18:33:28 - [MESSAGE][PASSED] - Delayed 2 second(s)

2018-12-12 18:33:28 - [TEST_STEP][PASSED] - click: Object: 'Object Repository/Final Object Repo/Login Page/Internal User/Login Button' is clicked on

2018-12-12 18:33:29 - [MESSAGE][PASSED] - Object: 'Object Repository/Final Object Repo/Login Page/Internal User/Login Button' is clicked on

2018-12-12 18:33:29 - [TEST_STEP][PASSED] - Statement - tester = com.kms.katalon.core.testobject.ObjectRepository.findTestObject(Final Object Repo/Landing Page/Select to English): Finding Test Object with id 'Object Repository/Final Object Repo/Landing Page/Select to English'

2018-12-12 18:33:29 - [TEST_STEP][PASSED] - Statement - Try: Delayed 2 second(s)

2018-12-12 18:33:29 - [TEST_STEP][PASSED] - Statement - Checker = com.kms.katalon.core.webui.keyword.WebUiBuiltInKeywords.verifyElementNotPresent(tester, 3): Web element with id: 'Object Repository/Final Object Repo/Landing Page/Select to English' located by 'By.xpath: //a[@class = 'taglib-language-list-text' and @lang = 'en-US' and (contains(text(), 'EN') or contains(., 'EN'))]' is not present after '3' second(s)

2018-12-12 18:33:30 - [MESSAGE][PASSED] - Web element with id: 'Object Repository/Final Object Repo/Landing Page/Select to English' located by 'By.xpath: //a[@class = 'taglib-language-list-text' and @lang = 'en-US' and (contains(text(), 'EN') or contains(., 'EN'))]' is not present after '3' second(s)

2018-12-12 18:33:30 - [TEST_STEP][PASSED] - Statement - If (Checker == false): null

2018-12-12 18:33:30 - [TEST_STEP][PASSED] - delay: Delayed 2 second(s)

2018-12-12 18:33:32 - [MESSAGE][PASSED] - Delayed 2 second(s)

2018-12-12 18:33:32 - [TEST_STEP][PASSED] - delay: Delayed 5 second(s)

2018-12-12 18:33:37 - [MESSAGE][PASSED] - Delayed 5 second(s)

2018-12-12 18:33:37 - [TEST_STEP][PASSED] - mouseOver: Object: 'Object Repository/Final Object Repo/Landing Page/WorkFlow Menu' is hovered

2018-12-12 18:33:37 - [MESSAGE][PASSED] - Object: 'Object Repository/Final Object Repo/Landing Page/WorkFlow Menu' is hovered

2018-12-12 18:33:37 - [TEST_STEP][PASSED] - delay: Delayed 2 second(s)

2018-12-12 18:33:39 - [MESSAGE][PASSED] - Delayed 2 second(s)

2018-12-12 18:33:39 - [TEST_STEP][PASSED] - click: Object: 'Object Repository/Final Object Repo/Landing Page/Select to Workflow Listing' is clicked on

2018-12-12 18:33:41 - [MESSAGE][PASSED] - Object: 'Object Repository/Final Object Repo/Landing Page/Select to Workflow Listing' is clicked on

2018-12-12 18:33:41 - [TEST_STEP][PASSED] - delay: Delayed 2 second(s)

2018-12-12 18:33:43 - [MESSAGE][PASSED] - Delayed 2 second(s)

2018-12-12 18:33:43 - [TEST_STEP][PASSED] - click: Object: 'Object Repository/Final Object Repo/WorkFlow Listing Page/Search Information - To Put Ref No' is clicked on

2018-12-12 18:33:43 - [MESSAGE][PASSED] - Object: 'Object Repository/Final Object Repo/WorkFlow Listing Page/Search Information - To Put Ref No' is clicked on

2018-12-12 18:33:43 - [TEST_STEP][PASSED] - delay: Delayed 2 second(s)

2018-12-12 18:33:45 - [MESSAGE][PASSED] - Delayed 2 second(s)

2018-12-12 18:33:45 - [TEST_STEP][PASSED] - callTestCase: Call Test Case 'Test Cases/Final Aug 2018 - PKS Automation/Common/Reference Number Getter' successfully

2018-12-12 18:33:45 - [TEST_CASE][PASSED] - Test Cases/Final Aug 2018 - PKS Automation/Common/Reference Number Getter: Test Cases/Final Aug 2018 - PKS Automation/Common/Reference Number Getter

2018-12-12 18:33:45 - [TEST_STEP][PASSED] - Statement - Try: null

2018-12-12 18:33:45 - [TEST_STEP][PASSED] - Statement - RefNo = new java.io.File(C://Users//Admin//Desktop//PKS//Automation Reference Point//KatalonReference.txt): null

2018-12-12 18:33:45 - [TEST_STEP][PASSED] - Statement - bufferread = new java.io.BufferedReader(new java.io.FileReader(RefNo)): null

2018-12-12 18:33:45 - [TEST_STEP][PASSED] - Statement - readedVal = bufferread.readLine(): null

2018-12-12 18:33:45 - [TEST_STEP][PASSED] - Statement - out.println(CaseReferenceNo): null

2018-12-12 18:33:45 - [TEST_STEP][PASSED] - Statement - out.println(readedVal): null

2018-12-12 18:33:45 - [TEST_STEP][PASSED] - Statement - CaseReferenceNo = "": null

2018-12-12 18:33:45 - [TEST_STEP][PASSED] - Statement - CaseReferenceNo = readedVal: null

2018-12-12 18:33:45 - [MESSAGE][PASSED] - Call Test Case 'Test Cases/Final Aug 2018 - PKS Automation/Common/Reference Number Getter' successfully

2018-12-12 18:33:45 - [TEST_STEP][PASSED] - setText: Text 'CRN12201800123226' is set on object 'Object Repository/Final Object Repo/WorkFlow Listing Page/Ref No Set Text'

2018-12-12 18:33:45 - [MESSAGE][PASSED] - Text 'CRN12201800123226' is set on object 'Object Repository/Final Object Repo/WorkFlow Listing Page/Ref No Set Text'

2018-12-12 18:33:45 - [TEST_STEP][PASSED] - delay: Delayed 2 second(s)

2018-12-12 18:33:47 - [MESSAGE][PASSED] - Delayed 2 second(s)

2018-12-12 18:33:47 - [TEST_STEP][PASSED] - click: Object: 'Object Repository/Final Object Repo/WorkFlow Listing Page/Search Ref No Search Button' is clicked on

2018-12-12 18:33:47 - [MESSAGE][PASSED] - Object: 'Object Repository/Final Object Repo/WorkFlow Listing Page/Search Ref No Search Button' is clicked on

2018-12-12 18:33:47 - [TEST_STEP][PASSED] - delay: Delayed 6 second(s)

2018-12-12 18:33:53 - [MESSAGE][PASSED] - Delayed 6 second(s)

2018-12-12 18:33:53 - [TEST_STEP][PASSED] - click: Object: 'Object Repository/Final Object Repo/WorkFlow Listing Page/Click Continue Tooltip' is clicked on

2018-12-12 18:33:54 - [MESSAGE][PASSED] - Object: 'Object Repository/Final Object Repo/WorkFlow Listing Page/Click Continue Tooltip' is clicked on

2018-12-12 18:33:54 - [TEST_STEP][PASSED] - delay: Delayed 5 second(s)

2018-12-12 18:33:59 - [MESSAGE][PASSED] - Delayed 5 second(s)

2018-12-12 18:33:59 - [TEST_STEP][PASSED] - doubleClick: Object: 'Object Repository/Final Object Repo/WorkFlow Listing Page/Workflow Found - Listing 1' is double clicked on

2018-12-12 18:34:00 - [MESSAGE][PASSED] - Object: 'Object Repository/Final Object Repo/WorkFlow Listing Page/Workflow Found - Listing 1' is double clicked on

2018-12-12 18:34:00 - [TEST_STEP][PASSED] - Statement - println(OwnerID): null

2018-12-12 18:34:00 - [TEST_STEP][PASSED] - Statement - OwnerID = com.kms.katalon.core.webui.keyword.WebUiBuiltInKeywords.getText(com.kms.katalon.core.testobject.ObjectRepository.findTestObject(Final Object Repo/WorkFlow Listing Page/Workflow Found - Listing 1), STOP_ON_FAILURE): Text of object 'Object Repository/Final Object Repo/WorkFlow Listing Page/Workflow Found - Listing 1' is: 'JOHORro2'

2018-12-12 18:34:00 - [MESSAGE][PASSED] - Text of object 'Object Repository/Final Object Repo/WorkFlow Listing Page/Workflow Found - Listing 1' is: 'JOHORro2'

2018-12-12 18:34:00 - [TEST_STEP][PASSED] - Statement - OwnerID = OwnerID.toLowerCase() + "@gmail.com": null

2018-12-12 18:34:00 - [TEST_STEP][PASSED] - Statement - println(OwnerID): null

2018-12-12 18:34:00 - [TEST_STEP][PASSED] - delay: Delayed 2 second(s)

2018-12-12 18:34:02 - [MESSAGE][PASSED] - Delayed 2 second(s)

2018-12-12 18:34:02 - [MESSAGE][PASSED] - Call Test Case 'Test Cases/Final Aug 2018 - PKS Automation/Common/Workflow Owner Finder' successfully

2018-12-12 18:34:02 - [TEST_STEP][PASSED] - callTestCase: Call Test Case 'Test Cases/Final Aug 2018 - PKS Automation/Registration Module/Log Out/log out avoiding katalon tagging' successfully

2018-12-12 18:34:02 - [TEST_CASE][PASSED] - Test Cases/Final Aug 2018 - PKS Automation/Registration Module/Log Out/log out avoiding katalon tagging: Test Cases/Final Aug 2018 - PKS Automation/Registration Module/Log Out/log out avoiding katalon tagging

2018-12-12 18:34:02 - [TEST_STEP][PASSED] - navigateToUrl: Navigate to 'https://assist2-uat.perkeso.gov.my/c/portal/logout' successfully

2018-12-12 18:34:02 - [MESSAGE][PASSED] - Navigate to 'https://assist2-uat.perkeso.gov.my/c/portal/logout' successfully

2018-12-12 18:34:02 - [MESSAGE][PASSED] - Call Test Case 'Test Cases/Final Aug 2018 - PKS Automation/Registration Module/Log Out/log out avoiding katalon tagging' successfully

2018-12-12 18:34:02 - [TEST_STEP][PASSED] - delay: Delayed 2 second(s)

2018-12-12 18:34:04 - [MESSAGE][PASSED] - Delayed 2 second(s)

2018-12-12 18:34:04 - [TEST_STEP][PASSED] - setText: Text 'johorro2@gmail.com' is set on object 'Object Repository/Final Object Repo/New Registration - Registration Module Pages/New Reg - OTC to RO/Special Case - All Related Objects/Email TextBox'

2018-12-12 18:34:05 - [MESSAGE][PASSED] - Text 'johorro2@gmail.com' is set on object 'Object Repository/Final Object Repo/New Registration - Registration Module Pages/New Reg - OTC to RO/Special Case - All Related Objects/Email TextBox'

2018-12-12 18:34:05 - [TEST_STEP][PASSED] - click: Object: 'Object Repository/Final Object Repo/New Registration - Registration Module Pages/New Reg - OTC to RO/Special Case - All Related Objects/Next Button' is clicked on

2018-12-12 18:34:05 - [MESSAGE][PASSED] - Object: 'Object Repository/Final Object Repo/New Registration - Registration Module Pages/New Reg - OTC to RO/Special Case - All Related Objects/Next Button' is clicked on

2018-12-12 18:34:05 - [TEST_STEP][PASSED] - delay: Delayed 2 second(s)

2018-12-12 18:34:07 - [MESSAGE][PASSED] - Delayed 2 second(s)

2018-12-12 18:34:07 - [TEST_STEP][PASSED] - setText: Text 'Test1@3456789' is set on object 'Object Repository/Final Object Repo/New Registration - Registration Module Pages/New Reg - OTC to RO/Special Case - All Related Objects/Password TextBox'

2018-12-12 18:34:07 - [MESSAGE][PASSED] - Text 'Test1@3456789' is set on object 'Object Repository/Final Object Repo/New Registration - Registration Module Pages/New Reg - OTC to RO/Special Case - All Related Objects/Password TextBox'

2018-12-12 18:34:07 - [TEST_STEP][PASSED] - delay: Delayed 2 second(s)

2018-12-12 18:34:09 - [MESSAGE][PASSED] - Delayed 2 second(s)

2018-12-12 18:34:09 - [TEST_STEP][PASSED] - click: Object: 'Object Repository/Final Object Repo/New Registration - Registration Module Pages/New Reg - OTC to RO/Special Case - All Related Objects/Login Button' is clicked on

2018-12-12 18:34:09 - [MESSAGE][PASSED] - Object: 'Object Repository/Final Object Repo/New Registration - Registration Module Pages/New Reg - OTC to RO/Special Case - All Related Objects/Login Button' is clicked on

2018-12-12 18:34:09 - [TEST_STEP][PASSED] - delay: Delayed 2 second(s)

2018-12-12 18:34:11 - [MESSAGE][PASSED] - Delayed 2 second(s)

2018-12-12 18:34:11 - [TEST_STEP][PASSED] - Statement - Try: null

2018-12-12 18:34:11 - [TEST_STEP][PASSED] - Statement - Checker = com.kms.katalon.core.webui.keyword.WebUiBuiltInKeywords.verifyElementNotPresent("Final Object Repo/Landing Page/Select to English", 3): null

2018-12-12 18:34:11 - [TEST_STEP][PASSED] - Statement - Catch (Exception e): null

2018-12-12 18:34:11 - [TEST_STEP][PASSED] - Statement - e.printStackTrace(): null

2018-12-12 18:34:11 - [TEST_STEP][PASSED] - click: Object: 'Object Repository/Final Object Repo/New Registration - Registration Module Pages/New Reg - OTC to RO/Special Case - All Related Objects/Expand to Search' is clicked on

2018-12-12 18:34:12 - [MESSAGE][PASSED] - Object: 'Object Repository/Final Object Repo/New Registration - Registration Module Pages/New Reg - OTC to RO/Special Case - All Related Objects/Expand to Search' is clicked on

2018-12-12 18:34:12 - [TEST_STEP][FAILED] - setText: Unable to set text 'CRN12201800123226' of object 'Object Repository/Final Object Repo/New Registration - Registration Module Pages/New Reg - OTC to RO/Special Case - All Related Objects/TextBox RefNo in Workbasket' (Root cause: org.openqa.selenium.ElementNotVisibleException: element not interactable
  (Session info: chrome=70.0.3538.110)
  (Driver info: chromedriver=2.43.600210 (68dcf5eebde37173d4027fa8635e332711d2874a),platform=Windows NT 6.1.7601 SP1 x86_64) (WARNING: The server did not provide any stacktrace information)
Command duration or timeout: 0 milliseconds
Build info: version: '3.7.1', revision: '8a0099a', time: '2017-11-06T21:07:36.161Z'
System info: host: 'WIN7TEST02', ip: '10.20.3.72', os.name: 'Windows 7', os.arch: 'amd64', os.version: '6.1', java.version: '1.8.0_181'
Driver info: com.kms.katalon.selenium.driver.CChromeDriver
Capabilities {acceptInsecureCerts: false, acceptSslCerts: false, applicationCacheEnabled: false, browserConnectionEnabled: false, browserName: chrome, chrome: {chromedriverVersion: 2.43.600210 (68dcf5eebde371..., userDataDir: C:\Users\Admin\AppData\Loca...}, cssSelectorsEnabled: true, databaseEnabled: false, goog:chromeOptions: {debuggerAddress: localhost:54891}, handlesAlerts: true, hasTouchScreen: false, javascriptEnabled: true, locationContextEnabled: true, mobileEmulationEnabled: false, nativeEvents: true, networkConnectionEnabled: false, pageLoadStrategy: normal, platform: XP, platformName: XP, rotatable: false, setWindowRect: true, takesHeapSnapshot: true, takesScreenshot: true, unexpectedAlertBehaviour: , unhandledPromptBehavior: , version: 70.0.3538.110, webStorageEnabled: true}
Session ID: 4a710ec880aba4923aa41e4236e18687)

2018-12-12 18:34:12 - [MESSAGE][FAILED] - Unable to set text 'CRN12201800123226' of object 'Object Repository/Final Object Repo/New Registration - Registration Module Pages/New Reg - OTC to RO/Special Case - All Related Objects/TextBox RefNo in Workbasket' (Root cause: org.openqa.selenium.ElementNotVisibleException: element not interactable
  (Session info: chrome=70.0.3538.110)
  (Driver info: chromedriver=2.43.600210 (68dcf5eebde37173d4027fa8635e332711d2874a),platform=Windows NT 6.1.7601 SP1 x86_64) (WARNING: The server did not provide any stacktrace information)
Command duration or timeout: 0 milliseconds
Build info: version: '3.7.1', revision: '8a0099a', time: '2017-11-06T21:07:36.161Z'
System info: host: 'WIN7TEST02', ip: '10.20.3.72', os.name: 'Windows 7', os.arch: 'amd64', os.version: '6.1', java.version: '1.8.0_181'
Driver info: com.kms.katalon.selenium.driver.CChromeDriver
Capabilities {acceptInsecureCerts: false, acceptSslCerts: false, applicationCacheEnabled: false, browserConnectionEnabled: false, browserName: chrome, chrome: {chromedriverVersion: 2.43.600210 (68dcf5eebde371..., userDataDir: C:\Users\Admin\AppData\Loca...}, cssSelectorsEnabled: true, databaseEnabled: false, goog:chromeOptions: {debuggerAddress: localhost:54891}, handlesAlerts: true, hasTouchScreen: false, javascriptEnabled: true, locationContextEnabled: true, mobileEmulationEnabled: false, nativeEvents: true, networkConnectionEnabled: false, pageLoadStrategy: normal, platform: XP, platformName: XP, rotatable: false, setWindowRect: true, takesHeapSnapshot: true, takesScreenshot: true, unexpectedAlertBehaviour: , unhandledPromptBehavior: , version: 70.0.3538.110, webStorageEnabled: true}
Session ID: 4a710ec880aba4923aa41e4236e18687)
[[ATTACHMENT|C:\\Users\\Admin\\Desktop\\PKS\\Perkeso Phase A\\Reports\\Workflow\\New Registration\\20181212_150049\\1544610852205.png]]

2018-12-12 18:34:12 - [TEST_STEP][PASSED] - delay: Delayed 2 second(s)

2018-12-12 18:34:14 - [MESSAGE][PASSED] - Delayed 2 second(s)

2018-12-12 18:34:14 - [TEST_STEP][PASSED] - click: Object: 'Object Repository/Final Object Repo/New Registration - Registration Module Pages/New Reg - OTC to RO/Special Case - All Related Objects/Click Search' is clicked on

2018-12-12 18:34:14 - [MESSAGE][PASSED] - Object: 'Object Repository/Final Object Repo/New Registration - Registration Module Pages/New Reg - OTC to RO/Special Case - All Related Objects/Click Search' is clicked on

2018-12-12 18:34:14 - [TEST_STEP][PASSED] - delay: Delayed 2 second(s)

2018-12-12 18:34:16 - [MESSAGE][PASSED] - Delayed 2 second(s)

2018-12-12 18:34:16 - [TEST_STEP][PASSED] - click: Object: 'Object Repository/Final Object Repo/New Registration - Registration Module Pages/New Reg - OTC to RO/Special Case - All Related Objects/Click to Continue Workflow' is clicked on

2018-12-12 18:34:20 - [MESSAGE][PASSED] - Object: 'Object Repository/Final Object Repo/New Registration - Registration Module Pages/New Reg - OTC to RO/Special Case - All Related Objects/Click to Continue Workflow' is clicked on

2018-12-12 18:34:20 - [TEST_STEP][PASSED] - delay: Delayed 2 second(s)

2018-12-12 18:34:22 - [MESSAGE][PASSED] - Delayed 2 second(s)

2018-12-12 18:34:22 - [TEST_STEP][PASSED] - click: Object: 'Object Repository/Final Object Repo/New Registration - Registration Module Pages/New Reg - OTC to RO/Special Case - All Related Objects/Continue Button in verifying case' is clicked on

2018-12-12 18:34:23 - [MESSAGE][PASSED] - Object: 'Object Repository/Final Object Repo/New Registration - Registration Module Pages/New Reg - OTC to RO/Special Case - All Related Objects/Continue Button in verifying case' is clicked on

2018-12-12 18:34:23 - [TEST_STEP][PASSED] - delay: Delayed 2 second(s)

2018-12-12 18:34:25 - [MESSAGE][PASSED] - Delayed 2 second(s)

2018-12-12 18:34:25 - [TEST_STEP][PASSED] - click: Object: 'Object Repository/Final Object Repo/New Registration - Registration Module Pages/Form 1/Registered As a Branch - Yes' is clicked on

2018-12-12 18:34:26 - [MESSAGE][PASSED] - Object: 'Object Repository/Final Object Repo/New Registration - Registration Module Pages/Form 1/Registered As a Branch - Yes' is clicked on

2018-12-12 18:34:26 - [TEST_STEP][PASSED] - delay: Delayed 2 second(s)

2018-12-12 18:34:28 - [MESSAGE][PASSED] - Delayed 2 second(s)

2018-12-12 18:34:28 - [TEST_STEP][PASSED] - click: Object: 'Object Repository/Final Object Repo/New Registration - Registration Module Pages/New Reg - OTC to RO/Special Case - All Related Objects/Form 1 Save n Continue' is clicked on

2018-12-12 18:34:28 - [MESSAGE][PASSED] - Object: 'Object Repository/Final Object Repo/New Registration - Registration Module Pages/New Reg - OTC to RO/Special Case - All Related Objects/Form 1 Save n Continue' is clicked on

2018-12-12 18:34:28 - [TEST_STEP][PASSED] - delay: Delayed 2 second(s)

2018-12-12 18:34:30 - [MESSAGE][PASSED] - Delayed 2 second(s)

2018-12-12 18:34:30 - [TEST_STEP][PASSED] - click: Object: 'Object Repository/Final Object Repo/New Registration - Registration Module Pages/New Reg - OTC to RO/Special Case - All Related Objects/Form 2 Save n Continue' is clicked on

2018-12-12 18:34:30 - [MESSAGE][PASSED] - Object: 'Object Repository/Final Object Repo/New Registration - Registration Module Pages/New Reg - OTC to RO/Special Case - All Related Objects/Form 2 Save n Continue' is clicked on

2018-12-12 18:34:30 - [TEST_STEP][PASSED] - delay: Delayed 2 second(s)

2018-12-12 18:34:32 - [MESSAGE][PASSED] - Delayed 2 second(s)

2018-12-12 18:34:32 - [TEST_STEP][PASSED] - click: Object: 'Object Repository/Final Object Repo/New Registration - Registration Module Pages/New Reg - OTC to RO/Special Case - All Related Objects/Third Screen Save n Continue' is clicked on

2018-12-12 18:34:37 - [MESSAGE][PASSED] - Object: 'Object Repository/Final Object Repo/New Registration - Registration Module Pages/New Reg - OTC to RO/Special Case - All Related Objects/Third Screen Save n Continue' is clicked on

2018-12-12 18:34:37 - [TEST_STEP][PASSED] - delay: Delayed 5 second(s)

2018-12-12 18:34:42 - [MESSAGE][PASSED] - Delayed 5 second(s)

2018-12-12 18:34:42 - [TEST_STEP][PASSED] - setText: Text 'Query case' is set on object 'Object Repository/Final Object Repo/New Registration - Registration Module Pages/New Reg - OTC to RO/Special Case - All Related Objects/Query Text Input'

2018-12-12 18:34:43 - [MESSAGE][PASSED] - Text 'Query case' is set on object 'Object Repository/Final Object Repo/New Registration - Registration Module Pages/New Reg - OTC to RO/Special Case - All Related Objects/Query Text Input'

2018-12-12 18:34:43 - [TEST_STEP][PASSED] - delay: Delayed 5 second(s)

2018-12-12 18:34:48 - [MESSAGE][PASSED] - Delayed 5 second(s)

2018-12-12 18:34:48 - [TEST_STEP][PASSED] - click: Object: 'Object Repository/Final Object Repo/New Registration - Registration Module Pages/New Reg - OTC to RO/Special Case - All Related Objects/Upload Doc Page Save n Continue' is clicked on

2018-12-12 18:34:48 - [MESSAGE][PASSED] - Object: 'Object Repository/Final Object Repo/New Registration - Registration Module Pages/New Reg - OTC to RO/Special Case - All Related Objects/Upload Doc Page Save n Continue' is clicked on

2018-12-12 18:34:48 - [TEST_STEP][PASSED] - click: Object: 'Object Repository/Final Object Repo/New Registration - Registration Module Pages/New Reg - OTC to RO/Special Case - All Related Objects/Query Button' is clicked on

2018-12-12 18:34:52 - [MESSAGE][PASSED] - Object: 'Object Repository/Final Object Repo/New Registration - Registration Module Pages/New Reg - OTC to RO/Special Case - All Related Objects/Query Button' is clicked on

2018-12-12 18:34:52 - [TEST_STEP][FAILED] - click: Unable to click on object 'Object Repository/Final Object Repo/New Registration - Registration Module Pages/New Reg - OTC to RO/Special Case - All Related Objects/Confirm to Query' (Root cause: org.openqa.selenium.ElementNotVisibleException: element not interactable
  (Session info: chrome=70.0.3538.110)
  (Driver info: chromedriver=2.43.600210 (68dcf5eebde37173d4027fa8635e332711d2874a),platform=Windows NT 6.1.7601 SP1 x86_64) (WARNING: The server did not provide any stacktrace information)
Command duration or timeout: 0 milliseconds
Build info: version: '3.7.1', revision: '8a0099a', time: '2017-11-06T21:07:36.161Z'
System info: host: 'WIN7TEST02', ip: '10.20.3.72', os.name: 'Windows 7', os.arch: 'amd64', os.version: '6.1', java.version: '1.8.0_181'
Driver info: com.kms.katalon.selenium.driver.CChromeDriver
Capabilities {acceptInsecureCerts: false, acceptSslCerts: false, applicationCacheEnabled: false, browserConnectionEnabled: false, browserName: chrome, chrome: {chromedriverVersion: 2.43.600210 (68dcf5eebde371..., userDataDir: C:\Users\Admin\AppData\Loca...}, cssSelectorsEnabled: true, databaseEnabled: false, goog:chromeOptions: {debuggerAddress: localhost:54891}, handlesAlerts: true, hasTouchScreen: false, javascriptEnabled: true, locationContextEnabled: true, mobileEmulationEnabled: false, nativeEvents: true, networkConnectionEnabled: false, pageLoadStrategy: normal, platform: XP, platformName: XP, rotatable: false, setWindowRect: true, takesHeapSnapshot: true, takesScreenshot: true, unexpectedAlertBehaviour: , unhandledPromptBehavior: , version: 70.0.3538.110, webStorageEnabled: true}
Session ID: 4a710ec880aba4923aa41e4236e18687)

2018-12-12 18:34:53 - [MESSAGE][FAILED] - Unable to click on object 'Object Repository/Final Object Repo/New Registration - Registration Module Pages/New Reg - OTC to RO/Special Case - All Related Objects/Confirm to Query' (Root cause: org.openqa.selenium.ElementNotVisibleException: element not interactable
  (Session info: chrome=70.0.3538.110)
  (Driver info: chromedriver=2.43.600210 (68dcf5eebde37173d4027fa8635e332711d2874a),platform=Windows NT 6.1.7601 SP1 x86_64) (WARNING: The server did not provide any stacktrace information)
Command duration or timeout: 0 milliseconds
Build info: version: '3.7.1', revision: '8a0099a', time: '2017-11-06T21:07:36.161Z'
System info: host: 'WIN7TEST02', ip: '10.20.3.72', os.name: 'Windows 7', os.arch: 'amd64', os.version: '6.1', java.version: '1.8.0_181'
Driver info: com.kms.katalon.selenium.driver.CChromeDriver
Capabilities {acceptInsecureCerts: false, acceptSslCerts: false, applicationCacheEnabled: false, browserConnectionEnabled: false, browserName: chrome, chrome: {chromedriverVersion: 2.43.600210 (68dcf5eebde371..., userDataDir: C:\Users\Admin\AppData\Loca...}, cssSelectorsEnabled: true, databaseEnabled: false, goog:chromeOptions: {debuggerAddress: localhost:54891}, handlesAlerts: true, hasTouchScreen: false, javascriptEnabled: true, locationContextEnabled: true, mobileEmulationEnabled: false, nativeEvents: true, networkConnectionEnabled: false, pageLoadStrategy: normal, platform: XP, platformName: XP, rotatable: false, setWindowRect: true, takesHeapSnapshot: true, takesScreenshot: true, unexpectedAlertBehaviour: , unhandledPromptBehavior: , version: 70.0.3538.110, webStorageEnabled: true}
Session ID: 4a710ec880aba4923aa41e4236e18687)
[[ATTACHMENT|C:\\Users\\Admin\\Desktop\\PKS\\Perkeso Phase A\\Reports\\Workflow\\New Registration\\20181212_150049\\1544610892804.png]]

2018-12-12 18:34:53 - [TEST_STEP][PASSED] - callTestCase: Call Test Case 'Test Cases/Final Aug 2018 - PKS Automation/Registration Module/Log Out/log out avoiding katalon tagging' successfully

2018-12-12 18:34:53 - [TEST_CASE][PASSED] - Test Cases/Final Aug 2018 - PKS Automation/Registration Module/Log Out/log out avoiding katalon tagging: Test Cases/Final Aug 2018 - PKS Automation/Registration Module/Log Out/log out avoiding katalon tagging

2018-12-12 18:34:53 - [TEST_STEP][PASSED] - navigateToUrl: Navigate to 'https://assist2-uat.perkeso.gov.my/c/portal/logout' successfully

2018-12-12 18:34:53 - [MESSAGE][PASSED] - Navigate to 'https://assist2-uat.perkeso.gov.my/c/portal/logout' successfully

2018-12-12 18:34:53 - [MESSAGE][PASSED] - Call Test Case 'Test Cases/Final Aug 2018 - PKS Automation/Registration Module/Log Out/log out avoiding katalon tagging' successfully

2018-12-12 18:34:53 - [TEST_STEP][PASSED] - delay: Delayed 2 second(s)

2018-12-12 18:34:55 - [MESSAGE][PASSED] - Delayed 2 second(s)

2018-12-12 18:34:55 - [TEST_STEP][PASSED] - setText: Text 'klotc2@gmail.com' is set on object 'Object Repository/Final Object Repo/Login Page/Internal User/Email Address'

2018-12-12 18:34:56 - [MESSAGE][PASSED] - Text 'klotc2@gmail.com' is set on object 'Object Repository/Final Object Repo/Login Page/Internal User/Email Address'

2018-12-12 18:34:56 - [TEST_STEP][PASSED] - click: Object: 'Object Repository/Final Object Repo/Login Page/Internal User/Next Button' is clicked on

2018-12-12 18:34:56 - [MESSAGE][PASSED] - Object: 'Object Repository/Final Object Repo/Login Page/Internal User/Next Button' is clicked on

2018-12-12 18:34:56 - [TEST_STEP][PASSED] - delay: Delayed 2 second(s)

2018-12-12 18:34:58 - [MESSAGE][PASSED] - Delayed 2 second(s)

2018-12-12 18:34:58 - [TEST_STEP][PASSED] - setText: Text 'Test1@3456789' is set on object 'Object Repository/Final Object Repo/Login Page/Internal User/Password'

2018-12-12 18:34:58 - [MESSAGE][PASSED] - Text 'Test1@3456789' is set on object 'Object Repository/Final Object Repo/Login Page/Internal User/Password'

2018-12-12 18:34:58 - [TEST_STEP][PASSED] - delay: Delayed 2 second(s)

2018-12-12 18:35:00 - [MESSAGE][PASSED] - Delayed 2 second(s)

2018-12-12 18:35:00 - [TEST_STEP][PASSED] - click: Object: 'Object Repository/Final Object Repo/Login Page/Internal User/Login Button' is clicked on

2018-12-12 18:35:00 - [MESSAGE][PASSED] - Object: 'Object Repository/Final Object Repo/Login Page/Internal User/Login Button' is clicked on

2018-12-12 18:35:00 - [TEST_STEP][PASSED] - delay: Delayed 2 second(s)

2018-12-12 18:35:02 - [MESSAGE][PASSED] - Delayed 2 second(s)

2018-12-12 18:35:02 - [TEST_STEP][PASSED] - Statement - Try: null

2018-12-12 18:35:02 - [TEST_STEP][PASSED] - Statement - Checker = com.kms.katalon.core.webui.keyword.WebUiBuiltInKeywords.verifyElementNotPresent("PKS_SIP_Updated_RegModule/Attempt/Page_MyASSIST - ASSIST/Select to English", 3): null

2018-12-12 18:35:02 - [TEST_STEP][PASSED] - Statement - Catch (Exception e): null

2018-12-12 18:35:02 - [TEST_STEP][PASSED] - Statement - e.printStackTrace(): null

2018-12-12 18:35:02 - [TEST_STEP][PASSED] - delay: Delayed 4 second(s)

2018-12-12 18:35:06 - [MESSAGE][PASSED] - Delayed 4 second(s)

2018-12-12 18:35:06 - [TEST_STEP][PASSED] - click: Object: 'Object Repository/Final Object Repo/Landing Page/My Sites Drop Down' is clicked on

2018-12-12 18:35:06 - [MESSAGE][PASSED] - Object: 'Object Repository/Final Object Repo/Landing Page/My Sites Drop Down' is clicked on

2018-12-12 18:35:06 - [TEST_STEP][PASSED] - click: Object: 'Object Repository/Final Object Repo/Landing Page/Select to Registration Module' is clicked on

2018-12-12 18:35:07 - [MESSAGE][PASSED] - Object: 'Object Repository/Final Object Repo/Landing Page/Select to Registration Module' is clicked on

2018-12-12 18:35:07 - [TEST_STEP][PASSED] - delay: Delayed 2 second(s)

2018-12-12 18:35:09 - [MESSAGE][PASSED] - Delayed 2 second(s)

2018-12-12 18:35:09 - [TEST_STEP][PASSED] - mouseOver: Object: 'Object Repository/Final Object Repo/New Registration - Registration Module Pages/New Reg - OTC to RO/Special Case - All Related Objects/Hover Over Search Drop Down' is hovered

2018-12-12 18:35:09 - [MESSAGE][PASSED] - Object: 'Object Repository/Final Object Repo/New Registration - Registration Module Pages/New Reg - OTC to RO/Special Case - All Related Objects/Hover Over Search Drop Down' is hovered

2018-12-12 18:35:09 - [TEST_STEP][PASSED] - click: Object: 'Object Repository/Final Object Repo/New Registration - Registration Module Pages/New Reg - OTC to RO/Special Case - All Related Objects/Select Search Pending Case' is clicked on

2018-12-12 18:35:10 - [MESSAGE][PASSED] - Object: 'Object Repository/Final Object Repo/New Registration - Registration Module Pages/New Reg - OTC to RO/Special Case - All Related Objects/Select Search Pending Case' is clicked on

2018-12-12 18:35:10 - [TEST_STEP][PASSED] - click: Object: 'Object Repository/Final Object Repo/New Registration - Registration Module Pages/New Reg - OTC to RO/Special Case - All Related Objects/Select Searching Method (Employer Code)' is clicked on

2018-12-12 18:35:10 - [MESSAGE][PASSED] - Object: 'Object Repository/Final Object Repo/New Registration - Registration Module Pages/New Reg - OTC to RO/Special Case - All Related Objects/Select Searching Method (Employer Code)' is clicked on

2018-12-12 18:35:10 - [TEST_STEP][PASSED] - click: Object: 'Object Repository/Final Object Repo/New Registration - Registration Module Pages/New Reg - OTC to RO/Special Case - All Related Objects/Select Searching Method to Reference ID' is clicked on

2018-12-12 18:35:10 - [MESSAGE][PASSED] - Object: 'Object Repository/Final Object Repo/New Registration - Registration Module Pages/New Reg - OTC to RO/Special Case - All Related Objects/Select Searching Method to Reference ID' is clicked on

2018-12-12 18:35:10 - [TEST_STEP][PASSED] - setText: Text 'CRN12201800123226' is set on object 'Object Repository/Final Object Repo/New Registration - Registration Module Pages/New Reg - OTC to RO/Special Case - All Related Objects/Pending Case Ref NO'

2018-12-12 18:35:11 - [MESSAGE][PASSED] - Text 'CRN12201800123226' is set on object 'Object Repository/Final Object Repo/New Registration - Registration Module Pages/New Reg - OTC to RO/Special Case - All Related Objects/Pending Case Ref NO'

2018-12-12 18:35:11 - [TEST_STEP][PASSED] - click: Object: 'Object Repository/Final Object Repo/New Registration - Registration Module Pages/New Reg - OTC to RO/Special Case - All Related Objects/Search Pending Case Based on Ref No' is clicked on

2018-12-12 18:35:11 - [MESSAGE][PASSED] - Object: 'Object Repository/Final Object Repo/New Registration - Registration Module Pages/New Reg - OTC to RO/Special Case - All Related Objects/Search Pending Case Based on Ref No' is clicked on

2018-12-12 18:35:11 - [TEST_STEP][FAILED] - click: Unable to click on object 'Object Repository/Final Object Repo/New Registration - Registration Module Pages/New Reg - OTC to RO/Special Case - All Related Objects/Action Button after found case' (Root cause: org.openqa.selenium.InvalidSelectorException: invalid selector: Unable to locate an element with the xpath expression  because of the following error:
SyntaxError: Failed to execute 'evaluate' on 'Document': The string '' is not a valid XPath expression.
  (Session info: chrome=70.0.3538.110)
  (Driver info: chromedriver=2.43.600210 (68dcf5eebde37173d4027fa8635e332711d2874a),platform=Windows NT 6.1.7601 SP1 x86_64) (WARNING: The server did not provide any stacktrace information)
Command duration or timeout: 0 milliseconds
For documentation on this error, please visit: http://seleniumhq.org/exceptions/invalid_selector_exception.html
Build info: version: '3.7.1', revision: '8a0099a', time: '2017-11-06T21:07:36.161Z'
System info: host: 'WIN7TEST02', ip: '10.20.3.72', os.name: 'Windows 7', os.arch: 'amd64', os.version: '6.1', java.version: '1.8.0_181'
Driver info: com.kms.katalon.selenium.driver.CChromeDriver
Capabilities {acceptInsecureCerts: false, acceptSslCerts: false, applicationCacheEnabled: false, browserConnectionEnabled: false, browserName: chrome, chrome: {chromedriverVersion: 2.43.600210 (68dcf5eebde371..., userDataDir: C:\Users\Admin\AppData\Loca...}, cssSelectorsEnabled: true, databaseEnabled: false, goog:chromeOptions: {debuggerAddress: localhost:54891}, handlesAlerts: true, hasTouchScreen: false, javascriptEnabled: true, locationContextEnabled: true, mobileEmulationEnabled: false, nativeEvents: true, networkConnectionEnabled: false, pageLoadStrategy: normal, platform: XP, platformName: XP, rotatable: false, setWindowRect: true, takesHeapSnapshot: true, takesScreenshot: true, unexpectedAlertBehaviour: , unhandledPromptBehavior: , version: 70.0.3538.110, webStorageEnabled: true}
Session ID: 4a710ec880aba4923aa41e4236e18687
*** Element info: {Using=xpath, value=})

2018-12-12 18:35:44 - [MESSAGE][FAILED] - Unable to click on object 'Object Repository/Final Object Repo/New Registration - Registration Module Pages/New Reg - OTC to RO/Special Case - All Related Objects/Action Button after found case' (Root cause: org.openqa.selenium.InvalidSelectorException: invalid selector: Unable to locate an element with the xpath expression  because of the following error:
SyntaxError: Failed to execute 'evaluate' on 'Document': The string '' is not a valid XPath expression.
  (Session info: chrome=70.0.3538.110)
  (Driver info: chromedriver=2.43.600210 (68dcf5eebde37173d4027fa8635e332711d2874a),platform=Windows NT 6.1.7601 SP1 x86_64) (WARNING: The server did not provide any stacktrace information)
Command duration or timeout: 0 milliseconds
For documentation on this error, please visit: http://seleniumhq.org/exceptions/invalid_selector_exception.html
Build info: version: '3.7.1', revision: '8a0099a', time: '2017-11-06T21:07:36.161Z'
System info: host: 'WIN7TEST02', ip: '10.20.3.72', os.name: 'Windows 7', os.arch: 'amd64', os.version: '6.1', java.version: '1.8.0_181'
Driver info: com.kms.katalon.selenium.driver.CChromeDriver
Capabilities {acceptInsecureCerts: false, acceptSslCerts: false, applicationCacheEnabled: false, browserConnectionEnabled: false, browserName: chrome, chrome: {chromedriverVersion: 2.43.600210 (68dcf5eebde371..., userDataDir: C:\Users\Admin\AppData\Loca...}, cssSelectorsEnabled: true, databaseEnabled: false, goog:chromeOptions: {debuggerAddress: localhost:54891}, handlesAlerts: true, hasTouchScreen: false, javascriptEnabled: true, locationContextEnabled: true, mobileEmulationEnabled: false, nativeEvents: true, networkConnectionEnabled: false, pageLoadStrategy: normal, platform: XP, platformName: XP, rotatable: false, setWindowRect: true, takesHeapSnapshot: true, takesScreenshot: true, unexpectedAlertBehaviour: , unhandledPromptBehavior: , version: 70.0.3538.110, webStorageEnabled: true}
Session ID: 4a710ec880aba4923aa41e4236e18687
*** Element info: {Using=xpath, value=})
[[ATTACHMENT|C:\\Users\\Admin\\Desktop\\PKS\\Perkeso Phase A\\Reports\\Workflow\\New Registration\\20181212_150049\\1544610944101.png]]

2018-12-12 18:35:44 - [TEST_STEP][FAILED] - click: Unable to click on object 'Object Repository/Final Object Repo/New Registration - Registration Module Pages/New Reg - OTC to RO/Special Case - All Related Objects/Next Button in Pending Case Form 1' (Root cause: com.kms.katalon.core.webui.exception.WebElementNotFoundException: Web element with id: 'Object Repository/Final Object Repo/New Registration - Registration Module Pages/New Reg - OTC to RO/Special Case - All Related Objects/Next Button in Pending Case Form 1' located by 'By.xpath: //a[@class = 'btn btn-lg blueBtn col-md-2 pull-right browserIdBtn' and (text() = ' NEXT
						' or . = ' NEXT
						')]' not found)

2018-12-12 18:36:17 - [MESSAGE][FAILED] - Unable to click on object 'Object Repository/Final Object Repo/New Registration - Registration Module Pages/New Reg - OTC to RO/Special Case - All Related Objects/Next Button in Pending Case Form 1' (Root cause: com.kms.katalon.core.webui.exception.WebElementNotFoundException: Web element with id: 'Object Repository/Final Object Repo/New Registration - Registration Module Pages/New Reg - OTC to RO/Special Case - All Related Objects/Next Button in Pending Case Form 1' located by 'By.xpath: //a[@class = 'btn btn-lg blueBtn col-md-2 pull-right browserIdBtn' and (text() = ' NEXT
						' or . = ' NEXT
						')]' not found)
[[ATTACHMENT|C:\\Users\\Admin\\Desktop\\PKS\\Perkeso Phase A\\Reports\\Workflow\\New Registration\\20181212_150049\\1544610977641.png]]

2018-12-12 18:36:17 - [TEST_STEP][FAILED] - click: Unable to click on object 'Object Repository/Final Object Repo/New Registration - Registration Module Pages/New Reg - OTC to RO/Special Case - All Related Objects/Next Button in Pending Case Form 2' (Root cause: com.kms.katalon.core.webui.exception.WebElementNotFoundException: Web element with id: 'Object Repository/Final Object Repo/New Registration - Registration Module Pages/New Reg - OTC to RO/Special Case - All Related Objects/Next Button in Pending Case Form 2' located by 'By.xpath: //a[@class = 'btn btn-lg blueBtn col-md-2 pull-right browserIdBtn' and (text() = ' NEXT
				' or . = ' NEXT
				')]' not found)

2018-12-12 18:36:50 - [MESSAGE][FAILED] - Unable to click on object 'Object Repository/Final Object Repo/New Registration - Registration Module Pages/New Reg - OTC to RO/Special Case - All Related Objects/Next Button in Pending Case Form 2' (Root cause: com.kms.katalon.core.webui.exception.WebElementNotFoundException: Web element with id: 'Object Repository/Final Object Repo/New Registration - Registration Module Pages/New Reg - OTC to RO/Special Case - All Related Objects/Next Button in Pending Case Form 2' located by 'By.xpath: //a[@class = 'btn btn-lg blueBtn col-md-2 pull-right browserIdBtn' and (text() = ' NEXT
				' or . = ' NEXT
				')]' not found)
[[ATTACHMENT|C:\\Users\\Admin\\Desktop\\PKS\\Perkeso Phase A\\Reports\\Workflow\\New Registration\\20181212_150049\\1544611010552.png]]

2018-12-12 18:36:50 - [TEST_STEP][FAILED] - click: Unable to click on object 'Object Repository/Final Object Repo/New Registration - Registration Module Pages/New Reg - OTC to RO/Special Case - All Related Objects/Next Button in Third Screen' (Root cause: com.kms.katalon.core.webui.exception.WebElementNotFoundException: Web element with id: 'Object Repository/Final Object Repo/New Registration - Registration Module Pages/New Reg - OTC to RO/Special Case - All Related Objects/Next Button in Third Screen' located by 'By.xpath: //a[@class = 'btn btn-lg blueBtn col-md-2 pull-right browserIdBtn' and (text() = ' NEXT
				' or . = ' NEXT
				')]' not found)

2018-12-12 18:37:24 - [MESSAGE][FAILED] - Unable to click on object 'Object Repository/Final Object Repo/New Registration - Registration Module Pages/New Reg - OTC to RO/Special Case - All Related Objects/Next Button in Third Screen' (Root cause: com.kms.katalon.core.webui.exception.WebElementNotFoundException: Web element with id: 'Object Repository/Final Object Repo/New Registration - Registration Module Pages/New Reg - OTC to RO/Special Case - All Related Objects/Next Button in Third Screen' located by 'By.xpath: //a[@class = 'btn btn-lg blueBtn col-md-2 pull-right browserIdBtn' and (text() = ' NEXT
				' or . = ' NEXT
				')]' not found)
[[ATTACHMENT|C:\\Users\\Admin\\Desktop\\PKS\\Perkeso Phase A\\Reports\\Workflow\\New Registration\\20181212_150049\\1544611044182.png]]

2018-12-12 18:37:24 - [TEST_STEP][FAILED] - click: Unable to click on object 'Object Repository/Final Object Repo/New Registration - Registration Module Pages/New Reg - OTC to RO/Special Case - All Related Objects/Add Document for Pending Case' (Root cause: com.kms.katalon.core.webui.exception.WebElementNotFoundException: Web element with id: 'Object Repository/Final Object Repo/New Registration - Registration Module Pages/New Reg - OTC to RO/Special Case - All Related Objects/Add Document for Pending Case' located by 'By.xpath: //a[@id = '_newreg_WAR_registrationportlet_dialogBtn' and (text() = '
					ADD DOCUMENT
	             ' or . = '
					ADD DOCUMENT
	             ')]' not found)

2018-12-12 18:37:57 - [MESSAGE][FAILED] - Unable to click on object 'Object Repository/Final Object Repo/New Registration - Registration Module Pages/New Reg - OTC to RO/Special Case - All Related Objects/Add Document for Pending Case' (Root cause: com.kms.katalon.core.webui.exception.WebElementNotFoundException: Web element with id: 'Object Repository/Final Object Repo/New Registration - Registration Module Pages/New Reg - OTC to RO/Special Case - All Related Objects/Add Document for Pending Case' located by 'By.xpath: //a[@id = '_newreg_WAR_registrationportlet_dialogBtn' and (text() = '
					ADD DOCUMENT
	             ' or . = '
					ADD DOCUMENT
	             ')]' not found)
[[ATTACHMENT|C:\\Users\\Admin\\Desktop\\PKS\\Perkeso Phase A\\Reports\\Workflow\\New Registration\\20181212_150049\\1544611077579.png]]

2018-12-12 18:37:57 - [TEST_STEP][FAILED] - click: Unable to click on object 'Object Repository/Final Object Repo/New Registration - Registration Module Pages/New Reg - OTC to RO/Special Case - All Related Objects/Upload Pending Doc - Please Select' (Root cause: com.kms.katalon.core.webui.exception.WebElementNotFoundException: Web element with id: 'Object Repository/Final Object Repo/New Registration - Registration Module Pages/New Reg - OTC to RO/Special Case - All Related Objects/Upload Pending Doc - Please Select' located by 'By.xpath: //span[@class = 'select2-selection__rendered' and @id = 'select2-_newreg_WAR_registrationportlet_objdocTypeId-container']' not found)

2018-12-12 18:38:31 - [MESSAGE][FAILED] - Unable to click on object 'Object Repository/Final Object Repo/New Registration - Registration Module Pages/New Reg - OTC to RO/Special Case - All Related Objects/Upload Pending Doc - Please Select' (Root cause: com.kms.katalon.core.webui.exception.WebElementNotFoundException: Web element with id: 'Object Repository/Final Object Repo/New Registration - Registration Module Pages/New Reg - OTC to RO/Special Case - All Related Objects/Upload Pending Doc - Please Select' located by 'By.xpath: //span[@class = 'select2-selection__rendered' and @id = 'select2-_newreg_WAR_registrationportlet_objdocTypeId-container']' not found)
[[ATTACHMENT|C:\\Users\\Admin\\Desktop\\PKS\\Perkeso Phase A\\Reports\\Workflow\\New Registration\\20181212_150049\\1544611110917.png]]

2018-12-12 18:38:31 - [TEST_STEP][FAILED] - click: Unable to click on object 'Object Repository/Final Object Repo/New Registration - Registration Module Pages/New Reg - OTC to RO/Special Case - All Related Objects/Select to Others to Upload' (Root cause: com.kms.katalon.core.webui.exception.WebElementNotFoundException: Web element with id: 'Object Repository/Final Object Repo/New Registration - Registration Module Pages/New Reg - OTC to RO/Special Case - All Related Objects/Select to Others to Upload' located by 'By.xpath: //span/ul/li/span[contains(text(),"Others")]' not found)

2018-12-12 18:39:02 - [MESSAGE][FAILED] - Unable to click on object 'Object Repository/Final Object Repo/New Registration - Registration Module Pages/New Reg - OTC to RO/Special Case - All Related Objects/Select to Others to Upload' (Root cause: com.kms.katalon.core.webui.exception.WebElementNotFoundException: Web element with id: 'Object Repository/Final Object Repo/New Registration - Registration Module Pages/New Reg - OTC to RO/Special Case - All Related Objects/Select to Others to Upload' located by 'By.xpath: //span/ul/li/span[contains(text(),"Others")]' not found)
[[ATTACHMENT|C:\\Users\\Admin\\Desktop\\PKS\\Perkeso Phase A\\Reports\\Workflow\\New Registration\\20181212_150049\\1544611142324.png]]

2018-12-12 18:39:02 - [TEST_STEP][FAILED] - uploadFile: Unable to upload file 'C:\Users\Public\Pictures\Sample Pictures\Koala.jpg' to object 'Object Repository/Final Object Repo/New Registration - Registration Module Pages/New Reg - OTC to RO/Special Case - All Related Objects/Uploading Pending Case Action' (Root cause: com.kms.katalon.core.webui.exception.WebElementNotFoundException: Web element with id: 'Object Repository/Final Object Repo/New Registration - Registration Module Pages/New Reg - OTC to RO/Special Case - All Related Objects/Uploading Pending Case Action' located by 'By.xpath: //input[@id = '_newreg_WAR_registrationportlet_uploadFile' and @name = '_newreg_WAR_registrationportlet_uploadFile' and @type = 'file']' not found)

2018-12-12 18:39:34 - [MESSAGE][FAILED] - Unable to upload file 'C:\Users\Public\Pictures\Sample Pictures\Koala.jpg' to object 'Object Repository/Final Object Repo/New Registration - Registration Module Pages/New Reg - OTC to RO/Special Case - All Related Objects/Uploading Pending Case Action' (Root cause: com.kms.katalon.core.webui.exception.WebElementNotFoundException: Web element with id: 'Object Repository/Final Object Repo/New Registration - Registration Module Pages/New Reg - OTC to RO/Special Case - All Related Objects/Uploading Pending Case Action' located by 'By.xpath: //input[@id = '_newreg_WAR_registrationportlet_uploadFile' and @name = '_newreg_WAR_registrationportlet_uploadFile' and @type = 'file']' not found)
[[ATTACHMENT|C:\\Users\\Admin\\Desktop\\PKS\\Perkeso Phase A\\Reports\\Workflow\\New Registration\\20181212_150049\\1544611173955.png]]

2018-12-12 18:39:34 - [TEST_STEP][FAILED] - click: Unable to click on object 'Object Repository/Final Object Repo/New Registration - Registration Module Pages/New Reg - OTC to RO/Special Case - All Related Objects/Inner form Add Document Button Pending Case' (Root cause: com.kms.katalon.core.webui.exception.WebElementNotFoundException: Web element with id: 'Object Repository/Final Object Repo/New Registration - Registration Module Pages/New Reg - OTC to RO/Special Case - All Related Objects/Inner form Add Document Button Pending Case' located by 'By.xpath: //a[@class = 'btn btn-lg blueBtn col-md-2 pull-right' and @targets = 'baseMsgDivId' and (text() = '
										ADD DOCUMENT
								     ' or . = '
										ADD DOCUMENT
								     ')]' not found)

2018-12-12 18:40:09 - [MESSAGE][FAILED] - Unable to click on object 'Object Repository/Final Object Repo/New Registration - Registration Module Pages/New Reg - OTC to RO/Special Case - All Related Objects/Inner form Add Document Button Pending Case' (Root cause: com.kms.katalon.core.webui.exception.WebElementNotFoundException: Web element with id: 'Object Repository/Final Object Repo/New Registration - Registration Module Pages/New Reg - OTC to RO/Special Case - All Related Objects/Inner form Add Document Button Pending Case' located by 'By.xpath: //a[@class = 'btn btn-lg blueBtn col-md-2 pull-right' and @targets = 'baseMsgDivId' and (text() = '
										ADD DOCUMENT
								     ' or . = '
										ADD DOCUMENT
								     ')]' not found)
[[ATTACHMENT|C:\\Users\\Admin\\Desktop\\PKS\\Perkeso Phase A\\Reports\\Workflow\\New Registration\\20181212_150049\\1544611208709.png]]

2018-12-12 18:40:09 - [TEST_STEP][FAILED] - click: Unable to click on object 'Object Repository/Final Object Repo/New Registration - Registration Module Pages/New Reg - OTC to RO/Special Case - All Related Objects/Pending Case Exit' (Root cause: com.kms.katalon.core.webui.exception.WebElementNotFoundException: Web element with id: 'Object Repository/Final Object Repo/New Registration - Registration Module Pages/New Reg - OTC to RO/Special Case - All Related Objects/Pending Case Exit' located by 'By.xpath: //a[@id = '_newreg_WAR_registrationportlet_exitBtnId' and @class = 'btn btn-lg blueBtn col-md-2 pull-right' and (text() = '
									EXIT
				                ' or . = '
									EXIT
				                ')]' not found)

2018-12-12 18:40:41 - [MESSAGE][FAILED] - Unable to click on object 'Object Repository/Final Object Repo/New Registration - Registration Module Pages/New Reg - OTC to RO/Special Case - All Related Objects/Pending Case Exit' (Root cause: com.kms.katalon.core.webui.exception.WebElementNotFoundException: Web element with id: 'Object Repository/Final Object Repo/New Registration - Registration Module Pages/New Reg - OTC to RO/Special Case - All Related Objects/Pending Case Exit' located by 'By.xpath: //a[@id = '_newreg_WAR_registrationportlet_exitBtnId' and @class = 'btn btn-lg blueBtn col-md-2 pull-right' and (text() = '
									EXIT
				                ' or . = '
									EXIT
				                ')]' not found)
[[ATTACHMENT|C:\\Users\\Admin\\Desktop\\PKS\\Perkeso Phase A\\Reports\\Workflow\\New Registration\\20181212_150049\\1544611241584.png]]

2018-12-12 18:40:41 - [TEST_STEP][PASSED] - callTestCase: Call Test Case 'Test Cases/Final Aug 2018 - PKS Automation/Registration Module/Log Out/log out avoiding katalon tagging' successfully

2018-12-12 18:40:41 - [TEST_CASE][PASSED] - Test Cases/Final Aug 2018 - PKS Automation/Registration Module/Log Out/log out avoiding katalon tagging: Test Cases/Final Aug 2018 - PKS Automation/Registration Module/Log Out/log out avoiding katalon tagging

2018-12-12 18:40:41 - [TEST_STEP][PASSED] - navigateToUrl: Navigate to 'https://assist2-uat.perkeso.gov.my/c/portal/logout' successfully

2018-12-12 18:40:42 - [MESSAGE][PASSED] - Navigate to 'https://assist2-uat.perkeso.gov.my/c/portal/logout' successfully

2018-12-12 18:40:42 - [MESSAGE][PASSED] - Call Test Case 'Test Cases/Final Aug 2018 - PKS Automation/Registration Module/Log Out/log out avoiding katalon tagging' successfully

2018-12-12 18:40:42 - [TEST_STEP][PASSED] - callTestCase: Call Test Case 'Test Cases/Final Aug 2018 - PKS Automation/Common/Workflow Owner Finder' successfully

2018-12-12 18:40:42 - [TEST_CASE][PASSED] - Test Cases/Final Aug 2018 - PKS Automation/Common/Workflow Owner Finder: Test Cases/Final Aug 2018 - PKS Automation/Common/Workflow Owner Finder

2018-12-12 18:40:42 - [TEST_STEP][PASSED] - openBrowser: Browser is opened with url: ''

2018-12-12 18:40:42 - [MESSAGE][WARNING] - A browser is already opened. Closing browser and opening a new one

2018-12-12 18:40:46 - [MESSAGE][PASSED] - Browser is opened with url: ''

2018-12-12 18:40:46 - [TEST_STEP][PASSED] - navigateToUrl: Navigate to 'https://assist2-uat.perkeso.gov.my/login' successfully

2018-12-12 18:40:47 - [MESSAGE][PASSED] - Navigate to 'https://assist2-uat.perkeso.gov.my/login' successfully

2018-12-12 18:40:47 - [TEST_STEP][PASSED] - delay: Delayed 5 second(s)

2018-12-12 18:40:52 - [MESSAGE][PASSED] - Delayed 5 second(s)

2018-12-12 18:40:52 - [TEST_STEP][PASSED] - setText: Text 'test@liferay.com' is set on object 'Object Repository/Final Object Repo/Login Page/Internal User/Email Address'

2018-12-12 18:40:53 - [MESSAGE][PASSED] - Text 'test@liferay.com' is set on object 'Object Repository/Final Object Repo/Login Page/Internal User/Email Address'

2018-12-12 18:40:53 - [TEST_STEP][PASSED] - click: Object: 'Object Repository/Final Object Repo/Login Page/Internal User/Next Button' is clicked on

2018-12-12 18:40:53 - [MESSAGE][PASSED] - Object: 'Object Repository/Final Object Repo/Login Page/Internal User/Next Button' is clicked on

2018-12-12 18:40:53 - [TEST_STEP][PASSED] - delay: Delayed 2 second(s)

2018-12-12 18:40:55 - [MESSAGE][PASSED] - Delayed 2 second(s)

2018-12-12 18:40:55 - [TEST_STEP][PASSED] - setText: Text 'test' is set on object 'Object Repository/Final Object Repo/Login Page/Internal User/Password'

2018-12-12 18:40:55 - [MESSAGE][PASSED] - Text 'test' is set on object 'Object Repository/Final Object Repo/Login Page/Internal User/Password'

2018-12-12 18:40:55 - [TEST_STEP][PASSED] - delay: Delayed 2 second(s)

2018-12-12 18:40:57 - [MESSAGE][PASSED] - Delayed 2 second(s)

2018-12-12 18:40:57 - [TEST_STEP][PASSED] - click: Object: 'Object Repository/Final Object Repo/Login Page/Internal User/Login Button' is clicked on

2018-12-12 18:40:57 - [MESSAGE][PASSED] - Object: 'Object Repository/Final Object Repo/Login Page/Internal User/Login Button' is clicked on

2018-12-12 18:40:57 - [TEST_STEP][PASSED] - Statement - tester = com.kms.katalon.core.testobject.ObjectRepository.findTestObject(Final Object Repo/Landing Page/Select to English): Finding Test Object with id 'Object Repository/Final Object Repo/Landing Page/Select to English'

2018-12-12 18:40:57 - [TEST_STEP][PASSED] - Statement - Try: Delayed 2 second(s)

2018-12-12 18:40:57 - [TEST_STEP][PASSED] - Statement - Checker = com.kms.katalon.core.webui.keyword.WebUiBuiltInKeywords.verifyElementNotPresent(tester, 3): Web element with id: 'Object Repository/Final Object Repo/Landing Page/Select to English' located by 'By.xpath: //a[@class = 'taglib-language-list-text' and @lang = 'en-US' and (contains(text(), 'EN') or contains(., 'EN'))]' is not present after '3' second(s)

2018-12-12 18:40:59 - [MESSAGE][PASSED] - Web element with id: 'Object Repository/Final Object Repo/Landing Page/Select to English' located by 'By.xpath: //a[@class = 'taglib-language-list-text' and @lang = 'en-US' and (contains(text(), 'EN') or contains(., 'EN'))]' is not present after '3' second(s)

2018-12-12 18:40:59 - [TEST_STEP][PASSED] - Statement - If (Checker == false): null

2018-12-12 18:40:59 - [TEST_STEP][PASSED] - delay: Delayed 2 second(s)

2018-12-12 18:41:01 - [MESSAGE][PASSED] - Delayed 2 second(s)

2018-12-12 18:41:01 - [TEST_STEP][PASSED] - delay: Delayed 5 second(s)

2018-12-12 18:41:06 - [MESSAGE][PASSED] - Delayed 5 second(s)

2018-12-12 18:41:06 - [TEST_STEP][PASSED] - mouseOver: Object: 'Object Repository/Final Object Repo/Landing Page/WorkFlow Menu' is hovered

2018-12-12 18:41:06 - [MESSAGE][PASSED] - Object: 'Object Repository/Final Object Repo/Landing Page/WorkFlow Menu' is hovered

2018-12-12 18:41:06 - [TEST_STEP][PASSED] - delay: Delayed 2 second(s)

2018-12-12 18:41:08 - [MESSAGE][PASSED] - Delayed 2 second(s)

2018-12-12 18:41:08 - [TEST_STEP][PASSED] - click: Object: 'Object Repository/Final Object Repo/Landing Page/Select to Workflow Listing' is clicked on

2018-12-12 18:41:10 - [MESSAGE][PASSED] - Object: 'Object Repository/Final Object Repo/Landing Page/Select to Workflow Listing' is clicked on

2018-12-12 18:41:10 - [TEST_STEP][PASSED] - delay: Delayed 2 second(s)

2018-12-12 18:41:12 - [MESSAGE][PASSED] - Delayed 2 second(s)

2018-12-12 18:41:12 - [TEST_STEP][PASSED] - click: Object: 'Object Repository/Final Object Repo/WorkFlow Listing Page/Search Information - To Put Ref No' is clicked on

2018-12-12 18:41:12 - [MESSAGE][PASSED] - Object: 'Object Repository/Final Object Repo/WorkFlow Listing Page/Search Information - To Put Ref No' is clicked on

2018-12-12 18:41:12 - [TEST_STEP][PASSED] - delay: Delayed 2 second(s)

2018-12-12 18:41:14 - [MESSAGE][PASSED] - Delayed 2 second(s)

2018-12-12 18:41:14 - [TEST_STEP][PASSED] - callTestCase: Call Test Case 'Test Cases/Final Aug 2018 - PKS Automation/Common/Reference Number Getter' successfully

2018-12-12 18:41:14 - [TEST_CASE][PASSED] - Test Cases/Final Aug 2018 - PKS Automation/Common/Reference Number Getter: Test Cases/Final Aug 2018 - PKS Automation/Common/Reference Number Getter

2018-12-12 18:41:14 - [TEST_STEP][PASSED] - Statement - Try: null

2018-12-12 18:41:14 - [TEST_STEP][PASSED] - Statement - RefNo = new java.io.File(C://Users//Admin//Desktop//PKS//Automation Reference Point//KatalonReference.txt): null

2018-12-12 18:41:14 - [TEST_STEP][PASSED] - Statement - bufferread = new java.io.BufferedReader(new java.io.FileReader(RefNo)): null

2018-12-12 18:41:14 - [TEST_STEP][PASSED] - Statement - readedVal = bufferread.readLine(): null

2018-12-12 18:41:14 - [TEST_STEP][PASSED] - Statement - out.println(CaseReferenceNo): null

2018-12-12 18:41:14 - [TEST_STEP][PASSED] - Statement - out.println(readedVal): null

2018-12-12 18:41:14 - [TEST_STEP][PASSED] - Statement - CaseReferenceNo = "": null

2018-12-12 18:41:14 - [TEST_STEP][PASSED] - Statement - CaseReferenceNo = readedVal: null

2018-12-12 18:41:14 - [MESSAGE][PASSED] - Call Test Case 'Test Cases/Final Aug 2018 - PKS Automation/Common/Reference Number Getter' successfully

2018-12-12 18:41:14 - [TEST_STEP][PASSED] - setText: Text 'CRN12201800123226' is set on object 'Object Repository/Final Object Repo/WorkFlow Listing Page/Ref No Set Text'

2018-12-12 18:41:14 - [MESSAGE][PASSED] - Text 'CRN12201800123226' is set on object 'Object Repository/Final Object Repo/WorkFlow Listing Page/Ref No Set Text'

2018-12-12 18:41:14 - [TEST_STEP][PASSED] - delay: Delayed 2 second(s)

2018-12-12 18:41:16 - [MESSAGE][PASSED] - Delayed 2 second(s)

2018-12-12 18:41:16 - [TEST_STEP][PASSED] - click: Object: 'Object Repository/Final Object Repo/WorkFlow Listing Page/Search Ref No Search Button' is clicked on

2018-12-12 18:41:16 - [MESSAGE][PASSED] - Object: 'Object Repository/Final Object Repo/WorkFlow Listing Page/Search Ref No Search Button' is clicked on

2018-12-12 18:41:16 - [TEST_STEP][PASSED] - delay: Delayed 6 second(s)

2018-12-12 18:41:22 - [MESSAGE][PASSED] - Delayed 6 second(s)

2018-12-12 18:41:22 - [TEST_STEP][PASSED] - click: Object: 'Object Repository/Final Object Repo/WorkFlow Listing Page/Click Continue Tooltip' is clicked on

2018-12-12 18:41:23 - [MESSAGE][PASSED] - Object: 'Object Repository/Final Object Repo/WorkFlow Listing Page/Click Continue Tooltip' is clicked on

2018-12-12 18:41:23 - [TEST_STEP][PASSED] - delay: Delayed 5 second(s)

2018-12-12 18:41:28 - [MESSAGE][PASSED] - Delayed 5 second(s)

2018-12-12 18:41:28 - [TEST_STEP][PASSED] - doubleClick: Object: 'Object Repository/Final Object Repo/WorkFlow Listing Page/Workflow Found - Listing 1' is double clicked on

2018-12-12 18:41:29 - [MESSAGE][PASSED] - Object: 'Object Repository/Final Object Repo/WorkFlow Listing Page/Workflow Found - Listing 1' is double clicked on

2018-12-12 18:41:29 - [TEST_STEP][PASSED] - Statement - println(OwnerID): null

2018-12-12 18:41:29 - [TEST_STEP][PASSED] - Statement - OwnerID = com.kms.katalon.core.webui.keyword.WebUiBuiltInKeywords.getText(com.kms.katalon.core.testobject.ObjectRepository.findTestObject(Final Object Repo/WorkFlow Listing Page/Workflow Found - Listing 1), STOP_ON_FAILURE): Text of object 'Object Repository/Final Object Repo/WorkFlow Listing Page/Workflow Found - Listing 1' is: 'JOHORro2'

2018-12-12 18:41:29 - [MESSAGE][PASSED] - Text of object 'Object Repository/Final Object Repo/WorkFlow Listing Page/Workflow Found - Listing 1' is: 'JOHORro2'

2018-12-12 18:41:29 - [TEST_STEP][PASSED] - Statement - OwnerID = OwnerID.toLowerCase() + "@gmail.com": null

2018-12-12 18:41:29 - [TEST_STEP][PASSED] - Statement - println(OwnerID): null

2018-12-12 18:41:29 - [TEST_STEP][PASSED] - delay: Delayed 2 second(s)

2018-12-12 18:41:31 - [MESSAGE][PASSED] - Delayed 2 second(s)

2018-12-12 18:41:31 - [MESSAGE][PASSED] - Call Test Case 'Test Cases/Final Aug 2018 - PKS Automation/Common/Workflow Owner Finder' successfully

2018-12-12 18:41:31 - [TEST_STEP][PASSED] - callTestCase: Call Test Case 'Test Cases/Final Aug 2018 - PKS Automation/Registration Module/Log Out/log out avoiding katalon tagging' successfully

2018-12-12 18:41:31 - [TEST_CASE][PASSED] - Test Cases/Final Aug 2018 - PKS Automation/Registration Module/Log Out/log out avoiding katalon tagging: Test Cases/Final Aug 2018 - PKS Automation/Registration Module/Log Out/log out avoiding katalon tagging

2018-12-12 18:41:31 - [TEST_STEP][PASSED] - navigateToUrl: Navigate to 'https://assist2-uat.perkeso.gov.my/c/portal/logout' successfully

2018-12-12 18:41:32 - [MESSAGE][PASSED] - Navigate to 'https://assist2-uat.perkeso.gov.my/c/portal/logout' successfully

2018-12-12 18:41:32 - [MESSAGE][PASSED] - Call Test Case 'Test Cases/Final Aug 2018 - PKS Automation/Registration Module/Log Out/log out avoiding katalon tagging' successfully

2018-12-12 18:41:32 - [TEST_STEP][PASSED] - delay: Delayed 2 second(s)

2018-12-12 18:41:34 - [MESSAGE][PASSED] - Delayed 2 second(s)

2018-12-12 18:41:34 - [TEST_STEP][PASSED] - setText: Text 'johorro2@gmail.com' is set on object 'Object Repository/Final Object Repo/Login Page/Internal User/Email Address'

2018-12-12 18:41:34 - [MESSAGE][PASSED] - Text 'johorro2@gmail.com' is set on object 'Object Repository/Final Object Repo/Login Page/Internal User/Email Address'

2018-12-12 18:41:34 - [TEST_STEP][PASSED] - click: Object: 'Object Repository/Final Object Repo/Login Page/Internal User/Next Button' is clicked on

2018-12-12 18:41:34 - [MESSAGE][PASSED] - Object: 'Object Repository/Final Object Repo/Login Page/Internal User/Next Button' is clicked on

2018-12-12 18:41:34 - [TEST_STEP][PASSED] - delay: Delayed 2 second(s)

2018-12-12 18:41:36 - [MESSAGE][PASSED] - Delayed 2 second(s)

2018-12-12 18:41:36 - [TEST_STEP][PASSED] - setText: Text 'Test1@3456789' is set on object 'Object Repository/Final Object Repo/Login Page/Internal User/Password'

2018-12-12 18:41:36 - [MESSAGE][PASSED] - Text 'Test1@3456789' is set on object 'Object Repository/Final Object Repo/Login Page/Internal User/Password'

2018-12-12 18:41:36 - [TEST_STEP][PASSED] - delay: Delayed 2 second(s)

2018-12-12 18:41:38 - [MESSAGE][PASSED] - Delayed 2 second(s)

2018-12-12 18:41:38 - [TEST_STEP][PASSED] - click: Object: 'Object Repository/Final Object Repo/Login Page/Internal User/Login Button' is clicked on

2018-12-12 18:41:39 - [MESSAGE][PASSED] - Object: 'Object Repository/Final Object Repo/Login Page/Internal User/Login Button' is clicked on

2018-12-12 18:41:39 - [TEST_STEP][PASSED] - delay: Delayed 2 second(s)

2018-12-12 18:41:41 - [MESSAGE][PASSED] - Delayed 2 second(s)

2018-12-12 18:41:41 - [TEST_STEP][PASSED] - Statement - Try: null

2018-12-12 18:41:41 - [TEST_STEP][PASSED] - Statement - Checker = com.kms.katalon.core.webui.keyword.WebUiBuiltInKeywords.verifyElementNotPresent("Final Object Repo/Landing Page/Select to English", 3): null

2018-12-12 18:41:41 - [TEST_STEP][PASSED] - Statement - Catch (Exception e): null

2018-12-12 18:41:41 - [TEST_STEP][PASSED] - Statement - e.printStackTrace(): null

2018-12-12 18:41:41 - [TEST_STEP][PASSED] - click: Object: 'Object Repository/Final Object Repo/New Registration - Registration Module Pages/New Reg - OTC to RO/Special Case - All Related Objects/Expand to Search' is clicked on

2018-12-12 18:41:41 - [MESSAGE][PASSED] - Object: 'Object Repository/Final Object Repo/New Registration - Registration Module Pages/New Reg - OTC to RO/Special Case - All Related Objects/Expand to Search' is clicked on

2018-12-12 18:41:41 - [TEST_STEP][PASSED] - callTestCase: Call Test Case 'Test Cases/Final Aug 2018 - PKS Automation/Common/Reference Number Getter' successfully

2018-12-12 18:41:41 - [TEST_CASE][PASSED] - Test Cases/Final Aug 2018 - PKS Automation/Common/Reference Number Getter: Test Cases/Final Aug 2018 - PKS Automation/Common/Reference Number Getter

2018-12-12 18:41:41 - [TEST_STEP][PASSED] - Statement - Try: null

2018-12-12 18:41:41 - [TEST_STEP][PASSED] - Statement - RefNo = new java.io.File(C://Users//Admin//Desktop//PKS//Automation Reference Point//KatalonReference.txt): null

2018-12-12 18:41:41 - [TEST_STEP][PASSED] - Statement - bufferread = new java.io.BufferedReader(new java.io.FileReader(RefNo)): null

2018-12-12 18:41:41 - [TEST_STEP][PASSED] - Statement - readedVal = bufferread.readLine(): null

2018-12-12 18:41:41 - [TEST_STEP][PASSED] - Statement - out.println(CaseReferenceNo): null

2018-12-12 18:41:41 - [TEST_STEP][PASSED] - Statement - out.println(readedVal): null

2018-12-12 18:41:41 - [TEST_STEP][PASSED] - Statement - CaseReferenceNo = "": null

2018-12-12 18:41:41 - [TEST_STEP][PASSED] - Statement - CaseReferenceNo = readedVal: null

2018-12-12 18:41:41 - [MESSAGE][PASSED] - Call Test Case 'Test Cases/Final Aug 2018 - PKS Automation/Common/Reference Number Getter' successfully

2018-12-12 18:41:41 - [TEST_STEP][PASSED] - setText: Text 'CRN12201800123226' is set on object 'Object Repository/Final Object Repo/New Registration - Registration Module Pages/New Reg - OTC to RO/Special Case - All Related Objects/TextBox RefNo in Workbasket'

2018-12-12 18:41:41 - [MESSAGE][PASSED] - Text 'CRN12201800123226' is set on object 'Object Repository/Final Object Repo/New Registration - Registration Module Pages/New Reg - OTC to RO/Special Case - All Related Objects/TextBox RefNo in Workbasket'

2018-12-12 18:41:41 - [TEST_STEP][PASSED] - delay: Delayed 2 second(s)

2018-12-12 18:41:43 - [MESSAGE][PASSED] - Delayed 2 second(s)

2018-12-12 18:41:43 - [TEST_STEP][PASSED] - click: Object: 'Object Repository/Final Object Repo/New Registration - Registration Module Pages/New Reg - OTC to RO/Special Case - All Related Objects/Click Search' is clicked on

2018-12-12 18:41:43 - [MESSAGE][PASSED] - Object: 'Object Repository/Final Object Repo/New Registration - Registration Module Pages/New Reg - OTC to RO/Special Case - All Related Objects/Click Search' is clicked on

2018-12-12 18:41:43 - [TEST_STEP][PASSED] - delay: Delayed 2 second(s)

2018-12-12 18:41:45 - [MESSAGE][PASSED] - Delayed 2 second(s)

2018-12-12 18:41:45 - [TEST_STEP][PASSED] - click: Object: 'Object Repository/Final Object Repo/New Registration - Registration Module Pages/New Reg - OTC to RO/Special Case - All Related Objects/Click to Continue Workflow' is clicked on

2018-12-12 18:41:49 - [MESSAGE][PASSED] - Object: 'Object Repository/Final Object Repo/New Registration - Registration Module Pages/New Reg - OTC to RO/Special Case - All Related Objects/Click to Continue Workflow' is clicked on

2018-12-12 18:41:49 - [TEST_STEP][PASSED] - delay: Delayed 2 second(s)

2018-12-12 18:41:51 - [MESSAGE][PASSED] - Delayed 2 second(s)

2018-12-12 18:41:51 - [TEST_STEP][PASSED] - click: Object: 'Object Repository/Final Object Repo/New Registration - Registration Module Pages/New Reg - OTC to RO/Special Case - All Related Objects/Continue Button in verifying case' is clicked on

2018-12-12 18:41:53 - [MESSAGE][PASSED] - Object: 'Object Repository/Final Object Repo/New Registration - Registration Module Pages/New Reg - OTC to RO/Special Case - All Related Objects/Continue Button in verifying case' is clicked on

2018-12-12 18:41:53 - [TEST_STEP][PASSED] - delay: Delayed 2 second(s)

2018-12-12 18:41:55 - [MESSAGE][PASSED] - Delayed 2 second(s)

2018-12-12 18:41:55 - [TEST_STEP][PASSED] - click: Object: 'Object Repository/Final Object Repo/New Registration - Registration Module Pages/New Reg - OTC to RO/Special Case - All Related Objects/Form 1 Save n Continue' is clicked on

2018-12-12 18:41:55 - [MESSAGE][PASSED] - Object: 'Object Repository/Final Object Repo/New Registration - Registration Module Pages/New Reg - OTC to RO/Special Case - All Related Objects/Form 1 Save n Continue' is clicked on

2018-12-12 18:41:55 - [TEST_STEP][PASSED] - delay: Delayed 2 second(s)

2018-12-12 18:41:57 - [MESSAGE][PASSED] - Delayed 2 second(s)

2018-12-12 18:41:57 - [TEST_STEP][PASSED] - click: Object: 'Object Repository/Final Object Repo/New Registration - Registration Module Pages/New Reg - OTC to RO/Special Case - All Related Objects/Form 2 Save n Continue' is clicked on

2018-12-12 18:41:57 - [MESSAGE][PASSED] - Object: 'Object Repository/Final Object Repo/New Registration - Registration Module Pages/New Reg - OTC to RO/Special Case - All Related Objects/Form 2 Save n Continue' is clicked on

2018-12-12 18:41:57 - [TEST_STEP][PASSED] - delay: Delayed 2 second(s)

2018-12-12 18:41:59 - [MESSAGE][PASSED] - Delayed 2 second(s)

2018-12-12 18:41:59 - [TEST_STEP][PASSED] - click: Object: 'Object Repository/Final Object Repo/New Registration - Registration Module Pages/New Reg - OTC to RO/Special Case - All Related Objects/Third Screen Save n Continue' is clicked on

2018-12-12 18:42:04 - [MESSAGE][PASSED] - Object: 'Object Repository/Final Object Repo/New Registration - Registration Module Pages/New Reg - OTC to RO/Special Case - All Related Objects/Third Screen Save n Continue' is clicked on

2018-12-12 18:42:04 - [TEST_STEP][PASSED] - delay: Delayed 5 second(s)

2018-12-12 18:42:09 - [MESSAGE][PASSED] - Delayed 5 second(s)

2018-12-12 18:42:09 - [TEST_STEP][PASSED] - click: Object: 'Object Repository/Final Object Repo/New Registration - Registration Module Pages/New Reg - OTC to RO/Special Case - All Related Objects/Upload Doc Page Save n Continue' is clicked on

2018-12-12 18:42:10 - [MESSAGE][PASSED] - Object: 'Object Repository/Final Object Repo/New Registration - Registration Module Pages/New Reg - OTC to RO/Special Case - All Related Objects/Upload Doc Page Save n Continue' is clicked on

2018-12-12 18:42:10 - [TEST_STEP][PASSED] - delay: Delayed 5 second(s)

2018-12-12 18:42:15 - [MESSAGE][PASSED] - Delayed 5 second(s)

2018-12-12 18:42:15 - [TEST_STEP][FAILED] - callTestCase: Unable to call Test Case with id 'Test Cases/Final Aug 2018 - PKS Automation/Registration Module/New Registration/Submit and Screenshot/Submit Registration and Screenshot' (Root cause: Call Test Case 'Test Cases/Final Aug 2018 - PKS Automation/Registration Module/New Registration/Submit and Screenshot/Submit Registration and Screenshot' failed)

2018-12-12 18:42:15 - [TEST_CASE][FAILED] - Test Cases/Final Aug 2018 - PKS Automation/Registration Module/New Registration/Submit and Screenshot/Submit Registration and Screenshot: Test Cases/Final Aug 2018 - PKS Automation/Registration Module/New Registration/Submit and Screenshot/Submit Registration and Screenshot FAILED because (of) (Stack trace: com.kms.katalon.core.exception.StepFailedException: Unable to click on object 'Object Repository/Final Object Repo/New Registration - Registration Module Pages/Third Screen - Upload Supporting Doc- Preview/Preview Submit Button' (Root cause: com.kms.katalon.core.webui.exception.WebElementNotFoundException: Web element with id: 'Object Repository/Final Object Repo/New Registration - Registration Module Pages/Third Screen - Upload Supporting Doc- Preview/Preview Submit Button' located by 'By.xpath: //a[@popupvalidatesubmit = 'true' and @class = 'btn btn-lg blueBtn col-md-2 pull-right browserIdBtn' and (text() = ' SUBMIT
					' or . = ' SUBMIT
					')]' not found)
	at com.kms.katalon.core.keyword.internal.KeywordMain.stepFailed(KeywordMain.groovy:32)
	at com.kms.katalon.core.webui.keyword.internal.WebUIKeywordMain.stepFailed(WebUIKeywordMain.groovy:65)
	at com.kms.katalon.core.webui.keyword.internal.WebUIKeywordMain.runKeyword(WebUIKeywordMain.groovy:27)
	at com.kms.katalon.core.webui.keyword.builtin.ClickKeyword.click(ClickKeyword.groovy:86)
	at com.kms.katalon.core.webui.keyword.builtin.ClickKeyword.execute(ClickKeyword.groovy:67)
	at com.kms.katalon.core.keyword.internal.KeywordExecutor.executeKeywordForPlatform(KeywordExecutor.groovy:53)
	at com.kms.katalon.core.webui.keyword.WebUiBuiltInKeywords.click(WebUiBuiltInKeywords.groovy:616)
	at com.kms.katalon.core.webui.keyword.WebUiBuiltInKeywords$click$2.call(Unknown Source)
	at Script1534476274484.run(Script1534476274484.groovy:32)
	at com.kms.katalon.core.main.ScriptEngine.run(ScriptEngine.java:183)
	at com.kms.katalon.core.main.ScriptEngine.runScriptAsRawText(ScriptEngine.java:108)
	at com.kms.katalon.core.main.TestCaseExecutor.runScript(TestCaseExecutor.java:294)
	at com.kms.katalon.core.main.TestCaseExecutor.doExecute(TestCaseExecutor.java:285)
	at com.kms.katalon.core.main.TestCaseExecutor.processExecutionPhase(TestCaseExecutor.java:264)
	at com.kms.katalon.core.main.TestCaseExecutor.accessMainPhase(TestCaseExecutor.java:256)
	at com.kms.katalon.core.main.TestCaseExecutor.execute(TestCaseExecutor.java:200)
	at com.kms.katalon.core.main.TestCaseMain.runTestCase(TestCaseMain.java:99)
	at com.kms.katalon.core.keyword.builtin.CallTestCaseKeyword$_callTestCase_closure1.doCall(CallTestCaseKeyword.groovy:60)
	at com.kms.katalon.core.keyword.builtin.CallTestCaseKeyword$_callTestCase_closure1.call(CallTestCaseKeyword.groovy)
	at com.kms.katalon.core.keyword.internal.KeywordMain.runKeyword(KeywordMain.groovy:54)
	at com.kms.katalon.core.keyword.builtin.CallTestCaseKeyword.callTestCase(CallTestCaseKeyword.groovy:81)
	at com.kms.katalon.core.keyword.builtin.CallTestCaseKeyword.execute(CallTestCaseKeyword.groovy:45)
	at com.kms.katalon.core.keyword.internal.KeywordExecutor.executeKeywordForPlatform(KeywordExecutor.groovy:53)
	at com.kms.katalon.core.keyword.BuiltinKeywords.callTestCase(BuiltinKeywords.groovy:334)
	at sun.reflect.GeneratedMethodAccessor13.invoke(Unknown Source)
	at sun.reflect.DelegatingMethodAccessorImpl.invoke(DelegatingMethodAccessorImpl.java:43)
	at java.lang.reflect.Method.invoke(Method.java:498)
	at org.codehaus.groovy.reflection.CachedMethod.invoke(CachedMethod.java:93)
	at groovy.lang.MetaMethod.doMethodInvoke(MetaMethod.java:325)
	at groovy.lang.MetaClassImpl.invokeStaticMethod(MetaClassImpl.java:1469)
	at org.codehaus.groovy.runtime.callsite.StaticMetaClassSite.call(StaticMetaClassSite.java:53)
	at org.codehaus.groovy.runtime.callsite.CallSiteArray.defaultCall(CallSiteArray.java:48)
	at org.codehaus.groovy.runtime.callsite.AbstractCallSite.call(AbstractCallSite.java:113)
	at org.codehaus.groovy.runtime.callsite.AbstractCallSite.call(AbstractCallSite.java:141)
	at Script1535599386194.run(Script1535599386194.groovy:262)
	at com.kms.katalon.core.main.ScriptEngine.run(ScriptEngine.java:183)
	at com.kms.katalon.core.main.ScriptEngine.runScriptAsRawText(ScriptEngine.java:108)
	at com.kms.katalon.core.main.TestCaseExecutor.runScript(TestCaseExecutor.java:294)
	at com.kms.katalon.core.main.TestCaseExecutor.doExecute(TestCaseExecutor.java:285)
	at com.kms.katalon.core.main.TestCaseExecutor.processExecutionPhase(TestCaseExecutor.java:264)
	at com.kms.katalon.core.main.TestCaseExecutor.accessMainPhase(TestCaseExecutor.java:256)
	at com.kms.katalon.core.main.TestCaseExecutor.execute(TestCaseExecutor.java:200)
	at com.kms.katalon.core.main.TestSuiteExecutor.accessTestCaseMainPhase(TestSuiteExecutor.java:129)
	at com.kms.katalon.core.main.TestSuiteExecutor.accessTestSuiteMainPhase(TestSuiteExecutor.java:112)
	at com.kms.katalon.core.main.TestSuiteExecutor.execute(TestSuiteExecutor.java:81)
	at com.kms.katalon.core.main.TestCaseMain.startTestSuite(TestCaseMain.java:142)
	at com.kms.katalon.core.main.TestCaseMain$startTestSuite$0.call(Unknown Source)
	at org.codehaus.groovy.runtime.callsite.CallSiteArray.defaultCall(CallSiteArray.java:48)
	at org.codehaus.groovy.runtime.callsite.AbstractCallSite.call(AbstractCallSite.java:113)
	at org.codehaus.groovy.runtime.callsite.AbstractCallSite.call(AbstractCallSite.java:141)
	at TempTestSuite1544598049714.run(TempTestSuite1544598049714.groovy:36)
	at groovy.lang.GroovyShell.runScriptOrMainOrTestOrRunnable(GroovyShell.java:263)
	at groovy.lang.GroovyShell.run(GroovyShell.java:518)
	at groovy.lang.GroovyShell.run(GroovyShell.java:507)
	at groovy.ui.GroovyMain.processOnce(GroovyMain.java:653)
	at groovy.ui.GroovyMain.run(GroovyMain.java:384)
	at groovy.ui.GroovyMain.process(GroovyMain.java:370)
	at groovy.ui.GroovyMain.processArgs(GroovyMain.java:129)
	at groovy.ui.GroovyMain.main(GroovyMain.java:109)
	at sun.reflect.NativeMethodAccessorImpl.invoke0(Native Method)
	at sun.reflect.NativeMethodAccessorImpl.invoke(NativeMethodAccessorImpl.java:62)
	at sun.reflect.DelegatingMethodAccessorImpl.invoke(DelegatingMethodAccessorImpl.java:43)
	at java.lang.reflect.Method.invoke(Method.java:498)
	at org.codehaus.groovy.tools.GroovyStarter.rootLoader(GroovyStarter.java:109)
	at org.codehaus.groovy.tools.GroovyStarter.main(GroovyStarter.java:131)
)

2018-12-12 18:42:15 - [TEST_STEP][PASSED] - delay: Delayed 6 second(s)

2018-12-12 18:42:21 - [MESSAGE][PASSED] - Delayed 6 second(s)

2018-12-12 18:42:21 - [TEST_STEP][FAILED] - click: Unable to click on object 'Object Repository/Final Object Repo/New Registration - Registration Module Pages/Third Screen - Upload Supporting Doc- Preview/Preview Submit Button' (Root cause: com.kms.katalon.core.webui.exception.WebElementNotFoundException: Web element with id: 'Object Repository/Final Object Repo/New Registration - Registration Module Pages/Third Screen - Upload Supporting Doc- Preview/Preview Submit Button' located by 'By.xpath: //a[@popupvalidatesubmit = 'true' and @class = 'btn btn-lg blueBtn col-md-2 pull-right browserIdBtn' and (text() = ' SUBMIT
					' or . = ' SUBMIT
					')]' not found)

2018-12-12 18:42:57 - [MESSAGE][FAILED] - Unable to click on object 'Object Repository/Final Object Repo/New Registration - Registration Module Pages/Third Screen - Upload Supporting Doc- Preview/Preview Submit Button' (Root cause: com.kms.katalon.core.webui.exception.WebElementNotFoundException: Web element with id: 'Object Repository/Final Object Repo/New Registration - Registration Module Pages/Third Screen - Upload Supporting Doc- Preview/Preview Submit Button' located by 'By.xpath: //a[@popupvalidatesubmit = 'true' and @class = 'btn btn-lg blueBtn col-md-2 pull-right browserIdBtn' and (text() = ' SUBMIT
					' or . = ' SUBMIT
					')]' not found)
[[ATTACHMENT|C:\\Users\\Admin\\Desktop\\PKS\\Perkeso Phase A\\Reports\\Workflow\\New Registration\\20181212_150049\\1544611377083.png]]

2018-12-12 18:42:57 - [TEST_STEP][PASSED] - delay: Delayed 2 second(s)

2018-12-12 18:42:59 - [MESSAGE][PASSED] - Delayed 2 second(s)

2018-12-12 18:42:59 - [TEST_STEP][FAILED] - click: Unable to click on object 'Object Repository/Final Object Repo/New Registration - Registration Module Pages/Third Screen - Upload Supporting Doc- Preview/Preview Submit - Confirm' (Root cause: com.kms.katalon.core.webui.exception.WebElementNotFoundException: Web element with id: 'Object Repository/Final Object Repo/New Registration - Registration Module Pages/Third Screen - Upload Supporting Doc- Preview/Preview Submit - Confirm' located by 'By.xpath: //span[@id = 'confirmword' and (text() = 'CONFIRM' or . = 'CONFIRM')]' not found)

2018-12-12 18:43:31 - [MESSAGE][FAILED] - Unable to click on object 'Object Repository/Final Object Repo/New Registration - Registration Module Pages/Third Screen - Upload Supporting Doc- Preview/Preview Submit - Confirm' (Root cause: com.kms.katalon.core.webui.exception.WebElementNotFoundException: Web element with id: 'Object Repository/Final Object Repo/New Registration - Registration Module Pages/Third Screen - Upload Supporting Doc- Preview/Preview Submit - Confirm' located by 'By.xpath: //span[@id = 'confirmword' and (text() = 'CONFIRM' or . = 'CONFIRM')]' not found)
[[ATTACHMENT|C:\\Users\\Admin\\Desktop\\PKS\\Perkeso Phase A\\Reports\\Workflow\\New Registration\\20181212_150049\\1544611411381.png]]

2018-12-12 18:43:31 - [TEST_STEP][PASSED] - delay: Delayed 15 second(s)

2018-12-12 18:43:46 - [MESSAGE][PASSED] - Delayed 15 second(s)

2018-12-12 18:43:46 - [TEST_STEP][PASSED] - Statement - driver = com.kms.katalon.core.webui.driver.DriverFactory.getWebDriver(): null

2018-12-12 18:43:46 - [TEST_STEP][PASSED] - Statement - driver.manage().timeouts().implicitlyWait(10, SECONDS): null

2018-12-12 18:43:46 - [TEST_STEP][PASSED] - Statement - PresavePath = KatalonScreenshots: null

2018-12-12 18:43:46 - [TEST_STEP][PASSED] - Statement - pathPrefix = "C:\Users\Public\Pictures\Sample Pictures\Katalon Screenshots\Automate Ending Screen": null

2018-12-12 18:43:46 - [TEST_STEP][PASSED] - Statement - finalPath = <not implemented yet for class: org.codehaus.groovy.ast.expr.EmptyExpression>: null

2018-12-12 18:43:46 - [TEST_STEP][PASSED] - Statement - scrFile = driver.getScreenshotAs(FILE): null

2018-12-12 18:43:47 - [TEST_STEP][PASSED] - Statement - PreSaveFile = new java.io.File(PresavePath): null

2018-12-12 18:43:47 - [TEST_STEP][PASSED] - Statement - counter = 0: null

2018-12-12 18:43:47 - [TEST_STEP][PASSED] - Statement - If (PreSaveFile.exists()): null

2018-12-12 18:43:47 - [TEST_STEP][PASSED] - Statement - While (PreSaveFile.exists()): null

2018-12-12 18:43:47 - [TEST_STEP][PASSED] - Statement - counter = counter + 1: null

2018-12-12 18:43:47 - [TEST_STEP][PASSED] - Statement - PreSaveFile = new java.io.File(((pathPrefix + java.lang.Integer.toString(counter)) + .png)): null

2018-12-12 18:43:47 - [TEST_STEP][PASSED] - Statement - counter = counter + 1: null

2018-12-12 18:43:47 - [TEST_STEP][PASSED] - Statement - PreSaveFile = new java.io.File(((pathPrefix + java.lang.Integer.toString(counter)) + .png)): null

2018-12-12 18:43:47 - [TEST_STEP][PASSED] - Statement - counter = counter + 1: null

2018-12-12 18:43:47 - [TEST_STEP][PASSED] - Statement - PreSaveFile = new java.io.File(((pathPrefix + java.lang.Integer.toString(counter)) + .png)): null

2018-12-12 18:43:47 - [TEST_STEP][PASSED] - Statement - counter = counter + 1: null

2018-12-12 18:43:47 - [TEST_STEP][PASSED] - Statement - PreSaveFile = new java.io.File(((pathPrefix + java.lang.Integer.toString(counter)) + .png)): null

2018-12-12 18:43:47 - [TEST_STEP][PASSED] - Statement - counter = counter + 1: null

2018-12-12 18:43:47 - [TEST_STEP][PASSED] - Statement - PreSaveFile = new java.io.File(((pathPrefix + java.lang.Integer.toString(counter)) + .png)): null

2018-12-12 18:43:47 - [TEST_STEP][PASSED] - Statement - counter = counter + 1: null

2018-12-12 18:43:47 - [TEST_STEP][PASSED] - Statement - PreSaveFile = new java.io.File(((pathPrefix + java.lang.Integer.toString(counter)) + .png)): null

2018-12-12 18:43:47 - [TEST_STEP][PASSED] - Statement - counter = counter + 1: null

2018-12-12 18:43:47 - [TEST_STEP][PASSED] - Statement - PreSaveFile = new java.io.File(((pathPrefix + java.lang.Integer.toString(counter)) + .png)): null

2018-12-12 18:43:47 - [TEST_STEP][PASSED] - Statement - counter = counter + 1: null

2018-12-12 18:43:47 - [TEST_STEP][PASSED] - Statement - PreSaveFile = new java.io.File(((pathPrefix + java.lang.Integer.toString(counter)) + .png)): null

2018-12-12 18:43:47 - [TEST_STEP][PASSED] - Statement - counter = counter + 1: null

2018-12-12 18:43:47 - [TEST_STEP][PASSED] - Statement - PreSaveFile = new java.io.File(((pathPrefix + java.lang.Integer.toString(counter)) + .png)): null

2018-12-12 18:43:47 - [TEST_STEP][PASSED] - Statement - counter = counter + 1: null

2018-12-12 18:43:47 - [TEST_STEP][PASSED] - Statement - PreSaveFile = new java.io.File(((pathPrefix + java.lang.Integer.toString(counter)) + .png)): null

2018-12-12 18:43:47 - [TEST_STEP][PASSED] - Statement - counter = counter + 1: null

2018-12-12 18:43:47 - [TEST_STEP][PASSED] - Statement - PreSaveFile = new java.io.File(((pathPrefix + java.lang.Integer.toString(counter)) + .png)): null

2018-12-12 18:43:47 - [TEST_STEP][PASSED] - Statement - counter = counter + 1: null

2018-12-12 18:43:47 - [TEST_STEP][PASSED] - Statement - PreSaveFile = new java.io.File(((pathPrefix + java.lang.Integer.toString(counter)) + .png)): null

2018-12-12 18:43:47 - [TEST_STEP][PASSED] - Statement - counter = counter + 1: null

2018-12-12 18:43:47 - [TEST_STEP][PASSED] - Statement - PreSaveFile = new java.io.File(((pathPrefix + java.lang.Integer.toString(counter)) + .png)): null

2018-12-12 18:43:47 - [TEST_STEP][PASSED] - Statement - counter = counter + 1: null

2018-12-12 18:43:47 - [TEST_STEP][PASSED] - Statement - PreSaveFile = new java.io.File(((pathPrefix + java.lang.Integer.toString(counter)) + .png)): null

2018-12-12 18:43:47 - [TEST_STEP][PASSED] - Statement - counter = counter + 1: null

2018-12-12 18:43:47 - [TEST_STEP][PASSED] - Statement - PreSaveFile = new java.io.File(((pathPrefix + java.lang.Integer.toString(counter)) + .png)): null

2018-12-12 18:43:47 - [TEST_STEP][PASSED] - Statement - counter = counter + 1: null

2018-12-12 18:43:47 - [TEST_STEP][PASSED] - Statement - PreSaveFile = new java.io.File(((pathPrefix + java.lang.Integer.toString(counter)) + .png)): null

2018-12-12 18:43:47 - [TEST_STEP][PASSED] - Statement - counter = counter + 1: null

2018-12-12 18:43:47 - [TEST_STEP][PASSED] - Statement - PreSaveFile = new java.io.File(((pathPrefix + java.lang.Integer.toString(counter)) + .png)): null

2018-12-12 18:43:47 - [TEST_STEP][PASSED] - Statement - counter = counter + 1: null

2018-12-12 18:43:47 - [TEST_STEP][PASSED] - Statement - PreSaveFile = new java.io.File(((pathPrefix + java.lang.Integer.toString(counter)) + .png)): null

2018-12-12 18:43:47 - [TEST_STEP][PASSED] - Statement - counter = counter + 1: null

2018-12-12 18:43:47 - [TEST_STEP][PASSED] - Statement - PreSaveFile = new java.io.File(((pathPrefix + java.lang.Integer.toString(counter)) + .png)): null

2018-12-12 18:43:47 - [TEST_STEP][PASSED] - Statement - counter = counter + 1: null

2018-12-12 18:43:47 - [TEST_STEP][PASSED] - Statement - PreSaveFile = new java.io.File(((pathPrefix + java.lang.Integer.toString(counter)) + .png)): null

2018-12-12 18:43:47 - [TEST_STEP][PASSED] - Statement - counter = counter + 1: null

2018-12-12 18:43:47 - [TEST_STEP][PASSED] - Statement - PreSaveFile = new java.io.File(((pathPrefix + java.lang.Integer.toString(counter)) + .png)): null

2018-12-12 18:43:47 - [TEST_STEP][PASSED] - Statement - counter = counter + 1: null

2018-12-12 18:43:47 - [TEST_STEP][PASSED] - Statement - PreSaveFile = new java.io.File(((pathPrefix + java.lang.Integer.toString(counter)) + .png)): null

2018-12-12 18:43:47 - [TEST_STEP][PASSED] - Statement - counter = counter + 1: null

2018-12-12 18:43:47 - [TEST_STEP][PASSED] - Statement - PreSaveFile = new java.io.File(((pathPrefix + java.lang.Integer.toString(counter)) + .png)): null

2018-12-12 18:43:47 - [TEST_STEP][PASSED] - Statement - counter = counter + 1: null

2018-12-12 18:43:47 - [TEST_STEP][PASSED] - Statement - PreSaveFile = new java.io.File(((pathPrefix + java.lang.Integer.toString(counter)) + .png)): null

2018-12-12 18:43:47 - [TEST_STEP][PASSED] - Statement - counter = counter + 1: null

2018-12-12 18:43:47 - [TEST_STEP][PASSED] - Statement - PreSaveFile = new java.io.File(((pathPrefix + java.lang.Integer.toString(counter)) + .png)): null

2018-12-12 18:43:47 - [TEST_STEP][PASSED] - Statement - counter = counter + 1: null

2018-12-12 18:43:47 - [TEST_STEP][PASSED] - Statement - PreSaveFile = new java.io.File(((pathPrefix + java.lang.Integer.toString(counter)) + .png)): null

2018-12-12 18:43:47 - [TEST_STEP][PASSED] - Statement - counter = counter + 1: null

2018-12-12 18:43:47 - [TEST_STEP][PASSED] - Statement - PreSaveFile = new java.io.File(((pathPrefix + java.lang.Integer.toString(counter)) + .png)): null

2018-12-12 18:43:47 - [TEST_STEP][PASSED] - Statement - counter = counter + 1: null

2018-12-12 18:43:47 - [TEST_STEP][PASSED] - Statement - PreSaveFile = new java.io.File(((pathPrefix + java.lang.Integer.toString(counter)) + .png)): null

2018-12-12 18:43:47 - [TEST_STEP][PASSED] - Statement - counter = counter + 1: null

2018-12-12 18:43:47 - [TEST_STEP][PASSED] - Statement - PreSaveFile = new java.io.File(((pathPrefix + java.lang.Integer.toString(counter)) + .png)): null

2018-12-12 18:43:47 - [TEST_STEP][PASSED] - Statement - counter = counter + 1: null

2018-12-12 18:43:47 - [TEST_STEP][PASSED] - Statement - PreSaveFile = new java.io.File(((pathPrefix + java.lang.Integer.toString(counter)) + .png)): null

2018-12-12 18:43:47 - [TEST_STEP][PASSED] - Statement - counter = counter + 1: null

2018-12-12 18:43:47 - [TEST_STEP][PASSED] - Statement - PreSaveFile = new java.io.File(((pathPrefix + java.lang.Integer.toString(counter)) + .png)): null

2018-12-12 18:43:47 - [TEST_STEP][PASSED] - Statement - counter = counter + 1: null

2018-12-12 18:43:47 - [TEST_STEP][PASSED] - Statement - PreSaveFile = new java.io.File(((pathPrefix + java.lang.Integer.toString(counter)) + .png)): null

2018-12-12 18:43:47 - [TEST_STEP][PASSED] - Statement - counter = counter + 1: null

2018-12-12 18:43:47 - [TEST_STEP][PASSED] - Statement - PreSaveFile = new java.io.File(((pathPrefix + java.lang.Integer.toString(counter)) + .png)): null

2018-12-12 18:43:47 - [TEST_STEP][PASSED] - Statement - counter = counter + 1: null

2018-12-12 18:43:47 - [TEST_STEP][PASSED] - Statement - PreSaveFile = new java.io.File(((pathPrefix + java.lang.Integer.toString(counter)) + .png)): null

2018-12-12 18:43:47 - [TEST_STEP][PASSED] - Statement - counter = counter + 1: null

2018-12-12 18:43:47 - [TEST_STEP][PASSED] - Statement - PreSaveFile = new java.io.File(((pathPrefix + java.lang.Integer.toString(counter)) + .png)): null

2018-12-12 18:43:47 - [TEST_STEP][PASSED] - Statement - counter = counter + 1: null

2018-12-12 18:43:47 - [TEST_STEP][PASSED] - Statement - PreSaveFile = new java.io.File(((pathPrefix + java.lang.Integer.toString(counter)) + .png)): null

2018-12-12 18:43:47 - [TEST_STEP][PASSED] - Statement - counter = counter + 1: null

2018-12-12 18:43:47 - [TEST_STEP][PASSED] - Statement - PreSaveFile = new java.io.File(((pathPrefix + java.lang.Integer.toString(counter)) + .png)): null

2018-12-12 18:43:47 - [TEST_STEP][PASSED] - Statement - counter = counter + 1: null

2018-12-12 18:43:47 - [TEST_STEP][PASSED] - Statement - PreSaveFile = new java.io.File(((pathPrefix + java.lang.Integer.toString(counter)) + .png)): null

2018-12-12 18:43:47 - [TEST_STEP][PASSED] - Statement - counter = counter + 1: null

2018-12-12 18:43:47 - [TEST_STEP][PASSED] - Statement - PreSaveFile = new java.io.File(((pathPrefix + java.lang.Integer.toString(counter)) + .png)): null

2018-12-12 18:43:47 - [TEST_STEP][PASSED] - Statement - counter = counter + 1: null

2018-12-12 18:43:47 - [TEST_STEP][PASSED] - Statement - PreSaveFile = new java.io.File(((pathPrefix + java.lang.Integer.toString(counter)) + .png)): null

2018-12-12 18:43:47 - [TEST_STEP][PASSED] - Statement - counter = counter + 1: null

2018-12-12 18:43:47 - [TEST_STEP][PASSED] - Statement - PreSaveFile = new java.io.File(((pathPrefix + java.lang.Integer.toString(counter)) + .png)): null

2018-12-12 18:43:47 - [TEST_STEP][PASSED] - Statement - counter = counter + 1: null

2018-12-12 18:43:47 - [TEST_STEP][PASSED] - Statement - PreSaveFile = new java.io.File(((pathPrefix + java.lang.Integer.toString(counter)) + .png)): null

2018-12-12 18:43:47 - [TEST_STEP][PASSED] - Statement - counter = counter + 1: null

2018-12-12 18:43:47 - [TEST_STEP][PASSED] - Statement - PreSaveFile = new java.io.File(((pathPrefix + java.lang.Integer.toString(counter)) + .png)): null

2018-12-12 18:43:47 - [TEST_STEP][PASSED] - Statement - counter = counter + 1: null

2018-12-12 18:43:47 - [TEST_STEP][PASSED] - Statement - PreSaveFile = new java.io.File(((pathPrefix + java.lang.Integer.toString(counter)) + .png)): null

2018-12-12 18:43:47 - [TEST_STEP][PASSED] - Statement - counter = counter + 1: null

2018-12-12 18:43:47 - [TEST_STEP][PASSED] - Statement - PreSaveFile = new java.io.File(((pathPrefix + java.lang.Integer.toString(counter)) + .png)): null

2018-12-12 18:43:47 - [TEST_STEP][PASSED] - Statement - counter = counter + 1: null

2018-12-12 18:43:47 - [TEST_STEP][PASSED] - Statement - PreSaveFile = new java.io.File(((pathPrefix + java.lang.Integer.toString(counter)) + .png)): null

2018-12-12 18:43:47 - [TEST_STEP][PASSED] - Statement - counter = counter + 1: null

2018-12-12 18:43:47 - [TEST_STEP][PASSED] - Statement - PreSaveFile = new java.io.File(((pathPrefix + java.lang.Integer.toString(counter)) + .png)): null

2018-12-12 18:43:47 - [TEST_STEP][PASSED] - Statement - counter = counter + 1: null

2018-12-12 18:43:47 - [TEST_STEP][PASSED] - Statement - PreSaveFile = new java.io.File(((pathPrefix + java.lang.Integer.toString(counter)) + .png)): null

2018-12-12 18:43:47 - [TEST_STEP][PASSED] - Statement - counter = counter + 1: null

2018-12-12 18:43:47 - [TEST_STEP][PASSED] - Statement - PreSaveFile = new java.io.File(((pathPrefix + java.lang.Integer.toString(counter)) + .png)): null

2018-12-12 18:43:47 - [TEST_STEP][PASSED] - Statement - counter = counter + 1: null

2018-12-12 18:43:47 - [TEST_STEP][PASSED] - Statement - PreSaveFile = new java.io.File(((pathPrefix + java.lang.Integer.toString(counter)) + .png)): null

2018-12-12 18:43:47 - [TEST_STEP][PASSED] - Statement - counter = counter + 1: null

2018-12-12 18:43:47 - [TEST_STEP][PASSED] - Statement - PreSaveFile = new java.io.File(((pathPrefix + java.lang.Integer.toString(counter)) + .png)): null

2018-12-12 18:43:47 - [TEST_STEP][PASSED] - Statement - counter = counter + 1: null

2018-12-12 18:43:47 - [TEST_STEP][PASSED] - Statement - PreSaveFile = new java.io.File(((pathPrefix + java.lang.Integer.toString(counter)) + .png)): null

2018-12-12 18:43:47 - [TEST_STEP][PASSED] - Statement - counter = counter + 1: null

2018-12-12 18:43:47 - [TEST_STEP][PASSED] - Statement - PreSaveFile = new java.io.File(((pathPrefix + java.lang.Integer.toString(counter)) + .png)): null

2018-12-12 18:43:47 - [TEST_STEP][PASSED] - Statement - counter = counter + 1: null

2018-12-12 18:43:47 - [TEST_STEP][PASSED] - Statement - PreSaveFile = new java.io.File(((pathPrefix + java.lang.Integer.toString(counter)) + .png)): null

2018-12-12 18:43:47 - [TEST_STEP][PASSED] - Statement - counter = counter + 1: null

2018-12-12 18:43:47 - [TEST_STEP][PASSED] - Statement - PreSaveFile = new java.io.File(((pathPrefix + java.lang.Integer.toString(counter)) + .png)): null

2018-12-12 18:43:47 - [TEST_STEP][PASSED] - Statement - counter = counter + 1: null

2018-12-12 18:43:47 - [TEST_STEP][PASSED] - Statement - PreSaveFile = new java.io.File(((pathPrefix + java.lang.Integer.toString(counter)) + .png)): null

2018-12-12 18:43:47 - [TEST_STEP][PASSED] - Statement - counter = counter + 1: null

2018-12-12 18:43:47 - [TEST_STEP][PASSED] - Statement - PreSaveFile = new java.io.File(((pathPrefix + java.lang.Integer.toString(counter)) + .png)): null

2018-12-12 18:43:47 - [TEST_STEP][PASSED] - Statement - counter = counter + 1: null

2018-12-12 18:43:47 - [TEST_STEP][PASSED] - Statement - PreSaveFile = new java.io.File(((pathPrefix + java.lang.Integer.toString(counter)) + .png)): null

2018-12-12 18:43:47 - [TEST_STEP][PASSED] - Statement - counter = counter + 1: null

2018-12-12 18:43:47 - [TEST_STEP][PASSED] - Statement - PreSaveFile = new java.io.File(((pathPrefix + java.lang.Integer.toString(counter)) + .png)): null

2018-12-12 18:43:47 - [TEST_STEP][PASSED] - Statement - counter = counter + 1: null

2018-12-12 18:43:47 - [TEST_STEP][PASSED] - Statement - PreSaveFile = new java.io.File(((pathPrefix + java.lang.Integer.toString(counter)) + .png)): null

2018-12-12 18:43:47 - [TEST_STEP][PASSED] - Statement - counter = counter + 1: null

2018-12-12 18:43:47 - [TEST_STEP][PASSED] - Statement - PreSaveFile = new java.io.File(((pathPrefix + java.lang.Integer.toString(counter)) + .png)): null

2018-12-12 18:43:47 - [TEST_STEP][PASSED] - Statement - counter = counter + 1: null

2018-12-12 18:43:47 - [TEST_STEP][PASSED] - Statement - PreSaveFile = new java.io.File(((pathPrefix + java.lang.Integer.toString(counter)) + .png)): null

2018-12-12 18:43:47 - [TEST_STEP][PASSED] - Statement - counter = counter + 1: null

2018-12-12 18:43:47 - [TEST_STEP][PASSED] - Statement - PreSaveFile = new java.io.File(((pathPrefix + java.lang.Integer.toString(counter)) + .png)): null

2018-12-12 18:43:47 - [TEST_STEP][PASSED] - Statement - counter = counter + 1: null

2018-12-12 18:43:47 - [TEST_STEP][PASSED] - Statement - PreSaveFile = new java.io.File(((pathPrefix + java.lang.Integer.toString(counter)) + .png)): null

2018-12-12 18:43:47 - [TEST_STEP][PASSED] - Statement - counter = counter + 1: null

2018-12-12 18:43:47 - [TEST_STEP][PASSED] - Statement - PreSaveFile = new java.io.File(((pathPrefix + java.lang.Integer.toString(counter)) + .png)): null

2018-12-12 18:43:47 - [TEST_STEP][PASSED] - Statement - counter = counter + 1: null

2018-12-12 18:43:47 - [TEST_STEP][PASSED] - Statement - PreSaveFile = new java.io.File(((pathPrefix + java.lang.Integer.toString(counter)) + .png)): null

2018-12-12 18:43:47 - [TEST_STEP][PASSED] - Statement - counter = counter + 1: null

2018-12-12 18:43:47 - [TEST_STEP][PASSED] - Statement - PreSaveFile = new java.io.File(((pathPrefix + java.lang.Integer.toString(counter)) + .png)): null

2018-12-12 18:43:47 - [TEST_STEP][PASSED] - Statement - counter = counter + 1: null

2018-12-12 18:43:47 - [TEST_STEP][PASSED] - Statement - PreSaveFile = new java.io.File(((pathPrefix + java.lang.Integer.toString(counter)) + .png)): null

2018-12-12 18:43:47 - [TEST_STEP][PASSED] - Statement - counter = counter + 1: null

2018-12-12 18:43:47 - [TEST_STEP][PASSED] - Statement - PreSaveFile = new java.io.File(((pathPrefix + java.lang.Integer.toString(counter)) + .png)): null

2018-12-12 18:43:47 - [TEST_STEP][PASSED] - Statement - counter = counter + 1: null

2018-12-12 18:43:47 - [TEST_STEP][PASSED] - Statement - PreSaveFile = new java.io.File(((pathPrefix + java.lang.Integer.toString(counter)) + .png)): null

2018-12-12 18:43:47 - [TEST_STEP][PASSED] - Statement - counter = counter + 1: null

2018-12-12 18:43:47 - [TEST_STEP][PASSED] - Statement - PreSaveFile = new java.io.File(((pathPrefix + java.lang.Integer.toString(counter)) + .png)): null

2018-12-12 18:43:47 - [TEST_STEP][PASSED] - Statement - counter = counter + 1: null

2018-12-12 18:43:47 - [TEST_STEP][PASSED] - Statement - PreSaveFile = new java.io.File(((pathPrefix + java.lang.Integer.toString(counter)) + .png)): null

2018-12-12 18:43:47 - [TEST_STEP][PASSED] - Statement - counter = counter + 1: null

2018-12-12 18:43:47 - [TEST_STEP][PASSED] - Statement - PreSaveFile = new java.io.File(((pathPrefix + java.lang.Integer.toString(counter)) + .png)): null

2018-12-12 18:43:47 - [TEST_STEP][PASSED] - Statement - counter = counter + 1: null

2018-12-12 18:43:47 - [TEST_STEP][PASSED] - Statement - PreSaveFile = new java.io.File(((pathPrefix + java.lang.Integer.toString(counter)) + .png)): null

2018-12-12 18:43:47 - [TEST_STEP][PASSED] - Statement - counter = counter + 1: null

2018-12-12 18:43:47 - [TEST_STEP][PASSED] - Statement - PreSaveFile = new java.io.File(((pathPrefix + java.lang.Integer.toString(counter)) + .png)): null

2018-12-12 18:43:47 - [TEST_STEP][PASSED] - Statement - counter = counter + 1: null

2018-12-12 18:43:47 - [TEST_STEP][PASSED] - Statement - PreSaveFile = new java.io.File(((pathPrefix + java.lang.Integer.toString(counter)) + .png)): null

2018-12-12 18:43:47 - [TEST_STEP][PASSED] - Statement - counter = counter + 1: null

2018-12-12 18:43:47 - [TEST_STEP][PASSED] - Statement - PreSaveFile = new java.io.File(((pathPrefix + java.lang.Integer.toString(counter)) + .png)): null

2018-12-12 18:43:47 - [TEST_STEP][PASSED] - Statement - counter = counter + 1: null

2018-12-12 18:43:47 - [TEST_STEP][PASSED] - Statement - PreSaveFile = new java.io.File(((pathPrefix + java.lang.Integer.toString(counter)) + .png)): null

2018-12-12 18:43:47 - [TEST_STEP][PASSED] - Statement - counter = counter + 1: null

2018-12-12 18:43:47 - [TEST_STEP][PASSED] - Statement - PreSaveFile = new java.io.File(((pathPrefix + java.lang.Integer.toString(counter)) + .png)): null

2018-12-12 18:43:47 - [TEST_STEP][PASSED] - Statement - counter = counter + 1: null

2018-12-12 18:43:47 - [TEST_STEP][PASSED] - Statement - PreSaveFile = new java.io.File(((pathPrefix + java.lang.Integer.toString(counter)) + .png)): null

2018-12-12 18:43:47 - [TEST_STEP][PASSED] - Statement - counter = counter + 1: null

2018-12-12 18:43:47 - [TEST_STEP][PASSED] - Statement - PreSaveFile = new java.io.File(((pathPrefix + java.lang.Integer.toString(counter)) + .png)): null

2018-12-12 18:43:47 - [TEST_STEP][PASSED] - Statement - counter = counter + 1: null

2018-12-12 18:43:47 - [TEST_STEP][PASSED] - Statement - PreSaveFile = new java.io.File(((pathPrefix + java.lang.Integer.toString(counter)) + .png)): null

2018-12-12 18:43:47 - [TEST_STEP][PASSED] - Statement - counter = counter + 1: null

2018-12-12 18:43:47 - [TEST_STEP][PASSED] - Statement - PreSaveFile = new java.io.File(((pathPrefix + java.lang.Integer.toString(counter)) + .png)): null

2018-12-12 18:43:47 - [TEST_STEP][PASSED] - Statement - counter = counter + 1: null

2018-12-12 18:43:47 - [TEST_STEP][PASSED] - Statement - PreSaveFile = new java.io.File(((pathPrefix + java.lang.Integer.toString(counter)) + .png)): null

2018-12-12 18:43:47 - [TEST_STEP][PASSED] - Statement - counter = counter + 1: null

2018-12-12 18:43:47 - [TEST_STEP][PASSED] - Statement - PreSaveFile = new java.io.File(((pathPrefix + java.lang.Integer.toString(counter)) + .png)): null

2018-12-12 18:43:47 - [TEST_STEP][PASSED] - Statement - counter = counter + 1: null

2018-12-12 18:43:47 - [TEST_STEP][PASSED] - Statement - PreSaveFile = new java.io.File(((pathPrefix + java.lang.Integer.toString(counter)) + .png)): null

2018-12-12 18:43:47 - [TEST_STEP][PASSED] - Statement - counter = counter + 1: null

2018-12-12 18:43:47 - [TEST_STEP][PASSED] - Statement - PreSaveFile = new java.io.File(((pathPrefix + java.lang.Integer.toString(counter)) + .png)): null

2018-12-12 18:43:47 - [TEST_STEP][PASSED] - Statement - counter = counter + 1: null

2018-12-12 18:43:47 - [TEST_STEP][PASSED] - Statement - PreSaveFile = new java.io.File(((pathPrefix + java.lang.Integer.toString(counter)) + .png)): null

2018-12-12 18:43:47 - [TEST_STEP][PASSED] - Statement - counter = counter + 1: null

2018-12-12 18:43:47 - [TEST_STEP][PASSED] - Statement - PreSaveFile = new java.io.File(((pathPrefix + java.lang.Integer.toString(counter)) + .png)): null

2018-12-12 18:43:47 - [TEST_STEP][PASSED] - Statement - counter = counter + 1: null

2018-12-12 18:43:47 - [TEST_STEP][PASSED] - Statement - PreSaveFile = new java.io.File(((pathPrefix + java.lang.Integer.toString(counter)) + .png)): null

2018-12-12 18:43:47 - [TEST_STEP][PASSED] - Statement - counter = counter + 1: null

2018-12-12 18:43:47 - [TEST_STEP][PASSED] - Statement - PreSaveFile = new java.io.File(((pathPrefix + java.lang.Integer.toString(counter)) + .png)): null

2018-12-12 18:43:47 - [TEST_STEP][PASSED] - Statement - counter = counter + 1: null

2018-12-12 18:43:47 - [TEST_STEP][PASSED] - Statement - PreSaveFile = new java.io.File(((pathPrefix + java.lang.Integer.toString(counter)) + .png)): null

2018-12-12 18:43:47 - [TEST_STEP][PASSED] - Statement - counter = counter + 1: null

2018-12-12 18:43:47 - [TEST_STEP][PASSED] - Statement - PreSaveFile = new java.io.File(((pathPrefix + java.lang.Integer.toString(counter)) + .png)): null

2018-12-12 18:43:47 - [TEST_STEP][PASSED] - Statement - counter = counter + 1: null

2018-12-12 18:43:47 - [TEST_STEP][PASSED] - Statement - PreSaveFile = new java.io.File(((pathPrefix + java.lang.Integer.toString(counter)) + .png)): null

2018-12-12 18:43:47 - [TEST_STEP][PASSED] - Statement - counter = counter + 1: null

2018-12-12 18:43:47 - [TEST_STEP][PASSED] - Statement - PreSaveFile = new java.io.File(((pathPrefix + java.lang.Integer.toString(counter)) + .png)): null

2018-12-12 18:43:47 - [TEST_STEP][PASSED] - Statement - counter = counter + 1: null

2018-12-12 18:43:47 - [TEST_STEP][PASSED] - Statement - PreSaveFile = new java.io.File(((pathPrefix + java.lang.Integer.toString(counter)) + .png)): null

2018-12-12 18:43:47 - [TEST_STEP][PASSED] - Statement - counter = counter + 1: null

2018-12-12 18:43:47 - [TEST_STEP][PASSED] - Statement - PreSaveFile = new java.io.File(((pathPrefix + java.lang.Integer.toString(counter)) + .png)): null

2018-12-12 18:43:47 - [TEST_STEP][PASSED] - Statement - counter = counter + 1: null

2018-12-12 18:43:47 - [TEST_STEP][PASSED] - Statement - PreSaveFile = new java.io.File(((pathPrefix + java.lang.Integer.toString(counter)) + .png)): null

2018-12-12 18:43:47 - [TEST_STEP][PASSED] - Statement - counter = counter + 1: null

2018-12-12 18:43:47 - [TEST_STEP][PASSED] - Statement - PreSaveFile = new java.io.File(((pathPrefix + java.lang.Integer.toString(counter)) + .png)): null

2018-12-12 18:43:47 - [TEST_STEP][PASSED] - Statement - counter = counter + 1: null

2018-12-12 18:43:47 - [TEST_STEP][PASSED] - Statement - PreSaveFile = new java.io.File(((pathPrefix + java.lang.Integer.toString(counter)) + .png)): null

2018-12-12 18:43:47 - [TEST_STEP][PASSED] - Statement - counter = counter + 1: null

2018-12-12 18:43:47 - [TEST_STEP][PASSED] - Statement - PreSaveFile = new java.io.File(((pathPrefix + java.lang.Integer.toString(counter)) + .png)): null

2018-12-12 18:43:47 - [TEST_STEP][PASSED] - Statement - counter = counter + 1: null

2018-12-12 18:43:47 - [TEST_STEP][PASSED] - Statement - PreSaveFile = new java.io.File(((pathPrefix + java.lang.Integer.toString(counter)) + .png)): null

2018-12-12 18:43:47 - [TEST_STEP][PASSED] - Statement - counter = counter + 1: null

2018-12-12 18:43:47 - [TEST_STEP][PASSED] - Statement - PreSaveFile = new java.io.File(((pathPrefix + java.lang.Integer.toString(counter)) + .png)): null

2018-12-12 18:43:47 - [TEST_STEP][PASSED] - Statement - counter = counter + 1: null

2018-12-12 18:43:47 - [TEST_STEP][PASSED] - Statement - PreSaveFile = new java.io.File(((pathPrefix + java.lang.Integer.toString(counter)) + .png)): null

2018-12-12 18:43:47 - [TEST_STEP][PASSED] - Statement - counter = counter + 1: null

2018-12-12 18:43:47 - [TEST_STEP][PASSED] - Statement - PreSaveFile = new java.io.File(((pathPrefix + java.lang.Integer.toString(counter)) + .png)): null

2018-12-12 18:43:47 - [TEST_STEP][PASSED] - Statement - counter = counter + 1: null

2018-12-12 18:43:47 - [TEST_STEP][PASSED] - Statement - PreSaveFile = new java.io.File(((pathPrefix + java.lang.Integer.toString(counter)) + .png)): null

2018-12-12 18:43:47 - [TEST_STEP][PASSED] - Statement - counter = counter + 1: null

2018-12-12 18:43:47 - [TEST_STEP][PASSED] - Statement - PreSaveFile = new java.io.File(((pathPrefix + java.lang.Integer.toString(counter)) + .png)): null

2018-12-12 18:43:47 - [TEST_STEP][PASSED] - Statement - counter = counter + 1: null

2018-12-12 18:43:47 - [TEST_STEP][PASSED] - Statement - PreSaveFile = new java.io.File(((pathPrefix + java.lang.Integer.toString(counter)) + .png)): null

2018-12-12 18:43:47 - [TEST_STEP][PASSED] - Statement - counter = counter + 1: null

2018-12-12 18:43:47 - [TEST_STEP][PASSED] - Statement - PreSaveFile = new java.io.File(((pathPrefix + java.lang.Integer.toString(counter)) + .png)): null

2018-12-12 18:43:47 - [TEST_STEP][PASSED] - Statement - counter = counter + 1: null

2018-12-12 18:43:47 - [TEST_STEP][PASSED] - Statement - PreSaveFile = new java.io.File(((pathPrefix + java.lang.Integer.toString(counter)) + .png)): null

2018-12-12 18:43:47 - [TEST_STEP][PASSED] - Statement - counter = counter + 1: null

2018-12-12 18:43:47 - [TEST_STEP][PASSED] - Statement - PreSaveFile = new java.io.File(((pathPrefix + java.lang.Integer.toString(counter)) + .png)): null

2018-12-12 18:43:47 - [TEST_STEP][PASSED] - Statement - counter = counter + 1: null

2018-12-12 18:43:47 - [TEST_STEP][PASSED] - Statement - PreSaveFile = new java.io.File(((pathPrefix + java.lang.Integer.toString(counter)) + .png)): null

2018-12-12 18:43:47 - [TEST_STEP][PASSED] - Statement - counter = counter + 1: null

2018-12-12 18:43:47 - [TEST_STEP][PASSED] - Statement - PreSaveFile = new java.io.File(((pathPrefix + java.lang.Integer.toString(counter)) + .png)): null

2018-12-12 18:43:47 - [TEST_STEP][PASSED] - Statement - counter = counter + 1: null

2018-12-12 18:43:47 - [TEST_STEP][PASSED] - Statement - PreSaveFile = new java.io.File(((pathPrefix + java.lang.Integer.toString(counter)) + .png)): null

2018-12-12 18:43:47 - [TEST_STEP][PASSED] - Statement - counter = counter + 1: null

2018-12-12 18:43:47 - [TEST_STEP][PASSED] - Statement - PreSaveFile = new java.io.File(((pathPrefix + java.lang.Integer.toString(counter)) + .png)): null

2018-12-12 18:43:47 - [TEST_STEP][PASSED] - Statement - counter = counter + 1: null

2018-12-12 18:43:47 - [TEST_STEP][PASSED] - Statement - PreSaveFile = new java.io.File(((pathPrefix + java.lang.Integer.toString(counter)) + .png)): null

2018-12-12 18:43:47 - [TEST_STEP][PASSED] - Statement - counter = counter + 1: null

2018-12-12 18:43:47 - [TEST_STEP][PASSED] - Statement - PreSaveFile = new java.io.File(((pathPrefix + java.lang.Integer.toString(counter)) + .png)): null

2018-12-12 18:43:47 - [TEST_STEP][PASSED] - Statement - counter = counter + 1: null

2018-12-12 18:43:47 - [TEST_STEP][PASSED] - Statement - PreSaveFile = new java.io.File(((pathPrefix + java.lang.Integer.toString(counter)) + .png)): null

2018-12-12 18:43:47 - [TEST_STEP][PASSED] - Statement - counter = counter + 1: null

2018-12-12 18:43:47 - [TEST_STEP][PASSED] - Statement - PreSaveFile = new java.io.File(((pathPrefix + java.lang.Integer.toString(counter)) + .png)): null

2018-12-12 18:43:47 - [TEST_STEP][PASSED] - Statement - counter = counter + 1: null

2018-12-12 18:43:47 - [TEST_STEP][PASSED] - Statement - PreSaveFile = new java.io.File(((pathPrefix + java.lang.Integer.toString(counter)) + .png)): null

2018-12-12 18:43:47 - [TEST_STEP][PASSED] - Statement - counter = counter + 1: null

2018-12-12 18:43:47 - [TEST_STEP][PASSED] - Statement - PreSaveFile = new java.io.File(((pathPrefix + java.lang.Integer.toString(counter)) + .png)): null

2018-12-12 18:43:47 - [TEST_STEP][PASSED] - Statement - counter = counter + 1: null

2018-12-12 18:43:47 - [TEST_STEP][PASSED] - Statement - PreSaveFile = new java.io.File(((pathPrefix + java.lang.Integer.toString(counter)) + .png)): null

2018-12-12 18:43:47 - [TEST_STEP][PASSED] - Statement - counter = counter + 1: null

2018-12-12 18:43:47 - [TEST_STEP][PASSED] - Statement - PreSaveFile = new java.io.File(((pathPrefix + java.lang.Integer.toString(counter)) + .png)): null

2018-12-12 18:43:47 - [TEST_STEP][PASSED] - Statement - counter = counter + 1: null

2018-12-12 18:43:47 - [TEST_STEP][PASSED] - Statement - PreSaveFile = new java.io.File(((pathPrefix + java.lang.Integer.toString(counter)) + .png)): null

2018-12-12 18:43:47 - [TEST_STEP][PASSED] - Statement - counter = counter + 1: null

2018-12-12 18:43:47 - [TEST_STEP][PASSED] - Statement - PreSaveFile = new java.io.File(((pathPrefix + java.lang.Integer.toString(counter)) + .png)): null

2018-12-12 18:43:47 - [TEST_STEP][PASSED] - Statement - counter = counter + 1: null

2018-12-12 18:43:47 - [TEST_STEP][PASSED] - Statement - PreSaveFile = new java.io.File(((pathPrefix + java.lang.Integer.toString(counter)) + .png)): null

2018-12-12 18:43:47 - [TEST_STEP][PASSED] - Statement - counter = counter + 1: null

2018-12-12 18:43:47 - [TEST_STEP][PASSED] - Statement - PreSaveFile = new java.io.File(((pathPrefix + java.lang.Integer.toString(counter)) + .png)): null

2018-12-12 18:43:47 - [TEST_STEP][PASSED] - Statement - counter = counter + 1: null

2018-12-12 18:43:47 - [TEST_STEP][PASSED] - Statement - PreSaveFile = new java.io.File(((pathPrefix + java.lang.Integer.toString(counter)) + .png)): null

2018-12-12 18:43:47 - [TEST_STEP][PASSED] - Statement - counter = counter + 1: null

2018-12-12 18:43:47 - [TEST_STEP][PASSED] - Statement - PreSaveFile = new java.io.File(((pathPrefix + java.lang.Integer.toString(counter)) + .png)): null

2018-12-12 18:43:47 - [TEST_STEP][PASSED] - Statement - counter = counter + 1: null

2018-12-12 18:43:47 - [TEST_STEP][PASSED] - Statement - PreSaveFile = new java.io.File(((pathPrefix + java.lang.Integer.toString(counter)) + .png)): null

2018-12-12 18:43:47 - [TEST_STEP][PASSED] - Statement - counter = counter + 1: null

2018-12-12 18:43:47 - [TEST_STEP][PASSED] - Statement - PreSaveFile = new java.io.File(((pathPrefix + java.lang.Integer.toString(counter)) + .png)): null

2018-12-12 18:43:47 - [TEST_STEP][PASSED] - Statement - counter = counter + 1: null

2018-12-12 18:43:47 - [TEST_STEP][PASSED] - Statement - PreSaveFile = new java.io.File(((pathPrefix + java.lang.Integer.toString(counter)) + .png)): null

2018-12-12 18:43:47 - [TEST_STEP][PASSED] - Statement - counter = counter + 1: null

2018-12-12 18:43:47 - [TEST_STEP][PASSED] - Statement - PreSaveFile = new java.io.File(((pathPrefix + java.lang.Integer.toString(counter)) + .png)): null

2018-12-12 18:43:47 - [TEST_STEP][PASSED] - Statement - counter = counter + 1: null

2018-12-12 18:43:47 - [TEST_STEP][PASSED] - Statement - PreSaveFile = new java.io.File(((pathPrefix + java.lang.Integer.toString(counter)) + .png)): null

2018-12-12 18:43:47 - [TEST_STEP][PASSED] - Statement - counter = counter + 1: null

2018-12-12 18:43:47 - [TEST_STEP][PASSED] - Statement - PreSaveFile = new java.io.File(((pathPrefix + java.lang.Integer.toString(counter)) + .png)): null

2018-12-12 18:43:47 - [TEST_STEP][PASSED] - Statement - counter = counter + 1: null

2018-12-12 18:43:47 - [TEST_STEP][PASSED] - Statement - PreSaveFile = new java.io.File(((pathPrefix + java.lang.Integer.toString(counter)) + .png)): null

2018-12-12 18:43:47 - [TEST_STEP][PASSED] - Statement - counter = counter + 1: null

2018-12-12 18:43:47 - [TEST_STEP][PASSED] - Statement - PreSaveFile = new java.io.File(((pathPrefix + java.lang.Integer.toString(counter)) + .png)): null

2018-12-12 18:43:47 - [TEST_STEP][PASSED] - Statement - counter = counter + 1: null

2018-12-12 18:43:47 - [TEST_STEP][PASSED] - Statement - PreSaveFile = new java.io.File(((pathPrefix + java.lang.Integer.toString(counter)) + .png)): null

2018-12-12 18:43:47 - [TEST_STEP][PASSED] - Statement - counter = counter + 1: null

2018-12-12 18:43:47 - [TEST_STEP][PASSED] - Statement - PreSaveFile = new java.io.File(((pathPrefix + java.lang.Integer.toString(counter)) + .png)): null

2018-12-12 18:43:47 - [TEST_STEP][PASSED] - Statement - counter = counter + 1: null

2018-12-12 18:43:47 - [TEST_STEP][PASSED] - Statement - PreSaveFile = new java.io.File(((pathPrefix + java.lang.Integer.toString(counter)) + .png)): null

2018-12-12 18:43:47 - [TEST_STEP][PASSED] - Statement - counter = counter + 1: null

2018-12-12 18:43:47 - [TEST_STEP][PASSED] - Statement - PreSaveFile = new java.io.File(((pathPrefix + java.lang.Integer.toString(counter)) + .png)): null

2018-12-12 18:43:47 - [TEST_STEP][PASSED] - Statement - counter = counter + 1: null

2018-12-12 18:43:47 - [TEST_STEP][PASSED] - Statement - PreSaveFile = new java.io.File(((pathPrefix + java.lang.Integer.toString(counter)) + .png)): null

2018-12-12 18:43:47 - [TEST_STEP][PASSED] - Statement - counter = counter + 1: null

2018-12-12 18:43:47 - [TEST_STEP][PASSED] - Statement - PreSaveFile = new java.io.File(((pathPrefix + java.lang.Integer.toString(counter)) + .png)): null

2018-12-12 18:43:47 - [TEST_STEP][PASSED] - Statement - counter = counter + 1: null

2018-12-12 18:43:47 - [TEST_STEP][PASSED] - Statement - PreSaveFile = new java.io.File(((pathPrefix + java.lang.Integer.toString(counter)) + .png)): null

2018-12-12 18:43:47 - [TEST_STEP][PASSED] - Statement - counter = counter + 1: null

2018-12-12 18:43:47 - [TEST_STEP][PASSED] - Statement - PreSaveFile = new java.io.File(((pathPrefix + java.lang.Integer.toString(counter)) + .png)): null

2018-12-12 18:43:47 - [TEST_STEP][PASSED] - Statement - counter = counter + 1: null

2018-12-12 18:43:47 - [TEST_STEP][PASSED] - Statement - PreSaveFile = new java.io.File(((pathPrefix + java.lang.Integer.toString(counter)) + .png)): null

2018-12-12 18:43:47 - [TEST_STEP][PASSED] - Statement - counter = counter + 1: null

2018-12-12 18:43:47 - [TEST_STEP][PASSED] - Statement - PreSaveFile = new java.io.File(((pathPrefix + java.lang.Integer.toString(counter)) + .png)): null

2018-12-12 18:43:47 - [TEST_STEP][PASSED] - Statement - counter = counter + 1: null

2018-12-12 18:43:47 - [TEST_STEP][PASSED] - Statement - PreSaveFile = new java.io.File(((pathPrefix + java.lang.Integer.toString(counter)) + .png)): null

2018-12-12 18:43:47 - [TEST_STEP][PASSED] - Statement - counter = counter + 1: null

2018-12-12 18:43:47 - [TEST_STEP][PASSED] - Statement - PreSaveFile = new java.io.File(((pathPrefix + java.lang.Integer.toString(counter)) + .png)): null

2018-12-12 18:43:47 - [TEST_STEP][PASSED] - Statement - counter = counter + 1: null

2018-12-12 18:43:47 - [TEST_STEP][PASSED] - Statement - PreSaveFile = new java.io.File(((pathPrefix + java.lang.Integer.toString(counter)) + .png)): null

2018-12-12 18:43:47 - [TEST_STEP][PASSED] - Statement - counter = counter + 1: null

2018-12-12 18:43:47 - [TEST_STEP][PASSED] - Statement - PreSaveFile = new java.io.File(((pathPrefix + java.lang.Integer.toString(counter)) + .png)): null

2018-12-12 18:43:47 - [TEST_STEP][PASSED] - Statement - counter = counter + 1: null

2018-12-12 18:43:47 - [TEST_STEP][PASSED] - Statement - PreSaveFile = new java.io.File(((pathPrefix + java.lang.Integer.toString(counter)) + .png)): null

2018-12-12 18:43:47 - [TEST_STEP][PASSED] - Statement - counter = counter + 1: null

2018-12-12 18:43:47 - [TEST_STEP][PASSED] - Statement - PreSaveFile = new java.io.File(((pathPrefix + java.lang.Integer.toString(counter)) + .png)): null

2018-12-12 18:43:47 - [TEST_STEP][PASSED] - Statement - counter = counter + 1: null

2018-12-12 18:43:47 - [TEST_STEP][PASSED] - Statement - PreSaveFile = new java.io.File(((pathPrefix + java.lang.Integer.toString(counter)) + .png)): null

2018-12-12 18:43:47 - [TEST_STEP][PASSED] - Statement - counter = counter + 1: null

2018-12-12 18:43:47 - [TEST_STEP][PASSED] - Statement - PreSaveFile = new java.io.File(((pathPrefix + java.lang.Integer.toString(counter)) + .png)): null

2018-12-12 18:43:47 - [TEST_STEP][PASSED] - Statement - counter = counter + 1: null

2018-12-12 18:43:47 - [TEST_STEP][PASSED] - Statement - PreSaveFile = new java.io.File(((pathPrefix + java.lang.Integer.toString(counter)) + .png)): null

2018-12-12 18:43:47 - [TEST_STEP][PASSED] - Statement - counter = counter + 1: null

2018-12-12 18:43:47 - [TEST_STEP][PASSED] - Statement - PreSaveFile = new java.io.File(((pathPrefix + java.lang.Integer.toString(counter)) + .png)): null

2018-12-12 18:43:47 - [TEST_STEP][PASSED] - Statement - counter = counter + 1: null

2018-12-12 18:43:47 - [TEST_STEP][PASSED] - Statement - PreSaveFile = new java.io.File(((pathPrefix + java.lang.Integer.toString(counter)) + .png)): null

2018-12-12 18:43:47 - [TEST_STEP][PASSED] - Statement - counter = counter + 1: null

2018-12-12 18:43:47 - [TEST_STEP][PASSED] - Statement - PreSaveFile = new java.io.File(((pathPrefix + java.lang.Integer.toString(counter)) + .png)): null

2018-12-12 18:43:47 - [TEST_STEP][PASSED] - Statement - counter = counter + 1: null

2018-12-12 18:43:47 - [TEST_STEP][PASSED] - Statement - PreSaveFile = new java.io.File(((pathPrefix + java.lang.Integer.toString(counter)) + .png)): null

2018-12-12 18:43:47 - [TEST_STEP][PASSED] - Statement - counter = counter + 1: null

2018-12-12 18:43:47 - [TEST_STEP][PASSED] - Statement - PreSaveFile = new java.io.File(((pathPrefix + java.lang.Integer.toString(counter)) + .png)): null

2018-12-12 18:43:47 - [TEST_STEP][PASSED] - Statement - counter = counter + 1: null

2018-12-12 18:43:47 - [TEST_STEP][PASSED] - Statement - PreSaveFile = new java.io.File(((pathPrefix + java.lang.Integer.toString(counter)) + .png)): null

2018-12-12 18:43:47 - [TEST_STEP][PASSED] - Statement - counter = counter + 1: null

2018-12-12 18:43:47 - [TEST_STEP][PASSED] - Statement - PreSaveFile = new java.io.File(((pathPrefix + java.lang.Integer.toString(counter)) + .png)): null

2018-12-12 18:43:47 - [TEST_STEP][PASSED] - Statement - finalPath = pathPrefix + java.lang.Integer.toString(counter) + ".png": null

2018-12-12 18:43:47 - [TEST_STEP][PASSED] - Statement - SaveFile = new java.io.File(finalPath): null

2018-12-12 18:43:47 - [TEST_STEP][PASSED] - Statement - Try: null

2018-12-12 18:43:47 - [TEST_STEP][PASSED] - Statement - org.apache.commons.io.FileUtils.copyFile(scrFile, SaveFile): null

2018-12-12 18:43:47 - [TEST_STEP][PASSED] - Statement - out.println("file kept"): null

2018-12-12 18:43:47 - [TEST_STEP][PASSED] - delay: Delayed 10 second(s)

2018-12-12 18:43:57 - [MESSAGE][PASSED] - Delayed 10 second(s)

2018-12-12 18:43:57 - [MESSAGE][FAILED] - Unable to call Test Case with id 'Test Cases/Final Aug 2018 - PKS Automation/Registration Module/New Registration/Submit and Screenshot/Submit Registration and Screenshot' (Root cause: Call Test Case 'Test Cases/Final Aug 2018 - PKS Automation/Registration Module/New Registration/Submit and Screenshot/Submit Registration and Screenshot' failed)]]></system-out>
         <system-err><![CDATA[2018-12-12 18:28:16 - [TEST_CASE][FAILED] - Test Cases/Final Aug 2018 - PKS Automation/Registration Module/Workflow/New Registration/Case OTC to RO - Query - Submit: Test Cases/Final Aug 2018 - PKS Automation/Registration Module/Workflow/New Registration/Case OTC to RO - Query - Submit FAILED because (of) (Stack trace: com.kms.katalon.core.exception.StepFailedException: Unable to set text 'CRN12201800123226' of object 'Object Repository/Final Object Repo/New Registration - Registration Module Pages/New Reg - OTC to RO/Special Case - All Related Objects/TextBox RefNo in Workbasket' (Root cause: org.openqa.selenium.ElementNotVisibleException: element not interactable
  (Session info: chrome=70.0.3538.110)
  (Driver info: chromedriver=2.43.600210 (68dcf5eebde37173d4027fa8635e332711d2874a),platform=Windows NT 6.1.7601 SP1 x86_64) (WARNING: The server did not provide any stacktrace information)
Command duration or timeout: 0 milliseconds
Build info: version: '3.7.1', revision: '8a0099a', time: '2017-11-06T21:07:36.161Z'
System info: host: 'WIN7TEST02', ip: '10.20.3.72', os.name: 'Windows 7', os.arch: 'amd64', os.version: '6.1', java.version: '1.8.0_181'
Driver info: com.kms.katalon.selenium.driver.CChromeDriver
Capabilities {acceptInsecureCerts: false, acceptSslCerts: false, applicationCacheEnabled: false, browserConnectionEnabled: false, browserName: chrome, chrome: {chromedriverVersion: 2.43.600210 (68dcf5eebde371..., userDataDir: C:\Users\Admin\AppData\Loca...}, cssSelectorsEnabled: true, databaseEnabled: false, goog:chromeOptions: {debuggerAddress: localhost:54891}, handlesAlerts: true, hasTouchScreen: false, javascriptEnabled: true, locationContextEnabled: true, mobileEmulationEnabled: false, nativeEvents: true, networkConnectionEnabled: false, pageLoadStrategy: normal, platform: XP, platformName: XP, rotatable: false, setWindowRect: true, takesHeapSnapshot: true, takesScreenshot: true, unexpectedAlertBehaviour: , unhandledPromptBehavior: , version: 70.0.3538.110, webStorageEnabled: true}
Session ID: 4a710ec880aba4923aa41e4236e18687)
	at com.kms.katalon.core.keyword.internal.KeywordMain.stepFailed(KeywordMain.groovy:32)
	at com.kms.katalon.core.webui.keyword.internal.WebUIKeywordMain.stepFailed(WebUIKeywordMain.groovy:65)
	at com.kms.katalon.core.webui.keyword.internal.WebUIKeywordMain.runKeyword(WebUIKeywordMain.groovy:27)
	at com.kms.katalon.core.webui.keyword.builtin.SetTextKeyword.setText(SetTextKeyword.groovy:65)
	at com.kms.katalon.core.webui.keyword.builtin.SetTextKeyword.execute(SetTextKeyword.groovy:37)
	at com.kms.katalon.core.keyword.internal.KeywordExecutor.executeKeywordForPlatform(KeywordExecutor.groovy:53)
	at com.kms.katalon.core.webui.keyword.WebUiBuiltInKeywords.setText(WebUiBuiltInKeywords.groovy:950)
	at com.kms.katalon.core.webui.keyword.WebUiBuiltInKeywords$setText$1.call(Unknown Source)
	at org.codehaus.groovy.runtime.callsite.CallSiteArray.defaultCall(CallSiteArray.java:48)
	at org.codehaus.groovy.runtime.callsite.AbstractCallSite.call(AbstractCallSite.java:113)
	at org.codehaus.groovy.runtime.callsite.AbstractCallSite.call(AbstractCallSite.java:133)
	at Script1535599386194.run(Script1535599386194.groovy:73)
	at com.kms.katalon.core.main.ScriptEngine.run(ScriptEngine.java:183)
	at com.kms.katalon.core.main.ScriptEngine.runScriptAsRawText(ScriptEngine.java:108)
	at com.kms.katalon.core.main.TestCaseExecutor.runScript(TestCaseExecutor.java:294)
	at com.kms.katalon.core.main.TestCaseExecutor.doExecute(TestCaseExecutor.java:285)
	at com.kms.katalon.core.main.TestCaseExecutor.processExecutionPhase(TestCaseExecutor.java:264)
	at com.kms.katalon.core.main.TestCaseExecutor.accessMainPhase(TestCaseExecutor.java:256)
	at com.kms.katalon.core.main.TestCaseExecutor.execute(TestCaseExecutor.java:200)
	at com.kms.katalon.core.main.TestSuiteExecutor.accessTestCaseMainPhase(TestSuiteExecutor.java:129)
	at com.kms.katalon.core.main.TestSuiteExecutor.accessTestSuiteMainPhase(TestSuiteExecutor.java:112)
	at com.kms.katalon.core.main.TestSuiteExecutor.execute(TestSuiteExecutor.java:81)
	at com.kms.katalon.core.main.TestCaseMain.startTestSuite(TestCaseMain.java:142)
	at com.kms.katalon.core.main.TestCaseMain$startTestSuite$0.call(Unknown Source)
	at org.codehaus.groovy.runtime.callsite.CallSiteArray.defaultCall(CallSiteArray.java:48)
	at org.codehaus.groovy.runtime.callsite.AbstractCallSite.call(AbstractCallSite.java:113)
	at org.codehaus.groovy.runtime.callsite.AbstractCallSite.call(AbstractCallSite.java:141)
	at TempTestSuite1544598049714.run(TempTestSuite1544598049714.groovy:36)
	at groovy.lang.GroovyShell.runScriptOrMainOrTestOrRunnable(GroovyShell.java:263)
	at groovy.lang.GroovyShell.run(GroovyShell.java:518)
	at groovy.lang.GroovyShell.run(GroovyShell.java:507)
	at groovy.ui.GroovyMain.processOnce(GroovyMain.java:653)
	at groovy.ui.GroovyMain.run(GroovyMain.java:384)
	at groovy.ui.GroovyMain.process(GroovyMain.java:370)
	at groovy.ui.GroovyMain.processArgs(GroovyMain.java:129)
	at groovy.ui.GroovyMain.main(GroovyMain.java:109)
	at sun.reflect.NativeMethodAccessorImpl.invoke0(Native Method)
	at sun.reflect.NativeMethodAccessorImpl.invoke(NativeMethodAccessorImpl.java:62)
	at sun.reflect.DelegatingMethodAccessorImpl.invoke(DelegatingMethodAccessorImpl.java:43)
	at java.lang.reflect.Method.invoke(Method.java:498)
	at org.codehaus.groovy.tools.GroovyStarter.rootLoader(GroovyStarter.java:109)
	at org.codehaus.groovy.tools.GroovyStarter.main(GroovyStarter.java:131)
)]]></system-err>
      </testcase>
      <testcase name="Test Cases/Final Aug 2018 - PKS Automation/Registration Module/Workflow/New Registration/Case OTC to RO - RO Submit" classname="Test Cases/Final Aug 2018 - PKS Automation/Registration Module/Workflow/New Registration/Case OTC to RO - RO Submit" status="FAILED">
         <failure type="FAILED" message="(Stack trace: com.kms.katalon.core.exception.StepFailedException: Unable to set text 'CRN12201800123227' of object 'Object Repository/Final Object Repo/New Registration - Registration Module Pages/New Reg - OTC to RO/Special Case - All Related Objects/TextBox RefNo in Workbasket' (Root cause: org.openqa.selenium.ElementNotVisibleException: element not interactable
  (Session info: chrome=70.0.3538.110)
  (Driver info: chromedriver=2.43.600210 (68dcf5eebde37173d4027fa8635e332711d2874a),platform=Windows NT 6.1.7601 SP1 x86_64) (WARNING: The server did not provide any stacktrace information)
Command duration or timeout: 0 milliseconds
Build info: version: '3.7.1', revision: '8a0099a', time: '2017-11-06T21:07:36.161Z'
System info: host: 'WIN7TEST02', ip: '10.20.3.72', os.name: 'Windows 7', os.arch: 'amd64', os.version: '6.1', java.version: '1.8.0_181'
Driver info: com.kms.katalon.selenium.driver.CChromeDriver
Capabilities {acceptInsecureCerts: false, acceptSslCerts: false, applicationCacheEnabled: false, browserConnectionEnabled: false, browserName: chrome, chrome: {chromedriverVersion: 2.43.600210 (68dcf5eebde371..., userDataDir: C:\Users\Admin\AppData\Loca...}, cssSelectorsEnabled: true, databaseEnabled: false, goog:chromeOptions: {debuggerAddress: localhost:55040}, handlesAlerts: true, hasTouchScreen: false, javascriptEnabled: true, locationContextEnabled: true, mobileEmulationEnabled: false, nativeEvents: true, networkConnectionEnabled: false, pageLoadStrategy: normal, platform: XP, platformName: XP, rotatable: false, setWindowRect: true, takesHeapSnapshot: true, takesScreenshot: true, unexpectedAlertBehaviour: , unhandledPromptBehavior: , version: 70.0.3538.110, webStorageEnabled: true}
Session ID: 6de0327e30c47b16186df7d83c485267)
	at com.kms.katalon.core.keyword.internal.KeywordMain.stepFailed(KeywordMain.groovy:32)
	at com.kms.katalon.core.webui.keyword.internal.WebUIKeywordMain.stepFailed(WebUIKeywordMain.groovy:65)
	at com.kms.katalon.core.webui.keyword.internal.WebUIKeywordMain.runKeyword(WebUIKeywordMain.groovy:27)
	at com.kms.katalon.core.webui.keyword.builtin.SetTextKeyword.setText(SetTextKeyword.groovy:65)
	at com.kms.katalon.core.webui.keyword.builtin.SetTextKeyword.execute(SetTextKeyword.groovy:37)
	at com.kms.katalon.core.keyword.internal.KeywordExecutor.executeKeywordForPlatform(KeywordExecutor.groovy:53)
	at com.kms.katalon.core.webui.keyword.WebUiBuiltInKeywords.setText(WebUiBuiltInKeywords.groovy:950)
	at com.kms.katalon.core.webui.keyword.WebUiBuiltInKeywords$setText$1.call(Unknown Source)
	at org.codehaus.groovy.runtime.callsite.CallSiteArray.defaultCall(CallSiteArray.java:48)
	at org.codehaus.groovy.runtime.callsite.AbstractCallSite.call(AbstractCallSite.java:113)
	at org.codehaus.groovy.runtime.callsite.AbstractCallSite.call(AbstractCallSite.java:133)
	at Script1535599379320.run(Script1535599379320.groovy:73)
	at com.kms.katalon.core.main.ScriptEngine.run(ScriptEngine.java:183)
	at com.kms.katalon.core.main.ScriptEngine.runScriptAsRawText(ScriptEngine.java:108)
	at com.kms.katalon.core.main.TestCaseExecutor.runScript(TestCaseExecutor.java:294)
	at com.kms.katalon.core.main.TestCaseExecutor.doExecute(TestCaseExecutor.java:285)
	at com.kms.katalon.core.main.TestCaseExecutor.processExecutionPhase(TestCaseExecutor.java:264)
	at com.kms.katalon.core.main.TestCaseExecutor.accessMainPhase(TestCaseExecutor.java:256)
	at com.kms.katalon.core.main.TestCaseExecutor.execute(TestCaseExecutor.java:200)
	at com.kms.katalon.core.main.TestSuiteExecutor.accessTestCaseMainPhase(TestSuiteExecutor.java:129)
	at com.kms.katalon.core.main.TestSuiteExecutor.accessTestSuiteMainPhase(TestSuiteExecutor.java:112)
	at com.kms.katalon.core.main.TestSuiteExecutor.execute(TestSuiteExecutor.java:81)
	at com.kms.katalon.core.main.TestCaseMain.startTestSuite(TestCaseMain.java:142)
	at com.kms.katalon.core.main.TestCaseMain$startTestSuite$0.call(Unknown Source)
	at org.codehaus.groovy.runtime.callsite.CallSiteArray.defaultCall(CallSiteArray.java:48)
	at org.codehaus.groovy.runtime.callsite.AbstractCallSite.call(AbstractCallSite.java:113)
	at org.codehaus.groovy.runtime.callsite.AbstractCallSite.call(AbstractCallSite.java:141)
	at TempTestSuite1544598049714.run(TempTestSuite1544598049714.groovy:36)
	at groovy.lang.GroovyShell.runScriptOrMainOrTestOrRunnable(GroovyShell.java:263)
	at groovy.lang.GroovyShell.run(GroovyShell.java:518)
	at groovy.lang.GroovyShell.run(GroovyShell.java:507)
	at groovy.ui.GroovyMain.processOnce(GroovyMain.java:653)
	at groovy.ui.GroovyMain.run(GroovyMain.java:384)
	at groovy.ui.GroovyMain.process(GroovyMain.java:370)
	at groovy.ui.GroovyMain.processArgs(GroovyMain.java:129)
	at groovy.ui.GroovyMain.main(GroovyMain.java:109)
	at sun.reflect.NativeMethodAccessorImpl.invoke0(Native Method)
	at sun.reflect.NativeMethodAccessorImpl.invoke(NativeMethodAccessorImpl.java:62)
	at sun.reflect.DelegatingMethodAccessorImpl.invoke(DelegatingMethodAccessorImpl.java:43)
	at java.lang.reflect.Method.invoke(Method.java:498)
	at org.codehaus.groovy.tools.GroovyStarter.rootLoader(GroovyStarter.java:109)
	at org.codehaus.groovy.tools.GroovyStarter.main(GroovyStarter.java:131)
)"/>
         <system-out><![CDATA[2018-12-12 18:43:57 - [TEST_CASE][FAILED] - Test Cases/Final Aug 2018 - PKS Automation/Registration Module/Workflow/New Registration/Case OTC to RO - RO Submit: Test Cases/Final Aug 2018 - PKS Automation/Registration Module/Workflow/New Registration/Case OTC to RO - RO Submit FAILED because (of) (Stack trace: com.kms.katalon.core.exception.StepFailedException: Unable to set text 'CRN12201800123227' of object 'Object Repository/Final Object Repo/New Registration - Registration Module Pages/New Reg - OTC to RO/Special Case - All Related Objects/TextBox RefNo in Workbasket' (Root cause: org.openqa.selenium.ElementNotVisibleException: element not interactable
  (Session info: chrome=70.0.3538.110)
  (Driver info: chromedriver=2.43.600210 (68dcf5eebde37173d4027fa8635e332711d2874a),platform=Windows NT 6.1.7601 SP1 x86_64) (WARNING: The server did not provide any stacktrace information)
Command duration or timeout: 0 milliseconds
Build info: version: '3.7.1', revision: '8a0099a', time: '2017-11-06T21:07:36.161Z'
System info: host: 'WIN7TEST02', ip: '10.20.3.72', os.name: 'Windows 7', os.arch: 'amd64', os.version: '6.1', java.version: '1.8.0_181'
Driver info: com.kms.katalon.selenium.driver.CChromeDriver
Capabilities {acceptInsecureCerts: false, acceptSslCerts: false, applicationCacheEnabled: false, browserConnectionEnabled: false, browserName: chrome, chrome: {chromedriverVersion: 2.43.600210 (68dcf5eebde371..., userDataDir: C:\Users\Admin\AppData\Loca...}, cssSelectorsEnabled: true, databaseEnabled: false, goog:chromeOptions: {debuggerAddress: localhost:55040}, handlesAlerts: true, hasTouchScreen: false, javascriptEnabled: true, locationContextEnabled: true, mobileEmulationEnabled: false, nativeEvents: true, networkConnectionEnabled: false, pageLoadStrategy: normal, platform: XP, platformName: XP, rotatable: false, setWindowRect: true, takesHeapSnapshot: true, takesScreenshot: true, unexpectedAlertBehaviour: , unhandledPromptBehavior: , version: 70.0.3538.110, webStorageEnabled: true}
Session ID: 6de0327e30c47b16186df7d83c485267)
	at com.kms.katalon.core.keyword.internal.KeywordMain.stepFailed(KeywordMain.groovy:32)
	at com.kms.katalon.core.webui.keyword.internal.WebUIKeywordMain.stepFailed(WebUIKeywordMain.groovy:65)
	at com.kms.katalon.core.webui.keyword.internal.WebUIKeywordMain.runKeyword(WebUIKeywordMain.groovy:27)
	at com.kms.katalon.core.webui.keyword.builtin.SetTextKeyword.setText(SetTextKeyword.groovy:65)
	at com.kms.katalon.core.webui.keyword.builtin.SetTextKeyword.execute(SetTextKeyword.groovy:37)
	at com.kms.katalon.core.keyword.internal.KeywordExecutor.executeKeywordForPlatform(KeywordExecutor.groovy:53)
	at com.kms.katalon.core.webui.keyword.WebUiBuiltInKeywords.setText(WebUiBuiltInKeywords.groovy:950)
	at com.kms.katalon.core.webui.keyword.WebUiBuiltInKeywords$setText$1.call(Unknown Source)
	at org.codehaus.groovy.runtime.callsite.CallSiteArray.defaultCall(CallSiteArray.java:48)
	at org.codehaus.groovy.runtime.callsite.AbstractCallSite.call(AbstractCallSite.java:113)
	at org.codehaus.groovy.runtime.callsite.AbstractCallSite.call(AbstractCallSite.java:133)
	at Script1535599379320.run(Script1535599379320.groovy:73)
	at com.kms.katalon.core.main.ScriptEngine.run(ScriptEngine.java:183)
	at com.kms.katalon.core.main.ScriptEngine.runScriptAsRawText(ScriptEngine.java:108)
	at com.kms.katalon.core.main.TestCaseExecutor.runScript(TestCaseExecutor.java:294)
	at com.kms.katalon.core.main.TestCaseExecutor.doExecute(TestCaseExecutor.java:285)
	at com.kms.katalon.core.main.TestCaseExecutor.processExecutionPhase(TestCaseExecutor.java:264)
	at com.kms.katalon.core.main.TestCaseExecutor.accessMainPhase(TestCaseExecutor.java:256)
	at com.kms.katalon.core.main.TestCaseExecutor.execute(TestCaseExecutor.java:200)
	at com.kms.katalon.core.main.TestSuiteExecutor.accessTestCaseMainPhase(TestSuiteExecutor.java:129)
	at com.kms.katalon.core.main.TestSuiteExecutor.accessTestSuiteMainPhase(TestSuiteExecutor.java:112)
	at com.kms.katalon.core.main.TestSuiteExecutor.execute(TestSuiteExecutor.java:81)
	at com.kms.katalon.core.main.TestCaseMain.startTestSuite(TestCaseMain.java:142)
	at com.kms.katalon.core.main.TestCaseMain$startTestSuite$0.call(Unknown Source)
	at org.codehaus.groovy.runtime.callsite.CallSiteArray.defaultCall(CallSiteArray.java:48)
	at org.codehaus.groovy.runtime.callsite.AbstractCallSite.call(AbstractCallSite.java:113)
	at org.codehaus.groovy.runtime.callsite.AbstractCallSite.call(AbstractCallSite.java:141)
	at TempTestSuite1544598049714.run(TempTestSuite1544598049714.groovy:36)
	at groovy.lang.GroovyShell.runScriptOrMainOrTestOrRunnable(GroovyShell.java:263)
	at groovy.lang.GroovyShell.run(GroovyShell.java:518)
	at groovy.lang.GroovyShell.run(GroovyShell.java:507)
	at groovy.ui.GroovyMain.processOnce(GroovyMain.java:653)
	at groovy.ui.GroovyMain.run(GroovyMain.java:384)
	at groovy.ui.GroovyMain.process(GroovyMain.java:370)
	at groovy.ui.GroovyMain.processArgs(GroovyMain.java:129)
	at groovy.ui.GroovyMain.main(GroovyMain.java:109)
	at sun.reflect.NativeMethodAccessorImpl.invoke0(Native Method)
	at sun.reflect.NativeMethodAccessorImpl.invoke(NativeMethodAccessorImpl.java:62)
	at sun.reflect.DelegatingMethodAccessorImpl.invoke(DelegatingMethodAccessorImpl.java:43)
	at java.lang.reflect.Method.invoke(Method.java:498)
	at org.codehaus.groovy.tools.GroovyStarter.rootLoader(GroovyStarter.java:109)
	at org.codehaus.groovy.tools.GroovyStarter.main(GroovyStarter.java:131)
)

2018-12-12 18:43:57 - [TEST_STEP][PASSED] - callTestCase: Call Test Case 'Test Cases/Final Aug 2018 - PKS Automation/Registration Module/Workflow/New Registration/Template/Special Case - OTC - Form 1' successfully

2018-12-12 18:43:58 - [TEST_CASE][PASSED] - Test Cases/Final Aug 2018 - PKS Automation/Registration Module/Workflow/New Registration/Template/Special Case - OTC - Form 1: Test Cases/Final Aug 2018 - PKS Automation/Registration Module/Workflow/New Registration/Template/Special Case - OTC - Form 1

2018-12-12 18:43:58 - [TEST_STEP][PASSED] - openBrowser: Browser is opened with url: ''

2018-12-12 18:43:58 - [MESSAGE][WARNING] - A browser is already opened. Closing browser and opening a new one

2018-12-12 18:44:01 - [MESSAGE][PASSED] - Browser is opened with url: ''

2018-12-12 18:44:01 - [TEST_STEP][PASSED] - navigateToUrl: Navigate to 'https://assist2-uat.perkeso.gov.my/login' successfully

2018-12-12 18:44:03 - [MESSAGE][PASSED] - Navigate to 'https://assist2-uat.perkeso.gov.my/login' successfully

2018-12-12 18:44:03 - [TEST_STEP][PASSED] - delay: Delayed 2 second(s)

2018-12-12 18:44:05 - [MESSAGE][PASSED] - Delayed 2 second(s)

2018-12-12 18:44:05 - [TEST_STEP][PASSED] - setText: Text 'klotc2@gmail.com' is set on object 'Object Repository/Final Object Repo/Login Page/Internal User/Email Address'

2018-12-12 18:44:05 - [MESSAGE][PASSED] - Text 'klotc2@gmail.com' is set on object 'Object Repository/Final Object Repo/Login Page/Internal User/Email Address'

2018-12-12 18:44:05 - [TEST_STEP][PASSED] - click: Object: 'Object Repository/Final Object Repo/Login Page/Internal User/Next Button' is clicked on

2018-12-12 18:44:05 - [MESSAGE][PASSED] - Object: 'Object Repository/Final Object Repo/Login Page/Internal User/Next Button' is clicked on

2018-12-12 18:44:05 - [TEST_STEP][PASSED] - delay: Delayed 2 second(s)

2018-12-12 18:44:07 - [MESSAGE][PASSED] - Delayed 2 second(s)

2018-12-12 18:44:07 - [TEST_STEP][PASSED] - setText: Text 'Test1@3456789' is set on object 'Object Repository/Final Object Repo/Login Page/Internal User/Password'

2018-12-12 18:44:07 - [MESSAGE][PASSED] - Text 'Test1@3456789' is set on object 'Object Repository/Final Object Repo/Login Page/Internal User/Password'

2018-12-12 18:44:07 - [TEST_STEP][PASSED] - delay: Delayed 2 second(s)

2018-12-12 18:44:09 - [MESSAGE][PASSED] - Delayed 2 second(s)

2018-12-12 18:44:09 - [TEST_STEP][PASSED] - click: Object: 'Object Repository/Final Object Repo/Login Page/Internal User/Login Button' is clicked on

2018-12-12 18:44:10 - [MESSAGE][PASSED] - Object: 'Object Repository/Final Object Repo/Login Page/Internal User/Login Button' is clicked on

2018-12-12 18:44:10 - [TEST_STEP][PASSED] - Statement - Try: null

2018-12-12 18:44:10 - [TEST_STEP][PASSED] - Statement - Checker = com.kms.katalon.core.webui.keyword.WebUiBuiltInKeywords.verifyElementNotPresent("Final Object Repo/Landing Page/Select to English", 3): null

2018-12-12 18:44:10 - [TEST_STEP][PASSED] - Statement - Catch (Exception e): null

2018-12-12 18:44:10 - [TEST_STEP][PASSED] - Statement - e.printStackTrace(): null

2018-12-12 18:44:10 - [TEST_STEP][PASSED] - delay: Delayed 5 second(s)

2018-12-12 18:44:15 - [MESSAGE][PASSED] - Delayed 5 second(s)

2018-12-12 18:44:15 - [TEST_STEP][PASSED] - click: Object: 'Object Repository/Final Object Repo/Landing Page/My Sites Drop Down' is clicked on

2018-12-12 18:44:15 - [MESSAGE][PASSED] - Object: 'Object Repository/Final Object Repo/Landing Page/My Sites Drop Down' is clicked on

2018-12-12 18:44:15 - [TEST_STEP][PASSED] - click: Object: 'Object Repository/Final Object Repo/Landing Page/Select to Registration Module' is clicked on

2018-12-12 18:44:16 - [MESSAGE][PASSED] - Object: 'Object Repository/Final Object Repo/Landing Page/Select to Registration Module' is clicked on

2018-12-12 18:44:16 - [TEST_STEP][PASSED] - click: Object: 'Object Repository/Final Object Repo/Landing Page/Registration Button' is clicked on

2018-12-12 18:44:17 - [MESSAGE][PASSED] - Object: 'Object Repository/Final Object Repo/Landing Page/Registration Button' is clicked on

2018-12-12 18:44:17 - [TEST_STEP][PASSED] - delay: Delayed 2 second(s)

2018-12-12 18:44:19 - [MESSAGE][PASSED] - Delayed 2 second(s)

2018-12-12 18:44:19 - [TEST_STEP][PASSED] - click: Object: 'Object Repository/Final Object Repo/New Registration - Registration Module Pages/New Reg - OTC to RO/Special Case - OTC - Form 1/AEC NO' is clicked on

2018-12-12 18:44:19 - [MESSAGE][PASSED] - Object: 'Object Repository/Final Object Repo/New Registration - Registration Module Pages/New Reg - OTC to RO/Special Case - OTC - Form 1/AEC NO' is clicked on

2018-12-12 18:44:19 - [TEST_STEP][PASSED] - click: Object: 'Object Repository/Final Object Repo/New Registration - Registration Module Pages/New Reg - OTC to RO/Special Case - OTC - Form 1/Business Entity - Please Select' is clicked on

2018-12-12 18:44:19 - [MESSAGE][PASSED] - Object: 'Object Repository/Final Object Repo/New Registration - Registration Module Pages/New Reg - OTC to RO/Special Case - OTC - Form 1/Business Entity - Please Select' is clicked on

2018-12-12 18:44:19 - [TEST_STEP][PASSED] - click: Object: 'Object Repository/Final Object Repo/New Registration - Registration Module Pages/New Reg - OTC to RO/Special Case - OTC - Form 1/Selected - Corporation' is clicked on

2018-12-12 18:44:20 - [MESSAGE][PASSED] - Object: 'Object Repository/Final Object Repo/New Registration - Registration Module Pages/New Reg - OTC to RO/Special Case - OTC - Form 1/Selected - Corporation' is clicked on

2018-12-12 18:44:20 - [TEST_STEP][PASSED] - delay: Delayed 2 second(s)

2018-12-12 18:44:22 - [MESSAGE][PASSED] - Delayed 2 second(s)

2018-12-12 18:44:22 - [TEST_STEP][PASSED] - click: Object: 'Object Repository/Final Object Repo/New Registration - Registration Module Pages/New Reg - OTC to RO/Special Case - OTC - Form 1/Sub Business Entity - Please Select' is clicked on

2018-12-12 18:44:22 - [MESSAGE][PASSED] - Object: 'Object Repository/Final Object Repo/New Registration - Registration Module Pages/New Reg - OTC to RO/Special Case - OTC - Form 1/Sub Business Entity - Please Select' is clicked on

2018-12-12 18:44:22 - [TEST_STEP][PASSED] - delay: Delayed 2 second(s)

2018-12-12 18:44:24 - [MESSAGE][PASSED] - Delayed 2 second(s)

2018-12-12 18:44:24 - [TEST_STEP][PASSED] - click: Object: 'Object Repository/Final Object Repo/New Registration - Registration Module Pages/New Reg - OTC to RO/Special Case - OTC - Form 1/Selected - Sendirian Berhad' is clicked on

2018-12-12 18:44:24 - [MESSAGE][PASSED] - Object: 'Object Repository/Final Object Repo/New Registration - Registration Module Pages/New Reg - OTC to RO/Special Case - OTC - Form 1/Selected - Sendirian Berhad' is clicked on

2018-12-12 18:44:24 - [TEST_STEP][PASSED] - setText: Text 'AUTOMATE001' is set on object 'Object Repository/Final Object Repo/New Registration - Registration Module Pages/New Reg - OTC to RO/Special Case - OTC - Form 1/Input BRN Number'

2018-12-12 18:44:25 - [MESSAGE][PASSED] - Text 'AUTOMATE001' is set on object 'Object Repository/Final Object Repo/New Registration - Registration Module Pages/New Reg - OTC to RO/Special Case - OTC - Form 1/Input BRN Number'

2018-12-12 18:44:25 - [TEST_STEP][PASSED] - delay: Delayed 2 second(s)

2018-12-12 18:44:27 - [MESSAGE][PASSED] - Delayed 2 second(s)

2018-12-12 18:44:27 - [TEST_STEP][PASSED] - click: Object: 'Object Repository/Final Object Repo/New Registration - Registration Module Pages/New Reg - OTC to RO/Special Case - OTC - Form 1/BRN Search' is clicked on

2018-12-12 18:44:27 - [MESSAGE][PASSED] - Object: 'Object Repository/Final Object Repo/New Registration - Registration Module Pages/New Reg - OTC to RO/Special Case - OTC - Form 1/BRN Search' is clicked on

2018-12-12 18:44:27 - [TEST_STEP][PASSED] - delay: Delayed 4 second(s)

2018-12-12 18:44:31 - [MESSAGE][PASSED] - Delayed 4 second(s)

2018-12-12 18:44:31 - [TEST_STEP][PASSED] - click: Object: 'Object Repository/Final Object Repo/New Registration - Registration Module Pages/New Reg - OTC to RO/Special Case - OTC - Form 1/Registered with SSM - After Feb 2017' is clicked on

2018-12-12 18:44:31 - [MESSAGE][PASSED] - Object: 'Object Repository/Final Object Repo/New Registration - Registration Module Pages/New Reg - OTC to RO/Special Case - OTC - Form 1/Registered with SSM - After Feb 2017' is clicked on

2018-12-12 18:44:31 - [TEST_STEP][PASSED] - delay: Delayed 2 second(s)

2018-12-12 18:44:33 - [MESSAGE][PASSED] - Delayed 2 second(s)

2018-12-12 18:44:33 - [TEST_STEP][PASSED] - click: Object: 'Object Repository/Final Object Repo/New Registration - Registration Module Pages/New Reg - OTC to RO/Special Case - OTC - Form 1/Registering As A Branch - No' is clicked on

2018-12-12 18:44:33 - [MESSAGE][PASSED] - Object: 'Object Repository/Final Object Repo/New Registration - Registration Module Pages/New Reg - OTC to RO/Special Case - OTC - Form 1/Registering As A Branch - No' is clicked on

2018-12-12 18:44:33 - [TEST_STEP][PASSED] - click: Object: 'Object Repository/Final Object Repo/New Registration - Registration Module Pages/New Reg - OTC to RO/Special Case - OTC - Form 1/Acknowledgement Ticked' is clicked on

2018-12-12 18:44:33 - [MESSAGE][PASSED] - Object: 'Object Repository/Final Object Repo/New Registration - Registration Module Pages/New Reg - OTC to RO/Special Case - OTC - Form 1/Acknowledgement Ticked' is clicked on

2018-12-12 18:44:33 - [TEST_STEP][PASSED] - click: Object: 'Object Repository/Final Object Repo/New Registration - Registration Module Pages/New Reg - OTC to RO/Special Case - OTC - Form 1/Submit Button' is clicked on

2018-12-12 18:44:34 - [MESSAGE][PASSED] - Object: 'Object Repository/Final Object Repo/New Registration - Registration Module Pages/New Reg - OTC to RO/Special Case - OTC - Form 1/Submit Button' is clicked on

2018-12-12 18:44:34 - [TEST_STEP][PASSED] - delay: Delayed 2 second(s)

2018-12-12 18:44:36 - [MESSAGE][PASSED] - Delayed 2 second(s)

2018-12-12 18:44:36 - [TEST_STEP][PASSED] - click: Object: 'Object Repository/Final Object Repo/New Registration - Registration Module Pages/New Reg - OTC to RO/Special Case - OTC - Form 1/Confirm No Flagging as Branch' is clicked on

2018-12-12 18:44:36 - [MESSAGE][PASSED] - Object: 'Object Repository/Final Object Repo/New Registration - Registration Module Pages/New Reg - OTC to RO/Special Case - OTC - Form 1/Confirm No Flagging as Branch' is clicked on

2018-12-12 18:44:36 - [MESSAGE][PASSED] - Call Test Case 'Test Cases/Final Aug 2018 - PKS Automation/Registration Module/Workflow/New Registration/Template/Special Case - OTC - Form 1' successfully

2018-12-12 18:44:36 - [TEST_STEP][PASSED] - callTestCase: Call Test Case 'Test Cases/Final Aug 2018 - PKS Automation/Registration Module/New Registration/Form 2/Add 1 Eligible' successfully

2018-12-12 18:44:36 - [TEST_CASE][PASSED] - Test Cases/Final Aug 2018 - PKS Automation/Registration Module/New Registration/Form 2/Add 1 Eligible: Test Cases/Final Aug 2018 - PKS Automation/Registration Module/New Registration/Form 2/Add 1 Eligible

2018-12-12 18:44:36 - [TEST_STEP][PASSED] - delay: Delayed 2 second(s)

2018-12-12 18:44:38 - [MESSAGE][PASSED] - Delayed 2 second(s)

2018-12-12 18:44:38 - [TEST_STEP][PASSED] - callTestCase: Call Test Case 'Test Cases/Final Aug 2018 - PKS Automation/Registration Module/New Registration/Form 2/Date Updater' successfully

2018-12-12 18:44:38 - [TEST_CASE][PASSED] - Test Cases/Final Aug 2018 - PKS Automation/Registration Module/New Registration/Form 2/Date Updater: Test Cases/Final Aug 2018 - PKS Automation/Registration Module/New Registration/Form 2/Date Updater

2018-12-12 18:44:38 - [TEST_STEP][PASSED] - Statement - TodayDate = new java.util.Date(): null

2018-12-12 18:44:38 - [TEST_STEP][PASSED] - Statement - CurrentDateNoFilter = new java.text.SimpleDateFormat(): null

2018-12-12 18:44:38 - [TEST_STEP][PASSED] - Statement - CurrentDateNoFilter.applyPattern("MM"): null

2018-12-12 18:44:38 - [TEST_STEP][PASSED] - Statement - monthContainerMatcher = java.lang.Integer.parseInt(CurrentDateNoFilter.format(TodayDate)): null

2018-12-12 18:44:38 - [TEST_STEP][PASSED] - Statement - monthContainerMatcher = monthContainerMatcher - 1: null

2018-12-12 18:44:38 - [TEST_STEP][PASSED] - Statement - CurrentMonth = monthContainerMatcher.toString(): null

2018-12-12 18:44:38 - [TEST_STEP][PASSED] - Statement - CurrentMonth = CurrentMonth: null

2018-12-12 18:44:38 - [TEST_STEP][PASSED] - Statement - CurrentDateNoFilter.applyPattern("yyyy"): null

2018-12-12 18:44:38 - [TEST_STEP][PASSED] - Statement - CurrentYear = CurrentDateNoFilter.format(TodayDate): null

2018-12-12 18:44:38 - [TEST_STEP][PASSED] - Statement - CurrentYear = CurrentYear: null

2018-12-12 18:44:38 - [TEST_STEP][PASSED] - Statement - intCurrentYear = java.lang.Integer.parseInt(CurrentDateNoFilter.format(TodayDate)): null

2018-12-12 18:44:38 - [TEST_STEP][PASSED] - Statement - eighteenYrsAgo = intCurrentYear - 18: null

2018-12-12 18:44:38 - [TEST_STEP][PASSED] - Statement - eighteenYrsBeforeThisYr = eighteenYrsAgo.toString(): null

2018-12-12 18:44:38 - [TEST_STEP][PASSED] - Statement - EighteenYrsBefore = eighteenYrsBeforeThisYr: null

2018-12-12 18:44:38 - [TEST_STEP][PASSED] - Statement - fiftysevenYrsAgo = intCurrentYear - 57: null

2018-12-12 18:44:38 - [TEST_STEP][PASSED] - Statement - fiftysevenYrsBeforeThisYr = fiftysevenYrsAgo.toString(): null

2018-12-12 18:44:38 - [TEST_STEP][PASSED] - Statement - FiftysevenYrsBefore = fiftysevenYrsBeforeThisYr: null

2018-12-12 18:44:38 - [TEST_STEP][PASSED] - Statement - leapYear = false: null

2018-12-12 18:44:38 - [TEST_STEP][PASSED] - Statement - leapYear = intCurrentYear % 4 == 0: null

2018-12-12 18:44:38 - [TEST_STEP][PASSED] - Statement - CurrentDateNoFilter.applyPattern("dd"): null

2018-12-12 18:44:38 - [TEST_STEP][PASSED] - Statement - CurrentDate = CurrentDateNoFilter.format(TodayDate): null

2018-12-12 18:44:38 - [TEST_STEP][PASSED] - Statement - CurrentDate = java.lang.Integer.parseInt(CurrentDate): null

2018-12-12 18:44:38 - [TEST_STEP][PASSED] - Statement - CurrentDate = CurrentDate: null

2018-12-12 18:44:38 - [TEST_STEP][PASSED] - Statement - CurrentDay = java.lang.Integer.parseInt(CurrentDate): null

2018-12-12 18:44:38 - [TEST_STEP][PASSED] - Statement - ConfAdder = <not implemented yet for class: org.codehaus.groovy.ast.expr.EmptyExpression>: null

2018-12-12 18:44:38 - [TEST_STEP][PASSED] - Statement - out.println(CurrentMonth): null

2018-12-12 18:44:38 - [TEST_STEP][PASSED] - Statement - out.println(CurrentDate): null

2018-12-12 18:44:38 - [TEST_STEP][PASSED] - Statement - switch (CurrentDate): null

2018-12-12 18:44:38 - [TEST_STEP][PASSED] - Statement - Default: null

2018-12-12 18:44:38 - [TEST_STEP][PASSED] - Statement - ConfAdder = true: null

2018-12-12 18:44:38 - [TEST_STEP][PASSED] - Statement - Break: null

2018-12-12 18:44:38 - [TEST_STEP][PASSED] - Statement - aDayBefore = <not implemented yet for class: org.codehaus.groovy.ast.expr.EmptyExpression>: null

2018-12-12 18:44:38 - [TEST_STEP][PASSED] - Statement - out.println(ConfAdder): null

2018-12-12 18:44:38 - [TEST_STEP][PASSED] - Statement - If (ConfAdder == true): null

2018-12-12 18:44:38 - [TEST_STEP][PASSED] - Statement - aDayBefore = CurrentDay + 1: null

2018-12-12 18:44:38 - [TEST_STEP][PASSED] - Statement - out.println(aDayBefore): null

2018-12-12 18:44:38 - [TEST_STEP][PASSED] - Statement - If (aDayBefore == 1 && CurrentMonth == 11): null

2018-12-12 18:44:38 - [TEST_STEP][PASSED] - Statement - DayBefore = aDayBefore.toString(): null

2018-12-12 18:44:38 - [TEST_STEP][PASSED] - Statement - OneDayBefore = DayBefore: null

2018-12-12 18:44:38 - [MESSAGE][PASSED] - Call Test Case 'Test Cases/Final Aug 2018 - PKS Automation/Registration Module/New Registration/Form 2/Date Updater' successfully

2018-12-12 18:44:38 - [TEST_STEP][PASSED] - delay: Delayed 1 second(s)

2018-12-12 18:44:39 - [MESSAGE][PASSED] - Delayed 1 second(s)

2018-12-12 18:44:39 - [TEST_STEP][PASSED] - Statement - CaseReferenceNo = com.kms.katalon.core.webui.keyword.WebUiBuiltInKeywords.getText(com.kms.katalon.core.testobject.ObjectRepository.findTestObject(Final Object Repo/New Registration - Registration Module Pages/Form 2/RefNo Acquiring)): Text of object 'Object Repository/Final Object Repo/New Registration - Registration Module Pages/Form 2/RefNo Acquiring' is: 'CRN12201800123227'

2018-12-12 18:44:39 - [MESSAGE][PASSED] - Text of object 'Object Repository/Final Object Repo/New Registration - Registration Module Pages/Form 2/RefNo Acquiring' is: 'CRN12201800123227'

2018-12-12 18:44:39 - [TEST_STEP][PASSED] - delay: Delayed 1 second(s)

2018-12-12 18:44:40 - [MESSAGE][PASSED] - Delayed 1 second(s)

2018-12-12 18:44:40 - [TEST_STEP][PASSED] - click: Object: 'Object Repository/Final Object Repo/New Registration - Registration Module Pages/Form 2/Add Employee Button' is clicked on

2018-12-12 18:44:40 - [MESSAGE][PASSED] - Object: 'Object Repository/Final Object Repo/New Registration - Registration Module Pages/Form 2/Add Employee Button' is clicked on

2018-12-12 18:44:40 - [TEST_STEP][PASSED] - delay: Delayed 1 second(s)

2018-12-12 18:44:41 - [MESSAGE][PASSED] - Delayed 1 second(s)

2018-12-12 18:44:41 - [TEST_STEP][PASSED] - setText: Text '010903091963' is set on object 'Object Repository/Final Object Repo/New Registration - Registration Module Pages/Form 2/NRIC Input'

2018-12-12 18:44:41 - [MESSAGE][PASSED] - Text '010903091963' is set on object 'Object Repository/Final Object Repo/New Registration - Registration Module Pages/Form 2/NRIC Input'

2018-12-12 18:44:41 - [TEST_STEP][PASSED] - click: Object: 'Object Repository/Final Object Repo/New Registration - Registration Module Pages/Form 2/button for search for IC' is clicked on

2018-12-12 18:44:42 - [MESSAGE][PASSED] - Object: 'Object Repository/Final Object Repo/New Registration - Registration Module Pages/Form 2/button for search for IC' is clicked on

2018-12-12 18:44:42 - [TEST_STEP][PASSED] - delay: Delayed 2 second(s)

2018-12-12 18:44:44 - [MESSAGE][PASSED] - Delayed 2 second(s)

2018-12-12 18:44:44 - [TEST_STEP][PASSED] - setText: Text 'Automate001 eligible 1' is set on object 'Object Repository/Final Object Repo/New Registration - Registration Module Pages/Form 2/Employee Name Input'

2018-12-12 18:44:44 - [MESSAGE][PASSED] - Text 'Automate001 eligible 1' is set on object 'Object Repository/Final Object Repo/New Registration - Registration Module Pages/Form 2/Employee Name Input'

2018-12-12 18:44:44 - [TEST_STEP][PASSED] - delay: Delayed 2 second(s)

2018-12-12 18:44:46 - [MESSAGE][PASSED] - Delayed 2 second(s)

2018-12-12 18:44:46 - [TEST_STEP][PASSED] - click: Object: 'Object Repository/Final Object Repo/New Registration - Registration Module Pages/Form 2/DatePicker Pop Up' is clicked on

2018-12-12 18:44:46 - [MESSAGE][PASSED] - Object: 'Object Repository/Final Object Repo/New Registration - Registration Module Pages/Form 2/DatePicker Pop Up' is clicked on

2018-12-12 18:44:46 - [TEST_STEP][PASSED] - click: Object: 'Object Repository/Final Object Repo/New Registration - Registration Module Pages/Form 2/DOB Month' is clicked on

2018-12-12 18:44:47 - [MESSAGE][PASSED] - Object: 'Object Repository/Final Object Repo/New Registration - Registration Module Pages/Form 2/DOB Month' is clicked on

2018-12-12 18:44:47 - [TEST_STEP][PASSED] - Statement - CurrentMonth = CurrentMonth: null

2018-12-12 18:44:47 - [TEST_STEP][PASSED] - Statement - selectMonth = new com.kms.katalon.core.testobject.TestObject(): null

2018-12-12 18:44:47 - [TEST_STEP][PASSED] - Statement - selectMonth.addProperty("xpath", EQUALS, "//body/div/div/div/select/option[@value='" + CurrentMonth + "']", true): null

2018-12-12 18:44:47 - [TEST_STEP][PASSED] - click: Object: '' is clicked on

2018-12-12 18:44:47 - [MESSAGE][PASSED] - Object: '' is clicked on

2018-12-12 18:44:47 - [TEST_STEP][PASSED] - click: Object: 'Object Repository/Final Object Repo/New Registration - Registration Module Pages/Form 2/DOB Year' is clicked on

2018-12-12 18:44:47 - [MESSAGE][PASSED] - Object: 'Object Repository/Final Object Repo/New Registration - Registration Module Pages/Form 2/DOB Year' is clicked on

2018-12-12 18:44:47 - [TEST_STEP][PASSED] - Statement - Eyearsbf = EighteenYrsBefore: null

2018-12-12 18:44:47 - [TEST_STEP][PASSED] - Statement - selectYear = new com.kms.katalon.core.testobject.TestObject(): null

2018-12-12 18:44:47 - [TEST_STEP][PASSED] - Statement - selectYear.addProperty("xpath", EQUALS, "//div/div/div/select/option[@value='" + Eyearsbf + "']", true): null

2018-12-12 18:44:47 - [TEST_STEP][PASSED] - click: Object: '' is clicked on

2018-12-12 18:44:47 - [MESSAGE][PASSED] - Object: '' is clicked on

2018-12-12 18:44:47 - [TEST_STEP][PASSED] - Statement - UpdatedSelectDate = com.kms.katalon.core.webui.keyword.WebUiBuiltInKeywords.modifyObjectProperty(com.kms.katalon.core.testobject.ObjectRepository.findTestObject(Final Object Repo/New Registration - Registration Module Pages/Form 2/DOB Date), "xpath", "equals", "//body/div/table/tbody/tr/td/a[text()="" + CurrentDate + ""]", true): Modify property of object successfully

2018-12-12 18:44:47 - [MESSAGE][PASSED] - Modify property of object successfully

2018-12-12 18:44:47 - [TEST_STEP][PASSED] - delay: Delayed 3 second(s)

2018-12-12 18:44:50 - [MESSAGE][PASSED] - Delayed 3 second(s)

2018-12-12 18:44:50 - [TEST_STEP][PASSED] - click: Object: 'Object Repository/Final Object Repo/New Registration - Registration Module Pages/Form 2/DOB Date' is clicked on

2018-12-12 18:44:50 - [MESSAGE][PASSED] - Object: 'Object Repository/Final Object Repo/New Registration - Registration Module Pages/Form 2/DOB Date' is clicked on

2018-12-12 18:44:50 - [TEST_STEP][PASSED] - delay: Delayed 2 second(s)

2018-12-12 18:44:52 - [MESSAGE][PASSED] - Delayed 2 second(s)

2018-12-12 18:44:52 - [TEST_STEP][PASSED] - click: Object: 'Object Repository/Final Object Repo/New Registration - Registration Module Pages/Form 2/EmploymentStartDate Pop Up' is clicked on

2018-12-12 18:44:52 - [MESSAGE][PASSED] - Object: 'Object Repository/Final Object Repo/New Registration - Registration Module Pages/Form 2/EmploymentStartDate Pop Up' is clicked on

2018-12-12 18:44:52 - [TEST_STEP][PASSED] - delay: Delayed 2 second(s)

2018-12-12 18:44:54 - [MESSAGE][PASSED] - Delayed 2 second(s)

2018-12-12 18:44:54 - [TEST_STEP][PASSED] - click: Object: 'Object Repository/Final Object Repo/New Registration - Registration Module Pages/Form 2/Socso Employment StartDate Month' is clicked on

2018-12-12 18:44:55 - [MESSAGE][PASSED] - Object: 'Object Repository/Final Object Repo/New Registration - Registration Module Pages/Form 2/Socso Employment StartDate Month' is clicked on

2018-12-12 18:44:55 - [TEST_STEP][PASSED] - delay: Delayed 1 second(s)

2018-12-12 18:44:56 - [MESSAGE][PASSED] - Delayed 1 second(s)

2018-12-12 18:44:56 - [TEST_STEP][PASSED] - click: Object: 'Object Repository/Final Object Repo/New Registration - Registration Module Pages/Form 2/Select Socso Employement Startdate Month' is clicked on

2018-12-12 18:44:56 - [MESSAGE][PASSED] - Object: 'Object Repository/Final Object Repo/New Registration - Registration Module Pages/Form 2/Select Socso Employement Startdate Month' is clicked on

2018-12-12 18:44:56 - [TEST_STEP][PASSED] - delay: Delayed 2 second(s)

2018-12-12 18:44:58 - [MESSAGE][PASSED] - Delayed 2 second(s)

2018-12-12 18:44:58 - [TEST_STEP][PASSED] - click: Object: 'Object Repository/Final Object Repo/New Registration - Registration Module Pages/Form 2/Socso Employment StartDate Year' is clicked on

2018-12-12 18:44:58 - [MESSAGE][PASSED] - Object: 'Object Repository/Final Object Repo/New Registration - Registration Module Pages/Form 2/Socso Employment StartDate Year' is clicked on

2018-12-12 18:44:58 - [TEST_STEP][PASSED] - delay: Delayed 1 second(s)

2018-12-12 18:44:59 - [MESSAGE][PASSED] - Delayed 1 second(s)

2018-12-12 18:44:59 - [TEST_STEP][PASSED] - click: Object: 'Object Repository/Final Object Repo/New Registration - Registration Module Pages/Form 2/Select Socso Employment Startdate Year' is clicked on

2018-12-12 18:44:59 - [MESSAGE][PASSED] - Object: 'Object Repository/Final Object Repo/New Registration - Registration Module Pages/Form 2/Select Socso Employment Startdate Year' is clicked on

2018-12-12 18:44:59 - [TEST_STEP][PASSED] - delay: Delayed 2 second(s)

2018-12-12 18:45:01 - [MESSAGE][PASSED] - Delayed 2 second(s)

2018-12-12 18:45:01 - [TEST_STEP][PASSED] - click: Object: 'Object Repository/Final Object Repo/New Registration - Registration Module Pages/Form 2/Socso Employment Start Date Day' is clicked on

2018-12-12 18:45:01 - [MESSAGE][PASSED] - Object: 'Object Repository/Final Object Repo/New Registration - Registration Module Pages/Form 2/Socso Employment Start Date Day' is clicked on

2018-12-12 18:45:01 - [TEST_STEP][PASSED] - delay: Delayed 2 second(s)

2018-12-12 18:45:03 - [MESSAGE][PASSED] - Delayed 2 second(s)

2018-12-12 18:45:03 - [TEST_STEP][PASSED] - click: Object: 'Object Repository/Final Object Repo/New Registration - Registration Module Pages/Form 2/Save Button for Add Employee' is clicked on

2018-12-12 18:45:03 - [MESSAGE][PASSED] - Object: 'Object Repository/Final Object Repo/New Registration - Registration Module Pages/Form 2/Save Button for Add Employee' is clicked on

2018-12-12 18:45:03 - [TEST_STEP][PASSED] - delay: Delayed 6 second(s)

2018-12-12 18:45:09 - [MESSAGE][PASSED] - Delayed 6 second(s)

2018-12-12 18:45:09 - [TEST_STEP][PASSED] - click: Object: 'Object Repository/Final Object Repo/New Registration - Registration Module Pages/Form 2/Save and Continue Form 2' is clicked on

2018-12-12 18:45:10 - [MESSAGE][PASSED] - Object: 'Object Repository/Final Object Repo/New Registration - Registration Module Pages/Form 2/Save and Continue Form 2' is clicked on

2018-12-12 18:45:10 - [MESSAGE][PASSED] - Call Test Case 'Test Cases/Final Aug 2018 - PKS Automation/Registration Module/New Registration/Form 2/Add 1 Eligible' successfully

2018-12-12 18:45:10 - [TEST_STEP][PASSED] - callTestCase: Call Test Case 'Test Cases/Final Aug 2018 - PKS Automation/Registration Module/New Registration/Flow of New Registration/Third Screen - Upload Supporting Doc - Preview' successfully

2018-12-12 18:45:10 - [TEST_CASE][PASSED] - Test Cases/Final Aug 2018 - PKS Automation/Registration Module/New Registration/Flow of New Registration/Third Screen - Upload Supporting Doc - Preview: Test Cases/Final Aug 2018 - PKS Automation/Registration Module/New Registration/Flow of New Registration/Third Screen - Upload Supporting Doc - Preview

2018-12-12 18:45:10 - [TEST_STEP][PASSED] - waitForPageLoad: Wait for page load successfully

2018-12-12 18:45:10 - [MESSAGE][PASSED] - Wait for page load successfully

2018-12-12 18:45:10 - [TEST_STEP][PASSED] - Statement - CaseReferenceNo = com.kms.katalon.core.webui.keyword.WebUiBuiltInKeywords.getText(com.kms.katalon.core.testobject.ObjectRepository.findTestObject(Final Object Repo/New Registration - Registration Module Pages/Third Screen - Upload Supporting Doc- Preview/RefNo Acquiring)): Text of object 'Object Repository/Final Object Repo/New Registration - Registration Module Pages/Third Screen - Upload Supporting Doc- Preview/RefNo Acquiring' is: 'CRN12201800123227'

2018-12-12 18:45:10 - [MESSAGE][PASSED] - Text of object 'Object Repository/Final Object Repo/New Registration - Registration Module Pages/Third Screen - Upload Supporting Doc- Preview/RefNo Acquiring' is: 'CRN12201800123227'

2018-12-12 18:45:10 - [TEST_STEP][PASSED] - delay: Delayed 2 second(s)

2018-12-12 18:45:12 - [MESSAGE][PASSED] - Delayed 2 second(s)

2018-12-12 18:45:12 - [TEST_STEP][PASSED] - callTestCase: Call Test Case 'Test Cases/Final Aug 2018 - PKS Automation/Common/Reference Number Setter' successfully

2018-12-12 18:45:13 - [TEST_CASE][PASSED] - Test Cases/Final Aug 2018 - PKS Automation/Common/Reference Number Setter: Test Cases/Final Aug 2018 - PKS Automation/Common/Reference Number Setter

2018-12-12 18:45:13 - [TEST_STEP][PASSED] - Statement - RefNoOldFile = new java.io.File(C://Users//Admin//Desktop//PKS//Automation Reference Point//KatalonReference.txt): null

2018-12-12 18:45:13 - [TEST_STEP][PASSED] - Statement - RefNoOldFile.delete(): null

2018-12-12 18:45:13 - [TEST_STEP][PASSED] - delay: Delayed 5 second(s)

2018-12-12 18:45:18 - [MESSAGE][PASSED] - Delayed 5 second(s)

2018-12-12 18:45:18 - [TEST_STEP][PASSED] - Statement - RefNo = new java.io.File(C://Users//Admin//Desktop//PKS//Automation Reference Point//KatalonReference.txt): null

2018-12-12 18:45:18 - [TEST_STEP][PASSED] - Statement - f2 = new java.io.FileWriter(RefNo, false): null

2018-12-12 18:45:18 - [TEST_STEP][PASSED] - Statement - f2.write(CaseReferenceNo): null

2018-12-12 18:45:18 - [TEST_STEP][PASSED] - Statement - f2.close(): null

2018-12-12 18:45:18 - [TEST_STEP][PASSED] - Statement - out.println("


" + CaseReferenceNo + "


"): null

2018-12-12 18:45:18 - [MESSAGE][PASSED] - Call Test Case 'Test Cases/Final Aug 2018 - PKS Automation/Common/Reference Number Setter' successfully

2018-12-12 18:45:18 - [TEST_STEP][PASSED] - waitForElementClickable: Object 'Object Repository/Final Object Repo/New Registration - Registration Module Pages/Third Screen - Upload Supporting Doc- Preview/Save n Continue in SIP Employee Listing Page' is clickable

2018-12-12 18:45:18 - [MESSAGE][PASSED] - Object 'Object Repository/Final Object Repo/New Registration - Registration Module Pages/Third Screen - Upload Supporting Doc- Preview/Save n Continue in SIP Employee Listing Page' is clickable

2018-12-12 18:45:18 - [TEST_STEP][PASSED] - click: Object: 'Object Repository/Final Object Repo/New Registration - Registration Module Pages/Third Screen - Upload Supporting Doc- Preview/Save n Continue in SIP Employee Listing Page' is clicked on

2018-12-12 18:45:23 - [MESSAGE][PASSED] - Object: 'Object Repository/Final Object Repo/New Registration - Registration Module Pages/Third Screen - Upload Supporting Doc- Preview/Save n Continue in SIP Employee Listing Page' is clicked on

2018-12-12 18:45:23 - [TEST_STEP][PASSED] - delay: Delayed 7 second(s)

2018-12-12 18:45:30 - [MESSAGE][PASSED] - Delayed 7 second(s)

2018-12-12 18:45:30 - [TEST_STEP][PASSED] - click: Object: 'Object Repository/Final Object Repo/New Registration - Registration Module Pages/Third Screen - Upload Supporting Doc- Preview/Add Document Button' is clicked on

2018-12-12 18:45:30 - [MESSAGE][PASSED] - Object: 'Object Repository/Final Object Repo/New Registration - Registration Module Pages/Third Screen - Upload Supporting Doc- Preview/Add Document Button' is clicked on

2018-12-12 18:45:30 - [TEST_STEP][PASSED] - delay: Delayed 30 second(s)

2018-12-12 18:46:00 - [MESSAGE][PASSED] - Delayed 30 second(s)

2018-12-12 18:46:00 - [TEST_STEP][PASSED] - click: Object: 'Object Repository/Final Object Repo/New Registration - Registration Module Pages/Third Screen - Upload Supporting Doc- Preview/Supporting Doc Please Select Drop Down' is clicked on

2018-12-12 18:46:00 - [MESSAGE][PASSED] - Object: 'Object Repository/Final Object Repo/New Registration - Registration Module Pages/Third Screen - Upload Supporting Doc- Preview/Supporting Doc Please Select Drop Down' is clicked on

2018-12-12 18:46:00 - [TEST_STEP][PASSED] - delay: Delayed 2 second(s)

2018-12-12 18:46:02 - [MESSAGE][PASSED] - Delayed 2 second(s)

2018-12-12 18:46:02 - [TEST_STEP][PASSED] - click: Object: 'Object Repository/Final Object Repo/New Registration - Registration Module Pages/Third Screen - Upload Supporting Doc- Preview/Select to Upload Form 1' is clicked on

2018-12-12 18:46:02 - [MESSAGE][PASSED] - Object: 'Object Repository/Final Object Repo/New Registration - Registration Module Pages/Third Screen - Upload Supporting Doc- Preview/Select to Upload Form 1' is clicked on

2018-12-12 18:46:02 - [TEST_STEP][PASSED] - delay: Delayed 2 second(s)

2018-12-12 18:46:04 - [MESSAGE][PASSED] - Delayed 2 second(s)

2018-12-12 18:46:04 - [TEST_STEP][PASSED] - uploadFile: File 'C:\Users\Public\Pictures\Sample Pictures\Koala.jpg' sent to object: 'Object Repository/Final Object Repo/New Registration - Registration Module Pages/Third Screen - Upload Supporting Doc- Preview/Upload File Adding'

2018-12-12 18:46:04 - [MESSAGE][PASSED] - File 'C:\Users\Public\Pictures\Sample Pictures\Koala.jpg' sent to object: 'Object Repository/Final Object Repo/New Registration - Registration Module Pages/Third Screen - Upload Supporting Doc- Preview/Upload File Adding'

2018-12-12 18:46:04 - [TEST_STEP][PASSED] - delay: Delayed 5 second(s)

2018-12-12 18:46:09 - [MESSAGE][PASSED] - Delayed 5 second(s)

2018-12-12 18:46:09 - [TEST_STEP][PASSED] - click: Object: 'Object Repository/Final Object Repo/New Registration - Registration Module Pages/Third Screen - Upload Supporting Doc- Preview/Inner Form Add Document Button' is clicked on

2018-12-12 18:46:10 - [MESSAGE][PASSED] - Object: 'Object Repository/Final Object Repo/New Registration - Registration Module Pages/Third Screen - Upload Supporting Doc- Preview/Inner Form Add Document Button' is clicked on

2018-12-12 18:46:10 - [TEST_STEP][PASSED] - delay: Delayed 3 second(s)

2018-12-12 18:46:13 - [MESSAGE][PASSED] - Delayed 3 second(s)

2018-12-12 18:46:13 - [TEST_STEP][PASSED] - click: Object: 'Object Repository/Final Object Repo/New Registration - Registration Module Pages/Third Screen - Upload Supporting Doc- Preview/Add Document Button' is clicked on

2018-12-12 18:46:14 - [MESSAGE][PASSED] - Object: 'Object Repository/Final Object Repo/New Registration - Registration Module Pages/Third Screen - Upload Supporting Doc- Preview/Add Document Button' is clicked on

2018-12-12 18:46:14 - [TEST_STEP][PASSED] - delay: Delayed 30 second(s)

2018-12-12 18:46:44 - [MESSAGE][PASSED] - Delayed 30 second(s)

2018-12-12 18:46:44 - [TEST_STEP][PASSED] - click: Object: 'Object Repository/Final Object Repo/New Registration - Registration Module Pages/Third Screen - Upload Supporting Doc- Preview/Supporting Doc Please Select Drop Down' is clicked on

2018-12-12 18:46:44 - [MESSAGE][PASSED] - Object: 'Object Repository/Final Object Repo/New Registration - Registration Module Pages/Third Screen - Upload Supporting Doc- Preview/Supporting Doc Please Select Drop Down' is clicked on

2018-12-12 18:46:44 - [TEST_STEP][PASSED] - delay: Delayed 4 second(s)

2018-12-12 18:46:48 - [MESSAGE][PASSED] - Delayed 4 second(s)

2018-12-12 18:46:48 - [TEST_STEP][PASSED] - click: Object: 'Object Repository/Final Object Repo/New Registration - Registration Module Pages/Third Screen - Upload Supporting Doc- Preview/Select to Upload Form 2' is clicked on

2018-12-12 18:46:48 - [MESSAGE][PASSED] - Object: 'Object Repository/Final Object Repo/New Registration - Registration Module Pages/Third Screen - Upload Supporting Doc- Preview/Select to Upload Form 2' is clicked on

2018-12-12 18:46:48 - [TEST_STEP][PASSED] - delay: Delayed 2 second(s)

2018-12-12 18:46:50 - [MESSAGE][PASSED] - Delayed 2 second(s)

2018-12-12 18:46:50 - [TEST_STEP][PASSED] - uploadFile: File 'C:\Users\Public\Pictures\Sample Pictures\Koala.jpg' sent to object: 'Object Repository/Final Object Repo/New Registration - Registration Module Pages/Third Screen - Upload Supporting Doc- Preview/Upload File Adding'

2018-12-12 18:46:50 - [MESSAGE][PASSED] - File 'C:\Users\Public\Pictures\Sample Pictures\Koala.jpg' sent to object: 'Object Repository/Final Object Repo/New Registration - Registration Module Pages/Third Screen - Upload Supporting Doc- Preview/Upload File Adding'

2018-12-12 18:46:50 - [TEST_STEP][PASSED] - click: Object: 'Object Repository/Final Object Repo/New Registration - Registration Module Pages/Third Screen - Upload Supporting Doc- Preview/Inner Form Add Document Button' is clicked on

2018-12-12 18:46:50 - [MESSAGE][PASSED] - Object: 'Object Repository/Final Object Repo/New Registration - Registration Module Pages/Third Screen - Upload Supporting Doc- Preview/Inner Form Add Document Button' is clicked on

2018-12-12 18:46:50 - [TEST_STEP][PASSED] - delay: Delayed 5 second(s)

2018-12-12 18:46:55 - [MESSAGE][PASSED] - Delayed 5 second(s)

2018-12-12 18:46:55 - [TEST_STEP][PASSED] - click: Object: 'Object Repository/Final Object Repo/New Registration - Registration Module Pages/Third Screen - Upload Supporting Doc- Preview/Add Document Button' is clicked on

2018-12-12 18:46:56 - [MESSAGE][PASSED] - Object: 'Object Repository/Final Object Repo/New Registration - Registration Module Pages/Third Screen - Upload Supporting Doc- Preview/Add Document Button' is clicked on

2018-12-12 18:46:56 - [TEST_STEP][PASSED] - delay: Delayed 30 second(s)

2018-12-12 18:47:26 - [MESSAGE][PASSED] - Delayed 30 second(s)

2018-12-12 18:47:26 - [TEST_STEP][PASSED] - click: Object: 'Object Repository/Final Object Repo/New Registration - Registration Module Pages/Third Screen - Upload Supporting Doc- Preview/Supporting Doc Please Select Drop Down' is clicked on

2018-12-12 18:47:26 - [MESSAGE][PASSED] - Object: 'Object Repository/Final Object Repo/New Registration - Registration Module Pages/Third Screen - Upload Supporting Doc- Preview/Supporting Doc Please Select Drop Down' is clicked on

2018-12-12 18:47:26 - [TEST_STEP][PASSED] - click: Object: 'Object Repository/Final Object Repo/New Registration - Registration Module Pages/Third Screen - Upload Supporting Doc- Preview/Select to Upload Borang SIP 1' is clicked on

2018-12-12 18:47:26 - [MESSAGE][PASSED] - Object: 'Object Repository/Final Object Repo/New Registration - Registration Module Pages/Third Screen - Upload Supporting Doc- Preview/Select to Upload Borang SIP 1' is clicked on

2018-12-12 18:47:26 - [TEST_STEP][PASSED] - delay: Delayed 2 second(s)

2018-12-12 18:47:28 - [MESSAGE][PASSED] - Delayed 2 second(s)

2018-12-12 18:47:28 - [TEST_STEP][PASSED] - uploadFile: File 'C:\Users\Public\Pictures\Sample Pictures\Koala.jpg' sent to object: 'Object Repository/Final Object Repo/New Registration - Registration Module Pages/Third Screen - Upload Supporting Doc- Preview/Upload File Adding'

2018-12-12 18:47:28 - [MESSAGE][PASSED] - File 'C:\Users\Public\Pictures\Sample Pictures\Koala.jpg' sent to object: 'Object Repository/Final Object Repo/New Registration - Registration Module Pages/Third Screen - Upload Supporting Doc- Preview/Upload File Adding'

2018-12-12 18:47:28 - [TEST_STEP][PASSED] - click: Object: 'Object Repository/Final Object Repo/New Registration - Registration Module Pages/Third Screen - Upload Supporting Doc- Preview/Inner Form Add Document Button' is clicked on

2018-12-12 18:47:28 - [MESSAGE][PASSED] - Object: 'Object Repository/Final Object Repo/New Registration - Registration Module Pages/Third Screen - Upload Supporting Doc- Preview/Inner Form Add Document Button' is clicked on

2018-12-12 18:47:28 - [TEST_STEP][PASSED] - delay: Delayed 5 second(s)

2018-12-12 18:47:33 - [MESSAGE][PASSED] - Delayed 5 second(s)

2018-12-12 18:47:33 - [TEST_STEP][PASSED] - click: Object: 'Object Repository/Final Object Repo/New Registration - Registration Module Pages/Third Screen - Upload Supporting Doc- Preview/Add Document Button' is clicked on

2018-12-12 18:47:33 - [MESSAGE][PASSED] - Object: 'Object Repository/Final Object Repo/New Registration - Registration Module Pages/Third Screen - Upload Supporting Doc- Preview/Add Document Button' is clicked on

2018-12-12 18:47:33 - [TEST_STEP][PASSED] - delay: Delayed 30 second(s)

2018-12-12 18:48:03 - [MESSAGE][PASSED] - Delayed 30 second(s)

2018-12-12 18:48:03 - [TEST_STEP][PASSED] - click: Object: 'Object Repository/Final Object Repo/New Registration - Registration Module Pages/Third Screen - Upload Supporting Doc- Preview/Supporting Doc Please Select Drop Down' is clicked on

2018-12-12 18:48:04 - [MESSAGE][PASSED] - Object: 'Object Repository/Final Object Repo/New Registration - Registration Module Pages/Third Screen - Upload Supporting Doc- Preview/Supporting Doc Please Select Drop Down' is clicked on

2018-12-12 18:48:04 - [TEST_STEP][PASSED] - delay: Delayed 3 second(s)

2018-12-12 18:48:07 - [MESSAGE][PASSED] - Delayed 3 second(s)

2018-12-12 18:48:07 - [TEST_STEP][PASSED] - click: Object: 'Object Repository/Final Object Repo/New Registration - Registration Module Pages/Third Screen - Upload Supporting Doc- Preview/Select to Upload Borang SIP 2' is clicked on

2018-12-12 18:48:07 - [MESSAGE][PASSED] - Object: 'Object Repository/Final Object Repo/New Registration - Registration Module Pages/Third Screen - Upload Supporting Doc- Preview/Select to Upload Borang SIP 2' is clicked on

2018-12-12 18:48:07 - [TEST_STEP][PASSED] - delay: Delayed 2 second(s)

2018-12-12 18:48:09 - [MESSAGE][PASSED] - Delayed 2 second(s)

2018-12-12 18:48:09 - [TEST_STEP][PASSED] - uploadFile: File 'C:\Users\Public\Pictures\Sample Pictures\Koala.jpg' sent to object: 'Object Repository/Final Object Repo/New Registration - Registration Module Pages/Third Screen - Upload Supporting Doc- Preview/Upload File Adding'

2018-12-12 18:48:09 - [MESSAGE][PASSED] - File 'C:\Users\Public\Pictures\Sample Pictures\Koala.jpg' sent to object: 'Object Repository/Final Object Repo/New Registration - Registration Module Pages/Third Screen - Upload Supporting Doc- Preview/Upload File Adding'

2018-12-12 18:48:09 - [TEST_STEP][PASSED] - delay: Delayed 5 second(s)

2018-12-12 18:48:14 - [MESSAGE][PASSED] - Delayed 5 second(s)

2018-12-12 18:48:14 - [TEST_STEP][PASSED] - click: Object: 'Object Repository/Final Object Repo/New Registration - Registration Module Pages/Third Screen - Upload Supporting Doc- Preview/Inner Form Add Document Button' is clicked on

2018-12-12 18:48:14 - [MESSAGE][PASSED] - Object: 'Object Repository/Final Object Repo/New Registration - Registration Module Pages/Third Screen - Upload Supporting Doc- Preview/Inner Form Add Document Button' is clicked on

2018-12-12 18:48:14 - [TEST_STEP][PASSED] - delay: Delayed 3 second(s)

2018-12-12 18:48:17 - [MESSAGE][PASSED] - Delayed 3 second(s)

2018-12-12 18:48:17 - [TEST_STEP][PASSED] - waitForElementClickable: Object 'Object Repository/Final Object Repo/New Registration - Registration Module Pages/Third Screen - Upload Supporting Doc- Preview/Save n Continue in Uploading Supporting Doc Page' is clickable

2018-12-12 18:48:18 - [MESSAGE][PASSED] - Object 'Object Repository/Final Object Repo/New Registration - Registration Module Pages/Third Screen - Upload Supporting Doc- Preview/Save n Continue in Uploading Supporting Doc Page' is clickable

2018-12-12 18:48:18 - [TEST_STEP][PASSED] - click: Object: 'Object Repository/Final Object Repo/New Registration - Registration Module Pages/Third Screen - Upload Supporting Doc- Preview/Save n Continue in Uploading Supporting Doc Page' is clicked on

2018-12-12 18:48:18 - [MESSAGE][PASSED] - Object: 'Object Repository/Final Object Repo/New Registration - Registration Module Pages/Third Screen - Upload Supporting Doc- Preview/Save n Continue in Uploading Supporting Doc Page' is clicked on

2018-12-12 18:48:18 - [MESSAGE][PASSED] - Call Test Case 'Test Cases/Final Aug 2018 - PKS Automation/Registration Module/New Registration/Flow of New Registration/Third Screen - Upload Supporting Doc - Preview' successfully

2018-12-12 18:48:18 - [TEST_STEP][PASSED] - callTestCase: Call Test Case 'Test Cases/Final Aug 2018 - PKS Automation/Registration Module/New Registration/Submit and Screenshot/Submit Registration and Screenshot' successfully

2018-12-12 18:48:19 - [TEST_CASE][PASSED] - Test Cases/Final Aug 2018 - PKS Automation/Registration Module/New Registration/Submit and Screenshot/Submit Registration and Screenshot: Test Cases/Final Aug 2018 - PKS Automation/Registration Module/New Registration/Submit and Screenshot/Submit Registration and Screenshot

2018-12-12 18:48:19 - [TEST_STEP][PASSED] - delay: Delayed 6 second(s)

2018-12-12 18:48:25 - [MESSAGE][PASSED] - Delayed 6 second(s)

2018-12-12 18:48:25 - [TEST_STEP][PASSED] - click: Object: 'Object Repository/Final Object Repo/New Registration - Registration Module Pages/Third Screen - Upload Supporting Doc- Preview/Preview Submit Button' is clicked on

2018-12-12 18:48:25 - [MESSAGE][PASSED] - Object: 'Object Repository/Final Object Repo/New Registration - Registration Module Pages/Third Screen - Upload Supporting Doc- Preview/Preview Submit Button' is clicked on

2018-12-12 18:48:25 - [TEST_STEP][PASSED] - delay: Delayed 2 second(s)

2018-12-12 18:48:27 - [MESSAGE][PASSED] - Delayed 2 second(s)

2018-12-12 18:48:27 - [TEST_STEP][PASSED] - click: Object: 'Object Repository/Final Object Repo/New Registration - Registration Module Pages/Third Screen - Upload Supporting Doc- Preview/Preview Submit - Confirm' is clicked on

2018-12-12 18:48:27 - [MESSAGE][PASSED] - Object: 'Object Repository/Final Object Repo/New Registration - Registration Module Pages/Third Screen - Upload Supporting Doc- Preview/Preview Submit - Confirm' is clicked on

2018-12-12 18:48:27 - [TEST_STEP][PASSED] - delay: Delayed 15 second(s)

2018-12-12 18:48:42 - [MESSAGE][PASSED] - Delayed 15 second(s)

2018-12-12 18:48:42 - [TEST_STEP][PASSED] - Statement - driver = com.kms.katalon.core.webui.driver.DriverFactory.getWebDriver(): null

2018-12-12 18:48:42 - [TEST_STEP][PASSED] - Statement - driver.manage().timeouts().implicitlyWait(10, SECONDS): null

2018-12-12 18:48:42 - [TEST_STEP][PASSED] - Statement - PresavePath = KatalonScreenshots: null

2018-12-12 18:48:42 - [TEST_STEP][PASSED] - Statement - pathPrefix = "C:\Users\Public\Pictures\Sample Pictures\Katalon Screenshots\Automate Ending Screen": null

2018-12-12 18:48:42 - [TEST_STEP][PASSED] - Statement - finalPath = <not implemented yet for class: org.codehaus.groovy.ast.expr.EmptyExpression>: null

2018-12-12 18:48:42 - [TEST_STEP][PASSED] - Statement - scrFile = driver.getScreenshotAs(FILE): null

2018-12-12 18:48:42 - [TEST_STEP][PASSED] - Statement - PreSaveFile = new java.io.File(PresavePath): null

2018-12-12 18:48:42 - [TEST_STEP][PASSED] - Statement - counter = 0: null

2018-12-12 18:48:42 - [TEST_STEP][PASSED] - Statement - If (PreSaveFile.exists()): null

2018-12-12 18:48:42 - [TEST_STEP][PASSED] - Statement - While (PreSaveFile.exists()): null

2018-12-12 18:48:42 - [TEST_STEP][PASSED] - Statement - counter = counter + 1: null

2018-12-12 18:48:42 - [TEST_STEP][PASSED] - Statement - PreSaveFile = new java.io.File(((pathPrefix + java.lang.Integer.toString(counter)) + .png)): null

2018-12-12 18:48:42 - [TEST_STEP][PASSED] - Statement - counter = counter + 1: null

2018-12-12 18:48:42 - [TEST_STEP][PASSED] - Statement - PreSaveFile = new java.io.File(((pathPrefix + java.lang.Integer.toString(counter)) + .png)): null

2018-12-12 18:48:42 - [TEST_STEP][PASSED] - Statement - counter = counter + 1: null

2018-12-12 18:48:42 - [TEST_STEP][PASSED] - Statement - PreSaveFile = new java.io.File(((pathPrefix + java.lang.Integer.toString(counter)) + .png)): null

2018-12-12 18:48:42 - [TEST_STEP][PASSED] - Statement - counter = counter + 1: null

2018-12-12 18:48:42 - [TEST_STEP][PASSED] - Statement - PreSaveFile = new java.io.File(((pathPrefix + java.lang.Integer.toString(counter)) + .png)): null

2018-12-12 18:48:42 - [TEST_STEP][PASSED] - Statement - counter = counter + 1: null

2018-12-12 18:48:42 - [TEST_STEP][PASSED] - Statement - PreSaveFile = new java.io.File(((pathPrefix + java.lang.Integer.toString(counter)) + .png)): null

2018-12-12 18:48:42 - [TEST_STEP][PASSED] - Statement - counter = counter + 1: null

2018-12-12 18:48:42 - [TEST_STEP][PASSED] - Statement - PreSaveFile = new java.io.File(((pathPrefix + java.lang.Integer.toString(counter)) + .png)): null

2018-12-12 18:48:42 - [TEST_STEP][PASSED] - Statement - counter = counter + 1: null

2018-12-12 18:48:42 - [TEST_STEP][PASSED] - Statement - PreSaveFile = new java.io.File(((pathPrefix + java.lang.Integer.toString(counter)) + .png)): null

2018-12-12 18:48:42 - [TEST_STEP][PASSED] - Statement - counter = counter + 1: null

2018-12-12 18:48:42 - [TEST_STEP][PASSED] - Statement - PreSaveFile = new java.io.File(((pathPrefix + java.lang.Integer.toString(counter)) + .png)): null

2018-12-12 18:48:42 - [TEST_STEP][PASSED] - Statement - counter = counter + 1: null

2018-12-12 18:48:42 - [TEST_STEP][PASSED] - Statement - PreSaveFile = new java.io.File(((pathPrefix + java.lang.Integer.toString(counter)) + .png)): null

2018-12-12 18:48:42 - [TEST_STEP][PASSED] - Statement - counter = counter + 1: null

2018-12-12 18:48:42 - [TEST_STEP][PASSED] - Statement - PreSaveFile = new java.io.File(((pathPrefix + java.lang.Integer.toString(counter)) + .png)): null

2018-12-12 18:48:42 - [TEST_STEP][PASSED] - Statement - counter = counter + 1: null

2018-12-12 18:48:42 - [TEST_STEP][PASSED] - Statement - PreSaveFile = new java.io.File(((pathPrefix + java.lang.Integer.toString(counter)) + .png)): null

2018-12-12 18:48:42 - [TEST_STEP][PASSED] - Statement - counter = counter + 1: null

2018-12-12 18:48:42 - [TEST_STEP][PASSED] - Statement - PreSaveFile = new java.io.File(((pathPrefix + java.lang.Integer.toString(counter)) + .png)): null

2018-12-12 18:48:42 - [TEST_STEP][PASSED] - Statement - counter = counter + 1: null

2018-12-12 18:48:42 - [TEST_STEP][PASSED] - Statement - PreSaveFile = new java.io.File(((pathPrefix + java.lang.Integer.toString(counter)) + .png)): null

2018-12-12 18:48:42 - [TEST_STEP][PASSED] - Statement - counter = counter + 1: null

2018-12-12 18:48:42 - [TEST_STEP][PASSED] - Statement - PreSaveFile = new java.io.File(((pathPrefix + java.lang.Integer.toString(counter)) + .png)): null

2018-12-12 18:48:42 - [TEST_STEP][PASSED] - Statement - counter = counter + 1: null

2018-12-12 18:48:42 - [TEST_STEP][PASSED] - Statement - PreSaveFile = new java.io.File(((pathPrefix + java.lang.Integer.toString(counter)) + .png)): null

2018-12-12 18:48:42 - [TEST_STEP][PASSED] - Statement - counter = counter + 1: null

2018-12-12 18:48:42 - [TEST_STEP][PASSED] - Statement - PreSaveFile = new java.io.File(((pathPrefix + java.lang.Integer.toString(counter)) + .png)): null

2018-12-12 18:48:42 - [TEST_STEP][PASSED] - Statement - counter = counter + 1: null

2018-12-12 18:48:42 - [TEST_STEP][PASSED] - Statement - PreSaveFile = new java.io.File(((pathPrefix + java.lang.Integer.toString(counter)) + .png)): null

2018-12-12 18:48:42 - [TEST_STEP][PASSED] - Statement - counter = counter + 1: null

2018-12-12 18:48:42 - [TEST_STEP][PASSED] - Statement - PreSaveFile = new java.io.File(((pathPrefix + java.lang.Integer.toString(counter)) + .png)): null

2018-12-12 18:48:42 - [TEST_STEP][PASSED] - Statement - counter = counter + 1: null

2018-12-12 18:48:42 - [TEST_STEP][PASSED] - Statement - PreSaveFile = new java.io.File(((pathPrefix + java.lang.Integer.toString(counter)) + .png)): null

2018-12-12 18:48:42 - [TEST_STEP][PASSED] - Statement - counter = counter + 1: null

2018-12-12 18:48:42 - [TEST_STEP][PASSED] - Statement - PreSaveFile = new java.io.File(((pathPrefix + java.lang.Integer.toString(counter)) + .png)): null

2018-12-12 18:48:42 - [TEST_STEP][PASSED] - Statement - counter = counter + 1: null

2018-12-12 18:48:42 - [TEST_STEP][PASSED] - Statement - PreSaveFile = new java.io.File(((pathPrefix + java.lang.Integer.toString(counter)) + .png)): null

2018-12-12 18:48:42 - [TEST_STEP][PASSED] - Statement - counter = counter + 1: null

2018-12-12 18:48:42 - [TEST_STEP][PASSED] - Statement - PreSaveFile = new java.io.File(((pathPrefix + java.lang.Integer.toString(counter)) + .png)): null

2018-12-12 18:48:42 - [TEST_STEP][PASSED] - Statement - counter = counter + 1: null

2018-12-12 18:48:42 - [TEST_STEP][PASSED] - Statement - PreSaveFile = new java.io.File(((pathPrefix + java.lang.Integer.toString(counter)) + .png)): null

2018-12-12 18:48:42 - [TEST_STEP][PASSED] - Statement - counter = counter + 1: null

2018-12-12 18:48:42 - [TEST_STEP][PASSED] - Statement - PreSaveFile = new java.io.File(((pathPrefix + java.lang.Integer.toString(counter)) + .png)): null

2018-12-12 18:48:42 - [TEST_STEP][PASSED] - Statement - counter = counter + 1: null

2018-12-12 18:48:42 - [TEST_STEP][PASSED] - Statement - PreSaveFile = new java.io.File(((pathPrefix + java.lang.Integer.toString(counter)) + .png)): null

2018-12-12 18:48:42 - [TEST_STEP][PASSED] - Statement - counter = counter + 1: null

2018-12-12 18:48:42 - [TEST_STEP][PASSED] - Statement - PreSaveFile = new java.io.File(((pathPrefix + java.lang.Integer.toString(counter)) + .png)): null

2018-12-12 18:48:42 - [TEST_STEP][PASSED] - Statement - counter = counter + 1: null

2018-12-12 18:48:42 - [TEST_STEP][PASSED] - Statement - PreSaveFile = new java.io.File(((pathPrefix + java.lang.Integer.toString(counter)) + .png)): null

2018-12-12 18:48:42 - [TEST_STEP][PASSED] - Statement - counter = counter + 1: null

2018-12-12 18:48:42 - [TEST_STEP][PASSED] - Statement - PreSaveFile = new java.io.File(((pathPrefix + java.lang.Integer.toString(counter)) + .png)): null

2018-12-12 18:48:42 - [TEST_STEP][PASSED] - Statement - counter = counter + 1: null

2018-12-12 18:48:42 - [TEST_STEP][PASSED] - Statement - PreSaveFile = new java.io.File(((pathPrefix + java.lang.Integer.toString(counter)) + .png)): null

2018-12-12 18:48:42 - [TEST_STEP][PASSED] - Statement - counter = counter + 1: null

2018-12-12 18:48:42 - [TEST_STEP][PASSED] - Statement - PreSaveFile = new java.io.File(((pathPrefix + java.lang.Integer.toString(counter)) + .png)): null

2018-12-12 18:48:42 - [TEST_STEP][PASSED] - Statement - counter = counter + 1: null

2018-12-12 18:48:42 - [TEST_STEP][PASSED] - Statement - PreSaveFile = new java.io.File(((pathPrefix + java.lang.Integer.toString(counter)) + .png)): null

2018-12-12 18:48:42 - [TEST_STEP][PASSED] - Statement - counter = counter + 1: null

2018-12-12 18:48:42 - [TEST_STEP][PASSED] - Statement - PreSaveFile = new java.io.File(((pathPrefix + java.lang.Integer.toString(counter)) + .png)): null

2018-12-12 18:48:42 - [TEST_STEP][PASSED] - Statement - counter = counter + 1: null

2018-12-12 18:48:42 - [TEST_STEP][PASSED] - Statement - PreSaveFile = new java.io.File(((pathPrefix + java.lang.Integer.toString(counter)) + .png)): null

2018-12-12 18:48:42 - [TEST_STEP][PASSED] - Statement - counter = counter + 1: null

2018-12-12 18:48:42 - [TEST_STEP][PASSED] - Statement - PreSaveFile = new java.io.File(((pathPrefix + java.lang.Integer.toString(counter)) + .png)): null

2018-12-12 18:48:42 - [TEST_STEP][PASSED] - Statement - counter = counter + 1: null

2018-12-12 18:48:42 - [TEST_STEP][PASSED] - Statement - PreSaveFile = new java.io.File(((pathPrefix + java.lang.Integer.toString(counter)) + .png)): null

2018-12-12 18:48:42 - [TEST_STEP][PASSED] - Statement - counter = counter + 1: null

2018-12-12 18:48:42 - [TEST_STEP][PASSED] - Statement - PreSaveFile = new java.io.File(((pathPrefix + java.lang.Integer.toString(counter)) + .png)): null

2018-12-12 18:48:42 - [TEST_STEP][PASSED] - Statement - counter = counter + 1: null

2018-12-12 18:48:42 - [TEST_STEP][PASSED] - Statement - PreSaveFile = new java.io.File(((pathPrefix + java.lang.Integer.toString(counter)) + .png)): null

2018-12-12 18:48:42 - [TEST_STEP][PASSED] - Statement - counter = counter + 1: null

2018-12-12 18:48:42 - [TEST_STEP][PASSED] - Statement - PreSaveFile = new java.io.File(((pathPrefix + java.lang.Integer.toString(counter)) + .png)): null

2018-12-12 18:48:42 - [TEST_STEP][PASSED] - Statement - counter = counter + 1: null

2018-12-12 18:48:42 - [TEST_STEP][PASSED] - Statement - PreSaveFile = new java.io.File(((pathPrefix + java.lang.Integer.toString(counter)) + .png)): null

2018-12-12 18:48:42 - [TEST_STEP][PASSED] - Statement - counter = counter + 1: null

2018-12-12 18:48:42 - [TEST_STEP][PASSED] - Statement - PreSaveFile = new java.io.File(((pathPrefix + java.lang.Integer.toString(counter)) + .png)): null

2018-12-12 18:48:42 - [TEST_STEP][PASSED] - Statement - counter = counter + 1: null

2018-12-12 18:48:42 - [TEST_STEP][PASSED] - Statement - PreSaveFile = new java.io.File(((pathPrefix + java.lang.Integer.toString(counter)) + .png)): null

2018-12-12 18:48:42 - [TEST_STEP][PASSED] - Statement - counter = counter + 1: null

2018-12-12 18:48:42 - [TEST_STEP][PASSED] - Statement - PreSaveFile = new java.io.File(((pathPrefix + java.lang.Integer.toString(counter)) + .png)): null

2018-12-12 18:48:42 - [TEST_STEP][PASSED] - Statement - counter = counter + 1: null

2018-12-12 18:48:42 - [TEST_STEP][PASSED] - Statement - PreSaveFile = new java.io.File(((pathPrefix + java.lang.Integer.toString(counter)) + .png)): null

2018-12-12 18:48:42 - [TEST_STEP][PASSED] - Statement - counter = counter + 1: null

2018-12-12 18:48:42 - [TEST_STEP][PASSED] - Statement - PreSaveFile = new java.io.File(((pathPrefix + java.lang.Integer.toString(counter)) + .png)): null

2018-12-12 18:48:42 - [TEST_STEP][PASSED] - Statement - counter = counter + 1: null

2018-12-12 18:48:42 - [TEST_STEP][PASSED] - Statement - PreSaveFile = new java.io.File(((pathPrefix + java.lang.Integer.toString(counter)) + .png)): null

2018-12-12 18:48:42 - [TEST_STEP][PASSED] - Statement - counter = counter + 1: null

2018-12-12 18:48:42 - [TEST_STEP][PASSED] - Statement - PreSaveFile = new java.io.File(((pathPrefix + java.lang.Integer.toString(counter)) + .png)): null

2018-12-12 18:48:42 - [TEST_STEP][PASSED] - Statement - counter = counter + 1: null

2018-12-12 18:48:42 - [TEST_STEP][PASSED] - Statement - PreSaveFile = new java.io.File(((pathPrefix + java.lang.Integer.toString(counter)) + .png)): null

2018-12-12 18:48:42 - [TEST_STEP][PASSED] - Statement - counter = counter + 1: null

2018-12-12 18:48:42 - [TEST_STEP][PASSED] - Statement - PreSaveFile = new java.io.File(((pathPrefix + java.lang.Integer.toString(counter)) + .png)): null

2018-12-12 18:48:42 - [TEST_STEP][PASSED] - Statement - counter = counter + 1: null

2018-12-12 18:48:42 - [TEST_STEP][PASSED] - Statement - PreSaveFile = new java.io.File(((pathPrefix + java.lang.Integer.toString(counter)) + .png)): null

2018-12-12 18:48:42 - [TEST_STEP][PASSED] - Statement - counter = counter + 1: null

2018-12-12 18:48:42 - [TEST_STEP][PASSED] - Statement - PreSaveFile = new java.io.File(((pathPrefix + java.lang.Integer.toString(counter)) + .png)): null

2018-12-12 18:48:42 - [TEST_STEP][PASSED] - Statement - counter = counter + 1: null

2018-12-12 18:48:42 - [TEST_STEP][PASSED] - Statement - PreSaveFile = new java.io.File(((pathPrefix + java.lang.Integer.toString(counter)) + .png)): null

2018-12-12 18:48:42 - [TEST_STEP][PASSED] - Statement - counter = counter + 1: null

2018-12-12 18:48:42 - [TEST_STEP][PASSED] - Statement - PreSaveFile = new java.io.File(((pathPrefix + java.lang.Integer.toString(counter)) + .png)): null

2018-12-12 18:48:42 - [TEST_STEP][PASSED] - Statement - counter = counter + 1: null

2018-12-12 18:48:42 - [TEST_STEP][PASSED] - Statement - PreSaveFile = new java.io.File(((pathPrefix + java.lang.Integer.toString(counter)) + .png)): null

2018-12-12 18:48:42 - [TEST_STEP][PASSED] - Statement - counter = counter + 1: null

2018-12-12 18:48:42 - [TEST_STEP][PASSED] - Statement - PreSaveFile = new java.io.File(((pathPrefix + java.lang.Integer.toString(counter)) + .png)): null

2018-12-12 18:48:42 - [TEST_STEP][PASSED] - Statement - counter = counter + 1: null

2018-12-12 18:48:42 - [TEST_STEP][PASSED] - Statement - PreSaveFile = new java.io.File(((pathPrefix + java.lang.Integer.toString(counter)) + .png)): null

2018-12-12 18:48:42 - [TEST_STEP][PASSED] - Statement - counter = counter + 1: null

2018-12-12 18:48:42 - [TEST_STEP][PASSED] - Statement - PreSaveFile = new java.io.File(((pathPrefix + java.lang.Integer.toString(counter)) + .png)): null

2018-12-12 18:48:42 - [TEST_STEP][PASSED] - Statement - counter = counter + 1: null

2018-12-12 18:48:42 - [TEST_STEP][PASSED] - Statement - PreSaveFile = new java.io.File(((pathPrefix + java.lang.Integer.toString(counter)) + .png)): null

2018-12-12 18:48:42 - [TEST_STEP][PASSED] - Statement - counter = counter + 1: null

2018-12-12 18:48:42 - [TEST_STEP][PASSED] - Statement - PreSaveFile = new java.io.File(((pathPrefix + java.lang.Integer.toString(counter)) + .png)): null

2018-12-12 18:48:42 - [TEST_STEP][PASSED] - Statement - counter = counter + 1: null

2018-12-12 18:48:42 - [TEST_STEP][PASSED] - Statement - PreSaveFile = new java.io.File(((pathPrefix + java.lang.Integer.toString(counter)) + .png)): null

2018-12-12 18:48:42 - [TEST_STEP][PASSED] - Statement - counter = counter + 1: null

2018-12-12 18:48:42 - [TEST_STEP][PASSED] - Statement - PreSaveFile = new java.io.File(((pathPrefix + java.lang.Integer.toString(counter)) + .png)): null

2018-12-12 18:48:42 - [TEST_STEP][PASSED] - Statement - counter = counter + 1: null

2018-12-12 18:48:42 - [TEST_STEP][PASSED] - Statement - PreSaveFile = new java.io.File(((pathPrefix + java.lang.Integer.toString(counter)) + .png)): null

2018-12-12 18:48:42 - [TEST_STEP][PASSED] - Statement - counter = counter + 1: null

2018-12-12 18:48:42 - [TEST_STEP][PASSED] - Statement - PreSaveFile = new java.io.File(((pathPrefix + java.lang.Integer.toString(counter)) + .png)): null

2018-12-12 18:48:42 - [TEST_STEP][PASSED] - Statement - counter = counter + 1: null

2018-12-12 18:48:42 - [TEST_STEP][PASSED] - Statement - PreSaveFile = new java.io.File(((pathPrefix + java.lang.Integer.toString(counter)) + .png)): null

2018-12-12 18:48:42 - [TEST_STEP][PASSED] - Statement - counter = counter + 1: null

2018-12-12 18:48:42 - [TEST_STEP][PASSED] - Statement - PreSaveFile = new java.io.File(((pathPrefix + java.lang.Integer.toString(counter)) + .png)): null

2018-12-12 18:48:42 - [TEST_STEP][PASSED] - Statement - counter = counter + 1: null

2018-12-12 18:48:42 - [TEST_STEP][PASSED] - Statement - PreSaveFile = new java.io.File(((pathPrefix + java.lang.Integer.toString(counter)) + .png)): null

2018-12-12 18:48:42 - [TEST_STEP][PASSED] - Statement - counter = counter + 1: null

2018-12-12 18:48:42 - [TEST_STEP][PASSED] - Statement - PreSaveFile = new java.io.File(((pathPrefix + java.lang.Integer.toString(counter)) + .png)): null

2018-12-12 18:48:42 - [TEST_STEP][PASSED] - Statement - counter = counter + 1: null

2018-12-12 18:48:42 - [TEST_STEP][PASSED] - Statement - PreSaveFile = new java.io.File(((pathPrefix + java.lang.Integer.toString(counter)) + .png)): null

2018-12-12 18:48:42 - [TEST_STEP][PASSED] - Statement - counter = counter + 1: null

2018-12-12 18:48:42 - [TEST_STEP][PASSED] - Statement - PreSaveFile = new java.io.File(((pathPrefix + java.lang.Integer.toString(counter)) + .png)): null

2018-12-12 18:48:42 - [TEST_STEP][PASSED] - Statement - counter = counter + 1: null

2018-12-12 18:48:42 - [TEST_STEP][PASSED] - Statement - PreSaveFile = new java.io.File(((pathPrefix + java.lang.Integer.toString(counter)) + .png)): null

2018-12-12 18:48:42 - [TEST_STEP][PASSED] - Statement - counter = counter + 1: null

2018-12-12 18:48:42 - [TEST_STEP][PASSED] - Statement - PreSaveFile = new java.io.File(((pathPrefix + java.lang.Integer.toString(counter)) + .png)): null

2018-12-12 18:48:42 - [TEST_STEP][PASSED] - Statement - counter = counter + 1: null

2018-12-12 18:48:42 - [TEST_STEP][PASSED] - Statement - PreSaveFile = new java.io.File(((pathPrefix + java.lang.Integer.toString(counter)) + .png)): null

2018-12-12 18:48:42 - [TEST_STEP][PASSED] - Statement - counter = counter + 1: null

2018-12-12 18:48:42 - [TEST_STEP][PASSED] - Statement - PreSaveFile = new java.io.File(((pathPrefix + java.lang.Integer.toString(counter)) + .png)): null

2018-12-12 18:48:42 - [TEST_STEP][PASSED] - Statement - counter = counter + 1: null

2018-12-12 18:48:42 - [TEST_STEP][PASSED] - Statement - PreSaveFile = new java.io.File(((pathPrefix + java.lang.Integer.toString(counter)) + .png)): null

2018-12-12 18:48:42 - [TEST_STEP][PASSED] - Statement - counter = counter + 1: null

2018-12-12 18:48:42 - [TEST_STEP][PASSED] - Statement - PreSaveFile = new java.io.File(((pathPrefix + java.lang.Integer.toString(counter)) + .png)): null

2018-12-12 18:48:42 - [TEST_STEP][PASSED] - Statement - counter = counter + 1: null

2018-12-12 18:48:42 - [TEST_STEP][PASSED] - Statement - PreSaveFile = new java.io.File(((pathPrefix + java.lang.Integer.toString(counter)) + .png)): null

2018-12-12 18:48:42 - [TEST_STEP][PASSED] - Statement - counter = counter + 1: null

2018-12-12 18:48:42 - [TEST_STEP][PASSED] - Statement - PreSaveFile = new java.io.File(((pathPrefix + java.lang.Integer.toString(counter)) + .png)): null

2018-12-12 18:48:42 - [TEST_STEP][PASSED] - Statement - counter = counter + 1: null

2018-12-12 18:48:42 - [TEST_STEP][PASSED] - Statement - PreSaveFile = new java.io.File(((pathPrefix + java.lang.Integer.toString(counter)) + .png)): null

2018-12-12 18:48:42 - [TEST_STEP][PASSED] - Statement - counter = counter + 1: null

2018-12-12 18:48:43 - [TEST_STEP][PASSED] - Statement - PreSaveFile = new java.io.File(((pathPrefix + java.lang.Integer.toString(counter)) + .png)): null

2018-12-12 18:48:43 - [TEST_STEP][PASSED] - Statement - counter = counter + 1: null

2018-12-12 18:48:43 - [TEST_STEP][PASSED] - Statement - PreSaveFile = new java.io.File(((pathPrefix + java.lang.Integer.toString(counter)) + .png)): null

2018-12-12 18:48:43 - [TEST_STEP][PASSED] - Statement - counter = counter + 1: null

2018-12-12 18:48:43 - [TEST_STEP][PASSED] - Statement - PreSaveFile = new java.io.File(((pathPrefix + java.lang.Integer.toString(counter)) + .png)): null

2018-12-12 18:48:43 - [TEST_STEP][PASSED] - Statement - counter = counter + 1: null

2018-12-12 18:48:43 - [TEST_STEP][PASSED] - Statement - PreSaveFile = new java.io.File(((pathPrefix + java.lang.Integer.toString(counter)) + .png)): null

2018-12-12 18:48:43 - [TEST_STEP][PASSED] - Statement - counter = counter + 1: null

2018-12-12 18:48:43 - [TEST_STEP][PASSED] - Statement - PreSaveFile = new java.io.File(((pathPrefix + java.lang.Integer.toString(counter)) + .png)): null

2018-12-12 18:48:43 - [TEST_STEP][PASSED] - Statement - counter = counter + 1: null

2018-12-12 18:48:43 - [TEST_STEP][PASSED] - Statement - PreSaveFile = new java.io.File(((pathPrefix + java.lang.Integer.toString(counter)) + .png)): null

2018-12-12 18:48:43 - [TEST_STEP][PASSED] - Statement - counter = counter + 1: null

2018-12-12 18:48:43 - [TEST_STEP][PASSED] - Statement - PreSaveFile = new java.io.File(((pathPrefix + java.lang.Integer.toString(counter)) + .png)): null

2018-12-12 18:48:43 - [TEST_STEP][PASSED] - Statement - counter = counter + 1: null

2018-12-12 18:48:43 - [TEST_STEP][PASSED] - Statement - PreSaveFile = new java.io.File(((pathPrefix + java.lang.Integer.toString(counter)) + .png)): null

2018-12-12 18:48:43 - [TEST_STEP][PASSED] - Statement - counter = counter + 1: null

2018-12-12 18:48:43 - [TEST_STEP][PASSED] - Statement - PreSaveFile = new java.io.File(((pathPrefix + java.lang.Integer.toString(counter)) + .png)): null

2018-12-12 18:48:43 - [TEST_STEP][PASSED] - Statement - counter = counter + 1: null

2018-12-12 18:48:43 - [TEST_STEP][PASSED] - Statement - PreSaveFile = new java.io.File(((pathPrefix + java.lang.Integer.toString(counter)) + .png)): null

2018-12-12 18:48:43 - [TEST_STEP][PASSED] - Statement - counter = counter + 1: null

2018-12-12 18:48:43 - [TEST_STEP][PASSED] - Statement - PreSaveFile = new java.io.File(((pathPrefix + java.lang.Integer.toString(counter)) + .png)): null

2018-12-12 18:48:43 - [TEST_STEP][PASSED] - Statement - counter = counter + 1: null

2018-12-12 18:48:43 - [TEST_STEP][PASSED] - Statement - PreSaveFile = new java.io.File(((pathPrefix + java.lang.Integer.toString(counter)) + .png)): null

2018-12-12 18:48:43 - [TEST_STEP][PASSED] - Statement - counter = counter + 1: null

2018-12-12 18:48:43 - [TEST_STEP][PASSED] - Statement - PreSaveFile = new java.io.File(((pathPrefix + java.lang.Integer.toString(counter)) + .png)): null

2018-12-12 18:48:43 - [TEST_STEP][PASSED] - Statement - counter = counter + 1: null

2018-12-12 18:48:43 - [TEST_STEP][PASSED] - Statement - PreSaveFile = new java.io.File(((pathPrefix + java.lang.Integer.toString(counter)) + .png)): null

2018-12-12 18:48:43 - [TEST_STEP][PASSED] - Statement - counter = counter + 1: null

2018-12-12 18:48:43 - [TEST_STEP][PASSED] - Statement - PreSaveFile = new java.io.File(((pathPrefix + java.lang.Integer.toString(counter)) + .png)): null

2018-12-12 18:48:43 - [TEST_STEP][PASSED] - Statement - counter = counter + 1: null

2018-12-12 18:48:43 - [TEST_STEP][PASSED] - Statement - PreSaveFile = new java.io.File(((pathPrefix + java.lang.Integer.toString(counter)) + .png)): null

2018-12-12 18:48:43 - [TEST_STEP][PASSED] - Statement - counter = counter + 1: null

2018-12-12 18:48:43 - [TEST_STEP][PASSED] - Statement - PreSaveFile = new java.io.File(((pathPrefix + java.lang.Integer.toString(counter)) + .png)): null

2018-12-12 18:48:43 - [TEST_STEP][PASSED] - Statement - counter = counter + 1: null

2018-12-12 18:48:43 - [TEST_STEP][PASSED] - Statement - PreSaveFile = new java.io.File(((pathPrefix + java.lang.Integer.toString(counter)) + .png)): null

2018-12-12 18:48:43 - [TEST_STEP][PASSED] - Statement - counter = counter + 1: null

2018-12-12 18:48:43 - [TEST_STEP][PASSED] - Statement - PreSaveFile = new java.io.File(((pathPrefix + java.lang.Integer.toString(counter)) + .png)): null

2018-12-12 18:48:43 - [TEST_STEP][PASSED] - Statement - counter = counter + 1: null

2018-12-12 18:48:43 - [TEST_STEP][PASSED] - Statement - PreSaveFile = new java.io.File(((pathPrefix + java.lang.Integer.toString(counter)) + .png)): null

2018-12-12 18:48:43 - [TEST_STEP][PASSED] - Statement - counter = counter + 1: null

2018-12-12 18:48:43 - [TEST_STEP][PASSED] - Statement - PreSaveFile = new java.io.File(((pathPrefix + java.lang.Integer.toString(counter)) + .png)): null

2018-12-12 18:48:43 - [TEST_STEP][PASSED] - Statement - counter = counter + 1: null

2018-12-12 18:48:43 - [TEST_STEP][PASSED] - Statement - PreSaveFile = new java.io.File(((pathPrefix + java.lang.Integer.toString(counter)) + .png)): null

2018-12-12 18:48:43 - [TEST_STEP][PASSED] - Statement - counter = counter + 1: null

2018-12-12 18:48:43 - [TEST_STEP][PASSED] - Statement - PreSaveFile = new java.io.File(((pathPrefix + java.lang.Integer.toString(counter)) + .png)): null

2018-12-12 18:48:43 - [TEST_STEP][PASSED] - Statement - counter = counter + 1: null

2018-12-12 18:48:43 - [TEST_STEP][PASSED] - Statement - PreSaveFile = new java.io.File(((pathPrefix + java.lang.Integer.toString(counter)) + .png)): null

2018-12-12 18:48:43 - [TEST_STEP][PASSED] - Statement - counter = counter + 1: null

2018-12-12 18:48:43 - [TEST_STEP][PASSED] - Statement - PreSaveFile = new java.io.File(((pathPrefix + java.lang.Integer.toString(counter)) + .png)): null

2018-12-12 18:48:43 - [TEST_STEP][PASSED] - Statement - counter = counter + 1: null

2018-12-12 18:48:43 - [TEST_STEP][PASSED] - Statement - PreSaveFile = new java.io.File(((pathPrefix + java.lang.Integer.toString(counter)) + .png)): null

2018-12-12 18:48:43 - [TEST_STEP][PASSED] - Statement - counter = counter + 1: null

2018-12-12 18:48:43 - [TEST_STEP][PASSED] - Statement - PreSaveFile = new java.io.File(((pathPrefix + java.lang.Integer.toString(counter)) + .png)): null

2018-12-12 18:48:43 - [TEST_STEP][PASSED] - Statement - counter = counter + 1: null

2018-12-12 18:48:43 - [TEST_STEP][PASSED] - Statement - PreSaveFile = new java.io.File(((pathPrefix + java.lang.Integer.toString(counter)) + .png)): null

2018-12-12 18:48:43 - [TEST_STEP][PASSED] - Statement - counter = counter + 1: null

2018-12-12 18:48:43 - [TEST_STEP][PASSED] - Statement - PreSaveFile = new java.io.File(((pathPrefix + java.lang.Integer.toString(counter)) + .png)): null

2018-12-12 18:48:43 - [TEST_STEP][PASSED] - Statement - counter = counter + 1: null

2018-12-12 18:48:43 - [TEST_STEP][PASSED] - Statement - PreSaveFile = new java.io.File(((pathPrefix + java.lang.Integer.toString(counter)) + .png)): null

2018-12-12 18:48:43 - [TEST_STEP][PASSED] - Statement - counter = counter + 1: null

2018-12-12 18:48:43 - [TEST_STEP][PASSED] - Statement - PreSaveFile = new java.io.File(((pathPrefix + java.lang.Integer.toString(counter)) + .png)): null

2018-12-12 18:48:43 - [TEST_STEP][PASSED] - Statement - counter = counter + 1: null

2018-12-12 18:48:43 - [TEST_STEP][PASSED] - Statement - PreSaveFile = new java.io.File(((pathPrefix + java.lang.Integer.toString(counter)) + .png)): null

2018-12-12 18:48:43 - [TEST_STEP][PASSED] - Statement - counter = counter + 1: null

2018-12-12 18:48:43 - [TEST_STEP][PASSED] - Statement - PreSaveFile = new java.io.File(((pathPrefix + java.lang.Integer.toString(counter)) + .png)): null

2018-12-12 18:48:43 - [TEST_STEP][PASSED] - Statement - counter = counter + 1: null

2018-12-12 18:48:43 - [TEST_STEP][PASSED] - Statement - PreSaveFile = new java.io.File(((pathPrefix + java.lang.Integer.toString(counter)) + .png)): null

2018-12-12 18:48:43 - [TEST_STEP][PASSED] - Statement - counter = counter + 1: null

2018-12-12 18:48:43 - [TEST_STEP][PASSED] - Statement - PreSaveFile = new java.io.File(((pathPrefix + java.lang.Integer.toString(counter)) + .png)): null

2018-12-12 18:48:43 - [TEST_STEP][PASSED] - Statement - counter = counter + 1: null

2018-12-12 18:48:43 - [TEST_STEP][PASSED] - Statement - PreSaveFile = new java.io.File(((pathPrefix + java.lang.Integer.toString(counter)) + .png)): null

2018-12-12 18:48:43 - [TEST_STEP][PASSED] - Statement - counter = counter + 1: null

2018-12-12 18:48:43 - [TEST_STEP][PASSED] - Statement - PreSaveFile = new java.io.File(((pathPrefix + java.lang.Integer.toString(counter)) + .png)): null

2018-12-12 18:48:43 - [TEST_STEP][PASSED] - Statement - counter = counter + 1: null

2018-12-12 18:48:43 - [TEST_STEP][PASSED] - Statement - PreSaveFile = new java.io.File(((pathPrefix + java.lang.Integer.toString(counter)) + .png)): null

2018-12-12 18:48:43 - [TEST_STEP][PASSED] - Statement - counter = counter + 1: null

2018-12-12 18:48:43 - [TEST_STEP][PASSED] - Statement - PreSaveFile = new java.io.File(((pathPrefix + java.lang.Integer.toString(counter)) + .png)): null

2018-12-12 18:48:43 - [TEST_STEP][PASSED] - Statement - counter = counter + 1: null

2018-12-12 18:48:43 - [TEST_STEP][PASSED] - Statement - PreSaveFile = new java.io.File(((pathPrefix + java.lang.Integer.toString(counter)) + .png)): null

2018-12-12 18:48:43 - [TEST_STEP][PASSED] - Statement - counter = counter + 1: null

2018-12-12 18:48:43 - [TEST_STEP][PASSED] - Statement - PreSaveFile = new java.io.File(((pathPrefix + java.lang.Integer.toString(counter)) + .png)): null

2018-12-12 18:48:43 - [TEST_STEP][PASSED] - Statement - counter = counter + 1: null

2018-12-12 18:48:43 - [TEST_STEP][PASSED] - Statement - PreSaveFile = new java.io.File(((pathPrefix + java.lang.Integer.toString(counter)) + .png)): null

2018-12-12 18:48:43 - [TEST_STEP][PASSED] - Statement - counter = counter + 1: null

2018-12-12 18:48:43 - [TEST_STEP][PASSED] - Statement - PreSaveFile = new java.io.File(((pathPrefix + java.lang.Integer.toString(counter)) + .png)): null

2018-12-12 18:48:43 - [TEST_STEP][PASSED] - Statement - counter = counter + 1: null

2018-12-12 18:48:43 - [TEST_STEP][PASSED] - Statement - PreSaveFile = new java.io.File(((pathPrefix + java.lang.Integer.toString(counter)) + .png)): null

2018-12-12 18:48:43 - [TEST_STEP][PASSED] - Statement - counter = counter + 1: null

2018-12-12 18:48:43 - [TEST_STEP][PASSED] - Statement - PreSaveFile = new java.io.File(((pathPrefix + java.lang.Integer.toString(counter)) + .png)): null

2018-12-12 18:48:43 - [TEST_STEP][PASSED] - Statement - counter = counter + 1: null

2018-12-12 18:48:43 - [TEST_STEP][PASSED] - Statement - PreSaveFile = new java.io.File(((pathPrefix + java.lang.Integer.toString(counter)) + .png)): null

2018-12-12 18:48:43 - [TEST_STEP][PASSED] - Statement - counter = counter + 1: null

2018-12-12 18:48:43 - [TEST_STEP][PASSED] - Statement - PreSaveFile = new java.io.File(((pathPrefix + java.lang.Integer.toString(counter)) + .png)): null

2018-12-12 18:48:43 - [TEST_STEP][PASSED] - Statement - counter = counter + 1: null

2018-12-12 18:48:43 - [TEST_STEP][PASSED] - Statement - PreSaveFile = new java.io.File(((pathPrefix + java.lang.Integer.toString(counter)) + .png)): null

2018-12-12 18:48:43 - [TEST_STEP][PASSED] - Statement - counter = counter + 1: null

2018-12-12 18:48:43 - [TEST_STEP][PASSED] - Statement - PreSaveFile = new java.io.File(((pathPrefix + java.lang.Integer.toString(counter)) + .png)): null

2018-12-12 18:48:43 - [TEST_STEP][PASSED] - Statement - counter = counter + 1: null

2018-12-12 18:48:43 - [TEST_STEP][PASSED] - Statement - PreSaveFile = new java.io.File(((pathPrefix + java.lang.Integer.toString(counter)) + .png)): null

2018-12-12 18:48:43 - [TEST_STEP][PASSED] - Statement - counter = counter + 1: null

2018-12-12 18:48:43 - [TEST_STEP][PASSED] - Statement - PreSaveFile = new java.io.File(((pathPrefix + java.lang.Integer.toString(counter)) + .png)): null

2018-12-12 18:48:43 - [TEST_STEP][PASSED] - Statement - counter = counter + 1: null

2018-12-12 18:48:43 - [TEST_STEP][PASSED] - Statement - PreSaveFile = new java.io.File(((pathPrefix + java.lang.Integer.toString(counter)) + .png)): null

2018-12-12 18:48:43 - [TEST_STEP][PASSED] - Statement - counter = counter + 1: null

2018-12-12 18:48:43 - [TEST_STEP][PASSED] - Statement - PreSaveFile = new java.io.File(((pathPrefix + java.lang.Integer.toString(counter)) + .png)): null

2018-12-12 18:48:43 - [TEST_STEP][PASSED] - Statement - counter = counter + 1: null

2018-12-12 18:48:43 - [TEST_STEP][PASSED] - Statement - PreSaveFile = new java.io.File(((pathPrefix + java.lang.Integer.toString(counter)) + .png)): null

2018-12-12 18:48:43 - [TEST_STEP][PASSED] - Statement - counter = counter + 1: null

2018-12-12 18:48:43 - [TEST_STEP][PASSED] - Statement - PreSaveFile = new java.io.File(((pathPrefix + java.lang.Integer.toString(counter)) + .png)): null

2018-12-12 18:48:43 - [TEST_STEP][PASSED] - Statement - counter = counter + 1: null

2018-12-12 18:48:43 - [TEST_STEP][PASSED] - Statement - PreSaveFile = new java.io.File(((pathPrefix + java.lang.Integer.toString(counter)) + .png)): null

2018-12-12 18:48:43 - [TEST_STEP][PASSED] - Statement - counter = counter + 1: null

2018-12-12 18:48:43 - [TEST_STEP][PASSED] - Statement - PreSaveFile = new java.io.File(((pathPrefix + java.lang.Integer.toString(counter)) + .png)): null

2018-12-12 18:48:43 - [TEST_STEP][PASSED] - Statement - counter = counter + 1: null

2018-12-12 18:48:43 - [TEST_STEP][PASSED] - Statement - PreSaveFile = new java.io.File(((pathPrefix + java.lang.Integer.toString(counter)) + .png)): null

2018-12-12 18:48:43 - [TEST_STEP][PASSED] - Statement - counter = counter + 1: null

2018-12-12 18:48:43 - [TEST_STEP][PASSED] - Statement - PreSaveFile = new java.io.File(((pathPrefix + java.lang.Integer.toString(counter)) + .png)): null

2018-12-12 18:48:43 - [TEST_STEP][PASSED] - Statement - counter = counter + 1: null

2018-12-12 18:48:43 - [TEST_STEP][PASSED] - Statement - PreSaveFile = new java.io.File(((pathPrefix + java.lang.Integer.toString(counter)) + .png)): null

2018-12-12 18:48:43 - [TEST_STEP][PASSED] - Statement - counter = counter + 1: null

2018-12-12 18:48:43 - [TEST_STEP][PASSED] - Statement - PreSaveFile = new java.io.File(((pathPrefix + java.lang.Integer.toString(counter)) + .png)): null

2018-12-12 18:48:43 - [TEST_STEP][PASSED] - Statement - counter = counter + 1: null

2018-12-12 18:48:43 - [TEST_STEP][PASSED] - Statement - PreSaveFile = new java.io.File(((pathPrefix + java.lang.Integer.toString(counter)) + .png)): null

2018-12-12 18:48:43 - [TEST_STEP][PASSED] - Statement - counter = counter + 1: null

2018-12-12 18:48:43 - [TEST_STEP][PASSED] - Statement - PreSaveFile = new java.io.File(((pathPrefix + java.lang.Integer.toString(counter)) + .png)): null

2018-12-12 18:48:43 - [TEST_STEP][PASSED] - Statement - counter = counter + 1: null

2018-12-12 18:48:43 - [TEST_STEP][PASSED] - Statement - PreSaveFile = new java.io.File(((pathPrefix + java.lang.Integer.toString(counter)) + .png)): null

2018-12-12 18:48:43 - [TEST_STEP][PASSED] - Statement - counter = counter + 1: null

2018-12-12 18:48:43 - [TEST_STEP][PASSED] - Statement - PreSaveFile = new java.io.File(((pathPrefix + java.lang.Integer.toString(counter)) + .png)): null

2018-12-12 18:48:43 - [TEST_STEP][PASSED] - Statement - counter = counter + 1: null

2018-12-12 18:48:43 - [TEST_STEP][PASSED] - Statement - PreSaveFile = new java.io.File(((pathPrefix + java.lang.Integer.toString(counter)) + .png)): null

2018-12-12 18:48:43 - [TEST_STEP][PASSED] - Statement - counter = counter + 1: null

2018-12-12 18:48:43 - [TEST_STEP][PASSED] - Statement - PreSaveFile = new java.io.File(((pathPrefix + java.lang.Integer.toString(counter)) + .png)): null

2018-12-12 18:48:43 - [TEST_STEP][PASSED] - Statement - counter = counter + 1: null

2018-12-12 18:48:43 - [TEST_STEP][PASSED] - Statement - PreSaveFile = new java.io.File(((pathPrefix + java.lang.Integer.toString(counter)) + .png)): null

2018-12-12 18:48:43 - [TEST_STEP][PASSED] - Statement - counter = counter + 1: null

2018-12-12 18:48:43 - [TEST_STEP][PASSED] - Statement - PreSaveFile = new java.io.File(((pathPrefix + java.lang.Integer.toString(counter)) + .png)): null

2018-12-12 18:48:43 - [TEST_STEP][PASSED] - Statement - counter = counter + 1: null

2018-12-12 18:48:43 - [TEST_STEP][PASSED] - Statement - PreSaveFile = new java.io.File(((pathPrefix + java.lang.Integer.toString(counter)) + .png)): null

2018-12-12 18:48:43 - [TEST_STEP][PASSED] - Statement - counter = counter + 1: null

2018-12-12 18:48:43 - [TEST_STEP][PASSED] - Statement - PreSaveFile = new java.io.File(((pathPrefix + java.lang.Integer.toString(counter)) + .png)): null

2018-12-12 18:48:43 - [TEST_STEP][PASSED] - Statement - counter = counter + 1: null

2018-12-12 18:48:43 - [TEST_STEP][PASSED] - Statement - PreSaveFile = new java.io.File(((pathPrefix + java.lang.Integer.toString(counter)) + .png)): null

2018-12-12 18:48:43 - [TEST_STEP][PASSED] - Statement - counter = counter + 1: null

2018-12-12 18:48:43 - [TEST_STEP][PASSED] - Statement - PreSaveFile = new java.io.File(((pathPrefix + java.lang.Integer.toString(counter)) + .png)): null

2018-12-12 18:48:43 - [TEST_STEP][PASSED] - Statement - counter = counter + 1: null

2018-12-12 18:48:43 - [TEST_STEP][PASSED] - Statement - PreSaveFile = new java.io.File(((pathPrefix + java.lang.Integer.toString(counter)) + .png)): null

2018-12-12 18:48:43 - [TEST_STEP][PASSED] - Statement - counter = counter + 1: null

2018-12-12 18:48:43 - [TEST_STEP][PASSED] - Statement - PreSaveFile = new java.io.File(((pathPrefix + java.lang.Integer.toString(counter)) + .png)): null

2018-12-12 18:48:43 - [TEST_STEP][PASSED] - Statement - counter = counter + 1: null

2018-12-12 18:48:43 - [TEST_STEP][PASSED] - Statement - PreSaveFile = new java.io.File(((pathPrefix + java.lang.Integer.toString(counter)) + .png)): null

2018-12-12 18:48:43 - [TEST_STEP][PASSED] - Statement - counter = counter + 1: null

2018-12-12 18:48:43 - [TEST_STEP][PASSED] - Statement - PreSaveFile = new java.io.File(((pathPrefix + java.lang.Integer.toString(counter)) + .png)): null

2018-12-12 18:48:43 - [TEST_STEP][PASSED] - Statement - counter = counter + 1: null

2018-12-12 18:48:43 - [TEST_STEP][PASSED] - Statement - PreSaveFile = new java.io.File(((pathPrefix + java.lang.Integer.toString(counter)) + .png)): null

2018-12-12 18:48:43 - [TEST_STEP][PASSED] - Statement - counter = counter + 1: null

2018-12-12 18:48:43 - [TEST_STEP][PASSED] - Statement - PreSaveFile = new java.io.File(((pathPrefix + java.lang.Integer.toString(counter)) + .png)): null

2018-12-12 18:48:43 - [TEST_STEP][PASSED] - Statement - counter = counter + 1: null

2018-12-12 18:48:43 - [TEST_STEP][PASSED] - Statement - PreSaveFile = new java.io.File(((pathPrefix + java.lang.Integer.toString(counter)) + .png)): null

2018-12-12 18:48:43 - [TEST_STEP][PASSED] - Statement - counter = counter + 1: null

2018-12-12 18:48:43 - [TEST_STEP][PASSED] - Statement - PreSaveFile = new java.io.File(((pathPrefix + java.lang.Integer.toString(counter)) + .png)): null

2018-12-12 18:48:43 - [TEST_STEP][PASSED] - Statement - counter = counter + 1: null

2018-12-12 18:48:43 - [TEST_STEP][PASSED] - Statement - PreSaveFile = new java.io.File(((pathPrefix + java.lang.Integer.toString(counter)) + .png)): null

2018-12-12 18:48:43 - [TEST_STEP][PASSED] - Statement - counter = counter + 1: null

2018-12-12 18:48:43 - [TEST_STEP][PASSED] - Statement - PreSaveFile = new java.io.File(((pathPrefix + java.lang.Integer.toString(counter)) + .png)): null

2018-12-12 18:48:43 - [TEST_STEP][PASSED] - Statement - counter = counter + 1: null

2018-12-12 18:48:43 - [TEST_STEP][PASSED] - Statement - PreSaveFile = new java.io.File(((pathPrefix + java.lang.Integer.toString(counter)) + .png)): null

2018-12-12 18:48:43 - [TEST_STEP][PASSED] - Statement - counter = counter + 1: null

2018-12-12 18:48:43 - [TEST_STEP][PASSED] - Statement - PreSaveFile = new java.io.File(((pathPrefix + java.lang.Integer.toString(counter)) + .png)): null

2018-12-12 18:48:43 - [TEST_STEP][PASSED] - Statement - counter = counter + 1: null

2018-12-12 18:48:43 - [TEST_STEP][PASSED] - Statement - PreSaveFile = new java.io.File(((pathPrefix + java.lang.Integer.toString(counter)) + .png)): null

2018-12-12 18:48:43 - [TEST_STEP][PASSED] - Statement - counter = counter + 1: null

2018-12-12 18:48:43 - [TEST_STEP][PASSED] - Statement - PreSaveFile = new java.io.File(((pathPrefix + java.lang.Integer.toString(counter)) + .png)): null

2018-12-12 18:48:43 - [TEST_STEP][PASSED] - Statement - finalPath = pathPrefix + java.lang.Integer.toString(counter) + ".png": null

2018-12-12 18:48:43 - [TEST_STEP][PASSED] - Statement - SaveFile = new java.io.File(finalPath): null

2018-12-12 18:48:43 - [TEST_STEP][PASSED] - Statement - Try: null

2018-12-12 18:48:43 - [TEST_STEP][PASSED] - Statement - org.apache.commons.io.FileUtils.copyFile(scrFile, SaveFile): null

2018-12-12 18:48:43 - [TEST_STEP][PASSED] - Statement - out.println("file kept"): null

2018-12-12 18:48:43 - [TEST_STEP][PASSED] - delay: Delayed 10 second(s)

2018-12-12 18:48:53 - [MESSAGE][PASSED] - Delayed 10 second(s)

2018-12-12 18:48:53 - [MESSAGE][PASSED] - Call Test Case 'Test Cases/Final Aug 2018 - PKS Automation/Registration Module/New Registration/Submit and Screenshot/Submit Registration and Screenshot' successfully

2018-12-12 18:48:53 - [TEST_STEP][PASSED] - callTestCase: Call Test Case 'Test Cases/Final Aug 2018 - PKS Automation/Registration Module/Log Out/log out avoiding katalon tagging' successfully

2018-12-12 18:48:53 - [TEST_CASE][PASSED] - Test Cases/Final Aug 2018 - PKS Automation/Registration Module/Log Out/log out avoiding katalon tagging: Test Cases/Final Aug 2018 - PKS Automation/Registration Module/Log Out/log out avoiding katalon tagging

2018-12-12 18:48:53 - [TEST_STEP][PASSED] - navigateToUrl: Navigate to 'https://assist2-uat.perkeso.gov.my/c/portal/logout' successfully

2018-12-12 18:48:54 - [MESSAGE][PASSED] - Navigate to 'https://assist2-uat.perkeso.gov.my/c/portal/logout' successfully

2018-12-12 18:48:54 - [MESSAGE][PASSED] - Call Test Case 'Test Cases/Final Aug 2018 - PKS Automation/Registration Module/Log Out/log out avoiding katalon tagging' successfully

2018-12-12 18:48:54 - [TEST_STEP][PASSED] - callTestCase: Call Test Case 'Test Cases/Final Aug 2018 - PKS Automation/Common/Workflow Owner Finder' successfully

2018-12-12 18:48:54 - [TEST_CASE][PASSED] - Test Cases/Final Aug 2018 - PKS Automation/Common/Workflow Owner Finder: Test Cases/Final Aug 2018 - PKS Automation/Common/Workflow Owner Finder

2018-12-12 18:48:54 - [TEST_STEP][PASSED] - openBrowser: Browser is opened with url: ''

2018-12-12 18:48:54 - [MESSAGE][WARNING] - A browser is already opened. Closing browser and opening a new one

2018-12-12 18:48:58 - [MESSAGE][PASSED] - Browser is opened with url: ''

2018-12-12 18:48:58 - [TEST_STEP][PASSED] - navigateToUrl: Navigate to 'https://assist2-uat.perkeso.gov.my/login' successfully

2018-12-12 18:48:59 - [MESSAGE][PASSED] - Navigate to 'https://assist2-uat.perkeso.gov.my/login' successfully

2018-12-12 18:48:59 - [TEST_STEP][PASSED] - delay: Delayed 5 second(s)

2018-12-12 18:49:04 - [MESSAGE][PASSED] - Delayed 5 second(s)

2018-12-12 18:49:04 - [TEST_STEP][PASSED] - setText: Text 'test@liferay.com' is set on object 'Object Repository/Final Object Repo/Login Page/Internal User/Email Address'

2018-12-12 18:49:04 - [MESSAGE][PASSED] - Text 'test@liferay.com' is set on object 'Object Repository/Final Object Repo/Login Page/Internal User/Email Address'

2018-12-12 18:49:04 - [TEST_STEP][PASSED] - click: Object: 'Object Repository/Final Object Repo/Login Page/Internal User/Next Button' is clicked on

2018-12-12 18:49:05 - [MESSAGE][PASSED] - Object: 'Object Repository/Final Object Repo/Login Page/Internal User/Next Button' is clicked on

2018-12-12 18:49:05 - [TEST_STEP][PASSED] - delay: Delayed 2 second(s)

2018-12-12 18:49:07 - [MESSAGE][PASSED] - Delayed 2 second(s)

2018-12-12 18:49:07 - [TEST_STEP][PASSED] - setText: Text 'test' is set on object 'Object Repository/Final Object Repo/Login Page/Internal User/Password'

2018-12-12 18:49:07 - [MESSAGE][PASSED] - Text 'test' is set on object 'Object Repository/Final Object Repo/Login Page/Internal User/Password'

2018-12-12 18:49:07 - [TEST_STEP][PASSED] - delay: Delayed 2 second(s)

2018-12-12 18:49:09 - [MESSAGE][PASSED] - Delayed 2 second(s)

2018-12-12 18:49:09 - [TEST_STEP][PASSED] - click: Object: 'Object Repository/Final Object Repo/Login Page/Internal User/Login Button' is clicked on

2018-12-12 18:49:09 - [MESSAGE][PASSED] - Object: 'Object Repository/Final Object Repo/Login Page/Internal User/Login Button' is clicked on

2018-12-12 18:49:09 - [TEST_STEP][PASSED] - Statement - tester = com.kms.katalon.core.testobject.ObjectRepository.findTestObject(Final Object Repo/Landing Page/Select to English): Finding Test Object with id 'Object Repository/Final Object Repo/Landing Page/Select to English'

2018-12-12 18:49:09 - [TEST_STEP][PASSED] - Statement - Try: Delayed 2 second(s)

2018-12-12 18:49:09 - [TEST_STEP][PASSED] - Statement - Checker = com.kms.katalon.core.webui.keyword.WebUiBuiltInKeywords.verifyElementNotPresent(tester, 3): Web element with id: 'Object Repository/Final Object Repo/Landing Page/Select to English' located by 'By.xpath: //a[@class = 'taglib-language-list-text' and @lang = 'en-US' and (contains(text(), 'EN') or contains(., 'EN'))]' is not present after '3' second(s)

2018-12-12 18:49:11 - [MESSAGE][PASSED] - Web element with id: 'Object Repository/Final Object Repo/Landing Page/Select to English' located by 'By.xpath: //a[@class = 'taglib-language-list-text' and @lang = 'en-US' and (contains(text(), 'EN') or contains(., 'EN'))]' is not present after '3' second(s)

2018-12-12 18:49:11 - [TEST_STEP][PASSED] - Statement - If (Checker == false): null

2018-12-12 18:49:11 - [TEST_STEP][PASSED] - delay: Delayed 2 second(s)

2018-12-12 18:49:13 - [MESSAGE][PASSED] - Delayed 2 second(s)

2018-12-12 18:49:13 - [TEST_STEP][PASSED] - delay: Delayed 5 second(s)

2018-12-12 18:49:18 - [MESSAGE][PASSED] - Delayed 5 second(s)

2018-12-12 18:49:18 - [TEST_STEP][PASSED] - mouseOver: Object: 'Object Repository/Final Object Repo/Landing Page/WorkFlow Menu' is hovered

2018-12-12 18:49:18 - [MESSAGE][PASSED] - Object: 'Object Repository/Final Object Repo/Landing Page/WorkFlow Menu' is hovered

2018-12-12 18:49:18 - [TEST_STEP][PASSED] - delay: Delayed 2 second(s)

2018-12-12 18:49:20 - [MESSAGE][PASSED] - Delayed 2 second(s)

2018-12-12 18:49:20 - [TEST_STEP][PASSED] - click: Object: 'Object Repository/Final Object Repo/Landing Page/Select to Workflow Listing' is clicked on

2018-12-12 18:49:21 - [MESSAGE][PASSED] - Object: 'Object Repository/Final Object Repo/Landing Page/Select to Workflow Listing' is clicked on

2018-12-12 18:49:21 - [TEST_STEP][PASSED] - delay: Delayed 2 second(s)

2018-12-12 18:49:23 - [MESSAGE][PASSED] - Delayed 2 second(s)

2018-12-12 18:49:23 - [TEST_STEP][PASSED] - click: Object: 'Object Repository/Final Object Repo/WorkFlow Listing Page/Search Information - To Put Ref No' is clicked on

2018-12-12 18:49:23 - [MESSAGE][PASSED] - Object: 'Object Repository/Final Object Repo/WorkFlow Listing Page/Search Information - To Put Ref No' is clicked on

2018-12-12 18:49:23 - [TEST_STEP][PASSED] - delay: Delayed 2 second(s)

2018-12-12 18:49:25 - [MESSAGE][PASSED] - Delayed 2 second(s)

2018-12-12 18:49:25 - [TEST_STEP][PASSED] - callTestCase: Call Test Case 'Test Cases/Final Aug 2018 - PKS Automation/Common/Reference Number Getter' successfully

2018-12-12 18:49:25 - [TEST_CASE][PASSED] - Test Cases/Final Aug 2018 - PKS Automation/Common/Reference Number Getter: Test Cases/Final Aug 2018 - PKS Automation/Common/Reference Number Getter

2018-12-12 18:49:25 - [TEST_STEP][PASSED] - Statement - Try: null

2018-12-12 18:49:25 - [TEST_STEP][PASSED] - Statement - RefNo = new java.io.File(C://Users//Admin//Desktop//PKS//Automation Reference Point//KatalonReference.txt): null

2018-12-12 18:49:25 - [TEST_STEP][PASSED] - Statement - bufferread = new java.io.BufferedReader(new java.io.FileReader(RefNo)): null

2018-12-12 18:49:25 - [TEST_STEP][PASSED] - Statement - readedVal = bufferread.readLine(): null

2018-12-12 18:49:25 - [TEST_STEP][PASSED] - Statement - out.println(CaseReferenceNo): null

2018-12-12 18:49:25 - [TEST_STEP][PASSED] - Statement - out.println(readedVal): null

2018-12-12 18:49:25 - [TEST_STEP][PASSED] - Statement - CaseReferenceNo = "": null

2018-12-12 18:49:25 - [TEST_STEP][PASSED] - Statement - CaseReferenceNo = readedVal: null

2018-12-12 18:49:25 - [MESSAGE][PASSED] - Call Test Case 'Test Cases/Final Aug 2018 - PKS Automation/Common/Reference Number Getter' successfully

2018-12-12 18:49:25 - [TEST_STEP][PASSED] - setText: Text 'CRN12201800123227' is set on object 'Object Repository/Final Object Repo/WorkFlow Listing Page/Ref No Set Text'

2018-12-12 18:49:25 - [MESSAGE][PASSED] - Text 'CRN12201800123227' is set on object 'Object Repository/Final Object Repo/WorkFlow Listing Page/Ref No Set Text'

2018-12-12 18:49:25 - [TEST_STEP][PASSED] - delay: Delayed 2 second(s)

2018-12-12 18:49:27 - [MESSAGE][PASSED] - Delayed 2 second(s)

2018-12-12 18:49:27 - [TEST_STEP][PASSED] - click: Object: 'Object Repository/Final Object Repo/WorkFlow Listing Page/Search Ref No Search Button' is clicked on

2018-12-12 18:49:28 - [MESSAGE][PASSED] - Object: 'Object Repository/Final Object Repo/WorkFlow Listing Page/Search Ref No Search Button' is clicked on

2018-12-12 18:49:28 - [TEST_STEP][PASSED] - delay: Delayed 6 second(s)

2018-12-12 18:49:34 - [MESSAGE][PASSED] - Delayed 6 second(s)

2018-12-12 18:49:34 - [TEST_STEP][PASSED] - click: Object: 'Object Repository/Final Object Repo/WorkFlow Listing Page/Click Continue Tooltip' is clicked on

2018-12-12 18:49:34 - [MESSAGE][PASSED] - Object: 'Object Repository/Final Object Repo/WorkFlow Listing Page/Click Continue Tooltip' is clicked on

2018-12-12 18:49:34 - [TEST_STEP][PASSED] - delay: Delayed 5 second(s)

2018-12-12 18:49:39 - [MESSAGE][PASSED] - Delayed 5 second(s)

2018-12-12 18:49:39 - [TEST_STEP][PASSED] - doubleClick: Object: 'Object Repository/Final Object Repo/WorkFlow Listing Page/Workflow Found - Listing 1' is double clicked on

2018-12-12 18:49:40 - [MESSAGE][PASSED] - Object: 'Object Repository/Final Object Repo/WorkFlow Listing Page/Workflow Found - Listing 1' is double clicked on

2018-12-12 18:49:40 - [TEST_STEP][PASSED] - Statement - println(OwnerID): null

2018-12-12 18:49:40 - [TEST_STEP][PASSED] - Statement - OwnerID = com.kms.katalon.core.webui.keyword.WebUiBuiltInKeywords.getText(com.kms.katalon.core.testobject.ObjectRepository.findTestObject(Final Object Repo/WorkFlow Listing Page/Workflow Found - Listing 1), STOP_ON_FAILURE): Text of object 'Object Repository/Final Object Repo/WorkFlow Listing Page/Workflow Found - Listing 1' is: 'JOHORro3'

2018-12-12 18:49:40 - [MESSAGE][PASSED] - Text of object 'Object Repository/Final Object Repo/WorkFlow Listing Page/Workflow Found - Listing 1' is: 'JOHORro3'

2018-12-12 18:49:40 - [TEST_STEP][PASSED] - Statement - OwnerID = OwnerID.toLowerCase() + "@gmail.com": null

2018-12-12 18:49:40 - [TEST_STEP][PASSED] - Statement - println(OwnerID): null

2018-12-12 18:49:40 - [TEST_STEP][PASSED] - delay: Delayed 2 second(s)

2018-12-12 18:49:42 - [MESSAGE][PASSED] - Delayed 2 second(s)

2018-12-12 18:49:42 - [MESSAGE][PASSED] - Call Test Case 'Test Cases/Final Aug 2018 - PKS Automation/Common/Workflow Owner Finder' successfully

2018-12-12 18:49:42 - [TEST_STEP][PASSED] - callTestCase: Call Test Case 'Test Cases/Final Aug 2018 - PKS Automation/Registration Module/Log Out/log out avoiding katalon tagging' successfully

2018-12-12 18:49:42 - [TEST_CASE][PASSED] - Test Cases/Final Aug 2018 - PKS Automation/Registration Module/Log Out/log out avoiding katalon tagging: Test Cases/Final Aug 2018 - PKS Automation/Registration Module/Log Out/log out avoiding katalon tagging

2018-12-12 18:49:42 - [TEST_STEP][PASSED] - navigateToUrl: Navigate to 'https://assist2-uat.perkeso.gov.my/c/portal/logout' successfully

2018-12-12 18:49:43 - [MESSAGE][PASSED] - Navigate to 'https://assist2-uat.perkeso.gov.my/c/portal/logout' successfully

2018-12-12 18:49:43 - [MESSAGE][PASSED] - Call Test Case 'Test Cases/Final Aug 2018 - PKS Automation/Registration Module/Log Out/log out avoiding katalon tagging' successfully

2018-12-12 18:49:43 - [TEST_STEP][PASSED] - delay: Delayed 2 second(s)

2018-12-12 18:49:45 - [MESSAGE][PASSED] - Delayed 2 second(s)

2018-12-12 18:49:45 - [TEST_STEP][PASSED] - setText: Text 'johorro3@gmail.com' is set on object 'Object Repository/Final Object Repo/New Registration - Registration Module Pages/New Reg - OTC to RO/Special Case - All Related Objects/Email TextBox'

2018-12-12 18:49:45 - [MESSAGE][PASSED] - Text 'johorro3@gmail.com' is set on object 'Object Repository/Final Object Repo/New Registration - Registration Module Pages/New Reg - OTC to RO/Special Case - All Related Objects/Email TextBox'

2018-12-12 18:49:45 - [TEST_STEP][PASSED] - click: Object: 'Object Repository/Final Object Repo/New Registration - Registration Module Pages/New Reg - OTC to RO/Special Case - All Related Objects/Next Button' is clicked on

2018-12-12 18:49:45 - [MESSAGE][PASSED] - Object: 'Object Repository/Final Object Repo/New Registration - Registration Module Pages/New Reg - OTC to RO/Special Case - All Related Objects/Next Button' is clicked on

2018-12-12 18:49:45 - [TEST_STEP][PASSED] - delay: Delayed 2 second(s)

2018-12-12 18:49:47 - [MESSAGE][PASSED] - Delayed 2 second(s)

2018-12-12 18:49:47 - [TEST_STEP][PASSED] - setText: Text 'Test1@3456789' is set on object 'Object Repository/Final Object Repo/New Registration - Registration Module Pages/New Reg - OTC to RO/Special Case - All Related Objects/Password TextBox'

2018-12-12 18:49:47 - [MESSAGE][PASSED] - Text 'Test1@3456789' is set on object 'Object Repository/Final Object Repo/New Registration - Registration Module Pages/New Reg - OTC to RO/Special Case - All Related Objects/Password TextBox'

2018-12-12 18:49:47 - [TEST_STEP][PASSED] - delay: Delayed 2 second(s)

2018-12-12 18:49:49 - [MESSAGE][PASSED] - Delayed 2 second(s)

2018-12-12 18:49:49 - [TEST_STEP][PASSED] - click: Object: 'Object Repository/Final Object Repo/New Registration - Registration Module Pages/New Reg - OTC to RO/Special Case - All Related Objects/Login Button' is clicked on

2018-12-12 18:49:49 - [MESSAGE][PASSED] - Object: 'Object Repository/Final Object Repo/New Registration - Registration Module Pages/New Reg - OTC to RO/Special Case - All Related Objects/Login Button' is clicked on

2018-12-12 18:49:49 - [TEST_STEP][PASSED] - delay: Delayed 2 second(s)

2018-12-12 18:49:51 - [MESSAGE][PASSED] - Delayed 2 second(s)

2018-12-12 18:49:51 - [TEST_STEP][PASSED] - Statement - Try: null

2018-12-12 18:49:51 - [TEST_STEP][PASSED] - Statement - Checker = com.kms.katalon.core.webui.keyword.WebUiBuiltInKeywords.verifyElementNotPresent("Final Object Repo/Landing Page/Select to English", 3): null

2018-12-12 18:49:51 - [TEST_STEP][PASSED] - Statement - Catch (Exception e): null

2018-12-12 18:49:51 - [TEST_STEP][PASSED] - Statement - e.printStackTrace(): null

2018-12-12 18:49:52 - [TEST_STEP][PASSED] - click: Object: 'Object Repository/Final Object Repo/New Registration - Registration Module Pages/New Reg - OTC to RO/Special Case - All Related Objects/Expand to Search' is clicked on

2018-12-12 18:49:52 - [MESSAGE][PASSED] - Object: 'Object Repository/Final Object Repo/New Registration - Registration Module Pages/New Reg - OTC to RO/Special Case - All Related Objects/Expand to Search' is clicked on

2018-12-12 18:49:52 - [TEST_STEP][FAILED] - setText: Unable to set text 'CRN12201800123227' of object 'Object Repository/Final Object Repo/New Registration - Registration Module Pages/New Reg - OTC to RO/Special Case - All Related Objects/TextBox RefNo in Workbasket' (Root cause: org.openqa.selenium.ElementNotVisibleException: element not interactable
  (Session info: chrome=70.0.3538.110)
  (Driver info: chromedriver=2.43.600210 (68dcf5eebde37173d4027fa8635e332711d2874a),platform=Windows NT 6.1.7601 SP1 x86_64) (WARNING: The server did not provide any stacktrace information)
Command duration or timeout: 0 milliseconds
Build info: version: '3.7.1', revision: '8a0099a', time: '2017-11-06T21:07:36.161Z'
System info: host: 'WIN7TEST02', ip: '10.20.3.72', os.name: 'Windows 7', os.arch: 'amd64', os.version: '6.1', java.version: '1.8.0_181'
Driver info: com.kms.katalon.selenium.driver.CChromeDriver
Capabilities {acceptInsecureCerts: false, acceptSslCerts: false, applicationCacheEnabled: false, browserConnectionEnabled: false, browserName: chrome, chrome: {chromedriverVersion: 2.43.600210 (68dcf5eebde371..., userDataDir: C:\Users\Admin\AppData\Loca...}, cssSelectorsEnabled: true, databaseEnabled: false, goog:chromeOptions: {debuggerAddress: localhost:55040}, handlesAlerts: true, hasTouchScreen: false, javascriptEnabled: true, locationContextEnabled: true, mobileEmulationEnabled: false, nativeEvents: true, networkConnectionEnabled: false, pageLoadStrategy: normal, platform: XP, platformName: XP, rotatable: false, setWindowRect: true, takesHeapSnapshot: true, takesScreenshot: true, unexpectedAlertBehaviour: , unhandledPromptBehavior: , version: 70.0.3538.110, webStorageEnabled: true}
Session ID: 6de0327e30c47b16186df7d83c485267)

2018-12-12 18:49:52 - [MESSAGE][FAILED] - Unable to set text 'CRN12201800123227' of object 'Object Repository/Final Object Repo/New Registration - Registration Module Pages/New Reg - OTC to RO/Special Case - All Related Objects/TextBox RefNo in Workbasket' (Root cause: org.openqa.selenium.ElementNotVisibleException: element not interactable
  (Session info: chrome=70.0.3538.110)
  (Driver info: chromedriver=2.43.600210 (68dcf5eebde37173d4027fa8635e332711d2874a),platform=Windows NT 6.1.7601 SP1 x86_64) (WARNING: The server did not provide any stacktrace information)
Command duration or timeout: 0 milliseconds
Build info: version: '3.7.1', revision: '8a0099a', time: '2017-11-06T21:07:36.161Z'
System info: host: 'WIN7TEST02', ip: '10.20.3.72', os.name: 'Windows 7', os.arch: 'amd64', os.version: '6.1', java.version: '1.8.0_181'
Driver info: com.kms.katalon.selenium.driver.CChromeDriver
Capabilities {acceptInsecureCerts: false, acceptSslCerts: false, applicationCacheEnabled: false, browserConnectionEnabled: false, browserName: chrome, chrome: {chromedriverVersion: 2.43.600210 (68dcf5eebde371..., userDataDir: C:\Users\Admin\AppData\Loca...}, cssSelectorsEnabled: true, databaseEnabled: false, goog:chromeOptions: {debuggerAddress: localhost:55040}, handlesAlerts: true, hasTouchScreen: false, javascriptEnabled: true, locationContextEnabled: true, mobileEmulationEnabled: false, nativeEvents: true, networkConnectionEnabled: false, pageLoadStrategy: normal, platform: XP, platformName: XP, rotatable: false, setWindowRect: true, takesHeapSnapshot: true, takesScreenshot: true, unexpectedAlertBehaviour: , unhandledPromptBehavior: , version: 70.0.3538.110, webStorageEnabled: true}
Session ID: 6de0327e30c47b16186df7d83c485267)
[[ATTACHMENT|C:\\Users\\Admin\\Desktop\\PKS\\Perkeso Phase A\\Reports\\Workflow\\New Registration\\20181212_150049\\1544611792237.png]]

2018-12-12 18:49:52 - [TEST_STEP][PASSED] - delay: Delayed 2 second(s)

2018-12-12 18:49:54 - [MESSAGE][PASSED] - Delayed 2 second(s)

2018-12-12 18:49:54 - [TEST_STEP][PASSED] - click: Object: 'Object Repository/Final Object Repo/New Registration - Registration Module Pages/New Reg - OTC to RO/Special Case - All Related Objects/Click Search' is clicked on

2018-12-12 18:49:54 - [MESSAGE][PASSED] - Object: 'Object Repository/Final Object Repo/New Registration - Registration Module Pages/New Reg - OTC to RO/Special Case - All Related Objects/Click Search' is clicked on

2018-12-12 18:49:54 - [TEST_STEP][PASSED] - delay: Delayed 2 second(s)

2018-12-12 18:49:56 - [MESSAGE][PASSED] - Delayed 2 second(s)

2018-12-12 18:49:56 - [TEST_STEP][PASSED] - click: Object: 'Object Repository/Final Object Repo/New Registration - Registration Module Pages/New Reg - OTC to RO/Special Case - All Related Objects/Click to Continue Workflow' is clicked on

2018-12-12 18:50:00 - [MESSAGE][PASSED] - Object: 'Object Repository/Final Object Repo/New Registration - Registration Module Pages/New Reg - OTC to RO/Special Case - All Related Objects/Click to Continue Workflow' is clicked on

2018-12-12 18:50:00 - [TEST_STEP][PASSED] - delay: Delayed 2 second(s)

2018-12-12 18:50:02 - [MESSAGE][PASSED] - Delayed 2 second(s)

2018-12-12 18:50:02 - [TEST_STEP][PASSED] - click: Object: 'Object Repository/Final Object Repo/New Registration - Registration Module Pages/New Reg - OTC to RO/Special Case - All Related Objects/Continue Button in verifying case' is clicked on

2018-12-12 18:50:04 - [MESSAGE][PASSED] - Object: 'Object Repository/Final Object Repo/New Registration - Registration Module Pages/New Reg - OTC to RO/Special Case - All Related Objects/Continue Button in verifying case' is clicked on

2018-12-12 18:50:04 - [TEST_STEP][PASSED] - delay: Delayed 2 second(s)

2018-12-12 18:50:06 - [MESSAGE][PASSED] - Delayed 2 second(s)

2018-12-12 18:50:06 - [TEST_STEP][PASSED] - click: Object: 'Object Repository/Final Object Repo/New Registration - Registration Module Pages/Form 1/Registered As a Branch - Yes' is clicked on

2018-12-12 18:50:06 - [MESSAGE][PASSED] - Object: 'Object Repository/Final Object Repo/New Registration - Registration Module Pages/Form 1/Registered As a Branch - Yes' is clicked on

2018-12-12 18:50:06 - [TEST_STEP][PASSED] - delay: Delayed 2 second(s)

2018-12-12 18:50:08 - [MESSAGE][PASSED] - Delayed 2 second(s)

2018-12-12 18:50:08 - [TEST_STEP][PASSED] - click: Object: 'Object Repository/Final Object Repo/New Registration - Registration Module Pages/New Reg - OTC to RO/Special Case - All Related Objects/Form 1 Save n Continue' is clicked on

2018-12-12 18:50:08 - [MESSAGE][PASSED] - Object: 'Object Repository/Final Object Repo/New Registration - Registration Module Pages/New Reg - OTC to RO/Special Case - All Related Objects/Form 1 Save n Continue' is clicked on

2018-12-12 18:50:08 - [TEST_STEP][PASSED] - delay: Delayed 2 second(s)

2018-12-12 18:50:10 - [MESSAGE][PASSED] - Delayed 2 second(s)

2018-12-12 18:50:10 - [TEST_STEP][PASSED] - click: Object: 'Object Repository/Final Object Repo/New Registration - Registration Module Pages/New Reg - OTC to RO/Special Case - All Related Objects/Form 2 Save n Continue' is clicked on

2018-12-12 18:50:10 - [MESSAGE][PASSED] - Object: 'Object Repository/Final Object Repo/New Registration - Registration Module Pages/New Reg - OTC to RO/Special Case - All Related Objects/Form 2 Save n Continue' is clicked on

2018-12-12 18:50:10 - [TEST_STEP][PASSED] - delay: Delayed 2 second(s)

2018-12-12 18:50:12 - [MESSAGE][PASSED] - Delayed 2 second(s)

2018-12-12 18:50:12 - [TEST_STEP][PASSED] - click: Object: 'Object Repository/Final Object Repo/New Registration - Registration Module Pages/New Reg - OTC to RO/Special Case - All Related Objects/Third Screen Save n Continue' is clicked on

2018-12-12 18:50:18 - [MESSAGE][PASSED] - Object: 'Object Repository/Final Object Repo/New Registration - Registration Module Pages/New Reg - OTC to RO/Special Case - All Related Objects/Third Screen Save n Continue' is clicked on

2018-12-12 18:50:18 - [TEST_STEP][PASSED] - delay: Delayed 5 second(s)

2018-12-12 18:50:23 - [MESSAGE][PASSED] - Delayed 5 second(s)

2018-12-12 18:50:23 - [TEST_STEP][PASSED] - click: Object: 'Object Repository/Final Object Repo/New Registration - Registration Module Pages/New Reg - OTC to RO/Special Case - All Related Objects/Upload Doc Page Save n Continue' is clicked on

2018-12-12 18:50:23 - [MESSAGE][PASSED] - Object: 'Object Repository/Final Object Repo/New Registration - Registration Module Pages/New Reg - OTC to RO/Special Case - All Related Objects/Upload Doc Page Save n Continue' is clicked on

2018-12-12 18:50:23 - [TEST_STEP][PASSED] - callTestCase: Call Test Case 'Test Cases/Final Aug 2018 - PKS Automation/Registration Module/New Registration/Submit and Screenshot/Submit Registration and Screenshot' successfully

2018-12-12 18:50:23 - [TEST_CASE][PASSED] - Test Cases/Final Aug 2018 - PKS Automation/Registration Module/New Registration/Submit and Screenshot/Submit Registration and Screenshot: Test Cases/Final Aug 2018 - PKS Automation/Registration Module/New Registration/Submit and Screenshot/Submit Registration and Screenshot

2018-12-12 18:50:23 - [TEST_STEP][PASSED] - delay: Delayed 6 second(s)

2018-12-12 18:50:29 - [MESSAGE][PASSED] - Delayed 6 second(s)

2018-12-12 18:50:29 - [TEST_STEP][PASSED] - click: Object: 'Object Repository/Final Object Repo/New Registration - Registration Module Pages/Third Screen - Upload Supporting Doc- Preview/Preview Submit Button' is clicked on

2018-12-12 18:50:29 - [MESSAGE][PASSED] - Object: 'Object Repository/Final Object Repo/New Registration - Registration Module Pages/Third Screen - Upload Supporting Doc- Preview/Preview Submit Button' is clicked on

2018-12-12 18:50:29 - [TEST_STEP][PASSED] - delay: Delayed 2 second(s)

2018-12-12 18:50:31 - [MESSAGE][PASSED] - Delayed 2 second(s)

2018-12-12 18:50:31 - [TEST_STEP][PASSED] - click: Object: 'Object Repository/Final Object Repo/New Registration - Registration Module Pages/Third Screen - Upload Supporting Doc- Preview/Preview Submit - Confirm' is clicked on

2018-12-12 18:50:31 - [MESSAGE][PASSED] - Object: 'Object Repository/Final Object Repo/New Registration - Registration Module Pages/Third Screen - Upload Supporting Doc- Preview/Preview Submit - Confirm' is clicked on

2018-12-12 18:50:31 - [TEST_STEP][PASSED] - delay: Delayed 15 second(s)

2018-12-12 18:50:46 - [MESSAGE][PASSED] - Delayed 15 second(s)

2018-12-12 18:50:46 - [TEST_STEP][PASSED] - Statement - driver = com.kms.katalon.core.webui.driver.DriverFactory.getWebDriver(): null

2018-12-12 18:50:46 - [TEST_STEP][PASSED] - Statement - driver.manage().timeouts().implicitlyWait(10, SECONDS): null

2018-12-12 18:50:46 - [TEST_STEP][PASSED] - Statement - PresavePath = KatalonScreenshots: null

2018-12-12 18:50:46 - [TEST_STEP][PASSED] - Statement - pathPrefix = "C:\Users\Public\Pictures\Sample Pictures\Katalon Screenshots\Automate Ending Screen": null

2018-12-12 18:50:46 - [TEST_STEP][PASSED] - Statement - finalPath = <not implemented yet for class: org.codehaus.groovy.ast.expr.EmptyExpression>: null

2018-12-12 18:50:46 - [TEST_STEP][PASSED] - Statement - scrFile = driver.getScreenshotAs(FILE): null

2018-12-12 18:50:47 - [TEST_STEP][PASSED] - Statement - PreSaveFile = new java.io.File(PresavePath): null

2018-12-12 18:50:47 - [TEST_STEP][PASSED] - Statement - counter = 0: null

2018-12-12 18:50:47 - [TEST_STEP][PASSED] - Statement - If (PreSaveFile.exists()): null

2018-12-12 18:50:47 - [TEST_STEP][PASSED] - Statement - While (PreSaveFile.exists()): null

2018-12-12 18:50:47 - [TEST_STEP][PASSED] - Statement - counter = counter + 1: null

2018-12-12 18:50:47 - [TEST_STEP][PASSED] - Statement - PreSaveFile = new java.io.File(((pathPrefix + java.lang.Integer.toString(counter)) + .png)): null

2018-12-12 18:50:47 - [TEST_STEP][PASSED] - Statement - counter = counter + 1: null

2018-12-12 18:50:47 - [TEST_STEP][PASSED] - Statement - PreSaveFile = new java.io.File(((pathPrefix + java.lang.Integer.toString(counter)) + .png)): null

2018-12-12 18:50:47 - [TEST_STEP][PASSED] - Statement - counter = counter + 1: null

2018-12-12 18:50:47 - [TEST_STEP][PASSED] - Statement - PreSaveFile = new java.io.File(((pathPrefix + java.lang.Integer.toString(counter)) + .png)): null

2018-12-12 18:50:47 - [TEST_STEP][PASSED] - Statement - counter = counter + 1: null

2018-12-12 18:50:47 - [TEST_STEP][PASSED] - Statement - PreSaveFile = new java.io.File(((pathPrefix + java.lang.Integer.toString(counter)) + .png)): null

2018-12-12 18:50:47 - [TEST_STEP][PASSED] - Statement - counter = counter + 1: null

2018-12-12 18:50:47 - [TEST_STEP][PASSED] - Statement - PreSaveFile = new java.io.File(((pathPrefix + java.lang.Integer.toString(counter)) + .png)): null

2018-12-12 18:50:47 - [TEST_STEP][PASSED] - Statement - counter = counter + 1: null

2018-12-12 18:50:47 - [TEST_STEP][PASSED] - Statement - PreSaveFile = new java.io.File(((pathPrefix + java.lang.Integer.toString(counter)) + .png)): null

2018-12-12 18:50:47 - [TEST_STEP][PASSED] - Statement - counter = counter + 1: null

2018-12-12 18:50:47 - [TEST_STEP][PASSED] - Statement - PreSaveFile = new java.io.File(((pathPrefix + java.lang.Integer.toString(counter)) + .png)): null

2018-12-12 18:50:47 - [TEST_STEP][PASSED] - Statement - counter = counter + 1: null

2018-12-12 18:50:47 - [TEST_STEP][PASSED] - Statement - PreSaveFile = new java.io.File(((pathPrefix + java.lang.Integer.toString(counter)) + .png)): null

2018-12-12 18:50:47 - [TEST_STEP][PASSED] - Statement - counter = counter + 1: null

2018-12-12 18:50:47 - [TEST_STEP][PASSED] - Statement - PreSaveFile = new java.io.File(((pathPrefix + java.lang.Integer.toString(counter)) + .png)): null

2018-12-12 18:50:47 - [TEST_STEP][PASSED] - Statement - counter = counter + 1: null

2018-12-12 18:50:47 - [TEST_STEP][PASSED] - Statement - PreSaveFile = new java.io.File(((pathPrefix + java.lang.Integer.toString(counter)) + .png)): null

2018-12-12 18:50:47 - [TEST_STEP][PASSED] - Statement - counter = counter + 1: null

2018-12-12 18:50:47 - [TEST_STEP][PASSED] - Statement - PreSaveFile = new java.io.File(((pathPrefix + java.lang.Integer.toString(counter)) + .png)): null

2018-12-12 18:50:47 - [TEST_STEP][PASSED] - Statement - counter = counter + 1: null

2018-12-12 18:50:47 - [TEST_STEP][PASSED] - Statement - PreSaveFile = new java.io.File(((pathPrefix + java.lang.Integer.toString(counter)) + .png)): null

2018-12-12 18:50:47 - [TEST_STEP][PASSED] - Statement - counter = counter + 1: null

2018-12-12 18:50:47 - [TEST_STEP][PASSED] - Statement - PreSaveFile = new java.io.File(((pathPrefix + java.lang.Integer.toString(counter)) + .png)): null

2018-12-12 18:50:47 - [TEST_STEP][PASSED] - Statement - counter = counter + 1: null

2018-12-12 18:50:47 - [TEST_STEP][PASSED] - Statement - PreSaveFile = new java.io.File(((pathPrefix + java.lang.Integer.toString(counter)) + .png)): null

2018-12-12 18:50:47 - [TEST_STEP][PASSED] - Statement - counter = counter + 1: null

2018-12-12 18:50:47 - [TEST_STEP][PASSED] - Statement - PreSaveFile = new java.io.File(((pathPrefix + java.lang.Integer.toString(counter)) + .png)): null

2018-12-12 18:50:47 - [TEST_STEP][PASSED] - Statement - counter = counter + 1: null

2018-12-12 18:50:47 - [TEST_STEP][PASSED] - Statement - PreSaveFile = new java.io.File(((pathPrefix + java.lang.Integer.toString(counter)) + .png)): null

2018-12-12 18:50:47 - [TEST_STEP][PASSED] - Statement - counter = counter + 1: null

2018-12-12 18:50:47 - [TEST_STEP][PASSED] - Statement - PreSaveFile = new java.io.File(((pathPrefix + java.lang.Integer.toString(counter)) + .png)): null

2018-12-12 18:50:47 - [TEST_STEP][PASSED] - Statement - counter = counter + 1: null

2018-12-12 18:50:47 - [TEST_STEP][PASSED] - Statement - PreSaveFile = new java.io.File(((pathPrefix + java.lang.Integer.toString(counter)) + .png)): null

2018-12-12 18:50:47 - [TEST_STEP][PASSED] - Statement - counter = counter + 1: null

2018-12-12 18:50:47 - [TEST_STEP][PASSED] - Statement - PreSaveFile = new java.io.File(((pathPrefix + java.lang.Integer.toString(counter)) + .png)): null

2018-12-12 18:50:47 - [TEST_STEP][PASSED] - Statement - counter = counter + 1: null

2018-12-12 18:50:47 - [TEST_STEP][PASSED] - Statement - PreSaveFile = new java.io.File(((pathPrefix + java.lang.Integer.toString(counter)) + .png)): null

2018-12-12 18:50:47 - [TEST_STEP][PASSED] - Statement - counter = counter + 1: null

2018-12-12 18:50:47 - [TEST_STEP][PASSED] - Statement - PreSaveFile = new java.io.File(((pathPrefix + java.lang.Integer.toString(counter)) + .png)): null

2018-12-12 18:50:47 - [TEST_STEP][PASSED] - Statement - counter = counter + 1: null

2018-12-12 18:50:47 - [TEST_STEP][PASSED] - Statement - PreSaveFile = new java.io.File(((pathPrefix + java.lang.Integer.toString(counter)) + .png)): null

2018-12-12 18:50:47 - [TEST_STEP][PASSED] - Statement - counter = counter + 1: null

2018-12-12 18:50:47 - [TEST_STEP][PASSED] - Statement - PreSaveFile = new java.io.File(((pathPrefix + java.lang.Integer.toString(counter)) + .png)): null

2018-12-12 18:50:47 - [TEST_STEP][PASSED] - Statement - counter = counter + 1: null

2018-12-12 18:50:47 - [TEST_STEP][PASSED] - Statement - PreSaveFile = new java.io.File(((pathPrefix + java.lang.Integer.toString(counter)) + .png)): null

2018-12-12 18:50:47 - [TEST_STEP][PASSED] - Statement - counter = counter + 1: null

2018-12-12 18:50:47 - [TEST_STEP][PASSED] - Statement - PreSaveFile = new java.io.File(((pathPrefix + java.lang.Integer.toString(counter)) + .png)): null

2018-12-12 18:50:47 - [TEST_STEP][PASSED] - Statement - counter = counter + 1: null

2018-12-12 18:50:47 - [TEST_STEP][PASSED] - Statement - PreSaveFile = new java.io.File(((pathPrefix + java.lang.Integer.toString(counter)) + .png)): null

2018-12-12 18:50:47 - [TEST_STEP][PASSED] - Statement - counter = counter + 1: null

2018-12-12 18:50:47 - [TEST_STEP][PASSED] - Statement - PreSaveFile = new java.io.File(((pathPrefix + java.lang.Integer.toString(counter)) + .png)): null

2018-12-12 18:50:47 - [TEST_STEP][PASSED] - Statement - counter = counter + 1: null

2018-12-12 18:50:47 - [TEST_STEP][PASSED] - Statement - PreSaveFile = new java.io.File(((pathPrefix + java.lang.Integer.toString(counter)) + .png)): null

2018-12-12 18:50:47 - [TEST_STEP][PASSED] - Statement - counter = counter + 1: null

2018-12-12 18:50:47 - [TEST_STEP][PASSED] - Statement - PreSaveFile = new java.io.File(((pathPrefix + java.lang.Integer.toString(counter)) + .png)): null

2018-12-12 18:50:47 - [TEST_STEP][PASSED] - Statement - counter = counter + 1: null

2018-12-12 18:50:47 - [TEST_STEP][PASSED] - Statement - PreSaveFile = new java.io.File(((pathPrefix + java.lang.Integer.toString(counter)) + .png)): null

2018-12-12 18:50:47 - [TEST_STEP][PASSED] - Statement - counter = counter + 1: null

2018-12-12 18:50:47 - [TEST_STEP][PASSED] - Statement - PreSaveFile = new java.io.File(((pathPrefix + java.lang.Integer.toString(counter)) + .png)): null

2018-12-12 18:50:47 - [TEST_STEP][PASSED] - Statement - counter = counter + 1: null

2018-12-12 18:50:47 - [TEST_STEP][PASSED] - Statement - PreSaveFile = new java.io.File(((pathPrefix + java.lang.Integer.toString(counter)) + .png)): null

2018-12-12 18:50:47 - [TEST_STEP][PASSED] - Statement - counter = counter + 1: null

2018-12-12 18:50:47 - [TEST_STEP][PASSED] - Statement - PreSaveFile = new java.io.File(((pathPrefix + java.lang.Integer.toString(counter)) + .png)): null

2018-12-12 18:50:47 - [TEST_STEP][PASSED] - Statement - counter = counter + 1: null

2018-12-12 18:50:47 - [TEST_STEP][PASSED] - Statement - PreSaveFile = new java.io.File(((pathPrefix + java.lang.Integer.toString(counter)) + .png)): null

2018-12-12 18:50:47 - [TEST_STEP][PASSED] - Statement - counter = counter + 1: null

2018-12-12 18:50:47 - [TEST_STEP][PASSED] - Statement - PreSaveFile = new java.io.File(((pathPrefix + java.lang.Integer.toString(counter)) + .png)): null

2018-12-12 18:50:47 - [TEST_STEP][PASSED] - Statement - counter = counter + 1: null

2018-12-12 18:50:47 - [TEST_STEP][PASSED] - Statement - PreSaveFile = new java.io.File(((pathPrefix + java.lang.Integer.toString(counter)) + .png)): null

2018-12-12 18:50:47 - [TEST_STEP][PASSED] - Statement - counter = counter + 1: null

2018-12-12 18:50:47 - [TEST_STEP][PASSED] - Statement - PreSaveFile = new java.io.File(((pathPrefix + java.lang.Integer.toString(counter)) + .png)): null

2018-12-12 18:50:47 - [TEST_STEP][PASSED] - Statement - counter = counter + 1: null

2018-12-12 18:50:47 - [TEST_STEP][PASSED] - Statement - PreSaveFile = new java.io.File(((pathPrefix + java.lang.Integer.toString(counter)) + .png)): null

2018-12-12 18:50:47 - [TEST_STEP][PASSED] - Statement - counter = counter + 1: null

2018-12-12 18:50:47 - [TEST_STEP][PASSED] - Statement - PreSaveFile = new java.io.File(((pathPrefix + java.lang.Integer.toString(counter)) + .png)): null

2018-12-12 18:50:47 - [TEST_STEP][PASSED] - Statement - counter = counter + 1: null

2018-12-12 18:50:47 - [TEST_STEP][PASSED] - Statement - PreSaveFile = new java.io.File(((pathPrefix + java.lang.Integer.toString(counter)) + .png)): null

2018-12-12 18:50:47 - [TEST_STEP][PASSED] - Statement - counter = counter + 1: null

2018-12-12 18:50:47 - [TEST_STEP][PASSED] - Statement - PreSaveFile = new java.io.File(((pathPrefix + java.lang.Integer.toString(counter)) + .png)): null

2018-12-12 18:50:47 - [TEST_STEP][PASSED] - Statement - counter = counter + 1: null

2018-12-12 18:50:47 - [TEST_STEP][PASSED] - Statement - PreSaveFile = new java.io.File(((pathPrefix + java.lang.Integer.toString(counter)) + .png)): null

2018-12-12 18:50:47 - [TEST_STEP][PASSED] - Statement - counter = counter + 1: null

2018-12-12 18:50:47 - [TEST_STEP][PASSED] - Statement - PreSaveFile = new java.io.File(((pathPrefix + java.lang.Integer.toString(counter)) + .png)): null

2018-12-12 18:50:47 - [TEST_STEP][PASSED] - Statement - counter = counter + 1: null

2018-12-12 18:50:47 - [TEST_STEP][PASSED] - Statement - PreSaveFile = new java.io.File(((pathPrefix + java.lang.Integer.toString(counter)) + .png)): null

2018-12-12 18:50:47 - [TEST_STEP][PASSED] - Statement - counter = counter + 1: null

2018-12-12 18:50:47 - [TEST_STEP][PASSED] - Statement - PreSaveFile = new java.io.File(((pathPrefix + java.lang.Integer.toString(counter)) + .png)): null

2018-12-12 18:50:47 - [TEST_STEP][PASSED] - Statement - counter = counter + 1: null

2018-12-12 18:50:47 - [TEST_STEP][PASSED] - Statement - PreSaveFile = new java.io.File(((pathPrefix + java.lang.Integer.toString(counter)) + .png)): null

2018-12-12 18:50:47 - [TEST_STEP][PASSED] - Statement - counter = counter + 1: null

2018-12-12 18:50:47 - [TEST_STEP][PASSED] - Statement - PreSaveFile = new java.io.File(((pathPrefix + java.lang.Integer.toString(counter)) + .png)): null

2018-12-12 18:50:47 - [TEST_STEP][PASSED] - Statement - counter = counter + 1: null

2018-12-12 18:50:47 - [TEST_STEP][PASSED] - Statement - PreSaveFile = new java.io.File(((pathPrefix + java.lang.Integer.toString(counter)) + .png)): null

2018-12-12 18:50:47 - [TEST_STEP][PASSED] - Statement - counter = counter + 1: null

2018-12-12 18:50:47 - [TEST_STEP][PASSED] - Statement - PreSaveFile = new java.io.File(((pathPrefix + java.lang.Integer.toString(counter)) + .png)): null

2018-12-12 18:50:47 - [TEST_STEP][PASSED] - Statement - counter = counter + 1: null

2018-12-12 18:50:47 - [TEST_STEP][PASSED] - Statement - PreSaveFile = new java.io.File(((pathPrefix + java.lang.Integer.toString(counter)) + .png)): null

2018-12-12 18:50:47 - [TEST_STEP][PASSED] - Statement - counter = counter + 1: null

2018-12-12 18:50:47 - [TEST_STEP][PASSED] - Statement - PreSaveFile = new java.io.File(((pathPrefix + java.lang.Integer.toString(counter)) + .png)): null

2018-12-12 18:50:47 - [TEST_STEP][PASSED] - Statement - counter = counter + 1: null

2018-12-12 18:50:47 - [TEST_STEP][PASSED] - Statement - PreSaveFile = new java.io.File(((pathPrefix + java.lang.Integer.toString(counter)) + .png)): null

2018-12-12 18:50:47 - [TEST_STEP][PASSED] - Statement - counter = counter + 1: null

2018-12-12 18:50:47 - [TEST_STEP][PASSED] - Statement - PreSaveFile = new java.io.File(((pathPrefix + java.lang.Integer.toString(counter)) + .png)): null

2018-12-12 18:50:47 - [TEST_STEP][PASSED] - Statement - counter = counter + 1: null

2018-12-12 18:50:47 - [TEST_STEP][PASSED] - Statement - PreSaveFile = new java.io.File(((pathPrefix + java.lang.Integer.toString(counter)) + .png)): null

2018-12-12 18:50:47 - [TEST_STEP][PASSED] - Statement - counter = counter + 1: null

2018-12-12 18:50:47 - [TEST_STEP][PASSED] - Statement - PreSaveFile = new java.io.File(((pathPrefix + java.lang.Integer.toString(counter)) + .png)): null

2018-12-12 18:50:47 - [TEST_STEP][PASSED] - Statement - counter = counter + 1: null

2018-12-12 18:50:47 - [TEST_STEP][PASSED] - Statement - PreSaveFile = new java.io.File(((pathPrefix + java.lang.Integer.toString(counter)) + .png)): null

2018-12-12 18:50:47 - [TEST_STEP][PASSED] - Statement - counter = counter + 1: null

2018-12-12 18:50:47 - [TEST_STEP][PASSED] - Statement - PreSaveFile = new java.io.File(((pathPrefix + java.lang.Integer.toString(counter)) + .png)): null

2018-12-12 18:50:47 - [TEST_STEP][PASSED] - Statement - counter = counter + 1: null

2018-12-12 18:50:47 - [TEST_STEP][PASSED] - Statement - PreSaveFile = new java.io.File(((pathPrefix + java.lang.Integer.toString(counter)) + .png)): null

2018-12-12 18:50:47 - [TEST_STEP][PASSED] - Statement - counter = counter + 1: null

2018-12-12 18:50:47 - [TEST_STEP][PASSED] - Statement - PreSaveFile = new java.io.File(((pathPrefix + java.lang.Integer.toString(counter)) + .png)): null

2018-12-12 18:50:47 - [TEST_STEP][PASSED] - Statement - counter = counter + 1: null

2018-12-12 18:50:47 - [TEST_STEP][PASSED] - Statement - PreSaveFile = new java.io.File(((pathPrefix + java.lang.Integer.toString(counter)) + .png)): null

2018-12-12 18:50:47 - [TEST_STEP][PASSED] - Statement - counter = counter + 1: null

2018-12-12 18:50:47 - [TEST_STEP][PASSED] - Statement - PreSaveFile = new java.io.File(((pathPrefix + java.lang.Integer.toString(counter)) + .png)): null

2018-12-12 18:50:47 - [TEST_STEP][PASSED] - Statement - counter = counter + 1: null

2018-12-12 18:50:47 - [TEST_STEP][PASSED] - Statement - PreSaveFile = new java.io.File(((pathPrefix + java.lang.Integer.toString(counter)) + .png)): null

2018-12-12 18:50:47 - [TEST_STEP][PASSED] - Statement - counter = counter + 1: null

2018-12-12 18:50:47 - [TEST_STEP][PASSED] - Statement - PreSaveFile = new java.io.File(((pathPrefix + java.lang.Integer.toString(counter)) + .png)): null

2018-12-12 18:50:47 - [TEST_STEP][PASSED] - Statement - counter = counter + 1: null

2018-12-12 18:50:47 - [TEST_STEP][PASSED] - Statement - PreSaveFile = new java.io.File(((pathPrefix + java.lang.Integer.toString(counter)) + .png)): null

2018-12-12 18:50:47 - [TEST_STEP][PASSED] - Statement - counter = counter + 1: null

2018-12-12 18:50:47 - [TEST_STEP][PASSED] - Statement - PreSaveFile = new java.io.File(((pathPrefix + java.lang.Integer.toString(counter)) + .png)): null

2018-12-12 18:50:47 - [TEST_STEP][PASSED] - Statement - counter = counter + 1: null

2018-12-12 18:50:47 - [TEST_STEP][PASSED] - Statement - PreSaveFile = new java.io.File(((pathPrefix + java.lang.Integer.toString(counter)) + .png)): null

2018-12-12 18:50:47 - [TEST_STEP][PASSED] - Statement - counter = counter + 1: null

2018-12-12 18:50:47 - [TEST_STEP][PASSED] - Statement - PreSaveFile = new java.io.File(((pathPrefix + java.lang.Integer.toString(counter)) + .png)): null

2018-12-12 18:50:47 - [TEST_STEP][PASSED] - Statement - counter = counter + 1: null

2018-12-12 18:50:47 - [TEST_STEP][PASSED] - Statement - PreSaveFile = new java.io.File(((pathPrefix + java.lang.Integer.toString(counter)) + .png)): null

2018-12-12 18:50:47 - [TEST_STEP][PASSED] - Statement - counter = counter + 1: null

2018-12-12 18:50:47 - [TEST_STEP][PASSED] - Statement - PreSaveFile = new java.io.File(((pathPrefix + java.lang.Integer.toString(counter)) + .png)): null

2018-12-12 18:50:47 - [TEST_STEP][PASSED] - Statement - counter = counter + 1: null

2018-12-12 18:50:47 - [TEST_STEP][PASSED] - Statement - PreSaveFile = new java.io.File(((pathPrefix + java.lang.Integer.toString(counter)) + .png)): null

2018-12-12 18:50:47 - [TEST_STEP][PASSED] - Statement - counter = counter + 1: null

2018-12-12 18:50:47 - [TEST_STEP][PASSED] - Statement - PreSaveFile = new java.io.File(((pathPrefix + java.lang.Integer.toString(counter)) + .png)): null

2018-12-12 18:50:47 - [TEST_STEP][PASSED] - Statement - counter = counter + 1: null

2018-12-12 18:50:47 - [TEST_STEP][PASSED] - Statement - PreSaveFile = new java.io.File(((pathPrefix + java.lang.Integer.toString(counter)) + .png)): null

2018-12-12 18:50:47 - [TEST_STEP][PASSED] - Statement - counter = counter + 1: null

2018-12-12 18:50:47 - [TEST_STEP][PASSED] - Statement - PreSaveFile = new java.io.File(((pathPrefix + java.lang.Integer.toString(counter)) + .png)): null

2018-12-12 18:50:47 - [TEST_STEP][PASSED] - Statement - counter = counter + 1: null

2018-12-12 18:50:47 - [TEST_STEP][PASSED] - Statement - PreSaveFile = new java.io.File(((pathPrefix + java.lang.Integer.toString(counter)) + .png)): null

2018-12-12 18:50:47 - [TEST_STEP][PASSED] - Statement - counter = counter + 1: null

2018-12-12 18:50:47 - [TEST_STEP][PASSED] - Statement - PreSaveFile = new java.io.File(((pathPrefix + java.lang.Integer.toString(counter)) + .png)): null

2018-12-12 18:50:47 - [TEST_STEP][PASSED] - Statement - counter = counter + 1: null

2018-12-12 18:50:47 - [TEST_STEP][PASSED] - Statement - PreSaveFile = new java.io.File(((pathPrefix + java.lang.Integer.toString(counter)) + .png)): null

2018-12-12 18:50:47 - [TEST_STEP][PASSED] - Statement - counter = counter + 1: null

2018-12-12 18:50:47 - [TEST_STEP][PASSED] - Statement - PreSaveFile = new java.io.File(((pathPrefix + java.lang.Integer.toString(counter)) + .png)): null

2018-12-12 18:50:47 - [TEST_STEP][PASSED] - Statement - counter = counter + 1: null

2018-12-12 18:50:47 - [TEST_STEP][PASSED] - Statement - PreSaveFile = new java.io.File(((pathPrefix + java.lang.Integer.toString(counter)) + .png)): null

2018-12-12 18:50:47 - [TEST_STEP][PASSED] - Statement - counter = counter + 1: null

2018-12-12 18:50:47 - [TEST_STEP][PASSED] - Statement - PreSaveFile = new java.io.File(((pathPrefix + java.lang.Integer.toString(counter)) + .png)): null

2018-12-12 18:50:47 - [TEST_STEP][PASSED] - Statement - counter = counter + 1: null

2018-12-12 18:50:47 - [TEST_STEP][PASSED] - Statement - PreSaveFile = new java.io.File(((pathPrefix + java.lang.Integer.toString(counter)) + .png)): null

2018-12-12 18:50:47 - [TEST_STEP][PASSED] - Statement - counter = counter + 1: null

2018-12-12 18:50:47 - [TEST_STEP][PASSED] - Statement - PreSaveFile = new java.io.File(((pathPrefix + java.lang.Integer.toString(counter)) + .png)): null

2018-12-12 18:50:47 - [TEST_STEP][PASSED] - Statement - counter = counter + 1: null

2018-12-12 18:50:47 - [TEST_STEP][PASSED] - Statement - PreSaveFile = new java.io.File(((pathPrefix + java.lang.Integer.toString(counter)) + .png)): null

2018-12-12 18:50:47 - [TEST_STEP][PASSED] - Statement - counter = counter + 1: null

2018-12-12 18:50:47 - [TEST_STEP][PASSED] - Statement - PreSaveFile = new java.io.File(((pathPrefix + java.lang.Integer.toString(counter)) + .png)): null

2018-12-12 18:50:47 - [TEST_STEP][PASSED] - Statement - counter = counter + 1: null

2018-12-12 18:50:47 - [TEST_STEP][PASSED] - Statement - PreSaveFile = new java.io.File(((pathPrefix + java.lang.Integer.toString(counter)) + .png)): null

2018-12-12 18:50:47 - [TEST_STEP][PASSED] - Statement - counter = counter + 1: null

2018-12-12 18:50:47 - [TEST_STEP][PASSED] - Statement - PreSaveFile = new java.io.File(((pathPrefix + java.lang.Integer.toString(counter)) + .png)): null

2018-12-12 18:50:47 - [TEST_STEP][PASSED] - Statement - counter = counter + 1: null

2018-12-12 18:50:47 - [TEST_STEP][PASSED] - Statement - PreSaveFile = new java.io.File(((pathPrefix + java.lang.Integer.toString(counter)) + .png)): null

2018-12-12 18:50:47 - [TEST_STEP][PASSED] - Statement - counter = counter + 1: null

2018-12-12 18:50:47 - [TEST_STEP][PASSED] - Statement - PreSaveFile = new java.io.File(((pathPrefix + java.lang.Integer.toString(counter)) + .png)): null

2018-12-12 18:50:47 - [TEST_STEP][PASSED] - Statement - counter = counter + 1: null

2018-12-12 18:50:47 - [TEST_STEP][PASSED] - Statement - PreSaveFile = new java.io.File(((pathPrefix + java.lang.Integer.toString(counter)) + .png)): null

2018-12-12 18:50:47 - [TEST_STEP][PASSED] - Statement - counter = counter + 1: null

2018-12-12 18:50:47 - [TEST_STEP][PASSED] - Statement - PreSaveFile = new java.io.File(((pathPrefix + java.lang.Integer.toString(counter)) + .png)): null

2018-12-12 18:50:47 - [TEST_STEP][PASSED] - Statement - counter = counter + 1: null

2018-12-12 18:50:47 - [TEST_STEP][PASSED] - Statement - PreSaveFile = new java.io.File(((pathPrefix + java.lang.Integer.toString(counter)) + .png)): null

2018-12-12 18:50:47 - [TEST_STEP][PASSED] - Statement - counter = counter + 1: null

2018-12-12 18:50:47 - [TEST_STEP][PASSED] - Statement - PreSaveFile = new java.io.File(((pathPrefix + java.lang.Integer.toString(counter)) + .png)): null

2018-12-12 18:50:47 - [TEST_STEP][PASSED] - Statement - counter = counter + 1: null

2018-12-12 18:50:47 - [TEST_STEP][PASSED] - Statement - PreSaveFile = new java.io.File(((pathPrefix + java.lang.Integer.toString(counter)) + .png)): null

2018-12-12 18:50:47 - [TEST_STEP][PASSED] - Statement - counter = counter + 1: null

2018-12-12 18:50:47 - [TEST_STEP][PASSED] - Statement - PreSaveFile = new java.io.File(((pathPrefix + java.lang.Integer.toString(counter)) + .png)): null

2018-12-12 18:50:47 - [TEST_STEP][PASSED] - Statement - counter = counter + 1: null

2018-12-12 18:50:47 - [TEST_STEP][PASSED] - Statement - PreSaveFile = new java.io.File(((pathPrefix + java.lang.Integer.toString(counter)) + .png)): null

2018-12-12 18:50:47 - [TEST_STEP][PASSED] - Statement - counter = counter + 1: null

2018-12-12 18:50:47 - [TEST_STEP][PASSED] - Statement - PreSaveFile = new java.io.File(((pathPrefix + java.lang.Integer.toString(counter)) + .png)): null

2018-12-12 18:50:47 - [TEST_STEP][PASSED] - Statement - counter = counter + 1: null

2018-12-12 18:50:47 - [TEST_STEP][PASSED] - Statement - PreSaveFile = new java.io.File(((pathPrefix + java.lang.Integer.toString(counter)) + .png)): null

2018-12-12 18:50:47 - [TEST_STEP][PASSED] - Statement - counter = counter + 1: null

2018-12-12 18:50:47 - [TEST_STEP][PASSED] - Statement - PreSaveFile = new java.io.File(((pathPrefix + java.lang.Integer.toString(counter)) + .png)): null

2018-12-12 18:50:47 - [TEST_STEP][PASSED] - Statement - counter = counter + 1: null

2018-12-12 18:50:47 - [TEST_STEP][PASSED] - Statement - PreSaveFile = new java.io.File(((pathPrefix + java.lang.Integer.toString(counter)) + .png)): null

2018-12-12 18:50:47 - [TEST_STEP][PASSED] - Statement - counter = counter + 1: null

2018-12-12 18:50:47 - [TEST_STEP][PASSED] - Statement - PreSaveFile = new java.io.File(((pathPrefix + java.lang.Integer.toString(counter)) + .png)): null

2018-12-12 18:50:47 - [TEST_STEP][PASSED] - Statement - counter = counter + 1: null

2018-12-12 18:50:47 - [TEST_STEP][PASSED] - Statement - PreSaveFile = new java.io.File(((pathPrefix + java.lang.Integer.toString(counter)) + .png)): null

2018-12-12 18:50:47 - [TEST_STEP][PASSED] - Statement - counter = counter + 1: null

2018-12-12 18:50:47 - [TEST_STEP][PASSED] - Statement - PreSaveFile = new java.io.File(((pathPrefix + java.lang.Integer.toString(counter)) + .png)): null

2018-12-12 18:50:47 - [TEST_STEP][PASSED] - Statement - counter = counter + 1: null

2018-12-12 18:50:47 - [TEST_STEP][PASSED] - Statement - PreSaveFile = new java.io.File(((pathPrefix + java.lang.Integer.toString(counter)) + .png)): null

2018-12-12 18:50:47 - [TEST_STEP][PASSED] - Statement - counter = counter + 1: null

2018-12-12 18:50:47 - [TEST_STEP][PASSED] - Statement - PreSaveFile = new java.io.File(((pathPrefix + java.lang.Integer.toString(counter)) + .png)): null

2018-12-12 18:50:47 - [TEST_STEP][PASSED] - Statement - counter = counter + 1: null

2018-12-12 18:50:47 - [TEST_STEP][PASSED] - Statement - PreSaveFile = new java.io.File(((pathPrefix + java.lang.Integer.toString(counter)) + .png)): null

2018-12-12 18:50:47 - [TEST_STEP][PASSED] - Statement - counter = counter + 1: null

2018-12-12 18:50:47 - [TEST_STEP][PASSED] - Statement - PreSaveFile = new java.io.File(((pathPrefix + java.lang.Integer.toString(counter)) + .png)): null

2018-12-12 18:50:47 - [TEST_STEP][PASSED] - Statement - counter = counter + 1: null

2018-12-12 18:50:47 - [TEST_STEP][PASSED] - Statement - PreSaveFile = new java.io.File(((pathPrefix + java.lang.Integer.toString(counter)) + .png)): null

2018-12-12 18:50:47 - [TEST_STEP][PASSED] - Statement - counter = counter + 1: null

2018-12-12 18:50:47 - [TEST_STEP][PASSED] - Statement - PreSaveFile = new java.io.File(((pathPrefix + java.lang.Integer.toString(counter)) + .png)): null

2018-12-12 18:50:47 - [TEST_STEP][PASSED] - Statement - counter = counter + 1: null

2018-12-12 18:50:47 - [TEST_STEP][PASSED] - Statement - PreSaveFile = new java.io.File(((pathPrefix + java.lang.Integer.toString(counter)) + .png)): null

2018-12-12 18:50:47 - [TEST_STEP][PASSED] - Statement - counter = counter + 1: null

2018-12-12 18:50:47 - [TEST_STEP][PASSED] - Statement - PreSaveFile = new java.io.File(((pathPrefix + java.lang.Integer.toString(counter)) + .png)): null

2018-12-12 18:50:47 - [TEST_STEP][PASSED] - Statement - counter = counter + 1: null

2018-12-12 18:50:47 - [TEST_STEP][PASSED] - Statement - PreSaveFile = new java.io.File(((pathPrefix + java.lang.Integer.toString(counter)) + .png)): null

2018-12-12 18:50:47 - [TEST_STEP][PASSED] - Statement - counter = counter + 1: null

2018-12-12 18:50:47 - [TEST_STEP][PASSED] - Statement - PreSaveFile = new java.io.File(((pathPrefix + java.lang.Integer.toString(counter)) + .png)): null

2018-12-12 18:50:47 - [TEST_STEP][PASSED] - Statement - counter = counter + 1: null

2018-12-12 18:50:47 - [TEST_STEP][PASSED] - Statement - PreSaveFile = new java.io.File(((pathPrefix + java.lang.Integer.toString(counter)) + .png)): null

2018-12-12 18:50:47 - [TEST_STEP][PASSED] - Statement - counter = counter + 1: null

2018-12-12 18:50:47 - [TEST_STEP][PASSED] - Statement - PreSaveFile = new java.io.File(((pathPrefix + java.lang.Integer.toString(counter)) + .png)): null

2018-12-12 18:50:47 - [TEST_STEP][PASSED] - Statement - counter = counter + 1: null

2018-12-12 18:50:47 - [TEST_STEP][PASSED] - Statement - PreSaveFile = new java.io.File(((pathPrefix + java.lang.Integer.toString(counter)) + .png)): null

2018-12-12 18:50:47 - [TEST_STEP][PASSED] - Statement - counter = counter + 1: null

2018-12-12 18:50:47 - [TEST_STEP][PASSED] - Statement - PreSaveFile = new java.io.File(((pathPrefix + java.lang.Integer.toString(counter)) + .png)): null

2018-12-12 18:50:47 - [TEST_STEP][PASSED] - Statement - counter = counter + 1: null

2018-12-12 18:50:47 - [TEST_STEP][PASSED] - Statement - PreSaveFile = new java.io.File(((pathPrefix + java.lang.Integer.toString(counter)) + .png)): null

2018-12-12 18:50:47 - [TEST_STEP][PASSED] - Statement - counter = counter + 1: null

2018-12-12 18:50:47 - [TEST_STEP][PASSED] - Statement - PreSaveFile = new java.io.File(((pathPrefix + java.lang.Integer.toString(counter)) + .png)): null

2018-12-12 18:50:47 - [TEST_STEP][PASSED] - Statement - counter = counter + 1: null

2018-12-12 18:50:47 - [TEST_STEP][PASSED] - Statement - PreSaveFile = new java.io.File(((pathPrefix + java.lang.Integer.toString(counter)) + .png)): null

2018-12-12 18:50:47 - [TEST_STEP][PASSED] - Statement - counter = counter + 1: null

2018-12-12 18:50:47 - [TEST_STEP][PASSED] - Statement - PreSaveFile = new java.io.File(((pathPrefix + java.lang.Integer.toString(counter)) + .png)): null

2018-12-12 18:50:47 - [TEST_STEP][PASSED] - Statement - counter = counter + 1: null

2018-12-12 18:50:47 - [TEST_STEP][PASSED] - Statement - PreSaveFile = new java.io.File(((pathPrefix + java.lang.Integer.toString(counter)) + .png)): null

2018-12-12 18:50:47 - [TEST_STEP][PASSED] - Statement - counter = counter + 1: null

2018-12-12 18:50:47 - [TEST_STEP][PASSED] - Statement - PreSaveFile = new java.io.File(((pathPrefix + java.lang.Integer.toString(counter)) + .png)): null

2018-12-12 18:50:47 - [TEST_STEP][PASSED] - Statement - counter = counter + 1: null

2018-12-12 18:50:47 - [TEST_STEP][PASSED] - Statement - PreSaveFile = new java.io.File(((pathPrefix + java.lang.Integer.toString(counter)) + .png)): null

2018-12-12 18:50:47 - [TEST_STEP][PASSED] - Statement - counter = counter + 1: null

2018-12-12 18:50:47 - [TEST_STEP][PASSED] - Statement - PreSaveFile = new java.io.File(((pathPrefix + java.lang.Integer.toString(counter)) + .png)): null

2018-12-12 18:50:47 - [TEST_STEP][PASSED] - Statement - counter = counter + 1: null

2018-12-12 18:50:47 - [TEST_STEP][PASSED] - Statement - PreSaveFile = new java.io.File(((pathPrefix + java.lang.Integer.toString(counter)) + .png)): null

2018-12-12 18:50:47 - [TEST_STEP][PASSED] - Statement - counter = counter + 1: null

2018-12-12 18:50:47 - [TEST_STEP][PASSED] - Statement - PreSaveFile = new java.io.File(((pathPrefix + java.lang.Integer.toString(counter)) + .png)): null

2018-12-12 18:50:47 - [TEST_STEP][PASSED] - Statement - counter = counter + 1: null

2018-12-12 18:50:47 - [TEST_STEP][PASSED] - Statement - PreSaveFile = new java.io.File(((pathPrefix + java.lang.Integer.toString(counter)) + .png)): null

2018-12-12 18:50:47 - [TEST_STEP][PASSED] - Statement - counter = counter + 1: null

2018-12-12 18:50:47 - [TEST_STEP][PASSED] - Statement - PreSaveFile = new java.io.File(((pathPrefix + java.lang.Integer.toString(counter)) + .png)): null

2018-12-12 18:50:47 - [TEST_STEP][PASSED] - Statement - counter = counter + 1: null

2018-12-12 18:50:47 - [TEST_STEP][PASSED] - Statement - PreSaveFile = new java.io.File(((pathPrefix + java.lang.Integer.toString(counter)) + .png)): null

2018-12-12 18:50:47 - [TEST_STEP][PASSED] - Statement - counter = counter + 1: null

2018-12-12 18:50:47 - [TEST_STEP][PASSED] - Statement - PreSaveFile = new java.io.File(((pathPrefix + java.lang.Integer.toString(counter)) + .png)): null

2018-12-12 18:50:47 - [TEST_STEP][PASSED] - Statement - counter = counter + 1: null

2018-12-12 18:50:47 - [TEST_STEP][PASSED] - Statement - PreSaveFile = new java.io.File(((pathPrefix + java.lang.Integer.toString(counter)) + .png)): null

2018-12-12 18:50:47 - [TEST_STEP][PASSED] - Statement - counter = counter + 1: null

2018-12-12 18:50:47 - [TEST_STEP][PASSED] - Statement - PreSaveFile = new java.io.File(((pathPrefix + java.lang.Integer.toString(counter)) + .png)): null

2018-12-12 18:50:47 - [TEST_STEP][PASSED] - Statement - counter = counter + 1: null

2018-12-12 18:50:47 - [TEST_STEP][PASSED] - Statement - PreSaveFile = new java.io.File(((pathPrefix + java.lang.Integer.toString(counter)) + .png)): null

2018-12-12 18:50:47 - [TEST_STEP][PASSED] - Statement - counter = counter + 1: null

2018-12-12 18:50:47 - [TEST_STEP][PASSED] - Statement - PreSaveFile = new java.io.File(((pathPrefix + java.lang.Integer.toString(counter)) + .png)): null

2018-12-12 18:50:47 - [TEST_STEP][PASSED] - Statement - counter = counter + 1: null

2018-12-12 18:50:47 - [TEST_STEP][PASSED] - Statement - PreSaveFile = new java.io.File(((pathPrefix + java.lang.Integer.toString(counter)) + .png)): null

2018-12-12 18:50:47 - [TEST_STEP][PASSED] - Statement - counter = counter + 1: null

2018-12-12 18:50:47 - [TEST_STEP][PASSED] - Statement - PreSaveFile = new java.io.File(((pathPrefix + java.lang.Integer.toString(counter)) + .png)): null

2018-12-12 18:50:47 - [TEST_STEP][PASSED] - Statement - counter = counter + 1: null

2018-12-12 18:50:47 - [TEST_STEP][PASSED] - Statement - PreSaveFile = new java.io.File(((pathPrefix + java.lang.Integer.toString(counter)) + .png)): null

2018-12-12 18:50:47 - [TEST_STEP][PASSED] - Statement - counter = counter + 1: null

2018-12-12 18:50:47 - [TEST_STEP][PASSED] - Statement - PreSaveFile = new java.io.File(((pathPrefix + java.lang.Integer.toString(counter)) + .png)): null

2018-12-12 18:50:47 - [TEST_STEP][PASSED] - Statement - counter = counter + 1: null

2018-12-12 18:50:47 - [TEST_STEP][PASSED] - Statement - PreSaveFile = new java.io.File(((pathPrefix + java.lang.Integer.toString(counter)) + .png)): null

2018-12-12 18:50:47 - [TEST_STEP][PASSED] - Statement - counter = counter + 1: null

2018-12-12 18:50:47 - [TEST_STEP][PASSED] - Statement - PreSaveFile = new java.io.File(((pathPrefix + java.lang.Integer.toString(counter)) + .png)): null

2018-12-12 18:50:47 - [TEST_STEP][PASSED] - Statement - counter = counter + 1: null

2018-12-12 18:50:47 - [TEST_STEP][PASSED] - Statement - PreSaveFile = new java.io.File(((pathPrefix + java.lang.Integer.toString(counter)) + .png)): null

2018-12-12 18:50:47 - [TEST_STEP][PASSED] - Statement - counter = counter + 1: null

2018-12-12 18:50:47 - [TEST_STEP][PASSED] - Statement - PreSaveFile = new java.io.File(((pathPrefix + java.lang.Integer.toString(counter)) + .png)): null

2018-12-12 18:50:47 - [TEST_STEP][PASSED] - Statement - counter = counter + 1: null

2018-12-12 18:50:47 - [TEST_STEP][PASSED] - Statement - PreSaveFile = new java.io.File(((pathPrefix + java.lang.Integer.toString(counter)) + .png)): null

2018-12-12 18:50:47 - [TEST_STEP][PASSED] - Statement - counter = counter + 1: null

2018-12-12 18:50:47 - [TEST_STEP][PASSED] - Statement - PreSaveFile = new java.io.File(((pathPrefix + java.lang.Integer.toString(counter)) + .png)): null

2018-12-12 18:50:47 - [TEST_STEP][PASSED] - Statement - counter = counter + 1: null

2018-12-12 18:50:47 - [TEST_STEP][PASSED] - Statement - PreSaveFile = new java.io.File(((pathPrefix + java.lang.Integer.toString(counter)) + .png)): null

2018-12-12 18:50:47 - [TEST_STEP][PASSED] - Statement - counter = counter + 1: null

2018-12-12 18:50:47 - [TEST_STEP][PASSED] - Statement - PreSaveFile = new java.io.File(((pathPrefix + java.lang.Integer.toString(counter)) + .png)): null

2018-12-12 18:50:47 - [TEST_STEP][PASSED] - Statement - counter = counter + 1: null

2018-12-12 18:50:47 - [TEST_STEP][PASSED] - Statement - PreSaveFile = new java.io.File(((pathPrefix + java.lang.Integer.toString(counter)) + .png)): null

2018-12-12 18:50:47 - [TEST_STEP][PASSED] - Statement - counter = counter + 1: null

2018-12-12 18:50:47 - [TEST_STEP][PASSED] - Statement - PreSaveFile = new java.io.File(((pathPrefix + java.lang.Integer.toString(counter)) + .png)): null

2018-12-12 18:50:47 - [TEST_STEP][PASSED] - Statement - counter = counter + 1: null

2018-12-12 18:50:47 - [TEST_STEP][PASSED] - Statement - PreSaveFile = new java.io.File(((pathPrefix + java.lang.Integer.toString(counter)) + .png)): null

2018-12-12 18:50:47 - [TEST_STEP][PASSED] - Statement - counter = counter + 1: null

2018-12-12 18:50:47 - [TEST_STEP][PASSED] - Statement - PreSaveFile = new java.io.File(((pathPrefix + java.lang.Integer.toString(counter)) + .png)): null

2018-12-12 18:50:47 - [TEST_STEP][PASSED] - Statement - counter = counter + 1: null

2018-12-12 18:50:47 - [TEST_STEP][PASSED] - Statement - PreSaveFile = new java.io.File(((pathPrefix + java.lang.Integer.toString(counter)) + .png)): null

2018-12-12 18:50:47 - [TEST_STEP][PASSED] - Statement - counter = counter + 1: null

2018-12-12 18:50:47 - [TEST_STEP][PASSED] - Statement - PreSaveFile = new java.io.File(((pathPrefix + java.lang.Integer.toString(counter)) + .png)): null

2018-12-12 18:50:47 - [TEST_STEP][PASSED] - Statement - counter = counter + 1: null

2018-12-12 18:50:47 - [TEST_STEP][PASSED] - Statement - PreSaveFile = new java.io.File(((pathPrefix + java.lang.Integer.toString(counter)) + .png)): null

2018-12-12 18:50:47 - [TEST_STEP][PASSED] - Statement - counter = counter + 1: null

2018-12-12 18:50:47 - [TEST_STEP][PASSED] - Statement - PreSaveFile = new java.io.File(((pathPrefix + java.lang.Integer.toString(counter)) + .png)): null

2018-12-12 18:50:47 - [TEST_STEP][PASSED] - Statement - counter = counter + 1: null

2018-12-12 18:50:47 - [TEST_STEP][PASSED] - Statement - PreSaveFile = new java.io.File(((pathPrefix + java.lang.Integer.toString(counter)) + .png)): null

2018-12-12 18:50:47 - [TEST_STEP][PASSED] - Statement - counter = counter + 1: null

2018-12-12 18:50:47 - [TEST_STEP][PASSED] - Statement - PreSaveFile = new java.io.File(((pathPrefix + java.lang.Integer.toString(counter)) + .png)): null

2018-12-12 18:50:47 - [TEST_STEP][PASSED] - Statement - counter = counter + 1: null

2018-12-12 18:50:47 - [TEST_STEP][PASSED] - Statement - PreSaveFile = new java.io.File(((pathPrefix + java.lang.Integer.toString(counter)) + .png)): null

2018-12-12 18:50:47 - [TEST_STEP][PASSED] - Statement - counter = counter + 1: null

2018-12-12 18:50:47 - [TEST_STEP][PASSED] - Statement - PreSaveFile = new java.io.File(((pathPrefix + java.lang.Integer.toString(counter)) + .png)): null

2018-12-12 18:50:47 - [TEST_STEP][PASSED] - Statement - counter = counter + 1: null

2018-12-12 18:50:47 - [TEST_STEP][PASSED] - Statement - PreSaveFile = new java.io.File(((pathPrefix + java.lang.Integer.toString(counter)) + .png)): null

2018-12-12 18:50:47 - [TEST_STEP][PASSED] - Statement - counter = counter + 1: null

2018-12-12 18:50:47 - [TEST_STEP][PASSED] - Statement - PreSaveFile = new java.io.File(((pathPrefix + java.lang.Integer.toString(counter)) + .png)): null

2018-12-12 18:50:47 - [TEST_STEP][PASSED] - Statement - counter = counter + 1: null

2018-12-12 18:50:47 - [TEST_STEP][PASSED] - Statement - PreSaveFile = new java.io.File(((pathPrefix + java.lang.Integer.toString(counter)) + .png)): null

2018-12-12 18:50:47 - [TEST_STEP][PASSED] - Statement - counter = counter + 1: null

2018-12-12 18:50:47 - [TEST_STEP][PASSED] - Statement - PreSaveFile = new java.io.File(((pathPrefix + java.lang.Integer.toString(counter)) + .png)): null

2018-12-12 18:50:47 - [TEST_STEP][PASSED] - Statement - counter = counter + 1: null

2018-12-12 18:50:47 - [TEST_STEP][PASSED] - Statement - PreSaveFile = new java.io.File(((pathPrefix + java.lang.Integer.toString(counter)) + .png)): null

2018-12-12 18:50:47 - [TEST_STEP][PASSED] - Statement - counter = counter + 1: null

2018-12-12 18:50:47 - [TEST_STEP][PASSED] - Statement - PreSaveFile = new java.io.File(((pathPrefix + java.lang.Integer.toString(counter)) + .png)): null

2018-12-12 18:50:47 - [TEST_STEP][PASSED] - Statement - counter = counter + 1: null

2018-12-12 18:50:47 - [TEST_STEP][PASSED] - Statement - PreSaveFile = new java.io.File(((pathPrefix + java.lang.Integer.toString(counter)) + .png)): null

2018-12-12 18:50:47 - [TEST_STEP][PASSED] - Statement - counter = counter + 1: null

2018-12-12 18:50:47 - [TEST_STEP][PASSED] - Statement - PreSaveFile = new java.io.File(((pathPrefix + java.lang.Integer.toString(counter)) + .png)): null

2018-12-12 18:50:47 - [TEST_STEP][PASSED] - Statement - finalPath = pathPrefix + java.lang.Integer.toString(counter) + ".png": null

2018-12-12 18:50:47 - [TEST_STEP][PASSED] - Statement - SaveFile = new java.io.File(finalPath): null

2018-12-12 18:50:47 - [TEST_STEP][PASSED] - Statement - Try: null

2018-12-12 18:50:47 - [TEST_STEP][PASSED] - Statement - org.apache.commons.io.FileUtils.copyFile(scrFile, SaveFile): null

2018-12-12 18:50:47 - [TEST_STEP][PASSED] - Statement - out.println("file kept"): null

2018-12-12 18:50:47 - [TEST_STEP][PASSED] - delay: Delayed 10 second(s)

2018-12-12 18:50:57 - [MESSAGE][PASSED] - Delayed 10 second(s)

2018-12-12 18:50:57 - [MESSAGE][PASSED] - Call Test Case 'Test Cases/Final Aug 2018 - PKS Automation/Registration Module/New Registration/Submit and Screenshot/Submit Registration and Screenshot' successfully]]></system-out>
         <system-err><![CDATA[2018-12-12 18:43:57 - [TEST_CASE][FAILED] - Test Cases/Final Aug 2018 - PKS Automation/Registration Module/Workflow/New Registration/Case OTC to RO - RO Submit: Test Cases/Final Aug 2018 - PKS Automation/Registration Module/Workflow/New Registration/Case OTC to RO - RO Submit FAILED because (of) (Stack trace: com.kms.katalon.core.exception.StepFailedException: Unable to set text 'CRN12201800123227' of object 'Object Repository/Final Object Repo/New Registration - Registration Module Pages/New Reg - OTC to RO/Special Case - All Related Objects/TextBox RefNo in Workbasket' (Root cause: org.openqa.selenium.ElementNotVisibleException: element not interactable
  (Session info: chrome=70.0.3538.110)
  (Driver info: chromedriver=2.43.600210 (68dcf5eebde37173d4027fa8635e332711d2874a),platform=Windows NT 6.1.7601 SP1 x86_64) (WARNING: The server did not provide any stacktrace information)
Command duration or timeout: 0 milliseconds
Build info: version: '3.7.1', revision: '8a0099a', time: '2017-11-06T21:07:36.161Z'
System info: host: 'WIN7TEST02', ip: '10.20.3.72', os.name: 'Windows 7', os.arch: 'amd64', os.version: '6.1', java.version: '1.8.0_181'
Driver info: com.kms.katalon.selenium.driver.CChromeDriver
Capabilities {acceptInsecureCerts: false, acceptSslCerts: false, applicationCacheEnabled: false, browserConnectionEnabled: false, browserName: chrome, chrome: {chromedriverVersion: 2.43.600210 (68dcf5eebde371..., userDataDir: C:\Users\Admin\AppData\Loca...}, cssSelectorsEnabled: true, databaseEnabled: false, goog:chromeOptions: {debuggerAddress: localhost:55040}, handlesAlerts: true, hasTouchScreen: false, javascriptEnabled: true, locationContextEnabled: true, mobileEmulationEnabled: false, nativeEvents: true, networkConnectionEnabled: false, pageLoadStrategy: normal, platform: XP, platformName: XP, rotatable: false, setWindowRect: true, takesHeapSnapshot: true, takesScreenshot: true, unexpectedAlertBehaviour: , unhandledPromptBehavior: , version: 70.0.3538.110, webStorageEnabled: true}
Session ID: 6de0327e30c47b16186df7d83c485267)
	at com.kms.katalon.core.keyword.internal.KeywordMain.stepFailed(KeywordMain.groovy:32)
	at com.kms.katalon.core.webui.keyword.internal.WebUIKeywordMain.stepFailed(WebUIKeywordMain.groovy:65)
	at com.kms.katalon.core.webui.keyword.internal.WebUIKeywordMain.runKeyword(WebUIKeywordMain.groovy:27)
	at com.kms.katalon.core.webui.keyword.builtin.SetTextKeyword.setText(SetTextKeyword.groovy:65)
	at com.kms.katalon.core.webui.keyword.builtin.SetTextKeyword.execute(SetTextKeyword.groovy:37)
	at com.kms.katalon.core.keyword.internal.KeywordExecutor.executeKeywordForPlatform(KeywordExecutor.groovy:53)
	at com.kms.katalon.core.webui.keyword.WebUiBuiltInKeywords.setText(WebUiBuiltInKeywords.groovy:950)
	at com.kms.katalon.core.webui.keyword.WebUiBuiltInKeywords$setText$1.call(Unknown Source)
	at org.codehaus.groovy.runtime.callsite.CallSiteArray.defaultCall(CallSiteArray.java:48)
	at org.codehaus.groovy.runtime.callsite.AbstractCallSite.call(AbstractCallSite.java:113)
	at org.codehaus.groovy.runtime.callsite.AbstractCallSite.call(AbstractCallSite.java:133)
	at Script1535599379320.run(Script1535599379320.groovy:73)
	at com.kms.katalon.core.main.ScriptEngine.run(ScriptEngine.java:183)
	at com.kms.katalon.core.main.ScriptEngine.runScriptAsRawText(ScriptEngine.java:108)
	at com.kms.katalon.core.main.TestCaseExecutor.runScript(TestCaseExecutor.java:294)
	at com.kms.katalon.core.main.TestCaseExecutor.doExecute(TestCaseExecutor.java:285)
	at com.kms.katalon.core.main.TestCaseExecutor.processExecutionPhase(TestCaseExecutor.java:264)
	at com.kms.katalon.core.main.TestCaseExecutor.accessMainPhase(TestCaseExecutor.java:256)
	at com.kms.katalon.core.main.TestCaseExecutor.execute(TestCaseExecutor.java:200)
	at com.kms.katalon.core.main.TestSuiteExecutor.accessTestCaseMainPhase(TestSuiteExecutor.java:129)
	at com.kms.katalon.core.main.TestSuiteExecutor.accessTestSuiteMainPhase(TestSuiteExecutor.java:112)
	at com.kms.katalon.core.main.TestSuiteExecutor.execute(TestSuiteExecutor.java:81)
	at com.kms.katalon.core.main.TestCaseMain.startTestSuite(TestCaseMain.java:142)
	at com.kms.katalon.core.main.TestCaseMain$startTestSuite$0.call(Unknown Source)
	at org.codehaus.groovy.runtime.callsite.CallSiteArray.defaultCall(CallSiteArray.java:48)
	at org.codehaus.groovy.runtime.callsite.AbstractCallSite.call(AbstractCallSite.java:113)
	at org.codehaus.groovy.runtime.callsite.AbstractCallSite.call(AbstractCallSite.java:141)
	at TempTestSuite1544598049714.run(TempTestSuite1544598049714.groovy:36)
	at groovy.lang.GroovyShell.runScriptOrMainOrTestOrRunnable(GroovyShell.java:263)
	at groovy.lang.GroovyShell.run(GroovyShell.java:518)
	at groovy.lang.GroovyShell.run(GroovyShell.java:507)
	at groovy.ui.GroovyMain.processOnce(GroovyMain.java:653)
	at groovy.ui.GroovyMain.run(GroovyMain.java:384)
	at groovy.ui.GroovyMain.process(GroovyMain.java:370)
	at groovy.ui.GroovyMain.processArgs(GroovyMain.java:129)
	at groovy.ui.GroovyMain.main(GroovyMain.java:109)
	at sun.reflect.NativeMethodAccessorImpl.invoke0(Native Method)
	at sun.reflect.NativeMethodAccessorImpl.invoke(NativeMethodAccessorImpl.java:62)
	at sun.reflect.DelegatingMethodAccessorImpl.invoke(DelegatingMethodAccessorImpl.java:43)
	at java.lang.reflect.Method.invoke(Method.java:498)
	at org.codehaus.groovy.tools.GroovyStarter.rootLoader(GroovyStarter.java:109)
	at org.codehaus.groovy.tools.GroovyStarter.main(GroovyStarter.java:131)
)]]></system-err>
      </testcase>
      <testcase name="Test Cases/Final Aug 2018 - PKS Automation/Registration Module/Workflow/New Registration/Case OTC to RO - RO Under Enforcement" classname="Test Cases/Final Aug 2018 - PKS Automation/Registration Module/Workflow/New Registration/Case OTC to RO - RO Under Enforcement" status="PASSED">
         <system-out><![CDATA[2018-12-12 18:50:57 - [TEST_CASE][PASSED] - Test Cases/Final Aug 2018 - PKS Automation/Registration Module/Workflow/New Registration/Case OTC to RO - RO Under Enforcement: Test Cases/Final Aug 2018 - PKS Automation/Registration Module/Workflow/New Registration/Case OTC to RO - RO Under Enforcement

2018-12-12 18:50:58 - [TEST_STEP][PASSED] - callTestCase: Call Test Case 'Test Cases/Final Aug 2018 - PKS Automation/Registration Module/Workflow/New Registration/Template/Special Case - OTC - Form 1' successfully

2018-12-12 18:50:58 - [TEST_CASE][PASSED] - Test Cases/Final Aug 2018 - PKS Automation/Registration Module/Workflow/New Registration/Template/Special Case - OTC - Form 1: Test Cases/Final Aug 2018 - PKS Automation/Registration Module/Workflow/New Registration/Template/Special Case - OTC - Form 1

2018-12-12 18:50:58 - [TEST_STEP][PASSED] - openBrowser: Browser is opened with url: ''

2018-12-12 18:50:58 - [MESSAGE][WARNING] - A browser is already opened. Closing browser and opening a new one

2018-12-12 18:51:02 - [MESSAGE][PASSED] - Browser is opened with url: ''

2018-12-12 18:51:02 - [TEST_STEP][PASSED] - navigateToUrl: Navigate to 'https://assist2-uat.perkeso.gov.my/login' successfully

2018-12-12 18:51:03 - [MESSAGE][PASSED] - Navigate to 'https://assist2-uat.perkeso.gov.my/login' successfully

2018-12-12 18:51:03 - [TEST_STEP][PASSED] - delay: Delayed 2 second(s)

2018-12-12 18:51:05 - [MESSAGE][PASSED] - Delayed 2 second(s)

2018-12-12 18:51:05 - [TEST_STEP][PASSED] - setText: Text 'klotc2@gmail.com' is set on object 'Object Repository/Final Object Repo/Login Page/Internal User/Email Address'

2018-12-12 18:51:05 - [MESSAGE][PASSED] - Text 'klotc2@gmail.com' is set on object 'Object Repository/Final Object Repo/Login Page/Internal User/Email Address'

2018-12-12 18:51:05 - [TEST_STEP][PASSED] - click: Object: 'Object Repository/Final Object Repo/Login Page/Internal User/Next Button' is clicked on

2018-12-12 18:51:05 - [MESSAGE][PASSED] - Object: 'Object Repository/Final Object Repo/Login Page/Internal User/Next Button' is clicked on

2018-12-12 18:51:05 - [TEST_STEP][PASSED] - delay: Delayed 2 second(s)

2018-12-12 18:51:07 - [MESSAGE][PASSED] - Delayed 2 second(s)

2018-12-12 18:51:07 - [TEST_STEP][PASSED] - setText: Text 'Test1@3456789' is set on object 'Object Repository/Final Object Repo/Login Page/Internal User/Password'

2018-12-12 18:51:07 - [MESSAGE][PASSED] - Text 'Test1@3456789' is set on object 'Object Repository/Final Object Repo/Login Page/Internal User/Password'

2018-12-12 18:51:07 - [TEST_STEP][PASSED] - delay: Delayed 2 second(s)

2018-12-12 18:51:09 - [MESSAGE][PASSED] - Delayed 2 second(s)

2018-12-12 18:51:09 - [TEST_STEP][PASSED] - click: Object: 'Object Repository/Final Object Repo/Login Page/Internal User/Login Button' is clicked on

2018-12-12 18:51:10 - [MESSAGE][PASSED] - Object: 'Object Repository/Final Object Repo/Login Page/Internal User/Login Button' is clicked on

2018-12-12 18:51:10 - [TEST_STEP][PASSED] - Statement - Try: null

2018-12-12 18:51:10 - [TEST_STEP][PASSED] - Statement - Checker = com.kms.katalon.core.webui.keyword.WebUiBuiltInKeywords.verifyElementNotPresent("Final Object Repo/Landing Page/Select to English", 3): null

2018-12-12 18:51:10 - [TEST_STEP][PASSED] - Statement - Catch (Exception e): null

2018-12-12 18:51:10 - [TEST_STEP][PASSED] - Statement - e.printStackTrace(): null

2018-12-12 18:51:10 - [TEST_STEP][PASSED] - delay: Delayed 5 second(s)

2018-12-12 18:51:15 - [MESSAGE][PASSED] - Delayed 5 second(s)

2018-12-12 18:51:15 - [TEST_STEP][PASSED] - click: Object: 'Object Repository/Final Object Repo/Landing Page/My Sites Drop Down' is clicked on

2018-12-12 18:51:15 - [MESSAGE][PASSED] - Object: 'Object Repository/Final Object Repo/Landing Page/My Sites Drop Down' is clicked on

2018-12-12 18:51:15 - [TEST_STEP][PASSED] - click: Object: 'Object Repository/Final Object Repo/Landing Page/Select to Registration Module' is clicked on

2018-12-12 18:51:16 - [MESSAGE][PASSED] - Object: 'Object Repository/Final Object Repo/Landing Page/Select to Registration Module' is clicked on

2018-12-12 18:51:16 - [TEST_STEP][PASSED] - click: Object: 'Object Repository/Final Object Repo/Landing Page/Registration Button' is clicked on

2018-12-12 18:51:17 - [MESSAGE][PASSED] - Object: 'Object Repository/Final Object Repo/Landing Page/Registration Button' is clicked on

2018-12-12 18:51:17 - [TEST_STEP][PASSED] - delay: Delayed 2 second(s)

2018-12-12 18:51:19 - [MESSAGE][PASSED] - Delayed 2 second(s)

2018-12-12 18:51:19 - [TEST_STEP][PASSED] - click: Object: 'Object Repository/Final Object Repo/New Registration - Registration Module Pages/New Reg - OTC to RO/Special Case - OTC - Form 1/AEC NO' is clicked on

2018-12-12 18:51:19 - [MESSAGE][PASSED] - Object: 'Object Repository/Final Object Repo/New Registration - Registration Module Pages/New Reg - OTC to RO/Special Case - OTC - Form 1/AEC NO' is clicked on

2018-12-12 18:51:19 - [TEST_STEP][PASSED] - click: Object: 'Object Repository/Final Object Repo/New Registration - Registration Module Pages/New Reg - OTC to RO/Special Case - OTC - Form 1/Business Entity - Please Select' is clicked on

2018-12-12 18:51:20 - [MESSAGE][PASSED] - Object: 'Object Repository/Final Object Repo/New Registration - Registration Module Pages/New Reg - OTC to RO/Special Case - OTC - Form 1/Business Entity - Please Select' is clicked on

2018-12-12 18:51:20 - [TEST_STEP][PASSED] - click: Object: 'Object Repository/Final Object Repo/New Registration - Registration Module Pages/New Reg - OTC to RO/Special Case - OTC - Form 1/Selected - Corporation' is clicked on

2018-12-12 18:51:20 - [MESSAGE][PASSED] - Object: 'Object Repository/Final Object Repo/New Registration - Registration Module Pages/New Reg - OTC to RO/Special Case - OTC - Form 1/Selected - Corporation' is clicked on

2018-12-12 18:51:20 - [TEST_STEP][PASSED] - delay: Delayed 2 second(s)

2018-12-12 18:51:22 - [MESSAGE][PASSED] - Delayed 2 second(s)

2018-12-12 18:51:22 - [TEST_STEP][PASSED] - click: Object: 'Object Repository/Final Object Repo/New Registration - Registration Module Pages/New Reg - OTC to RO/Special Case - OTC - Form 1/Sub Business Entity - Please Select' is clicked on

2018-12-12 18:51:22 - [MESSAGE][PASSED] - Object: 'Object Repository/Final Object Repo/New Registration - Registration Module Pages/New Reg - OTC to RO/Special Case - OTC - Form 1/Sub Business Entity - Please Select' is clicked on

2018-12-12 18:51:22 - [TEST_STEP][PASSED] - delay: Delayed 2 second(s)

2018-12-12 18:51:24 - [MESSAGE][PASSED] - Delayed 2 second(s)

2018-12-12 18:51:24 - [TEST_STEP][PASSED] - click: Object: 'Object Repository/Final Object Repo/New Registration - Registration Module Pages/New Reg - OTC to RO/Special Case - OTC - Form 1/Selected - Sendirian Berhad' is clicked on

2018-12-12 18:51:24 - [MESSAGE][PASSED] - Object: 'Object Repository/Final Object Repo/New Registration - Registration Module Pages/New Reg - OTC to RO/Special Case - OTC - Form 1/Selected - Sendirian Berhad' is clicked on

2018-12-12 18:51:24 - [TEST_STEP][PASSED] - setText: Text 'AUTOMATE001' is set on object 'Object Repository/Final Object Repo/New Registration - Registration Module Pages/New Reg - OTC to RO/Special Case - OTC - Form 1/Input BRN Number'

2018-12-12 18:51:25 - [MESSAGE][PASSED] - Text 'AUTOMATE001' is set on object 'Object Repository/Final Object Repo/New Registration - Registration Module Pages/New Reg - OTC to RO/Special Case - OTC - Form 1/Input BRN Number'

2018-12-12 18:51:25 - [TEST_STEP][PASSED] - delay: Delayed 2 second(s)

2018-12-12 18:51:27 - [MESSAGE][PASSED] - Delayed 2 second(s)

2018-12-12 18:51:27 - [TEST_STEP][PASSED] - click: Object: 'Object Repository/Final Object Repo/New Registration - Registration Module Pages/New Reg - OTC to RO/Special Case - OTC - Form 1/BRN Search' is clicked on

2018-12-12 18:51:27 - [MESSAGE][PASSED] - Object: 'Object Repository/Final Object Repo/New Registration - Registration Module Pages/New Reg - OTC to RO/Special Case - OTC - Form 1/BRN Search' is clicked on

2018-12-12 18:51:27 - [TEST_STEP][PASSED] - delay: Delayed 4 second(s)

2018-12-12 18:51:31 - [MESSAGE][PASSED] - Delayed 4 second(s)

2018-12-12 18:51:31 - [TEST_STEP][PASSED] - click: Object: 'Object Repository/Final Object Repo/New Registration - Registration Module Pages/New Reg - OTC to RO/Special Case - OTC - Form 1/Registered with SSM - After Feb 2017' is clicked on

2018-12-12 18:51:31 - [MESSAGE][PASSED] - Object: 'Object Repository/Final Object Repo/New Registration - Registration Module Pages/New Reg - OTC to RO/Special Case - OTC - Form 1/Registered with SSM - After Feb 2017' is clicked on

2018-12-12 18:51:31 - [TEST_STEP][PASSED] - delay: Delayed 2 second(s)

2018-12-12 18:51:33 - [MESSAGE][PASSED] - Delayed 2 second(s)

2018-12-12 18:51:33 - [TEST_STEP][PASSED] - click: Object: 'Object Repository/Final Object Repo/New Registration - Registration Module Pages/New Reg - OTC to RO/Special Case - OTC - Form 1/Registering As A Branch - No' is clicked on

2018-12-12 18:51:33 - [MESSAGE][PASSED] - Object: 'Object Repository/Final Object Repo/New Registration - Registration Module Pages/New Reg - OTC to RO/Special Case - OTC - Form 1/Registering As A Branch - No' is clicked on

2018-12-12 18:51:33 - [TEST_STEP][PASSED] - click: Object: 'Object Repository/Final Object Repo/New Registration - Registration Module Pages/New Reg - OTC to RO/Special Case - OTC - Form 1/Acknowledgement Ticked' is clicked on

2018-12-12 18:51:33 - [MESSAGE][PASSED] - Object: 'Object Repository/Final Object Repo/New Registration - Registration Module Pages/New Reg - OTC to RO/Special Case - OTC - Form 1/Acknowledgement Ticked' is clicked on

2018-12-12 18:51:33 - [TEST_STEP][PASSED] - click: Object: 'Object Repository/Final Object Repo/New Registration - Registration Module Pages/New Reg - OTC to RO/Special Case - OTC - Form 1/Submit Button' is clicked on

2018-12-12 18:51:33 - [MESSAGE][PASSED] - Object: 'Object Repository/Final Object Repo/New Registration - Registration Module Pages/New Reg - OTC to RO/Special Case - OTC - Form 1/Submit Button' is clicked on

2018-12-12 18:51:33 - [TEST_STEP][PASSED] - delay: Delayed 2 second(s)

2018-12-12 18:51:35 - [MESSAGE][PASSED] - Delayed 2 second(s)

2018-12-12 18:51:35 - [TEST_STEP][PASSED] - click: Object: 'Object Repository/Final Object Repo/New Registration - Registration Module Pages/New Reg - OTC to RO/Special Case - OTC - Form 1/Confirm No Flagging as Branch' is clicked on

2018-12-12 18:51:36 - [MESSAGE][PASSED] - Object: 'Object Repository/Final Object Repo/New Registration - Registration Module Pages/New Reg - OTC to RO/Special Case - OTC - Form 1/Confirm No Flagging as Branch' is clicked on

2018-12-12 18:51:36 - [MESSAGE][PASSED] - Call Test Case 'Test Cases/Final Aug 2018 - PKS Automation/Registration Module/Workflow/New Registration/Template/Special Case - OTC - Form 1' successfully

2018-12-12 18:51:36 - [TEST_STEP][PASSED] - callTestCase: Call Test Case 'Test Cases/Final Aug 2018 - PKS Automation/Registration Module/New Registration/Form 2/Add 1 Eligible' successfully

2018-12-12 18:51:36 - [TEST_CASE][PASSED] - Test Cases/Final Aug 2018 - PKS Automation/Registration Module/New Registration/Form 2/Add 1 Eligible: Test Cases/Final Aug 2018 - PKS Automation/Registration Module/New Registration/Form 2/Add 1 Eligible

2018-12-12 18:51:36 - [TEST_STEP][PASSED] - delay: Delayed 2 second(s)

2018-12-12 18:51:38 - [MESSAGE][PASSED] - Delayed 2 second(s)

2018-12-12 18:51:38 - [TEST_STEP][PASSED] - callTestCase: Call Test Case 'Test Cases/Final Aug 2018 - PKS Automation/Registration Module/New Registration/Form 2/Date Updater' successfully

2018-12-12 18:51:38 - [TEST_CASE][PASSED] - Test Cases/Final Aug 2018 - PKS Automation/Registration Module/New Registration/Form 2/Date Updater: Test Cases/Final Aug 2018 - PKS Automation/Registration Module/New Registration/Form 2/Date Updater

2018-12-12 18:51:38 - [TEST_STEP][PASSED] - Statement - TodayDate = new java.util.Date(): null

2018-12-12 18:51:38 - [TEST_STEP][PASSED] - Statement - CurrentDateNoFilter = new java.text.SimpleDateFormat(): null

2018-12-12 18:51:38 - [TEST_STEP][PASSED] - Statement - CurrentDateNoFilter.applyPattern("MM"): null

2018-12-12 18:51:38 - [TEST_STEP][PASSED] - Statement - monthContainerMatcher = java.lang.Integer.parseInt(CurrentDateNoFilter.format(TodayDate)): null

2018-12-12 18:51:38 - [TEST_STEP][PASSED] - Statement - monthContainerMatcher = monthContainerMatcher - 1: null

2018-12-12 18:51:38 - [TEST_STEP][PASSED] - Statement - CurrentMonth = monthContainerMatcher.toString(): null

2018-12-12 18:51:38 - [TEST_STEP][PASSED] - Statement - CurrentMonth = CurrentMonth: null

2018-12-12 18:51:38 - [TEST_STEP][PASSED] - Statement - CurrentDateNoFilter.applyPattern("yyyy"): null

2018-12-12 18:51:38 - [TEST_STEP][PASSED] - Statement - CurrentYear = CurrentDateNoFilter.format(TodayDate): null

2018-12-12 18:51:38 - [TEST_STEP][PASSED] - Statement - CurrentYear = CurrentYear: null

2018-12-12 18:51:38 - [TEST_STEP][PASSED] - Statement - intCurrentYear = java.lang.Integer.parseInt(CurrentDateNoFilter.format(TodayDate)): null

2018-12-12 18:51:38 - [TEST_STEP][PASSED] - Statement - eighteenYrsAgo = intCurrentYear - 18: null

2018-12-12 18:51:38 - [TEST_STEP][PASSED] - Statement - eighteenYrsBeforeThisYr = eighteenYrsAgo.toString(): null

2018-12-12 18:51:38 - [TEST_STEP][PASSED] - Statement - EighteenYrsBefore = eighteenYrsBeforeThisYr: null

2018-12-12 18:51:38 - [TEST_STEP][PASSED] - Statement - fiftysevenYrsAgo = intCurrentYear - 57: null

2018-12-12 18:51:38 - [TEST_STEP][PASSED] - Statement - fiftysevenYrsBeforeThisYr = fiftysevenYrsAgo.toString(): null

2018-12-12 18:51:38 - [TEST_STEP][PASSED] - Statement - FiftysevenYrsBefore = fiftysevenYrsBeforeThisYr: null

2018-12-12 18:51:38 - [TEST_STEP][PASSED] - Statement - leapYear = false: null

2018-12-12 18:51:38 - [TEST_STEP][PASSED] - Statement - leapYear = intCurrentYear % 4 == 0: null

2018-12-12 18:51:38 - [TEST_STEP][PASSED] - Statement - CurrentDateNoFilter.applyPattern("dd"): null

2018-12-12 18:51:38 - [TEST_STEP][PASSED] - Statement - CurrentDate = CurrentDateNoFilter.format(TodayDate): null

2018-12-12 18:51:38 - [TEST_STEP][PASSED] - Statement - CurrentDate = java.lang.Integer.parseInt(CurrentDate): null

2018-12-12 18:51:38 - [TEST_STEP][PASSED] - Statement - CurrentDate = CurrentDate: null

2018-12-12 18:51:38 - [TEST_STEP][PASSED] - Statement - CurrentDay = java.lang.Integer.parseInt(CurrentDate): null

2018-12-12 18:51:38 - [TEST_STEP][PASSED] - Statement - ConfAdder = <not implemented yet for class: org.codehaus.groovy.ast.expr.EmptyExpression>: null

2018-12-12 18:51:38 - [TEST_STEP][PASSED] - Statement - out.println(CurrentMonth): null

2018-12-12 18:51:38 - [TEST_STEP][PASSED] - Statement - out.println(CurrentDate): null

2018-12-12 18:51:38 - [TEST_STEP][PASSED] - Statement - switch (CurrentDate): null

2018-12-12 18:51:38 - [TEST_STEP][PASSED] - Statement - Default: null

2018-12-12 18:51:38 - [TEST_STEP][PASSED] - Statement - ConfAdder = true: null

2018-12-12 18:51:38 - [TEST_STEP][PASSED] - Statement - Break: null

2018-12-12 18:51:38 - [TEST_STEP][PASSED] - Statement - aDayBefore = <not implemented yet for class: org.codehaus.groovy.ast.expr.EmptyExpression>: null

2018-12-12 18:51:38 - [TEST_STEP][PASSED] - Statement - out.println(ConfAdder): null

2018-12-12 18:51:38 - [TEST_STEP][PASSED] - Statement - If (ConfAdder == true): null

2018-12-12 18:51:38 - [TEST_STEP][PASSED] - Statement - aDayBefore = CurrentDay + 1: null

2018-12-12 18:51:38 - [TEST_STEP][PASSED] - Statement - out.println(aDayBefore): null

2018-12-12 18:51:38 - [TEST_STEP][PASSED] - Statement - If (aDayBefore == 1 && CurrentMonth == 11): null

2018-12-12 18:51:38 - [TEST_STEP][PASSED] - Statement - DayBefore = aDayBefore.toString(): null

2018-12-12 18:51:38 - [TEST_STEP][PASSED] - Statement - OneDayBefore = DayBefore: null

2018-12-12 18:51:38 - [MESSAGE][PASSED] - Call Test Case 'Test Cases/Final Aug 2018 - PKS Automation/Registration Module/New Registration/Form 2/Date Updater' successfully

2018-12-12 18:51:38 - [TEST_STEP][PASSED] - delay: Delayed 1 second(s)

2018-12-12 18:51:39 - [MESSAGE][PASSED] - Delayed 1 second(s)

2018-12-12 18:51:39 - [TEST_STEP][PASSED] - Statement - CaseReferenceNo = com.kms.katalon.core.webui.keyword.WebUiBuiltInKeywords.getText(com.kms.katalon.core.testobject.ObjectRepository.findTestObject(Final Object Repo/New Registration - Registration Module Pages/Form 2/RefNo Acquiring)): Text of object 'Object Repository/Final Object Repo/New Registration - Registration Module Pages/Form 2/RefNo Acquiring' is: 'CRN12201800123228'

2018-12-12 18:51:39 - [MESSAGE][PASSED] - Text of object 'Object Repository/Final Object Repo/New Registration - Registration Module Pages/Form 2/RefNo Acquiring' is: 'CRN12201800123228'

2018-12-12 18:51:39 - [TEST_STEP][PASSED] - delay: Delayed 1 second(s)

2018-12-12 18:51:40 - [MESSAGE][PASSED] - Delayed 1 second(s)

2018-12-12 18:51:40 - [TEST_STEP][PASSED] - click: Object: 'Object Repository/Final Object Repo/New Registration - Registration Module Pages/Form 2/Add Employee Button' is clicked on

2018-12-12 18:51:40 - [MESSAGE][PASSED] - Object: 'Object Repository/Final Object Repo/New Registration - Registration Module Pages/Form 2/Add Employee Button' is clicked on

2018-12-12 18:51:40 - [TEST_STEP][PASSED] - delay: Delayed 1 second(s)

2018-12-12 18:51:41 - [MESSAGE][PASSED] - Delayed 1 second(s)

2018-12-12 18:51:41 - [TEST_STEP][PASSED] - setText: Text '010903091963' is set on object 'Object Repository/Final Object Repo/New Registration - Registration Module Pages/Form 2/NRIC Input'

2018-12-12 18:51:41 - [MESSAGE][PASSED] - Text '010903091963' is set on object 'Object Repository/Final Object Repo/New Registration - Registration Module Pages/Form 2/NRIC Input'

2018-12-12 18:51:41 - [TEST_STEP][PASSED] - click: Object: 'Object Repository/Final Object Repo/New Registration - Registration Module Pages/Form 2/button for search for IC' is clicked on

2018-12-12 18:51:42 - [MESSAGE][PASSED] - Object: 'Object Repository/Final Object Repo/New Registration - Registration Module Pages/Form 2/button for search for IC' is clicked on

2018-12-12 18:51:42 - [TEST_STEP][PASSED] - delay: Delayed 2 second(s)

2018-12-12 18:51:44 - [MESSAGE][PASSED] - Delayed 2 second(s)

2018-12-12 18:51:44 - [TEST_STEP][PASSED] - setText: Text 'Automate001 eligible 1' is set on object 'Object Repository/Final Object Repo/New Registration - Registration Module Pages/Form 2/Employee Name Input'

2018-12-12 18:51:44 - [MESSAGE][PASSED] - Text 'Automate001 eligible 1' is set on object 'Object Repository/Final Object Repo/New Registration - Registration Module Pages/Form 2/Employee Name Input'

2018-12-12 18:51:44 - [TEST_STEP][PASSED] - delay: Delayed 2 second(s)

2018-12-12 18:51:46 - [MESSAGE][PASSED] - Delayed 2 second(s)

2018-12-12 18:51:46 - [TEST_STEP][PASSED] - click: Object: 'Object Repository/Final Object Repo/New Registration - Registration Module Pages/Form 2/DatePicker Pop Up' is clicked on

2018-12-12 18:51:46 - [MESSAGE][PASSED] - Object: 'Object Repository/Final Object Repo/New Registration - Registration Module Pages/Form 2/DatePicker Pop Up' is clicked on

2018-12-12 18:51:46 - [TEST_STEP][PASSED] - click: Object: 'Object Repository/Final Object Repo/New Registration - Registration Module Pages/Form 2/DOB Month' is clicked on

2018-12-12 18:51:47 - [MESSAGE][PASSED] - Object: 'Object Repository/Final Object Repo/New Registration - Registration Module Pages/Form 2/DOB Month' is clicked on

2018-12-12 18:51:47 - [TEST_STEP][PASSED] - Statement - CurrentMonth = CurrentMonth: null

2018-12-12 18:51:47 - [TEST_STEP][PASSED] - Statement - selectMonth = new com.kms.katalon.core.testobject.TestObject(): null

2018-12-12 18:51:47 - [TEST_STEP][PASSED] - Statement - selectMonth.addProperty("xpath", EQUALS, "//body/div/div/div/select/option[@value='" + CurrentMonth + "']", true): null

2018-12-12 18:51:47 - [TEST_STEP][PASSED] - click: Object: '' is clicked on

2018-12-12 18:51:47 - [MESSAGE][PASSED] - Object: '' is clicked on

2018-12-12 18:51:47 - [TEST_STEP][PASSED] - click: Object: 'Object Repository/Final Object Repo/New Registration - Registration Module Pages/Form 2/DOB Year' is clicked on

2018-12-12 18:51:47 - [MESSAGE][PASSED] - Object: 'Object Repository/Final Object Repo/New Registration - Registration Module Pages/Form 2/DOB Year' is clicked on

2018-12-12 18:51:47 - [TEST_STEP][PASSED] - Statement - Eyearsbf = EighteenYrsBefore: null

2018-12-12 18:51:47 - [TEST_STEP][PASSED] - Statement - selectYear = new com.kms.katalon.core.testobject.TestObject(): null

2018-12-12 18:51:47 - [TEST_STEP][PASSED] - Statement - selectYear.addProperty("xpath", EQUALS, "//div/div/div/select/option[@value='" + Eyearsbf + "']", true): null

2018-12-12 18:51:47 - [TEST_STEP][PASSED] - click: Object: '' is clicked on

2018-12-12 18:51:47 - [MESSAGE][PASSED] - Object: '' is clicked on

2018-12-12 18:51:47 - [TEST_STEP][PASSED] - Statement - UpdatedSelectDate = com.kms.katalon.core.webui.keyword.WebUiBuiltInKeywords.modifyObjectProperty(com.kms.katalon.core.testobject.ObjectRepository.findTestObject(Final Object Repo/New Registration - Registration Module Pages/Form 2/DOB Date), "xpath", "equals", "//body/div/table/tbody/tr/td/a[text()="" + CurrentDate + ""]", true): Modify property of object successfully

2018-12-12 18:51:47 - [MESSAGE][PASSED] - Modify property of object successfully

2018-12-12 18:51:47 - [TEST_STEP][PASSED] - delay: Delayed 3 second(s)

2018-12-12 18:51:50 - [MESSAGE][PASSED] - Delayed 3 second(s)

2018-12-12 18:51:50 - [TEST_STEP][PASSED] - click: Object: 'Object Repository/Final Object Repo/New Registration - Registration Module Pages/Form 2/DOB Date' is clicked on

2018-12-12 18:51:50 - [MESSAGE][PASSED] - Object: 'Object Repository/Final Object Repo/New Registration - Registration Module Pages/Form 2/DOB Date' is clicked on

2018-12-12 18:51:50 - [TEST_STEP][PASSED] - delay: Delayed 2 second(s)

2018-12-12 18:51:52 - [MESSAGE][PASSED] - Delayed 2 second(s)

2018-12-12 18:51:52 - [TEST_STEP][PASSED] - click: Object: 'Object Repository/Final Object Repo/New Registration - Registration Module Pages/Form 2/EmploymentStartDate Pop Up' is clicked on

2018-12-12 18:51:52 - [MESSAGE][PASSED] - Object: 'Object Repository/Final Object Repo/New Registration - Registration Module Pages/Form 2/EmploymentStartDate Pop Up' is clicked on

2018-12-12 18:51:52 - [TEST_STEP][PASSED] - delay: Delayed 2 second(s)

2018-12-12 18:51:54 - [MESSAGE][PASSED] - Delayed 2 second(s)

2018-12-12 18:51:54 - [TEST_STEP][PASSED] - click: Object: 'Object Repository/Final Object Repo/New Registration - Registration Module Pages/Form 2/Socso Employment StartDate Month' is clicked on

2018-12-12 18:51:54 - [MESSAGE][PASSED] - Object: 'Object Repository/Final Object Repo/New Registration - Registration Module Pages/Form 2/Socso Employment StartDate Month' is clicked on

2018-12-12 18:51:54 - [TEST_STEP][PASSED] - delay: Delayed 1 second(s)

2018-12-12 18:51:55 - [MESSAGE][PASSED] - Delayed 1 second(s)

2018-12-12 18:51:55 - [TEST_STEP][PASSED] - click: Object: 'Object Repository/Final Object Repo/New Registration - Registration Module Pages/Form 2/Select Socso Employement Startdate Month' is clicked on

2018-12-12 18:51:56 - [MESSAGE][PASSED] - Object: 'Object Repository/Final Object Repo/New Registration - Registration Module Pages/Form 2/Select Socso Employement Startdate Month' is clicked on

2018-12-12 18:51:56 - [TEST_STEP][PASSED] - delay: Delayed 2 second(s)

2018-12-12 18:51:58 - [MESSAGE][PASSED] - Delayed 2 second(s)

2018-12-12 18:51:58 - [TEST_STEP][PASSED] - click: Object: 'Object Repository/Final Object Repo/New Registration - Registration Module Pages/Form 2/Socso Employment StartDate Year' is clicked on

2018-12-12 18:51:58 - [MESSAGE][PASSED] - Object: 'Object Repository/Final Object Repo/New Registration - Registration Module Pages/Form 2/Socso Employment StartDate Year' is clicked on

2018-12-12 18:51:58 - [TEST_STEP][PASSED] - delay: Delayed 1 second(s)

2018-12-12 18:51:59 - [MESSAGE][PASSED] - Delayed 1 second(s)

2018-12-12 18:51:59 - [TEST_STEP][PASSED] - click: Object: 'Object Repository/Final Object Repo/New Registration - Registration Module Pages/Form 2/Select Socso Employment Startdate Year' is clicked on

2018-12-12 18:51:59 - [MESSAGE][PASSED] - Object: 'Object Repository/Final Object Repo/New Registration - Registration Module Pages/Form 2/Select Socso Employment Startdate Year' is clicked on

2018-12-12 18:51:59 - [TEST_STEP][PASSED] - delay: Delayed 2 second(s)

2018-12-12 18:52:01 - [MESSAGE][PASSED] - Delayed 2 second(s)

2018-12-12 18:52:01 - [TEST_STEP][PASSED] - click: Object: 'Object Repository/Final Object Repo/New Registration - Registration Module Pages/Form 2/Socso Employment Start Date Day' is clicked on

2018-12-12 18:52:01 - [MESSAGE][PASSED] - Object: 'Object Repository/Final Object Repo/New Registration - Registration Module Pages/Form 2/Socso Employment Start Date Day' is clicked on

2018-12-12 18:52:01 - [TEST_STEP][PASSED] - delay: Delayed 2 second(s)

2018-12-12 18:52:03 - [MESSAGE][PASSED] - Delayed 2 second(s)

2018-12-12 18:52:03 - [TEST_STEP][PASSED] - click: Object: 'Object Repository/Final Object Repo/New Registration - Registration Module Pages/Form 2/Save Button for Add Employee' is clicked on

2018-12-12 18:52:03 - [MESSAGE][PASSED] - Object: 'Object Repository/Final Object Repo/New Registration - Registration Module Pages/Form 2/Save Button for Add Employee' is clicked on

2018-12-12 18:52:03 - [TEST_STEP][PASSED] - delay: Delayed 6 second(s)

2018-12-12 18:52:09 - [MESSAGE][PASSED] - Delayed 6 second(s)

2018-12-12 18:52:09 - [TEST_STEP][PASSED] - click: Object: 'Object Repository/Final Object Repo/New Registration - Registration Module Pages/Form 2/Save and Continue Form 2' is clicked on

2018-12-12 18:52:10 - [MESSAGE][PASSED] - Object: 'Object Repository/Final Object Repo/New Registration - Registration Module Pages/Form 2/Save and Continue Form 2' is clicked on

2018-12-12 18:52:10 - [MESSAGE][PASSED] - Call Test Case 'Test Cases/Final Aug 2018 - PKS Automation/Registration Module/New Registration/Form 2/Add 1 Eligible' successfully

2018-12-12 18:52:10 - [TEST_STEP][PASSED] - callTestCase: Call Test Case 'Test Cases/Final Aug 2018 - PKS Automation/Registration Module/New Registration/Flow of New Registration/Third Screen - Upload Supporting Doc - Preview' successfully

2018-12-12 18:52:10 - [TEST_CASE][PASSED] - Test Cases/Final Aug 2018 - PKS Automation/Registration Module/New Registration/Flow of New Registration/Third Screen - Upload Supporting Doc - Preview: Test Cases/Final Aug 2018 - PKS Automation/Registration Module/New Registration/Flow of New Registration/Third Screen - Upload Supporting Doc - Preview

2018-12-12 18:52:10 - [TEST_STEP][PASSED] - waitForPageLoad: Wait for page load successfully

2018-12-12 18:52:10 - [MESSAGE][PASSED] - Wait for page load successfully

2018-12-12 18:52:10 - [TEST_STEP][PASSED] - Statement - CaseReferenceNo = com.kms.katalon.core.webui.keyword.WebUiBuiltInKeywords.getText(com.kms.katalon.core.testobject.ObjectRepository.findTestObject(Final Object Repo/New Registration - Registration Module Pages/Third Screen - Upload Supporting Doc- Preview/RefNo Acquiring)): Text of object 'Object Repository/Final Object Repo/New Registration - Registration Module Pages/Third Screen - Upload Supporting Doc- Preview/RefNo Acquiring' is: 'CRN12201800123228'

2018-12-12 18:52:10 - [MESSAGE][PASSED] - Text of object 'Object Repository/Final Object Repo/New Registration - Registration Module Pages/Third Screen - Upload Supporting Doc- Preview/RefNo Acquiring' is: 'CRN12201800123228'

2018-12-12 18:52:10 - [TEST_STEP][PASSED] - delay: Delayed 2 second(s)

2018-12-12 18:52:12 - [MESSAGE][PASSED] - Delayed 2 second(s)

2018-12-12 18:52:12 - [TEST_STEP][PASSED] - callTestCase: Call Test Case 'Test Cases/Final Aug 2018 - PKS Automation/Common/Reference Number Setter' successfully

2018-12-12 18:52:12 - [TEST_CASE][PASSED] - Test Cases/Final Aug 2018 - PKS Automation/Common/Reference Number Setter: Test Cases/Final Aug 2018 - PKS Automation/Common/Reference Number Setter

2018-12-12 18:52:12 - [TEST_STEP][PASSED] - Statement - RefNoOldFile = new java.io.File(C://Users//Admin//Desktop//PKS//Automation Reference Point//KatalonReference.txt): null

2018-12-12 18:52:12 - [TEST_STEP][PASSED] - Statement - RefNoOldFile.delete(): null

2018-12-12 18:52:12 - [TEST_STEP][PASSED] - delay: Delayed 5 second(s)

2018-12-12 18:52:17 - [MESSAGE][PASSED] - Delayed 5 second(s)

2018-12-12 18:52:17 - [TEST_STEP][PASSED] - Statement - RefNo = new java.io.File(C://Users//Admin//Desktop//PKS//Automation Reference Point//KatalonReference.txt): null

2018-12-12 18:52:17 - [TEST_STEP][PASSED] - Statement - f2 = new java.io.FileWriter(RefNo, false): null

2018-12-12 18:52:17 - [TEST_STEP][PASSED] - Statement - f2.write(CaseReferenceNo): null

2018-12-12 18:52:17 - [TEST_STEP][PASSED] - Statement - f2.close(): null

2018-12-12 18:52:17 - [TEST_STEP][PASSED] - Statement - out.println("


" + CaseReferenceNo + "


"): null

2018-12-12 18:52:17 - [MESSAGE][PASSED] - Call Test Case 'Test Cases/Final Aug 2018 - PKS Automation/Common/Reference Number Setter' successfully

2018-12-12 18:52:17 - [TEST_STEP][PASSED] - waitForElementClickable: Object 'Object Repository/Final Object Repo/New Registration - Registration Module Pages/Third Screen - Upload Supporting Doc- Preview/Save n Continue in SIP Employee Listing Page' is clickable

2018-12-12 18:52:17 - [MESSAGE][PASSED] - Object 'Object Repository/Final Object Repo/New Registration - Registration Module Pages/Third Screen - Upload Supporting Doc- Preview/Save n Continue in SIP Employee Listing Page' is clickable

2018-12-12 18:52:17 - [TEST_STEP][PASSED] - click: Object: 'Object Repository/Final Object Repo/New Registration - Registration Module Pages/Third Screen - Upload Supporting Doc- Preview/Save n Continue in SIP Employee Listing Page' is clicked on

2018-12-12 18:52:23 - [MESSAGE][PASSED] - Object: 'Object Repository/Final Object Repo/New Registration - Registration Module Pages/Third Screen - Upload Supporting Doc- Preview/Save n Continue in SIP Employee Listing Page' is clicked on

2018-12-12 18:52:23 - [TEST_STEP][PASSED] - delay: Delayed 7 second(s)

2018-12-12 18:52:30 - [MESSAGE][PASSED] - Delayed 7 second(s)

2018-12-12 18:52:30 - [TEST_STEP][PASSED] - click: Object: 'Object Repository/Final Object Repo/New Registration - Registration Module Pages/Third Screen - Upload Supporting Doc- Preview/Add Document Button' is clicked on

2018-12-12 18:52:30 - [MESSAGE][PASSED] - Object: 'Object Repository/Final Object Repo/New Registration - Registration Module Pages/Third Screen - Upload Supporting Doc- Preview/Add Document Button' is clicked on

2018-12-12 18:52:30 - [TEST_STEP][PASSED] - delay: Delayed 30 second(s)

2018-12-12 18:53:00 - [MESSAGE][PASSED] - Delayed 30 second(s)

2018-12-12 18:53:00 - [TEST_STEP][PASSED] - click: Object: 'Object Repository/Final Object Repo/New Registration - Registration Module Pages/Third Screen - Upload Supporting Doc- Preview/Supporting Doc Please Select Drop Down' is clicked on

2018-12-12 18:53:00 - [MESSAGE][PASSED] - Object: 'Object Repository/Final Object Repo/New Registration - Registration Module Pages/Third Screen - Upload Supporting Doc- Preview/Supporting Doc Please Select Drop Down' is clicked on

2018-12-12 18:53:00 - [TEST_STEP][PASSED] - delay: Delayed 2 second(s)

2018-12-12 18:53:02 - [MESSAGE][PASSED] - Delayed 2 second(s)

2018-12-12 18:53:02 - [TEST_STEP][PASSED] - click: Object: 'Object Repository/Final Object Repo/New Registration - Registration Module Pages/Third Screen - Upload Supporting Doc- Preview/Select to Upload Form 1' is clicked on

2018-12-12 18:53:02 - [MESSAGE][PASSED] - Object: 'Object Repository/Final Object Repo/New Registration - Registration Module Pages/Third Screen - Upload Supporting Doc- Preview/Select to Upload Form 1' is clicked on

2018-12-12 18:53:02 - [TEST_STEP][PASSED] - delay: Delayed 2 second(s)

2018-12-12 18:53:04 - [MESSAGE][PASSED] - Delayed 2 second(s)

2018-12-12 18:53:04 - [TEST_STEP][PASSED] - uploadFile: File 'C:\Users\Public\Pictures\Sample Pictures\Koala.jpg' sent to object: 'Object Repository/Final Object Repo/New Registration - Registration Module Pages/Third Screen - Upload Supporting Doc- Preview/Upload File Adding'

2018-12-12 18:53:04 - [MESSAGE][PASSED] - File 'C:\Users\Public\Pictures\Sample Pictures\Koala.jpg' sent to object: 'Object Repository/Final Object Repo/New Registration - Registration Module Pages/Third Screen - Upload Supporting Doc- Preview/Upload File Adding'

2018-12-12 18:53:04 - [TEST_STEP][PASSED] - delay: Delayed 5 second(s)

2018-12-12 18:53:09 - [MESSAGE][PASSED] - Delayed 5 second(s)

2018-12-12 18:53:09 - [TEST_STEP][PASSED] - click: Object: 'Object Repository/Final Object Repo/New Registration - Registration Module Pages/Third Screen - Upload Supporting Doc- Preview/Inner Form Add Document Button' is clicked on

2018-12-12 18:53:09 - [MESSAGE][PASSED] - Object: 'Object Repository/Final Object Repo/New Registration - Registration Module Pages/Third Screen - Upload Supporting Doc- Preview/Inner Form Add Document Button' is clicked on

2018-12-12 18:53:09 - [TEST_STEP][PASSED] - delay: Delayed 3 second(s)

2018-12-12 18:53:12 - [MESSAGE][PASSED] - Delayed 3 second(s)

2018-12-12 18:53:12 - [TEST_STEP][PASSED] - click: Object: 'Object Repository/Final Object Repo/New Registration - Registration Module Pages/Third Screen - Upload Supporting Doc- Preview/Add Document Button' is clicked on

2018-12-12 18:53:13 - [MESSAGE][PASSED] - Object: 'Object Repository/Final Object Repo/New Registration - Registration Module Pages/Third Screen - Upload Supporting Doc- Preview/Add Document Button' is clicked on

2018-12-12 18:53:13 - [TEST_STEP][PASSED] - delay: Delayed 30 second(s)

2018-12-12 18:53:43 - [MESSAGE][PASSED] - Delayed 30 second(s)

2018-12-12 18:53:43 - [TEST_STEP][PASSED] - click: Object: 'Object Repository/Final Object Repo/New Registration - Registration Module Pages/Third Screen - Upload Supporting Doc- Preview/Supporting Doc Please Select Drop Down' is clicked on

2018-12-12 18:53:43 - [MESSAGE][PASSED] - Object: 'Object Repository/Final Object Repo/New Registration - Registration Module Pages/Third Screen - Upload Supporting Doc- Preview/Supporting Doc Please Select Drop Down' is clicked on

2018-12-12 18:53:43 - [TEST_STEP][PASSED] - delay: Delayed 4 second(s)

2018-12-12 18:53:47 - [MESSAGE][PASSED] - Delayed 4 second(s)

2018-12-12 18:53:47 - [TEST_STEP][PASSED] - click: Object: 'Object Repository/Final Object Repo/New Registration - Registration Module Pages/Third Screen - Upload Supporting Doc- Preview/Select to Upload Form 2' is clicked on

2018-12-12 18:53:48 - [MESSAGE][PASSED] - Object: 'Object Repository/Final Object Repo/New Registration - Registration Module Pages/Third Screen - Upload Supporting Doc- Preview/Select to Upload Form 2' is clicked on

2018-12-12 18:53:48 - [TEST_STEP][PASSED] - delay: Delayed 2 second(s)

2018-12-12 18:53:50 - [MESSAGE][PASSED] - Delayed 2 second(s)

2018-12-12 18:53:50 - [TEST_STEP][PASSED] - uploadFile: File 'C:\Users\Public\Pictures\Sample Pictures\Koala.jpg' sent to object: 'Object Repository/Final Object Repo/New Registration - Registration Module Pages/Third Screen - Upload Supporting Doc- Preview/Upload File Adding'

2018-12-12 18:53:50 - [MESSAGE][PASSED] - File 'C:\Users\Public\Pictures\Sample Pictures\Koala.jpg' sent to object: 'Object Repository/Final Object Repo/New Registration - Registration Module Pages/Third Screen - Upload Supporting Doc- Preview/Upload File Adding'

2018-12-12 18:53:50 - [TEST_STEP][PASSED] - click: Object: 'Object Repository/Final Object Repo/New Registration - Registration Module Pages/Third Screen - Upload Supporting Doc- Preview/Inner Form Add Document Button' is clicked on

2018-12-12 18:53:50 - [MESSAGE][PASSED] - Object: 'Object Repository/Final Object Repo/New Registration - Registration Module Pages/Third Screen - Upload Supporting Doc- Preview/Inner Form Add Document Button' is clicked on

2018-12-12 18:53:50 - [TEST_STEP][PASSED] - delay: Delayed 5 second(s)

2018-12-12 18:53:55 - [MESSAGE][PASSED] - Delayed 5 second(s)

2018-12-12 18:53:55 - [TEST_STEP][PASSED] - click: Object: 'Object Repository/Final Object Repo/New Registration - Registration Module Pages/Third Screen - Upload Supporting Doc- Preview/Add Document Button' is clicked on

2018-12-12 18:53:55 - [MESSAGE][PASSED] - Object: 'Object Repository/Final Object Repo/New Registration - Registration Module Pages/Third Screen - Upload Supporting Doc- Preview/Add Document Button' is clicked on

2018-12-12 18:53:55 - [TEST_STEP][PASSED] - delay: Delayed 30 second(s)

2018-12-12 18:54:25 - [MESSAGE][PASSED] - Delayed 30 second(s)

2018-12-12 18:54:25 - [TEST_STEP][PASSED] - click: Object: 'Object Repository/Final Object Repo/New Registration - Registration Module Pages/Third Screen - Upload Supporting Doc- Preview/Supporting Doc Please Select Drop Down' is clicked on

2018-12-12 18:54:25 - [MESSAGE][PASSED] - Object: 'Object Repository/Final Object Repo/New Registration - Registration Module Pages/Third Screen - Upload Supporting Doc- Preview/Supporting Doc Please Select Drop Down' is clicked on

2018-12-12 18:54:25 - [TEST_STEP][PASSED] - click: Object: 'Object Repository/Final Object Repo/New Registration - Registration Module Pages/Third Screen - Upload Supporting Doc- Preview/Select to Upload Borang SIP 1' is clicked on

2018-12-12 18:54:25 - [MESSAGE][PASSED] - Object: 'Object Repository/Final Object Repo/New Registration - Registration Module Pages/Third Screen - Upload Supporting Doc- Preview/Select to Upload Borang SIP 1' is clicked on

2018-12-12 18:54:25 - [TEST_STEP][PASSED] - delay: Delayed 2 second(s)

2018-12-12 18:54:27 - [MESSAGE][PASSED] - Delayed 2 second(s)

2018-12-12 18:54:27 - [TEST_STEP][PASSED] - uploadFile: File 'C:\Users\Public\Pictures\Sample Pictures\Koala.jpg' sent to object: 'Object Repository/Final Object Repo/New Registration - Registration Module Pages/Third Screen - Upload Supporting Doc- Preview/Upload File Adding'

2018-12-12 18:54:28 - [MESSAGE][PASSED] - File 'C:\Users\Public\Pictures\Sample Pictures\Koala.jpg' sent to object: 'Object Repository/Final Object Repo/New Registration - Registration Module Pages/Third Screen - Upload Supporting Doc- Preview/Upload File Adding'

2018-12-12 18:54:28 - [TEST_STEP][PASSED] - click: Object: 'Object Repository/Final Object Repo/New Registration - Registration Module Pages/Third Screen - Upload Supporting Doc- Preview/Inner Form Add Document Button' is clicked on

2018-12-12 18:54:28 - [MESSAGE][PASSED] - Object: 'Object Repository/Final Object Repo/New Registration - Registration Module Pages/Third Screen - Upload Supporting Doc- Preview/Inner Form Add Document Button' is clicked on

2018-12-12 18:54:28 - [TEST_STEP][PASSED] - delay: Delayed 5 second(s)

2018-12-12 18:54:33 - [MESSAGE][PASSED] - Delayed 5 second(s)

2018-12-12 18:54:33 - [TEST_STEP][PASSED] - click: Object: 'Object Repository/Final Object Repo/New Registration - Registration Module Pages/Third Screen - Upload Supporting Doc- Preview/Add Document Button' is clicked on

2018-12-12 18:54:33 - [MESSAGE][PASSED] - Object: 'Object Repository/Final Object Repo/New Registration - Registration Module Pages/Third Screen - Upload Supporting Doc- Preview/Add Document Button' is clicked on

2018-12-12 18:54:33 - [TEST_STEP][PASSED] - delay: Delayed 30 second(s)

2018-12-12 18:55:03 - [MESSAGE][PASSED] - Delayed 30 second(s)

2018-12-12 18:55:03 - [TEST_STEP][PASSED] - click: Object: 'Object Repository/Final Object Repo/New Registration - Registration Module Pages/Third Screen - Upload Supporting Doc- Preview/Supporting Doc Please Select Drop Down' is clicked on

2018-12-12 18:55:03 - [MESSAGE][PASSED] - Object: 'Object Repository/Final Object Repo/New Registration - Registration Module Pages/Third Screen - Upload Supporting Doc- Preview/Supporting Doc Please Select Drop Down' is clicked on

2018-12-12 18:55:03 - [TEST_STEP][PASSED] - delay: Delayed 3 second(s)

2018-12-12 18:55:06 - [MESSAGE][PASSED] - Delayed 3 second(s)

2018-12-12 18:55:06 - [TEST_STEP][PASSED] - click: Object: 'Object Repository/Final Object Repo/New Registration - Registration Module Pages/Third Screen - Upload Supporting Doc- Preview/Select to Upload Borang SIP 2' is clicked on

2018-12-12 18:55:06 - [MESSAGE][PASSED] - Object: 'Object Repository/Final Object Repo/New Registration - Registration Module Pages/Third Screen - Upload Supporting Doc- Preview/Select to Upload Borang SIP 2' is clicked on

2018-12-12 18:55:06 - [TEST_STEP][PASSED] - delay: Delayed 2 second(s)

2018-12-12 18:55:08 - [MESSAGE][PASSED] - Delayed 2 second(s)

2018-12-12 18:55:08 - [TEST_STEP][PASSED] - uploadFile: File 'C:\Users\Public\Pictures\Sample Pictures\Koala.jpg' sent to object: 'Object Repository/Final Object Repo/New Registration - Registration Module Pages/Third Screen - Upload Supporting Doc- Preview/Upload File Adding'

2018-12-12 18:55:08 - [MESSAGE][PASSED] - File 'C:\Users\Public\Pictures\Sample Pictures\Koala.jpg' sent to object: 'Object Repository/Final Object Repo/New Registration - Registration Module Pages/Third Screen - Upload Supporting Doc- Preview/Upload File Adding'

2018-12-12 18:55:08 - [TEST_STEP][PASSED] - delay: Delayed 5 second(s)

2018-12-12 18:55:13 - [MESSAGE][PASSED] - Delayed 5 second(s)

2018-12-12 18:55:13 - [TEST_STEP][PASSED] - click: Object: 'Object Repository/Final Object Repo/New Registration - Registration Module Pages/Third Screen - Upload Supporting Doc- Preview/Inner Form Add Document Button' is clicked on

2018-12-12 18:55:14 - [MESSAGE][PASSED] - Object: 'Object Repository/Final Object Repo/New Registration - Registration Module Pages/Third Screen - Upload Supporting Doc- Preview/Inner Form Add Document Button' is clicked on

2018-12-12 18:55:14 - [TEST_STEP][PASSED] - delay: Delayed 3 second(s)

2018-12-12 18:55:17 - [MESSAGE][PASSED] - Delayed 3 second(s)

2018-12-12 18:55:17 - [TEST_STEP][PASSED] - waitForElementClickable: Object 'Object Repository/Final Object Repo/New Registration - Registration Module Pages/Third Screen - Upload Supporting Doc- Preview/Save n Continue in Uploading Supporting Doc Page' is clickable

2018-12-12 18:55:18 - [MESSAGE][PASSED] - Object 'Object Repository/Final Object Repo/New Registration - Registration Module Pages/Third Screen - Upload Supporting Doc- Preview/Save n Continue in Uploading Supporting Doc Page' is clickable

2018-12-12 18:55:18 - [TEST_STEP][PASSED] - click: Object: 'Object Repository/Final Object Repo/New Registration - Registration Module Pages/Third Screen - Upload Supporting Doc- Preview/Save n Continue in Uploading Supporting Doc Page' is clicked on

2018-12-12 18:55:18 - [MESSAGE][PASSED] - Object: 'Object Repository/Final Object Repo/New Registration - Registration Module Pages/Third Screen - Upload Supporting Doc- Preview/Save n Continue in Uploading Supporting Doc Page' is clicked on

2018-12-12 18:55:18 - [MESSAGE][PASSED] - Call Test Case 'Test Cases/Final Aug 2018 - PKS Automation/Registration Module/New Registration/Flow of New Registration/Third Screen - Upload Supporting Doc - Preview' successfully

2018-12-12 18:55:18 - [TEST_STEP][PASSED] - callTestCase: Call Test Case 'Test Cases/Final Aug 2018 - PKS Automation/Registration Module/New Registration/Submit and Screenshot/Submit Registration and Screenshot' successfully

2018-12-12 18:55:18 - [TEST_CASE][PASSED] - Test Cases/Final Aug 2018 - PKS Automation/Registration Module/New Registration/Submit and Screenshot/Submit Registration and Screenshot: Test Cases/Final Aug 2018 - PKS Automation/Registration Module/New Registration/Submit and Screenshot/Submit Registration and Screenshot

2018-12-12 18:55:18 - [TEST_STEP][PASSED] - delay: Delayed 6 second(s)

2018-12-12 18:55:24 - [MESSAGE][PASSED] - Delayed 6 second(s)

2018-12-12 18:55:24 - [TEST_STEP][PASSED] - click: Object: 'Object Repository/Final Object Repo/New Registration - Registration Module Pages/Third Screen - Upload Supporting Doc- Preview/Preview Submit Button' is clicked on

2018-12-12 18:55:24 - [MESSAGE][PASSED] - Object: 'Object Repository/Final Object Repo/New Registration - Registration Module Pages/Third Screen - Upload Supporting Doc- Preview/Preview Submit Button' is clicked on

2018-12-12 18:55:24 - [TEST_STEP][PASSED] - delay: Delayed 2 second(s)

2018-12-12 18:55:26 - [MESSAGE][PASSED] - Delayed 2 second(s)

2018-12-12 18:55:26 - [TEST_STEP][PASSED] - click: Object: 'Object Repository/Final Object Repo/New Registration - Registration Module Pages/Third Screen - Upload Supporting Doc- Preview/Preview Submit - Confirm' is clicked on

2018-12-12 18:55:26 - [MESSAGE][PASSED] - Object: 'Object Repository/Final Object Repo/New Registration - Registration Module Pages/Third Screen - Upload Supporting Doc- Preview/Preview Submit - Confirm' is clicked on

2018-12-12 18:55:26 - [TEST_STEP][PASSED] - delay: Delayed 15 second(s)

2018-12-12 18:55:41 - [MESSAGE][PASSED] - Delayed 15 second(s)

2018-12-12 18:55:41 - [TEST_STEP][PASSED] - Statement - driver = com.kms.katalon.core.webui.driver.DriverFactory.getWebDriver(): null

2018-12-12 18:55:41 - [TEST_STEP][PASSED] - Statement - driver.manage().timeouts().implicitlyWait(10, SECONDS): null

2018-12-12 18:55:41 - [TEST_STEP][PASSED] - Statement - PresavePath = KatalonScreenshots: null

2018-12-12 18:55:41 - [TEST_STEP][PASSED] - Statement - pathPrefix = "C:\Users\Public\Pictures\Sample Pictures\Katalon Screenshots\Automate Ending Screen": null

2018-12-12 18:55:41 - [TEST_STEP][PASSED] - Statement - finalPath = <not implemented yet for class: org.codehaus.groovy.ast.expr.EmptyExpression>: null

2018-12-12 18:55:41 - [TEST_STEP][PASSED] - Statement - scrFile = driver.getScreenshotAs(FILE): null

2018-12-12 18:55:42 - [TEST_STEP][PASSED] - Statement - PreSaveFile = new java.io.File(PresavePath): null

2018-12-12 18:55:42 - [TEST_STEP][PASSED] - Statement - counter = 0: null

2018-12-12 18:55:42 - [TEST_STEP][PASSED] - Statement - If (PreSaveFile.exists()): null

2018-12-12 18:55:42 - [TEST_STEP][PASSED] - Statement - While (PreSaveFile.exists()): null

2018-12-12 18:55:42 - [TEST_STEP][PASSED] - Statement - counter = counter + 1: null

2018-12-12 18:55:42 - [TEST_STEP][PASSED] - Statement - PreSaveFile = new java.io.File(((pathPrefix + java.lang.Integer.toString(counter)) + .png)): null

2018-12-12 18:55:42 - [TEST_STEP][PASSED] - Statement - counter = counter + 1: null

2018-12-12 18:55:42 - [TEST_STEP][PASSED] - Statement - PreSaveFile = new java.io.File(((pathPrefix + java.lang.Integer.toString(counter)) + .png)): null

2018-12-12 18:55:42 - [TEST_STEP][PASSED] - Statement - counter = counter + 1: null

2018-12-12 18:55:42 - [TEST_STEP][PASSED] - Statement - PreSaveFile = new java.io.File(((pathPrefix + java.lang.Integer.toString(counter)) + .png)): null

2018-12-12 18:55:42 - [TEST_STEP][PASSED] - Statement - counter = counter + 1: null

2018-12-12 18:55:42 - [TEST_STEP][PASSED] - Statement - PreSaveFile = new java.io.File(((pathPrefix + java.lang.Integer.toString(counter)) + .png)): null

2018-12-12 18:55:42 - [TEST_STEP][PASSED] - Statement - counter = counter + 1: null

2018-12-12 18:55:42 - [TEST_STEP][PASSED] - Statement - PreSaveFile = new java.io.File(((pathPrefix + java.lang.Integer.toString(counter)) + .png)): null

2018-12-12 18:55:42 - [TEST_STEP][PASSED] - Statement - counter = counter + 1: null

2018-12-12 18:55:42 - [TEST_STEP][PASSED] - Statement - PreSaveFile = new java.io.File(((pathPrefix + java.lang.Integer.toString(counter)) + .png)): null

2018-12-12 18:55:42 - [TEST_STEP][PASSED] - Statement - counter = counter + 1: null

2018-12-12 18:55:42 - [TEST_STEP][PASSED] - Statement - PreSaveFile = new java.io.File(((pathPrefix + java.lang.Integer.toString(counter)) + .png)): null

2018-12-12 18:55:42 - [TEST_STEP][PASSED] - Statement - counter = counter + 1: null

2018-12-12 18:55:42 - [TEST_STEP][PASSED] - Statement - PreSaveFile = new java.io.File(((pathPrefix + java.lang.Integer.toString(counter)) + .png)): null

2018-12-12 18:55:42 - [TEST_STEP][PASSED] - Statement - counter = counter + 1: null

2018-12-12 18:55:42 - [TEST_STEP][PASSED] - Statement - PreSaveFile = new java.io.File(((pathPrefix + java.lang.Integer.toString(counter)) + .png)): null

2018-12-12 18:55:42 - [TEST_STEP][PASSED] - Statement - counter = counter + 1: null

2018-12-12 18:55:42 - [TEST_STEP][PASSED] - Statement - PreSaveFile = new java.io.File(((pathPrefix + java.lang.Integer.toString(counter)) + .png)): null

2018-12-12 18:55:42 - [TEST_STEP][PASSED] - Statement - counter = counter + 1: null

2018-12-12 18:55:42 - [TEST_STEP][PASSED] - Statement - PreSaveFile = new java.io.File(((pathPrefix + java.lang.Integer.toString(counter)) + .png)): null

2018-12-12 18:55:42 - [TEST_STEP][PASSED] - Statement - counter = counter + 1: null

2018-12-12 18:55:42 - [TEST_STEP][PASSED] - Statement - PreSaveFile = new java.io.File(((pathPrefix + java.lang.Integer.toString(counter)) + .png)): null

2018-12-12 18:55:42 - [TEST_STEP][PASSED] - Statement - counter = counter + 1: null

2018-12-12 18:55:42 - [TEST_STEP][PASSED] - Statement - PreSaveFile = new java.io.File(((pathPrefix + java.lang.Integer.toString(counter)) + .png)): null

2018-12-12 18:55:42 - [TEST_STEP][PASSED] - Statement - counter = counter + 1: null

2018-12-12 18:55:42 - [TEST_STEP][PASSED] - Statement - PreSaveFile = new java.io.File(((pathPrefix + java.lang.Integer.toString(counter)) + .png)): null

2018-12-12 18:55:42 - [TEST_STEP][PASSED] - Statement - counter = counter + 1: null

2018-12-12 18:55:42 - [TEST_STEP][PASSED] - Statement - PreSaveFile = new java.io.File(((pathPrefix + java.lang.Integer.toString(counter)) + .png)): null

2018-12-12 18:55:42 - [TEST_STEP][PASSED] - Statement - counter = counter + 1: null

2018-12-12 18:55:42 - [TEST_STEP][PASSED] - Statement - PreSaveFile = new java.io.File(((pathPrefix + java.lang.Integer.toString(counter)) + .png)): null

2018-12-12 18:55:42 - [TEST_STEP][PASSED] - Statement - counter = counter + 1: null

2018-12-12 18:55:42 - [TEST_STEP][PASSED] - Statement - PreSaveFile = new java.io.File(((pathPrefix + java.lang.Integer.toString(counter)) + .png)): null

2018-12-12 18:55:42 - [TEST_STEP][PASSED] - Statement - counter = counter + 1: null

2018-12-12 18:55:42 - [TEST_STEP][PASSED] - Statement - PreSaveFile = new java.io.File(((pathPrefix + java.lang.Integer.toString(counter)) + .png)): null

2018-12-12 18:55:42 - [TEST_STEP][PASSED] - Statement - counter = counter + 1: null

2018-12-12 18:55:42 - [TEST_STEP][PASSED] - Statement - PreSaveFile = new java.io.File(((pathPrefix + java.lang.Integer.toString(counter)) + .png)): null

2018-12-12 18:55:42 - [TEST_STEP][PASSED] - Statement - counter = counter + 1: null

2018-12-12 18:55:42 - [TEST_STEP][PASSED] - Statement - PreSaveFile = new java.io.File(((pathPrefix + java.lang.Integer.toString(counter)) + .png)): null

2018-12-12 18:55:42 - [TEST_STEP][PASSED] - Statement - counter = counter + 1: null

2018-12-12 18:55:42 - [TEST_STEP][PASSED] - Statement - PreSaveFile = new java.io.File(((pathPrefix + java.lang.Integer.toString(counter)) + .png)): null

2018-12-12 18:55:42 - [TEST_STEP][PASSED] - Statement - counter = counter + 1: null

2018-12-12 18:55:42 - [TEST_STEP][PASSED] - Statement - PreSaveFile = new java.io.File(((pathPrefix + java.lang.Integer.toString(counter)) + .png)): null

2018-12-12 18:55:42 - [TEST_STEP][PASSED] - Statement - counter = counter + 1: null

2018-12-12 18:55:42 - [TEST_STEP][PASSED] - Statement - PreSaveFile = new java.io.File(((pathPrefix + java.lang.Integer.toString(counter)) + .png)): null

2018-12-12 18:55:42 - [TEST_STEP][PASSED] - Statement - counter = counter + 1: null

2018-12-12 18:55:42 - [TEST_STEP][PASSED] - Statement - PreSaveFile = new java.io.File(((pathPrefix + java.lang.Integer.toString(counter)) + .png)): null

2018-12-12 18:55:42 - [TEST_STEP][PASSED] - Statement - counter = counter + 1: null

2018-12-12 18:55:42 - [TEST_STEP][PASSED] - Statement - PreSaveFile = new java.io.File(((pathPrefix + java.lang.Integer.toString(counter)) + .png)): null

2018-12-12 18:55:42 - [TEST_STEP][PASSED] - Statement - counter = counter + 1: null

2018-12-12 18:55:42 - [TEST_STEP][PASSED] - Statement - PreSaveFile = new java.io.File(((pathPrefix + java.lang.Integer.toString(counter)) + .png)): null

2018-12-12 18:55:42 - [TEST_STEP][PASSED] - Statement - counter = counter + 1: null

2018-12-12 18:55:42 - [TEST_STEP][PASSED] - Statement - PreSaveFile = new java.io.File(((pathPrefix + java.lang.Integer.toString(counter)) + .png)): null

2018-12-12 18:55:42 - [TEST_STEP][PASSED] - Statement - counter = counter + 1: null

2018-12-12 18:55:42 - [TEST_STEP][PASSED] - Statement - PreSaveFile = new java.io.File(((pathPrefix + java.lang.Integer.toString(counter)) + .png)): null

2018-12-12 18:55:42 - [TEST_STEP][PASSED] - Statement - counter = counter + 1: null

2018-12-12 18:55:42 - [TEST_STEP][PASSED] - Statement - PreSaveFile = new java.io.File(((pathPrefix + java.lang.Integer.toString(counter)) + .png)): null

2018-12-12 18:55:42 - [TEST_STEP][PASSED] - Statement - counter = counter + 1: null

2018-12-12 18:55:42 - [TEST_STEP][PASSED] - Statement - PreSaveFile = new java.io.File(((pathPrefix + java.lang.Integer.toString(counter)) + .png)): null

2018-12-12 18:55:42 - [TEST_STEP][PASSED] - Statement - counter = counter + 1: null

2018-12-12 18:55:42 - [TEST_STEP][PASSED] - Statement - PreSaveFile = new java.io.File(((pathPrefix + java.lang.Integer.toString(counter)) + .png)): null

2018-12-12 18:55:42 - [TEST_STEP][PASSED] - Statement - counter = counter + 1: null

2018-12-12 18:55:42 - [TEST_STEP][PASSED] - Statement - PreSaveFile = new java.io.File(((pathPrefix + java.lang.Integer.toString(counter)) + .png)): null

2018-12-12 18:55:42 - [TEST_STEP][PASSED] - Statement - counter = counter + 1: null

2018-12-12 18:55:42 - [TEST_STEP][PASSED] - Statement - PreSaveFile = new java.io.File(((pathPrefix + java.lang.Integer.toString(counter)) + .png)): null

2018-12-12 18:55:42 - [TEST_STEP][PASSED] - Statement - counter = counter + 1: null

2018-12-12 18:55:42 - [TEST_STEP][PASSED] - Statement - PreSaveFile = new java.io.File(((pathPrefix + java.lang.Integer.toString(counter)) + .png)): null

2018-12-12 18:55:42 - [TEST_STEP][PASSED] - Statement - counter = counter + 1: null

2018-12-12 18:55:42 - [TEST_STEP][PASSED] - Statement - PreSaveFile = new java.io.File(((pathPrefix + java.lang.Integer.toString(counter)) + .png)): null

2018-12-12 18:55:42 - [TEST_STEP][PASSED] - Statement - counter = counter + 1: null

2018-12-12 18:55:42 - [TEST_STEP][PASSED] - Statement - PreSaveFile = new java.io.File(((pathPrefix + java.lang.Integer.toString(counter)) + .png)): null

2018-12-12 18:55:42 - [TEST_STEP][PASSED] - Statement - counter = counter + 1: null

2018-12-12 18:55:42 - [TEST_STEP][PASSED] - Statement - PreSaveFile = new java.io.File(((pathPrefix + java.lang.Integer.toString(counter)) + .png)): null

2018-12-12 18:55:42 - [TEST_STEP][PASSED] - Statement - counter = counter + 1: null

2018-12-12 18:55:42 - [TEST_STEP][PASSED] - Statement - PreSaveFile = new java.io.File(((pathPrefix + java.lang.Integer.toString(counter)) + .png)): null

2018-12-12 18:55:42 - [TEST_STEP][PASSED] - Statement - counter = counter + 1: null

2018-12-12 18:55:42 - [TEST_STEP][PASSED] - Statement - PreSaveFile = new java.io.File(((pathPrefix + java.lang.Integer.toString(counter)) + .png)): null

2018-12-12 18:55:42 - [TEST_STEP][PASSED] - Statement - counter = counter + 1: null

2018-12-12 18:55:42 - [TEST_STEP][PASSED] - Statement - PreSaveFile = new java.io.File(((pathPrefix + java.lang.Integer.toString(counter)) + .png)): null

2018-12-12 18:55:42 - [TEST_STEP][PASSED] - Statement - counter = counter + 1: null

2018-12-12 18:55:42 - [TEST_STEP][PASSED] - Statement - PreSaveFile = new java.io.File(((pathPrefix + java.lang.Integer.toString(counter)) + .png)): null

2018-12-12 18:55:42 - [TEST_STEP][PASSED] - Statement - counter = counter + 1: null

2018-12-12 18:55:42 - [TEST_STEP][PASSED] - Statement - PreSaveFile = new java.io.File(((pathPrefix + java.lang.Integer.toString(counter)) + .png)): null

2018-12-12 18:55:42 - [TEST_STEP][PASSED] - Statement - counter = counter + 1: null

2018-12-12 18:55:42 - [TEST_STEP][PASSED] - Statement - PreSaveFile = new java.io.File(((pathPrefix + java.lang.Integer.toString(counter)) + .png)): null

2018-12-12 18:55:42 - [TEST_STEP][PASSED] - Statement - counter = counter + 1: null

2018-12-12 18:55:42 - [TEST_STEP][PASSED] - Statement - PreSaveFile = new java.io.File(((pathPrefix + java.lang.Integer.toString(counter)) + .png)): null

2018-12-12 18:55:42 - [TEST_STEP][PASSED] - Statement - counter = counter + 1: null

2018-12-12 18:55:42 - [TEST_STEP][PASSED] - Statement - PreSaveFile = new java.io.File(((pathPrefix + java.lang.Integer.toString(counter)) + .png)): null

2018-12-12 18:55:42 - [TEST_STEP][PASSED] - Statement - counter = counter + 1: null

2018-12-12 18:55:42 - [TEST_STEP][PASSED] - Statement - PreSaveFile = new java.io.File(((pathPrefix + java.lang.Integer.toString(counter)) + .png)): null

2018-12-12 18:55:42 - [TEST_STEP][PASSED] - Statement - counter = counter + 1: null

2018-12-12 18:55:42 - [TEST_STEP][PASSED] - Statement - PreSaveFile = new java.io.File(((pathPrefix + java.lang.Integer.toString(counter)) + .png)): null

2018-12-12 18:55:42 - [TEST_STEP][PASSED] - Statement - counter = counter + 1: null

2018-12-12 18:55:42 - [TEST_STEP][PASSED] - Statement - PreSaveFile = new java.io.File(((pathPrefix + java.lang.Integer.toString(counter)) + .png)): null

2018-12-12 18:55:42 - [TEST_STEP][PASSED] - Statement - counter = counter + 1: null

2018-12-12 18:55:42 - [TEST_STEP][PASSED] - Statement - PreSaveFile = new java.io.File(((pathPrefix + java.lang.Integer.toString(counter)) + .png)): null

2018-12-12 18:55:42 - [TEST_STEP][PASSED] - Statement - counter = counter + 1: null

2018-12-12 18:55:42 - [TEST_STEP][PASSED] - Statement - PreSaveFile = new java.io.File(((pathPrefix + java.lang.Integer.toString(counter)) + .png)): null

2018-12-12 18:55:42 - [TEST_STEP][PASSED] - Statement - counter = counter + 1: null

2018-12-12 18:55:42 - [TEST_STEP][PASSED] - Statement - PreSaveFile = new java.io.File(((pathPrefix + java.lang.Integer.toString(counter)) + .png)): null

2018-12-12 18:55:42 - [TEST_STEP][PASSED] - Statement - counter = counter + 1: null

2018-12-12 18:55:42 - [TEST_STEP][PASSED] - Statement - PreSaveFile = new java.io.File(((pathPrefix + java.lang.Integer.toString(counter)) + .png)): null

2018-12-12 18:55:42 - [TEST_STEP][PASSED] - Statement - counter = counter + 1: null

2018-12-12 18:55:42 - [TEST_STEP][PASSED] - Statement - PreSaveFile = new java.io.File(((pathPrefix + java.lang.Integer.toString(counter)) + .png)): null

2018-12-12 18:55:42 - [TEST_STEP][PASSED] - Statement - counter = counter + 1: null

2018-12-12 18:55:42 - [TEST_STEP][PASSED] - Statement - PreSaveFile = new java.io.File(((pathPrefix + java.lang.Integer.toString(counter)) + .png)): null

2018-12-12 18:55:42 - [TEST_STEP][PASSED] - Statement - counter = counter + 1: null

2018-12-12 18:55:42 - [TEST_STEP][PASSED] - Statement - PreSaveFile = new java.io.File(((pathPrefix + java.lang.Integer.toString(counter)) + .png)): null

2018-12-12 18:55:42 - [TEST_STEP][PASSED] - Statement - counter = counter + 1: null

2018-12-12 18:55:42 - [TEST_STEP][PASSED] - Statement - PreSaveFile = new java.io.File(((pathPrefix + java.lang.Integer.toString(counter)) + .png)): null

2018-12-12 18:55:42 - [TEST_STEP][PASSED] - Statement - counter = counter + 1: null

2018-12-12 18:55:42 - [TEST_STEP][PASSED] - Statement - PreSaveFile = new java.io.File(((pathPrefix + java.lang.Integer.toString(counter)) + .png)): null

2018-12-12 18:55:42 - [TEST_STEP][PASSED] - Statement - counter = counter + 1: null

2018-12-12 18:55:42 - [TEST_STEP][PASSED] - Statement - PreSaveFile = new java.io.File(((pathPrefix + java.lang.Integer.toString(counter)) + .png)): null

2018-12-12 18:55:42 - [TEST_STEP][PASSED] - Statement - counter = counter + 1: null

2018-12-12 18:55:42 - [TEST_STEP][PASSED] - Statement - PreSaveFile = new java.io.File(((pathPrefix + java.lang.Integer.toString(counter)) + .png)): null

2018-12-12 18:55:42 - [TEST_STEP][PASSED] - Statement - counter = counter + 1: null

2018-12-12 18:55:42 - [TEST_STEP][PASSED] - Statement - PreSaveFile = new java.io.File(((pathPrefix + java.lang.Integer.toString(counter)) + .png)): null

2018-12-12 18:55:42 - [TEST_STEP][PASSED] - Statement - counter = counter + 1: null

2018-12-12 18:55:42 - [TEST_STEP][PASSED] - Statement - PreSaveFile = new java.io.File(((pathPrefix + java.lang.Integer.toString(counter)) + .png)): null

2018-12-12 18:55:42 - [TEST_STEP][PASSED] - Statement - counter = counter + 1: null

2018-12-12 18:55:42 - [TEST_STEP][PASSED] - Statement - PreSaveFile = new java.io.File(((pathPrefix + java.lang.Integer.toString(counter)) + .png)): null

2018-12-12 18:55:42 - [TEST_STEP][PASSED] - Statement - counter = counter + 1: null

2018-12-12 18:55:42 - [TEST_STEP][PASSED] - Statement - PreSaveFile = new java.io.File(((pathPrefix + java.lang.Integer.toString(counter)) + .png)): null

2018-12-12 18:55:42 - [TEST_STEP][PASSED] - Statement - counter = counter + 1: null

2018-12-12 18:55:42 - [TEST_STEP][PASSED] - Statement - PreSaveFile = new java.io.File(((pathPrefix + java.lang.Integer.toString(counter)) + .png)): null

2018-12-12 18:55:42 - [TEST_STEP][PASSED] - Statement - counter = counter + 1: null

2018-12-12 18:55:42 - [TEST_STEP][PASSED] - Statement - PreSaveFile = new java.io.File(((pathPrefix + java.lang.Integer.toString(counter)) + .png)): null

2018-12-12 18:55:42 - [TEST_STEP][PASSED] - Statement - counter = counter + 1: null

2018-12-12 18:55:42 - [TEST_STEP][PASSED] - Statement - PreSaveFile = new java.io.File(((pathPrefix + java.lang.Integer.toString(counter)) + .png)): null

2018-12-12 18:55:42 - [TEST_STEP][PASSED] - Statement - counter = counter + 1: null

2018-12-12 18:55:42 - [TEST_STEP][PASSED] - Statement - PreSaveFile = new java.io.File(((pathPrefix + java.lang.Integer.toString(counter)) + .png)): null

2018-12-12 18:55:42 - [TEST_STEP][PASSED] - Statement - counter = counter + 1: null

2018-12-12 18:55:42 - [TEST_STEP][PASSED] - Statement - PreSaveFile = new java.io.File(((pathPrefix + java.lang.Integer.toString(counter)) + .png)): null

2018-12-12 18:55:42 - [TEST_STEP][PASSED] - Statement - counter = counter + 1: null

2018-12-12 18:55:42 - [TEST_STEP][PASSED] - Statement - PreSaveFile = new java.io.File(((pathPrefix + java.lang.Integer.toString(counter)) + .png)): null

2018-12-12 18:55:42 - [TEST_STEP][PASSED] - Statement - counter = counter + 1: null

2018-12-12 18:55:42 - [TEST_STEP][PASSED] - Statement - PreSaveFile = new java.io.File(((pathPrefix + java.lang.Integer.toString(counter)) + .png)): null

2018-12-12 18:55:42 - [TEST_STEP][PASSED] - Statement - counter = counter + 1: null

2018-12-12 18:55:42 - [TEST_STEP][PASSED] - Statement - PreSaveFile = new java.io.File(((pathPrefix + java.lang.Integer.toString(counter)) + .png)): null

2018-12-12 18:55:42 - [TEST_STEP][PASSED] - Statement - counter = counter + 1: null

2018-12-12 18:55:42 - [TEST_STEP][PASSED] - Statement - PreSaveFile = new java.io.File(((pathPrefix + java.lang.Integer.toString(counter)) + .png)): null

2018-12-12 18:55:42 - [TEST_STEP][PASSED] - Statement - counter = counter + 1: null

2018-12-12 18:55:42 - [TEST_STEP][PASSED] - Statement - PreSaveFile = new java.io.File(((pathPrefix + java.lang.Integer.toString(counter)) + .png)): null

2018-12-12 18:55:42 - [TEST_STEP][PASSED] - Statement - counter = counter + 1: null

2018-12-12 18:55:42 - [TEST_STEP][PASSED] - Statement - PreSaveFile = new java.io.File(((pathPrefix + java.lang.Integer.toString(counter)) + .png)): null

2018-12-12 18:55:42 - [TEST_STEP][PASSED] - Statement - counter = counter + 1: null

2018-12-12 18:55:42 - [TEST_STEP][PASSED] - Statement - PreSaveFile = new java.io.File(((pathPrefix + java.lang.Integer.toString(counter)) + .png)): null

2018-12-12 18:55:42 - [TEST_STEP][PASSED] - Statement - counter = counter + 1: null

2018-12-12 18:55:42 - [TEST_STEP][PASSED] - Statement - PreSaveFile = new java.io.File(((pathPrefix + java.lang.Integer.toString(counter)) + .png)): null

2018-12-12 18:55:42 - [TEST_STEP][PASSED] - Statement - counter = counter + 1: null

2018-12-12 18:55:42 - [TEST_STEP][PASSED] - Statement - PreSaveFile = new java.io.File(((pathPrefix + java.lang.Integer.toString(counter)) + .png)): null

2018-12-12 18:55:42 - [TEST_STEP][PASSED] - Statement - counter = counter + 1: null

2018-12-12 18:55:42 - [TEST_STEP][PASSED] - Statement - PreSaveFile = new java.io.File(((pathPrefix + java.lang.Integer.toString(counter)) + .png)): null

2018-12-12 18:55:42 - [TEST_STEP][PASSED] - Statement - counter = counter + 1: null

2018-12-12 18:55:42 - [TEST_STEP][PASSED] - Statement - PreSaveFile = new java.io.File(((pathPrefix + java.lang.Integer.toString(counter)) + .png)): null

2018-12-12 18:55:42 - [TEST_STEP][PASSED] - Statement - counter = counter + 1: null

2018-12-12 18:55:42 - [TEST_STEP][PASSED] - Statement - PreSaveFile = new java.io.File(((pathPrefix + java.lang.Integer.toString(counter)) + .png)): null

2018-12-12 18:55:42 - [TEST_STEP][PASSED] - Statement - counter = counter + 1: null

2018-12-12 18:55:42 - [TEST_STEP][PASSED] - Statement - PreSaveFile = new java.io.File(((pathPrefix + java.lang.Integer.toString(counter)) + .png)): null

2018-12-12 18:55:42 - [TEST_STEP][PASSED] - Statement - counter = counter + 1: null

2018-12-12 18:55:42 - [TEST_STEP][PASSED] - Statement - PreSaveFile = new java.io.File(((pathPrefix + java.lang.Integer.toString(counter)) + .png)): null

2018-12-12 18:55:42 - [TEST_STEP][PASSED] - Statement - counter = counter + 1: null

2018-12-12 18:55:42 - [TEST_STEP][PASSED] - Statement - PreSaveFile = new java.io.File(((pathPrefix + java.lang.Integer.toString(counter)) + .png)): null

2018-12-12 18:55:42 - [TEST_STEP][PASSED] - Statement - counter = counter + 1: null

2018-12-12 18:55:42 - [TEST_STEP][PASSED] - Statement - PreSaveFile = new java.io.File(((pathPrefix + java.lang.Integer.toString(counter)) + .png)): null

2018-12-12 18:55:42 - [TEST_STEP][PASSED] - Statement - counter = counter + 1: null

2018-12-12 18:55:42 - [TEST_STEP][PASSED] - Statement - PreSaveFile = new java.io.File(((pathPrefix + java.lang.Integer.toString(counter)) + .png)): null

2018-12-12 18:55:42 - [TEST_STEP][PASSED] - Statement - counter = counter + 1: null

2018-12-12 18:55:42 - [TEST_STEP][PASSED] - Statement - PreSaveFile = new java.io.File(((pathPrefix + java.lang.Integer.toString(counter)) + .png)): null

2018-12-12 18:55:42 - [TEST_STEP][PASSED] - Statement - counter = counter + 1: null

2018-12-12 18:55:42 - [TEST_STEP][PASSED] - Statement - PreSaveFile = new java.io.File(((pathPrefix + java.lang.Integer.toString(counter)) + .png)): null

2018-12-12 18:55:42 - [TEST_STEP][PASSED] - Statement - counter = counter + 1: null

2018-12-12 18:55:42 - [TEST_STEP][PASSED] - Statement - PreSaveFile = new java.io.File(((pathPrefix + java.lang.Integer.toString(counter)) + .png)): null

2018-12-12 18:55:42 - [TEST_STEP][PASSED] - Statement - counter = counter + 1: null

2018-12-12 18:55:42 - [TEST_STEP][PASSED] - Statement - PreSaveFile = new java.io.File(((pathPrefix + java.lang.Integer.toString(counter)) + .png)): null

2018-12-12 18:55:42 - [TEST_STEP][PASSED] - Statement - counter = counter + 1: null

2018-12-12 18:55:42 - [TEST_STEP][PASSED] - Statement - PreSaveFile = new java.io.File(((pathPrefix + java.lang.Integer.toString(counter)) + .png)): null

2018-12-12 18:55:42 - [TEST_STEP][PASSED] - Statement - counter = counter + 1: null

2018-12-12 18:55:42 - [TEST_STEP][PASSED] - Statement - PreSaveFile = new java.io.File(((pathPrefix + java.lang.Integer.toString(counter)) + .png)): null

2018-12-12 18:55:42 - [TEST_STEP][PASSED] - Statement - counter = counter + 1: null

2018-12-12 18:55:42 - [TEST_STEP][PASSED] - Statement - PreSaveFile = new java.io.File(((pathPrefix + java.lang.Integer.toString(counter)) + .png)): null

2018-12-12 18:55:42 - [TEST_STEP][PASSED] - Statement - counter = counter + 1: null

2018-12-12 18:55:42 - [TEST_STEP][PASSED] - Statement - PreSaveFile = new java.io.File(((pathPrefix + java.lang.Integer.toString(counter)) + .png)): null

2018-12-12 18:55:42 - [TEST_STEP][PASSED] - Statement - counter = counter + 1: null

2018-12-12 18:55:42 - [TEST_STEP][PASSED] - Statement - PreSaveFile = new java.io.File(((pathPrefix + java.lang.Integer.toString(counter)) + .png)): null

2018-12-12 18:55:42 - [TEST_STEP][PASSED] - Statement - counter = counter + 1: null

2018-12-12 18:55:42 - [TEST_STEP][PASSED] - Statement - PreSaveFile = new java.io.File(((pathPrefix + java.lang.Integer.toString(counter)) + .png)): null

2018-12-12 18:55:42 - [TEST_STEP][PASSED] - Statement - counter = counter + 1: null

2018-12-12 18:55:42 - [TEST_STEP][PASSED] - Statement - PreSaveFile = new java.io.File(((pathPrefix + java.lang.Integer.toString(counter)) + .png)): null

2018-12-12 18:55:42 - [TEST_STEP][PASSED] - Statement - counter = counter + 1: null

2018-12-12 18:55:42 - [TEST_STEP][PASSED] - Statement - PreSaveFile = new java.io.File(((pathPrefix + java.lang.Integer.toString(counter)) + .png)): null

2018-12-12 18:55:42 - [TEST_STEP][PASSED] - Statement - counter = counter + 1: null

2018-12-12 18:55:42 - [TEST_STEP][PASSED] - Statement - PreSaveFile = new java.io.File(((pathPrefix + java.lang.Integer.toString(counter)) + .png)): null

2018-12-12 18:55:42 - [TEST_STEP][PASSED] - Statement - counter = counter + 1: null

2018-12-12 18:55:42 - [TEST_STEP][PASSED] - Statement - PreSaveFile = new java.io.File(((pathPrefix + java.lang.Integer.toString(counter)) + .png)): null

2018-12-12 18:55:42 - [TEST_STEP][PASSED] - Statement - counter = counter + 1: null

2018-12-12 18:55:42 - [TEST_STEP][PASSED] - Statement - PreSaveFile = new java.io.File(((pathPrefix + java.lang.Integer.toString(counter)) + .png)): null

2018-12-12 18:55:42 - [TEST_STEP][PASSED] - Statement - counter = counter + 1: null

2018-12-12 18:55:42 - [TEST_STEP][PASSED] - Statement - PreSaveFile = new java.io.File(((pathPrefix + java.lang.Integer.toString(counter)) + .png)): null

2018-12-12 18:55:42 - [TEST_STEP][PASSED] - Statement - counter = counter + 1: null

2018-12-12 18:55:42 - [TEST_STEP][PASSED] - Statement - PreSaveFile = new java.io.File(((pathPrefix + java.lang.Integer.toString(counter)) + .png)): null

2018-12-12 18:55:42 - [TEST_STEP][PASSED] - Statement - counter = counter + 1: null

2018-12-12 18:55:42 - [TEST_STEP][PASSED] - Statement - PreSaveFile = new java.io.File(((pathPrefix + java.lang.Integer.toString(counter)) + .png)): null

2018-12-12 18:55:42 - [TEST_STEP][PASSED] - Statement - counter = counter + 1: null

2018-12-12 18:55:42 - [TEST_STEP][PASSED] - Statement - PreSaveFile = new java.io.File(((pathPrefix + java.lang.Integer.toString(counter)) + .png)): null

2018-12-12 18:55:42 - [TEST_STEP][PASSED] - Statement - counter = counter + 1: null

2018-12-12 18:55:42 - [TEST_STEP][PASSED] - Statement - PreSaveFile = new java.io.File(((pathPrefix + java.lang.Integer.toString(counter)) + .png)): null

2018-12-12 18:55:42 - [TEST_STEP][PASSED] - Statement - counter = counter + 1: null

2018-12-12 18:55:42 - [TEST_STEP][PASSED] - Statement - PreSaveFile = new java.io.File(((pathPrefix + java.lang.Integer.toString(counter)) + .png)): null

2018-12-12 18:55:42 - [TEST_STEP][PASSED] - Statement - counter = counter + 1: null

2018-12-12 18:55:42 - [TEST_STEP][PASSED] - Statement - PreSaveFile = new java.io.File(((pathPrefix + java.lang.Integer.toString(counter)) + .png)): null

2018-12-12 18:55:42 - [TEST_STEP][PASSED] - Statement - counter = counter + 1: null

2018-12-12 18:55:42 - [TEST_STEP][PASSED] - Statement - PreSaveFile = new java.io.File(((pathPrefix + java.lang.Integer.toString(counter)) + .png)): null

2018-12-12 18:55:42 - [TEST_STEP][PASSED] - Statement - counter = counter + 1: null

2018-12-12 18:55:42 - [TEST_STEP][PASSED] - Statement - PreSaveFile = new java.io.File(((pathPrefix + java.lang.Integer.toString(counter)) + .png)): null

2018-12-12 18:55:42 - [TEST_STEP][PASSED] - Statement - counter = counter + 1: null

2018-12-12 18:55:42 - [TEST_STEP][PASSED] - Statement - PreSaveFile = new java.io.File(((pathPrefix + java.lang.Integer.toString(counter)) + .png)): null

2018-12-12 18:55:42 - [TEST_STEP][PASSED] - Statement - counter = counter + 1: null

2018-12-12 18:55:42 - [TEST_STEP][PASSED] - Statement - PreSaveFile = new java.io.File(((pathPrefix + java.lang.Integer.toString(counter)) + .png)): null

2018-12-12 18:55:42 - [TEST_STEP][PASSED] - Statement - counter = counter + 1: null

2018-12-12 18:55:42 - [TEST_STEP][PASSED] - Statement - PreSaveFile = new java.io.File(((pathPrefix + java.lang.Integer.toString(counter)) + .png)): null

2018-12-12 18:55:42 - [TEST_STEP][PASSED] - Statement - counter = counter + 1: null

2018-12-12 18:55:42 - [TEST_STEP][PASSED] - Statement - PreSaveFile = new java.io.File(((pathPrefix + java.lang.Integer.toString(counter)) + .png)): null

2018-12-12 18:55:42 - [TEST_STEP][PASSED] - Statement - counter = counter + 1: null

2018-12-12 18:55:42 - [TEST_STEP][PASSED] - Statement - PreSaveFile = new java.io.File(((pathPrefix + java.lang.Integer.toString(counter)) + .png)): null

2018-12-12 18:55:42 - [TEST_STEP][PASSED] - Statement - counter = counter + 1: null

2018-12-12 18:55:42 - [TEST_STEP][PASSED] - Statement - PreSaveFile = new java.io.File(((pathPrefix + java.lang.Integer.toString(counter)) + .png)): null

2018-12-12 18:55:42 - [TEST_STEP][PASSED] - Statement - counter = counter + 1: null

2018-12-12 18:55:42 - [TEST_STEP][PASSED] - Statement - PreSaveFile = new java.io.File(((pathPrefix + java.lang.Integer.toString(counter)) + .png)): null

2018-12-12 18:55:42 - [TEST_STEP][PASSED] - Statement - counter = counter + 1: null

2018-12-12 18:55:42 - [TEST_STEP][PASSED] - Statement - PreSaveFile = new java.io.File(((pathPrefix + java.lang.Integer.toString(counter)) + .png)): null

2018-12-12 18:55:42 - [TEST_STEP][PASSED] - Statement - counter = counter + 1: null

2018-12-12 18:55:42 - [TEST_STEP][PASSED] - Statement - PreSaveFile = new java.io.File(((pathPrefix + java.lang.Integer.toString(counter)) + .png)): null

2018-12-12 18:55:42 - [TEST_STEP][PASSED] - Statement - counter = counter + 1: null

2018-12-12 18:55:42 - [TEST_STEP][PASSED] - Statement - PreSaveFile = new java.io.File(((pathPrefix + java.lang.Integer.toString(counter)) + .png)): null

2018-12-12 18:55:42 - [TEST_STEP][PASSED] - Statement - counter = counter + 1: null

2018-12-12 18:55:42 - [TEST_STEP][PASSED] - Statement - PreSaveFile = new java.io.File(((pathPrefix + java.lang.Integer.toString(counter)) + .png)): null

2018-12-12 18:55:42 - [TEST_STEP][PASSED] - Statement - counter = counter + 1: null

2018-12-12 18:55:42 - [TEST_STEP][PASSED] - Statement - PreSaveFile = new java.io.File(((pathPrefix + java.lang.Integer.toString(counter)) + .png)): null

2018-12-12 18:55:42 - [TEST_STEP][PASSED] - Statement - counter = counter + 1: null

2018-12-12 18:55:42 - [TEST_STEP][PASSED] - Statement - PreSaveFile = new java.io.File(((pathPrefix + java.lang.Integer.toString(counter)) + .png)): null

2018-12-12 18:55:42 - [TEST_STEP][PASSED] - Statement - counter = counter + 1: null

2018-12-12 18:55:42 - [TEST_STEP][PASSED] - Statement - PreSaveFile = new java.io.File(((pathPrefix + java.lang.Integer.toString(counter)) + .png)): null

2018-12-12 18:55:42 - [TEST_STEP][PASSED] - Statement - counter = counter + 1: null

2018-12-12 18:55:42 - [TEST_STEP][PASSED] - Statement - PreSaveFile = new java.io.File(((pathPrefix + java.lang.Integer.toString(counter)) + .png)): null

2018-12-12 18:55:42 - [TEST_STEP][PASSED] - Statement - counter = counter + 1: null

2018-12-12 18:55:42 - [TEST_STEP][PASSED] - Statement - PreSaveFile = new java.io.File(((pathPrefix + java.lang.Integer.toString(counter)) + .png)): null

2018-12-12 18:55:42 - [TEST_STEP][PASSED] - Statement - counter = counter + 1: null

2018-12-12 18:55:42 - [TEST_STEP][PASSED] - Statement - PreSaveFile = new java.io.File(((pathPrefix + java.lang.Integer.toString(counter)) + .png)): null

2018-12-12 18:55:42 - [TEST_STEP][PASSED] - Statement - counter = counter + 1: null

2018-12-12 18:55:42 - [TEST_STEP][PASSED] - Statement - PreSaveFile = new java.io.File(((pathPrefix + java.lang.Integer.toString(counter)) + .png)): null

2018-12-12 18:55:42 - [TEST_STEP][PASSED] - Statement - counter = counter + 1: null

2018-12-12 18:55:42 - [TEST_STEP][PASSED] - Statement - PreSaveFile = new java.io.File(((pathPrefix + java.lang.Integer.toString(counter)) + .png)): null

2018-12-12 18:55:42 - [TEST_STEP][PASSED] - Statement - counter = counter + 1: null

2018-12-12 18:55:42 - [TEST_STEP][PASSED] - Statement - PreSaveFile = new java.io.File(((pathPrefix + java.lang.Integer.toString(counter)) + .png)): null

2018-12-12 18:55:42 - [TEST_STEP][PASSED] - Statement - counter = counter + 1: null

2018-12-12 18:55:42 - [TEST_STEP][PASSED] - Statement - PreSaveFile = new java.io.File(((pathPrefix + java.lang.Integer.toString(counter)) + .png)): null

2018-12-12 18:55:42 - [TEST_STEP][PASSED] - Statement - counter = counter + 1: null

2018-12-12 18:55:42 - [TEST_STEP][PASSED] - Statement - PreSaveFile = new java.io.File(((pathPrefix + java.lang.Integer.toString(counter)) + .png)): null

2018-12-12 18:55:42 - [TEST_STEP][PASSED] - Statement - counter = counter + 1: null

2018-12-12 18:55:42 - [TEST_STEP][PASSED] - Statement - PreSaveFile = new java.io.File(((pathPrefix + java.lang.Integer.toString(counter)) + .png)): null

2018-12-12 18:55:42 - [TEST_STEP][PASSED] - Statement - counter = counter + 1: null

2018-12-12 18:55:42 - [TEST_STEP][PASSED] - Statement - PreSaveFile = new java.io.File(((pathPrefix + java.lang.Integer.toString(counter)) + .png)): null

2018-12-12 18:55:42 - [TEST_STEP][PASSED] - Statement - counter = counter + 1: null

2018-12-12 18:55:42 - [TEST_STEP][PASSED] - Statement - PreSaveFile = new java.io.File(((pathPrefix + java.lang.Integer.toString(counter)) + .png)): null

2018-12-12 18:55:42 - [TEST_STEP][PASSED] - Statement - counter = counter + 1: null

2018-12-12 18:55:42 - [TEST_STEP][PASSED] - Statement - PreSaveFile = new java.io.File(((pathPrefix + java.lang.Integer.toString(counter)) + .png)): null

2018-12-12 18:55:42 - [TEST_STEP][PASSED] - Statement - counter = counter + 1: null

2018-12-12 18:55:42 - [TEST_STEP][PASSED] - Statement - PreSaveFile = new java.io.File(((pathPrefix + java.lang.Integer.toString(counter)) + .png)): null

2018-12-12 18:55:42 - [TEST_STEP][PASSED] - Statement - counter = counter + 1: null

2018-12-12 18:55:42 - [TEST_STEP][PASSED] - Statement - PreSaveFile = new java.io.File(((pathPrefix + java.lang.Integer.toString(counter)) + .png)): null

2018-12-12 18:55:42 - [TEST_STEP][PASSED] - Statement - counter = counter + 1: null

2018-12-12 18:55:42 - [TEST_STEP][PASSED] - Statement - PreSaveFile = new java.io.File(((pathPrefix + java.lang.Integer.toString(counter)) + .png)): null

2018-12-12 18:55:42 - [TEST_STEP][PASSED] - Statement - counter = counter + 1: null

2018-12-12 18:55:42 - [TEST_STEP][PASSED] - Statement - PreSaveFile = new java.io.File(((pathPrefix + java.lang.Integer.toString(counter)) + .png)): null

2018-12-12 18:55:42 - [TEST_STEP][PASSED] - Statement - counter = counter + 1: null

2018-12-12 18:55:42 - [TEST_STEP][PASSED] - Statement - PreSaveFile = new java.io.File(((pathPrefix + java.lang.Integer.toString(counter)) + .png)): null

2018-12-12 18:55:42 - [TEST_STEP][PASSED] - Statement - counter = counter + 1: null

2018-12-12 18:55:42 - [TEST_STEP][PASSED] - Statement - PreSaveFile = new java.io.File(((pathPrefix + java.lang.Integer.toString(counter)) + .png)): null

2018-12-12 18:55:42 - [TEST_STEP][PASSED] - Statement - counter = counter + 1: null

2018-12-12 18:55:42 - [TEST_STEP][PASSED] - Statement - PreSaveFile = new java.io.File(((pathPrefix + java.lang.Integer.toString(counter)) + .png)): null

2018-12-12 18:55:42 - [TEST_STEP][PASSED] - Statement - counter = counter + 1: null

2018-12-12 18:55:42 - [TEST_STEP][PASSED] - Statement - PreSaveFile = new java.io.File(((pathPrefix + java.lang.Integer.toString(counter)) + .png)): null

2018-12-12 18:55:42 - [TEST_STEP][PASSED] - Statement - counter = counter + 1: null

2018-12-12 18:55:42 - [TEST_STEP][PASSED] - Statement - PreSaveFile = new java.io.File(((pathPrefix + java.lang.Integer.toString(counter)) + .png)): null

2018-12-12 18:55:42 - [TEST_STEP][PASSED] - Statement - counter = counter + 1: null

2018-12-12 18:55:42 - [TEST_STEP][PASSED] - Statement - PreSaveFile = new java.io.File(((pathPrefix + java.lang.Integer.toString(counter)) + .png)): null

2018-12-12 18:55:42 - [TEST_STEP][PASSED] - Statement - counter = counter + 1: null

2018-12-12 18:55:42 - [TEST_STEP][PASSED] - Statement - PreSaveFile = new java.io.File(((pathPrefix + java.lang.Integer.toString(counter)) + .png)): null

2018-12-12 18:55:42 - [TEST_STEP][PASSED] - Statement - counter = counter + 1: null

2018-12-12 18:55:42 - [TEST_STEP][PASSED] - Statement - PreSaveFile = new java.io.File(((pathPrefix + java.lang.Integer.toString(counter)) + .png)): null

2018-12-12 18:55:42 - [TEST_STEP][PASSED] - Statement - counter = counter + 1: null

2018-12-12 18:55:42 - [TEST_STEP][PASSED] - Statement - PreSaveFile = new java.io.File(((pathPrefix + java.lang.Integer.toString(counter)) + .png)): null

2018-12-12 18:55:42 - [TEST_STEP][PASSED] - Statement - counter = counter + 1: null

2018-12-12 18:55:42 - [TEST_STEP][PASSED] - Statement - PreSaveFile = new java.io.File(((pathPrefix + java.lang.Integer.toString(counter)) + .png)): null

2018-12-12 18:55:42 - [TEST_STEP][PASSED] - Statement - counter = counter + 1: null

2018-12-12 18:55:42 - [TEST_STEP][PASSED] - Statement - PreSaveFile = new java.io.File(((pathPrefix + java.lang.Integer.toString(counter)) + .png)): null

2018-12-12 18:55:42 - [TEST_STEP][PASSED] - Statement - counter = counter + 1: null

2018-12-12 18:55:42 - [TEST_STEP][PASSED] - Statement - PreSaveFile = new java.io.File(((pathPrefix + java.lang.Integer.toString(counter)) + .png)): null

2018-12-12 18:55:42 - [TEST_STEP][PASSED] - Statement - counter = counter + 1: null

2018-12-12 18:55:42 - [TEST_STEP][PASSED] - Statement - PreSaveFile = new java.io.File(((pathPrefix + java.lang.Integer.toString(counter)) + .png)): null

2018-12-12 18:55:42 - [TEST_STEP][PASSED] - Statement - counter = counter + 1: null

2018-12-12 18:55:42 - [TEST_STEP][PASSED] - Statement - PreSaveFile = new java.io.File(((pathPrefix + java.lang.Integer.toString(counter)) + .png)): null

2018-12-12 18:55:42 - [TEST_STEP][PASSED] - Statement - counter = counter + 1: null

2018-12-12 18:55:42 - [TEST_STEP][PASSED] - Statement - PreSaveFile = new java.io.File(((pathPrefix + java.lang.Integer.toString(counter)) + .png)): null

2018-12-12 18:55:42 - [TEST_STEP][PASSED] - Statement - counter = counter + 1: null

2018-12-12 18:55:42 - [TEST_STEP][PASSED] - Statement - PreSaveFile = new java.io.File(((pathPrefix + java.lang.Integer.toString(counter)) + .png)): null

2018-12-12 18:55:42 - [TEST_STEP][PASSED] - Statement - counter = counter + 1: null

2018-12-12 18:55:42 - [TEST_STEP][PASSED] - Statement - PreSaveFile = new java.io.File(((pathPrefix + java.lang.Integer.toString(counter)) + .png)): null

2018-12-12 18:55:42 - [TEST_STEP][PASSED] - Statement - counter = counter + 1: null

2018-12-12 18:55:42 - [TEST_STEP][PASSED] - Statement - PreSaveFile = new java.io.File(((pathPrefix + java.lang.Integer.toString(counter)) + .png)): null

2018-12-12 18:55:42 - [TEST_STEP][PASSED] - Statement - counter = counter + 1: null

2018-12-12 18:55:42 - [TEST_STEP][PASSED] - Statement - PreSaveFile = new java.io.File(((pathPrefix + java.lang.Integer.toString(counter)) + .png)): null

2018-12-12 18:55:42 - [TEST_STEP][PASSED] - Statement - counter = counter + 1: null

2018-12-12 18:55:42 - [TEST_STEP][PASSED] - Statement - PreSaveFile = new java.io.File(((pathPrefix + java.lang.Integer.toString(counter)) + .png)): null

2018-12-12 18:55:42 - [TEST_STEP][PASSED] - Statement - counter = counter + 1: null

2018-12-12 18:55:42 - [TEST_STEP][PASSED] - Statement - PreSaveFile = new java.io.File(((pathPrefix + java.lang.Integer.toString(counter)) + .png)): null

2018-12-12 18:55:42 - [TEST_STEP][PASSED] - Statement - counter = counter + 1: null

2018-12-12 18:55:42 - [TEST_STEP][PASSED] - Statement - PreSaveFile = new java.io.File(((pathPrefix + java.lang.Integer.toString(counter)) + .png)): null

2018-12-12 18:55:42 - [TEST_STEP][PASSED] - Statement - counter = counter + 1: null

2018-12-12 18:55:42 - [TEST_STEP][PASSED] - Statement - PreSaveFile = new java.io.File(((pathPrefix + java.lang.Integer.toString(counter)) + .png)): null

2018-12-12 18:55:42 - [TEST_STEP][PASSED] - Statement - counter = counter + 1: null

2018-12-12 18:55:42 - [TEST_STEP][PASSED] - Statement - PreSaveFile = new java.io.File(((pathPrefix + java.lang.Integer.toString(counter)) + .png)): null

2018-12-12 18:55:42 - [TEST_STEP][PASSED] - Statement - counter = counter + 1: null

2018-12-12 18:55:42 - [TEST_STEP][PASSED] - Statement - PreSaveFile = new java.io.File(((pathPrefix + java.lang.Integer.toString(counter)) + .png)): null

2018-12-12 18:55:42 - [TEST_STEP][PASSED] - Statement - counter = counter + 1: null

2018-12-12 18:55:42 - [TEST_STEP][PASSED] - Statement - PreSaveFile = new java.io.File(((pathPrefix + java.lang.Integer.toString(counter)) + .png)): null

2018-12-12 18:55:42 - [TEST_STEP][PASSED] - Statement - counter = counter + 1: null

2018-12-12 18:55:42 - [TEST_STEP][PASSED] - Statement - PreSaveFile = new java.io.File(((pathPrefix + java.lang.Integer.toString(counter)) + .png)): null

2018-12-12 18:55:42 - [TEST_STEP][PASSED] - Statement - finalPath = pathPrefix + java.lang.Integer.toString(counter) + ".png": null

2018-12-12 18:55:42 - [TEST_STEP][PASSED] - Statement - SaveFile = new java.io.File(finalPath): null

2018-12-12 18:55:42 - [TEST_STEP][PASSED] - Statement - Try: null

2018-12-12 18:55:42 - [TEST_STEP][PASSED] - Statement - org.apache.commons.io.FileUtils.copyFile(scrFile, SaveFile): null

2018-12-12 18:55:42 - [TEST_STEP][PASSED] - Statement - out.println("file kept"): null

2018-12-12 18:55:42 - [TEST_STEP][PASSED] - delay: Delayed 10 second(s)

2018-12-12 18:55:52 - [MESSAGE][PASSED] - Delayed 10 second(s)

2018-12-12 18:55:52 - [MESSAGE][PASSED] - Call Test Case 'Test Cases/Final Aug 2018 - PKS Automation/Registration Module/New Registration/Submit and Screenshot/Submit Registration and Screenshot' successfully

2018-12-12 18:55:52 - [TEST_STEP][PASSED] - callTestCase: Call Test Case 'Test Cases/Final Aug 2018 - PKS Automation/Registration Module/Log Out/log out avoiding katalon tagging' successfully

2018-12-12 18:55:52 - [TEST_CASE][PASSED] - Test Cases/Final Aug 2018 - PKS Automation/Registration Module/Log Out/log out avoiding katalon tagging: Test Cases/Final Aug 2018 - PKS Automation/Registration Module/Log Out/log out avoiding katalon tagging

2018-12-12 18:55:52 - [TEST_STEP][PASSED] - navigateToUrl: Navigate to 'https://assist2-uat.perkeso.gov.my/c/portal/logout' successfully

2018-12-12 18:55:53 - [MESSAGE][PASSED] - Navigate to 'https://assist2-uat.perkeso.gov.my/c/portal/logout' successfully

2018-12-12 18:55:53 - [MESSAGE][PASSED] - Call Test Case 'Test Cases/Final Aug 2018 - PKS Automation/Registration Module/Log Out/log out avoiding katalon tagging' successfully

2018-12-12 18:55:53 - [TEST_STEP][PASSED] - callTestCase: Call Test Case 'Test Cases/Final Aug 2018 - PKS Automation/Common/Workflow Owner Finder' successfully

2018-12-12 18:55:53 - [TEST_CASE][PASSED] - Test Cases/Final Aug 2018 - PKS Automation/Common/Workflow Owner Finder: Test Cases/Final Aug 2018 - PKS Automation/Common/Workflow Owner Finder

2018-12-12 18:55:53 - [TEST_STEP][PASSED] - openBrowser: Browser is opened with url: ''

2018-12-12 18:55:53 - [MESSAGE][WARNING] - A browser is already opened. Closing browser and opening a new one

2018-12-12 18:55:57 - [MESSAGE][PASSED] - Browser is opened with url: ''

2018-12-12 18:55:57 - [TEST_STEP][PASSED] - navigateToUrl: Navigate to 'https://assist2-uat.perkeso.gov.my/login' successfully

2018-12-12 18:55:58 - [MESSAGE][PASSED] - Navigate to 'https://assist2-uat.perkeso.gov.my/login' successfully

2018-12-12 18:55:58 - [TEST_STEP][PASSED] - delay: Delayed 5 second(s)

2018-12-12 18:56:03 - [MESSAGE][PASSED] - Delayed 5 second(s)

2018-12-12 18:56:03 - [TEST_STEP][PASSED] - setText: Text 'test@liferay.com' is set on object 'Object Repository/Final Object Repo/Login Page/Internal User/Email Address'

2018-12-12 18:56:04 - [MESSAGE][PASSED] - Text 'test@liferay.com' is set on object 'Object Repository/Final Object Repo/Login Page/Internal User/Email Address'

2018-12-12 18:56:04 - [TEST_STEP][PASSED] - click: Object: 'Object Repository/Final Object Repo/Login Page/Internal User/Next Button' is clicked on

2018-12-12 18:56:04 - [MESSAGE][PASSED] - Object: 'Object Repository/Final Object Repo/Login Page/Internal User/Next Button' is clicked on

2018-12-12 18:56:04 - [TEST_STEP][PASSED] - delay: Delayed 2 second(s)

2018-12-12 18:56:06 - [MESSAGE][PASSED] - Delayed 2 second(s)

2018-12-12 18:56:06 - [TEST_STEP][PASSED] - setText: Text 'test' is set on object 'Object Repository/Final Object Repo/Login Page/Internal User/Password'

2018-12-12 18:56:06 - [MESSAGE][PASSED] - Text 'test' is set on object 'Object Repository/Final Object Repo/Login Page/Internal User/Password'

2018-12-12 18:56:06 - [TEST_STEP][PASSED] - delay: Delayed 2 second(s)

2018-12-12 18:56:08 - [MESSAGE][PASSED] - Delayed 2 second(s)

2018-12-12 18:56:08 - [TEST_STEP][PASSED] - click: Object: 'Object Repository/Final Object Repo/Login Page/Internal User/Login Button' is clicked on

2018-12-12 18:56:08 - [MESSAGE][PASSED] - Object: 'Object Repository/Final Object Repo/Login Page/Internal User/Login Button' is clicked on

2018-12-12 18:56:08 - [TEST_STEP][PASSED] - Statement - tester = com.kms.katalon.core.testobject.ObjectRepository.findTestObject(Final Object Repo/Landing Page/Select to English): Finding Test Object with id 'Object Repository/Final Object Repo/Landing Page/Select to English'

2018-12-12 18:56:08 - [TEST_STEP][PASSED] - Statement - Try: Delayed 2 second(s)

2018-12-12 18:56:08 - [TEST_STEP][PASSED] - Statement - Checker = com.kms.katalon.core.webui.keyword.WebUiBuiltInKeywords.verifyElementNotPresent(tester, 3): Web element with id: 'Object Repository/Final Object Repo/Landing Page/Select to English' located by 'By.xpath: //a[@class = 'taglib-language-list-text' and @lang = 'en-US' and (contains(text(), 'EN') or contains(., 'EN'))]' is not present after '3' second(s)

2018-12-12 18:56:10 - [MESSAGE][PASSED] - Web element with id: 'Object Repository/Final Object Repo/Landing Page/Select to English' located by 'By.xpath: //a[@class = 'taglib-language-list-text' and @lang = 'en-US' and (contains(text(), 'EN') or contains(., 'EN'))]' is not present after '3' second(s)

2018-12-12 18:56:10 - [TEST_STEP][PASSED] - Statement - If (Checker == false): null

2018-12-12 18:56:10 - [TEST_STEP][PASSED] - delay: Delayed 2 second(s)

2018-12-12 18:56:12 - [MESSAGE][PASSED] - Delayed 2 second(s)

2018-12-12 18:56:12 - [TEST_STEP][PASSED] - delay: Delayed 5 second(s)

2018-12-12 18:56:17 - [MESSAGE][PASSED] - Delayed 5 second(s)

2018-12-12 18:56:17 - [TEST_STEP][PASSED] - mouseOver: Object: 'Object Repository/Final Object Repo/Landing Page/WorkFlow Menu' is hovered

2018-12-12 18:56:17 - [MESSAGE][PASSED] - Object: 'Object Repository/Final Object Repo/Landing Page/WorkFlow Menu' is hovered

2018-12-12 18:56:17 - [TEST_STEP][PASSED] - delay: Delayed 2 second(s)

2018-12-12 18:56:19 - [MESSAGE][PASSED] - Delayed 2 second(s)

2018-12-12 18:56:19 - [TEST_STEP][PASSED] - click: Object: 'Object Repository/Final Object Repo/Landing Page/Select to Workflow Listing' is clicked on

2018-12-12 18:56:20 - [MESSAGE][PASSED] - Object: 'Object Repository/Final Object Repo/Landing Page/Select to Workflow Listing' is clicked on

2018-12-12 18:56:20 - [TEST_STEP][PASSED] - delay: Delayed 2 second(s)

2018-12-12 18:56:22 - [MESSAGE][PASSED] - Delayed 2 second(s)

2018-12-12 18:56:22 - [TEST_STEP][PASSED] - click: Object: 'Object Repository/Final Object Repo/WorkFlow Listing Page/Search Information - To Put Ref No' is clicked on

2018-12-12 18:56:22 - [MESSAGE][PASSED] - Object: 'Object Repository/Final Object Repo/WorkFlow Listing Page/Search Information - To Put Ref No' is clicked on

2018-12-12 18:56:22 - [TEST_STEP][PASSED] - delay: Delayed 2 second(s)

2018-12-12 18:56:24 - [MESSAGE][PASSED] - Delayed 2 second(s)

2018-12-12 18:56:24 - [TEST_STEP][PASSED] - callTestCase: Call Test Case 'Test Cases/Final Aug 2018 - PKS Automation/Common/Reference Number Getter' successfully

2018-12-12 18:56:24 - [TEST_CASE][PASSED] - Test Cases/Final Aug 2018 - PKS Automation/Common/Reference Number Getter: Test Cases/Final Aug 2018 - PKS Automation/Common/Reference Number Getter

2018-12-12 18:56:24 - [TEST_STEP][PASSED] - Statement - Try: null

2018-12-12 18:56:24 - [TEST_STEP][PASSED] - Statement - RefNo = new java.io.File(C://Users//Admin//Desktop//PKS//Automation Reference Point//KatalonReference.txt): null

2018-12-12 18:56:24 - [TEST_STEP][PASSED] - Statement - bufferread = new java.io.BufferedReader(new java.io.FileReader(RefNo)): null

2018-12-12 18:56:24 - [TEST_STEP][PASSED] - Statement - readedVal = bufferread.readLine(): null

2018-12-12 18:56:24 - [TEST_STEP][PASSED] - Statement - out.println(CaseReferenceNo): null

2018-12-12 18:56:24 - [TEST_STEP][PASSED] - Statement - out.println(readedVal): null

2018-12-12 18:56:24 - [TEST_STEP][PASSED] - Statement - CaseReferenceNo = "": null

2018-12-12 18:56:24 - [TEST_STEP][PASSED] - Statement - CaseReferenceNo = readedVal: null

2018-12-12 18:56:24 - [MESSAGE][PASSED] - Call Test Case 'Test Cases/Final Aug 2018 - PKS Automation/Common/Reference Number Getter' successfully

2018-12-12 18:56:24 - [TEST_STEP][PASSED] - setText: Text 'CRN12201800123228' is set on object 'Object Repository/Final Object Repo/WorkFlow Listing Page/Ref No Set Text'

2018-12-12 18:56:25 - [MESSAGE][PASSED] - Text 'CRN12201800123228' is set on object 'Object Repository/Final Object Repo/WorkFlow Listing Page/Ref No Set Text'

2018-12-12 18:56:25 - [TEST_STEP][PASSED] - delay: Delayed 2 second(s)

2018-12-12 18:56:27 - [MESSAGE][PASSED] - Delayed 2 second(s)

2018-12-12 18:56:27 - [TEST_STEP][PASSED] - click: Object: 'Object Repository/Final Object Repo/WorkFlow Listing Page/Search Ref No Search Button' is clicked on

2018-12-12 18:56:27 - [MESSAGE][PASSED] - Object: 'Object Repository/Final Object Repo/WorkFlow Listing Page/Search Ref No Search Button' is clicked on

2018-12-12 18:56:27 - [TEST_STEP][PASSED] - delay: Delayed 6 second(s)

2018-12-12 18:56:33 - [MESSAGE][PASSED] - Delayed 6 second(s)

2018-12-12 18:56:33 - [TEST_STEP][PASSED] - click: Object: 'Object Repository/Final Object Repo/WorkFlow Listing Page/Click Continue Tooltip' is clicked on

2018-12-12 18:56:34 - [MESSAGE][PASSED] - Object: 'Object Repository/Final Object Repo/WorkFlow Listing Page/Click Continue Tooltip' is clicked on

2018-12-12 18:56:34 - [TEST_STEP][PASSED] - delay: Delayed 5 second(s)

2018-12-12 18:56:39 - [MESSAGE][PASSED] - Delayed 5 second(s)

2018-12-12 18:56:39 - [TEST_STEP][PASSED] - doubleClick: Object: 'Object Repository/Final Object Repo/WorkFlow Listing Page/Workflow Found - Listing 1' is double clicked on

2018-12-12 18:56:39 - [MESSAGE][PASSED] - Object: 'Object Repository/Final Object Repo/WorkFlow Listing Page/Workflow Found - Listing 1' is double clicked on

2018-12-12 18:56:39 - [TEST_STEP][PASSED] - Statement - println(OwnerID): null

2018-12-12 18:56:39 - [TEST_STEP][PASSED] - Statement - OwnerID = com.kms.katalon.core.webui.keyword.WebUiBuiltInKeywords.getText(com.kms.katalon.core.testobject.ObjectRepository.findTestObject(Final Object Repo/WorkFlow Listing Page/Workflow Found - Listing 1), STOP_ON_FAILURE): Text of object 'Object Repository/Final Object Repo/WorkFlow Listing Page/Workflow Found - Listing 1' is: 'JOHORro1'

2018-12-12 18:56:39 - [MESSAGE][PASSED] - Text of object 'Object Repository/Final Object Repo/WorkFlow Listing Page/Workflow Found - Listing 1' is: 'JOHORro1'

2018-12-12 18:56:39 - [TEST_STEP][PASSED] - Statement - OwnerID = OwnerID.toLowerCase() + "@gmail.com": null

2018-12-12 18:56:39 - [TEST_STEP][PASSED] - Statement - println(OwnerID): null

2018-12-12 18:56:39 - [TEST_STEP][PASSED] - delay: Delayed 2 second(s)

2018-12-12 18:56:41 - [MESSAGE][PASSED] - Delayed 2 second(s)

2018-12-12 18:56:41 - [MESSAGE][PASSED] - Call Test Case 'Test Cases/Final Aug 2018 - PKS Automation/Common/Workflow Owner Finder' successfully

2018-12-12 18:56:41 - [TEST_STEP][PASSED] - callTestCase: Call Test Case 'Test Cases/Final Aug 2018 - PKS Automation/Registration Module/Log Out/log out avoiding katalon tagging' successfully

2018-12-12 18:56:41 - [TEST_CASE][PASSED] - Test Cases/Final Aug 2018 - PKS Automation/Registration Module/Log Out/log out avoiding katalon tagging: Test Cases/Final Aug 2018 - PKS Automation/Registration Module/Log Out/log out avoiding katalon tagging

2018-12-12 18:56:41 - [TEST_STEP][PASSED] - navigateToUrl: Navigate to 'https://assist2-uat.perkeso.gov.my/c/portal/logout' successfully

2018-12-12 18:56:42 - [MESSAGE][PASSED] - Navigate to 'https://assist2-uat.perkeso.gov.my/c/portal/logout' successfully

2018-12-12 18:56:42 - [MESSAGE][PASSED] - Call Test Case 'Test Cases/Final Aug 2018 - PKS Automation/Registration Module/Log Out/log out avoiding katalon tagging' successfully

2018-12-12 18:56:42 - [TEST_STEP][PASSED] - delay: Delayed 2 second(s)

2018-12-12 18:56:44 - [MESSAGE][PASSED] - Delayed 2 second(s)

2018-12-12 18:56:44 - [TEST_STEP][PASSED] - setText: Text 'johorro1@gmail.com' is set on object 'Object Repository/Final Object Repo/New Registration - Registration Module Pages/New Reg - OTC to RO/Special Case - All Related Objects/Email TextBox'

2018-12-12 18:56:44 - [MESSAGE][PASSED] - Text 'johorro1@gmail.com' is set on object 'Object Repository/Final Object Repo/New Registration - Registration Module Pages/New Reg - OTC to RO/Special Case - All Related Objects/Email TextBox'

2018-12-12 18:56:44 - [TEST_STEP][PASSED] - click: Object: 'Object Repository/Final Object Repo/New Registration - Registration Module Pages/New Reg - OTC to RO/Special Case - All Related Objects/Next Button' is clicked on

2018-12-12 18:56:44 - [MESSAGE][PASSED] - Object: 'Object Repository/Final Object Repo/New Registration - Registration Module Pages/New Reg - OTC to RO/Special Case - All Related Objects/Next Button' is clicked on

2018-12-12 18:56:44 - [TEST_STEP][PASSED] - delay: Delayed 2 second(s)

2018-12-12 18:56:46 - [MESSAGE][PASSED] - Delayed 2 second(s)

2018-12-12 18:56:46 - [TEST_STEP][PASSED] - setText: Text 'Test1@3456789' is set on object 'Object Repository/Final Object Repo/New Registration - Registration Module Pages/New Reg - OTC to RO/Special Case - All Related Objects/Password TextBox'

2018-12-12 18:56:47 - [MESSAGE][PASSED] - Text 'Test1@3456789' is set on object 'Object Repository/Final Object Repo/New Registration - Registration Module Pages/New Reg - OTC to RO/Special Case - All Related Objects/Password TextBox'

2018-12-12 18:56:47 - [TEST_STEP][PASSED] - delay: Delayed 2 second(s)

2018-12-12 18:56:49 - [MESSAGE][PASSED] - Delayed 2 second(s)

2018-12-12 18:56:49 - [TEST_STEP][PASSED] - click: Object: 'Object Repository/Final Object Repo/New Registration - Registration Module Pages/New Reg - OTC to RO/Special Case - All Related Objects/Login Button' is clicked on

2018-12-12 18:56:49 - [MESSAGE][PASSED] - Object: 'Object Repository/Final Object Repo/New Registration - Registration Module Pages/New Reg - OTC to RO/Special Case - All Related Objects/Login Button' is clicked on

2018-12-12 18:56:49 - [TEST_STEP][PASSED] - delay: Delayed 2 second(s)

2018-12-12 18:56:51 - [MESSAGE][PASSED] - Delayed 2 second(s)

2018-12-12 18:56:51 - [TEST_STEP][PASSED] - Statement - Try: null

2018-12-12 18:56:51 - [TEST_STEP][PASSED] - Statement - Checker = com.kms.katalon.core.webui.keyword.WebUiBuiltInKeywords.verifyElementNotPresent("Final Object Repo/Landing Page/Select to English", 3): null

2018-12-12 18:56:51 - [TEST_STEP][PASSED] - Statement - Catch (Exception e): null

2018-12-12 18:56:51 - [TEST_STEP][PASSED] - Statement - e.printStackTrace(): null

2018-12-12 18:56:51 - [TEST_STEP][PASSED] - click: Object: 'Object Repository/Final Object Repo/New Registration - Registration Module Pages/New Reg - OTC to RO/Special Case - All Related Objects/Expand to Search' is clicked on

2018-12-12 18:56:51 - [MESSAGE][PASSED] - Object: 'Object Repository/Final Object Repo/New Registration - Registration Module Pages/New Reg - OTC to RO/Special Case - All Related Objects/Expand to Search' is clicked on

2018-12-12 18:56:51 - [TEST_STEP][PASSED] - delay: Delayed 2 second(s)

2018-12-12 18:56:53 - [MESSAGE][PASSED] - Delayed 2 second(s)

2018-12-12 18:56:53 - [TEST_STEP][PASSED] - setText: Text 'CRN12201800123228' is set on object 'Object Repository/Final Object Repo/New Registration - Registration Module Pages/New Reg - OTC to RO/Special Case - All Related Objects/TextBox RefNo in Workbasket'

2018-12-12 18:56:53 - [MESSAGE][PASSED] - Text 'CRN12201800123228' is set on object 'Object Repository/Final Object Repo/New Registration - Registration Module Pages/New Reg - OTC to RO/Special Case - All Related Objects/TextBox RefNo in Workbasket'

2018-12-12 18:56:53 - [TEST_STEP][PASSED] - delay: Delayed 2 second(s)

2018-12-12 18:56:55 - [MESSAGE][PASSED] - Delayed 2 second(s)

2018-12-12 18:56:55 - [TEST_STEP][PASSED] - click: Object: 'Object Repository/Final Object Repo/New Registration - Registration Module Pages/New Reg - OTC to RO/Special Case - All Related Objects/Click Search' is clicked on

2018-12-12 18:56:55 - [MESSAGE][PASSED] - Object: 'Object Repository/Final Object Repo/New Registration - Registration Module Pages/New Reg - OTC to RO/Special Case - All Related Objects/Click Search' is clicked on

2018-12-12 18:56:55 - [TEST_STEP][PASSED] - delay: Delayed 2 second(s)

2018-12-12 18:56:57 - [MESSAGE][PASSED] - Delayed 2 second(s)

2018-12-12 18:56:57 - [TEST_STEP][PASSED] - click: Object: 'Object Repository/Final Object Repo/New Registration - Registration Module Pages/New Reg - OTC to RO/Special Case - All Related Objects/Click to Continue Workflow' is clicked on

2018-12-12 18:57:01 - [MESSAGE][PASSED] - Object: 'Object Repository/Final Object Repo/New Registration - Registration Module Pages/New Reg - OTC to RO/Special Case - All Related Objects/Click to Continue Workflow' is clicked on

2018-12-12 18:57:01 - [TEST_STEP][PASSED] - delay: Delayed 2 second(s)

2018-12-12 18:57:03 - [MESSAGE][PASSED] - Delayed 2 second(s)

2018-12-12 18:57:03 - [TEST_STEP][PASSED] - click: Object: 'Object Repository/Final Object Repo/New Registration - Registration Module Pages/New Reg - OTC to RO/Special Case - All Related Objects/Continue Button in verifying case' is clicked on

2018-12-12 18:57:05 - [MESSAGE][PASSED] - Object: 'Object Repository/Final Object Repo/New Registration - Registration Module Pages/New Reg - OTC to RO/Special Case - All Related Objects/Continue Button in verifying case' is clicked on

2018-12-12 18:57:05 - [TEST_STEP][PASSED] - delay: Delayed 2 second(s)

2018-12-12 18:57:07 - [MESSAGE][PASSED] - Delayed 2 second(s)

2018-12-12 18:57:07 - [TEST_STEP][PASSED] - click: Object: 'Object Repository/Final Object Repo/New Registration - Registration Module Pages/Form 1/Registered As a Branch - Yes' is clicked on

2018-12-12 18:57:07 - [MESSAGE][PASSED] - Object: 'Object Repository/Final Object Repo/New Registration - Registration Module Pages/Form 1/Registered As a Branch - Yes' is clicked on

2018-12-12 18:57:07 - [TEST_STEP][PASSED] - delay: Delayed 2 second(s)

2018-12-12 18:57:09 - [MESSAGE][PASSED] - Delayed 2 second(s)

2018-12-12 18:57:09 - [TEST_STEP][PASSED] - click: Object: 'Object Repository/Final Object Repo/New Registration - Registration Module Pages/New Reg - OTC to RO/Special Case - All Related Objects/Form 1 Save n Continue' is clicked on

2018-12-12 18:57:09 - [MESSAGE][PASSED] - Object: 'Object Repository/Final Object Repo/New Registration - Registration Module Pages/New Reg - OTC to RO/Special Case - All Related Objects/Form 1 Save n Continue' is clicked on

2018-12-12 18:57:09 - [TEST_STEP][PASSED] - delay: Delayed 2 second(s)

2018-12-12 18:57:11 - [MESSAGE][PASSED] - Delayed 2 second(s)

2018-12-12 18:57:11 - [TEST_STEP][PASSED] - click: Object: 'Object Repository/Final Object Repo/New Registration - Registration Module Pages/New Reg - OTC to RO/Special Case - All Related Objects/Form 2 Save n Continue' is clicked on

2018-12-12 18:57:11 - [MESSAGE][PASSED] - Object: 'Object Repository/Final Object Repo/New Registration - Registration Module Pages/New Reg - OTC to RO/Special Case - All Related Objects/Form 2 Save n Continue' is clicked on

2018-12-12 18:57:11 - [TEST_STEP][PASSED] - delay: Delayed 2 second(s)

2018-12-12 18:57:13 - [MESSAGE][PASSED] - Delayed 2 second(s)

2018-12-12 18:57:13 - [TEST_STEP][PASSED] - click: Object: 'Object Repository/Final Object Repo/New Registration - Registration Module Pages/New Reg - OTC to RO/Special Case - All Related Objects/Third Screen Save n Continue' is clicked on

2018-12-12 18:57:18 - [MESSAGE][PASSED] - Object: 'Object Repository/Final Object Repo/New Registration - Registration Module Pages/New Reg - OTC to RO/Special Case - All Related Objects/Third Screen Save n Continue' is clicked on

2018-12-12 18:57:18 - [TEST_STEP][PASSED] - delay: Delayed 5 second(s)

2018-12-12 18:57:23 - [MESSAGE][PASSED] - Delayed 5 second(s)

2018-12-12 18:57:23 - [TEST_STEP][PASSED] - click: Object: 'Object Repository/Final Object Repo/New Registration - Registration Module Pages/New Reg - OTC to RO/Special Case - All Related Objects/Upload Doc Page Save n Continue' is clicked on

2018-12-12 18:57:24 - [MESSAGE][PASSED] - Object: 'Object Repository/Final Object Repo/New Registration - Registration Module Pages/New Reg - OTC to RO/Special Case - All Related Objects/Upload Doc Page Save n Continue' is clicked on

2018-12-12 18:57:24 - [TEST_STEP][PASSED] - delay: Delayed 5 second(s)

2018-12-12 18:57:29 - [MESSAGE][PASSED] - Delayed 5 second(s)

2018-12-12 18:57:29 - [TEST_STEP][PASSED] - click: Object: 'Object Repository/Final Object Repo/New Registration - Registration Module Pages/New Reg - OTC to RO/Special Case - All Related Objects/Under Enforcement Button at Preview Screen of RO' is clicked on

2018-12-12 18:57:29 - [MESSAGE][PASSED] - Object: 'Object Repository/Final Object Repo/New Registration - Registration Module Pages/New Reg - OTC to RO/Special Case - All Related Objects/Under Enforcement Button at Preview Screen of RO' is clicked on

2018-12-12 18:57:29 - [TEST_STEP][PASSED] - delay: Delayed 5 second(s)

2018-12-12 18:57:34 - [MESSAGE][PASSED] - Delayed 5 second(s)

2018-12-12 18:57:34 - [TEST_STEP][PASSED] - click: Object: 'Object Repository/Final Object Repo/New Registration - Registration Module Pages/New Reg - OTC to RO/Special Case - All Related Objects/Under Enforcement - inner form' is clicked on

2018-12-12 18:57:34 - [MESSAGE][PASSED] - Object: 'Object Repository/Final Object Repo/New Registration - Registration Module Pages/New Reg - OTC to RO/Special Case - All Related Objects/Under Enforcement - inner form' is clicked on

2018-12-12 18:57:34 - [TEST_STEP][PASSED] - callTestCase: Call Test Case 'Test Cases/Final Aug 2018 - PKS Automation/Common/Screenshoting tool' successfully

2018-12-12 18:57:34 - [TEST_CASE][PASSED] - Test Cases/Final Aug 2018 - PKS Automation/Common/Screenshoting tool: Test Cases/Final Aug 2018 - PKS Automation/Common/Screenshoting tool

2018-12-12 18:57:34 - [TEST_STEP][PASSED] - delay: Delayed 15 second(s)

2018-12-12 18:57:49 - [MESSAGE][PASSED] - Delayed 15 second(s)

2018-12-12 18:57:49 - [TEST_STEP][PASSED] - Statement - driver = com.kms.katalon.core.webui.driver.DriverFactory.getWebDriver(): null

2018-12-12 18:57:49 - [TEST_STEP][PASSED] - Statement - driver.manage().timeouts().implicitlyWait(10, SECONDS): null

2018-12-12 18:57:49 - [TEST_STEP][PASSED] - Statement - PresavePath = KatalonScreenshots: null

2018-12-12 18:57:49 - [TEST_STEP][PASSED] - Statement - pathPrefix = "C:\Users\Public\Pictures\Sample Pictures\Katalon Screenshots\Automate Ending Screen": null

2018-12-12 18:57:49 - [TEST_STEP][PASSED] - Statement - finalPath = <not implemented yet for class: org.codehaus.groovy.ast.expr.EmptyExpression>: null

2018-12-12 18:57:49 - [TEST_STEP][PASSED] - Statement - scrFile = driver.getScreenshotAs(FILE): null

2018-12-12 18:57:49 - [TEST_STEP][PASSED] - Statement - PreSaveFile = new java.io.File(PresavePath): null

2018-12-12 18:57:49 - [TEST_STEP][PASSED] - Statement - counter = 0: null

2018-12-12 18:57:49 - [TEST_STEP][PASSED] - Statement - If (PreSaveFile.exists()): null

2018-12-12 18:57:49 - [TEST_STEP][PASSED] - Statement - While (PreSaveFile.exists()): null

2018-12-12 18:57:49 - [TEST_STEP][PASSED] - Statement - counter = counter + 1: null

2018-12-12 18:57:49 - [TEST_STEP][PASSED] - Statement - PreSaveFile = new java.io.File(((pathPrefix + java.lang.Integer.toString(counter)) + .png)): null

2018-12-12 18:57:49 - [TEST_STEP][PASSED] - Statement - counter = counter + 1: null

2018-12-12 18:57:49 - [TEST_STEP][PASSED] - Statement - PreSaveFile = new java.io.File(((pathPrefix + java.lang.Integer.toString(counter)) + .png)): null

2018-12-12 18:57:49 - [TEST_STEP][PASSED] - Statement - counter = counter + 1: null

2018-12-12 18:57:49 - [TEST_STEP][PASSED] - Statement - PreSaveFile = new java.io.File(((pathPrefix + java.lang.Integer.toString(counter)) + .png)): null

2018-12-12 18:57:49 - [TEST_STEP][PASSED] - Statement - counter = counter + 1: null

2018-12-12 18:57:49 - [TEST_STEP][PASSED] - Statement - PreSaveFile = new java.io.File(((pathPrefix + java.lang.Integer.toString(counter)) + .png)): null

2018-12-12 18:57:49 - [TEST_STEP][PASSED] - Statement - counter = counter + 1: null

2018-12-12 18:57:49 - [TEST_STEP][PASSED] - Statement - PreSaveFile = new java.io.File(((pathPrefix + java.lang.Integer.toString(counter)) + .png)): null

2018-12-12 18:57:49 - [TEST_STEP][PASSED] - Statement - counter = counter + 1: null

2018-12-12 18:57:49 - [TEST_STEP][PASSED] - Statement - PreSaveFile = new java.io.File(((pathPrefix + java.lang.Integer.toString(counter)) + .png)): null

2018-12-12 18:57:49 - [TEST_STEP][PASSED] - Statement - counter = counter + 1: null

2018-12-12 18:57:49 - [TEST_STEP][PASSED] - Statement - PreSaveFile = new java.io.File(((pathPrefix + java.lang.Integer.toString(counter)) + .png)): null

2018-12-12 18:57:49 - [TEST_STEP][PASSED] - Statement - counter = counter + 1: null

2018-12-12 18:57:49 - [TEST_STEP][PASSED] - Statement - PreSaveFile = new java.io.File(((pathPrefix + java.lang.Integer.toString(counter)) + .png)): null

2018-12-12 18:57:49 - [TEST_STEP][PASSED] - Statement - counter = counter + 1: null

2018-12-12 18:57:49 - [TEST_STEP][PASSED] - Statement - PreSaveFile = new java.io.File(((pathPrefix + java.lang.Integer.toString(counter)) + .png)): null

2018-12-12 18:57:49 - [TEST_STEP][PASSED] - Statement - counter = counter + 1: null

2018-12-12 18:57:49 - [TEST_STEP][PASSED] - Statement - PreSaveFile = new java.io.File(((pathPrefix + java.lang.Integer.toString(counter)) + .png)): null

2018-12-12 18:57:49 - [TEST_STEP][PASSED] - Statement - counter = counter + 1: null

2018-12-12 18:57:49 - [TEST_STEP][PASSED] - Statement - PreSaveFile = new java.io.File(((pathPrefix + java.lang.Integer.toString(counter)) + .png)): null

2018-12-12 18:57:49 - [TEST_STEP][PASSED] - Statement - counter = counter + 1: null

2018-12-12 18:57:49 - [TEST_STEP][PASSED] - Statement - PreSaveFile = new java.io.File(((pathPrefix + java.lang.Integer.toString(counter)) + .png)): null

2018-12-12 18:57:49 - [TEST_STEP][PASSED] - Statement - counter = counter + 1: null

2018-12-12 18:57:49 - [TEST_STEP][PASSED] - Statement - PreSaveFile = new java.io.File(((pathPrefix + java.lang.Integer.toString(counter)) + .png)): null

2018-12-12 18:57:49 - [TEST_STEP][PASSED] - Statement - counter = counter + 1: null

2018-12-12 18:57:49 - [TEST_STEP][PASSED] - Statement - PreSaveFile = new java.io.File(((pathPrefix + java.lang.Integer.toString(counter)) + .png)): null

2018-12-12 18:57:49 - [TEST_STEP][PASSED] - Statement - counter = counter + 1: null

2018-12-12 18:57:49 - [TEST_STEP][PASSED] - Statement - PreSaveFile = new java.io.File(((pathPrefix + java.lang.Integer.toString(counter)) + .png)): null

2018-12-12 18:57:49 - [TEST_STEP][PASSED] - Statement - counter = counter + 1: null

2018-12-12 18:57:49 - [TEST_STEP][PASSED] - Statement - PreSaveFile = new java.io.File(((pathPrefix + java.lang.Integer.toString(counter)) + .png)): null

2018-12-12 18:57:49 - [TEST_STEP][PASSED] - Statement - counter = counter + 1: null

2018-12-12 18:57:49 - [TEST_STEP][PASSED] - Statement - PreSaveFile = new java.io.File(((pathPrefix + java.lang.Integer.toString(counter)) + .png)): null

2018-12-12 18:57:49 - [TEST_STEP][PASSED] - Statement - counter = counter + 1: null

2018-12-12 18:57:49 - [TEST_STEP][PASSED] - Statement - PreSaveFile = new java.io.File(((pathPrefix + java.lang.Integer.toString(counter)) + .png)): null

2018-12-12 18:57:49 - [TEST_STEP][PASSED] - Statement - counter = counter + 1: null

2018-12-12 18:57:49 - [TEST_STEP][PASSED] - Statement - PreSaveFile = new java.io.File(((pathPrefix + java.lang.Integer.toString(counter)) + .png)): null

2018-12-12 18:57:49 - [TEST_STEP][PASSED] - Statement - counter = counter + 1: null

2018-12-12 18:57:49 - [TEST_STEP][PASSED] - Statement - PreSaveFile = new java.io.File(((pathPrefix + java.lang.Integer.toString(counter)) + .png)): null

2018-12-12 18:57:49 - [TEST_STEP][PASSED] - Statement - counter = counter + 1: null

2018-12-12 18:57:49 - [TEST_STEP][PASSED] - Statement - PreSaveFile = new java.io.File(((pathPrefix + java.lang.Integer.toString(counter)) + .png)): null

2018-12-12 18:57:49 - [TEST_STEP][PASSED] - Statement - counter = counter + 1: null

2018-12-12 18:57:49 - [TEST_STEP][PASSED] - Statement - PreSaveFile = new java.io.File(((pathPrefix + java.lang.Integer.toString(counter)) + .png)): null

2018-12-12 18:57:49 - [TEST_STEP][PASSED] - Statement - counter = counter + 1: null

2018-12-12 18:57:49 - [TEST_STEP][PASSED] - Statement - PreSaveFile = new java.io.File(((pathPrefix + java.lang.Integer.toString(counter)) + .png)): null

2018-12-12 18:57:49 - [TEST_STEP][PASSED] - Statement - counter = counter + 1: null

2018-12-12 18:57:49 - [TEST_STEP][PASSED] - Statement - PreSaveFile = new java.io.File(((pathPrefix + java.lang.Integer.toString(counter)) + .png)): null

2018-12-12 18:57:49 - [TEST_STEP][PASSED] - Statement - counter = counter + 1: null

2018-12-12 18:57:49 - [TEST_STEP][PASSED] - Statement - PreSaveFile = new java.io.File(((pathPrefix + java.lang.Integer.toString(counter)) + .png)): null

2018-12-12 18:57:49 - [TEST_STEP][PASSED] - Statement - counter = counter + 1: null

2018-12-12 18:57:49 - [TEST_STEP][PASSED] - Statement - PreSaveFile = new java.io.File(((pathPrefix + java.lang.Integer.toString(counter)) + .png)): null

2018-12-12 18:57:49 - [TEST_STEP][PASSED] - Statement - counter = counter + 1: null

2018-12-12 18:57:49 - [TEST_STEP][PASSED] - Statement - PreSaveFile = new java.io.File(((pathPrefix + java.lang.Integer.toString(counter)) + .png)): null

2018-12-12 18:57:49 - [TEST_STEP][PASSED] - Statement - counter = counter + 1: null

2018-12-12 18:57:49 - [TEST_STEP][PASSED] - Statement - PreSaveFile = new java.io.File(((pathPrefix + java.lang.Integer.toString(counter)) + .png)): null

2018-12-12 18:57:49 - [TEST_STEP][PASSED] - Statement - counter = counter + 1: null

2018-12-12 18:57:49 - [TEST_STEP][PASSED] - Statement - PreSaveFile = new java.io.File(((pathPrefix + java.lang.Integer.toString(counter)) + .png)): null

2018-12-12 18:57:49 - [TEST_STEP][PASSED] - Statement - counter = counter + 1: null

2018-12-12 18:57:49 - [TEST_STEP][PASSED] - Statement - PreSaveFile = new java.io.File(((pathPrefix + java.lang.Integer.toString(counter)) + .png)): null

2018-12-12 18:57:49 - [TEST_STEP][PASSED] - Statement - counter = counter + 1: null

2018-12-12 18:57:49 - [TEST_STEP][PASSED] - Statement - PreSaveFile = new java.io.File(((pathPrefix + java.lang.Integer.toString(counter)) + .png)): null

2018-12-12 18:57:49 - [TEST_STEP][PASSED] - Statement - counter = counter + 1: null

2018-12-12 18:57:49 - [TEST_STEP][PASSED] - Statement - PreSaveFile = new java.io.File(((pathPrefix + java.lang.Integer.toString(counter)) + .png)): null

2018-12-12 18:57:49 - [TEST_STEP][PASSED] - Statement - counter = counter + 1: null

2018-12-12 18:57:49 - [TEST_STEP][PASSED] - Statement - PreSaveFile = new java.io.File(((pathPrefix + java.lang.Integer.toString(counter)) + .png)): null

2018-12-12 18:57:49 - [TEST_STEP][PASSED] - Statement - counter = counter + 1: null

2018-12-12 18:57:49 - [TEST_STEP][PASSED] - Statement - PreSaveFile = new java.io.File(((pathPrefix + java.lang.Integer.toString(counter)) + .png)): null

2018-12-12 18:57:49 - [TEST_STEP][PASSED] - Statement - counter = counter + 1: null

2018-12-12 18:57:49 - [TEST_STEP][PASSED] - Statement - PreSaveFile = new java.io.File(((pathPrefix + java.lang.Integer.toString(counter)) + .png)): null

2018-12-12 18:57:49 - [TEST_STEP][PASSED] - Statement - counter = counter + 1: null

2018-12-12 18:57:49 - [TEST_STEP][PASSED] - Statement - PreSaveFile = new java.io.File(((pathPrefix + java.lang.Integer.toString(counter)) + .png)): null

2018-12-12 18:57:49 - [TEST_STEP][PASSED] - Statement - counter = counter + 1: null

2018-12-12 18:57:49 - [TEST_STEP][PASSED] - Statement - PreSaveFile = new java.io.File(((pathPrefix + java.lang.Integer.toString(counter)) + .png)): null

2018-12-12 18:57:49 - [TEST_STEP][PASSED] - Statement - counter = counter + 1: null

2018-12-12 18:57:49 - [TEST_STEP][PASSED] - Statement - PreSaveFile = new java.io.File(((pathPrefix + java.lang.Integer.toString(counter)) + .png)): null

2018-12-12 18:57:49 - [TEST_STEP][PASSED] - Statement - counter = counter + 1: null

2018-12-12 18:57:49 - [TEST_STEP][PASSED] - Statement - PreSaveFile = new java.io.File(((pathPrefix + java.lang.Integer.toString(counter)) + .png)): null

2018-12-12 18:57:49 - [TEST_STEP][PASSED] - Statement - counter = counter + 1: null

2018-12-12 18:57:49 - [TEST_STEP][PASSED] - Statement - PreSaveFile = new java.io.File(((pathPrefix + java.lang.Integer.toString(counter)) + .png)): null

2018-12-12 18:57:49 - [TEST_STEP][PASSED] - Statement - counter = counter + 1: null

2018-12-12 18:57:49 - [TEST_STEP][PASSED] - Statement - PreSaveFile = new java.io.File(((pathPrefix + java.lang.Integer.toString(counter)) + .png)): null

2018-12-12 18:57:49 - [TEST_STEP][PASSED] - Statement - counter = counter + 1: null

2018-12-12 18:57:49 - [TEST_STEP][PASSED] - Statement - PreSaveFile = new java.io.File(((pathPrefix + java.lang.Integer.toString(counter)) + .png)): null

2018-12-12 18:57:49 - [TEST_STEP][PASSED] - Statement - counter = counter + 1: null

2018-12-12 18:57:49 - [TEST_STEP][PASSED] - Statement - PreSaveFile = new java.io.File(((pathPrefix + java.lang.Integer.toString(counter)) + .png)): null

2018-12-12 18:57:49 - [TEST_STEP][PASSED] - Statement - counter = counter + 1: null

2018-12-12 18:57:49 - [TEST_STEP][PASSED] - Statement - PreSaveFile = new java.io.File(((pathPrefix + java.lang.Integer.toString(counter)) + .png)): null

2018-12-12 18:57:49 - [TEST_STEP][PASSED] - Statement - counter = counter + 1: null

2018-12-12 18:57:49 - [TEST_STEP][PASSED] - Statement - PreSaveFile = new java.io.File(((pathPrefix + java.lang.Integer.toString(counter)) + .png)): null

2018-12-12 18:57:49 - [TEST_STEP][PASSED] - Statement - counter = counter + 1: null

2018-12-12 18:57:49 - [TEST_STEP][PASSED] - Statement - PreSaveFile = new java.io.File(((pathPrefix + java.lang.Integer.toString(counter)) + .png)): null

2018-12-12 18:57:49 - [TEST_STEP][PASSED] - Statement - counter = counter + 1: null

2018-12-12 18:57:49 - [TEST_STEP][PASSED] - Statement - PreSaveFile = new java.io.File(((pathPrefix + java.lang.Integer.toString(counter)) + .png)): null

2018-12-12 18:57:49 - [TEST_STEP][PASSED] - Statement - counter = counter + 1: null

2018-12-12 18:57:49 - [TEST_STEP][PASSED] - Statement - PreSaveFile = new java.io.File(((pathPrefix + java.lang.Integer.toString(counter)) + .png)): null

2018-12-12 18:57:49 - [TEST_STEP][PASSED] - Statement - counter = counter + 1: null

2018-12-12 18:57:49 - [TEST_STEP][PASSED] - Statement - PreSaveFile = new java.io.File(((pathPrefix + java.lang.Integer.toString(counter)) + .png)): null

2018-12-12 18:57:49 - [TEST_STEP][PASSED] - Statement - counter = counter + 1: null

2018-12-12 18:57:49 - [TEST_STEP][PASSED] - Statement - PreSaveFile = new java.io.File(((pathPrefix + java.lang.Integer.toString(counter)) + .png)): null

2018-12-12 18:57:49 - [TEST_STEP][PASSED] - Statement - counter = counter + 1: null

2018-12-12 18:57:49 - [TEST_STEP][PASSED] - Statement - PreSaveFile = new java.io.File(((pathPrefix + java.lang.Integer.toString(counter)) + .png)): null

2018-12-12 18:57:49 - [TEST_STEP][PASSED] - Statement - counter = counter + 1: null

2018-12-12 18:57:49 - [TEST_STEP][PASSED] - Statement - PreSaveFile = new java.io.File(((pathPrefix + java.lang.Integer.toString(counter)) + .png)): null

2018-12-12 18:57:49 - [TEST_STEP][PASSED] - Statement - counter = counter + 1: null

2018-12-12 18:57:49 - [TEST_STEP][PASSED] - Statement - PreSaveFile = new java.io.File(((pathPrefix + java.lang.Integer.toString(counter)) + .png)): null

2018-12-12 18:57:50 - [TEST_STEP][PASSED] - Statement - counter = counter + 1: null

2018-12-12 18:57:50 - [TEST_STEP][PASSED] - Statement - PreSaveFile = new java.io.File(((pathPrefix + java.lang.Integer.toString(counter)) + .png)): null

2018-12-12 18:57:50 - [TEST_STEP][PASSED] - Statement - counter = counter + 1: null

2018-12-12 18:57:50 - [TEST_STEP][PASSED] - Statement - PreSaveFile = new java.io.File(((pathPrefix + java.lang.Integer.toString(counter)) + .png)): null

2018-12-12 18:57:50 - [TEST_STEP][PASSED] - Statement - counter = counter + 1: null

2018-12-12 18:57:50 - [TEST_STEP][PASSED] - Statement - PreSaveFile = new java.io.File(((pathPrefix + java.lang.Integer.toString(counter)) + .png)): null

2018-12-12 18:57:50 - [TEST_STEP][PASSED] - Statement - counter = counter + 1: null

2018-12-12 18:57:50 - [TEST_STEP][PASSED] - Statement - PreSaveFile = new java.io.File(((pathPrefix + java.lang.Integer.toString(counter)) + .png)): null

2018-12-12 18:57:50 - [TEST_STEP][PASSED] - Statement - counter = counter + 1: null

2018-12-12 18:57:50 - [TEST_STEP][PASSED] - Statement - PreSaveFile = new java.io.File(((pathPrefix + java.lang.Integer.toString(counter)) + .png)): null

2018-12-12 18:57:50 - [TEST_STEP][PASSED] - Statement - counter = counter + 1: null

2018-12-12 18:57:50 - [TEST_STEP][PASSED] - Statement - PreSaveFile = new java.io.File(((pathPrefix + java.lang.Integer.toString(counter)) + .png)): null

2018-12-12 18:57:50 - [TEST_STEP][PASSED] - Statement - counter = counter + 1: null

2018-12-12 18:57:50 - [TEST_STEP][PASSED] - Statement - PreSaveFile = new java.io.File(((pathPrefix + java.lang.Integer.toString(counter)) + .png)): null

2018-12-12 18:57:50 - [TEST_STEP][PASSED] - Statement - counter = counter + 1: null

2018-12-12 18:57:50 - [TEST_STEP][PASSED] - Statement - PreSaveFile = new java.io.File(((pathPrefix + java.lang.Integer.toString(counter)) + .png)): null

2018-12-12 18:57:50 - [TEST_STEP][PASSED] - Statement - counter = counter + 1: null

2018-12-12 18:57:50 - [TEST_STEP][PASSED] - Statement - PreSaveFile = new java.io.File(((pathPrefix + java.lang.Integer.toString(counter)) + .png)): null

2018-12-12 18:57:50 - [TEST_STEP][PASSED] - Statement - counter = counter + 1: null

2018-12-12 18:57:50 - [TEST_STEP][PASSED] - Statement - PreSaveFile = new java.io.File(((pathPrefix + java.lang.Integer.toString(counter)) + .png)): null

2018-12-12 18:57:50 - [TEST_STEP][PASSED] - Statement - counter = counter + 1: null

2018-12-12 18:57:50 - [TEST_STEP][PASSED] - Statement - PreSaveFile = new java.io.File(((pathPrefix + java.lang.Integer.toString(counter)) + .png)): null

2018-12-12 18:57:50 - [TEST_STEP][PASSED] - Statement - counter = counter + 1: null

2018-12-12 18:57:50 - [TEST_STEP][PASSED] - Statement - PreSaveFile = new java.io.File(((pathPrefix + java.lang.Integer.toString(counter)) + .png)): null

2018-12-12 18:57:50 - [TEST_STEP][PASSED] - Statement - counter = counter + 1: null

2018-12-12 18:57:50 - [TEST_STEP][PASSED] - Statement - PreSaveFile = new java.io.File(((pathPrefix + java.lang.Integer.toString(counter)) + .png)): null

2018-12-12 18:57:50 - [TEST_STEP][PASSED] - Statement - counter = counter + 1: null

2018-12-12 18:57:50 - [TEST_STEP][PASSED] - Statement - PreSaveFile = new java.io.File(((pathPrefix + java.lang.Integer.toString(counter)) + .png)): null

2018-12-12 18:57:50 - [TEST_STEP][PASSED] - Statement - counter = counter + 1: null

2018-12-12 18:57:50 - [TEST_STEP][PASSED] - Statement - PreSaveFile = new java.io.File(((pathPrefix + java.lang.Integer.toString(counter)) + .png)): null

2018-12-12 18:57:50 - [TEST_STEP][PASSED] - Statement - counter = counter + 1: null

2018-12-12 18:57:50 - [TEST_STEP][PASSED] - Statement - PreSaveFile = new java.io.File(((pathPrefix + java.lang.Integer.toString(counter)) + .png)): null

2018-12-12 18:57:50 - [TEST_STEP][PASSED] - Statement - counter = counter + 1: null

2018-12-12 18:57:50 - [TEST_STEP][PASSED] - Statement - PreSaveFile = new java.io.File(((pathPrefix + java.lang.Integer.toString(counter)) + .png)): null

2018-12-12 18:57:50 - [TEST_STEP][PASSED] - Statement - counter = counter + 1: null

2018-12-12 18:57:50 - [TEST_STEP][PASSED] - Statement - PreSaveFile = new java.io.File(((pathPrefix + java.lang.Integer.toString(counter)) + .png)): null

2018-12-12 18:57:50 - [TEST_STEP][PASSED] - Statement - counter = counter + 1: null

2018-12-12 18:57:50 - [TEST_STEP][PASSED] - Statement - PreSaveFile = new java.io.File(((pathPrefix + java.lang.Integer.toString(counter)) + .png)): null

2018-12-12 18:57:50 - [TEST_STEP][PASSED] - Statement - counter = counter + 1: null

2018-12-12 18:57:50 - [TEST_STEP][PASSED] - Statement - PreSaveFile = new java.io.File(((pathPrefix + java.lang.Integer.toString(counter)) + .png)): null

2018-12-12 18:57:50 - [TEST_STEP][PASSED] - Statement - counter = counter + 1: null

2018-12-12 18:57:50 - [TEST_STEP][PASSED] - Statement - PreSaveFile = new java.io.File(((pathPrefix + java.lang.Integer.toString(counter)) + .png)): null

2018-12-12 18:57:50 - [TEST_STEP][PASSED] - Statement - counter = counter + 1: null

2018-12-12 18:57:50 - [TEST_STEP][PASSED] - Statement - PreSaveFile = new java.io.File(((pathPrefix + java.lang.Integer.toString(counter)) + .png)): null

2018-12-12 18:57:50 - [TEST_STEP][PASSED] - Statement - counter = counter + 1: null

2018-12-12 18:57:50 - [TEST_STEP][PASSED] - Statement - PreSaveFile = new java.io.File(((pathPrefix + java.lang.Integer.toString(counter)) + .png)): null

2018-12-12 18:57:50 - [TEST_STEP][PASSED] - Statement - counter = counter + 1: null

2018-12-12 18:57:50 - [TEST_STEP][PASSED] - Statement - PreSaveFile = new java.io.File(((pathPrefix + java.lang.Integer.toString(counter)) + .png)): null

2018-12-12 18:57:50 - [TEST_STEP][PASSED] - Statement - counter = counter + 1: null

2018-12-12 18:57:50 - [TEST_STEP][PASSED] - Statement - PreSaveFile = new java.io.File(((pathPrefix + java.lang.Integer.toString(counter)) + .png)): null

2018-12-12 18:57:50 - [TEST_STEP][PASSED] - Statement - counter = counter + 1: null

2018-12-12 18:57:50 - [TEST_STEP][PASSED] - Statement - PreSaveFile = new java.io.File(((pathPrefix + java.lang.Integer.toString(counter)) + .png)): null

2018-12-12 18:57:50 - [TEST_STEP][PASSED] - Statement - counter = counter + 1: null

2018-12-12 18:57:50 - [TEST_STEP][PASSED] - Statement - PreSaveFile = new java.io.File(((pathPrefix + java.lang.Integer.toString(counter)) + .png)): null

2018-12-12 18:57:50 - [TEST_STEP][PASSED] - Statement - counter = counter + 1: null

2018-12-12 18:57:50 - [TEST_STEP][PASSED] - Statement - PreSaveFile = new java.io.File(((pathPrefix + java.lang.Integer.toString(counter)) + .png)): null

2018-12-12 18:57:50 - [TEST_STEP][PASSED] - Statement - counter = counter + 1: null

2018-12-12 18:57:50 - [TEST_STEP][PASSED] - Statement - PreSaveFile = new java.io.File(((pathPrefix + java.lang.Integer.toString(counter)) + .png)): null

2018-12-12 18:57:50 - [TEST_STEP][PASSED] - Statement - counter = counter + 1: null

2018-12-12 18:57:50 - [TEST_STEP][PASSED] - Statement - PreSaveFile = new java.io.File(((pathPrefix + java.lang.Integer.toString(counter)) + .png)): null

2018-12-12 18:57:50 - [TEST_STEP][PASSED] - Statement - counter = counter + 1: null

2018-12-12 18:57:50 - [TEST_STEP][PASSED] - Statement - PreSaveFile = new java.io.File(((pathPrefix + java.lang.Integer.toString(counter)) + .png)): null

2018-12-12 18:57:50 - [TEST_STEP][PASSED] - Statement - counter = counter + 1: null

2018-12-12 18:57:50 - [TEST_STEP][PASSED] - Statement - PreSaveFile = new java.io.File(((pathPrefix + java.lang.Integer.toString(counter)) + .png)): null

2018-12-12 18:57:50 - [TEST_STEP][PASSED] - Statement - counter = counter + 1: null

2018-12-12 18:57:50 - [TEST_STEP][PASSED] - Statement - PreSaveFile = new java.io.File(((pathPrefix + java.lang.Integer.toString(counter)) + .png)): null

2018-12-12 18:57:50 - [TEST_STEP][PASSED] - Statement - counter = counter + 1: null

2018-12-12 18:57:50 - [TEST_STEP][PASSED] - Statement - PreSaveFile = new java.io.File(((pathPrefix + java.lang.Integer.toString(counter)) + .png)): null

2018-12-12 18:57:50 - [TEST_STEP][PASSED] - Statement - counter = counter + 1: null

2018-12-12 18:57:50 - [TEST_STEP][PASSED] - Statement - PreSaveFile = new java.io.File(((pathPrefix + java.lang.Integer.toString(counter)) + .png)): null

2018-12-12 18:57:50 - [TEST_STEP][PASSED] - Statement - counter = counter + 1: null

2018-12-12 18:57:50 - [TEST_STEP][PASSED] - Statement - PreSaveFile = new java.io.File(((pathPrefix + java.lang.Integer.toString(counter)) + .png)): null

2018-12-12 18:57:50 - [TEST_STEP][PASSED] - Statement - counter = counter + 1: null

2018-12-12 18:57:50 - [TEST_STEP][PASSED] - Statement - PreSaveFile = new java.io.File(((pathPrefix + java.lang.Integer.toString(counter)) + .png)): null

2018-12-12 18:57:50 - [TEST_STEP][PASSED] - Statement - counter = counter + 1: null

2018-12-12 18:57:50 - [TEST_STEP][PASSED] - Statement - PreSaveFile = new java.io.File(((pathPrefix + java.lang.Integer.toString(counter)) + .png)): null

2018-12-12 18:57:50 - [TEST_STEP][PASSED] - Statement - counter = counter + 1: null

2018-12-12 18:57:50 - [TEST_STEP][PASSED] - Statement - PreSaveFile = new java.io.File(((pathPrefix + java.lang.Integer.toString(counter)) + .png)): null

2018-12-12 18:57:50 - [TEST_STEP][PASSED] - Statement - counter = counter + 1: null

2018-12-12 18:57:50 - [TEST_STEP][PASSED] - Statement - PreSaveFile = new java.io.File(((pathPrefix + java.lang.Integer.toString(counter)) + .png)): null

2018-12-12 18:57:50 - [TEST_STEP][PASSED] - Statement - counter = counter + 1: null

2018-12-12 18:57:50 - [TEST_STEP][PASSED] - Statement - PreSaveFile = new java.io.File(((pathPrefix + java.lang.Integer.toString(counter)) + .png)): null

2018-12-12 18:57:50 - [TEST_STEP][PASSED] - Statement - counter = counter + 1: null

2018-12-12 18:57:50 - [TEST_STEP][PASSED] - Statement - PreSaveFile = new java.io.File(((pathPrefix + java.lang.Integer.toString(counter)) + .png)): null

2018-12-12 18:57:50 - [TEST_STEP][PASSED] - Statement - counter = counter + 1: null

2018-12-12 18:57:50 - [TEST_STEP][PASSED] - Statement - PreSaveFile = new java.io.File(((pathPrefix + java.lang.Integer.toString(counter)) + .png)): null

2018-12-12 18:57:50 - [TEST_STEP][PASSED] - Statement - counter = counter + 1: null

2018-12-12 18:57:50 - [TEST_STEP][PASSED] - Statement - PreSaveFile = new java.io.File(((pathPrefix + java.lang.Integer.toString(counter)) + .png)): null

2018-12-12 18:57:50 - [TEST_STEP][PASSED] - Statement - counter = counter + 1: null

2018-12-12 18:57:50 - [TEST_STEP][PASSED] - Statement - PreSaveFile = new java.io.File(((pathPrefix + java.lang.Integer.toString(counter)) + .png)): null

2018-12-12 18:57:50 - [TEST_STEP][PASSED] - Statement - counter = counter + 1: null

2018-12-12 18:57:50 - [TEST_STEP][PASSED] - Statement - PreSaveFile = new java.io.File(((pathPrefix + java.lang.Integer.toString(counter)) + .png)): null

2018-12-12 18:57:50 - [TEST_STEP][PASSED] - Statement - counter = counter + 1: null

2018-12-12 18:57:50 - [TEST_STEP][PASSED] - Statement - PreSaveFile = new java.io.File(((pathPrefix + java.lang.Integer.toString(counter)) + .png)): null

2018-12-12 18:57:50 - [TEST_STEP][PASSED] - Statement - counter = counter + 1: null

2018-12-12 18:57:50 - [TEST_STEP][PASSED] - Statement - PreSaveFile = new java.io.File(((pathPrefix + java.lang.Integer.toString(counter)) + .png)): null

2018-12-12 18:57:50 - [TEST_STEP][PASSED] - Statement - counter = counter + 1: null

2018-12-12 18:57:50 - [TEST_STEP][PASSED] - Statement - PreSaveFile = new java.io.File(((pathPrefix + java.lang.Integer.toString(counter)) + .png)): null

2018-12-12 18:57:50 - [TEST_STEP][PASSED] - Statement - counter = counter + 1: null

2018-12-12 18:57:50 - [TEST_STEP][PASSED] - Statement - PreSaveFile = new java.io.File(((pathPrefix + java.lang.Integer.toString(counter)) + .png)): null

2018-12-12 18:57:50 - [TEST_STEP][PASSED] - Statement - counter = counter + 1: null

2018-12-12 18:57:50 - [TEST_STEP][PASSED] - Statement - PreSaveFile = new java.io.File(((pathPrefix + java.lang.Integer.toString(counter)) + .png)): null

2018-12-12 18:57:50 - [TEST_STEP][PASSED] - Statement - counter = counter + 1: null

2018-12-12 18:57:50 - [TEST_STEP][PASSED] - Statement - PreSaveFile = new java.io.File(((pathPrefix + java.lang.Integer.toString(counter)) + .png)): null

2018-12-12 18:57:50 - [TEST_STEP][PASSED] - Statement - counter = counter + 1: null

2018-12-12 18:57:50 - [TEST_STEP][PASSED] - Statement - PreSaveFile = new java.io.File(((pathPrefix + java.lang.Integer.toString(counter)) + .png)): null

2018-12-12 18:57:50 - [TEST_STEP][PASSED] - Statement - counter = counter + 1: null

2018-12-12 18:57:50 - [TEST_STEP][PASSED] - Statement - PreSaveFile = new java.io.File(((pathPrefix + java.lang.Integer.toString(counter)) + .png)): null

2018-12-12 18:57:50 - [TEST_STEP][PASSED] - Statement - counter = counter + 1: null

2018-12-12 18:57:50 - [TEST_STEP][PASSED] - Statement - PreSaveFile = new java.io.File(((pathPrefix + java.lang.Integer.toString(counter)) + .png)): null

2018-12-12 18:57:50 - [TEST_STEP][PASSED] - Statement - counter = counter + 1: null

2018-12-12 18:57:50 - [TEST_STEP][PASSED] - Statement - PreSaveFile = new java.io.File(((pathPrefix + java.lang.Integer.toString(counter)) + .png)): null

2018-12-12 18:57:50 - [TEST_STEP][PASSED] - Statement - counter = counter + 1: null

2018-12-12 18:57:50 - [TEST_STEP][PASSED] - Statement - PreSaveFile = new java.io.File(((pathPrefix + java.lang.Integer.toString(counter)) + .png)): null

2018-12-12 18:57:50 - [TEST_STEP][PASSED] - Statement - counter = counter + 1: null

2018-12-12 18:57:50 - [TEST_STEP][PASSED] - Statement - PreSaveFile = new java.io.File(((pathPrefix + java.lang.Integer.toString(counter)) + .png)): null

2018-12-12 18:57:50 - [TEST_STEP][PASSED] - Statement - counter = counter + 1: null

2018-12-12 18:57:50 - [TEST_STEP][PASSED] - Statement - PreSaveFile = new java.io.File(((pathPrefix + java.lang.Integer.toString(counter)) + .png)): null

2018-12-12 18:57:50 - [TEST_STEP][PASSED] - Statement - counter = counter + 1: null

2018-12-12 18:57:50 - [TEST_STEP][PASSED] - Statement - PreSaveFile = new java.io.File(((pathPrefix + java.lang.Integer.toString(counter)) + .png)): null

2018-12-12 18:57:50 - [TEST_STEP][PASSED] - Statement - counter = counter + 1: null

2018-12-12 18:57:50 - [TEST_STEP][PASSED] - Statement - PreSaveFile = new java.io.File(((pathPrefix + java.lang.Integer.toString(counter)) + .png)): null

2018-12-12 18:57:50 - [TEST_STEP][PASSED] - Statement - counter = counter + 1: null

2018-12-12 18:57:50 - [TEST_STEP][PASSED] - Statement - PreSaveFile = new java.io.File(((pathPrefix + java.lang.Integer.toString(counter)) + .png)): null

2018-12-12 18:57:50 - [TEST_STEP][PASSED] - Statement - counter = counter + 1: null

2018-12-12 18:57:50 - [TEST_STEP][PASSED] - Statement - PreSaveFile = new java.io.File(((pathPrefix + java.lang.Integer.toString(counter)) + .png)): null

2018-12-12 18:57:50 - [TEST_STEP][PASSED] - Statement - counter = counter + 1: null

2018-12-12 18:57:50 - [TEST_STEP][PASSED] - Statement - PreSaveFile = new java.io.File(((pathPrefix + java.lang.Integer.toString(counter)) + .png)): null

2018-12-12 18:57:50 - [TEST_STEP][PASSED] - Statement - counter = counter + 1: null

2018-12-12 18:57:50 - [TEST_STEP][PASSED] - Statement - PreSaveFile = new java.io.File(((pathPrefix + java.lang.Integer.toString(counter)) + .png)): null

2018-12-12 18:57:50 - [TEST_STEP][PASSED] - Statement - counter = counter + 1: null

2018-12-12 18:57:50 - [TEST_STEP][PASSED] - Statement - PreSaveFile = new java.io.File(((pathPrefix + java.lang.Integer.toString(counter)) + .png)): null

2018-12-12 18:57:50 - [TEST_STEP][PASSED] - Statement - counter = counter + 1: null

2018-12-12 18:57:50 - [TEST_STEP][PASSED] - Statement - PreSaveFile = new java.io.File(((pathPrefix + java.lang.Integer.toString(counter)) + .png)): null

2018-12-12 18:57:50 - [TEST_STEP][PASSED] - Statement - counter = counter + 1: null

2018-12-12 18:57:50 - [TEST_STEP][PASSED] - Statement - PreSaveFile = new java.io.File(((pathPrefix + java.lang.Integer.toString(counter)) + .png)): null

2018-12-12 18:57:50 - [TEST_STEP][PASSED] - Statement - counter = counter + 1: null

2018-12-12 18:57:50 - [TEST_STEP][PASSED] - Statement - PreSaveFile = new java.io.File(((pathPrefix + java.lang.Integer.toString(counter)) + .png)): null

2018-12-12 18:57:50 - [TEST_STEP][PASSED] - Statement - counter = counter + 1: null

2018-12-12 18:57:50 - [TEST_STEP][PASSED] - Statement - PreSaveFile = new java.io.File(((pathPrefix + java.lang.Integer.toString(counter)) + .png)): null

2018-12-12 18:57:50 - [TEST_STEP][PASSED] - Statement - counter = counter + 1: null

2018-12-12 18:57:50 - [TEST_STEP][PASSED] - Statement - PreSaveFile = new java.io.File(((pathPrefix + java.lang.Integer.toString(counter)) + .png)): null

2018-12-12 18:57:50 - [TEST_STEP][PASSED] - Statement - counter = counter + 1: null

2018-12-12 18:57:50 - [TEST_STEP][PASSED] - Statement - PreSaveFile = new java.io.File(((pathPrefix + java.lang.Integer.toString(counter)) + .png)): null

2018-12-12 18:57:50 - [TEST_STEP][PASSED] - Statement - counter = counter + 1: null

2018-12-12 18:57:50 - [TEST_STEP][PASSED] - Statement - PreSaveFile = new java.io.File(((pathPrefix + java.lang.Integer.toString(counter)) + .png)): null

2018-12-12 18:57:50 - [TEST_STEP][PASSED] - Statement - counter = counter + 1: null

2018-12-12 18:57:50 - [TEST_STEP][PASSED] - Statement - PreSaveFile = new java.io.File(((pathPrefix + java.lang.Integer.toString(counter)) + .png)): null

2018-12-12 18:57:50 - [TEST_STEP][PASSED] - Statement - counter = counter + 1: null

2018-12-12 18:57:50 - [TEST_STEP][PASSED] - Statement - PreSaveFile = new java.io.File(((pathPrefix + java.lang.Integer.toString(counter)) + .png)): null

2018-12-12 18:57:50 - [TEST_STEP][PASSED] - Statement - counter = counter + 1: null

2018-12-12 18:57:50 - [TEST_STEP][PASSED] - Statement - PreSaveFile = new java.io.File(((pathPrefix + java.lang.Integer.toString(counter)) + .png)): null

2018-12-12 18:57:50 - [TEST_STEP][PASSED] - Statement - counter = counter + 1: null

2018-12-12 18:57:50 - [TEST_STEP][PASSED] - Statement - PreSaveFile = new java.io.File(((pathPrefix + java.lang.Integer.toString(counter)) + .png)): null

2018-12-12 18:57:50 - [TEST_STEP][PASSED] - Statement - counter = counter + 1: null

2018-12-12 18:57:50 - [TEST_STEP][PASSED] - Statement - PreSaveFile = new java.io.File(((pathPrefix + java.lang.Integer.toString(counter)) + .png)): null

2018-12-12 18:57:50 - [TEST_STEP][PASSED] - Statement - counter = counter + 1: null

2018-12-12 18:57:50 - [TEST_STEP][PASSED] - Statement - PreSaveFile = new java.io.File(((pathPrefix + java.lang.Integer.toString(counter)) + .png)): null

2018-12-12 18:57:50 - [TEST_STEP][PASSED] - Statement - counter = counter + 1: null

2018-12-12 18:57:50 - [TEST_STEP][PASSED] - Statement - PreSaveFile = new java.io.File(((pathPrefix + java.lang.Integer.toString(counter)) + .png)): null

2018-12-12 18:57:50 - [TEST_STEP][PASSED] - Statement - counter = counter + 1: null

2018-12-12 18:57:50 - [TEST_STEP][PASSED] - Statement - PreSaveFile = new java.io.File(((pathPrefix + java.lang.Integer.toString(counter)) + .png)): null

2018-12-12 18:57:50 - [TEST_STEP][PASSED] - Statement - counter = counter + 1: null

2018-12-12 18:57:50 - [TEST_STEP][PASSED] - Statement - PreSaveFile = new java.io.File(((pathPrefix + java.lang.Integer.toString(counter)) + .png)): null

2018-12-12 18:57:50 - [TEST_STEP][PASSED] - Statement - counter = counter + 1: null

2018-12-12 18:57:50 - [TEST_STEP][PASSED] - Statement - PreSaveFile = new java.io.File(((pathPrefix + java.lang.Integer.toString(counter)) + .png)): null

2018-12-12 18:57:50 - [TEST_STEP][PASSED] - Statement - counter = counter + 1: null

2018-12-12 18:57:50 - [TEST_STEP][PASSED] - Statement - PreSaveFile = new java.io.File(((pathPrefix + java.lang.Integer.toString(counter)) + .png)): null

2018-12-12 18:57:50 - [TEST_STEP][PASSED] - Statement - counter = counter + 1: null

2018-12-12 18:57:50 - [TEST_STEP][PASSED] - Statement - PreSaveFile = new java.io.File(((pathPrefix + java.lang.Integer.toString(counter)) + .png)): null

2018-12-12 18:57:50 - [TEST_STEP][PASSED] - Statement - counter = counter + 1: null

2018-12-12 18:57:50 - [TEST_STEP][PASSED] - Statement - PreSaveFile = new java.io.File(((pathPrefix + java.lang.Integer.toString(counter)) + .png)): null

2018-12-12 18:57:50 - [TEST_STEP][PASSED] - Statement - counter = counter + 1: null

2018-12-12 18:57:50 - [TEST_STEP][PASSED] - Statement - PreSaveFile = new java.io.File(((pathPrefix + java.lang.Integer.toString(counter)) + .png)): null

2018-12-12 18:57:50 - [TEST_STEP][PASSED] - Statement - counter = counter + 1: null

2018-12-12 18:57:50 - [TEST_STEP][PASSED] - Statement - PreSaveFile = new java.io.File(((pathPrefix + java.lang.Integer.toString(counter)) + .png)): null

2018-12-12 18:57:50 - [TEST_STEP][PASSED] - Statement - counter = counter + 1: null

2018-12-12 18:57:50 - [TEST_STEP][PASSED] - Statement - PreSaveFile = new java.io.File(((pathPrefix + java.lang.Integer.toString(counter)) + .png)): null

2018-12-12 18:57:50 - [TEST_STEP][PASSED] - Statement - counter = counter + 1: null

2018-12-12 18:57:50 - [TEST_STEP][PASSED] - Statement - PreSaveFile = new java.io.File(((pathPrefix + java.lang.Integer.toString(counter)) + .png)): null

2018-12-12 18:57:50 - [TEST_STEP][PASSED] - Statement - counter = counter + 1: null

2018-12-12 18:57:50 - [TEST_STEP][PASSED] - Statement - PreSaveFile = new java.io.File(((pathPrefix + java.lang.Integer.toString(counter)) + .png)): null

2018-12-12 18:57:50 - [TEST_STEP][PASSED] - Statement - counter = counter + 1: null

2018-12-12 18:57:50 - [TEST_STEP][PASSED] - Statement - PreSaveFile = new java.io.File(((pathPrefix + java.lang.Integer.toString(counter)) + .png)): null

2018-12-12 18:57:50 - [TEST_STEP][PASSED] - Statement - counter = counter + 1: null

2018-12-12 18:57:50 - [TEST_STEP][PASSED] - Statement - PreSaveFile = new java.io.File(((pathPrefix + java.lang.Integer.toString(counter)) + .png)): null

2018-12-12 18:57:50 - [TEST_STEP][PASSED] - Statement - counter = counter + 1: null

2018-12-12 18:57:50 - [TEST_STEP][PASSED] - Statement - PreSaveFile = new java.io.File(((pathPrefix + java.lang.Integer.toString(counter)) + .png)): null

2018-12-12 18:57:50 - [TEST_STEP][PASSED] - Statement - counter = counter + 1: null

2018-12-12 18:57:50 - [TEST_STEP][PASSED] - Statement - PreSaveFile = new java.io.File(((pathPrefix + java.lang.Integer.toString(counter)) + .png)): null

2018-12-12 18:57:50 - [TEST_STEP][PASSED] - Statement - counter = counter + 1: null

2018-12-12 18:57:50 - [TEST_STEP][PASSED] - Statement - PreSaveFile = new java.io.File(((pathPrefix + java.lang.Integer.toString(counter)) + .png)): null

2018-12-12 18:57:50 - [TEST_STEP][PASSED] - Statement - counter = counter + 1: null

2018-12-12 18:57:50 - [TEST_STEP][PASSED] - Statement - PreSaveFile = new java.io.File(((pathPrefix + java.lang.Integer.toString(counter)) + .png)): null

2018-12-12 18:57:50 - [TEST_STEP][PASSED] - Statement - counter = counter + 1: null

2018-12-12 18:57:50 - [TEST_STEP][PASSED] - Statement - PreSaveFile = new java.io.File(((pathPrefix + java.lang.Integer.toString(counter)) + .png)): null

2018-12-12 18:57:50 - [TEST_STEP][PASSED] - Statement - counter = counter + 1: null

2018-12-12 18:57:50 - [TEST_STEP][PASSED] - Statement - PreSaveFile = new java.io.File(((pathPrefix + java.lang.Integer.toString(counter)) + .png)): null

2018-12-12 18:57:50 - [TEST_STEP][PASSED] - Statement - counter = counter + 1: null

2018-12-12 18:57:50 - [TEST_STEP][PASSED] - Statement - PreSaveFile = new java.io.File(((pathPrefix + java.lang.Integer.toString(counter)) + .png)): null

2018-12-12 18:57:50 - [TEST_STEP][PASSED] - Statement - counter = counter + 1: null

2018-12-12 18:57:50 - [TEST_STEP][PASSED] - Statement - PreSaveFile = new java.io.File(((pathPrefix + java.lang.Integer.toString(counter)) + .png)): null

2018-12-12 18:57:50 - [TEST_STEP][PASSED] - Statement - counter = counter + 1: null

2018-12-12 18:57:50 - [TEST_STEP][PASSED] - Statement - PreSaveFile = new java.io.File(((pathPrefix + java.lang.Integer.toString(counter)) + .png)): null

2018-12-12 18:57:50 - [TEST_STEP][PASSED] - Statement - counter = counter + 1: null

2018-12-12 18:57:50 - [TEST_STEP][PASSED] - Statement - PreSaveFile = new java.io.File(((pathPrefix + java.lang.Integer.toString(counter)) + .png)): null

2018-12-12 18:57:50 - [TEST_STEP][PASSED] - Statement - counter = counter + 1: null

2018-12-12 18:57:50 - [TEST_STEP][PASSED] - Statement - PreSaveFile = new java.io.File(((pathPrefix + java.lang.Integer.toString(counter)) + .png)): null

2018-12-12 18:57:50 - [TEST_STEP][PASSED] - Statement - counter = counter + 1: null

2018-12-12 18:57:50 - [TEST_STEP][PASSED] - Statement - PreSaveFile = new java.io.File(((pathPrefix + java.lang.Integer.toString(counter)) + .png)): null

2018-12-12 18:57:50 - [TEST_STEP][PASSED] - Statement - counter = counter + 1: null

2018-12-12 18:57:50 - [TEST_STEP][PASSED] - Statement - PreSaveFile = new java.io.File(((pathPrefix + java.lang.Integer.toString(counter)) + .png)): null

2018-12-12 18:57:50 - [TEST_STEP][PASSED] - Statement - counter = counter + 1: null

2018-12-12 18:57:50 - [TEST_STEP][PASSED] - Statement - PreSaveFile = new java.io.File(((pathPrefix + java.lang.Integer.toString(counter)) + .png)): null

2018-12-12 18:57:50 - [TEST_STEP][PASSED] - Statement - counter = counter + 1: null

2018-12-12 18:57:50 - [TEST_STEP][PASSED] - Statement - PreSaveFile = new java.io.File(((pathPrefix + java.lang.Integer.toString(counter)) + .png)): null

2018-12-12 18:57:50 - [TEST_STEP][PASSED] - Statement - counter = counter + 1: null

2018-12-12 18:57:50 - [TEST_STEP][PASSED] - Statement - PreSaveFile = new java.io.File(((pathPrefix + java.lang.Integer.toString(counter)) + .png)): null

2018-12-12 18:57:50 - [TEST_STEP][PASSED] - Statement - counter = counter + 1: null

2018-12-12 18:57:50 - [TEST_STEP][PASSED] - Statement - PreSaveFile = new java.io.File(((pathPrefix + java.lang.Integer.toString(counter)) + .png)): null

2018-12-12 18:57:50 - [TEST_STEP][PASSED] - Statement - counter = counter + 1: null

2018-12-12 18:57:50 - [TEST_STEP][PASSED] - Statement - PreSaveFile = new java.io.File(((pathPrefix + java.lang.Integer.toString(counter)) + .png)): null

2018-12-12 18:57:50 - [TEST_STEP][PASSED] - Statement - counter = counter + 1: null

2018-12-12 18:57:50 - [TEST_STEP][PASSED] - Statement - PreSaveFile = new java.io.File(((pathPrefix + java.lang.Integer.toString(counter)) + .png)): null

2018-12-12 18:57:50 - [TEST_STEP][PASSED] - Statement - counter = counter + 1: null

2018-12-12 18:57:50 - [TEST_STEP][PASSED] - Statement - PreSaveFile = new java.io.File(((pathPrefix + java.lang.Integer.toString(counter)) + .png)): null

2018-12-12 18:57:50 - [TEST_STEP][PASSED] - Statement - counter = counter + 1: null

2018-12-12 18:57:50 - [TEST_STEP][PASSED] - Statement - PreSaveFile = new java.io.File(((pathPrefix + java.lang.Integer.toString(counter)) + .png)): null

2018-12-12 18:57:50 - [TEST_STEP][PASSED] - Statement - finalPath = pathPrefix + java.lang.Integer.toString(counter) + ".png": null

2018-12-12 18:57:50 - [TEST_STEP][PASSED] - Statement - SaveFile = new java.io.File(finalPath): null

2018-12-12 18:57:50 - [TEST_STEP][PASSED] - Statement - Try: null

2018-12-12 18:57:50 - [TEST_STEP][PASSED] - Statement - org.apache.commons.io.FileUtils.copyFile(scrFile, SaveFile): null

2018-12-12 18:57:50 - [TEST_STEP][PASSED] - Statement - out.println("file kept"): null

2018-12-12 18:57:50 - [TEST_STEP][PASSED] - delay: Delayed 10 second(s)

2018-12-12 18:58:00 - [MESSAGE][PASSED] - Delayed 10 second(s)

2018-12-12 18:58:00 - [MESSAGE][PASSED] - Call Test Case 'Test Cases/Final Aug 2018 - PKS Automation/Common/Screenshoting tool' successfully

2018-12-12 18:58:00 - [TEST_STEP][PASSED] - callTestCase: Call Test Case 'Test Cases/Final Aug 2018 - PKS Automation/Registration Module/Log Out/log out avoiding katalon tagging' successfully

2018-12-12 18:58:00 - [TEST_CASE][PASSED] - Test Cases/Final Aug 2018 - PKS Automation/Registration Module/Log Out/log out avoiding katalon tagging: Test Cases/Final Aug 2018 - PKS Automation/Registration Module/Log Out/log out avoiding katalon tagging

2018-12-12 18:58:00 - [TEST_STEP][PASSED] - navigateToUrl: Navigate to 'https://assist2-uat.perkeso.gov.my/c/portal/logout' successfully

2018-12-12 18:58:01 - [MESSAGE][PASSED] - Navigate to 'https://assist2-uat.perkeso.gov.my/c/portal/logout' successfully

2018-12-12 18:58:01 - [MESSAGE][PASSED] - Call Test Case 'Test Cases/Final Aug 2018 - PKS Automation/Registration Module/Log Out/log out avoiding katalon tagging' successfully

2018-12-12 18:58:01 - [TEST_STEP][PASSED] - delay: Delayed 2 second(s)

2018-12-12 18:58:03 - [MESSAGE][PASSED] - Delayed 2 second(s)

2018-12-12 18:58:03 - [TEST_STEP][PASSED] - setText: Text 'johorro1@gmail.com' is set on object 'Object Repository/Final Object Repo/New Registration - Registration Module Pages/New Reg - OTC to RO/Special Case - All Related Objects/Email TextBox'

2018-12-12 18:58:03 - [MESSAGE][PASSED] - Text 'johorro1@gmail.com' is set on object 'Object Repository/Final Object Repo/New Registration - Registration Module Pages/New Reg - OTC to RO/Special Case - All Related Objects/Email TextBox'

2018-12-12 18:58:03 - [TEST_STEP][PASSED] - click: Object: 'Object Repository/Final Object Repo/New Registration - Registration Module Pages/New Reg - OTC to RO/Special Case - All Related Objects/Next Button' is clicked on

2018-12-12 18:58:03 - [MESSAGE][PASSED] - Object: 'Object Repository/Final Object Repo/New Registration - Registration Module Pages/New Reg - OTC to RO/Special Case - All Related Objects/Next Button' is clicked on

2018-12-12 18:58:03 - [TEST_STEP][PASSED] - delay: Delayed 2 second(s)

2018-12-12 18:58:05 - [MESSAGE][PASSED] - Delayed 2 second(s)

2018-12-12 18:58:05 - [TEST_STEP][PASSED] - setText: Text 'Test1@3456789' is set on object 'Object Repository/Final Object Repo/New Registration - Registration Module Pages/New Reg - OTC to RO/Special Case - All Related Objects/Password TextBox'

2018-12-12 18:58:06 - [MESSAGE][PASSED] - Text 'Test1@3456789' is set on object 'Object Repository/Final Object Repo/New Registration - Registration Module Pages/New Reg - OTC to RO/Special Case - All Related Objects/Password TextBox'

2018-12-12 18:58:06 - [TEST_STEP][PASSED] - delay: Delayed 2 second(s)

2018-12-12 18:58:08 - [MESSAGE][PASSED] - Delayed 2 second(s)

2018-12-12 18:58:08 - [TEST_STEP][PASSED] - click: Object: 'Object Repository/Final Object Repo/New Registration - Registration Module Pages/New Reg - OTC to RO/Special Case - All Related Objects/Login Button' is clicked on

2018-12-12 18:58:08 - [MESSAGE][PASSED] - Object: 'Object Repository/Final Object Repo/New Registration - Registration Module Pages/New Reg - OTC to RO/Special Case - All Related Objects/Login Button' is clicked on

2018-12-12 18:58:08 - [TEST_STEP][PASSED] - delay: Delayed 2 second(s)

2018-12-12 18:58:10 - [MESSAGE][PASSED] - Delayed 2 second(s)

2018-12-12 18:58:10 - [TEST_STEP][PASSED] - Statement - Try: null

2018-12-12 18:58:10 - [TEST_STEP][PASSED] - Statement - Checker = com.kms.katalon.core.webui.keyword.WebUiBuiltInKeywords.verifyElementNotPresent("Final Object Repo/Landing Page/Select to English", 3): null

2018-12-12 18:58:10 - [TEST_STEP][PASSED] - Statement - Catch (Exception e): null

2018-12-12 18:58:10 - [TEST_STEP][PASSED] - Statement - e.printStackTrace(): null

2018-12-12 18:58:10 - [TEST_STEP][PASSED] - click: Object: 'Object Repository/Final Object Repo/New Registration - Registration Module Pages/New Reg - OTC to RO/Special Case - All Related Objects/Expand to Search' is clicked on

2018-12-12 18:58:10 - [MESSAGE][PASSED] - Object: 'Object Repository/Final Object Repo/New Registration - Registration Module Pages/New Reg - OTC to RO/Special Case - All Related Objects/Expand to Search' is clicked on

2018-12-12 18:58:10 - [TEST_STEP][PASSED] - delay: Delayed 2 second(s)

2018-12-12 18:58:12 - [MESSAGE][PASSED] - Delayed 2 second(s)

2018-12-12 18:58:12 - [TEST_STEP][PASSED] - setText: Text 'CRN12201800123228' is set on object 'Object Repository/Final Object Repo/New Registration - Registration Module Pages/New Reg - OTC to RO/Special Case - All Related Objects/TextBox RefNo in Workbasket'

2018-12-12 18:58:12 - [MESSAGE][PASSED] - Text 'CRN12201800123228' is set on object 'Object Repository/Final Object Repo/New Registration - Registration Module Pages/New Reg - OTC to RO/Special Case - All Related Objects/TextBox RefNo in Workbasket'

2018-12-12 18:58:12 - [TEST_STEP][PASSED] - delay: Delayed 2 second(s)

2018-12-12 18:58:14 - [MESSAGE][PASSED] - Delayed 2 second(s)

2018-12-12 18:58:14 - [TEST_STEP][PASSED] - click: Object: 'Object Repository/Final Object Repo/New Registration - Registration Module Pages/New Reg - OTC to RO/Special Case - All Related Objects/Click Search' is clicked on

2018-12-12 18:58:14 - [MESSAGE][PASSED] - Object: 'Object Repository/Final Object Repo/New Registration - Registration Module Pages/New Reg - OTC to RO/Special Case - All Related Objects/Click Search' is clicked on

2018-12-12 18:58:14 - [TEST_STEP][PASSED] - delay: Delayed 1 second(s)

2018-12-12 18:58:15 - [MESSAGE][PASSED] - Delayed 1 second(s)

2018-12-12 18:58:15 - [TEST_STEP][PASSED] - click: Object: 'Object Repository/Final Object Repo/New Registration - Registration Module Pages/New Reg - OTC to RO/Special Case - All Related Objects/Click to Continue Workflow' is clicked on

2018-12-12 18:58:18 - [MESSAGE][PASSED] - Object: 'Object Repository/Final Object Repo/New Registration - Registration Module Pages/New Reg - OTC to RO/Special Case - All Related Objects/Click to Continue Workflow' is clicked on

2018-12-12 18:58:18 - [TEST_STEP][PASSED] - delay: Delayed 2 second(s)

2018-12-12 18:58:20 - [MESSAGE][PASSED] - Delayed 2 second(s)

2018-12-12 18:58:20 - [TEST_STEP][PASSED] - click: Object: 'Object Repository/Final Object Repo/New Registration - Registration Module Pages/New Reg - OTC to RO/Special Case - All Related Objects/Continue Button in verifying case' is clicked on

2018-12-12 18:58:22 - [MESSAGE][PASSED] - Object: 'Object Repository/Final Object Repo/New Registration - Registration Module Pages/New Reg - OTC to RO/Special Case - All Related Objects/Continue Button in verifying case' is clicked on

2018-12-12 18:58:22 - [TEST_STEP][PASSED] - delay: Delayed 2 second(s)

2018-12-12 18:58:24 - [MESSAGE][PASSED] - Delayed 2 second(s)

2018-12-12 18:58:24 - [TEST_STEP][PASSED] - click: Object: 'Object Repository/Final Object Repo/New Registration - Registration Module Pages/Form 1/Registered As a Branch - Yes' is clicked on

2018-12-12 18:58:24 - [MESSAGE][PASSED] - Object: 'Object Repository/Final Object Repo/New Registration - Registration Module Pages/Form 1/Registered As a Branch - Yes' is clicked on

2018-12-12 18:58:24 - [TEST_STEP][PASSED] - delay: Delayed 2 second(s)

2018-12-12 18:58:26 - [MESSAGE][PASSED] - Delayed 2 second(s)

2018-12-12 18:58:26 - [TEST_STEP][PASSED] - click: Object: 'Object Repository/Final Object Repo/New Registration - Registration Module Pages/New Reg - OTC to RO/Special Case - All Related Objects/Form 1 Save n Continue' is clicked on

2018-12-12 18:58:27 - [MESSAGE][PASSED] - Object: 'Object Repository/Final Object Repo/New Registration - Registration Module Pages/New Reg - OTC to RO/Special Case - All Related Objects/Form 1 Save n Continue' is clicked on

2018-12-12 18:58:27 - [TEST_STEP][PASSED] - delay: Delayed 2 second(s)

2018-12-12 18:58:29 - [MESSAGE][PASSED] - Delayed 2 second(s)

2018-12-12 18:58:29 - [TEST_STEP][PASSED] - click: Object: 'Object Repository/Final Object Repo/New Registration - Registration Module Pages/New Reg - OTC to RO/Special Case - All Related Objects/Form 2 Save n Continue' is clicked on

2018-12-12 18:58:29 - [MESSAGE][PASSED] - Object: 'Object Repository/Final Object Repo/New Registration - Registration Module Pages/New Reg - OTC to RO/Special Case - All Related Objects/Form 2 Save n Continue' is clicked on

2018-12-12 18:58:29 - [TEST_STEP][PASSED] - delay: Delayed 2 second(s)

2018-12-12 18:58:31 - [MESSAGE][PASSED] - Delayed 2 second(s)

2018-12-12 18:58:31 - [TEST_STEP][PASSED] - click: Object: 'Object Repository/Final Object Repo/New Registration - Registration Module Pages/New Reg - OTC to RO/Special Case - All Related Objects/Third Screen Save n Continue' is clicked on

2018-12-12 18:58:36 - [MESSAGE][PASSED] - Object: 'Object Repository/Final Object Repo/New Registration - Registration Module Pages/New Reg - OTC to RO/Special Case - All Related Objects/Third Screen Save n Continue' is clicked on

2018-12-12 18:58:36 - [TEST_STEP][PASSED] - delay: Delayed 5 second(s)

2018-12-12 18:58:41 - [MESSAGE][PASSED] - Delayed 5 second(s)

2018-12-12 18:58:41 - [TEST_STEP][PASSED] - click: Object: 'Object Repository/Final Object Repo/New Registration - Registration Module Pages/New Reg - OTC to RO/Special Case - All Related Objects/Upload Doc Page Save n Continue' is clicked on

2018-12-12 18:58:41 - [MESSAGE][PASSED] - Object: 'Object Repository/Final Object Repo/New Registration - Registration Module Pages/New Reg - OTC to RO/Special Case - All Related Objects/Upload Doc Page Save n Continue' is clicked on

2018-12-12 18:58:41 - [TEST_STEP][PASSED] - delay: Delayed 5 second(s)

2018-12-12 18:58:46 - [MESSAGE][PASSED] - Delayed 5 second(s)

2018-12-12 18:58:46 - [TEST_STEP][PASSED] - callTestCase: Call Test Case 'Test Cases/Final Aug 2018 - PKS Automation/Registration Module/New Registration/Submit and Screenshot/Submit Registration and Screenshot' successfully

2018-12-12 18:58:46 - [TEST_CASE][PASSED] - Test Cases/Final Aug 2018 - PKS Automation/Registration Module/New Registration/Submit and Screenshot/Submit Registration and Screenshot: Test Cases/Final Aug 2018 - PKS Automation/Registration Module/New Registration/Submit and Screenshot/Submit Registration and Screenshot

2018-12-12 18:58:46 - [TEST_STEP][PASSED] - delay: Delayed 6 second(s)

2018-12-12 18:58:52 - [MESSAGE][PASSED] - Delayed 6 second(s)

2018-12-12 18:58:52 - [TEST_STEP][PASSED] - click: Object: 'Object Repository/Final Object Repo/New Registration - Registration Module Pages/Third Screen - Upload Supporting Doc- Preview/Preview Submit Button' is clicked on

2018-12-12 18:58:53 - [MESSAGE][PASSED] - Object: 'Object Repository/Final Object Repo/New Registration - Registration Module Pages/Third Screen - Upload Supporting Doc- Preview/Preview Submit Button' is clicked on

2018-12-12 18:58:53 - [TEST_STEP][PASSED] - delay: Delayed 2 second(s)

2018-12-12 18:58:55 - [MESSAGE][PASSED] - Delayed 2 second(s)

2018-12-12 18:58:55 - [TEST_STEP][PASSED] - click: Object: 'Object Repository/Final Object Repo/New Registration - Registration Module Pages/Third Screen - Upload Supporting Doc- Preview/Preview Submit - Confirm' is clicked on

2018-12-12 18:58:55 - [MESSAGE][PASSED] - Object: 'Object Repository/Final Object Repo/New Registration - Registration Module Pages/Third Screen - Upload Supporting Doc- Preview/Preview Submit - Confirm' is clicked on

2018-12-12 18:58:55 - [TEST_STEP][PASSED] - delay: Delayed 15 second(s)

2018-12-12 18:59:10 - [MESSAGE][PASSED] - Delayed 15 second(s)

2018-12-12 18:59:10 - [TEST_STEP][PASSED] - Statement - driver = com.kms.katalon.core.webui.driver.DriverFactory.getWebDriver(): null

2018-12-12 18:59:10 - [TEST_STEP][PASSED] - Statement - driver.manage().timeouts().implicitlyWait(10, SECONDS): null

2018-12-12 18:59:10 - [TEST_STEP][PASSED] - Statement - PresavePath = KatalonScreenshots: null

2018-12-12 18:59:10 - [TEST_STEP][PASSED] - Statement - pathPrefix = "C:\Users\Public\Pictures\Sample Pictures\Katalon Screenshots\Automate Ending Screen": null

2018-12-12 18:59:10 - [TEST_STEP][PASSED] - Statement - finalPath = <not implemented yet for class: org.codehaus.groovy.ast.expr.EmptyExpression>: null

2018-12-12 18:59:10 - [TEST_STEP][PASSED] - Statement - scrFile = driver.getScreenshotAs(FILE): null

2018-12-12 18:59:10 - [TEST_STEP][PASSED] - Statement - PreSaveFile = new java.io.File(PresavePath): null

2018-12-12 18:59:10 - [TEST_STEP][PASSED] - Statement - counter = 0: null

2018-12-12 18:59:10 - [TEST_STEP][PASSED] - Statement - If (PreSaveFile.exists()): null

2018-12-12 18:59:10 - [TEST_STEP][PASSED] - Statement - While (PreSaveFile.exists()): null

2018-12-12 18:59:10 - [TEST_STEP][PASSED] - Statement - counter = counter + 1: null

2018-12-12 18:59:10 - [TEST_STEP][PASSED] - Statement - PreSaveFile = new java.io.File(((pathPrefix + java.lang.Integer.toString(counter)) + .png)): null

2018-12-12 18:59:10 - [TEST_STEP][PASSED] - Statement - counter = counter + 1: null

2018-12-12 18:59:10 - [TEST_STEP][PASSED] - Statement - PreSaveFile = new java.io.File(((pathPrefix + java.lang.Integer.toString(counter)) + .png)): null

2018-12-12 18:59:10 - [TEST_STEP][PASSED] - Statement - counter = counter + 1: null

2018-12-12 18:59:10 - [TEST_STEP][PASSED] - Statement - PreSaveFile = new java.io.File(((pathPrefix + java.lang.Integer.toString(counter)) + .png)): null

2018-12-12 18:59:10 - [TEST_STEP][PASSED] - Statement - counter = counter + 1: null

2018-12-12 18:59:10 - [TEST_STEP][PASSED] - Statement - PreSaveFile = new java.io.File(((pathPrefix + java.lang.Integer.toString(counter)) + .png)): null

2018-12-12 18:59:10 - [TEST_STEP][PASSED] - Statement - counter = counter + 1: null

2018-12-12 18:59:10 - [TEST_STEP][PASSED] - Statement - PreSaveFile = new java.io.File(((pathPrefix + java.lang.Integer.toString(counter)) + .png)): null

2018-12-12 18:59:10 - [TEST_STEP][PASSED] - Statement - counter = counter + 1: null

2018-12-12 18:59:10 - [TEST_STEP][PASSED] - Statement - PreSaveFile = new java.io.File(((pathPrefix + java.lang.Integer.toString(counter)) + .png)): null

2018-12-12 18:59:10 - [TEST_STEP][PASSED] - Statement - counter = counter + 1: null

2018-12-12 18:59:10 - [TEST_STEP][PASSED] - Statement - PreSaveFile = new java.io.File(((pathPrefix + java.lang.Integer.toString(counter)) + .png)): null

2018-12-12 18:59:10 - [TEST_STEP][PASSED] - Statement - counter = counter + 1: null

2018-12-12 18:59:10 - [TEST_STEP][PASSED] - Statement - PreSaveFile = new java.io.File(((pathPrefix + java.lang.Integer.toString(counter)) + .png)): null

2018-12-12 18:59:10 - [TEST_STEP][PASSED] - Statement - counter = counter + 1: null

2018-12-12 18:59:10 - [TEST_STEP][PASSED] - Statement - PreSaveFile = new java.io.File(((pathPrefix + java.lang.Integer.toString(counter)) + .png)): null

2018-12-12 18:59:10 - [TEST_STEP][PASSED] - Statement - counter = counter + 1: null

2018-12-12 18:59:10 - [TEST_STEP][PASSED] - Statement - PreSaveFile = new java.io.File(((pathPrefix + java.lang.Integer.toString(counter)) + .png)): null

2018-12-12 18:59:10 - [TEST_STEP][PASSED] - Statement - counter = counter + 1: null

2018-12-12 18:59:10 - [TEST_STEP][PASSED] - Statement - PreSaveFile = new java.io.File(((pathPrefix + java.lang.Integer.toString(counter)) + .png)): null

2018-12-12 18:59:10 - [TEST_STEP][PASSED] - Statement - counter = counter + 1: null

2018-12-12 18:59:10 - [TEST_STEP][PASSED] - Statement - PreSaveFile = new java.io.File(((pathPrefix + java.lang.Integer.toString(counter)) + .png)): null

2018-12-12 18:59:10 - [TEST_STEP][PASSED] - Statement - counter = counter + 1: null

2018-12-12 18:59:10 - [TEST_STEP][PASSED] - Statement - PreSaveFile = new java.io.File(((pathPrefix + java.lang.Integer.toString(counter)) + .png)): null

2018-12-12 18:59:10 - [TEST_STEP][PASSED] - Statement - counter = counter + 1: null

2018-12-12 18:59:10 - [TEST_STEP][PASSED] - Statement - PreSaveFile = new java.io.File(((pathPrefix + java.lang.Integer.toString(counter)) + .png)): null

2018-12-12 18:59:10 - [TEST_STEP][PASSED] - Statement - counter = counter + 1: null

2018-12-12 18:59:10 - [TEST_STEP][PASSED] - Statement - PreSaveFile = new java.io.File(((pathPrefix + java.lang.Integer.toString(counter)) + .png)): null

2018-12-12 18:59:10 - [TEST_STEP][PASSED] - Statement - counter = counter + 1: null

2018-12-12 18:59:10 - [TEST_STEP][PASSED] - Statement - PreSaveFile = new java.io.File(((pathPrefix + java.lang.Integer.toString(counter)) + .png)): null

2018-12-12 18:59:10 - [TEST_STEP][PASSED] - Statement - counter = counter + 1: null

2018-12-12 18:59:10 - [TEST_STEP][PASSED] - Statement - PreSaveFile = new java.io.File(((pathPrefix + java.lang.Integer.toString(counter)) + .png)): null

2018-12-12 18:59:10 - [TEST_STEP][PASSED] - Statement - counter = counter + 1: null

2018-12-12 18:59:10 - [TEST_STEP][PASSED] - Statement - PreSaveFile = new java.io.File(((pathPrefix + java.lang.Integer.toString(counter)) + .png)): null

2018-12-12 18:59:10 - [TEST_STEP][PASSED] - Statement - counter = counter + 1: null

2018-12-12 18:59:10 - [TEST_STEP][PASSED] - Statement - PreSaveFile = new java.io.File(((pathPrefix + java.lang.Integer.toString(counter)) + .png)): null

2018-12-12 18:59:10 - [TEST_STEP][PASSED] - Statement - counter = counter + 1: null

2018-12-12 18:59:10 - [TEST_STEP][PASSED] - Statement - PreSaveFile = new java.io.File(((pathPrefix + java.lang.Integer.toString(counter)) + .png)): null

2018-12-12 18:59:10 - [TEST_STEP][PASSED] - Statement - counter = counter + 1: null

2018-12-12 18:59:10 - [TEST_STEP][PASSED] - Statement - PreSaveFile = new java.io.File(((pathPrefix + java.lang.Integer.toString(counter)) + .png)): null

2018-12-12 18:59:10 - [TEST_STEP][PASSED] - Statement - counter = counter + 1: null

2018-12-12 18:59:10 - [TEST_STEP][PASSED] - Statement - PreSaveFile = new java.io.File(((pathPrefix + java.lang.Integer.toString(counter)) + .png)): null

2018-12-12 18:59:10 - [TEST_STEP][PASSED] - Statement - counter = counter + 1: null

2018-12-12 18:59:10 - [TEST_STEP][PASSED] - Statement - PreSaveFile = new java.io.File(((pathPrefix + java.lang.Integer.toString(counter)) + .png)): null

2018-12-12 18:59:10 - [TEST_STEP][PASSED] - Statement - counter = counter + 1: null

2018-12-12 18:59:10 - [TEST_STEP][PASSED] - Statement - PreSaveFile = new java.io.File(((pathPrefix + java.lang.Integer.toString(counter)) + .png)): null

2018-12-12 18:59:10 - [TEST_STEP][PASSED] - Statement - counter = counter + 1: null

2018-12-12 18:59:10 - [TEST_STEP][PASSED] - Statement - PreSaveFile = new java.io.File(((pathPrefix + java.lang.Integer.toString(counter)) + .png)): null

2018-12-12 18:59:10 - [TEST_STEP][PASSED] - Statement - counter = counter + 1: null

2018-12-12 18:59:10 - [TEST_STEP][PASSED] - Statement - PreSaveFile = new java.io.File(((pathPrefix + java.lang.Integer.toString(counter)) + .png)): null

2018-12-12 18:59:10 - [TEST_STEP][PASSED] - Statement - counter = counter + 1: null

2018-12-12 18:59:10 - [TEST_STEP][PASSED] - Statement - PreSaveFile = new java.io.File(((pathPrefix + java.lang.Integer.toString(counter)) + .png)): null

2018-12-12 18:59:10 - [TEST_STEP][PASSED] - Statement - counter = counter + 1: null

2018-12-12 18:59:10 - [TEST_STEP][PASSED] - Statement - PreSaveFile = new java.io.File(((pathPrefix + java.lang.Integer.toString(counter)) + .png)): null

2018-12-12 18:59:10 - [TEST_STEP][PASSED] - Statement - counter = counter + 1: null

2018-12-12 18:59:10 - [TEST_STEP][PASSED] - Statement - PreSaveFile = new java.io.File(((pathPrefix + java.lang.Integer.toString(counter)) + .png)): null

2018-12-12 18:59:10 - [TEST_STEP][PASSED] - Statement - counter = counter + 1: null

2018-12-12 18:59:10 - [TEST_STEP][PASSED] - Statement - PreSaveFile = new java.io.File(((pathPrefix + java.lang.Integer.toString(counter)) + .png)): null

2018-12-12 18:59:10 - [TEST_STEP][PASSED] - Statement - counter = counter + 1: null

2018-12-12 18:59:10 - [TEST_STEP][PASSED] - Statement - PreSaveFile = new java.io.File(((pathPrefix + java.lang.Integer.toString(counter)) + .png)): null

2018-12-12 18:59:10 - [TEST_STEP][PASSED] - Statement - counter = counter + 1: null

2018-12-12 18:59:10 - [TEST_STEP][PASSED] - Statement - PreSaveFile = new java.io.File(((pathPrefix + java.lang.Integer.toString(counter)) + .png)): null

2018-12-12 18:59:10 - [TEST_STEP][PASSED] - Statement - counter = counter + 1: null

2018-12-12 18:59:10 - [TEST_STEP][PASSED] - Statement - PreSaveFile = new java.io.File(((pathPrefix + java.lang.Integer.toString(counter)) + .png)): null

2018-12-12 18:59:10 - [TEST_STEP][PASSED] - Statement - counter = counter + 1: null

2018-12-12 18:59:10 - [TEST_STEP][PASSED] - Statement - PreSaveFile = new java.io.File(((pathPrefix + java.lang.Integer.toString(counter)) + .png)): null

2018-12-12 18:59:10 - [TEST_STEP][PASSED] - Statement - counter = counter + 1: null

2018-12-12 18:59:10 - [TEST_STEP][PASSED] - Statement - PreSaveFile = new java.io.File(((pathPrefix + java.lang.Integer.toString(counter)) + .png)): null

2018-12-12 18:59:10 - [TEST_STEP][PASSED] - Statement - counter = counter + 1: null

2018-12-12 18:59:10 - [TEST_STEP][PASSED] - Statement - PreSaveFile = new java.io.File(((pathPrefix + java.lang.Integer.toString(counter)) + .png)): null

2018-12-12 18:59:10 - [TEST_STEP][PASSED] - Statement - counter = counter + 1: null

2018-12-12 18:59:10 - [TEST_STEP][PASSED] - Statement - PreSaveFile = new java.io.File(((pathPrefix + java.lang.Integer.toString(counter)) + .png)): null

2018-12-12 18:59:10 - [TEST_STEP][PASSED] - Statement - counter = counter + 1: null

2018-12-12 18:59:10 - [TEST_STEP][PASSED] - Statement - PreSaveFile = new java.io.File(((pathPrefix + java.lang.Integer.toString(counter)) + .png)): null

2018-12-12 18:59:10 - [TEST_STEP][PASSED] - Statement - counter = counter + 1: null

2018-12-12 18:59:10 - [TEST_STEP][PASSED] - Statement - PreSaveFile = new java.io.File(((pathPrefix + java.lang.Integer.toString(counter)) + .png)): null

2018-12-12 18:59:10 - [TEST_STEP][PASSED] - Statement - counter = counter + 1: null

2018-12-12 18:59:10 - [TEST_STEP][PASSED] - Statement - PreSaveFile = new java.io.File(((pathPrefix + java.lang.Integer.toString(counter)) + .png)): null

2018-12-12 18:59:10 - [TEST_STEP][PASSED] - Statement - counter = counter + 1: null

2018-12-12 18:59:10 - [TEST_STEP][PASSED] - Statement - PreSaveFile = new java.io.File(((pathPrefix + java.lang.Integer.toString(counter)) + .png)): null

2018-12-12 18:59:10 - [TEST_STEP][PASSED] - Statement - counter = counter + 1: null

2018-12-12 18:59:10 - [TEST_STEP][PASSED] - Statement - PreSaveFile = new java.io.File(((pathPrefix + java.lang.Integer.toString(counter)) + .png)): null

2018-12-12 18:59:10 - [TEST_STEP][PASSED] - Statement - counter = counter + 1: null

2018-12-12 18:59:10 - [TEST_STEP][PASSED] - Statement - PreSaveFile = new java.io.File(((pathPrefix + java.lang.Integer.toString(counter)) + .png)): null

2018-12-12 18:59:10 - [TEST_STEP][PASSED] - Statement - counter = counter + 1: null

2018-12-12 18:59:10 - [TEST_STEP][PASSED] - Statement - PreSaveFile = new java.io.File(((pathPrefix + java.lang.Integer.toString(counter)) + .png)): null

2018-12-12 18:59:10 - [TEST_STEP][PASSED] - Statement - counter = counter + 1: null

2018-12-12 18:59:10 - [TEST_STEP][PASSED] - Statement - PreSaveFile = new java.io.File(((pathPrefix + java.lang.Integer.toString(counter)) + .png)): null

2018-12-12 18:59:10 - [TEST_STEP][PASSED] - Statement - counter = counter + 1: null

2018-12-12 18:59:10 - [TEST_STEP][PASSED] - Statement - PreSaveFile = new java.io.File(((pathPrefix + java.lang.Integer.toString(counter)) + .png)): null

2018-12-12 18:59:10 - [TEST_STEP][PASSED] - Statement - counter = counter + 1: null

2018-12-12 18:59:10 - [TEST_STEP][PASSED] - Statement - PreSaveFile = new java.io.File(((pathPrefix + java.lang.Integer.toString(counter)) + .png)): null

2018-12-12 18:59:10 - [TEST_STEP][PASSED] - Statement - counter = counter + 1: null

2018-12-12 18:59:10 - [TEST_STEP][PASSED] - Statement - PreSaveFile = new java.io.File(((pathPrefix + java.lang.Integer.toString(counter)) + .png)): null

2018-12-12 18:59:10 - [TEST_STEP][PASSED] - Statement - counter = counter + 1: null

2018-12-12 18:59:10 - [TEST_STEP][PASSED] - Statement - PreSaveFile = new java.io.File(((pathPrefix + java.lang.Integer.toString(counter)) + .png)): null

2018-12-12 18:59:10 - [TEST_STEP][PASSED] - Statement - counter = counter + 1: null

2018-12-12 18:59:10 - [TEST_STEP][PASSED] - Statement - PreSaveFile = new java.io.File(((pathPrefix + java.lang.Integer.toString(counter)) + .png)): null

2018-12-12 18:59:10 - [TEST_STEP][PASSED] - Statement - counter = counter + 1: null

2018-12-12 18:59:10 - [TEST_STEP][PASSED] - Statement - PreSaveFile = new java.io.File(((pathPrefix + java.lang.Integer.toString(counter)) + .png)): null

2018-12-12 18:59:10 - [TEST_STEP][PASSED] - Statement - counter = counter + 1: null

2018-12-12 18:59:10 - [TEST_STEP][PASSED] - Statement - PreSaveFile = new java.io.File(((pathPrefix + java.lang.Integer.toString(counter)) + .png)): null

2018-12-12 18:59:10 - [TEST_STEP][PASSED] - Statement - counter = counter + 1: null

2018-12-12 18:59:10 - [TEST_STEP][PASSED] - Statement - PreSaveFile = new java.io.File(((pathPrefix + java.lang.Integer.toString(counter)) + .png)): null

2018-12-12 18:59:10 - [TEST_STEP][PASSED] - Statement - counter = counter + 1: null

2018-12-12 18:59:10 - [TEST_STEP][PASSED] - Statement - PreSaveFile = new java.io.File(((pathPrefix + java.lang.Integer.toString(counter)) + .png)): null

2018-12-12 18:59:10 - [TEST_STEP][PASSED] - Statement - counter = counter + 1: null

2018-12-12 18:59:10 - [TEST_STEP][PASSED] - Statement - PreSaveFile = new java.io.File(((pathPrefix + java.lang.Integer.toString(counter)) + .png)): null

2018-12-12 18:59:10 - [TEST_STEP][PASSED] - Statement - counter = counter + 1: null

2018-12-12 18:59:10 - [TEST_STEP][PASSED] - Statement - PreSaveFile = new java.io.File(((pathPrefix + java.lang.Integer.toString(counter)) + .png)): null

2018-12-12 18:59:10 - [TEST_STEP][PASSED] - Statement - counter = counter + 1: null

2018-12-12 18:59:10 - [TEST_STEP][PASSED] - Statement - PreSaveFile = new java.io.File(((pathPrefix + java.lang.Integer.toString(counter)) + .png)): null

2018-12-12 18:59:10 - [TEST_STEP][PASSED] - Statement - counter = counter + 1: null

2018-12-12 18:59:10 - [TEST_STEP][PASSED] - Statement - PreSaveFile = new java.io.File(((pathPrefix + java.lang.Integer.toString(counter)) + .png)): null

2018-12-12 18:59:10 - [TEST_STEP][PASSED] - Statement - counter = counter + 1: null

2018-12-12 18:59:10 - [TEST_STEP][PASSED] - Statement - PreSaveFile = new java.io.File(((pathPrefix + java.lang.Integer.toString(counter)) + .png)): null

2018-12-12 18:59:10 - [TEST_STEP][PASSED] - Statement - counter = counter + 1: null

2018-12-12 18:59:10 - [TEST_STEP][PASSED] - Statement - PreSaveFile = new java.io.File(((pathPrefix + java.lang.Integer.toString(counter)) + .png)): null

2018-12-12 18:59:10 - [TEST_STEP][PASSED] - Statement - counter = counter + 1: null

2018-12-12 18:59:10 - [TEST_STEP][PASSED] - Statement - PreSaveFile = new java.io.File(((pathPrefix + java.lang.Integer.toString(counter)) + .png)): null

2018-12-12 18:59:10 - [TEST_STEP][PASSED] - Statement - counter = counter + 1: null

2018-12-12 18:59:10 - [TEST_STEP][PASSED] - Statement - PreSaveFile = new java.io.File(((pathPrefix + java.lang.Integer.toString(counter)) + .png)): null

2018-12-12 18:59:10 - [TEST_STEP][PASSED] - Statement - counter = counter + 1: null

2018-12-12 18:59:10 - [TEST_STEP][PASSED] - Statement - PreSaveFile = new java.io.File(((pathPrefix + java.lang.Integer.toString(counter)) + .png)): null

2018-12-12 18:59:10 - [TEST_STEP][PASSED] - Statement - counter = counter + 1: null

2018-12-12 18:59:10 - [TEST_STEP][PASSED] - Statement - PreSaveFile = new java.io.File(((pathPrefix + java.lang.Integer.toString(counter)) + .png)): null

2018-12-12 18:59:10 - [TEST_STEP][PASSED] - Statement - counter = counter + 1: null

2018-12-12 18:59:10 - [TEST_STEP][PASSED] - Statement - PreSaveFile = new java.io.File(((pathPrefix + java.lang.Integer.toString(counter)) + .png)): null

2018-12-12 18:59:10 - [TEST_STEP][PASSED] - Statement - counter = counter + 1: null

2018-12-12 18:59:10 - [TEST_STEP][PASSED] - Statement - PreSaveFile = new java.io.File(((pathPrefix + java.lang.Integer.toString(counter)) + .png)): null

2018-12-12 18:59:10 - [TEST_STEP][PASSED] - Statement - counter = counter + 1: null

2018-12-12 18:59:10 - [TEST_STEP][PASSED] - Statement - PreSaveFile = new java.io.File(((pathPrefix + java.lang.Integer.toString(counter)) + .png)): null

2018-12-12 18:59:10 - [TEST_STEP][PASSED] - Statement - counter = counter + 1: null

2018-12-12 18:59:10 - [TEST_STEP][PASSED] - Statement - PreSaveFile = new java.io.File(((pathPrefix + java.lang.Integer.toString(counter)) + .png)): null

2018-12-12 18:59:10 - [TEST_STEP][PASSED] - Statement - counter = counter + 1: null

2018-12-12 18:59:10 - [TEST_STEP][PASSED] - Statement - PreSaveFile = new java.io.File(((pathPrefix + java.lang.Integer.toString(counter)) + .png)): null

2018-12-12 18:59:10 - [TEST_STEP][PASSED] - Statement - counter = counter + 1: null

2018-12-12 18:59:10 - [TEST_STEP][PASSED] - Statement - PreSaveFile = new java.io.File(((pathPrefix + java.lang.Integer.toString(counter)) + .png)): null

2018-12-12 18:59:10 - [TEST_STEP][PASSED] - Statement - counter = counter + 1: null

2018-12-12 18:59:10 - [TEST_STEP][PASSED] - Statement - PreSaveFile = new java.io.File(((pathPrefix + java.lang.Integer.toString(counter)) + .png)): null

2018-12-12 18:59:10 - [TEST_STEP][PASSED] - Statement - counter = counter + 1: null

2018-12-12 18:59:10 - [TEST_STEP][PASSED] - Statement - PreSaveFile = new java.io.File(((pathPrefix + java.lang.Integer.toString(counter)) + .png)): null

2018-12-12 18:59:10 - [TEST_STEP][PASSED] - Statement - counter = counter + 1: null

2018-12-12 18:59:10 - [TEST_STEP][PASSED] - Statement - PreSaveFile = new java.io.File(((pathPrefix + java.lang.Integer.toString(counter)) + .png)): null

2018-12-12 18:59:10 - [TEST_STEP][PASSED] - Statement - counter = counter + 1: null

2018-12-12 18:59:10 - [TEST_STEP][PASSED] - Statement - PreSaveFile = new java.io.File(((pathPrefix + java.lang.Integer.toString(counter)) + .png)): null

2018-12-12 18:59:10 - [TEST_STEP][PASSED] - Statement - counter = counter + 1: null

2018-12-12 18:59:10 - [TEST_STEP][PASSED] - Statement - PreSaveFile = new java.io.File(((pathPrefix + java.lang.Integer.toString(counter)) + .png)): null

2018-12-12 18:59:10 - [TEST_STEP][PASSED] - Statement - counter = counter + 1: null

2018-12-12 18:59:10 - [TEST_STEP][PASSED] - Statement - PreSaveFile = new java.io.File(((pathPrefix + java.lang.Integer.toString(counter)) + .png)): null

2018-12-12 18:59:10 - [TEST_STEP][PASSED] - Statement - counter = counter + 1: null

2018-12-12 18:59:10 - [TEST_STEP][PASSED] - Statement - PreSaveFile = new java.io.File(((pathPrefix + java.lang.Integer.toString(counter)) + .png)): null

2018-12-12 18:59:10 - [TEST_STEP][PASSED] - Statement - counter = counter + 1: null

2018-12-12 18:59:10 - [TEST_STEP][PASSED] - Statement - PreSaveFile = new java.io.File(((pathPrefix + java.lang.Integer.toString(counter)) + .png)): null

2018-12-12 18:59:10 - [TEST_STEP][PASSED] - Statement - counter = counter + 1: null

2018-12-12 18:59:10 - [TEST_STEP][PASSED] - Statement - PreSaveFile = new java.io.File(((pathPrefix + java.lang.Integer.toString(counter)) + .png)): null

2018-12-12 18:59:10 - [TEST_STEP][PASSED] - Statement - counter = counter + 1: null

2018-12-12 18:59:10 - [TEST_STEP][PASSED] - Statement - PreSaveFile = new java.io.File(((pathPrefix + java.lang.Integer.toString(counter)) + .png)): null

2018-12-12 18:59:10 - [TEST_STEP][PASSED] - Statement - counter = counter + 1: null

2018-12-12 18:59:10 - [TEST_STEP][PASSED] - Statement - PreSaveFile = new java.io.File(((pathPrefix + java.lang.Integer.toString(counter)) + .png)): null

2018-12-12 18:59:10 - [TEST_STEP][PASSED] - Statement - counter = counter + 1: null

2018-12-12 18:59:10 - [TEST_STEP][PASSED] - Statement - PreSaveFile = new java.io.File(((pathPrefix + java.lang.Integer.toString(counter)) + .png)): null

2018-12-12 18:59:10 - [TEST_STEP][PASSED] - Statement - counter = counter + 1: null

2018-12-12 18:59:10 - [TEST_STEP][PASSED] - Statement - PreSaveFile = new java.io.File(((pathPrefix + java.lang.Integer.toString(counter)) + .png)): null

2018-12-12 18:59:10 - [TEST_STEP][PASSED] - Statement - counter = counter + 1: null

2018-12-12 18:59:10 - [TEST_STEP][PASSED] - Statement - PreSaveFile = new java.io.File(((pathPrefix + java.lang.Integer.toString(counter)) + .png)): null

2018-12-12 18:59:10 - [TEST_STEP][PASSED] - Statement - counter = counter + 1: null

2018-12-12 18:59:10 - [TEST_STEP][PASSED] - Statement - PreSaveFile = new java.io.File(((pathPrefix + java.lang.Integer.toString(counter)) + .png)): null

2018-12-12 18:59:10 - [TEST_STEP][PASSED] - Statement - counter = counter + 1: null

2018-12-12 18:59:10 - [TEST_STEP][PASSED] - Statement - PreSaveFile = new java.io.File(((pathPrefix + java.lang.Integer.toString(counter)) + .png)): null

2018-12-12 18:59:10 - [TEST_STEP][PASSED] - Statement - counter = counter + 1: null

2018-12-12 18:59:10 - [TEST_STEP][PASSED] - Statement - PreSaveFile = new java.io.File(((pathPrefix + java.lang.Integer.toString(counter)) + .png)): null

2018-12-12 18:59:10 - [TEST_STEP][PASSED] - Statement - counter = counter + 1: null

2018-12-12 18:59:10 - [TEST_STEP][PASSED] - Statement - PreSaveFile = new java.io.File(((pathPrefix + java.lang.Integer.toString(counter)) + .png)): null

2018-12-12 18:59:10 - [TEST_STEP][PASSED] - Statement - counter = counter + 1: null

2018-12-12 18:59:10 - [TEST_STEP][PASSED] - Statement - PreSaveFile = new java.io.File(((pathPrefix + java.lang.Integer.toString(counter)) + .png)): null

2018-12-12 18:59:10 - [TEST_STEP][PASSED] - Statement - counter = counter + 1: null

2018-12-12 18:59:10 - [TEST_STEP][PASSED] - Statement - PreSaveFile = new java.io.File(((pathPrefix + java.lang.Integer.toString(counter)) + .png)): null

2018-12-12 18:59:10 - [TEST_STEP][PASSED] - Statement - counter = counter + 1: null

2018-12-12 18:59:10 - [TEST_STEP][PASSED] - Statement - PreSaveFile = new java.io.File(((pathPrefix + java.lang.Integer.toString(counter)) + .png)): null

2018-12-12 18:59:10 - [TEST_STEP][PASSED] - Statement - counter = counter + 1: null

2018-12-12 18:59:10 - [TEST_STEP][PASSED] - Statement - PreSaveFile = new java.io.File(((pathPrefix + java.lang.Integer.toString(counter)) + .png)): null

2018-12-12 18:59:10 - [TEST_STEP][PASSED] - Statement - counter = counter + 1: null

2018-12-12 18:59:10 - [TEST_STEP][PASSED] - Statement - PreSaveFile = new java.io.File(((pathPrefix + java.lang.Integer.toString(counter)) + .png)): null

2018-12-12 18:59:10 - [TEST_STEP][PASSED] - Statement - counter = counter + 1: null

2018-12-12 18:59:10 - [TEST_STEP][PASSED] - Statement - PreSaveFile = new java.io.File(((pathPrefix + java.lang.Integer.toString(counter)) + .png)): null

2018-12-12 18:59:10 - [TEST_STEP][PASSED] - Statement - counter = counter + 1: null

2018-12-12 18:59:10 - [TEST_STEP][PASSED] - Statement - PreSaveFile = new java.io.File(((pathPrefix + java.lang.Integer.toString(counter)) + .png)): null

2018-12-12 18:59:10 - [TEST_STEP][PASSED] - Statement - counter = counter + 1: null

2018-12-12 18:59:10 - [TEST_STEP][PASSED] - Statement - PreSaveFile = new java.io.File(((pathPrefix + java.lang.Integer.toString(counter)) + .png)): null

2018-12-12 18:59:10 - [TEST_STEP][PASSED] - Statement - counter = counter + 1: null

2018-12-12 18:59:11 - [TEST_STEP][PASSED] - Statement - PreSaveFile = new java.io.File(((pathPrefix + java.lang.Integer.toString(counter)) + .png)): null

2018-12-12 18:59:11 - [TEST_STEP][PASSED] - Statement - counter = counter + 1: null

2018-12-12 18:59:11 - [TEST_STEP][PASSED] - Statement - PreSaveFile = new java.io.File(((pathPrefix + java.lang.Integer.toString(counter)) + .png)): null

2018-12-12 18:59:11 - [TEST_STEP][PASSED] - Statement - counter = counter + 1: null

2018-12-12 18:59:11 - [TEST_STEP][PASSED] - Statement - PreSaveFile = new java.io.File(((pathPrefix + java.lang.Integer.toString(counter)) + .png)): null

2018-12-12 18:59:11 - [TEST_STEP][PASSED] - Statement - counter = counter + 1: null

2018-12-12 18:59:11 - [TEST_STEP][PASSED] - Statement - PreSaveFile = new java.io.File(((pathPrefix + java.lang.Integer.toString(counter)) + .png)): null

2018-12-12 18:59:11 - [TEST_STEP][PASSED] - Statement - counter = counter + 1: null

2018-12-12 18:59:11 - [TEST_STEP][PASSED] - Statement - PreSaveFile = new java.io.File(((pathPrefix + java.lang.Integer.toString(counter)) + .png)): null

2018-12-12 18:59:11 - [TEST_STEP][PASSED] - Statement - counter = counter + 1: null

2018-12-12 18:59:11 - [TEST_STEP][PASSED] - Statement - PreSaveFile = new java.io.File(((pathPrefix + java.lang.Integer.toString(counter)) + .png)): null

2018-12-12 18:59:11 - [TEST_STEP][PASSED] - Statement - counter = counter + 1: null

2018-12-12 18:59:11 - [TEST_STEP][PASSED] - Statement - PreSaveFile = new java.io.File(((pathPrefix + java.lang.Integer.toString(counter)) + .png)): null

2018-12-12 18:59:11 - [TEST_STEP][PASSED] - Statement - counter = counter + 1: null

2018-12-12 18:59:11 - [TEST_STEP][PASSED] - Statement - PreSaveFile = new java.io.File(((pathPrefix + java.lang.Integer.toString(counter)) + .png)): null

2018-12-12 18:59:11 - [TEST_STEP][PASSED] - Statement - counter = counter + 1: null

2018-12-12 18:59:11 - [TEST_STEP][PASSED] - Statement - PreSaveFile = new java.io.File(((pathPrefix + java.lang.Integer.toString(counter)) + .png)): null

2018-12-12 18:59:11 - [TEST_STEP][PASSED] - Statement - counter = counter + 1: null

2018-12-12 18:59:11 - [TEST_STEP][PASSED] - Statement - PreSaveFile = new java.io.File(((pathPrefix + java.lang.Integer.toString(counter)) + .png)): null

2018-12-12 18:59:11 - [TEST_STEP][PASSED] - Statement - counter = counter + 1: null

2018-12-12 18:59:11 - [TEST_STEP][PASSED] - Statement - PreSaveFile = new java.io.File(((pathPrefix + java.lang.Integer.toString(counter)) + .png)): null

2018-12-12 18:59:11 - [TEST_STEP][PASSED] - Statement - counter = counter + 1: null

2018-12-12 18:59:11 - [TEST_STEP][PASSED] - Statement - PreSaveFile = new java.io.File(((pathPrefix + java.lang.Integer.toString(counter)) + .png)): null

2018-12-12 18:59:11 - [TEST_STEP][PASSED] - Statement - counter = counter + 1: null

2018-12-12 18:59:11 - [TEST_STEP][PASSED] - Statement - PreSaveFile = new java.io.File(((pathPrefix + java.lang.Integer.toString(counter)) + .png)): null

2018-12-12 18:59:11 - [TEST_STEP][PASSED] - Statement - counter = counter + 1: null

2018-12-12 18:59:11 - [TEST_STEP][PASSED] - Statement - PreSaveFile = new java.io.File(((pathPrefix + java.lang.Integer.toString(counter)) + .png)): null

2018-12-12 18:59:11 - [TEST_STEP][PASSED] - Statement - counter = counter + 1: null

2018-12-12 18:59:11 - [TEST_STEP][PASSED] - Statement - PreSaveFile = new java.io.File(((pathPrefix + java.lang.Integer.toString(counter)) + .png)): null

2018-12-12 18:59:11 - [TEST_STEP][PASSED] - Statement - counter = counter + 1: null

2018-12-12 18:59:11 - [TEST_STEP][PASSED] - Statement - PreSaveFile = new java.io.File(((pathPrefix + java.lang.Integer.toString(counter)) + .png)): null

2018-12-12 18:59:11 - [TEST_STEP][PASSED] - Statement - counter = counter + 1: null

2018-12-12 18:59:11 - [TEST_STEP][PASSED] - Statement - PreSaveFile = new java.io.File(((pathPrefix + java.lang.Integer.toString(counter)) + .png)): null

2018-12-12 18:59:11 - [TEST_STEP][PASSED] - Statement - counter = counter + 1: null

2018-12-12 18:59:11 - [TEST_STEP][PASSED] - Statement - PreSaveFile = new java.io.File(((pathPrefix + java.lang.Integer.toString(counter)) + .png)): null

2018-12-12 18:59:11 - [TEST_STEP][PASSED] - Statement - counter = counter + 1: null

2018-12-12 18:59:11 - [TEST_STEP][PASSED] - Statement - PreSaveFile = new java.io.File(((pathPrefix + java.lang.Integer.toString(counter)) + .png)): null

2018-12-12 18:59:11 - [TEST_STEP][PASSED] - Statement - counter = counter + 1: null

2018-12-12 18:59:11 - [TEST_STEP][PASSED] - Statement - PreSaveFile = new java.io.File(((pathPrefix + java.lang.Integer.toString(counter)) + .png)): null

2018-12-12 18:59:11 - [TEST_STEP][PASSED] - Statement - counter = counter + 1: null

2018-12-12 18:59:11 - [TEST_STEP][PASSED] - Statement - PreSaveFile = new java.io.File(((pathPrefix + java.lang.Integer.toString(counter)) + .png)): null

2018-12-12 18:59:11 - [TEST_STEP][PASSED] - Statement - counter = counter + 1: null

2018-12-12 18:59:11 - [TEST_STEP][PASSED] - Statement - PreSaveFile = new java.io.File(((pathPrefix + java.lang.Integer.toString(counter)) + .png)): null

2018-12-12 18:59:11 - [TEST_STEP][PASSED] - Statement - counter = counter + 1: null

2018-12-12 18:59:11 - [TEST_STEP][PASSED] - Statement - PreSaveFile = new java.io.File(((pathPrefix + java.lang.Integer.toString(counter)) + .png)): null

2018-12-12 18:59:11 - [TEST_STEP][PASSED] - Statement - counter = counter + 1: null

2018-12-12 18:59:11 - [TEST_STEP][PASSED] - Statement - PreSaveFile = new java.io.File(((pathPrefix + java.lang.Integer.toString(counter)) + .png)): null

2018-12-12 18:59:11 - [TEST_STEP][PASSED] - Statement - counter = counter + 1: null

2018-12-12 18:59:11 - [TEST_STEP][PASSED] - Statement - PreSaveFile = new java.io.File(((pathPrefix + java.lang.Integer.toString(counter)) + .png)): null

2018-12-12 18:59:11 - [TEST_STEP][PASSED] - Statement - counter = counter + 1: null

2018-12-12 18:59:11 - [TEST_STEP][PASSED] - Statement - PreSaveFile = new java.io.File(((pathPrefix + java.lang.Integer.toString(counter)) + .png)): null

2018-12-12 18:59:11 - [TEST_STEP][PASSED] - Statement - counter = counter + 1: null

2018-12-12 18:59:11 - [TEST_STEP][PASSED] - Statement - PreSaveFile = new java.io.File(((pathPrefix + java.lang.Integer.toString(counter)) + .png)): null

2018-12-12 18:59:11 - [TEST_STEP][PASSED] - Statement - counter = counter + 1: null

2018-12-12 18:59:11 - [TEST_STEP][PASSED] - Statement - PreSaveFile = new java.io.File(((pathPrefix + java.lang.Integer.toString(counter)) + .png)): null

2018-12-12 18:59:11 - [TEST_STEP][PASSED] - Statement - counter = counter + 1: null

2018-12-12 18:59:11 - [TEST_STEP][PASSED] - Statement - PreSaveFile = new java.io.File(((pathPrefix + java.lang.Integer.toString(counter)) + .png)): null

2018-12-12 18:59:11 - [TEST_STEP][PASSED] - Statement - counter = counter + 1: null

2018-12-12 18:59:11 - [TEST_STEP][PASSED] - Statement - PreSaveFile = new java.io.File(((pathPrefix + java.lang.Integer.toString(counter)) + .png)): null

2018-12-12 18:59:11 - [TEST_STEP][PASSED] - Statement - counter = counter + 1: null

2018-12-12 18:59:11 - [TEST_STEP][PASSED] - Statement - PreSaveFile = new java.io.File(((pathPrefix + java.lang.Integer.toString(counter)) + .png)): null

2018-12-12 18:59:11 - [TEST_STEP][PASSED] - Statement - counter = counter + 1: null

2018-12-12 18:59:11 - [TEST_STEP][PASSED] - Statement - PreSaveFile = new java.io.File(((pathPrefix + java.lang.Integer.toString(counter)) + .png)): null

2018-12-12 18:59:11 - [TEST_STEP][PASSED] - Statement - counter = counter + 1: null

2018-12-12 18:59:11 - [TEST_STEP][PASSED] - Statement - PreSaveFile = new java.io.File(((pathPrefix + java.lang.Integer.toString(counter)) + .png)): null

2018-12-12 18:59:11 - [TEST_STEP][PASSED] - Statement - counter = counter + 1: null

2018-12-12 18:59:11 - [TEST_STEP][PASSED] - Statement - PreSaveFile = new java.io.File(((pathPrefix + java.lang.Integer.toString(counter)) + .png)): null

2018-12-12 18:59:11 - [TEST_STEP][PASSED] - Statement - counter = counter + 1: null

2018-12-12 18:59:11 - [TEST_STEP][PASSED] - Statement - PreSaveFile = new java.io.File(((pathPrefix + java.lang.Integer.toString(counter)) + .png)): null

2018-12-12 18:59:11 - [TEST_STEP][PASSED] - Statement - counter = counter + 1: null

2018-12-12 18:59:11 - [TEST_STEP][PASSED] - Statement - PreSaveFile = new java.io.File(((pathPrefix + java.lang.Integer.toString(counter)) + .png)): null

2018-12-12 18:59:11 - [TEST_STEP][PASSED] - Statement - counter = counter + 1: null

2018-12-12 18:59:11 - [TEST_STEP][PASSED] - Statement - PreSaveFile = new java.io.File(((pathPrefix + java.lang.Integer.toString(counter)) + .png)): null

2018-12-12 18:59:11 - [TEST_STEP][PASSED] - Statement - counter = counter + 1: null

2018-12-12 18:59:11 - [TEST_STEP][PASSED] - Statement - PreSaveFile = new java.io.File(((pathPrefix + java.lang.Integer.toString(counter)) + .png)): null

2018-12-12 18:59:11 - [TEST_STEP][PASSED] - Statement - counter = counter + 1: null

2018-12-12 18:59:11 - [TEST_STEP][PASSED] - Statement - PreSaveFile = new java.io.File(((pathPrefix + java.lang.Integer.toString(counter)) + .png)): null

2018-12-12 18:59:11 - [TEST_STEP][PASSED] - Statement - counter = counter + 1: null

2018-12-12 18:59:11 - [TEST_STEP][PASSED] - Statement - PreSaveFile = new java.io.File(((pathPrefix + java.lang.Integer.toString(counter)) + .png)): null

2018-12-12 18:59:11 - [TEST_STEP][PASSED] - Statement - counter = counter + 1: null

2018-12-12 18:59:11 - [TEST_STEP][PASSED] - Statement - PreSaveFile = new java.io.File(((pathPrefix + java.lang.Integer.toString(counter)) + .png)): null

2018-12-12 18:59:11 - [TEST_STEP][PASSED] - Statement - counter = counter + 1: null

2018-12-12 18:59:11 - [TEST_STEP][PASSED] - Statement - PreSaveFile = new java.io.File(((pathPrefix + java.lang.Integer.toString(counter)) + .png)): null

2018-12-12 18:59:11 - [TEST_STEP][PASSED] - Statement - counter = counter + 1: null

2018-12-12 18:59:11 - [TEST_STEP][PASSED] - Statement - PreSaveFile = new java.io.File(((pathPrefix + java.lang.Integer.toString(counter)) + .png)): null

2018-12-12 18:59:11 - [TEST_STEP][PASSED] - Statement - counter = counter + 1: null

2018-12-12 18:59:11 - [TEST_STEP][PASSED] - Statement - PreSaveFile = new java.io.File(((pathPrefix + java.lang.Integer.toString(counter)) + .png)): null

2018-12-12 18:59:11 - [TEST_STEP][PASSED] - Statement - counter = counter + 1: null

2018-12-12 18:59:11 - [TEST_STEP][PASSED] - Statement - PreSaveFile = new java.io.File(((pathPrefix + java.lang.Integer.toString(counter)) + .png)): null

2018-12-12 18:59:11 - [TEST_STEP][PASSED] - Statement - counter = counter + 1: null

2018-12-12 18:59:11 - [TEST_STEP][PASSED] - Statement - PreSaveFile = new java.io.File(((pathPrefix + java.lang.Integer.toString(counter)) + .png)): null

2018-12-12 18:59:11 - [TEST_STEP][PASSED] - Statement - counter = counter + 1: null

2018-12-12 18:59:11 - [TEST_STEP][PASSED] - Statement - PreSaveFile = new java.io.File(((pathPrefix + java.lang.Integer.toString(counter)) + .png)): null

2018-12-12 18:59:11 - [TEST_STEP][PASSED] - Statement - counter = counter + 1: null

2018-12-12 18:59:11 - [TEST_STEP][PASSED] - Statement - PreSaveFile = new java.io.File(((pathPrefix + java.lang.Integer.toString(counter)) + .png)): null

2018-12-12 18:59:11 - [TEST_STEP][PASSED] - Statement - counter = counter + 1: null

2018-12-12 18:59:11 - [TEST_STEP][PASSED] - Statement - PreSaveFile = new java.io.File(((pathPrefix + java.lang.Integer.toString(counter)) + .png)): null

2018-12-12 18:59:11 - [TEST_STEP][PASSED] - Statement - counter = counter + 1: null

2018-12-12 18:59:11 - [TEST_STEP][PASSED] - Statement - PreSaveFile = new java.io.File(((pathPrefix + java.lang.Integer.toString(counter)) + .png)): null

2018-12-12 18:59:11 - [TEST_STEP][PASSED] - Statement - counter = counter + 1: null

2018-12-12 18:59:11 - [TEST_STEP][PASSED] - Statement - PreSaveFile = new java.io.File(((pathPrefix + java.lang.Integer.toString(counter)) + .png)): null

2018-12-12 18:59:11 - [TEST_STEP][PASSED] - Statement - counter = counter + 1: null

2018-12-12 18:59:11 - [TEST_STEP][PASSED] - Statement - PreSaveFile = new java.io.File(((pathPrefix + java.lang.Integer.toString(counter)) + .png)): null

2018-12-12 18:59:11 - [TEST_STEP][PASSED] - Statement - counter = counter + 1: null

2018-12-12 18:59:11 - [TEST_STEP][PASSED] - Statement - PreSaveFile = new java.io.File(((pathPrefix + java.lang.Integer.toString(counter)) + .png)): null

2018-12-12 18:59:11 - [TEST_STEP][PASSED] - Statement - counter = counter + 1: null

2018-12-12 18:59:11 - [TEST_STEP][PASSED] - Statement - PreSaveFile = new java.io.File(((pathPrefix + java.lang.Integer.toString(counter)) + .png)): null

2018-12-12 18:59:11 - [TEST_STEP][PASSED] - Statement - counter = counter + 1: null

2018-12-12 18:59:11 - [TEST_STEP][PASSED] - Statement - PreSaveFile = new java.io.File(((pathPrefix + java.lang.Integer.toString(counter)) + .png)): null

2018-12-12 18:59:11 - [TEST_STEP][PASSED] - Statement - counter = counter + 1: null

2018-12-12 18:59:11 - [TEST_STEP][PASSED] - Statement - PreSaveFile = new java.io.File(((pathPrefix + java.lang.Integer.toString(counter)) + .png)): null

2018-12-12 18:59:11 - [TEST_STEP][PASSED] - Statement - counter = counter + 1: null

2018-12-12 18:59:11 - [TEST_STEP][PASSED] - Statement - PreSaveFile = new java.io.File(((pathPrefix + java.lang.Integer.toString(counter)) + .png)): null

2018-12-12 18:59:11 - [TEST_STEP][PASSED] - Statement - counter = counter + 1: null

2018-12-12 18:59:11 - [TEST_STEP][PASSED] - Statement - PreSaveFile = new java.io.File(((pathPrefix + java.lang.Integer.toString(counter)) + .png)): null

2018-12-12 18:59:11 - [TEST_STEP][PASSED] - Statement - counter = counter + 1: null

2018-12-12 18:59:11 - [TEST_STEP][PASSED] - Statement - PreSaveFile = new java.io.File(((pathPrefix + java.lang.Integer.toString(counter)) + .png)): null

2018-12-12 18:59:11 - [TEST_STEP][PASSED] - Statement - counter = counter + 1: null

2018-12-12 18:59:11 - [TEST_STEP][PASSED] - Statement - PreSaveFile = new java.io.File(((pathPrefix + java.lang.Integer.toString(counter)) + .png)): null

2018-12-12 18:59:11 - [TEST_STEP][PASSED] - Statement - counter = counter + 1: null

2018-12-12 18:59:11 - [TEST_STEP][PASSED] - Statement - PreSaveFile = new java.io.File(((pathPrefix + java.lang.Integer.toString(counter)) + .png)): null

2018-12-12 18:59:11 - [TEST_STEP][PASSED] - Statement - counter = counter + 1: null

2018-12-12 18:59:11 - [TEST_STEP][PASSED] - Statement - PreSaveFile = new java.io.File(((pathPrefix + java.lang.Integer.toString(counter)) + .png)): null

2018-12-12 18:59:11 - [TEST_STEP][PASSED] - Statement - counter = counter + 1: null

2018-12-12 18:59:11 - [TEST_STEP][PASSED] - Statement - PreSaveFile = new java.io.File(((pathPrefix + java.lang.Integer.toString(counter)) + .png)): null

2018-12-12 18:59:11 - [TEST_STEP][PASSED] - Statement - counter = counter + 1: null

2018-12-12 18:59:11 - [TEST_STEP][PASSED] - Statement - PreSaveFile = new java.io.File(((pathPrefix + java.lang.Integer.toString(counter)) + .png)): null

2018-12-12 18:59:11 - [TEST_STEP][PASSED] - Statement - counter = counter + 1: null

2018-12-12 18:59:11 - [TEST_STEP][PASSED] - Statement - PreSaveFile = new java.io.File(((pathPrefix + java.lang.Integer.toString(counter)) + .png)): null

2018-12-12 18:59:11 - [TEST_STEP][PASSED] - Statement - counter = counter + 1: null

2018-12-12 18:59:11 - [TEST_STEP][PASSED] - Statement - PreSaveFile = new java.io.File(((pathPrefix + java.lang.Integer.toString(counter)) + .png)): null

2018-12-12 18:59:11 - [TEST_STEP][PASSED] - Statement - counter = counter + 1: null

2018-12-12 18:59:11 - [TEST_STEP][PASSED] - Statement - PreSaveFile = new java.io.File(((pathPrefix + java.lang.Integer.toString(counter)) + .png)): null

2018-12-12 18:59:11 - [TEST_STEP][PASSED] - Statement - counter = counter + 1: null

2018-12-12 18:59:11 - [TEST_STEP][PASSED] - Statement - PreSaveFile = new java.io.File(((pathPrefix + java.lang.Integer.toString(counter)) + .png)): null

2018-12-12 18:59:11 - [TEST_STEP][PASSED] - Statement - counter = counter + 1: null

2018-12-12 18:59:11 - [TEST_STEP][PASSED] - Statement - PreSaveFile = new java.io.File(((pathPrefix + java.lang.Integer.toString(counter)) + .png)): null

2018-12-12 18:59:11 - [TEST_STEP][PASSED] - Statement - counter = counter + 1: null

2018-12-12 18:59:11 - [TEST_STEP][PASSED] - Statement - PreSaveFile = new java.io.File(((pathPrefix + java.lang.Integer.toString(counter)) + .png)): null

2018-12-12 18:59:11 - [TEST_STEP][PASSED] - Statement - counter = counter + 1: null

2018-12-12 18:59:11 - [TEST_STEP][PASSED] - Statement - PreSaveFile = new java.io.File(((pathPrefix + java.lang.Integer.toString(counter)) + .png)): null

2018-12-12 18:59:11 - [TEST_STEP][PASSED] - Statement - counter = counter + 1: null

2018-12-12 18:59:11 - [TEST_STEP][PASSED] - Statement - PreSaveFile = new java.io.File(((pathPrefix + java.lang.Integer.toString(counter)) + .png)): null

2018-12-12 18:59:11 - [TEST_STEP][PASSED] - Statement - finalPath = pathPrefix + java.lang.Integer.toString(counter) + ".png": null

2018-12-12 18:59:11 - [TEST_STEP][PASSED] - Statement - SaveFile = new java.io.File(finalPath): null

2018-12-12 18:59:11 - [TEST_STEP][PASSED] - Statement - Try: null

2018-12-12 18:59:11 - [TEST_STEP][PASSED] - Statement - org.apache.commons.io.FileUtils.copyFile(scrFile, SaveFile): null

2018-12-12 18:59:11 - [TEST_STEP][PASSED] - Statement - out.println("file kept"): null

2018-12-12 18:59:11 - [TEST_STEP][PASSED] - delay: Delayed 10 second(s)

2018-12-12 18:59:21 - [MESSAGE][PASSED] - Delayed 10 second(s)

2018-12-12 18:59:21 - [MESSAGE][PASSED] - Call Test Case 'Test Cases/Final Aug 2018 - PKS Automation/Registration Module/New Registration/Submit and Screenshot/Submit Registration and Screenshot' successfully

2018-12-12 18:59:21 - [TEST_STEP][PASSED] - callTestCase: Call Test Case 'Test Cases/Final Aug 2018 - PKS Automation/Registration Module/Log Out/log out avoiding katalon tagging' successfully

2018-12-12 18:59:21 - [TEST_CASE][PASSED] - Test Cases/Final Aug 2018 - PKS Automation/Registration Module/Log Out/log out avoiding katalon tagging: Test Cases/Final Aug 2018 - PKS Automation/Registration Module/Log Out/log out avoiding katalon tagging

2018-12-12 18:59:21 - [TEST_STEP][PASSED] - navigateToUrl: Navigate to 'https://assist2-uat.perkeso.gov.my/c/portal/logout' successfully

2018-12-12 18:59:22 - [MESSAGE][PASSED] - Navigate to 'https://assist2-uat.perkeso.gov.my/c/portal/logout' successfully

2018-12-12 18:59:22 - [MESSAGE][PASSED] - Call Test Case 'Test Cases/Final Aug 2018 - PKS Automation/Registration Module/Log Out/log out avoiding katalon tagging' successfully]]></system-out>
         <system-err><![CDATA[]]></system-err>
      </testcase>
      <testcase name="Test Cases/Final Aug 2018 - PKS Automation/Registration Module/Workflow/New Registration/Case PKR BO to RO - Query - Submit" classname="Test Cases/Final Aug 2018 - PKS Automation/Registration Module/Workflow/New Registration/Case PKR BO to RO - Query - Submit" status="FAILED">
         <failure type="FAILED" message="(Stack trace: com.kms.katalon.core.exception.StepFailedException: Unable to set text 'CRN12201800123229' of object 'Object Repository/Final Object Repo/New Registration - Registration Module Pages/New Reg - OTC to RO/Special Case - All Related Objects/TextBox RefNo in Workbasket' (Root cause: org.openqa.selenium.ElementNotVisibleException: element not interactable
  (Session info: chrome=70.0.3538.110)
  (Driver info: chromedriver=2.43.600210 (68dcf5eebde37173d4027fa8635e332711d2874a),platform=Windows NT 6.1.7601 SP1 x86_64) (WARNING: The server did not provide any stacktrace information)
Command duration or timeout: 0 milliseconds
Build info: version: '3.7.1', revision: '8a0099a', time: '2017-11-06T21:07:36.161Z'
System info: host: 'WIN7TEST02', ip: '10.20.3.72', os.name: 'Windows 7', os.arch: 'amd64', os.version: '6.1', java.version: '1.8.0_181'
Driver info: com.kms.katalon.selenium.driver.CChromeDriver
Capabilities {acceptInsecureCerts: false, acceptSslCerts: false, applicationCacheEnabled: false, browserConnectionEnabled: false, browserName: chrome, chrome: {chromedriverVersion: 2.43.600210 (68dcf5eebde371..., userDataDir: C:\Users\Admin\AppData\Loca...}, cssSelectorsEnabled: true, databaseEnabled: false, goog:chromeOptions: {debuggerAddress: localhost:55247}, handlesAlerts: true, hasTouchScreen: false, javascriptEnabled: true, locationContextEnabled: true, mobileEmulationEnabled: false, nativeEvents: true, networkConnectionEnabled: false, pageLoadStrategy: normal, platform: XP, platformName: XP, rotatable: false, setWindowRect: true, takesHeapSnapshot: true, takesScreenshot: true, unexpectedAlertBehaviour: , unhandledPromptBehavior: , version: 70.0.3538.110, webStorageEnabled: true}
Session ID: bdf1eb16fd62c9d671654dd022f46fee)
	at com.kms.katalon.core.keyword.internal.KeywordMain.stepFailed(KeywordMain.groovy:32)
	at com.kms.katalon.core.webui.keyword.internal.WebUIKeywordMain.stepFailed(WebUIKeywordMain.groovy:65)
	at com.kms.katalon.core.webui.keyword.internal.WebUIKeywordMain.runKeyword(WebUIKeywordMain.groovy:27)
	at com.kms.katalon.core.webui.keyword.builtin.SetTextKeyword.setText(SetTextKeyword.groovy:65)
	at com.kms.katalon.core.webui.keyword.builtin.SetTextKeyword.execute(SetTextKeyword.groovy:37)
	at com.kms.katalon.core.keyword.internal.KeywordExecutor.executeKeywordForPlatform(KeywordExecutor.groovy:53)
	at com.kms.katalon.core.webui.keyword.WebUiBuiltInKeywords.setText(WebUiBuiltInKeywords.groovy:950)
	at com.kms.katalon.core.webui.keyword.WebUiBuiltInKeywords$setText$1.call(Unknown Source)
	at org.codehaus.groovy.runtime.callsite.CallSiteArray.defaultCall(CallSiteArray.java:48)
	at org.codehaus.groovy.runtime.callsite.AbstractCallSite.call(AbstractCallSite.java:113)
	at org.codehaus.groovy.runtime.callsite.AbstractCallSite.call(AbstractCallSite.java:133)
	at Script1535619019036.run(Script1535619019036.groovy:73)
	at com.kms.katalon.core.main.ScriptEngine.run(ScriptEngine.java:183)
	at com.kms.katalon.core.main.ScriptEngine.runScriptAsRawText(ScriptEngine.java:108)
	at com.kms.katalon.core.main.TestCaseExecutor.runScript(TestCaseExecutor.java:294)
	at com.kms.katalon.core.main.TestCaseExecutor.doExecute(TestCaseExecutor.java:285)
	at com.kms.katalon.core.main.TestCaseExecutor.processExecutionPhase(TestCaseExecutor.java:264)
	at com.kms.katalon.core.main.TestCaseExecutor.accessMainPhase(TestCaseExecutor.java:256)
	at com.kms.katalon.core.main.TestCaseExecutor.execute(TestCaseExecutor.java:200)
	at com.kms.katalon.core.main.TestSuiteExecutor.accessTestCaseMainPhase(TestSuiteExecutor.java:129)
	at com.kms.katalon.core.main.TestSuiteExecutor.accessTestSuiteMainPhase(TestSuiteExecutor.java:112)
	at com.kms.katalon.core.main.TestSuiteExecutor.execute(TestSuiteExecutor.java:81)
	at com.kms.katalon.core.main.TestCaseMain.startTestSuite(TestCaseMain.java:142)
	at com.kms.katalon.core.main.TestCaseMain$startTestSuite$0.call(Unknown Source)
	at org.codehaus.groovy.runtime.callsite.CallSiteArray.defaultCall(CallSiteArray.java:48)
	at org.codehaus.groovy.runtime.callsite.AbstractCallSite.call(AbstractCallSite.java:113)
	at org.codehaus.groovy.runtime.callsite.AbstractCallSite.call(AbstractCallSite.java:141)
	at TempTestSuite1544598049714.run(TempTestSuite1544598049714.groovy:36)
	at groovy.lang.GroovyShell.runScriptOrMainOrTestOrRunnable(GroovyShell.java:263)
	at groovy.lang.GroovyShell.run(GroovyShell.java:518)
	at groovy.lang.GroovyShell.run(GroovyShell.java:507)
	at groovy.ui.GroovyMain.processOnce(GroovyMain.java:653)
	at groovy.ui.GroovyMain.run(GroovyMain.java:384)
	at groovy.ui.GroovyMain.process(GroovyMain.java:370)
	at groovy.ui.GroovyMain.processArgs(GroovyMain.java:129)
	at groovy.ui.GroovyMain.main(GroovyMain.java:109)
	at sun.reflect.NativeMethodAccessorImpl.invoke0(Native Method)
	at sun.reflect.NativeMethodAccessorImpl.invoke(NativeMethodAccessorImpl.java:62)
	at sun.reflect.DelegatingMethodAccessorImpl.invoke(DelegatingMethodAccessorImpl.java:43)
	at java.lang.reflect.Method.invoke(Method.java:498)
	at org.codehaus.groovy.tools.GroovyStarter.rootLoader(GroovyStarter.java:109)
	at org.codehaus.groovy.tools.GroovyStarter.main(GroovyStarter.java:131)
)"/>
         <system-out><![CDATA[2018-12-12 18:59:22 - [TEST_CASE][FAILED] - Test Cases/Final Aug 2018 - PKS Automation/Registration Module/Workflow/New Registration/Case PKR BO to RO - Query - Submit: Test Cases/Final Aug 2018 - PKS Automation/Registration Module/Workflow/New Registration/Case PKR BO to RO - Query - Submit FAILED because (of) (Stack trace: com.kms.katalon.core.exception.StepFailedException: Unable to set text 'CRN12201800123229' of object 'Object Repository/Final Object Repo/New Registration - Registration Module Pages/New Reg - OTC to RO/Special Case - All Related Objects/TextBox RefNo in Workbasket' (Root cause: org.openqa.selenium.ElementNotVisibleException: element not interactable
  (Session info: chrome=70.0.3538.110)
  (Driver info: chromedriver=2.43.600210 (68dcf5eebde37173d4027fa8635e332711d2874a),platform=Windows NT 6.1.7601 SP1 x86_64) (WARNING: The server did not provide any stacktrace information)
Command duration or timeout: 0 milliseconds
Build info: version: '3.7.1', revision: '8a0099a', time: '2017-11-06T21:07:36.161Z'
System info: host: 'WIN7TEST02', ip: '10.20.3.72', os.name: 'Windows 7', os.arch: 'amd64', os.version: '6.1', java.version: '1.8.0_181'
Driver info: com.kms.katalon.selenium.driver.CChromeDriver
Capabilities {acceptInsecureCerts: false, acceptSslCerts: false, applicationCacheEnabled: false, browserConnectionEnabled: false, browserName: chrome, chrome: {chromedriverVersion: 2.43.600210 (68dcf5eebde371..., userDataDir: C:\Users\Admin\AppData\Loca...}, cssSelectorsEnabled: true, databaseEnabled: false, goog:chromeOptions: {debuggerAddress: localhost:55247}, handlesAlerts: true, hasTouchScreen: false, javascriptEnabled: true, locationContextEnabled: true, mobileEmulationEnabled: false, nativeEvents: true, networkConnectionEnabled: false, pageLoadStrategy: normal, platform: XP, platformName: XP, rotatable: false, setWindowRect: true, takesHeapSnapshot: true, takesScreenshot: true, unexpectedAlertBehaviour: , unhandledPromptBehavior: , version: 70.0.3538.110, webStorageEnabled: true}
Session ID: bdf1eb16fd62c9d671654dd022f46fee)
	at com.kms.katalon.core.keyword.internal.KeywordMain.stepFailed(KeywordMain.groovy:32)
	at com.kms.katalon.core.webui.keyword.internal.WebUIKeywordMain.stepFailed(WebUIKeywordMain.groovy:65)
	at com.kms.katalon.core.webui.keyword.internal.WebUIKeywordMain.runKeyword(WebUIKeywordMain.groovy:27)
	at com.kms.katalon.core.webui.keyword.builtin.SetTextKeyword.setText(SetTextKeyword.groovy:65)
	at com.kms.katalon.core.webui.keyword.builtin.SetTextKeyword.execute(SetTextKeyword.groovy:37)
	at com.kms.katalon.core.keyword.internal.KeywordExecutor.executeKeywordForPlatform(KeywordExecutor.groovy:53)
	at com.kms.katalon.core.webui.keyword.WebUiBuiltInKeywords.setText(WebUiBuiltInKeywords.groovy:950)
	at com.kms.katalon.core.webui.keyword.WebUiBuiltInKeywords$setText$1.call(Unknown Source)
	at org.codehaus.groovy.runtime.callsite.CallSiteArray.defaultCall(CallSiteArray.java:48)
	at org.codehaus.groovy.runtime.callsite.AbstractCallSite.call(AbstractCallSite.java:113)
	at org.codehaus.groovy.runtime.callsite.AbstractCallSite.call(AbstractCallSite.java:133)
	at Script1535619019036.run(Script1535619019036.groovy:73)
	at com.kms.katalon.core.main.ScriptEngine.run(ScriptEngine.java:183)
	at com.kms.katalon.core.main.ScriptEngine.runScriptAsRawText(ScriptEngine.java:108)
	at com.kms.katalon.core.main.TestCaseExecutor.runScript(TestCaseExecutor.java:294)
	at com.kms.katalon.core.main.TestCaseExecutor.doExecute(TestCaseExecutor.java:285)
	at com.kms.katalon.core.main.TestCaseExecutor.processExecutionPhase(TestCaseExecutor.java:264)
	at com.kms.katalon.core.main.TestCaseExecutor.accessMainPhase(TestCaseExecutor.java:256)
	at com.kms.katalon.core.main.TestCaseExecutor.execute(TestCaseExecutor.java:200)
	at com.kms.katalon.core.main.TestSuiteExecutor.accessTestCaseMainPhase(TestSuiteExecutor.java:129)
	at com.kms.katalon.core.main.TestSuiteExecutor.accessTestSuiteMainPhase(TestSuiteExecutor.java:112)
	at com.kms.katalon.core.main.TestSuiteExecutor.execute(TestSuiteExecutor.java:81)
	at com.kms.katalon.core.main.TestCaseMain.startTestSuite(TestCaseMain.java:142)
	at com.kms.katalon.core.main.TestCaseMain$startTestSuite$0.call(Unknown Source)
	at org.codehaus.groovy.runtime.callsite.CallSiteArray.defaultCall(CallSiteArray.java:48)
	at org.codehaus.groovy.runtime.callsite.AbstractCallSite.call(AbstractCallSite.java:113)
	at org.codehaus.groovy.runtime.callsite.AbstractCallSite.call(AbstractCallSite.java:141)
	at TempTestSuite1544598049714.run(TempTestSuite1544598049714.groovy:36)
	at groovy.lang.GroovyShell.runScriptOrMainOrTestOrRunnable(GroovyShell.java:263)
	at groovy.lang.GroovyShell.run(GroovyShell.java:518)
	at groovy.lang.GroovyShell.run(GroovyShell.java:507)
	at groovy.ui.GroovyMain.processOnce(GroovyMain.java:653)
	at groovy.ui.GroovyMain.run(GroovyMain.java:384)
	at groovy.ui.GroovyMain.process(GroovyMain.java:370)
	at groovy.ui.GroovyMain.processArgs(GroovyMain.java:129)
	at groovy.ui.GroovyMain.main(GroovyMain.java:109)
	at sun.reflect.NativeMethodAccessorImpl.invoke0(Native Method)
	at sun.reflect.NativeMethodAccessorImpl.invoke(NativeMethodAccessorImpl.java:62)
	at sun.reflect.DelegatingMethodAccessorImpl.invoke(DelegatingMethodAccessorImpl.java:43)
	at java.lang.reflect.Method.invoke(Method.java:498)
	at org.codehaus.groovy.tools.GroovyStarter.rootLoader(GroovyStarter.java:109)
	at org.codehaus.groovy.tools.GroovyStarter.main(GroovyStarter.java:131)
)

2018-12-12 18:59:22 - [TEST_STEP][PASSED] - callTestCase: Call Test Case 'Test Cases/Final Aug 2018 - PKS Automation/Registration Module/Workflow/New Registration/Template/Special Case - PKR BO - Form 1' successfully

2018-12-12 18:59:22 - [TEST_CASE][PASSED] - Test Cases/Final Aug 2018 - PKS Automation/Registration Module/Workflow/New Registration/Template/Special Case - PKR BO - Form 1: Test Cases/Final Aug 2018 - PKS Automation/Registration Module/Workflow/New Registration/Template/Special Case - PKR BO - Form 1

2018-12-12 18:59:22 - [TEST_STEP][PASSED] - openBrowser: Browser is opened with url: ''

2018-12-12 18:59:22 - [MESSAGE][WARNING] - A browser is already opened. Closing browser and opening a new one

2018-12-12 18:59:26 - [MESSAGE][PASSED] - Browser is opened with url: ''

2018-12-12 18:59:26 - [TEST_STEP][PASSED] - navigateToUrl: Navigate to 'https://assist2-uat.perkeso.gov.my/login' successfully

2018-12-12 18:59:27 - [MESSAGE][PASSED] - Navigate to 'https://assist2-uat.perkeso.gov.my/login' successfully

2018-12-12 18:59:27 - [TEST_STEP][PASSED] - delay: Delayed 2 second(s)

2018-12-12 18:59:29 - [MESSAGE][PASSED] - Delayed 2 second(s)

2018-12-12 18:59:29 - [TEST_STEP][PASSED] - setText: Text 'klpkrbo2@gmail.com' is set on object 'Object Repository/Final Object Repo/Login Page/Internal User/Email Address'

2018-12-12 18:59:30 - [MESSAGE][PASSED] - Text 'klpkrbo2@gmail.com' is set on object 'Object Repository/Final Object Repo/Login Page/Internal User/Email Address'

2018-12-12 18:59:30 - [TEST_STEP][PASSED] - click: Object: 'Object Repository/Final Object Repo/Login Page/Internal User/Next Button' is clicked on

2018-12-12 18:59:30 - [MESSAGE][PASSED] - Object: 'Object Repository/Final Object Repo/Login Page/Internal User/Next Button' is clicked on

2018-12-12 18:59:30 - [TEST_STEP][PASSED] - delay: Delayed 2 second(s)

2018-12-12 18:59:32 - [MESSAGE][PASSED] - Delayed 2 second(s)

2018-12-12 18:59:32 - [TEST_STEP][PASSED] - setText: Text 'Test1@3456789' is set on object 'Object Repository/Final Object Repo/Login Page/Internal User/Password'

2018-12-12 18:59:32 - [MESSAGE][PASSED] - Text 'Test1@3456789' is set on object 'Object Repository/Final Object Repo/Login Page/Internal User/Password'

2018-12-12 18:59:32 - [TEST_STEP][PASSED] - delay: Delayed 2 second(s)

2018-12-12 18:59:34 - [MESSAGE][PASSED] - Delayed 2 second(s)

2018-12-12 18:59:34 - [TEST_STEP][PASSED] - click: Object: 'Object Repository/Final Object Repo/Login Page/Internal User/Login Button' is clicked on

2018-12-12 18:59:34 - [MESSAGE][PASSED] - Object: 'Object Repository/Final Object Repo/Login Page/Internal User/Login Button' is clicked on

2018-12-12 18:59:34 - [TEST_STEP][PASSED] - Statement - Try: null

2018-12-12 18:59:34 - [TEST_STEP][PASSED] - Statement - Checker = com.kms.katalon.core.webui.keyword.WebUiBuiltInKeywords.verifyElementNotPresent("Final Object Repo/Landing Page/Select to English", 3): null

2018-12-12 18:59:34 - [TEST_STEP][PASSED] - Statement - Catch (Exception e): null

2018-12-12 18:59:34 - [TEST_STEP][PASSED] - Statement - e.printStackTrace(): null

2018-12-12 18:59:34 - [TEST_STEP][PASSED] - delay: Delayed 5 second(s)

2018-12-12 18:59:39 - [MESSAGE][PASSED] - Delayed 5 second(s)

2018-12-12 18:59:39 - [TEST_STEP][PASSED] - click: Object: 'Object Repository/Final Object Repo/Landing Page/My Sites Drop Down' is clicked on

2018-12-12 18:59:40 - [MESSAGE][PASSED] - Object: 'Object Repository/Final Object Repo/Landing Page/My Sites Drop Down' is clicked on

2018-12-12 18:59:40 - [TEST_STEP][PASSED] - click: Object: 'Object Repository/Final Object Repo/Landing Page/Select to Registration Module' is clicked on

2018-12-12 18:59:41 - [MESSAGE][PASSED] - Object: 'Object Repository/Final Object Repo/Landing Page/Select to Registration Module' is clicked on

2018-12-12 18:59:41 - [TEST_STEP][PASSED] - click: Object: 'Object Repository/Final Object Repo/Landing Page/Registration Button' is clicked on

2018-12-12 18:59:42 - [MESSAGE][PASSED] - Object: 'Object Repository/Final Object Repo/Landing Page/Registration Button' is clicked on

2018-12-12 18:59:42 - [TEST_STEP][PASSED] - delay: Delayed 2 second(s)

2018-12-12 18:59:44 - [MESSAGE][PASSED] - Delayed 2 second(s)

2018-12-12 18:59:44 - [TEST_STEP][PASSED] - click: Object: 'Object Repository/Final Object Repo/New Registration - Registration Module Pages/New Reg - OTC to RO/Special Case - OTC - Form 1/AEC NO' is clicked on

2018-12-12 18:59:44 - [MESSAGE][PASSED] - Object: 'Object Repository/Final Object Repo/New Registration - Registration Module Pages/New Reg - OTC to RO/Special Case - OTC - Form 1/AEC NO' is clicked on

2018-12-12 18:59:44 - [TEST_STEP][PASSED] - click: Object: 'Object Repository/Final Object Repo/New Registration - Registration Module Pages/New Reg - OTC to RO/Special Case - OTC - Form 1/Business Entity - Please Select' is clicked on

2018-12-12 18:59:44 - [MESSAGE][PASSED] - Object: 'Object Repository/Final Object Repo/New Registration - Registration Module Pages/New Reg - OTC to RO/Special Case - OTC - Form 1/Business Entity - Please Select' is clicked on

2018-12-12 18:59:44 - [TEST_STEP][PASSED] - click: Object: 'Object Repository/Final Object Repo/New Registration - Registration Module Pages/New Reg - OTC to RO/Special Case - OTC - Form 1/Selected - Corporation' is clicked on

2018-12-12 18:59:45 - [MESSAGE][PASSED] - Object: 'Object Repository/Final Object Repo/New Registration - Registration Module Pages/New Reg - OTC to RO/Special Case - OTC - Form 1/Selected - Corporation' is clicked on

2018-12-12 18:59:45 - [TEST_STEP][PASSED] - delay: Delayed 2 second(s)

2018-12-12 18:59:47 - [MESSAGE][PASSED] - Delayed 2 second(s)

2018-12-12 18:59:47 - [TEST_STEP][PASSED] - click: Object: 'Object Repository/Final Object Repo/New Registration - Registration Module Pages/New Reg - OTC to RO/Special Case - OTC - Form 1/Sub Business Entity - Please Select' is clicked on

2018-12-12 18:59:47 - [MESSAGE][PASSED] - Object: 'Object Repository/Final Object Repo/New Registration - Registration Module Pages/New Reg - OTC to RO/Special Case - OTC - Form 1/Sub Business Entity - Please Select' is clicked on

2018-12-12 18:59:47 - [TEST_STEP][PASSED] - delay: Delayed 2 second(s)

2018-12-12 18:59:49 - [MESSAGE][PASSED] - Delayed 2 second(s)

2018-12-12 18:59:49 - [TEST_STEP][PASSED] - click: Object: 'Object Repository/Final Object Repo/New Registration - Registration Module Pages/New Reg - OTC to RO/Special Case - OTC - Form 1/Selected - Sendirian Berhad' is clicked on

2018-12-12 18:59:49 - [MESSAGE][PASSED] - Object: 'Object Repository/Final Object Repo/New Registration - Registration Module Pages/New Reg - OTC to RO/Special Case - OTC - Form 1/Selected - Sendirian Berhad' is clicked on

2018-12-12 18:59:49 - [TEST_STEP][PASSED] - setText: Text 'AUTOMATE001' is set on object 'Object Repository/Final Object Repo/New Registration - Registration Module Pages/New Reg - OTC to RO/Special Case - OTC - Form 1/Input BRN Number'

2018-12-12 18:59:50 - [MESSAGE][PASSED] - Text 'AUTOMATE001' is set on object 'Object Repository/Final Object Repo/New Registration - Registration Module Pages/New Reg - OTC to RO/Special Case - OTC - Form 1/Input BRN Number'

2018-12-12 18:59:50 - [TEST_STEP][PASSED] - delay: Delayed 2 second(s)

2018-12-12 18:59:52 - [MESSAGE][PASSED] - Delayed 2 second(s)

2018-12-12 18:59:52 - [TEST_STEP][PASSED] - click: Object: 'Object Repository/Final Object Repo/New Registration - Registration Module Pages/New Reg - OTC to RO/Special Case - OTC - Form 1/BRN Search' is clicked on

2018-12-12 18:59:52 - [MESSAGE][PASSED] - Object: 'Object Repository/Final Object Repo/New Registration - Registration Module Pages/New Reg - OTC to RO/Special Case - OTC - Form 1/BRN Search' is clicked on

2018-12-12 18:59:52 - [TEST_STEP][PASSED] - delay: Delayed 4 second(s)

2018-12-12 18:59:56 - [MESSAGE][PASSED] - Delayed 4 second(s)

2018-12-12 18:59:56 - [TEST_STEP][PASSED] - click: Object: 'Object Repository/Final Object Repo/New Registration - Registration Module Pages/New Reg - OTC to RO/Special Case - OTC - Form 1/Registered with SSM - After Feb 2017' is clicked on

2018-12-12 18:59:56 - [MESSAGE][PASSED] - Object: 'Object Repository/Final Object Repo/New Registration - Registration Module Pages/New Reg - OTC to RO/Special Case - OTC - Form 1/Registered with SSM - After Feb 2017' is clicked on

2018-12-12 18:59:56 - [TEST_STEP][PASSED] - delay: Delayed 2 second(s)

2018-12-12 18:59:58 - [MESSAGE][PASSED] - Delayed 2 second(s)

2018-12-12 18:59:58 - [TEST_STEP][PASSED] - click: Object: 'Object Repository/Final Object Repo/New Registration - Registration Module Pages/New Reg - OTC to RO/Special Case - OTC - Form 1/Registering As A Branch - No' is clicked on

2018-12-12 18:59:58 - [MESSAGE][PASSED] - Object: 'Object Repository/Final Object Repo/New Registration - Registration Module Pages/New Reg - OTC to RO/Special Case - OTC - Form 1/Registering As A Branch - No' is clicked on

2018-12-12 18:59:58 - [TEST_STEP][PASSED] - click: Object: 'Object Repository/Final Object Repo/New Registration - Registration Module Pages/New Reg - OTC to RO/Special Case - OTC - Form 1/Acknowledgement Ticked' is clicked on

2018-12-12 18:59:58 - [MESSAGE][PASSED] - Object: 'Object Repository/Final Object Repo/New Registration - Registration Module Pages/New Reg - OTC to RO/Special Case - OTC - Form 1/Acknowledgement Ticked' is clicked on

2018-12-12 18:59:58 - [TEST_STEP][PASSED] - click: Object: 'Object Repository/Final Object Repo/New Registration - Registration Module Pages/New Reg - OTC to RO/Special Case - OTC - Form 1/Submit Button' is clicked on

2018-12-12 18:59:58 - [MESSAGE][PASSED] - Object: 'Object Repository/Final Object Repo/New Registration - Registration Module Pages/New Reg - OTC to RO/Special Case - OTC - Form 1/Submit Button' is clicked on

2018-12-12 18:59:58 - [TEST_STEP][PASSED] - delay: Delayed 2 second(s)

2018-12-12 19:00:00 - [MESSAGE][PASSED] - Delayed 2 second(s)

2018-12-12 19:00:00 - [TEST_STEP][PASSED] - click: Object: 'Object Repository/Final Object Repo/New Registration - Registration Module Pages/New Reg - OTC to RO/Special Case - OTC - Form 1/Confirm No Flagging as Branch' is clicked on

2018-12-12 19:00:01 - [MESSAGE][PASSED] - Object: 'Object Repository/Final Object Repo/New Registration - Registration Module Pages/New Reg - OTC to RO/Special Case - OTC - Form 1/Confirm No Flagging as Branch' is clicked on

2018-12-12 19:00:01 - [MESSAGE][PASSED] - Call Test Case 'Test Cases/Final Aug 2018 - PKS Automation/Registration Module/Workflow/New Registration/Template/Special Case - PKR BO - Form 1' successfully

2018-12-12 19:00:01 - [TEST_STEP][PASSED] - callTestCase: Call Test Case 'Test Cases/Final Aug 2018 - PKS Automation/Registration Module/New Registration/Form 2/Add 1 Eligible' successfully

2018-12-12 19:00:01 - [TEST_CASE][PASSED] - Test Cases/Final Aug 2018 - PKS Automation/Registration Module/New Registration/Form 2/Add 1 Eligible: Test Cases/Final Aug 2018 - PKS Automation/Registration Module/New Registration/Form 2/Add 1 Eligible

2018-12-12 19:00:01 - [TEST_STEP][PASSED] - delay: Delayed 2 second(s)

2018-12-12 19:00:03 - [MESSAGE][PASSED] - Delayed 2 second(s)

2018-12-12 19:00:03 - [TEST_STEP][PASSED] - callTestCase: Call Test Case 'Test Cases/Final Aug 2018 - PKS Automation/Registration Module/New Registration/Form 2/Date Updater' successfully

2018-12-12 19:00:03 - [TEST_CASE][PASSED] - Test Cases/Final Aug 2018 - PKS Automation/Registration Module/New Registration/Form 2/Date Updater: Test Cases/Final Aug 2018 - PKS Automation/Registration Module/New Registration/Form 2/Date Updater

2018-12-12 19:00:03 - [TEST_STEP][PASSED] - Statement - TodayDate = new java.util.Date(): null

2018-12-12 19:00:03 - [TEST_STEP][PASSED] - Statement - CurrentDateNoFilter = new java.text.SimpleDateFormat(): null

2018-12-12 19:00:03 - [TEST_STEP][PASSED] - Statement - CurrentDateNoFilter.applyPattern("MM"): null

2018-12-12 19:00:03 - [TEST_STEP][PASSED] - Statement - monthContainerMatcher = java.lang.Integer.parseInt(CurrentDateNoFilter.format(TodayDate)): null

2018-12-12 19:00:03 - [TEST_STEP][PASSED] - Statement - monthContainerMatcher = monthContainerMatcher - 1: null

2018-12-12 19:00:03 - [TEST_STEP][PASSED] - Statement - CurrentMonth = monthContainerMatcher.toString(): null

2018-12-12 19:00:03 - [TEST_STEP][PASSED] - Statement - CurrentMonth = CurrentMonth: null

2018-12-12 19:00:03 - [TEST_STEP][PASSED] - Statement - CurrentDateNoFilter.applyPattern("yyyy"): null

2018-12-12 19:00:03 - [TEST_STEP][PASSED] - Statement - CurrentYear = CurrentDateNoFilter.format(TodayDate): null

2018-12-12 19:00:03 - [TEST_STEP][PASSED] - Statement - CurrentYear = CurrentYear: null

2018-12-12 19:00:03 - [TEST_STEP][PASSED] - Statement - intCurrentYear = java.lang.Integer.parseInt(CurrentDateNoFilter.format(TodayDate)): null

2018-12-12 19:00:03 - [TEST_STEP][PASSED] - Statement - eighteenYrsAgo = intCurrentYear - 18: null

2018-12-12 19:00:03 - [TEST_STEP][PASSED] - Statement - eighteenYrsBeforeThisYr = eighteenYrsAgo.toString(): null

2018-12-12 19:00:03 - [TEST_STEP][PASSED] - Statement - EighteenYrsBefore = eighteenYrsBeforeThisYr: null

2018-12-12 19:00:03 - [TEST_STEP][PASSED] - Statement - fiftysevenYrsAgo = intCurrentYear - 57: null

2018-12-12 19:00:03 - [TEST_STEP][PASSED] - Statement - fiftysevenYrsBeforeThisYr = fiftysevenYrsAgo.toString(): null

2018-12-12 19:00:03 - [TEST_STEP][PASSED] - Statement - FiftysevenYrsBefore = fiftysevenYrsBeforeThisYr: null

2018-12-12 19:00:03 - [TEST_STEP][PASSED] - Statement - leapYear = false: null

2018-12-12 19:00:03 - [TEST_STEP][PASSED] - Statement - leapYear = intCurrentYear % 4 == 0: null

2018-12-12 19:00:03 - [TEST_STEP][PASSED] - Statement - CurrentDateNoFilter.applyPattern("dd"): null

2018-12-12 19:00:03 - [TEST_STEP][PASSED] - Statement - CurrentDate = CurrentDateNoFilter.format(TodayDate): null

2018-12-12 19:00:03 - [TEST_STEP][PASSED] - Statement - CurrentDate = java.lang.Integer.parseInt(CurrentDate): null

2018-12-12 19:00:03 - [TEST_STEP][PASSED] - Statement - CurrentDate = CurrentDate: null

2018-12-12 19:00:03 - [TEST_STEP][PASSED] - Statement - CurrentDay = java.lang.Integer.parseInt(CurrentDate): null

2018-12-12 19:00:03 - [TEST_STEP][PASSED] - Statement - ConfAdder = <not implemented yet for class: org.codehaus.groovy.ast.expr.EmptyExpression>: null

2018-12-12 19:00:03 - [TEST_STEP][PASSED] - Statement - out.println(CurrentMonth): null

2018-12-12 19:00:03 - [TEST_STEP][PASSED] - Statement - out.println(CurrentDate): null

2018-12-12 19:00:03 - [TEST_STEP][PASSED] - Statement - switch (CurrentDate): null

2018-12-12 19:00:03 - [TEST_STEP][PASSED] - Statement - Default: null

2018-12-12 19:00:03 - [TEST_STEP][PASSED] - Statement - ConfAdder = true: null

2018-12-12 19:00:03 - [TEST_STEP][PASSED] - Statement - Break: null

2018-12-12 19:00:03 - [TEST_STEP][PASSED] - Statement - aDayBefore = <not implemented yet for class: org.codehaus.groovy.ast.expr.EmptyExpression>: null

2018-12-12 19:00:03 - [TEST_STEP][PASSED] - Statement - out.println(ConfAdder): null

2018-12-12 19:00:03 - [TEST_STEP][PASSED] - Statement - If (ConfAdder == true): null

2018-12-12 19:00:03 - [TEST_STEP][PASSED] - Statement - aDayBefore = CurrentDay + 1: null

2018-12-12 19:00:03 - [TEST_STEP][PASSED] - Statement - out.println(aDayBefore): null

2018-12-12 19:00:03 - [TEST_STEP][PASSED] - Statement - If (aDayBefore == 1 && CurrentMonth == 11): null

2018-12-12 19:00:03 - [TEST_STEP][PASSED] - Statement - DayBefore = aDayBefore.toString(): null

2018-12-12 19:00:03 - [TEST_STEP][PASSED] - Statement - OneDayBefore = DayBefore: null

2018-12-12 19:00:03 - [MESSAGE][PASSED] - Call Test Case 'Test Cases/Final Aug 2018 - PKS Automation/Registration Module/New Registration/Form 2/Date Updater' successfully

2018-12-12 19:00:03 - [TEST_STEP][PASSED] - delay: Delayed 1 second(s)

2018-12-12 19:00:04 - [MESSAGE][PASSED] - Delayed 1 second(s)

2018-12-12 19:00:04 - [TEST_STEP][PASSED] - Statement - CaseReferenceNo = com.kms.katalon.core.webui.keyword.WebUiBuiltInKeywords.getText(com.kms.katalon.core.testobject.ObjectRepository.findTestObject(Final Object Repo/New Registration - Registration Module Pages/Form 2/RefNo Acquiring)): Text of object 'Object Repository/Final Object Repo/New Registration - Registration Module Pages/Form 2/RefNo Acquiring' is: 'CRN12201800123229'

2018-12-12 19:00:04 - [MESSAGE][PASSED] - Text of object 'Object Repository/Final Object Repo/New Registration - Registration Module Pages/Form 2/RefNo Acquiring' is: 'CRN12201800123229'

2018-12-12 19:00:04 - [TEST_STEP][PASSED] - delay: Delayed 1 second(s)

2018-12-12 19:00:05 - [MESSAGE][PASSED] - Delayed 1 second(s)

2018-12-12 19:00:05 - [TEST_STEP][PASSED] - click: Object: 'Object Repository/Final Object Repo/New Registration - Registration Module Pages/Form 2/Add Employee Button' is clicked on

2018-12-12 19:00:05 - [MESSAGE][PASSED] - Object: 'Object Repository/Final Object Repo/New Registration - Registration Module Pages/Form 2/Add Employee Button' is clicked on

2018-12-12 19:00:05 - [TEST_STEP][PASSED] - delay: Delayed 1 second(s)

2018-12-12 19:00:06 - [MESSAGE][PASSED] - Delayed 1 second(s)

2018-12-12 19:00:06 - [TEST_STEP][PASSED] - setText: Text '010903091963' is set on object 'Object Repository/Final Object Repo/New Registration - Registration Module Pages/Form 2/NRIC Input'

2018-12-12 19:00:06 - [MESSAGE][PASSED] - Text '010903091963' is set on object 'Object Repository/Final Object Repo/New Registration - Registration Module Pages/Form 2/NRIC Input'

2018-12-12 19:00:06 - [TEST_STEP][PASSED] - click: Object: 'Object Repository/Final Object Repo/New Registration - Registration Module Pages/Form 2/button for search for IC' is clicked on

2018-12-12 19:00:06 - [MESSAGE][PASSED] - Object: 'Object Repository/Final Object Repo/New Registration - Registration Module Pages/Form 2/button for search for IC' is clicked on

2018-12-12 19:00:06 - [TEST_STEP][PASSED] - delay: Delayed 2 second(s)

2018-12-12 19:00:08 - [MESSAGE][PASSED] - Delayed 2 second(s)

2018-12-12 19:00:08 - [TEST_STEP][PASSED] - setText: Text 'Automate001 eligible 1' is set on object 'Object Repository/Final Object Repo/New Registration - Registration Module Pages/Form 2/Employee Name Input'

2018-12-12 19:00:09 - [MESSAGE][PASSED] - Text 'Automate001 eligible 1' is set on object 'Object Repository/Final Object Repo/New Registration - Registration Module Pages/Form 2/Employee Name Input'

2018-12-12 19:00:09 - [TEST_STEP][PASSED] - delay: Delayed 2 second(s)

2018-12-12 19:00:11 - [MESSAGE][PASSED] - Delayed 2 second(s)

2018-12-12 19:00:11 - [TEST_STEP][PASSED] - click: Object: 'Object Repository/Final Object Repo/New Registration - Registration Module Pages/Form 2/DatePicker Pop Up' is clicked on

2018-12-12 19:00:11 - [MESSAGE][PASSED] - Object: 'Object Repository/Final Object Repo/New Registration - Registration Module Pages/Form 2/DatePicker Pop Up' is clicked on

2018-12-12 19:00:11 - [TEST_STEP][PASSED] - click: Object: 'Object Repository/Final Object Repo/New Registration - Registration Module Pages/Form 2/DOB Month' is clicked on

2018-12-12 19:00:11 - [MESSAGE][PASSED] - Object: 'Object Repository/Final Object Repo/New Registration - Registration Module Pages/Form 2/DOB Month' is clicked on

2018-12-12 19:00:11 - [TEST_STEP][PASSED] - Statement - CurrentMonth = CurrentMonth: null

2018-12-12 19:00:11 - [TEST_STEP][PASSED] - Statement - selectMonth = new com.kms.katalon.core.testobject.TestObject(): null

2018-12-12 19:00:11 - [TEST_STEP][PASSED] - Statement - selectMonth.addProperty("xpath", EQUALS, "//body/div/div/div/select/option[@value='" + CurrentMonth + "']", true): null

2018-12-12 19:00:11 - [TEST_STEP][PASSED] - click: Object: '' is clicked on

2018-12-12 19:00:11 - [MESSAGE][PASSED] - Object: '' is clicked on

2018-12-12 19:00:11 - [TEST_STEP][PASSED] - click: Object: 'Object Repository/Final Object Repo/New Registration - Registration Module Pages/Form 2/DOB Year' is clicked on

2018-12-12 19:00:12 - [MESSAGE][PASSED] - Object: 'Object Repository/Final Object Repo/New Registration - Registration Module Pages/Form 2/DOB Year' is clicked on

2018-12-12 19:00:12 - [TEST_STEP][PASSED] - Statement - Eyearsbf = EighteenYrsBefore: null

2018-12-12 19:00:12 - [TEST_STEP][PASSED] - Statement - selectYear = new com.kms.katalon.core.testobject.TestObject(): null

2018-12-12 19:00:12 - [TEST_STEP][PASSED] - Statement - selectYear.addProperty("xpath", EQUALS, "//div/div/div/select/option[@value='" + Eyearsbf + "']", true): null

2018-12-12 19:00:12 - [TEST_STEP][PASSED] - click: Object: '' is clicked on

2018-12-12 19:00:12 - [MESSAGE][PASSED] - Object: '' is clicked on

2018-12-12 19:00:12 - [TEST_STEP][PASSED] - Statement - UpdatedSelectDate = com.kms.katalon.core.webui.keyword.WebUiBuiltInKeywords.modifyObjectProperty(com.kms.katalon.core.testobject.ObjectRepository.findTestObject(Final Object Repo/New Registration - Registration Module Pages/Form 2/DOB Date), "xpath", "equals", "//body/div/table/tbody/tr/td/a[text()="" + CurrentDate + ""]", true): Modify property of object successfully

2018-12-12 19:00:12 - [MESSAGE][PASSED] - Modify property of object successfully

2018-12-12 19:00:12 - [TEST_STEP][PASSED] - delay: Delayed 3 second(s)

2018-12-12 19:00:15 - [MESSAGE][PASSED] - Delayed 3 second(s)

2018-12-12 19:00:15 - [TEST_STEP][PASSED] - click: Object: 'Object Repository/Final Object Repo/New Registration - Registration Module Pages/Form 2/DOB Date' is clicked on

2018-12-12 19:00:15 - [MESSAGE][PASSED] - Object: 'Object Repository/Final Object Repo/New Registration - Registration Module Pages/Form 2/DOB Date' is clicked on

2018-12-12 19:00:15 - [TEST_STEP][PASSED] - delay: Delayed 2 second(s)

2018-12-12 19:00:17 - [MESSAGE][PASSED] - Delayed 2 second(s)

2018-12-12 19:00:17 - [TEST_STEP][PASSED] - click: Object: 'Object Repository/Final Object Repo/New Registration - Registration Module Pages/Form 2/EmploymentStartDate Pop Up' is clicked on

2018-12-12 19:00:17 - [MESSAGE][PASSED] - Object: 'Object Repository/Final Object Repo/New Registration - Registration Module Pages/Form 2/EmploymentStartDate Pop Up' is clicked on

2018-12-12 19:00:17 - [TEST_STEP][PASSED] - delay: Delayed 2 second(s)

2018-12-12 19:00:19 - [MESSAGE][PASSED] - Delayed 2 second(s)

2018-12-12 19:00:19 - [TEST_STEP][PASSED] - click: Object: 'Object Repository/Final Object Repo/New Registration - Registration Module Pages/Form 2/Socso Employment StartDate Month' is clicked on

2018-12-12 19:00:19 - [MESSAGE][PASSED] - Object: 'Object Repository/Final Object Repo/New Registration - Registration Module Pages/Form 2/Socso Employment StartDate Month' is clicked on

2018-12-12 19:00:19 - [TEST_STEP][PASSED] - delay: Delayed 1 second(s)

2018-12-12 19:00:20 - [MESSAGE][PASSED] - Delayed 1 second(s)

2018-12-12 19:00:20 - [TEST_STEP][PASSED] - click: Object: 'Object Repository/Final Object Repo/New Registration - Registration Module Pages/Form 2/Select Socso Employement Startdate Month' is clicked on

2018-12-12 19:00:20 - [MESSAGE][PASSED] - Object: 'Object Repository/Final Object Repo/New Registration - Registration Module Pages/Form 2/Select Socso Employement Startdate Month' is clicked on

2018-12-12 19:00:20 - [TEST_STEP][PASSED] - delay: Delayed 2 second(s)

2018-12-12 19:00:22 - [MESSAGE][PASSED] - Delayed 2 second(s)

2018-12-12 19:00:22 - [TEST_STEP][PASSED] - click: Object: 'Object Repository/Final Object Repo/New Registration - Registration Module Pages/Form 2/Socso Employment StartDate Year' is clicked on

2018-12-12 19:00:23 - [MESSAGE][PASSED] - Object: 'Object Repository/Final Object Repo/New Registration - Registration Module Pages/Form 2/Socso Employment StartDate Year' is clicked on

2018-12-12 19:00:23 - [TEST_STEP][PASSED] - delay: Delayed 1 second(s)

2018-12-12 19:00:24 - [MESSAGE][PASSED] - Delayed 1 second(s)

2018-12-12 19:00:24 - [TEST_STEP][PASSED] - click: Object: 'Object Repository/Final Object Repo/New Registration - Registration Module Pages/Form 2/Select Socso Employment Startdate Year' is clicked on

2018-12-12 19:00:24 - [MESSAGE][PASSED] - Object: 'Object Repository/Final Object Repo/New Registration - Registration Module Pages/Form 2/Select Socso Employment Startdate Year' is clicked on

2018-12-12 19:00:24 - [TEST_STEP][PASSED] - delay: Delayed 2 second(s)

2018-12-12 19:00:26 - [MESSAGE][PASSED] - Delayed 2 second(s)

2018-12-12 19:00:26 - [TEST_STEP][PASSED] - click: Object: 'Object Repository/Final Object Repo/New Registration - Registration Module Pages/Form 2/Socso Employment Start Date Day' is clicked on

2018-12-12 19:00:26 - [MESSAGE][PASSED] - Object: 'Object Repository/Final Object Repo/New Registration - Registration Module Pages/Form 2/Socso Employment Start Date Day' is clicked on

2018-12-12 19:00:26 - [TEST_STEP][PASSED] - delay: Delayed 2 second(s)

2018-12-12 19:00:28 - [MESSAGE][PASSED] - Delayed 2 second(s)

2018-12-12 19:00:28 - [TEST_STEP][PASSED] - click: Object: 'Object Repository/Final Object Repo/New Registration - Registration Module Pages/Form 2/Save Button for Add Employee' is clicked on

2018-12-12 19:00:28 - [MESSAGE][PASSED] - Object: 'Object Repository/Final Object Repo/New Registration - Registration Module Pages/Form 2/Save Button for Add Employee' is clicked on

2018-12-12 19:00:28 - [TEST_STEP][PASSED] - delay: Delayed 6 second(s)

2018-12-12 19:00:34 - [MESSAGE][PASSED] - Delayed 6 second(s)

2018-12-12 19:00:34 - [TEST_STEP][PASSED] - click: Object: 'Object Repository/Final Object Repo/New Registration - Registration Module Pages/Form 2/Save and Continue Form 2' is clicked on

2018-12-12 19:00:34 - [MESSAGE][PASSED] - Object: 'Object Repository/Final Object Repo/New Registration - Registration Module Pages/Form 2/Save and Continue Form 2' is clicked on

2018-12-12 19:00:34 - [MESSAGE][PASSED] - Call Test Case 'Test Cases/Final Aug 2018 - PKS Automation/Registration Module/New Registration/Form 2/Add 1 Eligible' successfully

2018-12-12 19:00:34 - [TEST_STEP][PASSED] - callTestCase: Call Test Case 'Test Cases/Final Aug 2018 - PKS Automation/Registration Module/New Registration/Flow of New Registration/Third Screen - Upload Supporting Doc - Preview' successfully

2018-12-12 19:00:34 - [TEST_CASE][PASSED] - Test Cases/Final Aug 2018 - PKS Automation/Registration Module/New Registration/Flow of New Registration/Third Screen - Upload Supporting Doc - Preview: Test Cases/Final Aug 2018 - PKS Automation/Registration Module/New Registration/Flow of New Registration/Third Screen - Upload Supporting Doc - Preview

2018-12-12 19:00:34 - [TEST_STEP][PASSED] - waitForPageLoad: Wait for page load successfully

2018-12-12 19:00:35 - [MESSAGE][PASSED] - Wait for page load successfully

2018-12-12 19:00:35 - [TEST_STEP][PASSED] - Statement - CaseReferenceNo = com.kms.katalon.core.webui.keyword.WebUiBuiltInKeywords.getText(com.kms.katalon.core.testobject.ObjectRepository.findTestObject(Final Object Repo/New Registration - Registration Module Pages/Third Screen - Upload Supporting Doc- Preview/RefNo Acquiring)): Text of object 'Object Repository/Final Object Repo/New Registration - Registration Module Pages/Third Screen - Upload Supporting Doc- Preview/RefNo Acquiring' is: 'CRN12201800123229'

2018-12-12 19:00:35 - [MESSAGE][PASSED] - Text of object 'Object Repository/Final Object Repo/New Registration - Registration Module Pages/Third Screen - Upload Supporting Doc- Preview/RefNo Acquiring' is: 'CRN12201800123229'

2018-12-12 19:00:35 - [TEST_STEP][PASSED] - delay: Delayed 2 second(s)

2018-12-12 19:00:37 - [MESSAGE][PASSED] - Delayed 2 second(s)

2018-12-12 19:00:37 - [TEST_STEP][PASSED] - callTestCase: Call Test Case 'Test Cases/Final Aug 2018 - PKS Automation/Common/Reference Number Setter' successfully

2018-12-12 19:00:37 - [TEST_CASE][PASSED] - Test Cases/Final Aug 2018 - PKS Automation/Common/Reference Number Setter: Test Cases/Final Aug 2018 - PKS Automation/Common/Reference Number Setter

2018-12-12 19:00:37 - [TEST_STEP][PASSED] - Statement - RefNoOldFile = new java.io.File(C://Users//Admin//Desktop//PKS//Automation Reference Point//KatalonReference.txt): null

2018-12-12 19:00:37 - [TEST_STEP][PASSED] - Statement - RefNoOldFile.delete(): null

2018-12-12 19:00:37 - [TEST_STEP][PASSED] - delay: Delayed 5 second(s)

2018-12-12 19:00:42 - [MESSAGE][PASSED] - Delayed 5 second(s)

2018-12-12 19:00:42 - [TEST_STEP][PASSED] - Statement - RefNo = new java.io.File(C://Users//Admin//Desktop//PKS//Automation Reference Point//KatalonReference.txt): null

2018-12-12 19:00:42 - [TEST_STEP][PASSED] - Statement - f2 = new java.io.FileWriter(RefNo, false): null

2018-12-12 19:00:42 - [TEST_STEP][PASSED] - Statement - f2.write(CaseReferenceNo): null

2018-12-12 19:00:42 - [TEST_STEP][PASSED] - Statement - f2.close(): null

2018-12-12 19:00:42 - [TEST_STEP][PASSED] - Statement - out.println("


" + CaseReferenceNo + "


"): null

2018-12-12 19:00:42 - [MESSAGE][PASSED] - Call Test Case 'Test Cases/Final Aug 2018 - PKS Automation/Common/Reference Number Setter' successfully

2018-12-12 19:00:42 - [TEST_STEP][PASSED] - waitForElementClickable: Object 'Object Repository/Final Object Repo/New Registration - Registration Module Pages/Third Screen - Upload Supporting Doc- Preview/Save n Continue in SIP Employee Listing Page' is clickable

2018-12-12 19:00:42 - [MESSAGE][PASSED] - Object 'Object Repository/Final Object Repo/New Registration - Registration Module Pages/Third Screen - Upload Supporting Doc- Preview/Save n Continue in SIP Employee Listing Page' is clickable

2018-12-12 19:00:42 - [TEST_STEP][PASSED] - click: Object: 'Object Repository/Final Object Repo/New Registration - Registration Module Pages/Third Screen - Upload Supporting Doc- Preview/Save n Continue in SIP Employee Listing Page' is clicked on

2018-12-12 19:00:48 - [MESSAGE][PASSED] - Object: 'Object Repository/Final Object Repo/New Registration - Registration Module Pages/Third Screen - Upload Supporting Doc- Preview/Save n Continue in SIP Employee Listing Page' is clicked on

2018-12-12 19:00:48 - [TEST_STEP][PASSED] - delay: Delayed 7 second(s)

2018-12-12 19:00:55 - [MESSAGE][PASSED] - Delayed 7 second(s)

2018-12-12 19:00:55 - [TEST_STEP][PASSED] - click: Object: 'Object Repository/Final Object Repo/New Registration - Registration Module Pages/Third Screen - Upload Supporting Doc- Preview/Add Document Button' is clicked on

2018-12-12 19:00:55 - [MESSAGE][PASSED] - Object: 'Object Repository/Final Object Repo/New Registration - Registration Module Pages/Third Screen - Upload Supporting Doc- Preview/Add Document Button' is clicked on

2018-12-12 19:00:55 - [TEST_STEP][PASSED] - delay: Delayed 30 second(s)

2018-12-12 19:01:25 - [MESSAGE][PASSED] - Delayed 30 second(s)

2018-12-12 19:01:25 - [TEST_STEP][PASSED] - click: Object: 'Object Repository/Final Object Repo/New Registration - Registration Module Pages/Third Screen - Upload Supporting Doc- Preview/Supporting Doc Please Select Drop Down' is clicked on

2018-12-12 19:01:25 - [MESSAGE][PASSED] - Object: 'Object Repository/Final Object Repo/New Registration - Registration Module Pages/Third Screen - Upload Supporting Doc- Preview/Supporting Doc Please Select Drop Down' is clicked on

2018-12-12 19:01:25 - [TEST_STEP][PASSED] - delay: Delayed 2 second(s)

2018-12-12 19:01:27 - [MESSAGE][PASSED] - Delayed 2 second(s)

2018-12-12 19:01:27 - [TEST_STEP][PASSED] - click: Object: 'Object Repository/Final Object Repo/New Registration - Registration Module Pages/Third Screen - Upload Supporting Doc- Preview/Select to Upload Form 1' is clicked on

2018-12-12 19:01:27 - [MESSAGE][PASSED] - Object: 'Object Repository/Final Object Repo/New Registration - Registration Module Pages/Third Screen - Upload Supporting Doc- Preview/Select to Upload Form 1' is clicked on

2018-12-12 19:01:27 - [TEST_STEP][PASSED] - delay: Delayed 2 second(s)

2018-12-12 19:01:29 - [MESSAGE][PASSED] - Delayed 2 second(s)

2018-12-12 19:01:29 - [TEST_STEP][PASSED] - uploadFile: File 'C:\Users\Public\Pictures\Sample Pictures\Koala.jpg' sent to object: 'Object Repository/Final Object Repo/New Registration - Registration Module Pages/Third Screen - Upload Supporting Doc- Preview/Upload File Adding'

2018-12-12 19:01:30 - [MESSAGE][PASSED] - File 'C:\Users\Public\Pictures\Sample Pictures\Koala.jpg' sent to object: 'Object Repository/Final Object Repo/New Registration - Registration Module Pages/Third Screen - Upload Supporting Doc- Preview/Upload File Adding'

2018-12-12 19:01:30 - [TEST_STEP][PASSED] - delay: Delayed 5 second(s)

2018-12-12 19:01:35 - [MESSAGE][PASSED] - Delayed 5 second(s)

2018-12-12 19:01:35 - [TEST_STEP][PASSED] - click: Object: 'Object Repository/Final Object Repo/New Registration - Registration Module Pages/Third Screen - Upload Supporting Doc- Preview/Inner Form Add Document Button' is clicked on

2018-12-12 19:01:35 - [MESSAGE][PASSED] - Object: 'Object Repository/Final Object Repo/New Registration - Registration Module Pages/Third Screen - Upload Supporting Doc- Preview/Inner Form Add Document Button' is clicked on

2018-12-12 19:01:35 - [TEST_STEP][PASSED] - delay: Delayed 3 second(s)

2018-12-12 19:01:38 - [MESSAGE][PASSED] - Delayed 3 second(s)

2018-12-12 19:01:38 - [TEST_STEP][PASSED] - click: Object: 'Object Repository/Final Object Repo/New Registration - Registration Module Pages/Third Screen - Upload Supporting Doc- Preview/Add Document Button' is clicked on

2018-12-12 19:01:39 - [MESSAGE][PASSED] - Object: 'Object Repository/Final Object Repo/New Registration - Registration Module Pages/Third Screen - Upload Supporting Doc- Preview/Add Document Button' is clicked on

2018-12-12 19:01:39 - [TEST_STEP][PASSED] - delay: Delayed 30 second(s)

2018-12-12 19:02:09 - [MESSAGE][PASSED] - Delayed 30 second(s)

2018-12-12 19:02:09 - [TEST_STEP][PASSED] - click: Object: 'Object Repository/Final Object Repo/New Registration - Registration Module Pages/Third Screen - Upload Supporting Doc- Preview/Supporting Doc Please Select Drop Down' is clicked on

2018-12-12 19:02:09 - [MESSAGE][PASSED] - Object: 'Object Repository/Final Object Repo/New Registration - Registration Module Pages/Third Screen - Upload Supporting Doc- Preview/Supporting Doc Please Select Drop Down' is clicked on

2018-12-12 19:02:09 - [TEST_STEP][PASSED] - delay: Delayed 4 second(s)

2018-12-12 19:02:13 - [MESSAGE][PASSED] - Delayed 4 second(s)

2018-12-12 19:02:13 - [TEST_STEP][PASSED] - click: Object: 'Object Repository/Final Object Repo/New Registration - Registration Module Pages/Third Screen - Upload Supporting Doc- Preview/Select to Upload Form 2' is clicked on

2018-12-12 19:02:13 - [MESSAGE][PASSED] - Object: 'Object Repository/Final Object Repo/New Registration - Registration Module Pages/Third Screen - Upload Supporting Doc- Preview/Select to Upload Form 2' is clicked on

2018-12-12 19:02:13 - [TEST_STEP][PASSED] - delay: Delayed 2 second(s)

2018-12-12 19:02:15 - [MESSAGE][PASSED] - Delayed 2 second(s)

2018-12-12 19:02:15 - [TEST_STEP][PASSED] - uploadFile: File 'C:\Users\Public\Pictures\Sample Pictures\Koala.jpg' sent to object: 'Object Repository/Final Object Repo/New Registration - Registration Module Pages/Third Screen - Upload Supporting Doc- Preview/Upload File Adding'

2018-12-12 19:02:15 - [MESSAGE][PASSED] - File 'C:\Users\Public\Pictures\Sample Pictures\Koala.jpg' sent to object: 'Object Repository/Final Object Repo/New Registration - Registration Module Pages/Third Screen - Upload Supporting Doc- Preview/Upload File Adding'

2018-12-12 19:02:15 - [TEST_STEP][PASSED] - click: Object: 'Object Repository/Final Object Repo/New Registration - Registration Module Pages/Third Screen - Upload Supporting Doc- Preview/Inner Form Add Document Button' is clicked on

2018-12-12 19:02:15 - [MESSAGE][PASSED] - Object: 'Object Repository/Final Object Repo/New Registration - Registration Module Pages/Third Screen - Upload Supporting Doc- Preview/Inner Form Add Document Button' is clicked on

2018-12-12 19:02:15 - [TEST_STEP][PASSED] - delay: Delayed 5 second(s)

2018-12-12 19:02:20 - [MESSAGE][PASSED] - Delayed 5 second(s)

2018-12-12 19:02:20 - [TEST_STEP][PASSED] - click: Object: 'Object Repository/Final Object Repo/New Registration - Registration Module Pages/Third Screen - Upload Supporting Doc- Preview/Add Document Button' is clicked on

2018-12-12 19:02:21 - [MESSAGE][PASSED] - Object: 'Object Repository/Final Object Repo/New Registration - Registration Module Pages/Third Screen - Upload Supporting Doc- Preview/Add Document Button' is clicked on

2018-12-12 19:02:21 - [TEST_STEP][PASSED] - delay: Delayed 30 second(s)

2018-12-12 19:02:51 - [MESSAGE][PASSED] - Delayed 30 second(s)

2018-12-12 19:02:51 - [TEST_STEP][PASSED] - click: Object: 'Object Repository/Final Object Repo/New Registration - Registration Module Pages/Third Screen - Upload Supporting Doc- Preview/Supporting Doc Please Select Drop Down' is clicked on

2018-12-12 19:02:51 - [MESSAGE][PASSED] - Object: 'Object Repository/Final Object Repo/New Registration - Registration Module Pages/Third Screen - Upload Supporting Doc- Preview/Supporting Doc Please Select Drop Down' is clicked on

2018-12-12 19:02:51 - [TEST_STEP][PASSED] - click: Object: 'Object Repository/Final Object Repo/New Registration - Registration Module Pages/Third Screen - Upload Supporting Doc- Preview/Select to Upload Borang SIP 1' is clicked on

2018-12-12 19:02:51 - [MESSAGE][PASSED] - Object: 'Object Repository/Final Object Repo/New Registration - Registration Module Pages/Third Screen - Upload Supporting Doc- Preview/Select to Upload Borang SIP 1' is clicked on

2018-12-12 19:02:51 - [TEST_STEP][PASSED] - delay: Delayed 2 second(s)

2018-12-12 19:02:53 - [MESSAGE][PASSED] - Delayed 2 second(s)

2018-12-12 19:02:53 - [TEST_STEP][PASSED] - uploadFile: File 'C:\Users\Public\Pictures\Sample Pictures\Koala.jpg' sent to object: 'Object Repository/Final Object Repo/New Registration - Registration Module Pages/Third Screen - Upload Supporting Doc- Preview/Upload File Adding'

2018-12-12 19:02:53 - [MESSAGE][PASSED] - File 'C:\Users\Public\Pictures\Sample Pictures\Koala.jpg' sent to object: 'Object Repository/Final Object Repo/New Registration - Registration Module Pages/Third Screen - Upload Supporting Doc- Preview/Upload File Adding'

2018-12-12 19:02:53 - [TEST_STEP][PASSED] - click: Object: 'Object Repository/Final Object Repo/New Registration - Registration Module Pages/Third Screen - Upload Supporting Doc- Preview/Inner Form Add Document Button' is clicked on

2018-12-12 19:02:53 - [MESSAGE][PASSED] - Object: 'Object Repository/Final Object Repo/New Registration - Registration Module Pages/Third Screen - Upload Supporting Doc- Preview/Inner Form Add Document Button' is clicked on

2018-12-12 19:02:53 - [TEST_STEP][PASSED] - delay: Delayed 5 second(s)

2018-12-12 19:02:58 - [MESSAGE][PASSED] - Delayed 5 second(s)

2018-12-12 19:02:58 - [TEST_STEP][PASSED] - click: Object: 'Object Repository/Final Object Repo/New Registration - Registration Module Pages/Third Screen - Upload Supporting Doc- Preview/Add Document Button' is clicked on

2018-12-12 19:02:58 - [MESSAGE][PASSED] - Object: 'Object Repository/Final Object Repo/New Registration - Registration Module Pages/Third Screen - Upload Supporting Doc- Preview/Add Document Button' is clicked on

2018-12-12 19:02:58 - [TEST_STEP][PASSED] - delay: Delayed 30 second(s)

2018-12-12 19:03:28 - [MESSAGE][PASSED] - Delayed 30 second(s)

2018-12-12 19:03:28 - [TEST_STEP][PASSED] - click: Object: 'Object Repository/Final Object Repo/New Registration - Registration Module Pages/Third Screen - Upload Supporting Doc- Preview/Supporting Doc Please Select Drop Down' is clicked on

2018-12-12 19:03:29 - [MESSAGE][PASSED] - Object: 'Object Repository/Final Object Repo/New Registration - Registration Module Pages/Third Screen - Upload Supporting Doc- Preview/Supporting Doc Please Select Drop Down' is clicked on

2018-12-12 19:03:29 - [TEST_STEP][PASSED] - delay: Delayed 3 second(s)

2018-12-12 19:03:32 - [MESSAGE][PASSED] - Delayed 3 second(s)

2018-12-12 19:03:32 - [TEST_STEP][PASSED] - click: Object: 'Object Repository/Final Object Repo/New Registration - Registration Module Pages/Third Screen - Upload Supporting Doc- Preview/Select to Upload Borang SIP 2' is clicked on

2018-12-12 19:03:32 - [MESSAGE][PASSED] - Object: 'Object Repository/Final Object Repo/New Registration - Registration Module Pages/Third Screen - Upload Supporting Doc- Preview/Select to Upload Borang SIP 2' is clicked on

2018-12-12 19:03:32 - [TEST_STEP][PASSED] - delay: Delayed 2 second(s)

2018-12-12 19:03:34 - [MESSAGE][PASSED] - Delayed 2 second(s)

2018-12-12 19:03:34 - [TEST_STEP][PASSED] - uploadFile: File 'C:\Users\Public\Pictures\Sample Pictures\Koala.jpg' sent to object: 'Object Repository/Final Object Repo/New Registration - Registration Module Pages/Third Screen - Upload Supporting Doc- Preview/Upload File Adding'

2018-12-12 19:03:34 - [MESSAGE][PASSED] - File 'C:\Users\Public\Pictures\Sample Pictures\Koala.jpg' sent to object: 'Object Repository/Final Object Repo/New Registration - Registration Module Pages/Third Screen - Upload Supporting Doc- Preview/Upload File Adding'

2018-12-12 19:03:34 - [TEST_STEP][PASSED] - delay: Delayed 5 second(s)

2018-12-12 19:03:39 - [MESSAGE][PASSED] - Delayed 5 second(s)

2018-12-12 19:03:39 - [TEST_STEP][PASSED] - click: Object: 'Object Repository/Final Object Repo/New Registration - Registration Module Pages/Third Screen - Upload Supporting Doc- Preview/Inner Form Add Document Button' is clicked on

2018-12-12 19:03:39 - [MESSAGE][PASSED] - Object: 'Object Repository/Final Object Repo/New Registration - Registration Module Pages/Third Screen - Upload Supporting Doc- Preview/Inner Form Add Document Button' is clicked on

2018-12-12 19:03:39 - [TEST_STEP][PASSED] - delay: Delayed 3 second(s)

2018-12-12 19:03:42 - [MESSAGE][PASSED] - Delayed 3 second(s)

2018-12-12 19:03:42 - [TEST_STEP][PASSED] - waitForElementClickable: Object 'Object Repository/Final Object Repo/New Registration - Registration Module Pages/Third Screen - Upload Supporting Doc- Preview/Save n Continue in Uploading Supporting Doc Page' is clickable

2018-12-12 19:03:43 - [MESSAGE][PASSED] - Object 'Object Repository/Final Object Repo/New Registration - Registration Module Pages/Third Screen - Upload Supporting Doc- Preview/Save n Continue in Uploading Supporting Doc Page' is clickable

2018-12-12 19:03:43 - [TEST_STEP][PASSED] - click: Object: 'Object Repository/Final Object Repo/New Registration - Registration Module Pages/Third Screen - Upload Supporting Doc- Preview/Save n Continue in Uploading Supporting Doc Page' is clicked on

2018-12-12 19:03:43 - [MESSAGE][PASSED] - Object: 'Object Repository/Final Object Repo/New Registration - Registration Module Pages/Third Screen - Upload Supporting Doc- Preview/Save n Continue in Uploading Supporting Doc Page' is clicked on

2018-12-12 19:03:43 - [MESSAGE][PASSED] - Call Test Case 'Test Cases/Final Aug 2018 - PKS Automation/Registration Module/New Registration/Flow of New Registration/Third Screen - Upload Supporting Doc - Preview' successfully

2018-12-12 19:03:43 - [TEST_STEP][PASSED] - callTestCase: Call Test Case 'Test Cases/Final Aug 2018 - PKS Automation/Registration Module/New Registration/Submit and Screenshot/Submit Registration and Screenshot' successfully

2018-12-12 19:03:43 - [TEST_CASE][PASSED] - Test Cases/Final Aug 2018 - PKS Automation/Registration Module/New Registration/Submit and Screenshot/Submit Registration and Screenshot: Test Cases/Final Aug 2018 - PKS Automation/Registration Module/New Registration/Submit and Screenshot/Submit Registration and Screenshot

2018-12-12 19:03:43 - [TEST_STEP][PASSED] - delay: Delayed 6 second(s)

2018-12-12 19:03:49 - [MESSAGE][PASSED] - Delayed 6 second(s)

2018-12-12 19:03:49 - [TEST_STEP][PASSED] - click: Object: 'Object Repository/Final Object Repo/New Registration - Registration Module Pages/Third Screen - Upload Supporting Doc- Preview/Preview Submit Button' is clicked on

2018-12-12 19:03:49 - [MESSAGE][PASSED] - Object: 'Object Repository/Final Object Repo/New Registration - Registration Module Pages/Third Screen - Upload Supporting Doc- Preview/Preview Submit Button' is clicked on

2018-12-12 19:03:49 - [TEST_STEP][PASSED] - delay: Delayed 2 second(s)

2018-12-12 19:03:51 - [MESSAGE][PASSED] - Delayed 2 second(s)

2018-12-12 19:03:51 - [TEST_STEP][PASSED] - click: Object: 'Object Repository/Final Object Repo/New Registration - Registration Module Pages/Third Screen - Upload Supporting Doc- Preview/Preview Submit - Confirm' is clicked on

2018-12-12 19:03:52 - [MESSAGE][PASSED] - Object: 'Object Repository/Final Object Repo/New Registration - Registration Module Pages/Third Screen - Upload Supporting Doc- Preview/Preview Submit - Confirm' is clicked on

2018-12-12 19:03:52 - [TEST_STEP][PASSED] - delay: Delayed 15 second(s)

2018-12-12 19:04:07 - [MESSAGE][PASSED] - Delayed 15 second(s)

2018-12-12 19:04:07 - [TEST_STEP][PASSED] - Statement - driver = com.kms.katalon.core.webui.driver.DriverFactory.getWebDriver(): null

2018-12-12 19:04:07 - [TEST_STEP][PASSED] - Statement - driver.manage().timeouts().implicitlyWait(10, SECONDS): null

2018-12-12 19:04:07 - [TEST_STEP][PASSED] - Statement - PresavePath = KatalonScreenshots: null

2018-12-12 19:04:07 - [TEST_STEP][PASSED] - Statement - pathPrefix = "C:\Users\Public\Pictures\Sample Pictures\Katalon Screenshots\Automate Ending Screen": null

2018-12-12 19:04:07 - [TEST_STEP][PASSED] - Statement - finalPath = <not implemented yet for class: org.codehaus.groovy.ast.expr.EmptyExpression>: null

2018-12-12 19:04:07 - [TEST_STEP][PASSED] - Statement - scrFile = driver.getScreenshotAs(FILE): null

2018-12-12 19:04:07 - [TEST_STEP][PASSED] - Statement - PreSaveFile = new java.io.File(PresavePath): null

2018-12-12 19:04:07 - [TEST_STEP][PASSED] - Statement - counter = 0: null

2018-12-12 19:04:07 - [TEST_STEP][PASSED] - Statement - If (PreSaveFile.exists()): null

2018-12-12 19:04:07 - [TEST_STEP][PASSED] - Statement - While (PreSaveFile.exists()): null

2018-12-12 19:04:07 - [TEST_STEP][PASSED] - Statement - counter = counter + 1: null

2018-12-12 19:04:07 - [TEST_STEP][PASSED] - Statement - PreSaveFile = new java.io.File(((pathPrefix + java.lang.Integer.toString(counter)) + .png)): null

2018-12-12 19:04:07 - [TEST_STEP][PASSED] - Statement - counter = counter + 1: null

2018-12-12 19:04:07 - [TEST_STEP][PASSED] - Statement - PreSaveFile = new java.io.File(((pathPrefix + java.lang.Integer.toString(counter)) + .png)): null

2018-12-12 19:04:07 - [TEST_STEP][PASSED] - Statement - counter = counter + 1: null

2018-12-12 19:04:07 - [TEST_STEP][PASSED] - Statement - PreSaveFile = new java.io.File(((pathPrefix + java.lang.Integer.toString(counter)) + .png)): null

2018-12-12 19:04:07 - [TEST_STEP][PASSED] - Statement - counter = counter + 1: null

2018-12-12 19:04:07 - [TEST_STEP][PASSED] - Statement - PreSaveFile = new java.io.File(((pathPrefix + java.lang.Integer.toString(counter)) + .png)): null

2018-12-12 19:04:07 - [TEST_STEP][PASSED] - Statement - counter = counter + 1: null

2018-12-12 19:04:07 - [TEST_STEP][PASSED] - Statement - PreSaveFile = new java.io.File(((pathPrefix + java.lang.Integer.toString(counter)) + .png)): null

2018-12-12 19:04:07 - [TEST_STEP][PASSED] - Statement - counter = counter + 1: null

2018-12-12 19:04:07 - [TEST_STEP][PASSED] - Statement - PreSaveFile = new java.io.File(((pathPrefix + java.lang.Integer.toString(counter)) + .png)): null

2018-12-12 19:04:07 - [TEST_STEP][PASSED] - Statement - counter = counter + 1: null

2018-12-12 19:04:07 - [TEST_STEP][PASSED] - Statement - PreSaveFile = new java.io.File(((pathPrefix + java.lang.Integer.toString(counter)) + .png)): null

2018-12-12 19:04:07 - [TEST_STEP][PASSED] - Statement - counter = counter + 1: null

2018-12-12 19:04:07 - [TEST_STEP][PASSED] - Statement - PreSaveFile = new java.io.File(((pathPrefix + java.lang.Integer.toString(counter)) + .png)): null

2018-12-12 19:04:07 - [TEST_STEP][PASSED] - Statement - counter = counter + 1: null

2018-12-12 19:04:07 - [TEST_STEP][PASSED] - Statement - PreSaveFile = new java.io.File(((pathPrefix + java.lang.Integer.toString(counter)) + .png)): null

2018-12-12 19:04:07 - [TEST_STEP][PASSED] - Statement - counter = counter + 1: null

2018-12-12 19:04:07 - [TEST_STEP][PASSED] - Statement - PreSaveFile = new java.io.File(((pathPrefix + java.lang.Integer.toString(counter)) + .png)): null

2018-12-12 19:04:07 - [TEST_STEP][PASSED] - Statement - counter = counter + 1: null

2018-12-12 19:04:07 - [TEST_STEP][PASSED] - Statement - PreSaveFile = new java.io.File(((pathPrefix + java.lang.Integer.toString(counter)) + .png)): null

2018-12-12 19:04:07 - [TEST_STEP][PASSED] - Statement - counter = counter + 1: null

2018-12-12 19:04:07 - [TEST_STEP][PASSED] - Statement - PreSaveFile = new java.io.File(((pathPrefix + java.lang.Integer.toString(counter)) + .png)): null

2018-12-12 19:04:07 - [TEST_STEP][PASSED] - Statement - counter = counter + 1: null

2018-12-12 19:04:07 - [TEST_STEP][PASSED] - Statement - PreSaveFile = new java.io.File(((pathPrefix + java.lang.Integer.toString(counter)) + .png)): null

2018-12-12 19:04:07 - [TEST_STEP][PASSED] - Statement - counter = counter + 1: null

2018-12-12 19:04:07 - [TEST_STEP][PASSED] - Statement - PreSaveFile = new java.io.File(((pathPrefix + java.lang.Integer.toString(counter)) + .png)): null

2018-12-12 19:04:07 - [TEST_STEP][PASSED] - Statement - counter = counter + 1: null

2018-12-12 19:04:07 - [TEST_STEP][PASSED] - Statement - PreSaveFile = new java.io.File(((pathPrefix + java.lang.Integer.toString(counter)) + .png)): null

2018-12-12 19:04:07 - [TEST_STEP][PASSED] - Statement - counter = counter + 1: null

2018-12-12 19:04:07 - [TEST_STEP][PASSED] - Statement - PreSaveFile = new java.io.File(((pathPrefix + java.lang.Integer.toString(counter)) + .png)): null

2018-12-12 19:04:07 - [TEST_STEP][PASSED] - Statement - counter = counter + 1: null

2018-12-12 19:04:07 - [TEST_STEP][PASSED] - Statement - PreSaveFile = new java.io.File(((pathPrefix + java.lang.Integer.toString(counter)) + .png)): null

2018-12-12 19:04:07 - [TEST_STEP][PASSED] - Statement - counter = counter + 1: null

2018-12-12 19:04:07 - [TEST_STEP][PASSED] - Statement - PreSaveFile = new java.io.File(((pathPrefix + java.lang.Integer.toString(counter)) + .png)): null

2018-12-12 19:04:07 - [TEST_STEP][PASSED] - Statement - counter = counter + 1: null

2018-12-12 19:04:07 - [TEST_STEP][PASSED] - Statement - PreSaveFile = new java.io.File(((pathPrefix + java.lang.Integer.toString(counter)) + .png)): null

2018-12-12 19:04:07 - [TEST_STEP][PASSED] - Statement - counter = counter + 1: null

2018-12-12 19:04:07 - [TEST_STEP][PASSED] - Statement - PreSaveFile = new java.io.File(((pathPrefix + java.lang.Integer.toString(counter)) + .png)): null

2018-12-12 19:04:07 - [TEST_STEP][PASSED] - Statement - counter = counter + 1: null

2018-12-12 19:04:07 - [TEST_STEP][PASSED] - Statement - PreSaveFile = new java.io.File(((pathPrefix + java.lang.Integer.toString(counter)) + .png)): null

2018-12-12 19:04:07 - [TEST_STEP][PASSED] - Statement - counter = counter + 1: null

2018-12-12 19:04:07 - [TEST_STEP][PASSED] - Statement - PreSaveFile = new java.io.File(((pathPrefix + java.lang.Integer.toString(counter)) + .png)): null

2018-12-12 19:04:07 - [TEST_STEP][PASSED] - Statement - counter = counter + 1: null

2018-12-12 19:04:07 - [TEST_STEP][PASSED] - Statement - PreSaveFile = new java.io.File(((pathPrefix + java.lang.Integer.toString(counter)) + .png)): null

2018-12-12 19:04:07 - [TEST_STEP][PASSED] - Statement - counter = counter + 1: null

2018-12-12 19:04:07 - [TEST_STEP][PASSED] - Statement - PreSaveFile = new java.io.File(((pathPrefix + java.lang.Integer.toString(counter)) + .png)): null

2018-12-12 19:04:07 - [TEST_STEP][PASSED] - Statement - counter = counter + 1: null

2018-12-12 19:04:07 - [TEST_STEP][PASSED] - Statement - PreSaveFile = new java.io.File(((pathPrefix + java.lang.Integer.toString(counter)) + .png)): null

2018-12-12 19:04:07 - [TEST_STEP][PASSED] - Statement - counter = counter + 1: null

2018-12-12 19:04:07 - [TEST_STEP][PASSED] - Statement - PreSaveFile = new java.io.File(((pathPrefix + java.lang.Integer.toString(counter)) + .png)): null

2018-12-12 19:04:07 - [TEST_STEP][PASSED] - Statement - counter = counter + 1: null

2018-12-12 19:04:07 - [TEST_STEP][PASSED] - Statement - PreSaveFile = new java.io.File(((pathPrefix + java.lang.Integer.toString(counter)) + .png)): null

2018-12-12 19:04:07 - [TEST_STEP][PASSED] - Statement - counter = counter + 1: null

2018-12-12 19:04:07 - [TEST_STEP][PASSED] - Statement - PreSaveFile = new java.io.File(((pathPrefix + java.lang.Integer.toString(counter)) + .png)): null

2018-12-12 19:04:07 - [TEST_STEP][PASSED] - Statement - counter = counter + 1: null

2018-12-12 19:04:07 - [TEST_STEP][PASSED] - Statement - PreSaveFile = new java.io.File(((pathPrefix + java.lang.Integer.toString(counter)) + .png)): null

2018-12-12 19:04:07 - [TEST_STEP][PASSED] - Statement - counter = counter + 1: null

2018-12-12 19:04:07 - [TEST_STEP][PASSED] - Statement - PreSaveFile = new java.io.File(((pathPrefix + java.lang.Integer.toString(counter)) + .png)): null

2018-12-12 19:04:07 - [TEST_STEP][PASSED] - Statement - counter = counter + 1: null

2018-12-12 19:04:07 - [TEST_STEP][PASSED] - Statement - PreSaveFile = new java.io.File(((pathPrefix + java.lang.Integer.toString(counter)) + .png)): null

2018-12-12 19:04:07 - [TEST_STEP][PASSED] - Statement - counter = counter + 1: null

2018-12-12 19:04:07 - [TEST_STEP][PASSED] - Statement - PreSaveFile = new java.io.File(((pathPrefix + java.lang.Integer.toString(counter)) + .png)): null

2018-12-12 19:04:07 - [TEST_STEP][PASSED] - Statement - counter = counter + 1: null

2018-12-12 19:04:07 - [TEST_STEP][PASSED] - Statement - PreSaveFile = new java.io.File(((pathPrefix + java.lang.Integer.toString(counter)) + .png)): null

2018-12-12 19:04:07 - [TEST_STEP][PASSED] - Statement - counter = counter + 1: null

2018-12-12 19:04:07 - [TEST_STEP][PASSED] - Statement - PreSaveFile = new java.io.File(((pathPrefix + java.lang.Integer.toString(counter)) + .png)): null

2018-12-12 19:04:07 - [TEST_STEP][PASSED] - Statement - counter = counter + 1: null

2018-12-12 19:04:07 - [TEST_STEP][PASSED] - Statement - PreSaveFile = new java.io.File(((pathPrefix + java.lang.Integer.toString(counter)) + .png)): null

2018-12-12 19:04:07 - [TEST_STEP][PASSED] - Statement - counter = counter + 1: null

2018-12-12 19:04:07 - [TEST_STEP][PASSED] - Statement - PreSaveFile = new java.io.File(((pathPrefix + java.lang.Integer.toString(counter)) + .png)): null

2018-12-12 19:04:07 - [TEST_STEP][PASSED] - Statement - counter = counter + 1: null

2018-12-12 19:04:07 - [TEST_STEP][PASSED] - Statement - PreSaveFile = new java.io.File(((pathPrefix + java.lang.Integer.toString(counter)) + .png)): null

2018-12-12 19:04:07 - [TEST_STEP][PASSED] - Statement - counter = counter + 1: null

2018-12-12 19:04:07 - [TEST_STEP][PASSED] - Statement - PreSaveFile = new java.io.File(((pathPrefix + java.lang.Integer.toString(counter)) + .png)): null

2018-12-12 19:04:07 - [TEST_STEP][PASSED] - Statement - counter = counter + 1: null

2018-12-12 19:04:07 - [TEST_STEP][PASSED] - Statement - PreSaveFile = new java.io.File(((pathPrefix + java.lang.Integer.toString(counter)) + .png)): null

2018-12-12 19:04:07 - [TEST_STEP][PASSED] - Statement - counter = counter + 1: null

2018-12-12 19:04:07 - [TEST_STEP][PASSED] - Statement - PreSaveFile = new java.io.File(((pathPrefix + java.lang.Integer.toString(counter)) + .png)): null

2018-12-12 19:04:07 - [TEST_STEP][PASSED] - Statement - counter = counter + 1: null

2018-12-12 19:04:07 - [TEST_STEP][PASSED] - Statement - PreSaveFile = new java.io.File(((pathPrefix + java.lang.Integer.toString(counter)) + .png)): null

2018-12-12 19:04:07 - [TEST_STEP][PASSED] - Statement - counter = counter + 1: null

2018-12-12 19:04:07 - [TEST_STEP][PASSED] - Statement - PreSaveFile = new java.io.File(((pathPrefix + java.lang.Integer.toString(counter)) + .png)): null

2018-12-12 19:04:07 - [TEST_STEP][PASSED] - Statement - counter = counter + 1: null

2018-12-12 19:04:07 - [TEST_STEP][PASSED] - Statement - PreSaveFile = new java.io.File(((pathPrefix + java.lang.Integer.toString(counter)) + .png)): null

2018-12-12 19:04:07 - [TEST_STEP][PASSED] - Statement - counter = counter + 1: null

2018-12-12 19:04:07 - [TEST_STEP][PASSED] - Statement - PreSaveFile = new java.io.File(((pathPrefix + java.lang.Integer.toString(counter)) + .png)): null

2018-12-12 19:04:07 - [TEST_STEP][PASSED] - Statement - counter = counter + 1: null

2018-12-12 19:04:07 - [TEST_STEP][PASSED] - Statement - PreSaveFile = new java.io.File(((pathPrefix + java.lang.Integer.toString(counter)) + .png)): null

2018-12-12 19:04:07 - [TEST_STEP][PASSED] - Statement - counter = counter + 1: null

2018-12-12 19:04:07 - [TEST_STEP][PASSED] - Statement - PreSaveFile = new java.io.File(((pathPrefix + java.lang.Integer.toString(counter)) + .png)): null

2018-12-12 19:04:07 - [TEST_STEP][PASSED] - Statement - counter = counter + 1: null

2018-12-12 19:04:07 - [TEST_STEP][PASSED] - Statement - PreSaveFile = new java.io.File(((pathPrefix + java.lang.Integer.toString(counter)) + .png)): null

2018-12-12 19:04:07 - [TEST_STEP][PASSED] - Statement - counter = counter + 1: null

2018-12-12 19:04:07 - [TEST_STEP][PASSED] - Statement - PreSaveFile = new java.io.File(((pathPrefix + java.lang.Integer.toString(counter)) + .png)): null

2018-12-12 19:04:07 - [TEST_STEP][PASSED] - Statement - counter = counter + 1: null

2018-12-12 19:04:07 - [TEST_STEP][PASSED] - Statement - PreSaveFile = new java.io.File(((pathPrefix + java.lang.Integer.toString(counter)) + .png)): null

2018-12-12 19:04:07 - [TEST_STEP][PASSED] - Statement - counter = counter + 1: null

2018-12-12 19:04:07 - [TEST_STEP][PASSED] - Statement - PreSaveFile = new java.io.File(((pathPrefix + java.lang.Integer.toString(counter)) + .png)): null

2018-12-12 19:04:07 - [TEST_STEP][PASSED] - Statement - counter = counter + 1: null

2018-12-12 19:04:07 - [TEST_STEP][PASSED] - Statement - PreSaveFile = new java.io.File(((pathPrefix + java.lang.Integer.toString(counter)) + .png)): null

2018-12-12 19:04:07 - [TEST_STEP][PASSED] - Statement - counter = counter + 1: null

2018-12-12 19:04:07 - [TEST_STEP][PASSED] - Statement - PreSaveFile = new java.io.File(((pathPrefix + java.lang.Integer.toString(counter)) + .png)): null

2018-12-12 19:04:07 - [TEST_STEP][PASSED] - Statement - counter = counter + 1: null

2018-12-12 19:04:07 - [TEST_STEP][PASSED] - Statement - PreSaveFile = new java.io.File(((pathPrefix + java.lang.Integer.toString(counter)) + .png)): null

2018-12-12 19:04:07 - [TEST_STEP][PASSED] - Statement - counter = counter + 1: null

2018-12-12 19:04:07 - [TEST_STEP][PASSED] - Statement - PreSaveFile = new java.io.File(((pathPrefix + java.lang.Integer.toString(counter)) + .png)): null

2018-12-12 19:04:07 - [TEST_STEP][PASSED] - Statement - counter = counter + 1: null

2018-12-12 19:04:07 - [TEST_STEP][PASSED] - Statement - PreSaveFile = new java.io.File(((pathPrefix + java.lang.Integer.toString(counter)) + .png)): null

2018-12-12 19:04:07 - [TEST_STEP][PASSED] - Statement - counter = counter + 1: null

2018-12-12 19:04:07 - [TEST_STEP][PASSED] - Statement - PreSaveFile = new java.io.File(((pathPrefix + java.lang.Integer.toString(counter)) + .png)): null

2018-12-12 19:04:07 - [TEST_STEP][PASSED] - Statement - counter = counter + 1: null

2018-12-12 19:04:07 - [TEST_STEP][PASSED] - Statement - PreSaveFile = new java.io.File(((pathPrefix + java.lang.Integer.toString(counter)) + .png)): null

2018-12-12 19:04:07 - [TEST_STEP][PASSED] - Statement - counter = counter + 1: null

2018-12-12 19:04:07 - [TEST_STEP][PASSED] - Statement - PreSaveFile = new java.io.File(((pathPrefix + java.lang.Integer.toString(counter)) + .png)): null

2018-12-12 19:04:07 - [TEST_STEP][PASSED] - Statement - counter = counter + 1: null

2018-12-12 19:04:07 - [TEST_STEP][PASSED] - Statement - PreSaveFile = new java.io.File(((pathPrefix + java.lang.Integer.toString(counter)) + .png)): null

2018-12-12 19:04:07 - [TEST_STEP][PASSED] - Statement - counter = counter + 1: null

2018-12-12 19:04:07 - [TEST_STEP][PASSED] - Statement - PreSaveFile = new java.io.File(((pathPrefix + java.lang.Integer.toString(counter)) + .png)): null

2018-12-12 19:04:07 - [TEST_STEP][PASSED] - Statement - counter = counter + 1: null

2018-12-12 19:04:07 - [TEST_STEP][PASSED] - Statement - PreSaveFile = new java.io.File(((pathPrefix + java.lang.Integer.toString(counter)) + .png)): null

2018-12-12 19:04:07 - [TEST_STEP][PASSED] - Statement - counter = counter + 1: null

2018-12-12 19:04:07 - [TEST_STEP][PASSED] - Statement - PreSaveFile = new java.io.File(((pathPrefix + java.lang.Integer.toString(counter)) + .png)): null

2018-12-12 19:04:07 - [TEST_STEP][PASSED] - Statement - counter = counter + 1: null

2018-12-12 19:04:07 - [TEST_STEP][PASSED] - Statement - PreSaveFile = new java.io.File(((pathPrefix + java.lang.Integer.toString(counter)) + .png)): null

2018-12-12 19:04:07 - [TEST_STEP][PASSED] - Statement - counter = counter + 1: null

2018-12-12 19:04:07 - [TEST_STEP][PASSED] - Statement - PreSaveFile = new java.io.File(((pathPrefix + java.lang.Integer.toString(counter)) + .png)): null

2018-12-12 19:04:07 - [TEST_STEP][PASSED] - Statement - counter = counter + 1: null

2018-12-12 19:04:07 - [TEST_STEP][PASSED] - Statement - PreSaveFile = new java.io.File(((pathPrefix + java.lang.Integer.toString(counter)) + .png)): null

2018-12-12 19:04:07 - [TEST_STEP][PASSED] - Statement - counter = counter + 1: null

2018-12-12 19:04:07 - [TEST_STEP][PASSED] - Statement - PreSaveFile = new java.io.File(((pathPrefix + java.lang.Integer.toString(counter)) + .png)): null

2018-12-12 19:04:07 - [TEST_STEP][PASSED] - Statement - counter = counter + 1: null

2018-12-12 19:04:07 - [TEST_STEP][PASSED] - Statement - PreSaveFile = new java.io.File(((pathPrefix + java.lang.Integer.toString(counter)) + .png)): null

2018-12-12 19:04:07 - [TEST_STEP][PASSED] - Statement - counter = counter + 1: null

2018-12-12 19:04:07 - [TEST_STEP][PASSED] - Statement - PreSaveFile = new java.io.File(((pathPrefix + java.lang.Integer.toString(counter)) + .png)): null

2018-12-12 19:04:07 - [TEST_STEP][PASSED] - Statement - counter = counter + 1: null

2018-12-12 19:04:07 - [TEST_STEP][PASSED] - Statement - PreSaveFile = new java.io.File(((pathPrefix + java.lang.Integer.toString(counter)) + .png)): null

2018-12-12 19:04:07 - [TEST_STEP][PASSED] - Statement - counter = counter + 1: null

2018-12-12 19:04:07 - [TEST_STEP][PASSED] - Statement - PreSaveFile = new java.io.File(((pathPrefix + java.lang.Integer.toString(counter)) + .png)): null

2018-12-12 19:04:07 - [TEST_STEP][PASSED] - Statement - counter = counter + 1: null

2018-12-12 19:04:07 - [TEST_STEP][PASSED] - Statement - PreSaveFile = new java.io.File(((pathPrefix + java.lang.Integer.toString(counter)) + .png)): null

2018-12-12 19:04:07 - [TEST_STEP][PASSED] - Statement - counter = counter + 1: null

2018-12-12 19:04:07 - [TEST_STEP][PASSED] - Statement - PreSaveFile = new java.io.File(((pathPrefix + java.lang.Integer.toString(counter)) + .png)): null

2018-12-12 19:04:07 - [TEST_STEP][PASSED] - Statement - counter = counter + 1: null

2018-12-12 19:04:07 - [TEST_STEP][PASSED] - Statement - PreSaveFile = new java.io.File(((pathPrefix + java.lang.Integer.toString(counter)) + .png)): null

2018-12-12 19:04:07 - [TEST_STEP][PASSED] - Statement - counter = counter + 1: null

2018-12-12 19:04:07 - [TEST_STEP][PASSED] - Statement - PreSaveFile = new java.io.File(((pathPrefix + java.lang.Integer.toString(counter)) + .png)): null

2018-12-12 19:04:07 - [TEST_STEP][PASSED] - Statement - counter = counter + 1: null

2018-12-12 19:04:07 - [TEST_STEP][PASSED] - Statement - PreSaveFile = new java.io.File(((pathPrefix + java.lang.Integer.toString(counter)) + .png)): null

2018-12-12 19:04:07 - [TEST_STEP][PASSED] - Statement - counter = counter + 1: null

2018-12-12 19:04:07 - [TEST_STEP][PASSED] - Statement - PreSaveFile = new java.io.File(((pathPrefix + java.lang.Integer.toString(counter)) + .png)): null

2018-12-12 19:04:07 - [TEST_STEP][PASSED] - Statement - counter = counter + 1: null

2018-12-12 19:04:07 - [TEST_STEP][PASSED] - Statement - PreSaveFile = new java.io.File(((pathPrefix + java.lang.Integer.toString(counter)) + .png)): null

2018-12-12 19:04:07 - [TEST_STEP][PASSED] - Statement - counter = counter + 1: null

2018-12-12 19:04:07 - [TEST_STEP][PASSED] - Statement - PreSaveFile = new java.io.File(((pathPrefix + java.lang.Integer.toString(counter)) + .png)): null

2018-12-12 19:04:07 - [TEST_STEP][PASSED] - Statement - counter = counter + 1: null

2018-12-12 19:04:07 - [TEST_STEP][PASSED] - Statement - PreSaveFile = new java.io.File(((pathPrefix + java.lang.Integer.toString(counter)) + .png)): null

2018-12-12 19:04:07 - [TEST_STEP][PASSED] - Statement - counter = counter + 1: null

2018-12-12 19:04:07 - [TEST_STEP][PASSED] - Statement - PreSaveFile = new java.io.File(((pathPrefix + java.lang.Integer.toString(counter)) + .png)): null

2018-12-12 19:04:07 - [TEST_STEP][PASSED] - Statement - counter = counter + 1: null

2018-12-12 19:04:07 - [TEST_STEP][PASSED] - Statement - PreSaveFile = new java.io.File(((pathPrefix + java.lang.Integer.toString(counter)) + .png)): null

2018-12-12 19:04:07 - [TEST_STEP][PASSED] - Statement - counter = counter + 1: null

2018-12-12 19:04:07 - [TEST_STEP][PASSED] - Statement - PreSaveFile = new java.io.File(((pathPrefix + java.lang.Integer.toString(counter)) + .png)): null

2018-12-12 19:04:07 - [TEST_STEP][PASSED] - Statement - counter = counter + 1: null

2018-12-12 19:04:07 - [TEST_STEP][PASSED] - Statement - PreSaveFile = new java.io.File(((pathPrefix + java.lang.Integer.toString(counter)) + .png)): null

2018-12-12 19:04:07 - [TEST_STEP][PASSED] - Statement - counter = counter + 1: null

2018-12-12 19:04:07 - [TEST_STEP][PASSED] - Statement - PreSaveFile = new java.io.File(((pathPrefix + java.lang.Integer.toString(counter)) + .png)): null

2018-12-12 19:04:07 - [TEST_STEP][PASSED] - Statement - counter = counter + 1: null

2018-12-12 19:04:07 - [TEST_STEP][PASSED] - Statement - PreSaveFile = new java.io.File(((pathPrefix + java.lang.Integer.toString(counter)) + .png)): null

2018-12-12 19:04:07 - [TEST_STEP][PASSED] - Statement - counter = counter + 1: null

2018-12-12 19:04:07 - [TEST_STEP][PASSED] - Statement - PreSaveFile = new java.io.File(((pathPrefix + java.lang.Integer.toString(counter)) + .png)): null

2018-12-12 19:04:07 - [TEST_STEP][PASSED] - Statement - counter = counter + 1: null

2018-12-12 19:04:07 - [TEST_STEP][PASSED] - Statement - PreSaveFile = new java.io.File(((pathPrefix + java.lang.Integer.toString(counter)) + .png)): null

2018-12-12 19:04:07 - [TEST_STEP][PASSED] - Statement - counter = counter + 1: null

2018-12-12 19:04:07 - [TEST_STEP][PASSED] - Statement - PreSaveFile = new java.io.File(((pathPrefix + java.lang.Integer.toString(counter)) + .png)): null

2018-12-12 19:04:07 - [TEST_STEP][PASSED] - Statement - counter = counter + 1: null

2018-12-12 19:04:07 - [TEST_STEP][PASSED] - Statement - PreSaveFile = new java.io.File(((pathPrefix + java.lang.Integer.toString(counter)) + .png)): null

2018-12-12 19:04:07 - [TEST_STEP][PASSED] - Statement - counter = counter + 1: null

2018-12-12 19:04:07 - [TEST_STEP][PASSED] - Statement - PreSaveFile = new java.io.File(((pathPrefix + java.lang.Integer.toString(counter)) + .png)): null

2018-12-12 19:04:07 - [TEST_STEP][PASSED] - Statement - counter = counter + 1: null

2018-12-12 19:04:07 - [TEST_STEP][PASSED] - Statement - PreSaveFile = new java.io.File(((pathPrefix + java.lang.Integer.toString(counter)) + .png)): null

2018-12-12 19:04:07 - [TEST_STEP][PASSED] - Statement - counter = counter + 1: null

2018-12-12 19:04:07 - [TEST_STEP][PASSED] - Statement - PreSaveFile = new java.io.File(((pathPrefix + java.lang.Integer.toString(counter)) + .png)): null

2018-12-12 19:04:07 - [TEST_STEP][PASSED] - Statement - counter = counter + 1: null

2018-12-12 19:04:07 - [TEST_STEP][PASSED] - Statement - PreSaveFile = new java.io.File(((pathPrefix + java.lang.Integer.toString(counter)) + .png)): null

2018-12-12 19:04:07 - [TEST_STEP][PASSED] - Statement - counter = counter + 1: null

2018-12-12 19:04:07 - [TEST_STEP][PASSED] - Statement - PreSaveFile = new java.io.File(((pathPrefix + java.lang.Integer.toString(counter)) + .png)): null

2018-12-12 19:04:07 - [TEST_STEP][PASSED] - Statement - counter = counter + 1: null

2018-12-12 19:04:07 - [TEST_STEP][PASSED] - Statement - PreSaveFile = new java.io.File(((pathPrefix + java.lang.Integer.toString(counter)) + .png)): null

2018-12-12 19:04:07 - [TEST_STEP][PASSED] - Statement - counter = counter + 1: null

2018-12-12 19:04:07 - [TEST_STEP][PASSED] - Statement - PreSaveFile = new java.io.File(((pathPrefix + java.lang.Integer.toString(counter)) + .png)): null

2018-12-12 19:04:07 - [TEST_STEP][PASSED] - Statement - counter = counter + 1: null

2018-12-12 19:04:07 - [TEST_STEP][PASSED] - Statement - PreSaveFile = new java.io.File(((pathPrefix + java.lang.Integer.toString(counter)) + .png)): null

2018-12-12 19:04:07 - [TEST_STEP][PASSED] - Statement - counter = counter + 1: null

2018-12-12 19:04:07 - [TEST_STEP][PASSED] - Statement - PreSaveFile = new java.io.File(((pathPrefix + java.lang.Integer.toString(counter)) + .png)): null

2018-12-12 19:04:07 - [TEST_STEP][PASSED] - Statement - counter = counter + 1: null

2018-12-12 19:04:07 - [TEST_STEP][PASSED] - Statement - PreSaveFile = new java.io.File(((pathPrefix + java.lang.Integer.toString(counter)) + .png)): null

2018-12-12 19:04:07 - [TEST_STEP][PASSED] - Statement - counter = counter + 1: null

2018-12-12 19:04:07 - [TEST_STEP][PASSED] - Statement - PreSaveFile = new java.io.File(((pathPrefix + java.lang.Integer.toString(counter)) + .png)): null

2018-12-12 19:04:07 - [TEST_STEP][PASSED] - Statement - counter = counter + 1: null

2018-12-12 19:04:07 - [TEST_STEP][PASSED] - Statement - PreSaveFile = new java.io.File(((pathPrefix + java.lang.Integer.toString(counter)) + .png)): null

2018-12-12 19:04:07 - [TEST_STEP][PASSED] - Statement - counter = counter + 1: null

2018-12-12 19:04:07 - [TEST_STEP][PASSED] - Statement - PreSaveFile = new java.io.File(((pathPrefix + java.lang.Integer.toString(counter)) + .png)): null

2018-12-12 19:04:07 - [TEST_STEP][PASSED] - Statement - counter = counter + 1: null

2018-12-12 19:04:07 - [TEST_STEP][PASSED] - Statement - PreSaveFile = new java.io.File(((pathPrefix + java.lang.Integer.toString(counter)) + .png)): null

2018-12-12 19:04:07 - [TEST_STEP][PASSED] - Statement - counter = counter + 1: null

2018-12-12 19:04:07 - [TEST_STEP][PASSED] - Statement - PreSaveFile = new java.io.File(((pathPrefix + java.lang.Integer.toString(counter)) + .png)): null

2018-12-12 19:04:07 - [TEST_STEP][PASSED] - Statement - counter = counter + 1: null

2018-12-12 19:04:07 - [TEST_STEP][PASSED] - Statement - PreSaveFile = new java.io.File(((pathPrefix + java.lang.Integer.toString(counter)) + .png)): null

2018-12-12 19:04:07 - [TEST_STEP][PASSED] - Statement - counter = counter + 1: null

2018-12-12 19:04:07 - [TEST_STEP][PASSED] - Statement - PreSaveFile = new java.io.File(((pathPrefix + java.lang.Integer.toString(counter)) + .png)): null

2018-12-12 19:04:07 - [TEST_STEP][PASSED] - Statement - counter = counter + 1: null

2018-12-12 19:04:07 - [TEST_STEP][PASSED] - Statement - PreSaveFile = new java.io.File(((pathPrefix + java.lang.Integer.toString(counter)) + .png)): null

2018-12-12 19:04:07 - [TEST_STEP][PASSED] - Statement - counter = counter + 1: null

2018-12-12 19:04:07 - [TEST_STEP][PASSED] - Statement - PreSaveFile = new java.io.File(((pathPrefix + java.lang.Integer.toString(counter)) + .png)): null

2018-12-12 19:04:07 - [TEST_STEP][PASSED] - Statement - counter = counter + 1: null

2018-12-12 19:04:07 - [TEST_STEP][PASSED] - Statement - PreSaveFile = new java.io.File(((pathPrefix + java.lang.Integer.toString(counter)) + .png)): null

2018-12-12 19:04:07 - [TEST_STEP][PASSED] - Statement - counter = counter + 1: null

2018-12-12 19:04:07 - [TEST_STEP][PASSED] - Statement - PreSaveFile = new java.io.File(((pathPrefix + java.lang.Integer.toString(counter)) + .png)): null

2018-12-12 19:04:07 - [TEST_STEP][PASSED] - Statement - counter = counter + 1: null

2018-12-12 19:04:07 - [TEST_STEP][PASSED] - Statement - PreSaveFile = new java.io.File(((pathPrefix + java.lang.Integer.toString(counter)) + .png)): null

2018-12-12 19:04:07 - [TEST_STEP][PASSED] - Statement - counter = counter + 1: null

2018-12-12 19:04:07 - [TEST_STEP][PASSED] - Statement - PreSaveFile = new java.io.File(((pathPrefix + java.lang.Integer.toString(counter)) + .png)): null

2018-12-12 19:04:07 - [TEST_STEP][PASSED] - Statement - counter = counter + 1: null

2018-12-12 19:04:07 - [TEST_STEP][PASSED] - Statement - PreSaveFile = new java.io.File(((pathPrefix + java.lang.Integer.toString(counter)) + .png)): null

2018-12-12 19:04:07 - [TEST_STEP][PASSED] - Statement - counter = counter + 1: null

2018-12-12 19:04:07 - [TEST_STEP][PASSED] - Statement - PreSaveFile = new java.io.File(((pathPrefix + java.lang.Integer.toString(counter)) + .png)): null

2018-12-12 19:04:07 - [TEST_STEP][PASSED] - Statement - counter = counter + 1: null

2018-12-12 19:04:07 - [TEST_STEP][PASSED] - Statement - PreSaveFile = new java.io.File(((pathPrefix + java.lang.Integer.toString(counter)) + .png)): null

2018-12-12 19:04:07 - [TEST_STEP][PASSED] - Statement - counter = counter + 1: null

2018-12-12 19:04:07 - [TEST_STEP][PASSED] - Statement - PreSaveFile = new java.io.File(((pathPrefix + java.lang.Integer.toString(counter)) + .png)): null

2018-12-12 19:04:07 - [TEST_STEP][PASSED] - Statement - counter = counter + 1: null

2018-12-12 19:04:07 - [TEST_STEP][PASSED] - Statement - PreSaveFile = new java.io.File(((pathPrefix + java.lang.Integer.toString(counter)) + .png)): null

2018-12-12 19:04:07 - [TEST_STEP][PASSED] - Statement - counter = counter + 1: null

2018-12-12 19:04:07 - [TEST_STEP][PASSED] - Statement - PreSaveFile = new java.io.File(((pathPrefix + java.lang.Integer.toString(counter)) + .png)): null

2018-12-12 19:04:07 - [TEST_STEP][PASSED] - Statement - counter = counter + 1: null

2018-12-12 19:04:07 - [TEST_STEP][PASSED] - Statement - PreSaveFile = new java.io.File(((pathPrefix + java.lang.Integer.toString(counter)) + .png)): null

2018-12-12 19:04:07 - [TEST_STEP][PASSED] - Statement - counter = counter + 1: null

2018-12-12 19:04:07 - [TEST_STEP][PASSED] - Statement - PreSaveFile = new java.io.File(((pathPrefix + java.lang.Integer.toString(counter)) + .png)): null

2018-12-12 19:04:07 - [TEST_STEP][PASSED] - Statement - counter = counter + 1: null

2018-12-12 19:04:07 - [TEST_STEP][PASSED] - Statement - PreSaveFile = new java.io.File(((pathPrefix + java.lang.Integer.toString(counter)) + .png)): null

2018-12-12 19:04:07 - [TEST_STEP][PASSED] - Statement - counter = counter + 1: null

2018-12-12 19:04:07 - [TEST_STEP][PASSED] - Statement - PreSaveFile = new java.io.File(((pathPrefix + java.lang.Integer.toString(counter)) + .png)): null

2018-12-12 19:04:07 - [TEST_STEP][PASSED] - Statement - counter = counter + 1: null

2018-12-12 19:04:07 - [TEST_STEP][PASSED] - Statement - PreSaveFile = new java.io.File(((pathPrefix + java.lang.Integer.toString(counter)) + .png)): null

2018-12-12 19:04:07 - [TEST_STEP][PASSED] - Statement - counter = counter + 1: null

2018-12-12 19:04:07 - [TEST_STEP][PASSED] - Statement - PreSaveFile = new java.io.File(((pathPrefix + java.lang.Integer.toString(counter)) + .png)): null

2018-12-12 19:04:07 - [TEST_STEP][PASSED] - Statement - counter = counter + 1: null

2018-12-12 19:04:07 - [TEST_STEP][PASSED] - Statement - PreSaveFile = new java.io.File(((pathPrefix + java.lang.Integer.toString(counter)) + .png)): null

2018-12-12 19:04:07 - [TEST_STEP][PASSED] - Statement - counter = counter + 1: null

2018-12-12 19:04:07 - [TEST_STEP][PASSED] - Statement - PreSaveFile = new java.io.File(((pathPrefix + java.lang.Integer.toString(counter)) + .png)): null

2018-12-12 19:04:07 - [TEST_STEP][PASSED] - Statement - counter = counter + 1: null

2018-12-12 19:04:07 - [TEST_STEP][PASSED] - Statement - PreSaveFile = new java.io.File(((pathPrefix + java.lang.Integer.toString(counter)) + .png)): null

2018-12-12 19:04:07 - [TEST_STEP][PASSED] - Statement - counter = counter + 1: null

2018-12-12 19:04:07 - [TEST_STEP][PASSED] - Statement - PreSaveFile = new java.io.File(((pathPrefix + java.lang.Integer.toString(counter)) + .png)): null

2018-12-12 19:04:07 - [TEST_STEP][PASSED] - Statement - counter = counter + 1: null

2018-12-12 19:04:07 - [TEST_STEP][PASSED] - Statement - PreSaveFile = new java.io.File(((pathPrefix + java.lang.Integer.toString(counter)) + .png)): null

2018-12-12 19:04:07 - [TEST_STEP][PASSED] - Statement - counter = counter + 1: null

2018-12-12 19:04:07 - [TEST_STEP][PASSED] - Statement - PreSaveFile = new java.io.File(((pathPrefix + java.lang.Integer.toString(counter)) + .png)): null

2018-12-12 19:04:07 - [TEST_STEP][PASSED] - Statement - counter = counter + 1: null

2018-12-12 19:04:07 - [TEST_STEP][PASSED] - Statement - PreSaveFile = new java.io.File(((pathPrefix + java.lang.Integer.toString(counter)) + .png)): null

2018-12-12 19:04:07 - [TEST_STEP][PASSED] - Statement - counter = counter + 1: null

2018-12-12 19:04:07 - [TEST_STEP][PASSED] - Statement - PreSaveFile = new java.io.File(((pathPrefix + java.lang.Integer.toString(counter)) + .png)): null

2018-12-12 19:04:07 - [TEST_STEP][PASSED] - Statement - counter = counter + 1: null

2018-12-12 19:04:07 - [TEST_STEP][PASSED] - Statement - PreSaveFile = new java.io.File(((pathPrefix + java.lang.Integer.toString(counter)) + .png)): null

2018-12-12 19:04:07 - [TEST_STEP][PASSED] - Statement - counter = counter + 1: null

2018-12-12 19:04:07 - [TEST_STEP][PASSED] - Statement - PreSaveFile = new java.io.File(((pathPrefix + java.lang.Integer.toString(counter)) + .png)): null

2018-12-12 19:04:07 - [TEST_STEP][PASSED] - Statement - counter = counter + 1: null

2018-12-12 19:04:07 - [TEST_STEP][PASSED] - Statement - PreSaveFile = new java.io.File(((pathPrefix + java.lang.Integer.toString(counter)) + .png)): null

2018-12-12 19:04:07 - [TEST_STEP][PASSED] - Statement - counter = counter + 1: null

2018-12-12 19:04:07 - [TEST_STEP][PASSED] - Statement - PreSaveFile = new java.io.File(((pathPrefix + java.lang.Integer.toString(counter)) + .png)): null

2018-12-12 19:04:07 - [TEST_STEP][PASSED] - Statement - counter = counter + 1: null

2018-12-12 19:04:07 - [TEST_STEP][PASSED] - Statement - PreSaveFile = new java.io.File(((pathPrefix + java.lang.Integer.toString(counter)) + .png)): null

2018-12-12 19:04:07 - [TEST_STEP][PASSED] - Statement - counter = counter + 1: null

2018-12-12 19:04:07 - [TEST_STEP][PASSED] - Statement - PreSaveFile = new java.io.File(((pathPrefix + java.lang.Integer.toString(counter)) + .png)): null

2018-12-12 19:04:07 - [TEST_STEP][PASSED] - Statement - counter = counter + 1: null

2018-12-12 19:04:07 - [TEST_STEP][PASSED] - Statement - PreSaveFile = new java.io.File(((pathPrefix + java.lang.Integer.toString(counter)) + .png)): null

2018-12-12 19:04:07 - [TEST_STEP][PASSED] - Statement - counter = counter + 1: null

2018-12-12 19:04:07 - [TEST_STEP][PASSED] - Statement - PreSaveFile = new java.io.File(((pathPrefix + java.lang.Integer.toString(counter)) + .png)): null

2018-12-12 19:04:07 - [TEST_STEP][PASSED] - Statement - counter = counter + 1: null

2018-12-12 19:04:07 - [TEST_STEP][PASSED] - Statement - PreSaveFile = new java.io.File(((pathPrefix + java.lang.Integer.toString(counter)) + .png)): null

2018-12-12 19:04:07 - [TEST_STEP][PASSED] - Statement - counter = counter + 1: null

2018-12-12 19:04:07 - [TEST_STEP][PASSED] - Statement - PreSaveFile = new java.io.File(((pathPrefix + java.lang.Integer.toString(counter)) + .png)): null

2018-12-12 19:04:07 - [TEST_STEP][PASSED] - Statement - counter = counter + 1: null

2018-12-12 19:04:07 - [TEST_STEP][PASSED] - Statement - PreSaveFile = new java.io.File(((pathPrefix + java.lang.Integer.toString(counter)) + .png)): null

2018-12-12 19:04:07 - [TEST_STEP][PASSED] - Statement - counter = counter + 1: null

2018-12-12 19:04:07 - [TEST_STEP][PASSED] - Statement - PreSaveFile = new java.io.File(((pathPrefix + java.lang.Integer.toString(counter)) + .png)): null

2018-12-12 19:04:07 - [TEST_STEP][PASSED] - Statement - counter = counter + 1: null

2018-12-12 19:04:07 - [TEST_STEP][PASSED] - Statement - PreSaveFile = new java.io.File(((pathPrefix + java.lang.Integer.toString(counter)) + .png)): null

2018-12-12 19:04:07 - [TEST_STEP][PASSED] - Statement - counter = counter + 1: null

2018-12-12 19:04:07 - [TEST_STEP][PASSED] - Statement - PreSaveFile = new java.io.File(((pathPrefix + java.lang.Integer.toString(counter)) + .png)): null

2018-12-12 19:04:07 - [TEST_STEP][PASSED] - Statement - counter = counter + 1: null

2018-12-12 19:04:07 - [TEST_STEP][PASSED] - Statement - PreSaveFile = new java.io.File(((pathPrefix + java.lang.Integer.toString(counter)) + .png)): null

2018-12-12 19:04:07 - [TEST_STEP][PASSED] - Statement - counter = counter + 1: null

2018-12-12 19:04:07 - [TEST_STEP][PASSED] - Statement - PreSaveFile = new java.io.File(((pathPrefix + java.lang.Integer.toString(counter)) + .png)): null

2018-12-12 19:04:07 - [TEST_STEP][PASSED] - Statement - counter = counter + 1: null

2018-12-12 19:04:07 - [TEST_STEP][PASSED] - Statement - PreSaveFile = new java.io.File(((pathPrefix + java.lang.Integer.toString(counter)) + .png)): null

2018-12-12 19:04:07 - [TEST_STEP][PASSED] - Statement - counter = counter + 1: null

2018-12-12 19:04:07 - [TEST_STEP][PASSED] - Statement - PreSaveFile = new java.io.File(((pathPrefix + java.lang.Integer.toString(counter)) + .png)): null

2018-12-12 19:04:07 - [TEST_STEP][PASSED] - Statement - counter = counter + 1: null

2018-12-12 19:04:07 - [TEST_STEP][PASSED] - Statement - PreSaveFile = new java.io.File(((pathPrefix + java.lang.Integer.toString(counter)) + .png)): null

2018-12-12 19:04:07 - [TEST_STEP][PASSED] - Statement - counter = counter + 1: null

2018-12-12 19:04:07 - [TEST_STEP][PASSED] - Statement - PreSaveFile = new java.io.File(((pathPrefix + java.lang.Integer.toString(counter)) + .png)): null

2018-12-12 19:04:07 - [TEST_STEP][PASSED] - Statement - counter = counter + 1: null

2018-12-12 19:04:07 - [TEST_STEP][PASSED] - Statement - PreSaveFile = new java.io.File(((pathPrefix + java.lang.Integer.toString(counter)) + .png)): null

2018-12-12 19:04:07 - [TEST_STEP][PASSED] - Statement - counter = counter + 1: null

2018-12-12 19:04:07 - [TEST_STEP][PASSED] - Statement - PreSaveFile = new java.io.File(((pathPrefix + java.lang.Integer.toString(counter)) + .png)): null

2018-12-12 19:04:07 - [TEST_STEP][PASSED] - Statement - counter = counter + 1: null

2018-12-12 19:04:07 - [TEST_STEP][PASSED] - Statement - PreSaveFile = new java.io.File(((pathPrefix + java.lang.Integer.toString(counter)) + .png)): null

2018-12-12 19:04:07 - [TEST_STEP][PASSED] - Statement - counter = counter + 1: null

2018-12-12 19:04:07 - [TEST_STEP][PASSED] - Statement - PreSaveFile = new java.io.File(((pathPrefix + java.lang.Integer.toString(counter)) + .png)): null

2018-12-12 19:04:07 - [TEST_STEP][PASSED] - Statement - counter = counter + 1: null

2018-12-12 19:04:07 - [TEST_STEP][PASSED] - Statement - PreSaveFile = new java.io.File(((pathPrefix + java.lang.Integer.toString(counter)) + .png)): null

2018-12-12 19:04:07 - [TEST_STEP][PASSED] - Statement - counter = counter + 1: null

2018-12-12 19:04:07 - [TEST_STEP][PASSED] - Statement - PreSaveFile = new java.io.File(((pathPrefix + java.lang.Integer.toString(counter)) + .png)): null

2018-12-12 19:04:07 - [TEST_STEP][PASSED] - Statement - counter = counter + 1: null

2018-12-12 19:04:07 - [TEST_STEP][PASSED] - Statement - PreSaveFile = new java.io.File(((pathPrefix + java.lang.Integer.toString(counter)) + .png)): null

2018-12-12 19:04:07 - [TEST_STEP][PASSED] - Statement - counter = counter + 1: null

2018-12-12 19:04:07 - [TEST_STEP][PASSED] - Statement - PreSaveFile = new java.io.File(((pathPrefix + java.lang.Integer.toString(counter)) + .png)): null

2018-12-12 19:04:07 - [TEST_STEP][PASSED] - Statement - counter = counter + 1: null

2018-12-12 19:04:07 - [TEST_STEP][PASSED] - Statement - PreSaveFile = new java.io.File(((pathPrefix + java.lang.Integer.toString(counter)) + .png)): null

2018-12-12 19:04:07 - [TEST_STEP][PASSED] - Statement - counter = counter + 1: null

2018-12-12 19:04:07 - [TEST_STEP][PASSED] - Statement - PreSaveFile = new java.io.File(((pathPrefix + java.lang.Integer.toString(counter)) + .png)): null

2018-12-12 19:04:07 - [TEST_STEP][PASSED] - Statement - counter = counter + 1: null

2018-12-12 19:04:08 - [TEST_STEP][PASSED] - Statement - PreSaveFile = new java.io.File(((pathPrefix + java.lang.Integer.toString(counter)) + .png)): null

2018-12-12 19:04:08 - [TEST_STEP][PASSED] - Statement - counter = counter + 1: null

2018-12-12 19:04:08 - [TEST_STEP][PASSED] - Statement - PreSaveFile = new java.io.File(((pathPrefix + java.lang.Integer.toString(counter)) + .png)): null

2018-12-12 19:04:08 - [TEST_STEP][PASSED] - Statement - counter = counter + 1: null

2018-12-12 19:04:08 - [TEST_STEP][PASSED] - Statement - PreSaveFile = new java.io.File(((pathPrefix + java.lang.Integer.toString(counter)) + .png)): null

2018-12-12 19:04:08 - [TEST_STEP][PASSED] - Statement - counter = counter + 1: null

2018-12-12 19:04:08 - [TEST_STEP][PASSED] - Statement - PreSaveFile = new java.io.File(((pathPrefix + java.lang.Integer.toString(counter)) + .png)): null

2018-12-12 19:04:08 - [TEST_STEP][PASSED] - Statement - counter = counter + 1: null

2018-12-12 19:04:08 - [TEST_STEP][PASSED] - Statement - PreSaveFile = new java.io.File(((pathPrefix + java.lang.Integer.toString(counter)) + .png)): null

2018-12-12 19:04:08 - [TEST_STEP][PASSED] - Statement - counter = counter + 1: null

2018-12-12 19:04:08 - [TEST_STEP][PASSED] - Statement - PreSaveFile = new java.io.File(((pathPrefix + java.lang.Integer.toString(counter)) + .png)): null

2018-12-12 19:04:08 - [TEST_STEP][PASSED] - Statement - counter = counter + 1: null

2018-12-12 19:04:08 - [TEST_STEP][PASSED] - Statement - PreSaveFile = new java.io.File(((pathPrefix + java.lang.Integer.toString(counter)) + .png)): null

2018-12-12 19:04:08 - [TEST_STEP][PASSED] - Statement - finalPath = pathPrefix + java.lang.Integer.toString(counter) + ".png": null

2018-12-12 19:04:08 - [TEST_STEP][PASSED] - Statement - SaveFile = new java.io.File(finalPath): null

2018-12-12 19:04:08 - [TEST_STEP][PASSED] - Statement - Try: null

2018-12-12 19:04:08 - [TEST_STEP][PASSED] - Statement - org.apache.commons.io.FileUtils.copyFile(scrFile, SaveFile): null

2018-12-12 19:04:08 - [TEST_STEP][PASSED] - Statement - out.println("file kept"): null

2018-12-12 19:04:08 - [TEST_STEP][PASSED] - delay: Delayed 10 second(s)

2018-12-12 19:04:18 - [MESSAGE][PASSED] - Delayed 10 second(s)

2018-12-12 19:04:18 - [MESSAGE][PASSED] - Call Test Case 'Test Cases/Final Aug 2018 - PKS Automation/Registration Module/New Registration/Submit and Screenshot/Submit Registration and Screenshot' successfully

2018-12-12 19:04:18 - [TEST_STEP][PASSED] - callTestCase: Call Test Case 'Test Cases/Final Aug 2018 - PKS Automation/Registration Module/Log Out/log out avoiding katalon tagging' successfully

2018-12-12 19:04:18 - [TEST_CASE][PASSED] - Test Cases/Final Aug 2018 - PKS Automation/Registration Module/Log Out/log out avoiding katalon tagging: Test Cases/Final Aug 2018 - PKS Automation/Registration Module/Log Out/log out avoiding katalon tagging

2018-12-12 19:04:18 - [TEST_STEP][PASSED] - navigateToUrl: Navigate to 'https://assist2-uat.perkeso.gov.my/c/portal/logout' successfully

2018-12-12 19:04:19 - [MESSAGE][PASSED] - Navigate to 'https://assist2-uat.perkeso.gov.my/c/portal/logout' successfully

2018-12-12 19:04:19 - [MESSAGE][PASSED] - Call Test Case 'Test Cases/Final Aug 2018 - PKS Automation/Registration Module/Log Out/log out avoiding katalon tagging' successfully

2018-12-12 19:04:19 - [TEST_STEP][PASSED] - callTestCase: Call Test Case 'Test Cases/Final Aug 2018 - PKS Automation/Common/Workflow Owner Finder' successfully

2018-12-12 19:04:19 - [TEST_CASE][PASSED] - Test Cases/Final Aug 2018 - PKS Automation/Common/Workflow Owner Finder: Test Cases/Final Aug 2018 - PKS Automation/Common/Workflow Owner Finder

2018-12-12 19:04:19 - [TEST_STEP][PASSED] - openBrowser: Browser is opened with url: ''

2018-12-12 19:04:19 - [MESSAGE][WARNING] - A browser is already opened. Closing browser and opening a new one

2018-12-12 19:04:23 - [MESSAGE][PASSED] - Browser is opened with url: ''

2018-12-12 19:04:23 - [TEST_STEP][PASSED] - navigateToUrl: Navigate to 'https://assist2-uat.perkeso.gov.my/login' successfully

2018-12-12 19:04:24 - [MESSAGE][PASSED] - Navigate to 'https://assist2-uat.perkeso.gov.my/login' successfully

2018-12-12 19:04:24 - [TEST_STEP][PASSED] - delay: Delayed 5 second(s)

2018-12-12 19:04:29 - [MESSAGE][PASSED] - Delayed 5 second(s)

2018-12-12 19:04:29 - [TEST_STEP][PASSED] - setText: Text 'test@liferay.com' is set on object 'Object Repository/Final Object Repo/Login Page/Internal User/Email Address'

2018-12-12 19:04:29 - [MESSAGE][PASSED] - Text 'test@liferay.com' is set on object 'Object Repository/Final Object Repo/Login Page/Internal User/Email Address'

2018-12-12 19:04:29 - [TEST_STEP][PASSED] - click: Object: 'Object Repository/Final Object Repo/Login Page/Internal User/Next Button' is clicked on

2018-12-12 19:04:29 - [MESSAGE][PASSED] - Object: 'Object Repository/Final Object Repo/Login Page/Internal User/Next Button' is clicked on

2018-12-12 19:04:29 - [TEST_STEP][PASSED] - delay: Delayed 2 second(s)

2018-12-12 19:04:31 - [MESSAGE][PASSED] - Delayed 2 second(s)

2018-12-12 19:04:31 - [TEST_STEP][PASSED] - setText: Text 'test' is set on object 'Object Repository/Final Object Repo/Login Page/Internal User/Password'

2018-12-12 19:04:31 - [MESSAGE][PASSED] - Text 'test' is set on object 'Object Repository/Final Object Repo/Login Page/Internal User/Password'

2018-12-12 19:04:31 - [TEST_STEP][PASSED] - delay: Delayed 2 second(s)

2018-12-12 19:04:33 - [MESSAGE][PASSED] - Delayed 2 second(s)

2018-12-12 19:04:33 - [TEST_STEP][PASSED] - click: Object: 'Object Repository/Final Object Repo/Login Page/Internal User/Login Button' is clicked on

2018-12-12 19:04:34 - [MESSAGE][PASSED] - Object: 'Object Repository/Final Object Repo/Login Page/Internal User/Login Button' is clicked on

2018-12-12 19:04:34 - [TEST_STEP][PASSED] - Statement - tester = com.kms.katalon.core.testobject.ObjectRepository.findTestObject(Final Object Repo/Landing Page/Select to English): Finding Test Object with id 'Object Repository/Final Object Repo/Landing Page/Select to English'

2018-12-12 19:04:34 - [TEST_STEP][PASSED] - Statement - Try: Delayed 2 second(s)

2018-12-12 19:04:34 - [TEST_STEP][PASSED] - Statement - Checker = com.kms.katalon.core.webui.keyword.WebUiBuiltInKeywords.verifyElementNotPresent(tester, 3): Web element with id: 'Object Repository/Final Object Repo/Landing Page/Select to English' located by 'By.xpath: //a[@class = 'taglib-language-list-text' and @lang = 'en-US' and (contains(text(), 'EN') or contains(., 'EN'))]' is not present after '3' second(s)

2018-12-12 19:04:35 - [MESSAGE][PASSED] - Web element with id: 'Object Repository/Final Object Repo/Landing Page/Select to English' located by 'By.xpath: //a[@class = 'taglib-language-list-text' and @lang = 'en-US' and (contains(text(), 'EN') or contains(., 'EN'))]' is not present after '3' second(s)

2018-12-12 19:04:35 - [TEST_STEP][PASSED] - Statement - If (Checker == false): null

2018-12-12 19:04:35 - [TEST_STEP][PASSED] - delay: Delayed 2 second(s)

2018-12-12 19:04:37 - [MESSAGE][PASSED] - Delayed 2 second(s)

2018-12-12 19:04:37 - [TEST_STEP][PASSED] - delay: Delayed 5 second(s)

2018-12-12 19:04:42 - [MESSAGE][PASSED] - Delayed 5 second(s)

2018-12-12 19:04:42 - [TEST_STEP][PASSED] - mouseOver: Object: 'Object Repository/Final Object Repo/Landing Page/WorkFlow Menu' is hovered

2018-12-12 19:04:42 - [MESSAGE][PASSED] - Object: 'Object Repository/Final Object Repo/Landing Page/WorkFlow Menu' is hovered

2018-12-12 19:04:42 - [TEST_STEP][PASSED] - delay: Delayed 2 second(s)

2018-12-12 19:04:44 - [MESSAGE][PASSED] - Delayed 2 second(s)

2018-12-12 19:04:44 - [TEST_STEP][PASSED] - click: Object: 'Object Repository/Final Object Repo/Landing Page/Select to Workflow Listing' is clicked on

2018-12-12 19:04:46 - [MESSAGE][PASSED] - Object: 'Object Repository/Final Object Repo/Landing Page/Select to Workflow Listing' is clicked on

2018-12-12 19:04:46 - [TEST_STEP][PASSED] - delay: Delayed 2 second(s)

2018-12-12 19:04:48 - [MESSAGE][PASSED] - Delayed 2 second(s)

2018-12-12 19:04:48 - [TEST_STEP][PASSED] - click: Object: 'Object Repository/Final Object Repo/WorkFlow Listing Page/Search Information - To Put Ref No' is clicked on

2018-12-12 19:04:48 - [MESSAGE][PASSED] - Object: 'Object Repository/Final Object Repo/WorkFlow Listing Page/Search Information - To Put Ref No' is clicked on

2018-12-12 19:04:48 - [TEST_STEP][PASSED] - delay: Delayed 2 second(s)

2018-12-12 19:04:50 - [MESSAGE][PASSED] - Delayed 2 second(s)

2018-12-12 19:04:50 - [TEST_STEP][PASSED] - callTestCase: Call Test Case 'Test Cases/Final Aug 2018 - PKS Automation/Common/Reference Number Getter' successfully

2018-12-12 19:04:50 - [TEST_CASE][PASSED] - Test Cases/Final Aug 2018 - PKS Automation/Common/Reference Number Getter: Test Cases/Final Aug 2018 - PKS Automation/Common/Reference Number Getter

2018-12-12 19:04:50 - [TEST_STEP][PASSED] - Statement - Try: null

2018-12-12 19:04:50 - [TEST_STEP][PASSED] - Statement - RefNo = new java.io.File(C://Users//Admin//Desktop//PKS//Automation Reference Point//KatalonReference.txt): null

2018-12-12 19:04:50 - [TEST_STEP][PASSED] - Statement - bufferread = new java.io.BufferedReader(new java.io.FileReader(RefNo)): null

2018-12-12 19:04:50 - [TEST_STEP][PASSED] - Statement - readedVal = bufferread.readLine(): null

2018-12-12 19:04:50 - [TEST_STEP][PASSED] - Statement - out.println(CaseReferenceNo): null

2018-12-12 19:04:50 - [TEST_STEP][PASSED] - Statement - out.println(readedVal): null

2018-12-12 19:04:50 - [TEST_STEP][PASSED] - Statement - CaseReferenceNo = "": null

2018-12-12 19:04:50 - [TEST_STEP][PASSED] - Statement - CaseReferenceNo = readedVal: null

2018-12-12 19:04:50 - [MESSAGE][PASSED] - Call Test Case 'Test Cases/Final Aug 2018 - PKS Automation/Common/Reference Number Getter' successfully

2018-12-12 19:04:50 - [TEST_STEP][PASSED] - setText: Text 'CRN12201800123229' is set on object 'Object Repository/Final Object Repo/WorkFlow Listing Page/Ref No Set Text'

2018-12-12 19:04:50 - [MESSAGE][PASSED] - Text 'CRN12201800123229' is set on object 'Object Repository/Final Object Repo/WorkFlow Listing Page/Ref No Set Text'

2018-12-12 19:04:50 - [TEST_STEP][PASSED] - delay: Delayed 2 second(s)

2018-12-12 19:04:52 - [MESSAGE][PASSED] - Delayed 2 second(s)

2018-12-12 19:04:52 - [TEST_STEP][PASSED] - click: Object: 'Object Repository/Final Object Repo/WorkFlow Listing Page/Search Ref No Search Button' is clicked on

2018-12-12 19:04:52 - [MESSAGE][PASSED] - Object: 'Object Repository/Final Object Repo/WorkFlow Listing Page/Search Ref No Search Button' is clicked on

2018-12-12 19:04:52 - [TEST_STEP][PASSED] - delay: Delayed 6 second(s)

2018-12-12 19:04:58 - [MESSAGE][PASSED] - Delayed 6 second(s)

2018-12-12 19:04:58 - [TEST_STEP][PASSED] - click: Object: 'Object Repository/Final Object Repo/WorkFlow Listing Page/Click Continue Tooltip' is clicked on

2018-12-12 19:04:59 - [MESSAGE][PASSED] - Object: 'Object Repository/Final Object Repo/WorkFlow Listing Page/Click Continue Tooltip' is clicked on

2018-12-12 19:04:59 - [TEST_STEP][PASSED] - delay: Delayed 5 second(s)

2018-12-12 19:05:04 - [MESSAGE][PASSED] - Delayed 5 second(s)

2018-12-12 19:05:04 - [TEST_STEP][PASSED] - doubleClick: Object: 'Object Repository/Final Object Repo/WorkFlow Listing Page/Workflow Found - Listing 1' is double clicked on

2018-12-12 19:05:04 - [MESSAGE][PASSED] - Object: 'Object Repository/Final Object Repo/WorkFlow Listing Page/Workflow Found - Listing 1' is double clicked on

2018-12-12 19:05:04 - [TEST_STEP][PASSED] - Statement - println(OwnerID): null

2018-12-12 19:05:04 - [TEST_STEP][PASSED] - Statement - OwnerID = com.kms.katalon.core.webui.keyword.WebUiBuiltInKeywords.getText(com.kms.katalon.core.testobject.ObjectRepository.findTestObject(Final Object Repo/WorkFlow Listing Page/Workflow Found - Listing 1), STOP_ON_FAILURE): Text of object 'Object Repository/Final Object Repo/WorkFlow Listing Page/Workflow Found - Listing 1' is: 'JOHORro2'

2018-12-12 19:05:04 - [MESSAGE][PASSED] - Text of object 'Object Repository/Final Object Repo/WorkFlow Listing Page/Workflow Found - Listing 1' is: 'JOHORro2'

2018-12-12 19:05:04 - [TEST_STEP][PASSED] - Statement - OwnerID = OwnerID.toLowerCase() + "@gmail.com": null

2018-12-12 19:05:04 - [TEST_STEP][PASSED] - Statement - println(OwnerID): null

2018-12-12 19:05:04 - [TEST_STEP][PASSED] - delay: Delayed 2 second(s)

2018-12-12 19:05:06 - [MESSAGE][PASSED] - Delayed 2 second(s)

2018-12-12 19:05:06 - [MESSAGE][PASSED] - Call Test Case 'Test Cases/Final Aug 2018 - PKS Automation/Common/Workflow Owner Finder' successfully

2018-12-12 19:05:06 - [TEST_STEP][PASSED] - callTestCase: Call Test Case 'Test Cases/Final Aug 2018 - PKS Automation/Registration Module/Log Out/log out avoiding katalon tagging' successfully

2018-12-12 19:05:07 - [TEST_CASE][PASSED] - Test Cases/Final Aug 2018 - PKS Automation/Registration Module/Log Out/log out avoiding katalon tagging: Test Cases/Final Aug 2018 - PKS Automation/Registration Module/Log Out/log out avoiding katalon tagging

2018-12-12 19:05:07 - [TEST_STEP][PASSED] - navigateToUrl: Navigate to 'https://assist2-uat.perkeso.gov.my/c/portal/logout' successfully

2018-12-12 19:05:07 - [MESSAGE][PASSED] - Navigate to 'https://assist2-uat.perkeso.gov.my/c/portal/logout' successfully

2018-12-12 19:05:07 - [MESSAGE][PASSED] - Call Test Case 'Test Cases/Final Aug 2018 - PKS Automation/Registration Module/Log Out/log out avoiding katalon tagging' successfully

2018-12-12 19:05:07 - [TEST_STEP][PASSED] - delay: Delayed 2 second(s)

2018-12-12 19:05:09 - [MESSAGE][PASSED] - Delayed 2 second(s)

2018-12-12 19:05:09 - [TEST_STEP][PASSED] - setText: Text 'johorro2@gmail.com' is set on object 'Object Repository/Final Object Repo/New Registration - Registration Module Pages/New Reg - OTC to RO/Special Case - All Related Objects/Email TextBox'

2018-12-12 19:05:10 - [MESSAGE][PASSED] - Text 'johorro2@gmail.com' is set on object 'Object Repository/Final Object Repo/New Registration - Registration Module Pages/New Reg - OTC to RO/Special Case - All Related Objects/Email TextBox'

2018-12-12 19:05:10 - [TEST_STEP][PASSED] - click: Object: 'Object Repository/Final Object Repo/New Registration - Registration Module Pages/New Reg - OTC to RO/Special Case - All Related Objects/Next Button' is clicked on

2018-12-12 19:05:10 - [MESSAGE][PASSED] - Object: 'Object Repository/Final Object Repo/New Registration - Registration Module Pages/New Reg - OTC to RO/Special Case - All Related Objects/Next Button' is clicked on

2018-12-12 19:05:10 - [TEST_STEP][PASSED] - delay: Delayed 2 second(s)

2018-12-12 19:05:12 - [MESSAGE][PASSED] - Delayed 2 second(s)

2018-12-12 19:05:12 - [TEST_STEP][PASSED] - setText: Text 'Test1@3456789' is set on object 'Object Repository/Final Object Repo/New Registration - Registration Module Pages/New Reg - OTC to RO/Special Case - All Related Objects/Password TextBox'

2018-12-12 19:05:12 - [MESSAGE][PASSED] - Text 'Test1@3456789' is set on object 'Object Repository/Final Object Repo/New Registration - Registration Module Pages/New Reg - OTC to RO/Special Case - All Related Objects/Password TextBox'

2018-12-12 19:05:12 - [TEST_STEP][PASSED] - delay: Delayed 2 second(s)

2018-12-12 19:05:14 - [MESSAGE][PASSED] - Delayed 2 second(s)

2018-12-12 19:05:14 - [TEST_STEP][PASSED] - click: Object: 'Object Repository/Final Object Repo/New Registration - Registration Module Pages/New Reg - OTC to RO/Special Case - All Related Objects/Login Button' is clicked on

2018-12-12 19:05:14 - [MESSAGE][PASSED] - Object: 'Object Repository/Final Object Repo/New Registration - Registration Module Pages/New Reg - OTC to RO/Special Case - All Related Objects/Login Button' is clicked on

2018-12-12 19:05:14 - [TEST_STEP][PASSED] - delay: Delayed 2 second(s)

2018-12-12 19:05:16 - [MESSAGE][PASSED] - Delayed 2 second(s)

2018-12-12 19:05:16 - [TEST_STEP][PASSED] - Statement - Try: null

2018-12-12 19:05:16 - [TEST_STEP][PASSED] - Statement - Checker = com.kms.katalon.core.webui.keyword.WebUiBuiltInKeywords.verifyElementNotPresent("Final Object Repo/Landing Page/Select to English", 3): null

2018-12-12 19:05:16 - [TEST_STEP][PASSED] - Statement - Catch (Exception e): null

2018-12-12 19:05:16 - [TEST_STEP][PASSED] - Statement - e.printStackTrace(): null

2018-12-12 19:05:16 - [TEST_STEP][PASSED] - click: Object: 'Object Repository/Final Object Repo/New Registration - Registration Module Pages/New Reg - OTC to RO/Special Case - All Related Objects/Expand to Search' is clicked on

2018-12-12 19:05:16 - [MESSAGE][PASSED] - Object: 'Object Repository/Final Object Repo/New Registration - Registration Module Pages/New Reg - OTC to RO/Special Case - All Related Objects/Expand to Search' is clicked on

2018-12-12 19:05:16 - [TEST_STEP][FAILED] - setText: Unable to set text 'CRN12201800123229' of object 'Object Repository/Final Object Repo/New Registration - Registration Module Pages/New Reg - OTC to RO/Special Case - All Related Objects/TextBox RefNo in Workbasket' (Root cause: org.openqa.selenium.ElementNotVisibleException: element not interactable
  (Session info: chrome=70.0.3538.110)
  (Driver info: chromedriver=2.43.600210 (68dcf5eebde37173d4027fa8635e332711d2874a),platform=Windows NT 6.1.7601 SP1 x86_64) (WARNING: The server did not provide any stacktrace information)
Command duration or timeout: 0 milliseconds
Build info: version: '3.7.1', revision: '8a0099a', time: '2017-11-06T21:07:36.161Z'
System info: host: 'WIN7TEST02', ip: '10.20.3.72', os.name: 'Windows 7', os.arch: 'amd64', os.version: '6.1', java.version: '1.8.0_181'
Driver info: com.kms.katalon.selenium.driver.CChromeDriver
Capabilities {acceptInsecureCerts: false, acceptSslCerts: false, applicationCacheEnabled: false, browserConnectionEnabled: false, browserName: chrome, chrome: {chromedriverVersion: 2.43.600210 (68dcf5eebde371..., userDataDir: C:\Users\Admin\AppData\Loca...}, cssSelectorsEnabled: true, databaseEnabled: false, goog:chromeOptions: {debuggerAddress: localhost:55247}, handlesAlerts: true, hasTouchScreen: false, javascriptEnabled: true, locationContextEnabled: true, mobileEmulationEnabled: false, nativeEvents: true, networkConnectionEnabled: false, pageLoadStrategy: normal, platform: XP, platformName: XP, rotatable: false, setWindowRect: true, takesHeapSnapshot: true, takesScreenshot: true, unexpectedAlertBehaviour: , unhandledPromptBehavior: , version: 70.0.3538.110, webStorageEnabled: true}
Session ID: bdf1eb16fd62c9d671654dd022f46fee)

2018-12-12 19:05:17 - [MESSAGE][FAILED] - Unable to set text 'CRN12201800123229' of object 'Object Repository/Final Object Repo/New Registration - Registration Module Pages/New Reg - OTC to RO/Special Case - All Related Objects/TextBox RefNo in Workbasket' (Root cause: org.openqa.selenium.ElementNotVisibleException: element not interactable
  (Session info: chrome=70.0.3538.110)
  (Driver info: chromedriver=2.43.600210 (68dcf5eebde37173d4027fa8635e332711d2874a),platform=Windows NT 6.1.7601 SP1 x86_64) (WARNING: The server did not provide any stacktrace information)
Command duration or timeout: 0 milliseconds
Build info: version: '3.7.1', revision: '8a0099a', time: '2017-11-06T21:07:36.161Z'
System info: host: 'WIN7TEST02', ip: '10.20.3.72', os.name: 'Windows 7', os.arch: 'amd64', os.version: '6.1', java.version: '1.8.0_181'
Driver info: com.kms.katalon.selenium.driver.CChromeDriver
Capabilities {acceptInsecureCerts: false, acceptSslCerts: false, applicationCacheEnabled: false, browserConnectionEnabled: false, browserName: chrome, chrome: {chromedriverVersion: 2.43.600210 (68dcf5eebde371..., userDataDir: C:\Users\Admin\AppData\Loca...}, cssSelectorsEnabled: true, databaseEnabled: false, goog:chromeOptions: {debuggerAddress: localhost:55247}, handlesAlerts: true, hasTouchScreen: false, javascriptEnabled: true, locationContextEnabled: true, mobileEmulationEnabled: false, nativeEvents: true, networkConnectionEnabled: false, pageLoadStrategy: normal, platform: XP, platformName: XP, rotatable: false, setWindowRect: true, takesHeapSnapshot: true, takesScreenshot: true, unexpectedAlertBehaviour: , unhandledPromptBehavior: , version: 70.0.3538.110, webStorageEnabled: true}
Session ID: bdf1eb16fd62c9d671654dd022f46fee)
[[ATTACHMENT|C:\\Users\\Admin\\Desktop\\PKS\\Perkeso Phase A\\Reports\\Workflow\\New Registration\\20181212_150049\\1544612717063.png]]

2018-12-12 19:05:17 - [TEST_STEP][PASSED] - delay: Delayed 2 second(s)

2018-12-12 19:05:19 - [MESSAGE][PASSED] - Delayed 2 second(s)

2018-12-12 19:05:19 - [TEST_STEP][PASSED] - click: Object: 'Object Repository/Final Object Repo/New Registration - Registration Module Pages/New Reg - OTC to RO/Special Case - All Related Objects/Click Search' is clicked on

2018-12-12 19:05:19 - [MESSAGE][PASSED] - Object: 'Object Repository/Final Object Repo/New Registration - Registration Module Pages/New Reg - OTC to RO/Special Case - All Related Objects/Click Search' is clicked on

2018-12-12 19:05:19 - [TEST_STEP][PASSED] - delay: Delayed 2 second(s)

2018-12-12 19:05:21 - [MESSAGE][PASSED] - Delayed 2 second(s)

2018-12-12 19:05:21 - [TEST_STEP][PASSED] - click: Object: 'Object Repository/Final Object Repo/New Registration - Registration Module Pages/New Reg - OTC to RO/Special Case - All Related Objects/Click to Continue Workflow' is clicked on

2018-12-12 19:05:24 - [MESSAGE][PASSED] - Object: 'Object Repository/Final Object Repo/New Registration - Registration Module Pages/New Reg - OTC to RO/Special Case - All Related Objects/Click to Continue Workflow' is clicked on

2018-12-12 19:05:24 - [TEST_STEP][PASSED] - delay: Delayed 2 second(s)

2018-12-12 19:05:26 - [MESSAGE][PASSED] - Delayed 2 second(s)

2018-12-12 19:05:26 - [TEST_STEP][PASSED] - click: Object: 'Object Repository/Final Object Repo/New Registration - Registration Module Pages/New Reg - OTC to RO/Special Case - All Related Objects/Continue Button in verifying case' is clicked on

2018-12-12 19:05:28 - [MESSAGE][PASSED] - Object: 'Object Repository/Final Object Repo/New Registration - Registration Module Pages/New Reg - OTC to RO/Special Case - All Related Objects/Continue Button in verifying case' is clicked on

2018-12-12 19:05:28 - [TEST_STEP][PASSED] - delay: Delayed 2 second(s)

2018-12-12 19:05:30 - [MESSAGE][PASSED] - Delayed 2 second(s)

2018-12-12 19:05:30 - [TEST_STEP][PASSED] - click: Object: 'Object Repository/Final Object Repo/New Registration - Registration Module Pages/Form 1/Registered As a Branch - Yes' is clicked on

2018-12-12 19:05:30 - [MESSAGE][PASSED] - Object: 'Object Repository/Final Object Repo/New Registration - Registration Module Pages/Form 1/Registered As a Branch - Yes' is clicked on

2018-12-12 19:05:30 - [TEST_STEP][PASSED] - delay: Delayed 2 second(s)

2018-12-12 19:05:32 - [MESSAGE][PASSED] - Delayed 2 second(s)

2018-12-12 19:05:32 - [TEST_STEP][PASSED] - click: Object: 'Object Repository/Final Object Repo/New Registration - Registration Module Pages/New Reg - OTC to RO/Special Case - All Related Objects/Form 1 Save n Continue' is clicked on

2018-12-12 19:05:32 - [MESSAGE][PASSED] - Object: 'Object Repository/Final Object Repo/New Registration - Registration Module Pages/New Reg - OTC to RO/Special Case - All Related Objects/Form 1 Save n Continue' is clicked on

2018-12-12 19:05:32 - [TEST_STEP][PASSED] - delay: Delayed 2 second(s)

2018-12-12 19:05:34 - [MESSAGE][PASSED] - Delayed 2 second(s)

2018-12-12 19:05:34 - [TEST_STEP][PASSED] - click: Object: 'Object Repository/Final Object Repo/New Registration - Registration Module Pages/New Reg - OTC to RO/Special Case - All Related Objects/Form 2 Save n Continue' is clicked on

2018-12-12 19:05:35 - [MESSAGE][PASSED] - Object: 'Object Repository/Final Object Repo/New Registration - Registration Module Pages/New Reg - OTC to RO/Special Case - All Related Objects/Form 2 Save n Continue' is clicked on

2018-12-12 19:05:35 - [TEST_STEP][PASSED] - delay: Delayed 2 second(s)

2018-12-12 19:05:37 - [MESSAGE][PASSED] - Delayed 2 second(s)

2018-12-12 19:05:37 - [TEST_STEP][PASSED] - click: Object: 'Object Repository/Final Object Repo/New Registration - Registration Module Pages/New Reg - OTC to RO/Special Case - All Related Objects/Third Screen Save n Continue' is clicked on

2018-12-12 19:05:42 - [MESSAGE][PASSED] - Object: 'Object Repository/Final Object Repo/New Registration - Registration Module Pages/New Reg - OTC to RO/Special Case - All Related Objects/Third Screen Save n Continue' is clicked on

2018-12-12 19:05:42 - [TEST_STEP][PASSED] - delay: Delayed 5 second(s)

2018-12-12 19:05:47 - [MESSAGE][PASSED] - Delayed 5 second(s)

2018-12-12 19:05:47 - [TEST_STEP][PASSED] - setText: Text 'Query case' is set on object 'Object Repository/Final Object Repo/New Registration - Registration Module Pages/New Reg - OTC to RO/Special Case - All Related Objects/Query Text Input'

2018-12-12 19:05:47 - [MESSAGE][PASSED] - Text 'Query case' is set on object 'Object Repository/Final Object Repo/New Registration - Registration Module Pages/New Reg - OTC to RO/Special Case - All Related Objects/Query Text Input'

2018-12-12 19:05:47 - [TEST_STEP][PASSED] - delay: Delayed 5 second(s)

2018-12-12 19:05:52 - [MESSAGE][PASSED] - Delayed 5 second(s)

2018-12-12 19:05:52 - [TEST_STEP][PASSED] - click: Object: 'Object Repository/Final Object Repo/New Registration - Registration Module Pages/New Reg - OTC to RO/Special Case - All Related Objects/Upload Doc Page Save n Continue' is clicked on

2018-12-12 19:05:52 - [MESSAGE][PASSED] - Object: 'Object Repository/Final Object Repo/New Registration - Registration Module Pages/New Reg - OTC to RO/Special Case - All Related Objects/Upload Doc Page Save n Continue' is clicked on

2018-12-12 19:05:52 - [TEST_STEP][PASSED] - click: Object: 'Object Repository/Final Object Repo/New Registration - Registration Module Pages/New Reg - OTC to RO/Special Case - All Related Objects/Query Button' is clicked on

2018-12-12 19:05:57 - [MESSAGE][PASSED] - Object: 'Object Repository/Final Object Repo/New Registration - Registration Module Pages/New Reg - OTC to RO/Special Case - All Related Objects/Query Button' is clicked on

2018-12-12 19:05:57 - [TEST_STEP][FAILED] - click: Unable to click on object 'Object Repository/Final Object Repo/New Registration - Registration Module Pages/New Reg - OTC to RO/Special Case - All Related Objects/Confirm to Query' (Root cause: org.openqa.selenium.ElementNotVisibleException: element not interactable
  (Session info: chrome=70.0.3538.110)
  (Driver info: chromedriver=2.43.600210 (68dcf5eebde37173d4027fa8635e332711d2874a),platform=Windows NT 6.1.7601 SP1 x86_64) (WARNING: The server did not provide any stacktrace information)
Command duration or timeout: 0 milliseconds
Build info: version: '3.7.1', revision: '8a0099a', time: '2017-11-06T21:07:36.161Z'
System info: host: 'WIN7TEST02', ip: '10.20.3.72', os.name: 'Windows 7', os.arch: 'amd64', os.version: '6.1', java.version: '1.8.0_181'
Driver info: com.kms.katalon.selenium.driver.CChromeDriver
Capabilities {acceptInsecureCerts: false, acceptSslCerts: false, applicationCacheEnabled: false, browserConnectionEnabled: false, browserName: chrome, chrome: {chromedriverVersion: 2.43.600210 (68dcf5eebde371..., userDataDir: C:\Users\Admin\AppData\Loca...}, cssSelectorsEnabled: true, databaseEnabled: false, goog:chromeOptions: {debuggerAddress: localhost:55247}, handlesAlerts: true, hasTouchScreen: false, javascriptEnabled: true, locationContextEnabled: true, mobileEmulationEnabled: false, nativeEvents: true, networkConnectionEnabled: false, pageLoadStrategy: normal, platform: XP, platformName: XP, rotatable: false, setWindowRect: true, takesHeapSnapshot: true, takesScreenshot: true, unexpectedAlertBehaviour: , unhandledPromptBehavior: , version: 70.0.3538.110, webStorageEnabled: true}
Session ID: bdf1eb16fd62c9d671654dd022f46fee)

2018-12-12 19:05:57 - [MESSAGE][FAILED] - Unable to click on object 'Object Repository/Final Object Repo/New Registration - Registration Module Pages/New Reg - OTC to RO/Special Case - All Related Objects/Confirm to Query' (Root cause: org.openqa.selenium.ElementNotVisibleException: element not interactable
  (Session info: chrome=70.0.3538.110)
  (Driver info: chromedriver=2.43.600210 (68dcf5eebde37173d4027fa8635e332711d2874a),platform=Windows NT 6.1.7601 SP1 x86_64) (WARNING: The server did not provide any stacktrace information)
Command duration or timeout: 0 milliseconds
Build info: version: '3.7.1', revision: '8a0099a', time: '2017-11-06T21:07:36.161Z'
System info: host: 'WIN7TEST02', ip: '10.20.3.72', os.name: 'Windows 7', os.arch: 'amd64', os.version: '6.1', java.version: '1.8.0_181'
Driver info: com.kms.katalon.selenium.driver.CChromeDriver
Capabilities {acceptInsecureCerts: false, acceptSslCerts: false, applicationCacheEnabled: false, browserConnectionEnabled: false, browserName: chrome, chrome: {chromedriverVersion: 2.43.600210 (68dcf5eebde371..., userDataDir: C:\Users\Admin\AppData\Loca...}, cssSelectorsEnabled: true, databaseEnabled: false, goog:chromeOptions: {debuggerAddress: localhost:55247}, handlesAlerts: true, hasTouchScreen: false, javascriptEnabled: true, locationContextEnabled: true, mobileEmulationEnabled: false, nativeEvents: true, networkConnectionEnabled: false, pageLoadStrategy: normal, platform: XP, platformName: XP, rotatable: false, setWindowRect: true, takesHeapSnapshot: true, takesScreenshot: true, unexpectedAlertBehaviour: , unhandledPromptBehavior: , version: 70.0.3538.110, webStorageEnabled: true}
Session ID: bdf1eb16fd62c9d671654dd022f46fee)
[[ATTACHMENT|C:\\Users\\Admin\\Desktop\\PKS\\Perkeso Phase A\\Reports\\Workflow\\New Registration\\20181212_150049\\1544612757440.png]]

2018-12-12 19:05:57 - [TEST_STEP][PASSED] - callTestCase: Call Test Case 'Test Cases/Final Aug 2018 - PKS Automation/Registration Module/Log Out/log out avoiding katalon tagging' successfully

2018-12-12 19:05:57 - [TEST_CASE][PASSED] - Test Cases/Final Aug 2018 - PKS Automation/Registration Module/Log Out/log out avoiding katalon tagging: Test Cases/Final Aug 2018 - PKS Automation/Registration Module/Log Out/log out avoiding katalon tagging

2018-12-12 19:05:57 - [TEST_STEP][PASSED] - navigateToUrl: Navigate to 'https://assist2-uat.perkeso.gov.my/c/portal/logout' successfully

2018-12-12 19:05:58 - [MESSAGE][PASSED] - Navigate to 'https://assist2-uat.perkeso.gov.my/c/portal/logout' successfully

2018-12-12 19:05:58 - [MESSAGE][PASSED] - Call Test Case 'Test Cases/Final Aug 2018 - PKS Automation/Registration Module/Log Out/log out avoiding katalon tagging' successfully

2018-12-12 19:05:58 - [TEST_STEP][PASSED] - delay: Delayed 2 second(s)

2018-12-12 19:06:00 - [MESSAGE][PASSED] - Delayed 2 second(s)

2018-12-12 19:06:00 - [TEST_STEP][PASSED] - setText: Text 'klotc2@gmail.com' is set on object 'Object Repository/Final Object Repo/Login Page/Internal User/Email Address'

2018-12-12 19:06:00 - [MESSAGE][PASSED] - Text 'klotc2@gmail.com' is set on object 'Object Repository/Final Object Repo/Login Page/Internal User/Email Address'

2018-12-12 19:06:00 - [TEST_STEP][PASSED] - click: Object: 'Object Repository/Final Object Repo/Login Page/Internal User/Next Button' is clicked on

2018-12-12 19:06:00 - [MESSAGE][PASSED] - Object: 'Object Repository/Final Object Repo/Login Page/Internal User/Next Button' is clicked on

2018-12-12 19:06:00 - [TEST_STEP][PASSED] - delay: Delayed 2 second(s)

2018-12-12 19:06:02 - [MESSAGE][PASSED] - Delayed 2 second(s)

2018-12-12 19:06:02 - [TEST_STEP][PASSED] - setText: Text 'Test1@3456789' is set on object 'Object Repository/Final Object Repo/Login Page/Internal User/Password'

2018-12-12 19:06:03 - [MESSAGE][PASSED] - Text 'Test1@3456789' is set on object 'Object Repository/Final Object Repo/Login Page/Internal User/Password'

2018-12-12 19:06:03 - [TEST_STEP][PASSED] - delay: Delayed 2 second(s)

2018-12-12 19:06:05 - [MESSAGE][PASSED] - Delayed 2 second(s)

2018-12-12 19:06:05 - [TEST_STEP][PASSED] - click: Object: 'Object Repository/Final Object Repo/Login Page/Internal User/Login Button' is clicked on

2018-12-12 19:06:05 - [MESSAGE][PASSED] - Object: 'Object Repository/Final Object Repo/Login Page/Internal User/Login Button' is clicked on

2018-12-12 19:06:05 - [TEST_STEP][PASSED] - delay: Delayed 2 second(s)

2018-12-12 19:06:07 - [MESSAGE][PASSED] - Delayed 2 second(s)

2018-12-12 19:06:07 - [TEST_STEP][PASSED] - Statement - Try: null

2018-12-12 19:06:07 - [TEST_STEP][PASSED] - Statement - Checker = com.kms.katalon.core.webui.keyword.WebUiBuiltInKeywords.verifyElementNotPresent("PKS_SIP_Updated_RegModule/Attempt/Page_MyASSIST - ASSIST/Select to English", 3): null

2018-12-12 19:06:07 - [TEST_STEP][PASSED] - Statement - Catch (Exception e): null

2018-12-12 19:06:07 - [TEST_STEP][PASSED] - Statement - e.printStackTrace(): null

2018-12-12 19:06:07 - [TEST_STEP][PASSED] - delay: Delayed 4 second(s)

2018-12-12 19:06:11 - [MESSAGE][PASSED] - Delayed 4 second(s)

2018-12-12 19:06:11 - [TEST_STEP][PASSED] - click: Object: 'Object Repository/Final Object Repo/Landing Page/My Sites Drop Down' is clicked on

2018-12-12 19:06:11 - [MESSAGE][PASSED] - Object: 'Object Repository/Final Object Repo/Landing Page/My Sites Drop Down' is clicked on

2018-12-12 19:06:11 - [TEST_STEP][PASSED] - click: Object: 'Object Repository/Final Object Repo/Landing Page/Select to Registration Module' is clicked on

2018-12-12 19:06:12 - [MESSAGE][PASSED] - Object: 'Object Repository/Final Object Repo/Landing Page/Select to Registration Module' is clicked on

2018-12-12 19:06:12 - [TEST_STEP][PASSED] - delay: Delayed 2 second(s)

2018-12-12 19:06:14 - [MESSAGE][PASSED] - Delayed 2 second(s)

2018-12-12 19:06:14 - [TEST_STEP][PASSED] - mouseOver: Object: 'Object Repository/Final Object Repo/New Registration - Registration Module Pages/New Reg - OTC to RO/Special Case - All Related Objects/Hover Over Search Drop Down' is hovered

2018-12-12 19:06:14 - [MESSAGE][PASSED] - Object: 'Object Repository/Final Object Repo/New Registration - Registration Module Pages/New Reg - OTC to RO/Special Case - All Related Objects/Hover Over Search Drop Down' is hovered

2018-12-12 19:06:14 - [TEST_STEP][PASSED] - click: Object: 'Object Repository/Final Object Repo/New Registration - Registration Module Pages/New Reg - OTC to RO/Special Case - All Related Objects/Select Search Pending Case' is clicked on

2018-12-12 19:06:15 - [MESSAGE][PASSED] - Object: 'Object Repository/Final Object Repo/New Registration - Registration Module Pages/New Reg - OTC to RO/Special Case - All Related Objects/Select Search Pending Case' is clicked on

2018-12-12 19:06:15 - [TEST_STEP][PASSED] - click: Object: 'Object Repository/Final Object Repo/New Registration - Registration Module Pages/New Reg - OTC to RO/Special Case - All Related Objects/Select Searching Method (Employer Code)' is clicked on

2018-12-12 19:06:15 - [MESSAGE][PASSED] - Object: 'Object Repository/Final Object Repo/New Registration - Registration Module Pages/New Reg - OTC to RO/Special Case - All Related Objects/Select Searching Method (Employer Code)' is clicked on

2018-12-12 19:06:15 - [TEST_STEP][PASSED] - click: Object: 'Object Repository/Final Object Repo/New Registration - Registration Module Pages/New Reg - OTC to RO/Special Case - All Related Objects/Select Searching Method to Reference ID' is clicked on

2018-12-12 19:06:15 - [MESSAGE][PASSED] - Object: 'Object Repository/Final Object Repo/New Registration - Registration Module Pages/New Reg - OTC to RO/Special Case - All Related Objects/Select Searching Method to Reference ID' is clicked on

2018-12-12 19:06:15 - [TEST_STEP][PASSED] - setText: Text 'CRN12201800123229' is set on object 'Object Repository/Final Object Repo/New Registration - Registration Module Pages/New Reg - OTC to RO/Special Case - All Related Objects/Pending Case Ref NO'

2018-12-12 19:06:15 - [MESSAGE][PASSED] - Text 'CRN12201800123229' is set on object 'Object Repository/Final Object Repo/New Registration - Registration Module Pages/New Reg - OTC to RO/Special Case - All Related Objects/Pending Case Ref NO'

2018-12-12 19:06:15 - [TEST_STEP][PASSED] - click: Object: 'Object Repository/Final Object Repo/New Registration - Registration Module Pages/New Reg - OTC to RO/Special Case - All Related Objects/Search Pending Case Based on Ref No' is clicked on

2018-12-12 19:06:15 - [MESSAGE][PASSED] - Object: 'Object Repository/Final Object Repo/New Registration - Registration Module Pages/New Reg - OTC to RO/Special Case - All Related Objects/Search Pending Case Based on Ref No' is clicked on

2018-12-12 19:06:15 - [TEST_STEP][FAILED] - click: Unable to click on object 'Object Repository/Final Object Repo/New Registration - Registration Module Pages/New Reg - OTC to RO/Special Case - All Related Objects/Action Button after found case' (Root cause: org.openqa.selenium.InvalidSelectorException: invalid selector: Unable to locate an element with the xpath expression  because of the following error:
SyntaxError: Failed to execute 'evaluate' on 'Document': The string '' is not a valid XPath expression.
  (Session info: chrome=70.0.3538.110)
  (Driver info: chromedriver=2.43.600210 (68dcf5eebde37173d4027fa8635e332711d2874a),platform=Windows NT 6.1.7601 SP1 x86_64) (WARNING: The server did not provide any stacktrace information)
Command duration or timeout: 0 milliseconds
For documentation on this error, please visit: http://seleniumhq.org/exceptions/invalid_selector_exception.html
Build info: version: '3.7.1', revision: '8a0099a', time: '2017-11-06T21:07:36.161Z'
System info: host: 'WIN7TEST02', ip: '10.20.3.72', os.name: 'Windows 7', os.arch: 'amd64', os.version: '6.1', java.version: '1.8.0_181'
Driver info: com.kms.katalon.selenium.driver.CChromeDriver
Capabilities {acceptInsecureCerts: false, acceptSslCerts: false, applicationCacheEnabled: false, browserConnectionEnabled: false, browserName: chrome, chrome: {chromedriverVersion: 2.43.600210 (68dcf5eebde371..., userDataDir: C:\Users\Admin\AppData\Loca...}, cssSelectorsEnabled: true, databaseEnabled: false, goog:chromeOptions: {debuggerAddress: localhost:55247}, handlesAlerts: true, hasTouchScreen: false, javascriptEnabled: true, locationContextEnabled: true, mobileEmulationEnabled: false, nativeEvents: true, networkConnectionEnabled: false, pageLoadStrategy: normal, platform: XP, platformName: XP, rotatable: false, setWindowRect: true, takesHeapSnapshot: true, takesScreenshot: true, unexpectedAlertBehaviour: , unhandledPromptBehavior: , version: 70.0.3538.110, webStorageEnabled: true}
Session ID: bdf1eb16fd62c9d671654dd022f46fee
*** Element info: {Using=xpath, value=})

2018-12-12 19:06:48 - [MESSAGE][FAILED] - Unable to click on object 'Object Repository/Final Object Repo/New Registration - Registration Module Pages/New Reg - OTC to RO/Special Case - All Related Objects/Action Button after found case' (Root cause: org.openqa.selenium.InvalidSelectorException: invalid selector: Unable to locate an element with the xpath expression  because of the following error:
SyntaxError: Failed to execute 'evaluate' on 'Document': The string '' is not a valid XPath expression.
  (Session info: chrome=70.0.3538.110)
  (Driver info: chromedriver=2.43.600210 (68dcf5eebde37173d4027fa8635e332711d2874a),platform=Windows NT 6.1.7601 SP1 x86_64) (WARNING: The server did not provide any stacktrace information)
Command duration or timeout: 0 milliseconds
For documentation on this error, please visit: http://seleniumhq.org/exceptions/invalid_selector_exception.html
Build info: version: '3.7.1', revision: '8a0099a', time: '2017-11-06T21:07:36.161Z'
System info: host: 'WIN7TEST02', ip: '10.20.3.72', os.name: 'Windows 7', os.arch: 'amd64', os.version: '6.1', java.version: '1.8.0_181'
Driver info: com.kms.katalon.selenium.driver.CChromeDriver
Capabilities {acceptInsecureCerts: false, acceptSslCerts: false, applicationCacheEnabled: false, browserConnectionEnabled: false, browserName: chrome, chrome: {chromedriverVersion: 2.43.600210 (68dcf5eebde371..., userDataDir: C:\Users\Admin\AppData\Loca...}, cssSelectorsEnabled: true, databaseEnabled: false, goog:chromeOptions: {debuggerAddress: localhost:55247}, handlesAlerts: true, hasTouchScreen: false, javascriptEnabled: true, locationContextEnabled: true, mobileEmulationEnabled: false, nativeEvents: true, networkConnectionEnabled: false, pageLoadStrategy: normal, platform: XP, platformName: XP, rotatable: false, setWindowRect: true, takesHeapSnapshot: true, takesScreenshot: true, unexpectedAlertBehaviour: , unhandledPromptBehavior: , version: 70.0.3538.110, webStorageEnabled: true}
Session ID: bdf1eb16fd62c9d671654dd022f46fee
*** Element info: {Using=xpath, value=})
[[ATTACHMENT|C:\\Users\\Admin\\Desktop\\PKS\\Perkeso Phase A\\Reports\\Workflow\\New Registration\\20181212_150049\\1544612808410.png]]

2018-12-12 19:06:48 - [TEST_STEP][FAILED] - click: Unable to click on object 'Object Repository/Final Object Repo/New Registration - Registration Module Pages/New Reg - OTC to RO/Special Case - All Related Objects/Next Button in Pending Case Form 1' (Root cause: com.kms.katalon.core.webui.exception.WebElementNotFoundException: Web element with id: 'Object Repository/Final Object Repo/New Registration - Registration Module Pages/New Reg - OTC to RO/Special Case - All Related Objects/Next Button in Pending Case Form 1' located by 'By.xpath: //a[@class = 'btn btn-lg blueBtn col-md-2 pull-right browserIdBtn' and (text() = ' NEXT
						' or . = ' NEXT
						')]' not found)

2018-12-12 19:07:22 - [MESSAGE][FAILED] - Unable to click on object 'Object Repository/Final Object Repo/New Registration - Registration Module Pages/New Reg - OTC to RO/Special Case - All Related Objects/Next Button in Pending Case Form 1' (Root cause: com.kms.katalon.core.webui.exception.WebElementNotFoundException: Web element with id: 'Object Repository/Final Object Repo/New Registration - Registration Module Pages/New Reg - OTC to RO/Special Case - All Related Objects/Next Button in Pending Case Form 1' located by 'By.xpath: //a[@class = 'btn btn-lg blueBtn col-md-2 pull-right browserIdBtn' and (text() = ' NEXT
						' or . = ' NEXT
						')]' not found)
[[ATTACHMENT|C:\\Users\\Admin\\Desktop\\PKS\\Perkeso Phase A\\Reports\\Workflow\\New Registration\\20181212_150049\\1544612841735.png]]

2018-12-12 19:07:22 - [TEST_STEP][FAILED] - click: Unable to click on object 'Object Repository/Final Object Repo/New Registration - Registration Module Pages/New Reg - OTC to RO/Special Case - All Related Objects/Next Button in Pending Case Form 2' (Root cause: com.kms.katalon.core.webui.exception.WebElementNotFoundException: Web element with id: 'Object Repository/Final Object Repo/New Registration - Registration Module Pages/New Reg - OTC to RO/Special Case - All Related Objects/Next Button in Pending Case Form 2' located by 'By.xpath: //a[@class = 'btn btn-lg blueBtn col-md-2 pull-right browserIdBtn' and (text() = ' NEXT
				' or . = ' NEXT
				')]' not found)

2018-12-12 19:07:54 - [MESSAGE][FAILED] - Unable to click on object 'Object Repository/Final Object Repo/New Registration - Registration Module Pages/New Reg - OTC to RO/Special Case - All Related Objects/Next Button in Pending Case Form 2' (Root cause: com.kms.katalon.core.webui.exception.WebElementNotFoundException: Web element with id: 'Object Repository/Final Object Repo/New Registration - Registration Module Pages/New Reg - OTC to RO/Special Case - All Related Objects/Next Button in Pending Case Form 2' located by 'By.xpath: //a[@class = 'btn btn-lg blueBtn col-md-2 pull-right browserIdBtn' and (text() = ' NEXT
				' or . = ' NEXT
				')]' not found)
[[ATTACHMENT|C:\\Users\\Admin\\Desktop\\PKS\\Perkeso Phase A\\Reports\\Workflow\\New Registration\\20181212_150049\\1544612874514.png]]

2018-12-12 19:07:54 - [TEST_STEP][FAILED] - click: Unable to click on object 'Object Repository/Final Object Repo/New Registration - Registration Module Pages/New Reg - OTC to RO/Special Case - All Related Objects/Next Button in Third Screen' (Root cause: com.kms.katalon.core.webui.exception.WebElementNotFoundException: Web element with id: 'Object Repository/Final Object Repo/New Registration - Registration Module Pages/New Reg - OTC to RO/Special Case - All Related Objects/Next Button in Third Screen' located by 'By.xpath: //a[@class = 'btn btn-lg blueBtn col-md-2 pull-right browserIdBtn' and (text() = ' NEXT
				' or . = ' NEXT
				')]' not found)

2018-12-12 19:08:28 - [MESSAGE][FAILED] - Unable to click on object 'Object Repository/Final Object Repo/New Registration - Registration Module Pages/New Reg - OTC to RO/Special Case - All Related Objects/Next Button in Third Screen' (Root cause: com.kms.katalon.core.webui.exception.WebElementNotFoundException: Web element with id: 'Object Repository/Final Object Repo/New Registration - Registration Module Pages/New Reg - OTC to RO/Special Case - All Related Objects/Next Button in Third Screen' located by 'By.xpath: //a[@class = 'btn btn-lg blueBtn col-md-2 pull-right browserIdBtn' and (text() = ' NEXT
				' or . = ' NEXT
				')]' not found)
[[ATTACHMENT|C:\\Users\\Admin\\Desktop\\PKS\\Perkeso Phase A\\Reports\\Workflow\\New Registration\\20181212_150049\\1544612907860.png]]

2018-12-12 19:08:28 - [TEST_STEP][FAILED] - click: Unable to click on object 'Object Repository/Final Object Repo/New Registration - Registration Module Pages/New Reg - OTC to RO/Special Case - All Related Objects/Add Document for Pending Case' (Root cause: com.kms.katalon.core.webui.exception.WebElementNotFoundException: Web element with id: 'Object Repository/Final Object Repo/New Registration - Registration Module Pages/New Reg - OTC to RO/Special Case - All Related Objects/Add Document for Pending Case' located by 'By.xpath: //a[@id = '_newreg_WAR_registrationportlet_dialogBtn' and (text() = '
					ADD DOCUMENT
	             ' or . = '
					ADD DOCUMENT
	             ')]' not found)

2018-12-12 19:09:01 - [MESSAGE][FAILED] - Unable to click on object 'Object Repository/Final Object Repo/New Registration - Registration Module Pages/New Reg - OTC to RO/Special Case - All Related Objects/Add Document for Pending Case' (Root cause: com.kms.katalon.core.webui.exception.WebElementNotFoundException: Web element with id: 'Object Repository/Final Object Repo/New Registration - Registration Module Pages/New Reg - OTC to RO/Special Case - All Related Objects/Add Document for Pending Case' located by 'By.xpath: //a[@id = '_newreg_WAR_registrationportlet_dialogBtn' and (text() = '
					ADD DOCUMENT
	             ' or . = '
					ADD DOCUMENT
	             ')]' not found)
[[ATTACHMENT|C:\\Users\\Admin\\Desktop\\PKS\\Perkeso Phase A\\Reports\\Workflow\\New Registration\\20181212_150049\\1544612941170.png]]

2018-12-12 19:09:01 - [TEST_STEP][PASSED] - delay: Delayed 2 second(s)

2018-12-12 19:09:03 - [MESSAGE][PASSED] - Delayed 2 second(s)

2018-12-12 19:09:03 - [TEST_STEP][FAILED] - click: Unable to click on object 'Object Repository/Final Object Repo/New Registration - Registration Module Pages/New Reg - OTC to RO/Special Case - All Related Objects/Upload Pending Doc - Please Select' (Root cause: com.kms.katalon.core.webui.exception.WebElementNotFoundException: Web element with id: 'Object Repository/Final Object Repo/New Registration - Registration Module Pages/New Reg - OTC to RO/Special Case - All Related Objects/Upload Pending Doc - Please Select' located by 'By.xpath: //span[@class = 'select2-selection__rendered' and @id = 'select2-_newreg_WAR_registrationportlet_objdocTypeId-container']' not found)

2018-12-12 19:09:36 - [MESSAGE][FAILED] - Unable to click on object 'Object Repository/Final Object Repo/New Registration - Registration Module Pages/New Reg - OTC to RO/Special Case - All Related Objects/Upload Pending Doc - Please Select' (Root cause: com.kms.katalon.core.webui.exception.WebElementNotFoundException: Web element with id: 'Object Repository/Final Object Repo/New Registration - Registration Module Pages/New Reg - OTC to RO/Special Case - All Related Objects/Upload Pending Doc - Please Select' located by 'By.xpath: //span[@class = 'select2-selection__rendered' and @id = 'select2-_newreg_WAR_registrationportlet_objdocTypeId-container']' not found)
[[ATTACHMENT|C:\\Users\\Admin\\Desktop\\PKS\\Perkeso Phase A\\Reports\\Workflow\\New Registration\\20181212_150049\\1544612976271.png]]

2018-12-12 19:09:36 - [TEST_STEP][FAILED] - click: Unable to click on object 'Object Repository/Final Object Repo/New Registration - Registration Module Pages/New Reg - OTC to RO/Special Case - All Related Objects/Select to Others to Upload' (Root cause: com.kms.katalon.core.webui.exception.WebElementNotFoundException: Web element with id: 'Object Repository/Final Object Repo/New Registration - Registration Module Pages/New Reg - OTC to RO/Special Case - All Related Objects/Select to Others to Upload' located by 'By.xpath: //span/ul/li/span[contains(text(),"Others")]' not found)

2018-12-12 19:10:08 - [MESSAGE][FAILED] - Unable to click on object 'Object Repository/Final Object Repo/New Registration - Registration Module Pages/New Reg - OTC to RO/Special Case - All Related Objects/Select to Others to Upload' (Root cause: com.kms.katalon.core.webui.exception.WebElementNotFoundException: Web element with id: 'Object Repository/Final Object Repo/New Registration - Registration Module Pages/New Reg - OTC to RO/Special Case - All Related Objects/Select to Others to Upload' located by 'By.xpath: //span/ul/li/span[contains(text(),"Others")]' not found)
[[ATTACHMENT|C:\\Users\\Admin\\Desktop\\PKS\\Perkeso Phase A\\Reports\\Workflow\\New Registration\\20181212_150049\\1544613007654.png]]

2018-12-12 19:10:08 - [TEST_STEP][PASSED] - delay: Delayed 2 second(s)

2018-12-12 19:10:10 - [MESSAGE][PASSED] - Delayed 2 second(s)

2018-12-12 19:10:10 - [TEST_STEP][FAILED] - uploadFile: Unable to upload file 'C:\Users\Public\Pictures\Sample Pictures\Koala.jpg' to object 'Object Repository/Final Object Repo/New Registration - Registration Module Pages/New Reg - OTC to RO/Special Case - All Related Objects/Uploading Pending Case Action' (Root cause: com.kms.katalon.core.webui.exception.WebElementNotFoundException: Web element with id: 'Object Repository/Final Object Repo/New Registration - Registration Module Pages/New Reg - OTC to RO/Special Case - All Related Objects/Uploading Pending Case Action' located by 'By.xpath: //input[@id = '_newreg_WAR_registrationportlet_uploadFile' and @name = '_newreg_WAR_registrationportlet_uploadFile' and @type = 'file']' not found)

2018-12-12 19:10:41 - [MESSAGE][FAILED] - Unable to upload file 'C:\Users\Public\Pictures\Sample Pictures\Koala.jpg' to object 'Object Repository/Final Object Repo/New Registration - Registration Module Pages/New Reg - OTC to RO/Special Case - All Related Objects/Uploading Pending Case Action' (Root cause: com.kms.katalon.core.webui.exception.WebElementNotFoundException: Web element with id: 'Object Repository/Final Object Repo/New Registration - Registration Module Pages/New Reg - OTC to RO/Special Case - All Related Objects/Uploading Pending Case Action' located by 'By.xpath: //input[@id = '_newreg_WAR_registrationportlet_uploadFile' and @name = '_newreg_WAR_registrationportlet_uploadFile' and @type = 'file']' not found)
[[ATTACHMENT|C:\\Users\\Admin\\Desktop\\PKS\\Perkeso Phase A\\Reports\\Workflow\\New Registration\\20181212_150049\\1544613041296.png]]

2018-12-12 19:10:41 - [TEST_STEP][FAILED] - click: Unable to click on object 'Object Repository/Final Object Repo/New Registration - Registration Module Pages/New Reg - OTC to RO/Special Case - All Related Objects/Inner form Add Document Button Pending Case' (Root cause: com.kms.katalon.core.webui.exception.WebElementNotFoundException: Web element with id: 'Object Repository/Final Object Repo/New Registration - Registration Module Pages/New Reg - OTC to RO/Special Case - All Related Objects/Inner form Add Document Button Pending Case' located by 'By.xpath: //a[@class = 'btn btn-lg blueBtn col-md-2 pull-right' and @targets = 'baseMsgDivId' and (text() = '
										ADD DOCUMENT
								     ' or . = '
										ADD DOCUMENT
								     ')]' not found)

2018-12-12 19:11:16 - [MESSAGE][FAILED] - Unable to click on object 'Object Repository/Final Object Repo/New Registration - Registration Module Pages/New Reg - OTC to RO/Special Case - All Related Objects/Inner form Add Document Button Pending Case' (Root cause: com.kms.katalon.core.webui.exception.WebElementNotFoundException: Web element with id: 'Object Repository/Final Object Repo/New Registration - Registration Module Pages/New Reg - OTC to RO/Special Case - All Related Objects/Inner form Add Document Button Pending Case' located by 'By.xpath: //a[@class = 'btn btn-lg blueBtn col-md-2 pull-right' and @targets = 'baseMsgDivId' and (text() = '
										ADD DOCUMENT
								     ' or . = '
										ADD DOCUMENT
								     ')]' not found)
[[ATTACHMENT|C:\\Users\\Admin\\Desktop\\PKS\\Perkeso Phase A\\Reports\\Workflow\\New Registration\\20181212_150049\\1544613075771.png]]

2018-12-12 19:11:16 - [TEST_STEP][FAILED] - click: Unable to click on object 'Object Repository/Final Object Repo/New Registration - Registration Module Pages/New Reg - OTC to RO/Special Case - All Related Objects/Pending Case Exit' (Root cause: com.kms.katalon.core.webui.exception.WebElementNotFoundException: Web element with id: 'Object Repository/Final Object Repo/New Registration - Registration Module Pages/New Reg - OTC to RO/Special Case - All Related Objects/Pending Case Exit' located by 'By.xpath: //a[@id = '_newreg_WAR_registrationportlet_exitBtnId' and @class = 'btn btn-lg blueBtn col-md-2 pull-right' and (text() = '
									EXIT
				                ' or . = '
									EXIT
				                ')]' not found)

2018-12-12 19:11:48 - [MESSAGE][FAILED] - Unable to click on object 'Object Repository/Final Object Repo/New Registration - Registration Module Pages/New Reg - OTC to RO/Special Case - All Related Objects/Pending Case Exit' (Root cause: com.kms.katalon.core.webui.exception.WebElementNotFoundException: Web element with id: 'Object Repository/Final Object Repo/New Registration - Registration Module Pages/New Reg - OTC to RO/Special Case - All Related Objects/Pending Case Exit' located by 'By.xpath: //a[@id = '_newreg_WAR_registrationportlet_exitBtnId' and @class = 'btn btn-lg blueBtn col-md-2 pull-right' and (text() = '
									EXIT
				                ' or . = '
									EXIT
				                ')]' not found)
[[ATTACHMENT|C:\\Users\\Admin\\Desktop\\PKS\\Perkeso Phase A\\Reports\\Workflow\\New Registration\\20181212_150049\\1544613108565.png]]

2018-12-12 19:11:48 - [TEST_STEP][PASSED] - callTestCase: Call Test Case 'Test Cases/Final Aug 2018 - PKS Automation/Registration Module/Log Out/log out avoiding katalon tagging' successfully

2018-12-12 19:11:48 - [TEST_CASE][PASSED] - Test Cases/Final Aug 2018 - PKS Automation/Registration Module/Log Out/log out avoiding katalon tagging: Test Cases/Final Aug 2018 - PKS Automation/Registration Module/Log Out/log out avoiding katalon tagging

2018-12-12 19:11:48 - [TEST_STEP][PASSED] - navigateToUrl: Navigate to 'https://assist2-uat.perkeso.gov.my/c/portal/logout' successfully

2018-12-12 19:11:49 - [MESSAGE][PASSED] - Navigate to 'https://assist2-uat.perkeso.gov.my/c/portal/logout' successfully

2018-12-12 19:11:49 - [MESSAGE][PASSED] - Call Test Case 'Test Cases/Final Aug 2018 - PKS Automation/Registration Module/Log Out/log out avoiding katalon tagging' successfully

2018-12-12 19:11:49 - [TEST_STEP][PASSED] - delay: Delayed 2 second(s)

2018-12-12 19:11:51 - [MESSAGE][PASSED] - Delayed 2 second(s)

2018-12-12 19:11:51 - [TEST_STEP][PASSED] - callTestCase: Call Test Case 'Test Cases/Final Aug 2018 - PKS Automation/Common/Workflow Owner Finder' successfully

2018-12-12 19:11:51 - [TEST_CASE][PASSED] - Test Cases/Final Aug 2018 - PKS Automation/Common/Workflow Owner Finder: Test Cases/Final Aug 2018 - PKS Automation/Common/Workflow Owner Finder

2018-12-12 19:11:51 - [TEST_STEP][PASSED] - openBrowser: Browser is opened with url: ''

2018-12-12 19:11:51 - [MESSAGE][WARNING] - A browser is already opened. Closing browser and opening a new one

2018-12-12 19:11:55 - [MESSAGE][PASSED] - Browser is opened with url: ''

2018-12-12 19:11:55 - [TEST_STEP][PASSED] - navigateToUrl: Navigate to 'https://assist2-uat.perkeso.gov.my/login' successfully

2018-12-12 19:11:56 - [MESSAGE][PASSED] - Navigate to 'https://assist2-uat.perkeso.gov.my/login' successfully

2018-12-12 19:11:56 - [TEST_STEP][PASSED] - delay: Delayed 5 second(s)

2018-12-12 19:12:01 - [MESSAGE][PASSED] - Delayed 5 second(s)

2018-12-12 19:12:01 - [TEST_STEP][PASSED] - setText: Text 'test@liferay.com' is set on object 'Object Repository/Final Object Repo/Login Page/Internal User/Email Address'

2018-12-12 19:12:02 - [MESSAGE][PASSED] - Text 'test@liferay.com' is set on object 'Object Repository/Final Object Repo/Login Page/Internal User/Email Address'

2018-12-12 19:12:02 - [TEST_STEP][PASSED] - click: Object: 'Object Repository/Final Object Repo/Login Page/Internal User/Next Button' is clicked on

2018-12-12 19:12:02 - [MESSAGE][PASSED] - Object: 'Object Repository/Final Object Repo/Login Page/Internal User/Next Button' is clicked on

2018-12-12 19:12:02 - [TEST_STEP][PASSED] - delay: Delayed 2 second(s)

2018-12-12 19:12:04 - [MESSAGE][PASSED] - Delayed 2 second(s)

2018-12-12 19:12:04 - [TEST_STEP][PASSED] - setText: Text 'test' is set on object 'Object Repository/Final Object Repo/Login Page/Internal User/Password'

2018-12-12 19:12:04 - [MESSAGE][PASSED] - Text 'test' is set on object 'Object Repository/Final Object Repo/Login Page/Internal User/Password'

2018-12-12 19:12:04 - [TEST_STEP][PASSED] - delay: Delayed 2 second(s)

2018-12-12 19:12:06 - [MESSAGE][PASSED] - Delayed 2 second(s)

2018-12-12 19:12:06 - [TEST_STEP][PASSED] - click: Object: 'Object Repository/Final Object Repo/Login Page/Internal User/Login Button' is clicked on

2018-12-12 19:12:06 - [MESSAGE][PASSED] - Object: 'Object Repository/Final Object Repo/Login Page/Internal User/Login Button' is clicked on

2018-12-12 19:12:06 - [TEST_STEP][PASSED] - Statement - tester = com.kms.katalon.core.testobject.ObjectRepository.findTestObject(Final Object Repo/Landing Page/Select to English): Finding Test Object with id 'Object Repository/Final Object Repo/Landing Page/Select to English'

2018-12-12 19:12:06 - [TEST_STEP][PASSED] - Statement - Try: Delayed 2 second(s)

2018-12-12 19:12:06 - [TEST_STEP][PASSED] - Statement - Checker = com.kms.katalon.core.webui.keyword.WebUiBuiltInKeywords.verifyElementNotPresent(tester, 3): Web element with id: 'Object Repository/Final Object Repo/Landing Page/Select to English' located by 'By.xpath: //a[@class = 'taglib-language-list-text' and @lang = 'en-US' and (contains(text(), 'EN') or contains(., 'EN'))]' is not present after '3' second(s)

2018-12-12 19:12:08 - [MESSAGE][PASSED] - Web element with id: 'Object Repository/Final Object Repo/Landing Page/Select to English' located by 'By.xpath: //a[@class = 'taglib-language-list-text' and @lang = 'en-US' and (contains(text(), 'EN') or contains(., 'EN'))]' is not present after '3' second(s)

2018-12-12 19:12:08 - [TEST_STEP][PASSED] - Statement - If (Checker == false): null

2018-12-12 19:12:08 - [TEST_STEP][PASSED] - delay: Delayed 2 second(s)

2018-12-12 19:12:10 - [MESSAGE][PASSED] - Delayed 2 second(s)

2018-12-12 19:12:10 - [TEST_STEP][PASSED] - delay: Delayed 5 second(s)

2018-12-12 19:12:15 - [MESSAGE][PASSED] - Delayed 5 second(s)

2018-12-12 19:12:15 - [TEST_STEP][PASSED] - mouseOver: Object: 'Object Repository/Final Object Repo/Landing Page/WorkFlow Menu' is hovered

2018-12-12 19:12:15 - [MESSAGE][PASSED] - Object: 'Object Repository/Final Object Repo/Landing Page/WorkFlow Menu' is hovered

2018-12-12 19:12:16 - [TEST_STEP][PASSED] - delay: Delayed 2 second(s)

2018-12-12 19:12:18 - [MESSAGE][PASSED] - Delayed 2 second(s)

2018-12-12 19:12:18 - [TEST_STEP][PASSED] - click: Object: 'Object Repository/Final Object Repo/Landing Page/Select to Workflow Listing' is clicked on

2018-12-12 19:12:19 - [MESSAGE][PASSED] - Object: 'Object Repository/Final Object Repo/Landing Page/Select to Workflow Listing' is clicked on

2018-12-12 19:12:19 - [TEST_STEP][PASSED] - delay: Delayed 2 second(s)

2018-12-12 19:12:21 - [MESSAGE][PASSED] - Delayed 2 second(s)

2018-12-12 19:12:21 - [TEST_STEP][PASSED] - click: Object: 'Object Repository/Final Object Repo/WorkFlow Listing Page/Search Information - To Put Ref No' is clicked on

2018-12-12 19:12:21 - [MESSAGE][PASSED] - Object: 'Object Repository/Final Object Repo/WorkFlow Listing Page/Search Information - To Put Ref No' is clicked on

2018-12-12 19:12:21 - [TEST_STEP][PASSED] - delay: Delayed 2 second(s)

2018-12-12 19:12:23 - [MESSAGE][PASSED] - Delayed 2 second(s)

2018-12-12 19:12:23 - [TEST_STEP][PASSED] - callTestCase: Call Test Case 'Test Cases/Final Aug 2018 - PKS Automation/Common/Reference Number Getter' successfully

2018-12-12 19:12:23 - [TEST_CASE][PASSED] - Test Cases/Final Aug 2018 - PKS Automation/Common/Reference Number Getter: Test Cases/Final Aug 2018 - PKS Automation/Common/Reference Number Getter

2018-12-12 19:12:23 - [TEST_STEP][PASSED] - Statement - Try: null

2018-12-12 19:12:23 - [TEST_STEP][PASSED] - Statement - RefNo = new java.io.File(C://Users//Admin//Desktop//PKS//Automation Reference Point//KatalonReference.txt): null

2018-12-12 19:12:23 - [TEST_STEP][PASSED] - Statement - bufferread = new java.io.BufferedReader(new java.io.FileReader(RefNo)): null

2018-12-12 19:12:23 - [TEST_STEP][PASSED] - Statement - readedVal = bufferread.readLine(): null

2018-12-12 19:12:23 - [TEST_STEP][PASSED] - Statement - out.println(CaseReferenceNo): null

2018-12-12 19:12:23 - [TEST_STEP][PASSED] - Statement - out.println(readedVal): null

2018-12-12 19:12:23 - [TEST_STEP][PASSED] - Statement - CaseReferenceNo = "": null

2018-12-12 19:12:23 - [TEST_STEP][PASSED] - Statement - CaseReferenceNo = readedVal: null

2018-12-12 19:12:23 - [MESSAGE][PASSED] - Call Test Case 'Test Cases/Final Aug 2018 - PKS Automation/Common/Reference Number Getter' successfully

2018-12-12 19:12:23 - [TEST_STEP][PASSED] - setText: Text 'CRN12201800123229' is set on object 'Object Repository/Final Object Repo/WorkFlow Listing Page/Ref No Set Text'

2018-12-12 19:12:23 - [MESSAGE][PASSED] - Text 'CRN12201800123229' is set on object 'Object Repository/Final Object Repo/WorkFlow Listing Page/Ref No Set Text'

2018-12-12 19:12:23 - [TEST_STEP][PASSED] - delay: Delayed 2 second(s)

2018-12-12 19:12:25 - [MESSAGE][PASSED] - Delayed 2 second(s)

2018-12-12 19:12:25 - [TEST_STEP][PASSED] - click: Object: 'Object Repository/Final Object Repo/WorkFlow Listing Page/Search Ref No Search Button' is clicked on

2018-12-12 19:12:25 - [MESSAGE][PASSED] - Object: 'Object Repository/Final Object Repo/WorkFlow Listing Page/Search Ref No Search Button' is clicked on

2018-12-12 19:12:25 - [TEST_STEP][PASSED] - delay: Delayed 6 second(s)

2018-12-12 19:12:31 - [MESSAGE][PASSED] - Delayed 6 second(s)

2018-12-12 19:12:31 - [TEST_STEP][PASSED] - click: Object: 'Object Repository/Final Object Repo/WorkFlow Listing Page/Click Continue Tooltip' is clicked on

2018-12-12 19:12:32 - [MESSAGE][PASSED] - Object: 'Object Repository/Final Object Repo/WorkFlow Listing Page/Click Continue Tooltip' is clicked on

2018-12-12 19:12:32 - [TEST_STEP][PASSED] - delay: Delayed 5 second(s)

2018-12-12 19:12:37 - [MESSAGE][PASSED] - Delayed 5 second(s)

2018-12-12 19:12:37 - [TEST_STEP][PASSED] - doubleClick: Object: 'Object Repository/Final Object Repo/WorkFlow Listing Page/Workflow Found - Listing 1' is double clicked on

2018-12-12 19:12:37 - [MESSAGE][PASSED] - Object: 'Object Repository/Final Object Repo/WorkFlow Listing Page/Workflow Found - Listing 1' is double clicked on

2018-12-12 19:12:37 - [TEST_STEP][PASSED] - Statement - println(OwnerID): null

2018-12-12 19:12:37 - [TEST_STEP][PASSED] - Statement - OwnerID = com.kms.katalon.core.webui.keyword.WebUiBuiltInKeywords.getText(com.kms.katalon.core.testobject.ObjectRepository.findTestObject(Final Object Repo/WorkFlow Listing Page/Workflow Found - Listing 1), STOP_ON_FAILURE): Text of object 'Object Repository/Final Object Repo/WorkFlow Listing Page/Workflow Found - Listing 1' is: 'JOHORro2'

2018-12-12 19:12:38 - [MESSAGE][PASSED] - Text of object 'Object Repository/Final Object Repo/WorkFlow Listing Page/Workflow Found - Listing 1' is: 'JOHORro2'

2018-12-12 19:12:38 - [TEST_STEP][PASSED] - Statement - OwnerID = OwnerID.toLowerCase() + "@gmail.com": null

2018-12-12 19:12:38 - [TEST_STEP][PASSED] - Statement - println(OwnerID): null

2018-12-12 19:12:38 - [TEST_STEP][PASSED] - delay: Delayed 2 second(s)

2018-12-12 19:12:40 - [MESSAGE][PASSED] - Delayed 2 second(s)

2018-12-12 19:12:40 - [MESSAGE][PASSED] - Call Test Case 'Test Cases/Final Aug 2018 - PKS Automation/Common/Workflow Owner Finder' successfully

2018-12-12 19:12:40 - [TEST_STEP][PASSED] - callTestCase: Call Test Case 'Test Cases/Final Aug 2018 - PKS Automation/Registration Module/Log Out/log out avoiding katalon tagging' successfully

2018-12-12 19:12:40 - [TEST_CASE][PASSED] - Test Cases/Final Aug 2018 - PKS Automation/Registration Module/Log Out/log out avoiding katalon tagging: Test Cases/Final Aug 2018 - PKS Automation/Registration Module/Log Out/log out avoiding katalon tagging

2018-12-12 19:12:40 - [TEST_STEP][PASSED] - navigateToUrl: Navigate to 'https://assist2-uat.perkeso.gov.my/c/portal/logout' successfully

2018-12-12 19:12:40 - [MESSAGE][PASSED] - Navigate to 'https://assist2-uat.perkeso.gov.my/c/portal/logout' successfully

2018-12-12 19:12:40 - [MESSAGE][PASSED] - Call Test Case 'Test Cases/Final Aug 2018 - PKS Automation/Registration Module/Log Out/log out avoiding katalon tagging' successfully

2018-12-12 19:12:40 - [TEST_STEP][PASSED] - delay: Delayed 2 second(s)

2018-12-12 19:12:42 - [MESSAGE][PASSED] - Delayed 2 second(s)

2018-12-12 19:12:42 - [TEST_STEP][PASSED] - setText: Text 'johorro2@gmail.com' is set on object 'Object Repository/Final Object Repo/Login Page/Internal User/Email Address'

2018-12-12 19:12:43 - [MESSAGE][PASSED] - Text 'johorro2@gmail.com' is set on object 'Object Repository/Final Object Repo/Login Page/Internal User/Email Address'

2018-12-12 19:12:43 - [TEST_STEP][PASSED] - click: Object: 'Object Repository/Final Object Repo/Login Page/Internal User/Next Button' is clicked on

2018-12-12 19:12:43 - [MESSAGE][PASSED] - Object: 'Object Repository/Final Object Repo/Login Page/Internal User/Next Button' is clicked on

2018-12-12 19:12:43 - [TEST_STEP][PASSED] - delay: Delayed 2 second(s)

2018-12-12 19:12:45 - [MESSAGE][PASSED] - Delayed 2 second(s)

2018-12-12 19:12:45 - [TEST_STEP][PASSED] - setText: Text 'Test1@3456789' is set on object 'Object Repository/Final Object Repo/Login Page/Internal User/Password'

2018-12-12 19:12:45 - [MESSAGE][PASSED] - Text 'Test1@3456789' is set on object 'Object Repository/Final Object Repo/Login Page/Internal User/Password'

2018-12-12 19:12:45 - [TEST_STEP][PASSED] - delay: Delayed 2 second(s)

2018-12-12 19:12:47 - [MESSAGE][PASSED] - Delayed 2 second(s)

2018-12-12 19:12:47 - [TEST_STEP][PASSED] - click: Object: 'Object Repository/Final Object Repo/Login Page/Internal User/Login Button' is clicked on

2018-12-12 19:12:47 - [MESSAGE][PASSED] - Object: 'Object Repository/Final Object Repo/Login Page/Internal User/Login Button' is clicked on

2018-12-12 19:12:47 - [TEST_STEP][PASSED] - delay: Delayed 2 second(s)

2018-12-12 19:12:49 - [MESSAGE][PASSED] - Delayed 2 second(s)

2018-12-12 19:12:49 - [TEST_STEP][PASSED] - Statement - Try: null

2018-12-12 19:12:49 - [TEST_STEP][PASSED] - Statement - Checker = com.kms.katalon.core.webui.keyword.WebUiBuiltInKeywords.verifyElementNotPresent("Final Object Repo/Landing Page/Select to English", 3): null

2018-12-12 19:12:49 - [TEST_STEP][PASSED] - Statement - Catch (Exception e): null

2018-12-12 19:12:49 - [TEST_STEP][PASSED] - Statement - e.printStackTrace(): null

2018-12-12 19:12:49 - [TEST_STEP][PASSED] - click: Object: 'Object Repository/Final Object Repo/New Registration - Registration Module Pages/New Reg - OTC to RO/Special Case - All Related Objects/Expand to Search' is clicked on

2018-12-12 19:12:50 - [MESSAGE][PASSED] - Object: 'Object Repository/Final Object Repo/New Registration - Registration Module Pages/New Reg - OTC to RO/Special Case - All Related Objects/Expand to Search' is clicked on

2018-12-12 19:12:50 - [TEST_STEP][PASSED] - callTestCase: Call Test Case 'Test Cases/Final Aug 2018 - PKS Automation/Common/Reference Number Getter' successfully

2018-12-12 19:12:50 - [TEST_CASE][PASSED] - Test Cases/Final Aug 2018 - PKS Automation/Common/Reference Number Getter: Test Cases/Final Aug 2018 - PKS Automation/Common/Reference Number Getter

2018-12-12 19:12:50 - [TEST_STEP][PASSED] - Statement - Try: null

2018-12-12 19:12:50 - [TEST_STEP][PASSED] - Statement - RefNo = new java.io.File(C://Users//Admin//Desktop//PKS//Automation Reference Point//KatalonReference.txt): null

2018-12-12 19:12:50 - [TEST_STEP][PASSED] - Statement - bufferread = new java.io.BufferedReader(new java.io.FileReader(RefNo)): null

2018-12-12 19:12:50 - [TEST_STEP][PASSED] - Statement - readedVal = bufferread.readLine(): null

2018-12-12 19:12:50 - [TEST_STEP][PASSED] - Statement - out.println(CaseReferenceNo): null

2018-12-12 19:12:50 - [TEST_STEP][PASSED] - Statement - out.println(readedVal): null

2018-12-12 19:12:50 - [TEST_STEP][PASSED] - Statement - CaseReferenceNo = "": null

2018-12-12 19:12:50 - [TEST_STEP][PASSED] - Statement - CaseReferenceNo = readedVal: null

2018-12-12 19:12:50 - [MESSAGE][PASSED] - Call Test Case 'Test Cases/Final Aug 2018 - PKS Automation/Common/Reference Number Getter' successfully

2018-12-12 19:12:50 - [TEST_STEP][PASSED] - setText: Text 'CRN12201800123229' is set on object 'Object Repository/Final Object Repo/New Registration - Registration Module Pages/New Reg - OTC to RO/Special Case - All Related Objects/TextBox RefNo in Workbasket'

2018-12-12 19:12:50 - [MESSAGE][PASSED] - Text 'CRN12201800123229' is set on object 'Object Repository/Final Object Repo/New Registration - Registration Module Pages/New Reg - OTC to RO/Special Case - All Related Objects/TextBox RefNo in Workbasket'

2018-12-12 19:12:50 - [TEST_STEP][PASSED] - delay: Delayed 2 second(s)

2018-12-12 19:12:52 - [MESSAGE][PASSED] - Delayed 2 second(s)

2018-12-12 19:12:52 - [TEST_STEP][PASSED] - click: Object: 'Object Repository/Final Object Repo/New Registration - Registration Module Pages/New Reg - OTC to RO/Special Case - All Related Objects/Click Search' is clicked on

2018-12-12 19:12:52 - [MESSAGE][PASSED] - Object: 'Object Repository/Final Object Repo/New Registration - Registration Module Pages/New Reg - OTC to RO/Special Case - All Related Objects/Click Search' is clicked on

2018-12-12 19:12:52 - [TEST_STEP][PASSED] - delay: Delayed 2 second(s)

2018-12-12 19:12:54 - [MESSAGE][PASSED] - Delayed 2 second(s)

2018-12-12 19:12:54 - [TEST_STEP][PASSED] - click: Object: 'Object Repository/Final Object Repo/New Registration - Registration Module Pages/New Reg - OTC to RO/Special Case - All Related Objects/Click to Continue Workflow' is clicked on

2018-12-12 19:12:58 - [MESSAGE][PASSED] - Object: 'Object Repository/Final Object Repo/New Registration - Registration Module Pages/New Reg - OTC to RO/Special Case - All Related Objects/Click to Continue Workflow' is clicked on

2018-12-12 19:12:58 - [TEST_STEP][PASSED] - delay: Delayed 2 second(s)

2018-12-12 19:13:00 - [MESSAGE][PASSED] - Delayed 2 second(s)

2018-12-12 19:13:00 - [TEST_STEP][PASSED] - click: Object: 'Object Repository/Final Object Repo/New Registration - Registration Module Pages/New Reg - OTC to RO/Special Case - All Related Objects/Continue Button in verifying case' is clicked on

2018-12-12 19:13:01 - [MESSAGE][PASSED] - Object: 'Object Repository/Final Object Repo/New Registration - Registration Module Pages/New Reg - OTC to RO/Special Case - All Related Objects/Continue Button in verifying case' is clicked on

2018-12-12 19:13:01 - [TEST_STEP][PASSED] - delay: Delayed 2 second(s)

2018-12-12 19:13:03 - [MESSAGE][PASSED] - Delayed 2 second(s)

2018-12-12 19:13:03 - [TEST_STEP][PASSED] - click: Object: 'Object Repository/Final Object Repo/New Registration - Registration Module Pages/New Reg - OTC to RO/Special Case - All Related Objects/Form 1 Save n Continue' is clicked on

2018-12-12 19:13:04 - [MESSAGE][PASSED] - Object: 'Object Repository/Final Object Repo/New Registration - Registration Module Pages/New Reg - OTC to RO/Special Case - All Related Objects/Form 1 Save n Continue' is clicked on

2018-12-12 19:13:04 - [TEST_STEP][PASSED] - delay: Delayed 2 second(s)

2018-12-12 19:13:06 - [MESSAGE][PASSED] - Delayed 2 second(s)

2018-12-12 19:13:06 - [TEST_STEP][PASSED] - click: Object: 'Object Repository/Final Object Repo/New Registration - Registration Module Pages/New Reg - OTC to RO/Special Case - All Related Objects/Form 2 Save n Continue' is clicked on

2018-12-12 19:13:06 - [MESSAGE][PASSED] - Object: 'Object Repository/Final Object Repo/New Registration - Registration Module Pages/New Reg - OTC to RO/Special Case - All Related Objects/Form 2 Save n Continue' is clicked on

2018-12-12 19:13:06 - [TEST_STEP][PASSED] - delay: Delayed 2 second(s)

2018-12-12 19:13:08 - [MESSAGE][PASSED] - Delayed 2 second(s)

2018-12-12 19:13:08 - [TEST_STEP][PASSED] - click: Object: 'Object Repository/Final Object Repo/New Registration - Registration Module Pages/New Reg - OTC to RO/Special Case - All Related Objects/Third Screen Save n Continue' is clicked on

2018-12-12 19:13:13 - [MESSAGE][PASSED] - Object: 'Object Repository/Final Object Repo/New Registration - Registration Module Pages/New Reg - OTC to RO/Special Case - All Related Objects/Third Screen Save n Continue' is clicked on

2018-12-12 19:13:13 - [TEST_STEP][PASSED] - delay: Delayed 5 second(s)

2018-12-12 19:13:18 - [MESSAGE][PASSED] - Delayed 5 second(s)

2018-12-12 19:13:18 - [TEST_STEP][PASSED] - click: Object: 'Object Repository/Final Object Repo/New Registration - Registration Module Pages/New Reg - OTC to RO/Special Case - All Related Objects/Upload Doc Page Save n Continue' is clicked on

2018-12-12 19:13:18 - [MESSAGE][PASSED] - Object: 'Object Repository/Final Object Repo/New Registration - Registration Module Pages/New Reg - OTC to RO/Special Case - All Related Objects/Upload Doc Page Save n Continue' is clicked on

2018-12-12 19:13:18 - [TEST_STEP][PASSED] - delay: Delayed 5 second(s)

2018-12-12 19:13:23 - [MESSAGE][PASSED] - Delayed 5 second(s)

2018-12-12 19:13:23 - [TEST_STEP][FAILED] - callTestCase: Unable to call Test Case with id 'Test Cases/Final Aug 2018 - PKS Automation/Registration Module/New Registration/Submit and Screenshot/Submit Registration and Screenshot' (Root cause: Call Test Case 'Test Cases/Final Aug 2018 - PKS Automation/Registration Module/New Registration/Submit and Screenshot/Submit Registration and Screenshot' failed)

2018-12-12 19:13:23 - [TEST_CASE][FAILED] - Test Cases/Final Aug 2018 - PKS Automation/Registration Module/New Registration/Submit and Screenshot/Submit Registration and Screenshot: Test Cases/Final Aug 2018 - PKS Automation/Registration Module/New Registration/Submit and Screenshot/Submit Registration and Screenshot FAILED because (of) (Stack trace: com.kms.katalon.core.exception.StepFailedException: Unable to click on object 'Object Repository/Final Object Repo/New Registration - Registration Module Pages/Third Screen - Upload Supporting Doc- Preview/Preview Submit Button' (Root cause: com.kms.katalon.core.webui.exception.WebElementNotFoundException: Web element with id: 'Object Repository/Final Object Repo/New Registration - Registration Module Pages/Third Screen - Upload Supporting Doc- Preview/Preview Submit Button' located by 'By.xpath: //a[@popupvalidatesubmit = 'true' and @class = 'btn btn-lg blueBtn col-md-2 pull-right browserIdBtn' and (text() = ' SUBMIT
					' or . = ' SUBMIT
					')]' not found)
	at com.kms.katalon.core.keyword.internal.KeywordMain.stepFailed(KeywordMain.groovy:32)
	at com.kms.katalon.core.webui.keyword.internal.WebUIKeywordMain.stepFailed(WebUIKeywordMain.groovy:65)
	at com.kms.katalon.core.webui.keyword.internal.WebUIKeywordMain.runKeyword(WebUIKeywordMain.groovy:27)
	at com.kms.katalon.core.webui.keyword.builtin.ClickKeyword.click(ClickKeyword.groovy:86)
	at com.kms.katalon.core.webui.keyword.builtin.ClickKeyword.execute(ClickKeyword.groovy:67)
	at com.kms.katalon.core.keyword.internal.KeywordExecutor.executeKeywordForPlatform(KeywordExecutor.groovy:53)
	at com.kms.katalon.core.webui.keyword.WebUiBuiltInKeywords.click(WebUiBuiltInKeywords.groovy:616)
	at com.kms.katalon.core.webui.keyword.WebUiBuiltInKeywords$click$2.call(Unknown Source)
	at Script1534476274484.run(Script1534476274484.groovy:32)
	at com.kms.katalon.core.main.ScriptEngine.run(ScriptEngine.java:183)
	at com.kms.katalon.core.main.ScriptEngine.runScriptAsRawText(ScriptEngine.java:108)
	at com.kms.katalon.core.main.TestCaseExecutor.runScript(TestCaseExecutor.java:294)
	at com.kms.katalon.core.main.TestCaseExecutor.doExecute(TestCaseExecutor.java:285)
	at com.kms.katalon.core.main.TestCaseExecutor.processExecutionPhase(TestCaseExecutor.java:264)
	at com.kms.katalon.core.main.TestCaseExecutor.accessMainPhase(TestCaseExecutor.java:256)
	at com.kms.katalon.core.main.TestCaseExecutor.execute(TestCaseExecutor.java:200)
	at com.kms.katalon.core.main.TestCaseMain.runTestCase(TestCaseMain.java:99)
	at com.kms.katalon.core.keyword.builtin.CallTestCaseKeyword$_callTestCase_closure1.doCall(CallTestCaseKeyword.groovy:60)
	at com.kms.katalon.core.keyword.builtin.CallTestCaseKeyword$_callTestCase_closure1.call(CallTestCaseKeyword.groovy)
	at com.kms.katalon.core.keyword.internal.KeywordMain.runKeyword(KeywordMain.groovy:54)
	at com.kms.katalon.core.keyword.builtin.CallTestCaseKeyword.callTestCase(CallTestCaseKeyword.groovy:81)
	at com.kms.katalon.core.keyword.builtin.CallTestCaseKeyword.execute(CallTestCaseKeyword.groovy:45)
	at com.kms.katalon.core.keyword.internal.KeywordExecutor.executeKeywordForPlatform(KeywordExecutor.groovy:53)
	at com.kms.katalon.core.keyword.BuiltinKeywords.callTestCase(BuiltinKeywords.groovy:334)
	at sun.reflect.GeneratedMethodAccessor13.invoke(Unknown Source)
	at sun.reflect.DelegatingMethodAccessorImpl.invoke(DelegatingMethodAccessorImpl.java:43)
	at java.lang.reflect.Method.invoke(Method.java:498)
	at org.codehaus.groovy.reflection.CachedMethod.invoke(CachedMethod.java:93)
	at groovy.lang.MetaMethod.doMethodInvoke(MetaMethod.java:325)
	at groovy.lang.MetaClassImpl.invokeStaticMethod(MetaClassImpl.java:1469)
	at org.codehaus.groovy.runtime.callsite.StaticMetaClassSite.call(StaticMetaClassSite.java:53)
	at org.codehaus.groovy.runtime.callsite.CallSiteArray.defaultCall(CallSiteArray.java:48)
	at org.codehaus.groovy.runtime.callsite.AbstractCallSite.call(AbstractCallSite.java:113)
	at org.codehaus.groovy.runtime.callsite.AbstractCallSite.call(AbstractCallSite.java:141)
	at Script1535619019036.run(Script1535619019036.groovy:268)
	at com.kms.katalon.core.main.ScriptEngine.run(ScriptEngine.java:183)
	at com.kms.katalon.core.main.ScriptEngine.runScriptAsRawText(ScriptEngine.java:108)
	at com.kms.katalon.core.main.TestCaseExecutor.runScript(TestCaseExecutor.java:294)
	at com.kms.katalon.core.main.TestCaseExecutor.doExecute(TestCaseExecutor.java:285)
	at com.kms.katalon.core.main.TestCaseExecutor.processExecutionPhase(TestCaseExecutor.java:264)
	at com.kms.katalon.core.main.TestCaseExecutor.accessMainPhase(TestCaseExecutor.java:256)
	at com.kms.katalon.core.main.TestCaseExecutor.execute(TestCaseExecutor.java:200)
	at com.kms.katalon.core.main.TestSuiteExecutor.accessTestCaseMainPhase(TestSuiteExecutor.java:129)
	at com.kms.katalon.core.main.TestSuiteExecutor.accessTestSuiteMainPhase(TestSuiteExecutor.java:112)
	at com.kms.katalon.core.main.TestSuiteExecutor.execute(TestSuiteExecutor.java:81)
	at com.kms.katalon.core.main.TestCaseMain.startTestSuite(TestCaseMain.java:142)
	at com.kms.katalon.core.main.TestCaseMain$startTestSuite$0.call(Unknown Source)
	at org.codehaus.groovy.runtime.callsite.CallSiteArray.defaultCall(CallSiteArray.java:48)
	at org.codehaus.groovy.runtime.callsite.AbstractCallSite.call(AbstractCallSite.java:113)
	at org.codehaus.groovy.runtime.callsite.AbstractCallSite.call(AbstractCallSite.java:141)
	at TempTestSuite1544598049714.run(TempTestSuite1544598049714.groovy:36)
	at groovy.lang.GroovyShell.runScriptOrMainOrTestOrRunnable(GroovyShell.java:263)
	at groovy.lang.GroovyShell.run(GroovyShell.java:518)
	at groovy.lang.GroovyShell.run(GroovyShell.java:507)
	at groovy.ui.GroovyMain.processOnce(GroovyMain.java:653)
	at groovy.ui.GroovyMain.run(GroovyMain.java:384)
	at groovy.ui.GroovyMain.process(GroovyMain.java:370)
	at groovy.ui.GroovyMain.processArgs(GroovyMain.java:129)
	at groovy.ui.GroovyMain.main(GroovyMain.java:109)
	at sun.reflect.NativeMethodAccessorImpl.invoke0(Native Method)
	at sun.reflect.NativeMethodAccessorImpl.invoke(NativeMethodAccessorImpl.java:62)
	at sun.reflect.DelegatingMethodAccessorImpl.invoke(DelegatingMethodAccessorImpl.java:43)
	at java.lang.reflect.Method.invoke(Method.java:498)
	at org.codehaus.groovy.tools.GroovyStarter.rootLoader(GroovyStarter.java:109)
	at org.codehaus.groovy.tools.GroovyStarter.main(GroovyStarter.java:131)
)

2018-12-12 19:13:24 - [TEST_STEP][PASSED] - delay: Delayed 6 second(s)

2018-12-12 19:13:30 - [MESSAGE][PASSED] - Delayed 6 second(s)

2018-12-12 19:13:30 - [TEST_STEP][FAILED] - click: Unable to click on object 'Object Repository/Final Object Repo/New Registration - Registration Module Pages/Third Screen - Upload Supporting Doc- Preview/Preview Submit Button' (Root cause: com.kms.katalon.core.webui.exception.WebElementNotFoundException: Web element with id: 'Object Repository/Final Object Repo/New Registration - Registration Module Pages/Third Screen - Upload Supporting Doc- Preview/Preview Submit Button' located by 'By.xpath: //a[@popupvalidatesubmit = 'true' and @class = 'btn btn-lg blueBtn col-md-2 pull-right browserIdBtn' and (text() = ' SUBMIT
					' or . = ' SUBMIT
					')]' not found)

2018-12-12 19:14:05 - [MESSAGE][FAILED] - Unable to click on object 'Object Repository/Final Object Repo/New Registration - Registration Module Pages/Third Screen - Upload Supporting Doc- Preview/Preview Submit Button' (Root cause: com.kms.katalon.core.webui.exception.WebElementNotFoundException: Web element with id: 'Object Repository/Final Object Repo/New Registration - Registration Module Pages/Third Screen - Upload Supporting Doc- Preview/Preview Submit Button' located by 'By.xpath: //a[@popupvalidatesubmit = 'true' and @class = 'btn btn-lg blueBtn col-md-2 pull-right browserIdBtn' and (text() = ' SUBMIT
					' or . = ' SUBMIT
					')]' not found)
[[ATTACHMENT|C:\\Users\\Admin\\Desktop\\PKS\\Perkeso Phase A\\Reports\\Workflow\\New Registration\\20181212_150049\\1544613245559.png]]

2018-12-12 19:14:05 - [TEST_STEP][PASSED] - delay: Delayed 2 second(s)

2018-12-12 19:14:07 - [MESSAGE][PASSED] - Delayed 2 second(s)

2018-12-12 19:14:07 - [TEST_STEP][FAILED] - click: Unable to click on object 'Object Repository/Final Object Repo/New Registration - Registration Module Pages/Third Screen - Upload Supporting Doc- Preview/Preview Submit - Confirm' (Root cause: com.kms.katalon.core.webui.exception.WebElementNotFoundException: Web element with id: 'Object Repository/Final Object Repo/New Registration - Registration Module Pages/Third Screen - Upload Supporting Doc- Preview/Preview Submit - Confirm' located by 'By.xpath: //span[@id = 'confirmword' and (text() = 'CONFIRM' or . = 'CONFIRM')]' not found)

2018-12-12 19:14:40 - [MESSAGE][FAILED] - Unable to click on object 'Object Repository/Final Object Repo/New Registration - Registration Module Pages/Third Screen - Upload Supporting Doc- Preview/Preview Submit - Confirm' (Root cause: com.kms.katalon.core.webui.exception.WebElementNotFoundException: Web element with id: 'Object Repository/Final Object Repo/New Registration - Registration Module Pages/Third Screen - Upload Supporting Doc- Preview/Preview Submit - Confirm' located by 'By.xpath: //span[@id = 'confirmword' and (text() = 'CONFIRM' or . = 'CONFIRM')]' not found)
[[ATTACHMENT|C:\\Users\\Admin\\Desktop\\PKS\\Perkeso Phase A\\Reports\\Workflow\\New Registration\\20181212_150049\\1544613279800.png]]

2018-12-12 19:14:40 - [TEST_STEP][PASSED] - delay: Delayed 15 second(s)

2018-12-12 19:14:55 - [MESSAGE][PASSED] - Delayed 15 second(s)

2018-12-12 19:14:55 - [TEST_STEP][PASSED] - Statement - driver = com.kms.katalon.core.webui.driver.DriverFactory.getWebDriver(): null

2018-12-12 19:14:55 - [TEST_STEP][PASSED] - Statement - driver.manage().timeouts().implicitlyWait(10, SECONDS): null

2018-12-12 19:14:55 - [TEST_STEP][PASSED] - Statement - PresavePath = KatalonScreenshots: null

2018-12-12 19:14:55 - [TEST_STEP][PASSED] - Statement - pathPrefix = "C:\Users\Public\Pictures\Sample Pictures\Katalon Screenshots\Automate Ending Screen": null

2018-12-12 19:14:55 - [TEST_STEP][PASSED] - Statement - finalPath = <not implemented yet for class: org.codehaus.groovy.ast.expr.EmptyExpression>: null

2018-12-12 19:14:55 - [TEST_STEP][PASSED] - Statement - scrFile = driver.getScreenshotAs(FILE): null

2018-12-12 19:14:55 - [TEST_STEP][PASSED] - Statement - PreSaveFile = new java.io.File(PresavePath): null

2018-12-12 19:14:55 - [TEST_STEP][PASSED] - Statement - counter = 0: null

2018-12-12 19:14:55 - [TEST_STEP][PASSED] - Statement - If (PreSaveFile.exists()): null

2018-12-12 19:14:55 - [TEST_STEP][PASSED] - Statement - While (PreSaveFile.exists()): null

2018-12-12 19:14:55 - [TEST_STEP][PASSED] - Statement - counter = counter + 1: null

2018-12-12 19:14:55 - [TEST_STEP][PASSED] - Statement - PreSaveFile = new java.io.File(((pathPrefix + java.lang.Integer.toString(counter)) + .png)): null

2018-12-12 19:14:55 - [TEST_STEP][PASSED] - Statement - counter = counter + 1: null

2018-12-12 19:14:55 - [TEST_STEP][PASSED] - Statement - PreSaveFile = new java.io.File(((pathPrefix + java.lang.Integer.toString(counter)) + .png)): null

2018-12-12 19:14:55 - [TEST_STEP][PASSED] - Statement - counter = counter + 1: null

2018-12-12 19:14:55 - [TEST_STEP][PASSED] - Statement - PreSaveFile = new java.io.File(((pathPrefix + java.lang.Integer.toString(counter)) + .png)): null

2018-12-12 19:14:55 - [TEST_STEP][PASSED] - Statement - counter = counter + 1: null

2018-12-12 19:14:55 - [TEST_STEP][PASSED] - Statement - PreSaveFile = new java.io.File(((pathPrefix + java.lang.Integer.toString(counter)) + .png)): null

2018-12-12 19:14:55 - [TEST_STEP][PASSED] - Statement - counter = counter + 1: null

2018-12-12 19:14:55 - [TEST_STEP][PASSED] - Statement - PreSaveFile = new java.io.File(((pathPrefix + java.lang.Integer.toString(counter)) + .png)): null

2018-12-12 19:14:55 - [TEST_STEP][PASSED] - Statement - counter = counter + 1: null

2018-12-12 19:14:55 - [TEST_STEP][PASSED] - Statement - PreSaveFile = new java.io.File(((pathPrefix + java.lang.Integer.toString(counter)) + .png)): null

2018-12-12 19:14:55 - [TEST_STEP][PASSED] - Statement - counter = counter + 1: null

2018-12-12 19:14:55 - [TEST_STEP][PASSED] - Statement - PreSaveFile = new java.io.File(((pathPrefix + java.lang.Integer.toString(counter)) + .png)): null

2018-12-12 19:14:55 - [TEST_STEP][PASSED] - Statement - counter = counter + 1: null

2018-12-12 19:14:55 - [TEST_STEP][PASSED] - Statement - PreSaveFile = new java.io.File(((pathPrefix + java.lang.Integer.toString(counter)) + .png)): null

2018-12-12 19:14:55 - [TEST_STEP][PASSED] - Statement - counter = counter + 1: null

2018-12-12 19:14:55 - [TEST_STEP][PASSED] - Statement - PreSaveFile = new java.io.File(((pathPrefix + java.lang.Integer.toString(counter)) + .png)): null

2018-12-12 19:14:55 - [TEST_STEP][PASSED] - Statement - counter = counter + 1: null

2018-12-12 19:14:55 - [TEST_STEP][PASSED] - Statement - PreSaveFile = new java.io.File(((pathPrefix + java.lang.Integer.toString(counter)) + .png)): null

2018-12-12 19:14:55 - [TEST_STEP][PASSED] - Statement - counter = counter + 1: null

2018-12-12 19:14:55 - [TEST_STEP][PASSED] - Statement - PreSaveFile = new java.io.File(((pathPrefix + java.lang.Integer.toString(counter)) + .png)): null

2018-12-12 19:14:55 - [TEST_STEP][PASSED] - Statement - counter = counter + 1: null

2018-12-12 19:14:55 - [TEST_STEP][PASSED] - Statement - PreSaveFile = new java.io.File(((pathPrefix + java.lang.Integer.toString(counter)) + .png)): null

2018-12-12 19:14:55 - [TEST_STEP][PASSED] - Statement - counter = counter + 1: null

2018-12-12 19:14:55 - [TEST_STEP][PASSED] - Statement - PreSaveFile = new java.io.File(((pathPrefix + java.lang.Integer.toString(counter)) + .png)): null

2018-12-12 19:14:55 - [TEST_STEP][PASSED] - Statement - counter = counter + 1: null

2018-12-12 19:14:55 - [TEST_STEP][PASSED] - Statement - PreSaveFile = new java.io.File(((pathPrefix + java.lang.Integer.toString(counter)) + .png)): null

2018-12-12 19:14:55 - [TEST_STEP][PASSED] - Statement - counter = counter + 1: null

2018-12-12 19:14:55 - [TEST_STEP][PASSED] - Statement - PreSaveFile = new java.io.File(((pathPrefix + java.lang.Integer.toString(counter)) + .png)): null

2018-12-12 19:14:55 - [TEST_STEP][PASSED] - Statement - counter = counter + 1: null

2018-12-12 19:14:55 - [TEST_STEP][PASSED] - Statement - PreSaveFile = new java.io.File(((pathPrefix + java.lang.Integer.toString(counter)) + .png)): null

2018-12-12 19:14:55 - [TEST_STEP][PASSED] - Statement - counter = counter + 1: null

2018-12-12 19:14:55 - [TEST_STEP][PASSED] - Statement - PreSaveFile = new java.io.File(((pathPrefix + java.lang.Integer.toString(counter)) + .png)): null

2018-12-12 19:14:55 - [TEST_STEP][PASSED] - Statement - counter = counter + 1: null

2018-12-12 19:14:55 - [TEST_STEP][PASSED] - Statement - PreSaveFile = new java.io.File(((pathPrefix + java.lang.Integer.toString(counter)) + .png)): null

2018-12-12 19:14:55 - [TEST_STEP][PASSED] - Statement - counter = counter + 1: null

2018-12-12 19:14:55 - [TEST_STEP][PASSED] - Statement - PreSaveFile = new java.io.File(((pathPrefix + java.lang.Integer.toString(counter)) + .png)): null

2018-12-12 19:14:55 - [TEST_STEP][PASSED] - Statement - counter = counter + 1: null

2018-12-12 19:14:55 - [TEST_STEP][PASSED] - Statement - PreSaveFile = new java.io.File(((pathPrefix + java.lang.Integer.toString(counter)) + .png)): null

2018-12-12 19:14:55 - [TEST_STEP][PASSED] - Statement - counter = counter + 1: null

2018-12-12 19:14:55 - [TEST_STEP][PASSED] - Statement - PreSaveFile = new java.io.File(((pathPrefix + java.lang.Integer.toString(counter)) + .png)): null

2018-12-12 19:14:55 - [TEST_STEP][PASSED] - Statement - counter = counter + 1: null

2018-12-12 19:14:55 - [TEST_STEP][PASSED] - Statement - PreSaveFile = new java.io.File(((pathPrefix + java.lang.Integer.toString(counter)) + .png)): null

2018-12-12 19:14:55 - [TEST_STEP][PASSED] - Statement - counter = counter + 1: null

2018-12-12 19:14:55 - [TEST_STEP][PASSED] - Statement - PreSaveFile = new java.io.File(((pathPrefix + java.lang.Integer.toString(counter)) + .png)): null

2018-12-12 19:14:55 - [TEST_STEP][PASSED] - Statement - counter = counter + 1: null

2018-12-12 19:14:55 - [TEST_STEP][PASSED] - Statement - PreSaveFile = new java.io.File(((pathPrefix + java.lang.Integer.toString(counter)) + .png)): null

2018-12-12 19:14:55 - [TEST_STEP][PASSED] - Statement - counter = counter + 1: null

2018-12-12 19:14:55 - [TEST_STEP][PASSED] - Statement - PreSaveFile = new java.io.File(((pathPrefix + java.lang.Integer.toString(counter)) + .png)): null

2018-12-12 19:14:55 - [TEST_STEP][PASSED] - Statement - counter = counter + 1: null

2018-12-12 19:14:55 - [TEST_STEP][PASSED] - Statement - PreSaveFile = new java.io.File(((pathPrefix + java.lang.Integer.toString(counter)) + .png)): null

2018-12-12 19:14:55 - [TEST_STEP][PASSED] - Statement - counter = counter + 1: null

2018-12-12 19:14:55 - [TEST_STEP][PASSED] - Statement - PreSaveFile = new java.io.File(((pathPrefix + java.lang.Integer.toString(counter)) + .png)): null

2018-12-12 19:14:55 - [TEST_STEP][PASSED] - Statement - counter = counter + 1: null

2018-12-12 19:14:55 - [TEST_STEP][PASSED] - Statement - PreSaveFile = new java.io.File(((pathPrefix + java.lang.Integer.toString(counter)) + .png)): null

2018-12-12 19:14:55 - [TEST_STEP][PASSED] - Statement - counter = counter + 1: null

2018-12-12 19:14:55 - [TEST_STEP][PASSED] - Statement - PreSaveFile = new java.io.File(((pathPrefix + java.lang.Integer.toString(counter)) + .png)): null

2018-12-12 19:14:55 - [TEST_STEP][PASSED] - Statement - counter = counter + 1: null

2018-12-12 19:14:55 - [TEST_STEP][PASSED] - Statement - PreSaveFile = new java.io.File(((pathPrefix + java.lang.Integer.toString(counter)) + .png)): null

2018-12-12 19:14:55 - [TEST_STEP][PASSED] - Statement - counter = counter + 1: null

2018-12-12 19:14:55 - [TEST_STEP][PASSED] - Statement - PreSaveFile = new java.io.File(((pathPrefix + java.lang.Integer.toString(counter)) + .png)): null

2018-12-12 19:14:55 - [TEST_STEP][PASSED] - Statement - counter = counter + 1: null

2018-12-12 19:14:55 - [TEST_STEP][PASSED] - Statement - PreSaveFile = new java.io.File(((pathPrefix + java.lang.Integer.toString(counter)) + .png)): null

2018-12-12 19:14:55 - [TEST_STEP][PASSED] - Statement - counter = counter + 1: null

2018-12-12 19:14:55 - [TEST_STEP][PASSED] - Statement - PreSaveFile = new java.io.File(((pathPrefix + java.lang.Integer.toString(counter)) + .png)): null

2018-12-12 19:14:55 - [TEST_STEP][PASSED] - Statement - counter = counter + 1: null

2018-12-12 19:14:55 - [TEST_STEP][PASSED] - Statement - PreSaveFile = new java.io.File(((pathPrefix + java.lang.Integer.toString(counter)) + .png)): null

2018-12-12 19:14:55 - [TEST_STEP][PASSED] - Statement - counter = counter + 1: null

2018-12-12 19:14:55 - [TEST_STEP][PASSED] - Statement - PreSaveFile = new java.io.File(((pathPrefix + java.lang.Integer.toString(counter)) + .png)): null

2018-12-12 19:14:55 - [TEST_STEP][PASSED] - Statement - counter = counter + 1: null

2018-12-12 19:14:55 - [TEST_STEP][PASSED] - Statement - PreSaveFile = new java.io.File(((pathPrefix + java.lang.Integer.toString(counter)) + .png)): null

2018-12-12 19:14:55 - [TEST_STEP][PASSED] - Statement - counter = counter + 1: null

2018-12-12 19:14:55 - [TEST_STEP][PASSED] - Statement - PreSaveFile = new java.io.File(((pathPrefix + java.lang.Integer.toString(counter)) + .png)): null

2018-12-12 19:14:55 - [TEST_STEP][PASSED] - Statement - counter = counter + 1: null

2018-12-12 19:14:55 - [TEST_STEP][PASSED] - Statement - PreSaveFile = new java.io.File(((pathPrefix + java.lang.Integer.toString(counter)) + .png)): null

2018-12-12 19:14:55 - [TEST_STEP][PASSED] - Statement - counter = counter + 1: null

2018-12-12 19:14:55 - [TEST_STEP][PASSED] - Statement - PreSaveFile = new java.io.File(((pathPrefix + java.lang.Integer.toString(counter)) + .png)): null

2018-12-12 19:14:55 - [TEST_STEP][PASSED] - Statement - counter = counter + 1: null

2018-12-12 19:14:55 - [TEST_STEP][PASSED] - Statement - PreSaveFile = new java.io.File(((pathPrefix + java.lang.Integer.toString(counter)) + .png)): null

2018-12-12 19:14:55 - [TEST_STEP][PASSED] - Statement - counter = counter + 1: null

2018-12-12 19:14:55 - [TEST_STEP][PASSED] - Statement - PreSaveFile = new java.io.File(((pathPrefix + java.lang.Integer.toString(counter)) + .png)): null

2018-12-12 19:14:55 - [TEST_STEP][PASSED] - Statement - counter = counter + 1: null

2018-12-12 19:14:55 - [TEST_STEP][PASSED] - Statement - PreSaveFile = new java.io.File(((pathPrefix + java.lang.Integer.toString(counter)) + .png)): null

2018-12-12 19:14:55 - [TEST_STEP][PASSED] - Statement - counter = counter + 1: null

2018-12-12 19:14:55 - [TEST_STEP][PASSED] - Statement - PreSaveFile = new java.io.File(((pathPrefix + java.lang.Integer.toString(counter)) + .png)): null

2018-12-12 19:14:55 - [TEST_STEP][PASSED] - Statement - counter = counter + 1: null

2018-12-12 19:14:55 - [TEST_STEP][PASSED] - Statement - PreSaveFile = new java.io.File(((pathPrefix + java.lang.Integer.toString(counter)) + .png)): null

2018-12-12 19:14:55 - [TEST_STEP][PASSED] - Statement - counter = counter + 1: null

2018-12-12 19:14:55 - [TEST_STEP][PASSED] - Statement - PreSaveFile = new java.io.File(((pathPrefix + java.lang.Integer.toString(counter)) + .png)): null

2018-12-12 19:14:55 - [TEST_STEP][PASSED] - Statement - counter = counter + 1: null

2018-12-12 19:14:55 - [TEST_STEP][PASSED] - Statement - PreSaveFile = new java.io.File(((pathPrefix + java.lang.Integer.toString(counter)) + .png)): null

2018-12-12 19:14:55 - [TEST_STEP][PASSED] - Statement - counter = counter + 1: null

2018-12-12 19:14:55 - [TEST_STEP][PASSED] - Statement - PreSaveFile = new java.io.File(((pathPrefix + java.lang.Integer.toString(counter)) + .png)): null

2018-12-12 19:14:55 - [TEST_STEP][PASSED] - Statement - counter = counter + 1: null

2018-12-12 19:14:55 - [TEST_STEP][PASSED] - Statement - PreSaveFile = new java.io.File(((pathPrefix + java.lang.Integer.toString(counter)) + .png)): null

2018-12-12 19:14:55 - [TEST_STEP][PASSED] - Statement - counter = counter + 1: null

2018-12-12 19:14:55 - [TEST_STEP][PASSED] - Statement - PreSaveFile = new java.io.File(((pathPrefix + java.lang.Integer.toString(counter)) + .png)): null

2018-12-12 19:14:55 - [TEST_STEP][PASSED] - Statement - counter = counter + 1: null

2018-12-12 19:14:55 - [TEST_STEP][PASSED] - Statement - PreSaveFile = new java.io.File(((pathPrefix + java.lang.Integer.toString(counter)) + .png)): null

2018-12-12 19:14:55 - [TEST_STEP][PASSED] - Statement - counter = counter + 1: null

2018-12-12 19:14:55 - [TEST_STEP][PASSED] - Statement - PreSaveFile = new java.io.File(((pathPrefix + java.lang.Integer.toString(counter)) + .png)): null

2018-12-12 19:14:55 - [TEST_STEP][PASSED] - Statement - counter = counter + 1: null

2018-12-12 19:14:55 - [TEST_STEP][PASSED] - Statement - PreSaveFile = new java.io.File(((pathPrefix + java.lang.Integer.toString(counter)) + .png)): null

2018-12-12 19:14:55 - [TEST_STEP][PASSED] - Statement - counter = counter + 1: null

2018-12-12 19:14:55 - [TEST_STEP][PASSED] - Statement - PreSaveFile = new java.io.File(((pathPrefix + java.lang.Integer.toString(counter)) + .png)): null

2018-12-12 19:14:55 - [TEST_STEP][PASSED] - Statement - counter = counter + 1: null

2018-12-12 19:14:55 - [TEST_STEP][PASSED] - Statement - PreSaveFile = new java.io.File(((pathPrefix + java.lang.Integer.toString(counter)) + .png)): null

2018-12-12 19:14:55 - [TEST_STEP][PASSED] - Statement - counter = counter + 1: null

2018-12-12 19:14:55 - [TEST_STEP][PASSED] - Statement - PreSaveFile = new java.io.File(((pathPrefix + java.lang.Integer.toString(counter)) + .png)): null

2018-12-12 19:14:55 - [TEST_STEP][PASSED] - Statement - counter = counter + 1: null

2018-12-12 19:14:55 - [TEST_STEP][PASSED] - Statement - PreSaveFile = new java.io.File(((pathPrefix + java.lang.Integer.toString(counter)) + .png)): null

2018-12-12 19:14:55 - [TEST_STEP][PASSED] - Statement - counter = counter + 1: null

2018-12-12 19:14:55 - [TEST_STEP][PASSED] - Statement - PreSaveFile = new java.io.File(((pathPrefix + java.lang.Integer.toString(counter)) + .png)): null

2018-12-12 19:14:55 - [TEST_STEP][PASSED] - Statement - counter = counter + 1: null

2018-12-12 19:14:55 - [TEST_STEP][PASSED] - Statement - PreSaveFile = new java.io.File(((pathPrefix + java.lang.Integer.toString(counter)) + .png)): null

2018-12-12 19:14:55 - [TEST_STEP][PASSED] - Statement - counter = counter + 1: null

2018-12-12 19:14:55 - [TEST_STEP][PASSED] - Statement - PreSaveFile = new java.io.File(((pathPrefix + java.lang.Integer.toString(counter)) + .png)): null

2018-12-12 19:14:55 - [TEST_STEP][PASSED] - Statement - counter = counter + 1: null

2018-12-12 19:14:55 - [TEST_STEP][PASSED] - Statement - PreSaveFile = new java.io.File(((pathPrefix + java.lang.Integer.toString(counter)) + .png)): null

2018-12-12 19:14:55 - [TEST_STEP][PASSED] - Statement - counter = counter + 1: null

2018-12-12 19:14:55 - [TEST_STEP][PASSED] - Statement - PreSaveFile = new java.io.File(((pathPrefix + java.lang.Integer.toString(counter)) + .png)): null

2018-12-12 19:14:55 - [TEST_STEP][PASSED] - Statement - counter = counter + 1: null

2018-12-12 19:14:55 - [TEST_STEP][PASSED] - Statement - PreSaveFile = new java.io.File(((pathPrefix + java.lang.Integer.toString(counter)) + .png)): null

2018-12-12 19:14:55 - [TEST_STEP][PASSED] - Statement - counter = counter + 1: null

2018-12-12 19:14:55 - [TEST_STEP][PASSED] - Statement - PreSaveFile = new java.io.File(((pathPrefix + java.lang.Integer.toString(counter)) + .png)): null

2018-12-12 19:14:55 - [TEST_STEP][PASSED] - Statement - counter = counter + 1: null

2018-12-12 19:14:55 - [TEST_STEP][PASSED] - Statement - PreSaveFile = new java.io.File(((pathPrefix + java.lang.Integer.toString(counter)) + .png)): null

2018-12-12 19:14:55 - [TEST_STEP][PASSED] - Statement - counter = counter + 1: null

2018-12-12 19:14:55 - [TEST_STEP][PASSED] - Statement - PreSaveFile = new java.io.File(((pathPrefix + java.lang.Integer.toString(counter)) + .png)): null

2018-12-12 19:14:55 - [TEST_STEP][PASSED] - Statement - counter = counter + 1: null

2018-12-12 19:14:55 - [TEST_STEP][PASSED] - Statement - PreSaveFile = new java.io.File(((pathPrefix + java.lang.Integer.toString(counter)) + .png)): null

2018-12-12 19:14:55 - [TEST_STEP][PASSED] - Statement - counter = counter + 1: null

2018-12-12 19:14:55 - [TEST_STEP][PASSED] - Statement - PreSaveFile = new java.io.File(((pathPrefix + java.lang.Integer.toString(counter)) + .png)): null

2018-12-12 19:14:55 - [TEST_STEP][PASSED] - Statement - counter = counter + 1: null

2018-12-12 19:14:55 - [TEST_STEP][PASSED] - Statement - PreSaveFile = new java.io.File(((pathPrefix + java.lang.Integer.toString(counter)) + .png)): null

2018-12-12 19:14:55 - [TEST_STEP][PASSED] - Statement - counter = counter + 1: null

2018-12-12 19:14:55 - [TEST_STEP][PASSED] - Statement - PreSaveFile = new java.io.File(((pathPrefix + java.lang.Integer.toString(counter)) + .png)): null

2018-12-12 19:14:55 - [TEST_STEP][PASSED] - Statement - counter = counter + 1: null

2018-12-12 19:14:55 - [TEST_STEP][PASSED] - Statement - PreSaveFile = new java.io.File(((pathPrefix + java.lang.Integer.toString(counter)) + .png)): null

2018-12-12 19:14:55 - [TEST_STEP][PASSED] - Statement - counter = counter + 1: null

2018-12-12 19:14:55 - [TEST_STEP][PASSED] - Statement - PreSaveFile = new java.io.File(((pathPrefix + java.lang.Integer.toString(counter)) + .png)): null

2018-12-12 19:14:55 - [TEST_STEP][PASSED] - Statement - counter = counter + 1: null

2018-12-12 19:14:55 - [TEST_STEP][PASSED] - Statement - PreSaveFile = new java.io.File(((pathPrefix + java.lang.Integer.toString(counter)) + .png)): null

2018-12-12 19:14:55 - [TEST_STEP][PASSED] - Statement - counter = counter + 1: null

2018-12-12 19:14:55 - [TEST_STEP][PASSED] - Statement - PreSaveFile = new java.io.File(((pathPrefix + java.lang.Integer.toString(counter)) + .png)): null

2018-12-12 19:14:55 - [TEST_STEP][PASSED] - Statement - counter = counter + 1: null

2018-12-12 19:14:55 - [TEST_STEP][PASSED] - Statement - PreSaveFile = new java.io.File(((pathPrefix + java.lang.Integer.toString(counter)) + .png)): null

2018-12-12 19:14:55 - [TEST_STEP][PASSED] - Statement - counter = counter + 1: null

2018-12-12 19:14:55 - [TEST_STEP][PASSED] - Statement - PreSaveFile = new java.io.File(((pathPrefix + java.lang.Integer.toString(counter)) + .png)): null

2018-12-12 19:14:55 - [TEST_STEP][PASSED] - Statement - counter = counter + 1: null

2018-12-12 19:14:55 - [TEST_STEP][PASSED] - Statement - PreSaveFile = new java.io.File(((pathPrefix + java.lang.Integer.toString(counter)) + .png)): null

2018-12-12 19:14:55 - [TEST_STEP][PASSED] - Statement - counter = counter + 1: null

2018-12-12 19:14:55 - [TEST_STEP][PASSED] - Statement - PreSaveFile = new java.io.File(((pathPrefix + java.lang.Integer.toString(counter)) + .png)): null

2018-12-12 19:14:55 - [TEST_STEP][PASSED] - Statement - counter = counter + 1: null

2018-12-12 19:14:55 - [TEST_STEP][PASSED] - Statement - PreSaveFile = new java.io.File(((pathPrefix + java.lang.Integer.toString(counter)) + .png)): null

2018-12-12 19:14:55 - [TEST_STEP][PASSED] - Statement - counter = counter + 1: null

2018-12-12 19:14:55 - [TEST_STEP][PASSED] - Statement - PreSaveFile = new java.io.File(((pathPrefix + java.lang.Integer.toString(counter)) + .png)): null

2018-12-12 19:14:55 - [TEST_STEP][PASSED] - Statement - counter = counter + 1: null

2018-12-12 19:14:55 - [TEST_STEP][PASSED] - Statement - PreSaveFile = new java.io.File(((pathPrefix + java.lang.Integer.toString(counter)) + .png)): null

2018-12-12 19:14:55 - [TEST_STEP][PASSED] - Statement - counter = counter + 1: null

2018-12-12 19:14:55 - [TEST_STEP][PASSED] - Statement - PreSaveFile = new java.io.File(((pathPrefix + java.lang.Integer.toString(counter)) + .png)): null

2018-12-12 19:14:55 - [TEST_STEP][PASSED] - Statement - counter = counter + 1: null

2018-12-12 19:14:55 - [TEST_STEP][PASSED] - Statement - PreSaveFile = new java.io.File(((pathPrefix + java.lang.Integer.toString(counter)) + .png)): null

2018-12-12 19:14:55 - [TEST_STEP][PASSED] - Statement - counter = counter + 1: null

2018-12-12 19:14:55 - [TEST_STEP][PASSED] - Statement - PreSaveFile = new java.io.File(((pathPrefix + java.lang.Integer.toString(counter)) + .png)): null

2018-12-12 19:14:55 - [TEST_STEP][PASSED] - Statement - counter = counter + 1: null

2018-12-12 19:14:55 - [TEST_STEP][PASSED] - Statement - PreSaveFile = new java.io.File(((pathPrefix + java.lang.Integer.toString(counter)) + .png)): null

2018-12-12 19:14:55 - [TEST_STEP][PASSED] - Statement - counter = counter + 1: null

2018-12-12 19:14:55 - [TEST_STEP][PASSED] - Statement - PreSaveFile = new java.io.File(((pathPrefix + java.lang.Integer.toString(counter)) + .png)): null

2018-12-12 19:14:55 - [TEST_STEP][PASSED] - Statement - counter = counter + 1: null

2018-12-12 19:14:55 - [TEST_STEP][PASSED] - Statement - PreSaveFile = new java.io.File(((pathPrefix + java.lang.Integer.toString(counter)) + .png)): null

2018-12-12 19:14:55 - [TEST_STEP][PASSED] - Statement - counter = counter + 1: null

2018-12-12 19:14:55 - [TEST_STEP][PASSED] - Statement - PreSaveFile = new java.io.File(((pathPrefix + java.lang.Integer.toString(counter)) + .png)): null

2018-12-12 19:14:55 - [TEST_STEP][PASSED] - Statement - counter = counter + 1: null

2018-12-12 19:14:55 - [TEST_STEP][PASSED] - Statement - PreSaveFile = new java.io.File(((pathPrefix + java.lang.Integer.toString(counter)) + .png)): null

2018-12-12 19:14:55 - [TEST_STEP][PASSED] - Statement - counter = counter + 1: null

2018-12-12 19:14:55 - [TEST_STEP][PASSED] - Statement - PreSaveFile = new java.io.File(((pathPrefix + java.lang.Integer.toString(counter)) + .png)): null

2018-12-12 19:14:55 - [TEST_STEP][PASSED] - Statement - counter = counter + 1: null

2018-12-12 19:14:55 - [TEST_STEP][PASSED] - Statement - PreSaveFile = new java.io.File(((pathPrefix + java.lang.Integer.toString(counter)) + .png)): null

2018-12-12 19:14:55 - [TEST_STEP][PASSED] - Statement - counter = counter + 1: null

2018-12-12 19:14:55 - [TEST_STEP][PASSED] - Statement - PreSaveFile = new java.io.File(((pathPrefix + java.lang.Integer.toString(counter)) + .png)): null

2018-12-12 19:14:55 - [TEST_STEP][PASSED] - Statement - counter = counter + 1: null

2018-12-12 19:14:55 - [TEST_STEP][PASSED] - Statement - PreSaveFile = new java.io.File(((pathPrefix + java.lang.Integer.toString(counter)) + .png)): null

2018-12-12 19:14:55 - [TEST_STEP][PASSED] - Statement - counter = counter + 1: null

2018-12-12 19:14:55 - [TEST_STEP][PASSED] - Statement - PreSaveFile = new java.io.File(((pathPrefix + java.lang.Integer.toString(counter)) + .png)): null

2018-12-12 19:14:55 - [TEST_STEP][PASSED] - Statement - counter = counter + 1: null

2018-12-12 19:14:55 - [TEST_STEP][PASSED] - Statement - PreSaveFile = new java.io.File(((pathPrefix + java.lang.Integer.toString(counter)) + .png)): null

2018-12-12 19:14:55 - [TEST_STEP][PASSED] - Statement - counter = counter + 1: null

2018-12-12 19:14:55 - [TEST_STEP][PASSED] - Statement - PreSaveFile = new java.io.File(((pathPrefix + java.lang.Integer.toString(counter)) + .png)): null

2018-12-12 19:14:55 - [TEST_STEP][PASSED] - Statement - counter = counter + 1: null

2018-12-12 19:14:55 - [TEST_STEP][PASSED] - Statement - PreSaveFile = new java.io.File(((pathPrefix + java.lang.Integer.toString(counter)) + .png)): null

2018-12-12 19:14:55 - [TEST_STEP][PASSED] - Statement - counter = counter + 1: null

2018-12-12 19:14:55 - [TEST_STEP][PASSED] - Statement - PreSaveFile = new java.io.File(((pathPrefix + java.lang.Integer.toString(counter)) + .png)): null

2018-12-12 19:14:55 - [TEST_STEP][PASSED] - Statement - counter = counter + 1: null

2018-12-12 19:14:55 - [TEST_STEP][PASSED] - Statement - PreSaveFile = new java.io.File(((pathPrefix + java.lang.Integer.toString(counter)) + .png)): null

2018-12-12 19:14:55 - [TEST_STEP][PASSED] - Statement - counter = counter + 1: null

2018-12-12 19:14:55 - [TEST_STEP][PASSED] - Statement - PreSaveFile = new java.io.File(((pathPrefix + java.lang.Integer.toString(counter)) + .png)): null

2018-12-12 19:14:55 - [TEST_STEP][PASSED] - Statement - counter = counter + 1: null

2018-12-12 19:14:55 - [TEST_STEP][PASSED] - Statement - PreSaveFile = new java.io.File(((pathPrefix + java.lang.Integer.toString(counter)) + .png)): null

2018-12-12 19:14:55 - [TEST_STEP][PASSED] - Statement - counter = counter + 1: null

2018-12-12 19:14:55 - [TEST_STEP][PASSED] - Statement - PreSaveFile = new java.io.File(((pathPrefix + java.lang.Integer.toString(counter)) + .png)): null

2018-12-12 19:14:55 - [TEST_STEP][PASSED] - Statement - counter = counter + 1: null

2018-12-12 19:14:55 - [TEST_STEP][PASSED] - Statement - PreSaveFile = new java.io.File(((pathPrefix + java.lang.Integer.toString(counter)) + .png)): null

2018-12-12 19:14:55 - [TEST_STEP][PASSED] - Statement - counter = counter + 1: null

2018-12-12 19:14:55 - [TEST_STEP][PASSED] - Statement - PreSaveFile = new java.io.File(((pathPrefix + java.lang.Integer.toString(counter)) + .png)): null

2018-12-12 19:14:55 - [TEST_STEP][PASSED] - Statement - counter = counter + 1: null

2018-12-12 19:14:55 - [TEST_STEP][PASSED] - Statement - PreSaveFile = new java.io.File(((pathPrefix + java.lang.Integer.toString(counter)) + .png)): null

2018-12-12 19:14:55 - [TEST_STEP][PASSED] - Statement - counter = counter + 1: null

2018-12-12 19:14:55 - [TEST_STEP][PASSED] - Statement - PreSaveFile = new java.io.File(((pathPrefix + java.lang.Integer.toString(counter)) + .png)): null

2018-12-12 19:14:55 - [TEST_STEP][PASSED] - Statement - counter = counter + 1: null

2018-12-12 19:14:55 - [TEST_STEP][PASSED] - Statement - PreSaveFile = new java.io.File(((pathPrefix + java.lang.Integer.toString(counter)) + .png)): null

2018-12-12 19:14:55 - [TEST_STEP][PASSED] - Statement - counter = counter + 1: null

2018-12-12 19:14:55 - [TEST_STEP][PASSED] - Statement - PreSaveFile = new java.io.File(((pathPrefix + java.lang.Integer.toString(counter)) + .png)): null

2018-12-12 19:14:55 - [TEST_STEP][PASSED] - Statement - counter = counter + 1: null

2018-12-12 19:14:55 - [TEST_STEP][PASSED] - Statement - PreSaveFile = new java.io.File(((pathPrefix + java.lang.Integer.toString(counter)) + .png)): null

2018-12-12 19:14:55 - [TEST_STEP][PASSED] - Statement - counter = counter + 1: null

2018-12-12 19:14:55 - [TEST_STEP][PASSED] - Statement - PreSaveFile = new java.io.File(((pathPrefix + java.lang.Integer.toString(counter)) + .png)): null

2018-12-12 19:14:55 - [TEST_STEP][PASSED] - Statement - counter = counter + 1: null

2018-12-12 19:14:55 - [TEST_STEP][PASSED] - Statement - PreSaveFile = new java.io.File(((pathPrefix + java.lang.Integer.toString(counter)) + .png)): null

2018-12-12 19:14:55 - [TEST_STEP][PASSED] - Statement - counter = counter + 1: null

2018-12-12 19:14:55 - [TEST_STEP][PASSED] - Statement - PreSaveFile = new java.io.File(((pathPrefix + java.lang.Integer.toString(counter)) + .png)): null

2018-12-12 19:14:55 - [TEST_STEP][PASSED] - Statement - counter = counter + 1: null

2018-12-12 19:14:55 - [TEST_STEP][PASSED] - Statement - PreSaveFile = new java.io.File(((pathPrefix + java.lang.Integer.toString(counter)) + .png)): null

2018-12-12 19:14:55 - [TEST_STEP][PASSED] - Statement - counter = counter + 1: null

2018-12-12 19:14:55 - [TEST_STEP][PASSED] - Statement - PreSaveFile = new java.io.File(((pathPrefix + java.lang.Integer.toString(counter)) + .png)): null

2018-12-12 19:14:55 - [TEST_STEP][PASSED] - Statement - counter = counter + 1: null

2018-12-12 19:14:55 - [TEST_STEP][PASSED] - Statement - PreSaveFile = new java.io.File(((pathPrefix + java.lang.Integer.toString(counter)) + .png)): null

2018-12-12 19:14:55 - [TEST_STEP][PASSED] - Statement - counter = counter + 1: null

2018-12-12 19:14:55 - [TEST_STEP][PASSED] - Statement - PreSaveFile = new java.io.File(((pathPrefix + java.lang.Integer.toString(counter)) + .png)): null

2018-12-12 19:14:55 - [TEST_STEP][PASSED] - Statement - counter = counter + 1: null

2018-12-12 19:14:55 - [TEST_STEP][PASSED] - Statement - PreSaveFile = new java.io.File(((pathPrefix + java.lang.Integer.toString(counter)) + .png)): null

2018-12-12 19:14:55 - [TEST_STEP][PASSED] - Statement - counter = counter + 1: null

2018-12-12 19:14:55 - [TEST_STEP][PASSED] - Statement - PreSaveFile = new java.io.File(((pathPrefix + java.lang.Integer.toString(counter)) + .png)): null

2018-12-12 19:14:55 - [TEST_STEP][PASSED] - Statement - counter = counter + 1: null

2018-12-12 19:14:55 - [TEST_STEP][PASSED] - Statement - PreSaveFile = new java.io.File(((pathPrefix + java.lang.Integer.toString(counter)) + .png)): null

2018-12-12 19:14:55 - [TEST_STEP][PASSED] - Statement - counter = counter + 1: null

2018-12-12 19:14:55 - [TEST_STEP][PASSED] - Statement - PreSaveFile = new java.io.File(((pathPrefix + java.lang.Integer.toString(counter)) + .png)): null

2018-12-12 19:14:55 - [TEST_STEP][PASSED] - Statement - counter = counter + 1: null

2018-12-12 19:14:55 - [TEST_STEP][PASSED] - Statement - PreSaveFile = new java.io.File(((pathPrefix + java.lang.Integer.toString(counter)) + .png)): null

2018-12-12 19:14:55 - [TEST_STEP][PASSED] - Statement - counter = counter + 1: null

2018-12-12 19:14:55 - [TEST_STEP][PASSED] - Statement - PreSaveFile = new java.io.File(((pathPrefix + java.lang.Integer.toString(counter)) + .png)): null

2018-12-12 19:14:55 - [TEST_STEP][PASSED] - Statement - counter = counter + 1: null

2018-12-12 19:14:55 - [TEST_STEP][PASSED] - Statement - PreSaveFile = new java.io.File(((pathPrefix + java.lang.Integer.toString(counter)) + .png)): null

2018-12-12 19:14:55 - [TEST_STEP][PASSED] - Statement - counter = counter + 1: null

2018-12-12 19:14:55 - [TEST_STEP][PASSED] - Statement - PreSaveFile = new java.io.File(((pathPrefix + java.lang.Integer.toString(counter)) + .png)): null

2018-12-12 19:14:55 - [TEST_STEP][PASSED] - Statement - counter = counter + 1: null

2018-12-12 19:14:55 - [TEST_STEP][PASSED] - Statement - PreSaveFile = new java.io.File(((pathPrefix + java.lang.Integer.toString(counter)) + .png)): null

2018-12-12 19:14:55 - [TEST_STEP][PASSED] - Statement - counter = counter + 1: null

2018-12-12 19:14:55 - [TEST_STEP][PASSED] - Statement - PreSaveFile = new java.io.File(((pathPrefix + java.lang.Integer.toString(counter)) + .png)): null

2018-12-12 19:14:55 - [TEST_STEP][PASSED] - Statement - counter = counter + 1: null

2018-12-12 19:14:55 - [TEST_STEP][PASSED] - Statement - PreSaveFile = new java.io.File(((pathPrefix + java.lang.Integer.toString(counter)) + .png)): null

2018-12-12 19:14:55 - [TEST_STEP][PASSED] - Statement - counter = counter + 1: null

2018-12-12 19:14:55 - [TEST_STEP][PASSED] - Statement - PreSaveFile = new java.io.File(((pathPrefix + java.lang.Integer.toString(counter)) + .png)): null

2018-12-12 19:14:55 - [TEST_STEP][PASSED] - Statement - counter = counter + 1: null

2018-12-12 19:14:55 - [TEST_STEP][PASSED] - Statement - PreSaveFile = new java.io.File(((pathPrefix + java.lang.Integer.toString(counter)) + .png)): null

2018-12-12 19:14:55 - [TEST_STEP][PASSED] - Statement - counter = counter + 1: null

2018-12-12 19:14:55 - [TEST_STEP][PASSED] - Statement - PreSaveFile = new java.io.File(((pathPrefix + java.lang.Integer.toString(counter)) + .png)): null

2018-12-12 19:14:55 - [TEST_STEP][PASSED] - Statement - counter = counter + 1: null

2018-12-12 19:14:55 - [TEST_STEP][PASSED] - Statement - PreSaveFile = new java.io.File(((pathPrefix + java.lang.Integer.toString(counter)) + .png)): null

2018-12-12 19:14:55 - [TEST_STEP][PASSED] - Statement - counter = counter + 1: null

2018-12-12 19:14:55 - [TEST_STEP][PASSED] - Statement - PreSaveFile = new java.io.File(((pathPrefix + java.lang.Integer.toString(counter)) + .png)): null

2018-12-12 19:14:55 - [TEST_STEP][PASSED] - Statement - counter = counter + 1: null

2018-12-12 19:14:55 - [TEST_STEP][PASSED] - Statement - PreSaveFile = new java.io.File(((pathPrefix + java.lang.Integer.toString(counter)) + .png)): null

2018-12-12 19:14:55 - [TEST_STEP][PASSED] - Statement - counter = counter + 1: null

2018-12-12 19:14:55 - [TEST_STEP][PASSED] - Statement - PreSaveFile = new java.io.File(((pathPrefix + java.lang.Integer.toString(counter)) + .png)): null

2018-12-12 19:14:55 - [TEST_STEP][PASSED] - Statement - counter = counter + 1: null

2018-12-12 19:14:55 - [TEST_STEP][PASSED] - Statement - PreSaveFile = new java.io.File(((pathPrefix + java.lang.Integer.toString(counter)) + .png)): null

2018-12-12 19:14:55 - [TEST_STEP][PASSED] - Statement - counter = counter + 1: null

2018-12-12 19:14:55 - [TEST_STEP][PASSED] - Statement - PreSaveFile = new java.io.File(((pathPrefix + java.lang.Integer.toString(counter)) + .png)): null

2018-12-12 19:14:55 - [TEST_STEP][PASSED] - Statement - counter = counter + 1: null

2018-12-12 19:14:55 - [TEST_STEP][PASSED] - Statement - PreSaveFile = new java.io.File(((pathPrefix + java.lang.Integer.toString(counter)) + .png)): null

2018-12-12 19:14:55 - [TEST_STEP][PASSED] - Statement - counter = counter + 1: null

2018-12-12 19:14:55 - [TEST_STEP][PASSED] - Statement - PreSaveFile = new java.io.File(((pathPrefix + java.lang.Integer.toString(counter)) + .png)): null

2018-12-12 19:14:55 - [TEST_STEP][PASSED] - Statement - counter = counter + 1: null

2018-12-12 19:14:55 - [TEST_STEP][PASSED] - Statement - PreSaveFile = new java.io.File(((pathPrefix + java.lang.Integer.toString(counter)) + .png)): null

2018-12-12 19:14:55 - [TEST_STEP][PASSED] - Statement - counter = counter + 1: null

2018-12-12 19:14:55 - [TEST_STEP][PASSED] - Statement - PreSaveFile = new java.io.File(((pathPrefix + java.lang.Integer.toString(counter)) + .png)): null

2018-12-12 19:14:55 - [TEST_STEP][PASSED] - Statement - counter = counter + 1: null

2018-12-12 19:14:55 - [TEST_STEP][PASSED] - Statement - PreSaveFile = new java.io.File(((pathPrefix + java.lang.Integer.toString(counter)) + .png)): null

2018-12-12 19:14:55 - [TEST_STEP][PASSED] - Statement - counter = counter + 1: null

2018-12-12 19:14:55 - [TEST_STEP][PASSED] - Statement - PreSaveFile = new java.io.File(((pathPrefix + java.lang.Integer.toString(counter)) + .png)): null

2018-12-12 19:14:55 - [TEST_STEP][PASSED] - Statement - counter = counter + 1: null

2018-12-12 19:14:55 - [TEST_STEP][PASSED] - Statement - PreSaveFile = new java.io.File(((pathPrefix + java.lang.Integer.toString(counter)) + .png)): null

2018-12-12 19:14:55 - [TEST_STEP][PASSED] - Statement - counter = counter + 1: null

2018-12-12 19:14:55 - [TEST_STEP][PASSED] - Statement - PreSaveFile = new java.io.File(((pathPrefix + java.lang.Integer.toString(counter)) + .png)): null

2018-12-12 19:14:55 - [TEST_STEP][PASSED] - Statement - counter = counter + 1: null

2018-12-12 19:14:55 - [TEST_STEP][PASSED] - Statement - PreSaveFile = new java.io.File(((pathPrefix + java.lang.Integer.toString(counter)) + .png)): null

2018-12-12 19:14:55 - [TEST_STEP][PASSED] - Statement - counter = counter + 1: null

2018-12-12 19:14:55 - [TEST_STEP][PASSED] - Statement - PreSaveFile = new java.io.File(((pathPrefix + java.lang.Integer.toString(counter)) + .png)): null

2018-12-12 19:14:55 - [TEST_STEP][PASSED] - Statement - counter = counter + 1: null

2018-12-12 19:14:56 - [TEST_STEP][PASSED] - Statement - PreSaveFile = new java.io.File(((pathPrefix + java.lang.Integer.toString(counter)) + .png)): null

2018-12-12 19:14:56 - [TEST_STEP][PASSED] - Statement - counter = counter + 1: null

2018-12-12 19:14:56 - [TEST_STEP][PASSED] - Statement - PreSaveFile = new java.io.File(((pathPrefix + java.lang.Integer.toString(counter)) + .png)): null

2018-12-12 19:14:56 - [TEST_STEP][PASSED] - Statement - counter = counter + 1: null

2018-12-12 19:14:56 - [TEST_STEP][PASSED] - Statement - PreSaveFile = new java.io.File(((pathPrefix + java.lang.Integer.toString(counter)) + .png)): null

2018-12-12 19:14:56 - [TEST_STEP][PASSED] - Statement - counter = counter + 1: null

2018-12-12 19:14:56 - [TEST_STEP][PASSED] - Statement - PreSaveFile = new java.io.File(((pathPrefix + java.lang.Integer.toString(counter)) + .png)): null

2018-12-12 19:14:56 - [TEST_STEP][PASSED] - Statement - counter = counter + 1: null

2018-12-12 19:14:56 - [TEST_STEP][PASSED] - Statement - PreSaveFile = new java.io.File(((pathPrefix + java.lang.Integer.toString(counter)) + .png)): null

2018-12-12 19:14:56 - [TEST_STEP][PASSED] - Statement - counter = counter + 1: null

2018-12-12 19:14:56 - [TEST_STEP][PASSED] - Statement - PreSaveFile = new java.io.File(((pathPrefix + java.lang.Integer.toString(counter)) + .png)): null

2018-12-12 19:14:56 - [TEST_STEP][PASSED] - Statement - counter = counter + 1: null

2018-12-12 19:14:56 - [TEST_STEP][PASSED] - Statement - PreSaveFile = new java.io.File(((pathPrefix + java.lang.Integer.toString(counter)) + .png)): null

2018-12-12 19:14:56 - [TEST_STEP][PASSED] - Statement - counter = counter + 1: null

2018-12-12 19:14:56 - [TEST_STEP][PASSED] - Statement - PreSaveFile = new java.io.File(((pathPrefix + java.lang.Integer.toString(counter)) + .png)): null

2018-12-12 19:14:56 - [TEST_STEP][PASSED] - Statement - counter = counter + 1: null

2018-12-12 19:14:56 - [TEST_STEP][PASSED] - Statement - PreSaveFile = new java.io.File(((pathPrefix + java.lang.Integer.toString(counter)) + .png)): null

2018-12-12 19:14:56 - [TEST_STEP][PASSED] - Statement - counter = counter + 1: null

2018-12-12 19:14:56 - [TEST_STEP][PASSED] - Statement - PreSaveFile = new java.io.File(((pathPrefix + java.lang.Integer.toString(counter)) + .png)): null

2018-12-12 19:14:56 - [TEST_STEP][PASSED] - Statement - counter = counter + 1: null

2018-12-12 19:14:56 - [TEST_STEP][PASSED] - Statement - PreSaveFile = new java.io.File(((pathPrefix + java.lang.Integer.toString(counter)) + .png)): null

2018-12-12 19:14:56 - [TEST_STEP][PASSED] - Statement - counter = counter + 1: null

2018-12-12 19:14:56 - [TEST_STEP][PASSED] - Statement - PreSaveFile = new java.io.File(((pathPrefix + java.lang.Integer.toString(counter)) + .png)): null

2018-12-12 19:14:56 - [TEST_STEP][PASSED] - Statement - counter = counter + 1: null

2018-12-12 19:14:56 - [TEST_STEP][PASSED] - Statement - PreSaveFile = new java.io.File(((pathPrefix + java.lang.Integer.toString(counter)) + .png)): null

2018-12-12 19:14:56 - [TEST_STEP][PASSED] - Statement - counter = counter + 1: null

2018-12-12 19:14:56 - [TEST_STEP][PASSED] - Statement - PreSaveFile = new java.io.File(((pathPrefix + java.lang.Integer.toString(counter)) + .png)): null

2018-12-12 19:14:56 - [TEST_STEP][PASSED] - Statement - counter = counter + 1: null

2018-12-12 19:14:56 - [TEST_STEP][PASSED] - Statement - PreSaveFile = new java.io.File(((pathPrefix + java.lang.Integer.toString(counter)) + .png)): null

2018-12-12 19:14:56 - [TEST_STEP][PASSED] - Statement - counter = counter + 1: null

2018-12-12 19:14:56 - [TEST_STEP][PASSED] - Statement - PreSaveFile = new java.io.File(((pathPrefix + java.lang.Integer.toString(counter)) + .png)): null

2018-12-12 19:14:56 - [TEST_STEP][PASSED] - Statement - counter = counter + 1: null

2018-12-12 19:14:56 - [TEST_STEP][PASSED] - Statement - PreSaveFile = new java.io.File(((pathPrefix + java.lang.Integer.toString(counter)) + .png)): null

2018-12-12 19:14:56 - [TEST_STEP][PASSED] - Statement - counter = counter + 1: null

2018-12-12 19:14:56 - [TEST_STEP][PASSED] - Statement - PreSaveFile = new java.io.File(((pathPrefix + java.lang.Integer.toString(counter)) + .png)): null

2018-12-12 19:14:56 - [TEST_STEP][PASSED] - Statement - counter = counter + 1: null

2018-12-12 19:14:56 - [TEST_STEP][PASSED] - Statement - PreSaveFile = new java.io.File(((pathPrefix + java.lang.Integer.toString(counter)) + .png)): null

2018-12-12 19:14:56 - [TEST_STEP][PASSED] - Statement - counter = counter + 1: null

2018-12-12 19:14:56 - [TEST_STEP][PASSED] - Statement - PreSaveFile = new java.io.File(((pathPrefix + java.lang.Integer.toString(counter)) + .png)): null

2018-12-12 19:14:56 - [TEST_STEP][PASSED] - Statement - counter = counter + 1: null

2018-12-12 19:14:56 - [TEST_STEP][PASSED] - Statement - PreSaveFile = new java.io.File(((pathPrefix + java.lang.Integer.toString(counter)) + .png)): null

2018-12-12 19:14:56 - [TEST_STEP][PASSED] - Statement - counter = counter + 1: null

2018-12-12 19:14:56 - [TEST_STEP][PASSED] - Statement - PreSaveFile = new java.io.File(((pathPrefix + java.lang.Integer.toString(counter)) + .png)): null

2018-12-12 19:14:56 - [TEST_STEP][PASSED] - Statement - counter = counter + 1: null

2018-12-12 19:14:56 - [TEST_STEP][PASSED] - Statement - PreSaveFile = new java.io.File(((pathPrefix + java.lang.Integer.toString(counter)) + .png)): null

2018-12-12 19:14:56 - [TEST_STEP][PASSED] - Statement - counter = counter + 1: null

2018-12-12 19:14:56 - [TEST_STEP][PASSED] - Statement - PreSaveFile = new java.io.File(((pathPrefix + java.lang.Integer.toString(counter)) + .png)): null

2018-12-12 19:14:56 - [TEST_STEP][PASSED] - Statement - counter = counter + 1: null

2018-12-12 19:14:56 - [TEST_STEP][PASSED] - Statement - PreSaveFile = new java.io.File(((pathPrefix + java.lang.Integer.toString(counter)) + .png)): null

2018-12-12 19:14:56 - [TEST_STEP][PASSED] - Statement - finalPath = pathPrefix + java.lang.Integer.toString(counter) + ".png": null

2018-12-12 19:14:56 - [TEST_STEP][PASSED] - Statement - SaveFile = new java.io.File(finalPath): null

2018-12-12 19:14:56 - [TEST_STEP][PASSED] - Statement - Try: null

2018-12-12 19:14:56 - [TEST_STEP][PASSED] - Statement - org.apache.commons.io.FileUtils.copyFile(scrFile, SaveFile): null

2018-12-12 19:14:56 - [TEST_STEP][PASSED] - Statement - out.println("file kept"): null

2018-12-12 19:14:56 - [TEST_STEP][PASSED] - delay: Delayed 10 second(s)

2018-12-12 19:15:06 - [MESSAGE][PASSED] - Delayed 10 second(s)

2018-12-12 19:15:06 - [MESSAGE][FAILED] - Unable to call Test Case with id 'Test Cases/Final Aug 2018 - PKS Automation/Registration Module/New Registration/Submit and Screenshot/Submit Registration and Screenshot' (Root cause: Call Test Case 'Test Cases/Final Aug 2018 - PKS Automation/Registration Module/New Registration/Submit and Screenshot/Submit Registration and Screenshot' failed)]]></system-out>
         <system-err><![CDATA[2018-12-12 18:59:22 - [TEST_CASE][FAILED] - Test Cases/Final Aug 2018 - PKS Automation/Registration Module/Workflow/New Registration/Case PKR BO to RO - Query - Submit: Test Cases/Final Aug 2018 - PKS Automation/Registration Module/Workflow/New Registration/Case PKR BO to RO - Query - Submit FAILED because (of) (Stack trace: com.kms.katalon.core.exception.StepFailedException: Unable to set text 'CRN12201800123229' of object 'Object Repository/Final Object Repo/New Registration - Registration Module Pages/New Reg - OTC to RO/Special Case - All Related Objects/TextBox RefNo in Workbasket' (Root cause: org.openqa.selenium.ElementNotVisibleException: element not interactable
  (Session info: chrome=70.0.3538.110)
  (Driver info: chromedriver=2.43.600210 (68dcf5eebde37173d4027fa8635e332711d2874a),platform=Windows NT 6.1.7601 SP1 x86_64) (WARNING: The server did not provide any stacktrace information)
Command duration or timeout: 0 milliseconds
Build info: version: '3.7.1', revision: '8a0099a', time: '2017-11-06T21:07:36.161Z'
System info: host: 'WIN7TEST02', ip: '10.20.3.72', os.name: 'Windows 7', os.arch: 'amd64', os.version: '6.1', java.version: '1.8.0_181'
Driver info: com.kms.katalon.selenium.driver.CChromeDriver
Capabilities {acceptInsecureCerts: false, acceptSslCerts: false, applicationCacheEnabled: false, browserConnectionEnabled: false, browserName: chrome, chrome: {chromedriverVersion: 2.43.600210 (68dcf5eebde371..., userDataDir: C:\Users\Admin\AppData\Loca...}, cssSelectorsEnabled: true, databaseEnabled: false, goog:chromeOptions: {debuggerAddress: localhost:55247}, handlesAlerts: true, hasTouchScreen: false, javascriptEnabled: true, locationContextEnabled: true, mobileEmulationEnabled: false, nativeEvents: true, networkConnectionEnabled: false, pageLoadStrategy: normal, platform: XP, platformName: XP, rotatable: false, setWindowRect: true, takesHeapSnapshot: true, takesScreenshot: true, unexpectedAlertBehaviour: , unhandledPromptBehavior: , version: 70.0.3538.110, webStorageEnabled: true}
Session ID: bdf1eb16fd62c9d671654dd022f46fee)
	at com.kms.katalon.core.keyword.internal.KeywordMain.stepFailed(KeywordMain.groovy:32)
	at com.kms.katalon.core.webui.keyword.internal.WebUIKeywordMain.stepFailed(WebUIKeywordMain.groovy:65)
	at com.kms.katalon.core.webui.keyword.internal.WebUIKeywordMain.runKeyword(WebUIKeywordMain.groovy:27)
	at com.kms.katalon.core.webui.keyword.builtin.SetTextKeyword.setText(SetTextKeyword.groovy:65)
	at com.kms.katalon.core.webui.keyword.builtin.SetTextKeyword.execute(SetTextKeyword.groovy:37)
	at com.kms.katalon.core.keyword.internal.KeywordExecutor.executeKeywordForPlatform(KeywordExecutor.groovy:53)
	at com.kms.katalon.core.webui.keyword.WebUiBuiltInKeywords.setText(WebUiBuiltInKeywords.groovy:950)
	at com.kms.katalon.core.webui.keyword.WebUiBuiltInKeywords$setText$1.call(Unknown Source)
	at org.codehaus.groovy.runtime.callsite.CallSiteArray.defaultCall(CallSiteArray.java:48)
	at org.codehaus.groovy.runtime.callsite.AbstractCallSite.call(AbstractCallSite.java:113)
	at org.codehaus.groovy.runtime.callsite.AbstractCallSite.call(AbstractCallSite.java:133)
	at Script1535619019036.run(Script1535619019036.groovy:73)
	at com.kms.katalon.core.main.ScriptEngine.run(ScriptEngine.java:183)
	at com.kms.katalon.core.main.ScriptEngine.runScriptAsRawText(ScriptEngine.java:108)
	at com.kms.katalon.core.main.TestCaseExecutor.runScript(TestCaseExecutor.java:294)
	at com.kms.katalon.core.main.TestCaseExecutor.doExecute(TestCaseExecutor.java:285)
	at com.kms.katalon.core.main.TestCaseExecutor.processExecutionPhase(TestCaseExecutor.java:264)
	at com.kms.katalon.core.main.TestCaseExecutor.accessMainPhase(TestCaseExecutor.java:256)
	at com.kms.katalon.core.main.TestCaseExecutor.execute(TestCaseExecutor.java:200)
	at com.kms.katalon.core.main.TestSuiteExecutor.accessTestCaseMainPhase(TestSuiteExecutor.java:129)
	at com.kms.katalon.core.main.TestSuiteExecutor.accessTestSuiteMainPhase(TestSuiteExecutor.java:112)
	at com.kms.katalon.core.main.TestSuiteExecutor.execute(TestSuiteExecutor.java:81)
	at com.kms.katalon.core.main.TestCaseMain.startTestSuite(TestCaseMain.java:142)
	at com.kms.katalon.core.main.TestCaseMain$startTestSuite$0.call(Unknown Source)
	at org.codehaus.groovy.runtime.callsite.CallSiteArray.defaultCall(CallSiteArray.java:48)
	at org.codehaus.groovy.runtime.callsite.AbstractCallSite.call(AbstractCallSite.java:113)
	at org.codehaus.groovy.runtime.callsite.AbstractCallSite.call(AbstractCallSite.java:141)
	at TempTestSuite1544598049714.run(TempTestSuite1544598049714.groovy:36)
	at groovy.lang.GroovyShell.runScriptOrMainOrTestOrRunnable(GroovyShell.java:263)
	at groovy.lang.GroovyShell.run(GroovyShell.java:518)
	at groovy.lang.GroovyShell.run(GroovyShell.java:507)
	at groovy.ui.GroovyMain.processOnce(GroovyMain.java:653)
	at groovy.ui.GroovyMain.run(GroovyMain.java:384)
	at groovy.ui.GroovyMain.process(GroovyMain.java:370)
	at groovy.ui.GroovyMain.processArgs(GroovyMain.java:129)
	at groovy.ui.GroovyMain.main(GroovyMain.java:109)
	at sun.reflect.NativeMethodAccessorImpl.invoke0(Native Method)
	at sun.reflect.NativeMethodAccessorImpl.invoke(NativeMethodAccessorImpl.java:62)
	at sun.reflect.DelegatingMethodAccessorImpl.invoke(DelegatingMethodAccessorImpl.java:43)
	at java.lang.reflect.Method.invoke(Method.java:498)
	at org.codehaus.groovy.tools.GroovyStarter.rootLoader(GroovyStarter.java:109)
	at org.codehaus.groovy.tools.GroovyStarter.main(GroovyStarter.java:131)
)]]></system-err>
      </testcase>
      <testcase name="Test Cases/Final Aug 2018 - PKS Automation/Registration Module/Workflow/New Registration/Case PKR BO to RO - RO Submit" classname="Test Cases/Final Aug 2018 - PKS Automation/Registration Module/Workflow/New Registration/Case PKR BO to RO - RO Submit" status="FAILED">
         <failure type="FAILED" message="(Stack trace: com.kms.katalon.core.exception.StepFailedException: Unable to set text 'CRN12201800123230' of object 'Object Repository/Final Object Repo/New Registration - Registration Module Pages/New Reg - OTC to RO/Special Case - All Related Objects/TextBox RefNo in Workbasket' (Root cause: org.openqa.selenium.ElementNotVisibleException: element not interactable
  (Session info: chrome=70.0.3538.110)
  (Driver info: chromedriver=2.43.600210 (68dcf5eebde37173d4027fa8635e332711d2874a),platform=Windows NT 6.1.7601 SP1 x86_64) (WARNING: The server did not provide any stacktrace information)
Command duration or timeout: 0 milliseconds
Build info: version: '3.7.1', revision: '8a0099a', time: '2017-11-06T21:07:36.161Z'
System info: host: 'WIN7TEST02', ip: '10.20.3.72', os.name: 'Windows 7', os.arch: 'amd64', os.version: '6.1', java.version: '1.8.0_181'
Driver info: com.kms.katalon.selenium.driver.CChromeDriver
Capabilities {acceptInsecureCerts: false, acceptSslCerts: false, applicationCacheEnabled: false, browserConnectionEnabled: false, browserName: chrome, chrome: {chromedriverVersion: 2.43.600210 (68dcf5eebde371..., userDataDir: C:\Users\Admin\AppData\Loca...}, cssSelectorsEnabled: true, databaseEnabled: false, goog:chromeOptions: {debuggerAddress: localhost:55394}, handlesAlerts: true, hasTouchScreen: false, javascriptEnabled: true, locationContextEnabled: true, mobileEmulationEnabled: false, nativeEvents: true, networkConnectionEnabled: false, pageLoadStrategy: normal, platform: XP, platformName: XP, rotatable: false, setWindowRect: true, takesHeapSnapshot: true, takesScreenshot: true, unexpectedAlertBehaviour: , unhandledPromptBehavior: , version: 70.0.3538.110, webStorageEnabled: true}
Session ID: ed6401389f6ec4ebbe95740f7e502f53)
	at com.kms.katalon.core.keyword.internal.KeywordMain.stepFailed(KeywordMain.groovy:32)
	at com.kms.katalon.core.webui.keyword.internal.WebUIKeywordMain.stepFailed(WebUIKeywordMain.groovy:65)
	at com.kms.katalon.core.webui.keyword.internal.WebUIKeywordMain.runKeyword(WebUIKeywordMain.groovy:27)
	at com.kms.katalon.core.webui.keyword.builtin.SetTextKeyword.setText(SetTextKeyword.groovy:65)
	at com.kms.katalon.core.webui.keyword.builtin.SetTextKeyword.execute(SetTextKeyword.groovy:37)
	at com.kms.katalon.core.keyword.internal.KeywordExecutor.executeKeywordForPlatform(KeywordExecutor.groovy:53)
	at com.kms.katalon.core.webui.keyword.WebUiBuiltInKeywords.setText(WebUiBuiltInKeywords.groovy:950)
	at com.kms.katalon.core.webui.keyword.WebUiBuiltInKeywords$setText$1.call(Unknown Source)
	at org.codehaus.groovy.runtime.callsite.CallSiteArray.defaultCall(CallSiteArray.java:48)
	at org.codehaus.groovy.runtime.callsite.AbstractCallSite.call(AbstractCallSite.java:113)
	at org.codehaus.groovy.runtime.callsite.AbstractCallSite.call(AbstractCallSite.java:133)
	at Script1535945708168.run(Script1535945708168.groovy:73)
	at com.kms.katalon.core.main.ScriptEngine.run(ScriptEngine.java:183)
	at com.kms.katalon.core.main.ScriptEngine.runScriptAsRawText(ScriptEngine.java:108)
	at com.kms.katalon.core.main.TestCaseExecutor.runScript(TestCaseExecutor.java:294)
	at com.kms.katalon.core.main.TestCaseExecutor.doExecute(TestCaseExecutor.java:285)
	at com.kms.katalon.core.main.TestCaseExecutor.processExecutionPhase(TestCaseExecutor.java:264)
	at com.kms.katalon.core.main.TestCaseExecutor.accessMainPhase(TestCaseExecutor.java:256)
	at com.kms.katalon.core.main.TestCaseExecutor.execute(TestCaseExecutor.java:200)
	at com.kms.katalon.core.main.TestSuiteExecutor.accessTestCaseMainPhase(TestSuiteExecutor.java:129)
	at com.kms.katalon.core.main.TestSuiteExecutor.accessTestSuiteMainPhase(TestSuiteExecutor.java:112)
	at com.kms.katalon.core.main.TestSuiteExecutor.execute(TestSuiteExecutor.java:81)
	at com.kms.katalon.core.main.TestCaseMain.startTestSuite(TestCaseMain.java:142)
	at com.kms.katalon.core.main.TestCaseMain$startTestSuite$0.call(Unknown Source)
	at org.codehaus.groovy.runtime.callsite.CallSiteArray.defaultCall(CallSiteArray.java:48)
	at org.codehaus.groovy.runtime.callsite.AbstractCallSite.call(AbstractCallSite.java:113)
	at org.codehaus.groovy.runtime.callsite.AbstractCallSite.call(AbstractCallSite.java:141)
	at TempTestSuite1544598049714.run(TempTestSuite1544598049714.groovy:36)
	at groovy.lang.GroovyShell.runScriptOrMainOrTestOrRunnable(GroovyShell.java:263)
	at groovy.lang.GroovyShell.run(GroovyShell.java:518)
	at groovy.lang.GroovyShell.run(GroovyShell.java:507)
	at groovy.ui.GroovyMain.processOnce(GroovyMain.java:653)
	at groovy.ui.GroovyMain.run(GroovyMain.java:384)
	at groovy.ui.GroovyMain.process(GroovyMain.java:370)
	at groovy.ui.GroovyMain.processArgs(GroovyMain.java:129)
	at groovy.ui.GroovyMain.main(GroovyMain.java:109)
	at sun.reflect.NativeMethodAccessorImpl.invoke0(Native Method)
	at sun.reflect.NativeMethodAccessorImpl.invoke(NativeMethodAccessorImpl.java:62)
	at sun.reflect.DelegatingMethodAccessorImpl.invoke(DelegatingMethodAccessorImpl.java:43)
	at java.lang.reflect.Method.invoke(Method.java:498)
	at org.codehaus.groovy.tools.GroovyStarter.rootLoader(GroovyStarter.java:109)
	at org.codehaus.groovy.tools.GroovyStarter.main(GroovyStarter.java:131)
)"/>
         <system-out><![CDATA[2018-12-12 19:15:06 - [TEST_CASE][FAILED] - Test Cases/Final Aug 2018 - PKS Automation/Registration Module/Workflow/New Registration/Case PKR BO to RO - RO Submit: Test Cases/Final Aug 2018 - PKS Automation/Registration Module/Workflow/New Registration/Case PKR BO to RO - RO Submit FAILED because (of) (Stack trace: com.kms.katalon.core.exception.StepFailedException: Unable to set text 'CRN12201800123230' of object 'Object Repository/Final Object Repo/New Registration - Registration Module Pages/New Reg - OTC to RO/Special Case - All Related Objects/TextBox RefNo in Workbasket' (Root cause: org.openqa.selenium.ElementNotVisibleException: element not interactable
  (Session info: chrome=70.0.3538.110)
  (Driver info: chromedriver=2.43.600210 (68dcf5eebde37173d4027fa8635e332711d2874a),platform=Windows NT 6.1.7601 SP1 x86_64) (WARNING: The server did not provide any stacktrace information)
Command duration or timeout: 0 milliseconds
Build info: version: '3.7.1', revision: '8a0099a', time: '2017-11-06T21:07:36.161Z'
System info: host: 'WIN7TEST02', ip: '10.20.3.72', os.name: 'Windows 7', os.arch: 'amd64', os.version: '6.1', java.version: '1.8.0_181'
Driver info: com.kms.katalon.selenium.driver.CChromeDriver
Capabilities {acceptInsecureCerts: false, acceptSslCerts: false, applicationCacheEnabled: false, browserConnectionEnabled: false, browserName: chrome, chrome: {chromedriverVersion: 2.43.600210 (68dcf5eebde371..., userDataDir: C:\Users\Admin\AppData\Loca...}, cssSelectorsEnabled: true, databaseEnabled: false, goog:chromeOptions: {debuggerAddress: localhost:55394}, handlesAlerts: true, hasTouchScreen: false, javascriptEnabled: true, locationContextEnabled: true, mobileEmulationEnabled: false, nativeEvents: true, networkConnectionEnabled: false, pageLoadStrategy: normal, platform: XP, platformName: XP, rotatable: false, setWindowRect: true, takesHeapSnapshot: true, takesScreenshot: true, unexpectedAlertBehaviour: , unhandledPromptBehavior: , version: 70.0.3538.110, webStorageEnabled: true}
Session ID: ed6401389f6ec4ebbe95740f7e502f53)
	at com.kms.katalon.core.keyword.internal.KeywordMain.stepFailed(KeywordMain.groovy:32)
	at com.kms.katalon.core.webui.keyword.internal.WebUIKeywordMain.stepFailed(WebUIKeywordMain.groovy:65)
	at com.kms.katalon.core.webui.keyword.internal.WebUIKeywordMain.runKeyword(WebUIKeywordMain.groovy:27)
	at com.kms.katalon.core.webui.keyword.builtin.SetTextKeyword.setText(SetTextKeyword.groovy:65)
	at com.kms.katalon.core.webui.keyword.builtin.SetTextKeyword.execute(SetTextKeyword.groovy:37)
	at com.kms.katalon.core.keyword.internal.KeywordExecutor.executeKeywordForPlatform(KeywordExecutor.groovy:53)
	at com.kms.katalon.core.webui.keyword.WebUiBuiltInKeywords.setText(WebUiBuiltInKeywords.groovy:950)
	at com.kms.katalon.core.webui.keyword.WebUiBuiltInKeywords$setText$1.call(Unknown Source)
	at org.codehaus.groovy.runtime.callsite.CallSiteArray.defaultCall(CallSiteArray.java:48)
	at org.codehaus.groovy.runtime.callsite.AbstractCallSite.call(AbstractCallSite.java:113)
	at org.codehaus.groovy.runtime.callsite.AbstractCallSite.call(AbstractCallSite.java:133)
	at Script1535945708168.run(Script1535945708168.groovy:73)
	at com.kms.katalon.core.main.ScriptEngine.run(ScriptEngine.java:183)
	at com.kms.katalon.core.main.ScriptEngine.runScriptAsRawText(ScriptEngine.java:108)
	at com.kms.katalon.core.main.TestCaseExecutor.runScript(TestCaseExecutor.java:294)
	at com.kms.katalon.core.main.TestCaseExecutor.doExecute(TestCaseExecutor.java:285)
	at com.kms.katalon.core.main.TestCaseExecutor.processExecutionPhase(TestCaseExecutor.java:264)
	at com.kms.katalon.core.main.TestCaseExecutor.accessMainPhase(TestCaseExecutor.java:256)
	at com.kms.katalon.core.main.TestCaseExecutor.execute(TestCaseExecutor.java:200)
	at com.kms.katalon.core.main.TestSuiteExecutor.accessTestCaseMainPhase(TestSuiteExecutor.java:129)
	at com.kms.katalon.core.main.TestSuiteExecutor.accessTestSuiteMainPhase(TestSuiteExecutor.java:112)
	at com.kms.katalon.core.main.TestSuiteExecutor.execute(TestSuiteExecutor.java:81)
	at com.kms.katalon.core.main.TestCaseMain.startTestSuite(TestCaseMain.java:142)
	at com.kms.katalon.core.main.TestCaseMain$startTestSuite$0.call(Unknown Source)
	at org.codehaus.groovy.runtime.callsite.CallSiteArray.defaultCall(CallSiteArray.java:48)
	at org.codehaus.groovy.runtime.callsite.AbstractCallSite.call(AbstractCallSite.java:113)
	at org.codehaus.groovy.runtime.callsite.AbstractCallSite.call(AbstractCallSite.java:141)
	at TempTestSuite1544598049714.run(TempTestSuite1544598049714.groovy:36)
	at groovy.lang.GroovyShell.runScriptOrMainOrTestOrRunnable(GroovyShell.java:263)
	at groovy.lang.GroovyShell.run(GroovyShell.java:518)
	at groovy.lang.GroovyShell.run(GroovyShell.java:507)
	at groovy.ui.GroovyMain.processOnce(GroovyMain.java:653)
	at groovy.ui.GroovyMain.run(GroovyMain.java:384)
	at groovy.ui.GroovyMain.process(GroovyMain.java:370)
	at groovy.ui.GroovyMain.processArgs(GroovyMain.java:129)
	at groovy.ui.GroovyMain.main(GroovyMain.java:109)
	at sun.reflect.NativeMethodAccessorImpl.invoke0(Native Method)
	at sun.reflect.NativeMethodAccessorImpl.invoke(NativeMethodAccessorImpl.java:62)
	at sun.reflect.DelegatingMethodAccessorImpl.invoke(DelegatingMethodAccessorImpl.java:43)
	at java.lang.reflect.Method.invoke(Method.java:498)
	at org.codehaus.groovy.tools.GroovyStarter.rootLoader(GroovyStarter.java:109)
	at org.codehaus.groovy.tools.GroovyStarter.main(GroovyStarter.java:131)
)

2018-12-12 19:15:06 - [TEST_STEP][PASSED] - callTestCase: Call Test Case 'Test Cases/Final Aug 2018 - PKS Automation/Registration Module/Workflow/New Registration/Template/Special Case - PKR BO - Form 1' successfully

2018-12-12 19:15:06 - [TEST_CASE][PASSED] - Test Cases/Final Aug 2018 - PKS Automation/Registration Module/Workflow/New Registration/Template/Special Case - PKR BO - Form 1: Test Cases/Final Aug 2018 - PKS Automation/Registration Module/Workflow/New Registration/Template/Special Case - PKR BO - Form 1

2018-12-12 19:15:06 - [TEST_STEP][PASSED] - openBrowser: Browser is opened with url: ''

2018-12-12 19:15:06 - [MESSAGE][WARNING] - A browser is already opened. Closing browser and opening a new one

2018-12-12 19:15:10 - [MESSAGE][PASSED] - Browser is opened with url: ''

2018-12-12 19:15:10 - [TEST_STEP][PASSED] - navigateToUrl: Navigate to 'https://assist2-uat.perkeso.gov.my/login' successfully

2018-12-12 19:15:11 - [MESSAGE][PASSED] - Navigate to 'https://assist2-uat.perkeso.gov.my/login' successfully

2018-12-12 19:15:11 - [TEST_STEP][PASSED] - delay: Delayed 2 second(s)

2018-12-12 19:15:13 - [MESSAGE][PASSED] - Delayed 2 second(s)

2018-12-12 19:15:13 - [TEST_STEP][PASSED] - setText: Text 'klpkrbo2@gmail.com' is set on object 'Object Repository/Final Object Repo/Login Page/Internal User/Email Address'

2018-12-12 19:15:13 - [MESSAGE][PASSED] - Text 'klpkrbo2@gmail.com' is set on object 'Object Repository/Final Object Repo/Login Page/Internal User/Email Address'

2018-12-12 19:15:13 - [TEST_STEP][PASSED] - click: Object: 'Object Repository/Final Object Repo/Login Page/Internal User/Next Button' is clicked on

2018-12-12 19:15:13 - [MESSAGE][PASSED] - Object: 'Object Repository/Final Object Repo/Login Page/Internal User/Next Button' is clicked on

2018-12-12 19:15:13 - [TEST_STEP][PASSED] - delay: Delayed 2 second(s)

2018-12-12 19:15:15 - [MESSAGE][PASSED] - Delayed 2 second(s)

2018-12-12 19:15:15 - [TEST_STEP][PASSED] - setText: Text 'Test1@3456789' is set on object 'Object Repository/Final Object Repo/Login Page/Internal User/Password'

2018-12-12 19:15:16 - [MESSAGE][PASSED] - Text 'Test1@3456789' is set on object 'Object Repository/Final Object Repo/Login Page/Internal User/Password'

2018-12-12 19:15:16 - [TEST_STEP][PASSED] - delay: Delayed 2 second(s)

2018-12-12 19:15:18 - [MESSAGE][PASSED] - Delayed 2 second(s)

2018-12-12 19:15:18 - [TEST_STEP][PASSED] - click: Object: 'Object Repository/Final Object Repo/Login Page/Internal User/Login Button' is clicked on

2018-12-12 19:15:18 - [MESSAGE][PASSED] - Object: 'Object Repository/Final Object Repo/Login Page/Internal User/Login Button' is clicked on

2018-12-12 19:15:18 - [TEST_STEP][PASSED] - Statement - Try: null

2018-12-12 19:15:18 - [TEST_STEP][PASSED] - Statement - Checker = com.kms.katalon.core.webui.keyword.WebUiBuiltInKeywords.verifyElementNotPresent("Final Object Repo/Landing Page/Select to English", 3): null

2018-12-12 19:15:18 - [TEST_STEP][PASSED] - Statement - Catch (Exception e): null

2018-12-12 19:15:18 - [TEST_STEP][PASSED] - Statement - e.printStackTrace(): null

2018-12-12 19:15:18 - [TEST_STEP][PASSED] - delay: Delayed 5 second(s)

2018-12-12 19:15:23 - [MESSAGE][PASSED] - Delayed 5 second(s)

2018-12-12 19:15:23 - [TEST_STEP][PASSED] - click: Object: 'Object Repository/Final Object Repo/Landing Page/My Sites Drop Down' is clicked on

2018-12-12 19:15:23 - [MESSAGE][PASSED] - Object: 'Object Repository/Final Object Repo/Landing Page/My Sites Drop Down' is clicked on

2018-12-12 19:15:23 - [TEST_STEP][PASSED] - click: Object: 'Object Repository/Final Object Repo/Landing Page/Select to Registration Module' is clicked on

2018-12-12 19:15:24 - [MESSAGE][PASSED] - Object: 'Object Repository/Final Object Repo/Landing Page/Select to Registration Module' is clicked on

2018-12-12 19:15:24 - [TEST_STEP][PASSED] - click: Object: 'Object Repository/Final Object Repo/Landing Page/Registration Button' is clicked on

2018-12-12 19:15:25 - [MESSAGE][PASSED] - Object: 'Object Repository/Final Object Repo/Landing Page/Registration Button' is clicked on

2018-12-12 19:15:25 - [TEST_STEP][PASSED] - delay: Delayed 2 second(s)

2018-12-12 19:15:27 - [MESSAGE][PASSED] - Delayed 2 second(s)

2018-12-12 19:15:27 - [TEST_STEP][PASSED] - click: Object: 'Object Repository/Final Object Repo/New Registration - Registration Module Pages/New Reg - OTC to RO/Special Case - OTC - Form 1/AEC NO' is clicked on

2018-12-12 19:15:27 - [MESSAGE][PASSED] - Object: 'Object Repository/Final Object Repo/New Registration - Registration Module Pages/New Reg - OTC to RO/Special Case - OTC - Form 1/AEC NO' is clicked on

2018-12-12 19:15:27 - [TEST_STEP][PASSED] - click: Object: 'Object Repository/Final Object Repo/New Registration - Registration Module Pages/New Reg - OTC to RO/Special Case - OTC - Form 1/Business Entity - Please Select' is clicked on

2018-12-12 19:15:28 - [MESSAGE][PASSED] - Object: 'Object Repository/Final Object Repo/New Registration - Registration Module Pages/New Reg - OTC to RO/Special Case - OTC - Form 1/Business Entity - Please Select' is clicked on

2018-12-12 19:15:28 - [TEST_STEP][PASSED] - click: Object: 'Object Repository/Final Object Repo/New Registration - Registration Module Pages/New Reg - OTC to RO/Special Case - OTC - Form 1/Selected - Corporation' is clicked on

2018-12-12 19:15:28 - [MESSAGE][PASSED] - Object: 'Object Repository/Final Object Repo/New Registration - Registration Module Pages/New Reg - OTC to RO/Special Case - OTC - Form 1/Selected - Corporation' is clicked on

2018-12-12 19:15:28 - [TEST_STEP][PASSED] - delay: Delayed 2 second(s)

2018-12-12 19:15:30 - [MESSAGE][PASSED] - Delayed 2 second(s)

2018-12-12 19:15:30 - [TEST_STEP][PASSED] - click: Object: 'Object Repository/Final Object Repo/New Registration - Registration Module Pages/New Reg - OTC to RO/Special Case - OTC - Form 1/Sub Business Entity - Please Select' is clicked on

2018-12-12 19:15:30 - [MESSAGE][PASSED] - Object: 'Object Repository/Final Object Repo/New Registration - Registration Module Pages/New Reg - OTC to RO/Special Case - OTC - Form 1/Sub Business Entity - Please Select' is clicked on

2018-12-12 19:15:30 - [TEST_STEP][PASSED] - delay: Delayed 2 second(s)

2018-12-12 19:15:32 - [MESSAGE][PASSED] - Delayed 2 second(s)

2018-12-12 19:15:32 - [TEST_STEP][PASSED] - click: Object: 'Object Repository/Final Object Repo/New Registration - Registration Module Pages/New Reg - OTC to RO/Special Case - OTC - Form 1/Selected - Sendirian Berhad' is clicked on

2018-12-12 19:15:32 - [MESSAGE][PASSED] - Object: 'Object Repository/Final Object Repo/New Registration - Registration Module Pages/New Reg - OTC to RO/Special Case - OTC - Form 1/Selected - Sendirian Berhad' is clicked on

2018-12-12 19:15:32 - [TEST_STEP][PASSED] - setText: Text 'AUTOMATE001' is set on object 'Object Repository/Final Object Repo/New Registration - Registration Module Pages/New Reg - OTC to RO/Special Case - OTC - Form 1/Input BRN Number'

2018-12-12 19:15:33 - [MESSAGE][PASSED] - Text 'AUTOMATE001' is set on object 'Object Repository/Final Object Repo/New Registration - Registration Module Pages/New Reg - OTC to RO/Special Case - OTC - Form 1/Input BRN Number'

2018-12-12 19:15:33 - [TEST_STEP][PASSED] - delay: Delayed 2 second(s)

2018-12-12 19:15:35 - [MESSAGE][PASSED] - Delayed 2 second(s)

2018-12-12 19:15:35 - [TEST_STEP][PASSED] - click: Object: 'Object Repository/Final Object Repo/New Registration - Registration Module Pages/New Reg - OTC to RO/Special Case - OTC - Form 1/BRN Search' is clicked on

2018-12-12 19:15:35 - [MESSAGE][PASSED] - Object: 'Object Repository/Final Object Repo/New Registration - Registration Module Pages/New Reg - OTC to RO/Special Case - OTC - Form 1/BRN Search' is clicked on

2018-12-12 19:15:35 - [TEST_STEP][PASSED] - delay: Delayed 4 second(s)

2018-12-12 19:15:39 - [MESSAGE][PASSED] - Delayed 4 second(s)

2018-12-12 19:15:39 - [TEST_STEP][PASSED] - click: Object: 'Object Repository/Final Object Repo/New Registration - Registration Module Pages/New Reg - OTC to RO/Special Case - OTC - Form 1/Registered with SSM - After Feb 2017' is clicked on

2018-12-12 19:15:39 - [MESSAGE][PASSED] - Object: 'Object Repository/Final Object Repo/New Registration - Registration Module Pages/New Reg - OTC to RO/Special Case - OTC - Form 1/Registered with SSM - After Feb 2017' is clicked on

2018-12-12 19:15:39 - [TEST_STEP][PASSED] - delay: Delayed 2 second(s)

2018-12-12 19:15:41 - [MESSAGE][PASSED] - Delayed 2 second(s)

2018-12-12 19:15:41 - [TEST_STEP][PASSED] - click: Object: 'Object Repository/Final Object Repo/New Registration - Registration Module Pages/New Reg - OTC to RO/Special Case - OTC - Form 1/Registering As A Branch - No' is clicked on

2018-12-12 19:15:41 - [MESSAGE][PASSED] - Object: 'Object Repository/Final Object Repo/New Registration - Registration Module Pages/New Reg - OTC to RO/Special Case - OTC - Form 1/Registering As A Branch - No' is clicked on

2018-12-12 19:15:41 - [TEST_STEP][PASSED] - click: Object: 'Object Repository/Final Object Repo/New Registration - Registration Module Pages/New Reg - OTC to RO/Special Case - OTC - Form 1/Acknowledgement Ticked' is clicked on

2018-12-12 19:15:41 - [MESSAGE][PASSED] - Object: 'Object Repository/Final Object Repo/New Registration - Registration Module Pages/New Reg - OTC to RO/Special Case - OTC - Form 1/Acknowledgement Ticked' is clicked on

2018-12-12 19:15:41 - [TEST_STEP][PASSED] - click: Object: 'Object Repository/Final Object Repo/New Registration - Registration Module Pages/New Reg - OTC to RO/Special Case - OTC - Form 1/Submit Button' is clicked on

2018-12-12 19:15:42 - [MESSAGE][PASSED] - Object: 'Object Repository/Final Object Repo/New Registration - Registration Module Pages/New Reg - OTC to RO/Special Case - OTC - Form 1/Submit Button' is clicked on

2018-12-12 19:15:42 - [TEST_STEP][PASSED] - delay: Delayed 2 second(s)

2018-12-12 19:15:44 - [MESSAGE][PASSED] - Delayed 2 second(s)

2018-12-12 19:15:44 - [TEST_STEP][PASSED] - click: Object: 'Object Repository/Final Object Repo/New Registration - Registration Module Pages/New Reg - OTC to RO/Special Case - OTC - Form 1/Confirm No Flagging as Branch' is clicked on

2018-12-12 19:15:44 - [MESSAGE][PASSED] - Object: 'Object Repository/Final Object Repo/New Registration - Registration Module Pages/New Reg - OTC to RO/Special Case - OTC - Form 1/Confirm No Flagging as Branch' is clicked on

2018-12-12 19:15:44 - [MESSAGE][PASSED] - Call Test Case 'Test Cases/Final Aug 2018 - PKS Automation/Registration Module/Workflow/New Registration/Template/Special Case - PKR BO - Form 1' successfully

2018-12-12 19:15:44 - [TEST_STEP][PASSED] - callTestCase: Call Test Case 'Test Cases/Final Aug 2018 - PKS Automation/Registration Module/New Registration/Form 2/Add 1 Eligible' successfully

2018-12-12 19:15:44 - [TEST_CASE][PASSED] - Test Cases/Final Aug 2018 - PKS Automation/Registration Module/New Registration/Form 2/Add 1 Eligible: Test Cases/Final Aug 2018 - PKS Automation/Registration Module/New Registration/Form 2/Add 1 Eligible

2018-12-12 19:15:44 - [TEST_STEP][PASSED] - delay: Delayed 2 second(s)

2018-12-12 19:15:46 - [MESSAGE][PASSED] - Delayed 2 second(s)

2018-12-12 19:15:46 - [TEST_STEP][PASSED] - callTestCase: Call Test Case 'Test Cases/Final Aug 2018 - PKS Automation/Registration Module/New Registration/Form 2/Date Updater' successfully

2018-12-12 19:15:46 - [TEST_CASE][PASSED] - Test Cases/Final Aug 2018 - PKS Automation/Registration Module/New Registration/Form 2/Date Updater: Test Cases/Final Aug 2018 - PKS Automation/Registration Module/New Registration/Form 2/Date Updater

2018-12-12 19:15:46 - [TEST_STEP][PASSED] - Statement - TodayDate = new java.util.Date(): null

2018-12-12 19:15:46 - [TEST_STEP][PASSED] - Statement - CurrentDateNoFilter = new java.text.SimpleDateFormat(): null

2018-12-12 19:15:46 - [TEST_STEP][PASSED] - Statement - CurrentDateNoFilter.applyPattern("MM"): null

2018-12-12 19:15:46 - [TEST_STEP][PASSED] - Statement - monthContainerMatcher = java.lang.Integer.parseInt(CurrentDateNoFilter.format(TodayDate)): null

2018-12-12 19:15:46 - [TEST_STEP][PASSED] - Statement - monthContainerMatcher = monthContainerMatcher - 1: null

2018-12-12 19:15:46 - [TEST_STEP][PASSED] - Statement - CurrentMonth = monthContainerMatcher.toString(): null

2018-12-12 19:15:46 - [TEST_STEP][PASSED] - Statement - CurrentMonth = CurrentMonth: null

2018-12-12 19:15:46 - [TEST_STEP][PASSED] - Statement - CurrentDateNoFilter.applyPattern("yyyy"): null

2018-12-12 19:15:46 - [TEST_STEP][PASSED] - Statement - CurrentYear = CurrentDateNoFilter.format(TodayDate): null

2018-12-12 19:15:46 - [TEST_STEP][PASSED] - Statement - CurrentYear = CurrentYear: null

2018-12-12 19:15:46 - [TEST_STEP][PASSED] - Statement - intCurrentYear = java.lang.Integer.parseInt(CurrentDateNoFilter.format(TodayDate)): null

2018-12-12 19:15:46 - [TEST_STEP][PASSED] - Statement - eighteenYrsAgo = intCurrentYear - 18: null

2018-12-12 19:15:46 - [TEST_STEP][PASSED] - Statement - eighteenYrsBeforeThisYr = eighteenYrsAgo.toString(): null

2018-12-12 19:15:46 - [TEST_STEP][PASSED] - Statement - EighteenYrsBefore = eighteenYrsBeforeThisYr: null

2018-12-12 19:15:46 - [TEST_STEP][PASSED] - Statement - fiftysevenYrsAgo = intCurrentYear - 57: null

2018-12-12 19:15:46 - [TEST_STEP][PASSED] - Statement - fiftysevenYrsBeforeThisYr = fiftysevenYrsAgo.toString(): null

2018-12-12 19:15:46 - [TEST_STEP][PASSED] - Statement - FiftysevenYrsBefore = fiftysevenYrsBeforeThisYr: null

2018-12-12 19:15:46 - [TEST_STEP][PASSED] - Statement - leapYear = false: null

2018-12-12 19:15:46 - [TEST_STEP][PASSED] - Statement - leapYear = intCurrentYear % 4 == 0: null

2018-12-12 19:15:46 - [TEST_STEP][PASSED] - Statement - CurrentDateNoFilter.applyPattern("dd"): null

2018-12-12 19:15:46 - [TEST_STEP][PASSED] - Statement - CurrentDate = CurrentDateNoFilter.format(TodayDate): null

2018-12-12 19:15:46 - [TEST_STEP][PASSED] - Statement - CurrentDate = java.lang.Integer.parseInt(CurrentDate): null

2018-12-12 19:15:46 - [TEST_STEP][PASSED] - Statement - CurrentDate = CurrentDate: null

2018-12-12 19:15:46 - [TEST_STEP][PASSED] - Statement - CurrentDay = java.lang.Integer.parseInt(CurrentDate): null

2018-12-12 19:15:46 - [TEST_STEP][PASSED] - Statement - ConfAdder = <not implemented yet for class: org.codehaus.groovy.ast.expr.EmptyExpression>: null

2018-12-12 19:15:46 - [TEST_STEP][PASSED] - Statement - out.println(CurrentMonth): null

2018-12-12 19:15:46 - [TEST_STEP][PASSED] - Statement - out.println(CurrentDate): null

2018-12-12 19:15:46 - [TEST_STEP][PASSED] - Statement - switch (CurrentDate): null

2018-12-12 19:15:46 - [TEST_STEP][PASSED] - Statement - Default: null

2018-12-12 19:15:46 - [TEST_STEP][PASSED] - Statement - ConfAdder = true: null

2018-12-12 19:15:46 - [TEST_STEP][PASSED] - Statement - Break: null

2018-12-12 19:15:46 - [TEST_STEP][PASSED] - Statement - aDayBefore = <not implemented yet for class: org.codehaus.groovy.ast.expr.EmptyExpression>: null

2018-12-12 19:15:46 - [TEST_STEP][PASSED] - Statement - out.println(ConfAdder): null

2018-12-12 19:15:46 - [TEST_STEP][PASSED] - Statement - If (ConfAdder == true): null

2018-12-12 19:15:46 - [TEST_STEP][PASSED] - Statement - aDayBefore = CurrentDay + 1: null

2018-12-12 19:15:46 - [TEST_STEP][PASSED] - Statement - out.println(aDayBefore): null

2018-12-12 19:15:46 - [TEST_STEP][PASSED] - Statement - If (aDayBefore == 1 && CurrentMonth == 11): null

2018-12-12 19:15:46 - [TEST_STEP][PASSED] - Statement - DayBefore = aDayBefore.toString(): null

2018-12-12 19:15:46 - [TEST_STEP][PASSED] - Statement - OneDayBefore = DayBefore: null

2018-12-12 19:15:46 - [MESSAGE][PASSED] - Call Test Case 'Test Cases/Final Aug 2018 - PKS Automation/Registration Module/New Registration/Form 2/Date Updater' successfully

2018-12-12 19:15:46 - [TEST_STEP][PASSED] - delay: Delayed 1 second(s)

2018-12-12 19:15:47 - [MESSAGE][PASSED] - Delayed 1 second(s)

2018-12-12 19:15:47 - [TEST_STEP][PASSED] - Statement - CaseReferenceNo = com.kms.katalon.core.webui.keyword.WebUiBuiltInKeywords.getText(com.kms.katalon.core.testobject.ObjectRepository.findTestObject(Final Object Repo/New Registration - Registration Module Pages/Form 2/RefNo Acquiring)): Text of object 'Object Repository/Final Object Repo/New Registration - Registration Module Pages/Form 2/RefNo Acquiring' is: 'CRN12201800123230'

2018-12-12 19:15:47 - [MESSAGE][PASSED] - Text of object 'Object Repository/Final Object Repo/New Registration - Registration Module Pages/Form 2/RefNo Acquiring' is: 'CRN12201800123230'

2018-12-12 19:15:47 - [TEST_STEP][PASSED] - delay: Delayed 1 second(s)

2018-12-12 19:15:48 - [MESSAGE][PASSED] - Delayed 1 second(s)

2018-12-12 19:15:48 - [TEST_STEP][PASSED] - click: Object: 'Object Repository/Final Object Repo/New Registration - Registration Module Pages/Form 2/Add Employee Button' is clicked on

2018-12-12 19:15:48 - [MESSAGE][PASSED] - Object: 'Object Repository/Final Object Repo/New Registration - Registration Module Pages/Form 2/Add Employee Button' is clicked on

2018-12-12 19:15:48 - [TEST_STEP][PASSED] - delay: Delayed 1 second(s)

2018-12-12 19:15:49 - [MESSAGE][PASSED] - Delayed 1 second(s)

2018-12-12 19:15:49 - [TEST_STEP][PASSED] - setText: Text '010903091963' is set on object 'Object Repository/Final Object Repo/New Registration - Registration Module Pages/Form 2/NRIC Input'

2018-12-12 19:15:49 - [MESSAGE][PASSED] - Text '010903091963' is set on object 'Object Repository/Final Object Repo/New Registration - Registration Module Pages/Form 2/NRIC Input'

2018-12-12 19:15:49 - [TEST_STEP][PASSED] - click: Object: 'Object Repository/Final Object Repo/New Registration - Registration Module Pages/Form 2/button for search for IC' is clicked on

2018-12-12 19:15:50 - [MESSAGE][PASSED] - Object: 'Object Repository/Final Object Repo/New Registration - Registration Module Pages/Form 2/button for search for IC' is clicked on

2018-12-12 19:15:50 - [TEST_STEP][PASSED] - delay: Delayed 2 second(s)

2018-12-12 19:15:52 - [MESSAGE][PASSED] - Delayed 2 second(s)

2018-12-12 19:15:52 - [TEST_STEP][PASSED] - setText: Text 'Automate001 eligible 1' is set on object 'Object Repository/Final Object Repo/New Registration - Registration Module Pages/Form 2/Employee Name Input'

2018-12-12 19:15:52 - [MESSAGE][PASSED] - Text 'Automate001 eligible 1' is set on object 'Object Repository/Final Object Repo/New Registration - Registration Module Pages/Form 2/Employee Name Input'

2018-12-12 19:15:52 - [TEST_STEP][PASSED] - delay: Delayed 2 second(s)

2018-12-12 19:15:54 - [MESSAGE][PASSED] - Delayed 2 second(s)

2018-12-12 19:15:54 - [TEST_STEP][PASSED] - click: Object: 'Object Repository/Final Object Repo/New Registration - Registration Module Pages/Form 2/DatePicker Pop Up' is clicked on

2018-12-12 19:15:54 - [MESSAGE][PASSED] - Object: 'Object Repository/Final Object Repo/New Registration - Registration Module Pages/Form 2/DatePicker Pop Up' is clicked on

2018-12-12 19:15:54 - [TEST_STEP][PASSED] - click: Object: 'Object Repository/Final Object Repo/New Registration - Registration Module Pages/Form 2/DOB Month' is clicked on

2018-12-12 19:15:55 - [MESSAGE][PASSED] - Object: 'Object Repository/Final Object Repo/New Registration - Registration Module Pages/Form 2/DOB Month' is clicked on

2018-12-12 19:15:55 - [TEST_STEP][PASSED] - Statement - CurrentMonth = CurrentMonth: null

2018-12-12 19:15:55 - [TEST_STEP][PASSED] - Statement - selectMonth = new com.kms.katalon.core.testobject.TestObject(): null

2018-12-12 19:15:55 - [TEST_STEP][PASSED] - Statement - selectMonth.addProperty("xpath", EQUALS, "//body/div/div/div/select/option[@value='" + CurrentMonth + "']", true): null

2018-12-12 19:15:55 - [TEST_STEP][PASSED] - click: Object: '' is clicked on

2018-12-12 19:15:55 - [MESSAGE][PASSED] - Object: '' is clicked on

2018-12-12 19:15:55 - [TEST_STEP][PASSED] - click: Object: 'Object Repository/Final Object Repo/New Registration - Registration Module Pages/Form 2/DOB Year' is clicked on

2018-12-12 19:15:55 - [MESSAGE][PASSED] - Object: 'Object Repository/Final Object Repo/New Registration - Registration Module Pages/Form 2/DOB Year' is clicked on

2018-12-12 19:15:55 - [TEST_STEP][PASSED] - Statement - Eyearsbf = EighteenYrsBefore: null

2018-12-12 19:15:55 - [TEST_STEP][PASSED] - Statement - selectYear = new com.kms.katalon.core.testobject.TestObject(): null

2018-12-12 19:15:55 - [TEST_STEP][PASSED] - Statement - selectYear.addProperty("xpath", EQUALS, "//div/div/div/select/option[@value='" + Eyearsbf + "']", true): null

2018-12-12 19:15:55 - [TEST_STEP][PASSED] - click: Object: '' is clicked on

2018-12-12 19:15:55 - [MESSAGE][PASSED] - Object: '' is clicked on

2018-12-12 19:15:55 - [TEST_STEP][PASSED] - Statement - UpdatedSelectDate = com.kms.katalon.core.webui.keyword.WebUiBuiltInKeywords.modifyObjectProperty(com.kms.katalon.core.testobject.ObjectRepository.findTestObject(Final Object Repo/New Registration - Registration Module Pages/Form 2/DOB Date), "xpath", "equals", "//body/div/table/tbody/tr/td/a[text()="" + CurrentDate + ""]", true): Modify property of object successfully

2018-12-12 19:15:55 - [MESSAGE][PASSED] - Modify property of object successfully

2018-12-12 19:15:55 - [TEST_STEP][PASSED] - delay: Delayed 3 second(s)

2018-12-12 19:15:58 - [MESSAGE][PASSED] - Delayed 3 second(s)

2018-12-12 19:15:58 - [TEST_STEP][PASSED] - click: Object: 'Object Repository/Final Object Repo/New Registration - Registration Module Pages/Form 2/DOB Date' is clicked on

2018-12-12 19:15:58 - [MESSAGE][PASSED] - Object: 'Object Repository/Final Object Repo/New Registration - Registration Module Pages/Form 2/DOB Date' is clicked on

2018-12-12 19:15:58 - [TEST_STEP][PASSED] - delay: Delayed 2 second(s)

2018-12-12 19:16:00 - [MESSAGE][PASSED] - Delayed 2 second(s)

2018-12-12 19:16:00 - [TEST_STEP][PASSED] - click: Object: 'Object Repository/Final Object Repo/New Registration - Registration Module Pages/Form 2/EmploymentStartDate Pop Up' is clicked on

2018-12-12 19:16:00 - [MESSAGE][PASSED] - Object: 'Object Repository/Final Object Repo/New Registration - Registration Module Pages/Form 2/EmploymentStartDate Pop Up' is clicked on

2018-12-12 19:16:00 - [TEST_STEP][PASSED] - delay: Delayed 2 second(s)

2018-12-12 19:16:02 - [MESSAGE][PASSED] - Delayed 2 second(s)

2018-12-12 19:16:02 - [TEST_STEP][PASSED] - click: Object: 'Object Repository/Final Object Repo/New Registration - Registration Module Pages/Form 2/Socso Employment StartDate Month' is clicked on

2018-12-12 19:16:03 - [MESSAGE][PASSED] - Object: 'Object Repository/Final Object Repo/New Registration - Registration Module Pages/Form 2/Socso Employment StartDate Month' is clicked on

2018-12-12 19:16:03 - [TEST_STEP][PASSED] - delay: Delayed 1 second(s)

2018-12-12 19:16:04 - [MESSAGE][PASSED] - Delayed 1 second(s)

2018-12-12 19:16:04 - [TEST_STEP][PASSED] - click: Object: 'Object Repository/Final Object Repo/New Registration - Registration Module Pages/Form 2/Select Socso Employement Startdate Month' is clicked on

2018-12-12 19:16:04 - [MESSAGE][PASSED] - Object: 'Object Repository/Final Object Repo/New Registration - Registration Module Pages/Form 2/Select Socso Employement Startdate Month' is clicked on

2018-12-12 19:16:04 - [TEST_STEP][PASSED] - delay: Delayed 2 second(s)

2018-12-12 19:16:06 - [MESSAGE][PASSED] - Delayed 2 second(s)

2018-12-12 19:16:06 - [TEST_STEP][PASSED] - click: Object: 'Object Repository/Final Object Repo/New Registration - Registration Module Pages/Form 2/Socso Employment StartDate Year' is clicked on

2018-12-12 19:16:06 - [MESSAGE][PASSED] - Object: 'Object Repository/Final Object Repo/New Registration - Registration Module Pages/Form 2/Socso Employment StartDate Year' is clicked on

2018-12-12 19:16:06 - [TEST_STEP][PASSED] - delay: Delayed 1 second(s)

2018-12-12 19:16:07 - [MESSAGE][PASSED] - Delayed 1 second(s)

2018-12-12 19:16:07 - [TEST_STEP][PASSED] - click: Object: 'Object Repository/Final Object Repo/New Registration - Registration Module Pages/Form 2/Select Socso Employment Startdate Year' is clicked on

2018-12-12 19:16:07 - [MESSAGE][PASSED] - Object: 'Object Repository/Final Object Repo/New Registration - Registration Module Pages/Form 2/Select Socso Employment Startdate Year' is clicked on

2018-12-12 19:16:07 - [TEST_STEP][PASSED] - delay: Delayed 2 second(s)

2018-12-12 19:16:09 - [MESSAGE][PASSED] - Delayed 2 second(s)

2018-12-12 19:16:09 - [TEST_STEP][PASSED] - click: Object: 'Object Repository/Final Object Repo/New Registration - Registration Module Pages/Form 2/Socso Employment Start Date Day' is clicked on

2018-12-12 19:16:09 - [MESSAGE][PASSED] - Object: 'Object Repository/Final Object Repo/New Registration - Registration Module Pages/Form 2/Socso Employment Start Date Day' is clicked on

2018-12-12 19:16:09 - [TEST_STEP][PASSED] - delay: Delayed 2 second(s)

2018-12-12 19:16:11 - [MESSAGE][PASSED] - Delayed 2 second(s)

2018-12-12 19:16:11 - [TEST_STEP][PASSED] - click: Object: 'Object Repository/Final Object Repo/New Registration - Registration Module Pages/Form 2/Save Button for Add Employee' is clicked on

2018-12-12 19:16:11 - [MESSAGE][PASSED] - Object: 'Object Repository/Final Object Repo/New Registration - Registration Module Pages/Form 2/Save Button for Add Employee' is clicked on

2018-12-12 19:16:11 - [TEST_STEP][PASSED] - delay: Delayed 6 second(s)

2018-12-12 19:16:17 - [MESSAGE][PASSED] - Delayed 6 second(s)

2018-12-12 19:16:17 - [TEST_STEP][PASSED] - click: Object: 'Object Repository/Final Object Repo/New Registration - Registration Module Pages/Form 2/Save and Continue Form 2' is clicked on

2018-12-12 19:16:18 - [MESSAGE][PASSED] - Object: 'Object Repository/Final Object Repo/New Registration - Registration Module Pages/Form 2/Save and Continue Form 2' is clicked on

2018-12-12 19:16:18 - [MESSAGE][PASSED] - Call Test Case 'Test Cases/Final Aug 2018 - PKS Automation/Registration Module/New Registration/Form 2/Add 1 Eligible' successfully

2018-12-12 19:16:18 - [TEST_STEP][PASSED] - callTestCase: Call Test Case 'Test Cases/Final Aug 2018 - PKS Automation/Registration Module/New Registration/Flow of New Registration/Third Screen - Upload Supporting Doc - Preview' successfully

2018-12-12 19:16:18 - [TEST_CASE][PASSED] - Test Cases/Final Aug 2018 - PKS Automation/Registration Module/New Registration/Flow of New Registration/Third Screen - Upload Supporting Doc - Preview: Test Cases/Final Aug 2018 - PKS Automation/Registration Module/New Registration/Flow of New Registration/Third Screen - Upload Supporting Doc - Preview

2018-12-12 19:16:18 - [TEST_STEP][PASSED] - waitForPageLoad: Wait for page load successfully

2018-12-12 19:16:18 - [MESSAGE][PASSED] - Wait for page load successfully

2018-12-12 19:16:18 - [TEST_STEP][PASSED] - Statement - CaseReferenceNo = com.kms.katalon.core.webui.keyword.WebUiBuiltInKeywords.getText(com.kms.katalon.core.testobject.ObjectRepository.findTestObject(Final Object Repo/New Registration - Registration Module Pages/Third Screen - Upload Supporting Doc- Preview/RefNo Acquiring)): Text of object 'Object Repository/Final Object Repo/New Registration - Registration Module Pages/Third Screen - Upload Supporting Doc- Preview/RefNo Acquiring' is: 'CRN12201800123230'

2018-12-12 19:16:18 - [MESSAGE][PASSED] - Text of object 'Object Repository/Final Object Repo/New Registration - Registration Module Pages/Third Screen - Upload Supporting Doc- Preview/RefNo Acquiring' is: 'CRN12201800123230'

2018-12-12 19:16:18 - [TEST_STEP][PASSED] - delay: Delayed 2 second(s)

2018-12-12 19:16:20 - [MESSAGE][PASSED] - Delayed 2 second(s)

2018-12-12 19:16:20 - [TEST_STEP][PASSED] - callTestCase: Call Test Case 'Test Cases/Final Aug 2018 - PKS Automation/Common/Reference Number Setter' successfully

2018-12-12 19:16:21 - [TEST_CASE][PASSED] - Test Cases/Final Aug 2018 - PKS Automation/Common/Reference Number Setter: Test Cases/Final Aug 2018 - PKS Automation/Common/Reference Number Setter

2018-12-12 19:16:21 - [TEST_STEP][PASSED] - Statement - RefNoOldFile = new java.io.File(C://Users//Admin//Desktop//PKS//Automation Reference Point//KatalonReference.txt): null

2018-12-12 19:16:21 - [TEST_STEP][PASSED] - Statement - RefNoOldFile.delete(): null

2018-12-12 19:16:21 - [TEST_STEP][PASSED] - delay: Delayed 5 second(s)

2018-12-12 19:16:26 - [MESSAGE][PASSED] - Delayed 5 second(s)

2018-12-12 19:16:26 - [TEST_STEP][PASSED] - Statement - RefNo = new java.io.File(C://Users//Admin//Desktop//PKS//Automation Reference Point//KatalonReference.txt): null

2018-12-12 19:16:26 - [TEST_STEP][PASSED] - Statement - f2 = new java.io.FileWriter(RefNo, false): null

2018-12-12 19:16:26 - [TEST_STEP][PASSED] - Statement - f2.write(CaseReferenceNo): null

2018-12-12 19:16:26 - [TEST_STEP][PASSED] - Statement - f2.close(): null

2018-12-12 19:16:26 - [TEST_STEP][PASSED] - Statement - out.println("


" + CaseReferenceNo + "


"): null

2018-12-12 19:16:26 - [MESSAGE][PASSED] - Call Test Case 'Test Cases/Final Aug 2018 - PKS Automation/Common/Reference Number Setter' successfully

2018-12-12 19:16:26 - [TEST_STEP][PASSED] - waitForElementClickable: Object 'Object Repository/Final Object Repo/New Registration - Registration Module Pages/Third Screen - Upload Supporting Doc- Preview/Save n Continue in SIP Employee Listing Page' is clickable

2018-12-12 19:16:26 - [MESSAGE][PASSED] - Object 'Object Repository/Final Object Repo/New Registration - Registration Module Pages/Third Screen - Upload Supporting Doc- Preview/Save n Continue in SIP Employee Listing Page' is clickable

2018-12-12 19:16:26 - [TEST_STEP][PASSED] - click: Object: 'Object Repository/Final Object Repo/New Registration - Registration Module Pages/Third Screen - Upload Supporting Doc- Preview/Save n Continue in SIP Employee Listing Page' is clicked on

2018-12-12 19:16:31 - [MESSAGE][PASSED] - Object: 'Object Repository/Final Object Repo/New Registration - Registration Module Pages/Third Screen - Upload Supporting Doc- Preview/Save n Continue in SIP Employee Listing Page' is clicked on

2018-12-12 19:16:31 - [TEST_STEP][PASSED] - delay: Delayed 7 second(s)

2018-12-12 19:16:38 - [MESSAGE][PASSED] - Delayed 7 second(s)

2018-12-12 19:16:38 - [TEST_STEP][PASSED] - click: Object: 'Object Repository/Final Object Repo/New Registration - Registration Module Pages/Third Screen - Upload Supporting Doc- Preview/Add Document Button' is clicked on

2018-12-12 19:16:38 - [MESSAGE][PASSED] - Object: 'Object Repository/Final Object Repo/New Registration - Registration Module Pages/Third Screen - Upload Supporting Doc- Preview/Add Document Button' is clicked on

2018-12-12 19:16:38 - [TEST_STEP][PASSED] - delay: Delayed 30 second(s)

2018-12-12 19:17:08 - [MESSAGE][PASSED] - Delayed 30 second(s)

2018-12-12 19:17:08 - [TEST_STEP][PASSED] - click: Object: 'Object Repository/Final Object Repo/New Registration - Registration Module Pages/Third Screen - Upload Supporting Doc- Preview/Supporting Doc Please Select Drop Down' is clicked on

2018-12-12 19:17:09 - [MESSAGE][PASSED] - Object: 'Object Repository/Final Object Repo/New Registration - Registration Module Pages/Third Screen - Upload Supporting Doc- Preview/Supporting Doc Please Select Drop Down' is clicked on

2018-12-12 19:17:09 - [TEST_STEP][PASSED] - delay: Delayed 2 second(s)

2018-12-12 19:17:11 - [MESSAGE][PASSED] - Delayed 2 second(s)

2018-12-12 19:17:11 - [TEST_STEP][PASSED] - click: Object: 'Object Repository/Final Object Repo/New Registration - Registration Module Pages/Third Screen - Upload Supporting Doc- Preview/Select to Upload Form 1' is clicked on

2018-12-12 19:17:11 - [MESSAGE][PASSED] - Object: 'Object Repository/Final Object Repo/New Registration - Registration Module Pages/Third Screen - Upload Supporting Doc- Preview/Select to Upload Form 1' is clicked on

2018-12-12 19:17:11 - [TEST_STEP][PASSED] - delay: Delayed 2 second(s)

2018-12-12 19:17:13 - [MESSAGE][PASSED] - Delayed 2 second(s)

2018-12-12 19:17:13 - [TEST_STEP][PASSED] - uploadFile: File 'C:\Users\Public\Pictures\Sample Pictures\Koala.jpg' sent to object: 'Object Repository/Final Object Repo/New Registration - Registration Module Pages/Third Screen - Upload Supporting Doc- Preview/Upload File Adding'

2018-12-12 19:17:13 - [MESSAGE][PASSED] - File 'C:\Users\Public\Pictures\Sample Pictures\Koala.jpg' sent to object: 'Object Repository/Final Object Repo/New Registration - Registration Module Pages/Third Screen - Upload Supporting Doc- Preview/Upload File Adding'

2018-12-12 19:17:13 - [TEST_STEP][PASSED] - delay: Delayed 5 second(s)

2018-12-12 19:17:18 - [MESSAGE][PASSED] - Delayed 5 second(s)

2018-12-12 19:17:18 - [TEST_STEP][PASSED] - click: Object: 'Object Repository/Final Object Repo/New Registration - Registration Module Pages/Third Screen - Upload Supporting Doc- Preview/Inner Form Add Document Button' is clicked on

2018-12-12 19:17:18 - [MESSAGE][PASSED] - Object: 'Object Repository/Final Object Repo/New Registration - Registration Module Pages/Third Screen - Upload Supporting Doc- Preview/Inner Form Add Document Button' is clicked on

2018-12-12 19:17:18 - [TEST_STEP][PASSED] - delay: Delayed 3 second(s)

2018-12-12 19:17:21 - [MESSAGE][PASSED] - Delayed 3 second(s)

2018-12-12 19:17:21 - [TEST_STEP][PASSED] - click: Object: 'Object Repository/Final Object Repo/New Registration - Registration Module Pages/Third Screen - Upload Supporting Doc- Preview/Add Document Button' is clicked on

2018-12-12 19:17:23 - [MESSAGE][PASSED] - Object: 'Object Repository/Final Object Repo/New Registration - Registration Module Pages/Third Screen - Upload Supporting Doc- Preview/Add Document Button' is clicked on

2018-12-12 19:17:23 - [TEST_STEP][PASSED] - delay: Delayed 30 second(s)

2018-12-12 19:17:53 - [MESSAGE][PASSED] - Delayed 30 second(s)

2018-12-12 19:17:53 - [TEST_STEP][PASSED] - click: Object: 'Object Repository/Final Object Repo/New Registration - Registration Module Pages/Third Screen - Upload Supporting Doc- Preview/Supporting Doc Please Select Drop Down' is clicked on

2018-12-12 19:17:53 - [MESSAGE][PASSED] - Object: 'Object Repository/Final Object Repo/New Registration - Registration Module Pages/Third Screen - Upload Supporting Doc- Preview/Supporting Doc Please Select Drop Down' is clicked on

2018-12-12 19:17:53 - [TEST_STEP][PASSED] - delay: Delayed 4 second(s)

2018-12-12 19:17:57 - [MESSAGE][PASSED] - Delayed 4 second(s)

2018-12-12 19:17:57 - [TEST_STEP][PASSED] - click: Object: 'Object Repository/Final Object Repo/New Registration - Registration Module Pages/Third Screen - Upload Supporting Doc- Preview/Select to Upload Form 2' is clicked on

2018-12-12 19:17:57 - [MESSAGE][PASSED] - Object: 'Object Repository/Final Object Repo/New Registration - Registration Module Pages/Third Screen - Upload Supporting Doc- Preview/Select to Upload Form 2' is clicked on

2018-12-12 19:17:57 - [TEST_STEP][PASSED] - delay: Delayed 2 second(s)

2018-12-12 19:17:59 - [MESSAGE][PASSED] - Delayed 2 second(s)

2018-12-12 19:17:59 - [TEST_STEP][PASSED] - uploadFile: File 'C:\Users\Public\Pictures\Sample Pictures\Koala.jpg' sent to object: 'Object Repository/Final Object Repo/New Registration - Registration Module Pages/Third Screen - Upload Supporting Doc- Preview/Upload File Adding'

2018-12-12 19:17:59 - [MESSAGE][PASSED] - File 'C:\Users\Public\Pictures\Sample Pictures\Koala.jpg' sent to object: 'Object Repository/Final Object Repo/New Registration - Registration Module Pages/Third Screen - Upload Supporting Doc- Preview/Upload File Adding'

2018-12-12 19:17:59 - [TEST_STEP][PASSED] - click: Object: 'Object Repository/Final Object Repo/New Registration - Registration Module Pages/Third Screen - Upload Supporting Doc- Preview/Inner Form Add Document Button' is clicked on

2018-12-12 19:17:59 - [MESSAGE][PASSED] - Object: 'Object Repository/Final Object Repo/New Registration - Registration Module Pages/Third Screen - Upload Supporting Doc- Preview/Inner Form Add Document Button' is clicked on

2018-12-12 19:17:59 - [TEST_STEP][PASSED] - delay: Delayed 5 second(s)

2018-12-12 19:18:04 - [MESSAGE][PASSED] - Delayed 5 second(s)

2018-12-12 19:18:04 - [TEST_STEP][PASSED] - click: Object: 'Object Repository/Final Object Repo/New Registration - Registration Module Pages/Third Screen - Upload Supporting Doc- Preview/Add Document Button' is clicked on

2018-12-12 19:18:04 - [MESSAGE][PASSED] - Object: 'Object Repository/Final Object Repo/New Registration - Registration Module Pages/Third Screen - Upload Supporting Doc- Preview/Add Document Button' is clicked on

2018-12-12 19:18:04 - [TEST_STEP][PASSED] - delay: Delayed 30 second(s)

2018-12-12 19:18:34 - [MESSAGE][PASSED] - Delayed 30 second(s)

2018-12-12 19:18:34 - [TEST_STEP][PASSED] - click: Object: 'Object Repository/Final Object Repo/New Registration - Registration Module Pages/Third Screen - Upload Supporting Doc- Preview/Supporting Doc Please Select Drop Down' is clicked on

2018-12-12 19:18:35 - [MESSAGE][PASSED] - Object: 'Object Repository/Final Object Repo/New Registration - Registration Module Pages/Third Screen - Upload Supporting Doc- Preview/Supporting Doc Please Select Drop Down' is clicked on

2018-12-12 19:18:35 - [TEST_STEP][PASSED] - click: Object: 'Object Repository/Final Object Repo/New Registration - Registration Module Pages/Third Screen - Upload Supporting Doc- Preview/Select to Upload Borang SIP 1' is clicked on

2018-12-12 19:18:35 - [MESSAGE][PASSED] - Object: 'Object Repository/Final Object Repo/New Registration - Registration Module Pages/Third Screen - Upload Supporting Doc- Preview/Select to Upload Borang SIP 1' is clicked on

2018-12-12 19:18:35 - [TEST_STEP][PASSED] - delay: Delayed 2 second(s)

2018-12-12 19:18:37 - [MESSAGE][PASSED] - Delayed 2 second(s)

2018-12-12 19:18:37 - [TEST_STEP][PASSED] - uploadFile: File 'C:\Users\Public\Pictures\Sample Pictures\Koala.jpg' sent to object: 'Object Repository/Final Object Repo/New Registration - Registration Module Pages/Third Screen - Upload Supporting Doc- Preview/Upload File Adding'

2018-12-12 19:18:37 - [MESSAGE][PASSED] - File 'C:\Users\Public\Pictures\Sample Pictures\Koala.jpg' sent to object: 'Object Repository/Final Object Repo/New Registration - Registration Module Pages/Third Screen - Upload Supporting Doc- Preview/Upload File Adding'

2018-12-12 19:18:37 - [TEST_STEP][PASSED] - click: Object: 'Object Repository/Final Object Repo/New Registration - Registration Module Pages/Third Screen - Upload Supporting Doc- Preview/Inner Form Add Document Button' is clicked on

2018-12-12 19:18:37 - [MESSAGE][PASSED] - Object: 'Object Repository/Final Object Repo/New Registration - Registration Module Pages/Third Screen - Upload Supporting Doc- Preview/Inner Form Add Document Button' is clicked on

2018-12-12 19:18:37 - [TEST_STEP][PASSED] - delay: Delayed 5 second(s)

2018-12-12 19:18:42 - [MESSAGE][PASSED] - Delayed 5 second(s)

2018-12-12 19:18:42 - [TEST_STEP][PASSED] - click: Object: 'Object Repository/Final Object Repo/New Registration - Registration Module Pages/Third Screen - Upload Supporting Doc- Preview/Add Document Button' is clicked on

2018-12-12 19:18:42 - [MESSAGE][PASSED] - Object: 'Object Repository/Final Object Repo/New Registration - Registration Module Pages/Third Screen - Upload Supporting Doc- Preview/Add Document Button' is clicked on

2018-12-12 19:18:42 - [TEST_STEP][PASSED] - delay: Delayed 30 second(s)

2018-12-12 19:19:12 - [MESSAGE][PASSED] - Delayed 30 second(s)

2018-12-12 19:19:12 - [TEST_STEP][PASSED] - click: Object: 'Object Repository/Final Object Repo/New Registration - Registration Module Pages/Third Screen - Upload Supporting Doc- Preview/Supporting Doc Please Select Drop Down' is clicked on

2018-12-12 19:19:12 - [MESSAGE][PASSED] - Object: 'Object Repository/Final Object Repo/New Registration - Registration Module Pages/Third Screen - Upload Supporting Doc- Preview/Supporting Doc Please Select Drop Down' is clicked on

2018-12-12 19:19:12 - [TEST_STEP][PASSED] - delay: Delayed 3 second(s)

2018-12-12 19:19:15 - [MESSAGE][PASSED] - Delayed 3 second(s)

2018-12-12 19:19:15 - [TEST_STEP][PASSED] - click: Object: 'Object Repository/Final Object Repo/New Registration - Registration Module Pages/Third Screen - Upload Supporting Doc- Preview/Select to Upload Borang SIP 2' is clicked on

2018-12-12 19:19:16 - [MESSAGE][PASSED] - Object: 'Object Repository/Final Object Repo/New Registration - Registration Module Pages/Third Screen - Upload Supporting Doc- Preview/Select to Upload Borang SIP 2' is clicked on

2018-12-12 19:19:16 - [TEST_STEP][PASSED] - delay: Delayed 2 second(s)

2018-12-12 19:19:18 - [MESSAGE][PASSED] - Delayed 2 second(s)

2018-12-12 19:19:18 - [TEST_STEP][PASSED] - uploadFile: File 'C:\Users\Public\Pictures\Sample Pictures\Koala.jpg' sent to object: 'Object Repository/Final Object Repo/New Registration - Registration Module Pages/Third Screen - Upload Supporting Doc- Preview/Upload File Adding'

2018-12-12 19:19:18 - [MESSAGE][PASSED] - File 'C:\Users\Public\Pictures\Sample Pictures\Koala.jpg' sent to object: 'Object Repository/Final Object Repo/New Registration - Registration Module Pages/Third Screen - Upload Supporting Doc- Preview/Upload File Adding'

2018-12-12 19:19:18 - [TEST_STEP][PASSED] - delay: Delayed 5 second(s)

2018-12-12 19:19:23 - [MESSAGE][PASSED] - Delayed 5 second(s)

2018-12-12 19:19:23 - [TEST_STEP][PASSED] - click: Object: 'Object Repository/Final Object Repo/New Registration - Registration Module Pages/Third Screen - Upload Supporting Doc- Preview/Inner Form Add Document Button' is clicked on

2018-12-12 19:19:23 - [MESSAGE][PASSED] - Object: 'Object Repository/Final Object Repo/New Registration - Registration Module Pages/Third Screen - Upload Supporting Doc- Preview/Inner Form Add Document Button' is clicked on

2018-12-12 19:19:23 - [TEST_STEP][PASSED] - delay: Delayed 3 second(s)

2018-12-12 19:19:26 - [MESSAGE][PASSED] - Delayed 3 second(s)

2018-12-12 19:19:26 - [TEST_STEP][PASSED] - waitForElementClickable: Object 'Object Repository/Final Object Repo/New Registration - Registration Module Pages/Third Screen - Upload Supporting Doc- Preview/Save n Continue in Uploading Supporting Doc Page' is clickable

2018-12-12 19:19:27 - [MESSAGE][PASSED] - Object 'Object Repository/Final Object Repo/New Registration - Registration Module Pages/Third Screen - Upload Supporting Doc- Preview/Save n Continue in Uploading Supporting Doc Page' is clickable

2018-12-12 19:19:27 - [TEST_STEP][PASSED] - click: Object: 'Object Repository/Final Object Repo/New Registration - Registration Module Pages/Third Screen - Upload Supporting Doc- Preview/Save n Continue in Uploading Supporting Doc Page' is clicked on

2018-12-12 19:19:27 - [MESSAGE][PASSED] - Object: 'Object Repository/Final Object Repo/New Registration - Registration Module Pages/Third Screen - Upload Supporting Doc- Preview/Save n Continue in Uploading Supporting Doc Page' is clicked on

2018-12-12 19:19:27 - [MESSAGE][PASSED] - Call Test Case 'Test Cases/Final Aug 2018 - PKS Automation/Registration Module/New Registration/Flow of New Registration/Third Screen - Upload Supporting Doc - Preview' successfully

2018-12-12 19:19:27 - [TEST_STEP][PASSED] - callTestCase: Call Test Case 'Test Cases/Final Aug 2018 - PKS Automation/Registration Module/New Registration/Submit and Screenshot/Submit Registration and Screenshot' successfully

2018-12-12 19:19:27 - [TEST_CASE][PASSED] - Test Cases/Final Aug 2018 - PKS Automation/Registration Module/New Registration/Submit and Screenshot/Submit Registration and Screenshot: Test Cases/Final Aug 2018 - PKS Automation/Registration Module/New Registration/Submit and Screenshot/Submit Registration and Screenshot

2018-12-12 19:19:27 - [TEST_STEP][PASSED] - delay: Delayed 6 second(s)

2018-12-12 19:19:33 - [MESSAGE][PASSED] - Delayed 6 second(s)

2018-12-12 19:19:33 - [TEST_STEP][PASSED] - click: Object: 'Object Repository/Final Object Repo/New Registration - Registration Module Pages/Third Screen - Upload Supporting Doc- Preview/Preview Submit Button' is clicked on

2018-12-12 19:19:33 - [MESSAGE][PASSED] - Object: 'Object Repository/Final Object Repo/New Registration - Registration Module Pages/Third Screen - Upload Supporting Doc- Preview/Preview Submit Button' is clicked on

2018-12-12 19:19:33 - [TEST_STEP][PASSED] - delay: Delayed 2 second(s)

2018-12-12 19:19:35 - [MESSAGE][PASSED] - Delayed 2 second(s)

2018-12-12 19:19:35 - [TEST_STEP][PASSED] - click: Object: 'Object Repository/Final Object Repo/New Registration - Registration Module Pages/Third Screen - Upload Supporting Doc- Preview/Preview Submit - Confirm' is clicked on

2018-12-12 19:19:35 - [MESSAGE][PASSED] - Object: 'Object Repository/Final Object Repo/New Registration - Registration Module Pages/Third Screen - Upload Supporting Doc- Preview/Preview Submit - Confirm' is clicked on

2018-12-12 19:19:35 - [TEST_STEP][PASSED] - delay: Delayed 15 second(s)

2018-12-12 19:19:50 - [MESSAGE][PASSED] - Delayed 15 second(s)

2018-12-12 19:19:50 - [TEST_STEP][PASSED] - Statement - driver = com.kms.katalon.core.webui.driver.DriverFactory.getWebDriver(): null

2018-12-12 19:19:50 - [TEST_STEP][PASSED] - Statement - driver.manage().timeouts().implicitlyWait(10, SECONDS): null

2018-12-12 19:19:50 - [TEST_STEP][PASSED] - Statement - PresavePath = KatalonScreenshots: null

2018-12-12 19:19:50 - [TEST_STEP][PASSED] - Statement - pathPrefix = "C:\Users\Public\Pictures\Sample Pictures\Katalon Screenshots\Automate Ending Screen": null

2018-12-12 19:19:50 - [TEST_STEP][PASSED] - Statement - finalPath = <not implemented yet for class: org.codehaus.groovy.ast.expr.EmptyExpression>: null

2018-12-12 19:19:50 - [TEST_STEP][PASSED] - Statement - scrFile = driver.getScreenshotAs(FILE): null

2018-12-12 19:19:51 - [TEST_STEP][PASSED] - Statement - PreSaveFile = new java.io.File(PresavePath): null

2018-12-12 19:19:51 - [TEST_STEP][PASSED] - Statement - counter = 0: null

2018-12-12 19:19:51 - [TEST_STEP][PASSED] - Statement - If (PreSaveFile.exists()): null

2018-12-12 19:19:51 - [TEST_STEP][PASSED] - Statement - While (PreSaveFile.exists()): null

2018-12-12 19:19:51 - [TEST_STEP][PASSED] - Statement - counter = counter + 1: null

2018-12-12 19:19:51 - [TEST_STEP][PASSED] - Statement - PreSaveFile = new java.io.File(((pathPrefix + java.lang.Integer.toString(counter)) + .png)): null

2018-12-12 19:19:51 - [TEST_STEP][PASSED] - Statement - counter = counter + 1: null

2018-12-12 19:19:51 - [TEST_STEP][PASSED] - Statement - PreSaveFile = new java.io.File(((pathPrefix + java.lang.Integer.toString(counter)) + .png)): null

2018-12-12 19:19:51 - [TEST_STEP][PASSED] - Statement - counter = counter + 1: null

2018-12-12 19:19:51 - [TEST_STEP][PASSED] - Statement - PreSaveFile = new java.io.File(((pathPrefix + java.lang.Integer.toString(counter)) + .png)): null

2018-12-12 19:19:51 - [TEST_STEP][PASSED] - Statement - counter = counter + 1: null

2018-12-12 19:19:51 - [TEST_STEP][PASSED] - Statement - PreSaveFile = new java.io.File(((pathPrefix + java.lang.Integer.toString(counter)) + .png)): null

2018-12-12 19:19:51 - [TEST_STEP][PASSED] - Statement - counter = counter + 1: null

2018-12-12 19:19:51 - [TEST_STEP][PASSED] - Statement - PreSaveFile = new java.io.File(((pathPrefix + java.lang.Integer.toString(counter)) + .png)): null

2018-12-12 19:19:51 - [TEST_STEP][PASSED] - Statement - counter = counter + 1: null

2018-12-12 19:19:51 - [TEST_STEP][PASSED] - Statement - PreSaveFile = new java.io.File(((pathPrefix + java.lang.Integer.toString(counter)) + .png)): null

2018-12-12 19:19:51 - [TEST_STEP][PASSED] - Statement - counter = counter + 1: null

2018-12-12 19:19:51 - [TEST_STEP][PASSED] - Statement - PreSaveFile = new java.io.File(((pathPrefix + java.lang.Integer.toString(counter)) + .png)): null

2018-12-12 19:19:51 - [TEST_STEP][PASSED] - Statement - counter = counter + 1: null

2018-12-12 19:19:51 - [TEST_STEP][PASSED] - Statement - PreSaveFile = new java.io.File(((pathPrefix + java.lang.Integer.toString(counter)) + .png)): null

2018-12-12 19:19:51 - [TEST_STEP][PASSED] - Statement - counter = counter + 1: null

2018-12-12 19:19:51 - [TEST_STEP][PASSED] - Statement - PreSaveFile = new java.io.File(((pathPrefix + java.lang.Integer.toString(counter)) + .png)): null

2018-12-12 19:19:51 - [TEST_STEP][PASSED] - Statement - counter = counter + 1: null

2018-12-12 19:19:51 - [TEST_STEP][PASSED] - Statement - PreSaveFile = new java.io.File(((pathPrefix + java.lang.Integer.toString(counter)) + .png)): null

2018-12-12 19:19:51 - [TEST_STEP][PASSED] - Statement - counter = counter + 1: null

2018-12-12 19:19:51 - [TEST_STEP][PASSED] - Statement - PreSaveFile = new java.io.File(((pathPrefix + java.lang.Integer.toString(counter)) + .png)): null

2018-12-12 19:19:51 - [TEST_STEP][PASSED] - Statement - counter = counter + 1: null

2018-12-12 19:19:51 - [TEST_STEP][PASSED] - Statement - PreSaveFile = new java.io.File(((pathPrefix + java.lang.Integer.toString(counter)) + .png)): null

2018-12-12 19:19:51 - [TEST_STEP][PASSED] - Statement - counter = counter + 1: null

2018-12-12 19:19:51 - [TEST_STEP][PASSED] - Statement - PreSaveFile = new java.io.File(((pathPrefix + java.lang.Integer.toString(counter)) + .png)): null

2018-12-12 19:19:51 - [TEST_STEP][PASSED] - Statement - counter = counter + 1: null

2018-12-12 19:19:51 - [TEST_STEP][PASSED] - Statement - PreSaveFile = new java.io.File(((pathPrefix + java.lang.Integer.toString(counter)) + .png)): null

2018-12-12 19:19:51 - [TEST_STEP][PASSED] - Statement - counter = counter + 1: null

2018-12-12 19:19:51 - [TEST_STEP][PASSED] - Statement - PreSaveFile = new java.io.File(((pathPrefix + java.lang.Integer.toString(counter)) + .png)): null

2018-12-12 19:19:51 - [TEST_STEP][PASSED] - Statement - counter = counter + 1: null

2018-12-12 19:19:51 - [TEST_STEP][PASSED] - Statement - PreSaveFile = new java.io.File(((pathPrefix + java.lang.Integer.toString(counter)) + .png)): null

2018-12-12 19:19:51 - [TEST_STEP][PASSED] - Statement - counter = counter + 1: null

2018-12-12 19:19:51 - [TEST_STEP][PASSED] - Statement - PreSaveFile = new java.io.File(((pathPrefix + java.lang.Integer.toString(counter)) + .png)): null

2018-12-12 19:19:51 - [TEST_STEP][PASSED] - Statement - counter = counter + 1: null

2018-12-12 19:19:51 - [TEST_STEP][PASSED] - Statement - PreSaveFile = new java.io.File(((pathPrefix + java.lang.Integer.toString(counter)) + .png)): null

2018-12-12 19:19:51 - [TEST_STEP][PASSED] - Statement - counter = counter + 1: null

2018-12-12 19:19:51 - [TEST_STEP][PASSED] - Statement - PreSaveFile = new java.io.File(((pathPrefix + java.lang.Integer.toString(counter)) + .png)): null

2018-12-12 19:19:51 - [TEST_STEP][PASSED] - Statement - counter = counter + 1: null

2018-12-12 19:19:51 - [TEST_STEP][PASSED] - Statement - PreSaveFile = new java.io.File(((pathPrefix + java.lang.Integer.toString(counter)) + .png)): null

2018-12-12 19:19:51 - [TEST_STEP][PASSED] - Statement - counter = counter + 1: null

2018-12-12 19:19:51 - [TEST_STEP][PASSED] - Statement - PreSaveFile = new java.io.File(((pathPrefix + java.lang.Integer.toString(counter)) + .png)): null

2018-12-12 19:19:51 - [TEST_STEP][PASSED] - Statement - counter = counter + 1: null

2018-12-12 19:19:51 - [TEST_STEP][PASSED] - Statement - PreSaveFile = new java.io.File(((pathPrefix + java.lang.Integer.toString(counter)) + .png)): null

2018-12-12 19:19:51 - [TEST_STEP][PASSED] - Statement - counter = counter + 1: null

2018-12-12 19:19:51 - [TEST_STEP][PASSED] - Statement - PreSaveFile = new java.io.File(((pathPrefix + java.lang.Integer.toString(counter)) + .png)): null

2018-12-12 19:19:51 - [TEST_STEP][PASSED] - Statement - counter = counter + 1: null

2018-12-12 19:19:51 - [TEST_STEP][PASSED] - Statement - PreSaveFile = new java.io.File(((pathPrefix + java.lang.Integer.toString(counter)) + .png)): null

2018-12-12 19:19:51 - [TEST_STEP][PASSED] - Statement - counter = counter + 1: null

2018-12-12 19:19:51 - [TEST_STEP][PASSED] - Statement - PreSaveFile = new java.io.File(((pathPrefix + java.lang.Integer.toString(counter)) + .png)): null

2018-12-12 19:19:51 - [TEST_STEP][PASSED] - Statement - counter = counter + 1: null

2018-12-12 19:19:51 - [TEST_STEP][PASSED] - Statement - PreSaveFile = new java.io.File(((pathPrefix + java.lang.Integer.toString(counter)) + .png)): null

2018-12-12 19:19:51 - [TEST_STEP][PASSED] - Statement - counter = counter + 1: null

2018-12-12 19:19:51 - [TEST_STEP][PASSED] - Statement - PreSaveFile = new java.io.File(((pathPrefix + java.lang.Integer.toString(counter)) + .png)): null

2018-12-12 19:19:51 - [TEST_STEP][PASSED] - Statement - counter = counter + 1: null

2018-12-12 19:19:51 - [TEST_STEP][PASSED] - Statement - PreSaveFile = new java.io.File(((pathPrefix + java.lang.Integer.toString(counter)) + .png)): null

2018-12-12 19:19:51 - [TEST_STEP][PASSED] - Statement - counter = counter + 1: null

2018-12-12 19:19:51 - [TEST_STEP][PASSED] - Statement - PreSaveFile = new java.io.File(((pathPrefix + java.lang.Integer.toString(counter)) + .png)): null

2018-12-12 19:19:51 - [TEST_STEP][PASSED] - Statement - counter = counter + 1: null

2018-12-12 19:19:51 - [TEST_STEP][PASSED] - Statement - PreSaveFile = new java.io.File(((pathPrefix + java.lang.Integer.toString(counter)) + .png)): null

2018-12-12 19:19:51 - [TEST_STEP][PASSED] - Statement - counter = counter + 1: null

2018-12-12 19:19:51 - [TEST_STEP][PASSED] - Statement - PreSaveFile = new java.io.File(((pathPrefix + java.lang.Integer.toString(counter)) + .png)): null

2018-12-12 19:19:51 - [TEST_STEP][PASSED] - Statement - counter = counter + 1: null

2018-12-12 19:19:51 - [TEST_STEP][PASSED] - Statement - PreSaveFile = new java.io.File(((pathPrefix + java.lang.Integer.toString(counter)) + .png)): null

2018-12-12 19:19:51 - [TEST_STEP][PASSED] - Statement - counter = counter + 1: null

2018-12-12 19:19:51 - [TEST_STEP][PASSED] - Statement - PreSaveFile = new java.io.File(((pathPrefix + java.lang.Integer.toString(counter)) + .png)): null

2018-12-12 19:19:51 - [TEST_STEP][PASSED] - Statement - counter = counter + 1: null

2018-12-12 19:19:51 - [TEST_STEP][PASSED] - Statement - PreSaveFile = new java.io.File(((pathPrefix + java.lang.Integer.toString(counter)) + .png)): null

2018-12-12 19:19:51 - [TEST_STEP][PASSED] - Statement - counter = counter + 1: null

2018-12-12 19:19:51 - [TEST_STEP][PASSED] - Statement - PreSaveFile = new java.io.File(((pathPrefix + java.lang.Integer.toString(counter)) + .png)): null

2018-12-12 19:19:51 - [TEST_STEP][PASSED] - Statement - counter = counter + 1: null

2018-12-12 19:19:51 - [TEST_STEP][PASSED] - Statement - PreSaveFile = new java.io.File(((pathPrefix + java.lang.Integer.toString(counter)) + .png)): null

2018-12-12 19:19:51 - [TEST_STEP][PASSED] - Statement - counter = counter + 1: null

2018-12-12 19:19:51 - [TEST_STEP][PASSED] - Statement - PreSaveFile = new java.io.File(((pathPrefix + java.lang.Integer.toString(counter)) + .png)): null

2018-12-12 19:19:51 - [TEST_STEP][PASSED] - Statement - counter = counter + 1: null

2018-12-12 19:19:51 - [TEST_STEP][PASSED] - Statement - PreSaveFile = new java.io.File(((pathPrefix + java.lang.Integer.toString(counter)) + .png)): null

2018-12-12 19:19:51 - [TEST_STEP][PASSED] - Statement - counter = counter + 1: null

2018-12-12 19:19:51 - [TEST_STEP][PASSED] - Statement - PreSaveFile = new java.io.File(((pathPrefix + java.lang.Integer.toString(counter)) + .png)): null

2018-12-12 19:19:51 - [TEST_STEP][PASSED] - Statement - counter = counter + 1: null

2018-12-12 19:19:51 - [TEST_STEP][PASSED] - Statement - PreSaveFile = new java.io.File(((pathPrefix + java.lang.Integer.toString(counter)) + .png)): null

2018-12-12 19:19:51 - [TEST_STEP][PASSED] - Statement - counter = counter + 1: null

2018-12-12 19:19:51 - [TEST_STEP][PASSED] - Statement - PreSaveFile = new java.io.File(((pathPrefix + java.lang.Integer.toString(counter)) + .png)): null

2018-12-12 19:19:51 - [TEST_STEP][PASSED] - Statement - counter = counter + 1: null

2018-12-12 19:19:51 - [TEST_STEP][PASSED] - Statement - PreSaveFile = new java.io.File(((pathPrefix + java.lang.Integer.toString(counter)) + .png)): null

2018-12-12 19:19:51 - [TEST_STEP][PASSED] - Statement - counter = counter + 1: null

2018-12-12 19:19:51 - [TEST_STEP][PASSED] - Statement - PreSaveFile = new java.io.File(((pathPrefix + java.lang.Integer.toString(counter)) + .png)): null

2018-12-12 19:19:51 - [TEST_STEP][PASSED] - Statement - counter = counter + 1: null

2018-12-12 19:19:51 - [TEST_STEP][PASSED] - Statement - PreSaveFile = new java.io.File(((pathPrefix + java.lang.Integer.toString(counter)) + .png)): null

2018-12-12 19:19:51 - [TEST_STEP][PASSED] - Statement - counter = counter + 1: null

2018-12-12 19:19:51 - [TEST_STEP][PASSED] - Statement - PreSaveFile = new java.io.File(((pathPrefix + java.lang.Integer.toString(counter)) + .png)): null

2018-12-12 19:19:51 - [TEST_STEP][PASSED] - Statement - counter = counter + 1: null

2018-12-12 19:19:51 - [TEST_STEP][PASSED] - Statement - PreSaveFile = new java.io.File(((pathPrefix + java.lang.Integer.toString(counter)) + .png)): null

2018-12-12 19:19:51 - [TEST_STEP][PASSED] - Statement - counter = counter + 1: null

2018-12-12 19:19:51 - [TEST_STEP][PASSED] - Statement - PreSaveFile = new java.io.File(((pathPrefix + java.lang.Integer.toString(counter)) + .png)): null

2018-12-12 19:19:51 - [TEST_STEP][PASSED] - Statement - counter = counter + 1: null

2018-12-12 19:19:51 - [TEST_STEP][PASSED] - Statement - PreSaveFile = new java.io.File(((pathPrefix + java.lang.Integer.toString(counter)) + .png)): null

2018-12-12 19:19:51 - [TEST_STEP][PASSED] - Statement - counter = counter + 1: null

2018-12-12 19:19:51 - [TEST_STEP][PASSED] - Statement - PreSaveFile = new java.io.File(((pathPrefix + java.lang.Integer.toString(counter)) + .png)): null

2018-12-12 19:19:51 - [TEST_STEP][PASSED] - Statement - counter = counter + 1: null

2018-12-12 19:19:51 - [TEST_STEP][PASSED] - Statement - PreSaveFile = new java.io.File(((pathPrefix + java.lang.Integer.toString(counter)) + .png)): null

2018-12-12 19:19:51 - [TEST_STEP][PASSED] - Statement - counter = counter + 1: null

2018-12-12 19:19:51 - [TEST_STEP][PASSED] - Statement - PreSaveFile = new java.io.File(((pathPrefix + java.lang.Integer.toString(counter)) + .png)): null

2018-12-12 19:19:51 - [TEST_STEP][PASSED] - Statement - counter = counter + 1: null

2018-12-12 19:19:51 - [TEST_STEP][PASSED] - Statement - PreSaveFile = new java.io.File(((pathPrefix + java.lang.Integer.toString(counter)) + .png)): null

2018-12-12 19:19:51 - [TEST_STEP][PASSED] - Statement - counter = counter + 1: null

2018-12-12 19:19:51 - [TEST_STEP][PASSED] - Statement - PreSaveFile = new java.io.File(((pathPrefix + java.lang.Integer.toString(counter)) + .png)): null

2018-12-12 19:19:51 - [TEST_STEP][PASSED] - Statement - counter = counter + 1: null

2018-12-12 19:19:51 - [TEST_STEP][PASSED] - Statement - PreSaveFile = new java.io.File(((pathPrefix + java.lang.Integer.toString(counter)) + .png)): null

2018-12-12 19:19:51 - [TEST_STEP][PASSED] - Statement - counter = counter + 1: null

2018-12-12 19:19:51 - [TEST_STEP][PASSED] - Statement - PreSaveFile = new java.io.File(((pathPrefix + java.lang.Integer.toString(counter)) + .png)): null

2018-12-12 19:19:51 - [TEST_STEP][PASSED] - Statement - counter = counter + 1: null

2018-12-12 19:19:51 - [TEST_STEP][PASSED] - Statement - PreSaveFile = new java.io.File(((pathPrefix + java.lang.Integer.toString(counter)) + .png)): null

2018-12-12 19:19:51 - [TEST_STEP][PASSED] - Statement - counter = counter + 1: null

2018-12-12 19:19:51 - [TEST_STEP][PASSED] - Statement - PreSaveFile = new java.io.File(((pathPrefix + java.lang.Integer.toString(counter)) + .png)): null

2018-12-12 19:19:51 - [TEST_STEP][PASSED] - Statement - counter = counter + 1: null

2018-12-12 19:19:51 - [TEST_STEP][PASSED] - Statement - PreSaveFile = new java.io.File(((pathPrefix + java.lang.Integer.toString(counter)) + .png)): null

2018-12-12 19:19:51 - [TEST_STEP][PASSED] - Statement - counter = counter + 1: null

2018-12-12 19:19:51 - [TEST_STEP][PASSED] - Statement - PreSaveFile = new java.io.File(((pathPrefix + java.lang.Integer.toString(counter)) + .png)): null

2018-12-12 19:19:51 - [TEST_STEP][PASSED] - Statement - counter = counter + 1: null

2018-12-12 19:19:51 - [TEST_STEP][PASSED] - Statement - PreSaveFile = new java.io.File(((pathPrefix + java.lang.Integer.toString(counter)) + .png)): null

2018-12-12 19:19:51 - [TEST_STEP][PASSED] - Statement - counter = counter + 1: null

2018-12-12 19:19:51 - [TEST_STEP][PASSED] - Statement - PreSaveFile = new java.io.File(((pathPrefix + java.lang.Integer.toString(counter)) + .png)): null

2018-12-12 19:19:51 - [TEST_STEP][PASSED] - Statement - counter = counter + 1: null

2018-12-12 19:19:51 - [TEST_STEP][PASSED] - Statement - PreSaveFile = new java.io.File(((pathPrefix + java.lang.Integer.toString(counter)) + .png)): null

2018-12-12 19:19:51 - [TEST_STEP][PASSED] - Statement - counter = counter + 1: null

2018-12-12 19:19:51 - [TEST_STEP][PASSED] - Statement - PreSaveFile = new java.io.File(((pathPrefix + java.lang.Integer.toString(counter)) + .png)): null

2018-12-12 19:19:51 - [TEST_STEP][PASSED] - Statement - counter = counter + 1: null

2018-12-12 19:19:51 - [TEST_STEP][PASSED] - Statement - PreSaveFile = new java.io.File(((pathPrefix + java.lang.Integer.toString(counter)) + .png)): null

2018-12-12 19:19:51 - [TEST_STEP][PASSED] - Statement - counter = counter + 1: null

2018-12-12 19:19:51 - [TEST_STEP][PASSED] - Statement - PreSaveFile = new java.io.File(((pathPrefix + java.lang.Integer.toString(counter)) + .png)): null

2018-12-12 19:19:51 - [TEST_STEP][PASSED] - Statement - counter = counter + 1: null

2018-12-12 19:19:51 - [TEST_STEP][PASSED] - Statement - PreSaveFile = new java.io.File(((pathPrefix + java.lang.Integer.toString(counter)) + .png)): null

2018-12-12 19:19:51 - [TEST_STEP][PASSED] - Statement - counter = counter + 1: null

2018-12-12 19:19:51 - [TEST_STEP][PASSED] - Statement - PreSaveFile = new java.io.File(((pathPrefix + java.lang.Integer.toString(counter)) + .png)): null

2018-12-12 19:19:51 - [TEST_STEP][PASSED] - Statement - counter = counter + 1: null

2018-12-12 19:19:51 - [TEST_STEP][PASSED] - Statement - PreSaveFile = new java.io.File(((pathPrefix + java.lang.Integer.toString(counter)) + .png)): null

2018-12-12 19:19:51 - [TEST_STEP][PASSED] - Statement - counter = counter + 1: null

2018-12-12 19:19:51 - [TEST_STEP][PASSED] - Statement - PreSaveFile = new java.io.File(((pathPrefix + java.lang.Integer.toString(counter)) + .png)): null

2018-12-12 19:19:51 - [TEST_STEP][PASSED] - Statement - counter = counter + 1: null

2018-12-12 19:19:51 - [TEST_STEP][PASSED] - Statement - PreSaveFile = new java.io.File(((pathPrefix + java.lang.Integer.toString(counter)) + .png)): null

2018-12-12 19:19:51 - [TEST_STEP][PASSED] - Statement - counter = counter + 1: null

2018-12-12 19:19:51 - [TEST_STEP][PASSED] - Statement - PreSaveFile = new java.io.File(((pathPrefix + java.lang.Integer.toString(counter)) + .png)): null

2018-12-12 19:19:51 - [TEST_STEP][PASSED] - Statement - counter = counter + 1: null

2018-12-12 19:19:51 - [TEST_STEP][PASSED] - Statement - PreSaveFile = new java.io.File(((pathPrefix + java.lang.Integer.toString(counter)) + .png)): null

2018-12-12 19:19:51 - [TEST_STEP][PASSED] - Statement - counter = counter + 1: null

2018-12-12 19:19:51 - [TEST_STEP][PASSED] - Statement - PreSaveFile = new java.io.File(((pathPrefix + java.lang.Integer.toString(counter)) + .png)): null

2018-12-12 19:19:51 - [TEST_STEP][PASSED] - Statement - counter = counter + 1: null

2018-12-12 19:19:51 - [TEST_STEP][PASSED] - Statement - PreSaveFile = new java.io.File(((pathPrefix + java.lang.Integer.toString(counter)) + .png)): null

2018-12-12 19:19:51 - [TEST_STEP][PASSED] - Statement - counter = counter + 1: null

2018-12-12 19:19:51 - [TEST_STEP][PASSED] - Statement - PreSaveFile = new java.io.File(((pathPrefix + java.lang.Integer.toString(counter)) + .png)): null

2018-12-12 19:19:51 - [TEST_STEP][PASSED] - Statement - counter = counter + 1: null

2018-12-12 19:19:51 - [TEST_STEP][PASSED] - Statement - PreSaveFile = new java.io.File(((pathPrefix + java.lang.Integer.toString(counter)) + .png)): null

2018-12-12 19:19:51 - [TEST_STEP][PASSED] - Statement - counter = counter + 1: null

2018-12-12 19:19:51 - [TEST_STEP][PASSED] - Statement - PreSaveFile = new java.io.File(((pathPrefix + java.lang.Integer.toString(counter)) + .png)): null

2018-12-12 19:19:51 - [TEST_STEP][PASSED] - Statement - counter = counter + 1: null

2018-12-12 19:19:51 - [TEST_STEP][PASSED] - Statement - PreSaveFile = new java.io.File(((pathPrefix + java.lang.Integer.toString(counter)) + .png)): null

2018-12-12 19:19:51 - [TEST_STEP][PASSED] - Statement - counter = counter + 1: null

2018-12-12 19:19:51 - [TEST_STEP][PASSED] - Statement - PreSaveFile = new java.io.File(((pathPrefix + java.lang.Integer.toString(counter)) + .png)): null

2018-12-12 19:19:51 - [TEST_STEP][PASSED] - Statement - counter = counter + 1: null

2018-12-12 19:19:51 - [TEST_STEP][PASSED] - Statement - PreSaveFile = new java.io.File(((pathPrefix + java.lang.Integer.toString(counter)) + .png)): null

2018-12-12 19:19:51 - [TEST_STEP][PASSED] - Statement - counter = counter + 1: null

2018-12-12 19:19:51 - [TEST_STEP][PASSED] - Statement - PreSaveFile = new java.io.File(((pathPrefix + java.lang.Integer.toString(counter)) + .png)): null

2018-12-12 19:19:51 - [TEST_STEP][PASSED] - Statement - counter = counter + 1: null

2018-12-12 19:19:51 - [TEST_STEP][PASSED] - Statement - PreSaveFile = new java.io.File(((pathPrefix + java.lang.Integer.toString(counter)) + .png)): null

2018-12-12 19:19:51 - [TEST_STEP][PASSED] - Statement - counter = counter + 1: null

2018-12-12 19:19:51 - [TEST_STEP][PASSED] - Statement - PreSaveFile = new java.io.File(((pathPrefix + java.lang.Integer.toString(counter)) + .png)): null

2018-12-12 19:19:51 - [TEST_STEP][PASSED] - Statement - counter = counter + 1: null

2018-12-12 19:19:51 - [TEST_STEP][PASSED] - Statement - PreSaveFile = new java.io.File(((pathPrefix + java.lang.Integer.toString(counter)) + .png)): null

2018-12-12 19:19:51 - [TEST_STEP][PASSED] - Statement - counter = counter + 1: null

2018-12-12 19:19:51 - [TEST_STEP][PASSED] - Statement - PreSaveFile = new java.io.File(((pathPrefix + java.lang.Integer.toString(counter)) + .png)): null

2018-12-12 19:19:51 - [TEST_STEP][PASSED] - Statement - counter = counter + 1: null

2018-12-12 19:19:51 - [TEST_STEP][PASSED] - Statement - PreSaveFile = new java.io.File(((pathPrefix + java.lang.Integer.toString(counter)) + .png)): null

2018-12-12 19:19:51 - [TEST_STEP][PASSED] - Statement - counter = counter + 1: null

2018-12-12 19:19:51 - [TEST_STEP][PASSED] - Statement - PreSaveFile = new java.io.File(((pathPrefix + java.lang.Integer.toString(counter)) + .png)): null

2018-12-12 19:19:51 - [TEST_STEP][PASSED] - Statement - counter = counter + 1: null

2018-12-12 19:19:51 - [TEST_STEP][PASSED] - Statement - PreSaveFile = new java.io.File(((pathPrefix + java.lang.Integer.toString(counter)) + .png)): null

2018-12-12 19:19:51 - [TEST_STEP][PASSED] - Statement - counter = counter + 1: null

2018-12-12 19:19:51 - [TEST_STEP][PASSED] - Statement - PreSaveFile = new java.io.File(((pathPrefix + java.lang.Integer.toString(counter)) + .png)): null

2018-12-12 19:19:51 - [TEST_STEP][PASSED] - Statement - counter = counter + 1: null

2018-12-12 19:19:51 - [TEST_STEP][PASSED] - Statement - PreSaveFile = new java.io.File(((pathPrefix + java.lang.Integer.toString(counter)) + .png)): null

2018-12-12 19:19:51 - [TEST_STEP][PASSED] - Statement - counter = counter + 1: null

2018-12-12 19:19:51 - [TEST_STEP][PASSED] - Statement - PreSaveFile = new java.io.File(((pathPrefix + java.lang.Integer.toString(counter)) + .png)): null

2018-12-12 19:19:51 - [TEST_STEP][PASSED] - Statement - counter = counter + 1: null

2018-12-12 19:19:51 - [TEST_STEP][PASSED] - Statement - PreSaveFile = new java.io.File(((pathPrefix + java.lang.Integer.toString(counter)) + .png)): null

2018-12-12 19:19:51 - [TEST_STEP][PASSED] - Statement - counter = counter + 1: null

2018-12-12 19:19:51 - [TEST_STEP][PASSED] - Statement - PreSaveFile = new java.io.File(((pathPrefix + java.lang.Integer.toString(counter)) + .png)): null

2018-12-12 19:19:51 - [TEST_STEP][PASSED] - Statement - counter = counter + 1: null

2018-12-12 19:19:51 - [TEST_STEP][PASSED] - Statement - PreSaveFile = new java.io.File(((pathPrefix + java.lang.Integer.toString(counter)) + .png)): null

2018-12-12 19:19:51 - [TEST_STEP][PASSED] - Statement - counter = counter + 1: null

2018-12-12 19:19:51 - [TEST_STEP][PASSED] - Statement - PreSaveFile = new java.io.File(((pathPrefix + java.lang.Integer.toString(counter)) + .png)): null

2018-12-12 19:19:51 - [TEST_STEP][PASSED] - Statement - counter = counter + 1: null

2018-12-12 19:19:51 - [TEST_STEP][PASSED] - Statement - PreSaveFile = new java.io.File(((pathPrefix + java.lang.Integer.toString(counter)) + .png)): null

2018-12-12 19:19:51 - [TEST_STEP][PASSED] - Statement - counter = counter + 1: null

2018-12-12 19:19:51 - [TEST_STEP][PASSED] - Statement - PreSaveFile = new java.io.File(((pathPrefix + java.lang.Integer.toString(counter)) + .png)): null

2018-12-12 19:19:51 - [TEST_STEP][PASSED] - Statement - counter = counter + 1: null

2018-12-12 19:19:51 - [TEST_STEP][PASSED] - Statement - PreSaveFile = new java.io.File(((pathPrefix + java.lang.Integer.toString(counter)) + .png)): null

2018-12-12 19:19:51 - [TEST_STEP][PASSED] - Statement - counter = counter + 1: null

2018-12-12 19:19:51 - [TEST_STEP][PASSED] - Statement - PreSaveFile = new java.io.File(((pathPrefix + java.lang.Integer.toString(counter)) + .png)): null

2018-12-12 19:19:51 - [TEST_STEP][PASSED] - Statement - counter = counter + 1: null

2018-12-12 19:19:51 - [TEST_STEP][PASSED] - Statement - PreSaveFile = new java.io.File(((pathPrefix + java.lang.Integer.toString(counter)) + .png)): null

2018-12-12 19:19:51 - [TEST_STEP][PASSED] - Statement - counter = counter + 1: null

2018-12-12 19:19:51 - [TEST_STEP][PASSED] - Statement - PreSaveFile = new java.io.File(((pathPrefix + java.lang.Integer.toString(counter)) + .png)): null

2018-12-12 19:19:51 - [TEST_STEP][PASSED] - Statement - counter = counter + 1: null

2018-12-12 19:19:51 - [TEST_STEP][PASSED] - Statement - PreSaveFile = new java.io.File(((pathPrefix + java.lang.Integer.toString(counter)) + .png)): null

2018-12-12 19:19:51 - [TEST_STEP][PASSED] - Statement - counter = counter + 1: null

2018-12-12 19:19:51 - [TEST_STEP][PASSED] - Statement - PreSaveFile = new java.io.File(((pathPrefix + java.lang.Integer.toString(counter)) + .png)): null

2018-12-12 19:19:51 - [TEST_STEP][PASSED] - Statement - counter = counter + 1: null

2018-12-12 19:19:51 - [TEST_STEP][PASSED] - Statement - PreSaveFile = new java.io.File(((pathPrefix + java.lang.Integer.toString(counter)) + .png)): null

2018-12-12 19:19:51 - [TEST_STEP][PASSED] - Statement - counter = counter + 1: null

2018-12-12 19:19:51 - [TEST_STEP][PASSED] - Statement - PreSaveFile = new java.io.File(((pathPrefix + java.lang.Integer.toString(counter)) + .png)): null

2018-12-12 19:19:51 - [TEST_STEP][PASSED] - Statement - counter = counter + 1: null

2018-12-12 19:19:51 - [TEST_STEP][PASSED] - Statement - PreSaveFile = new java.io.File(((pathPrefix + java.lang.Integer.toString(counter)) + .png)): null

2018-12-12 19:19:51 - [TEST_STEP][PASSED] - Statement - counter = counter + 1: null

2018-12-12 19:19:51 - [TEST_STEP][PASSED] - Statement - PreSaveFile = new java.io.File(((pathPrefix + java.lang.Integer.toString(counter)) + .png)): null

2018-12-12 19:19:51 - [TEST_STEP][PASSED] - Statement - counter = counter + 1: null

2018-12-12 19:19:51 - [TEST_STEP][PASSED] - Statement - PreSaveFile = new java.io.File(((pathPrefix + java.lang.Integer.toString(counter)) + .png)): null

2018-12-12 19:19:51 - [TEST_STEP][PASSED] - Statement - counter = counter + 1: null

2018-12-12 19:19:51 - [TEST_STEP][PASSED] - Statement - PreSaveFile = new java.io.File(((pathPrefix + java.lang.Integer.toString(counter)) + .png)): null

2018-12-12 19:19:51 - [TEST_STEP][PASSED] - Statement - counter = counter + 1: null

2018-12-12 19:19:51 - [TEST_STEP][PASSED] - Statement - PreSaveFile = new java.io.File(((pathPrefix + java.lang.Integer.toString(counter)) + .png)): null

2018-12-12 19:19:51 - [TEST_STEP][PASSED] - Statement - counter = counter + 1: null

2018-12-12 19:19:51 - [TEST_STEP][PASSED] - Statement - PreSaveFile = new java.io.File(((pathPrefix + java.lang.Integer.toString(counter)) + .png)): null

2018-12-12 19:19:51 - [TEST_STEP][PASSED] - Statement - counter = counter + 1: null

2018-12-12 19:19:51 - [TEST_STEP][PASSED] - Statement - PreSaveFile = new java.io.File(((pathPrefix + java.lang.Integer.toString(counter)) + .png)): null

2018-12-12 19:19:51 - [TEST_STEP][PASSED] - Statement - counter = counter + 1: null

2018-12-12 19:19:51 - [TEST_STEP][PASSED] - Statement - PreSaveFile = new java.io.File(((pathPrefix + java.lang.Integer.toString(counter)) + .png)): null

2018-12-12 19:19:51 - [TEST_STEP][PASSED] - Statement - counter = counter + 1: null

2018-12-12 19:19:51 - [TEST_STEP][PASSED] - Statement - PreSaveFile = new java.io.File(((pathPrefix + java.lang.Integer.toString(counter)) + .png)): null

2018-12-12 19:19:51 - [TEST_STEP][PASSED] - Statement - counter = counter + 1: null

2018-12-12 19:19:51 - [TEST_STEP][PASSED] - Statement - PreSaveFile = new java.io.File(((pathPrefix + java.lang.Integer.toString(counter)) + .png)): null

2018-12-12 19:19:51 - [TEST_STEP][PASSED] - Statement - counter = counter + 1: null

2018-12-12 19:19:51 - [TEST_STEP][PASSED] - Statement - PreSaveFile = new java.io.File(((pathPrefix + java.lang.Integer.toString(counter)) + .png)): null

2018-12-12 19:19:51 - [TEST_STEP][PASSED] - Statement - counter = counter + 1: null

2018-12-12 19:19:51 - [TEST_STEP][PASSED] - Statement - PreSaveFile = new java.io.File(((pathPrefix + java.lang.Integer.toString(counter)) + .png)): null

2018-12-12 19:19:51 - [TEST_STEP][PASSED] - Statement - counter = counter + 1: null

2018-12-12 19:19:51 - [TEST_STEP][PASSED] - Statement - PreSaveFile = new java.io.File(((pathPrefix + java.lang.Integer.toString(counter)) + .png)): null

2018-12-12 19:19:51 - [TEST_STEP][PASSED] - Statement - counter = counter + 1: null

2018-12-12 19:19:51 - [TEST_STEP][PASSED] - Statement - PreSaveFile = new java.io.File(((pathPrefix + java.lang.Integer.toString(counter)) + .png)): null

2018-12-12 19:19:51 - [TEST_STEP][PASSED] - Statement - counter = counter + 1: null

2018-12-12 19:19:51 - [TEST_STEP][PASSED] - Statement - PreSaveFile = new java.io.File(((pathPrefix + java.lang.Integer.toString(counter)) + .png)): null

2018-12-12 19:19:51 - [TEST_STEP][PASSED] - Statement - counter = counter + 1: null

2018-12-12 19:19:51 - [TEST_STEP][PASSED] - Statement - PreSaveFile = new java.io.File(((pathPrefix + java.lang.Integer.toString(counter)) + .png)): null

2018-12-12 19:19:51 - [TEST_STEP][PASSED] - Statement - counter = counter + 1: null

2018-12-12 19:19:51 - [TEST_STEP][PASSED] - Statement - PreSaveFile = new java.io.File(((pathPrefix + java.lang.Integer.toString(counter)) + .png)): null

2018-12-12 19:19:51 - [TEST_STEP][PASSED] - Statement - counter = counter + 1: null

2018-12-12 19:19:51 - [TEST_STEP][PASSED] - Statement - PreSaveFile = new java.io.File(((pathPrefix + java.lang.Integer.toString(counter)) + .png)): null

2018-12-12 19:19:51 - [TEST_STEP][PASSED] - Statement - counter = counter + 1: null

2018-12-12 19:19:51 - [TEST_STEP][PASSED] - Statement - PreSaveFile = new java.io.File(((pathPrefix + java.lang.Integer.toString(counter)) + .png)): null

2018-12-12 19:19:51 - [TEST_STEP][PASSED] - Statement - counter = counter + 1: null

2018-12-12 19:19:51 - [TEST_STEP][PASSED] - Statement - PreSaveFile = new java.io.File(((pathPrefix + java.lang.Integer.toString(counter)) + .png)): null

2018-12-12 19:19:51 - [TEST_STEP][PASSED] - Statement - counter = counter + 1: null

2018-12-12 19:19:51 - [TEST_STEP][PASSED] - Statement - PreSaveFile = new java.io.File(((pathPrefix + java.lang.Integer.toString(counter)) + .png)): null

2018-12-12 19:19:51 - [TEST_STEP][PASSED] - Statement - counter = counter + 1: null

2018-12-12 19:19:51 - [TEST_STEP][PASSED] - Statement - PreSaveFile = new java.io.File(((pathPrefix + java.lang.Integer.toString(counter)) + .png)): null

2018-12-12 19:19:51 - [TEST_STEP][PASSED] - Statement - counter = counter + 1: null

2018-12-12 19:19:51 - [TEST_STEP][PASSED] - Statement - PreSaveFile = new java.io.File(((pathPrefix + java.lang.Integer.toString(counter)) + .png)): null

2018-12-12 19:19:51 - [TEST_STEP][PASSED] - Statement - counter = counter + 1: null

2018-12-12 19:19:51 - [TEST_STEP][PASSED] - Statement - PreSaveFile = new java.io.File(((pathPrefix + java.lang.Integer.toString(counter)) + .png)): null

2018-12-12 19:19:51 - [TEST_STEP][PASSED] - Statement - counter = counter + 1: null

2018-12-12 19:19:51 - [TEST_STEP][PASSED] - Statement - PreSaveFile = new java.io.File(((pathPrefix + java.lang.Integer.toString(counter)) + .png)): null

2018-12-12 19:19:51 - [TEST_STEP][PASSED] - Statement - counter = counter + 1: null

2018-12-12 19:19:51 - [TEST_STEP][PASSED] - Statement - PreSaveFile = new java.io.File(((pathPrefix + java.lang.Integer.toString(counter)) + .png)): null

2018-12-12 19:19:51 - [TEST_STEP][PASSED] - Statement - counter = counter + 1: null

2018-12-12 19:19:51 - [TEST_STEP][PASSED] - Statement - PreSaveFile = new java.io.File(((pathPrefix + java.lang.Integer.toString(counter)) + .png)): null

2018-12-12 19:19:51 - [TEST_STEP][PASSED] - Statement - counter = counter + 1: null

2018-12-12 19:19:51 - [TEST_STEP][PASSED] - Statement - PreSaveFile = new java.io.File(((pathPrefix + java.lang.Integer.toString(counter)) + .png)): null

2018-12-12 19:19:51 - [TEST_STEP][PASSED] - Statement - counter = counter + 1: null

2018-12-12 19:19:51 - [TEST_STEP][PASSED] - Statement - PreSaveFile = new java.io.File(((pathPrefix + java.lang.Integer.toString(counter)) + .png)): null

2018-12-12 19:19:51 - [TEST_STEP][PASSED] - Statement - counter = counter + 1: null

2018-12-12 19:19:51 - [TEST_STEP][PASSED] - Statement - PreSaveFile = new java.io.File(((pathPrefix + java.lang.Integer.toString(counter)) + .png)): null

2018-12-12 19:19:51 - [TEST_STEP][PASSED] - Statement - counter = counter + 1: null

2018-12-12 19:19:51 - [TEST_STEP][PASSED] - Statement - PreSaveFile = new java.io.File(((pathPrefix + java.lang.Integer.toString(counter)) + .png)): null

2018-12-12 19:19:51 - [TEST_STEP][PASSED] - Statement - counter = counter + 1: null

2018-12-12 19:19:51 - [TEST_STEP][PASSED] - Statement - PreSaveFile = new java.io.File(((pathPrefix + java.lang.Integer.toString(counter)) + .png)): null

2018-12-12 19:19:51 - [TEST_STEP][PASSED] - Statement - counter = counter + 1: null

2018-12-12 19:19:51 - [TEST_STEP][PASSED] - Statement - PreSaveFile = new java.io.File(((pathPrefix + java.lang.Integer.toString(counter)) + .png)): null

2018-12-12 19:19:51 - [TEST_STEP][PASSED] - Statement - counter = counter + 1: null

2018-12-12 19:19:51 - [TEST_STEP][PASSED] - Statement - PreSaveFile = new java.io.File(((pathPrefix + java.lang.Integer.toString(counter)) + .png)): null

2018-12-12 19:19:51 - [TEST_STEP][PASSED] - Statement - counter = counter + 1: null

2018-12-12 19:19:51 - [TEST_STEP][PASSED] - Statement - PreSaveFile = new java.io.File(((pathPrefix + java.lang.Integer.toString(counter)) + .png)): null

2018-12-12 19:19:51 - [TEST_STEP][PASSED] - Statement - counter = counter + 1: null

2018-12-12 19:19:51 - [TEST_STEP][PASSED] - Statement - PreSaveFile = new java.io.File(((pathPrefix + java.lang.Integer.toString(counter)) + .png)): null

2018-12-12 19:19:51 - [TEST_STEP][PASSED] - Statement - counter = counter + 1: null

2018-12-12 19:19:51 - [TEST_STEP][PASSED] - Statement - PreSaveFile = new java.io.File(((pathPrefix + java.lang.Integer.toString(counter)) + .png)): null

2018-12-12 19:19:51 - [TEST_STEP][PASSED] - Statement - counter = counter + 1: null

2018-12-12 19:19:51 - [TEST_STEP][PASSED] - Statement - PreSaveFile = new java.io.File(((pathPrefix + java.lang.Integer.toString(counter)) + .png)): null

2018-12-12 19:19:51 - [TEST_STEP][PASSED] - Statement - counter = counter + 1: null

2018-12-12 19:19:51 - [TEST_STEP][PASSED] - Statement - PreSaveFile = new java.io.File(((pathPrefix + java.lang.Integer.toString(counter)) + .png)): null

2018-12-12 19:19:51 - [TEST_STEP][PASSED] - Statement - counter = counter + 1: null

2018-12-12 19:19:51 - [TEST_STEP][PASSED] - Statement - PreSaveFile = new java.io.File(((pathPrefix + java.lang.Integer.toString(counter)) + .png)): null

2018-12-12 19:19:51 - [TEST_STEP][PASSED] - Statement - counter = counter + 1: null

2018-12-12 19:19:51 - [TEST_STEP][PASSED] - Statement - PreSaveFile = new java.io.File(((pathPrefix + java.lang.Integer.toString(counter)) + .png)): null

2018-12-12 19:19:51 - [TEST_STEP][PASSED] - Statement - counter = counter + 1: null

2018-12-12 19:19:51 - [TEST_STEP][PASSED] - Statement - PreSaveFile = new java.io.File(((pathPrefix + java.lang.Integer.toString(counter)) + .png)): null

2018-12-12 19:19:51 - [TEST_STEP][PASSED] - Statement - counter = counter + 1: null

2018-12-12 19:19:51 - [TEST_STEP][PASSED] - Statement - PreSaveFile = new java.io.File(((pathPrefix + java.lang.Integer.toString(counter)) + .png)): null

2018-12-12 19:19:51 - [TEST_STEP][PASSED] - Statement - counter = counter + 1: null

2018-12-12 19:19:51 - [TEST_STEP][PASSED] - Statement - PreSaveFile = new java.io.File(((pathPrefix + java.lang.Integer.toString(counter)) + .png)): null

2018-12-12 19:19:51 - [TEST_STEP][PASSED] - Statement - counter = counter + 1: null

2018-12-12 19:19:51 - [TEST_STEP][PASSED] - Statement - PreSaveFile = new java.io.File(((pathPrefix + java.lang.Integer.toString(counter)) + .png)): null

2018-12-12 19:19:51 - [TEST_STEP][PASSED] - Statement - counter = counter + 1: null

2018-12-12 19:19:51 - [TEST_STEP][PASSED] - Statement - PreSaveFile = new java.io.File(((pathPrefix + java.lang.Integer.toString(counter)) + .png)): null

2018-12-12 19:19:51 - [TEST_STEP][PASSED] - Statement - counter = counter + 1: null

2018-12-12 19:19:51 - [TEST_STEP][PASSED] - Statement - PreSaveFile = new java.io.File(((pathPrefix + java.lang.Integer.toString(counter)) + .png)): null

2018-12-12 19:19:51 - [TEST_STEP][PASSED] - Statement - counter = counter + 1: null

2018-12-12 19:19:51 - [TEST_STEP][PASSED] - Statement - PreSaveFile = new java.io.File(((pathPrefix + java.lang.Integer.toString(counter)) + .png)): null

2018-12-12 19:19:51 - [TEST_STEP][PASSED] - Statement - counter = counter + 1: null

2018-12-12 19:19:51 - [TEST_STEP][PASSED] - Statement - PreSaveFile = new java.io.File(((pathPrefix + java.lang.Integer.toString(counter)) + .png)): null

2018-12-12 19:19:51 - [TEST_STEP][PASSED] - Statement - counter = counter + 1: null

2018-12-12 19:19:51 - [TEST_STEP][PASSED] - Statement - PreSaveFile = new java.io.File(((pathPrefix + java.lang.Integer.toString(counter)) + .png)): null

2018-12-12 19:19:51 - [TEST_STEP][PASSED] - Statement - counter = counter + 1: null

2018-12-12 19:19:51 - [TEST_STEP][PASSED] - Statement - PreSaveFile = new java.io.File(((pathPrefix + java.lang.Integer.toString(counter)) + .png)): null

2018-12-12 19:19:51 - [TEST_STEP][PASSED] - Statement - counter = counter + 1: null

2018-12-12 19:19:51 - [TEST_STEP][PASSED] - Statement - PreSaveFile = new java.io.File(((pathPrefix + java.lang.Integer.toString(counter)) + .png)): null

2018-12-12 19:19:51 - [TEST_STEP][PASSED] - Statement - counter = counter + 1: null

2018-12-12 19:19:51 - [TEST_STEP][PASSED] - Statement - PreSaveFile = new java.io.File(((pathPrefix + java.lang.Integer.toString(counter)) + .png)): null

2018-12-12 19:19:51 - [TEST_STEP][PASSED] - Statement - counter = counter + 1: null

2018-12-12 19:19:51 - [TEST_STEP][PASSED] - Statement - PreSaveFile = new java.io.File(((pathPrefix + java.lang.Integer.toString(counter)) + .png)): null

2018-12-12 19:19:51 - [TEST_STEP][PASSED] - Statement - counter = counter + 1: null

2018-12-12 19:19:51 - [TEST_STEP][PASSED] - Statement - PreSaveFile = new java.io.File(((pathPrefix + java.lang.Integer.toString(counter)) + .png)): null

2018-12-12 19:19:51 - [TEST_STEP][PASSED] - Statement - counter = counter + 1: null

2018-12-12 19:19:51 - [TEST_STEP][PASSED] - Statement - PreSaveFile = new java.io.File(((pathPrefix + java.lang.Integer.toString(counter)) + .png)): null

2018-12-12 19:19:51 - [TEST_STEP][PASSED] - Statement - counter = counter + 1: null

2018-12-12 19:19:51 - [TEST_STEP][PASSED] - Statement - PreSaveFile = new java.io.File(((pathPrefix + java.lang.Integer.toString(counter)) + .png)): null

2018-12-12 19:19:51 - [TEST_STEP][PASSED] - Statement - counter = counter + 1: null

2018-12-12 19:19:51 - [TEST_STEP][PASSED] - Statement - PreSaveFile = new java.io.File(((pathPrefix + java.lang.Integer.toString(counter)) + .png)): null

2018-12-12 19:19:51 - [TEST_STEP][PASSED] - Statement - counter = counter + 1: null

2018-12-12 19:19:51 - [TEST_STEP][PASSED] - Statement - PreSaveFile = new java.io.File(((pathPrefix + java.lang.Integer.toString(counter)) + .png)): null

2018-12-12 19:19:51 - [TEST_STEP][PASSED] - Statement - counter = counter + 1: null

2018-12-12 19:19:51 - [TEST_STEP][PASSED] - Statement - PreSaveFile = new java.io.File(((pathPrefix + java.lang.Integer.toString(counter)) + .png)): null

2018-12-12 19:19:51 - [TEST_STEP][PASSED] - Statement - counter = counter + 1: null

2018-12-12 19:19:51 - [TEST_STEP][PASSED] - Statement - PreSaveFile = new java.io.File(((pathPrefix + java.lang.Integer.toString(counter)) + .png)): null

2018-12-12 19:19:51 - [TEST_STEP][PASSED] - Statement - counter = counter + 1: null

2018-12-12 19:19:51 - [TEST_STEP][PASSED] - Statement - PreSaveFile = new java.io.File(((pathPrefix + java.lang.Integer.toString(counter)) + .png)): null

2018-12-12 19:19:51 - [TEST_STEP][PASSED] - Statement - counter = counter + 1: null

2018-12-12 19:19:51 - [TEST_STEP][PASSED] - Statement - PreSaveFile = new java.io.File(((pathPrefix + java.lang.Integer.toString(counter)) + .png)): null

2018-12-12 19:19:51 - [TEST_STEP][PASSED] - Statement - counter = counter + 1: null

2018-12-12 19:19:51 - [TEST_STEP][PASSED] - Statement - PreSaveFile = new java.io.File(((pathPrefix + java.lang.Integer.toString(counter)) + .png)): null

2018-12-12 19:19:51 - [TEST_STEP][PASSED] - Statement - counter = counter + 1: null

2018-12-12 19:19:51 - [TEST_STEP][PASSED] - Statement - PreSaveFile = new java.io.File(((pathPrefix + java.lang.Integer.toString(counter)) + .png)): null

2018-12-12 19:19:51 - [TEST_STEP][PASSED] - Statement - counter = counter + 1: null

2018-12-12 19:19:51 - [TEST_STEP][PASSED] - Statement - PreSaveFile = new java.io.File(((pathPrefix + java.lang.Integer.toString(counter)) + .png)): null

2018-12-12 19:19:51 - [TEST_STEP][PASSED] - Statement - finalPath = pathPrefix + java.lang.Integer.toString(counter) + ".png": null

2018-12-12 19:19:51 - [TEST_STEP][PASSED] - Statement - SaveFile = new java.io.File(finalPath): null

2018-12-12 19:19:51 - [TEST_STEP][PASSED] - Statement - Try: null

2018-12-12 19:19:51 - [TEST_STEP][PASSED] - Statement - org.apache.commons.io.FileUtils.copyFile(scrFile, SaveFile): null

2018-12-12 19:19:51 - [TEST_STEP][PASSED] - Statement - out.println("file kept"): null

2018-12-12 19:19:51 - [TEST_STEP][PASSED] - delay: Delayed 10 second(s)

2018-12-12 19:20:01 - [MESSAGE][PASSED] - Delayed 10 second(s)

2018-12-12 19:20:01 - [MESSAGE][PASSED] - Call Test Case 'Test Cases/Final Aug 2018 - PKS Automation/Registration Module/New Registration/Submit and Screenshot/Submit Registration and Screenshot' successfully

2018-12-12 19:20:01 - [TEST_STEP][PASSED] - callTestCase: Call Test Case 'Test Cases/Final Aug 2018 - PKS Automation/Registration Module/Log Out/log out avoiding katalon tagging' successfully

2018-12-12 19:20:01 - [TEST_CASE][PASSED] - Test Cases/Final Aug 2018 - PKS Automation/Registration Module/Log Out/log out avoiding katalon tagging: Test Cases/Final Aug 2018 - PKS Automation/Registration Module/Log Out/log out avoiding katalon tagging

2018-12-12 19:20:01 - [TEST_STEP][PASSED] - navigateToUrl: Navigate to 'https://assist2-uat.perkeso.gov.my/c/portal/logout' successfully

2018-12-12 19:20:02 - [MESSAGE][PASSED] - Navigate to 'https://assist2-uat.perkeso.gov.my/c/portal/logout' successfully

2018-12-12 19:20:02 - [MESSAGE][PASSED] - Call Test Case 'Test Cases/Final Aug 2018 - PKS Automation/Registration Module/Log Out/log out avoiding katalon tagging' successfully

2018-12-12 19:20:02 - [TEST_STEP][PASSED] - callTestCase: Call Test Case 'Test Cases/Final Aug 2018 - PKS Automation/Common/Workflow Owner Finder' successfully

2018-12-12 19:20:02 - [TEST_CASE][PASSED] - Test Cases/Final Aug 2018 - PKS Automation/Common/Workflow Owner Finder: Test Cases/Final Aug 2018 - PKS Automation/Common/Workflow Owner Finder

2018-12-12 19:20:02 - [TEST_STEP][PASSED] - openBrowser: Browser is opened with url: ''

2018-12-12 19:20:02 - [MESSAGE][WARNING] - A browser is already opened. Closing browser and opening a new one

2018-12-12 19:20:06 - [MESSAGE][PASSED] - Browser is opened with url: ''

2018-12-12 19:20:06 - [TEST_STEP][PASSED] - navigateToUrl: Navigate to 'https://assist2-uat.perkeso.gov.my/login' successfully

2018-12-12 19:20:07 - [MESSAGE][PASSED] - Navigate to 'https://assist2-uat.perkeso.gov.my/login' successfully

2018-12-12 19:20:07 - [TEST_STEP][PASSED] - delay: Delayed 5 second(s)

2018-12-12 19:20:12 - [MESSAGE][PASSED] - Delayed 5 second(s)

2018-12-12 19:20:12 - [TEST_STEP][PASSED] - setText: Text 'test@liferay.com' is set on object 'Object Repository/Final Object Repo/Login Page/Internal User/Email Address'

2018-12-12 19:20:13 - [MESSAGE][PASSED] - Text 'test@liferay.com' is set on object 'Object Repository/Final Object Repo/Login Page/Internal User/Email Address'

2018-12-12 19:20:13 - [TEST_STEP][PASSED] - click: Object: 'Object Repository/Final Object Repo/Login Page/Internal User/Next Button' is clicked on

2018-12-12 19:20:13 - [MESSAGE][PASSED] - Object: 'Object Repository/Final Object Repo/Login Page/Internal User/Next Button' is clicked on

2018-12-12 19:20:13 - [TEST_STEP][PASSED] - delay: Delayed 2 second(s)

2018-12-12 19:20:15 - [MESSAGE][PASSED] - Delayed 2 second(s)

2018-12-12 19:20:15 - [TEST_STEP][PASSED] - setText: Text 'test' is set on object 'Object Repository/Final Object Repo/Login Page/Internal User/Password'

2018-12-12 19:20:15 - [MESSAGE][PASSED] - Text 'test' is set on object 'Object Repository/Final Object Repo/Login Page/Internal User/Password'

2018-12-12 19:20:15 - [TEST_STEP][PASSED] - delay: Delayed 2 second(s)

2018-12-12 19:20:17 - [MESSAGE][PASSED] - Delayed 2 second(s)

2018-12-12 19:20:17 - [TEST_STEP][PASSED] - click: Object: 'Object Repository/Final Object Repo/Login Page/Internal User/Login Button' is clicked on

2018-12-12 19:20:17 - [MESSAGE][PASSED] - Object: 'Object Repository/Final Object Repo/Login Page/Internal User/Login Button' is clicked on

2018-12-12 19:20:17 - [TEST_STEP][PASSED] - Statement - tester = com.kms.katalon.core.testobject.ObjectRepository.findTestObject(Final Object Repo/Landing Page/Select to English): Finding Test Object with id 'Object Repository/Final Object Repo/Landing Page/Select to English'

2018-12-12 19:20:17 - [TEST_STEP][PASSED] - Statement - Try: Delayed 2 second(s)

2018-12-12 19:20:17 - [TEST_STEP][PASSED] - Statement - Checker = com.kms.katalon.core.webui.keyword.WebUiBuiltInKeywords.verifyElementNotPresent(tester, 3): Web element with id: 'Object Repository/Final Object Repo/Landing Page/Select to English' located by 'By.xpath: //a[@class = 'taglib-language-list-text' and @lang = 'en-US' and (contains(text(), 'EN') or contains(., 'EN'))]' is not present after '3' second(s)

2018-12-12 19:20:19 - [MESSAGE][PASSED] - Web element with id: 'Object Repository/Final Object Repo/Landing Page/Select to English' located by 'By.xpath: //a[@class = 'taglib-language-list-text' and @lang = 'en-US' and (contains(text(), 'EN') or contains(., 'EN'))]' is not present after '3' second(s)

2018-12-12 19:20:19 - [TEST_STEP][PASSED] - Statement - If (Checker == false): null

2018-12-12 19:20:19 - [TEST_STEP][PASSED] - delay: Delayed 2 second(s)

2018-12-12 19:20:21 - [MESSAGE][PASSED] - Delayed 2 second(s)

2018-12-12 19:20:21 - [TEST_STEP][PASSED] - delay: Delayed 5 second(s)

2018-12-12 19:20:26 - [MESSAGE][PASSED] - Delayed 5 second(s)

2018-12-12 19:20:26 - [TEST_STEP][PASSED] - mouseOver: Object: 'Object Repository/Final Object Repo/Landing Page/WorkFlow Menu' is hovered

2018-12-12 19:20:26 - [MESSAGE][PASSED] - Object: 'Object Repository/Final Object Repo/Landing Page/WorkFlow Menu' is hovered

2018-12-12 19:20:26 - [TEST_STEP][PASSED] - delay: Delayed 2 second(s)

2018-12-12 19:20:28 - [MESSAGE][PASSED] - Delayed 2 second(s)

2018-12-12 19:20:28 - [TEST_STEP][PASSED] - click: Object: 'Object Repository/Final Object Repo/Landing Page/Select to Workflow Listing' is clicked on

2018-12-12 19:20:29 - [MESSAGE][PASSED] - Object: 'Object Repository/Final Object Repo/Landing Page/Select to Workflow Listing' is clicked on

2018-12-12 19:20:29 - [TEST_STEP][PASSED] - delay: Delayed 2 second(s)

2018-12-12 19:20:31 - [MESSAGE][PASSED] - Delayed 2 second(s)

2018-12-12 19:20:31 - [TEST_STEP][PASSED] - click: Object: 'Object Repository/Final Object Repo/WorkFlow Listing Page/Search Information - To Put Ref No' is clicked on

2018-12-12 19:20:31 - [MESSAGE][PASSED] - Object: 'Object Repository/Final Object Repo/WorkFlow Listing Page/Search Information - To Put Ref No' is clicked on

2018-12-12 19:20:31 - [TEST_STEP][PASSED] - delay: Delayed 2 second(s)

2018-12-12 19:20:34 - [MESSAGE][PASSED] - Delayed 2 second(s)

2018-12-12 19:20:34 - [TEST_STEP][PASSED] - callTestCase: Call Test Case 'Test Cases/Final Aug 2018 - PKS Automation/Common/Reference Number Getter' successfully

2018-12-12 19:20:34 - [TEST_CASE][PASSED] - Test Cases/Final Aug 2018 - PKS Automation/Common/Reference Number Getter: Test Cases/Final Aug 2018 - PKS Automation/Common/Reference Number Getter

2018-12-12 19:20:34 - [TEST_STEP][PASSED] - Statement - Try: null

2018-12-12 19:20:34 - [TEST_STEP][PASSED] - Statement - RefNo = new java.io.File(C://Users//Admin//Desktop//PKS//Automation Reference Point//KatalonReference.txt): null

2018-12-12 19:20:34 - [TEST_STEP][PASSED] - Statement - bufferread = new java.io.BufferedReader(new java.io.FileReader(RefNo)): null

2018-12-12 19:20:34 - [TEST_STEP][PASSED] - Statement - readedVal = bufferread.readLine(): null

2018-12-12 19:20:34 - [TEST_STEP][PASSED] - Statement - out.println(CaseReferenceNo): null

2018-12-12 19:20:34 - [TEST_STEP][PASSED] - Statement - out.println(readedVal): null

2018-12-12 19:20:34 - [TEST_STEP][PASSED] - Statement - CaseReferenceNo = "": null

2018-12-12 19:20:34 - [TEST_STEP][PASSED] - Statement - CaseReferenceNo = readedVal: null

2018-12-12 19:20:34 - [MESSAGE][PASSED] - Call Test Case 'Test Cases/Final Aug 2018 - PKS Automation/Common/Reference Number Getter' successfully

2018-12-12 19:20:34 - [TEST_STEP][PASSED] - setText: Text 'CRN12201800123230' is set on object 'Object Repository/Final Object Repo/WorkFlow Listing Page/Ref No Set Text'

2018-12-12 19:20:34 - [MESSAGE][PASSED] - Text 'CRN12201800123230' is set on object 'Object Repository/Final Object Repo/WorkFlow Listing Page/Ref No Set Text'

2018-12-12 19:20:34 - [TEST_STEP][PASSED] - delay: Delayed 2 second(s)

2018-12-12 19:20:36 - [MESSAGE][PASSED] - Delayed 2 second(s)

2018-12-12 19:20:36 - [TEST_STEP][PASSED] - click: Object: 'Object Repository/Final Object Repo/WorkFlow Listing Page/Search Ref No Search Button' is clicked on

2018-12-12 19:20:36 - [MESSAGE][PASSED] - Object: 'Object Repository/Final Object Repo/WorkFlow Listing Page/Search Ref No Search Button' is clicked on

2018-12-12 19:20:36 - [TEST_STEP][PASSED] - delay: Delayed 6 second(s)

2018-12-12 19:20:42 - [MESSAGE][PASSED] - Delayed 6 second(s)

2018-12-12 19:20:42 - [TEST_STEP][PASSED] - click: Object: 'Object Repository/Final Object Repo/WorkFlow Listing Page/Click Continue Tooltip' is clicked on

2018-12-12 19:20:43 - [MESSAGE][PASSED] - Object: 'Object Repository/Final Object Repo/WorkFlow Listing Page/Click Continue Tooltip' is clicked on

2018-12-12 19:20:43 - [TEST_STEP][PASSED] - delay: Delayed 5 second(s)

2018-12-12 19:20:48 - [MESSAGE][PASSED] - Delayed 5 second(s)

2018-12-12 19:20:48 - [TEST_STEP][PASSED] - doubleClick: Object: 'Object Repository/Final Object Repo/WorkFlow Listing Page/Workflow Found - Listing 1' is double clicked on

2018-12-12 19:20:48 - [MESSAGE][PASSED] - Object: 'Object Repository/Final Object Repo/WorkFlow Listing Page/Workflow Found - Listing 1' is double clicked on

2018-12-12 19:20:48 - [TEST_STEP][PASSED] - Statement - println(OwnerID): null

2018-12-12 19:20:48 - [TEST_STEP][PASSED] - Statement - OwnerID = com.kms.katalon.core.webui.keyword.WebUiBuiltInKeywords.getText(com.kms.katalon.core.testobject.ObjectRepository.findTestObject(Final Object Repo/WorkFlow Listing Page/Workflow Found - Listing 1), STOP_ON_FAILURE): Text of object 'Object Repository/Final Object Repo/WorkFlow Listing Page/Workflow Found - Listing 1' is: 'JOHORro3'

2018-12-12 19:20:48 - [MESSAGE][PASSED] - Text of object 'Object Repository/Final Object Repo/WorkFlow Listing Page/Workflow Found - Listing 1' is: 'JOHORro3'

2018-12-12 19:20:48 - [TEST_STEP][PASSED] - Statement - OwnerID = OwnerID.toLowerCase() + "@gmail.com": null

2018-12-12 19:20:48 - [TEST_STEP][PASSED] - Statement - println(OwnerID): null

2018-12-12 19:20:48 - [TEST_STEP][PASSED] - delay: Delayed 2 second(s)

2018-12-12 19:20:50 - [MESSAGE][PASSED] - Delayed 2 second(s)

2018-12-12 19:20:50 - [MESSAGE][PASSED] - Call Test Case 'Test Cases/Final Aug 2018 - PKS Automation/Common/Workflow Owner Finder' successfully

2018-12-12 19:20:50 - [TEST_STEP][PASSED] - callTestCase: Call Test Case 'Test Cases/Final Aug 2018 - PKS Automation/Registration Module/Log Out/log out avoiding katalon tagging' successfully

2018-12-12 19:20:50 - [TEST_CASE][PASSED] - Test Cases/Final Aug 2018 - PKS Automation/Registration Module/Log Out/log out avoiding katalon tagging: Test Cases/Final Aug 2018 - PKS Automation/Registration Module/Log Out/log out avoiding katalon tagging

2018-12-12 19:20:50 - [TEST_STEP][PASSED] - navigateToUrl: Navigate to 'https://assist2-uat.perkeso.gov.my/c/portal/logout' successfully

2018-12-12 19:20:51 - [MESSAGE][PASSED] - Navigate to 'https://assist2-uat.perkeso.gov.my/c/portal/logout' successfully

2018-12-12 19:20:51 - [MESSAGE][PASSED] - Call Test Case 'Test Cases/Final Aug 2018 - PKS Automation/Registration Module/Log Out/log out avoiding katalon tagging' successfully

2018-12-12 19:20:51 - [TEST_STEP][PASSED] - delay: Delayed 2 second(s)

2018-12-12 19:20:53 - [MESSAGE][PASSED] - Delayed 2 second(s)

2018-12-12 19:20:53 - [TEST_STEP][PASSED] - setText: Text 'johorro3@gmail.com' is set on object 'Object Repository/Final Object Repo/New Registration - Registration Module Pages/New Reg - OTC to RO/Special Case - All Related Objects/Email TextBox'

2018-12-12 19:20:53 - [MESSAGE][PASSED] - Text 'johorro3@gmail.com' is set on object 'Object Repository/Final Object Repo/New Registration - Registration Module Pages/New Reg - OTC to RO/Special Case - All Related Objects/Email TextBox'

2018-12-12 19:20:53 - [TEST_STEP][PASSED] - click: Object: 'Object Repository/Final Object Repo/New Registration - Registration Module Pages/New Reg - OTC to RO/Special Case - All Related Objects/Next Button' is clicked on

2018-12-12 19:20:54 - [MESSAGE][PASSED] - Object: 'Object Repository/Final Object Repo/New Registration - Registration Module Pages/New Reg - OTC to RO/Special Case - All Related Objects/Next Button' is clicked on

2018-12-12 19:20:54 - [TEST_STEP][PASSED] - delay: Delayed 2 second(s)

2018-12-12 19:20:56 - [MESSAGE][PASSED] - Delayed 2 second(s)

2018-12-12 19:20:56 - [TEST_STEP][PASSED] - setText: Text 'Test1@3456789' is set on object 'Object Repository/Final Object Repo/New Registration - Registration Module Pages/New Reg - OTC to RO/Special Case - All Related Objects/Password TextBox'

2018-12-12 19:20:56 - [MESSAGE][PASSED] - Text 'Test1@3456789' is set on object 'Object Repository/Final Object Repo/New Registration - Registration Module Pages/New Reg - OTC to RO/Special Case - All Related Objects/Password TextBox'

2018-12-12 19:20:56 - [TEST_STEP][PASSED] - delay: Delayed 2 second(s)

2018-12-12 19:20:58 - [MESSAGE][PASSED] - Delayed 2 second(s)

2018-12-12 19:20:58 - [TEST_STEP][PASSED] - click: Object: 'Object Repository/Final Object Repo/New Registration - Registration Module Pages/New Reg - OTC to RO/Special Case - All Related Objects/Login Button' is clicked on

2018-12-12 19:20:58 - [MESSAGE][PASSED] - Object: 'Object Repository/Final Object Repo/New Registration - Registration Module Pages/New Reg - OTC to RO/Special Case - All Related Objects/Login Button' is clicked on

2018-12-12 19:20:58 - [TEST_STEP][PASSED] - delay: Delayed 2 second(s)

2018-12-12 19:21:00 - [MESSAGE][PASSED] - Delayed 2 second(s)

2018-12-12 19:21:00 - [TEST_STEP][PASSED] - Statement - Try: null

2018-12-12 19:21:00 - [TEST_STEP][PASSED] - Statement - Checker = com.kms.katalon.core.webui.keyword.WebUiBuiltInKeywords.verifyElementNotPresent("Final Object Repo/Landing Page/Select to English", 3): null

2018-12-12 19:21:00 - [TEST_STEP][PASSED] - Statement - Catch (Exception e): null

2018-12-12 19:21:00 - [TEST_STEP][PASSED] - Statement - e.printStackTrace(): null

2018-12-12 19:21:00 - [TEST_STEP][PASSED] - click: Object: 'Object Repository/Final Object Repo/New Registration - Registration Module Pages/New Reg - OTC to RO/Special Case - All Related Objects/Expand to Search' is clicked on

2018-12-12 19:21:00 - [MESSAGE][PASSED] - Object: 'Object Repository/Final Object Repo/New Registration - Registration Module Pages/New Reg - OTC to RO/Special Case - All Related Objects/Expand to Search' is clicked on

2018-12-12 19:21:00 - [TEST_STEP][FAILED] - setText: Unable to set text 'CRN12201800123230' of object 'Object Repository/Final Object Repo/New Registration - Registration Module Pages/New Reg - OTC to RO/Special Case - All Related Objects/TextBox RefNo in Workbasket' (Root cause: org.openqa.selenium.ElementNotVisibleException: element not interactable
  (Session info: chrome=70.0.3538.110)
  (Driver info: chromedriver=2.43.600210 (68dcf5eebde37173d4027fa8635e332711d2874a),platform=Windows NT 6.1.7601 SP1 x86_64) (WARNING: The server did not provide any stacktrace information)
Command duration or timeout: 0 milliseconds
Build info: version: '3.7.1', revision: '8a0099a', time: '2017-11-06T21:07:36.161Z'
System info: host: 'WIN7TEST02', ip: '10.20.3.72', os.name: 'Windows 7', os.arch: 'amd64', os.version: '6.1', java.version: '1.8.0_181'
Driver info: com.kms.katalon.selenium.driver.CChromeDriver
Capabilities {acceptInsecureCerts: false, acceptSslCerts: false, applicationCacheEnabled: false, browserConnectionEnabled: false, browserName: chrome, chrome: {chromedriverVersion: 2.43.600210 (68dcf5eebde371..., userDataDir: C:\Users\Admin\AppData\Loca...}, cssSelectorsEnabled: true, databaseEnabled: false, goog:chromeOptions: {debuggerAddress: localhost:55394}, handlesAlerts: true, hasTouchScreen: false, javascriptEnabled: true, locationContextEnabled: true, mobileEmulationEnabled: false, nativeEvents: true, networkConnectionEnabled: false, pageLoadStrategy: normal, platform: XP, platformName: XP, rotatable: false, setWindowRect: true, takesHeapSnapshot: true, takesScreenshot: true, unexpectedAlertBehaviour: , unhandledPromptBehavior: , version: 70.0.3538.110, webStorageEnabled: true}
Session ID: ed6401389f6ec4ebbe95740f7e502f53)

2018-12-12 19:21:01 - [MESSAGE][FAILED] - Unable to set text 'CRN12201800123230' of object 'Object Repository/Final Object Repo/New Registration - Registration Module Pages/New Reg - OTC to RO/Special Case - All Related Objects/TextBox RefNo in Workbasket' (Root cause: org.openqa.selenium.ElementNotVisibleException: element not interactable
  (Session info: chrome=70.0.3538.110)
  (Driver info: chromedriver=2.43.600210 (68dcf5eebde37173d4027fa8635e332711d2874a),platform=Windows NT 6.1.7601 SP1 x86_64) (WARNING: The server did not provide any stacktrace information)
Command duration or timeout: 0 milliseconds
Build info: version: '3.7.1', revision: '8a0099a', time: '2017-11-06T21:07:36.161Z'
System info: host: 'WIN7TEST02', ip: '10.20.3.72', os.name: 'Windows 7', os.arch: 'amd64', os.version: '6.1', java.version: '1.8.0_181'
Driver info: com.kms.katalon.selenium.driver.CChromeDriver
Capabilities {acceptInsecureCerts: false, acceptSslCerts: false, applicationCacheEnabled: false, browserConnectionEnabled: false, browserName: chrome, chrome: {chromedriverVersion: 2.43.600210 (68dcf5eebde371..., userDataDir: C:\Users\Admin\AppData\Loca...}, cssSelectorsEnabled: true, databaseEnabled: false, goog:chromeOptions: {debuggerAddress: localhost:55394}, handlesAlerts: true, hasTouchScreen: false, javascriptEnabled: true, locationContextEnabled: true, mobileEmulationEnabled: false, nativeEvents: true, networkConnectionEnabled: false, pageLoadStrategy: normal, platform: XP, platformName: XP, rotatable: false, setWindowRect: true, takesHeapSnapshot: true, takesScreenshot: true, unexpectedAlertBehaviour: , unhandledPromptBehavior: , version: 70.0.3538.110, webStorageEnabled: true}
Session ID: ed6401389f6ec4ebbe95740f7e502f53)
[[ATTACHMENT|C:\\Users\\Admin\\Desktop\\PKS\\Perkeso Phase A\\Reports\\Workflow\\New Registration\\20181212_150049\\1544613660755.png]]

2018-12-12 19:21:01 - [TEST_STEP][PASSED] - delay: Delayed 2 second(s)

2018-12-12 19:21:03 - [MESSAGE][PASSED] - Delayed 2 second(s)

2018-12-12 19:21:03 - [TEST_STEP][PASSED] - click: Object: 'Object Repository/Final Object Repo/New Registration - Registration Module Pages/New Reg - OTC to RO/Special Case - All Related Objects/Click Search' is clicked on

2018-12-12 19:21:03 - [MESSAGE][PASSED] - Object: 'Object Repository/Final Object Repo/New Registration - Registration Module Pages/New Reg - OTC to RO/Special Case - All Related Objects/Click Search' is clicked on

2018-12-12 19:21:03 - [TEST_STEP][PASSED] - delay: Delayed 2 second(s)

2018-12-12 19:21:05 - [MESSAGE][PASSED] - Delayed 2 second(s)

2018-12-12 19:21:05 - [TEST_STEP][PASSED] - click: Object: 'Object Repository/Final Object Repo/New Registration - Registration Module Pages/New Reg - OTC to RO/Special Case - All Related Objects/Click to Continue Workflow' is clicked on

2018-12-12 19:21:08 - [MESSAGE][PASSED] - Object: 'Object Repository/Final Object Repo/New Registration - Registration Module Pages/New Reg - OTC to RO/Special Case - All Related Objects/Click to Continue Workflow' is clicked on

2018-12-12 19:21:08 - [TEST_STEP][PASSED] - delay: Delayed 2 second(s)

2018-12-12 19:21:10 - [MESSAGE][PASSED] - Delayed 2 second(s)

2018-12-12 19:21:10 - [TEST_STEP][PASSED] - click: Object: 'Object Repository/Final Object Repo/New Registration - Registration Module Pages/New Reg - OTC to RO/Special Case - All Related Objects/Continue Button in verifying case' is clicked on

2018-12-12 19:21:12 - [MESSAGE][PASSED] - Object: 'Object Repository/Final Object Repo/New Registration - Registration Module Pages/New Reg - OTC to RO/Special Case - All Related Objects/Continue Button in verifying case' is clicked on

2018-12-12 19:21:12 - [TEST_STEP][PASSED] - delay: Delayed 2 second(s)

2018-12-12 19:21:14 - [MESSAGE][PASSED] - Delayed 2 second(s)

2018-12-12 19:21:14 - [TEST_STEP][PASSED] - click: Object: 'Object Repository/Final Object Repo/New Registration - Registration Module Pages/Form 1/Registered As a Branch - Yes' is clicked on

2018-12-12 19:21:14 - [MESSAGE][PASSED] - Object: 'Object Repository/Final Object Repo/New Registration - Registration Module Pages/Form 1/Registered As a Branch - Yes' is clicked on

2018-12-12 19:21:14 - [TEST_STEP][PASSED] - delay: Delayed 2 second(s)

2018-12-12 19:21:16 - [MESSAGE][PASSED] - Delayed 2 second(s)

2018-12-12 19:21:16 - [TEST_STEP][PASSED] - click: Object: 'Object Repository/Final Object Repo/New Registration - Registration Module Pages/New Reg - OTC to RO/Special Case - All Related Objects/Form 1 Save n Continue' is clicked on

2018-12-12 19:21:16 - [MESSAGE][PASSED] - Object: 'Object Repository/Final Object Repo/New Registration - Registration Module Pages/New Reg - OTC to RO/Special Case - All Related Objects/Form 1 Save n Continue' is clicked on

2018-12-12 19:21:16 - [TEST_STEP][PASSED] - delay: Delayed 2 second(s)

2018-12-12 19:21:18 - [MESSAGE][PASSED] - Delayed 2 second(s)

2018-12-12 19:21:18 - [TEST_STEP][PASSED] - click: Object: 'Object Repository/Final Object Repo/New Registration - Registration Module Pages/New Reg - OTC to RO/Special Case - All Related Objects/Form 2 Save n Continue' is clicked on

2018-12-12 19:21:18 - [MESSAGE][PASSED] - Object: 'Object Repository/Final Object Repo/New Registration - Registration Module Pages/New Reg - OTC to RO/Special Case - All Related Objects/Form 2 Save n Continue' is clicked on

2018-12-12 19:21:18 - [TEST_STEP][PASSED] - delay: Delayed 2 second(s)

2018-12-12 19:21:20 - [MESSAGE][PASSED] - Delayed 2 second(s)

2018-12-12 19:21:20 - [TEST_STEP][PASSED] - click: Object: 'Object Repository/Final Object Repo/New Registration - Registration Module Pages/New Reg - OTC to RO/Special Case - All Related Objects/Third Screen Save n Continue' is clicked on

2018-12-12 19:21:26 - [MESSAGE][PASSED] - Object: 'Object Repository/Final Object Repo/New Registration - Registration Module Pages/New Reg - OTC to RO/Special Case - All Related Objects/Third Screen Save n Continue' is clicked on

2018-12-12 19:21:26 - [TEST_STEP][PASSED] - delay: Delayed 5 second(s)

2018-12-12 19:21:31 - [MESSAGE][PASSED] - Delayed 5 second(s)

2018-12-12 19:21:31 - [TEST_STEP][PASSED] - click: Object: 'Object Repository/Final Object Repo/New Registration - Registration Module Pages/New Reg - OTC to RO/Special Case - All Related Objects/Upload Doc Page Save n Continue' is clicked on

2018-12-12 19:21:31 - [MESSAGE][PASSED] - Object: 'Object Repository/Final Object Repo/New Registration - Registration Module Pages/New Reg - OTC to RO/Special Case - All Related Objects/Upload Doc Page Save n Continue' is clicked on

2018-12-12 19:21:31 - [TEST_STEP][PASSED] - callTestCase: Call Test Case 'Test Cases/Final Aug 2018 - PKS Automation/Registration Module/New Registration/Submit and Screenshot/Submit Registration and Screenshot' successfully

2018-12-12 19:21:31 - [TEST_CASE][PASSED] - Test Cases/Final Aug 2018 - PKS Automation/Registration Module/New Registration/Submit and Screenshot/Submit Registration and Screenshot: Test Cases/Final Aug 2018 - PKS Automation/Registration Module/New Registration/Submit and Screenshot/Submit Registration and Screenshot

2018-12-12 19:21:31 - [TEST_STEP][PASSED] - delay: Delayed 6 second(s)

2018-12-12 19:21:37 - [MESSAGE][PASSED] - Delayed 6 second(s)

2018-12-12 19:21:37 - [TEST_STEP][PASSED] - click: Object: 'Object Repository/Final Object Repo/New Registration - Registration Module Pages/Third Screen - Upload Supporting Doc- Preview/Preview Submit Button' is clicked on

2018-12-12 19:21:37 - [MESSAGE][PASSED] - Object: 'Object Repository/Final Object Repo/New Registration - Registration Module Pages/Third Screen - Upload Supporting Doc- Preview/Preview Submit Button' is clicked on

2018-12-12 19:21:37 - [TEST_STEP][PASSED] - delay: Delayed 2 second(s)

2018-12-12 19:21:39 - [MESSAGE][PASSED] - Delayed 2 second(s)

2018-12-12 19:21:39 - [TEST_STEP][PASSED] - click: Object: 'Object Repository/Final Object Repo/New Registration - Registration Module Pages/Third Screen - Upload Supporting Doc- Preview/Preview Submit - Confirm' is clicked on

2018-12-12 19:21:39 - [MESSAGE][PASSED] - Object: 'Object Repository/Final Object Repo/New Registration - Registration Module Pages/Third Screen - Upload Supporting Doc- Preview/Preview Submit - Confirm' is clicked on

2018-12-12 19:21:39 - [TEST_STEP][PASSED] - delay: Delayed 15 second(s)

2018-12-12 19:21:54 - [MESSAGE][PASSED] - Delayed 15 second(s)

2018-12-12 19:21:54 - [TEST_STEP][PASSED] - Statement - driver = com.kms.katalon.core.webui.driver.DriverFactory.getWebDriver(): null

2018-12-12 19:21:54 - [TEST_STEP][PASSED] - Statement - driver.manage().timeouts().implicitlyWait(10, SECONDS): null

2018-12-12 19:21:54 - [TEST_STEP][PASSED] - Statement - PresavePath = KatalonScreenshots: null

2018-12-12 19:21:54 - [TEST_STEP][PASSED] - Statement - pathPrefix = "C:\Users\Public\Pictures\Sample Pictures\Katalon Screenshots\Automate Ending Screen": null

2018-12-12 19:21:54 - [TEST_STEP][PASSED] - Statement - finalPath = <not implemented yet for class: org.codehaus.groovy.ast.expr.EmptyExpression>: null

2018-12-12 19:21:54 - [TEST_STEP][PASSED] - Statement - scrFile = driver.getScreenshotAs(FILE): null

2018-12-12 19:21:55 - [TEST_STEP][PASSED] - Statement - PreSaveFile = new java.io.File(PresavePath): null

2018-12-12 19:21:55 - [TEST_STEP][PASSED] - Statement - counter = 0: null

2018-12-12 19:21:55 - [TEST_STEP][PASSED] - Statement - If (PreSaveFile.exists()): null

2018-12-12 19:21:55 - [TEST_STEP][PASSED] - Statement - While (PreSaveFile.exists()): null

2018-12-12 19:21:55 - [TEST_STEP][PASSED] - Statement - counter = counter + 1: null

2018-12-12 19:21:55 - [TEST_STEP][PASSED] - Statement - PreSaveFile = new java.io.File(((pathPrefix + java.lang.Integer.toString(counter)) + .png)): null

2018-12-12 19:21:55 - [TEST_STEP][PASSED] - Statement - counter = counter + 1: null

2018-12-12 19:21:55 - [TEST_STEP][PASSED] - Statement - PreSaveFile = new java.io.File(((pathPrefix + java.lang.Integer.toString(counter)) + .png)): null

2018-12-12 19:21:55 - [TEST_STEP][PASSED] - Statement - counter = counter + 1: null

2018-12-12 19:21:55 - [TEST_STEP][PASSED] - Statement - PreSaveFile = new java.io.File(((pathPrefix + java.lang.Integer.toString(counter)) + .png)): null

2018-12-12 19:21:55 - [TEST_STEP][PASSED] - Statement - counter = counter + 1: null

2018-12-12 19:21:55 - [TEST_STEP][PASSED] - Statement - PreSaveFile = new java.io.File(((pathPrefix + java.lang.Integer.toString(counter)) + .png)): null

2018-12-12 19:21:55 - [TEST_STEP][PASSED] - Statement - counter = counter + 1: null

2018-12-12 19:21:55 - [TEST_STEP][PASSED] - Statement - PreSaveFile = new java.io.File(((pathPrefix + java.lang.Integer.toString(counter)) + .png)): null

2018-12-12 19:21:55 - [TEST_STEP][PASSED] - Statement - counter = counter + 1: null

2018-12-12 19:21:55 - [TEST_STEP][PASSED] - Statement - PreSaveFile = new java.io.File(((pathPrefix + java.lang.Integer.toString(counter)) + .png)): null

2018-12-12 19:21:55 - [TEST_STEP][PASSED] - Statement - counter = counter + 1: null

2018-12-12 19:21:55 - [TEST_STEP][PASSED] - Statement - PreSaveFile = new java.io.File(((pathPrefix + java.lang.Integer.toString(counter)) + .png)): null

2018-12-12 19:21:55 - [TEST_STEP][PASSED] - Statement - counter = counter + 1: null

2018-12-12 19:21:55 - [TEST_STEP][PASSED] - Statement - PreSaveFile = new java.io.File(((pathPrefix + java.lang.Integer.toString(counter)) + .png)): null

2018-12-12 19:21:55 - [TEST_STEP][PASSED] - Statement - counter = counter + 1: null

2018-12-12 19:21:55 - [TEST_STEP][PASSED] - Statement - PreSaveFile = new java.io.File(((pathPrefix + java.lang.Integer.toString(counter)) + .png)): null

2018-12-12 19:21:55 - [TEST_STEP][PASSED] - Statement - counter = counter + 1: null

2018-12-12 19:21:55 - [TEST_STEP][PASSED] - Statement - PreSaveFile = new java.io.File(((pathPrefix + java.lang.Integer.toString(counter)) + .png)): null

2018-12-12 19:21:55 - [TEST_STEP][PASSED] - Statement - counter = counter + 1: null

2018-12-12 19:21:55 - [TEST_STEP][PASSED] - Statement - PreSaveFile = new java.io.File(((pathPrefix + java.lang.Integer.toString(counter)) + .png)): null

2018-12-12 19:21:55 - [TEST_STEP][PASSED] - Statement - counter = counter + 1: null

2018-12-12 19:21:55 - [TEST_STEP][PASSED] - Statement - PreSaveFile = new java.io.File(((pathPrefix + java.lang.Integer.toString(counter)) + .png)): null

2018-12-12 19:21:55 - [TEST_STEP][PASSED] - Statement - counter = counter + 1: null

2018-12-12 19:21:55 - [TEST_STEP][PASSED] - Statement - PreSaveFile = new java.io.File(((pathPrefix + java.lang.Integer.toString(counter)) + .png)): null

2018-12-12 19:21:55 - [TEST_STEP][PASSED] - Statement - counter = counter + 1: null

2018-12-12 19:21:55 - [TEST_STEP][PASSED] - Statement - PreSaveFile = new java.io.File(((pathPrefix + java.lang.Integer.toString(counter)) + .png)): null

2018-12-12 19:21:55 - [TEST_STEP][PASSED] - Statement - counter = counter + 1: null

2018-12-12 19:21:55 - [TEST_STEP][PASSED] - Statement - PreSaveFile = new java.io.File(((pathPrefix + java.lang.Integer.toString(counter)) + .png)): null

2018-12-12 19:21:55 - [TEST_STEP][PASSED] - Statement - counter = counter + 1: null

2018-12-12 19:21:55 - [TEST_STEP][PASSED] - Statement - PreSaveFile = new java.io.File(((pathPrefix + java.lang.Integer.toString(counter)) + .png)): null

2018-12-12 19:21:55 - [TEST_STEP][PASSED] - Statement - counter = counter + 1: null

2018-12-12 19:21:55 - [TEST_STEP][PASSED] - Statement - PreSaveFile = new java.io.File(((pathPrefix + java.lang.Integer.toString(counter)) + .png)): null

2018-12-12 19:21:55 - [TEST_STEP][PASSED] - Statement - counter = counter + 1: null

2018-12-12 19:21:55 - [TEST_STEP][PASSED] - Statement - PreSaveFile = new java.io.File(((pathPrefix + java.lang.Integer.toString(counter)) + .png)): null

2018-12-12 19:21:55 - [TEST_STEP][PASSED] - Statement - counter = counter + 1: null

2018-12-12 19:21:55 - [TEST_STEP][PASSED] - Statement - PreSaveFile = new java.io.File(((pathPrefix + java.lang.Integer.toString(counter)) + .png)): null

2018-12-12 19:21:55 - [TEST_STEP][PASSED] - Statement - counter = counter + 1: null

2018-12-12 19:21:55 - [TEST_STEP][PASSED] - Statement - PreSaveFile = new java.io.File(((pathPrefix + java.lang.Integer.toString(counter)) + .png)): null

2018-12-12 19:21:55 - [TEST_STEP][PASSED] - Statement - counter = counter + 1: null

2018-12-12 19:21:55 - [TEST_STEP][PASSED] - Statement - PreSaveFile = new java.io.File(((pathPrefix + java.lang.Integer.toString(counter)) + .png)): null

2018-12-12 19:21:55 - [TEST_STEP][PASSED] - Statement - counter = counter + 1: null

2018-12-12 19:21:55 - [TEST_STEP][PASSED] - Statement - PreSaveFile = new java.io.File(((pathPrefix + java.lang.Integer.toString(counter)) + .png)): null

2018-12-12 19:21:55 - [TEST_STEP][PASSED] - Statement - counter = counter + 1: null

2018-12-12 19:21:55 - [TEST_STEP][PASSED] - Statement - PreSaveFile = new java.io.File(((pathPrefix + java.lang.Integer.toString(counter)) + .png)): null

2018-12-12 19:21:55 - [TEST_STEP][PASSED] - Statement - counter = counter + 1: null

2018-12-12 19:21:55 - [TEST_STEP][PASSED] - Statement - PreSaveFile = new java.io.File(((pathPrefix + java.lang.Integer.toString(counter)) + .png)): null

2018-12-12 19:21:55 - [TEST_STEP][PASSED] - Statement - counter = counter + 1: null

2018-12-12 19:21:55 - [TEST_STEP][PASSED] - Statement - PreSaveFile = new java.io.File(((pathPrefix + java.lang.Integer.toString(counter)) + .png)): null

2018-12-12 19:21:55 - [TEST_STEP][PASSED] - Statement - counter = counter + 1: null

2018-12-12 19:21:55 - [TEST_STEP][PASSED] - Statement - PreSaveFile = new java.io.File(((pathPrefix + java.lang.Integer.toString(counter)) + .png)): null

2018-12-12 19:21:55 - [TEST_STEP][PASSED] - Statement - counter = counter + 1: null

2018-12-12 19:21:55 - [TEST_STEP][PASSED] - Statement - PreSaveFile = new java.io.File(((pathPrefix + java.lang.Integer.toString(counter)) + .png)): null

2018-12-12 19:21:55 - [TEST_STEP][PASSED] - Statement - counter = counter + 1: null

2018-12-12 19:21:55 - [TEST_STEP][PASSED] - Statement - PreSaveFile = new java.io.File(((pathPrefix + java.lang.Integer.toString(counter)) + .png)): null

2018-12-12 19:21:55 - [TEST_STEP][PASSED] - Statement - counter = counter + 1: null

2018-12-12 19:21:55 - [TEST_STEP][PASSED] - Statement - PreSaveFile = new java.io.File(((pathPrefix + java.lang.Integer.toString(counter)) + .png)): null

2018-12-12 19:21:55 - [TEST_STEP][PASSED] - Statement - counter = counter + 1: null

2018-12-12 19:21:55 - [TEST_STEP][PASSED] - Statement - PreSaveFile = new java.io.File(((pathPrefix + java.lang.Integer.toString(counter)) + .png)): null

2018-12-12 19:21:55 - [TEST_STEP][PASSED] - Statement - counter = counter + 1: null

2018-12-12 19:21:55 - [TEST_STEP][PASSED] - Statement - PreSaveFile = new java.io.File(((pathPrefix + java.lang.Integer.toString(counter)) + .png)): null

2018-12-12 19:21:55 - [TEST_STEP][PASSED] - Statement - counter = counter + 1: null

2018-12-12 19:21:55 - [TEST_STEP][PASSED] - Statement - PreSaveFile = new java.io.File(((pathPrefix + java.lang.Integer.toString(counter)) + .png)): null

2018-12-12 19:21:55 - [TEST_STEP][PASSED] - Statement - counter = counter + 1: null

2018-12-12 19:21:55 - [TEST_STEP][PASSED] - Statement - PreSaveFile = new java.io.File(((pathPrefix + java.lang.Integer.toString(counter)) + .png)): null

2018-12-12 19:21:55 - [TEST_STEP][PASSED] - Statement - counter = counter + 1: null

2018-12-12 19:21:55 - [TEST_STEP][PASSED] - Statement - PreSaveFile = new java.io.File(((pathPrefix + java.lang.Integer.toString(counter)) + .png)): null

2018-12-12 19:21:55 - [TEST_STEP][PASSED] - Statement - counter = counter + 1: null

2018-12-12 19:21:55 - [TEST_STEP][PASSED] - Statement - PreSaveFile = new java.io.File(((pathPrefix + java.lang.Integer.toString(counter)) + .png)): null

2018-12-12 19:21:55 - [TEST_STEP][PASSED] - Statement - counter = counter + 1: null

2018-12-12 19:21:55 - [TEST_STEP][PASSED] - Statement - PreSaveFile = new java.io.File(((pathPrefix + java.lang.Integer.toString(counter)) + .png)): null

2018-12-12 19:21:55 - [TEST_STEP][PASSED] - Statement - counter = counter + 1: null

2018-12-12 19:21:55 - [TEST_STEP][PASSED] - Statement - PreSaveFile = new java.io.File(((pathPrefix + java.lang.Integer.toString(counter)) + .png)): null

2018-12-12 19:21:55 - [TEST_STEP][PASSED] - Statement - counter = counter + 1: null

2018-12-12 19:21:55 - [TEST_STEP][PASSED] - Statement - PreSaveFile = new java.io.File(((pathPrefix + java.lang.Integer.toString(counter)) + .png)): null

2018-12-12 19:21:55 - [TEST_STEP][PASSED] - Statement - counter = counter + 1: null

2018-12-12 19:21:55 - [TEST_STEP][PASSED] - Statement - PreSaveFile = new java.io.File(((pathPrefix + java.lang.Integer.toString(counter)) + .png)): null

2018-12-12 19:21:55 - [TEST_STEP][PASSED] - Statement - counter = counter + 1: null

2018-12-12 19:21:55 - [TEST_STEP][PASSED] - Statement - PreSaveFile = new java.io.File(((pathPrefix + java.lang.Integer.toString(counter)) + .png)): null

2018-12-12 19:21:55 - [TEST_STEP][PASSED] - Statement - counter = counter + 1: null

2018-12-12 19:21:55 - [TEST_STEP][PASSED] - Statement - PreSaveFile = new java.io.File(((pathPrefix + java.lang.Integer.toString(counter)) + .png)): null

2018-12-12 19:21:55 - [TEST_STEP][PASSED] - Statement - counter = counter + 1: null

2018-12-12 19:21:55 - [TEST_STEP][PASSED] - Statement - PreSaveFile = new java.io.File(((pathPrefix + java.lang.Integer.toString(counter)) + .png)): null

2018-12-12 19:21:55 - [TEST_STEP][PASSED] - Statement - counter = counter + 1: null

2018-12-12 19:21:55 - [TEST_STEP][PASSED] - Statement - PreSaveFile = new java.io.File(((pathPrefix + java.lang.Integer.toString(counter)) + .png)): null

2018-12-12 19:21:55 - [TEST_STEP][PASSED] - Statement - counter = counter + 1: null

2018-12-12 19:21:55 - [TEST_STEP][PASSED] - Statement - PreSaveFile = new java.io.File(((pathPrefix + java.lang.Integer.toString(counter)) + .png)): null

2018-12-12 19:21:55 - [TEST_STEP][PASSED] - Statement - counter = counter + 1: null

2018-12-12 19:21:55 - [TEST_STEP][PASSED] - Statement - PreSaveFile = new java.io.File(((pathPrefix + java.lang.Integer.toString(counter)) + .png)): null

2018-12-12 19:21:55 - [TEST_STEP][PASSED] - Statement - counter = counter + 1: null

2018-12-12 19:21:55 - [TEST_STEP][PASSED] - Statement - PreSaveFile = new java.io.File(((pathPrefix + java.lang.Integer.toString(counter)) + .png)): null

2018-12-12 19:21:55 - [TEST_STEP][PASSED] - Statement - counter = counter + 1: null

2018-12-12 19:21:55 - [TEST_STEP][PASSED] - Statement - PreSaveFile = new java.io.File(((pathPrefix + java.lang.Integer.toString(counter)) + .png)): null

2018-12-12 19:21:55 - [TEST_STEP][PASSED] - Statement - counter = counter + 1: null

2018-12-12 19:21:55 - [TEST_STEP][PASSED] - Statement - PreSaveFile = new java.io.File(((pathPrefix + java.lang.Integer.toString(counter)) + .png)): null

2018-12-12 19:21:55 - [TEST_STEP][PASSED] - Statement - counter = counter + 1: null

2018-12-12 19:21:55 - [TEST_STEP][PASSED] - Statement - PreSaveFile = new java.io.File(((pathPrefix + java.lang.Integer.toString(counter)) + .png)): null

2018-12-12 19:21:55 - [TEST_STEP][PASSED] - Statement - counter = counter + 1: null

2018-12-12 19:21:55 - [TEST_STEP][PASSED] - Statement - PreSaveFile = new java.io.File(((pathPrefix + java.lang.Integer.toString(counter)) + .png)): null

2018-12-12 19:21:55 - [TEST_STEP][PASSED] - Statement - counter = counter + 1: null

2018-12-12 19:21:55 - [TEST_STEP][PASSED] - Statement - PreSaveFile = new java.io.File(((pathPrefix + java.lang.Integer.toString(counter)) + .png)): null

2018-12-12 19:21:55 - [TEST_STEP][PASSED] - Statement - counter = counter + 1: null

2018-12-12 19:21:55 - [TEST_STEP][PASSED] - Statement - PreSaveFile = new java.io.File(((pathPrefix + java.lang.Integer.toString(counter)) + .png)): null

2018-12-12 19:21:55 - [TEST_STEP][PASSED] - Statement - counter = counter + 1: null

2018-12-12 19:21:55 - [TEST_STEP][PASSED] - Statement - PreSaveFile = new java.io.File(((pathPrefix + java.lang.Integer.toString(counter)) + .png)): null

2018-12-12 19:21:55 - [TEST_STEP][PASSED] - Statement - counter = counter + 1: null

2018-12-12 19:21:55 - [TEST_STEP][PASSED] - Statement - PreSaveFile = new java.io.File(((pathPrefix + java.lang.Integer.toString(counter)) + .png)): null

2018-12-12 19:21:55 - [TEST_STEP][PASSED] - Statement - counter = counter + 1: null

2018-12-12 19:21:55 - [TEST_STEP][PASSED] - Statement - PreSaveFile = new java.io.File(((pathPrefix + java.lang.Integer.toString(counter)) + .png)): null

2018-12-12 19:21:55 - [TEST_STEP][PASSED] - Statement - counter = counter + 1: null

2018-12-12 19:21:55 - [TEST_STEP][PASSED] - Statement - PreSaveFile = new java.io.File(((pathPrefix + java.lang.Integer.toString(counter)) + .png)): null

2018-12-12 19:21:55 - [TEST_STEP][PASSED] - Statement - counter = counter + 1: null

2018-12-12 19:21:55 - [TEST_STEP][PASSED] - Statement - PreSaveFile = new java.io.File(((pathPrefix + java.lang.Integer.toString(counter)) + .png)): null

2018-12-12 19:21:55 - [TEST_STEP][PASSED] - Statement - counter = counter + 1: null

2018-12-12 19:21:55 - [TEST_STEP][PASSED] - Statement - PreSaveFile = new java.io.File(((pathPrefix + java.lang.Integer.toString(counter)) + .png)): null

2018-12-12 19:21:55 - [TEST_STEP][PASSED] - Statement - counter = counter + 1: null

2018-12-12 19:21:55 - [TEST_STEP][PASSED] - Statement - PreSaveFile = new java.io.File(((pathPrefix + java.lang.Integer.toString(counter)) + .png)): null

2018-12-12 19:21:55 - [TEST_STEP][PASSED] - Statement - counter = counter + 1: null

2018-12-12 19:21:55 - [TEST_STEP][PASSED] - Statement - PreSaveFile = new java.io.File(((pathPrefix + java.lang.Integer.toString(counter)) + .png)): null

2018-12-12 19:21:55 - [TEST_STEP][PASSED] - Statement - counter = counter + 1: null

2018-12-12 19:21:55 - [TEST_STEP][PASSED] - Statement - PreSaveFile = new java.io.File(((pathPrefix + java.lang.Integer.toString(counter)) + .png)): null

2018-12-12 19:21:55 - [TEST_STEP][PASSED] - Statement - counter = counter + 1: null

2018-12-12 19:21:55 - [TEST_STEP][PASSED] - Statement - PreSaveFile = new java.io.File(((pathPrefix + java.lang.Integer.toString(counter)) + .png)): null

2018-12-12 19:21:55 - [TEST_STEP][PASSED] - Statement - counter = counter + 1: null

2018-12-12 19:21:55 - [TEST_STEP][PASSED] - Statement - PreSaveFile = new java.io.File(((pathPrefix + java.lang.Integer.toString(counter)) + .png)): null

2018-12-12 19:21:55 - [TEST_STEP][PASSED] - Statement - counter = counter + 1: null

2018-12-12 19:21:55 - [TEST_STEP][PASSED] - Statement - PreSaveFile = new java.io.File(((pathPrefix + java.lang.Integer.toString(counter)) + .png)): null

2018-12-12 19:21:55 - [TEST_STEP][PASSED] - Statement - counter = counter + 1: null

2018-12-12 19:21:55 - [TEST_STEP][PASSED] - Statement - PreSaveFile = new java.io.File(((pathPrefix + java.lang.Integer.toString(counter)) + .png)): null

2018-12-12 19:21:55 - [TEST_STEP][PASSED] - Statement - counter = counter + 1: null

2018-12-12 19:21:55 - [TEST_STEP][PASSED] - Statement - PreSaveFile = new java.io.File(((pathPrefix + java.lang.Integer.toString(counter)) + .png)): null

2018-12-12 19:21:55 - [TEST_STEP][PASSED] - Statement - counter = counter + 1: null

2018-12-12 19:21:55 - [TEST_STEP][PASSED] - Statement - PreSaveFile = new java.io.File(((pathPrefix + java.lang.Integer.toString(counter)) + .png)): null

2018-12-12 19:21:55 - [TEST_STEP][PASSED] - Statement - counter = counter + 1: null

2018-12-12 19:21:55 - [TEST_STEP][PASSED] - Statement - PreSaveFile = new java.io.File(((pathPrefix + java.lang.Integer.toString(counter)) + .png)): null

2018-12-12 19:21:55 - [TEST_STEP][PASSED] - Statement - counter = counter + 1: null

2018-12-12 19:21:55 - [TEST_STEP][PASSED] - Statement - PreSaveFile = new java.io.File(((pathPrefix + java.lang.Integer.toString(counter)) + .png)): null

2018-12-12 19:21:55 - [TEST_STEP][PASSED] - Statement - counter = counter + 1: null

2018-12-12 19:21:55 - [TEST_STEP][PASSED] - Statement - PreSaveFile = new java.io.File(((pathPrefix + java.lang.Integer.toString(counter)) + .png)): null

2018-12-12 19:21:55 - [TEST_STEP][PASSED] - Statement - counter = counter + 1: null

2018-12-12 19:21:55 - [TEST_STEP][PASSED] - Statement - PreSaveFile = new java.io.File(((pathPrefix + java.lang.Integer.toString(counter)) + .png)): null

2018-12-12 19:21:55 - [TEST_STEP][PASSED] - Statement - counter = counter + 1: null

2018-12-12 19:21:55 - [TEST_STEP][PASSED] - Statement - PreSaveFile = new java.io.File(((pathPrefix + java.lang.Integer.toString(counter)) + .png)): null

2018-12-12 19:21:55 - [TEST_STEP][PASSED] - Statement - counter = counter + 1: null

2018-12-12 19:21:55 - [TEST_STEP][PASSED] - Statement - PreSaveFile = new java.io.File(((pathPrefix + java.lang.Integer.toString(counter)) + .png)): null

2018-12-12 19:21:55 - [TEST_STEP][PASSED] - Statement - counter = counter + 1: null

2018-12-12 19:21:55 - [TEST_STEP][PASSED] - Statement - PreSaveFile = new java.io.File(((pathPrefix + java.lang.Integer.toString(counter)) + .png)): null

2018-12-12 19:21:55 - [TEST_STEP][PASSED] - Statement - counter = counter + 1: null

2018-12-12 19:21:55 - [TEST_STEP][PASSED] - Statement - PreSaveFile = new java.io.File(((pathPrefix + java.lang.Integer.toString(counter)) + .png)): null

2018-12-12 19:21:55 - [TEST_STEP][PASSED] - Statement - counter = counter + 1: null

2018-12-12 19:21:55 - [TEST_STEP][PASSED] - Statement - PreSaveFile = new java.io.File(((pathPrefix + java.lang.Integer.toString(counter)) + .png)): null

2018-12-12 19:21:55 - [TEST_STEP][PASSED] - Statement - counter = counter + 1: null

2018-12-12 19:21:55 - [TEST_STEP][PASSED] - Statement - PreSaveFile = new java.io.File(((pathPrefix + java.lang.Integer.toString(counter)) + .png)): null

2018-12-12 19:21:55 - [TEST_STEP][PASSED] - Statement - counter = counter + 1: null

2018-12-12 19:21:55 - [TEST_STEP][PASSED] - Statement - PreSaveFile = new java.io.File(((pathPrefix + java.lang.Integer.toString(counter)) + .png)): null

2018-12-12 19:21:55 - [TEST_STEP][PASSED] - Statement - counter = counter + 1: null

2018-12-12 19:21:55 - [TEST_STEP][PASSED] - Statement - PreSaveFile = new java.io.File(((pathPrefix + java.lang.Integer.toString(counter)) + .png)): null

2018-12-12 19:21:55 - [TEST_STEP][PASSED] - Statement - counter = counter + 1: null

2018-12-12 19:21:55 - [TEST_STEP][PASSED] - Statement - PreSaveFile = new java.io.File(((pathPrefix + java.lang.Integer.toString(counter)) + .png)): null

2018-12-12 19:21:55 - [TEST_STEP][PASSED] - Statement - counter = counter + 1: null

2018-12-12 19:21:55 - [TEST_STEP][PASSED] - Statement - PreSaveFile = new java.io.File(((pathPrefix + java.lang.Integer.toString(counter)) + .png)): null

2018-12-12 19:21:55 - [TEST_STEP][PASSED] - Statement - counter = counter + 1: null

2018-12-12 19:21:55 - [TEST_STEP][PASSED] - Statement - PreSaveFile = new java.io.File(((pathPrefix + java.lang.Integer.toString(counter)) + .png)): null

2018-12-12 19:21:55 - [TEST_STEP][PASSED] - Statement - counter = counter + 1: null

2018-12-12 19:21:55 - [TEST_STEP][PASSED] - Statement - PreSaveFile = new java.io.File(((pathPrefix + java.lang.Integer.toString(counter)) + .png)): null

2018-12-12 19:21:55 - [TEST_STEP][PASSED] - Statement - counter = counter + 1: null

2018-12-12 19:21:55 - [TEST_STEP][PASSED] - Statement - PreSaveFile = new java.io.File(((pathPrefix + java.lang.Integer.toString(counter)) + .png)): null

2018-12-12 19:21:55 - [TEST_STEP][PASSED] - Statement - counter = counter + 1: null

2018-12-12 19:21:55 - [TEST_STEP][PASSED] - Statement - PreSaveFile = new java.io.File(((pathPrefix + java.lang.Integer.toString(counter)) + .png)): null

2018-12-12 19:21:55 - [TEST_STEP][PASSED] - Statement - counter = counter + 1: null

2018-12-12 19:21:55 - [TEST_STEP][PASSED] - Statement - PreSaveFile = new java.io.File(((pathPrefix + java.lang.Integer.toString(counter)) + .png)): null

2018-12-12 19:21:55 - [TEST_STEP][PASSED] - Statement - counter = counter + 1: null

2018-12-12 19:21:55 - [TEST_STEP][PASSED] - Statement - PreSaveFile = new java.io.File(((pathPrefix + java.lang.Integer.toString(counter)) + .png)): null

2018-12-12 19:21:55 - [TEST_STEP][PASSED] - Statement - counter = counter + 1: null

2018-12-12 19:21:55 - [TEST_STEP][PASSED] - Statement - PreSaveFile = new java.io.File(((pathPrefix + java.lang.Integer.toString(counter)) + .png)): null

2018-12-12 19:21:55 - [TEST_STEP][PASSED] - Statement - counter = counter + 1: null

2018-12-12 19:21:55 - [TEST_STEP][PASSED] - Statement - PreSaveFile = new java.io.File(((pathPrefix + java.lang.Integer.toString(counter)) + .png)): null

2018-12-12 19:21:55 - [TEST_STEP][PASSED] - Statement - counter = counter + 1: null

2018-12-12 19:21:55 - [TEST_STEP][PASSED] - Statement - PreSaveFile = new java.io.File(((pathPrefix + java.lang.Integer.toString(counter)) + .png)): null

2018-12-12 19:21:55 - [TEST_STEP][PASSED] - Statement - counter = counter + 1: null

2018-12-12 19:21:55 - [TEST_STEP][PASSED] - Statement - PreSaveFile = new java.io.File(((pathPrefix + java.lang.Integer.toString(counter)) + .png)): null

2018-12-12 19:21:55 - [TEST_STEP][PASSED] - Statement - counter = counter + 1: null

2018-12-12 19:21:55 - [TEST_STEP][PASSED] - Statement - PreSaveFile = new java.io.File(((pathPrefix + java.lang.Integer.toString(counter)) + .png)): null

2018-12-12 19:21:55 - [TEST_STEP][PASSED] - Statement - counter = counter + 1: null

2018-12-12 19:21:55 - [TEST_STEP][PASSED] - Statement - PreSaveFile = new java.io.File(((pathPrefix + java.lang.Integer.toString(counter)) + .png)): null

2018-12-12 19:21:55 - [TEST_STEP][PASSED] - Statement - counter = counter + 1: null

2018-12-12 19:21:55 - [TEST_STEP][PASSED] - Statement - PreSaveFile = new java.io.File(((pathPrefix + java.lang.Integer.toString(counter)) + .png)): null

2018-12-12 19:21:55 - [TEST_STEP][PASSED] - Statement - counter = counter + 1: null

2018-12-12 19:21:55 - [TEST_STEP][PASSED] - Statement - PreSaveFile = new java.io.File(((pathPrefix + java.lang.Integer.toString(counter)) + .png)): null

2018-12-12 19:21:55 - [TEST_STEP][PASSED] - Statement - counter = counter + 1: null

2018-12-12 19:21:55 - [TEST_STEP][PASSED] - Statement - PreSaveFile = new java.io.File(((pathPrefix + java.lang.Integer.toString(counter)) + .png)): null

2018-12-12 19:21:55 - [TEST_STEP][PASSED] - Statement - counter = counter + 1: null

2018-12-12 19:21:55 - [TEST_STEP][PASSED] - Statement - PreSaveFile = new java.io.File(((pathPrefix + java.lang.Integer.toString(counter)) + .png)): null

2018-12-12 19:21:55 - [TEST_STEP][PASSED] - Statement - counter = counter + 1: null

2018-12-12 19:21:55 - [TEST_STEP][PASSED] - Statement - PreSaveFile = new java.io.File(((pathPrefix + java.lang.Integer.toString(counter)) + .png)): null

2018-12-12 19:21:55 - [TEST_STEP][PASSED] - Statement - counter = counter + 1: null

2018-12-12 19:21:55 - [TEST_STEP][PASSED] - Statement - PreSaveFile = new java.io.File(((pathPrefix + java.lang.Integer.toString(counter)) + .png)): null

2018-12-12 19:21:55 - [TEST_STEP][PASSED] - Statement - counter = counter + 1: null

2018-12-12 19:21:55 - [TEST_STEP][PASSED] - Statement - PreSaveFile = new java.io.File(((pathPrefix + java.lang.Integer.toString(counter)) + .png)): null

2018-12-12 19:21:55 - [TEST_STEP][PASSED] - Statement - counter = counter + 1: null

2018-12-12 19:21:55 - [TEST_STEP][PASSED] - Statement - PreSaveFile = new java.io.File(((pathPrefix + java.lang.Integer.toString(counter)) + .png)): null

2018-12-12 19:21:55 - [TEST_STEP][PASSED] - Statement - counter = counter + 1: null

2018-12-12 19:21:55 - [TEST_STEP][PASSED] - Statement - PreSaveFile = new java.io.File(((pathPrefix + java.lang.Integer.toString(counter)) + .png)): null

2018-12-12 19:21:55 - [TEST_STEP][PASSED] - Statement - counter = counter + 1: null

2018-12-12 19:21:55 - [TEST_STEP][PASSED] - Statement - PreSaveFile = new java.io.File(((pathPrefix + java.lang.Integer.toString(counter)) + .png)): null

2018-12-12 19:21:55 - [TEST_STEP][PASSED] - Statement - counter = counter + 1: null

2018-12-12 19:21:55 - [TEST_STEP][PASSED] - Statement - PreSaveFile = new java.io.File(((pathPrefix + java.lang.Integer.toString(counter)) + .png)): null

2018-12-12 19:21:55 - [TEST_STEP][PASSED] - Statement - counter = counter + 1: null

2018-12-12 19:21:55 - [TEST_STEP][PASSED] - Statement - PreSaveFile = new java.io.File(((pathPrefix + java.lang.Integer.toString(counter)) + .png)): null

2018-12-12 19:21:55 - [TEST_STEP][PASSED] - Statement - counter = counter + 1: null

2018-12-12 19:21:55 - [TEST_STEP][PASSED] - Statement - PreSaveFile = new java.io.File(((pathPrefix + java.lang.Integer.toString(counter)) + .png)): null

2018-12-12 19:21:55 - [TEST_STEP][PASSED] - Statement - counter = counter + 1: null

2018-12-12 19:21:55 - [TEST_STEP][PASSED] - Statement - PreSaveFile = new java.io.File(((pathPrefix + java.lang.Integer.toString(counter)) + .png)): null

2018-12-12 19:21:55 - [TEST_STEP][PASSED] - Statement - counter = counter + 1: null

2018-12-12 19:21:55 - [TEST_STEP][PASSED] - Statement - PreSaveFile = new java.io.File(((pathPrefix + java.lang.Integer.toString(counter)) + .png)): null

2018-12-12 19:21:55 - [TEST_STEP][PASSED] - Statement - counter = counter + 1: null

2018-12-12 19:21:55 - [TEST_STEP][PASSED] - Statement - PreSaveFile = new java.io.File(((pathPrefix + java.lang.Integer.toString(counter)) + .png)): null

2018-12-12 19:21:55 - [TEST_STEP][PASSED] - Statement - counter = counter + 1: null

2018-12-12 19:21:55 - [TEST_STEP][PASSED] - Statement - PreSaveFile = new java.io.File(((pathPrefix + java.lang.Integer.toString(counter)) + .png)): null

2018-12-12 19:21:55 - [TEST_STEP][PASSED] - Statement - counter = counter + 1: null

2018-12-12 19:21:55 - [TEST_STEP][PASSED] - Statement - PreSaveFile = new java.io.File(((pathPrefix + java.lang.Integer.toString(counter)) + .png)): null

2018-12-12 19:21:55 - [TEST_STEP][PASSED] - Statement - counter = counter + 1: null

2018-12-12 19:21:55 - [TEST_STEP][PASSED] - Statement - PreSaveFile = new java.io.File(((pathPrefix + java.lang.Integer.toString(counter)) + .png)): null

2018-12-12 19:21:55 - [TEST_STEP][PASSED] - Statement - counter = counter + 1: null

2018-12-12 19:21:55 - [TEST_STEP][PASSED] - Statement - PreSaveFile = new java.io.File(((pathPrefix + java.lang.Integer.toString(counter)) + .png)): null

2018-12-12 19:21:55 - [TEST_STEP][PASSED] - Statement - counter = counter + 1: null

2018-12-12 19:21:55 - [TEST_STEP][PASSED] - Statement - PreSaveFile = new java.io.File(((pathPrefix + java.lang.Integer.toString(counter)) + .png)): null

2018-12-12 19:21:55 - [TEST_STEP][PASSED] - Statement - counter = counter + 1: null

2018-12-12 19:21:55 - [TEST_STEP][PASSED] - Statement - PreSaveFile = new java.io.File(((pathPrefix + java.lang.Integer.toString(counter)) + .png)): null

2018-12-12 19:21:55 - [TEST_STEP][PASSED] - Statement - counter = counter + 1: null

2018-12-12 19:21:55 - [TEST_STEP][PASSED] - Statement - PreSaveFile = new java.io.File(((pathPrefix + java.lang.Integer.toString(counter)) + .png)): null

2018-12-12 19:21:55 - [TEST_STEP][PASSED] - Statement - counter = counter + 1: null

2018-12-12 19:21:55 - [TEST_STEP][PASSED] - Statement - PreSaveFile = new java.io.File(((pathPrefix + java.lang.Integer.toString(counter)) + .png)): null

2018-12-12 19:21:55 - [TEST_STEP][PASSED] - Statement - counter = counter + 1: null

2018-12-12 19:21:55 - [TEST_STEP][PASSED] - Statement - PreSaveFile = new java.io.File(((pathPrefix + java.lang.Integer.toString(counter)) + .png)): null

2018-12-12 19:21:55 - [TEST_STEP][PASSED] - Statement - counter = counter + 1: null

2018-12-12 19:21:55 - [TEST_STEP][PASSED] - Statement - PreSaveFile = new java.io.File(((pathPrefix + java.lang.Integer.toString(counter)) + .png)): null

2018-12-12 19:21:55 - [TEST_STEP][PASSED] - Statement - counter = counter + 1: null

2018-12-12 19:21:55 - [TEST_STEP][PASSED] - Statement - PreSaveFile = new java.io.File(((pathPrefix + java.lang.Integer.toString(counter)) + .png)): null

2018-12-12 19:21:55 - [TEST_STEP][PASSED] - Statement - counter = counter + 1: null

2018-12-12 19:21:55 - [TEST_STEP][PASSED] - Statement - PreSaveFile = new java.io.File(((pathPrefix + java.lang.Integer.toString(counter)) + .png)): null

2018-12-12 19:21:55 - [TEST_STEP][PASSED] - Statement - counter = counter + 1: null

2018-12-12 19:21:55 - [TEST_STEP][PASSED] - Statement - PreSaveFile = new java.io.File(((pathPrefix + java.lang.Integer.toString(counter)) + .png)): null

2018-12-12 19:21:55 - [TEST_STEP][PASSED] - Statement - counter = counter + 1: null

2018-12-12 19:21:55 - [TEST_STEP][PASSED] - Statement - PreSaveFile = new java.io.File(((pathPrefix + java.lang.Integer.toString(counter)) + .png)): null

2018-12-12 19:21:55 - [TEST_STEP][PASSED] - Statement - counter = counter + 1: null

2018-12-12 19:21:55 - [TEST_STEP][PASSED] - Statement - PreSaveFile = new java.io.File(((pathPrefix + java.lang.Integer.toString(counter)) + .png)): null

2018-12-12 19:21:55 - [TEST_STEP][PASSED] - Statement - counter = counter + 1: null

2018-12-12 19:21:55 - [TEST_STEP][PASSED] - Statement - PreSaveFile = new java.io.File(((pathPrefix + java.lang.Integer.toString(counter)) + .png)): null

2018-12-12 19:21:55 - [TEST_STEP][PASSED] - Statement - counter = counter + 1: null

2018-12-12 19:21:55 - [TEST_STEP][PASSED] - Statement - PreSaveFile = new java.io.File(((pathPrefix + java.lang.Integer.toString(counter)) + .png)): null

2018-12-12 19:21:55 - [TEST_STEP][PASSED] - Statement - counter = counter + 1: null

2018-12-12 19:21:55 - [TEST_STEP][PASSED] - Statement - PreSaveFile = new java.io.File(((pathPrefix + java.lang.Integer.toString(counter)) + .png)): null

2018-12-12 19:21:55 - [TEST_STEP][PASSED] - Statement - counter = counter + 1: null

2018-12-12 19:21:55 - [TEST_STEP][PASSED] - Statement - PreSaveFile = new java.io.File(((pathPrefix + java.lang.Integer.toString(counter)) + .png)): null

2018-12-12 19:21:55 - [TEST_STEP][PASSED] - Statement - counter = counter + 1: null

2018-12-12 19:21:55 - [TEST_STEP][PASSED] - Statement - PreSaveFile = new java.io.File(((pathPrefix + java.lang.Integer.toString(counter)) + .png)): null

2018-12-12 19:21:55 - [TEST_STEP][PASSED] - Statement - counter = counter + 1: null

2018-12-12 19:21:55 - [TEST_STEP][PASSED] - Statement - PreSaveFile = new java.io.File(((pathPrefix + java.lang.Integer.toString(counter)) + .png)): null

2018-12-12 19:21:55 - [TEST_STEP][PASSED] - Statement - counter = counter + 1: null

2018-12-12 19:21:55 - [TEST_STEP][PASSED] - Statement - PreSaveFile = new java.io.File(((pathPrefix + java.lang.Integer.toString(counter)) + .png)): null

2018-12-12 19:21:55 - [TEST_STEP][PASSED] - Statement - counter = counter + 1: null

2018-12-12 19:21:55 - [TEST_STEP][PASSED] - Statement - PreSaveFile = new java.io.File(((pathPrefix + java.lang.Integer.toString(counter)) + .png)): null

2018-12-12 19:21:55 - [TEST_STEP][PASSED] - Statement - counter = counter + 1: null

2018-12-12 19:21:55 - [TEST_STEP][PASSED] - Statement - PreSaveFile = new java.io.File(((pathPrefix + java.lang.Integer.toString(counter)) + .png)): null

2018-12-12 19:21:55 - [TEST_STEP][PASSED] - Statement - counter = counter + 1: null

2018-12-12 19:21:55 - [TEST_STEP][PASSED] - Statement - PreSaveFile = new java.io.File(((pathPrefix + java.lang.Integer.toString(counter)) + .png)): null

2018-12-12 19:21:55 - [TEST_STEP][PASSED] - Statement - counter = counter + 1: null

2018-12-12 19:21:55 - [TEST_STEP][PASSED] - Statement - PreSaveFile = new java.io.File(((pathPrefix + java.lang.Integer.toString(counter)) + .png)): null

2018-12-12 19:21:55 - [TEST_STEP][PASSED] - Statement - counter = counter + 1: null

2018-12-12 19:21:55 - [TEST_STEP][PASSED] - Statement - PreSaveFile = new java.io.File(((pathPrefix + java.lang.Integer.toString(counter)) + .png)): null

2018-12-12 19:21:55 - [TEST_STEP][PASSED] - Statement - counter = counter + 1: null

2018-12-12 19:21:55 - [TEST_STEP][PASSED] - Statement - PreSaveFile = new java.io.File(((pathPrefix + java.lang.Integer.toString(counter)) + .png)): null

2018-12-12 19:21:55 - [TEST_STEP][PASSED] - Statement - counter = counter + 1: null

2018-12-12 19:21:55 - [TEST_STEP][PASSED] - Statement - PreSaveFile = new java.io.File(((pathPrefix + java.lang.Integer.toString(counter)) + .png)): null

2018-12-12 19:21:55 - [TEST_STEP][PASSED] - Statement - counter = counter + 1: null

2018-12-12 19:21:55 - [TEST_STEP][PASSED] - Statement - PreSaveFile = new java.io.File(((pathPrefix + java.lang.Integer.toString(counter)) + .png)): null

2018-12-12 19:21:55 - [TEST_STEP][PASSED] - Statement - counter = counter + 1: null

2018-12-12 19:21:55 - [TEST_STEP][PASSED] - Statement - PreSaveFile = new java.io.File(((pathPrefix + java.lang.Integer.toString(counter)) + .png)): null

2018-12-12 19:21:55 - [TEST_STEP][PASSED] - Statement - counter = counter + 1: null

2018-12-12 19:21:55 - [TEST_STEP][PASSED] - Statement - PreSaveFile = new java.io.File(((pathPrefix + java.lang.Integer.toString(counter)) + .png)): null

2018-12-12 19:21:55 - [TEST_STEP][PASSED] - Statement - counter = counter + 1: null

2018-12-12 19:21:55 - [TEST_STEP][PASSED] - Statement - PreSaveFile = new java.io.File(((pathPrefix + java.lang.Integer.toString(counter)) + .png)): null

2018-12-12 19:21:55 - [TEST_STEP][PASSED] - Statement - counter = counter + 1: null

2018-12-12 19:21:55 - [TEST_STEP][PASSED] - Statement - PreSaveFile = new java.io.File(((pathPrefix + java.lang.Integer.toString(counter)) + .png)): null

2018-12-12 19:21:55 - [TEST_STEP][PASSED] - Statement - counter = counter + 1: null

2018-12-12 19:21:55 - [TEST_STEP][PASSED] - Statement - PreSaveFile = new java.io.File(((pathPrefix + java.lang.Integer.toString(counter)) + .png)): null

2018-12-12 19:21:55 - [TEST_STEP][PASSED] - Statement - counter = counter + 1: null

2018-12-12 19:21:55 - [TEST_STEP][PASSED] - Statement - PreSaveFile = new java.io.File(((pathPrefix + java.lang.Integer.toString(counter)) + .png)): null

2018-12-12 19:21:55 - [TEST_STEP][PASSED] - Statement - counter = counter + 1: null

2018-12-12 19:21:55 - [TEST_STEP][PASSED] - Statement - PreSaveFile = new java.io.File(((pathPrefix + java.lang.Integer.toString(counter)) + .png)): null

2018-12-12 19:21:55 - [TEST_STEP][PASSED] - Statement - counter = counter + 1: null

2018-12-12 19:21:55 - [TEST_STEP][PASSED] - Statement - PreSaveFile = new java.io.File(((pathPrefix + java.lang.Integer.toString(counter)) + .png)): null

2018-12-12 19:21:55 - [TEST_STEP][PASSED] - Statement - counter = counter + 1: null

2018-12-12 19:21:55 - [TEST_STEP][PASSED] - Statement - PreSaveFile = new java.io.File(((pathPrefix + java.lang.Integer.toString(counter)) + .png)): null

2018-12-12 19:21:55 - [TEST_STEP][PASSED] - Statement - counter = counter + 1: null

2018-12-12 19:21:55 - [TEST_STEP][PASSED] - Statement - PreSaveFile = new java.io.File(((pathPrefix + java.lang.Integer.toString(counter)) + .png)): null

2018-12-12 19:21:55 - [TEST_STEP][PASSED] - Statement - counter = counter + 1: null

2018-12-12 19:21:55 - [TEST_STEP][PASSED] - Statement - PreSaveFile = new java.io.File(((pathPrefix + java.lang.Integer.toString(counter)) + .png)): null

2018-12-12 19:21:55 - [TEST_STEP][PASSED] - Statement - counter = counter + 1: null

2018-12-12 19:21:55 - [TEST_STEP][PASSED] - Statement - PreSaveFile = new java.io.File(((pathPrefix + java.lang.Integer.toString(counter)) + .png)): null

2018-12-12 19:21:55 - [TEST_STEP][PASSED] - Statement - counter = counter + 1: null

2018-12-12 19:21:55 - [TEST_STEP][PASSED] - Statement - PreSaveFile = new java.io.File(((pathPrefix + java.lang.Integer.toString(counter)) + .png)): null

2018-12-12 19:21:55 - [TEST_STEP][PASSED] - Statement - counter = counter + 1: null

2018-12-12 19:21:55 - [TEST_STEP][PASSED] - Statement - PreSaveFile = new java.io.File(((pathPrefix + java.lang.Integer.toString(counter)) + .png)): null

2018-12-12 19:21:55 - [TEST_STEP][PASSED] - Statement - counter = counter + 1: null

2018-12-12 19:21:55 - [TEST_STEP][PASSED] - Statement - PreSaveFile = new java.io.File(((pathPrefix + java.lang.Integer.toString(counter)) + .png)): null

2018-12-12 19:21:55 - [TEST_STEP][PASSED] - Statement - counter = counter + 1: null

2018-12-12 19:21:55 - [TEST_STEP][PASSED] - Statement - PreSaveFile = new java.io.File(((pathPrefix + java.lang.Integer.toString(counter)) + .png)): null

2018-12-12 19:21:55 - [TEST_STEP][PASSED] - Statement - counter = counter + 1: null

2018-12-12 19:21:55 - [TEST_STEP][PASSED] - Statement - PreSaveFile = new java.io.File(((pathPrefix + java.lang.Integer.toString(counter)) + .png)): null

2018-12-12 19:21:55 - [TEST_STEP][PASSED] - Statement - counter = counter + 1: null

2018-12-12 19:21:55 - [TEST_STEP][PASSED] - Statement - PreSaveFile = new java.io.File(((pathPrefix + java.lang.Integer.toString(counter)) + .png)): null

2018-12-12 19:21:55 - [TEST_STEP][PASSED] - Statement - counter = counter + 1: null

2018-12-12 19:21:55 - [TEST_STEP][PASSED] - Statement - PreSaveFile = new java.io.File(((pathPrefix + java.lang.Integer.toString(counter)) + .png)): null

2018-12-12 19:21:55 - [TEST_STEP][PASSED] - Statement - counter = counter + 1: null

2018-12-12 19:21:55 - [TEST_STEP][PASSED] - Statement - PreSaveFile = new java.io.File(((pathPrefix + java.lang.Integer.toString(counter)) + .png)): null

2018-12-12 19:21:55 - [TEST_STEP][PASSED] - Statement - counter = counter + 1: null

2018-12-12 19:21:55 - [TEST_STEP][PASSED] - Statement - PreSaveFile = new java.io.File(((pathPrefix + java.lang.Integer.toString(counter)) + .png)): null

2018-12-12 19:21:55 - [TEST_STEP][PASSED] - Statement - counter = counter + 1: null

2018-12-12 19:21:55 - [TEST_STEP][PASSED] - Statement - PreSaveFile = new java.io.File(((pathPrefix + java.lang.Integer.toString(counter)) + .png)): null

2018-12-12 19:21:55 - [TEST_STEP][PASSED] - Statement - counter = counter + 1: null

2018-12-12 19:21:55 - [TEST_STEP][PASSED] - Statement - PreSaveFile = new java.io.File(((pathPrefix + java.lang.Integer.toString(counter)) + .png)): null

2018-12-12 19:21:55 - [TEST_STEP][PASSED] - Statement - counter = counter + 1: null

2018-12-12 19:21:55 - [TEST_STEP][PASSED] - Statement - PreSaveFile = new java.io.File(((pathPrefix + java.lang.Integer.toString(counter)) + .png)): null

2018-12-12 19:21:55 - [TEST_STEP][PASSED] - Statement - counter = counter + 1: null

2018-12-12 19:21:55 - [TEST_STEP][PASSED] - Statement - PreSaveFile = new java.io.File(((pathPrefix + java.lang.Integer.toString(counter)) + .png)): null

2018-12-12 19:21:55 - [TEST_STEP][PASSED] - Statement - counter = counter + 1: null

2018-12-12 19:21:55 - [TEST_STEP][PASSED] - Statement - PreSaveFile = new java.io.File(((pathPrefix + java.lang.Integer.toString(counter)) + .png)): null

2018-12-12 19:21:55 - [TEST_STEP][PASSED] - Statement - counter = counter + 1: null

2018-12-12 19:21:55 - [TEST_STEP][PASSED] - Statement - PreSaveFile = new java.io.File(((pathPrefix + java.lang.Integer.toString(counter)) + .png)): null

2018-12-12 19:21:55 - [TEST_STEP][PASSED] - Statement - counter = counter + 1: null

2018-12-12 19:21:55 - [TEST_STEP][PASSED] - Statement - PreSaveFile = new java.io.File(((pathPrefix + java.lang.Integer.toString(counter)) + .png)): null

2018-12-12 19:21:55 - [TEST_STEP][PASSED] - Statement - counter = counter + 1: null

2018-12-12 19:21:55 - [TEST_STEP][PASSED] - Statement - PreSaveFile = new java.io.File(((pathPrefix + java.lang.Integer.toString(counter)) + .png)): null

2018-12-12 19:21:55 - [TEST_STEP][PASSED] - Statement - counter = counter + 1: null

2018-12-12 19:21:55 - [TEST_STEP][PASSED] - Statement - PreSaveFile = new java.io.File(((pathPrefix + java.lang.Integer.toString(counter)) + .png)): null

2018-12-12 19:21:55 - [TEST_STEP][PASSED] - Statement - counter = counter + 1: null

2018-12-12 19:21:55 - [TEST_STEP][PASSED] - Statement - PreSaveFile = new java.io.File(((pathPrefix + java.lang.Integer.toString(counter)) + .png)): null

2018-12-12 19:21:55 - [TEST_STEP][PASSED] - Statement - counter = counter + 1: null

2018-12-12 19:21:55 - [TEST_STEP][PASSED] - Statement - PreSaveFile = new java.io.File(((pathPrefix + java.lang.Integer.toString(counter)) + .png)): null

2018-12-12 19:21:55 - [TEST_STEP][PASSED] - Statement - counter = counter + 1: null

2018-12-12 19:21:55 - [TEST_STEP][PASSED] - Statement - PreSaveFile = new java.io.File(((pathPrefix + java.lang.Integer.toString(counter)) + .png)): null

2018-12-12 19:21:55 - [TEST_STEP][PASSED] - Statement - finalPath = pathPrefix + java.lang.Integer.toString(counter) + ".png": null

2018-12-12 19:21:55 - [TEST_STEP][PASSED] - Statement - SaveFile = new java.io.File(finalPath): null

2018-12-12 19:21:55 - [TEST_STEP][PASSED] - Statement - Try: null

2018-12-12 19:21:55 - [TEST_STEP][PASSED] - Statement - org.apache.commons.io.FileUtils.copyFile(scrFile, SaveFile): null

2018-12-12 19:21:55 - [TEST_STEP][PASSED] - Statement - out.println("file kept"): null

2018-12-12 19:21:55 - [TEST_STEP][PASSED] - delay: Delayed 10 second(s)

2018-12-12 19:22:05 - [MESSAGE][PASSED] - Delayed 10 second(s)

2018-12-12 19:22:05 - [MESSAGE][PASSED] - Call Test Case 'Test Cases/Final Aug 2018 - PKS Automation/Registration Module/New Registration/Submit and Screenshot/Submit Registration and Screenshot' successfully]]></system-out>
         <system-err><![CDATA[2018-12-12 19:15:06 - [TEST_CASE][FAILED] - Test Cases/Final Aug 2018 - PKS Automation/Registration Module/Workflow/New Registration/Case PKR BO to RO - RO Submit: Test Cases/Final Aug 2018 - PKS Automation/Registration Module/Workflow/New Registration/Case PKR BO to RO - RO Submit FAILED because (of) (Stack trace: com.kms.katalon.core.exception.StepFailedException: Unable to set text 'CRN12201800123230' of object 'Object Repository/Final Object Repo/New Registration - Registration Module Pages/New Reg - OTC to RO/Special Case - All Related Objects/TextBox RefNo in Workbasket' (Root cause: org.openqa.selenium.ElementNotVisibleException: element not interactable
  (Session info: chrome=70.0.3538.110)
  (Driver info: chromedriver=2.43.600210 (68dcf5eebde37173d4027fa8635e332711d2874a),platform=Windows NT 6.1.7601 SP1 x86_64) (WARNING: The server did not provide any stacktrace information)
Command duration or timeout: 0 milliseconds
Build info: version: '3.7.1', revision: '8a0099a', time: '2017-11-06T21:07:36.161Z'
System info: host: 'WIN7TEST02', ip: '10.20.3.72', os.name: 'Windows 7', os.arch: 'amd64', os.version: '6.1', java.version: '1.8.0_181'
Driver info: com.kms.katalon.selenium.driver.CChromeDriver
Capabilities {acceptInsecureCerts: false, acceptSslCerts: false, applicationCacheEnabled: false, browserConnectionEnabled: false, browserName: chrome, chrome: {chromedriverVersion: 2.43.600210 (68dcf5eebde371..., userDataDir: C:\Users\Admin\AppData\Loca...}, cssSelectorsEnabled: true, databaseEnabled: false, goog:chromeOptions: {debuggerAddress: localhost:55394}, handlesAlerts: true, hasTouchScreen: false, javascriptEnabled: true, locationContextEnabled: true, mobileEmulationEnabled: false, nativeEvents: true, networkConnectionEnabled: false, pageLoadStrategy: normal, platform: XP, platformName: XP, rotatable: false, setWindowRect: true, takesHeapSnapshot: true, takesScreenshot: true, unexpectedAlertBehaviour: , unhandledPromptBehavior: , version: 70.0.3538.110, webStorageEnabled: true}
Session ID: ed6401389f6ec4ebbe95740f7e502f53)
	at com.kms.katalon.core.keyword.internal.KeywordMain.stepFailed(KeywordMain.groovy:32)
	at com.kms.katalon.core.webui.keyword.internal.WebUIKeywordMain.stepFailed(WebUIKeywordMain.groovy:65)
	at com.kms.katalon.core.webui.keyword.internal.WebUIKeywordMain.runKeyword(WebUIKeywordMain.groovy:27)
	at com.kms.katalon.core.webui.keyword.builtin.SetTextKeyword.setText(SetTextKeyword.groovy:65)
	at com.kms.katalon.core.webui.keyword.builtin.SetTextKeyword.execute(SetTextKeyword.groovy:37)
	at com.kms.katalon.core.keyword.internal.KeywordExecutor.executeKeywordForPlatform(KeywordExecutor.groovy:53)
	at com.kms.katalon.core.webui.keyword.WebUiBuiltInKeywords.setText(WebUiBuiltInKeywords.groovy:950)
	at com.kms.katalon.core.webui.keyword.WebUiBuiltInKeywords$setText$1.call(Unknown Source)
	at org.codehaus.groovy.runtime.callsite.CallSiteArray.defaultCall(CallSiteArray.java:48)
	at org.codehaus.groovy.runtime.callsite.AbstractCallSite.call(AbstractCallSite.java:113)
	at org.codehaus.groovy.runtime.callsite.AbstractCallSite.call(AbstractCallSite.java:133)
	at Script1535945708168.run(Script1535945708168.groovy:73)
	at com.kms.katalon.core.main.ScriptEngine.run(ScriptEngine.java:183)
	at com.kms.katalon.core.main.ScriptEngine.runScriptAsRawText(ScriptEngine.java:108)
	at com.kms.katalon.core.main.TestCaseExecutor.runScript(TestCaseExecutor.java:294)
	at com.kms.katalon.core.main.TestCaseExecutor.doExecute(TestCaseExecutor.java:285)
	at com.kms.katalon.core.main.TestCaseExecutor.processExecutionPhase(TestCaseExecutor.java:264)
	at com.kms.katalon.core.main.TestCaseExecutor.accessMainPhase(TestCaseExecutor.java:256)
	at com.kms.katalon.core.main.TestCaseExecutor.execute(TestCaseExecutor.java:200)
	at com.kms.katalon.core.main.TestSuiteExecutor.accessTestCaseMainPhase(TestSuiteExecutor.java:129)
	at com.kms.katalon.core.main.TestSuiteExecutor.accessTestSuiteMainPhase(TestSuiteExecutor.java:112)
	at com.kms.katalon.core.main.TestSuiteExecutor.execute(TestSuiteExecutor.java:81)
	at com.kms.katalon.core.main.TestCaseMain.startTestSuite(TestCaseMain.java:142)
	at com.kms.katalon.core.main.TestCaseMain$startTestSuite$0.call(Unknown Source)
	at org.codehaus.groovy.runtime.callsite.CallSiteArray.defaultCall(CallSiteArray.java:48)
	at org.codehaus.groovy.runtime.callsite.AbstractCallSite.call(AbstractCallSite.java:113)
	at org.codehaus.groovy.runtime.callsite.AbstractCallSite.call(AbstractCallSite.java:141)
	at TempTestSuite1544598049714.run(TempTestSuite1544598049714.groovy:36)
	at groovy.lang.GroovyShell.runScriptOrMainOrTestOrRunnable(GroovyShell.java:263)
	at groovy.lang.GroovyShell.run(GroovyShell.java:518)
	at groovy.lang.GroovyShell.run(GroovyShell.java:507)
	at groovy.ui.GroovyMain.processOnce(GroovyMain.java:653)
	at groovy.ui.GroovyMain.run(GroovyMain.java:384)
	at groovy.ui.GroovyMain.process(GroovyMain.java:370)
	at groovy.ui.GroovyMain.processArgs(GroovyMain.java:129)
	at groovy.ui.GroovyMain.main(GroovyMain.java:109)
	at sun.reflect.NativeMethodAccessorImpl.invoke0(Native Method)
	at sun.reflect.NativeMethodAccessorImpl.invoke(NativeMethodAccessorImpl.java:62)
	at sun.reflect.DelegatingMethodAccessorImpl.invoke(DelegatingMethodAccessorImpl.java:43)
	at java.lang.reflect.Method.invoke(Method.java:498)
	at org.codehaus.groovy.tools.GroovyStarter.rootLoader(GroovyStarter.java:109)
	at org.codehaus.groovy.tools.GroovyStarter.main(GroovyStarter.java:131)
)]]></system-err>
      </testcase>
      <testcase name="Test Cases/Final Aug 2018 - PKS Automation/Registration Module/Workflow/New Registration/Case PKR BO to RO - RO Under Enforcement" classname="Test Cases/Final Aug 2018 - PKS Automation/Registration Module/Workflow/New Registration/Case PKR BO to RO - RO Under Enforcement" status="PASSED">
         <system-out><![CDATA[2018-12-12 19:22:05 - [TEST_CASE][PASSED] - Test Cases/Final Aug 2018 - PKS Automation/Registration Module/Workflow/New Registration/Case PKR BO to RO - RO Under Enforcement: Test Cases/Final Aug 2018 - PKS Automation/Registration Module/Workflow/New Registration/Case PKR BO to RO - RO Under Enforcement

2018-12-12 19:22:06 - [TEST_STEP][PASSED] - callTestCase: Call Test Case 'Test Cases/Final Aug 2018 - PKS Automation/Registration Module/Workflow/New Registration/Template/Special Case - PKR BO - Form 1' successfully

2018-12-12 19:22:06 - [TEST_CASE][PASSED] - Test Cases/Final Aug 2018 - PKS Automation/Registration Module/Workflow/New Registration/Template/Special Case - PKR BO - Form 1: Test Cases/Final Aug 2018 - PKS Automation/Registration Module/Workflow/New Registration/Template/Special Case - PKR BO - Form 1

2018-12-12 19:22:06 - [TEST_STEP][PASSED] - openBrowser: Browser is opened with url: ''

2018-12-12 19:22:06 - [MESSAGE][WARNING] - A browser is already opened. Closing browser and opening a new one

2018-12-12 19:22:10 - [MESSAGE][PASSED] - Browser is opened with url: ''

2018-12-12 19:22:10 - [TEST_STEP][PASSED] - navigateToUrl: Navigate to 'https://assist2-uat.perkeso.gov.my/login' successfully

2018-12-12 19:22:11 - [MESSAGE][PASSED] - Navigate to 'https://assist2-uat.perkeso.gov.my/login' successfully

2018-12-12 19:22:11 - [TEST_STEP][PASSED] - delay: Delayed 2 second(s)

2018-12-12 19:22:13 - [MESSAGE][PASSED] - Delayed 2 second(s)

2018-12-12 19:22:13 - [TEST_STEP][PASSED] - setText: Text 'klpkrbo2@gmail.com' is set on object 'Object Repository/Final Object Repo/Login Page/Internal User/Email Address'

2018-12-12 19:22:13 - [MESSAGE][PASSED] - Text 'klpkrbo2@gmail.com' is set on object 'Object Repository/Final Object Repo/Login Page/Internal User/Email Address'

2018-12-12 19:22:13 - [TEST_STEP][PASSED] - click: Object: 'Object Repository/Final Object Repo/Login Page/Internal User/Next Button' is clicked on

2018-12-12 19:22:13 - [MESSAGE][PASSED] - Object: 'Object Repository/Final Object Repo/Login Page/Internal User/Next Button' is clicked on

2018-12-12 19:22:13 - [TEST_STEP][PASSED] - delay: Delayed 2 second(s)

2018-12-12 19:22:15 - [MESSAGE][PASSED] - Delayed 2 second(s)

2018-12-12 19:22:15 - [TEST_STEP][PASSED] - setText: Text 'Test1@3456789' is set on object 'Object Repository/Final Object Repo/Login Page/Internal User/Password'

2018-12-12 19:22:16 - [MESSAGE][PASSED] - Text 'Test1@3456789' is set on object 'Object Repository/Final Object Repo/Login Page/Internal User/Password'

2018-12-12 19:22:16 - [TEST_STEP][PASSED] - delay: Delayed 2 second(s)

2018-12-12 19:22:18 - [MESSAGE][PASSED] - Delayed 2 second(s)

2018-12-12 19:22:18 - [TEST_STEP][PASSED] - click: Object: 'Object Repository/Final Object Repo/Login Page/Internal User/Login Button' is clicked on

2018-12-12 19:22:18 - [MESSAGE][PASSED] - Object: 'Object Repository/Final Object Repo/Login Page/Internal User/Login Button' is clicked on

2018-12-12 19:22:18 - [TEST_STEP][PASSED] - Statement - Try: null

2018-12-12 19:22:18 - [TEST_STEP][PASSED] - Statement - Checker = com.kms.katalon.core.webui.keyword.WebUiBuiltInKeywords.verifyElementNotPresent("Final Object Repo/Landing Page/Select to English", 3): null

2018-12-12 19:22:18 - [TEST_STEP][PASSED] - Statement - Catch (Exception e): null

2018-12-12 19:22:18 - [TEST_STEP][PASSED] - Statement - e.printStackTrace(): null

2018-12-12 19:22:18 - [TEST_STEP][PASSED] - delay: Delayed 5 second(s)

2018-12-12 19:22:23 - [MESSAGE][PASSED] - Delayed 5 second(s)

2018-12-12 19:22:23 - [TEST_STEP][PASSED] - click: Object: 'Object Repository/Final Object Repo/Landing Page/My Sites Drop Down' is clicked on

2018-12-12 19:22:23 - [MESSAGE][PASSED] - Object: 'Object Repository/Final Object Repo/Landing Page/My Sites Drop Down' is clicked on

2018-12-12 19:22:23 - [TEST_STEP][PASSED] - click: Object: 'Object Repository/Final Object Repo/Landing Page/Select to Registration Module' is clicked on

2018-12-12 19:22:24 - [MESSAGE][PASSED] - Object: 'Object Repository/Final Object Repo/Landing Page/Select to Registration Module' is clicked on

2018-12-12 19:22:24 - [TEST_STEP][PASSED] - click: Object: 'Object Repository/Final Object Repo/Landing Page/Registration Button' is clicked on

2018-12-12 19:22:25 - [MESSAGE][PASSED] - Object: 'Object Repository/Final Object Repo/Landing Page/Registration Button' is clicked on

2018-12-12 19:22:25 - [TEST_STEP][PASSED] - delay: Delayed 2 second(s)

2018-12-12 19:22:27 - [MESSAGE][PASSED] - Delayed 2 second(s)

2018-12-12 19:22:27 - [TEST_STEP][PASSED] - click: Object: 'Object Repository/Final Object Repo/New Registration - Registration Module Pages/New Reg - OTC to RO/Special Case - OTC - Form 1/AEC NO' is clicked on

2018-12-12 19:22:27 - [MESSAGE][PASSED] - Object: 'Object Repository/Final Object Repo/New Registration - Registration Module Pages/New Reg - OTC to RO/Special Case - OTC - Form 1/AEC NO' is clicked on

2018-12-12 19:22:27 - [TEST_STEP][PASSED] - click: Object: 'Object Repository/Final Object Repo/New Registration - Registration Module Pages/New Reg - OTC to RO/Special Case - OTC - Form 1/Business Entity - Please Select' is clicked on

2018-12-12 19:22:27 - [MESSAGE][PASSED] - Object: 'Object Repository/Final Object Repo/New Registration - Registration Module Pages/New Reg - OTC to RO/Special Case - OTC - Form 1/Business Entity - Please Select' is clicked on

2018-12-12 19:22:27 - [TEST_STEP][PASSED] - click: Object: 'Object Repository/Final Object Repo/New Registration - Registration Module Pages/New Reg - OTC to RO/Special Case - OTC - Form 1/Selected - Corporation' is clicked on

2018-12-12 19:22:28 - [MESSAGE][PASSED] - Object: 'Object Repository/Final Object Repo/New Registration - Registration Module Pages/New Reg - OTC to RO/Special Case - OTC - Form 1/Selected - Corporation' is clicked on

2018-12-12 19:22:28 - [TEST_STEP][PASSED] - delay: Delayed 2 second(s)

2018-12-12 19:22:30 - [MESSAGE][PASSED] - Delayed 2 second(s)

2018-12-12 19:22:30 - [TEST_STEP][PASSED] - click: Object: 'Object Repository/Final Object Repo/New Registration - Registration Module Pages/New Reg - OTC to RO/Special Case - OTC - Form 1/Sub Business Entity - Please Select' is clicked on

2018-12-12 19:22:30 - [MESSAGE][PASSED] - Object: 'Object Repository/Final Object Repo/New Registration - Registration Module Pages/New Reg - OTC to RO/Special Case - OTC - Form 1/Sub Business Entity - Please Select' is clicked on

2018-12-12 19:22:30 - [TEST_STEP][PASSED] - delay: Delayed 2 second(s)

2018-12-12 19:22:32 - [MESSAGE][PASSED] - Delayed 2 second(s)

2018-12-12 19:22:32 - [TEST_STEP][PASSED] - click: Object: 'Object Repository/Final Object Repo/New Registration - Registration Module Pages/New Reg - OTC to RO/Special Case - OTC - Form 1/Selected - Sendirian Berhad' is clicked on

2018-12-12 19:22:32 - [MESSAGE][PASSED] - Object: 'Object Repository/Final Object Repo/New Registration - Registration Module Pages/New Reg - OTC to RO/Special Case - OTC - Form 1/Selected - Sendirian Berhad' is clicked on

2018-12-12 19:22:32 - [TEST_STEP][PASSED] - setText: Text 'AUTOMATE001' is set on object 'Object Repository/Final Object Repo/New Registration - Registration Module Pages/New Reg - OTC to RO/Special Case - OTC - Form 1/Input BRN Number'

2018-12-12 19:22:32 - [MESSAGE][PASSED] - Text 'AUTOMATE001' is set on object 'Object Repository/Final Object Repo/New Registration - Registration Module Pages/New Reg - OTC to RO/Special Case - OTC - Form 1/Input BRN Number'

2018-12-12 19:22:32 - [TEST_STEP][PASSED] - delay: Delayed 2 second(s)

2018-12-12 19:22:34 - [MESSAGE][PASSED] - Delayed 2 second(s)

2018-12-12 19:22:34 - [TEST_STEP][PASSED] - click: Object: 'Object Repository/Final Object Repo/New Registration - Registration Module Pages/New Reg - OTC to RO/Special Case - OTC - Form 1/BRN Search' is clicked on

2018-12-12 19:22:35 - [MESSAGE][PASSED] - Object: 'Object Repository/Final Object Repo/New Registration - Registration Module Pages/New Reg - OTC to RO/Special Case - OTC - Form 1/BRN Search' is clicked on

2018-12-12 19:22:35 - [TEST_STEP][PASSED] - delay: Delayed 4 second(s)

2018-12-12 19:22:39 - [MESSAGE][PASSED] - Delayed 4 second(s)

2018-12-12 19:22:39 - [TEST_STEP][PASSED] - click: Object: 'Object Repository/Final Object Repo/New Registration - Registration Module Pages/New Reg - OTC to RO/Special Case - OTC - Form 1/Registered with SSM - After Feb 2017' is clicked on

2018-12-12 19:22:39 - [MESSAGE][PASSED] - Object: 'Object Repository/Final Object Repo/New Registration - Registration Module Pages/New Reg - OTC to RO/Special Case - OTC - Form 1/Registered with SSM - After Feb 2017' is clicked on

2018-12-12 19:22:39 - [TEST_STEP][PASSED] - delay: Delayed 2 second(s)

2018-12-12 19:22:41 - [MESSAGE][PASSED] - Delayed 2 second(s)

2018-12-12 19:22:41 - [TEST_STEP][PASSED] - click: Object: 'Object Repository/Final Object Repo/New Registration - Registration Module Pages/New Reg - OTC to RO/Special Case - OTC - Form 1/Registering As A Branch - No' is clicked on

2018-12-12 19:22:41 - [MESSAGE][PASSED] - Object: 'Object Repository/Final Object Repo/New Registration - Registration Module Pages/New Reg - OTC to RO/Special Case - OTC - Form 1/Registering As A Branch - No' is clicked on

2018-12-12 19:22:41 - [TEST_STEP][PASSED] - click: Object: 'Object Repository/Final Object Repo/New Registration - Registration Module Pages/New Reg - OTC to RO/Special Case - OTC - Form 1/Acknowledgement Ticked' is clicked on

2018-12-12 19:22:41 - [MESSAGE][PASSED] - Object: 'Object Repository/Final Object Repo/New Registration - Registration Module Pages/New Reg - OTC to RO/Special Case - OTC - Form 1/Acknowledgement Ticked' is clicked on

2018-12-12 19:22:41 - [TEST_STEP][PASSED] - click: Object: 'Object Repository/Final Object Repo/New Registration - Registration Module Pages/New Reg - OTC to RO/Special Case - OTC - Form 1/Submit Button' is clicked on

2018-12-12 19:22:41 - [MESSAGE][PASSED] - Object: 'Object Repository/Final Object Repo/New Registration - Registration Module Pages/New Reg - OTC to RO/Special Case - OTC - Form 1/Submit Button' is clicked on

2018-12-12 19:22:41 - [TEST_STEP][PASSED] - delay: Delayed 2 second(s)

2018-12-12 19:22:43 - [MESSAGE][PASSED] - Delayed 2 second(s)

2018-12-12 19:22:43 - [TEST_STEP][PASSED] - click: Object: 'Object Repository/Final Object Repo/New Registration - Registration Module Pages/New Reg - OTC to RO/Special Case - OTC - Form 1/Confirm No Flagging as Branch' is clicked on

2018-12-12 19:22:43 - [MESSAGE][PASSED] - Object: 'Object Repository/Final Object Repo/New Registration - Registration Module Pages/New Reg - OTC to RO/Special Case - OTC - Form 1/Confirm No Flagging as Branch' is clicked on

2018-12-12 19:22:43 - [MESSAGE][PASSED] - Call Test Case 'Test Cases/Final Aug 2018 - PKS Automation/Registration Module/Workflow/New Registration/Template/Special Case - PKR BO - Form 1' successfully

2018-12-12 19:22:43 - [TEST_STEP][PASSED] - callTestCase: Call Test Case 'Test Cases/Final Aug 2018 - PKS Automation/Registration Module/New Registration/Form 2/Add 1 Eligible' successfully

2018-12-12 19:22:44 - [TEST_CASE][PASSED] - Test Cases/Final Aug 2018 - PKS Automation/Registration Module/New Registration/Form 2/Add 1 Eligible: Test Cases/Final Aug 2018 - PKS Automation/Registration Module/New Registration/Form 2/Add 1 Eligible

2018-12-12 19:22:44 - [TEST_STEP][PASSED] - delay: Delayed 2 second(s)

2018-12-12 19:22:46 - [MESSAGE][PASSED] - Delayed 2 second(s)

2018-12-12 19:22:46 - [TEST_STEP][PASSED] - callTestCase: Call Test Case 'Test Cases/Final Aug 2018 - PKS Automation/Registration Module/New Registration/Form 2/Date Updater' successfully

2018-12-12 19:22:46 - [TEST_CASE][PASSED] - Test Cases/Final Aug 2018 - PKS Automation/Registration Module/New Registration/Form 2/Date Updater: Test Cases/Final Aug 2018 - PKS Automation/Registration Module/New Registration/Form 2/Date Updater

2018-12-12 19:22:46 - [TEST_STEP][PASSED] - Statement - TodayDate = new java.util.Date(): null

2018-12-12 19:22:46 - [TEST_STEP][PASSED] - Statement - CurrentDateNoFilter = new java.text.SimpleDateFormat(): null

2018-12-12 19:22:46 - [TEST_STEP][PASSED] - Statement - CurrentDateNoFilter.applyPattern("MM"): null

2018-12-12 19:22:46 - [TEST_STEP][PASSED] - Statement - monthContainerMatcher = java.lang.Integer.parseInt(CurrentDateNoFilter.format(TodayDate)): null

2018-12-12 19:22:46 - [TEST_STEP][PASSED] - Statement - monthContainerMatcher = monthContainerMatcher - 1: null

2018-12-12 19:22:46 - [TEST_STEP][PASSED] - Statement - CurrentMonth = monthContainerMatcher.toString(): null

2018-12-12 19:22:46 - [TEST_STEP][PASSED] - Statement - CurrentMonth = CurrentMonth: null

2018-12-12 19:22:46 - [TEST_STEP][PASSED] - Statement - CurrentDateNoFilter.applyPattern("yyyy"): null

2018-12-12 19:22:46 - [TEST_STEP][PASSED] - Statement - CurrentYear = CurrentDateNoFilter.format(TodayDate): null

2018-12-12 19:22:46 - [TEST_STEP][PASSED] - Statement - CurrentYear = CurrentYear: null

2018-12-12 19:22:46 - [TEST_STEP][PASSED] - Statement - intCurrentYear = java.lang.Integer.parseInt(CurrentDateNoFilter.format(TodayDate)): null

2018-12-12 19:22:46 - [TEST_STEP][PASSED] - Statement - eighteenYrsAgo = intCurrentYear - 18: null

2018-12-12 19:22:46 - [TEST_STEP][PASSED] - Statement - eighteenYrsBeforeThisYr = eighteenYrsAgo.toString(): null

2018-12-12 19:22:46 - [TEST_STEP][PASSED] - Statement - EighteenYrsBefore = eighteenYrsBeforeThisYr: null

2018-12-12 19:22:46 - [TEST_STEP][PASSED] - Statement - fiftysevenYrsAgo = intCurrentYear - 57: null

2018-12-12 19:22:46 - [TEST_STEP][PASSED] - Statement - fiftysevenYrsBeforeThisYr = fiftysevenYrsAgo.toString(): null

2018-12-12 19:22:46 - [TEST_STEP][PASSED] - Statement - FiftysevenYrsBefore = fiftysevenYrsBeforeThisYr: null

2018-12-12 19:22:46 - [TEST_STEP][PASSED] - Statement - leapYear = false: null

2018-12-12 19:22:46 - [TEST_STEP][PASSED] - Statement - leapYear = intCurrentYear % 4 == 0: null

2018-12-12 19:22:46 - [TEST_STEP][PASSED] - Statement - CurrentDateNoFilter.applyPattern("dd"): null

2018-12-12 19:22:46 - [TEST_STEP][PASSED] - Statement - CurrentDate = CurrentDateNoFilter.format(TodayDate): null

2018-12-12 19:22:46 - [TEST_STEP][PASSED] - Statement - CurrentDate = java.lang.Integer.parseInt(CurrentDate): null

2018-12-12 19:22:46 - [TEST_STEP][PASSED] - Statement - CurrentDate = CurrentDate: null

2018-12-12 19:22:46 - [TEST_STEP][PASSED] - Statement - CurrentDay = java.lang.Integer.parseInt(CurrentDate): null

2018-12-12 19:22:46 - [TEST_STEP][PASSED] - Statement - ConfAdder = <not implemented yet for class: org.codehaus.groovy.ast.expr.EmptyExpression>: null

2018-12-12 19:22:46 - [TEST_STEP][PASSED] - Statement - out.println(CurrentMonth): null

2018-12-12 19:22:46 - [TEST_STEP][PASSED] - Statement - out.println(CurrentDate): null

2018-12-12 19:22:46 - [TEST_STEP][PASSED] - Statement - switch (CurrentDate): null

2018-12-12 19:22:46 - [TEST_STEP][PASSED] - Statement - Default: null

2018-12-12 19:22:46 - [TEST_STEP][PASSED] - Statement - ConfAdder = true: null

2018-12-12 19:22:46 - [TEST_STEP][PASSED] - Statement - Break: null

2018-12-12 19:22:46 - [TEST_STEP][PASSED] - Statement - aDayBefore = <not implemented yet for class: org.codehaus.groovy.ast.expr.EmptyExpression>: null

2018-12-12 19:22:46 - [TEST_STEP][PASSED] - Statement - out.println(ConfAdder): null

2018-12-12 19:22:46 - [TEST_STEP][PASSED] - Statement - If (ConfAdder == true): null

2018-12-12 19:22:46 - [TEST_STEP][PASSED] - Statement - aDayBefore = CurrentDay + 1: null

2018-12-12 19:22:46 - [TEST_STEP][PASSED] - Statement - out.println(aDayBefore): null

2018-12-12 19:22:46 - [TEST_STEP][PASSED] - Statement - If (aDayBefore == 1 && CurrentMonth == 11): null

2018-12-12 19:22:46 - [TEST_STEP][PASSED] - Statement - DayBefore = aDayBefore.toString(): null

2018-12-12 19:22:46 - [TEST_STEP][PASSED] - Statement - OneDayBefore = DayBefore: null

2018-12-12 19:22:46 - [MESSAGE][PASSED] - Call Test Case 'Test Cases/Final Aug 2018 - PKS Automation/Registration Module/New Registration/Form 2/Date Updater' successfully

2018-12-12 19:22:46 - [TEST_STEP][PASSED] - delay: Delayed 1 second(s)

2018-12-12 19:22:47 - [MESSAGE][PASSED] - Delayed 1 second(s)

2018-12-12 19:22:47 - [TEST_STEP][PASSED] - Statement - CaseReferenceNo = com.kms.katalon.core.webui.keyword.WebUiBuiltInKeywords.getText(com.kms.katalon.core.testobject.ObjectRepository.findTestObject(Final Object Repo/New Registration - Registration Module Pages/Form 2/RefNo Acquiring)): Text of object 'Object Repository/Final Object Repo/New Registration - Registration Module Pages/Form 2/RefNo Acquiring' is: 'CRN12201800123231'

2018-12-12 19:22:47 - [MESSAGE][PASSED] - Text of object 'Object Repository/Final Object Repo/New Registration - Registration Module Pages/Form 2/RefNo Acquiring' is: 'CRN12201800123231'

2018-12-12 19:22:47 - [TEST_STEP][PASSED] - delay: Delayed 1 second(s)

2018-12-12 19:22:48 - [MESSAGE][PASSED] - Delayed 1 second(s)

2018-12-12 19:22:48 - [TEST_STEP][PASSED] - click: Object: 'Object Repository/Final Object Repo/New Registration - Registration Module Pages/Form 2/Add Employee Button' is clicked on

2018-12-12 19:22:48 - [MESSAGE][PASSED] - Object: 'Object Repository/Final Object Repo/New Registration - Registration Module Pages/Form 2/Add Employee Button' is clicked on

2018-12-12 19:22:48 - [TEST_STEP][PASSED] - delay: Delayed 1 second(s)

2018-12-12 19:22:49 - [MESSAGE][PASSED] - Delayed 1 second(s)

2018-12-12 19:22:49 - [TEST_STEP][PASSED] - setText: Text '010903091963' is set on object 'Object Repository/Final Object Repo/New Registration - Registration Module Pages/Form 2/NRIC Input'

2018-12-12 19:22:49 - [MESSAGE][PASSED] - Text '010903091963' is set on object 'Object Repository/Final Object Repo/New Registration - Registration Module Pages/Form 2/NRIC Input'

2018-12-12 19:22:49 - [TEST_STEP][PASSED] - click: Object: 'Object Repository/Final Object Repo/New Registration - Registration Module Pages/Form 2/button for search for IC' is clicked on

2018-12-12 19:22:49 - [MESSAGE][PASSED] - Object: 'Object Repository/Final Object Repo/New Registration - Registration Module Pages/Form 2/button for search for IC' is clicked on

2018-12-12 19:22:49 - [TEST_STEP][PASSED] - delay: Delayed 2 second(s)

2018-12-12 19:22:51 - [MESSAGE][PASSED] - Delayed 2 second(s)

2018-12-12 19:22:51 - [TEST_STEP][PASSED] - setText: Text 'Automate001 eligible 1' is set on object 'Object Repository/Final Object Repo/New Registration - Registration Module Pages/Form 2/Employee Name Input'

2018-12-12 19:22:52 - [MESSAGE][PASSED] - Text 'Automate001 eligible 1' is set on object 'Object Repository/Final Object Repo/New Registration - Registration Module Pages/Form 2/Employee Name Input'

2018-12-12 19:22:52 - [TEST_STEP][PASSED] - delay: Delayed 2 second(s)

2018-12-12 19:22:54 - [MESSAGE][PASSED] - Delayed 2 second(s)

2018-12-12 19:22:54 - [TEST_STEP][PASSED] - click: Object: 'Object Repository/Final Object Repo/New Registration - Registration Module Pages/Form 2/DatePicker Pop Up' is clicked on

2018-12-12 19:22:54 - [MESSAGE][PASSED] - Object: 'Object Repository/Final Object Repo/New Registration - Registration Module Pages/Form 2/DatePicker Pop Up' is clicked on

2018-12-12 19:22:54 - [TEST_STEP][PASSED] - click: Object: 'Object Repository/Final Object Repo/New Registration - Registration Module Pages/Form 2/DOB Month' is clicked on

2018-12-12 19:22:54 - [MESSAGE][PASSED] - Object: 'Object Repository/Final Object Repo/New Registration - Registration Module Pages/Form 2/DOB Month' is clicked on

2018-12-12 19:22:54 - [TEST_STEP][PASSED] - Statement - CurrentMonth = CurrentMonth: null

2018-12-12 19:22:54 - [TEST_STEP][PASSED] - Statement - selectMonth = new com.kms.katalon.core.testobject.TestObject(): null

2018-12-12 19:22:54 - [TEST_STEP][PASSED] - Statement - selectMonth.addProperty("xpath", EQUALS, "//body/div/div/div/select/option[@value='" + CurrentMonth + "']", true): null

2018-12-12 19:22:54 - [TEST_STEP][PASSED] - click: Object: '' is clicked on

2018-12-12 19:22:54 - [MESSAGE][PASSED] - Object: '' is clicked on

2018-12-12 19:22:54 - [TEST_STEP][PASSED] - click: Object: 'Object Repository/Final Object Repo/New Registration - Registration Module Pages/Form 2/DOB Year' is clicked on

2018-12-12 19:22:55 - [MESSAGE][PASSED] - Object: 'Object Repository/Final Object Repo/New Registration - Registration Module Pages/Form 2/DOB Year' is clicked on

2018-12-12 19:22:55 - [TEST_STEP][PASSED] - Statement - Eyearsbf = EighteenYrsBefore: null

2018-12-12 19:22:55 - [TEST_STEP][PASSED] - Statement - selectYear = new com.kms.katalon.core.testobject.TestObject(): null

2018-12-12 19:22:55 - [TEST_STEP][PASSED] - Statement - selectYear.addProperty("xpath", EQUALS, "//div/div/div/select/option[@value='" + Eyearsbf + "']", true): null

2018-12-12 19:22:55 - [TEST_STEP][PASSED] - click: Object: '' is clicked on

2018-12-12 19:22:55 - [MESSAGE][PASSED] - Object: '' is clicked on

2018-12-12 19:22:55 - [TEST_STEP][PASSED] - Statement - UpdatedSelectDate = com.kms.katalon.core.webui.keyword.WebUiBuiltInKeywords.modifyObjectProperty(com.kms.katalon.core.testobject.ObjectRepository.findTestObject(Final Object Repo/New Registration - Registration Module Pages/Form 2/DOB Date), "xpath", "equals", "//body/div/table/tbody/tr/td/a[text()="" + CurrentDate + ""]", true): Modify property of object successfully

2018-12-12 19:22:55 - [MESSAGE][PASSED] - Modify property of object successfully

2018-12-12 19:22:55 - [TEST_STEP][PASSED] - delay: Delayed 3 second(s)

2018-12-12 19:22:58 - [MESSAGE][PASSED] - Delayed 3 second(s)

2018-12-12 19:22:58 - [TEST_STEP][PASSED] - click: Object: 'Object Repository/Final Object Repo/New Registration - Registration Module Pages/Form 2/DOB Date' is clicked on

2018-12-12 19:22:58 - [MESSAGE][PASSED] - Object: 'Object Repository/Final Object Repo/New Registration - Registration Module Pages/Form 2/DOB Date' is clicked on

2018-12-12 19:22:58 - [TEST_STEP][PASSED] - delay: Delayed 2 second(s)

2018-12-12 19:23:00 - [MESSAGE][PASSED] - Delayed 2 second(s)

2018-12-12 19:23:00 - [TEST_STEP][PASSED] - click: Object: 'Object Repository/Final Object Repo/New Registration - Registration Module Pages/Form 2/EmploymentStartDate Pop Up' is clicked on

2018-12-12 19:23:00 - [MESSAGE][PASSED] - Object: 'Object Repository/Final Object Repo/New Registration - Registration Module Pages/Form 2/EmploymentStartDate Pop Up' is clicked on

2018-12-12 19:23:00 - [TEST_STEP][PASSED] - delay: Delayed 2 second(s)

2018-12-12 19:23:02 - [MESSAGE][PASSED] - Delayed 2 second(s)

2018-12-12 19:23:02 - [TEST_STEP][PASSED] - click: Object: 'Object Repository/Final Object Repo/New Registration - Registration Module Pages/Form 2/Socso Employment StartDate Month' is clicked on

2018-12-12 19:23:02 - [MESSAGE][PASSED] - Object: 'Object Repository/Final Object Repo/New Registration - Registration Module Pages/Form 2/Socso Employment StartDate Month' is clicked on

2018-12-12 19:23:02 - [TEST_STEP][PASSED] - delay: Delayed 1 second(s)

2018-12-12 19:23:03 - [MESSAGE][PASSED] - Delayed 1 second(s)

2018-12-12 19:23:03 - [TEST_STEP][PASSED] - click: Object: 'Object Repository/Final Object Repo/New Registration - Registration Module Pages/Form 2/Select Socso Employement Startdate Month' is clicked on

2018-12-12 19:23:03 - [MESSAGE][PASSED] - Object: 'Object Repository/Final Object Repo/New Registration - Registration Module Pages/Form 2/Select Socso Employement Startdate Month' is clicked on

2018-12-12 19:23:03 - [TEST_STEP][PASSED] - delay: Delayed 2 second(s)

2018-12-12 19:23:05 - [MESSAGE][PASSED] - Delayed 2 second(s)

2018-12-12 19:23:05 - [TEST_STEP][PASSED] - click: Object: 'Object Repository/Final Object Repo/New Registration - Registration Module Pages/Form 2/Socso Employment StartDate Year' is clicked on

2018-12-12 19:23:06 - [MESSAGE][PASSED] - Object: 'Object Repository/Final Object Repo/New Registration - Registration Module Pages/Form 2/Socso Employment StartDate Year' is clicked on

2018-12-12 19:23:06 - [TEST_STEP][PASSED] - delay: Delayed 1 second(s)

2018-12-12 19:23:07 - [MESSAGE][PASSED] - Delayed 1 second(s)

2018-12-12 19:23:07 - [TEST_STEP][PASSED] - click: Object: 'Object Repository/Final Object Repo/New Registration - Registration Module Pages/Form 2/Select Socso Employment Startdate Year' is clicked on

2018-12-12 19:23:07 - [MESSAGE][PASSED] - Object: 'Object Repository/Final Object Repo/New Registration - Registration Module Pages/Form 2/Select Socso Employment Startdate Year' is clicked on

2018-12-12 19:23:07 - [TEST_STEP][PASSED] - delay: Delayed 2 second(s)

2018-12-12 19:23:09 - [MESSAGE][PASSED] - Delayed 2 second(s)

2018-12-12 19:23:09 - [TEST_STEP][PASSED] - click: Object: 'Object Repository/Final Object Repo/New Registration - Registration Module Pages/Form 2/Socso Employment Start Date Day' is clicked on

2018-12-12 19:23:09 - [MESSAGE][PASSED] - Object: 'Object Repository/Final Object Repo/New Registration - Registration Module Pages/Form 2/Socso Employment Start Date Day' is clicked on

2018-12-12 19:23:09 - [TEST_STEP][PASSED] - delay: Delayed 2 second(s)

2018-12-12 19:23:11 - [MESSAGE][PASSED] - Delayed 2 second(s)

2018-12-12 19:23:11 - [TEST_STEP][PASSED] - click: Object: 'Object Repository/Final Object Repo/New Registration - Registration Module Pages/Form 2/Save Button for Add Employee' is clicked on

2018-12-12 19:23:11 - [MESSAGE][PASSED] - Object: 'Object Repository/Final Object Repo/New Registration - Registration Module Pages/Form 2/Save Button for Add Employee' is clicked on

2018-12-12 19:23:11 - [TEST_STEP][PASSED] - delay: Delayed 6 second(s)

2018-12-12 19:23:17 - [MESSAGE][PASSED] - Delayed 6 second(s)

2018-12-12 19:23:17 - [TEST_STEP][PASSED] - click: Object: 'Object Repository/Final Object Repo/New Registration - Registration Module Pages/Form 2/Save and Continue Form 2' is clicked on

2018-12-12 19:23:17 - [MESSAGE][PASSED] - Object: 'Object Repository/Final Object Repo/New Registration - Registration Module Pages/Form 2/Save and Continue Form 2' is clicked on

2018-12-12 19:23:17 - [MESSAGE][PASSED] - Call Test Case 'Test Cases/Final Aug 2018 - PKS Automation/Registration Module/New Registration/Form 2/Add 1 Eligible' successfully

2018-12-12 19:23:17 - [TEST_STEP][PASSED] - callTestCase: Call Test Case 'Test Cases/Final Aug 2018 - PKS Automation/Registration Module/New Registration/Flow of New Registration/Third Screen - Upload Supporting Doc - Preview' successfully

2018-12-12 19:23:17 - [TEST_CASE][PASSED] - Test Cases/Final Aug 2018 - PKS Automation/Registration Module/New Registration/Flow of New Registration/Third Screen - Upload Supporting Doc - Preview: Test Cases/Final Aug 2018 - PKS Automation/Registration Module/New Registration/Flow of New Registration/Third Screen - Upload Supporting Doc - Preview

2018-12-12 19:23:17 - [TEST_STEP][PASSED] - waitForPageLoad: Wait for page load successfully

2018-12-12 19:23:18 - [MESSAGE][PASSED] - Wait for page load successfully

2018-12-12 19:23:18 - [TEST_STEP][PASSED] - Statement - CaseReferenceNo = com.kms.katalon.core.webui.keyword.WebUiBuiltInKeywords.getText(com.kms.katalon.core.testobject.ObjectRepository.findTestObject(Final Object Repo/New Registration - Registration Module Pages/Third Screen - Upload Supporting Doc- Preview/RefNo Acquiring)): Text of object 'Object Repository/Final Object Repo/New Registration - Registration Module Pages/Third Screen - Upload Supporting Doc- Preview/RefNo Acquiring' is: 'CRN12201800123231'

2018-12-12 19:23:18 - [MESSAGE][PASSED] - Text of object 'Object Repository/Final Object Repo/New Registration - Registration Module Pages/Third Screen - Upload Supporting Doc- Preview/RefNo Acquiring' is: 'CRN12201800123231'

2018-12-12 19:23:18 - [TEST_STEP][PASSED] - delay: Delayed 2 second(s)

2018-12-12 19:23:20 - [MESSAGE][PASSED] - Delayed 2 second(s)

2018-12-12 19:23:20 - [TEST_STEP][PASSED] - callTestCase: Call Test Case 'Test Cases/Final Aug 2018 - PKS Automation/Common/Reference Number Setter' successfully

2018-12-12 19:23:20 - [TEST_CASE][PASSED] - Test Cases/Final Aug 2018 - PKS Automation/Common/Reference Number Setter: Test Cases/Final Aug 2018 - PKS Automation/Common/Reference Number Setter

2018-12-12 19:23:20 - [TEST_STEP][PASSED] - Statement - RefNoOldFile = new java.io.File(C://Users//Admin//Desktop//PKS//Automation Reference Point//KatalonReference.txt): null

2018-12-12 19:23:20 - [TEST_STEP][PASSED] - Statement - RefNoOldFile.delete(): null

2018-12-12 19:23:20 - [TEST_STEP][PASSED] - delay: Delayed 5 second(s)

2018-12-12 19:23:25 - [MESSAGE][PASSED] - Delayed 5 second(s)

2018-12-12 19:23:25 - [TEST_STEP][PASSED] - Statement - RefNo = new java.io.File(C://Users//Admin//Desktop//PKS//Automation Reference Point//KatalonReference.txt): null

2018-12-12 19:23:25 - [TEST_STEP][PASSED] - Statement - f2 = new java.io.FileWriter(RefNo, false): null

2018-12-12 19:23:25 - [TEST_STEP][PASSED] - Statement - f2.write(CaseReferenceNo): null

2018-12-12 19:23:25 - [TEST_STEP][PASSED] - Statement - f2.close(): null

2018-12-12 19:23:25 - [TEST_STEP][PASSED] - Statement - out.println("


" + CaseReferenceNo + "


"): null

2018-12-12 19:23:25 - [MESSAGE][PASSED] - Call Test Case 'Test Cases/Final Aug 2018 - PKS Automation/Common/Reference Number Setter' successfully

2018-12-12 19:23:25 - [TEST_STEP][PASSED] - waitForElementClickable: Object 'Object Repository/Final Object Repo/New Registration - Registration Module Pages/Third Screen - Upload Supporting Doc- Preview/Save n Continue in SIP Employee Listing Page' is clickable

2018-12-12 19:23:25 - [MESSAGE][PASSED] - Object 'Object Repository/Final Object Repo/New Registration - Registration Module Pages/Third Screen - Upload Supporting Doc- Preview/Save n Continue in SIP Employee Listing Page' is clickable

2018-12-12 19:23:25 - [TEST_STEP][PASSED] - click: Object: 'Object Repository/Final Object Repo/New Registration - Registration Module Pages/Third Screen - Upload Supporting Doc- Preview/Save n Continue in SIP Employee Listing Page' is clicked on

2018-12-12 19:23:31 - [MESSAGE][PASSED] - Object: 'Object Repository/Final Object Repo/New Registration - Registration Module Pages/Third Screen - Upload Supporting Doc- Preview/Save n Continue in SIP Employee Listing Page' is clicked on

2018-12-12 19:23:31 - [TEST_STEP][PASSED] - delay: Delayed 7 second(s)

2018-12-12 19:23:38 - [MESSAGE][PASSED] - Delayed 7 second(s)

2018-12-12 19:23:38 - [TEST_STEP][PASSED] - click: Object: 'Object Repository/Final Object Repo/New Registration - Registration Module Pages/Third Screen - Upload Supporting Doc- Preview/Add Document Button' is clicked on

2018-12-12 19:23:38 - [MESSAGE][PASSED] - Object: 'Object Repository/Final Object Repo/New Registration - Registration Module Pages/Third Screen - Upload Supporting Doc- Preview/Add Document Button' is clicked on

2018-12-12 19:23:38 - [TEST_STEP][PASSED] - delay: Delayed 30 second(s)

2018-12-12 19:24:08 - [MESSAGE][PASSED] - Delayed 30 second(s)

2018-12-12 19:24:08 - [TEST_STEP][PASSED] - click: Object: 'Object Repository/Final Object Repo/New Registration - Registration Module Pages/Third Screen - Upload Supporting Doc- Preview/Supporting Doc Please Select Drop Down' is clicked on

2018-12-12 19:24:08 - [MESSAGE][PASSED] - Object: 'Object Repository/Final Object Repo/New Registration - Registration Module Pages/Third Screen - Upload Supporting Doc- Preview/Supporting Doc Please Select Drop Down' is clicked on

2018-12-12 19:24:08 - [TEST_STEP][PASSED] - delay: Delayed 2 second(s)

2018-12-12 19:24:10 - [MESSAGE][PASSED] - Delayed 2 second(s)

2018-12-12 19:24:10 - [TEST_STEP][PASSED] - click: Object: 'Object Repository/Final Object Repo/New Registration - Registration Module Pages/Third Screen - Upload Supporting Doc- Preview/Select to Upload Form 1' is clicked on

2018-12-12 19:24:10 - [MESSAGE][PASSED] - Object: 'Object Repository/Final Object Repo/New Registration - Registration Module Pages/Third Screen - Upload Supporting Doc- Preview/Select to Upload Form 1' is clicked on

2018-12-12 19:24:10 - [TEST_STEP][PASSED] - delay: Delayed 2 second(s)

2018-12-12 19:24:12 - [MESSAGE][PASSED] - Delayed 2 second(s)

2018-12-12 19:24:12 - [TEST_STEP][PASSED] - uploadFile: File 'C:\Users\Public\Pictures\Sample Pictures\Koala.jpg' sent to object: 'Object Repository/Final Object Repo/New Registration - Registration Module Pages/Third Screen - Upload Supporting Doc- Preview/Upload File Adding'

2018-12-12 19:24:12 - [MESSAGE][PASSED] - File 'C:\Users\Public\Pictures\Sample Pictures\Koala.jpg' sent to object: 'Object Repository/Final Object Repo/New Registration - Registration Module Pages/Third Screen - Upload Supporting Doc- Preview/Upload File Adding'

2018-12-12 19:24:12 - [TEST_STEP][PASSED] - delay: Delayed 5 second(s)

2018-12-12 19:24:17 - [MESSAGE][PASSED] - Delayed 5 second(s)

2018-12-12 19:24:17 - [TEST_STEP][PASSED] - click: Object: 'Object Repository/Final Object Repo/New Registration - Registration Module Pages/Third Screen - Upload Supporting Doc- Preview/Inner Form Add Document Button' is clicked on

2018-12-12 19:24:18 - [MESSAGE][PASSED] - Object: 'Object Repository/Final Object Repo/New Registration - Registration Module Pages/Third Screen - Upload Supporting Doc- Preview/Inner Form Add Document Button' is clicked on

2018-12-12 19:24:18 - [TEST_STEP][PASSED] - delay: Delayed 3 second(s)

2018-12-12 19:24:21 - [MESSAGE][PASSED] - Delayed 3 second(s)

2018-12-12 19:24:21 - [TEST_STEP][PASSED] - click: Object: 'Object Repository/Final Object Repo/New Registration - Registration Module Pages/Third Screen - Upload Supporting Doc- Preview/Add Document Button' is clicked on

2018-12-12 19:24:22 - [MESSAGE][PASSED] - Object: 'Object Repository/Final Object Repo/New Registration - Registration Module Pages/Third Screen - Upload Supporting Doc- Preview/Add Document Button' is clicked on

2018-12-12 19:24:22 - [TEST_STEP][PASSED] - delay: Delayed 30 second(s)

2018-12-12 19:24:52 - [MESSAGE][PASSED] - Delayed 30 second(s)

2018-12-12 19:24:52 - [TEST_STEP][PASSED] - click: Object: 'Object Repository/Final Object Repo/New Registration - Registration Module Pages/Third Screen - Upload Supporting Doc- Preview/Supporting Doc Please Select Drop Down' is clicked on

2018-12-12 19:24:52 - [MESSAGE][PASSED] - Object: 'Object Repository/Final Object Repo/New Registration - Registration Module Pages/Third Screen - Upload Supporting Doc- Preview/Supporting Doc Please Select Drop Down' is clicked on

2018-12-12 19:24:52 - [TEST_STEP][PASSED] - delay: Delayed 4 second(s)

2018-12-12 19:24:56 - [MESSAGE][PASSED] - Delayed 4 second(s)

2018-12-12 19:24:56 - [TEST_STEP][PASSED] - click: Object: 'Object Repository/Final Object Repo/New Registration - Registration Module Pages/Third Screen - Upload Supporting Doc- Preview/Select to Upload Form 2' is clicked on

2018-12-12 19:24:56 - [MESSAGE][PASSED] - Object: 'Object Repository/Final Object Repo/New Registration - Registration Module Pages/Third Screen - Upload Supporting Doc- Preview/Select to Upload Form 2' is clicked on

2018-12-12 19:24:56 - [TEST_STEP][PASSED] - delay: Delayed 2 second(s)

2018-12-12 19:24:58 - [MESSAGE][PASSED] - Delayed 2 second(s)

2018-12-12 19:24:58 - [TEST_STEP][PASSED] - uploadFile: File 'C:\Users\Public\Pictures\Sample Pictures\Koala.jpg' sent to object: 'Object Repository/Final Object Repo/New Registration - Registration Module Pages/Third Screen - Upload Supporting Doc- Preview/Upload File Adding'

2018-12-12 19:24:58 - [MESSAGE][PASSED] - File 'C:\Users\Public\Pictures\Sample Pictures\Koala.jpg' sent to object: 'Object Repository/Final Object Repo/New Registration - Registration Module Pages/Third Screen - Upload Supporting Doc- Preview/Upload File Adding'

2018-12-12 19:24:58 - [TEST_STEP][PASSED] - click: Object: 'Object Repository/Final Object Repo/New Registration - Registration Module Pages/Third Screen - Upload Supporting Doc- Preview/Inner Form Add Document Button' is clicked on

2018-12-12 19:24:58 - [MESSAGE][PASSED] - Object: 'Object Repository/Final Object Repo/New Registration - Registration Module Pages/Third Screen - Upload Supporting Doc- Preview/Inner Form Add Document Button' is clicked on

2018-12-12 19:24:58 - [TEST_STEP][PASSED] - delay: Delayed 5 second(s)

2018-12-12 19:25:03 - [MESSAGE][PASSED] - Delayed 5 second(s)

2018-12-12 19:25:03 - [TEST_STEP][PASSED] - click: Object: 'Object Repository/Final Object Repo/New Registration - Registration Module Pages/Third Screen - Upload Supporting Doc- Preview/Add Document Button' is clicked on

2018-12-12 19:25:04 - [MESSAGE][PASSED] - Object: 'Object Repository/Final Object Repo/New Registration - Registration Module Pages/Third Screen - Upload Supporting Doc- Preview/Add Document Button' is clicked on

2018-12-12 19:25:04 - [TEST_STEP][PASSED] - delay: Delayed 30 second(s)

2018-12-12 19:25:34 - [MESSAGE][PASSED] - Delayed 30 second(s)

2018-12-12 19:25:34 - [TEST_STEP][PASSED] - click: Object: 'Object Repository/Final Object Repo/New Registration - Registration Module Pages/Third Screen - Upload Supporting Doc- Preview/Supporting Doc Please Select Drop Down' is clicked on

2018-12-12 19:25:34 - [MESSAGE][PASSED] - Object: 'Object Repository/Final Object Repo/New Registration - Registration Module Pages/Third Screen - Upload Supporting Doc- Preview/Supporting Doc Please Select Drop Down' is clicked on

2018-12-12 19:25:34 - [TEST_STEP][PASSED] - click: Object: 'Object Repository/Final Object Repo/New Registration - Registration Module Pages/Third Screen - Upload Supporting Doc- Preview/Select to Upload Borang SIP 1' is clicked on

2018-12-12 19:25:34 - [MESSAGE][PASSED] - Object: 'Object Repository/Final Object Repo/New Registration - Registration Module Pages/Third Screen - Upload Supporting Doc- Preview/Select to Upload Borang SIP 1' is clicked on

2018-12-12 19:25:34 - [TEST_STEP][PASSED] - delay: Delayed 2 second(s)

2018-12-12 19:25:36 - [MESSAGE][PASSED] - Delayed 2 second(s)

2018-12-12 19:25:36 - [TEST_STEP][PASSED] - uploadFile: File 'C:\Users\Public\Pictures\Sample Pictures\Koala.jpg' sent to object: 'Object Repository/Final Object Repo/New Registration - Registration Module Pages/Third Screen - Upload Supporting Doc- Preview/Upload File Adding'

2018-12-12 19:25:36 - [MESSAGE][PASSED] - File 'C:\Users\Public\Pictures\Sample Pictures\Koala.jpg' sent to object: 'Object Repository/Final Object Repo/New Registration - Registration Module Pages/Third Screen - Upload Supporting Doc- Preview/Upload File Adding'

2018-12-12 19:25:36 - [TEST_STEP][PASSED] - click: Object: 'Object Repository/Final Object Repo/New Registration - Registration Module Pages/Third Screen - Upload Supporting Doc- Preview/Inner Form Add Document Button' is clicked on

2018-12-12 19:25:36 - [MESSAGE][PASSED] - Object: 'Object Repository/Final Object Repo/New Registration - Registration Module Pages/Third Screen - Upload Supporting Doc- Preview/Inner Form Add Document Button' is clicked on

2018-12-12 19:25:36 - [TEST_STEP][PASSED] - delay: Delayed 5 second(s)

2018-12-12 19:25:41 - [MESSAGE][PASSED] - Delayed 5 second(s)

2018-12-12 19:25:41 - [TEST_STEP][PASSED] - click: Object: 'Object Repository/Final Object Repo/New Registration - Registration Module Pages/Third Screen - Upload Supporting Doc- Preview/Add Document Button' is clicked on

2018-12-12 19:25:41 - [MESSAGE][PASSED] - Object: 'Object Repository/Final Object Repo/New Registration - Registration Module Pages/Third Screen - Upload Supporting Doc- Preview/Add Document Button' is clicked on

2018-12-12 19:25:41 - [TEST_STEP][PASSED] - delay: Delayed 30 second(s)

2018-12-12 19:26:11 - [MESSAGE][PASSED] - Delayed 30 second(s)

2018-12-12 19:26:11 - [TEST_STEP][PASSED] - click: Object: 'Object Repository/Final Object Repo/New Registration - Registration Module Pages/Third Screen - Upload Supporting Doc- Preview/Supporting Doc Please Select Drop Down' is clicked on

2018-12-12 19:26:12 - [MESSAGE][PASSED] - Object: 'Object Repository/Final Object Repo/New Registration - Registration Module Pages/Third Screen - Upload Supporting Doc- Preview/Supporting Doc Please Select Drop Down' is clicked on

2018-12-12 19:26:12 - [TEST_STEP][PASSED] - delay: Delayed 3 second(s)

2018-12-12 19:26:15 - [MESSAGE][PASSED] - Delayed 3 second(s)

2018-12-12 19:26:15 - [TEST_STEP][PASSED] - click: Object: 'Object Repository/Final Object Repo/New Registration - Registration Module Pages/Third Screen - Upload Supporting Doc- Preview/Select to Upload Borang SIP 2' is clicked on

2018-12-12 19:26:15 - [MESSAGE][PASSED] - Object: 'Object Repository/Final Object Repo/New Registration - Registration Module Pages/Third Screen - Upload Supporting Doc- Preview/Select to Upload Borang SIP 2' is clicked on

2018-12-12 19:26:15 - [TEST_STEP][PASSED] - delay: Delayed 2 second(s)

2018-12-12 19:26:17 - [MESSAGE][PASSED] - Delayed 2 second(s)

2018-12-12 19:26:17 - [TEST_STEP][PASSED] - uploadFile: File 'C:\Users\Public\Pictures\Sample Pictures\Koala.jpg' sent to object: 'Object Repository/Final Object Repo/New Registration - Registration Module Pages/Third Screen - Upload Supporting Doc- Preview/Upload File Adding'

2018-12-12 19:26:17 - [MESSAGE][PASSED] - File 'C:\Users\Public\Pictures\Sample Pictures\Koala.jpg' sent to object: 'Object Repository/Final Object Repo/New Registration - Registration Module Pages/Third Screen - Upload Supporting Doc- Preview/Upload File Adding'

2018-12-12 19:26:17 - [TEST_STEP][PASSED] - delay: Delayed 5 second(s)

2018-12-12 19:26:22 - [MESSAGE][PASSED] - Delayed 5 second(s)

2018-12-12 19:26:22 - [TEST_STEP][PASSED] - click: Object: 'Object Repository/Final Object Repo/New Registration - Registration Module Pages/Third Screen - Upload Supporting Doc- Preview/Inner Form Add Document Button' is clicked on

2018-12-12 19:26:22 - [MESSAGE][PASSED] - Object: 'Object Repository/Final Object Repo/New Registration - Registration Module Pages/Third Screen - Upload Supporting Doc- Preview/Inner Form Add Document Button' is clicked on

2018-12-12 19:26:22 - [TEST_STEP][PASSED] - delay: Delayed 3 second(s)

2018-12-12 19:26:25 - [MESSAGE][PASSED] - Delayed 3 second(s)

2018-12-12 19:26:25 - [TEST_STEP][PASSED] - waitForElementClickable: Object 'Object Repository/Final Object Repo/New Registration - Registration Module Pages/Third Screen - Upload Supporting Doc- Preview/Save n Continue in Uploading Supporting Doc Page' is clickable

2018-12-12 19:26:26 - [MESSAGE][PASSED] - Object 'Object Repository/Final Object Repo/New Registration - Registration Module Pages/Third Screen - Upload Supporting Doc- Preview/Save n Continue in Uploading Supporting Doc Page' is clickable

2018-12-12 19:26:26 - [TEST_STEP][PASSED] - click: Object: 'Object Repository/Final Object Repo/New Registration - Registration Module Pages/Third Screen - Upload Supporting Doc- Preview/Save n Continue in Uploading Supporting Doc Page' is clicked on

2018-12-12 19:26:26 - [MESSAGE][PASSED] - Object: 'Object Repository/Final Object Repo/New Registration - Registration Module Pages/Third Screen - Upload Supporting Doc- Preview/Save n Continue in Uploading Supporting Doc Page' is clicked on

2018-12-12 19:26:26 - [MESSAGE][PASSED] - Call Test Case 'Test Cases/Final Aug 2018 - PKS Automation/Registration Module/New Registration/Flow of New Registration/Third Screen - Upload Supporting Doc - Preview' successfully

2018-12-12 19:26:26 - [TEST_STEP][PASSED] - callTestCase: Call Test Case 'Test Cases/Final Aug 2018 - PKS Automation/Registration Module/New Registration/Submit and Screenshot/Submit Registration and Screenshot' successfully

2018-12-12 19:26:26 - [TEST_CASE][PASSED] - Test Cases/Final Aug 2018 - PKS Automation/Registration Module/New Registration/Submit and Screenshot/Submit Registration and Screenshot: Test Cases/Final Aug 2018 - PKS Automation/Registration Module/New Registration/Submit and Screenshot/Submit Registration and Screenshot

2018-12-12 19:26:26 - [TEST_STEP][PASSED] - delay: Delayed 6 second(s)

2018-12-12 19:26:32 - [MESSAGE][PASSED] - Delayed 6 second(s)

2018-12-12 19:26:32 - [TEST_STEP][PASSED] - click: Object: 'Object Repository/Final Object Repo/New Registration - Registration Module Pages/Third Screen - Upload Supporting Doc- Preview/Preview Submit Button' is clicked on

2018-12-12 19:26:33 - [MESSAGE][PASSED] - Object: 'Object Repository/Final Object Repo/New Registration - Registration Module Pages/Third Screen - Upload Supporting Doc- Preview/Preview Submit Button' is clicked on

2018-12-12 19:26:33 - [TEST_STEP][PASSED] - delay: Delayed 2 second(s)

2018-12-12 19:26:35 - [MESSAGE][PASSED] - Delayed 2 second(s)

2018-12-12 19:26:35 - [TEST_STEP][PASSED] - click: Object: 'Object Repository/Final Object Repo/New Registration - Registration Module Pages/Third Screen - Upload Supporting Doc- Preview/Preview Submit - Confirm' is clicked on

2018-12-12 19:26:35 - [MESSAGE][PASSED] - Object: 'Object Repository/Final Object Repo/New Registration - Registration Module Pages/Third Screen - Upload Supporting Doc- Preview/Preview Submit - Confirm' is clicked on

2018-12-12 19:26:35 - [TEST_STEP][PASSED] - delay: Delayed 15 second(s)

2018-12-12 19:26:50 - [MESSAGE][PASSED] - Delayed 15 second(s)

2018-12-12 19:26:50 - [TEST_STEP][PASSED] - Statement - driver = com.kms.katalon.core.webui.driver.DriverFactory.getWebDriver(): null

2018-12-12 19:26:50 - [TEST_STEP][PASSED] - Statement - driver.manage().timeouts().implicitlyWait(10, SECONDS): null

2018-12-12 19:26:50 - [TEST_STEP][PASSED] - Statement - PresavePath = KatalonScreenshots: null

2018-12-12 19:26:50 - [TEST_STEP][PASSED] - Statement - pathPrefix = "C:\Users\Public\Pictures\Sample Pictures\Katalon Screenshots\Automate Ending Screen": null

2018-12-12 19:26:50 - [TEST_STEP][PASSED] - Statement - finalPath = <not implemented yet for class: org.codehaus.groovy.ast.expr.EmptyExpression>: null

2018-12-12 19:26:50 - [TEST_STEP][PASSED] - Statement - scrFile = driver.getScreenshotAs(FILE): null

2018-12-12 19:26:50 - [TEST_STEP][PASSED] - Statement - PreSaveFile = new java.io.File(PresavePath): null

2018-12-12 19:26:50 - [TEST_STEP][PASSED] - Statement - counter = 0: null

2018-12-12 19:26:50 - [TEST_STEP][PASSED] - Statement - If (PreSaveFile.exists()): null

2018-12-12 19:26:50 - [TEST_STEP][PASSED] - Statement - While (PreSaveFile.exists()): null

2018-12-12 19:26:50 - [TEST_STEP][PASSED] - Statement - counter = counter + 1: null

2018-12-12 19:26:50 - [TEST_STEP][PASSED] - Statement - PreSaveFile = new java.io.File(((pathPrefix + java.lang.Integer.toString(counter)) + .png)): null

2018-12-12 19:26:50 - [TEST_STEP][PASSED] - Statement - counter = counter + 1: null

2018-12-12 19:26:50 - [TEST_STEP][PASSED] - Statement - PreSaveFile = new java.io.File(((pathPrefix + java.lang.Integer.toString(counter)) + .png)): null

2018-12-12 19:26:50 - [TEST_STEP][PASSED] - Statement - counter = counter + 1: null

2018-12-12 19:26:50 - [TEST_STEP][PASSED] - Statement - PreSaveFile = new java.io.File(((pathPrefix + java.lang.Integer.toString(counter)) + .png)): null

2018-12-12 19:26:50 - [TEST_STEP][PASSED] - Statement - counter = counter + 1: null

2018-12-12 19:26:50 - [TEST_STEP][PASSED] - Statement - PreSaveFile = new java.io.File(((pathPrefix + java.lang.Integer.toString(counter)) + .png)): null

2018-12-12 19:26:50 - [TEST_STEP][PASSED] - Statement - counter = counter + 1: null

2018-12-12 19:26:50 - [TEST_STEP][PASSED] - Statement - PreSaveFile = new java.io.File(((pathPrefix + java.lang.Integer.toString(counter)) + .png)): null

2018-12-12 19:26:50 - [TEST_STEP][PASSED] - Statement - counter = counter + 1: null

2018-12-12 19:26:50 - [TEST_STEP][PASSED] - Statement - PreSaveFile = new java.io.File(((pathPrefix + java.lang.Integer.toString(counter)) + .png)): null

2018-12-12 19:26:50 - [TEST_STEP][PASSED] - Statement - counter = counter + 1: null

2018-12-12 19:26:50 - [TEST_STEP][PASSED] - Statement - PreSaveFile = new java.io.File(((pathPrefix + java.lang.Integer.toString(counter)) + .png)): null

2018-12-12 19:26:50 - [TEST_STEP][PASSED] - Statement - counter = counter + 1: null

2018-12-12 19:26:50 - [TEST_STEP][PASSED] - Statement - PreSaveFile = new java.io.File(((pathPrefix + java.lang.Integer.toString(counter)) + .png)): null

2018-12-12 19:26:50 - [TEST_STEP][PASSED] - Statement - counter = counter + 1: null

2018-12-12 19:26:50 - [TEST_STEP][PASSED] - Statement - PreSaveFile = new java.io.File(((pathPrefix + java.lang.Integer.toString(counter)) + .png)): null

2018-12-12 19:26:50 - [TEST_STEP][PASSED] - Statement - counter = counter + 1: null

2018-12-12 19:26:50 - [TEST_STEP][PASSED] - Statement - PreSaveFile = new java.io.File(((pathPrefix + java.lang.Integer.toString(counter)) + .png)): null

2018-12-12 19:26:50 - [TEST_STEP][PASSED] - Statement - counter = counter + 1: null

2018-12-12 19:26:50 - [TEST_STEP][PASSED] - Statement - PreSaveFile = new java.io.File(((pathPrefix + java.lang.Integer.toString(counter)) + .png)): null

2018-12-12 19:26:50 - [TEST_STEP][PASSED] - Statement - counter = counter + 1: null

2018-12-12 19:26:50 - [TEST_STEP][PASSED] - Statement - PreSaveFile = new java.io.File(((pathPrefix + java.lang.Integer.toString(counter)) + .png)): null

2018-12-12 19:26:50 - [TEST_STEP][PASSED] - Statement - counter = counter + 1: null

2018-12-12 19:26:50 - [TEST_STEP][PASSED] - Statement - PreSaveFile = new java.io.File(((pathPrefix + java.lang.Integer.toString(counter)) + .png)): null

2018-12-12 19:26:50 - [TEST_STEP][PASSED] - Statement - counter = counter + 1: null

2018-12-12 19:26:50 - [TEST_STEP][PASSED] - Statement - PreSaveFile = new java.io.File(((pathPrefix + java.lang.Integer.toString(counter)) + .png)): null

2018-12-12 19:26:50 - [TEST_STEP][PASSED] - Statement - counter = counter + 1: null

2018-12-12 19:26:50 - [TEST_STEP][PASSED] - Statement - PreSaveFile = new java.io.File(((pathPrefix + java.lang.Integer.toString(counter)) + .png)): null

2018-12-12 19:26:50 - [TEST_STEP][PASSED] - Statement - counter = counter + 1: null

2018-12-12 19:26:50 - [TEST_STEP][PASSED] - Statement - PreSaveFile = new java.io.File(((pathPrefix + java.lang.Integer.toString(counter)) + .png)): null

2018-12-12 19:26:50 - [TEST_STEP][PASSED] - Statement - counter = counter + 1: null

2018-12-12 19:26:50 - [TEST_STEP][PASSED] - Statement - PreSaveFile = new java.io.File(((pathPrefix + java.lang.Integer.toString(counter)) + .png)): null

2018-12-12 19:26:50 - [TEST_STEP][PASSED] - Statement - counter = counter + 1: null

2018-12-12 19:26:50 - [TEST_STEP][PASSED] - Statement - PreSaveFile = new java.io.File(((pathPrefix + java.lang.Integer.toString(counter)) + .png)): null

2018-12-12 19:26:50 - [TEST_STEP][PASSED] - Statement - counter = counter + 1: null

2018-12-12 19:26:50 - [TEST_STEP][PASSED] - Statement - PreSaveFile = new java.io.File(((pathPrefix + java.lang.Integer.toString(counter)) + .png)): null

2018-12-12 19:26:50 - [TEST_STEP][PASSED] - Statement - counter = counter + 1: null

2018-12-12 19:26:50 - [TEST_STEP][PASSED] - Statement - PreSaveFile = new java.io.File(((pathPrefix + java.lang.Integer.toString(counter)) + .png)): null

2018-12-12 19:26:50 - [TEST_STEP][PASSED] - Statement - counter = counter + 1: null

2018-12-12 19:26:50 - [TEST_STEP][PASSED] - Statement - PreSaveFile = new java.io.File(((pathPrefix + java.lang.Integer.toString(counter)) + .png)): null

2018-12-12 19:26:50 - [TEST_STEP][PASSED] - Statement - counter = counter + 1: null

2018-12-12 19:26:50 - [TEST_STEP][PASSED] - Statement - PreSaveFile = new java.io.File(((pathPrefix + java.lang.Integer.toString(counter)) + .png)): null

2018-12-12 19:26:50 - [TEST_STEP][PASSED] - Statement - counter = counter + 1: null

2018-12-12 19:26:50 - [TEST_STEP][PASSED] - Statement - PreSaveFile = new java.io.File(((pathPrefix + java.lang.Integer.toString(counter)) + .png)): null

2018-12-12 19:26:50 - [TEST_STEP][PASSED] - Statement - counter = counter + 1: null

2018-12-12 19:26:50 - [TEST_STEP][PASSED] - Statement - PreSaveFile = new java.io.File(((pathPrefix + java.lang.Integer.toString(counter)) + .png)): null

2018-12-12 19:26:50 - [TEST_STEP][PASSED] - Statement - counter = counter + 1: null

2018-12-12 19:26:50 - [TEST_STEP][PASSED] - Statement - PreSaveFile = new java.io.File(((pathPrefix + java.lang.Integer.toString(counter)) + .png)): null

2018-12-12 19:26:50 - [TEST_STEP][PASSED] - Statement - counter = counter + 1: null

2018-12-12 19:26:50 - [TEST_STEP][PASSED] - Statement - PreSaveFile = new java.io.File(((pathPrefix + java.lang.Integer.toString(counter)) + .png)): null

2018-12-12 19:26:50 - [TEST_STEP][PASSED] - Statement - counter = counter + 1: null

2018-12-12 19:26:50 - [TEST_STEP][PASSED] - Statement - PreSaveFile = new java.io.File(((pathPrefix + java.lang.Integer.toString(counter)) + .png)): null

2018-12-12 19:26:50 - [TEST_STEP][PASSED] - Statement - counter = counter + 1: null

2018-12-12 19:26:50 - [TEST_STEP][PASSED] - Statement - PreSaveFile = new java.io.File(((pathPrefix + java.lang.Integer.toString(counter)) + .png)): null

2018-12-12 19:26:50 - [TEST_STEP][PASSED] - Statement - counter = counter + 1: null

2018-12-12 19:26:50 - [TEST_STEP][PASSED] - Statement - PreSaveFile = new java.io.File(((pathPrefix + java.lang.Integer.toString(counter)) + .png)): null

2018-12-12 19:26:50 - [TEST_STEP][PASSED] - Statement - counter = counter + 1: null

2018-12-12 19:26:50 - [TEST_STEP][PASSED] - Statement - PreSaveFile = new java.io.File(((pathPrefix + java.lang.Integer.toString(counter)) + .png)): null

2018-12-12 19:26:50 - [TEST_STEP][PASSED] - Statement - counter = counter + 1: null

2018-12-12 19:26:50 - [TEST_STEP][PASSED] - Statement - PreSaveFile = new java.io.File(((pathPrefix + java.lang.Integer.toString(counter)) + .png)): null

2018-12-12 19:26:50 - [TEST_STEP][PASSED] - Statement - counter = counter + 1: null

2018-12-12 19:26:50 - [TEST_STEP][PASSED] - Statement - PreSaveFile = new java.io.File(((pathPrefix + java.lang.Integer.toString(counter)) + .png)): null

2018-12-12 19:26:50 - [TEST_STEP][PASSED] - Statement - counter = counter + 1: null

2018-12-12 19:26:50 - [TEST_STEP][PASSED] - Statement - PreSaveFile = new java.io.File(((pathPrefix + java.lang.Integer.toString(counter)) + .png)): null

2018-12-12 19:26:50 - [TEST_STEP][PASSED] - Statement - counter = counter + 1: null

2018-12-12 19:26:50 - [TEST_STEP][PASSED] - Statement - PreSaveFile = new java.io.File(((pathPrefix + java.lang.Integer.toString(counter)) + .png)): null

2018-12-12 19:26:50 - [TEST_STEP][PASSED] - Statement - counter = counter + 1: null

2018-12-12 19:26:50 - [TEST_STEP][PASSED] - Statement - PreSaveFile = new java.io.File(((pathPrefix + java.lang.Integer.toString(counter)) + .png)): null

2018-12-12 19:26:50 - [TEST_STEP][PASSED] - Statement - counter = counter + 1: null

2018-12-12 19:26:50 - [TEST_STEP][PASSED] - Statement - PreSaveFile = new java.io.File(((pathPrefix + java.lang.Integer.toString(counter)) + .png)): null

2018-12-12 19:26:50 - [TEST_STEP][PASSED] - Statement - counter = counter + 1: null

2018-12-12 19:26:50 - [TEST_STEP][PASSED] - Statement - PreSaveFile = new java.io.File(((pathPrefix + java.lang.Integer.toString(counter)) + .png)): null

2018-12-12 19:26:50 - [TEST_STEP][PASSED] - Statement - counter = counter + 1: null

2018-12-12 19:26:50 - [TEST_STEP][PASSED] - Statement - PreSaveFile = new java.io.File(((pathPrefix + java.lang.Integer.toString(counter)) + .png)): null

2018-12-12 19:26:50 - [TEST_STEP][PASSED] - Statement - counter = counter + 1: null

2018-12-12 19:26:50 - [TEST_STEP][PASSED] - Statement - PreSaveFile = new java.io.File(((pathPrefix + java.lang.Integer.toString(counter)) + .png)): null

2018-12-12 19:26:50 - [TEST_STEP][PASSED] - Statement - counter = counter + 1: null

2018-12-12 19:26:50 - [TEST_STEP][PASSED] - Statement - PreSaveFile = new java.io.File(((pathPrefix + java.lang.Integer.toString(counter)) + .png)): null

2018-12-12 19:26:50 - [TEST_STEP][PASSED] - Statement - counter = counter + 1: null

2018-12-12 19:26:50 - [TEST_STEP][PASSED] - Statement - PreSaveFile = new java.io.File(((pathPrefix + java.lang.Integer.toString(counter)) + .png)): null

2018-12-12 19:26:50 - [TEST_STEP][PASSED] - Statement - counter = counter + 1: null

2018-12-12 19:26:50 - [TEST_STEP][PASSED] - Statement - PreSaveFile = new java.io.File(((pathPrefix + java.lang.Integer.toString(counter)) + .png)): null

2018-12-12 19:26:50 - [TEST_STEP][PASSED] - Statement - counter = counter + 1: null

2018-12-12 19:26:50 - [TEST_STEP][PASSED] - Statement - PreSaveFile = new java.io.File(((pathPrefix + java.lang.Integer.toString(counter)) + .png)): null

2018-12-12 19:26:50 - [TEST_STEP][PASSED] - Statement - counter = counter + 1: null

2018-12-12 19:26:50 - [TEST_STEP][PASSED] - Statement - PreSaveFile = new java.io.File(((pathPrefix + java.lang.Integer.toString(counter)) + .png)): null

2018-12-12 19:26:50 - [TEST_STEP][PASSED] - Statement - counter = counter + 1: null

2018-12-12 19:26:50 - [TEST_STEP][PASSED] - Statement - PreSaveFile = new java.io.File(((pathPrefix + java.lang.Integer.toString(counter)) + .png)): null

2018-12-12 19:26:50 - [TEST_STEP][PASSED] - Statement - counter = counter + 1: null

2018-12-12 19:26:50 - [TEST_STEP][PASSED] - Statement - PreSaveFile = new java.io.File(((pathPrefix + java.lang.Integer.toString(counter)) + .png)): null

2018-12-12 19:26:50 - [TEST_STEP][PASSED] - Statement - counter = counter + 1: null

2018-12-12 19:26:50 - [TEST_STEP][PASSED] - Statement - PreSaveFile = new java.io.File(((pathPrefix + java.lang.Integer.toString(counter)) + .png)): null

2018-12-12 19:26:50 - [TEST_STEP][PASSED] - Statement - counter = counter + 1: null

2018-12-12 19:26:50 - [TEST_STEP][PASSED] - Statement - PreSaveFile = new java.io.File(((pathPrefix + java.lang.Integer.toString(counter)) + .png)): null

2018-12-12 19:26:50 - [TEST_STEP][PASSED] - Statement - counter = counter + 1: null

2018-12-12 19:26:50 - [TEST_STEP][PASSED] - Statement - PreSaveFile = new java.io.File(((pathPrefix + java.lang.Integer.toString(counter)) + .png)): null

2018-12-12 19:26:50 - [TEST_STEP][PASSED] - Statement - counter = counter + 1: null

2018-12-12 19:26:50 - [TEST_STEP][PASSED] - Statement - PreSaveFile = new java.io.File(((pathPrefix + java.lang.Integer.toString(counter)) + .png)): null

2018-12-12 19:26:50 - [TEST_STEP][PASSED] - Statement - counter = counter + 1: null

2018-12-12 19:26:50 - [TEST_STEP][PASSED] - Statement - PreSaveFile = new java.io.File(((pathPrefix + java.lang.Integer.toString(counter)) + .png)): null

2018-12-12 19:26:50 - [TEST_STEP][PASSED] - Statement - counter = counter + 1: null

2018-12-12 19:26:50 - [TEST_STEP][PASSED] - Statement - PreSaveFile = new java.io.File(((pathPrefix + java.lang.Integer.toString(counter)) + .png)): null

2018-12-12 19:26:50 - [TEST_STEP][PASSED] - Statement - counter = counter + 1: null

2018-12-12 19:26:50 - [TEST_STEP][PASSED] - Statement - PreSaveFile = new java.io.File(((pathPrefix + java.lang.Integer.toString(counter)) + .png)): null

2018-12-12 19:26:50 - [TEST_STEP][PASSED] - Statement - counter = counter + 1: null

2018-12-12 19:26:50 - [TEST_STEP][PASSED] - Statement - PreSaveFile = new java.io.File(((pathPrefix + java.lang.Integer.toString(counter)) + .png)): null

2018-12-12 19:26:50 - [TEST_STEP][PASSED] - Statement - counter = counter + 1: null

2018-12-12 19:26:50 - [TEST_STEP][PASSED] - Statement - PreSaveFile = new java.io.File(((pathPrefix + java.lang.Integer.toString(counter)) + .png)): null

2018-12-12 19:26:50 - [TEST_STEP][PASSED] - Statement - counter = counter + 1: null

2018-12-12 19:26:50 - [TEST_STEP][PASSED] - Statement - PreSaveFile = new java.io.File(((pathPrefix + java.lang.Integer.toString(counter)) + .png)): null

2018-12-12 19:26:50 - [TEST_STEP][PASSED] - Statement - counter = counter + 1: null

2018-12-12 19:26:50 - [TEST_STEP][PASSED] - Statement - PreSaveFile = new java.io.File(((pathPrefix + java.lang.Integer.toString(counter)) + .png)): null

2018-12-12 19:26:50 - [TEST_STEP][PASSED] - Statement - counter = counter + 1: null

2018-12-12 19:26:50 - [TEST_STEP][PASSED] - Statement - PreSaveFile = new java.io.File(((pathPrefix + java.lang.Integer.toString(counter)) + .png)): null

2018-12-12 19:26:50 - [TEST_STEP][PASSED] - Statement - counter = counter + 1: null

2018-12-12 19:26:50 - [TEST_STEP][PASSED] - Statement - PreSaveFile = new java.io.File(((pathPrefix + java.lang.Integer.toString(counter)) + .png)): null

2018-12-12 19:26:50 - [TEST_STEP][PASSED] - Statement - counter = counter + 1: null

2018-12-12 19:26:50 - [TEST_STEP][PASSED] - Statement - PreSaveFile = new java.io.File(((pathPrefix + java.lang.Integer.toString(counter)) + .png)): null

2018-12-12 19:26:50 - [TEST_STEP][PASSED] - Statement - counter = counter + 1: null

2018-12-12 19:26:50 - [TEST_STEP][PASSED] - Statement - PreSaveFile = new java.io.File(((pathPrefix + java.lang.Integer.toString(counter)) + .png)): null

2018-12-12 19:26:50 - [TEST_STEP][PASSED] - Statement - counter = counter + 1: null

2018-12-12 19:26:50 - [TEST_STEP][PASSED] - Statement - PreSaveFile = new java.io.File(((pathPrefix + java.lang.Integer.toString(counter)) + .png)): null

2018-12-12 19:26:50 - [TEST_STEP][PASSED] - Statement - counter = counter + 1: null

2018-12-12 19:26:50 - [TEST_STEP][PASSED] - Statement - PreSaveFile = new java.io.File(((pathPrefix + java.lang.Integer.toString(counter)) + .png)): null

2018-12-12 19:26:50 - [TEST_STEP][PASSED] - Statement - counter = counter + 1: null

2018-12-12 19:26:50 - [TEST_STEP][PASSED] - Statement - PreSaveFile = new java.io.File(((pathPrefix + java.lang.Integer.toString(counter)) + .png)): null

2018-12-12 19:26:50 - [TEST_STEP][PASSED] - Statement - counter = counter + 1: null

2018-12-12 19:26:50 - [TEST_STEP][PASSED] - Statement - PreSaveFile = new java.io.File(((pathPrefix + java.lang.Integer.toString(counter)) + .png)): null

2018-12-12 19:26:50 - [TEST_STEP][PASSED] - Statement - counter = counter + 1: null

2018-12-12 19:26:50 - [TEST_STEP][PASSED] - Statement - PreSaveFile = new java.io.File(((pathPrefix + java.lang.Integer.toString(counter)) + .png)): null

2018-12-12 19:26:50 - [TEST_STEP][PASSED] - Statement - counter = counter + 1: null

2018-12-12 19:26:50 - [TEST_STEP][PASSED] - Statement - PreSaveFile = new java.io.File(((pathPrefix + java.lang.Integer.toString(counter)) + .png)): null

2018-12-12 19:26:50 - [TEST_STEP][PASSED] - Statement - counter = counter + 1: null

2018-12-12 19:26:50 - [TEST_STEP][PASSED] - Statement - PreSaveFile = new java.io.File(((pathPrefix + java.lang.Integer.toString(counter)) + .png)): null

2018-12-12 19:26:50 - [TEST_STEP][PASSED] - Statement - counter = counter + 1: null

2018-12-12 19:26:50 - [TEST_STEP][PASSED] - Statement - PreSaveFile = new java.io.File(((pathPrefix + java.lang.Integer.toString(counter)) + .png)): null

2018-12-12 19:26:50 - [TEST_STEP][PASSED] - Statement - counter = counter + 1: null

2018-12-12 19:26:50 - [TEST_STEP][PASSED] - Statement - PreSaveFile = new java.io.File(((pathPrefix + java.lang.Integer.toString(counter)) + .png)): null

2018-12-12 19:26:50 - [TEST_STEP][PASSED] - Statement - counter = counter + 1: null

2018-12-12 19:26:50 - [TEST_STEP][PASSED] - Statement - PreSaveFile = new java.io.File(((pathPrefix + java.lang.Integer.toString(counter)) + .png)): null

2018-12-12 19:26:50 - [TEST_STEP][PASSED] - Statement - counter = counter + 1: null

2018-12-12 19:26:50 - [TEST_STEP][PASSED] - Statement - PreSaveFile = new java.io.File(((pathPrefix + java.lang.Integer.toString(counter)) + .png)): null

2018-12-12 19:26:50 - [TEST_STEP][PASSED] - Statement - counter = counter + 1: null

2018-12-12 19:26:50 - [TEST_STEP][PASSED] - Statement - PreSaveFile = new java.io.File(((pathPrefix + java.lang.Integer.toString(counter)) + .png)): null

2018-12-12 19:26:50 - [TEST_STEP][PASSED] - Statement - counter = counter + 1: null

2018-12-12 19:26:50 - [TEST_STEP][PASSED] - Statement - PreSaveFile = new java.io.File(((pathPrefix + java.lang.Integer.toString(counter)) + .png)): null

2018-12-12 19:26:50 - [TEST_STEP][PASSED] - Statement - counter = counter + 1: null

2018-12-12 19:26:50 - [TEST_STEP][PASSED] - Statement - PreSaveFile = new java.io.File(((pathPrefix + java.lang.Integer.toString(counter)) + .png)): null

2018-12-12 19:26:50 - [TEST_STEP][PASSED] - Statement - counter = counter + 1: null

2018-12-12 19:26:50 - [TEST_STEP][PASSED] - Statement - PreSaveFile = new java.io.File(((pathPrefix + java.lang.Integer.toString(counter)) + .png)): null

2018-12-12 19:26:50 - [TEST_STEP][PASSED] - Statement - counter = counter + 1: null

2018-12-12 19:26:50 - [TEST_STEP][PASSED] - Statement - PreSaveFile = new java.io.File(((pathPrefix + java.lang.Integer.toString(counter)) + .png)): null

2018-12-12 19:26:50 - [TEST_STEP][PASSED] - Statement - counter = counter + 1: null

2018-12-12 19:26:50 - [TEST_STEP][PASSED] - Statement - PreSaveFile = new java.io.File(((pathPrefix + java.lang.Integer.toString(counter)) + .png)): null

2018-12-12 19:26:50 - [TEST_STEP][PASSED] - Statement - counter = counter + 1: null

2018-12-12 19:26:50 - [TEST_STEP][PASSED] - Statement - PreSaveFile = new java.io.File(((pathPrefix + java.lang.Integer.toString(counter)) + .png)): null

2018-12-12 19:26:50 - [TEST_STEP][PASSED] - Statement - counter = counter + 1: null

2018-12-12 19:26:50 - [TEST_STEP][PASSED] - Statement - PreSaveFile = new java.io.File(((pathPrefix + java.lang.Integer.toString(counter)) + .png)): null

2018-12-12 19:26:50 - [TEST_STEP][PASSED] - Statement - counter = counter + 1: null

2018-12-12 19:26:50 - [TEST_STEP][PASSED] - Statement - PreSaveFile = new java.io.File(((pathPrefix + java.lang.Integer.toString(counter)) + .png)): null

2018-12-12 19:26:50 - [TEST_STEP][PASSED] - Statement - counter = counter + 1: null

2018-12-12 19:26:50 - [TEST_STEP][PASSED] - Statement - PreSaveFile = new java.io.File(((pathPrefix + java.lang.Integer.toString(counter)) + .png)): null

2018-12-12 19:26:50 - [TEST_STEP][PASSED] - Statement - counter = counter + 1: null

2018-12-12 19:26:50 - [TEST_STEP][PASSED] - Statement - PreSaveFile = new java.io.File(((pathPrefix + java.lang.Integer.toString(counter)) + .png)): null

2018-12-12 19:26:50 - [TEST_STEP][PASSED] - Statement - counter = counter + 1: null

2018-12-12 19:26:50 - [TEST_STEP][PASSED] - Statement - PreSaveFile = new java.io.File(((pathPrefix + java.lang.Integer.toString(counter)) + .png)): null

2018-12-12 19:26:50 - [TEST_STEP][PASSED] - Statement - counter = counter + 1: null

2018-12-12 19:26:50 - [TEST_STEP][PASSED] - Statement - PreSaveFile = new java.io.File(((pathPrefix + java.lang.Integer.toString(counter)) + .png)): null

2018-12-12 19:26:50 - [TEST_STEP][PASSED] - Statement - counter = counter + 1: null

2018-12-12 19:26:50 - [TEST_STEP][PASSED] - Statement - PreSaveFile = new java.io.File(((pathPrefix + java.lang.Integer.toString(counter)) + .png)): null

2018-12-12 19:26:50 - [TEST_STEP][PASSED] - Statement - counter = counter + 1: null

2018-12-12 19:26:50 - [TEST_STEP][PASSED] - Statement - PreSaveFile = new java.io.File(((pathPrefix + java.lang.Integer.toString(counter)) + .png)): null

2018-12-12 19:26:50 - [TEST_STEP][PASSED] - Statement - counter = counter + 1: null

2018-12-12 19:26:50 - [TEST_STEP][PASSED] - Statement - PreSaveFile = new java.io.File(((pathPrefix + java.lang.Integer.toString(counter)) + .png)): null

2018-12-12 19:26:50 - [TEST_STEP][PASSED] - Statement - counter = counter + 1: null

2018-12-12 19:26:50 - [TEST_STEP][PASSED] - Statement - PreSaveFile = new java.io.File(((pathPrefix + java.lang.Integer.toString(counter)) + .png)): null

2018-12-12 19:26:50 - [TEST_STEP][PASSED] - Statement - counter = counter + 1: null

2018-12-12 19:26:50 - [TEST_STEP][PASSED] - Statement - PreSaveFile = new java.io.File(((pathPrefix + java.lang.Integer.toString(counter)) + .png)): null

2018-12-12 19:26:50 - [TEST_STEP][PASSED] - Statement - counter = counter + 1: null

2018-12-12 19:26:50 - [TEST_STEP][PASSED] - Statement - PreSaveFile = new java.io.File(((pathPrefix + java.lang.Integer.toString(counter)) + .png)): null

2018-12-12 19:26:50 - [TEST_STEP][PASSED] - Statement - counter = counter + 1: null

2018-12-12 19:26:50 - [TEST_STEP][PASSED] - Statement - PreSaveFile = new java.io.File(((pathPrefix + java.lang.Integer.toString(counter)) + .png)): null

2018-12-12 19:26:50 - [TEST_STEP][PASSED] - Statement - counter = counter + 1: null

2018-12-12 19:26:50 - [TEST_STEP][PASSED] - Statement - PreSaveFile = new java.io.File(((pathPrefix + java.lang.Integer.toString(counter)) + .png)): null

2018-12-12 19:26:50 - [TEST_STEP][PASSED] - Statement - counter = counter + 1: null

2018-12-12 19:26:50 - [TEST_STEP][PASSED] - Statement - PreSaveFile = new java.io.File(((pathPrefix + java.lang.Integer.toString(counter)) + .png)): null

2018-12-12 19:26:50 - [TEST_STEP][PASSED] - Statement - counter = counter + 1: null

2018-12-12 19:26:50 - [TEST_STEP][PASSED] - Statement - PreSaveFile = new java.io.File(((pathPrefix + java.lang.Integer.toString(counter)) + .png)): null

2018-12-12 19:26:50 - [TEST_STEP][PASSED] - Statement - counter = counter + 1: null

2018-12-12 19:26:50 - [TEST_STEP][PASSED] - Statement - PreSaveFile = new java.io.File(((pathPrefix + java.lang.Integer.toString(counter)) + .png)): null

2018-12-12 19:26:50 - [TEST_STEP][PASSED] - Statement - counter = counter + 1: null

2018-12-12 19:26:50 - [TEST_STEP][PASSED] - Statement - PreSaveFile = new java.io.File(((pathPrefix + java.lang.Integer.toString(counter)) + .png)): null

2018-12-12 19:26:50 - [TEST_STEP][PASSED] - Statement - counter = counter + 1: null

2018-12-12 19:26:50 - [TEST_STEP][PASSED] - Statement - PreSaveFile = new java.io.File(((pathPrefix + java.lang.Integer.toString(counter)) + .png)): null

2018-12-12 19:26:50 - [TEST_STEP][PASSED] - Statement - counter = counter + 1: null

2018-12-12 19:26:50 - [TEST_STEP][PASSED] - Statement - PreSaveFile = new java.io.File(((pathPrefix + java.lang.Integer.toString(counter)) + .png)): null

2018-12-12 19:26:50 - [TEST_STEP][PASSED] - Statement - counter = counter + 1: null

2018-12-12 19:26:50 - [TEST_STEP][PASSED] - Statement - PreSaveFile = new java.io.File(((pathPrefix + java.lang.Integer.toString(counter)) + .png)): null

2018-12-12 19:26:50 - [TEST_STEP][PASSED] - Statement - counter = counter + 1: null

2018-12-12 19:26:50 - [TEST_STEP][PASSED] - Statement - PreSaveFile = new java.io.File(((pathPrefix + java.lang.Integer.toString(counter)) + .png)): null

2018-12-12 19:26:50 - [TEST_STEP][PASSED] - Statement - counter = counter + 1: null

2018-12-12 19:26:50 - [TEST_STEP][PASSED] - Statement - PreSaveFile = new java.io.File(((pathPrefix + java.lang.Integer.toString(counter)) + .png)): null

2018-12-12 19:26:50 - [TEST_STEP][PASSED] - Statement - counter = counter + 1: null

2018-12-12 19:26:50 - [TEST_STEP][PASSED] - Statement - PreSaveFile = new java.io.File(((pathPrefix + java.lang.Integer.toString(counter)) + .png)): null

2018-12-12 19:26:50 - [TEST_STEP][PASSED] - Statement - counter = counter + 1: null

2018-12-12 19:26:50 - [TEST_STEP][PASSED] - Statement - PreSaveFile = new java.io.File(((pathPrefix + java.lang.Integer.toString(counter)) + .png)): null

2018-12-12 19:26:50 - [TEST_STEP][PASSED] - Statement - counter = counter + 1: null

2018-12-12 19:26:50 - [TEST_STEP][PASSED] - Statement - PreSaveFile = new java.io.File(((pathPrefix + java.lang.Integer.toString(counter)) + .png)): null

2018-12-12 19:26:50 - [TEST_STEP][PASSED] - Statement - counter = counter + 1: null

2018-12-12 19:26:50 - [TEST_STEP][PASSED] - Statement - PreSaveFile = new java.io.File(((pathPrefix + java.lang.Integer.toString(counter)) + .png)): null

2018-12-12 19:26:50 - [TEST_STEP][PASSED] - Statement - counter = counter + 1: null

2018-12-12 19:26:50 - [TEST_STEP][PASSED] - Statement - PreSaveFile = new java.io.File(((pathPrefix + java.lang.Integer.toString(counter)) + .png)): null

2018-12-12 19:26:50 - [TEST_STEP][PASSED] - Statement - counter = counter + 1: null

2018-12-12 19:26:50 - [TEST_STEP][PASSED] - Statement - PreSaveFile = new java.io.File(((pathPrefix + java.lang.Integer.toString(counter)) + .png)): null

2018-12-12 19:26:50 - [TEST_STEP][PASSED] - Statement - counter = counter + 1: null

2018-12-12 19:26:50 - [TEST_STEP][PASSED] - Statement - PreSaveFile = new java.io.File(((pathPrefix + java.lang.Integer.toString(counter)) + .png)): null

2018-12-12 19:26:50 - [TEST_STEP][PASSED] - Statement - counter = counter + 1: null

2018-12-12 19:26:50 - [TEST_STEP][PASSED] - Statement - PreSaveFile = new java.io.File(((pathPrefix + java.lang.Integer.toString(counter)) + .png)): null

2018-12-12 19:26:50 - [TEST_STEP][PASSED] - Statement - counter = counter + 1: null

2018-12-12 19:26:50 - [TEST_STEP][PASSED] - Statement - PreSaveFile = new java.io.File(((pathPrefix + java.lang.Integer.toString(counter)) + .png)): null

2018-12-12 19:26:50 - [TEST_STEP][PASSED] - Statement - counter = counter + 1: null

2018-12-12 19:26:51 - [TEST_STEP][PASSED] - Statement - PreSaveFile = new java.io.File(((pathPrefix + java.lang.Integer.toString(counter)) + .png)): null

2018-12-12 19:26:51 - [TEST_STEP][PASSED] - Statement - counter = counter + 1: null

2018-12-12 19:26:51 - [TEST_STEP][PASSED] - Statement - PreSaveFile = new java.io.File(((pathPrefix + java.lang.Integer.toString(counter)) + .png)): null

2018-12-12 19:26:51 - [TEST_STEP][PASSED] - Statement - counter = counter + 1: null

2018-12-12 19:26:51 - [TEST_STEP][PASSED] - Statement - PreSaveFile = new java.io.File(((pathPrefix + java.lang.Integer.toString(counter)) + .png)): null

2018-12-12 19:26:51 - [TEST_STEP][PASSED] - Statement - counter = counter + 1: null

2018-12-12 19:26:51 - [TEST_STEP][PASSED] - Statement - PreSaveFile = new java.io.File(((pathPrefix + java.lang.Integer.toString(counter)) + .png)): null

2018-12-12 19:26:51 - [TEST_STEP][PASSED] - Statement - counter = counter + 1: null

2018-12-12 19:26:51 - [TEST_STEP][PASSED] - Statement - PreSaveFile = new java.io.File(((pathPrefix + java.lang.Integer.toString(counter)) + .png)): null

2018-12-12 19:26:51 - [TEST_STEP][PASSED] - Statement - counter = counter + 1: null

2018-12-12 19:26:51 - [TEST_STEP][PASSED] - Statement - PreSaveFile = new java.io.File(((pathPrefix + java.lang.Integer.toString(counter)) + .png)): null

2018-12-12 19:26:51 - [TEST_STEP][PASSED] - Statement - counter = counter + 1: null

2018-12-12 19:26:51 - [TEST_STEP][PASSED] - Statement - PreSaveFile = new java.io.File(((pathPrefix + java.lang.Integer.toString(counter)) + .png)): null

2018-12-12 19:26:51 - [TEST_STEP][PASSED] - Statement - counter = counter + 1: null

2018-12-12 19:26:51 - [TEST_STEP][PASSED] - Statement - PreSaveFile = new java.io.File(((pathPrefix + java.lang.Integer.toString(counter)) + .png)): null

2018-12-12 19:26:51 - [TEST_STEP][PASSED] - Statement - counter = counter + 1: null

2018-12-12 19:26:51 - [TEST_STEP][PASSED] - Statement - PreSaveFile = new java.io.File(((pathPrefix + java.lang.Integer.toString(counter)) + .png)): null

2018-12-12 19:26:51 - [TEST_STEP][PASSED] - Statement - counter = counter + 1: null

2018-12-12 19:26:51 - [TEST_STEP][PASSED] - Statement - PreSaveFile = new java.io.File(((pathPrefix + java.lang.Integer.toString(counter)) + .png)): null

2018-12-12 19:26:51 - [TEST_STEP][PASSED] - Statement - counter = counter + 1: null

2018-12-12 19:26:51 - [TEST_STEP][PASSED] - Statement - PreSaveFile = new java.io.File(((pathPrefix + java.lang.Integer.toString(counter)) + .png)): null

2018-12-12 19:26:51 - [TEST_STEP][PASSED] - Statement - counter = counter + 1: null

2018-12-12 19:26:51 - [TEST_STEP][PASSED] - Statement - PreSaveFile = new java.io.File(((pathPrefix + java.lang.Integer.toString(counter)) + .png)): null

2018-12-12 19:26:51 - [TEST_STEP][PASSED] - Statement - counter = counter + 1: null

2018-12-12 19:26:51 - [TEST_STEP][PASSED] - Statement - PreSaveFile = new java.io.File(((pathPrefix + java.lang.Integer.toString(counter)) + .png)): null

2018-12-12 19:26:51 - [TEST_STEP][PASSED] - Statement - counter = counter + 1: null

2018-12-12 19:26:51 - [TEST_STEP][PASSED] - Statement - PreSaveFile = new java.io.File(((pathPrefix + java.lang.Integer.toString(counter)) + .png)): null

2018-12-12 19:26:51 - [TEST_STEP][PASSED] - Statement - counter = counter + 1: null

2018-12-12 19:26:51 - [TEST_STEP][PASSED] - Statement - PreSaveFile = new java.io.File(((pathPrefix + java.lang.Integer.toString(counter)) + .png)): null

2018-12-12 19:26:51 - [TEST_STEP][PASSED] - Statement - counter = counter + 1: null

2018-12-12 19:26:51 - [TEST_STEP][PASSED] - Statement - PreSaveFile = new java.io.File(((pathPrefix + java.lang.Integer.toString(counter)) + .png)): null

2018-12-12 19:26:51 - [TEST_STEP][PASSED] - Statement - counter = counter + 1: null

2018-12-12 19:26:51 - [TEST_STEP][PASSED] - Statement - PreSaveFile = new java.io.File(((pathPrefix + java.lang.Integer.toString(counter)) + .png)): null

2018-12-12 19:26:51 - [TEST_STEP][PASSED] - Statement - counter = counter + 1: null

2018-12-12 19:26:51 - [TEST_STEP][PASSED] - Statement - PreSaveFile = new java.io.File(((pathPrefix + java.lang.Integer.toString(counter)) + .png)): null

2018-12-12 19:26:51 - [TEST_STEP][PASSED] - Statement - counter = counter + 1: null

2018-12-12 19:26:51 - [TEST_STEP][PASSED] - Statement - PreSaveFile = new java.io.File(((pathPrefix + java.lang.Integer.toString(counter)) + .png)): null

2018-12-12 19:26:51 - [TEST_STEP][PASSED] - Statement - counter = counter + 1: null

2018-12-12 19:26:51 - [TEST_STEP][PASSED] - Statement - PreSaveFile = new java.io.File(((pathPrefix + java.lang.Integer.toString(counter)) + .png)): null

2018-12-12 19:26:51 - [TEST_STEP][PASSED] - Statement - counter = counter + 1: null

2018-12-12 19:26:51 - [TEST_STEP][PASSED] - Statement - PreSaveFile = new java.io.File(((pathPrefix + java.lang.Integer.toString(counter)) + .png)): null

2018-12-12 19:26:51 - [TEST_STEP][PASSED] - Statement - counter = counter + 1: null

2018-12-12 19:26:51 - [TEST_STEP][PASSED] - Statement - PreSaveFile = new java.io.File(((pathPrefix + java.lang.Integer.toString(counter)) + .png)): null

2018-12-12 19:26:51 - [TEST_STEP][PASSED] - Statement - counter = counter + 1: null

2018-12-12 19:26:51 - [TEST_STEP][PASSED] - Statement - PreSaveFile = new java.io.File(((pathPrefix + java.lang.Integer.toString(counter)) + .png)): null

2018-12-12 19:26:51 - [TEST_STEP][PASSED] - Statement - counter = counter + 1: null

2018-12-12 19:26:51 - [TEST_STEP][PASSED] - Statement - PreSaveFile = new java.io.File(((pathPrefix + java.lang.Integer.toString(counter)) + .png)): null

2018-12-12 19:26:51 - [TEST_STEP][PASSED] - Statement - counter = counter + 1: null

2018-12-12 19:26:51 - [TEST_STEP][PASSED] - Statement - PreSaveFile = new java.io.File(((pathPrefix + java.lang.Integer.toString(counter)) + .png)): null

2018-12-12 19:26:51 - [TEST_STEP][PASSED] - Statement - counter = counter + 1: null

2018-12-12 19:26:51 - [TEST_STEP][PASSED] - Statement - PreSaveFile = new java.io.File(((pathPrefix + java.lang.Integer.toString(counter)) + .png)): null

2018-12-12 19:26:51 - [TEST_STEP][PASSED] - Statement - counter = counter + 1: null

2018-12-12 19:26:51 - [TEST_STEP][PASSED] - Statement - PreSaveFile = new java.io.File(((pathPrefix + java.lang.Integer.toString(counter)) + .png)): null

2018-12-12 19:26:51 - [TEST_STEP][PASSED] - Statement - counter = counter + 1: null

2018-12-12 19:26:51 - [TEST_STEP][PASSED] - Statement - PreSaveFile = new java.io.File(((pathPrefix + java.lang.Integer.toString(counter)) + .png)): null

2018-12-12 19:26:51 - [TEST_STEP][PASSED] - Statement - counter = counter + 1: null

2018-12-12 19:26:51 - [TEST_STEP][PASSED] - Statement - PreSaveFile = new java.io.File(((pathPrefix + java.lang.Integer.toString(counter)) + .png)): null

2018-12-12 19:26:51 - [TEST_STEP][PASSED] - Statement - counter = counter + 1: null

2018-12-12 19:26:51 - [TEST_STEP][PASSED] - Statement - PreSaveFile = new java.io.File(((pathPrefix + java.lang.Integer.toString(counter)) + .png)): null

2018-12-12 19:26:51 - [TEST_STEP][PASSED] - Statement - counter = counter + 1: null

2018-12-12 19:26:51 - [TEST_STEP][PASSED] - Statement - PreSaveFile = new java.io.File(((pathPrefix + java.lang.Integer.toString(counter)) + .png)): null

2018-12-12 19:26:51 - [TEST_STEP][PASSED] - Statement - counter = counter + 1: null

2018-12-12 19:26:51 - [TEST_STEP][PASSED] - Statement - PreSaveFile = new java.io.File(((pathPrefix + java.lang.Integer.toString(counter)) + .png)): null

2018-12-12 19:26:51 - [TEST_STEP][PASSED] - Statement - counter = counter + 1: null

2018-12-12 19:26:51 - [TEST_STEP][PASSED] - Statement - PreSaveFile = new java.io.File(((pathPrefix + java.lang.Integer.toString(counter)) + .png)): null

2018-12-12 19:26:51 - [TEST_STEP][PASSED] - Statement - counter = counter + 1: null

2018-12-12 19:26:51 - [TEST_STEP][PASSED] - Statement - PreSaveFile = new java.io.File(((pathPrefix + java.lang.Integer.toString(counter)) + .png)): null

2018-12-12 19:26:51 - [TEST_STEP][PASSED] - Statement - counter = counter + 1: null

2018-12-12 19:26:51 - [TEST_STEP][PASSED] - Statement - PreSaveFile = new java.io.File(((pathPrefix + java.lang.Integer.toString(counter)) + .png)): null

2018-12-12 19:26:51 - [TEST_STEP][PASSED] - Statement - counter = counter + 1: null

2018-12-12 19:26:51 - [TEST_STEP][PASSED] - Statement - PreSaveFile = new java.io.File(((pathPrefix + java.lang.Integer.toString(counter)) + .png)): null

2018-12-12 19:26:51 - [TEST_STEP][PASSED] - Statement - counter = counter + 1: null

2018-12-12 19:26:51 - [TEST_STEP][PASSED] - Statement - PreSaveFile = new java.io.File(((pathPrefix + java.lang.Integer.toString(counter)) + .png)): null

2018-12-12 19:26:51 - [TEST_STEP][PASSED] - Statement - counter = counter + 1: null

2018-12-12 19:26:51 - [TEST_STEP][PASSED] - Statement - PreSaveFile = new java.io.File(((pathPrefix + java.lang.Integer.toString(counter)) + .png)): null

2018-12-12 19:26:51 - [TEST_STEP][PASSED] - Statement - counter = counter + 1: null

2018-12-12 19:26:51 - [TEST_STEP][PASSED] - Statement - PreSaveFile = new java.io.File(((pathPrefix + java.lang.Integer.toString(counter)) + .png)): null

2018-12-12 19:26:51 - [TEST_STEP][PASSED] - Statement - counter = counter + 1: null

2018-12-12 19:26:51 - [TEST_STEP][PASSED] - Statement - PreSaveFile = new java.io.File(((pathPrefix + java.lang.Integer.toString(counter)) + .png)): null

2018-12-12 19:26:51 - [TEST_STEP][PASSED] - Statement - counter = counter + 1: null

2018-12-12 19:26:51 - [TEST_STEP][PASSED] - Statement - PreSaveFile = new java.io.File(((pathPrefix + java.lang.Integer.toString(counter)) + .png)): null

2018-12-12 19:26:51 - [TEST_STEP][PASSED] - Statement - counter = counter + 1: null

2018-12-12 19:26:51 - [TEST_STEP][PASSED] - Statement - PreSaveFile = new java.io.File(((pathPrefix + java.lang.Integer.toString(counter)) + .png)): null

2018-12-12 19:26:51 - [TEST_STEP][PASSED] - Statement - counter = counter + 1: null

2018-12-12 19:26:51 - [TEST_STEP][PASSED] - Statement - PreSaveFile = new java.io.File(((pathPrefix + java.lang.Integer.toString(counter)) + .png)): null

2018-12-12 19:26:51 - [TEST_STEP][PASSED] - Statement - counter = counter + 1: null

2018-12-12 19:26:51 - [TEST_STEP][PASSED] - Statement - PreSaveFile = new java.io.File(((pathPrefix + java.lang.Integer.toString(counter)) + .png)): null

2018-12-12 19:26:51 - [TEST_STEP][PASSED] - Statement - counter = counter + 1: null

2018-12-12 19:26:51 - [TEST_STEP][PASSED] - Statement - PreSaveFile = new java.io.File(((pathPrefix + java.lang.Integer.toString(counter)) + .png)): null

2018-12-12 19:26:51 - [TEST_STEP][PASSED] - Statement - counter = counter + 1: null

2018-12-12 19:26:51 - [TEST_STEP][PASSED] - Statement - PreSaveFile = new java.io.File(((pathPrefix + java.lang.Integer.toString(counter)) + .png)): null

2018-12-12 19:26:51 - [TEST_STEP][PASSED] - Statement - counter = counter + 1: null

2018-12-12 19:26:51 - [TEST_STEP][PASSED] - Statement - PreSaveFile = new java.io.File(((pathPrefix + java.lang.Integer.toString(counter)) + .png)): null

2018-12-12 19:26:51 - [TEST_STEP][PASSED] - Statement - counter = counter + 1: null

2018-12-12 19:26:51 - [TEST_STEP][PASSED] - Statement - PreSaveFile = new java.io.File(((pathPrefix + java.lang.Integer.toString(counter)) + .png)): null

2018-12-12 19:26:51 - [TEST_STEP][PASSED] - Statement - counter = counter + 1: null

2018-12-12 19:26:51 - [TEST_STEP][PASSED] - Statement - PreSaveFile = new java.io.File(((pathPrefix + java.lang.Integer.toString(counter)) + .png)): null

2018-12-12 19:26:51 - [TEST_STEP][PASSED] - Statement - counter = counter + 1: null

2018-12-12 19:26:51 - [TEST_STEP][PASSED] - Statement - PreSaveFile = new java.io.File(((pathPrefix + java.lang.Integer.toString(counter)) + .png)): null

2018-12-12 19:26:51 - [TEST_STEP][PASSED] - Statement - counter = counter + 1: null

2018-12-12 19:26:51 - [TEST_STEP][PASSED] - Statement - PreSaveFile = new java.io.File(((pathPrefix + java.lang.Integer.toString(counter)) + .png)): null

2018-12-12 19:26:51 - [TEST_STEP][PASSED] - Statement - counter = counter + 1: null

2018-12-12 19:26:51 - [TEST_STEP][PASSED] - Statement - PreSaveFile = new java.io.File(((pathPrefix + java.lang.Integer.toString(counter)) + .png)): null

2018-12-12 19:26:51 - [TEST_STEP][PASSED] - Statement - counter = counter + 1: null

2018-12-12 19:26:51 - [TEST_STEP][PASSED] - Statement - PreSaveFile = new java.io.File(((pathPrefix + java.lang.Integer.toString(counter)) + .png)): null

2018-12-12 19:26:51 - [TEST_STEP][PASSED] - Statement - counter = counter + 1: null

2018-12-12 19:26:51 - [TEST_STEP][PASSED] - Statement - PreSaveFile = new java.io.File(((pathPrefix + java.lang.Integer.toString(counter)) + .png)): null

2018-12-12 19:26:51 - [TEST_STEP][PASSED] - Statement - counter = counter + 1: null

2018-12-12 19:26:51 - [TEST_STEP][PASSED] - Statement - PreSaveFile = new java.io.File(((pathPrefix + java.lang.Integer.toString(counter)) + .png)): null

2018-12-12 19:26:51 - [TEST_STEP][PASSED] - Statement - counter = counter + 1: null

2018-12-12 19:26:51 - [TEST_STEP][PASSED] - Statement - PreSaveFile = new java.io.File(((pathPrefix + java.lang.Integer.toString(counter)) + .png)): null

2018-12-12 19:26:51 - [TEST_STEP][PASSED] - Statement - counter = counter + 1: null

2018-12-12 19:26:51 - [TEST_STEP][PASSED] - Statement - PreSaveFile = new java.io.File(((pathPrefix + java.lang.Integer.toString(counter)) + .png)): null

2018-12-12 19:26:51 - [TEST_STEP][PASSED] - Statement - counter = counter + 1: null

2018-12-12 19:26:51 - [TEST_STEP][PASSED] - Statement - PreSaveFile = new java.io.File(((pathPrefix + java.lang.Integer.toString(counter)) + .png)): null

2018-12-12 19:26:51 - [TEST_STEP][PASSED] - Statement - counter = counter + 1: null

2018-12-12 19:26:51 - [TEST_STEP][PASSED] - Statement - PreSaveFile = new java.io.File(((pathPrefix + java.lang.Integer.toString(counter)) + .png)): null

2018-12-12 19:26:51 - [TEST_STEP][PASSED] - Statement - counter = counter + 1: null

2018-12-12 19:26:51 - [TEST_STEP][PASSED] - Statement - PreSaveFile = new java.io.File(((pathPrefix + java.lang.Integer.toString(counter)) + .png)): null

2018-12-12 19:26:51 - [TEST_STEP][PASSED] - Statement - counter = counter + 1: null

2018-12-12 19:26:51 - [TEST_STEP][PASSED] - Statement - PreSaveFile = new java.io.File(((pathPrefix + java.lang.Integer.toString(counter)) + .png)): null

2018-12-12 19:26:51 - [TEST_STEP][PASSED] - Statement - counter = counter + 1: null

2018-12-12 19:26:51 - [TEST_STEP][PASSED] - Statement - PreSaveFile = new java.io.File(((pathPrefix + java.lang.Integer.toString(counter)) + .png)): null

2018-12-12 19:26:51 - [TEST_STEP][PASSED] - Statement - finalPath = pathPrefix + java.lang.Integer.toString(counter) + ".png": null

2018-12-12 19:26:51 - [TEST_STEP][PASSED] - Statement - SaveFile = new java.io.File(finalPath): null

2018-12-12 19:26:51 - [TEST_STEP][PASSED] - Statement - Try: null

2018-12-12 19:26:51 - [TEST_STEP][PASSED] - Statement - org.apache.commons.io.FileUtils.copyFile(scrFile, SaveFile): null

2018-12-12 19:26:51 - [TEST_STEP][PASSED] - Statement - out.println("file kept"): null

2018-12-12 19:26:51 - [TEST_STEP][PASSED] - delay: Delayed 10 second(s)

2018-12-12 19:27:01 - [MESSAGE][PASSED] - Delayed 10 second(s)

2018-12-12 19:27:01 - [MESSAGE][PASSED] - Call Test Case 'Test Cases/Final Aug 2018 - PKS Automation/Registration Module/New Registration/Submit and Screenshot/Submit Registration and Screenshot' successfully

2018-12-12 19:27:01 - [TEST_STEP][PASSED] - callTestCase: Call Test Case 'Test Cases/Final Aug 2018 - PKS Automation/Registration Module/Log Out/log out avoiding katalon tagging' successfully

2018-12-12 19:27:01 - [TEST_CASE][PASSED] - Test Cases/Final Aug 2018 - PKS Automation/Registration Module/Log Out/log out avoiding katalon tagging: Test Cases/Final Aug 2018 - PKS Automation/Registration Module/Log Out/log out avoiding katalon tagging

2018-12-12 19:27:01 - [TEST_STEP][PASSED] - navigateToUrl: Navigate to 'https://assist2-uat.perkeso.gov.my/c/portal/logout' successfully

2018-12-12 19:27:02 - [MESSAGE][PASSED] - Navigate to 'https://assist2-uat.perkeso.gov.my/c/portal/logout' successfully

2018-12-12 19:27:02 - [MESSAGE][PASSED] - Call Test Case 'Test Cases/Final Aug 2018 - PKS Automation/Registration Module/Log Out/log out avoiding katalon tagging' successfully

2018-12-12 19:27:02 - [TEST_STEP][PASSED] - callTestCase: Call Test Case 'Test Cases/Final Aug 2018 - PKS Automation/Common/Workflow Owner Finder' successfully

2018-12-12 19:27:02 - [TEST_CASE][PASSED] - Test Cases/Final Aug 2018 - PKS Automation/Common/Workflow Owner Finder: Test Cases/Final Aug 2018 - PKS Automation/Common/Workflow Owner Finder

2018-12-12 19:27:02 - [TEST_STEP][PASSED] - openBrowser: Browser is opened with url: ''

2018-12-12 19:27:02 - [MESSAGE][WARNING] - A browser is already opened. Closing browser and opening a new one

2018-12-12 19:27:06 - [MESSAGE][PASSED] - Browser is opened with url: ''

2018-12-12 19:27:06 - [TEST_STEP][PASSED] - navigateToUrl: Navigate to 'https://assist2-uat.perkeso.gov.my/login' successfully

2018-12-12 19:27:07 - [MESSAGE][PASSED] - Navigate to 'https://assist2-uat.perkeso.gov.my/login' successfully

2018-12-12 19:27:07 - [TEST_STEP][PASSED] - delay: Delayed 5 second(s)

2018-12-12 19:27:12 - [MESSAGE][PASSED] - Delayed 5 second(s)

2018-12-12 19:27:12 - [TEST_STEP][PASSED] - setText: Text 'test@liferay.com' is set on object 'Object Repository/Final Object Repo/Login Page/Internal User/Email Address'

2018-12-12 19:27:12 - [MESSAGE][PASSED] - Text 'test@liferay.com' is set on object 'Object Repository/Final Object Repo/Login Page/Internal User/Email Address'

2018-12-12 19:27:12 - [TEST_STEP][PASSED] - click: Object: 'Object Repository/Final Object Repo/Login Page/Internal User/Next Button' is clicked on

2018-12-12 19:27:12 - [MESSAGE][PASSED] - Object: 'Object Repository/Final Object Repo/Login Page/Internal User/Next Button' is clicked on

2018-12-12 19:27:12 - [TEST_STEP][PASSED] - delay: Delayed 2 second(s)

2018-12-12 19:27:14 - [MESSAGE][PASSED] - Delayed 2 second(s)

2018-12-12 19:27:14 - [TEST_STEP][PASSED] - setText: Text 'test' is set on object 'Object Repository/Final Object Repo/Login Page/Internal User/Password'

2018-12-12 19:27:14 - [MESSAGE][PASSED] - Text 'test' is set on object 'Object Repository/Final Object Repo/Login Page/Internal User/Password'

2018-12-12 19:27:14 - [TEST_STEP][PASSED] - delay: Delayed 2 second(s)

2018-12-12 19:27:16 - [MESSAGE][PASSED] - Delayed 2 second(s)

2018-12-12 19:27:16 - [TEST_STEP][PASSED] - click: Object: 'Object Repository/Final Object Repo/Login Page/Internal User/Login Button' is clicked on

2018-12-12 19:27:17 - [MESSAGE][PASSED] - Object: 'Object Repository/Final Object Repo/Login Page/Internal User/Login Button' is clicked on

2018-12-12 19:27:17 - [TEST_STEP][PASSED] - Statement - tester = com.kms.katalon.core.testobject.ObjectRepository.findTestObject(Final Object Repo/Landing Page/Select to English): Finding Test Object with id 'Object Repository/Final Object Repo/Landing Page/Select to English'

2018-12-12 19:27:17 - [TEST_STEP][PASSED] - Statement - Try: Delayed 2 second(s)

2018-12-12 19:27:17 - [TEST_STEP][PASSED] - Statement - Checker = com.kms.katalon.core.webui.keyword.WebUiBuiltInKeywords.verifyElementNotPresent(tester, 3): Web element with id: 'Object Repository/Final Object Repo/Landing Page/Select to English' located by 'By.xpath: //a[@class = 'taglib-language-list-text' and @lang = 'en-US' and (contains(text(), 'EN') or contains(., 'EN'))]' is not present after '3' second(s)

2018-12-12 19:27:18 - [MESSAGE][PASSED] - Web element with id: 'Object Repository/Final Object Repo/Landing Page/Select to English' located by 'By.xpath: //a[@class = 'taglib-language-list-text' and @lang = 'en-US' and (contains(text(), 'EN') or contains(., 'EN'))]' is not present after '3' second(s)

2018-12-12 19:27:19 - [TEST_STEP][PASSED] - Statement - If (Checker == false): null

2018-12-12 19:27:19 - [TEST_STEP][PASSED] - delay: Delayed 2 second(s)

2018-12-12 19:27:21 - [MESSAGE][PASSED] - Delayed 2 second(s)

2018-12-12 19:27:21 - [TEST_STEP][PASSED] - delay: Delayed 5 second(s)

2018-12-12 19:27:26 - [MESSAGE][PASSED] - Delayed 5 second(s)

2018-12-12 19:27:26 - [TEST_STEP][PASSED] - mouseOver: Object: 'Object Repository/Final Object Repo/Landing Page/WorkFlow Menu' is hovered

2018-12-12 19:27:26 - [MESSAGE][PASSED] - Object: 'Object Repository/Final Object Repo/Landing Page/WorkFlow Menu' is hovered

2018-12-12 19:27:26 - [TEST_STEP][PASSED] - delay: Delayed 2 second(s)

2018-12-12 19:27:28 - [MESSAGE][PASSED] - Delayed 2 second(s)

2018-12-12 19:27:28 - [TEST_STEP][PASSED] - click: Object: 'Object Repository/Final Object Repo/Landing Page/Select to Workflow Listing' is clicked on

2018-12-12 19:27:29 - [MESSAGE][PASSED] - Object: 'Object Repository/Final Object Repo/Landing Page/Select to Workflow Listing' is clicked on

2018-12-12 19:27:29 - [TEST_STEP][PASSED] - delay: Delayed 2 second(s)

2018-12-12 19:27:31 - [MESSAGE][PASSED] - Delayed 2 second(s)

2018-12-12 19:27:31 - [TEST_STEP][PASSED] - click: Object: 'Object Repository/Final Object Repo/WorkFlow Listing Page/Search Information - To Put Ref No' is clicked on

2018-12-12 19:27:31 - [MESSAGE][PASSED] - Object: 'Object Repository/Final Object Repo/WorkFlow Listing Page/Search Information - To Put Ref No' is clicked on

2018-12-12 19:27:31 - [TEST_STEP][PASSED] - delay: Delayed 2 second(s)

2018-12-12 19:27:33 - [MESSAGE][PASSED] - Delayed 2 second(s)

2018-12-12 19:27:33 - [TEST_STEP][PASSED] - callTestCase: Call Test Case 'Test Cases/Final Aug 2018 - PKS Automation/Common/Reference Number Getter' successfully

2018-12-12 19:27:33 - [TEST_CASE][PASSED] - Test Cases/Final Aug 2018 - PKS Automation/Common/Reference Number Getter: Test Cases/Final Aug 2018 - PKS Automation/Common/Reference Number Getter

2018-12-12 19:27:33 - [TEST_STEP][PASSED] - Statement - Try: null

2018-12-12 19:27:33 - [TEST_STEP][PASSED] - Statement - RefNo = new java.io.File(C://Users//Admin//Desktop//PKS//Automation Reference Point//KatalonReference.txt): null

2018-12-12 19:27:33 - [TEST_STEP][PASSED] - Statement - bufferread = new java.io.BufferedReader(new java.io.FileReader(RefNo)): null

2018-12-12 19:27:33 - [TEST_STEP][PASSED] - Statement - readedVal = bufferread.readLine(): null

2018-12-12 19:27:33 - [TEST_STEP][PASSED] - Statement - out.println(CaseReferenceNo): null

2018-12-12 19:27:33 - [TEST_STEP][PASSED] - Statement - out.println(readedVal): null

2018-12-12 19:27:33 - [TEST_STEP][PASSED] - Statement - CaseReferenceNo = "": null

2018-12-12 19:27:33 - [TEST_STEP][PASSED] - Statement - CaseReferenceNo = readedVal: null

2018-12-12 19:27:33 - [MESSAGE][PASSED] - Call Test Case 'Test Cases/Final Aug 2018 - PKS Automation/Common/Reference Number Getter' successfully

2018-12-12 19:27:33 - [TEST_STEP][PASSED] - setText: Text 'CRN12201800123231' is set on object 'Object Repository/Final Object Repo/WorkFlow Listing Page/Ref No Set Text'

2018-12-12 19:27:33 - [MESSAGE][PASSED] - Text 'CRN12201800123231' is set on object 'Object Repository/Final Object Repo/WorkFlow Listing Page/Ref No Set Text'

2018-12-12 19:27:33 - [TEST_STEP][PASSED] - delay: Delayed 2 second(s)

2018-12-12 19:27:35 - [MESSAGE][PASSED] - Delayed 2 second(s)

2018-12-12 19:27:35 - [TEST_STEP][PASSED] - click: Object: 'Object Repository/Final Object Repo/WorkFlow Listing Page/Search Ref No Search Button' is clicked on

2018-12-12 19:27:35 - [MESSAGE][PASSED] - Object: 'Object Repository/Final Object Repo/WorkFlow Listing Page/Search Ref No Search Button' is clicked on

2018-12-12 19:27:35 - [TEST_STEP][PASSED] - delay: Delayed 6 second(s)

2018-12-12 19:27:41 - [MESSAGE][PASSED] - Delayed 6 second(s)

2018-12-12 19:27:41 - [TEST_STEP][PASSED] - click: Object: 'Object Repository/Final Object Repo/WorkFlow Listing Page/Click Continue Tooltip' is clicked on

2018-12-12 19:27:42 - [MESSAGE][PASSED] - Object: 'Object Repository/Final Object Repo/WorkFlow Listing Page/Click Continue Tooltip' is clicked on

2018-12-12 19:27:42 - [TEST_STEP][PASSED] - delay: Delayed 5 second(s)

2018-12-12 19:27:47 - [MESSAGE][PASSED] - Delayed 5 second(s)

2018-12-12 19:27:47 - [TEST_STEP][PASSED] - doubleClick: Object: 'Object Repository/Final Object Repo/WorkFlow Listing Page/Workflow Found - Listing 1' is double clicked on

2018-12-12 19:27:48 - [MESSAGE][PASSED] - Object: 'Object Repository/Final Object Repo/WorkFlow Listing Page/Workflow Found - Listing 1' is double clicked on

2018-12-12 19:27:48 - [TEST_STEP][PASSED] - Statement - println(OwnerID): null

2018-12-12 19:27:48 - [TEST_STEP][PASSED] - Statement - OwnerID = com.kms.katalon.core.webui.keyword.WebUiBuiltInKeywords.getText(com.kms.katalon.core.testobject.ObjectRepository.findTestObject(Final Object Repo/WorkFlow Listing Page/Workflow Found - Listing 1), STOP_ON_FAILURE): Text of object 'Object Repository/Final Object Repo/WorkFlow Listing Page/Workflow Found - Listing 1' is: 'JOHORro1'

2018-12-12 19:27:48 - [MESSAGE][PASSED] - Text of object 'Object Repository/Final Object Repo/WorkFlow Listing Page/Workflow Found - Listing 1' is: 'JOHORro1'

2018-12-12 19:27:48 - [TEST_STEP][PASSED] - Statement - OwnerID = OwnerID.toLowerCase() + "@gmail.com": null

2018-12-12 19:27:48 - [TEST_STEP][PASSED] - Statement - println(OwnerID): null

2018-12-12 19:27:48 - [TEST_STEP][PASSED] - delay: Delayed 2 second(s)

2018-12-12 19:27:50 - [MESSAGE][PASSED] - Delayed 2 second(s)

2018-12-12 19:27:50 - [MESSAGE][PASSED] - Call Test Case 'Test Cases/Final Aug 2018 - PKS Automation/Common/Workflow Owner Finder' successfully

2018-12-12 19:27:50 - [TEST_STEP][PASSED] - callTestCase: Call Test Case 'Test Cases/Final Aug 2018 - PKS Automation/Registration Module/Log Out/log out avoiding katalon tagging' successfully

2018-12-12 19:27:50 - [TEST_CASE][PASSED] - Test Cases/Final Aug 2018 - PKS Automation/Registration Module/Log Out/log out avoiding katalon tagging: Test Cases/Final Aug 2018 - PKS Automation/Registration Module/Log Out/log out avoiding katalon tagging

2018-12-12 19:27:50 - [TEST_STEP][PASSED] - navigateToUrl: Navigate to 'https://assist2-uat.perkeso.gov.my/c/portal/logout' successfully

2018-12-12 19:27:50 - [MESSAGE][PASSED] - Navigate to 'https://assist2-uat.perkeso.gov.my/c/portal/logout' successfully

2018-12-12 19:27:50 - [MESSAGE][PASSED] - Call Test Case 'Test Cases/Final Aug 2018 - PKS Automation/Registration Module/Log Out/log out avoiding katalon tagging' successfully

2018-12-12 19:27:50 - [TEST_STEP][PASSED] - delay: Delayed 2 second(s)

2018-12-12 19:27:52 - [MESSAGE][PASSED] - Delayed 2 second(s)

2018-12-12 19:27:52 - [TEST_STEP][PASSED] - setText: Text 'johorro1@gmail.com' is set on object 'Object Repository/Final Object Repo/New Registration - Registration Module Pages/New Reg - OTC to RO/Special Case - All Related Objects/Email TextBox'

2018-12-12 19:27:53 - [MESSAGE][PASSED] - Text 'johorro1@gmail.com' is set on object 'Object Repository/Final Object Repo/New Registration - Registration Module Pages/New Reg - OTC to RO/Special Case - All Related Objects/Email TextBox'

2018-12-12 19:27:53 - [TEST_STEP][PASSED] - click: Object: 'Object Repository/Final Object Repo/New Registration - Registration Module Pages/New Reg - OTC to RO/Special Case - All Related Objects/Next Button' is clicked on

2018-12-12 19:27:53 - [MESSAGE][PASSED] - Object: 'Object Repository/Final Object Repo/New Registration - Registration Module Pages/New Reg - OTC to RO/Special Case - All Related Objects/Next Button' is clicked on

2018-12-12 19:27:53 - [TEST_STEP][PASSED] - delay: Delayed 2 second(s)

2018-12-12 19:27:55 - [MESSAGE][PASSED] - Delayed 2 second(s)

2018-12-12 19:27:55 - [TEST_STEP][PASSED] - setText: Text 'Test1@3456789' is set on object 'Object Repository/Final Object Repo/New Registration - Registration Module Pages/New Reg - OTC to RO/Special Case - All Related Objects/Password TextBox'

2018-12-12 19:27:55 - [MESSAGE][PASSED] - Text 'Test1@3456789' is set on object 'Object Repository/Final Object Repo/New Registration - Registration Module Pages/New Reg - OTC to RO/Special Case - All Related Objects/Password TextBox'

2018-12-12 19:27:55 - [TEST_STEP][PASSED] - delay: Delayed 2 second(s)

2018-12-12 19:27:57 - [MESSAGE][PASSED] - Delayed 2 second(s)

2018-12-12 19:27:57 - [TEST_STEP][PASSED] - click: Object: 'Object Repository/Final Object Repo/New Registration - Registration Module Pages/New Reg - OTC to RO/Special Case - All Related Objects/Login Button' is clicked on

2018-12-12 19:27:57 - [MESSAGE][PASSED] - Object: 'Object Repository/Final Object Repo/New Registration - Registration Module Pages/New Reg - OTC to RO/Special Case - All Related Objects/Login Button' is clicked on

2018-12-12 19:27:57 - [TEST_STEP][PASSED] - delay: Delayed 2 second(s)

2018-12-12 19:27:59 - [MESSAGE][PASSED] - Delayed 2 second(s)

2018-12-12 19:27:59 - [TEST_STEP][PASSED] - Statement - Try: null

2018-12-12 19:27:59 - [TEST_STEP][PASSED] - Statement - Checker = com.kms.katalon.core.webui.keyword.WebUiBuiltInKeywords.verifyElementNotPresent("Final Object Repo/Landing Page/Select to English", 3): null

2018-12-12 19:27:59 - [TEST_STEP][PASSED] - Statement - Catch (Exception e): null

2018-12-12 19:27:59 - [TEST_STEP][PASSED] - Statement - e.printStackTrace(): null

2018-12-12 19:27:59 - [TEST_STEP][PASSED] - click: Object: 'Object Repository/Final Object Repo/New Registration - Registration Module Pages/New Reg - OTC to RO/Special Case - All Related Objects/Expand to Search' is clicked on

2018-12-12 19:28:00 - [MESSAGE][PASSED] - Object: 'Object Repository/Final Object Repo/New Registration - Registration Module Pages/New Reg - OTC to RO/Special Case - All Related Objects/Expand to Search' is clicked on

2018-12-12 19:28:00 - [TEST_STEP][PASSED] - delay: Delayed 2 second(s)

2018-12-12 19:28:02 - [MESSAGE][PASSED] - Delayed 2 second(s)

2018-12-12 19:28:02 - [TEST_STEP][PASSED] - setText: Text 'CRN12201800123231' is set on object 'Object Repository/Final Object Repo/New Registration - Registration Module Pages/New Reg - OTC to RO/Special Case - All Related Objects/TextBox RefNo in Workbasket'

2018-12-12 19:28:02 - [MESSAGE][PASSED] - Text 'CRN12201800123231' is set on object 'Object Repository/Final Object Repo/New Registration - Registration Module Pages/New Reg - OTC to RO/Special Case - All Related Objects/TextBox RefNo in Workbasket'

2018-12-12 19:28:02 - [TEST_STEP][PASSED] - delay: Delayed 2 second(s)

2018-12-12 19:28:04 - [MESSAGE][PASSED] - Delayed 2 second(s)

2018-12-12 19:28:04 - [TEST_STEP][PASSED] - click: Object: 'Object Repository/Final Object Repo/New Registration - Registration Module Pages/New Reg - OTC to RO/Special Case - All Related Objects/Click Search' is clicked on

2018-12-12 19:28:04 - [MESSAGE][PASSED] - Object: 'Object Repository/Final Object Repo/New Registration - Registration Module Pages/New Reg - OTC to RO/Special Case - All Related Objects/Click Search' is clicked on

2018-12-12 19:28:04 - [TEST_STEP][PASSED] - delay: Delayed 2 second(s)

2018-12-12 19:28:06 - [MESSAGE][PASSED] - Delayed 2 second(s)

2018-12-12 19:28:06 - [TEST_STEP][PASSED] - click: Object: 'Object Repository/Final Object Repo/New Registration - Registration Module Pages/New Reg - OTC to RO/Special Case - All Related Objects/Click to Continue Workflow' is clicked on

2018-12-12 19:28:10 - [MESSAGE][PASSED] - Object: 'Object Repository/Final Object Repo/New Registration - Registration Module Pages/New Reg - OTC to RO/Special Case - All Related Objects/Click to Continue Workflow' is clicked on

2018-12-12 19:28:10 - [TEST_STEP][PASSED] - delay: Delayed 2 second(s)

2018-12-12 19:28:12 - [MESSAGE][PASSED] - Delayed 2 second(s)

2018-12-12 19:28:12 - [TEST_STEP][PASSED] - click: Object: 'Object Repository/Final Object Repo/New Registration - Registration Module Pages/New Reg - OTC to RO/Special Case - All Related Objects/Continue Button in verifying case' is clicked on

2018-12-12 19:28:13 - [MESSAGE][PASSED] - Object: 'Object Repository/Final Object Repo/New Registration - Registration Module Pages/New Reg - OTC to RO/Special Case - All Related Objects/Continue Button in verifying case' is clicked on

2018-12-12 19:28:13 - [TEST_STEP][PASSED] - delay: Delayed 2 second(s)

2018-12-12 19:28:15 - [MESSAGE][PASSED] - Delayed 2 second(s)

2018-12-12 19:28:15 - [TEST_STEP][PASSED] - click: Object: 'Object Repository/Final Object Repo/New Registration - Registration Module Pages/Form 1/Registered As a Branch - Yes' is clicked on

2018-12-12 19:28:15 - [MESSAGE][PASSED] - Object: 'Object Repository/Final Object Repo/New Registration - Registration Module Pages/Form 1/Registered As a Branch - Yes' is clicked on

2018-12-12 19:28:15 - [TEST_STEP][PASSED] - delay: Delayed 2 second(s)

2018-12-12 19:28:17 - [MESSAGE][PASSED] - Delayed 2 second(s)

2018-12-12 19:28:17 - [TEST_STEP][PASSED] - click: Object: 'Object Repository/Final Object Repo/New Registration - Registration Module Pages/New Reg - OTC to RO/Special Case - All Related Objects/Form 1 Save n Continue' is clicked on

2018-12-12 19:28:17 - [MESSAGE][PASSED] - Object: 'Object Repository/Final Object Repo/New Registration - Registration Module Pages/New Reg - OTC to RO/Special Case - All Related Objects/Form 1 Save n Continue' is clicked on

2018-12-12 19:28:17 - [TEST_STEP][PASSED] - delay: Delayed 2 second(s)

2018-12-12 19:28:19 - [MESSAGE][PASSED] - Delayed 2 second(s)

2018-12-12 19:28:19 - [TEST_STEP][PASSED] - click: Object: 'Object Repository/Final Object Repo/New Registration - Registration Module Pages/New Reg - OTC to RO/Special Case - All Related Objects/Form 2 Save n Continue' is clicked on

2018-12-12 19:28:20 - [MESSAGE][PASSED] - Object: 'Object Repository/Final Object Repo/New Registration - Registration Module Pages/New Reg - OTC to RO/Special Case - All Related Objects/Form 2 Save n Continue' is clicked on

2018-12-12 19:28:20 - [TEST_STEP][PASSED] - delay: Delayed 2 second(s)

2018-12-12 19:28:22 - [MESSAGE][PASSED] - Delayed 2 second(s)

2018-12-12 19:28:22 - [TEST_STEP][PASSED] - click: Object: 'Object Repository/Final Object Repo/New Registration - Registration Module Pages/New Reg - OTC to RO/Special Case - All Related Objects/Third Screen Save n Continue' is clicked on

2018-12-12 19:28:27 - [MESSAGE][PASSED] - Object: 'Object Repository/Final Object Repo/New Registration - Registration Module Pages/New Reg - OTC to RO/Special Case - All Related Objects/Third Screen Save n Continue' is clicked on

2018-12-12 19:28:27 - [TEST_STEP][PASSED] - delay: Delayed 5 second(s)

2018-12-12 19:28:32 - [MESSAGE][PASSED] - Delayed 5 second(s)

2018-12-12 19:28:32 - [TEST_STEP][PASSED] - click: Object: 'Object Repository/Final Object Repo/New Registration - Registration Module Pages/New Reg - OTC to RO/Special Case - All Related Objects/Upload Doc Page Save n Continue' is clicked on

2018-12-12 19:28:32 - [MESSAGE][PASSED] - Object: 'Object Repository/Final Object Repo/New Registration - Registration Module Pages/New Reg - OTC to RO/Special Case - All Related Objects/Upload Doc Page Save n Continue' is clicked on

2018-12-12 19:28:32 - [TEST_STEP][PASSED] - delay: Delayed 5 second(s)

2018-12-12 19:28:37 - [MESSAGE][PASSED] - Delayed 5 second(s)

2018-12-12 19:28:37 - [TEST_STEP][PASSED] - click: Object: 'Object Repository/Final Object Repo/New Registration - Registration Module Pages/New Reg - OTC to RO/Special Case - All Related Objects/Under Enforcement Button at Preview Screen of RO' is clicked on

2018-12-12 19:28:37 - [MESSAGE][PASSED] - Object: 'Object Repository/Final Object Repo/New Registration - Registration Module Pages/New Reg - OTC to RO/Special Case - All Related Objects/Under Enforcement Button at Preview Screen of RO' is clicked on

2018-12-12 19:28:37 - [TEST_STEP][PASSED] - delay: Delayed 5 second(s)

2018-12-12 19:28:42 - [MESSAGE][PASSED] - Delayed 5 second(s)

2018-12-12 19:28:42 - [TEST_STEP][PASSED] - click: Object: 'Object Repository/Final Object Repo/New Registration - Registration Module Pages/New Reg - OTC to RO/Special Case - All Related Objects/Under Enforcement - inner form' is clicked on

2018-12-12 19:28:42 - [MESSAGE][PASSED] - Object: 'Object Repository/Final Object Repo/New Registration - Registration Module Pages/New Reg - OTC to RO/Special Case - All Related Objects/Under Enforcement - inner form' is clicked on

2018-12-12 19:28:42 - [TEST_STEP][PASSED] - callTestCase: Call Test Case 'Test Cases/Final Aug 2018 - PKS Automation/Common/Screenshoting tool' successfully

2018-12-12 19:28:42 - [TEST_CASE][PASSED] - Test Cases/Final Aug 2018 - PKS Automation/Common/Screenshoting tool: Test Cases/Final Aug 2018 - PKS Automation/Common/Screenshoting tool

2018-12-12 19:28:42 - [TEST_STEP][PASSED] - delay: Delayed 15 second(s)

2018-12-12 19:28:57 - [MESSAGE][PASSED] - Delayed 15 second(s)

2018-12-12 19:28:57 - [TEST_STEP][PASSED] - Statement - driver = com.kms.katalon.core.webui.driver.DriverFactory.getWebDriver(): null

2018-12-12 19:28:57 - [TEST_STEP][PASSED] - Statement - driver.manage().timeouts().implicitlyWait(10, SECONDS): null

2018-12-12 19:28:57 - [TEST_STEP][PASSED] - Statement - PresavePath = KatalonScreenshots: null

2018-12-12 19:28:57 - [TEST_STEP][PASSED] - Statement - pathPrefix = "C:\Users\Public\Pictures\Sample Pictures\Katalon Screenshots\Automate Ending Screen": null

2018-12-12 19:28:57 - [TEST_STEP][PASSED] - Statement - finalPath = <not implemented yet for class: org.codehaus.groovy.ast.expr.EmptyExpression>: null

2018-12-12 19:28:57 - [TEST_STEP][PASSED] - Statement - scrFile = driver.getScreenshotAs(FILE): null

2018-12-12 19:28:58 - [TEST_STEP][PASSED] - Statement - PreSaveFile = new java.io.File(PresavePath): null

2018-12-12 19:28:58 - [TEST_STEP][PASSED] - Statement - counter = 0: null

2018-12-12 19:28:58 - [TEST_STEP][PASSED] - Statement - If (PreSaveFile.exists()): null

2018-12-12 19:28:58 - [TEST_STEP][PASSED] - Statement - While (PreSaveFile.exists()): null

2018-12-12 19:28:58 - [TEST_STEP][PASSED] - Statement - counter = counter + 1: null

2018-12-12 19:28:58 - [TEST_STEP][PASSED] - Statement - PreSaveFile = new java.io.File(((pathPrefix + java.lang.Integer.toString(counter)) + .png)): null

2018-12-12 19:28:58 - [TEST_STEP][PASSED] - Statement - counter = counter + 1: null

2018-12-12 19:28:58 - [TEST_STEP][PASSED] - Statement - PreSaveFile = new java.io.File(((pathPrefix + java.lang.Integer.toString(counter)) + .png)): null

2018-12-12 19:28:58 - [TEST_STEP][PASSED] - Statement - counter = counter + 1: null

2018-12-12 19:28:58 - [TEST_STEP][PASSED] - Statement - PreSaveFile = new java.io.File(((pathPrefix + java.lang.Integer.toString(counter)) + .png)): null

2018-12-12 19:28:58 - [TEST_STEP][PASSED] - Statement - counter = counter + 1: null

2018-12-12 19:28:58 - [TEST_STEP][PASSED] - Statement - PreSaveFile = new java.io.File(((pathPrefix + java.lang.Integer.toString(counter)) + .png)): null

2018-12-12 19:28:58 - [TEST_STEP][PASSED] - Statement - counter = counter + 1: null

2018-12-12 19:28:58 - [TEST_STEP][PASSED] - Statement - PreSaveFile = new java.io.File(((pathPrefix + java.lang.Integer.toString(counter)) + .png)): null

2018-12-12 19:28:58 - [TEST_STEP][PASSED] - Statement - counter = counter + 1: null

2018-12-12 19:28:58 - [TEST_STEP][PASSED] - Statement - PreSaveFile = new java.io.File(((pathPrefix + java.lang.Integer.toString(counter)) + .png)): null

2018-12-12 19:28:58 - [TEST_STEP][PASSED] - Statement - counter = counter + 1: null

2018-12-12 19:28:58 - [TEST_STEP][PASSED] - Statement - PreSaveFile = new java.io.File(((pathPrefix + java.lang.Integer.toString(counter)) + .png)): null

2018-12-12 19:28:58 - [TEST_STEP][PASSED] - Statement - counter = counter + 1: null

2018-12-12 19:28:58 - [TEST_STEP][PASSED] - Statement - PreSaveFile = new java.io.File(((pathPrefix + java.lang.Integer.toString(counter)) + .png)): null

2018-12-12 19:28:58 - [TEST_STEP][PASSED] - Statement - counter = counter + 1: null

2018-12-12 19:28:58 - [TEST_STEP][PASSED] - Statement - PreSaveFile = new java.io.File(((pathPrefix + java.lang.Integer.toString(counter)) + .png)): null

2018-12-12 19:28:58 - [TEST_STEP][PASSED] - Statement - counter = counter + 1: null

2018-12-12 19:28:58 - [TEST_STEP][PASSED] - Statement - PreSaveFile = new java.io.File(((pathPrefix + java.lang.Integer.toString(counter)) + .png)): null

2018-12-12 19:28:58 - [TEST_STEP][PASSED] - Statement - counter = counter + 1: null

2018-12-12 19:28:58 - [TEST_STEP][PASSED] - Statement - PreSaveFile = new java.io.File(((pathPrefix + java.lang.Integer.toString(counter)) + .png)): null

2018-12-12 19:28:58 - [TEST_STEP][PASSED] - Statement - counter = counter + 1: null

2018-12-12 19:28:58 - [TEST_STEP][PASSED] - Statement - PreSaveFile = new java.io.File(((pathPrefix + java.lang.Integer.toString(counter)) + .png)): null

2018-12-12 19:28:58 - [TEST_STEP][PASSED] - Statement - counter = counter + 1: null

2018-12-12 19:28:58 - [TEST_STEP][PASSED] - Statement - PreSaveFile = new java.io.File(((pathPrefix + java.lang.Integer.toString(counter)) + .png)): null

2018-12-12 19:28:58 - [TEST_STEP][PASSED] - Statement - counter = counter + 1: null

2018-12-12 19:28:58 - [TEST_STEP][PASSED] - Statement - PreSaveFile = new java.io.File(((pathPrefix + java.lang.Integer.toString(counter)) + .png)): null

2018-12-12 19:28:58 - [TEST_STEP][PASSED] - Statement - counter = counter + 1: null

2018-12-12 19:28:58 - [TEST_STEP][PASSED] - Statement - PreSaveFile = new java.io.File(((pathPrefix + java.lang.Integer.toString(counter)) + .png)): null

2018-12-12 19:28:58 - [TEST_STEP][PASSED] - Statement - counter = counter + 1: null

2018-12-12 19:28:58 - [TEST_STEP][PASSED] - Statement - PreSaveFile = new java.io.File(((pathPrefix + java.lang.Integer.toString(counter)) + .png)): null

2018-12-12 19:28:58 - [TEST_STEP][PASSED] - Statement - counter = counter + 1: null

2018-12-12 19:28:58 - [TEST_STEP][PASSED] - Statement - PreSaveFile = new java.io.File(((pathPrefix + java.lang.Integer.toString(counter)) + .png)): null

2018-12-12 19:28:58 - [TEST_STEP][PASSED] - Statement - counter = counter + 1: null

2018-12-12 19:28:58 - [TEST_STEP][PASSED] - Statement - PreSaveFile = new java.io.File(((pathPrefix + java.lang.Integer.toString(counter)) + .png)): null

2018-12-12 19:28:58 - [TEST_STEP][PASSED] - Statement - counter = counter + 1: null

2018-12-12 19:28:58 - [TEST_STEP][PASSED] - Statement - PreSaveFile = new java.io.File(((pathPrefix + java.lang.Integer.toString(counter)) + .png)): null

2018-12-12 19:28:58 - [TEST_STEP][PASSED] - Statement - counter = counter + 1: null

2018-12-12 19:28:58 - [TEST_STEP][PASSED] - Statement - PreSaveFile = new java.io.File(((pathPrefix + java.lang.Integer.toString(counter)) + .png)): null

2018-12-12 19:28:58 - [TEST_STEP][PASSED] - Statement - counter = counter + 1: null

2018-12-12 19:28:58 - [TEST_STEP][PASSED] - Statement - PreSaveFile = new java.io.File(((pathPrefix + java.lang.Integer.toString(counter)) + .png)): null

2018-12-12 19:28:58 - [TEST_STEP][PASSED] - Statement - counter = counter + 1: null

2018-12-12 19:28:58 - [TEST_STEP][PASSED] - Statement - PreSaveFile = new java.io.File(((pathPrefix + java.lang.Integer.toString(counter)) + .png)): null

2018-12-12 19:28:58 - [TEST_STEP][PASSED] - Statement - counter = counter + 1: null

2018-12-12 19:28:58 - [TEST_STEP][PASSED] - Statement - PreSaveFile = new java.io.File(((pathPrefix + java.lang.Integer.toString(counter)) + .png)): null

2018-12-12 19:28:58 - [TEST_STEP][PASSED] - Statement - counter = counter + 1: null

2018-12-12 19:28:58 - [TEST_STEP][PASSED] - Statement - PreSaveFile = new java.io.File(((pathPrefix + java.lang.Integer.toString(counter)) + .png)): null

2018-12-12 19:28:58 - [TEST_STEP][PASSED] - Statement - counter = counter + 1: null

2018-12-12 19:28:58 - [TEST_STEP][PASSED] - Statement - PreSaveFile = new java.io.File(((pathPrefix + java.lang.Integer.toString(counter)) + .png)): null

2018-12-12 19:28:58 - [TEST_STEP][PASSED] - Statement - counter = counter + 1: null

2018-12-12 19:28:58 - [TEST_STEP][PASSED] - Statement - PreSaveFile = new java.io.File(((pathPrefix + java.lang.Integer.toString(counter)) + .png)): null

2018-12-12 19:28:58 - [TEST_STEP][PASSED] - Statement - counter = counter + 1: null

2018-12-12 19:28:58 - [TEST_STEP][PASSED] - Statement - PreSaveFile = new java.io.File(((pathPrefix + java.lang.Integer.toString(counter)) + .png)): null

2018-12-12 19:28:58 - [TEST_STEP][PASSED] - Statement - counter = counter + 1: null

2018-12-12 19:28:58 - [TEST_STEP][PASSED] - Statement - PreSaveFile = new java.io.File(((pathPrefix + java.lang.Integer.toString(counter)) + .png)): null

2018-12-12 19:28:58 - [TEST_STEP][PASSED] - Statement - counter = counter + 1: null

2018-12-12 19:28:58 - [TEST_STEP][PASSED] - Statement - PreSaveFile = new java.io.File(((pathPrefix + java.lang.Integer.toString(counter)) + .png)): null

2018-12-12 19:28:58 - [TEST_STEP][PASSED] - Statement - counter = counter + 1: null

2018-12-12 19:28:58 - [TEST_STEP][PASSED] - Statement - PreSaveFile = new java.io.File(((pathPrefix + java.lang.Integer.toString(counter)) + .png)): null

2018-12-12 19:28:58 - [TEST_STEP][PASSED] - Statement - counter = counter + 1: null

2018-12-12 19:28:58 - [TEST_STEP][PASSED] - Statement - PreSaveFile = new java.io.File(((pathPrefix + java.lang.Integer.toString(counter)) + .png)): null

2018-12-12 19:28:58 - [TEST_STEP][PASSED] - Statement - counter = counter + 1: null

2018-12-12 19:28:58 - [TEST_STEP][PASSED] - Statement - PreSaveFile = new java.io.File(((pathPrefix + java.lang.Integer.toString(counter)) + .png)): null

2018-12-12 19:28:58 - [TEST_STEP][PASSED] - Statement - counter = counter + 1: null

2018-12-12 19:28:58 - [TEST_STEP][PASSED] - Statement - PreSaveFile = new java.io.File(((pathPrefix + java.lang.Integer.toString(counter)) + .png)): null

2018-12-12 19:28:58 - [TEST_STEP][PASSED] - Statement - counter = counter + 1: null

2018-12-12 19:28:58 - [TEST_STEP][PASSED] - Statement - PreSaveFile = new java.io.File(((pathPrefix + java.lang.Integer.toString(counter)) + .png)): null

2018-12-12 19:28:58 - [TEST_STEP][PASSED] - Statement - counter = counter + 1: null

2018-12-12 19:28:58 - [TEST_STEP][PASSED] - Statement - PreSaveFile = new java.io.File(((pathPrefix + java.lang.Integer.toString(counter)) + .png)): null

2018-12-12 19:28:58 - [TEST_STEP][PASSED] - Statement - counter = counter + 1: null

2018-12-12 19:28:58 - [TEST_STEP][PASSED] - Statement - PreSaveFile = new java.io.File(((pathPrefix + java.lang.Integer.toString(counter)) + .png)): null

2018-12-12 19:28:58 - [TEST_STEP][PASSED] - Statement - counter = counter + 1: null

2018-12-12 19:28:58 - [TEST_STEP][PASSED] - Statement - PreSaveFile = new java.io.File(((pathPrefix + java.lang.Integer.toString(counter)) + .png)): null

2018-12-12 19:28:58 - [TEST_STEP][PASSED] - Statement - counter = counter + 1: null

2018-12-12 19:28:58 - [TEST_STEP][PASSED] - Statement - PreSaveFile = new java.io.File(((pathPrefix + java.lang.Integer.toString(counter)) + .png)): null

2018-12-12 19:28:58 - [TEST_STEP][PASSED] - Statement - counter = counter + 1: null

2018-12-12 19:28:58 - [TEST_STEP][PASSED] - Statement - PreSaveFile = new java.io.File(((pathPrefix + java.lang.Integer.toString(counter)) + .png)): null

2018-12-12 19:28:58 - [TEST_STEP][PASSED] - Statement - counter = counter + 1: null

2018-12-12 19:28:58 - [TEST_STEP][PASSED] - Statement - PreSaveFile = new java.io.File(((pathPrefix + java.lang.Integer.toString(counter)) + .png)): null

2018-12-12 19:28:58 - [TEST_STEP][PASSED] - Statement - counter = counter + 1: null

2018-12-12 19:28:58 - [TEST_STEP][PASSED] - Statement - PreSaveFile = new java.io.File(((pathPrefix + java.lang.Integer.toString(counter)) + .png)): null

2018-12-12 19:28:58 - [TEST_STEP][PASSED] - Statement - counter = counter + 1: null

2018-12-12 19:28:58 - [TEST_STEP][PASSED] - Statement - PreSaveFile = new java.io.File(((pathPrefix + java.lang.Integer.toString(counter)) + .png)): null

2018-12-12 19:28:58 - [TEST_STEP][PASSED] - Statement - counter = counter + 1: null

2018-12-12 19:28:58 - [TEST_STEP][PASSED] - Statement - PreSaveFile = new java.io.File(((pathPrefix + java.lang.Integer.toString(counter)) + .png)): null

2018-12-12 19:28:58 - [TEST_STEP][PASSED] - Statement - counter = counter + 1: null

2018-12-12 19:28:58 - [TEST_STEP][PASSED] - Statement - PreSaveFile = new java.io.File(((pathPrefix + java.lang.Integer.toString(counter)) + .png)): null

2018-12-12 19:28:58 - [TEST_STEP][PASSED] - Statement - counter = counter + 1: null

2018-12-12 19:28:58 - [TEST_STEP][PASSED] - Statement - PreSaveFile = new java.io.File(((pathPrefix + java.lang.Integer.toString(counter)) + .png)): null

2018-12-12 19:28:58 - [TEST_STEP][PASSED] - Statement - counter = counter + 1: null

2018-12-12 19:28:58 - [TEST_STEP][PASSED] - Statement - PreSaveFile = new java.io.File(((pathPrefix + java.lang.Integer.toString(counter)) + .png)): null

2018-12-12 19:28:58 - [TEST_STEP][PASSED] - Statement - counter = counter + 1: null

2018-12-12 19:28:58 - [TEST_STEP][PASSED] - Statement - PreSaveFile = new java.io.File(((pathPrefix + java.lang.Integer.toString(counter)) + .png)): null

2018-12-12 19:28:58 - [TEST_STEP][PASSED] - Statement - counter = counter + 1: null

2018-12-12 19:28:58 - [TEST_STEP][PASSED] - Statement - PreSaveFile = new java.io.File(((pathPrefix + java.lang.Integer.toString(counter)) + .png)): null

2018-12-12 19:28:58 - [TEST_STEP][PASSED] - Statement - counter = counter + 1: null

2018-12-12 19:28:58 - [TEST_STEP][PASSED] - Statement - PreSaveFile = new java.io.File(((pathPrefix + java.lang.Integer.toString(counter)) + .png)): null

2018-12-12 19:28:58 - [TEST_STEP][PASSED] - Statement - counter = counter + 1: null

2018-12-12 19:28:58 - [TEST_STEP][PASSED] - Statement - PreSaveFile = new java.io.File(((pathPrefix + java.lang.Integer.toString(counter)) + .png)): null

2018-12-12 19:28:58 - [TEST_STEP][PASSED] - Statement - counter = counter + 1: null

2018-12-12 19:28:58 - [TEST_STEP][PASSED] - Statement - PreSaveFile = new java.io.File(((pathPrefix + java.lang.Integer.toString(counter)) + .png)): null

2018-12-12 19:28:58 - [TEST_STEP][PASSED] - Statement - counter = counter + 1: null

2018-12-12 19:28:58 - [TEST_STEP][PASSED] - Statement - PreSaveFile = new java.io.File(((pathPrefix + java.lang.Integer.toString(counter)) + .png)): null

2018-12-12 19:28:58 - [TEST_STEP][PASSED] - Statement - counter = counter + 1: null

2018-12-12 19:28:58 - [TEST_STEP][PASSED] - Statement - PreSaveFile = new java.io.File(((pathPrefix + java.lang.Integer.toString(counter)) + .png)): null

2018-12-12 19:28:58 - [TEST_STEP][PASSED] - Statement - counter = counter + 1: null

2018-12-12 19:28:58 - [TEST_STEP][PASSED] - Statement - PreSaveFile = new java.io.File(((pathPrefix + java.lang.Integer.toString(counter)) + .png)): null

2018-12-12 19:28:58 - [TEST_STEP][PASSED] - Statement - counter = counter + 1: null

2018-12-12 19:28:58 - [TEST_STEP][PASSED] - Statement - PreSaveFile = new java.io.File(((pathPrefix + java.lang.Integer.toString(counter)) + .png)): null

2018-12-12 19:28:58 - [TEST_STEP][PASSED] - Statement - counter = counter + 1: null

2018-12-12 19:28:58 - [TEST_STEP][PASSED] - Statement - PreSaveFile = new java.io.File(((pathPrefix + java.lang.Integer.toString(counter)) + .png)): null

2018-12-12 19:28:58 - [TEST_STEP][PASSED] - Statement - counter = counter + 1: null

2018-12-12 19:28:58 - [TEST_STEP][PASSED] - Statement - PreSaveFile = new java.io.File(((pathPrefix + java.lang.Integer.toString(counter)) + .png)): null

2018-12-12 19:28:58 - [TEST_STEP][PASSED] - Statement - counter = counter + 1: null

2018-12-12 19:28:58 - [TEST_STEP][PASSED] - Statement - PreSaveFile = new java.io.File(((pathPrefix + java.lang.Integer.toString(counter)) + .png)): null

2018-12-12 19:28:58 - [TEST_STEP][PASSED] - Statement - counter = counter + 1: null

2018-12-12 19:28:58 - [TEST_STEP][PASSED] - Statement - PreSaveFile = new java.io.File(((pathPrefix + java.lang.Integer.toString(counter)) + .png)): null

2018-12-12 19:28:58 - [TEST_STEP][PASSED] - Statement - counter = counter + 1: null

2018-12-12 19:28:58 - [TEST_STEP][PASSED] - Statement - PreSaveFile = new java.io.File(((pathPrefix + java.lang.Integer.toString(counter)) + .png)): null

2018-12-12 19:28:58 - [TEST_STEP][PASSED] - Statement - counter = counter + 1: null

2018-12-12 19:28:58 - [TEST_STEP][PASSED] - Statement - PreSaveFile = new java.io.File(((pathPrefix + java.lang.Integer.toString(counter)) + .png)): null

2018-12-12 19:28:58 - [TEST_STEP][PASSED] - Statement - counter = counter + 1: null

2018-12-12 19:28:58 - [TEST_STEP][PASSED] - Statement - PreSaveFile = new java.io.File(((pathPrefix + java.lang.Integer.toString(counter)) + .png)): null

2018-12-12 19:28:58 - [TEST_STEP][PASSED] - Statement - counter = counter + 1: null

2018-12-12 19:28:58 - [TEST_STEP][PASSED] - Statement - PreSaveFile = new java.io.File(((pathPrefix + java.lang.Integer.toString(counter)) + .png)): null

2018-12-12 19:28:58 - [TEST_STEP][PASSED] - Statement - counter = counter + 1: null

2018-12-12 19:28:58 - [TEST_STEP][PASSED] - Statement - PreSaveFile = new java.io.File(((pathPrefix + java.lang.Integer.toString(counter)) + .png)): null

2018-12-12 19:28:58 - [TEST_STEP][PASSED] - Statement - counter = counter + 1: null

2018-12-12 19:28:58 - [TEST_STEP][PASSED] - Statement - PreSaveFile = new java.io.File(((pathPrefix + java.lang.Integer.toString(counter)) + .png)): null

2018-12-12 19:28:58 - [TEST_STEP][PASSED] - Statement - counter = counter + 1: null

2018-12-12 19:28:58 - [TEST_STEP][PASSED] - Statement - PreSaveFile = new java.io.File(((pathPrefix + java.lang.Integer.toString(counter)) + .png)): null

2018-12-12 19:28:58 - [TEST_STEP][PASSED] - Statement - counter = counter + 1: null

2018-12-12 19:28:58 - [TEST_STEP][PASSED] - Statement - PreSaveFile = new java.io.File(((pathPrefix + java.lang.Integer.toString(counter)) + .png)): null

2018-12-12 19:28:58 - [TEST_STEP][PASSED] - Statement - counter = counter + 1: null

2018-12-12 19:28:58 - [TEST_STEP][PASSED] - Statement - PreSaveFile = new java.io.File(((pathPrefix + java.lang.Integer.toString(counter)) + .png)): null

2018-12-12 19:28:58 - [TEST_STEP][PASSED] - Statement - counter = counter + 1: null

2018-12-12 19:28:58 - [TEST_STEP][PASSED] - Statement - PreSaveFile = new java.io.File(((pathPrefix + java.lang.Integer.toString(counter)) + .png)): null

2018-12-12 19:28:58 - [TEST_STEP][PASSED] - Statement - counter = counter + 1: null

2018-12-12 19:28:58 - [TEST_STEP][PASSED] - Statement - PreSaveFile = new java.io.File(((pathPrefix + java.lang.Integer.toString(counter)) + .png)): null

2018-12-12 19:28:58 - [TEST_STEP][PASSED] - Statement - counter = counter + 1: null

2018-12-12 19:28:58 - [TEST_STEP][PASSED] - Statement - PreSaveFile = new java.io.File(((pathPrefix + java.lang.Integer.toString(counter)) + .png)): null

2018-12-12 19:28:58 - [TEST_STEP][PASSED] - Statement - counter = counter + 1: null

2018-12-12 19:28:58 - [TEST_STEP][PASSED] - Statement - PreSaveFile = new java.io.File(((pathPrefix + java.lang.Integer.toString(counter)) + .png)): null

2018-12-12 19:28:58 - [TEST_STEP][PASSED] - Statement - counter = counter + 1: null

2018-12-12 19:28:58 - [TEST_STEP][PASSED] - Statement - PreSaveFile = new java.io.File(((pathPrefix + java.lang.Integer.toString(counter)) + .png)): null

2018-12-12 19:28:58 - [TEST_STEP][PASSED] - Statement - counter = counter + 1: null

2018-12-12 19:28:58 - [TEST_STEP][PASSED] - Statement - PreSaveFile = new java.io.File(((pathPrefix + java.lang.Integer.toString(counter)) + .png)): null

2018-12-12 19:28:58 - [TEST_STEP][PASSED] - Statement - counter = counter + 1: null

2018-12-12 19:28:58 - [TEST_STEP][PASSED] - Statement - PreSaveFile = new java.io.File(((pathPrefix + java.lang.Integer.toString(counter)) + .png)): null

2018-12-12 19:28:58 - [TEST_STEP][PASSED] - Statement - counter = counter + 1: null

2018-12-12 19:28:58 - [TEST_STEP][PASSED] - Statement - PreSaveFile = new java.io.File(((pathPrefix + java.lang.Integer.toString(counter)) + .png)): null

2018-12-12 19:28:58 - [TEST_STEP][PASSED] - Statement - counter = counter + 1: null

2018-12-12 19:28:58 - [TEST_STEP][PASSED] - Statement - PreSaveFile = new java.io.File(((pathPrefix + java.lang.Integer.toString(counter)) + .png)): null

2018-12-12 19:28:58 - [TEST_STEP][PASSED] - Statement - counter = counter + 1: null

2018-12-12 19:28:58 - [TEST_STEP][PASSED] - Statement - PreSaveFile = new java.io.File(((pathPrefix + java.lang.Integer.toString(counter)) + .png)): null

2018-12-12 19:28:58 - [TEST_STEP][PASSED] - Statement - counter = counter + 1: null

2018-12-12 19:28:58 - [TEST_STEP][PASSED] - Statement - PreSaveFile = new java.io.File(((pathPrefix + java.lang.Integer.toString(counter)) + .png)): null

2018-12-12 19:28:58 - [TEST_STEP][PASSED] - Statement - counter = counter + 1: null

2018-12-12 19:28:58 - [TEST_STEP][PASSED] - Statement - PreSaveFile = new java.io.File(((pathPrefix + java.lang.Integer.toString(counter)) + .png)): null

2018-12-12 19:28:58 - [TEST_STEP][PASSED] - Statement - counter = counter + 1: null

2018-12-12 19:28:58 - [TEST_STEP][PASSED] - Statement - PreSaveFile = new java.io.File(((pathPrefix + java.lang.Integer.toString(counter)) + .png)): null

2018-12-12 19:28:58 - [TEST_STEP][PASSED] - Statement - counter = counter + 1: null

2018-12-12 19:28:58 - [TEST_STEP][PASSED] - Statement - PreSaveFile = new java.io.File(((pathPrefix + java.lang.Integer.toString(counter)) + .png)): null

2018-12-12 19:28:58 - [TEST_STEP][PASSED] - Statement - counter = counter + 1: null

2018-12-12 19:28:58 - [TEST_STEP][PASSED] - Statement - PreSaveFile = new java.io.File(((pathPrefix + java.lang.Integer.toString(counter)) + .png)): null

2018-12-12 19:28:58 - [TEST_STEP][PASSED] - Statement - counter = counter + 1: null

2018-12-12 19:28:58 - [TEST_STEP][PASSED] - Statement - PreSaveFile = new java.io.File(((pathPrefix + java.lang.Integer.toString(counter)) + .png)): null

2018-12-12 19:28:58 - [TEST_STEP][PASSED] - Statement - counter = counter + 1: null

2018-12-12 19:28:58 - [TEST_STEP][PASSED] - Statement - PreSaveFile = new java.io.File(((pathPrefix + java.lang.Integer.toString(counter)) + .png)): null

2018-12-12 19:28:58 - [TEST_STEP][PASSED] - Statement - counter = counter + 1: null

2018-12-12 19:28:58 - [TEST_STEP][PASSED] - Statement - PreSaveFile = new java.io.File(((pathPrefix + java.lang.Integer.toString(counter)) + .png)): null

2018-12-12 19:28:58 - [TEST_STEP][PASSED] - Statement - counter = counter + 1: null

2018-12-12 19:28:58 - [TEST_STEP][PASSED] - Statement - PreSaveFile = new java.io.File(((pathPrefix + java.lang.Integer.toString(counter)) + .png)): null

2018-12-12 19:28:58 - [TEST_STEP][PASSED] - Statement - counter = counter + 1: null

2018-12-12 19:28:58 - [TEST_STEP][PASSED] - Statement - PreSaveFile = new java.io.File(((pathPrefix + java.lang.Integer.toString(counter)) + .png)): null

2018-12-12 19:28:58 - [TEST_STEP][PASSED] - Statement - counter = counter + 1: null

2018-12-12 19:28:58 - [TEST_STEP][PASSED] - Statement - PreSaveFile = new java.io.File(((pathPrefix + java.lang.Integer.toString(counter)) + .png)): null

2018-12-12 19:28:58 - [TEST_STEP][PASSED] - Statement - counter = counter + 1: null

2018-12-12 19:28:58 - [TEST_STEP][PASSED] - Statement - PreSaveFile = new java.io.File(((pathPrefix + java.lang.Integer.toString(counter)) + .png)): null

2018-12-12 19:28:58 - [TEST_STEP][PASSED] - Statement - counter = counter + 1: null

2018-12-12 19:28:58 - [TEST_STEP][PASSED] - Statement - PreSaveFile = new java.io.File(((pathPrefix + java.lang.Integer.toString(counter)) + .png)): null

2018-12-12 19:28:58 - [TEST_STEP][PASSED] - Statement - counter = counter + 1: null

2018-12-12 19:28:58 - [TEST_STEP][PASSED] - Statement - PreSaveFile = new java.io.File(((pathPrefix + java.lang.Integer.toString(counter)) + .png)): null

2018-12-12 19:28:58 - [TEST_STEP][PASSED] - Statement - counter = counter + 1: null

2018-12-12 19:28:58 - [TEST_STEP][PASSED] - Statement - PreSaveFile = new java.io.File(((pathPrefix + java.lang.Integer.toString(counter)) + .png)): null

2018-12-12 19:28:58 - [TEST_STEP][PASSED] - Statement - counter = counter + 1: null

2018-12-12 19:28:58 - [TEST_STEP][PASSED] - Statement - PreSaveFile = new java.io.File(((pathPrefix + java.lang.Integer.toString(counter)) + .png)): null

2018-12-12 19:28:58 - [TEST_STEP][PASSED] - Statement - counter = counter + 1: null

2018-12-12 19:28:58 - [TEST_STEP][PASSED] - Statement - PreSaveFile = new java.io.File(((pathPrefix + java.lang.Integer.toString(counter)) + .png)): null

2018-12-12 19:28:58 - [TEST_STEP][PASSED] - Statement - counter = counter + 1: null

2018-12-12 19:28:58 - [TEST_STEP][PASSED] - Statement - PreSaveFile = new java.io.File(((pathPrefix + java.lang.Integer.toString(counter)) + .png)): null

2018-12-12 19:28:58 - [TEST_STEP][PASSED] - Statement - counter = counter + 1: null

2018-12-12 19:28:58 - [TEST_STEP][PASSED] - Statement - PreSaveFile = new java.io.File(((pathPrefix + java.lang.Integer.toString(counter)) + .png)): null

2018-12-12 19:28:58 - [TEST_STEP][PASSED] - Statement - counter = counter + 1: null

2018-12-12 19:28:58 - [TEST_STEP][PASSED] - Statement - PreSaveFile = new java.io.File(((pathPrefix + java.lang.Integer.toString(counter)) + .png)): null

2018-12-12 19:28:58 - [TEST_STEP][PASSED] - Statement - counter = counter + 1: null

2018-12-12 19:28:58 - [TEST_STEP][PASSED] - Statement - PreSaveFile = new java.io.File(((pathPrefix + java.lang.Integer.toString(counter)) + .png)): null

2018-12-12 19:28:58 - [TEST_STEP][PASSED] - Statement - counter = counter + 1: null

2018-12-12 19:28:58 - [TEST_STEP][PASSED] - Statement - PreSaveFile = new java.io.File(((pathPrefix + java.lang.Integer.toString(counter)) + .png)): null

2018-12-12 19:28:58 - [TEST_STEP][PASSED] - Statement - counter = counter + 1: null

2018-12-12 19:28:58 - [TEST_STEP][PASSED] - Statement - PreSaveFile = new java.io.File(((pathPrefix + java.lang.Integer.toString(counter)) + .png)): null

2018-12-12 19:28:58 - [TEST_STEP][PASSED] - Statement - counter = counter + 1: null

2018-12-12 19:28:58 - [TEST_STEP][PASSED] - Statement - PreSaveFile = new java.io.File(((pathPrefix + java.lang.Integer.toString(counter)) + .png)): null

2018-12-12 19:28:58 - [TEST_STEP][PASSED] - Statement - counter = counter + 1: null

2018-12-12 19:28:58 - [TEST_STEP][PASSED] - Statement - PreSaveFile = new java.io.File(((pathPrefix + java.lang.Integer.toString(counter)) + .png)): null

2018-12-12 19:28:58 - [TEST_STEP][PASSED] - Statement - counter = counter + 1: null

2018-12-12 19:28:58 - [TEST_STEP][PASSED] - Statement - PreSaveFile = new java.io.File(((pathPrefix + java.lang.Integer.toString(counter)) + .png)): null

2018-12-12 19:28:58 - [TEST_STEP][PASSED] - Statement - counter = counter + 1: null

2018-12-12 19:28:58 - [TEST_STEP][PASSED] - Statement - PreSaveFile = new java.io.File(((pathPrefix + java.lang.Integer.toString(counter)) + .png)): null

2018-12-12 19:28:58 - [TEST_STEP][PASSED] - Statement - counter = counter + 1: null

2018-12-12 19:28:58 - [TEST_STEP][PASSED] - Statement - PreSaveFile = new java.io.File(((pathPrefix + java.lang.Integer.toString(counter)) + .png)): null

2018-12-12 19:28:58 - [TEST_STEP][PASSED] - Statement - counter = counter + 1: null

2018-12-12 19:28:58 - [TEST_STEP][PASSED] - Statement - PreSaveFile = new java.io.File(((pathPrefix + java.lang.Integer.toString(counter)) + .png)): null

2018-12-12 19:28:58 - [TEST_STEP][PASSED] - Statement - counter = counter + 1: null

2018-12-12 19:28:58 - [TEST_STEP][PASSED] - Statement - PreSaveFile = new java.io.File(((pathPrefix + java.lang.Integer.toString(counter)) + .png)): null

2018-12-12 19:28:58 - [TEST_STEP][PASSED] - Statement - counter = counter + 1: null

2018-12-12 19:28:58 - [TEST_STEP][PASSED] - Statement - PreSaveFile = new java.io.File(((pathPrefix + java.lang.Integer.toString(counter)) + .png)): null

2018-12-12 19:28:58 - [TEST_STEP][PASSED] - Statement - counter = counter + 1: null

2018-12-12 19:28:58 - [TEST_STEP][PASSED] - Statement - PreSaveFile = new java.io.File(((pathPrefix + java.lang.Integer.toString(counter)) + .png)): null

2018-12-12 19:28:58 - [TEST_STEP][PASSED] - Statement - counter = counter + 1: null

2018-12-12 19:28:58 - [TEST_STEP][PASSED] - Statement - PreSaveFile = new java.io.File(((pathPrefix + java.lang.Integer.toString(counter)) + .png)): null

2018-12-12 19:28:58 - [TEST_STEP][PASSED] - Statement - counter = counter + 1: null

2018-12-12 19:28:58 - [TEST_STEP][PASSED] - Statement - PreSaveFile = new java.io.File(((pathPrefix + java.lang.Integer.toString(counter)) + .png)): null

2018-12-12 19:28:58 - [TEST_STEP][PASSED] - Statement - counter = counter + 1: null

2018-12-12 19:28:58 - [TEST_STEP][PASSED] - Statement - PreSaveFile = new java.io.File(((pathPrefix + java.lang.Integer.toString(counter)) + .png)): null

2018-12-12 19:28:58 - [TEST_STEP][PASSED] - Statement - counter = counter + 1: null

2018-12-12 19:28:58 - [TEST_STEP][PASSED] - Statement - PreSaveFile = new java.io.File(((pathPrefix + java.lang.Integer.toString(counter)) + .png)): null

2018-12-12 19:28:58 - [TEST_STEP][PASSED] - Statement - counter = counter + 1: null

2018-12-12 19:28:58 - [TEST_STEP][PASSED] - Statement - PreSaveFile = new java.io.File(((pathPrefix + java.lang.Integer.toString(counter)) + .png)): null

2018-12-12 19:28:58 - [TEST_STEP][PASSED] - Statement - counter = counter + 1: null

2018-12-12 19:28:58 - [TEST_STEP][PASSED] - Statement - PreSaveFile = new java.io.File(((pathPrefix + java.lang.Integer.toString(counter)) + .png)): null

2018-12-12 19:28:58 - [TEST_STEP][PASSED] - Statement - counter = counter + 1: null

2018-12-12 19:28:58 - [TEST_STEP][PASSED] - Statement - PreSaveFile = new java.io.File(((pathPrefix + java.lang.Integer.toString(counter)) + .png)): null

2018-12-12 19:28:58 - [TEST_STEP][PASSED] - Statement - counter = counter + 1: null

2018-12-12 19:28:58 - [TEST_STEP][PASSED] - Statement - PreSaveFile = new java.io.File(((pathPrefix + java.lang.Integer.toString(counter)) + .png)): null

2018-12-12 19:28:58 - [TEST_STEP][PASSED] - Statement - counter = counter + 1: null

2018-12-12 19:28:58 - [TEST_STEP][PASSED] - Statement - PreSaveFile = new java.io.File(((pathPrefix + java.lang.Integer.toString(counter)) + .png)): null

2018-12-12 19:28:58 - [TEST_STEP][PASSED] - Statement - counter = counter + 1: null

2018-12-12 19:28:58 - [TEST_STEP][PASSED] - Statement - PreSaveFile = new java.io.File(((pathPrefix + java.lang.Integer.toString(counter)) + .png)): null

2018-12-12 19:28:58 - [TEST_STEP][PASSED] - Statement - counter = counter + 1: null

2018-12-12 19:28:58 - [TEST_STEP][PASSED] - Statement - PreSaveFile = new java.io.File(((pathPrefix + java.lang.Integer.toString(counter)) + .png)): null

2018-12-12 19:28:58 - [TEST_STEP][PASSED] - Statement - counter = counter + 1: null

2018-12-12 19:28:58 - [TEST_STEP][PASSED] - Statement - PreSaveFile = new java.io.File(((pathPrefix + java.lang.Integer.toString(counter)) + .png)): null

2018-12-12 19:28:58 - [TEST_STEP][PASSED] - Statement - counter = counter + 1: null

2018-12-12 19:28:58 - [TEST_STEP][PASSED] - Statement - PreSaveFile = new java.io.File(((pathPrefix + java.lang.Integer.toString(counter)) + .png)): null

2018-12-12 19:28:58 - [TEST_STEP][PASSED] - Statement - counter = counter + 1: null

2018-12-12 19:28:58 - [TEST_STEP][PASSED] - Statement - PreSaveFile = new java.io.File(((pathPrefix + java.lang.Integer.toString(counter)) + .png)): null

2018-12-12 19:28:58 - [TEST_STEP][PASSED] - Statement - counter = counter + 1: null

2018-12-12 19:28:58 - [TEST_STEP][PASSED] - Statement - PreSaveFile = new java.io.File(((pathPrefix + java.lang.Integer.toString(counter)) + .png)): null

2018-12-12 19:28:58 - [TEST_STEP][PASSED] - Statement - counter = counter + 1: null

2018-12-12 19:28:58 - [TEST_STEP][PASSED] - Statement - PreSaveFile = new java.io.File(((pathPrefix + java.lang.Integer.toString(counter)) + .png)): null

2018-12-12 19:28:58 - [TEST_STEP][PASSED] - Statement - counter = counter + 1: null

2018-12-12 19:28:58 - [TEST_STEP][PASSED] - Statement - PreSaveFile = new java.io.File(((pathPrefix + java.lang.Integer.toString(counter)) + .png)): null

2018-12-12 19:28:58 - [TEST_STEP][PASSED] - Statement - counter = counter + 1: null

2018-12-12 19:28:58 - [TEST_STEP][PASSED] - Statement - PreSaveFile = new java.io.File(((pathPrefix + java.lang.Integer.toString(counter)) + .png)): null

2018-12-12 19:28:58 - [TEST_STEP][PASSED] - Statement - counter = counter + 1: null

2018-12-12 19:28:58 - [TEST_STEP][PASSED] - Statement - PreSaveFile = new java.io.File(((pathPrefix + java.lang.Integer.toString(counter)) + .png)): null

2018-12-12 19:28:58 - [TEST_STEP][PASSED] - Statement - counter = counter + 1: null

2018-12-12 19:28:58 - [TEST_STEP][PASSED] - Statement - PreSaveFile = new java.io.File(((pathPrefix + java.lang.Integer.toString(counter)) + .png)): null

2018-12-12 19:28:58 - [TEST_STEP][PASSED] - Statement - counter = counter + 1: null

2018-12-12 19:28:58 - [TEST_STEP][PASSED] - Statement - PreSaveFile = new java.io.File(((pathPrefix + java.lang.Integer.toString(counter)) + .png)): null

2018-12-12 19:28:58 - [TEST_STEP][PASSED] - Statement - counter = counter + 1: null

2018-12-12 19:28:58 - [TEST_STEP][PASSED] - Statement - PreSaveFile = new java.io.File(((pathPrefix + java.lang.Integer.toString(counter)) + .png)): null

2018-12-12 19:28:58 - [TEST_STEP][PASSED] - Statement - counter = counter + 1: null

2018-12-12 19:28:58 - [TEST_STEP][PASSED] - Statement - PreSaveFile = new java.io.File(((pathPrefix + java.lang.Integer.toString(counter)) + .png)): null

2018-12-12 19:28:58 - [TEST_STEP][PASSED] - Statement - counter = counter + 1: null

2018-12-12 19:28:58 - [TEST_STEP][PASSED] - Statement - PreSaveFile = new java.io.File(((pathPrefix + java.lang.Integer.toString(counter)) + .png)): null

2018-12-12 19:28:58 - [TEST_STEP][PASSED] - Statement - counter = counter + 1: null

2018-12-12 19:28:58 - [TEST_STEP][PASSED] - Statement - PreSaveFile = new java.io.File(((pathPrefix + java.lang.Integer.toString(counter)) + .png)): null

2018-12-12 19:28:58 - [TEST_STEP][PASSED] - Statement - counter = counter + 1: null

2018-12-12 19:28:58 - [TEST_STEP][PASSED] - Statement - PreSaveFile = new java.io.File(((pathPrefix + java.lang.Integer.toString(counter)) + .png)): null

2018-12-12 19:28:58 - [TEST_STEP][PASSED] - Statement - counter = counter + 1: null

2018-12-12 19:28:58 - [TEST_STEP][PASSED] - Statement - PreSaveFile = new java.io.File(((pathPrefix + java.lang.Integer.toString(counter)) + .png)): null

2018-12-12 19:28:58 - [TEST_STEP][PASSED] - Statement - counter = counter + 1: null

2018-12-12 19:28:58 - [TEST_STEP][PASSED] - Statement - PreSaveFile = new java.io.File(((pathPrefix + java.lang.Integer.toString(counter)) + .png)): null

2018-12-12 19:28:58 - [TEST_STEP][PASSED] - Statement - counter = counter + 1: null

2018-12-12 19:28:58 - [TEST_STEP][PASSED] - Statement - PreSaveFile = new java.io.File(((pathPrefix + java.lang.Integer.toString(counter)) + .png)): null

2018-12-12 19:28:58 - [TEST_STEP][PASSED] - Statement - counter = counter + 1: null

2018-12-12 19:28:58 - [TEST_STEP][PASSED] - Statement - PreSaveFile = new java.io.File(((pathPrefix + java.lang.Integer.toString(counter)) + .png)): null

2018-12-12 19:28:58 - [TEST_STEP][PASSED] - Statement - counter = counter + 1: null

2018-12-12 19:28:58 - [TEST_STEP][PASSED] - Statement - PreSaveFile = new java.io.File(((pathPrefix + java.lang.Integer.toString(counter)) + .png)): null

2018-12-12 19:28:58 - [TEST_STEP][PASSED] - Statement - counter = counter + 1: null

2018-12-12 19:28:58 - [TEST_STEP][PASSED] - Statement - PreSaveFile = new java.io.File(((pathPrefix + java.lang.Integer.toString(counter)) + .png)): null

2018-12-12 19:28:58 - [TEST_STEP][PASSED] - Statement - counter = counter + 1: null

2018-12-12 19:28:58 - [TEST_STEP][PASSED] - Statement - PreSaveFile = new java.io.File(((pathPrefix + java.lang.Integer.toString(counter)) + .png)): null

2018-12-12 19:28:58 - [TEST_STEP][PASSED] - Statement - counter = counter + 1: null

2018-12-12 19:28:58 - [TEST_STEP][PASSED] - Statement - PreSaveFile = new java.io.File(((pathPrefix + java.lang.Integer.toString(counter)) + .png)): null

2018-12-12 19:28:58 - [TEST_STEP][PASSED] - Statement - counter = counter + 1: null

2018-12-12 19:28:58 - [TEST_STEP][PASSED] - Statement - PreSaveFile = new java.io.File(((pathPrefix + java.lang.Integer.toString(counter)) + .png)): null

2018-12-12 19:28:58 - [TEST_STEP][PASSED] - Statement - counter = counter + 1: null

2018-12-12 19:28:58 - [TEST_STEP][PASSED] - Statement - PreSaveFile = new java.io.File(((pathPrefix + java.lang.Integer.toString(counter)) + .png)): null

2018-12-12 19:28:58 - [TEST_STEP][PASSED] - Statement - counter = counter + 1: null

2018-12-12 19:28:58 - [TEST_STEP][PASSED] - Statement - PreSaveFile = new java.io.File(((pathPrefix + java.lang.Integer.toString(counter)) + .png)): null

2018-12-12 19:28:58 - [TEST_STEP][PASSED] - Statement - counter = counter + 1: null

2018-12-12 19:28:58 - [TEST_STEP][PASSED] - Statement - PreSaveFile = new java.io.File(((pathPrefix + java.lang.Integer.toString(counter)) + .png)): null

2018-12-12 19:28:58 - [TEST_STEP][PASSED] - Statement - counter = counter + 1: null

2018-12-12 19:28:58 - [TEST_STEP][PASSED] - Statement - PreSaveFile = new java.io.File(((pathPrefix + java.lang.Integer.toString(counter)) + .png)): null

2018-12-12 19:28:58 - [TEST_STEP][PASSED] - Statement - counter = counter + 1: null

2018-12-12 19:28:58 - [TEST_STEP][PASSED] - Statement - PreSaveFile = new java.io.File(((pathPrefix + java.lang.Integer.toString(counter)) + .png)): null

2018-12-12 19:28:58 - [TEST_STEP][PASSED] - Statement - counter = counter + 1: null

2018-12-12 19:28:58 - [TEST_STEP][PASSED] - Statement - PreSaveFile = new java.io.File(((pathPrefix + java.lang.Integer.toString(counter)) + .png)): null

2018-12-12 19:28:58 - [TEST_STEP][PASSED] - Statement - counter = counter + 1: null

2018-12-12 19:28:58 - [TEST_STEP][PASSED] - Statement - PreSaveFile = new java.io.File(((pathPrefix + java.lang.Integer.toString(counter)) + .png)): null

2018-12-12 19:28:58 - [TEST_STEP][PASSED] - Statement - counter = counter + 1: null

2018-12-12 19:28:58 - [TEST_STEP][PASSED] - Statement - PreSaveFile = new java.io.File(((pathPrefix + java.lang.Integer.toString(counter)) + .png)): null

2018-12-12 19:28:58 - [TEST_STEP][PASSED] - Statement - counter = counter + 1: null

2018-12-12 19:28:58 - [TEST_STEP][PASSED] - Statement - PreSaveFile = new java.io.File(((pathPrefix + java.lang.Integer.toString(counter)) + .png)): null

2018-12-12 19:28:58 - [TEST_STEP][PASSED] - Statement - counter = counter + 1: null

2018-12-12 19:28:58 - [TEST_STEP][PASSED] - Statement - PreSaveFile = new java.io.File(((pathPrefix + java.lang.Integer.toString(counter)) + .png)): null

2018-12-12 19:28:58 - [TEST_STEP][PASSED] - Statement - counter = counter + 1: null

2018-12-12 19:28:58 - [TEST_STEP][PASSED] - Statement - PreSaveFile = new java.io.File(((pathPrefix + java.lang.Integer.toString(counter)) + .png)): null

2018-12-12 19:28:58 - [TEST_STEP][PASSED] - Statement - counter = counter + 1: null

2018-12-12 19:28:58 - [TEST_STEP][PASSED] - Statement - PreSaveFile = new java.io.File(((pathPrefix + java.lang.Integer.toString(counter)) + .png)): null

2018-12-12 19:28:58 - [TEST_STEP][PASSED] - Statement - counter = counter + 1: null

2018-12-12 19:28:58 - [TEST_STEP][PASSED] - Statement - PreSaveFile = new java.io.File(((pathPrefix + java.lang.Integer.toString(counter)) + .png)): null

2018-12-12 19:28:58 - [TEST_STEP][PASSED] - Statement - counter = counter + 1: null

2018-12-12 19:28:58 - [TEST_STEP][PASSED] - Statement - PreSaveFile = new java.io.File(((pathPrefix + java.lang.Integer.toString(counter)) + .png)): null

2018-12-12 19:28:58 - [TEST_STEP][PASSED] - Statement - counter = counter + 1: null

2018-12-12 19:28:58 - [TEST_STEP][PASSED] - Statement - PreSaveFile = new java.io.File(((pathPrefix + java.lang.Integer.toString(counter)) + .png)): null

2018-12-12 19:28:58 - [TEST_STEP][PASSED] - Statement - counter = counter + 1: null

2018-12-12 19:28:58 - [TEST_STEP][PASSED] - Statement - PreSaveFile = new java.io.File(((pathPrefix + java.lang.Integer.toString(counter)) + .png)): null

2018-12-12 19:28:58 - [TEST_STEP][PASSED] - Statement - counter = counter + 1: null

2018-12-12 19:28:58 - [TEST_STEP][PASSED] - Statement - PreSaveFile = new java.io.File(((pathPrefix + java.lang.Integer.toString(counter)) + .png)): null

2018-12-12 19:28:58 - [TEST_STEP][PASSED] - Statement - counter = counter + 1: null

2018-12-12 19:28:58 - [TEST_STEP][PASSED] - Statement - PreSaveFile = new java.io.File(((pathPrefix + java.lang.Integer.toString(counter)) + .png)): null

2018-12-12 19:28:58 - [TEST_STEP][PASSED] - Statement - counter = counter + 1: null

2018-12-12 19:28:58 - [TEST_STEP][PASSED] - Statement - PreSaveFile = new java.io.File(((pathPrefix + java.lang.Integer.toString(counter)) + .png)): null

2018-12-12 19:28:58 - [TEST_STEP][PASSED] - Statement - counter = counter + 1: null

2018-12-12 19:28:58 - [TEST_STEP][PASSED] - Statement - PreSaveFile = new java.io.File(((pathPrefix + java.lang.Integer.toString(counter)) + .png)): null

2018-12-12 19:28:58 - [TEST_STEP][PASSED] - Statement - counter = counter + 1: null

2018-12-12 19:28:58 - [TEST_STEP][PASSED] - Statement - PreSaveFile = new java.io.File(((pathPrefix + java.lang.Integer.toString(counter)) + .png)): null

2018-12-12 19:28:58 - [TEST_STEP][PASSED] - Statement - counter = counter + 1: null

2018-12-12 19:28:58 - [TEST_STEP][PASSED] - Statement - PreSaveFile = new java.io.File(((pathPrefix + java.lang.Integer.toString(counter)) + .png)): null

2018-12-12 19:28:58 - [TEST_STEP][PASSED] - Statement - counter = counter + 1: null

2018-12-12 19:28:58 - [TEST_STEP][PASSED] - Statement - PreSaveFile = new java.io.File(((pathPrefix + java.lang.Integer.toString(counter)) + .png)): null

2018-12-12 19:28:58 - [TEST_STEP][PASSED] - Statement - counter = counter + 1: null

2018-12-12 19:28:58 - [TEST_STEP][PASSED] - Statement - PreSaveFile = new java.io.File(((pathPrefix + java.lang.Integer.toString(counter)) + .png)): null

2018-12-12 19:28:58 - [TEST_STEP][PASSED] - Statement - counter = counter + 1: null

2018-12-12 19:28:58 - [TEST_STEP][PASSED] - Statement - PreSaveFile = new java.io.File(((pathPrefix + java.lang.Integer.toString(counter)) + .png)): null

2018-12-12 19:28:58 - [TEST_STEP][PASSED] - Statement - counter = counter + 1: null

2018-12-12 19:28:58 - [TEST_STEP][PASSED] - Statement - PreSaveFile = new java.io.File(((pathPrefix + java.lang.Integer.toString(counter)) + .png)): null

2018-12-12 19:28:58 - [TEST_STEP][PASSED] - Statement - counter = counter + 1: null

2018-12-12 19:28:58 - [TEST_STEP][PASSED] - Statement - PreSaveFile = new java.io.File(((pathPrefix + java.lang.Integer.toString(counter)) + .png)): null

2018-12-12 19:28:58 - [TEST_STEP][PASSED] - Statement - counter = counter + 1: null

2018-12-12 19:28:58 - [TEST_STEP][PASSED] - Statement - PreSaveFile = new java.io.File(((pathPrefix + java.lang.Integer.toString(counter)) + .png)): null

2018-12-12 19:28:58 - [TEST_STEP][PASSED] - Statement - counter = counter + 1: null

2018-12-12 19:28:58 - [TEST_STEP][PASSED] - Statement - PreSaveFile = new java.io.File(((pathPrefix + java.lang.Integer.toString(counter)) + .png)): null

2018-12-12 19:28:58 - [TEST_STEP][PASSED] - Statement - finalPath = pathPrefix + java.lang.Integer.toString(counter) + ".png": null

2018-12-12 19:28:58 - [TEST_STEP][PASSED] - Statement - SaveFile = new java.io.File(finalPath): null

2018-12-12 19:28:58 - [TEST_STEP][PASSED] - Statement - Try: null

2018-12-12 19:28:58 - [TEST_STEP][PASSED] - Statement - org.apache.commons.io.FileUtils.copyFile(scrFile, SaveFile): null

2018-12-12 19:28:58 - [TEST_STEP][PASSED] - Statement - out.println("file kept"): null

2018-12-12 19:28:58 - [TEST_STEP][PASSED] - delay: Delayed 10 second(s)

2018-12-12 19:29:08 - [MESSAGE][PASSED] - Delayed 10 second(s)

2018-12-12 19:29:08 - [MESSAGE][PASSED] - Call Test Case 'Test Cases/Final Aug 2018 - PKS Automation/Common/Screenshoting tool' successfully

2018-12-12 19:29:08 - [TEST_STEP][PASSED] - callTestCase: Call Test Case 'Test Cases/Final Aug 2018 - PKS Automation/Registration Module/Log Out/log out avoiding katalon tagging' successfully

2018-12-12 19:29:09 - [TEST_CASE][PASSED] - Test Cases/Final Aug 2018 - PKS Automation/Registration Module/Log Out/log out avoiding katalon tagging: Test Cases/Final Aug 2018 - PKS Automation/Registration Module/Log Out/log out avoiding katalon tagging

2018-12-12 19:29:09 - [TEST_STEP][PASSED] - navigateToUrl: Navigate to 'https://assist2-uat.perkeso.gov.my/c/portal/logout' successfully

2018-12-12 19:29:09 - [MESSAGE][PASSED] - Navigate to 'https://assist2-uat.perkeso.gov.my/c/portal/logout' successfully

2018-12-12 19:29:09 - [MESSAGE][PASSED] - Call Test Case 'Test Cases/Final Aug 2018 - PKS Automation/Registration Module/Log Out/log out avoiding katalon tagging' successfully

2018-12-12 19:29:09 - [TEST_STEP][PASSED] - delay: Delayed 2 second(s)

2018-12-12 19:29:11 - [MESSAGE][PASSED] - Delayed 2 second(s)

2018-12-12 19:29:11 - [TEST_STEP][PASSED] - setText: Text 'johorro1@gmail.com' is set on object 'Object Repository/Final Object Repo/New Registration - Registration Module Pages/New Reg - OTC to RO/Special Case - All Related Objects/Email TextBox'

2018-12-12 19:29:12 - [MESSAGE][PASSED] - Text 'johorro1@gmail.com' is set on object 'Object Repository/Final Object Repo/New Registration - Registration Module Pages/New Reg - OTC to RO/Special Case - All Related Objects/Email TextBox'

2018-12-12 19:29:12 - [TEST_STEP][PASSED] - click: Object: 'Object Repository/Final Object Repo/New Registration - Registration Module Pages/New Reg - OTC to RO/Special Case - All Related Objects/Next Button' is clicked on

2018-12-12 19:29:12 - [MESSAGE][PASSED] - Object: 'Object Repository/Final Object Repo/New Registration - Registration Module Pages/New Reg - OTC to RO/Special Case - All Related Objects/Next Button' is clicked on

2018-12-12 19:29:12 - [TEST_STEP][PASSED] - delay: Delayed 2 second(s)

2018-12-12 19:29:14 - [MESSAGE][PASSED] - Delayed 2 second(s)

2018-12-12 19:29:14 - [TEST_STEP][PASSED] - setText: Text 'Test1@3456789' is set on object 'Object Repository/Final Object Repo/New Registration - Registration Module Pages/New Reg - OTC to RO/Special Case - All Related Objects/Password TextBox'

2018-12-12 19:29:14 - [MESSAGE][PASSED] - Text 'Test1@3456789' is set on object 'Object Repository/Final Object Repo/New Registration - Registration Module Pages/New Reg - OTC to RO/Special Case - All Related Objects/Password TextBox'

2018-12-12 19:29:14 - [TEST_STEP][PASSED] - delay: Delayed 2 second(s)

2018-12-12 19:29:16 - [MESSAGE][PASSED] - Delayed 2 second(s)

2018-12-12 19:29:16 - [TEST_STEP][PASSED] - click: Object: 'Object Repository/Final Object Repo/New Registration - Registration Module Pages/New Reg - OTC to RO/Special Case - All Related Objects/Login Button' is clicked on

2018-12-12 19:29:16 - [MESSAGE][PASSED] - Object: 'Object Repository/Final Object Repo/New Registration - Registration Module Pages/New Reg - OTC to RO/Special Case - All Related Objects/Login Button' is clicked on

2018-12-12 19:29:16 - [TEST_STEP][PASSED] - delay: Delayed 2 second(s)

2018-12-12 19:29:18 - [MESSAGE][PASSED] - Delayed 2 second(s)

2018-12-12 19:29:18 - [TEST_STEP][PASSED] - Statement - Try: null

2018-12-12 19:29:18 - [TEST_STEP][PASSED] - Statement - Checker = com.kms.katalon.core.webui.keyword.WebUiBuiltInKeywords.verifyElementNotPresent("Final Object Repo/Landing Page/Select to English", 3): null

2018-12-12 19:29:18 - [TEST_STEP][PASSED] - Statement - Catch (Exception e): null

2018-12-12 19:29:18 - [TEST_STEP][PASSED] - Statement - e.printStackTrace(): null

2018-12-12 19:29:18 - [TEST_STEP][PASSED] - click: Object: 'Object Repository/Final Object Repo/New Registration - Registration Module Pages/New Reg - OTC to RO/Special Case - All Related Objects/Expand to Search' is clicked on

2018-12-12 19:29:18 - [MESSAGE][PASSED] - Object: 'Object Repository/Final Object Repo/New Registration - Registration Module Pages/New Reg - OTC to RO/Special Case - All Related Objects/Expand to Search' is clicked on

2018-12-12 19:29:18 - [TEST_STEP][PASSED] - delay: Delayed 2 second(s)

2018-12-12 19:29:20 - [MESSAGE][PASSED] - Delayed 2 second(s)

2018-12-12 19:29:20 - [TEST_STEP][PASSED] - setText: Text 'CRN12201800123231' is set on object 'Object Repository/Final Object Repo/New Registration - Registration Module Pages/New Reg - OTC to RO/Special Case - All Related Objects/TextBox RefNo in Workbasket'

2018-12-12 19:29:21 - [MESSAGE][PASSED] - Text 'CRN12201800123231' is set on object 'Object Repository/Final Object Repo/New Registration - Registration Module Pages/New Reg - OTC to RO/Special Case - All Related Objects/TextBox RefNo in Workbasket'

2018-12-12 19:29:21 - [TEST_STEP][PASSED] - delay: Delayed 2 second(s)

2018-12-12 19:29:23 - [MESSAGE][PASSED] - Delayed 2 second(s)

2018-12-12 19:29:23 - [TEST_STEP][PASSED] - click: Object: 'Object Repository/Final Object Repo/New Registration - Registration Module Pages/New Reg - OTC to RO/Special Case - All Related Objects/Click Search' is clicked on

2018-12-12 19:29:23 - [MESSAGE][PASSED] - Object: 'Object Repository/Final Object Repo/New Registration - Registration Module Pages/New Reg - OTC to RO/Special Case - All Related Objects/Click Search' is clicked on

2018-12-12 19:29:23 - [TEST_STEP][PASSED] - delay: Delayed 2 second(s)

2018-12-12 19:29:25 - [MESSAGE][PASSED] - Delayed 2 second(s)

2018-12-12 19:29:25 - [TEST_STEP][PASSED] - click: Object: 'Object Repository/Final Object Repo/New Registration - Registration Module Pages/New Reg - OTC to RO/Special Case - All Related Objects/Click to Continue Workflow' is clicked on

2018-12-12 19:29:28 - [MESSAGE][PASSED] - Object: 'Object Repository/Final Object Repo/New Registration - Registration Module Pages/New Reg - OTC to RO/Special Case - All Related Objects/Click to Continue Workflow' is clicked on

2018-12-12 19:29:28 - [TEST_STEP][PASSED] - delay: Delayed 2 second(s)

2018-12-12 19:29:30 - [MESSAGE][PASSED] - Delayed 2 second(s)

2018-12-12 19:29:30 - [TEST_STEP][PASSED] - click: Object: 'Object Repository/Final Object Repo/New Registration - Registration Module Pages/New Reg - OTC to RO/Special Case - All Related Objects/Continue Button in verifying case' is clicked on

2018-12-12 19:29:32 - [MESSAGE][PASSED] - Object: 'Object Repository/Final Object Repo/New Registration - Registration Module Pages/New Reg - OTC to RO/Special Case - All Related Objects/Continue Button in verifying case' is clicked on

2018-12-12 19:29:32 - [TEST_STEP][PASSED] - delay: Delayed 2 second(s)

2018-12-12 19:29:34 - [MESSAGE][PASSED] - Delayed 2 second(s)

2018-12-12 19:29:34 - [TEST_STEP][PASSED] - click: Object: 'Object Repository/Final Object Repo/New Registration - Registration Module Pages/Form 1/Registered As a Branch - Yes' is clicked on

2018-12-12 19:29:34 - [MESSAGE][PASSED] - Object: 'Object Repository/Final Object Repo/New Registration - Registration Module Pages/Form 1/Registered As a Branch - Yes' is clicked on

2018-12-12 19:29:34 - [TEST_STEP][PASSED] - delay: Delayed 2 second(s)

2018-12-12 19:29:36 - [MESSAGE][PASSED] - Delayed 2 second(s)

2018-12-12 19:29:36 - [TEST_STEP][PASSED] - click: Object: 'Object Repository/Final Object Repo/New Registration - Registration Module Pages/New Reg - OTC to RO/Special Case - All Related Objects/Form 1 Save n Continue' is clicked on

2018-12-12 19:29:36 - [MESSAGE][PASSED] - Object: 'Object Repository/Final Object Repo/New Registration - Registration Module Pages/New Reg - OTC to RO/Special Case - All Related Objects/Form 1 Save n Continue' is clicked on

2018-12-12 19:29:36 - [TEST_STEP][PASSED] - delay: Delayed 2 second(s)

2018-12-12 19:29:38 - [MESSAGE][PASSED] - Delayed 2 second(s)

2018-12-12 19:29:38 - [TEST_STEP][PASSED] - click: Object: 'Object Repository/Final Object Repo/New Registration - Registration Module Pages/New Reg - OTC to RO/Special Case - All Related Objects/Form 2 Save n Continue' is clicked on

2018-12-12 19:29:38 - [MESSAGE][PASSED] - Object: 'Object Repository/Final Object Repo/New Registration - Registration Module Pages/New Reg - OTC to RO/Special Case - All Related Objects/Form 2 Save n Continue' is clicked on

2018-12-12 19:29:38 - [TEST_STEP][PASSED] - delay: Delayed 2 second(s)

2018-12-12 19:29:40 - [MESSAGE][PASSED] - Delayed 2 second(s)

2018-12-12 19:29:40 - [TEST_STEP][PASSED] - click: Object: 'Object Repository/Final Object Repo/New Registration - Registration Module Pages/New Reg - OTC to RO/Special Case - All Related Objects/Third Screen Save n Continue' is clicked on

2018-12-12 19:29:46 - [MESSAGE][PASSED] - Object: 'Object Repository/Final Object Repo/New Registration - Registration Module Pages/New Reg - OTC to RO/Special Case - All Related Objects/Third Screen Save n Continue' is clicked on

2018-12-12 19:29:46 - [TEST_STEP][PASSED] - delay: Delayed 5 second(s)

2018-12-12 19:29:51 - [MESSAGE][PASSED] - Delayed 5 second(s)

2018-12-12 19:29:51 - [TEST_STEP][PASSED] - click: Object: 'Object Repository/Final Object Repo/New Registration - Registration Module Pages/New Reg - OTC to RO/Special Case - All Related Objects/Upload Doc Page Save n Continue' is clicked on

2018-12-12 19:29:51 - [MESSAGE][PASSED] - Object: 'Object Repository/Final Object Repo/New Registration - Registration Module Pages/New Reg - OTC to RO/Special Case - All Related Objects/Upload Doc Page Save n Continue' is clicked on

2018-12-12 19:29:51 - [TEST_STEP][PASSED] - delay: Delayed 5 second(s)

2018-12-12 19:29:56 - [MESSAGE][PASSED] - Delayed 5 second(s)

2018-12-12 19:29:56 - [TEST_STEP][PASSED] - callTestCase: Call Test Case 'Test Cases/Final Aug 2018 - PKS Automation/Registration Module/New Registration/Submit and Screenshot/Submit Registration and Screenshot' successfully

2018-12-12 19:29:56 - [TEST_CASE][PASSED] - Test Cases/Final Aug 2018 - PKS Automation/Registration Module/New Registration/Submit and Screenshot/Submit Registration and Screenshot: Test Cases/Final Aug 2018 - PKS Automation/Registration Module/New Registration/Submit and Screenshot/Submit Registration and Screenshot

2018-12-12 19:29:56 - [TEST_STEP][PASSED] - delay: Delayed 6 second(s)

2018-12-12 19:30:02 - [MESSAGE][PASSED] - Delayed 6 second(s)

2018-12-12 19:30:02 - [TEST_STEP][PASSED] - click: Object: 'Object Repository/Final Object Repo/New Registration - Registration Module Pages/Third Screen - Upload Supporting Doc- Preview/Preview Submit Button' is clicked on

2018-12-12 19:30:02 - [MESSAGE][PASSED] - Object: 'Object Repository/Final Object Repo/New Registration - Registration Module Pages/Third Screen - Upload Supporting Doc- Preview/Preview Submit Button' is clicked on

2018-12-12 19:30:02 - [TEST_STEP][PASSED] - delay: Delayed 2 second(s)

2018-12-12 19:30:04 - [MESSAGE][PASSED] - Delayed 2 second(s)

2018-12-12 19:30:04 - [TEST_STEP][PASSED] - click: Object: 'Object Repository/Final Object Repo/New Registration - Registration Module Pages/Third Screen - Upload Supporting Doc- Preview/Preview Submit - Confirm' is clicked on

2018-12-12 19:30:04 - [MESSAGE][PASSED] - Object: 'Object Repository/Final Object Repo/New Registration - Registration Module Pages/Third Screen - Upload Supporting Doc- Preview/Preview Submit - Confirm' is clicked on

2018-12-12 19:30:04 - [TEST_STEP][PASSED] - delay: Delayed 15 second(s)

2018-12-12 19:30:19 - [MESSAGE][PASSED] - Delayed 15 second(s)

2018-12-12 19:30:19 - [TEST_STEP][PASSED] - Statement - driver = com.kms.katalon.core.webui.driver.DriverFactory.getWebDriver(): null

2018-12-12 19:30:19 - [TEST_STEP][PASSED] - Statement - driver.manage().timeouts().implicitlyWait(10, SECONDS): null

2018-12-12 19:30:19 - [TEST_STEP][PASSED] - Statement - PresavePath = KatalonScreenshots: null

2018-12-12 19:30:19 - [TEST_STEP][PASSED] - Statement - pathPrefix = "C:\Users\Public\Pictures\Sample Pictures\Katalon Screenshots\Automate Ending Screen": null

2018-12-12 19:30:19 - [TEST_STEP][PASSED] - Statement - finalPath = <not implemented yet for class: org.codehaus.groovy.ast.expr.EmptyExpression>: null

2018-12-12 19:30:19 - [TEST_STEP][PASSED] - Statement - scrFile = driver.getScreenshotAs(FILE): null

2018-12-12 19:30:20 - [TEST_STEP][PASSED] - Statement - PreSaveFile = new java.io.File(PresavePath): null

2018-12-12 19:30:20 - [TEST_STEP][PASSED] - Statement - counter = 0: null

2018-12-12 19:30:20 - [TEST_STEP][PASSED] - Statement - If (PreSaveFile.exists()): null

2018-12-12 19:30:20 - [TEST_STEP][PASSED] - Statement - While (PreSaveFile.exists()): null

2018-12-12 19:30:20 - [TEST_STEP][PASSED] - Statement - counter = counter + 1: null

2018-12-12 19:30:20 - [TEST_STEP][PASSED] - Statement - PreSaveFile = new java.io.File(((pathPrefix + java.lang.Integer.toString(counter)) + .png)): null

2018-12-12 19:30:20 - [TEST_STEP][PASSED] - Statement - counter = counter + 1: null

2018-12-12 19:30:20 - [TEST_STEP][PASSED] - Statement - PreSaveFile = new java.io.File(((pathPrefix + java.lang.Integer.toString(counter)) + .png)): null

2018-12-12 19:30:20 - [TEST_STEP][PASSED] - Statement - counter = counter + 1: null

2018-12-12 19:30:20 - [TEST_STEP][PASSED] - Statement - PreSaveFile = new java.io.File(((pathPrefix + java.lang.Integer.toString(counter)) + .png)): null

2018-12-12 19:30:20 - [TEST_STEP][PASSED] - Statement - counter = counter + 1: null

2018-12-12 19:30:20 - [TEST_STEP][PASSED] - Statement - PreSaveFile = new java.io.File(((pathPrefix + java.lang.Integer.toString(counter)) + .png)): null

2018-12-12 19:30:20 - [TEST_STEP][PASSED] - Statement - counter = counter + 1: null

2018-12-12 19:30:20 - [TEST_STEP][PASSED] - Statement - PreSaveFile = new java.io.File(((pathPrefix + java.lang.Integer.toString(counter)) + .png)): null

2018-12-12 19:30:20 - [TEST_STEP][PASSED] - Statement - counter = counter + 1: null

2018-12-12 19:30:20 - [TEST_STEP][PASSED] - Statement - PreSaveFile = new java.io.File(((pathPrefix + java.lang.Integer.toString(counter)) + .png)): null

2018-12-12 19:30:20 - [TEST_STEP][PASSED] - Statement - counter = counter + 1: null

2018-12-12 19:30:20 - [TEST_STEP][PASSED] - Statement - PreSaveFile = new java.io.File(((pathPrefix + java.lang.Integer.toString(counter)) + .png)): null

2018-12-12 19:30:20 - [TEST_STEP][PASSED] - Statement - counter = counter + 1: null

2018-12-12 19:30:20 - [TEST_STEP][PASSED] - Statement - PreSaveFile = new java.io.File(((pathPrefix + java.lang.Integer.toString(counter)) + .png)): null

2018-12-12 19:30:20 - [TEST_STEP][PASSED] - Statement - counter = counter + 1: null

2018-12-12 19:30:20 - [TEST_STEP][PASSED] - Statement - PreSaveFile = new java.io.File(((pathPrefix + java.lang.Integer.toString(counter)) + .png)): null

2018-12-12 19:30:20 - [TEST_STEP][PASSED] - Statement - counter = counter + 1: null

2018-12-12 19:30:20 - [TEST_STEP][PASSED] - Statement - PreSaveFile = new java.io.File(((pathPrefix + java.lang.Integer.toString(counter)) + .png)): null

2018-12-12 19:30:20 - [TEST_STEP][PASSED] - Statement - counter = counter + 1: null

2018-12-12 19:30:20 - [TEST_STEP][PASSED] - Statement - PreSaveFile = new java.io.File(((pathPrefix + java.lang.Integer.toString(counter)) + .png)): null

2018-12-12 19:30:20 - [TEST_STEP][PASSED] - Statement - counter = counter + 1: null

2018-12-12 19:30:20 - [TEST_STEP][PASSED] - Statement - PreSaveFile = new java.io.File(((pathPrefix + java.lang.Integer.toString(counter)) + .png)): null

2018-12-12 19:30:20 - [TEST_STEP][PASSED] - Statement - counter = counter + 1: null

2018-12-12 19:30:20 - [TEST_STEP][PASSED] - Statement - PreSaveFile = new java.io.File(((pathPrefix + java.lang.Integer.toString(counter)) + .png)): null

2018-12-12 19:30:20 - [TEST_STEP][PASSED] - Statement - counter = counter + 1: null

2018-12-12 19:30:20 - [TEST_STEP][PASSED] - Statement - PreSaveFile = new java.io.File(((pathPrefix + java.lang.Integer.toString(counter)) + .png)): null

2018-12-12 19:30:20 - [TEST_STEP][PASSED] - Statement - counter = counter + 1: null

2018-12-12 19:30:20 - [TEST_STEP][PASSED] - Statement - PreSaveFile = new java.io.File(((pathPrefix + java.lang.Integer.toString(counter)) + .png)): null

2018-12-12 19:30:20 - [TEST_STEP][PASSED] - Statement - counter = counter + 1: null

2018-12-12 19:30:20 - [TEST_STEP][PASSED] - Statement - PreSaveFile = new java.io.File(((pathPrefix + java.lang.Integer.toString(counter)) + .png)): null

2018-12-12 19:30:20 - [TEST_STEP][PASSED] - Statement - counter = counter + 1: null

2018-12-12 19:30:20 - [TEST_STEP][PASSED] - Statement - PreSaveFile = new java.io.File(((pathPrefix + java.lang.Integer.toString(counter)) + .png)): null

2018-12-12 19:30:20 - [TEST_STEP][PASSED] - Statement - counter = counter + 1: null

2018-12-12 19:30:20 - [TEST_STEP][PASSED] - Statement - PreSaveFile = new java.io.File(((pathPrefix + java.lang.Integer.toString(counter)) + .png)): null

2018-12-12 19:30:20 - [TEST_STEP][PASSED] - Statement - counter = counter + 1: null

2018-12-12 19:30:20 - [TEST_STEP][PASSED] - Statement - PreSaveFile = new java.io.File(((pathPrefix + java.lang.Integer.toString(counter)) + .png)): null

2018-12-12 19:30:20 - [TEST_STEP][PASSED] - Statement - counter = counter + 1: null

2018-12-12 19:30:20 - [TEST_STEP][PASSED] - Statement - PreSaveFile = new java.io.File(((pathPrefix + java.lang.Integer.toString(counter)) + .png)): null

2018-12-12 19:30:20 - [TEST_STEP][PASSED] - Statement - counter = counter + 1: null

2018-12-12 19:30:20 - [TEST_STEP][PASSED] - Statement - PreSaveFile = new java.io.File(((pathPrefix + java.lang.Integer.toString(counter)) + .png)): null

2018-12-12 19:30:20 - [TEST_STEP][PASSED] - Statement - counter = counter + 1: null

2018-12-12 19:30:20 - [TEST_STEP][PASSED] - Statement - PreSaveFile = new java.io.File(((pathPrefix + java.lang.Integer.toString(counter)) + .png)): null

2018-12-12 19:30:20 - [TEST_STEP][PASSED] - Statement - counter = counter + 1: null

2018-12-12 19:30:20 - [TEST_STEP][PASSED] - Statement - PreSaveFile = new java.io.File(((pathPrefix + java.lang.Integer.toString(counter)) + .png)): null

2018-12-12 19:30:20 - [TEST_STEP][PASSED] - Statement - counter = counter + 1: null

2018-12-12 19:30:20 - [TEST_STEP][PASSED] - Statement - PreSaveFile = new java.io.File(((pathPrefix + java.lang.Integer.toString(counter)) + .png)): null

2018-12-12 19:30:20 - [TEST_STEP][PASSED] - Statement - counter = counter + 1: null

2018-12-12 19:30:20 - [TEST_STEP][PASSED] - Statement - PreSaveFile = new java.io.File(((pathPrefix + java.lang.Integer.toString(counter)) + .png)): null

2018-12-12 19:30:20 - [TEST_STEP][PASSED] - Statement - counter = counter + 1: null

2018-12-12 19:30:20 - [TEST_STEP][PASSED] - Statement - PreSaveFile = new java.io.File(((pathPrefix + java.lang.Integer.toString(counter)) + .png)): null

2018-12-12 19:30:20 - [TEST_STEP][PASSED] - Statement - counter = counter + 1: null

2018-12-12 19:30:20 - [TEST_STEP][PASSED] - Statement - PreSaveFile = new java.io.File(((pathPrefix + java.lang.Integer.toString(counter)) + .png)): null

2018-12-12 19:30:20 - [TEST_STEP][PASSED] - Statement - counter = counter + 1: null

2018-12-12 19:30:20 - [TEST_STEP][PASSED] - Statement - PreSaveFile = new java.io.File(((pathPrefix + java.lang.Integer.toString(counter)) + .png)): null

2018-12-12 19:30:20 - [TEST_STEP][PASSED] - Statement - counter = counter + 1: null

2018-12-12 19:30:20 - [TEST_STEP][PASSED] - Statement - PreSaveFile = new java.io.File(((pathPrefix + java.lang.Integer.toString(counter)) + .png)): null

2018-12-12 19:30:20 - [TEST_STEP][PASSED] - Statement - counter = counter + 1: null

2018-12-12 19:30:20 - [TEST_STEP][PASSED] - Statement - PreSaveFile = new java.io.File(((pathPrefix + java.lang.Integer.toString(counter)) + .png)): null

2018-12-12 19:30:20 - [TEST_STEP][PASSED] - Statement - counter = counter + 1: null

2018-12-12 19:30:20 - [TEST_STEP][PASSED] - Statement - PreSaveFile = new java.io.File(((pathPrefix + java.lang.Integer.toString(counter)) + .png)): null

2018-12-12 19:30:20 - [TEST_STEP][PASSED] - Statement - counter = counter + 1: null

2018-12-12 19:30:20 - [TEST_STEP][PASSED] - Statement - PreSaveFile = new java.io.File(((pathPrefix + java.lang.Integer.toString(counter)) + .png)): null

2018-12-12 19:30:20 - [TEST_STEP][PASSED] - Statement - counter = counter + 1: null

2018-12-12 19:30:20 - [TEST_STEP][PASSED] - Statement - PreSaveFile = new java.io.File(((pathPrefix + java.lang.Integer.toString(counter)) + .png)): null

2018-12-12 19:30:20 - [TEST_STEP][PASSED] - Statement - counter = counter + 1: null

2018-12-12 19:30:20 - [TEST_STEP][PASSED] - Statement - PreSaveFile = new java.io.File(((pathPrefix + java.lang.Integer.toString(counter)) + .png)): null

2018-12-12 19:30:20 - [TEST_STEP][PASSED] - Statement - counter = counter + 1: null

2018-12-12 19:30:20 - [TEST_STEP][PASSED] - Statement - PreSaveFile = new java.io.File(((pathPrefix + java.lang.Integer.toString(counter)) + .png)): null

2018-12-12 19:30:20 - [TEST_STEP][PASSED] - Statement - counter = counter + 1: null

2018-12-12 19:30:20 - [TEST_STEP][PASSED] - Statement - PreSaveFile = new java.io.File(((pathPrefix + java.lang.Integer.toString(counter)) + .png)): null

2018-12-12 19:30:20 - [TEST_STEP][PASSED] - Statement - counter = counter + 1: null

2018-12-12 19:30:20 - [TEST_STEP][PASSED] - Statement - PreSaveFile = new java.io.File(((pathPrefix + java.lang.Integer.toString(counter)) + .png)): null

2018-12-12 19:30:20 - [TEST_STEP][PASSED] - Statement - counter = counter + 1: null

2018-12-12 19:30:20 - [TEST_STEP][PASSED] - Statement - PreSaveFile = new java.io.File(((pathPrefix + java.lang.Integer.toString(counter)) + .png)): null

2018-12-12 19:30:20 - [TEST_STEP][PASSED] - Statement - counter = counter + 1: null

2018-12-12 19:30:20 - [TEST_STEP][PASSED] - Statement - PreSaveFile = new java.io.File(((pathPrefix + java.lang.Integer.toString(counter)) + .png)): null

2018-12-12 19:30:20 - [TEST_STEP][PASSED] - Statement - counter = counter + 1: null

2018-12-12 19:30:20 - [TEST_STEP][PASSED] - Statement - PreSaveFile = new java.io.File(((pathPrefix + java.lang.Integer.toString(counter)) + .png)): null

2018-12-12 19:30:20 - [TEST_STEP][PASSED] - Statement - counter = counter + 1: null

2018-12-12 19:30:20 - [TEST_STEP][PASSED] - Statement - PreSaveFile = new java.io.File(((pathPrefix + java.lang.Integer.toString(counter)) + .png)): null

2018-12-12 19:30:20 - [TEST_STEP][PASSED] - Statement - counter = counter + 1: null

2018-12-12 19:30:20 - [TEST_STEP][PASSED] - Statement - PreSaveFile = new java.io.File(((pathPrefix + java.lang.Integer.toString(counter)) + .png)): null

2018-12-12 19:30:20 - [TEST_STEP][PASSED] - Statement - counter = counter + 1: null

2018-12-12 19:30:20 - [TEST_STEP][PASSED] - Statement - PreSaveFile = new java.io.File(((pathPrefix + java.lang.Integer.toString(counter)) + .png)): null

2018-12-12 19:30:20 - [TEST_STEP][PASSED] - Statement - counter = counter + 1: null

2018-12-12 19:30:20 - [TEST_STEP][PASSED] - Statement - PreSaveFile = new java.io.File(((pathPrefix + java.lang.Integer.toString(counter)) + .png)): null

2018-12-12 19:30:20 - [TEST_STEP][PASSED] - Statement - counter = counter + 1: null

2018-12-12 19:30:20 - [TEST_STEP][PASSED] - Statement - PreSaveFile = new java.io.File(((pathPrefix + java.lang.Integer.toString(counter)) + .png)): null

2018-12-12 19:30:20 - [TEST_STEP][PASSED] - Statement - counter = counter + 1: null

2018-12-12 19:30:20 - [TEST_STEP][PASSED] - Statement - PreSaveFile = new java.io.File(((pathPrefix + java.lang.Integer.toString(counter)) + .png)): null

2018-12-12 19:30:20 - [TEST_STEP][PASSED] - Statement - counter = counter + 1: null

2018-12-12 19:30:20 - [TEST_STEP][PASSED] - Statement - PreSaveFile = new java.io.File(((pathPrefix + java.lang.Integer.toString(counter)) + .png)): null

2018-12-12 19:30:20 - [TEST_STEP][PASSED] - Statement - counter = counter + 1: null

2018-12-12 19:30:20 - [TEST_STEP][PASSED] - Statement - PreSaveFile = new java.io.File(((pathPrefix + java.lang.Integer.toString(counter)) + .png)): null

2018-12-12 19:30:20 - [TEST_STEP][PASSED] - Statement - counter = counter + 1: null

2018-12-12 19:30:20 - [TEST_STEP][PASSED] - Statement - PreSaveFile = new java.io.File(((pathPrefix + java.lang.Integer.toString(counter)) + .png)): null

2018-12-12 19:30:20 - [TEST_STEP][PASSED] - Statement - counter = counter + 1: null

2018-12-12 19:30:20 - [TEST_STEP][PASSED] - Statement - PreSaveFile = new java.io.File(((pathPrefix + java.lang.Integer.toString(counter)) + .png)): null

2018-12-12 19:30:20 - [TEST_STEP][PASSED] - Statement - counter = counter + 1: null

2018-12-12 19:30:20 - [TEST_STEP][PASSED] - Statement - PreSaveFile = new java.io.File(((pathPrefix + java.lang.Integer.toString(counter)) + .png)): null

2018-12-12 19:30:20 - [TEST_STEP][PASSED] - Statement - counter = counter + 1: null

2018-12-12 19:30:20 - [TEST_STEP][PASSED] - Statement - PreSaveFile = new java.io.File(((pathPrefix + java.lang.Integer.toString(counter)) + .png)): null

2018-12-12 19:30:20 - [TEST_STEP][PASSED] - Statement - counter = counter + 1: null

2018-12-12 19:30:20 - [TEST_STEP][PASSED] - Statement - PreSaveFile = new java.io.File(((pathPrefix + java.lang.Integer.toString(counter)) + .png)): null

2018-12-12 19:30:20 - [TEST_STEP][PASSED] - Statement - counter = counter + 1: null

2018-12-12 19:30:20 - [TEST_STEP][PASSED] - Statement - PreSaveFile = new java.io.File(((pathPrefix + java.lang.Integer.toString(counter)) + .png)): null

2018-12-12 19:30:20 - [TEST_STEP][PASSED] - Statement - counter = counter + 1: null

2018-12-12 19:30:20 - [TEST_STEP][PASSED] - Statement - PreSaveFile = new java.io.File(((pathPrefix + java.lang.Integer.toString(counter)) + .png)): null

2018-12-12 19:30:20 - [TEST_STEP][PASSED] - Statement - counter = counter + 1: null

2018-12-12 19:30:20 - [TEST_STEP][PASSED] - Statement - PreSaveFile = new java.io.File(((pathPrefix + java.lang.Integer.toString(counter)) + .png)): null

2018-12-12 19:30:20 - [TEST_STEP][PASSED] - Statement - counter = counter + 1: null

2018-12-12 19:30:20 - [TEST_STEP][PASSED] - Statement - PreSaveFile = new java.io.File(((pathPrefix + java.lang.Integer.toString(counter)) + .png)): null

2018-12-12 19:30:20 - [TEST_STEP][PASSED] - Statement - counter = counter + 1: null

2018-12-12 19:30:20 - [TEST_STEP][PASSED] - Statement - PreSaveFile = new java.io.File(((pathPrefix + java.lang.Integer.toString(counter)) + .png)): null

2018-12-12 19:30:20 - [TEST_STEP][PASSED] - Statement - counter = counter + 1: null

2018-12-12 19:30:20 - [TEST_STEP][PASSED] - Statement - PreSaveFile = new java.io.File(((pathPrefix + java.lang.Integer.toString(counter)) + .png)): null

2018-12-12 19:30:20 - [TEST_STEP][PASSED] - Statement - counter = counter + 1: null

2018-12-12 19:30:20 - [TEST_STEP][PASSED] - Statement - PreSaveFile = new java.io.File(((pathPrefix + java.lang.Integer.toString(counter)) + .png)): null

2018-12-12 19:30:20 - [TEST_STEP][PASSED] - Statement - counter = counter + 1: null

2018-12-12 19:30:20 - [TEST_STEP][PASSED] - Statement - PreSaveFile = new java.io.File(((pathPrefix + java.lang.Integer.toString(counter)) + .png)): null

2018-12-12 19:30:20 - [TEST_STEP][PASSED] - Statement - counter = counter + 1: null

2018-12-12 19:30:20 - [TEST_STEP][PASSED] - Statement - PreSaveFile = new java.io.File(((pathPrefix + java.lang.Integer.toString(counter)) + .png)): null

2018-12-12 19:30:20 - [TEST_STEP][PASSED] - Statement - counter = counter + 1: null

2018-12-12 19:30:20 - [TEST_STEP][PASSED] - Statement - PreSaveFile = new java.io.File(((pathPrefix + java.lang.Integer.toString(counter)) + .png)): null

2018-12-12 19:30:20 - [TEST_STEP][PASSED] - Statement - counter = counter + 1: null

2018-12-12 19:30:20 - [TEST_STEP][PASSED] - Statement - PreSaveFile = new java.io.File(((pathPrefix + java.lang.Integer.toString(counter)) + .png)): null

2018-12-12 19:30:20 - [TEST_STEP][PASSED] - Statement - counter = counter + 1: null

2018-12-12 19:30:20 - [TEST_STEP][PASSED] - Statement - PreSaveFile = new java.io.File(((pathPrefix + java.lang.Integer.toString(counter)) + .png)): null

2018-12-12 19:30:20 - [TEST_STEP][PASSED] - Statement - counter = counter + 1: null

2018-12-12 19:30:20 - [TEST_STEP][PASSED] - Statement - PreSaveFile = new java.io.File(((pathPrefix + java.lang.Integer.toString(counter)) + .png)): null

2018-12-12 19:30:20 - [TEST_STEP][PASSED] - Statement - counter = counter + 1: null

2018-12-12 19:30:20 - [TEST_STEP][PASSED] - Statement - PreSaveFile = new java.io.File(((pathPrefix + java.lang.Integer.toString(counter)) + .png)): null

2018-12-12 19:30:20 - [TEST_STEP][PASSED] - Statement - counter = counter + 1: null

2018-12-12 19:30:20 - [TEST_STEP][PASSED] - Statement - PreSaveFile = new java.io.File(((pathPrefix + java.lang.Integer.toString(counter)) + .png)): null

2018-12-12 19:30:20 - [TEST_STEP][PASSED] - Statement - counter = counter + 1: null

2018-12-12 19:30:20 - [TEST_STEP][PASSED] - Statement - PreSaveFile = new java.io.File(((pathPrefix + java.lang.Integer.toString(counter)) + .png)): null

2018-12-12 19:30:20 - [TEST_STEP][PASSED] - Statement - counter = counter + 1: null

2018-12-12 19:30:20 - [TEST_STEP][PASSED] - Statement - PreSaveFile = new java.io.File(((pathPrefix + java.lang.Integer.toString(counter)) + .png)): null

2018-12-12 19:30:20 - [TEST_STEP][PASSED] - Statement - counter = counter + 1: null

2018-12-12 19:30:20 - [TEST_STEP][PASSED] - Statement - PreSaveFile = new java.io.File(((pathPrefix + java.lang.Integer.toString(counter)) + .png)): null

2018-12-12 19:30:20 - [TEST_STEP][PASSED] - Statement - counter = counter + 1: null

2018-12-12 19:30:20 - [TEST_STEP][PASSED] - Statement - PreSaveFile = new java.io.File(((pathPrefix + java.lang.Integer.toString(counter)) + .png)): null

2018-12-12 19:30:20 - [TEST_STEP][PASSED] - Statement - counter = counter + 1: null

2018-12-12 19:30:20 - [TEST_STEP][PASSED] - Statement - PreSaveFile = new java.io.File(((pathPrefix + java.lang.Integer.toString(counter)) + .png)): null

2018-12-12 19:30:20 - [TEST_STEP][PASSED] - Statement - counter = counter + 1: null

2018-12-12 19:30:20 - [TEST_STEP][PASSED] - Statement - PreSaveFile = new java.io.File(((pathPrefix + java.lang.Integer.toString(counter)) + .png)): null

2018-12-12 19:30:20 - [TEST_STEP][PASSED] - Statement - counter = counter + 1: null

2018-12-12 19:30:20 - [TEST_STEP][PASSED] - Statement - PreSaveFile = new java.io.File(((pathPrefix + java.lang.Integer.toString(counter)) + .png)): null

2018-12-12 19:30:20 - [TEST_STEP][PASSED] - Statement - counter = counter + 1: null

2018-12-12 19:30:20 - [TEST_STEP][PASSED] - Statement - PreSaveFile = new java.io.File(((pathPrefix + java.lang.Integer.toString(counter)) + .png)): null

2018-12-12 19:30:20 - [TEST_STEP][PASSED] - Statement - counter = counter + 1: null

2018-12-12 19:30:20 - [TEST_STEP][PASSED] - Statement - PreSaveFile = new java.io.File(((pathPrefix + java.lang.Integer.toString(counter)) + .png)): null

2018-12-12 19:30:20 - [TEST_STEP][PASSED] - Statement - counter = counter + 1: null

2018-12-12 19:30:20 - [TEST_STEP][PASSED] - Statement - PreSaveFile = new java.io.File(((pathPrefix + java.lang.Integer.toString(counter)) + .png)): null

2018-12-12 19:30:20 - [TEST_STEP][PASSED] - Statement - counter = counter + 1: null

2018-12-12 19:30:20 - [TEST_STEP][PASSED] - Statement - PreSaveFile = new java.io.File(((pathPrefix + java.lang.Integer.toString(counter)) + .png)): null

2018-12-12 19:30:20 - [TEST_STEP][PASSED] - Statement - counter = counter + 1: null

2018-12-12 19:30:20 - [TEST_STEP][PASSED] - Statement - PreSaveFile = new java.io.File(((pathPrefix + java.lang.Integer.toString(counter)) + .png)): null

2018-12-12 19:30:20 - [TEST_STEP][PASSED] - Statement - counter = counter + 1: null

2018-12-12 19:30:20 - [TEST_STEP][PASSED] - Statement - PreSaveFile = new java.io.File(((pathPrefix + java.lang.Integer.toString(counter)) + .png)): null

2018-12-12 19:30:20 - [TEST_STEP][PASSED] - Statement - counter = counter + 1: null

2018-12-12 19:30:20 - [TEST_STEP][PASSED] - Statement - PreSaveFile = new java.io.File(((pathPrefix + java.lang.Integer.toString(counter)) + .png)): null

2018-12-12 19:30:20 - [TEST_STEP][PASSED] - Statement - counter = counter + 1: null

2018-12-12 19:30:20 - [TEST_STEP][PASSED] - Statement - PreSaveFile = new java.io.File(((pathPrefix + java.lang.Integer.toString(counter)) + .png)): null

2018-12-12 19:30:20 - [TEST_STEP][PASSED] - Statement - counter = counter + 1: null

2018-12-12 19:30:20 - [TEST_STEP][PASSED] - Statement - PreSaveFile = new java.io.File(((pathPrefix + java.lang.Integer.toString(counter)) + .png)): null

2018-12-12 19:30:20 - [TEST_STEP][PASSED] - Statement - counter = counter + 1: null

2018-12-12 19:30:20 - [TEST_STEP][PASSED] - Statement - PreSaveFile = new java.io.File(((pathPrefix + java.lang.Integer.toString(counter)) + .png)): null

2018-12-12 19:30:20 - [TEST_STEP][PASSED] - Statement - counter = counter + 1: null

2018-12-12 19:30:20 - [TEST_STEP][PASSED] - Statement - PreSaveFile = new java.io.File(((pathPrefix + java.lang.Integer.toString(counter)) + .png)): null

2018-12-12 19:30:20 - [TEST_STEP][PASSED] - Statement - counter = counter + 1: null

2018-12-12 19:30:20 - [TEST_STEP][PASSED] - Statement - PreSaveFile = new java.io.File(((pathPrefix + java.lang.Integer.toString(counter)) + .png)): null

2018-12-12 19:30:20 - [TEST_STEP][PASSED] - Statement - counter = counter + 1: null

2018-12-12 19:30:20 - [TEST_STEP][PASSED] - Statement - PreSaveFile = new java.io.File(((pathPrefix + java.lang.Integer.toString(counter)) + .png)): null

2018-12-12 19:30:20 - [TEST_STEP][PASSED] - Statement - counter = counter + 1: null

2018-12-12 19:30:20 - [TEST_STEP][PASSED] - Statement - PreSaveFile = new java.io.File(((pathPrefix + java.lang.Integer.toString(counter)) + .png)): null

2018-12-12 19:30:20 - [TEST_STEP][PASSED] - Statement - counter = counter + 1: null

2018-12-12 19:30:20 - [TEST_STEP][PASSED] - Statement - PreSaveFile = new java.io.File(((pathPrefix + java.lang.Integer.toString(counter)) + .png)): null

2018-12-12 19:30:20 - [TEST_STEP][PASSED] - Statement - counter = counter + 1: null

2018-12-12 19:30:20 - [TEST_STEP][PASSED] - Statement - PreSaveFile = new java.io.File(((pathPrefix + java.lang.Integer.toString(counter)) + .png)): null

2018-12-12 19:30:20 - [TEST_STEP][PASSED] - Statement - counter = counter + 1: null

2018-12-12 19:30:20 - [TEST_STEP][PASSED] - Statement - PreSaveFile = new java.io.File(((pathPrefix + java.lang.Integer.toString(counter)) + .png)): null

2018-12-12 19:30:20 - [TEST_STEP][PASSED] - Statement - counter = counter + 1: null

2018-12-12 19:30:20 - [TEST_STEP][PASSED] - Statement - PreSaveFile = new java.io.File(((pathPrefix + java.lang.Integer.toString(counter)) + .png)): null

2018-12-12 19:30:20 - [TEST_STEP][PASSED] - Statement - counter = counter + 1: null

2018-12-12 19:30:20 - [TEST_STEP][PASSED] - Statement - PreSaveFile = new java.io.File(((pathPrefix + java.lang.Integer.toString(counter)) + .png)): null

2018-12-12 19:30:20 - [TEST_STEP][PASSED] - Statement - counter = counter + 1: null

2018-12-12 19:30:20 - [TEST_STEP][PASSED] - Statement - PreSaveFile = new java.io.File(((pathPrefix + java.lang.Integer.toString(counter)) + .png)): null

2018-12-12 19:30:20 - [TEST_STEP][PASSED] - Statement - counter = counter + 1: null

2018-12-12 19:30:20 - [TEST_STEP][PASSED] - Statement - PreSaveFile = new java.io.File(((pathPrefix + java.lang.Integer.toString(counter)) + .png)): null

2018-12-12 19:30:20 - [TEST_STEP][PASSED] - Statement - counter = counter + 1: null

2018-12-12 19:30:20 - [TEST_STEP][PASSED] - Statement - PreSaveFile = new java.io.File(((pathPrefix + java.lang.Integer.toString(counter)) + .png)): null

2018-12-12 19:30:20 - [TEST_STEP][PASSED] - Statement - counter = counter + 1: null

2018-12-12 19:30:20 - [TEST_STEP][PASSED] - Statement - PreSaveFile = new java.io.File(((pathPrefix + java.lang.Integer.toString(counter)) + .png)): null

2018-12-12 19:30:20 - [TEST_STEP][PASSED] - Statement - counter = counter + 1: null

2018-12-12 19:30:20 - [TEST_STEP][PASSED] - Statement - PreSaveFile = new java.io.File(((pathPrefix + java.lang.Integer.toString(counter)) + .png)): null

2018-12-12 19:30:20 - [TEST_STEP][PASSED] - Statement - counter = counter + 1: null

2018-12-12 19:30:20 - [TEST_STEP][PASSED] - Statement - PreSaveFile = new java.io.File(((pathPrefix + java.lang.Integer.toString(counter)) + .png)): null

2018-12-12 19:30:20 - [TEST_STEP][PASSED] - Statement - counter = counter + 1: null

2018-12-12 19:30:20 - [TEST_STEP][PASSED] - Statement - PreSaveFile = new java.io.File(((pathPrefix + java.lang.Integer.toString(counter)) + .png)): null

2018-12-12 19:30:20 - [TEST_STEP][PASSED] - Statement - counter = counter + 1: null

2018-12-12 19:30:20 - [TEST_STEP][PASSED] - Statement - PreSaveFile = new java.io.File(((pathPrefix + java.lang.Integer.toString(counter)) + .png)): null

2018-12-12 19:30:20 - [TEST_STEP][PASSED] - Statement - counter = counter + 1: null

2018-12-12 19:30:20 - [TEST_STEP][PASSED] - Statement - PreSaveFile = new java.io.File(((pathPrefix + java.lang.Integer.toString(counter)) + .png)): null

2018-12-12 19:30:20 - [TEST_STEP][PASSED] - Statement - counter = counter + 1: null

2018-12-12 19:30:20 - [TEST_STEP][PASSED] - Statement - PreSaveFile = new java.io.File(((pathPrefix + java.lang.Integer.toString(counter)) + .png)): null

2018-12-12 19:30:20 - [TEST_STEP][PASSED] - Statement - counter = counter + 1: null

2018-12-12 19:30:20 - [TEST_STEP][PASSED] - Statement - PreSaveFile = new java.io.File(((pathPrefix + java.lang.Integer.toString(counter)) + .png)): null

2018-12-12 19:30:20 - [TEST_STEP][PASSED] - Statement - counter = counter + 1: null

2018-12-12 19:30:20 - [TEST_STEP][PASSED] - Statement - PreSaveFile = new java.io.File(((pathPrefix + java.lang.Integer.toString(counter)) + .png)): null

2018-12-12 19:30:20 - [TEST_STEP][PASSED] - Statement - counter = counter + 1: null

2018-12-12 19:30:20 - [TEST_STEP][PASSED] - Statement - PreSaveFile = new java.io.File(((pathPrefix + java.lang.Integer.toString(counter)) + .png)): null

2018-12-12 19:30:20 - [TEST_STEP][PASSED] - Statement - counter = counter + 1: null

2018-12-12 19:30:20 - [TEST_STEP][PASSED] - Statement - PreSaveFile = new java.io.File(((pathPrefix + java.lang.Integer.toString(counter)) + .png)): null

2018-12-12 19:30:20 - [TEST_STEP][PASSED] - Statement - counter = counter + 1: null

2018-12-12 19:30:20 - [TEST_STEP][PASSED] - Statement - PreSaveFile = new java.io.File(((pathPrefix + java.lang.Integer.toString(counter)) + .png)): null

2018-12-12 19:30:20 - [TEST_STEP][PASSED] - Statement - counter = counter + 1: null

2018-12-12 19:30:20 - [TEST_STEP][PASSED] - Statement - PreSaveFile = new java.io.File(((pathPrefix + java.lang.Integer.toString(counter)) + .png)): null

2018-12-12 19:30:20 - [TEST_STEP][PASSED] - Statement - counter = counter + 1: null

2018-12-12 19:30:20 - [TEST_STEP][PASSED] - Statement - PreSaveFile = new java.io.File(((pathPrefix + java.lang.Integer.toString(counter)) + .png)): null

2018-12-12 19:30:20 - [TEST_STEP][PASSED] - Statement - counter = counter + 1: null

2018-12-12 19:30:20 - [TEST_STEP][PASSED] - Statement - PreSaveFile = new java.io.File(((pathPrefix + java.lang.Integer.toString(counter)) + .png)): null

2018-12-12 19:30:20 - [TEST_STEP][PASSED] - Statement - counter = counter + 1: null

2018-12-12 19:30:20 - [TEST_STEP][PASSED] - Statement - PreSaveFile = new java.io.File(((pathPrefix + java.lang.Integer.toString(counter)) + .png)): null

2018-12-12 19:30:20 - [TEST_STEP][PASSED] - Statement - counter = counter + 1: null

2018-12-12 19:30:20 - [TEST_STEP][PASSED] - Statement - PreSaveFile = new java.io.File(((pathPrefix + java.lang.Integer.toString(counter)) + .png)): null

2018-12-12 19:30:20 - [TEST_STEP][PASSED] - Statement - counter = counter + 1: null

2018-12-12 19:30:20 - [TEST_STEP][PASSED] - Statement - PreSaveFile = new java.io.File(((pathPrefix + java.lang.Integer.toString(counter)) + .png)): null

2018-12-12 19:30:20 - [TEST_STEP][PASSED] - Statement - counter = counter + 1: null

2018-12-12 19:30:20 - [TEST_STEP][PASSED] - Statement - PreSaveFile = new java.io.File(((pathPrefix + java.lang.Integer.toString(counter)) + .png)): null

2018-12-12 19:30:20 - [TEST_STEP][PASSED] - Statement - counter = counter + 1: null

2018-12-12 19:30:20 - [TEST_STEP][PASSED] - Statement - PreSaveFile = new java.io.File(((pathPrefix + java.lang.Integer.toString(counter)) + .png)): null

2018-12-12 19:30:20 - [TEST_STEP][PASSED] - Statement - counter = counter + 1: null

2018-12-12 19:30:20 - [TEST_STEP][PASSED] - Statement - PreSaveFile = new java.io.File(((pathPrefix + java.lang.Integer.toString(counter)) + .png)): null

2018-12-12 19:30:20 - [TEST_STEP][PASSED] - Statement - counter = counter + 1: null

2018-12-12 19:30:20 - [TEST_STEP][PASSED] - Statement - PreSaveFile = new java.io.File(((pathPrefix + java.lang.Integer.toString(counter)) + .png)): null

2018-12-12 19:30:20 - [TEST_STEP][PASSED] - Statement - counter = counter + 1: null

2018-12-12 19:30:20 - [TEST_STEP][PASSED] - Statement - PreSaveFile = new java.io.File(((pathPrefix + java.lang.Integer.toString(counter)) + .png)): null

2018-12-12 19:30:20 - [TEST_STEP][PASSED] - Statement - counter = counter + 1: null

2018-12-12 19:30:20 - [TEST_STEP][PASSED] - Statement - PreSaveFile = new java.io.File(((pathPrefix + java.lang.Integer.toString(counter)) + .png)): null

2018-12-12 19:30:20 - [TEST_STEP][PASSED] - Statement - counter = counter + 1: null

2018-12-12 19:30:20 - [TEST_STEP][PASSED] - Statement - PreSaveFile = new java.io.File(((pathPrefix + java.lang.Integer.toString(counter)) + .png)): null

2018-12-12 19:30:20 - [TEST_STEP][PASSED] - Statement - counter = counter + 1: null

2018-12-12 19:30:20 - [TEST_STEP][PASSED] - Statement - PreSaveFile = new java.io.File(((pathPrefix + java.lang.Integer.toString(counter)) + .png)): null

2018-12-12 19:30:20 - [TEST_STEP][PASSED] - Statement - counter = counter + 1: null

2018-12-12 19:30:20 - [TEST_STEP][PASSED] - Statement - PreSaveFile = new java.io.File(((pathPrefix + java.lang.Integer.toString(counter)) + .png)): null

2018-12-12 19:30:20 - [TEST_STEP][PASSED] - Statement - counter = counter + 1: null

2018-12-12 19:30:20 - [TEST_STEP][PASSED] - Statement - PreSaveFile = new java.io.File(((pathPrefix + java.lang.Integer.toString(counter)) + .png)): null

2018-12-12 19:30:20 - [TEST_STEP][PASSED] - Statement - counter = counter + 1: null

2018-12-12 19:30:20 - [TEST_STEP][PASSED] - Statement - PreSaveFile = new java.io.File(((pathPrefix + java.lang.Integer.toString(counter)) + .png)): null

2018-12-12 19:30:20 - [TEST_STEP][PASSED] - Statement - counter = counter + 1: null

2018-12-12 19:30:20 - [TEST_STEP][PASSED] - Statement - PreSaveFile = new java.io.File(((pathPrefix + java.lang.Integer.toString(counter)) + .png)): null

2018-12-12 19:30:20 - [TEST_STEP][PASSED] - Statement - counter = counter + 1: null

2018-12-12 19:30:20 - [TEST_STEP][PASSED] - Statement - PreSaveFile = new java.io.File(((pathPrefix + java.lang.Integer.toString(counter)) + .png)): null

2018-12-12 19:30:20 - [TEST_STEP][PASSED] - Statement - counter = counter + 1: null

2018-12-12 19:30:20 - [TEST_STEP][PASSED] - Statement - PreSaveFile = new java.io.File(((pathPrefix + java.lang.Integer.toString(counter)) + .png)): null

2018-12-12 19:30:20 - [TEST_STEP][PASSED] - Statement - counter = counter + 1: null

2018-12-12 19:30:20 - [TEST_STEP][PASSED] - Statement - PreSaveFile = new java.io.File(((pathPrefix + java.lang.Integer.toString(counter)) + .png)): null

2018-12-12 19:30:20 - [TEST_STEP][PASSED] - Statement - counter = counter + 1: null

2018-12-12 19:30:20 - [TEST_STEP][PASSED] - Statement - PreSaveFile = new java.io.File(((pathPrefix + java.lang.Integer.toString(counter)) + .png)): null

2018-12-12 19:30:20 - [TEST_STEP][PASSED] - Statement - counter = counter + 1: null

2018-12-12 19:30:20 - [TEST_STEP][PASSED] - Statement - PreSaveFile = new java.io.File(((pathPrefix + java.lang.Integer.toString(counter)) + .png)): null

2018-12-12 19:30:20 - [TEST_STEP][PASSED] - Statement - counter = counter + 1: null

2018-12-12 19:30:20 - [TEST_STEP][PASSED] - Statement - PreSaveFile = new java.io.File(((pathPrefix + java.lang.Integer.toString(counter)) + .png)): null

2018-12-12 19:30:20 - [TEST_STEP][PASSED] - Statement - counter = counter + 1: null

2018-12-12 19:30:20 - [TEST_STEP][PASSED] - Statement - PreSaveFile = new java.io.File(((pathPrefix + java.lang.Integer.toString(counter)) + .png)): null

2018-12-12 19:30:20 - [TEST_STEP][PASSED] - Statement - counter = counter + 1: null

2018-12-12 19:30:20 - [TEST_STEP][PASSED] - Statement - PreSaveFile = new java.io.File(((pathPrefix + java.lang.Integer.toString(counter)) + .png)): null

2018-12-12 19:30:20 - [TEST_STEP][PASSED] - Statement - counter = counter + 1: null

2018-12-12 19:30:20 - [TEST_STEP][PASSED] - Statement - PreSaveFile = new java.io.File(((pathPrefix + java.lang.Integer.toString(counter)) + .png)): null

2018-12-12 19:30:20 - [TEST_STEP][PASSED] - Statement - counter = counter + 1: null

2018-12-12 19:30:20 - [TEST_STEP][PASSED] - Statement - PreSaveFile = new java.io.File(((pathPrefix + java.lang.Integer.toString(counter)) + .png)): null

2018-12-12 19:30:20 - [TEST_STEP][PASSED] - Statement - counter = counter + 1: null

2018-12-12 19:30:20 - [TEST_STEP][PASSED] - Statement - PreSaveFile = new java.io.File(((pathPrefix + java.lang.Integer.toString(counter)) + .png)): null

2018-12-12 19:30:20 - [TEST_STEP][PASSED] - Statement - counter = counter + 1: null

2018-12-12 19:30:20 - [TEST_STEP][PASSED] - Statement - PreSaveFile = new java.io.File(((pathPrefix + java.lang.Integer.toString(counter)) + .png)): null

2018-12-12 19:30:20 - [TEST_STEP][PASSED] - Statement - counter = counter + 1: null

2018-12-12 19:30:20 - [TEST_STEP][PASSED] - Statement - PreSaveFile = new java.io.File(((pathPrefix + java.lang.Integer.toString(counter)) + .png)): null

2018-12-12 19:30:20 - [TEST_STEP][PASSED] - Statement - counter = counter + 1: null

2018-12-12 19:30:20 - [TEST_STEP][PASSED] - Statement - PreSaveFile = new java.io.File(((pathPrefix + java.lang.Integer.toString(counter)) + .png)): null

2018-12-12 19:30:20 - [TEST_STEP][PASSED] - Statement - counter = counter + 1: null

2018-12-12 19:30:20 - [TEST_STEP][PASSED] - Statement - PreSaveFile = new java.io.File(((pathPrefix + java.lang.Integer.toString(counter)) + .png)): null

2018-12-12 19:30:20 - [TEST_STEP][PASSED] - Statement - counter = counter + 1: null

2018-12-12 19:30:20 - [TEST_STEP][PASSED] - Statement - PreSaveFile = new java.io.File(((pathPrefix + java.lang.Integer.toString(counter)) + .png)): null

2018-12-12 19:30:20 - [TEST_STEP][PASSED] - Statement - counter = counter + 1: null

2018-12-12 19:30:20 - [TEST_STEP][PASSED] - Statement - PreSaveFile = new java.io.File(((pathPrefix + java.lang.Integer.toString(counter)) + .png)): null

2018-12-12 19:30:20 - [TEST_STEP][PASSED] - Statement - counter = counter + 1: null

2018-12-12 19:30:20 - [TEST_STEP][PASSED] - Statement - PreSaveFile = new java.io.File(((pathPrefix + java.lang.Integer.toString(counter)) + .png)): null

2018-12-12 19:30:20 - [TEST_STEP][PASSED] - Statement - counter = counter + 1: null

2018-12-12 19:30:20 - [TEST_STEP][PASSED] - Statement - PreSaveFile = new java.io.File(((pathPrefix + java.lang.Integer.toString(counter)) + .png)): null

2018-12-12 19:30:20 - [TEST_STEP][PASSED] - Statement - counter = counter + 1: null

2018-12-12 19:30:20 - [TEST_STEP][PASSED] - Statement - PreSaveFile = new java.io.File(((pathPrefix + java.lang.Integer.toString(counter)) + .png)): null

2018-12-12 19:30:20 - [TEST_STEP][PASSED] - Statement - counter = counter + 1: null

2018-12-12 19:30:20 - [TEST_STEP][PASSED] - Statement - PreSaveFile = new java.io.File(((pathPrefix + java.lang.Integer.toString(counter)) + .png)): null

2018-12-12 19:30:20 - [TEST_STEP][PASSED] - Statement - counter = counter + 1: null

2018-12-12 19:30:20 - [TEST_STEP][PASSED] - Statement - PreSaveFile = new java.io.File(((pathPrefix + java.lang.Integer.toString(counter)) + .png)): null

2018-12-12 19:30:20 - [TEST_STEP][PASSED] - Statement - counter = counter + 1: null

2018-12-12 19:30:20 - [TEST_STEP][PASSED] - Statement - PreSaveFile = new java.io.File(((pathPrefix + java.lang.Integer.toString(counter)) + .png)): null

2018-12-12 19:30:20 - [TEST_STEP][PASSED] - Statement - counter = counter + 1: null

2018-12-12 19:30:20 - [TEST_STEP][PASSED] - Statement - PreSaveFile = new java.io.File(((pathPrefix + java.lang.Integer.toString(counter)) + .png)): null

2018-12-12 19:30:20 - [TEST_STEP][PASSED] - Statement - counter = counter + 1: null

2018-12-12 19:30:20 - [TEST_STEP][PASSED] - Statement - PreSaveFile = new java.io.File(((pathPrefix + java.lang.Integer.toString(counter)) + .png)): null

2018-12-12 19:30:20 - [TEST_STEP][PASSED] - Statement - counter = counter + 1: null

2018-12-12 19:30:20 - [TEST_STEP][PASSED] - Statement - PreSaveFile = new java.io.File(((pathPrefix + java.lang.Integer.toString(counter)) + .png)): null

2018-12-12 19:30:20 - [TEST_STEP][PASSED] - Statement - counter = counter + 1: null

2018-12-12 19:30:20 - [TEST_STEP][PASSED] - Statement - PreSaveFile = new java.io.File(((pathPrefix + java.lang.Integer.toString(counter)) + .png)): null

2018-12-12 19:30:20 - [TEST_STEP][PASSED] - Statement - counter = counter + 1: null

2018-12-12 19:30:20 - [TEST_STEP][PASSED] - Statement - PreSaveFile = new java.io.File(((pathPrefix + java.lang.Integer.toString(counter)) + .png)): null

2018-12-12 19:30:20 - [TEST_STEP][PASSED] - Statement - counter = counter + 1: null

2018-12-12 19:30:20 - [TEST_STEP][PASSED] - Statement - PreSaveFile = new java.io.File(((pathPrefix + java.lang.Integer.toString(counter)) + .png)): null

2018-12-12 19:30:20 - [TEST_STEP][PASSED] - Statement - counter = counter + 1: null

2018-12-12 19:30:20 - [TEST_STEP][PASSED] - Statement - PreSaveFile = new java.io.File(((pathPrefix + java.lang.Integer.toString(counter)) + .png)): null

2018-12-12 19:30:20 - [TEST_STEP][PASSED] - Statement - counter = counter + 1: null

2018-12-12 19:30:20 - [TEST_STEP][PASSED] - Statement - PreSaveFile = new java.io.File(((pathPrefix + java.lang.Integer.toString(counter)) + .png)): null

2018-12-12 19:30:20 - [TEST_STEP][PASSED] - Statement - counter = counter + 1: null

2018-12-12 19:30:20 - [TEST_STEP][PASSED] - Statement - PreSaveFile = new java.io.File(((pathPrefix + java.lang.Integer.toString(counter)) + .png)): null

2018-12-12 19:30:20 - [TEST_STEP][PASSED] - Statement - counter = counter + 1: null

2018-12-12 19:30:20 - [TEST_STEP][PASSED] - Statement - PreSaveFile = new java.io.File(((pathPrefix + java.lang.Integer.toString(counter)) + .png)): null

2018-12-12 19:30:20 - [TEST_STEP][PASSED] - Statement - counter = counter + 1: null

2018-12-12 19:30:20 - [TEST_STEP][PASSED] - Statement - PreSaveFile = new java.io.File(((pathPrefix + java.lang.Integer.toString(counter)) + .png)): null

2018-12-12 19:30:20 - [TEST_STEP][PASSED] - Statement - counter = counter + 1: null

2018-12-12 19:30:20 - [TEST_STEP][PASSED] - Statement - PreSaveFile = new java.io.File(((pathPrefix + java.lang.Integer.toString(counter)) + .png)): null

2018-12-12 19:30:20 - [TEST_STEP][PASSED] - Statement - counter = counter + 1: null

2018-12-12 19:30:20 - [TEST_STEP][PASSED] - Statement - PreSaveFile = new java.io.File(((pathPrefix + java.lang.Integer.toString(counter)) + .png)): null

2018-12-12 19:30:20 - [TEST_STEP][PASSED] - Statement - counter = counter + 1: null

2018-12-12 19:30:20 - [TEST_STEP][PASSED] - Statement - PreSaveFile = new java.io.File(((pathPrefix + java.lang.Integer.toString(counter)) + .png)): null

2018-12-12 19:30:20 - [TEST_STEP][PASSED] - Statement - counter = counter + 1: null

2018-12-12 19:30:20 - [TEST_STEP][PASSED] - Statement - PreSaveFile = new java.io.File(((pathPrefix + java.lang.Integer.toString(counter)) + .png)): null

2018-12-12 19:30:20 - [TEST_STEP][PASSED] - Statement - counter = counter + 1: null

2018-12-12 19:30:20 - [TEST_STEP][PASSED] - Statement - PreSaveFile = new java.io.File(((pathPrefix + java.lang.Integer.toString(counter)) + .png)): null

2018-12-12 19:30:20 - [TEST_STEP][PASSED] - Statement - counter = counter + 1: null

2018-12-12 19:30:20 - [TEST_STEP][PASSED] - Statement - PreSaveFile = new java.io.File(((pathPrefix + java.lang.Integer.toString(counter)) + .png)): null

2018-12-12 19:30:20 - [TEST_STEP][PASSED] - Statement - counter = counter + 1: null

2018-12-12 19:30:20 - [TEST_STEP][PASSED] - Statement - PreSaveFile = new java.io.File(((pathPrefix + java.lang.Integer.toString(counter)) + .png)): null

2018-12-12 19:30:20 - [TEST_STEP][PASSED] - Statement - counter = counter + 1: null

2018-12-12 19:30:20 - [TEST_STEP][PASSED] - Statement - PreSaveFile = new java.io.File(((pathPrefix + java.lang.Integer.toString(counter)) + .png)): null

2018-12-12 19:30:20 - [TEST_STEP][PASSED] - Statement - counter = counter + 1: null

2018-12-12 19:30:20 - [TEST_STEP][PASSED] - Statement - PreSaveFile = new java.io.File(((pathPrefix + java.lang.Integer.toString(counter)) + .png)): null

2018-12-12 19:30:20 - [TEST_STEP][PASSED] - Statement - counter = counter + 1: null

2018-12-12 19:30:20 - [TEST_STEP][PASSED] - Statement - PreSaveFile = new java.io.File(((pathPrefix + java.lang.Integer.toString(counter)) + .png)): null

2018-12-12 19:30:20 - [TEST_STEP][PASSED] - Statement - counter = counter + 1: null

2018-12-12 19:30:20 - [TEST_STEP][PASSED] - Statement - PreSaveFile = new java.io.File(((pathPrefix + java.lang.Integer.toString(counter)) + .png)): null

2018-12-12 19:30:20 - [TEST_STEP][PASSED] - Statement - counter = counter + 1: null

2018-12-12 19:30:20 - [TEST_STEP][PASSED] - Statement - PreSaveFile = new java.io.File(((pathPrefix + java.lang.Integer.toString(counter)) + .png)): null

2018-12-12 19:30:20 - [TEST_STEP][PASSED] - Statement - counter = counter + 1: null

2018-12-12 19:30:20 - [TEST_STEP][PASSED] - Statement - PreSaveFile = new java.io.File(((pathPrefix + java.lang.Integer.toString(counter)) + .png)): null

2018-12-12 19:30:20 - [TEST_STEP][PASSED] - Statement - counter = counter + 1: null

2018-12-12 19:30:20 - [TEST_STEP][PASSED] - Statement - PreSaveFile = new java.io.File(((pathPrefix + java.lang.Integer.toString(counter)) + .png)): null

2018-12-12 19:30:20 - [TEST_STEP][PASSED] - Statement - finalPath = pathPrefix + java.lang.Integer.toString(counter) + ".png": null

2018-12-12 19:30:20 - [TEST_STEP][PASSED] - Statement - SaveFile = new java.io.File(finalPath): null

2018-12-12 19:30:20 - [TEST_STEP][PASSED] - Statement - Try: null

2018-12-12 19:30:20 - [TEST_STEP][PASSED] - Statement - org.apache.commons.io.FileUtils.copyFile(scrFile, SaveFile): null

2018-12-12 19:30:20 - [TEST_STEP][PASSED] - Statement - out.println("file kept"): null

2018-12-12 19:30:20 - [TEST_STEP][PASSED] - delay: Delayed 10 second(s)

2018-12-12 19:30:30 - [MESSAGE][PASSED] - Delayed 10 second(s)

2018-12-12 19:30:30 - [MESSAGE][PASSED] - Call Test Case 'Test Cases/Final Aug 2018 - PKS Automation/Registration Module/New Registration/Submit and Screenshot/Submit Registration and Screenshot' successfully

2018-12-12 19:30:30 - [TEST_STEP][PASSED] - callTestCase: Call Test Case 'Test Cases/Final Aug 2018 - PKS Automation/Registration Module/Log Out/log out avoiding katalon tagging' successfully

2018-12-12 19:30:30 - [TEST_CASE][PASSED] - Test Cases/Final Aug 2018 - PKS Automation/Registration Module/Log Out/log out avoiding katalon tagging: Test Cases/Final Aug 2018 - PKS Automation/Registration Module/Log Out/log out avoiding katalon tagging

2018-12-12 19:30:30 - [TEST_STEP][PASSED] - navigateToUrl: Navigate to 'https://assist2-uat.perkeso.gov.my/c/portal/logout' successfully

2018-12-12 19:30:31 - [MESSAGE][PASSED] - Navigate to 'https://assist2-uat.perkeso.gov.my/c/portal/logout' successfully

2018-12-12 19:30:31 - [MESSAGE][PASSED] - Call Test Case 'Test Cases/Final Aug 2018 - PKS Automation/Registration Module/Log Out/log out avoiding katalon tagging' successfully]]></system-out>
         <system-err><![CDATA[]]></system-err>
      </testcase>
      <testcase name="Test Cases/Final Aug 2018 - PKS Automation/Registration Module/Workflow/New Registration/Employer to RO - Query - Submit" classname="Test Cases/Final Aug 2018 - PKS Automation/Registration Module/Workflow/New Registration/Employer to RO - Query - Submit" status="FAILED">
         <failure type="FAILED" message="(Stack trace: com.kms.katalon.core.exception.StepFailedException: Unable to set text 'CRN12201800123232' of object 'Object Repository/Final Object Repo/New Registration - Registration Module Pages/New Reg - OTC to RO/Special Case - All Related Objects/TextBox RefNo in Workbasket' (Root cause: org.openqa.selenium.ElementNotVisibleException: element not interactable
  (Session info: chrome=70.0.3538.110)
  (Driver info: chromedriver=2.43.600210 (68dcf5eebde37173d4027fa8635e332711d2874a),platform=Windows NT 6.1.7601 SP1 x86_64) (WARNING: The server did not provide any stacktrace information)
Command duration or timeout: 0 milliseconds
Build info: version: '3.7.1', revision: '8a0099a', time: '2017-11-06T21:07:36.161Z'
System info: host: 'WIN7TEST02', ip: '10.20.3.72', os.name: 'Windows 7', os.arch: 'amd64', os.version: '6.1', java.version: '1.8.0_181'
Driver info: com.kms.katalon.selenium.driver.CChromeDriver
Capabilities {acceptInsecureCerts: false, acceptSslCerts: false, applicationCacheEnabled: false, browserConnectionEnabled: false, browserName: chrome, chrome: {chromedriverVersion: 2.43.600210 (68dcf5eebde371..., userDataDir: C:\Users\Admin\AppData\Loca...}, cssSelectorsEnabled: true, databaseEnabled: false, goog:chromeOptions: {debuggerAddress: localhost:55712}, handlesAlerts: true, hasTouchScreen: false, javascriptEnabled: true, locationContextEnabled: true, mobileEmulationEnabled: false, nativeEvents: true, networkConnectionEnabled: false, pageLoadStrategy: normal, platform: XP, platformName: XP, rotatable: false, setWindowRect: true, takesHeapSnapshot: true, takesScreenshot: true, unexpectedAlertBehaviour: , unhandledPromptBehavior: , version: 70.0.3538.110, webStorageEnabled: true}
Session ID: d9541a05d4f55754aacbb98e79647572)
	at com.kms.katalon.core.keyword.internal.KeywordMain.stepFailed(KeywordMain.groovy:32)
	at com.kms.katalon.core.webui.keyword.internal.WebUIKeywordMain.stepFailed(WebUIKeywordMain.groovy:65)
	at com.kms.katalon.core.webui.keyword.internal.WebUIKeywordMain.runKeyword(WebUIKeywordMain.groovy:27)
	at com.kms.katalon.core.webui.keyword.builtin.SetTextKeyword.setText(SetTextKeyword.groovy:65)
	at com.kms.katalon.core.webui.keyword.builtin.SetTextKeyword.execute(SetTextKeyword.groovy:37)
	at com.kms.katalon.core.keyword.internal.KeywordExecutor.executeKeywordForPlatform(KeywordExecutor.groovy:53)
	at com.kms.katalon.core.webui.keyword.WebUiBuiltInKeywords.setText(WebUiBuiltInKeywords.groovy:950)
	at com.kms.katalon.core.webui.keyword.WebUiBuiltInKeywords$setText$1.call(Unknown Source)
	at org.codehaus.groovy.runtime.callsite.CallSiteArray.defaultCall(CallSiteArray.java:48)
	at org.codehaus.groovy.runtime.callsite.AbstractCallSite.call(AbstractCallSite.java:113)
	at org.codehaus.groovy.runtime.callsite.AbstractCallSite.call(AbstractCallSite.java:133)
	at Script1537248112379.run(Script1537248112379.groovy:87)
	at com.kms.katalon.core.main.ScriptEngine.run(ScriptEngine.java:183)
	at com.kms.katalon.core.main.ScriptEngine.runScriptAsRawText(ScriptEngine.java:108)
	at com.kms.katalon.core.main.TestCaseExecutor.runScript(TestCaseExecutor.java:294)
	at com.kms.katalon.core.main.TestCaseExecutor.doExecute(TestCaseExecutor.java:285)
	at com.kms.katalon.core.main.TestCaseExecutor.processExecutionPhase(TestCaseExecutor.java:264)
	at com.kms.katalon.core.main.TestCaseExecutor.accessMainPhase(TestCaseExecutor.java:256)
	at com.kms.katalon.core.main.TestCaseExecutor.execute(TestCaseExecutor.java:200)
	at com.kms.katalon.core.main.TestSuiteExecutor.accessTestCaseMainPhase(TestSuiteExecutor.java:129)
	at com.kms.katalon.core.main.TestSuiteExecutor.accessTestSuiteMainPhase(TestSuiteExecutor.java:112)
	at com.kms.katalon.core.main.TestSuiteExecutor.execute(TestSuiteExecutor.java:81)
	at com.kms.katalon.core.main.TestCaseMain.startTestSuite(TestCaseMain.java:142)
	at com.kms.katalon.core.main.TestCaseMain$startTestSuite$0.call(Unknown Source)
	at org.codehaus.groovy.runtime.callsite.CallSiteArray.defaultCall(CallSiteArray.java:48)
	at org.codehaus.groovy.runtime.callsite.AbstractCallSite.call(AbstractCallSite.java:113)
	at org.codehaus.groovy.runtime.callsite.AbstractCallSite.call(AbstractCallSite.java:141)
	at TempTestSuite1544598049714.run(TempTestSuite1544598049714.groovy:36)
	at groovy.lang.GroovyShell.runScriptOrMainOrTestOrRunnable(GroovyShell.java:263)
	at groovy.lang.GroovyShell.run(GroovyShell.java:518)
	at groovy.lang.GroovyShell.run(GroovyShell.java:507)
	at groovy.ui.GroovyMain.processOnce(GroovyMain.java:653)
	at groovy.ui.GroovyMain.run(GroovyMain.java:384)
	at groovy.ui.GroovyMain.process(GroovyMain.java:370)
	at groovy.ui.GroovyMain.processArgs(GroovyMain.java:129)
	at groovy.ui.GroovyMain.main(GroovyMain.java:109)
	at sun.reflect.NativeMethodAccessorImpl.invoke0(Native Method)
	at sun.reflect.NativeMethodAccessorImpl.invoke(NativeMethodAccessorImpl.java:62)
	at sun.reflect.DelegatingMethodAccessorImpl.invoke(DelegatingMethodAccessorImpl.java:43)
	at java.lang.reflect.Method.invoke(Method.java:498)
	at org.codehaus.groovy.tools.GroovyStarter.rootLoader(GroovyStarter.java:109)
	at org.codehaus.groovy.tools.GroovyStarter.main(GroovyStarter.java:131)
)"/>
         <system-out><![CDATA[2018-12-12 19:30:31 - [TEST_CASE][FAILED] - Test Cases/Final Aug 2018 - PKS Automation/Registration Module/Workflow/New Registration/Employer to RO - Query - Submit: Test Cases/Final Aug 2018 - PKS Automation/Registration Module/Workflow/New Registration/Employer to RO - Query - Submit FAILED because (of) (Stack trace: com.kms.katalon.core.exception.StepFailedException: Unable to set text 'CRN12201800123232' of object 'Object Repository/Final Object Repo/New Registration - Registration Module Pages/New Reg - OTC to RO/Special Case - All Related Objects/TextBox RefNo in Workbasket' (Root cause: org.openqa.selenium.ElementNotVisibleException: element not interactable
  (Session info: chrome=70.0.3538.110)
  (Driver info: chromedriver=2.43.600210 (68dcf5eebde37173d4027fa8635e332711d2874a),platform=Windows NT 6.1.7601 SP1 x86_64) (WARNING: The server did not provide any stacktrace information)
Command duration or timeout: 0 milliseconds
Build info: version: '3.7.1', revision: '8a0099a', time: '2017-11-06T21:07:36.161Z'
System info: host: 'WIN7TEST02', ip: '10.20.3.72', os.name: 'Windows 7', os.arch: 'amd64', os.version: '6.1', java.version: '1.8.0_181'
Driver info: com.kms.katalon.selenium.driver.CChromeDriver
Capabilities {acceptInsecureCerts: false, acceptSslCerts: false, applicationCacheEnabled: false, browserConnectionEnabled: false, browserName: chrome, chrome: {chromedriverVersion: 2.43.600210 (68dcf5eebde371..., userDataDir: C:\Users\Admin\AppData\Loca...}, cssSelectorsEnabled: true, databaseEnabled: false, goog:chromeOptions: {debuggerAddress: localhost:55712}, handlesAlerts: true, hasTouchScreen: false, javascriptEnabled: true, locationContextEnabled: true, mobileEmulationEnabled: false, nativeEvents: true, networkConnectionEnabled: false, pageLoadStrategy: normal, platform: XP, platformName: XP, rotatable: false, setWindowRect: true, takesHeapSnapshot: true, takesScreenshot: true, unexpectedAlertBehaviour: , unhandledPromptBehavior: , version: 70.0.3538.110, webStorageEnabled: true}
Session ID: d9541a05d4f55754aacbb98e79647572)
	at com.kms.katalon.core.keyword.internal.KeywordMain.stepFailed(KeywordMain.groovy:32)
	at com.kms.katalon.core.webui.keyword.internal.WebUIKeywordMain.stepFailed(WebUIKeywordMain.groovy:65)
	at com.kms.katalon.core.webui.keyword.internal.WebUIKeywordMain.runKeyword(WebUIKeywordMain.groovy:27)
	at com.kms.katalon.core.webui.keyword.builtin.SetTextKeyword.setText(SetTextKeyword.groovy:65)
	at com.kms.katalon.core.webui.keyword.builtin.SetTextKeyword.execute(SetTextKeyword.groovy:37)
	at com.kms.katalon.core.keyword.internal.KeywordExecutor.executeKeywordForPlatform(KeywordExecutor.groovy:53)
	at com.kms.katalon.core.webui.keyword.WebUiBuiltInKeywords.setText(WebUiBuiltInKeywords.groovy:950)
	at com.kms.katalon.core.webui.keyword.WebUiBuiltInKeywords$setText$1.call(Unknown Source)
	at org.codehaus.groovy.runtime.callsite.CallSiteArray.defaultCall(CallSiteArray.java:48)
	at org.codehaus.groovy.runtime.callsite.AbstractCallSite.call(AbstractCallSite.java:113)
	at org.codehaus.groovy.runtime.callsite.AbstractCallSite.call(AbstractCallSite.java:133)
	at Script1537248112379.run(Script1537248112379.groovy:87)
	at com.kms.katalon.core.main.ScriptEngine.run(ScriptEngine.java:183)
	at com.kms.katalon.core.main.ScriptEngine.runScriptAsRawText(ScriptEngine.java:108)
	at com.kms.katalon.core.main.TestCaseExecutor.runScript(TestCaseExecutor.java:294)
	at com.kms.katalon.core.main.TestCaseExecutor.doExecute(TestCaseExecutor.java:285)
	at com.kms.katalon.core.main.TestCaseExecutor.processExecutionPhase(TestCaseExecutor.java:264)
	at com.kms.katalon.core.main.TestCaseExecutor.accessMainPhase(TestCaseExecutor.java:256)
	at com.kms.katalon.core.main.TestCaseExecutor.execute(TestCaseExecutor.java:200)
	at com.kms.katalon.core.main.TestSuiteExecutor.accessTestCaseMainPhase(TestSuiteExecutor.java:129)
	at com.kms.katalon.core.main.TestSuiteExecutor.accessTestSuiteMainPhase(TestSuiteExecutor.java:112)
	at com.kms.katalon.core.main.TestSuiteExecutor.execute(TestSuiteExecutor.java:81)
	at com.kms.katalon.core.main.TestCaseMain.startTestSuite(TestCaseMain.java:142)
	at com.kms.katalon.core.main.TestCaseMain$startTestSuite$0.call(Unknown Source)
	at org.codehaus.groovy.runtime.callsite.CallSiteArray.defaultCall(CallSiteArray.java:48)
	at org.codehaus.groovy.runtime.callsite.AbstractCallSite.call(AbstractCallSite.java:113)
	at org.codehaus.groovy.runtime.callsite.AbstractCallSite.call(AbstractCallSite.java:141)
	at TempTestSuite1544598049714.run(TempTestSuite1544598049714.groovy:36)
	at groovy.lang.GroovyShell.runScriptOrMainOrTestOrRunnable(GroovyShell.java:263)
	at groovy.lang.GroovyShell.run(GroovyShell.java:518)
	at groovy.lang.GroovyShell.run(GroovyShell.java:507)
	at groovy.ui.GroovyMain.processOnce(GroovyMain.java:653)
	at groovy.ui.GroovyMain.run(GroovyMain.java:384)
	at groovy.ui.GroovyMain.process(GroovyMain.java:370)
	at groovy.ui.GroovyMain.processArgs(GroovyMain.java:129)
	at groovy.ui.GroovyMain.main(GroovyMain.java:109)
	at sun.reflect.NativeMethodAccessorImpl.invoke0(Native Method)
	at sun.reflect.NativeMethodAccessorImpl.invoke(NativeMethodAccessorImpl.java:62)
	at sun.reflect.DelegatingMethodAccessorImpl.invoke(DelegatingMethodAccessorImpl.java:43)
	at java.lang.reflect.Method.invoke(Method.java:498)
	at org.codehaus.groovy.tools.GroovyStarter.rootLoader(GroovyStarter.java:109)
	at org.codehaus.groovy.tools.GroovyStarter.main(GroovyStarter.java:131)
)

2018-12-12 19:30:31 - [TEST_STEP][PASSED] - callTestCase: Call Test Case 'Test Cases/Final Aug 2018 - PKS Automation/Registration Module/Workflow/New Registration/Template/Special Case - Employer - Form 1' successfully

2018-12-12 19:30:31 - [TEST_CASE][PASSED] - Test Cases/Final Aug 2018 - PKS Automation/Registration Module/Workflow/New Registration/Template/Special Case - Employer - Form 1: Test Cases/Final Aug 2018 - PKS Automation/Registration Module/Workflow/New Registration/Template/Special Case - Employer - Form 1

2018-12-12 19:30:32 - [TEST_STEP][PASSED] - callTestCase: Call Test Case 'Test Cases/Final Aug 2018 - PKS Automation/Create Employer Acc/Create Employer Account' successfully

2018-12-12 19:30:32 - [TEST_CASE][PASSED] - Test Cases/Final Aug 2018 - PKS Automation/Create Employer Acc/Create Employer Account: Test Cases/Final Aug 2018 - PKS Automation/Create Employer Acc/Create Employer Account

2018-12-12 19:30:32 - [TEST_STEP][PASSED] - callTestCase: Call Test Case 'Test Cases/Final Aug 2018 - PKS Automation/Create Employer Acc/Template/Register Employer' successfully

2018-12-12 19:30:32 - [TEST_CASE][PASSED] - Test Cases/Final Aug 2018 - PKS Automation/Create Employer Acc/Template/Register Employer: Test Cases/Final Aug 2018 - PKS Automation/Create Employer Acc/Template/Register Employer

2018-12-12 19:30:32 - [TEST_STEP][PASSED] - openBrowser: Browser is opened with url: ''

2018-12-12 19:30:32 - [MESSAGE][WARNING] - A browser is already opened. Closing browser and opening a new one

2018-12-12 19:30:36 - [MESSAGE][PASSED] - Browser is opened with url: ''

2018-12-12 19:30:36 - [TEST_STEP][PASSED] - navigateToUrl: Navigate to 'https://assist2-uat.perkeso.gov.my/login' successfully

2018-12-12 19:30:37 - [MESSAGE][PASSED] - Navigate to 'https://assist2-uat.perkeso.gov.my/login' successfully

2018-12-12 19:30:37 - [TEST_STEP][PASSED] - setText: Text 'johorotc1@gmail.com' is set on object 'Object Repository/Final Object Repo/Login Page/Internal User/Email Address'

2018-12-12 19:30:38 - [MESSAGE][PASSED] - Text 'johorotc1@gmail.com' is set on object 'Object Repository/Final Object Repo/Login Page/Internal User/Email Address'

2018-12-12 19:30:38 - [TEST_STEP][PASSED] - click: Object: 'Object Repository/Final Object Repo/Login Page/Internal User/Next Button' is clicked on

2018-12-12 19:30:38 - [MESSAGE][PASSED] - Object: 'Object Repository/Final Object Repo/Login Page/Internal User/Next Button' is clicked on

2018-12-12 19:30:38 - [TEST_STEP][PASSED] - delay: Delayed 1 second(s)

2018-12-12 19:30:39 - [MESSAGE][PASSED] - Delayed 1 second(s)

2018-12-12 19:30:39 - [TEST_STEP][PASSED] - setEncryptedText: Text ****** has been set on object 'Object Repository/Final Object Repo/Login Page/Internal User/Password'

2018-12-12 19:30:39 - [MESSAGE][PASSED] - Text ****** has been set on object 'Object Repository/Final Object Repo/Login Page/Internal User/Password'

2018-12-12 19:30:39 - [TEST_STEP][PASSED] - click: Object: 'Object Repository/Final Object Repo/Login Page/Internal User/Login Button' is clicked on

2018-12-12 19:30:39 - [MESSAGE][PASSED] - Object: 'Object Repository/Final Object Repo/Login Page/Internal User/Login Button' is clicked on

2018-12-12 19:30:39 - [TEST_STEP][PASSED] - delay: Delayed 1 second(s)

2018-12-12 19:30:40 - [MESSAGE][PASSED] - Delayed 1 second(s)

2018-12-12 19:30:40 - [TEST_STEP][PASSED] - navigateToUrl: Navigate to 'https://assist2-uat.perkeso.gov.my/web/base/portal-id/registration' successfully

2018-12-12 19:30:43 - [MESSAGE][PASSED] - Navigate to 'https://assist2-uat.perkeso.gov.my/web/base/portal-id/registration' successfully

2018-12-12 19:30:43 - [TEST_STEP][PASSED] - setText: Text 'AUTOMATION EMPLOYER' is set on object 'Object Repository/Final Object Repo/Creating Employer Account/Page_Registration - ASSIST (Base)/Employer Name'

2018-12-12 19:30:43 - [MESSAGE][PASSED] - Text 'AUTOMATION EMPLOYER' is set on object 'Object Repository/Final Object Repo/Creating Employer Account/Page_Registration - ASSIST (Base)/Employer Name'

2018-12-12 19:30:43 - [TEST_STEP][PASSED] - delay: Delayed 2 second(s)

2018-12-12 19:30:45 - [MESSAGE][PASSED] - Delayed 2 second(s)

2018-12-12 19:30:45 - [TEST_STEP][PASSED] - click: Object: 'Object Repository/Final Object Repo/Creating Employer Account/Page_Registration - ASSIST (Base)/Registration Type' is clicked on

2018-12-12 19:30:45 - [MESSAGE][PASSED] - Object: 'Object Repository/Final Object Repo/Creating Employer Account/Page_Registration - ASSIST (Base)/Registration Type' is clicked on

2018-12-12 19:30:45 - [TEST_STEP][PASSED] - delay: Delayed 2 second(s)

2018-12-12 19:30:47 - [MESSAGE][PASSED] - Delayed 2 second(s)

2018-12-12 19:30:47 - [TEST_STEP][PASSED] - click: Object: 'Object Repository/Final Object Repo/Creating Employer Account/Page_Registration - ASSIST (Base)/Registration Type - Registration No' is clicked on

2018-12-12 19:30:47 - [MESSAGE][PASSED] - Object: 'Object Repository/Final Object Repo/Creating Employer Account/Page_Registration - ASSIST (Base)/Registration Type - Registration No' is clicked on

2018-12-12 19:30:47 - [TEST_STEP][PASSED] - delay: Delayed 2 second(s)

2018-12-12 19:30:49 - [MESSAGE][PASSED] - Delayed 2 second(s)

2018-12-12 19:30:49 - [TEST_STEP][PASSED] - setText: Text 'AUTOMATE001' is set on object 'Object Repository/Final Object Repo/Creating Employer Account/Page_Registration - ASSIST (Base)/Registration Number'

2018-12-12 19:30:50 - [MESSAGE][PASSED] - Text 'AUTOMATE001' is set on object 'Object Repository/Final Object Repo/Creating Employer Account/Page_Registration - ASSIST (Base)/Registration Number'

2018-12-12 19:30:50 - [TEST_STEP][PASSED] - delay: Delayed 2 second(s)

2018-12-12 19:30:52 - [MESSAGE][PASSED] - Delayed 2 second(s)

2018-12-12 19:30:52 - [TEST_STEP][PASSED] - setText: Text 'ADDRESS 1' is set on object 'Object Repository/Final Object Repo/Creating Employer Account/Page_Registration - ASSIST (Base)/Postal Address 1'

2018-12-12 19:30:52 - [MESSAGE][PASSED] - Text 'ADDRESS 1' is set on object 'Object Repository/Final Object Repo/Creating Employer Account/Page_Registration - ASSIST (Base)/Postal Address 1'

2018-12-12 19:30:52 - [TEST_STEP][PASSED] - setText: Text 'ADDRESS 2' is set on object 'Object Repository/Final Object Repo/Creating Employer Account/Page_Registration - ASSIST (Base)/Postal Address 2'

2018-12-12 19:30:52 - [MESSAGE][PASSED] - Text 'ADDRESS 2' is set on object 'Object Repository/Final Object Repo/Creating Employer Account/Page_Registration - ASSIST (Base)/Postal Address 2'

2018-12-12 19:30:52 - [TEST_STEP][PASSED] - click: Object: 'Object Repository/Final Object Repo/Creating Employer Account/Page_Registration - ASSIST (Base)/State' is clicked on

2018-12-12 19:30:52 - [MESSAGE][PASSED] - Object: 'Object Repository/Final Object Repo/Creating Employer Account/Page_Registration - ASSIST (Base)/State' is clicked on

2018-12-12 19:30:52 - [TEST_STEP][PASSED] - delay: Delayed 2 second(s)

2018-12-12 19:30:54 - [MESSAGE][PASSED] - Delayed 2 second(s)

2018-12-12 19:30:54 - [TEST_STEP][PASSED] - click: Object: 'Object Repository/Final Object Repo/Creating Employer Account/Page_Registration - ASSIST (Base)/State - Johor' is clicked on

2018-12-12 19:30:55 - [MESSAGE][PASSED] - Object: 'Object Repository/Final Object Repo/Creating Employer Account/Page_Registration - ASSIST (Base)/State - Johor' is clicked on

2018-12-12 19:30:55 - [TEST_STEP][PASSED] - delay: Delayed 2 second(s)

2018-12-12 19:30:57 - [MESSAGE][PASSED] - Delayed 2 second(s)

2018-12-12 19:30:57 - [TEST_STEP][PASSED] - click: Object: 'Object Repository/Final Object Repo/Creating Employer Account/Page_Registration - ASSIST (Base)/City' is clicked on

2018-12-12 19:30:57 - [MESSAGE][PASSED] - Object: 'Object Repository/Final Object Repo/Creating Employer Account/Page_Registration - ASSIST (Base)/City' is clicked on

2018-12-12 19:30:57 - [TEST_STEP][PASSED] - delay: Delayed 2 second(s)

2018-12-12 19:30:59 - [MESSAGE][PASSED] - Delayed 2 second(s)

2018-12-12 19:30:59 - [TEST_STEP][PASSED] - setText: Text 'joh' is set on object 'Object Repository/Final Object Repo/Creating Employer Account/Page_Registration - ASSIST (Base)/City - joh'

2018-12-12 19:30:59 - [MESSAGE][PASSED] - Text 'joh' is set on object 'Object Repository/Final Object Repo/Creating Employer Account/Page_Registration - ASSIST (Base)/City - joh'

2018-12-12 19:30:59 - [TEST_STEP][PASSED] - delay: Delayed 2 second(s)

2018-12-12 19:31:01 - [MESSAGE][PASSED] - Delayed 2 second(s)

2018-12-12 19:31:01 - [TEST_STEP][PASSED] - click: Object: 'Object Repository/Final Object Repo/Creating Employer Account/Page_Registration - ASSIST (Base)/City - Johor Bharu' is clicked on

2018-12-12 19:31:01 - [MESSAGE][PASSED] - Object: 'Object Repository/Final Object Repo/Creating Employer Account/Page_Registration - ASSIST (Base)/City - Johor Bharu' is clicked on

2018-12-12 19:31:01 - [TEST_STEP][PASSED] - delay: Delayed 2 second(s)

2018-12-12 19:31:03 - [MESSAGE][PASSED] - Delayed 2 second(s)

2018-12-12 19:31:03 - [TEST_STEP][PASSED] - click: Object: 'Object Repository/Final Object Repo/Creating Employer Account/Page_Registration - ASSIST (Base)/Post Code' is clicked on

2018-12-12 19:31:03 - [MESSAGE][PASSED] - Object: 'Object Repository/Final Object Repo/Creating Employer Account/Page_Registration - ASSIST (Base)/Post Code' is clicked on

2018-12-12 19:31:03 - [TEST_STEP][PASSED] - delay: Delayed 2 second(s)

2018-12-12 19:31:05 - [MESSAGE][PASSED] - Delayed 2 second(s)

2018-12-12 19:31:05 - [TEST_STEP][PASSED] - setText: Text '810' is set on object 'Object Repository/Final Object Repo/Creating Employer Account/Page_Registration - ASSIST (Base)/Post Code - 810'

2018-12-12 19:31:06 - [MESSAGE][PASSED] - Text '810' is set on object 'Object Repository/Final Object Repo/Creating Employer Account/Page_Registration - ASSIST (Base)/Post Code - 810'

2018-12-12 19:31:06 - [TEST_STEP][PASSED] - delay: Delayed 2 second(s)

2018-12-12 19:31:08 - [MESSAGE][PASSED] - Delayed 2 second(s)

2018-12-12 19:31:08 - [TEST_STEP][PASSED] - click: Object: 'Object Repository/Final Object Repo/Creating Employer Account/Page_Registration - ASSIST (Base)/Post Code - 81000' is clicked on

2018-12-12 19:31:08 - [MESSAGE][PASSED] - Object: 'Object Repository/Final Object Repo/Creating Employer Account/Page_Registration - ASSIST (Base)/Post Code - 81000' is clicked on

2018-12-12 19:31:08 - [TEST_STEP][PASSED] - delay: Delayed 2 second(s)

2018-12-12 19:31:10 - [MESSAGE][PASSED] - Delayed 2 second(s)

2018-12-12 19:31:10 - [TEST_STEP][PASSED] - setText: Text 'PERKESO' is set on object 'Object Repository/Final Object Repo/Creating Employer Account/Page_Registration - ASSIST (Base)/Full Name'

2018-12-12 19:31:10 - [MESSAGE][PASSED] - Text 'PERKESO' is set on object 'Object Repository/Final Object Repo/Creating Employer Account/Page_Registration - ASSIST (Base)/Full Name'

2018-12-12 19:31:10 - [TEST_STEP][PASSED] - Statement - rnd = new java.util.Random(): null

2018-12-12 19:31:10 - [TEST_STEP][PASSED] - Statement - snum = rnd.nextInt(899999 + 1) + 100000: null

2018-12-12 19:31:10 - [TEST_STEP][PASSED] - Statement - tnum = rnd.nextInt(899999 + 1) + 100000: null

2018-12-12 19:31:10 - [TEST_STEP][PASSED] - Statement - IC = java.lang.Integer.toString(snum) + java.lang.Integer.toString(tnum): null

2018-12-12 19:31:10 - [TEST_STEP][PASSED] - Statement - out.println(IC): null

2018-12-12 19:31:10 - [TEST_STEP][PASSED] - setText: Text '510737908422' is set on object 'Object Repository/Final Object Repo/Creating Employer Account/Page_Registration - ASSIST (Base)/Identification Number'

2018-12-12 19:31:10 - [MESSAGE][PASSED] - Text '510737908422' is set on object 'Object Repository/Final Object Repo/Creating Employer Account/Page_Registration - ASSIST (Base)/Identification Number'

2018-12-12 19:31:10 - [TEST_STEP][PASSED] - delay: Delayed 2 second(s)

2018-12-12 19:31:12 - [MESSAGE][PASSED] - Delayed 2 second(s)

2018-12-12 19:31:12 - [TEST_STEP][PASSED] - setText: Text '123456789012' is set on object 'Object Repository/Final Object Repo/Creating Employer Account/Page_Registration - ASSIST (Base)/Contact Number'

2018-12-12 19:31:13 - [MESSAGE][PASSED] - Text '123456789012' is set on object 'Object Repository/Final Object Repo/Creating Employer Account/Page_Registration - ASSIST (Base)/Contact Number'

2018-12-12 19:31:13 - [TEST_STEP][PASSED] - Statement - Email = "perkeso" + IC + "@gmail.com": null

2018-12-12 19:31:13 - [TEST_STEP][PASSED] - delay: Delayed 2 second(s)

2018-12-12 19:31:15 - [MESSAGE][PASSED] - Delayed 2 second(s)

2018-12-12 19:31:15 - [TEST_STEP][PASSED] - callTestCase: Call Test Case 'Test Cases/Final Aug 2018 - PKS Automation/Create Employer Acc/Template/Employer Email Settler' successfully

2018-12-12 19:31:15 - [TEST_CASE][PASSED] - Test Cases/Final Aug 2018 - PKS Automation/Create Employer Acc/Template/Employer Email Settler: Test Cases/Final Aug 2018 - PKS Automation/Create Employer Acc/Template/Employer Email Settler

2018-12-12 19:31:15 - [TEST_STEP][PASSED] - Statement - EmpEmailOld = new java.io.File(C://Users//Admin//Desktop//PKS//Automation Reference Point//EmpEmail.txt): null

2018-12-12 19:31:15 - [TEST_STEP][PASSED] - Statement - EmpEmailOld.delete(): null

2018-12-12 19:31:15 - [TEST_STEP][PASSED] - delay: Delayed 5 second(s)

2018-12-12 19:31:20 - [MESSAGE][PASSED] - Delayed 5 second(s)

2018-12-12 19:31:20 - [TEST_STEP][PASSED] - Statement - EmpEmail = new java.io.File(C://Users//Admin//Desktop//PKS//Automation Reference Point//EmpEmail.txt): null

2018-12-12 19:31:20 - [TEST_STEP][PASSED] - Statement - f2 = new java.io.FileWriter(EmpEmail, false): null

2018-12-12 19:31:20 - [TEST_STEP][PASSED] - Statement - f2.write(Email): null

2018-12-12 19:31:20 - [TEST_STEP][PASSED] - Statement - f2.close(): null

2018-12-12 19:31:20 - [TEST_STEP][PASSED] - Statement - out.println(Email): null

2018-12-12 19:31:20 - [MESSAGE][PASSED] - Call Test Case 'Test Cases/Final Aug 2018 - PKS Automation/Create Employer Acc/Template/Employer Email Settler' successfully

2018-12-12 19:31:20 - [TEST_STEP][PASSED] - delay: Delayed 2 second(s)

2018-12-12 19:31:22 - [MESSAGE][PASSED] - Delayed 2 second(s)

2018-12-12 19:31:22 - [TEST_STEP][PASSED] - setText: Text 'perkeso510737908422@gmail.com' is set on object 'Object Repository/Final Object Repo/Creating Employer Account/Page_Registration - ASSIST (Base)/Email'

2018-12-12 19:31:22 - [MESSAGE][PASSED] - Text 'perkeso510737908422@gmail.com' is set on object 'Object Repository/Final Object Repo/Creating Employer Account/Page_Registration - ASSIST (Base)/Email'

2018-12-12 19:31:22 - [TEST_STEP][PASSED] - setText: Text '123' is set on object 'Object Repository/Final Object Repo/Creating Employer Account/Page_Registration - ASSIST (Base)/Security Phase'

2018-12-12 19:31:23 - [MESSAGE][PASSED] - Text '123' is set on object 'Object Repository/Final Object Repo/Creating Employer Account/Page_Registration - ASSIST (Base)/Security Phase'

2018-12-12 19:31:23 - [TEST_STEP][PASSED] - click: Object: 'Object Repository/Final Object Repo/Creating Employer Account/Page_Registration - ASSIST (Base)/Save  Continue' is clicked on

2018-12-12 19:31:23 - [MESSAGE][PASSED] - Object: 'Object Repository/Final Object Repo/Creating Employer Account/Page_Registration - ASSIST (Base)/Save  Continue' is clicked on

2018-12-12 19:31:23 - [TEST_STEP][PASSED] - delay: Delayed 2 second(s)

2018-12-12 19:31:25 - [MESSAGE][PASSED] - Delayed 2 second(s)

2018-12-12 19:31:25 - [TEST_STEP][PASSED] - click: Object: 'Object Repository/Final Object Repo/Creating Employer Account/Page_Registration - ASSIST (Base)/Add Document' is clicked on

2018-12-12 19:31:25 - [MESSAGE][PASSED] - Object: 'Object Repository/Final Object Repo/Creating Employer Account/Page_Registration - ASSIST (Base)/Add Document' is clicked on

2018-12-12 19:31:25 - [TEST_STEP][PASSED] - delay: Delayed 2 second(s)

2018-12-12 19:31:27 - [MESSAGE][PASSED] - Delayed 2 second(s)

2018-12-12 19:31:27 - [TEST_STEP][PASSED] - click: Object: 'Object Repository/Final Object Repo/Creating Employer Account/Page_Registration - ASSIST (Base)/Document Type' is clicked on

2018-12-12 19:31:27 - [MESSAGE][PASSED] - Object: 'Object Repository/Final Object Repo/Creating Employer Account/Page_Registration - ASSIST (Base)/Document Type' is clicked on

2018-12-12 19:31:27 - [TEST_STEP][PASSED] - delay: Delayed 2 second(s)

2018-12-12 19:31:29 - [MESSAGE][PASSED] - Delayed 2 second(s)

2018-12-12 19:31:29 - [TEST_STEP][PASSED] - click: Object: 'Object Repository/Final Object Repo/Creating Employer Account/Page_Registration - ASSIST (Base)/Document Type - Letter of Authorization' is clicked on

2018-12-12 19:31:29 - [MESSAGE][PASSED] - Object: 'Object Repository/Final Object Repo/Creating Employer Account/Page_Registration - ASSIST (Base)/Document Type - Letter of Authorization' is clicked on

2018-12-12 19:31:29 - [TEST_STEP][PASSED] - delay: Delayed 2 second(s)

2018-12-12 19:31:31 - [MESSAGE][PASSED] - Delayed 2 second(s)

2018-12-12 19:31:31 - [TEST_STEP][PASSED] - sendKeys: Keys 'C:\Users\Public\Pictures\Sample Pictures\Koala.jpg' sent to object: 'Object Repository/Final Object Repo/Creating Employer Account/Page_Registration - ASSIST (Base)/Uploading File'

2018-12-12 19:31:32 - [MESSAGE][PASSED] - Keys 'C:\Users\Public\Pictures\Sample Pictures\Koala.jpg' sent to object: 'Object Repository/Final Object Repo/Creating Employer Account/Page_Registration - ASSIST (Base)/Uploading File'

2018-12-12 19:31:32 - [TEST_STEP][PASSED] - delay: Delayed 2 second(s)

2018-12-12 19:31:34 - [MESSAGE][PASSED] - Delayed 2 second(s)

2018-12-12 19:31:34 - [TEST_STEP][PASSED] - click: Object: 'Object Repository/Final Object Repo/Creating Employer Account/Page_Registration - ASSIST (Base)/Add Document in Uploading File' is clicked on

2018-12-12 19:31:34 - [MESSAGE][PASSED] - Object: 'Object Repository/Final Object Repo/Creating Employer Account/Page_Registration - ASSIST (Base)/Add Document in Uploading File' is clicked on

2018-12-12 19:31:34 - [TEST_STEP][PASSED] - delay: Delayed 2 second(s)

2018-12-12 19:31:36 - [MESSAGE][PASSED] - Delayed 2 second(s)

2018-12-12 19:31:36 - [TEST_STEP][PASSED] - click: Object: 'Object Repository/Final Object Repo/Creating Employer Account/Page_Registration - ASSIST (Base)/Save' is clicked on

2018-12-12 19:31:36 - [MESSAGE][PASSED] - Object: 'Object Repository/Final Object Repo/Creating Employer Account/Page_Registration - ASSIST (Base)/Save' is clicked on

2018-12-12 19:31:36 - [TEST_STEP][PASSED] - delay: Delayed 2 second(s)

2018-12-12 19:31:38 - [MESSAGE][PASSED] - Delayed 2 second(s)

2018-12-12 19:31:38 - [TEST_STEP][PASSED] - click: Object: 'Object Repository/Final Object Repo/Creating Employer Account/Page_Registration - ASSIST (Base)/Submit' is clicked on

2018-12-12 19:31:38 - [MESSAGE][PASSED] - Object: 'Object Repository/Final Object Repo/Creating Employer Account/Page_Registration - ASSIST (Base)/Submit' is clicked on

2018-12-12 19:31:38 - [TEST_STEP][PASSED] - delay: Delayed 2 second(s)

2018-12-12 19:31:40 - [MESSAGE][PASSED] - Delayed 2 second(s)

2018-12-12 19:31:40 - [TEST_STEP][PASSED] - click: Object: 'Object Repository/Final Object Repo/Creating Employer Account/Page_Registration - ASSIST (Base)/Confirm' is clicked on

2018-12-12 19:31:40 - [MESSAGE][PASSED] - Object: 'Object Repository/Final Object Repo/Creating Employer Account/Page_Registration - ASSIST (Base)/Confirm' is clicked on

2018-12-12 19:31:40 - [MESSAGE][PASSED] - Call Test Case 'Test Cases/Final Aug 2018 - PKS Automation/Create Employer Acc/Template/Register Employer' successfully

2018-12-12 19:31:40 - [TEST_STEP][PASSED] - delay: Delayed 1 second(s)

2018-12-12 19:31:41 - [MESSAGE][PASSED] - Delayed 1 second(s)

2018-12-12 19:31:41 - [TEST_STEP][PASSED] - navigateToUrl: Navigate to 'https://assist2-uat.perkeso.gov.my/c/portal/logout' successfully

2018-12-12 19:31:43 - [MESSAGE][PASSED] - Navigate to 'https://assist2-uat.perkeso.gov.my/c/portal/logout' successfully

2018-12-12 19:31:43 - [TEST_STEP][PASSED] - delay: Delayed 1 second(s)

2018-12-12 19:31:44 - [MESSAGE][PASSED] - Delayed 1 second(s)

2018-12-12 19:31:44 - [TEST_STEP][PASSED] - callTestCase: Call Test Case 'Test Cases/Final Aug 2018 - PKS Automation/Create Employer Acc/Template/Change Password of Employer' successfully

2018-12-12 19:31:44 - [TEST_CASE][PASSED] - Test Cases/Final Aug 2018 - PKS Automation/Create Employer Acc/Template/Change Password of Employer: Test Cases/Final Aug 2018 - PKS Automation/Create Employer Acc/Template/Change Password of Employer

2018-12-12 19:31:44 - [TEST_STEP][PASSED] - openBrowser: Browser is opened with url: ''

2018-12-12 19:31:44 - [MESSAGE][WARNING] - A browser is already opened. Closing browser and opening a new one

2018-12-12 19:31:48 - [MESSAGE][PASSED] - Browser is opened with url: ''

2018-12-12 19:31:48 - [TEST_STEP][PASSED] - navigateToUrl: Navigate to 'https://assist2-uat.perkeso.gov.my/login' successfully

2018-12-12 19:31:49 - [MESSAGE][PASSED] - Navigate to 'https://assist2-uat.perkeso.gov.my/login' successfully

2018-12-12 19:31:49 - [TEST_STEP][PASSED] - delay: Delayed 5 second(s)

2018-12-12 19:31:54 - [MESSAGE][PASSED] - Delayed 5 second(s)

2018-12-12 19:31:54 - [TEST_STEP][PASSED] - setText: Text 'test@liferay.com' is set on object 'Object Repository/Final Object Repo/Login Page/Internal User/Email Address'

2018-12-12 19:31:55 - [MESSAGE][PASSED] - Text 'test@liferay.com' is set on object 'Object Repository/Final Object Repo/Login Page/Internal User/Email Address'

2018-12-12 19:31:55 - [TEST_STEP][PASSED] - click: Object: 'Object Repository/Final Object Repo/Login Page/Internal User/Next Button' is clicked on

2018-12-12 19:31:55 - [MESSAGE][PASSED] - Object: 'Object Repository/Final Object Repo/Login Page/Internal User/Next Button' is clicked on

2018-12-12 19:31:55 - [TEST_STEP][PASSED] - delay: Delayed 2 second(s)

2018-12-12 19:31:57 - [MESSAGE][PASSED] - Delayed 2 second(s)

2018-12-12 19:31:57 - [TEST_STEP][PASSED] - setText: Text 'test' is set on object 'Object Repository/Final Object Repo/Login Page/Internal User/Password'

2018-12-12 19:31:57 - [MESSAGE][PASSED] - Text 'test' is set on object 'Object Repository/Final Object Repo/Login Page/Internal User/Password'

2018-12-12 19:31:57 - [TEST_STEP][PASSED] - delay: Delayed 2 second(s)

2018-12-12 19:31:59 - [MESSAGE][PASSED] - Delayed 2 second(s)

2018-12-12 19:31:59 - [TEST_STEP][PASSED] - click: Object: 'Object Repository/Final Object Repo/Login Page/Internal User/Login Button' is clicked on

2018-12-12 19:31:59 - [MESSAGE][PASSED] - Object: 'Object Repository/Final Object Repo/Login Page/Internal User/Login Button' is clicked on

2018-12-12 19:31:59 - [TEST_STEP][PASSED] - delay: Delayed 3 second(s)

2018-12-12 19:32:02 - [MESSAGE][PASSED] - Delayed 3 second(s)

2018-12-12 19:32:02 - [TEST_STEP][PASSED] - navigateToUrl: Navigate to 'https://assist2-uat.perkeso.gov.my/group/control_panel/manage?p_p_id=125&p_p_lifecycle=0&p_p_state=maximized&p_p_mode=view&refererPlid=20455&_125_usersListView=flat-users&_125_toolbarItem=view-all-users&_125_saveUsersListView=true&_125_struts_action=%2Fusers_admin%2Fview' successfully

2018-12-12 19:32:04 - [MESSAGE][PASSED] - Navigate to 'https://assist2-uat.perkeso.gov.my/group/control_panel/manage?p_p_id=125&p_p_lifecycle=0&p_p_state=maximized&p_p_mode=view&refererPlid=20455&_125_usersListView=flat-users&_125_toolbarItem=view-all-users&_125_saveUsersListView=true&_125_struts_action=%2Fusers_admin%2Fview' successfully

2018-12-12 19:32:04 - [TEST_STEP][PASSED] - delay: Delayed 3 second(s)

2018-12-12 19:32:07 - [MESSAGE][PASSED] - Delayed 3 second(s)

2018-12-12 19:32:07 - [TEST_STEP][PASSED] - setText: Text 'perkeso510737908422@gmail.com' is set on object 'Object Repository/Final Object Repo/Creating Employer Account/Page_Users and Organizations - ASSIST/Employer name'

2018-12-12 19:32:07 - [MESSAGE][PASSED] - Text 'perkeso510737908422@gmail.com' is set on object 'Object Repository/Final Object Repo/Creating Employer Account/Page_Users and Organizations - ASSIST/Employer name'

2018-12-12 19:32:07 - [TEST_STEP][PASSED] - delay: Delayed 3 second(s)

2018-12-12 19:32:10 - [MESSAGE][PASSED] - Delayed 3 second(s)

2018-12-12 19:32:10 - [TEST_STEP][PASSED] - click: Object: 'Object Repository/Final Object Repo/Creating Employer Account/Page_Users and Organizations - ASSIST/Search' is clicked on

2018-12-12 19:32:11 - [MESSAGE][PASSED] - Object: 'Object Repository/Final Object Repo/Creating Employer Account/Page_Users and Organizations - ASSIST/Search' is clicked on

2018-12-12 19:32:11 - [TEST_STEP][PASSED] - delay: Delayed 3 second(s)

2018-12-12 19:32:14 - [MESSAGE][PASSED] - Delayed 3 second(s)

2018-12-12 19:32:14 - [TEST_STEP][PASSED] - click: Object: 'Object Repository/Final Object Repo/Creating Employer Account/Page_Users and Organizations - ASSIST/Action' is clicked on

2018-12-12 19:32:14 - [MESSAGE][PASSED] - Object: 'Object Repository/Final Object Repo/Creating Employer Account/Page_Users and Organizations - ASSIST/Action' is clicked on

2018-12-12 19:32:14 - [TEST_STEP][PASSED] - delay: Delayed 3 second(s)

2018-12-12 19:32:17 - [MESSAGE][PASSED] - Delayed 3 second(s)

2018-12-12 19:32:17 - [TEST_STEP][PASSED] - click: Object: 'Object Repository/Final Object Repo/Creating Employer Account/Page_Users and Organizations - ASSIST/Edit' is clicked on

2018-12-12 19:32:18 - [MESSAGE][PASSED] - Object: 'Object Repository/Final Object Repo/Creating Employer Account/Page_Users and Organizations - ASSIST/Edit' is clicked on

2018-12-12 19:32:18 - [TEST_STEP][PASSED] - delay: Delayed 3 second(s)

2018-12-12 19:32:21 - [MESSAGE][PASSED] - Delayed 3 second(s)

2018-12-12 19:32:21 - [TEST_STEP][PASSED] - click: Object: 'Object Repository/Final Object Repo/Creating Employer Account/Page_PERKESO - Users and Organizati/a_Password (Modified)' is clicked on

2018-12-12 19:32:21 - [MESSAGE][PASSED] - Object: 'Object Repository/Final Object Repo/Creating Employer Account/Page_PERKESO - Users and Organizati/a_Password (Modified)' is clicked on

2018-12-12 19:32:21 - [TEST_STEP][PASSED] - delay: Delayed 3 second(s)

2018-12-12 19:32:24 - [MESSAGE][PASSED] - Delayed 3 second(s)

2018-12-12 19:32:24 - [TEST_STEP][PASSED] - setEncryptedText: Text ****** has been set on object 'Object Repository/Final Object Repo/Creating Employer Account/Page_PERKESO - Users and Organizati/input__125_password1'

2018-12-12 19:32:24 - [MESSAGE][PASSED] - Text ****** has been set on object 'Object Repository/Final Object Repo/Creating Employer Account/Page_PERKESO - Users and Organizati/input__125_password1'

2018-12-12 19:32:24 - [TEST_STEP][PASSED] - delay: Delayed 3 second(s)

2018-12-12 19:32:27 - [MESSAGE][PASSED] - Delayed 3 second(s)

2018-12-12 19:32:27 - [TEST_STEP][PASSED] - setEncryptedText: Text ****** has been set on object 'Object Repository/Final Object Repo/Creating Employer Account/Page_PERKESO - Users and Organizati/input__125_password2'

2018-12-12 19:32:28 - [MESSAGE][PASSED] - Text ****** has been set on object 'Object Repository/Final Object Repo/Creating Employer Account/Page_PERKESO - Users and Organizati/input__125_password2'

2018-12-12 19:32:28 - [TEST_STEP][PASSED] - delay: Delayed 3 second(s)

2018-12-12 19:32:31 - [MESSAGE][PASSED] - Delayed 3 second(s)

2018-12-12 19:32:31 - [TEST_STEP][PASSED] - click: Object: 'Object Repository/Final Object Repo/Creating Employer Account/Page_PERKESO - Users and Organizati/Save' is clicked on

2018-12-12 19:32:32 - [MESSAGE][PASSED] - Object: 'Object Repository/Final Object Repo/Creating Employer Account/Page_PERKESO - Users and Organizati/Save' is clicked on

2018-12-12 19:32:32 - [MESSAGE][PASSED] - Call Test Case 'Test Cases/Final Aug 2018 - PKS Automation/Create Employer Acc/Template/Change Password of Employer' successfully

2018-12-12 19:32:32 - [TEST_STEP][PASSED] - delay: Delayed 1 second(s)

2018-12-12 19:32:33 - [MESSAGE][PASSED] - Delayed 1 second(s)

2018-12-12 19:32:33 - [TEST_STEP][PASSED] - navigateToUrl: Navigate to 'https://assist2-uat.perkeso.gov.my/c/portal/logout' successfully

2018-12-12 19:32:34 - [MESSAGE][PASSED] - Navigate to 'https://assist2-uat.perkeso.gov.my/c/portal/logout' successfully

2018-12-12 19:32:34 - [TEST_STEP][PASSED] - delay: Delayed 1 second(s)

2018-12-12 19:32:35 - [MESSAGE][PASSED] - Delayed 1 second(s)

2018-12-12 19:32:35 - [TEST_STEP][PASSED] - callTestCase: Call Test Case 'Test Cases/Final Aug 2018 - PKS Automation/Create Employer Acc/Template/Login to Employer Account (First Time)' successfully

2018-12-12 19:32:35 - [TEST_CASE][PASSED] - Test Cases/Final Aug 2018 - PKS Automation/Create Employer Acc/Template/Login to Employer Account (First Time): Test Cases/Final Aug 2018 - PKS Automation/Create Employer Acc/Template/Login to Employer Account (First Time)

2018-12-12 19:32:35 - [TEST_STEP][PASSED] - openBrowser: Browser is opened with url: ''

2018-12-12 19:32:35 - [MESSAGE][WARNING] - A browser is already opened. Closing browser and opening a new one

2018-12-12 19:32:39 - [MESSAGE][PASSED] - Browser is opened with url: ''

2018-12-12 19:32:39 - [TEST_STEP][PASSED] - navigateToUrl: Navigate to 'https://assist2-uat.perkeso.gov.my/employer/login' successfully

2018-12-12 19:32:40 - [MESSAGE][PASSED] - Navigate to 'https://assist2-uat.perkeso.gov.my/employer/login' successfully

2018-12-12 19:32:40 - [TEST_STEP][PASSED] - delay: Delayed 3 second(s)

2018-12-12 19:32:43 - [MESSAGE][PASSED] - Delayed 3 second(s)

2018-12-12 19:32:43 - [TEST_STEP][PASSED] - callTestCase: Call Test Case 'Test Cases/Final Aug 2018 - PKS Automation/Create Employer Acc/Template/Employer Email Getter' successfully

2018-12-12 19:32:43 - [TEST_CASE][PASSED] - Test Cases/Final Aug 2018 - PKS Automation/Create Employer Acc/Template/Employer Email Getter: Test Cases/Final Aug 2018 - PKS Automation/Create Employer Acc/Template/Employer Email Getter

2018-12-12 19:32:44 - [TEST_STEP][PASSED] - Statement - Try: null

2018-12-12 19:32:44 - [TEST_STEP][PASSED] - Statement - EmpEmail = new java.io.File(C://Users//Admin//Desktop//PKS//Automation Reference Point//EmpEmail.txt): null

2018-12-12 19:32:44 - [TEST_STEP][PASSED] - Statement - bufferread = new java.io.BufferedReader(new java.io.FileReader(EmpEmail)): null

2018-12-12 19:32:44 - [TEST_STEP][PASSED] - Statement - readedVal = bufferread.readLine(): null

2018-12-12 19:32:44 - [TEST_STEP][PASSED] - Statement - out.println(readedVal): null

2018-12-12 19:32:44 - [TEST_STEP][PASSED] - Statement - Email = readedVal: null

2018-12-12 19:32:44 - [MESSAGE][PASSED] - Call Test Case 'Test Cases/Final Aug 2018 - PKS Automation/Create Employer Acc/Template/Employer Email Getter' successfully

2018-12-12 19:32:44 - [TEST_STEP][PASSED] - setText: Text 'perkeso510737908422@gmail.com' is set on object 'Object Repository/Final Object Repo/Login Page/External Login Page/Email'

2018-12-12 19:32:44 - [MESSAGE][PASSED] - Text 'perkeso510737908422@gmail.com' is set on object 'Object Repository/Final Object Repo/Login Page/External Login Page/Email'

2018-12-12 19:32:44 - [TEST_STEP][PASSED] - click: Object: 'Object Repository/Final Object Repo/Login Page/External Login Page/Next' is clicked on

2018-12-12 19:32:44 - [MESSAGE][PASSED] - Object: 'Object Repository/Final Object Repo/Login Page/External Login Page/Next' is clicked on

2018-12-12 19:32:44 - [TEST_STEP][PASSED] - delay: Delayed 3 second(s)

2018-12-12 19:32:47 - [MESSAGE][PASSED] - Delayed 3 second(s)

2018-12-12 19:32:47 - [TEST_STEP][PASSED] - setEncryptedText: Text ****** has been set on object 'Object Repository/Final Object Repo/Login Page/External Login Page/Password'

2018-12-12 19:32:48 - [MESSAGE][PASSED] - Text ****** has been set on object 'Object Repository/Final Object Repo/Login Page/External Login Page/Password'

2018-12-12 19:32:48 - [TEST_STEP][PASSED] - click: Object: 'Object Repository/Final Object Repo/Login Page/External Login Page/Login' is clicked on

2018-12-12 19:32:48 - [MESSAGE][PASSED] - Object: 'Object Repository/Final Object Repo/Login Page/External Login Page/Login' is clicked on

2018-12-12 19:32:48 - [TEST_STEP][PASSED] - delay: Delayed 3 second(s)

2018-12-12 19:32:51 - [MESSAGE][PASSED] - Delayed 3 second(s)

2018-12-12 19:32:51 - [TEST_STEP][PASSED] - click: Object: 'Object Repository/Final Object Repo/Creating Employer Account/Page_Terms of Use - ASSIST/button_I Agree' is clicked on

2018-12-12 19:32:52 - [MESSAGE][PASSED] - Object: 'Object Repository/Final Object Repo/Creating Employer Account/Page_Terms of Use - ASSIST/button_I Agree' is clicked on

2018-12-12 19:32:52 - [TEST_STEP][PASSED] - delay: Delayed 2 second(s)

2018-12-12 19:32:54 - [MESSAGE][PASSED] - Delayed 2 second(s)

2018-12-12 19:32:54 - [TEST_STEP][PASSED] - setEncryptedText: Text ****** has been set on object 'Object Repository/Final Object Repo/Creating Employer Account/Page_New Password - ASSIST/input_password1'

2018-12-12 19:32:54 - [MESSAGE][PASSED] - Text ****** has been set on object 'Object Repository/Final Object Repo/Creating Employer Account/Page_New Password - ASSIST/input_password1'

2018-12-12 19:32:54 - [TEST_STEP][PASSED] - setEncryptedText: Text ****** has been set on object 'Object Repository/Final Object Repo/Creating Employer Account/Page_New Password - ASSIST/input_password2'

2018-12-12 19:32:54 - [MESSAGE][PASSED] - Text ****** has been set on object 'Object Repository/Final Object Repo/Creating Employer Account/Page_New Password - ASSIST/input_password2'

2018-12-12 19:32:54 - [TEST_STEP][PASSED] - delay: Delayed 2 second(s)

2018-12-12 19:32:56 - [MESSAGE][PASSED] - Delayed 2 second(s)

2018-12-12 19:32:56 - [TEST_STEP][PASSED] - click: Object: 'Object Repository/Final Object Repo/Creating Employer Account/Page_New Password - ASSIST/Save' is clicked on

2018-12-12 19:32:56 - [MESSAGE][PASSED] - Object: 'Object Repository/Final Object Repo/Creating Employer Account/Page_New Password - ASSIST/Save' is clicked on

2018-12-12 19:32:56 - [TEST_STEP][PASSED] - delay: Delayed 2 second(s)

2018-12-12 19:32:58 - [MESSAGE][PASSED] - Delayed 2 second(s)

2018-12-12 19:32:58 - [TEST_STEP][PASSED] - setText: Text 'test' is set on object 'Object Repository/Final Object Repo/Creating Employer Account/Page_Password Reminder - ASSIST/Reminder Query Answer'

2018-12-12 19:32:59 - [MESSAGE][PASSED] - Text 'test' is set on object 'Object Repository/Final Object Repo/Creating Employer Account/Page_Password Reminder - ASSIST/Reminder Query Answer'

2018-12-12 19:32:59 - [TEST_STEP][PASSED] - delay: Delayed 2 second(s)

2018-12-12 19:33:01 - [MESSAGE][PASSED] - Delayed 2 second(s)

2018-12-12 19:33:01 - [TEST_STEP][PASSED] - doubleClick: Object: 'Object Repository/Final Object Repo/Creating Employer Account/Page_Password Reminder - ASSIST/Save' is double clicked on

2018-12-12 19:33:01 - [MESSAGE][PASSED] - Object: 'Object Repository/Final Object Repo/Creating Employer Account/Page_Password Reminder - ASSIST/Save' is double clicked on

2018-12-12 19:33:01 - [MESSAGE][PASSED] - Call Test Case 'Test Cases/Final Aug 2018 - PKS Automation/Create Employer Acc/Template/Login to Employer Account (First Time)' successfully

2018-12-12 19:33:01 - [MESSAGE][PASSED] - Call Test Case 'Test Cases/Final Aug 2018 - PKS Automation/Create Employer Acc/Create Employer Account' successfully

2018-12-12 19:33:01 - [TEST_STEP][PASSED] - callTestCase: Call Test Case 'Test Cases/Final Aug 2018 - PKS Automation/Registration Module/Log Out/log out avoiding katalon tagging' successfully

2018-12-12 19:33:01 - [TEST_CASE][PASSED] - Test Cases/Final Aug 2018 - PKS Automation/Registration Module/Log Out/log out avoiding katalon tagging: Test Cases/Final Aug 2018 - PKS Automation/Registration Module/Log Out/log out avoiding katalon tagging

2018-12-12 19:33:01 - [TEST_STEP][PASSED] - navigateToUrl: Navigate to 'https://assist2-uat.perkeso.gov.my/c/portal/logout' successfully

2018-12-12 19:33:04 - [MESSAGE][PASSED] - Navigate to 'https://assist2-uat.perkeso.gov.my/c/portal/logout' successfully

2018-12-12 19:33:04 - [MESSAGE][PASSED] - Call Test Case 'Test Cases/Final Aug 2018 - PKS Automation/Registration Module/Log Out/log out avoiding katalon tagging' successfully

2018-12-12 19:33:04 - [TEST_STEP][PASSED] - callTestCase: Call Test Case 'Test Cases/Final Aug 2018 - PKS Automation/Create Employer Acc/Login to Employer Account (Second time)' successfully

2018-12-12 19:33:04 - [TEST_CASE][PASSED] - Test Cases/Final Aug 2018 - PKS Automation/Create Employer Acc/Login to Employer Account (Second time): Test Cases/Final Aug 2018 - PKS Automation/Create Employer Acc/Login to Employer Account (Second time)

2018-12-12 19:33:04 - [TEST_STEP][PASSED] - openBrowser: Browser is opened with url: ''

2018-12-12 19:33:04 - [MESSAGE][WARNING] - A browser is already opened. Closing browser and opening a new one

2018-12-12 19:33:08 - [MESSAGE][PASSED] - Browser is opened with url: ''

2018-12-12 19:33:08 - [TEST_STEP][PASSED] - navigateToUrl: Navigate to 'https://assist2-uat.perkeso.gov.my/employer/login' successfully

2018-12-12 19:33:09 - [MESSAGE][PASSED] - Navigate to 'https://assist2-uat.perkeso.gov.my/employer/login' successfully

2018-12-12 19:33:09 - [TEST_STEP][PASSED] - delay: Delayed 3 second(s)

2018-12-12 19:33:12 - [MESSAGE][PASSED] - Delayed 3 second(s)

2018-12-12 19:33:12 - [TEST_STEP][PASSED] - callTestCase: Call Test Case 'Test Cases/Final Aug 2018 - PKS Automation/Create Employer Acc/Template/Employer Email Getter' successfully

2018-12-12 19:33:12 - [TEST_CASE][PASSED] - Test Cases/Final Aug 2018 - PKS Automation/Create Employer Acc/Template/Employer Email Getter: Test Cases/Final Aug 2018 - PKS Automation/Create Employer Acc/Template/Employer Email Getter

2018-12-12 19:33:12 - [TEST_STEP][PASSED] - Statement - Try: null

2018-12-12 19:33:12 - [TEST_STEP][PASSED] - Statement - EmpEmail = new java.io.File(C://Users//Admin//Desktop//PKS//Automation Reference Point//EmpEmail.txt): null

2018-12-12 19:33:12 - [TEST_STEP][PASSED] - Statement - bufferread = new java.io.BufferedReader(new java.io.FileReader(EmpEmail)): null

2018-12-12 19:33:12 - [TEST_STEP][PASSED] - Statement - readedVal = bufferread.readLine(): null

2018-12-12 19:33:12 - [TEST_STEP][PASSED] - Statement - out.println(readedVal): null

2018-12-12 19:33:12 - [TEST_STEP][PASSED] - Statement - Email = readedVal: null

2018-12-12 19:33:12 - [MESSAGE][PASSED] - Call Test Case 'Test Cases/Final Aug 2018 - PKS Automation/Create Employer Acc/Template/Employer Email Getter' successfully

2018-12-12 19:33:12 - [TEST_STEP][PASSED] - setText: Text 'perkeso510737908422@gmail.com' is set on object 'Object Repository/Final Object Repo/Login Page/External Login Page/Email'

2018-12-12 19:33:13 - [MESSAGE][PASSED] - Text 'perkeso510737908422@gmail.com' is set on object 'Object Repository/Final Object Repo/Login Page/External Login Page/Email'

2018-12-12 19:33:13 - [TEST_STEP][PASSED] - click: Object: 'Object Repository/Final Object Repo/Login Page/External Login Page/Next' is clicked on

2018-12-12 19:33:13 - [MESSAGE][PASSED] - Object: 'Object Repository/Final Object Repo/Login Page/External Login Page/Next' is clicked on

2018-12-12 19:33:13 - [TEST_STEP][PASSED] - delay: Delayed 3 second(s)

2018-12-12 19:33:16 - [MESSAGE][PASSED] - Delayed 3 second(s)

2018-12-12 19:33:16 - [TEST_STEP][PASSED] - setEncryptedText: Text ****** has been set on object 'Object Repository/Final Object Repo/Login Page/External Login Page/Password'

2018-12-12 19:33:16 - [MESSAGE][PASSED] - Text ****** has been set on object 'Object Repository/Final Object Repo/Login Page/External Login Page/Password'

2018-12-12 19:33:16 - [TEST_STEP][PASSED] - click: Object: 'Object Repository/Final Object Repo/Login Page/External Login Page/Login' is clicked on

2018-12-12 19:33:16 - [MESSAGE][PASSED] - Object: 'Object Repository/Final Object Repo/Login Page/External Login Page/Login' is clicked on

2018-12-12 19:33:16 - [TEST_STEP][PASSED] - delay: Delayed 5 second(s)

2018-12-12 19:33:21 - [MESSAGE][PASSED] - Delayed 5 second(s)

2018-12-12 19:33:21 - [MESSAGE][PASSED] - Call Test Case 'Test Cases/Final Aug 2018 - PKS Automation/Create Employer Acc/Login to Employer Account (Second time)' successfully

2018-12-12 19:33:21 - [TEST_STEP][PASSED] - Statement - Try: null

2018-12-12 19:33:21 - [TEST_STEP][PASSED] - Statement - Checker = com.kms.katalon.core.webui.keyword.WebUiBuiltInKeywords.verifyElementNotPresent("Final Object Repo/Landing Page/Select to English", 3): null

2018-12-12 19:33:21 - [TEST_STEP][PASSED] - Statement - Catch (Exception e): null

2018-12-12 19:33:21 - [TEST_STEP][PASSED] - Statement - e.printStackTrace(): null

2018-12-12 19:33:21 - [TEST_STEP][PASSED] - delay: Delayed 5 second(s)

2018-12-12 19:33:26 - [MESSAGE][PASSED] - Delayed 5 second(s)

2018-12-12 19:33:26 - [TEST_STEP][PASSED] - click: Object: 'Object Repository/Final Object Repo/Landing Page/My Sites Drop Down' is clicked on

2018-12-12 19:33:26 - [MESSAGE][PASSED] - Object: 'Object Repository/Final Object Repo/Landing Page/My Sites Drop Down' is clicked on

2018-12-12 19:33:26 - [TEST_STEP][PASSED] - click: Object: 'Object Repository/Final Object Repo/Landing Page/Select to Registration Module' is clicked on

2018-12-12 19:33:29 - [MESSAGE][PASSED] - Object: 'Object Repository/Final Object Repo/Landing Page/Select to Registration Module' is clicked on

2018-12-12 19:33:29 - [TEST_STEP][PASSED] - click: Object: 'Object Repository/Final Object Repo/Landing Page/Registration Button' is clicked on

2018-12-12 19:33:30 - [MESSAGE][PASSED] - Object: 'Object Repository/Final Object Repo/Landing Page/Registration Button' is clicked on

2018-12-12 19:33:30 - [TEST_STEP][PASSED] - delay: Delayed 2 second(s)

2018-12-12 19:33:32 - [MESSAGE][PASSED] - Delayed 2 second(s)

2018-12-12 19:33:32 - [TEST_STEP][PASSED] - click: Object: 'Object Repository/Final Object Repo/New Registration - Registration Module Pages/New Reg - OTC to RO/Special Case - OTC - Form 1/AEC NO' is clicked on

2018-12-12 19:33:32 - [MESSAGE][PASSED] - Object: 'Object Repository/Final Object Repo/New Registration - Registration Module Pages/New Reg - OTC to RO/Special Case - OTC - Form 1/AEC NO' is clicked on

2018-12-12 19:33:32 - [TEST_STEP][PASSED] - click: Object: 'Object Repository/Final Object Repo/New Registration - Registration Module Pages/New Reg - OTC to RO/Special Case - OTC - Form 1/Business Entity - Please Select' is clicked on

2018-12-12 19:33:33 - [MESSAGE][PASSED] - Object: 'Object Repository/Final Object Repo/New Registration - Registration Module Pages/New Reg - OTC to RO/Special Case - OTC - Form 1/Business Entity - Please Select' is clicked on

2018-12-12 19:33:33 - [TEST_STEP][PASSED] - click: Object: 'Object Repository/Final Object Repo/New Registration - Registration Module Pages/New Reg - OTC to RO/Special Case - OTC - Form 1/Selected - Corporation' is clicked on

2018-12-12 19:33:33 - [MESSAGE][PASSED] - Object: 'Object Repository/Final Object Repo/New Registration - Registration Module Pages/New Reg - OTC to RO/Special Case - OTC - Form 1/Selected - Corporation' is clicked on

2018-12-12 19:33:33 - [TEST_STEP][PASSED] - delay: Delayed 2 second(s)

2018-12-12 19:33:35 - [MESSAGE][PASSED] - Delayed 2 second(s)

2018-12-12 19:33:35 - [TEST_STEP][PASSED] - click: Object: 'Object Repository/Final Object Repo/New Registration - Registration Module Pages/New Reg - OTC to RO/Special Case - OTC - Form 1/Sub Business Entity - Please Select' is clicked on

2018-12-12 19:33:35 - [MESSAGE][PASSED] - Object: 'Object Repository/Final Object Repo/New Registration - Registration Module Pages/New Reg - OTC to RO/Special Case - OTC - Form 1/Sub Business Entity - Please Select' is clicked on

2018-12-12 19:33:35 - [TEST_STEP][PASSED] - delay: Delayed 2 second(s)

2018-12-12 19:33:37 - [MESSAGE][PASSED] - Delayed 2 second(s)

2018-12-12 19:33:37 - [TEST_STEP][PASSED] - click: Object: 'Object Repository/Final Object Repo/New Registration - Registration Module Pages/New Reg - OTC to RO/Special Case - OTC - Form 1/Selected - Sendirian Berhad' is clicked on

2018-12-12 19:33:37 - [MESSAGE][PASSED] - Object: 'Object Repository/Final Object Repo/New Registration - Registration Module Pages/New Reg - OTC to RO/Special Case - OTC - Form 1/Selected - Sendirian Berhad' is clicked on

2018-12-12 19:33:37 - [TEST_STEP][PASSED] - setText: Text 'AUTOMATE001' is set on object 'Object Repository/Final Object Repo/New Registration - Registration Module Pages/New Reg - OTC to RO/Special Case - OTC - Form 1/Input BRN Number'

2018-12-12 19:33:38 - [MESSAGE][PASSED] - Text 'AUTOMATE001' is set on object 'Object Repository/Final Object Repo/New Registration - Registration Module Pages/New Reg - OTC to RO/Special Case - OTC - Form 1/Input BRN Number'

2018-12-12 19:33:38 - [TEST_STEP][PASSED] - delay: Delayed 2 second(s)

2018-12-12 19:33:40 - [MESSAGE][PASSED] - Delayed 2 second(s)

2018-12-12 19:33:40 - [TEST_STEP][PASSED] - click: Object: 'Object Repository/Final Object Repo/New Registration - Registration Module Pages/New Reg - OTC to RO/Special Case - OTC - Form 1/BRN Search' is clicked on

2018-12-12 19:33:40 - [MESSAGE][PASSED] - Object: 'Object Repository/Final Object Repo/New Registration - Registration Module Pages/New Reg - OTC to RO/Special Case - OTC - Form 1/BRN Search' is clicked on

2018-12-12 19:33:40 - [TEST_STEP][PASSED] - delay: Delayed 4 second(s)

2018-12-12 19:33:44 - [MESSAGE][PASSED] - Delayed 4 second(s)

2018-12-12 19:33:44 - [TEST_STEP][PASSED] - click: Object: 'Object Repository/Final Object Repo/New Registration - Registration Module Pages/New Reg - OTC to RO/Special Case - OTC - Form 1/Registered with SSM - After Feb 2017' is clicked on

2018-12-12 19:33:44 - [MESSAGE][PASSED] - Object: 'Object Repository/Final Object Repo/New Registration - Registration Module Pages/New Reg - OTC to RO/Special Case - OTC - Form 1/Registered with SSM - After Feb 2017' is clicked on

2018-12-12 19:33:44 - [TEST_STEP][PASSED] - delay: Delayed 2 second(s)

2018-12-12 19:33:46 - [MESSAGE][PASSED] - Delayed 2 second(s)

2018-12-12 19:33:46 - [TEST_STEP][PASSED] - click: Object: 'Object Repository/Final Object Repo/New Registration - Registration Module Pages/New Reg - OTC to RO/Special Case - OTC - Form 1/Registering As A Branch - No' is clicked on

2018-12-12 19:33:46 - [MESSAGE][PASSED] - Object: 'Object Repository/Final Object Repo/New Registration - Registration Module Pages/New Reg - OTC to RO/Special Case - OTC - Form 1/Registering As A Branch - No' is clicked on

2018-12-12 19:33:46 - [TEST_STEP][PASSED] - click: Object: 'Object Repository/Final Object Repo/New Registration - Registration Module Pages/New Reg - OTC to RO/Special Case - OTC - Form 1/Acknowledgement Ticked' is clicked on

2018-12-12 19:33:46 - [MESSAGE][PASSED] - Object: 'Object Repository/Final Object Repo/New Registration - Registration Module Pages/New Reg - OTC to RO/Special Case - OTC - Form 1/Acknowledgement Ticked' is clicked on

2018-12-12 19:33:46 - [TEST_STEP][PASSED] - delay: Delayed 2 second(s)

2018-12-12 19:33:48 - [MESSAGE][PASSED] - Delayed 2 second(s)

2018-12-12 19:33:48 - [TEST_STEP][PASSED] - callTestCase: Call Test Case 'Test Cases/Final Aug 2018 - PKS Automation/Create Employer Acc/Template/Employer Email Getter' successfully

2018-12-12 19:33:48 - [TEST_CASE][PASSED] - Test Cases/Final Aug 2018 - PKS Automation/Create Employer Acc/Template/Employer Email Getter: Test Cases/Final Aug 2018 - PKS Automation/Create Employer Acc/Template/Employer Email Getter

2018-12-12 19:33:48 - [TEST_STEP][PASSED] - Statement - Try: null

2018-12-12 19:33:48 - [TEST_STEP][PASSED] - Statement - EmpEmail = new java.io.File(C://Users//Admin//Desktop//PKS//Automation Reference Point//EmpEmail.txt): null

2018-12-12 19:33:48 - [TEST_STEP][PASSED] - Statement - bufferread = new java.io.BufferedReader(new java.io.FileReader(EmpEmail)): null

2018-12-12 19:33:48 - [TEST_STEP][PASSED] - Statement - readedVal = bufferread.readLine(): null

2018-12-12 19:33:48 - [TEST_STEP][PASSED] - Statement - out.println(readedVal): null

2018-12-12 19:33:48 - [TEST_STEP][PASSED] - Statement - Email = readedVal: null

2018-12-12 19:33:48 - [MESSAGE][PASSED] - Call Test Case 'Test Cases/Final Aug 2018 - PKS Automation/Create Employer Acc/Template/Employer Email Getter' successfully

2018-12-12 19:33:48 - [TEST_STEP][PASSED] - setText: Text 'perkeso510737908422@gmail.com' is set on object 'Object Repository/Final Object Repo/Creating Employer Account/Email'

2018-12-12 19:33:49 - [MESSAGE][PASSED] - Text 'perkeso510737908422@gmail.com' is set on object 'Object Repository/Final Object Repo/Creating Employer Account/Email'

2018-12-12 19:33:49 - [TEST_STEP][PASSED] - delay: Delayed 2 second(s)

2018-12-12 19:33:51 - [MESSAGE][PASSED] - Delayed 2 second(s)

2018-12-12 19:33:51 - [TEST_STEP][PASSED] - click: Object: 'Object Repository/Final Object Repo/New Registration - Registration Module Pages/New Reg - OTC to RO/Special Case - OTC - Form 1/Submit Button' is clicked on

2018-12-12 19:33:51 - [MESSAGE][PASSED] - Object: 'Object Repository/Final Object Repo/New Registration - Registration Module Pages/New Reg - OTC to RO/Special Case - OTC - Form 1/Submit Button' is clicked on

2018-12-12 19:33:51 - [TEST_STEP][PASSED] - delay: Delayed 2 second(s)

2018-12-12 19:33:53 - [MESSAGE][PASSED] - Delayed 2 second(s)

2018-12-12 19:33:53 - [TEST_STEP][PASSED] - click: Object: 'Object Repository/Final Object Repo/New Registration - Registration Module Pages/New Reg - OTC to RO/Special Case - OTC - Form 1/Confirm No Flagging as Branch' is clicked on

2018-12-12 19:33:54 - [MESSAGE][PASSED] - Object: 'Object Repository/Final Object Repo/New Registration - Registration Module Pages/New Reg - OTC to RO/Special Case - OTC - Form 1/Confirm No Flagging as Branch' is clicked on

2018-12-12 19:33:54 - [MESSAGE][PASSED] - Call Test Case 'Test Cases/Final Aug 2018 - PKS Automation/Registration Module/Workflow/New Registration/Template/Special Case - Employer - Form 1' successfully

2018-12-12 19:33:54 - [TEST_STEP][PASSED] - callTestCase: Call Test Case 'Test Cases/Final Aug 2018 - PKS Automation/Registration Module/New Registration/Form 2/Add 1 Eligible - Employer Account Use' successfully

2018-12-12 19:33:54 - [TEST_CASE][PASSED] - Test Cases/Final Aug 2018 - PKS Automation/Registration Module/New Registration/Form 2/Add 1 Eligible - Employer Account Use: Test Cases/Final Aug 2018 - PKS Automation/Registration Module/New Registration/Form 2/Add 1 Eligible - Employer Account Use

2018-12-12 19:33:54 - [TEST_STEP][PASSED] - delay: Delayed 2 second(s)

2018-12-12 19:33:56 - [MESSAGE][PASSED] - Delayed 2 second(s)

2018-12-12 19:33:56 - [TEST_STEP][PASSED] - callTestCase: Call Test Case 'Test Cases/Final Aug 2018 - PKS Automation/Registration Module/New Registration/Form 2/Date Updater' successfully

2018-12-12 19:33:56 - [TEST_CASE][PASSED] - Test Cases/Final Aug 2018 - PKS Automation/Registration Module/New Registration/Form 2/Date Updater: Test Cases/Final Aug 2018 - PKS Automation/Registration Module/New Registration/Form 2/Date Updater

2018-12-12 19:33:56 - [TEST_STEP][PASSED] - Statement - TodayDate = new java.util.Date(): null

2018-12-12 19:33:56 - [TEST_STEP][PASSED] - Statement - CurrentDateNoFilter = new java.text.SimpleDateFormat(): null

2018-12-12 19:33:56 - [TEST_STEP][PASSED] - Statement - CurrentDateNoFilter.applyPattern("MM"): null

2018-12-12 19:33:56 - [TEST_STEP][PASSED] - Statement - monthContainerMatcher = java.lang.Integer.parseInt(CurrentDateNoFilter.format(TodayDate)): null

2018-12-12 19:33:56 - [TEST_STEP][PASSED] - Statement - monthContainerMatcher = monthContainerMatcher - 1: null

2018-12-12 19:33:56 - [TEST_STEP][PASSED] - Statement - CurrentMonth = monthContainerMatcher.toString(): null

2018-12-12 19:33:56 - [TEST_STEP][PASSED] - Statement - CurrentMonth = CurrentMonth: null

2018-12-12 19:33:56 - [TEST_STEP][PASSED] - Statement - CurrentDateNoFilter.applyPattern("yyyy"): null

2018-12-12 19:33:56 - [TEST_STEP][PASSED] - Statement - CurrentYear = CurrentDateNoFilter.format(TodayDate): null

2018-12-12 19:33:56 - [TEST_STEP][PASSED] - Statement - CurrentYear = CurrentYear: null

2018-12-12 19:33:56 - [TEST_STEP][PASSED] - Statement - intCurrentYear = java.lang.Integer.parseInt(CurrentDateNoFilter.format(TodayDate)): null

2018-12-12 19:33:56 - [TEST_STEP][PASSED] - Statement - eighteenYrsAgo = intCurrentYear - 18: null

2018-12-12 19:33:56 - [TEST_STEP][PASSED] - Statement - eighteenYrsBeforeThisYr = eighteenYrsAgo.toString(): null

2018-12-12 19:33:56 - [TEST_STEP][PASSED] - Statement - EighteenYrsBefore = eighteenYrsBeforeThisYr: null

2018-12-12 19:33:56 - [TEST_STEP][PASSED] - Statement - fiftysevenYrsAgo = intCurrentYear - 57: null

2018-12-12 19:33:56 - [TEST_STEP][PASSED] - Statement - fiftysevenYrsBeforeThisYr = fiftysevenYrsAgo.toString(): null

2018-12-12 19:33:56 - [TEST_STEP][PASSED] - Statement - FiftysevenYrsBefore = fiftysevenYrsBeforeThisYr: null

2018-12-12 19:33:56 - [TEST_STEP][PASSED] - Statement - leapYear = false: null

2018-12-12 19:33:56 - [TEST_STEP][PASSED] - Statement - leapYear = intCurrentYear % 4 == 0: null

2018-12-12 19:33:56 - [TEST_STEP][PASSED] - Statement - CurrentDateNoFilter.applyPattern("dd"): null

2018-12-12 19:33:56 - [TEST_STEP][PASSED] - Statement - CurrentDate = CurrentDateNoFilter.format(TodayDate): null

2018-12-12 19:33:56 - [TEST_STEP][PASSED] - Statement - CurrentDate = java.lang.Integer.parseInt(CurrentDate): null

2018-12-12 19:33:56 - [TEST_STEP][PASSED] - Statement - CurrentDate = CurrentDate: null

2018-12-12 19:33:56 - [TEST_STEP][PASSED] - Statement - CurrentDay = java.lang.Integer.parseInt(CurrentDate): null

2018-12-12 19:33:56 - [TEST_STEP][PASSED] - Statement - ConfAdder = <not implemented yet for class: org.codehaus.groovy.ast.expr.EmptyExpression>: null

2018-12-12 19:33:56 - [TEST_STEP][PASSED] - Statement - out.println(CurrentMonth): null

2018-12-12 19:33:56 - [TEST_STEP][PASSED] - Statement - out.println(CurrentDate): null

2018-12-12 19:33:56 - [TEST_STEP][PASSED] - Statement - switch (CurrentDate): null

2018-12-12 19:33:56 - [TEST_STEP][PASSED] - Statement - Default: null

2018-12-12 19:33:56 - [TEST_STEP][PASSED] - Statement - ConfAdder = true: null

2018-12-12 19:33:56 - [TEST_STEP][PASSED] - Statement - Break: null

2018-12-12 19:33:56 - [TEST_STEP][PASSED] - Statement - aDayBefore = <not implemented yet for class: org.codehaus.groovy.ast.expr.EmptyExpression>: null

2018-12-12 19:33:56 - [TEST_STEP][PASSED] - Statement - out.println(ConfAdder): null

2018-12-12 19:33:56 - [TEST_STEP][PASSED] - Statement - If (ConfAdder == true): null

2018-12-12 19:33:56 - [TEST_STEP][PASSED] - Statement - aDayBefore = CurrentDay + 1: null

2018-12-12 19:33:56 - [TEST_STEP][PASSED] - Statement - out.println(aDayBefore): null

2018-12-12 19:33:56 - [TEST_STEP][PASSED] - Statement - If (aDayBefore == 1 && CurrentMonth == 11): null

2018-12-12 19:33:56 - [TEST_STEP][PASSED] - Statement - DayBefore = aDayBefore.toString(): null

2018-12-12 19:33:56 - [TEST_STEP][PASSED] - Statement - OneDayBefore = DayBefore: null

2018-12-12 19:33:56 - [MESSAGE][PASSED] - Call Test Case 'Test Cases/Final Aug 2018 - PKS Automation/Registration Module/New Registration/Form 2/Date Updater' successfully

2018-12-12 19:33:56 - [TEST_STEP][PASSED] - delay: Delayed 1 second(s)

2018-12-12 19:33:57 - [MESSAGE][PASSED] - Delayed 1 second(s)

2018-12-12 19:33:57 - [TEST_STEP][PASSED] - Statement - CaseReferenceNo = com.kms.katalon.core.webui.keyword.WebUiBuiltInKeywords.getText(com.kms.katalon.core.testobject.ObjectRepository.findTestObject(Final Object Repo/New Registration - Registration Module Pages/Form 2/RefNo Acquiring)): Text of object 'Object Repository/Final Object Repo/New Registration - Registration Module Pages/Form 2/RefNo Acquiring' is: 'CRN12201800123232'

2018-12-12 19:33:57 - [MESSAGE][PASSED] - Text of object 'Object Repository/Final Object Repo/New Registration - Registration Module Pages/Form 2/RefNo Acquiring' is: 'CRN12201800123232'

2018-12-12 19:33:57 - [TEST_STEP][PASSED] - delay: Delayed 1 second(s)

2018-12-12 19:33:58 - [MESSAGE][PASSED] - Delayed 1 second(s)

2018-12-12 19:33:58 - [TEST_STEP][PASSED] - click: Object: 'Object Repository/Final Object Repo/New Registration - Registration Module Pages/Form 2/Add Employee Button' is clicked on

2018-12-12 19:33:58 - [MESSAGE][PASSED] - Object: 'Object Repository/Final Object Repo/New Registration - Registration Module Pages/Form 2/Add Employee Button' is clicked on

2018-12-12 19:33:58 - [TEST_STEP][PASSED] - delay: Delayed 1 second(s)

2018-12-12 19:33:59 - [MESSAGE][PASSED] - Delayed 1 second(s)

2018-12-12 19:33:59 - [TEST_STEP][PASSED] - setText: Text '010903091948' is set on object 'Object Repository/Final Object Repo/New Registration - Registration Module Pages/Form 2/NRIC Input'

2018-12-12 19:34:00 - [MESSAGE][PASSED] - Text '010903091948' is set on object 'Object Repository/Final Object Repo/New Registration - Registration Module Pages/Form 2/NRIC Input'

2018-12-12 19:34:00 - [TEST_STEP][PASSED] - delay: Delayed 2 second(s)

2018-12-12 19:34:02 - [MESSAGE][PASSED] - Delayed 2 second(s)

2018-12-12 19:34:02 - [TEST_STEP][PASSED] - setText: Text 'Automate001 eligible 1' is set on object 'Object Repository/Final Object Repo/New Registration - Registration Module Pages/Form 2/Employee Name Input'

2018-12-12 19:34:02 - [MESSAGE][PASSED] - Text 'Automate001 eligible 1' is set on object 'Object Repository/Final Object Repo/New Registration - Registration Module Pages/Form 2/Employee Name Input'

2018-12-12 19:34:02 - [TEST_STEP][PASSED] - delay: Delayed 2 second(s)

2018-12-12 19:34:04 - [MESSAGE][PASSED] - Delayed 2 second(s)

2018-12-12 19:34:04 - [TEST_STEP][PASSED] - click: Object: 'Object Repository/Final Object Repo/New Registration - Registration Module Pages/Form 2/DatePicker Pop Up' is clicked on

2018-12-12 19:34:04 - [MESSAGE][PASSED] - Object: 'Object Repository/Final Object Repo/New Registration - Registration Module Pages/Form 2/DatePicker Pop Up' is clicked on

2018-12-12 19:34:04 - [TEST_STEP][PASSED] - click: Object: 'Object Repository/Final Object Repo/New Registration - Registration Module Pages/Form 2/DOB Month' is clicked on

2018-12-12 19:34:04 - [MESSAGE][PASSED] - Object: 'Object Repository/Final Object Repo/New Registration - Registration Module Pages/Form 2/DOB Month' is clicked on

2018-12-12 19:34:04 - [TEST_STEP][PASSED] - Statement - CurrentMonth = CurrentMonth: null

2018-12-12 19:34:04 - [TEST_STEP][PASSED] - Statement - selectMonth = new com.kms.katalon.core.testobject.TestObject(): null

2018-12-12 19:34:04 - [TEST_STEP][PASSED] - Statement - selectMonth.addProperty("xpath", EQUALS, "//body/div/div/div/select/option[@value='" + CurrentMonth + "']", true): null

2018-12-12 19:34:04 - [TEST_STEP][PASSED] - click: Object: '' is clicked on

2018-12-12 19:34:05 - [MESSAGE][PASSED] - Object: '' is clicked on

2018-12-12 19:34:05 - [TEST_STEP][PASSED] - click: Object: 'Object Repository/Final Object Repo/New Registration - Registration Module Pages/Form 2/DOB Year' is clicked on

2018-12-12 19:34:05 - [MESSAGE][PASSED] - Object: 'Object Repository/Final Object Repo/New Registration - Registration Module Pages/Form 2/DOB Year' is clicked on

2018-12-12 19:34:05 - [TEST_STEP][PASSED] - Statement - Eyearsbf = EighteenYrsBefore: null

2018-12-12 19:34:05 - [TEST_STEP][PASSED] - Statement - selectYear = new com.kms.katalon.core.testobject.TestObject(): null

2018-12-12 19:34:05 - [TEST_STEP][PASSED] - Statement - selectYear.addProperty("xpath", EQUALS, "//div/div/div/select/option[@value='" + Eyearsbf + "']", true): null

2018-12-12 19:34:05 - [TEST_STEP][PASSED] - click: Object: '' is clicked on

2018-12-12 19:34:05 - [MESSAGE][PASSED] - Object: '' is clicked on

2018-12-12 19:34:05 - [TEST_STEP][PASSED] - Statement - UpdatedSelectDate = com.kms.katalon.core.webui.keyword.WebUiBuiltInKeywords.modifyObjectProperty(com.kms.katalon.core.testobject.ObjectRepository.findTestObject(Final Object Repo/New Registration - Registration Module Pages/Form 2/DOB Date), "xpath", "equals", "//body/div/table/tbody/tr/td/a[text()="" + CurrentDate + ""]", true): Modify property of object successfully

2018-12-12 19:34:05 - [MESSAGE][PASSED] - Modify property of object successfully

2018-12-12 19:34:05 - [TEST_STEP][PASSED] - delay: Delayed 3 second(s)

2018-12-12 19:34:08 - [MESSAGE][PASSED] - Delayed 3 second(s)

2018-12-12 19:34:08 - [TEST_STEP][PASSED] - click: Object: 'Object Repository/Final Object Repo/New Registration - Registration Module Pages/Form 2/DOB Date' is clicked on

2018-12-12 19:34:08 - [MESSAGE][PASSED] - Object: 'Object Repository/Final Object Repo/New Registration - Registration Module Pages/Form 2/DOB Date' is clicked on

2018-12-12 19:34:08 - [TEST_STEP][PASSED] - delay: Delayed 2 second(s)

2018-12-12 19:34:10 - [MESSAGE][PASSED] - Delayed 2 second(s)

2018-12-12 19:34:10 - [TEST_STEP][PASSED] - click: Object: 'Object Repository/Final Object Repo/New Registration - Registration Module Pages/Form 2/EmploymentStartDate Pop Up' is clicked on

2018-12-12 19:34:10 - [MESSAGE][PASSED] - Object: 'Object Repository/Final Object Repo/New Registration - Registration Module Pages/Form 2/EmploymentStartDate Pop Up' is clicked on

2018-12-12 19:34:10 - [TEST_STEP][PASSED] - delay: Delayed 2 second(s)

2018-12-12 19:34:12 - [MESSAGE][PASSED] - Delayed 2 second(s)

2018-12-12 19:34:12 - [TEST_STEP][PASSED] - click: Object: 'Object Repository/Final Object Repo/New Registration - Registration Module Pages/Form 2/Socso Employment StartDate Month' is clicked on

2018-12-12 19:34:12 - [MESSAGE][PASSED] - Object: 'Object Repository/Final Object Repo/New Registration - Registration Module Pages/Form 2/Socso Employment StartDate Month' is clicked on

2018-12-12 19:34:12 - [TEST_STEP][PASSED] - delay: Delayed 1 second(s)

2018-12-12 19:34:13 - [MESSAGE][PASSED] - Delayed 1 second(s)

2018-12-12 19:34:13 - [TEST_STEP][PASSED] - click: Object: 'Object Repository/Final Object Repo/New Registration - Registration Module Pages/Form 2/Select Socso Employement Startdate Month' is clicked on

2018-12-12 19:34:14 - [MESSAGE][PASSED] - Object: 'Object Repository/Final Object Repo/New Registration - Registration Module Pages/Form 2/Select Socso Employement Startdate Month' is clicked on

2018-12-12 19:34:14 - [TEST_STEP][PASSED] - delay: Delayed 2 second(s)

2018-12-12 19:34:16 - [MESSAGE][PASSED] - Delayed 2 second(s)

2018-12-12 19:34:16 - [TEST_STEP][PASSED] - click: Object: 'Object Repository/Final Object Repo/New Registration - Registration Module Pages/Form 2/Socso Employment StartDate Year' is clicked on

2018-12-12 19:34:16 - [MESSAGE][PASSED] - Object: 'Object Repository/Final Object Repo/New Registration - Registration Module Pages/Form 2/Socso Employment StartDate Year' is clicked on

2018-12-12 19:34:16 - [TEST_STEP][PASSED] - delay: Delayed 1 second(s)

2018-12-12 19:34:17 - [MESSAGE][PASSED] - Delayed 1 second(s)

2018-12-12 19:34:17 - [TEST_STEP][PASSED] - click: Object: 'Object Repository/Final Object Repo/New Registration - Registration Module Pages/Form 2/Select Socso Employment Startdate Year' is clicked on

2018-12-12 19:34:17 - [MESSAGE][PASSED] - Object: 'Object Repository/Final Object Repo/New Registration - Registration Module Pages/Form 2/Select Socso Employment Startdate Year' is clicked on

2018-12-12 19:34:17 - [TEST_STEP][PASSED] - delay: Delayed 2 second(s)

2018-12-12 19:34:19 - [MESSAGE][PASSED] - Delayed 2 second(s)

2018-12-12 19:34:19 - [TEST_STEP][PASSED] - click: Object: 'Object Repository/Final Object Repo/New Registration - Registration Module Pages/Form 2/Socso Employment Start Date Day' is clicked on

2018-12-12 19:34:19 - [MESSAGE][PASSED] - Object: 'Object Repository/Final Object Repo/New Registration - Registration Module Pages/Form 2/Socso Employment Start Date Day' is clicked on

2018-12-12 19:34:19 - [TEST_STEP][PASSED] - delay: Delayed 2 second(s)

2018-12-12 19:34:21 - [MESSAGE][PASSED] - Delayed 2 second(s)

2018-12-12 19:34:21 - [TEST_STEP][PASSED] - click: Object: 'Object Repository/Final Object Repo/New Registration - Registration Module Pages/Form 2/Save Button for Add Employee' is clicked on

2018-12-12 19:34:21 - [MESSAGE][PASSED] - Object: 'Object Repository/Final Object Repo/New Registration - Registration Module Pages/Form 2/Save Button for Add Employee' is clicked on

2018-12-12 19:34:21 - [TEST_STEP][PASSED] - delay: Delayed 6 second(s)

2018-12-12 19:34:27 - [MESSAGE][PASSED] - Delayed 6 second(s)

2018-12-12 19:34:27 - [TEST_STEP][PASSED] - click: Object: 'Object Repository/Final Object Repo/New Registration - Registration Module Pages/Form 2/Save and Continue Form 2' is clicked on

2018-12-12 19:34:27 - [MESSAGE][PASSED] - Object: 'Object Repository/Final Object Repo/New Registration - Registration Module Pages/Form 2/Save and Continue Form 2' is clicked on

2018-12-12 19:34:27 - [MESSAGE][PASSED] - Call Test Case 'Test Cases/Final Aug 2018 - PKS Automation/Registration Module/New Registration/Form 2/Add 1 Eligible - Employer Account Use' successfully

2018-12-12 19:34:27 - [TEST_STEP][PASSED] - callTestCase: Call Test Case 'Test Cases/Final Aug 2018 - PKS Automation/Registration Module/New Registration/Flow of New Registration/Third Screen - Upload Supporting Doc - Preview' successfully

2018-12-12 19:34:28 - [TEST_CASE][PASSED] - Test Cases/Final Aug 2018 - PKS Automation/Registration Module/New Registration/Flow of New Registration/Third Screen - Upload Supporting Doc - Preview: Test Cases/Final Aug 2018 - PKS Automation/Registration Module/New Registration/Flow of New Registration/Third Screen - Upload Supporting Doc - Preview

2018-12-12 19:34:28 - [TEST_STEP][PASSED] - waitForPageLoad: Wait for page load successfully

2018-12-12 19:34:28 - [MESSAGE][PASSED] - Wait for page load successfully

2018-12-12 19:34:28 - [TEST_STEP][PASSED] - Statement - CaseReferenceNo = com.kms.katalon.core.webui.keyword.WebUiBuiltInKeywords.getText(com.kms.katalon.core.testobject.ObjectRepository.findTestObject(Final Object Repo/New Registration - Registration Module Pages/Third Screen - Upload Supporting Doc- Preview/RefNo Acquiring)): Text of object 'Object Repository/Final Object Repo/New Registration - Registration Module Pages/Third Screen - Upload Supporting Doc- Preview/RefNo Acquiring' is: 'CRN12201800123232'

2018-12-12 19:34:28 - [MESSAGE][PASSED] - Text of object 'Object Repository/Final Object Repo/New Registration - Registration Module Pages/Third Screen - Upload Supporting Doc- Preview/RefNo Acquiring' is: 'CRN12201800123232'

2018-12-12 19:34:28 - [TEST_STEP][PASSED] - delay: Delayed 2 second(s)

2018-12-12 19:34:30 - [MESSAGE][PASSED] - Delayed 2 second(s)

2018-12-12 19:34:30 - [TEST_STEP][PASSED] - callTestCase: Call Test Case 'Test Cases/Final Aug 2018 - PKS Automation/Common/Reference Number Setter' successfully

2018-12-12 19:34:30 - [TEST_CASE][PASSED] - Test Cases/Final Aug 2018 - PKS Automation/Common/Reference Number Setter: Test Cases/Final Aug 2018 - PKS Automation/Common/Reference Number Setter

2018-12-12 19:34:30 - [TEST_STEP][PASSED] - Statement - RefNoOldFile = new java.io.File(C://Users//Admin//Desktop//PKS//Automation Reference Point//KatalonReference.txt): null

2018-12-12 19:34:30 - [TEST_STEP][PASSED] - Statement - RefNoOldFile.delete(): null

2018-12-12 19:34:30 - [TEST_STEP][PASSED] - delay: Delayed 5 second(s)

2018-12-12 19:34:35 - [MESSAGE][PASSED] - Delayed 5 second(s)

2018-12-12 19:34:35 - [TEST_STEP][PASSED] - Statement - RefNo = new java.io.File(C://Users//Admin//Desktop//PKS//Automation Reference Point//KatalonReference.txt): null

2018-12-12 19:34:35 - [TEST_STEP][PASSED] - Statement - f2 = new java.io.FileWriter(RefNo, false): null

2018-12-12 19:34:35 - [TEST_STEP][PASSED] - Statement - f2.write(CaseReferenceNo): null

2018-12-12 19:34:35 - [TEST_STEP][PASSED] - Statement - f2.close(): null

2018-12-12 19:34:35 - [TEST_STEP][PASSED] - Statement - out.println("


" + CaseReferenceNo + "


"): null

2018-12-12 19:34:35 - [MESSAGE][PASSED] - Call Test Case 'Test Cases/Final Aug 2018 - PKS Automation/Common/Reference Number Setter' successfully

2018-12-12 19:34:35 - [TEST_STEP][PASSED] - waitForElementClickable: Object 'Object Repository/Final Object Repo/New Registration - Registration Module Pages/Third Screen - Upload Supporting Doc- Preview/Save n Continue in SIP Employee Listing Page' is clickable

2018-12-12 19:34:35 - [MESSAGE][PASSED] - Object 'Object Repository/Final Object Repo/New Registration - Registration Module Pages/Third Screen - Upload Supporting Doc- Preview/Save n Continue in SIP Employee Listing Page' is clickable

2018-12-12 19:34:35 - [TEST_STEP][PASSED] - click: Object: 'Object Repository/Final Object Repo/New Registration - Registration Module Pages/Third Screen - Upload Supporting Doc- Preview/Save n Continue in SIP Employee Listing Page' is clicked on

2018-12-12 19:34:41 - [MESSAGE][PASSED] - Object: 'Object Repository/Final Object Repo/New Registration - Registration Module Pages/Third Screen - Upload Supporting Doc- Preview/Save n Continue in SIP Employee Listing Page' is clicked on

2018-12-12 19:34:41 - [TEST_STEP][PASSED] - delay: Delayed 7 second(s)

2018-12-12 19:34:48 - [MESSAGE][PASSED] - Delayed 7 second(s)

2018-12-12 19:34:48 - [TEST_STEP][PASSED] - click: Object: 'Object Repository/Final Object Repo/New Registration - Registration Module Pages/Third Screen - Upload Supporting Doc- Preview/Add Document Button' is clicked on

2018-12-12 19:34:48 - [MESSAGE][PASSED] - Object: 'Object Repository/Final Object Repo/New Registration - Registration Module Pages/Third Screen - Upload Supporting Doc- Preview/Add Document Button' is clicked on

2018-12-12 19:34:48 - [TEST_STEP][PASSED] - delay: Delayed 30 second(s)

2018-12-12 19:35:18 - [MESSAGE][PASSED] - Delayed 30 second(s)

2018-12-12 19:35:18 - [TEST_STEP][PASSED] - click: Object: 'Object Repository/Final Object Repo/New Registration - Registration Module Pages/Third Screen - Upload Supporting Doc- Preview/Supporting Doc Please Select Drop Down' is clicked on

2018-12-12 19:35:18 - [MESSAGE][PASSED] - Object: 'Object Repository/Final Object Repo/New Registration - Registration Module Pages/Third Screen - Upload Supporting Doc- Preview/Supporting Doc Please Select Drop Down' is clicked on

2018-12-12 19:35:18 - [TEST_STEP][PASSED] - delay: Delayed 2 second(s)

2018-12-12 19:35:20 - [MESSAGE][PASSED] - Delayed 2 second(s)

2018-12-12 19:35:20 - [TEST_STEP][PASSED] - click: Object: 'Object Repository/Final Object Repo/New Registration - Registration Module Pages/Third Screen - Upload Supporting Doc- Preview/Select to Upload Form 1' is clicked on

2018-12-12 19:35:20 - [MESSAGE][PASSED] - Object: 'Object Repository/Final Object Repo/New Registration - Registration Module Pages/Third Screen - Upload Supporting Doc- Preview/Select to Upload Form 1' is clicked on

2018-12-12 19:35:20 - [TEST_STEP][PASSED] - delay: Delayed 2 second(s)

2018-12-12 19:35:22 - [MESSAGE][PASSED] - Delayed 2 second(s)

2018-12-12 19:35:22 - [TEST_STEP][PASSED] - uploadFile: File 'C:\Users\Public\Pictures\Sample Pictures\Koala.jpg' sent to object: 'Object Repository/Final Object Repo/New Registration - Registration Module Pages/Third Screen - Upload Supporting Doc- Preview/Upload File Adding'

2018-12-12 19:35:22 - [MESSAGE][PASSED] - File 'C:\Users\Public\Pictures\Sample Pictures\Koala.jpg' sent to object: 'Object Repository/Final Object Repo/New Registration - Registration Module Pages/Third Screen - Upload Supporting Doc- Preview/Upload File Adding'

2018-12-12 19:35:22 - [TEST_STEP][PASSED] - delay: Delayed 5 second(s)

2018-12-12 19:35:27 - [MESSAGE][PASSED] - Delayed 5 second(s)

2018-12-12 19:35:27 - [TEST_STEP][PASSED] - click: Object: 'Object Repository/Final Object Repo/New Registration - Registration Module Pages/Third Screen - Upload Supporting Doc- Preview/Inner Form Add Document Button' is clicked on

2018-12-12 19:35:27 - [MESSAGE][PASSED] - Object: 'Object Repository/Final Object Repo/New Registration - Registration Module Pages/Third Screen - Upload Supporting Doc- Preview/Inner Form Add Document Button' is clicked on

2018-12-12 19:35:27 - [TEST_STEP][PASSED] - delay: Delayed 3 second(s)

2018-12-12 19:35:30 - [MESSAGE][PASSED] - Delayed 3 second(s)

2018-12-12 19:35:30 - [TEST_STEP][PASSED] - click: Object: 'Object Repository/Final Object Repo/New Registration - Registration Module Pages/Third Screen - Upload Supporting Doc- Preview/Add Document Button' is clicked on

2018-12-12 19:35:32 - [MESSAGE][PASSED] - Object: 'Object Repository/Final Object Repo/New Registration - Registration Module Pages/Third Screen - Upload Supporting Doc- Preview/Add Document Button' is clicked on

2018-12-12 19:35:32 - [TEST_STEP][PASSED] - delay: Delayed 30 second(s)

2018-12-12 19:36:02 - [MESSAGE][PASSED] - Delayed 30 second(s)

2018-12-12 19:36:02 - [TEST_STEP][PASSED] - click: Object: 'Object Repository/Final Object Repo/New Registration - Registration Module Pages/Third Screen - Upload Supporting Doc- Preview/Supporting Doc Please Select Drop Down' is clicked on

2018-12-12 19:36:02 - [MESSAGE][PASSED] - Object: 'Object Repository/Final Object Repo/New Registration - Registration Module Pages/Third Screen - Upload Supporting Doc- Preview/Supporting Doc Please Select Drop Down' is clicked on

2018-12-12 19:36:02 - [TEST_STEP][PASSED] - delay: Delayed 4 second(s)

2018-12-12 19:36:06 - [MESSAGE][PASSED] - Delayed 4 second(s)

2018-12-12 19:36:06 - [TEST_STEP][PASSED] - click: Object: 'Object Repository/Final Object Repo/New Registration - Registration Module Pages/Third Screen - Upload Supporting Doc- Preview/Select to Upload Form 2' is clicked on

2018-12-12 19:36:06 - [MESSAGE][PASSED] - Object: 'Object Repository/Final Object Repo/New Registration - Registration Module Pages/Third Screen - Upload Supporting Doc- Preview/Select to Upload Form 2' is clicked on

2018-12-12 19:36:06 - [TEST_STEP][PASSED] - delay: Delayed 2 second(s)

2018-12-12 19:36:08 - [MESSAGE][PASSED] - Delayed 2 second(s)

2018-12-12 19:36:08 - [TEST_STEP][PASSED] - uploadFile: File 'C:\Users\Public\Pictures\Sample Pictures\Koala.jpg' sent to object: 'Object Repository/Final Object Repo/New Registration - Registration Module Pages/Third Screen - Upload Supporting Doc- Preview/Upload File Adding'

2018-12-12 19:36:08 - [MESSAGE][PASSED] - File 'C:\Users\Public\Pictures\Sample Pictures\Koala.jpg' sent to object: 'Object Repository/Final Object Repo/New Registration - Registration Module Pages/Third Screen - Upload Supporting Doc- Preview/Upload File Adding'

2018-12-12 19:36:08 - [TEST_STEP][PASSED] - click: Object: 'Object Repository/Final Object Repo/New Registration - Registration Module Pages/Third Screen - Upload Supporting Doc- Preview/Inner Form Add Document Button' is clicked on

2018-12-12 19:36:08 - [MESSAGE][PASSED] - Object: 'Object Repository/Final Object Repo/New Registration - Registration Module Pages/Third Screen - Upload Supporting Doc- Preview/Inner Form Add Document Button' is clicked on

2018-12-12 19:36:08 - [TEST_STEP][PASSED] - delay: Delayed 5 second(s)

2018-12-12 19:36:13 - [MESSAGE][PASSED] - Delayed 5 second(s)

2018-12-12 19:36:13 - [TEST_STEP][PASSED] - click: Object: 'Object Repository/Final Object Repo/New Registration - Registration Module Pages/Third Screen - Upload Supporting Doc- Preview/Add Document Button' is clicked on

2018-12-12 19:36:14 - [MESSAGE][PASSED] - Object: 'Object Repository/Final Object Repo/New Registration - Registration Module Pages/Third Screen - Upload Supporting Doc- Preview/Add Document Button' is clicked on

2018-12-12 19:36:14 - [TEST_STEP][PASSED] - delay: Delayed 30 second(s)

2018-12-12 19:36:44 - [MESSAGE][PASSED] - Delayed 30 second(s)

2018-12-12 19:36:44 - [TEST_STEP][PASSED] - click: Object: 'Object Repository/Final Object Repo/New Registration - Registration Module Pages/Third Screen - Upload Supporting Doc- Preview/Supporting Doc Please Select Drop Down' is clicked on

2018-12-12 19:36:44 - [MESSAGE][PASSED] - Object: 'Object Repository/Final Object Repo/New Registration - Registration Module Pages/Third Screen - Upload Supporting Doc- Preview/Supporting Doc Please Select Drop Down' is clicked on

2018-12-12 19:36:44 - [TEST_STEP][PASSED] - click: Object: 'Object Repository/Final Object Repo/New Registration - Registration Module Pages/Third Screen - Upload Supporting Doc- Preview/Select to Upload Borang SIP 1' is clicked on

2018-12-12 19:36:44 - [MESSAGE][PASSED] - Object: 'Object Repository/Final Object Repo/New Registration - Registration Module Pages/Third Screen - Upload Supporting Doc- Preview/Select to Upload Borang SIP 1' is clicked on

2018-12-12 19:36:44 - [TEST_STEP][PASSED] - delay: Delayed 2 second(s)

2018-12-12 19:36:46 - [MESSAGE][PASSED] - Delayed 2 second(s)

2018-12-12 19:36:46 - [TEST_STEP][PASSED] - uploadFile: File 'C:\Users\Public\Pictures\Sample Pictures\Koala.jpg' sent to object: 'Object Repository/Final Object Repo/New Registration - Registration Module Pages/Third Screen - Upload Supporting Doc- Preview/Upload File Adding'

2018-12-12 19:36:46 - [MESSAGE][PASSED] - File 'C:\Users\Public\Pictures\Sample Pictures\Koala.jpg' sent to object: 'Object Repository/Final Object Repo/New Registration - Registration Module Pages/Third Screen - Upload Supporting Doc- Preview/Upload File Adding'

2018-12-12 19:36:46 - [TEST_STEP][PASSED] - click: Object: 'Object Repository/Final Object Repo/New Registration - Registration Module Pages/Third Screen - Upload Supporting Doc- Preview/Inner Form Add Document Button' is clicked on

2018-12-12 19:36:46 - [MESSAGE][PASSED] - Object: 'Object Repository/Final Object Repo/New Registration - Registration Module Pages/Third Screen - Upload Supporting Doc- Preview/Inner Form Add Document Button' is clicked on

2018-12-12 19:36:46 - [TEST_STEP][PASSED] - delay: Delayed 5 second(s)

2018-12-12 19:36:51 - [MESSAGE][PASSED] - Delayed 5 second(s)

2018-12-12 19:36:51 - [TEST_STEP][PASSED] - click: Object: 'Object Repository/Final Object Repo/New Registration - Registration Module Pages/Third Screen - Upload Supporting Doc- Preview/Add Document Button' is clicked on

2018-12-12 19:36:51 - [MESSAGE][PASSED] - Object: 'Object Repository/Final Object Repo/New Registration - Registration Module Pages/Third Screen - Upload Supporting Doc- Preview/Add Document Button' is clicked on

2018-12-12 19:36:51 - [TEST_STEP][PASSED] - delay: Delayed 30 second(s)

2018-12-12 19:37:21 - [MESSAGE][PASSED] - Delayed 30 second(s)

2018-12-12 19:37:21 - [TEST_STEP][PASSED] - click: Object: 'Object Repository/Final Object Repo/New Registration - Registration Module Pages/Third Screen - Upload Supporting Doc- Preview/Supporting Doc Please Select Drop Down' is clicked on

2018-12-12 19:37:22 - [MESSAGE][PASSED] - Object: 'Object Repository/Final Object Repo/New Registration - Registration Module Pages/Third Screen - Upload Supporting Doc- Preview/Supporting Doc Please Select Drop Down' is clicked on

2018-12-12 19:37:22 - [TEST_STEP][PASSED] - delay: Delayed 3 second(s)

2018-12-12 19:37:25 - [MESSAGE][PASSED] - Delayed 3 second(s)

2018-12-12 19:37:25 - [TEST_STEP][PASSED] - click: Object: 'Object Repository/Final Object Repo/New Registration - Registration Module Pages/Third Screen - Upload Supporting Doc- Preview/Select to Upload Borang SIP 2' is clicked on

2018-12-12 19:37:25 - [MESSAGE][PASSED] - Object: 'Object Repository/Final Object Repo/New Registration - Registration Module Pages/Third Screen - Upload Supporting Doc- Preview/Select to Upload Borang SIP 2' is clicked on

2018-12-12 19:37:25 - [TEST_STEP][PASSED] - delay: Delayed 2 second(s)

2018-12-12 19:37:27 - [MESSAGE][PASSED] - Delayed 2 second(s)

2018-12-12 19:37:27 - [TEST_STEP][PASSED] - uploadFile: File 'C:\Users\Public\Pictures\Sample Pictures\Koala.jpg' sent to object: 'Object Repository/Final Object Repo/New Registration - Registration Module Pages/Third Screen - Upload Supporting Doc- Preview/Upload File Adding'

2018-12-12 19:37:27 - [MESSAGE][PASSED] - File 'C:\Users\Public\Pictures\Sample Pictures\Koala.jpg' sent to object: 'Object Repository/Final Object Repo/New Registration - Registration Module Pages/Third Screen - Upload Supporting Doc- Preview/Upload File Adding'

2018-12-12 19:37:27 - [TEST_STEP][PASSED] - delay: Delayed 5 second(s)

2018-12-12 19:37:32 - [MESSAGE][PASSED] - Delayed 5 second(s)

2018-12-12 19:37:32 - [TEST_STEP][PASSED] - click: Object: 'Object Repository/Final Object Repo/New Registration - Registration Module Pages/Third Screen - Upload Supporting Doc- Preview/Inner Form Add Document Button' is clicked on

2018-12-12 19:37:32 - [MESSAGE][PASSED] - Object: 'Object Repository/Final Object Repo/New Registration - Registration Module Pages/Third Screen - Upload Supporting Doc- Preview/Inner Form Add Document Button' is clicked on

2018-12-12 19:37:32 - [TEST_STEP][PASSED] - delay: Delayed 3 second(s)

2018-12-12 19:37:35 - [MESSAGE][PASSED] - Delayed 3 second(s)

2018-12-12 19:37:35 - [TEST_STEP][PASSED] - waitForElementClickable: Object 'Object Repository/Final Object Repo/New Registration - Registration Module Pages/Third Screen - Upload Supporting Doc- Preview/Save n Continue in Uploading Supporting Doc Page' is clickable

2018-12-12 19:37:36 - [MESSAGE][PASSED] - Object 'Object Repository/Final Object Repo/New Registration - Registration Module Pages/Third Screen - Upload Supporting Doc- Preview/Save n Continue in Uploading Supporting Doc Page' is clickable

2018-12-12 19:37:36 - [TEST_STEP][PASSED] - click: Object: 'Object Repository/Final Object Repo/New Registration - Registration Module Pages/Third Screen - Upload Supporting Doc- Preview/Save n Continue in Uploading Supporting Doc Page' is clicked on

2018-12-12 19:37:36 - [MESSAGE][PASSED] - Object: 'Object Repository/Final Object Repo/New Registration - Registration Module Pages/Third Screen - Upload Supporting Doc- Preview/Save n Continue in Uploading Supporting Doc Page' is clicked on

2018-12-12 19:37:36 - [MESSAGE][PASSED] - Call Test Case 'Test Cases/Final Aug 2018 - PKS Automation/Registration Module/New Registration/Flow of New Registration/Third Screen - Upload Supporting Doc - Preview' successfully

2018-12-12 19:37:36 - [TEST_STEP][PASSED] - setText: Text 'Tester' is set on object 'Object Repository/Final Object Repo/New Registration - Registration Module Pages/New Reg - OTC to RO/Special Case - All Related Objects/Employer Preview Name'

2018-12-12 19:37:41 - [MESSAGE][PASSED] - Text 'Tester' is set on object 'Object Repository/Final Object Repo/New Registration - Registration Module Pages/New Reg - OTC to RO/Special Case - All Related Objects/Employer Preview Name'

2018-12-12 19:37:41 - [TEST_STEP][PASSED] - click: Object: 'Object Repository/Final Object Repo/New Registration - Registration Module Pages/New Reg - OTC to RO/Special Case - All Related Objects/IC Type Drop Down' is clicked on

2018-12-12 19:37:41 - [MESSAGE][PASSED] - Object: 'Object Repository/Final Object Repo/New Registration - Registration Module Pages/New Reg - OTC to RO/Special Case - All Related Objects/IC Type Drop Down' is clicked on

2018-12-12 19:37:41 - [TEST_STEP][PASSED] - click: Object: 'Object Repository/Final Object Repo/New Registration - Registration Module Pages/New Reg - OTC to RO/Special Case - All Related Objects/Select to NRIC' is clicked on

2018-12-12 19:37:41 - [MESSAGE][PASSED] - Object: 'Object Repository/Final Object Repo/New Registration - Registration Module Pages/New Reg - OTC to RO/Special Case - All Related Objects/Select to NRIC' is clicked on

2018-12-12 19:37:41 - [TEST_STEP][PASSED] - setText: Text '133245561223' is set on object 'Object Repository/Final Object Repo/New Registration - Registration Module Pages/New Reg - OTC to RO/Special Case - All Related Objects/IC Value'

2018-12-12 19:37:41 - [MESSAGE][PASSED] - Text '133245561223' is set on object 'Object Repository/Final Object Repo/New Registration - Registration Module Pages/New Reg - OTC to RO/Special Case - All Related Objects/IC Value'

2018-12-12 19:37:41 - [TEST_STEP][PASSED] - setText: Text 'Auto' is set on object 'Object Repository/Final Object Repo/New Registration - Registration Module Pages/New Reg - OTC to RO/Special Case - All Related Objects/Designation'

2018-12-12 19:37:42 - [MESSAGE][PASSED] - Text 'Auto' is set on object 'Object Repository/Final Object Repo/New Registration - Registration Module Pages/New Reg - OTC to RO/Special Case - All Related Objects/Designation'

2018-12-12 19:37:42 - [TEST_STEP][PASSED] - callTestCase: Call Test Case 'Test Cases/Final Aug 2018 - PKS Automation/Registration Module/New Registration/Submit and Screenshot/Submit Registration and Screenshot' successfully

2018-12-12 19:37:42 - [TEST_CASE][PASSED] - Test Cases/Final Aug 2018 - PKS Automation/Registration Module/New Registration/Submit and Screenshot/Submit Registration and Screenshot: Test Cases/Final Aug 2018 - PKS Automation/Registration Module/New Registration/Submit and Screenshot/Submit Registration and Screenshot

2018-12-12 19:37:42 - [TEST_STEP][PASSED] - delay: Delayed 6 second(s)

2018-12-12 19:37:48 - [MESSAGE][PASSED] - Delayed 6 second(s)

2018-12-12 19:37:48 - [TEST_STEP][PASSED] - click: Object: 'Object Repository/Final Object Repo/New Registration - Registration Module Pages/Third Screen - Upload Supporting Doc- Preview/Preview Submit Button' is clicked on

2018-12-12 19:37:48 - [MESSAGE][PASSED] - Object: 'Object Repository/Final Object Repo/New Registration - Registration Module Pages/Third Screen - Upload Supporting Doc- Preview/Preview Submit Button' is clicked on

2018-12-12 19:37:48 - [TEST_STEP][PASSED] - delay: Delayed 2 second(s)

2018-12-12 19:37:50 - [MESSAGE][PASSED] - Delayed 2 second(s)

2018-12-12 19:37:50 - [TEST_STEP][PASSED] - click: Object: 'Object Repository/Final Object Repo/New Registration - Registration Module Pages/Third Screen - Upload Supporting Doc- Preview/Preview Submit - Confirm' is clicked on

2018-12-12 19:37:50 - [MESSAGE][PASSED] - Object: 'Object Repository/Final Object Repo/New Registration - Registration Module Pages/Third Screen - Upload Supporting Doc- Preview/Preview Submit - Confirm' is clicked on

2018-12-12 19:37:50 - [TEST_STEP][PASSED] - delay: Delayed 15 second(s)

2018-12-12 19:38:05 - [MESSAGE][PASSED] - Delayed 15 second(s)

2018-12-12 19:38:05 - [TEST_STEP][PASSED] - Statement - driver = com.kms.katalon.core.webui.driver.DriverFactory.getWebDriver(): null

2018-12-12 19:38:05 - [TEST_STEP][PASSED] - Statement - driver.manage().timeouts().implicitlyWait(10, SECONDS): null

2018-12-12 19:38:05 - [TEST_STEP][PASSED] - Statement - PresavePath = KatalonScreenshots: null

2018-12-12 19:38:05 - [TEST_STEP][PASSED] - Statement - pathPrefix = "C:\Users\Public\Pictures\Sample Pictures\Katalon Screenshots\Automate Ending Screen": null

2018-12-12 19:38:05 - [TEST_STEP][PASSED] - Statement - finalPath = <not implemented yet for class: org.codehaus.groovy.ast.expr.EmptyExpression>: null

2018-12-12 19:38:05 - [TEST_STEP][PASSED] - Statement - scrFile = driver.getScreenshotAs(FILE): null

2018-12-12 19:38:05 - [TEST_STEP][PASSED] - Statement - PreSaveFile = new java.io.File(PresavePath): null

2018-12-12 19:38:05 - [TEST_STEP][PASSED] - Statement - counter = 0: null

2018-12-12 19:38:05 - [TEST_STEP][PASSED] - Statement - If (PreSaveFile.exists()): null

2018-12-12 19:38:05 - [TEST_STEP][PASSED] - Statement - While (PreSaveFile.exists()): null

2018-12-12 19:38:05 - [TEST_STEP][PASSED] - Statement - counter = counter + 1: null

2018-12-12 19:38:05 - [TEST_STEP][PASSED] - Statement - PreSaveFile = new java.io.File(((pathPrefix + java.lang.Integer.toString(counter)) + .png)): null

2018-12-12 19:38:05 - [TEST_STEP][PASSED] - Statement - counter = counter + 1: null

2018-12-12 19:38:05 - [TEST_STEP][PASSED] - Statement - PreSaveFile = new java.io.File(((pathPrefix + java.lang.Integer.toString(counter)) + .png)): null

2018-12-12 19:38:05 - [TEST_STEP][PASSED] - Statement - counter = counter + 1: null

2018-12-12 19:38:05 - [TEST_STEP][PASSED] - Statement - PreSaveFile = new java.io.File(((pathPrefix + java.lang.Integer.toString(counter)) + .png)): null

2018-12-12 19:38:05 - [TEST_STEP][PASSED] - Statement - counter = counter + 1: null

2018-12-12 19:38:05 - [TEST_STEP][PASSED] - Statement - PreSaveFile = new java.io.File(((pathPrefix + java.lang.Integer.toString(counter)) + .png)): null

2018-12-12 19:38:05 - [TEST_STEP][PASSED] - Statement - counter = counter + 1: null

2018-12-12 19:38:05 - [TEST_STEP][PASSED] - Statement - PreSaveFile = new java.io.File(((pathPrefix + java.lang.Integer.toString(counter)) + .png)): null

2018-12-12 19:38:05 - [TEST_STEP][PASSED] - Statement - counter = counter + 1: null

2018-12-12 19:38:05 - [TEST_STEP][PASSED] - Statement - PreSaveFile = new java.io.File(((pathPrefix + java.lang.Integer.toString(counter)) + .png)): null

2018-12-12 19:38:05 - [TEST_STEP][PASSED] - Statement - counter = counter + 1: null

2018-12-12 19:38:05 - [TEST_STEP][PASSED] - Statement - PreSaveFile = new java.io.File(((pathPrefix + java.lang.Integer.toString(counter)) + .png)): null

2018-12-12 19:38:05 - [TEST_STEP][PASSED] - Statement - counter = counter + 1: null

2018-12-12 19:38:05 - [TEST_STEP][PASSED] - Statement - PreSaveFile = new java.io.File(((pathPrefix + java.lang.Integer.toString(counter)) + .png)): null

2018-12-12 19:38:05 - [TEST_STEP][PASSED] - Statement - counter = counter + 1: null

2018-12-12 19:38:05 - [TEST_STEP][PASSED] - Statement - PreSaveFile = new java.io.File(((pathPrefix + java.lang.Integer.toString(counter)) + .png)): null

2018-12-12 19:38:05 - [TEST_STEP][PASSED] - Statement - counter = counter + 1: null

2018-12-12 19:38:05 - [TEST_STEP][PASSED] - Statement - PreSaveFile = new java.io.File(((pathPrefix + java.lang.Integer.toString(counter)) + .png)): null

2018-12-12 19:38:05 - [TEST_STEP][PASSED] - Statement - counter = counter + 1: null

2018-12-12 19:38:05 - [TEST_STEP][PASSED] - Statement - PreSaveFile = new java.io.File(((pathPrefix + java.lang.Integer.toString(counter)) + .png)): null

2018-12-12 19:38:05 - [TEST_STEP][PASSED] - Statement - counter = counter + 1: null

2018-12-12 19:38:05 - [TEST_STEP][PASSED] - Statement - PreSaveFile = new java.io.File(((pathPrefix + java.lang.Integer.toString(counter)) + .png)): null

2018-12-12 19:38:05 - [TEST_STEP][PASSED] - Statement - counter = counter + 1: null

2018-12-12 19:38:05 - [TEST_STEP][PASSED] - Statement - PreSaveFile = new java.io.File(((pathPrefix + java.lang.Integer.toString(counter)) + .png)): null

2018-12-12 19:38:05 - [TEST_STEP][PASSED] - Statement - counter = counter + 1: null

2018-12-12 19:38:05 - [TEST_STEP][PASSED] - Statement - PreSaveFile = new java.io.File(((pathPrefix + java.lang.Integer.toString(counter)) + .png)): null

2018-12-12 19:38:05 - [TEST_STEP][PASSED] - Statement - counter = counter + 1: null

2018-12-12 19:38:05 - [TEST_STEP][PASSED] - Statement - PreSaveFile = new java.io.File(((pathPrefix + java.lang.Integer.toString(counter)) + .png)): null

2018-12-12 19:38:05 - [TEST_STEP][PASSED] - Statement - counter = counter + 1: null

2018-12-12 19:38:05 - [TEST_STEP][PASSED] - Statement - PreSaveFile = new java.io.File(((pathPrefix + java.lang.Integer.toString(counter)) + .png)): null

2018-12-12 19:38:05 - [TEST_STEP][PASSED] - Statement - counter = counter + 1: null

2018-12-12 19:38:05 - [TEST_STEP][PASSED] - Statement - PreSaveFile = new java.io.File(((pathPrefix + java.lang.Integer.toString(counter)) + .png)): null

2018-12-12 19:38:05 - [TEST_STEP][PASSED] - Statement - counter = counter + 1: null

2018-12-12 19:38:05 - [TEST_STEP][PASSED] - Statement - PreSaveFile = new java.io.File(((pathPrefix + java.lang.Integer.toString(counter)) + .png)): null

2018-12-12 19:38:05 - [TEST_STEP][PASSED] - Statement - counter = counter + 1: null

2018-12-12 19:38:05 - [TEST_STEP][PASSED] - Statement - PreSaveFile = new java.io.File(((pathPrefix + java.lang.Integer.toString(counter)) + .png)): null

2018-12-12 19:38:05 - [TEST_STEP][PASSED] - Statement - counter = counter + 1: null

2018-12-12 19:38:05 - [TEST_STEP][PASSED] - Statement - PreSaveFile = new java.io.File(((pathPrefix + java.lang.Integer.toString(counter)) + .png)): null

2018-12-12 19:38:05 - [TEST_STEP][PASSED] - Statement - counter = counter + 1: null

2018-12-12 19:38:05 - [TEST_STEP][PASSED] - Statement - PreSaveFile = new java.io.File(((pathPrefix + java.lang.Integer.toString(counter)) + .png)): null

2018-12-12 19:38:05 - [TEST_STEP][PASSED] - Statement - counter = counter + 1: null

2018-12-12 19:38:05 - [TEST_STEP][PASSED] - Statement - PreSaveFile = new java.io.File(((pathPrefix + java.lang.Integer.toString(counter)) + .png)): null

2018-12-12 19:38:05 - [TEST_STEP][PASSED] - Statement - counter = counter + 1: null

2018-12-12 19:38:05 - [TEST_STEP][PASSED] - Statement - PreSaveFile = new java.io.File(((pathPrefix + java.lang.Integer.toString(counter)) + .png)): null

2018-12-12 19:38:05 - [TEST_STEP][PASSED] - Statement - counter = counter + 1: null

2018-12-12 19:38:05 - [TEST_STEP][PASSED] - Statement - PreSaveFile = new java.io.File(((pathPrefix + java.lang.Integer.toString(counter)) + .png)): null

2018-12-12 19:38:05 - [TEST_STEP][PASSED] - Statement - counter = counter + 1: null

2018-12-12 19:38:05 - [TEST_STEP][PASSED] - Statement - PreSaveFile = new java.io.File(((pathPrefix + java.lang.Integer.toString(counter)) + .png)): null

2018-12-12 19:38:05 - [TEST_STEP][PASSED] - Statement - counter = counter + 1: null

2018-12-12 19:38:06 - [TEST_STEP][PASSED] - Statement - PreSaveFile = new java.io.File(((pathPrefix + java.lang.Integer.toString(counter)) + .png)): null

2018-12-12 19:38:06 - [TEST_STEP][PASSED] - Statement - counter = counter + 1: null

2018-12-12 19:38:06 - [TEST_STEP][PASSED] - Statement - PreSaveFile = new java.io.File(((pathPrefix + java.lang.Integer.toString(counter)) + .png)): null

2018-12-12 19:38:06 - [TEST_STEP][PASSED] - Statement - counter = counter + 1: null

2018-12-12 19:38:06 - [TEST_STEP][PASSED] - Statement - PreSaveFile = new java.io.File(((pathPrefix + java.lang.Integer.toString(counter)) + .png)): null

2018-12-12 19:38:06 - [TEST_STEP][PASSED] - Statement - counter = counter + 1: null

2018-12-12 19:38:06 - [TEST_STEP][PASSED] - Statement - PreSaveFile = new java.io.File(((pathPrefix + java.lang.Integer.toString(counter)) + .png)): null

2018-12-12 19:38:06 - [TEST_STEP][PASSED] - Statement - counter = counter + 1: null

2018-12-12 19:38:06 - [TEST_STEP][PASSED] - Statement - PreSaveFile = new java.io.File(((pathPrefix + java.lang.Integer.toString(counter)) + .png)): null

2018-12-12 19:38:06 - [TEST_STEP][PASSED] - Statement - counter = counter + 1: null

2018-12-12 19:38:06 - [TEST_STEP][PASSED] - Statement - PreSaveFile = new java.io.File(((pathPrefix + java.lang.Integer.toString(counter)) + .png)): null

2018-12-12 19:38:06 - [TEST_STEP][PASSED] - Statement - counter = counter + 1: null

2018-12-12 19:38:06 - [TEST_STEP][PASSED] - Statement - PreSaveFile = new java.io.File(((pathPrefix + java.lang.Integer.toString(counter)) + .png)): null

2018-12-12 19:38:06 - [TEST_STEP][PASSED] - Statement - counter = counter + 1: null

2018-12-12 19:38:06 - [TEST_STEP][PASSED] - Statement - PreSaveFile = new java.io.File(((pathPrefix + java.lang.Integer.toString(counter)) + .png)): null

2018-12-12 19:38:06 - [TEST_STEP][PASSED] - Statement - counter = counter + 1: null

2018-12-12 19:38:06 - [TEST_STEP][PASSED] - Statement - PreSaveFile = new java.io.File(((pathPrefix + java.lang.Integer.toString(counter)) + .png)): null

2018-12-12 19:38:06 - [TEST_STEP][PASSED] - Statement - counter = counter + 1: null

2018-12-12 19:38:06 - [TEST_STEP][PASSED] - Statement - PreSaveFile = new java.io.File(((pathPrefix + java.lang.Integer.toString(counter)) + .png)): null

2018-12-12 19:38:06 - [TEST_STEP][PASSED] - Statement - counter = counter + 1: null

2018-12-12 19:38:06 - [TEST_STEP][PASSED] - Statement - PreSaveFile = new java.io.File(((pathPrefix + java.lang.Integer.toString(counter)) + .png)): null

2018-12-12 19:38:06 - [TEST_STEP][PASSED] - Statement - counter = counter + 1: null

2018-12-12 19:38:06 - [TEST_STEP][PASSED] - Statement - PreSaveFile = new java.io.File(((pathPrefix + java.lang.Integer.toString(counter)) + .png)): null

2018-12-12 19:38:06 - [TEST_STEP][PASSED] - Statement - counter = counter + 1: null

2018-12-12 19:38:06 - [TEST_STEP][PASSED] - Statement - PreSaveFile = new java.io.File(((pathPrefix + java.lang.Integer.toString(counter)) + .png)): null

2018-12-12 19:38:06 - [TEST_STEP][PASSED] - Statement - counter = counter + 1: null

2018-12-12 19:38:06 - [TEST_STEP][PASSED] - Statement - PreSaveFile = new java.io.File(((pathPrefix + java.lang.Integer.toString(counter)) + .png)): null

2018-12-12 19:38:06 - [TEST_STEP][PASSED] - Statement - counter = counter + 1: null

2018-12-12 19:38:06 - [TEST_STEP][PASSED] - Statement - PreSaveFile = new java.io.File(((pathPrefix + java.lang.Integer.toString(counter)) + .png)): null

2018-12-12 19:38:06 - [TEST_STEP][PASSED] - Statement - counter = counter + 1: null

2018-12-12 19:38:06 - [TEST_STEP][PASSED] - Statement - PreSaveFile = new java.io.File(((pathPrefix + java.lang.Integer.toString(counter)) + .png)): null

2018-12-12 19:38:06 - [TEST_STEP][PASSED] - Statement - counter = counter + 1: null

2018-12-12 19:38:06 - [TEST_STEP][PASSED] - Statement - PreSaveFile = new java.io.File(((pathPrefix + java.lang.Integer.toString(counter)) + .png)): null

2018-12-12 19:38:06 - [TEST_STEP][PASSED] - Statement - counter = counter + 1: null

2018-12-12 19:38:06 - [TEST_STEP][PASSED] - Statement - PreSaveFile = new java.io.File(((pathPrefix + java.lang.Integer.toString(counter)) + .png)): null

2018-12-12 19:38:06 - [TEST_STEP][PASSED] - Statement - counter = counter + 1: null

2018-12-12 19:38:06 - [TEST_STEP][PASSED] - Statement - PreSaveFile = new java.io.File(((pathPrefix + java.lang.Integer.toString(counter)) + .png)): null

2018-12-12 19:38:06 - [TEST_STEP][PASSED] - Statement - counter = counter + 1: null

2018-12-12 19:38:06 - [TEST_STEP][PASSED] - Statement - PreSaveFile = new java.io.File(((pathPrefix + java.lang.Integer.toString(counter)) + .png)): null

2018-12-12 19:38:06 - [TEST_STEP][PASSED] - Statement - counter = counter + 1: null

2018-12-12 19:38:06 - [TEST_STEP][PASSED] - Statement - PreSaveFile = new java.io.File(((pathPrefix + java.lang.Integer.toString(counter)) + .png)): null

2018-12-12 19:38:06 - [TEST_STEP][PASSED] - Statement - counter = counter + 1: null

2018-12-12 19:38:06 - [TEST_STEP][PASSED] - Statement - PreSaveFile = new java.io.File(((pathPrefix + java.lang.Integer.toString(counter)) + .png)): null

2018-12-12 19:38:06 - [TEST_STEP][PASSED] - Statement - counter = counter + 1: null

2018-12-12 19:38:06 - [TEST_STEP][PASSED] - Statement - PreSaveFile = new java.io.File(((pathPrefix + java.lang.Integer.toString(counter)) + .png)): null

2018-12-12 19:38:06 - [TEST_STEP][PASSED] - Statement - counter = counter + 1: null

2018-12-12 19:38:06 - [TEST_STEP][PASSED] - Statement - PreSaveFile = new java.io.File(((pathPrefix + java.lang.Integer.toString(counter)) + .png)): null

2018-12-12 19:38:06 - [TEST_STEP][PASSED] - Statement - counter = counter + 1: null

2018-12-12 19:38:06 - [TEST_STEP][PASSED] - Statement - PreSaveFile = new java.io.File(((pathPrefix + java.lang.Integer.toString(counter)) + .png)): null

2018-12-12 19:38:06 - [TEST_STEP][PASSED] - Statement - counter = counter + 1: null

2018-12-12 19:38:06 - [TEST_STEP][PASSED] - Statement - PreSaveFile = new java.io.File(((pathPrefix + java.lang.Integer.toString(counter)) + .png)): null

2018-12-12 19:38:06 - [TEST_STEP][PASSED] - Statement - counter = counter + 1: null

2018-12-12 19:38:06 - [TEST_STEP][PASSED] - Statement - PreSaveFile = new java.io.File(((pathPrefix + java.lang.Integer.toString(counter)) + .png)): null

2018-12-12 19:38:06 - [TEST_STEP][PASSED] - Statement - counter = counter + 1: null

2018-12-12 19:38:06 - [TEST_STEP][PASSED] - Statement - PreSaveFile = new java.io.File(((pathPrefix + java.lang.Integer.toString(counter)) + .png)): null

2018-12-12 19:38:06 - [TEST_STEP][PASSED] - Statement - counter = counter + 1: null

2018-12-12 19:38:06 - [TEST_STEP][PASSED] - Statement - PreSaveFile = new java.io.File(((pathPrefix + java.lang.Integer.toString(counter)) + .png)): null

2018-12-12 19:38:06 - [TEST_STEP][PASSED] - Statement - counter = counter + 1: null

2018-12-12 19:38:06 - [TEST_STEP][PASSED] - Statement - PreSaveFile = new java.io.File(((pathPrefix + java.lang.Integer.toString(counter)) + .png)): null

2018-12-12 19:38:06 - [TEST_STEP][PASSED] - Statement - counter = counter + 1: null

2018-12-12 19:38:06 - [TEST_STEP][PASSED] - Statement - PreSaveFile = new java.io.File(((pathPrefix + java.lang.Integer.toString(counter)) + .png)): null

2018-12-12 19:38:06 - [TEST_STEP][PASSED] - Statement - counter = counter + 1: null

2018-12-12 19:38:06 - [TEST_STEP][PASSED] - Statement - PreSaveFile = new java.io.File(((pathPrefix + java.lang.Integer.toString(counter)) + .png)): null

2018-12-12 19:38:06 - [TEST_STEP][PASSED] - Statement - counter = counter + 1: null

2018-12-12 19:38:06 - [TEST_STEP][PASSED] - Statement - PreSaveFile = new java.io.File(((pathPrefix + java.lang.Integer.toString(counter)) + .png)): null

2018-12-12 19:38:06 - [TEST_STEP][PASSED] - Statement - counter = counter + 1: null

2018-12-12 19:38:06 - [TEST_STEP][PASSED] - Statement - PreSaveFile = new java.io.File(((pathPrefix + java.lang.Integer.toString(counter)) + .png)): null

2018-12-12 19:38:06 - [TEST_STEP][PASSED] - Statement - counter = counter + 1: null

2018-12-12 19:38:06 - [TEST_STEP][PASSED] - Statement - PreSaveFile = new java.io.File(((pathPrefix + java.lang.Integer.toString(counter)) + .png)): null

2018-12-12 19:38:06 - [TEST_STEP][PASSED] - Statement - counter = counter + 1: null

2018-12-12 19:38:06 - [TEST_STEP][PASSED] - Statement - PreSaveFile = new java.io.File(((pathPrefix + java.lang.Integer.toString(counter)) + .png)): null

2018-12-12 19:38:06 - [TEST_STEP][PASSED] - Statement - counter = counter + 1: null

2018-12-12 19:38:06 - [TEST_STEP][PASSED] - Statement - PreSaveFile = new java.io.File(((pathPrefix + java.lang.Integer.toString(counter)) + .png)): null

2018-12-12 19:38:06 - [TEST_STEP][PASSED] - Statement - counter = counter + 1: null

2018-12-12 19:38:06 - [TEST_STEP][PASSED] - Statement - PreSaveFile = new java.io.File(((pathPrefix + java.lang.Integer.toString(counter)) + .png)): null

2018-12-12 19:38:06 - [TEST_STEP][PASSED] - Statement - counter = counter + 1: null

2018-12-12 19:38:06 - [TEST_STEP][PASSED] - Statement - PreSaveFile = new java.io.File(((pathPrefix + java.lang.Integer.toString(counter)) + .png)): null

2018-12-12 19:38:06 - [TEST_STEP][PASSED] - Statement - counter = counter + 1: null

2018-12-12 19:38:06 - [TEST_STEP][PASSED] - Statement - PreSaveFile = new java.io.File(((pathPrefix + java.lang.Integer.toString(counter)) + .png)): null

2018-12-12 19:38:06 - [TEST_STEP][PASSED] - Statement - counter = counter + 1: null

2018-12-12 19:38:06 - [TEST_STEP][PASSED] - Statement - PreSaveFile = new java.io.File(((pathPrefix + java.lang.Integer.toString(counter)) + .png)): null

2018-12-12 19:38:06 - [TEST_STEP][PASSED] - Statement - counter = counter + 1: null

2018-12-12 19:38:06 - [TEST_STEP][PASSED] - Statement - PreSaveFile = new java.io.File(((pathPrefix + java.lang.Integer.toString(counter)) + .png)): null

2018-12-12 19:38:06 - [TEST_STEP][PASSED] - Statement - counter = counter + 1: null

2018-12-12 19:38:06 - [TEST_STEP][PASSED] - Statement - PreSaveFile = new java.io.File(((pathPrefix + java.lang.Integer.toString(counter)) + .png)): null

2018-12-12 19:38:06 - [TEST_STEP][PASSED] - Statement - counter = counter + 1: null

2018-12-12 19:38:06 - [TEST_STEP][PASSED] - Statement - PreSaveFile = new java.io.File(((pathPrefix + java.lang.Integer.toString(counter)) + .png)): null

2018-12-12 19:38:06 - [TEST_STEP][PASSED] - Statement - counter = counter + 1: null

2018-12-12 19:38:06 - [TEST_STEP][PASSED] - Statement - PreSaveFile = new java.io.File(((pathPrefix + java.lang.Integer.toString(counter)) + .png)): null

2018-12-12 19:38:06 - [TEST_STEP][PASSED] - Statement - counter = counter + 1: null

2018-12-12 19:38:06 - [TEST_STEP][PASSED] - Statement - PreSaveFile = new java.io.File(((pathPrefix + java.lang.Integer.toString(counter)) + .png)): null

2018-12-12 19:38:06 - [TEST_STEP][PASSED] - Statement - counter = counter + 1: null

2018-12-12 19:38:06 - [TEST_STEP][PASSED] - Statement - PreSaveFile = new java.io.File(((pathPrefix + java.lang.Integer.toString(counter)) + .png)): null

2018-12-12 19:38:06 - [TEST_STEP][PASSED] - Statement - counter = counter + 1: null

2018-12-12 19:38:06 - [TEST_STEP][PASSED] - Statement - PreSaveFile = new java.io.File(((pathPrefix + java.lang.Integer.toString(counter)) + .png)): null

2018-12-12 19:38:06 - [TEST_STEP][PASSED] - Statement - counter = counter + 1: null

2018-12-12 19:38:06 - [TEST_STEP][PASSED] - Statement - PreSaveFile = new java.io.File(((pathPrefix + java.lang.Integer.toString(counter)) + .png)): null

2018-12-12 19:38:06 - [TEST_STEP][PASSED] - Statement - counter = counter + 1: null

2018-12-12 19:38:06 - [TEST_STEP][PASSED] - Statement - PreSaveFile = new java.io.File(((pathPrefix + java.lang.Integer.toString(counter)) + .png)): null

2018-12-12 19:38:06 - [TEST_STEP][PASSED] - Statement - counter = counter + 1: null

2018-12-12 19:38:06 - [TEST_STEP][PASSED] - Statement - PreSaveFile = new java.io.File(((pathPrefix + java.lang.Integer.toString(counter)) + .png)): null

2018-12-12 19:38:06 - [TEST_STEP][PASSED] - Statement - counter = counter + 1: null

2018-12-12 19:38:06 - [TEST_STEP][PASSED] - Statement - PreSaveFile = new java.io.File(((pathPrefix + java.lang.Integer.toString(counter)) + .png)): null

2018-12-12 19:38:06 - [TEST_STEP][PASSED] - Statement - counter = counter + 1: null

2018-12-12 19:38:06 - [TEST_STEP][PASSED] - Statement - PreSaveFile = new java.io.File(((pathPrefix + java.lang.Integer.toString(counter)) + .png)): null

2018-12-12 19:38:06 - [TEST_STEP][PASSED] - Statement - counter = counter + 1: null

2018-12-12 19:38:06 - [TEST_STEP][PASSED] - Statement - PreSaveFile = new java.io.File(((pathPrefix + java.lang.Integer.toString(counter)) + .png)): null

2018-12-12 19:38:06 - [TEST_STEP][PASSED] - Statement - counter = counter + 1: null

2018-12-12 19:38:06 - [TEST_STEP][PASSED] - Statement - PreSaveFile = new java.io.File(((pathPrefix + java.lang.Integer.toString(counter)) + .png)): null

2018-12-12 19:38:06 - [TEST_STEP][PASSED] - Statement - counter = counter + 1: null

2018-12-12 19:38:06 - [TEST_STEP][PASSED] - Statement - PreSaveFile = new java.io.File(((pathPrefix + java.lang.Integer.toString(counter)) + .png)): null

2018-12-12 19:38:06 - [TEST_STEP][PASSED] - Statement - counter = counter + 1: null

2018-12-12 19:38:06 - [TEST_STEP][PASSED] - Statement - PreSaveFile = new java.io.File(((pathPrefix + java.lang.Integer.toString(counter)) + .png)): null

2018-12-12 19:38:06 - [TEST_STEP][PASSED] - Statement - counter = counter + 1: null

2018-12-12 19:38:06 - [TEST_STEP][PASSED] - Statement - PreSaveFile = new java.io.File(((pathPrefix + java.lang.Integer.toString(counter)) + .png)): null

2018-12-12 19:38:06 - [TEST_STEP][PASSED] - Statement - counter = counter + 1: null

2018-12-12 19:38:06 - [TEST_STEP][PASSED] - Statement - PreSaveFile = new java.io.File(((pathPrefix + java.lang.Integer.toString(counter)) + .png)): null

2018-12-12 19:38:06 - [TEST_STEP][PASSED] - Statement - counter = counter + 1: null

2018-12-12 19:38:06 - [TEST_STEP][PASSED] - Statement - PreSaveFile = new java.io.File(((pathPrefix + java.lang.Integer.toString(counter)) + .png)): null

2018-12-12 19:38:06 - [TEST_STEP][PASSED] - Statement - counter = counter + 1: null

2018-12-12 19:38:06 - [TEST_STEP][PASSED] - Statement - PreSaveFile = new java.io.File(((pathPrefix + java.lang.Integer.toString(counter)) + .png)): null

2018-12-12 19:38:06 - [TEST_STEP][PASSED] - Statement - counter = counter + 1: null

2018-12-12 19:38:06 - [TEST_STEP][PASSED] - Statement - PreSaveFile = new java.io.File(((pathPrefix + java.lang.Integer.toString(counter)) + .png)): null

2018-12-12 19:38:06 - [TEST_STEP][PASSED] - Statement - counter = counter + 1: null

2018-12-12 19:38:06 - [TEST_STEP][PASSED] - Statement - PreSaveFile = new java.io.File(((pathPrefix + java.lang.Integer.toString(counter)) + .png)): null

2018-12-12 19:38:06 - [TEST_STEP][PASSED] - Statement - counter = counter + 1: null

2018-12-12 19:38:06 - [TEST_STEP][PASSED] - Statement - PreSaveFile = new java.io.File(((pathPrefix + java.lang.Integer.toString(counter)) + .png)): null

2018-12-12 19:38:06 - [TEST_STEP][PASSED] - Statement - counter = counter + 1: null

2018-12-12 19:38:06 - [TEST_STEP][PASSED] - Statement - PreSaveFile = new java.io.File(((pathPrefix + java.lang.Integer.toString(counter)) + .png)): null

2018-12-12 19:38:06 - [TEST_STEP][PASSED] - Statement - counter = counter + 1: null

2018-12-12 19:38:06 - [TEST_STEP][PASSED] - Statement - PreSaveFile = new java.io.File(((pathPrefix + java.lang.Integer.toString(counter)) + .png)): null

2018-12-12 19:38:06 - [TEST_STEP][PASSED] - Statement - counter = counter + 1: null

2018-12-12 19:38:06 - [TEST_STEP][PASSED] - Statement - PreSaveFile = new java.io.File(((pathPrefix + java.lang.Integer.toString(counter)) + .png)): null

2018-12-12 19:38:06 - [TEST_STEP][PASSED] - Statement - counter = counter + 1: null

2018-12-12 19:38:06 - [TEST_STEP][PASSED] - Statement - PreSaveFile = new java.io.File(((pathPrefix + java.lang.Integer.toString(counter)) + .png)): null

2018-12-12 19:38:06 - [TEST_STEP][PASSED] - Statement - counter = counter + 1: null

2018-12-12 19:38:06 - [TEST_STEP][PASSED] - Statement - PreSaveFile = new java.io.File(((pathPrefix + java.lang.Integer.toString(counter)) + .png)): null

2018-12-12 19:38:06 - [TEST_STEP][PASSED] - Statement - counter = counter + 1: null

2018-12-12 19:38:06 - [TEST_STEP][PASSED] - Statement - PreSaveFile = new java.io.File(((pathPrefix + java.lang.Integer.toString(counter)) + .png)): null

2018-12-12 19:38:06 - [TEST_STEP][PASSED] - Statement - counter = counter + 1: null

2018-12-12 19:38:06 - [TEST_STEP][PASSED] - Statement - PreSaveFile = new java.io.File(((pathPrefix + java.lang.Integer.toString(counter)) + .png)): null

2018-12-12 19:38:06 - [TEST_STEP][PASSED] - Statement - counter = counter + 1: null

2018-12-12 19:38:06 - [TEST_STEP][PASSED] - Statement - PreSaveFile = new java.io.File(((pathPrefix + java.lang.Integer.toString(counter)) + .png)): null

2018-12-12 19:38:06 - [TEST_STEP][PASSED] - Statement - counter = counter + 1: null

2018-12-12 19:38:06 - [TEST_STEP][PASSED] - Statement - PreSaveFile = new java.io.File(((pathPrefix + java.lang.Integer.toString(counter)) + .png)): null

2018-12-12 19:38:06 - [TEST_STEP][PASSED] - Statement - counter = counter + 1: null

2018-12-12 19:38:06 - [TEST_STEP][PASSED] - Statement - PreSaveFile = new java.io.File(((pathPrefix + java.lang.Integer.toString(counter)) + .png)): null

2018-12-12 19:38:06 - [TEST_STEP][PASSED] - Statement - counter = counter + 1: null

2018-12-12 19:38:06 - [TEST_STEP][PASSED] - Statement - PreSaveFile = new java.io.File(((pathPrefix + java.lang.Integer.toString(counter)) + .png)): null

2018-12-12 19:38:06 - [TEST_STEP][PASSED] - Statement - counter = counter + 1: null

2018-12-12 19:38:06 - [TEST_STEP][PASSED] - Statement - PreSaveFile = new java.io.File(((pathPrefix + java.lang.Integer.toString(counter)) + .png)): null

2018-12-12 19:38:06 - [TEST_STEP][PASSED] - Statement - counter = counter + 1: null

2018-12-12 19:38:06 - [TEST_STEP][PASSED] - Statement - PreSaveFile = new java.io.File(((pathPrefix + java.lang.Integer.toString(counter)) + .png)): null

2018-12-12 19:38:06 - [TEST_STEP][PASSED] - Statement - counter = counter + 1: null

2018-12-12 19:38:06 - [TEST_STEP][PASSED] - Statement - PreSaveFile = new java.io.File(((pathPrefix + java.lang.Integer.toString(counter)) + .png)): null

2018-12-12 19:38:06 - [TEST_STEP][PASSED] - Statement - counter = counter + 1: null

2018-12-12 19:38:06 - [TEST_STEP][PASSED] - Statement - PreSaveFile = new java.io.File(((pathPrefix + java.lang.Integer.toString(counter)) + .png)): null

2018-12-12 19:38:06 - [TEST_STEP][PASSED] - Statement - counter = counter + 1: null

2018-12-12 19:38:06 - [TEST_STEP][PASSED] - Statement - PreSaveFile = new java.io.File(((pathPrefix + java.lang.Integer.toString(counter)) + .png)): null

2018-12-12 19:38:06 - [TEST_STEP][PASSED] - Statement - counter = counter + 1: null

2018-12-12 19:38:06 - [TEST_STEP][PASSED] - Statement - PreSaveFile = new java.io.File(((pathPrefix + java.lang.Integer.toString(counter)) + .png)): null

2018-12-12 19:38:06 - [TEST_STEP][PASSED] - Statement - counter = counter + 1: null

2018-12-12 19:38:06 - [TEST_STEP][PASSED] - Statement - PreSaveFile = new java.io.File(((pathPrefix + java.lang.Integer.toString(counter)) + .png)): null

2018-12-12 19:38:06 - [TEST_STEP][PASSED] - Statement - counter = counter + 1: null

2018-12-12 19:38:06 - [TEST_STEP][PASSED] - Statement - PreSaveFile = new java.io.File(((pathPrefix + java.lang.Integer.toString(counter)) + .png)): null

2018-12-12 19:38:06 - [TEST_STEP][PASSED] - Statement - counter = counter + 1: null

2018-12-12 19:38:06 - [TEST_STEP][PASSED] - Statement - PreSaveFile = new java.io.File(((pathPrefix + java.lang.Integer.toString(counter)) + .png)): null

2018-12-12 19:38:06 - [TEST_STEP][PASSED] - Statement - counter = counter + 1: null

2018-12-12 19:38:06 - [TEST_STEP][PASSED] - Statement - PreSaveFile = new java.io.File(((pathPrefix + java.lang.Integer.toString(counter)) + .png)): null

2018-12-12 19:38:06 - [TEST_STEP][PASSED] - Statement - counter = counter + 1: null

2018-12-12 19:38:06 - [TEST_STEP][PASSED] - Statement - PreSaveFile = new java.io.File(((pathPrefix + java.lang.Integer.toString(counter)) + .png)): null

2018-12-12 19:38:06 - [TEST_STEP][PASSED] - Statement - counter = counter + 1: null

2018-12-12 19:38:06 - [TEST_STEP][PASSED] - Statement - PreSaveFile = new java.io.File(((pathPrefix + java.lang.Integer.toString(counter)) + .png)): null

2018-12-12 19:38:06 - [TEST_STEP][PASSED] - Statement - counter = counter + 1: null

2018-12-12 19:38:06 - [TEST_STEP][PASSED] - Statement - PreSaveFile = new java.io.File(((pathPrefix + java.lang.Integer.toString(counter)) + .png)): null

2018-12-12 19:38:06 - [TEST_STEP][PASSED] - Statement - counter = counter + 1: null

2018-12-12 19:38:06 - [TEST_STEP][PASSED] - Statement - PreSaveFile = new java.io.File(((pathPrefix + java.lang.Integer.toString(counter)) + .png)): null

2018-12-12 19:38:06 - [TEST_STEP][PASSED] - Statement - counter = counter + 1: null

2018-12-12 19:38:06 - [TEST_STEP][PASSED] - Statement - PreSaveFile = new java.io.File(((pathPrefix + java.lang.Integer.toString(counter)) + .png)): null

2018-12-12 19:38:06 - [TEST_STEP][PASSED] - Statement - counter = counter + 1: null

2018-12-12 19:38:06 - [TEST_STEP][PASSED] - Statement - PreSaveFile = new java.io.File(((pathPrefix + java.lang.Integer.toString(counter)) + .png)): null

2018-12-12 19:38:06 - [TEST_STEP][PASSED] - Statement - counter = counter + 1: null

2018-12-12 19:38:06 - [TEST_STEP][PASSED] - Statement - PreSaveFile = new java.io.File(((pathPrefix + java.lang.Integer.toString(counter)) + .png)): null

2018-12-12 19:38:06 - [TEST_STEP][PASSED] - Statement - counter = counter + 1: null

2018-12-12 19:38:06 - [TEST_STEP][PASSED] - Statement - PreSaveFile = new java.io.File(((pathPrefix + java.lang.Integer.toString(counter)) + .png)): null

2018-12-12 19:38:06 - [TEST_STEP][PASSED] - Statement - counter = counter + 1: null

2018-12-12 19:38:06 - [TEST_STEP][PASSED] - Statement - PreSaveFile = new java.io.File(((pathPrefix + java.lang.Integer.toString(counter)) + .png)): null

2018-12-12 19:38:06 - [TEST_STEP][PASSED] - Statement - counter = counter + 1: null

2018-12-12 19:38:06 - [TEST_STEP][PASSED] - Statement - PreSaveFile = new java.io.File(((pathPrefix + java.lang.Integer.toString(counter)) + .png)): null

2018-12-12 19:38:06 - [TEST_STEP][PASSED] - Statement - counter = counter + 1: null

2018-12-12 19:38:06 - [TEST_STEP][PASSED] - Statement - PreSaveFile = new java.io.File(((pathPrefix + java.lang.Integer.toString(counter)) + .png)): null

2018-12-12 19:38:06 - [TEST_STEP][PASSED] - Statement - counter = counter + 1: null

2018-12-12 19:38:06 - [TEST_STEP][PASSED] - Statement - PreSaveFile = new java.io.File(((pathPrefix + java.lang.Integer.toString(counter)) + .png)): null

2018-12-12 19:38:06 - [TEST_STEP][PASSED] - Statement - counter = counter + 1: null

2018-12-12 19:38:06 - [TEST_STEP][PASSED] - Statement - PreSaveFile = new java.io.File(((pathPrefix + java.lang.Integer.toString(counter)) + .png)): null

2018-12-12 19:38:06 - [TEST_STEP][PASSED] - Statement - counter = counter + 1: null

2018-12-12 19:38:06 - [TEST_STEP][PASSED] - Statement - PreSaveFile = new java.io.File(((pathPrefix + java.lang.Integer.toString(counter)) + .png)): null

2018-12-12 19:38:06 - [TEST_STEP][PASSED] - Statement - counter = counter + 1: null

2018-12-12 19:38:06 - [TEST_STEP][PASSED] - Statement - PreSaveFile = new java.io.File(((pathPrefix + java.lang.Integer.toString(counter)) + .png)): null

2018-12-12 19:38:06 - [TEST_STEP][PASSED] - Statement - counter = counter + 1: null

2018-12-12 19:38:06 - [TEST_STEP][PASSED] - Statement - PreSaveFile = new java.io.File(((pathPrefix + java.lang.Integer.toString(counter)) + .png)): null

2018-12-12 19:38:06 - [TEST_STEP][PASSED] - Statement - counter = counter + 1: null

2018-12-12 19:38:06 - [TEST_STEP][PASSED] - Statement - PreSaveFile = new java.io.File(((pathPrefix + java.lang.Integer.toString(counter)) + .png)): null

2018-12-12 19:38:06 - [TEST_STEP][PASSED] - Statement - counter = counter + 1: null

2018-12-12 19:38:06 - [TEST_STEP][PASSED] - Statement - PreSaveFile = new java.io.File(((pathPrefix + java.lang.Integer.toString(counter)) + .png)): null

2018-12-12 19:38:06 - [TEST_STEP][PASSED] - Statement - counter = counter + 1: null

2018-12-12 19:38:06 - [TEST_STEP][PASSED] - Statement - PreSaveFile = new java.io.File(((pathPrefix + java.lang.Integer.toString(counter)) + .png)): null

2018-12-12 19:38:06 - [TEST_STEP][PASSED] - Statement - counter = counter + 1: null

2018-12-12 19:38:06 - [TEST_STEP][PASSED] - Statement - PreSaveFile = new java.io.File(((pathPrefix + java.lang.Integer.toString(counter)) + .png)): null

2018-12-12 19:38:06 - [TEST_STEP][PASSED] - Statement - counter = counter + 1: null

2018-12-12 19:38:06 - [TEST_STEP][PASSED] - Statement - PreSaveFile = new java.io.File(((pathPrefix + java.lang.Integer.toString(counter)) + .png)): null

2018-12-12 19:38:06 - [TEST_STEP][PASSED] - Statement - counter = counter + 1: null

2018-12-12 19:38:06 - [TEST_STEP][PASSED] - Statement - PreSaveFile = new java.io.File(((pathPrefix + java.lang.Integer.toString(counter)) + .png)): null

2018-12-12 19:38:06 - [TEST_STEP][PASSED] - Statement - counter = counter + 1: null

2018-12-12 19:38:06 - [TEST_STEP][PASSED] - Statement - PreSaveFile = new java.io.File(((pathPrefix + java.lang.Integer.toString(counter)) + .png)): null

2018-12-12 19:38:06 - [TEST_STEP][PASSED] - Statement - counter = counter + 1: null

2018-12-12 19:38:06 - [TEST_STEP][PASSED] - Statement - PreSaveFile = new java.io.File(((pathPrefix + java.lang.Integer.toString(counter)) + .png)): null

2018-12-12 19:38:06 - [TEST_STEP][PASSED] - Statement - counter = counter + 1: null

2018-12-12 19:38:06 - [TEST_STEP][PASSED] - Statement - PreSaveFile = new java.io.File(((pathPrefix + java.lang.Integer.toString(counter)) + .png)): null

2018-12-12 19:38:06 - [TEST_STEP][PASSED] - Statement - counter = counter + 1: null

2018-12-12 19:38:06 - [TEST_STEP][PASSED] - Statement - PreSaveFile = new java.io.File(((pathPrefix + java.lang.Integer.toString(counter)) + .png)): null

2018-12-12 19:38:06 - [TEST_STEP][PASSED] - Statement - counter = counter + 1: null

2018-12-12 19:38:06 - [TEST_STEP][PASSED] - Statement - PreSaveFile = new java.io.File(((pathPrefix + java.lang.Integer.toString(counter)) + .png)): null

2018-12-12 19:38:06 - [TEST_STEP][PASSED] - Statement - counter = counter + 1: null

2018-12-12 19:38:06 - [TEST_STEP][PASSED] - Statement - PreSaveFile = new java.io.File(((pathPrefix + java.lang.Integer.toString(counter)) + .png)): null

2018-12-12 19:38:06 - [TEST_STEP][PASSED] - Statement - counter = counter + 1: null

2018-12-12 19:38:06 - [TEST_STEP][PASSED] - Statement - PreSaveFile = new java.io.File(((pathPrefix + java.lang.Integer.toString(counter)) + .png)): null

2018-12-12 19:38:06 - [TEST_STEP][PASSED] - Statement - counter = counter + 1: null

2018-12-12 19:38:06 - [TEST_STEP][PASSED] - Statement - PreSaveFile = new java.io.File(((pathPrefix + java.lang.Integer.toString(counter)) + .png)): null

2018-12-12 19:38:06 - [TEST_STEP][PASSED] - Statement - counter = counter + 1: null

2018-12-12 19:38:06 - [TEST_STEP][PASSED] - Statement - PreSaveFile = new java.io.File(((pathPrefix + java.lang.Integer.toString(counter)) + .png)): null

2018-12-12 19:38:06 - [TEST_STEP][PASSED] - Statement - counter = counter + 1: null

2018-12-12 19:38:06 - [TEST_STEP][PASSED] - Statement - PreSaveFile = new java.io.File(((pathPrefix + java.lang.Integer.toString(counter)) + .png)): null

2018-12-12 19:38:06 - [TEST_STEP][PASSED] - Statement - counter = counter + 1: null

2018-12-12 19:38:06 - [TEST_STEP][PASSED] - Statement - PreSaveFile = new java.io.File(((pathPrefix + java.lang.Integer.toString(counter)) + .png)): null

2018-12-12 19:38:06 - [TEST_STEP][PASSED] - Statement - counter = counter + 1: null

2018-12-12 19:38:06 - [TEST_STEP][PASSED] - Statement - PreSaveFile = new java.io.File(((pathPrefix + java.lang.Integer.toString(counter)) + .png)): null

2018-12-12 19:38:06 - [TEST_STEP][PASSED] - Statement - counter = counter + 1: null

2018-12-12 19:38:06 - [TEST_STEP][PASSED] - Statement - PreSaveFile = new java.io.File(((pathPrefix + java.lang.Integer.toString(counter)) + .png)): null

2018-12-12 19:38:06 - [TEST_STEP][PASSED] - Statement - counter = counter + 1: null

2018-12-12 19:38:06 - [TEST_STEP][PASSED] - Statement - PreSaveFile = new java.io.File(((pathPrefix + java.lang.Integer.toString(counter)) + .png)): null

2018-12-12 19:38:06 - [TEST_STEP][PASSED] - Statement - counter = counter + 1: null

2018-12-12 19:38:06 - [TEST_STEP][PASSED] - Statement - PreSaveFile = new java.io.File(((pathPrefix + java.lang.Integer.toString(counter)) + .png)): null

2018-12-12 19:38:06 - [TEST_STEP][PASSED] - Statement - counter = counter + 1: null

2018-12-12 19:38:06 - [TEST_STEP][PASSED] - Statement - PreSaveFile = new java.io.File(((pathPrefix + java.lang.Integer.toString(counter)) + .png)): null

2018-12-12 19:38:06 - [TEST_STEP][PASSED] - Statement - counter = counter + 1: null

2018-12-12 19:38:06 - [TEST_STEP][PASSED] - Statement - PreSaveFile = new java.io.File(((pathPrefix + java.lang.Integer.toString(counter)) + .png)): null

2018-12-12 19:38:06 - [TEST_STEP][PASSED] - Statement - counter = counter + 1: null

2018-12-12 19:38:06 - [TEST_STEP][PASSED] - Statement - PreSaveFile = new java.io.File(((pathPrefix + java.lang.Integer.toString(counter)) + .png)): null

2018-12-12 19:38:06 - [TEST_STEP][PASSED] - Statement - counter = counter + 1: null

2018-12-12 19:38:06 - [TEST_STEP][PASSED] - Statement - PreSaveFile = new java.io.File(((pathPrefix + java.lang.Integer.toString(counter)) + .png)): null

2018-12-12 19:38:06 - [TEST_STEP][PASSED] - Statement - counter = counter + 1: null

2018-12-12 19:38:06 - [TEST_STEP][PASSED] - Statement - PreSaveFile = new java.io.File(((pathPrefix + java.lang.Integer.toString(counter)) + .png)): null

2018-12-12 19:38:06 - [TEST_STEP][PASSED] - Statement - counter = counter + 1: null

2018-12-12 19:38:06 - [TEST_STEP][PASSED] - Statement - PreSaveFile = new java.io.File(((pathPrefix + java.lang.Integer.toString(counter)) + .png)): null

2018-12-12 19:38:06 - [TEST_STEP][PASSED] - Statement - counter = counter + 1: null

2018-12-12 19:38:06 - [TEST_STEP][PASSED] - Statement - PreSaveFile = new java.io.File(((pathPrefix + java.lang.Integer.toString(counter)) + .png)): null

2018-12-12 19:38:06 - [TEST_STEP][PASSED] - Statement - counter = counter + 1: null

2018-12-12 19:38:06 - [TEST_STEP][PASSED] - Statement - PreSaveFile = new java.io.File(((pathPrefix + java.lang.Integer.toString(counter)) + .png)): null

2018-12-12 19:38:06 - [TEST_STEP][PASSED] - Statement - counter = counter + 1: null

2018-12-12 19:38:06 - [TEST_STEP][PASSED] - Statement - PreSaveFile = new java.io.File(((pathPrefix + java.lang.Integer.toString(counter)) + .png)): null

2018-12-12 19:38:06 - [TEST_STEP][PASSED] - Statement - counter = counter + 1: null

2018-12-12 19:38:06 - [TEST_STEP][PASSED] - Statement - PreSaveFile = new java.io.File(((pathPrefix + java.lang.Integer.toString(counter)) + .png)): null

2018-12-12 19:38:06 - [TEST_STEP][PASSED] - Statement - counter = counter + 1: null

2018-12-12 19:38:06 - [TEST_STEP][PASSED] - Statement - PreSaveFile = new java.io.File(((pathPrefix + java.lang.Integer.toString(counter)) + .png)): null

2018-12-12 19:38:06 - [TEST_STEP][PASSED] - Statement - counter = counter + 1: null

2018-12-12 19:38:06 - [TEST_STEP][PASSED] - Statement - PreSaveFile = new java.io.File(((pathPrefix + java.lang.Integer.toString(counter)) + .png)): null

2018-12-12 19:38:06 - [TEST_STEP][PASSED] - Statement - counter = counter + 1: null

2018-12-12 19:38:06 - [TEST_STEP][PASSED] - Statement - PreSaveFile = new java.io.File(((pathPrefix + java.lang.Integer.toString(counter)) + .png)): null

2018-12-12 19:38:06 - [TEST_STEP][PASSED] - Statement - counter = counter + 1: null

2018-12-12 19:38:06 - [TEST_STEP][PASSED] - Statement - PreSaveFile = new java.io.File(((pathPrefix + java.lang.Integer.toString(counter)) + .png)): null

2018-12-12 19:38:06 - [TEST_STEP][PASSED] - Statement - counter = counter + 1: null

2018-12-12 19:38:06 - [TEST_STEP][PASSED] - Statement - PreSaveFile = new java.io.File(((pathPrefix + java.lang.Integer.toString(counter)) + .png)): null

2018-12-12 19:38:06 - [TEST_STEP][PASSED] - Statement - counter = counter + 1: null

2018-12-12 19:38:06 - [TEST_STEP][PASSED] - Statement - PreSaveFile = new java.io.File(((pathPrefix + java.lang.Integer.toString(counter)) + .png)): null

2018-12-12 19:38:06 - [TEST_STEP][PASSED] - Statement - counter = counter + 1: null

2018-12-12 19:38:06 - [TEST_STEP][PASSED] - Statement - PreSaveFile = new java.io.File(((pathPrefix + java.lang.Integer.toString(counter)) + .png)): null

2018-12-12 19:38:06 - [TEST_STEP][PASSED] - Statement - counter = counter + 1: null

2018-12-12 19:38:06 - [TEST_STEP][PASSED] - Statement - PreSaveFile = new java.io.File(((pathPrefix + java.lang.Integer.toString(counter)) + .png)): null

2018-12-12 19:38:06 - [TEST_STEP][PASSED] - Statement - counter = counter + 1: null

2018-12-12 19:38:06 - [TEST_STEP][PASSED] - Statement - PreSaveFile = new java.io.File(((pathPrefix + java.lang.Integer.toString(counter)) + .png)): null

2018-12-12 19:38:06 - [TEST_STEP][PASSED] - Statement - counter = counter + 1: null

2018-12-12 19:38:06 - [TEST_STEP][PASSED] - Statement - PreSaveFile = new java.io.File(((pathPrefix + java.lang.Integer.toString(counter)) + .png)): null

2018-12-12 19:38:06 - [TEST_STEP][PASSED] - Statement - counter = counter + 1: null

2018-12-12 19:38:06 - [TEST_STEP][PASSED] - Statement - PreSaveFile = new java.io.File(((pathPrefix + java.lang.Integer.toString(counter)) + .png)): null

2018-12-12 19:38:06 - [TEST_STEP][PASSED] - Statement - counter = counter + 1: null

2018-12-12 19:38:06 - [TEST_STEP][PASSED] - Statement - PreSaveFile = new java.io.File(((pathPrefix + java.lang.Integer.toString(counter)) + .png)): null

2018-12-12 19:38:06 - [TEST_STEP][PASSED] - Statement - counter = counter + 1: null

2018-12-12 19:38:06 - [TEST_STEP][PASSED] - Statement - PreSaveFile = new java.io.File(((pathPrefix + java.lang.Integer.toString(counter)) + .png)): null

2018-12-12 19:38:06 - [TEST_STEP][PASSED] - Statement - counter = counter + 1: null

2018-12-12 19:38:06 - [TEST_STEP][PASSED] - Statement - PreSaveFile = new java.io.File(((pathPrefix + java.lang.Integer.toString(counter)) + .png)): null

2018-12-12 19:38:06 - [TEST_STEP][PASSED] - Statement - counter = counter + 1: null

2018-12-12 19:38:06 - [TEST_STEP][PASSED] - Statement - PreSaveFile = new java.io.File(((pathPrefix + java.lang.Integer.toString(counter)) + .png)): null

2018-12-12 19:38:06 - [TEST_STEP][PASSED] - Statement - counter = counter + 1: null

2018-12-12 19:38:06 - [TEST_STEP][PASSED] - Statement - PreSaveFile = new java.io.File(((pathPrefix + java.lang.Integer.toString(counter)) + .png)): null

2018-12-12 19:38:06 - [TEST_STEP][PASSED] - Statement - counter = counter + 1: null

2018-12-12 19:38:06 - [TEST_STEP][PASSED] - Statement - PreSaveFile = new java.io.File(((pathPrefix + java.lang.Integer.toString(counter)) + .png)): null

2018-12-12 19:38:06 - [TEST_STEP][PASSED] - Statement - counter = counter + 1: null

2018-12-12 19:38:06 - [TEST_STEP][PASSED] - Statement - PreSaveFile = new java.io.File(((pathPrefix + java.lang.Integer.toString(counter)) + .png)): null

2018-12-12 19:38:06 - [TEST_STEP][PASSED] - Statement - counter = counter + 1: null

2018-12-12 19:38:06 - [TEST_STEP][PASSED] - Statement - PreSaveFile = new java.io.File(((pathPrefix + java.lang.Integer.toString(counter)) + .png)): null

2018-12-12 19:38:06 - [TEST_STEP][PASSED] - Statement - finalPath = pathPrefix + java.lang.Integer.toString(counter) + ".png": null

2018-12-12 19:38:06 - [TEST_STEP][PASSED] - Statement - SaveFile = new java.io.File(finalPath): null

2018-12-12 19:38:06 - [TEST_STEP][PASSED] - Statement - Try: null

2018-12-12 19:38:06 - [TEST_STEP][PASSED] - Statement - org.apache.commons.io.FileUtils.copyFile(scrFile, SaveFile): null

2018-12-12 19:38:06 - [TEST_STEP][PASSED] - Statement - out.println("file kept"): null

2018-12-12 19:38:06 - [TEST_STEP][PASSED] - delay: Delayed 10 second(s)

2018-12-12 19:38:16 - [MESSAGE][PASSED] - Delayed 10 second(s)

2018-12-12 19:38:16 - [MESSAGE][PASSED] - Call Test Case 'Test Cases/Final Aug 2018 - PKS Automation/Registration Module/New Registration/Submit and Screenshot/Submit Registration and Screenshot' successfully

2018-12-12 19:38:16 - [TEST_STEP][PASSED] - callTestCase: Call Test Case 'Test Cases/Final Aug 2018 - PKS Automation/Registration Module/Log Out/log out avoiding katalon tagging' successfully

2018-12-12 19:38:16 - [TEST_CASE][PASSED] - Test Cases/Final Aug 2018 - PKS Automation/Registration Module/Log Out/log out avoiding katalon tagging: Test Cases/Final Aug 2018 - PKS Automation/Registration Module/Log Out/log out avoiding katalon tagging

2018-12-12 19:38:16 - [TEST_STEP][PASSED] - navigateToUrl: Navigate to 'https://assist2-uat.perkeso.gov.my/c/portal/logout' successfully

2018-12-12 19:38:17 - [MESSAGE][PASSED] - Navigate to 'https://assist2-uat.perkeso.gov.my/c/portal/logout' successfully

2018-12-12 19:38:17 - [MESSAGE][PASSED] - Call Test Case 'Test Cases/Final Aug 2018 - PKS Automation/Registration Module/Log Out/log out avoiding katalon tagging' successfully

2018-12-12 19:38:17 - [TEST_STEP][PASSED] - callTestCase: Call Test Case 'Test Cases/Final Aug 2018 - PKS Automation/Common/Workflow Owner Finder' successfully

2018-12-12 19:38:17 - [TEST_CASE][PASSED] - Test Cases/Final Aug 2018 - PKS Automation/Common/Workflow Owner Finder: Test Cases/Final Aug 2018 - PKS Automation/Common/Workflow Owner Finder

2018-12-12 19:38:17 - [TEST_STEP][PASSED] - openBrowser: Browser is opened with url: ''

2018-12-12 19:38:17 - [MESSAGE][WARNING] - A browser is already opened. Closing browser and opening a new one

2018-12-12 19:38:21 - [MESSAGE][PASSED] - Browser is opened with url: ''

2018-12-12 19:38:21 - [TEST_STEP][PASSED] - navigateToUrl: Navigate to 'https://assist2-uat.perkeso.gov.my/login' successfully

2018-12-12 19:38:22 - [MESSAGE][PASSED] - Navigate to 'https://assist2-uat.perkeso.gov.my/login' successfully

2018-12-12 19:38:22 - [TEST_STEP][PASSED] - delay: Delayed 5 second(s)

2018-12-12 19:38:27 - [MESSAGE][PASSED] - Delayed 5 second(s)

2018-12-12 19:38:27 - [TEST_STEP][PASSED] - setText: Text 'test@liferay.com' is set on object 'Object Repository/Final Object Repo/Login Page/Internal User/Email Address'

2018-12-12 19:38:27 - [MESSAGE][PASSED] - Text 'test@liferay.com' is set on object 'Object Repository/Final Object Repo/Login Page/Internal User/Email Address'

2018-12-12 19:38:27 - [TEST_STEP][PASSED] - click: Object: 'Object Repository/Final Object Repo/Login Page/Internal User/Next Button' is clicked on

2018-12-12 19:38:28 - [MESSAGE][PASSED] - Object: 'Object Repository/Final Object Repo/Login Page/Internal User/Next Button' is clicked on

2018-12-12 19:38:28 - [TEST_STEP][PASSED] - delay: Delayed 2 second(s)

2018-12-12 19:38:30 - [MESSAGE][PASSED] - Delayed 2 second(s)

2018-12-12 19:38:30 - [TEST_STEP][PASSED] - setText: Text 'test' is set on object 'Object Repository/Final Object Repo/Login Page/Internal User/Password'

2018-12-12 19:38:30 - [MESSAGE][PASSED] - Text 'test' is set on object 'Object Repository/Final Object Repo/Login Page/Internal User/Password'

2018-12-12 19:38:30 - [TEST_STEP][PASSED] - delay: Delayed 2 second(s)

2018-12-12 19:38:32 - [MESSAGE][PASSED] - Delayed 2 second(s)

2018-12-12 19:38:32 - [TEST_STEP][PASSED] - click: Object: 'Object Repository/Final Object Repo/Login Page/Internal User/Login Button' is clicked on

2018-12-12 19:38:32 - [MESSAGE][PASSED] - Object: 'Object Repository/Final Object Repo/Login Page/Internal User/Login Button' is clicked on

2018-12-12 19:38:32 - [TEST_STEP][PASSED] - Statement - tester = com.kms.katalon.core.testobject.ObjectRepository.findTestObject(Final Object Repo/Landing Page/Select to English): Finding Test Object with id 'Object Repository/Final Object Repo/Landing Page/Select to English'

2018-12-12 19:38:32 - [TEST_STEP][PASSED] - Statement - Try: Delayed 2 second(s)

2018-12-12 19:38:32 - [TEST_STEP][PASSED] - Statement - Checker = com.kms.katalon.core.webui.keyword.WebUiBuiltInKeywords.verifyElementNotPresent(tester, 3): Web element with id: 'Object Repository/Final Object Repo/Landing Page/Select to English' located by 'By.xpath: //a[@class = 'taglib-language-list-text' and @lang = 'en-US' and (contains(text(), 'EN') or contains(., 'EN'))]' is not present after '3' second(s)

2018-12-12 19:38:34 - [MESSAGE][PASSED] - Web element with id: 'Object Repository/Final Object Repo/Landing Page/Select to English' located by 'By.xpath: //a[@class = 'taglib-language-list-text' and @lang = 'en-US' and (contains(text(), 'EN') or contains(., 'EN'))]' is not present after '3' second(s)

2018-12-12 19:38:34 - [TEST_STEP][PASSED] - Statement - If (Checker == false): null

2018-12-12 19:38:34 - [TEST_STEP][PASSED] - delay: Delayed 2 second(s)

2018-12-12 19:38:36 - [MESSAGE][PASSED] - Delayed 2 second(s)

2018-12-12 19:38:36 - [TEST_STEP][PASSED] - delay: Delayed 5 second(s)

2018-12-12 19:38:41 - [MESSAGE][PASSED] - Delayed 5 second(s)

2018-12-12 19:38:41 - [TEST_STEP][PASSED] - mouseOver: Object: 'Object Repository/Final Object Repo/Landing Page/WorkFlow Menu' is hovered

2018-12-12 19:38:41 - [MESSAGE][PASSED] - Object: 'Object Repository/Final Object Repo/Landing Page/WorkFlow Menu' is hovered

2018-12-12 19:38:41 - [TEST_STEP][PASSED] - delay: Delayed 2 second(s)

2018-12-12 19:38:43 - [MESSAGE][PASSED] - Delayed 2 second(s)

2018-12-12 19:38:43 - [TEST_STEP][PASSED] - click: Object: 'Object Repository/Final Object Repo/Landing Page/Select to Workflow Listing' is clicked on

2018-12-12 19:38:44 - [MESSAGE][PASSED] - Object: 'Object Repository/Final Object Repo/Landing Page/Select to Workflow Listing' is clicked on

2018-12-12 19:38:44 - [TEST_STEP][PASSED] - delay: Delayed 2 second(s)

2018-12-12 19:38:46 - [MESSAGE][PASSED] - Delayed 2 second(s)

2018-12-12 19:38:46 - [TEST_STEP][PASSED] - click: Object: 'Object Repository/Final Object Repo/WorkFlow Listing Page/Search Information - To Put Ref No' is clicked on

2018-12-12 19:38:46 - [MESSAGE][PASSED] - Object: 'Object Repository/Final Object Repo/WorkFlow Listing Page/Search Information - To Put Ref No' is clicked on

2018-12-12 19:38:46 - [TEST_STEP][PASSED] - delay: Delayed 2 second(s)

2018-12-12 19:38:48 - [MESSAGE][PASSED] - Delayed 2 second(s)

2018-12-12 19:38:48 - [TEST_STEP][PASSED] - callTestCase: Call Test Case 'Test Cases/Final Aug 2018 - PKS Automation/Common/Reference Number Getter' successfully

2018-12-12 19:38:48 - [TEST_CASE][PASSED] - Test Cases/Final Aug 2018 - PKS Automation/Common/Reference Number Getter: Test Cases/Final Aug 2018 - PKS Automation/Common/Reference Number Getter

2018-12-12 19:38:48 - [TEST_STEP][PASSED] - Statement - Try: null

2018-12-12 19:38:48 - [TEST_STEP][PASSED] - Statement - RefNo = new java.io.File(C://Users//Admin//Desktop//PKS//Automation Reference Point//KatalonReference.txt): null

2018-12-12 19:38:48 - [TEST_STEP][PASSED] - Statement - bufferread = new java.io.BufferedReader(new java.io.FileReader(RefNo)): null

2018-12-12 19:38:48 - [TEST_STEP][PASSED] - Statement - readedVal = bufferread.readLine(): null

2018-12-12 19:38:48 - [TEST_STEP][PASSED] - Statement - out.println(CaseReferenceNo): null

2018-12-12 19:38:48 - [TEST_STEP][PASSED] - Statement - out.println(readedVal): null

2018-12-12 19:38:48 - [TEST_STEP][PASSED] - Statement - CaseReferenceNo = "": null

2018-12-12 19:38:48 - [TEST_STEP][PASSED] - Statement - CaseReferenceNo = readedVal: null

2018-12-12 19:38:48 - [MESSAGE][PASSED] - Call Test Case 'Test Cases/Final Aug 2018 - PKS Automation/Common/Reference Number Getter' successfully

2018-12-12 19:38:48 - [TEST_STEP][PASSED] - setText: Text 'CRN12201800123232' is set on object 'Object Repository/Final Object Repo/WorkFlow Listing Page/Ref No Set Text'

2018-12-12 19:38:49 - [MESSAGE][PASSED] - Text 'CRN12201800123232' is set on object 'Object Repository/Final Object Repo/WorkFlow Listing Page/Ref No Set Text'

2018-12-12 19:38:49 - [TEST_STEP][PASSED] - delay: Delayed 2 second(s)

2018-12-12 19:38:51 - [MESSAGE][PASSED] - Delayed 2 second(s)

2018-12-12 19:38:51 - [TEST_STEP][PASSED] - click: Object: 'Object Repository/Final Object Repo/WorkFlow Listing Page/Search Ref No Search Button' is clicked on

2018-12-12 19:38:51 - [MESSAGE][PASSED] - Object: 'Object Repository/Final Object Repo/WorkFlow Listing Page/Search Ref No Search Button' is clicked on

2018-12-12 19:38:51 - [TEST_STEP][PASSED] - delay: Delayed 6 second(s)

2018-12-12 19:38:57 - [MESSAGE][PASSED] - Delayed 6 second(s)

2018-12-12 19:38:57 - [TEST_STEP][PASSED] - click: Object: 'Object Repository/Final Object Repo/WorkFlow Listing Page/Click Continue Tooltip' is clicked on

2018-12-12 19:38:58 - [MESSAGE][PASSED] - Object: 'Object Repository/Final Object Repo/WorkFlow Listing Page/Click Continue Tooltip' is clicked on

2018-12-12 19:38:58 - [TEST_STEP][PASSED] - delay: Delayed 5 second(s)

2018-12-12 19:39:03 - [MESSAGE][PASSED] - Delayed 5 second(s)

2018-12-12 19:39:03 - [TEST_STEP][PASSED] - doubleClick: Object: 'Object Repository/Final Object Repo/WorkFlow Listing Page/Workflow Found - Listing 1' is double clicked on

2018-12-12 19:39:03 - [MESSAGE][PASSED] - Object: 'Object Repository/Final Object Repo/WorkFlow Listing Page/Workflow Found - Listing 1' is double clicked on

2018-12-12 19:39:03 - [TEST_STEP][PASSED] - Statement - println(OwnerID): null

2018-12-12 19:39:03 - [TEST_STEP][PASSED] - Statement - OwnerID = com.kms.katalon.core.webui.keyword.WebUiBuiltInKeywords.getText(com.kms.katalon.core.testobject.ObjectRepository.findTestObject(Final Object Repo/WorkFlow Listing Page/Workflow Found - Listing 1), STOP_ON_FAILURE): Text of object 'Object Repository/Final Object Repo/WorkFlow Listing Page/Workflow Found - Listing 1' is: 'JOHORro2'

2018-12-12 19:39:03 - [MESSAGE][PASSED] - Text of object 'Object Repository/Final Object Repo/WorkFlow Listing Page/Workflow Found - Listing 1' is: 'JOHORro2'

2018-12-12 19:39:03 - [TEST_STEP][PASSED] - Statement - OwnerID = OwnerID.toLowerCase() + "@gmail.com": null

2018-12-12 19:39:03 - [TEST_STEP][PASSED] - Statement - println(OwnerID): null

2018-12-12 19:39:03 - [TEST_STEP][PASSED] - delay: Delayed 2 second(s)

2018-12-12 19:39:05 - [MESSAGE][PASSED] - Delayed 2 second(s)

2018-12-12 19:39:05 - [MESSAGE][PASSED] - Call Test Case 'Test Cases/Final Aug 2018 - PKS Automation/Common/Workflow Owner Finder' successfully

2018-12-12 19:39:05 - [TEST_STEP][PASSED] - callTestCase: Call Test Case 'Test Cases/Final Aug 2018 - PKS Automation/Registration Module/Log Out/log out avoiding katalon tagging' successfully

2018-12-12 19:39:05 - [TEST_CASE][PASSED] - Test Cases/Final Aug 2018 - PKS Automation/Registration Module/Log Out/log out avoiding katalon tagging: Test Cases/Final Aug 2018 - PKS Automation/Registration Module/Log Out/log out avoiding katalon tagging

2018-12-12 19:39:05 - [TEST_STEP][PASSED] - navigateToUrl: Navigate to 'https://assist2-uat.perkeso.gov.my/c/portal/logout' successfully

2018-12-12 19:39:06 - [MESSAGE][PASSED] - Navigate to 'https://assist2-uat.perkeso.gov.my/c/portal/logout' successfully

2018-12-12 19:39:06 - [MESSAGE][PASSED] - Call Test Case 'Test Cases/Final Aug 2018 - PKS Automation/Registration Module/Log Out/log out avoiding katalon tagging' successfully

2018-12-12 19:39:06 - [TEST_STEP][PASSED] - delay: Delayed 2 second(s)

2018-12-12 19:39:08 - [MESSAGE][PASSED] - Delayed 2 second(s)

2018-12-12 19:39:08 - [TEST_STEP][PASSED] - setText: Text 'johorro2@gmail.com' is set on object 'Object Repository/Final Object Repo/New Registration - Registration Module Pages/New Reg - OTC to RO/Special Case - All Related Objects/Email TextBox'

2018-12-12 19:39:08 - [MESSAGE][PASSED] - Text 'johorro2@gmail.com' is set on object 'Object Repository/Final Object Repo/New Registration - Registration Module Pages/New Reg - OTC to RO/Special Case - All Related Objects/Email TextBox'

2018-12-12 19:39:08 - [TEST_STEP][PASSED] - click: Object: 'Object Repository/Final Object Repo/New Registration - Registration Module Pages/New Reg - OTC to RO/Special Case - All Related Objects/Next Button' is clicked on

2018-12-12 19:39:08 - [MESSAGE][PASSED] - Object: 'Object Repository/Final Object Repo/New Registration - Registration Module Pages/New Reg - OTC to RO/Special Case - All Related Objects/Next Button' is clicked on

2018-12-12 19:39:08 - [TEST_STEP][PASSED] - delay: Delayed 2 second(s)

2018-12-12 19:39:10 - [MESSAGE][PASSED] - Delayed 2 second(s)

2018-12-12 19:39:10 - [TEST_STEP][PASSED] - setText: Text 'Test1@3456789' is set on object 'Object Repository/Final Object Repo/New Registration - Registration Module Pages/New Reg - OTC to RO/Special Case - All Related Objects/Password TextBox'

2018-12-12 19:39:11 - [MESSAGE][PASSED] - Text 'Test1@3456789' is set on object 'Object Repository/Final Object Repo/New Registration - Registration Module Pages/New Reg - OTC to RO/Special Case - All Related Objects/Password TextBox'

2018-12-12 19:39:11 - [TEST_STEP][PASSED] - delay: Delayed 2 second(s)

2018-12-12 19:39:13 - [MESSAGE][PASSED] - Delayed 2 second(s)

2018-12-12 19:39:13 - [TEST_STEP][PASSED] - click: Object: 'Object Repository/Final Object Repo/New Registration - Registration Module Pages/New Reg - OTC to RO/Special Case - All Related Objects/Login Button' is clicked on

2018-12-12 19:39:13 - [MESSAGE][PASSED] - Object: 'Object Repository/Final Object Repo/New Registration - Registration Module Pages/New Reg - OTC to RO/Special Case - All Related Objects/Login Button' is clicked on

2018-12-12 19:39:13 - [TEST_STEP][PASSED] - delay: Delayed 2 second(s)

2018-12-12 19:39:15 - [MESSAGE][PASSED] - Delayed 2 second(s)

2018-12-12 19:39:15 - [TEST_STEP][PASSED] - Statement - Try: null

2018-12-12 19:39:15 - [TEST_STEP][PASSED] - Statement - Checker = com.kms.katalon.core.webui.keyword.WebUiBuiltInKeywords.verifyElementNotPresent("Final Object Repo/Landing Page/Select to English", 3): null

2018-12-12 19:39:15 - [TEST_STEP][PASSED] - Statement - Catch (Exception e): null

2018-12-12 19:39:15 - [TEST_STEP][PASSED] - Statement - e.printStackTrace(): null

2018-12-12 19:39:15 - [TEST_STEP][PASSED] - click: Object: 'Object Repository/Final Object Repo/New Registration - Registration Module Pages/New Reg - OTC to RO/Special Case - All Related Objects/Expand to Search' is clicked on

2018-12-12 19:39:15 - [MESSAGE][PASSED] - Object: 'Object Repository/Final Object Repo/New Registration - Registration Module Pages/New Reg - OTC to RO/Special Case - All Related Objects/Expand to Search' is clicked on

2018-12-12 19:39:15 - [TEST_STEP][FAILED] - setText: Unable to set text 'CRN12201800123232' of object 'Object Repository/Final Object Repo/New Registration - Registration Module Pages/New Reg - OTC to RO/Special Case - All Related Objects/TextBox RefNo in Workbasket' (Root cause: org.openqa.selenium.ElementNotVisibleException: element not interactable
  (Session info: chrome=70.0.3538.110)
  (Driver info: chromedriver=2.43.600210 (68dcf5eebde37173d4027fa8635e332711d2874a),platform=Windows NT 6.1.7601 SP1 x86_64) (WARNING: The server did not provide any stacktrace information)
Command duration or timeout: 0 milliseconds
Build info: version: '3.7.1', revision: '8a0099a', time: '2017-11-06T21:07:36.161Z'
System info: host: 'WIN7TEST02', ip: '10.20.3.72', os.name: 'Windows 7', os.arch: 'amd64', os.version: '6.1', java.version: '1.8.0_181'
Driver info: com.kms.katalon.selenium.driver.CChromeDriver
Capabilities {acceptInsecureCerts: false, acceptSslCerts: false, applicationCacheEnabled: false, browserConnectionEnabled: false, browserName: chrome, chrome: {chromedriverVersion: 2.43.600210 (68dcf5eebde371..., userDataDir: C:\Users\Admin\AppData\Loca...}, cssSelectorsEnabled: true, databaseEnabled: false, goog:chromeOptions: {debuggerAddress: localhost:55712}, handlesAlerts: true, hasTouchScreen: false, javascriptEnabled: true, locationContextEnabled: true, mobileEmulationEnabled: false, nativeEvents: true, networkConnectionEnabled: false, pageLoadStrategy: normal, platform: XP, platformName: XP, rotatable: false, setWindowRect: true, takesHeapSnapshot: true, takesScreenshot: true, unexpectedAlertBehaviour: , unhandledPromptBehavior: , version: 70.0.3538.110, webStorageEnabled: true}
Session ID: d9541a05d4f55754aacbb98e79647572)

2018-12-12 19:39:15 - [MESSAGE][FAILED] - Unable to set text 'CRN12201800123232' of object 'Object Repository/Final Object Repo/New Registration - Registration Module Pages/New Reg - OTC to RO/Special Case - All Related Objects/TextBox RefNo in Workbasket' (Root cause: org.openqa.selenium.ElementNotVisibleException: element not interactable
  (Session info: chrome=70.0.3538.110)
  (Driver info: chromedriver=2.43.600210 (68dcf5eebde37173d4027fa8635e332711d2874a),platform=Windows NT 6.1.7601 SP1 x86_64) (WARNING: The server did not provide any stacktrace information)
Command duration or timeout: 0 milliseconds
Build info: version: '3.7.1', revision: '8a0099a', time: '2017-11-06T21:07:36.161Z'
System info: host: 'WIN7TEST02', ip: '10.20.3.72', os.name: 'Windows 7', os.arch: 'amd64', os.version: '6.1', java.version: '1.8.0_181'
Driver info: com.kms.katalon.selenium.driver.CChromeDriver
Capabilities {acceptInsecureCerts: false, acceptSslCerts: false, applicationCacheEnabled: false, browserConnectionEnabled: false, browserName: chrome, chrome: {chromedriverVersion: 2.43.600210 (68dcf5eebde371..., userDataDir: C:\Users\Admin\AppData\Loca...}, cssSelectorsEnabled: true, databaseEnabled: false, goog:chromeOptions: {debuggerAddress: localhost:55712}, handlesAlerts: true, hasTouchScreen: false, javascriptEnabled: true, locationContextEnabled: true, mobileEmulationEnabled: false, nativeEvents: true, networkConnectionEnabled: false, pageLoadStrategy: normal, platform: XP, platformName: XP, rotatable: false, setWindowRect: true, takesHeapSnapshot: true, takesScreenshot: true, unexpectedAlertBehaviour: , unhandledPromptBehavior: , version: 70.0.3538.110, webStorageEnabled: true}
Session ID: d9541a05d4f55754aacbb98e79647572)
[[ATTACHMENT|C:\\Users\\Admin\\Desktop\\PKS\\Perkeso Phase A\\Reports\\Workflow\\New Registration\\20181212_150049\\1544614755576.png]]

2018-12-12 19:39:15 - [TEST_STEP][PASSED] - delay: Delayed 2 second(s)

2018-12-12 19:39:17 - [MESSAGE][PASSED] - Delayed 2 second(s)

2018-12-12 19:39:17 - [TEST_STEP][PASSED] - click: Object: 'Object Repository/Final Object Repo/New Registration - Registration Module Pages/New Reg - OTC to RO/Special Case - All Related Objects/Click Search' is clicked on

2018-12-12 19:39:18 - [MESSAGE][PASSED] - Object: 'Object Repository/Final Object Repo/New Registration - Registration Module Pages/New Reg - OTC to RO/Special Case - All Related Objects/Click Search' is clicked on

2018-12-12 19:39:18 - [TEST_STEP][PASSED] - delay: Delayed 2 second(s)

2018-12-12 19:39:20 - [MESSAGE][PASSED] - Delayed 2 second(s)

2018-12-12 19:39:20 - [TEST_STEP][PASSED] - click: Object: 'Object Repository/Final Object Repo/New Registration - Registration Module Pages/New Reg - OTC to RO/Special Case - All Related Objects/Click to Continue Workflow' is clicked on

2018-12-12 19:39:23 - [MESSAGE][PASSED] - Object: 'Object Repository/Final Object Repo/New Registration - Registration Module Pages/New Reg - OTC to RO/Special Case - All Related Objects/Click to Continue Workflow' is clicked on

2018-12-12 19:39:23 - [TEST_STEP][PASSED] - delay: Delayed 2 second(s)

2018-12-12 19:39:25 - [MESSAGE][PASSED] - Delayed 2 second(s)

2018-12-12 19:39:25 - [TEST_STEP][PASSED] - click: Object: 'Object Repository/Final Object Repo/New Registration - Registration Module Pages/New Reg - OTC to RO/Special Case - All Related Objects/Continue Button in verifying case' is clicked on

2018-12-12 19:39:27 - [MESSAGE][PASSED] - Object: 'Object Repository/Final Object Repo/New Registration - Registration Module Pages/New Reg - OTC to RO/Special Case - All Related Objects/Continue Button in verifying case' is clicked on

2018-12-12 19:39:27 - [TEST_STEP][PASSED] - delay: Delayed 2 second(s)

2018-12-12 19:39:29 - [MESSAGE][PASSED] - Delayed 2 second(s)

2018-12-12 19:39:29 - [TEST_STEP][PASSED] - click: Object: 'Object Repository/Final Object Repo/New Registration - Registration Module Pages/Form 1/Registered As a Branch - Yes' is clicked on

2018-12-12 19:39:29 - [MESSAGE][PASSED] - Object: 'Object Repository/Final Object Repo/New Registration - Registration Module Pages/Form 1/Registered As a Branch - Yes' is clicked on

2018-12-12 19:39:29 - [TEST_STEP][PASSED] - delay: Delayed 2 second(s)

2018-12-12 19:39:31 - [MESSAGE][PASSED] - Delayed 2 second(s)

2018-12-12 19:39:31 - [TEST_STEP][PASSED] - click: Object: 'Object Repository/Final Object Repo/New Registration - Registration Module Pages/New Reg - OTC to RO/Special Case - All Related Objects/Form 1 Save n Continue' is clicked on

2018-12-12 19:39:31 - [MESSAGE][PASSED] - Object: 'Object Repository/Final Object Repo/New Registration - Registration Module Pages/New Reg - OTC to RO/Special Case - All Related Objects/Form 1 Save n Continue' is clicked on

2018-12-12 19:39:31 - [TEST_STEP][PASSED] - delay: Delayed 2 second(s)

2018-12-12 19:39:33 - [MESSAGE][PASSED] - Delayed 2 second(s)

2018-12-12 19:39:33 - [TEST_STEP][PASSED] - click: Object: 'Object Repository/Final Object Repo/New Registration - Registration Module Pages/New Reg - OTC to RO/Special Case - All Related Objects/Form 2 Save n Continue' is clicked on

2018-12-12 19:39:33 - [MESSAGE][PASSED] - Object: 'Object Repository/Final Object Repo/New Registration - Registration Module Pages/New Reg - OTC to RO/Special Case - All Related Objects/Form 2 Save n Continue' is clicked on

2018-12-12 19:39:33 - [TEST_STEP][PASSED] - delay: Delayed 2 second(s)

2018-12-12 19:39:35 - [MESSAGE][PASSED] - Delayed 2 second(s)

2018-12-12 19:39:35 - [TEST_STEP][PASSED] - click: Object: 'Object Repository/Final Object Repo/New Registration - Registration Module Pages/New Reg - OTC to RO/Special Case - All Related Objects/Third Screen Save n Continue' is clicked on

2018-12-12 19:39:41 - [MESSAGE][PASSED] - Object: 'Object Repository/Final Object Repo/New Registration - Registration Module Pages/New Reg - OTC to RO/Special Case - All Related Objects/Third Screen Save n Continue' is clicked on

2018-12-12 19:39:41 - [TEST_STEP][PASSED] - delay: Delayed 5 second(s)

2018-12-12 19:39:46 - [MESSAGE][PASSED] - Delayed 5 second(s)

2018-12-12 19:39:46 - [TEST_STEP][PASSED] - setText: Text 'Query case' is set on object 'Object Repository/Final Object Repo/New Registration - Registration Module Pages/New Reg - OTC to RO/Special Case - All Related Objects/Query Text Input'

2018-12-12 19:39:46 - [MESSAGE][PASSED] - Text 'Query case' is set on object 'Object Repository/Final Object Repo/New Registration - Registration Module Pages/New Reg - OTC to RO/Special Case - All Related Objects/Query Text Input'

2018-12-12 19:39:46 - [TEST_STEP][PASSED] - delay: Delayed 5 second(s)

2018-12-12 19:39:51 - [MESSAGE][PASSED] - Delayed 5 second(s)

2018-12-12 19:39:51 - [TEST_STEP][PASSED] - click: Object: 'Object Repository/Final Object Repo/New Registration - Registration Module Pages/New Reg - OTC to RO/Special Case - All Related Objects/Upload Doc Page Save n Continue' is clicked on

2018-12-12 19:39:51 - [MESSAGE][PASSED] - Object: 'Object Repository/Final Object Repo/New Registration - Registration Module Pages/New Reg - OTC to RO/Special Case - All Related Objects/Upload Doc Page Save n Continue' is clicked on

2018-12-12 19:39:51 - [TEST_STEP][PASSED] - click: Object: 'Object Repository/Final Object Repo/New Registration - Registration Module Pages/New Reg - OTC to RO/Special Case - All Related Objects/Query Button' is clicked on

2018-12-12 19:39:55 - [MESSAGE][PASSED] - Object: 'Object Repository/Final Object Repo/New Registration - Registration Module Pages/New Reg - OTC to RO/Special Case - All Related Objects/Query Button' is clicked on

2018-12-12 19:39:55 - [TEST_STEP][FAILED] - click: Unable to click on object 'Object Repository/Final Object Repo/New Registration - Registration Module Pages/New Reg - OTC to RO/Special Case - All Related Objects/Confirm to Query' (Root cause: org.openqa.selenium.ElementNotVisibleException: element not interactable
  (Session info: chrome=70.0.3538.110)
  (Driver info: chromedriver=2.43.600210 (68dcf5eebde37173d4027fa8635e332711d2874a),platform=Windows NT 6.1.7601 SP1 x86_64) (WARNING: The server did not provide any stacktrace information)
Command duration or timeout: 0 milliseconds
Build info: version: '3.7.1', revision: '8a0099a', time: '2017-11-06T21:07:36.161Z'
System info: host: 'WIN7TEST02', ip: '10.20.3.72', os.name: 'Windows 7', os.arch: 'amd64', os.version: '6.1', java.version: '1.8.0_181'
Driver info: com.kms.katalon.selenium.driver.CChromeDriver
Capabilities {acceptInsecureCerts: false, acceptSslCerts: false, applicationCacheEnabled: false, browserConnectionEnabled: false, browserName: chrome, chrome: {chromedriverVersion: 2.43.600210 (68dcf5eebde371..., userDataDir: C:\Users\Admin\AppData\Loca...}, cssSelectorsEnabled: true, databaseEnabled: false, goog:chromeOptions: {debuggerAddress: localhost:55712}, handlesAlerts: true, hasTouchScreen: false, javascriptEnabled: true, locationContextEnabled: true, mobileEmulationEnabled: false, nativeEvents: true, networkConnectionEnabled: false, pageLoadStrategy: normal, platform: XP, platformName: XP, rotatable: false, setWindowRect: true, takesHeapSnapshot: true, takesScreenshot: true, unexpectedAlertBehaviour: , unhandledPromptBehavior: , version: 70.0.3538.110, webStorageEnabled: true}
Session ID: d9541a05d4f55754aacbb98e79647572)

2018-12-12 19:39:56 - [MESSAGE][FAILED] - Unable to click on object 'Object Repository/Final Object Repo/New Registration - Registration Module Pages/New Reg - OTC to RO/Special Case - All Related Objects/Confirm to Query' (Root cause: org.openqa.selenium.ElementNotVisibleException: element not interactable
  (Session info: chrome=70.0.3538.110)
  (Driver info: chromedriver=2.43.600210 (68dcf5eebde37173d4027fa8635e332711d2874a),platform=Windows NT 6.1.7601 SP1 x86_64) (WARNING: The server did not provide any stacktrace information)
Command duration or timeout: 0 milliseconds
Build info: version: '3.7.1', revision: '8a0099a', time: '2017-11-06T21:07:36.161Z'
System info: host: 'WIN7TEST02', ip: '10.20.3.72', os.name: 'Windows 7', os.arch: 'amd64', os.version: '6.1', java.version: '1.8.0_181'
Driver info: com.kms.katalon.selenium.driver.CChromeDriver
Capabilities {acceptInsecureCerts: false, acceptSslCerts: false, applicationCacheEnabled: false, browserConnectionEnabled: false, browserName: chrome, chrome: {chromedriverVersion: 2.43.600210 (68dcf5eebde371..., userDataDir: C:\Users\Admin\AppData\Loca...}, cssSelectorsEnabled: true, databaseEnabled: false, goog:chromeOptions: {debuggerAddress: localhost:55712}, handlesAlerts: true, hasTouchScreen: false, javascriptEnabled: true, locationContextEnabled: true, mobileEmulationEnabled: false, nativeEvents: true, networkConnectionEnabled: false, pageLoadStrategy: normal, platform: XP, platformName: XP, rotatable: false, setWindowRect: true, takesHeapSnapshot: true, takesScreenshot: true, unexpectedAlertBehaviour: , unhandledPromptBehavior: , version: 70.0.3538.110, webStorageEnabled: true}
Session ID: d9541a05d4f55754aacbb98e79647572)
[[ATTACHMENT|C:\\Users\\Admin\\Desktop\\PKS\\Perkeso Phase A\\Reports\\Workflow\\New Registration\\20181212_150049\\1544614795961.png]]

2018-12-12 19:39:56 - [TEST_STEP][PASSED] - callTestCase: Call Test Case 'Test Cases/Final Aug 2018 - PKS Automation/Registration Module/Log Out/log out avoiding katalon tagging' successfully

2018-12-12 19:39:56 - [TEST_CASE][PASSED] - Test Cases/Final Aug 2018 - PKS Automation/Registration Module/Log Out/log out avoiding katalon tagging: Test Cases/Final Aug 2018 - PKS Automation/Registration Module/Log Out/log out avoiding katalon tagging

2018-12-12 19:39:56 - [TEST_STEP][PASSED] - navigateToUrl: Navigate to 'https://assist2-uat.perkeso.gov.my/c/portal/logout' successfully

2018-12-12 19:39:57 - [MESSAGE][PASSED] - Navigate to 'https://assist2-uat.perkeso.gov.my/c/portal/logout' successfully

2018-12-12 19:39:57 - [MESSAGE][PASSED] - Call Test Case 'Test Cases/Final Aug 2018 - PKS Automation/Registration Module/Log Out/log out avoiding katalon tagging' successfully

2018-12-12 19:39:57 - [TEST_STEP][PASSED] - delay: Delayed 2 second(s)

2018-12-12 19:39:59 - [MESSAGE][PASSED] - Delayed 2 second(s)

2018-12-12 19:39:59 - [TEST_STEP][PASSED] - setText: Text 'klotc2@gmail.com' is set on object 'Object Repository/Final Object Repo/Login Page/Internal User/Email Address'

2018-12-12 19:39:59 - [MESSAGE][PASSED] - Text 'klotc2@gmail.com' is set on object 'Object Repository/Final Object Repo/Login Page/Internal User/Email Address'

2018-12-12 19:39:59 - [TEST_STEP][PASSED] - click: Object: 'Object Repository/Final Object Repo/Login Page/Internal User/Next Button' is clicked on

2018-12-12 19:39:59 - [MESSAGE][PASSED] - Object: 'Object Repository/Final Object Repo/Login Page/Internal User/Next Button' is clicked on

2018-12-12 19:39:59 - [TEST_STEP][PASSED] - delay: Delayed 2 second(s)

2018-12-12 19:40:01 - [MESSAGE][PASSED] - Delayed 2 second(s)

2018-12-12 19:40:01 - [TEST_STEP][PASSED] - setText: Text 'Test1@3456789' is set on object 'Object Repository/Final Object Repo/Login Page/Internal User/Password'

2018-12-12 19:40:01 - [MESSAGE][PASSED] - Text 'Test1@3456789' is set on object 'Object Repository/Final Object Repo/Login Page/Internal User/Password'

2018-12-12 19:40:01 - [TEST_STEP][PASSED] - delay: Delayed 2 second(s)

2018-12-12 19:40:03 - [MESSAGE][PASSED] - Delayed 2 second(s)

2018-12-12 19:40:03 - [TEST_STEP][PASSED] - click: Object: 'Object Repository/Final Object Repo/Login Page/Internal User/Login Button' is clicked on

2018-12-12 19:40:04 - [MESSAGE][PASSED] - Object: 'Object Repository/Final Object Repo/Login Page/Internal User/Login Button' is clicked on

2018-12-12 19:40:04 - [TEST_STEP][PASSED] - delay: Delayed 2 second(s)

2018-12-12 19:40:06 - [MESSAGE][PASSED] - Delayed 2 second(s)

2018-12-12 19:40:06 - [TEST_STEP][PASSED] - Statement - Try: null

2018-12-12 19:40:06 - [TEST_STEP][PASSED] - Statement - Checker = com.kms.katalon.core.webui.keyword.WebUiBuiltInKeywords.verifyElementNotPresent("PKS_SIP_Updated_RegModule/Attempt/Page_MyASSIST - ASSIST/Select to English", 3): null

2018-12-12 19:40:06 - [TEST_STEP][PASSED] - Statement - Catch (Exception e): null

2018-12-12 19:40:06 - [TEST_STEP][PASSED] - Statement - e.printStackTrace(): null

2018-12-12 19:40:06 - [TEST_STEP][PASSED] - delay: Delayed 4 second(s)

2018-12-12 19:40:10 - [MESSAGE][PASSED] - Delayed 4 second(s)

2018-12-12 19:40:10 - [TEST_STEP][PASSED] - click: Object: 'Object Repository/Final Object Repo/Landing Page/My Sites Drop Down' is clicked on

2018-12-12 19:40:10 - [MESSAGE][PASSED] - Object: 'Object Repository/Final Object Repo/Landing Page/My Sites Drop Down' is clicked on

2018-12-12 19:40:10 - [TEST_STEP][PASSED] - click: Object: 'Object Repository/Final Object Repo/Landing Page/Select to Registration Module' is clicked on

2018-12-12 19:40:11 - [MESSAGE][PASSED] - Object: 'Object Repository/Final Object Repo/Landing Page/Select to Registration Module' is clicked on

2018-12-12 19:40:11 - [TEST_STEP][PASSED] - delay: Delayed 2 second(s)

2018-12-12 19:40:13 - [MESSAGE][PASSED] - Delayed 2 second(s)

2018-12-12 19:40:13 - [TEST_STEP][PASSED] - mouseOver: Object: 'Object Repository/Final Object Repo/New Registration - Registration Module Pages/New Reg - OTC to RO/Special Case - All Related Objects/Hover Over Search Drop Down' is hovered

2018-12-12 19:40:13 - [MESSAGE][PASSED] - Object: 'Object Repository/Final Object Repo/New Registration - Registration Module Pages/New Reg - OTC to RO/Special Case - All Related Objects/Hover Over Search Drop Down' is hovered

2018-12-12 19:40:13 - [TEST_STEP][PASSED] - click: Object: 'Object Repository/Final Object Repo/New Registration - Registration Module Pages/New Reg - OTC to RO/Special Case - All Related Objects/Select Search Pending Case' is clicked on

2018-12-12 19:40:14 - [MESSAGE][PASSED] - Object: 'Object Repository/Final Object Repo/New Registration - Registration Module Pages/New Reg - OTC to RO/Special Case - All Related Objects/Select Search Pending Case' is clicked on

2018-12-12 19:40:14 - [TEST_STEP][PASSED] - click: Object: 'Object Repository/Final Object Repo/New Registration - Registration Module Pages/New Reg - OTC to RO/Special Case - All Related Objects/Select Searching Method (Employer Code)' is clicked on

2018-12-12 19:40:14 - [MESSAGE][PASSED] - Object: 'Object Repository/Final Object Repo/New Registration - Registration Module Pages/New Reg - OTC to RO/Special Case - All Related Objects/Select Searching Method (Employer Code)' is clicked on

2018-12-12 19:40:14 - [TEST_STEP][PASSED] - click: Object: 'Object Repository/Final Object Repo/New Registration - Registration Module Pages/New Reg - OTC to RO/Special Case - All Related Objects/Select Searching Method to Reference ID' is clicked on

2018-12-12 19:40:14 - [MESSAGE][PASSED] - Object: 'Object Repository/Final Object Repo/New Registration - Registration Module Pages/New Reg - OTC to RO/Special Case - All Related Objects/Select Searching Method to Reference ID' is clicked on

2018-12-12 19:40:14 - [TEST_STEP][PASSED] - setText: Text 'CRN12201800123232' is set on object 'Object Repository/Final Object Repo/New Registration - Registration Module Pages/New Reg - OTC to RO/Special Case - All Related Objects/Pending Case Ref NO'

2018-12-12 19:40:14 - [MESSAGE][PASSED] - Text 'CRN12201800123232' is set on object 'Object Repository/Final Object Repo/New Registration - Registration Module Pages/New Reg - OTC to RO/Special Case - All Related Objects/Pending Case Ref NO'

2018-12-12 19:40:14 - [TEST_STEP][PASSED] - click: Object: 'Object Repository/Final Object Repo/New Registration - Registration Module Pages/New Reg - OTC to RO/Special Case - All Related Objects/Search Pending Case Based on Ref No' is clicked on

2018-12-12 19:40:14 - [MESSAGE][PASSED] - Object: 'Object Repository/Final Object Repo/New Registration - Registration Module Pages/New Reg - OTC to RO/Special Case - All Related Objects/Search Pending Case Based on Ref No' is clicked on

2018-12-12 19:40:14 - [TEST_STEP][FAILED] - click: Unable to click on object 'Object Repository/Final Object Repo/New Registration - Registration Module Pages/New Reg - OTC to RO/Special Case - All Related Objects/Action Button after found case' (Root cause: org.openqa.selenium.InvalidSelectorException: invalid selector: Unable to locate an element with the xpath expression  because of the following error:
SyntaxError: Failed to execute 'evaluate' on 'Document': The string '' is not a valid XPath expression.
  (Session info: chrome=70.0.3538.110)
  (Driver info: chromedriver=2.43.600210 (68dcf5eebde37173d4027fa8635e332711d2874a),platform=Windows NT 6.1.7601 SP1 x86_64) (WARNING: The server did not provide any stacktrace information)
Command duration or timeout: 0 milliseconds
For documentation on this error, please visit: http://seleniumhq.org/exceptions/invalid_selector_exception.html
Build info: version: '3.7.1', revision: '8a0099a', time: '2017-11-06T21:07:36.161Z'
System info: host: 'WIN7TEST02', ip: '10.20.3.72', os.name: 'Windows 7', os.arch: 'amd64', os.version: '6.1', java.version: '1.8.0_181'
Driver info: com.kms.katalon.selenium.driver.CChromeDriver
Capabilities {acceptInsecureCerts: false, acceptSslCerts: false, applicationCacheEnabled: false, browserConnectionEnabled: false, browserName: chrome, chrome: {chromedriverVersion: 2.43.600210 (68dcf5eebde371..., userDataDir: C:\Users\Admin\AppData\Loca...}, cssSelectorsEnabled: true, databaseEnabled: false, goog:chromeOptions: {debuggerAddress: localhost:55712}, handlesAlerts: true, hasTouchScreen: false, javascriptEnabled: true, locationContextEnabled: true, mobileEmulationEnabled: false, nativeEvents: true, networkConnectionEnabled: false, pageLoadStrategy: normal, platform: XP, platformName: XP, rotatable: false, setWindowRect: true, takesHeapSnapshot: true, takesScreenshot: true, unexpectedAlertBehaviour: , unhandledPromptBehavior: , version: 70.0.3538.110, webStorageEnabled: true}
Session ID: d9541a05d4f55754aacbb98e79647572
*** Element info: {Using=xpath, value=})

2018-12-12 19:40:47 - [MESSAGE][FAILED] - Unable to click on object 'Object Repository/Final Object Repo/New Registration - Registration Module Pages/New Reg - OTC to RO/Special Case - All Related Objects/Action Button after found case' (Root cause: org.openqa.selenium.InvalidSelectorException: invalid selector: Unable to locate an element with the xpath expression  because of the following error:
SyntaxError: Failed to execute 'evaluate' on 'Document': The string '' is not a valid XPath expression.
  (Session info: chrome=70.0.3538.110)
  (Driver info: chromedriver=2.43.600210 (68dcf5eebde37173d4027fa8635e332711d2874a),platform=Windows NT 6.1.7601 SP1 x86_64) (WARNING: The server did not provide any stacktrace information)
Command duration or timeout: 0 milliseconds
For documentation on this error, please visit: http://seleniumhq.org/exceptions/invalid_selector_exception.html
Build info: version: '3.7.1', revision: '8a0099a', time: '2017-11-06T21:07:36.161Z'
System info: host: 'WIN7TEST02', ip: '10.20.3.72', os.name: 'Windows 7', os.arch: 'amd64', os.version: '6.1', java.version: '1.8.0_181'
Driver info: com.kms.katalon.selenium.driver.CChromeDriver
Capabilities {acceptInsecureCerts: false, acceptSslCerts: false, applicationCacheEnabled: false, browserConnectionEnabled: false, browserName: chrome, chrome: {chromedriverVersion: 2.43.600210 (68dcf5eebde371..., userDataDir: C:\Users\Admin\AppData\Loca...}, cssSelectorsEnabled: true, databaseEnabled: false, goog:chromeOptions: {debuggerAddress: localhost:55712}, handlesAlerts: true, hasTouchScreen: false, javascriptEnabled: true, locationContextEnabled: true, mobileEmulationEnabled: false, nativeEvents: true, networkConnectionEnabled: false, pageLoadStrategy: normal, platform: XP, platformName: XP, rotatable: false, setWindowRect: true, takesHeapSnapshot: true, takesScreenshot: true, unexpectedAlertBehaviour: , unhandledPromptBehavior: , version: 70.0.3538.110, webStorageEnabled: true}
Session ID: d9541a05d4f55754aacbb98e79647572
*** Element info: {Using=xpath, value=})
[[ATTACHMENT|C:\\Users\\Admin\\Desktop\\PKS\\Perkeso Phase A\\Reports\\Workflow\\New Registration\\20181212_150049\\1544614847263.png]]

2018-12-12 19:40:47 - [TEST_STEP][FAILED] - click: Unable to click on object 'Object Repository/Final Object Repo/New Registration - Registration Module Pages/New Reg - OTC to RO/Special Case - All Related Objects/Next Button in Pending Case Form 1' (Root cause: com.kms.katalon.core.webui.exception.WebElementNotFoundException: Web element with id: 'Object Repository/Final Object Repo/New Registration - Registration Module Pages/New Reg - OTC to RO/Special Case - All Related Objects/Next Button in Pending Case Form 1' located by 'By.xpath: //a[@class = 'btn btn-lg blueBtn col-md-2 pull-right browserIdBtn' and (text() = ' NEXT
						' or . = ' NEXT
						')]' not found)

2018-12-12 19:41:20 - [MESSAGE][FAILED] - Unable to click on object 'Object Repository/Final Object Repo/New Registration - Registration Module Pages/New Reg - OTC to RO/Special Case - All Related Objects/Next Button in Pending Case Form 1' (Root cause: com.kms.katalon.core.webui.exception.WebElementNotFoundException: Web element with id: 'Object Repository/Final Object Repo/New Registration - Registration Module Pages/New Reg - OTC to RO/Special Case - All Related Objects/Next Button in Pending Case Form 1' located by 'By.xpath: //a[@class = 'btn btn-lg blueBtn col-md-2 pull-right browserIdBtn' and (text() = ' NEXT
						' or . = ' NEXT
						')]' not found)
[[ATTACHMENT|C:\\Users\\Admin\\Desktop\\PKS\\Perkeso Phase A\\Reports\\Workflow\\New Registration\\20181212_150049\\1544614880584.png]]

2018-12-12 19:41:20 - [TEST_STEP][FAILED] - click: Unable to click on object 'Object Repository/Final Object Repo/New Registration - Registration Module Pages/New Reg - OTC to RO/Special Case - All Related Objects/Next Button in Pending Case Form 2' (Root cause: com.kms.katalon.core.webui.exception.WebElementNotFoundException: Web element with id: 'Object Repository/Final Object Repo/New Registration - Registration Module Pages/New Reg - OTC to RO/Special Case - All Related Objects/Next Button in Pending Case Form 2' located by 'By.xpath: //a[@class = 'btn btn-lg blueBtn col-md-2 pull-right browserIdBtn' and (text() = ' NEXT
				' or . = ' NEXT
				')]' not found)

2018-12-12 19:41:53 - [MESSAGE][FAILED] - Unable to click on object 'Object Repository/Final Object Repo/New Registration - Registration Module Pages/New Reg - OTC to RO/Special Case - All Related Objects/Next Button in Pending Case Form 2' (Root cause: com.kms.katalon.core.webui.exception.WebElementNotFoundException: Web element with id: 'Object Repository/Final Object Repo/New Registration - Registration Module Pages/New Reg - OTC to RO/Special Case - All Related Objects/Next Button in Pending Case Form 2' located by 'By.xpath: //a[@class = 'btn btn-lg blueBtn col-md-2 pull-right browserIdBtn' and (text() = ' NEXT
				' or . = ' NEXT
				')]' not found)
[[ATTACHMENT|C:\\Users\\Admin\\Desktop\\PKS\\Perkeso Phase A\\Reports\\Workflow\\New Registration\\20181212_150049\\1544614913370.png]]

2018-12-12 19:41:53 - [TEST_STEP][FAILED] - click: Unable to click on object 'Object Repository/Final Object Repo/New Registration - Registration Module Pages/New Reg - OTC to RO/Special Case - All Related Objects/Next Button in Third Screen' (Root cause: com.kms.katalon.core.webui.exception.WebElementNotFoundException: Web element with id: 'Object Repository/Final Object Repo/New Registration - Registration Module Pages/New Reg - OTC to RO/Special Case - All Related Objects/Next Button in Third Screen' located by 'By.xpath: //a[@class = 'btn btn-lg blueBtn col-md-2 pull-right browserIdBtn' and (text() = ' NEXT
				' or . = ' NEXT
				')]' not found)

2018-12-12 19:42:27 - [MESSAGE][FAILED] - Unable to click on object 'Object Repository/Final Object Repo/New Registration - Registration Module Pages/New Reg - OTC to RO/Special Case - All Related Objects/Next Button in Third Screen' (Root cause: com.kms.katalon.core.webui.exception.WebElementNotFoundException: Web element with id: 'Object Repository/Final Object Repo/New Registration - Registration Module Pages/New Reg - OTC to RO/Special Case - All Related Objects/Next Button in Third Screen' located by 'By.xpath: //a[@class = 'btn btn-lg blueBtn col-md-2 pull-right browserIdBtn' and (text() = ' NEXT
				' or . = ' NEXT
				')]' not found)
[[ATTACHMENT|C:\\Users\\Admin\\Desktop\\PKS\\Perkeso Phase A\\Reports\\Workflow\\New Registration\\20181212_150049\\1544614946672.png]]

2018-12-12 19:42:27 - [TEST_STEP][FAILED] - click: Unable to click on object 'Object Repository/Final Object Repo/New Registration - Registration Module Pages/New Reg - OTC to RO/Special Case - All Related Objects/Add Document for Pending Case' (Root cause: com.kms.katalon.core.webui.exception.WebElementNotFoundException: Web element with id: 'Object Repository/Final Object Repo/New Registration - Registration Module Pages/New Reg - OTC to RO/Special Case - All Related Objects/Add Document for Pending Case' located by 'By.xpath: //a[@id = '_newreg_WAR_registrationportlet_dialogBtn' and (text() = '
					ADD DOCUMENT
	             ' or . = '
					ADD DOCUMENT
	             ')]' not found)

2018-12-12 19:43:00 - [MESSAGE][FAILED] - Unable to click on object 'Object Repository/Final Object Repo/New Registration - Registration Module Pages/New Reg - OTC to RO/Special Case - All Related Objects/Add Document for Pending Case' (Root cause: com.kms.katalon.core.webui.exception.WebElementNotFoundException: Web element with id: 'Object Repository/Final Object Repo/New Registration - Registration Module Pages/New Reg - OTC to RO/Special Case - All Related Objects/Add Document for Pending Case' located by 'By.xpath: //a[@id = '_newreg_WAR_registrationportlet_dialogBtn' and (text() = '
					ADD DOCUMENT
	             ' or . = '
					ADD DOCUMENT
	             ')]' not found)
[[ATTACHMENT|C:\\Users\\Admin\\Desktop\\PKS\\Perkeso Phase A\\Reports\\Workflow\\New Registration\\20181212_150049\\1544614979896.png]]

2018-12-12 19:43:00 - [TEST_STEP][FAILED] - click: Unable to click on object 'Object Repository/Final Object Repo/New Registration - Registration Module Pages/New Reg - OTC to RO/Special Case - All Related Objects/Upload Pending Doc - Please Select' (Root cause: com.kms.katalon.core.webui.exception.WebElementNotFoundException: Web element with id: 'Object Repository/Final Object Repo/New Registration - Registration Module Pages/New Reg - OTC to RO/Special Case - All Related Objects/Upload Pending Doc - Please Select' located by 'By.xpath: //span[@class = 'select2-selection__rendered' and @id = 'select2-_newreg_WAR_registrationportlet_objdocTypeId-container']' not found)

2018-12-12 19:43:33 - [MESSAGE][FAILED] - Unable to click on object 'Object Repository/Final Object Repo/New Registration - Registration Module Pages/New Reg - OTC to RO/Special Case - All Related Objects/Upload Pending Doc - Please Select' (Root cause: com.kms.katalon.core.webui.exception.WebElementNotFoundException: Web element with id: 'Object Repository/Final Object Repo/New Registration - Registration Module Pages/New Reg - OTC to RO/Special Case - All Related Objects/Upload Pending Doc - Please Select' located by 'By.xpath: //span[@class = 'select2-selection__rendered' and @id = 'select2-_newreg_WAR_registrationportlet_objdocTypeId-container']' not found)
[[ATTACHMENT|C:\\Users\\Admin\\Desktop\\PKS\\Perkeso Phase A\\Reports\\Workflow\\New Registration\\20181212_150049\\1544615012971.png]]

2018-12-12 19:43:33 - [TEST_STEP][FAILED] - click: Unable to click on object 'Object Repository/Final Object Repo/New Registration - Registration Module Pages/New Reg - OTC to RO/Special Case - All Related Objects/Select to Others to Upload' (Root cause: com.kms.katalon.core.webui.exception.WebElementNotFoundException: Web element with id: 'Object Repository/Final Object Repo/New Registration - Registration Module Pages/New Reg - OTC to RO/Special Case - All Related Objects/Select to Others to Upload' located by 'By.xpath: //span/ul/li/span[contains(text(),"Others")]' not found)

2018-12-12 19:44:04 - [MESSAGE][FAILED] - Unable to click on object 'Object Repository/Final Object Repo/New Registration - Registration Module Pages/New Reg - OTC to RO/Special Case - All Related Objects/Select to Others to Upload' (Root cause: com.kms.katalon.core.webui.exception.WebElementNotFoundException: Web element with id: 'Object Repository/Final Object Repo/New Registration - Registration Module Pages/New Reg - OTC to RO/Special Case - All Related Objects/Select to Others to Upload' located by 'By.xpath: //span/ul/li/span[contains(text(),"Others")]' not found)
[[ATTACHMENT|C:\\Users\\Admin\\Desktop\\PKS\\Perkeso Phase A\\Reports\\Workflow\\New Registration\\20181212_150049\\1544615044331.png]]

2018-12-12 19:44:04 - [TEST_STEP][FAILED] - uploadFile: Unable to upload file 'C:\Users\Public\Pictures\Sample Pictures\Koala.jpg' to object 'Object Repository/Final Object Repo/New Registration - Registration Module Pages/New Reg - OTC to RO/Special Case - All Related Objects/Uploading Pending Case Action' (Root cause: com.kms.katalon.core.webui.exception.WebElementNotFoundException: Web element with id: 'Object Repository/Final Object Repo/New Registration - Registration Module Pages/New Reg - OTC to RO/Special Case - All Related Objects/Uploading Pending Case Action' located by 'By.xpath: //input[@id = '_newreg_WAR_registrationportlet_uploadFile' and @name = '_newreg_WAR_registrationportlet_uploadFile' and @type = 'file']' not found)

2018-12-12 19:44:36 - [MESSAGE][FAILED] - Unable to upload file 'C:\Users\Public\Pictures\Sample Pictures\Koala.jpg' to object 'Object Repository/Final Object Repo/New Registration - Registration Module Pages/New Reg - OTC to RO/Special Case - All Related Objects/Uploading Pending Case Action' (Root cause: com.kms.katalon.core.webui.exception.WebElementNotFoundException: Web element with id: 'Object Repository/Final Object Repo/New Registration - Registration Module Pages/New Reg - OTC to RO/Special Case - All Related Objects/Uploading Pending Case Action' located by 'By.xpath: //input[@id = '_newreg_WAR_registrationportlet_uploadFile' and @name = '_newreg_WAR_registrationportlet_uploadFile' and @type = 'file']' not found)
[[ATTACHMENT|C:\\Users\\Admin\\Desktop\\PKS\\Perkeso Phase A\\Reports\\Workflow\\New Registration\\20181212_150049\\1544615075928.png]]

2018-12-12 19:44:36 - [TEST_STEP][FAILED] - click: Unable to click on object 'Object Repository/Final Object Repo/New Registration - Registration Module Pages/New Reg - OTC to RO/Special Case - All Related Objects/Inner form Add Document Button Pending Case' (Root cause: com.kms.katalon.core.webui.exception.WebElementNotFoundException: Web element with id: 'Object Repository/Final Object Repo/New Registration - Registration Module Pages/New Reg - OTC to RO/Special Case - All Related Objects/Inner form Add Document Button Pending Case' located by 'By.xpath: //a[@class = 'btn btn-lg blueBtn col-md-2 pull-right' and @targets = 'baseMsgDivId' and (text() = '
										ADD DOCUMENT
								     ' or . = '
										ADD DOCUMENT
								     ')]' not found)

2018-12-12 19:45:10 - [MESSAGE][FAILED] - Unable to click on object 'Object Repository/Final Object Repo/New Registration - Registration Module Pages/New Reg - OTC to RO/Special Case - All Related Objects/Inner form Add Document Button Pending Case' (Root cause: com.kms.katalon.core.webui.exception.WebElementNotFoundException: Web element with id: 'Object Repository/Final Object Repo/New Registration - Registration Module Pages/New Reg - OTC to RO/Special Case - All Related Objects/Inner form Add Document Button Pending Case' located by 'By.xpath: //a[@class = 'btn btn-lg blueBtn col-md-2 pull-right' and @targets = 'baseMsgDivId' and (text() = '
										ADD DOCUMENT
								     ' or . = '
										ADD DOCUMENT
								     ')]' not found)
[[ATTACHMENT|C:\\Users\\Admin\\Desktop\\PKS\\Perkeso Phase A\\Reports\\Workflow\\New Registration\\20181212_150049\\1544615110335.png]]

2018-12-12 19:45:10 - [TEST_STEP][FAILED] - click: Unable to click on object 'Object Repository/Final Object Repo/New Registration - Registration Module Pages/New Reg - OTC to RO/Special Case - All Related Objects/Pending Case Exit' (Root cause: com.kms.katalon.core.webui.exception.WebElementNotFoundException: Web element with id: 'Object Repository/Final Object Repo/New Registration - Registration Module Pages/New Reg - OTC to RO/Special Case - All Related Objects/Pending Case Exit' located by 'By.xpath: //a[@id = '_newreg_WAR_registrationportlet_exitBtnId' and @class = 'btn btn-lg blueBtn col-md-2 pull-right' and (text() = '
									EXIT
				                ' or . = '
									EXIT
				                ')]' not found)

2018-12-12 19:45:43 - [MESSAGE][FAILED] - Unable to click on object 'Object Repository/Final Object Repo/New Registration - Registration Module Pages/New Reg - OTC to RO/Special Case - All Related Objects/Pending Case Exit' (Root cause: com.kms.katalon.core.webui.exception.WebElementNotFoundException: Web element with id: 'Object Repository/Final Object Repo/New Registration - Registration Module Pages/New Reg - OTC to RO/Special Case - All Related Objects/Pending Case Exit' located by 'By.xpath: //a[@id = '_newreg_WAR_registrationportlet_exitBtnId' and @class = 'btn btn-lg blueBtn col-md-2 pull-right' and (text() = '
									EXIT
				                ' or . = '
									EXIT
				                ')]' not found)
[[ATTACHMENT|C:\\Users\\Admin\\Desktop\\PKS\\Perkeso Phase A\\Reports\\Workflow\\New Registration\\20181212_150049\\1544615143107.png]]

2018-12-12 19:45:43 - [TEST_STEP][PASSED] - callTestCase: Call Test Case 'Test Cases/Final Aug 2018 - PKS Automation/Registration Module/Log Out/log out avoiding katalon tagging' successfully

2018-12-12 19:45:43 - [TEST_CASE][PASSED] - Test Cases/Final Aug 2018 - PKS Automation/Registration Module/Log Out/log out avoiding katalon tagging: Test Cases/Final Aug 2018 - PKS Automation/Registration Module/Log Out/log out avoiding katalon tagging

2018-12-12 19:45:43 - [TEST_STEP][PASSED] - navigateToUrl: Navigate to 'https://assist2-uat.perkeso.gov.my/c/portal/logout' successfully

2018-12-12 19:45:44 - [MESSAGE][PASSED] - Navigate to 'https://assist2-uat.perkeso.gov.my/c/portal/logout' successfully

2018-12-12 19:45:44 - [MESSAGE][PASSED] - Call Test Case 'Test Cases/Final Aug 2018 - PKS Automation/Registration Module/Log Out/log out avoiding katalon tagging' successfully

2018-12-12 19:45:44 - [TEST_STEP][PASSED] - callTestCase: Call Test Case 'Test Cases/Final Aug 2018 - PKS Automation/Common/Workflow Owner Finder' successfully

2018-12-12 19:45:44 - [TEST_CASE][PASSED] - Test Cases/Final Aug 2018 - PKS Automation/Common/Workflow Owner Finder: Test Cases/Final Aug 2018 - PKS Automation/Common/Workflow Owner Finder

2018-12-12 19:45:44 - [TEST_STEP][PASSED] - openBrowser: Browser is opened with url: ''

2018-12-12 19:45:44 - [MESSAGE][WARNING] - A browser is already opened. Closing browser and opening a new one

2018-12-12 19:45:48 - [MESSAGE][PASSED] - Browser is opened with url: ''

2018-12-12 19:45:48 - [TEST_STEP][PASSED] - navigateToUrl: Navigate to 'https://assist2-uat.perkeso.gov.my/login' successfully

2018-12-12 19:45:49 - [MESSAGE][PASSED] - Navigate to 'https://assist2-uat.perkeso.gov.my/login' successfully

2018-12-12 19:45:49 - [TEST_STEP][PASSED] - delay: Delayed 5 second(s)

2018-12-12 19:45:54 - [MESSAGE][PASSED] - Delayed 5 second(s)

2018-12-12 19:45:54 - [TEST_STEP][PASSED] - setText: Text 'test@liferay.com' is set on object 'Object Repository/Final Object Repo/Login Page/Internal User/Email Address'

2018-12-12 19:45:54 - [MESSAGE][PASSED] - Text 'test@liferay.com' is set on object 'Object Repository/Final Object Repo/Login Page/Internal User/Email Address'

2018-12-12 19:45:54 - [TEST_STEP][PASSED] - click: Object: 'Object Repository/Final Object Repo/Login Page/Internal User/Next Button' is clicked on

2018-12-12 19:45:54 - [MESSAGE][PASSED] - Object: 'Object Repository/Final Object Repo/Login Page/Internal User/Next Button' is clicked on

2018-12-12 19:45:54 - [TEST_STEP][PASSED] - delay: Delayed 2 second(s)

2018-12-12 19:45:56 - [MESSAGE][PASSED] - Delayed 2 second(s)

2018-12-12 19:45:56 - [TEST_STEP][PASSED] - setText: Text 'test' is set on object 'Object Repository/Final Object Repo/Login Page/Internal User/Password'

2018-12-12 19:45:57 - [MESSAGE][PASSED] - Text 'test' is set on object 'Object Repository/Final Object Repo/Login Page/Internal User/Password'

2018-12-12 19:45:57 - [TEST_STEP][PASSED] - delay: Delayed 2 second(s)

2018-12-12 19:45:59 - [MESSAGE][PASSED] - Delayed 2 second(s)

2018-12-12 19:45:59 - [TEST_STEP][PASSED] - click: Object: 'Object Repository/Final Object Repo/Login Page/Internal User/Login Button' is clicked on

2018-12-12 19:45:59 - [MESSAGE][PASSED] - Object: 'Object Repository/Final Object Repo/Login Page/Internal User/Login Button' is clicked on

2018-12-12 19:45:59 - [TEST_STEP][PASSED] - Statement - tester = com.kms.katalon.core.testobject.ObjectRepository.findTestObject(Final Object Repo/Landing Page/Select to English): Finding Test Object with id 'Object Repository/Final Object Repo/Landing Page/Select to English'

2018-12-12 19:45:59 - [TEST_STEP][PASSED] - Statement - Try: Delayed 2 second(s)

2018-12-12 19:45:59 - [TEST_STEP][PASSED] - Statement - Checker = com.kms.katalon.core.webui.keyword.WebUiBuiltInKeywords.verifyElementNotPresent(tester, 3): Web element with id: 'Object Repository/Final Object Repo/Landing Page/Select to English' located by 'By.xpath: //a[@class = 'taglib-language-list-text' and @lang = 'en-US' and (contains(text(), 'EN') or contains(., 'EN'))]' is not present after '3' second(s)

2018-12-12 19:46:01 - [MESSAGE][PASSED] - Web element with id: 'Object Repository/Final Object Repo/Landing Page/Select to English' located by 'By.xpath: //a[@class = 'taglib-language-list-text' and @lang = 'en-US' and (contains(text(), 'EN') or contains(., 'EN'))]' is not present after '3' second(s)

2018-12-12 19:46:01 - [TEST_STEP][PASSED] - Statement - If (Checker == false): null

2018-12-12 19:46:01 - [TEST_STEP][PASSED] - delay: Delayed 2 second(s)

2018-12-12 19:46:03 - [MESSAGE][PASSED] - Delayed 2 second(s)

2018-12-12 19:46:03 - [TEST_STEP][PASSED] - delay: Delayed 5 second(s)

2018-12-12 19:46:08 - [MESSAGE][PASSED] - Delayed 5 second(s)

2018-12-12 19:46:08 - [TEST_STEP][PASSED] - mouseOver: Object: 'Object Repository/Final Object Repo/Landing Page/WorkFlow Menu' is hovered

2018-12-12 19:46:08 - [MESSAGE][PASSED] - Object: 'Object Repository/Final Object Repo/Landing Page/WorkFlow Menu' is hovered

2018-12-12 19:46:08 - [TEST_STEP][PASSED] - delay: Delayed 2 second(s)

2018-12-12 19:46:10 - [MESSAGE][PASSED] - Delayed 2 second(s)

2018-12-12 19:46:10 - [TEST_STEP][PASSED] - click: Object: 'Object Repository/Final Object Repo/Landing Page/Select to Workflow Listing' is clicked on

2018-12-12 19:46:11 - [MESSAGE][PASSED] - Object: 'Object Repository/Final Object Repo/Landing Page/Select to Workflow Listing' is clicked on

2018-12-12 19:46:11 - [TEST_STEP][PASSED] - delay: Delayed 2 second(s)

2018-12-12 19:46:13 - [MESSAGE][PASSED] - Delayed 2 second(s)

2018-12-12 19:46:13 - [TEST_STEP][PASSED] - click: Object: 'Object Repository/Final Object Repo/WorkFlow Listing Page/Search Information - To Put Ref No' is clicked on

2018-12-12 19:46:13 - [MESSAGE][PASSED] - Object: 'Object Repository/Final Object Repo/WorkFlow Listing Page/Search Information - To Put Ref No' is clicked on

2018-12-12 19:46:13 - [TEST_STEP][PASSED] - delay: Delayed 2 second(s)

2018-12-12 19:46:15 - [MESSAGE][PASSED] - Delayed 2 second(s)

2018-12-12 19:46:15 - [TEST_STEP][PASSED] - callTestCase: Call Test Case 'Test Cases/Final Aug 2018 - PKS Automation/Common/Reference Number Getter' successfully

2018-12-12 19:46:15 - [TEST_CASE][PASSED] - Test Cases/Final Aug 2018 - PKS Automation/Common/Reference Number Getter: Test Cases/Final Aug 2018 - PKS Automation/Common/Reference Number Getter

2018-12-12 19:46:15 - [TEST_STEP][PASSED] - Statement - Try: null

2018-12-12 19:46:15 - [TEST_STEP][PASSED] - Statement - RefNo = new java.io.File(C://Users//Admin//Desktop//PKS//Automation Reference Point//KatalonReference.txt): null

2018-12-12 19:46:15 - [TEST_STEP][PASSED] - Statement - bufferread = new java.io.BufferedReader(new java.io.FileReader(RefNo)): null

2018-12-12 19:46:15 - [TEST_STEP][PASSED] - Statement - readedVal = bufferread.readLine(): null

2018-12-12 19:46:15 - [TEST_STEP][PASSED] - Statement - out.println(CaseReferenceNo): null

2018-12-12 19:46:15 - [TEST_STEP][PASSED] - Statement - out.println(readedVal): null

2018-12-12 19:46:15 - [TEST_STEP][PASSED] - Statement - CaseReferenceNo = "": null

2018-12-12 19:46:15 - [TEST_STEP][PASSED] - Statement - CaseReferenceNo = readedVal: null

2018-12-12 19:46:15 - [MESSAGE][PASSED] - Call Test Case 'Test Cases/Final Aug 2018 - PKS Automation/Common/Reference Number Getter' successfully

2018-12-12 19:46:15 - [TEST_STEP][PASSED] - setText: Text 'CRN12201800123232' is set on object 'Object Repository/Final Object Repo/WorkFlow Listing Page/Ref No Set Text'

2018-12-12 19:46:15 - [MESSAGE][PASSED] - Text 'CRN12201800123232' is set on object 'Object Repository/Final Object Repo/WorkFlow Listing Page/Ref No Set Text'

2018-12-12 19:46:15 - [TEST_STEP][PASSED] - delay: Delayed 2 second(s)

2018-12-12 19:46:17 - [MESSAGE][PASSED] - Delayed 2 second(s)

2018-12-12 19:46:17 - [TEST_STEP][PASSED] - click: Object: 'Object Repository/Final Object Repo/WorkFlow Listing Page/Search Ref No Search Button' is clicked on

2018-12-12 19:46:18 - [MESSAGE][PASSED] - Object: 'Object Repository/Final Object Repo/WorkFlow Listing Page/Search Ref No Search Button' is clicked on

2018-12-12 19:46:18 - [TEST_STEP][PASSED] - delay: Delayed 6 second(s)

2018-12-12 19:46:24 - [MESSAGE][PASSED] - Delayed 6 second(s)

2018-12-12 19:46:24 - [TEST_STEP][PASSED] - click: Object: 'Object Repository/Final Object Repo/WorkFlow Listing Page/Click Continue Tooltip' is clicked on

2018-12-12 19:46:24 - [MESSAGE][PASSED] - Object: 'Object Repository/Final Object Repo/WorkFlow Listing Page/Click Continue Tooltip' is clicked on

2018-12-12 19:46:24 - [TEST_STEP][PASSED] - delay: Delayed 5 second(s)

2018-12-12 19:46:29 - [MESSAGE][PASSED] - Delayed 5 second(s)

2018-12-12 19:46:29 - [TEST_STEP][PASSED] - doubleClick: Object: 'Object Repository/Final Object Repo/WorkFlow Listing Page/Workflow Found - Listing 1' is double clicked on

2018-12-12 19:46:30 - [MESSAGE][PASSED] - Object: 'Object Repository/Final Object Repo/WorkFlow Listing Page/Workflow Found - Listing 1' is double clicked on

2018-12-12 19:46:30 - [TEST_STEP][PASSED] - Statement - println(OwnerID): null

2018-12-12 19:46:30 - [TEST_STEP][PASSED] - Statement - OwnerID = com.kms.katalon.core.webui.keyword.WebUiBuiltInKeywords.getText(com.kms.katalon.core.testobject.ObjectRepository.findTestObject(Final Object Repo/WorkFlow Listing Page/Workflow Found - Listing 1), STOP_ON_FAILURE): Text of object 'Object Repository/Final Object Repo/WorkFlow Listing Page/Workflow Found - Listing 1' is: 'JOHORro2'

2018-12-12 19:46:30 - [MESSAGE][PASSED] - Text of object 'Object Repository/Final Object Repo/WorkFlow Listing Page/Workflow Found - Listing 1' is: 'JOHORro2'

2018-12-12 19:46:30 - [TEST_STEP][PASSED] - Statement - OwnerID = OwnerID.toLowerCase() + "@gmail.com": null

2018-12-12 19:46:30 - [TEST_STEP][PASSED] - Statement - println(OwnerID): null

2018-12-12 19:46:30 - [TEST_STEP][PASSED] - delay: Delayed 2 second(s)

2018-12-12 19:46:32 - [MESSAGE][PASSED] - Delayed 2 second(s)

2018-12-12 19:46:32 - [MESSAGE][PASSED] - Call Test Case 'Test Cases/Final Aug 2018 - PKS Automation/Common/Workflow Owner Finder' successfully

2018-12-12 19:46:32 - [TEST_STEP][PASSED] - callTestCase: Call Test Case 'Test Cases/Final Aug 2018 - PKS Automation/Registration Module/Log Out/log out avoiding katalon tagging' successfully

2018-12-12 19:46:32 - [TEST_CASE][PASSED] - Test Cases/Final Aug 2018 - PKS Automation/Registration Module/Log Out/log out avoiding katalon tagging: Test Cases/Final Aug 2018 - PKS Automation/Registration Module/Log Out/log out avoiding katalon tagging

2018-12-12 19:46:32 - [TEST_STEP][PASSED] - navigateToUrl: Navigate to 'https://assist2-uat.perkeso.gov.my/c/portal/logout' successfully

2018-12-12 19:46:32 - [MESSAGE][PASSED] - Navigate to 'https://assist2-uat.perkeso.gov.my/c/portal/logout' successfully

2018-12-12 19:46:32 - [MESSAGE][PASSED] - Call Test Case 'Test Cases/Final Aug 2018 - PKS Automation/Registration Module/Log Out/log out avoiding katalon tagging' successfully

2018-12-12 19:46:32 - [TEST_STEP][PASSED] - delay: Delayed 2 second(s)

2018-12-12 19:46:34 - [MESSAGE][PASSED] - Delayed 2 second(s)

2018-12-12 19:46:34 - [TEST_STEP][PASSED] - setText: Text 'johorro2@gmail.com' is set on object 'Object Repository/Final Object Repo/Login Page/Internal User/Email Address'

2018-12-12 19:46:35 - [MESSAGE][PASSED] - Text 'johorro2@gmail.com' is set on object 'Object Repository/Final Object Repo/Login Page/Internal User/Email Address'

2018-12-12 19:46:35 - [TEST_STEP][PASSED] - click: Object: 'Object Repository/Final Object Repo/Login Page/Internal User/Next Button' is clicked on

2018-12-12 19:46:35 - [MESSAGE][PASSED] - Object: 'Object Repository/Final Object Repo/Login Page/Internal User/Next Button' is clicked on

2018-12-12 19:46:35 - [TEST_STEP][PASSED] - delay: Delayed 2 second(s)

2018-12-12 19:46:37 - [MESSAGE][PASSED] - Delayed 2 second(s)

2018-12-12 19:46:37 - [TEST_STEP][PASSED] - setText: Text 'Test1@3456789' is set on object 'Object Repository/Final Object Repo/Login Page/Internal User/Password'

2018-12-12 19:46:37 - [MESSAGE][PASSED] - Text 'Test1@3456789' is set on object 'Object Repository/Final Object Repo/Login Page/Internal User/Password'

2018-12-12 19:46:37 - [TEST_STEP][PASSED] - delay: Delayed 2 second(s)

2018-12-12 19:46:39 - [MESSAGE][PASSED] - Delayed 2 second(s)

2018-12-12 19:46:39 - [TEST_STEP][PASSED] - click: Object: 'Object Repository/Final Object Repo/Login Page/Internal User/Login Button' is clicked on

2018-12-12 19:46:39 - [MESSAGE][PASSED] - Object: 'Object Repository/Final Object Repo/Login Page/Internal User/Login Button' is clicked on

2018-12-12 19:46:39 - [TEST_STEP][PASSED] - delay: Delayed 2 second(s)

2018-12-12 19:46:41 - [MESSAGE][PASSED] - Delayed 2 second(s)

2018-12-12 19:46:41 - [TEST_STEP][PASSED] - Statement - Try: null

2018-12-12 19:46:41 - [TEST_STEP][PASSED] - Statement - Checker = com.kms.katalon.core.webui.keyword.WebUiBuiltInKeywords.verifyElementNotPresent("Final Object Repo/Landing Page/Select to English", 3): null

2018-12-12 19:46:41 - [TEST_STEP][PASSED] - Statement - Catch (Exception e): null

2018-12-12 19:46:41 - [TEST_STEP][PASSED] - Statement - e.printStackTrace(): null

2018-12-12 19:46:41 - [TEST_STEP][PASSED] - click: Object: 'Object Repository/Final Object Repo/New Registration - Registration Module Pages/New Reg - OTC to RO/Special Case - All Related Objects/Expand to Search' is clicked on

2018-12-12 19:46:42 - [MESSAGE][PASSED] - Object: 'Object Repository/Final Object Repo/New Registration - Registration Module Pages/New Reg - OTC to RO/Special Case - All Related Objects/Expand to Search' is clicked on

2018-12-12 19:46:42 - [TEST_STEP][PASSED] - callTestCase: Call Test Case 'Test Cases/Final Aug 2018 - PKS Automation/Common/Reference Number Getter' successfully

2018-12-12 19:46:42 - [TEST_CASE][PASSED] - Test Cases/Final Aug 2018 - PKS Automation/Common/Reference Number Getter: Test Cases/Final Aug 2018 - PKS Automation/Common/Reference Number Getter

2018-12-12 19:46:42 - [TEST_STEP][PASSED] - Statement - Try: null

2018-12-12 19:46:42 - [TEST_STEP][PASSED] - Statement - RefNo = new java.io.File(C://Users//Admin//Desktop//PKS//Automation Reference Point//KatalonReference.txt): null

2018-12-12 19:46:42 - [TEST_STEP][PASSED] - Statement - bufferread = new java.io.BufferedReader(new java.io.FileReader(RefNo)): null

2018-12-12 19:46:42 - [TEST_STEP][PASSED] - Statement - readedVal = bufferread.readLine(): null

2018-12-12 19:46:42 - [TEST_STEP][PASSED] - Statement - out.println(CaseReferenceNo): null

2018-12-12 19:46:42 - [TEST_STEP][PASSED] - Statement - out.println(readedVal): null

2018-12-12 19:46:42 - [TEST_STEP][PASSED] - Statement - CaseReferenceNo = "": null

2018-12-12 19:46:42 - [TEST_STEP][PASSED] - Statement - CaseReferenceNo = readedVal: null

2018-12-12 19:46:42 - [MESSAGE][PASSED] - Call Test Case 'Test Cases/Final Aug 2018 - PKS Automation/Common/Reference Number Getter' successfully

2018-12-12 19:46:42 - [TEST_STEP][PASSED] - setText: Text 'CRN12201800123232' is set on object 'Object Repository/Final Object Repo/New Registration - Registration Module Pages/New Reg - OTC to RO/Special Case - All Related Objects/TextBox RefNo in Workbasket'

2018-12-12 19:46:42 - [MESSAGE][PASSED] - Text 'CRN12201800123232' is set on object 'Object Repository/Final Object Repo/New Registration - Registration Module Pages/New Reg - OTC to RO/Special Case - All Related Objects/TextBox RefNo in Workbasket'

2018-12-12 19:46:42 - [TEST_STEP][PASSED] - delay: Delayed 2 second(s)

2018-12-12 19:46:44 - [MESSAGE][PASSED] - Delayed 2 second(s)

2018-12-12 19:46:44 - [TEST_STEP][PASSED] - click: Object: 'Object Repository/Final Object Repo/New Registration - Registration Module Pages/New Reg - OTC to RO/Special Case - All Related Objects/Click Search' is clicked on

2018-12-12 19:46:44 - [MESSAGE][PASSED] - Object: 'Object Repository/Final Object Repo/New Registration - Registration Module Pages/New Reg - OTC to RO/Special Case - All Related Objects/Click Search' is clicked on

2018-12-12 19:46:44 - [TEST_STEP][PASSED] - delay: Delayed 2 second(s)

2018-12-12 19:46:46 - [MESSAGE][PASSED] - Delayed 2 second(s)

2018-12-12 19:46:46 - [TEST_STEP][PASSED] - click: Object: 'Object Repository/Final Object Repo/New Registration - Registration Module Pages/New Reg - OTC to RO/Special Case - All Related Objects/Click to Continue Workflow' is clicked on

2018-12-12 19:46:50 - [MESSAGE][PASSED] - Object: 'Object Repository/Final Object Repo/New Registration - Registration Module Pages/New Reg - OTC to RO/Special Case - All Related Objects/Click to Continue Workflow' is clicked on

2018-12-12 19:46:50 - [TEST_STEP][PASSED] - delay: Delayed 2 second(s)

2018-12-12 19:46:52 - [MESSAGE][PASSED] - Delayed 2 second(s)

2018-12-12 19:46:52 - [TEST_STEP][PASSED] - click: Object: 'Object Repository/Final Object Repo/New Registration - Registration Module Pages/New Reg - OTC to RO/Special Case - All Related Objects/Continue Button in verifying case' is clicked on

2018-12-12 19:46:53 - [MESSAGE][PASSED] - Object: 'Object Repository/Final Object Repo/New Registration - Registration Module Pages/New Reg - OTC to RO/Special Case - All Related Objects/Continue Button in verifying case' is clicked on

2018-12-12 19:46:53 - [TEST_STEP][PASSED] - delay: Delayed 2 second(s)

2018-12-12 19:46:55 - [MESSAGE][PASSED] - Delayed 2 second(s)

2018-12-12 19:46:55 - [TEST_STEP][PASSED] - click: Object: 'Object Repository/Final Object Repo/New Registration - Registration Module Pages/New Reg - OTC to RO/Special Case - All Related Objects/Form 1 Save n Continue' is clicked on

2018-12-12 19:46:55 - [MESSAGE][PASSED] - Object: 'Object Repository/Final Object Repo/New Registration - Registration Module Pages/New Reg - OTC to RO/Special Case - All Related Objects/Form 1 Save n Continue' is clicked on

2018-12-12 19:46:55 - [TEST_STEP][PASSED] - delay: Delayed 2 second(s)

2018-12-12 19:46:57 - [MESSAGE][PASSED] - Delayed 2 second(s)

2018-12-12 19:46:57 - [TEST_STEP][PASSED] - click: Object: 'Object Repository/Final Object Repo/New Registration - Registration Module Pages/New Reg - OTC to RO/Special Case - All Related Objects/Form 2 Save n Continue' is clicked on

2018-12-12 19:46:58 - [MESSAGE][PASSED] - Object: 'Object Repository/Final Object Repo/New Registration - Registration Module Pages/New Reg - OTC to RO/Special Case - All Related Objects/Form 2 Save n Continue' is clicked on

2018-12-12 19:46:58 - [TEST_STEP][PASSED] - delay: Delayed 2 second(s)

2018-12-12 19:47:00 - [MESSAGE][PASSED] - Delayed 2 second(s)

2018-12-12 19:47:00 - [TEST_STEP][PASSED] - click: Object: 'Object Repository/Final Object Repo/New Registration - Registration Module Pages/New Reg - OTC to RO/Special Case - All Related Objects/Third Screen Save n Continue' is clicked on

2018-12-12 19:47:05 - [MESSAGE][PASSED] - Object: 'Object Repository/Final Object Repo/New Registration - Registration Module Pages/New Reg - OTC to RO/Special Case - All Related Objects/Third Screen Save n Continue' is clicked on

2018-12-12 19:47:05 - [TEST_STEP][PASSED] - delay: Delayed 5 second(s)

2018-12-12 19:47:10 - [MESSAGE][PASSED] - Delayed 5 second(s)

2018-12-12 19:47:10 - [TEST_STEP][PASSED] - click: Object: 'Object Repository/Final Object Repo/New Registration - Registration Module Pages/New Reg - OTC to RO/Special Case - All Related Objects/Upload Doc Page Save n Continue' is clicked on

2018-12-12 19:47:10 - [MESSAGE][PASSED] - Object: 'Object Repository/Final Object Repo/New Registration - Registration Module Pages/New Reg - OTC to RO/Special Case - All Related Objects/Upload Doc Page Save n Continue' is clicked on

2018-12-12 19:47:10 - [TEST_STEP][PASSED] - delay: Delayed 5 second(s)

2018-12-12 19:47:15 - [MESSAGE][PASSED] - Delayed 5 second(s)

2018-12-12 19:47:15 - [TEST_STEP][FAILED] - callTestCase: Unable to call Test Case with id 'Test Cases/Final Aug 2018 - PKS Automation/Registration Module/New Registration/Submit and Screenshot/Submit Registration and Screenshot' (Root cause: Call Test Case 'Test Cases/Final Aug 2018 - PKS Automation/Registration Module/New Registration/Submit and Screenshot/Submit Registration and Screenshot' failed)

2018-12-12 19:47:15 - [TEST_CASE][FAILED] - Test Cases/Final Aug 2018 - PKS Automation/Registration Module/New Registration/Submit and Screenshot/Submit Registration and Screenshot: Test Cases/Final Aug 2018 - PKS Automation/Registration Module/New Registration/Submit and Screenshot/Submit Registration and Screenshot FAILED because (of) (Stack trace: com.kms.katalon.core.exception.StepFailedException: Unable to click on object 'Object Repository/Final Object Repo/New Registration - Registration Module Pages/Third Screen - Upload Supporting Doc- Preview/Preview Submit Button' (Root cause: com.kms.katalon.core.webui.exception.WebElementNotFoundException: Web element with id: 'Object Repository/Final Object Repo/New Registration - Registration Module Pages/Third Screen - Upload Supporting Doc- Preview/Preview Submit Button' located by 'By.xpath: //a[@popupvalidatesubmit = 'true' and @class = 'btn btn-lg blueBtn col-md-2 pull-right browserIdBtn' and (text() = ' SUBMIT
					' or . = ' SUBMIT
					')]' not found)
	at com.kms.katalon.core.keyword.internal.KeywordMain.stepFailed(KeywordMain.groovy:32)
	at com.kms.katalon.core.webui.keyword.internal.WebUIKeywordMain.stepFailed(WebUIKeywordMain.groovy:65)
	at com.kms.katalon.core.webui.keyword.internal.WebUIKeywordMain.runKeyword(WebUIKeywordMain.groovy:27)
	at com.kms.katalon.core.webui.keyword.builtin.ClickKeyword.click(ClickKeyword.groovy:86)
	at com.kms.katalon.core.webui.keyword.builtin.ClickKeyword.execute(ClickKeyword.groovy:67)
	at com.kms.katalon.core.keyword.internal.KeywordExecutor.executeKeywordForPlatform(KeywordExecutor.groovy:53)
	at com.kms.katalon.core.webui.keyword.WebUiBuiltInKeywords.click(WebUiBuiltInKeywords.groovy:616)
	at com.kms.katalon.core.webui.keyword.WebUiBuiltInKeywords$click$2.call(Unknown Source)
	at Script1534476274484.run(Script1534476274484.groovy:32)
	at com.kms.katalon.core.main.ScriptEngine.run(ScriptEngine.java:183)
	at com.kms.katalon.core.main.ScriptEngine.runScriptAsRawText(ScriptEngine.java:108)
	at com.kms.katalon.core.main.TestCaseExecutor.runScript(TestCaseExecutor.java:294)
	at com.kms.katalon.core.main.TestCaseExecutor.doExecute(TestCaseExecutor.java:285)
	at com.kms.katalon.core.main.TestCaseExecutor.processExecutionPhase(TestCaseExecutor.java:264)
	at com.kms.katalon.core.main.TestCaseExecutor.accessMainPhase(TestCaseExecutor.java:256)
	at com.kms.katalon.core.main.TestCaseExecutor.execute(TestCaseExecutor.java:200)
	at com.kms.katalon.core.main.TestCaseMain.runTestCase(TestCaseMain.java:99)
	at com.kms.katalon.core.keyword.builtin.CallTestCaseKeyword$_callTestCase_closure1.doCall(CallTestCaseKeyword.groovy:60)
	at com.kms.katalon.core.keyword.builtin.CallTestCaseKeyword$_callTestCase_closure1.call(CallTestCaseKeyword.groovy)
	at com.kms.katalon.core.keyword.internal.KeywordMain.runKeyword(KeywordMain.groovy:54)
	at com.kms.katalon.core.keyword.builtin.CallTestCaseKeyword.callTestCase(CallTestCaseKeyword.groovy:81)
	at com.kms.katalon.core.keyword.builtin.CallTestCaseKeyword.execute(CallTestCaseKeyword.groovy:45)
	at com.kms.katalon.core.keyword.internal.KeywordExecutor.executeKeywordForPlatform(KeywordExecutor.groovy:53)
	at com.kms.katalon.core.keyword.BuiltinKeywords.callTestCase(BuiltinKeywords.groovy:334)
	at sun.reflect.GeneratedMethodAccessor13.invoke(Unknown Source)
	at sun.reflect.DelegatingMethodAccessorImpl.invoke(DelegatingMethodAccessorImpl.java:43)
	at java.lang.reflect.Method.invoke(Method.java:498)
	at org.codehaus.groovy.reflection.CachedMethod.invoke(CachedMethod.java:93)
	at groovy.lang.MetaMethod.doMethodInvoke(MetaMethod.java:325)
	at groovy.lang.MetaClassImpl.invokeStaticMethod(MetaClassImpl.java:1469)
	at org.codehaus.groovy.runtime.callsite.StaticMetaClassSite.call(StaticMetaClassSite.java:53)
	at org.codehaus.groovy.runtime.callsite.CallSiteArray.defaultCall(CallSiteArray.java:48)
	at org.codehaus.groovy.runtime.callsite.AbstractCallSite.call(AbstractCallSite.java:113)
	at org.codehaus.groovy.runtime.callsite.AbstractCallSite.call(AbstractCallSite.java:141)
	at Script1537248112379.run(Script1537248112379.groovy:276)
	at com.kms.katalon.core.main.ScriptEngine.run(ScriptEngine.java:183)
	at com.kms.katalon.core.main.ScriptEngine.runScriptAsRawText(ScriptEngine.java:108)
	at com.kms.katalon.core.main.TestCaseExecutor.runScript(TestCaseExecutor.java:294)
	at com.kms.katalon.core.main.TestCaseExecutor.doExecute(TestCaseExecutor.java:285)
	at com.kms.katalon.core.main.TestCaseExecutor.processExecutionPhase(TestCaseExecutor.java:264)
	at com.kms.katalon.core.main.TestCaseExecutor.accessMainPhase(TestCaseExecutor.java:256)
	at com.kms.katalon.core.main.TestCaseExecutor.execute(TestCaseExecutor.java:200)
	at com.kms.katalon.core.main.TestSuiteExecutor.accessTestCaseMainPhase(TestSuiteExecutor.java:129)
	at com.kms.katalon.core.main.TestSuiteExecutor.accessTestSuiteMainPhase(TestSuiteExecutor.java:112)
	at com.kms.katalon.core.main.TestSuiteExecutor.execute(TestSuiteExecutor.java:81)
	at com.kms.katalon.core.main.TestCaseMain.startTestSuite(TestCaseMain.java:142)
	at com.kms.katalon.core.main.TestCaseMain$startTestSuite$0.call(Unknown Source)
	at org.codehaus.groovy.runtime.callsite.CallSiteArray.defaultCall(CallSiteArray.java:48)
	at org.codehaus.groovy.runtime.callsite.AbstractCallSite.call(AbstractCallSite.java:113)
	at org.codehaus.groovy.runtime.callsite.AbstractCallSite.call(AbstractCallSite.java:141)
	at TempTestSuite1544598049714.run(TempTestSuite1544598049714.groovy:36)
	at groovy.lang.GroovyShell.runScriptOrMainOrTestOrRunnable(GroovyShell.java:263)
	at groovy.lang.GroovyShell.run(GroovyShell.java:518)
	at groovy.lang.GroovyShell.run(GroovyShell.java:507)
	at groovy.ui.GroovyMain.processOnce(GroovyMain.java:653)
	at groovy.ui.GroovyMain.run(GroovyMain.java:384)
	at groovy.ui.GroovyMain.process(GroovyMain.java:370)
	at groovy.ui.GroovyMain.processArgs(GroovyMain.java:129)
	at groovy.ui.GroovyMain.main(GroovyMain.java:109)
	at sun.reflect.NativeMethodAccessorImpl.invoke0(Native Method)
	at sun.reflect.NativeMethodAccessorImpl.invoke(NativeMethodAccessorImpl.java:62)
	at sun.reflect.DelegatingMethodAccessorImpl.invoke(DelegatingMethodAccessorImpl.java:43)
	at java.lang.reflect.Method.invoke(Method.java:498)
	at org.codehaus.groovy.tools.GroovyStarter.rootLoader(GroovyStarter.java:109)
	at org.codehaus.groovy.tools.GroovyStarter.main(GroovyStarter.java:131)
)

2018-12-12 19:47:15 - [TEST_STEP][PASSED] - delay: Delayed 6 second(s)

2018-12-12 19:47:21 - [MESSAGE][PASSED] - Delayed 6 second(s)

2018-12-12 19:47:21 - [TEST_STEP][FAILED] - click: Unable to click on object 'Object Repository/Final Object Repo/New Registration - Registration Module Pages/Third Screen - Upload Supporting Doc- Preview/Preview Submit Button' (Root cause: com.kms.katalon.core.webui.exception.WebElementNotFoundException: Web element with id: 'Object Repository/Final Object Repo/New Registration - Registration Module Pages/Third Screen - Upload Supporting Doc- Preview/Preview Submit Button' located by 'By.xpath: //a[@popupvalidatesubmit = 'true' and @class = 'btn btn-lg blueBtn col-md-2 pull-right browserIdBtn' and (text() = ' SUBMIT
					' or . = ' SUBMIT
					')]' not found)

2018-12-12 19:47:58 - [MESSAGE][FAILED] - Unable to click on object 'Object Repository/Final Object Repo/New Registration - Registration Module Pages/Third Screen - Upload Supporting Doc- Preview/Preview Submit Button' (Root cause: com.kms.katalon.core.webui.exception.WebElementNotFoundException: Web element with id: 'Object Repository/Final Object Repo/New Registration - Registration Module Pages/Third Screen - Upload Supporting Doc- Preview/Preview Submit Button' located by 'By.xpath: //a[@popupvalidatesubmit = 'true' and @class = 'btn btn-lg blueBtn col-md-2 pull-right browserIdBtn' and (text() = ' SUBMIT
					' or . = ' SUBMIT
					')]' not found)
[[ATTACHMENT|C:\\Users\\Admin\\Desktop\\PKS\\Perkeso Phase A\\Reports\\Workflow\\New Registration\\20181212_150049\\1544615277696.png]]

2018-12-12 19:47:58 - [TEST_STEP][PASSED] - delay: Delayed 2 second(s)

2018-12-12 19:48:00 - [MESSAGE][PASSED] - Delayed 2 second(s)

2018-12-12 19:48:00 - [TEST_STEP][FAILED] - click: Unable to click on object 'Object Repository/Final Object Repo/New Registration - Registration Module Pages/Third Screen - Upload Supporting Doc- Preview/Preview Submit - Confirm' (Root cause: com.kms.katalon.core.webui.exception.WebElementNotFoundException: Web element with id: 'Object Repository/Final Object Repo/New Registration - Registration Module Pages/Third Screen - Upload Supporting Doc- Preview/Preview Submit - Confirm' located by 'By.xpath: //span[@id = 'confirmword' and (text() = 'CONFIRM' or . = 'CONFIRM')]' not found)

2018-12-12 19:48:32 - [MESSAGE][FAILED] - Unable to click on object 'Object Repository/Final Object Repo/New Registration - Registration Module Pages/Third Screen - Upload Supporting Doc- Preview/Preview Submit - Confirm' (Root cause: com.kms.katalon.core.webui.exception.WebElementNotFoundException: Web element with id: 'Object Repository/Final Object Repo/New Registration - Registration Module Pages/Third Screen - Upload Supporting Doc- Preview/Preview Submit - Confirm' located by 'By.xpath: //span[@id = 'confirmword' and (text() = 'CONFIRM' or . = 'CONFIRM')]' not found)
[[ATTACHMENT|C:\\Users\\Admin\\Desktop\\PKS\\Perkeso Phase A\\Reports\\Workflow\\New Registration\\20181212_150049\\1544615311940.png]]

2018-12-12 19:48:32 - [TEST_STEP][PASSED] - delay: Delayed 15 second(s)

2018-12-12 19:48:47 - [MESSAGE][PASSED] - Delayed 15 second(s)

2018-12-12 19:48:47 - [TEST_STEP][PASSED] - Statement - driver = com.kms.katalon.core.webui.driver.DriverFactory.getWebDriver(): null

2018-12-12 19:48:47 - [TEST_STEP][PASSED] - Statement - driver.manage().timeouts().implicitlyWait(10, SECONDS): null

2018-12-12 19:48:47 - [TEST_STEP][PASSED] - Statement - PresavePath = KatalonScreenshots: null

2018-12-12 19:48:47 - [TEST_STEP][PASSED] - Statement - pathPrefix = "C:\Users\Public\Pictures\Sample Pictures\Katalon Screenshots\Automate Ending Screen": null

2018-12-12 19:48:47 - [TEST_STEP][PASSED] - Statement - finalPath = <not implemented yet for class: org.codehaus.groovy.ast.expr.EmptyExpression>: null

2018-12-12 19:48:47 - [TEST_STEP][PASSED] - Statement - scrFile = driver.getScreenshotAs(FILE): null

2018-12-12 19:48:47 - [TEST_STEP][PASSED] - Statement - PreSaveFile = new java.io.File(PresavePath): null

2018-12-12 19:48:47 - [TEST_STEP][PASSED] - Statement - counter = 0: null

2018-12-12 19:48:47 - [TEST_STEP][PASSED] - Statement - If (PreSaveFile.exists()): null

2018-12-12 19:48:47 - [TEST_STEP][PASSED] - Statement - While (PreSaveFile.exists()): null

2018-12-12 19:48:47 - [TEST_STEP][PASSED] - Statement - counter = counter + 1: null

2018-12-12 19:48:47 - [TEST_STEP][PASSED] - Statement - PreSaveFile = new java.io.File(((pathPrefix + java.lang.Integer.toString(counter)) + .png)): null

2018-12-12 19:48:47 - [TEST_STEP][PASSED] - Statement - counter = counter + 1: null

2018-12-12 19:48:47 - [TEST_STEP][PASSED] - Statement - PreSaveFile = new java.io.File(((pathPrefix + java.lang.Integer.toString(counter)) + .png)): null

2018-12-12 19:48:47 - [TEST_STEP][PASSED] - Statement - counter = counter + 1: null

2018-12-12 19:48:47 - [TEST_STEP][PASSED] - Statement - PreSaveFile = new java.io.File(((pathPrefix + java.lang.Integer.toString(counter)) + .png)): null

2018-12-12 19:48:47 - [TEST_STEP][PASSED] - Statement - counter = counter + 1: null

2018-12-12 19:48:47 - [TEST_STEP][PASSED] - Statement - PreSaveFile = new java.io.File(((pathPrefix + java.lang.Integer.toString(counter)) + .png)): null

2018-12-12 19:48:47 - [TEST_STEP][PASSED] - Statement - counter = counter + 1: null

2018-12-12 19:48:47 - [TEST_STEP][PASSED] - Statement - PreSaveFile = new java.io.File(((pathPrefix + java.lang.Integer.toString(counter)) + .png)): null

2018-12-12 19:48:47 - [TEST_STEP][PASSED] - Statement - counter = counter + 1: null

2018-12-12 19:48:47 - [TEST_STEP][PASSED] - Statement - PreSaveFile = new java.io.File(((pathPrefix + java.lang.Integer.toString(counter)) + .png)): null

2018-12-12 19:48:47 - [TEST_STEP][PASSED] - Statement - counter = counter + 1: null

2018-12-12 19:48:47 - [TEST_STEP][PASSED] - Statement - PreSaveFile = new java.io.File(((pathPrefix + java.lang.Integer.toString(counter)) + .png)): null

2018-12-12 19:48:47 - [TEST_STEP][PASSED] - Statement - counter = counter + 1: null

2018-12-12 19:48:47 - [TEST_STEP][PASSED] - Statement - PreSaveFile = new java.io.File(((pathPrefix + java.lang.Integer.toString(counter)) + .png)): null

2018-12-12 19:48:47 - [TEST_STEP][PASSED] - Statement - counter = counter + 1: null

2018-12-12 19:48:47 - [TEST_STEP][PASSED] - Statement - PreSaveFile = new java.io.File(((pathPrefix + java.lang.Integer.toString(counter)) + .png)): null

2018-12-12 19:48:47 - [TEST_STEP][PASSED] - Statement - counter = counter + 1: null

2018-12-12 19:48:47 - [TEST_STEP][PASSED] - Statement - PreSaveFile = new java.io.File(((pathPrefix + java.lang.Integer.toString(counter)) + .png)): null

2018-12-12 19:48:47 - [TEST_STEP][PASSED] - Statement - counter = counter + 1: null

2018-12-12 19:48:47 - [TEST_STEP][PASSED] - Statement - PreSaveFile = new java.io.File(((pathPrefix + java.lang.Integer.toString(counter)) + .png)): null

2018-12-12 19:48:47 - [TEST_STEP][PASSED] - Statement - counter = counter + 1: null

2018-12-12 19:48:47 - [TEST_STEP][PASSED] - Statement - PreSaveFile = new java.io.File(((pathPrefix + java.lang.Integer.toString(counter)) + .png)): null

2018-12-12 19:48:47 - [TEST_STEP][PASSED] - Statement - counter = counter + 1: null

2018-12-12 19:48:47 - [TEST_STEP][PASSED] - Statement - PreSaveFile = new java.io.File(((pathPrefix + java.lang.Integer.toString(counter)) + .png)): null

2018-12-12 19:48:47 - [TEST_STEP][PASSED] - Statement - counter = counter + 1: null

2018-12-12 19:48:47 - [TEST_STEP][PASSED] - Statement - PreSaveFile = new java.io.File(((pathPrefix + java.lang.Integer.toString(counter)) + .png)): null

2018-12-12 19:48:47 - [TEST_STEP][PASSED] - Statement - counter = counter + 1: null

2018-12-12 19:48:47 - [TEST_STEP][PASSED] - Statement - PreSaveFile = new java.io.File(((pathPrefix + java.lang.Integer.toString(counter)) + .png)): null

2018-12-12 19:48:47 - [TEST_STEP][PASSED] - Statement - counter = counter + 1: null

2018-12-12 19:48:47 - [TEST_STEP][PASSED] - Statement - PreSaveFile = new java.io.File(((pathPrefix + java.lang.Integer.toString(counter)) + .png)): null

2018-12-12 19:48:47 - [TEST_STEP][PASSED] - Statement - counter = counter + 1: null

2018-12-12 19:48:47 - [TEST_STEP][PASSED] - Statement - PreSaveFile = new java.io.File(((pathPrefix + java.lang.Integer.toString(counter)) + .png)): null

2018-12-12 19:48:47 - [TEST_STEP][PASSED] - Statement - counter = counter + 1: null

2018-12-12 19:48:47 - [TEST_STEP][PASSED] - Statement - PreSaveFile = new java.io.File(((pathPrefix + java.lang.Integer.toString(counter)) + .png)): null

2018-12-12 19:48:47 - [TEST_STEP][PASSED] - Statement - counter = counter + 1: null

2018-12-12 19:48:47 - [TEST_STEP][PASSED] - Statement - PreSaveFile = new java.io.File(((pathPrefix + java.lang.Integer.toString(counter)) + .png)): null

2018-12-12 19:48:47 - [TEST_STEP][PASSED] - Statement - counter = counter + 1: null

2018-12-12 19:48:47 - [TEST_STEP][PASSED] - Statement - PreSaveFile = new java.io.File(((pathPrefix + java.lang.Integer.toString(counter)) + .png)): null

2018-12-12 19:48:47 - [TEST_STEP][PASSED] - Statement - counter = counter + 1: null

2018-12-12 19:48:47 - [TEST_STEP][PASSED] - Statement - PreSaveFile = new java.io.File(((pathPrefix + java.lang.Integer.toString(counter)) + .png)): null

2018-12-12 19:48:47 - [TEST_STEP][PASSED] - Statement - counter = counter + 1: null

2018-12-12 19:48:47 - [TEST_STEP][PASSED] - Statement - PreSaveFile = new java.io.File(((pathPrefix + java.lang.Integer.toString(counter)) + .png)): null

2018-12-12 19:48:47 - [TEST_STEP][PASSED] - Statement - counter = counter + 1: null

2018-12-12 19:48:47 - [TEST_STEP][PASSED] - Statement - PreSaveFile = new java.io.File(((pathPrefix + java.lang.Integer.toString(counter)) + .png)): null

2018-12-12 19:48:47 - [TEST_STEP][PASSED] - Statement - counter = counter + 1: null

2018-12-12 19:48:47 - [TEST_STEP][PASSED] - Statement - PreSaveFile = new java.io.File(((pathPrefix + java.lang.Integer.toString(counter)) + .png)): null

2018-12-12 19:48:47 - [TEST_STEP][PASSED] - Statement - counter = counter + 1: null

2018-12-12 19:48:47 - [TEST_STEP][PASSED] - Statement - PreSaveFile = new java.io.File(((pathPrefix + java.lang.Integer.toString(counter)) + .png)): null

2018-12-12 19:48:47 - [TEST_STEP][PASSED] - Statement - counter = counter + 1: null

2018-12-12 19:48:47 - [TEST_STEP][PASSED] - Statement - PreSaveFile = new java.io.File(((pathPrefix + java.lang.Integer.toString(counter)) + .png)): null

2018-12-12 19:48:47 - [TEST_STEP][PASSED] - Statement - counter = counter + 1: null

2018-12-12 19:48:47 - [TEST_STEP][PASSED] - Statement - PreSaveFile = new java.io.File(((pathPrefix + java.lang.Integer.toString(counter)) + .png)): null

2018-12-12 19:48:47 - [TEST_STEP][PASSED] - Statement - counter = counter + 1: null

2018-12-12 19:48:47 - [TEST_STEP][PASSED] - Statement - PreSaveFile = new java.io.File(((pathPrefix + java.lang.Integer.toString(counter)) + .png)): null

2018-12-12 19:48:47 - [TEST_STEP][PASSED] - Statement - counter = counter + 1: null

2018-12-12 19:48:47 - [TEST_STEP][PASSED] - Statement - PreSaveFile = new java.io.File(((pathPrefix + java.lang.Integer.toString(counter)) + .png)): null

2018-12-12 19:48:47 - [TEST_STEP][PASSED] - Statement - counter = counter + 1: null

2018-12-12 19:48:47 - [TEST_STEP][PASSED] - Statement - PreSaveFile = new java.io.File(((pathPrefix + java.lang.Integer.toString(counter)) + .png)): null

2018-12-12 19:48:47 - [TEST_STEP][PASSED] - Statement - counter = counter + 1: null

2018-12-12 19:48:47 - [TEST_STEP][PASSED] - Statement - PreSaveFile = new java.io.File(((pathPrefix + java.lang.Integer.toString(counter)) + .png)): null

2018-12-12 19:48:47 - [TEST_STEP][PASSED] - Statement - counter = counter + 1: null

2018-12-12 19:48:47 - [TEST_STEP][PASSED] - Statement - PreSaveFile = new java.io.File(((pathPrefix + java.lang.Integer.toString(counter)) + .png)): null

2018-12-12 19:48:47 - [TEST_STEP][PASSED] - Statement - counter = counter + 1: null

2018-12-12 19:48:47 - [TEST_STEP][PASSED] - Statement - PreSaveFile = new java.io.File(((pathPrefix + java.lang.Integer.toString(counter)) + .png)): null

2018-12-12 19:48:47 - [TEST_STEP][PASSED] - Statement - counter = counter + 1: null

2018-12-12 19:48:47 - [TEST_STEP][PASSED] - Statement - PreSaveFile = new java.io.File(((pathPrefix + java.lang.Integer.toString(counter)) + .png)): null

2018-12-12 19:48:47 - [TEST_STEP][PASSED] - Statement - counter = counter + 1: null

2018-12-12 19:48:47 - [TEST_STEP][PASSED] - Statement - PreSaveFile = new java.io.File(((pathPrefix + java.lang.Integer.toString(counter)) + .png)): null

2018-12-12 19:48:47 - [TEST_STEP][PASSED] - Statement - counter = counter + 1: null

2018-12-12 19:48:47 - [TEST_STEP][PASSED] - Statement - PreSaveFile = new java.io.File(((pathPrefix + java.lang.Integer.toString(counter)) + .png)): null

2018-12-12 19:48:47 - [TEST_STEP][PASSED] - Statement - counter = counter + 1: null

2018-12-12 19:48:47 - [TEST_STEP][PASSED] - Statement - PreSaveFile = new java.io.File(((pathPrefix + java.lang.Integer.toString(counter)) + .png)): null

2018-12-12 19:48:47 - [TEST_STEP][PASSED] - Statement - counter = counter + 1: null

2018-12-12 19:48:47 - [TEST_STEP][PASSED] - Statement - PreSaveFile = new java.io.File(((pathPrefix + java.lang.Integer.toString(counter)) + .png)): null

2018-12-12 19:48:47 - [TEST_STEP][PASSED] - Statement - counter = counter + 1: null

2018-12-12 19:48:47 - [TEST_STEP][PASSED] - Statement - PreSaveFile = new java.io.File(((pathPrefix + java.lang.Integer.toString(counter)) + .png)): null

2018-12-12 19:48:47 - [TEST_STEP][PASSED] - Statement - counter = counter + 1: null

2018-12-12 19:48:47 - [TEST_STEP][PASSED] - Statement - PreSaveFile = new java.io.File(((pathPrefix + java.lang.Integer.toString(counter)) + .png)): null

2018-12-12 19:48:47 - [TEST_STEP][PASSED] - Statement - counter = counter + 1: null

2018-12-12 19:48:47 - [TEST_STEP][PASSED] - Statement - PreSaveFile = new java.io.File(((pathPrefix + java.lang.Integer.toString(counter)) + .png)): null

2018-12-12 19:48:47 - [TEST_STEP][PASSED] - Statement - counter = counter + 1: null

2018-12-12 19:48:47 - [TEST_STEP][PASSED] - Statement - PreSaveFile = new java.io.File(((pathPrefix + java.lang.Integer.toString(counter)) + .png)): null

2018-12-12 19:48:47 - [TEST_STEP][PASSED] - Statement - counter = counter + 1: null

2018-12-12 19:48:47 - [TEST_STEP][PASSED] - Statement - PreSaveFile = new java.io.File(((pathPrefix + java.lang.Integer.toString(counter)) + .png)): null

2018-12-12 19:48:47 - [TEST_STEP][PASSED] - Statement - counter = counter + 1: null

2018-12-12 19:48:47 - [TEST_STEP][PASSED] - Statement - PreSaveFile = new java.io.File(((pathPrefix + java.lang.Integer.toString(counter)) + .png)): null

2018-12-12 19:48:47 - [TEST_STEP][PASSED] - Statement - counter = counter + 1: null

2018-12-12 19:48:47 - [TEST_STEP][PASSED] - Statement - PreSaveFile = new java.io.File(((pathPrefix + java.lang.Integer.toString(counter)) + .png)): null

2018-12-12 19:48:47 - [TEST_STEP][PASSED] - Statement - counter = counter + 1: null

2018-12-12 19:48:47 - [TEST_STEP][PASSED] - Statement - PreSaveFile = new java.io.File(((pathPrefix + java.lang.Integer.toString(counter)) + .png)): null

2018-12-12 19:48:47 - [TEST_STEP][PASSED] - Statement - counter = counter + 1: null

2018-12-12 19:48:47 - [TEST_STEP][PASSED] - Statement - PreSaveFile = new java.io.File(((pathPrefix + java.lang.Integer.toString(counter)) + .png)): null

2018-12-12 19:48:47 - [TEST_STEP][PASSED] - Statement - counter = counter + 1: null

2018-12-12 19:48:47 - [TEST_STEP][PASSED] - Statement - PreSaveFile = new java.io.File(((pathPrefix + java.lang.Integer.toString(counter)) + .png)): null

2018-12-12 19:48:47 - [TEST_STEP][PASSED] - Statement - counter = counter + 1: null

2018-12-12 19:48:47 - [TEST_STEP][PASSED] - Statement - PreSaveFile = new java.io.File(((pathPrefix + java.lang.Integer.toString(counter)) + .png)): null

2018-12-12 19:48:47 - [TEST_STEP][PASSED] - Statement - counter = counter + 1: null

2018-12-12 19:48:47 - [TEST_STEP][PASSED] - Statement - PreSaveFile = new java.io.File(((pathPrefix + java.lang.Integer.toString(counter)) + .png)): null

2018-12-12 19:48:47 - [TEST_STEP][PASSED] - Statement - counter = counter + 1: null

2018-12-12 19:48:47 - [TEST_STEP][PASSED] - Statement - PreSaveFile = new java.io.File(((pathPrefix + java.lang.Integer.toString(counter)) + .png)): null

2018-12-12 19:48:47 - [TEST_STEP][PASSED] - Statement - counter = counter + 1: null

2018-12-12 19:48:47 - [TEST_STEP][PASSED] - Statement - PreSaveFile = new java.io.File(((pathPrefix + java.lang.Integer.toString(counter)) + .png)): null

2018-12-12 19:48:47 - [TEST_STEP][PASSED] - Statement - counter = counter + 1: null

2018-12-12 19:48:47 - [TEST_STEP][PASSED] - Statement - PreSaveFile = new java.io.File(((pathPrefix + java.lang.Integer.toString(counter)) + .png)): null

2018-12-12 19:48:47 - [TEST_STEP][PASSED] - Statement - counter = counter + 1: null

2018-12-12 19:48:47 - [TEST_STEP][PASSED] - Statement - PreSaveFile = new java.io.File(((pathPrefix + java.lang.Integer.toString(counter)) + .png)): null

2018-12-12 19:48:47 - [TEST_STEP][PASSED] - Statement - counter = counter + 1: null

2018-12-12 19:48:47 - [TEST_STEP][PASSED] - Statement - PreSaveFile = new java.io.File(((pathPrefix + java.lang.Integer.toString(counter)) + .png)): null

2018-12-12 19:48:47 - [TEST_STEP][PASSED] - Statement - counter = counter + 1: null

2018-12-12 19:48:47 - [TEST_STEP][PASSED] - Statement - PreSaveFile = new java.io.File(((pathPrefix + java.lang.Integer.toString(counter)) + .png)): null

2018-12-12 19:48:47 - [TEST_STEP][PASSED] - Statement - counter = counter + 1: null

2018-12-12 19:48:47 - [TEST_STEP][PASSED] - Statement - PreSaveFile = new java.io.File(((pathPrefix + java.lang.Integer.toString(counter)) + .png)): null

2018-12-12 19:48:47 - [TEST_STEP][PASSED] - Statement - counter = counter + 1: null

2018-12-12 19:48:47 - [TEST_STEP][PASSED] - Statement - PreSaveFile = new java.io.File(((pathPrefix + java.lang.Integer.toString(counter)) + .png)): null

2018-12-12 19:48:47 - [TEST_STEP][PASSED] - Statement - counter = counter + 1: null

2018-12-12 19:48:47 - [TEST_STEP][PASSED] - Statement - PreSaveFile = new java.io.File(((pathPrefix + java.lang.Integer.toString(counter)) + .png)): null

2018-12-12 19:48:47 - [TEST_STEP][PASSED] - Statement - counter = counter + 1: null

2018-12-12 19:48:47 - [TEST_STEP][PASSED] - Statement - PreSaveFile = new java.io.File(((pathPrefix + java.lang.Integer.toString(counter)) + .png)): null

2018-12-12 19:48:47 - [TEST_STEP][PASSED] - Statement - counter = counter + 1: null

2018-12-12 19:48:47 - [TEST_STEP][PASSED] - Statement - PreSaveFile = new java.io.File(((pathPrefix + java.lang.Integer.toString(counter)) + .png)): null

2018-12-12 19:48:47 - [TEST_STEP][PASSED] - Statement - counter = counter + 1: null

2018-12-12 19:48:47 - [TEST_STEP][PASSED] - Statement - PreSaveFile = new java.io.File(((pathPrefix + java.lang.Integer.toString(counter)) + .png)): null

2018-12-12 19:48:47 - [TEST_STEP][PASSED] - Statement - counter = counter + 1: null

2018-12-12 19:48:47 - [TEST_STEP][PASSED] - Statement - PreSaveFile = new java.io.File(((pathPrefix + java.lang.Integer.toString(counter)) + .png)): null

2018-12-12 19:48:47 - [TEST_STEP][PASSED] - Statement - counter = counter + 1: null

2018-12-12 19:48:47 - [TEST_STEP][PASSED] - Statement - PreSaveFile = new java.io.File(((pathPrefix + java.lang.Integer.toString(counter)) + .png)): null

2018-12-12 19:48:47 - [TEST_STEP][PASSED] - Statement - counter = counter + 1: null

2018-12-12 19:48:47 - [TEST_STEP][PASSED] - Statement - PreSaveFile = new java.io.File(((pathPrefix + java.lang.Integer.toString(counter)) + .png)): null

2018-12-12 19:48:47 - [TEST_STEP][PASSED] - Statement - counter = counter + 1: null

2018-12-12 19:48:47 - [TEST_STEP][PASSED] - Statement - PreSaveFile = new java.io.File(((pathPrefix + java.lang.Integer.toString(counter)) + .png)): null

2018-12-12 19:48:47 - [TEST_STEP][PASSED] - Statement - counter = counter + 1: null

2018-12-12 19:48:47 - [TEST_STEP][PASSED] - Statement - PreSaveFile = new java.io.File(((pathPrefix + java.lang.Integer.toString(counter)) + .png)): null

2018-12-12 19:48:47 - [TEST_STEP][PASSED] - Statement - counter = counter + 1: null

2018-12-12 19:48:47 - [TEST_STEP][PASSED] - Statement - PreSaveFile = new java.io.File(((pathPrefix + java.lang.Integer.toString(counter)) + .png)): null

2018-12-12 19:48:47 - [TEST_STEP][PASSED] - Statement - counter = counter + 1: null

2018-12-12 19:48:47 - [TEST_STEP][PASSED] - Statement - PreSaveFile = new java.io.File(((pathPrefix + java.lang.Integer.toString(counter)) + .png)): null

2018-12-12 19:48:47 - [TEST_STEP][PASSED] - Statement - counter = counter + 1: null

2018-12-12 19:48:47 - [TEST_STEP][PASSED] - Statement - PreSaveFile = new java.io.File(((pathPrefix + java.lang.Integer.toString(counter)) + .png)): null

2018-12-12 19:48:47 - [TEST_STEP][PASSED] - Statement - counter = counter + 1: null

2018-12-12 19:48:47 - [TEST_STEP][PASSED] - Statement - PreSaveFile = new java.io.File(((pathPrefix + java.lang.Integer.toString(counter)) + .png)): null

2018-12-12 19:48:47 - [TEST_STEP][PASSED] - Statement - counter = counter + 1: null

2018-12-12 19:48:47 - [TEST_STEP][PASSED] - Statement - PreSaveFile = new java.io.File(((pathPrefix + java.lang.Integer.toString(counter)) + .png)): null

2018-12-12 19:48:47 - [TEST_STEP][PASSED] - Statement - counter = counter + 1: null

2018-12-12 19:48:47 - [TEST_STEP][PASSED] - Statement - PreSaveFile = new java.io.File(((pathPrefix + java.lang.Integer.toString(counter)) + .png)): null

2018-12-12 19:48:47 - [TEST_STEP][PASSED] - Statement - counter = counter + 1: null

2018-12-12 19:48:47 - [TEST_STEP][PASSED] - Statement - PreSaveFile = new java.io.File(((pathPrefix + java.lang.Integer.toString(counter)) + .png)): null

2018-12-12 19:48:47 - [TEST_STEP][PASSED] - Statement - counter = counter + 1: null

2018-12-12 19:48:47 - [TEST_STEP][PASSED] - Statement - PreSaveFile = new java.io.File(((pathPrefix + java.lang.Integer.toString(counter)) + .png)): null

2018-12-12 19:48:47 - [TEST_STEP][PASSED] - Statement - counter = counter + 1: null

2018-12-12 19:48:47 - [TEST_STEP][PASSED] - Statement - PreSaveFile = new java.io.File(((pathPrefix + java.lang.Integer.toString(counter)) + .png)): null

2018-12-12 19:48:47 - [TEST_STEP][PASSED] - Statement - counter = counter + 1: null

2018-12-12 19:48:47 - [TEST_STEP][PASSED] - Statement - PreSaveFile = new java.io.File(((pathPrefix + java.lang.Integer.toString(counter)) + .png)): null

2018-12-12 19:48:47 - [TEST_STEP][PASSED] - Statement - counter = counter + 1: null

2018-12-12 19:48:47 - [TEST_STEP][PASSED] - Statement - PreSaveFile = new java.io.File(((pathPrefix + java.lang.Integer.toString(counter)) + .png)): null

2018-12-12 19:48:47 - [TEST_STEP][PASSED] - Statement - counter = counter + 1: null

2018-12-12 19:48:47 - [TEST_STEP][PASSED] - Statement - PreSaveFile = new java.io.File(((pathPrefix + java.lang.Integer.toString(counter)) + .png)): null

2018-12-12 19:48:47 - [TEST_STEP][PASSED] - Statement - counter = counter + 1: null

2018-12-12 19:48:47 - [TEST_STEP][PASSED] - Statement - PreSaveFile = new java.io.File(((pathPrefix + java.lang.Integer.toString(counter)) + .png)): null

2018-12-12 19:48:47 - [TEST_STEP][PASSED] - Statement - counter = counter + 1: null

2018-12-12 19:48:47 - [TEST_STEP][PASSED] - Statement - PreSaveFile = new java.io.File(((pathPrefix + java.lang.Integer.toString(counter)) + .png)): null

2018-12-12 19:48:47 - [TEST_STEP][PASSED] - Statement - counter = counter + 1: null

2018-12-12 19:48:47 - [TEST_STEP][PASSED] - Statement - PreSaveFile = new java.io.File(((pathPrefix + java.lang.Integer.toString(counter)) + .png)): null

2018-12-12 19:48:47 - [TEST_STEP][PASSED] - Statement - counter = counter + 1: null

2018-12-12 19:48:47 - [TEST_STEP][PASSED] - Statement - PreSaveFile = new java.io.File(((pathPrefix + java.lang.Integer.toString(counter)) + .png)): null

2018-12-12 19:48:47 - [TEST_STEP][PASSED] - Statement - counter = counter + 1: null

2018-12-12 19:48:47 - [TEST_STEP][PASSED] - Statement - PreSaveFile = new java.io.File(((pathPrefix + java.lang.Integer.toString(counter)) + .png)): null

2018-12-12 19:48:47 - [TEST_STEP][PASSED] - Statement - counter = counter + 1: null

2018-12-12 19:48:47 - [TEST_STEP][PASSED] - Statement - PreSaveFile = new java.io.File(((pathPrefix + java.lang.Integer.toString(counter)) + .png)): null

2018-12-12 19:48:47 - [TEST_STEP][PASSED] - Statement - counter = counter + 1: null

2018-12-12 19:48:47 - [TEST_STEP][PASSED] - Statement - PreSaveFile = new java.io.File(((pathPrefix + java.lang.Integer.toString(counter)) + .png)): null

2018-12-12 19:48:47 - [TEST_STEP][PASSED] - Statement - counter = counter + 1: null

2018-12-12 19:48:47 - [TEST_STEP][PASSED] - Statement - PreSaveFile = new java.io.File(((pathPrefix + java.lang.Integer.toString(counter)) + .png)): null

2018-12-12 19:48:47 - [TEST_STEP][PASSED] - Statement - counter = counter + 1: null

2018-12-12 19:48:47 - [TEST_STEP][PASSED] - Statement - PreSaveFile = new java.io.File(((pathPrefix + java.lang.Integer.toString(counter)) + .png)): null

2018-12-12 19:48:47 - [TEST_STEP][PASSED] - Statement - counter = counter + 1: null

2018-12-12 19:48:47 - [TEST_STEP][PASSED] - Statement - PreSaveFile = new java.io.File(((pathPrefix + java.lang.Integer.toString(counter)) + .png)): null

2018-12-12 19:48:47 - [TEST_STEP][PASSED] - Statement - counter = counter + 1: null

2018-12-12 19:48:47 - [TEST_STEP][PASSED] - Statement - PreSaveFile = new java.io.File(((pathPrefix + java.lang.Integer.toString(counter)) + .png)): null

2018-12-12 19:48:47 - [TEST_STEP][PASSED] - Statement - counter = counter + 1: null

2018-12-12 19:48:47 - [TEST_STEP][PASSED] - Statement - PreSaveFile = new java.io.File(((pathPrefix + java.lang.Integer.toString(counter)) + .png)): null

2018-12-12 19:48:47 - [TEST_STEP][PASSED] - Statement - counter = counter + 1: null

2018-12-12 19:48:47 - [TEST_STEP][PASSED] - Statement - PreSaveFile = new java.io.File(((pathPrefix + java.lang.Integer.toString(counter)) + .png)): null

2018-12-12 19:48:47 - [TEST_STEP][PASSED] - Statement - counter = counter + 1: null

2018-12-12 19:48:47 - [TEST_STEP][PASSED] - Statement - PreSaveFile = new java.io.File(((pathPrefix + java.lang.Integer.toString(counter)) + .png)): null

2018-12-12 19:48:47 - [TEST_STEP][PASSED] - Statement - counter = counter + 1: null

2018-12-12 19:48:47 - [TEST_STEP][PASSED] - Statement - PreSaveFile = new java.io.File(((pathPrefix + java.lang.Integer.toString(counter)) + .png)): null

2018-12-12 19:48:47 - [TEST_STEP][PASSED] - Statement - counter = counter + 1: null

2018-12-12 19:48:47 - [TEST_STEP][PASSED] - Statement - PreSaveFile = new java.io.File(((pathPrefix + java.lang.Integer.toString(counter)) + .png)): null

2018-12-12 19:48:47 - [TEST_STEP][PASSED] - Statement - counter = counter + 1: null

2018-12-12 19:48:47 - [TEST_STEP][PASSED] - Statement - PreSaveFile = new java.io.File(((pathPrefix + java.lang.Integer.toString(counter)) + .png)): null

2018-12-12 19:48:47 - [TEST_STEP][PASSED] - Statement - counter = counter + 1: null

2018-12-12 19:48:47 - [TEST_STEP][PASSED] - Statement - PreSaveFile = new java.io.File(((pathPrefix + java.lang.Integer.toString(counter)) + .png)): null

2018-12-12 19:48:47 - [TEST_STEP][PASSED] - Statement - counter = counter + 1: null

2018-12-12 19:48:47 - [TEST_STEP][PASSED] - Statement - PreSaveFile = new java.io.File(((pathPrefix + java.lang.Integer.toString(counter)) + .png)): null

2018-12-12 19:48:47 - [TEST_STEP][PASSED] - Statement - counter = counter + 1: null

2018-12-12 19:48:47 - [TEST_STEP][PASSED] - Statement - PreSaveFile = new java.io.File(((pathPrefix + java.lang.Integer.toString(counter)) + .png)): null

2018-12-12 19:48:47 - [TEST_STEP][PASSED] - Statement - counter = counter + 1: null

2018-12-12 19:48:47 - [TEST_STEP][PASSED] - Statement - PreSaveFile = new java.io.File(((pathPrefix + java.lang.Integer.toString(counter)) + .png)): null

2018-12-12 19:48:47 - [TEST_STEP][PASSED] - Statement - counter = counter + 1: null

2018-12-12 19:48:47 - [TEST_STEP][PASSED] - Statement - PreSaveFile = new java.io.File(((pathPrefix + java.lang.Integer.toString(counter)) + .png)): null

2018-12-12 19:48:47 - [TEST_STEP][PASSED] - Statement - counter = counter + 1: null

2018-12-12 19:48:47 - [TEST_STEP][PASSED] - Statement - PreSaveFile = new java.io.File(((pathPrefix + java.lang.Integer.toString(counter)) + .png)): null

2018-12-12 19:48:47 - [TEST_STEP][PASSED] - Statement - counter = counter + 1: null

2018-12-12 19:48:47 - [TEST_STEP][PASSED] - Statement - PreSaveFile = new java.io.File(((pathPrefix + java.lang.Integer.toString(counter)) + .png)): null

2018-12-12 19:48:47 - [TEST_STEP][PASSED] - Statement - counter = counter + 1: null

2018-12-12 19:48:47 - [TEST_STEP][PASSED] - Statement - PreSaveFile = new java.io.File(((pathPrefix + java.lang.Integer.toString(counter)) + .png)): null

2018-12-12 19:48:47 - [TEST_STEP][PASSED] - Statement - counter = counter + 1: null

2018-12-12 19:48:47 - [TEST_STEP][PASSED] - Statement - PreSaveFile = new java.io.File(((pathPrefix + java.lang.Integer.toString(counter)) + .png)): null

2018-12-12 19:48:47 - [TEST_STEP][PASSED] - Statement - counter = counter + 1: null

2018-12-12 19:48:47 - [TEST_STEP][PASSED] - Statement - PreSaveFile = new java.io.File(((pathPrefix + java.lang.Integer.toString(counter)) + .png)): null

2018-12-12 19:48:47 - [TEST_STEP][PASSED] - Statement - counter = counter + 1: null

2018-12-12 19:48:47 - [TEST_STEP][PASSED] - Statement - PreSaveFile = new java.io.File(((pathPrefix + java.lang.Integer.toString(counter)) + .png)): null

2018-12-12 19:48:47 - [TEST_STEP][PASSED] - Statement - counter = counter + 1: null

2018-12-12 19:48:47 - [TEST_STEP][PASSED] - Statement - PreSaveFile = new java.io.File(((pathPrefix + java.lang.Integer.toString(counter)) + .png)): null

2018-12-12 19:48:47 - [TEST_STEP][PASSED] - Statement - counter = counter + 1: null

2018-12-12 19:48:47 - [TEST_STEP][PASSED] - Statement - PreSaveFile = new java.io.File(((pathPrefix + java.lang.Integer.toString(counter)) + .png)): null

2018-12-12 19:48:47 - [TEST_STEP][PASSED] - Statement - counter = counter + 1: null

2018-12-12 19:48:47 - [TEST_STEP][PASSED] - Statement - PreSaveFile = new java.io.File(((pathPrefix + java.lang.Integer.toString(counter)) + .png)): null

2018-12-12 19:48:47 - [TEST_STEP][PASSED] - Statement - counter = counter + 1: null

2018-12-12 19:48:48 - [TEST_STEP][PASSED] - Statement - PreSaveFile = new java.io.File(((pathPrefix + java.lang.Integer.toString(counter)) + .png)): null

2018-12-12 19:48:48 - [TEST_STEP][PASSED] - Statement - counter = counter + 1: null

2018-12-12 19:48:48 - [TEST_STEP][PASSED] - Statement - PreSaveFile = new java.io.File(((pathPrefix + java.lang.Integer.toString(counter)) + .png)): null

2018-12-12 19:48:48 - [TEST_STEP][PASSED] - Statement - counter = counter + 1: null

2018-12-12 19:48:48 - [TEST_STEP][PASSED] - Statement - PreSaveFile = new java.io.File(((pathPrefix + java.lang.Integer.toString(counter)) + .png)): null

2018-12-12 19:48:48 - [TEST_STEP][PASSED] - Statement - counter = counter + 1: null

2018-12-12 19:48:48 - [TEST_STEP][PASSED] - Statement - PreSaveFile = new java.io.File(((pathPrefix + java.lang.Integer.toString(counter)) + .png)): null

2018-12-12 19:48:48 - [TEST_STEP][PASSED] - Statement - counter = counter + 1: null

2018-12-12 19:48:48 - [TEST_STEP][PASSED] - Statement - PreSaveFile = new java.io.File(((pathPrefix + java.lang.Integer.toString(counter)) + .png)): null

2018-12-12 19:48:48 - [TEST_STEP][PASSED] - Statement - counter = counter + 1: null

2018-12-12 19:48:48 - [TEST_STEP][PASSED] - Statement - PreSaveFile = new java.io.File(((pathPrefix + java.lang.Integer.toString(counter)) + .png)): null

2018-12-12 19:48:48 - [TEST_STEP][PASSED] - Statement - counter = counter + 1: null

2018-12-12 19:48:48 - [TEST_STEP][PASSED] - Statement - PreSaveFile = new java.io.File(((pathPrefix + java.lang.Integer.toString(counter)) + .png)): null

2018-12-12 19:48:48 - [TEST_STEP][PASSED] - Statement - counter = counter + 1: null

2018-12-12 19:48:48 - [TEST_STEP][PASSED] - Statement - PreSaveFile = new java.io.File(((pathPrefix + java.lang.Integer.toString(counter)) + .png)): null

2018-12-12 19:48:48 - [TEST_STEP][PASSED] - Statement - counter = counter + 1: null

2018-12-12 19:48:48 - [TEST_STEP][PASSED] - Statement - PreSaveFile = new java.io.File(((pathPrefix + java.lang.Integer.toString(counter)) + .png)): null

2018-12-12 19:48:48 - [TEST_STEP][PASSED] - Statement - counter = counter + 1: null

2018-12-12 19:48:48 - [TEST_STEP][PASSED] - Statement - PreSaveFile = new java.io.File(((pathPrefix + java.lang.Integer.toString(counter)) + .png)): null

2018-12-12 19:48:48 - [TEST_STEP][PASSED] - Statement - counter = counter + 1: null

2018-12-12 19:48:48 - [TEST_STEP][PASSED] - Statement - PreSaveFile = new java.io.File(((pathPrefix + java.lang.Integer.toString(counter)) + .png)): null

2018-12-12 19:48:48 - [TEST_STEP][PASSED] - Statement - counter = counter + 1: null

2018-12-12 19:48:48 - [TEST_STEP][PASSED] - Statement - PreSaveFile = new java.io.File(((pathPrefix + java.lang.Integer.toString(counter)) + .png)): null

2018-12-12 19:48:48 - [TEST_STEP][PASSED] - Statement - counter = counter + 1: null

2018-12-12 19:48:48 - [TEST_STEP][PASSED] - Statement - PreSaveFile = new java.io.File(((pathPrefix + java.lang.Integer.toString(counter)) + .png)): null

2018-12-12 19:48:48 - [TEST_STEP][PASSED] - Statement - counter = counter + 1: null

2018-12-12 19:48:48 - [TEST_STEP][PASSED] - Statement - PreSaveFile = new java.io.File(((pathPrefix + java.lang.Integer.toString(counter)) + .png)): null

2018-12-12 19:48:48 - [TEST_STEP][PASSED] - Statement - counter = counter + 1: null

2018-12-12 19:48:48 - [TEST_STEP][PASSED] - Statement - PreSaveFile = new java.io.File(((pathPrefix + java.lang.Integer.toString(counter)) + .png)): null

2018-12-12 19:48:48 - [TEST_STEP][PASSED] - Statement - counter = counter + 1: null

2018-12-12 19:48:48 - [TEST_STEP][PASSED] - Statement - PreSaveFile = new java.io.File(((pathPrefix + java.lang.Integer.toString(counter)) + .png)): null

2018-12-12 19:48:48 - [TEST_STEP][PASSED] - Statement - counter = counter + 1: null

2018-12-12 19:48:48 - [TEST_STEP][PASSED] - Statement - PreSaveFile = new java.io.File(((pathPrefix + java.lang.Integer.toString(counter)) + .png)): null

2018-12-12 19:48:48 - [TEST_STEP][PASSED] - Statement - counter = counter + 1: null

2018-12-12 19:48:48 - [TEST_STEP][PASSED] - Statement - PreSaveFile = new java.io.File(((pathPrefix + java.lang.Integer.toString(counter)) + .png)): null

2018-12-12 19:48:48 - [TEST_STEP][PASSED] - Statement - counter = counter + 1: null

2018-12-12 19:48:48 - [TEST_STEP][PASSED] - Statement - PreSaveFile = new java.io.File(((pathPrefix + java.lang.Integer.toString(counter)) + .png)): null

2018-12-12 19:48:48 - [TEST_STEP][PASSED] - Statement - counter = counter + 1: null

2018-12-12 19:48:48 - [TEST_STEP][PASSED] - Statement - PreSaveFile = new java.io.File(((pathPrefix + java.lang.Integer.toString(counter)) + .png)): null

2018-12-12 19:48:48 - [TEST_STEP][PASSED] - Statement - counter = counter + 1: null

2018-12-12 19:48:48 - [TEST_STEP][PASSED] - Statement - PreSaveFile = new java.io.File(((pathPrefix + java.lang.Integer.toString(counter)) + .png)): null

2018-12-12 19:48:48 - [TEST_STEP][PASSED] - Statement - counter = counter + 1: null

2018-12-12 19:48:48 - [TEST_STEP][PASSED] - Statement - PreSaveFile = new java.io.File(((pathPrefix + java.lang.Integer.toString(counter)) + .png)): null

2018-12-12 19:48:48 - [TEST_STEP][PASSED] - Statement - counter = counter + 1: null

2018-12-12 19:48:48 - [TEST_STEP][PASSED] - Statement - PreSaveFile = new java.io.File(((pathPrefix + java.lang.Integer.toString(counter)) + .png)): null

2018-12-12 19:48:48 - [TEST_STEP][PASSED] - Statement - counter = counter + 1: null

2018-12-12 19:48:48 - [TEST_STEP][PASSED] - Statement - PreSaveFile = new java.io.File(((pathPrefix + java.lang.Integer.toString(counter)) + .png)): null

2018-12-12 19:48:48 - [TEST_STEP][PASSED] - Statement - counter = counter + 1: null

2018-12-12 19:48:48 - [TEST_STEP][PASSED] - Statement - PreSaveFile = new java.io.File(((pathPrefix + java.lang.Integer.toString(counter)) + .png)): null

2018-12-12 19:48:48 - [TEST_STEP][PASSED] - Statement - counter = counter + 1: null

2018-12-12 19:48:48 - [TEST_STEP][PASSED] - Statement - PreSaveFile = new java.io.File(((pathPrefix + java.lang.Integer.toString(counter)) + .png)): null

2018-12-12 19:48:48 - [TEST_STEP][PASSED] - Statement - counter = counter + 1: null

2018-12-12 19:48:48 - [TEST_STEP][PASSED] - Statement - PreSaveFile = new java.io.File(((pathPrefix + java.lang.Integer.toString(counter)) + .png)): null

2018-12-12 19:48:48 - [TEST_STEP][PASSED] - Statement - counter = counter + 1: null

2018-12-12 19:48:48 - [TEST_STEP][PASSED] - Statement - PreSaveFile = new java.io.File(((pathPrefix + java.lang.Integer.toString(counter)) + .png)): null

2018-12-12 19:48:48 - [TEST_STEP][PASSED] - Statement - counter = counter + 1: null

2018-12-12 19:48:48 - [TEST_STEP][PASSED] - Statement - PreSaveFile = new java.io.File(((pathPrefix + java.lang.Integer.toString(counter)) + .png)): null

2018-12-12 19:48:48 - [TEST_STEP][PASSED] - Statement - counter = counter + 1: null

2018-12-12 19:48:48 - [TEST_STEP][PASSED] - Statement - PreSaveFile = new java.io.File(((pathPrefix + java.lang.Integer.toString(counter)) + .png)): null

2018-12-12 19:48:48 - [TEST_STEP][PASSED] - Statement - counter = counter + 1: null

2018-12-12 19:48:48 - [TEST_STEP][PASSED] - Statement - PreSaveFile = new java.io.File(((pathPrefix + java.lang.Integer.toString(counter)) + .png)): null

2018-12-12 19:48:48 - [TEST_STEP][PASSED] - Statement - counter = counter + 1: null

2018-12-12 19:48:48 - [TEST_STEP][PASSED] - Statement - PreSaveFile = new java.io.File(((pathPrefix + java.lang.Integer.toString(counter)) + .png)): null

2018-12-12 19:48:48 - [TEST_STEP][PASSED] - Statement - counter = counter + 1: null

2018-12-12 19:48:48 - [TEST_STEP][PASSED] - Statement - PreSaveFile = new java.io.File(((pathPrefix + java.lang.Integer.toString(counter)) + .png)): null

2018-12-12 19:48:48 - [TEST_STEP][PASSED] - Statement - counter = counter + 1: null

2018-12-12 19:48:48 - [TEST_STEP][PASSED] - Statement - PreSaveFile = new java.io.File(((pathPrefix + java.lang.Integer.toString(counter)) + .png)): null

2018-12-12 19:48:48 - [TEST_STEP][PASSED] - Statement - counter = counter + 1: null

2018-12-12 19:48:48 - [TEST_STEP][PASSED] - Statement - PreSaveFile = new java.io.File(((pathPrefix + java.lang.Integer.toString(counter)) + .png)): null

2018-12-12 19:48:48 - [TEST_STEP][PASSED] - Statement - counter = counter + 1: null

2018-12-12 19:48:48 - [TEST_STEP][PASSED] - Statement - PreSaveFile = new java.io.File(((pathPrefix + java.lang.Integer.toString(counter)) + .png)): null

2018-12-12 19:48:48 - [TEST_STEP][PASSED] - Statement - counter = counter + 1: null

2018-12-12 19:48:48 - [TEST_STEP][PASSED] - Statement - PreSaveFile = new java.io.File(((pathPrefix + java.lang.Integer.toString(counter)) + .png)): null

2018-12-12 19:48:48 - [TEST_STEP][PASSED] - Statement - counter = counter + 1: null

2018-12-12 19:48:48 - [TEST_STEP][PASSED] - Statement - PreSaveFile = new java.io.File(((pathPrefix + java.lang.Integer.toString(counter)) + .png)): null

2018-12-12 19:48:48 - [TEST_STEP][PASSED] - Statement - counter = counter + 1: null

2018-12-12 19:48:48 - [TEST_STEP][PASSED] - Statement - PreSaveFile = new java.io.File(((pathPrefix + java.lang.Integer.toString(counter)) + .png)): null

2018-12-12 19:48:48 - [TEST_STEP][PASSED] - Statement - counter = counter + 1: null

2018-12-12 19:48:48 - [TEST_STEP][PASSED] - Statement - PreSaveFile = new java.io.File(((pathPrefix + java.lang.Integer.toString(counter)) + .png)): null

2018-12-12 19:48:48 - [TEST_STEP][PASSED] - Statement - counter = counter + 1: null

2018-12-12 19:48:48 - [TEST_STEP][PASSED] - Statement - PreSaveFile = new java.io.File(((pathPrefix + java.lang.Integer.toString(counter)) + .png)): null

2018-12-12 19:48:48 - [TEST_STEP][PASSED] - Statement - counter = counter + 1: null

2018-12-12 19:48:48 - [TEST_STEP][PASSED] - Statement - PreSaveFile = new java.io.File(((pathPrefix + java.lang.Integer.toString(counter)) + .png)): null

2018-12-12 19:48:48 - [TEST_STEP][PASSED] - Statement - counter = counter + 1: null

2018-12-12 19:48:48 - [TEST_STEP][PASSED] - Statement - PreSaveFile = new java.io.File(((pathPrefix + java.lang.Integer.toString(counter)) + .png)): null

2018-12-12 19:48:48 - [TEST_STEP][PASSED] - Statement - counter = counter + 1: null

2018-12-12 19:48:48 - [TEST_STEP][PASSED] - Statement - PreSaveFile = new java.io.File(((pathPrefix + java.lang.Integer.toString(counter)) + .png)): null

2018-12-12 19:48:48 - [TEST_STEP][PASSED] - Statement - counter = counter + 1: null

2018-12-12 19:48:48 - [TEST_STEP][PASSED] - Statement - PreSaveFile = new java.io.File(((pathPrefix + java.lang.Integer.toString(counter)) + .png)): null

2018-12-12 19:48:48 - [TEST_STEP][PASSED] - Statement - counter = counter + 1: null

2018-12-12 19:48:48 - [TEST_STEP][PASSED] - Statement - PreSaveFile = new java.io.File(((pathPrefix + java.lang.Integer.toString(counter)) + .png)): null

2018-12-12 19:48:48 - [TEST_STEP][PASSED] - Statement - counter = counter + 1: null

2018-12-12 19:48:48 - [TEST_STEP][PASSED] - Statement - PreSaveFile = new java.io.File(((pathPrefix + java.lang.Integer.toString(counter)) + .png)): null

2018-12-12 19:48:48 - [TEST_STEP][PASSED] - Statement - counter = counter + 1: null

2018-12-12 19:48:48 - [TEST_STEP][PASSED] - Statement - PreSaveFile = new java.io.File(((pathPrefix + java.lang.Integer.toString(counter)) + .png)): null

2018-12-12 19:48:48 - [TEST_STEP][PASSED] - Statement - counter = counter + 1: null

2018-12-12 19:48:48 - [TEST_STEP][PASSED] - Statement - PreSaveFile = new java.io.File(((pathPrefix + java.lang.Integer.toString(counter)) + .png)): null

2018-12-12 19:48:48 - [TEST_STEP][PASSED] - Statement - counter = counter + 1: null

2018-12-12 19:48:48 - [TEST_STEP][PASSED] - Statement - PreSaveFile = new java.io.File(((pathPrefix + java.lang.Integer.toString(counter)) + .png)): null

2018-12-12 19:48:48 - [TEST_STEP][PASSED] - Statement - counter = counter + 1: null

2018-12-12 19:48:48 - [TEST_STEP][PASSED] - Statement - PreSaveFile = new java.io.File(((pathPrefix + java.lang.Integer.toString(counter)) + .png)): null

2018-12-12 19:48:48 - [TEST_STEP][PASSED] - Statement - counter = counter + 1: null

2018-12-12 19:48:48 - [TEST_STEP][PASSED] - Statement - PreSaveFile = new java.io.File(((pathPrefix + java.lang.Integer.toString(counter)) + .png)): null

2018-12-12 19:48:48 - [TEST_STEP][PASSED] - Statement - counter = counter + 1: null

2018-12-12 19:48:48 - [TEST_STEP][PASSED] - Statement - PreSaveFile = new java.io.File(((pathPrefix + java.lang.Integer.toString(counter)) + .png)): null

2018-12-12 19:48:48 - [TEST_STEP][PASSED] - Statement - counter = counter + 1: null

2018-12-12 19:48:48 - [TEST_STEP][PASSED] - Statement - PreSaveFile = new java.io.File(((pathPrefix + java.lang.Integer.toString(counter)) + .png)): null

2018-12-12 19:48:48 - [TEST_STEP][PASSED] - Statement - counter = counter + 1: null

2018-12-12 19:48:48 - [TEST_STEP][PASSED] - Statement - PreSaveFile = new java.io.File(((pathPrefix + java.lang.Integer.toString(counter)) + .png)): null

2018-12-12 19:48:48 - [TEST_STEP][PASSED] - Statement - counter = counter + 1: null

2018-12-12 19:48:48 - [TEST_STEP][PASSED] - Statement - PreSaveFile = new java.io.File(((pathPrefix + java.lang.Integer.toString(counter)) + .png)): null

2018-12-12 19:48:48 - [TEST_STEP][PASSED] - Statement - counter = counter + 1: null

2018-12-12 19:48:48 - [TEST_STEP][PASSED] - Statement - PreSaveFile = new java.io.File(((pathPrefix + java.lang.Integer.toString(counter)) + .png)): null

2018-12-12 19:48:48 - [TEST_STEP][PASSED] - Statement - counter = counter + 1: null

2018-12-12 19:48:48 - [TEST_STEP][PASSED] - Statement - PreSaveFile = new java.io.File(((pathPrefix + java.lang.Integer.toString(counter)) + .png)): null

2018-12-12 19:48:48 - [TEST_STEP][PASSED] - Statement - counter = counter + 1: null

2018-12-12 19:48:48 - [TEST_STEP][PASSED] - Statement - PreSaveFile = new java.io.File(((pathPrefix + java.lang.Integer.toString(counter)) + .png)): null

2018-12-12 19:48:48 - [TEST_STEP][PASSED] - Statement - counter = counter + 1: null

2018-12-12 19:48:48 - [TEST_STEP][PASSED] - Statement - PreSaveFile = new java.io.File(((pathPrefix + java.lang.Integer.toString(counter)) + .png)): null

2018-12-12 19:48:48 - [TEST_STEP][PASSED] - Statement - counter = counter + 1: null

2018-12-12 19:48:48 - [TEST_STEP][PASSED] - Statement - PreSaveFile = new java.io.File(((pathPrefix + java.lang.Integer.toString(counter)) + .png)): null

2018-12-12 19:48:48 - [TEST_STEP][PASSED] - Statement - counter = counter + 1: null

2018-12-12 19:48:48 - [TEST_STEP][PASSED] - Statement - PreSaveFile = new java.io.File(((pathPrefix + java.lang.Integer.toString(counter)) + .png)): null

2018-12-12 19:48:48 - [TEST_STEP][PASSED] - Statement - counter = counter + 1: null

2018-12-12 19:48:48 - [TEST_STEP][PASSED] - Statement - PreSaveFile = new java.io.File(((pathPrefix + java.lang.Integer.toString(counter)) + .png)): null

2018-12-12 19:48:48 - [TEST_STEP][PASSED] - Statement - counter = counter + 1: null

2018-12-12 19:48:48 - [TEST_STEP][PASSED] - Statement - PreSaveFile = new java.io.File(((pathPrefix + java.lang.Integer.toString(counter)) + .png)): null

2018-12-12 19:48:48 - [TEST_STEP][PASSED] - Statement - counter = counter + 1: null

2018-12-12 19:48:48 - [TEST_STEP][PASSED] - Statement - PreSaveFile = new java.io.File(((pathPrefix + java.lang.Integer.toString(counter)) + .png)): null

2018-12-12 19:48:48 - [TEST_STEP][PASSED] - Statement - counter = counter + 1: null

2018-12-12 19:48:48 - [TEST_STEP][PASSED] - Statement - PreSaveFile = new java.io.File(((pathPrefix + java.lang.Integer.toString(counter)) + .png)): null

2018-12-12 19:48:48 - [TEST_STEP][PASSED] - Statement - counter = counter + 1: null

2018-12-12 19:48:48 - [TEST_STEP][PASSED] - Statement - PreSaveFile = new java.io.File(((pathPrefix + java.lang.Integer.toString(counter)) + .png)): null

2018-12-12 19:48:48 - [TEST_STEP][PASSED] - Statement - finalPath = pathPrefix + java.lang.Integer.toString(counter) + ".png": null

2018-12-12 19:48:48 - [TEST_STEP][PASSED] - Statement - SaveFile = new java.io.File(finalPath): null

2018-12-12 19:48:48 - [TEST_STEP][PASSED] - Statement - Try: null

2018-12-12 19:48:48 - [TEST_STEP][PASSED] - Statement - org.apache.commons.io.FileUtils.copyFile(scrFile, SaveFile): null

2018-12-12 19:48:48 - [TEST_STEP][PASSED] - Statement - out.println("file kept"): null

2018-12-12 19:48:48 - [TEST_STEP][PASSED] - delay: Delayed 10 second(s)

2018-12-12 19:48:58 - [MESSAGE][PASSED] - Delayed 10 second(s)

2018-12-12 19:48:58 - [MESSAGE][FAILED] - Unable to call Test Case with id 'Test Cases/Final Aug 2018 - PKS Automation/Registration Module/New Registration/Submit and Screenshot/Submit Registration and Screenshot' (Root cause: Call Test Case 'Test Cases/Final Aug 2018 - PKS Automation/Registration Module/New Registration/Submit and Screenshot/Submit Registration and Screenshot' failed)]]></system-out>
         <system-err><![CDATA[2018-12-12 19:30:31 - [TEST_CASE][FAILED] - Test Cases/Final Aug 2018 - PKS Automation/Registration Module/Workflow/New Registration/Employer to RO - Query - Submit: Test Cases/Final Aug 2018 - PKS Automation/Registration Module/Workflow/New Registration/Employer to RO - Query - Submit FAILED because (of) (Stack trace: com.kms.katalon.core.exception.StepFailedException: Unable to set text 'CRN12201800123232' of object 'Object Repository/Final Object Repo/New Registration - Registration Module Pages/New Reg - OTC to RO/Special Case - All Related Objects/TextBox RefNo in Workbasket' (Root cause: org.openqa.selenium.ElementNotVisibleException: element not interactable
  (Session info: chrome=70.0.3538.110)
  (Driver info: chromedriver=2.43.600210 (68dcf5eebde37173d4027fa8635e332711d2874a),platform=Windows NT 6.1.7601 SP1 x86_64) (WARNING: The server did not provide any stacktrace information)
Command duration or timeout: 0 milliseconds
Build info: version: '3.7.1', revision: '8a0099a', time: '2017-11-06T21:07:36.161Z'
System info: host: 'WIN7TEST02', ip: '10.20.3.72', os.name: 'Windows 7', os.arch: 'amd64', os.version: '6.1', java.version: '1.8.0_181'
Driver info: com.kms.katalon.selenium.driver.CChromeDriver
Capabilities {acceptInsecureCerts: false, acceptSslCerts: false, applicationCacheEnabled: false, browserConnectionEnabled: false, browserName: chrome, chrome: {chromedriverVersion: 2.43.600210 (68dcf5eebde371..., userDataDir: C:\Users\Admin\AppData\Loca...}, cssSelectorsEnabled: true, databaseEnabled: false, goog:chromeOptions: {debuggerAddress: localhost:55712}, handlesAlerts: true, hasTouchScreen: false, javascriptEnabled: true, locationContextEnabled: true, mobileEmulationEnabled: false, nativeEvents: true, networkConnectionEnabled: false, pageLoadStrategy: normal, platform: XP, platformName: XP, rotatable: false, setWindowRect: true, takesHeapSnapshot: true, takesScreenshot: true, unexpectedAlertBehaviour: , unhandledPromptBehavior: , version: 70.0.3538.110, webStorageEnabled: true}
Session ID: d9541a05d4f55754aacbb98e79647572)
	at com.kms.katalon.core.keyword.internal.KeywordMain.stepFailed(KeywordMain.groovy:32)
	at com.kms.katalon.core.webui.keyword.internal.WebUIKeywordMain.stepFailed(WebUIKeywordMain.groovy:65)
	at com.kms.katalon.core.webui.keyword.internal.WebUIKeywordMain.runKeyword(WebUIKeywordMain.groovy:27)
	at com.kms.katalon.core.webui.keyword.builtin.SetTextKeyword.setText(SetTextKeyword.groovy:65)
	at com.kms.katalon.core.webui.keyword.builtin.SetTextKeyword.execute(SetTextKeyword.groovy:37)
	at com.kms.katalon.core.keyword.internal.KeywordExecutor.executeKeywordForPlatform(KeywordExecutor.groovy:53)
	at com.kms.katalon.core.webui.keyword.WebUiBuiltInKeywords.setText(WebUiBuiltInKeywords.groovy:950)
	at com.kms.katalon.core.webui.keyword.WebUiBuiltInKeywords$setText$1.call(Unknown Source)
	at org.codehaus.groovy.runtime.callsite.CallSiteArray.defaultCall(CallSiteArray.java:48)
	at org.codehaus.groovy.runtime.callsite.AbstractCallSite.call(AbstractCallSite.java:113)
	at org.codehaus.groovy.runtime.callsite.AbstractCallSite.call(AbstractCallSite.java:133)
	at Script1537248112379.run(Script1537248112379.groovy:87)
	at com.kms.katalon.core.main.ScriptEngine.run(ScriptEngine.java:183)
	at com.kms.katalon.core.main.ScriptEngine.runScriptAsRawText(ScriptEngine.java:108)
	at com.kms.katalon.core.main.TestCaseExecutor.runScript(TestCaseExecutor.java:294)
	at com.kms.katalon.core.main.TestCaseExecutor.doExecute(TestCaseExecutor.java:285)
	at com.kms.katalon.core.main.TestCaseExecutor.processExecutionPhase(TestCaseExecutor.java:264)
	at com.kms.katalon.core.main.TestCaseExecutor.accessMainPhase(TestCaseExecutor.java:256)
	at com.kms.katalon.core.main.TestCaseExecutor.execute(TestCaseExecutor.java:200)
	at com.kms.katalon.core.main.TestSuiteExecutor.accessTestCaseMainPhase(TestSuiteExecutor.java:129)
	at com.kms.katalon.core.main.TestSuiteExecutor.accessTestSuiteMainPhase(TestSuiteExecutor.java:112)
	at com.kms.katalon.core.main.TestSuiteExecutor.execute(TestSuiteExecutor.java:81)
	at com.kms.katalon.core.main.TestCaseMain.startTestSuite(TestCaseMain.java:142)
	at com.kms.katalon.core.main.TestCaseMain$startTestSuite$0.call(Unknown Source)
	at org.codehaus.groovy.runtime.callsite.CallSiteArray.defaultCall(CallSiteArray.java:48)
	at org.codehaus.groovy.runtime.callsite.AbstractCallSite.call(AbstractCallSite.java:113)
	at org.codehaus.groovy.runtime.callsite.AbstractCallSite.call(AbstractCallSite.java:141)
	at TempTestSuite1544598049714.run(TempTestSuite1544598049714.groovy:36)
	at groovy.lang.GroovyShell.runScriptOrMainOrTestOrRunnable(GroovyShell.java:263)
	at groovy.lang.GroovyShell.run(GroovyShell.java:518)
	at groovy.lang.GroovyShell.run(GroovyShell.java:507)
	at groovy.ui.GroovyMain.processOnce(GroovyMain.java:653)
	at groovy.ui.GroovyMain.run(GroovyMain.java:384)
	at groovy.ui.GroovyMain.process(GroovyMain.java:370)
	at groovy.ui.GroovyMain.processArgs(GroovyMain.java:129)
	at groovy.ui.GroovyMain.main(GroovyMain.java:109)
	at sun.reflect.NativeMethodAccessorImpl.invoke0(Native Method)
	at sun.reflect.NativeMethodAccessorImpl.invoke(NativeMethodAccessorImpl.java:62)
	at sun.reflect.DelegatingMethodAccessorImpl.invoke(DelegatingMethodAccessorImpl.java:43)
	at java.lang.reflect.Method.invoke(Method.java:498)
	at org.codehaus.groovy.tools.GroovyStarter.rootLoader(GroovyStarter.java:109)
	at org.codehaus.groovy.tools.GroovyStarter.main(GroovyStarter.java:131)
)]]></system-err>
      </testcase>
      <testcase name="Test Cases/Final Aug 2018 - PKS Automation/Registration Module/Workflow/New Registration/Employer to RO - RO Submit" classname="Test Cases/Final Aug 2018 - PKS Automation/Registration Module/Workflow/New Registration/Employer to RO - RO Submit" status="FAILED">
         <failure type="FAILED" message="(Stack trace: com.kms.katalon.core.exception.StepFailedException: Unable to set text 'CRN12201800123233' of object 'Object Repository/Final Object Repo/New Registration - Registration Module Pages/New Reg - OTC to RO/Special Case - All Related Objects/TextBox RefNo in Workbasket' (Root cause: org.openqa.selenium.ElementNotVisibleException: element not interactable
  (Session info: chrome=70.0.3538.110)
  (Driver info: chromedriver=2.43.600210 (68dcf5eebde37173d4027fa8635e332711d2874a),platform=Windows NT 6.1.7601 SP1 x86_64) (WARNING: The server did not provide any stacktrace information)
Command duration or timeout: 0 milliseconds
Build info: version: '3.7.1', revision: '8a0099a', time: '2017-11-06T21:07:36.161Z'
System info: host: 'WIN7TEST02', ip: '10.20.3.72', os.name: 'Windows 7', os.arch: 'amd64', os.version: '6.1', java.version: '1.8.0_181'
Driver info: com.kms.katalon.selenium.driver.CChromeDriver
Capabilities {acceptInsecureCerts: false, acceptSslCerts: false, applicationCacheEnabled: false, browserConnectionEnabled: false, browserName: chrome, chrome: {chromedriverVersion: 2.43.600210 (68dcf5eebde371..., userDataDir: C:\Users\Admin\AppData\Loca...}, cssSelectorsEnabled: true, databaseEnabled: false, goog:chromeOptions: {debuggerAddress: localhost:55955}, handlesAlerts: true, hasTouchScreen: false, javascriptEnabled: true, locationContextEnabled: true, mobileEmulationEnabled: false, nativeEvents: true, networkConnectionEnabled: false, pageLoadStrategy: normal, platform: XP, platformName: XP, rotatable: false, setWindowRect: true, takesHeapSnapshot: true, takesScreenshot: true, unexpectedAlertBehaviour: , unhandledPromptBehavior: , version: 70.0.3538.110, webStorageEnabled: true}
Session ID: 83161e8ddcd9a7af2de2d6de75141f00)
	at com.kms.katalon.core.keyword.internal.KeywordMain.stepFailed(KeywordMain.groovy:32)
	at com.kms.katalon.core.webui.keyword.internal.WebUIKeywordMain.stepFailed(WebUIKeywordMain.groovy:65)
	at com.kms.katalon.core.webui.keyword.internal.WebUIKeywordMain.runKeyword(WebUIKeywordMain.groovy:27)
	at com.kms.katalon.core.webui.keyword.builtin.SetTextKeyword.setText(SetTextKeyword.groovy:65)
	at com.kms.katalon.core.webui.keyword.builtin.SetTextKeyword.execute(SetTextKeyword.groovy:37)
	at com.kms.katalon.core.keyword.internal.KeywordExecutor.executeKeywordForPlatform(KeywordExecutor.groovy:53)
	at com.kms.katalon.core.webui.keyword.WebUiBuiltInKeywords.setText(WebUiBuiltInKeywords.groovy:950)
	at com.kms.katalon.core.webui.keyword.WebUiBuiltInKeywords$setText$1.call(Unknown Source)
	at org.codehaus.groovy.runtime.callsite.CallSiteArray.defaultCall(CallSiteArray.java:48)
	at org.codehaus.groovy.runtime.callsite.AbstractCallSite.call(AbstractCallSite.java:113)
	at org.codehaus.groovy.runtime.callsite.AbstractCallSite.call(AbstractCallSite.java:133)
	at Script1537248141682.run(Script1537248141682.groovy:80)
	at com.kms.katalon.core.main.ScriptEngine.run(ScriptEngine.java:183)
	at com.kms.katalon.core.main.ScriptEngine.runScriptAsRawText(ScriptEngine.java:108)
	at com.kms.katalon.core.main.TestCaseExecutor.runScript(TestCaseExecutor.java:294)
	at com.kms.katalon.core.main.TestCaseExecutor.doExecute(TestCaseExecutor.java:285)
	at com.kms.katalon.core.main.TestCaseExecutor.processExecutionPhase(TestCaseExecutor.java:264)
	at com.kms.katalon.core.main.TestCaseExecutor.accessMainPhase(TestCaseExecutor.java:256)
	at com.kms.katalon.core.main.TestCaseExecutor.execute(TestCaseExecutor.java:200)
	at com.kms.katalon.core.main.TestSuiteExecutor.accessTestCaseMainPhase(TestSuiteExecutor.java:129)
	at com.kms.katalon.core.main.TestSuiteExecutor.accessTestSuiteMainPhase(TestSuiteExecutor.java:112)
	at com.kms.katalon.core.main.TestSuiteExecutor.execute(TestSuiteExecutor.java:81)
	at com.kms.katalon.core.main.TestCaseMain.startTestSuite(TestCaseMain.java:142)
	at com.kms.katalon.core.main.TestCaseMain$startTestSuite$0.call(Unknown Source)
	at org.codehaus.groovy.runtime.callsite.CallSiteArray.defaultCall(CallSiteArray.java:48)
	at org.codehaus.groovy.runtime.callsite.AbstractCallSite.call(AbstractCallSite.java:113)
	at org.codehaus.groovy.runtime.callsite.AbstractCallSite.call(AbstractCallSite.java:141)
	at TempTestSuite1544598049714.run(TempTestSuite1544598049714.groovy:36)
	at groovy.lang.GroovyShell.runScriptOrMainOrTestOrRunnable(GroovyShell.java:263)
	at groovy.lang.GroovyShell.run(GroovyShell.java:518)
	at groovy.lang.GroovyShell.run(GroovyShell.java:507)
	at groovy.ui.GroovyMain.processOnce(GroovyMain.java:653)
	at groovy.ui.GroovyMain.run(GroovyMain.java:384)
	at groovy.ui.GroovyMain.process(GroovyMain.java:370)
	at groovy.ui.GroovyMain.processArgs(GroovyMain.java:129)
	at groovy.ui.GroovyMain.main(GroovyMain.java:109)
	at sun.reflect.NativeMethodAccessorImpl.invoke0(Native Method)
	at sun.reflect.NativeMethodAccessorImpl.invoke(NativeMethodAccessorImpl.java:62)
	at sun.reflect.DelegatingMethodAccessorImpl.invoke(DelegatingMethodAccessorImpl.java:43)
	at java.lang.reflect.Method.invoke(Method.java:498)
	at org.codehaus.groovy.tools.GroovyStarter.rootLoader(GroovyStarter.java:109)
	at org.codehaus.groovy.tools.GroovyStarter.main(GroovyStarter.java:131)
)"/>
         <system-out><![CDATA[2018-12-12 19:48:58 - [TEST_CASE][FAILED] - Test Cases/Final Aug 2018 - PKS Automation/Registration Module/Workflow/New Registration/Employer to RO - RO Submit: Test Cases/Final Aug 2018 - PKS Automation/Registration Module/Workflow/New Registration/Employer to RO - RO Submit FAILED because (of) (Stack trace: com.kms.katalon.core.exception.StepFailedException: Unable to set text 'CRN12201800123233' of object 'Object Repository/Final Object Repo/New Registration - Registration Module Pages/New Reg - OTC to RO/Special Case - All Related Objects/TextBox RefNo in Workbasket' (Root cause: org.openqa.selenium.ElementNotVisibleException: element not interactable
  (Session info: chrome=70.0.3538.110)
  (Driver info: chromedriver=2.43.600210 (68dcf5eebde37173d4027fa8635e332711d2874a),platform=Windows NT 6.1.7601 SP1 x86_64) (WARNING: The server did not provide any stacktrace information)
Command duration or timeout: 0 milliseconds
Build info: version: '3.7.1', revision: '8a0099a', time: '2017-11-06T21:07:36.161Z'
System info: host: 'WIN7TEST02', ip: '10.20.3.72', os.name: 'Windows 7', os.arch: 'amd64', os.version: '6.1', java.version: '1.8.0_181'
Driver info: com.kms.katalon.selenium.driver.CChromeDriver
Capabilities {acceptInsecureCerts: false, acceptSslCerts: false, applicationCacheEnabled: false, browserConnectionEnabled: false, browserName: chrome, chrome: {chromedriverVersion: 2.43.600210 (68dcf5eebde371..., userDataDir: C:\Users\Admin\AppData\Loca...}, cssSelectorsEnabled: true, databaseEnabled: false, goog:chromeOptions: {debuggerAddress: localhost:55955}, handlesAlerts: true, hasTouchScreen: false, javascriptEnabled: true, locationContextEnabled: true, mobileEmulationEnabled: false, nativeEvents: true, networkConnectionEnabled: false, pageLoadStrategy: normal, platform: XP, platformName: XP, rotatable: false, setWindowRect: true, takesHeapSnapshot: true, takesScreenshot: true, unexpectedAlertBehaviour: , unhandledPromptBehavior: , version: 70.0.3538.110, webStorageEnabled: true}
Session ID: 83161e8ddcd9a7af2de2d6de75141f00)
	at com.kms.katalon.core.keyword.internal.KeywordMain.stepFailed(KeywordMain.groovy:32)
	at com.kms.katalon.core.webui.keyword.internal.WebUIKeywordMain.stepFailed(WebUIKeywordMain.groovy:65)
	at com.kms.katalon.core.webui.keyword.internal.WebUIKeywordMain.runKeyword(WebUIKeywordMain.groovy:27)
	at com.kms.katalon.core.webui.keyword.builtin.SetTextKeyword.setText(SetTextKeyword.groovy:65)
	at com.kms.katalon.core.webui.keyword.builtin.SetTextKeyword.execute(SetTextKeyword.groovy:37)
	at com.kms.katalon.core.keyword.internal.KeywordExecutor.executeKeywordForPlatform(KeywordExecutor.groovy:53)
	at com.kms.katalon.core.webui.keyword.WebUiBuiltInKeywords.setText(WebUiBuiltInKeywords.groovy:950)
	at com.kms.katalon.core.webui.keyword.WebUiBuiltInKeywords$setText$1.call(Unknown Source)
	at org.codehaus.groovy.runtime.callsite.CallSiteArray.defaultCall(CallSiteArray.java:48)
	at org.codehaus.groovy.runtime.callsite.AbstractCallSite.call(AbstractCallSite.java:113)
	at org.codehaus.groovy.runtime.callsite.AbstractCallSite.call(AbstractCallSite.java:133)
	at Script1537248141682.run(Script1537248141682.groovy:80)
	at com.kms.katalon.core.main.ScriptEngine.run(ScriptEngine.java:183)
	at com.kms.katalon.core.main.ScriptEngine.runScriptAsRawText(ScriptEngine.java:108)
	at com.kms.katalon.core.main.TestCaseExecutor.runScript(TestCaseExecutor.java:294)
	at com.kms.katalon.core.main.TestCaseExecutor.doExecute(TestCaseExecutor.java:285)
	at com.kms.katalon.core.main.TestCaseExecutor.processExecutionPhase(TestCaseExecutor.java:264)
	at com.kms.katalon.core.main.TestCaseExecutor.accessMainPhase(TestCaseExecutor.java:256)
	at com.kms.katalon.core.main.TestCaseExecutor.execute(TestCaseExecutor.java:200)
	at com.kms.katalon.core.main.TestSuiteExecutor.accessTestCaseMainPhase(TestSuiteExecutor.java:129)
	at com.kms.katalon.core.main.TestSuiteExecutor.accessTestSuiteMainPhase(TestSuiteExecutor.java:112)
	at com.kms.katalon.core.main.TestSuiteExecutor.execute(TestSuiteExecutor.java:81)
	at com.kms.katalon.core.main.TestCaseMain.startTestSuite(TestCaseMain.java:142)
	at com.kms.katalon.core.main.TestCaseMain$startTestSuite$0.call(Unknown Source)
	at org.codehaus.groovy.runtime.callsite.CallSiteArray.defaultCall(CallSiteArray.java:48)
	at org.codehaus.groovy.runtime.callsite.AbstractCallSite.call(AbstractCallSite.java:113)
	at org.codehaus.groovy.runtime.callsite.AbstractCallSite.call(AbstractCallSite.java:141)
	at TempTestSuite1544598049714.run(TempTestSuite1544598049714.groovy:36)
	at groovy.lang.GroovyShell.runScriptOrMainOrTestOrRunnable(GroovyShell.java:263)
	at groovy.lang.GroovyShell.run(GroovyShell.java:518)
	at groovy.lang.GroovyShell.run(GroovyShell.java:507)
	at groovy.ui.GroovyMain.processOnce(GroovyMain.java:653)
	at groovy.ui.GroovyMain.run(GroovyMain.java:384)
	at groovy.ui.GroovyMain.process(GroovyMain.java:370)
	at groovy.ui.GroovyMain.processArgs(GroovyMain.java:129)
	at groovy.ui.GroovyMain.main(GroovyMain.java:109)
	at sun.reflect.NativeMethodAccessorImpl.invoke0(Native Method)
	at sun.reflect.NativeMethodAccessorImpl.invoke(NativeMethodAccessorImpl.java:62)
	at sun.reflect.DelegatingMethodAccessorImpl.invoke(DelegatingMethodAccessorImpl.java:43)
	at java.lang.reflect.Method.invoke(Method.java:498)
	at org.codehaus.groovy.tools.GroovyStarter.rootLoader(GroovyStarter.java:109)
	at org.codehaus.groovy.tools.GroovyStarter.main(GroovyStarter.java:131)
)

2018-12-12 19:48:58 - [TEST_STEP][PASSED] - callTestCase: Call Test Case 'Test Cases/Final Aug 2018 - PKS Automation/Registration Module/Workflow/New Registration/Template/Special Case - Employer - Form 1' successfully

2018-12-12 19:48:58 - [TEST_CASE][PASSED] - Test Cases/Final Aug 2018 - PKS Automation/Registration Module/Workflow/New Registration/Template/Special Case - Employer - Form 1: Test Cases/Final Aug 2018 - PKS Automation/Registration Module/Workflow/New Registration/Template/Special Case - Employer - Form 1

2018-12-12 19:48:58 - [TEST_STEP][PASSED] - callTestCase: Call Test Case 'Test Cases/Final Aug 2018 - PKS Automation/Create Employer Acc/Create Employer Account' successfully

2018-12-12 19:48:58 - [TEST_CASE][PASSED] - Test Cases/Final Aug 2018 - PKS Automation/Create Employer Acc/Create Employer Account: Test Cases/Final Aug 2018 - PKS Automation/Create Employer Acc/Create Employer Account

2018-12-12 19:48:58 - [TEST_STEP][PASSED] - callTestCase: Call Test Case 'Test Cases/Final Aug 2018 - PKS Automation/Create Employer Acc/Template/Register Employer' successfully

2018-12-12 19:48:58 - [TEST_CASE][PASSED] - Test Cases/Final Aug 2018 - PKS Automation/Create Employer Acc/Template/Register Employer: Test Cases/Final Aug 2018 - PKS Automation/Create Employer Acc/Template/Register Employer

2018-12-12 19:48:58 - [TEST_STEP][PASSED] - openBrowser: Browser is opened with url: ''

2018-12-12 19:48:58 - [MESSAGE][WARNING] - A browser is already opened. Closing browser and opening a new one

2018-12-12 19:49:02 - [MESSAGE][PASSED] - Browser is opened with url: ''

2018-12-12 19:49:02 - [TEST_STEP][PASSED] - navigateToUrl: Navigate to 'https://assist2-uat.perkeso.gov.my/login' successfully

2018-12-12 19:49:03 - [MESSAGE][PASSED] - Navigate to 'https://assist2-uat.perkeso.gov.my/login' successfully

2018-12-12 19:49:03 - [TEST_STEP][PASSED] - setText: Text 'johorotc1@gmail.com' is set on object 'Object Repository/Final Object Repo/Login Page/Internal User/Email Address'

2018-12-12 19:49:04 - [MESSAGE][PASSED] - Text 'johorotc1@gmail.com' is set on object 'Object Repository/Final Object Repo/Login Page/Internal User/Email Address'

2018-12-12 19:49:04 - [TEST_STEP][PASSED] - click: Object: 'Object Repository/Final Object Repo/Login Page/Internal User/Next Button' is clicked on

2018-12-12 19:49:04 - [MESSAGE][PASSED] - Object: 'Object Repository/Final Object Repo/Login Page/Internal User/Next Button' is clicked on

2018-12-12 19:49:04 - [TEST_STEP][PASSED] - delay: Delayed 1 second(s)

2018-12-12 19:49:05 - [MESSAGE][PASSED] - Delayed 1 second(s)

2018-12-12 19:49:05 - [TEST_STEP][PASSED] - setEncryptedText: Text ****** has been set on object 'Object Repository/Final Object Repo/Login Page/Internal User/Password'

2018-12-12 19:49:05 - [MESSAGE][PASSED] - Text ****** has been set on object 'Object Repository/Final Object Repo/Login Page/Internal User/Password'

2018-12-12 19:49:05 - [TEST_STEP][PASSED] - click: Object: 'Object Repository/Final Object Repo/Login Page/Internal User/Login Button' is clicked on

2018-12-12 19:49:05 - [MESSAGE][PASSED] - Object: 'Object Repository/Final Object Repo/Login Page/Internal User/Login Button' is clicked on

2018-12-12 19:49:05 - [TEST_STEP][PASSED] - delay: Delayed 1 second(s)

2018-12-12 19:49:06 - [MESSAGE][PASSED] - Delayed 1 second(s)

2018-12-12 19:49:06 - [TEST_STEP][PASSED] - navigateToUrl: Navigate to 'https://assist2-uat.perkeso.gov.my/web/base/portal-id/registration' successfully

2018-12-12 19:49:08 - [MESSAGE][PASSED] - Navigate to 'https://assist2-uat.perkeso.gov.my/web/base/portal-id/registration' successfully

2018-12-12 19:49:08 - [TEST_STEP][PASSED] - setText: Text 'AUTOMATION EMPLOYER' is set on object 'Object Repository/Final Object Repo/Creating Employer Account/Page_Registration - ASSIST (Base)/Employer Name'

2018-12-12 19:49:09 - [MESSAGE][PASSED] - Text 'AUTOMATION EMPLOYER' is set on object 'Object Repository/Final Object Repo/Creating Employer Account/Page_Registration - ASSIST (Base)/Employer Name'

2018-12-12 19:49:09 - [TEST_STEP][PASSED] - delay: Delayed 2 second(s)

2018-12-12 19:49:11 - [MESSAGE][PASSED] - Delayed 2 second(s)

2018-12-12 19:49:11 - [TEST_STEP][PASSED] - click: Object: 'Object Repository/Final Object Repo/Creating Employer Account/Page_Registration - ASSIST (Base)/Registration Type' is clicked on

2018-12-12 19:49:11 - [MESSAGE][PASSED] - Object: 'Object Repository/Final Object Repo/Creating Employer Account/Page_Registration - ASSIST (Base)/Registration Type' is clicked on

2018-12-12 19:49:11 - [TEST_STEP][PASSED] - delay: Delayed 2 second(s)

2018-12-12 19:49:13 - [MESSAGE][PASSED] - Delayed 2 second(s)

2018-12-12 19:49:13 - [TEST_STEP][PASSED] - click: Object: 'Object Repository/Final Object Repo/Creating Employer Account/Page_Registration - ASSIST (Base)/Registration Type - Registration No' is clicked on

2018-12-12 19:49:13 - [MESSAGE][PASSED] - Object: 'Object Repository/Final Object Repo/Creating Employer Account/Page_Registration - ASSIST (Base)/Registration Type - Registration No' is clicked on

2018-12-12 19:49:13 - [TEST_STEP][PASSED] - delay: Delayed 2 second(s)

2018-12-12 19:49:15 - [MESSAGE][PASSED] - Delayed 2 second(s)

2018-12-12 19:49:15 - [TEST_STEP][PASSED] - setText: Text 'AUTOMATE001' is set on object 'Object Repository/Final Object Repo/Creating Employer Account/Page_Registration - ASSIST (Base)/Registration Number'

2018-12-12 19:49:15 - [MESSAGE][PASSED] - Text 'AUTOMATE001' is set on object 'Object Repository/Final Object Repo/Creating Employer Account/Page_Registration - ASSIST (Base)/Registration Number'

2018-12-12 19:49:15 - [TEST_STEP][PASSED] - delay: Delayed 2 second(s)

2018-12-12 19:49:17 - [MESSAGE][PASSED] - Delayed 2 second(s)

2018-12-12 19:49:17 - [TEST_STEP][PASSED] - setText: Text 'ADDRESS 1' is set on object 'Object Repository/Final Object Repo/Creating Employer Account/Page_Registration - ASSIST (Base)/Postal Address 1'

2018-12-12 19:49:18 - [MESSAGE][PASSED] - Text 'ADDRESS 1' is set on object 'Object Repository/Final Object Repo/Creating Employer Account/Page_Registration - ASSIST (Base)/Postal Address 1'

2018-12-12 19:49:18 - [TEST_STEP][PASSED] - setText: Text 'ADDRESS 2' is set on object 'Object Repository/Final Object Repo/Creating Employer Account/Page_Registration - ASSIST (Base)/Postal Address 2'

2018-12-12 19:49:18 - [MESSAGE][PASSED] - Text 'ADDRESS 2' is set on object 'Object Repository/Final Object Repo/Creating Employer Account/Page_Registration - ASSIST (Base)/Postal Address 2'

2018-12-12 19:49:18 - [TEST_STEP][PASSED] - click: Object: 'Object Repository/Final Object Repo/Creating Employer Account/Page_Registration - ASSIST (Base)/State' is clicked on

2018-12-12 19:49:18 - [MESSAGE][PASSED] - Object: 'Object Repository/Final Object Repo/Creating Employer Account/Page_Registration - ASSIST (Base)/State' is clicked on

2018-12-12 19:49:18 - [TEST_STEP][PASSED] - delay: Delayed 2 second(s)

2018-12-12 19:49:20 - [MESSAGE][PASSED] - Delayed 2 second(s)

2018-12-12 19:49:20 - [TEST_STEP][PASSED] - click: Object: 'Object Repository/Final Object Repo/Creating Employer Account/Page_Registration - ASSIST (Base)/State - Johor' is clicked on

2018-12-12 19:49:20 - [MESSAGE][PASSED] - Object: 'Object Repository/Final Object Repo/Creating Employer Account/Page_Registration - ASSIST (Base)/State - Johor' is clicked on

2018-12-12 19:49:20 - [TEST_STEP][PASSED] - delay: Delayed 2 second(s)

2018-12-12 19:49:22 - [MESSAGE][PASSED] - Delayed 2 second(s)

2018-12-12 19:49:22 - [TEST_STEP][PASSED] - click: Object: 'Object Repository/Final Object Repo/Creating Employer Account/Page_Registration - ASSIST (Base)/City' is clicked on

2018-12-12 19:49:22 - [MESSAGE][PASSED] - Object: 'Object Repository/Final Object Repo/Creating Employer Account/Page_Registration - ASSIST (Base)/City' is clicked on

2018-12-12 19:49:22 - [TEST_STEP][PASSED] - delay: Delayed 2 second(s)

2018-12-12 19:49:24 - [MESSAGE][PASSED] - Delayed 2 second(s)

2018-12-12 19:49:24 - [TEST_STEP][PASSED] - setText: Text 'joh' is set on object 'Object Repository/Final Object Repo/Creating Employer Account/Page_Registration - ASSIST (Base)/City - joh'

2018-12-12 19:49:25 - [MESSAGE][PASSED] - Text 'joh' is set on object 'Object Repository/Final Object Repo/Creating Employer Account/Page_Registration - ASSIST (Base)/City - joh'

2018-12-12 19:49:25 - [TEST_STEP][PASSED] - delay: Delayed 2 second(s)

2018-12-12 19:49:27 - [MESSAGE][PASSED] - Delayed 2 second(s)

2018-12-12 19:49:27 - [TEST_STEP][PASSED] - click: Object: 'Object Repository/Final Object Repo/Creating Employer Account/Page_Registration - ASSIST (Base)/City - Johor Bharu' is clicked on

2018-12-12 19:49:27 - [MESSAGE][PASSED] - Object: 'Object Repository/Final Object Repo/Creating Employer Account/Page_Registration - ASSIST (Base)/City - Johor Bharu' is clicked on

2018-12-12 19:49:27 - [TEST_STEP][PASSED] - delay: Delayed 2 second(s)

2018-12-12 19:49:29 - [MESSAGE][PASSED] - Delayed 2 second(s)

2018-12-12 19:49:29 - [TEST_STEP][PASSED] - click: Object: 'Object Repository/Final Object Repo/Creating Employer Account/Page_Registration - ASSIST (Base)/Post Code' is clicked on

2018-12-12 19:49:29 - [MESSAGE][PASSED] - Object: 'Object Repository/Final Object Repo/Creating Employer Account/Page_Registration - ASSIST (Base)/Post Code' is clicked on

2018-12-12 19:49:29 - [TEST_STEP][PASSED] - delay: Delayed 2 second(s)

2018-12-12 19:49:31 - [MESSAGE][PASSED] - Delayed 2 second(s)

2018-12-12 19:49:31 - [TEST_STEP][PASSED] - setText: Text '810' is set on object 'Object Repository/Final Object Repo/Creating Employer Account/Page_Registration - ASSIST (Base)/Post Code - 810'

2018-12-12 19:49:31 - [MESSAGE][PASSED] - Text '810' is set on object 'Object Repository/Final Object Repo/Creating Employer Account/Page_Registration - ASSIST (Base)/Post Code - 810'

2018-12-12 19:49:31 - [TEST_STEP][PASSED] - delay: Delayed 2 second(s)

2018-12-12 19:49:33 - [MESSAGE][PASSED] - Delayed 2 second(s)

2018-12-12 19:49:33 - [TEST_STEP][PASSED] - click: Object: 'Object Repository/Final Object Repo/Creating Employer Account/Page_Registration - ASSIST (Base)/Post Code - 81000' is clicked on

2018-12-12 19:49:33 - [MESSAGE][PASSED] - Object: 'Object Repository/Final Object Repo/Creating Employer Account/Page_Registration - ASSIST (Base)/Post Code - 81000' is clicked on

2018-12-12 19:49:33 - [TEST_STEP][PASSED] - delay: Delayed 2 second(s)

2018-12-12 19:49:35 - [MESSAGE][PASSED] - Delayed 2 second(s)

2018-12-12 19:49:35 - [TEST_STEP][PASSED] - setText: Text 'PERKESO' is set on object 'Object Repository/Final Object Repo/Creating Employer Account/Page_Registration - ASSIST (Base)/Full Name'

2018-12-12 19:49:36 - [MESSAGE][PASSED] - Text 'PERKESO' is set on object 'Object Repository/Final Object Repo/Creating Employer Account/Page_Registration - ASSIST (Base)/Full Name'

2018-12-12 19:49:36 - [TEST_STEP][PASSED] - Statement - rnd = new java.util.Random(): null

2018-12-12 19:49:36 - [TEST_STEP][PASSED] - Statement - snum = rnd.nextInt(899999 + 1) + 100000: null

2018-12-12 19:49:36 - [TEST_STEP][PASSED] - Statement - tnum = rnd.nextInt(899999 + 1) + 100000: null

2018-12-12 19:49:36 - [TEST_STEP][PASSED] - Statement - IC = java.lang.Integer.toString(snum) + java.lang.Integer.toString(tnum): null

2018-12-12 19:49:36 - [TEST_STEP][PASSED] - Statement - out.println(IC): null

2018-12-12 19:49:36 - [TEST_STEP][PASSED] - setText: Text '724848132414' is set on object 'Object Repository/Final Object Repo/Creating Employer Account/Page_Registration - ASSIST (Base)/Identification Number'

2018-12-12 19:49:36 - [MESSAGE][PASSED] - Text '724848132414' is set on object 'Object Repository/Final Object Repo/Creating Employer Account/Page_Registration - ASSIST (Base)/Identification Number'

2018-12-12 19:49:36 - [TEST_STEP][PASSED] - delay: Delayed 2 second(s)

2018-12-12 19:49:38 - [MESSAGE][PASSED] - Delayed 2 second(s)

2018-12-12 19:49:38 - [TEST_STEP][PASSED] - setText: Text '123456789012' is set on object 'Object Repository/Final Object Repo/Creating Employer Account/Page_Registration - ASSIST (Base)/Contact Number'

2018-12-12 19:49:38 - [MESSAGE][PASSED] - Text '123456789012' is set on object 'Object Repository/Final Object Repo/Creating Employer Account/Page_Registration - ASSIST (Base)/Contact Number'

2018-12-12 19:49:38 - [TEST_STEP][PASSED] - Statement - Email = "perkeso" + IC + "@gmail.com": null

2018-12-12 19:49:38 - [TEST_STEP][PASSED] - delay: Delayed 2 second(s)

2018-12-12 19:49:40 - [MESSAGE][PASSED] - Delayed 2 second(s)

2018-12-12 19:49:40 - [TEST_STEP][PASSED] - callTestCase: Call Test Case 'Test Cases/Final Aug 2018 - PKS Automation/Create Employer Acc/Template/Employer Email Settler' successfully

2018-12-12 19:49:40 - [TEST_CASE][PASSED] - Test Cases/Final Aug 2018 - PKS Automation/Create Employer Acc/Template/Employer Email Settler: Test Cases/Final Aug 2018 - PKS Automation/Create Employer Acc/Template/Employer Email Settler

2018-12-12 19:49:40 - [TEST_STEP][PASSED] - Statement - EmpEmailOld = new java.io.File(C://Users//Admin//Desktop//PKS//Automation Reference Point//EmpEmail.txt): null

2018-12-12 19:49:40 - [TEST_STEP][PASSED] - Statement - EmpEmailOld.delete(): null

2018-12-12 19:49:40 - [TEST_STEP][PASSED] - delay: Delayed 5 second(s)

2018-12-12 19:49:45 - [MESSAGE][PASSED] - Delayed 5 second(s)

2018-12-12 19:49:45 - [TEST_STEP][PASSED] - Statement - EmpEmail = new java.io.File(C://Users//Admin//Desktop//PKS//Automation Reference Point//EmpEmail.txt): null

2018-12-12 19:49:45 - [TEST_STEP][PASSED] - Statement - f2 = new java.io.FileWriter(EmpEmail, false): null

2018-12-12 19:49:45 - [TEST_STEP][PASSED] - Statement - f2.write(Email): null

2018-12-12 19:49:45 - [TEST_STEP][PASSED] - Statement - f2.close(): null

2018-12-12 19:49:45 - [TEST_STEP][PASSED] - Statement - out.println(Email): null

2018-12-12 19:49:45 - [MESSAGE][PASSED] - Call Test Case 'Test Cases/Final Aug 2018 - PKS Automation/Create Employer Acc/Template/Employer Email Settler' successfully

2018-12-12 19:49:45 - [TEST_STEP][PASSED] - delay: Delayed 2 second(s)

2018-12-12 19:49:47 - [MESSAGE][PASSED] - Delayed 2 second(s)

2018-12-12 19:49:47 - [TEST_STEP][PASSED] - setText: Text 'perkeso724848132414@gmail.com' is set on object 'Object Repository/Final Object Repo/Creating Employer Account/Page_Registration - ASSIST (Base)/Email'

2018-12-12 19:49:48 - [MESSAGE][PASSED] - Text 'perkeso724848132414@gmail.com' is set on object 'Object Repository/Final Object Repo/Creating Employer Account/Page_Registration - ASSIST (Base)/Email'

2018-12-12 19:49:48 - [TEST_STEP][PASSED] - setText: Text '123' is set on object 'Object Repository/Final Object Repo/Creating Employer Account/Page_Registration - ASSIST (Base)/Security Phase'

2018-12-12 19:49:48 - [MESSAGE][PASSED] - Text '123' is set on object 'Object Repository/Final Object Repo/Creating Employer Account/Page_Registration - ASSIST (Base)/Security Phase'

2018-12-12 19:49:48 - [TEST_STEP][PASSED] - click: Object: 'Object Repository/Final Object Repo/Creating Employer Account/Page_Registration - ASSIST (Base)/Save  Continue' is clicked on

2018-12-12 19:49:48 - [MESSAGE][PASSED] - Object: 'Object Repository/Final Object Repo/Creating Employer Account/Page_Registration - ASSIST (Base)/Save  Continue' is clicked on

2018-12-12 19:49:48 - [TEST_STEP][PASSED] - delay: Delayed 2 second(s)

2018-12-12 19:49:50 - [MESSAGE][PASSED] - Delayed 2 second(s)

2018-12-12 19:49:50 - [TEST_STEP][PASSED] - click: Object: 'Object Repository/Final Object Repo/Creating Employer Account/Page_Registration - ASSIST (Base)/Add Document' is clicked on

2018-12-12 19:49:50 - [MESSAGE][PASSED] - Object: 'Object Repository/Final Object Repo/Creating Employer Account/Page_Registration - ASSIST (Base)/Add Document' is clicked on

2018-12-12 19:49:50 - [TEST_STEP][PASSED] - delay: Delayed 2 second(s)

2018-12-12 19:49:52 - [MESSAGE][PASSED] - Delayed 2 second(s)

2018-12-12 19:49:52 - [TEST_STEP][PASSED] - click: Object: 'Object Repository/Final Object Repo/Creating Employer Account/Page_Registration - ASSIST (Base)/Document Type' is clicked on

2018-12-12 19:49:53 - [MESSAGE][PASSED] - Object: 'Object Repository/Final Object Repo/Creating Employer Account/Page_Registration - ASSIST (Base)/Document Type' is clicked on

2018-12-12 19:49:53 - [TEST_STEP][PASSED] - delay: Delayed 2 second(s)

2018-12-12 19:49:55 - [MESSAGE][PASSED] - Delayed 2 second(s)

2018-12-12 19:49:55 - [TEST_STEP][PASSED] - click: Object: 'Object Repository/Final Object Repo/Creating Employer Account/Page_Registration - ASSIST (Base)/Document Type - Letter of Authorization' is clicked on

2018-12-12 19:49:55 - [MESSAGE][PASSED] - Object: 'Object Repository/Final Object Repo/Creating Employer Account/Page_Registration - ASSIST (Base)/Document Type - Letter of Authorization' is clicked on

2018-12-12 19:49:55 - [TEST_STEP][PASSED] - delay: Delayed 2 second(s)

2018-12-12 19:49:57 - [MESSAGE][PASSED] - Delayed 2 second(s)

2018-12-12 19:49:57 - [TEST_STEP][PASSED] - sendKeys: Keys 'C:\Users\Public\Pictures\Sample Pictures\Koala.jpg' sent to object: 'Object Repository/Final Object Repo/Creating Employer Account/Page_Registration - ASSIST (Base)/Uploading File'

2018-12-12 19:49:57 - [MESSAGE][PASSED] - Keys 'C:\Users\Public\Pictures\Sample Pictures\Koala.jpg' sent to object: 'Object Repository/Final Object Repo/Creating Employer Account/Page_Registration - ASSIST (Base)/Uploading File'

2018-12-12 19:49:57 - [TEST_STEP][PASSED] - delay: Delayed 2 second(s)

2018-12-12 19:49:59 - [MESSAGE][PASSED] - Delayed 2 second(s)

2018-12-12 19:49:59 - [TEST_STEP][PASSED] - click: Object: 'Object Repository/Final Object Repo/Creating Employer Account/Page_Registration - ASSIST (Base)/Add Document in Uploading File' is clicked on

2018-12-12 19:49:59 - [MESSAGE][PASSED] - Object: 'Object Repository/Final Object Repo/Creating Employer Account/Page_Registration - ASSIST (Base)/Add Document in Uploading File' is clicked on

2018-12-12 19:49:59 - [TEST_STEP][PASSED] - delay: Delayed 2 second(s)

2018-12-12 19:50:01 - [MESSAGE][PASSED] - Delayed 2 second(s)

2018-12-12 19:50:01 - [TEST_STEP][PASSED] - click: Object: 'Object Repository/Final Object Repo/Creating Employer Account/Page_Registration - ASSIST (Base)/Save' is clicked on

2018-12-12 19:50:01 - [MESSAGE][PASSED] - Object: 'Object Repository/Final Object Repo/Creating Employer Account/Page_Registration - ASSIST (Base)/Save' is clicked on

2018-12-12 19:50:01 - [TEST_STEP][PASSED] - delay: Delayed 2 second(s)

2018-12-12 19:50:03 - [MESSAGE][PASSED] - Delayed 2 second(s)

2018-12-12 19:50:03 - [TEST_STEP][PASSED] - click: Object: 'Object Repository/Final Object Repo/Creating Employer Account/Page_Registration - ASSIST (Base)/Submit' is clicked on

2018-12-12 19:50:03 - [MESSAGE][PASSED] - Object: 'Object Repository/Final Object Repo/Creating Employer Account/Page_Registration - ASSIST (Base)/Submit' is clicked on

2018-12-12 19:50:03 - [TEST_STEP][PASSED] - delay: Delayed 2 second(s)

2018-12-12 19:50:05 - [MESSAGE][PASSED] - Delayed 2 second(s)

2018-12-12 19:50:05 - [TEST_STEP][PASSED] - click: Object: 'Object Repository/Final Object Repo/Creating Employer Account/Page_Registration - ASSIST (Base)/Confirm' is clicked on

2018-12-12 19:50:06 - [MESSAGE][PASSED] - Object: 'Object Repository/Final Object Repo/Creating Employer Account/Page_Registration - ASSIST (Base)/Confirm' is clicked on

2018-12-12 19:50:06 - [MESSAGE][PASSED] - Call Test Case 'Test Cases/Final Aug 2018 - PKS Automation/Create Employer Acc/Template/Register Employer' successfully

2018-12-12 19:50:06 - [TEST_STEP][PASSED] - delay: Delayed 1 second(s)

2018-12-12 19:50:07 - [MESSAGE][PASSED] - Delayed 1 second(s)

2018-12-12 19:50:07 - [TEST_STEP][PASSED] - navigateToUrl: Navigate to 'https://assist2-uat.perkeso.gov.my/c/portal/logout' successfully

2018-12-12 19:50:08 - [MESSAGE][PASSED] - Navigate to 'https://assist2-uat.perkeso.gov.my/c/portal/logout' successfully

2018-12-12 19:50:08 - [TEST_STEP][PASSED] - delay: Delayed 1 second(s)

2018-12-12 19:50:09 - [MESSAGE][PASSED] - Delayed 1 second(s)

2018-12-12 19:50:09 - [TEST_STEP][PASSED] - callTestCase: Call Test Case 'Test Cases/Final Aug 2018 - PKS Automation/Create Employer Acc/Template/Change Password of Employer' successfully

2018-12-12 19:50:09 - [TEST_CASE][PASSED] - Test Cases/Final Aug 2018 - PKS Automation/Create Employer Acc/Template/Change Password of Employer: Test Cases/Final Aug 2018 - PKS Automation/Create Employer Acc/Template/Change Password of Employer

2018-12-12 19:50:09 - [TEST_STEP][PASSED] - openBrowser: Browser is opened with url: ''

2018-12-12 19:50:09 - [MESSAGE][WARNING] - A browser is already opened. Closing browser and opening a new one

2018-12-12 19:50:13 - [MESSAGE][PASSED] - Browser is opened with url: ''

2018-12-12 19:50:13 - [TEST_STEP][PASSED] - navigateToUrl: Navigate to 'https://assist2-uat.perkeso.gov.my/login' successfully

2018-12-12 19:50:14 - [MESSAGE][PASSED] - Navigate to 'https://assist2-uat.perkeso.gov.my/login' successfully

2018-12-12 19:50:14 - [TEST_STEP][PASSED] - delay: Delayed 5 second(s)

2018-12-12 19:50:19 - [MESSAGE][PASSED] - Delayed 5 second(s)

2018-12-12 19:50:19 - [TEST_STEP][PASSED] - setText: Text 'test@liferay.com' is set on object 'Object Repository/Final Object Repo/Login Page/Internal User/Email Address'

2018-12-12 19:50:20 - [MESSAGE][PASSED] - Text 'test@liferay.com' is set on object 'Object Repository/Final Object Repo/Login Page/Internal User/Email Address'

2018-12-12 19:50:20 - [TEST_STEP][PASSED] - click: Object: 'Object Repository/Final Object Repo/Login Page/Internal User/Next Button' is clicked on

2018-12-12 19:50:20 - [MESSAGE][PASSED] - Object: 'Object Repository/Final Object Repo/Login Page/Internal User/Next Button' is clicked on

2018-12-12 19:50:20 - [TEST_STEP][PASSED] - delay: Delayed 2 second(s)

2018-12-12 19:50:22 - [MESSAGE][PASSED] - Delayed 2 second(s)

2018-12-12 19:50:22 - [TEST_STEP][PASSED] - setText: Text 'test' is set on object 'Object Repository/Final Object Repo/Login Page/Internal User/Password'

2018-12-12 19:50:22 - [MESSAGE][PASSED] - Text 'test' is set on object 'Object Repository/Final Object Repo/Login Page/Internal User/Password'

2018-12-12 19:50:22 - [TEST_STEP][PASSED] - delay: Delayed 2 second(s)

2018-12-12 19:50:24 - [MESSAGE][PASSED] - Delayed 2 second(s)

2018-12-12 19:50:24 - [TEST_STEP][PASSED] - click: Object: 'Object Repository/Final Object Repo/Login Page/Internal User/Login Button' is clicked on

2018-12-12 19:50:24 - [MESSAGE][PASSED] - Object: 'Object Repository/Final Object Repo/Login Page/Internal User/Login Button' is clicked on

2018-12-12 19:50:24 - [TEST_STEP][PASSED] - delay: Delayed 3 second(s)

2018-12-12 19:50:27 - [MESSAGE][PASSED] - Delayed 3 second(s)

2018-12-12 19:50:27 - [TEST_STEP][PASSED] - navigateToUrl: Navigate to 'https://assist2-uat.perkeso.gov.my/group/control_panel/manage?p_p_id=125&p_p_lifecycle=0&p_p_state=maximized&p_p_mode=view&refererPlid=20455&_125_usersListView=flat-users&_125_toolbarItem=view-all-users&_125_saveUsersListView=true&_125_struts_action=%2Fusers_admin%2Fview' successfully

2018-12-12 19:50:29 - [MESSAGE][PASSED] - Navigate to 'https://assist2-uat.perkeso.gov.my/group/control_panel/manage?p_p_id=125&p_p_lifecycle=0&p_p_state=maximized&p_p_mode=view&refererPlid=20455&_125_usersListView=flat-users&_125_toolbarItem=view-all-users&_125_saveUsersListView=true&_125_struts_action=%2Fusers_admin%2Fview' successfully

2018-12-12 19:50:29 - [TEST_STEP][PASSED] - delay: Delayed 3 second(s)

2018-12-12 19:50:32 - [MESSAGE][PASSED] - Delayed 3 second(s)

2018-12-12 19:50:32 - [TEST_STEP][PASSED] - setText: Text 'perkeso724848132414@gmail.com' is set on object 'Object Repository/Final Object Repo/Creating Employer Account/Page_Users and Organizations - ASSIST/Employer name'

2018-12-12 19:50:32 - [MESSAGE][PASSED] - Text 'perkeso724848132414@gmail.com' is set on object 'Object Repository/Final Object Repo/Creating Employer Account/Page_Users and Organizations - ASSIST/Employer name'

2018-12-12 19:50:32 - [TEST_STEP][PASSED] - delay: Delayed 3 second(s)

2018-12-12 19:50:35 - [MESSAGE][PASSED] - Delayed 3 second(s)

2018-12-12 19:50:35 - [TEST_STEP][PASSED] - click: Object: 'Object Repository/Final Object Repo/Creating Employer Account/Page_Users and Organizations - ASSIST/Search' is clicked on

2018-12-12 19:50:35 - [MESSAGE][PASSED] - Object: 'Object Repository/Final Object Repo/Creating Employer Account/Page_Users and Organizations - ASSIST/Search' is clicked on

2018-12-12 19:50:35 - [TEST_STEP][PASSED] - delay: Delayed 3 second(s)

2018-12-12 19:50:38 - [MESSAGE][PASSED] - Delayed 3 second(s)

2018-12-12 19:50:38 - [TEST_STEP][PASSED] - click: Object: 'Object Repository/Final Object Repo/Creating Employer Account/Page_Users and Organizations - ASSIST/Action' is clicked on

2018-12-12 19:50:39 - [MESSAGE][PASSED] - Object: 'Object Repository/Final Object Repo/Creating Employer Account/Page_Users and Organizations - ASSIST/Action' is clicked on

2018-12-12 19:50:39 - [TEST_STEP][PASSED] - delay: Delayed 3 second(s)

2018-12-12 19:50:42 - [MESSAGE][PASSED] - Delayed 3 second(s)

2018-12-12 19:50:42 - [TEST_STEP][PASSED] - click: Object: 'Object Repository/Final Object Repo/Creating Employer Account/Page_Users and Organizations - ASSIST/Edit' is clicked on

2018-12-12 19:50:43 - [MESSAGE][PASSED] - Object: 'Object Repository/Final Object Repo/Creating Employer Account/Page_Users and Organizations - ASSIST/Edit' is clicked on

2018-12-12 19:50:43 - [TEST_STEP][PASSED] - delay: Delayed 3 second(s)

2018-12-12 19:50:46 - [MESSAGE][PASSED] - Delayed 3 second(s)

2018-12-12 19:50:46 - [TEST_STEP][PASSED] - click: Object: 'Object Repository/Final Object Repo/Creating Employer Account/Page_PERKESO - Users and Organizati/a_Password (Modified)' is clicked on

2018-12-12 19:50:46 - [MESSAGE][PASSED] - Object: 'Object Repository/Final Object Repo/Creating Employer Account/Page_PERKESO - Users and Organizati/a_Password (Modified)' is clicked on

2018-12-12 19:50:46 - [TEST_STEP][PASSED] - delay: Delayed 3 second(s)

2018-12-12 19:50:49 - [MESSAGE][PASSED] - Delayed 3 second(s)

2018-12-12 19:50:49 - [TEST_STEP][PASSED] - setEncryptedText: Text ****** has been set on object 'Object Repository/Final Object Repo/Creating Employer Account/Page_PERKESO - Users and Organizati/input__125_password1'

2018-12-12 19:50:49 - [MESSAGE][PASSED] - Text ****** has been set on object 'Object Repository/Final Object Repo/Creating Employer Account/Page_PERKESO - Users and Organizati/input__125_password1'

2018-12-12 19:50:49 - [TEST_STEP][PASSED] - delay: Delayed 3 second(s)

2018-12-12 19:50:52 - [MESSAGE][PASSED] - Delayed 3 second(s)

2018-12-12 19:50:52 - [TEST_STEP][PASSED] - setEncryptedText: Text ****** has been set on object 'Object Repository/Final Object Repo/Creating Employer Account/Page_PERKESO - Users and Organizati/input__125_password2'

2018-12-12 19:50:53 - [MESSAGE][PASSED] - Text ****** has been set on object 'Object Repository/Final Object Repo/Creating Employer Account/Page_PERKESO - Users and Organizati/input__125_password2'

2018-12-12 19:50:53 - [TEST_STEP][PASSED] - delay: Delayed 3 second(s)

2018-12-12 19:50:56 - [MESSAGE][PASSED] - Delayed 3 second(s)

2018-12-12 19:50:56 - [TEST_STEP][PASSED] - click: Object: 'Object Repository/Final Object Repo/Creating Employer Account/Page_PERKESO - Users and Organizati/Save' is clicked on

2018-12-12 19:50:57 - [MESSAGE][PASSED] - Object: 'Object Repository/Final Object Repo/Creating Employer Account/Page_PERKESO - Users and Organizati/Save' is clicked on

2018-12-12 19:50:57 - [MESSAGE][PASSED] - Call Test Case 'Test Cases/Final Aug 2018 - PKS Automation/Create Employer Acc/Template/Change Password of Employer' successfully

2018-12-12 19:50:57 - [TEST_STEP][PASSED] - delay: Delayed 1 second(s)

2018-12-12 19:50:58 - [MESSAGE][PASSED] - Delayed 1 second(s)

2018-12-12 19:50:58 - [TEST_STEP][PASSED] - navigateToUrl: Navigate to 'https://assist2-uat.perkeso.gov.my/c/portal/logout' successfully

2018-12-12 19:50:59 - [MESSAGE][PASSED] - Navigate to 'https://assist2-uat.perkeso.gov.my/c/portal/logout' successfully

2018-12-12 19:50:59 - [TEST_STEP][PASSED] - delay: Delayed 1 second(s)

2018-12-12 19:51:00 - [MESSAGE][PASSED] - Delayed 1 second(s)

2018-12-12 19:51:00 - [TEST_STEP][PASSED] - callTestCase: Call Test Case 'Test Cases/Final Aug 2018 - PKS Automation/Create Employer Acc/Template/Login to Employer Account (First Time)' successfully

2018-12-12 19:51:00 - [TEST_CASE][PASSED] - Test Cases/Final Aug 2018 - PKS Automation/Create Employer Acc/Template/Login to Employer Account (First Time): Test Cases/Final Aug 2018 - PKS Automation/Create Employer Acc/Template/Login to Employer Account (First Time)

2018-12-12 19:51:00 - [TEST_STEP][PASSED] - openBrowser: Browser is opened with url: ''

2018-12-12 19:51:00 - [MESSAGE][WARNING] - A browser is already opened. Closing browser and opening a new one

2018-12-12 19:51:04 - [MESSAGE][PASSED] - Browser is opened with url: ''

2018-12-12 19:51:04 - [TEST_STEP][PASSED] - navigateToUrl: Navigate to 'https://assist2-uat.perkeso.gov.my/employer/login' successfully

2018-12-12 19:51:05 - [MESSAGE][PASSED] - Navigate to 'https://assist2-uat.perkeso.gov.my/employer/login' successfully

2018-12-12 19:51:05 - [TEST_STEP][PASSED] - delay: Delayed 3 second(s)

2018-12-12 19:51:08 - [MESSAGE][PASSED] - Delayed 3 second(s)

2018-12-12 19:51:08 - [TEST_STEP][PASSED] - callTestCase: Call Test Case 'Test Cases/Final Aug 2018 - PKS Automation/Create Employer Acc/Template/Employer Email Getter' successfully

2018-12-12 19:51:08 - [TEST_CASE][PASSED] - Test Cases/Final Aug 2018 - PKS Automation/Create Employer Acc/Template/Employer Email Getter: Test Cases/Final Aug 2018 - PKS Automation/Create Employer Acc/Template/Employer Email Getter

2018-12-12 19:51:08 - [TEST_STEP][PASSED] - Statement - Try: null

2018-12-12 19:51:08 - [TEST_STEP][PASSED] - Statement - EmpEmail = new java.io.File(C://Users//Admin//Desktop//PKS//Automation Reference Point//EmpEmail.txt): null

2018-12-12 19:51:08 - [TEST_STEP][PASSED] - Statement - bufferread = new java.io.BufferedReader(new java.io.FileReader(EmpEmail)): null

2018-12-12 19:51:08 - [TEST_STEP][PASSED] - Statement - readedVal = bufferread.readLine(): null

2018-12-12 19:51:08 - [TEST_STEP][PASSED] - Statement - out.println(readedVal): null

2018-12-12 19:51:08 - [TEST_STEP][PASSED] - Statement - Email = readedVal: null

2018-12-12 19:51:08 - [MESSAGE][PASSED] - Call Test Case 'Test Cases/Final Aug 2018 - PKS Automation/Create Employer Acc/Template/Employer Email Getter' successfully

2018-12-12 19:51:08 - [TEST_STEP][PASSED] - setText: Text 'perkeso724848132414@gmail.com' is set on object 'Object Repository/Final Object Repo/Login Page/External Login Page/Email'

2018-12-12 19:51:08 - [MESSAGE][PASSED] - Text 'perkeso724848132414@gmail.com' is set on object 'Object Repository/Final Object Repo/Login Page/External Login Page/Email'

2018-12-12 19:51:08 - [TEST_STEP][PASSED] - click: Object: 'Object Repository/Final Object Repo/Login Page/External Login Page/Next' is clicked on

2018-12-12 19:51:08 - [MESSAGE][PASSED] - Object: 'Object Repository/Final Object Repo/Login Page/External Login Page/Next' is clicked on

2018-12-12 19:51:08 - [TEST_STEP][PASSED] - delay: Delayed 3 second(s)

2018-12-12 19:51:11 - [MESSAGE][PASSED] - Delayed 3 second(s)

2018-12-12 19:51:11 - [TEST_STEP][PASSED] - setEncryptedText: Text ****** has been set on object 'Object Repository/Final Object Repo/Login Page/External Login Page/Password'

2018-12-12 19:51:12 - [MESSAGE][PASSED] - Text ****** has been set on object 'Object Repository/Final Object Repo/Login Page/External Login Page/Password'

2018-12-12 19:51:12 - [TEST_STEP][PASSED] - click: Object: 'Object Repository/Final Object Repo/Login Page/External Login Page/Login' is clicked on

2018-12-12 19:51:12 - [MESSAGE][PASSED] - Object: 'Object Repository/Final Object Repo/Login Page/External Login Page/Login' is clicked on

2018-12-12 19:51:12 - [TEST_STEP][PASSED] - delay: Delayed 3 second(s)

2018-12-12 19:51:15 - [MESSAGE][PASSED] - Delayed 3 second(s)

2018-12-12 19:51:15 - [TEST_STEP][PASSED] - click: Object: 'Object Repository/Final Object Repo/Creating Employer Account/Page_Terms of Use - ASSIST/button_I Agree' is clicked on

2018-12-12 19:51:15 - [MESSAGE][PASSED] - Object: 'Object Repository/Final Object Repo/Creating Employer Account/Page_Terms of Use - ASSIST/button_I Agree' is clicked on

2018-12-12 19:51:15 - [TEST_STEP][PASSED] - delay: Delayed 2 second(s)

2018-12-12 19:51:17 - [MESSAGE][PASSED] - Delayed 2 second(s)

2018-12-12 19:51:17 - [TEST_STEP][PASSED] - setEncryptedText: Text ****** has been set on object 'Object Repository/Final Object Repo/Creating Employer Account/Page_New Password - ASSIST/input_password1'

2018-12-12 19:51:17 - [MESSAGE][PASSED] - Text ****** has been set on object 'Object Repository/Final Object Repo/Creating Employer Account/Page_New Password - ASSIST/input_password1'

2018-12-12 19:51:17 - [TEST_STEP][PASSED] - setEncryptedText: Text ****** has been set on object 'Object Repository/Final Object Repo/Creating Employer Account/Page_New Password - ASSIST/input_password2'

2018-12-12 19:51:17 - [MESSAGE][PASSED] - Text ****** has been set on object 'Object Repository/Final Object Repo/Creating Employer Account/Page_New Password - ASSIST/input_password2'

2018-12-12 19:51:17 - [TEST_STEP][PASSED] - delay: Delayed 2 second(s)

2018-12-12 19:51:19 - [MESSAGE][PASSED] - Delayed 2 second(s)

2018-12-12 19:51:19 - [TEST_STEP][PASSED] - click: Object: 'Object Repository/Final Object Repo/Creating Employer Account/Page_New Password - ASSIST/Save' is clicked on

2018-12-12 19:51:20 - [MESSAGE][PASSED] - Object: 'Object Repository/Final Object Repo/Creating Employer Account/Page_New Password - ASSIST/Save' is clicked on

2018-12-12 19:51:20 - [TEST_STEP][PASSED] - delay: Delayed 2 second(s)

2018-12-12 19:51:22 - [MESSAGE][PASSED] - Delayed 2 second(s)

2018-12-12 19:51:22 - [TEST_STEP][PASSED] - setText: Text 'test' is set on object 'Object Repository/Final Object Repo/Creating Employer Account/Page_Password Reminder - ASSIST/Reminder Query Answer'

2018-12-12 19:51:22 - [MESSAGE][PASSED] - Text 'test' is set on object 'Object Repository/Final Object Repo/Creating Employer Account/Page_Password Reminder - ASSIST/Reminder Query Answer'

2018-12-12 19:51:22 - [TEST_STEP][PASSED] - delay: Delayed 2 second(s)

2018-12-12 19:51:24 - [MESSAGE][PASSED] - Delayed 2 second(s)

2018-12-12 19:51:24 - [TEST_STEP][PASSED] - doubleClick: Object: 'Object Repository/Final Object Repo/Creating Employer Account/Page_Password Reminder - ASSIST/Save' is double clicked on

2018-12-12 19:51:24 - [MESSAGE][PASSED] - Object: 'Object Repository/Final Object Repo/Creating Employer Account/Page_Password Reminder - ASSIST/Save' is double clicked on

2018-12-12 19:51:24 - [MESSAGE][PASSED] - Call Test Case 'Test Cases/Final Aug 2018 - PKS Automation/Create Employer Acc/Template/Login to Employer Account (First Time)' successfully

2018-12-12 19:51:24 - [MESSAGE][PASSED] - Call Test Case 'Test Cases/Final Aug 2018 - PKS Automation/Create Employer Acc/Create Employer Account' successfully

2018-12-12 19:51:24 - [TEST_STEP][PASSED] - callTestCase: Call Test Case 'Test Cases/Final Aug 2018 - PKS Automation/Registration Module/Log Out/log out avoiding katalon tagging' successfully

2018-12-12 19:51:24 - [TEST_CASE][PASSED] - Test Cases/Final Aug 2018 - PKS Automation/Registration Module/Log Out/log out avoiding katalon tagging: Test Cases/Final Aug 2018 - PKS Automation/Registration Module/Log Out/log out avoiding katalon tagging

2018-12-12 19:51:24 - [TEST_STEP][PASSED] - navigateToUrl: Navigate to 'https://assist2-uat.perkeso.gov.my/c/portal/logout' successfully

2018-12-12 19:51:27 - [MESSAGE][PASSED] - Navigate to 'https://assist2-uat.perkeso.gov.my/c/portal/logout' successfully

2018-12-12 19:51:27 - [MESSAGE][PASSED] - Call Test Case 'Test Cases/Final Aug 2018 - PKS Automation/Registration Module/Log Out/log out avoiding katalon tagging' successfully

2018-12-12 19:51:27 - [TEST_STEP][PASSED] - callTestCase: Call Test Case 'Test Cases/Final Aug 2018 - PKS Automation/Create Employer Acc/Login to Employer Account (Second time)' successfully

2018-12-12 19:51:27 - [TEST_CASE][PASSED] - Test Cases/Final Aug 2018 - PKS Automation/Create Employer Acc/Login to Employer Account (Second time): Test Cases/Final Aug 2018 - PKS Automation/Create Employer Acc/Login to Employer Account (Second time)

2018-12-12 19:51:27 - [TEST_STEP][PASSED] - openBrowser: Browser is opened with url: ''

2018-12-12 19:51:27 - [MESSAGE][WARNING] - A browser is already opened. Closing browser and opening a new one

2018-12-12 19:51:31 - [MESSAGE][PASSED] - Browser is opened with url: ''

2018-12-12 19:51:31 - [TEST_STEP][PASSED] - navigateToUrl: Navigate to 'https://assist2-uat.perkeso.gov.my/employer/login' successfully

2018-12-12 19:51:32 - [MESSAGE][PASSED] - Navigate to 'https://assist2-uat.perkeso.gov.my/employer/login' successfully

2018-12-12 19:51:32 - [TEST_STEP][PASSED] - delay: Delayed 3 second(s)

2018-12-12 19:51:35 - [MESSAGE][PASSED] - Delayed 3 second(s)

2018-12-12 19:51:35 - [TEST_STEP][PASSED] - callTestCase: Call Test Case 'Test Cases/Final Aug 2018 - PKS Automation/Create Employer Acc/Template/Employer Email Getter' successfully

2018-12-12 19:51:35 - [TEST_CASE][PASSED] - Test Cases/Final Aug 2018 - PKS Automation/Create Employer Acc/Template/Employer Email Getter: Test Cases/Final Aug 2018 - PKS Automation/Create Employer Acc/Template/Employer Email Getter

2018-12-12 19:51:35 - [TEST_STEP][PASSED] - Statement - Try: null

2018-12-12 19:51:35 - [TEST_STEP][PASSED] - Statement - EmpEmail = new java.io.File(C://Users//Admin//Desktop//PKS//Automation Reference Point//EmpEmail.txt): null

2018-12-12 19:51:35 - [TEST_STEP][PASSED] - Statement - bufferread = new java.io.BufferedReader(new java.io.FileReader(EmpEmail)): null

2018-12-12 19:51:35 - [TEST_STEP][PASSED] - Statement - readedVal = bufferread.readLine(): null

2018-12-12 19:51:35 - [TEST_STEP][PASSED] - Statement - out.println(readedVal): null

2018-12-12 19:51:35 - [TEST_STEP][PASSED] - Statement - Email = readedVal: null

2018-12-12 19:51:35 - [MESSAGE][PASSED] - Call Test Case 'Test Cases/Final Aug 2018 - PKS Automation/Create Employer Acc/Template/Employer Email Getter' successfully

2018-12-12 19:51:35 - [TEST_STEP][PASSED] - setText: Text 'perkeso724848132414@gmail.com' is set on object 'Object Repository/Final Object Repo/Login Page/External Login Page/Email'

2018-12-12 19:51:36 - [MESSAGE][PASSED] - Text 'perkeso724848132414@gmail.com' is set on object 'Object Repository/Final Object Repo/Login Page/External Login Page/Email'

2018-12-12 19:51:36 - [TEST_STEP][PASSED] - click: Object: 'Object Repository/Final Object Repo/Login Page/External Login Page/Next' is clicked on

2018-12-12 19:51:36 - [MESSAGE][PASSED] - Object: 'Object Repository/Final Object Repo/Login Page/External Login Page/Next' is clicked on

2018-12-12 19:51:36 - [TEST_STEP][PASSED] - delay: Delayed 3 second(s)

2018-12-12 19:51:39 - [MESSAGE][PASSED] - Delayed 3 second(s)

2018-12-12 19:51:39 - [TEST_STEP][PASSED] - setEncryptedText: Text ****** has been set on object 'Object Repository/Final Object Repo/Login Page/External Login Page/Password'

2018-12-12 19:51:39 - [MESSAGE][PASSED] - Text ****** has been set on object 'Object Repository/Final Object Repo/Login Page/External Login Page/Password'

2018-12-12 19:51:39 - [TEST_STEP][PASSED] - click: Object: 'Object Repository/Final Object Repo/Login Page/External Login Page/Login' is clicked on

2018-12-12 19:51:39 - [MESSAGE][PASSED] - Object: 'Object Repository/Final Object Repo/Login Page/External Login Page/Login' is clicked on

2018-12-12 19:51:39 - [TEST_STEP][PASSED] - delay: Delayed 5 second(s)

2018-12-12 19:51:44 - [MESSAGE][PASSED] - Delayed 5 second(s)

2018-12-12 19:51:44 - [MESSAGE][PASSED] - Call Test Case 'Test Cases/Final Aug 2018 - PKS Automation/Create Employer Acc/Login to Employer Account (Second time)' successfully

2018-12-12 19:51:44 - [TEST_STEP][PASSED] - Statement - Try: null

2018-12-12 19:51:44 - [TEST_STEP][PASSED] - Statement - Checker = com.kms.katalon.core.webui.keyword.WebUiBuiltInKeywords.verifyElementNotPresent("Final Object Repo/Landing Page/Select to English", 3): null

2018-12-12 19:51:44 - [TEST_STEP][PASSED] - Statement - Catch (Exception e): null

2018-12-12 19:51:44 - [TEST_STEP][PASSED] - Statement - e.printStackTrace(): null

2018-12-12 19:51:44 - [TEST_STEP][PASSED] - delay: Delayed 5 second(s)

2018-12-12 19:51:49 - [MESSAGE][PASSED] - Delayed 5 second(s)

2018-12-12 19:51:49 - [TEST_STEP][PASSED] - click: Object: 'Object Repository/Final Object Repo/Landing Page/My Sites Drop Down' is clicked on

2018-12-12 19:51:49 - [MESSAGE][PASSED] - Object: 'Object Repository/Final Object Repo/Landing Page/My Sites Drop Down' is clicked on

2018-12-12 19:51:49 - [TEST_STEP][PASSED] - click: Object: 'Object Repository/Final Object Repo/Landing Page/Select to Registration Module' is clicked on

2018-12-12 19:51:52 - [MESSAGE][PASSED] - Object: 'Object Repository/Final Object Repo/Landing Page/Select to Registration Module' is clicked on

2018-12-12 19:51:52 - [TEST_STEP][PASSED] - click: Object: 'Object Repository/Final Object Repo/Landing Page/Registration Button' is clicked on

2018-12-12 19:51:53 - [MESSAGE][PASSED] - Object: 'Object Repository/Final Object Repo/Landing Page/Registration Button' is clicked on

2018-12-12 19:51:53 - [TEST_STEP][PASSED] - delay: Delayed 2 second(s)

2018-12-12 19:51:55 - [MESSAGE][PASSED] - Delayed 2 second(s)

2018-12-12 19:51:55 - [TEST_STEP][PASSED] - click: Object: 'Object Repository/Final Object Repo/New Registration - Registration Module Pages/New Reg - OTC to RO/Special Case - OTC - Form 1/AEC NO' is clicked on

2018-12-12 19:51:56 - [MESSAGE][PASSED] - Object: 'Object Repository/Final Object Repo/New Registration - Registration Module Pages/New Reg - OTC to RO/Special Case - OTC - Form 1/AEC NO' is clicked on

2018-12-12 19:51:56 - [TEST_STEP][PASSED] - click: Object: 'Object Repository/Final Object Repo/New Registration - Registration Module Pages/New Reg - OTC to RO/Special Case - OTC - Form 1/Business Entity - Please Select' is clicked on

2018-12-12 19:51:56 - [MESSAGE][PASSED] - Object: 'Object Repository/Final Object Repo/New Registration - Registration Module Pages/New Reg - OTC to RO/Special Case - OTC - Form 1/Business Entity - Please Select' is clicked on

2018-12-12 19:51:56 - [TEST_STEP][PASSED] - click: Object: 'Object Repository/Final Object Repo/New Registration - Registration Module Pages/New Reg - OTC to RO/Special Case - OTC - Form 1/Selected - Corporation' is clicked on

2018-12-12 19:51:56 - [MESSAGE][PASSED] - Object: 'Object Repository/Final Object Repo/New Registration - Registration Module Pages/New Reg - OTC to RO/Special Case - OTC - Form 1/Selected - Corporation' is clicked on

2018-12-12 19:51:56 - [TEST_STEP][PASSED] - delay: Delayed 2 second(s)

2018-12-12 19:51:58 - [MESSAGE][PASSED] - Delayed 2 second(s)

2018-12-12 19:51:58 - [TEST_STEP][PASSED] - click: Object: 'Object Repository/Final Object Repo/New Registration - Registration Module Pages/New Reg - OTC to RO/Special Case - OTC - Form 1/Sub Business Entity - Please Select' is clicked on

2018-12-12 19:51:58 - [MESSAGE][PASSED] - Object: 'Object Repository/Final Object Repo/New Registration - Registration Module Pages/New Reg - OTC to RO/Special Case - OTC - Form 1/Sub Business Entity - Please Select' is clicked on

2018-12-12 19:51:58 - [TEST_STEP][PASSED] - delay: Delayed 2 second(s)

2018-12-12 19:52:00 - [MESSAGE][PASSED] - Delayed 2 second(s)

2018-12-12 19:52:00 - [TEST_STEP][PASSED] - click: Object: 'Object Repository/Final Object Repo/New Registration - Registration Module Pages/New Reg - OTC to RO/Special Case - OTC - Form 1/Selected - Sendirian Berhad' is clicked on

2018-12-12 19:52:00 - [MESSAGE][PASSED] - Object: 'Object Repository/Final Object Repo/New Registration - Registration Module Pages/New Reg - OTC to RO/Special Case - OTC - Form 1/Selected - Sendirian Berhad' is clicked on

2018-12-12 19:52:00 - [TEST_STEP][PASSED] - setText: Text 'AUTOMATE001' is set on object 'Object Repository/Final Object Repo/New Registration - Registration Module Pages/New Reg - OTC to RO/Special Case - OTC - Form 1/Input BRN Number'

2018-12-12 19:52:01 - [MESSAGE][PASSED] - Text 'AUTOMATE001' is set on object 'Object Repository/Final Object Repo/New Registration - Registration Module Pages/New Reg - OTC to RO/Special Case - OTC - Form 1/Input BRN Number'

2018-12-12 19:52:01 - [TEST_STEP][PASSED] - delay: Delayed 2 second(s)

2018-12-12 19:52:03 - [MESSAGE][PASSED] - Delayed 2 second(s)

2018-12-12 19:52:03 - [TEST_STEP][PASSED] - click: Object: 'Object Repository/Final Object Repo/New Registration - Registration Module Pages/New Reg - OTC to RO/Special Case - OTC - Form 1/BRN Search' is clicked on

2018-12-12 19:52:03 - [MESSAGE][PASSED] - Object: 'Object Repository/Final Object Repo/New Registration - Registration Module Pages/New Reg - OTC to RO/Special Case - OTC - Form 1/BRN Search' is clicked on

2018-12-12 19:52:03 - [TEST_STEP][PASSED] - delay: Delayed 4 second(s)

2018-12-12 19:52:07 - [MESSAGE][PASSED] - Delayed 4 second(s)

2018-12-12 19:52:07 - [TEST_STEP][PASSED] - click: Object: 'Object Repository/Final Object Repo/New Registration - Registration Module Pages/New Reg - OTC to RO/Special Case - OTC - Form 1/Registered with SSM - After Feb 2017' is clicked on

2018-12-12 19:52:07 - [MESSAGE][PASSED] - Object: 'Object Repository/Final Object Repo/New Registration - Registration Module Pages/New Reg - OTC to RO/Special Case - OTC - Form 1/Registered with SSM - After Feb 2017' is clicked on

2018-12-12 19:52:07 - [TEST_STEP][PASSED] - delay: Delayed 2 second(s)

2018-12-12 19:52:09 - [MESSAGE][PASSED] - Delayed 2 second(s)

2018-12-12 19:52:09 - [TEST_STEP][PASSED] - click: Object: 'Object Repository/Final Object Repo/New Registration - Registration Module Pages/New Reg - OTC to RO/Special Case - OTC - Form 1/Registering As A Branch - No' is clicked on

2018-12-12 19:52:09 - [MESSAGE][PASSED] - Object: 'Object Repository/Final Object Repo/New Registration - Registration Module Pages/New Reg - OTC to RO/Special Case - OTC - Form 1/Registering As A Branch - No' is clicked on

2018-12-12 19:52:09 - [TEST_STEP][PASSED] - click: Object: 'Object Repository/Final Object Repo/New Registration - Registration Module Pages/New Reg - OTC to RO/Special Case - OTC - Form 1/Acknowledgement Ticked' is clicked on

2018-12-12 19:52:10 - [MESSAGE][PASSED] - Object: 'Object Repository/Final Object Repo/New Registration - Registration Module Pages/New Reg - OTC to RO/Special Case - OTC - Form 1/Acknowledgement Ticked' is clicked on

2018-12-12 19:52:10 - [TEST_STEP][PASSED] - delay: Delayed 2 second(s)

2018-12-12 19:52:12 - [MESSAGE][PASSED] - Delayed 2 second(s)

2018-12-12 19:52:12 - [TEST_STEP][PASSED] - callTestCase: Call Test Case 'Test Cases/Final Aug 2018 - PKS Automation/Create Employer Acc/Template/Employer Email Getter' successfully

2018-12-12 19:52:12 - [TEST_CASE][PASSED] - Test Cases/Final Aug 2018 - PKS Automation/Create Employer Acc/Template/Employer Email Getter: Test Cases/Final Aug 2018 - PKS Automation/Create Employer Acc/Template/Employer Email Getter

2018-12-12 19:52:12 - [TEST_STEP][PASSED] - Statement - Try: null

2018-12-12 19:52:12 - [TEST_STEP][PASSED] - Statement - EmpEmail = new java.io.File(C://Users//Admin//Desktop//PKS//Automation Reference Point//EmpEmail.txt): null

2018-12-12 19:52:12 - [TEST_STEP][PASSED] - Statement - bufferread = new java.io.BufferedReader(new java.io.FileReader(EmpEmail)): null

2018-12-12 19:52:12 - [TEST_STEP][PASSED] - Statement - readedVal = bufferread.readLine(): null

2018-12-12 19:52:12 - [TEST_STEP][PASSED] - Statement - out.println(readedVal): null

2018-12-12 19:52:12 - [TEST_STEP][PASSED] - Statement - Email = readedVal: null

2018-12-12 19:52:12 - [MESSAGE][PASSED] - Call Test Case 'Test Cases/Final Aug 2018 - PKS Automation/Create Employer Acc/Template/Employer Email Getter' successfully

2018-12-12 19:52:12 - [TEST_STEP][PASSED] - setText: Text 'perkeso724848132414@gmail.com' is set on object 'Object Repository/Final Object Repo/Creating Employer Account/Email'

2018-12-12 19:52:12 - [MESSAGE][PASSED] - Text 'perkeso724848132414@gmail.com' is set on object 'Object Repository/Final Object Repo/Creating Employer Account/Email'

2018-12-12 19:52:12 - [TEST_STEP][PASSED] - delay: Delayed 2 second(s)

2018-12-12 19:52:14 - [MESSAGE][PASSED] - Delayed 2 second(s)

2018-12-12 19:52:14 - [TEST_STEP][PASSED] - click: Object: 'Object Repository/Final Object Repo/New Registration - Registration Module Pages/New Reg - OTC to RO/Special Case - OTC - Form 1/Submit Button' is clicked on

2018-12-12 19:52:15 - [MESSAGE][PASSED] - Object: 'Object Repository/Final Object Repo/New Registration - Registration Module Pages/New Reg - OTC to RO/Special Case - OTC - Form 1/Submit Button' is clicked on

2018-12-12 19:52:15 - [TEST_STEP][PASSED] - delay: Delayed 2 second(s)

2018-12-12 19:52:17 - [MESSAGE][PASSED] - Delayed 2 second(s)

2018-12-12 19:52:17 - [TEST_STEP][PASSED] - click: Object: 'Object Repository/Final Object Repo/New Registration - Registration Module Pages/New Reg - OTC to RO/Special Case - OTC - Form 1/Confirm No Flagging as Branch' is clicked on

2018-12-12 19:52:17 - [MESSAGE][PASSED] - Object: 'Object Repository/Final Object Repo/New Registration - Registration Module Pages/New Reg - OTC to RO/Special Case - OTC - Form 1/Confirm No Flagging as Branch' is clicked on

2018-12-12 19:52:17 - [MESSAGE][PASSED] - Call Test Case 'Test Cases/Final Aug 2018 - PKS Automation/Registration Module/Workflow/New Registration/Template/Special Case - Employer - Form 1' successfully

2018-12-12 19:52:17 - [TEST_STEP][PASSED] - callTestCase: Call Test Case 'Test Cases/Final Aug 2018 - PKS Automation/Registration Module/New Registration/Form 2/Add 1 Eligible - Employer Account Use' successfully

2018-12-12 19:52:17 - [TEST_CASE][PASSED] - Test Cases/Final Aug 2018 - PKS Automation/Registration Module/New Registration/Form 2/Add 1 Eligible - Employer Account Use: Test Cases/Final Aug 2018 - PKS Automation/Registration Module/New Registration/Form 2/Add 1 Eligible - Employer Account Use

2018-12-12 19:52:17 - [TEST_STEP][PASSED] - delay: Delayed 2 second(s)

2018-12-12 19:52:19 - [MESSAGE][PASSED] - Delayed 2 second(s)

2018-12-12 19:52:19 - [TEST_STEP][PASSED] - callTestCase: Call Test Case 'Test Cases/Final Aug 2018 - PKS Automation/Registration Module/New Registration/Form 2/Date Updater' successfully

2018-12-12 19:52:19 - [TEST_CASE][PASSED] - Test Cases/Final Aug 2018 - PKS Automation/Registration Module/New Registration/Form 2/Date Updater: Test Cases/Final Aug 2018 - PKS Automation/Registration Module/New Registration/Form 2/Date Updater

2018-12-12 19:52:19 - [TEST_STEP][PASSED] - Statement - TodayDate = new java.util.Date(): null

2018-12-12 19:52:19 - [TEST_STEP][PASSED] - Statement - CurrentDateNoFilter = new java.text.SimpleDateFormat(): null

2018-12-12 19:52:19 - [TEST_STEP][PASSED] - Statement - CurrentDateNoFilter.applyPattern("MM"): null

2018-12-12 19:52:19 - [TEST_STEP][PASSED] - Statement - monthContainerMatcher = java.lang.Integer.parseInt(CurrentDateNoFilter.format(TodayDate)): null

2018-12-12 19:52:19 - [TEST_STEP][PASSED] - Statement - monthContainerMatcher = monthContainerMatcher - 1: null

2018-12-12 19:52:19 - [TEST_STEP][PASSED] - Statement - CurrentMonth = monthContainerMatcher.toString(): null

2018-12-12 19:52:19 - [TEST_STEP][PASSED] - Statement - CurrentMonth = CurrentMonth: null

2018-12-12 19:52:19 - [TEST_STEP][PASSED] - Statement - CurrentDateNoFilter.applyPattern("yyyy"): null

2018-12-12 19:52:19 - [TEST_STEP][PASSED] - Statement - CurrentYear = CurrentDateNoFilter.format(TodayDate): null

2018-12-12 19:52:19 - [TEST_STEP][PASSED] - Statement - CurrentYear = CurrentYear: null

2018-12-12 19:52:19 - [TEST_STEP][PASSED] - Statement - intCurrentYear = java.lang.Integer.parseInt(CurrentDateNoFilter.format(TodayDate)): null

2018-12-12 19:52:19 - [TEST_STEP][PASSED] - Statement - eighteenYrsAgo = intCurrentYear - 18: null

2018-12-12 19:52:19 - [TEST_STEP][PASSED] - Statement - eighteenYrsBeforeThisYr = eighteenYrsAgo.toString(): null

2018-12-12 19:52:19 - [TEST_STEP][PASSED] - Statement - EighteenYrsBefore = eighteenYrsBeforeThisYr: null

2018-12-12 19:52:19 - [TEST_STEP][PASSED] - Statement - fiftysevenYrsAgo = intCurrentYear - 57: null

2018-12-12 19:52:19 - [TEST_STEP][PASSED] - Statement - fiftysevenYrsBeforeThisYr = fiftysevenYrsAgo.toString(): null

2018-12-12 19:52:19 - [TEST_STEP][PASSED] - Statement - FiftysevenYrsBefore = fiftysevenYrsBeforeThisYr: null

2018-12-12 19:52:19 - [TEST_STEP][PASSED] - Statement - leapYear = false: null

2018-12-12 19:52:19 - [TEST_STEP][PASSED] - Statement - leapYear = intCurrentYear % 4 == 0: null

2018-12-12 19:52:19 - [TEST_STEP][PASSED] - Statement - CurrentDateNoFilter.applyPattern("dd"): null

2018-12-12 19:52:19 - [TEST_STEP][PASSED] - Statement - CurrentDate = CurrentDateNoFilter.format(TodayDate): null

2018-12-12 19:52:19 - [TEST_STEP][PASSED] - Statement - CurrentDate = java.lang.Integer.parseInt(CurrentDate): null

2018-12-12 19:52:19 - [TEST_STEP][PASSED] - Statement - CurrentDate = CurrentDate: null

2018-12-12 19:52:19 - [TEST_STEP][PASSED] - Statement - CurrentDay = java.lang.Integer.parseInt(CurrentDate): null

2018-12-12 19:52:19 - [TEST_STEP][PASSED] - Statement - ConfAdder = <not implemented yet for class: org.codehaus.groovy.ast.expr.EmptyExpression>: null

2018-12-12 19:52:19 - [TEST_STEP][PASSED] - Statement - out.println(CurrentMonth): null

2018-12-12 19:52:19 - [TEST_STEP][PASSED] - Statement - out.println(CurrentDate): null

2018-12-12 19:52:19 - [TEST_STEP][PASSED] - Statement - switch (CurrentDate): null

2018-12-12 19:52:19 - [TEST_STEP][PASSED] - Statement - Default: null

2018-12-12 19:52:19 - [TEST_STEP][PASSED] - Statement - ConfAdder = true: null

2018-12-12 19:52:19 - [TEST_STEP][PASSED] - Statement - Break: null

2018-12-12 19:52:19 - [TEST_STEP][PASSED] - Statement - aDayBefore = <not implemented yet for class: org.codehaus.groovy.ast.expr.EmptyExpression>: null

2018-12-12 19:52:19 - [TEST_STEP][PASSED] - Statement - out.println(ConfAdder): null

2018-12-12 19:52:19 - [TEST_STEP][PASSED] - Statement - If (ConfAdder == true): null

2018-12-12 19:52:19 - [TEST_STEP][PASSED] - Statement - aDayBefore = CurrentDay + 1: null

2018-12-12 19:52:19 - [TEST_STEP][PASSED] - Statement - out.println(aDayBefore): null

2018-12-12 19:52:19 - [TEST_STEP][PASSED] - Statement - If (aDayBefore == 1 && CurrentMonth == 11): null

2018-12-12 19:52:19 - [TEST_STEP][PASSED] - Statement - DayBefore = aDayBefore.toString(): null

2018-12-12 19:52:19 - [TEST_STEP][PASSED] - Statement - OneDayBefore = DayBefore: null

2018-12-12 19:52:19 - [MESSAGE][PASSED] - Call Test Case 'Test Cases/Final Aug 2018 - PKS Automation/Registration Module/New Registration/Form 2/Date Updater' successfully

2018-12-12 19:52:19 - [TEST_STEP][PASSED] - delay: Delayed 1 second(s)

2018-12-12 19:52:20 - [MESSAGE][PASSED] - Delayed 1 second(s)

2018-12-12 19:52:20 - [TEST_STEP][PASSED] - Statement - CaseReferenceNo = com.kms.katalon.core.webui.keyword.WebUiBuiltInKeywords.getText(com.kms.katalon.core.testobject.ObjectRepository.findTestObject(Final Object Repo/New Registration - Registration Module Pages/Form 2/RefNo Acquiring)): Text of object 'Object Repository/Final Object Repo/New Registration - Registration Module Pages/Form 2/RefNo Acquiring' is: 'CRN12201800123233'

2018-12-12 19:52:20 - [MESSAGE][PASSED] - Text of object 'Object Repository/Final Object Repo/New Registration - Registration Module Pages/Form 2/RefNo Acquiring' is: 'CRN12201800123233'

2018-12-12 19:52:20 - [TEST_STEP][PASSED] - delay: Delayed 1 second(s)

2018-12-12 19:52:21 - [MESSAGE][PASSED] - Delayed 1 second(s)

2018-12-12 19:52:21 - [TEST_STEP][PASSED] - click: Object: 'Object Repository/Final Object Repo/New Registration - Registration Module Pages/Form 2/Add Employee Button' is clicked on

2018-12-12 19:52:21 - [MESSAGE][PASSED] - Object: 'Object Repository/Final Object Repo/New Registration - Registration Module Pages/Form 2/Add Employee Button' is clicked on

2018-12-12 19:52:21 - [TEST_STEP][PASSED] - delay: Delayed 1 second(s)

2018-12-12 19:52:22 - [MESSAGE][PASSED] - Delayed 1 second(s)

2018-12-12 19:52:22 - [TEST_STEP][PASSED] - setText: Text '010903091948' is set on object 'Object Repository/Final Object Repo/New Registration - Registration Module Pages/Form 2/NRIC Input'

2018-12-12 19:52:22 - [MESSAGE][PASSED] - Text '010903091948' is set on object 'Object Repository/Final Object Repo/New Registration - Registration Module Pages/Form 2/NRIC Input'

2018-12-12 19:52:22 - [TEST_STEP][PASSED] - delay: Delayed 2 second(s)

2018-12-12 19:52:24 - [MESSAGE][PASSED] - Delayed 2 second(s)

2018-12-12 19:52:24 - [TEST_STEP][PASSED] - setText: Text 'Automate001 eligible 1' is set on object 'Object Repository/Final Object Repo/New Registration - Registration Module Pages/Form 2/Employee Name Input'

2018-12-12 19:52:25 - [MESSAGE][PASSED] - Text 'Automate001 eligible 1' is set on object 'Object Repository/Final Object Repo/New Registration - Registration Module Pages/Form 2/Employee Name Input'

2018-12-12 19:52:25 - [TEST_STEP][PASSED] - delay: Delayed 2 second(s)

2018-12-12 19:52:27 - [MESSAGE][PASSED] - Delayed 2 second(s)

2018-12-12 19:52:27 - [TEST_STEP][PASSED] - click: Object: 'Object Repository/Final Object Repo/New Registration - Registration Module Pages/Form 2/DatePicker Pop Up' is clicked on

2018-12-12 19:52:27 - [MESSAGE][PASSED] - Object: 'Object Repository/Final Object Repo/New Registration - Registration Module Pages/Form 2/DatePicker Pop Up' is clicked on

2018-12-12 19:52:27 - [TEST_STEP][PASSED] - click: Object: 'Object Repository/Final Object Repo/New Registration - Registration Module Pages/Form 2/DOB Month' is clicked on

2018-12-12 19:52:27 - [MESSAGE][PASSED] - Object: 'Object Repository/Final Object Repo/New Registration - Registration Module Pages/Form 2/DOB Month' is clicked on

2018-12-12 19:52:27 - [TEST_STEP][PASSED] - Statement - CurrentMonth = CurrentMonth: null

2018-12-12 19:52:27 - [TEST_STEP][PASSED] - Statement - selectMonth = new com.kms.katalon.core.testobject.TestObject(): null

2018-12-12 19:52:27 - [TEST_STEP][PASSED] - Statement - selectMonth.addProperty("xpath", EQUALS, "//body/div/div/div/select/option[@value='" + CurrentMonth + "']", true): null

2018-12-12 19:52:27 - [TEST_STEP][PASSED] - click: Object: '' is clicked on

2018-12-12 19:52:27 - [MESSAGE][PASSED] - Object: '' is clicked on

2018-12-12 19:52:27 - [TEST_STEP][PASSED] - click: Object: 'Object Repository/Final Object Repo/New Registration - Registration Module Pages/Form 2/DOB Year' is clicked on

2018-12-12 19:52:28 - [MESSAGE][PASSED] - Object: 'Object Repository/Final Object Repo/New Registration - Registration Module Pages/Form 2/DOB Year' is clicked on

2018-12-12 19:52:28 - [TEST_STEP][PASSED] - Statement - Eyearsbf = EighteenYrsBefore: null

2018-12-12 19:52:28 - [TEST_STEP][PASSED] - Statement - selectYear = new com.kms.katalon.core.testobject.TestObject(): null

2018-12-12 19:52:28 - [TEST_STEP][PASSED] - Statement - selectYear.addProperty("xpath", EQUALS, "//div/div/div/select/option[@value='" + Eyearsbf + "']", true): null

2018-12-12 19:52:28 - [TEST_STEP][PASSED] - click: Object: '' is clicked on

2018-12-12 19:52:28 - [MESSAGE][PASSED] - Object: '' is clicked on

2018-12-12 19:52:28 - [TEST_STEP][PASSED] - Statement - UpdatedSelectDate = com.kms.katalon.core.webui.keyword.WebUiBuiltInKeywords.modifyObjectProperty(com.kms.katalon.core.testobject.ObjectRepository.findTestObject(Final Object Repo/New Registration - Registration Module Pages/Form 2/DOB Date), "xpath", "equals", "//body/div/table/tbody/tr/td/a[text()="" + CurrentDate + ""]", true): Modify property of object successfully

2018-12-12 19:52:28 - [MESSAGE][PASSED] - Modify property of object successfully

2018-12-12 19:52:28 - [TEST_STEP][PASSED] - delay: Delayed 3 second(s)

2018-12-12 19:52:31 - [MESSAGE][PASSED] - Delayed 3 second(s)

2018-12-12 19:52:31 - [TEST_STEP][PASSED] - click: Object: 'Object Repository/Final Object Repo/New Registration - Registration Module Pages/Form 2/DOB Date' is clicked on

2018-12-12 19:52:31 - [MESSAGE][PASSED] - Object: 'Object Repository/Final Object Repo/New Registration - Registration Module Pages/Form 2/DOB Date' is clicked on

2018-12-12 19:52:31 - [TEST_STEP][PASSED] - delay: Delayed 2 second(s)

2018-12-12 19:52:33 - [MESSAGE][PASSED] - Delayed 2 second(s)

2018-12-12 19:52:33 - [TEST_STEP][PASSED] - click: Object: 'Object Repository/Final Object Repo/New Registration - Registration Module Pages/Form 2/EmploymentStartDate Pop Up' is clicked on

2018-12-12 19:52:33 - [MESSAGE][PASSED] - Object: 'Object Repository/Final Object Repo/New Registration - Registration Module Pages/Form 2/EmploymentStartDate Pop Up' is clicked on

2018-12-12 19:52:33 - [TEST_STEP][PASSED] - delay: Delayed 2 second(s)

2018-12-12 19:52:35 - [MESSAGE][PASSED] - Delayed 2 second(s)

2018-12-12 19:52:35 - [TEST_STEP][PASSED] - click: Object: 'Object Repository/Final Object Repo/New Registration - Registration Module Pages/Form 2/Socso Employment StartDate Month' is clicked on

2018-12-12 19:52:35 - [MESSAGE][PASSED] - Object: 'Object Repository/Final Object Repo/New Registration - Registration Module Pages/Form 2/Socso Employment StartDate Month' is clicked on

2018-12-12 19:52:35 - [TEST_STEP][PASSED] - delay: Delayed 1 second(s)

2018-12-12 19:52:36 - [MESSAGE][PASSED] - Delayed 1 second(s)

2018-12-12 19:52:36 - [TEST_STEP][PASSED] - click: Object: 'Object Repository/Final Object Repo/New Registration - Registration Module Pages/Form 2/Select Socso Employement Startdate Month' is clicked on

2018-12-12 19:52:36 - [MESSAGE][PASSED] - Object: 'Object Repository/Final Object Repo/New Registration - Registration Module Pages/Form 2/Select Socso Employement Startdate Month' is clicked on

2018-12-12 19:52:36 - [TEST_STEP][PASSED] - delay: Delayed 2 second(s)

2018-12-12 19:52:38 - [MESSAGE][PASSED] - Delayed 2 second(s)

2018-12-12 19:52:38 - [TEST_STEP][PASSED] - click: Object: 'Object Repository/Final Object Repo/New Registration - Registration Module Pages/Form 2/Socso Employment StartDate Year' is clicked on

2018-12-12 19:52:39 - [MESSAGE][PASSED] - Object: 'Object Repository/Final Object Repo/New Registration - Registration Module Pages/Form 2/Socso Employment StartDate Year' is clicked on

2018-12-12 19:52:39 - [TEST_STEP][PASSED] - delay: Delayed 1 second(s)

2018-12-12 19:52:40 - [MESSAGE][PASSED] - Delayed 1 second(s)

2018-12-12 19:52:40 - [TEST_STEP][PASSED] - click: Object: 'Object Repository/Final Object Repo/New Registration - Registration Module Pages/Form 2/Select Socso Employment Startdate Year' is clicked on

2018-12-12 19:52:40 - [MESSAGE][PASSED] - Object: 'Object Repository/Final Object Repo/New Registration - Registration Module Pages/Form 2/Select Socso Employment Startdate Year' is clicked on

2018-12-12 19:52:40 - [TEST_STEP][PASSED] - delay: Delayed 2 second(s)

2018-12-12 19:52:42 - [MESSAGE][PASSED] - Delayed 2 second(s)

2018-12-12 19:52:42 - [TEST_STEP][PASSED] - click: Object: 'Object Repository/Final Object Repo/New Registration - Registration Module Pages/Form 2/Socso Employment Start Date Day' is clicked on

2018-12-12 19:52:42 - [MESSAGE][PASSED] - Object: 'Object Repository/Final Object Repo/New Registration - Registration Module Pages/Form 2/Socso Employment Start Date Day' is clicked on

2018-12-12 19:52:42 - [TEST_STEP][PASSED] - delay: Delayed 2 second(s)

2018-12-12 19:52:44 - [MESSAGE][PASSED] - Delayed 2 second(s)

2018-12-12 19:52:44 - [TEST_STEP][PASSED] - click: Object: 'Object Repository/Final Object Repo/New Registration - Registration Module Pages/Form 2/Save Button for Add Employee' is clicked on

2018-12-12 19:52:44 - [MESSAGE][PASSED] - Object: 'Object Repository/Final Object Repo/New Registration - Registration Module Pages/Form 2/Save Button for Add Employee' is clicked on

2018-12-12 19:52:44 - [TEST_STEP][PASSED] - delay: Delayed 6 second(s)

2018-12-12 19:52:50 - [MESSAGE][PASSED] - Delayed 6 second(s)

2018-12-12 19:52:50 - [TEST_STEP][PASSED] - click: Object: 'Object Repository/Final Object Repo/New Registration - Registration Module Pages/Form 2/Save and Continue Form 2' is clicked on

2018-12-12 19:52:50 - [MESSAGE][PASSED] - Object: 'Object Repository/Final Object Repo/New Registration - Registration Module Pages/Form 2/Save and Continue Form 2' is clicked on

2018-12-12 19:52:50 - [MESSAGE][PASSED] - Call Test Case 'Test Cases/Final Aug 2018 - PKS Automation/Registration Module/New Registration/Form 2/Add 1 Eligible - Employer Account Use' successfully

2018-12-12 19:52:50 - [TEST_STEP][PASSED] - callTestCase: Call Test Case 'Test Cases/Final Aug 2018 - PKS Automation/Registration Module/New Registration/Flow of New Registration/Third Screen - Upload Supporting Doc - Preview' successfully

2018-12-12 19:52:50 - [TEST_CASE][PASSED] - Test Cases/Final Aug 2018 - PKS Automation/Registration Module/New Registration/Flow of New Registration/Third Screen - Upload Supporting Doc - Preview: Test Cases/Final Aug 2018 - PKS Automation/Registration Module/New Registration/Flow of New Registration/Third Screen - Upload Supporting Doc - Preview

2018-12-12 19:52:50 - [TEST_STEP][PASSED] - waitForPageLoad: Wait for page load successfully

2018-12-12 19:52:51 - [MESSAGE][PASSED] - Wait for page load successfully

2018-12-12 19:52:51 - [TEST_STEP][PASSED] - Statement - CaseReferenceNo = com.kms.katalon.core.webui.keyword.WebUiBuiltInKeywords.getText(com.kms.katalon.core.testobject.ObjectRepository.findTestObject(Final Object Repo/New Registration - Registration Module Pages/Third Screen - Upload Supporting Doc- Preview/RefNo Acquiring)): Text of object 'Object Repository/Final Object Repo/New Registration - Registration Module Pages/Third Screen - Upload Supporting Doc- Preview/RefNo Acquiring' is: 'CRN12201800123233'

2018-12-12 19:52:51 - [MESSAGE][PASSED] - Text of object 'Object Repository/Final Object Repo/New Registration - Registration Module Pages/Third Screen - Upload Supporting Doc- Preview/RefNo Acquiring' is: 'CRN12201800123233'

2018-12-12 19:52:51 - [TEST_STEP][PASSED] - delay: Delayed 2 second(s)

2018-12-12 19:52:53 - [MESSAGE][PASSED] - Delayed 2 second(s)

2018-12-12 19:52:53 - [TEST_STEP][PASSED] - callTestCase: Call Test Case 'Test Cases/Final Aug 2018 - PKS Automation/Common/Reference Number Setter' successfully

2018-12-12 19:52:53 - [TEST_CASE][PASSED] - Test Cases/Final Aug 2018 - PKS Automation/Common/Reference Number Setter: Test Cases/Final Aug 2018 - PKS Automation/Common/Reference Number Setter

2018-12-12 19:52:53 - [TEST_STEP][PASSED] - Statement - RefNoOldFile = new java.io.File(C://Users//Admin//Desktop//PKS//Automation Reference Point//KatalonReference.txt): null

2018-12-12 19:52:53 - [TEST_STEP][PASSED] - Statement - RefNoOldFile.delete(): null

2018-12-12 19:52:53 - [TEST_STEP][PASSED] - delay: Delayed 5 second(s)

2018-12-12 19:52:58 - [MESSAGE][PASSED] - Delayed 5 second(s)

2018-12-12 19:52:58 - [TEST_STEP][PASSED] - Statement - RefNo = new java.io.File(C://Users//Admin//Desktop//PKS//Automation Reference Point//KatalonReference.txt): null

2018-12-12 19:52:58 - [TEST_STEP][PASSED] - Statement - f2 = new java.io.FileWriter(RefNo, false): null

2018-12-12 19:52:58 - [TEST_STEP][PASSED] - Statement - f2.write(CaseReferenceNo): null

2018-12-12 19:52:58 - [TEST_STEP][PASSED] - Statement - f2.close(): null

2018-12-12 19:52:58 - [TEST_STEP][PASSED] - Statement - out.println("


" + CaseReferenceNo + "


"): null

2018-12-12 19:52:58 - [MESSAGE][PASSED] - Call Test Case 'Test Cases/Final Aug 2018 - PKS Automation/Common/Reference Number Setter' successfully

2018-12-12 19:52:58 - [TEST_STEP][PASSED] - waitForElementClickable: Object 'Object Repository/Final Object Repo/New Registration - Registration Module Pages/Third Screen - Upload Supporting Doc- Preview/Save n Continue in SIP Employee Listing Page' is clickable

2018-12-12 19:52:58 - [MESSAGE][PASSED] - Object 'Object Repository/Final Object Repo/New Registration - Registration Module Pages/Third Screen - Upload Supporting Doc- Preview/Save n Continue in SIP Employee Listing Page' is clickable

2018-12-12 19:52:58 - [TEST_STEP][PASSED] - click: Object: 'Object Repository/Final Object Repo/New Registration - Registration Module Pages/Third Screen - Upload Supporting Doc- Preview/Save n Continue in SIP Employee Listing Page' is clicked on

2018-12-12 19:53:04 - [MESSAGE][PASSED] - Object: 'Object Repository/Final Object Repo/New Registration - Registration Module Pages/Third Screen - Upload Supporting Doc- Preview/Save n Continue in SIP Employee Listing Page' is clicked on

2018-12-12 19:53:04 - [TEST_STEP][PASSED] - delay: Delayed 7 second(s)

2018-12-12 19:53:11 - [MESSAGE][PASSED] - Delayed 7 second(s)

2018-12-12 19:53:11 - [TEST_STEP][PASSED] - click: Object: 'Object Repository/Final Object Repo/New Registration - Registration Module Pages/Third Screen - Upload Supporting Doc- Preview/Add Document Button' is clicked on

2018-12-12 19:53:11 - [MESSAGE][PASSED] - Object: 'Object Repository/Final Object Repo/New Registration - Registration Module Pages/Third Screen - Upload Supporting Doc- Preview/Add Document Button' is clicked on

2018-12-12 19:53:11 - [TEST_STEP][PASSED] - delay: Delayed 30 second(s)

2018-12-12 19:53:41 - [MESSAGE][PASSED] - Delayed 30 second(s)

2018-12-12 19:53:41 - [TEST_STEP][PASSED] - click: Object: 'Object Repository/Final Object Repo/New Registration - Registration Module Pages/Third Screen - Upload Supporting Doc- Preview/Supporting Doc Please Select Drop Down' is clicked on

2018-12-12 19:53:41 - [MESSAGE][PASSED] - Object: 'Object Repository/Final Object Repo/New Registration - Registration Module Pages/Third Screen - Upload Supporting Doc- Preview/Supporting Doc Please Select Drop Down' is clicked on

2018-12-12 19:53:41 - [TEST_STEP][PASSED] - delay: Delayed 2 second(s)

2018-12-12 19:53:43 - [MESSAGE][PASSED] - Delayed 2 second(s)

2018-12-12 19:53:43 - [TEST_STEP][PASSED] - click: Object: 'Object Repository/Final Object Repo/New Registration - Registration Module Pages/Third Screen - Upload Supporting Doc- Preview/Select to Upload Form 1' is clicked on

2018-12-12 19:53:43 - [MESSAGE][PASSED] - Object: 'Object Repository/Final Object Repo/New Registration - Registration Module Pages/Third Screen - Upload Supporting Doc- Preview/Select to Upload Form 1' is clicked on

2018-12-12 19:53:43 - [TEST_STEP][PASSED] - delay: Delayed 2 second(s)

2018-12-12 19:53:45 - [MESSAGE][PASSED] - Delayed 2 second(s)

2018-12-12 19:53:45 - [TEST_STEP][PASSED] - uploadFile: File 'C:\Users\Public\Pictures\Sample Pictures\Koala.jpg' sent to object: 'Object Repository/Final Object Repo/New Registration - Registration Module Pages/Third Screen - Upload Supporting Doc- Preview/Upload File Adding'

2018-12-12 19:53:45 - [MESSAGE][PASSED] - File 'C:\Users\Public\Pictures\Sample Pictures\Koala.jpg' sent to object: 'Object Repository/Final Object Repo/New Registration - Registration Module Pages/Third Screen - Upload Supporting Doc- Preview/Upload File Adding'

2018-12-12 19:53:45 - [TEST_STEP][PASSED] - delay: Delayed 5 second(s)

2018-12-12 19:53:50 - [MESSAGE][PASSED] - Delayed 5 second(s)

2018-12-12 19:53:50 - [TEST_STEP][PASSED] - click: Object: 'Object Repository/Final Object Repo/New Registration - Registration Module Pages/Third Screen - Upload Supporting Doc- Preview/Inner Form Add Document Button' is clicked on

2018-12-12 19:53:50 - [MESSAGE][PASSED] - Object: 'Object Repository/Final Object Repo/New Registration - Registration Module Pages/Third Screen - Upload Supporting Doc- Preview/Inner Form Add Document Button' is clicked on

2018-12-12 19:53:50 - [TEST_STEP][PASSED] - delay: Delayed 3 second(s)

2018-12-12 19:53:53 - [MESSAGE][PASSED] - Delayed 3 second(s)

2018-12-12 19:53:53 - [TEST_STEP][PASSED] - click: Object: 'Object Repository/Final Object Repo/New Registration - Registration Module Pages/Third Screen - Upload Supporting Doc- Preview/Add Document Button' is clicked on

2018-12-12 19:53:55 - [MESSAGE][PASSED] - Object: 'Object Repository/Final Object Repo/New Registration - Registration Module Pages/Third Screen - Upload Supporting Doc- Preview/Add Document Button' is clicked on

2018-12-12 19:53:55 - [TEST_STEP][PASSED] - delay: Delayed 30 second(s)

2018-12-12 19:54:25 - [MESSAGE][PASSED] - Delayed 30 second(s)

2018-12-12 19:54:25 - [TEST_STEP][PASSED] - click: Object: 'Object Repository/Final Object Repo/New Registration - Registration Module Pages/Third Screen - Upload Supporting Doc- Preview/Supporting Doc Please Select Drop Down' is clicked on

2018-12-12 19:54:25 - [MESSAGE][PASSED] - Object: 'Object Repository/Final Object Repo/New Registration - Registration Module Pages/Third Screen - Upload Supporting Doc- Preview/Supporting Doc Please Select Drop Down' is clicked on

2018-12-12 19:54:25 - [TEST_STEP][PASSED] - delay: Delayed 4 second(s)

2018-12-12 19:54:29 - [MESSAGE][PASSED] - Delayed 4 second(s)

2018-12-12 19:54:29 - [TEST_STEP][PASSED] - click: Object: 'Object Repository/Final Object Repo/New Registration - Registration Module Pages/Third Screen - Upload Supporting Doc- Preview/Select to Upload Form 2' is clicked on

2018-12-12 19:54:29 - [MESSAGE][PASSED] - Object: 'Object Repository/Final Object Repo/New Registration - Registration Module Pages/Third Screen - Upload Supporting Doc- Preview/Select to Upload Form 2' is clicked on

2018-12-12 19:54:29 - [TEST_STEP][PASSED] - delay: Delayed 2 second(s)

2018-12-12 19:54:31 - [MESSAGE][PASSED] - Delayed 2 second(s)

2018-12-12 19:54:31 - [TEST_STEP][PASSED] - uploadFile: File 'C:\Users\Public\Pictures\Sample Pictures\Koala.jpg' sent to object: 'Object Repository/Final Object Repo/New Registration - Registration Module Pages/Third Screen - Upload Supporting Doc- Preview/Upload File Adding'

2018-12-12 19:54:31 - [MESSAGE][PASSED] - File 'C:\Users\Public\Pictures\Sample Pictures\Koala.jpg' sent to object: 'Object Repository/Final Object Repo/New Registration - Registration Module Pages/Third Screen - Upload Supporting Doc- Preview/Upload File Adding'

2018-12-12 19:54:31 - [TEST_STEP][PASSED] - click: Object: 'Object Repository/Final Object Repo/New Registration - Registration Module Pages/Third Screen - Upload Supporting Doc- Preview/Inner Form Add Document Button' is clicked on

2018-12-12 19:54:32 - [MESSAGE][PASSED] - Object: 'Object Repository/Final Object Repo/New Registration - Registration Module Pages/Third Screen - Upload Supporting Doc- Preview/Inner Form Add Document Button' is clicked on

2018-12-12 19:54:32 - [TEST_STEP][PASSED] - delay: Delayed 5 second(s)

2018-12-12 19:54:37 - [MESSAGE][PASSED] - Delayed 5 second(s)

2018-12-12 19:54:37 - [TEST_STEP][PASSED] - click: Object: 'Object Repository/Final Object Repo/New Registration - Registration Module Pages/Third Screen - Upload Supporting Doc- Preview/Add Document Button' is clicked on

2018-12-12 19:54:37 - [MESSAGE][PASSED] - Object: 'Object Repository/Final Object Repo/New Registration - Registration Module Pages/Third Screen - Upload Supporting Doc- Preview/Add Document Button' is clicked on

2018-12-12 19:54:37 - [TEST_STEP][PASSED] - delay: Delayed 30 second(s)

2018-12-12 19:55:07 - [MESSAGE][PASSED] - Delayed 30 second(s)

2018-12-12 19:55:07 - [TEST_STEP][PASSED] - click: Object: 'Object Repository/Final Object Repo/New Registration - Registration Module Pages/Third Screen - Upload Supporting Doc- Preview/Supporting Doc Please Select Drop Down' is clicked on

2018-12-12 19:55:07 - [MESSAGE][PASSED] - Object: 'Object Repository/Final Object Repo/New Registration - Registration Module Pages/Third Screen - Upload Supporting Doc- Preview/Supporting Doc Please Select Drop Down' is clicked on

2018-12-12 19:55:07 - [TEST_STEP][PASSED] - click: Object: 'Object Repository/Final Object Repo/New Registration - Registration Module Pages/Third Screen - Upload Supporting Doc- Preview/Select to Upload Borang SIP 1' is clicked on

2018-12-12 19:55:07 - [MESSAGE][PASSED] - Object: 'Object Repository/Final Object Repo/New Registration - Registration Module Pages/Third Screen - Upload Supporting Doc- Preview/Select to Upload Borang SIP 1' is clicked on

2018-12-12 19:55:07 - [TEST_STEP][PASSED] - delay: Delayed 2 second(s)

2018-12-12 19:55:09 - [MESSAGE][PASSED] - Delayed 2 second(s)

2018-12-12 19:55:09 - [TEST_STEP][PASSED] - uploadFile: File 'C:\Users\Public\Pictures\Sample Pictures\Koala.jpg' sent to object: 'Object Repository/Final Object Repo/New Registration - Registration Module Pages/Third Screen - Upload Supporting Doc- Preview/Upload File Adding'

2018-12-12 19:55:09 - [MESSAGE][PASSED] - File 'C:\Users\Public\Pictures\Sample Pictures\Koala.jpg' sent to object: 'Object Repository/Final Object Repo/New Registration - Registration Module Pages/Third Screen - Upload Supporting Doc- Preview/Upload File Adding'

2018-12-12 19:55:09 - [TEST_STEP][PASSED] - click: Object: 'Object Repository/Final Object Repo/New Registration - Registration Module Pages/Third Screen - Upload Supporting Doc- Preview/Inner Form Add Document Button' is clicked on

2018-12-12 19:55:09 - [MESSAGE][PASSED] - Object: 'Object Repository/Final Object Repo/New Registration - Registration Module Pages/Third Screen - Upload Supporting Doc- Preview/Inner Form Add Document Button' is clicked on

2018-12-12 19:55:09 - [TEST_STEP][PASSED] - delay: Delayed 5 second(s)

2018-12-12 19:55:14 - [MESSAGE][PASSED] - Delayed 5 second(s)

2018-12-12 19:55:14 - [TEST_STEP][PASSED] - click: Object: 'Object Repository/Final Object Repo/New Registration - Registration Module Pages/Third Screen - Upload Supporting Doc- Preview/Add Document Button' is clicked on

2018-12-12 19:55:15 - [MESSAGE][PASSED] - Object: 'Object Repository/Final Object Repo/New Registration - Registration Module Pages/Third Screen - Upload Supporting Doc- Preview/Add Document Button' is clicked on

2018-12-12 19:55:15 - [TEST_STEP][PASSED] - delay: Delayed 30 second(s)

2018-12-12 19:55:45 - [MESSAGE][PASSED] - Delayed 30 second(s)

2018-12-12 19:55:45 - [TEST_STEP][PASSED] - click: Object: 'Object Repository/Final Object Repo/New Registration - Registration Module Pages/Third Screen - Upload Supporting Doc- Preview/Supporting Doc Please Select Drop Down' is clicked on

2018-12-12 19:55:45 - [MESSAGE][PASSED] - Object: 'Object Repository/Final Object Repo/New Registration - Registration Module Pages/Third Screen - Upload Supporting Doc- Preview/Supporting Doc Please Select Drop Down' is clicked on

2018-12-12 19:55:45 - [TEST_STEP][PASSED] - delay: Delayed 3 second(s)

2018-12-12 19:55:48 - [MESSAGE][PASSED] - Delayed 3 second(s)

2018-12-12 19:55:48 - [TEST_STEP][PASSED] - click: Object: 'Object Repository/Final Object Repo/New Registration - Registration Module Pages/Third Screen - Upload Supporting Doc- Preview/Select to Upload Borang SIP 2' is clicked on

2018-12-12 19:55:48 - [MESSAGE][PASSED] - Object: 'Object Repository/Final Object Repo/New Registration - Registration Module Pages/Third Screen - Upload Supporting Doc- Preview/Select to Upload Borang SIP 2' is clicked on

2018-12-12 19:55:48 - [TEST_STEP][PASSED] - delay: Delayed 2 second(s)

2018-12-12 19:55:50 - [MESSAGE][PASSED] - Delayed 2 second(s)

2018-12-12 19:55:50 - [TEST_STEP][PASSED] - uploadFile: File 'C:\Users\Public\Pictures\Sample Pictures\Koala.jpg' sent to object: 'Object Repository/Final Object Repo/New Registration - Registration Module Pages/Third Screen - Upload Supporting Doc- Preview/Upload File Adding'

2018-12-12 19:55:50 - [MESSAGE][PASSED] - File 'C:\Users\Public\Pictures\Sample Pictures\Koala.jpg' sent to object: 'Object Repository/Final Object Repo/New Registration - Registration Module Pages/Third Screen - Upload Supporting Doc- Preview/Upload File Adding'

2018-12-12 19:55:50 - [TEST_STEP][PASSED] - delay: Delayed 5 second(s)

2018-12-12 19:55:55 - [MESSAGE][PASSED] - Delayed 5 second(s)

2018-12-12 19:55:55 - [TEST_STEP][PASSED] - click: Object: 'Object Repository/Final Object Repo/New Registration - Registration Module Pages/Third Screen - Upload Supporting Doc- Preview/Inner Form Add Document Button' is clicked on

2018-12-12 19:55:55 - [MESSAGE][PASSED] - Object: 'Object Repository/Final Object Repo/New Registration - Registration Module Pages/Third Screen - Upload Supporting Doc- Preview/Inner Form Add Document Button' is clicked on

2018-12-12 19:55:55 - [TEST_STEP][PASSED] - delay: Delayed 3 second(s)

2018-12-12 19:55:58 - [MESSAGE][PASSED] - Delayed 3 second(s)

2018-12-12 19:55:58 - [TEST_STEP][PASSED] - waitForElementClickable: Object 'Object Repository/Final Object Repo/New Registration - Registration Module Pages/Third Screen - Upload Supporting Doc- Preview/Save n Continue in Uploading Supporting Doc Page' is clickable

2018-12-12 19:55:59 - [MESSAGE][PASSED] - Object 'Object Repository/Final Object Repo/New Registration - Registration Module Pages/Third Screen - Upload Supporting Doc- Preview/Save n Continue in Uploading Supporting Doc Page' is clickable

2018-12-12 19:55:59 - [TEST_STEP][PASSED] - click: Object: 'Object Repository/Final Object Repo/New Registration - Registration Module Pages/Third Screen - Upload Supporting Doc- Preview/Save n Continue in Uploading Supporting Doc Page' is clicked on

2018-12-12 19:55:59 - [MESSAGE][PASSED] - Object: 'Object Repository/Final Object Repo/New Registration - Registration Module Pages/Third Screen - Upload Supporting Doc- Preview/Save n Continue in Uploading Supporting Doc Page' is clicked on

2018-12-12 19:55:59 - [MESSAGE][PASSED] - Call Test Case 'Test Cases/Final Aug 2018 - PKS Automation/Registration Module/New Registration/Flow of New Registration/Third Screen - Upload Supporting Doc - Preview' successfully

2018-12-12 19:55:59 - [TEST_STEP][PASSED] - setText: Text 'Tester' is set on object 'Object Repository/Final Object Repo/New Registration - Registration Module Pages/New Reg - OTC to RO/Special Case - All Related Objects/Employer Preview Name'

2018-12-12 19:56:04 - [MESSAGE][PASSED] - Text 'Tester' is set on object 'Object Repository/Final Object Repo/New Registration - Registration Module Pages/New Reg - OTC to RO/Special Case - All Related Objects/Employer Preview Name'

2018-12-12 19:56:04 - [TEST_STEP][PASSED] - click: Object: 'Object Repository/Final Object Repo/New Registration - Registration Module Pages/New Reg - OTC to RO/Special Case - All Related Objects/IC Type Drop Down' is clicked on

2018-12-12 19:56:04 - [MESSAGE][PASSED] - Object: 'Object Repository/Final Object Repo/New Registration - Registration Module Pages/New Reg - OTC to RO/Special Case - All Related Objects/IC Type Drop Down' is clicked on

2018-12-12 19:56:04 - [TEST_STEP][PASSED] - click: Object: 'Object Repository/Final Object Repo/New Registration - Registration Module Pages/New Reg - OTC to RO/Special Case - All Related Objects/Select to NRIC' is clicked on

2018-12-12 19:56:04 - [MESSAGE][PASSED] - Object: 'Object Repository/Final Object Repo/New Registration - Registration Module Pages/New Reg - OTC to RO/Special Case - All Related Objects/Select to NRIC' is clicked on

2018-12-12 19:56:05 - [TEST_STEP][PASSED] - setText: Text '133245561223' is set on object 'Object Repository/Final Object Repo/New Registration - Registration Module Pages/New Reg - OTC to RO/Special Case - All Related Objects/IC Value'

2018-12-12 19:56:05 - [MESSAGE][PASSED] - Text '133245561223' is set on object 'Object Repository/Final Object Repo/New Registration - Registration Module Pages/New Reg - OTC to RO/Special Case - All Related Objects/IC Value'

2018-12-12 19:56:05 - [TEST_STEP][PASSED] - setText: Text 'Auto' is set on object 'Object Repository/Final Object Repo/New Registration - Registration Module Pages/New Reg - OTC to RO/Special Case - All Related Objects/Designation'

2018-12-12 19:56:05 - [MESSAGE][PASSED] - Text 'Auto' is set on object 'Object Repository/Final Object Repo/New Registration - Registration Module Pages/New Reg - OTC to RO/Special Case - All Related Objects/Designation'

2018-12-12 19:56:05 - [TEST_STEP][PASSED] - callTestCase: Call Test Case 'Test Cases/Final Aug 2018 - PKS Automation/Registration Module/New Registration/Submit and Screenshot/Submit Registration and Screenshot' successfully

2018-12-12 19:56:05 - [TEST_CASE][PASSED] - Test Cases/Final Aug 2018 - PKS Automation/Registration Module/New Registration/Submit and Screenshot/Submit Registration and Screenshot: Test Cases/Final Aug 2018 - PKS Automation/Registration Module/New Registration/Submit and Screenshot/Submit Registration and Screenshot

2018-12-12 19:56:05 - [TEST_STEP][PASSED] - delay: Delayed 6 second(s)

2018-12-12 19:56:11 - [MESSAGE][PASSED] - Delayed 6 second(s)

2018-12-12 19:56:11 - [TEST_STEP][PASSED] - click: Object: 'Object Repository/Final Object Repo/New Registration - Registration Module Pages/Third Screen - Upload Supporting Doc- Preview/Preview Submit Button' is clicked on

2018-12-12 19:56:11 - [MESSAGE][PASSED] - Object: 'Object Repository/Final Object Repo/New Registration - Registration Module Pages/Third Screen - Upload Supporting Doc- Preview/Preview Submit Button' is clicked on

2018-12-12 19:56:11 - [TEST_STEP][PASSED] - delay: Delayed 2 second(s)

2018-12-12 19:56:13 - [MESSAGE][PASSED] - Delayed 2 second(s)

2018-12-12 19:56:13 - [TEST_STEP][PASSED] - click: Object: 'Object Repository/Final Object Repo/New Registration - Registration Module Pages/Third Screen - Upload Supporting Doc- Preview/Preview Submit - Confirm' is clicked on

2018-12-12 19:56:13 - [MESSAGE][PASSED] - Object: 'Object Repository/Final Object Repo/New Registration - Registration Module Pages/Third Screen - Upload Supporting Doc- Preview/Preview Submit - Confirm' is clicked on

2018-12-12 19:56:13 - [TEST_STEP][PASSED] - delay: Delayed 15 second(s)

2018-12-12 19:56:28 - [MESSAGE][PASSED] - Delayed 15 second(s)

2018-12-12 19:56:28 - [TEST_STEP][PASSED] - Statement - driver = com.kms.katalon.core.webui.driver.DriverFactory.getWebDriver(): null

2018-12-12 19:56:28 - [TEST_STEP][PASSED] - Statement - driver.manage().timeouts().implicitlyWait(10, SECONDS): null

2018-12-12 19:56:28 - [TEST_STEP][PASSED] - Statement - PresavePath = KatalonScreenshots: null

2018-12-12 19:56:28 - [TEST_STEP][PASSED] - Statement - pathPrefix = "C:\Users\Public\Pictures\Sample Pictures\Katalon Screenshots\Automate Ending Screen": null

2018-12-12 19:56:28 - [TEST_STEP][PASSED] - Statement - finalPath = <not implemented yet for class: org.codehaus.groovy.ast.expr.EmptyExpression>: null

2018-12-12 19:56:28 - [TEST_STEP][PASSED] - Statement - scrFile = driver.getScreenshotAs(FILE): null

2018-12-12 19:56:29 - [TEST_STEP][PASSED] - Statement - PreSaveFile = new java.io.File(PresavePath): null

2018-12-12 19:56:29 - [TEST_STEP][PASSED] - Statement - counter = 0: null

2018-12-12 19:56:29 - [TEST_STEP][PASSED] - Statement - If (PreSaveFile.exists()): null

2018-12-12 19:56:29 - [TEST_STEP][PASSED] - Statement - While (PreSaveFile.exists()): null

2018-12-12 19:56:29 - [TEST_STEP][PASSED] - Statement - counter = counter + 1: null

2018-12-12 19:56:29 - [TEST_STEP][PASSED] - Statement - PreSaveFile = new java.io.File(((pathPrefix + java.lang.Integer.toString(counter)) + .png)): null

2018-12-12 19:56:29 - [TEST_STEP][PASSED] - Statement - counter = counter + 1: null

2018-12-12 19:56:29 - [TEST_STEP][PASSED] - Statement - PreSaveFile = new java.io.File(((pathPrefix + java.lang.Integer.toString(counter)) + .png)): null

2018-12-12 19:56:29 - [TEST_STEP][PASSED] - Statement - counter = counter + 1: null

2018-12-12 19:56:29 - [TEST_STEP][PASSED] - Statement - PreSaveFile = new java.io.File(((pathPrefix + java.lang.Integer.toString(counter)) + .png)): null

2018-12-12 19:56:29 - [TEST_STEP][PASSED] - Statement - counter = counter + 1: null

2018-12-12 19:56:29 - [TEST_STEP][PASSED] - Statement - PreSaveFile = new java.io.File(((pathPrefix + java.lang.Integer.toString(counter)) + .png)): null

2018-12-12 19:56:29 - [TEST_STEP][PASSED] - Statement - counter = counter + 1: null

2018-12-12 19:56:29 - [TEST_STEP][PASSED] - Statement - PreSaveFile = new java.io.File(((pathPrefix + java.lang.Integer.toString(counter)) + .png)): null

2018-12-12 19:56:29 - [TEST_STEP][PASSED] - Statement - counter = counter + 1: null

2018-12-12 19:56:29 - [TEST_STEP][PASSED] - Statement - PreSaveFile = new java.io.File(((pathPrefix + java.lang.Integer.toString(counter)) + .png)): null

2018-12-12 19:56:29 - [TEST_STEP][PASSED] - Statement - counter = counter + 1: null

2018-12-12 19:56:29 - [TEST_STEP][PASSED] - Statement - PreSaveFile = new java.io.File(((pathPrefix + java.lang.Integer.toString(counter)) + .png)): null

2018-12-12 19:56:29 - [TEST_STEP][PASSED] - Statement - counter = counter + 1: null

2018-12-12 19:56:29 - [TEST_STEP][PASSED] - Statement - PreSaveFile = new java.io.File(((pathPrefix + java.lang.Integer.toString(counter)) + .png)): null

2018-12-12 19:56:29 - [TEST_STEP][PASSED] - Statement - counter = counter + 1: null

2018-12-12 19:56:29 - [TEST_STEP][PASSED] - Statement - PreSaveFile = new java.io.File(((pathPrefix + java.lang.Integer.toString(counter)) + .png)): null

2018-12-12 19:56:29 - [TEST_STEP][PASSED] - Statement - counter = counter + 1: null

2018-12-12 19:56:29 - [TEST_STEP][PASSED] - Statement - PreSaveFile = new java.io.File(((pathPrefix + java.lang.Integer.toString(counter)) + .png)): null

2018-12-12 19:56:29 - [TEST_STEP][PASSED] - Statement - counter = counter + 1: null

2018-12-12 19:56:29 - [TEST_STEP][PASSED] - Statement - PreSaveFile = new java.io.File(((pathPrefix + java.lang.Integer.toString(counter)) + .png)): null

2018-12-12 19:56:29 - [TEST_STEP][PASSED] - Statement - counter = counter + 1: null

2018-12-12 19:56:29 - [TEST_STEP][PASSED] - Statement - PreSaveFile = new java.io.File(((pathPrefix + java.lang.Integer.toString(counter)) + .png)): null

2018-12-12 19:56:29 - [TEST_STEP][PASSED] - Statement - counter = counter + 1: null

2018-12-12 19:56:29 - [TEST_STEP][PASSED] - Statement - PreSaveFile = new java.io.File(((pathPrefix + java.lang.Integer.toString(counter)) + .png)): null

2018-12-12 19:56:29 - [TEST_STEP][PASSED] - Statement - counter = counter + 1: null

2018-12-12 19:56:29 - [TEST_STEP][PASSED] - Statement - PreSaveFile = new java.io.File(((pathPrefix + java.lang.Integer.toString(counter)) + .png)): null

2018-12-12 19:56:29 - [TEST_STEP][PASSED] - Statement - counter = counter + 1: null

2018-12-12 19:56:29 - [TEST_STEP][PASSED] - Statement - PreSaveFile = new java.io.File(((pathPrefix + java.lang.Integer.toString(counter)) + .png)): null

2018-12-12 19:56:29 - [TEST_STEP][PASSED] - Statement - counter = counter + 1: null

2018-12-12 19:56:29 - [TEST_STEP][PASSED] - Statement - PreSaveFile = new java.io.File(((pathPrefix + java.lang.Integer.toString(counter)) + .png)): null

2018-12-12 19:56:29 - [TEST_STEP][PASSED] - Statement - counter = counter + 1: null

2018-12-12 19:56:29 - [TEST_STEP][PASSED] - Statement - PreSaveFile = new java.io.File(((pathPrefix + java.lang.Integer.toString(counter)) + .png)): null

2018-12-12 19:56:29 - [TEST_STEP][PASSED] - Statement - counter = counter + 1: null

2018-12-12 19:56:29 - [TEST_STEP][PASSED] - Statement - PreSaveFile = new java.io.File(((pathPrefix + java.lang.Integer.toString(counter)) + .png)): null

2018-12-12 19:56:29 - [TEST_STEP][PASSED] - Statement - counter = counter + 1: null

2018-12-12 19:56:29 - [TEST_STEP][PASSED] - Statement - PreSaveFile = new java.io.File(((pathPrefix + java.lang.Integer.toString(counter)) + .png)): null

2018-12-12 19:56:29 - [TEST_STEP][PASSED] - Statement - counter = counter + 1: null

2018-12-12 19:56:29 - [TEST_STEP][PASSED] - Statement - PreSaveFile = new java.io.File(((pathPrefix + java.lang.Integer.toString(counter)) + .png)): null

2018-12-12 19:56:29 - [TEST_STEP][PASSED] - Statement - counter = counter + 1: null

2018-12-12 19:56:29 - [TEST_STEP][PASSED] - Statement - PreSaveFile = new java.io.File(((pathPrefix + java.lang.Integer.toString(counter)) + .png)): null

2018-12-12 19:56:29 - [TEST_STEP][PASSED] - Statement - counter = counter + 1: null

2018-12-12 19:56:29 - [TEST_STEP][PASSED] - Statement - PreSaveFile = new java.io.File(((pathPrefix + java.lang.Integer.toString(counter)) + .png)): null

2018-12-12 19:56:29 - [TEST_STEP][PASSED] - Statement - counter = counter + 1: null

2018-12-12 19:56:29 - [TEST_STEP][PASSED] - Statement - PreSaveFile = new java.io.File(((pathPrefix + java.lang.Integer.toString(counter)) + .png)): null

2018-12-12 19:56:29 - [TEST_STEP][PASSED] - Statement - counter = counter + 1: null

2018-12-12 19:56:29 - [TEST_STEP][PASSED] - Statement - PreSaveFile = new java.io.File(((pathPrefix + java.lang.Integer.toString(counter)) + .png)): null

2018-12-12 19:56:29 - [TEST_STEP][PASSED] - Statement - counter = counter + 1: null

2018-12-12 19:56:29 - [TEST_STEP][PASSED] - Statement - PreSaveFile = new java.io.File(((pathPrefix + java.lang.Integer.toString(counter)) + .png)): null

2018-12-12 19:56:29 - [TEST_STEP][PASSED] - Statement - counter = counter + 1: null

2018-12-12 19:56:29 - [TEST_STEP][PASSED] - Statement - PreSaveFile = new java.io.File(((pathPrefix + java.lang.Integer.toString(counter)) + .png)): null

2018-12-12 19:56:29 - [TEST_STEP][PASSED] - Statement - counter = counter + 1: null

2018-12-12 19:56:29 - [TEST_STEP][PASSED] - Statement - PreSaveFile = new java.io.File(((pathPrefix + java.lang.Integer.toString(counter)) + .png)): null

2018-12-12 19:56:29 - [TEST_STEP][PASSED] - Statement - counter = counter + 1: null

2018-12-12 19:56:29 - [TEST_STEP][PASSED] - Statement - PreSaveFile = new java.io.File(((pathPrefix + java.lang.Integer.toString(counter)) + .png)): null

2018-12-12 19:56:29 - [TEST_STEP][PASSED] - Statement - counter = counter + 1: null

2018-12-12 19:56:29 - [TEST_STEP][PASSED] - Statement - PreSaveFile = new java.io.File(((pathPrefix + java.lang.Integer.toString(counter)) + .png)): null

2018-12-12 19:56:29 - [TEST_STEP][PASSED] - Statement - counter = counter + 1: null

2018-12-12 19:56:29 - [TEST_STEP][PASSED] - Statement - PreSaveFile = new java.io.File(((pathPrefix + java.lang.Integer.toString(counter)) + .png)): null

2018-12-12 19:56:29 - [TEST_STEP][PASSED] - Statement - counter = counter + 1: null

2018-12-12 19:56:29 - [TEST_STEP][PASSED] - Statement - PreSaveFile = new java.io.File(((pathPrefix + java.lang.Integer.toString(counter)) + .png)): null

2018-12-12 19:56:29 - [TEST_STEP][PASSED] - Statement - counter = counter + 1: null

2018-12-12 19:56:29 - [TEST_STEP][PASSED] - Statement - PreSaveFile = new java.io.File(((pathPrefix + java.lang.Integer.toString(counter)) + .png)): null

2018-12-12 19:56:29 - [TEST_STEP][PASSED] - Statement - counter = counter + 1: null

2018-12-12 19:56:29 - [TEST_STEP][PASSED] - Statement - PreSaveFile = new java.io.File(((pathPrefix + java.lang.Integer.toString(counter)) + .png)): null

2018-12-12 19:56:29 - [TEST_STEP][PASSED] - Statement - counter = counter + 1: null

2018-12-12 19:56:29 - [TEST_STEP][PASSED] - Statement - PreSaveFile = new java.io.File(((pathPrefix + java.lang.Integer.toString(counter)) + .png)): null

2018-12-12 19:56:29 - [TEST_STEP][PASSED] - Statement - counter = counter + 1: null

2018-12-12 19:56:29 - [TEST_STEP][PASSED] - Statement - PreSaveFile = new java.io.File(((pathPrefix + java.lang.Integer.toString(counter)) + .png)): null

2018-12-12 19:56:29 - [TEST_STEP][PASSED] - Statement - counter = counter + 1: null

2018-12-12 19:56:29 - [TEST_STEP][PASSED] - Statement - PreSaveFile = new java.io.File(((pathPrefix + java.lang.Integer.toString(counter)) + .png)): null

2018-12-12 19:56:29 - [TEST_STEP][PASSED] - Statement - counter = counter + 1: null

2018-12-12 19:56:29 - [TEST_STEP][PASSED] - Statement - PreSaveFile = new java.io.File(((pathPrefix + java.lang.Integer.toString(counter)) + .png)): null

2018-12-12 19:56:29 - [TEST_STEP][PASSED] - Statement - counter = counter + 1: null

2018-12-12 19:56:29 - [TEST_STEP][PASSED] - Statement - PreSaveFile = new java.io.File(((pathPrefix + java.lang.Integer.toString(counter)) + .png)): null

2018-12-12 19:56:29 - [TEST_STEP][PASSED] - Statement - counter = counter + 1: null

2018-12-12 19:56:29 - [TEST_STEP][PASSED] - Statement - PreSaveFile = new java.io.File(((pathPrefix + java.lang.Integer.toString(counter)) + .png)): null

2018-12-12 19:56:29 - [TEST_STEP][PASSED] - Statement - counter = counter + 1: null

2018-12-12 19:56:29 - [TEST_STEP][PASSED] - Statement - PreSaveFile = new java.io.File(((pathPrefix + java.lang.Integer.toString(counter)) + .png)): null

2018-12-12 19:56:29 - [TEST_STEP][PASSED] - Statement - counter = counter + 1: null

2018-12-12 19:56:29 - [TEST_STEP][PASSED] - Statement - PreSaveFile = new java.io.File(((pathPrefix + java.lang.Integer.toString(counter)) + .png)): null

2018-12-12 19:56:29 - [TEST_STEP][PASSED] - Statement - counter = counter + 1: null

2018-12-12 19:56:29 - [TEST_STEP][PASSED] - Statement - PreSaveFile = new java.io.File(((pathPrefix + java.lang.Integer.toString(counter)) + .png)): null

2018-12-12 19:56:29 - [TEST_STEP][PASSED] - Statement - counter = counter + 1: null

2018-12-12 19:56:29 - [TEST_STEP][PASSED] - Statement - PreSaveFile = new java.io.File(((pathPrefix + java.lang.Integer.toString(counter)) + .png)): null

2018-12-12 19:56:29 - [TEST_STEP][PASSED] - Statement - counter = counter + 1: null

2018-12-12 19:56:29 - [TEST_STEP][PASSED] - Statement - PreSaveFile = new java.io.File(((pathPrefix + java.lang.Integer.toString(counter)) + .png)): null

2018-12-12 19:56:29 - [TEST_STEP][PASSED] - Statement - counter = counter + 1: null

2018-12-12 19:56:29 - [TEST_STEP][PASSED] - Statement - PreSaveFile = new java.io.File(((pathPrefix + java.lang.Integer.toString(counter)) + .png)): null

2018-12-12 19:56:29 - [TEST_STEP][PASSED] - Statement - counter = counter + 1: null

2018-12-12 19:56:29 - [TEST_STEP][PASSED] - Statement - PreSaveFile = new java.io.File(((pathPrefix + java.lang.Integer.toString(counter)) + .png)): null

2018-12-12 19:56:29 - [TEST_STEP][PASSED] - Statement - counter = counter + 1: null

2018-12-12 19:56:29 - [TEST_STEP][PASSED] - Statement - PreSaveFile = new java.io.File(((pathPrefix + java.lang.Integer.toString(counter)) + .png)): null

2018-12-12 19:56:29 - [TEST_STEP][PASSED] - Statement - counter = counter + 1: null

2018-12-12 19:56:29 - [TEST_STEP][PASSED] - Statement - PreSaveFile = new java.io.File(((pathPrefix + java.lang.Integer.toString(counter)) + .png)): null

2018-12-12 19:56:29 - [TEST_STEP][PASSED] - Statement - counter = counter + 1: null

2018-12-12 19:56:29 - [TEST_STEP][PASSED] - Statement - PreSaveFile = new java.io.File(((pathPrefix + java.lang.Integer.toString(counter)) + .png)): null

2018-12-12 19:56:29 - [TEST_STEP][PASSED] - Statement - counter = counter + 1: null

2018-12-12 19:56:29 - [TEST_STEP][PASSED] - Statement - PreSaveFile = new java.io.File(((pathPrefix + java.lang.Integer.toString(counter)) + .png)): null

2018-12-12 19:56:29 - [TEST_STEP][PASSED] - Statement - counter = counter + 1: null

2018-12-12 19:56:29 - [TEST_STEP][PASSED] - Statement - PreSaveFile = new java.io.File(((pathPrefix + java.lang.Integer.toString(counter)) + .png)): null

2018-12-12 19:56:29 - [TEST_STEP][PASSED] - Statement - counter = counter + 1: null

2018-12-12 19:56:29 - [TEST_STEP][PASSED] - Statement - PreSaveFile = new java.io.File(((pathPrefix + java.lang.Integer.toString(counter)) + .png)): null

2018-12-12 19:56:29 - [TEST_STEP][PASSED] - Statement - counter = counter + 1: null

2018-12-12 19:56:29 - [TEST_STEP][PASSED] - Statement - PreSaveFile = new java.io.File(((pathPrefix + java.lang.Integer.toString(counter)) + .png)): null

2018-12-12 19:56:29 - [TEST_STEP][PASSED] - Statement - counter = counter + 1: null

2018-12-12 19:56:29 - [TEST_STEP][PASSED] - Statement - PreSaveFile = new java.io.File(((pathPrefix + java.lang.Integer.toString(counter)) + .png)): null

2018-12-12 19:56:29 - [TEST_STEP][PASSED] - Statement - counter = counter + 1: null

2018-12-12 19:56:29 - [TEST_STEP][PASSED] - Statement - PreSaveFile = new java.io.File(((pathPrefix + java.lang.Integer.toString(counter)) + .png)): null

2018-12-12 19:56:29 - [TEST_STEP][PASSED] - Statement - counter = counter + 1: null

2018-12-12 19:56:29 - [TEST_STEP][PASSED] - Statement - PreSaveFile = new java.io.File(((pathPrefix + java.lang.Integer.toString(counter)) + .png)): null

2018-12-12 19:56:29 - [TEST_STEP][PASSED] - Statement - counter = counter + 1: null

2018-12-12 19:56:29 - [TEST_STEP][PASSED] - Statement - PreSaveFile = new java.io.File(((pathPrefix + java.lang.Integer.toString(counter)) + .png)): null

2018-12-12 19:56:29 - [TEST_STEP][PASSED] - Statement - counter = counter + 1: null

2018-12-12 19:56:29 - [TEST_STEP][PASSED] - Statement - PreSaveFile = new java.io.File(((pathPrefix + java.lang.Integer.toString(counter)) + .png)): null

2018-12-12 19:56:29 - [TEST_STEP][PASSED] - Statement - counter = counter + 1: null

2018-12-12 19:56:29 - [TEST_STEP][PASSED] - Statement - PreSaveFile = new java.io.File(((pathPrefix + java.lang.Integer.toString(counter)) + .png)): null

2018-12-12 19:56:29 - [TEST_STEP][PASSED] - Statement - counter = counter + 1: null

2018-12-12 19:56:29 - [TEST_STEP][PASSED] - Statement - PreSaveFile = new java.io.File(((pathPrefix + java.lang.Integer.toString(counter)) + .png)): null

2018-12-12 19:56:29 - [TEST_STEP][PASSED] - Statement - counter = counter + 1: null

2018-12-12 19:56:29 - [TEST_STEP][PASSED] - Statement - PreSaveFile = new java.io.File(((pathPrefix + java.lang.Integer.toString(counter)) + .png)): null

2018-12-12 19:56:29 - [TEST_STEP][PASSED] - Statement - counter = counter + 1: null

2018-12-12 19:56:29 - [TEST_STEP][PASSED] - Statement - PreSaveFile = new java.io.File(((pathPrefix + java.lang.Integer.toString(counter)) + .png)): null

2018-12-12 19:56:29 - [TEST_STEP][PASSED] - Statement - counter = counter + 1: null

2018-12-12 19:56:29 - [TEST_STEP][PASSED] - Statement - PreSaveFile = new java.io.File(((pathPrefix + java.lang.Integer.toString(counter)) + .png)): null

2018-12-12 19:56:29 - [TEST_STEP][PASSED] - Statement - counter = counter + 1: null

2018-12-12 19:56:29 - [TEST_STEP][PASSED] - Statement - PreSaveFile = new java.io.File(((pathPrefix + java.lang.Integer.toString(counter)) + .png)): null

2018-12-12 19:56:29 - [TEST_STEP][PASSED] - Statement - counter = counter + 1: null

2018-12-12 19:56:29 - [TEST_STEP][PASSED] - Statement - PreSaveFile = new java.io.File(((pathPrefix + java.lang.Integer.toString(counter)) + .png)): null

2018-12-12 19:56:29 - [TEST_STEP][PASSED] - Statement - counter = counter + 1: null

2018-12-12 19:56:29 - [TEST_STEP][PASSED] - Statement - PreSaveFile = new java.io.File(((pathPrefix + java.lang.Integer.toString(counter)) + .png)): null

2018-12-12 19:56:29 - [TEST_STEP][PASSED] - Statement - counter = counter + 1: null

2018-12-12 19:56:29 - [TEST_STEP][PASSED] - Statement - PreSaveFile = new java.io.File(((pathPrefix + java.lang.Integer.toString(counter)) + .png)): null

2018-12-12 19:56:29 - [TEST_STEP][PASSED] - Statement - counter = counter + 1: null

2018-12-12 19:56:29 - [TEST_STEP][PASSED] - Statement - PreSaveFile = new java.io.File(((pathPrefix + java.lang.Integer.toString(counter)) + .png)): null

2018-12-12 19:56:29 - [TEST_STEP][PASSED] - Statement - counter = counter + 1: null

2018-12-12 19:56:29 - [TEST_STEP][PASSED] - Statement - PreSaveFile = new java.io.File(((pathPrefix + java.lang.Integer.toString(counter)) + .png)): null

2018-12-12 19:56:29 - [TEST_STEP][PASSED] - Statement - counter = counter + 1: null

2018-12-12 19:56:29 - [TEST_STEP][PASSED] - Statement - PreSaveFile = new java.io.File(((pathPrefix + java.lang.Integer.toString(counter)) + .png)): null

2018-12-12 19:56:29 - [TEST_STEP][PASSED] - Statement - counter = counter + 1: null

2018-12-12 19:56:29 - [TEST_STEP][PASSED] - Statement - PreSaveFile = new java.io.File(((pathPrefix + java.lang.Integer.toString(counter)) + .png)): null

2018-12-12 19:56:29 - [TEST_STEP][PASSED] - Statement - counter = counter + 1: null

2018-12-12 19:56:29 - [TEST_STEP][PASSED] - Statement - PreSaveFile = new java.io.File(((pathPrefix + java.lang.Integer.toString(counter)) + .png)): null

2018-12-12 19:56:29 - [TEST_STEP][PASSED] - Statement - counter = counter + 1: null

2018-12-12 19:56:29 - [TEST_STEP][PASSED] - Statement - PreSaveFile = new java.io.File(((pathPrefix + java.lang.Integer.toString(counter)) + .png)): null

2018-12-12 19:56:29 - [TEST_STEP][PASSED] - Statement - counter = counter + 1: null

2018-12-12 19:56:29 - [TEST_STEP][PASSED] - Statement - PreSaveFile = new java.io.File(((pathPrefix + java.lang.Integer.toString(counter)) + .png)): null

2018-12-12 19:56:29 - [TEST_STEP][PASSED] - Statement - counter = counter + 1: null

2018-12-12 19:56:29 - [TEST_STEP][PASSED] - Statement - PreSaveFile = new java.io.File(((pathPrefix + java.lang.Integer.toString(counter)) + .png)): null

2018-12-12 19:56:29 - [TEST_STEP][PASSED] - Statement - counter = counter + 1: null

2018-12-12 19:56:29 - [TEST_STEP][PASSED] - Statement - PreSaveFile = new java.io.File(((pathPrefix + java.lang.Integer.toString(counter)) + .png)): null

2018-12-12 19:56:29 - [TEST_STEP][PASSED] - Statement - counter = counter + 1: null

2018-12-12 19:56:29 - [TEST_STEP][PASSED] - Statement - PreSaveFile = new java.io.File(((pathPrefix + java.lang.Integer.toString(counter)) + .png)): null

2018-12-12 19:56:29 - [TEST_STEP][PASSED] - Statement - counter = counter + 1: null

2018-12-12 19:56:29 - [TEST_STEP][PASSED] - Statement - PreSaveFile = new java.io.File(((pathPrefix + java.lang.Integer.toString(counter)) + .png)): null

2018-12-12 19:56:29 - [TEST_STEP][PASSED] - Statement - counter = counter + 1: null

2018-12-12 19:56:29 - [TEST_STEP][PASSED] - Statement - PreSaveFile = new java.io.File(((pathPrefix + java.lang.Integer.toString(counter)) + .png)): null

2018-12-12 19:56:29 - [TEST_STEP][PASSED] - Statement - counter = counter + 1: null

2018-12-12 19:56:29 - [TEST_STEP][PASSED] - Statement - PreSaveFile = new java.io.File(((pathPrefix + java.lang.Integer.toString(counter)) + .png)): null

2018-12-12 19:56:29 - [TEST_STEP][PASSED] - Statement - counter = counter + 1: null

2018-12-12 19:56:29 - [TEST_STEP][PASSED] - Statement - PreSaveFile = new java.io.File(((pathPrefix + java.lang.Integer.toString(counter)) + .png)): null

2018-12-12 19:56:29 - [TEST_STEP][PASSED] - Statement - counter = counter + 1: null

2018-12-12 19:56:29 - [TEST_STEP][PASSED] - Statement - PreSaveFile = new java.io.File(((pathPrefix + java.lang.Integer.toString(counter)) + .png)): null

2018-12-12 19:56:29 - [TEST_STEP][PASSED] - Statement - counter = counter + 1: null

2018-12-12 19:56:29 - [TEST_STEP][PASSED] - Statement - PreSaveFile = new java.io.File(((pathPrefix + java.lang.Integer.toString(counter)) + .png)): null

2018-12-12 19:56:29 - [TEST_STEP][PASSED] - Statement - counter = counter + 1: null

2018-12-12 19:56:29 - [TEST_STEP][PASSED] - Statement - PreSaveFile = new java.io.File(((pathPrefix + java.lang.Integer.toString(counter)) + .png)): null

2018-12-12 19:56:29 - [TEST_STEP][PASSED] - Statement - counter = counter + 1: null

2018-12-12 19:56:29 - [TEST_STEP][PASSED] - Statement - PreSaveFile = new java.io.File(((pathPrefix + java.lang.Integer.toString(counter)) + .png)): null

2018-12-12 19:56:29 - [TEST_STEP][PASSED] - Statement - counter = counter + 1: null

2018-12-12 19:56:29 - [TEST_STEP][PASSED] - Statement - PreSaveFile = new java.io.File(((pathPrefix + java.lang.Integer.toString(counter)) + .png)): null

2018-12-12 19:56:29 - [TEST_STEP][PASSED] - Statement - counter = counter + 1: null

2018-12-12 19:56:29 - [TEST_STEP][PASSED] - Statement - PreSaveFile = new java.io.File(((pathPrefix + java.lang.Integer.toString(counter)) + .png)): null

2018-12-12 19:56:29 - [TEST_STEP][PASSED] - Statement - counter = counter + 1: null

2018-12-12 19:56:29 - [TEST_STEP][PASSED] - Statement - PreSaveFile = new java.io.File(((pathPrefix + java.lang.Integer.toString(counter)) + .png)): null

2018-12-12 19:56:29 - [TEST_STEP][PASSED] - Statement - counter = counter + 1: null

2018-12-12 19:56:29 - [TEST_STEP][PASSED] - Statement - PreSaveFile = new java.io.File(((pathPrefix + java.lang.Integer.toString(counter)) + .png)): null

2018-12-12 19:56:29 - [TEST_STEP][PASSED] - Statement - counter = counter + 1: null

2018-12-12 19:56:29 - [TEST_STEP][PASSED] - Statement - PreSaveFile = new java.io.File(((pathPrefix + java.lang.Integer.toString(counter)) + .png)): null

2018-12-12 19:56:29 - [TEST_STEP][PASSED] - Statement - counter = counter + 1: null

2018-12-12 19:56:29 - [TEST_STEP][PASSED] - Statement - PreSaveFile = new java.io.File(((pathPrefix + java.lang.Integer.toString(counter)) + .png)): null

2018-12-12 19:56:29 - [TEST_STEP][PASSED] - Statement - counter = counter + 1: null

2018-12-12 19:56:29 - [TEST_STEP][PASSED] - Statement - PreSaveFile = new java.io.File(((pathPrefix + java.lang.Integer.toString(counter)) + .png)): null

2018-12-12 19:56:29 - [TEST_STEP][PASSED] - Statement - counter = counter + 1: null

2018-12-12 19:56:29 - [TEST_STEP][PASSED] - Statement - PreSaveFile = new java.io.File(((pathPrefix + java.lang.Integer.toString(counter)) + .png)): null

2018-12-12 19:56:29 - [TEST_STEP][PASSED] - Statement - counter = counter + 1: null

2018-12-12 19:56:29 - [TEST_STEP][PASSED] - Statement - PreSaveFile = new java.io.File(((pathPrefix + java.lang.Integer.toString(counter)) + .png)): null

2018-12-12 19:56:29 - [TEST_STEP][PASSED] - Statement - counter = counter + 1: null

2018-12-12 19:56:29 - [TEST_STEP][PASSED] - Statement - PreSaveFile = new java.io.File(((pathPrefix + java.lang.Integer.toString(counter)) + .png)): null

2018-12-12 19:56:29 - [TEST_STEP][PASSED] - Statement - counter = counter + 1: null

2018-12-12 19:56:29 - [TEST_STEP][PASSED] - Statement - PreSaveFile = new java.io.File(((pathPrefix + java.lang.Integer.toString(counter)) + .png)): null

2018-12-12 19:56:29 - [TEST_STEP][PASSED] - Statement - counter = counter + 1: null

2018-12-12 19:56:29 - [TEST_STEP][PASSED] - Statement - PreSaveFile = new java.io.File(((pathPrefix + java.lang.Integer.toString(counter)) + .png)): null

2018-12-12 19:56:29 - [TEST_STEP][PASSED] - Statement - counter = counter + 1: null

2018-12-12 19:56:29 - [TEST_STEP][PASSED] - Statement - PreSaveFile = new java.io.File(((pathPrefix + java.lang.Integer.toString(counter)) + .png)): null

2018-12-12 19:56:29 - [TEST_STEP][PASSED] - Statement - counter = counter + 1: null

2018-12-12 19:56:29 - [TEST_STEP][PASSED] - Statement - PreSaveFile = new java.io.File(((pathPrefix + java.lang.Integer.toString(counter)) + .png)): null

2018-12-12 19:56:29 - [TEST_STEP][PASSED] - Statement - counter = counter + 1: null

2018-12-12 19:56:29 - [TEST_STEP][PASSED] - Statement - PreSaveFile = new java.io.File(((pathPrefix + java.lang.Integer.toString(counter)) + .png)): null

2018-12-12 19:56:29 - [TEST_STEP][PASSED] - Statement - counter = counter + 1: null

2018-12-12 19:56:29 - [TEST_STEP][PASSED] - Statement - PreSaveFile = new java.io.File(((pathPrefix + java.lang.Integer.toString(counter)) + .png)): null

2018-12-12 19:56:29 - [TEST_STEP][PASSED] - Statement - counter = counter + 1: null

2018-12-12 19:56:29 - [TEST_STEP][PASSED] - Statement - PreSaveFile = new java.io.File(((pathPrefix + java.lang.Integer.toString(counter)) + .png)): null

2018-12-12 19:56:29 - [TEST_STEP][PASSED] - Statement - counter = counter + 1: null

2018-12-12 19:56:29 - [TEST_STEP][PASSED] - Statement - PreSaveFile = new java.io.File(((pathPrefix + java.lang.Integer.toString(counter)) + .png)): null

2018-12-12 19:56:29 - [TEST_STEP][PASSED] - Statement - counter = counter + 1: null

2018-12-12 19:56:29 - [TEST_STEP][PASSED] - Statement - PreSaveFile = new java.io.File(((pathPrefix + java.lang.Integer.toString(counter)) + .png)): null

2018-12-12 19:56:29 - [TEST_STEP][PASSED] - Statement - counter = counter + 1: null

2018-12-12 19:56:29 - [TEST_STEP][PASSED] - Statement - PreSaveFile = new java.io.File(((pathPrefix + java.lang.Integer.toString(counter)) + .png)): null

2018-12-12 19:56:29 - [TEST_STEP][PASSED] - Statement - counter = counter + 1: null

2018-12-12 19:56:29 - [TEST_STEP][PASSED] - Statement - PreSaveFile = new java.io.File(((pathPrefix + java.lang.Integer.toString(counter)) + .png)): null

2018-12-12 19:56:29 - [TEST_STEP][PASSED] - Statement - counter = counter + 1: null

2018-12-12 19:56:29 - [TEST_STEP][PASSED] - Statement - PreSaveFile = new java.io.File(((pathPrefix + java.lang.Integer.toString(counter)) + .png)): null

2018-12-12 19:56:29 - [TEST_STEP][PASSED] - Statement - counter = counter + 1: null

2018-12-12 19:56:29 - [TEST_STEP][PASSED] - Statement - PreSaveFile = new java.io.File(((pathPrefix + java.lang.Integer.toString(counter)) + .png)): null

2018-12-12 19:56:29 - [TEST_STEP][PASSED] - Statement - counter = counter + 1: null

2018-12-12 19:56:29 - [TEST_STEP][PASSED] - Statement - PreSaveFile = new java.io.File(((pathPrefix + java.lang.Integer.toString(counter)) + .png)): null

2018-12-12 19:56:29 - [TEST_STEP][PASSED] - Statement - counter = counter + 1: null

2018-12-12 19:56:29 - [TEST_STEP][PASSED] - Statement - PreSaveFile = new java.io.File(((pathPrefix + java.lang.Integer.toString(counter)) + .png)): null

2018-12-12 19:56:29 - [TEST_STEP][PASSED] - Statement - counter = counter + 1: null

2018-12-12 19:56:29 - [TEST_STEP][PASSED] - Statement - PreSaveFile = new java.io.File(((pathPrefix + java.lang.Integer.toString(counter)) + .png)): null

2018-12-12 19:56:29 - [TEST_STEP][PASSED] - Statement - counter = counter + 1: null

2018-12-12 19:56:29 - [TEST_STEP][PASSED] - Statement - PreSaveFile = new java.io.File(((pathPrefix + java.lang.Integer.toString(counter)) + .png)): null

2018-12-12 19:56:29 - [TEST_STEP][PASSED] - Statement - counter = counter + 1: null

2018-12-12 19:56:29 - [TEST_STEP][PASSED] - Statement - PreSaveFile = new java.io.File(((pathPrefix + java.lang.Integer.toString(counter)) + .png)): null

2018-12-12 19:56:29 - [TEST_STEP][PASSED] - Statement - counter = counter + 1: null

2018-12-12 19:56:29 - [TEST_STEP][PASSED] - Statement - PreSaveFile = new java.io.File(((pathPrefix + java.lang.Integer.toString(counter)) + .png)): null

2018-12-12 19:56:29 - [TEST_STEP][PASSED] - Statement - counter = counter + 1: null

2018-12-12 19:56:29 - [TEST_STEP][PASSED] - Statement - PreSaveFile = new java.io.File(((pathPrefix + java.lang.Integer.toString(counter)) + .png)): null

2018-12-12 19:56:29 - [TEST_STEP][PASSED] - Statement - counter = counter + 1: null

2018-12-12 19:56:29 - [TEST_STEP][PASSED] - Statement - PreSaveFile = new java.io.File(((pathPrefix + java.lang.Integer.toString(counter)) + .png)): null

2018-12-12 19:56:29 - [TEST_STEP][PASSED] - Statement - counter = counter + 1: null

2018-12-12 19:56:29 - [TEST_STEP][PASSED] - Statement - PreSaveFile = new java.io.File(((pathPrefix + java.lang.Integer.toString(counter)) + .png)): null

2018-12-12 19:56:29 - [TEST_STEP][PASSED] - Statement - counter = counter + 1: null

2018-12-12 19:56:29 - [TEST_STEP][PASSED] - Statement - PreSaveFile = new java.io.File(((pathPrefix + java.lang.Integer.toString(counter)) + .png)): null

2018-12-12 19:56:29 - [TEST_STEP][PASSED] - Statement - counter = counter + 1: null

2018-12-12 19:56:29 - [TEST_STEP][PASSED] - Statement - PreSaveFile = new java.io.File(((pathPrefix + java.lang.Integer.toString(counter)) + .png)): null

2018-12-12 19:56:29 - [TEST_STEP][PASSED] - Statement - counter = counter + 1: null

2018-12-12 19:56:29 - [TEST_STEP][PASSED] - Statement - PreSaveFile = new java.io.File(((pathPrefix + java.lang.Integer.toString(counter)) + .png)): null

2018-12-12 19:56:29 - [TEST_STEP][PASSED] - Statement - counter = counter + 1: null

2018-12-12 19:56:29 - [TEST_STEP][PASSED] - Statement - PreSaveFile = new java.io.File(((pathPrefix + java.lang.Integer.toString(counter)) + .png)): null

2018-12-12 19:56:29 - [TEST_STEP][PASSED] - Statement - counter = counter + 1: null

2018-12-12 19:56:29 - [TEST_STEP][PASSED] - Statement - PreSaveFile = new java.io.File(((pathPrefix + java.lang.Integer.toString(counter)) + .png)): null

2018-12-12 19:56:29 - [TEST_STEP][PASSED] - Statement - counter = counter + 1: null

2018-12-12 19:56:29 - [TEST_STEP][PASSED] - Statement - PreSaveFile = new java.io.File(((pathPrefix + java.lang.Integer.toString(counter)) + .png)): null

2018-12-12 19:56:29 - [TEST_STEP][PASSED] - Statement - counter = counter + 1: null

2018-12-12 19:56:29 - [TEST_STEP][PASSED] - Statement - PreSaveFile = new java.io.File(((pathPrefix + java.lang.Integer.toString(counter)) + .png)): null

2018-12-12 19:56:29 - [TEST_STEP][PASSED] - Statement - counter = counter + 1: null

2018-12-12 19:56:29 - [TEST_STEP][PASSED] - Statement - PreSaveFile = new java.io.File(((pathPrefix + java.lang.Integer.toString(counter)) + .png)): null

2018-12-12 19:56:29 - [TEST_STEP][PASSED] - Statement - counter = counter + 1: null

2018-12-12 19:56:29 - [TEST_STEP][PASSED] - Statement - PreSaveFile = new java.io.File(((pathPrefix + java.lang.Integer.toString(counter)) + .png)): null

2018-12-12 19:56:29 - [TEST_STEP][PASSED] - Statement - counter = counter + 1: null

2018-12-12 19:56:29 - [TEST_STEP][PASSED] - Statement - PreSaveFile = new java.io.File(((pathPrefix + java.lang.Integer.toString(counter)) + .png)): null

2018-12-12 19:56:29 - [TEST_STEP][PASSED] - Statement - counter = counter + 1: null

2018-12-12 19:56:29 - [TEST_STEP][PASSED] - Statement - PreSaveFile = new java.io.File(((pathPrefix + java.lang.Integer.toString(counter)) + .png)): null

2018-12-12 19:56:29 - [TEST_STEP][PASSED] - Statement - counter = counter + 1: null

2018-12-12 19:56:29 - [TEST_STEP][PASSED] - Statement - PreSaveFile = new java.io.File(((pathPrefix + java.lang.Integer.toString(counter)) + .png)): null

2018-12-12 19:56:29 - [TEST_STEP][PASSED] - Statement - counter = counter + 1: null

2018-12-12 19:56:29 - [TEST_STEP][PASSED] - Statement - PreSaveFile = new java.io.File(((pathPrefix + java.lang.Integer.toString(counter)) + .png)): null

2018-12-12 19:56:29 - [TEST_STEP][PASSED] - Statement - counter = counter + 1: null

2018-12-12 19:56:29 - [TEST_STEP][PASSED] - Statement - PreSaveFile = new java.io.File(((pathPrefix + java.lang.Integer.toString(counter)) + .png)): null

2018-12-12 19:56:29 - [TEST_STEP][PASSED] - Statement - counter = counter + 1: null

2018-12-12 19:56:29 - [TEST_STEP][PASSED] - Statement - PreSaveFile = new java.io.File(((pathPrefix + java.lang.Integer.toString(counter)) + .png)): null

2018-12-12 19:56:29 - [TEST_STEP][PASSED] - Statement - counter = counter + 1: null

2018-12-12 19:56:29 - [TEST_STEP][PASSED] - Statement - PreSaveFile = new java.io.File(((pathPrefix + java.lang.Integer.toString(counter)) + .png)): null

2018-12-12 19:56:29 - [TEST_STEP][PASSED] - Statement - counter = counter + 1: null

2018-12-12 19:56:29 - [TEST_STEP][PASSED] - Statement - PreSaveFile = new java.io.File(((pathPrefix + java.lang.Integer.toString(counter)) + .png)): null

2018-12-12 19:56:29 - [TEST_STEP][PASSED] - Statement - counter = counter + 1: null

2018-12-12 19:56:29 - [TEST_STEP][PASSED] - Statement - PreSaveFile = new java.io.File(((pathPrefix + java.lang.Integer.toString(counter)) + .png)): null

2018-12-12 19:56:29 - [TEST_STEP][PASSED] - Statement - counter = counter + 1: null

2018-12-12 19:56:29 - [TEST_STEP][PASSED] - Statement - PreSaveFile = new java.io.File(((pathPrefix + java.lang.Integer.toString(counter)) + .png)): null

2018-12-12 19:56:29 - [TEST_STEP][PASSED] - Statement - counter = counter + 1: null

2018-12-12 19:56:29 - [TEST_STEP][PASSED] - Statement - PreSaveFile = new java.io.File(((pathPrefix + java.lang.Integer.toString(counter)) + .png)): null

2018-12-12 19:56:29 - [TEST_STEP][PASSED] - Statement - counter = counter + 1: null

2018-12-12 19:56:29 - [TEST_STEP][PASSED] - Statement - PreSaveFile = new java.io.File(((pathPrefix + java.lang.Integer.toString(counter)) + .png)): null

2018-12-12 19:56:29 - [TEST_STEP][PASSED] - Statement - counter = counter + 1: null

2018-12-12 19:56:29 - [TEST_STEP][PASSED] - Statement - PreSaveFile = new java.io.File(((pathPrefix + java.lang.Integer.toString(counter)) + .png)): null

2018-12-12 19:56:29 - [TEST_STEP][PASSED] - Statement - counter = counter + 1: null

2018-12-12 19:56:29 - [TEST_STEP][PASSED] - Statement - PreSaveFile = new java.io.File(((pathPrefix + java.lang.Integer.toString(counter)) + .png)): null

2018-12-12 19:56:29 - [TEST_STEP][PASSED] - Statement - counter = counter + 1: null

2018-12-12 19:56:29 - [TEST_STEP][PASSED] - Statement - PreSaveFile = new java.io.File(((pathPrefix + java.lang.Integer.toString(counter)) + .png)): null

2018-12-12 19:56:29 - [TEST_STEP][PASSED] - Statement - counter = counter + 1: null

2018-12-12 19:56:29 - [TEST_STEP][PASSED] - Statement - PreSaveFile = new java.io.File(((pathPrefix + java.lang.Integer.toString(counter)) + .png)): null

2018-12-12 19:56:29 - [TEST_STEP][PASSED] - Statement - counter = counter + 1: null

2018-12-12 19:56:29 - [TEST_STEP][PASSED] - Statement - PreSaveFile = new java.io.File(((pathPrefix + java.lang.Integer.toString(counter)) + .png)): null

2018-12-12 19:56:29 - [TEST_STEP][PASSED] - Statement - counter = counter + 1: null

2018-12-12 19:56:29 - [TEST_STEP][PASSED] - Statement - PreSaveFile = new java.io.File(((pathPrefix + java.lang.Integer.toString(counter)) + .png)): null

2018-12-12 19:56:29 - [TEST_STEP][PASSED] - Statement - counter = counter + 1: null

2018-12-12 19:56:29 - [TEST_STEP][PASSED] - Statement - PreSaveFile = new java.io.File(((pathPrefix + java.lang.Integer.toString(counter)) + .png)): null

2018-12-12 19:56:29 - [TEST_STEP][PASSED] - Statement - counter = counter + 1: null

2018-12-12 19:56:29 - [TEST_STEP][PASSED] - Statement - PreSaveFile = new java.io.File(((pathPrefix + java.lang.Integer.toString(counter)) + .png)): null

2018-12-12 19:56:29 - [TEST_STEP][PASSED] - Statement - counter = counter + 1: null

2018-12-12 19:56:29 - [TEST_STEP][PASSED] - Statement - PreSaveFile = new java.io.File(((pathPrefix + java.lang.Integer.toString(counter)) + .png)): null

2018-12-12 19:56:29 - [TEST_STEP][PASSED] - Statement - counter = counter + 1: null

2018-12-12 19:56:29 - [TEST_STEP][PASSED] - Statement - PreSaveFile = new java.io.File(((pathPrefix + java.lang.Integer.toString(counter)) + .png)): null

2018-12-12 19:56:29 - [TEST_STEP][PASSED] - Statement - counter = counter + 1: null

2018-12-12 19:56:29 - [TEST_STEP][PASSED] - Statement - PreSaveFile = new java.io.File(((pathPrefix + java.lang.Integer.toString(counter)) + .png)): null

2018-12-12 19:56:29 - [TEST_STEP][PASSED] - Statement - counter = counter + 1: null

2018-12-12 19:56:29 - [TEST_STEP][PASSED] - Statement - PreSaveFile = new java.io.File(((pathPrefix + java.lang.Integer.toString(counter)) + .png)): null

2018-12-12 19:56:29 - [TEST_STEP][PASSED] - Statement - counter = counter + 1: null

2018-12-12 19:56:29 - [TEST_STEP][PASSED] - Statement - PreSaveFile = new java.io.File(((pathPrefix + java.lang.Integer.toString(counter)) + .png)): null

2018-12-12 19:56:29 - [TEST_STEP][PASSED] - Statement - counter = counter + 1: null

2018-12-12 19:56:29 - [TEST_STEP][PASSED] - Statement - PreSaveFile = new java.io.File(((pathPrefix + java.lang.Integer.toString(counter)) + .png)): null

2018-12-12 19:56:29 - [TEST_STEP][PASSED] - Statement - counter = counter + 1: null

2018-12-12 19:56:29 - [TEST_STEP][PASSED] - Statement - PreSaveFile = new java.io.File(((pathPrefix + java.lang.Integer.toString(counter)) + .png)): null

2018-12-12 19:56:29 - [TEST_STEP][PASSED] - Statement - counter = counter + 1: null

2018-12-12 19:56:29 - [TEST_STEP][PASSED] - Statement - PreSaveFile = new java.io.File(((pathPrefix + java.lang.Integer.toString(counter)) + .png)): null

2018-12-12 19:56:29 - [TEST_STEP][PASSED] - Statement - counter = counter + 1: null

2018-12-12 19:56:29 - [TEST_STEP][PASSED] - Statement - PreSaveFile = new java.io.File(((pathPrefix + java.lang.Integer.toString(counter)) + .png)): null

2018-12-12 19:56:29 - [TEST_STEP][PASSED] - Statement - counter = counter + 1: null

2018-12-12 19:56:29 - [TEST_STEP][PASSED] - Statement - PreSaveFile = new java.io.File(((pathPrefix + java.lang.Integer.toString(counter)) + .png)): null

2018-12-12 19:56:29 - [TEST_STEP][PASSED] - Statement - counter = counter + 1: null

2018-12-12 19:56:29 - [TEST_STEP][PASSED] - Statement - PreSaveFile = new java.io.File(((pathPrefix + java.lang.Integer.toString(counter)) + .png)): null

2018-12-12 19:56:29 - [TEST_STEP][PASSED] - Statement - counter = counter + 1: null

2018-12-12 19:56:29 - [TEST_STEP][PASSED] - Statement - PreSaveFile = new java.io.File(((pathPrefix + java.lang.Integer.toString(counter)) + .png)): null

2018-12-12 19:56:29 - [TEST_STEP][PASSED] - Statement - counter = counter + 1: null

2018-12-12 19:56:29 - [TEST_STEP][PASSED] - Statement - PreSaveFile = new java.io.File(((pathPrefix + java.lang.Integer.toString(counter)) + .png)): null

2018-12-12 19:56:29 - [TEST_STEP][PASSED] - Statement - counter = counter + 1: null

2018-12-12 19:56:29 - [TEST_STEP][PASSED] - Statement - PreSaveFile = new java.io.File(((pathPrefix + java.lang.Integer.toString(counter)) + .png)): null

2018-12-12 19:56:29 - [TEST_STEP][PASSED] - Statement - counter = counter + 1: null

2018-12-12 19:56:29 - [TEST_STEP][PASSED] - Statement - PreSaveFile = new java.io.File(((pathPrefix + java.lang.Integer.toString(counter)) + .png)): null

2018-12-12 19:56:29 - [TEST_STEP][PASSED] - Statement - counter = counter + 1: null

2018-12-12 19:56:29 - [TEST_STEP][PASSED] - Statement - PreSaveFile = new java.io.File(((pathPrefix + java.lang.Integer.toString(counter)) + .png)): null

2018-12-12 19:56:29 - [TEST_STEP][PASSED] - Statement - counter = counter + 1: null

2018-12-12 19:56:29 - [TEST_STEP][PASSED] - Statement - PreSaveFile = new java.io.File(((pathPrefix + java.lang.Integer.toString(counter)) + .png)): null

2018-12-12 19:56:29 - [TEST_STEP][PASSED] - Statement - counter = counter + 1: null

2018-12-12 19:56:29 - [TEST_STEP][PASSED] - Statement - PreSaveFile = new java.io.File(((pathPrefix + java.lang.Integer.toString(counter)) + .png)): null

2018-12-12 19:56:29 - [TEST_STEP][PASSED] - Statement - counter = counter + 1: null

2018-12-12 19:56:29 - [TEST_STEP][PASSED] - Statement - PreSaveFile = new java.io.File(((pathPrefix + java.lang.Integer.toString(counter)) + .png)): null

2018-12-12 19:56:29 - [TEST_STEP][PASSED] - Statement - counter = counter + 1: null

2018-12-12 19:56:29 - [TEST_STEP][PASSED] - Statement - PreSaveFile = new java.io.File(((pathPrefix + java.lang.Integer.toString(counter)) + .png)): null

2018-12-12 19:56:29 - [TEST_STEP][PASSED] - Statement - counter = counter + 1: null

2018-12-12 19:56:29 - [TEST_STEP][PASSED] - Statement - PreSaveFile = new java.io.File(((pathPrefix + java.lang.Integer.toString(counter)) + .png)): null

2018-12-12 19:56:29 - [TEST_STEP][PASSED] - Statement - counter = counter + 1: null

2018-12-12 19:56:29 - [TEST_STEP][PASSED] - Statement - PreSaveFile = new java.io.File(((pathPrefix + java.lang.Integer.toString(counter)) + .png)): null

2018-12-12 19:56:29 - [TEST_STEP][PASSED] - Statement - counter = counter + 1: null

2018-12-12 19:56:29 - [TEST_STEP][PASSED] - Statement - PreSaveFile = new java.io.File(((pathPrefix + java.lang.Integer.toString(counter)) + .png)): null

2018-12-12 19:56:29 - [TEST_STEP][PASSED] - Statement - counter = counter + 1: null

2018-12-12 19:56:29 - [TEST_STEP][PASSED] - Statement - PreSaveFile = new java.io.File(((pathPrefix + java.lang.Integer.toString(counter)) + .png)): null

2018-12-12 19:56:29 - [TEST_STEP][PASSED] - Statement - counter = counter + 1: null

2018-12-12 19:56:29 - [TEST_STEP][PASSED] - Statement - PreSaveFile = new java.io.File(((pathPrefix + java.lang.Integer.toString(counter)) + .png)): null

2018-12-12 19:56:29 - [TEST_STEP][PASSED] - Statement - counter = counter + 1: null

2018-12-12 19:56:29 - [TEST_STEP][PASSED] - Statement - PreSaveFile = new java.io.File(((pathPrefix + java.lang.Integer.toString(counter)) + .png)): null

2018-12-12 19:56:29 - [TEST_STEP][PASSED] - Statement - counter = counter + 1: null

2018-12-12 19:56:29 - [TEST_STEP][PASSED] - Statement - PreSaveFile = new java.io.File(((pathPrefix + java.lang.Integer.toString(counter)) + .png)): null

2018-12-12 19:56:29 - [TEST_STEP][PASSED] - Statement - counter = counter + 1: null

2018-12-12 19:56:29 - [TEST_STEP][PASSED] - Statement - PreSaveFile = new java.io.File(((pathPrefix + java.lang.Integer.toString(counter)) + .png)): null

2018-12-12 19:56:29 - [TEST_STEP][PASSED] - Statement - counter = counter + 1: null

2018-12-12 19:56:29 - [TEST_STEP][PASSED] - Statement - PreSaveFile = new java.io.File(((pathPrefix + java.lang.Integer.toString(counter)) + .png)): null

2018-12-12 19:56:29 - [TEST_STEP][PASSED] - Statement - counter = counter + 1: null

2018-12-12 19:56:29 - [TEST_STEP][PASSED] - Statement - PreSaveFile = new java.io.File(((pathPrefix + java.lang.Integer.toString(counter)) + .png)): null

2018-12-12 19:56:29 - [TEST_STEP][PASSED] - Statement - counter = counter + 1: null

2018-12-12 19:56:29 - [TEST_STEP][PASSED] - Statement - PreSaveFile = new java.io.File(((pathPrefix + java.lang.Integer.toString(counter)) + .png)): null

2018-12-12 19:56:29 - [TEST_STEP][PASSED] - Statement - counter = counter + 1: null

2018-12-12 19:56:29 - [TEST_STEP][PASSED] - Statement - PreSaveFile = new java.io.File(((pathPrefix + java.lang.Integer.toString(counter)) + .png)): null

2018-12-12 19:56:29 - [TEST_STEP][PASSED] - Statement - finalPath = pathPrefix + java.lang.Integer.toString(counter) + ".png": null

2018-12-12 19:56:29 - [TEST_STEP][PASSED] - Statement - SaveFile = new java.io.File(finalPath): null

2018-12-12 19:56:29 - [TEST_STEP][PASSED] - Statement - Try: null

2018-12-12 19:56:29 - [TEST_STEP][PASSED] - Statement - org.apache.commons.io.FileUtils.copyFile(scrFile, SaveFile): null

2018-12-12 19:56:29 - [TEST_STEP][PASSED] - Statement - out.println("file kept"): null

2018-12-12 19:56:29 - [TEST_STEP][PASSED] - delay: Delayed 10 second(s)

2018-12-12 19:56:39 - [MESSAGE][PASSED] - Delayed 10 second(s)

2018-12-12 19:56:39 - [MESSAGE][PASSED] - Call Test Case 'Test Cases/Final Aug 2018 - PKS Automation/Registration Module/New Registration/Submit and Screenshot/Submit Registration and Screenshot' successfully

2018-12-12 19:56:39 - [TEST_STEP][PASSED] - callTestCase: Call Test Case 'Test Cases/Final Aug 2018 - PKS Automation/Registration Module/Log Out/log out avoiding katalon tagging' successfully

2018-12-12 19:56:39 - [TEST_CASE][PASSED] - Test Cases/Final Aug 2018 - PKS Automation/Registration Module/Log Out/log out avoiding katalon tagging: Test Cases/Final Aug 2018 - PKS Automation/Registration Module/Log Out/log out avoiding katalon tagging

2018-12-12 19:56:39 - [TEST_STEP][PASSED] - navigateToUrl: Navigate to 'https://assist2-uat.perkeso.gov.my/c/portal/logout' successfully

2018-12-12 19:56:40 - [MESSAGE][PASSED] - Navigate to 'https://assist2-uat.perkeso.gov.my/c/portal/logout' successfully

2018-12-12 19:56:40 - [MESSAGE][PASSED] - Call Test Case 'Test Cases/Final Aug 2018 - PKS Automation/Registration Module/Log Out/log out avoiding katalon tagging' successfully

2018-12-12 19:56:40 - [TEST_STEP][PASSED] - callTestCase: Call Test Case 'Test Cases/Final Aug 2018 - PKS Automation/Common/Workflow Owner Finder' successfully

2018-12-12 19:56:40 - [TEST_CASE][PASSED] - Test Cases/Final Aug 2018 - PKS Automation/Common/Workflow Owner Finder: Test Cases/Final Aug 2018 - PKS Automation/Common/Workflow Owner Finder

2018-12-12 19:56:40 - [TEST_STEP][PASSED] - openBrowser: Browser is opened with url: ''

2018-12-12 19:56:40 - [MESSAGE][WARNING] - A browser is already opened. Closing browser and opening a new one

2018-12-12 19:56:44 - [MESSAGE][PASSED] - Browser is opened with url: ''

2018-12-12 19:56:44 - [TEST_STEP][PASSED] - navigateToUrl: Navigate to 'https://assist2-uat.perkeso.gov.my/login' successfully

2018-12-12 19:56:45 - [MESSAGE][PASSED] - Navigate to 'https://assist2-uat.perkeso.gov.my/login' successfully

2018-12-12 19:56:45 - [TEST_STEP][PASSED] - delay: Delayed 5 second(s)

2018-12-12 19:56:50 - [MESSAGE][PASSED] - Delayed 5 second(s)

2018-12-12 19:56:50 - [TEST_STEP][PASSED] - setText: Text 'test@liferay.com' is set on object 'Object Repository/Final Object Repo/Login Page/Internal User/Email Address'

2018-12-12 19:56:51 - [MESSAGE][PASSED] - Text 'test@liferay.com' is set on object 'Object Repository/Final Object Repo/Login Page/Internal User/Email Address'

2018-12-12 19:56:51 - [TEST_STEP][PASSED] - click: Object: 'Object Repository/Final Object Repo/Login Page/Internal User/Next Button' is clicked on

2018-12-12 19:56:51 - [MESSAGE][PASSED] - Object: 'Object Repository/Final Object Repo/Login Page/Internal User/Next Button' is clicked on

2018-12-12 19:56:51 - [TEST_STEP][PASSED] - delay: Delayed 2 second(s)

2018-12-12 19:56:53 - [MESSAGE][PASSED] - Delayed 2 second(s)

2018-12-12 19:56:53 - [TEST_STEP][PASSED] - setText: Text 'test' is set on object 'Object Repository/Final Object Repo/Login Page/Internal User/Password'

2018-12-12 19:56:53 - [MESSAGE][PASSED] - Text 'test' is set on object 'Object Repository/Final Object Repo/Login Page/Internal User/Password'

2018-12-12 19:56:53 - [TEST_STEP][PASSED] - delay: Delayed 2 second(s)

2018-12-12 19:56:55 - [MESSAGE][PASSED] - Delayed 2 second(s)

2018-12-12 19:56:55 - [TEST_STEP][PASSED] - click: Object: 'Object Repository/Final Object Repo/Login Page/Internal User/Login Button' is clicked on

2018-12-12 19:56:55 - [MESSAGE][PASSED] - Object: 'Object Repository/Final Object Repo/Login Page/Internal User/Login Button' is clicked on

2018-12-12 19:56:55 - [TEST_STEP][PASSED] - Statement - tester = com.kms.katalon.core.testobject.ObjectRepository.findTestObject(Final Object Repo/Landing Page/Select to English): Finding Test Object with id 'Object Repository/Final Object Repo/Landing Page/Select to English'

2018-12-12 19:56:55 - [TEST_STEP][PASSED] - Statement - Try: Delayed 2 second(s)

2018-12-12 19:56:55 - [TEST_STEP][PASSED] - Statement - Checker = com.kms.katalon.core.webui.keyword.WebUiBuiltInKeywords.verifyElementNotPresent(tester, 3): Web element with id: 'Object Repository/Final Object Repo/Landing Page/Select to English' located by 'By.xpath: //a[@class = 'taglib-language-list-text' and @lang = 'en-US' and (contains(text(), 'EN') or contains(., 'EN'))]' is not present after '3' second(s)

2018-12-12 19:56:57 - [MESSAGE][PASSED] - Web element with id: 'Object Repository/Final Object Repo/Landing Page/Select to English' located by 'By.xpath: //a[@class = 'taglib-language-list-text' and @lang = 'en-US' and (contains(text(), 'EN') or contains(., 'EN'))]' is not present after '3' second(s)

2018-12-12 19:56:57 - [TEST_STEP][PASSED] - Statement - If (Checker == false): null

2018-12-12 19:56:57 - [TEST_STEP][PASSED] - delay: Delayed 2 second(s)

2018-12-12 19:56:59 - [MESSAGE][PASSED] - Delayed 2 second(s)

2018-12-12 19:56:59 - [TEST_STEP][PASSED] - delay: Delayed 5 second(s)

2018-12-12 19:57:04 - [MESSAGE][PASSED] - Delayed 5 second(s)

2018-12-12 19:57:04 - [TEST_STEP][PASSED] - mouseOver: Object: 'Object Repository/Final Object Repo/Landing Page/WorkFlow Menu' is hovered

2018-12-12 19:57:04 - [MESSAGE][PASSED] - Object: 'Object Repository/Final Object Repo/Landing Page/WorkFlow Menu' is hovered

2018-12-12 19:57:04 - [TEST_STEP][PASSED] - delay: Delayed 2 second(s)

2018-12-12 19:57:06 - [MESSAGE][PASSED] - Delayed 2 second(s)

2018-12-12 19:57:06 - [TEST_STEP][PASSED] - click: Object: 'Object Repository/Final Object Repo/Landing Page/Select to Workflow Listing' is clicked on

2018-12-12 19:57:07 - [MESSAGE][PASSED] - Object: 'Object Repository/Final Object Repo/Landing Page/Select to Workflow Listing' is clicked on

2018-12-12 19:57:07 - [TEST_STEP][PASSED] - delay: Delayed 2 second(s)

2018-12-12 19:57:09 - [MESSAGE][PASSED] - Delayed 2 second(s)

2018-12-12 19:57:09 - [TEST_STEP][PASSED] - click: Object: 'Object Repository/Final Object Repo/WorkFlow Listing Page/Search Information - To Put Ref No' is clicked on

2018-12-12 19:57:10 - [MESSAGE][PASSED] - Object: 'Object Repository/Final Object Repo/WorkFlow Listing Page/Search Information - To Put Ref No' is clicked on

2018-12-12 19:57:10 - [TEST_STEP][PASSED] - delay: Delayed 2 second(s)

2018-12-12 19:57:12 - [MESSAGE][PASSED] - Delayed 2 second(s)

2018-12-12 19:57:12 - [TEST_STEP][PASSED] - callTestCase: Call Test Case 'Test Cases/Final Aug 2018 - PKS Automation/Common/Reference Number Getter' successfully

2018-12-12 19:57:12 - [TEST_CASE][PASSED] - Test Cases/Final Aug 2018 - PKS Automation/Common/Reference Number Getter: Test Cases/Final Aug 2018 - PKS Automation/Common/Reference Number Getter

2018-12-12 19:57:12 - [TEST_STEP][PASSED] - Statement - Try: null

2018-12-12 19:57:12 - [TEST_STEP][PASSED] - Statement - RefNo = new java.io.File(C://Users//Admin//Desktop//PKS//Automation Reference Point//KatalonReference.txt): null

2018-12-12 19:57:12 - [TEST_STEP][PASSED] - Statement - bufferread = new java.io.BufferedReader(new java.io.FileReader(RefNo)): null

2018-12-12 19:57:12 - [TEST_STEP][PASSED] - Statement - readedVal = bufferread.readLine(): null

2018-12-12 19:57:12 - [TEST_STEP][PASSED] - Statement - out.println(CaseReferenceNo): null

2018-12-12 19:57:12 - [TEST_STEP][PASSED] - Statement - out.println(readedVal): null

2018-12-12 19:57:12 - [TEST_STEP][PASSED] - Statement - CaseReferenceNo = "": null

2018-12-12 19:57:12 - [TEST_STEP][PASSED] - Statement - CaseReferenceNo = readedVal: null

2018-12-12 19:57:12 - [MESSAGE][PASSED] - Call Test Case 'Test Cases/Final Aug 2018 - PKS Automation/Common/Reference Number Getter' successfully

2018-12-12 19:57:12 - [TEST_STEP][PASSED] - setText: Text 'CRN12201800123233' is set on object 'Object Repository/Final Object Repo/WorkFlow Listing Page/Ref No Set Text'

2018-12-12 19:57:12 - [MESSAGE][PASSED] - Text 'CRN12201800123233' is set on object 'Object Repository/Final Object Repo/WorkFlow Listing Page/Ref No Set Text'

2018-12-12 19:57:12 - [TEST_STEP][PASSED] - delay: Delayed 2 second(s)

2018-12-12 19:57:14 - [MESSAGE][PASSED] - Delayed 2 second(s)

2018-12-12 19:57:14 - [TEST_STEP][PASSED] - click: Object: 'Object Repository/Final Object Repo/WorkFlow Listing Page/Search Ref No Search Button' is clicked on

2018-12-12 19:57:14 - [MESSAGE][PASSED] - Object: 'Object Repository/Final Object Repo/WorkFlow Listing Page/Search Ref No Search Button' is clicked on

2018-12-12 19:57:14 - [TEST_STEP][PASSED] - delay: Delayed 6 second(s)

2018-12-12 19:57:20 - [MESSAGE][PASSED] - Delayed 6 second(s)

2018-12-12 19:57:20 - [TEST_STEP][PASSED] - click: Object: 'Object Repository/Final Object Repo/WorkFlow Listing Page/Click Continue Tooltip' is clicked on

2018-12-12 19:57:21 - [MESSAGE][PASSED] - Object: 'Object Repository/Final Object Repo/WorkFlow Listing Page/Click Continue Tooltip' is clicked on

2018-12-12 19:57:21 - [TEST_STEP][PASSED] - delay: Delayed 5 second(s)

2018-12-12 19:57:26 - [MESSAGE][PASSED] - Delayed 5 second(s)

2018-12-12 19:57:26 - [TEST_STEP][PASSED] - doubleClick: Object: 'Object Repository/Final Object Repo/WorkFlow Listing Page/Workflow Found - Listing 1' is double clicked on

2018-12-12 19:57:26 - [MESSAGE][PASSED] - Object: 'Object Repository/Final Object Repo/WorkFlow Listing Page/Workflow Found - Listing 1' is double clicked on

2018-12-12 19:57:26 - [TEST_STEP][PASSED] - Statement - println(OwnerID): null

2018-12-12 19:57:26 - [TEST_STEP][PASSED] - Statement - OwnerID = com.kms.katalon.core.webui.keyword.WebUiBuiltInKeywords.getText(com.kms.katalon.core.testobject.ObjectRepository.findTestObject(Final Object Repo/WorkFlow Listing Page/Workflow Found - Listing 1), STOP_ON_FAILURE): Text of object 'Object Repository/Final Object Repo/WorkFlow Listing Page/Workflow Found - Listing 1' is: 'JOHORro3'

2018-12-12 19:57:26 - [MESSAGE][PASSED] - Text of object 'Object Repository/Final Object Repo/WorkFlow Listing Page/Workflow Found - Listing 1' is: 'JOHORro3'

2018-12-12 19:57:26 - [TEST_STEP][PASSED] - Statement - OwnerID = OwnerID.toLowerCase() + "@gmail.com": null

2018-12-12 19:57:26 - [TEST_STEP][PASSED] - Statement - println(OwnerID): null

2018-12-12 19:57:26 - [TEST_STEP][PASSED] - delay: Delayed 2 second(s)

2018-12-12 19:57:28 - [MESSAGE][PASSED] - Delayed 2 second(s)

2018-12-12 19:57:28 - [MESSAGE][PASSED] - Call Test Case 'Test Cases/Final Aug 2018 - PKS Automation/Common/Workflow Owner Finder' successfully

2018-12-12 19:57:28 - [TEST_STEP][PASSED] - callTestCase: Call Test Case 'Test Cases/Final Aug 2018 - PKS Automation/Registration Module/Log Out/log out avoiding katalon tagging' successfully

2018-12-12 19:57:29 - [TEST_CASE][PASSED] - Test Cases/Final Aug 2018 - PKS Automation/Registration Module/Log Out/log out avoiding katalon tagging: Test Cases/Final Aug 2018 - PKS Automation/Registration Module/Log Out/log out avoiding katalon tagging

2018-12-12 19:57:29 - [TEST_STEP][PASSED] - navigateToUrl: Navigate to 'https://assist2-uat.perkeso.gov.my/c/portal/logout' successfully

2018-12-12 19:57:29 - [MESSAGE][PASSED] - Navigate to 'https://assist2-uat.perkeso.gov.my/c/portal/logout' successfully

2018-12-12 19:57:29 - [MESSAGE][PASSED] - Call Test Case 'Test Cases/Final Aug 2018 - PKS Automation/Registration Module/Log Out/log out avoiding katalon tagging' successfully

2018-12-12 19:57:29 - [TEST_STEP][PASSED] - delay: Delayed 2 second(s)

2018-12-12 19:57:31 - [MESSAGE][PASSED] - Delayed 2 second(s)

2018-12-12 19:57:31 - [TEST_STEP][PASSED] - setText: Text 'johorro3@gmail.com' is set on object 'Object Repository/Final Object Repo/New Registration - Registration Module Pages/New Reg - OTC to RO/Special Case - All Related Objects/Email TextBox'

2018-12-12 19:57:32 - [MESSAGE][PASSED] - Text 'johorro3@gmail.com' is set on object 'Object Repository/Final Object Repo/New Registration - Registration Module Pages/New Reg - OTC to RO/Special Case - All Related Objects/Email TextBox'

2018-12-12 19:57:32 - [TEST_STEP][PASSED] - click: Object: 'Object Repository/Final Object Repo/New Registration - Registration Module Pages/New Reg - OTC to RO/Special Case - All Related Objects/Next Button' is clicked on

2018-12-12 19:57:32 - [MESSAGE][PASSED] - Object: 'Object Repository/Final Object Repo/New Registration - Registration Module Pages/New Reg - OTC to RO/Special Case - All Related Objects/Next Button' is clicked on

2018-12-12 19:57:32 - [TEST_STEP][PASSED] - delay: Delayed 2 second(s)

2018-12-12 19:57:34 - [MESSAGE][PASSED] - Delayed 2 second(s)

2018-12-12 19:57:34 - [TEST_STEP][PASSED] - setText: Text 'Test1@3456789' is set on object 'Object Repository/Final Object Repo/New Registration - Registration Module Pages/New Reg - OTC to RO/Special Case - All Related Objects/Password TextBox'

2018-12-12 19:57:34 - [MESSAGE][PASSED] - Text 'Test1@3456789' is set on object 'Object Repository/Final Object Repo/New Registration - Registration Module Pages/New Reg - OTC to RO/Special Case - All Related Objects/Password TextBox'

2018-12-12 19:57:34 - [TEST_STEP][PASSED] - delay: Delayed 2 second(s)

2018-12-12 19:57:36 - [MESSAGE][PASSED] - Delayed 2 second(s)

2018-12-12 19:57:36 - [TEST_STEP][PASSED] - click: Object: 'Object Repository/Final Object Repo/New Registration - Registration Module Pages/New Reg - OTC to RO/Special Case - All Related Objects/Login Button' is clicked on

2018-12-12 19:57:36 - [MESSAGE][PASSED] - Object: 'Object Repository/Final Object Repo/New Registration - Registration Module Pages/New Reg - OTC to RO/Special Case - All Related Objects/Login Button' is clicked on

2018-12-12 19:57:36 - [TEST_STEP][PASSED] - delay: Delayed 2 second(s)

2018-12-12 19:57:38 - [MESSAGE][PASSED] - Delayed 2 second(s)

2018-12-12 19:57:38 - [TEST_STEP][PASSED] - Statement - Try: null

2018-12-12 19:57:38 - [TEST_STEP][PASSED] - Statement - Checker = com.kms.katalon.core.webui.keyword.WebUiBuiltInKeywords.verifyElementNotPresent("Final Object Repo/Landing Page/Select to English", 3): null

2018-12-12 19:57:38 - [TEST_STEP][PASSED] - Statement - Catch (Exception e): null

2018-12-12 19:57:38 - [TEST_STEP][PASSED] - Statement - e.printStackTrace(): null

2018-12-12 19:57:38 - [TEST_STEP][PASSED] - click: Object: 'Object Repository/Final Object Repo/New Registration - Registration Module Pages/New Reg - OTC to RO/Special Case - All Related Objects/Expand to Search' is clicked on

2018-12-12 19:57:38 - [MESSAGE][PASSED] - Object: 'Object Repository/Final Object Repo/New Registration - Registration Module Pages/New Reg - OTC to RO/Special Case - All Related Objects/Expand to Search' is clicked on

2018-12-12 19:57:38 - [TEST_STEP][FAILED] - setText: Unable to set text 'CRN12201800123233' of object 'Object Repository/Final Object Repo/New Registration - Registration Module Pages/New Reg - OTC to RO/Special Case - All Related Objects/TextBox RefNo in Workbasket' (Root cause: org.openqa.selenium.ElementNotVisibleException: element not interactable
  (Session info: chrome=70.0.3538.110)
  (Driver info: chromedriver=2.43.600210 (68dcf5eebde37173d4027fa8635e332711d2874a),platform=Windows NT 6.1.7601 SP1 x86_64) (WARNING: The server did not provide any stacktrace information)
Command duration or timeout: 0 milliseconds
Build info: version: '3.7.1', revision: '8a0099a', time: '2017-11-06T21:07:36.161Z'
System info: host: 'WIN7TEST02', ip: '10.20.3.72', os.name: 'Windows 7', os.arch: 'amd64', os.version: '6.1', java.version: '1.8.0_181'
Driver info: com.kms.katalon.selenium.driver.CChromeDriver
Capabilities {acceptInsecureCerts: false, acceptSslCerts: false, applicationCacheEnabled: false, browserConnectionEnabled: false, browserName: chrome, chrome: {chromedriverVersion: 2.43.600210 (68dcf5eebde371..., userDataDir: C:\Users\Admin\AppData\Loca...}, cssSelectorsEnabled: true, databaseEnabled: false, goog:chromeOptions: {debuggerAddress: localhost:55955}, handlesAlerts: true, hasTouchScreen: false, javascriptEnabled: true, locationContextEnabled: true, mobileEmulationEnabled: false, nativeEvents: true, networkConnectionEnabled: false, pageLoadStrategy: normal, platform: XP, platformName: XP, rotatable: false, setWindowRect: true, takesHeapSnapshot: true, takesScreenshot: true, unexpectedAlertBehaviour: , unhandledPromptBehavior: , version: 70.0.3538.110, webStorageEnabled: true}
Session ID: 83161e8ddcd9a7af2de2d6de75141f00)

2018-12-12 19:57:39 - [MESSAGE][FAILED] - Unable to set text 'CRN12201800123233' of object 'Object Repository/Final Object Repo/New Registration - Registration Module Pages/New Reg - OTC to RO/Special Case - All Related Objects/TextBox RefNo in Workbasket' (Root cause: org.openqa.selenium.ElementNotVisibleException: element not interactable
  (Session info: chrome=70.0.3538.110)
  (Driver info: chromedriver=2.43.600210 (68dcf5eebde37173d4027fa8635e332711d2874a),platform=Windows NT 6.1.7601 SP1 x86_64) (WARNING: The server did not provide any stacktrace information)
Command duration or timeout: 0 milliseconds
Build info: version: '3.7.1', revision: '8a0099a', time: '2017-11-06T21:07:36.161Z'
System info: host: 'WIN7TEST02', ip: '10.20.3.72', os.name: 'Windows 7', os.arch: 'amd64', os.version: '6.1', java.version: '1.8.0_181'
Driver info: com.kms.katalon.selenium.driver.CChromeDriver
Capabilities {acceptInsecureCerts: false, acceptSslCerts: false, applicationCacheEnabled: false, browserConnectionEnabled: false, browserName: chrome, chrome: {chromedriverVersion: 2.43.600210 (68dcf5eebde371..., userDataDir: C:\Users\Admin\AppData\Loca...}, cssSelectorsEnabled: true, databaseEnabled: false, goog:chromeOptions: {debuggerAddress: localhost:55955}, handlesAlerts: true, hasTouchScreen: false, javascriptEnabled: true, locationContextEnabled: true, mobileEmulationEnabled: false, nativeEvents: true, networkConnectionEnabled: false, pageLoadStrategy: normal, platform: XP, platformName: XP, rotatable: false, setWindowRect: true, takesHeapSnapshot: true, takesScreenshot: true, unexpectedAlertBehaviour: , unhandledPromptBehavior: , version: 70.0.3538.110, webStorageEnabled: true}
Session ID: 83161e8ddcd9a7af2de2d6de75141f00)
[[ATTACHMENT|C:\\Users\\Admin\\Desktop\\PKS\\Perkeso Phase A\\Reports\\Workflow\\New Registration\\20181212_150049\\1544615858992.png]]

2018-12-12 19:57:39 - [TEST_STEP][PASSED] - delay: Delayed 2 second(s)

2018-12-12 19:57:41 - [MESSAGE][PASSED] - Delayed 2 second(s)

2018-12-12 19:57:41 - [TEST_STEP][PASSED] - click: Object: 'Object Repository/Final Object Repo/New Registration - Registration Module Pages/New Reg - OTC to RO/Special Case - All Related Objects/Click Search' is clicked on

2018-12-12 19:57:41 - [MESSAGE][PASSED] - Object: 'Object Repository/Final Object Repo/New Registration - Registration Module Pages/New Reg - OTC to RO/Special Case - All Related Objects/Click Search' is clicked on

2018-12-12 19:57:41 - [TEST_STEP][PASSED] - delay: Delayed 2 second(s)

2018-12-12 19:57:43 - [MESSAGE][PASSED] - Delayed 2 second(s)

2018-12-12 19:57:43 - [TEST_STEP][PASSED] - click: Object: 'Object Repository/Final Object Repo/New Registration - Registration Module Pages/New Reg - OTC to RO/Special Case - All Related Objects/Click to Continue Workflow' is clicked on

2018-12-12 19:57:46 - [MESSAGE][PASSED] - Object: 'Object Repository/Final Object Repo/New Registration - Registration Module Pages/New Reg - OTC to RO/Special Case - All Related Objects/Click to Continue Workflow' is clicked on

2018-12-12 19:57:46 - [TEST_STEP][PASSED] - delay: Delayed 2 second(s)

2018-12-12 19:57:48 - [MESSAGE][PASSED] - Delayed 2 second(s)

2018-12-12 19:57:48 - [TEST_STEP][PASSED] - click: Object: 'Object Repository/Final Object Repo/New Registration - Registration Module Pages/New Reg - OTC to RO/Special Case - All Related Objects/Continue Button in verifying case' is clicked on

2018-12-12 19:57:50 - [MESSAGE][PASSED] - Object: 'Object Repository/Final Object Repo/New Registration - Registration Module Pages/New Reg - OTC to RO/Special Case - All Related Objects/Continue Button in verifying case' is clicked on

2018-12-12 19:57:50 - [TEST_STEP][PASSED] - delay: Delayed 2 second(s)

2018-12-12 19:57:52 - [MESSAGE][PASSED] - Delayed 2 second(s)

2018-12-12 19:57:52 - [TEST_STEP][PASSED] - click: Object: 'Object Repository/Final Object Repo/New Registration - Registration Module Pages/Form 1/Registered As a Branch - Yes' is clicked on

2018-12-12 19:57:52 - [MESSAGE][PASSED] - Object: 'Object Repository/Final Object Repo/New Registration - Registration Module Pages/Form 1/Registered As a Branch - Yes' is clicked on

2018-12-12 19:57:52 - [TEST_STEP][PASSED] - delay: Delayed 2 second(s)

2018-12-12 19:57:54 - [MESSAGE][PASSED] - Delayed 2 second(s)

2018-12-12 19:57:54 - [TEST_STEP][PASSED] - click: Object: 'Object Repository/Final Object Repo/New Registration - Registration Module Pages/New Reg - OTC to RO/Special Case - All Related Objects/Form 1 Save n Continue' is clicked on

2018-12-12 19:57:54 - [MESSAGE][PASSED] - Object: 'Object Repository/Final Object Repo/New Registration - Registration Module Pages/New Reg - OTC to RO/Special Case - All Related Objects/Form 1 Save n Continue' is clicked on

2018-12-12 19:57:54 - [TEST_STEP][PASSED] - delay: Delayed 2 second(s)

2018-12-12 19:57:56 - [MESSAGE][PASSED] - Delayed 2 second(s)

2018-12-12 19:57:56 - [TEST_STEP][PASSED] - click: Object: 'Object Repository/Final Object Repo/New Registration - Registration Module Pages/New Reg - OTC to RO/Special Case - All Related Objects/Form 2 Save n Continue' is clicked on

2018-12-12 19:57:56 - [MESSAGE][PASSED] - Object: 'Object Repository/Final Object Repo/New Registration - Registration Module Pages/New Reg - OTC to RO/Special Case - All Related Objects/Form 2 Save n Continue' is clicked on

2018-12-12 19:57:56 - [TEST_STEP][PASSED] - delay: Delayed 2 second(s)

2018-12-12 19:57:58 - [MESSAGE][PASSED] - Delayed 2 second(s)

2018-12-12 19:57:58 - [TEST_STEP][PASSED] - click: Object: 'Object Repository/Final Object Repo/New Registration - Registration Module Pages/New Reg - OTC to RO/Special Case - All Related Objects/Third Screen Save n Continue' is clicked on

2018-12-12 19:58:04 - [MESSAGE][PASSED] - Object: 'Object Repository/Final Object Repo/New Registration - Registration Module Pages/New Reg - OTC to RO/Special Case - All Related Objects/Third Screen Save n Continue' is clicked on

2018-12-12 19:58:04 - [TEST_STEP][PASSED] - delay: Delayed 5 second(s)

2018-12-12 19:58:09 - [MESSAGE][PASSED] - Delayed 5 second(s)

2018-12-12 19:58:09 - [TEST_STEP][PASSED] - click: Object: 'Object Repository/Final Object Repo/New Registration - Registration Module Pages/New Reg - OTC to RO/Special Case - All Related Objects/Upload Doc Page Save n Continue' is clicked on

2018-12-12 19:58:09 - [MESSAGE][PASSED] - Object: 'Object Repository/Final Object Repo/New Registration - Registration Module Pages/New Reg - OTC to RO/Special Case - All Related Objects/Upload Doc Page Save n Continue' is clicked on

2018-12-12 19:58:09 - [TEST_STEP][PASSED] - callTestCase: Call Test Case 'Test Cases/Final Aug 2018 - PKS Automation/Registration Module/New Registration/Submit and Screenshot/Submit Registration and Screenshot' successfully

2018-12-12 19:58:09 - [TEST_CASE][PASSED] - Test Cases/Final Aug 2018 - PKS Automation/Registration Module/New Registration/Submit and Screenshot/Submit Registration and Screenshot: Test Cases/Final Aug 2018 - PKS Automation/Registration Module/New Registration/Submit and Screenshot/Submit Registration and Screenshot

2018-12-12 19:58:09 - [TEST_STEP][PASSED] - delay: Delayed 6 second(s)

2018-12-12 19:58:15 - [MESSAGE][PASSED] - Delayed 6 second(s)

2018-12-12 19:58:15 - [TEST_STEP][PASSED] - click: Object: 'Object Repository/Final Object Repo/New Registration - Registration Module Pages/Third Screen - Upload Supporting Doc- Preview/Preview Submit Button' is clicked on

2018-12-12 19:58:15 - [MESSAGE][PASSED] - Object: 'Object Repository/Final Object Repo/New Registration - Registration Module Pages/Third Screen - Upload Supporting Doc- Preview/Preview Submit Button' is clicked on

2018-12-12 19:58:15 - [TEST_STEP][PASSED] - delay: Delayed 2 second(s)

2018-12-12 19:58:17 - [MESSAGE][PASSED] - Delayed 2 second(s)

2018-12-12 19:58:17 - [TEST_STEP][PASSED] - click: Object: 'Object Repository/Final Object Repo/New Registration - Registration Module Pages/Third Screen - Upload Supporting Doc- Preview/Preview Submit - Confirm' is clicked on

2018-12-12 19:58:17 - [MESSAGE][PASSED] - Object: 'Object Repository/Final Object Repo/New Registration - Registration Module Pages/Third Screen - Upload Supporting Doc- Preview/Preview Submit - Confirm' is clicked on

2018-12-12 19:58:17 - [TEST_STEP][PASSED] - delay: Delayed 15 second(s)

2018-12-12 19:58:32 - [MESSAGE][PASSED] - Delayed 15 second(s)

2018-12-12 19:58:32 - [TEST_STEP][PASSED] - Statement - driver = com.kms.katalon.core.webui.driver.DriverFactory.getWebDriver(): null

2018-12-12 19:58:32 - [TEST_STEP][PASSED] - Statement - driver.manage().timeouts().implicitlyWait(10, SECONDS): null

2018-12-12 19:58:32 - [TEST_STEP][PASSED] - Statement - PresavePath = KatalonScreenshots: null

2018-12-12 19:58:32 - [TEST_STEP][PASSED] - Statement - pathPrefix = "C:\Users\Public\Pictures\Sample Pictures\Katalon Screenshots\Automate Ending Screen": null

2018-12-12 19:58:32 - [TEST_STEP][PASSED] - Statement - finalPath = <not implemented yet for class: org.codehaus.groovy.ast.expr.EmptyExpression>: null

2018-12-12 19:58:32 - [TEST_STEP][PASSED] - Statement - scrFile = driver.getScreenshotAs(FILE): null

2018-12-12 19:58:32 - [TEST_STEP][PASSED] - Statement - PreSaveFile = new java.io.File(PresavePath): null

2018-12-12 19:58:32 - [TEST_STEP][PASSED] - Statement - counter = 0: null

2018-12-12 19:58:32 - [TEST_STEP][PASSED] - Statement - If (PreSaveFile.exists()): null

2018-12-12 19:58:32 - [TEST_STEP][PASSED] - Statement - While (PreSaveFile.exists()): null

2018-12-12 19:58:32 - [TEST_STEP][PASSED] - Statement - counter = counter + 1: null

2018-12-12 19:58:32 - [TEST_STEP][PASSED] - Statement - PreSaveFile = new java.io.File(((pathPrefix + java.lang.Integer.toString(counter)) + .png)): null

2018-12-12 19:58:32 - [TEST_STEP][PASSED] - Statement - counter = counter + 1: null

2018-12-12 19:58:32 - [TEST_STEP][PASSED] - Statement - PreSaveFile = new java.io.File(((pathPrefix + java.lang.Integer.toString(counter)) + .png)): null

2018-12-12 19:58:32 - [TEST_STEP][PASSED] - Statement - counter = counter + 1: null

2018-12-12 19:58:32 - [TEST_STEP][PASSED] - Statement - PreSaveFile = new java.io.File(((pathPrefix + java.lang.Integer.toString(counter)) + .png)): null

2018-12-12 19:58:32 - [TEST_STEP][PASSED] - Statement - counter = counter + 1: null

2018-12-12 19:58:32 - [TEST_STEP][PASSED] - Statement - PreSaveFile = new java.io.File(((pathPrefix + java.lang.Integer.toString(counter)) + .png)): null

2018-12-12 19:58:32 - [TEST_STEP][PASSED] - Statement - counter = counter + 1: null

2018-12-12 19:58:32 - [TEST_STEP][PASSED] - Statement - PreSaveFile = new java.io.File(((pathPrefix + java.lang.Integer.toString(counter)) + .png)): null

2018-12-12 19:58:32 - [TEST_STEP][PASSED] - Statement - counter = counter + 1: null

2018-12-12 19:58:32 - [TEST_STEP][PASSED] - Statement - PreSaveFile = new java.io.File(((pathPrefix + java.lang.Integer.toString(counter)) + .png)): null

2018-12-12 19:58:32 - [TEST_STEP][PASSED] - Statement - counter = counter + 1: null

2018-12-12 19:58:32 - [TEST_STEP][PASSED] - Statement - PreSaveFile = new java.io.File(((pathPrefix + java.lang.Integer.toString(counter)) + .png)): null

2018-12-12 19:58:32 - [TEST_STEP][PASSED] - Statement - counter = counter + 1: null

2018-12-12 19:58:32 - [TEST_STEP][PASSED] - Statement - PreSaveFile = new java.io.File(((pathPrefix + java.lang.Integer.toString(counter)) + .png)): null

2018-12-12 19:58:32 - [TEST_STEP][PASSED] - Statement - counter = counter + 1: null

2018-12-12 19:58:32 - [TEST_STEP][PASSED] - Statement - PreSaveFile = new java.io.File(((pathPrefix + java.lang.Integer.toString(counter)) + .png)): null

2018-12-12 19:58:32 - [TEST_STEP][PASSED] - Statement - counter = counter + 1: null

2018-12-12 19:58:32 - [TEST_STEP][PASSED] - Statement - PreSaveFile = new java.io.File(((pathPrefix + java.lang.Integer.toString(counter)) + .png)): null

2018-12-12 19:58:32 - [TEST_STEP][PASSED] - Statement - counter = counter + 1: null

2018-12-12 19:58:32 - [TEST_STEP][PASSED] - Statement - PreSaveFile = new java.io.File(((pathPrefix + java.lang.Integer.toString(counter)) + .png)): null

2018-12-12 19:58:32 - [TEST_STEP][PASSED] - Statement - counter = counter + 1: null

2018-12-12 19:58:32 - [TEST_STEP][PASSED] - Statement - PreSaveFile = new java.io.File(((pathPrefix + java.lang.Integer.toString(counter)) + .png)): null

2018-12-12 19:58:32 - [TEST_STEP][PASSED] - Statement - counter = counter + 1: null

2018-12-12 19:58:32 - [TEST_STEP][PASSED] - Statement - PreSaveFile = new java.io.File(((pathPrefix + java.lang.Integer.toString(counter)) + .png)): null

2018-12-12 19:58:32 - [TEST_STEP][PASSED] - Statement - counter = counter + 1: null

2018-12-12 19:58:32 - [TEST_STEP][PASSED] - Statement - PreSaveFile = new java.io.File(((pathPrefix + java.lang.Integer.toString(counter)) + .png)): null

2018-12-12 19:58:32 - [TEST_STEP][PASSED] - Statement - counter = counter + 1: null

2018-12-12 19:58:32 - [TEST_STEP][PASSED] - Statement - PreSaveFile = new java.io.File(((pathPrefix + java.lang.Integer.toString(counter)) + .png)): null

2018-12-12 19:58:32 - [TEST_STEP][PASSED] - Statement - counter = counter + 1: null

2018-12-12 19:58:32 - [TEST_STEP][PASSED] - Statement - PreSaveFile = new java.io.File(((pathPrefix + java.lang.Integer.toString(counter)) + .png)): null

2018-12-12 19:58:32 - [TEST_STEP][PASSED] - Statement - counter = counter + 1: null

2018-12-12 19:58:32 - [TEST_STEP][PASSED] - Statement - PreSaveFile = new java.io.File(((pathPrefix + java.lang.Integer.toString(counter)) + .png)): null

2018-12-12 19:58:32 - [TEST_STEP][PASSED] - Statement - counter = counter + 1: null

2018-12-12 19:58:32 - [TEST_STEP][PASSED] - Statement - PreSaveFile = new java.io.File(((pathPrefix + java.lang.Integer.toString(counter)) + .png)): null

2018-12-12 19:58:32 - [TEST_STEP][PASSED] - Statement - counter = counter + 1: null

2018-12-12 19:58:32 - [TEST_STEP][PASSED] - Statement - PreSaveFile = new java.io.File(((pathPrefix + java.lang.Integer.toString(counter)) + .png)): null

2018-12-12 19:58:32 - [TEST_STEP][PASSED] - Statement - counter = counter + 1: null

2018-12-12 19:58:32 - [TEST_STEP][PASSED] - Statement - PreSaveFile = new java.io.File(((pathPrefix + java.lang.Integer.toString(counter)) + .png)): null

2018-12-12 19:58:32 - [TEST_STEP][PASSED] - Statement - counter = counter + 1: null

2018-12-12 19:58:32 - [TEST_STEP][PASSED] - Statement - PreSaveFile = new java.io.File(((pathPrefix + java.lang.Integer.toString(counter)) + .png)): null

2018-12-12 19:58:32 - [TEST_STEP][PASSED] - Statement - counter = counter + 1: null

2018-12-12 19:58:32 - [TEST_STEP][PASSED] - Statement - PreSaveFile = new java.io.File(((pathPrefix + java.lang.Integer.toString(counter)) + .png)): null

2018-12-12 19:58:32 - [TEST_STEP][PASSED] - Statement - counter = counter + 1: null

2018-12-12 19:58:32 - [TEST_STEP][PASSED] - Statement - PreSaveFile = new java.io.File(((pathPrefix + java.lang.Integer.toString(counter)) + .png)): null

2018-12-12 19:58:32 - [TEST_STEP][PASSED] - Statement - counter = counter + 1: null

2018-12-12 19:58:32 - [TEST_STEP][PASSED] - Statement - PreSaveFile = new java.io.File(((pathPrefix + java.lang.Integer.toString(counter)) + .png)): null

2018-12-12 19:58:32 - [TEST_STEP][PASSED] - Statement - counter = counter + 1: null

2018-12-12 19:58:32 - [TEST_STEP][PASSED] - Statement - PreSaveFile = new java.io.File(((pathPrefix + java.lang.Integer.toString(counter)) + .png)): null

2018-12-12 19:58:32 - [TEST_STEP][PASSED] - Statement - counter = counter + 1: null

2018-12-12 19:58:32 - [TEST_STEP][PASSED] - Statement - PreSaveFile = new java.io.File(((pathPrefix + java.lang.Integer.toString(counter)) + .png)): null

2018-12-12 19:58:33 - [TEST_STEP][PASSED] - Statement - counter = counter + 1: null

2018-12-12 19:58:33 - [TEST_STEP][PASSED] - Statement - PreSaveFile = new java.io.File(((pathPrefix + java.lang.Integer.toString(counter)) + .png)): null

2018-12-12 19:58:33 - [TEST_STEP][PASSED] - Statement - counter = counter + 1: null

2018-12-12 19:58:33 - [TEST_STEP][PASSED] - Statement - PreSaveFile = new java.io.File(((pathPrefix + java.lang.Integer.toString(counter)) + .png)): null

2018-12-12 19:58:33 - [TEST_STEP][PASSED] - Statement - counter = counter + 1: null

2018-12-12 19:58:33 - [TEST_STEP][PASSED] - Statement - PreSaveFile = new java.io.File(((pathPrefix + java.lang.Integer.toString(counter)) + .png)): null

2018-12-12 19:58:33 - [TEST_STEP][PASSED] - Statement - counter = counter + 1: null

2018-12-12 19:58:33 - [TEST_STEP][PASSED] - Statement - PreSaveFile = new java.io.File(((pathPrefix + java.lang.Integer.toString(counter)) + .png)): null

2018-12-12 19:58:33 - [TEST_STEP][PASSED] - Statement - counter = counter + 1: null

2018-12-12 19:58:33 - [TEST_STEP][PASSED] - Statement - PreSaveFile = new java.io.File(((pathPrefix + java.lang.Integer.toString(counter)) + .png)): null

2018-12-12 19:58:33 - [TEST_STEP][PASSED] - Statement - counter = counter + 1: null

2018-12-12 19:58:33 - [TEST_STEP][PASSED] - Statement - PreSaveFile = new java.io.File(((pathPrefix + java.lang.Integer.toString(counter)) + .png)): null

2018-12-12 19:58:33 - [TEST_STEP][PASSED] - Statement - counter = counter + 1: null

2018-12-12 19:58:33 - [TEST_STEP][PASSED] - Statement - PreSaveFile = new java.io.File(((pathPrefix + java.lang.Integer.toString(counter)) + .png)): null

2018-12-12 19:58:33 - [TEST_STEP][PASSED] - Statement - counter = counter + 1: null

2018-12-12 19:58:33 - [TEST_STEP][PASSED] - Statement - PreSaveFile = new java.io.File(((pathPrefix + java.lang.Integer.toString(counter)) + .png)): null

2018-12-12 19:58:33 - [TEST_STEP][PASSED] - Statement - counter = counter + 1: null

2018-12-12 19:58:33 - [TEST_STEP][PASSED] - Statement - PreSaveFile = new java.io.File(((pathPrefix + java.lang.Integer.toString(counter)) + .png)): null

2018-12-12 19:58:33 - [TEST_STEP][PASSED] - Statement - counter = counter + 1: null

2018-12-12 19:58:33 - [TEST_STEP][PASSED] - Statement - PreSaveFile = new java.io.File(((pathPrefix + java.lang.Integer.toString(counter)) + .png)): null

2018-12-12 19:58:33 - [TEST_STEP][PASSED] - Statement - counter = counter + 1: null

2018-12-12 19:58:33 - [TEST_STEP][PASSED] - Statement - PreSaveFile = new java.io.File(((pathPrefix + java.lang.Integer.toString(counter)) + .png)): null

2018-12-12 19:58:33 - [TEST_STEP][PASSED] - Statement - counter = counter + 1: null

2018-12-12 19:58:33 - [TEST_STEP][PASSED] - Statement - PreSaveFile = new java.io.File(((pathPrefix + java.lang.Integer.toString(counter)) + .png)): null

2018-12-12 19:58:33 - [TEST_STEP][PASSED] - Statement - counter = counter + 1: null

2018-12-12 19:58:33 - [TEST_STEP][PASSED] - Statement - PreSaveFile = new java.io.File(((pathPrefix + java.lang.Integer.toString(counter)) + .png)): null

2018-12-12 19:58:33 - [TEST_STEP][PASSED] - Statement - counter = counter + 1: null

2018-12-12 19:58:33 - [TEST_STEP][PASSED] - Statement - PreSaveFile = new java.io.File(((pathPrefix + java.lang.Integer.toString(counter)) + .png)): null

2018-12-12 19:58:33 - [TEST_STEP][PASSED] - Statement - counter = counter + 1: null

2018-12-12 19:58:33 - [TEST_STEP][PASSED] - Statement - PreSaveFile = new java.io.File(((pathPrefix + java.lang.Integer.toString(counter)) + .png)): null

2018-12-12 19:58:33 - [TEST_STEP][PASSED] - Statement - counter = counter + 1: null

2018-12-12 19:58:33 - [TEST_STEP][PASSED] - Statement - PreSaveFile = new java.io.File(((pathPrefix + java.lang.Integer.toString(counter)) + .png)): null

2018-12-12 19:58:33 - [TEST_STEP][PASSED] - Statement - counter = counter + 1: null

2018-12-12 19:58:33 - [TEST_STEP][PASSED] - Statement - PreSaveFile = new java.io.File(((pathPrefix + java.lang.Integer.toString(counter)) + .png)): null

2018-12-12 19:58:33 - [TEST_STEP][PASSED] - Statement - counter = counter + 1: null

2018-12-12 19:58:33 - [TEST_STEP][PASSED] - Statement - PreSaveFile = new java.io.File(((pathPrefix + java.lang.Integer.toString(counter)) + .png)): null

2018-12-12 19:58:33 - [TEST_STEP][PASSED] - Statement - counter = counter + 1: null

2018-12-12 19:58:33 - [TEST_STEP][PASSED] - Statement - PreSaveFile = new java.io.File(((pathPrefix + java.lang.Integer.toString(counter)) + .png)): null

2018-12-12 19:58:33 - [TEST_STEP][PASSED] - Statement - counter = counter + 1: null

2018-12-12 19:58:33 - [TEST_STEP][PASSED] - Statement - PreSaveFile = new java.io.File(((pathPrefix + java.lang.Integer.toString(counter)) + .png)): null

2018-12-12 19:58:33 - [TEST_STEP][PASSED] - Statement - counter = counter + 1: null

2018-12-12 19:58:33 - [TEST_STEP][PASSED] - Statement - PreSaveFile = new java.io.File(((pathPrefix + java.lang.Integer.toString(counter)) + .png)): null

2018-12-12 19:58:33 - [TEST_STEP][PASSED] - Statement - counter = counter + 1: null

2018-12-12 19:58:33 - [TEST_STEP][PASSED] - Statement - PreSaveFile = new java.io.File(((pathPrefix + java.lang.Integer.toString(counter)) + .png)): null

2018-12-12 19:58:33 - [TEST_STEP][PASSED] - Statement - counter = counter + 1: null

2018-12-12 19:58:33 - [TEST_STEP][PASSED] - Statement - PreSaveFile = new java.io.File(((pathPrefix + java.lang.Integer.toString(counter)) + .png)): null

2018-12-12 19:58:33 - [TEST_STEP][PASSED] - Statement - counter = counter + 1: null

2018-12-12 19:58:33 - [TEST_STEP][PASSED] - Statement - PreSaveFile = new java.io.File(((pathPrefix + java.lang.Integer.toString(counter)) + .png)): null

2018-12-12 19:58:33 - [TEST_STEP][PASSED] - Statement - counter = counter + 1: null

2018-12-12 19:58:33 - [TEST_STEP][PASSED] - Statement - PreSaveFile = new java.io.File(((pathPrefix + java.lang.Integer.toString(counter)) + .png)): null

2018-12-12 19:58:33 - [TEST_STEP][PASSED] - Statement - counter = counter + 1: null

2018-12-12 19:58:33 - [TEST_STEP][PASSED] - Statement - PreSaveFile = new java.io.File(((pathPrefix + java.lang.Integer.toString(counter)) + .png)): null

2018-12-12 19:58:33 - [TEST_STEP][PASSED] - Statement - counter = counter + 1: null

2018-12-12 19:58:33 - [TEST_STEP][PASSED] - Statement - PreSaveFile = new java.io.File(((pathPrefix + java.lang.Integer.toString(counter)) + .png)): null

2018-12-12 19:58:33 - [TEST_STEP][PASSED] - Statement - counter = counter + 1: null

2018-12-12 19:58:33 - [TEST_STEP][PASSED] - Statement - PreSaveFile = new java.io.File(((pathPrefix + java.lang.Integer.toString(counter)) + .png)): null

2018-12-12 19:58:33 - [TEST_STEP][PASSED] - Statement - counter = counter + 1: null

2018-12-12 19:58:33 - [TEST_STEP][PASSED] - Statement - PreSaveFile = new java.io.File(((pathPrefix + java.lang.Integer.toString(counter)) + .png)): null

2018-12-12 19:58:33 - [TEST_STEP][PASSED] - Statement - counter = counter + 1: null

2018-12-12 19:58:33 - [TEST_STEP][PASSED] - Statement - PreSaveFile = new java.io.File(((pathPrefix + java.lang.Integer.toString(counter)) + .png)): null

2018-12-12 19:58:33 - [TEST_STEP][PASSED] - Statement - counter = counter + 1: null

2018-12-12 19:58:33 - [TEST_STEP][PASSED] - Statement - PreSaveFile = new java.io.File(((pathPrefix + java.lang.Integer.toString(counter)) + .png)): null

2018-12-12 19:58:33 - [TEST_STEP][PASSED] - Statement - counter = counter + 1: null

2018-12-12 19:58:33 - [TEST_STEP][PASSED] - Statement - PreSaveFile = new java.io.File(((pathPrefix + java.lang.Integer.toString(counter)) + .png)): null

2018-12-12 19:58:33 - [TEST_STEP][PASSED] - Statement - counter = counter + 1: null

2018-12-12 19:58:33 - [TEST_STEP][PASSED] - Statement - PreSaveFile = new java.io.File(((pathPrefix + java.lang.Integer.toString(counter)) + .png)): null

2018-12-12 19:58:33 - [TEST_STEP][PASSED] - Statement - counter = counter + 1: null

2018-12-12 19:58:33 - [TEST_STEP][PASSED] - Statement - PreSaveFile = new java.io.File(((pathPrefix + java.lang.Integer.toString(counter)) + .png)): null

2018-12-12 19:58:33 - [TEST_STEP][PASSED] - Statement - counter = counter + 1: null

2018-12-12 19:58:33 - [TEST_STEP][PASSED] - Statement - PreSaveFile = new java.io.File(((pathPrefix + java.lang.Integer.toString(counter)) + .png)): null

2018-12-12 19:58:33 - [TEST_STEP][PASSED] - Statement - counter = counter + 1: null

2018-12-12 19:58:33 - [TEST_STEP][PASSED] - Statement - PreSaveFile = new java.io.File(((pathPrefix + java.lang.Integer.toString(counter)) + .png)): null

2018-12-12 19:58:33 - [TEST_STEP][PASSED] - Statement - counter = counter + 1: null

2018-12-12 19:58:33 - [TEST_STEP][PASSED] - Statement - PreSaveFile = new java.io.File(((pathPrefix + java.lang.Integer.toString(counter)) + .png)): null

2018-12-12 19:58:33 - [TEST_STEP][PASSED] - Statement - counter = counter + 1: null

2018-12-12 19:58:33 - [TEST_STEP][PASSED] - Statement - PreSaveFile = new java.io.File(((pathPrefix + java.lang.Integer.toString(counter)) + .png)): null

2018-12-12 19:58:33 - [TEST_STEP][PASSED] - Statement - counter = counter + 1: null

2018-12-12 19:58:33 - [TEST_STEP][PASSED] - Statement - PreSaveFile = new java.io.File(((pathPrefix + java.lang.Integer.toString(counter)) + .png)): null

2018-12-12 19:58:33 - [TEST_STEP][PASSED] - Statement - counter = counter + 1: null

2018-12-12 19:58:33 - [TEST_STEP][PASSED] - Statement - PreSaveFile = new java.io.File(((pathPrefix + java.lang.Integer.toString(counter)) + .png)): null

2018-12-12 19:58:33 - [TEST_STEP][PASSED] - Statement - counter = counter + 1: null

2018-12-12 19:58:33 - [TEST_STEP][PASSED] - Statement - PreSaveFile = new java.io.File(((pathPrefix + java.lang.Integer.toString(counter)) + .png)): null

2018-12-12 19:58:33 - [TEST_STEP][PASSED] - Statement - counter = counter + 1: null

2018-12-12 19:58:33 - [TEST_STEP][PASSED] - Statement - PreSaveFile = new java.io.File(((pathPrefix + java.lang.Integer.toString(counter)) + .png)): null

2018-12-12 19:58:33 - [TEST_STEP][PASSED] - Statement - counter = counter + 1: null

2018-12-12 19:58:33 - [TEST_STEP][PASSED] - Statement - PreSaveFile = new java.io.File(((pathPrefix + java.lang.Integer.toString(counter)) + .png)): null

2018-12-12 19:58:33 - [TEST_STEP][PASSED] - Statement - counter = counter + 1: null

2018-12-12 19:58:33 - [TEST_STEP][PASSED] - Statement - PreSaveFile = new java.io.File(((pathPrefix + java.lang.Integer.toString(counter)) + .png)): null

2018-12-12 19:58:33 - [TEST_STEP][PASSED] - Statement - counter = counter + 1: null

2018-12-12 19:58:33 - [TEST_STEP][PASSED] - Statement - PreSaveFile = new java.io.File(((pathPrefix + java.lang.Integer.toString(counter)) + .png)): null

2018-12-12 19:58:33 - [TEST_STEP][PASSED] - Statement - counter = counter + 1: null

2018-12-12 19:58:33 - [TEST_STEP][PASSED] - Statement - PreSaveFile = new java.io.File(((pathPrefix + java.lang.Integer.toString(counter)) + .png)): null

2018-12-12 19:58:33 - [TEST_STEP][PASSED] - Statement - counter = counter + 1: null

2018-12-12 19:58:33 - [TEST_STEP][PASSED] - Statement - PreSaveFile = new java.io.File(((pathPrefix + java.lang.Integer.toString(counter)) + .png)): null

2018-12-12 19:58:33 - [TEST_STEP][PASSED] - Statement - counter = counter + 1: null

2018-12-12 19:58:33 - [TEST_STEP][PASSED] - Statement - PreSaveFile = new java.io.File(((pathPrefix + java.lang.Integer.toString(counter)) + .png)): null

2018-12-12 19:58:33 - [TEST_STEP][PASSED] - Statement - counter = counter + 1: null

2018-12-12 19:58:33 - [TEST_STEP][PASSED] - Statement - PreSaveFile = new java.io.File(((pathPrefix + java.lang.Integer.toString(counter)) + .png)): null

2018-12-12 19:58:33 - [TEST_STEP][PASSED] - Statement - counter = counter + 1: null

2018-12-12 19:58:33 - [TEST_STEP][PASSED] - Statement - PreSaveFile = new java.io.File(((pathPrefix + java.lang.Integer.toString(counter)) + .png)): null

2018-12-12 19:58:33 - [TEST_STEP][PASSED] - Statement - counter = counter + 1: null

2018-12-12 19:58:33 - [TEST_STEP][PASSED] - Statement - PreSaveFile = new java.io.File(((pathPrefix + java.lang.Integer.toString(counter)) + .png)): null

2018-12-12 19:58:33 - [TEST_STEP][PASSED] - Statement - counter = counter + 1: null

2018-12-12 19:58:33 - [TEST_STEP][PASSED] - Statement - PreSaveFile = new java.io.File(((pathPrefix + java.lang.Integer.toString(counter)) + .png)): null

2018-12-12 19:58:33 - [TEST_STEP][PASSED] - Statement - counter = counter + 1: null

2018-12-12 19:58:33 - [TEST_STEP][PASSED] - Statement - PreSaveFile = new java.io.File(((pathPrefix + java.lang.Integer.toString(counter)) + .png)): null

2018-12-12 19:58:33 - [TEST_STEP][PASSED] - Statement - counter = counter + 1: null

2018-12-12 19:58:33 - [TEST_STEP][PASSED] - Statement - PreSaveFile = new java.io.File(((pathPrefix + java.lang.Integer.toString(counter)) + .png)): null

2018-12-12 19:58:33 - [TEST_STEP][PASSED] - Statement - counter = counter + 1: null

2018-12-12 19:58:33 - [TEST_STEP][PASSED] - Statement - PreSaveFile = new java.io.File(((pathPrefix + java.lang.Integer.toString(counter)) + .png)): null

2018-12-12 19:58:33 - [TEST_STEP][PASSED] - Statement - counter = counter + 1: null

2018-12-12 19:58:33 - [TEST_STEP][PASSED] - Statement - PreSaveFile = new java.io.File(((pathPrefix + java.lang.Integer.toString(counter)) + .png)): null

2018-12-12 19:58:33 - [TEST_STEP][PASSED] - Statement - counter = counter + 1: null

2018-12-12 19:58:33 - [TEST_STEP][PASSED] - Statement - PreSaveFile = new java.io.File(((pathPrefix + java.lang.Integer.toString(counter)) + .png)): null

2018-12-12 19:58:33 - [TEST_STEP][PASSED] - Statement - counter = counter + 1: null

2018-12-12 19:58:33 - [TEST_STEP][PASSED] - Statement - PreSaveFile = new java.io.File(((pathPrefix + java.lang.Integer.toString(counter)) + .png)): null

2018-12-12 19:58:33 - [TEST_STEP][PASSED] - Statement - counter = counter + 1: null

2018-12-12 19:58:33 - [TEST_STEP][PASSED] - Statement - PreSaveFile = new java.io.File(((pathPrefix + java.lang.Integer.toString(counter)) + .png)): null

2018-12-12 19:58:33 - [TEST_STEP][PASSED] - Statement - counter = counter + 1: null

2018-12-12 19:58:33 - [TEST_STEP][PASSED] - Statement - PreSaveFile = new java.io.File(((pathPrefix + java.lang.Integer.toString(counter)) + .png)): null

2018-12-12 19:58:33 - [TEST_STEP][PASSED] - Statement - counter = counter + 1: null

2018-12-12 19:58:33 - [TEST_STEP][PASSED] - Statement - PreSaveFile = new java.io.File(((pathPrefix + java.lang.Integer.toString(counter)) + .png)): null

2018-12-12 19:58:33 - [TEST_STEP][PASSED] - Statement - counter = counter + 1: null

2018-12-12 19:58:33 - [TEST_STEP][PASSED] - Statement - PreSaveFile = new java.io.File(((pathPrefix + java.lang.Integer.toString(counter)) + .png)): null

2018-12-12 19:58:33 - [TEST_STEP][PASSED] - Statement - counter = counter + 1: null

2018-12-12 19:58:33 - [TEST_STEP][PASSED] - Statement - PreSaveFile = new java.io.File(((pathPrefix + java.lang.Integer.toString(counter)) + .png)): null

2018-12-12 19:58:33 - [TEST_STEP][PASSED] - Statement - counter = counter + 1: null

2018-12-12 19:58:33 - [TEST_STEP][PASSED] - Statement - PreSaveFile = new java.io.File(((pathPrefix + java.lang.Integer.toString(counter)) + .png)): null

2018-12-12 19:58:33 - [TEST_STEP][PASSED] - Statement - counter = counter + 1: null

2018-12-12 19:58:33 - [TEST_STEP][PASSED] - Statement - PreSaveFile = new java.io.File(((pathPrefix + java.lang.Integer.toString(counter)) + .png)): null

2018-12-12 19:58:33 - [TEST_STEP][PASSED] - Statement - counter = counter + 1: null

2018-12-12 19:58:33 - [TEST_STEP][PASSED] - Statement - PreSaveFile = new java.io.File(((pathPrefix + java.lang.Integer.toString(counter)) + .png)): null

2018-12-12 19:58:33 - [TEST_STEP][PASSED] - Statement - counter = counter + 1: null

2018-12-12 19:58:33 - [TEST_STEP][PASSED] - Statement - PreSaveFile = new java.io.File(((pathPrefix + java.lang.Integer.toString(counter)) + .png)): null

2018-12-12 19:58:33 - [TEST_STEP][PASSED] - Statement - counter = counter + 1: null

2018-12-12 19:58:33 - [TEST_STEP][PASSED] - Statement - PreSaveFile = new java.io.File(((pathPrefix + java.lang.Integer.toString(counter)) + .png)): null

2018-12-12 19:58:33 - [TEST_STEP][PASSED] - Statement - counter = counter + 1: null

2018-12-12 19:58:33 - [TEST_STEP][PASSED] - Statement - PreSaveFile = new java.io.File(((pathPrefix + java.lang.Integer.toString(counter)) + .png)): null

2018-12-12 19:58:33 - [TEST_STEP][PASSED] - Statement - counter = counter + 1: null

2018-12-12 19:58:33 - [TEST_STEP][PASSED] - Statement - PreSaveFile = new java.io.File(((pathPrefix + java.lang.Integer.toString(counter)) + .png)): null

2018-12-12 19:58:33 - [TEST_STEP][PASSED] - Statement - counter = counter + 1: null

2018-12-12 19:58:33 - [TEST_STEP][PASSED] - Statement - PreSaveFile = new java.io.File(((pathPrefix + java.lang.Integer.toString(counter)) + .png)): null

2018-12-12 19:58:33 - [TEST_STEP][PASSED] - Statement - counter = counter + 1: null

2018-12-12 19:58:33 - [TEST_STEP][PASSED] - Statement - PreSaveFile = new java.io.File(((pathPrefix + java.lang.Integer.toString(counter)) + .png)): null

2018-12-12 19:58:33 - [TEST_STEP][PASSED] - Statement - counter = counter + 1: null

2018-12-12 19:58:33 - [TEST_STEP][PASSED] - Statement - PreSaveFile = new java.io.File(((pathPrefix + java.lang.Integer.toString(counter)) + .png)): null

2018-12-12 19:58:33 - [TEST_STEP][PASSED] - Statement - counter = counter + 1: null

2018-12-12 19:58:33 - [TEST_STEP][PASSED] - Statement - PreSaveFile = new java.io.File(((pathPrefix + java.lang.Integer.toString(counter)) + .png)): null

2018-12-12 19:58:33 - [TEST_STEP][PASSED] - Statement - counter = counter + 1: null

2018-12-12 19:58:33 - [TEST_STEP][PASSED] - Statement - PreSaveFile = new java.io.File(((pathPrefix + java.lang.Integer.toString(counter)) + .png)): null

2018-12-12 19:58:33 - [TEST_STEP][PASSED] - Statement - counter = counter + 1: null

2018-12-12 19:58:33 - [TEST_STEP][PASSED] - Statement - PreSaveFile = new java.io.File(((pathPrefix + java.lang.Integer.toString(counter)) + .png)): null

2018-12-12 19:58:33 - [TEST_STEP][PASSED] - Statement - counter = counter + 1: null

2018-12-12 19:58:33 - [TEST_STEP][PASSED] - Statement - PreSaveFile = new java.io.File(((pathPrefix + java.lang.Integer.toString(counter)) + .png)): null

2018-12-12 19:58:33 - [TEST_STEP][PASSED] - Statement - counter = counter + 1: null

2018-12-12 19:58:33 - [TEST_STEP][PASSED] - Statement - PreSaveFile = new java.io.File(((pathPrefix + java.lang.Integer.toString(counter)) + .png)): null

2018-12-12 19:58:33 - [TEST_STEP][PASSED] - Statement - counter = counter + 1: null

2018-12-12 19:58:33 - [TEST_STEP][PASSED] - Statement - PreSaveFile = new java.io.File(((pathPrefix + java.lang.Integer.toString(counter)) + .png)): null

2018-12-12 19:58:33 - [TEST_STEP][PASSED] - Statement - counter = counter + 1: null

2018-12-12 19:58:33 - [TEST_STEP][PASSED] - Statement - PreSaveFile = new java.io.File(((pathPrefix + java.lang.Integer.toString(counter)) + .png)): null

2018-12-12 19:58:33 - [TEST_STEP][PASSED] - Statement - counter = counter + 1: null

2018-12-12 19:58:33 - [TEST_STEP][PASSED] - Statement - PreSaveFile = new java.io.File(((pathPrefix + java.lang.Integer.toString(counter)) + .png)): null

2018-12-12 19:58:33 - [TEST_STEP][PASSED] - Statement - counter = counter + 1: null

2018-12-12 19:58:33 - [TEST_STEP][PASSED] - Statement - PreSaveFile = new java.io.File(((pathPrefix + java.lang.Integer.toString(counter)) + .png)): null

2018-12-12 19:58:33 - [TEST_STEP][PASSED] - Statement - counter = counter + 1: null

2018-12-12 19:58:33 - [TEST_STEP][PASSED] - Statement - PreSaveFile = new java.io.File(((pathPrefix + java.lang.Integer.toString(counter)) + .png)): null

2018-12-12 19:58:33 - [TEST_STEP][PASSED] - Statement - counter = counter + 1: null

2018-12-12 19:58:33 - [TEST_STEP][PASSED] - Statement - PreSaveFile = new java.io.File(((pathPrefix + java.lang.Integer.toString(counter)) + .png)): null

2018-12-12 19:58:33 - [TEST_STEP][PASSED] - Statement - counter = counter + 1: null

2018-12-12 19:58:33 - [TEST_STEP][PASSED] - Statement - PreSaveFile = new java.io.File(((pathPrefix + java.lang.Integer.toString(counter)) + .png)): null

2018-12-12 19:58:33 - [TEST_STEP][PASSED] - Statement - counter = counter + 1: null

2018-12-12 19:58:33 - [TEST_STEP][PASSED] - Statement - PreSaveFile = new java.io.File(((pathPrefix + java.lang.Integer.toString(counter)) + .png)): null

2018-12-12 19:58:33 - [TEST_STEP][PASSED] - Statement - counter = counter + 1: null

2018-12-12 19:58:33 - [TEST_STEP][PASSED] - Statement - PreSaveFile = new java.io.File(((pathPrefix + java.lang.Integer.toString(counter)) + .png)): null

2018-12-12 19:58:33 - [TEST_STEP][PASSED] - Statement - counter = counter + 1: null

2018-12-12 19:58:33 - [TEST_STEP][PASSED] - Statement - PreSaveFile = new java.io.File(((pathPrefix + java.lang.Integer.toString(counter)) + .png)): null

2018-12-12 19:58:33 - [TEST_STEP][PASSED] - Statement - counter = counter + 1: null

2018-12-12 19:58:33 - [TEST_STEP][PASSED] - Statement - PreSaveFile = new java.io.File(((pathPrefix + java.lang.Integer.toString(counter)) + .png)): null

2018-12-12 19:58:33 - [TEST_STEP][PASSED] - Statement - counter = counter + 1: null

2018-12-12 19:58:33 - [TEST_STEP][PASSED] - Statement - PreSaveFile = new java.io.File(((pathPrefix + java.lang.Integer.toString(counter)) + .png)): null

2018-12-12 19:58:33 - [TEST_STEP][PASSED] - Statement - counter = counter + 1: null

2018-12-12 19:58:33 - [TEST_STEP][PASSED] - Statement - PreSaveFile = new java.io.File(((pathPrefix + java.lang.Integer.toString(counter)) + .png)): null

2018-12-12 19:58:33 - [TEST_STEP][PASSED] - Statement - counter = counter + 1: null

2018-12-12 19:58:33 - [TEST_STEP][PASSED] - Statement - PreSaveFile = new java.io.File(((pathPrefix + java.lang.Integer.toString(counter)) + .png)): null

2018-12-12 19:58:33 - [TEST_STEP][PASSED] - Statement - counter = counter + 1: null

2018-12-12 19:58:33 - [TEST_STEP][PASSED] - Statement - PreSaveFile = new java.io.File(((pathPrefix + java.lang.Integer.toString(counter)) + .png)): null

2018-12-12 19:58:33 - [TEST_STEP][PASSED] - Statement - counter = counter + 1: null

2018-12-12 19:58:33 - [TEST_STEP][PASSED] - Statement - PreSaveFile = new java.io.File(((pathPrefix + java.lang.Integer.toString(counter)) + .png)): null

2018-12-12 19:58:33 - [TEST_STEP][PASSED] - Statement - counter = counter + 1: null

2018-12-12 19:58:33 - [TEST_STEP][PASSED] - Statement - PreSaveFile = new java.io.File(((pathPrefix + java.lang.Integer.toString(counter)) + .png)): null

2018-12-12 19:58:33 - [TEST_STEP][PASSED] - Statement - counter = counter + 1: null

2018-12-12 19:58:33 - [TEST_STEP][PASSED] - Statement - PreSaveFile = new java.io.File(((pathPrefix + java.lang.Integer.toString(counter)) + .png)): null

2018-12-12 19:58:33 - [TEST_STEP][PASSED] - Statement - counter = counter + 1: null

2018-12-12 19:58:33 - [TEST_STEP][PASSED] - Statement - PreSaveFile = new java.io.File(((pathPrefix + java.lang.Integer.toString(counter)) + .png)): null

2018-12-12 19:58:33 - [TEST_STEP][PASSED] - Statement - counter = counter + 1: null

2018-12-12 19:58:33 - [TEST_STEP][PASSED] - Statement - PreSaveFile = new java.io.File(((pathPrefix + java.lang.Integer.toString(counter)) + .png)): null

2018-12-12 19:58:33 - [TEST_STEP][PASSED] - Statement - counter = counter + 1: null

2018-12-12 19:58:33 - [TEST_STEP][PASSED] - Statement - PreSaveFile = new java.io.File(((pathPrefix + java.lang.Integer.toString(counter)) + .png)): null

2018-12-12 19:58:33 - [TEST_STEP][PASSED] - Statement - counter = counter + 1: null

2018-12-12 19:58:33 - [TEST_STEP][PASSED] - Statement - PreSaveFile = new java.io.File(((pathPrefix + java.lang.Integer.toString(counter)) + .png)): null

2018-12-12 19:58:33 - [TEST_STEP][PASSED] - Statement - counter = counter + 1: null

2018-12-12 19:58:33 - [TEST_STEP][PASSED] - Statement - PreSaveFile = new java.io.File(((pathPrefix + java.lang.Integer.toString(counter)) + .png)): null

2018-12-12 19:58:33 - [TEST_STEP][PASSED] - Statement - counter = counter + 1: null

2018-12-12 19:58:33 - [TEST_STEP][PASSED] - Statement - PreSaveFile = new java.io.File(((pathPrefix + java.lang.Integer.toString(counter)) + .png)): null

2018-12-12 19:58:33 - [TEST_STEP][PASSED] - Statement - counter = counter + 1: null

2018-12-12 19:58:33 - [TEST_STEP][PASSED] - Statement - PreSaveFile = new java.io.File(((pathPrefix + java.lang.Integer.toString(counter)) + .png)): null

2018-12-12 19:58:33 - [TEST_STEP][PASSED] - Statement - counter = counter + 1: null

2018-12-12 19:58:33 - [TEST_STEP][PASSED] - Statement - PreSaveFile = new java.io.File(((pathPrefix + java.lang.Integer.toString(counter)) + .png)): null

2018-12-12 19:58:33 - [TEST_STEP][PASSED] - Statement - counter = counter + 1: null

2018-12-12 19:58:33 - [TEST_STEP][PASSED] - Statement - PreSaveFile = new java.io.File(((pathPrefix + java.lang.Integer.toString(counter)) + .png)): null

2018-12-12 19:58:33 - [TEST_STEP][PASSED] - Statement - counter = counter + 1: null

2018-12-12 19:58:33 - [TEST_STEP][PASSED] - Statement - PreSaveFile = new java.io.File(((pathPrefix + java.lang.Integer.toString(counter)) + .png)): null

2018-12-12 19:58:33 - [TEST_STEP][PASSED] - Statement - counter = counter + 1: null

2018-12-12 19:58:33 - [TEST_STEP][PASSED] - Statement - PreSaveFile = new java.io.File(((pathPrefix + java.lang.Integer.toString(counter)) + .png)): null

2018-12-12 19:58:33 - [TEST_STEP][PASSED] - Statement - counter = counter + 1: null

2018-12-12 19:58:33 - [TEST_STEP][PASSED] - Statement - PreSaveFile = new java.io.File(((pathPrefix + java.lang.Integer.toString(counter)) + .png)): null

2018-12-12 19:58:33 - [TEST_STEP][PASSED] - Statement - counter = counter + 1: null

2018-12-12 19:58:33 - [TEST_STEP][PASSED] - Statement - PreSaveFile = new java.io.File(((pathPrefix + java.lang.Integer.toString(counter)) + .png)): null

2018-12-12 19:58:33 - [TEST_STEP][PASSED] - Statement - counter = counter + 1: null

2018-12-12 19:58:33 - [TEST_STEP][PASSED] - Statement - PreSaveFile = new java.io.File(((pathPrefix + java.lang.Integer.toString(counter)) + .png)): null

2018-12-12 19:58:33 - [TEST_STEP][PASSED] - Statement - counter = counter + 1: null

2018-12-12 19:58:33 - [TEST_STEP][PASSED] - Statement - PreSaveFile = new java.io.File(((pathPrefix + java.lang.Integer.toString(counter)) + .png)): null

2018-12-12 19:58:33 - [TEST_STEP][PASSED] - Statement - counter = counter + 1: null

2018-12-12 19:58:33 - [TEST_STEP][PASSED] - Statement - PreSaveFile = new java.io.File(((pathPrefix + java.lang.Integer.toString(counter)) + .png)): null

2018-12-12 19:58:33 - [TEST_STEP][PASSED] - Statement - counter = counter + 1: null

2018-12-12 19:58:33 - [TEST_STEP][PASSED] - Statement - PreSaveFile = new java.io.File(((pathPrefix + java.lang.Integer.toString(counter)) + .png)): null

2018-12-12 19:58:33 - [TEST_STEP][PASSED] - Statement - counter = counter + 1: null

2018-12-12 19:58:33 - [TEST_STEP][PASSED] - Statement - PreSaveFile = new java.io.File(((pathPrefix + java.lang.Integer.toString(counter)) + .png)): null

2018-12-12 19:58:33 - [TEST_STEP][PASSED] - Statement - counter = counter + 1: null

2018-12-12 19:58:33 - [TEST_STEP][PASSED] - Statement - PreSaveFile = new java.io.File(((pathPrefix + java.lang.Integer.toString(counter)) + .png)): null

2018-12-12 19:58:33 - [TEST_STEP][PASSED] - Statement - counter = counter + 1: null

2018-12-12 19:58:33 - [TEST_STEP][PASSED] - Statement - PreSaveFile = new java.io.File(((pathPrefix + java.lang.Integer.toString(counter)) + .png)): null

2018-12-12 19:58:33 - [TEST_STEP][PASSED] - Statement - counter = counter + 1: null

2018-12-12 19:58:33 - [TEST_STEP][PASSED] - Statement - PreSaveFile = new java.io.File(((pathPrefix + java.lang.Integer.toString(counter)) + .png)): null

2018-12-12 19:58:33 - [TEST_STEP][PASSED] - Statement - counter = counter + 1: null

2018-12-12 19:58:33 - [TEST_STEP][PASSED] - Statement - PreSaveFile = new java.io.File(((pathPrefix + java.lang.Integer.toString(counter)) + .png)): null

2018-12-12 19:58:33 - [TEST_STEP][PASSED] - Statement - counter = counter + 1: null

2018-12-12 19:58:33 - [TEST_STEP][PASSED] - Statement - PreSaveFile = new java.io.File(((pathPrefix + java.lang.Integer.toString(counter)) + .png)): null

2018-12-12 19:58:33 - [TEST_STEP][PASSED] - Statement - counter = counter + 1: null

2018-12-12 19:58:33 - [TEST_STEP][PASSED] - Statement - PreSaveFile = new java.io.File(((pathPrefix + java.lang.Integer.toString(counter)) + .png)): null

2018-12-12 19:58:33 - [TEST_STEP][PASSED] - Statement - counter = counter + 1: null

2018-12-12 19:58:33 - [TEST_STEP][PASSED] - Statement - PreSaveFile = new java.io.File(((pathPrefix + java.lang.Integer.toString(counter)) + .png)): null

2018-12-12 19:58:33 - [TEST_STEP][PASSED] - Statement - counter = counter + 1: null

2018-12-12 19:58:33 - [TEST_STEP][PASSED] - Statement - PreSaveFile = new java.io.File(((pathPrefix + java.lang.Integer.toString(counter)) + .png)): null

2018-12-12 19:58:33 - [TEST_STEP][PASSED] - Statement - counter = counter + 1: null

2018-12-12 19:58:33 - [TEST_STEP][PASSED] - Statement - PreSaveFile = new java.io.File(((pathPrefix + java.lang.Integer.toString(counter)) + .png)): null

2018-12-12 19:58:33 - [TEST_STEP][PASSED] - Statement - counter = counter + 1: null

2018-12-12 19:58:33 - [TEST_STEP][PASSED] - Statement - PreSaveFile = new java.io.File(((pathPrefix + java.lang.Integer.toString(counter)) + .png)): null

2018-12-12 19:58:33 - [TEST_STEP][PASSED] - Statement - counter = counter + 1: null

2018-12-12 19:58:33 - [TEST_STEP][PASSED] - Statement - PreSaveFile = new java.io.File(((pathPrefix + java.lang.Integer.toString(counter)) + .png)): null

2018-12-12 19:58:33 - [TEST_STEP][PASSED] - Statement - counter = counter + 1: null

2018-12-12 19:58:33 - [TEST_STEP][PASSED] - Statement - PreSaveFile = new java.io.File(((pathPrefix + java.lang.Integer.toString(counter)) + .png)): null

2018-12-12 19:58:33 - [TEST_STEP][PASSED] - Statement - counter = counter + 1: null

2018-12-12 19:58:33 - [TEST_STEP][PASSED] - Statement - PreSaveFile = new java.io.File(((pathPrefix + java.lang.Integer.toString(counter)) + .png)): null

2018-12-12 19:58:33 - [TEST_STEP][PASSED] - Statement - counter = counter + 1: null

2018-12-12 19:58:33 - [TEST_STEP][PASSED] - Statement - PreSaveFile = new java.io.File(((pathPrefix + java.lang.Integer.toString(counter)) + .png)): null

2018-12-12 19:58:33 - [TEST_STEP][PASSED] - Statement - counter = counter + 1: null

2018-12-12 19:58:33 - [TEST_STEP][PASSED] - Statement - PreSaveFile = new java.io.File(((pathPrefix + java.lang.Integer.toString(counter)) + .png)): null

2018-12-12 19:58:33 - [TEST_STEP][PASSED] - Statement - counter = counter + 1: null

2018-12-12 19:58:33 - [TEST_STEP][PASSED] - Statement - PreSaveFile = new java.io.File(((pathPrefix + java.lang.Integer.toString(counter)) + .png)): null

2018-12-12 19:58:33 - [TEST_STEP][PASSED] - Statement - counter = counter + 1: null

2018-12-12 19:58:33 - [TEST_STEP][PASSED] - Statement - PreSaveFile = new java.io.File(((pathPrefix + java.lang.Integer.toString(counter)) + .png)): null

2018-12-12 19:58:33 - [TEST_STEP][PASSED] - Statement - counter = counter + 1: null

2018-12-12 19:58:33 - [TEST_STEP][PASSED] - Statement - PreSaveFile = new java.io.File(((pathPrefix + java.lang.Integer.toString(counter)) + .png)): null

2018-12-12 19:58:33 - [TEST_STEP][PASSED] - Statement - counter = counter + 1: null

2018-12-12 19:58:33 - [TEST_STEP][PASSED] - Statement - PreSaveFile = new java.io.File(((pathPrefix + java.lang.Integer.toString(counter)) + .png)): null

2018-12-12 19:58:33 - [TEST_STEP][PASSED] - Statement - counter = counter + 1: null

2018-12-12 19:58:33 - [TEST_STEP][PASSED] - Statement - PreSaveFile = new java.io.File(((pathPrefix + java.lang.Integer.toString(counter)) + .png)): null

2018-12-12 19:58:33 - [TEST_STEP][PASSED] - Statement - counter = counter + 1: null

2018-12-12 19:58:33 - [TEST_STEP][PASSED] - Statement - PreSaveFile = new java.io.File(((pathPrefix + java.lang.Integer.toString(counter)) + .png)): null

2018-12-12 19:58:33 - [TEST_STEP][PASSED] - Statement - counter = counter + 1: null

2018-12-12 19:58:33 - [TEST_STEP][PASSED] - Statement - PreSaveFile = new java.io.File(((pathPrefix + java.lang.Integer.toString(counter)) + .png)): null

2018-12-12 19:58:33 - [TEST_STEP][PASSED] - Statement - counter = counter + 1: null

2018-12-12 19:58:33 - [TEST_STEP][PASSED] - Statement - PreSaveFile = new java.io.File(((pathPrefix + java.lang.Integer.toString(counter)) + .png)): null

2018-12-12 19:58:33 - [TEST_STEP][PASSED] - Statement - counter = counter + 1: null

2018-12-12 19:58:33 - [TEST_STEP][PASSED] - Statement - PreSaveFile = new java.io.File(((pathPrefix + java.lang.Integer.toString(counter)) + .png)): null

2018-12-12 19:58:33 - [TEST_STEP][PASSED] - Statement - counter = counter + 1: null

2018-12-12 19:58:33 - [TEST_STEP][PASSED] - Statement - PreSaveFile = new java.io.File(((pathPrefix + java.lang.Integer.toString(counter)) + .png)): null

2018-12-12 19:58:33 - [TEST_STEP][PASSED] - Statement - counter = counter + 1: null

2018-12-12 19:58:33 - [TEST_STEP][PASSED] - Statement - PreSaveFile = new java.io.File(((pathPrefix + java.lang.Integer.toString(counter)) + .png)): null

2018-12-12 19:58:33 - [TEST_STEP][PASSED] - Statement - counter = counter + 1: null

2018-12-12 19:58:33 - [TEST_STEP][PASSED] - Statement - PreSaveFile = new java.io.File(((pathPrefix + java.lang.Integer.toString(counter)) + .png)): null

2018-12-12 19:58:33 - [TEST_STEP][PASSED] - Statement - counter = counter + 1: null

2018-12-12 19:58:33 - [TEST_STEP][PASSED] - Statement - PreSaveFile = new java.io.File(((pathPrefix + java.lang.Integer.toString(counter)) + .png)): null

2018-12-12 19:58:33 - [TEST_STEP][PASSED] - Statement - counter = counter + 1: null

2018-12-12 19:58:33 - [TEST_STEP][PASSED] - Statement - PreSaveFile = new java.io.File(((pathPrefix + java.lang.Integer.toString(counter)) + .png)): null

2018-12-12 19:58:33 - [TEST_STEP][PASSED] - Statement - counter = counter + 1: null

2018-12-12 19:58:33 - [TEST_STEP][PASSED] - Statement - PreSaveFile = new java.io.File(((pathPrefix + java.lang.Integer.toString(counter)) + .png)): null

2018-12-12 19:58:33 - [TEST_STEP][PASSED] - Statement - counter = counter + 1: null

2018-12-12 19:58:33 - [TEST_STEP][PASSED] - Statement - PreSaveFile = new java.io.File(((pathPrefix + java.lang.Integer.toString(counter)) + .png)): null

2018-12-12 19:58:33 - [TEST_STEP][PASSED] - Statement - counter = counter + 1: null

2018-12-12 19:58:33 - [TEST_STEP][PASSED] - Statement - PreSaveFile = new java.io.File(((pathPrefix + java.lang.Integer.toString(counter)) + .png)): null

2018-12-12 19:58:33 - [TEST_STEP][PASSED] - Statement - counter = counter + 1: null

2018-12-12 19:58:33 - [TEST_STEP][PASSED] - Statement - PreSaveFile = new java.io.File(((pathPrefix + java.lang.Integer.toString(counter)) + .png)): null

2018-12-12 19:58:33 - [TEST_STEP][PASSED] - Statement - counter = counter + 1: null

2018-12-12 19:58:33 - [TEST_STEP][PASSED] - Statement - PreSaveFile = new java.io.File(((pathPrefix + java.lang.Integer.toString(counter)) + .png)): null

2018-12-12 19:58:33 - [TEST_STEP][PASSED] - Statement - counter = counter + 1: null

2018-12-12 19:58:33 - [TEST_STEP][PASSED] - Statement - PreSaveFile = new java.io.File(((pathPrefix + java.lang.Integer.toString(counter)) + .png)): null

2018-12-12 19:58:33 - [TEST_STEP][PASSED] - Statement - counter = counter + 1: null

2018-12-12 19:58:33 - [TEST_STEP][PASSED] - Statement - PreSaveFile = new java.io.File(((pathPrefix + java.lang.Integer.toString(counter)) + .png)): null

2018-12-12 19:58:33 - [TEST_STEP][PASSED] - Statement - counter = counter + 1: null

2018-12-12 19:58:33 - [TEST_STEP][PASSED] - Statement - PreSaveFile = new java.io.File(((pathPrefix + java.lang.Integer.toString(counter)) + .png)): null

2018-12-12 19:58:33 - [TEST_STEP][PASSED] - Statement - counter = counter + 1: null

2018-12-12 19:58:33 - [TEST_STEP][PASSED] - Statement - PreSaveFile = new java.io.File(((pathPrefix + java.lang.Integer.toString(counter)) + .png)): null

2018-12-12 19:58:33 - [TEST_STEP][PASSED] - Statement - counter = counter + 1: null

2018-12-12 19:58:33 - [TEST_STEP][PASSED] - Statement - PreSaveFile = new java.io.File(((pathPrefix + java.lang.Integer.toString(counter)) + .png)): null

2018-12-12 19:58:33 - [TEST_STEP][PASSED] - Statement - finalPath = pathPrefix + java.lang.Integer.toString(counter) + ".png": null

2018-12-12 19:58:33 - [TEST_STEP][PASSED] - Statement - SaveFile = new java.io.File(finalPath): null

2018-12-12 19:58:33 - [TEST_STEP][PASSED] - Statement - Try: null

2018-12-12 19:58:33 - [TEST_STEP][PASSED] - Statement - org.apache.commons.io.FileUtils.copyFile(scrFile, SaveFile): null

2018-12-12 19:58:33 - [TEST_STEP][PASSED] - Statement - out.println("file kept"): null

2018-12-12 19:58:33 - [TEST_STEP][PASSED] - delay: Delayed 10 second(s)

2018-12-12 19:58:43 - [MESSAGE][PASSED] - Delayed 10 second(s)

2018-12-12 19:58:43 - [MESSAGE][PASSED] - Call Test Case 'Test Cases/Final Aug 2018 - PKS Automation/Registration Module/New Registration/Submit and Screenshot/Submit Registration and Screenshot' successfully]]></system-out>
         <system-err><![CDATA[2018-12-12 19:48:58 - [TEST_CASE][FAILED] - Test Cases/Final Aug 2018 - PKS Automation/Registration Module/Workflow/New Registration/Employer to RO - RO Submit: Test Cases/Final Aug 2018 - PKS Automation/Registration Module/Workflow/New Registration/Employer to RO - RO Submit FAILED because (of) (Stack trace: com.kms.katalon.core.exception.StepFailedException: Unable to set text 'CRN12201800123233' of object 'Object Repository/Final Object Repo/New Registration - Registration Module Pages/New Reg - OTC to RO/Special Case - All Related Objects/TextBox RefNo in Workbasket' (Root cause: org.openqa.selenium.ElementNotVisibleException: element not interactable
  (Session info: chrome=70.0.3538.110)
  (Driver info: chromedriver=2.43.600210 (68dcf5eebde37173d4027fa8635e332711d2874a),platform=Windows NT 6.1.7601 SP1 x86_64) (WARNING: The server did not provide any stacktrace information)
Command duration or timeout: 0 milliseconds
Build info: version: '3.7.1', revision: '8a0099a', time: '2017-11-06T21:07:36.161Z'
System info: host: 'WIN7TEST02', ip: '10.20.3.72', os.name: 'Windows 7', os.arch: 'amd64', os.version: '6.1', java.version: '1.8.0_181'
Driver info: com.kms.katalon.selenium.driver.CChromeDriver
Capabilities {acceptInsecureCerts: false, acceptSslCerts: false, applicationCacheEnabled: false, browserConnectionEnabled: false, browserName: chrome, chrome: {chromedriverVersion: 2.43.600210 (68dcf5eebde371..., userDataDir: C:\Users\Admin\AppData\Loca...}, cssSelectorsEnabled: true, databaseEnabled: false, goog:chromeOptions: {debuggerAddress: localhost:55955}, handlesAlerts: true, hasTouchScreen: false, javascriptEnabled: true, locationContextEnabled: true, mobileEmulationEnabled: false, nativeEvents: true, networkConnectionEnabled: false, pageLoadStrategy: normal, platform: XP, platformName: XP, rotatable: false, setWindowRect: true, takesHeapSnapshot: true, takesScreenshot: true, unexpectedAlertBehaviour: , unhandledPromptBehavior: , version: 70.0.3538.110, webStorageEnabled: true}
Session ID: 83161e8ddcd9a7af2de2d6de75141f00)
	at com.kms.katalon.core.keyword.internal.KeywordMain.stepFailed(KeywordMain.groovy:32)
	at com.kms.katalon.core.webui.keyword.internal.WebUIKeywordMain.stepFailed(WebUIKeywordMain.groovy:65)
	at com.kms.katalon.core.webui.keyword.internal.WebUIKeywordMain.runKeyword(WebUIKeywordMain.groovy:27)
	at com.kms.katalon.core.webui.keyword.builtin.SetTextKeyword.setText(SetTextKeyword.groovy:65)
	at com.kms.katalon.core.webui.keyword.builtin.SetTextKeyword.execute(SetTextKeyword.groovy:37)
	at com.kms.katalon.core.keyword.internal.KeywordExecutor.executeKeywordForPlatform(KeywordExecutor.groovy:53)
	at com.kms.katalon.core.webui.keyword.WebUiBuiltInKeywords.setText(WebUiBuiltInKeywords.groovy:950)
	at com.kms.katalon.core.webui.keyword.WebUiBuiltInKeywords$setText$1.call(Unknown Source)
	at org.codehaus.groovy.runtime.callsite.CallSiteArray.defaultCall(CallSiteArray.java:48)
	at org.codehaus.groovy.runtime.callsite.AbstractCallSite.call(AbstractCallSite.java:113)
	at org.codehaus.groovy.runtime.callsite.AbstractCallSite.call(AbstractCallSite.java:133)
	at Script1537248141682.run(Script1537248141682.groovy:80)
	at com.kms.katalon.core.main.ScriptEngine.run(ScriptEngine.java:183)
	at com.kms.katalon.core.main.ScriptEngine.runScriptAsRawText(ScriptEngine.java:108)
	at com.kms.katalon.core.main.TestCaseExecutor.runScript(TestCaseExecutor.java:294)
	at com.kms.katalon.core.main.TestCaseExecutor.doExecute(TestCaseExecutor.java:285)
	at com.kms.katalon.core.main.TestCaseExecutor.processExecutionPhase(TestCaseExecutor.java:264)
	at com.kms.katalon.core.main.TestCaseExecutor.accessMainPhase(TestCaseExecutor.java:256)
	at com.kms.katalon.core.main.TestCaseExecutor.execute(TestCaseExecutor.java:200)
	at com.kms.katalon.core.main.TestSuiteExecutor.accessTestCaseMainPhase(TestSuiteExecutor.java:129)
	at com.kms.katalon.core.main.TestSuiteExecutor.accessTestSuiteMainPhase(TestSuiteExecutor.java:112)
	at com.kms.katalon.core.main.TestSuiteExecutor.execute(TestSuiteExecutor.java:81)
	at com.kms.katalon.core.main.TestCaseMain.startTestSuite(TestCaseMain.java:142)
	at com.kms.katalon.core.main.TestCaseMain$startTestSuite$0.call(Unknown Source)
	at org.codehaus.groovy.runtime.callsite.CallSiteArray.defaultCall(CallSiteArray.java:48)
	at org.codehaus.groovy.runtime.callsite.AbstractCallSite.call(AbstractCallSite.java:113)
	at org.codehaus.groovy.runtime.callsite.AbstractCallSite.call(AbstractCallSite.java:141)
	at TempTestSuite1544598049714.run(TempTestSuite1544598049714.groovy:36)
	at groovy.lang.GroovyShell.runScriptOrMainOrTestOrRunnable(GroovyShell.java:263)
	at groovy.lang.GroovyShell.run(GroovyShell.java:518)
	at groovy.lang.GroovyShell.run(GroovyShell.java:507)
	at groovy.ui.GroovyMain.processOnce(GroovyMain.java:653)
	at groovy.ui.GroovyMain.run(GroovyMain.java:384)
	at groovy.ui.GroovyMain.process(GroovyMain.java:370)
	at groovy.ui.GroovyMain.processArgs(GroovyMain.java:129)
	at groovy.ui.GroovyMain.main(GroovyMain.java:109)
	at sun.reflect.NativeMethodAccessorImpl.invoke0(Native Method)
	at sun.reflect.NativeMethodAccessorImpl.invoke(NativeMethodAccessorImpl.java:62)
	at sun.reflect.DelegatingMethodAccessorImpl.invoke(DelegatingMethodAccessorImpl.java:43)
	at java.lang.reflect.Method.invoke(Method.java:498)
	at org.codehaus.groovy.tools.GroovyStarter.rootLoader(GroovyStarter.java:109)
	at org.codehaus.groovy.tools.GroovyStarter.main(GroovyStarter.java:131)
)]]></system-err>
      </testcase>
      <testcase name="Test Cases/Final Aug 2018 - PKS Automation/Registration Module/Workflow/New Registration/Employer to RO - RO Under Enforcement" classname="Test Cases/Final Aug 2018 - PKS Automation/Registration Module/Workflow/New Registration/Employer to RO - RO Under Enforcement" status="FAILED">
         <failure type="FAILED" message="(Stack trace: com.kms.katalon.core.exception.StepFailedException: Unable to set text 'CRN12201800123234' of object 'Object Repository/Final Object Repo/New Registration - Registration Module Pages/New Reg - OTC to RO/Special Case - All Related Objects/TextBox RefNo in Workbasket' (Root cause: org.openqa.selenium.ElementNotVisibleException: element not interactable
  (Session info: chrome=70.0.3538.110)
  (Driver info: chromedriver=2.43.600210 (68dcf5eebde37173d4027fa8635e332711d2874a),platform=Windows NT 6.1.7601 SP1 x86_64) (WARNING: The server did not provide any stacktrace information)
Command duration or timeout: 0 milliseconds
Build info: version: '3.7.1', revision: '8a0099a', time: '2017-11-06T21:07:36.161Z'
System info: host: 'WIN7TEST02', ip: '10.20.3.72', os.name: 'Windows 7', os.arch: 'amd64', os.version: '6.1', java.version: '1.8.0_181'
Driver info: com.kms.katalon.selenium.driver.CChromeDriver
Capabilities {acceptInsecureCerts: false, acceptSslCerts: false, applicationCacheEnabled: false, browserConnectionEnabled: false, browserName: chrome, chrome: {chromedriverVersion: 2.43.600210 (68dcf5eebde371..., userDataDir: C:\Users\Admin\AppData\Loca...}, cssSelectorsEnabled: true, databaseEnabled: false, goog:chromeOptions: {debuggerAddress: localhost:56152}, handlesAlerts: true, hasTouchScreen: false, javascriptEnabled: true, locationContextEnabled: true, mobileEmulationEnabled: false, nativeEvents: true, networkConnectionEnabled: false, pageLoadStrategy: normal, platform: XP, platformName: XP, rotatable: false, setWindowRect: true, takesHeapSnapshot: true, takesScreenshot: true, unexpectedAlertBehaviour: , unhandledPromptBehavior: , version: 70.0.3538.110, webStorageEnabled: true}
Session ID: d3e63838fd74785118e7f8d494b84cfb)
	at com.kms.katalon.core.keyword.internal.KeywordMain.stepFailed(KeywordMain.groovy:32)
	at com.kms.katalon.core.webui.keyword.internal.WebUIKeywordMain.stepFailed(WebUIKeywordMain.groovy:65)
	at com.kms.katalon.core.webui.keyword.internal.WebUIKeywordMain.runKeyword(WebUIKeywordMain.groovy:27)
	at com.kms.katalon.core.webui.keyword.builtin.SetTextKeyword.setText(SetTextKeyword.groovy:65)
	at com.kms.katalon.core.webui.keyword.builtin.SetTextKeyword.execute(SetTextKeyword.groovy:37)
	at com.kms.katalon.core.keyword.internal.KeywordExecutor.executeKeywordForPlatform(KeywordExecutor.groovy:53)
	at com.kms.katalon.core.webui.keyword.WebUiBuiltInKeywords.setText(WebUiBuiltInKeywords.groovy:950)
	at com.kms.katalon.core.webui.keyword.WebUiBuiltInKeywords$setText$1.call(Unknown Source)
	at org.codehaus.groovy.runtime.callsite.CallSiteArray.defaultCall(CallSiteArray.java:48)
	at org.codehaus.groovy.runtime.callsite.AbstractCallSite.call(AbstractCallSite.java:113)
	at org.codehaus.groovy.runtime.callsite.AbstractCallSite.call(AbstractCallSite.java:133)
	at Script1537253675085.run(Script1537253675085.groovy:87)
	at com.kms.katalon.core.main.ScriptEngine.run(ScriptEngine.java:183)
	at com.kms.katalon.core.main.ScriptEngine.runScriptAsRawText(ScriptEngine.java:108)
	at com.kms.katalon.core.main.TestCaseExecutor.runScript(TestCaseExecutor.java:294)
	at com.kms.katalon.core.main.TestCaseExecutor.doExecute(TestCaseExecutor.java:285)
	at com.kms.katalon.core.main.TestCaseExecutor.processExecutionPhase(TestCaseExecutor.java:264)
	at com.kms.katalon.core.main.TestCaseExecutor.accessMainPhase(TestCaseExecutor.java:256)
	at com.kms.katalon.core.main.TestCaseExecutor.execute(TestCaseExecutor.java:200)
	at com.kms.katalon.core.main.TestSuiteExecutor.accessTestCaseMainPhase(TestSuiteExecutor.java:129)
	at com.kms.katalon.core.main.TestSuiteExecutor.accessTestSuiteMainPhase(TestSuiteExecutor.java:112)
	at com.kms.katalon.core.main.TestSuiteExecutor.execute(TestSuiteExecutor.java:81)
	at com.kms.katalon.core.main.TestCaseMain.startTestSuite(TestCaseMain.java:142)
	at com.kms.katalon.core.main.TestCaseMain$startTestSuite$0.call(Unknown Source)
	at org.codehaus.groovy.runtime.callsite.CallSiteArray.defaultCall(CallSiteArray.java:48)
	at org.codehaus.groovy.runtime.callsite.AbstractCallSite.call(AbstractCallSite.java:113)
	at org.codehaus.groovy.runtime.callsite.AbstractCallSite.call(AbstractCallSite.java:141)
	at TempTestSuite1544598049714.run(TempTestSuite1544598049714.groovy:36)
	at groovy.lang.GroovyShell.runScriptOrMainOrTestOrRunnable(GroovyShell.java:263)
	at groovy.lang.GroovyShell.run(GroovyShell.java:518)
	at groovy.lang.GroovyShell.run(GroovyShell.java:507)
	at groovy.ui.GroovyMain.processOnce(GroovyMain.java:653)
	at groovy.ui.GroovyMain.run(GroovyMain.java:384)
	at groovy.ui.GroovyMain.process(GroovyMain.java:370)
	at groovy.ui.GroovyMain.processArgs(GroovyMain.java:129)
	at groovy.ui.GroovyMain.main(GroovyMain.java:109)
	at sun.reflect.NativeMethodAccessorImpl.invoke0(Native Method)
	at sun.reflect.NativeMethodAccessorImpl.invoke(NativeMethodAccessorImpl.java:62)
	at sun.reflect.DelegatingMethodAccessorImpl.invoke(DelegatingMethodAccessorImpl.java:43)
	at java.lang.reflect.Method.invoke(Method.java:498)
	at org.codehaus.groovy.tools.GroovyStarter.rootLoader(GroovyStarter.java:109)
	at org.codehaus.groovy.tools.GroovyStarter.main(GroovyStarter.java:131)
)"/>
         <system-out><![CDATA[2018-12-12 19:58:43 - [TEST_CASE][FAILED] - Test Cases/Final Aug 2018 - PKS Automation/Registration Module/Workflow/New Registration/Employer to RO - RO Under Enforcement: Test Cases/Final Aug 2018 - PKS Automation/Registration Module/Workflow/New Registration/Employer to RO - RO Under Enforcement FAILED because (of) (Stack trace: com.kms.katalon.core.exception.StepFailedException: Unable to set text 'CRN12201800123234' of object 'Object Repository/Final Object Repo/New Registration - Registration Module Pages/New Reg - OTC to RO/Special Case - All Related Objects/TextBox RefNo in Workbasket' (Root cause: org.openqa.selenium.ElementNotVisibleException: element not interactable
  (Session info: chrome=70.0.3538.110)
  (Driver info: chromedriver=2.43.600210 (68dcf5eebde37173d4027fa8635e332711d2874a),platform=Windows NT 6.1.7601 SP1 x86_64) (WARNING: The server did not provide any stacktrace information)
Command duration or timeout: 0 milliseconds
Build info: version: '3.7.1', revision: '8a0099a', time: '2017-11-06T21:07:36.161Z'
System info: host: 'WIN7TEST02', ip: '10.20.3.72', os.name: 'Windows 7', os.arch: 'amd64', os.version: '6.1', java.version: '1.8.0_181'
Driver info: com.kms.katalon.selenium.driver.CChromeDriver
Capabilities {acceptInsecureCerts: false, acceptSslCerts: false, applicationCacheEnabled: false, browserConnectionEnabled: false, browserName: chrome, chrome: {chromedriverVersion: 2.43.600210 (68dcf5eebde371..., userDataDir: C:\Users\Admin\AppData\Loca...}, cssSelectorsEnabled: true, databaseEnabled: false, goog:chromeOptions: {debuggerAddress: localhost:56152}, handlesAlerts: true, hasTouchScreen: false, javascriptEnabled: true, locationContextEnabled: true, mobileEmulationEnabled: false, nativeEvents: true, networkConnectionEnabled: false, pageLoadStrategy: normal, platform: XP, platformName: XP, rotatable: false, setWindowRect: true, takesHeapSnapshot: true, takesScreenshot: true, unexpectedAlertBehaviour: , unhandledPromptBehavior: , version: 70.0.3538.110, webStorageEnabled: true}
Session ID: d3e63838fd74785118e7f8d494b84cfb)
	at com.kms.katalon.core.keyword.internal.KeywordMain.stepFailed(KeywordMain.groovy:32)
	at com.kms.katalon.core.webui.keyword.internal.WebUIKeywordMain.stepFailed(WebUIKeywordMain.groovy:65)
	at com.kms.katalon.core.webui.keyword.internal.WebUIKeywordMain.runKeyword(WebUIKeywordMain.groovy:27)
	at com.kms.katalon.core.webui.keyword.builtin.SetTextKeyword.setText(SetTextKeyword.groovy:65)
	at com.kms.katalon.core.webui.keyword.builtin.SetTextKeyword.execute(SetTextKeyword.groovy:37)
	at com.kms.katalon.core.keyword.internal.KeywordExecutor.executeKeywordForPlatform(KeywordExecutor.groovy:53)
	at com.kms.katalon.core.webui.keyword.WebUiBuiltInKeywords.setText(WebUiBuiltInKeywords.groovy:950)
	at com.kms.katalon.core.webui.keyword.WebUiBuiltInKeywords$setText$1.call(Unknown Source)
	at org.codehaus.groovy.runtime.callsite.CallSiteArray.defaultCall(CallSiteArray.java:48)
	at org.codehaus.groovy.runtime.callsite.AbstractCallSite.call(AbstractCallSite.java:113)
	at org.codehaus.groovy.runtime.callsite.AbstractCallSite.call(AbstractCallSite.java:133)
	at Script1537253675085.run(Script1537253675085.groovy:87)
	at com.kms.katalon.core.main.ScriptEngine.run(ScriptEngine.java:183)
	at com.kms.katalon.core.main.ScriptEngine.runScriptAsRawText(ScriptEngine.java:108)
	at com.kms.katalon.core.main.TestCaseExecutor.runScript(TestCaseExecutor.java:294)
	at com.kms.katalon.core.main.TestCaseExecutor.doExecute(TestCaseExecutor.java:285)
	at com.kms.katalon.core.main.TestCaseExecutor.processExecutionPhase(TestCaseExecutor.java:264)
	at com.kms.katalon.core.main.TestCaseExecutor.accessMainPhase(TestCaseExecutor.java:256)
	at com.kms.katalon.core.main.TestCaseExecutor.execute(TestCaseExecutor.java:200)
	at com.kms.katalon.core.main.TestSuiteExecutor.accessTestCaseMainPhase(TestSuiteExecutor.java:129)
	at com.kms.katalon.core.main.TestSuiteExecutor.accessTestSuiteMainPhase(TestSuiteExecutor.java:112)
	at com.kms.katalon.core.main.TestSuiteExecutor.execute(TestSuiteExecutor.java:81)
	at com.kms.katalon.core.main.TestCaseMain.startTestSuite(TestCaseMain.java:142)
	at com.kms.katalon.core.main.TestCaseMain$startTestSuite$0.call(Unknown Source)
	at org.codehaus.groovy.runtime.callsite.CallSiteArray.defaultCall(CallSiteArray.java:48)
	at org.codehaus.groovy.runtime.callsite.AbstractCallSite.call(AbstractCallSite.java:113)
	at org.codehaus.groovy.runtime.callsite.AbstractCallSite.call(AbstractCallSite.java:141)
	at TempTestSuite1544598049714.run(TempTestSuite1544598049714.groovy:36)
	at groovy.lang.GroovyShell.runScriptOrMainOrTestOrRunnable(GroovyShell.java:263)
	at groovy.lang.GroovyShell.run(GroovyShell.java:518)
	at groovy.lang.GroovyShell.run(GroovyShell.java:507)
	at groovy.ui.GroovyMain.processOnce(GroovyMain.java:653)
	at groovy.ui.GroovyMain.run(GroovyMain.java:384)
	at groovy.ui.GroovyMain.process(GroovyMain.java:370)
	at groovy.ui.GroovyMain.processArgs(GroovyMain.java:129)
	at groovy.ui.GroovyMain.main(GroovyMain.java:109)
	at sun.reflect.NativeMethodAccessorImpl.invoke0(Native Method)
	at sun.reflect.NativeMethodAccessorImpl.invoke(NativeMethodAccessorImpl.java:62)
	at sun.reflect.DelegatingMethodAccessorImpl.invoke(DelegatingMethodAccessorImpl.java:43)
	at java.lang.reflect.Method.invoke(Method.java:498)
	at org.codehaus.groovy.tools.GroovyStarter.rootLoader(GroovyStarter.java:109)
	at org.codehaus.groovy.tools.GroovyStarter.main(GroovyStarter.java:131)
)

2018-12-12 19:58:43 - [TEST_STEP][PASSED] - callTestCase: Call Test Case 'Test Cases/Final Aug 2018 - PKS Automation/Registration Module/Workflow/New Registration/Template/Special Case - Employer - Form 1' successfully

2018-12-12 19:58:44 - [TEST_CASE][PASSED] - Test Cases/Final Aug 2018 - PKS Automation/Registration Module/Workflow/New Registration/Template/Special Case - Employer - Form 1: Test Cases/Final Aug 2018 - PKS Automation/Registration Module/Workflow/New Registration/Template/Special Case - Employer - Form 1

2018-12-12 19:58:44 - [TEST_STEP][PASSED] - callTestCase: Call Test Case 'Test Cases/Final Aug 2018 - PKS Automation/Create Employer Acc/Create Employer Account' successfully

2018-12-12 19:58:44 - [TEST_CASE][PASSED] - Test Cases/Final Aug 2018 - PKS Automation/Create Employer Acc/Create Employer Account: Test Cases/Final Aug 2018 - PKS Automation/Create Employer Acc/Create Employer Account

2018-12-12 19:58:44 - [TEST_STEP][PASSED] - callTestCase: Call Test Case 'Test Cases/Final Aug 2018 - PKS Automation/Create Employer Acc/Template/Register Employer' successfully

2018-12-12 19:58:44 - [TEST_CASE][PASSED] - Test Cases/Final Aug 2018 - PKS Automation/Create Employer Acc/Template/Register Employer: Test Cases/Final Aug 2018 - PKS Automation/Create Employer Acc/Template/Register Employer

2018-12-12 19:58:44 - [TEST_STEP][PASSED] - openBrowser: Browser is opened with url: ''

2018-12-12 19:58:44 - [MESSAGE][WARNING] - A browser is already opened. Closing browser and opening a new one

2018-12-12 19:58:48 - [MESSAGE][PASSED] - Browser is opened with url: ''

2018-12-12 19:58:48 - [TEST_STEP][PASSED] - navigateToUrl: Navigate to 'https://assist2-uat.perkeso.gov.my/login' successfully

2018-12-12 19:58:49 - [MESSAGE][PASSED] - Navigate to 'https://assist2-uat.perkeso.gov.my/login' successfully

2018-12-12 19:58:49 - [TEST_STEP][PASSED] - setText: Text 'johorotc1@gmail.com' is set on object 'Object Repository/Final Object Repo/Login Page/Internal User/Email Address'

2018-12-12 19:58:49 - [MESSAGE][PASSED] - Text 'johorotc1@gmail.com' is set on object 'Object Repository/Final Object Repo/Login Page/Internal User/Email Address'

2018-12-12 19:58:49 - [TEST_STEP][PASSED] - click: Object: 'Object Repository/Final Object Repo/Login Page/Internal User/Next Button' is clicked on

2018-12-12 19:58:49 - [MESSAGE][PASSED] - Object: 'Object Repository/Final Object Repo/Login Page/Internal User/Next Button' is clicked on

2018-12-12 19:58:49 - [TEST_STEP][PASSED] - delay: Delayed 1 second(s)

2018-12-12 19:58:50 - [MESSAGE][PASSED] - Delayed 1 second(s)

2018-12-12 19:58:50 - [TEST_STEP][PASSED] - setEncryptedText: Text ****** has been set on object 'Object Repository/Final Object Repo/Login Page/Internal User/Password'

2018-12-12 19:58:50 - [MESSAGE][PASSED] - Text ****** has been set on object 'Object Repository/Final Object Repo/Login Page/Internal User/Password'

2018-12-12 19:58:50 - [TEST_STEP][PASSED] - click: Object: 'Object Repository/Final Object Repo/Login Page/Internal User/Login Button' is clicked on

2018-12-12 19:58:51 - [MESSAGE][PASSED] - Object: 'Object Repository/Final Object Repo/Login Page/Internal User/Login Button' is clicked on

2018-12-12 19:58:51 - [TEST_STEP][PASSED] - delay: Delayed 1 second(s)

2018-12-12 19:58:52 - [MESSAGE][PASSED] - Delayed 1 second(s)

2018-12-12 19:58:52 - [TEST_STEP][PASSED] - navigateToUrl: Navigate to 'https://assist2-uat.perkeso.gov.my/web/base/portal-id/registration' successfully

2018-12-12 19:58:53 - [MESSAGE][PASSED] - Navigate to 'https://assist2-uat.perkeso.gov.my/web/base/portal-id/registration' successfully

2018-12-12 19:58:53 - [TEST_STEP][PASSED] - setText: Text 'AUTOMATION EMPLOYER' is set on object 'Object Repository/Final Object Repo/Creating Employer Account/Page_Registration - ASSIST (Base)/Employer Name'

2018-12-12 19:58:54 - [MESSAGE][PASSED] - Text 'AUTOMATION EMPLOYER' is set on object 'Object Repository/Final Object Repo/Creating Employer Account/Page_Registration - ASSIST (Base)/Employer Name'

2018-12-12 19:58:54 - [TEST_STEP][PASSED] - delay: Delayed 2 second(s)

2018-12-12 19:58:56 - [MESSAGE][PASSED] - Delayed 2 second(s)

2018-12-12 19:58:56 - [TEST_STEP][PASSED] - click: Object: 'Object Repository/Final Object Repo/Creating Employer Account/Page_Registration - ASSIST (Base)/Registration Type' is clicked on

2018-12-12 19:58:56 - [MESSAGE][PASSED] - Object: 'Object Repository/Final Object Repo/Creating Employer Account/Page_Registration - ASSIST (Base)/Registration Type' is clicked on

2018-12-12 19:58:56 - [TEST_STEP][PASSED] - delay: Delayed 2 second(s)

2018-12-12 19:58:58 - [MESSAGE][PASSED] - Delayed 2 second(s)

2018-12-12 19:58:58 - [TEST_STEP][PASSED] - click: Object: 'Object Repository/Final Object Repo/Creating Employer Account/Page_Registration - ASSIST (Base)/Registration Type - Registration No' is clicked on

2018-12-12 19:58:58 - [MESSAGE][PASSED] - Object: 'Object Repository/Final Object Repo/Creating Employer Account/Page_Registration - ASSIST (Base)/Registration Type - Registration No' is clicked on

2018-12-12 19:58:58 - [TEST_STEP][PASSED] - delay: Delayed 2 second(s)

2018-12-12 19:59:00 - [MESSAGE][PASSED] - Delayed 2 second(s)

2018-12-12 19:59:00 - [TEST_STEP][PASSED] - setText: Text 'AUTOMATE001' is set on object 'Object Repository/Final Object Repo/Creating Employer Account/Page_Registration - ASSIST (Base)/Registration Number'

2018-12-12 19:59:00 - [MESSAGE][PASSED] - Text 'AUTOMATE001' is set on object 'Object Repository/Final Object Repo/Creating Employer Account/Page_Registration - ASSIST (Base)/Registration Number'

2018-12-12 19:59:00 - [TEST_STEP][PASSED] - delay: Delayed 2 second(s)

2018-12-12 19:59:02 - [MESSAGE][PASSED] - Delayed 2 second(s)

2018-12-12 19:59:02 - [TEST_STEP][PASSED] - setText: Text 'ADDRESS 1' is set on object 'Object Repository/Final Object Repo/Creating Employer Account/Page_Registration - ASSIST (Base)/Postal Address 1'

2018-12-12 19:59:03 - [MESSAGE][PASSED] - Text 'ADDRESS 1' is set on object 'Object Repository/Final Object Repo/Creating Employer Account/Page_Registration - ASSIST (Base)/Postal Address 1'

2018-12-12 19:59:03 - [TEST_STEP][PASSED] - setText: Text 'ADDRESS 2' is set on object 'Object Repository/Final Object Repo/Creating Employer Account/Page_Registration - ASSIST (Base)/Postal Address 2'

2018-12-12 19:59:03 - [MESSAGE][PASSED] - Text 'ADDRESS 2' is set on object 'Object Repository/Final Object Repo/Creating Employer Account/Page_Registration - ASSIST (Base)/Postal Address 2'

2018-12-12 19:59:03 - [TEST_STEP][PASSED] - click: Object: 'Object Repository/Final Object Repo/Creating Employer Account/Page_Registration - ASSIST (Base)/State' is clicked on

2018-12-12 19:59:03 - [MESSAGE][PASSED] - Object: 'Object Repository/Final Object Repo/Creating Employer Account/Page_Registration - ASSIST (Base)/State' is clicked on

2018-12-12 19:59:03 - [TEST_STEP][PASSED] - delay: Delayed 2 second(s)

2018-12-12 19:59:05 - [MESSAGE][PASSED] - Delayed 2 second(s)

2018-12-12 19:59:05 - [TEST_STEP][PASSED] - click: Object: 'Object Repository/Final Object Repo/Creating Employer Account/Page_Registration - ASSIST (Base)/State - Johor' is clicked on

2018-12-12 19:59:05 - [MESSAGE][PASSED] - Object: 'Object Repository/Final Object Repo/Creating Employer Account/Page_Registration - ASSIST (Base)/State - Johor' is clicked on

2018-12-12 19:59:05 - [TEST_STEP][PASSED] - delay: Delayed 2 second(s)

2018-12-12 19:59:07 - [MESSAGE][PASSED] - Delayed 2 second(s)

2018-12-12 19:59:07 - [TEST_STEP][PASSED] - click: Object: 'Object Repository/Final Object Repo/Creating Employer Account/Page_Registration - ASSIST (Base)/City' is clicked on

2018-12-12 19:59:08 - [MESSAGE][PASSED] - Object: 'Object Repository/Final Object Repo/Creating Employer Account/Page_Registration - ASSIST (Base)/City' is clicked on

2018-12-12 19:59:08 - [TEST_STEP][PASSED] - delay: Delayed 2 second(s)

2018-12-12 19:59:10 - [MESSAGE][PASSED] - Delayed 2 second(s)

2018-12-12 19:59:10 - [TEST_STEP][PASSED] - setText: Text 'joh' is set on object 'Object Repository/Final Object Repo/Creating Employer Account/Page_Registration - ASSIST (Base)/City - joh'

2018-12-12 19:59:10 - [MESSAGE][PASSED] - Text 'joh' is set on object 'Object Repository/Final Object Repo/Creating Employer Account/Page_Registration - ASSIST (Base)/City - joh'

2018-12-12 19:59:10 - [TEST_STEP][PASSED] - delay: Delayed 2 second(s)

2018-12-12 19:59:12 - [MESSAGE][PASSED] - Delayed 2 second(s)

2018-12-12 19:59:12 - [TEST_STEP][PASSED] - click: Object: 'Object Repository/Final Object Repo/Creating Employer Account/Page_Registration - ASSIST (Base)/City - Johor Bharu' is clicked on

2018-12-12 19:59:12 - [MESSAGE][PASSED] - Object: 'Object Repository/Final Object Repo/Creating Employer Account/Page_Registration - ASSIST (Base)/City - Johor Bharu' is clicked on

2018-12-12 19:59:12 - [TEST_STEP][PASSED] - delay: Delayed 2 second(s)

2018-12-12 19:59:14 - [MESSAGE][PASSED] - Delayed 2 second(s)

2018-12-12 19:59:14 - [TEST_STEP][PASSED] - click: Object: 'Object Repository/Final Object Repo/Creating Employer Account/Page_Registration - ASSIST (Base)/Post Code' is clicked on

2018-12-12 19:59:14 - [MESSAGE][PASSED] - Object: 'Object Repository/Final Object Repo/Creating Employer Account/Page_Registration - ASSIST (Base)/Post Code' is clicked on

2018-12-12 19:59:14 - [TEST_STEP][PASSED] - delay: Delayed 2 second(s)

2018-12-12 19:59:16 - [MESSAGE][PASSED] - Delayed 2 second(s)

2018-12-12 19:59:16 - [TEST_STEP][PASSED] - setText: Text '810' is set on object 'Object Repository/Final Object Repo/Creating Employer Account/Page_Registration - ASSIST (Base)/Post Code - 810'

2018-12-12 19:59:16 - [MESSAGE][PASSED] - Text '810' is set on object 'Object Repository/Final Object Repo/Creating Employer Account/Page_Registration - ASSIST (Base)/Post Code - 810'

2018-12-12 19:59:16 - [TEST_STEP][PASSED] - delay: Delayed 2 second(s)

2018-12-12 19:59:18 - [MESSAGE][PASSED] - Delayed 2 second(s)

2018-12-12 19:59:18 - [TEST_STEP][PASSED] - click: Object: 'Object Repository/Final Object Repo/Creating Employer Account/Page_Registration - ASSIST (Base)/Post Code - 81000' is clicked on

2018-12-12 19:59:19 - [MESSAGE][PASSED] - Object: 'Object Repository/Final Object Repo/Creating Employer Account/Page_Registration - ASSIST (Base)/Post Code - 81000' is clicked on

2018-12-12 19:59:19 - [TEST_STEP][PASSED] - delay: Delayed 2 second(s)

2018-12-12 19:59:21 - [MESSAGE][PASSED] - Delayed 2 second(s)

2018-12-12 19:59:21 - [TEST_STEP][PASSED] - setText: Text 'PERKESO' is set on object 'Object Repository/Final Object Repo/Creating Employer Account/Page_Registration - ASSIST (Base)/Full Name'

2018-12-12 19:59:21 - [MESSAGE][PASSED] - Text 'PERKESO' is set on object 'Object Repository/Final Object Repo/Creating Employer Account/Page_Registration - ASSIST (Base)/Full Name'

2018-12-12 19:59:21 - [TEST_STEP][PASSED] - Statement - rnd = new java.util.Random(): null

2018-12-12 19:59:21 - [TEST_STEP][PASSED] - Statement - snum = rnd.nextInt(899999 + 1) + 100000: null

2018-12-12 19:59:21 - [TEST_STEP][PASSED] - Statement - tnum = rnd.nextInt(899999 + 1) + 100000: null

2018-12-12 19:59:21 - [TEST_STEP][PASSED] - Statement - IC = java.lang.Integer.toString(snum) + java.lang.Integer.toString(tnum): null

2018-12-12 19:59:21 - [TEST_STEP][PASSED] - Statement - out.println(IC): null

2018-12-12 19:59:21 - [TEST_STEP][PASSED] - setText: Text '389155451192' is set on object 'Object Repository/Final Object Repo/Creating Employer Account/Page_Registration - ASSIST (Base)/Identification Number'

2018-12-12 19:59:21 - [MESSAGE][PASSED] - Text '389155451192' is set on object 'Object Repository/Final Object Repo/Creating Employer Account/Page_Registration - ASSIST (Base)/Identification Number'

2018-12-12 19:59:21 - [TEST_STEP][PASSED] - delay: Delayed 2 second(s)

2018-12-12 19:59:23 - [MESSAGE][PASSED] - Delayed 2 second(s)

2018-12-12 19:59:23 - [TEST_STEP][PASSED] - setText: Text '123456789012' is set on object 'Object Repository/Final Object Repo/Creating Employer Account/Page_Registration - ASSIST (Base)/Contact Number'

2018-12-12 19:59:23 - [MESSAGE][PASSED] - Text '123456789012' is set on object 'Object Repository/Final Object Repo/Creating Employer Account/Page_Registration - ASSIST (Base)/Contact Number'

2018-12-12 19:59:23 - [TEST_STEP][PASSED] - Statement - Email = "perkeso" + IC + "@gmail.com": null

2018-12-12 19:59:23 - [TEST_STEP][PASSED] - delay: Delayed 2 second(s)

2018-12-12 19:59:25 - [MESSAGE][PASSED] - Delayed 2 second(s)

2018-12-12 19:59:25 - [TEST_STEP][PASSED] - callTestCase: Call Test Case 'Test Cases/Final Aug 2018 - PKS Automation/Create Employer Acc/Template/Employer Email Settler' successfully

2018-12-12 19:59:26 - [TEST_CASE][PASSED] - Test Cases/Final Aug 2018 - PKS Automation/Create Employer Acc/Template/Employer Email Settler: Test Cases/Final Aug 2018 - PKS Automation/Create Employer Acc/Template/Employer Email Settler

2018-12-12 19:59:26 - [TEST_STEP][PASSED] - Statement - EmpEmailOld = new java.io.File(C://Users//Admin//Desktop//PKS//Automation Reference Point//EmpEmail.txt): null

2018-12-12 19:59:26 - [TEST_STEP][PASSED] - Statement - EmpEmailOld.delete(): null

2018-12-12 19:59:26 - [TEST_STEP][PASSED] - delay: Delayed 5 second(s)

2018-12-12 19:59:31 - [MESSAGE][PASSED] - Delayed 5 second(s)

2018-12-12 19:59:31 - [TEST_STEP][PASSED] - Statement - EmpEmail = new java.io.File(C://Users//Admin//Desktop//PKS//Automation Reference Point//EmpEmail.txt): null

2018-12-12 19:59:31 - [TEST_STEP][PASSED] - Statement - f2 = new java.io.FileWriter(EmpEmail, false): null

2018-12-12 19:59:31 - [TEST_STEP][PASSED] - Statement - f2.write(Email): null

2018-12-12 19:59:31 - [TEST_STEP][PASSED] - Statement - f2.close(): null

2018-12-12 19:59:31 - [TEST_STEP][PASSED] - Statement - out.println(Email): null

2018-12-12 19:59:31 - [MESSAGE][PASSED] - Call Test Case 'Test Cases/Final Aug 2018 - PKS Automation/Create Employer Acc/Template/Employer Email Settler' successfully

2018-12-12 19:59:31 - [TEST_STEP][PASSED] - delay: Delayed 2 second(s)

2018-12-12 19:59:33 - [MESSAGE][PASSED] - Delayed 2 second(s)

2018-12-12 19:59:33 - [TEST_STEP][PASSED] - setText: Text 'perkeso389155451192@gmail.com' is set on object 'Object Repository/Final Object Repo/Creating Employer Account/Page_Registration - ASSIST (Base)/Email'

2018-12-12 19:59:33 - [MESSAGE][PASSED] - Text 'perkeso389155451192@gmail.com' is set on object 'Object Repository/Final Object Repo/Creating Employer Account/Page_Registration - ASSIST (Base)/Email'

2018-12-12 19:59:33 - [TEST_STEP][PASSED] - setText: Text '123' is set on object 'Object Repository/Final Object Repo/Creating Employer Account/Page_Registration - ASSIST (Base)/Security Phase'

2018-12-12 19:59:33 - [MESSAGE][PASSED] - Text '123' is set on object 'Object Repository/Final Object Repo/Creating Employer Account/Page_Registration - ASSIST (Base)/Security Phase'

2018-12-12 19:59:33 - [TEST_STEP][PASSED] - click: Object: 'Object Repository/Final Object Repo/Creating Employer Account/Page_Registration - ASSIST (Base)/Save  Continue' is clicked on

2018-12-12 19:59:33 - [MESSAGE][PASSED] - Object: 'Object Repository/Final Object Repo/Creating Employer Account/Page_Registration - ASSIST (Base)/Save  Continue' is clicked on

2018-12-12 19:59:33 - [TEST_STEP][PASSED] - delay: Delayed 2 second(s)

2018-12-12 19:59:35 - [MESSAGE][PASSED] - Delayed 2 second(s)

2018-12-12 19:59:35 - [TEST_STEP][PASSED] - click: Object: 'Object Repository/Final Object Repo/Creating Employer Account/Page_Registration - ASSIST (Base)/Add Document' is clicked on

2018-12-12 19:59:36 - [MESSAGE][PASSED] - Object: 'Object Repository/Final Object Repo/Creating Employer Account/Page_Registration - ASSIST (Base)/Add Document' is clicked on

2018-12-12 19:59:36 - [TEST_STEP][PASSED] - delay: Delayed 2 second(s)

2018-12-12 19:59:38 - [MESSAGE][PASSED] - Delayed 2 second(s)

2018-12-12 19:59:38 - [TEST_STEP][PASSED] - click: Object: 'Object Repository/Final Object Repo/Creating Employer Account/Page_Registration - ASSIST (Base)/Document Type' is clicked on

2018-12-12 19:59:38 - [MESSAGE][PASSED] - Object: 'Object Repository/Final Object Repo/Creating Employer Account/Page_Registration - ASSIST (Base)/Document Type' is clicked on

2018-12-12 19:59:38 - [TEST_STEP][PASSED] - delay: Delayed 2 second(s)

2018-12-12 19:59:40 - [MESSAGE][PASSED] - Delayed 2 second(s)

2018-12-12 19:59:40 - [TEST_STEP][PASSED] - click: Object: 'Object Repository/Final Object Repo/Creating Employer Account/Page_Registration - ASSIST (Base)/Document Type - Letter of Authorization' is clicked on

2018-12-12 19:59:40 - [MESSAGE][PASSED] - Object: 'Object Repository/Final Object Repo/Creating Employer Account/Page_Registration - ASSIST (Base)/Document Type - Letter of Authorization' is clicked on

2018-12-12 19:59:40 - [TEST_STEP][PASSED] - delay: Delayed 2 second(s)

2018-12-12 19:59:42 - [MESSAGE][PASSED] - Delayed 2 second(s)

2018-12-12 19:59:42 - [TEST_STEP][PASSED] - sendKeys: Keys 'C:\Users\Public\Pictures\Sample Pictures\Koala.jpg' sent to object: 'Object Repository/Final Object Repo/Creating Employer Account/Page_Registration - ASSIST (Base)/Uploading File'

2018-12-12 19:59:42 - [MESSAGE][PASSED] - Keys 'C:\Users\Public\Pictures\Sample Pictures\Koala.jpg' sent to object: 'Object Repository/Final Object Repo/Creating Employer Account/Page_Registration - ASSIST (Base)/Uploading File'

2018-12-12 19:59:42 - [TEST_STEP][PASSED] - delay: Delayed 2 second(s)

2018-12-12 19:59:44 - [MESSAGE][PASSED] - Delayed 2 second(s)

2018-12-12 19:59:44 - [TEST_STEP][PASSED] - click: Object: 'Object Repository/Final Object Repo/Creating Employer Account/Page_Registration - ASSIST (Base)/Add Document in Uploading File' is clicked on

2018-12-12 19:59:44 - [MESSAGE][PASSED] - Object: 'Object Repository/Final Object Repo/Creating Employer Account/Page_Registration - ASSIST (Base)/Add Document in Uploading File' is clicked on

2018-12-12 19:59:44 - [TEST_STEP][PASSED] - delay: Delayed 2 second(s)

2018-12-12 19:59:46 - [MESSAGE][PASSED] - Delayed 2 second(s)

2018-12-12 19:59:46 - [TEST_STEP][PASSED] - click: Object: 'Object Repository/Final Object Repo/Creating Employer Account/Page_Registration - ASSIST (Base)/Save' is clicked on

2018-12-12 19:59:46 - [MESSAGE][PASSED] - Object: 'Object Repository/Final Object Repo/Creating Employer Account/Page_Registration - ASSIST (Base)/Save' is clicked on

2018-12-12 19:59:46 - [TEST_STEP][PASSED] - delay: Delayed 2 second(s)

2018-12-12 19:59:48 - [MESSAGE][PASSED] - Delayed 2 second(s)

2018-12-12 19:59:48 - [TEST_STEP][PASSED] - click: Object: 'Object Repository/Final Object Repo/Creating Employer Account/Page_Registration - ASSIST (Base)/Submit' is clicked on

2018-12-12 19:59:49 - [MESSAGE][PASSED] - Object: 'Object Repository/Final Object Repo/Creating Employer Account/Page_Registration - ASSIST (Base)/Submit' is clicked on

2018-12-12 19:59:49 - [TEST_STEP][PASSED] - delay: Delayed 2 second(s)

2018-12-12 19:59:51 - [MESSAGE][PASSED] - Delayed 2 second(s)

2018-12-12 19:59:51 - [TEST_STEP][PASSED] - click: Object: 'Object Repository/Final Object Repo/Creating Employer Account/Page_Registration - ASSIST (Base)/Confirm' is clicked on

2018-12-12 19:59:51 - [MESSAGE][PASSED] - Object: 'Object Repository/Final Object Repo/Creating Employer Account/Page_Registration - ASSIST (Base)/Confirm' is clicked on

2018-12-12 19:59:51 - [MESSAGE][PASSED] - Call Test Case 'Test Cases/Final Aug 2018 - PKS Automation/Create Employer Acc/Template/Register Employer' successfully

2018-12-12 19:59:51 - [TEST_STEP][PASSED] - delay: Delayed 1 second(s)

2018-12-12 19:59:52 - [MESSAGE][PASSED] - Delayed 1 second(s)

2018-12-12 19:59:52 - [TEST_STEP][PASSED] - navigateToUrl: Navigate to 'https://assist2-uat.perkeso.gov.my/c/portal/logout' successfully

2018-12-12 19:59:53 - [MESSAGE][PASSED] - Navigate to 'https://assist2-uat.perkeso.gov.my/c/portal/logout' successfully

2018-12-12 19:59:53 - [TEST_STEP][PASSED] - delay: Delayed 1 second(s)

2018-12-12 19:59:54 - [MESSAGE][PASSED] - Delayed 1 second(s)

2018-12-12 19:59:54 - [TEST_STEP][PASSED] - callTestCase: Call Test Case 'Test Cases/Final Aug 2018 - PKS Automation/Create Employer Acc/Template/Change Password of Employer' successfully

2018-12-12 19:59:54 - [TEST_CASE][PASSED] - Test Cases/Final Aug 2018 - PKS Automation/Create Employer Acc/Template/Change Password of Employer: Test Cases/Final Aug 2018 - PKS Automation/Create Employer Acc/Template/Change Password of Employer

2018-12-12 19:59:54 - [TEST_STEP][PASSED] - openBrowser: Browser is opened with url: ''

2018-12-12 19:59:54 - [MESSAGE][WARNING] - A browser is already opened. Closing browser and opening a new one

2018-12-12 19:59:58 - [MESSAGE][PASSED] - Browser is opened with url: ''

2018-12-12 19:59:58 - [TEST_STEP][PASSED] - navigateToUrl: Navigate to 'https://assist2-uat.perkeso.gov.my/login' successfully

2018-12-12 19:59:59 - [MESSAGE][PASSED] - Navigate to 'https://assist2-uat.perkeso.gov.my/login' successfully

2018-12-12 19:59:59 - [TEST_STEP][PASSED] - delay: Delayed 5 second(s)

2018-12-12 20:00:04 - [MESSAGE][PASSED] - Delayed 5 second(s)

2018-12-12 20:00:04 - [TEST_STEP][PASSED] - setText: Text 'test@liferay.com' is set on object 'Object Repository/Final Object Repo/Login Page/Internal User/Email Address'

2018-12-12 20:00:05 - [MESSAGE][PASSED] - Text 'test@liferay.com' is set on object 'Object Repository/Final Object Repo/Login Page/Internal User/Email Address'

2018-12-12 20:00:05 - [TEST_STEP][PASSED] - click: Object: 'Object Repository/Final Object Repo/Login Page/Internal User/Next Button' is clicked on

2018-12-12 20:00:05 - [MESSAGE][PASSED] - Object: 'Object Repository/Final Object Repo/Login Page/Internal User/Next Button' is clicked on

2018-12-12 20:00:05 - [TEST_STEP][PASSED] - delay: Delayed 2 second(s)

2018-12-12 20:00:07 - [MESSAGE][PASSED] - Delayed 2 second(s)

2018-12-12 20:00:07 - [TEST_STEP][PASSED] - setText: Text 'test' is set on object 'Object Repository/Final Object Repo/Login Page/Internal User/Password'

2018-12-12 20:00:07 - [MESSAGE][PASSED] - Text 'test' is set on object 'Object Repository/Final Object Repo/Login Page/Internal User/Password'

2018-12-12 20:00:07 - [TEST_STEP][PASSED] - delay: Delayed 2 second(s)

2018-12-12 20:00:09 - [MESSAGE][PASSED] - Delayed 2 second(s)

2018-12-12 20:00:09 - [TEST_STEP][PASSED] - click: Object: 'Object Repository/Final Object Repo/Login Page/Internal User/Login Button' is clicked on

2018-12-12 20:00:09 - [MESSAGE][PASSED] - Object: 'Object Repository/Final Object Repo/Login Page/Internal User/Login Button' is clicked on

2018-12-12 20:00:09 - [TEST_STEP][PASSED] - delay: Delayed 3 second(s)

2018-12-12 20:00:12 - [MESSAGE][PASSED] - Delayed 3 second(s)

2018-12-12 20:00:12 - [TEST_STEP][PASSED] - navigateToUrl: Navigate to 'https://assist2-uat.perkeso.gov.my/group/control_panel/manage?p_p_id=125&p_p_lifecycle=0&p_p_state=maximized&p_p_mode=view&refererPlid=20455&_125_usersListView=flat-users&_125_toolbarItem=view-all-users&_125_saveUsersListView=true&_125_struts_action=%2Fusers_admin%2Fview' successfully

2018-12-12 20:00:14 - [MESSAGE][PASSED] - Navigate to 'https://assist2-uat.perkeso.gov.my/group/control_panel/manage?p_p_id=125&p_p_lifecycle=0&p_p_state=maximized&p_p_mode=view&refererPlid=20455&_125_usersListView=flat-users&_125_toolbarItem=view-all-users&_125_saveUsersListView=true&_125_struts_action=%2Fusers_admin%2Fview' successfully

2018-12-12 20:00:14 - [TEST_STEP][PASSED] - delay: Delayed 3 second(s)

2018-12-12 20:00:17 - [MESSAGE][PASSED] - Delayed 3 second(s)

2018-12-12 20:00:17 - [TEST_STEP][PASSED] - setText: Text 'perkeso389155451192@gmail.com' is set on object 'Object Repository/Final Object Repo/Creating Employer Account/Page_Users and Organizations - ASSIST/Employer name'

2018-12-12 20:00:17 - [MESSAGE][PASSED] - Text 'perkeso389155451192@gmail.com' is set on object 'Object Repository/Final Object Repo/Creating Employer Account/Page_Users and Organizations - ASSIST/Employer name'

2018-12-12 20:00:17 - [TEST_STEP][PASSED] - delay: Delayed 3 second(s)

2018-12-12 20:00:20 - [MESSAGE][PASSED] - Delayed 3 second(s)

2018-12-12 20:00:20 - [TEST_STEP][PASSED] - click: Object: 'Object Repository/Final Object Repo/Creating Employer Account/Page_Users and Organizations - ASSIST/Search' is clicked on

2018-12-12 20:00:20 - [MESSAGE][PASSED] - Object: 'Object Repository/Final Object Repo/Creating Employer Account/Page_Users and Organizations - ASSIST/Search' is clicked on

2018-12-12 20:00:20 - [TEST_STEP][PASSED] - delay: Delayed 3 second(s)

2018-12-12 20:00:23 - [MESSAGE][PASSED] - Delayed 3 second(s)

2018-12-12 20:00:23 - [TEST_STEP][PASSED] - click: Object: 'Object Repository/Final Object Repo/Creating Employer Account/Page_Users and Organizations - ASSIST/Action' is clicked on

2018-12-12 20:00:24 - [MESSAGE][PASSED] - Object: 'Object Repository/Final Object Repo/Creating Employer Account/Page_Users and Organizations - ASSIST/Action' is clicked on

2018-12-12 20:00:24 - [TEST_STEP][PASSED] - delay: Delayed 3 second(s)

2018-12-12 20:00:27 - [MESSAGE][PASSED] - Delayed 3 second(s)

2018-12-12 20:00:27 - [TEST_STEP][PASSED] - click: Object: 'Object Repository/Final Object Repo/Creating Employer Account/Page_Users and Organizations - ASSIST/Edit' is clicked on

2018-12-12 20:00:28 - [MESSAGE][PASSED] - Object: 'Object Repository/Final Object Repo/Creating Employer Account/Page_Users and Organizations - ASSIST/Edit' is clicked on

2018-12-12 20:00:28 - [TEST_STEP][PASSED] - delay: Delayed 3 second(s)

2018-12-12 20:00:31 - [MESSAGE][PASSED] - Delayed 3 second(s)

2018-12-12 20:00:31 - [TEST_STEP][PASSED] - click: Object: 'Object Repository/Final Object Repo/Creating Employer Account/Page_PERKESO - Users and Organizati/a_Password (Modified)' is clicked on

2018-12-12 20:00:31 - [MESSAGE][PASSED] - Object: 'Object Repository/Final Object Repo/Creating Employer Account/Page_PERKESO - Users and Organizati/a_Password (Modified)' is clicked on

2018-12-12 20:00:31 - [TEST_STEP][PASSED] - delay: Delayed 3 second(s)

2018-12-12 20:00:34 - [MESSAGE][PASSED] - Delayed 3 second(s)

2018-12-12 20:00:34 - [TEST_STEP][PASSED] - setEncryptedText: Text ****** has been set on object 'Object Repository/Final Object Repo/Creating Employer Account/Page_PERKESO - Users and Organizati/input__125_password1'

2018-12-12 20:00:34 - [MESSAGE][PASSED] - Text ****** has been set on object 'Object Repository/Final Object Repo/Creating Employer Account/Page_PERKESO - Users and Organizati/input__125_password1'

2018-12-12 20:00:34 - [TEST_STEP][PASSED] - delay: Delayed 3 second(s)

2018-12-12 20:00:37 - [MESSAGE][PASSED] - Delayed 3 second(s)

2018-12-12 20:00:37 - [TEST_STEP][PASSED] - setEncryptedText: Text ****** has been set on object 'Object Repository/Final Object Repo/Creating Employer Account/Page_PERKESO - Users and Organizati/input__125_password2'

2018-12-12 20:00:37 - [MESSAGE][PASSED] - Text ****** has been set on object 'Object Repository/Final Object Repo/Creating Employer Account/Page_PERKESO - Users and Organizati/input__125_password2'

2018-12-12 20:00:37 - [TEST_STEP][PASSED] - delay: Delayed 3 second(s)

2018-12-12 20:00:40 - [MESSAGE][PASSED] - Delayed 3 second(s)

2018-12-12 20:00:40 - [TEST_STEP][PASSED] - click: Object: 'Object Repository/Final Object Repo/Creating Employer Account/Page_PERKESO - Users and Organizati/Save' is clicked on

2018-12-12 20:00:42 - [MESSAGE][PASSED] - Object: 'Object Repository/Final Object Repo/Creating Employer Account/Page_PERKESO - Users and Organizati/Save' is clicked on

2018-12-12 20:00:42 - [MESSAGE][PASSED] - Call Test Case 'Test Cases/Final Aug 2018 - PKS Automation/Create Employer Acc/Template/Change Password of Employer' successfully

2018-12-12 20:00:42 - [TEST_STEP][PASSED] - delay: Delayed 1 second(s)

2018-12-12 20:00:43 - [MESSAGE][PASSED] - Delayed 1 second(s)

2018-12-12 20:00:43 - [TEST_STEP][PASSED] - navigateToUrl: Navigate to 'https://assist2-uat.perkeso.gov.my/c/portal/logout' successfully

2018-12-12 20:00:44 - [MESSAGE][PASSED] - Navigate to 'https://assist2-uat.perkeso.gov.my/c/portal/logout' successfully

2018-12-12 20:00:44 - [TEST_STEP][PASSED] - delay: Delayed 1 second(s)

2018-12-12 20:00:45 - [MESSAGE][PASSED] - Delayed 1 second(s)

2018-12-12 20:00:45 - [TEST_STEP][PASSED] - callTestCase: Call Test Case 'Test Cases/Final Aug 2018 - PKS Automation/Create Employer Acc/Template/Login to Employer Account (First Time)' successfully

2018-12-12 20:00:45 - [TEST_CASE][PASSED] - Test Cases/Final Aug 2018 - PKS Automation/Create Employer Acc/Template/Login to Employer Account (First Time): Test Cases/Final Aug 2018 - PKS Automation/Create Employer Acc/Template/Login to Employer Account (First Time)

2018-12-12 20:00:45 - [TEST_STEP][PASSED] - openBrowser: Browser is opened with url: ''

2018-12-12 20:00:45 - [MESSAGE][WARNING] - A browser is already opened. Closing browser and opening a new one

2018-12-12 20:00:49 - [MESSAGE][PASSED] - Browser is opened with url: ''

2018-12-12 20:00:49 - [TEST_STEP][PASSED] - navigateToUrl: Navigate to 'https://assist2-uat.perkeso.gov.my/employer/login' successfully

2018-12-12 20:00:50 - [MESSAGE][PASSED] - Navigate to 'https://assist2-uat.perkeso.gov.my/employer/login' successfully

2018-12-12 20:00:50 - [TEST_STEP][PASSED] - delay: Delayed 3 second(s)

2018-12-12 20:00:53 - [MESSAGE][PASSED] - Delayed 3 second(s)

2018-12-12 20:00:53 - [TEST_STEP][PASSED] - callTestCase: Call Test Case 'Test Cases/Final Aug 2018 - PKS Automation/Create Employer Acc/Template/Employer Email Getter' successfully

2018-12-12 20:00:53 - [TEST_CASE][PASSED] - Test Cases/Final Aug 2018 - PKS Automation/Create Employer Acc/Template/Employer Email Getter: Test Cases/Final Aug 2018 - PKS Automation/Create Employer Acc/Template/Employer Email Getter

2018-12-12 20:00:53 - [TEST_STEP][PASSED] - Statement - Try: null

2018-12-12 20:00:53 - [TEST_STEP][PASSED] - Statement - EmpEmail = new java.io.File(C://Users//Admin//Desktop//PKS//Automation Reference Point//EmpEmail.txt): null

2018-12-12 20:00:53 - [TEST_STEP][PASSED] - Statement - bufferread = new java.io.BufferedReader(new java.io.FileReader(EmpEmail)): null

2018-12-12 20:00:53 - [TEST_STEP][PASSED] - Statement - readedVal = bufferread.readLine(): null

2018-12-12 20:00:53 - [TEST_STEP][PASSED] - Statement - out.println(readedVal): null

2018-12-12 20:00:53 - [TEST_STEP][PASSED] - Statement - Email = readedVal: null

2018-12-12 20:00:53 - [MESSAGE][PASSED] - Call Test Case 'Test Cases/Final Aug 2018 - PKS Automation/Create Employer Acc/Template/Employer Email Getter' successfully

2018-12-12 20:00:53 - [TEST_STEP][PASSED] - setText: Text 'perkeso389155451192@gmail.com' is set on object 'Object Repository/Final Object Repo/Login Page/External Login Page/Email'

2018-12-12 20:00:53 - [MESSAGE][PASSED] - Text 'perkeso389155451192@gmail.com' is set on object 'Object Repository/Final Object Repo/Login Page/External Login Page/Email'

2018-12-12 20:00:53 - [TEST_STEP][PASSED] - click: Object: 'Object Repository/Final Object Repo/Login Page/External Login Page/Next' is clicked on

2018-12-12 20:00:53 - [MESSAGE][PASSED] - Object: 'Object Repository/Final Object Repo/Login Page/External Login Page/Next' is clicked on

2018-12-12 20:00:53 - [TEST_STEP][PASSED] - delay: Delayed 3 second(s)

2018-12-12 20:00:56 - [MESSAGE][PASSED] - Delayed 3 second(s)

2018-12-12 20:00:56 - [TEST_STEP][PASSED] - setEncryptedText: Text ****** has been set on object 'Object Repository/Final Object Repo/Login Page/External Login Page/Password'

2018-12-12 20:00:57 - [MESSAGE][PASSED] - Text ****** has been set on object 'Object Repository/Final Object Repo/Login Page/External Login Page/Password'

2018-12-12 20:00:57 - [TEST_STEP][PASSED] - click: Object: 'Object Repository/Final Object Repo/Login Page/External Login Page/Login' is clicked on

2018-12-12 20:00:57 - [MESSAGE][PASSED] - Object: 'Object Repository/Final Object Repo/Login Page/External Login Page/Login' is clicked on

2018-12-12 20:00:57 - [TEST_STEP][PASSED] - delay: Delayed 3 second(s)

2018-12-12 20:01:00 - [MESSAGE][PASSED] - Delayed 3 second(s)

2018-12-12 20:01:00 - [TEST_STEP][PASSED] - click: Object: 'Object Repository/Final Object Repo/Creating Employer Account/Page_Terms of Use - ASSIST/button_I Agree' is clicked on

2018-12-12 20:01:00 - [MESSAGE][PASSED] - Object: 'Object Repository/Final Object Repo/Creating Employer Account/Page_Terms of Use - ASSIST/button_I Agree' is clicked on

2018-12-12 20:01:00 - [TEST_STEP][PASSED] - delay: Delayed 2 second(s)

2018-12-12 20:01:02 - [MESSAGE][PASSED] - Delayed 2 second(s)

2018-12-12 20:01:02 - [TEST_STEP][PASSED] - setEncryptedText: Text ****** has been set on object 'Object Repository/Final Object Repo/Creating Employer Account/Page_New Password - ASSIST/input_password1'

2018-12-12 20:01:02 - [MESSAGE][PASSED] - Text ****** has been set on object 'Object Repository/Final Object Repo/Creating Employer Account/Page_New Password - ASSIST/input_password1'

2018-12-12 20:01:02 - [TEST_STEP][PASSED] - setEncryptedText: Text ****** has been set on object 'Object Repository/Final Object Repo/Creating Employer Account/Page_New Password - ASSIST/input_password2'

2018-12-12 20:01:03 - [MESSAGE][PASSED] - Text ****** has been set on object 'Object Repository/Final Object Repo/Creating Employer Account/Page_New Password - ASSIST/input_password2'

2018-12-12 20:01:03 - [TEST_STEP][PASSED] - delay: Delayed 2 second(s)

2018-12-12 20:01:05 - [MESSAGE][PASSED] - Delayed 2 second(s)

2018-12-12 20:01:05 - [TEST_STEP][PASSED] - click: Object: 'Object Repository/Final Object Repo/Creating Employer Account/Page_New Password - ASSIST/Save' is clicked on

2018-12-12 20:01:05 - [MESSAGE][PASSED] - Object: 'Object Repository/Final Object Repo/Creating Employer Account/Page_New Password - ASSIST/Save' is clicked on

2018-12-12 20:01:05 - [TEST_STEP][PASSED] - delay: Delayed 2 second(s)

2018-12-12 20:01:07 - [MESSAGE][PASSED] - Delayed 2 second(s)

2018-12-12 20:01:07 - [TEST_STEP][PASSED] - setText: Text 'test' is set on object 'Object Repository/Final Object Repo/Creating Employer Account/Page_Password Reminder - ASSIST/Reminder Query Answer'

2018-12-12 20:01:07 - [MESSAGE][PASSED] - Text 'test' is set on object 'Object Repository/Final Object Repo/Creating Employer Account/Page_Password Reminder - ASSIST/Reminder Query Answer'

2018-12-12 20:01:07 - [TEST_STEP][PASSED] - delay: Delayed 2 second(s)

2018-12-12 20:01:09 - [MESSAGE][PASSED] - Delayed 2 second(s)

2018-12-12 20:01:09 - [TEST_STEP][PASSED] - doubleClick: Object: 'Object Repository/Final Object Repo/Creating Employer Account/Page_Password Reminder - ASSIST/Save' is double clicked on

2018-12-12 20:01:09 - [MESSAGE][PASSED] - Object: 'Object Repository/Final Object Repo/Creating Employer Account/Page_Password Reminder - ASSIST/Save' is double clicked on

2018-12-12 20:01:09 - [MESSAGE][PASSED] - Call Test Case 'Test Cases/Final Aug 2018 - PKS Automation/Create Employer Acc/Template/Login to Employer Account (First Time)' successfully

2018-12-12 20:01:09 - [MESSAGE][PASSED] - Call Test Case 'Test Cases/Final Aug 2018 - PKS Automation/Create Employer Acc/Create Employer Account' successfully

2018-12-12 20:01:09 - [TEST_STEP][PASSED] - callTestCase: Call Test Case 'Test Cases/Final Aug 2018 - PKS Automation/Registration Module/Log Out/log out avoiding katalon tagging' successfully

2018-12-12 20:01:09 - [TEST_CASE][PASSED] - Test Cases/Final Aug 2018 - PKS Automation/Registration Module/Log Out/log out avoiding katalon tagging: Test Cases/Final Aug 2018 - PKS Automation/Registration Module/Log Out/log out avoiding katalon tagging

2018-12-12 20:01:09 - [TEST_STEP][PASSED] - navigateToUrl: Navigate to 'https://assist2-uat.perkeso.gov.my/c/portal/logout' successfully

2018-12-12 20:01:12 - [MESSAGE][PASSED] - Navigate to 'https://assist2-uat.perkeso.gov.my/c/portal/logout' successfully

2018-12-12 20:01:12 - [MESSAGE][PASSED] - Call Test Case 'Test Cases/Final Aug 2018 - PKS Automation/Registration Module/Log Out/log out avoiding katalon tagging' successfully

2018-12-12 20:01:12 - [TEST_STEP][PASSED] - callTestCase: Call Test Case 'Test Cases/Final Aug 2018 - PKS Automation/Create Employer Acc/Login to Employer Account (Second time)' successfully

2018-12-12 20:01:12 - [TEST_CASE][PASSED] - Test Cases/Final Aug 2018 - PKS Automation/Create Employer Acc/Login to Employer Account (Second time): Test Cases/Final Aug 2018 - PKS Automation/Create Employer Acc/Login to Employer Account (Second time)

2018-12-12 20:01:12 - [TEST_STEP][PASSED] - openBrowser: Browser is opened with url: ''

2018-12-12 20:01:12 - [MESSAGE][WARNING] - A browser is already opened. Closing browser and opening a new one

2018-12-12 20:01:16 - [MESSAGE][PASSED] - Browser is opened with url: ''

2018-12-12 20:01:16 - [TEST_STEP][PASSED] - navigateToUrl: Navigate to 'https://assist2-uat.perkeso.gov.my/employer/login' successfully

2018-12-12 20:01:17 - [MESSAGE][PASSED] - Navigate to 'https://assist2-uat.perkeso.gov.my/employer/login' successfully

2018-12-12 20:01:17 - [TEST_STEP][PASSED] - delay: Delayed 3 second(s)

2018-12-12 20:01:20 - [MESSAGE][PASSED] - Delayed 3 second(s)

2018-12-12 20:01:20 - [TEST_STEP][PASSED] - callTestCase: Call Test Case 'Test Cases/Final Aug 2018 - PKS Automation/Create Employer Acc/Template/Employer Email Getter' successfully

2018-12-12 20:01:20 - [TEST_CASE][PASSED] - Test Cases/Final Aug 2018 - PKS Automation/Create Employer Acc/Template/Employer Email Getter: Test Cases/Final Aug 2018 - PKS Automation/Create Employer Acc/Template/Employer Email Getter

2018-12-12 20:01:20 - [TEST_STEP][PASSED] - Statement - Try: null

2018-12-12 20:01:20 - [TEST_STEP][PASSED] - Statement - EmpEmail = new java.io.File(C://Users//Admin//Desktop//PKS//Automation Reference Point//EmpEmail.txt): null

2018-12-12 20:01:20 - [TEST_STEP][PASSED] - Statement - bufferread = new java.io.BufferedReader(new java.io.FileReader(EmpEmail)): null

2018-12-12 20:01:20 - [TEST_STEP][PASSED] - Statement - readedVal = bufferread.readLine(): null

2018-12-12 20:01:20 - [TEST_STEP][PASSED] - Statement - out.println(readedVal): null

2018-12-12 20:01:20 - [TEST_STEP][PASSED] - Statement - Email = readedVal: null

2018-12-12 20:01:20 - [MESSAGE][PASSED] - Call Test Case 'Test Cases/Final Aug 2018 - PKS Automation/Create Employer Acc/Template/Employer Email Getter' successfully

2018-12-12 20:01:20 - [TEST_STEP][PASSED] - setText: Text 'perkeso389155451192@gmail.com' is set on object 'Object Repository/Final Object Repo/Login Page/External Login Page/Email'

2018-12-12 20:01:21 - [MESSAGE][PASSED] - Text 'perkeso389155451192@gmail.com' is set on object 'Object Repository/Final Object Repo/Login Page/External Login Page/Email'

2018-12-12 20:01:21 - [TEST_STEP][PASSED] - click: Object: 'Object Repository/Final Object Repo/Login Page/External Login Page/Next' is clicked on

2018-12-12 20:01:21 - [MESSAGE][PASSED] - Object: 'Object Repository/Final Object Repo/Login Page/External Login Page/Next' is clicked on

2018-12-12 20:01:21 - [TEST_STEP][PASSED] - delay: Delayed 3 second(s)

2018-12-12 20:01:24 - [MESSAGE][PASSED] - Delayed 3 second(s)

2018-12-12 20:01:24 - [TEST_STEP][PASSED] - setEncryptedText: Text ****** has been set on object 'Object Repository/Final Object Repo/Login Page/External Login Page/Password'

2018-12-12 20:01:24 - [MESSAGE][PASSED] - Text ****** has been set on object 'Object Repository/Final Object Repo/Login Page/External Login Page/Password'

2018-12-12 20:01:24 - [TEST_STEP][PASSED] - click: Object: 'Object Repository/Final Object Repo/Login Page/External Login Page/Login' is clicked on

2018-12-12 20:01:24 - [MESSAGE][PASSED] - Object: 'Object Repository/Final Object Repo/Login Page/External Login Page/Login' is clicked on

2018-12-12 20:01:24 - [TEST_STEP][PASSED] - delay: Delayed 5 second(s)

2018-12-12 20:01:29 - [MESSAGE][PASSED] - Delayed 5 second(s)

2018-12-12 20:01:29 - [MESSAGE][PASSED] - Call Test Case 'Test Cases/Final Aug 2018 - PKS Automation/Create Employer Acc/Login to Employer Account (Second time)' successfully

2018-12-12 20:01:29 - [TEST_STEP][PASSED] - Statement - Try: null

2018-12-12 20:01:29 - [TEST_STEP][PASSED] - Statement - Checker = com.kms.katalon.core.webui.keyword.WebUiBuiltInKeywords.verifyElementNotPresent("Final Object Repo/Landing Page/Select to English", 3): null

2018-12-12 20:01:29 - [TEST_STEP][PASSED] - Statement - Catch (Exception e): null

2018-12-12 20:01:29 - [TEST_STEP][PASSED] - Statement - e.printStackTrace(): null

2018-12-12 20:01:29 - [TEST_STEP][PASSED] - delay: Delayed 5 second(s)

2018-12-12 20:01:34 - [MESSAGE][PASSED] - Delayed 5 second(s)

2018-12-12 20:01:34 - [TEST_STEP][PASSED] - click: Object: 'Object Repository/Final Object Repo/Landing Page/My Sites Drop Down' is clicked on

2018-12-12 20:01:34 - [MESSAGE][PASSED] - Object: 'Object Repository/Final Object Repo/Landing Page/My Sites Drop Down' is clicked on

2018-12-12 20:01:34 - [TEST_STEP][PASSED] - click: Object: 'Object Repository/Final Object Repo/Landing Page/Select to Registration Module' is clicked on

2018-12-12 20:01:37 - [MESSAGE][PASSED] - Object: 'Object Repository/Final Object Repo/Landing Page/Select to Registration Module' is clicked on

2018-12-12 20:01:37 - [TEST_STEP][PASSED] - click: Object: 'Object Repository/Final Object Repo/Landing Page/Registration Button' is clicked on

2018-12-12 20:01:39 - [MESSAGE][PASSED] - Object: 'Object Repository/Final Object Repo/Landing Page/Registration Button' is clicked on

2018-12-12 20:01:39 - [TEST_STEP][PASSED] - delay: Delayed 2 second(s)

2018-12-12 20:01:41 - [MESSAGE][PASSED] - Delayed 2 second(s)

2018-12-12 20:01:41 - [TEST_STEP][PASSED] - click: Object: 'Object Repository/Final Object Repo/New Registration - Registration Module Pages/New Reg - OTC to RO/Special Case - OTC - Form 1/AEC NO' is clicked on

2018-12-12 20:01:41 - [MESSAGE][PASSED] - Object: 'Object Repository/Final Object Repo/New Registration - Registration Module Pages/New Reg - OTC to RO/Special Case - OTC - Form 1/AEC NO' is clicked on

2018-12-12 20:01:41 - [TEST_STEP][PASSED] - click: Object: 'Object Repository/Final Object Repo/New Registration - Registration Module Pages/New Reg - OTC to RO/Special Case - OTC - Form 1/Business Entity - Please Select' is clicked on

2018-12-12 20:01:41 - [MESSAGE][PASSED] - Object: 'Object Repository/Final Object Repo/New Registration - Registration Module Pages/New Reg - OTC to RO/Special Case - OTC - Form 1/Business Entity - Please Select' is clicked on

2018-12-12 20:01:41 - [TEST_STEP][PASSED] - click: Object: 'Object Repository/Final Object Repo/New Registration - Registration Module Pages/New Reg - OTC to RO/Special Case - OTC - Form 1/Selected - Corporation' is clicked on

2018-12-12 20:01:41 - [MESSAGE][PASSED] - Object: 'Object Repository/Final Object Repo/New Registration - Registration Module Pages/New Reg - OTC to RO/Special Case - OTC - Form 1/Selected - Corporation' is clicked on

2018-12-12 20:01:41 - [TEST_STEP][PASSED] - delay: Delayed 2 second(s)

2018-12-12 20:01:43 - [MESSAGE][PASSED] - Delayed 2 second(s)

2018-12-12 20:01:43 - [TEST_STEP][PASSED] - click: Object: 'Object Repository/Final Object Repo/New Registration - Registration Module Pages/New Reg - OTC to RO/Special Case - OTC - Form 1/Sub Business Entity - Please Select' is clicked on

2018-12-12 20:01:43 - [MESSAGE][PASSED] - Object: 'Object Repository/Final Object Repo/New Registration - Registration Module Pages/New Reg - OTC to RO/Special Case - OTC - Form 1/Sub Business Entity - Please Select' is clicked on

2018-12-12 20:01:43 - [TEST_STEP][PASSED] - delay: Delayed 2 second(s)

2018-12-12 20:01:45 - [MESSAGE][PASSED] - Delayed 2 second(s)

2018-12-12 20:01:45 - [TEST_STEP][PASSED] - click: Object: 'Object Repository/Final Object Repo/New Registration - Registration Module Pages/New Reg - OTC to RO/Special Case - OTC - Form 1/Selected - Sendirian Berhad' is clicked on

2018-12-12 20:01:46 - [MESSAGE][PASSED] - Object: 'Object Repository/Final Object Repo/New Registration - Registration Module Pages/New Reg - OTC to RO/Special Case - OTC - Form 1/Selected - Sendirian Berhad' is clicked on

2018-12-12 20:01:46 - [TEST_STEP][PASSED] - setText: Text 'AUTOMATE001' is set on object 'Object Repository/Final Object Repo/New Registration - Registration Module Pages/New Reg - OTC to RO/Special Case - OTC - Form 1/Input BRN Number'

2018-12-12 20:01:46 - [MESSAGE][PASSED] - Text 'AUTOMATE001' is set on object 'Object Repository/Final Object Repo/New Registration - Registration Module Pages/New Reg - OTC to RO/Special Case - OTC - Form 1/Input BRN Number'

2018-12-12 20:01:46 - [TEST_STEP][PASSED] - delay: Delayed 2 second(s)

2018-12-12 20:01:48 - [MESSAGE][PASSED] - Delayed 2 second(s)

2018-12-12 20:01:48 - [TEST_STEP][PASSED] - click: Object: 'Object Repository/Final Object Repo/New Registration - Registration Module Pages/New Reg - OTC to RO/Special Case - OTC - Form 1/BRN Search' is clicked on

2018-12-12 20:01:48 - [MESSAGE][PASSED] - Object: 'Object Repository/Final Object Repo/New Registration - Registration Module Pages/New Reg - OTC to RO/Special Case - OTC - Form 1/BRN Search' is clicked on

2018-12-12 20:01:48 - [TEST_STEP][PASSED] - delay: Delayed 4 second(s)

2018-12-12 20:01:52 - [MESSAGE][PASSED] - Delayed 4 second(s)

2018-12-12 20:01:52 - [TEST_STEP][PASSED] - click: Object: 'Object Repository/Final Object Repo/New Registration - Registration Module Pages/New Reg - OTC to RO/Special Case - OTC - Form 1/Registered with SSM - After Feb 2017' is clicked on

2018-12-12 20:01:52 - [MESSAGE][PASSED] - Object: 'Object Repository/Final Object Repo/New Registration - Registration Module Pages/New Reg - OTC to RO/Special Case - OTC - Form 1/Registered with SSM - After Feb 2017' is clicked on

2018-12-12 20:01:52 - [TEST_STEP][PASSED] - delay: Delayed 2 second(s)

2018-12-12 20:01:54 - [MESSAGE][PASSED] - Delayed 2 second(s)

2018-12-12 20:01:54 - [TEST_STEP][PASSED] - click: Object: 'Object Repository/Final Object Repo/New Registration - Registration Module Pages/New Reg - OTC to RO/Special Case - OTC - Form 1/Registering As A Branch - No' is clicked on

2018-12-12 20:01:54 - [MESSAGE][PASSED] - Object: 'Object Repository/Final Object Repo/New Registration - Registration Module Pages/New Reg - OTC to RO/Special Case - OTC - Form 1/Registering As A Branch - No' is clicked on

2018-12-12 20:01:54 - [TEST_STEP][PASSED] - click: Object: 'Object Repository/Final Object Repo/New Registration - Registration Module Pages/New Reg - OTC to RO/Special Case - OTC - Form 1/Acknowledgement Ticked' is clicked on

2018-12-12 20:01:55 - [MESSAGE][PASSED] - Object: 'Object Repository/Final Object Repo/New Registration - Registration Module Pages/New Reg - OTC to RO/Special Case - OTC - Form 1/Acknowledgement Ticked' is clicked on

2018-12-12 20:01:55 - [TEST_STEP][PASSED] - delay: Delayed 2 second(s)

2018-12-12 20:01:57 - [MESSAGE][PASSED] - Delayed 2 second(s)

2018-12-12 20:01:57 - [TEST_STEP][PASSED] - callTestCase: Call Test Case 'Test Cases/Final Aug 2018 - PKS Automation/Create Employer Acc/Template/Employer Email Getter' successfully

2018-12-12 20:01:57 - [TEST_CASE][PASSED] - Test Cases/Final Aug 2018 - PKS Automation/Create Employer Acc/Template/Employer Email Getter: Test Cases/Final Aug 2018 - PKS Automation/Create Employer Acc/Template/Employer Email Getter

2018-12-12 20:01:57 - [TEST_STEP][PASSED] - Statement - Try: null

2018-12-12 20:01:57 - [TEST_STEP][PASSED] - Statement - EmpEmail = new java.io.File(C://Users//Admin//Desktop//PKS//Automation Reference Point//EmpEmail.txt): null

2018-12-12 20:01:57 - [TEST_STEP][PASSED] - Statement - bufferread = new java.io.BufferedReader(new java.io.FileReader(EmpEmail)): null

2018-12-12 20:01:57 - [TEST_STEP][PASSED] - Statement - readedVal = bufferread.readLine(): null

2018-12-12 20:01:57 - [TEST_STEP][PASSED] - Statement - out.println(readedVal): null

2018-12-12 20:01:57 - [TEST_STEP][PASSED] - Statement - Email = readedVal: null

2018-12-12 20:01:57 - [MESSAGE][PASSED] - Call Test Case 'Test Cases/Final Aug 2018 - PKS Automation/Create Employer Acc/Template/Employer Email Getter' successfully

2018-12-12 20:01:57 - [TEST_STEP][PASSED] - setText: Text 'perkeso389155451192@gmail.com' is set on object 'Object Repository/Final Object Repo/Creating Employer Account/Email'

2018-12-12 20:01:57 - [MESSAGE][PASSED] - Text 'perkeso389155451192@gmail.com' is set on object 'Object Repository/Final Object Repo/Creating Employer Account/Email'

2018-12-12 20:01:57 - [TEST_STEP][PASSED] - delay: Delayed 2 second(s)

2018-12-12 20:01:59 - [MESSAGE][PASSED] - Delayed 2 second(s)

2018-12-12 20:01:59 - [TEST_STEP][PASSED] - click: Object: 'Object Repository/Final Object Repo/New Registration - Registration Module Pages/New Reg - OTC to RO/Special Case - OTC - Form 1/Submit Button' is clicked on

2018-12-12 20:02:00 - [MESSAGE][PASSED] - Object: 'Object Repository/Final Object Repo/New Registration - Registration Module Pages/New Reg - OTC to RO/Special Case - OTC - Form 1/Submit Button' is clicked on

2018-12-12 20:02:00 - [TEST_STEP][PASSED] - delay: Delayed 2 second(s)

2018-12-12 20:02:02 - [MESSAGE][PASSED] - Delayed 2 second(s)

2018-12-12 20:02:02 - [TEST_STEP][PASSED] - click: Object: 'Object Repository/Final Object Repo/New Registration - Registration Module Pages/New Reg - OTC to RO/Special Case - OTC - Form 1/Confirm No Flagging as Branch' is clicked on

2018-12-12 20:02:02 - [MESSAGE][PASSED] - Object: 'Object Repository/Final Object Repo/New Registration - Registration Module Pages/New Reg - OTC to RO/Special Case - OTC - Form 1/Confirm No Flagging as Branch' is clicked on

2018-12-12 20:02:02 - [MESSAGE][PASSED] - Call Test Case 'Test Cases/Final Aug 2018 - PKS Automation/Registration Module/Workflow/New Registration/Template/Special Case - Employer - Form 1' successfully

2018-12-12 20:02:02 - [TEST_STEP][PASSED] - callTestCase: Call Test Case 'Test Cases/Final Aug 2018 - PKS Automation/Registration Module/New Registration/Form 2/Add 1 Eligible - Employer Account Use' successfully

2018-12-12 20:02:02 - [TEST_CASE][PASSED] - Test Cases/Final Aug 2018 - PKS Automation/Registration Module/New Registration/Form 2/Add 1 Eligible - Employer Account Use: Test Cases/Final Aug 2018 - PKS Automation/Registration Module/New Registration/Form 2/Add 1 Eligible - Employer Account Use

2018-12-12 20:02:02 - [TEST_STEP][PASSED] - delay: Delayed 2 second(s)

2018-12-12 20:02:04 - [MESSAGE][PASSED] - Delayed 2 second(s)

2018-12-12 20:02:04 - [TEST_STEP][PASSED] - callTestCase: Call Test Case 'Test Cases/Final Aug 2018 - PKS Automation/Registration Module/New Registration/Form 2/Date Updater' successfully

2018-12-12 20:02:04 - [TEST_CASE][PASSED] - Test Cases/Final Aug 2018 - PKS Automation/Registration Module/New Registration/Form 2/Date Updater: Test Cases/Final Aug 2018 - PKS Automation/Registration Module/New Registration/Form 2/Date Updater

2018-12-12 20:02:04 - [TEST_STEP][PASSED] - Statement - TodayDate = new java.util.Date(): null

2018-12-12 20:02:04 - [TEST_STEP][PASSED] - Statement - CurrentDateNoFilter = new java.text.SimpleDateFormat(): null

2018-12-12 20:02:04 - [TEST_STEP][PASSED] - Statement - CurrentDateNoFilter.applyPattern("MM"): null

2018-12-12 20:02:04 - [TEST_STEP][PASSED] - Statement - monthContainerMatcher = java.lang.Integer.parseInt(CurrentDateNoFilter.format(TodayDate)): null

2018-12-12 20:02:04 - [TEST_STEP][PASSED] - Statement - monthContainerMatcher = monthContainerMatcher - 1: null

2018-12-12 20:02:04 - [TEST_STEP][PASSED] - Statement - CurrentMonth = monthContainerMatcher.toString(): null

2018-12-12 20:02:04 - [TEST_STEP][PASSED] - Statement - CurrentMonth = CurrentMonth: null

2018-12-12 20:02:04 - [TEST_STEP][PASSED] - Statement - CurrentDateNoFilter.applyPattern("yyyy"): null

2018-12-12 20:02:04 - [TEST_STEP][PASSED] - Statement - CurrentYear = CurrentDateNoFilter.format(TodayDate): null

2018-12-12 20:02:04 - [TEST_STEP][PASSED] - Statement - CurrentYear = CurrentYear: null

2018-12-12 20:02:04 - [TEST_STEP][PASSED] - Statement - intCurrentYear = java.lang.Integer.parseInt(CurrentDateNoFilter.format(TodayDate)): null

2018-12-12 20:02:04 - [TEST_STEP][PASSED] - Statement - eighteenYrsAgo = intCurrentYear - 18: null

2018-12-12 20:02:04 - [TEST_STEP][PASSED] - Statement - eighteenYrsBeforeThisYr = eighteenYrsAgo.toString(): null

2018-12-12 20:02:04 - [TEST_STEP][PASSED] - Statement - EighteenYrsBefore = eighteenYrsBeforeThisYr: null

2018-12-12 20:02:04 - [TEST_STEP][PASSED] - Statement - fiftysevenYrsAgo = intCurrentYear - 57: null

2018-12-12 20:02:04 - [TEST_STEP][PASSED] - Statement - fiftysevenYrsBeforeThisYr = fiftysevenYrsAgo.toString(): null

2018-12-12 20:02:04 - [TEST_STEP][PASSED] - Statement - FiftysevenYrsBefore = fiftysevenYrsBeforeThisYr: null

2018-12-12 20:02:04 - [TEST_STEP][PASSED] - Statement - leapYear = false: null

2018-12-12 20:02:04 - [TEST_STEP][PASSED] - Statement - leapYear = intCurrentYear % 4 == 0: null

2018-12-12 20:02:04 - [TEST_STEP][PASSED] - Statement - CurrentDateNoFilter.applyPattern("dd"): null

2018-12-12 20:02:04 - [TEST_STEP][PASSED] - Statement - CurrentDate = CurrentDateNoFilter.format(TodayDate): null

2018-12-12 20:02:04 - [TEST_STEP][PASSED] - Statement - CurrentDate = java.lang.Integer.parseInt(CurrentDate): null

2018-12-12 20:02:04 - [TEST_STEP][PASSED] - Statement - CurrentDate = CurrentDate: null

2018-12-12 20:02:04 - [TEST_STEP][PASSED] - Statement - CurrentDay = java.lang.Integer.parseInt(CurrentDate): null

2018-12-12 20:02:04 - [TEST_STEP][PASSED] - Statement - ConfAdder = <not implemented yet for class: org.codehaus.groovy.ast.expr.EmptyExpression>: null

2018-12-12 20:02:04 - [TEST_STEP][PASSED] - Statement - out.println(CurrentMonth): null

2018-12-12 20:02:04 - [TEST_STEP][PASSED] - Statement - out.println(CurrentDate): null

2018-12-12 20:02:04 - [TEST_STEP][PASSED] - Statement - switch (CurrentDate): null

2018-12-12 20:02:04 - [TEST_STEP][PASSED] - Statement - Default: null

2018-12-12 20:02:04 - [TEST_STEP][PASSED] - Statement - ConfAdder = true: null

2018-12-12 20:02:04 - [TEST_STEP][PASSED] - Statement - Break: null

2018-12-12 20:02:04 - [TEST_STEP][PASSED] - Statement - aDayBefore = <not implemented yet for class: org.codehaus.groovy.ast.expr.EmptyExpression>: null

2018-12-12 20:02:04 - [TEST_STEP][PASSED] - Statement - out.println(ConfAdder): null

2018-12-12 20:02:04 - [TEST_STEP][PASSED] - Statement - If (ConfAdder == true): null

2018-12-12 20:02:04 - [TEST_STEP][PASSED] - Statement - aDayBefore = CurrentDay + 1: null

2018-12-12 20:02:04 - [TEST_STEP][PASSED] - Statement - out.println(aDayBefore): null

2018-12-12 20:02:04 - [TEST_STEP][PASSED] - Statement - If (aDayBefore == 1 && CurrentMonth == 11): null

2018-12-12 20:02:04 - [TEST_STEP][PASSED] - Statement - DayBefore = aDayBefore.toString(): null

2018-12-12 20:02:04 - [TEST_STEP][PASSED] - Statement - OneDayBefore = DayBefore: null

2018-12-12 20:02:04 - [MESSAGE][PASSED] - Call Test Case 'Test Cases/Final Aug 2018 - PKS Automation/Registration Module/New Registration/Form 2/Date Updater' successfully

2018-12-12 20:02:04 - [TEST_STEP][PASSED] - delay: Delayed 1 second(s)

2018-12-12 20:02:05 - [MESSAGE][PASSED] - Delayed 1 second(s)

2018-12-12 20:02:05 - [TEST_STEP][PASSED] - Statement - CaseReferenceNo = com.kms.katalon.core.webui.keyword.WebUiBuiltInKeywords.getText(com.kms.katalon.core.testobject.ObjectRepository.findTestObject(Final Object Repo/New Registration - Registration Module Pages/Form 2/RefNo Acquiring)): Text of object 'Object Repository/Final Object Repo/New Registration - Registration Module Pages/Form 2/RefNo Acquiring' is: 'CRN12201800123234'

2018-12-12 20:02:05 - [MESSAGE][PASSED] - Text of object 'Object Repository/Final Object Repo/New Registration - Registration Module Pages/Form 2/RefNo Acquiring' is: 'CRN12201800123234'

2018-12-12 20:02:05 - [TEST_STEP][PASSED] - delay: Delayed 1 second(s)

2018-12-12 20:02:06 - [MESSAGE][PASSED] - Delayed 1 second(s)

2018-12-12 20:02:06 - [TEST_STEP][PASSED] - click: Object: 'Object Repository/Final Object Repo/New Registration - Registration Module Pages/Form 2/Add Employee Button' is clicked on

2018-12-12 20:02:06 - [MESSAGE][PASSED] - Object: 'Object Repository/Final Object Repo/New Registration - Registration Module Pages/Form 2/Add Employee Button' is clicked on

2018-12-12 20:02:06 - [TEST_STEP][PASSED] - delay: Delayed 1 second(s)

2018-12-12 20:02:07 - [MESSAGE][PASSED] - Delayed 1 second(s)

2018-12-12 20:02:07 - [TEST_STEP][PASSED] - setText: Text '010903091948' is set on object 'Object Repository/Final Object Repo/New Registration - Registration Module Pages/Form 2/NRIC Input'

2018-12-12 20:02:07 - [MESSAGE][PASSED] - Text '010903091948' is set on object 'Object Repository/Final Object Repo/New Registration - Registration Module Pages/Form 2/NRIC Input'

2018-12-12 20:02:07 - [TEST_STEP][PASSED] - delay: Delayed 2 second(s)

2018-12-12 20:02:09 - [MESSAGE][PASSED] - Delayed 2 second(s)

2018-12-12 20:02:09 - [TEST_STEP][PASSED] - setText: Text 'Automate001 eligible 1' is set on object 'Object Repository/Final Object Repo/New Registration - Registration Module Pages/Form 2/Employee Name Input'

2018-12-12 20:02:10 - [MESSAGE][PASSED] - Text 'Automate001 eligible 1' is set on object 'Object Repository/Final Object Repo/New Registration - Registration Module Pages/Form 2/Employee Name Input'

2018-12-12 20:02:10 - [TEST_STEP][PASSED] - delay: Delayed 2 second(s)

2018-12-12 20:02:12 - [MESSAGE][PASSED] - Delayed 2 second(s)

2018-12-12 20:02:12 - [TEST_STEP][PASSED] - click: Object: 'Object Repository/Final Object Repo/New Registration - Registration Module Pages/Form 2/DatePicker Pop Up' is clicked on

2018-12-12 20:02:12 - [MESSAGE][PASSED] - Object: 'Object Repository/Final Object Repo/New Registration - Registration Module Pages/Form 2/DatePicker Pop Up' is clicked on

2018-12-12 20:02:12 - [TEST_STEP][PASSED] - click: Object: 'Object Repository/Final Object Repo/New Registration - Registration Module Pages/Form 2/DOB Month' is clicked on

2018-12-12 20:02:12 - [MESSAGE][PASSED] - Object: 'Object Repository/Final Object Repo/New Registration - Registration Module Pages/Form 2/DOB Month' is clicked on

2018-12-12 20:02:12 - [TEST_STEP][PASSED] - Statement - CurrentMonth = CurrentMonth: null

2018-12-12 20:02:12 - [TEST_STEP][PASSED] - Statement - selectMonth = new com.kms.katalon.core.testobject.TestObject(): null

2018-12-12 20:02:12 - [TEST_STEP][PASSED] - Statement - selectMonth.addProperty("xpath", EQUALS, "//body/div/div/div/select/option[@value='" + CurrentMonth + "']", true): null

2018-12-12 20:02:12 - [TEST_STEP][PASSED] - click: Object: '' is clicked on

2018-12-12 20:02:12 - [MESSAGE][PASSED] - Object: '' is clicked on

2018-12-12 20:02:12 - [TEST_STEP][PASSED] - click: Object: 'Object Repository/Final Object Repo/New Registration - Registration Module Pages/Form 2/DOB Year' is clicked on

2018-12-12 20:02:13 - [MESSAGE][PASSED] - Object: 'Object Repository/Final Object Repo/New Registration - Registration Module Pages/Form 2/DOB Year' is clicked on

2018-12-12 20:02:13 - [TEST_STEP][PASSED] - Statement - Eyearsbf = EighteenYrsBefore: null

2018-12-12 20:02:13 - [TEST_STEP][PASSED] - Statement - selectYear = new com.kms.katalon.core.testobject.TestObject(): null

2018-12-12 20:02:13 - [TEST_STEP][PASSED] - Statement - selectYear.addProperty("xpath", EQUALS, "//div/div/div/select/option[@value='" + Eyearsbf + "']", true): null

2018-12-12 20:02:13 - [TEST_STEP][PASSED] - click: Object: '' is clicked on

2018-12-12 20:02:13 - [MESSAGE][PASSED] - Object: '' is clicked on

2018-12-12 20:02:13 - [TEST_STEP][PASSED] - Statement - UpdatedSelectDate = com.kms.katalon.core.webui.keyword.WebUiBuiltInKeywords.modifyObjectProperty(com.kms.katalon.core.testobject.ObjectRepository.findTestObject(Final Object Repo/New Registration - Registration Module Pages/Form 2/DOB Date), "xpath", "equals", "//body/div/table/tbody/tr/td/a[text()="" + CurrentDate + ""]", true): Modify property of object successfully

2018-12-12 20:02:13 - [MESSAGE][PASSED] - Modify property of object successfully

2018-12-12 20:02:13 - [TEST_STEP][PASSED] - delay: Delayed 3 second(s)

2018-12-12 20:02:16 - [MESSAGE][PASSED] - Delayed 3 second(s)

2018-12-12 20:02:16 - [TEST_STEP][PASSED] - click: Object: 'Object Repository/Final Object Repo/New Registration - Registration Module Pages/Form 2/DOB Date' is clicked on

2018-12-12 20:02:16 - [MESSAGE][PASSED] - Object: 'Object Repository/Final Object Repo/New Registration - Registration Module Pages/Form 2/DOB Date' is clicked on

2018-12-12 20:02:16 - [TEST_STEP][PASSED] - delay: Delayed 2 second(s)

2018-12-12 20:02:18 - [MESSAGE][PASSED] - Delayed 2 second(s)

2018-12-12 20:02:18 - [TEST_STEP][PASSED] - click: Object: 'Object Repository/Final Object Repo/New Registration - Registration Module Pages/Form 2/EmploymentStartDate Pop Up' is clicked on

2018-12-12 20:02:18 - [MESSAGE][PASSED] - Object: 'Object Repository/Final Object Repo/New Registration - Registration Module Pages/Form 2/EmploymentStartDate Pop Up' is clicked on

2018-12-12 20:02:18 - [TEST_STEP][PASSED] - delay: Delayed 2 second(s)

2018-12-12 20:02:20 - [MESSAGE][PASSED] - Delayed 2 second(s)

2018-12-12 20:02:20 - [TEST_STEP][PASSED] - click: Object: 'Object Repository/Final Object Repo/New Registration - Registration Module Pages/Form 2/Socso Employment StartDate Month' is clicked on

2018-12-12 20:02:20 - [MESSAGE][PASSED] - Object: 'Object Repository/Final Object Repo/New Registration - Registration Module Pages/Form 2/Socso Employment StartDate Month' is clicked on

2018-12-12 20:02:20 - [TEST_STEP][PASSED] - delay: Delayed 1 second(s)

2018-12-12 20:02:21 - [MESSAGE][PASSED] - Delayed 1 second(s)

2018-12-12 20:02:21 - [TEST_STEP][PASSED] - click: Object: 'Object Repository/Final Object Repo/New Registration - Registration Module Pages/Form 2/Select Socso Employement Startdate Month' is clicked on

2018-12-12 20:02:21 - [MESSAGE][PASSED] - Object: 'Object Repository/Final Object Repo/New Registration - Registration Module Pages/Form 2/Select Socso Employement Startdate Month' is clicked on

2018-12-12 20:02:21 - [TEST_STEP][PASSED] - delay: Delayed 2 second(s)

2018-12-12 20:02:23 - [MESSAGE][PASSED] - Delayed 2 second(s)

2018-12-12 20:02:23 - [TEST_STEP][PASSED] - click: Object: 'Object Repository/Final Object Repo/New Registration - Registration Module Pages/Form 2/Socso Employment StartDate Year' is clicked on

2018-12-12 20:02:24 - [MESSAGE][PASSED] - Object: 'Object Repository/Final Object Repo/New Registration - Registration Module Pages/Form 2/Socso Employment StartDate Year' is clicked on

2018-12-12 20:02:24 - [TEST_STEP][PASSED] - delay: Delayed 1 second(s)

2018-12-12 20:02:25 - [MESSAGE][PASSED] - Delayed 1 second(s)

2018-12-12 20:02:25 - [TEST_STEP][PASSED] - click: Object: 'Object Repository/Final Object Repo/New Registration - Registration Module Pages/Form 2/Select Socso Employment Startdate Year' is clicked on

2018-12-12 20:02:25 - [MESSAGE][PASSED] - Object: 'Object Repository/Final Object Repo/New Registration - Registration Module Pages/Form 2/Select Socso Employment Startdate Year' is clicked on

2018-12-12 20:02:25 - [TEST_STEP][PASSED] - delay: Delayed 2 second(s)

2018-12-12 20:02:27 - [MESSAGE][PASSED] - Delayed 2 second(s)

2018-12-12 20:02:27 - [TEST_STEP][PASSED] - click: Object: 'Object Repository/Final Object Repo/New Registration - Registration Module Pages/Form 2/Socso Employment Start Date Day' is clicked on

2018-12-12 20:02:27 - [MESSAGE][PASSED] - Object: 'Object Repository/Final Object Repo/New Registration - Registration Module Pages/Form 2/Socso Employment Start Date Day' is clicked on

2018-12-12 20:02:27 - [TEST_STEP][PASSED] - delay: Delayed 2 second(s)

2018-12-12 20:02:29 - [MESSAGE][PASSED] - Delayed 2 second(s)

2018-12-12 20:02:29 - [TEST_STEP][PASSED] - click: Object: 'Object Repository/Final Object Repo/New Registration - Registration Module Pages/Form 2/Save Button for Add Employee' is clicked on

2018-12-12 20:02:29 - [MESSAGE][PASSED] - Object: 'Object Repository/Final Object Repo/New Registration - Registration Module Pages/Form 2/Save Button for Add Employee' is clicked on

2018-12-12 20:02:29 - [TEST_STEP][PASSED] - delay: Delayed 6 second(s)

2018-12-12 20:02:35 - [MESSAGE][PASSED] - Delayed 6 second(s)

2018-12-12 20:02:35 - [TEST_STEP][PASSED] - click: Object: 'Object Repository/Final Object Repo/New Registration - Registration Module Pages/Form 2/Save and Continue Form 2' is clicked on

2018-12-12 20:02:35 - [MESSAGE][PASSED] - Object: 'Object Repository/Final Object Repo/New Registration - Registration Module Pages/Form 2/Save and Continue Form 2' is clicked on

2018-12-12 20:02:35 - [MESSAGE][PASSED] - Call Test Case 'Test Cases/Final Aug 2018 - PKS Automation/Registration Module/New Registration/Form 2/Add 1 Eligible - Employer Account Use' successfully

2018-12-12 20:02:35 - [TEST_STEP][PASSED] - callTestCase: Call Test Case 'Test Cases/Final Aug 2018 - PKS Automation/Registration Module/New Registration/Flow of New Registration/Third Screen - Upload Supporting Doc - Preview' successfully

2018-12-12 20:02:35 - [TEST_CASE][PASSED] - Test Cases/Final Aug 2018 - PKS Automation/Registration Module/New Registration/Flow of New Registration/Third Screen - Upload Supporting Doc - Preview: Test Cases/Final Aug 2018 - PKS Automation/Registration Module/New Registration/Flow of New Registration/Third Screen - Upload Supporting Doc - Preview

2018-12-12 20:02:35 - [TEST_STEP][PASSED] - waitForPageLoad: Wait for page load successfully

2018-12-12 20:02:36 - [MESSAGE][PASSED] - Wait for page load successfully

2018-12-12 20:02:36 - [TEST_STEP][PASSED] - Statement - CaseReferenceNo = com.kms.katalon.core.webui.keyword.WebUiBuiltInKeywords.getText(com.kms.katalon.core.testobject.ObjectRepository.findTestObject(Final Object Repo/New Registration - Registration Module Pages/Third Screen - Upload Supporting Doc- Preview/RefNo Acquiring)): Text of object 'Object Repository/Final Object Repo/New Registration - Registration Module Pages/Third Screen - Upload Supporting Doc- Preview/RefNo Acquiring' is: 'CRN12201800123234'

2018-12-12 20:02:36 - [MESSAGE][PASSED] - Text of object 'Object Repository/Final Object Repo/New Registration - Registration Module Pages/Third Screen - Upload Supporting Doc- Preview/RefNo Acquiring' is: 'CRN12201800123234'

2018-12-12 20:02:36 - [TEST_STEP][PASSED] - delay: Delayed 2 second(s)

2018-12-12 20:02:38 - [MESSAGE][PASSED] - Delayed 2 second(s)

2018-12-12 20:02:38 - [TEST_STEP][PASSED] - callTestCase: Call Test Case 'Test Cases/Final Aug 2018 - PKS Automation/Common/Reference Number Setter' successfully

2018-12-12 20:02:38 - [TEST_CASE][PASSED] - Test Cases/Final Aug 2018 - PKS Automation/Common/Reference Number Setter: Test Cases/Final Aug 2018 - PKS Automation/Common/Reference Number Setter

2018-12-12 20:02:38 - [TEST_STEP][PASSED] - Statement - RefNoOldFile = new java.io.File(C://Users//Admin//Desktop//PKS//Automation Reference Point//KatalonReference.txt): null

2018-12-12 20:02:38 - [TEST_STEP][PASSED] - Statement - RefNoOldFile.delete(): null

2018-12-12 20:02:38 - [TEST_STEP][PASSED] - delay: Delayed 5 second(s)

2018-12-12 20:02:43 - [MESSAGE][PASSED] - Delayed 5 second(s)

2018-12-12 20:02:43 - [TEST_STEP][PASSED] - Statement - RefNo = new java.io.File(C://Users//Admin//Desktop//PKS//Automation Reference Point//KatalonReference.txt): null

2018-12-12 20:02:43 - [TEST_STEP][PASSED] - Statement - f2 = new java.io.FileWriter(RefNo, false): null

2018-12-12 20:02:43 - [TEST_STEP][PASSED] - Statement - f2.write(CaseReferenceNo): null

2018-12-12 20:02:43 - [TEST_STEP][PASSED] - Statement - f2.close(): null

2018-12-12 20:02:43 - [TEST_STEP][PASSED] - Statement - out.println("


" + CaseReferenceNo + "


"): null

2018-12-12 20:02:43 - [MESSAGE][PASSED] - Call Test Case 'Test Cases/Final Aug 2018 - PKS Automation/Common/Reference Number Setter' successfully

2018-12-12 20:02:43 - [TEST_STEP][PASSED] - waitForElementClickable: Object 'Object Repository/Final Object Repo/New Registration - Registration Module Pages/Third Screen - Upload Supporting Doc- Preview/Save n Continue in SIP Employee Listing Page' is clickable

2018-12-12 20:02:43 - [MESSAGE][PASSED] - Object 'Object Repository/Final Object Repo/New Registration - Registration Module Pages/Third Screen - Upload Supporting Doc- Preview/Save n Continue in SIP Employee Listing Page' is clickable

2018-12-12 20:02:43 - [TEST_STEP][PASSED] - click: Object: 'Object Repository/Final Object Repo/New Registration - Registration Module Pages/Third Screen - Upload Supporting Doc- Preview/Save n Continue in SIP Employee Listing Page' is clicked on

2018-12-12 20:02:48 - [MESSAGE][PASSED] - Object: 'Object Repository/Final Object Repo/New Registration - Registration Module Pages/Third Screen - Upload Supporting Doc- Preview/Save n Continue in SIP Employee Listing Page' is clicked on

2018-12-12 20:02:48 - [TEST_STEP][PASSED] - delay: Delayed 7 second(s)

2018-12-12 20:02:55 - [MESSAGE][PASSED] - Delayed 7 second(s)

2018-12-12 20:02:55 - [TEST_STEP][PASSED] - click: Object: 'Object Repository/Final Object Repo/New Registration - Registration Module Pages/Third Screen - Upload Supporting Doc- Preview/Add Document Button' is clicked on

2018-12-12 20:02:55 - [MESSAGE][PASSED] - Object: 'Object Repository/Final Object Repo/New Registration - Registration Module Pages/Third Screen - Upload Supporting Doc- Preview/Add Document Button' is clicked on

2018-12-12 20:02:55 - [TEST_STEP][PASSED] - delay: Delayed 30 second(s)

2018-12-12 20:03:25 - [MESSAGE][PASSED] - Delayed 30 second(s)

2018-12-12 20:03:25 - [TEST_STEP][PASSED] - click: Object: 'Object Repository/Final Object Repo/New Registration - Registration Module Pages/Third Screen - Upload Supporting Doc- Preview/Supporting Doc Please Select Drop Down' is clicked on

2018-12-12 20:03:25 - [MESSAGE][PASSED] - Object: 'Object Repository/Final Object Repo/New Registration - Registration Module Pages/Third Screen - Upload Supporting Doc- Preview/Supporting Doc Please Select Drop Down' is clicked on

2018-12-12 20:03:25 - [TEST_STEP][PASSED] - delay: Delayed 2 second(s)

2018-12-12 20:03:27 - [MESSAGE][PASSED] - Delayed 2 second(s)

2018-12-12 20:03:27 - [TEST_STEP][PASSED] - click: Object: 'Object Repository/Final Object Repo/New Registration - Registration Module Pages/Third Screen - Upload Supporting Doc- Preview/Select to Upload Form 1' is clicked on

2018-12-12 20:03:28 - [MESSAGE][PASSED] - Object: 'Object Repository/Final Object Repo/New Registration - Registration Module Pages/Third Screen - Upload Supporting Doc- Preview/Select to Upload Form 1' is clicked on

2018-12-12 20:03:28 - [TEST_STEP][PASSED] - delay: Delayed 2 second(s)

2018-12-12 20:03:30 - [MESSAGE][PASSED] - Delayed 2 second(s)

2018-12-12 20:03:30 - [TEST_STEP][PASSED] - uploadFile: File 'C:\Users\Public\Pictures\Sample Pictures\Koala.jpg' sent to object: 'Object Repository/Final Object Repo/New Registration - Registration Module Pages/Third Screen - Upload Supporting Doc- Preview/Upload File Adding'

2018-12-12 20:03:30 - [MESSAGE][PASSED] - File 'C:\Users\Public\Pictures\Sample Pictures\Koala.jpg' sent to object: 'Object Repository/Final Object Repo/New Registration - Registration Module Pages/Third Screen - Upload Supporting Doc- Preview/Upload File Adding'

2018-12-12 20:03:30 - [TEST_STEP][PASSED] - delay: Delayed 5 second(s)

2018-12-12 20:03:35 - [MESSAGE][PASSED] - Delayed 5 second(s)

2018-12-12 20:03:35 - [TEST_STEP][PASSED] - click: Object: 'Object Repository/Final Object Repo/New Registration - Registration Module Pages/Third Screen - Upload Supporting Doc- Preview/Inner Form Add Document Button' is clicked on

2018-12-12 20:03:35 - [MESSAGE][PASSED] - Object: 'Object Repository/Final Object Repo/New Registration - Registration Module Pages/Third Screen - Upload Supporting Doc- Preview/Inner Form Add Document Button' is clicked on

2018-12-12 20:03:35 - [TEST_STEP][PASSED] - delay: Delayed 3 second(s)

2018-12-12 20:03:38 - [MESSAGE][PASSED] - Delayed 3 second(s)

2018-12-12 20:03:38 - [TEST_STEP][PASSED] - click: Object: 'Object Repository/Final Object Repo/New Registration - Registration Module Pages/Third Screen - Upload Supporting Doc- Preview/Add Document Button' is clicked on

2018-12-12 20:03:39 - [MESSAGE][PASSED] - Object: 'Object Repository/Final Object Repo/New Registration - Registration Module Pages/Third Screen - Upload Supporting Doc- Preview/Add Document Button' is clicked on

2018-12-12 20:03:39 - [TEST_STEP][PASSED] - delay: Delayed 30 second(s)

2018-12-12 20:04:09 - [MESSAGE][PASSED] - Delayed 30 second(s)

2018-12-12 20:04:09 - [TEST_STEP][PASSED] - click: Object: 'Object Repository/Final Object Repo/New Registration - Registration Module Pages/Third Screen - Upload Supporting Doc- Preview/Supporting Doc Please Select Drop Down' is clicked on

2018-12-12 20:04:09 - [MESSAGE][PASSED] - Object: 'Object Repository/Final Object Repo/New Registration - Registration Module Pages/Third Screen - Upload Supporting Doc- Preview/Supporting Doc Please Select Drop Down' is clicked on

2018-12-12 20:04:09 - [TEST_STEP][PASSED] - delay: Delayed 4 second(s)

2018-12-12 20:04:13 - [MESSAGE][PASSED] - Delayed 4 second(s)

2018-12-12 20:04:13 - [TEST_STEP][PASSED] - click: Object: 'Object Repository/Final Object Repo/New Registration - Registration Module Pages/Third Screen - Upload Supporting Doc- Preview/Select to Upload Form 2' is clicked on

2018-12-12 20:04:13 - [MESSAGE][PASSED] - Object: 'Object Repository/Final Object Repo/New Registration - Registration Module Pages/Third Screen - Upload Supporting Doc- Preview/Select to Upload Form 2' is clicked on

2018-12-12 20:04:13 - [TEST_STEP][PASSED] - delay: Delayed 2 second(s)

2018-12-12 20:04:15 - [MESSAGE][PASSED] - Delayed 2 second(s)

2018-12-12 20:04:15 - [TEST_STEP][PASSED] - uploadFile: File 'C:\Users\Public\Pictures\Sample Pictures\Koala.jpg' sent to object: 'Object Repository/Final Object Repo/New Registration - Registration Module Pages/Third Screen - Upload Supporting Doc- Preview/Upload File Adding'

2018-12-12 20:04:16 - [MESSAGE][PASSED] - File 'C:\Users\Public\Pictures\Sample Pictures\Koala.jpg' sent to object: 'Object Repository/Final Object Repo/New Registration - Registration Module Pages/Third Screen - Upload Supporting Doc- Preview/Upload File Adding'

2018-12-12 20:04:16 - [TEST_STEP][PASSED] - click: Object: 'Object Repository/Final Object Repo/New Registration - Registration Module Pages/Third Screen - Upload Supporting Doc- Preview/Inner Form Add Document Button' is clicked on

2018-12-12 20:04:16 - [MESSAGE][PASSED] - Object: 'Object Repository/Final Object Repo/New Registration - Registration Module Pages/Third Screen - Upload Supporting Doc- Preview/Inner Form Add Document Button' is clicked on

2018-12-12 20:04:16 - [TEST_STEP][PASSED] - delay: Delayed 5 second(s)

2018-12-12 20:04:21 - [MESSAGE][PASSED] - Delayed 5 second(s)

2018-12-12 20:04:21 - [TEST_STEP][PASSED] - click: Object: 'Object Repository/Final Object Repo/New Registration - Registration Module Pages/Third Screen - Upload Supporting Doc- Preview/Add Document Button' is clicked on

2018-12-12 20:04:21 - [MESSAGE][PASSED] - Object: 'Object Repository/Final Object Repo/New Registration - Registration Module Pages/Third Screen - Upload Supporting Doc- Preview/Add Document Button' is clicked on

2018-12-12 20:04:21 - [TEST_STEP][PASSED] - delay: Delayed 30 second(s)

2018-12-12 20:04:51 - [MESSAGE][PASSED] - Delayed 30 second(s)

2018-12-12 20:04:51 - [TEST_STEP][PASSED] - click: Object: 'Object Repository/Final Object Repo/New Registration - Registration Module Pages/Third Screen - Upload Supporting Doc- Preview/Supporting Doc Please Select Drop Down' is clicked on

2018-12-12 20:04:51 - [MESSAGE][PASSED] - Object: 'Object Repository/Final Object Repo/New Registration - Registration Module Pages/Third Screen - Upload Supporting Doc- Preview/Supporting Doc Please Select Drop Down' is clicked on

2018-12-12 20:04:51 - [TEST_STEP][PASSED] - click: Object: 'Object Repository/Final Object Repo/New Registration - Registration Module Pages/Third Screen - Upload Supporting Doc- Preview/Select to Upload Borang SIP 1' is clicked on

2018-12-12 20:04:51 - [MESSAGE][PASSED] - Object: 'Object Repository/Final Object Repo/New Registration - Registration Module Pages/Third Screen - Upload Supporting Doc- Preview/Select to Upload Borang SIP 1' is clicked on

2018-12-12 20:04:51 - [TEST_STEP][PASSED] - delay: Delayed 2 second(s)

2018-12-12 20:04:53 - [MESSAGE][PASSED] - Delayed 2 second(s)

2018-12-12 20:04:53 - [TEST_STEP][PASSED] - uploadFile: File 'C:\Users\Public\Pictures\Sample Pictures\Koala.jpg' sent to object: 'Object Repository/Final Object Repo/New Registration - Registration Module Pages/Third Screen - Upload Supporting Doc- Preview/Upload File Adding'

2018-12-12 20:04:53 - [MESSAGE][PASSED] - File 'C:\Users\Public\Pictures\Sample Pictures\Koala.jpg' sent to object: 'Object Repository/Final Object Repo/New Registration - Registration Module Pages/Third Screen - Upload Supporting Doc- Preview/Upload File Adding'

2018-12-12 20:04:53 - [TEST_STEP][PASSED] - click: Object: 'Object Repository/Final Object Repo/New Registration - Registration Module Pages/Third Screen - Upload Supporting Doc- Preview/Inner Form Add Document Button' is clicked on

2018-12-12 20:04:54 - [MESSAGE][PASSED] - Object: 'Object Repository/Final Object Repo/New Registration - Registration Module Pages/Third Screen - Upload Supporting Doc- Preview/Inner Form Add Document Button' is clicked on

2018-12-12 20:04:54 - [TEST_STEP][PASSED] - delay: Delayed 5 second(s)

2018-12-12 20:04:59 - [MESSAGE][PASSED] - Delayed 5 second(s)

2018-12-12 20:04:59 - [TEST_STEP][PASSED] - click: Object: 'Object Repository/Final Object Repo/New Registration - Registration Module Pages/Third Screen - Upload Supporting Doc- Preview/Add Document Button' is clicked on

2018-12-12 20:04:59 - [MESSAGE][PASSED] - Object: 'Object Repository/Final Object Repo/New Registration - Registration Module Pages/Third Screen - Upload Supporting Doc- Preview/Add Document Button' is clicked on

2018-12-12 20:04:59 - [TEST_STEP][PASSED] - delay: Delayed 30 second(s)

2018-12-12 20:05:29 - [MESSAGE][PASSED] - Delayed 30 second(s)

2018-12-12 20:05:29 - [TEST_STEP][PASSED] - click: Object: 'Object Repository/Final Object Repo/New Registration - Registration Module Pages/Third Screen - Upload Supporting Doc- Preview/Supporting Doc Please Select Drop Down' is clicked on

2018-12-12 20:05:29 - [MESSAGE][PASSED] - Object: 'Object Repository/Final Object Repo/New Registration - Registration Module Pages/Third Screen - Upload Supporting Doc- Preview/Supporting Doc Please Select Drop Down' is clicked on

2018-12-12 20:05:29 - [TEST_STEP][PASSED] - delay: Delayed 3 second(s)

2018-12-12 20:05:32 - [MESSAGE][PASSED] - Delayed 3 second(s)

2018-12-12 20:05:32 - [TEST_STEP][PASSED] - click: Object: 'Object Repository/Final Object Repo/New Registration - Registration Module Pages/Third Screen - Upload Supporting Doc- Preview/Select to Upload Borang SIP 2' is clicked on

2018-12-12 20:05:32 - [MESSAGE][PASSED] - Object: 'Object Repository/Final Object Repo/New Registration - Registration Module Pages/Third Screen - Upload Supporting Doc- Preview/Select to Upload Borang SIP 2' is clicked on

2018-12-12 20:05:32 - [TEST_STEP][PASSED] - delay: Delayed 2 second(s)

2018-12-12 20:05:34 - [MESSAGE][PASSED] - Delayed 2 second(s)

2018-12-12 20:05:34 - [TEST_STEP][PASSED] - uploadFile: File 'C:\Users\Public\Pictures\Sample Pictures\Koala.jpg' sent to object: 'Object Repository/Final Object Repo/New Registration - Registration Module Pages/Third Screen - Upload Supporting Doc- Preview/Upload File Adding'

2018-12-12 20:05:34 - [MESSAGE][PASSED] - File 'C:\Users\Public\Pictures\Sample Pictures\Koala.jpg' sent to object: 'Object Repository/Final Object Repo/New Registration - Registration Module Pages/Third Screen - Upload Supporting Doc- Preview/Upload File Adding'

2018-12-12 20:05:34 - [TEST_STEP][PASSED] - delay: Delayed 5 second(s)

2018-12-12 20:05:39 - [MESSAGE][PASSED] - Delayed 5 second(s)

2018-12-12 20:05:39 - [TEST_STEP][PASSED] - click: Object: 'Object Repository/Final Object Repo/New Registration - Registration Module Pages/Third Screen - Upload Supporting Doc- Preview/Inner Form Add Document Button' is clicked on

2018-12-12 20:05:39 - [MESSAGE][PASSED] - Object: 'Object Repository/Final Object Repo/New Registration - Registration Module Pages/Third Screen - Upload Supporting Doc- Preview/Inner Form Add Document Button' is clicked on

2018-12-12 20:05:39 - [TEST_STEP][PASSED] - delay: Delayed 3 second(s)

2018-12-12 20:05:42 - [MESSAGE][PASSED] - Delayed 3 second(s)

2018-12-12 20:05:42 - [TEST_STEP][PASSED] - waitForElementClickable: Object 'Object Repository/Final Object Repo/New Registration - Registration Module Pages/Third Screen - Upload Supporting Doc- Preview/Save n Continue in Uploading Supporting Doc Page' is clickable

2018-12-12 20:05:43 - [MESSAGE][PASSED] - Object 'Object Repository/Final Object Repo/New Registration - Registration Module Pages/Third Screen - Upload Supporting Doc- Preview/Save n Continue in Uploading Supporting Doc Page' is clickable

2018-12-12 20:05:43 - [TEST_STEP][PASSED] - click: Object: 'Object Repository/Final Object Repo/New Registration - Registration Module Pages/Third Screen - Upload Supporting Doc- Preview/Save n Continue in Uploading Supporting Doc Page' is clicked on

2018-12-12 20:05:44 - [MESSAGE][PASSED] - Object: 'Object Repository/Final Object Repo/New Registration - Registration Module Pages/Third Screen - Upload Supporting Doc- Preview/Save n Continue in Uploading Supporting Doc Page' is clicked on

2018-12-12 20:05:44 - [MESSAGE][PASSED] - Call Test Case 'Test Cases/Final Aug 2018 - PKS Automation/Registration Module/New Registration/Flow of New Registration/Third Screen - Upload Supporting Doc - Preview' successfully

2018-12-12 20:05:44 - [TEST_STEP][PASSED] - setText: Text 'Tester' is set on object 'Object Repository/Final Object Repo/New Registration - Registration Module Pages/New Reg - OTC to RO/Special Case - All Related Objects/Employer Preview Name'

2018-12-12 20:05:48 - [MESSAGE][PASSED] - Text 'Tester' is set on object 'Object Repository/Final Object Repo/New Registration - Registration Module Pages/New Reg - OTC to RO/Special Case - All Related Objects/Employer Preview Name'

2018-12-12 20:05:48 - [TEST_STEP][PASSED] - click: Object: 'Object Repository/Final Object Repo/New Registration - Registration Module Pages/New Reg - OTC to RO/Special Case - All Related Objects/IC Type Drop Down' is clicked on

2018-12-12 20:05:48 - [MESSAGE][PASSED] - Object: 'Object Repository/Final Object Repo/New Registration - Registration Module Pages/New Reg - OTC to RO/Special Case - All Related Objects/IC Type Drop Down' is clicked on

2018-12-12 20:05:48 - [TEST_STEP][PASSED] - click: Object: 'Object Repository/Final Object Repo/New Registration - Registration Module Pages/New Reg - OTC to RO/Special Case - All Related Objects/Select to NRIC' is clicked on

2018-12-12 20:05:48 - [MESSAGE][PASSED] - Object: 'Object Repository/Final Object Repo/New Registration - Registration Module Pages/New Reg - OTC to RO/Special Case - All Related Objects/Select to NRIC' is clicked on

2018-12-12 20:05:48 - [TEST_STEP][PASSED] - setText: Text '133245561223' is set on object 'Object Repository/Final Object Repo/New Registration - Registration Module Pages/New Reg - OTC to RO/Special Case - All Related Objects/IC Value'

2018-12-12 20:05:49 - [MESSAGE][PASSED] - Text '133245561223' is set on object 'Object Repository/Final Object Repo/New Registration - Registration Module Pages/New Reg - OTC to RO/Special Case - All Related Objects/IC Value'

2018-12-12 20:05:49 - [TEST_STEP][PASSED] - setText: Text 'Auto' is set on object 'Object Repository/Final Object Repo/New Registration - Registration Module Pages/New Reg - OTC to RO/Special Case - All Related Objects/Designation'

2018-12-12 20:05:49 - [MESSAGE][PASSED] - Text 'Auto' is set on object 'Object Repository/Final Object Repo/New Registration - Registration Module Pages/New Reg - OTC to RO/Special Case - All Related Objects/Designation'

2018-12-12 20:05:49 - [TEST_STEP][PASSED] - callTestCase: Call Test Case 'Test Cases/Final Aug 2018 - PKS Automation/Registration Module/New Registration/Submit and Screenshot/Submit Registration and Screenshot' successfully

2018-12-12 20:05:49 - [TEST_CASE][PASSED] - Test Cases/Final Aug 2018 - PKS Automation/Registration Module/New Registration/Submit and Screenshot/Submit Registration and Screenshot: Test Cases/Final Aug 2018 - PKS Automation/Registration Module/New Registration/Submit and Screenshot/Submit Registration and Screenshot

2018-12-12 20:05:49 - [TEST_STEP][PASSED] - delay: Delayed 6 second(s)

2018-12-12 20:05:55 - [MESSAGE][PASSED] - Delayed 6 second(s)

2018-12-12 20:05:55 - [TEST_STEP][PASSED] - click: Object: 'Object Repository/Final Object Repo/New Registration - Registration Module Pages/Third Screen - Upload Supporting Doc- Preview/Preview Submit Button' is clicked on

2018-12-12 20:05:55 - [MESSAGE][PASSED] - Object: 'Object Repository/Final Object Repo/New Registration - Registration Module Pages/Third Screen - Upload Supporting Doc- Preview/Preview Submit Button' is clicked on

2018-12-12 20:05:55 - [TEST_STEP][PASSED] - delay: Delayed 2 second(s)

2018-12-12 20:05:57 - [MESSAGE][PASSED] - Delayed 2 second(s)

2018-12-12 20:05:57 - [TEST_STEP][PASSED] - click: Object: 'Object Repository/Final Object Repo/New Registration - Registration Module Pages/Third Screen - Upload Supporting Doc- Preview/Preview Submit - Confirm' is clicked on

2018-12-12 20:05:57 - [MESSAGE][PASSED] - Object: 'Object Repository/Final Object Repo/New Registration - Registration Module Pages/Third Screen - Upload Supporting Doc- Preview/Preview Submit - Confirm' is clicked on

2018-12-12 20:05:57 - [TEST_STEP][PASSED] - delay: Delayed 15 second(s)

2018-12-12 20:06:12 - [MESSAGE][PASSED] - Delayed 15 second(s)

2018-12-12 20:06:12 - [TEST_STEP][PASSED] - Statement - driver = com.kms.katalon.core.webui.driver.DriverFactory.getWebDriver(): null

2018-12-12 20:06:12 - [TEST_STEP][PASSED] - Statement - driver.manage().timeouts().implicitlyWait(10, SECONDS): null

2018-12-12 20:06:12 - [TEST_STEP][PASSED] - Statement - PresavePath = KatalonScreenshots: null

2018-12-12 20:06:12 - [TEST_STEP][PASSED] - Statement - pathPrefix = "C:\Users\Public\Pictures\Sample Pictures\Katalon Screenshots\Automate Ending Screen": null

2018-12-12 20:06:12 - [TEST_STEP][PASSED] - Statement - finalPath = <not implemented yet for class: org.codehaus.groovy.ast.expr.EmptyExpression>: null

2018-12-12 20:06:12 - [TEST_STEP][PASSED] - Statement - scrFile = driver.getScreenshotAs(FILE): null

2018-12-12 20:06:13 - [TEST_STEP][PASSED] - Statement - PreSaveFile = new java.io.File(PresavePath): null

2018-12-12 20:06:13 - [TEST_STEP][PASSED] - Statement - counter = 0: null

2018-12-12 20:06:13 - [TEST_STEP][PASSED] - Statement - If (PreSaveFile.exists()): null

2018-12-12 20:06:13 - [TEST_STEP][PASSED] - Statement - While (PreSaveFile.exists()): null

2018-12-12 20:06:13 - [TEST_STEP][PASSED] - Statement - counter = counter + 1: null

2018-12-12 20:06:13 - [TEST_STEP][PASSED] - Statement - PreSaveFile = new java.io.File(((pathPrefix + java.lang.Integer.toString(counter)) + .png)): null

2018-12-12 20:06:13 - [TEST_STEP][PASSED] - Statement - counter = counter + 1: null

2018-12-12 20:06:13 - [TEST_STEP][PASSED] - Statement - PreSaveFile = new java.io.File(((pathPrefix + java.lang.Integer.toString(counter)) + .png)): null

2018-12-12 20:06:13 - [TEST_STEP][PASSED] - Statement - counter = counter + 1: null

2018-12-12 20:06:13 - [TEST_STEP][PASSED] - Statement - PreSaveFile = new java.io.File(((pathPrefix + java.lang.Integer.toString(counter)) + .png)): null

2018-12-12 20:06:13 - [TEST_STEP][PASSED] - Statement - counter = counter + 1: null

2018-12-12 20:06:13 - [TEST_STEP][PASSED] - Statement - PreSaveFile = new java.io.File(((pathPrefix + java.lang.Integer.toString(counter)) + .png)): null

2018-12-12 20:06:13 - [TEST_STEP][PASSED] - Statement - counter = counter + 1: null

2018-12-12 20:06:13 - [TEST_STEP][PASSED] - Statement - PreSaveFile = new java.io.File(((pathPrefix + java.lang.Integer.toString(counter)) + .png)): null

2018-12-12 20:06:13 - [TEST_STEP][PASSED] - Statement - counter = counter + 1: null

2018-12-12 20:06:13 - [TEST_STEP][PASSED] - Statement - PreSaveFile = new java.io.File(((pathPrefix + java.lang.Integer.toString(counter)) + .png)): null

2018-12-12 20:06:13 - [TEST_STEP][PASSED] - Statement - counter = counter + 1: null

2018-12-12 20:06:13 - [TEST_STEP][PASSED] - Statement - PreSaveFile = new java.io.File(((pathPrefix + java.lang.Integer.toString(counter)) + .png)): null

2018-12-12 20:06:13 - [TEST_STEP][PASSED] - Statement - counter = counter + 1: null

2018-12-12 20:06:13 - [TEST_STEP][PASSED] - Statement - PreSaveFile = new java.io.File(((pathPrefix + java.lang.Integer.toString(counter)) + .png)): null

2018-12-12 20:06:13 - [TEST_STEP][PASSED] - Statement - counter = counter + 1: null

2018-12-12 20:06:13 - [TEST_STEP][PASSED] - Statement - PreSaveFile = new java.io.File(((pathPrefix + java.lang.Integer.toString(counter)) + .png)): null

2018-12-12 20:06:13 - [TEST_STEP][PASSED] - Statement - counter = counter + 1: null

2018-12-12 20:06:13 - [TEST_STEP][PASSED] - Statement - PreSaveFile = new java.io.File(((pathPrefix + java.lang.Integer.toString(counter)) + .png)): null

2018-12-12 20:06:13 - [TEST_STEP][PASSED] - Statement - counter = counter + 1: null

2018-12-12 20:06:13 - [TEST_STEP][PASSED] - Statement - PreSaveFile = new java.io.File(((pathPrefix + java.lang.Integer.toString(counter)) + .png)): null

2018-12-12 20:06:13 - [TEST_STEP][PASSED] - Statement - counter = counter + 1: null

2018-12-12 20:06:13 - [TEST_STEP][PASSED] - Statement - PreSaveFile = new java.io.File(((pathPrefix + java.lang.Integer.toString(counter)) + .png)): null

2018-12-12 20:06:13 - [TEST_STEP][PASSED] - Statement - counter = counter + 1: null

2018-12-12 20:06:13 - [TEST_STEP][PASSED] - Statement - PreSaveFile = new java.io.File(((pathPrefix + java.lang.Integer.toString(counter)) + .png)): null

2018-12-12 20:06:13 - [TEST_STEP][PASSED] - Statement - counter = counter + 1: null

2018-12-12 20:06:13 - [TEST_STEP][PASSED] - Statement - PreSaveFile = new java.io.File(((pathPrefix + java.lang.Integer.toString(counter)) + .png)): null

2018-12-12 20:06:13 - [TEST_STEP][PASSED] - Statement - counter = counter + 1: null

2018-12-12 20:06:13 - [TEST_STEP][PASSED] - Statement - PreSaveFile = new java.io.File(((pathPrefix + java.lang.Integer.toString(counter)) + .png)): null

2018-12-12 20:06:13 - [TEST_STEP][PASSED] - Statement - counter = counter + 1: null

2018-12-12 20:06:13 - [TEST_STEP][PASSED] - Statement - PreSaveFile = new java.io.File(((pathPrefix + java.lang.Integer.toString(counter)) + .png)): null

2018-12-12 20:06:13 - [TEST_STEP][PASSED] - Statement - counter = counter + 1: null

2018-12-12 20:06:13 - [TEST_STEP][PASSED] - Statement - PreSaveFile = new java.io.File(((pathPrefix + java.lang.Integer.toString(counter)) + .png)): null

2018-12-12 20:06:13 - [TEST_STEP][PASSED] - Statement - counter = counter + 1: null

2018-12-12 20:06:13 - [TEST_STEP][PASSED] - Statement - PreSaveFile = new java.io.File(((pathPrefix + java.lang.Integer.toString(counter)) + .png)): null

2018-12-12 20:06:13 - [TEST_STEP][PASSED] - Statement - counter = counter + 1: null

2018-12-12 20:06:13 - [TEST_STEP][PASSED] - Statement - PreSaveFile = new java.io.File(((pathPrefix + java.lang.Integer.toString(counter)) + .png)): null

2018-12-12 20:06:13 - [TEST_STEP][PASSED] - Statement - counter = counter + 1: null

2018-12-12 20:06:13 - [TEST_STEP][PASSED] - Statement - PreSaveFile = new java.io.File(((pathPrefix + java.lang.Integer.toString(counter)) + .png)): null

2018-12-12 20:06:13 - [TEST_STEP][PASSED] - Statement - counter = counter + 1: null

2018-12-12 20:06:13 - [TEST_STEP][PASSED] - Statement - PreSaveFile = new java.io.File(((pathPrefix + java.lang.Integer.toString(counter)) + .png)): null

2018-12-12 20:06:13 - [TEST_STEP][PASSED] - Statement - counter = counter + 1: null

2018-12-12 20:06:13 - [TEST_STEP][PASSED] - Statement - PreSaveFile = new java.io.File(((pathPrefix + java.lang.Integer.toString(counter)) + .png)): null

2018-12-12 20:06:13 - [TEST_STEP][PASSED] - Statement - counter = counter + 1: null

2018-12-12 20:06:13 - [TEST_STEP][PASSED] - Statement - PreSaveFile = new java.io.File(((pathPrefix + java.lang.Integer.toString(counter)) + .png)): null

2018-12-12 20:06:13 - [TEST_STEP][PASSED] - Statement - counter = counter + 1: null

2018-12-12 20:06:13 - [TEST_STEP][PASSED] - Statement - PreSaveFile = new java.io.File(((pathPrefix + java.lang.Integer.toString(counter)) + .png)): null

2018-12-12 20:06:13 - [TEST_STEP][PASSED] - Statement - counter = counter + 1: null

2018-12-12 20:06:13 - [TEST_STEP][PASSED] - Statement - PreSaveFile = new java.io.File(((pathPrefix + java.lang.Integer.toString(counter)) + .png)): null

2018-12-12 20:06:13 - [TEST_STEP][PASSED] - Statement - counter = counter + 1: null

2018-12-12 20:06:13 - [TEST_STEP][PASSED] - Statement - PreSaveFile = new java.io.File(((pathPrefix + java.lang.Integer.toString(counter)) + .png)): null

2018-12-12 20:06:13 - [TEST_STEP][PASSED] - Statement - counter = counter + 1: null

2018-12-12 20:06:13 - [TEST_STEP][PASSED] - Statement - PreSaveFile = new java.io.File(((pathPrefix + java.lang.Integer.toString(counter)) + .png)): null

2018-12-12 20:06:13 - [TEST_STEP][PASSED] - Statement - counter = counter + 1: null

2018-12-12 20:06:13 - [TEST_STEP][PASSED] - Statement - PreSaveFile = new java.io.File(((pathPrefix + java.lang.Integer.toString(counter)) + .png)): null

2018-12-12 20:06:13 - [TEST_STEP][PASSED] - Statement - counter = counter + 1: null

2018-12-12 20:06:13 - [TEST_STEP][PASSED] - Statement - PreSaveFile = new java.io.File(((pathPrefix + java.lang.Integer.toString(counter)) + .png)): null

2018-12-12 20:06:13 - [TEST_STEP][PASSED] - Statement - counter = counter + 1: null

2018-12-12 20:06:13 - [TEST_STEP][PASSED] - Statement - PreSaveFile = new java.io.File(((pathPrefix + java.lang.Integer.toString(counter)) + .png)): null

2018-12-12 20:06:13 - [TEST_STEP][PASSED] - Statement - counter = counter + 1: null

2018-12-12 20:06:13 - [TEST_STEP][PASSED] - Statement - PreSaveFile = new java.io.File(((pathPrefix + java.lang.Integer.toString(counter)) + .png)): null

2018-12-12 20:06:13 - [TEST_STEP][PASSED] - Statement - counter = counter + 1: null

2018-12-12 20:06:13 - [TEST_STEP][PASSED] - Statement - PreSaveFile = new java.io.File(((pathPrefix + java.lang.Integer.toString(counter)) + .png)): null

2018-12-12 20:06:13 - [TEST_STEP][PASSED] - Statement - counter = counter + 1: null

2018-12-12 20:06:13 - [TEST_STEP][PASSED] - Statement - PreSaveFile = new java.io.File(((pathPrefix + java.lang.Integer.toString(counter)) + .png)): null

2018-12-12 20:06:13 - [TEST_STEP][PASSED] - Statement - counter = counter + 1: null

2018-12-12 20:06:13 - [TEST_STEP][PASSED] - Statement - PreSaveFile = new java.io.File(((pathPrefix + java.lang.Integer.toString(counter)) + .png)): null

2018-12-12 20:06:13 - [TEST_STEP][PASSED] - Statement - counter = counter + 1: null

2018-12-12 20:06:13 - [TEST_STEP][PASSED] - Statement - PreSaveFile = new java.io.File(((pathPrefix + java.lang.Integer.toString(counter)) + .png)): null

2018-12-12 20:06:13 - [TEST_STEP][PASSED] - Statement - counter = counter + 1: null

2018-12-12 20:06:13 - [TEST_STEP][PASSED] - Statement - PreSaveFile = new java.io.File(((pathPrefix + java.lang.Integer.toString(counter)) + .png)): null

2018-12-12 20:06:13 - [TEST_STEP][PASSED] - Statement - counter = counter + 1: null

2018-12-12 20:06:13 - [TEST_STEP][PASSED] - Statement - PreSaveFile = new java.io.File(((pathPrefix + java.lang.Integer.toString(counter)) + .png)): null

2018-12-12 20:06:13 - [TEST_STEP][PASSED] - Statement - counter = counter + 1: null

2018-12-12 20:06:13 - [TEST_STEP][PASSED] - Statement - PreSaveFile = new java.io.File(((pathPrefix + java.lang.Integer.toString(counter)) + .png)): null

2018-12-12 20:06:13 - [TEST_STEP][PASSED] - Statement - counter = counter + 1: null

2018-12-12 20:06:13 - [TEST_STEP][PASSED] - Statement - PreSaveFile = new java.io.File(((pathPrefix + java.lang.Integer.toString(counter)) + .png)): null

2018-12-12 20:06:13 - [TEST_STEP][PASSED] - Statement - counter = counter + 1: null

2018-12-12 20:06:13 - [TEST_STEP][PASSED] - Statement - PreSaveFile = new java.io.File(((pathPrefix + java.lang.Integer.toString(counter)) + .png)): null

2018-12-12 20:06:13 - [TEST_STEP][PASSED] - Statement - counter = counter + 1: null

2018-12-12 20:06:13 - [TEST_STEP][PASSED] - Statement - PreSaveFile = new java.io.File(((pathPrefix + java.lang.Integer.toString(counter)) + .png)): null

2018-12-12 20:06:13 - [TEST_STEP][PASSED] - Statement - counter = counter + 1: null

2018-12-12 20:06:13 - [TEST_STEP][PASSED] - Statement - PreSaveFile = new java.io.File(((pathPrefix + java.lang.Integer.toString(counter)) + .png)): null

2018-12-12 20:06:13 - [TEST_STEP][PASSED] - Statement - counter = counter + 1: null

2018-12-12 20:06:13 - [TEST_STEP][PASSED] - Statement - PreSaveFile = new java.io.File(((pathPrefix + java.lang.Integer.toString(counter)) + .png)): null

2018-12-12 20:06:13 - [TEST_STEP][PASSED] - Statement - counter = counter + 1: null

2018-12-12 20:06:13 - [TEST_STEP][PASSED] - Statement - PreSaveFile = new java.io.File(((pathPrefix + java.lang.Integer.toString(counter)) + .png)): null

2018-12-12 20:06:13 - [TEST_STEP][PASSED] - Statement - counter = counter + 1: null

2018-12-12 20:06:13 - [TEST_STEP][PASSED] - Statement - PreSaveFile = new java.io.File(((pathPrefix + java.lang.Integer.toString(counter)) + .png)): null

2018-12-12 20:06:13 - [TEST_STEP][PASSED] - Statement - counter = counter + 1: null

2018-12-12 20:06:13 - [TEST_STEP][PASSED] - Statement - PreSaveFile = new java.io.File(((pathPrefix + java.lang.Integer.toString(counter)) + .png)): null

2018-12-12 20:06:13 - [TEST_STEP][PASSED] - Statement - counter = counter + 1: null

2018-12-12 20:06:13 - [TEST_STEP][PASSED] - Statement - PreSaveFile = new java.io.File(((pathPrefix + java.lang.Integer.toString(counter)) + .png)): null

2018-12-12 20:06:13 - [TEST_STEP][PASSED] - Statement - counter = counter + 1: null

2018-12-12 20:06:13 - [TEST_STEP][PASSED] - Statement - PreSaveFile = new java.io.File(((pathPrefix + java.lang.Integer.toString(counter)) + .png)): null

2018-12-12 20:06:13 - [TEST_STEP][PASSED] - Statement - counter = counter + 1: null

2018-12-12 20:06:13 - [TEST_STEP][PASSED] - Statement - PreSaveFile = new java.io.File(((pathPrefix + java.lang.Integer.toString(counter)) + .png)): null

2018-12-12 20:06:13 - [TEST_STEP][PASSED] - Statement - counter = counter + 1: null

2018-12-12 20:06:13 - [TEST_STEP][PASSED] - Statement - PreSaveFile = new java.io.File(((pathPrefix + java.lang.Integer.toString(counter)) + .png)): null

2018-12-12 20:06:13 - [TEST_STEP][PASSED] - Statement - counter = counter + 1: null

2018-12-12 20:06:13 - [TEST_STEP][PASSED] - Statement - PreSaveFile = new java.io.File(((pathPrefix + java.lang.Integer.toString(counter)) + .png)): null

2018-12-12 20:06:13 - [TEST_STEP][PASSED] - Statement - counter = counter + 1: null

2018-12-12 20:06:13 - [TEST_STEP][PASSED] - Statement - PreSaveFile = new java.io.File(((pathPrefix + java.lang.Integer.toString(counter)) + .png)): null

2018-12-12 20:06:13 - [TEST_STEP][PASSED] - Statement - counter = counter + 1: null

2018-12-12 20:06:13 - [TEST_STEP][PASSED] - Statement - PreSaveFile = new java.io.File(((pathPrefix + java.lang.Integer.toString(counter)) + .png)): null

2018-12-12 20:06:13 - [TEST_STEP][PASSED] - Statement - counter = counter + 1: null

2018-12-12 20:06:13 - [TEST_STEP][PASSED] - Statement - PreSaveFile = new java.io.File(((pathPrefix + java.lang.Integer.toString(counter)) + .png)): null

2018-12-12 20:06:13 - [TEST_STEP][PASSED] - Statement - counter = counter + 1: null

2018-12-12 20:06:13 - [TEST_STEP][PASSED] - Statement - PreSaveFile = new java.io.File(((pathPrefix + java.lang.Integer.toString(counter)) + .png)): null

2018-12-12 20:06:13 - [TEST_STEP][PASSED] - Statement - counter = counter + 1: null

2018-12-12 20:06:13 - [TEST_STEP][PASSED] - Statement - PreSaveFile = new java.io.File(((pathPrefix + java.lang.Integer.toString(counter)) + .png)): null

2018-12-12 20:06:13 - [TEST_STEP][PASSED] - Statement - counter = counter + 1: null

2018-12-12 20:06:13 - [TEST_STEP][PASSED] - Statement - PreSaveFile = new java.io.File(((pathPrefix + java.lang.Integer.toString(counter)) + .png)): null

2018-12-12 20:06:13 - [TEST_STEP][PASSED] - Statement - counter = counter + 1: null

2018-12-12 20:06:13 - [TEST_STEP][PASSED] - Statement - PreSaveFile = new java.io.File(((pathPrefix + java.lang.Integer.toString(counter)) + .png)): null

2018-12-12 20:06:13 - [TEST_STEP][PASSED] - Statement - counter = counter + 1: null

2018-12-12 20:06:13 - [TEST_STEP][PASSED] - Statement - PreSaveFile = new java.io.File(((pathPrefix + java.lang.Integer.toString(counter)) + .png)): null

2018-12-12 20:06:13 - [TEST_STEP][PASSED] - Statement - counter = counter + 1: null

2018-12-12 20:06:13 - [TEST_STEP][PASSED] - Statement - PreSaveFile = new java.io.File(((pathPrefix + java.lang.Integer.toString(counter)) + .png)): null

2018-12-12 20:06:13 - [TEST_STEP][PASSED] - Statement - counter = counter + 1: null

2018-12-12 20:06:13 - [TEST_STEP][PASSED] - Statement - PreSaveFile = new java.io.File(((pathPrefix + java.lang.Integer.toString(counter)) + .png)): null

2018-12-12 20:06:13 - [TEST_STEP][PASSED] - Statement - counter = counter + 1: null

2018-12-12 20:06:13 - [TEST_STEP][PASSED] - Statement - PreSaveFile = new java.io.File(((pathPrefix + java.lang.Integer.toString(counter)) + .png)): null

2018-12-12 20:06:13 - [TEST_STEP][PASSED] - Statement - counter = counter + 1: null

2018-12-12 20:06:13 - [TEST_STEP][PASSED] - Statement - PreSaveFile = new java.io.File(((pathPrefix + java.lang.Integer.toString(counter)) + .png)): null

2018-12-12 20:06:13 - [TEST_STEP][PASSED] - Statement - counter = counter + 1: null

2018-12-12 20:06:13 - [TEST_STEP][PASSED] - Statement - PreSaveFile = new java.io.File(((pathPrefix + java.lang.Integer.toString(counter)) + .png)): null

2018-12-12 20:06:13 - [TEST_STEP][PASSED] - Statement - counter = counter + 1: null

2018-12-12 20:06:13 - [TEST_STEP][PASSED] - Statement - PreSaveFile = new java.io.File(((pathPrefix + java.lang.Integer.toString(counter)) + .png)): null

2018-12-12 20:06:13 - [TEST_STEP][PASSED] - Statement - counter = counter + 1: null

2018-12-12 20:06:13 - [TEST_STEP][PASSED] - Statement - PreSaveFile = new java.io.File(((pathPrefix + java.lang.Integer.toString(counter)) + .png)): null

2018-12-12 20:06:13 - [TEST_STEP][PASSED] - Statement - counter = counter + 1: null

2018-12-12 20:06:13 - [TEST_STEP][PASSED] - Statement - PreSaveFile = new java.io.File(((pathPrefix + java.lang.Integer.toString(counter)) + .png)): null

2018-12-12 20:06:13 - [TEST_STEP][PASSED] - Statement - counter = counter + 1: null

2018-12-12 20:06:13 - [TEST_STEP][PASSED] - Statement - PreSaveFile = new java.io.File(((pathPrefix + java.lang.Integer.toString(counter)) + .png)): null

2018-12-12 20:06:13 - [TEST_STEP][PASSED] - Statement - counter = counter + 1: null

2018-12-12 20:06:13 - [TEST_STEP][PASSED] - Statement - PreSaveFile = new java.io.File(((pathPrefix + java.lang.Integer.toString(counter)) + .png)): null

2018-12-12 20:06:13 - [TEST_STEP][PASSED] - Statement - counter = counter + 1: null

2018-12-12 20:06:13 - [TEST_STEP][PASSED] - Statement - PreSaveFile = new java.io.File(((pathPrefix + java.lang.Integer.toString(counter)) + .png)): null

2018-12-12 20:06:13 - [TEST_STEP][PASSED] - Statement - counter = counter + 1: null

2018-12-12 20:06:13 - [TEST_STEP][PASSED] - Statement - PreSaveFile = new java.io.File(((pathPrefix + java.lang.Integer.toString(counter)) + .png)): null

2018-12-12 20:06:13 - [TEST_STEP][PASSED] - Statement - counter = counter + 1: null

2018-12-12 20:06:13 - [TEST_STEP][PASSED] - Statement - PreSaveFile = new java.io.File(((pathPrefix + java.lang.Integer.toString(counter)) + .png)): null

2018-12-12 20:06:13 - [TEST_STEP][PASSED] - Statement - counter = counter + 1: null

2018-12-12 20:06:13 - [TEST_STEP][PASSED] - Statement - PreSaveFile = new java.io.File(((pathPrefix + java.lang.Integer.toString(counter)) + .png)): null

2018-12-12 20:06:13 - [TEST_STEP][PASSED] - Statement - counter = counter + 1: null

2018-12-12 20:06:13 - [TEST_STEP][PASSED] - Statement - PreSaveFile = new java.io.File(((pathPrefix + java.lang.Integer.toString(counter)) + .png)): null

2018-12-12 20:06:13 - [TEST_STEP][PASSED] - Statement - counter = counter + 1: null

2018-12-12 20:06:13 - [TEST_STEP][PASSED] - Statement - PreSaveFile = new java.io.File(((pathPrefix + java.lang.Integer.toString(counter)) + .png)): null

2018-12-12 20:06:13 - [TEST_STEP][PASSED] - Statement - counter = counter + 1: null

2018-12-12 20:06:13 - [TEST_STEP][PASSED] - Statement - PreSaveFile = new java.io.File(((pathPrefix + java.lang.Integer.toString(counter)) + .png)): null

2018-12-12 20:06:13 - [TEST_STEP][PASSED] - Statement - counter = counter + 1: null

2018-12-12 20:06:13 - [TEST_STEP][PASSED] - Statement - PreSaveFile = new java.io.File(((pathPrefix + java.lang.Integer.toString(counter)) + .png)): null

2018-12-12 20:06:13 - [TEST_STEP][PASSED] - Statement - counter = counter + 1: null

2018-12-12 20:06:13 - [TEST_STEP][PASSED] - Statement - PreSaveFile = new java.io.File(((pathPrefix + java.lang.Integer.toString(counter)) + .png)): null

2018-12-12 20:06:13 - [TEST_STEP][PASSED] - Statement - counter = counter + 1: null

2018-12-12 20:06:13 - [TEST_STEP][PASSED] - Statement - PreSaveFile = new java.io.File(((pathPrefix + java.lang.Integer.toString(counter)) + .png)): null

2018-12-12 20:06:13 - [TEST_STEP][PASSED] - Statement - counter = counter + 1: null

2018-12-12 20:06:13 - [TEST_STEP][PASSED] - Statement - PreSaveFile = new java.io.File(((pathPrefix + java.lang.Integer.toString(counter)) + .png)): null

2018-12-12 20:06:13 - [TEST_STEP][PASSED] - Statement - counter = counter + 1: null

2018-12-12 20:06:13 - [TEST_STEP][PASSED] - Statement - PreSaveFile = new java.io.File(((pathPrefix + java.lang.Integer.toString(counter)) + .png)): null

2018-12-12 20:06:13 - [TEST_STEP][PASSED] - Statement - counter = counter + 1: null

2018-12-12 20:06:13 - [TEST_STEP][PASSED] - Statement - PreSaveFile = new java.io.File(((pathPrefix + java.lang.Integer.toString(counter)) + .png)): null

2018-12-12 20:06:13 - [TEST_STEP][PASSED] - Statement - counter = counter + 1: null

2018-12-12 20:06:13 - [TEST_STEP][PASSED] - Statement - PreSaveFile = new java.io.File(((pathPrefix + java.lang.Integer.toString(counter)) + .png)): null

2018-12-12 20:06:13 - [TEST_STEP][PASSED] - Statement - counter = counter + 1: null

2018-12-12 20:06:13 - [TEST_STEP][PASSED] - Statement - PreSaveFile = new java.io.File(((pathPrefix + java.lang.Integer.toString(counter)) + .png)): null

2018-12-12 20:06:13 - [TEST_STEP][PASSED] - Statement - counter = counter + 1: null

2018-12-12 20:06:13 - [TEST_STEP][PASSED] - Statement - PreSaveFile = new java.io.File(((pathPrefix + java.lang.Integer.toString(counter)) + .png)): null

2018-12-12 20:06:13 - [TEST_STEP][PASSED] - Statement - counter = counter + 1: null

2018-12-12 20:06:13 - [TEST_STEP][PASSED] - Statement - PreSaveFile = new java.io.File(((pathPrefix + java.lang.Integer.toString(counter)) + .png)): null

2018-12-12 20:06:13 - [TEST_STEP][PASSED] - Statement - counter = counter + 1: null

2018-12-12 20:06:13 - [TEST_STEP][PASSED] - Statement - PreSaveFile = new java.io.File(((pathPrefix + java.lang.Integer.toString(counter)) + .png)): null

2018-12-12 20:06:13 - [TEST_STEP][PASSED] - Statement - counter = counter + 1: null

2018-12-12 20:06:13 - [TEST_STEP][PASSED] - Statement - PreSaveFile = new java.io.File(((pathPrefix + java.lang.Integer.toString(counter)) + .png)): null

2018-12-12 20:06:13 - [TEST_STEP][PASSED] - Statement - counter = counter + 1: null

2018-12-12 20:06:13 - [TEST_STEP][PASSED] - Statement - PreSaveFile = new java.io.File(((pathPrefix + java.lang.Integer.toString(counter)) + .png)): null

2018-12-12 20:06:13 - [TEST_STEP][PASSED] - Statement - counter = counter + 1: null

2018-12-12 20:06:13 - [TEST_STEP][PASSED] - Statement - PreSaveFile = new java.io.File(((pathPrefix + java.lang.Integer.toString(counter)) + .png)): null

2018-12-12 20:06:13 - [TEST_STEP][PASSED] - Statement - counter = counter + 1: null

2018-12-12 20:06:13 - [TEST_STEP][PASSED] - Statement - PreSaveFile = new java.io.File(((pathPrefix + java.lang.Integer.toString(counter)) + .png)): null

2018-12-12 20:06:13 - [TEST_STEP][PASSED] - Statement - counter = counter + 1: null

2018-12-12 20:06:13 - [TEST_STEP][PASSED] - Statement - PreSaveFile = new java.io.File(((pathPrefix + java.lang.Integer.toString(counter)) + .png)): null

2018-12-12 20:06:13 - [TEST_STEP][PASSED] - Statement - counter = counter + 1: null

2018-12-12 20:06:13 - [TEST_STEP][PASSED] - Statement - PreSaveFile = new java.io.File(((pathPrefix + java.lang.Integer.toString(counter)) + .png)): null

2018-12-12 20:06:13 - [TEST_STEP][PASSED] - Statement - counter = counter + 1: null

2018-12-12 20:06:13 - [TEST_STEP][PASSED] - Statement - PreSaveFile = new java.io.File(((pathPrefix + java.lang.Integer.toString(counter)) + .png)): null

2018-12-12 20:06:13 - [TEST_STEP][PASSED] - Statement - counter = counter + 1: null

2018-12-12 20:06:13 - [TEST_STEP][PASSED] - Statement - PreSaveFile = new java.io.File(((pathPrefix + java.lang.Integer.toString(counter)) + .png)): null

2018-12-12 20:06:13 - [TEST_STEP][PASSED] - Statement - counter = counter + 1: null

2018-12-12 20:06:13 - [TEST_STEP][PASSED] - Statement - PreSaveFile = new java.io.File(((pathPrefix + java.lang.Integer.toString(counter)) + .png)): null

2018-12-12 20:06:13 - [TEST_STEP][PASSED] - Statement - counter = counter + 1: null

2018-12-12 20:06:13 - [TEST_STEP][PASSED] - Statement - PreSaveFile = new java.io.File(((pathPrefix + java.lang.Integer.toString(counter)) + .png)): null

2018-12-12 20:06:13 - [TEST_STEP][PASSED] - Statement - counter = counter + 1: null

2018-12-12 20:06:13 - [TEST_STEP][PASSED] - Statement - PreSaveFile = new java.io.File(((pathPrefix + java.lang.Integer.toString(counter)) + .png)): null

2018-12-12 20:06:13 - [TEST_STEP][PASSED] - Statement - counter = counter + 1: null

2018-12-12 20:06:13 - [TEST_STEP][PASSED] - Statement - PreSaveFile = new java.io.File(((pathPrefix + java.lang.Integer.toString(counter)) + .png)): null

2018-12-12 20:06:13 - [TEST_STEP][PASSED] - Statement - counter = counter + 1: null

2018-12-12 20:06:13 - [TEST_STEP][PASSED] - Statement - PreSaveFile = new java.io.File(((pathPrefix + java.lang.Integer.toString(counter)) + .png)): null

2018-12-12 20:06:13 - [TEST_STEP][PASSED] - Statement - counter = counter + 1: null

2018-12-12 20:06:13 - [TEST_STEP][PASSED] - Statement - PreSaveFile = new java.io.File(((pathPrefix + java.lang.Integer.toString(counter)) + .png)): null

2018-12-12 20:06:13 - [TEST_STEP][PASSED] - Statement - counter = counter + 1: null

2018-12-12 20:06:13 - [TEST_STEP][PASSED] - Statement - PreSaveFile = new java.io.File(((pathPrefix + java.lang.Integer.toString(counter)) + .png)): null

2018-12-12 20:06:13 - [TEST_STEP][PASSED] - Statement - counter = counter + 1: null

2018-12-12 20:06:13 - [TEST_STEP][PASSED] - Statement - PreSaveFile = new java.io.File(((pathPrefix + java.lang.Integer.toString(counter)) + .png)): null

2018-12-12 20:06:13 - [TEST_STEP][PASSED] - Statement - counter = counter + 1: null

2018-12-12 20:06:13 - [TEST_STEP][PASSED] - Statement - PreSaveFile = new java.io.File(((pathPrefix + java.lang.Integer.toString(counter)) + .png)): null

2018-12-12 20:06:13 - [TEST_STEP][PASSED] - Statement - counter = counter + 1: null

2018-12-12 20:06:13 - [TEST_STEP][PASSED] - Statement - PreSaveFile = new java.io.File(((pathPrefix + java.lang.Integer.toString(counter)) + .png)): null

2018-12-12 20:06:13 - [TEST_STEP][PASSED] - Statement - counter = counter + 1: null

2018-12-12 20:06:13 - [TEST_STEP][PASSED] - Statement - PreSaveFile = new java.io.File(((pathPrefix + java.lang.Integer.toString(counter)) + .png)): null

2018-12-12 20:06:13 - [TEST_STEP][PASSED] - Statement - counter = counter + 1: null

2018-12-12 20:06:13 - [TEST_STEP][PASSED] - Statement - PreSaveFile = new java.io.File(((pathPrefix + java.lang.Integer.toString(counter)) + .png)): null

2018-12-12 20:06:13 - [TEST_STEP][PASSED] - Statement - counter = counter + 1: null

2018-12-12 20:06:13 - [TEST_STEP][PASSED] - Statement - PreSaveFile = new java.io.File(((pathPrefix + java.lang.Integer.toString(counter)) + .png)): null

2018-12-12 20:06:13 - [TEST_STEP][PASSED] - Statement - counter = counter + 1: null

2018-12-12 20:06:13 - [TEST_STEP][PASSED] - Statement - PreSaveFile = new java.io.File(((pathPrefix + java.lang.Integer.toString(counter)) + .png)): null

2018-12-12 20:06:13 - [TEST_STEP][PASSED] - Statement - counter = counter + 1: null

2018-12-12 20:06:13 - [TEST_STEP][PASSED] - Statement - PreSaveFile = new java.io.File(((pathPrefix + java.lang.Integer.toString(counter)) + .png)): null

2018-12-12 20:06:13 - [TEST_STEP][PASSED] - Statement - counter = counter + 1: null

2018-12-12 20:06:13 - [TEST_STEP][PASSED] - Statement - PreSaveFile = new java.io.File(((pathPrefix + java.lang.Integer.toString(counter)) + .png)): null

2018-12-12 20:06:13 - [TEST_STEP][PASSED] - Statement - counter = counter + 1: null

2018-12-12 20:06:13 - [TEST_STEP][PASSED] - Statement - PreSaveFile = new java.io.File(((pathPrefix + java.lang.Integer.toString(counter)) + .png)): null

2018-12-12 20:06:13 - [TEST_STEP][PASSED] - Statement - counter = counter + 1: null

2018-12-12 20:06:13 - [TEST_STEP][PASSED] - Statement - PreSaveFile = new java.io.File(((pathPrefix + java.lang.Integer.toString(counter)) + .png)): null

2018-12-12 20:06:13 - [TEST_STEP][PASSED] - Statement - counter = counter + 1: null

2018-12-12 20:06:13 - [TEST_STEP][PASSED] - Statement - PreSaveFile = new java.io.File(((pathPrefix + java.lang.Integer.toString(counter)) + .png)): null

2018-12-12 20:06:13 - [TEST_STEP][PASSED] - Statement - counter = counter + 1: null

2018-12-12 20:06:13 - [TEST_STEP][PASSED] - Statement - PreSaveFile = new java.io.File(((pathPrefix + java.lang.Integer.toString(counter)) + .png)): null

2018-12-12 20:06:13 - [TEST_STEP][PASSED] - Statement - counter = counter + 1: null

2018-12-12 20:06:13 - [TEST_STEP][PASSED] - Statement - PreSaveFile = new java.io.File(((pathPrefix + java.lang.Integer.toString(counter)) + .png)): null

2018-12-12 20:06:13 - [TEST_STEP][PASSED] - Statement - counter = counter + 1: null

2018-12-12 20:06:13 - [TEST_STEP][PASSED] - Statement - PreSaveFile = new java.io.File(((pathPrefix + java.lang.Integer.toString(counter)) + .png)): null

2018-12-12 20:06:13 - [TEST_STEP][PASSED] - Statement - counter = counter + 1: null

2018-12-12 20:06:13 - [TEST_STEP][PASSED] - Statement - PreSaveFile = new java.io.File(((pathPrefix + java.lang.Integer.toString(counter)) + .png)): null

2018-12-12 20:06:13 - [TEST_STEP][PASSED] - Statement - counter = counter + 1: null

2018-12-12 20:06:13 - [TEST_STEP][PASSED] - Statement - PreSaveFile = new java.io.File(((pathPrefix + java.lang.Integer.toString(counter)) + .png)): null

2018-12-12 20:06:13 - [TEST_STEP][PASSED] - Statement - counter = counter + 1: null

2018-12-12 20:06:13 - [TEST_STEP][PASSED] - Statement - PreSaveFile = new java.io.File(((pathPrefix + java.lang.Integer.toString(counter)) + .png)): null

2018-12-12 20:06:13 - [TEST_STEP][PASSED] - Statement - counter = counter + 1: null

2018-12-12 20:06:13 - [TEST_STEP][PASSED] - Statement - PreSaveFile = new java.io.File(((pathPrefix + java.lang.Integer.toString(counter)) + .png)): null

2018-12-12 20:06:13 - [TEST_STEP][PASSED] - Statement - counter = counter + 1: null

2018-12-12 20:06:13 - [TEST_STEP][PASSED] - Statement - PreSaveFile = new java.io.File(((pathPrefix + java.lang.Integer.toString(counter)) + .png)): null

2018-12-12 20:06:13 - [TEST_STEP][PASSED] - Statement - counter = counter + 1: null

2018-12-12 20:06:13 - [TEST_STEP][PASSED] - Statement - PreSaveFile = new java.io.File(((pathPrefix + java.lang.Integer.toString(counter)) + .png)): null

2018-12-12 20:06:13 - [TEST_STEP][PASSED] - Statement - counter = counter + 1: null

2018-12-12 20:06:13 - [TEST_STEP][PASSED] - Statement - PreSaveFile = new java.io.File(((pathPrefix + java.lang.Integer.toString(counter)) + .png)): null

2018-12-12 20:06:13 - [TEST_STEP][PASSED] - Statement - counter = counter + 1: null

2018-12-12 20:06:13 - [TEST_STEP][PASSED] - Statement - PreSaveFile = new java.io.File(((pathPrefix + java.lang.Integer.toString(counter)) + .png)): null

2018-12-12 20:06:13 - [TEST_STEP][PASSED] - Statement - counter = counter + 1: null

2018-12-12 20:06:13 - [TEST_STEP][PASSED] - Statement - PreSaveFile = new java.io.File(((pathPrefix + java.lang.Integer.toString(counter)) + .png)): null

2018-12-12 20:06:13 - [TEST_STEP][PASSED] - Statement - counter = counter + 1: null

2018-12-12 20:06:13 - [TEST_STEP][PASSED] - Statement - PreSaveFile = new java.io.File(((pathPrefix + java.lang.Integer.toString(counter)) + .png)): null

2018-12-12 20:06:13 - [TEST_STEP][PASSED] - Statement - counter = counter + 1: null

2018-12-12 20:06:13 - [TEST_STEP][PASSED] - Statement - PreSaveFile = new java.io.File(((pathPrefix + java.lang.Integer.toString(counter)) + .png)): null

2018-12-12 20:06:13 - [TEST_STEP][PASSED] - Statement - counter = counter + 1: null

2018-12-12 20:06:13 - [TEST_STEP][PASSED] - Statement - PreSaveFile = new java.io.File(((pathPrefix + java.lang.Integer.toString(counter)) + .png)): null

2018-12-12 20:06:13 - [TEST_STEP][PASSED] - Statement - counter = counter + 1: null

2018-12-12 20:06:13 - [TEST_STEP][PASSED] - Statement - PreSaveFile = new java.io.File(((pathPrefix + java.lang.Integer.toString(counter)) + .png)): null

2018-12-12 20:06:13 - [TEST_STEP][PASSED] - Statement - counter = counter + 1: null

2018-12-12 20:06:13 - [TEST_STEP][PASSED] - Statement - PreSaveFile = new java.io.File(((pathPrefix + java.lang.Integer.toString(counter)) + .png)): null

2018-12-12 20:06:13 - [TEST_STEP][PASSED] - Statement - counter = counter + 1: null

2018-12-12 20:06:13 - [TEST_STEP][PASSED] - Statement - PreSaveFile = new java.io.File(((pathPrefix + java.lang.Integer.toString(counter)) + .png)): null

2018-12-12 20:06:13 - [TEST_STEP][PASSED] - Statement - counter = counter + 1: null

2018-12-12 20:06:13 - [TEST_STEP][PASSED] - Statement - PreSaveFile = new java.io.File(((pathPrefix + java.lang.Integer.toString(counter)) + .png)): null

2018-12-12 20:06:13 - [TEST_STEP][PASSED] - Statement - counter = counter + 1: null

2018-12-12 20:06:13 - [TEST_STEP][PASSED] - Statement - PreSaveFile = new java.io.File(((pathPrefix + java.lang.Integer.toString(counter)) + .png)): null

2018-12-12 20:06:13 - [TEST_STEP][PASSED] - Statement - counter = counter + 1: null

2018-12-12 20:06:13 - [TEST_STEP][PASSED] - Statement - PreSaveFile = new java.io.File(((pathPrefix + java.lang.Integer.toString(counter)) + .png)): null

2018-12-12 20:06:13 - [TEST_STEP][PASSED] - Statement - counter = counter + 1: null

2018-12-12 20:06:13 - [TEST_STEP][PASSED] - Statement - PreSaveFile = new java.io.File(((pathPrefix + java.lang.Integer.toString(counter)) + .png)): null

2018-12-12 20:06:13 - [TEST_STEP][PASSED] - Statement - counter = counter + 1: null

2018-12-12 20:06:13 - [TEST_STEP][PASSED] - Statement - PreSaveFile = new java.io.File(((pathPrefix + java.lang.Integer.toString(counter)) + .png)): null

2018-12-12 20:06:13 - [TEST_STEP][PASSED] - Statement - counter = counter + 1: null

2018-12-12 20:06:13 - [TEST_STEP][PASSED] - Statement - PreSaveFile = new java.io.File(((pathPrefix + java.lang.Integer.toString(counter)) + .png)): null

2018-12-12 20:06:13 - [TEST_STEP][PASSED] - Statement - counter = counter + 1: null

2018-12-12 20:06:13 - [TEST_STEP][PASSED] - Statement - PreSaveFile = new java.io.File(((pathPrefix + java.lang.Integer.toString(counter)) + .png)): null

2018-12-12 20:06:13 - [TEST_STEP][PASSED] - Statement - counter = counter + 1: null

2018-12-12 20:06:13 - [TEST_STEP][PASSED] - Statement - PreSaveFile = new java.io.File(((pathPrefix + java.lang.Integer.toString(counter)) + .png)): null

2018-12-12 20:06:13 - [TEST_STEP][PASSED] - Statement - counter = counter + 1: null

2018-12-12 20:06:13 - [TEST_STEP][PASSED] - Statement - PreSaveFile = new java.io.File(((pathPrefix + java.lang.Integer.toString(counter)) + .png)): null

2018-12-12 20:06:13 - [TEST_STEP][PASSED] - Statement - counter = counter + 1: null

2018-12-12 20:06:13 - [TEST_STEP][PASSED] - Statement - PreSaveFile = new java.io.File(((pathPrefix + java.lang.Integer.toString(counter)) + .png)): null

2018-12-12 20:06:13 - [TEST_STEP][PASSED] - Statement - counter = counter + 1: null

2018-12-12 20:06:13 - [TEST_STEP][PASSED] - Statement - PreSaveFile = new java.io.File(((pathPrefix + java.lang.Integer.toString(counter)) + .png)): null

2018-12-12 20:06:13 - [TEST_STEP][PASSED] - Statement - counter = counter + 1: null

2018-12-12 20:06:13 - [TEST_STEP][PASSED] - Statement - PreSaveFile = new java.io.File(((pathPrefix + java.lang.Integer.toString(counter)) + .png)): null

2018-12-12 20:06:13 - [TEST_STEP][PASSED] - Statement - counter = counter + 1: null

2018-12-12 20:06:13 - [TEST_STEP][PASSED] - Statement - PreSaveFile = new java.io.File(((pathPrefix + java.lang.Integer.toString(counter)) + .png)): null

2018-12-12 20:06:13 - [TEST_STEP][PASSED] - Statement - counter = counter + 1: null

2018-12-12 20:06:13 - [TEST_STEP][PASSED] - Statement - PreSaveFile = new java.io.File(((pathPrefix + java.lang.Integer.toString(counter)) + .png)): null

2018-12-12 20:06:13 - [TEST_STEP][PASSED] - Statement - counter = counter + 1: null

2018-12-12 20:06:13 - [TEST_STEP][PASSED] - Statement - PreSaveFile = new java.io.File(((pathPrefix + java.lang.Integer.toString(counter)) + .png)): null

2018-12-12 20:06:13 - [TEST_STEP][PASSED] - Statement - counter = counter + 1: null

2018-12-12 20:06:13 - [TEST_STEP][PASSED] - Statement - PreSaveFile = new java.io.File(((pathPrefix + java.lang.Integer.toString(counter)) + .png)): null

2018-12-12 20:06:13 - [TEST_STEP][PASSED] - Statement - counter = counter + 1: null

2018-12-12 20:06:13 - [TEST_STEP][PASSED] - Statement - PreSaveFile = new java.io.File(((pathPrefix + java.lang.Integer.toString(counter)) + .png)): null

2018-12-12 20:06:13 - [TEST_STEP][PASSED] - Statement - counter = counter + 1: null

2018-12-12 20:06:13 - [TEST_STEP][PASSED] - Statement - PreSaveFile = new java.io.File(((pathPrefix + java.lang.Integer.toString(counter)) + .png)): null

2018-12-12 20:06:13 - [TEST_STEP][PASSED] - Statement - counter = counter + 1: null

2018-12-12 20:06:13 - [TEST_STEP][PASSED] - Statement - PreSaveFile = new java.io.File(((pathPrefix + java.lang.Integer.toString(counter)) + .png)): null

2018-12-12 20:06:13 - [TEST_STEP][PASSED] - Statement - counter = counter + 1: null

2018-12-12 20:06:13 - [TEST_STEP][PASSED] - Statement - PreSaveFile = new java.io.File(((pathPrefix + java.lang.Integer.toString(counter)) + .png)): null

2018-12-12 20:06:13 - [TEST_STEP][PASSED] - Statement - counter = counter + 1: null

2018-12-12 20:06:13 - [TEST_STEP][PASSED] - Statement - PreSaveFile = new java.io.File(((pathPrefix + java.lang.Integer.toString(counter)) + .png)): null

2018-12-12 20:06:13 - [TEST_STEP][PASSED] - Statement - counter = counter + 1: null

2018-12-12 20:06:13 - [TEST_STEP][PASSED] - Statement - PreSaveFile = new java.io.File(((pathPrefix + java.lang.Integer.toString(counter)) + .png)): null

2018-12-12 20:06:13 - [TEST_STEP][PASSED] - Statement - counter = counter + 1: null

2018-12-12 20:06:13 - [TEST_STEP][PASSED] - Statement - PreSaveFile = new java.io.File(((pathPrefix + java.lang.Integer.toString(counter)) + .png)): null

2018-12-12 20:06:13 - [TEST_STEP][PASSED] - Statement - counter = counter + 1: null

2018-12-12 20:06:13 - [TEST_STEP][PASSED] - Statement - PreSaveFile = new java.io.File(((pathPrefix + java.lang.Integer.toString(counter)) + .png)): null

2018-12-12 20:06:13 - [TEST_STEP][PASSED] - Statement - counter = counter + 1: null

2018-12-12 20:06:13 - [TEST_STEP][PASSED] - Statement - PreSaveFile = new java.io.File(((pathPrefix + java.lang.Integer.toString(counter)) + .png)): null

2018-12-12 20:06:13 - [TEST_STEP][PASSED] - Statement - counter = counter + 1: null

2018-12-12 20:06:13 - [TEST_STEP][PASSED] - Statement - PreSaveFile = new java.io.File(((pathPrefix + java.lang.Integer.toString(counter)) + .png)): null

2018-12-12 20:06:13 - [TEST_STEP][PASSED] - Statement - counter = counter + 1: null

2018-12-12 20:06:13 - [TEST_STEP][PASSED] - Statement - PreSaveFile = new java.io.File(((pathPrefix + java.lang.Integer.toString(counter)) + .png)): null

2018-12-12 20:06:13 - [TEST_STEP][PASSED] - Statement - counter = counter + 1: null

2018-12-12 20:06:13 - [TEST_STEP][PASSED] - Statement - PreSaveFile = new java.io.File(((pathPrefix + java.lang.Integer.toString(counter)) + .png)): null

2018-12-12 20:06:13 - [TEST_STEP][PASSED] - Statement - counter = counter + 1: null

2018-12-12 20:06:13 - [TEST_STEP][PASSED] - Statement - PreSaveFile = new java.io.File(((pathPrefix + java.lang.Integer.toString(counter)) + .png)): null

2018-12-12 20:06:13 - [TEST_STEP][PASSED] - Statement - counter = counter + 1: null

2018-12-12 20:06:13 - [TEST_STEP][PASSED] - Statement - PreSaveFile = new java.io.File(((pathPrefix + java.lang.Integer.toString(counter)) + .png)): null

2018-12-12 20:06:13 - [TEST_STEP][PASSED] - Statement - counter = counter + 1: null

2018-12-12 20:06:13 - [TEST_STEP][PASSED] - Statement - PreSaveFile = new java.io.File(((pathPrefix + java.lang.Integer.toString(counter)) + .png)): null

2018-12-12 20:06:13 - [TEST_STEP][PASSED] - Statement - counter = counter + 1: null

2018-12-12 20:06:13 - [TEST_STEP][PASSED] - Statement - PreSaveFile = new java.io.File(((pathPrefix + java.lang.Integer.toString(counter)) + .png)): null

2018-12-12 20:06:13 - [TEST_STEP][PASSED] - Statement - counter = counter + 1: null

2018-12-12 20:06:13 - [TEST_STEP][PASSED] - Statement - PreSaveFile = new java.io.File(((pathPrefix + java.lang.Integer.toString(counter)) + .png)): null

2018-12-12 20:06:13 - [TEST_STEP][PASSED] - Statement - counter = counter + 1: null

2018-12-12 20:06:13 - [TEST_STEP][PASSED] - Statement - PreSaveFile = new java.io.File(((pathPrefix + java.lang.Integer.toString(counter)) + .png)): null

2018-12-12 20:06:13 - [TEST_STEP][PASSED] - Statement - counter = counter + 1: null

2018-12-12 20:06:13 - [TEST_STEP][PASSED] - Statement - PreSaveFile = new java.io.File(((pathPrefix + java.lang.Integer.toString(counter)) + .png)): null

2018-12-12 20:06:13 - [TEST_STEP][PASSED] - Statement - counter = counter + 1: null

2018-12-12 20:06:13 - [TEST_STEP][PASSED] - Statement - PreSaveFile = new java.io.File(((pathPrefix + java.lang.Integer.toString(counter)) + .png)): null

2018-12-12 20:06:13 - [TEST_STEP][PASSED] - Statement - counter = counter + 1: null

2018-12-12 20:06:13 - [TEST_STEP][PASSED] - Statement - PreSaveFile = new java.io.File(((pathPrefix + java.lang.Integer.toString(counter)) + .png)): null

2018-12-12 20:06:13 - [TEST_STEP][PASSED] - Statement - counter = counter + 1: null

2018-12-12 20:06:13 - [TEST_STEP][PASSED] - Statement - PreSaveFile = new java.io.File(((pathPrefix + java.lang.Integer.toString(counter)) + .png)): null

2018-12-12 20:06:13 - [TEST_STEP][PASSED] - Statement - counter = counter + 1: null

2018-12-12 20:06:13 - [TEST_STEP][PASSED] - Statement - PreSaveFile = new java.io.File(((pathPrefix + java.lang.Integer.toString(counter)) + .png)): null

2018-12-12 20:06:13 - [TEST_STEP][PASSED] - Statement - counter = counter + 1: null

2018-12-12 20:06:13 - [TEST_STEP][PASSED] - Statement - PreSaveFile = new java.io.File(((pathPrefix + java.lang.Integer.toString(counter)) + .png)): null

2018-12-12 20:06:13 - [TEST_STEP][PASSED] - Statement - counter = counter + 1: null

2018-12-12 20:06:13 - [TEST_STEP][PASSED] - Statement - PreSaveFile = new java.io.File(((pathPrefix + java.lang.Integer.toString(counter)) + .png)): null

2018-12-12 20:06:13 - [TEST_STEP][PASSED] - Statement - counter = counter + 1: null

2018-12-12 20:06:13 - [TEST_STEP][PASSED] - Statement - PreSaveFile = new java.io.File(((pathPrefix + java.lang.Integer.toString(counter)) + .png)): null

2018-12-12 20:06:13 - [TEST_STEP][PASSED] - Statement - counter = counter + 1: null

2018-12-12 20:06:13 - [TEST_STEP][PASSED] - Statement - PreSaveFile = new java.io.File(((pathPrefix + java.lang.Integer.toString(counter)) + .png)): null

2018-12-12 20:06:13 - [TEST_STEP][PASSED] - Statement - counter = counter + 1: null

2018-12-12 20:06:13 - [TEST_STEP][PASSED] - Statement - PreSaveFile = new java.io.File(((pathPrefix + java.lang.Integer.toString(counter)) + .png)): null

2018-12-12 20:06:13 - [TEST_STEP][PASSED] - Statement - counter = counter + 1: null

2018-12-12 20:06:13 - [TEST_STEP][PASSED] - Statement - PreSaveFile = new java.io.File(((pathPrefix + java.lang.Integer.toString(counter)) + .png)): null

2018-12-12 20:06:13 - [TEST_STEP][PASSED] - Statement - counter = counter + 1: null

2018-12-12 20:06:13 - [TEST_STEP][PASSED] - Statement - PreSaveFile = new java.io.File(((pathPrefix + java.lang.Integer.toString(counter)) + .png)): null

2018-12-12 20:06:13 - [TEST_STEP][PASSED] - Statement - counter = counter + 1: null

2018-12-12 20:06:13 - [TEST_STEP][PASSED] - Statement - PreSaveFile = new java.io.File(((pathPrefix + java.lang.Integer.toString(counter)) + .png)): null

2018-12-12 20:06:13 - [TEST_STEP][PASSED] - Statement - counter = counter + 1: null

2018-12-12 20:06:13 - [TEST_STEP][PASSED] - Statement - PreSaveFile = new java.io.File(((pathPrefix + java.lang.Integer.toString(counter)) + .png)): null

2018-12-12 20:06:13 - [TEST_STEP][PASSED] - Statement - finalPath = pathPrefix + java.lang.Integer.toString(counter) + ".png": null

2018-12-12 20:06:13 - [TEST_STEP][PASSED] - Statement - SaveFile = new java.io.File(finalPath): null

2018-12-12 20:06:13 - [TEST_STEP][PASSED] - Statement - Try: null

2018-12-12 20:06:13 - [TEST_STEP][PASSED] - Statement - org.apache.commons.io.FileUtils.copyFile(scrFile, SaveFile): null

2018-12-12 20:06:13 - [TEST_STEP][PASSED] - Statement - out.println("file kept"): null

2018-12-12 20:06:13 - [TEST_STEP][PASSED] - delay: Delayed 10 second(s)

2018-12-12 20:06:23 - [MESSAGE][PASSED] - Delayed 10 second(s)

2018-12-12 20:06:23 - [MESSAGE][PASSED] - Call Test Case 'Test Cases/Final Aug 2018 - PKS Automation/Registration Module/New Registration/Submit and Screenshot/Submit Registration and Screenshot' successfully

2018-12-12 20:06:23 - [TEST_STEP][PASSED] - callTestCase: Call Test Case 'Test Cases/Final Aug 2018 - PKS Automation/Registration Module/Log Out/log out avoiding katalon tagging' successfully

2018-12-12 20:06:23 - [TEST_CASE][PASSED] - Test Cases/Final Aug 2018 - PKS Automation/Registration Module/Log Out/log out avoiding katalon tagging: Test Cases/Final Aug 2018 - PKS Automation/Registration Module/Log Out/log out avoiding katalon tagging

2018-12-12 20:06:23 - [TEST_STEP][PASSED] - navigateToUrl: Navigate to 'https://assist2-uat.perkeso.gov.my/c/portal/logout' successfully

2018-12-12 20:06:24 - [MESSAGE][PASSED] - Navigate to 'https://assist2-uat.perkeso.gov.my/c/portal/logout' successfully

2018-12-12 20:06:24 - [MESSAGE][PASSED] - Call Test Case 'Test Cases/Final Aug 2018 - PKS Automation/Registration Module/Log Out/log out avoiding katalon tagging' successfully

2018-12-12 20:06:24 - [TEST_STEP][PASSED] - callTestCase: Call Test Case 'Test Cases/Final Aug 2018 - PKS Automation/Common/Workflow Owner Finder' successfully

2018-12-12 20:06:24 - [TEST_CASE][PASSED] - Test Cases/Final Aug 2018 - PKS Automation/Common/Workflow Owner Finder: Test Cases/Final Aug 2018 - PKS Automation/Common/Workflow Owner Finder

2018-12-12 20:06:24 - [TEST_STEP][PASSED] - openBrowser: Browser is opened with url: ''

2018-12-12 20:06:24 - [MESSAGE][WARNING] - A browser is already opened. Closing browser and opening a new one

2018-12-12 20:06:28 - [MESSAGE][PASSED] - Browser is opened with url: ''

2018-12-12 20:06:28 - [TEST_STEP][PASSED] - navigateToUrl: Navigate to 'https://assist2-uat.perkeso.gov.my/login' successfully

2018-12-12 20:06:29 - [MESSAGE][PASSED] - Navigate to 'https://assist2-uat.perkeso.gov.my/login' successfully

2018-12-12 20:06:29 - [TEST_STEP][PASSED] - delay: Delayed 5 second(s)

2018-12-12 20:06:34 - [MESSAGE][PASSED] - Delayed 5 second(s)

2018-12-12 20:06:34 - [TEST_STEP][PASSED] - setText: Text 'test@liferay.com' is set on object 'Object Repository/Final Object Repo/Login Page/Internal User/Email Address'

2018-12-12 20:06:35 - [MESSAGE][PASSED] - Text 'test@liferay.com' is set on object 'Object Repository/Final Object Repo/Login Page/Internal User/Email Address'

2018-12-12 20:06:35 - [TEST_STEP][PASSED] - click: Object: 'Object Repository/Final Object Repo/Login Page/Internal User/Next Button' is clicked on

2018-12-12 20:06:35 - [MESSAGE][PASSED] - Object: 'Object Repository/Final Object Repo/Login Page/Internal User/Next Button' is clicked on

2018-12-12 20:06:35 - [TEST_STEP][PASSED] - delay: Delayed 2 second(s)

2018-12-12 20:06:37 - [MESSAGE][PASSED] - Delayed 2 second(s)

2018-12-12 20:06:37 - [TEST_STEP][PASSED] - setText: Text 'test' is set on object 'Object Repository/Final Object Repo/Login Page/Internal User/Password'

2018-12-12 20:06:37 - [MESSAGE][PASSED] - Text 'test' is set on object 'Object Repository/Final Object Repo/Login Page/Internal User/Password'

2018-12-12 20:06:37 - [TEST_STEP][PASSED] - delay: Delayed 2 second(s)

2018-12-12 20:06:39 - [MESSAGE][PASSED] - Delayed 2 second(s)

2018-12-12 20:06:39 - [TEST_STEP][PASSED] - click: Object: 'Object Repository/Final Object Repo/Login Page/Internal User/Login Button' is clicked on

2018-12-12 20:06:39 - [MESSAGE][PASSED] - Object: 'Object Repository/Final Object Repo/Login Page/Internal User/Login Button' is clicked on

2018-12-12 20:06:39 - [TEST_STEP][PASSED] - Statement - tester = com.kms.katalon.core.testobject.ObjectRepository.findTestObject(Final Object Repo/Landing Page/Select to English): Finding Test Object with id 'Object Repository/Final Object Repo/Landing Page/Select to English'

2018-12-12 20:06:39 - [TEST_STEP][PASSED] - Statement - Try: Delayed 2 second(s)

2018-12-12 20:06:39 - [TEST_STEP][PASSED] - Statement - Checker = com.kms.katalon.core.webui.keyword.WebUiBuiltInKeywords.verifyElementNotPresent(tester, 3): Web element with id: 'Object Repository/Final Object Repo/Landing Page/Select to English' located by 'By.xpath: //a[@class = 'taglib-language-list-text' and @lang = 'en-US' and (contains(text(), 'EN') or contains(., 'EN'))]' is not present after '3' second(s)

2018-12-12 20:06:41 - [MESSAGE][PASSED] - Web element with id: 'Object Repository/Final Object Repo/Landing Page/Select to English' located by 'By.xpath: //a[@class = 'taglib-language-list-text' and @lang = 'en-US' and (contains(text(), 'EN') or contains(., 'EN'))]' is not present after '3' second(s)

2018-12-12 20:06:41 - [TEST_STEP][PASSED] - Statement - If (Checker == false): null

2018-12-12 20:06:41 - [TEST_STEP][PASSED] - delay: Delayed 2 second(s)

2018-12-12 20:06:43 - [MESSAGE][PASSED] - Delayed 2 second(s)

2018-12-12 20:06:43 - [TEST_STEP][PASSED] - delay: Delayed 5 second(s)

2018-12-12 20:06:48 - [MESSAGE][PASSED] - Delayed 5 second(s)

2018-12-12 20:06:48 - [TEST_STEP][PASSED] - mouseOver: Object: 'Object Repository/Final Object Repo/Landing Page/WorkFlow Menu' is hovered

2018-12-12 20:06:48 - [MESSAGE][PASSED] - Object: 'Object Repository/Final Object Repo/Landing Page/WorkFlow Menu' is hovered

2018-12-12 20:06:48 - [TEST_STEP][PASSED] - delay: Delayed 2 second(s)

2018-12-12 20:06:50 - [MESSAGE][PASSED] - Delayed 2 second(s)

2018-12-12 20:06:50 - [TEST_STEP][PASSED] - click: Object: 'Object Repository/Final Object Repo/Landing Page/Select to Workflow Listing' is clicked on

2018-12-12 20:06:51 - [MESSAGE][PASSED] - Object: 'Object Repository/Final Object Repo/Landing Page/Select to Workflow Listing' is clicked on

2018-12-12 20:06:51 - [TEST_STEP][PASSED] - delay: Delayed 2 second(s)

2018-12-12 20:06:53 - [MESSAGE][PASSED] - Delayed 2 second(s)

2018-12-12 20:06:53 - [TEST_STEP][PASSED] - click: Object: 'Object Repository/Final Object Repo/WorkFlow Listing Page/Search Information - To Put Ref No' is clicked on

2018-12-12 20:06:53 - [MESSAGE][PASSED] - Object: 'Object Repository/Final Object Repo/WorkFlow Listing Page/Search Information - To Put Ref No' is clicked on

2018-12-12 20:06:53 - [TEST_STEP][PASSED] - delay: Delayed 2 second(s)

2018-12-12 20:06:55 - [MESSAGE][PASSED] - Delayed 2 second(s)

2018-12-12 20:06:55 - [TEST_STEP][PASSED] - callTestCase: Call Test Case 'Test Cases/Final Aug 2018 - PKS Automation/Common/Reference Number Getter' successfully

2018-12-12 20:06:55 - [TEST_CASE][PASSED] - Test Cases/Final Aug 2018 - PKS Automation/Common/Reference Number Getter: Test Cases/Final Aug 2018 - PKS Automation/Common/Reference Number Getter

2018-12-12 20:06:55 - [TEST_STEP][PASSED] - Statement - Try: null

2018-12-12 20:06:55 - [TEST_STEP][PASSED] - Statement - RefNo = new java.io.File(C://Users//Admin//Desktop//PKS//Automation Reference Point//KatalonReference.txt): null

2018-12-12 20:06:55 - [TEST_STEP][PASSED] - Statement - bufferread = new java.io.BufferedReader(new java.io.FileReader(RefNo)): null

2018-12-12 20:06:55 - [TEST_STEP][PASSED] - Statement - readedVal = bufferread.readLine(): null

2018-12-12 20:06:55 - [TEST_STEP][PASSED] - Statement - out.println(CaseReferenceNo): null

2018-12-12 20:06:55 - [TEST_STEP][PASSED] - Statement - out.println(readedVal): null

2018-12-12 20:06:55 - [TEST_STEP][PASSED] - Statement - CaseReferenceNo = "": null

2018-12-12 20:06:55 - [TEST_STEP][PASSED] - Statement - CaseReferenceNo = readedVal: null

2018-12-12 20:06:55 - [MESSAGE][PASSED] - Call Test Case 'Test Cases/Final Aug 2018 - PKS Automation/Common/Reference Number Getter' successfully

2018-12-12 20:06:55 - [TEST_STEP][PASSED] - setText: Text 'CRN12201800123234' is set on object 'Object Repository/Final Object Repo/WorkFlow Listing Page/Ref No Set Text'

2018-12-12 20:06:55 - [MESSAGE][PASSED] - Text 'CRN12201800123234' is set on object 'Object Repository/Final Object Repo/WorkFlow Listing Page/Ref No Set Text'

2018-12-12 20:06:55 - [TEST_STEP][PASSED] - delay: Delayed 2 second(s)

2018-12-12 20:06:57 - [MESSAGE][PASSED] - Delayed 2 second(s)

2018-12-12 20:06:57 - [TEST_STEP][PASSED] - click: Object: 'Object Repository/Final Object Repo/WorkFlow Listing Page/Search Ref No Search Button' is clicked on

2018-12-12 20:06:58 - [MESSAGE][PASSED] - Object: 'Object Repository/Final Object Repo/WorkFlow Listing Page/Search Ref No Search Button' is clicked on

2018-12-12 20:06:58 - [TEST_STEP][PASSED] - delay: Delayed 6 second(s)

2018-12-12 20:07:04 - [MESSAGE][PASSED] - Delayed 6 second(s)

2018-12-12 20:07:04 - [TEST_STEP][PASSED] - click: Object: 'Object Repository/Final Object Repo/WorkFlow Listing Page/Click Continue Tooltip' is clicked on

2018-12-12 20:07:04 - [MESSAGE][PASSED] - Object: 'Object Repository/Final Object Repo/WorkFlow Listing Page/Click Continue Tooltip' is clicked on

2018-12-12 20:07:04 - [TEST_STEP][PASSED] - delay: Delayed 5 second(s)

2018-12-12 20:07:09 - [MESSAGE][PASSED] - Delayed 5 second(s)

2018-12-12 20:07:09 - [TEST_STEP][PASSED] - doubleClick: Object: 'Object Repository/Final Object Repo/WorkFlow Listing Page/Workflow Found - Listing 1' is double clicked on

2018-12-12 20:07:10 - [MESSAGE][PASSED] - Object: 'Object Repository/Final Object Repo/WorkFlow Listing Page/Workflow Found - Listing 1' is double clicked on

2018-12-12 20:07:10 - [TEST_STEP][PASSED] - Statement - println(OwnerID): null

2018-12-12 20:07:10 - [TEST_STEP][PASSED] - Statement - OwnerID = com.kms.katalon.core.webui.keyword.WebUiBuiltInKeywords.getText(com.kms.katalon.core.testobject.ObjectRepository.findTestObject(Final Object Repo/WorkFlow Listing Page/Workflow Found - Listing 1), STOP_ON_FAILURE): Text of object 'Object Repository/Final Object Repo/WorkFlow Listing Page/Workflow Found - Listing 1' is: 'JOHORro1'

2018-12-12 20:07:10 - [MESSAGE][PASSED] - Text of object 'Object Repository/Final Object Repo/WorkFlow Listing Page/Workflow Found - Listing 1' is: 'JOHORro1'

2018-12-12 20:07:10 - [TEST_STEP][PASSED] - Statement - OwnerID = OwnerID.toLowerCase() + "@gmail.com": null

2018-12-12 20:07:10 - [TEST_STEP][PASSED] - Statement - println(OwnerID): null

2018-12-12 20:07:10 - [TEST_STEP][PASSED] - delay: Delayed 2 second(s)

2018-12-12 20:07:12 - [MESSAGE][PASSED] - Delayed 2 second(s)

2018-12-12 20:07:12 - [MESSAGE][PASSED] - Call Test Case 'Test Cases/Final Aug 2018 - PKS Automation/Common/Workflow Owner Finder' successfully

2018-12-12 20:07:12 - [TEST_STEP][PASSED] - callTestCase: Call Test Case 'Test Cases/Final Aug 2018 - PKS Automation/Registration Module/Log Out/log out avoiding katalon tagging' successfully

2018-12-12 20:07:12 - [TEST_CASE][PASSED] - Test Cases/Final Aug 2018 - PKS Automation/Registration Module/Log Out/log out avoiding katalon tagging: Test Cases/Final Aug 2018 - PKS Automation/Registration Module/Log Out/log out avoiding katalon tagging

2018-12-12 20:07:12 - [TEST_STEP][PASSED] - navigateToUrl: Navigate to 'https://assist2-uat.perkeso.gov.my/c/portal/logout' successfully

2018-12-12 20:07:12 - [MESSAGE][PASSED] - Navigate to 'https://assist2-uat.perkeso.gov.my/c/portal/logout' successfully

2018-12-12 20:07:12 - [MESSAGE][PASSED] - Call Test Case 'Test Cases/Final Aug 2018 - PKS Automation/Registration Module/Log Out/log out avoiding katalon tagging' successfully

2018-12-12 20:07:12 - [TEST_STEP][PASSED] - delay: Delayed 2 second(s)

2018-12-12 20:07:14 - [MESSAGE][PASSED] - Delayed 2 second(s)

2018-12-12 20:07:14 - [TEST_STEP][PASSED] - setText: Text 'johorro1@gmail.com' is set on object 'Object Repository/Final Object Repo/New Registration - Registration Module Pages/New Reg - OTC to RO/Special Case - All Related Objects/Email TextBox'

2018-12-12 20:07:15 - [MESSAGE][PASSED] - Text 'johorro1@gmail.com' is set on object 'Object Repository/Final Object Repo/New Registration - Registration Module Pages/New Reg - OTC to RO/Special Case - All Related Objects/Email TextBox'

2018-12-12 20:07:15 - [TEST_STEP][PASSED] - click: Object: 'Object Repository/Final Object Repo/New Registration - Registration Module Pages/New Reg - OTC to RO/Special Case - All Related Objects/Next Button' is clicked on

2018-12-12 20:07:15 - [MESSAGE][PASSED] - Object: 'Object Repository/Final Object Repo/New Registration - Registration Module Pages/New Reg - OTC to RO/Special Case - All Related Objects/Next Button' is clicked on

2018-12-12 20:07:15 - [TEST_STEP][PASSED] - delay: Delayed 2 second(s)

2018-12-12 20:07:17 - [MESSAGE][PASSED] - Delayed 2 second(s)

2018-12-12 20:07:17 - [TEST_STEP][PASSED] - setText: Text 'Test1@3456789' is set on object 'Object Repository/Final Object Repo/New Registration - Registration Module Pages/New Reg - OTC to RO/Special Case - All Related Objects/Password TextBox'

2018-12-12 20:07:17 - [MESSAGE][PASSED] - Text 'Test1@3456789' is set on object 'Object Repository/Final Object Repo/New Registration - Registration Module Pages/New Reg - OTC to RO/Special Case - All Related Objects/Password TextBox'

2018-12-12 20:07:17 - [TEST_STEP][PASSED] - delay: Delayed 2 second(s)

2018-12-12 20:07:19 - [MESSAGE][PASSED] - Delayed 2 second(s)

2018-12-12 20:07:19 - [TEST_STEP][PASSED] - click: Object: 'Object Repository/Final Object Repo/New Registration - Registration Module Pages/New Reg - OTC to RO/Special Case - All Related Objects/Login Button' is clicked on

2018-12-12 20:07:19 - [MESSAGE][PASSED] - Object: 'Object Repository/Final Object Repo/New Registration - Registration Module Pages/New Reg - OTC to RO/Special Case - All Related Objects/Login Button' is clicked on

2018-12-12 20:07:19 - [TEST_STEP][PASSED] - delay: Delayed 2 second(s)

2018-12-12 20:07:21 - [MESSAGE][PASSED] - Delayed 2 second(s)

2018-12-12 20:07:21 - [TEST_STEP][PASSED] - Statement - Try: null

2018-12-12 20:07:21 - [TEST_STEP][PASSED] - Statement - Checker = com.kms.katalon.core.webui.keyword.WebUiBuiltInKeywords.verifyElementNotPresent("Final Object Repo/Landing Page/Select to English", 3): null

2018-12-12 20:07:21 - [TEST_STEP][PASSED] - Statement - Catch (Exception e): null

2018-12-12 20:07:21 - [TEST_STEP][PASSED] - Statement - e.printStackTrace(): null

2018-12-12 20:07:21 - [TEST_STEP][PASSED] - click: Object: 'Object Repository/Final Object Repo/New Registration - Registration Module Pages/New Reg - OTC to RO/Special Case - All Related Objects/Expand to Search' is clicked on

2018-12-12 20:07:22 - [MESSAGE][PASSED] - Object: 'Object Repository/Final Object Repo/New Registration - Registration Module Pages/New Reg - OTC to RO/Special Case - All Related Objects/Expand to Search' is clicked on

2018-12-12 20:07:22 - [TEST_STEP][FAILED] - setText: Unable to set text 'CRN12201800123234' of object 'Object Repository/Final Object Repo/New Registration - Registration Module Pages/New Reg - OTC to RO/Special Case - All Related Objects/TextBox RefNo in Workbasket' (Root cause: org.openqa.selenium.ElementNotVisibleException: element not interactable
  (Session info: chrome=70.0.3538.110)
  (Driver info: chromedriver=2.43.600210 (68dcf5eebde37173d4027fa8635e332711d2874a),platform=Windows NT 6.1.7601 SP1 x86_64) (WARNING: The server did not provide any stacktrace information)
Command duration or timeout: 0 milliseconds
Build info: version: '3.7.1', revision: '8a0099a', time: '2017-11-06T21:07:36.161Z'
System info: host: 'WIN7TEST02', ip: '10.20.3.72', os.name: 'Windows 7', os.arch: 'amd64', os.version: '6.1', java.version: '1.8.0_181'
Driver info: com.kms.katalon.selenium.driver.CChromeDriver
Capabilities {acceptInsecureCerts: false, acceptSslCerts: false, applicationCacheEnabled: false, browserConnectionEnabled: false, browserName: chrome, chrome: {chromedriverVersion: 2.43.600210 (68dcf5eebde371..., userDataDir: C:\Users\Admin\AppData\Loca...}, cssSelectorsEnabled: true, databaseEnabled: false, goog:chromeOptions: {debuggerAddress: localhost:56152}, handlesAlerts: true, hasTouchScreen: false, javascriptEnabled: true, locationContextEnabled: true, mobileEmulationEnabled: false, nativeEvents: true, networkConnectionEnabled: false, pageLoadStrategy: normal, platform: XP, platformName: XP, rotatable: false, setWindowRect: true, takesHeapSnapshot: true, takesScreenshot: true, unexpectedAlertBehaviour: , unhandledPromptBehavior: , version: 70.0.3538.110, webStorageEnabled: true}
Session ID: d3e63838fd74785118e7f8d494b84cfb)

2018-12-12 20:07:22 - [MESSAGE][FAILED] - Unable to set text 'CRN12201800123234' of object 'Object Repository/Final Object Repo/New Registration - Registration Module Pages/New Reg - OTC to RO/Special Case - All Related Objects/TextBox RefNo in Workbasket' (Root cause: org.openqa.selenium.ElementNotVisibleException: element not interactable
  (Session info: chrome=70.0.3538.110)
  (Driver info: chromedriver=2.43.600210 (68dcf5eebde37173d4027fa8635e332711d2874a),platform=Windows NT 6.1.7601 SP1 x86_64) (WARNING: The server did not provide any stacktrace information)
Command duration or timeout: 0 milliseconds
Build info: version: '3.7.1', revision: '8a0099a', time: '2017-11-06T21:07:36.161Z'
System info: host: 'WIN7TEST02', ip: '10.20.3.72', os.name: 'Windows 7', os.arch: 'amd64', os.version: '6.1', java.version: '1.8.0_181'
Driver info: com.kms.katalon.selenium.driver.CChromeDriver
Capabilities {acceptInsecureCerts: false, acceptSslCerts: false, applicationCacheEnabled: false, browserConnectionEnabled: false, browserName: chrome, chrome: {chromedriverVersion: 2.43.600210 (68dcf5eebde371..., userDataDir: C:\Users\Admin\AppData\Loca...}, cssSelectorsEnabled: true, databaseEnabled: false, goog:chromeOptions: {debuggerAddress: localhost:56152}, handlesAlerts: true, hasTouchScreen: false, javascriptEnabled: true, locationContextEnabled: true, mobileEmulationEnabled: false, nativeEvents: true, networkConnectionEnabled: false, pageLoadStrategy: normal, platform: XP, platformName: XP, rotatable: false, setWindowRect: true, takesHeapSnapshot: true, takesScreenshot: true, unexpectedAlertBehaviour: , unhandledPromptBehavior: , version: 70.0.3538.110, webStorageEnabled: true}
Session ID: d3e63838fd74785118e7f8d494b84cfb)
[[ATTACHMENT|C:\\Users\\Admin\\Desktop\\PKS\\Perkeso Phase A\\Reports\\Workflow\\New Registration\\20181212_150049\\1544616442119.png]]

2018-12-12 20:07:22 - [TEST_STEP][PASSED] - delay: Delayed 2 second(s)

2018-12-12 20:07:24 - [MESSAGE][PASSED] - Delayed 2 second(s)

2018-12-12 20:07:24 - [TEST_STEP][PASSED] - click: Object: 'Object Repository/Final Object Repo/New Registration - Registration Module Pages/New Reg - OTC to RO/Special Case - All Related Objects/Click Search' is clicked on

2018-12-12 20:07:24 - [MESSAGE][PASSED] - Object: 'Object Repository/Final Object Repo/New Registration - Registration Module Pages/New Reg - OTC to RO/Special Case - All Related Objects/Click Search' is clicked on

2018-12-12 20:07:24 - [TEST_STEP][PASSED] - delay: Delayed 2 second(s)

2018-12-12 20:07:26 - [MESSAGE][PASSED] - Delayed 2 second(s)

2018-12-12 20:07:26 - [TEST_STEP][PASSED] - click: Object: 'Object Repository/Final Object Repo/New Registration - Registration Module Pages/New Reg - OTC to RO/Special Case - All Related Objects/Click to Continue Workflow' is clicked on

2018-12-12 20:07:29 - [MESSAGE][PASSED] - Object: 'Object Repository/Final Object Repo/New Registration - Registration Module Pages/New Reg - OTC to RO/Special Case - All Related Objects/Click to Continue Workflow' is clicked on

2018-12-12 20:07:29 - [TEST_STEP][PASSED] - delay: Delayed 2 second(s)

2018-12-12 20:07:31 - [MESSAGE][PASSED] - Delayed 2 second(s)

2018-12-12 20:07:31 - [TEST_STEP][PASSED] - click: Object: 'Object Repository/Final Object Repo/New Registration - Registration Module Pages/New Reg - OTC to RO/Special Case - All Related Objects/Continue Button in verifying case' is clicked on

2018-12-12 20:07:33 - [MESSAGE][PASSED] - Object: 'Object Repository/Final Object Repo/New Registration - Registration Module Pages/New Reg - OTC to RO/Special Case - All Related Objects/Continue Button in verifying case' is clicked on

2018-12-12 20:07:33 - [TEST_STEP][PASSED] - delay: Delayed 2 second(s)

2018-12-12 20:07:35 - [MESSAGE][PASSED] - Delayed 2 second(s)

2018-12-12 20:07:35 - [TEST_STEP][PASSED] - click: Object: 'Object Repository/Final Object Repo/New Registration - Registration Module Pages/Form 1/Registered As a Branch - Yes' is clicked on

2018-12-12 20:07:35 - [MESSAGE][PASSED] - Object: 'Object Repository/Final Object Repo/New Registration - Registration Module Pages/Form 1/Registered As a Branch - Yes' is clicked on

2018-12-12 20:07:35 - [TEST_STEP][PASSED] - delay: Delayed 2 second(s)

2018-12-12 20:07:37 - [MESSAGE][PASSED] - Delayed 2 second(s)

2018-12-12 20:07:37 - [TEST_STEP][PASSED] - click: Object: 'Object Repository/Final Object Repo/New Registration - Registration Module Pages/New Reg - OTC to RO/Special Case - All Related Objects/Form 1 Save n Continue' is clicked on

2018-12-12 20:07:37 - [MESSAGE][PASSED] - Object: 'Object Repository/Final Object Repo/New Registration - Registration Module Pages/New Reg - OTC to RO/Special Case - All Related Objects/Form 1 Save n Continue' is clicked on

2018-12-12 20:07:37 - [TEST_STEP][PASSED] - delay: Delayed 2 second(s)

2018-12-12 20:07:39 - [MESSAGE][PASSED] - Delayed 2 second(s)

2018-12-12 20:07:39 - [TEST_STEP][PASSED] - click: Object: 'Object Repository/Final Object Repo/New Registration - Registration Module Pages/New Reg - OTC to RO/Special Case - All Related Objects/Form 2 Save n Continue' is clicked on

2018-12-12 20:07:40 - [MESSAGE][PASSED] - Object: 'Object Repository/Final Object Repo/New Registration - Registration Module Pages/New Reg - OTC to RO/Special Case - All Related Objects/Form 2 Save n Continue' is clicked on

2018-12-12 20:07:40 - [TEST_STEP][PASSED] - delay: Delayed 2 second(s)

2018-12-12 20:07:42 - [MESSAGE][PASSED] - Delayed 2 second(s)

2018-12-12 20:07:42 - [TEST_STEP][PASSED] - click: Object: 'Object Repository/Final Object Repo/New Registration - Registration Module Pages/New Reg - OTC to RO/Special Case - All Related Objects/Third Screen Save n Continue' is clicked on

2018-12-12 20:07:47 - [MESSAGE][PASSED] - Object: 'Object Repository/Final Object Repo/New Registration - Registration Module Pages/New Reg - OTC to RO/Special Case - All Related Objects/Third Screen Save n Continue' is clicked on

2018-12-12 20:07:47 - [TEST_STEP][PASSED] - delay: Delayed 5 second(s)

2018-12-12 20:07:52 - [MESSAGE][PASSED] - Delayed 5 second(s)

2018-12-12 20:07:52 - [TEST_STEP][PASSED] - click: Object: 'Object Repository/Final Object Repo/New Registration - Registration Module Pages/New Reg - OTC to RO/Special Case - All Related Objects/Upload Doc Page Save n Continue' is clicked on

2018-12-12 20:07:52 - [MESSAGE][PASSED] - Object: 'Object Repository/Final Object Repo/New Registration - Registration Module Pages/New Reg - OTC to RO/Special Case - All Related Objects/Upload Doc Page Save n Continue' is clicked on

2018-12-12 20:07:52 - [TEST_STEP][PASSED] - delay: Delayed 5 second(s)

2018-12-12 20:07:57 - [MESSAGE][PASSED] - Delayed 5 second(s)

2018-12-12 20:07:57 - [TEST_STEP][PASSED] - click: Object: 'Object Repository/Final Object Repo/New Registration - Registration Module Pages/New Reg - OTC to RO/Special Case - All Related Objects/Under Enforcement Button at Preview Screen of RO' is clicked on

2018-12-12 20:07:57 - [MESSAGE][PASSED] - Object: 'Object Repository/Final Object Repo/New Registration - Registration Module Pages/New Reg - OTC to RO/Special Case - All Related Objects/Under Enforcement Button at Preview Screen of RO' is clicked on

2018-12-12 20:07:57 - [TEST_STEP][PASSED] - delay: Delayed 5 second(s)

2018-12-12 20:08:02 - [MESSAGE][PASSED] - Delayed 5 second(s)

2018-12-12 20:08:02 - [TEST_STEP][PASSED] - click: Object: 'Object Repository/Final Object Repo/New Registration - Registration Module Pages/New Reg - OTC to RO/Special Case - All Related Objects/Under Enforcement - inner form' is clicked on

2018-12-12 20:08:02 - [MESSAGE][PASSED] - Object: 'Object Repository/Final Object Repo/New Registration - Registration Module Pages/New Reg - OTC to RO/Special Case - All Related Objects/Under Enforcement - inner form' is clicked on

2018-12-12 20:08:02 - [TEST_STEP][PASSED] - callTestCase: Call Test Case 'Test Cases/Final Aug 2018 - PKS Automation/Common/Screenshoting tool' successfully

2018-12-12 20:08:02 - [TEST_CASE][PASSED] - Test Cases/Final Aug 2018 - PKS Automation/Common/Screenshoting tool: Test Cases/Final Aug 2018 - PKS Automation/Common/Screenshoting tool

2018-12-12 20:08:02 - [TEST_STEP][PASSED] - delay: Delayed 15 second(s)

2018-12-12 20:08:17 - [MESSAGE][PASSED] - Delayed 15 second(s)

2018-12-12 20:08:17 - [TEST_STEP][PASSED] - Statement - driver = com.kms.katalon.core.webui.driver.DriverFactory.getWebDriver(): null

2018-12-12 20:08:17 - [TEST_STEP][PASSED] - Statement - driver.manage().timeouts().implicitlyWait(10, SECONDS): null

2018-12-12 20:08:17 - [TEST_STEP][PASSED] - Statement - PresavePath = KatalonScreenshots: null

2018-12-12 20:08:17 - [TEST_STEP][PASSED] - Statement - pathPrefix = "C:\Users\Public\Pictures\Sample Pictures\Katalon Screenshots\Automate Ending Screen": null

2018-12-12 20:08:17 - [TEST_STEP][PASSED] - Statement - finalPath = <not implemented yet for class: org.codehaus.groovy.ast.expr.EmptyExpression>: null

2018-12-12 20:08:17 - [TEST_STEP][PASSED] - Statement - scrFile = driver.getScreenshotAs(FILE): null

2018-12-12 20:08:18 - [TEST_STEP][PASSED] - Statement - PreSaveFile = new java.io.File(PresavePath): null

2018-12-12 20:08:18 - [TEST_STEP][PASSED] - Statement - counter = 0: null

2018-12-12 20:08:18 - [TEST_STEP][PASSED] - Statement - If (PreSaveFile.exists()): null

2018-12-12 20:08:18 - [TEST_STEP][PASSED] - Statement - While (PreSaveFile.exists()): null

2018-12-12 20:08:18 - [TEST_STEP][PASSED] - Statement - counter = counter + 1: null

2018-12-12 20:08:18 - [TEST_STEP][PASSED] - Statement - PreSaveFile = new java.io.File(((pathPrefix + java.lang.Integer.toString(counter)) + .png)): null

2018-12-12 20:08:18 - [TEST_STEP][PASSED] - Statement - counter = counter + 1: null

2018-12-12 20:08:18 - [TEST_STEP][PASSED] - Statement - PreSaveFile = new java.io.File(((pathPrefix + java.lang.Integer.toString(counter)) + .png)): null

2018-12-12 20:08:18 - [TEST_STEP][PASSED] - Statement - counter = counter + 1: null

2018-12-12 20:08:18 - [TEST_STEP][PASSED] - Statement - PreSaveFile = new java.io.File(((pathPrefix + java.lang.Integer.toString(counter)) + .png)): null

2018-12-12 20:08:18 - [TEST_STEP][PASSED] - Statement - counter = counter + 1: null

2018-12-12 20:08:18 - [TEST_STEP][PASSED] - Statement - PreSaveFile = new java.io.File(((pathPrefix + java.lang.Integer.toString(counter)) + .png)): null

2018-12-12 20:08:18 - [TEST_STEP][PASSED] - Statement - counter = counter + 1: null

2018-12-12 20:08:18 - [TEST_STEP][PASSED] - Statement - PreSaveFile = new java.io.File(((pathPrefix + java.lang.Integer.toString(counter)) + .png)): null

2018-12-12 20:08:18 - [TEST_STEP][PASSED] - Statement - counter = counter + 1: null

2018-12-12 20:08:18 - [TEST_STEP][PASSED] - Statement - PreSaveFile = new java.io.File(((pathPrefix + java.lang.Integer.toString(counter)) + .png)): null

2018-12-12 20:08:18 - [TEST_STEP][PASSED] - Statement - counter = counter + 1: null

2018-12-12 20:08:18 - [TEST_STEP][PASSED] - Statement - PreSaveFile = new java.io.File(((pathPrefix + java.lang.Integer.toString(counter)) + .png)): null

2018-12-12 20:08:18 - [TEST_STEP][PASSED] - Statement - counter = counter + 1: null

2018-12-12 20:08:18 - [TEST_STEP][PASSED] - Statement - PreSaveFile = new java.io.File(((pathPrefix + java.lang.Integer.toString(counter)) + .png)): null

2018-12-12 20:08:18 - [TEST_STEP][PASSED] - Statement - counter = counter + 1: null

2018-12-12 20:08:18 - [TEST_STEP][PASSED] - Statement - PreSaveFile = new java.io.File(((pathPrefix + java.lang.Integer.toString(counter)) + .png)): null

2018-12-12 20:08:18 - [TEST_STEP][PASSED] - Statement - counter = counter + 1: null

2018-12-12 20:08:18 - [TEST_STEP][PASSED] - Statement - PreSaveFile = new java.io.File(((pathPrefix + java.lang.Integer.toString(counter)) + .png)): null

2018-12-12 20:08:18 - [TEST_STEP][PASSED] - Statement - counter = counter + 1: null

2018-12-12 20:08:18 - [TEST_STEP][PASSED] - Statement - PreSaveFile = new java.io.File(((pathPrefix + java.lang.Integer.toString(counter)) + .png)): null

2018-12-12 20:08:18 - [TEST_STEP][PASSED] - Statement - counter = counter + 1: null

2018-12-12 20:08:18 - [TEST_STEP][PASSED] - Statement - PreSaveFile = new java.io.File(((pathPrefix + java.lang.Integer.toString(counter)) + .png)): null

2018-12-12 20:08:18 - [TEST_STEP][PASSED] - Statement - counter = counter + 1: null

2018-12-12 20:08:18 - [TEST_STEP][PASSED] - Statement - PreSaveFile = new java.io.File(((pathPrefix + java.lang.Integer.toString(counter)) + .png)): null

2018-12-12 20:08:18 - [TEST_STEP][PASSED] - Statement - counter = counter + 1: null

2018-12-12 20:08:18 - [TEST_STEP][PASSED] - Statement - PreSaveFile = new java.io.File(((pathPrefix + java.lang.Integer.toString(counter)) + .png)): null

2018-12-12 20:08:18 - [TEST_STEP][PASSED] - Statement - counter = counter + 1: null

2018-12-12 20:08:18 - [TEST_STEP][PASSED] - Statement - PreSaveFile = new java.io.File(((pathPrefix + java.lang.Integer.toString(counter)) + .png)): null

2018-12-12 20:08:18 - [TEST_STEP][PASSED] - Statement - counter = counter + 1: null

2018-12-12 20:08:18 - [TEST_STEP][PASSED] - Statement - PreSaveFile = new java.io.File(((pathPrefix + java.lang.Integer.toString(counter)) + .png)): null

2018-12-12 20:08:18 - [TEST_STEP][PASSED] - Statement - counter = counter + 1: null

2018-12-12 20:08:18 - [TEST_STEP][PASSED] - Statement - PreSaveFile = new java.io.File(((pathPrefix + java.lang.Integer.toString(counter)) + .png)): null

2018-12-12 20:08:18 - [TEST_STEP][PASSED] - Statement - counter = counter + 1: null

2018-12-12 20:08:18 - [TEST_STEP][PASSED] - Statement - PreSaveFile = new java.io.File(((pathPrefix + java.lang.Integer.toString(counter)) + .png)): null

2018-12-12 20:08:18 - [TEST_STEP][PASSED] - Statement - counter = counter + 1: null

2018-12-12 20:08:18 - [TEST_STEP][PASSED] - Statement - PreSaveFile = new java.io.File(((pathPrefix + java.lang.Integer.toString(counter)) + .png)): null

2018-12-12 20:08:18 - [TEST_STEP][PASSED] - Statement - counter = counter + 1: null

2018-12-12 20:08:18 - [TEST_STEP][PASSED] - Statement - PreSaveFile = new java.io.File(((pathPrefix + java.lang.Integer.toString(counter)) + .png)): null

2018-12-12 20:08:18 - [TEST_STEP][PASSED] - Statement - counter = counter + 1: null

2018-12-12 20:08:18 - [TEST_STEP][PASSED] - Statement - PreSaveFile = new java.io.File(((pathPrefix + java.lang.Integer.toString(counter)) + .png)): null

2018-12-12 20:08:18 - [TEST_STEP][PASSED] - Statement - counter = counter + 1: null

2018-12-12 20:08:18 - [TEST_STEP][PASSED] - Statement - PreSaveFile = new java.io.File(((pathPrefix + java.lang.Integer.toString(counter)) + .png)): null

2018-12-12 20:08:18 - [TEST_STEP][PASSED] - Statement - counter = counter + 1: null

2018-12-12 20:08:18 - [TEST_STEP][PASSED] - Statement - PreSaveFile = new java.io.File(((pathPrefix + java.lang.Integer.toString(counter)) + .png)): null

2018-12-12 20:08:18 - [TEST_STEP][PASSED] - Statement - counter = counter + 1: null

2018-12-12 20:08:18 - [TEST_STEP][PASSED] - Statement - PreSaveFile = new java.io.File(((pathPrefix + java.lang.Integer.toString(counter)) + .png)): null

2018-12-12 20:08:18 - [TEST_STEP][PASSED] - Statement - counter = counter + 1: null

2018-12-12 20:08:18 - [TEST_STEP][PASSED] - Statement - PreSaveFile = new java.io.File(((pathPrefix + java.lang.Integer.toString(counter)) + .png)): null

2018-12-12 20:08:18 - [TEST_STEP][PASSED] - Statement - counter = counter + 1: null

2018-12-12 20:08:18 - [TEST_STEP][PASSED] - Statement - PreSaveFile = new java.io.File(((pathPrefix + java.lang.Integer.toString(counter)) + .png)): null

2018-12-12 20:08:18 - [TEST_STEP][PASSED] - Statement - counter = counter + 1: null

2018-12-12 20:08:18 - [TEST_STEP][PASSED] - Statement - PreSaveFile = new java.io.File(((pathPrefix + java.lang.Integer.toString(counter)) + .png)): null

2018-12-12 20:08:18 - [TEST_STEP][PASSED] - Statement - counter = counter + 1: null

2018-12-12 20:08:18 - [TEST_STEP][PASSED] - Statement - PreSaveFile = new java.io.File(((pathPrefix + java.lang.Integer.toString(counter)) + .png)): null

2018-12-12 20:08:18 - [TEST_STEP][PASSED] - Statement - counter = counter + 1: null

2018-12-12 20:08:18 - [TEST_STEP][PASSED] - Statement - PreSaveFile = new java.io.File(((pathPrefix + java.lang.Integer.toString(counter)) + .png)): null

2018-12-12 20:08:18 - [TEST_STEP][PASSED] - Statement - counter = counter + 1: null

2018-12-12 20:08:18 - [TEST_STEP][PASSED] - Statement - PreSaveFile = new java.io.File(((pathPrefix + java.lang.Integer.toString(counter)) + .png)): null

2018-12-12 20:08:18 - [TEST_STEP][PASSED] - Statement - counter = counter + 1: null

2018-12-12 20:08:18 - [TEST_STEP][PASSED] - Statement - PreSaveFile = new java.io.File(((pathPrefix + java.lang.Integer.toString(counter)) + .png)): null

2018-12-12 20:08:18 - [TEST_STEP][PASSED] - Statement - counter = counter + 1: null

2018-12-12 20:08:18 - [TEST_STEP][PASSED] - Statement - PreSaveFile = new java.io.File(((pathPrefix + java.lang.Integer.toString(counter)) + .png)): null

2018-12-12 20:08:18 - [TEST_STEP][PASSED] - Statement - counter = counter + 1: null

2018-12-12 20:08:18 - [TEST_STEP][PASSED] - Statement - PreSaveFile = new java.io.File(((pathPrefix + java.lang.Integer.toString(counter)) + .png)): null

2018-12-12 20:08:18 - [TEST_STEP][PASSED] - Statement - counter = counter + 1: null

2018-12-12 20:08:18 - [TEST_STEP][PASSED] - Statement - PreSaveFile = new java.io.File(((pathPrefix + java.lang.Integer.toString(counter)) + .png)): null

2018-12-12 20:08:18 - [TEST_STEP][PASSED] - Statement - counter = counter + 1: null

2018-12-12 20:08:18 - [TEST_STEP][PASSED] - Statement - PreSaveFile = new java.io.File(((pathPrefix + java.lang.Integer.toString(counter)) + .png)): null

2018-12-12 20:08:18 - [TEST_STEP][PASSED] - Statement - counter = counter + 1: null

2018-12-12 20:08:18 - [TEST_STEP][PASSED] - Statement - PreSaveFile = new java.io.File(((pathPrefix + java.lang.Integer.toString(counter)) + .png)): null

2018-12-12 20:08:18 - [TEST_STEP][PASSED] - Statement - counter = counter + 1: null

2018-12-12 20:08:18 - [TEST_STEP][PASSED] - Statement - PreSaveFile = new java.io.File(((pathPrefix + java.lang.Integer.toString(counter)) + .png)): null

2018-12-12 20:08:18 - [TEST_STEP][PASSED] - Statement - counter = counter + 1: null

2018-12-12 20:08:18 - [TEST_STEP][PASSED] - Statement - PreSaveFile = new java.io.File(((pathPrefix + java.lang.Integer.toString(counter)) + .png)): null

2018-12-12 20:08:18 - [TEST_STEP][PASSED] - Statement - counter = counter + 1: null

2018-12-12 20:08:18 - [TEST_STEP][PASSED] - Statement - PreSaveFile = new java.io.File(((pathPrefix + java.lang.Integer.toString(counter)) + .png)): null

2018-12-12 20:08:18 - [TEST_STEP][PASSED] - Statement - counter = counter + 1: null

2018-12-12 20:08:18 - [TEST_STEP][PASSED] - Statement - PreSaveFile = new java.io.File(((pathPrefix + java.lang.Integer.toString(counter)) + .png)): null

2018-12-12 20:08:18 - [TEST_STEP][PASSED] - Statement - counter = counter + 1: null

2018-12-12 20:08:18 - [TEST_STEP][PASSED] - Statement - PreSaveFile = new java.io.File(((pathPrefix + java.lang.Integer.toString(counter)) + .png)): null

2018-12-12 20:08:18 - [TEST_STEP][PASSED] - Statement - counter = counter + 1: null

2018-12-12 20:08:18 - [TEST_STEP][PASSED] - Statement - PreSaveFile = new java.io.File(((pathPrefix + java.lang.Integer.toString(counter)) + .png)): null

2018-12-12 20:08:18 - [TEST_STEP][PASSED] - Statement - counter = counter + 1: null

2018-12-12 20:08:18 - [TEST_STEP][PASSED] - Statement - PreSaveFile = new java.io.File(((pathPrefix + java.lang.Integer.toString(counter)) + .png)): null

2018-12-12 20:08:18 - [TEST_STEP][PASSED] - Statement - counter = counter + 1: null

2018-12-12 20:08:18 - [TEST_STEP][PASSED] - Statement - PreSaveFile = new java.io.File(((pathPrefix + java.lang.Integer.toString(counter)) + .png)): null

2018-12-12 20:08:18 - [TEST_STEP][PASSED] - Statement - counter = counter + 1: null

2018-12-12 20:08:18 - [TEST_STEP][PASSED] - Statement - PreSaveFile = new java.io.File(((pathPrefix + java.lang.Integer.toString(counter)) + .png)): null

2018-12-12 20:08:18 - [TEST_STEP][PASSED] - Statement - counter = counter + 1: null

2018-12-12 20:08:18 - [TEST_STEP][PASSED] - Statement - PreSaveFile = new java.io.File(((pathPrefix + java.lang.Integer.toString(counter)) + .png)): null

2018-12-12 20:08:18 - [TEST_STEP][PASSED] - Statement - counter = counter + 1: null

2018-12-12 20:08:18 - [TEST_STEP][PASSED] - Statement - PreSaveFile = new java.io.File(((pathPrefix + java.lang.Integer.toString(counter)) + .png)): null

2018-12-12 20:08:18 - [TEST_STEP][PASSED] - Statement - counter = counter + 1: null

2018-12-12 20:08:18 - [TEST_STEP][PASSED] - Statement - PreSaveFile = new java.io.File(((pathPrefix + java.lang.Integer.toString(counter)) + .png)): null

2018-12-12 20:08:18 - [TEST_STEP][PASSED] - Statement - counter = counter + 1: null

2018-12-12 20:08:18 - [TEST_STEP][PASSED] - Statement - PreSaveFile = new java.io.File(((pathPrefix + java.lang.Integer.toString(counter)) + .png)): null

2018-12-12 20:08:18 - [TEST_STEP][PASSED] - Statement - counter = counter + 1: null

2018-12-12 20:08:18 - [TEST_STEP][PASSED] - Statement - PreSaveFile = new java.io.File(((pathPrefix + java.lang.Integer.toString(counter)) + .png)): null

2018-12-12 20:08:18 - [TEST_STEP][PASSED] - Statement - counter = counter + 1: null

2018-12-12 20:08:18 - [TEST_STEP][PASSED] - Statement - PreSaveFile = new java.io.File(((pathPrefix + java.lang.Integer.toString(counter)) + .png)): null

2018-12-12 20:08:18 - [TEST_STEP][PASSED] - Statement - counter = counter + 1: null

2018-12-12 20:08:18 - [TEST_STEP][PASSED] - Statement - PreSaveFile = new java.io.File(((pathPrefix + java.lang.Integer.toString(counter)) + .png)): null

2018-12-12 20:08:18 - [TEST_STEP][PASSED] - Statement - counter = counter + 1: null

2018-12-12 20:08:18 - [TEST_STEP][PASSED] - Statement - PreSaveFile = new java.io.File(((pathPrefix + java.lang.Integer.toString(counter)) + .png)): null

2018-12-12 20:08:18 - [TEST_STEP][PASSED] - Statement - counter = counter + 1: null

2018-12-12 20:08:18 - [TEST_STEP][PASSED] - Statement - PreSaveFile = new java.io.File(((pathPrefix + java.lang.Integer.toString(counter)) + .png)): null

2018-12-12 20:08:18 - [TEST_STEP][PASSED] - Statement - counter = counter + 1: null

2018-12-12 20:08:18 - [TEST_STEP][PASSED] - Statement - PreSaveFile = new java.io.File(((pathPrefix + java.lang.Integer.toString(counter)) + .png)): null

2018-12-12 20:08:18 - [TEST_STEP][PASSED] - Statement - counter = counter + 1: null

2018-12-12 20:08:18 - [TEST_STEP][PASSED] - Statement - PreSaveFile = new java.io.File(((pathPrefix + java.lang.Integer.toString(counter)) + .png)): null

2018-12-12 20:08:18 - [TEST_STEP][PASSED] - Statement - counter = counter + 1: null

2018-12-12 20:08:18 - [TEST_STEP][PASSED] - Statement - PreSaveFile = new java.io.File(((pathPrefix + java.lang.Integer.toString(counter)) + .png)): null

2018-12-12 20:08:18 - [TEST_STEP][PASSED] - Statement - counter = counter + 1: null

2018-12-12 20:08:18 - [TEST_STEP][PASSED] - Statement - PreSaveFile = new java.io.File(((pathPrefix + java.lang.Integer.toString(counter)) + .png)): null

2018-12-12 20:08:18 - [TEST_STEP][PASSED] - Statement - counter = counter + 1: null

2018-12-12 20:08:18 - [TEST_STEP][PASSED] - Statement - PreSaveFile = new java.io.File(((pathPrefix + java.lang.Integer.toString(counter)) + .png)): null

2018-12-12 20:08:18 - [TEST_STEP][PASSED] - Statement - counter = counter + 1: null

2018-12-12 20:08:18 - [TEST_STEP][PASSED] - Statement - PreSaveFile = new java.io.File(((pathPrefix + java.lang.Integer.toString(counter)) + .png)): null

2018-12-12 20:08:18 - [TEST_STEP][PASSED] - Statement - counter = counter + 1: null

2018-12-12 20:08:18 - [TEST_STEP][PASSED] - Statement - PreSaveFile = new java.io.File(((pathPrefix + java.lang.Integer.toString(counter)) + .png)): null

2018-12-12 20:08:18 - [TEST_STEP][PASSED] - Statement - counter = counter + 1: null

2018-12-12 20:08:18 - [TEST_STEP][PASSED] - Statement - PreSaveFile = new java.io.File(((pathPrefix + java.lang.Integer.toString(counter)) + .png)): null

2018-12-12 20:08:18 - [TEST_STEP][PASSED] - Statement - counter = counter + 1: null

2018-12-12 20:08:18 - [TEST_STEP][PASSED] - Statement - PreSaveFile = new java.io.File(((pathPrefix + java.lang.Integer.toString(counter)) + .png)): null

2018-12-12 20:08:18 - [TEST_STEP][PASSED] - Statement - counter = counter + 1: null

2018-12-12 20:08:18 - [TEST_STEP][PASSED] - Statement - PreSaveFile = new java.io.File(((pathPrefix + java.lang.Integer.toString(counter)) + .png)): null

2018-12-12 20:08:18 - [TEST_STEP][PASSED] - Statement - counter = counter + 1: null

2018-12-12 20:08:18 - [TEST_STEP][PASSED] - Statement - PreSaveFile = new java.io.File(((pathPrefix + java.lang.Integer.toString(counter)) + .png)): null

2018-12-12 20:08:18 - [TEST_STEP][PASSED] - Statement - counter = counter + 1: null

2018-12-12 20:08:18 - [TEST_STEP][PASSED] - Statement - PreSaveFile = new java.io.File(((pathPrefix + java.lang.Integer.toString(counter)) + .png)): null

2018-12-12 20:08:18 - [TEST_STEP][PASSED] - Statement - counter = counter + 1: null

2018-12-12 20:08:18 - [TEST_STEP][PASSED] - Statement - PreSaveFile = new java.io.File(((pathPrefix + java.lang.Integer.toString(counter)) + .png)): null

2018-12-12 20:08:18 - [TEST_STEP][PASSED] - Statement - counter = counter + 1: null

2018-12-12 20:08:18 - [TEST_STEP][PASSED] - Statement - PreSaveFile = new java.io.File(((pathPrefix + java.lang.Integer.toString(counter)) + .png)): null

2018-12-12 20:08:18 - [TEST_STEP][PASSED] - Statement - counter = counter + 1: null

2018-12-12 20:08:18 - [TEST_STEP][PASSED] - Statement - PreSaveFile = new java.io.File(((pathPrefix + java.lang.Integer.toString(counter)) + .png)): null

2018-12-12 20:08:18 - [TEST_STEP][PASSED] - Statement - counter = counter + 1: null

2018-12-12 20:08:18 - [TEST_STEP][PASSED] - Statement - PreSaveFile = new java.io.File(((pathPrefix + java.lang.Integer.toString(counter)) + .png)): null

2018-12-12 20:08:18 - [TEST_STEP][PASSED] - Statement - counter = counter + 1: null

2018-12-12 20:08:18 - [TEST_STEP][PASSED] - Statement - PreSaveFile = new java.io.File(((pathPrefix + java.lang.Integer.toString(counter)) + .png)): null

2018-12-12 20:08:18 - [TEST_STEP][PASSED] - Statement - counter = counter + 1: null

2018-12-12 20:08:18 - [TEST_STEP][PASSED] - Statement - PreSaveFile = new java.io.File(((pathPrefix + java.lang.Integer.toString(counter)) + .png)): null

2018-12-12 20:08:18 - [TEST_STEP][PASSED] - Statement - counter = counter + 1: null

2018-12-12 20:08:18 - [TEST_STEP][PASSED] - Statement - PreSaveFile = new java.io.File(((pathPrefix + java.lang.Integer.toString(counter)) + .png)): null

2018-12-12 20:08:18 - [TEST_STEP][PASSED] - Statement - counter = counter + 1: null

2018-12-12 20:08:18 - [TEST_STEP][PASSED] - Statement - PreSaveFile = new java.io.File(((pathPrefix + java.lang.Integer.toString(counter)) + .png)): null

2018-12-12 20:08:18 - [TEST_STEP][PASSED] - Statement - counter = counter + 1: null

2018-12-12 20:08:18 - [TEST_STEP][PASSED] - Statement - PreSaveFile = new java.io.File(((pathPrefix + java.lang.Integer.toString(counter)) + .png)): null

2018-12-12 20:08:18 - [TEST_STEP][PASSED] - Statement - counter = counter + 1: null

2018-12-12 20:08:18 - [TEST_STEP][PASSED] - Statement - PreSaveFile = new java.io.File(((pathPrefix + java.lang.Integer.toString(counter)) + .png)): null

2018-12-12 20:08:18 - [TEST_STEP][PASSED] - Statement - counter = counter + 1: null

2018-12-12 20:08:18 - [TEST_STEP][PASSED] - Statement - PreSaveFile = new java.io.File(((pathPrefix + java.lang.Integer.toString(counter)) + .png)): null

2018-12-12 20:08:18 - [TEST_STEP][PASSED] - Statement - counter = counter + 1: null

2018-12-12 20:08:18 - [TEST_STEP][PASSED] - Statement - PreSaveFile = new java.io.File(((pathPrefix + java.lang.Integer.toString(counter)) + .png)): null

2018-12-12 20:08:18 - [TEST_STEP][PASSED] - Statement - counter = counter + 1: null

2018-12-12 20:08:18 - [TEST_STEP][PASSED] - Statement - PreSaveFile = new java.io.File(((pathPrefix + java.lang.Integer.toString(counter)) + .png)): null

2018-12-12 20:08:18 - [TEST_STEP][PASSED] - Statement - counter = counter + 1: null

2018-12-12 20:08:18 - [TEST_STEP][PASSED] - Statement - PreSaveFile = new java.io.File(((pathPrefix + java.lang.Integer.toString(counter)) + .png)): null

2018-12-12 20:08:18 - [TEST_STEP][PASSED] - Statement - counter = counter + 1: null

2018-12-12 20:08:18 - [TEST_STEP][PASSED] - Statement - PreSaveFile = new java.io.File(((pathPrefix + java.lang.Integer.toString(counter)) + .png)): null

2018-12-12 20:08:18 - [TEST_STEP][PASSED] - Statement - counter = counter + 1: null

2018-12-12 20:08:18 - [TEST_STEP][PASSED] - Statement - PreSaveFile = new java.io.File(((pathPrefix + java.lang.Integer.toString(counter)) + .png)): null

2018-12-12 20:08:18 - [TEST_STEP][PASSED] - Statement - counter = counter + 1: null

2018-12-12 20:08:18 - [TEST_STEP][PASSED] - Statement - PreSaveFile = new java.io.File(((pathPrefix + java.lang.Integer.toString(counter)) + .png)): null

2018-12-12 20:08:18 - [TEST_STEP][PASSED] - Statement - counter = counter + 1: null

2018-12-12 20:08:18 - [TEST_STEP][PASSED] - Statement - PreSaveFile = new java.io.File(((pathPrefix + java.lang.Integer.toString(counter)) + .png)): null

2018-12-12 20:08:18 - [TEST_STEP][PASSED] - Statement - counter = counter + 1: null

2018-12-12 20:08:18 - [TEST_STEP][PASSED] - Statement - PreSaveFile = new java.io.File(((pathPrefix + java.lang.Integer.toString(counter)) + .png)): null

2018-12-12 20:08:18 - [TEST_STEP][PASSED] - Statement - counter = counter + 1: null

2018-12-12 20:08:18 - [TEST_STEP][PASSED] - Statement - PreSaveFile = new java.io.File(((pathPrefix + java.lang.Integer.toString(counter)) + .png)): null

2018-12-12 20:08:18 - [TEST_STEP][PASSED] - Statement - counter = counter + 1: null

2018-12-12 20:08:18 - [TEST_STEP][PASSED] - Statement - PreSaveFile = new java.io.File(((pathPrefix + java.lang.Integer.toString(counter)) + .png)): null

2018-12-12 20:08:18 - [TEST_STEP][PASSED] - Statement - counter = counter + 1: null

2018-12-12 20:08:18 - [TEST_STEP][PASSED] - Statement - PreSaveFile = new java.io.File(((pathPrefix + java.lang.Integer.toString(counter)) + .png)): null

2018-12-12 20:08:18 - [TEST_STEP][PASSED] - Statement - counter = counter + 1: null

2018-12-12 20:08:18 - [TEST_STEP][PASSED] - Statement - PreSaveFile = new java.io.File(((pathPrefix + java.lang.Integer.toString(counter)) + .png)): null

2018-12-12 20:08:18 - [TEST_STEP][PASSED] - Statement - counter = counter + 1: null

2018-12-12 20:08:18 - [TEST_STEP][PASSED] - Statement - PreSaveFile = new java.io.File(((pathPrefix + java.lang.Integer.toString(counter)) + .png)): null

2018-12-12 20:08:18 - [TEST_STEP][PASSED] - Statement - counter = counter + 1: null

2018-12-12 20:08:18 - [TEST_STEP][PASSED] - Statement - PreSaveFile = new java.io.File(((pathPrefix + java.lang.Integer.toString(counter)) + .png)): null

2018-12-12 20:08:18 - [TEST_STEP][PASSED] - Statement - counter = counter + 1: null

2018-12-12 20:08:18 - [TEST_STEP][PASSED] - Statement - PreSaveFile = new java.io.File(((pathPrefix + java.lang.Integer.toString(counter)) + .png)): null

2018-12-12 20:08:18 - [TEST_STEP][PASSED] - Statement - counter = counter + 1: null

2018-12-12 20:08:18 - [TEST_STEP][PASSED] - Statement - PreSaveFile = new java.io.File(((pathPrefix + java.lang.Integer.toString(counter)) + .png)): null

2018-12-12 20:08:18 - [TEST_STEP][PASSED] - Statement - counter = counter + 1: null

2018-12-12 20:08:18 - [TEST_STEP][PASSED] - Statement - PreSaveFile = new java.io.File(((pathPrefix + java.lang.Integer.toString(counter)) + .png)): null

2018-12-12 20:08:18 - [TEST_STEP][PASSED] - Statement - counter = counter + 1: null

2018-12-12 20:08:18 - [TEST_STEP][PASSED] - Statement - PreSaveFile = new java.io.File(((pathPrefix + java.lang.Integer.toString(counter)) + .png)): null

2018-12-12 20:08:18 - [TEST_STEP][PASSED] - Statement - counter = counter + 1: null

2018-12-12 20:08:18 - [TEST_STEP][PASSED] - Statement - PreSaveFile = new java.io.File(((pathPrefix + java.lang.Integer.toString(counter)) + .png)): null

2018-12-12 20:08:18 - [TEST_STEP][PASSED] - Statement - counter = counter + 1: null

2018-12-12 20:08:18 - [TEST_STEP][PASSED] - Statement - PreSaveFile = new java.io.File(((pathPrefix + java.lang.Integer.toString(counter)) + .png)): null

2018-12-12 20:08:18 - [TEST_STEP][PASSED] - Statement - counter = counter + 1: null

2018-12-12 20:08:18 - [TEST_STEP][PASSED] - Statement - PreSaveFile = new java.io.File(((pathPrefix + java.lang.Integer.toString(counter)) + .png)): null

2018-12-12 20:08:18 - [TEST_STEP][PASSED] - Statement - counter = counter + 1: null

2018-12-12 20:08:18 - [TEST_STEP][PASSED] - Statement - PreSaveFile = new java.io.File(((pathPrefix + java.lang.Integer.toString(counter)) + .png)): null

2018-12-12 20:08:18 - [TEST_STEP][PASSED] - Statement - counter = counter + 1: null

2018-12-12 20:08:18 - [TEST_STEP][PASSED] - Statement - PreSaveFile = new java.io.File(((pathPrefix + java.lang.Integer.toString(counter)) + .png)): null

2018-12-12 20:08:18 - [TEST_STEP][PASSED] - Statement - counter = counter + 1: null

2018-12-12 20:08:18 - [TEST_STEP][PASSED] - Statement - PreSaveFile = new java.io.File(((pathPrefix + java.lang.Integer.toString(counter)) + .png)): null

2018-12-12 20:08:18 - [TEST_STEP][PASSED] - Statement - counter = counter + 1: null

2018-12-12 20:08:18 - [TEST_STEP][PASSED] - Statement - PreSaveFile = new java.io.File(((pathPrefix + java.lang.Integer.toString(counter)) + .png)): null

2018-12-12 20:08:18 - [TEST_STEP][PASSED] - Statement - counter = counter + 1: null

2018-12-12 20:08:18 - [TEST_STEP][PASSED] - Statement - PreSaveFile = new java.io.File(((pathPrefix + java.lang.Integer.toString(counter)) + .png)): null

2018-12-12 20:08:18 - [TEST_STEP][PASSED] - Statement - counter = counter + 1: null

2018-12-12 20:08:18 - [TEST_STEP][PASSED] - Statement - PreSaveFile = new java.io.File(((pathPrefix + java.lang.Integer.toString(counter)) + .png)): null

2018-12-12 20:08:18 - [TEST_STEP][PASSED] - Statement - counter = counter + 1: null

2018-12-12 20:08:18 - [TEST_STEP][PASSED] - Statement - PreSaveFile = new java.io.File(((pathPrefix + java.lang.Integer.toString(counter)) + .png)): null

2018-12-12 20:08:18 - [TEST_STEP][PASSED] - Statement - counter = counter + 1: null

2018-12-12 20:08:18 - [TEST_STEP][PASSED] - Statement - PreSaveFile = new java.io.File(((pathPrefix + java.lang.Integer.toString(counter)) + .png)): null

2018-12-12 20:08:18 - [TEST_STEP][PASSED] - Statement - counter = counter + 1: null

2018-12-12 20:08:18 - [TEST_STEP][PASSED] - Statement - PreSaveFile = new java.io.File(((pathPrefix + java.lang.Integer.toString(counter)) + .png)): null

2018-12-12 20:08:18 - [TEST_STEP][PASSED] - Statement - counter = counter + 1: null

2018-12-12 20:08:18 - [TEST_STEP][PASSED] - Statement - PreSaveFile = new java.io.File(((pathPrefix + java.lang.Integer.toString(counter)) + .png)): null

2018-12-12 20:08:18 - [TEST_STEP][PASSED] - Statement - counter = counter + 1: null

2018-12-12 20:08:18 - [TEST_STEP][PASSED] - Statement - PreSaveFile = new java.io.File(((pathPrefix + java.lang.Integer.toString(counter)) + .png)): null

2018-12-12 20:08:18 - [TEST_STEP][PASSED] - Statement - counter = counter + 1: null

2018-12-12 20:08:18 - [TEST_STEP][PASSED] - Statement - PreSaveFile = new java.io.File(((pathPrefix + java.lang.Integer.toString(counter)) + .png)): null

2018-12-12 20:08:18 - [TEST_STEP][PASSED] - Statement - counter = counter + 1: null

2018-12-12 20:08:18 - [TEST_STEP][PASSED] - Statement - PreSaveFile = new java.io.File(((pathPrefix + java.lang.Integer.toString(counter)) + .png)): null

2018-12-12 20:08:18 - [TEST_STEP][PASSED] - Statement - counter = counter + 1: null

2018-12-12 20:08:18 - [TEST_STEP][PASSED] - Statement - PreSaveFile = new java.io.File(((pathPrefix + java.lang.Integer.toString(counter)) + .png)): null

2018-12-12 20:08:18 - [TEST_STEP][PASSED] - Statement - counter = counter + 1: null

2018-12-12 20:08:18 - [TEST_STEP][PASSED] - Statement - PreSaveFile = new java.io.File(((pathPrefix + java.lang.Integer.toString(counter)) + .png)): null

2018-12-12 20:08:18 - [TEST_STEP][PASSED] - Statement - counter = counter + 1: null

2018-12-12 20:08:18 - [TEST_STEP][PASSED] - Statement - PreSaveFile = new java.io.File(((pathPrefix + java.lang.Integer.toString(counter)) + .png)): null

2018-12-12 20:08:18 - [TEST_STEP][PASSED] - Statement - counter = counter + 1: null

2018-12-12 20:08:18 - [TEST_STEP][PASSED] - Statement - PreSaveFile = new java.io.File(((pathPrefix + java.lang.Integer.toString(counter)) + .png)): null

2018-12-12 20:08:18 - [TEST_STEP][PASSED] - Statement - counter = counter + 1: null

2018-12-12 20:08:18 - [TEST_STEP][PASSED] - Statement - PreSaveFile = new java.io.File(((pathPrefix + java.lang.Integer.toString(counter)) + .png)): null

2018-12-12 20:08:18 - [TEST_STEP][PASSED] - Statement - counter = counter + 1: null

2018-12-12 20:08:18 - [TEST_STEP][PASSED] - Statement - PreSaveFile = new java.io.File(((pathPrefix + java.lang.Integer.toString(counter)) + .png)): null

2018-12-12 20:08:18 - [TEST_STEP][PASSED] - Statement - counter = counter + 1: null

2018-12-12 20:08:18 - [TEST_STEP][PASSED] - Statement - PreSaveFile = new java.io.File(((pathPrefix + java.lang.Integer.toString(counter)) + .png)): null

2018-12-12 20:08:18 - [TEST_STEP][PASSED] - Statement - counter = counter + 1: null

2018-12-12 20:08:18 - [TEST_STEP][PASSED] - Statement - PreSaveFile = new java.io.File(((pathPrefix + java.lang.Integer.toString(counter)) + .png)): null

2018-12-12 20:08:18 - [TEST_STEP][PASSED] - Statement - counter = counter + 1: null

2018-12-12 20:08:18 - [TEST_STEP][PASSED] - Statement - PreSaveFile = new java.io.File(((pathPrefix + java.lang.Integer.toString(counter)) + .png)): null

2018-12-12 20:08:18 - [TEST_STEP][PASSED] - Statement - counter = counter + 1: null

2018-12-12 20:08:18 - [TEST_STEP][PASSED] - Statement - PreSaveFile = new java.io.File(((pathPrefix + java.lang.Integer.toString(counter)) + .png)): null

2018-12-12 20:08:18 - [TEST_STEP][PASSED] - Statement - counter = counter + 1: null

2018-12-12 20:08:18 - [TEST_STEP][PASSED] - Statement - PreSaveFile = new java.io.File(((pathPrefix + java.lang.Integer.toString(counter)) + .png)): null

2018-12-12 20:08:18 - [TEST_STEP][PASSED] - Statement - counter = counter + 1: null

2018-12-12 20:08:18 - [TEST_STEP][PASSED] - Statement - PreSaveFile = new java.io.File(((pathPrefix + java.lang.Integer.toString(counter)) + .png)): null

2018-12-12 20:08:18 - [TEST_STEP][PASSED] - Statement - counter = counter + 1: null

2018-12-12 20:08:18 - [TEST_STEP][PASSED] - Statement - PreSaveFile = new java.io.File(((pathPrefix + java.lang.Integer.toString(counter)) + .png)): null

2018-12-12 20:08:18 - [TEST_STEP][PASSED] - Statement - counter = counter + 1: null

2018-12-12 20:08:18 - [TEST_STEP][PASSED] - Statement - PreSaveFile = new java.io.File(((pathPrefix + java.lang.Integer.toString(counter)) + .png)): null

2018-12-12 20:08:18 - [TEST_STEP][PASSED] - Statement - counter = counter + 1: null

2018-12-12 20:08:18 - [TEST_STEP][PASSED] - Statement - PreSaveFile = new java.io.File(((pathPrefix + java.lang.Integer.toString(counter)) + .png)): null

2018-12-12 20:08:18 - [TEST_STEP][PASSED] - Statement - counter = counter + 1: null

2018-12-12 20:08:18 - [TEST_STEP][PASSED] - Statement - PreSaveFile = new java.io.File(((pathPrefix + java.lang.Integer.toString(counter)) + .png)): null

2018-12-12 20:08:18 - [TEST_STEP][PASSED] - Statement - counter = counter + 1: null

2018-12-12 20:08:18 - [TEST_STEP][PASSED] - Statement - PreSaveFile = new java.io.File(((pathPrefix + java.lang.Integer.toString(counter)) + .png)): null

2018-12-12 20:08:18 - [TEST_STEP][PASSED] - Statement - counter = counter + 1: null

2018-12-12 20:08:18 - [TEST_STEP][PASSED] - Statement - PreSaveFile = new java.io.File(((pathPrefix + java.lang.Integer.toString(counter)) + .png)): null

2018-12-12 20:08:18 - [TEST_STEP][PASSED] - Statement - counter = counter + 1: null

2018-12-12 20:08:18 - [TEST_STEP][PASSED] - Statement - PreSaveFile = new java.io.File(((pathPrefix + java.lang.Integer.toString(counter)) + .png)): null

2018-12-12 20:08:18 - [TEST_STEP][PASSED] - Statement - counter = counter + 1: null

2018-12-12 20:08:18 - [TEST_STEP][PASSED] - Statement - PreSaveFile = new java.io.File(((pathPrefix + java.lang.Integer.toString(counter)) + .png)): null

2018-12-12 20:08:18 - [TEST_STEP][PASSED] - Statement - counter = counter + 1: null

2018-12-12 20:08:18 - [TEST_STEP][PASSED] - Statement - PreSaveFile = new java.io.File(((pathPrefix + java.lang.Integer.toString(counter)) + .png)): null

2018-12-12 20:08:18 - [TEST_STEP][PASSED] - Statement - counter = counter + 1: null

2018-12-12 20:08:18 - [TEST_STEP][PASSED] - Statement - PreSaveFile = new java.io.File(((pathPrefix + java.lang.Integer.toString(counter)) + .png)): null

2018-12-12 20:08:18 - [TEST_STEP][PASSED] - Statement - counter = counter + 1: null

2018-12-12 20:08:18 - [TEST_STEP][PASSED] - Statement - PreSaveFile = new java.io.File(((pathPrefix + java.lang.Integer.toString(counter)) + .png)): null

2018-12-12 20:08:18 - [TEST_STEP][PASSED] - Statement - counter = counter + 1: null

2018-12-12 20:08:18 - [TEST_STEP][PASSED] - Statement - PreSaveFile = new java.io.File(((pathPrefix + java.lang.Integer.toString(counter)) + .png)): null

2018-12-12 20:08:18 - [TEST_STEP][PASSED] - Statement - counter = counter + 1: null

2018-12-12 20:08:18 - [TEST_STEP][PASSED] - Statement - PreSaveFile = new java.io.File(((pathPrefix + java.lang.Integer.toString(counter)) + .png)): null

2018-12-12 20:08:18 - [TEST_STEP][PASSED] - Statement - counter = counter + 1: null

2018-12-12 20:08:18 - [TEST_STEP][PASSED] - Statement - PreSaveFile = new java.io.File(((pathPrefix + java.lang.Integer.toString(counter)) + .png)): null

2018-12-12 20:08:18 - [TEST_STEP][PASSED] - Statement - counter = counter + 1: null

2018-12-12 20:08:18 - [TEST_STEP][PASSED] - Statement - PreSaveFile = new java.io.File(((pathPrefix + java.lang.Integer.toString(counter)) + .png)): null

2018-12-12 20:08:18 - [TEST_STEP][PASSED] - Statement - counter = counter + 1: null

2018-12-12 20:08:18 - [TEST_STEP][PASSED] - Statement - PreSaveFile = new java.io.File(((pathPrefix + java.lang.Integer.toString(counter)) + .png)): null

2018-12-12 20:08:18 - [TEST_STEP][PASSED] - Statement - counter = counter + 1: null

2018-12-12 20:08:18 - [TEST_STEP][PASSED] - Statement - PreSaveFile = new java.io.File(((pathPrefix + java.lang.Integer.toString(counter)) + .png)): null

2018-12-12 20:08:18 - [TEST_STEP][PASSED] - Statement - counter = counter + 1: null

2018-12-12 20:08:18 - [TEST_STEP][PASSED] - Statement - PreSaveFile = new java.io.File(((pathPrefix + java.lang.Integer.toString(counter)) + .png)): null

2018-12-12 20:08:18 - [TEST_STEP][PASSED] - Statement - counter = counter + 1: null

2018-12-12 20:08:18 - [TEST_STEP][PASSED] - Statement - PreSaveFile = new java.io.File(((pathPrefix + java.lang.Integer.toString(counter)) + .png)): null

2018-12-12 20:08:18 - [TEST_STEP][PASSED] - Statement - counter = counter + 1: null

2018-12-12 20:08:18 - [TEST_STEP][PASSED] - Statement - PreSaveFile = new java.io.File(((pathPrefix + java.lang.Integer.toString(counter)) + .png)): null

2018-12-12 20:08:18 - [TEST_STEP][PASSED] - Statement - counter = counter + 1: null

2018-12-12 20:08:18 - [TEST_STEP][PASSED] - Statement - PreSaveFile = new java.io.File(((pathPrefix + java.lang.Integer.toString(counter)) + .png)): null

2018-12-12 20:08:18 - [TEST_STEP][PASSED] - Statement - counter = counter + 1: null

2018-12-12 20:08:18 - [TEST_STEP][PASSED] - Statement - PreSaveFile = new java.io.File(((pathPrefix + java.lang.Integer.toString(counter)) + .png)): null

2018-12-12 20:08:18 - [TEST_STEP][PASSED] - Statement - counter = counter + 1: null

2018-12-12 20:08:18 - [TEST_STEP][PASSED] - Statement - PreSaveFile = new java.io.File(((pathPrefix + java.lang.Integer.toString(counter)) + .png)): null

2018-12-12 20:08:18 - [TEST_STEP][PASSED] - Statement - counter = counter + 1: null

2018-12-12 20:08:18 - [TEST_STEP][PASSED] - Statement - PreSaveFile = new java.io.File(((pathPrefix + java.lang.Integer.toString(counter)) + .png)): null

2018-12-12 20:08:18 - [TEST_STEP][PASSED] - Statement - counter = counter + 1: null

2018-12-12 20:08:18 - [TEST_STEP][PASSED] - Statement - PreSaveFile = new java.io.File(((pathPrefix + java.lang.Integer.toString(counter)) + .png)): null

2018-12-12 20:08:18 - [TEST_STEP][PASSED] - Statement - counter = counter + 1: null

2018-12-12 20:08:18 - [TEST_STEP][PASSED] - Statement - PreSaveFile = new java.io.File(((pathPrefix + java.lang.Integer.toString(counter)) + .png)): null

2018-12-12 20:08:18 - [TEST_STEP][PASSED] - Statement - counter = counter + 1: null

2018-12-12 20:08:18 - [TEST_STEP][PASSED] - Statement - PreSaveFile = new java.io.File(((pathPrefix + java.lang.Integer.toString(counter)) + .png)): null

2018-12-12 20:08:18 - [TEST_STEP][PASSED] - Statement - counter = counter + 1: null

2018-12-12 20:08:18 - [TEST_STEP][PASSED] - Statement - PreSaveFile = new java.io.File(((pathPrefix + java.lang.Integer.toString(counter)) + .png)): null

2018-12-12 20:08:18 - [TEST_STEP][PASSED] - Statement - counter = counter + 1: null

2018-12-12 20:08:18 - [TEST_STEP][PASSED] - Statement - PreSaveFile = new java.io.File(((pathPrefix + java.lang.Integer.toString(counter)) + .png)): null

2018-12-12 20:08:18 - [TEST_STEP][PASSED] - Statement - counter = counter + 1: null

2018-12-12 20:08:18 - [TEST_STEP][PASSED] - Statement - PreSaveFile = new java.io.File(((pathPrefix + java.lang.Integer.toString(counter)) + .png)): null

2018-12-12 20:08:18 - [TEST_STEP][PASSED] - Statement - counter = counter + 1: null

2018-12-12 20:08:18 - [TEST_STEP][PASSED] - Statement - PreSaveFile = new java.io.File(((pathPrefix + java.lang.Integer.toString(counter)) + .png)): null

2018-12-12 20:08:18 - [TEST_STEP][PASSED] - Statement - counter = counter + 1: null

2018-12-12 20:08:18 - [TEST_STEP][PASSED] - Statement - PreSaveFile = new java.io.File(((pathPrefix + java.lang.Integer.toString(counter)) + .png)): null

2018-12-12 20:08:18 - [TEST_STEP][PASSED] - Statement - counter = counter + 1: null

2018-12-12 20:08:18 - [TEST_STEP][PASSED] - Statement - PreSaveFile = new java.io.File(((pathPrefix + java.lang.Integer.toString(counter)) + .png)): null

2018-12-12 20:08:18 - [TEST_STEP][PASSED] - Statement - counter = counter + 1: null

2018-12-12 20:08:18 - [TEST_STEP][PASSED] - Statement - PreSaveFile = new java.io.File(((pathPrefix + java.lang.Integer.toString(counter)) + .png)): null

2018-12-12 20:08:18 - [TEST_STEP][PASSED] - Statement - counter = counter + 1: null

2018-12-12 20:08:18 - [TEST_STEP][PASSED] - Statement - PreSaveFile = new java.io.File(((pathPrefix + java.lang.Integer.toString(counter)) + .png)): null

2018-12-12 20:08:18 - [TEST_STEP][PASSED] - Statement - counter = counter + 1: null

2018-12-12 20:08:18 - [TEST_STEP][PASSED] - Statement - PreSaveFile = new java.io.File(((pathPrefix + java.lang.Integer.toString(counter)) + .png)): null

2018-12-12 20:08:18 - [TEST_STEP][PASSED] - Statement - counter = counter + 1: null

2018-12-12 20:08:18 - [TEST_STEP][PASSED] - Statement - PreSaveFile = new java.io.File(((pathPrefix + java.lang.Integer.toString(counter)) + .png)): null

2018-12-12 20:08:18 - [TEST_STEP][PASSED] - Statement - counter = counter + 1: null

2018-12-12 20:08:18 - [TEST_STEP][PASSED] - Statement - PreSaveFile = new java.io.File(((pathPrefix + java.lang.Integer.toString(counter)) + .png)): null

2018-12-12 20:08:18 - [TEST_STEP][PASSED] - Statement - counter = counter + 1: null

2018-12-12 20:08:18 - [TEST_STEP][PASSED] - Statement - PreSaveFile = new java.io.File(((pathPrefix + java.lang.Integer.toString(counter)) + .png)): null

2018-12-12 20:08:18 - [TEST_STEP][PASSED] - Statement - counter = counter + 1: null

2018-12-12 20:08:18 - [TEST_STEP][PASSED] - Statement - PreSaveFile = new java.io.File(((pathPrefix + java.lang.Integer.toString(counter)) + .png)): null

2018-12-12 20:08:18 - [TEST_STEP][PASSED] - Statement - counter = counter + 1: null

2018-12-12 20:08:18 - [TEST_STEP][PASSED] - Statement - PreSaveFile = new java.io.File(((pathPrefix + java.lang.Integer.toString(counter)) + .png)): null

2018-12-12 20:08:18 - [TEST_STEP][PASSED] - Statement - counter = counter + 1: null

2018-12-12 20:08:18 - [TEST_STEP][PASSED] - Statement - PreSaveFile = new java.io.File(((pathPrefix + java.lang.Integer.toString(counter)) + .png)): null

2018-12-12 20:08:18 - [TEST_STEP][PASSED] - Statement - counter = counter + 1: null

2018-12-12 20:08:18 - [TEST_STEP][PASSED] - Statement - PreSaveFile = new java.io.File(((pathPrefix + java.lang.Integer.toString(counter)) + .png)): null

2018-12-12 20:08:18 - [TEST_STEP][PASSED] - Statement - counter = counter + 1: null

2018-12-12 20:08:18 - [TEST_STEP][PASSED] - Statement - PreSaveFile = new java.io.File(((pathPrefix + java.lang.Integer.toString(counter)) + .png)): null

2018-12-12 20:08:18 - [TEST_STEP][PASSED] - Statement - counter = counter + 1: null

2018-12-12 20:08:18 - [TEST_STEP][PASSED] - Statement - PreSaveFile = new java.io.File(((pathPrefix + java.lang.Integer.toString(counter)) + .png)): null

2018-12-12 20:08:18 - [TEST_STEP][PASSED] - Statement - counter = counter + 1: null

2018-12-12 20:08:18 - [TEST_STEP][PASSED] - Statement - PreSaveFile = new java.io.File(((pathPrefix + java.lang.Integer.toString(counter)) + .png)): null

2018-12-12 20:08:18 - [TEST_STEP][PASSED] - Statement - counter = counter + 1: null

2018-12-12 20:08:18 - [TEST_STEP][PASSED] - Statement - PreSaveFile = new java.io.File(((pathPrefix + java.lang.Integer.toString(counter)) + .png)): null

2018-12-12 20:08:18 - [TEST_STEP][PASSED] - Statement - counter = counter + 1: null

2018-12-12 20:08:18 - [TEST_STEP][PASSED] - Statement - PreSaveFile = new java.io.File(((pathPrefix + java.lang.Integer.toString(counter)) + .png)): null

2018-12-12 20:08:18 - [TEST_STEP][PASSED] - Statement - counter = counter + 1: null

2018-12-12 20:08:18 - [TEST_STEP][PASSED] - Statement - PreSaveFile = new java.io.File(((pathPrefix + java.lang.Integer.toString(counter)) + .png)): null

2018-12-12 20:08:18 - [TEST_STEP][PASSED] - Statement - counter = counter + 1: null

2018-12-12 20:08:18 - [TEST_STEP][PASSED] - Statement - PreSaveFile = new java.io.File(((pathPrefix + java.lang.Integer.toString(counter)) + .png)): null

2018-12-12 20:08:18 - [TEST_STEP][PASSED] - Statement - counter = counter + 1: null

2018-12-12 20:08:18 - [TEST_STEP][PASSED] - Statement - PreSaveFile = new java.io.File(((pathPrefix + java.lang.Integer.toString(counter)) + .png)): null

2018-12-12 20:08:18 - [TEST_STEP][PASSED] - Statement - counter = counter + 1: null

2018-12-12 20:08:18 - [TEST_STEP][PASSED] - Statement - PreSaveFile = new java.io.File(((pathPrefix + java.lang.Integer.toString(counter)) + .png)): null

2018-12-12 20:08:18 - [TEST_STEP][PASSED] - Statement - counter = counter + 1: null

2018-12-12 20:08:18 - [TEST_STEP][PASSED] - Statement - PreSaveFile = new java.io.File(((pathPrefix + java.lang.Integer.toString(counter)) + .png)): null

2018-12-12 20:08:18 - [TEST_STEP][PASSED] - Statement - counter = counter + 1: null

2018-12-12 20:08:18 - [TEST_STEP][PASSED] - Statement - PreSaveFile = new java.io.File(((pathPrefix + java.lang.Integer.toString(counter)) + .png)): null

2018-12-12 20:08:18 - [TEST_STEP][PASSED] - Statement - counter = counter + 1: null

2018-12-12 20:08:18 - [TEST_STEP][PASSED] - Statement - PreSaveFile = new java.io.File(((pathPrefix + java.lang.Integer.toString(counter)) + .png)): null

2018-12-12 20:08:18 - [TEST_STEP][PASSED] - Statement - counter = counter + 1: null

2018-12-12 20:08:18 - [TEST_STEP][PASSED] - Statement - PreSaveFile = new java.io.File(((pathPrefix + java.lang.Integer.toString(counter)) + .png)): null

2018-12-12 20:08:18 - [TEST_STEP][PASSED] - Statement - counter = counter + 1: null

2018-12-12 20:08:18 - [TEST_STEP][PASSED] - Statement - PreSaveFile = new java.io.File(((pathPrefix + java.lang.Integer.toString(counter)) + .png)): null

2018-12-12 20:08:18 - [TEST_STEP][PASSED] - Statement - counter = counter + 1: null

2018-12-12 20:08:18 - [TEST_STEP][PASSED] - Statement - PreSaveFile = new java.io.File(((pathPrefix + java.lang.Integer.toString(counter)) + .png)): null

2018-12-12 20:08:18 - [TEST_STEP][PASSED] - Statement - finalPath = pathPrefix + java.lang.Integer.toString(counter) + ".png": null

2018-12-12 20:08:18 - [TEST_STEP][PASSED] - Statement - SaveFile = new java.io.File(finalPath): null

2018-12-12 20:08:18 - [TEST_STEP][PASSED] - Statement - Try: null

2018-12-12 20:08:18 - [TEST_STEP][PASSED] - Statement - org.apache.commons.io.FileUtils.copyFile(scrFile, SaveFile): null

2018-12-12 20:08:18 - [TEST_STEP][PASSED] - Statement - out.println("file kept"): null

2018-12-12 20:08:18 - [TEST_STEP][PASSED] - delay: Delayed 10 second(s)

2018-12-12 20:08:28 - [MESSAGE][PASSED] - Delayed 10 second(s)

2018-12-12 20:08:28 - [MESSAGE][PASSED] - Call Test Case 'Test Cases/Final Aug 2018 - PKS Automation/Common/Screenshoting tool' successfully

2018-12-12 20:08:28 - [TEST_STEP][PASSED] - callTestCase: Call Test Case 'Test Cases/Final Aug 2018 - PKS Automation/Registration Module/Log Out/log out avoiding katalon tagging' successfully

2018-12-12 20:08:28 - [TEST_CASE][PASSED] - Test Cases/Final Aug 2018 - PKS Automation/Registration Module/Log Out/log out avoiding katalon tagging: Test Cases/Final Aug 2018 - PKS Automation/Registration Module/Log Out/log out avoiding katalon tagging

2018-12-12 20:08:28 - [TEST_STEP][PASSED] - navigateToUrl: Navigate to 'https://assist2-uat.perkeso.gov.my/c/portal/logout' successfully

2018-12-12 20:08:29 - [MESSAGE][PASSED] - Navigate to 'https://assist2-uat.perkeso.gov.my/c/portal/logout' successfully

2018-12-12 20:08:29 - [MESSAGE][PASSED] - Call Test Case 'Test Cases/Final Aug 2018 - PKS Automation/Registration Module/Log Out/log out avoiding katalon tagging' successfully

2018-12-12 20:08:29 - [TEST_STEP][PASSED] - delay: Delayed 2 second(s)

2018-12-12 20:08:31 - [MESSAGE][PASSED] - Delayed 2 second(s)

2018-12-12 20:08:31 - [TEST_STEP][PASSED] - setText: Text 'johorro1@gmail.com' is set on object 'Object Repository/Final Object Repo/New Registration - Registration Module Pages/New Reg - OTC to RO/Special Case - All Related Objects/Email TextBox'

2018-12-12 20:08:31 - [MESSAGE][PASSED] - Text 'johorro1@gmail.com' is set on object 'Object Repository/Final Object Repo/New Registration - Registration Module Pages/New Reg - OTC to RO/Special Case - All Related Objects/Email TextBox'

2018-12-12 20:08:31 - [TEST_STEP][PASSED] - click: Object: 'Object Repository/Final Object Repo/New Registration - Registration Module Pages/New Reg - OTC to RO/Special Case - All Related Objects/Next Button' is clicked on

2018-12-12 20:08:32 - [MESSAGE][PASSED] - Object: 'Object Repository/Final Object Repo/New Registration - Registration Module Pages/New Reg - OTC to RO/Special Case - All Related Objects/Next Button' is clicked on

2018-12-12 20:08:32 - [TEST_STEP][PASSED] - delay: Delayed 2 second(s)

2018-12-12 20:08:34 - [MESSAGE][PASSED] - Delayed 2 second(s)

2018-12-12 20:08:34 - [TEST_STEP][PASSED] - setText: Text 'Test1@3456789' is set on object 'Object Repository/Final Object Repo/New Registration - Registration Module Pages/New Reg - OTC to RO/Special Case - All Related Objects/Password TextBox'

2018-12-12 20:08:34 - [MESSAGE][PASSED] - Text 'Test1@3456789' is set on object 'Object Repository/Final Object Repo/New Registration - Registration Module Pages/New Reg - OTC to RO/Special Case - All Related Objects/Password TextBox'

2018-12-12 20:08:34 - [TEST_STEP][PASSED] - delay: Delayed 2 second(s)

2018-12-12 20:08:36 - [MESSAGE][PASSED] - Delayed 2 second(s)

2018-12-12 20:08:36 - [TEST_STEP][PASSED] - click: Object: 'Object Repository/Final Object Repo/New Registration - Registration Module Pages/New Reg - OTC to RO/Special Case - All Related Objects/Login Button' is clicked on

2018-12-12 20:08:36 - [MESSAGE][PASSED] - Object: 'Object Repository/Final Object Repo/New Registration - Registration Module Pages/New Reg - OTC to RO/Special Case - All Related Objects/Login Button' is clicked on

2018-12-12 20:08:36 - [TEST_STEP][PASSED] - delay: Delayed 2 second(s)

2018-12-12 20:08:38 - [MESSAGE][PASSED] - Delayed 2 second(s)

2018-12-12 20:08:38 - [TEST_STEP][PASSED] - Statement - Try: null

2018-12-12 20:08:38 - [TEST_STEP][PASSED] - Statement - Checker = com.kms.katalon.core.webui.keyword.WebUiBuiltInKeywords.verifyElementNotPresent("Final Object Repo/Landing Page/Select to English", 3): null

2018-12-12 20:08:38 - [TEST_STEP][PASSED] - Statement - Catch (Exception e): null

2018-12-12 20:08:38 - [TEST_STEP][PASSED] - Statement - e.printStackTrace(): null

2018-12-12 20:08:38 - [TEST_STEP][PASSED] - click: Object: 'Object Repository/Final Object Repo/New Registration - Registration Module Pages/New Reg - OTC to RO/Special Case - All Related Objects/Expand to Search' is clicked on

2018-12-12 20:08:38 - [MESSAGE][PASSED] - Object: 'Object Repository/Final Object Repo/New Registration - Registration Module Pages/New Reg - OTC to RO/Special Case - All Related Objects/Expand to Search' is clicked on

2018-12-12 20:08:38 - [TEST_STEP][PASSED] - setText: Text 'CRN12201800123234' is set on object 'Object Repository/Final Object Repo/New Registration - Registration Module Pages/New Reg - OTC to RO/Special Case - All Related Objects/TextBox RefNo in Workbasket'

2018-12-12 20:08:39 - [MESSAGE][PASSED] - Text 'CRN12201800123234' is set on object 'Object Repository/Final Object Repo/New Registration - Registration Module Pages/New Reg - OTC to RO/Special Case - All Related Objects/TextBox RefNo in Workbasket'

2018-12-12 20:08:39 - [TEST_STEP][PASSED] - delay: Delayed 2 second(s)

2018-12-12 20:08:41 - [MESSAGE][PASSED] - Delayed 2 second(s)

2018-12-12 20:08:41 - [TEST_STEP][PASSED] - click: Object: 'Object Repository/Final Object Repo/New Registration - Registration Module Pages/New Reg - OTC to RO/Special Case - All Related Objects/Click Search' is clicked on

2018-12-12 20:08:41 - [MESSAGE][PASSED] - Object: 'Object Repository/Final Object Repo/New Registration - Registration Module Pages/New Reg - OTC to RO/Special Case - All Related Objects/Click Search' is clicked on

2018-12-12 20:08:41 - [TEST_STEP][PASSED] - delay: Delayed 2 second(s)

2018-12-12 20:08:43 - [MESSAGE][PASSED] - Delayed 2 second(s)

2018-12-12 20:08:43 - [TEST_STEP][PASSED] - click: Object: 'Object Repository/Final Object Repo/New Registration - Registration Module Pages/New Reg - OTC to RO/Special Case - All Related Objects/Click to Continue Workflow' is clicked on

2018-12-12 20:08:46 - [MESSAGE][PASSED] - Object: 'Object Repository/Final Object Repo/New Registration - Registration Module Pages/New Reg - OTC to RO/Special Case - All Related Objects/Click to Continue Workflow' is clicked on

2018-12-12 20:08:46 - [TEST_STEP][PASSED] - delay: Delayed 2 second(s)

2018-12-12 20:08:48 - [MESSAGE][PASSED] - Delayed 2 second(s)

2018-12-12 20:08:48 - [TEST_STEP][PASSED] - click: Object: 'Object Repository/Final Object Repo/New Registration - Registration Module Pages/New Reg - OTC to RO/Special Case - All Related Objects/Continue Button in verifying case' is clicked on

2018-12-12 20:08:50 - [MESSAGE][PASSED] - Object: 'Object Repository/Final Object Repo/New Registration - Registration Module Pages/New Reg - OTC to RO/Special Case - All Related Objects/Continue Button in verifying case' is clicked on

2018-12-12 20:08:50 - [TEST_STEP][PASSED] - delay: Delayed 2 second(s)

2018-12-12 20:08:52 - [MESSAGE][PASSED] - Delayed 2 second(s)

2018-12-12 20:08:52 - [TEST_STEP][PASSED] - click: Object: 'Object Repository/Final Object Repo/New Registration - Registration Module Pages/Form 1/Registered As a Branch - Yes' is clicked on

2018-12-12 20:08:52 - [MESSAGE][PASSED] - Object: 'Object Repository/Final Object Repo/New Registration - Registration Module Pages/Form 1/Registered As a Branch - Yes' is clicked on

2018-12-12 20:08:52 - [TEST_STEP][PASSED] - delay: Delayed 2 second(s)

2018-12-12 20:08:54 - [MESSAGE][PASSED] - Delayed 2 second(s)

2018-12-12 20:08:54 - [TEST_STEP][PASSED] - click: Object: 'Object Repository/Final Object Repo/New Registration - Registration Module Pages/New Reg - OTC to RO/Special Case - All Related Objects/Form 1 Save n Continue' is clicked on

2018-12-12 20:08:54 - [MESSAGE][PASSED] - Object: 'Object Repository/Final Object Repo/New Registration - Registration Module Pages/New Reg - OTC to RO/Special Case - All Related Objects/Form 1 Save n Continue' is clicked on

2018-12-12 20:08:54 - [TEST_STEP][PASSED] - delay: Delayed 2 second(s)

2018-12-12 20:08:56 - [MESSAGE][PASSED] - Delayed 2 second(s)

2018-12-12 20:08:56 - [TEST_STEP][PASSED] - click: Object: 'Object Repository/Final Object Repo/New Registration - Registration Module Pages/New Reg - OTC to RO/Special Case - All Related Objects/Form 2 Save n Continue' is clicked on

2018-12-12 20:08:56 - [MESSAGE][PASSED] - Object: 'Object Repository/Final Object Repo/New Registration - Registration Module Pages/New Reg - OTC to RO/Special Case - All Related Objects/Form 2 Save n Continue' is clicked on

2018-12-12 20:08:56 - [TEST_STEP][PASSED] - delay: Delayed 2 second(s)

2018-12-12 20:08:58 - [MESSAGE][PASSED] - Delayed 2 second(s)

2018-12-12 20:08:58 - [TEST_STEP][PASSED] - click: Object: 'Object Repository/Final Object Repo/New Registration - Registration Module Pages/New Reg - OTC to RO/Special Case - All Related Objects/Third Screen Save n Continue' is clicked on

2018-12-12 20:09:04 - [MESSAGE][PASSED] - Object: 'Object Repository/Final Object Repo/New Registration - Registration Module Pages/New Reg - OTC to RO/Special Case - All Related Objects/Third Screen Save n Continue' is clicked on

2018-12-12 20:09:04 - [TEST_STEP][PASSED] - delay: Delayed 5 second(s)

2018-12-12 20:09:09 - [MESSAGE][PASSED] - Delayed 5 second(s)

2018-12-12 20:09:09 - [TEST_STEP][PASSED] - click: Object: 'Object Repository/Final Object Repo/New Registration - Registration Module Pages/New Reg - OTC to RO/Special Case - All Related Objects/Upload Doc Page Save n Continue' is clicked on

2018-12-12 20:09:09 - [MESSAGE][PASSED] - Object: 'Object Repository/Final Object Repo/New Registration - Registration Module Pages/New Reg - OTC to RO/Special Case - All Related Objects/Upload Doc Page Save n Continue' is clicked on

2018-12-12 20:09:09 - [TEST_STEP][PASSED] - delay: Delayed 5 second(s)

2018-12-12 20:09:14 - [MESSAGE][PASSED] - Delayed 5 second(s)

2018-12-12 20:09:14 - [TEST_STEP][PASSED] - callTestCase: Call Test Case 'Test Cases/Final Aug 2018 - PKS Automation/Registration Module/New Registration/Submit and Screenshot/Submit Registration and Screenshot' successfully

2018-12-12 20:09:14 - [TEST_CASE][PASSED] - Test Cases/Final Aug 2018 - PKS Automation/Registration Module/New Registration/Submit and Screenshot/Submit Registration and Screenshot: Test Cases/Final Aug 2018 - PKS Automation/Registration Module/New Registration/Submit and Screenshot/Submit Registration and Screenshot

2018-12-12 20:09:14 - [TEST_STEP][PASSED] - delay: Delayed 6 second(s)

2018-12-12 20:09:20 - [MESSAGE][PASSED] - Delayed 6 second(s)

2018-12-12 20:09:20 - [TEST_STEP][PASSED] - click: Object: 'Object Repository/Final Object Repo/New Registration - Registration Module Pages/Third Screen - Upload Supporting Doc- Preview/Preview Submit Button' is clicked on

2018-12-12 20:09:20 - [MESSAGE][PASSED] - Object: 'Object Repository/Final Object Repo/New Registration - Registration Module Pages/Third Screen - Upload Supporting Doc- Preview/Preview Submit Button' is clicked on

2018-12-12 20:09:20 - [TEST_STEP][PASSED] - delay: Delayed 2 second(s)

2018-12-12 20:09:22 - [MESSAGE][PASSED] - Delayed 2 second(s)

2018-12-12 20:09:22 - [TEST_STEP][PASSED] - click: Object: 'Object Repository/Final Object Repo/New Registration - Registration Module Pages/Third Screen - Upload Supporting Doc- Preview/Preview Submit - Confirm' is clicked on

2018-12-12 20:09:22 - [MESSAGE][PASSED] - Object: 'Object Repository/Final Object Repo/New Registration - Registration Module Pages/Third Screen - Upload Supporting Doc- Preview/Preview Submit - Confirm' is clicked on

2018-12-12 20:09:22 - [TEST_STEP][PASSED] - delay: Delayed 15 second(s)

2018-12-12 20:09:37 - [MESSAGE][PASSED] - Delayed 15 second(s)

2018-12-12 20:09:37 - [TEST_STEP][PASSED] - Statement - driver = com.kms.katalon.core.webui.driver.DriverFactory.getWebDriver(): null

2018-12-12 20:09:37 - [TEST_STEP][PASSED] - Statement - driver.manage().timeouts().implicitlyWait(10, SECONDS): null

2018-12-12 20:09:37 - [TEST_STEP][PASSED] - Statement - PresavePath = KatalonScreenshots: null

2018-12-12 20:09:37 - [TEST_STEP][PASSED] - Statement - pathPrefix = "C:\Users\Public\Pictures\Sample Pictures\Katalon Screenshots\Automate Ending Screen": null

2018-12-12 20:09:37 - [TEST_STEP][PASSED] - Statement - finalPath = <not implemented yet for class: org.codehaus.groovy.ast.expr.EmptyExpression>: null

2018-12-12 20:09:37 - [TEST_STEP][PASSED] - Statement - scrFile = driver.getScreenshotAs(FILE): null

2018-12-12 20:09:37 - [TEST_STEP][PASSED] - Statement - PreSaveFile = new java.io.File(PresavePath): null

2018-12-12 20:09:37 - [TEST_STEP][PASSED] - Statement - counter = 0: null

2018-12-12 20:09:37 - [TEST_STEP][PASSED] - Statement - If (PreSaveFile.exists()): null

2018-12-12 20:09:37 - [TEST_STEP][PASSED] - Statement - While (PreSaveFile.exists()): null

2018-12-12 20:09:37 - [TEST_STEP][PASSED] - Statement - counter = counter + 1: null

2018-12-12 20:09:37 - [TEST_STEP][PASSED] - Statement - PreSaveFile = new java.io.File(((pathPrefix + java.lang.Integer.toString(counter)) + .png)): null

2018-12-12 20:09:37 - [TEST_STEP][PASSED] - Statement - counter = counter + 1: null

2018-12-12 20:09:37 - [TEST_STEP][PASSED] - Statement - PreSaveFile = new java.io.File(((pathPrefix + java.lang.Integer.toString(counter)) + .png)): null

2018-12-12 20:09:37 - [TEST_STEP][PASSED] - Statement - counter = counter + 1: null

2018-12-12 20:09:37 - [TEST_STEP][PASSED] - Statement - PreSaveFile = new java.io.File(((pathPrefix + java.lang.Integer.toString(counter)) + .png)): null

2018-12-12 20:09:37 - [TEST_STEP][PASSED] - Statement - counter = counter + 1: null

2018-12-12 20:09:37 - [TEST_STEP][PASSED] - Statement - PreSaveFile = new java.io.File(((pathPrefix + java.lang.Integer.toString(counter)) + .png)): null

2018-12-12 20:09:37 - [TEST_STEP][PASSED] - Statement - counter = counter + 1: null

2018-12-12 20:09:37 - [TEST_STEP][PASSED] - Statement - PreSaveFile = new java.io.File(((pathPrefix + java.lang.Integer.toString(counter)) + .png)): null

2018-12-12 20:09:37 - [TEST_STEP][PASSED] - Statement - counter = counter + 1: null

2018-12-12 20:09:37 - [TEST_STEP][PASSED] - Statement - PreSaveFile = new java.io.File(((pathPrefix + java.lang.Integer.toString(counter)) + .png)): null

2018-12-12 20:09:37 - [TEST_STEP][PASSED] - Statement - counter = counter + 1: null

2018-12-12 20:09:37 - [TEST_STEP][PASSED] - Statement - PreSaveFile = new java.io.File(((pathPrefix + java.lang.Integer.toString(counter)) + .png)): null

2018-12-12 20:09:37 - [TEST_STEP][PASSED] - Statement - counter = counter + 1: null

2018-12-12 20:09:37 - [TEST_STEP][PASSED] - Statement - PreSaveFile = new java.io.File(((pathPrefix + java.lang.Integer.toString(counter)) + .png)): null

2018-12-12 20:09:37 - [TEST_STEP][PASSED] - Statement - counter = counter + 1: null

2018-12-12 20:09:37 - [TEST_STEP][PASSED] - Statement - PreSaveFile = new java.io.File(((pathPrefix + java.lang.Integer.toString(counter)) + .png)): null

2018-12-12 20:09:37 - [TEST_STEP][PASSED] - Statement - counter = counter + 1: null

2018-12-12 20:09:37 - [TEST_STEP][PASSED] - Statement - PreSaveFile = new java.io.File(((pathPrefix + java.lang.Integer.toString(counter)) + .png)): null

2018-12-12 20:09:37 - [TEST_STEP][PASSED] - Statement - counter = counter + 1: null

2018-12-12 20:09:37 - [TEST_STEP][PASSED] - Statement - PreSaveFile = new java.io.File(((pathPrefix + java.lang.Integer.toString(counter)) + .png)): null

2018-12-12 20:09:37 - [TEST_STEP][PASSED] - Statement - counter = counter + 1: null

2018-12-12 20:09:37 - [TEST_STEP][PASSED] - Statement - PreSaveFile = new java.io.File(((pathPrefix + java.lang.Integer.toString(counter)) + .png)): null

2018-12-12 20:09:37 - [TEST_STEP][PASSED] - Statement - counter = counter + 1: null

2018-12-12 20:09:37 - [TEST_STEP][PASSED] - Statement - PreSaveFile = new java.io.File(((pathPrefix + java.lang.Integer.toString(counter)) + .png)): null

2018-12-12 20:09:37 - [TEST_STEP][PASSED] - Statement - counter = counter + 1: null

2018-12-12 20:09:37 - [TEST_STEP][PASSED] - Statement - PreSaveFile = new java.io.File(((pathPrefix + java.lang.Integer.toString(counter)) + .png)): null

2018-12-12 20:09:37 - [TEST_STEP][PASSED] - Statement - counter = counter + 1: null

2018-12-12 20:09:37 - [TEST_STEP][PASSED] - Statement - PreSaveFile = new java.io.File(((pathPrefix + java.lang.Integer.toString(counter)) + .png)): null

2018-12-12 20:09:37 - [TEST_STEP][PASSED] - Statement - counter = counter + 1: null

2018-12-12 20:09:37 - [TEST_STEP][PASSED] - Statement - PreSaveFile = new java.io.File(((pathPrefix + java.lang.Integer.toString(counter)) + .png)): null

2018-12-12 20:09:37 - [TEST_STEP][PASSED] - Statement - counter = counter + 1: null

2018-12-12 20:09:37 - [TEST_STEP][PASSED] - Statement - PreSaveFile = new java.io.File(((pathPrefix + java.lang.Integer.toString(counter)) + .png)): null

2018-12-12 20:09:37 - [TEST_STEP][PASSED] - Statement - counter = counter + 1: null

2018-12-12 20:09:37 - [TEST_STEP][PASSED] - Statement - PreSaveFile = new java.io.File(((pathPrefix + java.lang.Integer.toString(counter)) + .png)): null

2018-12-12 20:09:37 - [TEST_STEP][PASSED] - Statement - counter = counter + 1: null

2018-12-12 20:09:37 - [TEST_STEP][PASSED] - Statement - PreSaveFile = new java.io.File(((pathPrefix + java.lang.Integer.toString(counter)) + .png)): null

2018-12-12 20:09:38 - [TEST_STEP][PASSED] - Statement - counter = counter + 1: null

2018-12-12 20:09:38 - [TEST_STEP][PASSED] - Statement - PreSaveFile = new java.io.File(((pathPrefix + java.lang.Integer.toString(counter)) + .png)): null

2018-12-12 20:09:38 - [TEST_STEP][PASSED] - Statement - counter = counter + 1: null

2018-12-12 20:09:38 - [TEST_STEP][PASSED] - Statement - PreSaveFile = new java.io.File(((pathPrefix + java.lang.Integer.toString(counter)) + .png)): null

2018-12-12 20:09:38 - [TEST_STEP][PASSED] - Statement - counter = counter + 1: null

2018-12-12 20:09:38 - [TEST_STEP][PASSED] - Statement - PreSaveFile = new java.io.File(((pathPrefix + java.lang.Integer.toString(counter)) + .png)): null

2018-12-12 20:09:38 - [TEST_STEP][PASSED] - Statement - counter = counter + 1: null

2018-12-12 20:09:38 - [TEST_STEP][PASSED] - Statement - PreSaveFile = new java.io.File(((pathPrefix + java.lang.Integer.toString(counter)) + .png)): null

2018-12-12 20:09:38 - [TEST_STEP][PASSED] - Statement - counter = counter + 1: null

2018-12-12 20:09:38 - [TEST_STEP][PASSED] - Statement - PreSaveFile = new java.io.File(((pathPrefix + java.lang.Integer.toString(counter)) + .png)): null

2018-12-12 20:09:38 - [TEST_STEP][PASSED] - Statement - counter = counter + 1: null

2018-12-12 20:09:38 - [TEST_STEP][PASSED] - Statement - PreSaveFile = new java.io.File(((pathPrefix + java.lang.Integer.toString(counter)) + .png)): null

2018-12-12 20:09:38 - [TEST_STEP][PASSED] - Statement - counter = counter + 1: null

2018-12-12 20:09:38 - [TEST_STEP][PASSED] - Statement - PreSaveFile = new java.io.File(((pathPrefix + java.lang.Integer.toString(counter)) + .png)): null

2018-12-12 20:09:38 - [TEST_STEP][PASSED] - Statement - counter = counter + 1: null

2018-12-12 20:09:38 - [TEST_STEP][PASSED] - Statement - PreSaveFile = new java.io.File(((pathPrefix + java.lang.Integer.toString(counter)) + .png)): null

2018-12-12 20:09:38 - [TEST_STEP][PASSED] - Statement - counter = counter + 1: null

2018-12-12 20:09:38 - [TEST_STEP][PASSED] - Statement - PreSaveFile = new java.io.File(((pathPrefix + java.lang.Integer.toString(counter)) + .png)): null

2018-12-12 20:09:38 - [TEST_STEP][PASSED] - Statement - counter = counter + 1: null

2018-12-12 20:09:38 - [TEST_STEP][PASSED] - Statement - PreSaveFile = new java.io.File(((pathPrefix + java.lang.Integer.toString(counter)) + .png)): null

2018-12-12 20:09:38 - [TEST_STEP][PASSED] - Statement - counter = counter + 1: null

2018-12-12 20:09:38 - [TEST_STEP][PASSED] - Statement - PreSaveFile = new java.io.File(((pathPrefix + java.lang.Integer.toString(counter)) + .png)): null

2018-12-12 20:09:38 - [TEST_STEP][PASSED] - Statement - counter = counter + 1: null

2018-12-12 20:09:38 - [TEST_STEP][PASSED] - Statement - PreSaveFile = new java.io.File(((pathPrefix + java.lang.Integer.toString(counter)) + .png)): null

2018-12-12 20:09:38 - [TEST_STEP][PASSED] - Statement - counter = counter + 1: null

2018-12-12 20:09:38 - [TEST_STEP][PASSED] - Statement - PreSaveFile = new java.io.File(((pathPrefix + java.lang.Integer.toString(counter)) + .png)): null

2018-12-12 20:09:38 - [TEST_STEP][PASSED] - Statement - counter = counter + 1: null

2018-12-12 20:09:38 - [TEST_STEP][PASSED] - Statement - PreSaveFile = new java.io.File(((pathPrefix + java.lang.Integer.toString(counter)) + .png)): null

2018-12-12 20:09:38 - [TEST_STEP][PASSED] - Statement - counter = counter + 1: null

2018-12-12 20:09:38 - [TEST_STEP][PASSED] - Statement - PreSaveFile = new java.io.File(((pathPrefix + java.lang.Integer.toString(counter)) + .png)): null

2018-12-12 20:09:38 - [TEST_STEP][PASSED] - Statement - counter = counter + 1: null

2018-12-12 20:09:38 - [TEST_STEP][PASSED] - Statement - PreSaveFile = new java.io.File(((pathPrefix + java.lang.Integer.toString(counter)) + .png)): null

2018-12-12 20:09:38 - [TEST_STEP][PASSED] - Statement - counter = counter + 1: null

2018-12-12 20:09:38 - [TEST_STEP][PASSED] - Statement - PreSaveFile = new java.io.File(((pathPrefix + java.lang.Integer.toString(counter)) + .png)): null

2018-12-12 20:09:38 - [TEST_STEP][PASSED] - Statement - counter = counter + 1: null

2018-12-12 20:09:38 - [TEST_STEP][PASSED] - Statement - PreSaveFile = new java.io.File(((pathPrefix + java.lang.Integer.toString(counter)) + .png)): null

2018-12-12 20:09:38 - [TEST_STEP][PASSED] - Statement - counter = counter + 1: null

2018-12-12 20:09:38 - [TEST_STEP][PASSED] - Statement - PreSaveFile = new java.io.File(((pathPrefix + java.lang.Integer.toString(counter)) + .png)): null

2018-12-12 20:09:38 - [TEST_STEP][PASSED] - Statement - counter = counter + 1: null

2018-12-12 20:09:38 - [TEST_STEP][PASSED] - Statement - PreSaveFile = new java.io.File(((pathPrefix + java.lang.Integer.toString(counter)) + .png)): null

2018-12-12 20:09:38 - [TEST_STEP][PASSED] - Statement - counter = counter + 1: null

2018-12-12 20:09:38 - [TEST_STEP][PASSED] - Statement - PreSaveFile = new java.io.File(((pathPrefix + java.lang.Integer.toString(counter)) + .png)): null

2018-12-12 20:09:38 - [TEST_STEP][PASSED] - Statement - counter = counter + 1: null

2018-12-12 20:09:38 - [TEST_STEP][PASSED] - Statement - PreSaveFile = new java.io.File(((pathPrefix + java.lang.Integer.toString(counter)) + .png)): null

2018-12-12 20:09:38 - [TEST_STEP][PASSED] - Statement - counter = counter + 1: null

2018-12-12 20:09:38 - [TEST_STEP][PASSED] - Statement - PreSaveFile = new java.io.File(((pathPrefix + java.lang.Integer.toString(counter)) + .png)): null

2018-12-12 20:09:38 - [TEST_STEP][PASSED] - Statement - counter = counter + 1: null

2018-12-12 20:09:38 - [TEST_STEP][PASSED] - Statement - PreSaveFile = new java.io.File(((pathPrefix + java.lang.Integer.toString(counter)) + .png)): null

2018-12-12 20:09:38 - [TEST_STEP][PASSED] - Statement - counter = counter + 1: null

2018-12-12 20:09:38 - [TEST_STEP][PASSED] - Statement - PreSaveFile = new java.io.File(((pathPrefix + java.lang.Integer.toString(counter)) + .png)): null

2018-12-12 20:09:38 - [TEST_STEP][PASSED] - Statement - counter = counter + 1: null

2018-12-12 20:09:38 - [TEST_STEP][PASSED] - Statement - PreSaveFile = new java.io.File(((pathPrefix + java.lang.Integer.toString(counter)) + .png)): null

2018-12-12 20:09:38 - [TEST_STEP][PASSED] - Statement - counter = counter + 1: null

2018-12-12 20:09:38 - [TEST_STEP][PASSED] - Statement - PreSaveFile = new java.io.File(((pathPrefix + java.lang.Integer.toString(counter)) + .png)): null

2018-12-12 20:09:38 - [TEST_STEP][PASSED] - Statement - counter = counter + 1: null

2018-12-12 20:09:38 - [TEST_STEP][PASSED] - Statement - PreSaveFile = new java.io.File(((pathPrefix + java.lang.Integer.toString(counter)) + .png)): null

2018-12-12 20:09:38 - [TEST_STEP][PASSED] - Statement - counter = counter + 1: null

2018-12-12 20:09:38 - [TEST_STEP][PASSED] - Statement - PreSaveFile = new java.io.File(((pathPrefix + java.lang.Integer.toString(counter)) + .png)): null

2018-12-12 20:09:38 - [TEST_STEP][PASSED] - Statement - counter = counter + 1: null

2018-12-12 20:09:38 - [TEST_STEP][PASSED] - Statement - PreSaveFile = new java.io.File(((pathPrefix + java.lang.Integer.toString(counter)) + .png)): null

2018-12-12 20:09:38 - [TEST_STEP][PASSED] - Statement - counter = counter + 1: null

2018-12-12 20:09:38 - [TEST_STEP][PASSED] - Statement - PreSaveFile = new java.io.File(((pathPrefix + java.lang.Integer.toString(counter)) + .png)): null

2018-12-12 20:09:38 - [TEST_STEP][PASSED] - Statement - counter = counter + 1: null

2018-12-12 20:09:38 - [TEST_STEP][PASSED] - Statement - PreSaveFile = new java.io.File(((pathPrefix + java.lang.Integer.toString(counter)) + .png)): null

2018-12-12 20:09:38 - [TEST_STEP][PASSED] - Statement - counter = counter + 1: null

2018-12-12 20:09:38 - [TEST_STEP][PASSED] - Statement - PreSaveFile = new java.io.File(((pathPrefix + java.lang.Integer.toString(counter)) + .png)): null

2018-12-12 20:09:38 - [TEST_STEP][PASSED] - Statement - counter = counter + 1: null

2018-12-12 20:09:38 - [TEST_STEP][PASSED] - Statement - PreSaveFile = new java.io.File(((pathPrefix + java.lang.Integer.toString(counter)) + .png)): null

2018-12-12 20:09:38 - [TEST_STEP][PASSED] - Statement - counter = counter + 1: null

2018-12-12 20:09:38 - [TEST_STEP][PASSED] - Statement - PreSaveFile = new java.io.File(((pathPrefix + java.lang.Integer.toString(counter)) + .png)): null

2018-12-12 20:09:38 - [TEST_STEP][PASSED] - Statement - counter = counter + 1: null

2018-12-12 20:09:38 - [TEST_STEP][PASSED] - Statement - PreSaveFile = new java.io.File(((pathPrefix + java.lang.Integer.toString(counter)) + .png)): null

2018-12-12 20:09:38 - [TEST_STEP][PASSED] - Statement - counter = counter + 1: null

2018-12-12 20:09:38 - [TEST_STEP][PASSED] - Statement - PreSaveFile = new java.io.File(((pathPrefix + java.lang.Integer.toString(counter)) + .png)): null

2018-12-12 20:09:38 - [TEST_STEP][PASSED] - Statement - counter = counter + 1: null

2018-12-12 20:09:38 - [TEST_STEP][PASSED] - Statement - PreSaveFile = new java.io.File(((pathPrefix + java.lang.Integer.toString(counter)) + .png)): null

2018-12-12 20:09:38 - [TEST_STEP][PASSED] - Statement - counter = counter + 1: null

2018-12-12 20:09:38 - [TEST_STEP][PASSED] - Statement - PreSaveFile = new java.io.File(((pathPrefix + java.lang.Integer.toString(counter)) + .png)): null

2018-12-12 20:09:38 - [TEST_STEP][PASSED] - Statement - counter = counter + 1: null

2018-12-12 20:09:38 - [TEST_STEP][PASSED] - Statement - PreSaveFile = new java.io.File(((pathPrefix + java.lang.Integer.toString(counter)) + .png)): null

2018-12-12 20:09:38 - [TEST_STEP][PASSED] - Statement - counter = counter + 1: null

2018-12-12 20:09:38 - [TEST_STEP][PASSED] - Statement - PreSaveFile = new java.io.File(((pathPrefix + java.lang.Integer.toString(counter)) + .png)): null

2018-12-12 20:09:38 - [TEST_STEP][PASSED] - Statement - counter = counter + 1: null

2018-12-12 20:09:38 - [TEST_STEP][PASSED] - Statement - PreSaveFile = new java.io.File(((pathPrefix + java.lang.Integer.toString(counter)) + .png)): null

2018-12-12 20:09:38 - [TEST_STEP][PASSED] - Statement - counter = counter + 1: null

2018-12-12 20:09:38 - [TEST_STEP][PASSED] - Statement - PreSaveFile = new java.io.File(((pathPrefix + java.lang.Integer.toString(counter)) + .png)): null

2018-12-12 20:09:38 - [TEST_STEP][PASSED] - Statement - counter = counter + 1: null

2018-12-12 20:09:38 - [TEST_STEP][PASSED] - Statement - PreSaveFile = new java.io.File(((pathPrefix + java.lang.Integer.toString(counter)) + .png)): null

2018-12-12 20:09:38 - [TEST_STEP][PASSED] - Statement - counter = counter + 1: null

2018-12-12 20:09:38 - [TEST_STEP][PASSED] - Statement - PreSaveFile = new java.io.File(((pathPrefix + java.lang.Integer.toString(counter)) + .png)): null

2018-12-12 20:09:38 - [TEST_STEP][PASSED] - Statement - counter = counter + 1: null

2018-12-12 20:09:38 - [TEST_STEP][PASSED] - Statement - PreSaveFile = new java.io.File(((pathPrefix + java.lang.Integer.toString(counter)) + .png)): null

2018-12-12 20:09:38 - [TEST_STEP][PASSED] - Statement - counter = counter + 1: null

2018-12-12 20:09:38 - [TEST_STEP][PASSED] - Statement - PreSaveFile = new java.io.File(((pathPrefix + java.lang.Integer.toString(counter)) + .png)): null

2018-12-12 20:09:38 - [TEST_STEP][PASSED] - Statement - counter = counter + 1: null

2018-12-12 20:09:38 - [TEST_STEP][PASSED] - Statement - PreSaveFile = new java.io.File(((pathPrefix + java.lang.Integer.toString(counter)) + .png)): null

2018-12-12 20:09:38 - [TEST_STEP][PASSED] - Statement - counter = counter + 1: null

2018-12-12 20:09:38 - [TEST_STEP][PASSED] - Statement - PreSaveFile = new java.io.File(((pathPrefix + java.lang.Integer.toString(counter)) + .png)): null

2018-12-12 20:09:38 - [TEST_STEP][PASSED] - Statement - counter = counter + 1: null

2018-12-12 20:09:38 - [TEST_STEP][PASSED] - Statement - PreSaveFile = new java.io.File(((pathPrefix + java.lang.Integer.toString(counter)) + .png)): null

2018-12-12 20:09:38 - [TEST_STEP][PASSED] - Statement - counter = counter + 1: null

2018-12-12 20:09:38 - [TEST_STEP][PASSED] - Statement - PreSaveFile = new java.io.File(((pathPrefix + java.lang.Integer.toString(counter)) + .png)): null

2018-12-12 20:09:38 - [TEST_STEP][PASSED] - Statement - counter = counter + 1: null

2018-12-12 20:09:38 - [TEST_STEP][PASSED] - Statement - PreSaveFile = new java.io.File(((pathPrefix + java.lang.Integer.toString(counter)) + .png)): null

2018-12-12 20:09:38 - [TEST_STEP][PASSED] - Statement - counter = counter + 1: null

2018-12-12 20:09:38 - [TEST_STEP][PASSED] - Statement - PreSaveFile = new java.io.File(((pathPrefix + java.lang.Integer.toString(counter)) + .png)): null

2018-12-12 20:09:38 - [TEST_STEP][PASSED] - Statement - counter = counter + 1: null

2018-12-12 20:09:38 - [TEST_STEP][PASSED] - Statement - PreSaveFile = new java.io.File(((pathPrefix + java.lang.Integer.toString(counter)) + .png)): null

2018-12-12 20:09:38 - [TEST_STEP][PASSED] - Statement - counter = counter + 1: null

2018-12-12 20:09:38 - [TEST_STEP][PASSED] - Statement - PreSaveFile = new java.io.File(((pathPrefix + java.lang.Integer.toString(counter)) + .png)): null

2018-12-12 20:09:38 - [TEST_STEP][PASSED] - Statement - counter = counter + 1: null

2018-12-12 20:09:38 - [TEST_STEP][PASSED] - Statement - PreSaveFile = new java.io.File(((pathPrefix + java.lang.Integer.toString(counter)) + .png)): null

2018-12-12 20:09:38 - [TEST_STEP][PASSED] - Statement - counter = counter + 1: null

2018-12-12 20:09:38 - [TEST_STEP][PASSED] - Statement - PreSaveFile = new java.io.File(((pathPrefix + java.lang.Integer.toString(counter)) + .png)): null

2018-12-12 20:09:38 - [TEST_STEP][PASSED] - Statement - counter = counter + 1: null

2018-12-12 20:09:38 - [TEST_STEP][PASSED] - Statement - PreSaveFile = new java.io.File(((pathPrefix + java.lang.Integer.toString(counter)) + .png)): null

2018-12-12 20:09:38 - [TEST_STEP][PASSED] - Statement - counter = counter + 1: null

2018-12-12 20:09:38 - [TEST_STEP][PASSED] - Statement - PreSaveFile = new java.io.File(((pathPrefix + java.lang.Integer.toString(counter)) + .png)): null

2018-12-12 20:09:38 - [TEST_STEP][PASSED] - Statement - counter = counter + 1: null

2018-12-12 20:09:38 - [TEST_STEP][PASSED] - Statement - PreSaveFile = new java.io.File(((pathPrefix + java.lang.Integer.toString(counter)) + .png)): null

2018-12-12 20:09:38 - [TEST_STEP][PASSED] - Statement - counter = counter + 1: null

2018-12-12 20:09:38 - [TEST_STEP][PASSED] - Statement - PreSaveFile = new java.io.File(((pathPrefix + java.lang.Integer.toString(counter)) + .png)): null

2018-12-12 20:09:38 - [TEST_STEP][PASSED] - Statement - counter = counter + 1: null

2018-12-12 20:09:38 - [TEST_STEP][PASSED] - Statement - PreSaveFile = new java.io.File(((pathPrefix + java.lang.Integer.toString(counter)) + .png)): null

2018-12-12 20:09:38 - [TEST_STEP][PASSED] - Statement - counter = counter + 1: null

2018-12-12 20:09:38 - [TEST_STEP][PASSED] - Statement - PreSaveFile = new java.io.File(((pathPrefix + java.lang.Integer.toString(counter)) + .png)): null

2018-12-12 20:09:38 - [TEST_STEP][PASSED] - Statement - counter = counter + 1: null

2018-12-12 20:09:38 - [TEST_STEP][PASSED] - Statement - PreSaveFile = new java.io.File(((pathPrefix + java.lang.Integer.toString(counter)) + .png)): null

2018-12-12 20:09:38 - [TEST_STEP][PASSED] - Statement - counter = counter + 1: null

2018-12-12 20:09:38 - [TEST_STEP][PASSED] - Statement - PreSaveFile = new java.io.File(((pathPrefix + java.lang.Integer.toString(counter)) + .png)): null

2018-12-12 20:09:38 - [TEST_STEP][PASSED] - Statement - counter = counter + 1: null

2018-12-12 20:09:38 - [TEST_STEP][PASSED] - Statement - PreSaveFile = new java.io.File(((pathPrefix + java.lang.Integer.toString(counter)) + .png)): null

2018-12-12 20:09:38 - [TEST_STEP][PASSED] - Statement - counter = counter + 1: null

2018-12-12 20:09:38 - [TEST_STEP][PASSED] - Statement - PreSaveFile = new java.io.File(((pathPrefix + java.lang.Integer.toString(counter)) + .png)): null

2018-12-12 20:09:38 - [TEST_STEP][PASSED] - Statement - counter = counter + 1: null

2018-12-12 20:09:38 - [TEST_STEP][PASSED] - Statement - PreSaveFile = new java.io.File(((pathPrefix + java.lang.Integer.toString(counter)) + .png)): null

2018-12-12 20:09:38 - [TEST_STEP][PASSED] - Statement - counter = counter + 1: null

2018-12-12 20:09:38 - [TEST_STEP][PASSED] - Statement - PreSaveFile = new java.io.File(((pathPrefix + java.lang.Integer.toString(counter)) + .png)): null

2018-12-12 20:09:38 - [TEST_STEP][PASSED] - Statement - counter = counter + 1: null

2018-12-12 20:09:38 - [TEST_STEP][PASSED] - Statement - PreSaveFile = new java.io.File(((pathPrefix + java.lang.Integer.toString(counter)) + .png)): null

2018-12-12 20:09:38 - [TEST_STEP][PASSED] - Statement - counter = counter + 1: null

2018-12-12 20:09:38 - [TEST_STEP][PASSED] - Statement - PreSaveFile = new java.io.File(((pathPrefix + java.lang.Integer.toString(counter)) + .png)): null

2018-12-12 20:09:38 - [TEST_STEP][PASSED] - Statement - counter = counter + 1: null

2018-12-12 20:09:38 - [TEST_STEP][PASSED] - Statement - PreSaveFile = new java.io.File(((pathPrefix + java.lang.Integer.toString(counter)) + .png)): null

2018-12-12 20:09:38 - [TEST_STEP][PASSED] - Statement - counter = counter + 1: null

2018-12-12 20:09:38 - [TEST_STEP][PASSED] - Statement - PreSaveFile = new java.io.File(((pathPrefix + java.lang.Integer.toString(counter)) + .png)): null

2018-12-12 20:09:38 - [TEST_STEP][PASSED] - Statement - counter = counter + 1: null

2018-12-12 20:09:38 - [TEST_STEP][PASSED] - Statement - PreSaveFile = new java.io.File(((pathPrefix + java.lang.Integer.toString(counter)) + .png)): null

2018-12-12 20:09:38 - [TEST_STEP][PASSED] - Statement - counter = counter + 1: null

2018-12-12 20:09:38 - [TEST_STEP][PASSED] - Statement - PreSaveFile = new java.io.File(((pathPrefix + java.lang.Integer.toString(counter)) + .png)): null

2018-12-12 20:09:38 - [TEST_STEP][PASSED] - Statement - counter = counter + 1: null

2018-12-12 20:09:38 - [TEST_STEP][PASSED] - Statement - PreSaveFile = new java.io.File(((pathPrefix + java.lang.Integer.toString(counter)) + .png)): null

2018-12-12 20:09:38 - [TEST_STEP][PASSED] - Statement - counter = counter + 1: null

2018-12-12 20:09:38 - [TEST_STEP][PASSED] - Statement - PreSaveFile = new java.io.File(((pathPrefix + java.lang.Integer.toString(counter)) + .png)): null

2018-12-12 20:09:38 - [TEST_STEP][PASSED] - Statement - counter = counter + 1: null

2018-12-12 20:09:38 - [TEST_STEP][PASSED] - Statement - PreSaveFile = new java.io.File(((pathPrefix + java.lang.Integer.toString(counter)) + .png)): null

2018-12-12 20:09:38 - [TEST_STEP][PASSED] - Statement - counter = counter + 1: null

2018-12-12 20:09:38 - [TEST_STEP][PASSED] - Statement - PreSaveFile = new java.io.File(((pathPrefix + java.lang.Integer.toString(counter)) + .png)): null

2018-12-12 20:09:38 - [TEST_STEP][PASSED] - Statement - counter = counter + 1: null

2018-12-12 20:09:38 - [TEST_STEP][PASSED] - Statement - PreSaveFile = new java.io.File(((pathPrefix + java.lang.Integer.toString(counter)) + .png)): null

2018-12-12 20:09:38 - [TEST_STEP][PASSED] - Statement - counter = counter + 1: null

2018-12-12 20:09:38 - [TEST_STEP][PASSED] - Statement - PreSaveFile = new java.io.File(((pathPrefix + java.lang.Integer.toString(counter)) + .png)): null

2018-12-12 20:09:38 - [TEST_STEP][PASSED] - Statement - counter = counter + 1: null

2018-12-12 20:09:38 - [TEST_STEP][PASSED] - Statement - PreSaveFile = new java.io.File(((pathPrefix + java.lang.Integer.toString(counter)) + .png)): null

2018-12-12 20:09:38 - [TEST_STEP][PASSED] - Statement - counter = counter + 1: null

2018-12-12 20:09:38 - [TEST_STEP][PASSED] - Statement - PreSaveFile = new java.io.File(((pathPrefix + java.lang.Integer.toString(counter)) + .png)): null

2018-12-12 20:09:38 - [TEST_STEP][PASSED] - Statement - counter = counter + 1: null

2018-12-12 20:09:38 - [TEST_STEP][PASSED] - Statement - PreSaveFile = new java.io.File(((pathPrefix + java.lang.Integer.toString(counter)) + .png)): null

2018-12-12 20:09:38 - [TEST_STEP][PASSED] - Statement - counter = counter + 1: null

2018-12-12 20:09:38 - [TEST_STEP][PASSED] - Statement - PreSaveFile = new java.io.File(((pathPrefix + java.lang.Integer.toString(counter)) + .png)): null

2018-12-12 20:09:38 - [TEST_STEP][PASSED] - Statement - counter = counter + 1: null

2018-12-12 20:09:38 - [TEST_STEP][PASSED] - Statement - PreSaveFile = new java.io.File(((pathPrefix + java.lang.Integer.toString(counter)) + .png)): null

2018-12-12 20:09:38 - [TEST_STEP][PASSED] - Statement - counter = counter + 1: null

2018-12-12 20:09:38 - [TEST_STEP][PASSED] - Statement - PreSaveFile = new java.io.File(((pathPrefix + java.lang.Integer.toString(counter)) + .png)): null

2018-12-12 20:09:38 - [TEST_STEP][PASSED] - Statement - counter = counter + 1: null

2018-12-12 20:09:38 - [TEST_STEP][PASSED] - Statement - PreSaveFile = new java.io.File(((pathPrefix + java.lang.Integer.toString(counter)) + .png)): null

2018-12-12 20:09:38 - [TEST_STEP][PASSED] - Statement - counter = counter + 1: null

2018-12-12 20:09:38 - [TEST_STEP][PASSED] - Statement - PreSaveFile = new java.io.File(((pathPrefix + java.lang.Integer.toString(counter)) + .png)): null

2018-12-12 20:09:38 - [TEST_STEP][PASSED] - Statement - counter = counter + 1: null

2018-12-12 20:09:38 - [TEST_STEP][PASSED] - Statement - PreSaveFile = new java.io.File(((pathPrefix + java.lang.Integer.toString(counter)) + .png)): null

2018-12-12 20:09:38 - [TEST_STEP][PASSED] - Statement - counter = counter + 1: null

2018-12-12 20:09:38 - [TEST_STEP][PASSED] - Statement - PreSaveFile = new java.io.File(((pathPrefix + java.lang.Integer.toString(counter)) + .png)): null

2018-12-12 20:09:38 - [TEST_STEP][PASSED] - Statement - counter = counter + 1: null

2018-12-12 20:09:38 - [TEST_STEP][PASSED] - Statement - PreSaveFile = new java.io.File(((pathPrefix + java.lang.Integer.toString(counter)) + .png)): null

2018-12-12 20:09:38 - [TEST_STEP][PASSED] - Statement - counter = counter + 1: null

2018-12-12 20:09:38 - [TEST_STEP][PASSED] - Statement - PreSaveFile = new java.io.File(((pathPrefix + java.lang.Integer.toString(counter)) + .png)): null

2018-12-12 20:09:38 - [TEST_STEP][PASSED] - Statement - counter = counter + 1: null

2018-12-12 20:09:38 - [TEST_STEP][PASSED] - Statement - PreSaveFile = new java.io.File(((pathPrefix + java.lang.Integer.toString(counter)) + .png)): null

2018-12-12 20:09:38 - [TEST_STEP][PASSED] - Statement - counter = counter + 1: null

2018-12-12 20:09:38 - [TEST_STEP][PASSED] - Statement - PreSaveFile = new java.io.File(((pathPrefix + java.lang.Integer.toString(counter)) + .png)): null

2018-12-12 20:09:38 - [TEST_STEP][PASSED] - Statement - counter = counter + 1: null

2018-12-12 20:09:38 - [TEST_STEP][PASSED] - Statement - PreSaveFile = new java.io.File(((pathPrefix + java.lang.Integer.toString(counter)) + .png)): null

2018-12-12 20:09:38 - [TEST_STEP][PASSED] - Statement - counter = counter + 1: null

2018-12-12 20:09:38 - [TEST_STEP][PASSED] - Statement - PreSaveFile = new java.io.File(((pathPrefix + java.lang.Integer.toString(counter)) + .png)): null

2018-12-12 20:09:38 - [TEST_STEP][PASSED] - Statement - counter = counter + 1: null

2018-12-12 20:09:38 - [TEST_STEP][PASSED] - Statement - PreSaveFile = new java.io.File(((pathPrefix + java.lang.Integer.toString(counter)) + .png)): null

2018-12-12 20:09:38 - [TEST_STEP][PASSED] - Statement - counter = counter + 1: null

2018-12-12 20:09:38 - [TEST_STEP][PASSED] - Statement - PreSaveFile = new java.io.File(((pathPrefix + java.lang.Integer.toString(counter)) + .png)): null

2018-12-12 20:09:38 - [TEST_STEP][PASSED] - Statement - counter = counter + 1: null

2018-12-12 20:09:38 - [TEST_STEP][PASSED] - Statement - PreSaveFile = new java.io.File(((pathPrefix + java.lang.Integer.toString(counter)) + .png)): null

2018-12-12 20:09:38 - [TEST_STEP][PASSED] - Statement - counter = counter + 1: null

2018-12-12 20:09:38 - [TEST_STEP][PASSED] - Statement - PreSaveFile = new java.io.File(((pathPrefix + java.lang.Integer.toString(counter)) + .png)): null

2018-12-12 20:09:38 - [TEST_STEP][PASSED] - Statement - counter = counter + 1: null

2018-12-12 20:09:38 - [TEST_STEP][PASSED] - Statement - PreSaveFile = new java.io.File(((pathPrefix + java.lang.Integer.toString(counter)) + .png)): null

2018-12-12 20:09:38 - [TEST_STEP][PASSED] - Statement - counter = counter + 1: null

2018-12-12 20:09:38 - [TEST_STEP][PASSED] - Statement - PreSaveFile = new java.io.File(((pathPrefix + java.lang.Integer.toString(counter)) + .png)): null

2018-12-12 20:09:38 - [TEST_STEP][PASSED] - Statement - counter = counter + 1: null

2018-12-12 20:09:38 - [TEST_STEP][PASSED] - Statement - PreSaveFile = new java.io.File(((pathPrefix + java.lang.Integer.toString(counter)) + .png)): null

2018-12-12 20:09:38 - [TEST_STEP][PASSED] - Statement - counter = counter + 1: null

2018-12-12 20:09:38 - [TEST_STEP][PASSED] - Statement - PreSaveFile = new java.io.File(((pathPrefix + java.lang.Integer.toString(counter)) + .png)): null

2018-12-12 20:09:38 - [TEST_STEP][PASSED] - Statement - counter = counter + 1: null

2018-12-12 20:09:38 - [TEST_STEP][PASSED] - Statement - PreSaveFile = new java.io.File(((pathPrefix + java.lang.Integer.toString(counter)) + .png)): null

2018-12-12 20:09:38 - [TEST_STEP][PASSED] - Statement - counter = counter + 1: null

2018-12-12 20:09:38 - [TEST_STEP][PASSED] - Statement - PreSaveFile = new java.io.File(((pathPrefix + java.lang.Integer.toString(counter)) + .png)): null

2018-12-12 20:09:38 - [TEST_STEP][PASSED] - Statement - counter = counter + 1: null

2018-12-12 20:09:38 - [TEST_STEP][PASSED] - Statement - PreSaveFile = new java.io.File(((pathPrefix + java.lang.Integer.toString(counter)) + .png)): null

2018-12-12 20:09:38 - [TEST_STEP][PASSED] - Statement - counter = counter + 1: null

2018-12-12 20:09:38 - [TEST_STEP][PASSED] - Statement - PreSaveFile = new java.io.File(((pathPrefix + java.lang.Integer.toString(counter)) + .png)): null

2018-12-12 20:09:38 - [TEST_STEP][PASSED] - Statement - counter = counter + 1: null

2018-12-12 20:09:38 - [TEST_STEP][PASSED] - Statement - PreSaveFile = new java.io.File(((pathPrefix + java.lang.Integer.toString(counter)) + .png)): null

2018-12-12 20:09:38 - [TEST_STEP][PASSED] - Statement - counter = counter + 1: null

2018-12-12 20:09:38 - [TEST_STEP][PASSED] - Statement - PreSaveFile = new java.io.File(((pathPrefix + java.lang.Integer.toString(counter)) + .png)): null

2018-12-12 20:09:38 - [TEST_STEP][PASSED] - Statement - counter = counter + 1: null

2018-12-12 20:09:38 - [TEST_STEP][PASSED] - Statement - PreSaveFile = new java.io.File(((pathPrefix + java.lang.Integer.toString(counter)) + .png)): null

2018-12-12 20:09:38 - [TEST_STEP][PASSED] - Statement - counter = counter + 1: null

2018-12-12 20:09:38 - [TEST_STEP][PASSED] - Statement - PreSaveFile = new java.io.File(((pathPrefix + java.lang.Integer.toString(counter)) + .png)): null

2018-12-12 20:09:38 - [TEST_STEP][PASSED] - Statement - counter = counter + 1: null

2018-12-12 20:09:38 - [TEST_STEP][PASSED] - Statement - PreSaveFile = new java.io.File(((pathPrefix + java.lang.Integer.toString(counter)) + .png)): null

2018-12-12 20:09:38 - [TEST_STEP][PASSED] - Statement - counter = counter + 1: null

2018-12-12 20:09:38 - [TEST_STEP][PASSED] - Statement - PreSaveFile = new java.io.File(((pathPrefix + java.lang.Integer.toString(counter)) + .png)): null

2018-12-12 20:09:38 - [TEST_STEP][PASSED] - Statement - counter = counter + 1: null

2018-12-12 20:09:38 - [TEST_STEP][PASSED] - Statement - PreSaveFile = new java.io.File(((pathPrefix + java.lang.Integer.toString(counter)) + .png)): null

2018-12-12 20:09:38 - [TEST_STEP][PASSED] - Statement - counter = counter + 1: null

2018-12-12 20:09:38 - [TEST_STEP][PASSED] - Statement - PreSaveFile = new java.io.File(((pathPrefix + java.lang.Integer.toString(counter)) + .png)): null

2018-12-12 20:09:38 - [TEST_STEP][PASSED] - Statement - counter = counter + 1: null

2018-12-12 20:09:38 - [TEST_STEP][PASSED] - Statement - PreSaveFile = new java.io.File(((pathPrefix + java.lang.Integer.toString(counter)) + .png)): null

2018-12-12 20:09:38 - [TEST_STEP][PASSED] - Statement - counter = counter + 1: null

2018-12-12 20:09:38 - [TEST_STEP][PASSED] - Statement - PreSaveFile = new java.io.File(((pathPrefix + java.lang.Integer.toString(counter)) + .png)): null

2018-12-12 20:09:38 - [TEST_STEP][PASSED] - Statement - counter = counter + 1: null

2018-12-12 20:09:38 - [TEST_STEP][PASSED] - Statement - PreSaveFile = new java.io.File(((pathPrefix + java.lang.Integer.toString(counter)) + .png)): null

2018-12-12 20:09:38 - [TEST_STEP][PASSED] - Statement - counter = counter + 1: null

2018-12-12 20:09:38 - [TEST_STEP][PASSED] - Statement - PreSaveFile = new java.io.File(((pathPrefix + java.lang.Integer.toString(counter)) + .png)): null

2018-12-12 20:09:38 - [TEST_STEP][PASSED] - Statement - counter = counter + 1: null

2018-12-12 20:09:38 - [TEST_STEP][PASSED] - Statement - PreSaveFile = new java.io.File(((pathPrefix + java.lang.Integer.toString(counter)) + .png)): null

2018-12-12 20:09:38 - [TEST_STEP][PASSED] - Statement - counter = counter + 1: null

2018-12-12 20:09:38 - [TEST_STEP][PASSED] - Statement - PreSaveFile = new java.io.File(((pathPrefix + java.lang.Integer.toString(counter)) + .png)): null

2018-12-12 20:09:38 - [TEST_STEP][PASSED] - Statement - counter = counter + 1: null

2018-12-12 20:09:38 - [TEST_STEP][PASSED] - Statement - PreSaveFile = new java.io.File(((pathPrefix + java.lang.Integer.toString(counter)) + .png)): null

2018-12-12 20:09:38 - [TEST_STEP][PASSED] - Statement - counter = counter + 1: null

2018-12-12 20:09:38 - [TEST_STEP][PASSED] - Statement - PreSaveFile = new java.io.File(((pathPrefix + java.lang.Integer.toString(counter)) + .png)): null

2018-12-12 20:09:38 - [TEST_STEP][PASSED] - Statement - counter = counter + 1: null

2018-12-12 20:09:38 - [TEST_STEP][PASSED] - Statement - PreSaveFile = new java.io.File(((pathPrefix + java.lang.Integer.toString(counter)) + .png)): null

2018-12-12 20:09:38 - [TEST_STEP][PASSED] - Statement - counter = counter + 1: null

2018-12-12 20:09:38 - [TEST_STEP][PASSED] - Statement - PreSaveFile = new java.io.File(((pathPrefix + java.lang.Integer.toString(counter)) + .png)): null

2018-12-12 20:09:38 - [TEST_STEP][PASSED] - Statement - counter = counter + 1: null

2018-12-12 20:09:38 - [TEST_STEP][PASSED] - Statement - PreSaveFile = new java.io.File(((pathPrefix + java.lang.Integer.toString(counter)) + .png)): null

2018-12-12 20:09:38 - [TEST_STEP][PASSED] - Statement - counter = counter + 1: null

2018-12-12 20:09:38 - [TEST_STEP][PASSED] - Statement - PreSaveFile = new java.io.File(((pathPrefix + java.lang.Integer.toString(counter)) + .png)): null

2018-12-12 20:09:38 - [TEST_STEP][PASSED] - Statement - counter = counter + 1: null

2018-12-12 20:09:38 - [TEST_STEP][PASSED] - Statement - PreSaveFile = new java.io.File(((pathPrefix + java.lang.Integer.toString(counter)) + .png)): null

2018-12-12 20:09:38 - [TEST_STEP][PASSED] - Statement - counter = counter + 1: null

2018-12-12 20:09:38 - [TEST_STEP][PASSED] - Statement - PreSaveFile = new java.io.File(((pathPrefix + java.lang.Integer.toString(counter)) + .png)): null

2018-12-12 20:09:38 - [TEST_STEP][PASSED] - Statement - counter = counter + 1: null

2018-12-12 20:09:38 - [TEST_STEP][PASSED] - Statement - PreSaveFile = new java.io.File(((pathPrefix + java.lang.Integer.toString(counter)) + .png)): null

2018-12-12 20:09:38 - [TEST_STEP][PASSED] - Statement - counter = counter + 1: null

2018-12-12 20:09:38 - [TEST_STEP][PASSED] - Statement - PreSaveFile = new java.io.File(((pathPrefix + java.lang.Integer.toString(counter)) + .png)): null

2018-12-12 20:09:38 - [TEST_STEP][PASSED] - Statement - counter = counter + 1: null

2018-12-12 20:09:38 - [TEST_STEP][PASSED] - Statement - PreSaveFile = new java.io.File(((pathPrefix + java.lang.Integer.toString(counter)) + .png)): null

2018-12-12 20:09:38 - [TEST_STEP][PASSED] - Statement - counter = counter + 1: null

2018-12-12 20:09:38 - [TEST_STEP][PASSED] - Statement - PreSaveFile = new java.io.File(((pathPrefix + java.lang.Integer.toString(counter)) + .png)): null

2018-12-12 20:09:38 - [TEST_STEP][PASSED] - Statement - counter = counter + 1: null

2018-12-12 20:09:38 - [TEST_STEP][PASSED] - Statement - PreSaveFile = new java.io.File(((pathPrefix + java.lang.Integer.toString(counter)) + .png)): null

2018-12-12 20:09:38 - [TEST_STEP][PASSED] - Statement - counter = counter + 1: null

2018-12-12 20:09:38 - [TEST_STEP][PASSED] - Statement - PreSaveFile = new java.io.File(((pathPrefix + java.lang.Integer.toString(counter)) + .png)): null

2018-12-12 20:09:38 - [TEST_STEP][PASSED] - Statement - counter = counter + 1: null

2018-12-12 20:09:38 - [TEST_STEP][PASSED] - Statement - PreSaveFile = new java.io.File(((pathPrefix + java.lang.Integer.toString(counter)) + .png)): null

2018-12-12 20:09:38 - [TEST_STEP][PASSED] - Statement - counter = counter + 1: null

2018-12-12 20:09:38 - [TEST_STEP][PASSED] - Statement - PreSaveFile = new java.io.File(((pathPrefix + java.lang.Integer.toString(counter)) + .png)): null

2018-12-12 20:09:38 - [TEST_STEP][PASSED] - Statement - counter = counter + 1: null

2018-12-12 20:09:38 - [TEST_STEP][PASSED] - Statement - PreSaveFile = new java.io.File(((pathPrefix + java.lang.Integer.toString(counter)) + .png)): null

2018-12-12 20:09:38 - [TEST_STEP][PASSED] - Statement - counter = counter + 1: null

2018-12-12 20:09:38 - [TEST_STEP][PASSED] - Statement - PreSaveFile = new java.io.File(((pathPrefix + java.lang.Integer.toString(counter)) + .png)): null

2018-12-12 20:09:38 - [TEST_STEP][PASSED] - Statement - counter = counter + 1: null

2018-12-12 20:09:38 - [TEST_STEP][PASSED] - Statement - PreSaveFile = new java.io.File(((pathPrefix + java.lang.Integer.toString(counter)) + .png)): null

2018-12-12 20:09:38 - [TEST_STEP][PASSED] - Statement - counter = counter + 1: null

2018-12-12 20:09:38 - [TEST_STEP][PASSED] - Statement - PreSaveFile = new java.io.File(((pathPrefix + java.lang.Integer.toString(counter)) + .png)): null

2018-12-12 20:09:38 - [TEST_STEP][PASSED] - Statement - counter = counter + 1: null

2018-12-12 20:09:38 - [TEST_STEP][PASSED] - Statement - PreSaveFile = new java.io.File(((pathPrefix + java.lang.Integer.toString(counter)) + .png)): null

2018-12-12 20:09:38 - [TEST_STEP][PASSED] - Statement - counter = counter + 1: null

2018-12-12 20:09:38 - [TEST_STEP][PASSED] - Statement - PreSaveFile = new java.io.File(((pathPrefix + java.lang.Integer.toString(counter)) + .png)): null

2018-12-12 20:09:38 - [TEST_STEP][PASSED] - Statement - counter = counter + 1: null

2018-12-12 20:09:38 - [TEST_STEP][PASSED] - Statement - PreSaveFile = new java.io.File(((pathPrefix + java.lang.Integer.toString(counter)) + .png)): null

2018-12-12 20:09:38 - [TEST_STEP][PASSED] - Statement - counter = counter + 1: null

2018-12-12 20:09:38 - [TEST_STEP][PASSED] - Statement - PreSaveFile = new java.io.File(((pathPrefix + java.lang.Integer.toString(counter)) + .png)): null

2018-12-12 20:09:38 - [TEST_STEP][PASSED] - Statement - counter = counter + 1: null

2018-12-12 20:09:38 - [TEST_STEP][PASSED] - Statement - PreSaveFile = new java.io.File(((pathPrefix + java.lang.Integer.toString(counter)) + .png)): null

2018-12-12 20:09:38 - [TEST_STEP][PASSED] - Statement - counter = counter + 1: null

2018-12-12 20:09:38 - [TEST_STEP][PASSED] - Statement - PreSaveFile = new java.io.File(((pathPrefix + java.lang.Integer.toString(counter)) + .png)): null

2018-12-12 20:09:38 - [TEST_STEP][PASSED] - Statement - counter = counter + 1: null

2018-12-12 20:09:38 - [TEST_STEP][PASSED] - Statement - PreSaveFile = new java.io.File(((pathPrefix + java.lang.Integer.toString(counter)) + .png)): null

2018-12-12 20:09:38 - [TEST_STEP][PASSED] - Statement - counter = counter + 1: null

2018-12-12 20:09:38 - [TEST_STEP][PASSED] - Statement - PreSaveFile = new java.io.File(((pathPrefix + java.lang.Integer.toString(counter)) + .png)): null

2018-12-12 20:09:38 - [TEST_STEP][PASSED] - Statement - counter = counter + 1: null

2018-12-12 20:09:38 - [TEST_STEP][PASSED] - Statement - PreSaveFile = new java.io.File(((pathPrefix + java.lang.Integer.toString(counter)) + .png)): null

2018-12-12 20:09:38 - [TEST_STEP][PASSED] - Statement - counter = counter + 1: null

2018-12-12 20:09:38 - [TEST_STEP][PASSED] - Statement - PreSaveFile = new java.io.File(((pathPrefix + java.lang.Integer.toString(counter)) + .png)): null

2018-12-12 20:09:38 - [TEST_STEP][PASSED] - Statement - counter = counter + 1: null

2018-12-12 20:09:38 - [TEST_STEP][PASSED] - Statement - PreSaveFile = new java.io.File(((pathPrefix + java.lang.Integer.toString(counter)) + .png)): null

2018-12-12 20:09:38 - [TEST_STEP][PASSED] - Statement - counter = counter + 1: null

2018-12-12 20:09:38 - [TEST_STEP][PASSED] - Statement - PreSaveFile = new java.io.File(((pathPrefix + java.lang.Integer.toString(counter)) + .png)): null

2018-12-12 20:09:38 - [TEST_STEP][PASSED] - Statement - counter = counter + 1: null

2018-12-12 20:09:38 - [TEST_STEP][PASSED] - Statement - PreSaveFile = new java.io.File(((pathPrefix + java.lang.Integer.toString(counter)) + .png)): null

2018-12-12 20:09:38 - [TEST_STEP][PASSED] - Statement - counter = counter + 1: null

2018-12-12 20:09:38 - [TEST_STEP][PASSED] - Statement - PreSaveFile = new java.io.File(((pathPrefix + java.lang.Integer.toString(counter)) + .png)): null

2018-12-12 20:09:38 - [TEST_STEP][PASSED] - Statement - counter = counter + 1: null

2018-12-12 20:09:38 - [TEST_STEP][PASSED] - Statement - PreSaveFile = new java.io.File(((pathPrefix + java.lang.Integer.toString(counter)) + .png)): null

2018-12-12 20:09:38 - [TEST_STEP][PASSED] - Statement - counter = counter + 1: null

2018-12-12 20:09:38 - [TEST_STEP][PASSED] - Statement - PreSaveFile = new java.io.File(((pathPrefix + java.lang.Integer.toString(counter)) + .png)): null

2018-12-12 20:09:38 - [TEST_STEP][PASSED] - Statement - counter = counter + 1: null

2018-12-12 20:09:38 - [TEST_STEP][PASSED] - Statement - PreSaveFile = new java.io.File(((pathPrefix + java.lang.Integer.toString(counter)) + .png)): null

2018-12-12 20:09:38 - [TEST_STEP][PASSED] - Statement - counter = counter + 1: null

2018-12-12 20:09:38 - [TEST_STEP][PASSED] - Statement - PreSaveFile = new java.io.File(((pathPrefix + java.lang.Integer.toString(counter)) + .png)): null

2018-12-12 20:09:38 - [TEST_STEP][PASSED] - Statement - counter = counter + 1: null

2018-12-12 20:09:38 - [TEST_STEP][PASSED] - Statement - PreSaveFile = new java.io.File(((pathPrefix + java.lang.Integer.toString(counter)) + .png)): null

2018-12-12 20:09:38 - [TEST_STEP][PASSED] - Statement - counter = counter + 1: null

2018-12-12 20:09:38 - [TEST_STEP][PASSED] - Statement - PreSaveFile = new java.io.File(((pathPrefix + java.lang.Integer.toString(counter)) + .png)): null

2018-12-12 20:09:38 - [TEST_STEP][PASSED] - Statement - finalPath = pathPrefix + java.lang.Integer.toString(counter) + ".png": null

2018-12-12 20:09:38 - [TEST_STEP][PASSED] - Statement - SaveFile = new java.io.File(finalPath): null

2018-12-12 20:09:38 - [TEST_STEP][PASSED] - Statement - Try: null

2018-12-12 20:09:38 - [TEST_STEP][PASSED] - Statement - org.apache.commons.io.FileUtils.copyFile(scrFile, SaveFile): null

2018-12-12 20:09:38 - [TEST_STEP][PASSED] - Statement - out.println("file kept"): null

2018-12-12 20:09:38 - [TEST_STEP][PASSED] - delay: Delayed 10 second(s)

2018-12-12 20:09:48 - [MESSAGE][PASSED] - Delayed 10 second(s)

2018-12-12 20:09:48 - [MESSAGE][PASSED] - Call Test Case 'Test Cases/Final Aug 2018 - PKS Automation/Registration Module/New Registration/Submit and Screenshot/Submit Registration and Screenshot' successfully

2018-12-12 20:09:48 - [TEST_STEP][PASSED] - callTestCase: Call Test Case 'Test Cases/Final Aug 2018 - PKS Automation/Registration Module/Log Out/log out avoiding katalon tagging' successfully

2018-12-12 20:09:48 - [TEST_CASE][PASSED] - Test Cases/Final Aug 2018 - PKS Automation/Registration Module/Log Out/log out avoiding katalon tagging: Test Cases/Final Aug 2018 - PKS Automation/Registration Module/Log Out/log out avoiding katalon tagging

2018-12-12 20:09:48 - [TEST_STEP][PASSED] - navigateToUrl: Navigate to 'https://assist2-uat.perkeso.gov.my/c/portal/logout' successfully

2018-12-12 20:09:49 - [MESSAGE][PASSED] - Navigate to 'https://assist2-uat.perkeso.gov.my/c/portal/logout' successfully

2018-12-12 20:09:49 - [MESSAGE][PASSED] - Call Test Case 'Test Cases/Final Aug 2018 - PKS Automation/Registration Module/Log Out/log out avoiding katalon tagging' successfully]]></system-out>
         <system-err><![CDATA[2018-12-12 19:58:43 - [TEST_CASE][FAILED] - Test Cases/Final Aug 2018 - PKS Automation/Registration Module/Workflow/New Registration/Employer to RO - RO Under Enforcement: Test Cases/Final Aug 2018 - PKS Automation/Registration Module/Workflow/New Registration/Employer to RO - RO Under Enforcement FAILED because (of) (Stack trace: com.kms.katalon.core.exception.StepFailedException: Unable to set text 'CRN12201800123234' of object 'Object Repository/Final Object Repo/New Registration - Registration Module Pages/New Reg - OTC to RO/Special Case - All Related Objects/TextBox RefNo in Workbasket' (Root cause: org.openqa.selenium.ElementNotVisibleException: element not interactable
  (Session info: chrome=70.0.3538.110)
  (Driver info: chromedriver=2.43.600210 (68dcf5eebde37173d4027fa8635e332711d2874a),platform=Windows NT 6.1.7601 SP1 x86_64) (WARNING: The server did not provide any stacktrace information)
Command duration or timeout: 0 milliseconds
Build info: version: '3.7.1', revision: '8a0099a', time: '2017-11-06T21:07:36.161Z'
System info: host: 'WIN7TEST02', ip: '10.20.3.72', os.name: 'Windows 7', os.arch: 'amd64', os.version: '6.1', java.version: '1.8.0_181'
Driver info: com.kms.katalon.selenium.driver.CChromeDriver
Capabilities {acceptInsecureCerts: false, acceptSslCerts: false, applicationCacheEnabled: false, browserConnectionEnabled: false, browserName: chrome, chrome: {chromedriverVersion: 2.43.600210 (68dcf5eebde371..., userDataDir: C:\Users\Admin\AppData\Loca...}, cssSelectorsEnabled: true, databaseEnabled: false, goog:chromeOptions: {debuggerAddress: localhost:56152}, handlesAlerts: true, hasTouchScreen: false, javascriptEnabled: true, locationContextEnabled: true, mobileEmulationEnabled: false, nativeEvents: true, networkConnectionEnabled: false, pageLoadStrategy: normal, platform: XP, platformName: XP, rotatable: false, setWindowRect: true, takesHeapSnapshot: true, takesScreenshot: true, unexpectedAlertBehaviour: , unhandledPromptBehavior: , version: 70.0.3538.110, webStorageEnabled: true}
Session ID: d3e63838fd74785118e7f8d494b84cfb)
	at com.kms.katalon.core.keyword.internal.KeywordMain.stepFailed(KeywordMain.groovy:32)
	at com.kms.katalon.core.webui.keyword.internal.WebUIKeywordMain.stepFailed(WebUIKeywordMain.groovy:65)
	at com.kms.katalon.core.webui.keyword.internal.WebUIKeywordMain.runKeyword(WebUIKeywordMain.groovy:27)
	at com.kms.katalon.core.webui.keyword.builtin.SetTextKeyword.setText(SetTextKeyword.groovy:65)
	at com.kms.katalon.core.webui.keyword.builtin.SetTextKeyword.execute(SetTextKeyword.groovy:37)
	at com.kms.katalon.core.keyword.internal.KeywordExecutor.executeKeywordForPlatform(KeywordExecutor.groovy:53)
	at com.kms.katalon.core.webui.keyword.WebUiBuiltInKeywords.setText(WebUiBuiltInKeywords.groovy:950)
	at com.kms.katalon.core.webui.keyword.WebUiBuiltInKeywords$setText$1.call(Unknown Source)
	at org.codehaus.groovy.runtime.callsite.CallSiteArray.defaultCall(CallSiteArray.java:48)
	at org.codehaus.groovy.runtime.callsite.AbstractCallSite.call(AbstractCallSite.java:113)
	at org.codehaus.groovy.runtime.callsite.AbstractCallSite.call(AbstractCallSite.java:133)
	at Script1537253675085.run(Script1537253675085.groovy:87)
	at com.kms.katalon.core.main.ScriptEngine.run(ScriptEngine.java:183)
	at com.kms.katalon.core.main.ScriptEngine.runScriptAsRawText(ScriptEngine.java:108)
	at com.kms.katalon.core.main.TestCaseExecutor.runScript(TestCaseExecutor.java:294)
	at com.kms.katalon.core.main.TestCaseExecutor.doExecute(TestCaseExecutor.java:285)
	at com.kms.katalon.core.main.TestCaseExecutor.processExecutionPhase(TestCaseExecutor.java:264)
	at com.kms.katalon.core.main.TestCaseExecutor.accessMainPhase(TestCaseExecutor.java:256)
	at com.kms.katalon.core.main.TestCaseExecutor.execute(TestCaseExecutor.java:200)
	at com.kms.katalon.core.main.TestSuiteExecutor.accessTestCaseMainPhase(TestSuiteExecutor.java:129)
	at com.kms.katalon.core.main.TestSuiteExecutor.accessTestSuiteMainPhase(TestSuiteExecutor.java:112)
	at com.kms.katalon.core.main.TestSuiteExecutor.execute(TestSuiteExecutor.java:81)
	at com.kms.katalon.core.main.TestCaseMain.startTestSuite(TestCaseMain.java:142)
	at com.kms.katalon.core.main.TestCaseMain$startTestSuite$0.call(Unknown Source)
	at org.codehaus.groovy.runtime.callsite.CallSiteArray.defaultCall(CallSiteArray.java:48)
	at org.codehaus.groovy.runtime.callsite.AbstractCallSite.call(AbstractCallSite.java:113)
	at org.codehaus.groovy.runtime.callsite.AbstractCallSite.call(AbstractCallSite.java:141)
	at TempTestSuite1544598049714.run(TempTestSuite1544598049714.groovy:36)
	at groovy.lang.GroovyShell.runScriptOrMainOrTestOrRunnable(GroovyShell.java:263)
	at groovy.lang.GroovyShell.run(GroovyShell.java:518)
	at groovy.lang.GroovyShell.run(GroovyShell.java:507)
	at groovy.ui.GroovyMain.processOnce(GroovyMain.java:653)
	at groovy.ui.GroovyMain.run(GroovyMain.java:384)
	at groovy.ui.GroovyMain.process(GroovyMain.java:370)
	at groovy.ui.GroovyMain.processArgs(GroovyMain.java:129)
	at groovy.ui.GroovyMain.main(GroovyMain.java:109)
	at sun.reflect.NativeMethodAccessorImpl.invoke0(Native Method)
	at sun.reflect.NativeMethodAccessorImpl.invoke(NativeMethodAccessorImpl.java:62)
	at sun.reflect.DelegatingMethodAccessorImpl.invoke(DelegatingMethodAccessorImpl.java:43)
	at java.lang.reflect.Method.invoke(Method.java:498)
	at org.codehaus.groovy.tools.GroovyStarter.rootLoader(GroovyStarter.java:109)
	at org.codehaus.groovy.tools.GroovyStarter.main(GroovyStarter.java:131)
)]]></system-err>
      </testcase>
      <testcase name="Test Cases/Final Aug 2018 - PKS Automation/Registration Module/Workflow/New Registration/OTC - PKR BO - RO Query (Routed 2 Time)" classname="Test Cases/Final Aug 2018 - PKS Automation/Registration Module/Workflow/New Registration/OTC - PKR BO - RO Query (Routed 2 Time)" status="FAILED">
         <failure type="FAILED" message="(Stack trace: com.kms.katalon.core.exception.StepFailedException: Unable to click on object 'Object Repository/Final Object Repo/New Registration - Registration Module Pages/New Reg - OTC to RO/Special Case - All Related Objects/Continue Button in verifying case' (Root cause: org.openqa.selenium.ElementNotVisibleException: element not interactable
  (Session info: chrome=70.0.3538.110)
  (Driver info: chromedriver=2.43.600210 (68dcf5eebde37173d4027fa8635e332711d2874a),platform=Windows NT 6.1.7601 SP1 x86_64) (WARNING: The server did not provide any stacktrace information)
Command duration or timeout: 0 milliseconds
Build info: version: '3.7.1', revision: '8a0099a', time: '2017-11-06T21:07:36.161Z'
System info: host: 'WIN7TEST02', ip: '10.20.3.72', os.name: 'Windows 7', os.arch: 'amd64', os.version: '6.1', java.version: '1.8.0_181'
Driver info: com.kms.katalon.selenium.driver.CChromeDriver
Capabilities {acceptInsecureCerts: false, acceptSslCerts: false, applicationCacheEnabled: false, browserConnectionEnabled: false, browserName: chrome, chrome: {chromedriverVersion: 2.43.600210 (68dcf5eebde371..., userDataDir: C:\Users\Admin\AppData\Loca...}, cssSelectorsEnabled: true, databaseEnabled: false, goog:chromeOptions: {debuggerAddress: localhost:56308}, handlesAlerts: true, hasTouchScreen: false, javascriptEnabled: true, locationContextEnabled: true, mobileEmulationEnabled: false, nativeEvents: true, networkConnectionEnabled: false, pageLoadStrategy: normal, platform: XP, platformName: XP, rotatable: false, setWindowRect: true, takesHeapSnapshot: true, takesScreenshot: true, unexpectedAlertBehaviour: , unhandledPromptBehavior: , version: 70.0.3538.110, webStorageEnabled: true}
Session ID: 9d7cb5218fee9cf670a9febee69b805b)
	at com.kms.katalon.core.keyword.internal.KeywordMain.stepFailed(KeywordMain.groovy:32)
	at com.kms.katalon.core.webui.keyword.internal.WebUIKeywordMain.stepFailed(WebUIKeywordMain.groovy:65)
	at com.kms.katalon.core.webui.keyword.internal.WebUIKeywordMain.runKeyword(WebUIKeywordMain.groovy:27)
	at com.kms.katalon.core.webui.keyword.builtin.ClickKeyword.click(ClickKeyword.groovy:86)
	at com.kms.katalon.core.webui.keyword.builtin.ClickKeyword.execute(ClickKeyword.groovy:67)
	at com.kms.katalon.core.keyword.internal.KeywordExecutor.executeKeywordForPlatform(KeywordExecutor.groovy:53)
	at com.kms.katalon.core.webui.keyword.WebUiBuiltInKeywords.click(WebUiBuiltInKeywords.groovy:616)
	at com.kms.katalon.core.webui.keyword.WebUiBuiltInKeywords$click$2.call(Unknown Source)
	at org.codehaus.groovy.runtime.callsite.CallSiteArray.defaultCall(CallSiteArray.java:48)
	at org.codehaus.groovy.runtime.callsite.AbstractCallSite.call(AbstractCallSite.java:113)
	at org.codehaus.groovy.runtime.callsite.AbstractCallSite.call(AbstractCallSite.java:125)
	at Script1535599531593.run(Script1535599531593.groovy:167)
	at com.kms.katalon.core.main.ScriptEngine.run(ScriptEngine.java:183)
	at com.kms.katalon.core.main.ScriptEngine.runScriptAsRawText(ScriptEngine.java:108)
	at com.kms.katalon.core.main.TestCaseExecutor.runScript(TestCaseExecutor.java:294)
	at com.kms.katalon.core.main.TestCaseExecutor.doExecute(TestCaseExecutor.java:285)
	at com.kms.katalon.core.main.TestCaseExecutor.processExecutionPhase(TestCaseExecutor.java:264)
	at com.kms.katalon.core.main.TestCaseExecutor.accessMainPhase(TestCaseExecutor.java:256)
	at com.kms.katalon.core.main.TestCaseExecutor.execute(TestCaseExecutor.java:200)
	at com.kms.katalon.core.main.TestSuiteExecutor.accessTestCaseMainPhase(TestSuiteExecutor.java:129)
	at com.kms.katalon.core.main.TestSuiteExecutor.accessTestSuiteMainPhase(TestSuiteExecutor.java:112)
	at com.kms.katalon.core.main.TestSuiteExecutor.execute(TestSuiteExecutor.java:81)
	at com.kms.katalon.core.main.TestCaseMain.startTestSuite(TestCaseMain.java:142)
	at com.kms.katalon.core.main.TestCaseMain$startTestSuite$0.call(Unknown Source)
	at org.codehaus.groovy.runtime.callsite.CallSiteArray.defaultCall(CallSiteArray.java:48)
	at org.codehaus.groovy.runtime.callsite.AbstractCallSite.call(AbstractCallSite.java:113)
	at org.codehaus.groovy.runtime.callsite.AbstractCallSite.call(AbstractCallSite.java:141)
	at TempTestSuite1544598049714.run(TempTestSuite1544598049714.groovy:36)
	at groovy.lang.GroovyShell.runScriptOrMainOrTestOrRunnable(GroovyShell.java:263)
	at groovy.lang.GroovyShell.run(GroovyShell.java:518)
	at groovy.lang.GroovyShell.run(GroovyShell.java:507)
	at groovy.ui.GroovyMain.processOnce(GroovyMain.java:653)
	at groovy.ui.GroovyMain.run(GroovyMain.java:384)
	at groovy.ui.GroovyMain.process(GroovyMain.java:370)
	at groovy.ui.GroovyMain.processArgs(GroovyMain.java:129)
	at groovy.ui.GroovyMain.main(GroovyMain.java:109)
	at sun.reflect.NativeMethodAccessorImpl.invoke0(Native Method)
	at sun.reflect.NativeMethodAccessorImpl.invoke(NativeMethodAccessorImpl.java:62)
	at sun.reflect.DelegatingMethodAccessorImpl.invoke(DelegatingMethodAccessorImpl.java:43)
	at java.lang.reflect.Method.invoke(Method.java:498)
	at org.codehaus.groovy.tools.GroovyStarter.rootLoader(GroovyStarter.java:109)
	at org.codehaus.groovy.tools.GroovyStarter.main(GroovyStarter.java:131)
)"/>
         <system-out><![CDATA[2018-12-12 20:09:49 - [TEST_CASE][FAILED] - Test Cases/Final Aug 2018 - PKS Automation/Registration Module/Workflow/New Registration/OTC - PKR BO - RO Query (Routed 2 Time): Test Cases/Final Aug 2018 - PKS Automation/Registration Module/Workflow/New Registration/OTC - PKR BO - RO Query (Routed 2 Time) FAILED because (of) (Stack trace: com.kms.katalon.core.exception.StepFailedException: Unable to click on object 'Object Repository/Final Object Repo/New Registration - Registration Module Pages/New Reg - OTC to RO/Special Case - All Related Objects/Continue Button in verifying case' (Root cause: org.openqa.selenium.ElementNotVisibleException: element not interactable
  (Session info: chrome=70.0.3538.110)
  (Driver info: chromedriver=2.43.600210 (68dcf5eebde37173d4027fa8635e332711d2874a),platform=Windows NT 6.1.7601 SP1 x86_64) (WARNING: The server did not provide any stacktrace information)
Command duration or timeout: 0 milliseconds
Build info: version: '3.7.1', revision: '8a0099a', time: '2017-11-06T21:07:36.161Z'
System info: host: 'WIN7TEST02', ip: '10.20.3.72', os.name: 'Windows 7', os.arch: 'amd64', os.version: '6.1', java.version: '1.8.0_181'
Driver info: com.kms.katalon.selenium.driver.CChromeDriver
Capabilities {acceptInsecureCerts: false, acceptSslCerts: false, applicationCacheEnabled: false, browserConnectionEnabled: false, browserName: chrome, chrome: {chromedriverVersion: 2.43.600210 (68dcf5eebde371..., userDataDir: C:\Users\Admin\AppData\Loca...}, cssSelectorsEnabled: true, databaseEnabled: false, goog:chromeOptions: {debuggerAddress: localhost:56308}, handlesAlerts: true, hasTouchScreen: false, javascriptEnabled: true, locationContextEnabled: true, mobileEmulationEnabled: false, nativeEvents: true, networkConnectionEnabled: false, pageLoadStrategy: normal, platform: XP, platformName: XP, rotatable: false, setWindowRect: true, takesHeapSnapshot: true, takesScreenshot: true, unexpectedAlertBehaviour: , unhandledPromptBehavior: , version: 70.0.3538.110, webStorageEnabled: true}
Session ID: 9d7cb5218fee9cf670a9febee69b805b)
	at com.kms.katalon.core.keyword.internal.KeywordMain.stepFailed(KeywordMain.groovy:32)
	at com.kms.katalon.core.webui.keyword.internal.WebUIKeywordMain.stepFailed(WebUIKeywordMain.groovy:65)
	at com.kms.katalon.core.webui.keyword.internal.WebUIKeywordMain.runKeyword(WebUIKeywordMain.groovy:27)
	at com.kms.katalon.core.webui.keyword.builtin.ClickKeyword.click(ClickKeyword.groovy:86)
	at com.kms.katalon.core.webui.keyword.builtin.ClickKeyword.execute(ClickKeyword.groovy:67)
	at com.kms.katalon.core.keyword.internal.KeywordExecutor.executeKeywordForPlatform(KeywordExecutor.groovy:53)
	at com.kms.katalon.core.webui.keyword.WebUiBuiltInKeywords.click(WebUiBuiltInKeywords.groovy:616)
	at com.kms.katalon.core.webui.keyword.WebUiBuiltInKeywords$click$2.call(Unknown Source)
	at org.codehaus.groovy.runtime.callsite.CallSiteArray.defaultCall(CallSiteArray.java:48)
	at org.codehaus.groovy.runtime.callsite.AbstractCallSite.call(AbstractCallSite.java:113)
	at org.codehaus.groovy.runtime.callsite.AbstractCallSite.call(AbstractCallSite.java:125)
	at Script1535599531593.run(Script1535599531593.groovy:167)
	at com.kms.katalon.core.main.ScriptEngine.run(ScriptEngine.java:183)
	at com.kms.katalon.core.main.ScriptEngine.runScriptAsRawText(ScriptEngine.java:108)
	at com.kms.katalon.core.main.TestCaseExecutor.runScript(TestCaseExecutor.java:294)
	at com.kms.katalon.core.main.TestCaseExecutor.doExecute(TestCaseExecutor.java:285)
	at com.kms.katalon.core.main.TestCaseExecutor.processExecutionPhase(TestCaseExecutor.java:264)
	at com.kms.katalon.core.main.TestCaseExecutor.accessMainPhase(TestCaseExecutor.java:256)
	at com.kms.katalon.core.main.TestCaseExecutor.execute(TestCaseExecutor.java:200)
	at com.kms.katalon.core.main.TestSuiteExecutor.accessTestCaseMainPhase(TestSuiteExecutor.java:129)
	at com.kms.katalon.core.main.TestSuiteExecutor.accessTestSuiteMainPhase(TestSuiteExecutor.java:112)
	at com.kms.katalon.core.main.TestSuiteExecutor.execute(TestSuiteExecutor.java:81)
	at com.kms.katalon.core.main.TestCaseMain.startTestSuite(TestCaseMain.java:142)
	at com.kms.katalon.core.main.TestCaseMain$startTestSuite$0.call(Unknown Source)
	at org.codehaus.groovy.runtime.callsite.CallSiteArray.defaultCall(CallSiteArray.java:48)
	at org.codehaus.groovy.runtime.callsite.AbstractCallSite.call(AbstractCallSite.java:113)
	at org.codehaus.groovy.runtime.callsite.AbstractCallSite.call(AbstractCallSite.java:141)
	at TempTestSuite1544598049714.run(TempTestSuite1544598049714.groovy:36)
	at groovy.lang.GroovyShell.runScriptOrMainOrTestOrRunnable(GroovyShell.java:263)
	at groovy.lang.GroovyShell.run(GroovyShell.java:518)
	at groovy.lang.GroovyShell.run(GroovyShell.java:507)
	at groovy.ui.GroovyMain.processOnce(GroovyMain.java:653)
	at groovy.ui.GroovyMain.run(GroovyMain.java:384)
	at groovy.ui.GroovyMain.process(GroovyMain.java:370)
	at groovy.ui.GroovyMain.processArgs(GroovyMain.java:129)
	at groovy.ui.GroovyMain.main(GroovyMain.java:109)
	at sun.reflect.NativeMethodAccessorImpl.invoke0(Native Method)
	at sun.reflect.NativeMethodAccessorImpl.invoke(NativeMethodAccessorImpl.java:62)
	at sun.reflect.DelegatingMethodAccessorImpl.invoke(DelegatingMethodAccessorImpl.java:43)
	at java.lang.reflect.Method.invoke(Method.java:498)
	at org.codehaus.groovy.tools.GroovyStarter.rootLoader(GroovyStarter.java:109)
	at org.codehaus.groovy.tools.GroovyStarter.main(GroovyStarter.java:131)
)

2018-12-12 20:09:49 - [TEST_STEP][PASSED] - callTestCase: Call Test Case 'Test Cases/Final Aug 2018 - PKS Automation/Registration Module/Workflow/New Registration/Template/Special Case - OTC - Form 1' successfully

2018-12-12 20:09:49 - [TEST_CASE][PASSED] - Test Cases/Final Aug 2018 - PKS Automation/Registration Module/Workflow/New Registration/Template/Special Case - OTC - Form 1: Test Cases/Final Aug 2018 - PKS Automation/Registration Module/Workflow/New Registration/Template/Special Case - OTC - Form 1

2018-12-12 20:09:49 - [TEST_STEP][PASSED] - openBrowser: Browser is opened with url: ''

2018-12-12 20:09:49 - [MESSAGE][WARNING] - A browser is already opened. Closing browser and opening a new one

2018-12-12 20:09:53 - [MESSAGE][PASSED] - Browser is opened with url: ''

2018-12-12 20:09:53 - [TEST_STEP][PASSED] - navigateToUrl: Navigate to 'https://assist2-uat.perkeso.gov.my/login' successfully

2018-12-12 20:09:54 - [MESSAGE][PASSED] - Navigate to 'https://assist2-uat.perkeso.gov.my/login' successfully

2018-12-12 20:09:54 - [TEST_STEP][PASSED] - delay: Delayed 2 second(s)

2018-12-12 20:09:56 - [MESSAGE][PASSED] - Delayed 2 second(s)

2018-12-12 20:09:56 - [TEST_STEP][PASSED] - setText: Text 'klotc2@gmail.com' is set on object 'Object Repository/Final Object Repo/Login Page/Internal User/Email Address'

2018-12-12 20:09:56 - [MESSAGE][PASSED] - Text 'klotc2@gmail.com' is set on object 'Object Repository/Final Object Repo/Login Page/Internal User/Email Address'

2018-12-12 20:09:56 - [TEST_STEP][PASSED] - click: Object: 'Object Repository/Final Object Repo/Login Page/Internal User/Next Button' is clicked on

2018-12-12 20:09:57 - [MESSAGE][PASSED] - Object: 'Object Repository/Final Object Repo/Login Page/Internal User/Next Button' is clicked on

2018-12-12 20:09:57 - [TEST_STEP][PASSED] - delay: Delayed 2 second(s)

2018-12-12 20:09:59 - [MESSAGE][PASSED] - Delayed 2 second(s)

2018-12-12 20:09:59 - [TEST_STEP][PASSED] - setText: Text 'Test1@3456789' is set on object 'Object Repository/Final Object Repo/Login Page/Internal User/Password'

2018-12-12 20:09:59 - [MESSAGE][PASSED] - Text 'Test1@3456789' is set on object 'Object Repository/Final Object Repo/Login Page/Internal User/Password'

2018-12-12 20:09:59 - [TEST_STEP][PASSED] - delay: Delayed 2 second(s)

2018-12-12 20:10:01 - [MESSAGE][PASSED] - Delayed 2 second(s)

2018-12-12 20:10:01 - [TEST_STEP][PASSED] - click: Object: 'Object Repository/Final Object Repo/Login Page/Internal User/Login Button' is clicked on

2018-12-12 20:10:01 - [MESSAGE][PASSED] - Object: 'Object Repository/Final Object Repo/Login Page/Internal User/Login Button' is clicked on

2018-12-12 20:10:01 - [TEST_STEP][PASSED] - Statement - Try: null

2018-12-12 20:10:01 - [TEST_STEP][PASSED] - Statement - Checker = com.kms.katalon.core.webui.keyword.WebUiBuiltInKeywords.verifyElementNotPresent("Final Object Repo/Landing Page/Select to English", 3): null

2018-12-12 20:10:01 - [TEST_STEP][PASSED] - Statement - Catch (Exception e): null

2018-12-12 20:10:01 - [TEST_STEP][PASSED] - Statement - e.printStackTrace(): null

2018-12-12 20:10:01 - [TEST_STEP][PASSED] - delay: Delayed 5 second(s)

2018-12-12 20:10:06 - [MESSAGE][PASSED] - Delayed 5 second(s)

2018-12-12 20:10:06 - [TEST_STEP][PASSED] - click: Object: 'Object Repository/Final Object Repo/Landing Page/My Sites Drop Down' is clicked on

2018-12-12 20:10:06 - [MESSAGE][PASSED] - Object: 'Object Repository/Final Object Repo/Landing Page/My Sites Drop Down' is clicked on

2018-12-12 20:10:06 - [TEST_STEP][PASSED] - click: Object: 'Object Repository/Final Object Repo/Landing Page/Select to Registration Module' is clicked on

2018-12-12 20:10:07 - [MESSAGE][PASSED] - Object: 'Object Repository/Final Object Repo/Landing Page/Select to Registration Module' is clicked on

2018-12-12 20:10:07 - [TEST_STEP][PASSED] - click: Object: 'Object Repository/Final Object Repo/Landing Page/Registration Button' is clicked on

2018-12-12 20:10:09 - [MESSAGE][PASSED] - Object: 'Object Repository/Final Object Repo/Landing Page/Registration Button' is clicked on

2018-12-12 20:10:09 - [TEST_STEP][PASSED] - delay: Delayed 2 second(s)

2018-12-12 20:10:11 - [MESSAGE][PASSED] - Delayed 2 second(s)

2018-12-12 20:10:11 - [TEST_STEP][PASSED] - click: Object: 'Object Repository/Final Object Repo/New Registration - Registration Module Pages/New Reg - OTC to RO/Special Case - OTC - Form 1/AEC NO' is clicked on

2018-12-12 20:10:11 - [MESSAGE][PASSED] - Object: 'Object Repository/Final Object Repo/New Registration - Registration Module Pages/New Reg - OTC to RO/Special Case - OTC - Form 1/AEC NO' is clicked on

2018-12-12 20:10:11 - [TEST_STEP][PASSED] - click: Object: 'Object Repository/Final Object Repo/New Registration - Registration Module Pages/New Reg - OTC to RO/Special Case - OTC - Form 1/Business Entity - Please Select' is clicked on

2018-12-12 20:10:11 - [MESSAGE][PASSED] - Object: 'Object Repository/Final Object Repo/New Registration - Registration Module Pages/New Reg - OTC to RO/Special Case - OTC - Form 1/Business Entity - Please Select' is clicked on

2018-12-12 20:10:11 - [TEST_STEP][PASSED] - click: Object: 'Object Repository/Final Object Repo/New Registration - Registration Module Pages/New Reg - OTC to RO/Special Case - OTC - Form 1/Selected - Corporation' is clicked on

2018-12-12 20:10:11 - [MESSAGE][PASSED] - Object: 'Object Repository/Final Object Repo/New Registration - Registration Module Pages/New Reg - OTC to RO/Special Case - OTC - Form 1/Selected - Corporation' is clicked on

2018-12-12 20:10:11 - [TEST_STEP][PASSED] - delay: Delayed 2 second(s)

2018-12-12 20:10:13 - [MESSAGE][PASSED] - Delayed 2 second(s)

2018-12-12 20:10:13 - [TEST_STEP][PASSED] - click: Object: 'Object Repository/Final Object Repo/New Registration - Registration Module Pages/New Reg - OTC to RO/Special Case - OTC - Form 1/Sub Business Entity - Please Select' is clicked on

2018-12-12 20:10:13 - [MESSAGE][PASSED] - Object: 'Object Repository/Final Object Repo/New Registration - Registration Module Pages/New Reg - OTC to RO/Special Case - OTC - Form 1/Sub Business Entity - Please Select' is clicked on

2018-12-12 20:10:13 - [TEST_STEP][PASSED] - delay: Delayed 2 second(s)

2018-12-12 20:10:15 - [MESSAGE][PASSED] - Delayed 2 second(s)

2018-12-12 20:10:15 - [TEST_STEP][PASSED] - click: Object: 'Object Repository/Final Object Repo/New Registration - Registration Module Pages/New Reg - OTC to RO/Special Case - OTC - Form 1/Selected - Sendirian Berhad' is clicked on

2018-12-12 20:10:16 - [MESSAGE][PASSED] - Object: 'Object Repository/Final Object Repo/New Registration - Registration Module Pages/New Reg - OTC to RO/Special Case - OTC - Form 1/Selected - Sendirian Berhad' is clicked on

2018-12-12 20:10:16 - [TEST_STEP][PASSED] - setText: Text 'AUTOMATE001' is set on object 'Object Repository/Final Object Repo/New Registration - Registration Module Pages/New Reg - OTC to RO/Special Case - OTC - Form 1/Input BRN Number'

2018-12-12 20:10:16 - [MESSAGE][PASSED] - Text 'AUTOMATE001' is set on object 'Object Repository/Final Object Repo/New Registration - Registration Module Pages/New Reg - OTC to RO/Special Case - OTC - Form 1/Input BRN Number'

2018-12-12 20:10:16 - [TEST_STEP][PASSED] - delay: Delayed 2 second(s)

2018-12-12 20:10:18 - [MESSAGE][PASSED] - Delayed 2 second(s)

2018-12-12 20:10:18 - [TEST_STEP][PASSED] - click: Object: 'Object Repository/Final Object Repo/New Registration - Registration Module Pages/New Reg - OTC to RO/Special Case - OTC - Form 1/BRN Search' is clicked on

2018-12-12 20:10:18 - [MESSAGE][PASSED] - Object: 'Object Repository/Final Object Repo/New Registration - Registration Module Pages/New Reg - OTC to RO/Special Case - OTC - Form 1/BRN Search' is clicked on

2018-12-12 20:10:18 - [TEST_STEP][PASSED] - delay: Delayed 4 second(s)

2018-12-12 20:10:22 - [MESSAGE][PASSED] - Delayed 4 second(s)

2018-12-12 20:10:22 - [TEST_STEP][PASSED] - click: Object: 'Object Repository/Final Object Repo/New Registration - Registration Module Pages/New Reg - OTC to RO/Special Case - OTC - Form 1/Registered with SSM - After Feb 2017' is clicked on

2018-12-12 20:10:23 - [MESSAGE][PASSED] - Object: 'Object Repository/Final Object Repo/New Registration - Registration Module Pages/New Reg - OTC to RO/Special Case - OTC - Form 1/Registered with SSM - After Feb 2017' is clicked on

2018-12-12 20:10:23 - [TEST_STEP][PASSED] - delay: Delayed 2 second(s)

2018-12-12 20:10:25 - [MESSAGE][PASSED] - Delayed 2 second(s)

2018-12-12 20:10:25 - [TEST_STEP][PASSED] - click: Object: 'Object Repository/Final Object Repo/New Registration - Registration Module Pages/New Reg - OTC to RO/Special Case - OTC - Form 1/Registering As A Branch - No' is clicked on

2018-12-12 20:10:25 - [MESSAGE][PASSED] - Object: 'Object Repository/Final Object Repo/New Registration - Registration Module Pages/New Reg - OTC to RO/Special Case - OTC - Form 1/Registering As A Branch - No' is clicked on

2018-12-12 20:10:25 - [TEST_STEP][PASSED] - click: Object: 'Object Repository/Final Object Repo/New Registration - Registration Module Pages/New Reg - OTC to RO/Special Case - OTC - Form 1/Acknowledgement Ticked' is clicked on

2018-12-12 20:10:25 - [MESSAGE][PASSED] - Object: 'Object Repository/Final Object Repo/New Registration - Registration Module Pages/New Reg - OTC to RO/Special Case - OTC - Form 1/Acknowledgement Ticked' is clicked on

2018-12-12 20:10:25 - [TEST_STEP][PASSED] - click: Object: 'Object Repository/Final Object Repo/New Registration - Registration Module Pages/New Reg - OTC to RO/Special Case - OTC - Form 1/Submit Button' is clicked on

2018-12-12 20:10:25 - [MESSAGE][PASSED] - Object: 'Object Repository/Final Object Repo/New Registration - Registration Module Pages/New Reg - OTC to RO/Special Case - OTC - Form 1/Submit Button' is clicked on

2018-12-12 20:10:25 - [TEST_STEP][PASSED] - delay: Delayed 2 second(s)

2018-12-12 20:10:27 - [MESSAGE][PASSED] - Delayed 2 second(s)

2018-12-12 20:10:27 - [TEST_STEP][PASSED] - click: Object: 'Object Repository/Final Object Repo/New Registration - Registration Module Pages/New Reg - OTC to RO/Special Case - OTC - Form 1/Confirm No Flagging as Branch' is clicked on

2018-12-12 20:10:27 - [MESSAGE][PASSED] - Object: 'Object Repository/Final Object Repo/New Registration - Registration Module Pages/New Reg - OTC to RO/Special Case - OTC - Form 1/Confirm No Flagging as Branch' is clicked on

2018-12-12 20:10:27 - [MESSAGE][PASSED] - Call Test Case 'Test Cases/Final Aug 2018 - PKS Automation/Registration Module/Workflow/New Registration/Template/Special Case - OTC - Form 1' successfully

2018-12-12 20:10:27 - [TEST_STEP][PASSED] - callTestCase: Call Test Case 'Test Cases/Final Aug 2018 - PKS Automation/Registration Module/New Registration/Form 2/Add 1 Eligible - Incomplete' successfully

2018-12-12 20:10:27 - [TEST_CASE][PASSED] - Test Cases/Final Aug 2018 - PKS Automation/Registration Module/New Registration/Form 2/Add 1 Eligible - Incomplete: Test Cases/Final Aug 2018 - PKS Automation/Registration Module/New Registration/Form 2/Add 1 Eligible - Incomplete

2018-12-12 20:10:27 - [TEST_STEP][PASSED] - delay: Delayed 2 second(s)

2018-12-12 20:10:29 - [MESSAGE][PASSED] - Delayed 2 second(s)

2018-12-12 20:10:29 - [TEST_STEP][PASSED] - callTestCase: Call Test Case 'Test Cases/Final Aug 2018 - PKS Automation/Registration Module/New Registration/Form 2/Date Updater' successfully

2018-12-12 20:10:29 - [TEST_CASE][PASSED] - Test Cases/Final Aug 2018 - PKS Automation/Registration Module/New Registration/Form 2/Date Updater: Test Cases/Final Aug 2018 - PKS Automation/Registration Module/New Registration/Form 2/Date Updater

2018-12-12 20:10:29 - [TEST_STEP][PASSED] - Statement - TodayDate = new java.util.Date(): null

2018-12-12 20:10:29 - [TEST_STEP][PASSED] - Statement - CurrentDateNoFilter = new java.text.SimpleDateFormat(): null

2018-12-12 20:10:29 - [TEST_STEP][PASSED] - Statement - CurrentDateNoFilter.applyPattern("MM"): null

2018-12-12 20:10:29 - [TEST_STEP][PASSED] - Statement - monthContainerMatcher = java.lang.Integer.parseInt(CurrentDateNoFilter.format(TodayDate)): null

2018-12-12 20:10:29 - [TEST_STEP][PASSED] - Statement - monthContainerMatcher = monthContainerMatcher - 1: null

2018-12-12 20:10:29 - [TEST_STEP][PASSED] - Statement - CurrentMonth = monthContainerMatcher.toString(): null

2018-12-12 20:10:29 - [TEST_STEP][PASSED] - Statement - CurrentMonth = CurrentMonth: null

2018-12-12 20:10:29 - [TEST_STEP][PASSED] - Statement - CurrentDateNoFilter.applyPattern("yyyy"): null

2018-12-12 20:10:29 - [TEST_STEP][PASSED] - Statement - CurrentYear = CurrentDateNoFilter.format(TodayDate): null

2018-12-12 20:10:29 - [TEST_STEP][PASSED] - Statement - CurrentYear = CurrentYear: null

2018-12-12 20:10:29 - [TEST_STEP][PASSED] - Statement - intCurrentYear = java.lang.Integer.parseInt(CurrentDateNoFilter.format(TodayDate)): null

2018-12-12 20:10:29 - [TEST_STEP][PASSED] - Statement - eighteenYrsAgo = intCurrentYear - 18: null

2018-12-12 20:10:29 - [TEST_STEP][PASSED] - Statement - eighteenYrsBeforeThisYr = eighteenYrsAgo.toString(): null

2018-12-12 20:10:29 - [TEST_STEP][PASSED] - Statement - EighteenYrsBefore = eighteenYrsBeforeThisYr: null

2018-12-12 20:10:29 - [TEST_STEP][PASSED] - Statement - fiftysevenYrsAgo = intCurrentYear - 57: null

2018-12-12 20:10:29 - [TEST_STEP][PASSED] - Statement - fiftysevenYrsBeforeThisYr = fiftysevenYrsAgo.toString(): null

2018-12-12 20:10:29 - [TEST_STEP][PASSED] - Statement - FiftysevenYrsBefore = fiftysevenYrsBeforeThisYr: null

2018-12-12 20:10:29 - [TEST_STEP][PASSED] - Statement - leapYear = false: null

2018-12-12 20:10:29 - [TEST_STEP][PASSED] - Statement - leapYear = intCurrentYear % 4 == 0: null

2018-12-12 20:10:29 - [TEST_STEP][PASSED] - Statement - CurrentDateNoFilter.applyPattern("dd"): null

2018-12-12 20:10:29 - [TEST_STEP][PASSED] - Statement - CurrentDate = CurrentDateNoFilter.format(TodayDate): null

2018-12-12 20:10:29 - [TEST_STEP][PASSED] - Statement - CurrentDate = java.lang.Integer.parseInt(CurrentDate): null

2018-12-12 20:10:29 - [TEST_STEP][PASSED] - Statement - CurrentDate = CurrentDate: null

2018-12-12 20:10:29 - [TEST_STEP][PASSED] - Statement - CurrentDay = java.lang.Integer.parseInt(CurrentDate): null

2018-12-12 20:10:29 - [TEST_STEP][PASSED] - Statement - ConfAdder = <not implemented yet for class: org.codehaus.groovy.ast.expr.EmptyExpression>: null

2018-12-12 20:10:29 - [TEST_STEP][PASSED] - Statement - out.println(CurrentMonth): null

2018-12-12 20:10:29 - [TEST_STEP][PASSED] - Statement - out.println(CurrentDate): null

2018-12-12 20:10:29 - [TEST_STEP][PASSED] - Statement - switch (CurrentDate): null

2018-12-12 20:10:29 - [TEST_STEP][PASSED] - Statement - Default: null

2018-12-12 20:10:29 - [TEST_STEP][PASSED] - Statement - ConfAdder = true: null

2018-12-12 20:10:29 - [TEST_STEP][PASSED] - Statement - Break: null

2018-12-12 20:10:29 - [TEST_STEP][PASSED] - Statement - aDayBefore = <not implemented yet for class: org.codehaus.groovy.ast.expr.EmptyExpression>: null

2018-12-12 20:10:29 - [TEST_STEP][PASSED] - Statement - out.println(ConfAdder): null

2018-12-12 20:10:29 - [TEST_STEP][PASSED] - Statement - If (ConfAdder == true): null

2018-12-12 20:10:29 - [TEST_STEP][PASSED] - Statement - aDayBefore = CurrentDay + 1: null

2018-12-12 20:10:29 - [TEST_STEP][PASSED] - Statement - out.println(aDayBefore): null

2018-12-12 20:10:29 - [TEST_STEP][PASSED] - Statement - If (aDayBefore == 1 && CurrentMonth == 11): null

2018-12-12 20:10:29 - [TEST_STEP][PASSED] - Statement - DayBefore = aDayBefore.toString(): null

2018-12-12 20:10:29 - [TEST_STEP][PASSED] - Statement - OneDayBefore = DayBefore: null

2018-12-12 20:10:29 - [MESSAGE][PASSED] - Call Test Case 'Test Cases/Final Aug 2018 - PKS Automation/Registration Module/New Registration/Form 2/Date Updater' successfully

2018-12-12 20:10:29 - [TEST_STEP][PASSED] - Statement - CaseReferenceNo = com.kms.katalon.core.webui.keyword.WebUiBuiltInKeywords.getText(com.kms.katalon.core.testobject.ObjectRepository.findTestObject(Final Object Repo/New Registration - Registration Module Pages/Form 2/RefNo Acquiring)): Text of object 'Object Repository/Final Object Repo/New Registration - Registration Module Pages/Form 2/RefNo Acquiring' is: 'CRN12201800123235'

2018-12-12 20:10:29 - [MESSAGE][PASSED] - Text of object 'Object Repository/Final Object Repo/New Registration - Registration Module Pages/Form 2/RefNo Acquiring' is: 'CRN12201800123235'

2018-12-12 20:10:29 - [TEST_STEP][PASSED] - delay: Delayed 4 second(s)

2018-12-12 20:10:33 - [MESSAGE][PASSED] - Delayed 4 second(s)

2018-12-12 20:10:33 - [TEST_STEP][PASSED] - click: Object: 'Object Repository/Final Object Repo/New Registration - Registration Module Pages/Form 2/Add Employee Button' is clicked on

2018-12-12 20:10:34 - [MESSAGE][PASSED] - Object: 'Object Repository/Final Object Repo/New Registration - Registration Module Pages/Form 2/Add Employee Button' is clicked on

2018-12-12 20:10:34 - [TEST_STEP][PASSED] - delay: Delayed 1 second(s)

2018-12-12 20:10:35 - [MESSAGE][PASSED] - Delayed 1 second(s)

2018-12-12 20:10:35 - [TEST_STEP][PASSED] - setText: Text '010903091984' is set on object 'Object Repository/Final Object Repo/New Registration - Registration Module Pages/Form 2/NRIC Input'

2018-12-12 20:10:35 - [MESSAGE][PASSED] - Text '010903091984' is set on object 'Object Repository/Final Object Repo/New Registration - Registration Module Pages/Form 2/NRIC Input'

2018-12-12 20:10:35 - [TEST_STEP][PASSED] - click: Object: 'Object Repository/Final Object Repo/New Registration - Registration Module Pages/Form 2/button for search for IC' is clicked on

2018-12-12 20:10:35 - [MESSAGE][PASSED] - Object: 'Object Repository/Final Object Repo/New Registration - Registration Module Pages/Form 2/button for search for IC' is clicked on

2018-12-12 20:10:35 - [TEST_STEP][PASSED] - delay: Delayed 2 second(s)

2018-12-12 20:10:37 - [MESSAGE][PASSED] - Delayed 2 second(s)

2018-12-12 20:10:37 - [TEST_STEP][PASSED] - setText: Text 'Automate001 eligible 1' is set on object 'Object Repository/Final Object Repo/New Registration - Registration Module Pages/Form 2/Employee Name Input'

2018-12-12 20:10:38 - [MESSAGE][PASSED] - Text 'Automate001 eligible 1' is set on object 'Object Repository/Final Object Repo/New Registration - Registration Module Pages/Form 2/Employee Name Input'

2018-12-12 20:10:38 - [TEST_STEP][PASSED] - delay: Delayed 2 second(s)

2018-12-12 20:10:40 - [MESSAGE][PASSED] - Delayed 2 second(s)

2018-12-12 20:10:40 - [TEST_STEP][PASSED] - click: Object: 'Object Repository/Final Object Repo/New Registration - Registration Module Pages/Form 2/DatePicker Pop Up' is clicked on

2018-12-12 20:10:40 - [MESSAGE][PASSED] - Object: 'Object Repository/Final Object Repo/New Registration - Registration Module Pages/Form 2/DatePicker Pop Up' is clicked on

2018-12-12 20:10:40 - [TEST_STEP][PASSED] - click: Object: 'Object Repository/Final Object Repo/New Registration - Registration Module Pages/Form 2/DOB Month' is clicked on

2018-12-12 20:10:40 - [MESSAGE][PASSED] - Object: 'Object Repository/Final Object Repo/New Registration - Registration Module Pages/Form 2/DOB Month' is clicked on

2018-12-12 20:10:40 - [TEST_STEP][PASSED] - Statement - CurrentMonth = CurrentMonth: null

2018-12-12 20:10:40 - [TEST_STEP][PASSED] - Statement - selectMonth = new com.kms.katalon.core.testobject.TestObject(): null

2018-12-12 20:10:40 - [TEST_STEP][PASSED] - Statement - selectMonth.addProperty("xpath", EQUALS, "//body/div/div/div/select/option[@value='" + CurrentMonth + "']", true): null

2018-12-12 20:10:40 - [TEST_STEP][PASSED] - click: Object: '' is clicked on

2018-12-12 20:10:40 - [MESSAGE][PASSED] - Object: '' is clicked on

2018-12-12 20:10:40 - [TEST_STEP][PASSED] - click: Object: 'Object Repository/Final Object Repo/New Registration - Registration Module Pages/Form 2/DOB Year' is clicked on

2018-12-12 20:10:40 - [MESSAGE][PASSED] - Object: 'Object Repository/Final Object Repo/New Registration - Registration Module Pages/Form 2/DOB Year' is clicked on

2018-12-12 20:10:40 - [TEST_STEP][PASSED] - Statement - Eyearsbf = EighteenYrsBefore: null

2018-12-12 20:10:40 - [TEST_STEP][PASSED] - Statement - selectYear = new com.kms.katalon.core.testobject.TestObject(): null

2018-12-12 20:10:40 - [TEST_STEP][PASSED] - Statement - selectYear.addProperty("xpath", EQUALS, "//div/div/div/select/option[@value='" + Eyearsbf + "']", true): null

2018-12-12 20:10:40 - [TEST_STEP][PASSED] - click: Object: '' is clicked on

2018-12-12 20:10:40 - [MESSAGE][PASSED] - Object: '' is clicked on

2018-12-12 20:10:40 - [TEST_STEP][PASSED] - Statement - UpdatedSelectDate = com.kms.katalon.core.webui.keyword.WebUiBuiltInKeywords.modifyObjectProperty(com.kms.katalon.core.testobject.ObjectRepository.findTestObject(Final Object Repo/New Registration - Registration Module Pages/Form 2/DOB Date), "xpath", "equals", "//body/div/table/tbody/tr/td/a[text()="" + CurrentDate + ""]", true): Modify property of object successfully

2018-12-12 20:10:40 - [MESSAGE][PASSED] - Modify property of object successfully

2018-12-12 20:10:40 - [TEST_STEP][PASSED] - delay: Delayed 3 second(s)

2018-12-12 20:10:43 - [MESSAGE][PASSED] - Delayed 3 second(s)

2018-12-12 20:10:43 - [TEST_STEP][PASSED] - click: Object: 'Object Repository/Final Object Repo/New Registration - Registration Module Pages/Form 2/DOB Date' is clicked on

2018-12-12 20:10:44 - [MESSAGE][PASSED] - Object: 'Object Repository/Final Object Repo/New Registration - Registration Module Pages/Form 2/DOB Date' is clicked on

2018-12-12 20:10:44 - [TEST_STEP][PASSED] - delay: Delayed 2 second(s)

2018-12-12 20:10:46 - [MESSAGE][PASSED] - Delayed 2 second(s)

2018-12-12 20:10:46 - [TEST_STEP][PASSED] - click: Object: 'Object Repository/Final Object Repo/New Registration - Registration Module Pages/Form 2/EmploymentStartDate Pop Up' is clicked on

2018-12-12 20:10:46 - [MESSAGE][PASSED] - Object: 'Object Repository/Final Object Repo/New Registration - Registration Module Pages/Form 2/EmploymentStartDate Pop Up' is clicked on

2018-12-12 20:10:46 - [TEST_STEP][PASSED] - delay: Delayed 2 second(s)

2018-12-12 20:10:48 - [MESSAGE][PASSED] - Delayed 2 second(s)

2018-12-12 20:10:48 - [TEST_STEP][PASSED] - click: Object: 'Object Repository/Final Object Repo/New Registration - Registration Module Pages/Form 2/Socso Employment StartDate Month' is clicked on

2018-12-12 20:10:48 - [MESSAGE][PASSED] - Object: 'Object Repository/Final Object Repo/New Registration - Registration Module Pages/Form 2/Socso Employment StartDate Month' is clicked on

2018-12-12 20:10:48 - [TEST_STEP][PASSED] - delay: Delayed 1 second(s)

2018-12-12 20:10:49 - [MESSAGE][PASSED] - Delayed 1 second(s)

2018-12-12 20:10:49 - [TEST_STEP][PASSED] - click: Object: 'Object Repository/Final Object Repo/New Registration - Registration Module Pages/Form 2/Select Socso Employement Startdate Month' is clicked on

2018-12-12 20:10:49 - [MESSAGE][PASSED] - Object: 'Object Repository/Final Object Repo/New Registration - Registration Module Pages/Form 2/Select Socso Employement Startdate Month' is clicked on

2018-12-12 20:10:49 - [TEST_STEP][PASSED] - delay: Delayed 2 second(s)

2018-12-12 20:10:51 - [MESSAGE][PASSED] - Delayed 2 second(s)

2018-12-12 20:10:51 - [TEST_STEP][PASSED] - click: Object: 'Object Repository/Final Object Repo/New Registration - Registration Module Pages/Form 2/Socso Employment StartDate Year' is clicked on

2018-12-12 20:10:51 - [MESSAGE][PASSED] - Object: 'Object Repository/Final Object Repo/New Registration - Registration Module Pages/Form 2/Socso Employment StartDate Year' is clicked on

2018-12-12 20:10:51 - [TEST_STEP][PASSED] - delay: Delayed 1 second(s)

2018-12-12 20:10:52 - [MESSAGE][PASSED] - Delayed 1 second(s)

2018-12-12 20:10:52 - [TEST_STEP][PASSED] - click: Object: 'Object Repository/Final Object Repo/New Registration - Registration Module Pages/Form 2/Select Socso Employment Startdate Year' is clicked on

2018-12-12 20:10:52 - [MESSAGE][PASSED] - Object: 'Object Repository/Final Object Repo/New Registration - Registration Module Pages/Form 2/Select Socso Employment Startdate Year' is clicked on

2018-12-12 20:10:52 - [TEST_STEP][PASSED] - delay: Delayed 2 second(s)

2018-12-12 20:10:54 - [MESSAGE][PASSED] - Delayed 2 second(s)

2018-12-12 20:10:54 - [TEST_STEP][PASSED] - click: Object: 'Object Repository/Final Object Repo/New Registration - Registration Module Pages/Form 2/Socso Employment Start Date Day' is clicked on

2018-12-12 20:10:55 - [MESSAGE][PASSED] - Object: 'Object Repository/Final Object Repo/New Registration - Registration Module Pages/Form 2/Socso Employment Start Date Day' is clicked on

2018-12-12 20:10:55 - [TEST_STEP][PASSED] - delay: Delayed 2 second(s)

2018-12-12 20:10:57 - [MESSAGE][PASSED] - Delayed 2 second(s)

2018-12-12 20:10:57 - [TEST_STEP][PASSED] - click: Object: 'Object Repository/Final Object Repo/New Registration - Registration Module Pages/Form 2/Save Button for Add Employee' is clicked on

2018-12-12 20:10:57 - [MESSAGE][PASSED] - Object: 'Object Repository/Final Object Repo/New Registration - Registration Module Pages/Form 2/Save Button for Add Employee' is clicked on

2018-12-12 20:10:57 - [TEST_STEP][PASSED] - delay: Delayed 6 second(s)

2018-12-12 20:11:03 - [MESSAGE][PASSED] - Delayed 6 second(s)

2018-12-12 20:11:03 - [TEST_STEP][PASSED] - click: Object: 'Object Repository/Final Object Repo/New Registration - Registration Module Pages/Form 2/Incomplete Checkbox' is clicked on

2018-12-12 20:11:03 - [MESSAGE][PASSED] - Object: 'Object Repository/Final Object Repo/New Registration - Registration Module Pages/Form 2/Incomplete Checkbox' is clicked on

2018-12-12 20:11:03 - [TEST_STEP][PASSED] - delay: Delayed 2 second(s)

2018-12-12 20:11:05 - [MESSAGE][PASSED] - Delayed 2 second(s)

2018-12-12 20:11:05 - [TEST_STEP][PASSED] - click: Object: 'Object Repository/Final Object Repo/New Registration - Registration Module Pages/Form 2/Save and Continue Form 2' is clicked on

2018-12-12 20:11:05 - [MESSAGE][PASSED] - Object: 'Object Repository/Final Object Repo/New Registration - Registration Module Pages/Form 2/Save and Continue Form 2' is clicked on

2018-12-12 20:11:05 - [MESSAGE][PASSED] - Call Test Case 'Test Cases/Final Aug 2018 - PKS Automation/Registration Module/New Registration/Form 2/Add 1 Eligible - Incomplete' successfully

2018-12-12 20:11:05 - [TEST_STEP][PASSED] - delay: Delayed 4 second(s)

2018-12-12 20:11:09 - [MESSAGE][PASSED] - Delayed 4 second(s)

2018-12-12 20:11:09 - [TEST_STEP][PASSED] - callTestCase: Call Test Case 'Test Cases/Final Aug 2018 - PKS Automation/Registration Module/New Registration/Flow of New Registration/Third Screen - Upload Supporting Doc - Preview' successfully

2018-12-12 20:11:09 - [TEST_CASE][PASSED] - Test Cases/Final Aug 2018 - PKS Automation/Registration Module/New Registration/Flow of New Registration/Third Screen - Upload Supporting Doc - Preview: Test Cases/Final Aug 2018 - PKS Automation/Registration Module/New Registration/Flow of New Registration/Third Screen - Upload Supporting Doc - Preview

2018-12-12 20:11:09 - [TEST_STEP][PASSED] - waitForPageLoad: Wait for page load successfully

2018-12-12 20:11:09 - [MESSAGE][PASSED] - Wait for page load successfully

2018-12-12 20:11:09 - [TEST_STEP][PASSED] - Statement - CaseReferenceNo = com.kms.katalon.core.webui.keyword.WebUiBuiltInKeywords.getText(com.kms.katalon.core.testobject.ObjectRepository.findTestObject(Final Object Repo/New Registration - Registration Module Pages/Third Screen - Upload Supporting Doc- Preview/RefNo Acquiring)): Text of object 'Object Repository/Final Object Repo/New Registration - Registration Module Pages/Third Screen - Upload Supporting Doc- Preview/RefNo Acquiring' is: 'CRN12201800123235'

2018-12-12 20:11:09 - [MESSAGE][PASSED] - Text of object 'Object Repository/Final Object Repo/New Registration - Registration Module Pages/Third Screen - Upload Supporting Doc- Preview/RefNo Acquiring' is: 'CRN12201800123235'

2018-12-12 20:11:09 - [TEST_STEP][PASSED] - delay: Delayed 2 second(s)

2018-12-12 20:11:11 - [MESSAGE][PASSED] - Delayed 2 second(s)

2018-12-12 20:11:11 - [TEST_STEP][PASSED] - callTestCase: Call Test Case 'Test Cases/Final Aug 2018 - PKS Automation/Common/Reference Number Setter' successfully

2018-12-12 20:11:11 - [TEST_CASE][PASSED] - Test Cases/Final Aug 2018 - PKS Automation/Common/Reference Number Setter: Test Cases/Final Aug 2018 - PKS Automation/Common/Reference Number Setter

2018-12-12 20:11:11 - [TEST_STEP][PASSED] - Statement - RefNoOldFile = new java.io.File(C://Users//Admin//Desktop//PKS//Automation Reference Point//KatalonReference.txt): null

2018-12-12 20:11:11 - [TEST_STEP][PASSED] - Statement - RefNoOldFile.delete(): null

2018-12-12 20:11:11 - [TEST_STEP][PASSED] - delay: Delayed 5 second(s)

2018-12-12 20:11:16 - [MESSAGE][PASSED] - Delayed 5 second(s)

2018-12-12 20:11:16 - [TEST_STEP][PASSED] - Statement - RefNo = new java.io.File(C://Users//Admin//Desktop//PKS//Automation Reference Point//KatalonReference.txt): null

2018-12-12 20:11:16 - [TEST_STEP][PASSED] - Statement - f2 = new java.io.FileWriter(RefNo, false): null

2018-12-12 20:11:16 - [TEST_STEP][PASSED] - Statement - f2.write(CaseReferenceNo): null

2018-12-12 20:11:16 - [TEST_STEP][PASSED] - Statement - f2.close(): null

2018-12-12 20:11:16 - [TEST_STEP][PASSED] - Statement - out.println("


" + CaseReferenceNo + "


"): null

2018-12-12 20:11:16 - [MESSAGE][PASSED] - Call Test Case 'Test Cases/Final Aug 2018 - PKS Automation/Common/Reference Number Setter' successfully

2018-12-12 20:11:16 - [TEST_STEP][PASSED] - waitForElementClickable: Object 'Object Repository/Final Object Repo/New Registration - Registration Module Pages/Third Screen - Upload Supporting Doc- Preview/Save n Continue in SIP Employee Listing Page' is clickable

2018-12-12 20:11:16 - [MESSAGE][PASSED] - Object 'Object Repository/Final Object Repo/New Registration - Registration Module Pages/Third Screen - Upload Supporting Doc- Preview/Save n Continue in SIP Employee Listing Page' is clickable

2018-12-12 20:11:16 - [TEST_STEP][PASSED] - click: Object: 'Object Repository/Final Object Repo/New Registration - Registration Module Pages/Third Screen - Upload Supporting Doc- Preview/Save n Continue in SIP Employee Listing Page' is clicked on

2018-12-12 20:11:21 - [MESSAGE][PASSED] - Object: 'Object Repository/Final Object Repo/New Registration - Registration Module Pages/Third Screen - Upload Supporting Doc- Preview/Save n Continue in SIP Employee Listing Page' is clicked on

2018-12-12 20:11:21 - [TEST_STEP][PASSED] - delay: Delayed 7 second(s)

2018-12-12 20:11:28 - [MESSAGE][PASSED] - Delayed 7 second(s)

2018-12-12 20:11:28 - [TEST_STEP][PASSED] - click: Object: 'Object Repository/Final Object Repo/New Registration - Registration Module Pages/Third Screen - Upload Supporting Doc- Preview/Add Document Button' is clicked on

2018-12-12 20:11:29 - [MESSAGE][PASSED] - Object: 'Object Repository/Final Object Repo/New Registration - Registration Module Pages/Third Screen - Upload Supporting Doc- Preview/Add Document Button' is clicked on

2018-12-12 20:11:29 - [TEST_STEP][PASSED] - delay: Delayed 30 second(s)

2018-12-12 20:11:59 - [MESSAGE][PASSED] - Delayed 30 second(s)

2018-12-12 20:11:59 - [TEST_STEP][PASSED] - click: Object: 'Object Repository/Final Object Repo/New Registration - Registration Module Pages/Third Screen - Upload Supporting Doc- Preview/Supporting Doc Please Select Drop Down' is clicked on

2018-12-12 20:11:59 - [MESSAGE][PASSED] - Object: 'Object Repository/Final Object Repo/New Registration - Registration Module Pages/Third Screen - Upload Supporting Doc- Preview/Supporting Doc Please Select Drop Down' is clicked on

2018-12-12 20:11:59 - [TEST_STEP][PASSED] - delay: Delayed 2 second(s)

2018-12-12 20:12:01 - [MESSAGE][PASSED] - Delayed 2 second(s)

2018-12-12 20:12:01 - [TEST_STEP][PASSED] - click: Object: 'Object Repository/Final Object Repo/New Registration - Registration Module Pages/Third Screen - Upload Supporting Doc- Preview/Select to Upload Form 1' is clicked on

2018-12-12 20:12:01 - [MESSAGE][PASSED] - Object: 'Object Repository/Final Object Repo/New Registration - Registration Module Pages/Third Screen - Upload Supporting Doc- Preview/Select to Upload Form 1' is clicked on

2018-12-12 20:12:01 - [TEST_STEP][PASSED] - delay: Delayed 2 second(s)

2018-12-12 20:12:03 - [MESSAGE][PASSED] - Delayed 2 second(s)

2018-12-12 20:12:03 - [TEST_STEP][PASSED] - uploadFile: File 'C:\Users\Public\Pictures\Sample Pictures\Koala.jpg' sent to object: 'Object Repository/Final Object Repo/New Registration - Registration Module Pages/Third Screen - Upload Supporting Doc- Preview/Upload File Adding'

2018-12-12 20:12:03 - [MESSAGE][PASSED] - File 'C:\Users\Public\Pictures\Sample Pictures\Koala.jpg' sent to object: 'Object Repository/Final Object Repo/New Registration - Registration Module Pages/Third Screen - Upload Supporting Doc- Preview/Upload File Adding'

2018-12-12 20:12:03 - [TEST_STEP][PASSED] - delay: Delayed 5 second(s)

2018-12-12 20:12:08 - [MESSAGE][PASSED] - Delayed 5 second(s)

2018-12-12 20:12:08 - [TEST_STEP][PASSED] - click: Object: 'Object Repository/Final Object Repo/New Registration - Registration Module Pages/Third Screen - Upload Supporting Doc- Preview/Inner Form Add Document Button' is clicked on

2018-12-12 20:12:08 - [MESSAGE][PASSED] - Object: 'Object Repository/Final Object Repo/New Registration - Registration Module Pages/Third Screen - Upload Supporting Doc- Preview/Inner Form Add Document Button' is clicked on

2018-12-12 20:12:08 - [TEST_STEP][PASSED] - delay: Delayed 3 second(s)

2018-12-12 20:12:11 - [MESSAGE][PASSED] - Delayed 3 second(s)

2018-12-12 20:12:11 - [TEST_STEP][PASSED] - click: Object: 'Object Repository/Final Object Repo/New Registration - Registration Module Pages/Third Screen - Upload Supporting Doc- Preview/Add Document Button' is clicked on

2018-12-12 20:12:12 - [MESSAGE][PASSED] - Object: 'Object Repository/Final Object Repo/New Registration - Registration Module Pages/Third Screen - Upload Supporting Doc- Preview/Add Document Button' is clicked on

2018-12-12 20:12:12 - [TEST_STEP][PASSED] - delay: Delayed 30 second(s)

2018-12-12 20:12:42 - [MESSAGE][PASSED] - Delayed 30 second(s)

2018-12-12 20:12:42 - [TEST_STEP][PASSED] - click: Object: 'Object Repository/Final Object Repo/New Registration - Registration Module Pages/Third Screen - Upload Supporting Doc- Preview/Supporting Doc Please Select Drop Down' is clicked on

2018-12-12 20:12:42 - [MESSAGE][PASSED] - Object: 'Object Repository/Final Object Repo/New Registration - Registration Module Pages/Third Screen - Upload Supporting Doc- Preview/Supporting Doc Please Select Drop Down' is clicked on

2018-12-12 20:12:42 - [TEST_STEP][PASSED] - delay: Delayed 4 second(s)

2018-12-12 20:12:46 - [MESSAGE][PASSED] - Delayed 4 second(s)

2018-12-12 20:12:46 - [TEST_STEP][PASSED] - click: Object: 'Object Repository/Final Object Repo/New Registration - Registration Module Pages/Third Screen - Upload Supporting Doc- Preview/Select to Upload Form 2' is clicked on

2018-12-12 20:12:47 - [MESSAGE][PASSED] - Object: 'Object Repository/Final Object Repo/New Registration - Registration Module Pages/Third Screen - Upload Supporting Doc- Preview/Select to Upload Form 2' is clicked on

2018-12-12 20:12:47 - [TEST_STEP][PASSED] - delay: Delayed 2 second(s)

2018-12-12 20:12:49 - [MESSAGE][PASSED] - Delayed 2 second(s)

2018-12-12 20:12:49 - [TEST_STEP][PASSED] - uploadFile: File 'C:\Users\Public\Pictures\Sample Pictures\Koala.jpg' sent to object: 'Object Repository/Final Object Repo/New Registration - Registration Module Pages/Third Screen - Upload Supporting Doc- Preview/Upload File Adding'

2018-12-12 20:12:49 - [MESSAGE][PASSED] - File 'C:\Users\Public\Pictures\Sample Pictures\Koala.jpg' sent to object: 'Object Repository/Final Object Repo/New Registration - Registration Module Pages/Third Screen - Upload Supporting Doc- Preview/Upload File Adding'

2018-12-12 20:12:49 - [TEST_STEP][PASSED] - click: Object: 'Object Repository/Final Object Repo/New Registration - Registration Module Pages/Third Screen - Upload Supporting Doc- Preview/Inner Form Add Document Button' is clicked on

2018-12-12 20:12:49 - [MESSAGE][PASSED] - Object: 'Object Repository/Final Object Repo/New Registration - Registration Module Pages/Third Screen - Upload Supporting Doc- Preview/Inner Form Add Document Button' is clicked on

2018-12-12 20:12:49 - [TEST_STEP][PASSED] - delay: Delayed 5 second(s)

2018-12-12 20:12:54 - [MESSAGE][PASSED] - Delayed 5 second(s)

2018-12-12 20:12:54 - [TEST_STEP][PASSED] - click: Object: 'Object Repository/Final Object Repo/New Registration - Registration Module Pages/Third Screen - Upload Supporting Doc- Preview/Add Document Button' is clicked on

2018-12-12 20:12:54 - [MESSAGE][PASSED] - Object: 'Object Repository/Final Object Repo/New Registration - Registration Module Pages/Third Screen - Upload Supporting Doc- Preview/Add Document Button' is clicked on

2018-12-12 20:12:54 - [TEST_STEP][PASSED] - delay: Delayed 30 second(s)

2018-12-12 20:13:24 - [MESSAGE][PASSED] - Delayed 30 second(s)

2018-12-12 20:13:24 - [TEST_STEP][PASSED] - click: Object: 'Object Repository/Final Object Repo/New Registration - Registration Module Pages/Third Screen - Upload Supporting Doc- Preview/Supporting Doc Please Select Drop Down' is clicked on

2018-12-12 20:13:24 - [MESSAGE][PASSED] - Object: 'Object Repository/Final Object Repo/New Registration - Registration Module Pages/Third Screen - Upload Supporting Doc- Preview/Supporting Doc Please Select Drop Down' is clicked on

2018-12-12 20:13:24 - [TEST_STEP][PASSED] - click: Object: 'Object Repository/Final Object Repo/New Registration - Registration Module Pages/Third Screen - Upload Supporting Doc- Preview/Select to Upload Borang SIP 1' is clicked on

2018-12-12 20:13:24 - [MESSAGE][PASSED] - Object: 'Object Repository/Final Object Repo/New Registration - Registration Module Pages/Third Screen - Upload Supporting Doc- Preview/Select to Upload Borang SIP 1' is clicked on

2018-12-12 20:13:24 - [TEST_STEP][PASSED] - delay: Delayed 2 second(s)

2018-12-12 20:13:26 - [MESSAGE][PASSED] - Delayed 2 second(s)

2018-12-12 20:13:26 - [TEST_STEP][PASSED] - uploadFile: File 'C:\Users\Public\Pictures\Sample Pictures\Koala.jpg' sent to object: 'Object Repository/Final Object Repo/New Registration - Registration Module Pages/Third Screen - Upload Supporting Doc- Preview/Upload File Adding'

2018-12-12 20:13:26 - [MESSAGE][PASSED] - File 'C:\Users\Public\Pictures\Sample Pictures\Koala.jpg' sent to object: 'Object Repository/Final Object Repo/New Registration - Registration Module Pages/Third Screen - Upload Supporting Doc- Preview/Upload File Adding'

2018-12-12 20:13:26 - [TEST_STEP][PASSED] - click: Object: 'Object Repository/Final Object Repo/New Registration - Registration Module Pages/Third Screen - Upload Supporting Doc- Preview/Inner Form Add Document Button' is clicked on

2018-12-12 20:13:27 - [MESSAGE][PASSED] - Object: 'Object Repository/Final Object Repo/New Registration - Registration Module Pages/Third Screen - Upload Supporting Doc- Preview/Inner Form Add Document Button' is clicked on

2018-12-12 20:13:27 - [TEST_STEP][PASSED] - delay: Delayed 5 second(s)

2018-12-12 20:13:32 - [MESSAGE][PASSED] - Delayed 5 second(s)

2018-12-12 20:13:32 - [TEST_STEP][PASSED] - click: Object: 'Object Repository/Final Object Repo/New Registration - Registration Module Pages/Third Screen - Upload Supporting Doc- Preview/Add Document Button' is clicked on

2018-12-12 20:13:32 - [MESSAGE][PASSED] - Object: 'Object Repository/Final Object Repo/New Registration - Registration Module Pages/Third Screen - Upload Supporting Doc- Preview/Add Document Button' is clicked on

2018-12-12 20:13:32 - [TEST_STEP][PASSED] - delay: Delayed 30 second(s)

2018-12-12 20:14:02 - [MESSAGE][PASSED] - Delayed 30 second(s)

2018-12-12 20:14:02 - [TEST_STEP][PASSED] - click: Object: 'Object Repository/Final Object Repo/New Registration - Registration Module Pages/Third Screen - Upload Supporting Doc- Preview/Supporting Doc Please Select Drop Down' is clicked on

2018-12-12 20:14:02 - [MESSAGE][PASSED] - Object: 'Object Repository/Final Object Repo/New Registration - Registration Module Pages/Third Screen - Upload Supporting Doc- Preview/Supporting Doc Please Select Drop Down' is clicked on

2018-12-12 20:14:02 - [TEST_STEP][PASSED] - delay: Delayed 3 second(s)

2018-12-12 20:14:05 - [MESSAGE][PASSED] - Delayed 3 second(s)

2018-12-12 20:14:05 - [TEST_STEP][PASSED] - click: Object: 'Object Repository/Final Object Repo/New Registration - Registration Module Pages/Third Screen - Upload Supporting Doc- Preview/Select to Upload Borang SIP 2' is clicked on

2018-12-12 20:14:05 - [MESSAGE][PASSED] - Object: 'Object Repository/Final Object Repo/New Registration - Registration Module Pages/Third Screen - Upload Supporting Doc- Preview/Select to Upload Borang SIP 2' is clicked on

2018-12-12 20:14:05 - [TEST_STEP][PASSED] - delay: Delayed 2 second(s)

2018-12-12 20:14:07 - [MESSAGE][PASSED] - Delayed 2 second(s)

2018-12-12 20:14:07 - [TEST_STEP][PASSED] - uploadFile: File 'C:\Users\Public\Pictures\Sample Pictures\Koala.jpg' sent to object: 'Object Repository/Final Object Repo/New Registration - Registration Module Pages/Third Screen - Upload Supporting Doc- Preview/Upload File Adding'

2018-12-12 20:14:07 - [MESSAGE][PASSED] - File 'C:\Users\Public\Pictures\Sample Pictures\Koala.jpg' sent to object: 'Object Repository/Final Object Repo/New Registration - Registration Module Pages/Third Screen - Upload Supporting Doc- Preview/Upload File Adding'

2018-12-12 20:14:07 - [TEST_STEP][PASSED] - delay: Delayed 5 second(s)

2018-12-12 20:14:12 - [MESSAGE][PASSED] - Delayed 5 second(s)

2018-12-12 20:14:12 - [TEST_STEP][PASSED] - click: Object: 'Object Repository/Final Object Repo/New Registration - Registration Module Pages/Third Screen - Upload Supporting Doc- Preview/Inner Form Add Document Button' is clicked on

2018-12-12 20:14:12 - [MESSAGE][PASSED] - Object: 'Object Repository/Final Object Repo/New Registration - Registration Module Pages/Third Screen - Upload Supporting Doc- Preview/Inner Form Add Document Button' is clicked on

2018-12-12 20:14:12 - [TEST_STEP][PASSED] - delay: Delayed 3 second(s)

2018-12-12 20:14:15 - [MESSAGE][PASSED] - Delayed 3 second(s)

2018-12-12 20:14:15 - [TEST_STEP][PASSED] - waitForElementClickable: Object 'Object Repository/Final Object Repo/New Registration - Registration Module Pages/Third Screen - Upload Supporting Doc- Preview/Save n Continue in Uploading Supporting Doc Page' is clickable

2018-12-12 20:14:16 - [MESSAGE][PASSED] - Object 'Object Repository/Final Object Repo/New Registration - Registration Module Pages/Third Screen - Upload Supporting Doc- Preview/Save n Continue in Uploading Supporting Doc Page' is clickable

2018-12-12 20:14:16 - [TEST_STEP][PASSED] - click: Object: 'Object Repository/Final Object Repo/New Registration - Registration Module Pages/Third Screen - Upload Supporting Doc- Preview/Save n Continue in Uploading Supporting Doc Page' is clicked on

2018-12-12 20:14:17 - [MESSAGE][PASSED] - Object: 'Object Repository/Final Object Repo/New Registration - Registration Module Pages/Third Screen - Upload Supporting Doc- Preview/Save n Continue in Uploading Supporting Doc Page' is clicked on

2018-12-12 20:14:17 - [MESSAGE][PASSED] - Call Test Case 'Test Cases/Final Aug 2018 - PKS Automation/Registration Module/New Registration/Flow of New Registration/Third Screen - Upload Supporting Doc - Preview' successfully

2018-12-12 20:14:17 - [TEST_STEP][PASSED] - callTestCase: Call Test Case 'Test Cases/Final Aug 2018 - PKS Automation/Registration Module/New Registration/Submit and Screenshot/Submit Registration and Screenshot' successfully

2018-12-12 20:14:17 - [TEST_CASE][PASSED] - Test Cases/Final Aug 2018 - PKS Automation/Registration Module/New Registration/Submit and Screenshot/Submit Registration and Screenshot: Test Cases/Final Aug 2018 - PKS Automation/Registration Module/New Registration/Submit and Screenshot/Submit Registration and Screenshot

2018-12-12 20:14:17 - [TEST_STEP][PASSED] - delay: Delayed 6 second(s)

2018-12-12 20:14:23 - [MESSAGE][PASSED] - Delayed 6 second(s)

2018-12-12 20:14:23 - [TEST_STEP][PASSED] - click: Object: 'Object Repository/Final Object Repo/New Registration - Registration Module Pages/Third Screen - Upload Supporting Doc- Preview/Preview Submit Button' is clicked on

2018-12-12 20:14:23 - [MESSAGE][PASSED] - Object: 'Object Repository/Final Object Repo/New Registration - Registration Module Pages/Third Screen - Upload Supporting Doc- Preview/Preview Submit Button' is clicked on

2018-12-12 20:14:23 - [TEST_STEP][PASSED] - delay: Delayed 2 second(s)

2018-12-12 20:14:25 - [MESSAGE][PASSED] - Delayed 2 second(s)

2018-12-12 20:14:25 - [TEST_STEP][PASSED] - click: Object: 'Object Repository/Final Object Repo/New Registration - Registration Module Pages/Third Screen - Upload Supporting Doc- Preview/Preview Submit - Confirm' is clicked on

2018-12-12 20:14:25 - [MESSAGE][PASSED] - Object: 'Object Repository/Final Object Repo/New Registration - Registration Module Pages/Third Screen - Upload Supporting Doc- Preview/Preview Submit - Confirm' is clicked on

2018-12-12 20:14:25 - [TEST_STEP][PASSED] - delay: Delayed 15 second(s)

2018-12-12 20:14:40 - [MESSAGE][PASSED] - Delayed 15 second(s)

2018-12-12 20:14:40 - [TEST_STEP][PASSED] - Statement - driver = com.kms.katalon.core.webui.driver.DriverFactory.getWebDriver(): null

2018-12-12 20:14:40 - [TEST_STEP][PASSED] - Statement - driver.manage().timeouts().implicitlyWait(10, SECONDS): null

2018-12-12 20:14:40 - [TEST_STEP][PASSED] - Statement - PresavePath = KatalonScreenshots: null

2018-12-12 20:14:40 - [TEST_STEP][PASSED] - Statement - pathPrefix = "C:\Users\Public\Pictures\Sample Pictures\Katalon Screenshots\Automate Ending Screen": null

2018-12-12 20:14:40 - [TEST_STEP][PASSED] - Statement - finalPath = <not implemented yet for class: org.codehaus.groovy.ast.expr.EmptyExpression>: null

2018-12-12 20:14:40 - [TEST_STEP][PASSED] - Statement - scrFile = driver.getScreenshotAs(FILE): null

2018-12-12 20:14:40 - [TEST_STEP][PASSED] - Statement - PreSaveFile = new java.io.File(PresavePath): null

2018-12-12 20:14:40 - [TEST_STEP][PASSED] - Statement - counter = 0: null

2018-12-12 20:14:40 - [TEST_STEP][PASSED] - Statement - If (PreSaveFile.exists()): null

2018-12-12 20:14:40 - [TEST_STEP][PASSED] - Statement - While (PreSaveFile.exists()): null

2018-12-12 20:14:40 - [TEST_STEP][PASSED] - Statement - counter = counter + 1: null

2018-12-12 20:14:40 - [TEST_STEP][PASSED] - Statement - PreSaveFile = new java.io.File(((pathPrefix + java.lang.Integer.toString(counter)) + .png)): null

2018-12-12 20:14:40 - [TEST_STEP][PASSED] - Statement - counter = counter + 1: null

2018-12-12 20:14:40 - [TEST_STEP][PASSED] - Statement - PreSaveFile = new java.io.File(((pathPrefix + java.lang.Integer.toString(counter)) + .png)): null

2018-12-12 20:14:40 - [TEST_STEP][PASSED] - Statement - counter = counter + 1: null

2018-12-12 20:14:40 - [TEST_STEP][PASSED] - Statement - PreSaveFile = new java.io.File(((pathPrefix + java.lang.Integer.toString(counter)) + .png)): null

2018-12-12 20:14:40 - [TEST_STEP][PASSED] - Statement - counter = counter + 1: null

2018-12-12 20:14:40 - [TEST_STEP][PASSED] - Statement - PreSaveFile = new java.io.File(((pathPrefix + java.lang.Integer.toString(counter)) + .png)): null

2018-12-12 20:14:40 - [TEST_STEP][PASSED] - Statement - counter = counter + 1: null

2018-12-12 20:14:40 - [TEST_STEP][PASSED] - Statement - PreSaveFile = new java.io.File(((pathPrefix + java.lang.Integer.toString(counter)) + .png)): null

2018-12-12 20:14:40 - [TEST_STEP][PASSED] - Statement - counter = counter + 1: null

2018-12-12 20:14:40 - [TEST_STEP][PASSED] - Statement - PreSaveFile = new java.io.File(((pathPrefix + java.lang.Integer.toString(counter)) + .png)): null

2018-12-12 20:14:40 - [TEST_STEP][PASSED] - Statement - counter = counter + 1: null

2018-12-12 20:14:40 - [TEST_STEP][PASSED] - Statement - PreSaveFile = new java.io.File(((pathPrefix + java.lang.Integer.toString(counter)) + .png)): null

2018-12-12 20:14:40 - [TEST_STEP][PASSED] - Statement - counter = counter + 1: null

2018-12-12 20:14:40 - [TEST_STEP][PASSED] - Statement - PreSaveFile = new java.io.File(((pathPrefix + java.lang.Integer.toString(counter)) + .png)): null

2018-12-12 20:14:40 - [TEST_STEP][PASSED] - Statement - counter = counter + 1: null

2018-12-12 20:14:40 - [TEST_STEP][PASSED] - Statement - PreSaveFile = new java.io.File(((pathPrefix + java.lang.Integer.toString(counter)) + .png)): null

2018-12-12 20:14:40 - [TEST_STEP][PASSED] - Statement - counter = counter + 1: null

2018-12-12 20:14:40 - [TEST_STEP][PASSED] - Statement - PreSaveFile = new java.io.File(((pathPrefix + java.lang.Integer.toString(counter)) + .png)): null

2018-12-12 20:14:40 - [TEST_STEP][PASSED] - Statement - counter = counter + 1: null

2018-12-12 20:14:40 - [TEST_STEP][PASSED] - Statement - PreSaveFile = new java.io.File(((pathPrefix + java.lang.Integer.toString(counter)) + .png)): null

2018-12-12 20:14:40 - [TEST_STEP][PASSED] - Statement - counter = counter + 1: null

2018-12-12 20:14:40 - [TEST_STEP][PASSED] - Statement - PreSaveFile = new java.io.File(((pathPrefix + java.lang.Integer.toString(counter)) + .png)): null

2018-12-12 20:14:40 - [TEST_STEP][PASSED] - Statement - counter = counter + 1: null

2018-12-12 20:14:40 - [TEST_STEP][PASSED] - Statement - PreSaveFile = new java.io.File(((pathPrefix + java.lang.Integer.toString(counter)) + .png)): null

2018-12-12 20:14:40 - [TEST_STEP][PASSED] - Statement - counter = counter + 1: null

2018-12-12 20:14:40 - [TEST_STEP][PASSED] - Statement - PreSaveFile = new java.io.File(((pathPrefix + java.lang.Integer.toString(counter)) + .png)): null

2018-12-12 20:14:40 - [TEST_STEP][PASSED] - Statement - counter = counter + 1: null

2018-12-12 20:14:40 - [TEST_STEP][PASSED] - Statement - PreSaveFile = new java.io.File(((pathPrefix + java.lang.Integer.toString(counter)) + .png)): null

2018-12-12 20:14:40 - [TEST_STEP][PASSED] - Statement - counter = counter + 1: null

2018-12-12 20:14:40 - [TEST_STEP][PASSED] - Statement - PreSaveFile = new java.io.File(((pathPrefix + java.lang.Integer.toString(counter)) + .png)): null

2018-12-12 20:14:40 - [TEST_STEP][PASSED] - Statement - counter = counter + 1: null

2018-12-12 20:14:40 - [TEST_STEP][PASSED] - Statement - PreSaveFile = new java.io.File(((pathPrefix + java.lang.Integer.toString(counter)) + .png)): null

2018-12-12 20:14:40 - [TEST_STEP][PASSED] - Statement - counter = counter + 1: null

2018-12-12 20:14:40 - [TEST_STEP][PASSED] - Statement - PreSaveFile = new java.io.File(((pathPrefix + java.lang.Integer.toString(counter)) + .png)): null

2018-12-12 20:14:40 - [TEST_STEP][PASSED] - Statement - counter = counter + 1: null

2018-12-12 20:14:40 - [TEST_STEP][PASSED] - Statement - PreSaveFile = new java.io.File(((pathPrefix + java.lang.Integer.toString(counter)) + .png)): null

2018-12-12 20:14:40 - [TEST_STEP][PASSED] - Statement - counter = counter + 1: null

2018-12-12 20:14:40 - [TEST_STEP][PASSED] - Statement - PreSaveFile = new java.io.File(((pathPrefix + java.lang.Integer.toString(counter)) + .png)): null

2018-12-12 20:14:40 - [TEST_STEP][PASSED] - Statement - counter = counter + 1: null

2018-12-12 20:14:40 - [TEST_STEP][PASSED] - Statement - PreSaveFile = new java.io.File(((pathPrefix + java.lang.Integer.toString(counter)) + .png)): null

2018-12-12 20:14:40 - [TEST_STEP][PASSED] - Statement - counter = counter + 1: null

2018-12-12 20:14:40 - [TEST_STEP][PASSED] - Statement - PreSaveFile = new java.io.File(((pathPrefix + java.lang.Integer.toString(counter)) + .png)): null

2018-12-12 20:14:40 - [TEST_STEP][PASSED] - Statement - counter = counter + 1: null

2018-12-12 20:14:40 - [TEST_STEP][PASSED] - Statement - PreSaveFile = new java.io.File(((pathPrefix + java.lang.Integer.toString(counter)) + .png)): null

2018-12-12 20:14:40 - [TEST_STEP][PASSED] - Statement - counter = counter + 1: null

2018-12-12 20:14:40 - [TEST_STEP][PASSED] - Statement - PreSaveFile = new java.io.File(((pathPrefix + java.lang.Integer.toString(counter)) + .png)): null

2018-12-12 20:14:40 - [TEST_STEP][PASSED] - Statement - counter = counter + 1: null

2018-12-12 20:14:40 - [TEST_STEP][PASSED] - Statement - PreSaveFile = new java.io.File(((pathPrefix + java.lang.Integer.toString(counter)) + .png)): null

2018-12-12 20:14:40 - [TEST_STEP][PASSED] - Statement - counter = counter + 1: null

2018-12-12 20:14:40 - [TEST_STEP][PASSED] - Statement - PreSaveFile = new java.io.File(((pathPrefix + java.lang.Integer.toString(counter)) + .png)): null

2018-12-12 20:14:40 - [TEST_STEP][PASSED] - Statement - counter = counter + 1: null

2018-12-12 20:14:40 - [TEST_STEP][PASSED] - Statement - PreSaveFile = new java.io.File(((pathPrefix + java.lang.Integer.toString(counter)) + .png)): null

2018-12-12 20:14:40 - [TEST_STEP][PASSED] - Statement - counter = counter + 1: null

2018-12-12 20:14:40 - [TEST_STEP][PASSED] - Statement - PreSaveFile = new java.io.File(((pathPrefix + java.lang.Integer.toString(counter)) + .png)): null

2018-12-12 20:14:40 - [TEST_STEP][PASSED] - Statement - counter = counter + 1: null

2018-12-12 20:14:40 - [TEST_STEP][PASSED] - Statement - PreSaveFile = new java.io.File(((pathPrefix + java.lang.Integer.toString(counter)) + .png)): null

2018-12-12 20:14:40 - [TEST_STEP][PASSED] - Statement - counter = counter + 1: null

2018-12-12 20:14:40 - [TEST_STEP][PASSED] - Statement - PreSaveFile = new java.io.File(((pathPrefix + java.lang.Integer.toString(counter)) + .png)): null

2018-12-12 20:14:40 - [TEST_STEP][PASSED] - Statement - counter = counter + 1: null

2018-12-12 20:14:40 - [TEST_STEP][PASSED] - Statement - PreSaveFile = new java.io.File(((pathPrefix + java.lang.Integer.toString(counter)) + .png)): null

2018-12-12 20:14:40 - [TEST_STEP][PASSED] - Statement - counter = counter + 1: null

2018-12-12 20:14:40 - [TEST_STEP][PASSED] - Statement - PreSaveFile = new java.io.File(((pathPrefix + java.lang.Integer.toString(counter)) + .png)): null

2018-12-12 20:14:40 - [TEST_STEP][PASSED] - Statement - counter = counter + 1: null

2018-12-12 20:14:40 - [TEST_STEP][PASSED] - Statement - PreSaveFile = new java.io.File(((pathPrefix + java.lang.Integer.toString(counter)) + .png)): null

2018-12-12 20:14:40 - [TEST_STEP][PASSED] - Statement - counter = counter + 1: null

2018-12-12 20:14:40 - [TEST_STEP][PASSED] - Statement - PreSaveFile = new java.io.File(((pathPrefix + java.lang.Integer.toString(counter)) + .png)): null

2018-12-12 20:14:40 - [TEST_STEP][PASSED] - Statement - counter = counter + 1: null

2018-12-12 20:14:40 - [TEST_STEP][PASSED] - Statement - PreSaveFile = new java.io.File(((pathPrefix + java.lang.Integer.toString(counter)) + .png)): null

2018-12-12 20:14:40 - [TEST_STEP][PASSED] - Statement - counter = counter + 1: null

2018-12-12 20:14:40 - [TEST_STEP][PASSED] - Statement - PreSaveFile = new java.io.File(((pathPrefix + java.lang.Integer.toString(counter)) + .png)): null

2018-12-12 20:14:40 - [TEST_STEP][PASSED] - Statement - counter = counter + 1: null

2018-12-12 20:14:40 - [TEST_STEP][PASSED] - Statement - PreSaveFile = new java.io.File(((pathPrefix + java.lang.Integer.toString(counter)) + .png)): null

2018-12-12 20:14:40 - [TEST_STEP][PASSED] - Statement - counter = counter + 1: null

2018-12-12 20:14:40 - [TEST_STEP][PASSED] - Statement - PreSaveFile = new java.io.File(((pathPrefix + java.lang.Integer.toString(counter)) + .png)): null

2018-12-12 20:14:40 - [TEST_STEP][PASSED] - Statement - counter = counter + 1: null

2018-12-12 20:14:40 - [TEST_STEP][PASSED] - Statement - PreSaveFile = new java.io.File(((pathPrefix + java.lang.Integer.toString(counter)) + .png)): null

2018-12-12 20:14:40 - [TEST_STEP][PASSED] - Statement - counter = counter + 1: null

2018-12-12 20:14:40 - [TEST_STEP][PASSED] - Statement - PreSaveFile = new java.io.File(((pathPrefix + java.lang.Integer.toString(counter)) + .png)): null

2018-12-12 20:14:40 - [TEST_STEP][PASSED] - Statement - counter = counter + 1: null

2018-12-12 20:14:40 - [TEST_STEP][PASSED] - Statement - PreSaveFile = new java.io.File(((pathPrefix + java.lang.Integer.toString(counter)) + .png)): null

2018-12-12 20:14:40 - [TEST_STEP][PASSED] - Statement - counter = counter + 1: null

2018-12-12 20:14:40 - [TEST_STEP][PASSED] - Statement - PreSaveFile = new java.io.File(((pathPrefix + java.lang.Integer.toString(counter)) + .png)): null

2018-12-12 20:14:40 - [TEST_STEP][PASSED] - Statement - counter = counter + 1: null

2018-12-12 20:14:40 - [TEST_STEP][PASSED] - Statement - PreSaveFile = new java.io.File(((pathPrefix + java.lang.Integer.toString(counter)) + .png)): null

2018-12-12 20:14:40 - [TEST_STEP][PASSED] - Statement - counter = counter + 1: null

2018-12-12 20:14:40 - [TEST_STEP][PASSED] - Statement - PreSaveFile = new java.io.File(((pathPrefix + java.lang.Integer.toString(counter)) + .png)): null

2018-12-12 20:14:40 - [TEST_STEP][PASSED] - Statement - counter = counter + 1: null

2018-12-12 20:14:40 - [TEST_STEP][PASSED] - Statement - PreSaveFile = new java.io.File(((pathPrefix + java.lang.Integer.toString(counter)) + .png)): null

2018-12-12 20:14:40 - [TEST_STEP][PASSED] - Statement - counter = counter + 1: null

2018-12-12 20:14:40 - [TEST_STEP][PASSED] - Statement - PreSaveFile = new java.io.File(((pathPrefix + java.lang.Integer.toString(counter)) + .png)): null

2018-12-12 20:14:40 - [TEST_STEP][PASSED] - Statement - counter = counter + 1: null

2018-12-12 20:14:40 - [TEST_STEP][PASSED] - Statement - PreSaveFile = new java.io.File(((pathPrefix + java.lang.Integer.toString(counter)) + .png)): null

2018-12-12 20:14:40 - [TEST_STEP][PASSED] - Statement - counter = counter + 1: null

2018-12-12 20:14:40 - [TEST_STEP][PASSED] - Statement - PreSaveFile = new java.io.File(((pathPrefix + java.lang.Integer.toString(counter)) + .png)): null

2018-12-12 20:14:40 - [TEST_STEP][PASSED] - Statement - counter = counter + 1: null

2018-12-12 20:14:40 - [TEST_STEP][PASSED] - Statement - PreSaveFile = new java.io.File(((pathPrefix + java.lang.Integer.toString(counter)) + .png)): null

2018-12-12 20:14:40 - [TEST_STEP][PASSED] - Statement - counter = counter + 1: null

2018-12-12 20:14:40 - [TEST_STEP][PASSED] - Statement - PreSaveFile = new java.io.File(((pathPrefix + java.lang.Integer.toString(counter)) + .png)): null

2018-12-12 20:14:40 - [TEST_STEP][PASSED] - Statement - counter = counter + 1: null

2018-12-12 20:14:40 - [TEST_STEP][PASSED] - Statement - PreSaveFile = new java.io.File(((pathPrefix + java.lang.Integer.toString(counter)) + .png)): null

2018-12-12 20:14:40 - [TEST_STEP][PASSED] - Statement - counter = counter + 1: null

2018-12-12 20:14:40 - [TEST_STEP][PASSED] - Statement - PreSaveFile = new java.io.File(((pathPrefix + java.lang.Integer.toString(counter)) + .png)): null

2018-12-12 20:14:40 - [TEST_STEP][PASSED] - Statement - counter = counter + 1: null

2018-12-12 20:14:40 - [TEST_STEP][PASSED] - Statement - PreSaveFile = new java.io.File(((pathPrefix + java.lang.Integer.toString(counter)) + .png)): null

2018-12-12 20:14:40 - [TEST_STEP][PASSED] - Statement - counter = counter + 1: null

2018-12-12 20:14:40 - [TEST_STEP][PASSED] - Statement - PreSaveFile = new java.io.File(((pathPrefix + java.lang.Integer.toString(counter)) + .png)): null

2018-12-12 20:14:40 - [TEST_STEP][PASSED] - Statement - counter = counter + 1: null

2018-12-12 20:14:40 - [TEST_STEP][PASSED] - Statement - PreSaveFile = new java.io.File(((pathPrefix + java.lang.Integer.toString(counter)) + .png)): null

2018-12-12 20:14:40 - [TEST_STEP][PASSED] - Statement - counter = counter + 1: null

2018-12-12 20:14:40 - [TEST_STEP][PASSED] - Statement - PreSaveFile = new java.io.File(((pathPrefix + java.lang.Integer.toString(counter)) + .png)): null

2018-12-12 20:14:40 - [TEST_STEP][PASSED] - Statement - counter = counter + 1: null

2018-12-12 20:14:40 - [TEST_STEP][PASSED] - Statement - PreSaveFile = new java.io.File(((pathPrefix + java.lang.Integer.toString(counter)) + .png)): null

2018-12-12 20:14:40 - [TEST_STEP][PASSED] - Statement - counter = counter + 1: null

2018-12-12 20:14:40 - [TEST_STEP][PASSED] - Statement - PreSaveFile = new java.io.File(((pathPrefix + java.lang.Integer.toString(counter)) + .png)): null

2018-12-12 20:14:40 - [TEST_STEP][PASSED] - Statement - counter = counter + 1: null

2018-12-12 20:14:40 - [TEST_STEP][PASSED] - Statement - PreSaveFile = new java.io.File(((pathPrefix + java.lang.Integer.toString(counter)) + .png)): null

2018-12-12 20:14:40 - [TEST_STEP][PASSED] - Statement - counter = counter + 1: null

2018-12-12 20:14:41 - [TEST_STEP][PASSED] - Statement - PreSaveFile = new java.io.File(((pathPrefix + java.lang.Integer.toString(counter)) + .png)): null

2018-12-12 20:14:41 - [TEST_STEP][PASSED] - Statement - counter = counter + 1: null

2018-12-12 20:14:41 - [TEST_STEP][PASSED] - Statement - PreSaveFile = new java.io.File(((pathPrefix + java.lang.Integer.toString(counter)) + .png)): null

2018-12-12 20:14:41 - [TEST_STEP][PASSED] - Statement - counter = counter + 1: null

2018-12-12 20:14:41 - [TEST_STEP][PASSED] - Statement - PreSaveFile = new java.io.File(((pathPrefix + java.lang.Integer.toString(counter)) + .png)): null

2018-12-12 20:14:41 - [TEST_STEP][PASSED] - Statement - counter = counter + 1: null

2018-12-12 20:14:41 - [TEST_STEP][PASSED] - Statement - PreSaveFile = new java.io.File(((pathPrefix + java.lang.Integer.toString(counter)) + .png)): null

2018-12-12 20:14:41 - [TEST_STEP][PASSED] - Statement - counter = counter + 1: null

2018-12-12 20:14:41 - [TEST_STEP][PASSED] - Statement - PreSaveFile = new java.io.File(((pathPrefix + java.lang.Integer.toString(counter)) + .png)): null

2018-12-12 20:14:41 - [TEST_STEP][PASSED] - Statement - counter = counter + 1: null

2018-12-12 20:14:41 - [TEST_STEP][PASSED] - Statement - PreSaveFile = new java.io.File(((pathPrefix + java.lang.Integer.toString(counter)) + .png)): null

2018-12-12 20:14:41 - [TEST_STEP][PASSED] - Statement - counter = counter + 1: null

2018-12-12 20:14:41 - [TEST_STEP][PASSED] - Statement - PreSaveFile = new java.io.File(((pathPrefix + java.lang.Integer.toString(counter)) + .png)): null

2018-12-12 20:14:41 - [TEST_STEP][PASSED] - Statement - counter = counter + 1: null

2018-12-12 20:14:41 - [TEST_STEP][PASSED] - Statement - PreSaveFile = new java.io.File(((pathPrefix + java.lang.Integer.toString(counter)) + .png)): null

2018-12-12 20:14:41 - [TEST_STEP][PASSED] - Statement - counter = counter + 1: null

2018-12-12 20:14:41 - [TEST_STEP][PASSED] - Statement - PreSaveFile = new java.io.File(((pathPrefix + java.lang.Integer.toString(counter)) + .png)): null

2018-12-12 20:14:41 - [TEST_STEP][PASSED] - Statement - counter = counter + 1: null

2018-12-12 20:14:41 - [TEST_STEP][PASSED] - Statement - PreSaveFile = new java.io.File(((pathPrefix + java.lang.Integer.toString(counter)) + .png)): null

2018-12-12 20:14:41 - [TEST_STEP][PASSED] - Statement - counter = counter + 1: null

2018-12-12 20:14:41 - [TEST_STEP][PASSED] - Statement - PreSaveFile = new java.io.File(((pathPrefix + java.lang.Integer.toString(counter)) + .png)): null

2018-12-12 20:14:41 - [TEST_STEP][PASSED] - Statement - counter = counter + 1: null

2018-12-12 20:14:41 - [TEST_STEP][PASSED] - Statement - PreSaveFile = new java.io.File(((pathPrefix + java.lang.Integer.toString(counter)) + .png)): null

2018-12-12 20:14:41 - [TEST_STEP][PASSED] - Statement - counter = counter + 1: null

2018-12-12 20:14:41 - [TEST_STEP][PASSED] - Statement - PreSaveFile = new java.io.File(((pathPrefix + java.lang.Integer.toString(counter)) + .png)): null

2018-12-12 20:14:41 - [TEST_STEP][PASSED] - Statement - counter = counter + 1: null

2018-12-12 20:14:41 - [TEST_STEP][PASSED] - Statement - PreSaveFile = new java.io.File(((pathPrefix + java.lang.Integer.toString(counter)) + .png)): null

2018-12-12 20:14:41 - [TEST_STEP][PASSED] - Statement - counter = counter + 1: null

2018-12-12 20:14:41 - [TEST_STEP][PASSED] - Statement - PreSaveFile = new java.io.File(((pathPrefix + java.lang.Integer.toString(counter)) + .png)): null

2018-12-12 20:14:41 - [TEST_STEP][PASSED] - Statement - counter = counter + 1: null

2018-12-12 20:14:41 - [TEST_STEP][PASSED] - Statement - PreSaveFile = new java.io.File(((pathPrefix + java.lang.Integer.toString(counter)) + .png)): null

2018-12-12 20:14:41 - [TEST_STEP][PASSED] - Statement - counter = counter + 1: null

2018-12-12 20:14:41 - [TEST_STEP][PASSED] - Statement - PreSaveFile = new java.io.File(((pathPrefix + java.lang.Integer.toString(counter)) + .png)): null

2018-12-12 20:14:41 - [TEST_STEP][PASSED] - Statement - counter = counter + 1: null

2018-12-12 20:14:41 - [TEST_STEP][PASSED] - Statement - PreSaveFile = new java.io.File(((pathPrefix + java.lang.Integer.toString(counter)) + .png)): null

2018-12-12 20:14:41 - [TEST_STEP][PASSED] - Statement - counter = counter + 1: null

2018-12-12 20:14:41 - [TEST_STEP][PASSED] - Statement - PreSaveFile = new java.io.File(((pathPrefix + java.lang.Integer.toString(counter)) + .png)): null

2018-12-12 20:14:41 - [TEST_STEP][PASSED] - Statement - counter = counter + 1: null

2018-12-12 20:14:41 - [TEST_STEP][PASSED] - Statement - PreSaveFile = new java.io.File(((pathPrefix + java.lang.Integer.toString(counter)) + .png)): null

2018-12-12 20:14:41 - [TEST_STEP][PASSED] - Statement - counter = counter + 1: null

2018-12-12 20:14:41 - [TEST_STEP][PASSED] - Statement - PreSaveFile = new java.io.File(((pathPrefix + java.lang.Integer.toString(counter)) + .png)): null

2018-12-12 20:14:41 - [TEST_STEP][PASSED] - Statement - counter = counter + 1: null

2018-12-12 20:14:41 - [TEST_STEP][PASSED] - Statement - PreSaveFile = new java.io.File(((pathPrefix + java.lang.Integer.toString(counter)) + .png)): null

2018-12-12 20:14:41 - [TEST_STEP][PASSED] - Statement - counter = counter + 1: null

2018-12-12 20:14:41 - [TEST_STEP][PASSED] - Statement - PreSaveFile = new java.io.File(((pathPrefix + java.lang.Integer.toString(counter)) + .png)): null

2018-12-12 20:14:41 - [TEST_STEP][PASSED] - Statement - counter = counter + 1: null

2018-12-12 20:14:41 - [TEST_STEP][PASSED] - Statement - PreSaveFile = new java.io.File(((pathPrefix + java.lang.Integer.toString(counter)) + .png)): null

2018-12-12 20:14:41 - [TEST_STEP][PASSED] - Statement - counter = counter + 1: null

2018-12-12 20:14:41 - [TEST_STEP][PASSED] - Statement - PreSaveFile = new java.io.File(((pathPrefix + java.lang.Integer.toString(counter)) + .png)): null

2018-12-12 20:14:41 - [TEST_STEP][PASSED] - Statement - counter = counter + 1: null

2018-12-12 20:14:41 - [TEST_STEP][PASSED] - Statement - PreSaveFile = new java.io.File(((pathPrefix + java.lang.Integer.toString(counter)) + .png)): null

2018-12-12 20:14:41 - [TEST_STEP][PASSED] - Statement - counter = counter + 1: null

2018-12-12 20:14:41 - [TEST_STEP][PASSED] - Statement - PreSaveFile = new java.io.File(((pathPrefix + java.lang.Integer.toString(counter)) + .png)): null

2018-12-12 20:14:41 - [TEST_STEP][PASSED] - Statement - counter = counter + 1: null

2018-12-12 20:14:41 - [TEST_STEP][PASSED] - Statement - PreSaveFile = new java.io.File(((pathPrefix + java.lang.Integer.toString(counter)) + .png)): null

2018-12-12 20:14:41 - [TEST_STEP][PASSED] - Statement - counter = counter + 1: null

2018-12-12 20:14:41 - [TEST_STEP][PASSED] - Statement - PreSaveFile = new java.io.File(((pathPrefix + java.lang.Integer.toString(counter)) + .png)): null

2018-12-12 20:14:41 - [TEST_STEP][PASSED] - Statement - counter = counter + 1: null

2018-12-12 20:14:41 - [TEST_STEP][PASSED] - Statement - PreSaveFile = new java.io.File(((pathPrefix + java.lang.Integer.toString(counter)) + .png)): null

2018-12-12 20:14:41 - [TEST_STEP][PASSED] - Statement - counter = counter + 1: null

2018-12-12 20:14:41 - [TEST_STEP][PASSED] - Statement - PreSaveFile = new java.io.File(((pathPrefix + java.lang.Integer.toString(counter)) + .png)): null

2018-12-12 20:14:41 - [TEST_STEP][PASSED] - Statement - counter = counter + 1: null

2018-12-12 20:14:41 - [TEST_STEP][PASSED] - Statement - PreSaveFile = new java.io.File(((pathPrefix + java.lang.Integer.toString(counter)) + .png)): null

2018-12-12 20:14:41 - [TEST_STEP][PASSED] - Statement - counter = counter + 1: null

2018-12-12 20:14:41 - [TEST_STEP][PASSED] - Statement - PreSaveFile = new java.io.File(((pathPrefix + java.lang.Integer.toString(counter)) + .png)): null

2018-12-12 20:14:41 - [TEST_STEP][PASSED] - Statement - counter = counter + 1: null

2018-12-12 20:14:41 - [TEST_STEP][PASSED] - Statement - PreSaveFile = new java.io.File(((pathPrefix + java.lang.Integer.toString(counter)) + .png)): null

2018-12-12 20:14:41 - [TEST_STEP][PASSED] - Statement - counter = counter + 1: null

2018-12-12 20:14:41 - [TEST_STEP][PASSED] - Statement - PreSaveFile = new java.io.File(((pathPrefix + java.lang.Integer.toString(counter)) + .png)): null

2018-12-12 20:14:41 - [TEST_STEP][PASSED] - Statement - counter = counter + 1: null

2018-12-12 20:14:41 - [TEST_STEP][PASSED] - Statement - PreSaveFile = new java.io.File(((pathPrefix + java.lang.Integer.toString(counter)) + .png)): null

2018-12-12 20:14:41 - [TEST_STEP][PASSED] - Statement - counter = counter + 1: null

2018-12-12 20:14:41 - [TEST_STEP][PASSED] - Statement - PreSaveFile = new java.io.File(((pathPrefix + java.lang.Integer.toString(counter)) + .png)): null

2018-12-12 20:14:41 - [TEST_STEP][PASSED] - Statement - counter = counter + 1: null

2018-12-12 20:14:41 - [TEST_STEP][PASSED] - Statement - PreSaveFile = new java.io.File(((pathPrefix + java.lang.Integer.toString(counter)) + .png)): null

2018-12-12 20:14:41 - [TEST_STEP][PASSED] - Statement - counter = counter + 1: null

2018-12-12 20:14:41 - [TEST_STEP][PASSED] - Statement - PreSaveFile = new java.io.File(((pathPrefix + java.lang.Integer.toString(counter)) + .png)): null

2018-12-12 20:14:41 - [TEST_STEP][PASSED] - Statement - counter = counter + 1: null

2018-12-12 20:14:41 - [TEST_STEP][PASSED] - Statement - PreSaveFile = new java.io.File(((pathPrefix + java.lang.Integer.toString(counter)) + .png)): null

2018-12-12 20:14:41 - [TEST_STEP][PASSED] - Statement - counter = counter + 1: null

2018-12-12 20:14:41 - [TEST_STEP][PASSED] - Statement - PreSaveFile = new java.io.File(((pathPrefix + java.lang.Integer.toString(counter)) + .png)): null

2018-12-12 20:14:41 - [TEST_STEP][PASSED] - Statement - counter = counter + 1: null

2018-12-12 20:14:41 - [TEST_STEP][PASSED] - Statement - PreSaveFile = new java.io.File(((pathPrefix + java.lang.Integer.toString(counter)) + .png)): null

2018-12-12 20:14:41 - [TEST_STEP][PASSED] - Statement - counter = counter + 1: null

2018-12-12 20:14:41 - [TEST_STEP][PASSED] - Statement - PreSaveFile = new java.io.File(((pathPrefix + java.lang.Integer.toString(counter)) + .png)): null

2018-12-12 20:14:41 - [TEST_STEP][PASSED] - Statement - counter = counter + 1: null

2018-12-12 20:14:41 - [TEST_STEP][PASSED] - Statement - PreSaveFile = new java.io.File(((pathPrefix + java.lang.Integer.toString(counter)) + .png)): null

2018-12-12 20:14:41 - [TEST_STEP][PASSED] - Statement - counter = counter + 1: null

2018-12-12 20:14:41 - [TEST_STEP][PASSED] - Statement - PreSaveFile = new java.io.File(((pathPrefix + java.lang.Integer.toString(counter)) + .png)): null

2018-12-12 20:14:41 - [TEST_STEP][PASSED] - Statement - counter = counter + 1: null

2018-12-12 20:14:41 - [TEST_STEP][PASSED] - Statement - PreSaveFile = new java.io.File(((pathPrefix + java.lang.Integer.toString(counter)) + .png)): null

2018-12-12 20:14:41 - [TEST_STEP][PASSED] - Statement - counter = counter + 1: null

2018-12-12 20:14:41 - [TEST_STEP][PASSED] - Statement - PreSaveFile = new java.io.File(((pathPrefix + java.lang.Integer.toString(counter)) + .png)): null

2018-12-12 20:14:41 - [TEST_STEP][PASSED] - Statement - counter = counter + 1: null

2018-12-12 20:14:41 - [TEST_STEP][PASSED] - Statement - PreSaveFile = new java.io.File(((pathPrefix + java.lang.Integer.toString(counter)) + .png)): null

2018-12-12 20:14:41 - [TEST_STEP][PASSED] - Statement - counter = counter + 1: null

2018-12-12 20:14:41 - [TEST_STEP][PASSED] - Statement - PreSaveFile = new java.io.File(((pathPrefix + java.lang.Integer.toString(counter)) + .png)): null

2018-12-12 20:14:41 - [TEST_STEP][PASSED] - Statement - counter = counter + 1: null

2018-12-12 20:14:41 - [TEST_STEP][PASSED] - Statement - PreSaveFile = new java.io.File(((pathPrefix + java.lang.Integer.toString(counter)) + .png)): null

2018-12-12 20:14:41 - [TEST_STEP][PASSED] - Statement - counter = counter + 1: null

2018-12-12 20:14:41 - [TEST_STEP][PASSED] - Statement - PreSaveFile = new java.io.File(((pathPrefix + java.lang.Integer.toString(counter)) + .png)): null

2018-12-12 20:14:41 - [TEST_STEP][PASSED] - Statement - counter = counter + 1: null

2018-12-12 20:14:41 - [TEST_STEP][PASSED] - Statement - PreSaveFile = new java.io.File(((pathPrefix + java.lang.Integer.toString(counter)) + .png)): null

2018-12-12 20:14:41 - [TEST_STEP][PASSED] - Statement - counter = counter + 1: null

2018-12-12 20:14:41 - [TEST_STEP][PASSED] - Statement - PreSaveFile = new java.io.File(((pathPrefix + java.lang.Integer.toString(counter)) + .png)): null

2018-12-12 20:14:41 - [TEST_STEP][PASSED] - Statement - counter = counter + 1: null

2018-12-12 20:14:41 - [TEST_STEP][PASSED] - Statement - PreSaveFile = new java.io.File(((pathPrefix + java.lang.Integer.toString(counter)) + .png)): null

2018-12-12 20:14:41 - [TEST_STEP][PASSED] - Statement - counter = counter + 1: null

2018-12-12 20:14:41 - [TEST_STEP][PASSED] - Statement - PreSaveFile = new java.io.File(((pathPrefix + java.lang.Integer.toString(counter)) + .png)): null

2018-12-12 20:14:41 - [TEST_STEP][PASSED] - Statement - counter = counter + 1: null

2018-12-12 20:14:41 - [TEST_STEP][PASSED] - Statement - PreSaveFile = new java.io.File(((pathPrefix + java.lang.Integer.toString(counter)) + .png)): null

2018-12-12 20:14:41 - [TEST_STEP][PASSED] - Statement - counter = counter + 1: null

2018-12-12 20:14:41 - [TEST_STEP][PASSED] - Statement - PreSaveFile = new java.io.File(((pathPrefix + java.lang.Integer.toString(counter)) + .png)): null

2018-12-12 20:14:41 - [TEST_STEP][PASSED] - Statement - counter = counter + 1: null

2018-12-12 20:14:41 - [TEST_STEP][PASSED] - Statement - PreSaveFile = new java.io.File(((pathPrefix + java.lang.Integer.toString(counter)) + .png)): null

2018-12-12 20:14:41 - [TEST_STEP][PASSED] - Statement - counter = counter + 1: null

2018-12-12 20:14:41 - [TEST_STEP][PASSED] - Statement - PreSaveFile = new java.io.File(((pathPrefix + java.lang.Integer.toString(counter)) + .png)): null

2018-12-12 20:14:41 - [TEST_STEP][PASSED] - Statement - counter = counter + 1: null

2018-12-12 20:14:41 - [TEST_STEP][PASSED] - Statement - PreSaveFile = new java.io.File(((pathPrefix + java.lang.Integer.toString(counter)) + .png)): null

2018-12-12 20:14:41 - [TEST_STEP][PASSED] - Statement - counter = counter + 1: null

2018-12-12 20:14:41 - [TEST_STEP][PASSED] - Statement - PreSaveFile = new java.io.File(((pathPrefix + java.lang.Integer.toString(counter)) + .png)): null

2018-12-12 20:14:41 - [TEST_STEP][PASSED] - Statement - counter = counter + 1: null

2018-12-12 20:14:41 - [TEST_STEP][PASSED] - Statement - PreSaveFile = new java.io.File(((pathPrefix + java.lang.Integer.toString(counter)) + .png)): null

2018-12-12 20:14:41 - [TEST_STEP][PASSED] - Statement - counter = counter + 1: null

2018-12-12 20:14:41 - [TEST_STEP][PASSED] - Statement - PreSaveFile = new java.io.File(((pathPrefix + java.lang.Integer.toString(counter)) + .png)): null

2018-12-12 20:14:41 - [TEST_STEP][PASSED] - Statement - counter = counter + 1: null

2018-12-12 20:14:41 - [TEST_STEP][PASSED] - Statement - PreSaveFile = new java.io.File(((pathPrefix + java.lang.Integer.toString(counter)) + .png)): null

2018-12-12 20:14:41 - [TEST_STEP][PASSED] - Statement - counter = counter + 1: null

2018-12-12 20:14:41 - [TEST_STEP][PASSED] - Statement - PreSaveFile = new java.io.File(((pathPrefix + java.lang.Integer.toString(counter)) + .png)): null

2018-12-12 20:14:41 - [TEST_STEP][PASSED] - Statement - counter = counter + 1: null

2018-12-12 20:14:41 - [TEST_STEP][PASSED] - Statement - PreSaveFile = new java.io.File(((pathPrefix + java.lang.Integer.toString(counter)) + .png)): null

2018-12-12 20:14:41 - [TEST_STEP][PASSED] - Statement - counter = counter + 1: null

2018-12-12 20:14:41 - [TEST_STEP][PASSED] - Statement - PreSaveFile = new java.io.File(((pathPrefix + java.lang.Integer.toString(counter)) + .png)): null

2018-12-12 20:14:41 - [TEST_STEP][PASSED] - Statement - counter = counter + 1: null

2018-12-12 20:14:41 - [TEST_STEP][PASSED] - Statement - PreSaveFile = new java.io.File(((pathPrefix + java.lang.Integer.toString(counter)) + .png)): null

2018-12-12 20:14:41 - [TEST_STEP][PASSED] - Statement - counter = counter + 1: null

2018-12-12 20:14:41 - [TEST_STEP][PASSED] - Statement - PreSaveFile = new java.io.File(((pathPrefix + java.lang.Integer.toString(counter)) + .png)): null

2018-12-12 20:14:41 - [TEST_STEP][PASSED] - Statement - counter = counter + 1: null

2018-12-12 20:14:41 - [TEST_STEP][PASSED] - Statement - PreSaveFile = new java.io.File(((pathPrefix + java.lang.Integer.toString(counter)) + .png)): null

2018-12-12 20:14:41 - [TEST_STEP][PASSED] - Statement - counter = counter + 1: null

2018-12-12 20:14:41 - [TEST_STEP][PASSED] - Statement - PreSaveFile = new java.io.File(((pathPrefix + java.lang.Integer.toString(counter)) + .png)): null

2018-12-12 20:14:41 - [TEST_STEP][PASSED] - Statement - counter = counter + 1: null

2018-12-12 20:14:41 - [TEST_STEP][PASSED] - Statement - PreSaveFile = new java.io.File(((pathPrefix + java.lang.Integer.toString(counter)) + .png)): null

2018-12-12 20:14:41 - [TEST_STEP][PASSED] - Statement - counter = counter + 1: null

2018-12-12 20:14:41 - [TEST_STEP][PASSED] - Statement - PreSaveFile = new java.io.File(((pathPrefix + java.lang.Integer.toString(counter)) + .png)): null

2018-12-12 20:14:41 - [TEST_STEP][PASSED] - Statement - counter = counter + 1: null

2018-12-12 20:14:41 - [TEST_STEP][PASSED] - Statement - PreSaveFile = new java.io.File(((pathPrefix + java.lang.Integer.toString(counter)) + .png)): null

2018-12-12 20:14:41 - [TEST_STEP][PASSED] - Statement - counter = counter + 1: null

2018-12-12 20:14:41 - [TEST_STEP][PASSED] - Statement - PreSaveFile = new java.io.File(((pathPrefix + java.lang.Integer.toString(counter)) + .png)): null

2018-12-12 20:14:41 - [TEST_STEP][PASSED] - Statement - counter = counter + 1: null

2018-12-12 20:14:41 - [TEST_STEP][PASSED] - Statement - PreSaveFile = new java.io.File(((pathPrefix + java.lang.Integer.toString(counter)) + .png)): null

2018-12-12 20:14:41 - [TEST_STEP][PASSED] - Statement - counter = counter + 1: null

2018-12-12 20:14:41 - [TEST_STEP][PASSED] - Statement - PreSaveFile = new java.io.File(((pathPrefix + java.lang.Integer.toString(counter)) + .png)): null

2018-12-12 20:14:41 - [TEST_STEP][PASSED] - Statement - counter = counter + 1: null

2018-12-12 20:14:41 - [TEST_STEP][PASSED] - Statement - PreSaveFile = new java.io.File(((pathPrefix + java.lang.Integer.toString(counter)) + .png)): null

2018-12-12 20:14:41 - [TEST_STEP][PASSED] - Statement - counter = counter + 1: null

2018-12-12 20:14:41 - [TEST_STEP][PASSED] - Statement - PreSaveFile = new java.io.File(((pathPrefix + java.lang.Integer.toString(counter)) + .png)): null

2018-12-12 20:14:41 - [TEST_STEP][PASSED] - Statement - counter = counter + 1: null

2018-12-12 20:14:41 - [TEST_STEP][PASSED] - Statement - PreSaveFile = new java.io.File(((pathPrefix + java.lang.Integer.toString(counter)) + .png)): null

2018-12-12 20:14:41 - [TEST_STEP][PASSED] - Statement - counter = counter + 1: null

2018-12-12 20:14:41 - [TEST_STEP][PASSED] - Statement - PreSaveFile = new java.io.File(((pathPrefix + java.lang.Integer.toString(counter)) + .png)): null

2018-12-12 20:14:41 - [TEST_STEP][PASSED] - Statement - counter = counter + 1: null

2018-12-12 20:14:41 - [TEST_STEP][PASSED] - Statement - PreSaveFile = new java.io.File(((pathPrefix + java.lang.Integer.toString(counter)) + .png)): null

2018-12-12 20:14:41 - [TEST_STEP][PASSED] - Statement - counter = counter + 1: null

2018-12-12 20:14:41 - [TEST_STEP][PASSED] - Statement - PreSaveFile = new java.io.File(((pathPrefix + java.lang.Integer.toString(counter)) + .png)): null

2018-12-12 20:14:41 - [TEST_STEP][PASSED] - Statement - counter = counter + 1: null

2018-12-12 20:14:41 - [TEST_STEP][PASSED] - Statement - PreSaveFile = new java.io.File(((pathPrefix + java.lang.Integer.toString(counter)) + .png)): null

2018-12-12 20:14:41 - [TEST_STEP][PASSED] - Statement - counter = counter + 1: null

2018-12-12 20:14:41 - [TEST_STEP][PASSED] - Statement - PreSaveFile = new java.io.File(((pathPrefix + java.lang.Integer.toString(counter)) + .png)): null

2018-12-12 20:14:41 - [TEST_STEP][PASSED] - Statement - counter = counter + 1: null

2018-12-12 20:14:41 - [TEST_STEP][PASSED] - Statement - PreSaveFile = new java.io.File(((pathPrefix + java.lang.Integer.toString(counter)) + .png)): null

2018-12-12 20:14:41 - [TEST_STEP][PASSED] - Statement - counter = counter + 1: null

2018-12-12 20:14:41 - [TEST_STEP][PASSED] - Statement - PreSaveFile = new java.io.File(((pathPrefix + java.lang.Integer.toString(counter)) + .png)): null

2018-12-12 20:14:41 - [TEST_STEP][PASSED] - Statement - counter = counter + 1: null

2018-12-12 20:14:41 - [TEST_STEP][PASSED] - Statement - PreSaveFile = new java.io.File(((pathPrefix + java.lang.Integer.toString(counter)) + .png)): null

2018-12-12 20:14:41 - [TEST_STEP][PASSED] - Statement - counter = counter + 1: null

2018-12-12 20:14:41 - [TEST_STEP][PASSED] - Statement - PreSaveFile = new java.io.File(((pathPrefix + java.lang.Integer.toString(counter)) + .png)): null

2018-12-12 20:14:41 - [TEST_STEP][PASSED] - Statement - counter = counter + 1: null

2018-12-12 20:14:41 - [TEST_STEP][PASSED] - Statement - PreSaveFile = new java.io.File(((pathPrefix + java.lang.Integer.toString(counter)) + .png)): null

2018-12-12 20:14:41 - [TEST_STEP][PASSED] - Statement - counter = counter + 1: null

2018-12-12 20:14:41 - [TEST_STEP][PASSED] - Statement - PreSaveFile = new java.io.File(((pathPrefix + java.lang.Integer.toString(counter)) + .png)): null

2018-12-12 20:14:41 - [TEST_STEP][PASSED] - Statement - counter = counter + 1: null

2018-12-12 20:14:41 - [TEST_STEP][PASSED] - Statement - PreSaveFile = new java.io.File(((pathPrefix + java.lang.Integer.toString(counter)) + .png)): null

2018-12-12 20:14:41 - [TEST_STEP][PASSED] - Statement - counter = counter + 1: null

2018-12-12 20:14:41 - [TEST_STEP][PASSED] - Statement - PreSaveFile = new java.io.File(((pathPrefix + java.lang.Integer.toString(counter)) + .png)): null

2018-12-12 20:14:41 - [TEST_STEP][PASSED] - Statement - counter = counter + 1: null

2018-12-12 20:14:41 - [TEST_STEP][PASSED] - Statement - PreSaveFile = new java.io.File(((pathPrefix + java.lang.Integer.toString(counter)) + .png)): null

2018-12-12 20:14:41 - [TEST_STEP][PASSED] - Statement - counter = counter + 1: null

2018-12-12 20:14:41 - [TEST_STEP][PASSED] - Statement - PreSaveFile = new java.io.File(((pathPrefix + java.lang.Integer.toString(counter)) + .png)): null

2018-12-12 20:14:41 - [TEST_STEP][PASSED] - Statement - counter = counter + 1: null

2018-12-12 20:14:41 - [TEST_STEP][PASSED] - Statement - PreSaveFile = new java.io.File(((pathPrefix + java.lang.Integer.toString(counter)) + .png)): null

2018-12-12 20:14:41 - [TEST_STEP][PASSED] - Statement - counter = counter + 1: null

2018-12-12 20:14:41 - [TEST_STEP][PASSED] - Statement - PreSaveFile = new java.io.File(((pathPrefix + java.lang.Integer.toString(counter)) + .png)): null

2018-12-12 20:14:41 - [TEST_STEP][PASSED] - Statement - counter = counter + 1: null

2018-12-12 20:14:41 - [TEST_STEP][PASSED] - Statement - PreSaveFile = new java.io.File(((pathPrefix + java.lang.Integer.toString(counter)) + .png)): null

2018-12-12 20:14:41 - [TEST_STEP][PASSED] - Statement - counter = counter + 1: null

2018-12-12 20:14:41 - [TEST_STEP][PASSED] - Statement - PreSaveFile = new java.io.File(((pathPrefix + java.lang.Integer.toString(counter)) + .png)): null

2018-12-12 20:14:41 - [TEST_STEP][PASSED] - Statement - counter = counter + 1: null

2018-12-12 20:14:41 - [TEST_STEP][PASSED] - Statement - PreSaveFile = new java.io.File(((pathPrefix + java.lang.Integer.toString(counter)) + .png)): null

2018-12-12 20:14:41 - [TEST_STEP][PASSED] - Statement - counter = counter + 1: null

2018-12-12 20:14:41 - [TEST_STEP][PASSED] - Statement - PreSaveFile = new java.io.File(((pathPrefix + java.lang.Integer.toString(counter)) + .png)): null

2018-12-12 20:14:41 - [TEST_STEP][PASSED] - Statement - counter = counter + 1: null

2018-12-12 20:14:41 - [TEST_STEP][PASSED] - Statement - PreSaveFile = new java.io.File(((pathPrefix + java.lang.Integer.toString(counter)) + .png)): null

2018-12-12 20:14:41 - [TEST_STEP][PASSED] - Statement - counter = counter + 1: null

2018-12-12 20:14:41 - [TEST_STEP][PASSED] - Statement - PreSaveFile = new java.io.File(((pathPrefix + java.lang.Integer.toString(counter)) + .png)): null

2018-12-12 20:14:41 - [TEST_STEP][PASSED] - Statement - counter = counter + 1: null

2018-12-12 20:14:41 - [TEST_STEP][PASSED] - Statement - PreSaveFile = new java.io.File(((pathPrefix + java.lang.Integer.toString(counter)) + .png)): null

2018-12-12 20:14:41 - [TEST_STEP][PASSED] - Statement - counter = counter + 1: null

2018-12-12 20:14:41 - [TEST_STEP][PASSED] - Statement - PreSaveFile = new java.io.File(((pathPrefix + java.lang.Integer.toString(counter)) + .png)): null

2018-12-12 20:14:41 - [TEST_STEP][PASSED] - Statement - counter = counter + 1: null

2018-12-12 20:14:41 - [TEST_STEP][PASSED] - Statement - PreSaveFile = new java.io.File(((pathPrefix + java.lang.Integer.toString(counter)) + .png)): null

2018-12-12 20:14:41 - [TEST_STEP][PASSED] - Statement - counter = counter + 1: null

2018-12-12 20:14:41 - [TEST_STEP][PASSED] - Statement - PreSaveFile = new java.io.File(((pathPrefix + java.lang.Integer.toString(counter)) + .png)): null

2018-12-12 20:14:41 - [TEST_STEP][PASSED] - Statement - counter = counter + 1: null

2018-12-12 20:14:41 - [TEST_STEP][PASSED] - Statement - PreSaveFile = new java.io.File(((pathPrefix + java.lang.Integer.toString(counter)) + .png)): null

2018-12-12 20:14:41 - [TEST_STEP][PASSED] - Statement - counter = counter + 1: null

2018-12-12 20:14:41 - [TEST_STEP][PASSED] - Statement - PreSaveFile = new java.io.File(((pathPrefix + java.lang.Integer.toString(counter)) + .png)): null

2018-12-12 20:14:41 - [TEST_STEP][PASSED] - Statement - counter = counter + 1: null

2018-12-12 20:14:41 - [TEST_STEP][PASSED] - Statement - PreSaveFile = new java.io.File(((pathPrefix + java.lang.Integer.toString(counter)) + .png)): null

2018-12-12 20:14:41 - [TEST_STEP][PASSED] - Statement - counter = counter + 1: null

2018-12-12 20:14:41 - [TEST_STEP][PASSED] - Statement - PreSaveFile = new java.io.File(((pathPrefix + java.lang.Integer.toString(counter)) + .png)): null

2018-12-12 20:14:41 - [TEST_STEP][PASSED] - Statement - counter = counter + 1: null

2018-12-12 20:14:41 - [TEST_STEP][PASSED] - Statement - PreSaveFile = new java.io.File(((pathPrefix + java.lang.Integer.toString(counter)) + .png)): null

2018-12-12 20:14:41 - [TEST_STEP][PASSED] - Statement - counter = counter + 1: null

2018-12-12 20:14:41 - [TEST_STEP][PASSED] - Statement - PreSaveFile = new java.io.File(((pathPrefix + java.lang.Integer.toString(counter)) + .png)): null

2018-12-12 20:14:41 - [TEST_STEP][PASSED] - Statement - counter = counter + 1: null

2018-12-12 20:14:41 - [TEST_STEP][PASSED] - Statement - PreSaveFile = new java.io.File(((pathPrefix + java.lang.Integer.toString(counter)) + .png)): null

2018-12-12 20:14:41 - [TEST_STEP][PASSED] - Statement - counter = counter + 1: null

2018-12-12 20:14:41 - [TEST_STEP][PASSED] - Statement - PreSaveFile = new java.io.File(((pathPrefix + java.lang.Integer.toString(counter)) + .png)): null

2018-12-12 20:14:41 - [TEST_STEP][PASSED] - Statement - counter = counter + 1: null

2018-12-12 20:14:41 - [TEST_STEP][PASSED] - Statement - PreSaveFile = new java.io.File(((pathPrefix + java.lang.Integer.toString(counter)) + .png)): null

2018-12-12 20:14:41 - [TEST_STEP][PASSED] - Statement - counter = counter + 1: null

2018-12-12 20:14:41 - [TEST_STEP][PASSED] - Statement - PreSaveFile = new java.io.File(((pathPrefix + java.lang.Integer.toString(counter)) + .png)): null

2018-12-12 20:14:41 - [TEST_STEP][PASSED] - Statement - counter = counter + 1: null

2018-12-12 20:14:41 - [TEST_STEP][PASSED] - Statement - PreSaveFile = new java.io.File(((pathPrefix + java.lang.Integer.toString(counter)) + .png)): null

2018-12-12 20:14:41 - [TEST_STEP][PASSED] - Statement - counter = counter + 1: null

2018-12-12 20:14:41 - [TEST_STEP][PASSED] - Statement - PreSaveFile = new java.io.File(((pathPrefix + java.lang.Integer.toString(counter)) + .png)): null

2018-12-12 20:14:41 - [TEST_STEP][PASSED] - Statement - counter = counter + 1: null

2018-12-12 20:14:41 - [TEST_STEP][PASSED] - Statement - PreSaveFile = new java.io.File(((pathPrefix + java.lang.Integer.toString(counter)) + .png)): null

2018-12-12 20:14:41 - [TEST_STEP][PASSED] - Statement - counter = counter + 1: null

2018-12-12 20:14:41 - [TEST_STEP][PASSED] - Statement - PreSaveFile = new java.io.File(((pathPrefix + java.lang.Integer.toString(counter)) + .png)): null

2018-12-12 20:14:41 - [TEST_STEP][PASSED] - Statement - counter = counter + 1: null

2018-12-12 20:14:41 - [TEST_STEP][PASSED] - Statement - PreSaveFile = new java.io.File(((pathPrefix + java.lang.Integer.toString(counter)) + .png)): null

2018-12-12 20:14:41 - [TEST_STEP][PASSED] - Statement - counter = counter + 1: null

2018-12-12 20:14:41 - [TEST_STEP][PASSED] - Statement - PreSaveFile = new java.io.File(((pathPrefix + java.lang.Integer.toString(counter)) + .png)): null

2018-12-12 20:14:41 - [TEST_STEP][PASSED] - Statement - counter = counter + 1: null

2018-12-12 20:14:41 - [TEST_STEP][PASSED] - Statement - PreSaveFile = new java.io.File(((pathPrefix + java.lang.Integer.toString(counter)) + .png)): null

2018-12-12 20:14:41 - [TEST_STEP][PASSED] - Statement - finalPath = pathPrefix + java.lang.Integer.toString(counter) + ".png": null

2018-12-12 20:14:41 - [TEST_STEP][PASSED] - Statement - SaveFile = new java.io.File(finalPath): null

2018-12-12 20:14:41 - [TEST_STEP][PASSED] - Statement - Try: null

2018-12-12 20:14:41 - [TEST_STEP][PASSED] - Statement - org.apache.commons.io.FileUtils.copyFile(scrFile, SaveFile): null

2018-12-12 20:14:41 - [TEST_STEP][PASSED] - Statement - out.println("file kept"): null

2018-12-12 20:14:41 - [TEST_STEP][PASSED] - delay: Delayed 10 second(s)

2018-12-12 20:14:51 - [MESSAGE][PASSED] - Delayed 10 second(s)

2018-12-12 20:14:51 - [MESSAGE][PASSED] - Call Test Case 'Test Cases/Final Aug 2018 - PKS Automation/Registration Module/New Registration/Submit and Screenshot/Submit Registration and Screenshot' successfully

2018-12-12 20:14:51 - [TEST_STEP][PASSED] - callTestCase: Call Test Case 'Test Cases/Final Aug 2018 - PKS Automation/Registration Module/Log Out/log out avoiding katalon tagging' successfully

2018-12-12 20:14:51 - [TEST_CASE][PASSED] - Test Cases/Final Aug 2018 - PKS Automation/Registration Module/Log Out/log out avoiding katalon tagging: Test Cases/Final Aug 2018 - PKS Automation/Registration Module/Log Out/log out avoiding katalon tagging

2018-12-12 20:14:51 - [TEST_STEP][PASSED] - navigateToUrl: Navigate to 'https://assist2-uat.perkeso.gov.my/c/portal/logout' successfully

2018-12-12 20:14:52 - [MESSAGE][PASSED] - Navigate to 'https://assist2-uat.perkeso.gov.my/c/portal/logout' successfully

2018-12-12 20:14:52 - [MESSAGE][PASSED] - Call Test Case 'Test Cases/Final Aug 2018 - PKS Automation/Registration Module/Log Out/log out avoiding katalon tagging' successfully

2018-12-12 20:14:52 - [TEST_STEP][PASSED] - callTestCase: Call Test Case 'Test Cases/Final Aug 2018 - PKS Automation/Common/Workflow Owner Finder' successfully

2018-12-12 20:14:52 - [TEST_CASE][PASSED] - Test Cases/Final Aug 2018 - PKS Automation/Common/Workflow Owner Finder: Test Cases/Final Aug 2018 - PKS Automation/Common/Workflow Owner Finder

2018-12-12 20:14:52 - [TEST_STEP][PASSED] - openBrowser: Browser is opened with url: ''

2018-12-12 20:14:52 - [MESSAGE][WARNING] - A browser is already opened. Closing browser and opening a new one

2018-12-12 20:14:56 - [MESSAGE][PASSED] - Browser is opened with url: ''

2018-12-12 20:14:56 - [TEST_STEP][PASSED] - navigateToUrl: Navigate to 'https://assist2-uat.perkeso.gov.my/login' successfully

2018-12-12 20:14:57 - [MESSAGE][PASSED] - Navigate to 'https://assist2-uat.perkeso.gov.my/login' successfully

2018-12-12 20:14:57 - [TEST_STEP][PASSED] - delay: Delayed 5 second(s)

2018-12-12 20:15:02 - [MESSAGE][PASSED] - Delayed 5 second(s)

2018-12-12 20:15:02 - [TEST_STEP][PASSED] - setText: Text 'test@liferay.com' is set on object 'Object Repository/Final Object Repo/Login Page/Internal User/Email Address'

2018-12-12 20:15:02 - [MESSAGE][PASSED] - Text 'test@liferay.com' is set on object 'Object Repository/Final Object Repo/Login Page/Internal User/Email Address'

2018-12-12 20:15:02 - [TEST_STEP][PASSED] - click: Object: 'Object Repository/Final Object Repo/Login Page/Internal User/Next Button' is clicked on

2018-12-12 20:15:02 - [MESSAGE][PASSED] - Object: 'Object Repository/Final Object Repo/Login Page/Internal User/Next Button' is clicked on

2018-12-12 20:15:02 - [TEST_STEP][PASSED] - delay: Delayed 2 second(s)

2018-12-12 20:15:04 - [MESSAGE][PASSED] - Delayed 2 second(s)

2018-12-12 20:15:04 - [TEST_STEP][PASSED] - setText: Text 'test' is set on object 'Object Repository/Final Object Repo/Login Page/Internal User/Password'

2018-12-12 20:15:05 - [MESSAGE][PASSED] - Text 'test' is set on object 'Object Repository/Final Object Repo/Login Page/Internal User/Password'

2018-12-12 20:15:05 - [TEST_STEP][PASSED] - delay: Delayed 2 second(s)

2018-12-12 20:15:07 - [MESSAGE][PASSED] - Delayed 2 second(s)

2018-12-12 20:15:07 - [TEST_STEP][PASSED] - click: Object: 'Object Repository/Final Object Repo/Login Page/Internal User/Login Button' is clicked on

2018-12-12 20:15:07 - [MESSAGE][PASSED] - Object: 'Object Repository/Final Object Repo/Login Page/Internal User/Login Button' is clicked on

2018-12-12 20:15:07 - [TEST_STEP][PASSED] - Statement - tester = com.kms.katalon.core.testobject.ObjectRepository.findTestObject(Final Object Repo/Landing Page/Select to English): Finding Test Object with id 'Object Repository/Final Object Repo/Landing Page/Select to English'

2018-12-12 20:15:07 - [TEST_STEP][PASSED] - Statement - Try: Delayed 2 second(s)

2018-12-12 20:15:07 - [TEST_STEP][PASSED] - Statement - Checker = com.kms.katalon.core.webui.keyword.WebUiBuiltInKeywords.verifyElementNotPresent(tester, 3): Web element with id: 'Object Repository/Final Object Repo/Landing Page/Select to English' located by 'By.xpath: //a[@class = 'taglib-language-list-text' and @lang = 'en-US' and (contains(text(), 'EN') or contains(., 'EN'))]' is not present after '3' second(s)

2018-12-12 20:15:09 - [MESSAGE][PASSED] - Web element with id: 'Object Repository/Final Object Repo/Landing Page/Select to English' located by 'By.xpath: //a[@class = 'taglib-language-list-text' and @lang = 'en-US' and (contains(text(), 'EN') or contains(., 'EN'))]' is not present after '3' second(s)

2018-12-12 20:15:09 - [TEST_STEP][PASSED] - Statement - If (Checker == false): null

2018-12-12 20:15:09 - [TEST_STEP][PASSED] - delay: Delayed 2 second(s)

2018-12-12 20:15:11 - [MESSAGE][PASSED] - Delayed 2 second(s)

2018-12-12 20:15:11 - [TEST_STEP][PASSED] - delay: Delayed 5 second(s)

2018-12-12 20:15:16 - [MESSAGE][PASSED] - Delayed 5 second(s)

2018-12-12 20:15:16 - [TEST_STEP][PASSED] - mouseOver: Object: 'Object Repository/Final Object Repo/Landing Page/WorkFlow Menu' is hovered

2018-12-12 20:15:16 - [MESSAGE][PASSED] - Object: 'Object Repository/Final Object Repo/Landing Page/WorkFlow Menu' is hovered

2018-12-12 20:15:16 - [TEST_STEP][PASSED] - delay: Delayed 2 second(s)

2018-12-12 20:15:18 - [MESSAGE][PASSED] - Delayed 2 second(s)

2018-12-12 20:15:18 - [TEST_STEP][PASSED] - click: Object: 'Object Repository/Final Object Repo/Landing Page/Select to Workflow Listing' is clicked on

2018-12-12 20:15:19 - [MESSAGE][PASSED] - Object: 'Object Repository/Final Object Repo/Landing Page/Select to Workflow Listing' is clicked on

2018-12-12 20:15:19 - [TEST_STEP][PASSED] - delay: Delayed 2 second(s)

2018-12-12 20:15:21 - [MESSAGE][PASSED] - Delayed 2 second(s)

2018-12-12 20:15:21 - [TEST_STEP][PASSED] - click: Object: 'Object Repository/Final Object Repo/WorkFlow Listing Page/Search Information - To Put Ref No' is clicked on

2018-12-12 20:15:21 - [MESSAGE][PASSED] - Object: 'Object Repository/Final Object Repo/WorkFlow Listing Page/Search Information - To Put Ref No' is clicked on

2018-12-12 20:15:21 - [TEST_STEP][PASSED] - delay: Delayed 2 second(s)

2018-12-12 20:15:23 - [MESSAGE][PASSED] - Delayed 2 second(s)

2018-12-12 20:15:23 - [TEST_STEP][PASSED] - callTestCase: Call Test Case 'Test Cases/Final Aug 2018 - PKS Automation/Common/Reference Number Getter' successfully

2018-12-12 20:15:23 - [TEST_CASE][PASSED] - Test Cases/Final Aug 2018 - PKS Automation/Common/Reference Number Getter: Test Cases/Final Aug 2018 - PKS Automation/Common/Reference Number Getter

2018-12-12 20:15:23 - [TEST_STEP][PASSED] - Statement - Try: null

2018-12-12 20:15:23 - [TEST_STEP][PASSED] - Statement - RefNo = new java.io.File(C://Users//Admin//Desktop//PKS//Automation Reference Point//KatalonReference.txt): null

2018-12-12 20:15:23 - [TEST_STEP][PASSED] - Statement - bufferread = new java.io.BufferedReader(new java.io.FileReader(RefNo)): null

2018-12-12 20:15:23 - [TEST_STEP][PASSED] - Statement - readedVal = bufferread.readLine(): null

2018-12-12 20:15:23 - [TEST_STEP][PASSED] - Statement - out.println(CaseReferenceNo): null

2018-12-12 20:15:23 - [TEST_STEP][PASSED] - Statement - out.println(readedVal): null

2018-12-12 20:15:23 - [TEST_STEP][PASSED] - Statement - CaseReferenceNo = "": null

2018-12-12 20:15:23 - [TEST_STEP][PASSED] - Statement - CaseReferenceNo = readedVal: null

2018-12-12 20:15:23 - [MESSAGE][PASSED] - Call Test Case 'Test Cases/Final Aug 2018 - PKS Automation/Common/Reference Number Getter' successfully

2018-12-12 20:15:23 - [TEST_STEP][PASSED] - setText: Text 'CRN12201800123235' is set on object 'Object Repository/Final Object Repo/WorkFlow Listing Page/Ref No Set Text'

2018-12-12 20:15:24 - [MESSAGE][PASSED] - Text 'CRN12201800123235' is set on object 'Object Repository/Final Object Repo/WorkFlow Listing Page/Ref No Set Text'

2018-12-12 20:15:24 - [TEST_STEP][PASSED] - delay: Delayed 2 second(s)

2018-12-12 20:15:26 - [MESSAGE][PASSED] - Delayed 2 second(s)

2018-12-12 20:15:26 - [TEST_STEP][PASSED] - click: Object: 'Object Repository/Final Object Repo/WorkFlow Listing Page/Search Ref No Search Button' is clicked on

2018-12-12 20:15:26 - [MESSAGE][PASSED] - Object: 'Object Repository/Final Object Repo/WorkFlow Listing Page/Search Ref No Search Button' is clicked on

2018-12-12 20:15:26 - [TEST_STEP][PASSED] - delay: Delayed 6 second(s)

2018-12-12 20:15:32 - [MESSAGE][PASSED] - Delayed 6 second(s)

2018-12-12 20:15:32 - [TEST_STEP][PASSED] - click: Object: 'Object Repository/Final Object Repo/WorkFlow Listing Page/Click Continue Tooltip' is clicked on

2018-12-12 20:15:33 - [MESSAGE][PASSED] - Object: 'Object Repository/Final Object Repo/WorkFlow Listing Page/Click Continue Tooltip' is clicked on

2018-12-12 20:15:33 - [TEST_STEP][PASSED] - delay: Delayed 5 second(s)

2018-12-12 20:15:38 - [MESSAGE][PASSED] - Delayed 5 second(s)

2018-12-12 20:15:38 - [TEST_STEP][PASSED] - doubleClick: Object: 'Object Repository/Final Object Repo/WorkFlow Listing Page/Workflow Found - Listing 1' is double clicked on

2018-12-12 20:15:38 - [MESSAGE][PASSED] - Object: 'Object Repository/Final Object Repo/WorkFlow Listing Page/Workflow Found - Listing 1' is double clicked on

2018-12-12 20:15:38 - [TEST_STEP][PASSED] - Statement - println(OwnerID): null

2018-12-12 20:15:38 - [TEST_STEP][PASSED] - Statement - OwnerID = com.kms.katalon.core.webui.keyword.WebUiBuiltInKeywords.getText(com.kms.katalon.core.testobject.ObjectRepository.findTestObject(Final Object Repo/WorkFlow Listing Page/Workflow Found - Listing 1), STOP_ON_FAILURE): Text of object 'Object Repository/Final Object Repo/WorkFlow Listing Page/Workflow Found - Listing 1' is: 'KLpkrbo2'

2018-12-12 20:15:38 - [MESSAGE][PASSED] - Text of object 'Object Repository/Final Object Repo/WorkFlow Listing Page/Workflow Found - Listing 1' is: 'KLpkrbo2'

2018-12-12 20:15:38 - [TEST_STEP][PASSED] - Statement - OwnerID = OwnerID.toLowerCase() + "@gmail.com": null

2018-12-12 20:15:38 - [TEST_STEP][PASSED] - Statement - println(OwnerID): null

2018-12-12 20:15:38 - [TEST_STEP][PASSED] - delay: Delayed 2 second(s)

2018-12-12 20:15:40 - [MESSAGE][PASSED] - Delayed 2 second(s)

2018-12-12 20:15:40 - [MESSAGE][PASSED] - Call Test Case 'Test Cases/Final Aug 2018 - PKS Automation/Common/Workflow Owner Finder' successfully

2018-12-12 20:15:40 - [TEST_STEP][PASSED] - callTestCase: Call Test Case 'Test Cases/Final Aug 2018 - PKS Automation/Registration Module/Log Out/log out avoiding katalon tagging' successfully

2018-12-12 20:15:40 - [TEST_CASE][PASSED] - Test Cases/Final Aug 2018 - PKS Automation/Registration Module/Log Out/log out avoiding katalon tagging: Test Cases/Final Aug 2018 - PKS Automation/Registration Module/Log Out/log out avoiding katalon tagging

2018-12-12 20:15:40 - [TEST_STEP][PASSED] - navigateToUrl: Navigate to 'https://assist2-uat.perkeso.gov.my/c/portal/logout' successfully

2018-12-12 20:15:41 - [MESSAGE][PASSED] - Navigate to 'https://assist2-uat.perkeso.gov.my/c/portal/logout' successfully

2018-12-12 20:15:41 - [MESSAGE][PASSED] - Call Test Case 'Test Cases/Final Aug 2018 - PKS Automation/Registration Module/Log Out/log out avoiding katalon tagging' successfully

2018-12-12 20:15:41 - [TEST_STEP][PASSED] - delay: Delayed 2 second(s)

2018-12-12 20:15:43 - [MESSAGE][PASSED] - Delayed 2 second(s)

2018-12-12 20:15:43 - [TEST_STEP][PASSED] - setText: Text 'klpkrbo2@gmail.com' is set on object 'Object Repository/Final Object Repo/New Registration - Registration Module Pages/New Reg - OTC to RO/Special Case - All Related Objects/Email TextBox'

2018-12-12 20:15:43 - [MESSAGE][PASSED] - Text 'klpkrbo2@gmail.com' is set on object 'Object Repository/Final Object Repo/New Registration - Registration Module Pages/New Reg - OTC to RO/Special Case - All Related Objects/Email TextBox'

2018-12-12 20:15:43 - [TEST_STEP][PASSED] - click: Object: 'Object Repository/Final Object Repo/New Registration - Registration Module Pages/New Reg - OTC to RO/Special Case - All Related Objects/Next Button' is clicked on

2018-12-12 20:15:43 - [MESSAGE][PASSED] - Object: 'Object Repository/Final Object Repo/New Registration - Registration Module Pages/New Reg - OTC to RO/Special Case - All Related Objects/Next Button' is clicked on

2018-12-12 20:15:43 - [TEST_STEP][PASSED] - delay: Delayed 2 second(s)

2018-12-12 20:15:45 - [MESSAGE][PASSED] - Delayed 2 second(s)

2018-12-12 20:15:45 - [TEST_STEP][PASSED] - setText: Text 'Test1@3456789' is set on object 'Object Repository/Final Object Repo/New Registration - Registration Module Pages/New Reg - OTC to RO/Special Case - All Related Objects/Password TextBox'

2018-12-12 20:15:46 - [MESSAGE][PASSED] - Text 'Test1@3456789' is set on object 'Object Repository/Final Object Repo/New Registration - Registration Module Pages/New Reg - OTC to RO/Special Case - All Related Objects/Password TextBox'

2018-12-12 20:15:46 - [TEST_STEP][PASSED] - delay: Delayed 2 second(s)

2018-12-12 20:15:48 - [MESSAGE][PASSED] - Delayed 2 second(s)

2018-12-12 20:15:48 - [TEST_STEP][PASSED] - click: Object: 'Object Repository/Final Object Repo/New Registration - Registration Module Pages/New Reg - OTC to RO/Special Case - All Related Objects/Login Button' is clicked on

2018-12-12 20:15:48 - [MESSAGE][PASSED] - Object: 'Object Repository/Final Object Repo/New Registration - Registration Module Pages/New Reg - OTC to RO/Special Case - All Related Objects/Login Button' is clicked on

2018-12-12 20:15:48 - [TEST_STEP][PASSED] - delay: Delayed 2 second(s)

2018-12-12 20:15:50 - [MESSAGE][PASSED] - Delayed 2 second(s)

2018-12-12 20:15:50 - [TEST_STEP][PASSED] - Statement - Try: null

2018-12-12 20:15:50 - [TEST_STEP][PASSED] - Statement - Checker = com.kms.katalon.core.webui.keyword.WebUiBuiltInKeywords.verifyElementNotPresent("Final Object Repo/Landing Page/Select to English", 3): null

2018-12-12 20:15:50 - [TEST_STEP][PASSED] - Statement - Catch (Exception e): null

2018-12-12 20:15:50 - [TEST_STEP][PASSED] - Statement - e.printStackTrace(): null

2018-12-12 20:15:50 - [TEST_STEP][PASSED] - click: Object: 'Object Repository/Final Object Repo/New Registration - Registration Module Pages/New Reg - OTC to RO/Special Case - All Related Objects/Expand to Search' is clicked on

2018-12-12 20:15:50 - [MESSAGE][PASSED] - Object: 'Object Repository/Final Object Repo/New Registration - Registration Module Pages/New Reg - OTC to RO/Special Case - All Related Objects/Expand to Search' is clicked on

2018-12-12 20:15:50 - [TEST_STEP][PASSED] - delay: Delayed 2 second(s)

2018-12-12 20:15:52 - [MESSAGE][PASSED] - Delayed 2 second(s)

2018-12-12 20:15:52 - [TEST_STEP][PASSED] - setText: Text 'CRN12201800123235' is set on object 'Object Repository/Final Object Repo/New Registration - Registration Module Pages/New Reg - OTC to RO/Special Case - All Related Objects/TextBox RefNo in Workbasket'

2018-12-12 20:15:52 - [MESSAGE][PASSED] - Text 'CRN12201800123235' is set on object 'Object Repository/Final Object Repo/New Registration - Registration Module Pages/New Reg - OTC to RO/Special Case - All Related Objects/TextBox RefNo in Workbasket'

2018-12-12 20:15:52 - [TEST_STEP][PASSED] - delay: Delayed 2 second(s)

2018-12-12 20:15:54 - [MESSAGE][PASSED] - Delayed 2 second(s)

2018-12-12 20:15:54 - [TEST_STEP][PASSED] - click: Object: 'Object Repository/Final Object Repo/New Registration - Registration Module Pages/New Reg - OTC to RO/Special Case - All Related Objects/Click Search' is clicked on

2018-12-12 20:15:54 - [MESSAGE][PASSED] - Object: 'Object Repository/Final Object Repo/New Registration - Registration Module Pages/New Reg - OTC to RO/Special Case - All Related Objects/Click Search' is clicked on

2018-12-12 20:15:54 - [TEST_STEP][PASSED] - delay: Delayed 2 second(s)

2018-12-12 20:15:56 - [MESSAGE][PASSED] - Delayed 2 second(s)

2018-12-12 20:15:56 - [TEST_STEP][PASSED] - click: Object: 'Object Repository/Final Object Repo/New Registration - Registration Module Pages/New Reg - OTC to RO/Special Case - All Related Objects/Click to Continue Workflow' is clicked on

2018-12-12 20:15:58 - [MESSAGE][PASSED] - Object: 'Object Repository/Final Object Repo/New Registration - Registration Module Pages/New Reg - OTC to RO/Special Case - All Related Objects/Click to Continue Workflow' is clicked on

2018-12-12 20:15:58 - [TEST_STEP][PASSED] - delay: Delayed 2 second(s)

2018-12-12 20:16:00 - [MESSAGE][PASSED] - Delayed 2 second(s)

2018-12-12 20:16:00 - [TEST_STEP][PASSED] - click: Object: 'Object Repository/Final Object Repo/New Registration - Registration Module Pages/New Reg - OTC to RO/Special Case - All Related Objects/Form 1 Save n Continue' is clicked on

2018-12-12 20:16:01 - [MESSAGE][PASSED] - Object: 'Object Repository/Final Object Repo/New Registration - Registration Module Pages/New Reg - OTC to RO/Special Case - All Related Objects/Form 1 Save n Continue' is clicked on

2018-12-12 20:16:01 - [TEST_STEP][PASSED] - delay: Delayed 5 second(s)

2018-12-12 20:16:06 - [MESSAGE][PASSED] - Delayed 5 second(s)

2018-12-12 20:16:06 - [TEST_STEP][PASSED] - click: Object: 'Object Repository/Final Object Repo/New Registration - Registration Module Pages/New Reg - OTC to RO/Special Case - OTC - Form 1/Confirm No Flagging as Branch' is clicked on

2018-12-12 20:16:06 - [MESSAGE][PASSED] - Object: 'Object Repository/Final Object Repo/New Registration - Registration Module Pages/New Reg - OTC to RO/Special Case - OTC - Form 1/Confirm No Flagging as Branch' is clicked on

2018-12-12 20:16:06 - [TEST_STEP][PASSED] - delay: Delayed 2 second(s)

2018-12-12 20:16:08 - [MESSAGE][PASSED] - Delayed 2 second(s)

2018-12-12 20:16:08 - [TEST_STEP][PASSED] - click: Object: 'Object Repository/Final Object Repo/New Registration - Registration Module Pages/New Reg - OTC to RO/Special Case - All Related Objects/Form 2 Save n Continue' is clicked on

2018-12-12 20:16:08 - [MESSAGE][PASSED] - Object: 'Object Repository/Final Object Repo/New Registration - Registration Module Pages/New Reg - OTC to RO/Special Case - All Related Objects/Form 2 Save n Continue' is clicked on

2018-12-12 20:16:08 - [TEST_STEP][PASSED] - delay: Delayed 4 second(s)

2018-12-12 20:16:12 - [MESSAGE][PASSED] - Delayed 4 second(s)

2018-12-12 20:16:12 - [TEST_STEP][PASSED] - click: Object: 'Object Repository/Final Object Repo/New Registration - Registration Module Pages/New Reg - OTC to RO/Special Case - All Related Objects/Third Screen Save n Continue' is clicked on

2018-12-12 20:16:17 - [MESSAGE][PASSED] - Object: 'Object Repository/Final Object Repo/New Registration - Registration Module Pages/New Reg - OTC to RO/Special Case - All Related Objects/Third Screen Save n Continue' is clicked on

2018-12-12 20:16:17 - [TEST_STEP][PASSED] - delay: Delayed 5 second(s)

2018-12-12 20:16:22 - [MESSAGE][PASSED] - Delayed 5 second(s)

2018-12-12 20:16:22 - [TEST_STEP][PASSED] - click: Object: 'Object Repository/Final Object Repo/New Registration - Registration Module Pages/New Reg - OTC to RO/Special Case - All Related Objects/Upload Doc Page Save n Continue' is clicked on

2018-12-12 20:16:23 - [MESSAGE][PASSED] - Object: 'Object Repository/Final Object Repo/New Registration - Registration Module Pages/New Reg - OTC to RO/Special Case - All Related Objects/Upload Doc Page Save n Continue' is clicked on

2018-12-12 20:16:23 - [TEST_STEP][PASSED] - callTestCase: Call Test Case 'Test Cases/Final Aug 2018 - PKS Automation/Registration Module/New Registration/Submit and Screenshot/Submit Registration and Screenshot' successfully

2018-12-12 20:16:23 - [TEST_CASE][PASSED] - Test Cases/Final Aug 2018 - PKS Automation/Registration Module/New Registration/Submit and Screenshot/Submit Registration and Screenshot: Test Cases/Final Aug 2018 - PKS Automation/Registration Module/New Registration/Submit and Screenshot/Submit Registration and Screenshot

2018-12-12 20:16:23 - [TEST_STEP][PASSED] - delay: Delayed 6 second(s)

2018-12-12 20:16:29 - [MESSAGE][PASSED] - Delayed 6 second(s)

2018-12-12 20:16:29 - [TEST_STEP][PASSED] - click: Object: 'Object Repository/Final Object Repo/New Registration - Registration Module Pages/Third Screen - Upload Supporting Doc- Preview/Preview Submit Button' is clicked on

2018-12-12 20:16:29 - [MESSAGE][PASSED] - Object: 'Object Repository/Final Object Repo/New Registration - Registration Module Pages/Third Screen - Upload Supporting Doc- Preview/Preview Submit Button' is clicked on

2018-12-12 20:16:29 - [TEST_STEP][PASSED] - delay: Delayed 2 second(s)

2018-12-12 20:16:31 - [MESSAGE][PASSED] - Delayed 2 second(s)

2018-12-12 20:16:31 - [TEST_STEP][PASSED] - click: Object: 'Object Repository/Final Object Repo/New Registration - Registration Module Pages/Third Screen - Upload Supporting Doc- Preview/Preview Submit - Confirm' is clicked on

2018-12-12 20:16:31 - [MESSAGE][PASSED] - Object: 'Object Repository/Final Object Repo/New Registration - Registration Module Pages/Third Screen - Upload Supporting Doc- Preview/Preview Submit - Confirm' is clicked on

2018-12-12 20:16:31 - [TEST_STEP][PASSED] - delay: Delayed 15 second(s)

2018-12-12 20:16:46 - [MESSAGE][PASSED] - Delayed 15 second(s)

2018-12-12 20:16:46 - [TEST_STEP][PASSED] - Statement - driver = com.kms.katalon.core.webui.driver.DriverFactory.getWebDriver(): null

2018-12-12 20:16:46 - [TEST_STEP][PASSED] - Statement - driver.manage().timeouts().implicitlyWait(10, SECONDS): null

2018-12-12 20:16:46 - [TEST_STEP][PASSED] - Statement - PresavePath = KatalonScreenshots: null

2018-12-12 20:16:46 - [TEST_STEP][PASSED] - Statement - pathPrefix = "C:\Users\Public\Pictures\Sample Pictures\Katalon Screenshots\Automate Ending Screen": null

2018-12-12 20:16:46 - [TEST_STEP][PASSED] - Statement - finalPath = <not implemented yet for class: org.codehaus.groovy.ast.expr.EmptyExpression>: null

2018-12-12 20:16:46 - [TEST_STEP][PASSED] - Statement - scrFile = driver.getScreenshotAs(FILE): null

2018-12-12 20:16:46 - [TEST_STEP][PASSED] - Statement - PreSaveFile = new java.io.File(PresavePath): null

2018-12-12 20:16:46 - [TEST_STEP][PASSED] - Statement - counter = 0: null

2018-12-12 20:16:46 - [TEST_STEP][PASSED] - Statement - If (PreSaveFile.exists()): null

2018-12-12 20:16:46 - [TEST_STEP][PASSED] - Statement - While (PreSaveFile.exists()): null

2018-12-12 20:16:46 - [TEST_STEP][PASSED] - Statement - counter = counter + 1: null

2018-12-12 20:16:46 - [TEST_STEP][PASSED] - Statement - PreSaveFile = new java.io.File(((pathPrefix + java.lang.Integer.toString(counter)) + .png)): null

2018-12-12 20:16:46 - [TEST_STEP][PASSED] - Statement - counter = counter + 1: null

2018-12-12 20:16:46 - [TEST_STEP][PASSED] - Statement - PreSaveFile = new java.io.File(((pathPrefix + java.lang.Integer.toString(counter)) + .png)): null

2018-12-12 20:16:46 - [TEST_STEP][PASSED] - Statement - counter = counter + 1: null

2018-12-12 20:16:46 - [TEST_STEP][PASSED] - Statement - PreSaveFile = new java.io.File(((pathPrefix + java.lang.Integer.toString(counter)) + .png)): null

2018-12-12 20:16:46 - [TEST_STEP][PASSED] - Statement - counter = counter + 1: null

2018-12-12 20:16:46 - [TEST_STEP][PASSED] - Statement - PreSaveFile = new java.io.File(((pathPrefix + java.lang.Integer.toString(counter)) + .png)): null

2018-12-12 20:16:46 - [TEST_STEP][PASSED] - Statement - counter = counter + 1: null

2018-12-12 20:16:46 - [TEST_STEP][PASSED] - Statement - PreSaveFile = new java.io.File(((pathPrefix + java.lang.Integer.toString(counter)) + .png)): null

2018-12-12 20:16:46 - [TEST_STEP][PASSED] - Statement - counter = counter + 1: null

2018-12-12 20:16:46 - [TEST_STEP][PASSED] - Statement - PreSaveFile = new java.io.File(((pathPrefix + java.lang.Integer.toString(counter)) + .png)): null

2018-12-12 20:16:46 - [TEST_STEP][PASSED] - Statement - counter = counter + 1: null

2018-12-12 20:16:46 - [TEST_STEP][PASSED] - Statement - PreSaveFile = new java.io.File(((pathPrefix + java.lang.Integer.toString(counter)) + .png)): null

2018-12-12 20:16:46 - [TEST_STEP][PASSED] - Statement - counter = counter + 1: null

2018-12-12 20:16:46 - [TEST_STEP][PASSED] - Statement - PreSaveFile = new java.io.File(((pathPrefix + java.lang.Integer.toString(counter)) + .png)): null

2018-12-12 20:16:46 - [TEST_STEP][PASSED] - Statement - counter = counter + 1: null

2018-12-12 20:16:46 - [TEST_STEP][PASSED] - Statement - PreSaveFile = new java.io.File(((pathPrefix + java.lang.Integer.toString(counter)) + .png)): null

2018-12-12 20:16:46 - [TEST_STEP][PASSED] - Statement - counter = counter + 1: null

2018-12-12 20:16:46 - [TEST_STEP][PASSED] - Statement - PreSaveFile = new java.io.File(((pathPrefix + java.lang.Integer.toString(counter)) + .png)): null

2018-12-12 20:16:46 - [TEST_STEP][PASSED] - Statement - counter = counter + 1: null

2018-12-12 20:16:46 - [TEST_STEP][PASSED] - Statement - PreSaveFile = new java.io.File(((pathPrefix + java.lang.Integer.toString(counter)) + .png)): null

2018-12-12 20:16:46 - [TEST_STEP][PASSED] - Statement - counter = counter + 1: null

2018-12-12 20:16:46 - [TEST_STEP][PASSED] - Statement - PreSaveFile = new java.io.File(((pathPrefix + java.lang.Integer.toString(counter)) + .png)): null

2018-12-12 20:16:46 - [TEST_STEP][PASSED] - Statement - counter = counter + 1: null

2018-12-12 20:16:46 - [TEST_STEP][PASSED] - Statement - PreSaveFile = new java.io.File(((pathPrefix + java.lang.Integer.toString(counter)) + .png)): null

2018-12-12 20:16:46 - [TEST_STEP][PASSED] - Statement - counter = counter + 1: null

2018-12-12 20:16:46 - [TEST_STEP][PASSED] - Statement - PreSaveFile = new java.io.File(((pathPrefix + java.lang.Integer.toString(counter)) + .png)): null

2018-12-12 20:16:46 - [TEST_STEP][PASSED] - Statement - counter = counter + 1: null

2018-12-12 20:16:46 - [TEST_STEP][PASSED] - Statement - PreSaveFile = new java.io.File(((pathPrefix + java.lang.Integer.toString(counter)) + .png)): null

2018-12-12 20:16:46 - [TEST_STEP][PASSED] - Statement - counter = counter + 1: null

2018-12-12 20:16:46 - [TEST_STEP][PASSED] - Statement - PreSaveFile = new java.io.File(((pathPrefix + java.lang.Integer.toString(counter)) + .png)): null

2018-12-12 20:16:46 - [TEST_STEP][PASSED] - Statement - counter = counter + 1: null

2018-12-12 20:16:46 - [TEST_STEP][PASSED] - Statement - PreSaveFile = new java.io.File(((pathPrefix + java.lang.Integer.toString(counter)) + .png)): null

2018-12-12 20:16:46 - [TEST_STEP][PASSED] - Statement - counter = counter + 1: null

2018-12-12 20:16:46 - [TEST_STEP][PASSED] - Statement - PreSaveFile = new java.io.File(((pathPrefix + java.lang.Integer.toString(counter)) + .png)): null

2018-12-12 20:16:46 - [TEST_STEP][PASSED] - Statement - counter = counter + 1: null

2018-12-12 20:16:46 - [TEST_STEP][PASSED] - Statement - PreSaveFile = new java.io.File(((pathPrefix + java.lang.Integer.toString(counter)) + .png)): null

2018-12-12 20:16:46 - [TEST_STEP][PASSED] - Statement - counter = counter + 1: null

2018-12-12 20:16:46 - [TEST_STEP][PASSED] - Statement - PreSaveFile = new java.io.File(((pathPrefix + java.lang.Integer.toString(counter)) + .png)): null

2018-12-12 20:16:46 - [TEST_STEP][PASSED] - Statement - counter = counter + 1: null

2018-12-12 20:16:46 - [TEST_STEP][PASSED] - Statement - PreSaveFile = new java.io.File(((pathPrefix + java.lang.Integer.toString(counter)) + .png)): null

2018-12-12 20:16:46 - [TEST_STEP][PASSED] - Statement - counter = counter + 1: null

2018-12-12 20:16:46 - [TEST_STEP][PASSED] - Statement - PreSaveFile = new java.io.File(((pathPrefix + java.lang.Integer.toString(counter)) + .png)): null

2018-12-12 20:16:46 - [TEST_STEP][PASSED] - Statement - counter = counter + 1: null

2018-12-12 20:16:46 - [TEST_STEP][PASSED] - Statement - PreSaveFile = new java.io.File(((pathPrefix + java.lang.Integer.toString(counter)) + .png)): null

2018-12-12 20:16:46 - [TEST_STEP][PASSED] - Statement - counter = counter + 1: null

2018-12-12 20:16:46 - [TEST_STEP][PASSED] - Statement - PreSaveFile = new java.io.File(((pathPrefix + java.lang.Integer.toString(counter)) + .png)): null

2018-12-12 20:16:46 - [TEST_STEP][PASSED] - Statement - counter = counter + 1: null

2018-12-12 20:16:46 - [TEST_STEP][PASSED] - Statement - PreSaveFile = new java.io.File(((pathPrefix + java.lang.Integer.toString(counter)) + .png)): null

2018-12-12 20:16:46 - [TEST_STEP][PASSED] - Statement - counter = counter + 1: null

2018-12-12 20:16:46 - [TEST_STEP][PASSED] - Statement - PreSaveFile = new java.io.File(((pathPrefix + java.lang.Integer.toString(counter)) + .png)): null

2018-12-12 20:16:46 - [TEST_STEP][PASSED] - Statement - counter = counter + 1: null

2018-12-12 20:16:46 - [TEST_STEP][PASSED] - Statement - PreSaveFile = new java.io.File(((pathPrefix + java.lang.Integer.toString(counter)) + .png)): null

2018-12-12 20:16:46 - [TEST_STEP][PASSED] - Statement - counter = counter + 1: null

2018-12-12 20:16:46 - [TEST_STEP][PASSED] - Statement - PreSaveFile = new java.io.File(((pathPrefix + java.lang.Integer.toString(counter)) + .png)): null

2018-12-12 20:16:46 - [TEST_STEP][PASSED] - Statement - counter = counter + 1: null

2018-12-12 20:16:46 - [TEST_STEP][PASSED] - Statement - PreSaveFile = new java.io.File(((pathPrefix + java.lang.Integer.toString(counter)) + .png)): null

2018-12-12 20:16:46 - [TEST_STEP][PASSED] - Statement - counter = counter + 1: null

2018-12-12 20:16:47 - [TEST_STEP][PASSED] - Statement - PreSaveFile = new java.io.File(((pathPrefix + java.lang.Integer.toString(counter)) + .png)): null

2018-12-12 20:16:47 - [TEST_STEP][PASSED] - Statement - counter = counter + 1: null

2018-12-12 20:16:47 - [TEST_STEP][PASSED] - Statement - PreSaveFile = new java.io.File(((pathPrefix + java.lang.Integer.toString(counter)) + .png)): null

2018-12-12 20:16:47 - [TEST_STEP][PASSED] - Statement - counter = counter + 1: null

2018-12-12 20:16:47 - [TEST_STEP][PASSED] - Statement - PreSaveFile = new java.io.File(((pathPrefix + java.lang.Integer.toString(counter)) + .png)): null

2018-12-12 20:16:47 - [TEST_STEP][PASSED] - Statement - counter = counter + 1: null

2018-12-12 20:16:47 - [TEST_STEP][PASSED] - Statement - PreSaveFile = new java.io.File(((pathPrefix + java.lang.Integer.toString(counter)) + .png)): null

2018-12-12 20:16:47 - [TEST_STEP][PASSED] - Statement - counter = counter + 1: null

2018-12-12 20:16:47 - [TEST_STEP][PASSED] - Statement - PreSaveFile = new java.io.File(((pathPrefix + java.lang.Integer.toString(counter)) + .png)): null

2018-12-12 20:16:47 - [TEST_STEP][PASSED] - Statement - counter = counter + 1: null

2018-12-12 20:16:47 - [TEST_STEP][PASSED] - Statement - PreSaveFile = new java.io.File(((pathPrefix + java.lang.Integer.toString(counter)) + .png)): null

2018-12-12 20:16:47 - [TEST_STEP][PASSED] - Statement - counter = counter + 1: null

2018-12-12 20:16:47 - [TEST_STEP][PASSED] - Statement - PreSaveFile = new java.io.File(((pathPrefix + java.lang.Integer.toString(counter)) + .png)): null

2018-12-12 20:16:47 - [TEST_STEP][PASSED] - Statement - counter = counter + 1: null

2018-12-12 20:16:47 - [TEST_STEP][PASSED] - Statement - PreSaveFile = new java.io.File(((pathPrefix + java.lang.Integer.toString(counter)) + .png)): null

2018-12-12 20:16:47 - [TEST_STEP][PASSED] - Statement - counter = counter + 1: null

2018-12-12 20:16:47 - [TEST_STEP][PASSED] - Statement - PreSaveFile = new java.io.File(((pathPrefix + java.lang.Integer.toString(counter)) + .png)): null

2018-12-12 20:16:47 - [TEST_STEP][PASSED] - Statement - counter = counter + 1: null

2018-12-12 20:16:47 - [TEST_STEP][PASSED] - Statement - PreSaveFile = new java.io.File(((pathPrefix + java.lang.Integer.toString(counter)) + .png)): null

2018-12-12 20:16:47 - [TEST_STEP][PASSED] - Statement - counter = counter + 1: null

2018-12-12 20:16:47 - [TEST_STEP][PASSED] - Statement - PreSaveFile = new java.io.File(((pathPrefix + java.lang.Integer.toString(counter)) + .png)): null

2018-12-12 20:16:47 - [TEST_STEP][PASSED] - Statement - counter = counter + 1: null

2018-12-12 20:16:47 - [TEST_STEP][PASSED] - Statement - PreSaveFile = new java.io.File(((pathPrefix + java.lang.Integer.toString(counter)) + .png)): null

2018-12-12 20:16:47 - [TEST_STEP][PASSED] - Statement - counter = counter + 1: null

2018-12-12 20:16:47 - [TEST_STEP][PASSED] - Statement - PreSaveFile = new java.io.File(((pathPrefix + java.lang.Integer.toString(counter)) + .png)): null

2018-12-12 20:16:47 - [TEST_STEP][PASSED] - Statement - counter = counter + 1: null

2018-12-12 20:16:47 - [TEST_STEP][PASSED] - Statement - PreSaveFile = new java.io.File(((pathPrefix + java.lang.Integer.toString(counter)) + .png)): null

2018-12-12 20:16:47 - [TEST_STEP][PASSED] - Statement - counter = counter + 1: null

2018-12-12 20:16:47 - [TEST_STEP][PASSED] - Statement - PreSaveFile = new java.io.File(((pathPrefix + java.lang.Integer.toString(counter)) + .png)): null

2018-12-12 20:16:47 - [TEST_STEP][PASSED] - Statement - counter = counter + 1: null

2018-12-12 20:16:47 - [TEST_STEP][PASSED] - Statement - PreSaveFile = new java.io.File(((pathPrefix + java.lang.Integer.toString(counter)) + .png)): null

2018-12-12 20:16:47 - [TEST_STEP][PASSED] - Statement - counter = counter + 1: null

2018-12-12 20:16:47 - [TEST_STEP][PASSED] - Statement - PreSaveFile = new java.io.File(((pathPrefix + java.lang.Integer.toString(counter)) + .png)): null

2018-12-12 20:16:47 - [TEST_STEP][PASSED] - Statement - counter = counter + 1: null

2018-12-12 20:16:47 - [TEST_STEP][PASSED] - Statement - PreSaveFile = new java.io.File(((pathPrefix + java.lang.Integer.toString(counter)) + .png)): null

2018-12-12 20:16:47 - [TEST_STEP][PASSED] - Statement - counter = counter + 1: null

2018-12-12 20:16:47 - [TEST_STEP][PASSED] - Statement - PreSaveFile = new java.io.File(((pathPrefix + java.lang.Integer.toString(counter)) + .png)): null

2018-12-12 20:16:47 - [TEST_STEP][PASSED] - Statement - counter = counter + 1: null

2018-12-12 20:16:47 - [TEST_STEP][PASSED] - Statement - PreSaveFile = new java.io.File(((pathPrefix + java.lang.Integer.toString(counter)) + .png)): null

2018-12-12 20:16:47 - [TEST_STEP][PASSED] - Statement - counter = counter + 1: null

2018-12-12 20:16:47 - [TEST_STEP][PASSED] - Statement - PreSaveFile = new java.io.File(((pathPrefix + java.lang.Integer.toString(counter)) + .png)): null

2018-12-12 20:16:47 - [TEST_STEP][PASSED] - Statement - counter = counter + 1: null

2018-12-12 20:16:47 - [TEST_STEP][PASSED] - Statement - PreSaveFile = new java.io.File(((pathPrefix + java.lang.Integer.toString(counter)) + .png)): null

2018-12-12 20:16:47 - [TEST_STEP][PASSED] - Statement - counter = counter + 1: null

2018-12-12 20:16:47 - [TEST_STEP][PASSED] - Statement - PreSaveFile = new java.io.File(((pathPrefix + java.lang.Integer.toString(counter)) + .png)): null

2018-12-12 20:16:47 - [TEST_STEP][PASSED] - Statement - counter = counter + 1: null

2018-12-12 20:16:47 - [TEST_STEP][PASSED] - Statement - PreSaveFile = new java.io.File(((pathPrefix + java.lang.Integer.toString(counter)) + .png)): null

2018-12-12 20:16:47 - [TEST_STEP][PASSED] - Statement - counter = counter + 1: null

2018-12-12 20:16:47 - [TEST_STEP][PASSED] - Statement - PreSaveFile = new java.io.File(((pathPrefix + java.lang.Integer.toString(counter)) + .png)): null

2018-12-12 20:16:47 - [TEST_STEP][PASSED] - Statement - counter = counter + 1: null

2018-12-12 20:16:47 - [TEST_STEP][PASSED] - Statement - PreSaveFile = new java.io.File(((pathPrefix + java.lang.Integer.toString(counter)) + .png)): null

2018-12-12 20:16:47 - [TEST_STEP][PASSED] - Statement - counter = counter + 1: null

2018-12-12 20:16:47 - [TEST_STEP][PASSED] - Statement - PreSaveFile = new java.io.File(((pathPrefix + java.lang.Integer.toString(counter)) + .png)): null

2018-12-12 20:16:47 - [TEST_STEP][PASSED] - Statement - counter = counter + 1: null

2018-12-12 20:16:47 - [TEST_STEP][PASSED] - Statement - PreSaveFile = new java.io.File(((pathPrefix + java.lang.Integer.toString(counter)) + .png)): null

2018-12-12 20:16:47 - [TEST_STEP][PASSED] - Statement - counter = counter + 1: null

2018-12-12 20:16:47 - [TEST_STEP][PASSED] - Statement - PreSaveFile = new java.io.File(((pathPrefix + java.lang.Integer.toString(counter)) + .png)): null

2018-12-12 20:16:47 - [TEST_STEP][PASSED] - Statement - counter = counter + 1: null

2018-12-12 20:16:47 - [TEST_STEP][PASSED] - Statement - PreSaveFile = new java.io.File(((pathPrefix + java.lang.Integer.toString(counter)) + .png)): null

2018-12-12 20:16:47 - [TEST_STEP][PASSED] - Statement - counter = counter + 1: null

2018-12-12 20:16:47 - [TEST_STEP][PASSED] - Statement - PreSaveFile = new java.io.File(((pathPrefix + java.lang.Integer.toString(counter)) + .png)): null

2018-12-12 20:16:47 - [TEST_STEP][PASSED] - Statement - counter = counter + 1: null

2018-12-12 20:16:47 - [TEST_STEP][PASSED] - Statement - PreSaveFile = new java.io.File(((pathPrefix + java.lang.Integer.toString(counter)) + .png)): null

2018-12-12 20:16:47 - [TEST_STEP][PASSED] - Statement - counter = counter + 1: null

2018-12-12 20:16:47 - [TEST_STEP][PASSED] - Statement - PreSaveFile = new java.io.File(((pathPrefix + java.lang.Integer.toString(counter)) + .png)): null

2018-12-12 20:16:47 - [TEST_STEP][PASSED] - Statement - counter = counter + 1: null

2018-12-12 20:16:47 - [TEST_STEP][PASSED] - Statement - PreSaveFile = new java.io.File(((pathPrefix + java.lang.Integer.toString(counter)) + .png)): null

2018-12-12 20:16:47 - [TEST_STEP][PASSED] - Statement - counter = counter + 1: null

2018-12-12 20:16:47 - [TEST_STEP][PASSED] - Statement - PreSaveFile = new java.io.File(((pathPrefix + java.lang.Integer.toString(counter)) + .png)): null

2018-12-12 20:16:47 - [TEST_STEP][PASSED] - Statement - counter = counter + 1: null

2018-12-12 20:16:47 - [TEST_STEP][PASSED] - Statement - PreSaveFile = new java.io.File(((pathPrefix + java.lang.Integer.toString(counter)) + .png)): null

2018-12-12 20:16:47 - [TEST_STEP][PASSED] - Statement - counter = counter + 1: null

2018-12-12 20:16:47 - [TEST_STEP][PASSED] - Statement - PreSaveFile = new java.io.File(((pathPrefix + java.lang.Integer.toString(counter)) + .png)): null

2018-12-12 20:16:47 - [TEST_STEP][PASSED] - Statement - counter = counter + 1: null

2018-12-12 20:16:47 - [TEST_STEP][PASSED] - Statement - PreSaveFile = new java.io.File(((pathPrefix + java.lang.Integer.toString(counter)) + .png)): null

2018-12-12 20:16:47 - [TEST_STEP][PASSED] - Statement - counter = counter + 1: null

2018-12-12 20:16:47 - [TEST_STEP][PASSED] - Statement - PreSaveFile = new java.io.File(((pathPrefix + java.lang.Integer.toString(counter)) + .png)): null

2018-12-12 20:16:47 - [TEST_STEP][PASSED] - Statement - counter = counter + 1: null

2018-12-12 20:16:47 - [TEST_STEP][PASSED] - Statement - PreSaveFile = new java.io.File(((pathPrefix + java.lang.Integer.toString(counter)) + .png)): null

2018-12-12 20:16:47 - [TEST_STEP][PASSED] - Statement - counter = counter + 1: null

2018-12-12 20:16:47 - [TEST_STEP][PASSED] - Statement - PreSaveFile = new java.io.File(((pathPrefix + java.lang.Integer.toString(counter)) + .png)): null

2018-12-12 20:16:47 - [TEST_STEP][PASSED] - Statement - counter = counter + 1: null

2018-12-12 20:16:47 - [TEST_STEP][PASSED] - Statement - PreSaveFile = new java.io.File(((pathPrefix + java.lang.Integer.toString(counter)) + .png)): null

2018-12-12 20:16:47 - [TEST_STEP][PASSED] - Statement - counter = counter + 1: null

2018-12-12 20:16:47 - [TEST_STEP][PASSED] - Statement - PreSaveFile = new java.io.File(((pathPrefix + java.lang.Integer.toString(counter)) + .png)): null

2018-12-12 20:16:47 - [TEST_STEP][PASSED] - Statement - counter = counter + 1: null

2018-12-12 20:16:47 - [TEST_STEP][PASSED] - Statement - PreSaveFile = new java.io.File(((pathPrefix + java.lang.Integer.toString(counter)) + .png)): null

2018-12-12 20:16:47 - [TEST_STEP][PASSED] - Statement - counter = counter + 1: null

2018-12-12 20:16:47 - [TEST_STEP][PASSED] - Statement - PreSaveFile = new java.io.File(((pathPrefix + java.lang.Integer.toString(counter)) + .png)): null

2018-12-12 20:16:47 - [TEST_STEP][PASSED] - Statement - counter = counter + 1: null

2018-12-12 20:16:47 - [TEST_STEP][PASSED] - Statement - PreSaveFile = new java.io.File(((pathPrefix + java.lang.Integer.toString(counter)) + .png)): null

2018-12-12 20:16:47 - [TEST_STEP][PASSED] - Statement - counter = counter + 1: null

2018-12-12 20:16:47 - [TEST_STEP][PASSED] - Statement - PreSaveFile = new java.io.File(((pathPrefix + java.lang.Integer.toString(counter)) + .png)): null

2018-12-12 20:16:47 - [TEST_STEP][PASSED] - Statement - counter = counter + 1: null

2018-12-12 20:16:47 - [TEST_STEP][PASSED] - Statement - PreSaveFile = new java.io.File(((pathPrefix + java.lang.Integer.toString(counter)) + .png)): null

2018-12-12 20:16:47 - [TEST_STEP][PASSED] - Statement - counter = counter + 1: null

2018-12-12 20:16:47 - [TEST_STEP][PASSED] - Statement - PreSaveFile = new java.io.File(((pathPrefix + java.lang.Integer.toString(counter)) + .png)): null

2018-12-12 20:16:47 - [TEST_STEP][PASSED] - Statement - counter = counter + 1: null

2018-12-12 20:16:47 - [TEST_STEP][PASSED] - Statement - PreSaveFile = new java.io.File(((pathPrefix + java.lang.Integer.toString(counter)) + .png)): null

2018-12-12 20:16:47 - [TEST_STEP][PASSED] - Statement - counter = counter + 1: null

2018-12-12 20:16:47 - [TEST_STEP][PASSED] - Statement - PreSaveFile = new java.io.File(((pathPrefix + java.lang.Integer.toString(counter)) + .png)): null

2018-12-12 20:16:47 - [TEST_STEP][PASSED] - Statement - counter = counter + 1: null

2018-12-12 20:16:47 - [TEST_STEP][PASSED] - Statement - PreSaveFile = new java.io.File(((pathPrefix + java.lang.Integer.toString(counter)) + .png)): null

2018-12-12 20:16:47 - [TEST_STEP][PASSED] - Statement - counter = counter + 1: null

2018-12-12 20:16:47 - [TEST_STEP][PASSED] - Statement - PreSaveFile = new java.io.File(((pathPrefix + java.lang.Integer.toString(counter)) + .png)): null

2018-12-12 20:16:47 - [TEST_STEP][PASSED] - Statement - counter = counter + 1: null

2018-12-12 20:16:47 - [TEST_STEP][PASSED] - Statement - PreSaveFile = new java.io.File(((pathPrefix + java.lang.Integer.toString(counter)) + .png)): null

2018-12-12 20:16:47 - [TEST_STEP][PASSED] - Statement - counter = counter + 1: null

2018-12-12 20:16:47 - [TEST_STEP][PASSED] - Statement - PreSaveFile = new java.io.File(((pathPrefix + java.lang.Integer.toString(counter)) + .png)): null

2018-12-12 20:16:47 - [TEST_STEP][PASSED] - Statement - counter = counter + 1: null

2018-12-12 20:16:47 - [TEST_STEP][PASSED] - Statement - PreSaveFile = new java.io.File(((pathPrefix + java.lang.Integer.toString(counter)) + .png)): null

2018-12-12 20:16:47 - [TEST_STEP][PASSED] - Statement - counter = counter + 1: null

2018-12-12 20:16:47 - [TEST_STEP][PASSED] - Statement - PreSaveFile = new java.io.File(((pathPrefix + java.lang.Integer.toString(counter)) + .png)): null

2018-12-12 20:16:47 - [TEST_STEP][PASSED] - Statement - counter = counter + 1: null

2018-12-12 20:16:47 - [TEST_STEP][PASSED] - Statement - PreSaveFile = new java.io.File(((pathPrefix + java.lang.Integer.toString(counter)) + .png)): null

2018-12-12 20:16:47 - [TEST_STEP][PASSED] - Statement - counter = counter + 1: null

2018-12-12 20:16:47 - [TEST_STEP][PASSED] - Statement - PreSaveFile = new java.io.File(((pathPrefix + java.lang.Integer.toString(counter)) + .png)): null

2018-12-12 20:16:47 - [TEST_STEP][PASSED] - Statement - counter = counter + 1: null

2018-12-12 20:16:47 - [TEST_STEP][PASSED] - Statement - PreSaveFile = new java.io.File(((pathPrefix + java.lang.Integer.toString(counter)) + .png)): null

2018-12-12 20:16:47 - [TEST_STEP][PASSED] - Statement - counter = counter + 1: null

2018-12-12 20:16:47 - [TEST_STEP][PASSED] - Statement - PreSaveFile = new java.io.File(((pathPrefix + java.lang.Integer.toString(counter)) + .png)): null

2018-12-12 20:16:47 - [TEST_STEP][PASSED] - Statement - counter = counter + 1: null

2018-12-12 20:16:47 - [TEST_STEP][PASSED] - Statement - PreSaveFile = new java.io.File(((pathPrefix + java.lang.Integer.toString(counter)) + .png)): null

2018-12-12 20:16:47 - [TEST_STEP][PASSED] - Statement - counter = counter + 1: null

2018-12-12 20:16:47 - [TEST_STEP][PASSED] - Statement - PreSaveFile = new java.io.File(((pathPrefix + java.lang.Integer.toString(counter)) + .png)): null

2018-12-12 20:16:47 - [TEST_STEP][PASSED] - Statement - counter = counter + 1: null

2018-12-12 20:16:47 - [TEST_STEP][PASSED] - Statement - PreSaveFile = new java.io.File(((pathPrefix + java.lang.Integer.toString(counter)) + .png)): null

2018-12-12 20:16:47 - [TEST_STEP][PASSED] - Statement - counter = counter + 1: null

2018-12-12 20:16:47 - [TEST_STEP][PASSED] - Statement - PreSaveFile = new java.io.File(((pathPrefix + java.lang.Integer.toString(counter)) + .png)): null

2018-12-12 20:16:47 - [TEST_STEP][PASSED] - Statement - counter = counter + 1: null

2018-12-12 20:16:47 - [TEST_STEP][PASSED] - Statement - PreSaveFile = new java.io.File(((pathPrefix + java.lang.Integer.toString(counter)) + .png)): null

2018-12-12 20:16:47 - [TEST_STEP][PASSED] - Statement - counter = counter + 1: null

2018-12-12 20:16:47 - [TEST_STEP][PASSED] - Statement - PreSaveFile = new java.io.File(((pathPrefix + java.lang.Integer.toString(counter)) + .png)): null

2018-12-12 20:16:47 - [TEST_STEP][PASSED] - Statement - counter = counter + 1: null

2018-12-12 20:16:47 - [TEST_STEP][PASSED] - Statement - PreSaveFile = new java.io.File(((pathPrefix + java.lang.Integer.toString(counter)) + .png)): null

2018-12-12 20:16:47 - [TEST_STEP][PASSED] - Statement - counter = counter + 1: null

2018-12-12 20:16:47 - [TEST_STEP][PASSED] - Statement - PreSaveFile = new java.io.File(((pathPrefix + java.lang.Integer.toString(counter)) + .png)): null

2018-12-12 20:16:47 - [TEST_STEP][PASSED] - Statement - counter = counter + 1: null

2018-12-12 20:16:47 - [TEST_STEP][PASSED] - Statement - PreSaveFile = new java.io.File(((pathPrefix + java.lang.Integer.toString(counter)) + .png)): null

2018-12-12 20:16:47 - [TEST_STEP][PASSED] - Statement - counter = counter + 1: null

2018-12-12 20:16:47 - [TEST_STEP][PASSED] - Statement - PreSaveFile = new java.io.File(((pathPrefix + java.lang.Integer.toString(counter)) + .png)): null

2018-12-12 20:16:47 - [TEST_STEP][PASSED] - Statement - counter = counter + 1: null

2018-12-12 20:16:47 - [TEST_STEP][PASSED] - Statement - PreSaveFile = new java.io.File(((pathPrefix + java.lang.Integer.toString(counter)) + .png)): null

2018-12-12 20:16:47 - [TEST_STEP][PASSED] - Statement - counter = counter + 1: null

2018-12-12 20:16:47 - [TEST_STEP][PASSED] - Statement - PreSaveFile = new java.io.File(((pathPrefix + java.lang.Integer.toString(counter)) + .png)): null

2018-12-12 20:16:47 - [TEST_STEP][PASSED] - Statement - counter = counter + 1: null

2018-12-12 20:16:47 - [TEST_STEP][PASSED] - Statement - PreSaveFile = new java.io.File(((pathPrefix + java.lang.Integer.toString(counter)) + .png)): null

2018-12-12 20:16:47 - [TEST_STEP][PASSED] - Statement - counter = counter + 1: null

2018-12-12 20:16:47 - [TEST_STEP][PASSED] - Statement - PreSaveFile = new java.io.File(((pathPrefix + java.lang.Integer.toString(counter)) + .png)): null

2018-12-12 20:16:47 - [TEST_STEP][PASSED] - Statement - counter = counter + 1: null

2018-12-12 20:16:47 - [TEST_STEP][PASSED] - Statement - PreSaveFile = new java.io.File(((pathPrefix + java.lang.Integer.toString(counter)) + .png)): null

2018-12-12 20:16:47 - [TEST_STEP][PASSED] - Statement - counter = counter + 1: null

2018-12-12 20:16:47 - [TEST_STEP][PASSED] - Statement - PreSaveFile = new java.io.File(((pathPrefix + java.lang.Integer.toString(counter)) + .png)): null

2018-12-12 20:16:47 - [TEST_STEP][PASSED] - Statement - counter = counter + 1: null

2018-12-12 20:16:47 - [TEST_STEP][PASSED] - Statement - PreSaveFile = new java.io.File(((pathPrefix + java.lang.Integer.toString(counter)) + .png)): null

2018-12-12 20:16:47 - [TEST_STEP][PASSED] - Statement - counter = counter + 1: null

2018-12-12 20:16:47 - [TEST_STEP][PASSED] - Statement - PreSaveFile = new java.io.File(((pathPrefix + java.lang.Integer.toString(counter)) + .png)): null

2018-12-12 20:16:47 - [TEST_STEP][PASSED] - Statement - counter = counter + 1: null

2018-12-12 20:16:47 - [TEST_STEP][PASSED] - Statement - PreSaveFile = new java.io.File(((pathPrefix + java.lang.Integer.toString(counter)) + .png)): null

2018-12-12 20:16:47 - [TEST_STEP][PASSED] - Statement - counter = counter + 1: null

2018-12-12 20:16:47 - [TEST_STEP][PASSED] - Statement - PreSaveFile = new java.io.File(((pathPrefix + java.lang.Integer.toString(counter)) + .png)): null

2018-12-12 20:16:47 - [TEST_STEP][PASSED] - Statement - counter = counter + 1: null

2018-12-12 20:16:47 - [TEST_STEP][PASSED] - Statement - PreSaveFile = new java.io.File(((pathPrefix + java.lang.Integer.toString(counter)) + .png)): null

2018-12-12 20:16:47 - [TEST_STEP][PASSED] - Statement - counter = counter + 1: null

2018-12-12 20:16:47 - [TEST_STEP][PASSED] - Statement - PreSaveFile = new java.io.File(((pathPrefix + java.lang.Integer.toString(counter)) + .png)): null

2018-12-12 20:16:47 - [TEST_STEP][PASSED] - Statement - counter = counter + 1: null

2018-12-12 20:16:47 - [TEST_STEP][PASSED] - Statement - PreSaveFile = new java.io.File(((pathPrefix + java.lang.Integer.toString(counter)) + .png)): null

2018-12-12 20:16:47 - [TEST_STEP][PASSED] - Statement - counter = counter + 1: null

2018-12-12 20:16:47 - [TEST_STEP][PASSED] - Statement - PreSaveFile = new java.io.File(((pathPrefix + java.lang.Integer.toString(counter)) + .png)): null

2018-12-12 20:16:47 - [TEST_STEP][PASSED] - Statement - counter = counter + 1: null

2018-12-12 20:16:47 - [TEST_STEP][PASSED] - Statement - PreSaveFile = new java.io.File(((pathPrefix + java.lang.Integer.toString(counter)) + .png)): null

2018-12-12 20:16:47 - [TEST_STEP][PASSED] - Statement - counter = counter + 1: null

2018-12-12 20:16:47 - [TEST_STEP][PASSED] - Statement - PreSaveFile = new java.io.File(((pathPrefix + java.lang.Integer.toString(counter)) + .png)): null

2018-12-12 20:16:47 - [TEST_STEP][PASSED] - Statement - counter = counter + 1: null

2018-12-12 20:16:47 - [TEST_STEP][PASSED] - Statement - PreSaveFile = new java.io.File(((pathPrefix + java.lang.Integer.toString(counter)) + .png)): null

2018-12-12 20:16:47 - [TEST_STEP][PASSED] - Statement - counter = counter + 1: null

2018-12-12 20:16:47 - [TEST_STEP][PASSED] - Statement - PreSaveFile = new java.io.File(((pathPrefix + java.lang.Integer.toString(counter)) + .png)): null

2018-12-12 20:16:47 - [TEST_STEP][PASSED] - Statement - counter = counter + 1: null

2018-12-12 20:16:47 - [TEST_STEP][PASSED] - Statement - PreSaveFile = new java.io.File(((pathPrefix + java.lang.Integer.toString(counter)) + .png)): null

2018-12-12 20:16:47 - [TEST_STEP][PASSED] - Statement - counter = counter + 1: null

2018-12-12 20:16:47 - [TEST_STEP][PASSED] - Statement - PreSaveFile = new java.io.File(((pathPrefix + java.lang.Integer.toString(counter)) + .png)): null

2018-12-12 20:16:47 - [TEST_STEP][PASSED] - Statement - counter = counter + 1: null

2018-12-12 20:16:47 - [TEST_STEP][PASSED] - Statement - PreSaveFile = new java.io.File(((pathPrefix + java.lang.Integer.toString(counter)) + .png)): null

2018-12-12 20:16:47 - [TEST_STEP][PASSED] - Statement - counter = counter + 1: null

2018-12-12 20:16:47 - [TEST_STEP][PASSED] - Statement - PreSaveFile = new java.io.File(((pathPrefix + java.lang.Integer.toString(counter)) + .png)): null

2018-12-12 20:16:47 - [TEST_STEP][PASSED] - Statement - counter = counter + 1: null

2018-12-12 20:16:47 - [TEST_STEP][PASSED] - Statement - PreSaveFile = new java.io.File(((pathPrefix + java.lang.Integer.toString(counter)) + .png)): null

2018-12-12 20:16:47 - [TEST_STEP][PASSED] - Statement - counter = counter + 1: null

2018-12-12 20:16:47 - [TEST_STEP][PASSED] - Statement - PreSaveFile = new java.io.File(((pathPrefix + java.lang.Integer.toString(counter)) + .png)): null

2018-12-12 20:16:47 - [TEST_STEP][PASSED] - Statement - counter = counter + 1: null

2018-12-12 20:16:47 - [TEST_STEP][PASSED] - Statement - PreSaveFile = new java.io.File(((pathPrefix + java.lang.Integer.toString(counter)) + .png)): null

2018-12-12 20:16:47 - [TEST_STEP][PASSED] - Statement - counter = counter + 1: null

2018-12-12 20:16:47 - [TEST_STEP][PASSED] - Statement - PreSaveFile = new java.io.File(((pathPrefix + java.lang.Integer.toString(counter)) + .png)): null

2018-12-12 20:16:47 - [TEST_STEP][PASSED] - Statement - counter = counter + 1: null

2018-12-12 20:16:47 - [TEST_STEP][PASSED] - Statement - PreSaveFile = new java.io.File(((pathPrefix + java.lang.Integer.toString(counter)) + .png)): null

2018-12-12 20:16:47 - [TEST_STEP][PASSED] - Statement - counter = counter + 1: null

2018-12-12 20:16:47 - [TEST_STEP][PASSED] - Statement - PreSaveFile = new java.io.File(((pathPrefix + java.lang.Integer.toString(counter)) + .png)): null

2018-12-12 20:16:47 - [TEST_STEP][PASSED] - Statement - counter = counter + 1: null

2018-12-12 20:16:47 - [TEST_STEP][PASSED] - Statement - PreSaveFile = new java.io.File(((pathPrefix + java.lang.Integer.toString(counter)) + .png)): null

2018-12-12 20:16:47 - [TEST_STEP][PASSED] - Statement - counter = counter + 1: null

2018-12-12 20:16:47 - [TEST_STEP][PASSED] - Statement - PreSaveFile = new java.io.File(((pathPrefix + java.lang.Integer.toString(counter)) + .png)): null

2018-12-12 20:16:47 - [TEST_STEP][PASSED] - Statement - counter = counter + 1: null

2018-12-12 20:16:47 - [TEST_STEP][PASSED] - Statement - PreSaveFile = new java.io.File(((pathPrefix + java.lang.Integer.toString(counter)) + .png)): null

2018-12-12 20:16:47 - [TEST_STEP][PASSED] - Statement - counter = counter + 1: null

2018-12-12 20:16:47 - [TEST_STEP][PASSED] - Statement - PreSaveFile = new java.io.File(((pathPrefix + java.lang.Integer.toString(counter)) + .png)): null

2018-12-12 20:16:47 - [TEST_STEP][PASSED] - Statement - counter = counter + 1: null

2018-12-12 20:16:47 - [TEST_STEP][PASSED] - Statement - PreSaveFile = new java.io.File(((pathPrefix + java.lang.Integer.toString(counter)) + .png)): null

2018-12-12 20:16:47 - [TEST_STEP][PASSED] - Statement - counter = counter + 1: null

2018-12-12 20:16:47 - [TEST_STEP][PASSED] - Statement - PreSaveFile = new java.io.File(((pathPrefix + java.lang.Integer.toString(counter)) + .png)): null

2018-12-12 20:16:47 - [TEST_STEP][PASSED] - Statement - counter = counter + 1: null

2018-12-12 20:16:47 - [TEST_STEP][PASSED] - Statement - PreSaveFile = new java.io.File(((pathPrefix + java.lang.Integer.toString(counter)) + .png)): null

2018-12-12 20:16:47 - [TEST_STEP][PASSED] - Statement - counter = counter + 1: null

2018-12-12 20:16:47 - [TEST_STEP][PASSED] - Statement - PreSaveFile = new java.io.File(((pathPrefix + java.lang.Integer.toString(counter)) + .png)): null

2018-12-12 20:16:47 - [TEST_STEP][PASSED] - Statement - counter = counter + 1: null

2018-12-12 20:16:47 - [TEST_STEP][PASSED] - Statement - PreSaveFile = new java.io.File(((pathPrefix + java.lang.Integer.toString(counter)) + .png)): null

2018-12-12 20:16:47 - [TEST_STEP][PASSED] - Statement - counter = counter + 1: null

2018-12-12 20:16:47 - [TEST_STEP][PASSED] - Statement - PreSaveFile = new java.io.File(((pathPrefix + java.lang.Integer.toString(counter)) + .png)): null

2018-12-12 20:16:47 - [TEST_STEP][PASSED] - Statement - counter = counter + 1: null

2018-12-12 20:16:47 - [TEST_STEP][PASSED] - Statement - PreSaveFile = new java.io.File(((pathPrefix + java.lang.Integer.toString(counter)) + .png)): null

2018-12-12 20:16:47 - [TEST_STEP][PASSED] - Statement - counter = counter + 1: null

2018-12-12 20:16:47 - [TEST_STEP][PASSED] - Statement - PreSaveFile = new java.io.File(((pathPrefix + java.lang.Integer.toString(counter)) + .png)): null

2018-12-12 20:16:47 - [TEST_STEP][PASSED] - Statement - counter = counter + 1: null

2018-12-12 20:16:47 - [TEST_STEP][PASSED] - Statement - PreSaveFile = new java.io.File(((pathPrefix + java.lang.Integer.toString(counter)) + .png)): null

2018-12-12 20:16:47 - [TEST_STEP][PASSED] - Statement - counter = counter + 1: null

2018-12-12 20:16:47 - [TEST_STEP][PASSED] - Statement - PreSaveFile = new java.io.File(((pathPrefix + java.lang.Integer.toString(counter)) + .png)): null

2018-12-12 20:16:47 - [TEST_STEP][PASSED] - Statement - counter = counter + 1: null

2018-12-12 20:16:47 - [TEST_STEP][PASSED] - Statement - PreSaveFile = new java.io.File(((pathPrefix + java.lang.Integer.toString(counter)) + .png)): null

2018-12-12 20:16:47 - [TEST_STEP][PASSED] - Statement - counter = counter + 1: null

2018-12-12 20:16:47 - [TEST_STEP][PASSED] - Statement - PreSaveFile = new java.io.File(((pathPrefix + java.lang.Integer.toString(counter)) + .png)): null

2018-12-12 20:16:47 - [TEST_STEP][PASSED] - Statement - counter = counter + 1: null

2018-12-12 20:16:47 - [TEST_STEP][PASSED] - Statement - PreSaveFile = new java.io.File(((pathPrefix + java.lang.Integer.toString(counter)) + .png)): null

2018-12-12 20:16:47 - [TEST_STEP][PASSED] - Statement - counter = counter + 1: null

2018-12-12 20:16:47 - [TEST_STEP][PASSED] - Statement - PreSaveFile = new java.io.File(((pathPrefix + java.lang.Integer.toString(counter)) + .png)): null

2018-12-12 20:16:47 - [TEST_STEP][PASSED] - Statement - counter = counter + 1: null

2018-12-12 20:16:47 - [TEST_STEP][PASSED] - Statement - PreSaveFile = new java.io.File(((pathPrefix + java.lang.Integer.toString(counter)) + .png)): null

2018-12-12 20:16:47 - [TEST_STEP][PASSED] - Statement - counter = counter + 1: null

2018-12-12 20:16:47 - [TEST_STEP][PASSED] - Statement - PreSaveFile = new java.io.File(((pathPrefix + java.lang.Integer.toString(counter)) + .png)): null

2018-12-12 20:16:47 - [TEST_STEP][PASSED] - Statement - counter = counter + 1: null

2018-12-12 20:16:47 - [TEST_STEP][PASSED] - Statement - PreSaveFile = new java.io.File(((pathPrefix + java.lang.Integer.toString(counter)) + .png)): null

2018-12-12 20:16:47 - [TEST_STEP][PASSED] - Statement - counter = counter + 1: null

2018-12-12 20:16:47 - [TEST_STEP][PASSED] - Statement - PreSaveFile = new java.io.File(((pathPrefix + java.lang.Integer.toString(counter)) + .png)): null

2018-12-12 20:16:47 - [TEST_STEP][PASSED] - Statement - counter = counter + 1: null

2018-12-12 20:16:47 - [TEST_STEP][PASSED] - Statement - PreSaveFile = new java.io.File(((pathPrefix + java.lang.Integer.toString(counter)) + .png)): null

2018-12-12 20:16:47 - [TEST_STEP][PASSED] - Statement - counter = counter + 1: null

2018-12-12 20:16:47 - [TEST_STEP][PASSED] - Statement - PreSaveFile = new java.io.File(((pathPrefix + java.lang.Integer.toString(counter)) + .png)): null

2018-12-12 20:16:47 - [TEST_STEP][PASSED] - Statement - counter = counter + 1: null

2018-12-12 20:16:47 - [TEST_STEP][PASSED] - Statement - PreSaveFile = new java.io.File(((pathPrefix + java.lang.Integer.toString(counter)) + .png)): null

2018-12-12 20:16:47 - [TEST_STEP][PASSED] - Statement - counter = counter + 1: null

2018-12-12 20:16:47 - [TEST_STEP][PASSED] - Statement - PreSaveFile = new java.io.File(((pathPrefix + java.lang.Integer.toString(counter)) + .png)): null

2018-12-12 20:16:47 - [TEST_STEP][PASSED] - Statement - counter = counter + 1: null

2018-12-12 20:16:47 - [TEST_STEP][PASSED] - Statement - PreSaveFile = new java.io.File(((pathPrefix + java.lang.Integer.toString(counter)) + .png)): null

2018-12-12 20:16:47 - [TEST_STEP][PASSED] - Statement - counter = counter + 1: null

2018-12-12 20:16:47 - [TEST_STEP][PASSED] - Statement - PreSaveFile = new java.io.File(((pathPrefix + java.lang.Integer.toString(counter)) + .png)): null

2018-12-12 20:16:47 - [TEST_STEP][PASSED] - Statement - counter = counter + 1: null

2018-12-12 20:16:47 - [TEST_STEP][PASSED] - Statement - PreSaveFile = new java.io.File(((pathPrefix + java.lang.Integer.toString(counter)) + .png)): null

2018-12-12 20:16:47 - [TEST_STEP][PASSED] - Statement - counter = counter + 1: null

2018-12-12 20:16:47 - [TEST_STEP][PASSED] - Statement - PreSaveFile = new java.io.File(((pathPrefix + java.lang.Integer.toString(counter)) + .png)): null

2018-12-12 20:16:47 - [TEST_STEP][PASSED] - Statement - counter = counter + 1: null

2018-12-12 20:16:47 - [TEST_STEP][PASSED] - Statement - PreSaveFile = new java.io.File(((pathPrefix + java.lang.Integer.toString(counter)) + .png)): null

2018-12-12 20:16:47 - [TEST_STEP][PASSED] - Statement - counter = counter + 1: null

2018-12-12 20:16:47 - [TEST_STEP][PASSED] - Statement - PreSaveFile = new java.io.File(((pathPrefix + java.lang.Integer.toString(counter)) + .png)): null

2018-12-12 20:16:47 - [TEST_STEP][PASSED] - Statement - counter = counter + 1: null

2018-12-12 20:16:47 - [TEST_STEP][PASSED] - Statement - PreSaveFile = new java.io.File(((pathPrefix + java.lang.Integer.toString(counter)) + .png)): null

2018-12-12 20:16:47 - [TEST_STEP][PASSED] - Statement - counter = counter + 1: null

2018-12-12 20:16:47 - [TEST_STEP][PASSED] - Statement - PreSaveFile = new java.io.File(((pathPrefix + java.lang.Integer.toString(counter)) + .png)): null

2018-12-12 20:16:47 - [TEST_STEP][PASSED] - Statement - counter = counter + 1: null

2018-12-12 20:16:47 - [TEST_STEP][PASSED] - Statement - PreSaveFile = new java.io.File(((pathPrefix + java.lang.Integer.toString(counter)) + .png)): null

2018-12-12 20:16:47 - [TEST_STEP][PASSED] - Statement - counter = counter + 1: null

2018-12-12 20:16:47 - [TEST_STEP][PASSED] - Statement - PreSaveFile = new java.io.File(((pathPrefix + java.lang.Integer.toString(counter)) + .png)): null

2018-12-12 20:16:47 - [TEST_STEP][PASSED] - Statement - counter = counter + 1: null

2018-12-12 20:16:47 - [TEST_STEP][PASSED] - Statement - PreSaveFile = new java.io.File(((pathPrefix + java.lang.Integer.toString(counter)) + .png)): null

2018-12-12 20:16:47 - [TEST_STEP][PASSED] - Statement - counter = counter + 1: null

2018-12-12 20:16:47 - [TEST_STEP][PASSED] - Statement - PreSaveFile = new java.io.File(((pathPrefix + java.lang.Integer.toString(counter)) + .png)): null

2018-12-12 20:16:47 - [TEST_STEP][PASSED] - Statement - counter = counter + 1: null

2018-12-12 20:16:47 - [TEST_STEP][PASSED] - Statement - PreSaveFile = new java.io.File(((pathPrefix + java.lang.Integer.toString(counter)) + .png)): null

2018-12-12 20:16:47 - [TEST_STEP][PASSED] - Statement - counter = counter + 1: null

2018-12-12 20:16:47 - [TEST_STEP][PASSED] - Statement - PreSaveFile = new java.io.File(((pathPrefix + java.lang.Integer.toString(counter)) + .png)): null

2018-12-12 20:16:47 - [TEST_STEP][PASSED] - Statement - counter = counter + 1: null

2018-12-12 20:16:47 - [TEST_STEP][PASSED] - Statement - PreSaveFile = new java.io.File(((pathPrefix + java.lang.Integer.toString(counter)) + .png)): null

2018-12-12 20:16:47 - [TEST_STEP][PASSED] - Statement - counter = counter + 1: null

2018-12-12 20:16:47 - [TEST_STEP][PASSED] - Statement - PreSaveFile = new java.io.File(((pathPrefix + java.lang.Integer.toString(counter)) + .png)): null

2018-12-12 20:16:47 - [TEST_STEP][PASSED] - Statement - counter = counter + 1: null

2018-12-12 20:16:47 - [TEST_STEP][PASSED] - Statement - PreSaveFile = new java.io.File(((pathPrefix + java.lang.Integer.toString(counter)) + .png)): null

2018-12-12 20:16:47 - [TEST_STEP][PASSED] - Statement - counter = counter + 1: null

2018-12-12 20:16:47 - [TEST_STEP][PASSED] - Statement - PreSaveFile = new java.io.File(((pathPrefix + java.lang.Integer.toString(counter)) + .png)): null

2018-12-12 20:16:47 - [TEST_STEP][PASSED] - Statement - counter = counter + 1: null

2018-12-12 20:16:47 - [TEST_STEP][PASSED] - Statement - PreSaveFile = new java.io.File(((pathPrefix + java.lang.Integer.toString(counter)) + .png)): null

2018-12-12 20:16:47 - [TEST_STEP][PASSED] - Statement - counter = counter + 1: null

2018-12-12 20:16:47 - [TEST_STEP][PASSED] - Statement - PreSaveFile = new java.io.File(((pathPrefix + java.lang.Integer.toString(counter)) + .png)): null

2018-12-12 20:16:47 - [TEST_STEP][PASSED] - Statement - counter = counter + 1: null

2018-12-12 20:16:47 - [TEST_STEP][PASSED] - Statement - PreSaveFile = new java.io.File(((pathPrefix + java.lang.Integer.toString(counter)) + .png)): null

2018-12-12 20:16:47 - [TEST_STEP][PASSED] - Statement - counter = counter + 1: null

2018-12-12 20:16:47 - [TEST_STEP][PASSED] - Statement - PreSaveFile = new java.io.File(((pathPrefix + java.lang.Integer.toString(counter)) + .png)): null

2018-12-12 20:16:47 - [TEST_STEP][PASSED] - Statement - counter = counter + 1: null

2018-12-12 20:16:47 - [TEST_STEP][PASSED] - Statement - PreSaveFile = new java.io.File(((pathPrefix + java.lang.Integer.toString(counter)) + .png)): null

2018-12-12 20:16:47 - [TEST_STEP][PASSED] - Statement - counter = counter + 1: null

2018-12-12 20:16:47 - [TEST_STEP][PASSED] - Statement - PreSaveFile = new java.io.File(((pathPrefix + java.lang.Integer.toString(counter)) + .png)): null

2018-12-12 20:16:47 - [TEST_STEP][PASSED] - Statement - counter = counter + 1: null

2018-12-12 20:16:47 - [TEST_STEP][PASSED] - Statement - PreSaveFile = new java.io.File(((pathPrefix + java.lang.Integer.toString(counter)) + .png)): null

2018-12-12 20:16:47 - [TEST_STEP][PASSED] - Statement - counter = counter + 1: null

2018-12-12 20:16:47 - [TEST_STEP][PASSED] - Statement - PreSaveFile = new java.io.File(((pathPrefix + java.lang.Integer.toString(counter)) + .png)): null

2018-12-12 20:16:47 - [TEST_STEP][PASSED] - Statement - counter = counter + 1: null

2018-12-12 20:16:47 - [TEST_STEP][PASSED] - Statement - PreSaveFile = new java.io.File(((pathPrefix + java.lang.Integer.toString(counter)) + .png)): null

2018-12-12 20:16:47 - [TEST_STEP][PASSED] - Statement - counter = counter + 1: null

2018-12-12 20:16:47 - [TEST_STEP][PASSED] - Statement - PreSaveFile = new java.io.File(((pathPrefix + java.lang.Integer.toString(counter)) + .png)): null

2018-12-12 20:16:47 - [TEST_STEP][PASSED] - Statement - counter = counter + 1: null

2018-12-12 20:16:47 - [TEST_STEP][PASSED] - Statement - PreSaveFile = new java.io.File(((pathPrefix + java.lang.Integer.toString(counter)) + .png)): null

2018-12-12 20:16:47 - [TEST_STEP][PASSED] - Statement - counter = counter + 1: null

2018-12-12 20:16:47 - [TEST_STEP][PASSED] - Statement - PreSaveFile = new java.io.File(((pathPrefix + java.lang.Integer.toString(counter)) + .png)): null

2018-12-12 20:16:47 - [TEST_STEP][PASSED] - Statement - finalPath = pathPrefix + java.lang.Integer.toString(counter) + ".png": null

2018-12-12 20:16:47 - [TEST_STEP][PASSED] - Statement - SaveFile = new java.io.File(finalPath): null

2018-12-12 20:16:47 - [TEST_STEP][PASSED] - Statement - Try: null

2018-12-12 20:16:47 - [TEST_STEP][PASSED] - Statement - org.apache.commons.io.FileUtils.copyFile(scrFile, SaveFile): null

2018-12-12 20:16:47 - [TEST_STEP][PASSED] - Statement - out.println("file kept"): null

2018-12-12 20:16:47 - [TEST_STEP][PASSED] - delay: Delayed 10 second(s)

2018-12-12 20:16:57 - [MESSAGE][PASSED] - Delayed 10 second(s)

2018-12-12 20:16:57 - [MESSAGE][PASSED] - Call Test Case 'Test Cases/Final Aug 2018 - PKS Automation/Registration Module/New Registration/Submit and Screenshot/Submit Registration and Screenshot' successfully

2018-12-12 20:16:57 - [TEST_STEP][PASSED] - delay: Delayed 5 second(s)

2018-12-12 20:17:02 - [MESSAGE][PASSED] - Delayed 5 second(s)

2018-12-12 20:17:02 - [TEST_STEP][PASSED] - callTestCase: Call Test Case 'Test Cases/Final Aug 2018 - PKS Automation/Registration Module/Log Out/log out avoiding katalon tagging' successfully

2018-12-12 20:17:02 - [TEST_CASE][PASSED] - Test Cases/Final Aug 2018 - PKS Automation/Registration Module/Log Out/log out avoiding katalon tagging: Test Cases/Final Aug 2018 - PKS Automation/Registration Module/Log Out/log out avoiding katalon tagging

2018-12-12 20:17:02 - [TEST_STEP][PASSED] - navigateToUrl: Navigate to 'https://assist2-uat.perkeso.gov.my/c/portal/logout' successfully

2018-12-12 20:17:03 - [MESSAGE][PASSED] - Navigate to 'https://assist2-uat.perkeso.gov.my/c/portal/logout' successfully

2018-12-12 20:17:03 - [MESSAGE][PASSED] - Call Test Case 'Test Cases/Final Aug 2018 - PKS Automation/Registration Module/Log Out/log out avoiding katalon tagging' successfully

2018-12-12 20:17:03 - [TEST_STEP][PASSED] - callTestCase: Call Test Case 'Test Cases/Final Aug 2018 - PKS Automation/Common/Workflow Owner Finder' successfully

2018-12-12 20:17:03 - [TEST_CASE][PASSED] - Test Cases/Final Aug 2018 - PKS Automation/Common/Workflow Owner Finder: Test Cases/Final Aug 2018 - PKS Automation/Common/Workflow Owner Finder

2018-12-12 20:17:03 - [TEST_STEP][PASSED] - openBrowser: Browser is opened with url: ''

2018-12-12 20:17:03 - [MESSAGE][WARNING] - A browser is already opened. Closing browser and opening a new one

2018-12-12 20:17:07 - [MESSAGE][PASSED] - Browser is opened with url: ''

2018-12-12 20:17:07 - [TEST_STEP][PASSED] - navigateToUrl: Navigate to 'https://assist2-uat.perkeso.gov.my/login' successfully

2018-12-12 20:17:08 - [MESSAGE][PASSED] - Navigate to 'https://assist2-uat.perkeso.gov.my/login' successfully

2018-12-12 20:17:08 - [TEST_STEP][PASSED] - delay: Delayed 5 second(s)

2018-12-12 20:17:13 - [MESSAGE][PASSED] - Delayed 5 second(s)

2018-12-12 20:17:13 - [TEST_STEP][PASSED] - setText: Text 'test@liferay.com' is set on object 'Object Repository/Final Object Repo/Login Page/Internal User/Email Address'

2018-12-12 20:17:14 - [MESSAGE][PASSED] - Text 'test@liferay.com' is set on object 'Object Repository/Final Object Repo/Login Page/Internal User/Email Address'

2018-12-12 20:17:14 - [TEST_STEP][PASSED] - click: Object: 'Object Repository/Final Object Repo/Login Page/Internal User/Next Button' is clicked on

2018-12-12 20:17:14 - [MESSAGE][PASSED] - Object: 'Object Repository/Final Object Repo/Login Page/Internal User/Next Button' is clicked on

2018-12-12 20:17:14 - [TEST_STEP][PASSED] - delay: Delayed 2 second(s)

2018-12-12 20:17:16 - [MESSAGE][PASSED] - Delayed 2 second(s)

2018-12-12 20:17:16 - [TEST_STEP][PASSED] - setText: Text 'test' is set on object 'Object Repository/Final Object Repo/Login Page/Internal User/Password'

2018-12-12 20:17:16 - [MESSAGE][PASSED] - Text 'test' is set on object 'Object Repository/Final Object Repo/Login Page/Internal User/Password'

2018-12-12 20:17:16 - [TEST_STEP][PASSED] - delay: Delayed 2 second(s)

2018-12-12 20:17:18 - [MESSAGE][PASSED] - Delayed 2 second(s)

2018-12-12 20:17:18 - [TEST_STEP][PASSED] - click: Object: 'Object Repository/Final Object Repo/Login Page/Internal User/Login Button' is clicked on

2018-12-12 20:17:18 - [MESSAGE][PASSED] - Object: 'Object Repository/Final Object Repo/Login Page/Internal User/Login Button' is clicked on

2018-12-12 20:17:18 - [TEST_STEP][PASSED] - Statement - tester = com.kms.katalon.core.testobject.ObjectRepository.findTestObject(Final Object Repo/Landing Page/Select to English): Finding Test Object with id 'Object Repository/Final Object Repo/Landing Page/Select to English'

2018-12-12 20:17:18 - [TEST_STEP][PASSED] - Statement - Try: Delayed 2 second(s)

2018-12-12 20:17:18 - [TEST_STEP][PASSED] - Statement - Checker = com.kms.katalon.core.webui.keyword.WebUiBuiltInKeywords.verifyElementNotPresent(tester, 3): Web element with id: 'Object Repository/Final Object Repo/Landing Page/Select to English' located by 'By.xpath: //a[@class = 'taglib-language-list-text' and @lang = 'en-US' and (contains(text(), 'EN') or contains(., 'EN'))]' is not present after '3' second(s)

2018-12-12 20:17:20 - [MESSAGE][PASSED] - Web element with id: 'Object Repository/Final Object Repo/Landing Page/Select to English' located by 'By.xpath: //a[@class = 'taglib-language-list-text' and @lang = 'en-US' and (contains(text(), 'EN') or contains(., 'EN'))]' is not present after '3' second(s)

2018-12-12 20:17:20 - [TEST_STEP][PASSED] - Statement - If (Checker == false): null

2018-12-12 20:17:20 - [TEST_STEP][PASSED] - delay: Delayed 2 second(s)

2018-12-12 20:17:22 - [MESSAGE][PASSED] - Delayed 2 second(s)

2018-12-12 20:17:22 - [TEST_STEP][PASSED] - delay: Delayed 5 second(s)

2018-12-12 20:17:27 - [MESSAGE][PASSED] - Delayed 5 second(s)

2018-12-12 20:17:27 - [TEST_STEP][PASSED] - mouseOver: Object: 'Object Repository/Final Object Repo/Landing Page/WorkFlow Menu' is hovered

2018-12-12 20:17:27 - [MESSAGE][PASSED] - Object: 'Object Repository/Final Object Repo/Landing Page/WorkFlow Menu' is hovered

2018-12-12 20:17:27 - [TEST_STEP][PASSED] - delay: Delayed 2 second(s)

2018-12-12 20:17:29 - [MESSAGE][PASSED] - Delayed 2 second(s)

2018-12-12 20:17:29 - [TEST_STEP][PASSED] - click: Object: 'Object Repository/Final Object Repo/Landing Page/Select to Workflow Listing' is clicked on

2018-12-12 20:17:30 - [MESSAGE][PASSED] - Object: 'Object Repository/Final Object Repo/Landing Page/Select to Workflow Listing' is clicked on

2018-12-12 20:17:30 - [TEST_STEP][PASSED] - delay: Delayed 2 second(s)

2018-12-12 20:17:32 - [MESSAGE][PASSED] - Delayed 2 second(s)

2018-12-12 20:17:32 - [TEST_STEP][PASSED] - click: Object: 'Object Repository/Final Object Repo/WorkFlow Listing Page/Search Information - To Put Ref No' is clicked on

2018-12-12 20:17:32 - [MESSAGE][PASSED] - Object: 'Object Repository/Final Object Repo/WorkFlow Listing Page/Search Information - To Put Ref No' is clicked on

2018-12-12 20:17:32 - [TEST_STEP][PASSED] - delay: Delayed 2 second(s)

2018-12-12 20:17:34 - [MESSAGE][PASSED] - Delayed 2 second(s)

2018-12-12 20:17:34 - [TEST_STEP][PASSED] - callTestCase: Call Test Case 'Test Cases/Final Aug 2018 - PKS Automation/Common/Reference Number Getter' successfully

2018-12-12 20:17:34 - [TEST_CASE][PASSED] - Test Cases/Final Aug 2018 - PKS Automation/Common/Reference Number Getter: Test Cases/Final Aug 2018 - PKS Automation/Common/Reference Number Getter

2018-12-12 20:17:34 - [TEST_STEP][PASSED] - Statement - Try: null

2018-12-12 20:17:34 - [TEST_STEP][PASSED] - Statement - RefNo = new java.io.File(C://Users//Admin//Desktop//PKS//Automation Reference Point//KatalonReference.txt): null

2018-12-12 20:17:34 - [TEST_STEP][PASSED] - Statement - bufferread = new java.io.BufferedReader(new java.io.FileReader(RefNo)): null

2018-12-12 20:17:34 - [TEST_STEP][PASSED] - Statement - readedVal = bufferread.readLine(): null

2018-12-12 20:17:34 - [TEST_STEP][PASSED] - Statement - out.println(CaseReferenceNo): null

2018-12-12 20:17:34 - [TEST_STEP][PASSED] - Statement - out.println(readedVal): null

2018-12-12 20:17:34 - [TEST_STEP][PASSED] - Statement - CaseReferenceNo = "": null

2018-12-12 20:17:34 - [TEST_STEP][PASSED] - Statement - CaseReferenceNo = readedVal: null

2018-12-12 20:17:34 - [MESSAGE][PASSED] - Call Test Case 'Test Cases/Final Aug 2018 - PKS Automation/Common/Reference Number Getter' successfully

2018-12-12 20:17:34 - [TEST_STEP][PASSED] - setText: Text 'CRN12201800123235' is set on object 'Object Repository/Final Object Repo/WorkFlow Listing Page/Ref No Set Text'

2018-12-12 20:17:35 - [MESSAGE][PASSED] - Text 'CRN12201800123235' is set on object 'Object Repository/Final Object Repo/WorkFlow Listing Page/Ref No Set Text'

2018-12-12 20:17:35 - [TEST_STEP][PASSED] - delay: Delayed 2 second(s)

2018-12-12 20:17:37 - [MESSAGE][PASSED] - Delayed 2 second(s)

2018-12-12 20:17:37 - [TEST_STEP][PASSED] - click: Object: 'Object Repository/Final Object Repo/WorkFlow Listing Page/Search Ref No Search Button' is clicked on

2018-12-12 20:17:37 - [MESSAGE][PASSED] - Object: 'Object Repository/Final Object Repo/WorkFlow Listing Page/Search Ref No Search Button' is clicked on

2018-12-12 20:17:37 - [TEST_STEP][PASSED] - delay: Delayed 6 second(s)

2018-12-12 20:17:43 - [MESSAGE][PASSED] - Delayed 6 second(s)

2018-12-12 20:17:43 - [TEST_STEP][PASSED] - click: Object: 'Object Repository/Final Object Repo/WorkFlow Listing Page/Click Continue Tooltip' is clicked on

2018-12-12 20:17:44 - [MESSAGE][PASSED] - Object: 'Object Repository/Final Object Repo/WorkFlow Listing Page/Click Continue Tooltip' is clicked on

2018-12-12 20:17:44 - [TEST_STEP][PASSED] - delay: Delayed 5 second(s)

2018-12-12 20:17:49 - [MESSAGE][PASSED] - Delayed 5 second(s)

2018-12-12 20:17:49 - [TEST_STEP][PASSED] - doubleClick: Object: 'Object Repository/Final Object Repo/WorkFlow Listing Page/Workflow Found - Listing 1' is double clicked on

2018-12-12 20:17:49 - [MESSAGE][PASSED] - Object: 'Object Repository/Final Object Repo/WorkFlow Listing Page/Workflow Found - Listing 1' is double clicked on

2018-12-12 20:17:49 - [TEST_STEP][PASSED] - Statement - println(OwnerID): null

2018-12-12 20:17:49 - [TEST_STEP][PASSED] - Statement - OwnerID = com.kms.katalon.core.webui.keyword.WebUiBuiltInKeywords.getText(com.kms.katalon.core.testobject.ObjectRepository.findTestObject(Final Object Repo/WorkFlow Listing Page/Workflow Found - Listing 1), STOP_ON_FAILURE): Text of object 'Object Repository/Final Object Repo/WorkFlow Listing Page/Workflow Found - Listing 1' is: 'KLpkrbo2'

2018-12-12 20:17:49 - [MESSAGE][PASSED] - Text of object 'Object Repository/Final Object Repo/WorkFlow Listing Page/Workflow Found - Listing 1' is: 'KLpkrbo2'

2018-12-12 20:17:49 - [TEST_STEP][PASSED] - Statement - OwnerID = OwnerID.toLowerCase() + "@gmail.com": null

2018-12-12 20:17:49 - [TEST_STEP][PASSED] - Statement - println(OwnerID): null

2018-12-12 20:17:49 - [TEST_STEP][PASSED] - delay: Delayed 2 second(s)

2018-12-12 20:17:51 - [MESSAGE][PASSED] - Delayed 2 second(s)

2018-12-12 20:17:51 - [MESSAGE][PASSED] - Call Test Case 'Test Cases/Final Aug 2018 - PKS Automation/Common/Workflow Owner Finder' successfully

2018-12-12 20:17:51 - [TEST_STEP][PASSED] - callTestCase: Call Test Case 'Test Cases/Final Aug 2018 - PKS Automation/Registration Module/Log Out/log out avoiding katalon tagging' successfully

2018-12-12 20:17:51 - [TEST_CASE][PASSED] - Test Cases/Final Aug 2018 - PKS Automation/Registration Module/Log Out/log out avoiding katalon tagging: Test Cases/Final Aug 2018 - PKS Automation/Registration Module/Log Out/log out avoiding katalon tagging

2018-12-12 20:17:51 - [TEST_STEP][PASSED] - navigateToUrl: Navigate to 'https://assist2-uat.perkeso.gov.my/c/portal/logout' successfully

2018-12-12 20:17:52 - [MESSAGE][PASSED] - Navigate to 'https://assist2-uat.perkeso.gov.my/c/portal/logout' successfully

2018-12-12 20:17:52 - [MESSAGE][PASSED] - Call Test Case 'Test Cases/Final Aug 2018 - PKS Automation/Registration Module/Log Out/log out avoiding katalon tagging' successfully

2018-12-12 20:17:52 - [TEST_STEP][PASSED] - delay: Delayed 2 second(s)

2018-12-12 20:17:54 - [MESSAGE][PASSED] - Delayed 2 second(s)

2018-12-12 20:17:54 - [TEST_STEP][PASSED] - setText: Text 'klpkrbo2@gmail.com' is set on object 'Object Repository/Final Object Repo/New Registration - Registration Module Pages/New Reg - OTC to RO/Special Case - All Related Objects/Email TextBox'

2018-12-12 20:17:54 - [MESSAGE][PASSED] - Text 'klpkrbo2@gmail.com' is set on object 'Object Repository/Final Object Repo/New Registration - Registration Module Pages/New Reg - OTC to RO/Special Case - All Related Objects/Email TextBox'

2018-12-12 20:17:54 - [TEST_STEP][PASSED] - click: Object: 'Object Repository/Final Object Repo/New Registration - Registration Module Pages/New Reg - OTC to RO/Special Case - All Related Objects/Next Button' is clicked on

2018-12-12 20:17:55 - [MESSAGE][PASSED] - Object: 'Object Repository/Final Object Repo/New Registration - Registration Module Pages/New Reg - OTC to RO/Special Case - All Related Objects/Next Button' is clicked on

2018-12-12 20:17:55 - [TEST_STEP][PASSED] - delay: Delayed 2 second(s)

2018-12-12 20:17:57 - [MESSAGE][PASSED] - Delayed 2 second(s)

2018-12-12 20:17:57 - [TEST_STEP][PASSED] - setText: Text 'Test1@3456789' is set on object 'Object Repository/Final Object Repo/New Registration - Registration Module Pages/New Reg - OTC to RO/Special Case - All Related Objects/Password TextBox'

2018-12-12 20:17:57 - [MESSAGE][PASSED] - Text 'Test1@3456789' is set on object 'Object Repository/Final Object Repo/New Registration - Registration Module Pages/New Reg - OTC to RO/Special Case - All Related Objects/Password TextBox'

2018-12-12 20:17:57 - [TEST_STEP][PASSED] - delay: Delayed 2 second(s)

2018-12-12 20:17:59 - [MESSAGE][PASSED] - Delayed 2 second(s)

2018-12-12 20:17:59 - [TEST_STEP][PASSED] - click: Object: 'Object Repository/Final Object Repo/New Registration - Registration Module Pages/New Reg - OTC to RO/Special Case - All Related Objects/Login Button' is clicked on

2018-12-12 20:17:59 - [MESSAGE][PASSED] - Object: 'Object Repository/Final Object Repo/New Registration - Registration Module Pages/New Reg - OTC to RO/Special Case - All Related Objects/Login Button' is clicked on

2018-12-12 20:17:59 - [TEST_STEP][PASSED] - delay: Delayed 2 second(s)

2018-12-12 20:18:01 - [MESSAGE][PASSED] - Delayed 2 second(s)

2018-12-12 20:18:01 - [TEST_STEP][PASSED] - Statement - Try: null

2018-12-12 20:18:01 - [TEST_STEP][PASSED] - Statement - Checker = com.kms.katalon.core.webui.keyword.WebUiBuiltInKeywords.verifyElementNotPresent("Final Object Repo/Landing Page/Select to English", 3): null

2018-12-12 20:18:01 - [TEST_STEP][PASSED] - Statement - Catch (Exception e): null

2018-12-12 20:18:01 - [TEST_STEP][PASSED] - Statement - e.printStackTrace(): null

2018-12-12 20:18:01 - [TEST_STEP][PASSED] - click: Object: 'Object Repository/Final Object Repo/New Registration - Registration Module Pages/New Reg - OTC to RO/Special Case - All Related Objects/Expand to Search' is clicked on

2018-12-12 20:18:01 - [MESSAGE][PASSED] - Object: 'Object Repository/Final Object Repo/New Registration - Registration Module Pages/New Reg - OTC to RO/Special Case - All Related Objects/Expand to Search' is clicked on

2018-12-12 20:18:01 - [TEST_STEP][PASSED] - delay: Delayed 2 second(s)

2018-12-12 20:18:03 - [MESSAGE][PASSED] - Delayed 2 second(s)

2018-12-12 20:18:03 - [TEST_STEP][PASSED] - setText: Text 'CRN12201800123235' is set on object 'Object Repository/Final Object Repo/New Registration - Registration Module Pages/New Reg - OTC to RO/Special Case - All Related Objects/TextBox RefNo in Workbasket'

2018-12-12 20:18:03 - [MESSAGE][PASSED] - Text 'CRN12201800123235' is set on object 'Object Repository/Final Object Repo/New Registration - Registration Module Pages/New Reg - OTC to RO/Special Case - All Related Objects/TextBox RefNo in Workbasket'

2018-12-12 20:18:03 - [TEST_STEP][PASSED] - delay: Delayed 2 second(s)

2018-12-12 20:18:05 - [MESSAGE][PASSED] - Delayed 2 second(s)

2018-12-12 20:18:05 - [TEST_STEP][PASSED] - click: Object: 'Object Repository/Final Object Repo/New Registration - Registration Module Pages/New Reg - OTC to RO/Special Case - All Related Objects/Click Search' is clicked on

2018-12-12 20:18:06 - [MESSAGE][PASSED] - Object: 'Object Repository/Final Object Repo/New Registration - Registration Module Pages/New Reg - OTC to RO/Special Case - All Related Objects/Click Search' is clicked on

2018-12-12 20:18:06 - [TEST_STEP][PASSED] - delay: Delayed 2 second(s)

2018-12-12 20:18:08 - [MESSAGE][PASSED] - Delayed 2 second(s)

2018-12-12 20:18:08 - [TEST_STEP][PASSED] - click: Object: 'Object Repository/Final Object Repo/New Registration - Registration Module Pages/New Reg - OTC to RO/Special Case - All Related Objects/Click to Continue Workflow' is clicked on

2018-12-12 20:18:10 - [MESSAGE][PASSED] - Object: 'Object Repository/Final Object Repo/New Registration - Registration Module Pages/New Reg - OTC to RO/Special Case - All Related Objects/Click to Continue Workflow' is clicked on

2018-12-12 20:18:10 - [TEST_STEP][PASSED] - delay: Delayed 2 second(s)

2018-12-12 20:18:12 - [MESSAGE][PASSED] - Delayed 2 second(s)

2018-12-12 20:18:12 - [TEST_STEP][FAILED] - click: Unable to click on object 'Object Repository/Final Object Repo/New Registration - Registration Module Pages/New Reg - OTC to RO/Special Case - All Related Objects/Continue Button in verifying case' (Root cause: org.openqa.selenium.ElementNotVisibleException: element not interactable
  (Session info: chrome=70.0.3538.110)
  (Driver info: chromedriver=2.43.600210 (68dcf5eebde37173d4027fa8635e332711d2874a),platform=Windows NT 6.1.7601 SP1 x86_64) (WARNING: The server did not provide any stacktrace information)
Command duration or timeout: 0 milliseconds
Build info: version: '3.7.1', revision: '8a0099a', time: '2017-11-06T21:07:36.161Z'
System info: host: 'WIN7TEST02', ip: '10.20.3.72', os.name: 'Windows 7', os.arch: 'amd64', os.version: '6.1', java.version: '1.8.0_181'
Driver info: com.kms.katalon.selenium.driver.CChromeDriver
Capabilities {acceptInsecureCerts: false, acceptSslCerts: false, applicationCacheEnabled: false, browserConnectionEnabled: false, browserName: chrome, chrome: {chromedriverVersion: 2.43.600210 (68dcf5eebde371..., userDataDir: C:\Users\Admin\AppData\Loca...}, cssSelectorsEnabled: true, databaseEnabled: false, goog:chromeOptions: {debuggerAddress: localhost:56308}, handlesAlerts: true, hasTouchScreen: false, javascriptEnabled: true, locationContextEnabled: true, mobileEmulationEnabled: false, nativeEvents: true, networkConnectionEnabled: false, pageLoadStrategy: normal, platform: XP, platformName: XP, rotatable: false, setWindowRect: true, takesHeapSnapshot: true, takesScreenshot: true, unexpectedAlertBehaviour: , unhandledPromptBehavior: , version: 70.0.3538.110, webStorageEnabled: true}
Session ID: 9d7cb5218fee9cf670a9febee69b805b)

2018-12-12 20:18:12 - [MESSAGE][FAILED] - Unable to click on object 'Object Repository/Final Object Repo/New Registration - Registration Module Pages/New Reg - OTC to RO/Special Case - All Related Objects/Continue Button in verifying case' (Root cause: org.openqa.selenium.ElementNotVisibleException: element not interactable
  (Session info: chrome=70.0.3538.110)
  (Driver info: chromedriver=2.43.600210 (68dcf5eebde37173d4027fa8635e332711d2874a),platform=Windows NT 6.1.7601 SP1 x86_64) (WARNING: The server did not provide any stacktrace information)
Command duration or timeout: 0 milliseconds
Build info: version: '3.7.1', revision: '8a0099a', time: '2017-11-06T21:07:36.161Z'
System info: host: 'WIN7TEST02', ip: '10.20.3.72', os.name: 'Windows 7', os.arch: 'amd64', os.version: '6.1', java.version: '1.8.0_181'
Driver info: com.kms.katalon.selenium.driver.CChromeDriver
Capabilities {acceptInsecureCerts: false, acceptSslCerts: false, applicationCacheEnabled: false, browserConnectionEnabled: false, browserName: chrome, chrome: {chromedriverVersion: 2.43.600210 (68dcf5eebde371..., userDataDir: C:\Users\Admin\AppData\Loca...}, cssSelectorsEnabled: true, databaseEnabled: false, goog:chromeOptions: {debuggerAddress: localhost:56308}, handlesAlerts: true, hasTouchScreen: false, javascriptEnabled: true, locationContextEnabled: true, mobileEmulationEnabled: false, nativeEvents: true, networkConnectionEnabled: false, pageLoadStrategy: normal, platform: XP, platformName: XP, rotatable: false, setWindowRect: true, takesHeapSnapshot: true, takesScreenshot: true, unexpectedAlertBehaviour: , unhandledPromptBehavior: , version: 70.0.3538.110, webStorageEnabled: true}
Session ID: 9d7cb5218fee9cf670a9febee69b805b)
[[ATTACHMENT|C:\\Users\\Admin\\Desktop\\PKS\\Perkeso Phase A\\Reports\\Workflow\\New Registration\\20181212_150049\\1544617092199.png]]

2018-12-12 20:18:12 - [TEST_STEP][PASSED] - delay: Delayed 2 second(s)

2018-12-12 20:18:14 - [MESSAGE][PASSED] - Delayed 2 second(s)

2018-12-12 20:18:14 - [TEST_STEP][PASSED] - click: Object: 'Object Repository/Final Object Repo/New Registration - Registration Module Pages/New Reg - OTC to RO/Special Case - All Related Objects/Form 1 Save n Continue' is clicked on

2018-12-12 20:18:14 - [MESSAGE][PASSED] - Object: 'Object Repository/Final Object Repo/New Registration - Registration Module Pages/New Reg - OTC to RO/Special Case - All Related Objects/Form 1 Save n Continue' is clicked on

2018-12-12 20:18:14 - [TEST_STEP][PASSED] - delay: Delayed 5 second(s)

2018-12-12 20:18:19 - [MESSAGE][PASSED] - Delayed 5 second(s)

2018-12-12 20:18:19 - [TEST_STEP][PASSED] - click: Object: 'Object Repository/Final Object Repo/New Registration - Registration Module Pages/New Reg - OTC to RO/Special Case - OTC - Form 1/Confirm No Flagging as Branch' is clicked on

2018-12-12 20:18:19 - [MESSAGE][PASSED] - Object: 'Object Repository/Final Object Repo/New Registration - Registration Module Pages/New Reg - OTC to RO/Special Case - OTC - Form 1/Confirm No Flagging as Branch' is clicked on

2018-12-12 20:18:19 - [TEST_STEP][PASSED] - delay: Delayed 2 second(s)

2018-12-12 20:18:21 - [MESSAGE][PASSED] - Delayed 2 second(s)

2018-12-12 20:18:21 - [TEST_STEP][PASSED] - click: Object: 'Object Repository/Final Object Repo/New Registration - Registration Module Pages/New Reg - OTC to RO/Special Case - All Related Objects/Form 2 Save n Continue' is clicked on

2018-12-12 20:18:22 - [MESSAGE][PASSED] - Object: 'Object Repository/Final Object Repo/New Registration - Registration Module Pages/New Reg - OTC to RO/Special Case - All Related Objects/Form 2 Save n Continue' is clicked on

2018-12-12 20:18:22 - [TEST_STEP][PASSED] - delay: Delayed 2 second(s)

2018-12-12 20:18:24 - [MESSAGE][PASSED] - Delayed 2 second(s)

2018-12-12 20:18:24 - [TEST_STEP][PASSED] - click: Object: 'Object Repository/Final Object Repo/New Registration - Registration Module Pages/New Reg - OTC to RO/Special Case - All Related Objects/Third Screen Save n Continue' is clicked on

2018-12-12 20:18:29 - [MESSAGE][PASSED] - Object: 'Object Repository/Final Object Repo/New Registration - Registration Module Pages/New Reg - OTC to RO/Special Case - All Related Objects/Third Screen Save n Continue' is clicked on

2018-12-12 20:18:29 - [TEST_STEP][FAILED] - setText: Unable to set text 'Query case' of object 'Object Repository/Final Object Repo/New Registration - Registration Module Pages/New Reg - OTC to RO/Special Case - All Related Objects/Query Text Input' (Root cause: com.kms.katalon.core.webui.exception.WebElementNotFoundException: Web element with id: 'Object Repository/Final Object Repo/New Registration - Registration Module Pages/New Reg - OTC to RO/Special Case - All Related Objects/Query Text Input' located by 'By.xpath: //textarea[@id = '_newreg_WAR_registrationportlet_remarks' and @name = '_newreg_WAR_registrationportlet_remarks']' not found)

2018-12-12 20:19:00 - [MESSAGE][FAILED] - Unable to set text 'Query case' of object 'Object Repository/Final Object Repo/New Registration - Registration Module Pages/New Reg - OTC to RO/Special Case - All Related Objects/Query Text Input' (Root cause: com.kms.katalon.core.webui.exception.WebElementNotFoundException: Web element with id: 'Object Repository/Final Object Repo/New Registration - Registration Module Pages/New Reg - OTC to RO/Special Case - All Related Objects/Query Text Input' located by 'By.xpath: //textarea[@id = '_newreg_WAR_registrationportlet_remarks' and @name = '_newreg_WAR_registrationportlet_remarks']' not found)
[[ATTACHMENT|C:\\Users\\Admin\\Desktop\\PKS\\Perkeso Phase A\\Reports\\Workflow\\New Registration\\20181212_150049\\1544617140389.png]]

2018-12-12 20:19:00 - [TEST_STEP][PASSED] - delay: Delayed 5 second(s)

2018-12-12 20:19:05 - [MESSAGE][PASSED] - Delayed 5 second(s)

2018-12-12 20:19:05 - [TEST_STEP][PASSED] - click: Object: 'Object Repository/Final Object Repo/New Registration - Registration Module Pages/New Reg - OTC to RO/Special Case - All Related Objects/Upload Doc Page Save n Continue' is clicked on

2018-12-12 20:19:05 - [MESSAGE][PASSED] - Object: 'Object Repository/Final Object Repo/New Registration - Registration Module Pages/New Reg - OTC to RO/Special Case - All Related Objects/Upload Doc Page Save n Continue' is clicked on

2018-12-12 20:19:05 - [TEST_STEP][FAILED] - click: Unable to click on object 'Object Repository/Final Object Repo/New Registration - Registration Module Pages/New Reg - OTC to RO/Special Case - All Related Objects/Query Button' (Root cause: com.kms.katalon.core.webui.exception.WebElementNotFoundException: Web element with id: 'Object Repository/Final Object Repo/New Registration - Registration Module Pages/New Reg - OTC to RO/Special Case - All Related Objects/Query Button' located by 'By.xpath: //a[@data-confirmation-content = 'Are You Sure To Query?' and (text() = '
							QUERY
	            	' or . = '
							QUERY
	            	')]' not found)

2018-12-12 20:19:43 - [MESSAGE][FAILED] - Unable to click on object 'Object Repository/Final Object Repo/New Registration - Registration Module Pages/New Reg - OTC to RO/Special Case - All Related Objects/Query Button' (Root cause: com.kms.katalon.core.webui.exception.WebElementNotFoundException: Web element with id: 'Object Repository/Final Object Repo/New Registration - Registration Module Pages/New Reg - OTC to RO/Special Case - All Related Objects/Query Button' located by 'By.xpath: //a[@data-confirmation-content = 'Are You Sure To Query?' and (text() = '
							QUERY
	            	' or . = '
							QUERY
	            	')]' not found)
[[ATTACHMENT|C:\\Users\\Admin\\Desktop\\PKS\\Perkeso Phase A\\Reports\\Workflow\\New Registration\\20181212_150049\\1544617182918.png]]

2018-12-12 20:19:43 - [TEST_STEP][FAILED] - click: Unable to click on object 'Object Repository/Final Object Repo/New Registration - Registration Module Pages/New Reg - OTC to RO/Special Case - All Related Objects/Confirm to Query' (Root cause: com.kms.katalon.core.webui.exception.WebElementNotFoundException: Web element with id: 'Object Repository/Final Object Repo/New Registration - Registration Module Pages/New Reg - OTC to RO/Special Case - All Related Objects/Confirm to Query' located by 'By.xpath: //span[@id = 'confirmword' and (text() = 'CONFIRM' or . = 'CONFIRM')]' not found)

2018-12-12 20:20:15 - [MESSAGE][FAILED] - Unable to click on object 'Object Repository/Final Object Repo/New Registration - Registration Module Pages/New Reg - OTC to RO/Special Case - All Related Objects/Confirm to Query' (Root cause: com.kms.katalon.core.webui.exception.WebElementNotFoundException: Web element with id: 'Object Repository/Final Object Repo/New Registration - Registration Module Pages/New Reg - OTC to RO/Special Case - All Related Objects/Confirm to Query' located by 'By.xpath: //span[@id = 'confirmword' and (text() = 'CONFIRM' or . = 'CONFIRM')]' not found)
[[ATTACHMENT|C:\\Users\\Admin\\Desktop\\PKS\\Perkeso Phase A\\Reports\\Workflow\\New Registration\\20181212_150049\\1544617215264.png]]

2018-12-12 20:20:15 - [TEST_STEP][PASSED] - delay: Delayed 5 second(s)

2018-12-12 20:20:20 - [MESSAGE][PASSED] - Delayed 5 second(s)

2018-12-12 20:20:20 - [TEST_STEP][PASSED] - callTestCase: Call Test Case 'Test Cases/Final Aug 2018 - PKS Automation/Registration Module/Log Out/log out avoiding katalon tagging' successfully

2018-12-12 20:20:20 - [TEST_CASE][PASSED] - Test Cases/Final Aug 2018 - PKS Automation/Registration Module/Log Out/log out avoiding katalon tagging: Test Cases/Final Aug 2018 - PKS Automation/Registration Module/Log Out/log out avoiding katalon tagging

2018-12-12 20:20:20 - [TEST_STEP][PASSED] - navigateToUrl: Navigate to 'https://assist2-uat.perkeso.gov.my/c/portal/logout' successfully

2018-12-12 20:20:21 - [MESSAGE][PASSED] - Navigate to 'https://assist2-uat.perkeso.gov.my/c/portal/logout' successfully

2018-12-12 20:20:21 - [MESSAGE][PASSED] - Call Test Case 'Test Cases/Final Aug 2018 - PKS Automation/Registration Module/Log Out/log out avoiding katalon tagging' successfully

2018-12-12 20:20:21 - [TEST_STEP][PASSED] - delay: Delayed 2 second(s)

2018-12-12 20:20:23 - [MESSAGE][PASSED] - Delayed 2 second(s)

2018-12-12 20:20:23 - [TEST_STEP][PASSED] - setText: Text 'klotc2@gmail.com' is set on object 'Object Repository/Final Object Repo/New Registration - Registration Module Pages/New Reg - OTC to RO/Special Case - All Related Objects/Email TextBox'

2018-12-12 20:20:23 - [MESSAGE][PASSED] - Text 'klotc2@gmail.com' is set on object 'Object Repository/Final Object Repo/New Registration - Registration Module Pages/New Reg - OTC to RO/Special Case - All Related Objects/Email TextBox'

2018-12-12 20:20:23 - [TEST_STEP][PASSED] - delay: Delayed 2 second(s)

2018-12-12 20:20:25 - [MESSAGE][PASSED] - Delayed 2 second(s)

2018-12-12 20:20:25 - [TEST_STEP][PASSED] - click: Object: 'Object Repository/Final Object Repo/Login Page/Internal User/Next Button' is clicked on

2018-12-12 20:20:26 - [MESSAGE][PASSED] - Object: 'Object Repository/Final Object Repo/Login Page/Internal User/Next Button' is clicked on

2018-12-12 20:20:26 - [TEST_STEP][PASSED] - delay: Delayed 2 second(s)

2018-12-12 20:20:28 - [MESSAGE][PASSED] - Delayed 2 second(s)

2018-12-12 20:20:28 - [TEST_STEP][PASSED] - setText: Text 'Test1@3456789' is set on object 'Object Repository/Final Object Repo/Login Page/Internal User/Password'

2018-12-12 20:20:28 - [MESSAGE][PASSED] - Text 'Test1@3456789' is set on object 'Object Repository/Final Object Repo/Login Page/Internal User/Password'

2018-12-12 20:20:28 - [TEST_STEP][PASSED] - delay: Delayed 2 second(s)

2018-12-12 20:20:30 - [MESSAGE][PASSED] - Delayed 2 second(s)

2018-12-12 20:20:30 - [TEST_STEP][PASSED] - click: Object: 'Object Repository/Final Object Repo/Login Page/Internal User/Login Button' is clicked on

2018-12-12 20:20:30 - [MESSAGE][PASSED] - Object: 'Object Repository/Final Object Repo/Login Page/Internal User/Login Button' is clicked on

2018-12-12 20:20:30 - [TEST_STEP][PASSED] - delay: Delayed 2 second(s)

2018-12-12 20:20:32 - [MESSAGE][PASSED] - Delayed 2 second(s)

2018-12-12 20:20:32 - [TEST_STEP][PASSED] - Statement - Try: null

2018-12-12 20:20:32 - [TEST_STEP][PASSED] - Statement - Checker = com.kms.katalon.core.webui.keyword.WebUiBuiltInKeywords.verifyElementNotPresent("PKS_SIP_Updated_RegModule/Attempt/Page_MyASSIST - ASSIST/Select to English", 3): null

2018-12-12 20:20:32 - [TEST_STEP][PASSED] - Statement - Catch (Exception e): null

2018-12-12 20:20:32 - [TEST_STEP][PASSED] - Statement - e.printStackTrace(): null

2018-12-12 20:20:32 - [TEST_STEP][PASSED] - delay: Delayed 4 second(s)

2018-12-12 20:20:36 - [MESSAGE][PASSED] - Delayed 4 second(s)

2018-12-12 20:20:36 - [TEST_STEP][PASSED] - click: Object: 'Object Repository/Final Object Repo/Landing Page/My Sites Drop Down' is clicked on

2018-12-12 20:20:36 - [MESSAGE][PASSED] - Object: 'Object Repository/Final Object Repo/Landing Page/My Sites Drop Down' is clicked on

2018-12-12 20:20:36 - [TEST_STEP][PASSED] - click: Object: 'Object Repository/Final Object Repo/Landing Page/Select to Registration Module' is clicked on

2018-12-12 20:20:37 - [MESSAGE][PASSED] - Object: 'Object Repository/Final Object Repo/Landing Page/Select to Registration Module' is clicked on

2018-12-12 20:20:37 - [TEST_STEP][PASSED] - delay: Delayed 2 second(s)

2018-12-12 20:20:39 - [MESSAGE][PASSED] - Delayed 2 second(s)

2018-12-12 20:20:39 - [TEST_STEP][PASSED] - mouseOver: Object: 'Object Repository/Final Object Repo/New Registration - Registration Module Pages/New Reg - OTC to RO/Special Case - All Related Objects/Hover Over Search Drop Down' is hovered

2018-12-12 20:20:39 - [MESSAGE][PASSED] - Object: 'Object Repository/Final Object Repo/New Registration - Registration Module Pages/New Reg - OTC to RO/Special Case - All Related Objects/Hover Over Search Drop Down' is hovered

2018-12-12 20:20:39 - [TEST_STEP][PASSED] - click: Object: 'Object Repository/Final Object Repo/New Registration - Registration Module Pages/New Reg - OTC to RO/Special Case - All Related Objects/Select Search Pending Case' is clicked on

2018-12-12 20:20:40 - [MESSAGE][PASSED] - Object: 'Object Repository/Final Object Repo/New Registration - Registration Module Pages/New Reg - OTC to RO/Special Case - All Related Objects/Select Search Pending Case' is clicked on

2018-12-12 20:20:40 - [TEST_STEP][PASSED] - click: Object: 'Object Repository/Final Object Repo/New Registration - Registration Module Pages/New Reg - OTC to RO/Special Case - All Related Objects/Select Searching Method (Employer Code)' is clicked on

2018-12-12 20:20:40 - [MESSAGE][PASSED] - Object: 'Object Repository/Final Object Repo/New Registration - Registration Module Pages/New Reg - OTC to RO/Special Case - All Related Objects/Select Searching Method (Employer Code)' is clicked on

2018-12-12 20:20:40 - [TEST_STEP][PASSED] - click: Object: 'Object Repository/Final Object Repo/New Registration - Registration Module Pages/New Reg - OTC to RO/Special Case - All Related Objects/Select Searching Method to Reference ID' is clicked on

2018-12-12 20:20:40 - [MESSAGE][PASSED] - Object: 'Object Repository/Final Object Repo/New Registration - Registration Module Pages/New Reg - OTC to RO/Special Case - All Related Objects/Select Searching Method to Reference ID' is clicked on

2018-12-12 20:20:40 - [TEST_STEP][PASSED] - setText: Text 'CRN12201800123235' is set on object 'Object Repository/Final Object Repo/New Registration - Registration Module Pages/New Reg - OTC to RO/Special Case - All Related Objects/Pending Case Ref NO'

2018-12-12 20:20:41 - [MESSAGE][PASSED] - Text 'CRN12201800123235' is set on object 'Object Repository/Final Object Repo/New Registration - Registration Module Pages/New Reg - OTC to RO/Special Case - All Related Objects/Pending Case Ref NO'

2018-12-12 20:20:41 - [TEST_STEP][PASSED] - click: Object: 'Object Repository/Final Object Repo/New Registration - Registration Module Pages/New Reg - OTC to RO/Special Case - All Related Objects/Search Pending Case Based on Ref No' is clicked on

2018-12-12 20:20:41 - [MESSAGE][PASSED] - Object: 'Object Repository/Final Object Repo/New Registration - Registration Module Pages/New Reg - OTC to RO/Special Case - All Related Objects/Search Pending Case Based on Ref No' is clicked on

2018-12-12 20:20:41 - [TEST_STEP][FAILED] - click: Unable to click on object 'Object Repository/Final Object Repo/New Registration - Registration Module Pages/New Reg - OTC to RO/Special Case - All Related Objects/Action Button after found case' (Root cause: org.openqa.selenium.InvalidSelectorException: invalid selector: Unable to locate an element with the xpath expression  because of the following error:
SyntaxError: Failed to execute 'evaluate' on 'Document': The string '' is not a valid XPath expression.
  (Session info: chrome=70.0.3538.110)
  (Driver info: chromedriver=2.43.600210 (68dcf5eebde37173d4027fa8635e332711d2874a),platform=Windows NT 6.1.7601 SP1 x86_64) (WARNING: The server did not provide any stacktrace information)
Command duration or timeout: 0 milliseconds
For documentation on this error, please visit: http://seleniumhq.org/exceptions/invalid_selector_exception.html
Build info: version: '3.7.1', revision: '8a0099a', time: '2017-11-06T21:07:36.161Z'
System info: host: 'WIN7TEST02', ip: '10.20.3.72', os.name: 'Windows 7', os.arch: 'amd64', os.version: '6.1', java.version: '1.8.0_181'
Driver info: com.kms.katalon.selenium.driver.CChromeDriver
Capabilities {acceptInsecureCerts: false, acceptSslCerts: false, applicationCacheEnabled: false, browserConnectionEnabled: false, browserName: chrome, chrome: {chromedriverVersion: 2.43.600210 (68dcf5eebde371..., userDataDir: C:\Users\Admin\AppData\Loca...}, cssSelectorsEnabled: true, databaseEnabled: false, goog:chromeOptions: {debuggerAddress: localhost:56308}, handlesAlerts: true, hasTouchScreen: false, javascriptEnabled: true, locationContextEnabled: true, mobileEmulationEnabled: false, nativeEvents: true, networkConnectionEnabled: false, pageLoadStrategy: normal, platform: XP, platformName: XP, rotatable: false, setWindowRect: true, takesHeapSnapshot: true, takesScreenshot: true, unexpectedAlertBehaviour: , unhandledPromptBehavior: , version: 70.0.3538.110, webStorageEnabled: true}
Session ID: 9d7cb5218fee9cf670a9febee69b805b
*** Element info: {Using=xpath, value=})

2018-12-12 20:21:14 - [MESSAGE][FAILED] - Unable to click on object 'Object Repository/Final Object Repo/New Registration - Registration Module Pages/New Reg - OTC to RO/Special Case - All Related Objects/Action Button after found case' (Root cause: org.openqa.selenium.InvalidSelectorException: invalid selector: Unable to locate an element with the xpath expression  because of the following error:
SyntaxError: Failed to execute 'evaluate' on 'Document': The string '' is not a valid XPath expression.
  (Session info: chrome=70.0.3538.110)
  (Driver info: chromedriver=2.43.600210 (68dcf5eebde37173d4027fa8635e332711d2874a),platform=Windows NT 6.1.7601 SP1 x86_64) (WARNING: The server did not provide any stacktrace information)
Command duration or timeout: 0 milliseconds
For documentation on this error, please visit: http://seleniumhq.org/exceptions/invalid_selector_exception.html
Build info: version: '3.7.1', revision: '8a0099a', time: '2017-11-06T21:07:36.161Z'
System info: host: 'WIN7TEST02', ip: '10.20.3.72', os.name: 'Windows 7', os.arch: 'amd64', os.version: '6.1', java.version: '1.8.0_181'
Driver info: com.kms.katalon.selenium.driver.CChromeDriver
Capabilities {acceptInsecureCerts: false, acceptSslCerts: false, applicationCacheEnabled: false, browserConnectionEnabled: false, browserName: chrome, chrome: {chromedriverVersion: 2.43.600210 (68dcf5eebde371..., userDataDir: C:\Users\Admin\AppData\Loca...}, cssSelectorsEnabled: true, databaseEnabled: false, goog:chromeOptions: {debuggerAddress: localhost:56308}, handlesAlerts: true, hasTouchScreen: false, javascriptEnabled: true, locationContextEnabled: true, mobileEmulationEnabled: false, nativeEvents: true, networkConnectionEnabled: false, pageLoadStrategy: normal, platform: XP, platformName: XP, rotatable: false, setWindowRect: true, takesHeapSnapshot: true, takesScreenshot: true, unexpectedAlertBehaviour: , unhandledPromptBehavior: , version: 70.0.3538.110, webStorageEnabled: true}
Session ID: 9d7cb5218fee9cf670a9febee69b805b
*** Element info: {Using=xpath, value=})
[[ATTACHMENT|C:\\Users\\Admin\\Desktop\\PKS\\Perkeso Phase A\\Reports\\Workflow\\New Registration\\20181212_150049\\1544617273777.png]]

2018-12-12 20:21:14 - [TEST_STEP][FAILED] - click: Unable to click on object 'Object Repository/Final Object Repo/New Registration - Registration Module Pages/New Reg - OTC to RO/Special Case - All Related Objects/Next Button in Pending Case Form 1' (Root cause: com.kms.katalon.core.webui.exception.WebElementNotFoundException: Web element with id: 'Object Repository/Final Object Repo/New Registration - Registration Module Pages/New Reg - OTC to RO/Special Case - All Related Objects/Next Button in Pending Case Form 1' located by 'By.xpath: //a[@class = 'btn btn-lg blueBtn col-md-2 pull-right browserIdBtn' and (text() = ' NEXT
						' or . = ' NEXT
						')]' not found)

2018-12-12 20:21:47 - [MESSAGE][FAILED] - Unable to click on object 'Object Repository/Final Object Repo/New Registration - Registration Module Pages/New Reg - OTC to RO/Special Case - All Related Objects/Next Button in Pending Case Form 1' (Root cause: com.kms.katalon.core.webui.exception.WebElementNotFoundException: Web element with id: 'Object Repository/Final Object Repo/New Registration - Registration Module Pages/New Reg - OTC to RO/Special Case - All Related Objects/Next Button in Pending Case Form 1' located by 'By.xpath: //a[@class = 'btn btn-lg blueBtn col-md-2 pull-right browserIdBtn' and (text() = ' NEXT
						' or . = ' NEXT
						')]' not found)
[[ATTACHMENT|C:\\Users\\Admin\\Desktop\\PKS\\Perkeso Phase A\\Reports\\Workflow\\New Registration\\20181212_150049\\1544617307100.png]]

2018-12-12 20:21:47 - [TEST_STEP][FAILED] - click: Unable to click on object 'Object Repository/Final Object Repo/New Registration - Registration Module Pages/New Reg - OTC to RO/Special Case - All Related Objects/Next Button in Pending Case Form 2' (Root cause: com.kms.katalon.core.webui.exception.WebElementNotFoundException: Web element with id: 'Object Repository/Final Object Repo/New Registration - Registration Module Pages/New Reg - OTC to RO/Special Case - All Related Objects/Next Button in Pending Case Form 2' located by 'By.xpath: //a[@class = 'btn btn-lg blueBtn col-md-2 pull-right browserIdBtn' and (text() = ' NEXT
				' or . = ' NEXT
				')]' not found)

2018-12-12 20:22:20 - [MESSAGE][FAILED] - Unable to click on object 'Object Repository/Final Object Repo/New Registration - Registration Module Pages/New Reg - OTC to RO/Special Case - All Related Objects/Next Button in Pending Case Form 2' (Root cause: com.kms.katalon.core.webui.exception.WebElementNotFoundException: Web element with id: 'Object Repository/Final Object Repo/New Registration - Registration Module Pages/New Reg - OTC to RO/Special Case - All Related Objects/Next Button in Pending Case Form 2' located by 'By.xpath: //a[@class = 'btn btn-lg blueBtn col-md-2 pull-right browserIdBtn' and (text() = ' NEXT
				' or . = ' NEXT
				')]' not found)
[[ATTACHMENT|C:\\Users\\Admin\\Desktop\\PKS\\Perkeso Phase A\\Reports\\Workflow\\New Registration\\20181212_150049\\1544617339874.png]]

2018-12-12 20:22:20 - [TEST_STEP][FAILED] - click: Unable to click on object 'Object Repository/Final Object Repo/New Registration - Registration Module Pages/New Reg - OTC to RO/Special Case - All Related Objects/Next Button in Third Screen' (Root cause: com.kms.katalon.core.webui.exception.WebElementNotFoundException: Web element with id: 'Object Repository/Final Object Repo/New Registration - Registration Module Pages/New Reg - OTC to RO/Special Case - All Related Objects/Next Button in Third Screen' located by 'By.xpath: //a[@class = 'btn btn-lg blueBtn col-md-2 pull-right browserIdBtn' and (text() = ' NEXT
				' or . = ' NEXT
				')]' not found)

2018-12-12 20:22:53 - [MESSAGE][FAILED] - Unable to click on object 'Object Repository/Final Object Repo/New Registration - Registration Module Pages/New Reg - OTC to RO/Special Case - All Related Objects/Next Button in Third Screen' (Root cause: com.kms.katalon.core.webui.exception.WebElementNotFoundException: Web element with id: 'Object Repository/Final Object Repo/New Registration - Registration Module Pages/New Reg - OTC to RO/Special Case - All Related Objects/Next Button in Third Screen' located by 'By.xpath: //a[@class = 'btn btn-lg blueBtn col-md-2 pull-right browserIdBtn' and (text() = ' NEXT
				' or . = ' NEXT
				')]' not found)
[[ATTACHMENT|C:\\Users\\Admin\\Desktop\\PKS\\Perkeso Phase A\\Reports\\Workflow\\New Registration\\20181212_150049\\1544617373205.png]]

2018-12-12 20:22:53 - [TEST_STEP][FAILED] - click: Unable to click on object 'Object Repository/Final Object Repo/New Registration - Registration Module Pages/New Reg - OTC to RO/Special Case - All Related Objects/Add Document for Pending Case' (Root cause: com.kms.katalon.core.webui.exception.WebElementNotFoundException: Web element with id: 'Object Repository/Final Object Repo/New Registration - Registration Module Pages/New Reg - OTC to RO/Special Case - All Related Objects/Add Document for Pending Case' located by 'By.xpath: //a[@id = '_newreg_WAR_registrationportlet_dialogBtn' and (text() = '
					ADD DOCUMENT
	             ' or . = '
					ADD DOCUMENT
	             ')]' not found)

2018-12-12 20:23:26 - [MESSAGE][FAILED] - Unable to click on object 'Object Repository/Final Object Repo/New Registration - Registration Module Pages/New Reg - OTC to RO/Special Case - All Related Objects/Add Document for Pending Case' (Root cause: com.kms.katalon.core.webui.exception.WebElementNotFoundException: Web element with id: 'Object Repository/Final Object Repo/New Registration - Registration Module Pages/New Reg - OTC to RO/Special Case - All Related Objects/Add Document for Pending Case' located by 'By.xpath: //a[@id = '_newreg_WAR_registrationportlet_dialogBtn' and (text() = '
					ADD DOCUMENT
	             ' or . = '
					ADD DOCUMENT
	             ')]' not found)
[[ATTACHMENT|C:\\Users\\Admin\\Desktop\\PKS\\Perkeso Phase A\\Reports\\Workflow\\New Registration\\20181212_150049\\1544617406469.png]]

2018-12-12 20:23:26 - [TEST_STEP][FAILED] - click: Unable to click on object 'Object Repository/Final Object Repo/New Registration - Registration Module Pages/New Reg - OTC to RO/Special Case - All Related Objects/Upload Pending Doc - Please Select' (Root cause: com.kms.katalon.core.webui.exception.WebElementNotFoundException: Web element with id: 'Object Repository/Final Object Repo/New Registration - Registration Module Pages/New Reg - OTC to RO/Special Case - All Related Objects/Upload Pending Doc - Please Select' located by 'By.xpath: //span[@class = 'select2-selection__rendered' and @id = 'select2-_newreg_WAR_registrationportlet_objdocTypeId-container']' not found)

2018-12-12 20:23:59 - [MESSAGE][FAILED] - Unable to click on object 'Object Repository/Final Object Repo/New Registration - Registration Module Pages/New Reg - OTC to RO/Special Case - All Related Objects/Upload Pending Doc - Please Select' (Root cause: com.kms.katalon.core.webui.exception.WebElementNotFoundException: Web element with id: 'Object Repository/Final Object Repo/New Registration - Registration Module Pages/New Reg - OTC to RO/Special Case - All Related Objects/Upload Pending Doc - Please Select' located by 'By.xpath: //span[@class = 'select2-selection__rendered' and @id = 'select2-_newreg_WAR_registrationportlet_objdocTypeId-container']' not found)
[[ATTACHMENT|C:\\Users\\Admin\\Desktop\\PKS\\Perkeso Phase A\\Reports\\Workflow\\New Registration\\20181212_150049\\1544617439550.png]]

2018-12-12 20:23:59 - [TEST_STEP][PASSED] - delay: Delayed 2 second(s)

2018-12-12 20:24:01 - [MESSAGE][PASSED] - Delayed 2 second(s)

2018-12-12 20:24:01 - [TEST_STEP][FAILED] - click: Unable to click on object 'Object Repository/Final Object Repo/New Registration - Registration Module Pages/New Reg - OTC to RO/Special Case - All Related Objects/Select to Others to Upload' (Root cause: com.kms.katalon.core.webui.exception.WebElementNotFoundException: Web element with id: 'Object Repository/Final Object Repo/New Registration - Registration Module Pages/New Reg - OTC to RO/Special Case - All Related Objects/Select to Others to Upload' located by 'By.xpath: //span/ul/li/span[contains(text(),"Others")]' not found)

2018-12-12 20:24:33 - [MESSAGE][FAILED] - Unable to click on object 'Object Repository/Final Object Repo/New Registration - Registration Module Pages/New Reg - OTC to RO/Special Case - All Related Objects/Select to Others to Upload' (Root cause: com.kms.katalon.core.webui.exception.WebElementNotFoundException: Web element with id: 'Object Repository/Final Object Repo/New Registration - Registration Module Pages/New Reg - OTC to RO/Special Case - All Related Objects/Select to Others to Upload' located by 'By.xpath: //span/ul/li/span[contains(text(),"Others")]' not found)
[[ATTACHMENT|C:\\Users\\Admin\\Desktop\\PKS\\Perkeso Phase A\\Reports\\Workflow\\New Registration\\20181212_150049\\1544617472944.png]]

2018-12-12 20:24:33 - [TEST_STEP][PASSED] - delay: Delayed 2 second(s)

2018-12-12 20:24:35 - [MESSAGE][PASSED] - Delayed 2 second(s)

2018-12-12 20:24:35 - [TEST_STEP][FAILED] - uploadFile: Unable to upload file 'C:\Users\Public\Pictures\Sample Pictures\Koala.jpg' to object 'Object Repository/Final Object Repo/New Registration - Registration Module Pages/New Reg - OTC to RO/Special Case - All Related Objects/Uploading Pending Case Action' (Root cause: com.kms.katalon.core.webui.exception.WebElementNotFoundException: Web element with id: 'Object Repository/Final Object Repo/New Registration - Registration Module Pages/New Reg - OTC to RO/Special Case - All Related Objects/Uploading Pending Case Action' located by 'By.xpath: //input[@id = '_newreg_WAR_registrationportlet_uploadFile' and @name = '_newreg_WAR_registrationportlet_uploadFile' and @type = 'file']' not found)

2018-12-12 20:25:06 - [MESSAGE][FAILED] - Unable to upload file 'C:\Users\Public\Pictures\Sample Pictures\Koala.jpg' to object 'Object Repository/Final Object Repo/New Registration - Registration Module Pages/New Reg - OTC to RO/Special Case - All Related Objects/Uploading Pending Case Action' (Root cause: com.kms.katalon.core.webui.exception.WebElementNotFoundException: Web element with id: 'Object Repository/Final Object Repo/New Registration - Registration Module Pages/New Reg - OTC to RO/Special Case - All Related Objects/Uploading Pending Case Action' located by 'By.xpath: //input[@id = '_newreg_WAR_registrationportlet_uploadFile' and @name = '_newreg_WAR_registrationportlet_uploadFile' and @type = 'file']' not found)
[[ATTACHMENT|C:\\Users\\Admin\\Desktop\\PKS\\Perkeso Phase A\\Reports\\Workflow\\New Registration\\20181212_150049\\1544617506540.png]]

2018-12-12 20:25:06 - [TEST_STEP][PASSED] - delay: Delayed 2 second(s)

2018-12-12 20:25:08 - [MESSAGE][PASSED] - Delayed 2 second(s)

2018-12-12 20:25:08 - [TEST_STEP][FAILED] - click: Unable to click on object 'Object Repository/Final Object Repo/New Registration - Registration Module Pages/New Reg - OTC to RO/Special Case - All Related Objects/Inner form Add Document Button Pending Case' (Root cause: com.kms.katalon.core.webui.exception.WebElementNotFoundException: Web element with id: 'Object Repository/Final Object Repo/New Registration - Registration Module Pages/New Reg - OTC to RO/Special Case - All Related Objects/Inner form Add Document Button Pending Case' located by 'By.xpath: //a[@class = 'btn btn-lg blueBtn col-md-2 pull-right' and @targets = 'baseMsgDivId' and (text() = '
										ADD DOCUMENT
								     ' or . = '
										ADD DOCUMENT
								     ')]' not found)

2018-12-12 20:25:43 - [MESSAGE][FAILED] - Unable to click on object 'Object Repository/Final Object Repo/New Registration - Registration Module Pages/New Reg - OTC to RO/Special Case - All Related Objects/Inner form Add Document Button Pending Case' (Root cause: com.kms.katalon.core.webui.exception.WebElementNotFoundException: Web element with id: 'Object Repository/Final Object Repo/New Registration - Registration Module Pages/New Reg - OTC to RO/Special Case - All Related Objects/Inner form Add Document Button Pending Case' located by 'By.xpath: //a[@class = 'btn btn-lg blueBtn col-md-2 pull-right' and @targets = 'baseMsgDivId' and (text() = '
										ADD DOCUMENT
								     ' or . = '
										ADD DOCUMENT
								     ')]' not found)
[[ATTACHMENT|C:\\Users\\Admin\\Desktop\\PKS\\Perkeso Phase A\\Reports\\Workflow\\New Registration\\20181212_150049\\1544617542872.png]]

2018-12-12 20:25:43 - [TEST_STEP][PASSED] - delay: Delayed 2 second(s)

2018-12-12 20:25:45 - [MESSAGE][PASSED] - Delayed 2 second(s)

2018-12-12 20:25:45 - [TEST_STEP][FAILED] - click: Unable to click on object 'Object Repository/Final Object Repo/New Registration - Registration Module Pages/New Reg - OTC to RO/Special Case - All Related Objects/Pending Case Exit' (Root cause: com.kms.katalon.core.webui.exception.WebElementNotFoundException: Web element with id: 'Object Repository/Final Object Repo/New Registration - Registration Module Pages/New Reg - OTC to RO/Special Case - All Related Objects/Pending Case Exit' located by 'By.xpath: //a[@id = '_newreg_WAR_registrationportlet_exitBtnId' and @class = 'btn btn-lg blueBtn col-md-2 pull-right' and (text() = '
									EXIT
				                ' or . = '
									EXIT
				                ')]' not found)

2018-12-12 20:26:18 - [MESSAGE][FAILED] - Unable to click on object 'Object Repository/Final Object Repo/New Registration - Registration Module Pages/New Reg - OTC to RO/Special Case - All Related Objects/Pending Case Exit' (Root cause: com.kms.katalon.core.webui.exception.WebElementNotFoundException: Web element with id: 'Object Repository/Final Object Repo/New Registration - Registration Module Pages/New Reg - OTC to RO/Special Case - All Related Objects/Pending Case Exit' located by 'By.xpath: //a[@id = '_newreg_WAR_registrationportlet_exitBtnId' and @class = 'btn btn-lg blueBtn col-md-2 pull-right' and (text() = '
									EXIT
				                ' or . = '
									EXIT
				                ')]' not found)
[[ATTACHMENT|C:\\Users\\Admin\\Desktop\\PKS\\Perkeso Phase A\\Reports\\Workflow\\New Registration\\20181212_150049\\1544617578255.png]]

2018-12-12 20:26:18 - [TEST_STEP][PASSED] - callTestCase: Call Test Case 'Test Cases/Final Aug 2018 - PKS Automation/Registration Module/Log Out/log out avoiding katalon tagging' successfully

2018-12-12 20:26:18 - [TEST_CASE][PASSED] - Test Cases/Final Aug 2018 - PKS Automation/Registration Module/Log Out/log out avoiding katalon tagging: Test Cases/Final Aug 2018 - PKS Automation/Registration Module/Log Out/log out avoiding katalon tagging

2018-12-12 20:26:18 - [TEST_STEP][PASSED] - navigateToUrl: Navigate to 'https://assist2-uat.perkeso.gov.my/c/portal/logout' successfully

2018-12-12 20:26:19 - [MESSAGE][PASSED] - Navigate to 'https://assist2-uat.perkeso.gov.my/c/portal/logout' successfully

2018-12-12 20:26:19 - [MESSAGE][PASSED] - Call Test Case 'Test Cases/Final Aug 2018 - PKS Automation/Registration Module/Log Out/log out avoiding katalon tagging' successfully

2018-12-12 20:26:19 - [TEST_STEP][PASSED] - callTestCase: Call Test Case 'Test Cases/Final Aug 2018 - PKS Automation/Common/Workflow Owner Finder' successfully

2018-12-12 20:26:19 - [TEST_CASE][PASSED] - Test Cases/Final Aug 2018 - PKS Automation/Common/Workflow Owner Finder: Test Cases/Final Aug 2018 - PKS Automation/Common/Workflow Owner Finder

2018-12-12 20:26:19 - [TEST_STEP][PASSED] - openBrowser: Browser is opened with url: ''

2018-12-12 20:26:19 - [MESSAGE][WARNING] - A browser is already opened. Closing browser and opening a new one

2018-12-12 20:26:23 - [MESSAGE][PASSED] - Browser is opened with url: ''

2018-12-12 20:26:23 - [TEST_STEP][PASSED] - navigateToUrl: Navigate to 'https://assist2-uat.perkeso.gov.my/login' successfully

2018-12-12 20:26:24 - [MESSAGE][PASSED] - Navigate to 'https://assist2-uat.perkeso.gov.my/login' successfully

2018-12-12 20:26:24 - [TEST_STEP][PASSED] - delay: Delayed 5 second(s)

2018-12-12 20:26:29 - [MESSAGE][PASSED] - Delayed 5 second(s)

2018-12-12 20:26:29 - [TEST_STEP][PASSED] - setText: Text 'test@liferay.com' is set on object 'Object Repository/Final Object Repo/Login Page/Internal User/Email Address'

2018-12-12 20:26:29 - [MESSAGE][PASSED] - Text 'test@liferay.com' is set on object 'Object Repository/Final Object Repo/Login Page/Internal User/Email Address'

2018-12-12 20:26:29 - [TEST_STEP][PASSED] - click: Object: 'Object Repository/Final Object Repo/Login Page/Internal User/Next Button' is clicked on

2018-12-12 20:26:30 - [MESSAGE][PASSED] - Object: 'Object Repository/Final Object Repo/Login Page/Internal User/Next Button' is clicked on

2018-12-12 20:26:30 - [TEST_STEP][PASSED] - delay: Delayed 2 second(s)

2018-12-12 20:26:32 - [MESSAGE][PASSED] - Delayed 2 second(s)

2018-12-12 20:26:32 - [TEST_STEP][PASSED] - setText: Text 'test' is set on object 'Object Repository/Final Object Repo/Login Page/Internal User/Password'

2018-12-12 20:26:32 - [MESSAGE][PASSED] - Text 'test' is set on object 'Object Repository/Final Object Repo/Login Page/Internal User/Password'

2018-12-12 20:26:32 - [TEST_STEP][PASSED] - delay: Delayed 2 second(s)

2018-12-12 20:26:34 - [MESSAGE][PASSED] - Delayed 2 second(s)

2018-12-12 20:26:34 - [TEST_STEP][PASSED] - click: Object: 'Object Repository/Final Object Repo/Login Page/Internal User/Login Button' is clicked on

2018-12-12 20:26:34 - [MESSAGE][PASSED] - Object: 'Object Repository/Final Object Repo/Login Page/Internal User/Login Button' is clicked on

2018-12-12 20:26:34 - [TEST_STEP][PASSED] - Statement - tester = com.kms.katalon.core.testobject.ObjectRepository.findTestObject(Final Object Repo/Landing Page/Select to English): Finding Test Object with id 'Object Repository/Final Object Repo/Landing Page/Select to English'

2018-12-12 20:26:34 - [TEST_STEP][PASSED] - Statement - Try: Delayed 2 second(s)

2018-12-12 20:26:34 - [TEST_STEP][PASSED] - Statement - Checker = com.kms.katalon.core.webui.keyword.WebUiBuiltInKeywords.verifyElementNotPresent(tester, 3): Web element with id: 'Object Repository/Final Object Repo/Landing Page/Select to English' located by 'By.xpath: //a[@class = 'taglib-language-list-text' and @lang = 'en-US' and (contains(text(), 'EN') or contains(., 'EN'))]' is not present after '3' second(s)

2018-12-12 20:26:36 - [MESSAGE][PASSED] - Web element with id: 'Object Repository/Final Object Repo/Landing Page/Select to English' located by 'By.xpath: //a[@class = 'taglib-language-list-text' and @lang = 'en-US' and (contains(text(), 'EN') or contains(., 'EN'))]' is not present after '3' second(s)

2018-12-12 20:26:36 - [TEST_STEP][PASSED] - Statement - If (Checker == false): null

2018-12-12 20:26:36 - [TEST_STEP][PASSED] - delay: Delayed 2 second(s)

2018-12-12 20:26:38 - [MESSAGE][PASSED] - Delayed 2 second(s)

2018-12-12 20:26:38 - [TEST_STEP][PASSED] - delay: Delayed 5 second(s)

2018-12-12 20:26:43 - [MESSAGE][PASSED] - Delayed 5 second(s)

2018-12-12 20:26:43 - [TEST_STEP][PASSED] - mouseOver: Object: 'Object Repository/Final Object Repo/Landing Page/WorkFlow Menu' is hovered

2018-12-12 20:26:43 - [MESSAGE][PASSED] - Object: 'Object Repository/Final Object Repo/Landing Page/WorkFlow Menu' is hovered

2018-12-12 20:26:43 - [TEST_STEP][PASSED] - delay: Delayed 2 second(s)

2018-12-12 20:26:45 - [MESSAGE][PASSED] - Delayed 2 second(s)

2018-12-12 20:26:45 - [TEST_STEP][PASSED] - click: Object: 'Object Repository/Final Object Repo/Landing Page/Select to Workflow Listing' is clicked on

2018-12-12 20:26:46 - [MESSAGE][PASSED] - Object: 'Object Repository/Final Object Repo/Landing Page/Select to Workflow Listing' is clicked on

2018-12-12 20:26:46 - [TEST_STEP][PASSED] - delay: Delayed 2 second(s)

2018-12-12 20:26:48 - [MESSAGE][PASSED] - Delayed 2 second(s)

2018-12-12 20:26:48 - [TEST_STEP][PASSED] - click: Object: 'Object Repository/Final Object Repo/WorkFlow Listing Page/Search Information - To Put Ref No' is clicked on

2018-12-12 20:26:48 - [MESSAGE][PASSED] - Object: 'Object Repository/Final Object Repo/WorkFlow Listing Page/Search Information - To Put Ref No' is clicked on

2018-12-12 20:26:48 - [TEST_STEP][PASSED] - delay: Delayed 2 second(s)

2018-12-12 20:26:50 - [MESSAGE][PASSED] - Delayed 2 second(s)

2018-12-12 20:26:50 - [TEST_STEP][PASSED] - callTestCase: Call Test Case 'Test Cases/Final Aug 2018 - PKS Automation/Common/Reference Number Getter' successfully

2018-12-12 20:26:50 - [TEST_CASE][PASSED] - Test Cases/Final Aug 2018 - PKS Automation/Common/Reference Number Getter: Test Cases/Final Aug 2018 - PKS Automation/Common/Reference Number Getter

2018-12-12 20:26:50 - [TEST_STEP][PASSED] - Statement - Try: null

2018-12-12 20:26:50 - [TEST_STEP][PASSED] - Statement - RefNo = new java.io.File(C://Users//Admin//Desktop//PKS//Automation Reference Point//KatalonReference.txt): null

2018-12-12 20:26:50 - [TEST_STEP][PASSED] - Statement - bufferread = new java.io.BufferedReader(new java.io.FileReader(RefNo)): null

2018-12-12 20:26:50 - [TEST_STEP][PASSED] - Statement - readedVal = bufferread.readLine(): null

2018-12-12 20:26:50 - [TEST_STEP][PASSED] - Statement - out.println(CaseReferenceNo): null

2018-12-12 20:26:50 - [TEST_STEP][PASSED] - Statement - out.println(readedVal): null

2018-12-12 20:26:50 - [TEST_STEP][PASSED] - Statement - CaseReferenceNo = "": null

2018-12-12 20:26:50 - [TEST_STEP][PASSED] - Statement - CaseReferenceNo = readedVal: null

2018-12-12 20:26:50 - [MESSAGE][PASSED] - Call Test Case 'Test Cases/Final Aug 2018 - PKS Automation/Common/Reference Number Getter' successfully

2018-12-12 20:26:50 - [TEST_STEP][PASSED] - setText: Text 'CRN12201800123235' is set on object 'Object Repository/Final Object Repo/WorkFlow Listing Page/Ref No Set Text'

2018-12-12 20:26:50 - [MESSAGE][PASSED] - Text 'CRN12201800123235' is set on object 'Object Repository/Final Object Repo/WorkFlow Listing Page/Ref No Set Text'

2018-12-12 20:26:50 - [TEST_STEP][PASSED] - delay: Delayed 2 second(s)

2018-12-12 20:26:52 - [MESSAGE][PASSED] - Delayed 2 second(s)

2018-12-12 20:26:52 - [TEST_STEP][PASSED] - click: Object: 'Object Repository/Final Object Repo/WorkFlow Listing Page/Search Ref No Search Button' is clicked on

2018-12-12 20:26:53 - [MESSAGE][PASSED] - Object: 'Object Repository/Final Object Repo/WorkFlow Listing Page/Search Ref No Search Button' is clicked on

2018-12-12 20:26:53 - [TEST_STEP][PASSED] - delay: Delayed 6 second(s)

2018-12-12 20:26:59 - [MESSAGE][PASSED] - Delayed 6 second(s)

2018-12-12 20:26:59 - [TEST_STEP][PASSED] - click: Object: 'Object Repository/Final Object Repo/WorkFlow Listing Page/Click Continue Tooltip' is clicked on

2018-12-12 20:27:00 - [MESSAGE][PASSED] - Object: 'Object Repository/Final Object Repo/WorkFlow Listing Page/Click Continue Tooltip' is clicked on

2018-12-12 20:27:00 - [TEST_STEP][PASSED] - delay: Delayed 5 second(s)

2018-12-12 20:27:05 - [MESSAGE][PASSED] - Delayed 5 second(s)

2018-12-12 20:27:05 - [TEST_STEP][PASSED] - doubleClick: Object: 'Object Repository/Final Object Repo/WorkFlow Listing Page/Workflow Found - Listing 1' is double clicked on

2018-12-12 20:27:05 - [MESSAGE][PASSED] - Object: 'Object Repository/Final Object Repo/WorkFlow Listing Page/Workflow Found - Listing 1' is double clicked on

2018-12-12 20:27:05 - [TEST_STEP][PASSED] - Statement - println(OwnerID): null

2018-12-12 20:27:05 - [TEST_STEP][PASSED] - Statement - OwnerID = com.kms.katalon.core.webui.keyword.WebUiBuiltInKeywords.getText(com.kms.katalon.core.testobject.ObjectRepository.findTestObject(Final Object Repo/WorkFlow Listing Page/Workflow Found - Listing 1), STOP_ON_FAILURE): Text of object 'Object Repository/Final Object Repo/WorkFlow Listing Page/Workflow Found - Listing 1' is: 'KLpkrbo2'

2018-12-12 20:27:05 - [MESSAGE][PASSED] - Text of object 'Object Repository/Final Object Repo/WorkFlow Listing Page/Workflow Found - Listing 1' is: 'KLpkrbo2'

2018-12-12 20:27:05 - [TEST_STEP][PASSED] - Statement - OwnerID = OwnerID.toLowerCase() + "@gmail.com": null

2018-12-12 20:27:05 - [TEST_STEP][PASSED] - Statement - println(OwnerID): null

2018-12-12 20:27:05 - [TEST_STEP][PASSED] - delay: Delayed 2 second(s)

2018-12-12 20:27:07 - [MESSAGE][PASSED] - Delayed 2 second(s)

2018-12-12 20:27:07 - [MESSAGE][PASSED] - Call Test Case 'Test Cases/Final Aug 2018 - PKS Automation/Common/Workflow Owner Finder' successfully

2018-12-12 20:27:07 - [TEST_STEP][PASSED] - callTestCase: Call Test Case 'Test Cases/Final Aug 2018 - PKS Automation/Registration Module/Log Out/log out avoiding katalon tagging' successfully

2018-12-12 20:27:07 - [TEST_CASE][PASSED] - Test Cases/Final Aug 2018 - PKS Automation/Registration Module/Log Out/log out avoiding katalon tagging: Test Cases/Final Aug 2018 - PKS Automation/Registration Module/Log Out/log out avoiding katalon tagging

2018-12-12 20:27:07 - [TEST_STEP][PASSED] - navigateToUrl: Navigate to 'https://assist2-uat.perkeso.gov.my/c/portal/logout' successfully

2018-12-12 20:27:08 - [MESSAGE][PASSED] - Navigate to 'https://assist2-uat.perkeso.gov.my/c/portal/logout' successfully

2018-12-12 20:27:08 - [MESSAGE][PASSED] - Call Test Case 'Test Cases/Final Aug 2018 - PKS Automation/Registration Module/Log Out/log out avoiding katalon tagging' successfully

2018-12-12 20:27:08 - [TEST_STEP][PASSED] - delay: Delayed 2 second(s)

2018-12-12 20:27:10 - [MESSAGE][PASSED] - Delayed 2 second(s)

2018-12-12 20:27:10 - [TEST_STEP][PASSED] - setText: Text 'klpkrbo2@gmail.com' is set on object 'Object Repository/Final Object Repo/Login Page/Internal User/Email Address'

2018-12-12 20:27:10 - [MESSAGE][PASSED] - Text 'klpkrbo2@gmail.com' is set on object 'Object Repository/Final Object Repo/Login Page/Internal User/Email Address'

2018-12-12 20:27:10 - [TEST_STEP][PASSED] - click: Object: 'Object Repository/Final Object Repo/Login Page/Internal User/Next Button' is clicked on

2018-12-12 20:27:10 - [MESSAGE][PASSED] - Object: 'Object Repository/Final Object Repo/Login Page/Internal User/Next Button' is clicked on

2018-12-12 20:27:10 - [TEST_STEP][PASSED] - delay: Delayed 2 second(s)

2018-12-12 20:27:12 - [MESSAGE][PASSED] - Delayed 2 second(s)

2018-12-12 20:27:12 - [TEST_STEP][PASSED] - setText: Text 'Test1@3456789' is set on object 'Object Repository/Final Object Repo/Login Page/Internal User/Password'

2018-12-12 20:27:12 - [MESSAGE][PASSED] - Text 'Test1@3456789' is set on object 'Object Repository/Final Object Repo/Login Page/Internal User/Password'

2018-12-12 20:27:12 - [TEST_STEP][PASSED] - delay: Delayed 2 second(s)

2018-12-12 20:27:14 - [MESSAGE][PASSED] - Delayed 2 second(s)

2018-12-12 20:27:14 - [TEST_STEP][PASSED] - click: Object: 'Object Repository/Final Object Repo/Login Page/Internal User/Login Button' is clicked on

2018-12-12 20:27:14 - [MESSAGE][PASSED] - Object: 'Object Repository/Final Object Repo/Login Page/Internal User/Login Button' is clicked on

2018-12-12 20:27:14 - [TEST_STEP][PASSED] - delay: Delayed 2 second(s)

2018-12-12 20:27:16 - [MESSAGE][PASSED] - Delayed 2 second(s)

2018-12-12 20:27:16 - [TEST_STEP][PASSED] - Statement - Try: null

2018-12-12 20:27:16 - [TEST_STEP][PASSED] - Statement - Checker = com.kms.katalon.core.webui.keyword.WebUiBuiltInKeywords.verifyElementNotPresent("Final Object Repo/Landing Page/Select to English", 3): null

2018-12-12 20:27:16 - [TEST_STEP][PASSED] - Statement - Catch (Exception e): null

2018-12-12 20:27:16 - [TEST_STEP][PASSED] - Statement - e.printStackTrace(): null

2018-12-12 20:27:16 - [TEST_STEP][PASSED] - click: Object: 'Object Repository/Final Object Repo/New Registration - Registration Module Pages/New Reg - OTC to RO/Special Case - All Related Objects/Expand to Search' is clicked on

2018-12-12 20:27:17 - [MESSAGE][PASSED] - Object: 'Object Repository/Final Object Repo/New Registration - Registration Module Pages/New Reg - OTC to RO/Special Case - All Related Objects/Expand to Search' is clicked on

2018-12-12 20:27:17 - [TEST_STEP][PASSED] - delay: Delayed 2 second(s)

2018-12-12 20:27:19 - [MESSAGE][PASSED] - Delayed 2 second(s)

2018-12-12 20:27:19 - [TEST_STEP][PASSED] - callTestCase: Call Test Case 'Test Cases/Final Aug 2018 - PKS Automation/Common/Reference Number Getter' successfully

2018-12-12 20:27:19 - [TEST_CASE][PASSED] - Test Cases/Final Aug 2018 - PKS Automation/Common/Reference Number Getter: Test Cases/Final Aug 2018 - PKS Automation/Common/Reference Number Getter

2018-12-12 20:27:19 - [TEST_STEP][PASSED] - Statement - Try: null

2018-12-12 20:27:19 - [TEST_STEP][PASSED] - Statement - RefNo = new java.io.File(C://Users//Admin//Desktop//PKS//Automation Reference Point//KatalonReference.txt): null

2018-12-12 20:27:19 - [TEST_STEP][PASSED] - Statement - bufferread = new java.io.BufferedReader(new java.io.FileReader(RefNo)): null

2018-12-12 20:27:19 - [TEST_STEP][PASSED] - Statement - readedVal = bufferread.readLine(): null

2018-12-12 20:27:19 - [TEST_STEP][PASSED] - Statement - out.println(CaseReferenceNo): null

2018-12-12 20:27:19 - [TEST_STEP][PASSED] - Statement - out.println(readedVal): null

2018-12-12 20:27:19 - [TEST_STEP][PASSED] - Statement - CaseReferenceNo = "": null

2018-12-12 20:27:19 - [TEST_STEP][PASSED] - Statement - CaseReferenceNo = readedVal: null

2018-12-12 20:27:19 - [MESSAGE][PASSED] - Call Test Case 'Test Cases/Final Aug 2018 - PKS Automation/Common/Reference Number Getter' successfully

2018-12-12 20:27:19 - [TEST_STEP][PASSED] - setText: Text 'CRN12201800123235' is set on object 'Object Repository/Final Object Repo/New Registration - Registration Module Pages/New Reg - OTC to RO/Special Case - All Related Objects/TextBox RefNo in Workbasket'

2018-12-12 20:27:19 - [MESSAGE][PASSED] - Text 'CRN12201800123235' is set on object 'Object Repository/Final Object Repo/New Registration - Registration Module Pages/New Reg - OTC to RO/Special Case - All Related Objects/TextBox RefNo in Workbasket'

2018-12-12 20:27:19 - [TEST_STEP][PASSED] - delay: Delayed 2 second(s)

2018-12-12 20:27:21 - [MESSAGE][PASSED] - Delayed 2 second(s)

2018-12-12 20:27:21 - [TEST_STEP][PASSED] - click: Object: 'Object Repository/Final Object Repo/New Registration - Registration Module Pages/New Reg - OTC to RO/Special Case - All Related Objects/Click Search' is clicked on

2018-12-12 20:27:21 - [MESSAGE][PASSED] - Object: 'Object Repository/Final Object Repo/New Registration - Registration Module Pages/New Reg - OTC to RO/Special Case - All Related Objects/Click Search' is clicked on

2018-12-12 20:27:21 - [TEST_STEP][PASSED] - delay: Delayed 2 second(s)

2018-12-12 20:27:23 - [MESSAGE][PASSED] - Delayed 2 second(s)

2018-12-12 20:27:23 - [TEST_STEP][PASSED] - click: Object: 'Object Repository/Final Object Repo/New Registration - Registration Module Pages/New Reg - OTC to RO/Special Case - All Related Objects/Click to Continue Workflow' is clicked on

2018-12-12 20:27:25 - [MESSAGE][PASSED] - Object: 'Object Repository/Final Object Repo/New Registration - Registration Module Pages/New Reg - OTC to RO/Special Case - All Related Objects/Click to Continue Workflow' is clicked on

2018-12-12 20:27:25 - [TEST_STEP][PASSED] - delay: Delayed 2 second(s)

2018-12-12 20:27:27 - [MESSAGE][PASSED] - Delayed 2 second(s)

2018-12-12 20:27:27 - [TEST_STEP][FAILED] - click: Unable to click on object 'Object Repository/Final Object Repo/New Registration - Registration Module Pages/New Reg - OTC to RO/Special Case - All Related Objects/Continue Button in verifying case' (Root cause: org.openqa.selenium.ElementNotVisibleException: element not interactable
  (Session info: chrome=70.0.3538.110)
  (Driver info: chromedriver=2.43.600210 (68dcf5eebde37173d4027fa8635e332711d2874a),platform=Windows NT 6.1.7601 SP1 x86_64) (WARNING: The server did not provide any stacktrace information)
Command duration or timeout: 0 milliseconds
Build info: version: '3.7.1', revision: '8a0099a', time: '2017-11-06T21:07:36.161Z'
System info: host: 'WIN7TEST02', ip: '10.20.3.72', os.name: 'Windows 7', os.arch: 'amd64', os.version: '6.1', java.version: '1.8.0_181'
Driver info: com.kms.katalon.selenium.driver.CChromeDriver
Capabilities {acceptInsecureCerts: false, acceptSslCerts: false, applicationCacheEnabled: false, browserConnectionEnabled: false, browserName: chrome, chrome: {chromedriverVersion: 2.43.600210 (68dcf5eebde371..., userDataDir: C:\Users\Admin\AppData\Loca...}, cssSelectorsEnabled: true, databaseEnabled: false, goog:chromeOptions: {debuggerAddress: localhost:56367}, handlesAlerts: true, hasTouchScreen: false, javascriptEnabled: true, locationContextEnabled: true, mobileEmulationEnabled: false, nativeEvents: true, networkConnectionEnabled: false, pageLoadStrategy: normal, platform: XP, platformName: XP, rotatable: false, setWindowRect: true, takesHeapSnapshot: true, takesScreenshot: true, unexpectedAlertBehaviour: , unhandledPromptBehavior: , version: 70.0.3538.110, webStorageEnabled: true}
Session ID: 89f54105d2227c0b61dfb75d087ce7f0)

2018-12-12 20:27:28 - [MESSAGE][FAILED] - Unable to click on object 'Object Repository/Final Object Repo/New Registration - Registration Module Pages/New Reg - OTC to RO/Special Case - All Related Objects/Continue Button in verifying case' (Root cause: org.openqa.selenium.ElementNotVisibleException: element not interactable
  (Session info: chrome=70.0.3538.110)
  (Driver info: chromedriver=2.43.600210 (68dcf5eebde37173d4027fa8635e332711d2874a),platform=Windows NT 6.1.7601 SP1 x86_64) (WARNING: The server did not provide any stacktrace information)
Command duration or timeout: 0 milliseconds
Build info: version: '3.7.1', revision: '8a0099a', time: '2017-11-06T21:07:36.161Z'
System info: host: 'WIN7TEST02', ip: '10.20.3.72', os.name: 'Windows 7', os.arch: 'amd64', os.version: '6.1', java.version: '1.8.0_181'
Driver info: com.kms.katalon.selenium.driver.CChromeDriver
Capabilities {acceptInsecureCerts: false, acceptSslCerts: false, applicationCacheEnabled: false, browserConnectionEnabled: false, browserName: chrome, chrome: {chromedriverVersion: 2.43.600210 (68dcf5eebde371..., userDataDir: C:\Users\Admin\AppData\Loca...}, cssSelectorsEnabled: true, databaseEnabled: false, goog:chromeOptions: {debuggerAddress: localhost:56367}, handlesAlerts: true, hasTouchScreen: false, javascriptEnabled: true, locationContextEnabled: true, mobileEmulationEnabled: false, nativeEvents: true, networkConnectionEnabled: false, pageLoadStrategy: normal, platform: XP, platformName: XP, rotatable: false, setWindowRect: true, takesHeapSnapshot: true, takesScreenshot: true, unexpectedAlertBehaviour: , unhandledPromptBehavior: , version: 70.0.3538.110, webStorageEnabled: true}
Session ID: 89f54105d2227c0b61dfb75d087ce7f0)
[[ATTACHMENT|C:\\Users\\Admin\\Desktop\\PKS\\Perkeso Phase A\\Reports\\Workflow\\New Registration\\20181212_150049\\1544617647874.png]]

2018-12-12 20:27:28 - [TEST_STEP][PASSED] - delay: Delayed 2 second(s)

2018-12-12 20:27:30 - [MESSAGE][PASSED] - Delayed 2 second(s)

2018-12-12 20:27:30 - [TEST_STEP][PASSED] - click: Object: 'Object Repository/Final Object Repo/New Registration - Registration Module Pages/Form 1/Registered As a Branch - Yes' is clicked on

2018-12-12 20:27:30 - [MESSAGE][PASSED] - Object: 'Object Repository/Final Object Repo/New Registration - Registration Module Pages/Form 1/Registered As a Branch - Yes' is clicked on

2018-12-12 20:27:30 - [TEST_STEP][PASSED] - delay: Delayed 2 second(s)

2018-12-12 20:27:32 - [MESSAGE][PASSED] - Delayed 2 second(s)

2018-12-12 20:27:32 - [TEST_STEP][PASSED] - click: Object: 'Object Repository/Final Object Repo/New Registration - Registration Module Pages/New Reg - OTC to RO/Special Case - All Related Objects/Form 1 Save n Continue' is clicked on

2018-12-12 20:27:32 - [MESSAGE][PASSED] - Object: 'Object Repository/Final Object Repo/New Registration - Registration Module Pages/New Reg - OTC to RO/Special Case - All Related Objects/Form 1 Save n Continue' is clicked on

2018-12-12 20:27:32 - [TEST_STEP][PASSED] - delay: Delayed 2 second(s)

2018-12-12 20:27:34 - [MESSAGE][PASSED] - Delayed 2 second(s)

2018-12-12 20:27:34 - [TEST_STEP][PASSED] - click: Object: 'Object Repository/Final Object Repo/New Registration - Registration Module Pages/New Reg - OTC to RO/Special Case - All Related Objects/Form 2 Save n Continue' is clicked on

2018-12-12 20:27:34 - [MESSAGE][PASSED] - Object: 'Object Repository/Final Object Repo/New Registration - Registration Module Pages/New Reg - OTC to RO/Special Case - All Related Objects/Form 2 Save n Continue' is clicked on

2018-12-12 20:27:34 - [TEST_STEP][PASSED] - delay: Delayed 2 second(s)

2018-12-12 20:27:36 - [MESSAGE][PASSED] - Delayed 2 second(s)

2018-12-12 20:27:36 - [TEST_STEP][PASSED] - click: Object: 'Object Repository/Final Object Repo/New Registration - Registration Module Pages/New Reg - OTC to RO/Special Case - All Related Objects/Third Screen Save n Continue' is clicked on

2018-12-12 20:27:42 - [MESSAGE][PASSED] - Object: 'Object Repository/Final Object Repo/New Registration - Registration Module Pages/New Reg - OTC to RO/Special Case - All Related Objects/Third Screen Save n Continue' is clicked on

2018-12-12 20:27:42 - [TEST_STEP][PASSED] - delay: Delayed 5 second(s)

2018-12-12 20:27:47 - [MESSAGE][PASSED] - Delayed 5 second(s)

2018-12-12 20:27:47 - [TEST_STEP][PASSED] - click: Object: 'Object Repository/Final Object Repo/New Registration - Registration Module Pages/New Reg - OTC to RO/Special Case - All Related Objects/Upload Doc Page Save n Continue' is clicked on

2018-12-12 20:27:47 - [MESSAGE][PASSED] - Object: 'Object Repository/Final Object Repo/New Registration - Registration Module Pages/New Reg - OTC to RO/Special Case - All Related Objects/Upload Doc Page Save n Continue' is clicked on

2018-12-12 20:27:47 - [TEST_STEP][PASSED] - callTestCase: Call Test Case 'Test Cases/Final Aug 2018 - PKS Automation/Registration Module/New Registration/Submit and Screenshot/Submit Registration and Screenshot' successfully

2018-12-12 20:27:47 - [TEST_CASE][PASSED] - Test Cases/Final Aug 2018 - PKS Automation/Registration Module/New Registration/Submit and Screenshot/Submit Registration and Screenshot: Test Cases/Final Aug 2018 - PKS Automation/Registration Module/New Registration/Submit and Screenshot/Submit Registration and Screenshot

2018-12-12 20:27:47 - [TEST_STEP][PASSED] - delay: Delayed 6 second(s)

2018-12-12 20:27:53 - [MESSAGE][PASSED] - Delayed 6 second(s)

2018-12-12 20:27:53 - [TEST_STEP][PASSED] - click: Object: 'Object Repository/Final Object Repo/New Registration - Registration Module Pages/Third Screen - Upload Supporting Doc- Preview/Preview Submit Button' is clicked on

2018-12-12 20:27:53 - [MESSAGE][PASSED] - Object: 'Object Repository/Final Object Repo/New Registration - Registration Module Pages/Third Screen - Upload Supporting Doc- Preview/Preview Submit Button' is clicked on

2018-12-12 20:27:53 - [TEST_STEP][PASSED] - delay: Delayed 2 second(s)

2018-12-12 20:27:55 - [MESSAGE][PASSED] - Delayed 2 second(s)

2018-12-12 20:27:55 - [TEST_STEP][PASSED] - click: Object: 'Object Repository/Final Object Repo/New Registration - Registration Module Pages/Third Screen - Upload Supporting Doc- Preview/Preview Submit - Confirm' is clicked on

2018-12-12 20:27:55 - [MESSAGE][PASSED] - Object: 'Object Repository/Final Object Repo/New Registration - Registration Module Pages/Third Screen - Upload Supporting Doc- Preview/Preview Submit - Confirm' is clicked on

2018-12-12 20:27:55 - [TEST_STEP][PASSED] - delay: Delayed 15 second(s)

2018-12-12 20:28:10 - [MESSAGE][PASSED] - Delayed 15 second(s)

2018-12-12 20:28:10 - [TEST_STEP][PASSED] - Statement - driver = com.kms.katalon.core.webui.driver.DriverFactory.getWebDriver(): null

2018-12-12 20:28:10 - [TEST_STEP][PASSED] - Statement - driver.manage().timeouts().implicitlyWait(10, SECONDS): null

2018-12-12 20:28:10 - [TEST_STEP][PASSED] - Statement - PresavePath = KatalonScreenshots: null

2018-12-12 20:28:10 - [TEST_STEP][PASSED] - Statement - pathPrefix = "C:\Users\Public\Pictures\Sample Pictures\Katalon Screenshots\Automate Ending Screen": null

2018-12-12 20:28:10 - [TEST_STEP][PASSED] - Statement - finalPath = <not implemented yet for class: org.codehaus.groovy.ast.expr.EmptyExpression>: null

2018-12-12 20:28:10 - [TEST_STEP][PASSED] - Statement - scrFile = driver.getScreenshotAs(FILE): null

2018-12-12 20:28:11 - [TEST_STEP][PASSED] - Statement - PreSaveFile = new java.io.File(PresavePath): null

2018-12-12 20:28:11 - [TEST_STEP][PASSED] - Statement - counter = 0: null

2018-12-12 20:28:11 - [TEST_STEP][PASSED] - Statement - If (PreSaveFile.exists()): null

2018-12-12 20:28:11 - [TEST_STEP][PASSED] - Statement - While (PreSaveFile.exists()): null

2018-12-12 20:28:11 - [TEST_STEP][PASSED] - Statement - counter = counter + 1: null

2018-12-12 20:28:11 - [TEST_STEP][PASSED] - Statement - PreSaveFile = new java.io.File(((pathPrefix + java.lang.Integer.toString(counter)) + .png)): null

2018-12-12 20:28:11 - [TEST_STEP][PASSED] - Statement - counter = counter + 1: null

2018-12-12 20:28:11 - [TEST_STEP][PASSED] - Statement - PreSaveFile = new java.io.File(((pathPrefix + java.lang.Integer.toString(counter)) + .png)): null

2018-12-12 20:28:11 - [TEST_STEP][PASSED] - Statement - counter = counter + 1: null

2018-12-12 20:28:11 - [TEST_STEP][PASSED] - Statement - PreSaveFile = new java.io.File(((pathPrefix + java.lang.Integer.toString(counter)) + .png)): null

2018-12-12 20:28:11 - [TEST_STEP][PASSED] - Statement - counter = counter + 1: null

2018-12-12 20:28:11 - [TEST_STEP][PASSED] - Statement - PreSaveFile = new java.io.File(((pathPrefix + java.lang.Integer.toString(counter)) + .png)): null

2018-12-12 20:28:11 - [TEST_STEP][PASSED] - Statement - counter = counter + 1: null

2018-12-12 20:28:11 - [TEST_STEP][PASSED] - Statement - PreSaveFile = new java.io.File(((pathPrefix + java.lang.Integer.toString(counter)) + .png)): null

2018-12-12 20:28:11 - [TEST_STEP][PASSED] - Statement - counter = counter + 1: null

2018-12-12 20:28:11 - [TEST_STEP][PASSED] - Statement - PreSaveFile = new java.io.File(((pathPrefix + java.lang.Integer.toString(counter)) + .png)): null

2018-12-12 20:28:11 - [TEST_STEP][PASSED] - Statement - counter = counter + 1: null

2018-12-12 20:28:11 - [TEST_STEP][PASSED] - Statement - PreSaveFile = new java.io.File(((pathPrefix + java.lang.Integer.toString(counter)) + .png)): null

2018-12-12 20:28:11 - [TEST_STEP][PASSED] - Statement - counter = counter + 1: null

2018-12-12 20:28:11 - [TEST_STEP][PASSED] - Statement - PreSaveFile = new java.io.File(((pathPrefix + java.lang.Integer.toString(counter)) + .png)): null

2018-12-12 20:28:11 - [TEST_STEP][PASSED] - Statement - counter = counter + 1: null

2018-12-12 20:28:11 - [TEST_STEP][PASSED] - Statement - PreSaveFile = new java.io.File(((pathPrefix + java.lang.Integer.toString(counter)) + .png)): null

2018-12-12 20:28:11 - [TEST_STEP][PASSED] - Statement - counter = counter + 1: null

2018-12-12 20:28:11 - [TEST_STEP][PASSED] - Statement - PreSaveFile = new java.io.File(((pathPrefix + java.lang.Integer.toString(counter)) + .png)): null

2018-12-12 20:28:11 - [TEST_STEP][PASSED] - Statement - counter = counter + 1: null

2018-12-12 20:28:11 - [TEST_STEP][PASSED] - Statement - PreSaveFile = new java.io.File(((pathPrefix + java.lang.Integer.toString(counter)) + .png)): null

2018-12-12 20:28:11 - [TEST_STEP][PASSED] - Statement - counter = counter + 1: null

2018-12-12 20:28:11 - [TEST_STEP][PASSED] - Statement - PreSaveFile = new java.io.File(((pathPrefix + java.lang.Integer.toString(counter)) + .png)): null

2018-12-12 20:28:11 - [TEST_STEP][PASSED] - Statement - counter = counter + 1: null

2018-12-12 20:28:11 - [TEST_STEP][PASSED] - Statement - PreSaveFile = new java.io.File(((pathPrefix + java.lang.Integer.toString(counter)) + .png)): null

2018-12-12 20:28:11 - [TEST_STEP][PASSED] - Statement - counter = counter + 1: null

2018-12-12 20:28:11 - [TEST_STEP][PASSED] - Statement - PreSaveFile = new java.io.File(((pathPrefix + java.lang.Integer.toString(counter)) + .png)): null

2018-12-12 20:28:11 - [TEST_STEP][PASSED] - Statement - counter = counter + 1: null

2018-12-12 20:28:11 - [TEST_STEP][PASSED] - Statement - PreSaveFile = new java.io.File(((pathPrefix + java.lang.Integer.toString(counter)) + .png)): null

2018-12-12 20:28:11 - [TEST_STEP][PASSED] - Statement - counter = counter + 1: null

2018-12-12 20:28:11 - [TEST_STEP][PASSED] - Statement - PreSaveFile = new java.io.File(((pathPrefix + java.lang.Integer.toString(counter)) + .png)): null

2018-12-12 20:28:11 - [TEST_STEP][PASSED] - Statement - counter = counter + 1: null

2018-12-12 20:28:11 - [TEST_STEP][PASSED] - Statement - PreSaveFile = new java.io.File(((pathPrefix + java.lang.Integer.toString(counter)) + .png)): null

2018-12-12 20:28:11 - [TEST_STEP][PASSED] - Statement - counter = counter + 1: null

2018-12-12 20:28:11 - [TEST_STEP][PASSED] - Statement - PreSaveFile = new java.io.File(((pathPrefix + java.lang.Integer.toString(counter)) + .png)): null

2018-12-12 20:28:11 - [TEST_STEP][PASSED] - Statement - counter = counter + 1: null

2018-12-12 20:28:11 - [TEST_STEP][PASSED] - Statement - PreSaveFile = new java.io.File(((pathPrefix + java.lang.Integer.toString(counter)) + .png)): null

2018-12-12 20:28:11 - [TEST_STEP][PASSED] - Statement - counter = counter + 1: null

2018-12-12 20:28:11 - [TEST_STEP][PASSED] - Statement - PreSaveFile = new java.io.File(((pathPrefix + java.lang.Integer.toString(counter)) + .png)): null

2018-12-12 20:28:11 - [TEST_STEP][PASSED] - Statement - counter = counter + 1: null

2018-12-12 20:28:11 - [TEST_STEP][PASSED] - Statement - PreSaveFile = new java.io.File(((pathPrefix + java.lang.Integer.toString(counter)) + .png)): null

2018-12-12 20:28:11 - [TEST_STEP][PASSED] - Statement - counter = counter + 1: null

2018-12-12 20:28:11 - [TEST_STEP][PASSED] - Statement - PreSaveFile = new java.io.File(((pathPrefix + java.lang.Integer.toString(counter)) + .png)): null

2018-12-12 20:28:11 - [TEST_STEP][PASSED] - Statement - counter = counter + 1: null

2018-12-12 20:28:11 - [TEST_STEP][PASSED] - Statement - PreSaveFile = new java.io.File(((pathPrefix + java.lang.Integer.toString(counter)) + .png)): null

2018-12-12 20:28:11 - [TEST_STEP][PASSED] - Statement - counter = counter + 1: null

2018-12-12 20:28:11 - [TEST_STEP][PASSED] - Statement - PreSaveFile = new java.io.File(((pathPrefix + java.lang.Integer.toString(counter)) + .png)): null

2018-12-12 20:28:11 - [TEST_STEP][PASSED] - Statement - counter = counter + 1: null

2018-12-12 20:28:11 - [TEST_STEP][PASSED] - Statement - PreSaveFile = new java.io.File(((pathPrefix + java.lang.Integer.toString(counter)) + .png)): null

2018-12-12 20:28:11 - [TEST_STEP][PASSED] - Statement - counter = counter + 1: null

2018-12-12 20:28:11 - [TEST_STEP][PASSED] - Statement - PreSaveFile = new java.io.File(((pathPrefix + java.lang.Integer.toString(counter)) + .png)): null

2018-12-12 20:28:11 - [TEST_STEP][PASSED] - Statement - counter = counter + 1: null

2018-12-12 20:28:11 - [TEST_STEP][PASSED] - Statement - PreSaveFile = new java.io.File(((pathPrefix + java.lang.Integer.toString(counter)) + .png)): null

2018-12-12 20:28:11 - [TEST_STEP][PASSED] - Statement - counter = counter + 1: null

2018-12-12 20:28:11 - [TEST_STEP][PASSED] - Statement - PreSaveFile = new java.io.File(((pathPrefix + java.lang.Integer.toString(counter)) + .png)): null

2018-12-12 20:28:11 - [TEST_STEP][PASSED] - Statement - counter = counter + 1: null

2018-12-12 20:28:11 - [TEST_STEP][PASSED] - Statement - PreSaveFile = new java.io.File(((pathPrefix + java.lang.Integer.toString(counter)) + .png)): null

2018-12-12 20:28:11 - [TEST_STEP][PASSED] - Statement - counter = counter + 1: null

2018-12-12 20:28:11 - [TEST_STEP][PASSED] - Statement - PreSaveFile = new java.io.File(((pathPrefix + java.lang.Integer.toString(counter)) + .png)): null

2018-12-12 20:28:11 - [TEST_STEP][PASSED] - Statement - counter = counter + 1: null

2018-12-12 20:28:11 - [TEST_STEP][PASSED] - Statement - PreSaveFile = new java.io.File(((pathPrefix + java.lang.Integer.toString(counter)) + .png)): null

2018-12-12 20:28:11 - [TEST_STEP][PASSED] - Statement - counter = counter + 1: null

2018-12-12 20:28:11 - [TEST_STEP][PASSED] - Statement - PreSaveFile = new java.io.File(((pathPrefix + java.lang.Integer.toString(counter)) + .png)): null

2018-12-12 20:28:11 - [TEST_STEP][PASSED] - Statement - counter = counter + 1: null

2018-12-12 20:28:11 - [TEST_STEP][PASSED] - Statement - PreSaveFile = new java.io.File(((pathPrefix + java.lang.Integer.toString(counter)) + .png)): null

2018-12-12 20:28:11 - [TEST_STEP][PASSED] - Statement - counter = counter + 1: null

2018-12-12 20:28:11 - [TEST_STEP][PASSED] - Statement - PreSaveFile = new java.io.File(((pathPrefix + java.lang.Integer.toString(counter)) + .png)): null

2018-12-12 20:28:11 - [TEST_STEP][PASSED] - Statement - counter = counter + 1: null

2018-12-12 20:28:11 - [TEST_STEP][PASSED] - Statement - PreSaveFile = new java.io.File(((pathPrefix + java.lang.Integer.toString(counter)) + .png)): null

2018-12-12 20:28:11 - [TEST_STEP][PASSED] - Statement - counter = counter + 1: null

2018-12-12 20:28:11 - [TEST_STEP][PASSED] - Statement - PreSaveFile = new java.io.File(((pathPrefix + java.lang.Integer.toString(counter)) + .png)): null

2018-12-12 20:28:11 - [TEST_STEP][PASSED] - Statement - counter = counter + 1: null

2018-12-12 20:28:11 - [TEST_STEP][PASSED] - Statement - PreSaveFile = new java.io.File(((pathPrefix + java.lang.Integer.toString(counter)) + .png)): null

2018-12-12 20:28:11 - [TEST_STEP][PASSED] - Statement - counter = counter + 1: null

2018-12-12 20:28:11 - [TEST_STEP][PASSED] - Statement - PreSaveFile = new java.io.File(((pathPrefix + java.lang.Integer.toString(counter)) + .png)): null

2018-12-12 20:28:11 - [TEST_STEP][PASSED] - Statement - counter = counter + 1: null

2018-12-12 20:28:11 - [TEST_STEP][PASSED] - Statement - PreSaveFile = new java.io.File(((pathPrefix + java.lang.Integer.toString(counter)) + .png)): null

2018-12-12 20:28:11 - [TEST_STEP][PASSED] - Statement - counter = counter + 1: null

2018-12-12 20:28:11 - [TEST_STEP][PASSED] - Statement - PreSaveFile = new java.io.File(((pathPrefix + java.lang.Integer.toString(counter)) + .png)): null

2018-12-12 20:28:11 - [TEST_STEP][PASSED] - Statement - counter = counter + 1: null

2018-12-12 20:28:11 - [TEST_STEP][PASSED] - Statement - PreSaveFile = new java.io.File(((pathPrefix + java.lang.Integer.toString(counter)) + .png)): null

2018-12-12 20:28:11 - [TEST_STEP][PASSED] - Statement - counter = counter + 1: null

2018-12-12 20:28:11 - [TEST_STEP][PASSED] - Statement - PreSaveFile = new java.io.File(((pathPrefix + java.lang.Integer.toString(counter)) + .png)): null

2018-12-12 20:28:11 - [TEST_STEP][PASSED] - Statement - counter = counter + 1: null

2018-12-12 20:28:11 - [TEST_STEP][PASSED] - Statement - PreSaveFile = new java.io.File(((pathPrefix + java.lang.Integer.toString(counter)) + .png)): null

2018-12-12 20:28:11 - [TEST_STEP][PASSED] - Statement - counter = counter + 1: null

2018-12-12 20:28:11 - [TEST_STEP][PASSED] - Statement - PreSaveFile = new java.io.File(((pathPrefix + java.lang.Integer.toString(counter)) + .png)): null

2018-12-12 20:28:11 - [TEST_STEP][PASSED] - Statement - counter = counter + 1: null

2018-12-12 20:28:11 - [TEST_STEP][PASSED] - Statement - PreSaveFile = new java.io.File(((pathPrefix + java.lang.Integer.toString(counter)) + .png)): null

2018-12-12 20:28:11 - [TEST_STEP][PASSED] - Statement - counter = counter + 1: null

2018-12-12 20:28:11 - [TEST_STEP][PASSED] - Statement - PreSaveFile = new java.io.File(((pathPrefix + java.lang.Integer.toString(counter)) + .png)): null

2018-12-12 20:28:11 - [TEST_STEP][PASSED] - Statement - counter = counter + 1: null

2018-12-12 20:28:11 - [TEST_STEP][PASSED] - Statement - PreSaveFile = new java.io.File(((pathPrefix + java.lang.Integer.toString(counter)) + .png)): null

2018-12-12 20:28:11 - [TEST_STEP][PASSED] - Statement - counter = counter + 1: null

2018-12-12 20:28:11 - [TEST_STEP][PASSED] - Statement - PreSaveFile = new java.io.File(((pathPrefix + java.lang.Integer.toString(counter)) + .png)): null

2018-12-12 20:28:11 - [TEST_STEP][PASSED] - Statement - counter = counter + 1: null

2018-12-12 20:28:11 - [TEST_STEP][PASSED] - Statement - PreSaveFile = new java.io.File(((pathPrefix + java.lang.Integer.toString(counter)) + .png)): null

2018-12-12 20:28:11 - [TEST_STEP][PASSED] - Statement - counter = counter + 1: null

2018-12-12 20:28:11 - [TEST_STEP][PASSED] - Statement - PreSaveFile = new java.io.File(((pathPrefix + java.lang.Integer.toString(counter)) + .png)): null

2018-12-12 20:28:11 - [TEST_STEP][PASSED] - Statement - counter = counter + 1: null

2018-12-12 20:28:11 - [TEST_STEP][PASSED] - Statement - PreSaveFile = new java.io.File(((pathPrefix + java.lang.Integer.toString(counter)) + .png)): null

2018-12-12 20:28:11 - [TEST_STEP][PASSED] - Statement - counter = counter + 1: null

2018-12-12 20:28:11 - [TEST_STEP][PASSED] - Statement - PreSaveFile = new java.io.File(((pathPrefix + java.lang.Integer.toString(counter)) + .png)): null

2018-12-12 20:28:11 - [TEST_STEP][PASSED] - Statement - counter = counter + 1: null

2018-12-12 20:28:11 - [TEST_STEP][PASSED] - Statement - PreSaveFile = new java.io.File(((pathPrefix + java.lang.Integer.toString(counter)) + .png)): null

2018-12-12 20:28:11 - [TEST_STEP][PASSED] - Statement - counter = counter + 1: null

2018-12-12 20:28:11 - [TEST_STEP][PASSED] - Statement - PreSaveFile = new java.io.File(((pathPrefix + java.lang.Integer.toString(counter)) + .png)): null

2018-12-12 20:28:11 - [TEST_STEP][PASSED] - Statement - counter = counter + 1: null

2018-12-12 20:28:11 - [TEST_STEP][PASSED] - Statement - PreSaveFile = new java.io.File(((pathPrefix + java.lang.Integer.toString(counter)) + .png)): null

2018-12-12 20:28:11 - [TEST_STEP][PASSED] - Statement - counter = counter + 1: null

2018-12-12 20:28:11 - [TEST_STEP][PASSED] - Statement - PreSaveFile = new java.io.File(((pathPrefix + java.lang.Integer.toString(counter)) + .png)): null

2018-12-12 20:28:11 - [TEST_STEP][PASSED] - Statement - counter = counter + 1: null

2018-12-12 20:28:11 - [TEST_STEP][PASSED] - Statement - PreSaveFile = new java.io.File(((pathPrefix + java.lang.Integer.toString(counter)) + .png)): null

2018-12-12 20:28:11 - [TEST_STEP][PASSED] - Statement - counter = counter + 1: null

2018-12-12 20:28:11 - [TEST_STEP][PASSED] - Statement - PreSaveFile = new java.io.File(((pathPrefix + java.lang.Integer.toString(counter)) + .png)): null

2018-12-12 20:28:11 - [TEST_STEP][PASSED] - Statement - counter = counter + 1: null

2018-12-12 20:28:11 - [TEST_STEP][PASSED] - Statement - PreSaveFile = new java.io.File(((pathPrefix + java.lang.Integer.toString(counter)) + .png)): null

2018-12-12 20:28:11 - [TEST_STEP][PASSED] - Statement - counter = counter + 1: null

2018-12-12 20:28:11 - [TEST_STEP][PASSED] - Statement - PreSaveFile = new java.io.File(((pathPrefix + java.lang.Integer.toString(counter)) + .png)): null

2018-12-12 20:28:11 - [TEST_STEP][PASSED] - Statement - counter = counter + 1: null

2018-12-12 20:28:11 - [TEST_STEP][PASSED] - Statement - PreSaveFile = new java.io.File(((pathPrefix + java.lang.Integer.toString(counter)) + .png)): null

2018-12-12 20:28:11 - [TEST_STEP][PASSED] - Statement - counter = counter + 1: null

2018-12-12 20:28:11 - [TEST_STEP][PASSED] - Statement - PreSaveFile = new java.io.File(((pathPrefix + java.lang.Integer.toString(counter)) + .png)): null

2018-12-12 20:28:11 - [TEST_STEP][PASSED] - Statement - counter = counter + 1: null

2018-12-12 20:28:11 - [TEST_STEP][PASSED] - Statement - PreSaveFile = new java.io.File(((pathPrefix + java.lang.Integer.toString(counter)) + .png)): null

2018-12-12 20:28:11 - [TEST_STEP][PASSED] - Statement - counter = counter + 1: null

2018-12-12 20:28:11 - [TEST_STEP][PASSED] - Statement - PreSaveFile = new java.io.File(((pathPrefix + java.lang.Integer.toString(counter)) + .png)): null

2018-12-12 20:28:11 - [TEST_STEP][PASSED] - Statement - counter = counter + 1: null

2018-12-12 20:28:11 - [TEST_STEP][PASSED] - Statement - PreSaveFile = new java.io.File(((pathPrefix + java.lang.Integer.toString(counter)) + .png)): null

2018-12-12 20:28:11 - [TEST_STEP][PASSED] - Statement - counter = counter + 1: null

2018-12-12 20:28:11 - [TEST_STEP][PASSED] - Statement - PreSaveFile = new java.io.File(((pathPrefix + java.lang.Integer.toString(counter)) + .png)): null

2018-12-12 20:28:11 - [TEST_STEP][PASSED] - Statement - counter = counter + 1: null

2018-12-12 20:28:11 - [TEST_STEP][PASSED] - Statement - PreSaveFile = new java.io.File(((pathPrefix + java.lang.Integer.toString(counter)) + .png)): null

2018-12-12 20:28:11 - [TEST_STEP][PASSED] - Statement - counter = counter + 1: null

2018-12-12 20:28:11 - [TEST_STEP][PASSED] - Statement - PreSaveFile = new java.io.File(((pathPrefix + java.lang.Integer.toString(counter)) + .png)): null

2018-12-12 20:28:11 - [TEST_STEP][PASSED] - Statement - counter = counter + 1: null

2018-12-12 20:28:11 - [TEST_STEP][PASSED] - Statement - PreSaveFile = new java.io.File(((pathPrefix + java.lang.Integer.toString(counter)) + .png)): null

2018-12-12 20:28:11 - [TEST_STEP][PASSED] - Statement - counter = counter + 1: null

2018-12-12 20:28:11 - [TEST_STEP][PASSED] - Statement - PreSaveFile = new java.io.File(((pathPrefix + java.lang.Integer.toString(counter)) + .png)): null

2018-12-12 20:28:11 - [TEST_STEP][PASSED] - Statement - counter = counter + 1: null

2018-12-12 20:28:11 - [TEST_STEP][PASSED] - Statement - PreSaveFile = new java.io.File(((pathPrefix + java.lang.Integer.toString(counter)) + .png)): null

2018-12-12 20:28:11 - [TEST_STEP][PASSED] - Statement - counter = counter + 1: null

2018-12-12 20:28:11 - [TEST_STEP][PASSED] - Statement - PreSaveFile = new java.io.File(((pathPrefix + java.lang.Integer.toString(counter)) + .png)): null

2018-12-12 20:28:11 - [TEST_STEP][PASSED] - Statement - counter = counter + 1: null

2018-12-12 20:28:11 - [TEST_STEP][PASSED] - Statement - PreSaveFile = new java.io.File(((pathPrefix + java.lang.Integer.toString(counter)) + .png)): null

2018-12-12 20:28:11 - [TEST_STEP][PASSED] - Statement - counter = counter + 1: null

2018-12-12 20:28:11 - [TEST_STEP][PASSED] - Statement - PreSaveFile = new java.io.File(((pathPrefix + java.lang.Integer.toString(counter)) + .png)): null

2018-12-12 20:28:11 - [TEST_STEP][PASSED] - Statement - counter = counter + 1: null

2018-12-12 20:28:11 - [TEST_STEP][PASSED] - Statement - PreSaveFile = new java.io.File(((pathPrefix + java.lang.Integer.toString(counter)) + .png)): null

2018-12-12 20:28:11 - [TEST_STEP][PASSED] - Statement - counter = counter + 1: null

2018-12-12 20:28:11 - [TEST_STEP][PASSED] - Statement - PreSaveFile = new java.io.File(((pathPrefix + java.lang.Integer.toString(counter)) + .png)): null

2018-12-12 20:28:11 - [TEST_STEP][PASSED] - Statement - counter = counter + 1: null

2018-12-12 20:28:11 - [TEST_STEP][PASSED] - Statement - PreSaveFile = new java.io.File(((pathPrefix + java.lang.Integer.toString(counter)) + .png)): null

2018-12-12 20:28:11 - [TEST_STEP][PASSED] - Statement - counter = counter + 1: null

2018-12-12 20:28:11 - [TEST_STEP][PASSED] - Statement - PreSaveFile = new java.io.File(((pathPrefix + java.lang.Integer.toString(counter)) + .png)): null

2018-12-12 20:28:11 - [TEST_STEP][PASSED] - Statement - counter = counter + 1: null

2018-12-12 20:28:11 - [TEST_STEP][PASSED] - Statement - PreSaveFile = new java.io.File(((pathPrefix + java.lang.Integer.toString(counter)) + .png)): null

2018-12-12 20:28:11 - [TEST_STEP][PASSED] - Statement - counter = counter + 1: null

2018-12-12 20:28:11 - [TEST_STEP][PASSED] - Statement - PreSaveFile = new java.io.File(((pathPrefix + java.lang.Integer.toString(counter)) + .png)): null

2018-12-12 20:28:11 - [TEST_STEP][PASSED] - Statement - counter = counter + 1: null

2018-12-12 20:28:11 - [TEST_STEP][PASSED] - Statement - PreSaveFile = new java.io.File(((pathPrefix + java.lang.Integer.toString(counter)) + .png)): null

2018-12-12 20:28:11 - [TEST_STEP][PASSED] - Statement - counter = counter + 1: null

2018-12-12 20:28:11 - [TEST_STEP][PASSED] - Statement - PreSaveFile = new java.io.File(((pathPrefix + java.lang.Integer.toString(counter)) + .png)): null

2018-12-12 20:28:11 - [TEST_STEP][PASSED] - Statement - counter = counter + 1: null

2018-12-12 20:28:11 - [TEST_STEP][PASSED] - Statement - PreSaveFile = new java.io.File(((pathPrefix + java.lang.Integer.toString(counter)) + .png)): null

2018-12-12 20:28:11 - [TEST_STEP][PASSED] - Statement - counter = counter + 1: null

2018-12-12 20:28:11 - [TEST_STEP][PASSED] - Statement - PreSaveFile = new java.io.File(((pathPrefix + java.lang.Integer.toString(counter)) + .png)): null

2018-12-12 20:28:11 - [TEST_STEP][PASSED] - Statement - counter = counter + 1: null

2018-12-12 20:28:11 - [TEST_STEP][PASSED] - Statement - PreSaveFile = new java.io.File(((pathPrefix + java.lang.Integer.toString(counter)) + .png)): null

2018-12-12 20:28:11 - [TEST_STEP][PASSED] - Statement - counter = counter + 1: null

2018-12-12 20:28:11 - [TEST_STEP][PASSED] - Statement - PreSaveFile = new java.io.File(((pathPrefix + java.lang.Integer.toString(counter)) + .png)): null

2018-12-12 20:28:11 - [TEST_STEP][PASSED] - Statement - counter = counter + 1: null

2018-12-12 20:28:11 - [TEST_STEP][PASSED] - Statement - PreSaveFile = new java.io.File(((pathPrefix + java.lang.Integer.toString(counter)) + .png)): null

2018-12-12 20:28:11 - [TEST_STEP][PASSED] - Statement - counter = counter + 1: null

2018-12-12 20:28:11 - [TEST_STEP][PASSED] - Statement - PreSaveFile = new java.io.File(((pathPrefix + java.lang.Integer.toString(counter)) + .png)): null

2018-12-12 20:28:11 - [TEST_STEP][PASSED] - Statement - counter = counter + 1: null

2018-12-12 20:28:11 - [TEST_STEP][PASSED] - Statement - PreSaveFile = new java.io.File(((pathPrefix + java.lang.Integer.toString(counter)) + .png)): null

2018-12-12 20:28:11 - [TEST_STEP][PASSED] - Statement - counter = counter + 1: null

2018-12-12 20:28:11 - [TEST_STEP][PASSED] - Statement - PreSaveFile = new java.io.File(((pathPrefix + java.lang.Integer.toString(counter)) + .png)): null

2018-12-12 20:28:11 - [TEST_STEP][PASSED] - Statement - counter = counter + 1: null

2018-12-12 20:28:11 - [TEST_STEP][PASSED] - Statement - PreSaveFile = new java.io.File(((pathPrefix + java.lang.Integer.toString(counter)) + .png)): null

2018-12-12 20:28:11 - [TEST_STEP][PASSED] - Statement - counter = counter + 1: null

2018-12-12 20:28:11 - [TEST_STEP][PASSED] - Statement - PreSaveFile = new java.io.File(((pathPrefix + java.lang.Integer.toString(counter)) + .png)): null

2018-12-12 20:28:11 - [TEST_STEP][PASSED] - Statement - counter = counter + 1: null

2018-12-12 20:28:11 - [TEST_STEP][PASSED] - Statement - PreSaveFile = new java.io.File(((pathPrefix + java.lang.Integer.toString(counter)) + .png)): null

2018-12-12 20:28:11 - [TEST_STEP][PASSED] - Statement - counter = counter + 1: null

2018-12-12 20:28:11 - [TEST_STEP][PASSED] - Statement - PreSaveFile = new java.io.File(((pathPrefix + java.lang.Integer.toString(counter)) + .png)): null

2018-12-12 20:28:11 - [TEST_STEP][PASSED] - Statement - counter = counter + 1: null

2018-12-12 20:28:11 - [TEST_STEP][PASSED] - Statement - PreSaveFile = new java.io.File(((pathPrefix + java.lang.Integer.toString(counter)) + .png)): null

2018-12-12 20:28:11 - [TEST_STEP][PASSED] - Statement - counter = counter + 1: null

2018-12-12 20:28:11 - [TEST_STEP][PASSED] - Statement - PreSaveFile = new java.io.File(((pathPrefix + java.lang.Integer.toString(counter)) + .png)): null

2018-12-12 20:28:11 - [TEST_STEP][PASSED] - Statement - counter = counter + 1: null

2018-12-12 20:28:11 - [TEST_STEP][PASSED] - Statement - PreSaveFile = new java.io.File(((pathPrefix + java.lang.Integer.toString(counter)) + .png)): null

2018-12-12 20:28:11 - [TEST_STEP][PASSED] - Statement - counter = counter + 1: null

2018-12-12 20:28:11 - [TEST_STEP][PASSED] - Statement - PreSaveFile = new java.io.File(((pathPrefix + java.lang.Integer.toString(counter)) + .png)): null

2018-12-12 20:28:11 - [TEST_STEP][PASSED] - Statement - counter = counter + 1: null

2018-12-12 20:28:11 - [TEST_STEP][PASSED] - Statement - PreSaveFile = new java.io.File(((pathPrefix + java.lang.Integer.toString(counter)) + .png)): null

2018-12-12 20:28:11 - [TEST_STEP][PASSED] - Statement - counter = counter + 1: null

2018-12-12 20:28:11 - [TEST_STEP][PASSED] - Statement - PreSaveFile = new java.io.File(((pathPrefix + java.lang.Integer.toString(counter)) + .png)): null

2018-12-12 20:28:11 - [TEST_STEP][PASSED] - Statement - counter = counter + 1: null

2018-12-12 20:28:11 - [TEST_STEP][PASSED] - Statement - PreSaveFile = new java.io.File(((pathPrefix + java.lang.Integer.toString(counter)) + .png)): null

2018-12-12 20:28:11 - [TEST_STEP][PASSED] - Statement - counter = counter + 1: null

2018-12-12 20:28:11 - [TEST_STEP][PASSED] - Statement - PreSaveFile = new java.io.File(((pathPrefix + java.lang.Integer.toString(counter)) + .png)): null

2018-12-12 20:28:11 - [TEST_STEP][PASSED] - Statement - counter = counter + 1: null

2018-12-12 20:28:11 - [TEST_STEP][PASSED] - Statement - PreSaveFile = new java.io.File(((pathPrefix + java.lang.Integer.toString(counter)) + .png)): null

2018-12-12 20:28:11 - [TEST_STEP][PASSED] - Statement - counter = counter + 1: null

2018-12-12 20:28:11 - [TEST_STEP][PASSED] - Statement - PreSaveFile = new java.io.File(((pathPrefix + java.lang.Integer.toString(counter)) + .png)): null

2018-12-12 20:28:11 - [TEST_STEP][PASSED] - Statement - counter = counter + 1: null

2018-12-12 20:28:11 - [TEST_STEP][PASSED] - Statement - PreSaveFile = new java.io.File(((pathPrefix + java.lang.Integer.toString(counter)) + .png)): null

2018-12-12 20:28:11 - [TEST_STEP][PASSED] - Statement - counter = counter + 1: null

2018-12-12 20:28:11 - [TEST_STEP][PASSED] - Statement - PreSaveFile = new java.io.File(((pathPrefix + java.lang.Integer.toString(counter)) + .png)): null

2018-12-12 20:28:11 - [TEST_STEP][PASSED] - Statement - counter = counter + 1: null

2018-12-12 20:28:11 - [TEST_STEP][PASSED] - Statement - PreSaveFile = new java.io.File(((pathPrefix + java.lang.Integer.toString(counter)) + .png)): null

2018-12-12 20:28:11 - [TEST_STEP][PASSED] - Statement - counter = counter + 1: null

2018-12-12 20:28:11 - [TEST_STEP][PASSED] - Statement - PreSaveFile = new java.io.File(((pathPrefix + java.lang.Integer.toString(counter)) + .png)): null

2018-12-12 20:28:11 - [TEST_STEP][PASSED] - Statement - counter = counter + 1: null

2018-12-12 20:28:11 - [TEST_STEP][PASSED] - Statement - PreSaveFile = new java.io.File(((pathPrefix + java.lang.Integer.toString(counter)) + .png)): null

2018-12-12 20:28:11 - [TEST_STEP][PASSED] - Statement - counter = counter + 1: null

2018-12-12 20:28:11 - [TEST_STEP][PASSED] - Statement - PreSaveFile = new java.io.File(((pathPrefix + java.lang.Integer.toString(counter)) + .png)): null

2018-12-12 20:28:11 - [TEST_STEP][PASSED] - Statement - counter = counter + 1: null

2018-12-12 20:28:11 - [TEST_STEP][PASSED] - Statement - PreSaveFile = new java.io.File(((pathPrefix + java.lang.Integer.toString(counter)) + .png)): null

2018-12-12 20:28:11 - [TEST_STEP][PASSED] - Statement - counter = counter + 1: null

2018-12-12 20:28:11 - [TEST_STEP][PASSED] - Statement - PreSaveFile = new java.io.File(((pathPrefix + java.lang.Integer.toString(counter)) + .png)): null

2018-12-12 20:28:11 - [TEST_STEP][PASSED] - Statement - counter = counter + 1: null

2018-12-12 20:28:11 - [TEST_STEP][PASSED] - Statement - PreSaveFile = new java.io.File(((pathPrefix + java.lang.Integer.toString(counter)) + .png)): null

2018-12-12 20:28:11 - [TEST_STEP][PASSED] - Statement - counter = counter + 1: null

2018-12-12 20:28:11 - [TEST_STEP][PASSED] - Statement - PreSaveFile = new java.io.File(((pathPrefix + java.lang.Integer.toString(counter)) + .png)): null

2018-12-12 20:28:11 - [TEST_STEP][PASSED] - Statement - counter = counter + 1: null

2018-12-12 20:28:11 - [TEST_STEP][PASSED] - Statement - PreSaveFile = new java.io.File(((pathPrefix + java.lang.Integer.toString(counter)) + .png)): null

2018-12-12 20:28:11 - [TEST_STEP][PASSED] - Statement - counter = counter + 1: null

2018-12-12 20:28:11 - [TEST_STEP][PASSED] - Statement - PreSaveFile = new java.io.File(((pathPrefix + java.lang.Integer.toString(counter)) + .png)): null

2018-12-12 20:28:11 - [TEST_STEP][PASSED] - Statement - counter = counter + 1: null

2018-12-12 20:28:11 - [TEST_STEP][PASSED] - Statement - PreSaveFile = new java.io.File(((pathPrefix + java.lang.Integer.toString(counter)) + .png)): null

2018-12-12 20:28:11 - [TEST_STEP][PASSED] - Statement - counter = counter + 1: null

2018-12-12 20:28:11 - [TEST_STEP][PASSED] - Statement - PreSaveFile = new java.io.File(((pathPrefix + java.lang.Integer.toString(counter)) + .png)): null

2018-12-12 20:28:11 - [TEST_STEP][PASSED] - Statement - counter = counter + 1: null

2018-12-12 20:28:11 - [TEST_STEP][PASSED] - Statement - PreSaveFile = new java.io.File(((pathPrefix + java.lang.Integer.toString(counter)) + .png)): null

2018-12-12 20:28:11 - [TEST_STEP][PASSED] - Statement - counter = counter + 1: null

2018-12-12 20:28:11 - [TEST_STEP][PASSED] - Statement - PreSaveFile = new java.io.File(((pathPrefix + java.lang.Integer.toString(counter)) + .png)): null

2018-12-12 20:28:11 - [TEST_STEP][PASSED] - Statement - counter = counter + 1: null

2018-12-12 20:28:11 - [TEST_STEP][PASSED] - Statement - PreSaveFile = new java.io.File(((pathPrefix + java.lang.Integer.toString(counter)) + .png)): null

2018-12-12 20:28:11 - [TEST_STEP][PASSED] - Statement - counter = counter + 1: null

2018-12-12 20:28:11 - [TEST_STEP][PASSED] - Statement - PreSaveFile = new java.io.File(((pathPrefix + java.lang.Integer.toString(counter)) + .png)): null

2018-12-12 20:28:11 - [TEST_STEP][PASSED] - Statement - counter = counter + 1: null

2018-12-12 20:28:11 - [TEST_STEP][PASSED] - Statement - PreSaveFile = new java.io.File(((pathPrefix + java.lang.Integer.toString(counter)) + .png)): null

2018-12-12 20:28:11 - [TEST_STEP][PASSED] - Statement - counter = counter + 1: null

2018-12-12 20:28:11 - [TEST_STEP][PASSED] - Statement - PreSaveFile = new java.io.File(((pathPrefix + java.lang.Integer.toString(counter)) + .png)): null

2018-12-12 20:28:11 - [TEST_STEP][PASSED] - Statement - counter = counter + 1: null

2018-12-12 20:28:11 - [TEST_STEP][PASSED] - Statement - PreSaveFile = new java.io.File(((pathPrefix + java.lang.Integer.toString(counter)) + .png)): null

2018-12-12 20:28:11 - [TEST_STEP][PASSED] - Statement - counter = counter + 1: null

2018-12-12 20:28:11 - [TEST_STEP][PASSED] - Statement - PreSaveFile = new java.io.File(((pathPrefix + java.lang.Integer.toString(counter)) + .png)): null

2018-12-12 20:28:11 - [TEST_STEP][PASSED] - Statement - counter = counter + 1: null

2018-12-12 20:28:11 - [TEST_STEP][PASSED] - Statement - PreSaveFile = new java.io.File(((pathPrefix + java.lang.Integer.toString(counter)) + .png)): null

2018-12-12 20:28:11 - [TEST_STEP][PASSED] - Statement - counter = counter + 1: null

2018-12-12 20:28:11 - [TEST_STEP][PASSED] - Statement - PreSaveFile = new java.io.File(((pathPrefix + java.lang.Integer.toString(counter)) + .png)): null

2018-12-12 20:28:11 - [TEST_STEP][PASSED] - Statement - counter = counter + 1: null

2018-12-12 20:28:11 - [TEST_STEP][PASSED] - Statement - PreSaveFile = new java.io.File(((pathPrefix + java.lang.Integer.toString(counter)) + .png)): null

2018-12-12 20:28:11 - [TEST_STEP][PASSED] - Statement - counter = counter + 1: null

2018-12-12 20:28:11 - [TEST_STEP][PASSED] - Statement - PreSaveFile = new java.io.File(((pathPrefix + java.lang.Integer.toString(counter)) + .png)): null

2018-12-12 20:28:11 - [TEST_STEP][PASSED] - Statement - counter = counter + 1: null

2018-12-12 20:28:11 - [TEST_STEP][PASSED] - Statement - PreSaveFile = new java.io.File(((pathPrefix + java.lang.Integer.toString(counter)) + .png)): null

2018-12-12 20:28:11 - [TEST_STEP][PASSED] - Statement - counter = counter + 1: null

2018-12-12 20:28:11 - [TEST_STEP][PASSED] - Statement - PreSaveFile = new java.io.File(((pathPrefix + java.lang.Integer.toString(counter)) + .png)): null

2018-12-12 20:28:11 - [TEST_STEP][PASSED] - Statement - counter = counter + 1: null

2018-12-12 20:28:11 - [TEST_STEP][PASSED] - Statement - PreSaveFile = new java.io.File(((pathPrefix + java.lang.Integer.toString(counter)) + .png)): null

2018-12-12 20:28:11 - [TEST_STEP][PASSED] - Statement - counter = counter + 1: null

2018-12-12 20:28:11 - [TEST_STEP][PASSED] - Statement - PreSaveFile = new java.io.File(((pathPrefix + java.lang.Integer.toString(counter)) + .png)): null

2018-12-12 20:28:11 - [TEST_STEP][PASSED] - Statement - counter = counter + 1: null

2018-12-12 20:28:11 - [TEST_STEP][PASSED] - Statement - PreSaveFile = new java.io.File(((pathPrefix + java.lang.Integer.toString(counter)) + .png)): null

2018-12-12 20:28:11 - [TEST_STEP][PASSED] - Statement - counter = counter + 1: null

2018-12-12 20:28:11 - [TEST_STEP][PASSED] - Statement - PreSaveFile = new java.io.File(((pathPrefix + java.lang.Integer.toString(counter)) + .png)): null

2018-12-12 20:28:11 - [TEST_STEP][PASSED] - Statement - counter = counter + 1: null

2018-12-12 20:28:11 - [TEST_STEP][PASSED] - Statement - PreSaveFile = new java.io.File(((pathPrefix + java.lang.Integer.toString(counter)) + .png)): null

2018-12-12 20:28:11 - [TEST_STEP][PASSED] - Statement - counter = counter + 1: null

2018-12-12 20:28:11 - [TEST_STEP][PASSED] - Statement - PreSaveFile = new java.io.File(((pathPrefix + java.lang.Integer.toString(counter)) + .png)): null

2018-12-12 20:28:11 - [TEST_STEP][PASSED] - Statement - counter = counter + 1: null

2018-12-12 20:28:11 - [TEST_STEP][PASSED] - Statement - PreSaveFile = new java.io.File(((pathPrefix + java.lang.Integer.toString(counter)) + .png)): null

2018-12-12 20:28:11 - [TEST_STEP][PASSED] - Statement - counter = counter + 1: null

2018-12-12 20:28:11 - [TEST_STEP][PASSED] - Statement - PreSaveFile = new java.io.File(((pathPrefix + java.lang.Integer.toString(counter)) + .png)): null

2018-12-12 20:28:11 - [TEST_STEP][PASSED] - Statement - counter = counter + 1: null

2018-12-12 20:28:11 - [TEST_STEP][PASSED] - Statement - PreSaveFile = new java.io.File(((pathPrefix + java.lang.Integer.toString(counter)) + .png)): null

2018-12-12 20:28:11 - [TEST_STEP][PASSED] - Statement - counter = counter + 1: null

2018-12-12 20:28:11 - [TEST_STEP][PASSED] - Statement - PreSaveFile = new java.io.File(((pathPrefix + java.lang.Integer.toString(counter)) + .png)): null

2018-12-12 20:28:11 - [TEST_STEP][PASSED] - Statement - counter = counter + 1: null

2018-12-12 20:28:11 - [TEST_STEP][PASSED] - Statement - PreSaveFile = new java.io.File(((pathPrefix + java.lang.Integer.toString(counter)) + .png)): null

2018-12-12 20:28:11 - [TEST_STEP][PASSED] - Statement - counter = counter + 1: null

2018-12-12 20:28:11 - [TEST_STEP][PASSED] - Statement - PreSaveFile = new java.io.File(((pathPrefix + java.lang.Integer.toString(counter)) + .png)): null

2018-12-12 20:28:11 - [TEST_STEP][PASSED] - Statement - counter = counter + 1: null

2018-12-12 20:28:11 - [TEST_STEP][PASSED] - Statement - PreSaveFile = new java.io.File(((pathPrefix + java.lang.Integer.toString(counter)) + .png)): null

2018-12-12 20:28:11 - [TEST_STEP][PASSED] - Statement - counter = counter + 1: null

2018-12-12 20:28:11 - [TEST_STEP][PASSED] - Statement - PreSaveFile = new java.io.File(((pathPrefix + java.lang.Integer.toString(counter)) + .png)): null

2018-12-12 20:28:11 - [TEST_STEP][PASSED] - Statement - counter = counter + 1: null

2018-12-12 20:28:11 - [TEST_STEP][PASSED] - Statement - PreSaveFile = new java.io.File(((pathPrefix + java.lang.Integer.toString(counter)) + .png)): null

2018-12-12 20:28:11 - [TEST_STEP][PASSED] - Statement - counter = counter + 1: null

2018-12-12 20:28:11 - [TEST_STEP][PASSED] - Statement - PreSaveFile = new java.io.File(((pathPrefix + java.lang.Integer.toString(counter)) + .png)): null

2018-12-12 20:28:11 - [TEST_STEP][PASSED] - Statement - counter = counter + 1: null

2018-12-12 20:28:11 - [TEST_STEP][PASSED] - Statement - PreSaveFile = new java.io.File(((pathPrefix + java.lang.Integer.toString(counter)) + .png)): null

2018-12-12 20:28:11 - [TEST_STEP][PASSED] - Statement - counter = counter + 1: null

2018-12-12 20:28:11 - [TEST_STEP][PASSED] - Statement - PreSaveFile = new java.io.File(((pathPrefix + java.lang.Integer.toString(counter)) + .png)): null

2018-12-12 20:28:11 - [TEST_STEP][PASSED] - Statement - counter = counter + 1: null

2018-12-12 20:28:11 - [TEST_STEP][PASSED] - Statement - PreSaveFile = new java.io.File(((pathPrefix + java.lang.Integer.toString(counter)) + .png)): null

2018-12-12 20:28:11 - [TEST_STEP][PASSED] - Statement - counter = counter + 1: null

2018-12-12 20:28:11 - [TEST_STEP][PASSED] - Statement - PreSaveFile = new java.io.File(((pathPrefix + java.lang.Integer.toString(counter)) + .png)): null

2018-12-12 20:28:11 - [TEST_STEP][PASSED] - Statement - counter = counter + 1: null

2018-12-12 20:28:11 - [TEST_STEP][PASSED] - Statement - PreSaveFile = new java.io.File(((pathPrefix + java.lang.Integer.toString(counter)) + .png)): null

2018-12-12 20:28:11 - [TEST_STEP][PASSED] - Statement - counter = counter + 1: null

2018-12-12 20:28:11 - [TEST_STEP][PASSED] - Statement - PreSaveFile = new java.io.File(((pathPrefix + java.lang.Integer.toString(counter)) + .png)): null

2018-12-12 20:28:11 - [TEST_STEP][PASSED] - Statement - counter = counter + 1: null

2018-12-12 20:28:11 - [TEST_STEP][PASSED] - Statement - PreSaveFile = new java.io.File(((pathPrefix + java.lang.Integer.toString(counter)) + .png)): null

2018-12-12 20:28:11 - [TEST_STEP][PASSED] - Statement - counter = counter + 1: null

2018-12-12 20:28:11 - [TEST_STEP][PASSED] - Statement - PreSaveFile = new java.io.File(((pathPrefix + java.lang.Integer.toString(counter)) + .png)): null

2018-12-12 20:28:11 - [TEST_STEP][PASSED] - Statement - counter = counter + 1: null

2018-12-12 20:28:11 - [TEST_STEP][PASSED] - Statement - PreSaveFile = new java.io.File(((pathPrefix + java.lang.Integer.toString(counter)) + .png)): null

2018-12-12 20:28:11 - [TEST_STEP][PASSED] - Statement - counter = counter + 1: null

2018-12-12 20:28:11 - [TEST_STEP][PASSED] - Statement - PreSaveFile = new java.io.File(((pathPrefix + java.lang.Integer.toString(counter)) + .png)): null

2018-12-12 20:28:11 - [TEST_STEP][PASSED] - Statement - counter = counter + 1: null

2018-12-12 20:28:11 - [TEST_STEP][PASSED] - Statement - PreSaveFile = new java.io.File(((pathPrefix + java.lang.Integer.toString(counter)) + .png)): null

2018-12-12 20:28:11 - [TEST_STEP][PASSED] - Statement - counter = counter + 1: null

2018-12-12 20:28:11 - [TEST_STEP][PASSED] - Statement - PreSaveFile = new java.io.File(((pathPrefix + java.lang.Integer.toString(counter)) + .png)): null

2018-12-12 20:28:11 - [TEST_STEP][PASSED] - Statement - counter = counter + 1: null

2018-12-12 20:28:11 - [TEST_STEP][PASSED] - Statement - PreSaveFile = new java.io.File(((pathPrefix + java.lang.Integer.toString(counter)) + .png)): null

2018-12-12 20:28:11 - [TEST_STEP][PASSED] - Statement - counter = counter + 1: null

2018-12-12 20:28:11 - [TEST_STEP][PASSED] - Statement - PreSaveFile = new java.io.File(((pathPrefix + java.lang.Integer.toString(counter)) + .png)): null

2018-12-12 20:28:11 - [TEST_STEP][PASSED] - Statement - counter = counter + 1: null

2018-12-12 20:28:11 - [TEST_STEP][PASSED] - Statement - PreSaveFile = new java.io.File(((pathPrefix + java.lang.Integer.toString(counter)) + .png)): null

2018-12-12 20:28:11 - [TEST_STEP][PASSED] - Statement - counter = counter + 1: null

2018-12-12 20:28:11 - [TEST_STEP][PASSED] - Statement - PreSaveFile = new java.io.File(((pathPrefix + java.lang.Integer.toString(counter)) + .png)): null

2018-12-12 20:28:11 - [TEST_STEP][PASSED] - Statement - counter = counter + 1: null

2018-12-12 20:28:11 - [TEST_STEP][PASSED] - Statement - PreSaveFile = new java.io.File(((pathPrefix + java.lang.Integer.toString(counter)) + .png)): null

2018-12-12 20:28:11 - [TEST_STEP][PASSED] - Statement - counter = counter + 1: null

2018-12-12 20:28:11 - [TEST_STEP][PASSED] - Statement - PreSaveFile = new java.io.File(((pathPrefix + java.lang.Integer.toString(counter)) + .png)): null

2018-12-12 20:28:11 - [TEST_STEP][PASSED] - Statement - counter = counter + 1: null

2018-12-12 20:28:11 - [TEST_STEP][PASSED] - Statement - PreSaveFile = new java.io.File(((pathPrefix + java.lang.Integer.toString(counter)) + .png)): null

2018-12-12 20:28:11 - [TEST_STEP][PASSED] - Statement - counter = counter + 1: null

2018-12-12 20:28:11 - [TEST_STEP][PASSED] - Statement - PreSaveFile = new java.io.File(((pathPrefix + java.lang.Integer.toString(counter)) + .png)): null

2018-12-12 20:28:11 - [TEST_STEP][PASSED] - Statement - counter = counter + 1: null

2018-12-12 20:28:11 - [TEST_STEP][PASSED] - Statement - PreSaveFile = new java.io.File(((pathPrefix + java.lang.Integer.toString(counter)) + .png)): null

2018-12-12 20:28:11 - [TEST_STEP][PASSED] - Statement - counter = counter + 1: null

2018-12-12 20:28:11 - [TEST_STEP][PASSED] - Statement - PreSaveFile = new java.io.File(((pathPrefix + java.lang.Integer.toString(counter)) + .png)): null

2018-12-12 20:28:11 - [TEST_STEP][PASSED] - Statement - counter = counter + 1: null

2018-12-12 20:28:11 - [TEST_STEP][PASSED] - Statement - PreSaveFile = new java.io.File(((pathPrefix + java.lang.Integer.toString(counter)) + .png)): null

2018-12-12 20:28:11 - [TEST_STEP][PASSED] - Statement - counter = counter + 1: null

2018-12-12 20:28:11 - [TEST_STEP][PASSED] - Statement - PreSaveFile = new java.io.File(((pathPrefix + java.lang.Integer.toString(counter)) + .png)): null

2018-12-12 20:28:11 - [TEST_STEP][PASSED] - Statement - counter = counter + 1: null

2018-12-12 20:28:11 - [TEST_STEP][PASSED] - Statement - PreSaveFile = new java.io.File(((pathPrefix + java.lang.Integer.toString(counter)) + .png)): null

2018-12-12 20:28:11 - [TEST_STEP][PASSED] - Statement - counter = counter + 1: null

2018-12-12 20:28:11 - [TEST_STEP][PASSED] - Statement - PreSaveFile = new java.io.File(((pathPrefix + java.lang.Integer.toString(counter)) + .png)): null

2018-12-12 20:28:11 - [TEST_STEP][PASSED] - Statement - counter = counter + 1: null

2018-12-12 20:28:11 - [TEST_STEP][PASSED] - Statement - PreSaveFile = new java.io.File(((pathPrefix + java.lang.Integer.toString(counter)) + .png)): null

2018-12-12 20:28:11 - [TEST_STEP][PASSED] - Statement - counter = counter + 1: null

2018-12-12 20:28:11 - [TEST_STEP][PASSED] - Statement - PreSaveFile = new java.io.File(((pathPrefix + java.lang.Integer.toString(counter)) + .png)): null

2018-12-12 20:28:11 - [TEST_STEP][PASSED] - Statement - counter = counter + 1: null

2018-12-12 20:28:11 - [TEST_STEP][PASSED] - Statement - PreSaveFile = new java.io.File(((pathPrefix + java.lang.Integer.toString(counter)) + .png)): null

2018-12-12 20:28:11 - [TEST_STEP][PASSED] - Statement - counter = counter + 1: null

2018-12-12 20:28:11 - [TEST_STEP][PASSED] - Statement - PreSaveFile = new java.io.File(((pathPrefix + java.lang.Integer.toString(counter)) + .png)): null

2018-12-12 20:28:11 - [TEST_STEP][PASSED] - Statement - counter = counter + 1: null

2018-12-12 20:28:11 - [TEST_STEP][PASSED] - Statement - PreSaveFile = new java.io.File(((pathPrefix + java.lang.Integer.toString(counter)) + .png)): null

2018-12-12 20:28:11 - [TEST_STEP][PASSED] - Statement - counter = counter + 1: null

2018-12-12 20:28:11 - [TEST_STEP][PASSED] - Statement - PreSaveFile = new java.io.File(((pathPrefix + java.lang.Integer.toString(counter)) + .png)): null

2018-12-12 20:28:11 - [TEST_STEP][PASSED] - Statement - counter = counter + 1: null

2018-12-12 20:28:11 - [TEST_STEP][PASSED] - Statement - PreSaveFile = new java.io.File(((pathPrefix + java.lang.Integer.toString(counter)) + .png)): null

2018-12-12 20:28:11 - [TEST_STEP][PASSED] - Statement - counter = counter + 1: null

2018-12-12 20:28:11 - [TEST_STEP][PASSED] - Statement - PreSaveFile = new java.io.File(((pathPrefix + java.lang.Integer.toString(counter)) + .png)): null

2018-12-12 20:28:11 - [TEST_STEP][PASSED] - Statement - counter = counter + 1: null

2018-12-12 20:28:11 - [TEST_STEP][PASSED] - Statement - PreSaveFile = new java.io.File(((pathPrefix + java.lang.Integer.toString(counter)) + .png)): null

2018-12-12 20:28:11 - [TEST_STEP][PASSED] - Statement - counter = counter + 1: null

2018-12-12 20:28:11 - [TEST_STEP][PASSED] - Statement - PreSaveFile = new java.io.File(((pathPrefix + java.lang.Integer.toString(counter)) + .png)): null

2018-12-12 20:28:11 - [TEST_STEP][PASSED] - Statement - counter = counter + 1: null

2018-12-12 20:28:11 - [TEST_STEP][PASSED] - Statement - PreSaveFile = new java.io.File(((pathPrefix + java.lang.Integer.toString(counter)) + .png)): null

2018-12-12 20:28:11 - [TEST_STEP][PASSED] - Statement - finalPath = pathPrefix + java.lang.Integer.toString(counter) + ".png": null

2018-12-12 20:28:11 - [TEST_STEP][PASSED] - Statement - SaveFile = new java.io.File(finalPath): null

2018-12-12 20:28:11 - [TEST_STEP][PASSED] - Statement - Try: null

2018-12-12 20:28:11 - [TEST_STEP][PASSED] - Statement - org.apache.commons.io.FileUtils.copyFile(scrFile, SaveFile): null

2018-12-12 20:28:11 - [TEST_STEP][PASSED] - Statement - out.println("file kept"): null

2018-12-12 20:28:11 - [TEST_STEP][PASSED] - delay: Delayed 10 second(s)

2018-12-12 20:28:21 - [MESSAGE][PASSED] - Delayed 10 second(s)

2018-12-12 20:28:21 - [MESSAGE][PASSED] - Call Test Case 'Test Cases/Final Aug 2018 - PKS Automation/Registration Module/New Registration/Submit and Screenshot/Submit Registration and Screenshot' successfully]]></system-out>
         <system-err><![CDATA[2018-12-12 20:09:49 - [TEST_CASE][FAILED] - Test Cases/Final Aug 2018 - PKS Automation/Registration Module/Workflow/New Registration/OTC - PKR BO - RO Query (Routed 2 Time): Test Cases/Final Aug 2018 - PKS Automation/Registration Module/Workflow/New Registration/OTC - PKR BO - RO Query (Routed 2 Time) FAILED because (of) (Stack trace: com.kms.katalon.core.exception.StepFailedException: Unable to click on object 'Object Repository/Final Object Repo/New Registration - Registration Module Pages/New Reg - OTC to RO/Special Case - All Related Objects/Continue Button in verifying case' (Root cause: org.openqa.selenium.ElementNotVisibleException: element not interactable
  (Session info: chrome=70.0.3538.110)
  (Driver info: chromedriver=2.43.600210 (68dcf5eebde37173d4027fa8635e332711d2874a),platform=Windows NT 6.1.7601 SP1 x86_64) (WARNING: The server did not provide any stacktrace information)
Command duration or timeout: 0 milliseconds
Build info: version: '3.7.1', revision: '8a0099a', time: '2017-11-06T21:07:36.161Z'
System info: host: 'WIN7TEST02', ip: '10.20.3.72', os.name: 'Windows 7', os.arch: 'amd64', os.version: '6.1', java.version: '1.8.0_181'
Driver info: com.kms.katalon.selenium.driver.CChromeDriver
Capabilities {acceptInsecureCerts: false, acceptSslCerts: false, applicationCacheEnabled: false, browserConnectionEnabled: false, browserName: chrome, chrome: {chromedriverVersion: 2.43.600210 (68dcf5eebde371..., userDataDir: C:\Users\Admin\AppData\Loca...}, cssSelectorsEnabled: true, databaseEnabled: false, goog:chromeOptions: {debuggerAddress: localhost:56308}, handlesAlerts: true, hasTouchScreen: false, javascriptEnabled: true, locationContextEnabled: true, mobileEmulationEnabled: false, nativeEvents: true, networkConnectionEnabled: false, pageLoadStrategy: normal, platform: XP, platformName: XP, rotatable: false, setWindowRect: true, takesHeapSnapshot: true, takesScreenshot: true, unexpectedAlertBehaviour: , unhandledPromptBehavior: , version: 70.0.3538.110, webStorageEnabled: true}
Session ID: 9d7cb5218fee9cf670a9febee69b805b)
	at com.kms.katalon.core.keyword.internal.KeywordMain.stepFailed(KeywordMain.groovy:32)
	at com.kms.katalon.core.webui.keyword.internal.WebUIKeywordMain.stepFailed(WebUIKeywordMain.groovy:65)
	at com.kms.katalon.core.webui.keyword.internal.WebUIKeywordMain.runKeyword(WebUIKeywordMain.groovy:27)
	at com.kms.katalon.core.webui.keyword.builtin.ClickKeyword.click(ClickKeyword.groovy:86)
	at com.kms.katalon.core.webui.keyword.builtin.ClickKeyword.execute(ClickKeyword.groovy:67)
	at com.kms.katalon.core.keyword.internal.KeywordExecutor.executeKeywordForPlatform(KeywordExecutor.groovy:53)
	at com.kms.katalon.core.webui.keyword.WebUiBuiltInKeywords.click(WebUiBuiltInKeywords.groovy:616)
	at com.kms.katalon.core.webui.keyword.WebUiBuiltInKeywords$click$2.call(Unknown Source)
	at org.codehaus.groovy.runtime.callsite.CallSiteArray.defaultCall(CallSiteArray.java:48)
	at org.codehaus.groovy.runtime.callsite.AbstractCallSite.call(AbstractCallSite.java:113)
	at org.codehaus.groovy.runtime.callsite.AbstractCallSite.call(AbstractCallSite.java:125)
	at Script1535599531593.run(Script1535599531593.groovy:167)
	at com.kms.katalon.core.main.ScriptEngine.run(ScriptEngine.java:183)
	at com.kms.katalon.core.main.ScriptEngine.runScriptAsRawText(ScriptEngine.java:108)
	at com.kms.katalon.core.main.TestCaseExecutor.runScript(TestCaseExecutor.java:294)
	at com.kms.katalon.core.main.TestCaseExecutor.doExecute(TestCaseExecutor.java:285)
	at com.kms.katalon.core.main.TestCaseExecutor.processExecutionPhase(TestCaseExecutor.java:264)
	at com.kms.katalon.core.main.TestCaseExecutor.accessMainPhase(TestCaseExecutor.java:256)
	at com.kms.katalon.core.main.TestCaseExecutor.execute(TestCaseExecutor.java:200)
	at com.kms.katalon.core.main.TestSuiteExecutor.accessTestCaseMainPhase(TestSuiteExecutor.java:129)
	at com.kms.katalon.core.main.TestSuiteExecutor.accessTestSuiteMainPhase(TestSuiteExecutor.java:112)
	at com.kms.katalon.core.main.TestSuiteExecutor.execute(TestSuiteExecutor.java:81)
	at com.kms.katalon.core.main.TestCaseMain.startTestSuite(TestCaseMain.java:142)
	at com.kms.katalon.core.main.TestCaseMain$startTestSuite$0.call(Unknown Source)
	at org.codehaus.groovy.runtime.callsite.CallSiteArray.defaultCall(CallSiteArray.java:48)
	at org.codehaus.groovy.runtime.callsite.AbstractCallSite.call(AbstractCallSite.java:113)
	at org.codehaus.groovy.runtime.callsite.AbstractCallSite.call(AbstractCallSite.java:141)
	at TempTestSuite1544598049714.run(TempTestSuite1544598049714.groovy:36)
	at groovy.lang.GroovyShell.runScriptOrMainOrTestOrRunnable(GroovyShell.java:263)
	at groovy.lang.GroovyShell.run(GroovyShell.java:518)
	at groovy.lang.GroovyShell.run(GroovyShell.java:507)
	at groovy.ui.GroovyMain.processOnce(GroovyMain.java:653)
	at groovy.ui.GroovyMain.run(GroovyMain.java:384)
	at groovy.ui.GroovyMain.process(GroovyMain.java:370)
	at groovy.ui.GroovyMain.processArgs(GroovyMain.java:129)
	at groovy.ui.GroovyMain.main(GroovyMain.java:109)
	at sun.reflect.NativeMethodAccessorImpl.invoke0(Native Method)
	at sun.reflect.NativeMethodAccessorImpl.invoke(NativeMethodAccessorImpl.java:62)
	at sun.reflect.DelegatingMethodAccessorImpl.invoke(DelegatingMethodAccessorImpl.java:43)
	at java.lang.reflect.Method.invoke(Method.java:498)
	at org.codehaus.groovy.tools.GroovyStarter.rootLoader(GroovyStarter.java:109)
	at org.codehaus.groovy.tools.GroovyStarter.main(GroovyStarter.java:131)
)]]></system-err>
      </testcase>
      <testcase name="Test Cases/Final Aug 2018 - PKS Automation/Registration Module/Workflow/New Registration/OTC - PKR BO - RO Submit(Routed 2 Time)" classname="Test Cases/Final Aug 2018 - PKS Automation/Registration Module/Workflow/New Registration/OTC - PKR BO - RO Submit(Routed 2 Time)" status="PASSED">
         <system-out><![CDATA[2018-12-12 20:28:21 - [TEST_CASE][PASSED] - Test Cases/Final Aug 2018 - PKS Automation/Registration Module/Workflow/New Registration/OTC - PKR BO - RO Submit(Routed 2 Time): Test Cases/Final Aug 2018 - PKS Automation/Registration Module/Workflow/New Registration/OTC - PKR BO - RO Submit(Routed 2 Time)

2018-12-12 20:28:22 - [TEST_STEP][PASSED] - callTestCase: Call Test Case 'Test Cases/Final Aug 2018 - PKS Automation/Registration Module/Workflow/New Registration/Template/Special Case - OTC - Form 1' successfully

2018-12-12 20:28:22 - [TEST_CASE][PASSED] - Test Cases/Final Aug 2018 - PKS Automation/Registration Module/Workflow/New Registration/Template/Special Case - OTC - Form 1: Test Cases/Final Aug 2018 - PKS Automation/Registration Module/Workflow/New Registration/Template/Special Case - OTC - Form 1

2018-12-12 20:28:22 - [TEST_STEP][PASSED] - openBrowser: Browser is opened with url: ''

2018-12-12 20:28:22 - [MESSAGE][WARNING] - A browser is already opened. Closing browser and opening a new one

2018-12-12 20:28:26 - [MESSAGE][PASSED] - Browser is opened with url: ''

2018-12-12 20:28:26 - [TEST_STEP][PASSED] - navigateToUrl: Navigate to 'https://assist2-uat.perkeso.gov.my/login' successfully

2018-12-12 20:28:27 - [MESSAGE][PASSED] - Navigate to 'https://assist2-uat.perkeso.gov.my/login' successfully

2018-12-12 20:28:27 - [TEST_STEP][PASSED] - delay: Delayed 2 second(s)

2018-12-12 20:28:29 - [MESSAGE][PASSED] - Delayed 2 second(s)

2018-12-12 20:28:29 - [TEST_STEP][PASSED] - setText: Text 'klotc2@gmail.com' is set on object 'Object Repository/Final Object Repo/Login Page/Internal User/Email Address'

2018-12-12 20:28:29 - [MESSAGE][PASSED] - Text 'klotc2@gmail.com' is set on object 'Object Repository/Final Object Repo/Login Page/Internal User/Email Address'

2018-12-12 20:28:29 - [TEST_STEP][PASSED] - click: Object: 'Object Repository/Final Object Repo/Login Page/Internal User/Next Button' is clicked on

2018-12-12 20:28:29 - [MESSAGE][PASSED] - Object: 'Object Repository/Final Object Repo/Login Page/Internal User/Next Button' is clicked on

2018-12-12 20:28:29 - [TEST_STEP][PASSED] - delay: Delayed 2 second(s)

2018-12-12 20:28:31 - [MESSAGE][PASSED] - Delayed 2 second(s)

2018-12-12 20:28:31 - [TEST_STEP][PASSED] - setText: Text 'Test1@3456789' is set on object 'Object Repository/Final Object Repo/Login Page/Internal User/Password'

2018-12-12 20:28:31 - [MESSAGE][PASSED] - Text 'Test1@3456789' is set on object 'Object Repository/Final Object Repo/Login Page/Internal User/Password'

2018-12-12 20:28:31 - [TEST_STEP][PASSED] - delay: Delayed 2 second(s)

2018-12-12 20:28:33 - [MESSAGE][PASSED] - Delayed 2 second(s)

2018-12-12 20:28:33 - [TEST_STEP][PASSED] - click: Object: 'Object Repository/Final Object Repo/Login Page/Internal User/Login Button' is clicked on

2018-12-12 20:28:34 - [MESSAGE][PASSED] - Object: 'Object Repository/Final Object Repo/Login Page/Internal User/Login Button' is clicked on

2018-12-12 20:28:34 - [TEST_STEP][PASSED] - Statement - Try: null

2018-12-12 20:28:34 - [TEST_STEP][PASSED] - Statement - Checker = com.kms.katalon.core.webui.keyword.WebUiBuiltInKeywords.verifyElementNotPresent("Final Object Repo/Landing Page/Select to English", 3): null

2018-12-12 20:28:34 - [TEST_STEP][PASSED] - Statement - Catch (Exception e): null

2018-12-12 20:28:34 - [TEST_STEP][PASSED] - Statement - e.printStackTrace(): null

2018-12-12 20:28:34 - [TEST_STEP][PASSED] - delay: Delayed 5 second(s)

2018-12-12 20:28:39 - [MESSAGE][PASSED] - Delayed 5 second(s)

2018-12-12 20:28:39 - [TEST_STEP][PASSED] - click: Object: 'Object Repository/Final Object Repo/Landing Page/My Sites Drop Down' is clicked on

2018-12-12 20:28:39 - [MESSAGE][PASSED] - Object: 'Object Repository/Final Object Repo/Landing Page/My Sites Drop Down' is clicked on

2018-12-12 20:28:39 - [TEST_STEP][PASSED] - click: Object: 'Object Repository/Final Object Repo/Landing Page/Select to Registration Module' is clicked on

2018-12-12 20:28:40 - [MESSAGE][PASSED] - Object: 'Object Repository/Final Object Repo/Landing Page/Select to Registration Module' is clicked on

2018-12-12 20:28:40 - [TEST_STEP][PASSED] - click: Object: 'Object Repository/Final Object Repo/Landing Page/Registration Button' is clicked on

2018-12-12 20:28:41 - [MESSAGE][PASSED] - Object: 'Object Repository/Final Object Repo/Landing Page/Registration Button' is clicked on

2018-12-12 20:28:41 - [TEST_STEP][PASSED] - delay: Delayed 2 second(s)

2018-12-12 20:28:43 - [MESSAGE][PASSED] - Delayed 2 second(s)

2018-12-12 20:28:43 - [TEST_STEP][PASSED] - click: Object: 'Object Repository/Final Object Repo/New Registration - Registration Module Pages/New Reg - OTC to RO/Special Case - OTC - Form 1/AEC NO' is clicked on

2018-12-12 20:28:43 - [MESSAGE][PASSED] - Object: 'Object Repository/Final Object Repo/New Registration - Registration Module Pages/New Reg - OTC to RO/Special Case - OTC - Form 1/AEC NO' is clicked on

2018-12-12 20:28:43 - [TEST_STEP][PASSED] - click: Object: 'Object Repository/Final Object Repo/New Registration - Registration Module Pages/New Reg - OTC to RO/Special Case - OTC - Form 1/Business Entity - Please Select' is clicked on

2018-12-12 20:28:43 - [MESSAGE][PASSED] - Object: 'Object Repository/Final Object Repo/New Registration - Registration Module Pages/New Reg - OTC to RO/Special Case - OTC - Form 1/Business Entity - Please Select' is clicked on

2018-12-12 20:28:43 - [TEST_STEP][PASSED] - click: Object: 'Object Repository/Final Object Repo/New Registration - Registration Module Pages/New Reg - OTC to RO/Special Case - OTC - Form 1/Selected - Corporation' is clicked on

2018-12-12 20:28:43 - [MESSAGE][PASSED] - Object: 'Object Repository/Final Object Repo/New Registration - Registration Module Pages/New Reg - OTC to RO/Special Case - OTC - Form 1/Selected - Corporation' is clicked on

2018-12-12 20:28:43 - [TEST_STEP][PASSED] - delay: Delayed 2 second(s)

2018-12-12 20:28:45 - [MESSAGE][PASSED] - Delayed 2 second(s)

2018-12-12 20:28:45 - [TEST_STEP][PASSED] - click: Object: 'Object Repository/Final Object Repo/New Registration - Registration Module Pages/New Reg - OTC to RO/Special Case - OTC - Form 1/Sub Business Entity - Please Select' is clicked on

2018-12-12 20:28:46 - [MESSAGE][PASSED] - Object: 'Object Repository/Final Object Repo/New Registration - Registration Module Pages/New Reg - OTC to RO/Special Case - OTC - Form 1/Sub Business Entity - Please Select' is clicked on

2018-12-12 20:28:46 - [TEST_STEP][PASSED] - delay: Delayed 2 second(s)

2018-12-12 20:28:48 - [MESSAGE][PASSED] - Delayed 2 second(s)

2018-12-12 20:28:48 - [TEST_STEP][PASSED] - click: Object: 'Object Repository/Final Object Repo/New Registration - Registration Module Pages/New Reg - OTC to RO/Special Case - OTC - Form 1/Selected - Sendirian Berhad' is clicked on

2018-12-12 20:28:48 - [MESSAGE][PASSED] - Object: 'Object Repository/Final Object Repo/New Registration - Registration Module Pages/New Reg - OTC to RO/Special Case - OTC - Form 1/Selected - Sendirian Berhad' is clicked on

2018-12-12 20:28:48 - [TEST_STEP][PASSED] - setText: Text 'AUTOMATE001' is set on object 'Object Repository/Final Object Repo/New Registration - Registration Module Pages/New Reg - OTC to RO/Special Case - OTC - Form 1/Input BRN Number'

2018-12-12 20:28:48 - [MESSAGE][PASSED] - Text 'AUTOMATE001' is set on object 'Object Repository/Final Object Repo/New Registration - Registration Module Pages/New Reg - OTC to RO/Special Case - OTC - Form 1/Input BRN Number'

2018-12-12 20:28:48 - [TEST_STEP][PASSED] - delay: Delayed 2 second(s)

2018-12-12 20:28:50 - [MESSAGE][PASSED] - Delayed 2 second(s)

2018-12-12 20:28:50 - [TEST_STEP][PASSED] - click: Object: 'Object Repository/Final Object Repo/New Registration - Registration Module Pages/New Reg - OTC to RO/Special Case - OTC - Form 1/BRN Search' is clicked on

2018-12-12 20:28:51 - [MESSAGE][PASSED] - Object: 'Object Repository/Final Object Repo/New Registration - Registration Module Pages/New Reg - OTC to RO/Special Case - OTC - Form 1/BRN Search' is clicked on

2018-12-12 20:28:51 - [TEST_STEP][PASSED] - delay: Delayed 4 second(s)

2018-12-12 20:28:55 - [MESSAGE][PASSED] - Delayed 4 second(s)

2018-12-12 20:28:55 - [TEST_STEP][PASSED] - click: Object: 'Object Repository/Final Object Repo/New Registration - Registration Module Pages/New Reg - OTC to RO/Special Case - OTC - Form 1/Registered with SSM - After Feb 2017' is clicked on

2018-12-12 20:28:55 - [MESSAGE][PASSED] - Object: 'Object Repository/Final Object Repo/New Registration - Registration Module Pages/New Reg - OTC to RO/Special Case - OTC - Form 1/Registered with SSM - After Feb 2017' is clicked on

2018-12-12 20:28:55 - [TEST_STEP][PASSED] - delay: Delayed 2 second(s)

2018-12-12 20:28:57 - [MESSAGE][PASSED] - Delayed 2 second(s)

2018-12-12 20:28:57 - [TEST_STEP][PASSED] - click: Object: 'Object Repository/Final Object Repo/New Registration - Registration Module Pages/New Reg - OTC to RO/Special Case - OTC - Form 1/Registering As A Branch - No' is clicked on

2018-12-12 20:28:57 - [MESSAGE][PASSED] - Object: 'Object Repository/Final Object Repo/New Registration - Registration Module Pages/New Reg - OTC to RO/Special Case - OTC - Form 1/Registering As A Branch - No' is clicked on

2018-12-12 20:28:57 - [TEST_STEP][PASSED] - click: Object: 'Object Repository/Final Object Repo/New Registration - Registration Module Pages/New Reg - OTC to RO/Special Case - OTC - Form 1/Acknowledgement Ticked' is clicked on

2018-12-12 20:28:57 - [MESSAGE][PASSED] - Object: 'Object Repository/Final Object Repo/New Registration - Registration Module Pages/New Reg - OTC to RO/Special Case - OTC - Form 1/Acknowledgement Ticked' is clicked on

2018-12-12 20:28:57 - [TEST_STEP][PASSED] - click: Object: 'Object Repository/Final Object Repo/New Registration - Registration Module Pages/New Reg - OTC to RO/Special Case - OTC - Form 1/Submit Button' is clicked on

2018-12-12 20:28:57 - [MESSAGE][PASSED] - Object: 'Object Repository/Final Object Repo/New Registration - Registration Module Pages/New Reg - OTC to RO/Special Case - OTC - Form 1/Submit Button' is clicked on

2018-12-12 20:28:57 - [TEST_STEP][PASSED] - delay: Delayed 2 second(s)

2018-12-12 20:28:59 - [MESSAGE][PASSED] - Delayed 2 second(s)

2018-12-12 20:28:59 - [TEST_STEP][PASSED] - click: Object: 'Object Repository/Final Object Repo/New Registration - Registration Module Pages/New Reg - OTC to RO/Special Case - OTC - Form 1/Confirm No Flagging as Branch' is clicked on

2018-12-12 20:28:59 - [MESSAGE][PASSED] - Object: 'Object Repository/Final Object Repo/New Registration - Registration Module Pages/New Reg - OTC to RO/Special Case - OTC - Form 1/Confirm No Flagging as Branch' is clicked on

2018-12-12 20:28:59 - [MESSAGE][PASSED] - Call Test Case 'Test Cases/Final Aug 2018 - PKS Automation/Registration Module/Workflow/New Registration/Template/Special Case - OTC - Form 1' successfully

2018-12-12 20:28:59 - [TEST_STEP][PASSED] - callTestCase: Call Test Case 'Test Cases/Final Aug 2018 - PKS Automation/Registration Module/New Registration/Form 2/Add 1 Eligible - Incomplete' successfully

2018-12-12 20:28:59 - [TEST_CASE][PASSED] - Test Cases/Final Aug 2018 - PKS Automation/Registration Module/New Registration/Form 2/Add 1 Eligible - Incomplete: Test Cases/Final Aug 2018 - PKS Automation/Registration Module/New Registration/Form 2/Add 1 Eligible - Incomplete

2018-12-12 20:28:59 - [TEST_STEP][PASSED] - delay: Delayed 2 second(s)

2018-12-12 20:29:01 - [MESSAGE][PASSED] - Delayed 2 second(s)

2018-12-12 20:29:01 - [TEST_STEP][PASSED] - callTestCase: Call Test Case 'Test Cases/Final Aug 2018 - PKS Automation/Registration Module/New Registration/Form 2/Date Updater' successfully

2018-12-12 20:29:01 - [TEST_CASE][PASSED] - Test Cases/Final Aug 2018 - PKS Automation/Registration Module/New Registration/Form 2/Date Updater: Test Cases/Final Aug 2018 - PKS Automation/Registration Module/New Registration/Form 2/Date Updater

2018-12-12 20:29:01 - [TEST_STEP][PASSED] - Statement - TodayDate = new java.util.Date(): null

2018-12-12 20:29:01 - [TEST_STEP][PASSED] - Statement - CurrentDateNoFilter = new java.text.SimpleDateFormat(): null

2018-12-12 20:29:01 - [TEST_STEP][PASSED] - Statement - CurrentDateNoFilter.applyPattern("MM"): null

2018-12-12 20:29:01 - [TEST_STEP][PASSED] - Statement - monthContainerMatcher = java.lang.Integer.parseInt(CurrentDateNoFilter.format(TodayDate)): null

2018-12-12 20:29:01 - [TEST_STEP][PASSED] - Statement - monthContainerMatcher = monthContainerMatcher - 1: null

2018-12-12 20:29:01 - [TEST_STEP][PASSED] - Statement - CurrentMonth = monthContainerMatcher.toString(): null

2018-12-12 20:29:01 - [TEST_STEP][PASSED] - Statement - CurrentMonth = CurrentMonth: null

2018-12-12 20:29:01 - [TEST_STEP][PASSED] - Statement - CurrentDateNoFilter.applyPattern("yyyy"): null

2018-12-12 20:29:01 - [TEST_STEP][PASSED] - Statement - CurrentYear = CurrentDateNoFilter.format(TodayDate): null

2018-12-12 20:29:01 - [TEST_STEP][PASSED] - Statement - CurrentYear = CurrentYear: null

2018-12-12 20:29:01 - [TEST_STEP][PASSED] - Statement - intCurrentYear = java.lang.Integer.parseInt(CurrentDateNoFilter.format(TodayDate)): null

2018-12-12 20:29:01 - [TEST_STEP][PASSED] - Statement - eighteenYrsAgo = intCurrentYear - 18: null

2018-12-12 20:29:01 - [TEST_STEP][PASSED] - Statement - eighteenYrsBeforeThisYr = eighteenYrsAgo.toString(): null

2018-12-12 20:29:01 - [TEST_STEP][PASSED] - Statement - EighteenYrsBefore = eighteenYrsBeforeThisYr: null

2018-12-12 20:29:01 - [TEST_STEP][PASSED] - Statement - fiftysevenYrsAgo = intCurrentYear - 57: null

2018-12-12 20:29:01 - [TEST_STEP][PASSED] - Statement - fiftysevenYrsBeforeThisYr = fiftysevenYrsAgo.toString(): null

2018-12-12 20:29:01 - [TEST_STEP][PASSED] - Statement - FiftysevenYrsBefore = fiftysevenYrsBeforeThisYr: null

2018-12-12 20:29:01 - [TEST_STEP][PASSED] - Statement - leapYear = false: null

2018-12-12 20:29:01 - [TEST_STEP][PASSED] - Statement - leapYear = intCurrentYear % 4 == 0: null

2018-12-12 20:29:01 - [TEST_STEP][PASSED] - Statement - CurrentDateNoFilter.applyPattern("dd"): null

2018-12-12 20:29:01 - [TEST_STEP][PASSED] - Statement - CurrentDate = CurrentDateNoFilter.format(TodayDate): null

2018-12-12 20:29:01 - [TEST_STEP][PASSED] - Statement - CurrentDate = java.lang.Integer.parseInt(CurrentDate): null

2018-12-12 20:29:01 - [TEST_STEP][PASSED] - Statement - CurrentDate = CurrentDate: null

2018-12-12 20:29:01 - [TEST_STEP][PASSED] - Statement - CurrentDay = java.lang.Integer.parseInt(CurrentDate): null

2018-12-12 20:29:01 - [TEST_STEP][PASSED] - Statement - ConfAdder = <not implemented yet for class: org.codehaus.groovy.ast.expr.EmptyExpression>: null

2018-12-12 20:29:01 - [TEST_STEP][PASSED] - Statement - out.println(CurrentMonth): null

2018-12-12 20:29:01 - [TEST_STEP][PASSED] - Statement - out.println(CurrentDate): null

2018-12-12 20:29:01 - [TEST_STEP][PASSED] - Statement - switch (CurrentDate): null

2018-12-12 20:29:01 - [TEST_STEP][PASSED] - Statement - Default: null

2018-12-12 20:29:01 - [TEST_STEP][PASSED] - Statement - ConfAdder = true: null

2018-12-12 20:29:01 - [TEST_STEP][PASSED] - Statement - Break: null

2018-12-12 20:29:01 - [TEST_STEP][PASSED] - Statement - aDayBefore = <not implemented yet for class: org.codehaus.groovy.ast.expr.EmptyExpression>: null

2018-12-12 20:29:01 - [TEST_STEP][PASSED] - Statement - out.println(ConfAdder): null

2018-12-12 20:29:01 - [TEST_STEP][PASSED] - Statement - If (ConfAdder == true): null

2018-12-12 20:29:01 - [TEST_STEP][PASSED] - Statement - aDayBefore = CurrentDay + 1: null

2018-12-12 20:29:01 - [TEST_STEP][PASSED] - Statement - out.println(aDayBefore): null

2018-12-12 20:29:01 - [TEST_STEP][PASSED] - Statement - If (aDayBefore == 1 && CurrentMonth == 11): null

2018-12-12 20:29:01 - [TEST_STEP][PASSED] - Statement - DayBefore = aDayBefore.toString(): null

2018-12-12 20:29:01 - [TEST_STEP][PASSED] - Statement - OneDayBefore = DayBefore: null

2018-12-12 20:29:01 - [MESSAGE][PASSED] - Call Test Case 'Test Cases/Final Aug 2018 - PKS Automation/Registration Module/New Registration/Form 2/Date Updater' successfully

2018-12-12 20:29:02 - [TEST_STEP][PASSED] - Statement - CaseReferenceNo = com.kms.katalon.core.webui.keyword.WebUiBuiltInKeywords.getText(com.kms.katalon.core.testobject.ObjectRepository.findTestObject(Final Object Repo/New Registration - Registration Module Pages/Form 2/RefNo Acquiring)): Text of object 'Object Repository/Final Object Repo/New Registration - Registration Module Pages/Form 2/RefNo Acquiring' is: 'CRN12201800123236'

2018-12-12 20:29:02 - [MESSAGE][PASSED] - Text of object 'Object Repository/Final Object Repo/New Registration - Registration Module Pages/Form 2/RefNo Acquiring' is: 'CRN12201800123236'

2018-12-12 20:29:02 - [TEST_STEP][PASSED] - delay: Delayed 4 second(s)

2018-12-12 20:29:06 - [MESSAGE][PASSED] - Delayed 4 second(s)

2018-12-12 20:29:06 - [TEST_STEP][PASSED] - click: Object: 'Object Repository/Final Object Repo/New Registration - Registration Module Pages/Form 2/Add Employee Button' is clicked on

2018-12-12 20:29:06 - [MESSAGE][PASSED] - Object: 'Object Repository/Final Object Repo/New Registration - Registration Module Pages/Form 2/Add Employee Button' is clicked on

2018-12-12 20:29:06 - [TEST_STEP][PASSED] - delay: Delayed 1 second(s)

2018-12-12 20:29:07 - [MESSAGE][PASSED] - Delayed 1 second(s)

2018-12-12 20:29:07 - [TEST_STEP][PASSED] - setText: Text '010903091984' is set on object 'Object Repository/Final Object Repo/New Registration - Registration Module Pages/Form 2/NRIC Input'

2018-12-12 20:29:07 - [MESSAGE][PASSED] - Text '010903091984' is set on object 'Object Repository/Final Object Repo/New Registration - Registration Module Pages/Form 2/NRIC Input'

2018-12-12 20:29:07 - [TEST_STEP][PASSED] - click: Object: 'Object Repository/Final Object Repo/New Registration - Registration Module Pages/Form 2/button for search for IC' is clicked on

2018-12-12 20:29:07 - [MESSAGE][PASSED] - Object: 'Object Repository/Final Object Repo/New Registration - Registration Module Pages/Form 2/button for search for IC' is clicked on

2018-12-12 20:29:07 - [TEST_STEP][PASSED] - delay: Delayed 2 second(s)

2018-12-12 20:29:09 - [MESSAGE][PASSED] - Delayed 2 second(s)

2018-12-12 20:29:09 - [TEST_STEP][PASSED] - setText: Text 'Automate001 eligible 1' is set on object 'Object Repository/Final Object Repo/New Registration - Registration Module Pages/Form 2/Employee Name Input'

2018-12-12 20:29:10 - [MESSAGE][PASSED] - Text 'Automate001 eligible 1' is set on object 'Object Repository/Final Object Repo/New Registration - Registration Module Pages/Form 2/Employee Name Input'

2018-12-12 20:29:10 - [TEST_STEP][PASSED] - delay: Delayed 2 second(s)

2018-12-12 20:29:12 - [MESSAGE][PASSED] - Delayed 2 second(s)

2018-12-12 20:29:12 - [TEST_STEP][PASSED] - click: Object: 'Object Repository/Final Object Repo/New Registration - Registration Module Pages/Form 2/DatePicker Pop Up' is clicked on

2018-12-12 20:29:12 - [MESSAGE][PASSED] - Object: 'Object Repository/Final Object Repo/New Registration - Registration Module Pages/Form 2/DatePicker Pop Up' is clicked on

2018-12-12 20:29:12 - [TEST_STEP][PASSED] - click: Object: 'Object Repository/Final Object Repo/New Registration - Registration Module Pages/Form 2/DOB Month' is clicked on

2018-12-12 20:29:12 - [MESSAGE][PASSED] - Object: 'Object Repository/Final Object Repo/New Registration - Registration Module Pages/Form 2/DOB Month' is clicked on

2018-12-12 20:29:12 - [TEST_STEP][PASSED] - Statement - CurrentMonth = CurrentMonth: null

2018-12-12 20:29:12 - [TEST_STEP][PASSED] - Statement - selectMonth = new com.kms.katalon.core.testobject.TestObject(): null

2018-12-12 20:29:12 - [TEST_STEP][PASSED] - Statement - selectMonth.addProperty("xpath", EQUALS, "//body/div/div/div/select/option[@value='" + CurrentMonth + "']", true): null

2018-12-12 20:29:12 - [TEST_STEP][PASSED] - click: Object: '' is clicked on

2018-12-12 20:29:12 - [MESSAGE][PASSED] - Object: '' is clicked on

2018-12-12 20:29:12 - [TEST_STEP][PASSED] - click: Object: 'Object Repository/Final Object Repo/New Registration - Registration Module Pages/Form 2/DOB Year' is clicked on

2018-12-12 20:29:13 - [MESSAGE][PASSED] - Object: 'Object Repository/Final Object Repo/New Registration - Registration Module Pages/Form 2/DOB Year' is clicked on

2018-12-12 20:29:13 - [TEST_STEP][PASSED] - Statement - Eyearsbf = EighteenYrsBefore: null

2018-12-12 20:29:13 - [TEST_STEP][PASSED] - Statement - selectYear = new com.kms.katalon.core.testobject.TestObject(): null

2018-12-12 20:29:13 - [TEST_STEP][PASSED] - Statement - selectYear.addProperty("xpath", EQUALS, "//div/div/div/select/option[@value='" + Eyearsbf + "']", true): null

2018-12-12 20:29:13 - [TEST_STEP][PASSED] - click: Object: '' is clicked on

2018-12-12 20:29:13 - [MESSAGE][PASSED] - Object: '' is clicked on

2018-12-12 20:29:13 - [TEST_STEP][PASSED] - Statement - UpdatedSelectDate = com.kms.katalon.core.webui.keyword.WebUiBuiltInKeywords.modifyObjectProperty(com.kms.katalon.core.testobject.ObjectRepository.findTestObject(Final Object Repo/New Registration - Registration Module Pages/Form 2/DOB Date), "xpath", "equals", "//body/div/table/tbody/tr/td/a[text()="" + CurrentDate + ""]", true): Modify property of object successfully

2018-12-12 20:29:13 - [MESSAGE][PASSED] - Modify property of object successfully

2018-12-12 20:29:13 - [TEST_STEP][PASSED] - delay: Delayed 3 second(s)

2018-12-12 20:29:16 - [MESSAGE][PASSED] - Delayed 3 second(s)

2018-12-12 20:29:16 - [TEST_STEP][PASSED] - click: Object: 'Object Repository/Final Object Repo/New Registration - Registration Module Pages/Form 2/DOB Date' is clicked on

2018-12-12 20:29:16 - [MESSAGE][PASSED] - Object: 'Object Repository/Final Object Repo/New Registration - Registration Module Pages/Form 2/DOB Date' is clicked on

2018-12-12 20:29:16 - [TEST_STEP][PASSED] - delay: Delayed 2 second(s)

2018-12-12 20:29:18 - [MESSAGE][PASSED] - Delayed 2 second(s)

2018-12-12 20:29:18 - [TEST_STEP][PASSED] - click: Object: 'Object Repository/Final Object Repo/New Registration - Registration Module Pages/Form 2/EmploymentStartDate Pop Up' is clicked on

2018-12-12 20:29:18 - [MESSAGE][PASSED] - Object: 'Object Repository/Final Object Repo/New Registration - Registration Module Pages/Form 2/EmploymentStartDate Pop Up' is clicked on

2018-12-12 20:29:18 - [TEST_STEP][PASSED] - delay: Delayed 2 second(s)

2018-12-12 20:29:20 - [MESSAGE][PASSED] - Delayed 2 second(s)

2018-12-12 20:29:20 - [TEST_STEP][PASSED] - click: Object: 'Object Repository/Final Object Repo/New Registration - Registration Module Pages/Form 2/Socso Employment StartDate Month' is clicked on

2018-12-12 20:29:20 - [MESSAGE][PASSED] - Object: 'Object Repository/Final Object Repo/New Registration - Registration Module Pages/Form 2/Socso Employment StartDate Month' is clicked on

2018-12-12 20:29:20 - [TEST_STEP][PASSED] - delay: Delayed 1 second(s)

2018-12-12 20:29:21 - [MESSAGE][PASSED] - Delayed 1 second(s)

2018-12-12 20:29:21 - [TEST_STEP][PASSED] - click: Object: 'Object Repository/Final Object Repo/New Registration - Registration Module Pages/Form 2/Select Socso Employement Startdate Month' is clicked on

2018-12-12 20:29:21 - [MESSAGE][PASSED] - Object: 'Object Repository/Final Object Repo/New Registration - Registration Module Pages/Form 2/Select Socso Employement Startdate Month' is clicked on

2018-12-12 20:29:21 - [TEST_STEP][PASSED] - delay: Delayed 2 second(s)

2018-12-12 20:29:23 - [MESSAGE][PASSED] - Delayed 2 second(s)

2018-12-12 20:29:23 - [TEST_STEP][PASSED] - click: Object: 'Object Repository/Final Object Repo/New Registration - Registration Module Pages/Form 2/Socso Employment StartDate Year' is clicked on

2018-12-12 20:29:24 - [MESSAGE][PASSED] - Object: 'Object Repository/Final Object Repo/New Registration - Registration Module Pages/Form 2/Socso Employment StartDate Year' is clicked on

2018-12-12 20:29:24 - [TEST_STEP][PASSED] - delay: Delayed 1 second(s)

2018-12-12 20:29:25 - [MESSAGE][PASSED] - Delayed 1 second(s)

2018-12-12 20:29:25 - [TEST_STEP][PASSED] - click: Object: 'Object Repository/Final Object Repo/New Registration - Registration Module Pages/Form 2/Select Socso Employment Startdate Year' is clicked on

2018-12-12 20:29:25 - [MESSAGE][PASSED] - Object: 'Object Repository/Final Object Repo/New Registration - Registration Module Pages/Form 2/Select Socso Employment Startdate Year' is clicked on

2018-12-12 20:29:25 - [TEST_STEP][PASSED] - delay: Delayed 2 second(s)

2018-12-12 20:29:27 - [MESSAGE][PASSED] - Delayed 2 second(s)

2018-12-12 20:29:27 - [TEST_STEP][PASSED] - click: Object: 'Object Repository/Final Object Repo/New Registration - Registration Module Pages/Form 2/Socso Employment Start Date Day' is clicked on

2018-12-12 20:29:27 - [MESSAGE][PASSED] - Object: 'Object Repository/Final Object Repo/New Registration - Registration Module Pages/Form 2/Socso Employment Start Date Day' is clicked on

2018-12-12 20:29:27 - [TEST_STEP][PASSED] - delay: Delayed 2 second(s)

2018-12-12 20:29:29 - [MESSAGE][PASSED] - Delayed 2 second(s)

2018-12-12 20:29:29 - [TEST_STEP][PASSED] - click: Object: 'Object Repository/Final Object Repo/New Registration - Registration Module Pages/Form 2/Save Button for Add Employee' is clicked on

2018-12-12 20:29:29 - [MESSAGE][PASSED] - Object: 'Object Repository/Final Object Repo/New Registration - Registration Module Pages/Form 2/Save Button for Add Employee' is clicked on

2018-12-12 20:29:29 - [TEST_STEP][PASSED] - delay: Delayed 6 second(s)

2018-12-12 20:29:35 - [MESSAGE][PASSED] - Delayed 6 second(s)

2018-12-12 20:29:35 - [TEST_STEP][PASSED] - click: Object: 'Object Repository/Final Object Repo/New Registration - Registration Module Pages/Form 2/Incomplete Checkbox' is clicked on

2018-12-12 20:29:35 - [MESSAGE][PASSED] - Object: 'Object Repository/Final Object Repo/New Registration - Registration Module Pages/Form 2/Incomplete Checkbox' is clicked on

2018-12-12 20:29:35 - [TEST_STEP][PASSED] - delay: Delayed 2 second(s)

2018-12-12 20:29:37 - [MESSAGE][PASSED] - Delayed 2 second(s)

2018-12-12 20:29:37 - [TEST_STEP][PASSED] - click: Object: 'Object Repository/Final Object Repo/New Registration - Registration Module Pages/Form 2/Save and Continue Form 2' is clicked on

2018-12-12 20:29:37 - [MESSAGE][PASSED] - Object: 'Object Repository/Final Object Repo/New Registration - Registration Module Pages/Form 2/Save and Continue Form 2' is clicked on

2018-12-12 20:29:37 - [MESSAGE][PASSED] - Call Test Case 'Test Cases/Final Aug 2018 - PKS Automation/Registration Module/New Registration/Form 2/Add 1 Eligible - Incomplete' successfully

2018-12-12 20:29:37 - [TEST_STEP][PASSED] - callTestCase: Call Test Case 'Test Cases/Final Aug 2018 - PKS Automation/Registration Module/New Registration/Flow of New Registration/Third Screen - Upload Supporting Doc - Preview' successfully

2018-12-12 20:29:37 - [TEST_CASE][PASSED] - Test Cases/Final Aug 2018 - PKS Automation/Registration Module/New Registration/Flow of New Registration/Third Screen - Upload Supporting Doc - Preview: Test Cases/Final Aug 2018 - PKS Automation/Registration Module/New Registration/Flow of New Registration/Third Screen - Upload Supporting Doc - Preview

2018-12-12 20:29:37 - [TEST_STEP][PASSED] - waitForPageLoad: Wait for page load successfully

2018-12-12 20:29:38 - [MESSAGE][PASSED] - Wait for page load successfully

2018-12-12 20:29:38 - [TEST_STEP][PASSED] - Statement - CaseReferenceNo = com.kms.katalon.core.webui.keyword.WebUiBuiltInKeywords.getText(com.kms.katalon.core.testobject.ObjectRepository.findTestObject(Final Object Repo/New Registration - Registration Module Pages/Third Screen - Upload Supporting Doc- Preview/RefNo Acquiring)): Text of object 'Object Repository/Final Object Repo/New Registration - Registration Module Pages/Third Screen - Upload Supporting Doc- Preview/RefNo Acquiring' is: 'CRN12201800123236'

2018-12-12 20:29:38 - [MESSAGE][PASSED] - Text of object 'Object Repository/Final Object Repo/New Registration - Registration Module Pages/Third Screen - Upload Supporting Doc- Preview/RefNo Acquiring' is: 'CRN12201800123236'

2018-12-12 20:29:38 - [TEST_STEP][PASSED] - delay: Delayed 2 second(s)

2018-12-12 20:29:40 - [MESSAGE][PASSED] - Delayed 2 second(s)

2018-12-12 20:29:40 - [TEST_STEP][PASSED] - callTestCase: Call Test Case 'Test Cases/Final Aug 2018 - PKS Automation/Common/Reference Number Setter' successfully

2018-12-12 20:29:40 - [TEST_CASE][PASSED] - Test Cases/Final Aug 2018 - PKS Automation/Common/Reference Number Setter: Test Cases/Final Aug 2018 - PKS Automation/Common/Reference Number Setter

2018-12-12 20:29:40 - [TEST_STEP][PASSED] - Statement - RefNoOldFile = new java.io.File(C://Users//Admin//Desktop//PKS//Automation Reference Point//KatalonReference.txt): null

2018-12-12 20:29:40 - [TEST_STEP][PASSED] - Statement - RefNoOldFile.delete(): null

2018-12-12 20:29:40 - [TEST_STEP][PASSED] - delay: Delayed 5 second(s)

2018-12-12 20:29:45 - [MESSAGE][PASSED] - Delayed 5 second(s)

2018-12-12 20:29:45 - [TEST_STEP][PASSED] - Statement - RefNo = new java.io.File(C://Users//Admin//Desktop//PKS//Automation Reference Point//KatalonReference.txt): null

2018-12-12 20:29:45 - [TEST_STEP][PASSED] - Statement - f2 = new java.io.FileWriter(RefNo, false): null

2018-12-12 20:29:45 - [TEST_STEP][PASSED] - Statement - f2.write(CaseReferenceNo): null

2018-12-12 20:29:45 - [TEST_STEP][PASSED] - Statement - f2.close(): null

2018-12-12 20:29:45 - [TEST_STEP][PASSED] - Statement - out.println("


" + CaseReferenceNo + "


"): null

2018-12-12 20:29:45 - [MESSAGE][PASSED] - Call Test Case 'Test Cases/Final Aug 2018 - PKS Automation/Common/Reference Number Setter' successfully

2018-12-12 20:29:45 - [TEST_STEP][PASSED] - waitForElementClickable: Object 'Object Repository/Final Object Repo/New Registration - Registration Module Pages/Third Screen - Upload Supporting Doc- Preview/Save n Continue in SIP Employee Listing Page' is clickable

2018-12-12 20:29:45 - [MESSAGE][PASSED] - Object 'Object Repository/Final Object Repo/New Registration - Registration Module Pages/Third Screen - Upload Supporting Doc- Preview/Save n Continue in SIP Employee Listing Page' is clickable

2018-12-12 20:29:45 - [TEST_STEP][PASSED] - click: Object: 'Object Repository/Final Object Repo/New Registration - Registration Module Pages/Third Screen - Upload Supporting Doc- Preview/Save n Continue in SIP Employee Listing Page' is clicked on

2018-12-12 20:29:51 - [MESSAGE][PASSED] - Object: 'Object Repository/Final Object Repo/New Registration - Registration Module Pages/Third Screen - Upload Supporting Doc- Preview/Save n Continue in SIP Employee Listing Page' is clicked on

2018-12-12 20:29:51 - [TEST_STEP][PASSED] - delay: Delayed 7 second(s)

2018-12-12 20:29:58 - [MESSAGE][PASSED] - Delayed 7 second(s)

2018-12-12 20:29:58 - [TEST_STEP][PASSED] - click: Object: 'Object Repository/Final Object Repo/New Registration - Registration Module Pages/Third Screen - Upload Supporting Doc- Preview/Add Document Button' is clicked on

2018-12-12 20:29:58 - [MESSAGE][PASSED] - Object: 'Object Repository/Final Object Repo/New Registration - Registration Module Pages/Third Screen - Upload Supporting Doc- Preview/Add Document Button' is clicked on

2018-12-12 20:29:58 - [TEST_STEP][PASSED] - delay: Delayed 30 second(s)

2018-12-12 20:30:28 - [MESSAGE][PASSED] - Delayed 30 second(s)

2018-12-12 20:30:28 - [TEST_STEP][PASSED] - click: Object: 'Object Repository/Final Object Repo/New Registration - Registration Module Pages/Third Screen - Upload Supporting Doc- Preview/Supporting Doc Please Select Drop Down' is clicked on

2018-12-12 20:30:28 - [MESSAGE][PASSED] - Object: 'Object Repository/Final Object Repo/New Registration - Registration Module Pages/Third Screen - Upload Supporting Doc- Preview/Supporting Doc Please Select Drop Down' is clicked on

2018-12-12 20:30:28 - [TEST_STEP][PASSED] - delay: Delayed 2 second(s)

2018-12-12 20:30:30 - [MESSAGE][PASSED] - Delayed 2 second(s)

2018-12-12 20:30:30 - [TEST_STEP][PASSED] - click: Object: 'Object Repository/Final Object Repo/New Registration - Registration Module Pages/Third Screen - Upload Supporting Doc- Preview/Select to Upload Form 1' is clicked on

2018-12-12 20:30:31 - [MESSAGE][PASSED] - Object: 'Object Repository/Final Object Repo/New Registration - Registration Module Pages/Third Screen - Upload Supporting Doc- Preview/Select to Upload Form 1' is clicked on

2018-12-12 20:30:31 - [TEST_STEP][PASSED] - delay: Delayed 2 second(s)

2018-12-12 20:30:33 - [MESSAGE][PASSED] - Delayed 2 second(s)

2018-12-12 20:30:33 - [TEST_STEP][PASSED] - uploadFile: File 'C:\Users\Public\Pictures\Sample Pictures\Koala.jpg' sent to object: 'Object Repository/Final Object Repo/New Registration - Registration Module Pages/Third Screen - Upload Supporting Doc- Preview/Upload File Adding'

2018-12-12 20:30:33 - [MESSAGE][PASSED] - File 'C:\Users\Public\Pictures\Sample Pictures\Koala.jpg' sent to object: 'Object Repository/Final Object Repo/New Registration - Registration Module Pages/Third Screen - Upload Supporting Doc- Preview/Upload File Adding'

2018-12-12 20:30:33 - [TEST_STEP][PASSED] - delay: Delayed 5 second(s)

2018-12-12 20:30:38 - [MESSAGE][PASSED] - Delayed 5 second(s)

2018-12-12 20:30:38 - [TEST_STEP][PASSED] - click: Object: 'Object Repository/Final Object Repo/New Registration - Registration Module Pages/Third Screen - Upload Supporting Doc- Preview/Inner Form Add Document Button' is clicked on

2018-12-12 20:30:38 - [MESSAGE][PASSED] - Object: 'Object Repository/Final Object Repo/New Registration - Registration Module Pages/Third Screen - Upload Supporting Doc- Preview/Inner Form Add Document Button' is clicked on

2018-12-12 20:30:38 - [TEST_STEP][PASSED] - delay: Delayed 3 second(s)

2018-12-12 20:30:41 - [MESSAGE][PASSED] - Delayed 3 second(s)

2018-12-12 20:30:41 - [TEST_STEP][PASSED] - click: Object: 'Object Repository/Final Object Repo/New Registration - Registration Module Pages/Third Screen - Upload Supporting Doc- Preview/Add Document Button' is clicked on

2018-12-12 20:30:42 - [MESSAGE][PASSED] - Object: 'Object Repository/Final Object Repo/New Registration - Registration Module Pages/Third Screen - Upload Supporting Doc- Preview/Add Document Button' is clicked on

2018-12-12 20:30:42 - [TEST_STEP][PASSED] - delay: Delayed 30 second(s)

2018-12-12 20:31:12 - [MESSAGE][PASSED] - Delayed 30 second(s)

2018-12-12 20:31:12 - [TEST_STEP][PASSED] - click: Object: 'Object Repository/Final Object Repo/New Registration - Registration Module Pages/Third Screen - Upload Supporting Doc- Preview/Supporting Doc Please Select Drop Down' is clicked on

2018-12-12 20:31:12 - [MESSAGE][PASSED] - Object: 'Object Repository/Final Object Repo/New Registration - Registration Module Pages/Third Screen - Upload Supporting Doc- Preview/Supporting Doc Please Select Drop Down' is clicked on

2018-12-12 20:31:12 - [TEST_STEP][PASSED] - delay: Delayed 4 second(s)

2018-12-12 20:31:16 - [MESSAGE][PASSED] - Delayed 4 second(s)

2018-12-12 20:31:16 - [TEST_STEP][PASSED] - click: Object: 'Object Repository/Final Object Repo/New Registration - Registration Module Pages/Third Screen - Upload Supporting Doc- Preview/Select to Upload Form 2' is clicked on

2018-12-12 20:31:16 - [MESSAGE][PASSED] - Object: 'Object Repository/Final Object Repo/New Registration - Registration Module Pages/Third Screen - Upload Supporting Doc- Preview/Select to Upload Form 2' is clicked on

2018-12-12 20:31:16 - [TEST_STEP][PASSED] - delay: Delayed 2 second(s)

2018-12-12 20:31:18 - [MESSAGE][PASSED] - Delayed 2 second(s)

2018-12-12 20:31:18 - [TEST_STEP][PASSED] - uploadFile: File 'C:\Users\Public\Pictures\Sample Pictures\Koala.jpg' sent to object: 'Object Repository/Final Object Repo/New Registration - Registration Module Pages/Third Screen - Upload Supporting Doc- Preview/Upload File Adding'

2018-12-12 20:31:19 - [MESSAGE][PASSED] - File 'C:\Users\Public\Pictures\Sample Pictures\Koala.jpg' sent to object: 'Object Repository/Final Object Repo/New Registration - Registration Module Pages/Third Screen - Upload Supporting Doc- Preview/Upload File Adding'

2018-12-12 20:31:19 - [TEST_STEP][PASSED] - click: Object: 'Object Repository/Final Object Repo/New Registration - Registration Module Pages/Third Screen - Upload Supporting Doc- Preview/Inner Form Add Document Button' is clicked on

2018-12-12 20:31:19 - [MESSAGE][PASSED] - Object: 'Object Repository/Final Object Repo/New Registration - Registration Module Pages/Third Screen - Upload Supporting Doc- Preview/Inner Form Add Document Button' is clicked on

2018-12-12 20:31:19 - [TEST_STEP][PASSED] - delay: Delayed 5 second(s)

2018-12-12 20:31:24 - [MESSAGE][PASSED] - Delayed 5 second(s)

2018-12-12 20:31:24 - [TEST_STEP][PASSED] - click: Object: 'Object Repository/Final Object Repo/New Registration - Registration Module Pages/Third Screen - Upload Supporting Doc- Preview/Add Document Button' is clicked on

2018-12-12 20:31:24 - [MESSAGE][PASSED] - Object: 'Object Repository/Final Object Repo/New Registration - Registration Module Pages/Third Screen - Upload Supporting Doc- Preview/Add Document Button' is clicked on

2018-12-12 20:31:24 - [TEST_STEP][PASSED] - delay: Delayed 30 second(s)

2018-12-12 20:31:54 - [MESSAGE][PASSED] - Delayed 30 second(s)

2018-12-12 20:31:54 - [TEST_STEP][PASSED] - click: Object: 'Object Repository/Final Object Repo/New Registration - Registration Module Pages/Third Screen - Upload Supporting Doc- Preview/Supporting Doc Please Select Drop Down' is clicked on

2018-12-12 20:31:54 - [MESSAGE][PASSED] - Object: 'Object Repository/Final Object Repo/New Registration - Registration Module Pages/Third Screen - Upload Supporting Doc- Preview/Supporting Doc Please Select Drop Down' is clicked on

2018-12-12 20:31:54 - [TEST_STEP][PASSED] - click: Object: 'Object Repository/Final Object Repo/New Registration - Registration Module Pages/Third Screen - Upload Supporting Doc- Preview/Select to Upload Borang SIP 1' is clicked on

2018-12-12 20:31:54 - [MESSAGE][PASSED] - Object: 'Object Repository/Final Object Repo/New Registration - Registration Module Pages/Third Screen - Upload Supporting Doc- Preview/Select to Upload Borang SIP 1' is clicked on

2018-12-12 20:31:54 - [TEST_STEP][PASSED] - delay: Delayed 2 second(s)

2018-12-12 20:31:56 - [MESSAGE][PASSED] - Delayed 2 second(s)

2018-12-12 20:31:56 - [TEST_STEP][PASSED] - uploadFile: File 'C:\Users\Public\Pictures\Sample Pictures\Koala.jpg' sent to object: 'Object Repository/Final Object Repo/New Registration - Registration Module Pages/Third Screen - Upload Supporting Doc- Preview/Upload File Adding'

2018-12-12 20:31:56 - [MESSAGE][PASSED] - File 'C:\Users\Public\Pictures\Sample Pictures\Koala.jpg' sent to object: 'Object Repository/Final Object Repo/New Registration - Registration Module Pages/Third Screen - Upload Supporting Doc- Preview/Upload File Adding'

2018-12-12 20:31:56 - [TEST_STEP][PASSED] - click: Object: 'Object Repository/Final Object Repo/New Registration - Registration Module Pages/Third Screen - Upload Supporting Doc- Preview/Inner Form Add Document Button' is clicked on

2018-12-12 20:31:57 - [MESSAGE][PASSED] - Object: 'Object Repository/Final Object Repo/New Registration - Registration Module Pages/Third Screen - Upload Supporting Doc- Preview/Inner Form Add Document Button' is clicked on

2018-12-12 20:31:57 - [TEST_STEP][PASSED] - delay: Delayed 5 second(s)

2018-12-12 20:32:02 - [MESSAGE][PASSED] - Delayed 5 second(s)

2018-12-12 20:32:02 - [TEST_STEP][PASSED] - click: Object: 'Object Repository/Final Object Repo/New Registration - Registration Module Pages/Third Screen - Upload Supporting Doc- Preview/Add Document Button' is clicked on

2018-12-12 20:32:02 - [MESSAGE][PASSED] - Object: 'Object Repository/Final Object Repo/New Registration - Registration Module Pages/Third Screen - Upload Supporting Doc- Preview/Add Document Button' is clicked on

2018-12-12 20:32:02 - [TEST_STEP][PASSED] - delay: Delayed 30 second(s)

2018-12-12 20:32:32 - [MESSAGE][PASSED] - Delayed 30 second(s)

2018-12-12 20:32:32 - [TEST_STEP][PASSED] - click: Object: 'Object Repository/Final Object Repo/New Registration - Registration Module Pages/Third Screen - Upload Supporting Doc- Preview/Supporting Doc Please Select Drop Down' is clicked on

2018-12-12 20:32:32 - [MESSAGE][PASSED] - Object: 'Object Repository/Final Object Repo/New Registration - Registration Module Pages/Third Screen - Upload Supporting Doc- Preview/Supporting Doc Please Select Drop Down' is clicked on

2018-12-12 20:32:32 - [TEST_STEP][PASSED] - delay: Delayed 3 second(s)

2018-12-12 20:32:35 - [MESSAGE][PASSED] - Delayed 3 second(s)

2018-12-12 20:32:35 - [TEST_STEP][PASSED] - click: Object: 'Object Repository/Final Object Repo/New Registration - Registration Module Pages/Third Screen - Upload Supporting Doc- Preview/Select to Upload Borang SIP 2' is clicked on

2018-12-12 20:32:35 - [MESSAGE][PASSED] - Object: 'Object Repository/Final Object Repo/New Registration - Registration Module Pages/Third Screen - Upload Supporting Doc- Preview/Select to Upload Borang SIP 2' is clicked on

2018-12-12 20:32:35 - [TEST_STEP][PASSED] - delay: Delayed 2 second(s)

2018-12-12 20:32:37 - [MESSAGE][PASSED] - Delayed 2 second(s)

2018-12-12 20:32:37 - [TEST_STEP][PASSED] - uploadFile: File 'C:\Users\Public\Pictures\Sample Pictures\Koala.jpg' sent to object: 'Object Repository/Final Object Repo/New Registration - Registration Module Pages/Third Screen - Upload Supporting Doc- Preview/Upload File Adding'

2018-12-12 20:32:37 - [MESSAGE][PASSED] - File 'C:\Users\Public\Pictures\Sample Pictures\Koala.jpg' sent to object: 'Object Repository/Final Object Repo/New Registration - Registration Module Pages/Third Screen - Upload Supporting Doc- Preview/Upload File Adding'

2018-12-12 20:32:37 - [TEST_STEP][PASSED] - delay: Delayed 5 second(s)

2018-12-12 20:32:42 - [MESSAGE][PASSED] - Delayed 5 second(s)

2018-12-12 20:32:42 - [TEST_STEP][PASSED] - click: Object: 'Object Repository/Final Object Repo/New Registration - Registration Module Pages/Third Screen - Upload Supporting Doc- Preview/Inner Form Add Document Button' is clicked on

2018-12-12 20:32:42 - [MESSAGE][PASSED] - Object: 'Object Repository/Final Object Repo/New Registration - Registration Module Pages/Third Screen - Upload Supporting Doc- Preview/Inner Form Add Document Button' is clicked on

2018-12-12 20:32:42 - [TEST_STEP][PASSED] - delay: Delayed 3 second(s)

2018-12-12 20:32:45 - [MESSAGE][PASSED] - Delayed 3 second(s)

2018-12-12 20:32:45 - [TEST_STEP][PASSED] - waitForElementClickable: Object 'Object Repository/Final Object Repo/New Registration - Registration Module Pages/Third Screen - Upload Supporting Doc- Preview/Save n Continue in Uploading Supporting Doc Page' is clickable

2018-12-12 20:32:46 - [MESSAGE][PASSED] - Object 'Object Repository/Final Object Repo/New Registration - Registration Module Pages/Third Screen - Upload Supporting Doc- Preview/Save n Continue in Uploading Supporting Doc Page' is clickable

2018-12-12 20:32:46 - [TEST_STEP][PASSED] - click: Object: 'Object Repository/Final Object Repo/New Registration - Registration Module Pages/Third Screen - Upload Supporting Doc- Preview/Save n Continue in Uploading Supporting Doc Page' is clicked on

2018-12-12 20:32:46 - [MESSAGE][PASSED] - Object: 'Object Repository/Final Object Repo/New Registration - Registration Module Pages/Third Screen - Upload Supporting Doc- Preview/Save n Continue in Uploading Supporting Doc Page' is clicked on

2018-12-12 20:32:46 - [MESSAGE][PASSED] - Call Test Case 'Test Cases/Final Aug 2018 - PKS Automation/Registration Module/New Registration/Flow of New Registration/Third Screen - Upload Supporting Doc - Preview' successfully

2018-12-12 20:32:46 - [TEST_STEP][PASSED] - callTestCase: Call Test Case 'Test Cases/Final Aug 2018 - PKS Automation/Registration Module/New Registration/Submit and Screenshot/Submit Registration and Screenshot' successfully

2018-12-12 20:32:46 - [TEST_CASE][PASSED] - Test Cases/Final Aug 2018 - PKS Automation/Registration Module/New Registration/Submit and Screenshot/Submit Registration and Screenshot: Test Cases/Final Aug 2018 - PKS Automation/Registration Module/New Registration/Submit and Screenshot/Submit Registration and Screenshot

2018-12-12 20:32:46 - [TEST_STEP][PASSED] - delay: Delayed 6 second(s)

2018-12-12 20:32:52 - [MESSAGE][PASSED] - Delayed 6 second(s)

2018-12-12 20:32:52 - [TEST_STEP][PASSED] - click: Object: 'Object Repository/Final Object Repo/New Registration - Registration Module Pages/Third Screen - Upload Supporting Doc- Preview/Preview Submit Button' is clicked on

2018-12-12 20:32:53 - [MESSAGE][PASSED] - Object: 'Object Repository/Final Object Repo/New Registration - Registration Module Pages/Third Screen - Upload Supporting Doc- Preview/Preview Submit Button' is clicked on

2018-12-12 20:32:53 - [TEST_STEP][PASSED] - delay: Delayed 2 second(s)

2018-12-12 20:32:55 - [MESSAGE][PASSED] - Delayed 2 second(s)

2018-12-12 20:32:55 - [TEST_STEP][PASSED] - click: Object: 'Object Repository/Final Object Repo/New Registration - Registration Module Pages/Third Screen - Upload Supporting Doc- Preview/Preview Submit - Confirm' is clicked on

2018-12-12 20:32:55 - [MESSAGE][PASSED] - Object: 'Object Repository/Final Object Repo/New Registration - Registration Module Pages/Third Screen - Upload Supporting Doc- Preview/Preview Submit - Confirm' is clicked on

2018-12-12 20:32:55 - [TEST_STEP][PASSED] - delay: Delayed 15 second(s)

2018-12-12 20:33:10 - [MESSAGE][PASSED] - Delayed 15 second(s)

2018-12-12 20:33:10 - [TEST_STEP][PASSED] - Statement - driver = com.kms.katalon.core.webui.driver.DriverFactory.getWebDriver(): null

2018-12-12 20:33:10 - [TEST_STEP][PASSED] - Statement - driver.manage().timeouts().implicitlyWait(10, SECONDS): null

2018-12-12 20:33:10 - [TEST_STEP][PASSED] - Statement - PresavePath = KatalonScreenshots: null

2018-12-12 20:33:10 - [TEST_STEP][PASSED] - Statement - pathPrefix = "C:\Users\Public\Pictures\Sample Pictures\Katalon Screenshots\Automate Ending Screen": null

2018-12-12 20:33:10 - [TEST_STEP][PASSED] - Statement - finalPath = <not implemented yet for class: org.codehaus.groovy.ast.expr.EmptyExpression>: null

2018-12-12 20:33:10 - [TEST_STEP][PASSED] - Statement - scrFile = driver.getScreenshotAs(FILE): null

2018-12-12 20:33:10 - [TEST_STEP][PASSED] - Statement - PreSaveFile = new java.io.File(PresavePath): null

2018-12-12 20:33:10 - [TEST_STEP][PASSED] - Statement - counter = 0: null

2018-12-12 20:33:10 - [TEST_STEP][PASSED] - Statement - If (PreSaveFile.exists()): null

2018-12-12 20:33:10 - [TEST_STEP][PASSED] - Statement - While (PreSaveFile.exists()): null

2018-12-12 20:33:10 - [TEST_STEP][PASSED] - Statement - counter = counter + 1: null

2018-12-12 20:33:10 - [TEST_STEP][PASSED] - Statement - PreSaveFile = new java.io.File(((pathPrefix + java.lang.Integer.toString(counter)) + .png)): null

2018-12-12 20:33:10 - [TEST_STEP][PASSED] - Statement - counter = counter + 1: null

2018-12-12 20:33:10 - [TEST_STEP][PASSED] - Statement - PreSaveFile = new java.io.File(((pathPrefix + java.lang.Integer.toString(counter)) + .png)): null

2018-12-12 20:33:10 - [TEST_STEP][PASSED] - Statement - counter = counter + 1: null

2018-12-12 20:33:10 - [TEST_STEP][PASSED] - Statement - PreSaveFile = new java.io.File(((pathPrefix + java.lang.Integer.toString(counter)) + .png)): null

2018-12-12 20:33:10 - [TEST_STEP][PASSED] - Statement - counter = counter + 1: null

2018-12-12 20:33:10 - [TEST_STEP][PASSED] - Statement - PreSaveFile = new java.io.File(((pathPrefix + java.lang.Integer.toString(counter)) + .png)): null

2018-12-12 20:33:10 - [TEST_STEP][PASSED] - Statement - counter = counter + 1: null

2018-12-12 20:33:10 - [TEST_STEP][PASSED] - Statement - PreSaveFile = new java.io.File(((pathPrefix + java.lang.Integer.toString(counter)) + .png)): null

2018-12-12 20:33:10 - [TEST_STEP][PASSED] - Statement - counter = counter + 1: null

2018-12-12 20:33:10 - [TEST_STEP][PASSED] - Statement - PreSaveFile = new java.io.File(((pathPrefix + java.lang.Integer.toString(counter)) + .png)): null

2018-12-12 20:33:10 - [TEST_STEP][PASSED] - Statement - counter = counter + 1: null

2018-12-12 20:33:10 - [TEST_STEP][PASSED] - Statement - PreSaveFile = new java.io.File(((pathPrefix + java.lang.Integer.toString(counter)) + .png)): null

2018-12-12 20:33:10 - [TEST_STEP][PASSED] - Statement - counter = counter + 1: null

2018-12-12 20:33:10 - [TEST_STEP][PASSED] - Statement - PreSaveFile = new java.io.File(((pathPrefix + java.lang.Integer.toString(counter)) + .png)): null

2018-12-12 20:33:10 - [TEST_STEP][PASSED] - Statement - counter = counter + 1: null

2018-12-12 20:33:10 - [TEST_STEP][PASSED] - Statement - PreSaveFile = new java.io.File(((pathPrefix + java.lang.Integer.toString(counter)) + .png)): null

2018-12-12 20:33:10 - [TEST_STEP][PASSED] - Statement - counter = counter + 1: null

2018-12-12 20:33:10 - [TEST_STEP][PASSED] - Statement - PreSaveFile = new java.io.File(((pathPrefix + java.lang.Integer.toString(counter)) + .png)): null

2018-12-12 20:33:10 - [TEST_STEP][PASSED] - Statement - counter = counter + 1: null

2018-12-12 20:33:10 - [TEST_STEP][PASSED] - Statement - PreSaveFile = new java.io.File(((pathPrefix + java.lang.Integer.toString(counter)) + .png)): null

2018-12-12 20:33:10 - [TEST_STEP][PASSED] - Statement - counter = counter + 1: null

2018-12-12 20:33:10 - [TEST_STEP][PASSED] - Statement - PreSaveFile = new java.io.File(((pathPrefix + java.lang.Integer.toString(counter)) + .png)): null

2018-12-12 20:33:10 - [TEST_STEP][PASSED] - Statement - counter = counter + 1: null

2018-12-12 20:33:10 - [TEST_STEP][PASSED] - Statement - PreSaveFile = new java.io.File(((pathPrefix + java.lang.Integer.toString(counter)) + .png)): null

2018-12-12 20:33:10 - [TEST_STEP][PASSED] - Statement - counter = counter + 1: null

2018-12-12 20:33:10 - [TEST_STEP][PASSED] - Statement - PreSaveFile = new java.io.File(((pathPrefix + java.lang.Integer.toString(counter)) + .png)): null

2018-12-12 20:33:10 - [TEST_STEP][PASSED] - Statement - counter = counter + 1: null

2018-12-12 20:33:10 - [TEST_STEP][PASSED] - Statement - PreSaveFile = new java.io.File(((pathPrefix + java.lang.Integer.toString(counter)) + .png)): null

2018-12-12 20:33:10 - [TEST_STEP][PASSED] - Statement - counter = counter + 1: null

2018-12-12 20:33:10 - [TEST_STEP][PASSED] - Statement - PreSaveFile = new java.io.File(((pathPrefix + java.lang.Integer.toString(counter)) + .png)): null

2018-12-12 20:33:10 - [TEST_STEP][PASSED] - Statement - counter = counter + 1: null

2018-12-12 20:33:10 - [TEST_STEP][PASSED] - Statement - PreSaveFile = new java.io.File(((pathPrefix + java.lang.Integer.toString(counter)) + .png)): null

2018-12-12 20:33:10 - [TEST_STEP][PASSED] - Statement - counter = counter + 1: null

2018-12-12 20:33:10 - [TEST_STEP][PASSED] - Statement - PreSaveFile = new java.io.File(((pathPrefix + java.lang.Integer.toString(counter)) + .png)): null

2018-12-12 20:33:10 - [TEST_STEP][PASSED] - Statement - counter = counter + 1: null

2018-12-12 20:33:10 - [TEST_STEP][PASSED] - Statement - PreSaveFile = new java.io.File(((pathPrefix + java.lang.Integer.toString(counter)) + .png)): null

2018-12-12 20:33:10 - [TEST_STEP][PASSED] - Statement - counter = counter + 1: null

2018-12-12 20:33:10 - [TEST_STEP][PASSED] - Statement - PreSaveFile = new java.io.File(((pathPrefix + java.lang.Integer.toString(counter)) + .png)): null

2018-12-12 20:33:10 - [TEST_STEP][PASSED] - Statement - counter = counter + 1: null

2018-12-12 20:33:10 - [TEST_STEP][PASSED] - Statement - PreSaveFile = new java.io.File(((pathPrefix + java.lang.Integer.toString(counter)) + .png)): null

2018-12-12 20:33:10 - [TEST_STEP][PASSED] - Statement - counter = counter + 1: null

2018-12-12 20:33:10 - [TEST_STEP][PASSED] - Statement - PreSaveFile = new java.io.File(((pathPrefix + java.lang.Integer.toString(counter)) + .png)): null

2018-12-12 20:33:10 - [TEST_STEP][PASSED] - Statement - counter = counter + 1: null

2018-12-12 20:33:10 - [TEST_STEP][PASSED] - Statement - PreSaveFile = new java.io.File(((pathPrefix + java.lang.Integer.toString(counter)) + .png)): null

2018-12-12 20:33:10 - [TEST_STEP][PASSED] - Statement - counter = counter + 1: null

2018-12-12 20:33:10 - [TEST_STEP][PASSED] - Statement - PreSaveFile = new java.io.File(((pathPrefix + java.lang.Integer.toString(counter)) + .png)): null

2018-12-12 20:33:10 - [TEST_STEP][PASSED] - Statement - counter = counter + 1: null

2018-12-12 20:33:10 - [TEST_STEP][PASSED] - Statement - PreSaveFile = new java.io.File(((pathPrefix + java.lang.Integer.toString(counter)) + .png)): null

2018-12-12 20:33:10 - [TEST_STEP][PASSED] - Statement - counter = counter + 1: null

2018-12-12 20:33:10 - [TEST_STEP][PASSED] - Statement - PreSaveFile = new java.io.File(((pathPrefix + java.lang.Integer.toString(counter)) + .png)): null

2018-12-12 20:33:10 - [TEST_STEP][PASSED] - Statement - counter = counter + 1: null

2018-12-12 20:33:10 - [TEST_STEP][PASSED] - Statement - PreSaveFile = new java.io.File(((pathPrefix + java.lang.Integer.toString(counter)) + .png)): null

2018-12-12 20:33:10 - [TEST_STEP][PASSED] - Statement - counter = counter + 1: null

2018-12-12 20:33:10 - [TEST_STEP][PASSED] - Statement - PreSaveFile = new java.io.File(((pathPrefix + java.lang.Integer.toString(counter)) + .png)): null

2018-12-12 20:33:10 - [TEST_STEP][PASSED] - Statement - counter = counter + 1: null

2018-12-12 20:33:10 - [TEST_STEP][PASSED] - Statement - PreSaveFile = new java.io.File(((pathPrefix + java.lang.Integer.toString(counter)) + .png)): null

2018-12-12 20:33:10 - [TEST_STEP][PASSED] - Statement - counter = counter + 1: null

2018-12-12 20:33:10 - [TEST_STEP][PASSED] - Statement - PreSaveFile = new java.io.File(((pathPrefix + java.lang.Integer.toString(counter)) + .png)): null

2018-12-12 20:33:10 - [TEST_STEP][PASSED] - Statement - counter = counter + 1: null

2018-12-12 20:33:10 - [TEST_STEP][PASSED] - Statement - PreSaveFile = new java.io.File(((pathPrefix + java.lang.Integer.toString(counter)) + .png)): null

2018-12-12 20:33:10 - [TEST_STEP][PASSED] - Statement - counter = counter + 1: null

2018-12-12 20:33:10 - [TEST_STEP][PASSED] - Statement - PreSaveFile = new java.io.File(((pathPrefix + java.lang.Integer.toString(counter)) + .png)): null

2018-12-12 20:33:10 - [TEST_STEP][PASSED] - Statement - counter = counter + 1: null

2018-12-12 20:33:10 - [TEST_STEP][PASSED] - Statement - PreSaveFile = new java.io.File(((pathPrefix + java.lang.Integer.toString(counter)) + .png)): null

2018-12-12 20:33:10 - [TEST_STEP][PASSED] - Statement - counter = counter + 1: null

2018-12-12 20:33:10 - [TEST_STEP][PASSED] - Statement - PreSaveFile = new java.io.File(((pathPrefix + java.lang.Integer.toString(counter)) + .png)): null

2018-12-12 20:33:10 - [TEST_STEP][PASSED] - Statement - counter = counter + 1: null

2018-12-12 20:33:10 - [TEST_STEP][PASSED] - Statement - PreSaveFile = new java.io.File(((pathPrefix + java.lang.Integer.toString(counter)) + .png)): null

2018-12-12 20:33:10 - [TEST_STEP][PASSED] - Statement - counter = counter + 1: null

2018-12-12 20:33:10 - [TEST_STEP][PASSED] - Statement - PreSaveFile = new java.io.File(((pathPrefix + java.lang.Integer.toString(counter)) + .png)): null

2018-12-12 20:33:10 - [TEST_STEP][PASSED] - Statement - counter = counter + 1: null

2018-12-12 20:33:10 - [TEST_STEP][PASSED] - Statement - PreSaveFile = new java.io.File(((pathPrefix + java.lang.Integer.toString(counter)) + .png)): null

2018-12-12 20:33:10 - [TEST_STEP][PASSED] - Statement - counter = counter + 1: null

2018-12-12 20:33:10 - [TEST_STEP][PASSED] - Statement - PreSaveFile = new java.io.File(((pathPrefix + java.lang.Integer.toString(counter)) + .png)): null

2018-12-12 20:33:10 - [TEST_STEP][PASSED] - Statement - counter = counter + 1: null

2018-12-12 20:33:10 - [TEST_STEP][PASSED] - Statement - PreSaveFile = new java.io.File(((pathPrefix + java.lang.Integer.toString(counter)) + .png)): null

2018-12-12 20:33:10 - [TEST_STEP][PASSED] - Statement - counter = counter + 1: null

2018-12-12 20:33:10 - [TEST_STEP][PASSED] - Statement - PreSaveFile = new java.io.File(((pathPrefix + java.lang.Integer.toString(counter)) + .png)): null

2018-12-12 20:33:10 - [TEST_STEP][PASSED] - Statement - counter = counter + 1: null

2018-12-12 20:33:10 - [TEST_STEP][PASSED] - Statement - PreSaveFile = new java.io.File(((pathPrefix + java.lang.Integer.toString(counter)) + .png)): null

2018-12-12 20:33:10 - [TEST_STEP][PASSED] - Statement - counter = counter + 1: null

2018-12-12 20:33:10 - [TEST_STEP][PASSED] - Statement - PreSaveFile = new java.io.File(((pathPrefix + java.lang.Integer.toString(counter)) + .png)): null

2018-12-12 20:33:10 - [TEST_STEP][PASSED] - Statement - counter = counter + 1: null

2018-12-12 20:33:10 - [TEST_STEP][PASSED] - Statement - PreSaveFile = new java.io.File(((pathPrefix + java.lang.Integer.toString(counter)) + .png)): null

2018-12-12 20:33:10 - [TEST_STEP][PASSED] - Statement - counter = counter + 1: null

2018-12-12 20:33:10 - [TEST_STEP][PASSED] - Statement - PreSaveFile = new java.io.File(((pathPrefix + java.lang.Integer.toString(counter)) + .png)): null

2018-12-12 20:33:10 - [TEST_STEP][PASSED] - Statement - counter = counter + 1: null

2018-12-12 20:33:10 - [TEST_STEP][PASSED] - Statement - PreSaveFile = new java.io.File(((pathPrefix + java.lang.Integer.toString(counter)) + .png)): null

2018-12-12 20:33:10 - [TEST_STEP][PASSED] - Statement - counter = counter + 1: null

2018-12-12 20:33:10 - [TEST_STEP][PASSED] - Statement - PreSaveFile = new java.io.File(((pathPrefix + java.lang.Integer.toString(counter)) + .png)): null

2018-12-12 20:33:10 - [TEST_STEP][PASSED] - Statement - counter = counter + 1: null

2018-12-12 20:33:10 - [TEST_STEP][PASSED] - Statement - PreSaveFile = new java.io.File(((pathPrefix + java.lang.Integer.toString(counter)) + .png)): null

2018-12-12 20:33:10 - [TEST_STEP][PASSED] - Statement - counter = counter + 1: null

2018-12-12 20:33:10 - [TEST_STEP][PASSED] - Statement - PreSaveFile = new java.io.File(((pathPrefix + java.lang.Integer.toString(counter)) + .png)): null

2018-12-12 20:33:10 - [TEST_STEP][PASSED] - Statement - counter = counter + 1: null

2018-12-12 20:33:10 - [TEST_STEP][PASSED] - Statement - PreSaveFile = new java.io.File(((pathPrefix + java.lang.Integer.toString(counter)) + .png)): null

2018-12-12 20:33:10 - [TEST_STEP][PASSED] - Statement - counter = counter + 1: null

2018-12-12 20:33:10 - [TEST_STEP][PASSED] - Statement - PreSaveFile = new java.io.File(((pathPrefix + java.lang.Integer.toString(counter)) + .png)): null

2018-12-12 20:33:10 - [TEST_STEP][PASSED] - Statement - counter = counter + 1: null

2018-12-12 20:33:10 - [TEST_STEP][PASSED] - Statement - PreSaveFile = new java.io.File(((pathPrefix + java.lang.Integer.toString(counter)) + .png)): null

2018-12-12 20:33:10 - [TEST_STEP][PASSED] - Statement - counter = counter + 1: null

2018-12-12 20:33:10 - [TEST_STEP][PASSED] - Statement - PreSaveFile = new java.io.File(((pathPrefix + java.lang.Integer.toString(counter)) + .png)): null

2018-12-12 20:33:10 - [TEST_STEP][PASSED] - Statement - counter = counter + 1: null

2018-12-12 20:33:10 - [TEST_STEP][PASSED] - Statement - PreSaveFile = new java.io.File(((pathPrefix + java.lang.Integer.toString(counter)) + .png)): null

2018-12-12 20:33:10 - [TEST_STEP][PASSED] - Statement - counter = counter + 1: null

2018-12-12 20:33:10 - [TEST_STEP][PASSED] - Statement - PreSaveFile = new java.io.File(((pathPrefix + java.lang.Integer.toString(counter)) + .png)): null

2018-12-12 20:33:10 - [TEST_STEP][PASSED] - Statement - counter = counter + 1: null

2018-12-12 20:33:10 - [TEST_STEP][PASSED] - Statement - PreSaveFile = new java.io.File(((pathPrefix + java.lang.Integer.toString(counter)) + .png)): null

2018-12-12 20:33:10 - [TEST_STEP][PASSED] - Statement - counter = counter + 1: null

2018-12-12 20:33:10 - [TEST_STEP][PASSED] - Statement - PreSaveFile = new java.io.File(((pathPrefix + java.lang.Integer.toString(counter)) + .png)): null

2018-12-12 20:33:10 - [TEST_STEP][PASSED] - Statement - counter = counter + 1: null

2018-12-12 20:33:10 - [TEST_STEP][PASSED] - Statement - PreSaveFile = new java.io.File(((pathPrefix + java.lang.Integer.toString(counter)) + .png)): null

2018-12-12 20:33:10 - [TEST_STEP][PASSED] - Statement - counter = counter + 1: null

2018-12-12 20:33:10 - [TEST_STEP][PASSED] - Statement - PreSaveFile = new java.io.File(((pathPrefix + java.lang.Integer.toString(counter)) + .png)): null

2018-12-12 20:33:10 - [TEST_STEP][PASSED] - Statement - counter = counter + 1: null

2018-12-12 20:33:10 - [TEST_STEP][PASSED] - Statement - PreSaveFile = new java.io.File(((pathPrefix + java.lang.Integer.toString(counter)) + .png)): null

2018-12-12 20:33:10 - [TEST_STEP][PASSED] - Statement - counter = counter + 1: null

2018-12-12 20:33:10 - [TEST_STEP][PASSED] - Statement - PreSaveFile = new java.io.File(((pathPrefix + java.lang.Integer.toString(counter)) + .png)): null

2018-12-12 20:33:10 - [TEST_STEP][PASSED] - Statement - counter = counter + 1: null

2018-12-12 20:33:10 - [TEST_STEP][PASSED] - Statement - PreSaveFile = new java.io.File(((pathPrefix + java.lang.Integer.toString(counter)) + .png)): null

2018-12-12 20:33:10 - [TEST_STEP][PASSED] - Statement - counter = counter + 1: null

2018-12-12 20:33:10 - [TEST_STEP][PASSED] - Statement - PreSaveFile = new java.io.File(((pathPrefix + java.lang.Integer.toString(counter)) + .png)): null

2018-12-12 20:33:10 - [TEST_STEP][PASSED] - Statement - counter = counter + 1: null

2018-12-12 20:33:10 - [TEST_STEP][PASSED] - Statement - PreSaveFile = new java.io.File(((pathPrefix + java.lang.Integer.toString(counter)) + .png)): null

2018-12-12 20:33:10 - [TEST_STEP][PASSED] - Statement - counter = counter + 1: null

2018-12-12 20:33:10 - [TEST_STEP][PASSED] - Statement - PreSaveFile = new java.io.File(((pathPrefix + java.lang.Integer.toString(counter)) + .png)): null

2018-12-12 20:33:10 - [TEST_STEP][PASSED] - Statement - counter = counter + 1: null

2018-12-12 20:33:10 - [TEST_STEP][PASSED] - Statement - PreSaveFile = new java.io.File(((pathPrefix + java.lang.Integer.toString(counter)) + .png)): null

2018-12-12 20:33:10 - [TEST_STEP][PASSED] - Statement - counter = counter + 1: null

2018-12-12 20:33:10 - [TEST_STEP][PASSED] - Statement - PreSaveFile = new java.io.File(((pathPrefix + java.lang.Integer.toString(counter)) + .png)): null

2018-12-12 20:33:10 - [TEST_STEP][PASSED] - Statement - counter = counter + 1: null

2018-12-12 20:33:10 - [TEST_STEP][PASSED] - Statement - PreSaveFile = new java.io.File(((pathPrefix + java.lang.Integer.toString(counter)) + .png)): null

2018-12-12 20:33:10 - [TEST_STEP][PASSED] - Statement - counter = counter + 1: null

2018-12-12 20:33:10 - [TEST_STEP][PASSED] - Statement - PreSaveFile = new java.io.File(((pathPrefix + java.lang.Integer.toString(counter)) + .png)): null

2018-12-12 20:33:10 - [TEST_STEP][PASSED] - Statement - counter = counter + 1: null

2018-12-12 20:33:10 - [TEST_STEP][PASSED] - Statement - PreSaveFile = new java.io.File(((pathPrefix + java.lang.Integer.toString(counter)) + .png)): null

2018-12-12 20:33:10 - [TEST_STEP][PASSED] - Statement - counter = counter + 1: null

2018-12-12 20:33:10 - [TEST_STEP][PASSED] - Statement - PreSaveFile = new java.io.File(((pathPrefix + java.lang.Integer.toString(counter)) + .png)): null

2018-12-12 20:33:10 - [TEST_STEP][PASSED] - Statement - counter = counter + 1: null

2018-12-12 20:33:10 - [TEST_STEP][PASSED] - Statement - PreSaveFile = new java.io.File(((pathPrefix + java.lang.Integer.toString(counter)) + .png)): null

2018-12-12 20:33:10 - [TEST_STEP][PASSED] - Statement - counter = counter + 1: null

2018-12-12 20:33:10 - [TEST_STEP][PASSED] - Statement - PreSaveFile = new java.io.File(((pathPrefix + java.lang.Integer.toString(counter)) + .png)): null

2018-12-12 20:33:10 - [TEST_STEP][PASSED] - Statement - counter = counter + 1: null

2018-12-12 20:33:10 - [TEST_STEP][PASSED] - Statement - PreSaveFile = new java.io.File(((pathPrefix + java.lang.Integer.toString(counter)) + .png)): null

2018-12-12 20:33:10 - [TEST_STEP][PASSED] - Statement - counter = counter + 1: null

2018-12-12 20:33:10 - [TEST_STEP][PASSED] - Statement - PreSaveFile = new java.io.File(((pathPrefix + java.lang.Integer.toString(counter)) + .png)): null

2018-12-12 20:33:10 - [TEST_STEP][PASSED] - Statement - counter = counter + 1: null

2018-12-12 20:33:10 - [TEST_STEP][PASSED] - Statement - PreSaveFile = new java.io.File(((pathPrefix + java.lang.Integer.toString(counter)) + .png)): null

2018-12-12 20:33:10 - [TEST_STEP][PASSED] - Statement - counter = counter + 1: null

2018-12-12 20:33:10 - [TEST_STEP][PASSED] - Statement - PreSaveFile = new java.io.File(((pathPrefix + java.lang.Integer.toString(counter)) + .png)): null

2018-12-12 20:33:10 - [TEST_STEP][PASSED] - Statement - counter = counter + 1: null

2018-12-12 20:33:10 - [TEST_STEP][PASSED] - Statement - PreSaveFile = new java.io.File(((pathPrefix + java.lang.Integer.toString(counter)) + .png)): null

2018-12-12 20:33:10 - [TEST_STEP][PASSED] - Statement - counter = counter + 1: null

2018-12-12 20:33:10 - [TEST_STEP][PASSED] - Statement - PreSaveFile = new java.io.File(((pathPrefix + java.lang.Integer.toString(counter)) + .png)): null

2018-12-12 20:33:10 - [TEST_STEP][PASSED] - Statement - counter = counter + 1: null

2018-12-12 20:33:10 - [TEST_STEP][PASSED] - Statement - PreSaveFile = new java.io.File(((pathPrefix + java.lang.Integer.toString(counter)) + .png)): null

2018-12-12 20:33:10 - [TEST_STEP][PASSED] - Statement - counter = counter + 1: null

2018-12-12 20:33:10 - [TEST_STEP][PASSED] - Statement - PreSaveFile = new java.io.File(((pathPrefix + java.lang.Integer.toString(counter)) + .png)): null

2018-12-12 20:33:10 - [TEST_STEP][PASSED] - Statement - counter = counter + 1: null

2018-12-12 20:33:10 - [TEST_STEP][PASSED] - Statement - PreSaveFile = new java.io.File(((pathPrefix + java.lang.Integer.toString(counter)) + .png)): null

2018-12-12 20:33:10 - [TEST_STEP][PASSED] - Statement - counter = counter + 1: null

2018-12-12 20:33:10 - [TEST_STEP][PASSED] - Statement - PreSaveFile = new java.io.File(((pathPrefix + java.lang.Integer.toString(counter)) + .png)): null

2018-12-12 20:33:10 - [TEST_STEP][PASSED] - Statement - counter = counter + 1: null

2018-12-12 20:33:10 - [TEST_STEP][PASSED] - Statement - PreSaveFile = new java.io.File(((pathPrefix + java.lang.Integer.toString(counter)) + .png)): null

2018-12-12 20:33:10 - [TEST_STEP][PASSED] - Statement - counter = counter + 1: null

2018-12-12 20:33:10 - [TEST_STEP][PASSED] - Statement - PreSaveFile = new java.io.File(((pathPrefix + java.lang.Integer.toString(counter)) + .png)): null

2018-12-12 20:33:10 - [TEST_STEP][PASSED] - Statement - counter = counter + 1: null

2018-12-12 20:33:10 - [TEST_STEP][PASSED] - Statement - PreSaveFile = new java.io.File(((pathPrefix + java.lang.Integer.toString(counter)) + .png)): null

2018-12-12 20:33:10 - [TEST_STEP][PASSED] - Statement - counter = counter + 1: null

2018-12-12 20:33:10 - [TEST_STEP][PASSED] - Statement - PreSaveFile = new java.io.File(((pathPrefix + java.lang.Integer.toString(counter)) + .png)): null

2018-12-12 20:33:10 - [TEST_STEP][PASSED] - Statement - counter = counter + 1: null

2018-12-12 20:33:10 - [TEST_STEP][PASSED] - Statement - PreSaveFile = new java.io.File(((pathPrefix + java.lang.Integer.toString(counter)) + .png)): null

2018-12-12 20:33:10 - [TEST_STEP][PASSED] - Statement - counter = counter + 1: null

2018-12-12 20:33:10 - [TEST_STEP][PASSED] - Statement - PreSaveFile = new java.io.File(((pathPrefix + java.lang.Integer.toString(counter)) + .png)): null

2018-12-12 20:33:10 - [TEST_STEP][PASSED] - Statement - counter = counter + 1: null

2018-12-12 20:33:10 - [TEST_STEP][PASSED] - Statement - PreSaveFile = new java.io.File(((pathPrefix + java.lang.Integer.toString(counter)) + .png)): null

2018-12-12 20:33:10 - [TEST_STEP][PASSED] - Statement - counter = counter + 1: null

2018-12-12 20:33:10 - [TEST_STEP][PASSED] - Statement - PreSaveFile = new java.io.File(((pathPrefix + java.lang.Integer.toString(counter)) + .png)): null

2018-12-12 20:33:10 - [TEST_STEP][PASSED] - Statement - counter = counter + 1: null

2018-12-12 20:33:10 - [TEST_STEP][PASSED] - Statement - PreSaveFile = new java.io.File(((pathPrefix + java.lang.Integer.toString(counter)) + .png)): null

2018-12-12 20:33:10 - [TEST_STEP][PASSED] - Statement - counter = counter + 1: null

2018-12-12 20:33:10 - [TEST_STEP][PASSED] - Statement - PreSaveFile = new java.io.File(((pathPrefix + java.lang.Integer.toString(counter)) + .png)): null

2018-12-12 20:33:10 - [TEST_STEP][PASSED] - Statement - counter = counter + 1: null

2018-12-12 20:33:10 - [TEST_STEP][PASSED] - Statement - PreSaveFile = new java.io.File(((pathPrefix + java.lang.Integer.toString(counter)) + .png)): null

2018-12-12 20:33:10 - [TEST_STEP][PASSED] - Statement - counter = counter + 1: null

2018-12-12 20:33:10 - [TEST_STEP][PASSED] - Statement - PreSaveFile = new java.io.File(((pathPrefix + java.lang.Integer.toString(counter)) + .png)): null

2018-12-12 20:33:10 - [TEST_STEP][PASSED] - Statement - counter = counter + 1: null

2018-12-12 20:33:10 - [TEST_STEP][PASSED] - Statement - PreSaveFile = new java.io.File(((pathPrefix + java.lang.Integer.toString(counter)) + .png)): null

2018-12-12 20:33:10 - [TEST_STEP][PASSED] - Statement - counter = counter + 1: null

2018-12-12 20:33:10 - [TEST_STEP][PASSED] - Statement - PreSaveFile = new java.io.File(((pathPrefix + java.lang.Integer.toString(counter)) + .png)): null

2018-12-12 20:33:10 - [TEST_STEP][PASSED] - Statement - counter = counter + 1: null

2018-12-12 20:33:10 - [TEST_STEP][PASSED] - Statement - PreSaveFile = new java.io.File(((pathPrefix + java.lang.Integer.toString(counter)) + .png)): null

2018-12-12 20:33:10 - [TEST_STEP][PASSED] - Statement - counter = counter + 1: null

2018-12-12 20:33:10 - [TEST_STEP][PASSED] - Statement - PreSaveFile = new java.io.File(((pathPrefix + java.lang.Integer.toString(counter)) + .png)): null

2018-12-12 20:33:10 - [TEST_STEP][PASSED] - Statement - counter = counter + 1: null

2018-12-12 20:33:10 - [TEST_STEP][PASSED] - Statement - PreSaveFile = new java.io.File(((pathPrefix + java.lang.Integer.toString(counter)) + .png)): null

2018-12-12 20:33:10 - [TEST_STEP][PASSED] - Statement - counter = counter + 1: null

2018-12-12 20:33:10 - [TEST_STEP][PASSED] - Statement - PreSaveFile = new java.io.File(((pathPrefix + java.lang.Integer.toString(counter)) + .png)): null

2018-12-12 20:33:10 - [TEST_STEP][PASSED] - Statement - counter = counter + 1: null

2018-12-12 20:33:10 - [TEST_STEP][PASSED] - Statement - PreSaveFile = new java.io.File(((pathPrefix + java.lang.Integer.toString(counter)) + .png)): null

2018-12-12 20:33:10 - [TEST_STEP][PASSED] - Statement - counter = counter + 1: null

2018-12-12 20:33:10 - [TEST_STEP][PASSED] - Statement - PreSaveFile = new java.io.File(((pathPrefix + java.lang.Integer.toString(counter)) + .png)): null

2018-12-12 20:33:10 - [TEST_STEP][PASSED] - Statement - counter = counter + 1: null

2018-12-12 20:33:10 - [TEST_STEP][PASSED] - Statement - PreSaveFile = new java.io.File(((pathPrefix + java.lang.Integer.toString(counter)) + .png)): null

2018-12-12 20:33:10 - [TEST_STEP][PASSED] - Statement - counter = counter + 1: null

2018-12-12 20:33:10 - [TEST_STEP][PASSED] - Statement - PreSaveFile = new java.io.File(((pathPrefix + java.lang.Integer.toString(counter)) + .png)): null

2018-12-12 20:33:10 - [TEST_STEP][PASSED] - Statement - counter = counter + 1: null

2018-12-12 20:33:10 - [TEST_STEP][PASSED] - Statement - PreSaveFile = new java.io.File(((pathPrefix + java.lang.Integer.toString(counter)) + .png)): null

2018-12-12 20:33:10 - [TEST_STEP][PASSED] - Statement - counter = counter + 1: null

2018-12-12 20:33:10 - [TEST_STEP][PASSED] - Statement - PreSaveFile = new java.io.File(((pathPrefix + java.lang.Integer.toString(counter)) + .png)): null

2018-12-12 20:33:10 - [TEST_STEP][PASSED] - Statement - counter = counter + 1: null

2018-12-12 20:33:11 - [TEST_STEP][PASSED] - Statement - PreSaveFile = new java.io.File(((pathPrefix + java.lang.Integer.toString(counter)) + .png)): null

2018-12-12 20:33:11 - [TEST_STEP][PASSED] - Statement - counter = counter + 1: null

2018-12-12 20:33:11 - [TEST_STEP][PASSED] - Statement - PreSaveFile = new java.io.File(((pathPrefix + java.lang.Integer.toString(counter)) + .png)): null

2018-12-12 20:33:11 - [TEST_STEP][PASSED] - Statement - counter = counter + 1: null

2018-12-12 20:33:11 - [TEST_STEP][PASSED] - Statement - PreSaveFile = new java.io.File(((pathPrefix + java.lang.Integer.toString(counter)) + .png)): null

2018-12-12 20:33:11 - [TEST_STEP][PASSED] - Statement - counter = counter + 1: null

2018-12-12 20:33:11 - [TEST_STEP][PASSED] - Statement - PreSaveFile = new java.io.File(((pathPrefix + java.lang.Integer.toString(counter)) + .png)): null

2018-12-12 20:33:11 - [TEST_STEP][PASSED] - Statement - counter = counter + 1: null

2018-12-12 20:33:11 - [TEST_STEP][PASSED] - Statement - PreSaveFile = new java.io.File(((pathPrefix + java.lang.Integer.toString(counter)) + .png)): null

2018-12-12 20:33:11 - [TEST_STEP][PASSED] - Statement - counter = counter + 1: null

2018-12-12 20:33:11 - [TEST_STEP][PASSED] - Statement - PreSaveFile = new java.io.File(((pathPrefix + java.lang.Integer.toString(counter)) + .png)): null

2018-12-12 20:33:11 - [TEST_STEP][PASSED] - Statement - counter = counter + 1: null

2018-12-12 20:33:11 - [TEST_STEP][PASSED] - Statement - PreSaveFile = new java.io.File(((pathPrefix + java.lang.Integer.toString(counter)) + .png)): null

2018-12-12 20:33:11 - [TEST_STEP][PASSED] - Statement - counter = counter + 1: null

2018-12-12 20:33:11 - [TEST_STEP][PASSED] - Statement - PreSaveFile = new java.io.File(((pathPrefix + java.lang.Integer.toString(counter)) + .png)): null

2018-12-12 20:33:11 - [TEST_STEP][PASSED] - Statement - counter = counter + 1: null

2018-12-12 20:33:11 - [TEST_STEP][PASSED] - Statement - PreSaveFile = new java.io.File(((pathPrefix + java.lang.Integer.toString(counter)) + .png)): null

2018-12-12 20:33:11 - [TEST_STEP][PASSED] - Statement - counter = counter + 1: null

2018-12-12 20:33:11 - [TEST_STEP][PASSED] - Statement - PreSaveFile = new java.io.File(((pathPrefix + java.lang.Integer.toString(counter)) + .png)): null

2018-12-12 20:33:11 - [TEST_STEP][PASSED] - Statement - counter = counter + 1: null

2018-12-12 20:33:11 - [TEST_STEP][PASSED] - Statement - PreSaveFile = new java.io.File(((pathPrefix + java.lang.Integer.toString(counter)) + .png)): null

2018-12-12 20:33:11 - [TEST_STEP][PASSED] - Statement - counter = counter + 1: null

2018-12-12 20:33:11 - [TEST_STEP][PASSED] - Statement - PreSaveFile = new java.io.File(((pathPrefix + java.lang.Integer.toString(counter)) + .png)): null

2018-12-12 20:33:11 - [TEST_STEP][PASSED] - Statement - counter = counter + 1: null

2018-12-12 20:33:11 - [TEST_STEP][PASSED] - Statement - PreSaveFile = new java.io.File(((pathPrefix + java.lang.Integer.toString(counter)) + .png)): null

2018-12-12 20:33:11 - [TEST_STEP][PASSED] - Statement - counter = counter + 1: null

2018-12-12 20:33:11 - [TEST_STEP][PASSED] - Statement - PreSaveFile = new java.io.File(((pathPrefix + java.lang.Integer.toString(counter)) + .png)): null

2018-12-12 20:33:11 - [TEST_STEP][PASSED] - Statement - counter = counter + 1: null

2018-12-12 20:33:11 - [TEST_STEP][PASSED] - Statement - PreSaveFile = new java.io.File(((pathPrefix + java.lang.Integer.toString(counter)) + .png)): null

2018-12-12 20:33:11 - [TEST_STEP][PASSED] - Statement - counter = counter + 1: null

2018-12-12 20:33:11 - [TEST_STEP][PASSED] - Statement - PreSaveFile = new java.io.File(((pathPrefix + java.lang.Integer.toString(counter)) + .png)): null

2018-12-12 20:33:11 - [TEST_STEP][PASSED] - Statement - counter = counter + 1: null

2018-12-12 20:33:11 - [TEST_STEP][PASSED] - Statement - PreSaveFile = new java.io.File(((pathPrefix + java.lang.Integer.toString(counter)) + .png)): null

2018-12-12 20:33:11 - [TEST_STEP][PASSED] - Statement - counter = counter + 1: null

2018-12-12 20:33:11 - [TEST_STEP][PASSED] - Statement - PreSaveFile = new java.io.File(((pathPrefix + java.lang.Integer.toString(counter)) + .png)): null

2018-12-12 20:33:11 - [TEST_STEP][PASSED] - Statement - counter = counter + 1: null

2018-12-12 20:33:11 - [TEST_STEP][PASSED] - Statement - PreSaveFile = new java.io.File(((pathPrefix + java.lang.Integer.toString(counter)) + .png)): null

2018-12-12 20:33:11 - [TEST_STEP][PASSED] - Statement - counter = counter + 1: null

2018-12-12 20:33:11 - [TEST_STEP][PASSED] - Statement - PreSaveFile = new java.io.File(((pathPrefix + java.lang.Integer.toString(counter)) + .png)): null

2018-12-12 20:33:11 - [TEST_STEP][PASSED] - Statement - counter = counter + 1: null

2018-12-12 20:33:11 - [TEST_STEP][PASSED] - Statement - PreSaveFile = new java.io.File(((pathPrefix + java.lang.Integer.toString(counter)) + .png)): null

2018-12-12 20:33:11 - [TEST_STEP][PASSED] - Statement - counter = counter + 1: null

2018-12-12 20:33:11 - [TEST_STEP][PASSED] - Statement - PreSaveFile = new java.io.File(((pathPrefix + java.lang.Integer.toString(counter)) + .png)): null

2018-12-12 20:33:11 - [TEST_STEP][PASSED] - Statement - counter = counter + 1: null

2018-12-12 20:33:11 - [TEST_STEP][PASSED] - Statement - PreSaveFile = new java.io.File(((pathPrefix + java.lang.Integer.toString(counter)) + .png)): null

2018-12-12 20:33:11 - [TEST_STEP][PASSED] - Statement - counter = counter + 1: null

2018-12-12 20:33:11 - [TEST_STEP][PASSED] - Statement - PreSaveFile = new java.io.File(((pathPrefix + java.lang.Integer.toString(counter)) + .png)): null

2018-12-12 20:33:11 - [TEST_STEP][PASSED] - Statement - counter = counter + 1: null

2018-12-12 20:33:11 - [TEST_STEP][PASSED] - Statement - PreSaveFile = new java.io.File(((pathPrefix + java.lang.Integer.toString(counter)) + .png)): null

2018-12-12 20:33:11 - [TEST_STEP][PASSED] - Statement - counter = counter + 1: null

2018-12-12 20:33:11 - [TEST_STEP][PASSED] - Statement - PreSaveFile = new java.io.File(((pathPrefix + java.lang.Integer.toString(counter)) + .png)): null

2018-12-12 20:33:11 - [TEST_STEP][PASSED] - Statement - counter = counter + 1: null

2018-12-12 20:33:11 - [TEST_STEP][PASSED] - Statement - PreSaveFile = new java.io.File(((pathPrefix + java.lang.Integer.toString(counter)) + .png)): null

2018-12-12 20:33:11 - [TEST_STEP][PASSED] - Statement - counter = counter + 1: null

2018-12-12 20:33:11 - [TEST_STEP][PASSED] - Statement - PreSaveFile = new java.io.File(((pathPrefix + java.lang.Integer.toString(counter)) + .png)): null

2018-12-12 20:33:11 - [TEST_STEP][PASSED] - Statement - counter = counter + 1: null

2018-12-12 20:33:11 - [TEST_STEP][PASSED] - Statement - PreSaveFile = new java.io.File(((pathPrefix + java.lang.Integer.toString(counter)) + .png)): null

2018-12-12 20:33:11 - [TEST_STEP][PASSED] - Statement - counter = counter + 1: null

2018-12-12 20:33:11 - [TEST_STEP][PASSED] - Statement - PreSaveFile = new java.io.File(((pathPrefix + java.lang.Integer.toString(counter)) + .png)): null

2018-12-12 20:33:11 - [TEST_STEP][PASSED] - Statement - counter = counter + 1: null

2018-12-12 20:33:11 - [TEST_STEP][PASSED] - Statement - PreSaveFile = new java.io.File(((pathPrefix + java.lang.Integer.toString(counter)) + .png)): null

2018-12-12 20:33:11 - [TEST_STEP][PASSED] - Statement - counter = counter + 1: null

2018-12-12 20:33:11 - [TEST_STEP][PASSED] - Statement - PreSaveFile = new java.io.File(((pathPrefix + java.lang.Integer.toString(counter)) + .png)): null

2018-12-12 20:33:11 - [TEST_STEP][PASSED] - Statement - counter = counter + 1: null

2018-12-12 20:33:11 - [TEST_STEP][PASSED] - Statement - PreSaveFile = new java.io.File(((pathPrefix + java.lang.Integer.toString(counter)) + .png)): null

2018-12-12 20:33:11 - [TEST_STEP][PASSED] - Statement - counter = counter + 1: null

2018-12-12 20:33:11 - [TEST_STEP][PASSED] - Statement - PreSaveFile = new java.io.File(((pathPrefix + java.lang.Integer.toString(counter)) + .png)): null

2018-12-12 20:33:11 - [TEST_STEP][PASSED] - Statement - counter = counter + 1: null

2018-12-12 20:33:11 - [TEST_STEP][PASSED] - Statement - PreSaveFile = new java.io.File(((pathPrefix + java.lang.Integer.toString(counter)) + .png)): null

2018-12-12 20:33:11 - [TEST_STEP][PASSED] - Statement - counter = counter + 1: null

2018-12-12 20:33:11 - [TEST_STEP][PASSED] - Statement - PreSaveFile = new java.io.File(((pathPrefix + java.lang.Integer.toString(counter)) + .png)): null

2018-12-12 20:33:11 - [TEST_STEP][PASSED] - Statement - counter = counter + 1: null

2018-12-12 20:33:11 - [TEST_STEP][PASSED] - Statement - PreSaveFile = new java.io.File(((pathPrefix + java.lang.Integer.toString(counter)) + .png)): null

2018-12-12 20:33:11 - [TEST_STEP][PASSED] - Statement - counter = counter + 1: null

2018-12-12 20:33:11 - [TEST_STEP][PASSED] - Statement - PreSaveFile = new java.io.File(((pathPrefix + java.lang.Integer.toString(counter)) + .png)): null

2018-12-12 20:33:11 - [TEST_STEP][PASSED] - Statement - counter = counter + 1: null

2018-12-12 20:33:11 - [TEST_STEP][PASSED] - Statement - PreSaveFile = new java.io.File(((pathPrefix + java.lang.Integer.toString(counter)) + .png)): null

2018-12-12 20:33:11 - [TEST_STEP][PASSED] - Statement - counter = counter + 1: null

2018-12-12 20:33:11 - [TEST_STEP][PASSED] - Statement - PreSaveFile = new java.io.File(((pathPrefix + java.lang.Integer.toString(counter)) + .png)): null

2018-12-12 20:33:11 - [TEST_STEP][PASSED] - Statement - counter = counter + 1: null

2018-12-12 20:33:11 - [TEST_STEP][PASSED] - Statement - PreSaveFile = new java.io.File(((pathPrefix + java.lang.Integer.toString(counter)) + .png)): null

2018-12-12 20:33:11 - [TEST_STEP][PASSED] - Statement - counter = counter + 1: null

2018-12-12 20:33:11 - [TEST_STEP][PASSED] - Statement - PreSaveFile = new java.io.File(((pathPrefix + java.lang.Integer.toString(counter)) + .png)): null

2018-12-12 20:33:11 - [TEST_STEP][PASSED] - Statement - counter = counter + 1: null

2018-12-12 20:33:11 - [TEST_STEP][PASSED] - Statement - PreSaveFile = new java.io.File(((pathPrefix + java.lang.Integer.toString(counter)) + .png)): null

2018-12-12 20:33:11 - [TEST_STEP][PASSED] - Statement - counter = counter + 1: null

2018-12-12 20:33:11 - [TEST_STEP][PASSED] - Statement - PreSaveFile = new java.io.File(((pathPrefix + java.lang.Integer.toString(counter)) + .png)): null

2018-12-12 20:33:11 - [TEST_STEP][PASSED] - Statement - counter = counter + 1: null

2018-12-12 20:33:11 - [TEST_STEP][PASSED] - Statement - PreSaveFile = new java.io.File(((pathPrefix + java.lang.Integer.toString(counter)) + .png)): null

2018-12-12 20:33:11 - [TEST_STEP][PASSED] - Statement - counter = counter + 1: null

2018-12-12 20:33:11 - [TEST_STEP][PASSED] - Statement - PreSaveFile = new java.io.File(((pathPrefix + java.lang.Integer.toString(counter)) + .png)): null

2018-12-12 20:33:11 - [TEST_STEP][PASSED] - Statement - counter = counter + 1: null

2018-12-12 20:33:11 - [TEST_STEP][PASSED] - Statement - PreSaveFile = new java.io.File(((pathPrefix + java.lang.Integer.toString(counter)) + .png)): null

2018-12-12 20:33:11 - [TEST_STEP][PASSED] - Statement - counter = counter + 1: null

2018-12-12 20:33:11 - [TEST_STEP][PASSED] - Statement - PreSaveFile = new java.io.File(((pathPrefix + java.lang.Integer.toString(counter)) + .png)): null

2018-12-12 20:33:11 - [TEST_STEP][PASSED] - Statement - counter = counter + 1: null

2018-12-12 20:33:11 - [TEST_STEP][PASSED] - Statement - PreSaveFile = new java.io.File(((pathPrefix + java.lang.Integer.toString(counter)) + .png)): null

2018-12-12 20:33:11 - [TEST_STEP][PASSED] - Statement - counter = counter + 1: null

2018-12-12 20:33:11 - [TEST_STEP][PASSED] - Statement - PreSaveFile = new java.io.File(((pathPrefix + java.lang.Integer.toString(counter)) + .png)): null

2018-12-12 20:33:11 - [TEST_STEP][PASSED] - Statement - counter = counter + 1: null

2018-12-12 20:33:11 - [TEST_STEP][PASSED] - Statement - PreSaveFile = new java.io.File(((pathPrefix + java.lang.Integer.toString(counter)) + .png)): null

2018-12-12 20:33:11 - [TEST_STEP][PASSED] - Statement - counter = counter + 1: null

2018-12-12 20:33:11 - [TEST_STEP][PASSED] - Statement - PreSaveFile = new java.io.File(((pathPrefix + java.lang.Integer.toString(counter)) + .png)): null

2018-12-12 20:33:11 - [TEST_STEP][PASSED] - Statement - counter = counter + 1: null

2018-12-12 20:33:11 - [TEST_STEP][PASSED] - Statement - PreSaveFile = new java.io.File(((pathPrefix + java.lang.Integer.toString(counter)) + .png)): null

2018-12-12 20:33:11 - [TEST_STEP][PASSED] - Statement - counter = counter + 1: null

2018-12-12 20:33:11 - [TEST_STEP][PASSED] - Statement - PreSaveFile = new java.io.File(((pathPrefix + java.lang.Integer.toString(counter)) + .png)): null

2018-12-12 20:33:11 - [TEST_STEP][PASSED] - Statement - counter = counter + 1: null

2018-12-12 20:33:11 - [TEST_STEP][PASSED] - Statement - PreSaveFile = new java.io.File(((pathPrefix + java.lang.Integer.toString(counter)) + .png)): null

2018-12-12 20:33:11 - [TEST_STEP][PASSED] - Statement - counter = counter + 1: null

2018-12-12 20:33:11 - [TEST_STEP][PASSED] - Statement - PreSaveFile = new java.io.File(((pathPrefix + java.lang.Integer.toString(counter)) + .png)): null

2018-12-12 20:33:11 - [TEST_STEP][PASSED] - Statement - counter = counter + 1: null

2018-12-12 20:33:11 - [TEST_STEP][PASSED] - Statement - PreSaveFile = new java.io.File(((pathPrefix + java.lang.Integer.toString(counter)) + .png)): null

2018-12-12 20:33:11 - [TEST_STEP][PASSED] - Statement - counter = counter + 1: null

2018-12-12 20:33:11 - [TEST_STEP][PASSED] - Statement - PreSaveFile = new java.io.File(((pathPrefix + java.lang.Integer.toString(counter)) + .png)): null

2018-12-12 20:33:11 - [TEST_STEP][PASSED] - Statement - counter = counter + 1: null

2018-12-12 20:33:11 - [TEST_STEP][PASSED] - Statement - PreSaveFile = new java.io.File(((pathPrefix + java.lang.Integer.toString(counter)) + .png)): null

2018-12-12 20:33:11 - [TEST_STEP][PASSED] - Statement - counter = counter + 1: null

2018-12-12 20:33:11 - [TEST_STEP][PASSED] - Statement - PreSaveFile = new java.io.File(((pathPrefix + java.lang.Integer.toString(counter)) + .png)): null

2018-12-12 20:33:11 - [TEST_STEP][PASSED] - Statement - counter = counter + 1: null

2018-12-12 20:33:11 - [TEST_STEP][PASSED] - Statement - PreSaveFile = new java.io.File(((pathPrefix + java.lang.Integer.toString(counter)) + .png)): null

2018-12-12 20:33:11 - [TEST_STEP][PASSED] - Statement - counter = counter + 1: null

2018-12-12 20:33:11 - [TEST_STEP][PASSED] - Statement - PreSaveFile = new java.io.File(((pathPrefix + java.lang.Integer.toString(counter)) + .png)): null

2018-12-12 20:33:11 - [TEST_STEP][PASSED] - Statement - counter = counter + 1: null

2018-12-12 20:33:11 - [TEST_STEP][PASSED] - Statement - PreSaveFile = new java.io.File(((pathPrefix + java.lang.Integer.toString(counter)) + .png)): null

2018-12-12 20:33:11 - [TEST_STEP][PASSED] - Statement - counter = counter + 1: null

2018-12-12 20:33:11 - [TEST_STEP][PASSED] - Statement - PreSaveFile = new java.io.File(((pathPrefix + java.lang.Integer.toString(counter)) + .png)): null

2018-12-12 20:33:11 - [TEST_STEP][PASSED] - Statement - counter = counter + 1: null

2018-12-12 20:33:11 - [TEST_STEP][PASSED] - Statement - PreSaveFile = new java.io.File(((pathPrefix + java.lang.Integer.toString(counter)) + .png)): null

2018-12-12 20:33:11 - [TEST_STEP][PASSED] - Statement - counter = counter + 1: null

2018-12-12 20:33:11 - [TEST_STEP][PASSED] - Statement - PreSaveFile = new java.io.File(((pathPrefix + java.lang.Integer.toString(counter)) + .png)): null

2018-12-12 20:33:11 - [TEST_STEP][PASSED] - Statement - counter = counter + 1: null

2018-12-12 20:33:11 - [TEST_STEP][PASSED] - Statement - PreSaveFile = new java.io.File(((pathPrefix + java.lang.Integer.toString(counter)) + .png)): null

2018-12-12 20:33:11 - [TEST_STEP][PASSED] - Statement - counter = counter + 1: null

2018-12-12 20:33:11 - [TEST_STEP][PASSED] - Statement - PreSaveFile = new java.io.File(((pathPrefix + java.lang.Integer.toString(counter)) + .png)): null

2018-12-12 20:33:11 - [TEST_STEP][PASSED] - Statement - counter = counter + 1: null

2018-12-12 20:33:11 - [TEST_STEP][PASSED] - Statement - PreSaveFile = new java.io.File(((pathPrefix + java.lang.Integer.toString(counter)) + .png)): null

2018-12-12 20:33:11 - [TEST_STEP][PASSED] - Statement - counter = counter + 1: null

2018-12-12 20:33:11 - [TEST_STEP][PASSED] - Statement - PreSaveFile = new java.io.File(((pathPrefix + java.lang.Integer.toString(counter)) + .png)): null

2018-12-12 20:33:11 - [TEST_STEP][PASSED] - Statement - counter = counter + 1: null

2018-12-12 20:33:11 - [TEST_STEP][PASSED] - Statement - PreSaveFile = new java.io.File(((pathPrefix + java.lang.Integer.toString(counter)) + .png)): null

2018-12-12 20:33:11 - [TEST_STEP][PASSED] - Statement - counter = counter + 1: null

2018-12-12 20:33:11 - [TEST_STEP][PASSED] - Statement - PreSaveFile = new java.io.File(((pathPrefix + java.lang.Integer.toString(counter)) + .png)): null

2018-12-12 20:33:11 - [TEST_STEP][PASSED] - Statement - counter = counter + 1: null

2018-12-12 20:33:11 - [TEST_STEP][PASSED] - Statement - PreSaveFile = new java.io.File(((pathPrefix + java.lang.Integer.toString(counter)) + .png)): null

2018-12-12 20:33:11 - [TEST_STEP][PASSED] - Statement - counter = counter + 1: null

2018-12-12 20:33:11 - [TEST_STEP][PASSED] - Statement - PreSaveFile = new java.io.File(((pathPrefix + java.lang.Integer.toString(counter)) + .png)): null

2018-12-12 20:33:11 - [TEST_STEP][PASSED] - Statement - counter = counter + 1: null

2018-12-12 20:33:11 - [TEST_STEP][PASSED] - Statement - PreSaveFile = new java.io.File(((pathPrefix + java.lang.Integer.toString(counter)) + .png)): null

2018-12-12 20:33:11 - [TEST_STEP][PASSED] - Statement - counter = counter + 1: null

2018-12-12 20:33:11 - [TEST_STEP][PASSED] - Statement - PreSaveFile = new java.io.File(((pathPrefix + java.lang.Integer.toString(counter)) + .png)): null

2018-12-12 20:33:11 - [TEST_STEP][PASSED] - Statement - counter = counter + 1: null

2018-12-12 20:33:11 - [TEST_STEP][PASSED] - Statement - PreSaveFile = new java.io.File(((pathPrefix + java.lang.Integer.toString(counter)) + .png)): null

2018-12-12 20:33:11 - [TEST_STEP][PASSED] - Statement - counter = counter + 1: null

2018-12-12 20:33:11 - [TEST_STEP][PASSED] - Statement - PreSaveFile = new java.io.File(((pathPrefix + java.lang.Integer.toString(counter)) + .png)): null

2018-12-12 20:33:11 - [TEST_STEP][PASSED] - Statement - counter = counter + 1: null

2018-12-12 20:33:11 - [TEST_STEP][PASSED] - Statement - PreSaveFile = new java.io.File(((pathPrefix + java.lang.Integer.toString(counter)) + .png)): null

2018-12-12 20:33:11 - [TEST_STEP][PASSED] - Statement - counter = counter + 1: null

2018-12-12 20:33:11 - [TEST_STEP][PASSED] - Statement - PreSaveFile = new java.io.File(((pathPrefix + java.lang.Integer.toString(counter)) + .png)): null

2018-12-12 20:33:11 - [TEST_STEP][PASSED] - Statement - finalPath = pathPrefix + java.lang.Integer.toString(counter) + ".png": null

2018-12-12 20:33:11 - [TEST_STEP][PASSED] - Statement - SaveFile = new java.io.File(finalPath): null

2018-12-12 20:33:11 - [TEST_STEP][PASSED] - Statement - Try: null

2018-12-12 20:33:11 - [TEST_STEP][PASSED] - Statement - org.apache.commons.io.FileUtils.copyFile(scrFile, SaveFile): null

2018-12-12 20:33:11 - [TEST_STEP][PASSED] - Statement - out.println("file kept"): null

2018-12-12 20:33:11 - [TEST_STEP][PASSED] - delay: Delayed 10 second(s)

2018-12-12 20:33:21 - [MESSAGE][PASSED] - Delayed 10 second(s)

2018-12-12 20:33:21 - [MESSAGE][PASSED] - Call Test Case 'Test Cases/Final Aug 2018 - PKS Automation/Registration Module/New Registration/Submit and Screenshot/Submit Registration and Screenshot' successfully

2018-12-12 20:33:21 - [TEST_STEP][PASSED] - callTestCase: Call Test Case 'Test Cases/Final Aug 2018 - PKS Automation/Registration Module/Log Out/log out avoiding katalon tagging' successfully

2018-12-12 20:33:21 - [TEST_CASE][PASSED] - Test Cases/Final Aug 2018 - PKS Automation/Registration Module/Log Out/log out avoiding katalon tagging: Test Cases/Final Aug 2018 - PKS Automation/Registration Module/Log Out/log out avoiding katalon tagging

2018-12-12 20:33:21 - [TEST_STEP][PASSED] - navigateToUrl: Navigate to 'https://assist2-uat.perkeso.gov.my/c/portal/logout' successfully

2018-12-12 20:33:22 - [MESSAGE][PASSED] - Navigate to 'https://assist2-uat.perkeso.gov.my/c/portal/logout' successfully

2018-12-12 20:33:22 - [MESSAGE][PASSED] - Call Test Case 'Test Cases/Final Aug 2018 - PKS Automation/Registration Module/Log Out/log out avoiding katalon tagging' successfully

2018-12-12 20:33:22 - [TEST_STEP][PASSED] - callTestCase: Call Test Case 'Test Cases/Final Aug 2018 - PKS Automation/Common/Workflow Owner Finder' successfully

2018-12-12 20:33:22 - [TEST_CASE][PASSED] - Test Cases/Final Aug 2018 - PKS Automation/Common/Workflow Owner Finder: Test Cases/Final Aug 2018 - PKS Automation/Common/Workflow Owner Finder

2018-12-12 20:33:22 - [TEST_STEP][PASSED] - openBrowser: Browser is opened with url: ''

2018-12-12 20:33:22 - [MESSAGE][WARNING] - A browser is already opened. Closing browser and opening a new one

2018-12-12 20:33:26 - [MESSAGE][PASSED] - Browser is opened with url: ''

2018-12-12 20:33:26 - [TEST_STEP][PASSED] - navigateToUrl: Navigate to 'https://assist2-uat.perkeso.gov.my/login' successfully

2018-12-12 20:33:27 - [MESSAGE][PASSED] - Navigate to 'https://assist2-uat.perkeso.gov.my/login' successfully

2018-12-12 20:33:27 - [TEST_STEP][PASSED] - delay: Delayed 5 second(s)

2018-12-12 20:33:32 - [MESSAGE][PASSED] - Delayed 5 second(s)

2018-12-12 20:33:32 - [TEST_STEP][PASSED] - setText: Text 'test@liferay.com' is set on object 'Object Repository/Final Object Repo/Login Page/Internal User/Email Address'

2018-12-12 20:33:32 - [MESSAGE][PASSED] - Text 'test@liferay.com' is set on object 'Object Repository/Final Object Repo/Login Page/Internal User/Email Address'

2018-12-12 20:33:32 - [TEST_STEP][PASSED] - click: Object: 'Object Repository/Final Object Repo/Login Page/Internal User/Next Button' is clicked on

2018-12-12 20:33:32 - [MESSAGE][PASSED] - Object: 'Object Repository/Final Object Repo/Login Page/Internal User/Next Button' is clicked on

2018-12-12 20:33:32 - [TEST_STEP][PASSED] - delay: Delayed 2 second(s)

2018-12-12 20:33:34 - [MESSAGE][PASSED] - Delayed 2 second(s)

2018-12-12 20:33:34 - [TEST_STEP][PASSED] - setText: Text 'test' is set on object 'Object Repository/Final Object Repo/Login Page/Internal User/Password'

2018-12-12 20:33:35 - [MESSAGE][PASSED] - Text 'test' is set on object 'Object Repository/Final Object Repo/Login Page/Internal User/Password'

2018-12-12 20:33:35 - [TEST_STEP][PASSED] - delay: Delayed 2 second(s)

2018-12-12 20:33:37 - [MESSAGE][PASSED] - Delayed 2 second(s)

2018-12-12 20:33:37 - [TEST_STEP][PASSED] - click: Object: 'Object Repository/Final Object Repo/Login Page/Internal User/Login Button' is clicked on

2018-12-12 20:33:37 - [MESSAGE][PASSED] - Object: 'Object Repository/Final Object Repo/Login Page/Internal User/Login Button' is clicked on

2018-12-12 20:33:37 - [TEST_STEP][PASSED] - Statement - tester = com.kms.katalon.core.testobject.ObjectRepository.findTestObject(Final Object Repo/Landing Page/Select to English): Finding Test Object with id 'Object Repository/Final Object Repo/Landing Page/Select to English'

2018-12-12 20:33:37 - [TEST_STEP][PASSED] - Statement - Try: Delayed 2 second(s)

2018-12-12 20:33:37 - [TEST_STEP][PASSED] - Statement - Checker = com.kms.katalon.core.webui.keyword.WebUiBuiltInKeywords.verifyElementNotPresent(tester, 3): Web element with id: 'Object Repository/Final Object Repo/Landing Page/Select to English' located by 'By.xpath: //a[@class = 'taglib-language-list-text' and @lang = 'en-US' and (contains(text(), 'EN') or contains(., 'EN'))]' is not present after '3' second(s)

2018-12-12 20:33:39 - [MESSAGE][PASSED] - Web element with id: 'Object Repository/Final Object Repo/Landing Page/Select to English' located by 'By.xpath: //a[@class = 'taglib-language-list-text' and @lang = 'en-US' and (contains(text(), 'EN') or contains(., 'EN'))]' is not present after '3' second(s)

2018-12-12 20:33:39 - [TEST_STEP][PASSED] - Statement - If (Checker == false): null

2018-12-12 20:33:39 - [TEST_STEP][PASSED] - delay: Delayed 2 second(s)

2018-12-12 20:33:41 - [MESSAGE][PASSED] - Delayed 2 second(s)

2018-12-12 20:33:41 - [TEST_STEP][PASSED] - delay: Delayed 5 second(s)

2018-12-12 20:33:46 - [MESSAGE][PASSED] - Delayed 5 second(s)

2018-12-12 20:33:46 - [TEST_STEP][PASSED] - mouseOver: Object: 'Object Repository/Final Object Repo/Landing Page/WorkFlow Menu' is hovered

2018-12-12 20:33:46 - [MESSAGE][PASSED] - Object: 'Object Repository/Final Object Repo/Landing Page/WorkFlow Menu' is hovered

2018-12-12 20:33:46 - [TEST_STEP][PASSED] - delay: Delayed 2 second(s)

2018-12-12 20:33:48 - [MESSAGE][PASSED] - Delayed 2 second(s)

2018-12-12 20:33:48 - [TEST_STEP][PASSED] - click: Object: 'Object Repository/Final Object Repo/Landing Page/Select to Workflow Listing' is clicked on

2018-12-12 20:33:49 - [MESSAGE][PASSED] - Object: 'Object Repository/Final Object Repo/Landing Page/Select to Workflow Listing' is clicked on

2018-12-12 20:33:49 - [TEST_STEP][PASSED] - delay: Delayed 2 second(s)

2018-12-12 20:33:51 - [MESSAGE][PASSED] - Delayed 2 second(s)

2018-12-12 20:33:51 - [TEST_STEP][PASSED] - click: Object: 'Object Repository/Final Object Repo/WorkFlow Listing Page/Search Information - To Put Ref No' is clicked on

2018-12-12 20:33:51 - [MESSAGE][PASSED] - Object: 'Object Repository/Final Object Repo/WorkFlow Listing Page/Search Information - To Put Ref No' is clicked on

2018-12-12 20:33:51 - [TEST_STEP][PASSED] - delay: Delayed 2 second(s)

2018-12-12 20:33:53 - [MESSAGE][PASSED] - Delayed 2 second(s)

2018-12-12 20:33:53 - [TEST_STEP][PASSED] - callTestCase: Call Test Case 'Test Cases/Final Aug 2018 - PKS Automation/Common/Reference Number Getter' successfully

2018-12-12 20:33:53 - [TEST_CASE][PASSED] - Test Cases/Final Aug 2018 - PKS Automation/Common/Reference Number Getter: Test Cases/Final Aug 2018 - PKS Automation/Common/Reference Number Getter

2018-12-12 20:33:53 - [TEST_STEP][PASSED] - Statement - Try: null

2018-12-12 20:33:53 - [TEST_STEP][PASSED] - Statement - RefNo = new java.io.File(C://Users//Admin//Desktop//PKS//Automation Reference Point//KatalonReference.txt): null

2018-12-12 20:33:53 - [TEST_STEP][PASSED] - Statement - bufferread = new java.io.BufferedReader(new java.io.FileReader(RefNo)): null

2018-12-12 20:33:53 - [TEST_STEP][PASSED] - Statement - readedVal = bufferread.readLine(): null

2018-12-12 20:33:53 - [TEST_STEP][PASSED] - Statement - out.println(CaseReferenceNo): null

2018-12-12 20:33:53 - [TEST_STEP][PASSED] - Statement - out.println(readedVal): null

2018-12-12 20:33:53 - [TEST_STEP][PASSED] - Statement - CaseReferenceNo = "": null

2018-12-12 20:33:53 - [TEST_STEP][PASSED] - Statement - CaseReferenceNo = readedVal: null

2018-12-12 20:33:53 - [MESSAGE][PASSED] - Call Test Case 'Test Cases/Final Aug 2018 - PKS Automation/Common/Reference Number Getter' successfully

2018-12-12 20:33:53 - [TEST_STEP][PASSED] - setText: Text 'CRN12201800123236' is set on object 'Object Repository/Final Object Repo/WorkFlow Listing Page/Ref No Set Text'

2018-12-12 20:33:53 - [MESSAGE][PASSED] - Text 'CRN12201800123236' is set on object 'Object Repository/Final Object Repo/WorkFlow Listing Page/Ref No Set Text'

2018-12-12 20:33:53 - [TEST_STEP][PASSED] - delay: Delayed 2 second(s)

2018-12-12 20:33:55 - [MESSAGE][PASSED] - Delayed 2 second(s)

2018-12-12 20:33:55 - [TEST_STEP][PASSED] - click: Object: 'Object Repository/Final Object Repo/WorkFlow Listing Page/Search Ref No Search Button' is clicked on

2018-12-12 20:33:55 - [MESSAGE][PASSED] - Object: 'Object Repository/Final Object Repo/WorkFlow Listing Page/Search Ref No Search Button' is clicked on

2018-12-12 20:33:55 - [TEST_STEP][PASSED] - delay: Delayed 6 second(s)

2018-12-12 20:34:01 - [MESSAGE][PASSED] - Delayed 6 second(s)

2018-12-12 20:34:01 - [TEST_STEP][PASSED] - click: Object: 'Object Repository/Final Object Repo/WorkFlow Listing Page/Click Continue Tooltip' is clicked on

2018-12-12 20:34:02 - [MESSAGE][PASSED] - Object: 'Object Repository/Final Object Repo/WorkFlow Listing Page/Click Continue Tooltip' is clicked on

2018-12-12 20:34:02 - [TEST_STEP][PASSED] - delay: Delayed 5 second(s)

2018-12-12 20:34:07 - [MESSAGE][PASSED] - Delayed 5 second(s)

2018-12-12 20:34:07 - [TEST_STEP][PASSED] - doubleClick: Object: 'Object Repository/Final Object Repo/WorkFlow Listing Page/Workflow Found - Listing 1' is double clicked on

2018-12-12 20:34:07 - [MESSAGE][PASSED] - Object: 'Object Repository/Final Object Repo/WorkFlow Listing Page/Workflow Found - Listing 1' is double clicked on

2018-12-12 20:34:07 - [TEST_STEP][PASSED] - Statement - println(OwnerID): null

2018-12-12 20:34:07 - [TEST_STEP][PASSED] - Statement - OwnerID = com.kms.katalon.core.webui.keyword.WebUiBuiltInKeywords.getText(com.kms.katalon.core.testobject.ObjectRepository.findTestObject(Final Object Repo/WorkFlow Listing Page/Workflow Found - Listing 1), STOP_ON_FAILURE): Text of object 'Object Repository/Final Object Repo/WorkFlow Listing Page/Workflow Found - Listing 1' is: 'KLpkrbo3'

2018-12-12 20:34:08 - [MESSAGE][PASSED] - Text of object 'Object Repository/Final Object Repo/WorkFlow Listing Page/Workflow Found - Listing 1' is: 'KLpkrbo3'

2018-12-12 20:34:08 - [TEST_STEP][PASSED] - Statement - OwnerID = OwnerID.toLowerCase() + "@gmail.com": null

2018-12-12 20:34:08 - [TEST_STEP][PASSED] - Statement - println(OwnerID): null

2018-12-12 20:34:08 - [TEST_STEP][PASSED] - delay: Delayed 2 second(s)

2018-12-12 20:34:10 - [MESSAGE][PASSED] - Delayed 2 second(s)

2018-12-12 20:34:10 - [MESSAGE][PASSED] - Call Test Case 'Test Cases/Final Aug 2018 - PKS Automation/Common/Workflow Owner Finder' successfully

2018-12-12 20:34:10 - [TEST_STEP][PASSED] - callTestCase: Call Test Case 'Test Cases/Final Aug 2018 - PKS Automation/Registration Module/Log Out/log out avoiding katalon tagging' successfully

2018-12-12 20:34:10 - [TEST_CASE][PASSED] - Test Cases/Final Aug 2018 - PKS Automation/Registration Module/Log Out/log out avoiding katalon tagging: Test Cases/Final Aug 2018 - PKS Automation/Registration Module/Log Out/log out avoiding katalon tagging

2018-12-12 20:34:10 - [TEST_STEP][PASSED] - navigateToUrl: Navigate to 'https://assist2-uat.perkeso.gov.my/c/portal/logout' successfully

2018-12-12 20:34:10 - [MESSAGE][PASSED] - Navigate to 'https://assist2-uat.perkeso.gov.my/c/portal/logout' successfully

2018-12-12 20:34:10 - [MESSAGE][PASSED] - Call Test Case 'Test Cases/Final Aug 2018 - PKS Automation/Registration Module/Log Out/log out avoiding katalon tagging' successfully

2018-12-12 20:34:10 - [TEST_STEP][PASSED] - delay: Delayed 2 second(s)

2018-12-12 20:34:12 - [MESSAGE][PASSED] - Delayed 2 second(s)

2018-12-12 20:34:12 - [TEST_STEP][PASSED] - setText: Text 'klpkrbo3@gmail.com' is set on object 'Object Repository/Final Object Repo/New Registration - Registration Module Pages/New Reg - OTC to RO/Special Case - All Related Objects/Email TextBox'

2018-12-12 20:34:13 - [MESSAGE][PASSED] - Text 'klpkrbo3@gmail.com' is set on object 'Object Repository/Final Object Repo/New Registration - Registration Module Pages/New Reg - OTC to RO/Special Case - All Related Objects/Email TextBox'

2018-12-12 20:34:13 - [TEST_STEP][PASSED] - click: Object: 'Object Repository/Final Object Repo/New Registration - Registration Module Pages/New Reg - OTC to RO/Special Case - All Related Objects/Next Button' is clicked on

2018-12-12 20:34:13 - [MESSAGE][PASSED] - Object: 'Object Repository/Final Object Repo/New Registration - Registration Module Pages/New Reg - OTC to RO/Special Case - All Related Objects/Next Button' is clicked on

2018-12-12 20:34:13 - [TEST_STEP][PASSED] - delay: Delayed 2 second(s)

2018-12-12 20:34:15 - [MESSAGE][PASSED] - Delayed 2 second(s)

2018-12-12 20:34:15 - [TEST_STEP][PASSED] - setText: Text 'Test1@3456789' is set on object 'Object Repository/Final Object Repo/New Registration - Registration Module Pages/New Reg - OTC to RO/Special Case - All Related Objects/Password TextBox'

2018-12-12 20:34:15 - [MESSAGE][PASSED] - Text 'Test1@3456789' is set on object 'Object Repository/Final Object Repo/New Registration - Registration Module Pages/New Reg - OTC to RO/Special Case - All Related Objects/Password TextBox'

2018-12-12 20:34:15 - [TEST_STEP][PASSED] - delay: Delayed 2 second(s)

2018-12-12 20:34:17 - [MESSAGE][PASSED] - Delayed 2 second(s)

2018-12-12 20:34:17 - [TEST_STEP][PASSED] - click: Object: 'Object Repository/Final Object Repo/New Registration - Registration Module Pages/New Reg - OTC to RO/Special Case - All Related Objects/Login Button' is clicked on

2018-12-12 20:34:17 - [MESSAGE][PASSED] - Object: 'Object Repository/Final Object Repo/New Registration - Registration Module Pages/New Reg - OTC to RO/Special Case - All Related Objects/Login Button' is clicked on

2018-12-12 20:34:17 - [TEST_STEP][PASSED] - delay: Delayed 2 second(s)

2018-12-12 20:34:19 - [MESSAGE][PASSED] - Delayed 2 second(s)

2018-12-12 20:34:19 - [TEST_STEP][PASSED] - Statement - Try: null

2018-12-12 20:34:19 - [TEST_STEP][PASSED] - Statement - Checker = com.kms.katalon.core.webui.keyword.WebUiBuiltInKeywords.verifyElementNotPresent("Final Object Repo/Landing Page/Select to English", 3): null

2018-12-12 20:34:19 - [TEST_STEP][PASSED] - Statement - Catch (Exception e): null

2018-12-12 20:34:19 - [TEST_STEP][PASSED] - Statement - e.printStackTrace(): null

2018-12-12 20:34:19 - [TEST_STEP][PASSED] - click: Object: 'Object Repository/Final Object Repo/New Registration - Registration Module Pages/New Reg - OTC to RO/Special Case - All Related Objects/Expand to Search' is clicked on

2018-12-12 20:34:20 - [MESSAGE][PASSED] - Object: 'Object Repository/Final Object Repo/New Registration - Registration Module Pages/New Reg - OTC to RO/Special Case - All Related Objects/Expand to Search' is clicked on

2018-12-12 20:34:20 - [TEST_STEP][PASSED] - delay: Delayed 2 second(s)

2018-12-12 20:34:22 - [MESSAGE][PASSED] - Delayed 2 second(s)

2018-12-12 20:34:22 - [TEST_STEP][PASSED] - setText: Text 'CRN12201800123236' is set on object 'Object Repository/Final Object Repo/New Registration - Registration Module Pages/New Reg - OTC to RO/Special Case - All Related Objects/TextBox RefNo in Workbasket'

2018-12-12 20:34:22 - [MESSAGE][PASSED] - Text 'CRN12201800123236' is set on object 'Object Repository/Final Object Repo/New Registration - Registration Module Pages/New Reg - OTC to RO/Special Case - All Related Objects/TextBox RefNo in Workbasket'

2018-12-12 20:34:22 - [TEST_STEP][PASSED] - delay: Delayed 2 second(s)

2018-12-12 20:34:24 - [MESSAGE][PASSED] - Delayed 2 second(s)

2018-12-12 20:34:24 - [TEST_STEP][PASSED] - click: Object: 'Object Repository/Final Object Repo/New Registration - Registration Module Pages/New Reg - OTC to RO/Special Case - All Related Objects/Click Search' is clicked on

2018-12-12 20:34:24 - [MESSAGE][PASSED] - Object: 'Object Repository/Final Object Repo/New Registration - Registration Module Pages/New Reg - OTC to RO/Special Case - All Related Objects/Click Search' is clicked on

2018-12-12 20:34:24 - [TEST_STEP][PASSED] - delay: Delayed 2 second(s)

2018-12-12 20:34:26 - [MESSAGE][PASSED] - Delayed 2 second(s)

2018-12-12 20:34:26 - [TEST_STEP][PASSED] - click: Object: 'Object Repository/Final Object Repo/New Registration - Registration Module Pages/New Reg - OTC to RO/Special Case - All Related Objects/Click to Continue Workflow' is clicked on

2018-12-12 20:34:28 - [MESSAGE][PASSED] - Object: 'Object Repository/Final Object Repo/New Registration - Registration Module Pages/New Reg - OTC to RO/Special Case - All Related Objects/Click to Continue Workflow' is clicked on

2018-12-12 20:34:28 - [TEST_STEP][PASSED] - delay: Delayed 2 second(s)

2018-12-12 20:34:30 - [MESSAGE][PASSED] - Delayed 2 second(s)

2018-12-12 20:34:30 - [TEST_STEP][PASSED] - click: Object: 'Object Repository/Final Object Repo/New Registration - Registration Module Pages/New Reg - OTC to RO/Special Case - All Related Objects/Form 1 Save n Continue' is clicked on

2018-12-12 20:34:30 - [MESSAGE][PASSED] - Object: 'Object Repository/Final Object Repo/New Registration - Registration Module Pages/New Reg - OTC to RO/Special Case - All Related Objects/Form 1 Save n Continue' is clicked on

2018-12-12 20:34:30 - [TEST_STEP][PASSED] - delay: Delayed 5 second(s)

2018-12-12 20:34:35 - [MESSAGE][PASSED] - Delayed 5 second(s)

2018-12-12 20:34:35 - [TEST_STEP][PASSED] - click: Object: 'Object Repository/Final Object Repo/New Registration - Registration Module Pages/New Reg - OTC to RO/Special Case - OTC - Form 1/Confirm No Flagging as Branch' is clicked on

2018-12-12 20:34:35 - [MESSAGE][PASSED] - Object: 'Object Repository/Final Object Repo/New Registration - Registration Module Pages/New Reg - OTC to RO/Special Case - OTC - Form 1/Confirm No Flagging as Branch' is clicked on

2018-12-12 20:34:35 - [TEST_STEP][PASSED] - delay: Delayed 2 second(s)

2018-12-12 20:34:37 - [MESSAGE][PASSED] - Delayed 2 second(s)

2018-12-12 20:34:37 - [TEST_STEP][PASSED] - click: Object: 'Object Repository/Final Object Repo/New Registration - Registration Module Pages/New Reg - OTC to RO/Special Case - All Related Objects/Form 2 Save n Continue' is clicked on

2018-12-12 20:34:37 - [MESSAGE][PASSED] - Object: 'Object Repository/Final Object Repo/New Registration - Registration Module Pages/New Reg - OTC to RO/Special Case - All Related Objects/Form 2 Save n Continue' is clicked on

2018-12-12 20:34:37 - [TEST_STEP][PASSED] - delay: Delayed 2 second(s)

2018-12-12 20:34:39 - [MESSAGE][PASSED] - Delayed 2 second(s)

2018-12-12 20:34:39 - [TEST_STEP][PASSED] - click: Object: 'Object Repository/Final Object Repo/New Registration - Registration Module Pages/New Reg - OTC to RO/Special Case - All Related Objects/Third Screen Save n Continue' is clicked on

2018-12-12 20:34:44 - [MESSAGE][PASSED] - Object: 'Object Repository/Final Object Repo/New Registration - Registration Module Pages/New Reg - OTC to RO/Special Case - All Related Objects/Third Screen Save n Continue' is clicked on

2018-12-12 20:34:44 - [TEST_STEP][PASSED] - delay: Delayed 5 second(s)

2018-12-12 20:34:49 - [MESSAGE][PASSED] - Delayed 5 second(s)

2018-12-12 20:34:49 - [TEST_STEP][PASSED] - click: Object: 'Object Repository/Final Object Repo/New Registration - Registration Module Pages/New Reg - OTC to RO/Special Case - All Related Objects/Upload Doc Page Save n Continue' is clicked on

2018-12-12 20:34:50 - [MESSAGE][PASSED] - Object: 'Object Repository/Final Object Repo/New Registration - Registration Module Pages/New Reg - OTC to RO/Special Case - All Related Objects/Upload Doc Page Save n Continue' is clicked on

2018-12-12 20:34:50 - [TEST_STEP][PASSED] - callTestCase: Call Test Case 'Test Cases/Final Aug 2018 - PKS Automation/Registration Module/New Registration/Submit and Screenshot/Submit Registration and Screenshot' successfully

2018-12-12 20:34:50 - [TEST_CASE][PASSED] - Test Cases/Final Aug 2018 - PKS Automation/Registration Module/New Registration/Submit and Screenshot/Submit Registration and Screenshot: Test Cases/Final Aug 2018 - PKS Automation/Registration Module/New Registration/Submit and Screenshot/Submit Registration and Screenshot

2018-12-12 20:34:50 - [TEST_STEP][PASSED] - delay: Delayed 6 second(s)

2018-12-12 20:34:56 - [MESSAGE][PASSED] - Delayed 6 second(s)

2018-12-12 20:34:56 - [TEST_STEP][PASSED] - click: Object: 'Object Repository/Final Object Repo/New Registration - Registration Module Pages/Third Screen - Upload Supporting Doc- Preview/Preview Submit Button' is clicked on

2018-12-12 20:34:56 - [MESSAGE][PASSED] - Object: 'Object Repository/Final Object Repo/New Registration - Registration Module Pages/Third Screen - Upload Supporting Doc- Preview/Preview Submit Button' is clicked on

2018-12-12 20:34:56 - [TEST_STEP][PASSED] - delay: Delayed 2 second(s)

2018-12-12 20:34:58 - [MESSAGE][PASSED] - Delayed 2 second(s)

2018-12-12 20:34:58 - [TEST_STEP][PASSED] - click: Object: 'Object Repository/Final Object Repo/New Registration - Registration Module Pages/Third Screen - Upload Supporting Doc- Preview/Preview Submit - Confirm' is clicked on

2018-12-12 20:34:58 - [MESSAGE][PASSED] - Object: 'Object Repository/Final Object Repo/New Registration - Registration Module Pages/Third Screen - Upload Supporting Doc- Preview/Preview Submit - Confirm' is clicked on

2018-12-12 20:34:58 - [TEST_STEP][PASSED] - delay: Delayed 15 second(s)

2018-12-12 20:35:13 - [MESSAGE][PASSED] - Delayed 15 second(s)

2018-12-12 20:35:13 - [TEST_STEP][PASSED] - Statement - driver = com.kms.katalon.core.webui.driver.DriverFactory.getWebDriver(): null

2018-12-12 20:35:13 - [TEST_STEP][PASSED] - Statement - driver.manage().timeouts().implicitlyWait(10, SECONDS): null

2018-12-12 20:35:13 - [TEST_STEP][PASSED] - Statement - PresavePath = KatalonScreenshots: null

2018-12-12 20:35:13 - [TEST_STEP][PASSED] - Statement - pathPrefix = "C:\Users\Public\Pictures\Sample Pictures\Katalon Screenshots\Automate Ending Screen": null

2018-12-12 20:35:13 - [TEST_STEP][PASSED] - Statement - finalPath = <not implemented yet for class: org.codehaus.groovy.ast.expr.EmptyExpression>: null

2018-12-12 20:35:13 - [TEST_STEP][PASSED] - Statement - scrFile = driver.getScreenshotAs(FILE): null

2018-12-12 20:35:13 - [TEST_STEP][PASSED] - Statement - PreSaveFile = new java.io.File(PresavePath): null

2018-12-12 20:35:13 - [TEST_STEP][PASSED] - Statement - counter = 0: null

2018-12-12 20:35:13 - [TEST_STEP][PASSED] - Statement - If (PreSaveFile.exists()): null

2018-12-12 20:35:13 - [TEST_STEP][PASSED] - Statement - While (PreSaveFile.exists()): null

2018-12-12 20:35:13 - [TEST_STEP][PASSED] - Statement - counter = counter + 1: null

2018-12-12 20:35:13 - [TEST_STEP][PASSED] - Statement - PreSaveFile = new java.io.File(((pathPrefix + java.lang.Integer.toString(counter)) + .png)): null

2018-12-12 20:35:13 - [TEST_STEP][PASSED] - Statement - counter = counter + 1: null

2018-12-12 20:35:13 - [TEST_STEP][PASSED] - Statement - PreSaveFile = new java.io.File(((pathPrefix + java.lang.Integer.toString(counter)) + .png)): null

2018-12-12 20:35:13 - [TEST_STEP][PASSED] - Statement - counter = counter + 1: null

2018-12-12 20:35:13 - [TEST_STEP][PASSED] - Statement - PreSaveFile = new java.io.File(((pathPrefix + java.lang.Integer.toString(counter)) + .png)): null

2018-12-12 20:35:13 - [TEST_STEP][PASSED] - Statement - counter = counter + 1: null

2018-12-12 20:35:13 - [TEST_STEP][PASSED] - Statement - PreSaveFile = new java.io.File(((pathPrefix + java.lang.Integer.toString(counter)) + .png)): null

2018-12-12 20:35:13 - [TEST_STEP][PASSED] - Statement - counter = counter + 1: null

2018-12-12 20:35:13 - [TEST_STEP][PASSED] - Statement - PreSaveFile = new java.io.File(((pathPrefix + java.lang.Integer.toString(counter)) + .png)): null

2018-12-12 20:35:13 - [TEST_STEP][PASSED] - Statement - counter = counter + 1: null

2018-12-12 20:35:13 - [TEST_STEP][PASSED] - Statement - PreSaveFile = new java.io.File(((pathPrefix + java.lang.Integer.toString(counter)) + .png)): null

2018-12-12 20:35:13 - [TEST_STEP][PASSED] - Statement - counter = counter + 1: null

2018-12-12 20:35:13 - [TEST_STEP][PASSED] - Statement - PreSaveFile = new java.io.File(((pathPrefix + java.lang.Integer.toString(counter)) + .png)): null

2018-12-12 20:35:13 - [TEST_STEP][PASSED] - Statement - counter = counter + 1: null

2018-12-12 20:35:13 - [TEST_STEP][PASSED] - Statement - PreSaveFile = new java.io.File(((pathPrefix + java.lang.Integer.toString(counter)) + .png)): null

2018-12-12 20:35:13 - [TEST_STEP][PASSED] - Statement - counter = counter + 1: null

2018-12-12 20:35:13 - [TEST_STEP][PASSED] - Statement - PreSaveFile = new java.io.File(((pathPrefix + java.lang.Integer.toString(counter)) + .png)): null

2018-12-12 20:35:13 - [TEST_STEP][PASSED] - Statement - counter = counter + 1: null

2018-12-12 20:35:13 - [TEST_STEP][PASSED] - Statement - PreSaveFile = new java.io.File(((pathPrefix + java.lang.Integer.toString(counter)) + .png)): null

2018-12-12 20:35:13 - [TEST_STEP][PASSED] - Statement - counter = counter + 1: null

2018-12-12 20:35:13 - [TEST_STEP][PASSED] - Statement - PreSaveFile = new java.io.File(((pathPrefix + java.lang.Integer.toString(counter)) + .png)): null

2018-12-12 20:35:13 - [TEST_STEP][PASSED] - Statement - counter = counter + 1: null

2018-12-12 20:35:13 - [TEST_STEP][PASSED] - Statement - PreSaveFile = new java.io.File(((pathPrefix + java.lang.Integer.toString(counter)) + .png)): null

2018-12-12 20:35:13 - [TEST_STEP][PASSED] - Statement - counter = counter + 1: null

2018-12-12 20:35:13 - [TEST_STEP][PASSED] - Statement - PreSaveFile = new java.io.File(((pathPrefix + java.lang.Integer.toString(counter)) + .png)): null

2018-12-12 20:35:13 - [TEST_STEP][PASSED] - Statement - counter = counter + 1: null

2018-12-12 20:35:13 - [TEST_STEP][PASSED] - Statement - PreSaveFile = new java.io.File(((pathPrefix + java.lang.Integer.toString(counter)) + .png)): null

2018-12-12 20:35:13 - [TEST_STEP][PASSED] - Statement - counter = counter + 1: null

2018-12-12 20:35:13 - [TEST_STEP][PASSED] - Statement - PreSaveFile = new java.io.File(((pathPrefix + java.lang.Integer.toString(counter)) + .png)): null

2018-12-12 20:35:13 - [TEST_STEP][PASSED] - Statement - counter = counter + 1: null

2018-12-12 20:35:13 - [TEST_STEP][PASSED] - Statement - PreSaveFile = new java.io.File(((pathPrefix + java.lang.Integer.toString(counter)) + .png)): null

2018-12-12 20:35:13 - [TEST_STEP][PASSED] - Statement - counter = counter + 1: null

2018-12-12 20:35:13 - [TEST_STEP][PASSED] - Statement - PreSaveFile = new java.io.File(((pathPrefix + java.lang.Integer.toString(counter)) + .png)): null

2018-12-12 20:35:13 - [TEST_STEP][PASSED] - Statement - counter = counter + 1: null

2018-12-12 20:35:13 - [TEST_STEP][PASSED] - Statement - PreSaveFile = new java.io.File(((pathPrefix + java.lang.Integer.toString(counter)) + .png)): null

2018-12-12 20:35:13 - [TEST_STEP][PASSED] - Statement - counter = counter + 1: null

2018-12-12 20:35:13 - [TEST_STEP][PASSED] - Statement - PreSaveFile = new java.io.File(((pathPrefix + java.lang.Integer.toString(counter)) + .png)): null

2018-12-12 20:35:13 - [TEST_STEP][PASSED] - Statement - counter = counter + 1: null

2018-12-12 20:35:13 - [TEST_STEP][PASSED] - Statement - PreSaveFile = new java.io.File(((pathPrefix + java.lang.Integer.toString(counter)) + .png)): null

2018-12-12 20:35:13 - [TEST_STEP][PASSED] - Statement - counter = counter + 1: null

2018-12-12 20:35:13 - [TEST_STEP][PASSED] - Statement - PreSaveFile = new java.io.File(((pathPrefix + java.lang.Integer.toString(counter)) + .png)): null

2018-12-12 20:35:13 - [TEST_STEP][PASSED] - Statement - counter = counter + 1: null

2018-12-12 20:35:13 - [TEST_STEP][PASSED] - Statement - PreSaveFile = new java.io.File(((pathPrefix + java.lang.Integer.toString(counter)) + .png)): null

2018-12-12 20:35:13 - [TEST_STEP][PASSED] - Statement - counter = counter + 1: null

2018-12-12 20:35:13 - [TEST_STEP][PASSED] - Statement - PreSaveFile = new java.io.File(((pathPrefix + java.lang.Integer.toString(counter)) + .png)): null

2018-12-12 20:35:13 - [TEST_STEP][PASSED] - Statement - counter = counter + 1: null

2018-12-12 20:35:13 - [TEST_STEP][PASSED] - Statement - PreSaveFile = new java.io.File(((pathPrefix + java.lang.Integer.toString(counter)) + .png)): null

2018-12-12 20:35:13 - [TEST_STEP][PASSED] - Statement - counter = counter + 1: null

2018-12-12 20:35:13 - [TEST_STEP][PASSED] - Statement - PreSaveFile = new java.io.File(((pathPrefix + java.lang.Integer.toString(counter)) + .png)): null

2018-12-12 20:35:13 - [TEST_STEP][PASSED] - Statement - counter = counter + 1: null

2018-12-12 20:35:13 - [TEST_STEP][PASSED] - Statement - PreSaveFile = new java.io.File(((pathPrefix + java.lang.Integer.toString(counter)) + .png)): null

2018-12-12 20:35:13 - [TEST_STEP][PASSED] - Statement - counter = counter + 1: null

2018-12-12 20:35:13 - [TEST_STEP][PASSED] - Statement - PreSaveFile = new java.io.File(((pathPrefix + java.lang.Integer.toString(counter)) + .png)): null

2018-12-12 20:35:13 - [TEST_STEP][PASSED] - Statement - counter = counter + 1: null

2018-12-12 20:35:13 - [TEST_STEP][PASSED] - Statement - PreSaveFile = new java.io.File(((pathPrefix + java.lang.Integer.toString(counter)) + .png)): null

2018-12-12 20:35:13 - [TEST_STEP][PASSED] - Statement - counter = counter + 1: null

2018-12-12 20:35:13 - [TEST_STEP][PASSED] - Statement - PreSaveFile = new java.io.File(((pathPrefix + java.lang.Integer.toString(counter)) + .png)): null

2018-12-12 20:35:13 - [TEST_STEP][PASSED] - Statement - counter = counter + 1: null

2018-12-12 20:35:13 - [TEST_STEP][PASSED] - Statement - PreSaveFile = new java.io.File(((pathPrefix + java.lang.Integer.toString(counter)) + .png)): null

2018-12-12 20:35:13 - [TEST_STEP][PASSED] - Statement - counter = counter + 1: null

2018-12-12 20:35:13 - [TEST_STEP][PASSED] - Statement - PreSaveFile = new java.io.File(((pathPrefix + java.lang.Integer.toString(counter)) + .png)): null

2018-12-12 20:35:13 - [TEST_STEP][PASSED] - Statement - counter = counter + 1: null

2018-12-12 20:35:13 - [TEST_STEP][PASSED] - Statement - PreSaveFile = new java.io.File(((pathPrefix + java.lang.Integer.toString(counter)) + .png)): null

2018-12-12 20:35:13 - [TEST_STEP][PASSED] - Statement - counter = counter + 1: null

2018-12-12 20:35:13 - [TEST_STEP][PASSED] - Statement - PreSaveFile = new java.io.File(((pathPrefix + java.lang.Integer.toString(counter)) + .png)): null

2018-12-12 20:35:13 - [TEST_STEP][PASSED] - Statement - counter = counter + 1: null

2018-12-12 20:35:13 - [TEST_STEP][PASSED] - Statement - PreSaveFile = new java.io.File(((pathPrefix + java.lang.Integer.toString(counter)) + .png)): null

2018-12-12 20:35:13 - [TEST_STEP][PASSED] - Statement - counter = counter + 1: null

2018-12-12 20:35:13 - [TEST_STEP][PASSED] - Statement - PreSaveFile = new java.io.File(((pathPrefix + java.lang.Integer.toString(counter)) + .png)): null

2018-12-12 20:35:13 - [TEST_STEP][PASSED] - Statement - counter = counter + 1: null

2018-12-12 20:35:13 - [TEST_STEP][PASSED] - Statement - PreSaveFile = new java.io.File(((pathPrefix + java.lang.Integer.toString(counter)) + .png)): null

2018-12-12 20:35:13 - [TEST_STEP][PASSED] - Statement - counter = counter + 1: null

2018-12-12 20:35:13 - [TEST_STEP][PASSED] - Statement - PreSaveFile = new java.io.File(((pathPrefix + java.lang.Integer.toString(counter)) + .png)): null

2018-12-12 20:35:13 - [TEST_STEP][PASSED] - Statement - counter = counter + 1: null

2018-12-12 20:35:13 - [TEST_STEP][PASSED] - Statement - PreSaveFile = new java.io.File(((pathPrefix + java.lang.Integer.toString(counter)) + .png)): null

2018-12-12 20:35:13 - [TEST_STEP][PASSED] - Statement - counter = counter + 1: null

2018-12-12 20:35:13 - [TEST_STEP][PASSED] - Statement - PreSaveFile = new java.io.File(((pathPrefix + java.lang.Integer.toString(counter)) + .png)): null

2018-12-12 20:35:13 - [TEST_STEP][PASSED] - Statement - counter = counter + 1: null

2018-12-12 20:35:13 - [TEST_STEP][PASSED] - Statement - PreSaveFile = new java.io.File(((pathPrefix + java.lang.Integer.toString(counter)) + .png)): null

2018-12-12 20:35:13 - [TEST_STEP][PASSED] - Statement - counter = counter + 1: null

2018-12-12 20:35:13 - [TEST_STEP][PASSED] - Statement - PreSaveFile = new java.io.File(((pathPrefix + java.lang.Integer.toString(counter)) + .png)): null

2018-12-12 20:35:13 - [TEST_STEP][PASSED] - Statement - counter = counter + 1: null

2018-12-12 20:35:13 - [TEST_STEP][PASSED] - Statement - PreSaveFile = new java.io.File(((pathPrefix + java.lang.Integer.toString(counter)) + .png)): null

2018-12-12 20:35:13 - [TEST_STEP][PASSED] - Statement - counter = counter + 1: null

2018-12-12 20:35:13 - [TEST_STEP][PASSED] - Statement - PreSaveFile = new java.io.File(((pathPrefix + java.lang.Integer.toString(counter)) + .png)): null

2018-12-12 20:35:13 - [TEST_STEP][PASSED] - Statement - counter = counter + 1: null

2018-12-12 20:35:13 - [TEST_STEP][PASSED] - Statement - PreSaveFile = new java.io.File(((pathPrefix + java.lang.Integer.toString(counter)) + .png)): null

2018-12-12 20:35:13 - [TEST_STEP][PASSED] - Statement - counter = counter + 1: null

2018-12-12 20:35:13 - [TEST_STEP][PASSED] - Statement - PreSaveFile = new java.io.File(((pathPrefix + java.lang.Integer.toString(counter)) + .png)): null

2018-12-12 20:35:13 - [TEST_STEP][PASSED] - Statement - counter = counter + 1: null

2018-12-12 20:35:13 - [TEST_STEP][PASSED] - Statement - PreSaveFile = new java.io.File(((pathPrefix + java.lang.Integer.toString(counter)) + .png)): null

2018-12-12 20:35:13 - [TEST_STEP][PASSED] - Statement - counter = counter + 1: null

2018-12-12 20:35:13 - [TEST_STEP][PASSED] - Statement - PreSaveFile = new java.io.File(((pathPrefix + java.lang.Integer.toString(counter)) + .png)): null

2018-12-12 20:35:13 - [TEST_STEP][PASSED] - Statement - counter = counter + 1: null

2018-12-12 20:35:13 - [TEST_STEP][PASSED] - Statement - PreSaveFile = new java.io.File(((pathPrefix + java.lang.Integer.toString(counter)) + .png)): null

2018-12-12 20:35:13 - [TEST_STEP][PASSED] - Statement - counter = counter + 1: null

2018-12-12 20:35:13 - [TEST_STEP][PASSED] - Statement - PreSaveFile = new java.io.File(((pathPrefix + java.lang.Integer.toString(counter)) + .png)): null

2018-12-12 20:35:13 - [TEST_STEP][PASSED] - Statement - counter = counter + 1: null

2018-12-12 20:35:13 - [TEST_STEP][PASSED] - Statement - PreSaveFile = new java.io.File(((pathPrefix + java.lang.Integer.toString(counter)) + .png)): null

2018-12-12 20:35:13 - [TEST_STEP][PASSED] - Statement - counter = counter + 1: null

2018-12-12 20:35:13 - [TEST_STEP][PASSED] - Statement - PreSaveFile = new java.io.File(((pathPrefix + java.lang.Integer.toString(counter)) + .png)): null

2018-12-12 20:35:13 - [TEST_STEP][PASSED] - Statement - counter = counter + 1: null

2018-12-12 20:35:13 - [TEST_STEP][PASSED] - Statement - PreSaveFile = new java.io.File(((pathPrefix + java.lang.Integer.toString(counter)) + .png)): null

2018-12-12 20:35:13 - [TEST_STEP][PASSED] - Statement - counter = counter + 1: null

2018-12-12 20:35:13 - [TEST_STEP][PASSED] - Statement - PreSaveFile = new java.io.File(((pathPrefix + java.lang.Integer.toString(counter)) + .png)): null

2018-12-12 20:35:13 - [TEST_STEP][PASSED] - Statement - counter = counter + 1: null

2018-12-12 20:35:13 - [TEST_STEP][PASSED] - Statement - PreSaveFile = new java.io.File(((pathPrefix + java.lang.Integer.toString(counter)) + .png)): null

2018-12-12 20:35:13 - [TEST_STEP][PASSED] - Statement - counter = counter + 1: null

2018-12-12 20:35:13 - [TEST_STEP][PASSED] - Statement - PreSaveFile = new java.io.File(((pathPrefix + java.lang.Integer.toString(counter)) + .png)): null

2018-12-12 20:35:13 - [TEST_STEP][PASSED] - Statement - counter = counter + 1: null

2018-12-12 20:35:13 - [TEST_STEP][PASSED] - Statement - PreSaveFile = new java.io.File(((pathPrefix + java.lang.Integer.toString(counter)) + .png)): null

2018-12-12 20:35:13 - [TEST_STEP][PASSED] - Statement - counter = counter + 1: null

2018-12-12 20:35:13 - [TEST_STEP][PASSED] - Statement - PreSaveFile = new java.io.File(((pathPrefix + java.lang.Integer.toString(counter)) + .png)): null

2018-12-12 20:35:13 - [TEST_STEP][PASSED] - Statement - counter = counter + 1: null

2018-12-12 20:35:13 - [TEST_STEP][PASSED] - Statement - PreSaveFile = new java.io.File(((pathPrefix + java.lang.Integer.toString(counter)) + .png)): null

2018-12-12 20:35:13 - [TEST_STEP][PASSED] - Statement - counter = counter + 1: null

2018-12-12 20:35:13 - [TEST_STEP][PASSED] - Statement - PreSaveFile = new java.io.File(((pathPrefix + java.lang.Integer.toString(counter)) + .png)): null

2018-12-12 20:35:13 - [TEST_STEP][PASSED] - Statement - counter = counter + 1: null

2018-12-12 20:35:13 - [TEST_STEP][PASSED] - Statement - PreSaveFile = new java.io.File(((pathPrefix + java.lang.Integer.toString(counter)) + .png)): null

2018-12-12 20:35:13 - [TEST_STEP][PASSED] - Statement - counter = counter + 1: null

2018-12-12 20:35:13 - [TEST_STEP][PASSED] - Statement - PreSaveFile = new java.io.File(((pathPrefix + java.lang.Integer.toString(counter)) + .png)): null

2018-12-12 20:35:13 - [TEST_STEP][PASSED] - Statement - counter = counter + 1: null

2018-12-12 20:35:13 - [TEST_STEP][PASSED] - Statement - PreSaveFile = new java.io.File(((pathPrefix + java.lang.Integer.toString(counter)) + .png)): null

2018-12-12 20:35:13 - [TEST_STEP][PASSED] - Statement - counter = counter + 1: null

2018-12-12 20:35:13 - [TEST_STEP][PASSED] - Statement - PreSaveFile = new java.io.File(((pathPrefix + java.lang.Integer.toString(counter)) + .png)): null

2018-12-12 20:35:13 - [TEST_STEP][PASSED] - Statement - counter = counter + 1: null

2018-12-12 20:35:13 - [TEST_STEP][PASSED] - Statement - PreSaveFile = new java.io.File(((pathPrefix + java.lang.Integer.toString(counter)) + .png)): null

2018-12-12 20:35:13 - [TEST_STEP][PASSED] - Statement - counter = counter + 1: null

2018-12-12 20:35:13 - [TEST_STEP][PASSED] - Statement - PreSaveFile = new java.io.File(((pathPrefix + java.lang.Integer.toString(counter)) + .png)): null

2018-12-12 20:35:13 - [TEST_STEP][PASSED] - Statement - counter = counter + 1: null

2018-12-12 20:35:13 - [TEST_STEP][PASSED] - Statement - PreSaveFile = new java.io.File(((pathPrefix + java.lang.Integer.toString(counter)) + .png)): null

2018-12-12 20:35:13 - [TEST_STEP][PASSED] - Statement - counter = counter + 1: null

2018-12-12 20:35:13 - [TEST_STEP][PASSED] - Statement - PreSaveFile = new java.io.File(((pathPrefix + java.lang.Integer.toString(counter)) + .png)): null

2018-12-12 20:35:13 - [TEST_STEP][PASSED] - Statement - counter = counter + 1: null

2018-12-12 20:35:13 - [TEST_STEP][PASSED] - Statement - PreSaveFile = new java.io.File(((pathPrefix + java.lang.Integer.toString(counter)) + .png)): null

2018-12-12 20:35:13 - [TEST_STEP][PASSED] - Statement - counter = counter + 1: null

2018-12-12 20:35:13 - [TEST_STEP][PASSED] - Statement - PreSaveFile = new java.io.File(((pathPrefix + java.lang.Integer.toString(counter)) + .png)): null

2018-12-12 20:35:13 - [TEST_STEP][PASSED] - Statement - counter = counter + 1: null

2018-12-12 20:35:13 - [TEST_STEP][PASSED] - Statement - PreSaveFile = new java.io.File(((pathPrefix + java.lang.Integer.toString(counter)) + .png)): null

2018-12-12 20:35:13 - [TEST_STEP][PASSED] - Statement - counter = counter + 1: null

2018-12-12 20:35:13 - [TEST_STEP][PASSED] - Statement - PreSaveFile = new java.io.File(((pathPrefix + java.lang.Integer.toString(counter)) + .png)): null

2018-12-12 20:35:13 - [TEST_STEP][PASSED] - Statement - counter = counter + 1: null

2018-12-12 20:35:13 - [TEST_STEP][PASSED] - Statement - PreSaveFile = new java.io.File(((pathPrefix + java.lang.Integer.toString(counter)) + .png)): null

2018-12-12 20:35:14 - [TEST_STEP][PASSED] - Statement - counter = counter + 1: null

2018-12-12 20:35:14 - [TEST_STEP][PASSED] - Statement - PreSaveFile = new java.io.File(((pathPrefix + java.lang.Integer.toString(counter)) + .png)): null

2018-12-12 20:35:14 - [TEST_STEP][PASSED] - Statement - counter = counter + 1: null

2018-12-12 20:35:14 - [TEST_STEP][PASSED] - Statement - PreSaveFile = new java.io.File(((pathPrefix + java.lang.Integer.toString(counter)) + .png)): null

2018-12-12 20:35:14 - [TEST_STEP][PASSED] - Statement - counter = counter + 1: null

2018-12-12 20:35:14 - [TEST_STEP][PASSED] - Statement - PreSaveFile = new java.io.File(((pathPrefix + java.lang.Integer.toString(counter)) + .png)): null

2018-12-12 20:35:14 - [TEST_STEP][PASSED] - Statement - counter = counter + 1: null

2018-12-12 20:35:14 - [TEST_STEP][PASSED] - Statement - PreSaveFile = new java.io.File(((pathPrefix + java.lang.Integer.toString(counter)) + .png)): null

2018-12-12 20:35:14 - [TEST_STEP][PASSED] - Statement - counter = counter + 1: null

2018-12-12 20:35:14 - [TEST_STEP][PASSED] - Statement - PreSaveFile = new java.io.File(((pathPrefix + java.lang.Integer.toString(counter)) + .png)): null

2018-12-12 20:35:14 - [TEST_STEP][PASSED] - Statement - counter = counter + 1: null

2018-12-12 20:35:14 - [TEST_STEP][PASSED] - Statement - PreSaveFile = new java.io.File(((pathPrefix + java.lang.Integer.toString(counter)) + .png)): null

2018-12-12 20:35:14 - [TEST_STEP][PASSED] - Statement - counter = counter + 1: null

2018-12-12 20:35:14 - [TEST_STEP][PASSED] - Statement - PreSaveFile = new java.io.File(((pathPrefix + java.lang.Integer.toString(counter)) + .png)): null

2018-12-12 20:35:14 - [TEST_STEP][PASSED] - Statement - counter = counter + 1: null

2018-12-12 20:35:14 - [TEST_STEP][PASSED] - Statement - PreSaveFile = new java.io.File(((pathPrefix + java.lang.Integer.toString(counter)) + .png)): null

2018-12-12 20:35:14 - [TEST_STEP][PASSED] - Statement - counter = counter + 1: null

2018-12-12 20:35:14 - [TEST_STEP][PASSED] - Statement - PreSaveFile = new java.io.File(((pathPrefix + java.lang.Integer.toString(counter)) + .png)): null

2018-12-12 20:35:14 - [TEST_STEP][PASSED] - Statement - counter = counter + 1: null

2018-12-12 20:35:14 - [TEST_STEP][PASSED] - Statement - PreSaveFile = new java.io.File(((pathPrefix + java.lang.Integer.toString(counter)) + .png)): null

2018-12-12 20:35:14 - [TEST_STEP][PASSED] - Statement - counter = counter + 1: null

2018-12-12 20:35:14 - [TEST_STEP][PASSED] - Statement - PreSaveFile = new java.io.File(((pathPrefix + java.lang.Integer.toString(counter)) + .png)): null

2018-12-12 20:35:14 - [TEST_STEP][PASSED] - Statement - counter = counter + 1: null

2018-12-12 20:35:14 - [TEST_STEP][PASSED] - Statement - PreSaveFile = new java.io.File(((pathPrefix + java.lang.Integer.toString(counter)) + .png)): null

2018-12-12 20:35:14 - [TEST_STEP][PASSED] - Statement - counter = counter + 1: null

2018-12-12 20:35:14 - [TEST_STEP][PASSED] - Statement - PreSaveFile = new java.io.File(((pathPrefix + java.lang.Integer.toString(counter)) + .png)): null

2018-12-12 20:35:14 - [TEST_STEP][PASSED] - Statement - counter = counter + 1: null

2018-12-12 20:35:14 - [TEST_STEP][PASSED] - Statement - PreSaveFile = new java.io.File(((pathPrefix + java.lang.Integer.toString(counter)) + .png)): null

2018-12-12 20:35:14 - [TEST_STEP][PASSED] - Statement - counter = counter + 1: null

2018-12-12 20:35:14 - [TEST_STEP][PASSED] - Statement - PreSaveFile = new java.io.File(((pathPrefix + java.lang.Integer.toString(counter)) + .png)): null

2018-12-12 20:35:14 - [TEST_STEP][PASSED] - Statement - counter = counter + 1: null

2018-12-12 20:35:14 - [TEST_STEP][PASSED] - Statement - PreSaveFile = new java.io.File(((pathPrefix + java.lang.Integer.toString(counter)) + .png)): null

2018-12-12 20:35:14 - [TEST_STEP][PASSED] - Statement - counter = counter + 1: null

2018-12-12 20:35:14 - [TEST_STEP][PASSED] - Statement - PreSaveFile = new java.io.File(((pathPrefix + java.lang.Integer.toString(counter)) + .png)): null

2018-12-12 20:35:14 - [TEST_STEP][PASSED] - Statement - counter = counter + 1: null

2018-12-12 20:35:14 - [TEST_STEP][PASSED] - Statement - PreSaveFile = new java.io.File(((pathPrefix + java.lang.Integer.toString(counter)) + .png)): null

2018-12-12 20:35:14 - [TEST_STEP][PASSED] - Statement - counter = counter + 1: null

2018-12-12 20:35:14 - [TEST_STEP][PASSED] - Statement - PreSaveFile = new java.io.File(((pathPrefix + java.lang.Integer.toString(counter)) + .png)): null

2018-12-12 20:35:14 - [TEST_STEP][PASSED] - Statement - counter = counter + 1: null

2018-12-12 20:35:14 - [TEST_STEP][PASSED] - Statement - PreSaveFile = new java.io.File(((pathPrefix + java.lang.Integer.toString(counter)) + .png)): null

2018-12-12 20:35:14 - [TEST_STEP][PASSED] - Statement - counter = counter + 1: null

2018-12-12 20:35:14 - [TEST_STEP][PASSED] - Statement - PreSaveFile = new java.io.File(((pathPrefix + java.lang.Integer.toString(counter)) + .png)): null

2018-12-12 20:35:14 - [TEST_STEP][PASSED] - Statement - counter = counter + 1: null

2018-12-12 20:35:14 - [TEST_STEP][PASSED] - Statement - PreSaveFile = new java.io.File(((pathPrefix + java.lang.Integer.toString(counter)) + .png)): null

2018-12-12 20:35:14 - [TEST_STEP][PASSED] - Statement - counter = counter + 1: null

2018-12-12 20:35:14 - [TEST_STEP][PASSED] - Statement - PreSaveFile = new java.io.File(((pathPrefix + java.lang.Integer.toString(counter)) + .png)): null

2018-12-12 20:35:14 - [TEST_STEP][PASSED] - Statement - counter = counter + 1: null

2018-12-12 20:35:14 - [TEST_STEP][PASSED] - Statement - PreSaveFile = new java.io.File(((pathPrefix + java.lang.Integer.toString(counter)) + .png)): null

2018-12-12 20:35:14 - [TEST_STEP][PASSED] - Statement - counter = counter + 1: null

2018-12-12 20:35:14 - [TEST_STEP][PASSED] - Statement - PreSaveFile = new java.io.File(((pathPrefix + java.lang.Integer.toString(counter)) + .png)): null

2018-12-12 20:35:14 - [TEST_STEP][PASSED] - Statement - counter = counter + 1: null

2018-12-12 20:35:14 - [TEST_STEP][PASSED] - Statement - PreSaveFile = new java.io.File(((pathPrefix + java.lang.Integer.toString(counter)) + .png)): null

2018-12-12 20:35:14 - [TEST_STEP][PASSED] - Statement - counter = counter + 1: null

2018-12-12 20:35:14 - [TEST_STEP][PASSED] - Statement - PreSaveFile = new java.io.File(((pathPrefix + java.lang.Integer.toString(counter)) + .png)): null

2018-12-12 20:35:14 - [TEST_STEP][PASSED] - Statement - counter = counter + 1: null

2018-12-12 20:35:14 - [TEST_STEP][PASSED] - Statement - PreSaveFile = new java.io.File(((pathPrefix + java.lang.Integer.toString(counter)) + .png)): null

2018-12-12 20:35:14 - [TEST_STEP][PASSED] - Statement - counter = counter + 1: null

2018-12-12 20:35:14 - [TEST_STEP][PASSED] - Statement - PreSaveFile = new java.io.File(((pathPrefix + java.lang.Integer.toString(counter)) + .png)): null

2018-12-12 20:35:14 - [TEST_STEP][PASSED] - Statement - counter = counter + 1: null

2018-12-12 20:35:14 - [TEST_STEP][PASSED] - Statement - PreSaveFile = new java.io.File(((pathPrefix + java.lang.Integer.toString(counter)) + .png)): null

2018-12-12 20:35:14 - [TEST_STEP][PASSED] - Statement - counter = counter + 1: null

2018-12-12 20:35:14 - [TEST_STEP][PASSED] - Statement - PreSaveFile = new java.io.File(((pathPrefix + java.lang.Integer.toString(counter)) + .png)): null

2018-12-12 20:35:14 - [TEST_STEP][PASSED] - Statement - counter = counter + 1: null

2018-12-12 20:35:14 - [TEST_STEP][PASSED] - Statement - PreSaveFile = new java.io.File(((pathPrefix + java.lang.Integer.toString(counter)) + .png)): null

2018-12-12 20:35:14 - [TEST_STEP][PASSED] - Statement - counter = counter + 1: null

2018-12-12 20:35:14 - [TEST_STEP][PASSED] - Statement - PreSaveFile = new java.io.File(((pathPrefix + java.lang.Integer.toString(counter)) + .png)): null

2018-12-12 20:35:14 - [TEST_STEP][PASSED] - Statement - counter = counter + 1: null

2018-12-12 20:35:14 - [TEST_STEP][PASSED] - Statement - PreSaveFile = new java.io.File(((pathPrefix + java.lang.Integer.toString(counter)) + .png)): null

2018-12-12 20:35:14 - [TEST_STEP][PASSED] - Statement - counter = counter + 1: null

2018-12-12 20:35:14 - [TEST_STEP][PASSED] - Statement - PreSaveFile = new java.io.File(((pathPrefix + java.lang.Integer.toString(counter)) + .png)): null

2018-12-12 20:35:14 - [TEST_STEP][PASSED] - Statement - counter = counter + 1: null

2018-12-12 20:35:14 - [TEST_STEP][PASSED] - Statement - PreSaveFile = new java.io.File(((pathPrefix + java.lang.Integer.toString(counter)) + .png)): null

2018-12-12 20:35:14 - [TEST_STEP][PASSED] - Statement - counter = counter + 1: null

2018-12-12 20:35:14 - [TEST_STEP][PASSED] - Statement - PreSaveFile = new java.io.File(((pathPrefix + java.lang.Integer.toString(counter)) + .png)): null

2018-12-12 20:35:14 - [TEST_STEP][PASSED] - Statement - counter = counter + 1: null

2018-12-12 20:35:14 - [TEST_STEP][PASSED] - Statement - PreSaveFile = new java.io.File(((pathPrefix + java.lang.Integer.toString(counter)) + .png)): null

2018-12-12 20:35:14 - [TEST_STEP][PASSED] - Statement - counter = counter + 1: null

2018-12-12 20:35:14 - [TEST_STEP][PASSED] - Statement - PreSaveFile = new java.io.File(((pathPrefix + java.lang.Integer.toString(counter)) + .png)): null

2018-12-12 20:35:14 - [TEST_STEP][PASSED] - Statement - counter = counter + 1: null

2018-12-12 20:35:14 - [TEST_STEP][PASSED] - Statement - PreSaveFile = new java.io.File(((pathPrefix + java.lang.Integer.toString(counter)) + .png)): null

2018-12-12 20:35:14 - [TEST_STEP][PASSED] - Statement - counter = counter + 1: null

2018-12-12 20:35:14 - [TEST_STEP][PASSED] - Statement - PreSaveFile = new java.io.File(((pathPrefix + java.lang.Integer.toString(counter)) + .png)): null

2018-12-12 20:35:14 - [TEST_STEP][PASSED] - Statement - counter = counter + 1: null

2018-12-12 20:35:14 - [TEST_STEP][PASSED] - Statement - PreSaveFile = new java.io.File(((pathPrefix + java.lang.Integer.toString(counter)) + .png)): null

2018-12-12 20:35:14 - [TEST_STEP][PASSED] - Statement - counter = counter + 1: null

2018-12-12 20:35:14 - [TEST_STEP][PASSED] - Statement - PreSaveFile = new java.io.File(((pathPrefix + java.lang.Integer.toString(counter)) + .png)): null

2018-12-12 20:35:14 - [TEST_STEP][PASSED] - Statement - counter = counter + 1: null

2018-12-12 20:35:14 - [TEST_STEP][PASSED] - Statement - PreSaveFile = new java.io.File(((pathPrefix + java.lang.Integer.toString(counter)) + .png)): null

2018-12-12 20:35:14 - [TEST_STEP][PASSED] - Statement - counter = counter + 1: null

2018-12-12 20:35:14 - [TEST_STEP][PASSED] - Statement - PreSaveFile = new java.io.File(((pathPrefix + java.lang.Integer.toString(counter)) + .png)): null

2018-12-12 20:35:14 - [TEST_STEP][PASSED] - Statement - counter = counter + 1: null

2018-12-12 20:35:14 - [TEST_STEP][PASSED] - Statement - PreSaveFile = new java.io.File(((pathPrefix + java.lang.Integer.toString(counter)) + .png)): null

2018-12-12 20:35:14 - [TEST_STEP][PASSED] - Statement - counter = counter + 1: null

2018-12-12 20:35:14 - [TEST_STEP][PASSED] - Statement - PreSaveFile = new java.io.File(((pathPrefix + java.lang.Integer.toString(counter)) + .png)): null

2018-12-12 20:35:14 - [TEST_STEP][PASSED] - Statement - counter = counter + 1: null

2018-12-12 20:35:14 - [TEST_STEP][PASSED] - Statement - PreSaveFile = new java.io.File(((pathPrefix + java.lang.Integer.toString(counter)) + .png)): null

2018-12-12 20:35:14 - [TEST_STEP][PASSED] - Statement - counter = counter + 1: null

2018-12-12 20:35:14 - [TEST_STEP][PASSED] - Statement - PreSaveFile = new java.io.File(((pathPrefix + java.lang.Integer.toString(counter)) + .png)): null

2018-12-12 20:35:14 - [TEST_STEP][PASSED] - Statement - counter = counter + 1: null

2018-12-12 20:35:14 - [TEST_STEP][PASSED] - Statement - PreSaveFile = new java.io.File(((pathPrefix + java.lang.Integer.toString(counter)) + .png)): null

2018-12-12 20:35:14 - [TEST_STEP][PASSED] - Statement - counter = counter + 1: null

2018-12-12 20:35:14 - [TEST_STEP][PASSED] - Statement - PreSaveFile = new java.io.File(((pathPrefix + java.lang.Integer.toString(counter)) + .png)): null

2018-12-12 20:35:14 - [TEST_STEP][PASSED] - Statement - counter = counter + 1: null

2018-12-12 20:35:14 - [TEST_STEP][PASSED] - Statement - PreSaveFile = new java.io.File(((pathPrefix + java.lang.Integer.toString(counter)) + .png)): null

2018-12-12 20:35:14 - [TEST_STEP][PASSED] - Statement - counter = counter + 1: null

2018-12-12 20:35:14 - [TEST_STEP][PASSED] - Statement - PreSaveFile = new java.io.File(((pathPrefix + java.lang.Integer.toString(counter)) + .png)): null

2018-12-12 20:35:14 - [TEST_STEP][PASSED] - Statement - counter = counter + 1: null

2018-12-12 20:35:14 - [TEST_STEP][PASSED] - Statement - PreSaveFile = new java.io.File(((pathPrefix + java.lang.Integer.toString(counter)) + .png)): null

2018-12-12 20:35:14 - [TEST_STEP][PASSED] - Statement - counter = counter + 1: null

2018-12-12 20:35:14 - [TEST_STEP][PASSED] - Statement - PreSaveFile = new java.io.File(((pathPrefix + java.lang.Integer.toString(counter)) + .png)): null

2018-12-12 20:35:14 - [TEST_STEP][PASSED] - Statement - counter = counter + 1: null

2018-12-12 20:35:14 - [TEST_STEP][PASSED] - Statement - PreSaveFile = new java.io.File(((pathPrefix + java.lang.Integer.toString(counter)) + .png)): null

2018-12-12 20:35:14 - [TEST_STEP][PASSED] - Statement - counter = counter + 1: null

2018-12-12 20:35:14 - [TEST_STEP][PASSED] - Statement - PreSaveFile = new java.io.File(((pathPrefix + java.lang.Integer.toString(counter)) + .png)): null

2018-12-12 20:35:14 - [TEST_STEP][PASSED] - Statement - counter = counter + 1: null

2018-12-12 20:35:14 - [TEST_STEP][PASSED] - Statement - PreSaveFile = new java.io.File(((pathPrefix + java.lang.Integer.toString(counter)) + .png)): null

2018-12-12 20:35:14 - [TEST_STEP][PASSED] - Statement - counter = counter + 1: null

2018-12-12 20:35:14 - [TEST_STEP][PASSED] - Statement - PreSaveFile = new java.io.File(((pathPrefix + java.lang.Integer.toString(counter)) + .png)): null

2018-12-12 20:35:14 - [TEST_STEP][PASSED] - Statement - counter = counter + 1: null

2018-12-12 20:35:14 - [TEST_STEP][PASSED] - Statement - PreSaveFile = new java.io.File(((pathPrefix + java.lang.Integer.toString(counter)) + .png)): null

2018-12-12 20:35:14 - [TEST_STEP][PASSED] - Statement - counter = counter + 1: null

2018-12-12 20:35:14 - [TEST_STEP][PASSED] - Statement - PreSaveFile = new java.io.File(((pathPrefix + java.lang.Integer.toString(counter)) + .png)): null

2018-12-12 20:35:14 - [TEST_STEP][PASSED] - Statement - counter = counter + 1: null

2018-12-12 20:35:14 - [TEST_STEP][PASSED] - Statement - PreSaveFile = new java.io.File(((pathPrefix + java.lang.Integer.toString(counter)) + .png)): null

2018-12-12 20:35:14 - [TEST_STEP][PASSED] - Statement - counter = counter + 1: null

2018-12-12 20:35:14 - [TEST_STEP][PASSED] - Statement - PreSaveFile = new java.io.File(((pathPrefix + java.lang.Integer.toString(counter)) + .png)): null

2018-12-12 20:35:14 - [TEST_STEP][PASSED] - Statement - counter = counter + 1: null

2018-12-12 20:35:14 - [TEST_STEP][PASSED] - Statement - PreSaveFile = new java.io.File(((pathPrefix + java.lang.Integer.toString(counter)) + .png)): null

2018-12-12 20:35:14 - [TEST_STEP][PASSED] - Statement - counter = counter + 1: null

2018-12-12 20:35:14 - [TEST_STEP][PASSED] - Statement - PreSaveFile = new java.io.File(((pathPrefix + java.lang.Integer.toString(counter)) + .png)): null

2018-12-12 20:35:14 - [TEST_STEP][PASSED] - Statement - counter = counter + 1: null

2018-12-12 20:35:14 - [TEST_STEP][PASSED] - Statement - PreSaveFile = new java.io.File(((pathPrefix + java.lang.Integer.toString(counter)) + .png)): null

2018-12-12 20:35:14 - [TEST_STEP][PASSED] - Statement - counter = counter + 1: null

2018-12-12 20:35:14 - [TEST_STEP][PASSED] - Statement - PreSaveFile = new java.io.File(((pathPrefix + java.lang.Integer.toString(counter)) + .png)): null

2018-12-12 20:35:14 - [TEST_STEP][PASSED] - Statement - counter = counter + 1: null

2018-12-12 20:35:14 - [TEST_STEP][PASSED] - Statement - PreSaveFile = new java.io.File(((pathPrefix + java.lang.Integer.toString(counter)) + .png)): null

2018-12-12 20:35:14 - [TEST_STEP][PASSED] - Statement - counter = counter + 1: null

2018-12-12 20:35:14 - [TEST_STEP][PASSED] - Statement - PreSaveFile = new java.io.File(((pathPrefix + java.lang.Integer.toString(counter)) + .png)): null

2018-12-12 20:35:14 - [TEST_STEP][PASSED] - Statement - counter = counter + 1: null

2018-12-12 20:35:14 - [TEST_STEP][PASSED] - Statement - PreSaveFile = new java.io.File(((pathPrefix + java.lang.Integer.toString(counter)) + .png)): null

2018-12-12 20:35:14 - [TEST_STEP][PASSED] - Statement - counter = counter + 1: null

2018-12-12 20:35:14 - [TEST_STEP][PASSED] - Statement - PreSaveFile = new java.io.File(((pathPrefix + java.lang.Integer.toString(counter)) + .png)): null

2018-12-12 20:35:14 - [TEST_STEP][PASSED] - Statement - counter = counter + 1: null

2018-12-12 20:35:14 - [TEST_STEP][PASSED] - Statement - PreSaveFile = new java.io.File(((pathPrefix + java.lang.Integer.toString(counter)) + .png)): null

2018-12-12 20:35:14 - [TEST_STEP][PASSED] - Statement - counter = counter + 1: null

2018-12-12 20:35:14 - [TEST_STEP][PASSED] - Statement - PreSaveFile = new java.io.File(((pathPrefix + java.lang.Integer.toString(counter)) + .png)): null

2018-12-12 20:35:14 - [TEST_STEP][PASSED] - Statement - counter = counter + 1: null

2018-12-12 20:35:14 - [TEST_STEP][PASSED] - Statement - PreSaveFile = new java.io.File(((pathPrefix + java.lang.Integer.toString(counter)) + .png)): null

2018-12-12 20:35:14 - [TEST_STEP][PASSED] - Statement - counter = counter + 1: null

2018-12-12 20:35:14 - [TEST_STEP][PASSED] - Statement - PreSaveFile = new java.io.File(((pathPrefix + java.lang.Integer.toString(counter)) + .png)): null

2018-12-12 20:35:14 - [TEST_STEP][PASSED] - Statement - counter = counter + 1: null

2018-12-12 20:35:14 - [TEST_STEP][PASSED] - Statement - PreSaveFile = new java.io.File(((pathPrefix + java.lang.Integer.toString(counter)) + .png)): null

2018-12-12 20:35:14 - [TEST_STEP][PASSED] - Statement - counter = counter + 1: null

2018-12-12 20:35:14 - [TEST_STEP][PASSED] - Statement - PreSaveFile = new java.io.File(((pathPrefix + java.lang.Integer.toString(counter)) + .png)): null

2018-12-12 20:35:14 - [TEST_STEP][PASSED] - Statement - counter = counter + 1: null

2018-12-12 20:35:14 - [TEST_STEP][PASSED] - Statement - PreSaveFile = new java.io.File(((pathPrefix + java.lang.Integer.toString(counter)) + .png)): null

2018-12-12 20:35:14 - [TEST_STEP][PASSED] - Statement - counter = counter + 1: null

2018-12-12 20:35:14 - [TEST_STEP][PASSED] - Statement - PreSaveFile = new java.io.File(((pathPrefix + java.lang.Integer.toString(counter)) + .png)): null

2018-12-12 20:35:14 - [TEST_STEP][PASSED] - Statement - counter = counter + 1: null

2018-12-12 20:35:14 - [TEST_STEP][PASSED] - Statement - PreSaveFile = new java.io.File(((pathPrefix + java.lang.Integer.toString(counter)) + .png)): null

2018-12-12 20:35:14 - [TEST_STEP][PASSED] - Statement - counter = counter + 1: null

2018-12-12 20:35:14 - [TEST_STEP][PASSED] - Statement - PreSaveFile = new java.io.File(((pathPrefix + java.lang.Integer.toString(counter)) + .png)): null

2018-12-12 20:35:14 - [TEST_STEP][PASSED] - Statement - counter = counter + 1: null

2018-12-12 20:35:14 - [TEST_STEP][PASSED] - Statement - PreSaveFile = new java.io.File(((pathPrefix + java.lang.Integer.toString(counter)) + .png)): null

2018-12-12 20:35:14 - [TEST_STEP][PASSED] - Statement - counter = counter + 1: null

2018-12-12 20:35:14 - [TEST_STEP][PASSED] - Statement - PreSaveFile = new java.io.File(((pathPrefix + java.lang.Integer.toString(counter)) + .png)): null

2018-12-12 20:35:14 - [TEST_STEP][PASSED] - Statement - counter = counter + 1: null

2018-12-12 20:35:14 - [TEST_STEP][PASSED] - Statement - PreSaveFile = new java.io.File(((pathPrefix + java.lang.Integer.toString(counter)) + .png)): null

2018-12-12 20:35:14 - [TEST_STEP][PASSED] - Statement - counter = counter + 1: null

2018-12-12 20:35:14 - [TEST_STEP][PASSED] - Statement - PreSaveFile = new java.io.File(((pathPrefix + java.lang.Integer.toString(counter)) + .png)): null

2018-12-12 20:35:14 - [TEST_STEP][PASSED] - Statement - counter = counter + 1: null

2018-12-12 20:35:14 - [TEST_STEP][PASSED] - Statement - PreSaveFile = new java.io.File(((pathPrefix + java.lang.Integer.toString(counter)) + .png)): null

2018-12-12 20:35:14 - [TEST_STEP][PASSED] - Statement - counter = counter + 1: null

2018-12-12 20:35:14 - [TEST_STEP][PASSED] - Statement - PreSaveFile = new java.io.File(((pathPrefix + java.lang.Integer.toString(counter)) + .png)): null

2018-12-12 20:35:14 - [TEST_STEP][PASSED] - Statement - counter = counter + 1: null

2018-12-12 20:35:14 - [TEST_STEP][PASSED] - Statement - PreSaveFile = new java.io.File(((pathPrefix + java.lang.Integer.toString(counter)) + .png)): null

2018-12-12 20:35:14 - [TEST_STEP][PASSED] - Statement - counter = counter + 1: null

2018-12-12 20:35:14 - [TEST_STEP][PASSED] - Statement - PreSaveFile = new java.io.File(((pathPrefix + java.lang.Integer.toString(counter)) + .png)): null

2018-12-12 20:35:14 - [TEST_STEP][PASSED] - Statement - counter = counter + 1: null

2018-12-12 20:35:14 - [TEST_STEP][PASSED] - Statement - PreSaveFile = new java.io.File(((pathPrefix + java.lang.Integer.toString(counter)) + .png)): null

2018-12-12 20:35:14 - [TEST_STEP][PASSED] - Statement - counter = counter + 1: null

2018-12-12 20:35:14 - [TEST_STEP][PASSED] - Statement - PreSaveFile = new java.io.File(((pathPrefix + java.lang.Integer.toString(counter)) + .png)): null

2018-12-12 20:35:14 - [TEST_STEP][PASSED] - Statement - counter = counter + 1: null

2018-12-12 20:35:14 - [TEST_STEP][PASSED] - Statement - PreSaveFile = new java.io.File(((pathPrefix + java.lang.Integer.toString(counter)) + .png)): null

2018-12-12 20:35:14 - [TEST_STEP][PASSED] - Statement - counter = counter + 1: null

2018-12-12 20:35:14 - [TEST_STEP][PASSED] - Statement - PreSaveFile = new java.io.File(((pathPrefix + java.lang.Integer.toString(counter)) + .png)): null

2018-12-12 20:35:14 - [TEST_STEP][PASSED] - Statement - counter = counter + 1: null

2018-12-12 20:35:14 - [TEST_STEP][PASSED] - Statement - PreSaveFile = new java.io.File(((pathPrefix + java.lang.Integer.toString(counter)) + .png)): null

2018-12-12 20:35:14 - [TEST_STEP][PASSED] - Statement - counter = counter + 1: null

2018-12-12 20:35:14 - [TEST_STEP][PASSED] - Statement - PreSaveFile = new java.io.File(((pathPrefix + java.lang.Integer.toString(counter)) + .png)): null

2018-12-12 20:35:14 - [TEST_STEP][PASSED] - Statement - counter = counter + 1: null

2018-12-12 20:35:14 - [TEST_STEP][PASSED] - Statement - PreSaveFile = new java.io.File(((pathPrefix + java.lang.Integer.toString(counter)) + .png)): null

2018-12-12 20:35:14 - [TEST_STEP][PASSED] - Statement - counter = counter + 1: null

2018-12-12 20:35:14 - [TEST_STEP][PASSED] - Statement - PreSaveFile = new java.io.File(((pathPrefix + java.lang.Integer.toString(counter)) + .png)): null

2018-12-12 20:35:14 - [TEST_STEP][PASSED] - Statement - counter = counter + 1: null

2018-12-12 20:35:14 - [TEST_STEP][PASSED] - Statement - PreSaveFile = new java.io.File(((pathPrefix + java.lang.Integer.toString(counter)) + .png)): null

2018-12-12 20:35:14 - [TEST_STEP][PASSED] - Statement - counter = counter + 1: null

2018-12-12 20:35:14 - [TEST_STEP][PASSED] - Statement - PreSaveFile = new java.io.File(((pathPrefix + java.lang.Integer.toString(counter)) + .png)): null

2018-12-12 20:35:14 - [TEST_STEP][PASSED] - Statement - counter = counter + 1: null

2018-12-12 20:35:14 - [TEST_STEP][PASSED] - Statement - PreSaveFile = new java.io.File(((pathPrefix + java.lang.Integer.toString(counter)) + .png)): null

2018-12-12 20:35:14 - [TEST_STEP][PASSED] - Statement - counter = counter + 1: null

2018-12-12 20:35:14 - [TEST_STEP][PASSED] - Statement - PreSaveFile = new java.io.File(((pathPrefix + java.lang.Integer.toString(counter)) + .png)): null

2018-12-12 20:35:14 - [TEST_STEP][PASSED] - Statement - counter = counter + 1: null

2018-12-12 20:35:14 - [TEST_STEP][PASSED] - Statement - PreSaveFile = new java.io.File(((pathPrefix + java.lang.Integer.toString(counter)) + .png)): null

2018-12-12 20:35:14 - [TEST_STEP][PASSED] - Statement - counter = counter + 1: null

2018-12-12 20:35:14 - [TEST_STEP][PASSED] - Statement - PreSaveFile = new java.io.File(((pathPrefix + java.lang.Integer.toString(counter)) + .png)): null

2018-12-12 20:35:14 - [TEST_STEP][PASSED] - Statement - counter = counter + 1: null

2018-12-12 20:35:14 - [TEST_STEP][PASSED] - Statement - PreSaveFile = new java.io.File(((pathPrefix + java.lang.Integer.toString(counter)) + .png)): null

2018-12-12 20:35:14 - [TEST_STEP][PASSED] - Statement - counter = counter + 1: null

2018-12-12 20:35:14 - [TEST_STEP][PASSED] - Statement - PreSaveFile = new java.io.File(((pathPrefix + java.lang.Integer.toString(counter)) + .png)): null

2018-12-12 20:35:14 - [TEST_STEP][PASSED] - Statement - counter = counter + 1: null

2018-12-12 20:35:14 - [TEST_STEP][PASSED] - Statement - PreSaveFile = new java.io.File(((pathPrefix + java.lang.Integer.toString(counter)) + .png)): null

2018-12-12 20:35:14 - [TEST_STEP][PASSED] - Statement - counter = counter + 1: null

2018-12-12 20:35:14 - [TEST_STEP][PASSED] - Statement - PreSaveFile = new java.io.File(((pathPrefix + java.lang.Integer.toString(counter)) + .png)): null

2018-12-12 20:35:14 - [TEST_STEP][PASSED] - Statement - counter = counter + 1: null

2018-12-12 20:35:14 - [TEST_STEP][PASSED] - Statement - PreSaveFile = new java.io.File(((pathPrefix + java.lang.Integer.toString(counter)) + .png)): null

2018-12-12 20:35:14 - [TEST_STEP][PASSED] - Statement - counter = counter + 1: null

2018-12-12 20:35:14 - [TEST_STEP][PASSED] - Statement - PreSaveFile = new java.io.File(((pathPrefix + java.lang.Integer.toString(counter)) + .png)): null

2018-12-12 20:35:14 - [TEST_STEP][PASSED] - Statement - counter = counter + 1: null

2018-12-12 20:35:14 - [TEST_STEP][PASSED] - Statement - PreSaveFile = new java.io.File(((pathPrefix + java.lang.Integer.toString(counter)) + .png)): null

2018-12-12 20:35:14 - [TEST_STEP][PASSED] - Statement - counter = counter + 1: null

2018-12-12 20:35:14 - [TEST_STEP][PASSED] - Statement - PreSaveFile = new java.io.File(((pathPrefix + java.lang.Integer.toString(counter)) + .png)): null

2018-12-12 20:35:14 - [TEST_STEP][PASSED] - Statement - counter = counter + 1: null

2018-12-12 20:35:14 - [TEST_STEP][PASSED] - Statement - PreSaveFile = new java.io.File(((pathPrefix + java.lang.Integer.toString(counter)) + .png)): null

2018-12-12 20:35:14 - [TEST_STEP][PASSED] - Statement - counter = counter + 1: null

2018-12-12 20:35:14 - [TEST_STEP][PASSED] - Statement - PreSaveFile = new java.io.File(((pathPrefix + java.lang.Integer.toString(counter)) + .png)): null

2018-12-12 20:35:14 - [TEST_STEP][PASSED] - Statement - counter = counter + 1: null

2018-12-12 20:35:14 - [TEST_STEP][PASSED] - Statement - PreSaveFile = new java.io.File(((pathPrefix + java.lang.Integer.toString(counter)) + .png)): null

2018-12-12 20:35:14 - [TEST_STEP][PASSED] - Statement - counter = counter + 1: null

2018-12-12 20:35:14 - [TEST_STEP][PASSED] - Statement - PreSaveFile = new java.io.File(((pathPrefix + java.lang.Integer.toString(counter)) + .png)): null

2018-12-12 20:35:14 - [TEST_STEP][PASSED] - Statement - finalPath = pathPrefix + java.lang.Integer.toString(counter) + ".png": null

2018-12-12 20:35:14 - [TEST_STEP][PASSED] - Statement - SaveFile = new java.io.File(finalPath): null

2018-12-12 20:35:14 - [TEST_STEP][PASSED] - Statement - Try: null

2018-12-12 20:35:14 - [TEST_STEP][PASSED] - Statement - org.apache.commons.io.FileUtils.copyFile(scrFile, SaveFile): null

2018-12-12 20:35:14 - [TEST_STEP][PASSED] - Statement - out.println("file kept"): null

2018-12-12 20:35:14 - [TEST_STEP][PASSED] - delay: Delayed 10 second(s)

2018-12-12 20:35:24 - [MESSAGE][PASSED] - Delayed 10 second(s)

2018-12-12 20:35:24 - [MESSAGE][PASSED] - Call Test Case 'Test Cases/Final Aug 2018 - PKS Automation/Registration Module/New Registration/Submit and Screenshot/Submit Registration and Screenshot' successfully

2018-12-12 20:35:24 - [TEST_STEP][PASSED] - delay: Delayed 5 second(s)

2018-12-12 20:35:29 - [MESSAGE][PASSED] - Delayed 5 second(s)

2018-12-12 20:35:29 - [TEST_STEP][PASSED] - callTestCase: Call Test Case 'Test Cases/Final Aug 2018 - PKS Automation/Registration Module/Log Out/log out avoiding katalon tagging' successfully

2018-12-12 20:35:29 - [TEST_CASE][PASSED] - Test Cases/Final Aug 2018 - PKS Automation/Registration Module/Log Out/log out avoiding katalon tagging: Test Cases/Final Aug 2018 - PKS Automation/Registration Module/Log Out/log out avoiding katalon tagging

2018-12-12 20:35:29 - [TEST_STEP][PASSED] - navigateToUrl: Navigate to 'https://assist2-uat.perkeso.gov.my/c/portal/logout' successfully

2018-12-12 20:35:30 - [MESSAGE][PASSED] - Navigate to 'https://assist2-uat.perkeso.gov.my/c/portal/logout' successfully

2018-12-12 20:35:30 - [MESSAGE][PASSED] - Call Test Case 'Test Cases/Final Aug 2018 - PKS Automation/Registration Module/Log Out/log out avoiding katalon tagging' successfully

2018-12-12 20:35:30 - [TEST_STEP][PASSED] - callTestCase: Call Test Case 'Test Cases/Final Aug 2018 - PKS Automation/Common/Workflow Owner Finder' successfully

2018-12-12 20:35:30 - [TEST_CASE][PASSED] - Test Cases/Final Aug 2018 - PKS Automation/Common/Workflow Owner Finder: Test Cases/Final Aug 2018 - PKS Automation/Common/Workflow Owner Finder

2018-12-12 20:35:30 - [TEST_STEP][PASSED] - openBrowser: Browser is opened with url: ''

2018-12-12 20:35:30 - [MESSAGE][WARNING] - A browser is already opened. Closing browser and opening a new one

2018-12-12 20:35:34 - [MESSAGE][PASSED] - Browser is opened with url: ''

2018-12-12 20:35:34 - [TEST_STEP][PASSED] - navigateToUrl: Navigate to 'https://assist2-uat.perkeso.gov.my/login' successfully

2018-12-12 20:35:35 - [MESSAGE][PASSED] - Navigate to 'https://assist2-uat.perkeso.gov.my/login' successfully

2018-12-12 20:35:35 - [TEST_STEP][PASSED] - delay: Delayed 5 second(s)

2018-12-12 20:35:40 - [MESSAGE][PASSED] - Delayed 5 second(s)

2018-12-12 20:35:40 - [TEST_STEP][PASSED] - setText: Text 'test@liferay.com' is set on object 'Object Repository/Final Object Repo/Login Page/Internal User/Email Address'

2018-12-12 20:35:40 - [MESSAGE][PASSED] - Text 'test@liferay.com' is set on object 'Object Repository/Final Object Repo/Login Page/Internal User/Email Address'

2018-12-12 20:35:40 - [TEST_STEP][PASSED] - click: Object: 'Object Repository/Final Object Repo/Login Page/Internal User/Next Button' is clicked on

2018-12-12 20:35:40 - [MESSAGE][PASSED] - Object: 'Object Repository/Final Object Repo/Login Page/Internal User/Next Button' is clicked on

2018-12-12 20:35:40 - [TEST_STEP][PASSED] - delay: Delayed 2 second(s)

2018-12-12 20:35:42 - [MESSAGE][PASSED] - Delayed 2 second(s)

2018-12-12 20:35:42 - [TEST_STEP][PASSED] - setText: Text 'test' is set on object 'Object Repository/Final Object Repo/Login Page/Internal User/Password'

2018-12-12 20:35:43 - [MESSAGE][PASSED] - Text 'test' is set on object 'Object Repository/Final Object Repo/Login Page/Internal User/Password'

2018-12-12 20:35:43 - [TEST_STEP][PASSED] - delay: Delayed 2 second(s)

2018-12-12 20:35:45 - [MESSAGE][PASSED] - Delayed 2 second(s)

2018-12-12 20:35:45 - [TEST_STEP][PASSED] - click: Object: 'Object Repository/Final Object Repo/Login Page/Internal User/Login Button' is clicked on

2018-12-12 20:35:45 - [MESSAGE][PASSED] - Object: 'Object Repository/Final Object Repo/Login Page/Internal User/Login Button' is clicked on

2018-12-12 20:35:45 - [TEST_STEP][PASSED] - Statement - tester = com.kms.katalon.core.testobject.ObjectRepository.findTestObject(Final Object Repo/Landing Page/Select to English): Finding Test Object with id 'Object Repository/Final Object Repo/Landing Page/Select to English'

2018-12-12 20:35:45 - [TEST_STEP][PASSED] - Statement - Try: Delayed 2 second(s)

2018-12-12 20:35:45 - [TEST_STEP][PASSED] - Statement - Checker = com.kms.katalon.core.webui.keyword.WebUiBuiltInKeywords.verifyElementNotPresent(tester, 3): Web element with id: 'Object Repository/Final Object Repo/Landing Page/Select to English' located by 'By.xpath: //a[@class = 'taglib-language-list-text' and @lang = 'en-US' and (contains(text(), 'EN') or contains(., 'EN'))]' is not present after '3' second(s)

2018-12-12 20:35:47 - [MESSAGE][PASSED] - Web element with id: 'Object Repository/Final Object Repo/Landing Page/Select to English' located by 'By.xpath: //a[@class = 'taglib-language-list-text' and @lang = 'en-US' and (contains(text(), 'EN') or contains(., 'EN'))]' is not present after '3' second(s)

2018-12-12 20:35:47 - [TEST_STEP][PASSED] - Statement - If (Checker == false): null

2018-12-12 20:35:47 - [TEST_STEP][PASSED] - delay: Delayed 2 second(s)

2018-12-12 20:35:49 - [MESSAGE][PASSED] - Delayed 2 second(s)

2018-12-12 20:35:49 - [TEST_STEP][PASSED] - delay: Delayed 5 second(s)

2018-12-12 20:35:54 - [MESSAGE][PASSED] - Delayed 5 second(s)

2018-12-12 20:35:54 - [TEST_STEP][PASSED] - mouseOver: Object: 'Object Repository/Final Object Repo/Landing Page/WorkFlow Menu' is hovered

2018-12-12 20:35:54 - [MESSAGE][PASSED] - Object: 'Object Repository/Final Object Repo/Landing Page/WorkFlow Menu' is hovered

2018-12-12 20:35:54 - [TEST_STEP][PASSED] - delay: Delayed 2 second(s)

2018-12-12 20:35:56 - [MESSAGE][PASSED] - Delayed 2 second(s)

2018-12-12 20:35:56 - [TEST_STEP][PASSED] - click: Object: 'Object Repository/Final Object Repo/Landing Page/Select to Workflow Listing' is clicked on

2018-12-12 20:35:57 - [MESSAGE][PASSED] - Object: 'Object Repository/Final Object Repo/Landing Page/Select to Workflow Listing' is clicked on

2018-12-12 20:35:57 - [TEST_STEP][PASSED] - delay: Delayed 2 second(s)

2018-12-12 20:35:59 - [MESSAGE][PASSED] - Delayed 2 second(s)

2018-12-12 20:35:59 - [TEST_STEP][PASSED] - click: Object: 'Object Repository/Final Object Repo/WorkFlow Listing Page/Search Information - To Put Ref No' is clicked on

2018-12-12 20:35:59 - [MESSAGE][PASSED] - Object: 'Object Repository/Final Object Repo/WorkFlow Listing Page/Search Information - To Put Ref No' is clicked on

2018-12-12 20:35:59 - [TEST_STEP][PASSED] - delay: Delayed 2 second(s)

2018-12-12 20:36:01 - [MESSAGE][PASSED] - Delayed 2 second(s)

2018-12-12 20:36:01 - [TEST_STEP][PASSED] - callTestCase: Call Test Case 'Test Cases/Final Aug 2018 - PKS Automation/Common/Reference Number Getter' successfully

2018-12-12 20:36:01 - [TEST_CASE][PASSED] - Test Cases/Final Aug 2018 - PKS Automation/Common/Reference Number Getter: Test Cases/Final Aug 2018 - PKS Automation/Common/Reference Number Getter

2018-12-12 20:36:01 - [TEST_STEP][PASSED] - Statement - Try: null

2018-12-12 20:36:01 - [TEST_STEP][PASSED] - Statement - RefNo = new java.io.File(C://Users//Admin//Desktop//PKS//Automation Reference Point//KatalonReference.txt): null

2018-12-12 20:36:01 - [TEST_STEP][PASSED] - Statement - bufferread = new java.io.BufferedReader(new java.io.FileReader(RefNo)): null

2018-12-12 20:36:01 - [TEST_STEP][PASSED] - Statement - readedVal = bufferread.readLine(): null

2018-12-12 20:36:01 - [TEST_STEP][PASSED] - Statement - out.println(CaseReferenceNo): null

2018-12-12 20:36:01 - [TEST_STEP][PASSED] - Statement - out.println(readedVal): null

2018-12-12 20:36:01 - [TEST_STEP][PASSED] - Statement - CaseReferenceNo = "": null

2018-12-12 20:36:01 - [TEST_STEP][PASSED] - Statement - CaseReferenceNo = readedVal: null

2018-12-12 20:36:01 - [MESSAGE][PASSED] - Call Test Case 'Test Cases/Final Aug 2018 - PKS Automation/Common/Reference Number Getter' successfully

2018-12-12 20:36:01 - [TEST_STEP][PASSED] - setText: Text 'CRN12201800123236' is set on object 'Object Repository/Final Object Repo/WorkFlow Listing Page/Ref No Set Text'

2018-12-12 20:36:01 - [MESSAGE][PASSED] - Text 'CRN12201800123236' is set on object 'Object Repository/Final Object Repo/WorkFlow Listing Page/Ref No Set Text'

2018-12-12 20:36:01 - [TEST_STEP][PASSED] - delay: Delayed 2 second(s)

2018-12-12 20:36:03 - [MESSAGE][PASSED] - Delayed 2 second(s)

2018-12-12 20:36:03 - [TEST_STEP][PASSED] - click: Object: 'Object Repository/Final Object Repo/WorkFlow Listing Page/Search Ref No Search Button' is clicked on

2018-12-12 20:36:04 - [MESSAGE][PASSED] - Object: 'Object Repository/Final Object Repo/WorkFlow Listing Page/Search Ref No Search Button' is clicked on

2018-12-12 20:36:04 - [TEST_STEP][PASSED] - delay: Delayed 6 second(s)

2018-12-12 20:36:10 - [MESSAGE][PASSED] - Delayed 6 second(s)

2018-12-12 20:36:10 - [TEST_STEP][PASSED] - click: Object: 'Object Repository/Final Object Repo/WorkFlow Listing Page/Click Continue Tooltip' is clicked on

2018-12-12 20:36:10 - [MESSAGE][PASSED] - Object: 'Object Repository/Final Object Repo/WorkFlow Listing Page/Click Continue Tooltip' is clicked on

2018-12-12 20:36:10 - [TEST_STEP][PASSED] - delay: Delayed 5 second(s)

2018-12-12 20:36:15 - [MESSAGE][PASSED] - Delayed 5 second(s)

2018-12-12 20:36:15 - [TEST_STEP][PASSED] - doubleClick: Object: 'Object Repository/Final Object Repo/WorkFlow Listing Page/Workflow Found - Listing 1' is double clicked on

2018-12-12 20:36:16 - [MESSAGE][PASSED] - Object: 'Object Repository/Final Object Repo/WorkFlow Listing Page/Workflow Found - Listing 1' is double clicked on

2018-12-12 20:36:16 - [TEST_STEP][PASSED] - Statement - println(OwnerID): null

2018-12-12 20:36:16 - [TEST_STEP][PASSED] - Statement - OwnerID = com.kms.katalon.core.webui.keyword.WebUiBuiltInKeywords.getText(com.kms.katalon.core.testobject.ObjectRepository.findTestObject(Final Object Repo/WorkFlow Listing Page/Workflow Found - Listing 1), STOP_ON_FAILURE): Text of object 'Object Repository/Final Object Repo/WorkFlow Listing Page/Workflow Found - Listing 1' is: 'JOHORro2'

2018-12-12 20:36:16 - [MESSAGE][PASSED] - Text of object 'Object Repository/Final Object Repo/WorkFlow Listing Page/Workflow Found - Listing 1' is: 'JOHORro2'

2018-12-12 20:36:16 - [TEST_STEP][PASSED] - Statement - OwnerID = OwnerID.toLowerCase() + "@gmail.com": null

2018-12-12 20:36:16 - [TEST_STEP][PASSED] - Statement - println(OwnerID): null

2018-12-12 20:36:16 - [TEST_STEP][PASSED] - delay: Delayed 2 second(s)

2018-12-12 20:36:18 - [MESSAGE][PASSED] - Delayed 2 second(s)

2018-12-12 20:36:18 - [MESSAGE][PASSED] - Call Test Case 'Test Cases/Final Aug 2018 - PKS Automation/Common/Workflow Owner Finder' successfully

2018-12-12 20:36:18 - [TEST_STEP][PASSED] - callTestCase: Call Test Case 'Test Cases/Final Aug 2018 - PKS Automation/Registration Module/Log Out/log out avoiding katalon tagging' successfully

2018-12-12 20:36:18 - [TEST_CASE][PASSED] - Test Cases/Final Aug 2018 - PKS Automation/Registration Module/Log Out/log out avoiding katalon tagging: Test Cases/Final Aug 2018 - PKS Automation/Registration Module/Log Out/log out avoiding katalon tagging

2018-12-12 20:36:18 - [TEST_STEP][PASSED] - navigateToUrl: Navigate to 'https://assist2-uat.perkeso.gov.my/c/portal/logout' successfully

2018-12-12 20:36:18 - [MESSAGE][PASSED] - Navigate to 'https://assist2-uat.perkeso.gov.my/c/portal/logout' successfully

2018-12-12 20:36:18 - [MESSAGE][PASSED] - Call Test Case 'Test Cases/Final Aug 2018 - PKS Automation/Registration Module/Log Out/log out avoiding katalon tagging' successfully

2018-12-12 20:36:18 - [TEST_STEP][PASSED] - delay: Delayed 2 second(s)

2018-12-12 20:36:20 - [MESSAGE][PASSED] - Delayed 2 second(s)

2018-12-12 20:36:20 - [TEST_STEP][PASSED] - setText: Text 'johorro2@gmail.com' is set on object 'Object Repository/Final Object Repo/New Registration - Registration Module Pages/New Reg - OTC to RO/Special Case - All Related Objects/Email TextBox'

2018-12-12 20:36:21 - [MESSAGE][PASSED] - Text 'johorro2@gmail.com' is set on object 'Object Repository/Final Object Repo/New Registration - Registration Module Pages/New Reg - OTC to RO/Special Case - All Related Objects/Email TextBox'

2018-12-12 20:36:21 - [TEST_STEP][PASSED] - click: Object: 'Object Repository/Final Object Repo/New Registration - Registration Module Pages/New Reg - OTC to RO/Special Case - All Related Objects/Next Button' is clicked on

2018-12-12 20:36:21 - [MESSAGE][PASSED] - Object: 'Object Repository/Final Object Repo/New Registration - Registration Module Pages/New Reg - OTC to RO/Special Case - All Related Objects/Next Button' is clicked on

2018-12-12 20:36:21 - [TEST_STEP][PASSED] - delay: Delayed 2 second(s)

2018-12-12 20:36:23 - [MESSAGE][PASSED] - Delayed 2 second(s)

2018-12-12 20:36:23 - [TEST_STEP][PASSED] - setText: Text 'Test1@3456789' is set on object 'Object Repository/Final Object Repo/New Registration - Registration Module Pages/New Reg - OTC to RO/Special Case - All Related Objects/Password TextBox'

2018-12-12 20:36:23 - [MESSAGE][PASSED] - Text 'Test1@3456789' is set on object 'Object Repository/Final Object Repo/New Registration - Registration Module Pages/New Reg - OTC to RO/Special Case - All Related Objects/Password TextBox'

2018-12-12 20:36:23 - [TEST_STEP][PASSED] - delay: Delayed 2 second(s)

2018-12-12 20:36:25 - [MESSAGE][PASSED] - Delayed 2 second(s)

2018-12-12 20:36:25 - [TEST_STEP][PASSED] - click: Object: 'Object Repository/Final Object Repo/New Registration - Registration Module Pages/New Reg - OTC to RO/Special Case - All Related Objects/Login Button' is clicked on

2018-12-12 20:36:25 - [MESSAGE][PASSED] - Object: 'Object Repository/Final Object Repo/New Registration - Registration Module Pages/New Reg - OTC to RO/Special Case - All Related Objects/Login Button' is clicked on

2018-12-12 20:36:25 - [TEST_STEP][PASSED] - delay: Delayed 2 second(s)

2018-12-12 20:36:27 - [MESSAGE][PASSED] - Delayed 2 second(s)

2018-12-12 20:36:27 - [TEST_STEP][PASSED] - Statement - Try: null

2018-12-12 20:36:27 - [TEST_STEP][PASSED] - Statement - Checker = com.kms.katalon.core.webui.keyword.WebUiBuiltInKeywords.verifyElementNotPresent("Final Object Repo/Landing Page/Select to English", 3): null

2018-12-12 20:36:27 - [TEST_STEP][PASSED] - Statement - Catch (Exception e): null

2018-12-12 20:36:27 - [TEST_STEP][PASSED] - Statement - e.printStackTrace(): null

2018-12-12 20:36:27 - [TEST_STEP][PASSED] - click: Object: 'Object Repository/Final Object Repo/New Registration - Registration Module Pages/New Reg - OTC to RO/Special Case - All Related Objects/Expand to Search' is clicked on

2018-12-12 20:36:28 - [MESSAGE][PASSED] - Object: 'Object Repository/Final Object Repo/New Registration - Registration Module Pages/New Reg - OTC to RO/Special Case - All Related Objects/Expand to Search' is clicked on

2018-12-12 20:36:28 - [TEST_STEP][PASSED] - delay: Delayed 2 second(s)

2018-12-12 20:36:30 - [MESSAGE][PASSED] - Delayed 2 second(s)

2018-12-12 20:36:30 - [TEST_STEP][PASSED] - setText: Text 'CRN12201800123236' is set on object 'Object Repository/Final Object Repo/New Registration - Registration Module Pages/New Reg - OTC to RO/Special Case - All Related Objects/TextBox RefNo in Workbasket'

2018-12-12 20:36:30 - [MESSAGE][PASSED] - Text 'CRN12201800123236' is set on object 'Object Repository/Final Object Repo/New Registration - Registration Module Pages/New Reg - OTC to RO/Special Case - All Related Objects/TextBox RefNo in Workbasket'

2018-12-12 20:36:30 - [TEST_STEP][PASSED] - delay: Delayed 2 second(s)

2018-12-12 20:36:32 - [MESSAGE][PASSED] - Delayed 2 second(s)

2018-12-12 20:36:32 - [TEST_STEP][PASSED] - click: Object: 'Object Repository/Final Object Repo/New Registration - Registration Module Pages/New Reg - OTC to RO/Special Case - All Related Objects/Click Search' is clicked on

2018-12-12 20:36:32 - [MESSAGE][PASSED] - Object: 'Object Repository/Final Object Repo/New Registration - Registration Module Pages/New Reg - OTC to RO/Special Case - All Related Objects/Click Search' is clicked on

2018-12-12 20:36:32 - [TEST_STEP][PASSED] - delay: Delayed 2 second(s)

2018-12-12 20:36:34 - [MESSAGE][PASSED] - Delayed 2 second(s)

2018-12-12 20:36:34 - [TEST_STEP][PASSED] - click: Object: 'Object Repository/Final Object Repo/New Registration - Registration Module Pages/New Reg - OTC to RO/Special Case - All Related Objects/Click to Continue Workflow' is clicked on

2018-12-12 20:36:37 - [MESSAGE][PASSED] - Object: 'Object Repository/Final Object Repo/New Registration - Registration Module Pages/New Reg - OTC to RO/Special Case - All Related Objects/Click to Continue Workflow' is clicked on

2018-12-12 20:36:37 - [TEST_STEP][PASSED] - delay: Delayed 3 second(s)

2018-12-12 20:36:40 - [MESSAGE][PASSED] - Delayed 3 second(s)

2018-12-12 20:36:40 - [TEST_STEP][PASSED] - click: Object: 'Object Repository/Final Object Repo/New Registration - Registration Module Pages/New Reg - OTC to RO/Special Case - All Related Objects/Continue Button in verifying case' is clicked on

2018-12-12 20:36:42 - [MESSAGE][PASSED] - Object: 'Object Repository/Final Object Repo/New Registration - Registration Module Pages/New Reg - OTC to RO/Special Case - All Related Objects/Continue Button in verifying case' is clicked on

2018-12-12 20:36:42 - [TEST_STEP][PASSED] - delay: Delayed 2 second(s)

2018-12-12 20:36:44 - [MESSAGE][PASSED] - Delayed 2 second(s)

2018-12-12 20:36:44 - [TEST_STEP][PASSED] - click: Object: 'Object Repository/Final Object Repo/New Registration - Registration Module Pages/Form 1/Registered As a Branch - Yes' is clicked on

2018-12-12 20:36:44 - [MESSAGE][PASSED] - Object: 'Object Repository/Final Object Repo/New Registration - Registration Module Pages/Form 1/Registered As a Branch - Yes' is clicked on

2018-12-12 20:36:44 - [TEST_STEP][PASSED] - delay: Delayed 2 second(s)

2018-12-12 20:36:46 - [MESSAGE][PASSED] - Delayed 2 second(s)

2018-12-12 20:36:46 - [TEST_STEP][PASSED] - click: Object: 'Object Repository/Final Object Repo/New Registration - Registration Module Pages/New Reg - OTC to RO/Special Case - All Related Objects/Form 1 Save n Continue' is clicked on

2018-12-12 20:36:46 - [MESSAGE][PASSED] - Object: 'Object Repository/Final Object Repo/New Registration - Registration Module Pages/New Reg - OTC to RO/Special Case - All Related Objects/Form 1 Save n Continue' is clicked on

2018-12-12 20:36:46 - [TEST_STEP][PASSED] - delay: Delayed 2 second(s)

2018-12-12 20:36:48 - [MESSAGE][PASSED] - Delayed 2 second(s)

2018-12-12 20:36:48 - [TEST_STEP][PASSED] - click: Object: 'Object Repository/Final Object Repo/New Registration - Registration Module Pages/New Reg - OTC to RO/Special Case - All Related Objects/Form 2 Save n Continue' is clicked on

2018-12-12 20:36:49 - [MESSAGE][PASSED] - Object: 'Object Repository/Final Object Repo/New Registration - Registration Module Pages/New Reg - OTC to RO/Special Case - All Related Objects/Form 2 Save n Continue' is clicked on

2018-12-12 20:36:49 - [TEST_STEP][PASSED] - delay: Delayed 2 second(s)

2018-12-12 20:36:51 - [MESSAGE][PASSED] - Delayed 2 second(s)

2018-12-12 20:36:51 - [TEST_STEP][PASSED] - click: Object: 'Object Repository/Final Object Repo/New Registration - Registration Module Pages/New Reg - OTC to RO/Special Case - All Related Objects/Third Screen Save n Continue' is clicked on

2018-12-12 20:36:56 - [MESSAGE][PASSED] - Object: 'Object Repository/Final Object Repo/New Registration - Registration Module Pages/New Reg - OTC to RO/Special Case - All Related Objects/Third Screen Save n Continue' is clicked on

2018-12-12 20:36:56 - [TEST_STEP][PASSED] - delay: Delayed 5 second(s)

2018-12-12 20:37:01 - [MESSAGE][PASSED] - Delayed 5 second(s)

2018-12-12 20:37:01 - [TEST_STEP][PASSED] - click: Object: 'Object Repository/Final Object Repo/New Registration - Registration Module Pages/New Reg - OTC to RO/Special Case - All Related Objects/Upload Doc Page Save n Continue' is clicked on

2018-12-12 20:37:01 - [MESSAGE][PASSED] - Object: 'Object Repository/Final Object Repo/New Registration - Registration Module Pages/New Reg - OTC to RO/Special Case - All Related Objects/Upload Doc Page Save n Continue' is clicked on

2018-12-12 20:37:01 - [TEST_STEP][PASSED] - callTestCase: Call Test Case 'Test Cases/Final Aug 2018 - PKS Automation/Registration Module/New Registration/Submit and Screenshot/Submit Registration and Screenshot' successfully

2018-12-12 20:37:02 - [TEST_CASE][PASSED] - Test Cases/Final Aug 2018 - PKS Automation/Registration Module/New Registration/Submit and Screenshot/Submit Registration and Screenshot: Test Cases/Final Aug 2018 - PKS Automation/Registration Module/New Registration/Submit and Screenshot/Submit Registration and Screenshot

2018-12-12 20:37:02 - [TEST_STEP][PASSED] - delay: Delayed 6 second(s)

2018-12-12 20:37:08 - [MESSAGE][PASSED] - Delayed 6 second(s)

2018-12-12 20:37:08 - [TEST_STEP][PASSED] - click: Object: 'Object Repository/Final Object Repo/New Registration - Registration Module Pages/Third Screen - Upload Supporting Doc- Preview/Preview Submit Button' is clicked on

2018-12-12 20:37:08 - [MESSAGE][PASSED] - Object: 'Object Repository/Final Object Repo/New Registration - Registration Module Pages/Third Screen - Upload Supporting Doc- Preview/Preview Submit Button' is clicked on

2018-12-12 20:37:08 - [TEST_STEP][PASSED] - delay: Delayed 2 second(s)

2018-12-12 20:37:10 - [MESSAGE][PASSED] - Delayed 2 second(s)

2018-12-12 20:37:10 - [TEST_STEP][PASSED] - click: Object: 'Object Repository/Final Object Repo/New Registration - Registration Module Pages/Third Screen - Upload Supporting Doc- Preview/Preview Submit - Confirm' is clicked on

2018-12-12 20:37:10 - [MESSAGE][PASSED] - Object: 'Object Repository/Final Object Repo/New Registration - Registration Module Pages/Third Screen - Upload Supporting Doc- Preview/Preview Submit - Confirm' is clicked on

2018-12-12 20:37:10 - [TEST_STEP][PASSED] - delay: Delayed 15 second(s)

2018-12-12 20:37:25 - [MESSAGE][PASSED] - Delayed 15 second(s)

2018-12-12 20:37:25 - [TEST_STEP][PASSED] - Statement - driver = com.kms.katalon.core.webui.driver.DriverFactory.getWebDriver(): null

2018-12-12 20:37:25 - [TEST_STEP][PASSED] - Statement - driver.manage().timeouts().implicitlyWait(10, SECONDS): null

2018-12-12 20:37:25 - [TEST_STEP][PASSED] - Statement - PresavePath = KatalonScreenshots: null

2018-12-12 20:37:25 - [TEST_STEP][PASSED] - Statement - pathPrefix = "C:\Users\Public\Pictures\Sample Pictures\Katalon Screenshots\Automate Ending Screen": null

2018-12-12 20:37:25 - [TEST_STEP][PASSED] - Statement - finalPath = <not implemented yet for class: org.codehaus.groovy.ast.expr.EmptyExpression>: null

2018-12-12 20:37:25 - [TEST_STEP][PASSED] - Statement - scrFile = driver.getScreenshotAs(FILE): null

2018-12-12 20:37:25 - [TEST_STEP][PASSED] - Statement - PreSaveFile = new java.io.File(PresavePath): null

2018-12-12 20:37:25 - [TEST_STEP][PASSED] - Statement - counter = 0: null

2018-12-12 20:37:25 - [TEST_STEP][PASSED] - Statement - If (PreSaveFile.exists()): null

2018-12-12 20:37:25 - [TEST_STEP][PASSED] - Statement - While (PreSaveFile.exists()): null

2018-12-12 20:37:25 - [TEST_STEP][PASSED] - Statement - counter = counter + 1: null

2018-12-12 20:37:25 - [TEST_STEP][PASSED] - Statement - PreSaveFile = new java.io.File(((pathPrefix + java.lang.Integer.toString(counter)) + .png)): null

2018-12-12 20:37:25 - [TEST_STEP][PASSED] - Statement - counter = counter + 1: null

2018-12-12 20:37:25 - [TEST_STEP][PASSED] - Statement - PreSaveFile = new java.io.File(((pathPrefix + java.lang.Integer.toString(counter)) + .png)): null

2018-12-12 20:37:25 - [TEST_STEP][PASSED] - Statement - counter = counter + 1: null

2018-12-12 20:37:25 - [TEST_STEP][PASSED] - Statement - PreSaveFile = new java.io.File(((pathPrefix + java.lang.Integer.toString(counter)) + .png)): null

2018-12-12 20:37:25 - [TEST_STEP][PASSED] - Statement - counter = counter + 1: null

2018-12-12 20:37:25 - [TEST_STEP][PASSED] - Statement - PreSaveFile = new java.io.File(((pathPrefix + java.lang.Integer.toString(counter)) + .png)): null

2018-12-12 20:37:25 - [TEST_STEP][PASSED] - Statement - counter = counter + 1: null

2018-12-12 20:37:25 - [TEST_STEP][PASSED] - Statement - PreSaveFile = new java.io.File(((pathPrefix + java.lang.Integer.toString(counter)) + .png)): null

2018-12-12 20:37:25 - [TEST_STEP][PASSED] - Statement - counter = counter + 1: null

2018-12-12 20:37:25 - [TEST_STEP][PASSED] - Statement - PreSaveFile = new java.io.File(((pathPrefix + java.lang.Integer.toString(counter)) + .png)): null

2018-12-12 20:37:25 - [TEST_STEP][PASSED] - Statement - counter = counter + 1: null

2018-12-12 20:37:25 - [TEST_STEP][PASSED] - Statement - PreSaveFile = new java.io.File(((pathPrefix + java.lang.Integer.toString(counter)) + .png)): null

2018-12-12 20:37:25 - [TEST_STEP][PASSED] - Statement - counter = counter + 1: null

2018-12-12 20:37:25 - [TEST_STEP][PASSED] - Statement - PreSaveFile = new java.io.File(((pathPrefix + java.lang.Integer.toString(counter)) + .png)): null

2018-12-12 20:37:25 - [TEST_STEP][PASSED] - Statement - counter = counter + 1: null

2018-12-12 20:37:25 - [TEST_STEP][PASSED] - Statement - PreSaveFile = new java.io.File(((pathPrefix + java.lang.Integer.toString(counter)) + .png)): null

2018-12-12 20:37:25 - [TEST_STEP][PASSED] - Statement - counter = counter + 1: null

2018-12-12 20:37:25 - [TEST_STEP][PASSED] - Statement - PreSaveFile = new java.io.File(((pathPrefix + java.lang.Integer.toString(counter)) + .png)): null

2018-12-12 20:37:25 - [TEST_STEP][PASSED] - Statement - counter = counter + 1: null

2018-12-12 20:37:25 - [TEST_STEP][PASSED] - Statement - PreSaveFile = new java.io.File(((pathPrefix + java.lang.Integer.toString(counter)) + .png)): null

2018-12-12 20:37:25 - [TEST_STEP][PASSED] - Statement - counter = counter + 1: null

2018-12-12 20:37:25 - [TEST_STEP][PASSED] - Statement - PreSaveFile = new java.io.File(((pathPrefix + java.lang.Integer.toString(counter)) + .png)): null

2018-12-12 20:37:25 - [TEST_STEP][PASSED] - Statement - counter = counter + 1: null

2018-12-12 20:37:25 - [TEST_STEP][PASSED] - Statement - PreSaveFile = new java.io.File(((pathPrefix + java.lang.Integer.toString(counter)) + .png)): null

2018-12-12 20:37:25 - [TEST_STEP][PASSED] - Statement - counter = counter + 1: null

2018-12-12 20:37:25 - [TEST_STEP][PASSED] - Statement - PreSaveFile = new java.io.File(((pathPrefix + java.lang.Integer.toString(counter)) + .png)): null

2018-12-12 20:37:25 - [TEST_STEP][PASSED] - Statement - counter = counter + 1: null

2018-12-12 20:37:25 - [TEST_STEP][PASSED] - Statement - PreSaveFile = new java.io.File(((pathPrefix + java.lang.Integer.toString(counter)) + .png)): null

2018-12-12 20:37:25 - [TEST_STEP][PASSED] - Statement - counter = counter + 1: null

2018-12-12 20:37:25 - [TEST_STEP][PASSED] - Statement - PreSaveFile = new java.io.File(((pathPrefix + java.lang.Integer.toString(counter)) + .png)): null

2018-12-12 20:37:25 - [TEST_STEP][PASSED] - Statement - counter = counter + 1: null

2018-12-12 20:37:25 - [TEST_STEP][PASSED] - Statement - PreSaveFile = new java.io.File(((pathPrefix + java.lang.Integer.toString(counter)) + .png)): null

2018-12-12 20:37:25 - [TEST_STEP][PASSED] - Statement - counter = counter + 1: null

2018-12-12 20:37:25 - [TEST_STEP][PASSED] - Statement - PreSaveFile = new java.io.File(((pathPrefix + java.lang.Integer.toString(counter)) + .png)): null

2018-12-12 20:37:25 - [TEST_STEP][PASSED] - Statement - counter = counter + 1: null

2018-12-12 20:37:25 - [TEST_STEP][PASSED] - Statement - PreSaveFile = new java.io.File(((pathPrefix + java.lang.Integer.toString(counter)) + .png)): null

2018-12-12 20:37:25 - [TEST_STEP][PASSED] - Statement - counter = counter + 1: null

2018-12-12 20:37:25 - [TEST_STEP][PASSED] - Statement - PreSaveFile = new java.io.File(((pathPrefix + java.lang.Integer.toString(counter)) + .png)): null

2018-12-12 20:37:25 - [TEST_STEP][PASSED] - Statement - counter = counter + 1: null

2018-12-12 20:37:25 - [TEST_STEP][PASSED] - Statement - PreSaveFile = new java.io.File(((pathPrefix + java.lang.Integer.toString(counter)) + .png)): null

2018-12-12 20:37:25 - [TEST_STEP][PASSED] - Statement - counter = counter + 1: null

2018-12-12 20:37:25 - [TEST_STEP][PASSED] - Statement - PreSaveFile = new java.io.File(((pathPrefix + java.lang.Integer.toString(counter)) + .png)): null

2018-12-12 20:37:25 - [TEST_STEP][PASSED] - Statement - counter = counter + 1: null

2018-12-12 20:37:25 - [TEST_STEP][PASSED] - Statement - PreSaveFile = new java.io.File(((pathPrefix + java.lang.Integer.toString(counter)) + .png)): null

2018-12-12 20:37:25 - [TEST_STEP][PASSED] - Statement - counter = counter + 1: null

2018-12-12 20:37:25 - [TEST_STEP][PASSED] - Statement - PreSaveFile = new java.io.File(((pathPrefix + java.lang.Integer.toString(counter)) + .png)): null

2018-12-12 20:37:25 - [TEST_STEP][PASSED] - Statement - counter = counter + 1: null

2018-12-12 20:37:25 - [TEST_STEP][PASSED] - Statement - PreSaveFile = new java.io.File(((pathPrefix + java.lang.Integer.toString(counter)) + .png)): null

2018-12-12 20:37:25 - [TEST_STEP][PASSED] - Statement - counter = counter + 1: null

2018-12-12 20:37:25 - [TEST_STEP][PASSED] - Statement - PreSaveFile = new java.io.File(((pathPrefix + java.lang.Integer.toString(counter)) + .png)): null

2018-12-12 20:37:25 - [TEST_STEP][PASSED] - Statement - counter = counter + 1: null

2018-12-12 20:37:25 - [TEST_STEP][PASSED] - Statement - PreSaveFile = new java.io.File(((pathPrefix + java.lang.Integer.toString(counter)) + .png)): null

2018-12-12 20:37:25 - [TEST_STEP][PASSED] - Statement - counter = counter + 1: null

2018-12-12 20:37:25 - [TEST_STEP][PASSED] - Statement - PreSaveFile = new java.io.File(((pathPrefix + java.lang.Integer.toString(counter)) + .png)): null

2018-12-12 20:37:25 - [TEST_STEP][PASSED] - Statement - counter = counter + 1: null

2018-12-12 20:37:25 - [TEST_STEP][PASSED] - Statement - PreSaveFile = new java.io.File(((pathPrefix + java.lang.Integer.toString(counter)) + .png)): null

2018-12-12 20:37:25 - [TEST_STEP][PASSED] - Statement - counter = counter + 1: null

2018-12-12 20:37:25 - [TEST_STEP][PASSED] - Statement - PreSaveFile = new java.io.File(((pathPrefix + java.lang.Integer.toString(counter)) + .png)): null

2018-12-12 20:37:25 - [TEST_STEP][PASSED] - Statement - counter = counter + 1: null

2018-12-12 20:37:25 - [TEST_STEP][PASSED] - Statement - PreSaveFile = new java.io.File(((pathPrefix + java.lang.Integer.toString(counter)) + .png)): null

2018-12-12 20:37:25 - [TEST_STEP][PASSED] - Statement - counter = counter + 1: null

2018-12-12 20:37:25 - [TEST_STEP][PASSED] - Statement - PreSaveFile = new java.io.File(((pathPrefix + java.lang.Integer.toString(counter)) + .png)): null

2018-12-12 20:37:25 - [TEST_STEP][PASSED] - Statement - counter = counter + 1: null

2018-12-12 20:37:25 - [TEST_STEP][PASSED] - Statement - PreSaveFile = new java.io.File(((pathPrefix + java.lang.Integer.toString(counter)) + .png)): null

2018-12-12 20:37:25 - [TEST_STEP][PASSED] - Statement - counter = counter + 1: null

2018-12-12 20:37:25 - [TEST_STEP][PASSED] - Statement - PreSaveFile = new java.io.File(((pathPrefix + java.lang.Integer.toString(counter)) + .png)): null

2018-12-12 20:37:25 - [TEST_STEP][PASSED] - Statement - counter = counter + 1: null

2018-12-12 20:37:25 - [TEST_STEP][PASSED] - Statement - PreSaveFile = new java.io.File(((pathPrefix + java.lang.Integer.toString(counter)) + .png)): null

2018-12-12 20:37:25 - [TEST_STEP][PASSED] - Statement - counter = counter + 1: null

2018-12-12 20:37:25 - [TEST_STEP][PASSED] - Statement - PreSaveFile = new java.io.File(((pathPrefix + java.lang.Integer.toString(counter)) + .png)): null

2018-12-12 20:37:25 - [TEST_STEP][PASSED] - Statement - counter = counter + 1: null

2018-12-12 20:37:25 - [TEST_STEP][PASSED] - Statement - PreSaveFile = new java.io.File(((pathPrefix + java.lang.Integer.toString(counter)) + .png)): null

2018-12-12 20:37:25 - [TEST_STEP][PASSED] - Statement - counter = counter + 1: null

2018-12-12 20:37:25 - [TEST_STEP][PASSED] - Statement - PreSaveFile = new java.io.File(((pathPrefix + java.lang.Integer.toString(counter)) + .png)): null

2018-12-12 20:37:25 - [TEST_STEP][PASSED] - Statement - counter = counter + 1: null

2018-12-12 20:37:25 - [TEST_STEP][PASSED] - Statement - PreSaveFile = new java.io.File(((pathPrefix + java.lang.Integer.toString(counter)) + .png)): null

2018-12-12 20:37:25 - [TEST_STEP][PASSED] - Statement - counter = counter + 1: null

2018-12-12 20:37:25 - [TEST_STEP][PASSED] - Statement - PreSaveFile = new java.io.File(((pathPrefix + java.lang.Integer.toString(counter)) + .png)): null

2018-12-12 20:37:25 - [TEST_STEP][PASSED] - Statement - counter = counter + 1: null

2018-12-12 20:37:25 - [TEST_STEP][PASSED] - Statement - PreSaveFile = new java.io.File(((pathPrefix + java.lang.Integer.toString(counter)) + .png)): null

2018-12-12 20:37:25 - [TEST_STEP][PASSED] - Statement - counter = counter + 1: null

2018-12-12 20:37:25 - [TEST_STEP][PASSED] - Statement - PreSaveFile = new java.io.File(((pathPrefix + java.lang.Integer.toString(counter)) + .png)): null

2018-12-12 20:37:25 - [TEST_STEP][PASSED] - Statement - counter = counter + 1: null

2018-12-12 20:37:25 - [TEST_STEP][PASSED] - Statement - PreSaveFile = new java.io.File(((pathPrefix + java.lang.Integer.toString(counter)) + .png)): null

2018-12-12 20:37:25 - [TEST_STEP][PASSED] - Statement - counter = counter + 1: null

2018-12-12 20:37:25 - [TEST_STEP][PASSED] - Statement - PreSaveFile = new java.io.File(((pathPrefix + java.lang.Integer.toString(counter)) + .png)): null

2018-12-12 20:37:25 - [TEST_STEP][PASSED] - Statement - counter = counter + 1: null

2018-12-12 20:37:25 - [TEST_STEP][PASSED] - Statement - PreSaveFile = new java.io.File(((pathPrefix + java.lang.Integer.toString(counter)) + .png)): null

2018-12-12 20:37:25 - [TEST_STEP][PASSED] - Statement - counter = counter + 1: null

2018-12-12 20:37:25 - [TEST_STEP][PASSED] - Statement - PreSaveFile = new java.io.File(((pathPrefix + java.lang.Integer.toString(counter)) + .png)): null

2018-12-12 20:37:25 - [TEST_STEP][PASSED] - Statement - counter = counter + 1: null

2018-12-12 20:37:25 - [TEST_STEP][PASSED] - Statement - PreSaveFile = new java.io.File(((pathPrefix + java.lang.Integer.toString(counter)) + .png)): null

2018-12-12 20:37:25 - [TEST_STEP][PASSED] - Statement - counter = counter + 1: null

2018-12-12 20:37:25 - [TEST_STEP][PASSED] - Statement - PreSaveFile = new java.io.File(((pathPrefix + java.lang.Integer.toString(counter)) + .png)): null

2018-12-12 20:37:25 - [TEST_STEP][PASSED] - Statement - counter = counter + 1: null

2018-12-12 20:37:25 - [TEST_STEP][PASSED] - Statement - PreSaveFile = new java.io.File(((pathPrefix + java.lang.Integer.toString(counter)) + .png)): null

2018-12-12 20:37:25 - [TEST_STEP][PASSED] - Statement - counter = counter + 1: null

2018-12-12 20:37:25 - [TEST_STEP][PASSED] - Statement - PreSaveFile = new java.io.File(((pathPrefix + java.lang.Integer.toString(counter)) + .png)): null

2018-12-12 20:37:25 - [TEST_STEP][PASSED] - Statement - counter = counter + 1: null

2018-12-12 20:37:25 - [TEST_STEP][PASSED] - Statement - PreSaveFile = new java.io.File(((pathPrefix + java.lang.Integer.toString(counter)) + .png)): null

2018-12-12 20:37:25 - [TEST_STEP][PASSED] - Statement - counter = counter + 1: null

2018-12-12 20:37:25 - [TEST_STEP][PASSED] - Statement - PreSaveFile = new java.io.File(((pathPrefix + java.lang.Integer.toString(counter)) + .png)): null

2018-12-12 20:37:25 - [TEST_STEP][PASSED] - Statement - counter = counter + 1: null

2018-12-12 20:37:25 - [TEST_STEP][PASSED] - Statement - PreSaveFile = new java.io.File(((pathPrefix + java.lang.Integer.toString(counter)) + .png)): null

2018-12-12 20:37:25 - [TEST_STEP][PASSED] - Statement - counter = counter + 1: null

2018-12-12 20:37:25 - [TEST_STEP][PASSED] - Statement - PreSaveFile = new java.io.File(((pathPrefix + java.lang.Integer.toString(counter)) + .png)): null

2018-12-12 20:37:25 - [TEST_STEP][PASSED] - Statement - counter = counter + 1: null

2018-12-12 20:37:25 - [TEST_STEP][PASSED] - Statement - PreSaveFile = new java.io.File(((pathPrefix + java.lang.Integer.toString(counter)) + .png)): null

2018-12-12 20:37:25 - [TEST_STEP][PASSED] - Statement - counter = counter + 1: null

2018-12-12 20:37:25 - [TEST_STEP][PASSED] - Statement - PreSaveFile = new java.io.File(((pathPrefix + java.lang.Integer.toString(counter)) + .png)): null

2018-12-12 20:37:25 - [TEST_STEP][PASSED] - Statement - counter = counter + 1: null

2018-12-12 20:37:25 - [TEST_STEP][PASSED] - Statement - PreSaveFile = new java.io.File(((pathPrefix + java.lang.Integer.toString(counter)) + .png)): null

2018-12-12 20:37:25 - [TEST_STEP][PASSED] - Statement - counter = counter + 1: null

2018-12-12 20:37:25 - [TEST_STEP][PASSED] - Statement - PreSaveFile = new java.io.File(((pathPrefix + java.lang.Integer.toString(counter)) + .png)): null

2018-12-12 20:37:25 - [TEST_STEP][PASSED] - Statement - counter = counter + 1: null

2018-12-12 20:37:25 - [TEST_STEP][PASSED] - Statement - PreSaveFile = new java.io.File(((pathPrefix + java.lang.Integer.toString(counter)) + .png)): null

2018-12-12 20:37:25 - [TEST_STEP][PASSED] - Statement - counter = counter + 1: null

2018-12-12 20:37:25 - [TEST_STEP][PASSED] - Statement - PreSaveFile = new java.io.File(((pathPrefix + java.lang.Integer.toString(counter)) + .png)): null

2018-12-12 20:37:25 - [TEST_STEP][PASSED] - Statement - counter = counter + 1: null

2018-12-12 20:37:25 - [TEST_STEP][PASSED] - Statement - PreSaveFile = new java.io.File(((pathPrefix + java.lang.Integer.toString(counter)) + .png)): null

2018-12-12 20:37:25 - [TEST_STEP][PASSED] - Statement - counter = counter + 1: null

2018-12-12 20:37:25 - [TEST_STEP][PASSED] - Statement - PreSaveFile = new java.io.File(((pathPrefix + java.lang.Integer.toString(counter)) + .png)): null

2018-12-12 20:37:25 - [TEST_STEP][PASSED] - Statement - counter = counter + 1: null

2018-12-12 20:37:25 - [TEST_STEP][PASSED] - Statement - PreSaveFile = new java.io.File(((pathPrefix + java.lang.Integer.toString(counter)) + .png)): null

2018-12-12 20:37:25 - [TEST_STEP][PASSED] - Statement - counter = counter + 1: null

2018-12-12 20:37:25 - [TEST_STEP][PASSED] - Statement - PreSaveFile = new java.io.File(((pathPrefix + java.lang.Integer.toString(counter)) + .png)): null

2018-12-12 20:37:25 - [TEST_STEP][PASSED] - Statement - counter = counter + 1: null

2018-12-12 20:37:25 - [TEST_STEP][PASSED] - Statement - PreSaveFile = new java.io.File(((pathPrefix + java.lang.Integer.toString(counter)) + .png)): null

2018-12-12 20:37:25 - [TEST_STEP][PASSED] - Statement - counter = counter + 1: null

2018-12-12 20:37:25 - [TEST_STEP][PASSED] - Statement - PreSaveFile = new java.io.File(((pathPrefix + java.lang.Integer.toString(counter)) + .png)): null

2018-12-12 20:37:25 - [TEST_STEP][PASSED] - Statement - counter = counter + 1: null

2018-12-12 20:37:25 - [TEST_STEP][PASSED] - Statement - PreSaveFile = new java.io.File(((pathPrefix + java.lang.Integer.toString(counter)) + .png)): null

2018-12-12 20:37:25 - [TEST_STEP][PASSED] - Statement - counter = counter + 1: null

2018-12-12 20:37:25 - [TEST_STEP][PASSED] - Statement - PreSaveFile = new java.io.File(((pathPrefix + java.lang.Integer.toString(counter)) + .png)): null

2018-12-12 20:37:25 - [TEST_STEP][PASSED] - Statement - counter = counter + 1: null

2018-12-12 20:37:25 - [TEST_STEP][PASSED] - Statement - PreSaveFile = new java.io.File(((pathPrefix + java.lang.Integer.toString(counter)) + .png)): null

2018-12-12 20:37:25 - [TEST_STEP][PASSED] - Statement - counter = counter + 1: null

2018-12-12 20:37:25 - [TEST_STEP][PASSED] - Statement - PreSaveFile = new java.io.File(((pathPrefix + java.lang.Integer.toString(counter)) + .png)): null

2018-12-12 20:37:25 - [TEST_STEP][PASSED] - Statement - counter = counter + 1: null

2018-12-12 20:37:25 - [TEST_STEP][PASSED] - Statement - PreSaveFile = new java.io.File(((pathPrefix + java.lang.Integer.toString(counter)) + .png)): null

2018-12-12 20:37:25 - [TEST_STEP][PASSED] - Statement - counter = counter + 1: null

2018-12-12 20:37:25 - [TEST_STEP][PASSED] - Statement - PreSaveFile = new java.io.File(((pathPrefix + java.lang.Integer.toString(counter)) + .png)): null

2018-12-12 20:37:25 - [TEST_STEP][PASSED] - Statement - counter = counter + 1: null

2018-12-12 20:37:25 - [TEST_STEP][PASSED] - Statement - PreSaveFile = new java.io.File(((pathPrefix + java.lang.Integer.toString(counter)) + .png)): null

2018-12-12 20:37:25 - [TEST_STEP][PASSED] - Statement - counter = counter + 1: null

2018-12-12 20:37:25 - [TEST_STEP][PASSED] - Statement - PreSaveFile = new java.io.File(((pathPrefix + java.lang.Integer.toString(counter)) + .png)): null

2018-12-12 20:37:25 - [TEST_STEP][PASSED] - Statement - counter = counter + 1: null

2018-12-12 20:37:25 - [TEST_STEP][PASSED] - Statement - PreSaveFile = new java.io.File(((pathPrefix + java.lang.Integer.toString(counter)) + .png)): null

2018-12-12 20:37:25 - [TEST_STEP][PASSED] - Statement - counter = counter + 1: null

2018-12-12 20:37:25 - [TEST_STEP][PASSED] - Statement - PreSaveFile = new java.io.File(((pathPrefix + java.lang.Integer.toString(counter)) + .png)): null

2018-12-12 20:37:25 - [TEST_STEP][PASSED] - Statement - counter = counter + 1: null

2018-12-12 20:37:25 - [TEST_STEP][PASSED] - Statement - PreSaveFile = new java.io.File(((pathPrefix + java.lang.Integer.toString(counter)) + .png)): null

2018-12-12 20:37:25 - [TEST_STEP][PASSED] - Statement - counter = counter + 1: null

2018-12-12 20:37:25 - [TEST_STEP][PASSED] - Statement - PreSaveFile = new java.io.File(((pathPrefix + java.lang.Integer.toString(counter)) + .png)): null

2018-12-12 20:37:25 - [TEST_STEP][PASSED] - Statement - counter = counter + 1: null

2018-12-12 20:37:25 - [TEST_STEP][PASSED] - Statement - PreSaveFile = new java.io.File(((pathPrefix + java.lang.Integer.toString(counter)) + .png)): null

2018-12-12 20:37:25 - [TEST_STEP][PASSED] - Statement - counter = counter + 1: null

2018-12-12 20:37:25 - [TEST_STEP][PASSED] - Statement - PreSaveFile = new java.io.File(((pathPrefix + java.lang.Integer.toString(counter)) + .png)): null

2018-12-12 20:37:25 - [TEST_STEP][PASSED] - Statement - counter = counter + 1: null

2018-12-12 20:37:25 - [TEST_STEP][PASSED] - Statement - PreSaveFile = new java.io.File(((pathPrefix + java.lang.Integer.toString(counter)) + .png)): null

2018-12-12 20:37:25 - [TEST_STEP][PASSED] - Statement - counter = counter + 1: null

2018-12-12 20:37:26 - [TEST_STEP][PASSED] - Statement - PreSaveFile = new java.io.File(((pathPrefix + java.lang.Integer.toString(counter)) + .png)): null

2018-12-12 20:37:26 - [TEST_STEP][PASSED] - Statement - counter = counter + 1: null

2018-12-12 20:37:26 - [TEST_STEP][PASSED] - Statement - PreSaveFile = new java.io.File(((pathPrefix + java.lang.Integer.toString(counter)) + .png)): null

2018-12-12 20:37:26 - [TEST_STEP][PASSED] - Statement - counter = counter + 1: null

2018-12-12 20:37:26 - [TEST_STEP][PASSED] - Statement - PreSaveFile = new java.io.File(((pathPrefix + java.lang.Integer.toString(counter)) + .png)): null

2018-12-12 20:37:26 - [TEST_STEP][PASSED] - Statement - counter = counter + 1: null

2018-12-12 20:37:26 - [TEST_STEP][PASSED] - Statement - PreSaveFile = new java.io.File(((pathPrefix + java.lang.Integer.toString(counter)) + .png)): null

2018-12-12 20:37:26 - [TEST_STEP][PASSED] - Statement - counter = counter + 1: null

2018-12-12 20:37:26 - [TEST_STEP][PASSED] - Statement - PreSaveFile = new java.io.File(((pathPrefix + java.lang.Integer.toString(counter)) + .png)): null

2018-12-12 20:37:26 - [TEST_STEP][PASSED] - Statement - counter = counter + 1: null

2018-12-12 20:37:26 - [TEST_STEP][PASSED] - Statement - PreSaveFile = new java.io.File(((pathPrefix + java.lang.Integer.toString(counter)) + .png)): null

2018-12-12 20:37:26 - [TEST_STEP][PASSED] - Statement - counter = counter + 1: null

2018-12-12 20:37:26 - [TEST_STEP][PASSED] - Statement - PreSaveFile = new java.io.File(((pathPrefix + java.lang.Integer.toString(counter)) + .png)): null

2018-12-12 20:37:26 - [TEST_STEP][PASSED] - Statement - counter = counter + 1: null

2018-12-12 20:37:26 - [TEST_STEP][PASSED] - Statement - PreSaveFile = new java.io.File(((pathPrefix + java.lang.Integer.toString(counter)) + .png)): null

2018-12-12 20:37:26 - [TEST_STEP][PASSED] - Statement - counter = counter + 1: null

2018-12-12 20:37:26 - [TEST_STEP][PASSED] - Statement - PreSaveFile = new java.io.File(((pathPrefix + java.lang.Integer.toString(counter)) + .png)): null

2018-12-12 20:37:26 - [TEST_STEP][PASSED] - Statement - counter = counter + 1: null

2018-12-12 20:37:26 - [TEST_STEP][PASSED] - Statement - PreSaveFile = new java.io.File(((pathPrefix + java.lang.Integer.toString(counter)) + .png)): null

2018-12-12 20:37:26 - [TEST_STEP][PASSED] - Statement - counter = counter + 1: null

2018-12-12 20:37:26 - [TEST_STEP][PASSED] - Statement - PreSaveFile = new java.io.File(((pathPrefix + java.lang.Integer.toString(counter)) + .png)): null

2018-12-12 20:37:26 - [TEST_STEP][PASSED] - Statement - counter = counter + 1: null

2018-12-12 20:37:26 - [TEST_STEP][PASSED] - Statement - PreSaveFile = new java.io.File(((pathPrefix + java.lang.Integer.toString(counter)) + .png)): null

2018-12-12 20:37:26 - [TEST_STEP][PASSED] - Statement - counter = counter + 1: null

2018-12-12 20:37:26 - [TEST_STEP][PASSED] - Statement - PreSaveFile = new java.io.File(((pathPrefix + java.lang.Integer.toString(counter)) + .png)): null

2018-12-12 20:37:26 - [TEST_STEP][PASSED] - Statement - counter = counter + 1: null

2018-12-12 20:37:26 - [TEST_STEP][PASSED] - Statement - PreSaveFile = new java.io.File(((pathPrefix + java.lang.Integer.toString(counter)) + .png)): null

2018-12-12 20:37:26 - [TEST_STEP][PASSED] - Statement - counter = counter + 1: null

2018-12-12 20:37:26 - [TEST_STEP][PASSED] - Statement - PreSaveFile = new java.io.File(((pathPrefix + java.lang.Integer.toString(counter)) + .png)): null

2018-12-12 20:37:26 - [TEST_STEP][PASSED] - Statement - counter = counter + 1: null

2018-12-12 20:37:26 - [TEST_STEP][PASSED] - Statement - PreSaveFile = new java.io.File(((pathPrefix + java.lang.Integer.toString(counter)) + .png)): null

2018-12-12 20:37:26 - [TEST_STEP][PASSED] - Statement - counter = counter + 1: null

2018-12-12 20:37:26 - [TEST_STEP][PASSED] - Statement - PreSaveFile = new java.io.File(((pathPrefix + java.lang.Integer.toString(counter)) + .png)): null

2018-12-12 20:37:26 - [TEST_STEP][PASSED] - Statement - counter = counter + 1: null

2018-12-12 20:37:26 - [TEST_STEP][PASSED] - Statement - PreSaveFile = new java.io.File(((pathPrefix + java.lang.Integer.toString(counter)) + .png)): null

2018-12-12 20:37:26 - [TEST_STEP][PASSED] - Statement - counter = counter + 1: null

2018-12-12 20:37:26 - [TEST_STEP][PASSED] - Statement - PreSaveFile = new java.io.File(((pathPrefix + java.lang.Integer.toString(counter)) + .png)): null

2018-12-12 20:37:26 - [TEST_STEP][PASSED] - Statement - counter = counter + 1: null

2018-12-12 20:37:26 - [TEST_STEP][PASSED] - Statement - PreSaveFile = new java.io.File(((pathPrefix + java.lang.Integer.toString(counter)) + .png)): null

2018-12-12 20:37:26 - [TEST_STEP][PASSED] - Statement - counter = counter + 1: null

2018-12-12 20:37:26 - [TEST_STEP][PASSED] - Statement - PreSaveFile = new java.io.File(((pathPrefix + java.lang.Integer.toString(counter)) + .png)): null

2018-12-12 20:37:26 - [TEST_STEP][PASSED] - Statement - counter = counter + 1: null

2018-12-12 20:37:26 - [TEST_STEP][PASSED] - Statement - PreSaveFile = new java.io.File(((pathPrefix + java.lang.Integer.toString(counter)) + .png)): null

2018-12-12 20:37:26 - [TEST_STEP][PASSED] - Statement - counter = counter + 1: null

2018-12-12 20:37:26 - [TEST_STEP][PASSED] - Statement - PreSaveFile = new java.io.File(((pathPrefix + java.lang.Integer.toString(counter)) + .png)): null

2018-12-12 20:37:26 - [TEST_STEP][PASSED] - Statement - counter = counter + 1: null

2018-12-12 20:37:26 - [TEST_STEP][PASSED] - Statement - PreSaveFile = new java.io.File(((pathPrefix + java.lang.Integer.toString(counter)) + .png)): null

2018-12-12 20:37:26 - [TEST_STEP][PASSED] - Statement - counter = counter + 1: null

2018-12-12 20:37:26 - [TEST_STEP][PASSED] - Statement - PreSaveFile = new java.io.File(((pathPrefix + java.lang.Integer.toString(counter)) + .png)): null

2018-12-12 20:37:26 - [TEST_STEP][PASSED] - Statement - counter = counter + 1: null

2018-12-12 20:37:26 - [TEST_STEP][PASSED] - Statement - PreSaveFile = new java.io.File(((pathPrefix + java.lang.Integer.toString(counter)) + .png)): null

2018-12-12 20:37:26 - [TEST_STEP][PASSED] - Statement - counter = counter + 1: null

2018-12-12 20:37:26 - [TEST_STEP][PASSED] - Statement - PreSaveFile = new java.io.File(((pathPrefix + java.lang.Integer.toString(counter)) + .png)): null

2018-12-12 20:37:26 - [TEST_STEP][PASSED] - Statement - counter = counter + 1: null

2018-12-12 20:37:26 - [TEST_STEP][PASSED] - Statement - PreSaveFile = new java.io.File(((pathPrefix + java.lang.Integer.toString(counter)) + .png)): null

2018-12-12 20:37:26 - [TEST_STEP][PASSED] - Statement - counter = counter + 1: null

2018-12-12 20:37:26 - [TEST_STEP][PASSED] - Statement - PreSaveFile = new java.io.File(((pathPrefix + java.lang.Integer.toString(counter)) + .png)): null

2018-12-12 20:37:26 - [TEST_STEP][PASSED] - Statement - counter = counter + 1: null

2018-12-12 20:37:26 - [TEST_STEP][PASSED] - Statement - PreSaveFile = new java.io.File(((pathPrefix + java.lang.Integer.toString(counter)) + .png)): null

2018-12-12 20:37:26 - [TEST_STEP][PASSED] - Statement - counter = counter + 1: null

2018-12-12 20:37:26 - [TEST_STEP][PASSED] - Statement - PreSaveFile = new java.io.File(((pathPrefix + java.lang.Integer.toString(counter)) + .png)): null

2018-12-12 20:37:26 - [TEST_STEP][PASSED] - Statement - counter = counter + 1: null

2018-12-12 20:37:26 - [TEST_STEP][PASSED] - Statement - PreSaveFile = new java.io.File(((pathPrefix + java.lang.Integer.toString(counter)) + .png)): null

2018-12-12 20:37:26 - [TEST_STEP][PASSED] - Statement - counter = counter + 1: null

2018-12-12 20:37:26 - [TEST_STEP][PASSED] - Statement - PreSaveFile = new java.io.File(((pathPrefix + java.lang.Integer.toString(counter)) + .png)): null

2018-12-12 20:37:26 - [TEST_STEP][PASSED] - Statement - counter = counter + 1: null

2018-12-12 20:37:26 - [TEST_STEP][PASSED] - Statement - PreSaveFile = new java.io.File(((pathPrefix + java.lang.Integer.toString(counter)) + .png)): null

2018-12-12 20:37:26 - [TEST_STEP][PASSED] - Statement - counter = counter + 1: null

2018-12-12 20:37:26 - [TEST_STEP][PASSED] - Statement - PreSaveFile = new java.io.File(((pathPrefix + java.lang.Integer.toString(counter)) + .png)): null

2018-12-12 20:37:26 - [TEST_STEP][PASSED] - Statement - counter = counter + 1: null

2018-12-12 20:37:26 - [TEST_STEP][PASSED] - Statement - PreSaveFile = new java.io.File(((pathPrefix + java.lang.Integer.toString(counter)) + .png)): null

2018-12-12 20:37:26 - [TEST_STEP][PASSED] - Statement - counter = counter + 1: null

2018-12-12 20:37:26 - [TEST_STEP][PASSED] - Statement - PreSaveFile = new java.io.File(((pathPrefix + java.lang.Integer.toString(counter)) + .png)): null

2018-12-12 20:37:26 - [TEST_STEP][PASSED] - Statement - counter = counter + 1: null

2018-12-12 20:37:26 - [TEST_STEP][PASSED] - Statement - PreSaveFile = new java.io.File(((pathPrefix + java.lang.Integer.toString(counter)) + .png)): null

2018-12-12 20:37:26 - [TEST_STEP][PASSED] - Statement - counter = counter + 1: null

2018-12-12 20:37:26 - [TEST_STEP][PASSED] - Statement - PreSaveFile = new java.io.File(((pathPrefix + java.lang.Integer.toString(counter)) + .png)): null

2018-12-12 20:37:26 - [TEST_STEP][PASSED] - Statement - counter = counter + 1: null

2018-12-12 20:37:26 - [TEST_STEP][PASSED] - Statement - PreSaveFile = new java.io.File(((pathPrefix + java.lang.Integer.toString(counter)) + .png)): null

2018-12-12 20:37:26 - [TEST_STEP][PASSED] - Statement - counter = counter + 1: null

2018-12-12 20:37:26 - [TEST_STEP][PASSED] - Statement - PreSaveFile = new java.io.File(((pathPrefix + java.lang.Integer.toString(counter)) + .png)): null

2018-12-12 20:37:26 - [TEST_STEP][PASSED] - Statement - counter = counter + 1: null

2018-12-12 20:37:26 - [TEST_STEP][PASSED] - Statement - PreSaveFile = new java.io.File(((pathPrefix + java.lang.Integer.toString(counter)) + .png)): null

2018-12-12 20:37:26 - [TEST_STEP][PASSED] - Statement - counter = counter + 1: null

2018-12-12 20:37:26 - [TEST_STEP][PASSED] - Statement - PreSaveFile = new java.io.File(((pathPrefix + java.lang.Integer.toString(counter)) + .png)): null

2018-12-12 20:37:26 - [TEST_STEP][PASSED] - Statement - counter = counter + 1: null

2018-12-12 20:37:26 - [TEST_STEP][PASSED] - Statement - PreSaveFile = new java.io.File(((pathPrefix + java.lang.Integer.toString(counter)) + .png)): null

2018-12-12 20:37:26 - [TEST_STEP][PASSED] - Statement - counter = counter + 1: null

2018-12-12 20:37:26 - [TEST_STEP][PASSED] - Statement - PreSaveFile = new java.io.File(((pathPrefix + java.lang.Integer.toString(counter)) + .png)): null

2018-12-12 20:37:26 - [TEST_STEP][PASSED] - Statement - counter = counter + 1: null

2018-12-12 20:37:26 - [TEST_STEP][PASSED] - Statement - PreSaveFile = new java.io.File(((pathPrefix + java.lang.Integer.toString(counter)) + .png)): null

2018-12-12 20:37:26 - [TEST_STEP][PASSED] - Statement - counter = counter + 1: null

2018-12-12 20:37:26 - [TEST_STEP][PASSED] - Statement - PreSaveFile = new java.io.File(((pathPrefix + java.lang.Integer.toString(counter)) + .png)): null

2018-12-12 20:37:26 - [TEST_STEP][PASSED] - Statement - counter = counter + 1: null

2018-12-12 20:37:26 - [TEST_STEP][PASSED] - Statement - PreSaveFile = new java.io.File(((pathPrefix + java.lang.Integer.toString(counter)) + .png)): null

2018-12-12 20:37:26 - [TEST_STEP][PASSED] - Statement - counter = counter + 1: null

2018-12-12 20:37:26 - [TEST_STEP][PASSED] - Statement - PreSaveFile = new java.io.File(((pathPrefix + java.lang.Integer.toString(counter)) + .png)): null

2018-12-12 20:37:26 - [TEST_STEP][PASSED] - Statement - counter = counter + 1: null

2018-12-12 20:37:26 - [TEST_STEP][PASSED] - Statement - PreSaveFile = new java.io.File(((pathPrefix + java.lang.Integer.toString(counter)) + .png)): null

2018-12-12 20:37:26 - [TEST_STEP][PASSED] - Statement - counter = counter + 1: null

2018-12-12 20:37:26 - [TEST_STEP][PASSED] - Statement - PreSaveFile = new java.io.File(((pathPrefix + java.lang.Integer.toString(counter)) + .png)): null

2018-12-12 20:37:26 - [TEST_STEP][PASSED] - Statement - counter = counter + 1: null

2018-12-12 20:37:26 - [TEST_STEP][PASSED] - Statement - PreSaveFile = new java.io.File(((pathPrefix + java.lang.Integer.toString(counter)) + .png)): null

2018-12-12 20:37:26 - [TEST_STEP][PASSED] - Statement - counter = counter + 1: null

2018-12-12 20:37:26 - [TEST_STEP][PASSED] - Statement - PreSaveFile = new java.io.File(((pathPrefix + java.lang.Integer.toString(counter)) + .png)): null

2018-12-12 20:37:26 - [TEST_STEP][PASSED] - Statement - counter = counter + 1: null

2018-12-12 20:37:26 - [TEST_STEP][PASSED] - Statement - PreSaveFile = new java.io.File(((pathPrefix + java.lang.Integer.toString(counter)) + .png)): null

2018-12-12 20:37:26 - [TEST_STEP][PASSED] - Statement - counter = counter + 1: null

2018-12-12 20:37:26 - [TEST_STEP][PASSED] - Statement - PreSaveFile = new java.io.File(((pathPrefix + java.lang.Integer.toString(counter)) + .png)): null

2018-12-12 20:37:26 - [TEST_STEP][PASSED] - Statement - counter = counter + 1: null

2018-12-12 20:37:26 - [TEST_STEP][PASSED] - Statement - PreSaveFile = new java.io.File(((pathPrefix + java.lang.Integer.toString(counter)) + .png)): null

2018-12-12 20:37:26 - [TEST_STEP][PASSED] - Statement - counter = counter + 1: null

2018-12-12 20:37:26 - [TEST_STEP][PASSED] - Statement - PreSaveFile = new java.io.File(((pathPrefix + java.lang.Integer.toString(counter)) + .png)): null

2018-12-12 20:37:26 - [TEST_STEP][PASSED] - Statement - counter = counter + 1: null

2018-12-12 20:37:26 - [TEST_STEP][PASSED] - Statement - PreSaveFile = new java.io.File(((pathPrefix + java.lang.Integer.toString(counter)) + .png)): null

2018-12-12 20:37:26 - [TEST_STEP][PASSED] - Statement - counter = counter + 1: null

2018-12-12 20:37:26 - [TEST_STEP][PASSED] - Statement - PreSaveFile = new java.io.File(((pathPrefix + java.lang.Integer.toString(counter)) + .png)): null

2018-12-12 20:37:26 - [TEST_STEP][PASSED] - Statement - counter = counter + 1: null

2018-12-12 20:37:26 - [TEST_STEP][PASSED] - Statement - PreSaveFile = new java.io.File(((pathPrefix + java.lang.Integer.toString(counter)) + .png)): null

2018-12-12 20:37:26 - [TEST_STEP][PASSED] - Statement - counter = counter + 1: null

2018-12-12 20:37:26 - [TEST_STEP][PASSED] - Statement - PreSaveFile = new java.io.File(((pathPrefix + java.lang.Integer.toString(counter)) + .png)): null

2018-12-12 20:37:26 - [TEST_STEP][PASSED] - Statement - counter = counter + 1: null

2018-12-12 20:37:26 - [TEST_STEP][PASSED] - Statement - PreSaveFile = new java.io.File(((pathPrefix + java.lang.Integer.toString(counter)) + .png)): null

2018-12-12 20:37:26 - [TEST_STEP][PASSED] - Statement - counter = counter + 1: null

2018-12-12 20:37:26 - [TEST_STEP][PASSED] - Statement - PreSaveFile = new java.io.File(((pathPrefix + java.lang.Integer.toString(counter)) + .png)): null

2018-12-12 20:37:26 - [TEST_STEP][PASSED] - Statement - counter = counter + 1: null

2018-12-12 20:37:26 - [TEST_STEP][PASSED] - Statement - PreSaveFile = new java.io.File(((pathPrefix + java.lang.Integer.toString(counter)) + .png)): null

2018-12-12 20:37:26 - [TEST_STEP][PASSED] - Statement - counter = counter + 1: null

2018-12-12 20:37:26 - [TEST_STEP][PASSED] - Statement - PreSaveFile = new java.io.File(((pathPrefix + java.lang.Integer.toString(counter)) + .png)): null

2018-12-12 20:37:26 - [TEST_STEP][PASSED] - Statement - counter = counter + 1: null

2018-12-12 20:37:26 - [TEST_STEP][PASSED] - Statement - PreSaveFile = new java.io.File(((pathPrefix + java.lang.Integer.toString(counter)) + .png)): null

2018-12-12 20:37:26 - [TEST_STEP][PASSED] - Statement - counter = counter + 1: null

2018-12-12 20:37:26 - [TEST_STEP][PASSED] - Statement - PreSaveFile = new java.io.File(((pathPrefix + java.lang.Integer.toString(counter)) + .png)): null

2018-12-12 20:37:26 - [TEST_STEP][PASSED] - Statement - counter = counter + 1: null

2018-12-12 20:37:26 - [TEST_STEP][PASSED] - Statement - PreSaveFile = new java.io.File(((pathPrefix + java.lang.Integer.toString(counter)) + .png)): null

2018-12-12 20:37:26 - [TEST_STEP][PASSED] - Statement - counter = counter + 1: null

2018-12-12 20:37:26 - [TEST_STEP][PASSED] - Statement - PreSaveFile = new java.io.File(((pathPrefix + java.lang.Integer.toString(counter)) + .png)): null

2018-12-12 20:37:26 - [TEST_STEP][PASSED] - Statement - counter = counter + 1: null

2018-12-12 20:37:26 - [TEST_STEP][PASSED] - Statement - PreSaveFile = new java.io.File(((pathPrefix + java.lang.Integer.toString(counter)) + .png)): null

2018-12-12 20:37:26 - [TEST_STEP][PASSED] - Statement - counter = counter + 1: null

2018-12-12 20:37:26 - [TEST_STEP][PASSED] - Statement - PreSaveFile = new java.io.File(((pathPrefix + java.lang.Integer.toString(counter)) + .png)): null

2018-12-12 20:37:26 - [TEST_STEP][PASSED] - Statement - counter = counter + 1: null

2018-12-12 20:37:26 - [TEST_STEP][PASSED] - Statement - PreSaveFile = new java.io.File(((pathPrefix + java.lang.Integer.toString(counter)) + .png)): null

2018-12-12 20:37:26 - [TEST_STEP][PASSED] - Statement - counter = counter + 1: null

2018-12-12 20:37:26 - [TEST_STEP][PASSED] - Statement - PreSaveFile = new java.io.File(((pathPrefix + java.lang.Integer.toString(counter)) + .png)): null

2018-12-12 20:37:26 - [TEST_STEP][PASSED] - Statement - counter = counter + 1: null

2018-12-12 20:37:26 - [TEST_STEP][PASSED] - Statement - PreSaveFile = new java.io.File(((pathPrefix + java.lang.Integer.toString(counter)) + .png)): null

2018-12-12 20:37:26 - [TEST_STEP][PASSED] - Statement - counter = counter + 1: null

2018-12-12 20:37:26 - [TEST_STEP][PASSED] - Statement - PreSaveFile = new java.io.File(((pathPrefix + java.lang.Integer.toString(counter)) + .png)): null

2018-12-12 20:37:26 - [TEST_STEP][PASSED] - Statement - counter = counter + 1: null

2018-12-12 20:37:26 - [TEST_STEP][PASSED] - Statement - PreSaveFile = new java.io.File(((pathPrefix + java.lang.Integer.toString(counter)) + .png)): null

2018-12-12 20:37:26 - [TEST_STEP][PASSED] - Statement - counter = counter + 1: null

2018-12-12 20:37:26 - [TEST_STEP][PASSED] - Statement - PreSaveFile = new java.io.File(((pathPrefix + java.lang.Integer.toString(counter)) + .png)): null

2018-12-12 20:37:26 - [TEST_STEP][PASSED] - Statement - counter = counter + 1: null

2018-12-12 20:37:26 - [TEST_STEP][PASSED] - Statement - PreSaveFile = new java.io.File(((pathPrefix + java.lang.Integer.toString(counter)) + .png)): null

2018-12-12 20:37:26 - [TEST_STEP][PASSED] - Statement - counter = counter + 1: null

2018-12-12 20:37:26 - [TEST_STEP][PASSED] - Statement - PreSaveFile = new java.io.File(((pathPrefix + java.lang.Integer.toString(counter)) + .png)): null

2018-12-12 20:37:26 - [TEST_STEP][PASSED] - Statement - counter = counter + 1: null

2018-12-12 20:37:26 - [TEST_STEP][PASSED] - Statement - PreSaveFile = new java.io.File(((pathPrefix + java.lang.Integer.toString(counter)) + .png)): null

2018-12-12 20:37:26 - [TEST_STEP][PASSED] - Statement - counter = counter + 1: null

2018-12-12 20:37:26 - [TEST_STEP][PASSED] - Statement - PreSaveFile = new java.io.File(((pathPrefix + java.lang.Integer.toString(counter)) + .png)): null

2018-12-12 20:37:26 - [TEST_STEP][PASSED] - Statement - counter = counter + 1: null

2018-12-12 20:37:26 - [TEST_STEP][PASSED] - Statement - PreSaveFile = new java.io.File(((pathPrefix + java.lang.Integer.toString(counter)) + .png)): null

2018-12-12 20:37:26 - [TEST_STEP][PASSED] - Statement - counter = counter + 1: null

2018-12-12 20:37:26 - [TEST_STEP][PASSED] - Statement - PreSaveFile = new java.io.File(((pathPrefix + java.lang.Integer.toString(counter)) + .png)): null

2018-12-12 20:37:26 - [TEST_STEP][PASSED] - Statement - counter = counter + 1: null

2018-12-12 20:37:26 - [TEST_STEP][PASSED] - Statement - PreSaveFile = new java.io.File(((pathPrefix + java.lang.Integer.toString(counter)) + .png)): null

2018-12-12 20:37:26 - [TEST_STEP][PASSED] - Statement - counter = counter + 1: null

2018-12-12 20:37:26 - [TEST_STEP][PASSED] - Statement - PreSaveFile = new java.io.File(((pathPrefix + java.lang.Integer.toString(counter)) + .png)): null

2018-12-12 20:37:26 - [TEST_STEP][PASSED] - Statement - counter = counter + 1: null

2018-12-12 20:37:26 - [TEST_STEP][PASSED] - Statement - PreSaveFile = new java.io.File(((pathPrefix + java.lang.Integer.toString(counter)) + .png)): null

2018-12-12 20:37:26 - [TEST_STEP][PASSED] - Statement - counter = counter + 1: null

2018-12-12 20:37:26 - [TEST_STEP][PASSED] - Statement - PreSaveFile = new java.io.File(((pathPrefix + java.lang.Integer.toString(counter)) + .png)): null

2018-12-12 20:37:26 - [TEST_STEP][PASSED] - Statement - counter = counter + 1: null

2018-12-12 20:37:26 - [TEST_STEP][PASSED] - Statement - PreSaveFile = new java.io.File(((pathPrefix + java.lang.Integer.toString(counter)) + .png)): null

2018-12-12 20:37:26 - [TEST_STEP][PASSED] - Statement - counter = counter + 1: null

2018-12-12 20:37:26 - [TEST_STEP][PASSED] - Statement - PreSaveFile = new java.io.File(((pathPrefix + java.lang.Integer.toString(counter)) + .png)): null

2018-12-12 20:37:26 - [TEST_STEP][PASSED] - Statement - counter = counter + 1: null

2018-12-12 20:37:26 - [TEST_STEP][PASSED] - Statement - PreSaveFile = new java.io.File(((pathPrefix + java.lang.Integer.toString(counter)) + .png)): null

2018-12-12 20:37:26 - [TEST_STEP][PASSED] - Statement - counter = counter + 1: null

2018-12-12 20:37:26 - [TEST_STEP][PASSED] - Statement - PreSaveFile = new java.io.File(((pathPrefix + java.lang.Integer.toString(counter)) + .png)): null

2018-12-12 20:37:26 - [TEST_STEP][PASSED] - Statement - counter = counter + 1: null

2018-12-12 20:37:26 - [TEST_STEP][PASSED] - Statement - PreSaveFile = new java.io.File(((pathPrefix + java.lang.Integer.toString(counter)) + .png)): null

2018-12-12 20:37:26 - [TEST_STEP][PASSED] - Statement - counter = counter + 1: null

2018-12-12 20:37:26 - [TEST_STEP][PASSED] - Statement - PreSaveFile = new java.io.File(((pathPrefix + java.lang.Integer.toString(counter)) + .png)): null

2018-12-12 20:37:26 - [TEST_STEP][PASSED] - Statement - counter = counter + 1: null

2018-12-12 20:37:26 - [TEST_STEP][PASSED] - Statement - PreSaveFile = new java.io.File(((pathPrefix + java.lang.Integer.toString(counter)) + .png)): null

2018-12-12 20:37:26 - [TEST_STEP][PASSED] - Statement - counter = counter + 1: null

2018-12-12 20:37:26 - [TEST_STEP][PASSED] - Statement - PreSaveFile = new java.io.File(((pathPrefix + java.lang.Integer.toString(counter)) + .png)): null

2018-12-12 20:37:26 - [TEST_STEP][PASSED] - Statement - counter = counter + 1: null

2018-12-12 20:37:26 - [TEST_STEP][PASSED] - Statement - PreSaveFile = new java.io.File(((pathPrefix + java.lang.Integer.toString(counter)) + .png)): null

2018-12-12 20:37:26 - [TEST_STEP][PASSED] - Statement - counter = counter + 1: null

2018-12-12 20:37:26 - [TEST_STEP][PASSED] - Statement - PreSaveFile = new java.io.File(((pathPrefix + java.lang.Integer.toString(counter)) + .png)): null

2018-12-12 20:37:26 - [TEST_STEP][PASSED] - Statement - counter = counter + 1: null

2018-12-12 20:37:26 - [TEST_STEP][PASSED] - Statement - PreSaveFile = new java.io.File(((pathPrefix + java.lang.Integer.toString(counter)) + .png)): null

2018-12-12 20:37:26 - [TEST_STEP][PASSED] - Statement - counter = counter + 1: null

2018-12-12 20:37:26 - [TEST_STEP][PASSED] - Statement - PreSaveFile = new java.io.File(((pathPrefix + java.lang.Integer.toString(counter)) + .png)): null

2018-12-12 20:37:26 - [TEST_STEP][PASSED] - Statement - counter = counter + 1: null

2018-12-12 20:37:26 - [TEST_STEP][PASSED] - Statement - PreSaveFile = new java.io.File(((pathPrefix + java.lang.Integer.toString(counter)) + .png)): null

2018-12-12 20:37:26 - [TEST_STEP][PASSED] - Statement - counter = counter + 1: null

2018-12-12 20:37:26 - [TEST_STEP][PASSED] - Statement - PreSaveFile = new java.io.File(((pathPrefix + java.lang.Integer.toString(counter)) + .png)): null

2018-12-12 20:37:26 - [TEST_STEP][PASSED] - Statement - counter = counter + 1: null

2018-12-12 20:37:26 - [TEST_STEP][PASSED] - Statement - PreSaveFile = new java.io.File(((pathPrefix + java.lang.Integer.toString(counter)) + .png)): null

2018-12-12 20:37:26 - [TEST_STEP][PASSED] - Statement - counter = counter + 1: null

2018-12-12 20:37:26 - [TEST_STEP][PASSED] - Statement - PreSaveFile = new java.io.File(((pathPrefix + java.lang.Integer.toString(counter)) + .png)): null

2018-12-12 20:37:26 - [TEST_STEP][PASSED] - Statement - counter = counter + 1: null

2018-12-12 20:37:26 - [TEST_STEP][PASSED] - Statement - PreSaveFile = new java.io.File(((pathPrefix + java.lang.Integer.toString(counter)) + .png)): null

2018-12-12 20:37:26 - [TEST_STEP][PASSED] - Statement - counter = counter + 1: null

2018-12-12 20:37:26 - [TEST_STEP][PASSED] - Statement - PreSaveFile = new java.io.File(((pathPrefix + java.lang.Integer.toString(counter)) + .png)): null

2018-12-12 20:37:26 - [TEST_STEP][PASSED] - Statement - counter = counter + 1: null

2018-12-12 20:37:26 - [TEST_STEP][PASSED] - Statement - PreSaveFile = new java.io.File(((pathPrefix + java.lang.Integer.toString(counter)) + .png)): null

2018-12-12 20:37:26 - [TEST_STEP][PASSED] - Statement - counter = counter + 1: null

2018-12-12 20:37:26 - [TEST_STEP][PASSED] - Statement - PreSaveFile = new java.io.File(((pathPrefix + java.lang.Integer.toString(counter)) + .png)): null

2018-12-12 20:37:26 - [TEST_STEP][PASSED] - Statement - finalPath = pathPrefix + java.lang.Integer.toString(counter) + ".png": null

2018-12-12 20:37:26 - [TEST_STEP][PASSED] - Statement - SaveFile = new java.io.File(finalPath): null

2018-12-12 20:37:26 - [TEST_STEP][PASSED] - Statement - Try: null

2018-12-12 20:37:26 - [TEST_STEP][PASSED] - Statement - org.apache.commons.io.FileUtils.copyFile(scrFile, SaveFile): null

2018-12-12 20:37:26 - [TEST_STEP][PASSED] - Statement - out.println("file kept"): null

2018-12-12 20:37:26 - [TEST_STEP][PASSED] - delay: Delayed 10 second(s)

2018-12-12 20:37:36 - [MESSAGE][PASSED] - Delayed 10 second(s)

2018-12-12 20:37:36 - [MESSAGE][PASSED] - Call Test Case 'Test Cases/Final Aug 2018 - PKS Automation/Registration Module/New Registration/Submit and Screenshot/Submit Registration and Screenshot' successfully]]></system-out>
         <system-err><![CDATA[]]></system-err>
      </testcase>
      <testcase name="Test Cases/Final Aug 2018 - PKS Automation/Registration Module/Workflow/New Registration/OTC - PKR BO - RO Under Enforcement(Routed 2 Time)" classname="Test Cases/Final Aug 2018 - PKS Automation/Registration Module/Workflow/New Registration/OTC - PKR BO - RO Under Enforcement(Routed 2 Time)" status="PASSED">
         <system-out><![CDATA[2018-12-12 20:37:36 - [TEST_CASE][PASSED] - Test Cases/Final Aug 2018 - PKS Automation/Registration Module/Workflow/New Registration/OTC - PKR BO - RO Under Enforcement(Routed 2 Time): Test Cases/Final Aug 2018 - PKS Automation/Registration Module/Workflow/New Registration/OTC - PKR BO - RO Under Enforcement(Routed 2 Time)

2018-12-12 20:37:36 - [TEST_STEP][PASSED] - callTestCase: Call Test Case 'Test Cases/Final Aug 2018 - PKS Automation/Registration Module/Workflow/New Registration/Template/Special Case - OTC - Form 1' successfully

2018-12-12 20:37:36 - [TEST_CASE][PASSED] - Test Cases/Final Aug 2018 - PKS Automation/Registration Module/Workflow/New Registration/Template/Special Case - OTC - Form 1: Test Cases/Final Aug 2018 - PKS Automation/Registration Module/Workflow/New Registration/Template/Special Case - OTC - Form 1

2018-12-12 20:37:36 - [TEST_STEP][PASSED] - openBrowser: Browser is opened with url: ''

2018-12-12 20:37:36 - [MESSAGE][WARNING] - A browser is already opened. Closing browser and opening a new one

2018-12-12 20:37:40 - [MESSAGE][PASSED] - Browser is opened with url: ''

2018-12-12 20:37:40 - [TEST_STEP][PASSED] - navigateToUrl: Navigate to 'https://assist2-uat.perkeso.gov.my/login' successfully

2018-12-12 20:37:41 - [MESSAGE][PASSED] - Navigate to 'https://assist2-uat.perkeso.gov.my/login' successfully

2018-12-12 20:37:41 - [TEST_STEP][PASSED] - delay: Delayed 2 second(s)

2018-12-12 20:37:43 - [MESSAGE][PASSED] - Delayed 2 second(s)

2018-12-12 20:37:43 - [TEST_STEP][PASSED] - setText: Text 'klotc2@gmail.com' is set on object 'Object Repository/Final Object Repo/Login Page/Internal User/Email Address'

2018-12-12 20:37:44 - [MESSAGE][PASSED] - Text 'klotc2@gmail.com' is set on object 'Object Repository/Final Object Repo/Login Page/Internal User/Email Address'

2018-12-12 20:37:44 - [TEST_STEP][PASSED] - click: Object: 'Object Repository/Final Object Repo/Login Page/Internal User/Next Button' is clicked on

2018-12-12 20:37:44 - [MESSAGE][PASSED] - Object: 'Object Repository/Final Object Repo/Login Page/Internal User/Next Button' is clicked on

2018-12-12 20:37:44 - [TEST_STEP][PASSED] - delay: Delayed 2 second(s)

2018-12-12 20:37:46 - [MESSAGE][PASSED] - Delayed 2 second(s)

2018-12-12 20:37:46 - [TEST_STEP][PASSED] - setText: Text 'Test1@3456789' is set on object 'Object Repository/Final Object Repo/Login Page/Internal User/Password'

2018-12-12 20:37:46 - [MESSAGE][PASSED] - Text 'Test1@3456789' is set on object 'Object Repository/Final Object Repo/Login Page/Internal User/Password'

2018-12-12 20:37:46 - [TEST_STEP][PASSED] - delay: Delayed 2 second(s)

2018-12-12 20:37:48 - [MESSAGE][PASSED] - Delayed 2 second(s)

2018-12-12 20:37:48 - [TEST_STEP][PASSED] - click: Object: 'Object Repository/Final Object Repo/Login Page/Internal User/Login Button' is clicked on

2018-12-12 20:37:48 - [MESSAGE][PASSED] - Object: 'Object Repository/Final Object Repo/Login Page/Internal User/Login Button' is clicked on

2018-12-12 20:37:48 - [TEST_STEP][PASSED] - Statement - Try: null

2018-12-12 20:37:48 - [TEST_STEP][PASSED] - Statement - Checker = com.kms.katalon.core.webui.keyword.WebUiBuiltInKeywords.verifyElementNotPresent("Final Object Repo/Landing Page/Select to English", 3): null

2018-12-12 20:37:48 - [TEST_STEP][PASSED] - Statement - Catch (Exception e): null

2018-12-12 20:37:48 - [TEST_STEP][PASSED] - Statement - e.printStackTrace(): null

2018-12-12 20:37:48 - [TEST_STEP][PASSED] - delay: Delayed 5 second(s)

2018-12-12 20:37:53 - [MESSAGE][PASSED] - Delayed 5 second(s)

2018-12-12 20:37:53 - [TEST_STEP][PASSED] - click: Object: 'Object Repository/Final Object Repo/Landing Page/My Sites Drop Down' is clicked on

2018-12-12 20:37:53 - [MESSAGE][PASSED] - Object: 'Object Repository/Final Object Repo/Landing Page/My Sites Drop Down' is clicked on

2018-12-12 20:37:53 - [TEST_STEP][PASSED] - click: Object: 'Object Repository/Final Object Repo/Landing Page/Select to Registration Module' is clicked on

2018-12-12 20:37:54 - [MESSAGE][PASSED] - Object: 'Object Repository/Final Object Repo/Landing Page/Select to Registration Module' is clicked on

2018-12-12 20:37:54 - [TEST_STEP][PASSED] - click: Object: 'Object Repository/Final Object Repo/Landing Page/Registration Button' is clicked on

2018-12-12 20:37:55 - [MESSAGE][PASSED] - Object: 'Object Repository/Final Object Repo/Landing Page/Registration Button' is clicked on

2018-12-12 20:37:55 - [TEST_STEP][PASSED] - delay: Delayed 2 second(s)

2018-12-12 20:37:57 - [MESSAGE][PASSED] - Delayed 2 second(s)

2018-12-12 20:37:57 - [TEST_STEP][PASSED] - click: Object: 'Object Repository/Final Object Repo/New Registration - Registration Module Pages/New Reg - OTC to RO/Special Case - OTC - Form 1/AEC NO' is clicked on

2018-12-12 20:37:58 - [MESSAGE][PASSED] - Object: 'Object Repository/Final Object Repo/New Registration - Registration Module Pages/New Reg - OTC to RO/Special Case - OTC - Form 1/AEC NO' is clicked on

2018-12-12 20:37:58 - [TEST_STEP][PASSED] - click: Object: 'Object Repository/Final Object Repo/New Registration - Registration Module Pages/New Reg - OTC to RO/Special Case - OTC - Form 1/Business Entity - Please Select' is clicked on

2018-12-12 20:37:58 - [MESSAGE][PASSED] - Object: 'Object Repository/Final Object Repo/New Registration - Registration Module Pages/New Reg - OTC to RO/Special Case - OTC - Form 1/Business Entity - Please Select' is clicked on

2018-12-12 20:37:58 - [TEST_STEP][PASSED] - click: Object: 'Object Repository/Final Object Repo/New Registration - Registration Module Pages/New Reg - OTC to RO/Special Case - OTC - Form 1/Selected - Corporation' is clicked on

2018-12-12 20:37:58 - [MESSAGE][PASSED] - Object: 'Object Repository/Final Object Repo/New Registration - Registration Module Pages/New Reg - OTC to RO/Special Case - OTC - Form 1/Selected - Corporation' is clicked on

2018-12-12 20:37:58 - [TEST_STEP][PASSED] - delay: Delayed 2 second(s)

2018-12-12 20:38:00 - [MESSAGE][PASSED] - Delayed 2 second(s)

2018-12-12 20:38:00 - [TEST_STEP][PASSED] - click: Object: 'Object Repository/Final Object Repo/New Registration - Registration Module Pages/New Reg - OTC to RO/Special Case - OTC - Form 1/Sub Business Entity - Please Select' is clicked on

2018-12-12 20:38:00 - [MESSAGE][PASSED] - Object: 'Object Repository/Final Object Repo/New Registration - Registration Module Pages/New Reg - OTC to RO/Special Case - OTC - Form 1/Sub Business Entity - Please Select' is clicked on

2018-12-12 20:38:00 - [TEST_STEP][PASSED] - delay: Delayed 2 second(s)

2018-12-12 20:38:02 - [MESSAGE][PASSED] - Delayed 2 second(s)

2018-12-12 20:38:02 - [TEST_STEP][PASSED] - click: Object: 'Object Repository/Final Object Repo/New Registration - Registration Module Pages/New Reg - OTC to RO/Special Case - OTC - Form 1/Selected - Sendirian Berhad' is clicked on

2018-12-12 20:38:02 - [MESSAGE][PASSED] - Object: 'Object Repository/Final Object Repo/New Registration - Registration Module Pages/New Reg - OTC to RO/Special Case - OTC - Form 1/Selected - Sendirian Berhad' is clicked on

2018-12-12 20:38:02 - [TEST_STEP][PASSED] - setText: Text 'AUTOMATE001' is set on object 'Object Repository/Final Object Repo/New Registration - Registration Module Pages/New Reg - OTC to RO/Special Case - OTC - Form 1/Input BRN Number'

2018-12-12 20:38:03 - [MESSAGE][PASSED] - Text 'AUTOMATE001' is set on object 'Object Repository/Final Object Repo/New Registration - Registration Module Pages/New Reg - OTC to RO/Special Case - OTC - Form 1/Input BRN Number'

2018-12-12 20:38:03 - [TEST_STEP][PASSED] - delay: Delayed 2 second(s)

2018-12-12 20:38:05 - [MESSAGE][PASSED] - Delayed 2 second(s)

2018-12-12 20:38:05 - [TEST_STEP][PASSED] - click: Object: 'Object Repository/Final Object Repo/New Registration - Registration Module Pages/New Reg - OTC to RO/Special Case - OTC - Form 1/BRN Search' is clicked on

2018-12-12 20:38:05 - [MESSAGE][PASSED] - Object: 'Object Repository/Final Object Repo/New Registration - Registration Module Pages/New Reg - OTC to RO/Special Case - OTC - Form 1/BRN Search' is clicked on

2018-12-12 20:38:05 - [TEST_STEP][PASSED] - delay: Delayed 4 second(s)

2018-12-12 20:38:09 - [MESSAGE][PASSED] - Delayed 4 second(s)

2018-12-12 20:38:09 - [TEST_STEP][PASSED] - click: Object: 'Object Repository/Final Object Repo/New Registration - Registration Module Pages/New Reg - OTC to RO/Special Case - OTC - Form 1/Registered with SSM - After Feb 2017' is clicked on

2018-12-12 20:38:09 - [MESSAGE][PASSED] - Object: 'Object Repository/Final Object Repo/New Registration - Registration Module Pages/New Reg - OTC to RO/Special Case - OTC - Form 1/Registered with SSM - After Feb 2017' is clicked on

2018-12-12 20:38:09 - [TEST_STEP][PASSED] - delay: Delayed 2 second(s)

2018-12-12 20:38:11 - [MESSAGE][PASSED] - Delayed 2 second(s)

2018-12-12 20:38:11 - [TEST_STEP][PASSED] - click: Object: 'Object Repository/Final Object Repo/New Registration - Registration Module Pages/New Reg - OTC to RO/Special Case - OTC - Form 1/Registering As A Branch - No' is clicked on

2018-12-12 20:38:11 - [MESSAGE][PASSED] - Object: 'Object Repository/Final Object Repo/New Registration - Registration Module Pages/New Reg - OTC to RO/Special Case - OTC - Form 1/Registering As A Branch - No' is clicked on

2018-12-12 20:38:11 - [TEST_STEP][PASSED] - click: Object: 'Object Repository/Final Object Repo/New Registration - Registration Module Pages/New Reg - OTC to RO/Special Case - OTC - Form 1/Acknowledgement Ticked' is clicked on

2018-12-12 20:38:12 - [MESSAGE][PASSED] - Object: 'Object Repository/Final Object Repo/New Registration - Registration Module Pages/New Reg - OTC to RO/Special Case - OTC - Form 1/Acknowledgement Ticked' is clicked on

2018-12-12 20:38:12 - [TEST_STEP][PASSED] - click: Object: 'Object Repository/Final Object Repo/New Registration - Registration Module Pages/New Reg - OTC to RO/Special Case - OTC - Form 1/Submit Button' is clicked on

2018-12-12 20:38:12 - [MESSAGE][PASSED] - Object: 'Object Repository/Final Object Repo/New Registration - Registration Module Pages/New Reg - OTC to RO/Special Case - OTC - Form 1/Submit Button' is clicked on

2018-12-12 20:38:12 - [TEST_STEP][PASSED] - delay: Delayed 2 second(s)

2018-12-12 20:38:14 - [MESSAGE][PASSED] - Delayed 2 second(s)

2018-12-12 20:38:14 - [TEST_STEP][PASSED] - click: Object: 'Object Repository/Final Object Repo/New Registration - Registration Module Pages/New Reg - OTC to RO/Special Case - OTC - Form 1/Confirm No Flagging as Branch' is clicked on

2018-12-12 20:38:14 - [MESSAGE][PASSED] - Object: 'Object Repository/Final Object Repo/New Registration - Registration Module Pages/New Reg - OTC to RO/Special Case - OTC - Form 1/Confirm No Flagging as Branch' is clicked on

2018-12-12 20:38:14 - [MESSAGE][PASSED] - Call Test Case 'Test Cases/Final Aug 2018 - PKS Automation/Registration Module/Workflow/New Registration/Template/Special Case - OTC - Form 1' successfully

2018-12-12 20:38:14 - [TEST_STEP][PASSED] - callTestCase: Call Test Case 'Test Cases/Final Aug 2018 - PKS Automation/Registration Module/New Registration/Form 2/Add 1 Eligible - Incomplete' successfully

2018-12-12 20:38:14 - [TEST_CASE][PASSED] - Test Cases/Final Aug 2018 - PKS Automation/Registration Module/New Registration/Form 2/Add 1 Eligible - Incomplete: Test Cases/Final Aug 2018 - PKS Automation/Registration Module/New Registration/Form 2/Add 1 Eligible - Incomplete

2018-12-12 20:38:14 - [TEST_STEP][PASSED] - delay: Delayed 2 second(s)

2018-12-12 20:38:16 - [MESSAGE][PASSED] - Delayed 2 second(s)

2018-12-12 20:38:16 - [TEST_STEP][PASSED] - callTestCase: Call Test Case 'Test Cases/Final Aug 2018 - PKS Automation/Registration Module/New Registration/Form 2/Date Updater' successfully

2018-12-12 20:38:16 - [TEST_CASE][PASSED] - Test Cases/Final Aug 2018 - PKS Automation/Registration Module/New Registration/Form 2/Date Updater: Test Cases/Final Aug 2018 - PKS Automation/Registration Module/New Registration/Form 2/Date Updater

2018-12-12 20:38:16 - [TEST_STEP][PASSED] - Statement - TodayDate = new java.util.Date(): null

2018-12-12 20:38:16 - [TEST_STEP][PASSED] - Statement - CurrentDateNoFilter = new java.text.SimpleDateFormat(): null

2018-12-12 20:38:16 - [TEST_STEP][PASSED] - Statement - CurrentDateNoFilter.applyPattern("MM"): null

2018-12-12 20:38:16 - [TEST_STEP][PASSED] - Statement - monthContainerMatcher = java.lang.Integer.parseInt(CurrentDateNoFilter.format(TodayDate)): null

2018-12-12 20:38:16 - [TEST_STEP][PASSED] - Statement - monthContainerMatcher = monthContainerMatcher - 1: null

2018-12-12 20:38:16 - [TEST_STEP][PASSED] - Statement - CurrentMonth = monthContainerMatcher.toString(): null

2018-12-12 20:38:16 - [TEST_STEP][PASSED] - Statement - CurrentMonth = CurrentMonth: null

2018-12-12 20:38:16 - [TEST_STEP][PASSED] - Statement - CurrentDateNoFilter.applyPattern("yyyy"): null

2018-12-12 20:38:16 - [TEST_STEP][PASSED] - Statement - CurrentYear = CurrentDateNoFilter.format(TodayDate): null

2018-12-12 20:38:16 - [TEST_STEP][PASSED] - Statement - CurrentYear = CurrentYear: null

2018-12-12 20:38:16 - [TEST_STEP][PASSED] - Statement - intCurrentYear = java.lang.Integer.parseInt(CurrentDateNoFilter.format(TodayDate)): null

2018-12-12 20:38:16 - [TEST_STEP][PASSED] - Statement - eighteenYrsAgo = intCurrentYear - 18: null

2018-12-12 20:38:16 - [TEST_STEP][PASSED] - Statement - eighteenYrsBeforeThisYr = eighteenYrsAgo.toString(): null

2018-12-12 20:38:16 - [TEST_STEP][PASSED] - Statement - EighteenYrsBefore = eighteenYrsBeforeThisYr: null

2018-12-12 20:38:16 - [TEST_STEP][PASSED] - Statement - fiftysevenYrsAgo = intCurrentYear - 57: null

2018-12-12 20:38:16 - [TEST_STEP][PASSED] - Statement - fiftysevenYrsBeforeThisYr = fiftysevenYrsAgo.toString(): null

2018-12-12 20:38:16 - [TEST_STEP][PASSED] - Statement - FiftysevenYrsBefore = fiftysevenYrsBeforeThisYr: null

2018-12-12 20:38:16 - [TEST_STEP][PASSED] - Statement - leapYear = false: null

2018-12-12 20:38:16 - [TEST_STEP][PASSED] - Statement - leapYear = intCurrentYear % 4 == 0: null

2018-12-12 20:38:16 - [TEST_STEP][PASSED] - Statement - CurrentDateNoFilter.applyPattern("dd"): null

2018-12-12 20:38:16 - [TEST_STEP][PASSED] - Statement - CurrentDate = CurrentDateNoFilter.format(TodayDate): null

2018-12-12 20:38:16 - [TEST_STEP][PASSED] - Statement - CurrentDate = java.lang.Integer.parseInt(CurrentDate): null

2018-12-12 20:38:16 - [TEST_STEP][PASSED] - Statement - CurrentDate = CurrentDate: null

2018-12-12 20:38:16 - [TEST_STEP][PASSED] - Statement - CurrentDay = java.lang.Integer.parseInt(CurrentDate): null

2018-12-12 20:38:16 - [TEST_STEP][PASSED] - Statement - ConfAdder = <not implemented yet for class: org.codehaus.groovy.ast.expr.EmptyExpression>: null

2018-12-12 20:38:16 - [TEST_STEP][PASSED] - Statement - out.println(CurrentMonth): null

2018-12-12 20:38:16 - [TEST_STEP][PASSED] - Statement - out.println(CurrentDate): null

2018-12-12 20:38:16 - [TEST_STEP][PASSED] - Statement - switch (CurrentDate): null

2018-12-12 20:38:16 - [TEST_STEP][PASSED] - Statement - Default: null

2018-12-12 20:38:16 - [TEST_STEP][PASSED] - Statement - ConfAdder = true: null

2018-12-12 20:38:16 - [TEST_STEP][PASSED] - Statement - Break: null

2018-12-12 20:38:16 - [TEST_STEP][PASSED] - Statement - aDayBefore = <not implemented yet for class: org.codehaus.groovy.ast.expr.EmptyExpression>: null

2018-12-12 20:38:16 - [TEST_STEP][PASSED] - Statement - out.println(ConfAdder): null

2018-12-12 20:38:16 - [TEST_STEP][PASSED] - Statement - If (ConfAdder == true): null

2018-12-12 20:38:16 - [TEST_STEP][PASSED] - Statement - aDayBefore = CurrentDay + 1: null

2018-12-12 20:38:16 - [TEST_STEP][PASSED] - Statement - out.println(aDayBefore): null

2018-12-12 20:38:16 - [TEST_STEP][PASSED] - Statement - If (aDayBefore == 1 && CurrentMonth == 11): null

2018-12-12 20:38:16 - [TEST_STEP][PASSED] - Statement - DayBefore = aDayBefore.toString(): null

2018-12-12 20:38:16 - [TEST_STEP][PASSED] - Statement - OneDayBefore = DayBefore: null

2018-12-12 20:38:16 - [MESSAGE][PASSED] - Call Test Case 'Test Cases/Final Aug 2018 - PKS Automation/Registration Module/New Registration/Form 2/Date Updater' successfully

2018-12-12 20:38:16 - [TEST_STEP][PASSED] - Statement - CaseReferenceNo = com.kms.katalon.core.webui.keyword.WebUiBuiltInKeywords.getText(com.kms.katalon.core.testobject.ObjectRepository.findTestObject(Final Object Repo/New Registration - Registration Module Pages/Form 2/RefNo Acquiring)): Text of object 'Object Repository/Final Object Repo/New Registration - Registration Module Pages/Form 2/RefNo Acquiring' is: 'CRN12201800123237'

2018-12-12 20:38:16 - [MESSAGE][PASSED] - Text of object 'Object Repository/Final Object Repo/New Registration - Registration Module Pages/Form 2/RefNo Acquiring' is: 'CRN12201800123237'

2018-12-12 20:38:16 - [TEST_STEP][PASSED] - delay: Delayed 4 second(s)

2018-12-12 20:38:20 - [MESSAGE][PASSED] - Delayed 4 second(s)

2018-12-12 20:38:20 - [TEST_STEP][PASSED] - click: Object: 'Object Repository/Final Object Repo/New Registration - Registration Module Pages/Form 2/Add Employee Button' is clicked on

2018-12-12 20:38:20 - [MESSAGE][PASSED] - Object: 'Object Repository/Final Object Repo/New Registration - Registration Module Pages/Form 2/Add Employee Button' is clicked on

2018-12-12 20:38:20 - [TEST_STEP][PASSED] - delay: Delayed 1 second(s)

2018-12-12 20:38:21 - [MESSAGE][PASSED] - Delayed 1 second(s)

2018-12-12 20:38:21 - [TEST_STEP][PASSED] - setText: Text '010903091984' is set on object 'Object Repository/Final Object Repo/New Registration - Registration Module Pages/Form 2/NRIC Input'

2018-12-12 20:38:22 - [MESSAGE][PASSED] - Text '010903091984' is set on object 'Object Repository/Final Object Repo/New Registration - Registration Module Pages/Form 2/NRIC Input'

2018-12-12 20:38:22 - [TEST_STEP][PASSED] - click: Object: 'Object Repository/Final Object Repo/New Registration - Registration Module Pages/Form 2/button for search for IC' is clicked on

2018-12-12 20:38:22 - [MESSAGE][PASSED] - Object: 'Object Repository/Final Object Repo/New Registration - Registration Module Pages/Form 2/button for search for IC' is clicked on

2018-12-12 20:38:22 - [TEST_STEP][PASSED] - delay: Delayed 2 second(s)

2018-12-12 20:38:24 - [MESSAGE][PASSED] - Delayed 2 second(s)

2018-12-12 20:38:24 - [TEST_STEP][PASSED] - setText: Text 'Automate001 eligible 1' is set on object 'Object Repository/Final Object Repo/New Registration - Registration Module Pages/Form 2/Employee Name Input'

2018-12-12 20:38:24 - [MESSAGE][PASSED] - Text 'Automate001 eligible 1' is set on object 'Object Repository/Final Object Repo/New Registration - Registration Module Pages/Form 2/Employee Name Input'

2018-12-12 20:38:24 - [TEST_STEP][PASSED] - delay: Delayed 2 second(s)

2018-12-12 20:38:26 - [MESSAGE][PASSED] - Delayed 2 second(s)

2018-12-12 20:38:26 - [TEST_STEP][PASSED] - click: Object: 'Object Repository/Final Object Repo/New Registration - Registration Module Pages/Form 2/DatePicker Pop Up' is clicked on

2018-12-12 20:38:27 - [MESSAGE][PASSED] - Object: 'Object Repository/Final Object Repo/New Registration - Registration Module Pages/Form 2/DatePicker Pop Up' is clicked on

2018-12-12 20:38:27 - [TEST_STEP][PASSED] - click: Object: 'Object Repository/Final Object Repo/New Registration - Registration Module Pages/Form 2/DOB Month' is clicked on

2018-12-12 20:38:27 - [MESSAGE][PASSED] - Object: 'Object Repository/Final Object Repo/New Registration - Registration Module Pages/Form 2/DOB Month' is clicked on

2018-12-12 20:38:27 - [TEST_STEP][PASSED] - Statement - CurrentMonth = CurrentMonth: null

2018-12-12 20:38:27 - [TEST_STEP][PASSED] - Statement - selectMonth = new com.kms.katalon.core.testobject.TestObject(): null

2018-12-12 20:38:27 - [TEST_STEP][PASSED] - Statement - selectMonth.addProperty("xpath", EQUALS, "//body/div/div/div/select/option[@value='" + CurrentMonth + "']", true): null

2018-12-12 20:38:27 - [TEST_STEP][PASSED] - click: Object: '' is clicked on

2018-12-12 20:38:27 - [MESSAGE][PASSED] - Object: '' is clicked on

2018-12-12 20:38:27 - [TEST_STEP][PASSED] - click: Object: 'Object Repository/Final Object Repo/New Registration - Registration Module Pages/Form 2/DOB Year' is clicked on

2018-12-12 20:38:27 - [MESSAGE][PASSED] - Object: 'Object Repository/Final Object Repo/New Registration - Registration Module Pages/Form 2/DOB Year' is clicked on

2018-12-12 20:38:27 - [TEST_STEP][PASSED] - Statement - Eyearsbf = EighteenYrsBefore: null

2018-12-12 20:38:27 - [TEST_STEP][PASSED] - Statement - selectYear = new com.kms.katalon.core.testobject.TestObject(): null

2018-12-12 20:38:27 - [TEST_STEP][PASSED] - Statement - selectYear.addProperty("xpath", EQUALS, "//div/div/div/select/option[@value='" + Eyearsbf + "']", true): null

2018-12-12 20:38:27 - [TEST_STEP][PASSED] - click: Object: '' is clicked on

2018-12-12 20:38:27 - [MESSAGE][PASSED] - Object: '' is clicked on

2018-12-12 20:38:27 - [TEST_STEP][PASSED] - Statement - UpdatedSelectDate = com.kms.katalon.core.webui.keyword.WebUiBuiltInKeywords.modifyObjectProperty(com.kms.katalon.core.testobject.ObjectRepository.findTestObject(Final Object Repo/New Registration - Registration Module Pages/Form 2/DOB Date), "xpath", "equals", "//body/div/table/tbody/tr/td/a[text()="" + CurrentDate + ""]", true): Modify property of object successfully

2018-12-12 20:38:27 - [MESSAGE][PASSED] - Modify property of object successfully

2018-12-12 20:38:27 - [TEST_STEP][PASSED] - delay: Delayed 3 second(s)

2018-12-12 20:38:30 - [MESSAGE][PASSED] - Delayed 3 second(s)

2018-12-12 20:38:30 - [TEST_STEP][PASSED] - click: Object: 'Object Repository/Final Object Repo/New Registration - Registration Module Pages/Form 2/DOB Date' is clicked on

2018-12-12 20:38:30 - [MESSAGE][PASSED] - Object: 'Object Repository/Final Object Repo/New Registration - Registration Module Pages/Form 2/DOB Date' is clicked on

2018-12-12 20:38:30 - [TEST_STEP][PASSED] - delay: Delayed 2 second(s)

2018-12-12 20:38:32 - [MESSAGE][PASSED] - Delayed 2 second(s)

2018-12-12 20:38:32 - [TEST_STEP][PASSED] - click: Object: 'Object Repository/Final Object Repo/New Registration - Registration Module Pages/Form 2/EmploymentStartDate Pop Up' is clicked on

2018-12-12 20:38:33 - [MESSAGE][PASSED] - Object: 'Object Repository/Final Object Repo/New Registration - Registration Module Pages/Form 2/EmploymentStartDate Pop Up' is clicked on

2018-12-12 20:38:33 - [TEST_STEP][PASSED] - delay: Delayed 2 second(s)

2018-12-12 20:38:35 - [MESSAGE][PASSED] - Delayed 2 second(s)

2018-12-12 20:38:35 - [TEST_STEP][PASSED] - click: Object: 'Object Repository/Final Object Repo/New Registration - Registration Module Pages/Form 2/Socso Employment StartDate Month' is clicked on

2018-12-12 20:38:35 - [MESSAGE][PASSED] - Object: 'Object Repository/Final Object Repo/New Registration - Registration Module Pages/Form 2/Socso Employment StartDate Month' is clicked on

2018-12-12 20:38:35 - [TEST_STEP][PASSED] - delay: Delayed 1 second(s)

2018-12-12 20:38:36 - [MESSAGE][PASSED] - Delayed 1 second(s)

2018-12-12 20:38:36 - [TEST_STEP][PASSED] - click: Object: 'Object Repository/Final Object Repo/New Registration - Registration Module Pages/Form 2/Select Socso Employement Startdate Month' is clicked on

2018-12-12 20:38:36 - [MESSAGE][PASSED] - Object: 'Object Repository/Final Object Repo/New Registration - Registration Module Pages/Form 2/Select Socso Employement Startdate Month' is clicked on

2018-12-12 20:38:36 - [TEST_STEP][PASSED] - delay: Delayed 2 second(s)

2018-12-12 20:38:38 - [MESSAGE][PASSED] - Delayed 2 second(s)

2018-12-12 20:38:38 - [TEST_STEP][PASSED] - click: Object: 'Object Repository/Final Object Repo/New Registration - Registration Module Pages/Form 2/Socso Employment StartDate Year' is clicked on

2018-12-12 20:38:38 - [MESSAGE][PASSED] - Object: 'Object Repository/Final Object Repo/New Registration - Registration Module Pages/Form 2/Socso Employment StartDate Year' is clicked on

2018-12-12 20:38:38 - [TEST_STEP][PASSED] - delay: Delayed 1 second(s)

2018-12-12 20:38:39 - [MESSAGE][PASSED] - Delayed 1 second(s)

2018-12-12 20:38:39 - [TEST_STEP][PASSED] - click: Object: 'Object Repository/Final Object Repo/New Registration - Registration Module Pages/Form 2/Select Socso Employment Startdate Year' is clicked on

2018-12-12 20:38:39 - [MESSAGE][PASSED] - Object: 'Object Repository/Final Object Repo/New Registration - Registration Module Pages/Form 2/Select Socso Employment Startdate Year' is clicked on

2018-12-12 20:38:39 - [TEST_STEP][PASSED] - delay: Delayed 2 second(s)

2018-12-12 20:38:41 - [MESSAGE][PASSED] - Delayed 2 second(s)

2018-12-12 20:38:41 - [TEST_STEP][PASSED] - click: Object: 'Object Repository/Final Object Repo/New Registration - Registration Module Pages/Form 2/Socso Employment Start Date Day' is clicked on

2018-12-12 20:38:41 - [MESSAGE][PASSED] - Object: 'Object Repository/Final Object Repo/New Registration - Registration Module Pages/Form 2/Socso Employment Start Date Day' is clicked on

2018-12-12 20:38:41 - [TEST_STEP][PASSED] - delay: Delayed 2 second(s)

2018-12-12 20:38:43 - [MESSAGE][PASSED] - Delayed 2 second(s)

2018-12-12 20:38:43 - [TEST_STEP][PASSED] - click: Object: 'Object Repository/Final Object Repo/New Registration - Registration Module Pages/Form 2/Save Button for Add Employee' is clicked on

2018-12-12 20:38:44 - [MESSAGE][PASSED] - Object: 'Object Repository/Final Object Repo/New Registration - Registration Module Pages/Form 2/Save Button for Add Employee' is clicked on

2018-12-12 20:38:44 - [TEST_STEP][PASSED] - delay: Delayed 6 second(s)

2018-12-12 20:38:50 - [MESSAGE][PASSED] - Delayed 6 second(s)

2018-12-12 20:38:50 - [TEST_STEP][PASSED] - click: Object: 'Object Repository/Final Object Repo/New Registration - Registration Module Pages/Form 2/Incomplete Checkbox' is clicked on

2018-12-12 20:38:50 - [MESSAGE][PASSED] - Object: 'Object Repository/Final Object Repo/New Registration - Registration Module Pages/Form 2/Incomplete Checkbox' is clicked on

2018-12-12 20:38:50 - [TEST_STEP][PASSED] - delay: Delayed 2 second(s)

2018-12-12 20:38:52 - [MESSAGE][PASSED] - Delayed 2 second(s)

2018-12-12 20:38:52 - [TEST_STEP][PASSED] - click: Object: 'Object Repository/Final Object Repo/New Registration - Registration Module Pages/Form 2/Save and Continue Form 2' is clicked on

2018-12-12 20:38:52 - [MESSAGE][PASSED] - Object: 'Object Repository/Final Object Repo/New Registration - Registration Module Pages/Form 2/Save and Continue Form 2' is clicked on

2018-12-12 20:38:52 - [MESSAGE][PASSED] - Call Test Case 'Test Cases/Final Aug 2018 - PKS Automation/Registration Module/New Registration/Form 2/Add 1 Eligible - Incomplete' successfully

2018-12-12 20:38:52 - [TEST_STEP][PASSED] - callTestCase: Call Test Case 'Test Cases/Final Aug 2018 - PKS Automation/Registration Module/New Registration/Flow of New Registration/Third Screen - Upload Supporting Doc - Preview' successfully

2018-12-12 20:38:52 - [TEST_CASE][PASSED] - Test Cases/Final Aug 2018 - PKS Automation/Registration Module/New Registration/Flow of New Registration/Third Screen - Upload Supporting Doc - Preview: Test Cases/Final Aug 2018 - PKS Automation/Registration Module/New Registration/Flow of New Registration/Third Screen - Upload Supporting Doc - Preview

2018-12-12 20:38:52 - [TEST_STEP][PASSED] - waitForPageLoad: Wait for page load successfully

2018-12-12 20:38:53 - [MESSAGE][PASSED] - Wait for page load successfully

2018-12-12 20:38:53 - [TEST_STEP][PASSED] - Statement - CaseReferenceNo = com.kms.katalon.core.webui.keyword.WebUiBuiltInKeywords.getText(com.kms.katalon.core.testobject.ObjectRepository.findTestObject(Final Object Repo/New Registration - Registration Module Pages/Third Screen - Upload Supporting Doc- Preview/RefNo Acquiring)): Text of object 'Object Repository/Final Object Repo/New Registration - Registration Module Pages/Third Screen - Upload Supporting Doc- Preview/RefNo Acquiring' is: 'CRN12201800123237'

2018-12-12 20:38:53 - [MESSAGE][PASSED] - Text of object 'Object Repository/Final Object Repo/New Registration - Registration Module Pages/Third Screen - Upload Supporting Doc- Preview/RefNo Acquiring' is: 'CRN12201800123237'

2018-12-12 20:38:53 - [TEST_STEP][PASSED] - delay: Delayed 2 second(s)

2018-12-12 20:38:55 - [MESSAGE][PASSED] - Delayed 2 second(s)

2018-12-12 20:38:55 - [TEST_STEP][PASSED] - callTestCase: Call Test Case 'Test Cases/Final Aug 2018 - PKS Automation/Common/Reference Number Setter' successfully

2018-12-12 20:38:55 - [TEST_CASE][PASSED] - Test Cases/Final Aug 2018 - PKS Automation/Common/Reference Number Setter: Test Cases/Final Aug 2018 - PKS Automation/Common/Reference Number Setter

2018-12-12 20:38:55 - [TEST_STEP][PASSED] - Statement - RefNoOldFile = new java.io.File(C://Users//Admin//Desktop//PKS//Automation Reference Point//KatalonReference.txt): null

2018-12-12 20:38:55 - [TEST_STEP][PASSED] - Statement - RefNoOldFile.delete(): null

2018-12-12 20:38:55 - [TEST_STEP][PASSED] - delay: Delayed 5 second(s)

2018-12-12 20:39:00 - [MESSAGE][PASSED] - Delayed 5 second(s)

2018-12-12 20:39:00 - [TEST_STEP][PASSED] - Statement - RefNo = new java.io.File(C://Users//Admin//Desktop//PKS//Automation Reference Point//KatalonReference.txt): null

2018-12-12 20:39:00 - [TEST_STEP][PASSED] - Statement - f2 = new java.io.FileWriter(RefNo, false): null

2018-12-12 20:39:00 - [TEST_STEP][PASSED] - Statement - f2.write(CaseReferenceNo): null

2018-12-12 20:39:00 - [TEST_STEP][PASSED] - Statement - f2.close(): null

2018-12-12 20:39:00 - [TEST_STEP][PASSED] - Statement - out.println("


" + CaseReferenceNo + "


"): null

2018-12-12 20:39:00 - [MESSAGE][PASSED] - Call Test Case 'Test Cases/Final Aug 2018 - PKS Automation/Common/Reference Number Setter' successfully

2018-12-12 20:39:00 - [TEST_STEP][PASSED] - waitForElementClickable: Object 'Object Repository/Final Object Repo/New Registration - Registration Module Pages/Third Screen - Upload Supporting Doc- Preview/Save n Continue in SIP Employee Listing Page' is clickable

2018-12-12 20:39:00 - [MESSAGE][PASSED] - Object 'Object Repository/Final Object Repo/New Registration - Registration Module Pages/Third Screen - Upload Supporting Doc- Preview/Save n Continue in SIP Employee Listing Page' is clickable

2018-12-12 20:39:00 - [TEST_STEP][PASSED] - click: Object: 'Object Repository/Final Object Repo/New Registration - Registration Module Pages/Third Screen - Upload Supporting Doc- Preview/Save n Continue in SIP Employee Listing Page' is clicked on

2018-12-12 20:39:05 - [MESSAGE][PASSED] - Object: 'Object Repository/Final Object Repo/New Registration - Registration Module Pages/Third Screen - Upload Supporting Doc- Preview/Save n Continue in SIP Employee Listing Page' is clicked on

2018-12-12 20:39:05 - [TEST_STEP][PASSED] - delay: Delayed 7 second(s)

2018-12-12 20:39:12 - [MESSAGE][PASSED] - Delayed 7 second(s)

2018-12-12 20:39:12 - [TEST_STEP][PASSED] - click: Object: 'Object Repository/Final Object Repo/New Registration - Registration Module Pages/Third Screen - Upload Supporting Doc- Preview/Add Document Button' is clicked on

2018-12-12 20:39:13 - [MESSAGE][PASSED] - Object: 'Object Repository/Final Object Repo/New Registration - Registration Module Pages/Third Screen - Upload Supporting Doc- Preview/Add Document Button' is clicked on

2018-12-12 20:39:13 - [TEST_STEP][PASSED] - delay: Delayed 30 second(s)

2018-12-12 20:39:43 - [MESSAGE][PASSED] - Delayed 30 second(s)

2018-12-12 20:39:43 - [TEST_STEP][PASSED] - click: Object: 'Object Repository/Final Object Repo/New Registration - Registration Module Pages/Third Screen - Upload Supporting Doc- Preview/Supporting Doc Please Select Drop Down' is clicked on

2018-12-12 20:39:43 - [MESSAGE][PASSED] - Object: 'Object Repository/Final Object Repo/New Registration - Registration Module Pages/Third Screen - Upload Supporting Doc- Preview/Supporting Doc Please Select Drop Down' is clicked on

2018-12-12 20:39:43 - [TEST_STEP][PASSED] - delay: Delayed 2 second(s)

2018-12-12 20:39:45 - [MESSAGE][PASSED] - Delayed 2 second(s)

2018-12-12 20:39:45 - [TEST_STEP][PASSED] - click: Object: 'Object Repository/Final Object Repo/New Registration - Registration Module Pages/Third Screen - Upload Supporting Doc- Preview/Select to Upload Form 1' is clicked on

2018-12-12 20:39:45 - [MESSAGE][PASSED] - Object: 'Object Repository/Final Object Repo/New Registration - Registration Module Pages/Third Screen - Upload Supporting Doc- Preview/Select to Upload Form 1' is clicked on

2018-12-12 20:39:45 - [TEST_STEP][PASSED] - delay: Delayed 2 second(s)

2018-12-12 20:39:47 - [MESSAGE][PASSED] - Delayed 2 second(s)

2018-12-12 20:39:47 - [TEST_STEP][PASSED] - uploadFile: File 'C:\Users\Public\Pictures\Sample Pictures\Koala.jpg' sent to object: 'Object Repository/Final Object Repo/New Registration - Registration Module Pages/Third Screen - Upload Supporting Doc- Preview/Upload File Adding'

2018-12-12 20:39:47 - [MESSAGE][PASSED] - File 'C:\Users\Public\Pictures\Sample Pictures\Koala.jpg' sent to object: 'Object Repository/Final Object Repo/New Registration - Registration Module Pages/Third Screen - Upload Supporting Doc- Preview/Upload File Adding'

2018-12-12 20:39:47 - [TEST_STEP][PASSED] - delay: Delayed 5 second(s)

2018-12-12 20:39:52 - [MESSAGE][PASSED] - Delayed 5 second(s)

2018-12-12 20:39:52 - [TEST_STEP][PASSED] - click: Object: 'Object Repository/Final Object Repo/New Registration - Registration Module Pages/Third Screen - Upload Supporting Doc- Preview/Inner Form Add Document Button' is clicked on

2018-12-12 20:39:52 - [MESSAGE][PASSED] - Object: 'Object Repository/Final Object Repo/New Registration - Registration Module Pages/Third Screen - Upload Supporting Doc- Preview/Inner Form Add Document Button' is clicked on

2018-12-12 20:39:52 - [TEST_STEP][PASSED] - delay: Delayed 3 second(s)

2018-12-12 20:39:55 - [MESSAGE][PASSED] - Delayed 3 second(s)

2018-12-12 20:39:55 - [TEST_STEP][PASSED] - click: Object: 'Object Repository/Final Object Repo/New Registration - Registration Module Pages/Third Screen - Upload Supporting Doc- Preview/Add Document Button' is clicked on

2018-12-12 20:39:57 - [MESSAGE][PASSED] - Object: 'Object Repository/Final Object Repo/New Registration - Registration Module Pages/Third Screen - Upload Supporting Doc- Preview/Add Document Button' is clicked on

2018-12-12 20:39:57 - [TEST_STEP][PASSED] - delay: Delayed 30 second(s)

2018-12-12 20:40:27 - [MESSAGE][PASSED] - Delayed 30 second(s)

2018-12-12 20:40:27 - [TEST_STEP][PASSED] - click: Object: 'Object Repository/Final Object Repo/New Registration - Registration Module Pages/Third Screen - Upload Supporting Doc- Preview/Supporting Doc Please Select Drop Down' is clicked on

2018-12-12 20:40:27 - [MESSAGE][PASSED] - Object: 'Object Repository/Final Object Repo/New Registration - Registration Module Pages/Third Screen - Upload Supporting Doc- Preview/Supporting Doc Please Select Drop Down' is clicked on

2018-12-12 20:40:27 - [TEST_STEP][PASSED] - delay: Delayed 4 second(s)

2018-12-12 20:40:31 - [MESSAGE][PASSED] - Delayed 4 second(s)

2018-12-12 20:40:31 - [TEST_STEP][PASSED] - click: Object: 'Object Repository/Final Object Repo/New Registration - Registration Module Pages/Third Screen - Upload Supporting Doc- Preview/Select to Upload Form 2' is clicked on

2018-12-12 20:40:31 - [MESSAGE][PASSED] - Object: 'Object Repository/Final Object Repo/New Registration - Registration Module Pages/Third Screen - Upload Supporting Doc- Preview/Select to Upload Form 2' is clicked on

2018-12-12 20:40:31 - [TEST_STEP][PASSED] - delay: Delayed 2 second(s)

2018-12-12 20:40:33 - [MESSAGE][PASSED] - Delayed 2 second(s)

2018-12-12 20:40:33 - [TEST_STEP][PASSED] - uploadFile: File 'C:\Users\Public\Pictures\Sample Pictures\Koala.jpg' sent to object: 'Object Repository/Final Object Repo/New Registration - Registration Module Pages/Third Screen - Upload Supporting Doc- Preview/Upload File Adding'

2018-12-12 20:40:33 - [MESSAGE][PASSED] - File 'C:\Users\Public\Pictures\Sample Pictures\Koala.jpg' sent to object: 'Object Repository/Final Object Repo/New Registration - Registration Module Pages/Third Screen - Upload Supporting Doc- Preview/Upload File Adding'

2018-12-12 20:40:33 - [TEST_STEP][PASSED] - click: Object: 'Object Repository/Final Object Repo/New Registration - Registration Module Pages/Third Screen - Upload Supporting Doc- Preview/Inner Form Add Document Button' is clicked on

2018-12-12 20:40:33 - [MESSAGE][PASSED] - Object: 'Object Repository/Final Object Repo/New Registration - Registration Module Pages/Third Screen - Upload Supporting Doc- Preview/Inner Form Add Document Button' is clicked on

2018-12-12 20:40:33 - [TEST_STEP][PASSED] - delay: Delayed 5 second(s)

2018-12-12 20:40:38 - [MESSAGE][PASSED] - Delayed 5 second(s)

2018-12-12 20:40:38 - [TEST_STEP][PASSED] - click: Object: 'Object Repository/Final Object Repo/New Registration - Registration Module Pages/Third Screen - Upload Supporting Doc- Preview/Add Document Button' is clicked on

2018-12-12 20:40:38 - [MESSAGE][PASSED] - Object: 'Object Repository/Final Object Repo/New Registration - Registration Module Pages/Third Screen - Upload Supporting Doc- Preview/Add Document Button' is clicked on

2018-12-12 20:40:38 - [TEST_STEP][PASSED] - delay: Delayed 30 second(s)

2018-12-12 20:41:08 - [MESSAGE][PASSED] - Delayed 30 second(s)

2018-12-12 20:41:08 - [TEST_STEP][PASSED] - click: Object: 'Object Repository/Final Object Repo/New Registration - Registration Module Pages/Third Screen - Upload Supporting Doc- Preview/Supporting Doc Please Select Drop Down' is clicked on

2018-12-12 20:41:09 - [MESSAGE][PASSED] - Object: 'Object Repository/Final Object Repo/New Registration - Registration Module Pages/Third Screen - Upload Supporting Doc- Preview/Supporting Doc Please Select Drop Down' is clicked on

2018-12-12 20:41:09 - [TEST_STEP][PASSED] - click: Object: 'Object Repository/Final Object Repo/New Registration - Registration Module Pages/Third Screen - Upload Supporting Doc- Preview/Select to Upload Borang SIP 1' is clicked on

2018-12-12 20:41:09 - [MESSAGE][PASSED] - Object: 'Object Repository/Final Object Repo/New Registration - Registration Module Pages/Third Screen - Upload Supporting Doc- Preview/Select to Upload Borang SIP 1' is clicked on

2018-12-12 20:41:09 - [TEST_STEP][PASSED] - delay: Delayed 2 second(s)

2018-12-12 20:41:11 - [MESSAGE][PASSED] - Delayed 2 second(s)

2018-12-12 20:41:11 - [TEST_STEP][PASSED] - uploadFile: File 'C:\Users\Public\Pictures\Sample Pictures\Koala.jpg' sent to object: 'Object Repository/Final Object Repo/New Registration - Registration Module Pages/Third Screen - Upload Supporting Doc- Preview/Upload File Adding'

2018-12-12 20:41:11 - [MESSAGE][PASSED] - File 'C:\Users\Public\Pictures\Sample Pictures\Koala.jpg' sent to object: 'Object Repository/Final Object Repo/New Registration - Registration Module Pages/Third Screen - Upload Supporting Doc- Preview/Upload File Adding'

2018-12-12 20:41:11 - [TEST_STEP][PASSED] - click: Object: 'Object Repository/Final Object Repo/New Registration - Registration Module Pages/Third Screen - Upload Supporting Doc- Preview/Inner Form Add Document Button' is clicked on

2018-12-12 20:41:11 - [MESSAGE][PASSED] - Object: 'Object Repository/Final Object Repo/New Registration - Registration Module Pages/Third Screen - Upload Supporting Doc- Preview/Inner Form Add Document Button' is clicked on

2018-12-12 20:41:11 - [TEST_STEP][PASSED] - delay: Delayed 5 second(s)

2018-12-12 20:41:16 - [MESSAGE][PASSED] - Delayed 5 second(s)

2018-12-12 20:41:16 - [TEST_STEP][PASSED] - click: Object: 'Object Repository/Final Object Repo/New Registration - Registration Module Pages/Third Screen - Upload Supporting Doc- Preview/Add Document Button' is clicked on

2018-12-12 20:41:16 - [MESSAGE][PASSED] - Object: 'Object Repository/Final Object Repo/New Registration - Registration Module Pages/Third Screen - Upload Supporting Doc- Preview/Add Document Button' is clicked on

2018-12-12 20:41:16 - [TEST_STEP][PASSED] - delay: Delayed 30 second(s)

2018-12-12 20:41:46 - [MESSAGE][PASSED] - Delayed 30 second(s)

2018-12-12 20:41:46 - [TEST_STEP][PASSED] - click: Object: 'Object Repository/Final Object Repo/New Registration - Registration Module Pages/Third Screen - Upload Supporting Doc- Preview/Supporting Doc Please Select Drop Down' is clicked on

2018-12-12 20:41:46 - [MESSAGE][PASSED] - Object: 'Object Repository/Final Object Repo/New Registration - Registration Module Pages/Third Screen - Upload Supporting Doc- Preview/Supporting Doc Please Select Drop Down' is clicked on

2018-12-12 20:41:46 - [TEST_STEP][PASSED] - delay: Delayed 3 second(s)

2018-12-12 20:41:49 - [MESSAGE][PASSED] - Delayed 3 second(s)

2018-12-12 20:41:49 - [TEST_STEP][PASSED] - click: Object: 'Object Repository/Final Object Repo/New Registration - Registration Module Pages/Third Screen - Upload Supporting Doc- Preview/Select to Upload Borang SIP 2' is clicked on

2018-12-12 20:41:50 - [MESSAGE][PASSED] - Object: 'Object Repository/Final Object Repo/New Registration - Registration Module Pages/Third Screen - Upload Supporting Doc- Preview/Select to Upload Borang SIP 2' is clicked on

2018-12-12 20:41:50 - [TEST_STEP][PASSED] - delay: Delayed 2 second(s)

2018-12-12 20:41:52 - [MESSAGE][PASSED] - Delayed 2 second(s)

2018-12-12 20:41:52 - [TEST_STEP][PASSED] - uploadFile: File 'C:\Users\Public\Pictures\Sample Pictures\Koala.jpg' sent to object: 'Object Repository/Final Object Repo/New Registration - Registration Module Pages/Third Screen - Upload Supporting Doc- Preview/Upload File Adding'

2018-12-12 20:41:52 - [MESSAGE][PASSED] - File 'C:\Users\Public\Pictures\Sample Pictures\Koala.jpg' sent to object: 'Object Repository/Final Object Repo/New Registration - Registration Module Pages/Third Screen - Upload Supporting Doc- Preview/Upload File Adding'

2018-12-12 20:41:52 - [TEST_STEP][PASSED] - delay: Delayed 5 second(s)

2018-12-12 20:41:57 - [MESSAGE][PASSED] - Delayed 5 second(s)

2018-12-12 20:41:57 - [TEST_STEP][PASSED] - click: Object: 'Object Repository/Final Object Repo/New Registration - Registration Module Pages/Third Screen - Upload Supporting Doc- Preview/Inner Form Add Document Button' is clicked on

2018-12-12 20:41:57 - [MESSAGE][PASSED] - Object: 'Object Repository/Final Object Repo/New Registration - Registration Module Pages/Third Screen - Upload Supporting Doc- Preview/Inner Form Add Document Button' is clicked on

2018-12-12 20:41:57 - [TEST_STEP][PASSED] - delay: Delayed 3 second(s)

2018-12-12 20:42:00 - [MESSAGE][PASSED] - Delayed 3 second(s)

2018-12-12 20:42:00 - [TEST_STEP][PASSED] - waitForElementClickable: Object 'Object Repository/Final Object Repo/New Registration - Registration Module Pages/Third Screen - Upload Supporting Doc- Preview/Save n Continue in Uploading Supporting Doc Page' is clickable

2018-12-12 20:42:01 - [MESSAGE][PASSED] - Object 'Object Repository/Final Object Repo/New Registration - Registration Module Pages/Third Screen - Upload Supporting Doc- Preview/Save n Continue in Uploading Supporting Doc Page' is clickable

2018-12-12 20:42:01 - [TEST_STEP][PASSED] - click: Object: 'Object Repository/Final Object Repo/New Registration - Registration Module Pages/Third Screen - Upload Supporting Doc- Preview/Save n Continue in Uploading Supporting Doc Page' is clicked on

2018-12-12 20:42:01 - [MESSAGE][PASSED] - Object: 'Object Repository/Final Object Repo/New Registration - Registration Module Pages/Third Screen - Upload Supporting Doc- Preview/Save n Continue in Uploading Supporting Doc Page' is clicked on

2018-12-12 20:42:01 - [MESSAGE][PASSED] - Call Test Case 'Test Cases/Final Aug 2018 - PKS Automation/Registration Module/New Registration/Flow of New Registration/Third Screen - Upload Supporting Doc - Preview' successfully

2018-12-12 20:42:01 - [TEST_STEP][PASSED] - callTestCase: Call Test Case 'Test Cases/Final Aug 2018 - PKS Automation/Registration Module/New Registration/Submit and Screenshot/Submit Registration and Screenshot' successfully

2018-12-12 20:42:01 - [TEST_CASE][PASSED] - Test Cases/Final Aug 2018 - PKS Automation/Registration Module/New Registration/Submit and Screenshot/Submit Registration and Screenshot: Test Cases/Final Aug 2018 - PKS Automation/Registration Module/New Registration/Submit and Screenshot/Submit Registration and Screenshot

2018-12-12 20:42:01 - [TEST_STEP][PASSED] - delay: Delayed 6 second(s)

2018-12-12 20:42:07 - [MESSAGE][PASSED] - Delayed 6 second(s)

2018-12-12 20:42:07 - [TEST_STEP][PASSED] - click: Object: 'Object Repository/Final Object Repo/New Registration - Registration Module Pages/Third Screen - Upload Supporting Doc- Preview/Preview Submit Button' is clicked on

2018-12-12 20:42:07 - [MESSAGE][PASSED] - Object: 'Object Repository/Final Object Repo/New Registration - Registration Module Pages/Third Screen - Upload Supporting Doc- Preview/Preview Submit Button' is clicked on

2018-12-12 20:42:07 - [TEST_STEP][PASSED] - delay: Delayed 2 second(s)

2018-12-12 20:42:09 - [MESSAGE][PASSED] - Delayed 2 second(s)

2018-12-12 20:42:09 - [TEST_STEP][PASSED] - click: Object: 'Object Repository/Final Object Repo/New Registration - Registration Module Pages/Third Screen - Upload Supporting Doc- Preview/Preview Submit - Confirm' is clicked on

2018-12-12 20:42:10 - [MESSAGE][PASSED] - Object: 'Object Repository/Final Object Repo/New Registration - Registration Module Pages/Third Screen - Upload Supporting Doc- Preview/Preview Submit - Confirm' is clicked on

2018-12-12 20:42:10 - [TEST_STEP][PASSED] - delay: Delayed 15 second(s)

2018-12-12 20:42:25 - [MESSAGE][PASSED] - Delayed 15 second(s)

2018-12-12 20:42:25 - [TEST_STEP][PASSED] - Statement - driver = com.kms.katalon.core.webui.driver.DriverFactory.getWebDriver(): null

2018-12-12 20:42:25 - [TEST_STEP][PASSED] - Statement - driver.manage().timeouts().implicitlyWait(10, SECONDS): null

2018-12-12 20:42:25 - [TEST_STEP][PASSED] - Statement - PresavePath = KatalonScreenshots: null

2018-12-12 20:42:25 - [TEST_STEP][PASSED] - Statement - pathPrefix = "C:\Users\Public\Pictures\Sample Pictures\Katalon Screenshots\Automate Ending Screen": null

2018-12-12 20:42:25 - [TEST_STEP][PASSED] - Statement - finalPath = <not implemented yet for class: org.codehaus.groovy.ast.expr.EmptyExpression>: null

2018-12-12 20:42:25 - [TEST_STEP][PASSED] - Statement - scrFile = driver.getScreenshotAs(FILE): null

2018-12-12 20:42:25 - [TEST_STEP][PASSED] - Statement - PreSaveFile = new java.io.File(PresavePath): null

2018-12-12 20:42:25 - [TEST_STEP][PASSED] - Statement - counter = 0: null

2018-12-12 20:42:25 - [TEST_STEP][PASSED] - Statement - If (PreSaveFile.exists()): null

2018-12-12 20:42:25 - [TEST_STEP][PASSED] - Statement - While (PreSaveFile.exists()): null

2018-12-12 20:42:25 - [TEST_STEP][PASSED] - Statement - counter = counter + 1: null

2018-12-12 20:42:25 - [TEST_STEP][PASSED] - Statement - PreSaveFile = new java.io.File(((pathPrefix + java.lang.Integer.toString(counter)) + .png)): null

2018-12-12 20:42:25 - [TEST_STEP][PASSED] - Statement - counter = counter + 1: null

2018-12-12 20:42:25 - [TEST_STEP][PASSED] - Statement - PreSaveFile = new java.io.File(((pathPrefix + java.lang.Integer.toString(counter)) + .png)): null

2018-12-12 20:42:25 - [TEST_STEP][PASSED] - Statement - counter = counter + 1: null

2018-12-12 20:42:25 - [TEST_STEP][PASSED] - Statement - PreSaveFile = new java.io.File(((pathPrefix + java.lang.Integer.toString(counter)) + .png)): null

2018-12-12 20:42:25 - [TEST_STEP][PASSED] - Statement - counter = counter + 1: null

2018-12-12 20:42:25 - [TEST_STEP][PASSED] - Statement - PreSaveFile = new java.io.File(((pathPrefix + java.lang.Integer.toString(counter)) + .png)): null

2018-12-12 20:42:25 - [TEST_STEP][PASSED] - Statement - counter = counter + 1: null

2018-12-12 20:42:25 - [TEST_STEP][PASSED] - Statement - PreSaveFile = new java.io.File(((pathPrefix + java.lang.Integer.toString(counter)) + .png)): null

2018-12-12 20:42:25 - [TEST_STEP][PASSED] - Statement - counter = counter + 1: null

2018-12-12 20:42:25 - [TEST_STEP][PASSED] - Statement - PreSaveFile = new java.io.File(((pathPrefix + java.lang.Integer.toString(counter)) + .png)): null

2018-12-12 20:42:25 - [TEST_STEP][PASSED] - Statement - counter = counter + 1: null

2018-12-12 20:42:25 - [TEST_STEP][PASSED] - Statement - PreSaveFile = new java.io.File(((pathPrefix + java.lang.Integer.toString(counter)) + .png)): null

2018-12-12 20:42:25 - [TEST_STEP][PASSED] - Statement - counter = counter + 1: null

2018-12-12 20:42:25 - [TEST_STEP][PASSED] - Statement - PreSaveFile = new java.io.File(((pathPrefix + java.lang.Integer.toString(counter)) + .png)): null

2018-12-12 20:42:25 - [TEST_STEP][PASSED] - Statement - counter = counter + 1: null

2018-12-12 20:42:25 - [TEST_STEP][PASSED] - Statement - PreSaveFile = new java.io.File(((pathPrefix + java.lang.Integer.toString(counter)) + .png)): null

2018-12-12 20:42:25 - [TEST_STEP][PASSED] - Statement - counter = counter + 1: null

2018-12-12 20:42:25 - [TEST_STEP][PASSED] - Statement - PreSaveFile = new java.io.File(((pathPrefix + java.lang.Integer.toString(counter)) + .png)): null

2018-12-12 20:42:25 - [TEST_STEP][PASSED] - Statement - counter = counter + 1: null

2018-12-12 20:42:25 - [TEST_STEP][PASSED] - Statement - PreSaveFile = new java.io.File(((pathPrefix + java.lang.Integer.toString(counter)) + .png)): null

2018-12-12 20:42:25 - [TEST_STEP][PASSED] - Statement - counter = counter + 1: null

2018-12-12 20:42:25 - [TEST_STEP][PASSED] - Statement - PreSaveFile = new java.io.File(((pathPrefix + java.lang.Integer.toString(counter)) + .png)): null

2018-12-12 20:42:25 - [TEST_STEP][PASSED] - Statement - counter = counter + 1: null

2018-12-12 20:42:25 - [TEST_STEP][PASSED] - Statement - PreSaveFile = new java.io.File(((pathPrefix + java.lang.Integer.toString(counter)) + .png)): null

2018-12-12 20:42:25 - [TEST_STEP][PASSED] - Statement - counter = counter + 1: null

2018-12-12 20:42:25 - [TEST_STEP][PASSED] - Statement - PreSaveFile = new java.io.File(((pathPrefix + java.lang.Integer.toString(counter)) + .png)): null

2018-12-12 20:42:25 - [TEST_STEP][PASSED] - Statement - counter = counter + 1: null

2018-12-12 20:42:25 - [TEST_STEP][PASSED] - Statement - PreSaveFile = new java.io.File(((pathPrefix + java.lang.Integer.toString(counter)) + .png)): null

2018-12-12 20:42:25 - [TEST_STEP][PASSED] - Statement - counter = counter + 1: null

2018-12-12 20:42:25 - [TEST_STEP][PASSED] - Statement - PreSaveFile = new java.io.File(((pathPrefix + java.lang.Integer.toString(counter)) + .png)): null

2018-12-12 20:42:25 - [TEST_STEP][PASSED] - Statement - counter = counter + 1: null

2018-12-12 20:42:25 - [TEST_STEP][PASSED] - Statement - PreSaveFile = new java.io.File(((pathPrefix + java.lang.Integer.toString(counter)) + .png)): null

2018-12-12 20:42:25 - [TEST_STEP][PASSED] - Statement - counter = counter + 1: null

2018-12-12 20:42:25 - [TEST_STEP][PASSED] - Statement - PreSaveFile = new java.io.File(((pathPrefix + java.lang.Integer.toString(counter)) + .png)): null

2018-12-12 20:42:25 - [TEST_STEP][PASSED] - Statement - counter = counter + 1: null

2018-12-12 20:42:25 - [TEST_STEP][PASSED] - Statement - PreSaveFile = new java.io.File(((pathPrefix + java.lang.Integer.toString(counter)) + .png)): null

2018-12-12 20:42:25 - [TEST_STEP][PASSED] - Statement - counter = counter + 1: null

2018-12-12 20:42:25 - [TEST_STEP][PASSED] - Statement - PreSaveFile = new java.io.File(((pathPrefix + java.lang.Integer.toString(counter)) + .png)): null

2018-12-12 20:42:25 - [TEST_STEP][PASSED] - Statement - counter = counter + 1: null

2018-12-12 20:42:25 - [TEST_STEP][PASSED] - Statement - PreSaveFile = new java.io.File(((pathPrefix + java.lang.Integer.toString(counter)) + .png)): null

2018-12-12 20:42:25 - [TEST_STEP][PASSED] - Statement - counter = counter + 1: null

2018-12-12 20:42:25 - [TEST_STEP][PASSED] - Statement - PreSaveFile = new java.io.File(((pathPrefix + java.lang.Integer.toString(counter)) + .png)): null

2018-12-12 20:42:25 - [TEST_STEP][PASSED] - Statement - counter = counter + 1: null

2018-12-12 20:42:25 - [TEST_STEP][PASSED] - Statement - PreSaveFile = new java.io.File(((pathPrefix + java.lang.Integer.toString(counter)) + .png)): null

2018-12-12 20:42:25 - [TEST_STEP][PASSED] - Statement - counter = counter + 1: null

2018-12-12 20:42:25 - [TEST_STEP][PASSED] - Statement - PreSaveFile = new java.io.File(((pathPrefix + java.lang.Integer.toString(counter)) + .png)): null

2018-12-12 20:42:25 - [TEST_STEP][PASSED] - Statement - counter = counter + 1: null

2018-12-12 20:42:25 - [TEST_STEP][PASSED] - Statement - PreSaveFile = new java.io.File(((pathPrefix + java.lang.Integer.toString(counter)) + .png)): null

2018-12-12 20:42:25 - [TEST_STEP][PASSED] - Statement - counter = counter + 1: null

2018-12-12 20:42:25 - [TEST_STEP][PASSED] - Statement - PreSaveFile = new java.io.File(((pathPrefix + java.lang.Integer.toString(counter)) + .png)): null

2018-12-12 20:42:25 - [TEST_STEP][PASSED] - Statement - counter = counter + 1: null

2018-12-12 20:42:25 - [TEST_STEP][PASSED] - Statement - PreSaveFile = new java.io.File(((pathPrefix + java.lang.Integer.toString(counter)) + .png)): null

2018-12-12 20:42:25 - [TEST_STEP][PASSED] - Statement - counter = counter + 1: null

2018-12-12 20:42:25 - [TEST_STEP][PASSED] - Statement - PreSaveFile = new java.io.File(((pathPrefix + java.lang.Integer.toString(counter)) + .png)): null

2018-12-12 20:42:25 - [TEST_STEP][PASSED] - Statement - counter = counter + 1: null

2018-12-12 20:42:25 - [TEST_STEP][PASSED] - Statement - PreSaveFile = new java.io.File(((pathPrefix + java.lang.Integer.toString(counter)) + .png)): null

2018-12-12 20:42:25 - [TEST_STEP][PASSED] - Statement - counter = counter + 1: null

2018-12-12 20:42:25 - [TEST_STEP][PASSED] - Statement - PreSaveFile = new java.io.File(((pathPrefix + java.lang.Integer.toString(counter)) + .png)): null

2018-12-12 20:42:25 - [TEST_STEP][PASSED] - Statement - counter = counter + 1: null

2018-12-12 20:42:25 - [TEST_STEP][PASSED] - Statement - PreSaveFile = new java.io.File(((pathPrefix + java.lang.Integer.toString(counter)) + .png)): null

2018-12-12 20:42:25 - [TEST_STEP][PASSED] - Statement - counter = counter + 1: null

2018-12-12 20:42:25 - [TEST_STEP][PASSED] - Statement - PreSaveFile = new java.io.File(((pathPrefix + java.lang.Integer.toString(counter)) + .png)): null

2018-12-12 20:42:25 - [TEST_STEP][PASSED] - Statement - counter = counter + 1: null

2018-12-12 20:42:25 - [TEST_STEP][PASSED] - Statement - PreSaveFile = new java.io.File(((pathPrefix + java.lang.Integer.toString(counter)) + .png)): null

2018-12-12 20:42:25 - [TEST_STEP][PASSED] - Statement - counter = counter + 1: null

2018-12-12 20:42:25 - [TEST_STEP][PASSED] - Statement - PreSaveFile = new java.io.File(((pathPrefix + java.lang.Integer.toString(counter)) + .png)): null

2018-12-12 20:42:25 - [TEST_STEP][PASSED] - Statement - counter = counter + 1: null

2018-12-12 20:42:25 - [TEST_STEP][PASSED] - Statement - PreSaveFile = new java.io.File(((pathPrefix + java.lang.Integer.toString(counter)) + .png)): null

2018-12-12 20:42:25 - [TEST_STEP][PASSED] - Statement - counter = counter + 1: null

2018-12-12 20:42:25 - [TEST_STEP][PASSED] - Statement - PreSaveFile = new java.io.File(((pathPrefix + java.lang.Integer.toString(counter)) + .png)): null

2018-12-12 20:42:25 - [TEST_STEP][PASSED] - Statement - counter = counter + 1: null

2018-12-12 20:42:25 - [TEST_STEP][PASSED] - Statement - PreSaveFile = new java.io.File(((pathPrefix + java.lang.Integer.toString(counter)) + .png)): null

2018-12-12 20:42:25 - [TEST_STEP][PASSED] - Statement - counter = counter + 1: null

2018-12-12 20:42:25 - [TEST_STEP][PASSED] - Statement - PreSaveFile = new java.io.File(((pathPrefix + java.lang.Integer.toString(counter)) + .png)): null

2018-12-12 20:42:25 - [TEST_STEP][PASSED] - Statement - counter = counter + 1: null

2018-12-12 20:42:25 - [TEST_STEP][PASSED] - Statement - PreSaveFile = new java.io.File(((pathPrefix + java.lang.Integer.toString(counter)) + .png)): null

2018-12-12 20:42:25 - [TEST_STEP][PASSED] - Statement - counter = counter + 1: null

2018-12-12 20:42:25 - [TEST_STEP][PASSED] - Statement - PreSaveFile = new java.io.File(((pathPrefix + java.lang.Integer.toString(counter)) + .png)): null

2018-12-12 20:42:25 - [TEST_STEP][PASSED] - Statement - counter = counter + 1: null

2018-12-12 20:42:25 - [TEST_STEP][PASSED] - Statement - PreSaveFile = new java.io.File(((pathPrefix + java.lang.Integer.toString(counter)) + .png)): null

2018-12-12 20:42:25 - [TEST_STEP][PASSED] - Statement - counter = counter + 1: null

2018-12-12 20:42:25 - [TEST_STEP][PASSED] - Statement - PreSaveFile = new java.io.File(((pathPrefix + java.lang.Integer.toString(counter)) + .png)): null

2018-12-12 20:42:25 - [TEST_STEP][PASSED] - Statement - counter = counter + 1: null

2018-12-12 20:42:25 - [TEST_STEP][PASSED] - Statement - PreSaveFile = new java.io.File(((pathPrefix + java.lang.Integer.toString(counter)) + .png)): null

2018-12-12 20:42:25 - [TEST_STEP][PASSED] - Statement - counter = counter + 1: null

2018-12-12 20:42:25 - [TEST_STEP][PASSED] - Statement - PreSaveFile = new java.io.File(((pathPrefix + java.lang.Integer.toString(counter)) + .png)): null

2018-12-12 20:42:25 - [TEST_STEP][PASSED] - Statement - counter = counter + 1: null

2018-12-12 20:42:25 - [TEST_STEP][PASSED] - Statement - PreSaveFile = new java.io.File(((pathPrefix + java.lang.Integer.toString(counter)) + .png)): null

2018-12-12 20:42:25 - [TEST_STEP][PASSED] - Statement - counter = counter + 1: null

2018-12-12 20:42:25 - [TEST_STEP][PASSED] - Statement - PreSaveFile = new java.io.File(((pathPrefix + java.lang.Integer.toString(counter)) + .png)): null

2018-12-12 20:42:25 - [TEST_STEP][PASSED] - Statement - counter = counter + 1: null

2018-12-12 20:42:25 - [TEST_STEP][PASSED] - Statement - PreSaveFile = new java.io.File(((pathPrefix + java.lang.Integer.toString(counter)) + .png)): null

2018-12-12 20:42:25 - [TEST_STEP][PASSED] - Statement - counter = counter + 1: null

2018-12-12 20:42:25 - [TEST_STEP][PASSED] - Statement - PreSaveFile = new java.io.File(((pathPrefix + java.lang.Integer.toString(counter)) + .png)): null

2018-12-12 20:42:25 - [TEST_STEP][PASSED] - Statement - counter = counter + 1: null

2018-12-12 20:42:25 - [TEST_STEP][PASSED] - Statement - PreSaveFile = new java.io.File(((pathPrefix + java.lang.Integer.toString(counter)) + .png)): null

2018-12-12 20:42:25 - [TEST_STEP][PASSED] - Statement - counter = counter + 1: null

2018-12-12 20:42:25 - [TEST_STEP][PASSED] - Statement - PreSaveFile = new java.io.File(((pathPrefix + java.lang.Integer.toString(counter)) + .png)): null

2018-12-12 20:42:25 - [TEST_STEP][PASSED] - Statement - counter = counter + 1: null

2018-12-12 20:42:25 - [TEST_STEP][PASSED] - Statement - PreSaveFile = new java.io.File(((pathPrefix + java.lang.Integer.toString(counter)) + .png)): null

2018-12-12 20:42:25 - [TEST_STEP][PASSED] - Statement - counter = counter + 1: null

2018-12-12 20:42:25 - [TEST_STEP][PASSED] - Statement - PreSaveFile = new java.io.File(((pathPrefix + java.lang.Integer.toString(counter)) + .png)): null

2018-12-12 20:42:25 - [TEST_STEP][PASSED] - Statement - counter = counter + 1: null

2018-12-12 20:42:25 - [TEST_STEP][PASSED] - Statement - PreSaveFile = new java.io.File(((pathPrefix + java.lang.Integer.toString(counter)) + .png)): null

2018-12-12 20:42:25 - [TEST_STEP][PASSED] - Statement - counter = counter + 1: null

2018-12-12 20:42:25 - [TEST_STEP][PASSED] - Statement - PreSaveFile = new java.io.File(((pathPrefix + java.lang.Integer.toString(counter)) + .png)): null

2018-12-12 20:42:25 - [TEST_STEP][PASSED] - Statement - counter = counter + 1: null

2018-12-12 20:42:25 - [TEST_STEP][PASSED] - Statement - PreSaveFile = new java.io.File(((pathPrefix + java.lang.Integer.toString(counter)) + .png)): null

2018-12-12 20:42:25 - [TEST_STEP][PASSED] - Statement - counter = counter + 1: null

2018-12-12 20:42:25 - [TEST_STEP][PASSED] - Statement - PreSaveFile = new java.io.File(((pathPrefix + java.lang.Integer.toString(counter)) + .png)): null

2018-12-12 20:42:25 - [TEST_STEP][PASSED] - Statement - counter = counter + 1: null

2018-12-12 20:42:25 - [TEST_STEP][PASSED] - Statement - PreSaveFile = new java.io.File(((pathPrefix + java.lang.Integer.toString(counter)) + .png)): null

2018-12-12 20:42:25 - [TEST_STEP][PASSED] - Statement - counter = counter + 1: null

2018-12-12 20:42:25 - [TEST_STEP][PASSED] - Statement - PreSaveFile = new java.io.File(((pathPrefix + java.lang.Integer.toString(counter)) + .png)): null

2018-12-12 20:42:25 - [TEST_STEP][PASSED] - Statement - counter = counter + 1: null

2018-12-12 20:42:25 - [TEST_STEP][PASSED] - Statement - PreSaveFile = new java.io.File(((pathPrefix + java.lang.Integer.toString(counter)) + .png)): null

2018-12-12 20:42:25 - [TEST_STEP][PASSED] - Statement - counter = counter + 1: null

2018-12-12 20:42:25 - [TEST_STEP][PASSED] - Statement - PreSaveFile = new java.io.File(((pathPrefix + java.lang.Integer.toString(counter)) + .png)): null

2018-12-12 20:42:25 - [TEST_STEP][PASSED] - Statement - counter = counter + 1: null

2018-12-12 20:42:25 - [TEST_STEP][PASSED] - Statement - PreSaveFile = new java.io.File(((pathPrefix + java.lang.Integer.toString(counter)) + .png)): null

2018-12-12 20:42:25 - [TEST_STEP][PASSED] - Statement - counter = counter + 1: null

2018-12-12 20:42:25 - [TEST_STEP][PASSED] - Statement - PreSaveFile = new java.io.File(((pathPrefix + java.lang.Integer.toString(counter)) + .png)): null

2018-12-12 20:42:25 - [TEST_STEP][PASSED] - Statement - counter = counter + 1: null

2018-12-12 20:42:25 - [TEST_STEP][PASSED] - Statement - PreSaveFile = new java.io.File(((pathPrefix + java.lang.Integer.toString(counter)) + .png)): null

2018-12-12 20:42:25 - [TEST_STEP][PASSED] - Statement - counter = counter + 1: null

2018-12-12 20:42:25 - [TEST_STEP][PASSED] - Statement - PreSaveFile = new java.io.File(((pathPrefix + java.lang.Integer.toString(counter)) + .png)): null

2018-12-12 20:42:25 - [TEST_STEP][PASSED] - Statement - counter = counter + 1: null

2018-12-12 20:42:25 - [TEST_STEP][PASSED] - Statement - PreSaveFile = new java.io.File(((pathPrefix + java.lang.Integer.toString(counter)) + .png)): null

2018-12-12 20:42:25 - [TEST_STEP][PASSED] - Statement - counter = counter + 1: null

2018-12-12 20:42:25 - [TEST_STEP][PASSED] - Statement - PreSaveFile = new java.io.File(((pathPrefix + java.lang.Integer.toString(counter)) + .png)): null

2018-12-12 20:42:25 - [TEST_STEP][PASSED] - Statement - counter = counter + 1: null

2018-12-12 20:42:25 - [TEST_STEP][PASSED] - Statement - PreSaveFile = new java.io.File(((pathPrefix + java.lang.Integer.toString(counter)) + .png)): null

2018-12-12 20:42:25 - [TEST_STEP][PASSED] - Statement - counter = counter + 1: null

2018-12-12 20:42:25 - [TEST_STEP][PASSED] - Statement - PreSaveFile = new java.io.File(((pathPrefix + java.lang.Integer.toString(counter)) + .png)): null

2018-12-12 20:42:25 - [TEST_STEP][PASSED] - Statement - counter = counter + 1: null

2018-12-12 20:42:25 - [TEST_STEP][PASSED] - Statement - PreSaveFile = new java.io.File(((pathPrefix + java.lang.Integer.toString(counter)) + .png)): null

2018-12-12 20:42:25 - [TEST_STEP][PASSED] - Statement - counter = counter + 1: null

2018-12-12 20:42:25 - [TEST_STEP][PASSED] - Statement - PreSaveFile = new java.io.File(((pathPrefix + java.lang.Integer.toString(counter)) + .png)): null

2018-12-12 20:42:25 - [TEST_STEP][PASSED] - Statement - counter = counter + 1: null

2018-12-12 20:42:25 - [TEST_STEP][PASSED] - Statement - PreSaveFile = new java.io.File(((pathPrefix + java.lang.Integer.toString(counter)) + .png)): null

2018-12-12 20:42:25 - [TEST_STEP][PASSED] - Statement - counter = counter + 1: null

2018-12-12 20:42:25 - [TEST_STEP][PASSED] - Statement - PreSaveFile = new java.io.File(((pathPrefix + java.lang.Integer.toString(counter)) + .png)): null

2018-12-12 20:42:25 - [TEST_STEP][PASSED] - Statement - counter = counter + 1: null

2018-12-12 20:42:25 - [TEST_STEP][PASSED] - Statement - PreSaveFile = new java.io.File(((pathPrefix + java.lang.Integer.toString(counter)) + .png)): null

2018-12-12 20:42:25 - [TEST_STEP][PASSED] - Statement - counter = counter + 1: null

2018-12-12 20:42:25 - [TEST_STEP][PASSED] - Statement - PreSaveFile = new java.io.File(((pathPrefix + java.lang.Integer.toString(counter)) + .png)): null

2018-12-12 20:42:25 - [TEST_STEP][PASSED] - Statement - counter = counter + 1: null

2018-12-12 20:42:25 - [TEST_STEP][PASSED] - Statement - PreSaveFile = new java.io.File(((pathPrefix + java.lang.Integer.toString(counter)) + .png)): null

2018-12-12 20:42:25 - [TEST_STEP][PASSED] - Statement - counter = counter + 1: null

2018-12-12 20:42:25 - [TEST_STEP][PASSED] - Statement - PreSaveFile = new java.io.File(((pathPrefix + java.lang.Integer.toString(counter)) + .png)): null

2018-12-12 20:42:25 - [TEST_STEP][PASSED] - Statement - counter = counter + 1: null

2018-12-12 20:42:25 - [TEST_STEP][PASSED] - Statement - PreSaveFile = new java.io.File(((pathPrefix + java.lang.Integer.toString(counter)) + .png)): null

2018-12-12 20:42:25 - [TEST_STEP][PASSED] - Statement - counter = counter + 1: null

2018-12-12 20:42:25 - [TEST_STEP][PASSED] - Statement - PreSaveFile = new java.io.File(((pathPrefix + java.lang.Integer.toString(counter)) + .png)): null

2018-12-12 20:42:25 - [TEST_STEP][PASSED] - Statement - counter = counter + 1: null

2018-12-12 20:42:25 - [TEST_STEP][PASSED] - Statement - PreSaveFile = new java.io.File(((pathPrefix + java.lang.Integer.toString(counter)) + .png)): null

2018-12-12 20:42:25 - [TEST_STEP][PASSED] - Statement - counter = counter + 1: null

2018-12-12 20:42:25 - [TEST_STEP][PASSED] - Statement - PreSaveFile = new java.io.File(((pathPrefix + java.lang.Integer.toString(counter)) + .png)): null

2018-12-12 20:42:25 - [TEST_STEP][PASSED] - Statement - counter = counter + 1: null

2018-12-12 20:42:25 - [TEST_STEP][PASSED] - Statement - PreSaveFile = new java.io.File(((pathPrefix + java.lang.Integer.toString(counter)) + .png)): null

2018-12-12 20:42:25 - [TEST_STEP][PASSED] - Statement - counter = counter + 1: null

2018-12-12 20:42:25 - [TEST_STEP][PASSED] - Statement - PreSaveFile = new java.io.File(((pathPrefix + java.lang.Integer.toString(counter)) + .png)): null

2018-12-12 20:42:25 - [TEST_STEP][PASSED] - Statement - counter = counter + 1: null

2018-12-12 20:42:25 - [TEST_STEP][PASSED] - Statement - PreSaveFile = new java.io.File(((pathPrefix + java.lang.Integer.toString(counter)) + .png)): null

2018-12-12 20:42:25 - [TEST_STEP][PASSED] - Statement - counter = counter + 1: null

2018-12-12 20:42:25 - [TEST_STEP][PASSED] - Statement - PreSaveFile = new java.io.File(((pathPrefix + java.lang.Integer.toString(counter)) + .png)): null

2018-12-12 20:42:25 - [TEST_STEP][PASSED] - Statement - counter = counter + 1: null

2018-12-12 20:42:25 - [TEST_STEP][PASSED] - Statement - PreSaveFile = new java.io.File(((pathPrefix + java.lang.Integer.toString(counter)) + .png)): null

2018-12-12 20:42:25 - [TEST_STEP][PASSED] - Statement - counter = counter + 1: null

2018-12-12 20:42:25 - [TEST_STEP][PASSED] - Statement - PreSaveFile = new java.io.File(((pathPrefix + java.lang.Integer.toString(counter)) + .png)): null

2018-12-12 20:42:25 - [TEST_STEP][PASSED] - Statement - counter = counter + 1: null

2018-12-12 20:42:25 - [TEST_STEP][PASSED] - Statement - PreSaveFile = new java.io.File(((pathPrefix + java.lang.Integer.toString(counter)) + .png)): null

2018-12-12 20:42:25 - [TEST_STEP][PASSED] - Statement - counter = counter + 1: null

2018-12-12 20:42:25 - [TEST_STEP][PASSED] - Statement - PreSaveFile = new java.io.File(((pathPrefix + java.lang.Integer.toString(counter)) + .png)): null

2018-12-12 20:42:25 - [TEST_STEP][PASSED] - Statement - counter = counter + 1: null

2018-12-12 20:42:25 - [TEST_STEP][PASSED] - Statement - PreSaveFile = new java.io.File(((pathPrefix + java.lang.Integer.toString(counter)) + .png)): null

2018-12-12 20:42:25 - [TEST_STEP][PASSED] - Statement - counter = counter + 1: null

2018-12-12 20:42:25 - [TEST_STEP][PASSED] - Statement - PreSaveFile = new java.io.File(((pathPrefix + java.lang.Integer.toString(counter)) + .png)): null

2018-12-12 20:42:25 - [TEST_STEP][PASSED] - Statement - counter = counter + 1: null

2018-12-12 20:42:25 - [TEST_STEP][PASSED] - Statement - PreSaveFile = new java.io.File(((pathPrefix + java.lang.Integer.toString(counter)) + .png)): null

2018-12-12 20:42:25 - [TEST_STEP][PASSED] - Statement - counter = counter + 1: null

2018-12-12 20:42:25 - [TEST_STEP][PASSED] - Statement - PreSaveFile = new java.io.File(((pathPrefix + java.lang.Integer.toString(counter)) + .png)): null

2018-12-12 20:42:25 - [TEST_STEP][PASSED] - Statement - counter = counter + 1: null

2018-12-12 20:42:25 - [TEST_STEP][PASSED] - Statement - PreSaveFile = new java.io.File(((pathPrefix + java.lang.Integer.toString(counter)) + .png)): null

2018-12-12 20:42:25 - [TEST_STEP][PASSED] - Statement - counter = counter + 1: null

2018-12-12 20:42:25 - [TEST_STEP][PASSED] - Statement - PreSaveFile = new java.io.File(((pathPrefix + java.lang.Integer.toString(counter)) + .png)): null

2018-12-12 20:42:25 - [TEST_STEP][PASSED] - Statement - counter = counter + 1: null

2018-12-12 20:42:25 - [TEST_STEP][PASSED] - Statement - PreSaveFile = new java.io.File(((pathPrefix + java.lang.Integer.toString(counter)) + .png)): null

2018-12-12 20:42:25 - [TEST_STEP][PASSED] - Statement - counter = counter + 1: null

2018-12-12 20:42:25 - [TEST_STEP][PASSED] - Statement - PreSaveFile = new java.io.File(((pathPrefix + java.lang.Integer.toString(counter)) + .png)): null

2018-12-12 20:42:25 - [TEST_STEP][PASSED] - Statement - counter = counter + 1: null

2018-12-12 20:42:25 - [TEST_STEP][PASSED] - Statement - PreSaveFile = new java.io.File(((pathPrefix + java.lang.Integer.toString(counter)) + .png)): null

2018-12-12 20:42:25 - [TEST_STEP][PASSED] - Statement - counter = counter + 1: null

2018-12-12 20:42:25 - [TEST_STEP][PASSED] - Statement - PreSaveFile = new java.io.File(((pathPrefix + java.lang.Integer.toString(counter)) + .png)): null

2018-12-12 20:42:25 - [TEST_STEP][PASSED] - Statement - counter = counter + 1: null

2018-12-12 20:42:25 - [TEST_STEP][PASSED] - Statement - PreSaveFile = new java.io.File(((pathPrefix + java.lang.Integer.toString(counter)) + .png)): null

2018-12-12 20:42:25 - [TEST_STEP][PASSED] - Statement - counter = counter + 1: null

2018-12-12 20:42:25 - [TEST_STEP][PASSED] - Statement - PreSaveFile = new java.io.File(((pathPrefix + java.lang.Integer.toString(counter)) + .png)): null

2018-12-12 20:42:25 - [TEST_STEP][PASSED] - Statement - counter = counter + 1: null

2018-12-12 20:42:25 - [TEST_STEP][PASSED] - Statement - PreSaveFile = new java.io.File(((pathPrefix + java.lang.Integer.toString(counter)) + .png)): null

2018-12-12 20:42:25 - [TEST_STEP][PASSED] - Statement - counter = counter + 1: null

2018-12-12 20:42:25 - [TEST_STEP][PASSED] - Statement - PreSaveFile = new java.io.File(((pathPrefix + java.lang.Integer.toString(counter)) + .png)): null

2018-12-12 20:42:25 - [TEST_STEP][PASSED] - Statement - counter = counter + 1: null

2018-12-12 20:42:25 - [TEST_STEP][PASSED] - Statement - PreSaveFile = new java.io.File(((pathPrefix + java.lang.Integer.toString(counter)) + .png)): null

2018-12-12 20:42:25 - [TEST_STEP][PASSED] - Statement - counter = counter + 1: null

2018-12-12 20:42:25 - [TEST_STEP][PASSED] - Statement - PreSaveFile = new java.io.File(((pathPrefix + java.lang.Integer.toString(counter)) + .png)): null

2018-12-12 20:42:25 - [TEST_STEP][PASSED] - Statement - counter = counter + 1: null

2018-12-12 20:42:25 - [TEST_STEP][PASSED] - Statement - PreSaveFile = new java.io.File(((pathPrefix + java.lang.Integer.toString(counter)) + .png)): null

2018-12-12 20:42:25 - [TEST_STEP][PASSED] - Statement - counter = counter + 1: null

2018-12-12 20:42:25 - [TEST_STEP][PASSED] - Statement - PreSaveFile = new java.io.File(((pathPrefix + java.lang.Integer.toString(counter)) + .png)): null

2018-12-12 20:42:25 - [TEST_STEP][PASSED] - Statement - counter = counter + 1: null

2018-12-12 20:42:25 - [TEST_STEP][PASSED] - Statement - PreSaveFile = new java.io.File(((pathPrefix + java.lang.Integer.toString(counter)) + .png)): null

2018-12-12 20:42:25 - [TEST_STEP][PASSED] - Statement - counter = counter + 1: null

2018-12-12 20:42:25 - [TEST_STEP][PASSED] - Statement - PreSaveFile = new java.io.File(((pathPrefix + java.lang.Integer.toString(counter)) + .png)): null

2018-12-12 20:42:25 - [TEST_STEP][PASSED] - Statement - counter = counter + 1: null

2018-12-12 20:42:25 - [TEST_STEP][PASSED] - Statement - PreSaveFile = new java.io.File(((pathPrefix + java.lang.Integer.toString(counter)) + .png)): null

2018-12-12 20:42:25 - [TEST_STEP][PASSED] - Statement - counter = counter + 1: null

2018-12-12 20:42:25 - [TEST_STEP][PASSED] - Statement - PreSaveFile = new java.io.File(((pathPrefix + java.lang.Integer.toString(counter)) + .png)): null

2018-12-12 20:42:25 - [TEST_STEP][PASSED] - Statement - counter = counter + 1: null

2018-12-12 20:42:25 - [TEST_STEP][PASSED] - Statement - PreSaveFile = new java.io.File(((pathPrefix + java.lang.Integer.toString(counter)) + .png)): null

2018-12-12 20:42:25 - [TEST_STEP][PASSED] - Statement - counter = counter + 1: null

2018-12-12 20:42:25 - [TEST_STEP][PASSED] - Statement - PreSaveFile = new java.io.File(((pathPrefix + java.lang.Integer.toString(counter)) + .png)): null

2018-12-12 20:42:25 - [TEST_STEP][PASSED] - Statement - counter = counter + 1: null

2018-12-12 20:42:25 - [TEST_STEP][PASSED] - Statement - PreSaveFile = new java.io.File(((pathPrefix + java.lang.Integer.toString(counter)) + .png)): null

2018-12-12 20:42:25 - [TEST_STEP][PASSED] - Statement - counter = counter + 1: null

2018-12-12 20:42:25 - [TEST_STEP][PASSED] - Statement - PreSaveFile = new java.io.File(((pathPrefix + java.lang.Integer.toString(counter)) + .png)): null

2018-12-12 20:42:25 - [TEST_STEP][PASSED] - Statement - counter = counter + 1: null

2018-12-12 20:42:25 - [TEST_STEP][PASSED] - Statement - PreSaveFile = new java.io.File(((pathPrefix + java.lang.Integer.toString(counter)) + .png)): null

2018-12-12 20:42:25 - [TEST_STEP][PASSED] - Statement - counter = counter + 1: null

2018-12-12 20:42:25 - [TEST_STEP][PASSED] - Statement - PreSaveFile = new java.io.File(((pathPrefix + java.lang.Integer.toString(counter)) + .png)): null

2018-12-12 20:42:25 - [TEST_STEP][PASSED] - Statement - counter = counter + 1: null

2018-12-12 20:42:25 - [TEST_STEP][PASSED] - Statement - PreSaveFile = new java.io.File(((pathPrefix + java.lang.Integer.toString(counter)) + .png)): null

2018-12-12 20:42:25 - [TEST_STEP][PASSED] - Statement - counter = counter + 1: null

2018-12-12 20:42:25 - [TEST_STEP][PASSED] - Statement - PreSaveFile = new java.io.File(((pathPrefix + java.lang.Integer.toString(counter)) + .png)): null

2018-12-12 20:42:25 - [TEST_STEP][PASSED] - Statement - counter = counter + 1: null

2018-12-12 20:42:25 - [TEST_STEP][PASSED] - Statement - PreSaveFile = new java.io.File(((pathPrefix + java.lang.Integer.toString(counter)) + .png)): null

2018-12-12 20:42:25 - [TEST_STEP][PASSED] - Statement - counter = counter + 1: null

2018-12-12 20:42:25 - [TEST_STEP][PASSED] - Statement - PreSaveFile = new java.io.File(((pathPrefix + java.lang.Integer.toString(counter)) + .png)): null

2018-12-12 20:42:25 - [TEST_STEP][PASSED] - Statement - counter = counter + 1: null

2018-12-12 20:42:25 - [TEST_STEP][PASSED] - Statement - PreSaveFile = new java.io.File(((pathPrefix + java.lang.Integer.toString(counter)) + .png)): null

2018-12-12 20:42:25 - [TEST_STEP][PASSED] - Statement - counter = counter + 1: null

2018-12-12 20:42:25 - [TEST_STEP][PASSED] - Statement - PreSaveFile = new java.io.File(((pathPrefix + java.lang.Integer.toString(counter)) + .png)): null

2018-12-12 20:42:25 - [TEST_STEP][PASSED] - Statement - counter = counter + 1: null

2018-12-12 20:42:25 - [TEST_STEP][PASSED] - Statement - PreSaveFile = new java.io.File(((pathPrefix + java.lang.Integer.toString(counter)) + .png)): null

2018-12-12 20:42:25 - [TEST_STEP][PASSED] - Statement - counter = counter + 1: null

2018-12-12 20:42:25 - [TEST_STEP][PASSED] - Statement - PreSaveFile = new java.io.File(((pathPrefix + java.lang.Integer.toString(counter)) + .png)): null

2018-12-12 20:42:25 - [TEST_STEP][PASSED] - Statement - counter = counter + 1: null

2018-12-12 20:42:25 - [TEST_STEP][PASSED] - Statement - PreSaveFile = new java.io.File(((pathPrefix + java.lang.Integer.toString(counter)) + .png)): null

2018-12-12 20:42:25 - [TEST_STEP][PASSED] - Statement - counter = counter + 1: null

2018-12-12 20:42:25 - [TEST_STEP][PASSED] - Statement - PreSaveFile = new java.io.File(((pathPrefix + java.lang.Integer.toString(counter)) + .png)): null

2018-12-12 20:42:25 - [TEST_STEP][PASSED] - Statement - counter = counter + 1: null

2018-12-12 20:42:25 - [TEST_STEP][PASSED] - Statement - PreSaveFile = new java.io.File(((pathPrefix + java.lang.Integer.toString(counter)) + .png)): null

2018-12-12 20:42:25 - [TEST_STEP][PASSED] - Statement - counter = counter + 1: null

2018-12-12 20:42:25 - [TEST_STEP][PASSED] - Statement - PreSaveFile = new java.io.File(((pathPrefix + java.lang.Integer.toString(counter)) + .png)): null

2018-12-12 20:42:25 - [TEST_STEP][PASSED] - Statement - counter = counter + 1: null

2018-12-12 20:42:25 - [TEST_STEP][PASSED] - Statement - PreSaveFile = new java.io.File(((pathPrefix + java.lang.Integer.toString(counter)) + .png)): null

2018-12-12 20:42:25 - [TEST_STEP][PASSED] - Statement - counter = counter + 1: null

2018-12-12 20:42:25 - [TEST_STEP][PASSED] - Statement - PreSaveFile = new java.io.File(((pathPrefix + java.lang.Integer.toString(counter)) + .png)): null

2018-12-12 20:42:25 - [TEST_STEP][PASSED] - Statement - counter = counter + 1: null

2018-12-12 20:42:25 - [TEST_STEP][PASSED] - Statement - PreSaveFile = new java.io.File(((pathPrefix + java.lang.Integer.toString(counter)) + .png)): null

2018-12-12 20:42:25 - [TEST_STEP][PASSED] - Statement - counter = counter + 1: null

2018-12-12 20:42:25 - [TEST_STEP][PASSED] - Statement - PreSaveFile = new java.io.File(((pathPrefix + java.lang.Integer.toString(counter)) + .png)): null

2018-12-12 20:42:25 - [TEST_STEP][PASSED] - Statement - counter = counter + 1: null

2018-12-12 20:42:25 - [TEST_STEP][PASSED] - Statement - PreSaveFile = new java.io.File(((pathPrefix + java.lang.Integer.toString(counter)) + .png)): null

2018-12-12 20:42:25 - [TEST_STEP][PASSED] - Statement - counter = counter + 1: null

2018-12-12 20:42:25 - [TEST_STEP][PASSED] - Statement - PreSaveFile = new java.io.File(((pathPrefix + java.lang.Integer.toString(counter)) + .png)): null

2018-12-12 20:42:25 - [TEST_STEP][PASSED] - Statement - counter = counter + 1: null

2018-12-12 20:42:25 - [TEST_STEP][PASSED] - Statement - PreSaveFile = new java.io.File(((pathPrefix + java.lang.Integer.toString(counter)) + .png)): null

2018-12-12 20:42:25 - [TEST_STEP][PASSED] - Statement - counter = counter + 1: null

2018-12-12 20:42:25 - [TEST_STEP][PASSED] - Statement - PreSaveFile = new java.io.File(((pathPrefix + java.lang.Integer.toString(counter)) + .png)): null

2018-12-12 20:42:25 - [TEST_STEP][PASSED] - Statement - counter = counter + 1: null

2018-12-12 20:42:25 - [TEST_STEP][PASSED] - Statement - PreSaveFile = new java.io.File(((pathPrefix + java.lang.Integer.toString(counter)) + .png)): null

2018-12-12 20:42:25 - [TEST_STEP][PASSED] - Statement - counter = counter + 1: null

2018-12-12 20:42:26 - [TEST_STEP][PASSED] - Statement - PreSaveFile = new java.io.File(((pathPrefix + java.lang.Integer.toString(counter)) + .png)): null

2018-12-12 20:42:26 - [TEST_STEP][PASSED] - Statement - counter = counter + 1: null

2018-12-12 20:42:26 - [TEST_STEP][PASSED] - Statement - PreSaveFile = new java.io.File(((pathPrefix + java.lang.Integer.toString(counter)) + .png)): null

2018-12-12 20:42:26 - [TEST_STEP][PASSED] - Statement - counter = counter + 1: null

2018-12-12 20:42:26 - [TEST_STEP][PASSED] - Statement - PreSaveFile = new java.io.File(((pathPrefix + java.lang.Integer.toString(counter)) + .png)): null

2018-12-12 20:42:26 - [TEST_STEP][PASSED] - Statement - counter = counter + 1: null

2018-12-12 20:42:26 - [TEST_STEP][PASSED] - Statement - PreSaveFile = new java.io.File(((pathPrefix + java.lang.Integer.toString(counter)) + .png)): null

2018-12-12 20:42:26 - [TEST_STEP][PASSED] - Statement - counter = counter + 1: null

2018-12-12 20:42:26 - [TEST_STEP][PASSED] - Statement - PreSaveFile = new java.io.File(((pathPrefix + java.lang.Integer.toString(counter)) + .png)): null

2018-12-12 20:42:26 - [TEST_STEP][PASSED] - Statement - counter = counter + 1: null

2018-12-12 20:42:26 - [TEST_STEP][PASSED] - Statement - PreSaveFile = new java.io.File(((pathPrefix + java.lang.Integer.toString(counter)) + .png)): null

2018-12-12 20:42:26 - [TEST_STEP][PASSED] - Statement - counter = counter + 1: null

2018-12-12 20:42:26 - [TEST_STEP][PASSED] - Statement - PreSaveFile = new java.io.File(((pathPrefix + java.lang.Integer.toString(counter)) + .png)): null

2018-12-12 20:42:26 - [TEST_STEP][PASSED] - Statement - counter = counter + 1: null

2018-12-12 20:42:26 - [TEST_STEP][PASSED] - Statement - PreSaveFile = new java.io.File(((pathPrefix + java.lang.Integer.toString(counter)) + .png)): null

2018-12-12 20:42:26 - [TEST_STEP][PASSED] - Statement - counter = counter + 1: null

2018-12-12 20:42:26 - [TEST_STEP][PASSED] - Statement - PreSaveFile = new java.io.File(((pathPrefix + java.lang.Integer.toString(counter)) + .png)): null

2018-12-12 20:42:26 - [TEST_STEP][PASSED] - Statement - counter = counter + 1: null

2018-12-12 20:42:26 - [TEST_STEP][PASSED] - Statement - PreSaveFile = new java.io.File(((pathPrefix + java.lang.Integer.toString(counter)) + .png)): null

2018-12-12 20:42:26 - [TEST_STEP][PASSED] - Statement - counter = counter + 1: null

2018-12-12 20:42:26 - [TEST_STEP][PASSED] - Statement - PreSaveFile = new java.io.File(((pathPrefix + java.lang.Integer.toString(counter)) + .png)): null

2018-12-12 20:42:26 - [TEST_STEP][PASSED] - Statement - counter = counter + 1: null

2018-12-12 20:42:26 - [TEST_STEP][PASSED] - Statement - PreSaveFile = new java.io.File(((pathPrefix + java.lang.Integer.toString(counter)) + .png)): null

2018-12-12 20:42:26 - [TEST_STEP][PASSED] - Statement - counter = counter + 1: null

2018-12-12 20:42:26 - [TEST_STEP][PASSED] - Statement - PreSaveFile = new java.io.File(((pathPrefix + java.lang.Integer.toString(counter)) + .png)): null

2018-12-12 20:42:26 - [TEST_STEP][PASSED] - Statement - counter = counter + 1: null

2018-12-12 20:42:26 - [TEST_STEP][PASSED] - Statement - PreSaveFile = new java.io.File(((pathPrefix + java.lang.Integer.toString(counter)) + .png)): null

2018-12-12 20:42:26 - [TEST_STEP][PASSED] - Statement - counter = counter + 1: null

2018-12-12 20:42:26 - [TEST_STEP][PASSED] - Statement - PreSaveFile = new java.io.File(((pathPrefix + java.lang.Integer.toString(counter)) + .png)): null

2018-12-12 20:42:26 - [TEST_STEP][PASSED] - Statement - counter = counter + 1: null

2018-12-12 20:42:26 - [TEST_STEP][PASSED] - Statement - PreSaveFile = new java.io.File(((pathPrefix + java.lang.Integer.toString(counter)) + .png)): null

2018-12-12 20:42:26 - [TEST_STEP][PASSED] - Statement - counter = counter + 1: null

2018-12-12 20:42:26 - [TEST_STEP][PASSED] - Statement - PreSaveFile = new java.io.File(((pathPrefix + java.lang.Integer.toString(counter)) + .png)): null

2018-12-12 20:42:26 - [TEST_STEP][PASSED] - Statement - counter = counter + 1: null

2018-12-12 20:42:26 - [TEST_STEP][PASSED] - Statement - PreSaveFile = new java.io.File(((pathPrefix + java.lang.Integer.toString(counter)) + .png)): null

2018-12-12 20:42:26 - [TEST_STEP][PASSED] - Statement - counter = counter + 1: null

2018-12-12 20:42:26 - [TEST_STEP][PASSED] - Statement - PreSaveFile = new java.io.File(((pathPrefix + java.lang.Integer.toString(counter)) + .png)): null

2018-12-12 20:42:26 - [TEST_STEP][PASSED] - Statement - counter = counter + 1: null

2018-12-12 20:42:26 - [TEST_STEP][PASSED] - Statement - PreSaveFile = new java.io.File(((pathPrefix + java.lang.Integer.toString(counter)) + .png)): null

2018-12-12 20:42:26 - [TEST_STEP][PASSED] - Statement - counter = counter + 1: null

2018-12-12 20:42:26 - [TEST_STEP][PASSED] - Statement - PreSaveFile = new java.io.File(((pathPrefix + java.lang.Integer.toString(counter)) + .png)): null

2018-12-12 20:42:26 - [TEST_STEP][PASSED] - Statement - counter = counter + 1: null

2018-12-12 20:42:26 - [TEST_STEP][PASSED] - Statement - PreSaveFile = new java.io.File(((pathPrefix + java.lang.Integer.toString(counter)) + .png)): null

2018-12-12 20:42:26 - [TEST_STEP][PASSED] - Statement - counter = counter + 1: null

2018-12-12 20:42:26 - [TEST_STEP][PASSED] - Statement - PreSaveFile = new java.io.File(((pathPrefix + java.lang.Integer.toString(counter)) + .png)): null

2018-12-12 20:42:26 - [TEST_STEP][PASSED] - Statement - counter = counter + 1: null

2018-12-12 20:42:26 - [TEST_STEP][PASSED] - Statement - PreSaveFile = new java.io.File(((pathPrefix + java.lang.Integer.toString(counter)) + .png)): null

2018-12-12 20:42:26 - [TEST_STEP][PASSED] - Statement - counter = counter + 1: null

2018-12-12 20:42:26 - [TEST_STEP][PASSED] - Statement - PreSaveFile = new java.io.File(((pathPrefix + java.lang.Integer.toString(counter)) + .png)): null

2018-12-12 20:42:26 - [TEST_STEP][PASSED] - Statement - counter = counter + 1: null

2018-12-12 20:42:26 - [TEST_STEP][PASSED] - Statement - PreSaveFile = new java.io.File(((pathPrefix + java.lang.Integer.toString(counter)) + .png)): null

2018-12-12 20:42:26 - [TEST_STEP][PASSED] - Statement - counter = counter + 1: null

2018-12-12 20:42:26 - [TEST_STEP][PASSED] - Statement - PreSaveFile = new java.io.File(((pathPrefix + java.lang.Integer.toString(counter)) + .png)): null

2018-12-12 20:42:26 - [TEST_STEP][PASSED] - Statement - counter = counter + 1: null

2018-12-12 20:42:26 - [TEST_STEP][PASSED] - Statement - PreSaveFile = new java.io.File(((pathPrefix + java.lang.Integer.toString(counter)) + .png)): null

2018-12-12 20:42:26 - [TEST_STEP][PASSED] - Statement - counter = counter + 1: null

2018-12-12 20:42:26 - [TEST_STEP][PASSED] - Statement - PreSaveFile = new java.io.File(((pathPrefix + java.lang.Integer.toString(counter)) + .png)): null

2018-12-12 20:42:26 - [TEST_STEP][PASSED] - Statement - counter = counter + 1: null

2018-12-12 20:42:26 - [TEST_STEP][PASSED] - Statement - PreSaveFile = new java.io.File(((pathPrefix + java.lang.Integer.toString(counter)) + .png)): null

2018-12-12 20:42:26 - [TEST_STEP][PASSED] - Statement - counter = counter + 1: null

2018-12-12 20:42:26 - [TEST_STEP][PASSED] - Statement - PreSaveFile = new java.io.File(((pathPrefix + java.lang.Integer.toString(counter)) + .png)): null

2018-12-12 20:42:26 - [TEST_STEP][PASSED] - Statement - counter = counter + 1: null

2018-12-12 20:42:26 - [TEST_STEP][PASSED] - Statement - PreSaveFile = new java.io.File(((pathPrefix + java.lang.Integer.toString(counter)) + .png)): null

2018-12-12 20:42:26 - [TEST_STEP][PASSED] - Statement - counter = counter + 1: null

2018-12-12 20:42:26 - [TEST_STEP][PASSED] - Statement - PreSaveFile = new java.io.File(((pathPrefix + java.lang.Integer.toString(counter)) + .png)): null

2018-12-12 20:42:26 - [TEST_STEP][PASSED] - Statement - counter = counter + 1: null

2018-12-12 20:42:26 - [TEST_STEP][PASSED] - Statement - PreSaveFile = new java.io.File(((pathPrefix + java.lang.Integer.toString(counter)) + .png)): null

2018-12-12 20:42:26 - [TEST_STEP][PASSED] - Statement - counter = counter + 1: null

2018-12-12 20:42:26 - [TEST_STEP][PASSED] - Statement - PreSaveFile = new java.io.File(((pathPrefix + java.lang.Integer.toString(counter)) + .png)): null

2018-12-12 20:42:26 - [TEST_STEP][PASSED] - Statement - counter = counter + 1: null

2018-12-12 20:42:26 - [TEST_STEP][PASSED] - Statement - PreSaveFile = new java.io.File(((pathPrefix + java.lang.Integer.toString(counter)) + .png)): null

2018-12-12 20:42:26 - [TEST_STEP][PASSED] - Statement - counter = counter + 1: null

2018-12-12 20:42:26 - [TEST_STEP][PASSED] - Statement - PreSaveFile = new java.io.File(((pathPrefix + java.lang.Integer.toString(counter)) + .png)): null

2018-12-12 20:42:26 - [TEST_STEP][PASSED] - Statement - counter = counter + 1: null

2018-12-12 20:42:26 - [TEST_STEP][PASSED] - Statement - PreSaveFile = new java.io.File(((pathPrefix + java.lang.Integer.toString(counter)) + .png)): null

2018-12-12 20:42:26 - [TEST_STEP][PASSED] - Statement - counter = counter + 1: null

2018-12-12 20:42:26 - [TEST_STEP][PASSED] - Statement - PreSaveFile = new java.io.File(((pathPrefix + java.lang.Integer.toString(counter)) + .png)): null

2018-12-12 20:42:26 - [TEST_STEP][PASSED] - Statement - counter = counter + 1: null

2018-12-12 20:42:26 - [TEST_STEP][PASSED] - Statement - PreSaveFile = new java.io.File(((pathPrefix + java.lang.Integer.toString(counter)) + .png)): null

2018-12-12 20:42:26 - [TEST_STEP][PASSED] - Statement - counter = counter + 1: null

2018-12-12 20:42:26 - [TEST_STEP][PASSED] - Statement - PreSaveFile = new java.io.File(((pathPrefix + java.lang.Integer.toString(counter)) + .png)): null

2018-12-12 20:42:26 - [TEST_STEP][PASSED] - Statement - counter = counter + 1: null

2018-12-12 20:42:26 - [TEST_STEP][PASSED] - Statement - PreSaveFile = new java.io.File(((pathPrefix + java.lang.Integer.toString(counter)) + .png)): null

2018-12-12 20:42:26 - [TEST_STEP][PASSED] - Statement - counter = counter + 1: null

2018-12-12 20:42:26 - [TEST_STEP][PASSED] - Statement - PreSaveFile = new java.io.File(((pathPrefix + java.lang.Integer.toString(counter)) + .png)): null

2018-12-12 20:42:26 - [TEST_STEP][PASSED] - Statement - counter = counter + 1: null

2018-12-12 20:42:26 - [TEST_STEP][PASSED] - Statement - PreSaveFile = new java.io.File(((pathPrefix + java.lang.Integer.toString(counter)) + .png)): null

2018-12-12 20:42:26 - [TEST_STEP][PASSED] - Statement - counter = counter + 1: null

2018-12-12 20:42:26 - [TEST_STEP][PASSED] - Statement - PreSaveFile = new java.io.File(((pathPrefix + java.lang.Integer.toString(counter)) + .png)): null

2018-12-12 20:42:26 - [TEST_STEP][PASSED] - Statement - counter = counter + 1: null

2018-12-12 20:42:26 - [TEST_STEP][PASSED] - Statement - PreSaveFile = new java.io.File(((pathPrefix + java.lang.Integer.toString(counter)) + .png)): null

2018-12-12 20:42:26 - [TEST_STEP][PASSED] - Statement - counter = counter + 1: null

2018-12-12 20:42:26 - [TEST_STEP][PASSED] - Statement - PreSaveFile = new java.io.File(((pathPrefix + java.lang.Integer.toString(counter)) + .png)): null

2018-12-12 20:42:26 - [TEST_STEP][PASSED] - Statement - counter = counter + 1: null

2018-12-12 20:42:26 - [TEST_STEP][PASSED] - Statement - PreSaveFile = new java.io.File(((pathPrefix + java.lang.Integer.toString(counter)) + .png)): null

2018-12-12 20:42:26 - [TEST_STEP][PASSED] - Statement - counter = counter + 1: null

2018-12-12 20:42:26 - [TEST_STEP][PASSED] - Statement - PreSaveFile = new java.io.File(((pathPrefix + java.lang.Integer.toString(counter)) + .png)): null

2018-12-12 20:42:26 - [TEST_STEP][PASSED] - Statement - counter = counter + 1: null

2018-12-12 20:42:26 - [TEST_STEP][PASSED] - Statement - PreSaveFile = new java.io.File(((pathPrefix + java.lang.Integer.toString(counter)) + .png)): null

2018-12-12 20:42:26 - [TEST_STEP][PASSED] - Statement - counter = counter + 1: null

2018-12-12 20:42:26 - [TEST_STEP][PASSED] - Statement - PreSaveFile = new java.io.File(((pathPrefix + java.lang.Integer.toString(counter)) + .png)): null

2018-12-12 20:42:26 - [TEST_STEP][PASSED] - Statement - counter = counter + 1: null

2018-12-12 20:42:26 - [TEST_STEP][PASSED] - Statement - PreSaveFile = new java.io.File(((pathPrefix + java.lang.Integer.toString(counter)) + .png)): null

2018-12-12 20:42:26 - [TEST_STEP][PASSED] - Statement - finalPath = pathPrefix + java.lang.Integer.toString(counter) + ".png": null

2018-12-12 20:42:26 - [TEST_STEP][PASSED] - Statement - SaveFile = new java.io.File(finalPath): null

2018-12-12 20:42:26 - [TEST_STEP][PASSED] - Statement - Try: null

2018-12-12 20:42:26 - [TEST_STEP][PASSED] - Statement - org.apache.commons.io.FileUtils.copyFile(scrFile, SaveFile): null

2018-12-12 20:42:26 - [TEST_STEP][PASSED] - Statement - out.println("file kept"): null

2018-12-12 20:42:26 - [TEST_STEP][PASSED] - delay: Delayed 10 second(s)

2018-12-12 20:42:36 - [MESSAGE][PASSED] - Delayed 10 second(s)

2018-12-12 20:42:36 - [MESSAGE][PASSED] - Call Test Case 'Test Cases/Final Aug 2018 - PKS Automation/Registration Module/New Registration/Submit and Screenshot/Submit Registration and Screenshot' successfully

2018-12-12 20:42:36 - [TEST_STEP][PASSED] - callTestCase: Call Test Case 'Test Cases/Final Aug 2018 - PKS Automation/Registration Module/Log Out/log out avoiding katalon tagging' successfully

2018-12-12 20:42:36 - [TEST_CASE][PASSED] - Test Cases/Final Aug 2018 - PKS Automation/Registration Module/Log Out/log out avoiding katalon tagging: Test Cases/Final Aug 2018 - PKS Automation/Registration Module/Log Out/log out avoiding katalon tagging

2018-12-12 20:42:36 - [TEST_STEP][PASSED] - navigateToUrl: Navigate to 'https://assist2-uat.perkeso.gov.my/c/portal/logout' successfully

2018-12-12 20:42:37 - [MESSAGE][PASSED] - Navigate to 'https://assist2-uat.perkeso.gov.my/c/portal/logout' successfully

2018-12-12 20:42:37 - [MESSAGE][PASSED] - Call Test Case 'Test Cases/Final Aug 2018 - PKS Automation/Registration Module/Log Out/log out avoiding katalon tagging' successfully

2018-12-12 20:42:37 - [TEST_STEP][PASSED] - callTestCase: Call Test Case 'Test Cases/Final Aug 2018 - PKS Automation/Common/Workflow Owner Finder' successfully

2018-12-12 20:42:37 - [TEST_CASE][PASSED] - Test Cases/Final Aug 2018 - PKS Automation/Common/Workflow Owner Finder: Test Cases/Final Aug 2018 - PKS Automation/Common/Workflow Owner Finder

2018-12-12 20:42:37 - [TEST_STEP][PASSED] - openBrowser: Browser is opened with url: ''

2018-12-12 20:42:37 - [MESSAGE][WARNING] - A browser is already opened. Closing browser and opening a new one

2018-12-12 20:42:41 - [MESSAGE][PASSED] - Browser is opened with url: ''

2018-12-12 20:42:41 - [TEST_STEP][PASSED] - navigateToUrl: Navigate to 'https://assist2-uat.perkeso.gov.my/login' successfully

2018-12-12 20:42:42 - [MESSAGE][PASSED] - Navigate to 'https://assist2-uat.perkeso.gov.my/login' successfully

2018-12-12 20:42:42 - [TEST_STEP][PASSED] - delay: Delayed 5 second(s)

2018-12-12 20:42:47 - [MESSAGE][PASSED] - Delayed 5 second(s)

2018-12-12 20:42:47 - [TEST_STEP][PASSED] - setText: Text 'test@liferay.com' is set on object 'Object Repository/Final Object Repo/Login Page/Internal User/Email Address'

2018-12-12 20:42:47 - [MESSAGE][PASSED] - Text 'test@liferay.com' is set on object 'Object Repository/Final Object Repo/Login Page/Internal User/Email Address'

2018-12-12 20:42:47 - [TEST_STEP][PASSED] - click: Object: 'Object Repository/Final Object Repo/Login Page/Internal User/Next Button' is clicked on

2018-12-12 20:42:47 - [MESSAGE][PASSED] - Object: 'Object Repository/Final Object Repo/Login Page/Internal User/Next Button' is clicked on

2018-12-12 20:42:47 - [TEST_STEP][PASSED] - delay: Delayed 2 second(s)

2018-12-12 20:42:49 - [MESSAGE][PASSED] - Delayed 2 second(s)

2018-12-12 20:42:49 - [TEST_STEP][PASSED] - setText: Text 'test' is set on object 'Object Repository/Final Object Repo/Login Page/Internal User/Password'

2018-12-12 20:42:50 - [MESSAGE][PASSED] - Text 'test' is set on object 'Object Repository/Final Object Repo/Login Page/Internal User/Password'

2018-12-12 20:42:50 - [TEST_STEP][PASSED] - delay: Delayed 2 second(s)

2018-12-12 20:42:52 - [MESSAGE][PASSED] - Delayed 2 second(s)

2018-12-12 20:42:52 - [TEST_STEP][PASSED] - click: Object: 'Object Repository/Final Object Repo/Login Page/Internal User/Login Button' is clicked on

2018-12-12 20:42:52 - [MESSAGE][PASSED] - Object: 'Object Repository/Final Object Repo/Login Page/Internal User/Login Button' is clicked on

2018-12-12 20:42:52 - [TEST_STEP][PASSED] - Statement - tester = com.kms.katalon.core.testobject.ObjectRepository.findTestObject(Final Object Repo/Landing Page/Select to English): Finding Test Object with id 'Object Repository/Final Object Repo/Landing Page/Select to English'

2018-12-12 20:42:52 - [TEST_STEP][PASSED] - Statement - Try: Delayed 2 second(s)

2018-12-12 20:42:52 - [TEST_STEP][PASSED] - Statement - Checker = com.kms.katalon.core.webui.keyword.WebUiBuiltInKeywords.verifyElementNotPresent(tester, 3): Web element with id: 'Object Repository/Final Object Repo/Landing Page/Select to English' located by 'By.xpath: //a[@class = 'taglib-language-list-text' and @lang = 'en-US' and (contains(text(), 'EN') or contains(., 'EN'))]' is not present after '3' second(s)

2018-12-12 20:42:54 - [MESSAGE][PASSED] - Web element with id: 'Object Repository/Final Object Repo/Landing Page/Select to English' located by 'By.xpath: //a[@class = 'taglib-language-list-text' and @lang = 'en-US' and (contains(text(), 'EN') or contains(., 'EN'))]' is not present after '3' second(s)

2018-12-12 20:42:54 - [TEST_STEP][PASSED] - Statement - If (Checker == false): null

2018-12-12 20:42:54 - [TEST_STEP][PASSED] - delay: Delayed 2 second(s)

2018-12-12 20:42:56 - [MESSAGE][PASSED] - Delayed 2 second(s)

2018-12-12 20:42:56 - [TEST_STEP][PASSED] - delay: Delayed 5 second(s)

2018-12-12 20:43:01 - [MESSAGE][PASSED] - Delayed 5 second(s)

2018-12-12 20:43:01 - [TEST_STEP][PASSED] - mouseOver: Object: 'Object Repository/Final Object Repo/Landing Page/WorkFlow Menu' is hovered

2018-12-12 20:43:01 - [MESSAGE][PASSED] - Object: 'Object Repository/Final Object Repo/Landing Page/WorkFlow Menu' is hovered

2018-12-12 20:43:01 - [TEST_STEP][PASSED] - delay: Delayed 2 second(s)

2018-12-12 20:43:03 - [MESSAGE][PASSED] - Delayed 2 second(s)

2018-12-12 20:43:03 - [TEST_STEP][PASSED] - click: Object: 'Object Repository/Final Object Repo/Landing Page/Select to Workflow Listing' is clicked on

2018-12-12 20:43:04 - [MESSAGE][PASSED] - Object: 'Object Repository/Final Object Repo/Landing Page/Select to Workflow Listing' is clicked on

2018-12-12 20:43:04 - [TEST_STEP][PASSED] - delay: Delayed 2 second(s)

2018-12-12 20:43:06 - [MESSAGE][PASSED] - Delayed 2 second(s)

2018-12-12 20:43:06 - [TEST_STEP][PASSED] - click: Object: 'Object Repository/Final Object Repo/WorkFlow Listing Page/Search Information - To Put Ref No' is clicked on

2018-12-12 20:43:06 - [MESSAGE][PASSED] - Object: 'Object Repository/Final Object Repo/WorkFlow Listing Page/Search Information - To Put Ref No' is clicked on

2018-12-12 20:43:06 - [TEST_STEP][PASSED] - delay: Delayed 2 second(s)

2018-12-12 20:43:08 - [MESSAGE][PASSED] - Delayed 2 second(s)

2018-12-12 20:43:08 - [TEST_STEP][PASSED] - callTestCase: Call Test Case 'Test Cases/Final Aug 2018 - PKS Automation/Common/Reference Number Getter' successfully

2018-12-12 20:43:08 - [TEST_CASE][PASSED] - Test Cases/Final Aug 2018 - PKS Automation/Common/Reference Number Getter: Test Cases/Final Aug 2018 - PKS Automation/Common/Reference Number Getter

2018-12-12 20:43:08 - [TEST_STEP][PASSED] - Statement - Try: null

2018-12-12 20:43:08 - [TEST_STEP][PASSED] - Statement - RefNo = new java.io.File(C://Users//Admin//Desktop//PKS//Automation Reference Point//KatalonReference.txt): null

2018-12-12 20:43:08 - [TEST_STEP][PASSED] - Statement - bufferread = new java.io.BufferedReader(new java.io.FileReader(RefNo)): null

2018-12-12 20:43:08 - [TEST_STEP][PASSED] - Statement - readedVal = bufferread.readLine(): null

2018-12-12 20:43:08 - [TEST_STEP][PASSED] - Statement - out.println(CaseReferenceNo): null

2018-12-12 20:43:08 - [TEST_STEP][PASSED] - Statement - out.println(readedVal): null

2018-12-12 20:43:08 - [TEST_STEP][PASSED] - Statement - CaseReferenceNo = "": null

2018-12-12 20:43:08 - [TEST_STEP][PASSED] - Statement - CaseReferenceNo = readedVal: null

2018-12-12 20:43:08 - [MESSAGE][PASSED] - Call Test Case 'Test Cases/Final Aug 2018 - PKS Automation/Common/Reference Number Getter' successfully

2018-12-12 20:43:08 - [TEST_STEP][PASSED] - setText: Text 'CRN12201800123237' is set on object 'Object Repository/Final Object Repo/WorkFlow Listing Page/Ref No Set Text'

2018-12-12 20:43:09 - [MESSAGE][PASSED] - Text 'CRN12201800123237' is set on object 'Object Repository/Final Object Repo/WorkFlow Listing Page/Ref No Set Text'

2018-12-12 20:43:09 - [TEST_STEP][PASSED] - delay: Delayed 2 second(s)

2018-12-12 20:43:11 - [MESSAGE][PASSED] - Delayed 2 second(s)

2018-12-12 20:43:11 - [TEST_STEP][PASSED] - click: Object: 'Object Repository/Final Object Repo/WorkFlow Listing Page/Search Ref No Search Button' is clicked on

2018-12-12 20:43:11 - [MESSAGE][PASSED] - Object: 'Object Repository/Final Object Repo/WorkFlow Listing Page/Search Ref No Search Button' is clicked on

2018-12-12 20:43:11 - [TEST_STEP][PASSED] - delay: Delayed 6 second(s)

2018-12-12 20:43:17 - [MESSAGE][PASSED] - Delayed 6 second(s)

2018-12-12 20:43:17 - [TEST_STEP][PASSED] - click: Object: 'Object Repository/Final Object Repo/WorkFlow Listing Page/Click Continue Tooltip' is clicked on

2018-12-12 20:43:18 - [MESSAGE][PASSED] - Object: 'Object Repository/Final Object Repo/WorkFlow Listing Page/Click Continue Tooltip' is clicked on

2018-12-12 20:43:18 - [TEST_STEP][PASSED] - delay: Delayed 5 second(s)

2018-12-12 20:43:23 - [MESSAGE][PASSED] - Delayed 5 second(s)

2018-12-12 20:43:23 - [TEST_STEP][PASSED] - doubleClick: Object: 'Object Repository/Final Object Repo/WorkFlow Listing Page/Workflow Found - Listing 1' is double clicked on

2018-12-12 20:43:23 - [MESSAGE][PASSED] - Object: 'Object Repository/Final Object Repo/WorkFlow Listing Page/Workflow Found - Listing 1' is double clicked on

2018-12-12 20:43:23 - [TEST_STEP][PASSED] - Statement - println(OwnerID): null

2018-12-12 20:43:23 - [TEST_STEP][PASSED] - Statement - OwnerID = com.kms.katalon.core.webui.keyword.WebUiBuiltInKeywords.getText(com.kms.katalon.core.testobject.ObjectRepository.findTestObject(Final Object Repo/WorkFlow Listing Page/Workflow Found - Listing 1), STOP_ON_FAILURE): Text of object 'Object Repository/Final Object Repo/WorkFlow Listing Page/Workflow Found - Listing 1' is: 'KLpkrbo1'

2018-12-12 20:43:23 - [MESSAGE][PASSED] - Text of object 'Object Repository/Final Object Repo/WorkFlow Listing Page/Workflow Found - Listing 1' is: 'KLpkrbo1'

2018-12-12 20:43:23 - [TEST_STEP][PASSED] - Statement - OwnerID = OwnerID.toLowerCase() + "@gmail.com": null

2018-12-12 20:43:23 - [TEST_STEP][PASSED] - Statement - println(OwnerID): null

2018-12-12 20:43:23 - [TEST_STEP][PASSED] - delay: Delayed 2 second(s)

2018-12-12 20:43:25 - [MESSAGE][PASSED] - Delayed 2 second(s)

2018-12-12 20:43:25 - [MESSAGE][PASSED] - Call Test Case 'Test Cases/Final Aug 2018 - PKS Automation/Common/Workflow Owner Finder' successfully

2018-12-12 20:43:25 - [TEST_STEP][PASSED] - callTestCase: Call Test Case 'Test Cases/Final Aug 2018 - PKS Automation/Registration Module/Log Out/log out avoiding katalon tagging' successfully

2018-12-12 20:43:25 - [TEST_CASE][PASSED] - Test Cases/Final Aug 2018 - PKS Automation/Registration Module/Log Out/log out avoiding katalon tagging: Test Cases/Final Aug 2018 - PKS Automation/Registration Module/Log Out/log out avoiding katalon tagging

2018-12-12 20:43:25 - [TEST_STEP][PASSED] - navigateToUrl: Navigate to 'https://assist2-uat.perkeso.gov.my/c/portal/logout' successfully

2018-12-12 20:43:26 - [MESSAGE][PASSED] - Navigate to 'https://assist2-uat.perkeso.gov.my/c/portal/logout' successfully

2018-12-12 20:43:26 - [MESSAGE][PASSED] - Call Test Case 'Test Cases/Final Aug 2018 - PKS Automation/Registration Module/Log Out/log out avoiding katalon tagging' successfully

2018-12-12 20:43:26 - [TEST_STEP][PASSED] - delay: Delayed 2 second(s)

2018-12-12 20:43:28 - [MESSAGE][PASSED] - Delayed 2 second(s)

2018-12-12 20:43:28 - [TEST_STEP][PASSED] - setText: Text 'klpkrbo1@gmail.com' is set on object 'Object Repository/Final Object Repo/New Registration - Registration Module Pages/New Reg - OTC to RO/Special Case - All Related Objects/Email TextBox'

2018-12-12 20:43:28 - [MESSAGE][PASSED] - Text 'klpkrbo1@gmail.com' is set on object 'Object Repository/Final Object Repo/New Registration - Registration Module Pages/New Reg - OTC to RO/Special Case - All Related Objects/Email TextBox'

2018-12-12 20:43:28 - [TEST_STEP][PASSED] - click: Object: 'Object Repository/Final Object Repo/New Registration - Registration Module Pages/New Reg - OTC to RO/Special Case - All Related Objects/Next Button' is clicked on

2018-12-12 20:43:28 - [MESSAGE][PASSED] - Object: 'Object Repository/Final Object Repo/New Registration - Registration Module Pages/New Reg - OTC to RO/Special Case - All Related Objects/Next Button' is clicked on

2018-12-12 20:43:28 - [TEST_STEP][PASSED] - delay: Delayed 2 second(s)

2018-12-12 20:43:30 - [MESSAGE][PASSED] - Delayed 2 second(s)

2018-12-12 20:43:30 - [TEST_STEP][PASSED] - setText: Text 'Test1@3456789' is set on object 'Object Repository/Final Object Repo/New Registration - Registration Module Pages/New Reg - OTC to RO/Special Case - All Related Objects/Password TextBox'

2018-12-12 20:43:30 - [MESSAGE][PASSED] - Text 'Test1@3456789' is set on object 'Object Repository/Final Object Repo/New Registration - Registration Module Pages/New Reg - OTC to RO/Special Case - All Related Objects/Password TextBox'

2018-12-12 20:43:30 - [TEST_STEP][PASSED] - delay: Delayed 2 second(s)

2018-12-12 20:43:32 - [MESSAGE][PASSED] - Delayed 2 second(s)

2018-12-12 20:43:32 - [TEST_STEP][PASSED] - click: Object: 'Object Repository/Final Object Repo/New Registration - Registration Module Pages/New Reg - OTC to RO/Special Case - All Related Objects/Login Button' is clicked on

2018-12-12 20:43:33 - [MESSAGE][PASSED] - Object: 'Object Repository/Final Object Repo/New Registration - Registration Module Pages/New Reg - OTC to RO/Special Case - All Related Objects/Login Button' is clicked on

2018-12-12 20:43:33 - [TEST_STEP][PASSED] - delay: Delayed 2 second(s)

2018-12-12 20:43:35 - [MESSAGE][PASSED] - Delayed 2 second(s)

2018-12-12 20:43:35 - [TEST_STEP][PASSED] - Statement - Try: null

2018-12-12 20:43:35 - [TEST_STEP][PASSED] - Statement - Checker = com.kms.katalon.core.webui.keyword.WebUiBuiltInKeywords.verifyElementNotPresent("Final Object Repo/Landing Page/Select to English", 3): null

2018-12-12 20:43:35 - [TEST_STEP][PASSED] - Statement - Catch (Exception e): null

2018-12-12 20:43:35 - [TEST_STEP][PASSED] - Statement - e.printStackTrace(): null

2018-12-12 20:43:35 - [TEST_STEP][PASSED] - click: Object: 'Object Repository/Final Object Repo/New Registration - Registration Module Pages/New Reg - OTC to RO/Special Case - All Related Objects/Expand to Search' is clicked on

2018-12-12 20:43:35 - [MESSAGE][PASSED] - Object: 'Object Repository/Final Object Repo/New Registration - Registration Module Pages/New Reg - OTC to RO/Special Case - All Related Objects/Expand to Search' is clicked on

2018-12-12 20:43:35 - [TEST_STEP][PASSED] - delay: Delayed 2 second(s)

2018-12-12 20:43:37 - [MESSAGE][PASSED] - Delayed 2 second(s)

2018-12-12 20:43:37 - [TEST_STEP][PASSED] - setText: Text 'CRN12201800123237' is set on object 'Object Repository/Final Object Repo/New Registration - Registration Module Pages/New Reg - OTC to RO/Special Case - All Related Objects/TextBox RefNo in Workbasket'

2018-12-12 20:43:37 - [MESSAGE][PASSED] - Text 'CRN12201800123237' is set on object 'Object Repository/Final Object Repo/New Registration - Registration Module Pages/New Reg - OTC to RO/Special Case - All Related Objects/TextBox RefNo in Workbasket'

2018-12-12 20:43:37 - [TEST_STEP][PASSED] - delay: Delayed 2 second(s)

2018-12-12 20:43:39 - [MESSAGE][PASSED] - Delayed 2 second(s)

2018-12-12 20:43:39 - [TEST_STEP][PASSED] - click: Object: 'Object Repository/Final Object Repo/New Registration - Registration Module Pages/New Reg - OTC to RO/Special Case - All Related Objects/Click Search' is clicked on

2018-12-12 20:43:39 - [MESSAGE][PASSED] - Object: 'Object Repository/Final Object Repo/New Registration - Registration Module Pages/New Reg - OTC to RO/Special Case - All Related Objects/Click Search' is clicked on

2018-12-12 20:43:39 - [TEST_STEP][PASSED] - delay: Delayed 2 second(s)

2018-12-12 20:43:41 - [MESSAGE][PASSED] - Delayed 2 second(s)

2018-12-12 20:43:41 - [TEST_STEP][PASSED] - click: Object: 'Object Repository/Final Object Repo/New Registration - Registration Module Pages/New Reg - OTC to RO/Special Case - All Related Objects/Click to Continue Workflow' is clicked on

2018-12-12 20:43:43 - [MESSAGE][PASSED] - Object: 'Object Repository/Final Object Repo/New Registration - Registration Module Pages/New Reg - OTC to RO/Special Case - All Related Objects/Click to Continue Workflow' is clicked on

2018-12-12 20:43:43 - [TEST_STEP][PASSED] - delay: Delayed 2 second(s)

2018-12-12 20:43:45 - [MESSAGE][PASSED] - Delayed 2 second(s)

2018-12-12 20:43:45 - [TEST_STEP][PASSED] - click: Object: 'Object Repository/Final Object Repo/New Registration - Registration Module Pages/New Reg - OTC to RO/Special Case - All Related Objects/Form 1 Save n Continue' is clicked on

2018-12-12 20:43:46 - [MESSAGE][PASSED] - Object: 'Object Repository/Final Object Repo/New Registration - Registration Module Pages/New Reg - OTC to RO/Special Case - All Related Objects/Form 1 Save n Continue' is clicked on

2018-12-12 20:43:46 - [TEST_STEP][PASSED] - delay: Delayed 5 second(s)

2018-12-12 20:43:51 - [MESSAGE][PASSED] - Delayed 5 second(s)

2018-12-12 20:43:51 - [TEST_STEP][PASSED] - click: Object: 'Object Repository/Final Object Repo/New Registration - Registration Module Pages/New Reg - OTC to RO/Special Case - OTC - Form 1/Confirm No Flagging as Branch' is clicked on

2018-12-12 20:43:51 - [MESSAGE][PASSED] - Object: 'Object Repository/Final Object Repo/New Registration - Registration Module Pages/New Reg - OTC to RO/Special Case - OTC - Form 1/Confirm No Flagging as Branch' is clicked on

2018-12-12 20:43:51 - [TEST_STEP][PASSED] - delay: Delayed 2 second(s)

2018-12-12 20:43:53 - [MESSAGE][PASSED] - Delayed 2 second(s)

2018-12-12 20:43:53 - [TEST_STEP][PASSED] - click: Object: 'Object Repository/Final Object Repo/New Registration - Registration Module Pages/New Reg - OTC to RO/Special Case - All Related Objects/Form 2 Save n Continue' is clicked on

2018-12-12 20:43:53 - [MESSAGE][PASSED] - Object: 'Object Repository/Final Object Repo/New Registration - Registration Module Pages/New Reg - OTC to RO/Special Case - All Related Objects/Form 2 Save n Continue' is clicked on

2018-12-12 20:43:53 - [TEST_STEP][PASSED] - delay: Delayed 2 second(s)

2018-12-12 20:43:55 - [MESSAGE][PASSED] - Delayed 2 second(s)

2018-12-12 20:43:55 - [TEST_STEP][PASSED] - click: Object: 'Object Repository/Final Object Repo/New Registration - Registration Module Pages/New Reg - OTC to RO/Special Case - All Related Objects/Third Screen Save n Continue' is clicked on

2018-12-12 20:44:01 - [MESSAGE][PASSED] - Object: 'Object Repository/Final Object Repo/New Registration - Registration Module Pages/New Reg - OTC to RO/Special Case - All Related Objects/Third Screen Save n Continue' is clicked on

2018-12-12 20:44:01 - [TEST_STEP][PASSED] - delay: Delayed 5 second(s)

2018-12-12 20:44:06 - [MESSAGE][PASSED] - Delayed 5 second(s)

2018-12-12 20:44:06 - [TEST_STEP][PASSED] - click: Object: 'Object Repository/Final Object Repo/New Registration - Registration Module Pages/New Reg - OTC to RO/Special Case - All Related Objects/Upload Doc Page Save n Continue' is clicked on

2018-12-12 20:44:06 - [MESSAGE][PASSED] - Object: 'Object Repository/Final Object Repo/New Registration - Registration Module Pages/New Reg - OTC to RO/Special Case - All Related Objects/Upload Doc Page Save n Continue' is clicked on

2018-12-12 20:44:06 - [TEST_STEP][PASSED] - callTestCase: Call Test Case 'Test Cases/Final Aug 2018 - PKS Automation/Registration Module/New Registration/Submit and Screenshot/Submit Registration and Screenshot' successfully

2018-12-12 20:44:06 - [TEST_CASE][PASSED] - Test Cases/Final Aug 2018 - PKS Automation/Registration Module/New Registration/Submit and Screenshot/Submit Registration and Screenshot: Test Cases/Final Aug 2018 - PKS Automation/Registration Module/New Registration/Submit and Screenshot/Submit Registration and Screenshot

2018-12-12 20:44:06 - [TEST_STEP][PASSED] - delay: Delayed 6 second(s)

2018-12-12 20:44:12 - [MESSAGE][PASSED] - Delayed 6 second(s)

2018-12-12 20:44:12 - [TEST_STEP][PASSED] - click: Object: 'Object Repository/Final Object Repo/New Registration - Registration Module Pages/Third Screen - Upload Supporting Doc- Preview/Preview Submit Button' is clicked on

2018-12-12 20:44:12 - [MESSAGE][PASSED] - Object: 'Object Repository/Final Object Repo/New Registration - Registration Module Pages/Third Screen - Upload Supporting Doc- Preview/Preview Submit Button' is clicked on

2018-12-12 20:44:12 - [TEST_STEP][PASSED] - delay: Delayed 2 second(s)

2018-12-12 20:44:14 - [MESSAGE][PASSED] - Delayed 2 second(s)

2018-12-12 20:44:14 - [TEST_STEP][PASSED] - click: Object: 'Object Repository/Final Object Repo/New Registration - Registration Module Pages/Third Screen - Upload Supporting Doc- Preview/Preview Submit - Confirm' is clicked on

2018-12-12 20:44:14 - [MESSAGE][PASSED] - Object: 'Object Repository/Final Object Repo/New Registration - Registration Module Pages/Third Screen - Upload Supporting Doc- Preview/Preview Submit - Confirm' is clicked on

2018-12-12 20:44:14 - [TEST_STEP][PASSED] - delay: Delayed 15 second(s)

2018-12-12 20:44:29 - [MESSAGE][PASSED] - Delayed 15 second(s)

2018-12-12 20:44:29 - [TEST_STEP][PASSED] - Statement - driver = com.kms.katalon.core.webui.driver.DriverFactory.getWebDriver(): null

2018-12-12 20:44:29 - [TEST_STEP][PASSED] - Statement - driver.manage().timeouts().implicitlyWait(10, SECONDS): null

2018-12-12 20:44:29 - [TEST_STEP][PASSED] - Statement - PresavePath = KatalonScreenshots: null

2018-12-12 20:44:29 - [TEST_STEP][PASSED] - Statement - pathPrefix = "C:\Users\Public\Pictures\Sample Pictures\Katalon Screenshots\Automate Ending Screen": null

2018-12-12 20:44:29 - [TEST_STEP][PASSED] - Statement - finalPath = <not implemented yet for class: org.codehaus.groovy.ast.expr.EmptyExpression>: null

2018-12-12 20:44:29 - [TEST_STEP][PASSED] - Statement - scrFile = driver.getScreenshotAs(FILE): null

2018-12-12 20:44:29 - [TEST_STEP][PASSED] - Statement - PreSaveFile = new java.io.File(PresavePath): null

2018-12-12 20:44:29 - [TEST_STEP][PASSED] - Statement - counter = 0: null

2018-12-12 20:44:29 - [TEST_STEP][PASSED] - Statement - If (PreSaveFile.exists()): null

2018-12-12 20:44:29 - [TEST_STEP][PASSED] - Statement - While (PreSaveFile.exists()): null

2018-12-12 20:44:29 - [TEST_STEP][PASSED] - Statement - counter = counter + 1: null

2018-12-12 20:44:29 - [TEST_STEP][PASSED] - Statement - PreSaveFile = new java.io.File(((pathPrefix + java.lang.Integer.toString(counter)) + .png)): null

2018-12-12 20:44:29 - [TEST_STEP][PASSED] - Statement - counter = counter + 1: null

2018-12-12 20:44:29 - [TEST_STEP][PASSED] - Statement - PreSaveFile = new java.io.File(((pathPrefix + java.lang.Integer.toString(counter)) + .png)): null

2018-12-12 20:44:29 - [TEST_STEP][PASSED] - Statement - counter = counter + 1: null

2018-12-12 20:44:29 - [TEST_STEP][PASSED] - Statement - PreSaveFile = new java.io.File(((pathPrefix + java.lang.Integer.toString(counter)) + .png)): null

2018-12-12 20:44:29 - [TEST_STEP][PASSED] - Statement - counter = counter + 1: null

2018-12-12 20:44:29 - [TEST_STEP][PASSED] - Statement - PreSaveFile = new java.io.File(((pathPrefix + java.lang.Integer.toString(counter)) + .png)): null

2018-12-12 20:44:29 - [TEST_STEP][PASSED] - Statement - counter = counter + 1: null

2018-12-12 20:44:29 - [TEST_STEP][PASSED] - Statement - PreSaveFile = new java.io.File(((pathPrefix + java.lang.Integer.toString(counter)) + .png)): null

2018-12-12 20:44:29 - [TEST_STEP][PASSED] - Statement - counter = counter + 1: null

2018-12-12 20:44:29 - [TEST_STEP][PASSED] - Statement - PreSaveFile = new java.io.File(((pathPrefix + java.lang.Integer.toString(counter)) + .png)): null

2018-12-12 20:44:29 - [TEST_STEP][PASSED] - Statement - counter = counter + 1: null

2018-12-12 20:44:29 - [TEST_STEP][PASSED] - Statement - PreSaveFile = new java.io.File(((pathPrefix + java.lang.Integer.toString(counter)) + .png)): null

2018-12-12 20:44:29 - [TEST_STEP][PASSED] - Statement - counter = counter + 1: null

2018-12-12 20:44:29 - [TEST_STEP][PASSED] - Statement - PreSaveFile = new java.io.File(((pathPrefix + java.lang.Integer.toString(counter)) + .png)): null

2018-12-12 20:44:29 - [TEST_STEP][PASSED] - Statement - counter = counter + 1: null

2018-12-12 20:44:29 - [TEST_STEP][PASSED] - Statement - PreSaveFile = new java.io.File(((pathPrefix + java.lang.Integer.toString(counter)) + .png)): null

2018-12-12 20:44:29 - [TEST_STEP][PASSED] - Statement - counter = counter + 1: null

2018-12-12 20:44:29 - [TEST_STEP][PASSED] - Statement - PreSaveFile = new java.io.File(((pathPrefix + java.lang.Integer.toString(counter)) + .png)): null

2018-12-12 20:44:29 - [TEST_STEP][PASSED] - Statement - counter = counter + 1: null

2018-12-12 20:44:29 - [TEST_STEP][PASSED] - Statement - PreSaveFile = new java.io.File(((pathPrefix + java.lang.Integer.toString(counter)) + .png)): null

2018-12-12 20:44:29 - [TEST_STEP][PASSED] - Statement - counter = counter + 1: null

2018-12-12 20:44:29 - [TEST_STEP][PASSED] - Statement - PreSaveFile = new java.io.File(((pathPrefix + java.lang.Integer.toString(counter)) + .png)): null

2018-12-12 20:44:29 - [TEST_STEP][PASSED] - Statement - counter = counter + 1: null

2018-12-12 20:44:29 - [TEST_STEP][PASSED] - Statement - PreSaveFile = new java.io.File(((pathPrefix + java.lang.Integer.toString(counter)) + .png)): null

2018-12-12 20:44:29 - [TEST_STEP][PASSED] - Statement - counter = counter + 1: null

2018-12-12 20:44:29 - [TEST_STEP][PASSED] - Statement - PreSaveFile = new java.io.File(((pathPrefix + java.lang.Integer.toString(counter)) + .png)): null

2018-12-12 20:44:29 - [TEST_STEP][PASSED] - Statement - counter = counter + 1: null

2018-12-12 20:44:29 - [TEST_STEP][PASSED] - Statement - PreSaveFile = new java.io.File(((pathPrefix + java.lang.Integer.toString(counter)) + .png)): null

2018-12-12 20:44:29 - [TEST_STEP][PASSED] - Statement - counter = counter + 1: null

2018-12-12 20:44:29 - [TEST_STEP][PASSED] - Statement - PreSaveFile = new java.io.File(((pathPrefix + java.lang.Integer.toString(counter)) + .png)): null

2018-12-12 20:44:29 - [TEST_STEP][PASSED] - Statement - counter = counter + 1: null

2018-12-12 20:44:29 - [TEST_STEP][PASSED] - Statement - PreSaveFile = new java.io.File(((pathPrefix + java.lang.Integer.toString(counter)) + .png)): null

2018-12-12 20:44:29 - [TEST_STEP][PASSED] - Statement - counter = counter + 1: null

2018-12-12 20:44:29 - [TEST_STEP][PASSED] - Statement - PreSaveFile = new java.io.File(((pathPrefix + java.lang.Integer.toString(counter)) + .png)): null

2018-12-12 20:44:29 - [TEST_STEP][PASSED] - Statement - counter = counter + 1: null

2018-12-12 20:44:29 - [TEST_STEP][PASSED] - Statement - PreSaveFile = new java.io.File(((pathPrefix + java.lang.Integer.toString(counter)) + .png)): null

2018-12-12 20:44:29 - [TEST_STEP][PASSED] - Statement - counter = counter + 1: null

2018-12-12 20:44:29 - [TEST_STEP][PASSED] - Statement - PreSaveFile = new java.io.File(((pathPrefix + java.lang.Integer.toString(counter)) + .png)): null

2018-12-12 20:44:29 - [TEST_STEP][PASSED] - Statement - counter = counter + 1: null

2018-12-12 20:44:29 - [TEST_STEP][PASSED] - Statement - PreSaveFile = new java.io.File(((pathPrefix + java.lang.Integer.toString(counter)) + .png)): null

2018-12-12 20:44:29 - [TEST_STEP][PASSED] - Statement - counter = counter + 1: null

2018-12-12 20:44:29 - [TEST_STEP][PASSED] - Statement - PreSaveFile = new java.io.File(((pathPrefix + java.lang.Integer.toString(counter)) + .png)): null

2018-12-12 20:44:29 - [TEST_STEP][PASSED] - Statement - counter = counter + 1: null

2018-12-12 20:44:29 - [TEST_STEP][PASSED] - Statement - PreSaveFile = new java.io.File(((pathPrefix + java.lang.Integer.toString(counter)) + .png)): null

2018-12-12 20:44:29 - [TEST_STEP][PASSED] - Statement - counter = counter + 1: null

2018-12-12 20:44:29 - [TEST_STEP][PASSED] - Statement - PreSaveFile = new java.io.File(((pathPrefix + java.lang.Integer.toString(counter)) + .png)): null

2018-12-12 20:44:29 - [TEST_STEP][PASSED] - Statement - counter = counter + 1: null

2018-12-12 20:44:29 - [TEST_STEP][PASSED] - Statement - PreSaveFile = new java.io.File(((pathPrefix + java.lang.Integer.toString(counter)) + .png)): null

2018-12-12 20:44:29 - [TEST_STEP][PASSED] - Statement - counter = counter + 1: null

2018-12-12 20:44:29 - [TEST_STEP][PASSED] - Statement - PreSaveFile = new java.io.File(((pathPrefix + java.lang.Integer.toString(counter)) + .png)): null

2018-12-12 20:44:29 - [TEST_STEP][PASSED] - Statement - counter = counter + 1: null

2018-12-12 20:44:29 - [TEST_STEP][PASSED] - Statement - PreSaveFile = new java.io.File(((pathPrefix + java.lang.Integer.toString(counter)) + .png)): null

2018-12-12 20:44:29 - [TEST_STEP][PASSED] - Statement - counter = counter + 1: null

2018-12-12 20:44:29 - [TEST_STEP][PASSED] - Statement - PreSaveFile = new java.io.File(((pathPrefix + java.lang.Integer.toString(counter)) + .png)): null

2018-12-12 20:44:30 - [TEST_STEP][PASSED] - Statement - counter = counter + 1: null

2018-12-12 20:44:30 - [TEST_STEP][PASSED] - Statement - PreSaveFile = new java.io.File(((pathPrefix + java.lang.Integer.toString(counter)) + .png)): null

2018-12-12 20:44:30 - [TEST_STEP][PASSED] - Statement - counter = counter + 1: null

2018-12-12 20:44:30 - [TEST_STEP][PASSED] - Statement - PreSaveFile = new java.io.File(((pathPrefix + java.lang.Integer.toString(counter)) + .png)): null

2018-12-12 20:44:30 - [TEST_STEP][PASSED] - Statement - counter = counter + 1: null

2018-12-12 20:44:30 - [TEST_STEP][PASSED] - Statement - PreSaveFile = new java.io.File(((pathPrefix + java.lang.Integer.toString(counter)) + .png)): null

2018-12-12 20:44:30 - [TEST_STEP][PASSED] - Statement - counter = counter + 1: null

2018-12-12 20:44:30 - [TEST_STEP][PASSED] - Statement - PreSaveFile = new java.io.File(((pathPrefix + java.lang.Integer.toString(counter)) + .png)): null

2018-12-12 20:44:30 - [TEST_STEP][PASSED] - Statement - counter = counter + 1: null

2018-12-12 20:44:30 - [TEST_STEP][PASSED] - Statement - PreSaveFile = new java.io.File(((pathPrefix + java.lang.Integer.toString(counter)) + .png)): null

2018-12-12 20:44:30 - [TEST_STEP][PASSED] - Statement - counter = counter + 1: null

2018-12-12 20:44:30 - [TEST_STEP][PASSED] - Statement - PreSaveFile = new java.io.File(((pathPrefix + java.lang.Integer.toString(counter)) + .png)): null

2018-12-12 20:44:30 - [TEST_STEP][PASSED] - Statement - counter = counter + 1: null

2018-12-12 20:44:30 - [TEST_STEP][PASSED] - Statement - PreSaveFile = new java.io.File(((pathPrefix + java.lang.Integer.toString(counter)) + .png)): null

2018-12-12 20:44:30 - [TEST_STEP][PASSED] - Statement - counter = counter + 1: null

2018-12-12 20:44:30 - [TEST_STEP][PASSED] - Statement - PreSaveFile = new java.io.File(((pathPrefix + java.lang.Integer.toString(counter)) + .png)): null

2018-12-12 20:44:30 - [TEST_STEP][PASSED] - Statement - counter = counter + 1: null

2018-12-12 20:44:30 - [TEST_STEP][PASSED] - Statement - PreSaveFile = new java.io.File(((pathPrefix + java.lang.Integer.toString(counter)) + .png)): null

2018-12-12 20:44:30 - [TEST_STEP][PASSED] - Statement - counter = counter + 1: null

2018-12-12 20:44:30 - [TEST_STEP][PASSED] - Statement - PreSaveFile = new java.io.File(((pathPrefix + java.lang.Integer.toString(counter)) + .png)): null

2018-12-12 20:44:30 - [TEST_STEP][PASSED] - Statement - counter = counter + 1: null

2018-12-12 20:44:30 - [TEST_STEP][PASSED] - Statement - PreSaveFile = new java.io.File(((pathPrefix + java.lang.Integer.toString(counter)) + .png)): null

2018-12-12 20:44:30 - [TEST_STEP][PASSED] - Statement - counter = counter + 1: null

2018-12-12 20:44:30 - [TEST_STEP][PASSED] - Statement - PreSaveFile = new java.io.File(((pathPrefix + java.lang.Integer.toString(counter)) + .png)): null

2018-12-12 20:44:30 - [TEST_STEP][PASSED] - Statement - counter = counter + 1: null

2018-12-12 20:44:30 - [TEST_STEP][PASSED] - Statement - PreSaveFile = new java.io.File(((pathPrefix + java.lang.Integer.toString(counter)) + .png)): null

2018-12-12 20:44:30 - [TEST_STEP][PASSED] - Statement - counter = counter + 1: null

2018-12-12 20:44:30 - [TEST_STEP][PASSED] - Statement - PreSaveFile = new java.io.File(((pathPrefix + java.lang.Integer.toString(counter)) + .png)): null

2018-12-12 20:44:30 - [TEST_STEP][PASSED] - Statement - counter = counter + 1: null

2018-12-12 20:44:30 - [TEST_STEP][PASSED] - Statement - PreSaveFile = new java.io.File(((pathPrefix + java.lang.Integer.toString(counter)) + .png)): null

2018-12-12 20:44:30 - [TEST_STEP][PASSED] - Statement - counter = counter + 1: null

2018-12-12 20:44:30 - [TEST_STEP][PASSED] - Statement - PreSaveFile = new java.io.File(((pathPrefix + java.lang.Integer.toString(counter)) + .png)): null

2018-12-12 20:44:30 - [TEST_STEP][PASSED] - Statement - counter = counter + 1: null

2018-12-12 20:44:30 - [TEST_STEP][PASSED] - Statement - PreSaveFile = new java.io.File(((pathPrefix + java.lang.Integer.toString(counter)) + .png)): null

2018-12-12 20:44:30 - [TEST_STEP][PASSED] - Statement - counter = counter + 1: null

2018-12-12 20:44:30 - [TEST_STEP][PASSED] - Statement - PreSaveFile = new java.io.File(((pathPrefix + java.lang.Integer.toString(counter)) + .png)): null

2018-12-12 20:44:30 - [TEST_STEP][PASSED] - Statement - counter = counter + 1: null

2018-12-12 20:44:30 - [TEST_STEP][PASSED] - Statement - PreSaveFile = new java.io.File(((pathPrefix + java.lang.Integer.toString(counter)) + .png)): null

2018-12-12 20:44:30 - [TEST_STEP][PASSED] - Statement - counter = counter + 1: null

2018-12-12 20:44:30 - [TEST_STEP][PASSED] - Statement - PreSaveFile = new java.io.File(((pathPrefix + java.lang.Integer.toString(counter)) + .png)): null

2018-12-12 20:44:30 - [TEST_STEP][PASSED] - Statement - counter = counter + 1: null

2018-12-12 20:44:30 - [TEST_STEP][PASSED] - Statement - PreSaveFile = new java.io.File(((pathPrefix + java.lang.Integer.toString(counter)) + .png)): null

2018-12-12 20:44:30 - [TEST_STEP][PASSED] - Statement - counter = counter + 1: null

2018-12-12 20:44:30 - [TEST_STEP][PASSED] - Statement - PreSaveFile = new java.io.File(((pathPrefix + java.lang.Integer.toString(counter)) + .png)): null

2018-12-12 20:44:30 - [TEST_STEP][PASSED] - Statement - counter = counter + 1: null

2018-12-12 20:44:30 - [TEST_STEP][PASSED] - Statement - PreSaveFile = new java.io.File(((pathPrefix + java.lang.Integer.toString(counter)) + .png)): null

2018-12-12 20:44:30 - [TEST_STEP][PASSED] - Statement - counter = counter + 1: null

2018-12-12 20:44:30 - [TEST_STEP][PASSED] - Statement - PreSaveFile = new java.io.File(((pathPrefix + java.lang.Integer.toString(counter)) + .png)): null

2018-12-12 20:44:30 - [TEST_STEP][PASSED] - Statement - counter = counter + 1: null

2018-12-12 20:44:30 - [TEST_STEP][PASSED] - Statement - PreSaveFile = new java.io.File(((pathPrefix + java.lang.Integer.toString(counter)) + .png)): null

2018-12-12 20:44:30 - [TEST_STEP][PASSED] - Statement - counter = counter + 1: null

2018-12-12 20:44:30 - [TEST_STEP][PASSED] - Statement - PreSaveFile = new java.io.File(((pathPrefix + java.lang.Integer.toString(counter)) + .png)): null

2018-12-12 20:44:30 - [TEST_STEP][PASSED] - Statement - counter = counter + 1: null

2018-12-12 20:44:30 - [TEST_STEP][PASSED] - Statement - PreSaveFile = new java.io.File(((pathPrefix + java.lang.Integer.toString(counter)) + .png)): null

2018-12-12 20:44:30 - [TEST_STEP][PASSED] - Statement - counter = counter + 1: null

2018-12-12 20:44:30 - [TEST_STEP][PASSED] - Statement - PreSaveFile = new java.io.File(((pathPrefix + java.lang.Integer.toString(counter)) + .png)): null

2018-12-12 20:44:30 - [TEST_STEP][PASSED] - Statement - counter = counter + 1: null

2018-12-12 20:44:30 - [TEST_STEP][PASSED] - Statement - PreSaveFile = new java.io.File(((pathPrefix + java.lang.Integer.toString(counter)) + .png)): null

2018-12-12 20:44:30 - [TEST_STEP][PASSED] - Statement - counter = counter + 1: null

2018-12-12 20:44:30 - [TEST_STEP][PASSED] - Statement - PreSaveFile = new java.io.File(((pathPrefix + java.lang.Integer.toString(counter)) + .png)): null

2018-12-12 20:44:30 - [TEST_STEP][PASSED] - Statement - counter = counter + 1: null

2018-12-12 20:44:30 - [TEST_STEP][PASSED] - Statement - PreSaveFile = new java.io.File(((pathPrefix + java.lang.Integer.toString(counter)) + .png)): null

2018-12-12 20:44:30 - [TEST_STEP][PASSED] - Statement - counter = counter + 1: null

2018-12-12 20:44:30 - [TEST_STEP][PASSED] - Statement - PreSaveFile = new java.io.File(((pathPrefix + java.lang.Integer.toString(counter)) + .png)): null

2018-12-12 20:44:30 - [TEST_STEP][PASSED] - Statement - counter = counter + 1: null

2018-12-12 20:44:30 - [TEST_STEP][PASSED] - Statement - PreSaveFile = new java.io.File(((pathPrefix + java.lang.Integer.toString(counter)) + .png)): null

2018-12-12 20:44:30 - [TEST_STEP][PASSED] - Statement - counter = counter + 1: null

2018-12-12 20:44:30 - [TEST_STEP][PASSED] - Statement - PreSaveFile = new java.io.File(((pathPrefix + java.lang.Integer.toString(counter)) + .png)): null

2018-12-12 20:44:30 - [TEST_STEP][PASSED] - Statement - counter = counter + 1: null

2018-12-12 20:44:30 - [TEST_STEP][PASSED] - Statement - PreSaveFile = new java.io.File(((pathPrefix + java.lang.Integer.toString(counter)) + .png)): null

2018-12-12 20:44:30 - [TEST_STEP][PASSED] - Statement - counter = counter + 1: null

2018-12-12 20:44:30 - [TEST_STEP][PASSED] - Statement - PreSaveFile = new java.io.File(((pathPrefix + java.lang.Integer.toString(counter)) + .png)): null

2018-12-12 20:44:30 - [TEST_STEP][PASSED] - Statement - counter = counter + 1: null

2018-12-12 20:44:30 - [TEST_STEP][PASSED] - Statement - PreSaveFile = new java.io.File(((pathPrefix + java.lang.Integer.toString(counter)) + .png)): null

2018-12-12 20:44:30 - [TEST_STEP][PASSED] - Statement - counter = counter + 1: null

2018-12-12 20:44:30 - [TEST_STEP][PASSED] - Statement - PreSaveFile = new java.io.File(((pathPrefix + java.lang.Integer.toString(counter)) + .png)): null

2018-12-12 20:44:30 - [TEST_STEP][PASSED] - Statement - counter = counter + 1: null

2018-12-12 20:44:30 - [TEST_STEP][PASSED] - Statement - PreSaveFile = new java.io.File(((pathPrefix + java.lang.Integer.toString(counter)) + .png)): null

2018-12-12 20:44:30 - [TEST_STEP][PASSED] - Statement - counter = counter + 1: null

2018-12-12 20:44:30 - [TEST_STEP][PASSED] - Statement - PreSaveFile = new java.io.File(((pathPrefix + java.lang.Integer.toString(counter)) + .png)): null

2018-12-12 20:44:30 - [TEST_STEP][PASSED] - Statement - counter = counter + 1: null

2018-12-12 20:44:30 - [TEST_STEP][PASSED] - Statement - PreSaveFile = new java.io.File(((pathPrefix + java.lang.Integer.toString(counter)) + .png)): null

2018-12-12 20:44:30 - [TEST_STEP][PASSED] - Statement - counter = counter + 1: null

2018-12-12 20:44:30 - [TEST_STEP][PASSED] - Statement - PreSaveFile = new java.io.File(((pathPrefix + java.lang.Integer.toString(counter)) + .png)): null

2018-12-12 20:44:30 - [TEST_STEP][PASSED] - Statement - counter = counter + 1: null

2018-12-12 20:44:30 - [TEST_STEP][PASSED] - Statement - PreSaveFile = new java.io.File(((pathPrefix + java.lang.Integer.toString(counter)) + .png)): null

2018-12-12 20:44:30 - [TEST_STEP][PASSED] - Statement - counter = counter + 1: null

2018-12-12 20:44:30 - [TEST_STEP][PASSED] - Statement - PreSaveFile = new java.io.File(((pathPrefix + java.lang.Integer.toString(counter)) + .png)): null

2018-12-12 20:44:30 - [TEST_STEP][PASSED] - Statement - counter = counter + 1: null

2018-12-12 20:44:30 - [TEST_STEP][PASSED] - Statement - PreSaveFile = new java.io.File(((pathPrefix + java.lang.Integer.toString(counter)) + .png)): null

2018-12-12 20:44:30 - [TEST_STEP][PASSED] - Statement - counter = counter + 1: null

2018-12-12 20:44:30 - [TEST_STEP][PASSED] - Statement - PreSaveFile = new java.io.File(((pathPrefix + java.lang.Integer.toString(counter)) + .png)): null

2018-12-12 20:44:30 - [TEST_STEP][PASSED] - Statement - counter = counter + 1: null

2018-12-12 20:44:30 - [TEST_STEP][PASSED] - Statement - PreSaveFile = new java.io.File(((pathPrefix + java.lang.Integer.toString(counter)) + .png)): null

2018-12-12 20:44:30 - [TEST_STEP][PASSED] - Statement - counter = counter + 1: null

2018-12-12 20:44:30 - [TEST_STEP][PASSED] - Statement - PreSaveFile = new java.io.File(((pathPrefix + java.lang.Integer.toString(counter)) + .png)): null

2018-12-12 20:44:30 - [TEST_STEP][PASSED] - Statement - counter = counter + 1: null

2018-12-12 20:44:30 - [TEST_STEP][PASSED] - Statement - PreSaveFile = new java.io.File(((pathPrefix + java.lang.Integer.toString(counter)) + .png)): null

2018-12-12 20:44:30 - [TEST_STEP][PASSED] - Statement - counter = counter + 1: null

2018-12-12 20:44:30 - [TEST_STEP][PASSED] - Statement - PreSaveFile = new java.io.File(((pathPrefix + java.lang.Integer.toString(counter)) + .png)): null

2018-12-12 20:44:30 - [TEST_STEP][PASSED] - Statement - counter = counter + 1: null

2018-12-12 20:44:30 - [TEST_STEP][PASSED] - Statement - PreSaveFile = new java.io.File(((pathPrefix + java.lang.Integer.toString(counter)) + .png)): null

2018-12-12 20:44:30 - [TEST_STEP][PASSED] - Statement - counter = counter + 1: null

2018-12-12 20:44:30 - [TEST_STEP][PASSED] - Statement - PreSaveFile = new java.io.File(((pathPrefix + java.lang.Integer.toString(counter)) + .png)): null

2018-12-12 20:44:30 - [TEST_STEP][PASSED] - Statement - counter = counter + 1: null

2018-12-12 20:44:30 - [TEST_STEP][PASSED] - Statement - PreSaveFile = new java.io.File(((pathPrefix + java.lang.Integer.toString(counter)) + .png)): null

2018-12-12 20:44:30 - [TEST_STEP][PASSED] - Statement - counter = counter + 1: null

2018-12-12 20:44:30 - [TEST_STEP][PASSED] - Statement - PreSaveFile = new java.io.File(((pathPrefix + java.lang.Integer.toString(counter)) + .png)): null

2018-12-12 20:44:30 - [TEST_STEP][PASSED] - Statement - counter = counter + 1: null

2018-12-12 20:44:30 - [TEST_STEP][PASSED] - Statement - PreSaveFile = new java.io.File(((pathPrefix + java.lang.Integer.toString(counter)) + .png)): null

2018-12-12 20:44:30 - [TEST_STEP][PASSED] - Statement - counter = counter + 1: null

2018-12-12 20:44:30 - [TEST_STEP][PASSED] - Statement - PreSaveFile = new java.io.File(((pathPrefix + java.lang.Integer.toString(counter)) + .png)): null

2018-12-12 20:44:30 - [TEST_STEP][PASSED] - Statement - counter = counter + 1: null

2018-12-12 20:44:30 - [TEST_STEP][PASSED] - Statement - PreSaveFile = new java.io.File(((pathPrefix + java.lang.Integer.toString(counter)) + .png)): null

2018-12-12 20:44:30 - [TEST_STEP][PASSED] - Statement - counter = counter + 1: null

2018-12-12 20:44:30 - [TEST_STEP][PASSED] - Statement - PreSaveFile = new java.io.File(((pathPrefix + java.lang.Integer.toString(counter)) + .png)): null

2018-12-12 20:44:30 - [TEST_STEP][PASSED] - Statement - counter = counter + 1: null

2018-12-12 20:44:30 - [TEST_STEP][PASSED] - Statement - PreSaveFile = new java.io.File(((pathPrefix + java.lang.Integer.toString(counter)) + .png)): null

2018-12-12 20:44:30 - [TEST_STEP][PASSED] - Statement - counter = counter + 1: null

2018-12-12 20:44:30 - [TEST_STEP][PASSED] - Statement - PreSaveFile = new java.io.File(((pathPrefix + java.lang.Integer.toString(counter)) + .png)): null

2018-12-12 20:44:30 - [TEST_STEP][PASSED] - Statement - counter = counter + 1: null

2018-12-12 20:44:30 - [TEST_STEP][PASSED] - Statement - PreSaveFile = new java.io.File(((pathPrefix + java.lang.Integer.toString(counter)) + .png)): null

2018-12-12 20:44:30 - [TEST_STEP][PASSED] - Statement - counter = counter + 1: null

2018-12-12 20:44:30 - [TEST_STEP][PASSED] - Statement - PreSaveFile = new java.io.File(((pathPrefix + java.lang.Integer.toString(counter)) + .png)): null

2018-12-12 20:44:30 - [TEST_STEP][PASSED] - Statement - counter = counter + 1: null

2018-12-12 20:44:30 - [TEST_STEP][PASSED] - Statement - PreSaveFile = new java.io.File(((pathPrefix + java.lang.Integer.toString(counter)) + .png)): null

2018-12-12 20:44:30 - [TEST_STEP][PASSED] - Statement - counter = counter + 1: null

2018-12-12 20:44:30 - [TEST_STEP][PASSED] - Statement - PreSaveFile = new java.io.File(((pathPrefix + java.lang.Integer.toString(counter)) + .png)): null

2018-12-12 20:44:30 - [TEST_STEP][PASSED] - Statement - counter = counter + 1: null

2018-12-12 20:44:30 - [TEST_STEP][PASSED] - Statement - PreSaveFile = new java.io.File(((pathPrefix + java.lang.Integer.toString(counter)) + .png)): null

2018-12-12 20:44:30 - [TEST_STEP][PASSED] - Statement - counter = counter + 1: null

2018-12-12 20:44:30 - [TEST_STEP][PASSED] - Statement - PreSaveFile = new java.io.File(((pathPrefix + java.lang.Integer.toString(counter)) + .png)): null

2018-12-12 20:44:30 - [TEST_STEP][PASSED] - Statement - counter = counter + 1: null

2018-12-12 20:44:30 - [TEST_STEP][PASSED] - Statement - PreSaveFile = new java.io.File(((pathPrefix + java.lang.Integer.toString(counter)) + .png)): null

2018-12-12 20:44:30 - [TEST_STEP][PASSED] - Statement - counter = counter + 1: null

2018-12-12 20:44:30 - [TEST_STEP][PASSED] - Statement - PreSaveFile = new java.io.File(((pathPrefix + java.lang.Integer.toString(counter)) + .png)): null

2018-12-12 20:44:30 - [TEST_STEP][PASSED] - Statement - counter = counter + 1: null

2018-12-12 20:44:30 - [TEST_STEP][PASSED] - Statement - PreSaveFile = new java.io.File(((pathPrefix + java.lang.Integer.toString(counter)) + .png)): null

2018-12-12 20:44:30 - [TEST_STEP][PASSED] - Statement - counter = counter + 1: null

2018-12-12 20:44:30 - [TEST_STEP][PASSED] - Statement - PreSaveFile = new java.io.File(((pathPrefix + java.lang.Integer.toString(counter)) + .png)): null

2018-12-12 20:44:30 - [TEST_STEP][PASSED] - Statement - counter = counter + 1: null

2018-12-12 20:44:30 - [TEST_STEP][PASSED] - Statement - PreSaveFile = new java.io.File(((pathPrefix + java.lang.Integer.toString(counter)) + .png)): null

2018-12-12 20:44:30 - [TEST_STEP][PASSED] - Statement - counter = counter + 1: null

2018-12-12 20:44:30 - [TEST_STEP][PASSED] - Statement - PreSaveFile = new java.io.File(((pathPrefix + java.lang.Integer.toString(counter)) + .png)): null

2018-12-12 20:44:30 - [TEST_STEP][PASSED] - Statement - counter = counter + 1: null

2018-12-12 20:44:30 - [TEST_STEP][PASSED] - Statement - PreSaveFile = new java.io.File(((pathPrefix + java.lang.Integer.toString(counter)) + .png)): null

2018-12-12 20:44:30 - [TEST_STEP][PASSED] - Statement - counter = counter + 1: null

2018-12-12 20:44:30 - [TEST_STEP][PASSED] - Statement - PreSaveFile = new java.io.File(((pathPrefix + java.lang.Integer.toString(counter)) + .png)): null

2018-12-12 20:44:30 - [TEST_STEP][PASSED] - Statement - counter = counter + 1: null

2018-12-12 20:44:30 - [TEST_STEP][PASSED] - Statement - PreSaveFile = new java.io.File(((pathPrefix + java.lang.Integer.toString(counter)) + .png)): null

2018-12-12 20:44:30 - [TEST_STEP][PASSED] - Statement - counter = counter + 1: null

2018-12-12 20:44:30 - [TEST_STEP][PASSED] - Statement - PreSaveFile = new java.io.File(((pathPrefix + java.lang.Integer.toString(counter)) + .png)): null

2018-12-12 20:44:30 - [TEST_STEP][PASSED] - Statement - counter = counter + 1: null

2018-12-12 20:44:30 - [TEST_STEP][PASSED] - Statement - PreSaveFile = new java.io.File(((pathPrefix + java.lang.Integer.toString(counter)) + .png)): null

2018-12-12 20:44:30 - [TEST_STEP][PASSED] - Statement - counter = counter + 1: null

2018-12-12 20:44:30 - [TEST_STEP][PASSED] - Statement - PreSaveFile = new java.io.File(((pathPrefix + java.lang.Integer.toString(counter)) + .png)): null

2018-12-12 20:44:30 - [TEST_STEP][PASSED] - Statement - counter = counter + 1: null

2018-12-12 20:44:30 - [TEST_STEP][PASSED] - Statement - PreSaveFile = new java.io.File(((pathPrefix + java.lang.Integer.toString(counter)) + .png)): null

2018-12-12 20:44:30 - [TEST_STEP][PASSED] - Statement - counter = counter + 1: null

2018-12-12 20:44:30 - [TEST_STEP][PASSED] - Statement - PreSaveFile = new java.io.File(((pathPrefix + java.lang.Integer.toString(counter)) + .png)): null

2018-12-12 20:44:30 - [TEST_STEP][PASSED] - Statement - counter = counter + 1: null

2018-12-12 20:44:30 - [TEST_STEP][PASSED] - Statement - PreSaveFile = new java.io.File(((pathPrefix + java.lang.Integer.toString(counter)) + .png)): null

2018-12-12 20:44:30 - [TEST_STEP][PASSED] - Statement - counter = counter + 1: null

2018-12-12 20:44:30 - [TEST_STEP][PASSED] - Statement - PreSaveFile = new java.io.File(((pathPrefix + java.lang.Integer.toString(counter)) + .png)): null

2018-12-12 20:44:30 - [TEST_STEP][PASSED] - Statement - counter = counter + 1: null

2018-12-12 20:44:30 - [TEST_STEP][PASSED] - Statement - PreSaveFile = new java.io.File(((pathPrefix + java.lang.Integer.toString(counter)) + .png)): null

2018-12-12 20:44:30 - [TEST_STEP][PASSED] - Statement - counter = counter + 1: null

2018-12-12 20:44:30 - [TEST_STEP][PASSED] - Statement - PreSaveFile = new java.io.File(((pathPrefix + java.lang.Integer.toString(counter)) + .png)): null

2018-12-12 20:44:30 - [TEST_STEP][PASSED] - Statement - counter = counter + 1: null

2018-12-12 20:44:30 - [TEST_STEP][PASSED] - Statement - PreSaveFile = new java.io.File(((pathPrefix + java.lang.Integer.toString(counter)) + .png)): null

2018-12-12 20:44:30 - [TEST_STEP][PASSED] - Statement - counter = counter + 1: null

2018-12-12 20:44:30 - [TEST_STEP][PASSED] - Statement - PreSaveFile = new java.io.File(((pathPrefix + java.lang.Integer.toString(counter)) + .png)): null

2018-12-12 20:44:30 - [TEST_STEP][PASSED] - Statement - counter = counter + 1: null

2018-12-12 20:44:30 - [TEST_STEP][PASSED] - Statement - PreSaveFile = new java.io.File(((pathPrefix + java.lang.Integer.toString(counter)) + .png)): null

2018-12-12 20:44:30 - [TEST_STEP][PASSED] - Statement - counter = counter + 1: null

2018-12-12 20:44:30 - [TEST_STEP][PASSED] - Statement - PreSaveFile = new java.io.File(((pathPrefix + java.lang.Integer.toString(counter)) + .png)): null

2018-12-12 20:44:30 - [TEST_STEP][PASSED] - Statement - counter = counter + 1: null

2018-12-12 20:44:30 - [TEST_STEP][PASSED] - Statement - PreSaveFile = new java.io.File(((pathPrefix + java.lang.Integer.toString(counter)) + .png)): null

2018-12-12 20:44:30 - [TEST_STEP][PASSED] - Statement - counter = counter + 1: null

2018-12-12 20:44:30 - [TEST_STEP][PASSED] - Statement - PreSaveFile = new java.io.File(((pathPrefix + java.lang.Integer.toString(counter)) + .png)): null

2018-12-12 20:44:30 - [TEST_STEP][PASSED] - Statement - counter = counter + 1: null

2018-12-12 20:44:30 - [TEST_STEP][PASSED] - Statement - PreSaveFile = new java.io.File(((pathPrefix + java.lang.Integer.toString(counter)) + .png)): null

2018-12-12 20:44:30 - [TEST_STEP][PASSED] - Statement - counter = counter + 1: null

2018-12-12 20:44:30 - [TEST_STEP][PASSED] - Statement - PreSaveFile = new java.io.File(((pathPrefix + java.lang.Integer.toString(counter)) + .png)): null

2018-12-12 20:44:30 - [TEST_STEP][PASSED] - Statement - counter = counter + 1: null

2018-12-12 20:44:30 - [TEST_STEP][PASSED] - Statement - PreSaveFile = new java.io.File(((pathPrefix + java.lang.Integer.toString(counter)) + .png)): null

2018-12-12 20:44:30 - [TEST_STEP][PASSED] - Statement - counter = counter + 1: null

2018-12-12 20:44:30 - [TEST_STEP][PASSED] - Statement - PreSaveFile = new java.io.File(((pathPrefix + java.lang.Integer.toString(counter)) + .png)): null

2018-12-12 20:44:30 - [TEST_STEP][PASSED] - Statement - counter = counter + 1: null

2018-12-12 20:44:30 - [TEST_STEP][PASSED] - Statement - PreSaveFile = new java.io.File(((pathPrefix + java.lang.Integer.toString(counter)) + .png)): null

2018-12-12 20:44:30 - [TEST_STEP][PASSED] - Statement - counter = counter + 1: null

2018-12-12 20:44:30 - [TEST_STEP][PASSED] - Statement - PreSaveFile = new java.io.File(((pathPrefix + java.lang.Integer.toString(counter)) + .png)): null

2018-12-12 20:44:30 - [TEST_STEP][PASSED] - Statement - counter = counter + 1: null

2018-12-12 20:44:30 - [TEST_STEP][PASSED] - Statement - PreSaveFile = new java.io.File(((pathPrefix + java.lang.Integer.toString(counter)) + .png)): null

2018-12-12 20:44:30 - [TEST_STEP][PASSED] - Statement - counter = counter + 1: null

2018-12-12 20:44:30 - [TEST_STEP][PASSED] - Statement - PreSaveFile = new java.io.File(((pathPrefix + java.lang.Integer.toString(counter)) + .png)): null

2018-12-12 20:44:30 - [TEST_STEP][PASSED] - Statement - counter = counter + 1: null

2018-12-12 20:44:30 - [TEST_STEP][PASSED] - Statement - PreSaveFile = new java.io.File(((pathPrefix + java.lang.Integer.toString(counter)) + .png)): null

2018-12-12 20:44:30 - [TEST_STEP][PASSED] - Statement - counter = counter + 1: null

2018-12-12 20:44:30 - [TEST_STEP][PASSED] - Statement - PreSaveFile = new java.io.File(((pathPrefix + java.lang.Integer.toString(counter)) + .png)): null

2018-12-12 20:44:30 - [TEST_STEP][PASSED] - Statement - counter = counter + 1: null

2018-12-12 20:44:30 - [TEST_STEP][PASSED] - Statement - PreSaveFile = new java.io.File(((pathPrefix + java.lang.Integer.toString(counter)) + .png)): null

2018-12-12 20:44:30 - [TEST_STEP][PASSED] - Statement - counter = counter + 1: null

2018-12-12 20:44:30 - [TEST_STEP][PASSED] - Statement - PreSaveFile = new java.io.File(((pathPrefix + java.lang.Integer.toString(counter)) + .png)): null

2018-12-12 20:44:30 - [TEST_STEP][PASSED] - Statement - counter = counter + 1: null

2018-12-12 20:44:30 - [TEST_STEP][PASSED] - Statement - PreSaveFile = new java.io.File(((pathPrefix + java.lang.Integer.toString(counter)) + .png)): null

2018-12-12 20:44:30 - [TEST_STEP][PASSED] - Statement - counter = counter + 1: null

2018-12-12 20:44:30 - [TEST_STEP][PASSED] - Statement - PreSaveFile = new java.io.File(((pathPrefix + java.lang.Integer.toString(counter)) + .png)): null

2018-12-12 20:44:30 - [TEST_STEP][PASSED] - Statement - counter = counter + 1: null

2018-12-12 20:44:30 - [TEST_STEP][PASSED] - Statement - PreSaveFile = new java.io.File(((pathPrefix + java.lang.Integer.toString(counter)) + .png)): null

2018-12-12 20:44:30 - [TEST_STEP][PASSED] - Statement - counter = counter + 1: null

2018-12-12 20:44:30 - [TEST_STEP][PASSED] - Statement - PreSaveFile = new java.io.File(((pathPrefix + java.lang.Integer.toString(counter)) + .png)): null

2018-12-12 20:44:30 - [TEST_STEP][PASSED] - Statement - counter = counter + 1: null

2018-12-12 20:44:30 - [TEST_STEP][PASSED] - Statement - PreSaveFile = new java.io.File(((pathPrefix + java.lang.Integer.toString(counter)) + .png)): null

2018-12-12 20:44:30 - [TEST_STEP][PASSED] - Statement - counter = counter + 1: null

2018-12-12 20:44:30 - [TEST_STEP][PASSED] - Statement - PreSaveFile = new java.io.File(((pathPrefix + java.lang.Integer.toString(counter)) + .png)): null

2018-12-12 20:44:30 - [TEST_STEP][PASSED] - Statement - counter = counter + 1: null

2018-12-12 20:44:30 - [TEST_STEP][PASSED] - Statement - PreSaveFile = new java.io.File(((pathPrefix + java.lang.Integer.toString(counter)) + .png)): null

2018-12-12 20:44:30 - [TEST_STEP][PASSED] - Statement - counter = counter + 1: null

2018-12-12 20:44:30 - [TEST_STEP][PASSED] - Statement - PreSaveFile = new java.io.File(((pathPrefix + java.lang.Integer.toString(counter)) + .png)): null

2018-12-12 20:44:30 - [TEST_STEP][PASSED] - Statement - counter = counter + 1: null

2018-12-12 20:44:30 - [TEST_STEP][PASSED] - Statement - PreSaveFile = new java.io.File(((pathPrefix + java.lang.Integer.toString(counter)) + .png)): null

2018-12-12 20:44:30 - [TEST_STEP][PASSED] - Statement - counter = counter + 1: null

2018-12-12 20:44:30 - [TEST_STEP][PASSED] - Statement - PreSaveFile = new java.io.File(((pathPrefix + java.lang.Integer.toString(counter)) + .png)): null

2018-12-12 20:44:30 - [TEST_STEP][PASSED] - Statement - counter = counter + 1: null

2018-12-12 20:44:30 - [TEST_STEP][PASSED] - Statement - PreSaveFile = new java.io.File(((pathPrefix + java.lang.Integer.toString(counter)) + .png)): null

2018-12-12 20:44:30 - [TEST_STEP][PASSED] - Statement - counter = counter + 1: null

2018-12-12 20:44:30 - [TEST_STEP][PASSED] - Statement - PreSaveFile = new java.io.File(((pathPrefix + java.lang.Integer.toString(counter)) + .png)): null

2018-12-12 20:44:30 - [TEST_STEP][PASSED] - Statement - counter = counter + 1: null

2018-12-12 20:44:30 - [TEST_STEP][PASSED] - Statement - PreSaveFile = new java.io.File(((pathPrefix + java.lang.Integer.toString(counter)) + .png)): null

2018-12-12 20:44:30 - [TEST_STEP][PASSED] - Statement - counter = counter + 1: null

2018-12-12 20:44:30 - [TEST_STEP][PASSED] - Statement - PreSaveFile = new java.io.File(((pathPrefix + java.lang.Integer.toString(counter)) + .png)): null

2018-12-12 20:44:30 - [TEST_STEP][PASSED] - Statement - counter = counter + 1: null

2018-12-12 20:44:30 - [TEST_STEP][PASSED] - Statement - PreSaveFile = new java.io.File(((pathPrefix + java.lang.Integer.toString(counter)) + .png)): null

2018-12-12 20:44:30 - [TEST_STEP][PASSED] - Statement - counter = counter + 1: null

2018-12-12 20:44:30 - [TEST_STEP][PASSED] - Statement - PreSaveFile = new java.io.File(((pathPrefix + java.lang.Integer.toString(counter)) + .png)): null

2018-12-12 20:44:30 - [TEST_STEP][PASSED] - Statement - counter = counter + 1: null

2018-12-12 20:44:30 - [TEST_STEP][PASSED] - Statement - PreSaveFile = new java.io.File(((pathPrefix + java.lang.Integer.toString(counter)) + .png)): null

2018-12-12 20:44:30 - [TEST_STEP][PASSED] - Statement - counter = counter + 1: null

2018-12-12 20:44:30 - [TEST_STEP][PASSED] - Statement - PreSaveFile = new java.io.File(((pathPrefix + java.lang.Integer.toString(counter)) + .png)): null

2018-12-12 20:44:30 - [TEST_STEP][PASSED] - Statement - counter = counter + 1: null

2018-12-12 20:44:30 - [TEST_STEP][PASSED] - Statement - PreSaveFile = new java.io.File(((pathPrefix + java.lang.Integer.toString(counter)) + .png)): null

2018-12-12 20:44:30 - [TEST_STEP][PASSED] - Statement - counter = counter + 1: null

2018-12-12 20:44:30 - [TEST_STEP][PASSED] - Statement - PreSaveFile = new java.io.File(((pathPrefix + java.lang.Integer.toString(counter)) + .png)): null

2018-12-12 20:44:30 - [TEST_STEP][PASSED] - Statement - counter = counter + 1: null

2018-12-12 20:44:30 - [TEST_STEP][PASSED] - Statement - PreSaveFile = new java.io.File(((pathPrefix + java.lang.Integer.toString(counter)) + .png)): null

2018-12-12 20:44:30 - [TEST_STEP][PASSED] - Statement - counter = counter + 1: null

2018-12-12 20:44:30 - [TEST_STEP][PASSED] - Statement - PreSaveFile = new java.io.File(((pathPrefix + java.lang.Integer.toString(counter)) + .png)): null

2018-12-12 20:44:30 - [TEST_STEP][PASSED] - Statement - counter = counter + 1: null

2018-12-12 20:44:30 - [TEST_STEP][PASSED] - Statement - PreSaveFile = new java.io.File(((pathPrefix + java.lang.Integer.toString(counter)) + .png)): null

2018-12-12 20:44:30 - [TEST_STEP][PASSED] - Statement - counter = counter + 1: null

2018-12-12 20:44:30 - [TEST_STEP][PASSED] - Statement - PreSaveFile = new java.io.File(((pathPrefix + java.lang.Integer.toString(counter)) + .png)): null

2018-12-12 20:44:30 - [TEST_STEP][PASSED] - Statement - counter = counter + 1: null

2018-12-12 20:44:30 - [TEST_STEP][PASSED] - Statement - PreSaveFile = new java.io.File(((pathPrefix + java.lang.Integer.toString(counter)) + .png)): null

2018-12-12 20:44:30 - [TEST_STEP][PASSED] - Statement - counter = counter + 1: null

2018-12-12 20:44:30 - [TEST_STEP][PASSED] - Statement - PreSaveFile = new java.io.File(((pathPrefix + java.lang.Integer.toString(counter)) + .png)): null

2018-12-12 20:44:30 - [TEST_STEP][PASSED] - Statement - counter = counter + 1: null

2018-12-12 20:44:30 - [TEST_STEP][PASSED] - Statement - PreSaveFile = new java.io.File(((pathPrefix + java.lang.Integer.toString(counter)) + .png)): null

2018-12-12 20:44:30 - [TEST_STEP][PASSED] - Statement - counter = counter + 1: null

2018-12-12 20:44:30 - [TEST_STEP][PASSED] - Statement - PreSaveFile = new java.io.File(((pathPrefix + java.lang.Integer.toString(counter)) + .png)): null

2018-12-12 20:44:30 - [TEST_STEP][PASSED] - Statement - counter = counter + 1: null

2018-12-12 20:44:30 - [TEST_STEP][PASSED] - Statement - PreSaveFile = new java.io.File(((pathPrefix + java.lang.Integer.toString(counter)) + .png)): null

2018-12-12 20:44:30 - [TEST_STEP][PASSED] - Statement - counter = counter + 1: null

2018-12-12 20:44:30 - [TEST_STEP][PASSED] - Statement - PreSaveFile = new java.io.File(((pathPrefix + java.lang.Integer.toString(counter)) + .png)): null

2018-12-12 20:44:30 - [TEST_STEP][PASSED] - Statement - counter = counter + 1: null

2018-12-12 20:44:30 - [TEST_STEP][PASSED] - Statement - PreSaveFile = new java.io.File(((pathPrefix + java.lang.Integer.toString(counter)) + .png)): null

2018-12-12 20:44:30 - [TEST_STEP][PASSED] - Statement - counter = counter + 1: null

2018-12-12 20:44:30 - [TEST_STEP][PASSED] - Statement - PreSaveFile = new java.io.File(((pathPrefix + java.lang.Integer.toString(counter)) + .png)): null

2018-12-12 20:44:30 - [TEST_STEP][PASSED] - Statement - counter = counter + 1: null

2018-12-12 20:44:30 - [TEST_STEP][PASSED] - Statement - PreSaveFile = new java.io.File(((pathPrefix + java.lang.Integer.toString(counter)) + .png)): null

2018-12-12 20:44:30 - [TEST_STEP][PASSED] - Statement - counter = counter + 1: null

2018-12-12 20:44:30 - [TEST_STEP][PASSED] - Statement - PreSaveFile = new java.io.File(((pathPrefix + java.lang.Integer.toString(counter)) + .png)): null

2018-12-12 20:44:30 - [TEST_STEP][PASSED] - Statement - counter = counter + 1: null

2018-12-12 20:44:30 - [TEST_STEP][PASSED] - Statement - PreSaveFile = new java.io.File(((pathPrefix + java.lang.Integer.toString(counter)) + .png)): null

2018-12-12 20:44:30 - [TEST_STEP][PASSED] - Statement - counter = counter + 1: null

2018-12-12 20:44:30 - [TEST_STEP][PASSED] - Statement - PreSaveFile = new java.io.File(((pathPrefix + java.lang.Integer.toString(counter)) + .png)): null

2018-12-12 20:44:30 - [TEST_STEP][PASSED] - Statement - counter = counter + 1: null

2018-12-12 20:44:30 - [TEST_STEP][PASSED] - Statement - PreSaveFile = new java.io.File(((pathPrefix + java.lang.Integer.toString(counter)) + .png)): null

2018-12-12 20:44:30 - [TEST_STEP][PASSED] - Statement - counter = counter + 1: null

2018-12-12 20:44:30 - [TEST_STEP][PASSED] - Statement - PreSaveFile = new java.io.File(((pathPrefix + java.lang.Integer.toString(counter)) + .png)): null

2018-12-12 20:44:30 - [TEST_STEP][PASSED] - Statement - counter = counter + 1: null

2018-12-12 20:44:30 - [TEST_STEP][PASSED] - Statement - PreSaveFile = new java.io.File(((pathPrefix + java.lang.Integer.toString(counter)) + .png)): null

2018-12-12 20:44:30 - [TEST_STEP][PASSED] - Statement - counter = counter + 1: null

2018-12-12 20:44:30 - [TEST_STEP][PASSED] - Statement - PreSaveFile = new java.io.File(((pathPrefix + java.lang.Integer.toString(counter)) + .png)): null

2018-12-12 20:44:30 - [TEST_STEP][PASSED] - Statement - counter = counter + 1: null

2018-12-12 20:44:30 - [TEST_STEP][PASSED] - Statement - PreSaveFile = new java.io.File(((pathPrefix + java.lang.Integer.toString(counter)) + .png)): null

2018-12-12 20:44:30 - [TEST_STEP][PASSED] - Statement - counter = counter + 1: null

2018-12-12 20:44:30 - [TEST_STEP][PASSED] - Statement - PreSaveFile = new java.io.File(((pathPrefix + java.lang.Integer.toString(counter)) + .png)): null

2018-12-12 20:44:30 - [TEST_STEP][PASSED] - Statement - counter = counter + 1: null

2018-12-12 20:44:30 - [TEST_STEP][PASSED] - Statement - PreSaveFile = new java.io.File(((pathPrefix + java.lang.Integer.toString(counter)) + .png)): null

2018-12-12 20:44:30 - [TEST_STEP][PASSED] - Statement - counter = counter + 1: null

2018-12-12 20:44:30 - [TEST_STEP][PASSED] - Statement - PreSaveFile = new java.io.File(((pathPrefix + java.lang.Integer.toString(counter)) + .png)): null

2018-12-12 20:44:30 - [TEST_STEP][PASSED] - Statement - counter = counter + 1: null

2018-12-12 20:44:30 - [TEST_STEP][PASSED] - Statement - PreSaveFile = new java.io.File(((pathPrefix + java.lang.Integer.toString(counter)) + .png)): null

2018-12-12 20:44:30 - [TEST_STEP][PASSED] - Statement - counter = counter + 1: null

2018-12-12 20:44:30 - [TEST_STEP][PASSED] - Statement - PreSaveFile = new java.io.File(((pathPrefix + java.lang.Integer.toString(counter)) + .png)): null

2018-12-12 20:44:30 - [TEST_STEP][PASSED] - Statement - counter = counter + 1: null

2018-12-12 20:44:30 - [TEST_STEP][PASSED] - Statement - PreSaveFile = new java.io.File(((pathPrefix + java.lang.Integer.toString(counter)) + .png)): null

2018-12-12 20:44:30 - [TEST_STEP][PASSED] - Statement - counter = counter + 1: null

2018-12-12 20:44:30 - [TEST_STEP][PASSED] - Statement - PreSaveFile = new java.io.File(((pathPrefix + java.lang.Integer.toString(counter)) + .png)): null

2018-12-12 20:44:30 - [TEST_STEP][PASSED] - Statement - counter = counter + 1: null

2018-12-12 20:44:30 - [TEST_STEP][PASSED] - Statement - PreSaveFile = new java.io.File(((pathPrefix + java.lang.Integer.toString(counter)) + .png)): null

2018-12-12 20:44:30 - [TEST_STEP][PASSED] - Statement - counter = counter + 1: null

2018-12-12 20:44:30 - [TEST_STEP][PASSED] - Statement - PreSaveFile = new java.io.File(((pathPrefix + java.lang.Integer.toString(counter)) + .png)): null

2018-12-12 20:44:30 - [TEST_STEP][PASSED] - Statement - counter = counter + 1: null

2018-12-12 20:44:30 - [TEST_STEP][PASSED] - Statement - PreSaveFile = new java.io.File(((pathPrefix + java.lang.Integer.toString(counter)) + .png)): null

2018-12-12 20:44:30 - [TEST_STEP][PASSED] - Statement - counter = counter + 1: null

2018-12-12 20:44:30 - [TEST_STEP][PASSED] - Statement - PreSaveFile = new java.io.File(((pathPrefix + java.lang.Integer.toString(counter)) + .png)): null

2018-12-12 20:44:30 - [TEST_STEP][PASSED] - Statement - counter = counter + 1: null

2018-12-12 20:44:30 - [TEST_STEP][PASSED] - Statement - PreSaveFile = new java.io.File(((pathPrefix + java.lang.Integer.toString(counter)) + .png)): null

2018-12-12 20:44:30 - [TEST_STEP][PASSED] - Statement - counter = counter + 1: null

2018-12-12 20:44:30 - [TEST_STEP][PASSED] - Statement - PreSaveFile = new java.io.File(((pathPrefix + java.lang.Integer.toString(counter)) + .png)): null

2018-12-12 20:44:30 - [TEST_STEP][PASSED] - Statement - counter = counter + 1: null

2018-12-12 20:44:30 - [TEST_STEP][PASSED] - Statement - PreSaveFile = new java.io.File(((pathPrefix + java.lang.Integer.toString(counter)) + .png)): null

2018-12-12 20:44:30 - [TEST_STEP][PASSED] - Statement - counter = counter + 1: null

2018-12-12 20:44:30 - [TEST_STEP][PASSED] - Statement - PreSaveFile = new java.io.File(((pathPrefix + java.lang.Integer.toString(counter)) + .png)): null

2018-12-12 20:44:30 - [TEST_STEP][PASSED] - Statement - counter = counter + 1: null

2018-12-12 20:44:30 - [TEST_STEP][PASSED] - Statement - PreSaveFile = new java.io.File(((pathPrefix + java.lang.Integer.toString(counter)) + .png)): null

2018-12-12 20:44:30 - [TEST_STEP][PASSED] - Statement - counter = counter + 1: null

2018-12-12 20:44:30 - [TEST_STEP][PASSED] - Statement - PreSaveFile = new java.io.File(((pathPrefix + java.lang.Integer.toString(counter)) + .png)): null

2018-12-12 20:44:30 - [TEST_STEP][PASSED] - Statement - counter = counter + 1: null

2018-12-12 20:44:30 - [TEST_STEP][PASSED] - Statement - PreSaveFile = new java.io.File(((pathPrefix + java.lang.Integer.toString(counter)) + .png)): null

2018-12-12 20:44:30 - [TEST_STEP][PASSED] - Statement - counter = counter + 1: null

2018-12-12 20:44:30 - [TEST_STEP][PASSED] - Statement - PreSaveFile = new java.io.File(((pathPrefix + java.lang.Integer.toString(counter)) + .png)): null

2018-12-12 20:44:30 - [TEST_STEP][PASSED] - Statement - finalPath = pathPrefix + java.lang.Integer.toString(counter) + ".png": null

2018-12-12 20:44:30 - [TEST_STEP][PASSED] - Statement - SaveFile = new java.io.File(finalPath): null

2018-12-12 20:44:30 - [TEST_STEP][PASSED] - Statement - Try: null

2018-12-12 20:44:30 - [TEST_STEP][PASSED] - Statement - org.apache.commons.io.FileUtils.copyFile(scrFile, SaveFile): null

2018-12-12 20:44:30 - [TEST_STEP][PASSED] - Statement - out.println("file kept"): null

2018-12-12 20:44:30 - [TEST_STEP][PASSED] - delay: Delayed 10 second(s)

2018-12-12 20:44:40 - [MESSAGE][PASSED] - Delayed 10 second(s)

2018-12-12 20:44:40 - [MESSAGE][PASSED] - Call Test Case 'Test Cases/Final Aug 2018 - PKS Automation/Registration Module/New Registration/Submit and Screenshot/Submit Registration and Screenshot' successfully

2018-12-12 20:44:40 - [TEST_STEP][PASSED] - delay: Delayed 5 second(s)

2018-12-12 20:44:45 - [MESSAGE][PASSED] - Delayed 5 second(s)

2018-12-12 20:44:45 - [TEST_STEP][PASSED] - callTestCase: Call Test Case 'Test Cases/Final Aug 2018 - PKS Automation/Registration Module/Log Out/log out avoiding katalon tagging' successfully

2018-12-12 20:44:45 - [TEST_CASE][PASSED] - Test Cases/Final Aug 2018 - PKS Automation/Registration Module/Log Out/log out avoiding katalon tagging: Test Cases/Final Aug 2018 - PKS Automation/Registration Module/Log Out/log out avoiding katalon tagging

2018-12-12 20:44:45 - [TEST_STEP][PASSED] - navigateToUrl: Navigate to 'https://assist2-uat.perkeso.gov.my/c/portal/logout' successfully

2018-12-12 20:44:46 - [MESSAGE][PASSED] - Navigate to 'https://assist2-uat.perkeso.gov.my/c/portal/logout' successfully

2018-12-12 20:44:46 - [MESSAGE][PASSED] - Call Test Case 'Test Cases/Final Aug 2018 - PKS Automation/Registration Module/Log Out/log out avoiding katalon tagging' successfully

2018-12-12 20:44:46 - [TEST_STEP][PASSED] - callTestCase: Call Test Case 'Test Cases/Final Aug 2018 - PKS Automation/Common/Workflow Owner Finder' successfully

2018-12-12 20:44:46 - [TEST_CASE][PASSED] - Test Cases/Final Aug 2018 - PKS Automation/Common/Workflow Owner Finder: Test Cases/Final Aug 2018 - PKS Automation/Common/Workflow Owner Finder

2018-12-12 20:44:46 - [TEST_STEP][PASSED] - openBrowser: Browser is opened with url: ''

2018-12-12 20:44:46 - [MESSAGE][WARNING] - A browser is already opened. Closing browser and opening a new one

2018-12-12 20:44:50 - [MESSAGE][PASSED] - Browser is opened with url: ''

2018-12-12 20:44:50 - [TEST_STEP][PASSED] - navigateToUrl: Navigate to 'https://assist2-uat.perkeso.gov.my/login' successfully

2018-12-12 20:44:51 - [MESSAGE][PASSED] - Navigate to 'https://assist2-uat.perkeso.gov.my/login' successfully

2018-12-12 20:44:51 - [TEST_STEP][PASSED] - delay: Delayed 5 second(s)

2018-12-12 20:44:56 - [MESSAGE][PASSED] - Delayed 5 second(s)

2018-12-12 20:44:56 - [TEST_STEP][PASSED] - setText: Text 'test@liferay.com' is set on object 'Object Repository/Final Object Repo/Login Page/Internal User/Email Address'

2018-12-12 20:44:56 - [MESSAGE][PASSED] - Text 'test@liferay.com' is set on object 'Object Repository/Final Object Repo/Login Page/Internal User/Email Address'

2018-12-12 20:44:56 - [TEST_STEP][PASSED] - click: Object: 'Object Repository/Final Object Repo/Login Page/Internal User/Next Button' is clicked on

2018-12-12 20:44:56 - [MESSAGE][PASSED] - Object: 'Object Repository/Final Object Repo/Login Page/Internal User/Next Button' is clicked on

2018-12-12 20:44:56 - [TEST_STEP][PASSED] - delay: Delayed 2 second(s)

2018-12-12 20:44:58 - [MESSAGE][PASSED] - Delayed 2 second(s)

2018-12-12 20:44:58 - [TEST_STEP][PASSED] - setText: Text 'test' is set on object 'Object Repository/Final Object Repo/Login Page/Internal User/Password'

2018-12-12 20:44:59 - [MESSAGE][PASSED] - Text 'test' is set on object 'Object Repository/Final Object Repo/Login Page/Internal User/Password'

2018-12-12 20:44:59 - [TEST_STEP][PASSED] - delay: Delayed 2 second(s)

2018-12-12 20:45:01 - [MESSAGE][PASSED] - Delayed 2 second(s)

2018-12-12 20:45:01 - [TEST_STEP][PASSED] - click: Object: 'Object Repository/Final Object Repo/Login Page/Internal User/Login Button' is clicked on

2018-12-12 20:45:01 - [MESSAGE][PASSED] - Object: 'Object Repository/Final Object Repo/Login Page/Internal User/Login Button' is clicked on

2018-12-12 20:45:01 - [TEST_STEP][PASSED] - Statement - tester = com.kms.katalon.core.testobject.ObjectRepository.findTestObject(Final Object Repo/Landing Page/Select to English): Finding Test Object with id 'Object Repository/Final Object Repo/Landing Page/Select to English'

2018-12-12 20:45:01 - [TEST_STEP][PASSED] - Statement - Try: Delayed 2 second(s)

2018-12-12 20:45:01 - [TEST_STEP][PASSED] - Statement - Checker = com.kms.katalon.core.webui.keyword.WebUiBuiltInKeywords.verifyElementNotPresent(tester, 3): Web element with id: 'Object Repository/Final Object Repo/Landing Page/Select to English' located by 'By.xpath: //a[@class = 'taglib-language-list-text' and @lang = 'en-US' and (contains(text(), 'EN') or contains(., 'EN'))]' is not present after '3' second(s)

2018-12-12 20:45:03 - [MESSAGE][PASSED] - Web element with id: 'Object Repository/Final Object Repo/Landing Page/Select to English' located by 'By.xpath: //a[@class = 'taglib-language-list-text' and @lang = 'en-US' and (contains(text(), 'EN') or contains(., 'EN'))]' is not present after '3' second(s)

2018-12-12 20:45:03 - [TEST_STEP][PASSED] - Statement - If (Checker == false): null

2018-12-12 20:45:03 - [TEST_STEP][PASSED] - delay: Delayed 2 second(s)

2018-12-12 20:45:05 - [MESSAGE][PASSED] - Delayed 2 second(s)

2018-12-12 20:45:05 - [TEST_STEP][PASSED] - delay: Delayed 5 second(s)

2018-12-12 20:45:10 - [MESSAGE][PASSED] - Delayed 5 second(s)

2018-12-12 20:45:10 - [TEST_STEP][PASSED] - mouseOver: Object: 'Object Repository/Final Object Repo/Landing Page/WorkFlow Menu' is hovered

2018-12-12 20:45:10 - [MESSAGE][PASSED] - Object: 'Object Repository/Final Object Repo/Landing Page/WorkFlow Menu' is hovered

2018-12-12 20:45:10 - [TEST_STEP][PASSED] - delay: Delayed 2 second(s)

2018-12-12 20:45:12 - [MESSAGE][PASSED] - Delayed 2 second(s)

2018-12-12 20:45:12 - [TEST_STEP][PASSED] - click: Object: 'Object Repository/Final Object Repo/Landing Page/Select to Workflow Listing' is clicked on

2018-12-12 20:45:13 - [MESSAGE][PASSED] - Object: 'Object Repository/Final Object Repo/Landing Page/Select to Workflow Listing' is clicked on

2018-12-12 20:45:13 - [TEST_STEP][PASSED] - delay: Delayed 2 second(s)

2018-12-12 20:45:15 - [MESSAGE][PASSED] - Delayed 2 second(s)

2018-12-12 20:45:15 - [TEST_STEP][PASSED] - click: Object: 'Object Repository/Final Object Repo/WorkFlow Listing Page/Search Information - To Put Ref No' is clicked on

2018-12-12 20:45:15 - [MESSAGE][PASSED] - Object: 'Object Repository/Final Object Repo/WorkFlow Listing Page/Search Information - To Put Ref No' is clicked on

2018-12-12 20:45:15 - [TEST_STEP][PASSED] - delay: Delayed 2 second(s)

2018-12-12 20:45:17 - [MESSAGE][PASSED] - Delayed 2 second(s)

2018-12-12 20:45:17 - [TEST_STEP][PASSED] - callTestCase: Call Test Case 'Test Cases/Final Aug 2018 - PKS Automation/Common/Reference Number Getter' successfully

2018-12-12 20:45:17 - [TEST_CASE][PASSED] - Test Cases/Final Aug 2018 - PKS Automation/Common/Reference Number Getter: Test Cases/Final Aug 2018 - PKS Automation/Common/Reference Number Getter

2018-12-12 20:45:17 - [TEST_STEP][PASSED] - Statement - Try: null

2018-12-12 20:45:17 - [TEST_STEP][PASSED] - Statement - RefNo = new java.io.File(C://Users//Admin//Desktop//PKS//Automation Reference Point//KatalonReference.txt): null

2018-12-12 20:45:17 - [TEST_STEP][PASSED] - Statement - bufferread = new java.io.BufferedReader(new java.io.FileReader(RefNo)): null

2018-12-12 20:45:17 - [TEST_STEP][PASSED] - Statement - readedVal = bufferread.readLine(): null

2018-12-12 20:45:17 - [TEST_STEP][PASSED] - Statement - out.println(CaseReferenceNo): null

2018-12-12 20:45:17 - [TEST_STEP][PASSED] - Statement - out.println(readedVal): null

2018-12-12 20:45:17 - [TEST_STEP][PASSED] - Statement - CaseReferenceNo = "": null

2018-12-12 20:45:17 - [TEST_STEP][PASSED] - Statement - CaseReferenceNo = readedVal: null

2018-12-12 20:45:17 - [MESSAGE][PASSED] - Call Test Case 'Test Cases/Final Aug 2018 - PKS Automation/Common/Reference Number Getter' successfully

2018-12-12 20:45:17 - [TEST_STEP][PASSED] - setText: Text 'CRN12201800123237' is set on object 'Object Repository/Final Object Repo/WorkFlow Listing Page/Ref No Set Text'

2018-12-12 20:45:17 - [MESSAGE][PASSED] - Text 'CRN12201800123237' is set on object 'Object Repository/Final Object Repo/WorkFlow Listing Page/Ref No Set Text'

2018-12-12 20:45:17 - [TEST_STEP][PASSED] - delay: Delayed 2 second(s)

2018-12-12 20:45:19 - [MESSAGE][PASSED] - Delayed 2 second(s)

2018-12-12 20:45:19 - [TEST_STEP][PASSED] - click: Object: 'Object Repository/Final Object Repo/WorkFlow Listing Page/Search Ref No Search Button' is clicked on

2018-12-12 20:45:20 - [MESSAGE][PASSED] - Object: 'Object Repository/Final Object Repo/WorkFlow Listing Page/Search Ref No Search Button' is clicked on

2018-12-12 20:45:20 - [TEST_STEP][PASSED] - delay: Delayed 6 second(s)

2018-12-12 20:45:26 - [MESSAGE][PASSED] - Delayed 6 second(s)

2018-12-12 20:45:26 - [TEST_STEP][PASSED] - click: Object: 'Object Repository/Final Object Repo/WorkFlow Listing Page/Click Continue Tooltip' is clicked on

2018-12-12 20:45:26 - [MESSAGE][PASSED] - Object: 'Object Repository/Final Object Repo/WorkFlow Listing Page/Click Continue Tooltip' is clicked on

2018-12-12 20:45:26 - [TEST_STEP][PASSED] - delay: Delayed 5 second(s)

2018-12-12 20:45:31 - [MESSAGE][PASSED] - Delayed 5 second(s)

2018-12-12 20:45:31 - [TEST_STEP][PASSED] - doubleClick: Object: 'Object Repository/Final Object Repo/WorkFlow Listing Page/Workflow Found - Listing 1' is double clicked on

2018-12-12 20:45:32 - [MESSAGE][PASSED] - Object: 'Object Repository/Final Object Repo/WorkFlow Listing Page/Workflow Found - Listing 1' is double clicked on

2018-12-12 20:45:32 - [TEST_STEP][PASSED] - Statement - println(OwnerID): null

2018-12-12 20:45:32 - [TEST_STEP][PASSED] - Statement - OwnerID = com.kms.katalon.core.webui.keyword.WebUiBuiltInKeywords.getText(com.kms.katalon.core.testobject.ObjectRepository.findTestObject(Final Object Repo/WorkFlow Listing Page/Workflow Found - Listing 1), STOP_ON_FAILURE): Text of object 'Object Repository/Final Object Repo/WorkFlow Listing Page/Workflow Found - Listing 1' is: 'JOHORro3'

2018-12-12 20:45:32 - [MESSAGE][PASSED] - Text of object 'Object Repository/Final Object Repo/WorkFlow Listing Page/Workflow Found - Listing 1' is: 'JOHORro3'

2018-12-12 20:45:32 - [TEST_STEP][PASSED] - Statement - OwnerID = OwnerID.toLowerCase() + "@gmail.com": null

2018-12-12 20:45:32 - [TEST_STEP][PASSED] - Statement - println(OwnerID): null

2018-12-12 20:45:32 - [TEST_STEP][PASSED] - delay: Delayed 2 second(s)

2018-12-12 20:45:34 - [MESSAGE][PASSED] - Delayed 2 second(s)

2018-12-12 20:45:34 - [MESSAGE][PASSED] - Call Test Case 'Test Cases/Final Aug 2018 - PKS Automation/Common/Workflow Owner Finder' successfully

2018-12-12 20:45:34 - [TEST_STEP][PASSED] - callTestCase: Call Test Case 'Test Cases/Final Aug 2018 - PKS Automation/Registration Module/Log Out/log out avoiding katalon tagging' successfully

2018-12-12 20:45:34 - [TEST_CASE][PASSED] - Test Cases/Final Aug 2018 - PKS Automation/Registration Module/Log Out/log out avoiding katalon tagging: Test Cases/Final Aug 2018 - PKS Automation/Registration Module/Log Out/log out avoiding katalon tagging

2018-12-12 20:45:34 - [TEST_STEP][PASSED] - navigateToUrl: Navigate to 'https://assist2-uat.perkeso.gov.my/c/portal/logout' successfully

2018-12-12 20:45:35 - [MESSAGE][PASSED] - Navigate to 'https://assist2-uat.perkeso.gov.my/c/portal/logout' successfully

2018-12-12 20:45:35 - [MESSAGE][PASSED] - Call Test Case 'Test Cases/Final Aug 2018 - PKS Automation/Registration Module/Log Out/log out avoiding katalon tagging' successfully

2018-12-12 20:45:35 - [TEST_STEP][PASSED] - delay: Delayed 2 second(s)

2018-12-12 20:45:37 - [MESSAGE][PASSED] - Delayed 2 second(s)

2018-12-12 20:45:37 - [TEST_STEP][PASSED] - setText: Text 'johorro3@gmail.com' is set on object 'Object Repository/Final Object Repo/New Registration - Registration Module Pages/New Reg - OTC to RO/Special Case - All Related Objects/Email TextBox'

2018-12-12 20:45:37 - [MESSAGE][PASSED] - Text 'johorro3@gmail.com' is set on object 'Object Repository/Final Object Repo/New Registration - Registration Module Pages/New Reg - OTC to RO/Special Case - All Related Objects/Email TextBox'

2018-12-12 20:45:37 - [TEST_STEP][PASSED] - click: Object: 'Object Repository/Final Object Repo/New Registration - Registration Module Pages/New Reg - OTC to RO/Special Case - All Related Objects/Next Button' is clicked on

2018-12-12 20:45:37 - [MESSAGE][PASSED] - Object: 'Object Repository/Final Object Repo/New Registration - Registration Module Pages/New Reg - OTC to RO/Special Case - All Related Objects/Next Button' is clicked on

2018-12-12 20:45:37 - [TEST_STEP][PASSED] - delay: Delayed 2 second(s)

2018-12-12 20:45:39 - [MESSAGE][PASSED] - Delayed 2 second(s)

2018-12-12 20:45:39 - [TEST_STEP][PASSED] - setText: Text 'Test1@3456789' is set on object 'Object Repository/Final Object Repo/New Registration - Registration Module Pages/New Reg - OTC to RO/Special Case - All Related Objects/Password TextBox'

2018-12-12 20:45:39 - [MESSAGE][PASSED] - Text 'Test1@3456789' is set on object 'Object Repository/Final Object Repo/New Registration - Registration Module Pages/New Reg - OTC to RO/Special Case - All Related Objects/Password TextBox'

2018-12-12 20:45:39 - [TEST_STEP][PASSED] - delay: Delayed 2 second(s)

2018-12-12 20:45:41 - [MESSAGE][PASSED] - Delayed 2 second(s)

2018-12-12 20:45:41 - [TEST_STEP][PASSED] - click: Object: 'Object Repository/Final Object Repo/New Registration - Registration Module Pages/New Reg - OTC to RO/Special Case - All Related Objects/Login Button' is clicked on

2018-12-12 20:45:41 - [MESSAGE][PASSED] - Object: 'Object Repository/Final Object Repo/New Registration - Registration Module Pages/New Reg - OTC to RO/Special Case - All Related Objects/Login Button' is clicked on

2018-12-12 20:45:41 - [TEST_STEP][PASSED] - delay: Delayed 2 second(s)

2018-12-12 20:45:43 - [MESSAGE][PASSED] - Delayed 2 second(s)

2018-12-12 20:45:43 - [TEST_STEP][PASSED] - Statement - Try: null

2018-12-12 20:45:43 - [TEST_STEP][PASSED] - Statement - Checker = com.kms.katalon.core.webui.keyword.WebUiBuiltInKeywords.verifyElementNotPresent("Final Object Repo/Landing Page/Select to English", 3): null

2018-12-12 20:45:43 - [TEST_STEP][PASSED] - Statement - Catch (Exception e): null

2018-12-12 20:45:43 - [TEST_STEP][PASSED] - Statement - e.printStackTrace(): null

2018-12-12 20:45:43 - [TEST_STEP][PASSED] - click: Object: 'Object Repository/Final Object Repo/New Registration - Registration Module Pages/New Reg - OTC to RO/Special Case - All Related Objects/Expand to Search' is clicked on

2018-12-12 20:45:44 - [MESSAGE][PASSED] - Object: 'Object Repository/Final Object Repo/New Registration - Registration Module Pages/New Reg - OTC to RO/Special Case - All Related Objects/Expand to Search' is clicked on

2018-12-12 20:45:44 - [TEST_STEP][PASSED] - delay: Delayed 2 second(s)

2018-12-12 20:45:46 - [MESSAGE][PASSED] - Delayed 2 second(s)

2018-12-12 20:45:46 - [TEST_STEP][PASSED] - setText: Text 'CRN12201800123237' is set on object 'Object Repository/Final Object Repo/New Registration - Registration Module Pages/New Reg - OTC to RO/Special Case - All Related Objects/TextBox RefNo in Workbasket'

2018-12-12 20:45:46 - [MESSAGE][PASSED] - Text 'CRN12201800123237' is set on object 'Object Repository/Final Object Repo/New Registration - Registration Module Pages/New Reg - OTC to RO/Special Case - All Related Objects/TextBox RefNo in Workbasket'

2018-12-12 20:45:46 - [TEST_STEP][PASSED] - delay: Delayed 2 second(s)

2018-12-12 20:45:48 - [MESSAGE][PASSED] - Delayed 2 second(s)

2018-12-12 20:45:48 - [TEST_STEP][PASSED] - click: Object: 'Object Repository/Final Object Repo/New Registration - Registration Module Pages/New Reg - OTC to RO/Special Case - All Related Objects/Click Search' is clicked on

2018-12-12 20:45:48 - [MESSAGE][PASSED] - Object: 'Object Repository/Final Object Repo/New Registration - Registration Module Pages/New Reg - OTC to RO/Special Case - All Related Objects/Click Search' is clicked on

2018-12-12 20:45:48 - [TEST_STEP][PASSED] - delay: Delayed 2 second(s)

2018-12-12 20:45:50 - [MESSAGE][PASSED] - Delayed 2 second(s)

2018-12-12 20:45:50 - [TEST_STEP][PASSED] - click: Object: 'Object Repository/Final Object Repo/New Registration - Registration Module Pages/New Reg - OTC to RO/Special Case - All Related Objects/Click to Continue Workflow' is clicked on

2018-12-12 20:45:53 - [MESSAGE][PASSED] - Object: 'Object Repository/Final Object Repo/New Registration - Registration Module Pages/New Reg - OTC to RO/Special Case - All Related Objects/Click to Continue Workflow' is clicked on

2018-12-12 20:45:53 - [TEST_STEP][PASSED] - delay: Delayed 8 second(s)

2018-12-12 20:46:01 - [MESSAGE][PASSED] - Delayed 8 second(s)

2018-12-12 20:46:01 - [TEST_STEP][PASSED] - click: Object: 'Object Repository/Final Object Repo/New Registration - Registration Module Pages/New Reg - OTC to RO/Special Case - All Related Objects/Continue Button in verifying case' is clicked on

2018-12-12 20:46:03 - [MESSAGE][PASSED] - Object: 'Object Repository/Final Object Repo/New Registration - Registration Module Pages/New Reg - OTC to RO/Special Case - All Related Objects/Continue Button in verifying case' is clicked on

2018-12-12 20:46:03 - [TEST_STEP][PASSED] - delay: Delayed 2 second(s)

2018-12-12 20:46:05 - [MESSAGE][PASSED] - Delayed 2 second(s)

2018-12-12 20:46:05 - [TEST_STEP][PASSED] - click: Object: 'Object Repository/Final Object Repo/New Registration - Registration Module Pages/Form 1/Registered As a Branch - Yes' is clicked on

2018-12-12 20:46:05 - [MESSAGE][PASSED] - Object: 'Object Repository/Final Object Repo/New Registration - Registration Module Pages/Form 1/Registered As a Branch - Yes' is clicked on

2018-12-12 20:46:05 - [TEST_STEP][PASSED] - delay: Delayed 2 second(s)

2018-12-12 20:46:07 - [MESSAGE][PASSED] - Delayed 2 second(s)

2018-12-12 20:46:07 - [TEST_STEP][PASSED] - click: Object: 'Object Repository/Final Object Repo/New Registration - Registration Module Pages/New Reg - OTC to RO/Special Case - All Related Objects/Form 1 Save n Continue' is clicked on

2018-12-12 20:46:08 - [MESSAGE][PASSED] - Object: 'Object Repository/Final Object Repo/New Registration - Registration Module Pages/New Reg - OTC to RO/Special Case - All Related Objects/Form 1 Save n Continue' is clicked on

2018-12-12 20:46:08 - [TEST_STEP][PASSED] - delay: Delayed 2 second(s)

2018-12-12 20:46:10 - [MESSAGE][PASSED] - Delayed 2 second(s)

2018-12-12 20:46:10 - [TEST_STEP][PASSED] - click: Object: 'Object Repository/Final Object Repo/New Registration - Registration Module Pages/New Reg - OTC to RO/Special Case - All Related Objects/Form 2 Save n Continue' is clicked on

2018-12-12 20:46:10 - [MESSAGE][PASSED] - Object: 'Object Repository/Final Object Repo/New Registration - Registration Module Pages/New Reg - OTC to RO/Special Case - All Related Objects/Form 2 Save n Continue' is clicked on

2018-12-12 20:46:10 - [TEST_STEP][PASSED] - delay: Delayed 2 second(s)

2018-12-12 20:46:12 - [MESSAGE][PASSED] - Delayed 2 second(s)

2018-12-12 20:46:12 - [TEST_STEP][PASSED] - click: Object: 'Object Repository/Final Object Repo/New Registration - Registration Module Pages/New Reg - OTC to RO/Special Case - All Related Objects/Third Screen Save n Continue' is clicked on

2018-12-12 20:46:17 - [MESSAGE][PASSED] - Object: 'Object Repository/Final Object Repo/New Registration - Registration Module Pages/New Reg - OTC to RO/Special Case - All Related Objects/Third Screen Save n Continue' is clicked on

2018-12-12 20:46:17 - [TEST_STEP][PASSED] - delay: Delayed 5 second(s)

2018-12-12 20:46:22 - [MESSAGE][PASSED] - Delayed 5 second(s)

2018-12-12 20:46:22 - [TEST_STEP][PASSED] - click: Object: 'Object Repository/Final Object Repo/New Registration - Registration Module Pages/New Reg - OTC to RO/Special Case - All Related Objects/Upload Doc Page Save n Continue' is clicked on

2018-12-12 20:46:22 - [MESSAGE][PASSED] - Object: 'Object Repository/Final Object Repo/New Registration - Registration Module Pages/New Reg - OTC to RO/Special Case - All Related Objects/Upload Doc Page Save n Continue' is clicked on

2018-12-12 20:46:22 - [TEST_STEP][PASSED] - delay: Delayed 5 second(s)

2018-12-12 20:46:27 - [MESSAGE][PASSED] - Delayed 5 second(s)

2018-12-12 20:46:27 - [TEST_STEP][PASSED] - click: Object: 'Object Repository/Final Object Repo/New Registration - Registration Module Pages/New Reg - OTC to RO/Special Case - All Related Objects/Under Enforcement Button at Preview Screen of RO' is clicked on

2018-12-12 20:46:27 - [MESSAGE][PASSED] - Object: 'Object Repository/Final Object Repo/New Registration - Registration Module Pages/New Reg - OTC to RO/Special Case - All Related Objects/Under Enforcement Button at Preview Screen of RO' is clicked on

2018-12-12 20:46:27 - [TEST_STEP][PASSED] - delay: Delayed 5 second(s)

2018-12-12 20:46:32 - [MESSAGE][PASSED] - Delayed 5 second(s)

2018-12-12 20:46:32 - [TEST_STEP][PASSED] - click: Object: 'Object Repository/Final Object Repo/New Registration - Registration Module Pages/New Reg - OTC to RO/Special Case - All Related Objects/Under Enforcement - inner form' is clicked on

2018-12-12 20:46:33 - [MESSAGE][PASSED] - Object: 'Object Repository/Final Object Repo/New Registration - Registration Module Pages/New Reg - OTC to RO/Special Case - All Related Objects/Under Enforcement - inner form' is clicked on

2018-12-12 20:46:33 - [TEST_STEP][PASSED] - callTestCase: Call Test Case 'Test Cases/Final Aug 2018 - PKS Automation/Common/Screenshoting tool' successfully

2018-12-12 20:46:33 - [TEST_CASE][PASSED] - Test Cases/Final Aug 2018 - PKS Automation/Common/Screenshoting tool: Test Cases/Final Aug 2018 - PKS Automation/Common/Screenshoting tool

2018-12-12 20:46:33 - [TEST_STEP][PASSED] - delay: Delayed 15 second(s)

2018-12-12 20:46:48 - [MESSAGE][PASSED] - Delayed 15 second(s)

2018-12-12 20:46:48 - [TEST_STEP][PASSED] - Statement - driver = com.kms.katalon.core.webui.driver.DriverFactory.getWebDriver(): null

2018-12-12 20:46:48 - [TEST_STEP][PASSED] - Statement - driver.manage().timeouts().implicitlyWait(10, SECONDS): null

2018-12-12 20:46:48 - [TEST_STEP][PASSED] - Statement - PresavePath = KatalonScreenshots: null

2018-12-12 20:46:48 - [TEST_STEP][PASSED] - Statement - pathPrefix = "C:\Users\Public\Pictures\Sample Pictures\Katalon Screenshots\Automate Ending Screen": null

2018-12-12 20:46:48 - [TEST_STEP][PASSED] - Statement - finalPath = <not implemented yet for class: org.codehaus.groovy.ast.expr.EmptyExpression>: null

2018-12-12 20:46:48 - [TEST_STEP][PASSED] - Statement - scrFile = driver.getScreenshotAs(FILE): null

2018-12-12 20:46:48 - [TEST_STEP][PASSED] - Statement - PreSaveFile = new java.io.File(PresavePath): null

2018-12-12 20:46:48 - [TEST_STEP][PASSED] - Statement - counter = 0: null

2018-12-12 20:46:48 - [TEST_STEP][PASSED] - Statement - If (PreSaveFile.exists()): null

2018-12-12 20:46:48 - [TEST_STEP][PASSED] - Statement - While (PreSaveFile.exists()): null

2018-12-12 20:46:48 - [TEST_STEP][PASSED] - Statement - counter = counter + 1: null

2018-12-12 20:46:48 - [TEST_STEP][PASSED] - Statement - PreSaveFile = new java.io.File(((pathPrefix + java.lang.Integer.toString(counter)) + .png)): null

2018-12-12 20:46:48 - [TEST_STEP][PASSED] - Statement - counter = counter + 1: null

2018-12-12 20:46:48 - [TEST_STEP][PASSED] - Statement - PreSaveFile = new java.io.File(((pathPrefix + java.lang.Integer.toString(counter)) + .png)): null

2018-12-12 20:46:48 - [TEST_STEP][PASSED] - Statement - counter = counter + 1: null

2018-12-12 20:46:48 - [TEST_STEP][PASSED] - Statement - PreSaveFile = new java.io.File(((pathPrefix + java.lang.Integer.toString(counter)) + .png)): null

2018-12-12 20:46:48 - [TEST_STEP][PASSED] - Statement - counter = counter + 1: null

2018-12-12 20:46:48 - [TEST_STEP][PASSED] - Statement - PreSaveFile = new java.io.File(((pathPrefix + java.lang.Integer.toString(counter)) + .png)): null

2018-12-12 20:46:48 - [TEST_STEP][PASSED] - Statement - counter = counter + 1: null

2018-12-12 20:46:48 - [TEST_STEP][PASSED] - Statement - PreSaveFile = new java.io.File(((pathPrefix + java.lang.Integer.toString(counter)) + .png)): null

2018-12-12 20:46:48 - [TEST_STEP][PASSED] - Statement - counter = counter + 1: null

2018-12-12 20:46:48 - [TEST_STEP][PASSED] - Statement - PreSaveFile = new java.io.File(((pathPrefix + java.lang.Integer.toString(counter)) + .png)): null

2018-12-12 20:46:48 - [TEST_STEP][PASSED] - Statement - counter = counter + 1: null

2018-12-12 20:46:48 - [TEST_STEP][PASSED] - Statement - PreSaveFile = new java.io.File(((pathPrefix + java.lang.Integer.toString(counter)) + .png)): null

2018-12-12 20:46:48 - [TEST_STEP][PASSED] - Statement - counter = counter + 1: null

2018-12-12 20:46:48 - [TEST_STEP][PASSED] - Statement - PreSaveFile = new java.io.File(((pathPrefix + java.lang.Integer.toString(counter)) + .png)): null

2018-12-12 20:46:48 - [TEST_STEP][PASSED] - Statement - counter = counter + 1: null

2018-12-12 20:46:48 - [TEST_STEP][PASSED] - Statement - PreSaveFile = new java.io.File(((pathPrefix + java.lang.Integer.toString(counter)) + .png)): null

2018-12-12 20:46:48 - [TEST_STEP][PASSED] - Statement - counter = counter + 1: null

2018-12-12 20:46:48 - [TEST_STEP][PASSED] - Statement - PreSaveFile = new java.io.File(((pathPrefix + java.lang.Integer.toString(counter)) + .png)): null

2018-12-12 20:46:48 - [TEST_STEP][PASSED] - Statement - counter = counter + 1: null

2018-12-12 20:46:48 - [TEST_STEP][PASSED] - Statement - PreSaveFile = new java.io.File(((pathPrefix + java.lang.Integer.toString(counter)) + .png)): null

2018-12-12 20:46:48 - [TEST_STEP][PASSED] - Statement - counter = counter + 1: null

2018-12-12 20:46:48 - [TEST_STEP][PASSED] - Statement - PreSaveFile = new java.io.File(((pathPrefix + java.lang.Integer.toString(counter)) + .png)): null

2018-12-12 20:46:48 - [TEST_STEP][PASSED] - Statement - counter = counter + 1: null

2018-12-12 20:46:48 - [TEST_STEP][PASSED] - Statement - PreSaveFile = new java.io.File(((pathPrefix + java.lang.Integer.toString(counter)) + .png)): null

2018-12-12 20:46:48 - [TEST_STEP][PASSED] - Statement - counter = counter + 1: null

2018-12-12 20:46:48 - [TEST_STEP][PASSED] - Statement - PreSaveFile = new java.io.File(((pathPrefix + java.lang.Integer.toString(counter)) + .png)): null

2018-12-12 20:46:48 - [TEST_STEP][PASSED] - Statement - counter = counter + 1: null

2018-12-12 20:46:48 - [TEST_STEP][PASSED] - Statement - PreSaveFile = new java.io.File(((pathPrefix + java.lang.Integer.toString(counter)) + .png)): null

2018-12-12 20:46:48 - [TEST_STEP][PASSED] - Statement - counter = counter + 1: null

2018-12-12 20:46:48 - [TEST_STEP][PASSED] - Statement - PreSaveFile = new java.io.File(((pathPrefix + java.lang.Integer.toString(counter)) + .png)): null

2018-12-12 20:46:48 - [TEST_STEP][PASSED] - Statement - counter = counter + 1: null

2018-12-12 20:46:48 - [TEST_STEP][PASSED] - Statement - PreSaveFile = new java.io.File(((pathPrefix + java.lang.Integer.toString(counter)) + .png)): null

2018-12-12 20:46:48 - [TEST_STEP][PASSED] - Statement - counter = counter + 1: null

2018-12-12 20:46:48 - [TEST_STEP][PASSED] - Statement - PreSaveFile = new java.io.File(((pathPrefix + java.lang.Integer.toString(counter)) + .png)): null

2018-12-12 20:46:48 - [TEST_STEP][PASSED] - Statement - counter = counter + 1: null

2018-12-12 20:46:48 - [TEST_STEP][PASSED] - Statement - PreSaveFile = new java.io.File(((pathPrefix + java.lang.Integer.toString(counter)) + .png)): null

2018-12-12 20:46:48 - [TEST_STEP][PASSED] - Statement - counter = counter + 1: null

2018-12-12 20:46:48 - [TEST_STEP][PASSED] - Statement - PreSaveFile = new java.io.File(((pathPrefix + java.lang.Integer.toString(counter)) + .png)): null

2018-12-12 20:46:48 - [TEST_STEP][PASSED] - Statement - counter = counter + 1: null

2018-12-12 20:46:48 - [TEST_STEP][PASSED] - Statement - PreSaveFile = new java.io.File(((pathPrefix + java.lang.Integer.toString(counter)) + .png)): null

2018-12-12 20:46:48 - [TEST_STEP][PASSED] - Statement - counter = counter + 1: null

2018-12-12 20:46:48 - [TEST_STEP][PASSED] - Statement - PreSaveFile = new java.io.File(((pathPrefix + java.lang.Integer.toString(counter)) + .png)): null

2018-12-12 20:46:48 - [TEST_STEP][PASSED] - Statement - counter = counter + 1: null

2018-12-12 20:46:48 - [TEST_STEP][PASSED] - Statement - PreSaveFile = new java.io.File(((pathPrefix + java.lang.Integer.toString(counter)) + .png)): null

2018-12-12 20:46:48 - [TEST_STEP][PASSED] - Statement - counter = counter + 1: null

2018-12-12 20:46:48 - [TEST_STEP][PASSED] - Statement - PreSaveFile = new java.io.File(((pathPrefix + java.lang.Integer.toString(counter)) + .png)): null

2018-12-12 20:46:48 - [TEST_STEP][PASSED] - Statement - counter = counter + 1: null

2018-12-12 20:46:48 - [TEST_STEP][PASSED] - Statement - PreSaveFile = new java.io.File(((pathPrefix + java.lang.Integer.toString(counter)) + .png)): null

2018-12-12 20:46:48 - [TEST_STEP][PASSED] - Statement - counter = counter + 1: null

2018-12-12 20:46:48 - [TEST_STEP][PASSED] - Statement - PreSaveFile = new java.io.File(((pathPrefix + java.lang.Integer.toString(counter)) + .png)): null

2018-12-12 20:46:48 - [TEST_STEP][PASSED] - Statement - counter = counter + 1: null

2018-12-12 20:46:48 - [TEST_STEP][PASSED] - Statement - PreSaveFile = new java.io.File(((pathPrefix + java.lang.Integer.toString(counter)) + .png)): null

2018-12-12 20:46:48 - [TEST_STEP][PASSED] - Statement - counter = counter + 1: null

2018-12-12 20:46:48 - [TEST_STEP][PASSED] - Statement - PreSaveFile = new java.io.File(((pathPrefix + java.lang.Integer.toString(counter)) + .png)): null

2018-12-12 20:46:48 - [TEST_STEP][PASSED] - Statement - counter = counter + 1: null

2018-12-12 20:46:48 - [TEST_STEP][PASSED] - Statement - PreSaveFile = new java.io.File(((pathPrefix + java.lang.Integer.toString(counter)) + .png)): null

2018-12-12 20:46:48 - [TEST_STEP][PASSED] - Statement - counter = counter + 1: null

2018-12-12 20:46:48 - [TEST_STEP][PASSED] - Statement - PreSaveFile = new java.io.File(((pathPrefix + java.lang.Integer.toString(counter)) + .png)): null

2018-12-12 20:46:48 - [TEST_STEP][PASSED] - Statement - counter = counter + 1: null

2018-12-12 20:46:48 - [TEST_STEP][PASSED] - Statement - PreSaveFile = new java.io.File(((pathPrefix + java.lang.Integer.toString(counter)) + .png)): null

2018-12-12 20:46:48 - [TEST_STEP][PASSED] - Statement - counter = counter + 1: null

2018-12-12 20:46:48 - [TEST_STEP][PASSED] - Statement - PreSaveFile = new java.io.File(((pathPrefix + java.lang.Integer.toString(counter)) + .png)): null

2018-12-12 20:46:48 - [TEST_STEP][PASSED] - Statement - counter = counter + 1: null

2018-12-12 20:46:48 - [TEST_STEP][PASSED] - Statement - PreSaveFile = new java.io.File(((pathPrefix + java.lang.Integer.toString(counter)) + .png)): null

2018-12-12 20:46:48 - [TEST_STEP][PASSED] - Statement - counter = counter + 1: null

2018-12-12 20:46:48 - [TEST_STEP][PASSED] - Statement - PreSaveFile = new java.io.File(((pathPrefix + java.lang.Integer.toString(counter)) + .png)): null

2018-12-12 20:46:48 - [TEST_STEP][PASSED] - Statement - counter = counter + 1: null

2018-12-12 20:46:48 - [TEST_STEP][PASSED] - Statement - PreSaveFile = new java.io.File(((pathPrefix + java.lang.Integer.toString(counter)) + .png)): null

2018-12-12 20:46:48 - [TEST_STEP][PASSED] - Statement - counter = counter + 1: null

2018-12-12 20:46:48 - [TEST_STEP][PASSED] - Statement - PreSaveFile = new java.io.File(((pathPrefix + java.lang.Integer.toString(counter)) + .png)): null

2018-12-12 20:46:48 - [TEST_STEP][PASSED] - Statement - counter = counter + 1: null

2018-12-12 20:46:48 - [TEST_STEP][PASSED] - Statement - PreSaveFile = new java.io.File(((pathPrefix + java.lang.Integer.toString(counter)) + .png)): null

2018-12-12 20:46:48 - [TEST_STEP][PASSED] - Statement - counter = counter + 1: null

2018-12-12 20:46:48 - [TEST_STEP][PASSED] - Statement - PreSaveFile = new java.io.File(((pathPrefix + java.lang.Integer.toString(counter)) + .png)): null

2018-12-12 20:46:48 - [TEST_STEP][PASSED] - Statement - counter = counter + 1: null

2018-12-12 20:46:48 - [TEST_STEP][PASSED] - Statement - PreSaveFile = new java.io.File(((pathPrefix + java.lang.Integer.toString(counter)) + .png)): null

2018-12-12 20:46:48 - [TEST_STEP][PASSED] - Statement - counter = counter + 1: null

2018-12-12 20:46:48 - [TEST_STEP][PASSED] - Statement - PreSaveFile = new java.io.File(((pathPrefix + java.lang.Integer.toString(counter)) + .png)): null

2018-12-12 20:46:48 - [TEST_STEP][PASSED] - Statement - counter = counter + 1: null

2018-12-12 20:46:48 - [TEST_STEP][PASSED] - Statement - PreSaveFile = new java.io.File(((pathPrefix + java.lang.Integer.toString(counter)) + .png)): null

2018-12-12 20:46:48 - [TEST_STEP][PASSED] - Statement - counter = counter + 1: null

2018-12-12 20:46:48 - [TEST_STEP][PASSED] - Statement - PreSaveFile = new java.io.File(((pathPrefix + java.lang.Integer.toString(counter)) + .png)): null

2018-12-12 20:46:48 - [TEST_STEP][PASSED] - Statement - counter = counter + 1: null

2018-12-12 20:46:48 - [TEST_STEP][PASSED] - Statement - PreSaveFile = new java.io.File(((pathPrefix + java.lang.Integer.toString(counter)) + .png)): null

2018-12-12 20:46:48 - [TEST_STEP][PASSED] - Statement - counter = counter + 1: null

2018-12-12 20:46:48 - [TEST_STEP][PASSED] - Statement - PreSaveFile = new java.io.File(((pathPrefix + java.lang.Integer.toString(counter)) + .png)): null

2018-12-12 20:46:48 - [TEST_STEP][PASSED] - Statement - counter = counter + 1: null

2018-12-12 20:46:48 - [TEST_STEP][PASSED] - Statement - PreSaveFile = new java.io.File(((pathPrefix + java.lang.Integer.toString(counter)) + .png)): null

2018-12-12 20:46:48 - [TEST_STEP][PASSED] - Statement - counter = counter + 1: null

2018-12-12 20:46:48 - [TEST_STEP][PASSED] - Statement - PreSaveFile = new java.io.File(((pathPrefix + java.lang.Integer.toString(counter)) + .png)): null

2018-12-12 20:46:48 - [TEST_STEP][PASSED] - Statement - counter = counter + 1: null

2018-12-12 20:46:48 - [TEST_STEP][PASSED] - Statement - PreSaveFile = new java.io.File(((pathPrefix + java.lang.Integer.toString(counter)) + .png)): null

2018-12-12 20:46:48 - [TEST_STEP][PASSED] - Statement - counter = counter + 1: null

2018-12-12 20:46:48 - [TEST_STEP][PASSED] - Statement - PreSaveFile = new java.io.File(((pathPrefix + java.lang.Integer.toString(counter)) + .png)): null

2018-12-12 20:46:48 - [TEST_STEP][PASSED] - Statement - counter = counter + 1: null

2018-12-12 20:46:48 - [TEST_STEP][PASSED] - Statement - PreSaveFile = new java.io.File(((pathPrefix + java.lang.Integer.toString(counter)) + .png)): null

2018-12-12 20:46:48 - [TEST_STEP][PASSED] - Statement - counter = counter + 1: null

2018-12-12 20:46:48 - [TEST_STEP][PASSED] - Statement - PreSaveFile = new java.io.File(((pathPrefix + java.lang.Integer.toString(counter)) + .png)): null

2018-12-12 20:46:48 - [TEST_STEP][PASSED] - Statement - counter = counter + 1: null

2018-12-12 20:46:48 - [TEST_STEP][PASSED] - Statement - PreSaveFile = new java.io.File(((pathPrefix + java.lang.Integer.toString(counter)) + .png)): null

2018-12-12 20:46:48 - [TEST_STEP][PASSED] - Statement - counter = counter + 1: null

2018-12-12 20:46:48 - [TEST_STEP][PASSED] - Statement - PreSaveFile = new java.io.File(((pathPrefix + java.lang.Integer.toString(counter)) + .png)): null

2018-12-12 20:46:48 - [TEST_STEP][PASSED] - Statement - counter = counter + 1: null

2018-12-12 20:46:48 - [TEST_STEP][PASSED] - Statement - PreSaveFile = new java.io.File(((pathPrefix + java.lang.Integer.toString(counter)) + .png)): null

2018-12-12 20:46:48 - [TEST_STEP][PASSED] - Statement - counter = counter + 1: null

2018-12-12 20:46:48 - [TEST_STEP][PASSED] - Statement - PreSaveFile = new java.io.File(((pathPrefix + java.lang.Integer.toString(counter)) + .png)): null

2018-12-12 20:46:48 - [TEST_STEP][PASSED] - Statement - counter = counter + 1: null

2018-12-12 20:46:48 - [TEST_STEP][PASSED] - Statement - PreSaveFile = new java.io.File(((pathPrefix + java.lang.Integer.toString(counter)) + .png)): null

2018-12-12 20:46:48 - [TEST_STEP][PASSED] - Statement - counter = counter + 1: null

2018-12-12 20:46:48 - [TEST_STEP][PASSED] - Statement - PreSaveFile = new java.io.File(((pathPrefix + java.lang.Integer.toString(counter)) + .png)): null

2018-12-12 20:46:48 - [TEST_STEP][PASSED] - Statement - counter = counter + 1: null

2018-12-12 20:46:48 - [TEST_STEP][PASSED] - Statement - PreSaveFile = new java.io.File(((pathPrefix + java.lang.Integer.toString(counter)) + .png)): null

2018-12-12 20:46:48 - [TEST_STEP][PASSED] - Statement - counter = counter + 1: null

2018-12-12 20:46:48 - [TEST_STEP][PASSED] - Statement - PreSaveFile = new java.io.File(((pathPrefix + java.lang.Integer.toString(counter)) + .png)): null

2018-12-12 20:46:48 - [TEST_STEP][PASSED] - Statement - counter = counter + 1: null

2018-12-12 20:46:48 - [TEST_STEP][PASSED] - Statement - PreSaveFile = new java.io.File(((pathPrefix + java.lang.Integer.toString(counter)) + .png)): null

2018-12-12 20:46:48 - [TEST_STEP][PASSED] - Statement - counter = counter + 1: null

2018-12-12 20:46:48 - [TEST_STEP][PASSED] - Statement - PreSaveFile = new java.io.File(((pathPrefix + java.lang.Integer.toString(counter)) + .png)): null

2018-12-12 20:46:48 - [TEST_STEP][PASSED] - Statement - counter = counter + 1: null

2018-12-12 20:46:48 - [TEST_STEP][PASSED] - Statement - PreSaveFile = new java.io.File(((pathPrefix + java.lang.Integer.toString(counter)) + .png)): null

2018-12-12 20:46:48 - [TEST_STEP][PASSED] - Statement - counter = counter + 1: null

2018-12-12 20:46:48 - [TEST_STEP][PASSED] - Statement - PreSaveFile = new java.io.File(((pathPrefix + java.lang.Integer.toString(counter)) + .png)): null

2018-12-12 20:46:48 - [TEST_STEP][PASSED] - Statement - counter = counter + 1: null

2018-12-12 20:46:48 - [TEST_STEP][PASSED] - Statement - PreSaveFile = new java.io.File(((pathPrefix + java.lang.Integer.toString(counter)) + .png)): null

2018-12-12 20:46:48 - [TEST_STEP][PASSED] - Statement - counter = counter + 1: null

2018-12-12 20:46:48 - [TEST_STEP][PASSED] - Statement - PreSaveFile = new java.io.File(((pathPrefix + java.lang.Integer.toString(counter)) + .png)): null

2018-12-12 20:46:48 - [TEST_STEP][PASSED] - Statement - counter = counter + 1: null

2018-12-12 20:46:48 - [TEST_STEP][PASSED] - Statement - PreSaveFile = new java.io.File(((pathPrefix + java.lang.Integer.toString(counter)) + .png)): null

2018-12-12 20:46:48 - [TEST_STEP][PASSED] - Statement - counter = counter + 1: null

2018-12-12 20:46:48 - [TEST_STEP][PASSED] - Statement - PreSaveFile = new java.io.File(((pathPrefix + java.lang.Integer.toString(counter)) + .png)): null

2018-12-12 20:46:48 - [TEST_STEP][PASSED] - Statement - counter = counter + 1: null

2018-12-12 20:46:48 - [TEST_STEP][PASSED] - Statement - PreSaveFile = new java.io.File(((pathPrefix + java.lang.Integer.toString(counter)) + .png)): null

2018-12-12 20:46:48 - [TEST_STEP][PASSED] - Statement - counter = counter + 1: null

2018-12-12 20:46:48 - [TEST_STEP][PASSED] - Statement - PreSaveFile = new java.io.File(((pathPrefix + java.lang.Integer.toString(counter)) + .png)): null

2018-12-12 20:46:48 - [TEST_STEP][PASSED] - Statement - counter = counter + 1: null

2018-12-12 20:46:48 - [TEST_STEP][PASSED] - Statement - PreSaveFile = new java.io.File(((pathPrefix + java.lang.Integer.toString(counter)) + .png)): null

2018-12-12 20:46:48 - [TEST_STEP][PASSED] - Statement - counter = counter + 1: null

2018-12-12 20:46:48 - [TEST_STEP][PASSED] - Statement - PreSaveFile = new java.io.File(((pathPrefix + java.lang.Integer.toString(counter)) + .png)): null

2018-12-12 20:46:48 - [TEST_STEP][PASSED] - Statement - counter = counter + 1: null

2018-12-12 20:46:48 - [TEST_STEP][PASSED] - Statement - PreSaveFile = new java.io.File(((pathPrefix + java.lang.Integer.toString(counter)) + .png)): null

2018-12-12 20:46:48 - [TEST_STEP][PASSED] - Statement - counter = counter + 1: null

2018-12-12 20:46:48 - [TEST_STEP][PASSED] - Statement - PreSaveFile = new java.io.File(((pathPrefix + java.lang.Integer.toString(counter)) + .png)): null

2018-12-12 20:46:48 - [TEST_STEP][PASSED] - Statement - counter = counter + 1: null

2018-12-12 20:46:48 - [TEST_STEP][PASSED] - Statement - PreSaveFile = new java.io.File(((pathPrefix + java.lang.Integer.toString(counter)) + .png)): null

2018-12-12 20:46:48 - [TEST_STEP][PASSED] - Statement - counter = counter + 1: null

2018-12-12 20:46:48 - [TEST_STEP][PASSED] - Statement - PreSaveFile = new java.io.File(((pathPrefix + java.lang.Integer.toString(counter)) + .png)): null

2018-12-12 20:46:48 - [TEST_STEP][PASSED] - Statement - counter = counter + 1: null

2018-12-12 20:46:48 - [TEST_STEP][PASSED] - Statement - PreSaveFile = new java.io.File(((pathPrefix + java.lang.Integer.toString(counter)) + .png)): null

2018-12-12 20:46:48 - [TEST_STEP][PASSED] - Statement - counter = counter + 1: null

2018-12-12 20:46:48 - [TEST_STEP][PASSED] - Statement - PreSaveFile = new java.io.File(((pathPrefix + java.lang.Integer.toString(counter)) + .png)): null

2018-12-12 20:46:48 - [TEST_STEP][PASSED] - Statement - counter = counter + 1: null

2018-12-12 20:46:48 - [TEST_STEP][PASSED] - Statement - PreSaveFile = new java.io.File(((pathPrefix + java.lang.Integer.toString(counter)) + .png)): null

2018-12-12 20:46:48 - [TEST_STEP][PASSED] - Statement - counter = counter + 1: null

2018-12-12 20:46:48 - [TEST_STEP][PASSED] - Statement - PreSaveFile = new java.io.File(((pathPrefix + java.lang.Integer.toString(counter)) + .png)): null

2018-12-12 20:46:48 - [TEST_STEP][PASSED] - Statement - counter = counter + 1: null

2018-12-12 20:46:48 - [TEST_STEP][PASSED] - Statement - PreSaveFile = new java.io.File(((pathPrefix + java.lang.Integer.toString(counter)) + .png)): null

2018-12-12 20:46:48 - [TEST_STEP][PASSED] - Statement - counter = counter + 1: null

2018-12-12 20:46:48 - [TEST_STEP][PASSED] - Statement - PreSaveFile = new java.io.File(((pathPrefix + java.lang.Integer.toString(counter)) + .png)): null

2018-12-12 20:46:48 - [TEST_STEP][PASSED] - Statement - counter = counter + 1: null

2018-12-12 20:46:48 - [TEST_STEP][PASSED] - Statement - PreSaveFile = new java.io.File(((pathPrefix + java.lang.Integer.toString(counter)) + .png)): null

2018-12-12 20:46:48 - [TEST_STEP][PASSED] - Statement - counter = counter + 1: null

2018-12-12 20:46:48 - [TEST_STEP][PASSED] - Statement - PreSaveFile = new java.io.File(((pathPrefix + java.lang.Integer.toString(counter)) + .png)): null

2018-12-12 20:46:48 - [TEST_STEP][PASSED] - Statement - counter = counter + 1: null

2018-12-12 20:46:48 - [TEST_STEP][PASSED] - Statement - PreSaveFile = new java.io.File(((pathPrefix + java.lang.Integer.toString(counter)) + .png)): null

2018-12-12 20:46:48 - [TEST_STEP][PASSED] - Statement - counter = counter + 1: null

2018-12-12 20:46:48 - [TEST_STEP][PASSED] - Statement - PreSaveFile = new java.io.File(((pathPrefix + java.lang.Integer.toString(counter)) + .png)): null

2018-12-12 20:46:48 - [TEST_STEP][PASSED] - Statement - counter = counter + 1: null

2018-12-12 20:46:48 - [TEST_STEP][PASSED] - Statement - PreSaveFile = new java.io.File(((pathPrefix + java.lang.Integer.toString(counter)) + .png)): null

2018-12-12 20:46:48 - [TEST_STEP][PASSED] - Statement - counter = counter + 1: null

2018-12-12 20:46:48 - [TEST_STEP][PASSED] - Statement - PreSaveFile = new java.io.File(((pathPrefix + java.lang.Integer.toString(counter)) + .png)): null

2018-12-12 20:46:48 - [TEST_STEP][PASSED] - Statement - counter = counter + 1: null

2018-12-12 20:46:48 - [TEST_STEP][PASSED] - Statement - PreSaveFile = new java.io.File(((pathPrefix + java.lang.Integer.toString(counter)) + .png)): null

2018-12-12 20:46:48 - [TEST_STEP][PASSED] - Statement - counter = counter + 1: null

2018-12-12 20:46:48 - [TEST_STEP][PASSED] - Statement - PreSaveFile = new java.io.File(((pathPrefix + java.lang.Integer.toString(counter)) + .png)): null

2018-12-12 20:46:48 - [TEST_STEP][PASSED] - Statement - counter = counter + 1: null

2018-12-12 20:46:48 - [TEST_STEP][PASSED] - Statement - PreSaveFile = new java.io.File(((pathPrefix + java.lang.Integer.toString(counter)) + .png)): null

2018-12-12 20:46:48 - [TEST_STEP][PASSED] - Statement - counter = counter + 1: null

2018-12-12 20:46:48 - [TEST_STEP][PASSED] - Statement - PreSaveFile = new java.io.File(((pathPrefix + java.lang.Integer.toString(counter)) + .png)): null

2018-12-12 20:46:48 - [TEST_STEP][PASSED] - Statement - counter = counter + 1: null

2018-12-12 20:46:48 - [TEST_STEP][PASSED] - Statement - PreSaveFile = new java.io.File(((pathPrefix + java.lang.Integer.toString(counter)) + .png)): null

2018-12-12 20:46:48 - [TEST_STEP][PASSED] - Statement - counter = counter + 1: null

2018-12-12 20:46:48 - [TEST_STEP][PASSED] - Statement - PreSaveFile = new java.io.File(((pathPrefix + java.lang.Integer.toString(counter)) + .png)): null

2018-12-12 20:46:48 - [TEST_STEP][PASSED] - Statement - counter = counter + 1: null

2018-12-12 20:46:48 - [TEST_STEP][PASSED] - Statement - PreSaveFile = new java.io.File(((pathPrefix + java.lang.Integer.toString(counter)) + .png)): null

2018-12-12 20:46:48 - [TEST_STEP][PASSED] - Statement - counter = counter + 1: null

2018-12-12 20:46:48 - [TEST_STEP][PASSED] - Statement - PreSaveFile = new java.io.File(((pathPrefix + java.lang.Integer.toString(counter)) + .png)): null

2018-12-12 20:46:48 - [TEST_STEP][PASSED] - Statement - counter = counter + 1: null

2018-12-12 20:46:48 - [TEST_STEP][PASSED] - Statement - PreSaveFile = new java.io.File(((pathPrefix + java.lang.Integer.toString(counter)) + .png)): null

2018-12-12 20:46:48 - [TEST_STEP][PASSED] - Statement - counter = counter + 1: null

2018-12-12 20:46:48 - [TEST_STEP][PASSED] - Statement - PreSaveFile = new java.io.File(((pathPrefix + java.lang.Integer.toString(counter)) + .png)): null

2018-12-12 20:46:48 - [TEST_STEP][PASSED] - Statement - counter = counter + 1: null

2018-12-12 20:46:48 - [TEST_STEP][PASSED] - Statement - PreSaveFile = new java.io.File(((pathPrefix + java.lang.Integer.toString(counter)) + .png)): null

2018-12-12 20:46:48 - [TEST_STEP][PASSED] - Statement - counter = counter + 1: null

2018-12-12 20:46:48 - [TEST_STEP][PASSED] - Statement - PreSaveFile = new java.io.File(((pathPrefix + java.lang.Integer.toString(counter)) + .png)): null

2018-12-12 20:46:48 - [TEST_STEP][PASSED] - Statement - counter = counter + 1: null

2018-12-12 20:46:48 - [TEST_STEP][PASSED] - Statement - PreSaveFile = new java.io.File(((pathPrefix + java.lang.Integer.toString(counter)) + .png)): null

2018-12-12 20:46:48 - [TEST_STEP][PASSED] - Statement - counter = counter + 1: null

2018-12-12 20:46:48 - [TEST_STEP][PASSED] - Statement - PreSaveFile = new java.io.File(((pathPrefix + java.lang.Integer.toString(counter)) + .png)): null

2018-12-12 20:46:48 - [TEST_STEP][PASSED] - Statement - counter = counter + 1: null

2018-12-12 20:46:48 - [TEST_STEP][PASSED] - Statement - PreSaveFile = new java.io.File(((pathPrefix + java.lang.Integer.toString(counter)) + .png)): null

2018-12-12 20:46:48 - [TEST_STEP][PASSED] - Statement - counter = counter + 1: null

2018-12-12 20:46:48 - [TEST_STEP][PASSED] - Statement - PreSaveFile = new java.io.File(((pathPrefix + java.lang.Integer.toString(counter)) + .png)): null

2018-12-12 20:46:48 - [TEST_STEP][PASSED] - Statement - counter = counter + 1: null

2018-12-12 20:46:48 - [TEST_STEP][PASSED] - Statement - PreSaveFile = new java.io.File(((pathPrefix + java.lang.Integer.toString(counter)) + .png)): null

2018-12-12 20:46:48 - [TEST_STEP][PASSED] - Statement - counter = counter + 1: null

2018-12-12 20:46:48 - [TEST_STEP][PASSED] - Statement - PreSaveFile = new java.io.File(((pathPrefix + java.lang.Integer.toString(counter)) + .png)): null

2018-12-12 20:46:48 - [TEST_STEP][PASSED] - Statement - counter = counter + 1: null

2018-12-12 20:46:48 - [TEST_STEP][PASSED] - Statement - PreSaveFile = new java.io.File(((pathPrefix + java.lang.Integer.toString(counter)) + .png)): null

2018-12-12 20:46:48 - [TEST_STEP][PASSED] - Statement - counter = counter + 1: null

2018-12-12 20:46:48 - [TEST_STEP][PASSED] - Statement - PreSaveFile = new java.io.File(((pathPrefix + java.lang.Integer.toString(counter)) + .png)): null

2018-12-12 20:46:48 - [TEST_STEP][PASSED] - Statement - counter = counter + 1: null

2018-12-12 20:46:48 - [TEST_STEP][PASSED] - Statement - PreSaveFile = new java.io.File(((pathPrefix + java.lang.Integer.toString(counter)) + .png)): null

2018-12-12 20:46:48 - [TEST_STEP][PASSED] - Statement - counter = counter + 1: null

2018-12-12 20:46:48 - [TEST_STEP][PASSED] - Statement - PreSaveFile = new java.io.File(((pathPrefix + java.lang.Integer.toString(counter)) + .png)): null

2018-12-12 20:46:48 - [TEST_STEP][PASSED] - Statement - counter = counter + 1: null

2018-12-12 20:46:48 - [TEST_STEP][PASSED] - Statement - PreSaveFile = new java.io.File(((pathPrefix + java.lang.Integer.toString(counter)) + .png)): null

2018-12-12 20:46:48 - [TEST_STEP][PASSED] - Statement - counter = counter + 1: null

2018-12-12 20:46:48 - [TEST_STEP][PASSED] - Statement - PreSaveFile = new java.io.File(((pathPrefix + java.lang.Integer.toString(counter)) + .png)): null

2018-12-12 20:46:48 - [TEST_STEP][PASSED] - Statement - counter = counter + 1: null

2018-12-12 20:46:48 - [TEST_STEP][PASSED] - Statement - PreSaveFile = new java.io.File(((pathPrefix + java.lang.Integer.toString(counter)) + .png)): null

2018-12-12 20:46:48 - [TEST_STEP][PASSED] - Statement - counter = counter + 1: null

2018-12-12 20:46:48 - [TEST_STEP][PASSED] - Statement - PreSaveFile = new java.io.File(((pathPrefix + java.lang.Integer.toString(counter)) + .png)): null

2018-12-12 20:46:48 - [TEST_STEP][PASSED] - Statement - counter = counter + 1: null

2018-12-12 20:46:48 - [TEST_STEP][PASSED] - Statement - PreSaveFile = new java.io.File(((pathPrefix + java.lang.Integer.toString(counter)) + .png)): null

2018-12-12 20:46:48 - [TEST_STEP][PASSED] - Statement - counter = counter + 1: null

2018-12-12 20:46:48 - [TEST_STEP][PASSED] - Statement - PreSaveFile = new java.io.File(((pathPrefix + java.lang.Integer.toString(counter)) + .png)): null

2018-12-12 20:46:48 - [TEST_STEP][PASSED] - Statement - counter = counter + 1: null

2018-12-12 20:46:48 - [TEST_STEP][PASSED] - Statement - PreSaveFile = new java.io.File(((pathPrefix + java.lang.Integer.toString(counter)) + .png)): null

2018-12-12 20:46:48 - [TEST_STEP][PASSED] - Statement - counter = counter + 1: null

2018-12-12 20:46:48 - [TEST_STEP][PASSED] - Statement - PreSaveFile = new java.io.File(((pathPrefix + java.lang.Integer.toString(counter)) + .png)): null

2018-12-12 20:46:48 - [TEST_STEP][PASSED] - Statement - counter = counter + 1: null

2018-12-12 20:46:48 - [TEST_STEP][PASSED] - Statement - PreSaveFile = new java.io.File(((pathPrefix + java.lang.Integer.toString(counter)) + .png)): null

2018-12-12 20:46:48 - [TEST_STEP][PASSED] - Statement - counter = counter + 1: null

2018-12-12 20:46:48 - [TEST_STEP][PASSED] - Statement - PreSaveFile = new java.io.File(((pathPrefix + java.lang.Integer.toString(counter)) + .png)): null

2018-12-12 20:46:48 - [TEST_STEP][PASSED] - Statement - counter = counter + 1: null

2018-12-12 20:46:48 - [TEST_STEP][PASSED] - Statement - PreSaveFile = new java.io.File(((pathPrefix + java.lang.Integer.toString(counter)) + .png)): null

2018-12-12 20:46:48 - [TEST_STEP][PASSED] - Statement - counter = counter + 1: null

2018-12-12 20:46:48 - [TEST_STEP][PASSED] - Statement - PreSaveFile = new java.io.File(((pathPrefix + java.lang.Integer.toString(counter)) + .png)): null

2018-12-12 20:46:48 - [TEST_STEP][PASSED] - Statement - counter = counter + 1: null

2018-12-12 20:46:48 - [TEST_STEP][PASSED] - Statement - PreSaveFile = new java.io.File(((pathPrefix + java.lang.Integer.toString(counter)) + .png)): null

2018-12-12 20:46:48 - [TEST_STEP][PASSED] - Statement - counter = counter + 1: null

2018-12-12 20:46:48 - [TEST_STEP][PASSED] - Statement - PreSaveFile = new java.io.File(((pathPrefix + java.lang.Integer.toString(counter)) + .png)): null

2018-12-12 20:46:48 - [TEST_STEP][PASSED] - Statement - counter = counter + 1: null

2018-12-12 20:46:48 - [TEST_STEP][PASSED] - Statement - PreSaveFile = new java.io.File(((pathPrefix + java.lang.Integer.toString(counter)) + .png)): null

2018-12-12 20:46:48 - [TEST_STEP][PASSED] - Statement - counter = counter + 1: null

2018-12-12 20:46:48 - [TEST_STEP][PASSED] - Statement - PreSaveFile = new java.io.File(((pathPrefix + java.lang.Integer.toString(counter)) + .png)): null

2018-12-12 20:46:48 - [TEST_STEP][PASSED] - Statement - counter = counter + 1: null

2018-12-12 20:46:48 - [TEST_STEP][PASSED] - Statement - PreSaveFile = new java.io.File(((pathPrefix + java.lang.Integer.toString(counter)) + .png)): null

2018-12-12 20:46:48 - [TEST_STEP][PASSED] - Statement - counter = counter + 1: null

2018-12-12 20:46:48 - [TEST_STEP][PASSED] - Statement - PreSaveFile = new java.io.File(((pathPrefix + java.lang.Integer.toString(counter)) + .png)): null

2018-12-12 20:46:49 - [TEST_STEP][PASSED] - Statement - counter = counter + 1: null

2018-12-12 20:46:49 - [TEST_STEP][PASSED] - Statement - PreSaveFile = new java.io.File(((pathPrefix + java.lang.Integer.toString(counter)) + .png)): null

2018-12-12 20:46:49 - [TEST_STEP][PASSED] - Statement - counter = counter + 1: null

2018-12-12 20:46:49 - [TEST_STEP][PASSED] - Statement - PreSaveFile = new java.io.File(((pathPrefix + java.lang.Integer.toString(counter)) + .png)): null

2018-12-12 20:46:49 - [TEST_STEP][PASSED] - Statement - counter = counter + 1: null

2018-12-12 20:46:49 - [TEST_STEP][PASSED] - Statement - PreSaveFile = new java.io.File(((pathPrefix + java.lang.Integer.toString(counter)) + .png)): null

2018-12-12 20:46:49 - [TEST_STEP][PASSED] - Statement - counter = counter + 1: null

2018-12-12 20:46:49 - [TEST_STEP][PASSED] - Statement - PreSaveFile = new java.io.File(((pathPrefix + java.lang.Integer.toString(counter)) + .png)): null

2018-12-12 20:46:49 - [TEST_STEP][PASSED] - Statement - counter = counter + 1: null

2018-12-12 20:46:49 - [TEST_STEP][PASSED] - Statement - PreSaveFile = new java.io.File(((pathPrefix + java.lang.Integer.toString(counter)) + .png)): null

2018-12-12 20:46:49 - [TEST_STEP][PASSED] - Statement - counter = counter + 1: null

2018-12-12 20:46:49 - [TEST_STEP][PASSED] - Statement - PreSaveFile = new java.io.File(((pathPrefix + java.lang.Integer.toString(counter)) + .png)): null

2018-12-12 20:46:49 - [TEST_STEP][PASSED] - Statement - counter = counter + 1: null

2018-12-12 20:46:49 - [TEST_STEP][PASSED] - Statement - PreSaveFile = new java.io.File(((pathPrefix + java.lang.Integer.toString(counter)) + .png)): null

2018-12-12 20:46:49 - [TEST_STEP][PASSED] - Statement - counter = counter + 1: null

2018-12-12 20:46:49 - [TEST_STEP][PASSED] - Statement - PreSaveFile = new java.io.File(((pathPrefix + java.lang.Integer.toString(counter)) + .png)): null

2018-12-12 20:46:49 - [TEST_STEP][PASSED] - Statement - counter = counter + 1: null

2018-12-12 20:46:49 - [TEST_STEP][PASSED] - Statement - PreSaveFile = new java.io.File(((pathPrefix + java.lang.Integer.toString(counter)) + .png)): null

2018-12-12 20:46:49 - [TEST_STEP][PASSED] - Statement - counter = counter + 1: null

2018-12-12 20:46:49 - [TEST_STEP][PASSED] - Statement - PreSaveFile = new java.io.File(((pathPrefix + java.lang.Integer.toString(counter)) + .png)): null

2018-12-12 20:46:49 - [TEST_STEP][PASSED] - Statement - counter = counter + 1: null

2018-12-12 20:46:49 - [TEST_STEP][PASSED] - Statement - PreSaveFile = new java.io.File(((pathPrefix + java.lang.Integer.toString(counter)) + .png)): null

2018-12-12 20:46:49 - [TEST_STEP][PASSED] - Statement - counter = counter + 1: null

2018-12-12 20:46:49 - [TEST_STEP][PASSED] - Statement - PreSaveFile = new java.io.File(((pathPrefix + java.lang.Integer.toString(counter)) + .png)): null

2018-12-12 20:46:49 - [TEST_STEP][PASSED] - Statement - counter = counter + 1: null

2018-12-12 20:46:49 - [TEST_STEP][PASSED] - Statement - PreSaveFile = new java.io.File(((pathPrefix + java.lang.Integer.toString(counter)) + .png)): null

2018-12-12 20:46:49 - [TEST_STEP][PASSED] - Statement - counter = counter + 1: null

2018-12-12 20:46:49 - [TEST_STEP][PASSED] - Statement - PreSaveFile = new java.io.File(((pathPrefix + java.lang.Integer.toString(counter)) + .png)): null

2018-12-12 20:46:49 - [TEST_STEP][PASSED] - Statement - counter = counter + 1: null

2018-12-12 20:46:49 - [TEST_STEP][PASSED] - Statement - PreSaveFile = new java.io.File(((pathPrefix + java.lang.Integer.toString(counter)) + .png)): null

2018-12-12 20:46:49 - [TEST_STEP][PASSED] - Statement - counter = counter + 1: null

2018-12-12 20:46:49 - [TEST_STEP][PASSED] - Statement - PreSaveFile = new java.io.File(((pathPrefix + java.lang.Integer.toString(counter)) + .png)): null

2018-12-12 20:46:49 - [TEST_STEP][PASSED] - Statement - counter = counter + 1: null

2018-12-12 20:46:49 - [TEST_STEP][PASSED] - Statement - PreSaveFile = new java.io.File(((pathPrefix + java.lang.Integer.toString(counter)) + .png)): null

2018-12-12 20:46:49 - [TEST_STEP][PASSED] - Statement - counter = counter + 1: null

2018-12-12 20:46:49 - [TEST_STEP][PASSED] - Statement - PreSaveFile = new java.io.File(((pathPrefix + java.lang.Integer.toString(counter)) + .png)): null

2018-12-12 20:46:49 - [TEST_STEP][PASSED] - Statement - counter = counter + 1: null

2018-12-12 20:46:49 - [TEST_STEP][PASSED] - Statement - PreSaveFile = new java.io.File(((pathPrefix + java.lang.Integer.toString(counter)) + .png)): null

2018-12-12 20:46:49 - [TEST_STEP][PASSED] - Statement - counter = counter + 1: null

2018-12-12 20:46:49 - [TEST_STEP][PASSED] - Statement - PreSaveFile = new java.io.File(((pathPrefix + java.lang.Integer.toString(counter)) + .png)): null

2018-12-12 20:46:49 - [TEST_STEP][PASSED] - Statement - counter = counter + 1: null

2018-12-12 20:46:49 - [TEST_STEP][PASSED] - Statement - PreSaveFile = new java.io.File(((pathPrefix + java.lang.Integer.toString(counter)) + .png)): null

2018-12-12 20:46:49 - [TEST_STEP][PASSED] - Statement - counter = counter + 1: null

2018-12-12 20:46:49 - [TEST_STEP][PASSED] - Statement - PreSaveFile = new java.io.File(((pathPrefix + java.lang.Integer.toString(counter)) + .png)): null

2018-12-12 20:46:49 - [TEST_STEP][PASSED] - Statement - counter = counter + 1: null

2018-12-12 20:46:49 - [TEST_STEP][PASSED] - Statement - PreSaveFile = new java.io.File(((pathPrefix + java.lang.Integer.toString(counter)) + .png)): null

2018-12-12 20:46:49 - [TEST_STEP][PASSED] - Statement - counter = counter + 1: null

2018-12-12 20:46:49 - [TEST_STEP][PASSED] - Statement - PreSaveFile = new java.io.File(((pathPrefix + java.lang.Integer.toString(counter)) + .png)): null

2018-12-12 20:46:49 - [TEST_STEP][PASSED] - Statement - counter = counter + 1: null

2018-12-12 20:46:49 - [TEST_STEP][PASSED] - Statement - PreSaveFile = new java.io.File(((pathPrefix + java.lang.Integer.toString(counter)) + .png)): null

2018-12-12 20:46:49 - [TEST_STEP][PASSED] - Statement - counter = counter + 1: null

2018-12-12 20:46:49 - [TEST_STEP][PASSED] - Statement - PreSaveFile = new java.io.File(((pathPrefix + java.lang.Integer.toString(counter)) + .png)): null

2018-12-12 20:46:49 - [TEST_STEP][PASSED] - Statement - counter = counter + 1: null

2018-12-12 20:46:49 - [TEST_STEP][PASSED] - Statement - PreSaveFile = new java.io.File(((pathPrefix + java.lang.Integer.toString(counter)) + .png)): null

2018-12-12 20:46:49 - [TEST_STEP][PASSED] - Statement - counter = counter + 1: null

2018-12-12 20:46:49 - [TEST_STEP][PASSED] - Statement - PreSaveFile = new java.io.File(((pathPrefix + java.lang.Integer.toString(counter)) + .png)): null

2018-12-12 20:46:49 - [TEST_STEP][PASSED] - Statement - counter = counter + 1: null

2018-12-12 20:46:49 - [TEST_STEP][PASSED] - Statement - PreSaveFile = new java.io.File(((pathPrefix + java.lang.Integer.toString(counter)) + .png)): null

2018-12-12 20:46:49 - [TEST_STEP][PASSED] - Statement - counter = counter + 1: null

2018-12-12 20:46:49 - [TEST_STEP][PASSED] - Statement - PreSaveFile = new java.io.File(((pathPrefix + java.lang.Integer.toString(counter)) + .png)): null

2018-12-12 20:46:49 - [TEST_STEP][PASSED] - Statement - counter = counter + 1: null

2018-12-12 20:46:49 - [TEST_STEP][PASSED] - Statement - PreSaveFile = new java.io.File(((pathPrefix + java.lang.Integer.toString(counter)) + .png)): null

2018-12-12 20:46:49 - [TEST_STEP][PASSED] - Statement - counter = counter + 1: null

2018-12-12 20:46:49 - [TEST_STEP][PASSED] - Statement - PreSaveFile = new java.io.File(((pathPrefix + java.lang.Integer.toString(counter)) + .png)): null

2018-12-12 20:46:49 - [TEST_STEP][PASSED] - Statement - counter = counter + 1: null

2018-12-12 20:46:49 - [TEST_STEP][PASSED] - Statement - PreSaveFile = new java.io.File(((pathPrefix + java.lang.Integer.toString(counter)) + .png)): null

2018-12-12 20:46:49 - [TEST_STEP][PASSED] - Statement - counter = counter + 1: null

2018-12-12 20:46:49 - [TEST_STEP][PASSED] - Statement - PreSaveFile = new java.io.File(((pathPrefix + java.lang.Integer.toString(counter)) + .png)): null

2018-12-12 20:46:49 - [TEST_STEP][PASSED] - Statement - counter = counter + 1: null

2018-12-12 20:46:49 - [TEST_STEP][PASSED] - Statement - PreSaveFile = new java.io.File(((pathPrefix + java.lang.Integer.toString(counter)) + .png)): null

2018-12-12 20:46:49 - [TEST_STEP][PASSED] - Statement - counter = counter + 1: null

2018-12-12 20:46:49 - [TEST_STEP][PASSED] - Statement - PreSaveFile = new java.io.File(((pathPrefix + java.lang.Integer.toString(counter)) + .png)): null

2018-12-12 20:46:49 - [TEST_STEP][PASSED] - Statement - counter = counter + 1: null

2018-12-12 20:46:49 - [TEST_STEP][PASSED] - Statement - PreSaveFile = new java.io.File(((pathPrefix + java.lang.Integer.toString(counter)) + .png)): null

2018-12-12 20:46:49 - [TEST_STEP][PASSED] - Statement - counter = counter + 1: null

2018-12-12 20:46:49 - [TEST_STEP][PASSED] - Statement - PreSaveFile = new java.io.File(((pathPrefix + java.lang.Integer.toString(counter)) + .png)): null

2018-12-12 20:46:49 - [TEST_STEP][PASSED] - Statement - counter = counter + 1: null

2018-12-12 20:46:49 - [TEST_STEP][PASSED] - Statement - PreSaveFile = new java.io.File(((pathPrefix + java.lang.Integer.toString(counter)) + .png)): null

2018-12-12 20:46:49 - [TEST_STEP][PASSED] - Statement - counter = counter + 1: null

2018-12-12 20:46:49 - [TEST_STEP][PASSED] - Statement - PreSaveFile = new java.io.File(((pathPrefix + java.lang.Integer.toString(counter)) + .png)): null

2018-12-12 20:46:49 - [TEST_STEP][PASSED] - Statement - counter = counter + 1: null

2018-12-12 20:46:49 - [TEST_STEP][PASSED] - Statement - PreSaveFile = new java.io.File(((pathPrefix + java.lang.Integer.toString(counter)) + .png)): null

2018-12-12 20:46:49 - [TEST_STEP][PASSED] - Statement - counter = counter + 1: null

2018-12-12 20:46:49 - [TEST_STEP][PASSED] - Statement - PreSaveFile = new java.io.File(((pathPrefix + java.lang.Integer.toString(counter)) + .png)): null

2018-12-12 20:46:49 - [TEST_STEP][PASSED] - Statement - counter = counter + 1: null

2018-12-12 20:46:49 - [TEST_STEP][PASSED] - Statement - PreSaveFile = new java.io.File(((pathPrefix + java.lang.Integer.toString(counter)) + .png)): null

2018-12-12 20:46:49 - [TEST_STEP][PASSED] - Statement - counter = counter + 1: null

2018-12-12 20:46:49 - [TEST_STEP][PASSED] - Statement - PreSaveFile = new java.io.File(((pathPrefix + java.lang.Integer.toString(counter)) + .png)): null

2018-12-12 20:46:49 - [TEST_STEP][PASSED] - Statement - counter = counter + 1: null

2018-12-12 20:46:49 - [TEST_STEP][PASSED] - Statement - PreSaveFile = new java.io.File(((pathPrefix + java.lang.Integer.toString(counter)) + .png)): null

2018-12-12 20:46:49 - [TEST_STEP][PASSED] - Statement - counter = counter + 1: null

2018-12-12 20:46:49 - [TEST_STEP][PASSED] - Statement - PreSaveFile = new java.io.File(((pathPrefix + java.lang.Integer.toString(counter)) + .png)): null

2018-12-12 20:46:49 - [TEST_STEP][PASSED] - Statement - counter = counter + 1: null

2018-12-12 20:46:49 - [TEST_STEP][PASSED] - Statement - PreSaveFile = new java.io.File(((pathPrefix + java.lang.Integer.toString(counter)) + .png)): null

2018-12-12 20:46:49 - [TEST_STEP][PASSED] - Statement - counter = counter + 1: null

2018-12-12 20:46:49 - [TEST_STEP][PASSED] - Statement - PreSaveFile = new java.io.File(((pathPrefix + java.lang.Integer.toString(counter)) + .png)): null

2018-12-12 20:46:49 - [TEST_STEP][PASSED] - Statement - counter = counter + 1: null

2018-12-12 20:46:49 - [TEST_STEP][PASSED] - Statement - PreSaveFile = new java.io.File(((pathPrefix + java.lang.Integer.toString(counter)) + .png)): null

2018-12-12 20:46:49 - [TEST_STEP][PASSED] - Statement - counter = counter + 1: null

2018-12-12 20:46:49 - [TEST_STEP][PASSED] - Statement - PreSaveFile = new java.io.File(((pathPrefix + java.lang.Integer.toString(counter)) + .png)): null

2018-12-12 20:46:49 - [TEST_STEP][PASSED] - Statement - counter = counter + 1: null

2018-12-12 20:46:49 - [TEST_STEP][PASSED] - Statement - PreSaveFile = new java.io.File(((pathPrefix + java.lang.Integer.toString(counter)) + .png)): null

2018-12-12 20:46:49 - [TEST_STEP][PASSED] - Statement - counter = counter + 1: null

2018-12-12 20:46:49 - [TEST_STEP][PASSED] - Statement - PreSaveFile = new java.io.File(((pathPrefix + java.lang.Integer.toString(counter)) + .png)): null

2018-12-12 20:46:49 - [TEST_STEP][PASSED] - Statement - counter = counter + 1: null

2018-12-12 20:46:49 - [TEST_STEP][PASSED] - Statement - PreSaveFile = new java.io.File(((pathPrefix + java.lang.Integer.toString(counter)) + .png)): null

2018-12-12 20:46:49 - [TEST_STEP][PASSED] - Statement - counter = counter + 1: null

2018-12-12 20:46:49 - [TEST_STEP][PASSED] - Statement - PreSaveFile = new java.io.File(((pathPrefix + java.lang.Integer.toString(counter)) + .png)): null

2018-12-12 20:46:49 - [TEST_STEP][PASSED] - Statement - counter = counter + 1: null

2018-12-12 20:46:49 - [TEST_STEP][PASSED] - Statement - PreSaveFile = new java.io.File(((pathPrefix + java.lang.Integer.toString(counter)) + .png)): null

2018-12-12 20:46:49 - [TEST_STEP][PASSED] - Statement - counter = counter + 1: null

2018-12-12 20:46:49 - [TEST_STEP][PASSED] - Statement - PreSaveFile = new java.io.File(((pathPrefix + java.lang.Integer.toString(counter)) + .png)): null

2018-12-12 20:46:49 - [TEST_STEP][PASSED] - Statement - counter = counter + 1: null

2018-12-12 20:46:49 - [TEST_STEP][PASSED] - Statement - PreSaveFile = new java.io.File(((pathPrefix + java.lang.Integer.toString(counter)) + .png)): null

2018-12-12 20:46:49 - [TEST_STEP][PASSED] - Statement - counter = counter + 1: null

2018-12-12 20:46:49 - [TEST_STEP][PASSED] - Statement - PreSaveFile = new java.io.File(((pathPrefix + java.lang.Integer.toString(counter)) + .png)): null

2018-12-12 20:46:49 - [TEST_STEP][PASSED] - Statement - counter = counter + 1: null

2018-12-12 20:46:49 - [TEST_STEP][PASSED] - Statement - PreSaveFile = new java.io.File(((pathPrefix + java.lang.Integer.toString(counter)) + .png)): null

2018-12-12 20:46:49 - [TEST_STEP][PASSED] - Statement - counter = counter + 1: null

2018-12-12 20:46:49 - [TEST_STEP][PASSED] - Statement - PreSaveFile = new java.io.File(((pathPrefix + java.lang.Integer.toString(counter)) + .png)): null

2018-12-12 20:46:49 - [TEST_STEP][PASSED] - Statement - counter = counter + 1: null

2018-12-12 20:46:49 - [TEST_STEP][PASSED] - Statement - PreSaveFile = new java.io.File(((pathPrefix + java.lang.Integer.toString(counter)) + .png)): null

2018-12-12 20:46:49 - [TEST_STEP][PASSED] - Statement - counter = counter + 1: null

2018-12-12 20:46:49 - [TEST_STEP][PASSED] - Statement - PreSaveFile = new java.io.File(((pathPrefix + java.lang.Integer.toString(counter)) + .png)): null

2018-12-12 20:46:49 - [TEST_STEP][PASSED] - Statement - counter = counter + 1: null

2018-12-12 20:46:49 - [TEST_STEP][PASSED] - Statement - PreSaveFile = new java.io.File(((pathPrefix + java.lang.Integer.toString(counter)) + .png)): null

2018-12-12 20:46:49 - [TEST_STEP][PASSED] - Statement - counter = counter + 1: null

2018-12-12 20:46:49 - [TEST_STEP][PASSED] - Statement - PreSaveFile = new java.io.File(((pathPrefix + java.lang.Integer.toString(counter)) + .png)): null

2018-12-12 20:46:49 - [TEST_STEP][PASSED] - Statement - counter = counter + 1: null

2018-12-12 20:46:49 - [TEST_STEP][PASSED] - Statement - PreSaveFile = new java.io.File(((pathPrefix + java.lang.Integer.toString(counter)) + .png)): null

2018-12-12 20:46:49 - [TEST_STEP][PASSED] - Statement - finalPath = pathPrefix + java.lang.Integer.toString(counter) + ".png": null

2018-12-12 20:46:49 - [TEST_STEP][PASSED] - Statement - SaveFile = new java.io.File(finalPath): null

2018-12-12 20:46:49 - [TEST_STEP][PASSED] - Statement - Try: null

2018-12-12 20:46:49 - [TEST_STEP][PASSED] - Statement - org.apache.commons.io.FileUtils.copyFile(scrFile, SaveFile): null

2018-12-12 20:46:49 - [TEST_STEP][PASSED] - Statement - out.println("file kept"): null

2018-12-12 20:46:49 - [TEST_STEP][PASSED] - delay: Delayed 10 second(s)

2018-12-12 20:46:59 - [MESSAGE][PASSED] - Delayed 10 second(s)

2018-12-12 20:46:59 - [MESSAGE][PASSED] - Call Test Case 'Test Cases/Final Aug 2018 - PKS Automation/Common/Screenshoting tool' successfully

2018-12-12 20:46:59 - [TEST_STEP][PASSED] - callTestCase: Call Test Case 'Test Cases/Final Aug 2018 - PKS Automation/Registration Module/Log Out/log out avoiding katalon tagging' successfully

2018-12-12 20:46:59 - [TEST_CASE][PASSED] - Test Cases/Final Aug 2018 - PKS Automation/Registration Module/Log Out/log out avoiding katalon tagging: Test Cases/Final Aug 2018 - PKS Automation/Registration Module/Log Out/log out avoiding katalon tagging

2018-12-12 20:46:59 - [TEST_STEP][PASSED] - navigateToUrl: Navigate to 'https://assist2-uat.perkeso.gov.my/c/portal/logout' successfully

2018-12-12 20:47:00 - [MESSAGE][PASSED] - Navigate to 'https://assist2-uat.perkeso.gov.my/c/portal/logout' successfully

2018-12-12 20:47:00 - [MESSAGE][PASSED] - Call Test Case 'Test Cases/Final Aug 2018 - PKS Automation/Registration Module/Log Out/log out avoiding katalon tagging' successfully

2018-12-12 20:47:00 - [TEST_STEP][PASSED] - delay: Delayed 2 second(s)

2018-12-12 20:47:02 - [MESSAGE][PASSED] - Delayed 2 second(s)

2018-12-12 20:47:02 - [TEST_STEP][PASSED] - setText: Text 'johorro3@gmail.com' is set on object 'Object Repository/Final Object Repo/New Registration - Registration Module Pages/New Reg - OTC to RO/Special Case - All Related Objects/Email TextBox'

2018-12-12 20:47:02 - [MESSAGE][PASSED] - Text 'johorro3@gmail.com' is set on object 'Object Repository/Final Object Repo/New Registration - Registration Module Pages/New Reg - OTC to RO/Special Case - All Related Objects/Email TextBox'

2018-12-12 20:47:02 - [TEST_STEP][PASSED] - click: Object: 'Object Repository/Final Object Repo/New Registration - Registration Module Pages/New Reg - OTC to RO/Special Case - All Related Objects/Next Button' is clicked on

2018-12-12 20:47:02 - [MESSAGE][PASSED] - Object: 'Object Repository/Final Object Repo/New Registration - Registration Module Pages/New Reg - OTC to RO/Special Case - All Related Objects/Next Button' is clicked on

2018-12-12 20:47:02 - [TEST_STEP][PASSED] - delay: Delayed 2 second(s)

2018-12-12 20:47:04 - [MESSAGE][PASSED] - Delayed 2 second(s)

2018-12-12 20:47:04 - [TEST_STEP][PASSED] - setText: Text 'Test1@3456789' is set on object 'Object Repository/Final Object Repo/New Registration - Registration Module Pages/New Reg - OTC to RO/Special Case - All Related Objects/Password TextBox'

2018-12-12 20:47:04 - [MESSAGE][PASSED] - Text 'Test1@3456789' is set on object 'Object Repository/Final Object Repo/New Registration - Registration Module Pages/New Reg - OTC to RO/Special Case - All Related Objects/Password TextBox'

2018-12-12 20:47:04 - [TEST_STEP][PASSED] - delay: Delayed 2 second(s)

2018-12-12 20:47:06 - [MESSAGE][PASSED] - Delayed 2 second(s)

2018-12-12 20:47:06 - [TEST_STEP][PASSED] - click: Object: 'Object Repository/Final Object Repo/New Registration - Registration Module Pages/New Reg - OTC to RO/Special Case - All Related Objects/Login Button' is clicked on

2018-12-12 20:47:07 - [MESSAGE][PASSED] - Object: 'Object Repository/Final Object Repo/New Registration - Registration Module Pages/New Reg - OTC to RO/Special Case - All Related Objects/Login Button' is clicked on

2018-12-12 20:47:07 - [TEST_STEP][PASSED] - delay: Delayed 2 second(s)

2018-12-12 20:47:09 - [MESSAGE][PASSED] - Delayed 2 second(s)

2018-12-12 20:47:09 - [TEST_STEP][PASSED] - Statement - Try: null

2018-12-12 20:47:09 - [TEST_STEP][PASSED] - Statement - Checker = com.kms.katalon.core.webui.keyword.WebUiBuiltInKeywords.verifyElementNotPresent("Final Object Repo/Landing Page/Select to English", 3): null

2018-12-12 20:47:09 - [TEST_STEP][PASSED] - Statement - Catch (Exception e): null

2018-12-12 20:47:09 - [TEST_STEP][PASSED] - Statement - e.printStackTrace(): null

2018-12-12 20:47:09 - [TEST_STEP][PASSED] - click: Object: 'Object Repository/Final Object Repo/New Registration - Registration Module Pages/New Reg - OTC to RO/Special Case - All Related Objects/Expand to Search' is clicked on

2018-12-12 20:47:09 - [MESSAGE][PASSED] - Object: 'Object Repository/Final Object Repo/New Registration - Registration Module Pages/New Reg - OTC to RO/Special Case - All Related Objects/Expand to Search' is clicked on

2018-12-12 20:47:09 - [TEST_STEP][PASSED] - delay: Delayed 2 second(s)

2018-12-12 20:47:11 - [MESSAGE][PASSED] - Delayed 2 second(s)

2018-12-12 20:47:11 - [TEST_STEP][PASSED] - setText: Text 'CRN12201800123237' is set on object 'Object Repository/Final Object Repo/New Registration - Registration Module Pages/New Reg - OTC to RO/Special Case - All Related Objects/TextBox RefNo in Workbasket'

2018-12-12 20:47:11 - [MESSAGE][PASSED] - Text 'CRN12201800123237' is set on object 'Object Repository/Final Object Repo/New Registration - Registration Module Pages/New Reg - OTC to RO/Special Case - All Related Objects/TextBox RefNo in Workbasket'

2018-12-12 20:47:11 - [TEST_STEP][PASSED] - delay: Delayed 2 second(s)

2018-12-12 20:47:13 - [MESSAGE][PASSED] - Delayed 2 second(s)

2018-12-12 20:47:13 - [TEST_STEP][PASSED] - click: Object: 'Object Repository/Final Object Repo/New Registration - Registration Module Pages/New Reg - OTC to RO/Special Case - All Related Objects/Click Search' is clicked on

2018-12-12 20:47:13 - [MESSAGE][PASSED] - Object: 'Object Repository/Final Object Repo/New Registration - Registration Module Pages/New Reg - OTC to RO/Special Case - All Related Objects/Click Search' is clicked on

2018-12-12 20:47:13 - [TEST_STEP][PASSED] - delay: Delayed 2 second(s)

2018-12-12 20:47:15 - [MESSAGE][PASSED] - Delayed 2 second(s)

2018-12-12 20:47:15 - [TEST_STEP][PASSED] - click: Object: 'Object Repository/Final Object Repo/New Registration - Registration Module Pages/New Reg - OTC to RO/Special Case - All Related Objects/Click to Continue Workflow' is clicked on

2018-12-12 20:47:18 - [MESSAGE][PASSED] - Object: 'Object Repository/Final Object Repo/New Registration - Registration Module Pages/New Reg - OTC to RO/Special Case - All Related Objects/Click to Continue Workflow' is clicked on

2018-12-12 20:47:18 - [TEST_STEP][PASSED] - delay: Delayed 4 second(s)

2018-12-12 20:47:22 - [MESSAGE][PASSED] - Delayed 4 second(s)

2018-12-12 20:47:22 - [TEST_STEP][PASSED] - click: Object: 'Object Repository/Final Object Repo/New Registration - Registration Module Pages/New Reg - OTC to RO/Special Case - All Related Objects/Continue Button in verifying case' is clicked on

2018-12-12 20:47:24 - [MESSAGE][PASSED] - Object: 'Object Repository/Final Object Repo/New Registration - Registration Module Pages/New Reg - OTC to RO/Special Case - All Related Objects/Continue Button in verifying case' is clicked on

2018-12-12 20:47:24 - [TEST_STEP][PASSED] - delay: Delayed 2 second(s)

2018-12-12 20:47:26 - [MESSAGE][PASSED] - Delayed 2 second(s)

2018-12-12 20:47:26 - [TEST_STEP][PASSED] - click: Object: 'Object Repository/Final Object Repo/New Registration - Registration Module Pages/Form 1/Registered As a Branch - Yes' is clicked on

2018-12-12 20:47:26 - [MESSAGE][PASSED] - Object: 'Object Repository/Final Object Repo/New Registration - Registration Module Pages/Form 1/Registered As a Branch - Yes' is clicked on

2018-12-12 20:47:26 - [TEST_STEP][PASSED] - delay: Delayed 2 second(s)

2018-12-12 20:47:28 - [MESSAGE][PASSED] - Delayed 2 second(s)

2018-12-12 20:47:28 - [TEST_STEP][PASSED] - click: Object: 'Object Repository/Final Object Repo/New Registration - Registration Module Pages/New Reg - OTC to RO/Special Case - All Related Objects/Form 1 Save n Continue' is clicked on

2018-12-12 20:47:29 - [MESSAGE][PASSED] - Object: 'Object Repository/Final Object Repo/New Registration - Registration Module Pages/New Reg - OTC to RO/Special Case - All Related Objects/Form 1 Save n Continue' is clicked on

2018-12-12 20:47:29 - [TEST_STEP][PASSED] - delay: Delayed 2 second(s)

2018-12-12 20:47:31 - [MESSAGE][PASSED] - Delayed 2 second(s)

2018-12-12 20:47:31 - [TEST_STEP][PASSED] - click: Object: 'Object Repository/Final Object Repo/New Registration - Registration Module Pages/New Reg - OTC to RO/Special Case - All Related Objects/Form 2 Save n Continue' is clicked on

2018-12-12 20:47:31 - [MESSAGE][PASSED] - Object: 'Object Repository/Final Object Repo/New Registration - Registration Module Pages/New Reg - OTC to RO/Special Case - All Related Objects/Form 2 Save n Continue' is clicked on

2018-12-12 20:47:31 - [TEST_STEP][PASSED] - delay: Delayed 2 second(s)

2018-12-12 20:47:33 - [MESSAGE][PASSED] - Delayed 2 second(s)

2018-12-12 20:47:33 - [TEST_STEP][PASSED] - click: Object: 'Object Repository/Final Object Repo/New Registration - Registration Module Pages/New Reg - OTC to RO/Special Case - All Related Objects/Third Screen Save n Continue' is clicked on

2018-12-12 20:47:38 - [MESSAGE][PASSED] - Object: 'Object Repository/Final Object Repo/New Registration - Registration Module Pages/New Reg - OTC to RO/Special Case - All Related Objects/Third Screen Save n Continue' is clicked on

2018-12-12 20:47:38 - [TEST_STEP][PASSED] - delay: Delayed 5 second(s)

2018-12-12 20:47:43 - [MESSAGE][PASSED] - Delayed 5 second(s)

2018-12-12 20:47:43 - [TEST_STEP][PASSED] - click: Object: 'Object Repository/Final Object Repo/New Registration - Registration Module Pages/New Reg - OTC to RO/Special Case - All Related Objects/Upload Doc Page Save n Continue' is clicked on

2018-12-12 20:47:43 - [MESSAGE][PASSED] - Object: 'Object Repository/Final Object Repo/New Registration - Registration Module Pages/New Reg - OTC to RO/Special Case - All Related Objects/Upload Doc Page Save n Continue' is clicked on

2018-12-12 20:47:43 - [TEST_STEP][PASSED] - delay: Delayed 5 second(s)

2018-12-12 20:47:48 - [MESSAGE][PASSED] - Delayed 5 second(s)

2018-12-12 20:47:48 - [TEST_STEP][PASSED] - callTestCase: Call Test Case 'Test Cases/Final Aug 2018 - PKS Automation/Registration Module/New Registration/Submit and Screenshot/Submit Registration and Screenshot' successfully

2018-12-12 20:47:48 - [TEST_CASE][PASSED] - Test Cases/Final Aug 2018 - PKS Automation/Registration Module/New Registration/Submit and Screenshot/Submit Registration and Screenshot: Test Cases/Final Aug 2018 - PKS Automation/Registration Module/New Registration/Submit and Screenshot/Submit Registration and Screenshot

2018-12-12 20:47:48 - [TEST_STEP][PASSED] - delay: Delayed 6 second(s)

2018-12-12 20:47:54 - [MESSAGE][PASSED] - Delayed 6 second(s)

2018-12-12 20:47:54 - [TEST_STEP][PASSED] - click: Object: 'Object Repository/Final Object Repo/New Registration - Registration Module Pages/Third Screen - Upload Supporting Doc- Preview/Preview Submit Button' is clicked on

2018-12-12 20:47:54 - [MESSAGE][PASSED] - Object: 'Object Repository/Final Object Repo/New Registration - Registration Module Pages/Third Screen - Upload Supporting Doc- Preview/Preview Submit Button' is clicked on

2018-12-12 20:47:54 - [TEST_STEP][PASSED] - delay: Delayed 2 second(s)

2018-12-12 20:47:56 - [MESSAGE][PASSED] - Delayed 2 second(s)

2018-12-12 20:47:56 - [TEST_STEP][PASSED] - click: Object: 'Object Repository/Final Object Repo/New Registration - Registration Module Pages/Third Screen - Upload Supporting Doc- Preview/Preview Submit - Confirm' is clicked on

2018-12-12 20:47:57 - [MESSAGE][PASSED] - Object: 'Object Repository/Final Object Repo/New Registration - Registration Module Pages/Third Screen - Upload Supporting Doc- Preview/Preview Submit - Confirm' is clicked on

2018-12-12 20:47:57 - [TEST_STEP][PASSED] - delay: Delayed 15 second(s)

2018-12-12 20:48:12 - [MESSAGE][PASSED] - Delayed 15 second(s)

2018-12-12 20:48:12 - [TEST_STEP][PASSED] - Statement - driver = com.kms.katalon.core.webui.driver.DriverFactory.getWebDriver(): null

2018-12-12 20:48:12 - [TEST_STEP][PASSED] - Statement - driver.manage().timeouts().implicitlyWait(10, SECONDS): null

2018-12-12 20:48:12 - [TEST_STEP][PASSED] - Statement - PresavePath = KatalonScreenshots: null

2018-12-12 20:48:12 - [TEST_STEP][PASSED] - Statement - pathPrefix = "C:\Users\Public\Pictures\Sample Pictures\Katalon Screenshots\Automate Ending Screen": null

2018-12-12 20:48:12 - [TEST_STEP][PASSED] - Statement - finalPath = <not implemented yet for class: org.codehaus.groovy.ast.expr.EmptyExpression>: null

2018-12-12 20:48:12 - [TEST_STEP][PASSED] - Statement - scrFile = driver.getScreenshotAs(FILE): null

2018-12-12 20:48:12 - [TEST_STEP][PASSED] - Statement - PreSaveFile = new java.io.File(PresavePath): null

2018-12-12 20:48:12 - [TEST_STEP][PASSED] - Statement - counter = 0: null

2018-12-12 20:48:12 - [TEST_STEP][PASSED] - Statement - If (PreSaveFile.exists()): null

2018-12-12 20:48:12 - [TEST_STEP][PASSED] - Statement - While (PreSaveFile.exists()): null

2018-12-12 20:48:12 - [TEST_STEP][PASSED] - Statement - counter = counter + 1: null

2018-12-12 20:48:12 - [TEST_STEP][PASSED] - Statement - PreSaveFile = new java.io.File(((pathPrefix + java.lang.Integer.toString(counter)) + .png)): null

2018-12-12 20:48:12 - [TEST_STEP][PASSED] - Statement - counter = counter + 1: null

2018-12-12 20:48:12 - [TEST_STEP][PASSED] - Statement - PreSaveFile = new java.io.File(((pathPrefix + java.lang.Integer.toString(counter)) + .png)): null

2018-12-12 20:48:12 - [TEST_STEP][PASSED] - Statement - counter = counter + 1: null

2018-12-12 20:48:12 - [TEST_STEP][PASSED] - Statement - PreSaveFile = new java.io.File(((pathPrefix + java.lang.Integer.toString(counter)) + .png)): null

2018-12-12 20:48:12 - [TEST_STEP][PASSED] - Statement - counter = counter + 1: null

2018-12-12 20:48:12 - [TEST_STEP][PASSED] - Statement - PreSaveFile = new java.io.File(((pathPrefix + java.lang.Integer.toString(counter)) + .png)): null

2018-12-12 20:48:12 - [TEST_STEP][PASSED] - Statement - counter = counter + 1: null

2018-12-12 20:48:12 - [TEST_STEP][PASSED] - Statement - PreSaveFile = new java.io.File(((pathPrefix + java.lang.Integer.toString(counter)) + .png)): null

2018-12-12 20:48:12 - [TEST_STEP][PASSED] - Statement - counter = counter + 1: null

2018-12-12 20:48:12 - [TEST_STEP][PASSED] - Statement - PreSaveFile = new java.io.File(((pathPrefix + java.lang.Integer.toString(counter)) + .png)): null

2018-12-12 20:48:12 - [TEST_STEP][PASSED] - Statement - counter = counter + 1: null

2018-12-12 20:48:12 - [TEST_STEP][PASSED] - Statement - PreSaveFile = new java.io.File(((pathPrefix + java.lang.Integer.toString(counter)) + .png)): null

2018-12-12 20:48:12 - [TEST_STEP][PASSED] - Statement - counter = counter + 1: null

2018-12-12 20:48:12 - [TEST_STEP][PASSED] - Statement - PreSaveFile = new java.io.File(((pathPrefix + java.lang.Integer.toString(counter)) + .png)): null

2018-12-12 20:48:12 - [TEST_STEP][PASSED] - Statement - counter = counter + 1: null

2018-12-12 20:48:12 - [TEST_STEP][PASSED] - Statement - PreSaveFile = new java.io.File(((pathPrefix + java.lang.Integer.toString(counter)) + .png)): null

2018-12-12 20:48:12 - [TEST_STEP][PASSED] - Statement - counter = counter + 1: null

2018-12-12 20:48:12 - [TEST_STEP][PASSED] - Statement - PreSaveFile = new java.io.File(((pathPrefix + java.lang.Integer.toString(counter)) + .png)): null

2018-12-12 20:48:12 - [TEST_STEP][PASSED] - Statement - counter = counter + 1: null

2018-12-12 20:48:12 - [TEST_STEP][PASSED] - Statement - PreSaveFile = new java.io.File(((pathPrefix + java.lang.Integer.toString(counter)) + .png)): null

2018-12-12 20:48:12 - [TEST_STEP][PASSED] - Statement - counter = counter + 1: null

2018-12-12 20:48:12 - [TEST_STEP][PASSED] - Statement - PreSaveFile = new java.io.File(((pathPrefix + java.lang.Integer.toString(counter)) + .png)): null

2018-12-12 20:48:12 - [TEST_STEP][PASSED] - Statement - counter = counter + 1: null

2018-12-12 20:48:12 - [TEST_STEP][PASSED] - Statement - PreSaveFile = new java.io.File(((pathPrefix + java.lang.Integer.toString(counter)) + .png)): null

2018-12-12 20:48:12 - [TEST_STEP][PASSED] - Statement - counter = counter + 1: null

2018-12-12 20:48:12 - [TEST_STEP][PASSED] - Statement - PreSaveFile = new java.io.File(((pathPrefix + java.lang.Integer.toString(counter)) + .png)): null

2018-12-12 20:48:12 - [TEST_STEP][PASSED] - Statement - counter = counter + 1: null

2018-12-12 20:48:12 - [TEST_STEP][PASSED] - Statement - PreSaveFile = new java.io.File(((pathPrefix + java.lang.Integer.toString(counter)) + .png)): null

2018-12-12 20:48:12 - [TEST_STEP][PASSED] - Statement - counter = counter + 1: null

2018-12-12 20:48:12 - [TEST_STEP][PASSED] - Statement - PreSaveFile = new java.io.File(((pathPrefix + java.lang.Integer.toString(counter)) + .png)): null

2018-12-12 20:48:12 - [TEST_STEP][PASSED] - Statement - counter = counter + 1: null

2018-12-12 20:48:12 - [TEST_STEP][PASSED] - Statement - PreSaveFile = new java.io.File(((pathPrefix + java.lang.Integer.toString(counter)) + .png)): null

2018-12-12 20:48:12 - [TEST_STEP][PASSED] - Statement - counter = counter + 1: null

2018-12-12 20:48:12 - [TEST_STEP][PASSED] - Statement - PreSaveFile = new java.io.File(((pathPrefix + java.lang.Integer.toString(counter)) + .png)): null

2018-12-12 20:48:12 - [TEST_STEP][PASSED] - Statement - counter = counter + 1: null

2018-12-12 20:48:12 - [TEST_STEP][PASSED] - Statement - PreSaveFile = new java.io.File(((pathPrefix + java.lang.Integer.toString(counter)) + .png)): null

2018-12-12 20:48:12 - [TEST_STEP][PASSED] - Statement - counter = counter + 1: null

2018-12-12 20:48:12 - [TEST_STEP][PASSED] - Statement - PreSaveFile = new java.io.File(((pathPrefix + java.lang.Integer.toString(counter)) + .png)): null

2018-12-12 20:48:12 - [TEST_STEP][PASSED] - Statement - counter = counter + 1: null

2018-12-12 20:48:12 - [TEST_STEP][PASSED] - Statement - PreSaveFile = new java.io.File(((pathPrefix + java.lang.Integer.toString(counter)) + .png)): null

2018-12-12 20:48:12 - [TEST_STEP][PASSED] - Statement - counter = counter + 1: null

2018-12-12 20:48:12 - [TEST_STEP][PASSED] - Statement - PreSaveFile = new java.io.File(((pathPrefix + java.lang.Integer.toString(counter)) + .png)): null

2018-12-12 20:48:12 - [TEST_STEP][PASSED] - Statement - counter = counter + 1: null

2018-12-12 20:48:12 - [TEST_STEP][PASSED] - Statement - PreSaveFile = new java.io.File(((pathPrefix + java.lang.Integer.toString(counter)) + .png)): null

2018-12-12 20:48:12 - [TEST_STEP][PASSED] - Statement - counter = counter + 1: null

2018-12-12 20:48:12 - [TEST_STEP][PASSED] - Statement - PreSaveFile = new java.io.File(((pathPrefix + java.lang.Integer.toString(counter)) + .png)): null

2018-12-12 20:48:12 - [TEST_STEP][PASSED] - Statement - counter = counter + 1: null

2018-12-12 20:48:12 - [TEST_STEP][PASSED] - Statement - PreSaveFile = new java.io.File(((pathPrefix + java.lang.Integer.toString(counter)) + .png)): null

2018-12-12 20:48:12 - [TEST_STEP][PASSED] - Statement - counter = counter + 1: null

2018-12-12 20:48:12 - [TEST_STEP][PASSED] - Statement - PreSaveFile = new java.io.File(((pathPrefix + java.lang.Integer.toString(counter)) + .png)): null

2018-12-12 20:48:12 - [TEST_STEP][PASSED] - Statement - counter = counter + 1: null

2018-12-12 20:48:12 - [TEST_STEP][PASSED] - Statement - PreSaveFile = new java.io.File(((pathPrefix + java.lang.Integer.toString(counter)) + .png)): null

2018-12-12 20:48:12 - [TEST_STEP][PASSED] - Statement - counter = counter + 1: null

2018-12-12 20:48:12 - [TEST_STEP][PASSED] - Statement - PreSaveFile = new java.io.File(((pathPrefix + java.lang.Integer.toString(counter)) + .png)): null

2018-12-12 20:48:12 - [TEST_STEP][PASSED] - Statement - counter = counter + 1: null

2018-12-12 20:48:12 - [TEST_STEP][PASSED] - Statement - PreSaveFile = new java.io.File(((pathPrefix + java.lang.Integer.toString(counter)) + .png)): null

2018-12-12 20:48:12 - [TEST_STEP][PASSED] - Statement - counter = counter + 1: null

2018-12-12 20:48:12 - [TEST_STEP][PASSED] - Statement - PreSaveFile = new java.io.File(((pathPrefix + java.lang.Integer.toString(counter)) + .png)): null

2018-12-12 20:48:12 - [TEST_STEP][PASSED] - Statement - counter = counter + 1: null

2018-12-12 20:48:12 - [TEST_STEP][PASSED] - Statement - PreSaveFile = new java.io.File(((pathPrefix + java.lang.Integer.toString(counter)) + .png)): null

2018-12-12 20:48:12 - [TEST_STEP][PASSED] - Statement - counter = counter + 1: null

2018-12-12 20:48:12 - [TEST_STEP][PASSED] - Statement - PreSaveFile = new java.io.File(((pathPrefix + java.lang.Integer.toString(counter)) + .png)): null

2018-12-12 20:48:12 - [TEST_STEP][PASSED] - Statement - counter = counter + 1: null

2018-12-12 20:48:12 - [TEST_STEP][PASSED] - Statement - PreSaveFile = new java.io.File(((pathPrefix + java.lang.Integer.toString(counter)) + .png)): null

2018-12-12 20:48:12 - [TEST_STEP][PASSED] - Statement - counter = counter + 1: null

2018-12-12 20:48:12 - [TEST_STEP][PASSED] - Statement - PreSaveFile = new java.io.File(((pathPrefix + java.lang.Integer.toString(counter)) + .png)): null

2018-12-12 20:48:12 - [TEST_STEP][PASSED] - Statement - counter = counter + 1: null

2018-12-12 20:48:12 - [TEST_STEP][PASSED] - Statement - PreSaveFile = new java.io.File(((pathPrefix + java.lang.Integer.toString(counter)) + .png)): null

2018-12-12 20:48:12 - [TEST_STEP][PASSED] - Statement - counter = counter + 1: null

2018-12-12 20:48:12 - [TEST_STEP][PASSED] - Statement - PreSaveFile = new java.io.File(((pathPrefix + java.lang.Integer.toString(counter)) + .png)): null

2018-12-12 20:48:12 - [TEST_STEP][PASSED] - Statement - counter = counter + 1: null

2018-12-12 20:48:12 - [TEST_STEP][PASSED] - Statement - PreSaveFile = new java.io.File(((pathPrefix + java.lang.Integer.toString(counter)) + .png)): null

2018-12-12 20:48:12 - [TEST_STEP][PASSED] - Statement - counter = counter + 1: null

2018-12-12 20:48:12 - [TEST_STEP][PASSED] - Statement - PreSaveFile = new java.io.File(((pathPrefix + java.lang.Integer.toString(counter)) + .png)): null

2018-12-12 20:48:12 - [TEST_STEP][PASSED] - Statement - counter = counter + 1: null

2018-12-12 20:48:12 - [TEST_STEP][PASSED] - Statement - PreSaveFile = new java.io.File(((pathPrefix + java.lang.Integer.toString(counter)) + .png)): null

2018-12-12 20:48:12 - [TEST_STEP][PASSED] - Statement - counter = counter + 1: null

2018-12-12 20:48:12 - [TEST_STEP][PASSED] - Statement - PreSaveFile = new java.io.File(((pathPrefix + java.lang.Integer.toString(counter)) + .png)): null

2018-12-12 20:48:12 - [TEST_STEP][PASSED] - Statement - counter = counter + 1: null

2018-12-12 20:48:12 - [TEST_STEP][PASSED] - Statement - PreSaveFile = new java.io.File(((pathPrefix + java.lang.Integer.toString(counter)) + .png)): null

2018-12-12 20:48:12 - [TEST_STEP][PASSED] - Statement - counter = counter + 1: null

2018-12-12 20:48:12 - [TEST_STEP][PASSED] - Statement - PreSaveFile = new java.io.File(((pathPrefix + java.lang.Integer.toString(counter)) + .png)): null

2018-12-12 20:48:12 - [TEST_STEP][PASSED] - Statement - counter = counter + 1: null

2018-12-12 20:48:12 - [TEST_STEP][PASSED] - Statement - PreSaveFile = new java.io.File(((pathPrefix + java.lang.Integer.toString(counter)) + .png)): null

2018-12-12 20:48:12 - [TEST_STEP][PASSED] - Statement - counter = counter + 1: null

2018-12-12 20:48:12 - [TEST_STEP][PASSED] - Statement - PreSaveFile = new java.io.File(((pathPrefix + java.lang.Integer.toString(counter)) + .png)): null

2018-12-12 20:48:12 - [TEST_STEP][PASSED] - Statement - counter = counter + 1: null

2018-12-12 20:48:12 - [TEST_STEP][PASSED] - Statement - PreSaveFile = new java.io.File(((pathPrefix + java.lang.Integer.toString(counter)) + .png)): null

2018-12-12 20:48:12 - [TEST_STEP][PASSED] - Statement - counter = counter + 1: null

2018-12-12 20:48:12 - [TEST_STEP][PASSED] - Statement - PreSaveFile = new java.io.File(((pathPrefix + java.lang.Integer.toString(counter)) + .png)): null

2018-12-12 20:48:12 - [TEST_STEP][PASSED] - Statement - counter = counter + 1: null

2018-12-12 20:48:12 - [TEST_STEP][PASSED] - Statement - PreSaveFile = new java.io.File(((pathPrefix + java.lang.Integer.toString(counter)) + .png)): null

2018-12-12 20:48:12 - [TEST_STEP][PASSED] - Statement - counter = counter + 1: null

2018-12-12 20:48:12 - [TEST_STEP][PASSED] - Statement - PreSaveFile = new java.io.File(((pathPrefix + java.lang.Integer.toString(counter)) + .png)): null

2018-12-12 20:48:12 - [TEST_STEP][PASSED] - Statement - counter = counter + 1: null

2018-12-12 20:48:12 - [TEST_STEP][PASSED] - Statement - PreSaveFile = new java.io.File(((pathPrefix + java.lang.Integer.toString(counter)) + .png)): null

2018-12-12 20:48:12 - [TEST_STEP][PASSED] - Statement - counter = counter + 1: null

2018-12-12 20:48:12 - [TEST_STEP][PASSED] - Statement - PreSaveFile = new java.io.File(((pathPrefix + java.lang.Integer.toString(counter)) + .png)): null

2018-12-12 20:48:12 - [TEST_STEP][PASSED] - Statement - counter = counter + 1: null

2018-12-12 20:48:12 - [TEST_STEP][PASSED] - Statement - PreSaveFile = new java.io.File(((pathPrefix + java.lang.Integer.toString(counter)) + .png)): null

2018-12-12 20:48:12 - [TEST_STEP][PASSED] - Statement - counter = counter + 1: null

2018-12-12 20:48:12 - [TEST_STEP][PASSED] - Statement - PreSaveFile = new java.io.File(((pathPrefix + java.lang.Integer.toString(counter)) + .png)): null

2018-12-12 20:48:12 - [TEST_STEP][PASSED] - Statement - counter = counter + 1: null

2018-12-12 20:48:12 - [TEST_STEP][PASSED] - Statement - PreSaveFile = new java.io.File(((pathPrefix + java.lang.Integer.toString(counter)) + .png)): null

2018-12-12 20:48:12 - [TEST_STEP][PASSED] - Statement - counter = counter + 1: null

2018-12-12 20:48:12 - [TEST_STEP][PASSED] - Statement - PreSaveFile = new java.io.File(((pathPrefix + java.lang.Integer.toString(counter)) + .png)): null

2018-12-12 20:48:12 - [TEST_STEP][PASSED] - Statement - counter = counter + 1: null

2018-12-12 20:48:12 - [TEST_STEP][PASSED] - Statement - PreSaveFile = new java.io.File(((pathPrefix + java.lang.Integer.toString(counter)) + .png)): null

2018-12-12 20:48:12 - [TEST_STEP][PASSED] - Statement - counter = counter + 1: null

2018-12-12 20:48:12 - [TEST_STEP][PASSED] - Statement - PreSaveFile = new java.io.File(((pathPrefix + java.lang.Integer.toString(counter)) + .png)): null

2018-12-12 20:48:12 - [TEST_STEP][PASSED] - Statement - counter = counter + 1: null

2018-12-12 20:48:12 - [TEST_STEP][PASSED] - Statement - PreSaveFile = new java.io.File(((pathPrefix + java.lang.Integer.toString(counter)) + .png)): null

2018-12-12 20:48:12 - [TEST_STEP][PASSED] - Statement - counter = counter + 1: null

2018-12-12 20:48:12 - [TEST_STEP][PASSED] - Statement - PreSaveFile = new java.io.File(((pathPrefix + java.lang.Integer.toString(counter)) + .png)): null

2018-12-12 20:48:12 - [TEST_STEP][PASSED] - Statement - counter = counter + 1: null

2018-12-12 20:48:12 - [TEST_STEP][PASSED] - Statement - PreSaveFile = new java.io.File(((pathPrefix + java.lang.Integer.toString(counter)) + .png)): null

2018-12-12 20:48:12 - [TEST_STEP][PASSED] - Statement - counter = counter + 1: null

2018-12-12 20:48:12 - [TEST_STEP][PASSED] - Statement - PreSaveFile = new java.io.File(((pathPrefix + java.lang.Integer.toString(counter)) + .png)): null

2018-12-12 20:48:12 - [TEST_STEP][PASSED] - Statement - counter = counter + 1: null

2018-12-12 20:48:12 - [TEST_STEP][PASSED] - Statement - PreSaveFile = new java.io.File(((pathPrefix + java.lang.Integer.toString(counter)) + .png)): null

2018-12-12 20:48:12 - [TEST_STEP][PASSED] - Statement - counter = counter + 1: null

2018-12-12 20:48:12 - [TEST_STEP][PASSED] - Statement - PreSaveFile = new java.io.File(((pathPrefix + java.lang.Integer.toString(counter)) + .png)): null

2018-12-12 20:48:12 - [TEST_STEP][PASSED] - Statement - counter = counter + 1: null

2018-12-12 20:48:12 - [TEST_STEP][PASSED] - Statement - PreSaveFile = new java.io.File(((pathPrefix + java.lang.Integer.toString(counter)) + .png)): null

2018-12-12 20:48:12 - [TEST_STEP][PASSED] - Statement - counter = counter + 1: null

2018-12-12 20:48:12 - [TEST_STEP][PASSED] - Statement - PreSaveFile = new java.io.File(((pathPrefix + java.lang.Integer.toString(counter)) + .png)): null

2018-12-12 20:48:12 - [TEST_STEP][PASSED] - Statement - counter = counter + 1: null

2018-12-12 20:48:12 - [TEST_STEP][PASSED] - Statement - PreSaveFile = new java.io.File(((pathPrefix + java.lang.Integer.toString(counter)) + .png)): null

2018-12-12 20:48:12 - [TEST_STEP][PASSED] - Statement - counter = counter + 1: null

2018-12-12 20:48:12 - [TEST_STEP][PASSED] - Statement - PreSaveFile = new java.io.File(((pathPrefix + java.lang.Integer.toString(counter)) + .png)): null

2018-12-12 20:48:12 - [TEST_STEP][PASSED] - Statement - counter = counter + 1: null

2018-12-12 20:48:12 - [TEST_STEP][PASSED] - Statement - PreSaveFile = new java.io.File(((pathPrefix + java.lang.Integer.toString(counter)) + .png)): null

2018-12-12 20:48:12 - [TEST_STEP][PASSED] - Statement - counter = counter + 1: null

2018-12-12 20:48:12 - [TEST_STEP][PASSED] - Statement - PreSaveFile = new java.io.File(((pathPrefix + java.lang.Integer.toString(counter)) + .png)): null

2018-12-12 20:48:12 - [TEST_STEP][PASSED] - Statement - counter = counter + 1: null

2018-12-12 20:48:12 - [TEST_STEP][PASSED] - Statement - PreSaveFile = new java.io.File(((pathPrefix + java.lang.Integer.toString(counter)) + .png)): null

2018-12-12 20:48:12 - [TEST_STEP][PASSED] - Statement - counter = counter + 1: null

2018-12-12 20:48:12 - [TEST_STEP][PASSED] - Statement - PreSaveFile = new java.io.File(((pathPrefix + java.lang.Integer.toString(counter)) + .png)): null

2018-12-12 20:48:12 - [TEST_STEP][PASSED] - Statement - counter = counter + 1: null

2018-12-12 20:48:12 - [TEST_STEP][PASSED] - Statement - PreSaveFile = new java.io.File(((pathPrefix + java.lang.Integer.toString(counter)) + .png)): null

2018-12-12 20:48:12 - [TEST_STEP][PASSED] - Statement - counter = counter + 1: null

2018-12-12 20:48:12 - [TEST_STEP][PASSED] - Statement - PreSaveFile = new java.io.File(((pathPrefix + java.lang.Integer.toString(counter)) + .png)): null

2018-12-12 20:48:12 - [TEST_STEP][PASSED] - Statement - counter = counter + 1: null

2018-12-12 20:48:12 - [TEST_STEP][PASSED] - Statement - PreSaveFile = new java.io.File(((pathPrefix + java.lang.Integer.toString(counter)) + .png)): null

2018-12-12 20:48:12 - [TEST_STEP][PASSED] - Statement - counter = counter + 1: null

2018-12-12 20:48:12 - [TEST_STEP][PASSED] - Statement - PreSaveFile = new java.io.File(((pathPrefix + java.lang.Integer.toString(counter)) + .png)): null

2018-12-12 20:48:12 - [TEST_STEP][PASSED] - Statement - counter = counter + 1: null

2018-12-12 20:48:12 - [TEST_STEP][PASSED] - Statement - PreSaveFile = new java.io.File(((pathPrefix + java.lang.Integer.toString(counter)) + .png)): null

2018-12-12 20:48:12 - [TEST_STEP][PASSED] - Statement - counter = counter + 1: null

2018-12-12 20:48:12 - [TEST_STEP][PASSED] - Statement - PreSaveFile = new java.io.File(((pathPrefix + java.lang.Integer.toString(counter)) + .png)): null

2018-12-12 20:48:12 - [TEST_STEP][PASSED] - Statement - counter = counter + 1: null

2018-12-12 20:48:12 - [TEST_STEP][PASSED] - Statement - PreSaveFile = new java.io.File(((pathPrefix + java.lang.Integer.toString(counter)) + .png)): null

2018-12-12 20:48:12 - [TEST_STEP][PASSED] - Statement - counter = counter + 1: null

2018-12-12 20:48:12 - [TEST_STEP][PASSED] - Statement - PreSaveFile = new java.io.File(((pathPrefix + java.lang.Integer.toString(counter)) + .png)): null

2018-12-12 20:48:12 - [TEST_STEP][PASSED] - Statement - counter = counter + 1: null

2018-12-12 20:48:12 - [TEST_STEP][PASSED] - Statement - PreSaveFile = new java.io.File(((pathPrefix + java.lang.Integer.toString(counter)) + .png)): null

2018-12-12 20:48:12 - [TEST_STEP][PASSED] - Statement - counter = counter + 1: null

2018-12-12 20:48:12 - [TEST_STEP][PASSED] - Statement - PreSaveFile = new java.io.File(((pathPrefix + java.lang.Integer.toString(counter)) + .png)): null

2018-12-12 20:48:12 - [TEST_STEP][PASSED] - Statement - counter = counter + 1: null

2018-12-12 20:48:12 - [TEST_STEP][PASSED] - Statement - PreSaveFile = new java.io.File(((pathPrefix + java.lang.Integer.toString(counter)) + .png)): null

2018-12-12 20:48:12 - [TEST_STEP][PASSED] - Statement - counter = counter + 1: null

2018-12-12 20:48:12 - [TEST_STEP][PASSED] - Statement - PreSaveFile = new java.io.File(((pathPrefix + java.lang.Integer.toString(counter)) + .png)): null

2018-12-12 20:48:12 - [TEST_STEP][PASSED] - Statement - counter = counter + 1: null

2018-12-12 20:48:12 - [TEST_STEP][PASSED] - Statement - PreSaveFile = new java.io.File(((pathPrefix + java.lang.Integer.toString(counter)) + .png)): null

2018-12-12 20:48:12 - [TEST_STEP][PASSED] - Statement - counter = counter + 1: null

2018-12-12 20:48:12 - [TEST_STEP][PASSED] - Statement - PreSaveFile = new java.io.File(((pathPrefix + java.lang.Integer.toString(counter)) + .png)): null

2018-12-12 20:48:12 - [TEST_STEP][PASSED] - Statement - counter = counter + 1: null

2018-12-12 20:48:12 - [TEST_STEP][PASSED] - Statement - PreSaveFile = new java.io.File(((pathPrefix + java.lang.Integer.toString(counter)) + .png)): null

2018-12-12 20:48:12 - [TEST_STEP][PASSED] - Statement - counter = counter + 1: null

2018-12-12 20:48:12 - [TEST_STEP][PASSED] - Statement - PreSaveFile = new java.io.File(((pathPrefix + java.lang.Integer.toString(counter)) + .png)): null

2018-12-12 20:48:12 - [TEST_STEP][PASSED] - Statement - counter = counter + 1: null

2018-12-12 20:48:12 - [TEST_STEP][PASSED] - Statement - PreSaveFile = new java.io.File(((pathPrefix + java.lang.Integer.toString(counter)) + .png)): null

2018-12-12 20:48:12 - [TEST_STEP][PASSED] - Statement - counter = counter + 1: null

2018-12-12 20:48:12 - [TEST_STEP][PASSED] - Statement - PreSaveFile = new java.io.File(((pathPrefix + java.lang.Integer.toString(counter)) + .png)): null

2018-12-12 20:48:12 - [TEST_STEP][PASSED] - Statement - counter = counter + 1: null

2018-12-12 20:48:12 - [TEST_STEP][PASSED] - Statement - PreSaveFile = new java.io.File(((pathPrefix + java.lang.Integer.toString(counter)) + .png)): null

2018-12-12 20:48:12 - [TEST_STEP][PASSED] - Statement - counter = counter + 1: null

2018-12-12 20:48:12 - [TEST_STEP][PASSED] - Statement - PreSaveFile = new java.io.File(((pathPrefix + java.lang.Integer.toString(counter)) + .png)): null

2018-12-12 20:48:12 - [TEST_STEP][PASSED] - Statement - counter = counter + 1: null

2018-12-12 20:48:12 - [TEST_STEP][PASSED] - Statement - PreSaveFile = new java.io.File(((pathPrefix + java.lang.Integer.toString(counter)) + .png)): null

2018-12-12 20:48:12 - [TEST_STEP][PASSED] - Statement - counter = counter + 1: null

2018-12-12 20:48:12 - [TEST_STEP][PASSED] - Statement - PreSaveFile = new java.io.File(((pathPrefix + java.lang.Integer.toString(counter)) + .png)): null

2018-12-12 20:48:12 - [TEST_STEP][PASSED] - Statement - counter = counter + 1: null

2018-12-12 20:48:12 - [TEST_STEP][PASSED] - Statement - PreSaveFile = new java.io.File(((pathPrefix + java.lang.Integer.toString(counter)) + .png)): null

2018-12-12 20:48:12 - [TEST_STEP][PASSED] - Statement - counter = counter + 1: null

2018-12-12 20:48:12 - [TEST_STEP][PASSED] - Statement - PreSaveFile = new java.io.File(((pathPrefix + java.lang.Integer.toString(counter)) + .png)): null

2018-12-12 20:48:12 - [TEST_STEP][PASSED] - Statement - counter = counter + 1: null

2018-12-12 20:48:12 - [TEST_STEP][PASSED] - Statement - PreSaveFile = new java.io.File(((pathPrefix + java.lang.Integer.toString(counter)) + .png)): null

2018-12-12 20:48:12 - [TEST_STEP][PASSED] - Statement - counter = counter + 1: null

2018-12-12 20:48:12 - [TEST_STEP][PASSED] - Statement - PreSaveFile = new java.io.File(((pathPrefix + java.lang.Integer.toString(counter)) + .png)): null

2018-12-12 20:48:12 - [TEST_STEP][PASSED] - Statement - counter = counter + 1: null

2018-12-12 20:48:12 - [TEST_STEP][PASSED] - Statement - PreSaveFile = new java.io.File(((pathPrefix + java.lang.Integer.toString(counter)) + .png)): null

2018-12-12 20:48:12 - [TEST_STEP][PASSED] - Statement - counter = counter + 1: null

2018-12-12 20:48:12 - [TEST_STEP][PASSED] - Statement - PreSaveFile = new java.io.File(((pathPrefix + java.lang.Integer.toString(counter)) + .png)): null

2018-12-12 20:48:12 - [TEST_STEP][PASSED] - Statement - counter = counter + 1: null

2018-12-12 20:48:12 - [TEST_STEP][PASSED] - Statement - PreSaveFile = new java.io.File(((pathPrefix + java.lang.Integer.toString(counter)) + .png)): null

2018-12-12 20:48:12 - [TEST_STEP][PASSED] - Statement - counter = counter + 1: null

2018-12-12 20:48:12 - [TEST_STEP][PASSED] - Statement - PreSaveFile = new java.io.File(((pathPrefix + java.lang.Integer.toString(counter)) + .png)): null

2018-12-12 20:48:12 - [TEST_STEP][PASSED] - Statement - counter = counter + 1: null

2018-12-12 20:48:12 - [TEST_STEP][PASSED] - Statement - PreSaveFile = new java.io.File(((pathPrefix + java.lang.Integer.toString(counter)) + .png)): null

2018-12-12 20:48:12 - [TEST_STEP][PASSED] - Statement - counter = counter + 1: null

2018-12-12 20:48:12 - [TEST_STEP][PASSED] - Statement - PreSaveFile = new java.io.File(((pathPrefix + java.lang.Integer.toString(counter)) + .png)): null

2018-12-12 20:48:12 - [TEST_STEP][PASSED] - Statement - counter = counter + 1: null

2018-12-12 20:48:12 - [TEST_STEP][PASSED] - Statement - PreSaveFile = new java.io.File(((pathPrefix + java.lang.Integer.toString(counter)) + .png)): null

2018-12-12 20:48:12 - [TEST_STEP][PASSED] - Statement - counter = counter + 1: null

2018-12-12 20:48:12 - [TEST_STEP][PASSED] - Statement - PreSaveFile = new java.io.File(((pathPrefix + java.lang.Integer.toString(counter)) + .png)): null

2018-12-12 20:48:12 - [TEST_STEP][PASSED] - Statement - counter = counter + 1: null

2018-12-12 20:48:12 - [TEST_STEP][PASSED] - Statement - PreSaveFile = new java.io.File(((pathPrefix + java.lang.Integer.toString(counter)) + .png)): null

2018-12-12 20:48:12 - [TEST_STEP][PASSED] - Statement - counter = counter + 1: null

2018-12-12 20:48:12 - [TEST_STEP][PASSED] - Statement - PreSaveFile = new java.io.File(((pathPrefix + java.lang.Integer.toString(counter)) + .png)): null

2018-12-12 20:48:12 - [TEST_STEP][PASSED] - Statement - counter = counter + 1: null

2018-12-12 20:48:12 - [TEST_STEP][PASSED] - Statement - PreSaveFile = new java.io.File(((pathPrefix + java.lang.Integer.toString(counter)) + .png)): null

2018-12-12 20:48:12 - [TEST_STEP][PASSED] - Statement - counter = counter + 1: null

2018-12-12 20:48:12 - [TEST_STEP][PASSED] - Statement - PreSaveFile = new java.io.File(((pathPrefix + java.lang.Integer.toString(counter)) + .png)): null

2018-12-12 20:48:12 - [TEST_STEP][PASSED] - Statement - counter = counter + 1: null

2018-12-12 20:48:12 - [TEST_STEP][PASSED] - Statement - PreSaveFile = new java.io.File(((pathPrefix + java.lang.Integer.toString(counter)) + .png)): null

2018-12-12 20:48:12 - [TEST_STEP][PASSED] - Statement - counter = counter + 1: null

2018-12-12 20:48:12 - [TEST_STEP][PASSED] - Statement - PreSaveFile = new java.io.File(((pathPrefix + java.lang.Integer.toString(counter)) + .png)): null

2018-12-12 20:48:12 - [TEST_STEP][PASSED] - Statement - counter = counter + 1: null

2018-12-12 20:48:12 - [TEST_STEP][PASSED] - Statement - PreSaveFile = new java.io.File(((pathPrefix + java.lang.Integer.toString(counter)) + .png)): null

2018-12-12 20:48:12 - [TEST_STEP][PASSED] - Statement - counter = counter + 1: null

2018-12-12 20:48:12 - [TEST_STEP][PASSED] - Statement - PreSaveFile = new java.io.File(((pathPrefix + java.lang.Integer.toString(counter)) + .png)): null

2018-12-12 20:48:12 - [TEST_STEP][PASSED] - Statement - counter = counter + 1: null

2018-12-12 20:48:12 - [TEST_STEP][PASSED] - Statement - PreSaveFile = new java.io.File(((pathPrefix + java.lang.Integer.toString(counter)) + .png)): null

2018-12-12 20:48:12 - [TEST_STEP][PASSED] - Statement - counter = counter + 1: null

2018-12-12 20:48:12 - [TEST_STEP][PASSED] - Statement - PreSaveFile = new java.io.File(((pathPrefix + java.lang.Integer.toString(counter)) + .png)): null

2018-12-12 20:48:12 - [TEST_STEP][PASSED] - Statement - counter = counter + 1: null

2018-12-12 20:48:12 - [TEST_STEP][PASSED] - Statement - PreSaveFile = new java.io.File(((pathPrefix + java.lang.Integer.toString(counter)) + .png)): null

2018-12-12 20:48:12 - [TEST_STEP][PASSED] - Statement - counter = counter + 1: null

2018-12-12 20:48:12 - [TEST_STEP][PASSED] - Statement - PreSaveFile = new java.io.File(((pathPrefix + java.lang.Integer.toString(counter)) + .png)): null

2018-12-12 20:48:12 - [TEST_STEP][PASSED] - Statement - counter = counter + 1: null

2018-12-12 20:48:12 - [TEST_STEP][PASSED] - Statement - PreSaveFile = new java.io.File(((pathPrefix + java.lang.Integer.toString(counter)) + .png)): null

2018-12-12 20:48:12 - [TEST_STEP][PASSED] - Statement - counter = counter + 1: null

2018-12-12 20:48:12 - [TEST_STEP][PASSED] - Statement - PreSaveFile = new java.io.File(((pathPrefix + java.lang.Integer.toString(counter)) + .png)): null

2018-12-12 20:48:12 - [TEST_STEP][PASSED] - Statement - counter = counter + 1: null

2018-12-12 20:48:12 - [TEST_STEP][PASSED] - Statement - PreSaveFile = new java.io.File(((pathPrefix + java.lang.Integer.toString(counter)) + .png)): null

2018-12-12 20:48:12 - [TEST_STEP][PASSED] - Statement - counter = counter + 1: null

2018-12-12 20:48:12 - [TEST_STEP][PASSED] - Statement - PreSaveFile = new java.io.File(((pathPrefix + java.lang.Integer.toString(counter)) + .png)): null

2018-12-12 20:48:12 - [TEST_STEP][PASSED] - Statement - counter = counter + 1: null

2018-12-12 20:48:12 - [TEST_STEP][PASSED] - Statement - PreSaveFile = new java.io.File(((pathPrefix + java.lang.Integer.toString(counter)) + .png)): null

2018-12-12 20:48:12 - [TEST_STEP][PASSED] - Statement - counter = counter + 1: null

2018-12-12 20:48:12 - [TEST_STEP][PASSED] - Statement - PreSaveFile = new java.io.File(((pathPrefix + java.lang.Integer.toString(counter)) + .png)): null

2018-12-12 20:48:12 - [TEST_STEP][PASSED] - Statement - counter = counter + 1: null

2018-12-12 20:48:12 - [TEST_STEP][PASSED] - Statement - PreSaveFile = new java.io.File(((pathPrefix + java.lang.Integer.toString(counter)) + .png)): null

2018-12-12 20:48:12 - [TEST_STEP][PASSED] - Statement - counter = counter + 1: null

2018-12-12 20:48:12 - [TEST_STEP][PASSED] - Statement - PreSaveFile = new java.io.File(((pathPrefix + java.lang.Integer.toString(counter)) + .png)): null

2018-12-12 20:48:12 - [TEST_STEP][PASSED] - Statement - counter = counter + 1: null

2018-12-12 20:48:12 - [TEST_STEP][PASSED] - Statement - PreSaveFile = new java.io.File(((pathPrefix + java.lang.Integer.toString(counter)) + .png)): null

2018-12-12 20:48:12 - [TEST_STEP][PASSED] - Statement - counter = counter + 1: null

2018-12-12 20:48:12 - [TEST_STEP][PASSED] - Statement - PreSaveFile = new java.io.File(((pathPrefix + java.lang.Integer.toString(counter)) + .png)): null

2018-12-12 20:48:12 - [TEST_STEP][PASSED] - Statement - counter = counter + 1: null

2018-12-12 20:48:12 - [TEST_STEP][PASSED] - Statement - PreSaveFile = new java.io.File(((pathPrefix + java.lang.Integer.toString(counter)) + .png)): null

2018-12-12 20:48:12 - [TEST_STEP][PASSED] - Statement - counter = counter + 1: null

2018-12-12 20:48:12 - [TEST_STEP][PASSED] - Statement - PreSaveFile = new java.io.File(((pathPrefix + java.lang.Integer.toString(counter)) + .png)): null

2018-12-12 20:48:12 - [TEST_STEP][PASSED] - Statement - counter = counter + 1: null

2018-12-12 20:48:12 - [TEST_STEP][PASSED] - Statement - PreSaveFile = new java.io.File(((pathPrefix + java.lang.Integer.toString(counter)) + .png)): null

2018-12-12 20:48:12 - [TEST_STEP][PASSED] - Statement - counter = counter + 1: null

2018-12-12 20:48:12 - [TEST_STEP][PASSED] - Statement - PreSaveFile = new java.io.File(((pathPrefix + java.lang.Integer.toString(counter)) + .png)): null

2018-12-12 20:48:12 - [TEST_STEP][PASSED] - Statement - counter = counter + 1: null

2018-12-12 20:48:12 - [TEST_STEP][PASSED] - Statement - PreSaveFile = new java.io.File(((pathPrefix + java.lang.Integer.toString(counter)) + .png)): null

2018-12-12 20:48:12 - [TEST_STEP][PASSED] - Statement - counter = counter + 1: null

2018-12-12 20:48:12 - [TEST_STEP][PASSED] - Statement - PreSaveFile = new java.io.File(((pathPrefix + java.lang.Integer.toString(counter)) + .png)): null

2018-12-12 20:48:12 - [TEST_STEP][PASSED] - Statement - counter = counter + 1: null

2018-12-12 20:48:12 - [TEST_STEP][PASSED] - Statement - PreSaveFile = new java.io.File(((pathPrefix + java.lang.Integer.toString(counter)) + .png)): null

2018-12-12 20:48:12 - [TEST_STEP][PASSED] - Statement - counter = counter + 1: null

2018-12-12 20:48:12 - [TEST_STEP][PASSED] - Statement - PreSaveFile = new java.io.File(((pathPrefix + java.lang.Integer.toString(counter)) + .png)): null

2018-12-12 20:48:13 - [TEST_STEP][PASSED] - Statement - counter = counter + 1: null

2018-12-12 20:48:13 - [TEST_STEP][PASSED] - Statement - PreSaveFile = new java.io.File(((pathPrefix + java.lang.Integer.toString(counter)) + .png)): null

2018-12-12 20:48:13 - [TEST_STEP][PASSED] - Statement - counter = counter + 1: null

2018-12-12 20:48:13 - [TEST_STEP][PASSED] - Statement - PreSaveFile = new java.io.File(((pathPrefix + java.lang.Integer.toString(counter)) + .png)): null

2018-12-12 20:48:13 - [TEST_STEP][PASSED] - Statement - counter = counter + 1: null

2018-12-12 20:48:13 - [TEST_STEP][PASSED] - Statement - PreSaveFile = new java.io.File(((pathPrefix + java.lang.Integer.toString(counter)) + .png)): null

2018-12-12 20:48:13 - [TEST_STEP][PASSED] - Statement - counter = counter + 1: null

2018-12-12 20:48:13 - [TEST_STEP][PASSED] - Statement - PreSaveFile = new java.io.File(((pathPrefix + java.lang.Integer.toString(counter)) + .png)): null

2018-12-12 20:48:13 - [TEST_STEP][PASSED] - Statement - counter = counter + 1: null

2018-12-12 20:48:13 - [TEST_STEP][PASSED] - Statement - PreSaveFile = new java.io.File(((pathPrefix + java.lang.Integer.toString(counter)) + .png)): null

2018-12-12 20:48:13 - [TEST_STEP][PASSED] - Statement - counter = counter + 1: null

2018-12-12 20:48:13 - [TEST_STEP][PASSED] - Statement - PreSaveFile = new java.io.File(((pathPrefix + java.lang.Integer.toString(counter)) + .png)): null

2018-12-12 20:48:13 - [TEST_STEP][PASSED] - Statement - counter = counter + 1: null

2018-12-12 20:48:13 - [TEST_STEP][PASSED] - Statement - PreSaveFile = new java.io.File(((pathPrefix + java.lang.Integer.toString(counter)) + .png)): null

2018-12-12 20:48:13 - [TEST_STEP][PASSED] - Statement - counter = counter + 1: null

2018-12-12 20:48:13 - [TEST_STEP][PASSED] - Statement - PreSaveFile = new java.io.File(((pathPrefix + java.lang.Integer.toString(counter)) + .png)): null

2018-12-12 20:48:13 - [TEST_STEP][PASSED] - Statement - counter = counter + 1: null

2018-12-12 20:48:13 - [TEST_STEP][PASSED] - Statement - PreSaveFile = new java.io.File(((pathPrefix + java.lang.Integer.toString(counter)) + .png)): null

2018-12-12 20:48:13 - [TEST_STEP][PASSED] - Statement - counter = counter + 1: null

2018-12-12 20:48:13 - [TEST_STEP][PASSED] - Statement - PreSaveFile = new java.io.File(((pathPrefix + java.lang.Integer.toString(counter)) + .png)): null

2018-12-12 20:48:13 - [TEST_STEP][PASSED] - Statement - counter = counter + 1: null

2018-12-12 20:48:13 - [TEST_STEP][PASSED] - Statement - PreSaveFile = new java.io.File(((pathPrefix + java.lang.Integer.toString(counter)) + .png)): null

2018-12-12 20:48:13 - [TEST_STEP][PASSED] - Statement - counter = counter + 1: null

2018-12-12 20:48:13 - [TEST_STEP][PASSED] - Statement - PreSaveFile = new java.io.File(((pathPrefix + java.lang.Integer.toString(counter)) + .png)): null

2018-12-12 20:48:13 - [TEST_STEP][PASSED] - Statement - counter = counter + 1: null

2018-12-12 20:48:13 - [TEST_STEP][PASSED] - Statement - PreSaveFile = new java.io.File(((pathPrefix + java.lang.Integer.toString(counter)) + .png)): null

2018-12-12 20:48:13 - [TEST_STEP][PASSED] - Statement - counter = counter + 1: null

2018-12-12 20:48:13 - [TEST_STEP][PASSED] - Statement - PreSaveFile = new java.io.File(((pathPrefix + java.lang.Integer.toString(counter)) + .png)): null

2018-12-12 20:48:13 - [TEST_STEP][PASSED] - Statement - counter = counter + 1: null

2018-12-12 20:48:13 - [TEST_STEP][PASSED] - Statement - PreSaveFile = new java.io.File(((pathPrefix + java.lang.Integer.toString(counter)) + .png)): null

2018-12-12 20:48:13 - [TEST_STEP][PASSED] - Statement - counter = counter + 1: null

2018-12-12 20:48:13 - [TEST_STEP][PASSED] - Statement - PreSaveFile = new java.io.File(((pathPrefix + java.lang.Integer.toString(counter)) + .png)): null

2018-12-12 20:48:13 - [TEST_STEP][PASSED] - Statement - counter = counter + 1: null

2018-12-12 20:48:13 - [TEST_STEP][PASSED] - Statement - PreSaveFile = new java.io.File(((pathPrefix + java.lang.Integer.toString(counter)) + .png)): null

2018-12-12 20:48:13 - [TEST_STEP][PASSED] - Statement - counter = counter + 1: null

2018-12-12 20:48:13 - [TEST_STEP][PASSED] - Statement - PreSaveFile = new java.io.File(((pathPrefix + java.lang.Integer.toString(counter)) + .png)): null

2018-12-12 20:48:13 - [TEST_STEP][PASSED] - Statement - counter = counter + 1: null

2018-12-12 20:48:13 - [TEST_STEP][PASSED] - Statement - PreSaveFile = new java.io.File(((pathPrefix + java.lang.Integer.toString(counter)) + .png)): null

2018-12-12 20:48:13 - [TEST_STEP][PASSED] - Statement - counter = counter + 1: null

2018-12-12 20:48:13 - [TEST_STEP][PASSED] - Statement - PreSaveFile = new java.io.File(((pathPrefix + java.lang.Integer.toString(counter)) + .png)): null

2018-12-12 20:48:13 - [TEST_STEP][PASSED] - Statement - counter = counter + 1: null

2018-12-12 20:48:13 - [TEST_STEP][PASSED] - Statement - PreSaveFile = new java.io.File(((pathPrefix + java.lang.Integer.toString(counter)) + .png)): null

2018-12-12 20:48:13 - [TEST_STEP][PASSED] - Statement - counter = counter + 1: null

2018-12-12 20:48:13 - [TEST_STEP][PASSED] - Statement - PreSaveFile = new java.io.File(((pathPrefix + java.lang.Integer.toString(counter)) + .png)): null

2018-12-12 20:48:13 - [TEST_STEP][PASSED] - Statement - counter = counter + 1: null

2018-12-12 20:48:13 - [TEST_STEP][PASSED] - Statement - PreSaveFile = new java.io.File(((pathPrefix + java.lang.Integer.toString(counter)) + .png)): null

2018-12-12 20:48:13 - [TEST_STEP][PASSED] - Statement - counter = counter + 1: null

2018-12-12 20:48:13 - [TEST_STEP][PASSED] - Statement - PreSaveFile = new java.io.File(((pathPrefix + java.lang.Integer.toString(counter)) + .png)): null

2018-12-12 20:48:13 - [TEST_STEP][PASSED] - Statement - counter = counter + 1: null

2018-12-12 20:48:13 - [TEST_STEP][PASSED] - Statement - PreSaveFile = new java.io.File(((pathPrefix + java.lang.Integer.toString(counter)) + .png)): null

2018-12-12 20:48:13 - [TEST_STEP][PASSED] - Statement - counter = counter + 1: null

2018-12-12 20:48:13 - [TEST_STEP][PASSED] - Statement - PreSaveFile = new java.io.File(((pathPrefix + java.lang.Integer.toString(counter)) + .png)): null

2018-12-12 20:48:13 - [TEST_STEP][PASSED] - Statement - counter = counter + 1: null

2018-12-12 20:48:13 - [TEST_STEP][PASSED] - Statement - PreSaveFile = new java.io.File(((pathPrefix + java.lang.Integer.toString(counter)) + .png)): null

2018-12-12 20:48:13 - [TEST_STEP][PASSED] - Statement - counter = counter + 1: null

2018-12-12 20:48:13 - [TEST_STEP][PASSED] - Statement - PreSaveFile = new java.io.File(((pathPrefix + java.lang.Integer.toString(counter)) + .png)): null

2018-12-12 20:48:13 - [TEST_STEP][PASSED] - Statement - counter = counter + 1: null

2018-12-12 20:48:13 - [TEST_STEP][PASSED] - Statement - PreSaveFile = new java.io.File(((pathPrefix + java.lang.Integer.toString(counter)) + .png)): null

2018-12-12 20:48:13 - [TEST_STEP][PASSED] - Statement - counter = counter + 1: null

2018-12-12 20:48:13 - [TEST_STEP][PASSED] - Statement - PreSaveFile = new java.io.File(((pathPrefix + java.lang.Integer.toString(counter)) + .png)): null

2018-12-12 20:48:13 - [TEST_STEP][PASSED] - Statement - counter = counter + 1: null

2018-12-12 20:48:13 - [TEST_STEP][PASSED] - Statement - PreSaveFile = new java.io.File(((pathPrefix + java.lang.Integer.toString(counter)) + .png)): null

2018-12-12 20:48:13 - [TEST_STEP][PASSED] - Statement - counter = counter + 1: null

2018-12-12 20:48:13 - [TEST_STEP][PASSED] - Statement - PreSaveFile = new java.io.File(((pathPrefix + java.lang.Integer.toString(counter)) + .png)): null

2018-12-12 20:48:13 - [TEST_STEP][PASSED] - Statement - counter = counter + 1: null

2018-12-12 20:48:13 - [TEST_STEP][PASSED] - Statement - PreSaveFile = new java.io.File(((pathPrefix + java.lang.Integer.toString(counter)) + .png)): null

2018-12-12 20:48:13 - [TEST_STEP][PASSED] - Statement - counter = counter + 1: null

2018-12-12 20:48:13 - [TEST_STEP][PASSED] - Statement - PreSaveFile = new java.io.File(((pathPrefix + java.lang.Integer.toString(counter)) + .png)): null

2018-12-12 20:48:13 - [TEST_STEP][PASSED] - Statement - counter = counter + 1: null

2018-12-12 20:48:13 - [TEST_STEP][PASSED] - Statement - PreSaveFile = new java.io.File(((pathPrefix + java.lang.Integer.toString(counter)) + .png)): null

2018-12-12 20:48:13 - [TEST_STEP][PASSED] - Statement - counter = counter + 1: null

2018-12-12 20:48:13 - [TEST_STEP][PASSED] - Statement - PreSaveFile = new java.io.File(((pathPrefix + java.lang.Integer.toString(counter)) + .png)): null

2018-12-12 20:48:13 - [TEST_STEP][PASSED] - Statement - counter = counter + 1: null

2018-12-12 20:48:13 - [TEST_STEP][PASSED] - Statement - PreSaveFile = new java.io.File(((pathPrefix + java.lang.Integer.toString(counter)) + .png)): null

2018-12-12 20:48:13 - [TEST_STEP][PASSED] - Statement - counter = counter + 1: null

2018-12-12 20:48:13 - [TEST_STEP][PASSED] - Statement - PreSaveFile = new java.io.File(((pathPrefix + java.lang.Integer.toString(counter)) + .png)): null

2018-12-12 20:48:13 - [TEST_STEP][PASSED] - Statement - counter = counter + 1: null

2018-12-12 20:48:13 - [TEST_STEP][PASSED] - Statement - PreSaveFile = new java.io.File(((pathPrefix + java.lang.Integer.toString(counter)) + .png)): null

2018-12-12 20:48:13 - [TEST_STEP][PASSED] - Statement - counter = counter + 1: null

2018-12-12 20:48:13 - [TEST_STEP][PASSED] - Statement - PreSaveFile = new java.io.File(((pathPrefix + java.lang.Integer.toString(counter)) + .png)): null

2018-12-12 20:48:13 - [TEST_STEP][PASSED] - Statement - counter = counter + 1: null

2018-12-12 20:48:13 - [TEST_STEP][PASSED] - Statement - PreSaveFile = new java.io.File(((pathPrefix + java.lang.Integer.toString(counter)) + .png)): null

2018-12-12 20:48:13 - [TEST_STEP][PASSED] - Statement - counter = counter + 1: null

2018-12-12 20:48:13 - [TEST_STEP][PASSED] - Statement - PreSaveFile = new java.io.File(((pathPrefix + java.lang.Integer.toString(counter)) + .png)): null

2018-12-12 20:48:13 - [TEST_STEP][PASSED] - Statement - counter = counter + 1: null

2018-12-12 20:48:13 - [TEST_STEP][PASSED] - Statement - PreSaveFile = new java.io.File(((pathPrefix + java.lang.Integer.toString(counter)) + .png)): null

2018-12-12 20:48:13 - [TEST_STEP][PASSED] - Statement - counter = counter + 1: null

2018-12-12 20:48:13 - [TEST_STEP][PASSED] - Statement - PreSaveFile = new java.io.File(((pathPrefix + java.lang.Integer.toString(counter)) + .png)): null

2018-12-12 20:48:13 - [TEST_STEP][PASSED] - Statement - counter = counter + 1: null

2018-12-12 20:48:13 - [TEST_STEP][PASSED] - Statement - PreSaveFile = new java.io.File(((pathPrefix + java.lang.Integer.toString(counter)) + .png)): null

2018-12-12 20:48:13 - [TEST_STEP][PASSED] - Statement - counter = counter + 1: null

2018-12-12 20:48:13 - [TEST_STEP][PASSED] - Statement - PreSaveFile = new java.io.File(((pathPrefix + java.lang.Integer.toString(counter)) + .png)): null

2018-12-12 20:48:13 - [TEST_STEP][PASSED] - Statement - counter = counter + 1: null

2018-12-12 20:48:13 - [TEST_STEP][PASSED] - Statement - PreSaveFile = new java.io.File(((pathPrefix + java.lang.Integer.toString(counter)) + .png)): null

2018-12-12 20:48:13 - [TEST_STEP][PASSED] - Statement - counter = counter + 1: null

2018-12-12 20:48:13 - [TEST_STEP][PASSED] - Statement - PreSaveFile = new java.io.File(((pathPrefix + java.lang.Integer.toString(counter)) + .png)): null

2018-12-12 20:48:13 - [TEST_STEP][PASSED] - Statement - counter = counter + 1: null

2018-12-12 20:48:13 - [TEST_STEP][PASSED] - Statement - PreSaveFile = new java.io.File(((pathPrefix + java.lang.Integer.toString(counter)) + .png)): null

2018-12-12 20:48:13 - [TEST_STEP][PASSED] - Statement - counter = counter + 1: null

2018-12-12 20:48:13 - [TEST_STEP][PASSED] - Statement - PreSaveFile = new java.io.File(((pathPrefix + java.lang.Integer.toString(counter)) + .png)): null

2018-12-12 20:48:13 - [TEST_STEP][PASSED] - Statement - counter = counter + 1: null

2018-12-12 20:48:13 - [TEST_STEP][PASSED] - Statement - PreSaveFile = new java.io.File(((pathPrefix + java.lang.Integer.toString(counter)) + .png)): null

2018-12-12 20:48:13 - [TEST_STEP][PASSED] - Statement - counter = counter + 1: null

2018-12-12 20:48:13 - [TEST_STEP][PASSED] - Statement - PreSaveFile = new java.io.File(((pathPrefix + java.lang.Integer.toString(counter)) + .png)): null

2018-12-12 20:48:13 - [TEST_STEP][PASSED] - Statement - counter = counter + 1: null

2018-12-12 20:48:13 - [TEST_STEP][PASSED] - Statement - PreSaveFile = new java.io.File(((pathPrefix + java.lang.Integer.toString(counter)) + .png)): null

2018-12-12 20:48:13 - [TEST_STEP][PASSED] - Statement - counter = counter + 1: null

2018-12-12 20:48:13 - [TEST_STEP][PASSED] - Statement - PreSaveFile = new java.io.File(((pathPrefix + java.lang.Integer.toString(counter)) + .png)): null

2018-12-12 20:48:13 - [TEST_STEP][PASSED] - Statement - counter = counter + 1: null

2018-12-12 20:48:13 - [TEST_STEP][PASSED] - Statement - PreSaveFile = new java.io.File(((pathPrefix + java.lang.Integer.toString(counter)) + .png)): null

2018-12-12 20:48:13 - [TEST_STEP][PASSED] - Statement - counter = counter + 1: null

2018-12-12 20:48:13 - [TEST_STEP][PASSED] - Statement - PreSaveFile = new java.io.File(((pathPrefix + java.lang.Integer.toString(counter)) + .png)): null

2018-12-12 20:48:13 - [TEST_STEP][PASSED] - Statement - counter = counter + 1: null

2018-12-12 20:48:13 - [TEST_STEP][PASSED] - Statement - PreSaveFile = new java.io.File(((pathPrefix + java.lang.Integer.toString(counter)) + .png)): null

2018-12-12 20:48:13 - [TEST_STEP][PASSED] - Statement - counter = counter + 1: null

2018-12-12 20:48:13 - [TEST_STEP][PASSED] - Statement - PreSaveFile = new java.io.File(((pathPrefix + java.lang.Integer.toString(counter)) + .png)): null

2018-12-12 20:48:13 - [TEST_STEP][PASSED] - Statement - finalPath = pathPrefix + java.lang.Integer.toString(counter) + ".png": null

2018-12-12 20:48:13 - [TEST_STEP][PASSED] - Statement - SaveFile = new java.io.File(finalPath): null

2018-12-12 20:48:13 - [TEST_STEP][PASSED] - Statement - Try: null

2018-12-12 20:48:13 - [TEST_STEP][PASSED] - Statement - org.apache.commons.io.FileUtils.copyFile(scrFile, SaveFile): null

2018-12-12 20:48:13 - [TEST_STEP][PASSED] - Statement - out.println("file kept"): null

2018-12-12 20:48:13 - [TEST_STEP][PASSED] - delay: Delayed 10 second(s)

2018-12-12 20:48:23 - [MESSAGE][PASSED] - Delayed 10 second(s)

2018-12-12 20:48:23 - [MESSAGE][PASSED] - Call Test Case 'Test Cases/Final Aug 2018 - PKS Automation/Registration Module/New Registration/Submit and Screenshot/Submit Registration and Screenshot' successfully

2018-12-12 20:48:23 - [TEST_STEP][PASSED] - callTestCase: Call Test Case 'Test Cases/Final Aug 2018 - PKS Automation/Registration Module/Log Out/log out avoiding katalon tagging' successfully

2018-12-12 20:48:23 - [TEST_CASE][PASSED] - Test Cases/Final Aug 2018 - PKS Automation/Registration Module/Log Out/log out avoiding katalon tagging: Test Cases/Final Aug 2018 - PKS Automation/Registration Module/Log Out/log out avoiding katalon tagging

2018-12-12 20:48:23 - [TEST_STEP][PASSED] - navigateToUrl: Navigate to 'https://assist2-uat.perkeso.gov.my/c/portal/logout' successfully

2018-12-12 20:48:24 - [MESSAGE][PASSED] - Navigate to 'https://assist2-uat.perkeso.gov.my/c/portal/logout' successfully

2018-12-12 20:48:24 - [MESSAGE][PASSED] - Call Test Case 'Test Cases/Final Aug 2018 - PKS Automation/Registration Module/Log Out/log out avoiding katalon tagging' successfully]]></system-out>
         <system-err><![CDATA[]]></system-err>
      </testcase>
      <system-out><![CDATA[2018-12-12 18:20:17 - [TEST_SUITE][FAILED] - New Registration: Test Cases/Final Aug 2018 - PKS Automation/Registration Module/Workflow/New Registration/Case OTC to RO - Query - Submit FAILED because (of) (Stack trace: com.kms.katalon.core.exception.StepFailedException: Unable to set text 'CRN12201800123226' of object 'Object Repository/Final Object Repo/New Registration - Registration Module Pages/New Reg - OTC to RO/Special Case - All Related Objects/TextBox RefNo in Workbasket' (Root cause: org.openqa.selenium.ElementNotVisibleException: element not interactable
  (Session info: chrome=70.0.3538.110)
  (Driver info: chromedriver=2.43.600210 (68dcf5eebde37173d4027fa8635e332711d2874a),platform=Windows NT 6.1.7601 SP1 x86_64) (WARNING: The server did not provide any stacktrace information)
Command duration or timeout: 0 milliseconds
Build info: version: '3.7.1', revision: '8a0099a', time: '2017-11-06T21:07:36.161Z'
System info: host: 'WIN7TEST02', ip: '10.20.3.72', os.name: 'Windows 7', os.arch: 'amd64', os.version: '6.1', java.version: '1.8.0_181'
Driver info: com.kms.katalon.selenium.driver.CChromeDriver
Capabilities {acceptInsecureCerts: false, acceptSslCerts: false, applicationCacheEnabled: false, browserConnectionEnabled: false, browserName: chrome, chrome: {chromedriverVersion: 2.43.600210 (68dcf5eebde371..., userDataDir: C:\Users\Admin\AppData\Loca...}, cssSelectorsEnabled: true, databaseEnabled: false, goog:chromeOptions: {debuggerAddress: localhost:54891}, handlesAlerts: true, hasTouchScreen: false, javascriptEnabled: true, locationContextEnabled: true, mobileEmulationEnabled: false, nativeEvents: true, networkConnectionEnabled: false, pageLoadStrategy: normal, platform: XP, platformName: XP, rotatable: false, setWindowRect: true, takesHeapSnapshot: true, takesScreenshot: true, unexpectedAlertBehaviour: , unhandledPromptBehavior: , version: 70.0.3538.110, webStorageEnabled: true}
Session ID: 4a710ec880aba4923aa41e4236e18687)
	at com.kms.katalon.core.keyword.internal.KeywordMain.stepFailed(KeywordMain.groovy:32)
	at com.kms.katalon.core.webui.keyword.internal.WebUIKeywordMain.stepFailed(WebUIKeywordMain.groovy:65)
	at com.kms.katalon.core.webui.keyword.internal.WebUIKeywordMain.runKeyword(WebUIKeywordMain.groovy:27)
	at com.kms.katalon.core.webui.keyword.builtin.SetTextKeyword.setText(SetTextKeyword.groovy:65)
	at com.kms.katalon.core.webui.keyword.builtin.SetTextKeyword.execute(SetTextKeyword.groovy:37)
	at com.kms.katalon.core.keyword.internal.KeywordExecutor.executeKeywordForPlatform(KeywordExecutor.groovy:53)
	at com.kms.katalon.core.webui.keyword.WebUiBuiltInKeywords.setText(WebUiBuiltInKeywords.groovy:950)
	at com.kms.katalon.core.webui.keyword.WebUiBuiltInKeywords$setText$1.call(Unknown Source)
	at org.codehaus.groovy.runtime.callsite.CallSiteArray.defaultCall(CallSiteArray.java:48)
	at org.codehaus.groovy.runtime.callsite.AbstractCallSite.call(AbstractCallSite.java:113)
	at org.codehaus.groovy.runtime.callsite.AbstractCallSite.call(AbstractCallSite.java:133)
	at Script1535599386194.run(Script1535599386194.groovy:73)
	at com.kms.katalon.core.main.ScriptEngine.run(ScriptEngine.java:183)
	at com.kms.katalon.core.main.ScriptEngine.runScriptAsRawText(ScriptEngine.java:108)
	at com.kms.katalon.core.main.TestCaseExecutor.runScript(TestCaseExecutor.java:294)
	at com.kms.katalon.core.main.TestCaseExecutor.doExecute(TestCaseExecutor.java:285)
	at com.kms.katalon.core.main.TestCaseExecutor.processExecutionPhase(TestCaseExecutor.java:264)
	at com.kms.katalon.core.main.TestCaseExecutor.accessMainPhase(TestCaseExecutor.java:256)
	at com.kms.katalon.core.main.TestCaseExecutor.execute(TestCaseExecutor.java:200)
	at com.kms.katalon.core.main.TestSuiteExecutor.accessTestCaseMainPhase(TestSuiteExecutor.java:129)
	at com.kms.katalon.core.main.TestSuiteExecutor.accessTestSuiteMainPhase(TestSuiteExecutor.java:112)
	at com.kms.katalon.core.main.TestSuiteExecutor.execute(TestSuiteExecutor.java:81)
	at com.kms.katalon.core.main.TestCaseMain.startTestSuite(TestCaseMain.java:142)
	at com.kms.katalon.core.main.TestCaseMain$startTestSuite$0.call(Unknown Source)
	at org.codehaus.groovy.runtime.callsite.CallSiteArray.defaultCall(CallSiteArray.java:48)
	at org.codehaus.groovy.runtime.callsite.AbstractCallSite.call(AbstractCallSite.java:113)
	at org.codehaus.groovy.runtime.callsite.AbstractCallSite.call(AbstractCallSite.java:141)
	at TempTestSuite1544598049714.run(TempTestSuite1544598049714.groovy:36)
	at groovy.lang.GroovyShell.runScriptOrMainOrTestOrRunnable(GroovyShell.java:263)
	at groovy.lang.GroovyShell.run(GroovyShell.java:518)
	at groovy.lang.GroovyShell.run(GroovyShell.java:507)
	at groovy.ui.GroovyMain.processOnce(GroovyMain.java:653)
	at groovy.ui.GroovyMain.run(GroovyMain.java:384)
	at groovy.ui.GroovyMain.process(GroovyMain.java:370)
	at groovy.ui.GroovyMain.processArgs(GroovyMain.java:129)
	at groovy.ui.GroovyMain.main(GroovyMain.java:109)
	at sun.reflect.NativeMethodAccessorImpl.invoke0(Native Method)
	at sun.reflect.NativeMethodAccessorImpl.invoke(NativeMethodAccessorImpl.java:62)
	at sun.reflect.DelegatingMethodAccessorImpl.invoke(DelegatingMethodAccessorImpl.java:43)
	at java.lang.reflect.Method.invoke(Method.java:498)
	at org.codehaus.groovy.tools.GroovyStarter.rootLoader(GroovyStarter.java:109)
	at org.codehaus.groovy.tools.GroovyStarter.main(GroovyStarter.java:131)
)]]></system-out>
      <system-err><![CDATA[2018-12-12 18:20:17 - [TEST_SUITE][FAILED] - New Registration: Test Cases/Final Aug 2018 - PKS Automation/Registration Module/Workflow/New Registration/Case OTC to RO - Query - Submit FAILED because (of) (Stack trace: com.kms.katalon.core.exception.StepFailedException: Unable to set text 'CRN12201800123226' of object 'Object Repository/Final Object Repo/New Registration - Registration Module Pages/New Reg - OTC to RO/Special Case - All Related Objects/TextBox RefNo in Workbasket' (Root cause: org.openqa.selenium.ElementNotVisibleException: element not interactable
  (Session info: chrome=70.0.3538.110)
  (Driver info: chromedriver=2.43.600210 (68dcf5eebde37173d4027fa8635e332711d2874a),platform=Windows NT 6.1.7601 SP1 x86_64) (WARNING: The server did not provide any stacktrace information)
Command duration or timeout: 0 milliseconds
Build info: version: '3.7.1', revision: '8a0099a', time: '2017-11-06T21:07:36.161Z'
System info: host: 'WIN7TEST02', ip: '10.20.3.72', os.name: 'Windows 7', os.arch: 'amd64', os.version: '6.1', java.version: '1.8.0_181'
Driver info: com.kms.katalon.selenium.driver.CChromeDriver
Capabilities {acceptInsecureCerts: false, acceptSslCerts: false, applicationCacheEnabled: false, browserConnectionEnabled: false, browserName: chrome, chrome: {chromedriverVersion: 2.43.600210 (68dcf5eebde371..., userDataDir: C:\Users\Admin\AppData\Loca...}, cssSelectorsEnabled: true, databaseEnabled: false, goog:chromeOptions: {debuggerAddress: localhost:54891}, handlesAlerts: true, hasTouchScreen: false, javascriptEnabled: true, locationContextEnabled: true, mobileEmulationEnabled: false, nativeEvents: true, networkConnectionEnabled: false, pageLoadStrategy: normal, platform: XP, platformName: XP, rotatable: false, setWindowRect: true, takesHeapSnapshot: true, takesScreenshot: true, unexpectedAlertBehaviour: , unhandledPromptBehavior: , version: 70.0.3538.110, webStorageEnabled: true}
Session ID: 4a710ec880aba4923aa41e4236e18687)
	at com.kms.katalon.core.keyword.internal.KeywordMain.stepFailed(KeywordMain.groovy:32)
	at com.kms.katalon.core.webui.keyword.internal.WebUIKeywordMain.stepFailed(WebUIKeywordMain.groovy:65)
	at com.kms.katalon.core.webui.keyword.internal.WebUIKeywordMain.runKeyword(WebUIKeywordMain.groovy:27)
	at com.kms.katalon.core.webui.keyword.builtin.SetTextKeyword.setText(SetTextKeyword.groovy:65)
	at com.kms.katalon.core.webui.keyword.builtin.SetTextKeyword.execute(SetTextKeyword.groovy:37)
	at com.kms.katalon.core.keyword.internal.KeywordExecutor.executeKeywordForPlatform(KeywordExecutor.groovy:53)
	at com.kms.katalon.core.webui.keyword.WebUiBuiltInKeywords.setText(WebUiBuiltInKeywords.groovy:950)
	at com.kms.katalon.core.webui.keyword.WebUiBuiltInKeywords$setText$1.call(Unknown Source)
	at org.codehaus.groovy.runtime.callsite.CallSiteArray.defaultCall(CallSiteArray.java:48)
	at org.codehaus.groovy.runtime.callsite.AbstractCallSite.call(AbstractCallSite.java:113)
	at org.codehaus.groovy.runtime.callsite.AbstractCallSite.call(AbstractCallSite.java:133)
	at Script1535599386194.run(Script1535599386194.groovy:73)
	at com.kms.katalon.core.main.ScriptEngine.run(ScriptEngine.java:183)
	at com.kms.katalon.core.main.ScriptEngine.runScriptAsRawText(ScriptEngine.java:108)
	at com.kms.katalon.core.main.TestCaseExecutor.runScript(TestCaseExecutor.java:294)
	at com.kms.katalon.core.main.TestCaseExecutor.doExecute(TestCaseExecutor.java:285)
	at com.kms.katalon.core.main.TestCaseExecutor.processExecutionPhase(TestCaseExecutor.java:264)
	at com.kms.katalon.core.main.TestCaseExecutor.accessMainPhase(TestCaseExecutor.java:256)
	at com.kms.katalon.core.main.TestCaseExecutor.execute(TestCaseExecutor.java:200)
	at com.kms.katalon.core.main.TestSuiteExecutor.accessTestCaseMainPhase(TestSuiteExecutor.java:129)
	at com.kms.katalon.core.main.TestSuiteExecutor.accessTestSuiteMainPhase(TestSuiteExecutor.java:112)
	at com.kms.katalon.core.main.TestSuiteExecutor.execute(TestSuiteExecutor.java:81)
	at com.kms.katalon.core.main.TestCaseMain.startTestSuite(TestCaseMain.java:142)
	at com.kms.katalon.core.main.TestCaseMain$startTestSuite$0.call(Unknown Source)
	at org.codehaus.groovy.runtime.callsite.CallSiteArray.defaultCall(CallSiteArray.java:48)
	at org.codehaus.groovy.runtime.callsite.AbstractCallSite.call(AbstractCallSite.java:113)
	at org.codehaus.groovy.runtime.callsite.AbstractCallSite.call(AbstractCallSite.java:141)
	at TempTestSuite1544598049714.run(TempTestSuite1544598049714.groovy:36)
	at groovy.lang.GroovyShell.runScriptOrMainOrTestOrRunnable(GroovyShell.java:263)
	at groovy.lang.GroovyShell.run(GroovyShell.java:518)
	at groovy.lang.GroovyShell.run(GroovyShell.java:507)
	at groovy.ui.GroovyMain.processOnce(GroovyMain.java:653)
	at groovy.ui.GroovyMain.run(GroovyMain.java:384)
	at groovy.ui.GroovyMain.process(GroovyMain.java:370)
	at groovy.ui.GroovyMain.processArgs(GroovyMain.java:129)
	at groovy.ui.GroovyMain.main(GroovyMain.java:109)
	at sun.reflect.NativeMethodAccessorImpl.invoke0(Native Method)
	at sun.reflect.NativeMethodAccessorImpl.invoke(NativeMethodAccessorImpl.java:62)
	at sun.reflect.DelegatingMethodAccessorImpl.invoke(DelegatingMethodAccessorImpl.java:43)
	at java.lang.reflect.Method.invoke(Method.java:498)
	at org.codehaus.groovy.tools.GroovyStarter.rootLoader(GroovyStarter.java:109)
	at org.codehaus.groovy.tools.GroovyStarter.main(GroovyStarter.java:131)
)]]></system-err>
   </testsuite>
</testsuites>
