<?xml version="1.0" encoding="UTF-8"?>
<testsuites name="New Registration" time="7424" tests="9" failures="4" errors="0">
   <testsuite name="New Registration" tests="9" failures="4" errors="0" time="7424" timestamp="2018-12-11 13:13:45" hostname="Admin - Win7Test02" id="Test Suites/Workflow/New Registration">
      <properties>
         <property name="deviceName" value=""/>
         <property name="devicePlatform" value=""/>
         <property name="logFolder" value="C:\\Users\\Admin\\Desktop\\PKS\\Perkeso Phase A\\Reports\\Workflow\\New Registration\\20181211_110147"/>
         <property name="logFiles" value="C:\\Users\\Admin\\Desktop\\PKS\\Perkeso Phase A\\Reports\\Workflow\\New Registration\\20181211_110147\\execution0.log, C:\\Users\\Admin\\Desktop\\PKS\\Perkeso Phase A\\Reports\\Workflow\\New Registration\\20181211_110147\\execution1.log"/>
         <property name="attachments" value="C:\\Users\\Admin\\Desktop\\PKS\\Perkeso Phase A\\Reports\\Workflow\\New Registration\\20181211_110147\\1544507644884.png, C:\\Users\\Admin\\Desktop\\PKS\\Perkeso Phase A\\Reports\\Workflow\\New Registration\\20181211_110147\\1544510564523.png, C:\\Users\\Admin\\Desktop\\PKS\\Perkeso Phase A\\Reports\\Workflow\\New Registration\\20181211_110147\\1544511927426.png, C:\\Users\\Admin\\Desktop\\PKS\\Perkeso Phase A\\Reports\\Workflow\\New Registration\\20181211_110147\\1544512364971.png"/>
         <property name="hostName" value="Admin - Win7Test02"/>
         <property name="os" value="Windows 7 64bit"/>
         <property name="katalonVersion" value="5.8.6.1"/>
         <property name="browser" value="Chrome 70.0.3538.110"/>
         <property name="hostAddress" value="10.20.3.72"/>
         <property name="sessionId" value="a089901ebb29cc16d5d10ceaf12c20e2"/>
         <property name="seleniumVersion" value="3.7.1"/>
         <property name="proxyInformation" value="ProxyInformation{proxyOption=NO_PROXY, proxyServerType=HTTP, password=, proxyServerAddress=, proxyServerPort=0}"/>
         <property name="platform" value="Windows 7"/>
      </properties>
      <testcase name="Test Cases/Final Aug 2018 - PKS Automation/Registration Module/Workflow/New Registration - OTC to PKRBO (Incomplete)" classname="Test Cases/Final Aug 2018 - PKS Automation/Registration Module/Workflow/New Registration - OTC to PKRBO (Incomplete)" status="PASSED">
         <system-out><![CDATA[2018-12-11 13:13:46 - [TEST_CASE][PASSED] - Test Cases/Final Aug 2018 - PKS Automation/Registration Module/Workflow/New Registration - OTC to PKRBO (Incomplete): Test Cases/Final Aug 2018 - PKS Automation/Registration Module/Workflow/New Registration - OTC to PKRBO (Incomplete)

2018-12-11 13:13:46 - [TEST_STEP][PASSED] - callTestCase: Call Test Case 'Test Cases/Final Aug 2018 - PKS Automation/Registration Module/New Registration/Form 1/Form 1 - Corporation - BHD' successfully

2018-12-11 13:13:46 - [TEST_CASE][PASSED] - Test Cases/Final Aug 2018 - PKS Automation/Registration Module/New Registration/Form 1/Form 1 - Corporation - BHD: Test Cases/Final Aug 2018 - PKS Automation/Registration Module/New Registration/Form 1/Form 1 - Corporation - BHD

2018-12-11 13:13:47 - [TEST_STEP][PASSED] - openBrowser: Browser is opened with url: ''

2018-12-11 13:13:52 - [MESSAGE][PASSED] - Browser is opened with url: ''

2018-12-11 13:13:52 - [TEST_STEP][PASSED] - navigateToUrl: Navigate to 'https://assist2-uat.perkeso.gov.my/login' successfully

2018-12-11 13:13:53 - [MESSAGE][PASSED] - Navigate to 'https://assist2-uat.perkeso.gov.my/login' successfully

2018-12-11 13:13:53 - [TEST_STEP][PASSED] - setText: Text 'johorotc1@gmail.com' is set on object 'Object Repository/Final Object Repo/Login Page/Internal User/Email Address'

2018-12-11 13:13:53 - [MESSAGE][PASSED] - Text 'johorotc1@gmail.com' is set on object 'Object Repository/Final Object Repo/Login Page/Internal User/Email Address'

2018-12-11 13:13:53 - [TEST_STEP][PASSED] - click: Object: 'Object Repository/Final Object Repo/Login Page/Internal User/Next Button' is clicked on

2018-12-11 13:13:53 - [MESSAGE][PASSED] - Object: 'Object Repository/Final Object Repo/Login Page/Internal User/Next Button' is clicked on

2018-12-11 13:13:53 - [TEST_STEP][PASSED] - delay: Delayed 1 second(s)

2018-12-11 13:13:54 - [MESSAGE][PASSED] - Delayed 1 second(s)

2018-12-11 13:13:54 - [TEST_STEP][PASSED] - setEncryptedText: Text ****** has been set on object 'Object Repository/Final Object Repo/Login Page/Internal User/Password'

2018-12-11 13:13:55 - [MESSAGE][PASSED] - Text ****** has been set on object 'Object Repository/Final Object Repo/Login Page/Internal User/Password'

2018-12-11 13:13:55 - [TEST_STEP][PASSED] - click: Object: 'Object Repository/Final Object Repo/Login Page/Internal User/Login Button' is clicked on

2018-12-11 13:13:55 - [MESSAGE][PASSED] - Object: 'Object Repository/Final Object Repo/Login Page/Internal User/Login Button' is clicked on

2018-12-11 13:13:55 - [TEST_STEP][PASSED] - delay: Delayed 1 second(s)

2018-12-11 13:13:56 - [MESSAGE][PASSED] - Delayed 1 second(s)

2018-12-11 13:13:56 - [TEST_STEP][PASSED] - Statement - Try: Delayed 2 second(s)

2018-12-11 13:13:56 - [TEST_STEP][PASSED] - Statement - Checker = false: null

2018-12-11 13:13:56 - [TEST_STEP][PASSED] - Statement - Checker = com.kms.katalon.core.webui.keyword.WebUiBuiltInKeywords.verifyElementHasAttribute(com.kms.katalon.core.testobject.ObjectRepository.findTestObject(Final Object Repo/Landing Page/BM Detecting), "href", 20, OPTIONAL): Object 'Object Repository/Final Object Repo/Landing Page/BM Detecting' has attribute 'href'

2018-12-11 13:13:57 - [MESSAGE][PASSED] - Object 'Object Repository/Final Object Repo/Landing Page/BM Detecting' has attribute 'href'

2018-12-11 13:13:57 - [TEST_STEP][PASSED] - Statement - out.println(Checker): null

2018-12-11 13:13:57 - [TEST_STEP][PASSED] - Statement - If (Checker == false): null

2018-12-11 13:13:57 - [TEST_STEP][PASSED] - Statement - Else: null

2018-12-11 13:13:57 - [TEST_STEP][PASSED] - delay: Delayed 2 second(s)

2018-12-11 13:13:59 - [MESSAGE][PASSED] - Delayed 2 second(s)

2018-12-11 13:13:59 - [TEST_STEP][PASSED] - navigateToUrl: Navigate to 'https://assist2-uat.perkeso.gov.my/web/registration/registration' successfully

2018-12-11 13:14:01 - [MESSAGE][PASSED] - Navigate to 'https://assist2-uat.perkeso.gov.my/web/registration/registration' successfully

2018-12-11 13:14:01 - [TEST_STEP][PASSED] - click: Object: 'Object Repository/Final Object Repo/New Registration - Registration Module Pages/Form 1/AEC - No' is clicked on

2018-12-11 13:14:01 - [MESSAGE][PASSED] - Object: 'Object Repository/Final Object Repo/New Registration - Registration Module Pages/Form 1/AEC - No' is clicked on

2018-12-11 13:14:01 - [TEST_STEP][PASSED] - click: Object: 'Object Repository/Final Object Repo/New Registration - Registration Module Pages/Form 1/Business Entity' is clicked on

2018-12-11 13:14:01 - [MESSAGE][PASSED] - Object: 'Object Repository/Final Object Repo/New Registration - Registration Module Pages/Form 1/Business Entity' is clicked on

2018-12-11 13:14:01 - [TEST_STEP][PASSED] - click: Object: 'Object Repository/Final Object Repo/New Registration - Registration Module Pages/Form 1/Businees Entity - Corporation' is clicked on

2018-12-11 13:14:01 - [MESSAGE][PASSED] - Object: 'Object Repository/Final Object Repo/New Registration - Registration Module Pages/Form 1/Businees Entity - Corporation' is clicked on

2018-12-11 13:14:01 - [TEST_STEP][PASSED] - delay: Delayed 1 second(s)

2018-12-11 13:14:02 - [MESSAGE][PASSED] - Delayed 1 second(s)

2018-12-11 13:14:02 - [TEST_STEP][PASSED] - click: Object: 'Object Repository/Final Object Repo/New Registration - Registration Module Pages/Form 1/Sub Business Entity' is clicked on

2018-12-11 13:14:02 - [MESSAGE][PASSED] - Object: 'Object Repository/Final Object Repo/New Registration - Registration Module Pages/Form 1/Sub Business Entity' is clicked on

2018-12-11 13:14:02 - [TEST_STEP][PASSED] - click: Object: 'Object Repository/Final Object Repo/New Registration - Registration Module Pages/Form 1/Sub Business Entity - Berhad' is clicked on

2018-12-11 13:14:03 - [MESSAGE][PASSED] - Object: 'Object Repository/Final Object Repo/New Registration - Registration Module Pages/Form 1/Sub Business Entity - Berhad' is clicked on

2018-12-11 13:14:03 - [TEST_STEP][PASSED] - delay: Delayed 1 second(s)

2018-12-11 13:14:04 - [MESSAGE][PASSED] - Delayed 1 second(s)

2018-12-11 13:14:04 - [TEST_STEP][PASSED] - setText: Text '123' is set on object 'Object Repository/Final Object Repo/New Registration - Registration Module Pages/Form 1/Registration Number'

2018-12-11 13:14:04 - [MESSAGE][PASSED] - Text '123' is set on object 'Object Repository/Final Object Repo/New Registration - Registration Module Pages/Form 1/Registration Number'

2018-12-11 13:14:04 - [TEST_STEP][PASSED] - click: Object: 'Object Repository/Final Object Repo/New Registration - Registration Module Pages/Form 1/Registred with SSM - Before Feb' is clicked on

2018-12-11 13:14:04 - [MESSAGE][PASSED] - Object: 'Object Repository/Final Object Repo/New Registration - Registration Module Pages/Form 1/Registred with SSM - Before Feb' is clicked on

2018-12-11 13:14:04 - [TEST_STEP][PASSED] - click: Object: 'Object Repository/Final Object Repo/New Registration - Registration Module Pages/Form 1/Registered As a Branch - Yes' is clicked on

2018-12-11 13:14:04 - [MESSAGE][PASSED] - Object: 'Object Repository/Final Object Repo/New Registration - Registration Module Pages/Form 1/Registered As a Branch - Yes' is clicked on

2018-12-11 13:14:04 - [TEST_STEP][PASSED] - click: Object: 'Object Repository/Final Object Repo/New Registration - Registration Module Pages/Form 1/Acknowledgement' is clicked on

2018-12-11 13:14:05 - [MESSAGE][PASSED] - Object: 'Object Repository/Final Object Repo/New Registration - Registration Module Pages/Form 1/Acknowledgement' is clicked on

2018-12-11 13:14:05 - [TEST_STEP][PASSED] - setText: Text 'perkeso' is set on object 'Object Repository/Final Object Repo/New Registration - Registration Module Pages/Form 1/Industry name'

2018-12-11 13:14:05 - [MESSAGE][PASSED] - Text 'perkeso' is set on object 'Object Repository/Final Object Repo/New Registration - Registration Module Pages/Form 1/Industry name'

2018-12-11 13:14:05 - [TEST_STEP][PASSED] - setText: Text 'perkeso1' is set on object 'Object Repository/Final Object Repo/New Registration - Registration Module Pages/Form 1/Postal Address1'

2018-12-11 13:14:05 - [MESSAGE][PASSED] - Text 'perkeso1' is set on object 'Object Repository/Final Object Repo/New Registration - Registration Module Pages/Form 1/Postal Address1'

2018-12-11 13:14:05 - [TEST_STEP][PASSED] - setText: Text 'perkeso2' is set on object 'Object Repository/Final Object Repo/New Registration - Registration Module Pages/Form 1/Postal Address2'

2018-12-11 13:14:06 - [MESSAGE][PASSED] - Text 'perkeso2' is set on object 'Object Repository/Final Object Repo/New Registration - Registration Module Pages/Form 1/Postal Address2'

2018-12-11 13:14:06 - [TEST_STEP][PASSED] - setText: Text 'perkeso3' is set on object 'Object Repository/Final Object Repo/New Registration - Registration Module Pages/Form 1/Postal Address3'

2018-12-11 13:14:06 - [MESSAGE][PASSED] - Text 'perkeso3' is set on object 'Object Repository/Final Object Repo/New Registration - Registration Module Pages/Form 1/Postal Address3'

2018-12-11 13:14:06 - [TEST_STEP][PASSED] - click: Object: 'Object Repository/Final Object Repo/New Registration - Registration Module Pages/Form 1/State' is clicked on

2018-12-11 13:14:06 - [MESSAGE][PASSED] - Object: 'Object Repository/Final Object Repo/New Registration - Registration Module Pages/Form 1/State' is clicked on

2018-12-11 13:14:06 - [TEST_STEP][PASSED] - click: Object: 'Object Repository/Final Object Repo/New Registration - Registration Module Pages/Form 1/State - Johor' is clicked on

2018-12-11 13:14:07 - [MESSAGE][PASSED] - Object: 'Object Repository/Final Object Repo/New Registration - Registration Module Pages/Form 1/State - Johor' is clicked on

2018-12-11 13:14:07 - [TEST_STEP][PASSED] - delay: Delayed 1 second(s)

2018-12-11 13:14:08 - [MESSAGE][PASSED] - Delayed 1 second(s)

2018-12-11 13:14:08 - [TEST_STEP][PASSED] - click: Object: 'Object Repository/Final Object Repo/New Registration - Registration Module Pages/Form 1/City' is clicked on

2018-12-11 13:14:08 - [MESSAGE][PASSED] - Object: 'Object Repository/Final Object Repo/New Registration - Registration Module Pages/Form 1/City' is clicked on

2018-12-11 13:14:08 - [TEST_STEP][PASSED] - setText: Text 'joh' is set on object 'Object Repository/Final Object Repo/New Registration - Registration Module Pages/Form 1/Postcode - 810'

2018-12-11 13:14:08 - [MESSAGE][PASSED] - Text 'joh' is set on object 'Object Repository/Final Object Repo/New Registration - Registration Module Pages/Form 1/Postcode - 810'

2018-12-11 13:14:08 - [TEST_STEP][PASSED] - delay: Delayed 1 second(s)

2018-12-11 13:14:09 - [MESSAGE][PASSED] - Delayed 1 second(s)

2018-12-11 13:14:09 - [TEST_STEP][PASSED] - click: Object: 'Object Repository/Final Object Repo/New Registration - Registration Module Pages/Form 1/City - Johor Bharu' is clicked on

2018-12-11 13:14:09 - [MESSAGE][PASSED] - Object: 'Object Repository/Final Object Repo/New Registration - Registration Module Pages/Form 1/City - Johor Bharu' is clicked on

2018-12-11 13:14:09 - [TEST_STEP][PASSED] - delay: Delayed 1 second(s)

2018-12-11 13:14:10 - [MESSAGE][PASSED] - Delayed 1 second(s)

2018-12-11 13:14:10 - [TEST_STEP][PASSED] - click: Object: 'Object Repository/Final Object Repo/New Registration - Registration Module Pages/Form 1/Postcode' is clicked on

2018-12-11 13:14:10 - [MESSAGE][PASSED] - Object: 'Object Repository/Final Object Repo/New Registration - Registration Module Pages/Form 1/Postcode' is clicked on

2018-12-11 13:14:10 - [TEST_STEP][PASSED] - delay: Delayed 1 second(s)

2018-12-11 13:14:11 - [MESSAGE][PASSED] - Delayed 1 second(s)

2018-12-11 13:14:11 - [TEST_STEP][PASSED] - setText: Text '810' is set on object 'Object Repository/Final Object Repo/New Registration - Registration Module Pages/Form 1/Postcode - 810'

2018-12-11 13:14:12 - [MESSAGE][PASSED] - Text '810' is set on object 'Object Repository/Final Object Repo/New Registration - Registration Module Pages/Form 1/Postcode - 810'

2018-12-11 13:14:12 - [TEST_STEP][PASSED] - delay: Delayed 3 second(s)

2018-12-11 13:14:15 - [MESSAGE][PASSED] - Delayed 3 second(s)

2018-12-11 13:14:15 - [TEST_STEP][PASSED] - click: Object: 'Object Repository/Final Object Repo/New Registration - Registration Module Pages/Form 1/Postcode - 81000' is clicked on

2018-12-11 13:14:15 - [MESSAGE][PASSED] - Object: 'Object Repository/Final Object Repo/New Registration - Registration Module Pages/Form 1/Postcode - 81000' is clicked on

2018-12-11 13:14:15 - [TEST_STEP][PASSED] - delay: Delayed 1 second(s)

2018-12-11 13:14:16 - [MESSAGE][PASSED] - Delayed 1 second(s)

2018-12-11 13:14:16 - [TEST_STEP][PASSED] - setText: Text '100' is set on object 'Object Repository/Final Object Repo/New Registration - Registration Module Pages/Form 1/P.O.BOX'

2018-12-11 13:14:16 - [MESSAGE][PASSED] - Text '100' is set on object 'Object Repository/Final Object Repo/New Registration - Registration Module Pages/Form 1/P.O.BOX'

2018-12-11 13:14:16 - [TEST_STEP][PASSED] - setText: Text '100' is set on object 'Object Repository/Final Object Repo/New Registration - Registration Module Pages/Form 1/Locked Bag No'

2018-12-11 13:14:16 - [MESSAGE][PASSED] - Text '100' is set on object 'Object Repository/Final Object Repo/New Registration - Registration Module Pages/Form 1/Locked Bag No'

2018-12-11 13:14:16 - [TEST_STEP][PASSED] - click: Object: 'Object Repository/Final Object Repo/New Registration - Registration Module Pages/Form 1/SOCSO Office Location' is clicked on

2018-12-11 13:14:17 - [MESSAGE][PASSED] - Object: 'Object Repository/Final Object Repo/New Registration - Registration Module Pages/Form 1/SOCSO Office Location' is clicked on

2018-12-11 13:14:17 - [TEST_STEP][PASSED] - click: Object: 'Object Repository/Final Object Repo/New Registration - Registration Module Pages/Form 1/SOCSO Office Location - Pejabat PERKESO Negeri Johor' is clicked on

2018-12-11 13:14:17 - [MESSAGE][PASSED] - Object: 'Object Repository/Final Object Repo/New Registration - Registration Module Pages/Form 1/SOCSO Office Location - Pejabat PERKESO Negeri Johor' is clicked on

2018-12-11 13:14:17 - [TEST_STEP][PASSED] - delay: Delayed 1 second(s)

2018-12-11 13:14:18 - [MESSAGE][PASSED] - Delayed 1 second(s)

2018-12-11 13:14:18 - [TEST_STEP][PASSED] - check: Object 'Object Repository/Final Object Repo/New Registration - Registration Module Pages/Form 1/Indusrty Address Same As Postal Address' is checked

2018-12-11 13:14:18 - [MESSAGE][PASSED] - Object 'Object Repository/Final Object Repo/New Registration - Registration Module Pages/Form 1/Indusrty Address Same As Postal Address' is checked

2018-12-11 13:14:18 - [TEST_STEP][PASSED] - delay: Delayed 3 second(s)

2018-12-11 13:14:21 - [MESSAGE][PASSED] - Delayed 3 second(s)

2018-12-11 13:14:21 - [TEST_STEP][PASSED] - click: Object: 'Object Repository/Final Object Repo/New Registration - Registration Module Pages/Form 1/Indusry Address Same As Postal Address False' is clicked on

2018-12-11 13:14:21 - [MESSAGE][PASSED] - Object: 'Object Repository/Final Object Repo/New Registration - Registration Module Pages/Form 1/Indusry Address Same As Postal Address False' is clicked on

2018-12-11 13:14:21 - [TEST_STEP][PASSED] - delay: Delayed 1 second(s)

2018-12-11 13:14:22 - [MESSAGE][PASSED] - Delayed 1 second(s)

2018-12-11 13:14:22 - [TEST_STEP][PASSED] - setText: Text 'perkeso1' is set on object 'Object Repository/Final Object Repo/New Registration - Registration Module Pages/Form 1/Industry Address1'

2018-12-11 13:14:23 - [MESSAGE][PASSED] - Text 'perkeso1' is set on object 'Object Repository/Final Object Repo/New Registration - Registration Module Pages/Form 1/Industry Address1'

2018-12-11 13:14:23 - [TEST_STEP][PASSED] - setText: Text 'perkeso2' is set on object 'Object Repository/Final Object Repo/New Registration - Registration Module Pages/Form 1/Industry Address2'

2018-12-11 13:14:23 - [MESSAGE][PASSED] - Text 'perkeso2' is set on object 'Object Repository/Final Object Repo/New Registration - Registration Module Pages/Form 1/Industry Address2'

2018-12-11 13:14:23 - [TEST_STEP][PASSED] - setText: Text 'perkeso3' is set on object 'Object Repository/Final Object Repo/New Registration - Registration Module Pages/Form 1/Industry Address3'

2018-12-11 13:14:23 - [MESSAGE][PASSED] - Text 'perkeso3' is set on object 'Object Repository/Final Object Repo/New Registration - Registration Module Pages/Form 1/Industry Address3'

2018-12-11 13:14:23 - [TEST_STEP][PASSED] - click: Object: 'Object Repository/Final Object Repo/New Registration - Registration Module Pages/Form 1/Industry State' is clicked on

2018-12-11 13:14:24 - [MESSAGE][PASSED] - Object: 'Object Repository/Final Object Repo/New Registration - Registration Module Pages/Form 1/Industry State' is clicked on

2018-12-11 13:14:24 - [TEST_STEP][PASSED] - delay: Delayed 2 second(s)

2018-12-11 13:14:26 - [MESSAGE][PASSED] - Delayed 2 second(s)

2018-12-11 13:14:26 - [TEST_STEP][PASSED] - click: Object: 'Object Repository/Final Object Repo/New Registration - Registration Module Pages/Form 1/Industry State - Johor' is clicked on

2018-12-11 13:14:26 - [MESSAGE][PASSED] - Object: 'Object Repository/Final Object Repo/New Registration - Registration Module Pages/Form 1/Industry State - Johor' is clicked on

2018-12-11 13:14:26 - [TEST_STEP][PASSED] - delay: Delayed 2 second(s)

2018-12-11 13:14:28 - [MESSAGE][PASSED] - Delayed 2 second(s)

2018-12-11 13:14:28 - [TEST_STEP][PASSED] - click: Object: 'Object Repository/Final Object Repo/New Registration - Registration Module Pages/Form 1/Industry Ciry' is clicked on

2018-12-11 13:14:28 - [MESSAGE][PASSED] - Object: 'Object Repository/Final Object Repo/New Registration - Registration Module Pages/Form 1/Industry Ciry' is clicked on

2018-12-11 13:14:28 - [TEST_STEP][PASSED] - setText: Text 'joh' is set on object 'Object Repository/Final Object Repo/New Registration - Registration Module Pages/Form 1/Industry Ciry - joh'

2018-12-11 13:14:28 - [MESSAGE][PASSED] - Text 'joh' is set on object 'Object Repository/Final Object Repo/New Registration - Registration Module Pages/Form 1/Industry Ciry - joh'

2018-12-11 13:14:28 - [TEST_STEP][PASSED] - delay: Delayed 2 second(s)

2018-12-11 13:14:30 - [MESSAGE][PASSED] - Delayed 2 second(s)

2018-12-11 13:14:30 - [TEST_STEP][PASSED] - click: Object: 'Object Repository/Final Object Repo/New Registration - Registration Module Pages/Form 1/Industy State - Johor Bharu' is clicked on

2018-12-11 13:14:30 - [MESSAGE][PASSED] - Object: 'Object Repository/Final Object Repo/New Registration - Registration Module Pages/Form 1/Industy State - Johor Bharu' is clicked on

2018-12-11 13:14:30 - [TEST_STEP][PASSED] - delay: Delayed 1 second(s)

2018-12-11 13:14:31 - [MESSAGE][PASSED] - Delayed 1 second(s)

2018-12-11 13:14:31 - [TEST_STEP][PASSED] - click: Object: 'Object Repository/Final Object Repo/New Registration - Registration Module Pages/Form 1/Indusry PostCode' is clicked on

2018-12-11 13:14:32 - [MESSAGE][PASSED] - Object: 'Object Repository/Final Object Repo/New Registration - Registration Module Pages/Form 1/Indusry PostCode' is clicked on

2018-12-11 13:14:32 - [TEST_STEP][PASSED] - delay: Delayed 1 second(s)

2018-12-11 13:14:33 - [MESSAGE][PASSED] - Delayed 1 second(s)

2018-12-11 13:14:33 - [TEST_STEP][PASSED] - setText: Text '810' is set on object 'Object Repository/Final Object Repo/New Registration - Registration Module Pages/Form 1/Insutry Post Code - 810'

2018-12-11 13:14:33 - [MESSAGE][PASSED] - Text '810' is set on object 'Object Repository/Final Object Repo/New Registration - Registration Module Pages/Form 1/Insutry Post Code - 810'

2018-12-11 13:14:33 - [TEST_STEP][PASSED] - delay: Delayed 1 second(s)

2018-12-11 13:14:34 - [MESSAGE][PASSED] - Delayed 1 second(s)

2018-12-11 13:14:34 - [TEST_STEP][PASSED] - click: Object: 'Object Repository/Final Object Repo/New Registration - Registration Module Pages/Form 1/Insutry Post Code - 81000' is clicked on

2018-12-11 13:14:34 - [MESSAGE][PASSED] - Object: 'Object Repository/Final Object Repo/New Registration - Registration Module Pages/Form 1/Insutry Post Code - 81000' is clicked on

2018-12-11 13:14:34 - [TEST_STEP][PASSED] - delay: Delayed 1 second(s)

2018-12-11 13:14:35 - [MESSAGE][PASSED] - Delayed 1 second(s)

2018-12-11 13:14:35 - [TEST_STEP][PASSED] - setText: Text '100' is set on object 'Object Repository/Final Object Repo/New Registration - Registration Module Pages/Form 1/Industry P.O.BOX'

2018-12-11 13:14:35 - [MESSAGE][PASSED] - Text '100' is set on object 'Object Repository/Final Object Repo/New Registration - Registration Module Pages/Form 1/Industry P.O.BOX'

2018-12-11 13:14:35 - [TEST_STEP][PASSED] - setText: Text '100' is set on object 'Object Repository/Final Object Repo/New Registration - Registration Module Pages/Form 1/Industry Locked Bag No'

2018-12-11 13:14:36 - [MESSAGE][PASSED] - Text '100' is set on object 'Object Repository/Final Object Repo/New Registration - Registration Module Pages/Form 1/Industry Locked Bag No'

2018-12-11 13:14:36 - [TEST_STEP][PASSED] - setText: Text '123456789' is set on object 'Object Repository/Final Object Repo/New Registration - Registration Module Pages/Form 1/Telephone No'

2018-12-11 13:14:36 - [MESSAGE][PASSED] - Text '123456789' is set on object 'Object Repository/Final Object Repo/New Registration - Registration Module Pages/Form 1/Telephone No'

2018-12-11 13:14:36 - [TEST_STEP][PASSED] - setText: Text '123456789' is set on object 'Object Repository/Final Object Repo/New Registration - Registration Module Pages/Form 1/Mobile No'

2018-12-11 13:14:36 - [MESSAGE][PASSED] - Text '123456789' is set on object 'Object Repository/Final Object Repo/New Registration - Registration Module Pages/Form 1/Mobile No'

2018-12-11 13:14:36 - [TEST_STEP][PASSED] - setText: Text '123456789' is set on object 'Object Repository/Final Object Repo/New Registration - Registration Module Pages/Form 1/Fax No'

2018-12-11 13:14:37 - [MESSAGE][PASSED] - Text '123456789' is set on object 'Object Repository/Final Object Repo/New Registration - Registration Module Pages/Form 1/Fax No'

2018-12-11 13:14:37 - [TEST_STEP][PASSED] - click: Object: 'Object Repository/Final Object Repo/New Registration - Registration Module Pages/Form 1/Industry Code' is clicked on

2018-12-11 13:14:37 - [MESSAGE][PASSED] - Object: 'Object Repository/Final Object Repo/New Registration - Registration Module Pages/Form 1/Industry Code' is clicked on

2018-12-11 13:14:37 - [TEST_STEP][PASSED] - click: Object: 'Object Repository/Final Object Repo/New Registration - Registration Module Pages/Form 1/Indudustry Code - Crops and Animal' is clicked on

2018-12-11 13:14:37 - [MESSAGE][PASSED] - Object: 'Object Repository/Final Object Repo/New Registration - Registration Module Pages/Form 1/Indudustry Code - Crops and Animal' is clicked on

2018-12-11 13:14:37 - [TEST_STEP][PASSED] - delay: Delayed 1 second(s)

2018-12-11 13:14:38 - [MESSAGE][PASSED] - Delayed 1 second(s)

2018-12-11 13:14:38 - [TEST_STEP][PASSED] - click: Object: 'Object Repository/Final Object Repo/New Registration - Registration Module Pages/Form 1/Sub Industry Code List' is clicked on

2018-12-11 13:14:39 - [MESSAGE][PASSED] - Object: 'Object Repository/Final Object Repo/New Registration - Registration Module Pages/Form 1/Sub Industry Code List' is clicked on

2018-12-11 13:14:39 - [TEST_STEP][PASSED] - click: Object: 'Object Repository/Final Object Repo/New Registration - Registration Module Pages/Form 1/Sub Industry Code List - Growing of Maize' is clicked on

2018-12-11 13:14:39 - [MESSAGE][PASSED] - Object: 'Object Repository/Final Object Repo/New Registration - Registration Module Pages/Form 1/Sub Industry Code List - Growing of Maize' is clicked on

2018-12-11 13:14:39 - [TEST_STEP][PASSED] - setText: Text 'perkeso123@gmail.com' is set on object 'Object Repository/Final Object Repo/New Registration - Registration Module Pages/Form 1/Email'

2018-12-11 13:14:39 - [MESSAGE][PASSED] - Text 'perkeso123@gmail.com' is set on object 'Object Repository/Final Object Repo/New Registration - Registration Module Pages/Form 1/Email'

2018-12-11 13:14:39 - [TEST_STEP][PASSED] - click: Object: 'Object Repository/Final Object Repo/New Registration - Registration Module Pages/Form 1/Method of Contribution Payment' is clicked on

2018-12-11 13:14:40 - [MESSAGE][PASSED] - Object: 'Object Repository/Final Object Repo/New Registration - Registration Module Pages/Form 1/Method of Contribution Payment' is clicked on

2018-12-11 13:14:40 - [TEST_STEP][PASSED] - click: Object: 'Object Repository/Final Object Repo/New Registration - Registration Module Pages/Form 1/Method of Contribution Payment - Portal' is clicked on

2018-12-11 13:14:40 - [MESSAGE][PASSED] - Object: 'Object Repository/Final Object Repo/New Registration - Registration Module Pages/Form 1/Method of Contribution Payment - Portal' is clicked on

2018-12-11 13:14:40 - [TEST_STEP][PASSED] - click: Object: 'Object Repository/Final Object Repo/New Registration - Registration Module Pages/Form 1/Servide Type' is clicked on

2018-12-11 13:14:40 - [MESSAGE][PASSED] - Object: 'Object Repository/Final Object Repo/New Registration - Registration Module Pages/Form 1/Servide Type' is clicked on

2018-12-11 13:14:40 - [TEST_STEP][PASSED] - click: Object: 'Object Repository/Final Object Repo/New Registration - Registration Module Pages/Form 1/Servide Type - Professional Bodies' is clicked on

2018-12-11 13:14:40 - [MESSAGE][PASSED] - Object: 'Object Repository/Final Object Repo/New Registration - Registration Module Pages/Form 1/Servide Type - Professional Bodies' is clicked on

2018-12-11 13:14:40 - [TEST_STEP][PASSED] - click: Object: 'Object Repository/Final Object Repo/New Registration - Registration Module Pages/Form 1/Industry Venue' is clicked on

2018-12-11 13:14:41 - [MESSAGE][PASSED] - Object: 'Object Repository/Final Object Repo/New Registration - Registration Module Pages/Form 1/Industry Venue' is clicked on

2018-12-11 13:14:41 - [TEST_STEP][PASSED] - click: Object: 'Object Repository/Final Object Repo/New Registration - Registration Module Pages/Form 1/Industry Venue -  PPN JOHOR' is clicked on

2018-12-11 13:14:41 - [MESSAGE][PASSED] - Object: 'Object Repository/Final Object Repo/New Registration - Registration Module Pages/Form 1/Industry Venue -  PPN JOHOR' is clicked on

2018-12-11 13:14:41 - [TEST_STEP][PASSED] - click: Object: 'Object Repository/Final Object Repo/New Registration - Registration Module Pages/Form 1/Save  Continue' is clicked on

2018-12-11 13:14:41 - [MESSAGE][PASSED] - Object: 'Object Repository/Final Object Repo/New Registration - Registration Module Pages/Form 1/Save  Continue' is clicked on

2018-12-11 13:14:41 - [MESSAGE][PASSED] - Call Test Case 'Test Cases/Final Aug 2018 - PKS Automation/Registration Module/New Registration/Form 1/Form 1 - Corporation - BHD' successfully

2018-12-11 13:14:41 - [TEST_STEP][PASSED] - callTestCase: Call Test Case 'Test Cases/Final Aug 2018 - PKS Automation/Registration Module/New Registration/Form 2/Add 1 Eligible - Incomplete' successfully

2018-12-11 13:14:41 - [TEST_CASE][PASSED] - Test Cases/Final Aug 2018 - PKS Automation/Registration Module/New Registration/Form 2/Add 1 Eligible - Incomplete: Test Cases/Final Aug 2018 - PKS Automation/Registration Module/New Registration/Form 2/Add 1 Eligible - Incomplete

2018-12-11 13:14:41 - [TEST_STEP][PASSED] - delay: Delayed 2 second(s)

2018-12-11 13:14:43 - [MESSAGE][PASSED] - Delayed 2 second(s)

2018-12-11 13:14:43 - [TEST_STEP][PASSED] - callTestCase: Call Test Case 'Test Cases/Final Aug 2018 - PKS Automation/Registration Module/New Registration/Form 2/Date Updater' successfully

2018-12-11 13:14:43 - [TEST_CASE][PASSED] - Test Cases/Final Aug 2018 - PKS Automation/Registration Module/New Registration/Form 2/Date Updater: Test Cases/Final Aug 2018 - PKS Automation/Registration Module/New Registration/Form 2/Date Updater

2018-12-11 13:14:44 - [TEST_STEP][PASSED] - Statement - TodayDate = new java.util.Date(): null

2018-12-11 13:14:44 - [TEST_STEP][PASSED] - Statement - CurrentDateNoFilter = new java.text.SimpleDateFormat(): null

2018-12-11 13:14:44 - [TEST_STEP][PASSED] - Statement - CurrentDateNoFilter.applyPattern("MM"): null

2018-12-11 13:14:44 - [TEST_STEP][PASSED] - Statement - monthContainerMatcher = java.lang.Integer.parseInt(CurrentDateNoFilter.format(TodayDate)): null

2018-12-11 13:14:44 - [TEST_STEP][PASSED] - Statement - monthContainerMatcher = monthContainerMatcher - 1: null

2018-12-11 13:14:44 - [TEST_STEP][PASSED] - Statement - CurrentMonth = monthContainerMatcher.toString(): null

2018-12-11 13:14:44 - [TEST_STEP][PASSED] - Statement - CurrentMonth = CurrentMonth: null

2018-12-11 13:14:44 - [TEST_STEP][PASSED] - Statement - CurrentDateNoFilter.applyPattern("yyyy"): null

2018-12-11 13:14:44 - [TEST_STEP][PASSED] - Statement - CurrentYear = CurrentDateNoFilter.format(TodayDate): null

2018-12-11 13:14:44 - [TEST_STEP][PASSED] - Statement - CurrentYear = CurrentYear: null

2018-12-11 13:14:44 - [TEST_STEP][PASSED] - Statement - intCurrentYear = java.lang.Integer.parseInt(CurrentDateNoFilter.format(TodayDate)): null

2018-12-11 13:14:44 - [TEST_STEP][PASSED] - Statement - eighteenYrsAgo = intCurrentYear - 18: null

2018-12-11 13:14:44 - [TEST_STEP][PASSED] - Statement - eighteenYrsBeforeThisYr = eighteenYrsAgo.toString(): null

2018-12-11 13:14:44 - [TEST_STEP][PASSED] - Statement - EighteenYrsBefore = eighteenYrsBeforeThisYr: null

2018-12-11 13:14:44 - [TEST_STEP][PASSED] - Statement - fiftysevenYrsAgo = intCurrentYear - 57: null

2018-12-11 13:14:44 - [TEST_STEP][PASSED] - Statement - fiftysevenYrsBeforeThisYr = fiftysevenYrsAgo.toString(): null

2018-12-11 13:14:44 - [TEST_STEP][PASSED] - Statement - FiftysevenYrsBefore = fiftysevenYrsBeforeThisYr: null

2018-12-11 13:14:44 - [TEST_STEP][PASSED] - Statement - leapYear = false: null

2018-12-11 13:14:44 - [TEST_STEP][PASSED] - Statement - leapYear = intCurrentYear % 4 == 0: null

2018-12-11 13:14:44 - [TEST_STEP][PASSED] - Statement - CurrentDateNoFilter.applyPattern("dd"): null

2018-12-11 13:14:44 - [TEST_STEP][PASSED] - Statement - CurrentDate = CurrentDateNoFilter.format(TodayDate): null

2018-12-11 13:14:44 - [TEST_STEP][PASSED] - Statement - CurrentDate = java.lang.Integer.parseInt(CurrentDate): null

2018-12-11 13:14:44 - [TEST_STEP][PASSED] - Statement - CurrentDate = CurrentDate: null

2018-12-11 13:14:44 - [TEST_STEP][PASSED] - Statement - CurrentDay = java.lang.Integer.parseInt(CurrentDate): null

2018-12-11 13:14:44 - [TEST_STEP][PASSED] - Statement - ConfAdder = <not implemented yet for class: org.codehaus.groovy.ast.expr.EmptyExpression>: null

2018-12-11 13:14:44 - [TEST_STEP][PASSED] - Statement - out.println(CurrentMonth): null

2018-12-11 13:14:44 - [TEST_STEP][PASSED] - Statement - out.println(CurrentDate): null

2018-12-11 13:14:44 - [TEST_STEP][PASSED] - Statement - switch (CurrentDate): null

2018-12-11 13:14:44 - [TEST_STEP][PASSED] - Statement - Default: null

2018-12-11 13:14:44 - [TEST_STEP][PASSED] - Statement - ConfAdder = true: null

2018-12-11 13:14:44 - [TEST_STEP][PASSED] - Statement - Break: null

2018-12-11 13:14:44 - [TEST_STEP][PASSED] - Statement - aDayBefore = <not implemented yet for class: org.codehaus.groovy.ast.expr.EmptyExpression>: null

2018-12-11 13:14:44 - [TEST_STEP][PASSED] - Statement - out.println(ConfAdder): null

2018-12-11 13:14:44 - [TEST_STEP][PASSED] - Statement - If (ConfAdder == true): null

2018-12-11 13:14:44 - [TEST_STEP][PASSED] - Statement - aDayBefore = CurrentDay + 1: null

2018-12-11 13:14:44 - [TEST_STEP][PASSED] - Statement - out.println(aDayBefore): null

2018-12-11 13:14:44 - [TEST_STEP][PASSED] - Statement - If (aDayBefore == 1 && CurrentMonth == 11): null

2018-12-11 13:14:44 - [TEST_STEP][PASSED] - Statement - DayBefore = aDayBefore.toString(): null

2018-12-11 13:14:44 - [TEST_STEP][PASSED] - Statement - OneDayBefore = DayBefore: null

2018-12-11 13:14:44 - [MESSAGE][PASSED] - Call Test Case 'Test Cases/Final Aug 2018 - PKS Automation/Registration Module/New Registration/Form 2/Date Updater' successfully

2018-12-11 13:14:44 - [TEST_STEP][PASSED] - Statement - CaseReferenceNo = com.kms.katalon.core.webui.keyword.WebUiBuiltInKeywords.getText(com.kms.katalon.core.testobject.ObjectRepository.findTestObject(Final Object Repo/New Registration - Registration Module Pages/Form 2/RefNo Acquiring)): Text of object 'Object Repository/Final Object Repo/New Registration - Registration Module Pages/Form 2/RefNo Acquiring' is: 'CRN12201800123166'

2018-12-11 13:14:44 - [MESSAGE][PASSED] - Text of object 'Object Repository/Final Object Repo/New Registration - Registration Module Pages/Form 2/RefNo Acquiring' is: 'CRN12201800123166'

2018-12-11 13:14:44 - [TEST_STEP][PASSED] - delay: Delayed 4 second(s)

2018-12-11 13:14:48 - [MESSAGE][PASSED] - Delayed 4 second(s)

2018-12-11 13:14:48 - [TEST_STEP][PASSED] - click: Object: 'Object Repository/Final Object Repo/New Registration - Registration Module Pages/Form 2/Add Employee Button' is clicked on

2018-12-11 13:14:48 - [MESSAGE][PASSED] - Object: 'Object Repository/Final Object Repo/New Registration - Registration Module Pages/Form 2/Add Employee Button' is clicked on

2018-12-11 13:14:48 - [TEST_STEP][PASSED] - delay: Delayed 1 second(s)

2018-12-11 13:14:49 - [MESSAGE][PASSED] - Delayed 1 second(s)

2018-12-11 13:14:49 - [TEST_STEP][PASSED] - setText: Text '010903091984' is set on object 'Object Repository/Final Object Repo/New Registration - Registration Module Pages/Form 2/NRIC Input'

2018-12-11 13:14:50 - [MESSAGE][PASSED] - Text '010903091984' is set on object 'Object Repository/Final Object Repo/New Registration - Registration Module Pages/Form 2/NRIC Input'

2018-12-11 13:14:50 - [TEST_STEP][PASSED] - click: Object: 'Object Repository/Final Object Repo/New Registration - Registration Module Pages/Form 2/button for search for IC' is clicked on

2018-12-11 13:14:50 - [MESSAGE][PASSED] - Object: 'Object Repository/Final Object Repo/New Registration - Registration Module Pages/Form 2/button for search for IC' is clicked on

2018-12-11 13:14:50 - [TEST_STEP][PASSED] - delay: Delayed 2 second(s)

2018-12-11 13:14:52 - [MESSAGE][PASSED] - Delayed 2 second(s)

2018-12-11 13:14:52 - [TEST_STEP][PASSED] - setText: Text 'Automate001 eligible 1' is set on object 'Object Repository/Final Object Repo/New Registration - Registration Module Pages/Form 2/Employee Name Input'

2018-12-11 13:14:52 - [MESSAGE][PASSED] - Text 'Automate001 eligible 1' is set on object 'Object Repository/Final Object Repo/New Registration - Registration Module Pages/Form 2/Employee Name Input'

2018-12-11 13:14:52 - [TEST_STEP][PASSED] - delay: Delayed 2 second(s)

2018-12-11 13:14:54 - [MESSAGE][PASSED] - Delayed 2 second(s)

2018-12-11 13:14:54 - [TEST_STEP][PASSED] - click: Object: 'Object Repository/Final Object Repo/New Registration - Registration Module Pages/Form 2/DatePicker Pop Up' is clicked on

2018-12-11 13:14:55 - [MESSAGE][PASSED] - Object: 'Object Repository/Final Object Repo/New Registration - Registration Module Pages/Form 2/DatePicker Pop Up' is clicked on

2018-12-11 13:14:55 - [TEST_STEP][PASSED] - click: Object: 'Object Repository/Final Object Repo/New Registration - Registration Module Pages/Form 2/DOB Month' is clicked on

2018-12-11 13:14:55 - [MESSAGE][PASSED] - Object: 'Object Repository/Final Object Repo/New Registration - Registration Module Pages/Form 2/DOB Month' is clicked on

2018-12-11 13:14:55 - [TEST_STEP][PASSED] - Statement - CurrentMonth = CurrentMonth: null

2018-12-11 13:14:55 - [TEST_STEP][PASSED] - Statement - selectMonth = new com.kms.katalon.core.testobject.TestObject(): null

2018-12-11 13:14:55 - [TEST_STEP][PASSED] - Statement - selectMonth.addProperty("xpath", EQUALS, "//body/div/div/div/select/option[@value='" + CurrentMonth + "']", true): null

2018-12-11 13:14:55 - [TEST_STEP][PASSED] - click: Object: '' is clicked on

2018-12-11 13:14:55 - [MESSAGE][PASSED] - Object: '' is clicked on

2018-12-11 13:14:55 - [TEST_STEP][PASSED] - click: Object: 'Object Repository/Final Object Repo/New Registration - Registration Module Pages/Form 2/DOB Year' is clicked on

2018-12-11 13:14:55 - [MESSAGE][PASSED] - Object: 'Object Repository/Final Object Repo/New Registration - Registration Module Pages/Form 2/DOB Year' is clicked on

2018-12-11 13:14:55 - [TEST_STEP][PASSED] - Statement - Eyearsbf = EighteenYrsBefore: null

2018-12-11 13:14:55 - [TEST_STEP][PASSED] - Statement - selectYear = new com.kms.katalon.core.testobject.TestObject(): null

2018-12-11 13:14:55 - [TEST_STEP][PASSED] - Statement - selectYear.addProperty("xpath", EQUALS, "//div/div/div/select/option[@value='" + Eyearsbf + "']", true): null

2018-12-11 13:14:55 - [TEST_STEP][PASSED] - click: Object: '' is clicked on

2018-12-11 13:14:55 - [MESSAGE][PASSED] - Object: '' is clicked on

2018-12-11 13:14:55 - [TEST_STEP][PASSED] - Statement - UpdatedSelectDate = com.kms.katalon.core.webui.keyword.WebUiBuiltInKeywords.modifyObjectProperty(com.kms.katalon.core.testobject.ObjectRepository.findTestObject(Final Object Repo/New Registration - Registration Module Pages/Form 2/DOB Date), "xpath", "equals", "//body/div/table/tbody/tr/td/a[text()="" + CurrentDate + ""]", true): Modify property of object successfully

2018-12-11 13:14:55 - [MESSAGE][PASSED] - Modify property of object successfully

2018-12-11 13:14:55 - [TEST_STEP][PASSED] - delay: Delayed 3 second(s)

2018-12-11 13:14:58 - [MESSAGE][PASSED] - Delayed 3 second(s)

2018-12-11 13:14:58 - [TEST_STEP][PASSED] - click: Object: 'Object Repository/Final Object Repo/New Registration - Registration Module Pages/Form 2/DOB Date' is clicked on

2018-12-11 13:14:58 - [MESSAGE][PASSED] - Object: 'Object Repository/Final Object Repo/New Registration - Registration Module Pages/Form 2/DOB Date' is clicked on

2018-12-11 13:14:58 - [TEST_STEP][PASSED] - delay: Delayed 2 second(s)

2018-12-11 13:15:00 - [MESSAGE][PASSED] - Delayed 2 second(s)

2018-12-11 13:15:00 - [TEST_STEP][PASSED] - click: Object: 'Object Repository/Final Object Repo/New Registration - Registration Module Pages/Form 2/EmploymentStartDate Pop Up' is clicked on

2018-12-11 13:15:01 - [MESSAGE][PASSED] - Object: 'Object Repository/Final Object Repo/New Registration - Registration Module Pages/Form 2/EmploymentStartDate Pop Up' is clicked on

2018-12-11 13:15:01 - [TEST_STEP][PASSED] - delay: Delayed 2 second(s)

2018-12-11 13:15:03 - [MESSAGE][PASSED] - Delayed 2 second(s)

2018-12-11 13:15:03 - [TEST_STEP][PASSED] - click: Object: 'Object Repository/Final Object Repo/New Registration - Registration Module Pages/Form 2/Socso Employment StartDate Month' is clicked on

2018-12-11 13:15:03 - [MESSAGE][PASSED] - Object: 'Object Repository/Final Object Repo/New Registration - Registration Module Pages/Form 2/Socso Employment StartDate Month' is clicked on

2018-12-11 13:15:03 - [TEST_STEP][PASSED] - delay: Delayed 1 second(s)

2018-12-11 13:15:04 - [MESSAGE][PASSED] - Delayed 1 second(s)

2018-12-11 13:15:04 - [TEST_STEP][PASSED] - click: Object: 'Object Repository/Final Object Repo/New Registration - Registration Module Pages/Form 2/Select Socso Employement Startdate Month' is clicked on

2018-12-11 13:15:04 - [MESSAGE][PASSED] - Object: 'Object Repository/Final Object Repo/New Registration - Registration Module Pages/Form 2/Select Socso Employement Startdate Month' is clicked on

2018-12-11 13:15:04 - [TEST_STEP][PASSED] - delay: Delayed 2 second(s)

2018-12-11 13:15:06 - [MESSAGE][PASSED] - Delayed 2 second(s)

2018-12-11 13:15:06 - [TEST_STEP][PASSED] - click: Object: 'Object Repository/Final Object Repo/New Registration - Registration Module Pages/Form 2/Socso Employment StartDate Year' is clicked on

2018-12-11 13:15:06 - [MESSAGE][PASSED] - Object: 'Object Repository/Final Object Repo/New Registration - Registration Module Pages/Form 2/Socso Employment StartDate Year' is clicked on

2018-12-11 13:15:06 - [TEST_STEP][PASSED] - delay: Delayed 1 second(s)

2018-12-11 13:15:07 - [MESSAGE][PASSED] - Delayed 1 second(s)

2018-12-11 13:15:07 - [TEST_STEP][PASSED] - click: Object: 'Object Repository/Final Object Repo/New Registration - Registration Module Pages/Form 2/Select Socso Employment Startdate Year' is clicked on

2018-12-11 13:15:07 - [MESSAGE][PASSED] - Object: 'Object Repository/Final Object Repo/New Registration - Registration Module Pages/Form 2/Select Socso Employment Startdate Year' is clicked on

2018-12-11 13:15:07 - [TEST_STEP][PASSED] - delay: Delayed 2 second(s)

2018-12-11 13:15:09 - [MESSAGE][PASSED] - Delayed 2 second(s)

2018-12-11 13:15:09 - [TEST_STEP][PASSED] - click: Object: 'Object Repository/Final Object Repo/New Registration - Registration Module Pages/Form 2/Socso Employment Start Date Day' is clicked on

2018-12-11 13:15:09 - [MESSAGE][PASSED] - Object: 'Object Repository/Final Object Repo/New Registration - Registration Module Pages/Form 2/Socso Employment Start Date Day' is clicked on

2018-12-11 13:15:09 - [TEST_STEP][PASSED] - delay: Delayed 2 second(s)

2018-12-11 13:15:11 - [MESSAGE][PASSED] - Delayed 2 second(s)

2018-12-11 13:15:11 - [TEST_STEP][PASSED] - click: Object: 'Object Repository/Final Object Repo/New Registration - Registration Module Pages/Form 2/Save Button for Add Employee' is clicked on

2018-12-11 13:15:12 - [MESSAGE][PASSED] - Object: 'Object Repository/Final Object Repo/New Registration - Registration Module Pages/Form 2/Save Button for Add Employee' is clicked on

2018-12-11 13:15:12 - [TEST_STEP][PASSED] - delay: Delayed 6 second(s)

2018-12-11 13:15:18 - [MESSAGE][PASSED] - Delayed 6 second(s)

2018-12-11 13:15:18 - [TEST_STEP][PASSED] - click: Object: 'Object Repository/Final Object Repo/New Registration - Registration Module Pages/Form 2/Incomplete Checkbox' is clicked on

2018-12-11 13:15:18 - [MESSAGE][PASSED] - Object: 'Object Repository/Final Object Repo/New Registration - Registration Module Pages/Form 2/Incomplete Checkbox' is clicked on

2018-12-11 13:15:18 - [TEST_STEP][PASSED] - delay: Delayed 2 second(s)

2018-12-11 13:15:20 - [MESSAGE][PASSED] - Delayed 2 second(s)

2018-12-11 13:15:20 - [TEST_STEP][PASSED] - click: Object: 'Object Repository/Final Object Repo/New Registration - Registration Module Pages/Form 2/Save and Continue Form 2' is clicked on

2018-12-11 13:15:20 - [MESSAGE][PASSED] - Object: 'Object Repository/Final Object Repo/New Registration - Registration Module Pages/Form 2/Save and Continue Form 2' is clicked on

2018-12-11 13:15:20 - [MESSAGE][PASSED] - Call Test Case 'Test Cases/Final Aug 2018 - PKS Automation/Registration Module/New Registration/Form 2/Add 1 Eligible - Incomplete' successfully

2018-12-11 13:15:20 - [TEST_STEP][PASSED] - callTestCase: Call Test Case 'Test Cases/Final Aug 2018 - PKS Automation/Registration Module/New Registration/Flow of New Registration/Third Screen - Upload Supporting Doc - Preview' successfully

2018-12-11 13:15:20 - [TEST_CASE][PASSED] - Test Cases/Final Aug 2018 - PKS Automation/Registration Module/New Registration/Flow of New Registration/Third Screen - Upload Supporting Doc - Preview: Test Cases/Final Aug 2018 - PKS Automation/Registration Module/New Registration/Flow of New Registration/Third Screen - Upload Supporting Doc - Preview

2018-12-11 13:15:20 - [TEST_STEP][PASSED] - waitForPageLoad: Wait for page load successfully

2018-12-11 13:15:21 - [MESSAGE][PASSED] - Wait for page load successfully

2018-12-11 13:15:21 - [TEST_STEP][PASSED] - Statement - CaseReferenceNo = com.kms.katalon.core.webui.keyword.WebUiBuiltInKeywords.getText(com.kms.katalon.core.testobject.ObjectRepository.findTestObject(Final Object Repo/New Registration - Registration Module Pages/Third Screen - Upload Supporting Doc- Preview/RefNo Acquiring)): Text of object 'Object Repository/Final Object Repo/New Registration - Registration Module Pages/Third Screen - Upload Supporting Doc- Preview/RefNo Acquiring' is: 'CRN12201800123166'

2018-12-11 13:15:21 - [MESSAGE][PASSED] - Text of object 'Object Repository/Final Object Repo/New Registration - Registration Module Pages/Third Screen - Upload Supporting Doc- Preview/RefNo Acquiring' is: 'CRN12201800123166'

2018-12-11 13:15:21 - [TEST_STEP][PASSED] - delay: Delayed 2 second(s)

2018-12-11 13:15:23 - [MESSAGE][PASSED] - Delayed 2 second(s)

2018-12-11 13:15:23 - [TEST_STEP][PASSED] - callTestCase: Call Test Case 'Test Cases/Final Aug 2018 - PKS Automation/Common/Reference Number Setter' successfully

2018-12-11 13:15:23 - [TEST_CASE][PASSED] - Test Cases/Final Aug 2018 - PKS Automation/Common/Reference Number Setter: Test Cases/Final Aug 2018 - PKS Automation/Common/Reference Number Setter

2018-12-11 13:15:23 - [TEST_STEP][PASSED] - Statement - RefNoOldFile = new java.io.File(C://Users//Admin//Desktop//PKS//Automation Reference Point//KatalonReference.txt): null

2018-12-11 13:15:23 - [TEST_STEP][PASSED] - Statement - RefNoOldFile.delete(): null

2018-12-11 13:15:23 - [TEST_STEP][PASSED] - delay: Delayed 5 second(s)

2018-12-11 13:15:28 - [MESSAGE][PASSED] - Delayed 5 second(s)

2018-12-11 13:15:28 - [TEST_STEP][PASSED] - Statement - RefNo = new java.io.File(C://Users//Admin//Desktop//PKS//Automation Reference Point//KatalonReference.txt): null

2018-12-11 13:15:28 - [TEST_STEP][PASSED] - Statement - f2 = new java.io.FileWriter(RefNo, false): null

2018-12-11 13:15:28 - [TEST_STEP][PASSED] - Statement - f2.write(CaseReferenceNo): null

2018-12-11 13:15:28 - [TEST_STEP][PASSED] - Statement - f2.close(): null

2018-12-11 13:15:28 - [TEST_STEP][PASSED] - Statement - out.println("


" + CaseReferenceNo + "


"): null

2018-12-11 13:15:28 - [MESSAGE][PASSED] - Call Test Case 'Test Cases/Final Aug 2018 - PKS Automation/Common/Reference Number Setter' successfully

2018-12-11 13:15:28 - [TEST_STEP][PASSED] - waitForElementClickable: Object 'Object Repository/Final Object Repo/New Registration - Registration Module Pages/Third Screen - Upload Supporting Doc- Preview/Save n Continue in SIP Employee Listing Page' is clickable

2018-12-11 13:15:28 - [MESSAGE][PASSED] - Object 'Object Repository/Final Object Repo/New Registration - Registration Module Pages/Third Screen - Upload Supporting Doc- Preview/Save n Continue in SIP Employee Listing Page' is clickable

2018-12-11 13:15:28 - [TEST_STEP][PASSED] - click: Object: 'Object Repository/Final Object Repo/New Registration - Registration Module Pages/Third Screen - Upload Supporting Doc- Preview/Save n Continue in SIP Employee Listing Page' is clicked on

2018-12-11 13:15:33 - [MESSAGE][PASSED] - Object: 'Object Repository/Final Object Repo/New Registration - Registration Module Pages/Third Screen - Upload Supporting Doc- Preview/Save n Continue in SIP Employee Listing Page' is clicked on

2018-12-11 13:15:33 - [TEST_STEP][PASSED] - delay: Delayed 7 second(s)

2018-12-11 13:15:40 - [MESSAGE][PASSED] - Delayed 7 second(s)

2018-12-11 13:15:40 - [TEST_STEP][PASSED] - click: Object: 'Object Repository/Final Object Repo/New Registration - Registration Module Pages/Third Screen - Upload Supporting Doc- Preview/Add Document Button' is clicked on

2018-12-11 13:15:41 - [MESSAGE][PASSED] - Object: 'Object Repository/Final Object Repo/New Registration - Registration Module Pages/Third Screen - Upload Supporting Doc- Preview/Add Document Button' is clicked on

2018-12-11 13:15:41 - [TEST_STEP][PASSED] - delay: Delayed 30 second(s)

2018-12-11 13:16:11 - [MESSAGE][PASSED] - Delayed 30 second(s)

2018-12-11 13:16:11 - [TEST_STEP][PASSED] - click: Object: 'Object Repository/Final Object Repo/New Registration - Registration Module Pages/Third Screen - Upload Supporting Doc- Preview/Supporting Doc Please Select Drop Down' is clicked on

2018-12-11 13:16:11 - [MESSAGE][PASSED] - Object: 'Object Repository/Final Object Repo/New Registration - Registration Module Pages/Third Screen - Upload Supporting Doc- Preview/Supporting Doc Please Select Drop Down' is clicked on

2018-12-11 13:16:11 - [TEST_STEP][PASSED] - delay: Delayed 2 second(s)

2018-12-11 13:16:13 - [MESSAGE][PASSED] - Delayed 2 second(s)

2018-12-11 13:16:13 - [TEST_STEP][PASSED] - click: Object: 'Object Repository/Final Object Repo/New Registration - Registration Module Pages/Third Screen - Upload Supporting Doc- Preview/Select to Upload Form 1' is clicked on

2018-12-11 13:16:13 - [MESSAGE][PASSED] - Object: 'Object Repository/Final Object Repo/New Registration - Registration Module Pages/Third Screen - Upload Supporting Doc- Preview/Select to Upload Form 1' is clicked on

2018-12-11 13:16:13 - [TEST_STEP][PASSED] - delay: Delayed 2 second(s)

2018-12-11 13:16:15 - [MESSAGE][PASSED] - Delayed 2 second(s)

2018-12-11 13:16:15 - [TEST_STEP][PASSED] - uploadFile: File 'C:\Users\Public\Pictures\Sample Pictures\Koala.jpg' sent to object: 'Object Repository/Final Object Repo/New Registration - Registration Module Pages/Third Screen - Upload Supporting Doc- Preview/Upload File Adding'

2018-12-11 13:16:15 - [MESSAGE][PASSED] - File 'C:\Users\Public\Pictures\Sample Pictures\Koala.jpg' sent to object: 'Object Repository/Final Object Repo/New Registration - Registration Module Pages/Third Screen - Upload Supporting Doc- Preview/Upload File Adding'

2018-12-11 13:16:15 - [TEST_STEP][PASSED] - delay: Delayed 5 second(s)

2018-12-11 13:16:20 - [MESSAGE][PASSED] - Delayed 5 second(s)

2018-12-11 13:16:20 - [TEST_STEP][PASSED] - click: Object: 'Object Repository/Final Object Repo/New Registration - Registration Module Pages/Third Screen - Upload Supporting Doc- Preview/Inner Form Add Document Button' is clicked on

2018-12-11 13:16:20 - [MESSAGE][PASSED] - Object: 'Object Repository/Final Object Repo/New Registration - Registration Module Pages/Third Screen - Upload Supporting Doc- Preview/Inner Form Add Document Button' is clicked on

2018-12-11 13:16:20 - [TEST_STEP][PASSED] - delay: Delayed 3 second(s)

2018-12-11 13:16:23 - [MESSAGE][PASSED] - Delayed 3 second(s)

2018-12-11 13:16:23 - [TEST_STEP][PASSED] - click: Object: 'Object Repository/Final Object Repo/New Registration - Registration Module Pages/Third Screen - Upload Supporting Doc- Preview/Add Document Button' is clicked on

2018-12-11 13:16:25 - [MESSAGE][PASSED] - Object: 'Object Repository/Final Object Repo/New Registration - Registration Module Pages/Third Screen - Upload Supporting Doc- Preview/Add Document Button' is clicked on

2018-12-11 13:16:25 - [TEST_STEP][PASSED] - delay: Delayed 30 second(s)

2018-12-11 13:16:55 - [MESSAGE][PASSED] - Delayed 30 second(s)

2018-12-11 13:16:55 - [TEST_STEP][PASSED] - click: Object: 'Object Repository/Final Object Repo/New Registration - Registration Module Pages/Third Screen - Upload Supporting Doc- Preview/Supporting Doc Please Select Drop Down' is clicked on

2018-12-11 13:16:55 - [MESSAGE][PASSED] - Object: 'Object Repository/Final Object Repo/New Registration - Registration Module Pages/Third Screen - Upload Supporting Doc- Preview/Supporting Doc Please Select Drop Down' is clicked on

2018-12-11 13:16:55 - [TEST_STEP][PASSED] - delay: Delayed 4 second(s)

2018-12-11 13:16:59 - [MESSAGE][PASSED] - Delayed 4 second(s)

2018-12-11 13:16:59 - [TEST_STEP][PASSED] - click: Object: 'Object Repository/Final Object Repo/New Registration - Registration Module Pages/Third Screen - Upload Supporting Doc- Preview/Select to Upload Form 2' is clicked on

2018-12-11 13:16:59 - [MESSAGE][PASSED] - Object: 'Object Repository/Final Object Repo/New Registration - Registration Module Pages/Third Screen - Upload Supporting Doc- Preview/Select to Upload Form 2' is clicked on

2018-12-11 13:16:59 - [TEST_STEP][PASSED] - delay: Delayed 2 second(s)

2018-12-11 13:17:01 - [MESSAGE][PASSED] - Delayed 2 second(s)

2018-12-11 13:17:01 - [TEST_STEP][PASSED] - uploadFile: File 'C:\Users\Public\Pictures\Sample Pictures\Koala.jpg' sent to object: 'Object Repository/Final Object Repo/New Registration - Registration Module Pages/Third Screen - Upload Supporting Doc- Preview/Upload File Adding'

2018-12-11 13:17:01 - [MESSAGE][PASSED] - File 'C:\Users\Public\Pictures\Sample Pictures\Koala.jpg' sent to object: 'Object Repository/Final Object Repo/New Registration - Registration Module Pages/Third Screen - Upload Supporting Doc- Preview/Upload File Adding'

2018-12-11 13:17:01 - [TEST_STEP][PASSED] - click: Object: 'Object Repository/Final Object Repo/New Registration - Registration Module Pages/Third Screen - Upload Supporting Doc- Preview/Inner Form Add Document Button' is clicked on

2018-12-11 13:17:01 - [MESSAGE][PASSED] - Object: 'Object Repository/Final Object Repo/New Registration - Registration Module Pages/Third Screen - Upload Supporting Doc- Preview/Inner Form Add Document Button' is clicked on

2018-12-11 13:17:01 - [TEST_STEP][PASSED] - delay: Delayed 5 second(s)

2018-12-11 13:17:06 - [MESSAGE][PASSED] - Delayed 5 second(s)

2018-12-11 13:17:06 - [TEST_STEP][PASSED] - click: Object: 'Object Repository/Final Object Repo/New Registration - Registration Module Pages/Third Screen - Upload Supporting Doc- Preview/Add Document Button' is clicked on

2018-12-11 13:17:07 - [MESSAGE][PASSED] - Object: 'Object Repository/Final Object Repo/New Registration - Registration Module Pages/Third Screen - Upload Supporting Doc- Preview/Add Document Button' is clicked on

2018-12-11 13:17:07 - [TEST_STEP][PASSED] - delay: Delayed 30 second(s)

2018-12-11 13:17:37 - [MESSAGE][PASSED] - Delayed 30 second(s)

2018-12-11 13:17:37 - [TEST_STEP][PASSED] - click: Object: 'Object Repository/Final Object Repo/New Registration - Registration Module Pages/Third Screen - Upload Supporting Doc- Preview/Supporting Doc Please Select Drop Down' is clicked on

2018-12-11 13:17:37 - [MESSAGE][PASSED] - Object: 'Object Repository/Final Object Repo/New Registration - Registration Module Pages/Third Screen - Upload Supporting Doc- Preview/Supporting Doc Please Select Drop Down' is clicked on

2018-12-11 13:17:37 - [TEST_STEP][PASSED] - click: Object: 'Object Repository/Final Object Repo/New Registration - Registration Module Pages/Third Screen - Upload Supporting Doc- Preview/Select to Upload Borang SIP 1' is clicked on

2018-12-11 13:17:37 - [MESSAGE][PASSED] - Object: 'Object Repository/Final Object Repo/New Registration - Registration Module Pages/Third Screen - Upload Supporting Doc- Preview/Select to Upload Borang SIP 1' is clicked on

2018-12-11 13:17:37 - [TEST_STEP][PASSED] - delay: Delayed 2 second(s)

2018-12-11 13:17:39 - [MESSAGE][PASSED] - Delayed 2 second(s)

2018-12-11 13:17:39 - [TEST_STEP][PASSED] - uploadFile: File 'C:\Users\Public\Pictures\Sample Pictures\Koala.jpg' sent to object: 'Object Repository/Final Object Repo/New Registration - Registration Module Pages/Third Screen - Upload Supporting Doc- Preview/Upload File Adding'

2018-12-11 13:17:39 - [MESSAGE][PASSED] - File 'C:\Users\Public\Pictures\Sample Pictures\Koala.jpg' sent to object: 'Object Repository/Final Object Repo/New Registration - Registration Module Pages/Third Screen - Upload Supporting Doc- Preview/Upload File Adding'

2018-12-11 13:17:39 - [TEST_STEP][PASSED] - click: Object: 'Object Repository/Final Object Repo/New Registration - Registration Module Pages/Third Screen - Upload Supporting Doc- Preview/Inner Form Add Document Button' is clicked on

2018-12-11 13:17:39 - [MESSAGE][PASSED] - Object: 'Object Repository/Final Object Repo/New Registration - Registration Module Pages/Third Screen - Upload Supporting Doc- Preview/Inner Form Add Document Button' is clicked on

2018-12-11 13:17:39 - [TEST_STEP][PASSED] - delay: Delayed 5 second(s)

2018-12-11 13:17:44 - [MESSAGE][PASSED] - Delayed 5 second(s)

2018-12-11 13:17:44 - [TEST_STEP][PASSED] - click: Object: 'Object Repository/Final Object Repo/New Registration - Registration Module Pages/Third Screen - Upload Supporting Doc- Preview/Add Document Button' is clicked on

2018-12-11 13:17:45 - [MESSAGE][PASSED] - Object: 'Object Repository/Final Object Repo/New Registration - Registration Module Pages/Third Screen - Upload Supporting Doc- Preview/Add Document Button' is clicked on

2018-12-11 13:17:45 - [TEST_STEP][PASSED] - delay: Delayed 30 second(s)

2018-12-11 13:18:15 - [MESSAGE][PASSED] - Delayed 30 second(s)

2018-12-11 13:18:15 - [TEST_STEP][PASSED] - click: Object: 'Object Repository/Final Object Repo/New Registration - Registration Module Pages/Third Screen - Upload Supporting Doc- Preview/Supporting Doc Please Select Drop Down' is clicked on

2018-12-11 13:18:15 - [MESSAGE][PASSED] - Object: 'Object Repository/Final Object Repo/New Registration - Registration Module Pages/Third Screen - Upload Supporting Doc- Preview/Supporting Doc Please Select Drop Down' is clicked on

2018-12-11 13:18:15 - [TEST_STEP][PASSED] - delay: Delayed 3 second(s)

2018-12-11 13:18:18 - [MESSAGE][PASSED] - Delayed 3 second(s)

2018-12-11 13:18:18 - [TEST_STEP][PASSED] - click: Object: 'Object Repository/Final Object Repo/New Registration - Registration Module Pages/Third Screen - Upload Supporting Doc- Preview/Select to Upload Borang SIP 2' is clicked on

2018-12-11 13:18:18 - [MESSAGE][PASSED] - Object: 'Object Repository/Final Object Repo/New Registration - Registration Module Pages/Third Screen - Upload Supporting Doc- Preview/Select to Upload Borang SIP 2' is clicked on

2018-12-11 13:18:18 - [TEST_STEP][PASSED] - delay: Delayed 2 second(s)

2018-12-11 13:18:20 - [MESSAGE][PASSED] - Delayed 2 second(s)

2018-12-11 13:18:20 - [TEST_STEP][PASSED] - uploadFile: File 'C:\Users\Public\Pictures\Sample Pictures\Koala.jpg' sent to object: 'Object Repository/Final Object Repo/New Registration - Registration Module Pages/Third Screen - Upload Supporting Doc- Preview/Upload File Adding'

2018-12-11 13:18:20 - [MESSAGE][PASSED] - File 'C:\Users\Public\Pictures\Sample Pictures\Koala.jpg' sent to object: 'Object Repository/Final Object Repo/New Registration - Registration Module Pages/Third Screen - Upload Supporting Doc- Preview/Upload File Adding'

2018-12-11 13:18:20 - [TEST_STEP][PASSED] - delay: Delayed 5 second(s)

2018-12-11 13:18:25 - [MESSAGE][PASSED] - Delayed 5 second(s)

2018-12-11 13:18:25 - [TEST_STEP][PASSED] - click: Object: 'Object Repository/Final Object Repo/New Registration - Registration Module Pages/Third Screen - Upload Supporting Doc- Preview/Inner Form Add Document Button' is clicked on

2018-12-11 13:18:25 - [MESSAGE][PASSED] - Object: 'Object Repository/Final Object Repo/New Registration - Registration Module Pages/Third Screen - Upload Supporting Doc- Preview/Inner Form Add Document Button' is clicked on

2018-12-11 13:18:25 - [TEST_STEP][PASSED] - delay: Delayed 3 second(s)

2018-12-11 13:18:28 - [MESSAGE][PASSED] - Delayed 3 second(s)

2018-12-11 13:18:28 - [TEST_STEP][PASSED] - waitForElementClickable: Object 'Object Repository/Final Object Repo/New Registration - Registration Module Pages/Third Screen - Upload Supporting Doc- Preview/Save n Continue in Uploading Supporting Doc Page' is clickable

2018-12-11 13:18:29 - [MESSAGE][PASSED] - Object 'Object Repository/Final Object Repo/New Registration - Registration Module Pages/Third Screen - Upload Supporting Doc- Preview/Save n Continue in Uploading Supporting Doc Page' is clickable

2018-12-11 13:18:29 - [TEST_STEP][PASSED] - click: Object: 'Object Repository/Final Object Repo/New Registration - Registration Module Pages/Third Screen - Upload Supporting Doc- Preview/Save n Continue in Uploading Supporting Doc Page' is clicked on

2018-12-11 13:18:30 - [MESSAGE][PASSED] - Object: 'Object Repository/Final Object Repo/New Registration - Registration Module Pages/Third Screen - Upload Supporting Doc- Preview/Save n Continue in Uploading Supporting Doc Page' is clicked on

2018-12-11 13:18:30 - [MESSAGE][PASSED] - Call Test Case 'Test Cases/Final Aug 2018 - PKS Automation/Registration Module/New Registration/Flow of New Registration/Third Screen - Upload Supporting Doc - Preview' successfully

2018-12-11 13:18:30 - [TEST_STEP][PASSED] - callTestCase: Call Test Case 'Test Cases/Final Aug 2018 - PKS Automation/Registration Module/New Registration/Submit and Screenshot/Submit Registration and Screenshot' successfully

2018-12-11 13:18:30 - [TEST_CASE][PASSED] - Test Cases/Final Aug 2018 - PKS Automation/Registration Module/New Registration/Submit and Screenshot/Submit Registration and Screenshot: Test Cases/Final Aug 2018 - PKS Automation/Registration Module/New Registration/Submit and Screenshot/Submit Registration and Screenshot

2018-12-11 13:18:30 - [TEST_STEP][PASSED] - delay: Delayed 6 second(s)

2018-12-11 13:18:36 - [MESSAGE][PASSED] - Delayed 6 second(s)

2018-12-11 13:18:36 - [TEST_STEP][PASSED] - click: Object: 'Object Repository/Final Object Repo/New Registration - Registration Module Pages/Third Screen - Upload Supporting Doc- Preview/Preview Submit Button' is clicked on

2018-12-11 13:18:36 - [MESSAGE][PASSED] - Object: 'Object Repository/Final Object Repo/New Registration - Registration Module Pages/Third Screen - Upload Supporting Doc- Preview/Preview Submit Button' is clicked on

2018-12-11 13:18:36 - [TEST_STEP][PASSED] - delay: Delayed 2 second(s)

2018-12-11 13:18:38 - [MESSAGE][PASSED] - Delayed 2 second(s)

2018-12-11 13:18:38 - [TEST_STEP][PASSED] - click: Object: 'Object Repository/Final Object Repo/New Registration - Registration Module Pages/Third Screen - Upload Supporting Doc- Preview/Preview Submit - Confirm' is clicked on

2018-12-11 13:18:38 - [MESSAGE][PASSED] - Object: 'Object Repository/Final Object Repo/New Registration - Registration Module Pages/Third Screen - Upload Supporting Doc- Preview/Preview Submit - Confirm' is clicked on

2018-12-11 13:18:38 - [TEST_STEP][PASSED] - delay: Delayed 15 second(s)

2018-12-11 13:18:53 - [MESSAGE][PASSED] - Delayed 15 second(s)

2018-12-11 13:18:53 - [TEST_STEP][PASSED] - Statement - driver = com.kms.katalon.core.webui.driver.DriverFactory.getWebDriver(): null

2018-12-11 13:18:53 - [TEST_STEP][PASSED] - Statement - driver.manage().timeouts().implicitlyWait(10, SECONDS): null

2018-12-11 13:18:53 - [TEST_STEP][PASSED] - Statement - PresavePath = KatalonScreenshots: null

2018-12-11 13:18:53 - [TEST_STEP][PASSED] - Statement - pathPrefix = "C:\Users\Public\Pictures\Sample Pictures\Katalon Screenshots\Automate Ending Screen": null

2018-12-11 13:18:53 - [TEST_STEP][PASSED] - Statement - finalPath = <not implemented yet for class: org.codehaus.groovy.ast.expr.EmptyExpression>: null

2018-12-11 13:18:53 - [TEST_STEP][PASSED] - Statement - scrFile = driver.getScreenshotAs(FILE): null

2018-12-11 13:18:54 - [TEST_STEP][PASSED] - Statement - PreSaveFile = new java.io.File(PresavePath): null

2018-12-11 13:18:54 - [TEST_STEP][PASSED] - Statement - counter = 0: null

2018-12-11 13:18:54 - [TEST_STEP][PASSED] - Statement - If (PreSaveFile.exists()): null

2018-12-11 13:18:54 - [TEST_STEP][PASSED] - Statement - While (PreSaveFile.exists()): null

2018-12-11 13:18:54 - [TEST_STEP][PASSED] - Statement - counter = counter + 1: null

2018-12-11 13:18:54 - [TEST_STEP][PASSED] - Statement - PreSaveFile = new java.io.File(((pathPrefix + java.lang.Integer.toString(counter)) + .png)): null

2018-12-11 13:18:54 - [TEST_STEP][PASSED] - Statement - counter = counter + 1: null

2018-12-11 13:18:54 - [TEST_STEP][PASSED] - Statement - PreSaveFile = new java.io.File(((pathPrefix + java.lang.Integer.toString(counter)) + .png)): null

2018-12-11 13:18:54 - [TEST_STEP][PASSED] - Statement - counter = counter + 1: null

2018-12-11 13:18:54 - [TEST_STEP][PASSED] - Statement - PreSaveFile = new java.io.File(((pathPrefix + java.lang.Integer.toString(counter)) + .png)): null

2018-12-11 13:18:54 - [TEST_STEP][PASSED] - Statement - counter = counter + 1: null

2018-12-11 13:18:54 - [TEST_STEP][PASSED] - Statement - PreSaveFile = new java.io.File(((pathPrefix + java.lang.Integer.toString(counter)) + .png)): null

2018-12-11 13:18:54 - [TEST_STEP][PASSED] - Statement - counter = counter + 1: null

2018-12-11 13:18:54 - [TEST_STEP][PASSED] - Statement - PreSaveFile = new java.io.File(((pathPrefix + java.lang.Integer.toString(counter)) + .png)): null

2018-12-11 13:18:54 - [TEST_STEP][PASSED] - Statement - counter = counter + 1: null

2018-12-11 13:18:54 - [TEST_STEP][PASSED] - Statement - PreSaveFile = new java.io.File(((pathPrefix + java.lang.Integer.toString(counter)) + .png)): null

2018-12-11 13:18:54 - [TEST_STEP][PASSED] - Statement - counter = counter + 1: null

2018-12-11 13:18:54 - [TEST_STEP][PASSED] - Statement - PreSaveFile = new java.io.File(((pathPrefix + java.lang.Integer.toString(counter)) + .png)): null

2018-12-11 13:18:54 - [TEST_STEP][PASSED] - Statement - counter = counter + 1: null

2018-12-11 13:18:54 - [TEST_STEP][PASSED] - Statement - PreSaveFile = new java.io.File(((pathPrefix + java.lang.Integer.toString(counter)) + .png)): null

2018-12-11 13:18:54 - [TEST_STEP][PASSED] - Statement - counter = counter + 1: null

2018-12-11 13:18:54 - [TEST_STEP][PASSED] - Statement - PreSaveFile = new java.io.File(((pathPrefix + java.lang.Integer.toString(counter)) + .png)): null

2018-12-11 13:18:54 - [TEST_STEP][PASSED] - Statement - counter = counter + 1: null

2018-12-11 13:18:54 - [TEST_STEP][PASSED] - Statement - PreSaveFile = new java.io.File(((pathPrefix + java.lang.Integer.toString(counter)) + .png)): null

2018-12-11 13:18:54 - [TEST_STEP][PASSED] - Statement - counter = counter + 1: null

2018-12-11 13:18:54 - [TEST_STEP][PASSED] - Statement - PreSaveFile = new java.io.File(((pathPrefix + java.lang.Integer.toString(counter)) + .png)): null

2018-12-11 13:18:54 - [TEST_STEP][PASSED] - Statement - counter = counter + 1: null

2018-12-11 13:18:54 - [TEST_STEP][PASSED] - Statement - PreSaveFile = new java.io.File(((pathPrefix + java.lang.Integer.toString(counter)) + .png)): null

2018-12-11 13:18:54 - [TEST_STEP][PASSED] - Statement - counter = counter + 1: null

2018-12-11 13:18:54 - [TEST_STEP][PASSED] - Statement - PreSaveFile = new java.io.File(((pathPrefix + java.lang.Integer.toString(counter)) + .png)): null

2018-12-11 13:18:54 - [TEST_STEP][PASSED] - Statement - counter = counter + 1: null

2018-12-11 13:18:54 - [TEST_STEP][PASSED] - Statement - PreSaveFile = new java.io.File(((pathPrefix + java.lang.Integer.toString(counter)) + .png)): null

2018-12-11 13:18:54 - [TEST_STEP][PASSED] - Statement - counter = counter + 1: null

2018-12-11 13:18:54 - [TEST_STEP][PASSED] - Statement - PreSaveFile = new java.io.File(((pathPrefix + java.lang.Integer.toString(counter)) + .png)): null

2018-12-11 13:18:54 - [TEST_STEP][PASSED] - Statement - counter = counter + 1: null

2018-12-11 13:18:54 - [TEST_STEP][PASSED] - Statement - PreSaveFile = new java.io.File(((pathPrefix + java.lang.Integer.toString(counter)) + .png)): null

2018-12-11 13:18:54 - [TEST_STEP][PASSED] - Statement - counter = counter + 1: null

2018-12-11 13:18:54 - [TEST_STEP][PASSED] - Statement - PreSaveFile = new java.io.File(((pathPrefix + java.lang.Integer.toString(counter)) + .png)): null

2018-12-11 13:18:54 - [TEST_STEP][PASSED] - Statement - counter = counter + 1: null

2018-12-11 13:18:54 - [TEST_STEP][PASSED] - Statement - PreSaveFile = new java.io.File(((pathPrefix + java.lang.Integer.toString(counter)) + .png)): null

2018-12-11 13:18:54 - [TEST_STEP][PASSED] - Statement - counter = counter + 1: null

2018-12-11 13:18:54 - [TEST_STEP][PASSED] - Statement - PreSaveFile = new java.io.File(((pathPrefix + java.lang.Integer.toString(counter)) + .png)): null

2018-12-11 13:18:54 - [TEST_STEP][PASSED] - Statement - counter = counter + 1: null

2018-12-11 13:18:54 - [TEST_STEP][PASSED] - Statement - PreSaveFile = new java.io.File(((pathPrefix + java.lang.Integer.toString(counter)) + .png)): null

2018-12-11 13:18:54 - [TEST_STEP][PASSED] - Statement - counter = counter + 1: null

2018-12-11 13:18:54 - [TEST_STEP][PASSED] - Statement - PreSaveFile = new java.io.File(((pathPrefix + java.lang.Integer.toString(counter)) + .png)): null

2018-12-11 13:18:54 - [TEST_STEP][PASSED] - Statement - counter = counter + 1: null

2018-12-11 13:18:54 - [TEST_STEP][PASSED] - Statement - PreSaveFile = new java.io.File(((pathPrefix + java.lang.Integer.toString(counter)) + .png)): null

2018-12-11 13:18:54 - [TEST_STEP][PASSED] - Statement - counter = counter + 1: null

2018-12-11 13:18:54 - [TEST_STEP][PASSED] - Statement - PreSaveFile = new java.io.File(((pathPrefix + java.lang.Integer.toString(counter)) + .png)): null

2018-12-11 13:18:54 - [TEST_STEP][PASSED] - Statement - counter = counter + 1: null

2018-12-11 13:18:54 - [TEST_STEP][PASSED] - Statement - PreSaveFile = new java.io.File(((pathPrefix + java.lang.Integer.toString(counter)) + .png)): null

2018-12-11 13:18:54 - [TEST_STEP][PASSED] - Statement - counter = counter + 1: null

2018-12-11 13:18:54 - [TEST_STEP][PASSED] - Statement - PreSaveFile = new java.io.File(((pathPrefix + java.lang.Integer.toString(counter)) + .png)): null

2018-12-11 13:18:54 - [TEST_STEP][PASSED] - Statement - counter = counter + 1: null

2018-12-11 13:18:54 - [TEST_STEP][PASSED] - Statement - PreSaveFile = new java.io.File(((pathPrefix + java.lang.Integer.toString(counter)) + .png)): null

2018-12-11 13:18:54 - [TEST_STEP][PASSED] - Statement - counter = counter + 1: null

2018-12-11 13:18:54 - [TEST_STEP][PASSED] - Statement - PreSaveFile = new java.io.File(((pathPrefix + java.lang.Integer.toString(counter)) + .png)): null

2018-12-11 13:18:54 - [TEST_STEP][PASSED] - Statement - counter = counter + 1: null

2018-12-11 13:18:54 - [TEST_STEP][PASSED] - Statement - PreSaveFile = new java.io.File(((pathPrefix + java.lang.Integer.toString(counter)) + .png)): null

2018-12-11 13:18:54 - [TEST_STEP][PASSED] - Statement - counter = counter + 1: null

2018-12-11 13:18:54 - [TEST_STEP][PASSED] - Statement - PreSaveFile = new java.io.File(((pathPrefix + java.lang.Integer.toString(counter)) + .png)): null

2018-12-11 13:18:54 - [TEST_STEP][PASSED] - Statement - counter = counter + 1: null

2018-12-11 13:18:54 - [TEST_STEP][PASSED] - Statement - PreSaveFile = new java.io.File(((pathPrefix + java.lang.Integer.toString(counter)) + .png)): null

2018-12-11 13:18:54 - [TEST_STEP][PASSED] - Statement - counter = counter + 1: null

2018-12-11 13:18:54 - [TEST_STEP][PASSED] - Statement - PreSaveFile = new java.io.File(((pathPrefix + java.lang.Integer.toString(counter)) + .png)): null

2018-12-11 13:18:54 - [TEST_STEP][PASSED] - Statement - counter = counter + 1: null

2018-12-11 13:18:54 - [TEST_STEP][PASSED] - Statement - PreSaveFile = new java.io.File(((pathPrefix + java.lang.Integer.toString(counter)) + .png)): null

2018-12-11 13:18:54 - [TEST_STEP][PASSED] - Statement - counter = counter + 1: null

2018-12-11 13:18:54 - [TEST_STEP][PASSED] - Statement - PreSaveFile = new java.io.File(((pathPrefix + java.lang.Integer.toString(counter)) + .png)): null

2018-12-11 13:18:54 - [TEST_STEP][PASSED] - Statement - counter = counter + 1: null

2018-12-11 13:18:54 - [TEST_STEP][PASSED] - Statement - PreSaveFile = new java.io.File(((pathPrefix + java.lang.Integer.toString(counter)) + .png)): null

2018-12-11 13:18:54 - [TEST_STEP][PASSED] - Statement - counter = counter + 1: null

2018-12-11 13:18:54 - [TEST_STEP][PASSED] - Statement - PreSaveFile = new java.io.File(((pathPrefix + java.lang.Integer.toString(counter)) + .png)): null

2018-12-11 13:18:54 - [TEST_STEP][PASSED] - Statement - finalPath = pathPrefix + java.lang.Integer.toString(counter) + ".png": null

2018-12-11 13:18:54 - [TEST_STEP][PASSED] - Statement - SaveFile = new java.io.File(finalPath): null

2018-12-11 13:18:54 - [TEST_STEP][PASSED] - Statement - Try: null

2018-12-11 13:18:54 - [TEST_STEP][PASSED] - Statement - org.apache.commons.io.FileUtils.copyFile(scrFile, SaveFile): null

2018-12-11 13:18:54 - [TEST_STEP][PASSED] - Statement - out.println("file kept"): null

2018-12-11 13:18:54 - [TEST_STEP][PASSED] - delay: Delayed 10 second(s)

2018-12-11 13:19:04 - [MESSAGE][PASSED] - Delayed 10 second(s)

2018-12-11 13:19:04 - [MESSAGE][PASSED] - Call Test Case 'Test Cases/Final Aug 2018 - PKS Automation/Registration Module/New Registration/Submit and Screenshot/Submit Registration and Screenshot' successfully

2018-12-11 13:19:04 - [TEST_STEP][PASSED] - callTestCase: Call Test Case 'Test Cases/Final Aug 2018 - PKS Automation/Registration Module/Log Out/log out avoiding katalon tagging' successfully

2018-12-11 13:19:04 - [TEST_CASE][PASSED] - Test Cases/Final Aug 2018 - PKS Automation/Registration Module/Log Out/log out avoiding katalon tagging: Test Cases/Final Aug 2018 - PKS Automation/Registration Module/Log Out/log out avoiding katalon tagging

2018-12-11 13:19:05 - [TEST_STEP][PASSED] - navigateToUrl: Navigate to 'https://assist2-uat.perkeso.gov.my/c/portal/logout' successfully

2018-12-11 13:19:06 - [MESSAGE][PASSED] - Navigate to 'https://assist2-uat.perkeso.gov.my/c/portal/logout' successfully

2018-12-11 13:19:06 - [MESSAGE][PASSED] - Call Test Case 'Test Cases/Final Aug 2018 - PKS Automation/Registration Module/Log Out/log out avoiding katalon tagging' successfully

2018-12-11 13:19:06 - [TEST_STEP][PASSED] - callTestCase: Call Test Case 'Test Cases/Final Aug 2018 - PKS Automation/Common/Workflow Owner Finder' successfully

2018-12-11 13:19:06 - [TEST_CASE][PASSED] - Test Cases/Final Aug 2018 - PKS Automation/Common/Workflow Owner Finder: Test Cases/Final Aug 2018 - PKS Automation/Common/Workflow Owner Finder

2018-12-11 13:19:06 - [TEST_STEP][PASSED] - openBrowser: Browser is opened with url: ''

2018-12-11 13:19:06 - [MESSAGE][WARNING] - A browser is already opened. Closing browser and opening a new one

2018-12-11 13:19:10 - [MESSAGE][PASSED] - Browser is opened with url: ''

2018-12-11 13:19:10 - [TEST_STEP][PASSED] - navigateToUrl: Navigate to 'https://assist2-uat.perkeso.gov.my/login' successfully

2018-12-11 13:19:12 - [MESSAGE][PASSED] - Navigate to 'https://assist2-uat.perkeso.gov.my/login' successfully

2018-12-11 13:19:12 - [TEST_STEP][PASSED] - delay: Delayed 5 second(s)

2018-12-11 13:19:17 - [MESSAGE][PASSED] - Delayed 5 second(s)

2018-12-11 13:19:17 - [TEST_STEP][PASSED] - setText: Text 'test@liferay.com' is set on object 'Object Repository/Final Object Repo/Login Page/Internal User/Email Address'

2018-12-11 13:19:17 - [MESSAGE][PASSED] - Text 'test@liferay.com' is set on object 'Object Repository/Final Object Repo/Login Page/Internal User/Email Address'

2018-12-11 13:19:17 - [TEST_STEP][PASSED] - click: Object: 'Object Repository/Final Object Repo/Login Page/Internal User/Next Button' is clicked on

2018-12-11 13:19:17 - [MESSAGE][PASSED] - Object: 'Object Repository/Final Object Repo/Login Page/Internal User/Next Button' is clicked on

2018-12-11 13:19:17 - [TEST_STEP][PASSED] - delay: Delayed 2 second(s)

2018-12-11 13:19:19 - [MESSAGE][PASSED] - Delayed 2 second(s)

2018-12-11 13:19:19 - [TEST_STEP][PASSED] - setText: Text 'test' is set on object 'Object Repository/Final Object Repo/Login Page/Internal User/Password'

2018-12-11 13:19:19 - [MESSAGE][PASSED] - Text 'test' is set on object 'Object Repository/Final Object Repo/Login Page/Internal User/Password'

2018-12-11 13:19:19 - [TEST_STEP][PASSED] - delay: Delayed 2 second(s)

2018-12-11 13:19:21 - [MESSAGE][PASSED] - Delayed 2 second(s)

2018-12-11 13:19:21 - [TEST_STEP][PASSED] - click: Object: 'Object Repository/Final Object Repo/Login Page/Internal User/Login Button' is clicked on

2018-12-11 13:19:22 - [MESSAGE][PASSED] - Object: 'Object Repository/Final Object Repo/Login Page/Internal User/Login Button' is clicked on

2018-12-11 13:19:22 - [TEST_STEP][PASSED] - Statement - tester = com.kms.katalon.core.testobject.ObjectRepository.findTestObject(Final Object Repo/Landing Page/Select to English): Finding Test Object with id 'Object Repository/Final Object Repo/Landing Page/Select to English'

2018-12-11 13:19:22 - [TEST_STEP][PASSED] - Statement - Try: Delayed 2 second(s)

2018-12-11 13:19:22 - [TEST_STEP][PASSED] - Statement - Checker = com.kms.katalon.core.webui.keyword.WebUiBuiltInKeywords.verifyElementNotPresent(tester, 3): Web element with id: 'Object Repository/Final Object Repo/Landing Page/Select to English' located by 'By.xpath: //a[@class = 'taglib-language-list-text' and @lang = 'en-US' and (contains(text(), 'EN') or contains(., 'EN'))]' is not present after '3' second(s)

2018-12-11 13:19:24 - [MESSAGE][PASSED] - Web element with id: 'Object Repository/Final Object Repo/Landing Page/Select to English' located by 'By.xpath: //a[@class = 'taglib-language-list-text' and @lang = 'en-US' and (contains(text(), 'EN') or contains(., 'EN'))]' is not present after '3' second(s)

2018-12-11 13:19:24 - [TEST_STEP][PASSED] - Statement - If (Checker == false): null

2018-12-11 13:19:24 - [TEST_STEP][PASSED] - delay: Delayed 2 second(s)

2018-12-11 13:19:26 - [MESSAGE][PASSED] - Delayed 2 second(s)

2018-12-11 13:19:26 - [TEST_STEP][PASSED] - delay: Delayed 5 second(s)

2018-12-11 13:19:31 - [MESSAGE][PASSED] - Delayed 5 second(s)

2018-12-11 13:19:31 - [TEST_STEP][PASSED] - mouseOver: Object: 'Object Repository/Final Object Repo/Landing Page/WorkFlow Menu' is hovered

2018-12-11 13:19:31 - [MESSAGE][PASSED] - Object: 'Object Repository/Final Object Repo/Landing Page/WorkFlow Menu' is hovered

2018-12-11 13:19:31 - [TEST_STEP][PASSED] - delay: Delayed 2 second(s)

2018-12-11 13:19:33 - [MESSAGE][PASSED] - Delayed 2 second(s)

2018-12-11 13:19:33 - [TEST_STEP][PASSED] - click: Object: 'Object Repository/Final Object Repo/Landing Page/Select to Workflow Listing' is clicked on

2018-12-11 13:19:34 - [MESSAGE][PASSED] - Object: 'Object Repository/Final Object Repo/Landing Page/Select to Workflow Listing' is clicked on

2018-12-11 13:19:34 - [TEST_STEP][PASSED] - delay: Delayed 2 second(s)

2018-12-11 13:19:36 - [MESSAGE][PASSED] - Delayed 2 second(s)

2018-12-11 13:19:36 - [TEST_STEP][PASSED] - click: Object: 'Object Repository/Final Object Repo/WorkFlow Listing Page/Search Information - To Put Ref No' is clicked on

2018-12-11 13:19:36 - [MESSAGE][PASSED] - Object: 'Object Repository/Final Object Repo/WorkFlow Listing Page/Search Information - To Put Ref No' is clicked on

2018-12-11 13:19:36 - [TEST_STEP][PASSED] - delay: Delayed 2 second(s)

2018-12-11 13:19:38 - [MESSAGE][PASSED] - Delayed 2 second(s)

2018-12-11 13:19:38 - [TEST_STEP][PASSED] - callTestCase: Call Test Case 'Test Cases/Final Aug 2018 - PKS Automation/Common/Reference Number Getter' successfully

2018-12-11 13:19:38 - [TEST_CASE][PASSED] - Test Cases/Final Aug 2018 - PKS Automation/Common/Reference Number Getter: Test Cases/Final Aug 2018 - PKS Automation/Common/Reference Number Getter

2018-12-11 13:19:38 - [TEST_STEP][PASSED] - Statement - Try: null

2018-12-11 13:19:38 - [TEST_STEP][PASSED] - Statement - RefNo = new java.io.File(C://Users//Admin//Desktop//PKS//Automation Reference Point//KatalonReference.txt): null

2018-12-11 13:19:38 - [TEST_STEP][PASSED] - Statement - bufferread = new java.io.BufferedReader(new java.io.FileReader(RefNo)): null

2018-12-11 13:19:38 - [TEST_STEP][PASSED] - Statement - readedVal = bufferread.readLine(): null

2018-12-11 13:19:38 - [TEST_STEP][PASSED] - Statement - out.println(CaseReferenceNo): null

2018-12-11 13:19:38 - [TEST_STEP][PASSED] - Statement - out.println(readedVal): null

2018-12-11 13:19:38 - [TEST_STEP][PASSED] - Statement - CaseReferenceNo = "": null

2018-12-11 13:19:38 - [TEST_STEP][PASSED] - Statement - CaseReferenceNo = readedVal: null

2018-12-11 13:19:38 - [MESSAGE][PASSED] - Call Test Case 'Test Cases/Final Aug 2018 - PKS Automation/Common/Reference Number Getter' successfully

2018-12-11 13:19:38 - [TEST_STEP][PASSED] - setText: Text 'CRN12201800123166' is set on object 'Object Repository/Final Object Repo/WorkFlow Listing Page/Ref No Set Text'

2018-12-11 13:19:39 - [MESSAGE][PASSED] - Text 'CRN12201800123166' is set on object 'Object Repository/Final Object Repo/WorkFlow Listing Page/Ref No Set Text'

2018-12-11 13:19:39 - [TEST_STEP][PASSED] - delay: Delayed 2 second(s)

2018-12-11 13:19:41 - [MESSAGE][PASSED] - Delayed 2 second(s)

2018-12-11 13:19:41 - [TEST_STEP][PASSED] - click: Object: 'Object Repository/Final Object Repo/WorkFlow Listing Page/Search Ref No Search Button' is clicked on

2018-12-11 13:19:41 - [MESSAGE][PASSED] - Object: 'Object Repository/Final Object Repo/WorkFlow Listing Page/Search Ref No Search Button' is clicked on

2018-12-11 13:19:41 - [TEST_STEP][PASSED] - delay: Delayed 6 second(s)

2018-12-11 13:19:47 - [MESSAGE][PASSED] - Delayed 6 second(s)

2018-12-11 13:19:47 - [TEST_STEP][PASSED] - click: Object: 'Object Repository/Final Object Repo/WorkFlow Listing Page/Click Continue Tooltip' is clicked on

2018-12-11 13:19:48 - [MESSAGE][PASSED] - Object: 'Object Repository/Final Object Repo/WorkFlow Listing Page/Click Continue Tooltip' is clicked on

2018-12-11 13:19:48 - [TEST_STEP][PASSED] - delay: Delayed 5 second(s)

2018-12-11 13:19:53 - [MESSAGE][PASSED] - Delayed 5 second(s)

2018-12-11 13:19:53 - [TEST_STEP][PASSED] - doubleClick: Object: 'Object Repository/Final Object Repo/WorkFlow Listing Page/Workflow Found - Listing 1' is double clicked on

2018-12-11 13:19:53 - [MESSAGE][PASSED] - Object: 'Object Repository/Final Object Repo/WorkFlow Listing Page/Workflow Found - Listing 1' is double clicked on

2018-12-11 13:19:53 - [TEST_STEP][PASSED] - Statement - println(OwnerID): null

2018-12-11 13:19:53 - [TEST_STEP][PASSED] - Statement - OwnerID = com.kms.katalon.core.webui.keyword.WebUiBuiltInKeywords.getText(com.kms.katalon.core.testobject.ObjectRepository.findTestObject(Final Object Repo/WorkFlow Listing Page/Workflow Found - Listing 1), STOP_ON_FAILURE): Text of object 'Object Repository/Final Object Repo/WorkFlow Listing Page/Workflow Found - Listing 1' is: 'JOHORpkrbo2'

2018-12-11 13:19:53 - [MESSAGE][PASSED] - Text of object 'Object Repository/Final Object Repo/WorkFlow Listing Page/Workflow Found - Listing 1' is: 'JOHORpkrbo2'

2018-12-11 13:19:53 - [TEST_STEP][PASSED] - Statement - OwnerID = OwnerID.toLowerCase() + "@gmail.com": null

2018-12-11 13:19:53 - [TEST_STEP][PASSED] - Statement - println(OwnerID): null

2018-12-11 13:19:53 - [TEST_STEP][PASSED] - delay: Delayed 2 second(s)

2018-12-11 13:19:55 - [MESSAGE][PASSED] - Delayed 2 second(s)

2018-12-11 13:19:55 - [MESSAGE][PASSED] - Call Test Case 'Test Cases/Final Aug 2018 - PKS Automation/Common/Workflow Owner Finder' successfully

2018-12-11 13:19:55 - [TEST_STEP][PASSED] - callTestCase: Call Test Case 'Test Cases/Final Aug 2018 - PKS Automation/Registration Module/Log Out/log out avoiding katalon tagging' successfully

2018-12-11 13:19:55 - [TEST_CASE][PASSED] - Test Cases/Final Aug 2018 - PKS Automation/Registration Module/Log Out/log out avoiding katalon tagging: Test Cases/Final Aug 2018 - PKS Automation/Registration Module/Log Out/log out avoiding katalon tagging

2018-12-11 13:19:55 - [TEST_STEP][PASSED] - navigateToUrl: Navigate to 'https://assist2-uat.perkeso.gov.my/c/portal/logout' successfully

2018-12-11 13:19:56 - [MESSAGE][PASSED] - Navigate to 'https://assist2-uat.perkeso.gov.my/c/portal/logout' successfully

2018-12-11 13:19:56 - [MESSAGE][PASSED] - Call Test Case 'Test Cases/Final Aug 2018 - PKS Automation/Registration Module/Log Out/log out avoiding katalon tagging' successfully

2018-12-11 13:19:56 - [TEST_STEP][PASSED] - delay: Delayed 2 second(s)

2018-12-11 13:19:58 - [MESSAGE][PASSED] - Delayed 2 second(s)

2018-12-11 13:19:58 - [TEST_STEP][PASSED] - setText: Text 'johorpkrbo2@gmail.com' is set on object 'Object Repository/Final Object Repo/New Registration - Registration Module Pages/Incomplete - PKRBO/Email TextBox'

2018-12-11 13:19:58 - [MESSAGE][PASSED] - Text 'johorpkrbo2@gmail.com' is set on object 'Object Repository/Final Object Repo/New Registration - Registration Module Pages/Incomplete - PKRBO/Email TextBox'

2018-12-11 13:19:58 - [TEST_STEP][PASSED] - click: Object: 'Object Repository/Final Object Repo/New Registration - Registration Module Pages/Incomplete - PKRBO/Next Button' is clicked on

2018-12-11 13:19:59 - [MESSAGE][PASSED] - Object: 'Object Repository/Final Object Repo/New Registration - Registration Module Pages/Incomplete - PKRBO/Next Button' is clicked on

2018-12-11 13:19:59 - [TEST_STEP][PASSED] - delay: Delayed 2 second(s)

2018-12-11 13:20:01 - [MESSAGE][PASSED] - Delayed 2 second(s)

2018-12-11 13:20:01 - [TEST_STEP][PASSED] - setText: Text 'Test1@3456789' is set on object 'Object Repository/Final Object Repo/New Registration - Registration Module Pages/Incomplete - PKRBO/Password TextBox'

2018-12-11 13:20:01 - [MESSAGE][PASSED] - Text 'Test1@3456789' is set on object 'Object Repository/Final Object Repo/New Registration - Registration Module Pages/Incomplete - PKRBO/Password TextBox'

2018-12-11 13:20:01 - [TEST_STEP][PASSED] - delay: Delayed 2 second(s)

2018-12-11 13:20:03 - [MESSAGE][PASSED] - Delayed 2 second(s)

2018-12-11 13:20:03 - [TEST_STEP][PASSED] - click: Object: 'Object Repository/Final Object Repo/New Registration - Registration Module Pages/Incomplete - PKRBO/Login Button' is clicked on

2018-12-11 13:20:03 - [MESSAGE][PASSED] - Object: 'Object Repository/Final Object Repo/New Registration - Registration Module Pages/Incomplete - PKRBO/Login Button' is clicked on

2018-12-11 13:20:03 - [TEST_STEP][PASSED] - Statement - Try: null

2018-12-11 13:20:03 - [TEST_STEP][PASSED] - Statement - Checker = com.kms.katalon.core.webui.keyword.WebUiBuiltInKeywords.verifyElementNotPresent("Final Object Repo/Landing Page/Select to English", 3): null

2018-12-11 13:20:03 - [TEST_STEP][PASSED] - Statement - Catch (Exception e): null

2018-12-11 13:20:03 - [TEST_STEP][PASSED] - Statement - e.printStackTrace(): null

2018-12-11 13:20:03 - [TEST_STEP][PASSED] - delay: Delayed 5 second(s)

2018-12-11 13:20:08 - [MESSAGE][PASSED] - Delayed 5 second(s)

2018-12-11 13:20:08 - [TEST_STEP][PASSED] - click: Object: 'Object Repository/Final Object Repo/New Registration - Registration Module Pages/New Reg - OTC to RO/Special Case - All Related Objects/Expand to Search' is clicked on

2018-12-11 13:20:08 - [MESSAGE][PASSED] - Object: 'Object Repository/Final Object Repo/New Registration - Registration Module Pages/New Reg - OTC to RO/Special Case - All Related Objects/Expand to Search' is clicked on

2018-12-11 13:20:08 - [TEST_STEP][PASSED] - delay: Delayed 1 second(s)

2018-12-11 13:20:09 - [MESSAGE][PASSED] - Delayed 1 second(s)

2018-12-11 13:20:09 - [TEST_STEP][PASSED] - setText: Text 'CRN12201800123166' is set on object 'Object Repository/Final Object Repo/New Registration - Registration Module Pages/New Reg - OTC to RO/Special Case - All Related Objects/TextBox RefNo in Workbasket'

2018-12-11 13:20:10 - [MESSAGE][PASSED] - Text 'CRN12201800123166' is set on object 'Object Repository/Final Object Repo/New Registration - Registration Module Pages/New Reg - OTC to RO/Special Case - All Related Objects/TextBox RefNo in Workbasket'

2018-12-11 13:20:10 - [TEST_STEP][PASSED] - delay: Delayed 2 second(s)

2018-12-11 13:20:12 - [MESSAGE][PASSED] - Delayed 2 second(s)

2018-12-11 13:20:12 - [TEST_STEP][PASSED] - click: Object: 'Object Repository/Final Object Repo/New Registration - Registration Module Pages/New Reg - OTC to RO/Special Case - All Related Objects/Click Search' is clicked on

2018-12-11 13:20:12 - [MESSAGE][PASSED] - Object: 'Object Repository/Final Object Repo/New Registration - Registration Module Pages/New Reg - OTC to RO/Special Case - All Related Objects/Click Search' is clicked on

2018-12-11 13:20:12 - [TEST_STEP][PASSED] - delay: Delayed 2 second(s)

2018-12-11 13:20:14 - [MESSAGE][PASSED] - Delayed 2 second(s)

2018-12-11 13:20:14 - [TEST_STEP][PASSED] - click: Object: 'Object Repository/Final Object Repo/New Registration - Registration Module Pages/New Reg - OTC to RO/Special Case - All Related Objects/Click to Continue Workflow' is clicked on

2018-12-11 13:20:16 - [MESSAGE][PASSED] - Object: 'Object Repository/Final Object Repo/New Registration - Registration Module Pages/New Reg - OTC to RO/Special Case - All Related Objects/Click to Continue Workflow' is clicked on

2018-12-11 13:20:16 - [TEST_STEP][PASSED] - delay: Delayed 5 second(s)

2018-12-11 13:20:21 - [MESSAGE][PASSED] - Delayed 5 second(s)

2018-12-11 13:20:21 - [TEST_STEP][PASSED] - click: Object: 'Object Repository/Final Object Repo/New Registration - Registration Module Pages/Incomplete - PKRBO/Save  Continue Button' is clicked on

2018-12-11 13:20:21 - [MESSAGE][PASSED] - Object: 'Object Repository/Final Object Repo/New Registration - Registration Module Pages/Incomplete - PKRBO/Save  Continue Button' is clicked on

2018-12-11 13:20:21 - [TEST_STEP][PASSED] - delay: Delayed 5 second(s)

2018-12-11 13:20:26 - [MESSAGE][PASSED] - Delayed 5 second(s)

2018-12-11 13:20:26 - [TEST_STEP][PASSED] - click: Object: 'Object Repository/Final Object Repo/New Registration - Registration Module Pages/Form 2/Save and Continue Form 2' is clicked on

2018-12-11 13:20:26 - [MESSAGE][PASSED] - Object: 'Object Repository/Final Object Repo/New Registration - Registration Module Pages/Form 2/Save and Continue Form 2' is clicked on

2018-12-11 13:20:26 - [TEST_STEP][PASSED] - delay: Delayed 4 second(s)

2018-12-11 13:20:30 - [MESSAGE][PASSED] - Delayed 4 second(s)

2018-12-11 13:20:30 - [TEST_STEP][PASSED] - click: Object: 'Object Repository/Final Object Repo/New Registration - Registration Module Pages/Incomplete - PKRBO/Save  Continue Third Screen' is clicked on

2018-12-11 13:20:35 - [MESSAGE][PASSED] - Object: 'Object Repository/Final Object Repo/New Registration - Registration Module Pages/Incomplete - PKRBO/Save  Continue Third Screen' is clicked on

2018-12-11 13:20:35 - [TEST_STEP][PASSED] - delay: Delayed 4 second(s)

2018-12-11 13:20:39 - [MESSAGE][PASSED] - Delayed 4 second(s)

2018-12-11 13:20:39 - [TEST_STEP][PASSED] - click: Object: 'Object Repository/Final Object Repo/New Registration - Registration Module Pages/Incomplete - PKRBO/Save   Continue Supporting Doc Page' is clicked on

2018-12-11 13:20:40 - [MESSAGE][PASSED] - Object: 'Object Repository/Final Object Repo/New Registration - Registration Module Pages/Incomplete - PKRBO/Save   Continue Supporting Doc Page' is clicked on

2018-12-11 13:20:40 - [TEST_STEP][PASSED] - delay: Delayed 4 second(s)

2018-12-11 13:20:44 - [MESSAGE][PASSED] - Delayed 4 second(s)

2018-12-11 13:20:44 - [TEST_STEP][PASSED] - click: Object: 'Object Repository/Final Object Repo/New Registration - Registration Module Pages/Incomplete - PKRBO/Submit Button' is clicked on

2018-12-11 13:20:44 - [MESSAGE][PASSED] - Object: 'Object Repository/Final Object Repo/New Registration - Registration Module Pages/Incomplete - PKRBO/Submit Button' is clicked on

2018-12-11 13:20:44 - [TEST_STEP][PASSED] - delay: Delayed 4 second(s)

2018-12-11 13:20:48 - [MESSAGE][PASSED] - Delayed 4 second(s)

2018-12-11 13:20:48 - [TEST_STEP][PASSED] - click: Object: 'Object Repository/Final Object Repo/New Registration - Registration Module Pages/Incomplete - PKRBO/Confirm Submit Button' is clicked on

2018-12-11 13:20:48 - [MESSAGE][PASSED] - Object: 'Object Repository/Final Object Repo/New Registration - Registration Module Pages/Incomplete - PKRBO/Confirm Submit Button' is clicked on

2018-12-11 13:20:48 - [TEST_STEP][PASSED] - delay: Delayed 30 second(s)

2018-12-11 13:21:18 - [MESSAGE][PASSED] - Delayed 30 second(s)

2018-12-11 13:21:18 - [TEST_STEP][PASSED] - callTestCase: Call Test Case 'Test Cases/Final Aug 2018 - PKS Automation/Common/Screenshoting tool' successfully

2018-12-11 13:21:18 - [TEST_CASE][PASSED] - Test Cases/Final Aug 2018 - PKS Automation/Common/Screenshoting tool: Test Cases/Final Aug 2018 - PKS Automation/Common/Screenshoting tool

2018-12-11 13:21:19 - [TEST_STEP][PASSED] - delay: Delayed 15 second(s)

2018-12-11 13:21:34 - [MESSAGE][PASSED] - Delayed 15 second(s)

2018-12-11 13:21:34 - [TEST_STEP][PASSED] - Statement - driver = com.kms.katalon.core.webui.driver.DriverFactory.getWebDriver(): null

2018-12-11 13:21:34 - [TEST_STEP][PASSED] - Statement - driver.manage().timeouts().implicitlyWait(10, SECONDS): null

2018-12-11 13:21:34 - [TEST_STEP][PASSED] - Statement - PresavePath = KatalonScreenshots: null

2018-12-11 13:21:34 - [TEST_STEP][PASSED] - Statement - pathPrefix = "C:\Users\Public\Pictures\Sample Pictures\Katalon Screenshots\Automate Ending Screen": null

2018-12-11 13:21:34 - [TEST_STEP][PASSED] - Statement - finalPath = <not implemented yet for class: org.codehaus.groovy.ast.expr.EmptyExpression>: null

2018-12-11 13:21:34 - [TEST_STEP][PASSED] - Statement - scrFile = driver.getScreenshotAs(FILE): null

2018-12-11 13:21:34 - [TEST_STEP][PASSED] - Statement - PreSaveFile = new java.io.File(PresavePath): null

2018-12-11 13:21:34 - [TEST_STEP][PASSED] - Statement - counter = 0: null

2018-12-11 13:21:34 - [TEST_STEP][PASSED] - Statement - If (PreSaveFile.exists()): null

2018-12-11 13:21:34 - [TEST_STEP][PASSED] - Statement - While (PreSaveFile.exists()): null

2018-12-11 13:21:34 - [TEST_STEP][PASSED] - Statement - counter = counter + 1: null

2018-12-11 13:21:34 - [TEST_STEP][PASSED] - Statement - PreSaveFile = new java.io.File(((pathPrefix + java.lang.Integer.toString(counter)) + .png)): null

2018-12-11 13:21:34 - [TEST_STEP][PASSED] - Statement - counter = counter + 1: null

2018-12-11 13:21:34 - [TEST_STEP][PASSED] - Statement - PreSaveFile = new java.io.File(((pathPrefix + java.lang.Integer.toString(counter)) + .png)): null

2018-12-11 13:21:34 - [TEST_STEP][PASSED] - Statement - counter = counter + 1: null

2018-12-11 13:21:34 - [TEST_STEP][PASSED] - Statement - PreSaveFile = new java.io.File(((pathPrefix + java.lang.Integer.toString(counter)) + .png)): null

2018-12-11 13:21:34 - [TEST_STEP][PASSED] - Statement - counter = counter + 1: null

2018-12-11 13:21:34 - [TEST_STEP][PASSED] - Statement - PreSaveFile = new java.io.File(((pathPrefix + java.lang.Integer.toString(counter)) + .png)): null

2018-12-11 13:21:34 - [TEST_STEP][PASSED] - Statement - counter = counter + 1: null

2018-12-11 13:21:34 - [TEST_STEP][PASSED] - Statement - PreSaveFile = new java.io.File(((pathPrefix + java.lang.Integer.toString(counter)) + .png)): null

2018-12-11 13:21:34 - [TEST_STEP][PASSED] - Statement - counter = counter + 1: null

2018-12-11 13:21:34 - [TEST_STEP][PASSED] - Statement - PreSaveFile = new java.io.File(((pathPrefix + java.lang.Integer.toString(counter)) + .png)): null

2018-12-11 13:21:34 - [TEST_STEP][PASSED] - Statement - counter = counter + 1: null

2018-12-11 13:21:34 - [TEST_STEP][PASSED] - Statement - PreSaveFile = new java.io.File(((pathPrefix + java.lang.Integer.toString(counter)) + .png)): null

2018-12-11 13:21:34 - [TEST_STEP][PASSED] - Statement - counter = counter + 1: null

2018-12-11 13:21:34 - [TEST_STEP][PASSED] - Statement - PreSaveFile = new java.io.File(((pathPrefix + java.lang.Integer.toString(counter)) + .png)): null

2018-12-11 13:21:34 - [TEST_STEP][PASSED] - Statement - counter = counter + 1: null

2018-12-11 13:21:34 - [TEST_STEP][PASSED] - Statement - PreSaveFile = new java.io.File(((pathPrefix + java.lang.Integer.toString(counter)) + .png)): null

2018-12-11 13:21:34 - [TEST_STEP][PASSED] - Statement - counter = counter + 1: null

2018-12-11 13:21:34 - [TEST_STEP][PASSED] - Statement - PreSaveFile = new java.io.File(((pathPrefix + java.lang.Integer.toString(counter)) + .png)): null

2018-12-11 13:21:34 - [TEST_STEP][PASSED] - Statement - counter = counter + 1: null

2018-12-11 13:21:34 - [TEST_STEP][PASSED] - Statement - PreSaveFile = new java.io.File(((pathPrefix + java.lang.Integer.toString(counter)) + .png)): null

2018-12-11 13:21:34 - [TEST_STEP][PASSED] - Statement - counter = counter + 1: null

2018-12-11 13:21:34 - [TEST_STEP][PASSED] - Statement - PreSaveFile = new java.io.File(((pathPrefix + java.lang.Integer.toString(counter)) + .png)): null

2018-12-11 13:21:34 - [TEST_STEP][PASSED] - Statement - counter = counter + 1: null

2018-12-11 13:21:34 - [TEST_STEP][PASSED] - Statement - PreSaveFile = new java.io.File(((pathPrefix + java.lang.Integer.toString(counter)) + .png)): null

2018-12-11 13:21:34 - [TEST_STEP][PASSED] - Statement - counter = counter + 1: null

2018-12-11 13:21:34 - [TEST_STEP][PASSED] - Statement - PreSaveFile = new java.io.File(((pathPrefix + java.lang.Integer.toString(counter)) + .png)): null

2018-12-11 13:21:34 - [TEST_STEP][PASSED] - Statement - counter = counter + 1: null

2018-12-11 13:21:34 - [TEST_STEP][PASSED] - Statement - PreSaveFile = new java.io.File(((pathPrefix + java.lang.Integer.toString(counter)) + .png)): null

2018-12-11 13:21:34 - [TEST_STEP][PASSED] - Statement - counter = counter + 1: null

2018-12-11 13:21:34 - [TEST_STEP][PASSED] - Statement - PreSaveFile = new java.io.File(((pathPrefix + java.lang.Integer.toString(counter)) + .png)): null

2018-12-11 13:21:34 - [TEST_STEP][PASSED] - Statement - counter = counter + 1: null

2018-12-11 13:21:34 - [TEST_STEP][PASSED] - Statement - PreSaveFile = new java.io.File(((pathPrefix + java.lang.Integer.toString(counter)) + .png)): null

2018-12-11 13:21:34 - [TEST_STEP][PASSED] - Statement - counter = counter + 1: null

2018-12-11 13:21:34 - [TEST_STEP][PASSED] - Statement - PreSaveFile = new java.io.File(((pathPrefix + java.lang.Integer.toString(counter)) + .png)): null

2018-12-11 13:21:34 - [TEST_STEP][PASSED] - Statement - counter = counter + 1: null

2018-12-11 13:21:34 - [TEST_STEP][PASSED] - Statement - PreSaveFile = new java.io.File(((pathPrefix + java.lang.Integer.toString(counter)) + .png)): null

2018-12-11 13:21:34 - [TEST_STEP][PASSED] - Statement - counter = counter + 1: null

2018-12-11 13:21:34 - [TEST_STEP][PASSED] - Statement - PreSaveFile = new java.io.File(((pathPrefix + java.lang.Integer.toString(counter)) + .png)): null

2018-12-11 13:21:34 - [TEST_STEP][PASSED] - Statement - counter = counter + 1: null

2018-12-11 13:21:34 - [TEST_STEP][PASSED] - Statement - PreSaveFile = new java.io.File(((pathPrefix + java.lang.Integer.toString(counter)) + .png)): null

2018-12-11 13:21:34 - [TEST_STEP][PASSED] - Statement - counter = counter + 1: null

2018-12-11 13:21:34 - [TEST_STEP][PASSED] - Statement - PreSaveFile = new java.io.File(((pathPrefix + java.lang.Integer.toString(counter)) + .png)): null

2018-12-11 13:21:34 - [TEST_STEP][PASSED] - Statement - counter = counter + 1: null

2018-12-11 13:21:34 - [TEST_STEP][PASSED] - Statement - PreSaveFile = new java.io.File(((pathPrefix + java.lang.Integer.toString(counter)) + .png)): null

2018-12-11 13:21:34 - [TEST_STEP][PASSED] - Statement - counter = counter + 1: null

2018-12-11 13:21:34 - [TEST_STEP][PASSED] - Statement - PreSaveFile = new java.io.File(((pathPrefix + java.lang.Integer.toString(counter)) + .png)): null

2018-12-11 13:21:34 - [TEST_STEP][PASSED] - Statement - counter = counter + 1: null

2018-12-11 13:21:34 - [TEST_STEP][PASSED] - Statement - PreSaveFile = new java.io.File(((pathPrefix + java.lang.Integer.toString(counter)) + .png)): null

2018-12-11 13:21:34 - [TEST_STEP][PASSED] - Statement - counter = counter + 1: null

2018-12-11 13:21:34 - [TEST_STEP][PASSED] - Statement - PreSaveFile = new java.io.File(((pathPrefix + java.lang.Integer.toString(counter)) + .png)): null

2018-12-11 13:21:34 - [TEST_STEP][PASSED] - Statement - counter = counter + 1: null

2018-12-11 13:21:34 - [TEST_STEP][PASSED] - Statement - PreSaveFile = new java.io.File(((pathPrefix + java.lang.Integer.toString(counter)) + .png)): null

2018-12-11 13:21:34 - [TEST_STEP][PASSED] - Statement - counter = counter + 1: null

2018-12-11 13:21:34 - [TEST_STEP][PASSED] - Statement - PreSaveFile = new java.io.File(((pathPrefix + java.lang.Integer.toString(counter)) + .png)): null

2018-12-11 13:21:34 - [TEST_STEP][PASSED] - Statement - counter = counter + 1: null

2018-12-11 13:21:34 - [TEST_STEP][PASSED] - Statement - PreSaveFile = new java.io.File(((pathPrefix + java.lang.Integer.toString(counter)) + .png)): null

2018-12-11 13:21:34 - [TEST_STEP][PASSED] - Statement - counter = counter + 1: null

2018-12-11 13:21:34 - [TEST_STEP][PASSED] - Statement - PreSaveFile = new java.io.File(((pathPrefix + java.lang.Integer.toString(counter)) + .png)): null

2018-12-11 13:21:34 - [TEST_STEP][PASSED] - Statement - counter = counter + 1: null

2018-12-11 13:21:34 - [TEST_STEP][PASSED] - Statement - PreSaveFile = new java.io.File(((pathPrefix + java.lang.Integer.toString(counter)) + .png)): null

2018-12-11 13:21:34 - [TEST_STEP][PASSED] - Statement - counter = counter + 1: null

2018-12-11 13:21:34 - [TEST_STEP][PASSED] - Statement - PreSaveFile = new java.io.File(((pathPrefix + java.lang.Integer.toString(counter)) + .png)): null

2018-12-11 13:21:34 - [TEST_STEP][PASSED] - Statement - counter = counter + 1: null

2018-12-11 13:21:34 - [TEST_STEP][PASSED] - Statement - PreSaveFile = new java.io.File(((pathPrefix + java.lang.Integer.toString(counter)) + .png)): null

2018-12-11 13:21:34 - [TEST_STEP][PASSED] - Statement - counter = counter + 1: null

2018-12-11 13:21:34 - [TEST_STEP][PASSED] - Statement - PreSaveFile = new java.io.File(((pathPrefix + java.lang.Integer.toString(counter)) + .png)): null

2018-12-11 13:21:34 - [TEST_STEP][PASSED] - Statement - counter = counter + 1: null

2018-12-11 13:21:34 - [TEST_STEP][PASSED] - Statement - PreSaveFile = new java.io.File(((pathPrefix + java.lang.Integer.toString(counter)) + .png)): null

2018-12-11 13:21:34 - [TEST_STEP][PASSED] - Statement - counter = counter + 1: null

2018-12-11 13:21:34 - [TEST_STEP][PASSED] - Statement - PreSaveFile = new java.io.File(((pathPrefix + java.lang.Integer.toString(counter)) + .png)): null

2018-12-11 13:21:34 - [TEST_STEP][PASSED] - Statement - finalPath = pathPrefix + java.lang.Integer.toString(counter) + ".png": null

2018-12-11 13:21:34 - [TEST_STEP][PASSED] - Statement - SaveFile = new java.io.File(finalPath): null

2018-12-11 13:21:34 - [TEST_STEP][PASSED] - Statement - Try: null

2018-12-11 13:21:34 - [TEST_STEP][PASSED] - Statement - org.apache.commons.io.FileUtils.copyFile(scrFile, SaveFile): null

2018-12-11 13:21:34 - [TEST_STEP][PASSED] - Statement - out.println("file kept"): null

2018-12-11 13:21:34 - [TEST_STEP][PASSED] - delay: Delayed 10 second(s)

2018-12-11 13:21:44 - [MESSAGE][PASSED] - Delayed 10 second(s)

2018-12-11 13:21:44 - [MESSAGE][PASSED] - Call Test Case 'Test Cases/Final Aug 2018 - PKS Automation/Common/Screenshoting tool' successfully

2018-12-11 13:21:44 - [TEST_STEP][PASSED] - callTestCase: Call Test Case 'Test Cases/Final Aug 2018 - PKS Automation/Registration Module/Log Out/log out avoiding katalon tagging' successfully

2018-12-11 13:21:44 - [TEST_CASE][PASSED] - Test Cases/Final Aug 2018 - PKS Automation/Registration Module/Log Out/log out avoiding katalon tagging: Test Cases/Final Aug 2018 - PKS Automation/Registration Module/Log Out/log out avoiding katalon tagging

2018-12-11 13:21:44 - [TEST_STEP][PASSED] - navigateToUrl: Navigate to 'https://assist2-uat.perkeso.gov.my/c/portal/logout' successfully

2018-12-11 13:21:45 - [MESSAGE][PASSED] - Navigate to 'https://assist2-uat.perkeso.gov.my/c/portal/logout' successfully

2018-12-11 13:21:45 - [MESSAGE][PASSED] - Call Test Case 'Test Cases/Final Aug 2018 - PKS Automation/Registration Module/Log Out/log out avoiding katalon tagging' successfully]]></system-out>
         <system-err><![CDATA[]]></system-err>
      </testcase>
      <testcase name="Test Cases/Final Aug 2018 - PKS Automation/Registration Module/Workflow/New Registration/Case OTC to RO - Query - Submit" classname="Test Cases/Final Aug 2018 - PKS Automation/Registration Module/Workflow/New Registration/Case OTC to RO - Query - Submit" status="PASSED">
         <system-out><![CDATA[2018-12-11 13:21:45 - [TEST_CASE][PASSED] - Test Cases/Final Aug 2018 - PKS Automation/Registration Module/Workflow/New Registration/Case OTC to RO - Query - Submit: Test Cases/Final Aug 2018 - PKS Automation/Registration Module/Workflow/New Registration/Case OTC to RO - Query - Submit

2018-12-11 13:21:45 - [TEST_STEP][PASSED] - callTestCase: Call Test Case 'Test Cases/Final Aug 2018 - PKS Automation/Registration Module/Workflow/New Registration/Template/Special Case - OTC - Form 1' successfully

2018-12-11 13:21:45 - [TEST_CASE][PASSED] - Test Cases/Final Aug 2018 - PKS Automation/Registration Module/Workflow/New Registration/Template/Special Case - OTC - Form 1: Test Cases/Final Aug 2018 - PKS Automation/Registration Module/Workflow/New Registration/Template/Special Case - OTC - Form 1

2018-12-11 13:21:46 - [TEST_STEP][PASSED] - openBrowser: Browser is opened with url: ''

2018-12-11 13:21:46 - [MESSAGE][WARNING] - A browser is already opened. Closing browser and opening a new one

2018-12-11 13:21:51 - [MESSAGE][PASSED] - Browser is opened with url: ''

2018-12-11 13:21:51 - [TEST_STEP][PASSED] - navigateToUrl: Navigate to 'https://assist2-uat.perkeso.gov.my/login' successfully

2018-12-11 13:21:52 - [MESSAGE][PASSED] - Navigate to 'https://assist2-uat.perkeso.gov.my/login' successfully

2018-12-11 13:21:52 - [TEST_STEP][PASSED] - delay: Delayed 2 second(s)

2018-12-11 13:21:54 - [MESSAGE][PASSED] - Delayed 2 second(s)

2018-12-11 13:21:54 - [TEST_STEP][PASSED] - setText: Text 'klotc2@gmail.com' is set on object 'Object Repository/Final Object Repo/Login Page/Internal User/Email Address'

2018-12-11 13:21:54 - [MESSAGE][PASSED] - Text 'klotc2@gmail.com' is set on object 'Object Repository/Final Object Repo/Login Page/Internal User/Email Address'

2018-12-11 13:21:54 - [TEST_STEP][PASSED] - click: Object: 'Object Repository/Final Object Repo/Login Page/Internal User/Next Button' is clicked on

2018-12-11 13:21:54 - [MESSAGE][PASSED] - Object: 'Object Repository/Final Object Repo/Login Page/Internal User/Next Button' is clicked on

2018-12-11 13:21:54 - [TEST_STEP][PASSED] - delay: Delayed 2 second(s)

2018-12-11 13:21:56 - [MESSAGE][PASSED] - Delayed 2 second(s)

2018-12-11 13:21:56 - [TEST_STEP][PASSED] - setText: Text 'Test1@3456789' is set on object 'Object Repository/Final Object Repo/Login Page/Internal User/Password'

2018-12-11 13:21:57 - [MESSAGE][PASSED] - Text 'Test1@3456789' is set on object 'Object Repository/Final Object Repo/Login Page/Internal User/Password'

2018-12-11 13:21:57 - [TEST_STEP][PASSED] - delay: Delayed 2 second(s)

2018-12-11 13:21:59 - [MESSAGE][PASSED] - Delayed 2 second(s)

2018-12-11 13:21:59 - [TEST_STEP][PASSED] - click: Object: 'Object Repository/Final Object Repo/Login Page/Internal User/Login Button' is clicked on

2018-12-11 13:21:59 - [MESSAGE][PASSED] - Object: 'Object Repository/Final Object Repo/Login Page/Internal User/Login Button' is clicked on

2018-12-11 13:21:59 - [TEST_STEP][PASSED] - Statement - Try: null

2018-12-11 13:21:59 - [TEST_STEP][PASSED] - Statement - Checker = com.kms.katalon.core.webui.keyword.WebUiBuiltInKeywords.verifyElementNotPresent("Final Object Repo/Landing Page/Select to English", 3): null

2018-12-11 13:21:59 - [TEST_STEP][PASSED] - Statement - Catch (Exception e): null

2018-12-11 13:21:59 - [TEST_STEP][PASSED] - Statement - e.printStackTrace(): null

2018-12-11 13:21:59 - [TEST_STEP][PASSED] - delay: Delayed 5 second(s)

2018-12-11 13:22:04 - [MESSAGE][PASSED] - Delayed 5 second(s)

2018-12-11 13:22:04 - [TEST_STEP][PASSED] - click: Object: 'Object Repository/Final Object Repo/Landing Page/My Sites Drop Down' is clicked on

2018-12-11 13:22:04 - [MESSAGE][PASSED] - Object: 'Object Repository/Final Object Repo/Landing Page/My Sites Drop Down' is clicked on

2018-12-11 13:22:04 - [TEST_STEP][PASSED] - click: Object: 'Object Repository/Final Object Repo/Landing Page/Select to Registration Module' is clicked on

2018-12-11 13:22:05 - [MESSAGE][PASSED] - Object: 'Object Repository/Final Object Repo/Landing Page/Select to Registration Module' is clicked on

2018-12-11 13:22:05 - [TEST_STEP][PASSED] - click: Object: 'Object Repository/Final Object Repo/Landing Page/Registration Button' is clicked on

2018-12-11 13:22:06 - [MESSAGE][PASSED] - Object: 'Object Repository/Final Object Repo/Landing Page/Registration Button' is clicked on

2018-12-11 13:22:06 - [TEST_STEP][PASSED] - delay: Delayed 2 second(s)

2018-12-11 13:22:08 - [MESSAGE][PASSED] - Delayed 2 second(s)

2018-12-11 13:22:08 - [TEST_STEP][PASSED] - click: Object: 'Object Repository/Final Object Repo/New Registration - Registration Module Pages/New Reg - OTC to RO/Special Case - OTC - Form 1/AEC NO' is clicked on

2018-12-11 13:22:09 - [MESSAGE][PASSED] - Object: 'Object Repository/Final Object Repo/New Registration - Registration Module Pages/New Reg - OTC to RO/Special Case - OTC - Form 1/AEC NO' is clicked on

2018-12-11 13:22:09 - [TEST_STEP][PASSED] - click: Object: 'Object Repository/Final Object Repo/New Registration - Registration Module Pages/New Reg - OTC to RO/Special Case - OTC - Form 1/Business Entity - Please Select' is clicked on

2018-12-11 13:22:09 - [MESSAGE][PASSED] - Object: 'Object Repository/Final Object Repo/New Registration - Registration Module Pages/New Reg - OTC to RO/Special Case - OTC - Form 1/Business Entity - Please Select' is clicked on

2018-12-11 13:22:09 - [TEST_STEP][PASSED] - click: Object: 'Object Repository/Final Object Repo/New Registration - Registration Module Pages/New Reg - OTC to RO/Special Case - OTC - Form 1/Selected - Corporation' is clicked on

2018-12-11 13:22:09 - [MESSAGE][PASSED] - Object: 'Object Repository/Final Object Repo/New Registration - Registration Module Pages/New Reg - OTC to RO/Special Case - OTC - Form 1/Selected - Corporation' is clicked on

2018-12-11 13:22:09 - [TEST_STEP][PASSED] - delay: Delayed 2 second(s)

2018-12-11 13:22:11 - [MESSAGE][PASSED] - Delayed 2 second(s)

2018-12-11 13:22:11 - [TEST_STEP][PASSED] - click: Object: 'Object Repository/Final Object Repo/New Registration - Registration Module Pages/New Reg - OTC to RO/Special Case - OTC - Form 1/Sub Business Entity - Please Select' is clicked on

2018-12-11 13:22:11 - [MESSAGE][PASSED] - Object: 'Object Repository/Final Object Repo/New Registration - Registration Module Pages/New Reg - OTC to RO/Special Case - OTC - Form 1/Sub Business Entity - Please Select' is clicked on

2018-12-11 13:22:11 - [TEST_STEP][PASSED] - delay: Delayed 2 second(s)

2018-12-11 13:22:13 - [MESSAGE][PASSED] - Delayed 2 second(s)

2018-12-11 13:22:13 - [TEST_STEP][PASSED] - click: Object: 'Object Repository/Final Object Repo/New Registration - Registration Module Pages/New Reg - OTC to RO/Special Case - OTC - Form 1/Selected - Sendirian Berhad' is clicked on

2018-12-11 13:22:14 - [MESSAGE][PASSED] - Object: 'Object Repository/Final Object Repo/New Registration - Registration Module Pages/New Reg - OTC to RO/Special Case - OTC - Form 1/Selected - Sendirian Berhad' is clicked on

2018-12-11 13:22:14 - [TEST_STEP][PASSED] - setText: Text 'AUTOMATE001' is set on object 'Object Repository/Final Object Repo/New Registration - Registration Module Pages/New Reg - OTC to RO/Special Case - OTC - Form 1/Input BRN Number'

2018-12-11 13:22:14 - [MESSAGE][PASSED] - Text 'AUTOMATE001' is set on object 'Object Repository/Final Object Repo/New Registration - Registration Module Pages/New Reg - OTC to RO/Special Case - OTC - Form 1/Input BRN Number'

2018-12-11 13:22:14 - [TEST_STEP][PASSED] - delay: Delayed 2 second(s)

2018-12-11 13:22:16 - [MESSAGE][PASSED] - Delayed 2 second(s)

2018-12-11 13:22:16 - [TEST_STEP][PASSED] - click: Object: 'Object Repository/Final Object Repo/New Registration - Registration Module Pages/New Reg - OTC to RO/Special Case - OTC - Form 1/BRN Search' is clicked on

2018-12-11 13:22:16 - [MESSAGE][PASSED] - Object: 'Object Repository/Final Object Repo/New Registration - Registration Module Pages/New Reg - OTC to RO/Special Case - OTC - Form 1/BRN Search' is clicked on

2018-12-11 13:22:16 - [TEST_STEP][PASSED] - delay: Delayed 4 second(s)

2018-12-11 13:22:20 - [MESSAGE][PASSED] - Delayed 4 second(s)

2018-12-11 13:22:20 - [TEST_STEP][PASSED] - click: Object: 'Object Repository/Final Object Repo/New Registration - Registration Module Pages/New Reg - OTC to RO/Special Case - OTC - Form 1/Registered with SSM - After Feb 2017' is clicked on

2018-12-11 13:22:20 - [MESSAGE][PASSED] - Object: 'Object Repository/Final Object Repo/New Registration - Registration Module Pages/New Reg - OTC to RO/Special Case - OTC - Form 1/Registered with SSM - After Feb 2017' is clicked on

2018-12-11 13:22:20 - [TEST_STEP][PASSED] - delay: Delayed 2 second(s)

2018-12-11 13:22:22 - [MESSAGE][PASSED] - Delayed 2 second(s)

2018-12-11 13:22:22 - [TEST_STEP][PASSED] - click: Object: 'Object Repository/Final Object Repo/New Registration - Registration Module Pages/New Reg - OTC to RO/Special Case - OTC - Form 1/Registering As A Branch - No' is clicked on

2018-12-11 13:22:23 - [MESSAGE][PASSED] - Object: 'Object Repository/Final Object Repo/New Registration - Registration Module Pages/New Reg - OTC to RO/Special Case - OTC - Form 1/Registering As A Branch - No' is clicked on

2018-12-11 13:22:23 - [TEST_STEP][PASSED] - click: Object: 'Object Repository/Final Object Repo/New Registration - Registration Module Pages/New Reg - OTC to RO/Special Case - OTC - Form 1/Acknowledgement Ticked' is clicked on

2018-12-11 13:22:23 - [MESSAGE][PASSED] - Object: 'Object Repository/Final Object Repo/New Registration - Registration Module Pages/New Reg - OTC to RO/Special Case - OTC - Form 1/Acknowledgement Ticked' is clicked on

2018-12-11 13:22:23 - [TEST_STEP][PASSED] - click: Object: 'Object Repository/Final Object Repo/New Registration - Registration Module Pages/New Reg - OTC to RO/Special Case - OTC - Form 1/Submit Button' is clicked on

2018-12-11 13:22:23 - [MESSAGE][PASSED] - Object: 'Object Repository/Final Object Repo/New Registration - Registration Module Pages/New Reg - OTC to RO/Special Case - OTC - Form 1/Submit Button' is clicked on

2018-12-11 13:22:23 - [TEST_STEP][PASSED] - delay: Delayed 2 second(s)

2018-12-11 13:22:25 - [MESSAGE][PASSED] - Delayed 2 second(s)

2018-12-11 13:22:25 - [TEST_STEP][PASSED] - click: Object: 'Object Repository/Final Object Repo/New Registration - Registration Module Pages/New Reg - OTC to RO/Special Case - OTC - Form 1/Confirm No Flagging as Branch' is clicked on

2018-12-11 13:22:25 - [MESSAGE][PASSED] - Object: 'Object Repository/Final Object Repo/New Registration - Registration Module Pages/New Reg - OTC to RO/Special Case - OTC - Form 1/Confirm No Flagging as Branch' is clicked on

2018-12-11 13:22:25 - [MESSAGE][PASSED] - Call Test Case 'Test Cases/Final Aug 2018 - PKS Automation/Registration Module/Workflow/New Registration/Template/Special Case - OTC - Form 1' successfully

2018-12-11 13:22:25 - [TEST_STEP][PASSED] - callTestCase: Call Test Case 'Test Cases/Final Aug 2018 - PKS Automation/Registration Module/New Registration/Form 2/Add 1 Eligible' successfully

2018-12-11 13:22:25 - [TEST_CASE][PASSED] - Test Cases/Final Aug 2018 - PKS Automation/Registration Module/New Registration/Form 2/Add 1 Eligible: Test Cases/Final Aug 2018 - PKS Automation/Registration Module/New Registration/Form 2/Add 1 Eligible

2018-12-11 13:22:25 - [TEST_STEP][PASSED] - delay: Delayed 2 second(s)

2018-12-11 13:22:27 - [MESSAGE][PASSED] - Delayed 2 second(s)

2018-12-11 13:22:27 - [TEST_STEP][PASSED] - callTestCase: Call Test Case 'Test Cases/Final Aug 2018 - PKS Automation/Registration Module/New Registration/Form 2/Date Updater' successfully

2018-12-11 13:22:27 - [TEST_CASE][PASSED] - Test Cases/Final Aug 2018 - PKS Automation/Registration Module/New Registration/Form 2/Date Updater: Test Cases/Final Aug 2018 - PKS Automation/Registration Module/New Registration/Form 2/Date Updater

2018-12-11 13:22:28 - [TEST_STEP][PASSED] - Statement - TodayDate = new java.util.Date(): null

2018-12-11 13:22:28 - [TEST_STEP][PASSED] - Statement - CurrentDateNoFilter = new java.text.SimpleDateFormat(): null

2018-12-11 13:22:28 - [TEST_STEP][PASSED] - Statement - CurrentDateNoFilter.applyPattern("MM"): null

2018-12-11 13:22:28 - [TEST_STEP][PASSED] - Statement - monthContainerMatcher = java.lang.Integer.parseInt(CurrentDateNoFilter.format(TodayDate)): null

2018-12-11 13:22:28 - [TEST_STEP][PASSED] - Statement - monthContainerMatcher = monthContainerMatcher - 1: null

2018-12-11 13:22:28 - [TEST_STEP][PASSED] - Statement - CurrentMonth = monthContainerMatcher.toString(): null

2018-12-11 13:22:28 - [TEST_STEP][PASSED] - Statement - CurrentMonth = CurrentMonth: null

2018-12-11 13:22:28 - [TEST_STEP][PASSED] - Statement - CurrentDateNoFilter.applyPattern("yyyy"): null

2018-12-11 13:22:28 - [TEST_STEP][PASSED] - Statement - CurrentYear = CurrentDateNoFilter.format(TodayDate): null

2018-12-11 13:22:28 - [TEST_STEP][PASSED] - Statement - CurrentYear = CurrentYear: null

2018-12-11 13:22:28 - [TEST_STEP][PASSED] - Statement - intCurrentYear = java.lang.Integer.parseInt(CurrentDateNoFilter.format(TodayDate)): null

2018-12-11 13:22:28 - [TEST_STEP][PASSED] - Statement - eighteenYrsAgo = intCurrentYear - 18: null

2018-12-11 13:22:28 - [TEST_STEP][PASSED] - Statement - eighteenYrsBeforeThisYr = eighteenYrsAgo.toString(): null

2018-12-11 13:22:28 - [TEST_STEP][PASSED] - Statement - EighteenYrsBefore = eighteenYrsBeforeThisYr: null

2018-12-11 13:22:28 - [TEST_STEP][PASSED] - Statement - fiftysevenYrsAgo = intCurrentYear - 57: null

2018-12-11 13:22:28 - [TEST_STEP][PASSED] - Statement - fiftysevenYrsBeforeThisYr = fiftysevenYrsAgo.toString(): null

2018-12-11 13:22:28 - [TEST_STEP][PASSED] - Statement - FiftysevenYrsBefore = fiftysevenYrsBeforeThisYr: null

2018-12-11 13:22:28 - [TEST_STEP][PASSED] - Statement - leapYear = false: null

2018-12-11 13:22:28 - [TEST_STEP][PASSED] - Statement - leapYear = intCurrentYear % 4 == 0: null

2018-12-11 13:22:28 - [TEST_STEP][PASSED] - Statement - CurrentDateNoFilter.applyPattern("dd"): null

2018-12-11 13:22:28 - [TEST_STEP][PASSED] - Statement - CurrentDate = CurrentDateNoFilter.format(TodayDate): null

2018-12-11 13:22:28 - [TEST_STEP][PASSED] - Statement - CurrentDate = java.lang.Integer.parseInt(CurrentDate): null

2018-12-11 13:22:28 - [TEST_STEP][PASSED] - Statement - CurrentDate = CurrentDate: null

2018-12-11 13:22:28 - [TEST_STEP][PASSED] - Statement - CurrentDay = java.lang.Integer.parseInt(CurrentDate): null

2018-12-11 13:22:28 - [TEST_STEP][PASSED] - Statement - ConfAdder = <not implemented yet for class: org.codehaus.groovy.ast.expr.EmptyExpression>: null

2018-12-11 13:22:28 - [TEST_STEP][PASSED] - Statement - out.println(CurrentMonth): null

2018-12-11 13:22:28 - [TEST_STEP][PASSED] - Statement - out.println(CurrentDate): null

2018-12-11 13:22:28 - [TEST_STEP][PASSED] - Statement - switch (CurrentDate): null

2018-12-11 13:22:28 - [TEST_STEP][PASSED] - Statement - Default: null

2018-12-11 13:22:28 - [TEST_STEP][PASSED] - Statement - ConfAdder = true: null

2018-12-11 13:22:28 - [TEST_STEP][PASSED] - Statement - Break: null

2018-12-11 13:22:28 - [TEST_STEP][PASSED] - Statement - aDayBefore = <not implemented yet for class: org.codehaus.groovy.ast.expr.EmptyExpression>: null

2018-12-11 13:22:28 - [TEST_STEP][PASSED] - Statement - out.println(ConfAdder): null

2018-12-11 13:22:28 - [TEST_STEP][PASSED] - Statement - If (ConfAdder == true): null

2018-12-11 13:22:28 - [TEST_STEP][PASSED] - Statement - aDayBefore = CurrentDay + 1: null

2018-12-11 13:22:28 - [TEST_STEP][PASSED] - Statement - out.println(aDayBefore): null

2018-12-11 13:22:28 - [TEST_STEP][PASSED] - Statement - If (aDayBefore == 1 && CurrentMonth == 11): null

2018-12-11 13:22:28 - [TEST_STEP][PASSED] - Statement - DayBefore = aDayBefore.toString(): null

2018-12-11 13:22:28 - [TEST_STEP][PASSED] - Statement - OneDayBefore = DayBefore: null

2018-12-11 13:22:28 - [MESSAGE][PASSED] - Call Test Case 'Test Cases/Final Aug 2018 - PKS Automation/Registration Module/New Registration/Form 2/Date Updater' successfully

2018-12-11 13:22:28 - [TEST_STEP][PASSED] - delay: Delayed 1 second(s)

2018-12-11 13:22:29 - [MESSAGE][PASSED] - Delayed 1 second(s)

2018-12-11 13:22:29 - [TEST_STEP][PASSED] - Statement - CaseReferenceNo = com.kms.katalon.core.webui.keyword.WebUiBuiltInKeywords.getText(com.kms.katalon.core.testobject.ObjectRepository.findTestObject(Final Object Repo/New Registration - Registration Module Pages/Form 2/RefNo Acquiring)): Text of object 'Object Repository/Final Object Repo/New Registration - Registration Module Pages/Form 2/RefNo Acquiring' is: 'CRN12201800123167'

2018-12-11 13:22:29 - [MESSAGE][PASSED] - Text of object 'Object Repository/Final Object Repo/New Registration - Registration Module Pages/Form 2/RefNo Acquiring' is: 'CRN12201800123167'

2018-12-11 13:22:29 - [TEST_STEP][PASSED] - delay: Delayed 1 second(s)

2018-12-11 13:22:30 - [MESSAGE][PASSED] - Delayed 1 second(s)

2018-12-11 13:22:30 - [TEST_STEP][PASSED] - click: Object: 'Object Repository/Final Object Repo/New Registration - Registration Module Pages/Form 2/Add Employee Button' is clicked on

2018-12-11 13:22:30 - [MESSAGE][PASSED] - Object: 'Object Repository/Final Object Repo/New Registration - Registration Module Pages/Form 2/Add Employee Button' is clicked on

2018-12-11 13:22:30 - [TEST_STEP][PASSED] - delay: Delayed 1 second(s)

2018-12-11 13:22:31 - [MESSAGE][PASSED] - Delayed 1 second(s)

2018-12-11 13:22:31 - [TEST_STEP][PASSED] - setText: Text '010903091963' is set on object 'Object Repository/Final Object Repo/New Registration - Registration Module Pages/Form 2/NRIC Input'

2018-12-11 13:22:31 - [MESSAGE][PASSED] - Text '010903091963' is set on object 'Object Repository/Final Object Repo/New Registration - Registration Module Pages/Form 2/NRIC Input'

2018-12-11 13:22:31 - [TEST_STEP][PASSED] - click: Object: 'Object Repository/Final Object Repo/New Registration - Registration Module Pages/Form 2/button for search for IC' is clicked on

2018-12-11 13:22:31 - [MESSAGE][PASSED] - Object: 'Object Repository/Final Object Repo/New Registration - Registration Module Pages/Form 2/button for search for IC' is clicked on

2018-12-11 13:22:31 - [TEST_STEP][PASSED] - delay: Delayed 2 second(s)

2018-12-11 13:22:33 - [MESSAGE][PASSED] - Delayed 2 second(s)

2018-12-11 13:22:33 - [TEST_STEP][PASSED] - setText: Text 'Automate001 eligible 1' is set on object 'Object Repository/Final Object Repo/New Registration - Registration Module Pages/Form 2/Employee Name Input'

2018-12-11 13:22:34 - [MESSAGE][PASSED] - Text 'Automate001 eligible 1' is set on object 'Object Repository/Final Object Repo/New Registration - Registration Module Pages/Form 2/Employee Name Input'

2018-12-11 13:22:34 - [TEST_STEP][PASSED] - delay: Delayed 2 second(s)

2018-12-11 13:22:36 - [MESSAGE][PASSED] - Delayed 2 second(s)

2018-12-11 13:22:36 - [TEST_STEP][PASSED] - click: Object: 'Object Repository/Final Object Repo/New Registration - Registration Module Pages/Form 2/DatePicker Pop Up' is clicked on

2018-12-11 13:22:36 - [MESSAGE][PASSED] - Object: 'Object Repository/Final Object Repo/New Registration - Registration Module Pages/Form 2/DatePicker Pop Up' is clicked on

2018-12-11 13:22:36 - [TEST_STEP][PASSED] - click: Object: 'Object Repository/Final Object Repo/New Registration - Registration Module Pages/Form 2/DOB Month' is clicked on

2018-12-11 13:22:36 - [MESSAGE][PASSED] - Object: 'Object Repository/Final Object Repo/New Registration - Registration Module Pages/Form 2/DOB Month' is clicked on

2018-12-11 13:22:36 - [TEST_STEP][PASSED] - Statement - CurrentMonth = CurrentMonth: null

2018-12-11 13:22:36 - [TEST_STEP][PASSED] - Statement - selectMonth = new com.kms.katalon.core.testobject.TestObject(): null

2018-12-11 13:22:36 - [TEST_STEP][PASSED] - Statement - selectMonth.addProperty("xpath", EQUALS, "//body/div/div/div/select/option[@value='" + CurrentMonth + "']", true): null

2018-12-11 13:22:36 - [TEST_STEP][PASSED] - click: Object: '' is clicked on

2018-12-11 13:22:36 - [MESSAGE][PASSED] - Object: '' is clicked on

2018-12-11 13:22:36 - [TEST_STEP][PASSED] - click: Object: 'Object Repository/Final Object Repo/New Registration - Registration Module Pages/Form 2/DOB Year' is clicked on

2018-12-11 13:22:37 - [MESSAGE][PASSED] - Object: 'Object Repository/Final Object Repo/New Registration - Registration Module Pages/Form 2/DOB Year' is clicked on

2018-12-11 13:22:37 - [TEST_STEP][PASSED] - Statement - Eyearsbf = EighteenYrsBefore: null

2018-12-11 13:22:37 - [TEST_STEP][PASSED] - Statement - selectYear = new com.kms.katalon.core.testobject.TestObject(): null

2018-12-11 13:22:37 - [TEST_STEP][PASSED] - Statement - selectYear.addProperty("xpath", EQUALS, "//div/div/div/select/option[@value='" + Eyearsbf + "']", true): null

2018-12-11 13:22:37 - [TEST_STEP][PASSED] - click: Object: '' is clicked on

2018-12-11 13:22:37 - [MESSAGE][PASSED] - Object: '' is clicked on

2018-12-11 13:22:37 - [TEST_STEP][PASSED] - Statement - UpdatedSelectDate = com.kms.katalon.core.webui.keyword.WebUiBuiltInKeywords.modifyObjectProperty(com.kms.katalon.core.testobject.ObjectRepository.findTestObject(Final Object Repo/New Registration - Registration Module Pages/Form 2/DOB Date), "xpath", "equals", "//body/div/table/tbody/tr/td/a[text()="" + CurrentDate + ""]", true): Modify property of object successfully

2018-12-11 13:22:37 - [MESSAGE][PASSED] - Modify property of object successfully

2018-12-11 13:22:37 - [TEST_STEP][PASSED] - delay: Delayed 3 second(s)

2018-12-11 13:22:40 - [MESSAGE][PASSED] - Delayed 3 second(s)

2018-12-11 13:22:40 - [TEST_STEP][PASSED] - click: Object: 'Object Repository/Final Object Repo/New Registration - Registration Module Pages/Form 2/DOB Date' is clicked on

2018-12-11 13:22:40 - [MESSAGE][PASSED] - Object: 'Object Repository/Final Object Repo/New Registration - Registration Module Pages/Form 2/DOB Date' is clicked on

2018-12-11 13:22:40 - [TEST_STEP][PASSED] - delay: Delayed 2 second(s)

2018-12-11 13:22:42 - [MESSAGE][PASSED] - Delayed 2 second(s)

2018-12-11 13:22:42 - [TEST_STEP][PASSED] - click: Object: 'Object Repository/Final Object Repo/New Registration - Registration Module Pages/Form 2/EmploymentStartDate Pop Up' is clicked on

2018-12-11 13:22:42 - [MESSAGE][PASSED] - Object: 'Object Repository/Final Object Repo/New Registration - Registration Module Pages/Form 2/EmploymentStartDate Pop Up' is clicked on

2018-12-11 13:22:42 - [TEST_STEP][PASSED] - delay: Delayed 2 second(s)

2018-12-11 13:22:44 - [MESSAGE][PASSED] - Delayed 2 second(s)

2018-12-11 13:22:44 - [TEST_STEP][PASSED] - click: Object: 'Object Repository/Final Object Repo/New Registration - Registration Module Pages/Form 2/Socso Employment StartDate Month' is clicked on

2018-12-11 13:22:44 - [MESSAGE][PASSED] - Object: 'Object Repository/Final Object Repo/New Registration - Registration Module Pages/Form 2/Socso Employment StartDate Month' is clicked on

2018-12-11 13:22:44 - [TEST_STEP][PASSED] - delay: Delayed 1 second(s)

2018-12-11 13:22:45 - [MESSAGE][PASSED] - Delayed 1 second(s)

2018-12-11 13:22:45 - [TEST_STEP][PASSED] - click: Object: 'Object Repository/Final Object Repo/New Registration - Registration Module Pages/Form 2/Select Socso Employement Startdate Month' is clicked on

2018-12-11 13:22:46 - [MESSAGE][PASSED] - Object: 'Object Repository/Final Object Repo/New Registration - Registration Module Pages/Form 2/Select Socso Employement Startdate Month' is clicked on

2018-12-11 13:22:46 - [TEST_STEP][PASSED] - delay: Delayed 2 second(s)

2018-12-11 13:22:48 - [MESSAGE][PASSED] - Delayed 2 second(s)

2018-12-11 13:22:48 - [TEST_STEP][PASSED] - click: Object: 'Object Repository/Final Object Repo/New Registration - Registration Module Pages/Form 2/Socso Employment StartDate Year' is clicked on

2018-12-11 13:22:48 - [MESSAGE][PASSED] - Object: 'Object Repository/Final Object Repo/New Registration - Registration Module Pages/Form 2/Socso Employment StartDate Year' is clicked on

2018-12-11 13:22:48 - [TEST_STEP][PASSED] - delay: Delayed 1 second(s)

2018-12-11 13:22:49 - [MESSAGE][PASSED] - Delayed 1 second(s)

2018-12-11 13:22:49 - [TEST_STEP][PASSED] - click: Object: 'Object Repository/Final Object Repo/New Registration - Registration Module Pages/Form 2/Select Socso Employment Startdate Year' is clicked on

2018-12-11 13:22:49 - [MESSAGE][PASSED] - Object: 'Object Repository/Final Object Repo/New Registration - Registration Module Pages/Form 2/Select Socso Employment Startdate Year' is clicked on

2018-12-11 13:22:49 - [TEST_STEP][PASSED] - delay: Delayed 2 second(s)

2018-12-11 13:22:51 - [MESSAGE][PASSED] - Delayed 2 second(s)

2018-12-11 13:22:51 - [TEST_STEP][PASSED] - click: Object: 'Object Repository/Final Object Repo/New Registration - Registration Module Pages/Form 2/Socso Employment Start Date Day' is clicked on

2018-12-11 13:22:51 - [MESSAGE][PASSED] - Object: 'Object Repository/Final Object Repo/New Registration - Registration Module Pages/Form 2/Socso Employment Start Date Day' is clicked on

2018-12-11 13:22:51 - [TEST_STEP][PASSED] - delay: Delayed 2 second(s)

2018-12-11 13:22:53 - [MESSAGE][PASSED] - Delayed 2 second(s)

2018-12-11 13:22:53 - [TEST_STEP][PASSED] - click: Object: 'Object Repository/Final Object Repo/New Registration - Registration Module Pages/Form 2/Save Button for Add Employee' is clicked on

2018-12-11 13:22:53 - [MESSAGE][PASSED] - Object: 'Object Repository/Final Object Repo/New Registration - Registration Module Pages/Form 2/Save Button for Add Employee' is clicked on

2018-12-11 13:22:53 - [TEST_STEP][PASSED] - delay: Delayed 6 second(s)

2018-12-11 13:22:59 - [MESSAGE][PASSED] - Delayed 6 second(s)

2018-12-11 13:22:59 - [TEST_STEP][PASSED] - click: Object: 'Object Repository/Final Object Repo/New Registration - Registration Module Pages/Form 2/Save and Continue Form 2' is clicked on

2018-12-11 13:23:00 - [MESSAGE][PASSED] - Object: 'Object Repository/Final Object Repo/New Registration - Registration Module Pages/Form 2/Save and Continue Form 2' is clicked on

2018-12-11 13:23:00 - [MESSAGE][PASSED] - Call Test Case 'Test Cases/Final Aug 2018 - PKS Automation/Registration Module/New Registration/Form 2/Add 1 Eligible' successfully

2018-12-11 13:23:00 - [TEST_STEP][PASSED] - callTestCase: Call Test Case 'Test Cases/Final Aug 2018 - PKS Automation/Registration Module/New Registration/Flow of New Registration/Third Screen - Upload Supporting Doc - Preview' successfully

2018-12-11 13:23:00 - [TEST_CASE][PASSED] - Test Cases/Final Aug 2018 - PKS Automation/Registration Module/New Registration/Flow of New Registration/Third Screen - Upload Supporting Doc - Preview: Test Cases/Final Aug 2018 - PKS Automation/Registration Module/New Registration/Flow of New Registration/Third Screen - Upload Supporting Doc - Preview

2018-12-11 13:23:00 - [TEST_STEP][PASSED] - waitForPageLoad: Wait for page load successfully

2018-12-11 13:23:00 - [MESSAGE][PASSED] - Wait for page load successfully

2018-12-11 13:23:00 - [TEST_STEP][PASSED] - Statement - CaseReferenceNo = com.kms.katalon.core.webui.keyword.WebUiBuiltInKeywords.getText(com.kms.katalon.core.testobject.ObjectRepository.findTestObject(Final Object Repo/New Registration - Registration Module Pages/Third Screen - Upload Supporting Doc- Preview/RefNo Acquiring)): Text of object 'Object Repository/Final Object Repo/New Registration - Registration Module Pages/Third Screen - Upload Supporting Doc- Preview/RefNo Acquiring' is: 'CRN12201800123167'

2018-12-11 13:23:00 - [MESSAGE][PASSED] - Text of object 'Object Repository/Final Object Repo/New Registration - Registration Module Pages/Third Screen - Upload Supporting Doc- Preview/RefNo Acquiring' is: 'CRN12201800123167'

2018-12-11 13:23:00 - [TEST_STEP][PASSED] - delay: Delayed 2 second(s)

2018-12-11 13:23:02 - [MESSAGE][PASSED] - Delayed 2 second(s)

2018-12-11 13:23:02 - [TEST_STEP][PASSED] - callTestCase: Call Test Case 'Test Cases/Final Aug 2018 - PKS Automation/Common/Reference Number Setter' successfully

2018-12-11 13:23:02 - [TEST_CASE][PASSED] - Test Cases/Final Aug 2018 - PKS Automation/Common/Reference Number Setter: Test Cases/Final Aug 2018 - PKS Automation/Common/Reference Number Setter

2018-12-11 13:23:02 - [TEST_STEP][PASSED] - Statement - RefNoOldFile = new java.io.File(C://Users//Admin//Desktop//PKS//Automation Reference Point//KatalonReference.txt): null

2018-12-11 13:23:02 - [TEST_STEP][PASSED] - Statement - RefNoOldFile.delete(): null

2018-12-11 13:23:02 - [TEST_STEP][PASSED] - delay: Delayed 5 second(s)

2018-12-11 13:23:07 - [MESSAGE][PASSED] - Delayed 5 second(s)

2018-12-11 13:23:07 - [TEST_STEP][PASSED] - Statement - RefNo = new java.io.File(C://Users//Admin//Desktop//PKS//Automation Reference Point//KatalonReference.txt): null

2018-12-11 13:23:07 - [TEST_STEP][PASSED] - Statement - f2 = new java.io.FileWriter(RefNo, false): null

2018-12-11 13:23:08 - [TEST_STEP][PASSED] - Statement - f2.write(CaseReferenceNo): null

2018-12-11 13:23:08 - [TEST_STEP][PASSED] - Statement - f2.close(): null

2018-12-11 13:23:08 - [TEST_STEP][PASSED] - Statement - out.println("


" + CaseReferenceNo + "


"): null

2018-12-11 13:23:08 - [MESSAGE][PASSED] - Call Test Case 'Test Cases/Final Aug 2018 - PKS Automation/Common/Reference Number Setter' successfully

2018-12-11 13:23:08 - [TEST_STEP][PASSED] - waitForElementClickable: Object 'Object Repository/Final Object Repo/New Registration - Registration Module Pages/Third Screen - Upload Supporting Doc- Preview/Save n Continue in SIP Employee Listing Page' is clickable

2018-12-11 13:23:08 - [MESSAGE][PASSED] - Object 'Object Repository/Final Object Repo/New Registration - Registration Module Pages/Third Screen - Upload Supporting Doc- Preview/Save n Continue in SIP Employee Listing Page' is clickable

2018-12-11 13:23:08 - [TEST_STEP][PASSED] - click: Object: 'Object Repository/Final Object Repo/New Registration - Registration Module Pages/Third Screen - Upload Supporting Doc- Preview/Save n Continue in SIP Employee Listing Page' is clicked on

2018-12-11 13:23:13 - [MESSAGE][PASSED] - Object: 'Object Repository/Final Object Repo/New Registration - Registration Module Pages/Third Screen - Upload Supporting Doc- Preview/Save n Continue in SIP Employee Listing Page' is clicked on

2018-12-11 13:23:13 - [TEST_STEP][PASSED] - delay: Delayed 7 second(s)

2018-12-11 13:23:20 - [MESSAGE][PASSED] - Delayed 7 second(s)

2018-12-11 13:23:20 - [TEST_STEP][PASSED] - click: Object: 'Object Repository/Final Object Repo/New Registration - Registration Module Pages/Third Screen - Upload Supporting Doc- Preview/Add Document Button' is clicked on

2018-12-11 13:23:20 - [MESSAGE][PASSED] - Object: 'Object Repository/Final Object Repo/New Registration - Registration Module Pages/Third Screen - Upload Supporting Doc- Preview/Add Document Button' is clicked on

2018-12-11 13:23:20 - [TEST_STEP][PASSED] - delay: Delayed 30 second(s)

2018-12-11 13:23:50 - [MESSAGE][PASSED] - Delayed 30 second(s)

2018-12-11 13:23:50 - [TEST_STEP][PASSED] - click: Object: 'Object Repository/Final Object Repo/New Registration - Registration Module Pages/Third Screen - Upload Supporting Doc- Preview/Supporting Doc Please Select Drop Down' is clicked on

2018-12-11 13:23:50 - [MESSAGE][PASSED] - Object: 'Object Repository/Final Object Repo/New Registration - Registration Module Pages/Third Screen - Upload Supporting Doc- Preview/Supporting Doc Please Select Drop Down' is clicked on

2018-12-11 13:23:50 - [TEST_STEP][PASSED] - delay: Delayed 2 second(s)

2018-12-11 13:23:52 - [MESSAGE][PASSED] - Delayed 2 second(s)

2018-12-11 13:23:52 - [TEST_STEP][PASSED] - click: Object: 'Object Repository/Final Object Repo/New Registration - Registration Module Pages/Third Screen - Upload Supporting Doc- Preview/Select to Upload Form 1' is clicked on

2018-12-11 13:23:52 - [MESSAGE][PASSED] - Object: 'Object Repository/Final Object Repo/New Registration - Registration Module Pages/Third Screen - Upload Supporting Doc- Preview/Select to Upload Form 1' is clicked on

2018-12-11 13:23:52 - [TEST_STEP][PASSED] - delay: Delayed 2 second(s)

2018-12-11 13:23:54 - [MESSAGE][PASSED] - Delayed 2 second(s)

2018-12-11 13:23:54 - [TEST_STEP][PASSED] - uploadFile: File 'C:\Users\Public\Pictures\Sample Pictures\Koala.jpg' sent to object: 'Object Repository/Final Object Repo/New Registration - Registration Module Pages/Third Screen - Upload Supporting Doc- Preview/Upload File Adding'

2018-12-11 13:23:54 - [MESSAGE][PASSED] - File 'C:\Users\Public\Pictures\Sample Pictures\Koala.jpg' sent to object: 'Object Repository/Final Object Repo/New Registration - Registration Module Pages/Third Screen - Upload Supporting Doc- Preview/Upload File Adding'

2018-12-11 13:23:54 - [TEST_STEP][PASSED] - delay: Delayed 5 second(s)

2018-12-11 13:23:59 - [MESSAGE][PASSED] - Delayed 5 second(s)

2018-12-11 13:23:59 - [TEST_STEP][PASSED] - click: Object: 'Object Repository/Final Object Repo/New Registration - Registration Module Pages/Third Screen - Upload Supporting Doc- Preview/Inner Form Add Document Button' is clicked on

2018-12-11 13:24:00 - [MESSAGE][PASSED] - Object: 'Object Repository/Final Object Repo/New Registration - Registration Module Pages/Third Screen - Upload Supporting Doc- Preview/Inner Form Add Document Button' is clicked on

2018-12-11 13:24:00 - [TEST_STEP][PASSED] - delay: Delayed 3 second(s)

2018-12-11 13:24:03 - [MESSAGE][PASSED] - Delayed 3 second(s)

2018-12-11 13:24:03 - [TEST_STEP][PASSED] - click: Object: 'Object Repository/Final Object Repo/New Registration - Registration Module Pages/Third Screen - Upload Supporting Doc- Preview/Add Document Button' is clicked on

2018-12-11 13:24:04 - [MESSAGE][PASSED] - Object: 'Object Repository/Final Object Repo/New Registration - Registration Module Pages/Third Screen - Upload Supporting Doc- Preview/Add Document Button' is clicked on

2018-12-11 13:24:04 - [TEST_STEP][PASSED] - delay: Delayed 30 second(s)

2018-12-11 13:24:34 - [MESSAGE][PASSED] - Delayed 30 second(s)

2018-12-11 13:24:34 - [TEST_STEP][PASSED] - click: Object: 'Object Repository/Final Object Repo/New Registration - Registration Module Pages/Third Screen - Upload Supporting Doc- Preview/Supporting Doc Please Select Drop Down' is clicked on

2018-12-11 13:24:34 - [MESSAGE][PASSED] - Object: 'Object Repository/Final Object Repo/New Registration - Registration Module Pages/Third Screen - Upload Supporting Doc- Preview/Supporting Doc Please Select Drop Down' is clicked on

2018-12-11 13:24:34 - [TEST_STEP][PASSED] - delay: Delayed 4 second(s)

2018-12-11 13:24:38 - [MESSAGE][PASSED] - Delayed 4 second(s)

2018-12-11 13:24:38 - [TEST_STEP][PASSED] - click: Object: 'Object Repository/Final Object Repo/New Registration - Registration Module Pages/Third Screen - Upload Supporting Doc- Preview/Select to Upload Form 2' is clicked on

2018-12-11 13:24:38 - [MESSAGE][PASSED] - Object: 'Object Repository/Final Object Repo/New Registration - Registration Module Pages/Third Screen - Upload Supporting Doc- Preview/Select to Upload Form 2' is clicked on

2018-12-11 13:24:38 - [TEST_STEP][PASSED] - delay: Delayed 2 second(s)

2018-12-11 13:24:40 - [MESSAGE][PASSED] - Delayed 2 second(s)

2018-12-11 13:24:40 - [TEST_STEP][PASSED] - uploadFile: File 'C:\Users\Public\Pictures\Sample Pictures\Koala.jpg' sent to object: 'Object Repository/Final Object Repo/New Registration - Registration Module Pages/Third Screen - Upload Supporting Doc- Preview/Upload File Adding'

2018-12-11 13:24:40 - [MESSAGE][PASSED] - File 'C:\Users\Public\Pictures\Sample Pictures\Koala.jpg' sent to object: 'Object Repository/Final Object Repo/New Registration - Registration Module Pages/Third Screen - Upload Supporting Doc- Preview/Upload File Adding'

2018-12-11 13:24:40 - [TEST_STEP][PASSED] - click: Object: 'Object Repository/Final Object Repo/New Registration - Registration Module Pages/Third Screen - Upload Supporting Doc- Preview/Inner Form Add Document Button' is clicked on

2018-12-11 13:24:41 - [MESSAGE][PASSED] - Object: 'Object Repository/Final Object Repo/New Registration - Registration Module Pages/Third Screen - Upload Supporting Doc- Preview/Inner Form Add Document Button' is clicked on

2018-12-11 13:24:41 - [TEST_STEP][PASSED] - delay: Delayed 5 second(s)

2018-12-11 13:24:46 - [MESSAGE][PASSED] - Delayed 5 second(s)

2018-12-11 13:24:46 - [TEST_STEP][PASSED] - click: Object: 'Object Repository/Final Object Repo/New Registration - Registration Module Pages/Third Screen - Upload Supporting Doc- Preview/Add Document Button' is clicked on

2018-12-11 13:24:46 - [MESSAGE][PASSED] - Object: 'Object Repository/Final Object Repo/New Registration - Registration Module Pages/Third Screen - Upload Supporting Doc- Preview/Add Document Button' is clicked on

2018-12-11 13:24:46 - [TEST_STEP][PASSED] - delay: Delayed 30 second(s)

2018-12-11 13:25:16 - [MESSAGE][PASSED] - Delayed 30 second(s)

2018-12-11 13:25:16 - [TEST_STEP][PASSED] - click: Object: 'Object Repository/Final Object Repo/New Registration - Registration Module Pages/Third Screen - Upload Supporting Doc- Preview/Supporting Doc Please Select Drop Down' is clicked on

2018-12-11 13:25:16 - [MESSAGE][PASSED] - Object: 'Object Repository/Final Object Repo/New Registration - Registration Module Pages/Third Screen - Upload Supporting Doc- Preview/Supporting Doc Please Select Drop Down' is clicked on

2018-12-11 13:25:16 - [TEST_STEP][PASSED] - click: Object: 'Object Repository/Final Object Repo/New Registration - Registration Module Pages/Third Screen - Upload Supporting Doc- Preview/Select to Upload Borang SIP 1' is clicked on

2018-12-11 13:25:16 - [MESSAGE][PASSED] - Object: 'Object Repository/Final Object Repo/New Registration - Registration Module Pages/Third Screen - Upload Supporting Doc- Preview/Select to Upload Borang SIP 1' is clicked on

2018-12-11 13:25:16 - [TEST_STEP][PASSED] - delay: Delayed 2 second(s)

2018-12-11 13:25:18 - [MESSAGE][PASSED] - Delayed 2 second(s)

2018-12-11 13:25:18 - [TEST_STEP][PASSED] - uploadFile: File 'C:\Users\Public\Pictures\Sample Pictures\Koala.jpg' sent to object: 'Object Repository/Final Object Repo/New Registration - Registration Module Pages/Third Screen - Upload Supporting Doc- Preview/Upload File Adding'

2018-12-11 13:25:18 - [MESSAGE][PASSED] - File 'C:\Users\Public\Pictures\Sample Pictures\Koala.jpg' sent to object: 'Object Repository/Final Object Repo/New Registration - Registration Module Pages/Third Screen - Upload Supporting Doc- Preview/Upload File Adding'

2018-12-11 13:25:18 - [TEST_STEP][PASSED] - click: Object: 'Object Repository/Final Object Repo/New Registration - Registration Module Pages/Third Screen - Upload Supporting Doc- Preview/Inner Form Add Document Button' is clicked on

2018-12-11 13:25:18 - [MESSAGE][PASSED] - Object: 'Object Repository/Final Object Repo/New Registration - Registration Module Pages/Third Screen - Upload Supporting Doc- Preview/Inner Form Add Document Button' is clicked on

2018-12-11 13:25:18 - [TEST_STEP][PASSED] - delay: Delayed 5 second(s)

2018-12-11 13:25:23 - [MESSAGE][PASSED] - Delayed 5 second(s)

2018-12-11 13:25:23 - [TEST_STEP][PASSED] - click: Object: 'Object Repository/Final Object Repo/New Registration - Registration Module Pages/Third Screen - Upload Supporting Doc- Preview/Add Document Button' is clicked on

2018-12-11 13:25:24 - [MESSAGE][PASSED] - Object: 'Object Repository/Final Object Repo/New Registration - Registration Module Pages/Third Screen - Upload Supporting Doc- Preview/Add Document Button' is clicked on

2018-12-11 13:25:24 - [TEST_STEP][PASSED] - delay: Delayed 30 second(s)

2018-12-11 13:25:54 - [MESSAGE][PASSED] - Delayed 30 second(s)

2018-12-11 13:25:54 - [TEST_STEP][PASSED] - click: Object: 'Object Repository/Final Object Repo/New Registration - Registration Module Pages/Third Screen - Upload Supporting Doc- Preview/Supporting Doc Please Select Drop Down' is clicked on

2018-12-11 13:25:54 - [MESSAGE][PASSED] - Object: 'Object Repository/Final Object Repo/New Registration - Registration Module Pages/Third Screen - Upload Supporting Doc- Preview/Supporting Doc Please Select Drop Down' is clicked on

2018-12-11 13:25:54 - [TEST_STEP][PASSED] - delay: Delayed 3 second(s)

2018-12-11 13:25:57 - [MESSAGE][PASSED] - Delayed 3 second(s)

2018-12-11 13:25:57 - [TEST_STEP][PASSED] - click: Object: 'Object Repository/Final Object Repo/New Registration - Registration Module Pages/Third Screen - Upload Supporting Doc- Preview/Select to Upload Borang SIP 2' is clicked on

2018-12-11 13:25:57 - [MESSAGE][PASSED] - Object: 'Object Repository/Final Object Repo/New Registration - Registration Module Pages/Third Screen - Upload Supporting Doc- Preview/Select to Upload Borang SIP 2' is clicked on

2018-12-11 13:25:57 - [TEST_STEP][PASSED] - delay: Delayed 2 second(s)

2018-12-11 13:25:59 - [MESSAGE][PASSED] - Delayed 2 second(s)

2018-12-11 13:25:59 - [TEST_STEP][PASSED] - uploadFile: File 'C:\Users\Public\Pictures\Sample Pictures\Koala.jpg' sent to object: 'Object Repository/Final Object Repo/New Registration - Registration Module Pages/Third Screen - Upload Supporting Doc- Preview/Upload File Adding'

2018-12-11 13:25:59 - [MESSAGE][PASSED] - File 'C:\Users\Public\Pictures\Sample Pictures\Koala.jpg' sent to object: 'Object Repository/Final Object Repo/New Registration - Registration Module Pages/Third Screen - Upload Supporting Doc- Preview/Upload File Adding'

2018-12-11 13:25:59 - [TEST_STEP][PASSED] - delay: Delayed 5 second(s)

2018-12-11 13:26:04 - [MESSAGE][PASSED] - Delayed 5 second(s)

2018-12-11 13:26:04 - [TEST_STEP][PASSED] - click: Object: 'Object Repository/Final Object Repo/New Registration - Registration Module Pages/Third Screen - Upload Supporting Doc- Preview/Inner Form Add Document Button' is clicked on

2018-12-11 13:26:04 - [MESSAGE][PASSED] - Object: 'Object Repository/Final Object Repo/New Registration - Registration Module Pages/Third Screen - Upload Supporting Doc- Preview/Inner Form Add Document Button' is clicked on

2018-12-11 13:26:04 - [TEST_STEP][PASSED] - delay: Delayed 3 second(s)

2018-12-11 13:26:07 - [MESSAGE][PASSED] - Delayed 3 second(s)

2018-12-11 13:26:07 - [TEST_STEP][PASSED] - waitForElementClickable: Object 'Object Repository/Final Object Repo/New Registration - Registration Module Pages/Third Screen - Upload Supporting Doc- Preview/Save n Continue in Uploading Supporting Doc Page' is clickable

2018-12-11 13:26:09 - [MESSAGE][PASSED] - Object 'Object Repository/Final Object Repo/New Registration - Registration Module Pages/Third Screen - Upload Supporting Doc- Preview/Save n Continue in Uploading Supporting Doc Page' is clickable

2018-12-11 13:26:09 - [TEST_STEP][PASSED] - click: Object: 'Object Repository/Final Object Repo/New Registration - Registration Module Pages/Third Screen - Upload Supporting Doc- Preview/Save n Continue in Uploading Supporting Doc Page' is clicked on

2018-12-11 13:26:09 - [MESSAGE][PASSED] - Object: 'Object Repository/Final Object Repo/New Registration - Registration Module Pages/Third Screen - Upload Supporting Doc- Preview/Save n Continue in Uploading Supporting Doc Page' is clicked on

2018-12-11 13:26:09 - [MESSAGE][PASSED] - Call Test Case 'Test Cases/Final Aug 2018 - PKS Automation/Registration Module/New Registration/Flow of New Registration/Third Screen - Upload Supporting Doc - Preview' successfully

2018-12-11 13:26:09 - [TEST_STEP][PASSED] - callTestCase: Call Test Case 'Test Cases/Final Aug 2018 - PKS Automation/Registration Module/New Registration/Submit and Screenshot/Submit Registration and Screenshot' successfully

2018-12-11 13:26:09 - [TEST_CASE][PASSED] - Test Cases/Final Aug 2018 - PKS Automation/Registration Module/New Registration/Submit and Screenshot/Submit Registration and Screenshot: Test Cases/Final Aug 2018 - PKS Automation/Registration Module/New Registration/Submit and Screenshot/Submit Registration and Screenshot

2018-12-11 13:26:09 - [TEST_STEP][PASSED] - delay: Delayed 6 second(s)

2018-12-11 13:26:15 - [MESSAGE][PASSED] - Delayed 6 second(s)

2018-12-11 13:26:15 - [TEST_STEP][PASSED] - click: Object: 'Object Repository/Final Object Repo/New Registration - Registration Module Pages/Third Screen - Upload Supporting Doc- Preview/Preview Submit Button' is clicked on

2018-12-11 13:26:15 - [MESSAGE][PASSED] - Object: 'Object Repository/Final Object Repo/New Registration - Registration Module Pages/Third Screen - Upload Supporting Doc- Preview/Preview Submit Button' is clicked on

2018-12-11 13:26:15 - [TEST_STEP][PASSED] - delay: Delayed 2 second(s)

2018-12-11 13:26:17 - [MESSAGE][PASSED] - Delayed 2 second(s)

2018-12-11 13:26:17 - [TEST_STEP][PASSED] - click: Object: 'Object Repository/Final Object Repo/New Registration - Registration Module Pages/Third Screen - Upload Supporting Doc- Preview/Preview Submit - Confirm' is clicked on

2018-12-11 13:26:17 - [MESSAGE][PASSED] - Object: 'Object Repository/Final Object Repo/New Registration - Registration Module Pages/Third Screen - Upload Supporting Doc- Preview/Preview Submit - Confirm' is clicked on

2018-12-11 13:26:17 - [TEST_STEP][PASSED] - delay: Delayed 15 second(s)

2018-12-11 13:26:32 - [MESSAGE][PASSED] - Delayed 15 second(s)

2018-12-11 13:26:32 - [TEST_STEP][PASSED] - Statement - driver = com.kms.katalon.core.webui.driver.DriverFactory.getWebDriver(): null

2018-12-11 13:26:32 - [TEST_STEP][PASSED] - Statement - driver.manage().timeouts().implicitlyWait(10, SECONDS): null

2018-12-11 13:26:32 - [TEST_STEP][PASSED] - Statement - PresavePath = KatalonScreenshots: null

2018-12-11 13:26:32 - [TEST_STEP][PASSED] - Statement - pathPrefix = "C:\Users\Public\Pictures\Sample Pictures\Katalon Screenshots\Automate Ending Screen": null

2018-12-11 13:26:32 - [TEST_STEP][PASSED] - Statement - finalPath = <not implemented yet for class: org.codehaus.groovy.ast.expr.EmptyExpression>: null

2018-12-11 13:26:32 - [TEST_STEP][PASSED] - Statement - scrFile = driver.getScreenshotAs(FILE): null

2018-12-11 13:26:32 - [TEST_STEP][PASSED] - Statement - PreSaveFile = new java.io.File(PresavePath): null

2018-12-11 13:26:32 - [TEST_STEP][PASSED] - Statement - counter = 0: null

2018-12-11 13:26:32 - [TEST_STEP][PASSED] - Statement - If (PreSaveFile.exists()): null

2018-12-11 13:26:32 - [TEST_STEP][PASSED] - Statement - While (PreSaveFile.exists()): null

2018-12-11 13:26:32 - [TEST_STEP][PASSED] - Statement - counter = counter + 1: null

2018-12-11 13:26:33 - [TEST_STEP][PASSED] - Statement - PreSaveFile = new java.io.File(((pathPrefix + java.lang.Integer.toString(counter)) + .png)): null

2018-12-11 13:26:33 - [TEST_STEP][PASSED] - Statement - counter = counter + 1: null

2018-12-11 13:26:33 - [TEST_STEP][PASSED] - Statement - PreSaveFile = new java.io.File(((pathPrefix + java.lang.Integer.toString(counter)) + .png)): null

2018-12-11 13:26:33 - [TEST_STEP][PASSED] - Statement - counter = counter + 1: null

2018-12-11 13:26:33 - [TEST_STEP][PASSED] - Statement - PreSaveFile = new java.io.File(((pathPrefix + java.lang.Integer.toString(counter)) + .png)): null

2018-12-11 13:26:33 - [TEST_STEP][PASSED] - Statement - counter = counter + 1: null

2018-12-11 13:26:33 - [TEST_STEP][PASSED] - Statement - PreSaveFile = new java.io.File(((pathPrefix + java.lang.Integer.toString(counter)) + .png)): null

2018-12-11 13:26:33 - [TEST_STEP][PASSED] - Statement - counter = counter + 1: null

2018-12-11 13:26:33 - [TEST_STEP][PASSED] - Statement - PreSaveFile = new java.io.File(((pathPrefix + java.lang.Integer.toString(counter)) + .png)): null

2018-12-11 13:26:33 - [TEST_STEP][PASSED] - Statement - counter = counter + 1: null

2018-12-11 13:26:33 - [TEST_STEP][PASSED] - Statement - PreSaveFile = new java.io.File(((pathPrefix + java.lang.Integer.toString(counter)) + .png)): null

2018-12-11 13:26:33 - [TEST_STEP][PASSED] - Statement - counter = counter + 1: null

2018-12-11 13:26:33 - [TEST_STEP][PASSED] - Statement - PreSaveFile = new java.io.File(((pathPrefix + java.lang.Integer.toString(counter)) + .png)): null

2018-12-11 13:26:33 - [TEST_STEP][PASSED] - Statement - counter = counter + 1: null

2018-12-11 13:26:33 - [TEST_STEP][PASSED] - Statement - PreSaveFile = new java.io.File(((pathPrefix + java.lang.Integer.toString(counter)) + .png)): null

2018-12-11 13:26:33 - [TEST_STEP][PASSED] - Statement - counter = counter + 1: null

2018-12-11 13:26:33 - [TEST_STEP][PASSED] - Statement - PreSaveFile = new java.io.File(((pathPrefix + java.lang.Integer.toString(counter)) + .png)): null

2018-12-11 13:26:33 - [TEST_STEP][PASSED] - Statement - counter = counter + 1: null

2018-12-11 13:26:33 - [TEST_STEP][PASSED] - Statement - PreSaveFile = new java.io.File(((pathPrefix + java.lang.Integer.toString(counter)) + .png)): null

2018-12-11 13:26:33 - [TEST_STEP][PASSED] - Statement - counter = counter + 1: null

2018-12-11 13:26:33 - [TEST_STEP][PASSED] - Statement - PreSaveFile = new java.io.File(((pathPrefix + java.lang.Integer.toString(counter)) + .png)): null

2018-12-11 13:26:33 - [TEST_STEP][PASSED] - Statement - counter = counter + 1: null

2018-12-11 13:26:33 - [TEST_STEP][PASSED] - Statement - PreSaveFile = new java.io.File(((pathPrefix + java.lang.Integer.toString(counter)) + .png)): null

2018-12-11 13:26:33 - [TEST_STEP][PASSED] - Statement - counter = counter + 1: null

2018-12-11 13:26:33 - [TEST_STEP][PASSED] - Statement - PreSaveFile = new java.io.File(((pathPrefix + java.lang.Integer.toString(counter)) + .png)): null

2018-12-11 13:26:33 - [TEST_STEP][PASSED] - Statement - counter = counter + 1: null

2018-12-11 13:26:33 - [TEST_STEP][PASSED] - Statement - PreSaveFile = new java.io.File(((pathPrefix + java.lang.Integer.toString(counter)) + .png)): null

2018-12-11 13:26:33 - [TEST_STEP][PASSED] - Statement - counter = counter + 1: null

2018-12-11 13:26:33 - [TEST_STEP][PASSED] - Statement - PreSaveFile = new java.io.File(((pathPrefix + java.lang.Integer.toString(counter)) + .png)): null

2018-12-11 13:26:33 - [TEST_STEP][PASSED] - Statement - counter = counter + 1: null

2018-12-11 13:26:33 - [TEST_STEP][PASSED] - Statement - PreSaveFile = new java.io.File(((pathPrefix + java.lang.Integer.toString(counter)) + .png)): null

2018-12-11 13:26:33 - [TEST_STEP][PASSED] - Statement - counter = counter + 1: null

2018-12-11 13:26:33 - [TEST_STEP][PASSED] - Statement - PreSaveFile = new java.io.File(((pathPrefix + java.lang.Integer.toString(counter)) + .png)): null

2018-12-11 13:26:33 - [TEST_STEP][PASSED] - Statement - counter = counter + 1: null

2018-12-11 13:26:33 - [TEST_STEP][PASSED] - Statement - PreSaveFile = new java.io.File(((pathPrefix + java.lang.Integer.toString(counter)) + .png)): null

2018-12-11 13:26:33 - [TEST_STEP][PASSED] - Statement - counter = counter + 1: null

2018-12-11 13:26:33 - [TEST_STEP][PASSED] - Statement - PreSaveFile = new java.io.File(((pathPrefix + java.lang.Integer.toString(counter)) + .png)): null

2018-12-11 13:26:33 - [TEST_STEP][PASSED] - Statement - counter = counter + 1: null

2018-12-11 13:26:33 - [TEST_STEP][PASSED] - Statement - PreSaveFile = new java.io.File(((pathPrefix + java.lang.Integer.toString(counter)) + .png)): null

2018-12-11 13:26:33 - [TEST_STEP][PASSED] - Statement - counter = counter + 1: null

2018-12-11 13:26:33 - [TEST_STEP][PASSED] - Statement - PreSaveFile = new java.io.File(((pathPrefix + java.lang.Integer.toString(counter)) + .png)): null

2018-12-11 13:26:33 - [TEST_STEP][PASSED] - Statement - counter = counter + 1: null

2018-12-11 13:26:33 - [TEST_STEP][PASSED] - Statement - PreSaveFile = new java.io.File(((pathPrefix + java.lang.Integer.toString(counter)) + .png)): null

2018-12-11 13:26:33 - [TEST_STEP][PASSED] - Statement - counter = counter + 1: null

2018-12-11 13:26:33 - [TEST_STEP][PASSED] - Statement - PreSaveFile = new java.io.File(((pathPrefix + java.lang.Integer.toString(counter)) + .png)): null

2018-12-11 13:26:33 - [TEST_STEP][PASSED] - Statement - counter = counter + 1: null

2018-12-11 13:26:33 - [TEST_STEP][PASSED] - Statement - PreSaveFile = new java.io.File(((pathPrefix + java.lang.Integer.toString(counter)) + .png)): null

2018-12-11 13:26:33 - [TEST_STEP][PASSED] - Statement - counter = counter + 1: null

2018-12-11 13:26:33 - [TEST_STEP][PASSED] - Statement - PreSaveFile = new java.io.File(((pathPrefix + java.lang.Integer.toString(counter)) + .png)): null

2018-12-11 13:26:33 - [TEST_STEP][PASSED] - Statement - counter = counter + 1: null

2018-12-11 13:26:33 - [TEST_STEP][PASSED] - Statement - PreSaveFile = new java.io.File(((pathPrefix + java.lang.Integer.toString(counter)) + .png)): null

2018-12-11 13:26:33 - [TEST_STEP][PASSED] - Statement - counter = counter + 1: null

2018-12-11 13:26:33 - [TEST_STEP][PASSED] - Statement - PreSaveFile = new java.io.File(((pathPrefix + java.lang.Integer.toString(counter)) + .png)): null

2018-12-11 13:26:33 - [TEST_STEP][PASSED] - Statement - counter = counter + 1: null

2018-12-11 13:26:33 - [TEST_STEP][PASSED] - Statement - PreSaveFile = new java.io.File(((pathPrefix + java.lang.Integer.toString(counter)) + .png)): null

2018-12-11 13:26:33 - [TEST_STEP][PASSED] - Statement - counter = counter + 1: null

2018-12-11 13:26:33 - [TEST_STEP][PASSED] - Statement - PreSaveFile = new java.io.File(((pathPrefix + java.lang.Integer.toString(counter)) + .png)): null

2018-12-11 13:26:33 - [TEST_STEP][PASSED] - Statement - counter = counter + 1: null

2018-12-11 13:26:33 - [TEST_STEP][PASSED] - Statement - PreSaveFile = new java.io.File(((pathPrefix + java.lang.Integer.toString(counter)) + .png)): null

2018-12-11 13:26:33 - [TEST_STEP][PASSED] - Statement - counter = counter + 1: null

2018-12-11 13:26:33 - [TEST_STEP][PASSED] - Statement - PreSaveFile = new java.io.File(((pathPrefix + java.lang.Integer.toString(counter)) + .png)): null

2018-12-11 13:26:33 - [TEST_STEP][PASSED] - Statement - counter = counter + 1: null

2018-12-11 13:26:33 - [TEST_STEP][PASSED] - Statement - PreSaveFile = new java.io.File(((pathPrefix + java.lang.Integer.toString(counter)) + .png)): null

2018-12-11 13:26:33 - [TEST_STEP][PASSED] - Statement - counter = counter + 1: null

2018-12-11 13:26:33 - [TEST_STEP][PASSED] - Statement - PreSaveFile = new java.io.File(((pathPrefix + java.lang.Integer.toString(counter)) + .png)): null

2018-12-11 13:26:33 - [TEST_STEP][PASSED] - Statement - counter = counter + 1: null

2018-12-11 13:26:33 - [TEST_STEP][PASSED] - Statement - PreSaveFile = new java.io.File(((pathPrefix + java.lang.Integer.toString(counter)) + .png)): null

2018-12-11 13:26:33 - [TEST_STEP][PASSED] - Statement - counter = counter + 1: null

2018-12-11 13:26:33 - [TEST_STEP][PASSED] - Statement - PreSaveFile = new java.io.File(((pathPrefix + java.lang.Integer.toString(counter)) + .png)): null

2018-12-11 13:26:33 - [TEST_STEP][PASSED] - Statement - counter = counter + 1: null

2018-12-11 13:26:33 - [TEST_STEP][PASSED] - Statement - PreSaveFile = new java.io.File(((pathPrefix + java.lang.Integer.toString(counter)) + .png)): null

2018-12-11 13:26:33 - [TEST_STEP][PASSED] - Statement - counter = counter + 1: null

2018-12-11 13:26:33 - [TEST_STEP][PASSED] - Statement - PreSaveFile = new java.io.File(((pathPrefix + java.lang.Integer.toString(counter)) + .png)): null

2018-12-11 13:26:33 - [TEST_STEP][PASSED] - Statement - finalPath = pathPrefix + java.lang.Integer.toString(counter) + ".png": null

2018-12-11 13:26:33 - [TEST_STEP][PASSED] - Statement - SaveFile = new java.io.File(finalPath): null

2018-12-11 13:26:33 - [TEST_STEP][PASSED] - Statement - Try: null

2018-12-11 13:26:33 - [TEST_STEP][PASSED] - Statement - org.apache.commons.io.FileUtils.copyFile(scrFile, SaveFile): null

2018-12-11 13:26:33 - [TEST_STEP][PASSED] - Statement - out.println("file kept"): null

2018-12-11 13:26:33 - [TEST_STEP][PASSED] - delay: Delayed 10 second(s)

2018-12-11 13:26:43 - [MESSAGE][PASSED] - Delayed 10 second(s)

2018-12-11 13:26:43 - [MESSAGE][PASSED] - Call Test Case 'Test Cases/Final Aug 2018 - PKS Automation/Registration Module/New Registration/Submit and Screenshot/Submit Registration and Screenshot' successfully

2018-12-11 13:26:43 - [TEST_STEP][PASSED] - callTestCase: Call Test Case 'Test Cases/Final Aug 2018 - PKS Automation/Registration Module/Log Out/log out avoiding katalon tagging' successfully

2018-12-11 13:26:43 - [TEST_CASE][PASSED] - Test Cases/Final Aug 2018 - PKS Automation/Registration Module/Log Out/log out avoiding katalon tagging: Test Cases/Final Aug 2018 - PKS Automation/Registration Module/Log Out/log out avoiding katalon tagging

2018-12-11 13:26:43 - [TEST_STEP][PASSED] - navigateToUrl: Navigate to 'https://assist2-uat.perkeso.gov.my/c/portal/logout' successfully

2018-12-11 13:26:44 - [MESSAGE][PASSED] - Navigate to 'https://assist2-uat.perkeso.gov.my/c/portal/logout' successfully

2018-12-11 13:26:44 - [MESSAGE][PASSED] - Call Test Case 'Test Cases/Final Aug 2018 - PKS Automation/Registration Module/Log Out/log out avoiding katalon tagging' successfully

2018-12-11 13:26:44 - [TEST_STEP][PASSED] - callTestCase: Call Test Case 'Test Cases/Final Aug 2018 - PKS Automation/Common/Workflow Owner Finder' successfully

2018-12-11 13:26:44 - [TEST_CASE][PASSED] - Test Cases/Final Aug 2018 - PKS Automation/Common/Workflow Owner Finder: Test Cases/Final Aug 2018 - PKS Automation/Common/Workflow Owner Finder

2018-12-11 13:26:44 - [TEST_STEP][PASSED] - openBrowser: Browser is opened with url: ''

2018-12-11 13:26:44 - [MESSAGE][WARNING] - A browser is already opened. Closing browser and opening a new one

2018-12-11 13:26:48 - [MESSAGE][PASSED] - Browser is opened with url: ''

2018-12-11 13:26:48 - [TEST_STEP][PASSED] - navigateToUrl: Navigate to 'https://assist2-uat.perkeso.gov.my/login' successfully

2018-12-11 13:26:49 - [MESSAGE][PASSED] - Navigate to 'https://assist2-uat.perkeso.gov.my/login' successfully

2018-12-11 13:26:49 - [TEST_STEP][PASSED] - delay: Delayed 5 second(s)

2018-12-11 13:26:54 - [MESSAGE][PASSED] - Delayed 5 second(s)

2018-12-11 13:26:54 - [TEST_STEP][PASSED] - setText: Text 'test@liferay.com' is set on object 'Object Repository/Final Object Repo/Login Page/Internal User/Email Address'

2018-12-11 13:26:55 - [MESSAGE][PASSED] - Text 'test@liferay.com' is set on object 'Object Repository/Final Object Repo/Login Page/Internal User/Email Address'

2018-12-11 13:26:55 - [TEST_STEP][PASSED] - click: Object: 'Object Repository/Final Object Repo/Login Page/Internal User/Next Button' is clicked on

2018-12-11 13:26:55 - [MESSAGE][PASSED] - Object: 'Object Repository/Final Object Repo/Login Page/Internal User/Next Button' is clicked on

2018-12-11 13:26:55 - [TEST_STEP][PASSED] - delay: Delayed 2 second(s)

2018-12-11 13:26:57 - [MESSAGE][PASSED] - Delayed 2 second(s)

2018-12-11 13:26:57 - [TEST_STEP][PASSED] - setText: Text 'test' is set on object 'Object Repository/Final Object Repo/Login Page/Internal User/Password'

2018-12-11 13:26:57 - [MESSAGE][PASSED] - Text 'test' is set on object 'Object Repository/Final Object Repo/Login Page/Internal User/Password'

2018-12-11 13:26:57 - [TEST_STEP][PASSED] - delay: Delayed 2 second(s)

2018-12-11 13:26:59 - [MESSAGE][PASSED] - Delayed 2 second(s)

2018-12-11 13:26:59 - [TEST_STEP][PASSED] - click: Object: 'Object Repository/Final Object Repo/Login Page/Internal User/Login Button' is clicked on

2018-12-11 13:26:59 - [MESSAGE][PASSED] - Object: 'Object Repository/Final Object Repo/Login Page/Internal User/Login Button' is clicked on

2018-12-11 13:26:59 - [TEST_STEP][PASSED] - Statement - tester = com.kms.katalon.core.testobject.ObjectRepository.findTestObject(Final Object Repo/Landing Page/Select to English): Finding Test Object with id 'Object Repository/Final Object Repo/Landing Page/Select to English'

2018-12-11 13:26:59 - [TEST_STEP][PASSED] - Statement - Try: Delayed 2 second(s)

2018-12-11 13:26:59 - [TEST_STEP][PASSED] - Statement - Checker = com.kms.katalon.core.webui.keyword.WebUiBuiltInKeywords.verifyElementNotPresent(tester, 3): Web element with id: 'Object Repository/Final Object Repo/Landing Page/Select to English' located by 'By.xpath: //a[@class = 'taglib-language-list-text' and @lang = 'en-US' and (contains(text(), 'EN') or contains(., 'EN'))]' is not present after '3' second(s)

2018-12-11 13:27:01 - [MESSAGE][PASSED] - Web element with id: 'Object Repository/Final Object Repo/Landing Page/Select to English' located by 'By.xpath: //a[@class = 'taglib-language-list-text' and @lang = 'en-US' and (contains(text(), 'EN') or contains(., 'EN'))]' is not present after '3' second(s)

2018-12-11 13:27:01 - [TEST_STEP][PASSED] - Statement - If (Checker == false): null

2018-12-11 13:27:01 - [TEST_STEP][PASSED] - delay: Delayed 2 second(s)

2018-12-11 13:27:03 - [MESSAGE][PASSED] - Delayed 2 second(s)

2018-12-11 13:27:03 - [TEST_STEP][PASSED] - delay: Delayed 5 second(s)

2018-12-11 13:27:08 - [MESSAGE][PASSED] - Delayed 5 second(s)

2018-12-11 13:27:08 - [TEST_STEP][PASSED] - mouseOver: Object: 'Object Repository/Final Object Repo/Landing Page/WorkFlow Menu' is hovered

2018-12-11 13:27:09 - [MESSAGE][PASSED] - Object: 'Object Repository/Final Object Repo/Landing Page/WorkFlow Menu' is hovered

2018-12-11 13:27:09 - [TEST_STEP][PASSED] - delay: Delayed 2 second(s)

2018-12-11 13:27:11 - [MESSAGE][PASSED] - Delayed 2 second(s)

2018-12-11 13:27:11 - [TEST_STEP][PASSED] - click: Object: 'Object Repository/Final Object Repo/Landing Page/Select to Workflow Listing' is clicked on

2018-12-11 13:27:12 - [MESSAGE][PASSED] - Object: 'Object Repository/Final Object Repo/Landing Page/Select to Workflow Listing' is clicked on

2018-12-11 13:27:12 - [TEST_STEP][PASSED] - delay: Delayed 2 second(s)

2018-12-11 13:27:14 - [MESSAGE][PASSED] - Delayed 2 second(s)

2018-12-11 13:27:14 - [TEST_STEP][PASSED] - click: Object: 'Object Repository/Final Object Repo/WorkFlow Listing Page/Search Information - To Put Ref No' is clicked on

2018-12-11 13:27:14 - [MESSAGE][PASSED] - Object: 'Object Repository/Final Object Repo/WorkFlow Listing Page/Search Information - To Put Ref No' is clicked on

2018-12-11 13:27:14 - [TEST_STEP][PASSED] - delay: Delayed 2 second(s)

2018-12-11 13:27:16 - [MESSAGE][PASSED] - Delayed 2 second(s)

2018-12-11 13:27:16 - [TEST_STEP][PASSED] - callTestCase: Call Test Case 'Test Cases/Final Aug 2018 - PKS Automation/Common/Reference Number Getter' successfully

2018-12-11 13:27:16 - [TEST_CASE][PASSED] - Test Cases/Final Aug 2018 - PKS Automation/Common/Reference Number Getter: Test Cases/Final Aug 2018 - PKS Automation/Common/Reference Number Getter

2018-12-11 13:27:16 - [TEST_STEP][PASSED] - Statement - Try: null

2018-12-11 13:27:16 - [TEST_STEP][PASSED] - Statement - RefNo = new java.io.File(C://Users//Admin//Desktop//PKS//Automation Reference Point//KatalonReference.txt): null

2018-12-11 13:27:16 - [TEST_STEP][PASSED] - Statement - bufferread = new java.io.BufferedReader(new java.io.FileReader(RefNo)): null

2018-12-11 13:27:16 - [TEST_STEP][PASSED] - Statement - readedVal = bufferread.readLine(): null

2018-12-11 13:27:16 - [TEST_STEP][PASSED] - Statement - out.println(CaseReferenceNo): null

2018-12-11 13:27:16 - [TEST_STEP][PASSED] - Statement - out.println(readedVal): null

2018-12-11 13:27:16 - [TEST_STEP][PASSED] - Statement - CaseReferenceNo = "": null

2018-12-11 13:27:16 - [TEST_STEP][PASSED] - Statement - CaseReferenceNo = readedVal: null

2018-12-11 13:27:16 - [MESSAGE][PASSED] - Call Test Case 'Test Cases/Final Aug 2018 - PKS Automation/Common/Reference Number Getter' successfully

2018-12-11 13:27:16 - [TEST_STEP][PASSED] - setText: Text 'CRN12201800123167' is set on object 'Object Repository/Final Object Repo/WorkFlow Listing Page/Ref No Set Text'

2018-12-11 13:27:16 - [MESSAGE][PASSED] - Text 'CRN12201800123167' is set on object 'Object Repository/Final Object Repo/WorkFlow Listing Page/Ref No Set Text'

2018-12-11 13:27:16 - [TEST_STEP][PASSED] - delay: Delayed 2 second(s)

2018-12-11 13:27:18 - [MESSAGE][PASSED] - Delayed 2 second(s)

2018-12-11 13:27:18 - [TEST_STEP][PASSED] - click: Object: 'Object Repository/Final Object Repo/WorkFlow Listing Page/Search Ref No Search Button' is clicked on

2018-12-11 13:27:18 - [MESSAGE][PASSED] - Object: 'Object Repository/Final Object Repo/WorkFlow Listing Page/Search Ref No Search Button' is clicked on

2018-12-11 13:27:18 - [TEST_STEP][PASSED] - delay: Delayed 6 second(s)

2018-12-11 13:27:24 - [MESSAGE][PASSED] - Delayed 6 second(s)

2018-12-11 13:27:24 - [TEST_STEP][PASSED] - click: Object: 'Object Repository/Final Object Repo/WorkFlow Listing Page/Click Continue Tooltip' is clicked on

2018-12-11 13:27:25 - [MESSAGE][PASSED] - Object: 'Object Repository/Final Object Repo/WorkFlow Listing Page/Click Continue Tooltip' is clicked on

2018-12-11 13:27:25 - [TEST_STEP][PASSED] - delay: Delayed 5 second(s)

2018-12-11 13:27:30 - [MESSAGE][PASSED] - Delayed 5 second(s)

2018-12-11 13:27:30 - [TEST_STEP][PASSED] - doubleClick: Object: 'Object Repository/Final Object Repo/WorkFlow Listing Page/Workflow Found - Listing 1' is double clicked on

2018-12-11 13:27:31 - [MESSAGE][PASSED] - Object: 'Object Repository/Final Object Repo/WorkFlow Listing Page/Workflow Found - Listing 1' is double clicked on

2018-12-11 13:27:31 - [TEST_STEP][PASSED] - Statement - println(OwnerID): null

2018-12-11 13:27:31 - [TEST_STEP][PASSED] - Statement - OwnerID = com.kms.katalon.core.webui.keyword.WebUiBuiltInKeywords.getText(com.kms.katalon.core.testobject.ObjectRepository.findTestObject(Final Object Repo/WorkFlow Listing Page/Workflow Found - Listing 1), STOP_ON_FAILURE): Text of object 'Object Repository/Final Object Repo/WorkFlow Listing Page/Workflow Found - Listing 1' is: 'JOHORro2'

2018-12-11 13:27:31 - [MESSAGE][PASSED] - Text of object 'Object Repository/Final Object Repo/WorkFlow Listing Page/Workflow Found - Listing 1' is: 'JOHORro2'

2018-12-11 13:27:31 - [TEST_STEP][PASSED] - Statement - OwnerID = OwnerID.toLowerCase() + "@gmail.com": null

2018-12-11 13:27:31 - [TEST_STEP][PASSED] - Statement - println(OwnerID): null

2018-12-11 13:27:31 - [TEST_STEP][PASSED] - delay: Delayed 2 second(s)

2018-12-11 13:27:33 - [MESSAGE][PASSED] - Delayed 2 second(s)

2018-12-11 13:27:33 - [MESSAGE][PASSED] - Call Test Case 'Test Cases/Final Aug 2018 - PKS Automation/Common/Workflow Owner Finder' successfully

2018-12-11 13:27:33 - [TEST_STEP][PASSED] - callTestCase: Call Test Case 'Test Cases/Final Aug 2018 - PKS Automation/Registration Module/Log Out/log out avoiding katalon tagging' successfully

2018-12-11 13:27:33 - [TEST_CASE][PASSED] - Test Cases/Final Aug 2018 - PKS Automation/Registration Module/Log Out/log out avoiding katalon tagging: Test Cases/Final Aug 2018 - PKS Automation/Registration Module/Log Out/log out avoiding katalon tagging

2018-12-11 13:27:33 - [TEST_STEP][PASSED] - navigateToUrl: Navigate to 'https://assist2-uat.perkeso.gov.my/c/portal/logout' successfully

2018-12-11 13:27:33 - [MESSAGE][PASSED] - Navigate to 'https://assist2-uat.perkeso.gov.my/c/portal/logout' successfully

2018-12-11 13:27:33 - [MESSAGE][PASSED] - Call Test Case 'Test Cases/Final Aug 2018 - PKS Automation/Registration Module/Log Out/log out avoiding katalon tagging' successfully

2018-12-11 13:27:33 - [TEST_STEP][PASSED] - delay: Delayed 2 second(s)

2018-12-11 13:27:36 - [MESSAGE][PASSED] - Delayed 2 second(s)

2018-12-11 13:27:36 - [TEST_STEP][PASSED] - setText: Text 'johorro2@gmail.com' is set on object 'Object Repository/Final Object Repo/New Registration - Registration Module Pages/New Reg - OTC to RO/Special Case - All Related Objects/Email TextBox'

2018-12-11 13:27:36 - [MESSAGE][PASSED] - Text 'johorro2@gmail.com' is set on object 'Object Repository/Final Object Repo/New Registration - Registration Module Pages/New Reg - OTC to RO/Special Case - All Related Objects/Email TextBox'

2018-12-11 13:27:36 - [TEST_STEP][PASSED] - click: Object: 'Object Repository/Final Object Repo/New Registration - Registration Module Pages/New Reg - OTC to RO/Special Case - All Related Objects/Next Button' is clicked on

2018-12-11 13:27:36 - [MESSAGE][PASSED] - Object: 'Object Repository/Final Object Repo/New Registration - Registration Module Pages/New Reg - OTC to RO/Special Case - All Related Objects/Next Button' is clicked on

2018-12-11 13:27:36 - [TEST_STEP][PASSED] - delay: Delayed 2 second(s)

2018-12-11 13:27:38 - [MESSAGE][PASSED] - Delayed 2 second(s)

2018-12-11 13:27:38 - [TEST_STEP][PASSED] - setText: Text 'Test1@3456789' is set on object 'Object Repository/Final Object Repo/New Registration - Registration Module Pages/New Reg - OTC to RO/Special Case - All Related Objects/Password TextBox'

2018-12-11 13:27:38 - [MESSAGE][PASSED] - Text 'Test1@3456789' is set on object 'Object Repository/Final Object Repo/New Registration - Registration Module Pages/New Reg - OTC to RO/Special Case - All Related Objects/Password TextBox'

2018-12-11 13:27:38 - [TEST_STEP][PASSED] - delay: Delayed 2 second(s)

2018-12-11 13:27:40 - [MESSAGE][PASSED] - Delayed 2 second(s)

2018-12-11 13:27:40 - [TEST_STEP][PASSED] - click: Object: 'Object Repository/Final Object Repo/New Registration - Registration Module Pages/New Reg - OTC to RO/Special Case - All Related Objects/Login Button' is clicked on

2018-12-11 13:27:40 - [MESSAGE][PASSED] - Object: 'Object Repository/Final Object Repo/New Registration - Registration Module Pages/New Reg - OTC to RO/Special Case - All Related Objects/Login Button' is clicked on

2018-12-11 13:27:40 - [TEST_STEP][PASSED] - delay: Delayed 2 second(s)

2018-12-11 13:27:42 - [MESSAGE][PASSED] - Delayed 2 second(s)

2018-12-11 13:27:42 - [TEST_STEP][PASSED] - Statement - Try: null

2018-12-11 13:27:42 - [TEST_STEP][PASSED] - Statement - Checker = com.kms.katalon.core.webui.keyword.WebUiBuiltInKeywords.verifyElementNotPresent("Final Object Repo/Landing Page/Select to English", 3): null

2018-12-11 13:27:42 - [TEST_STEP][PASSED] - Statement - Catch (Exception e): null

2018-12-11 13:27:42 - [TEST_STEP][PASSED] - Statement - e.printStackTrace(): null

2018-12-11 13:27:42 - [TEST_STEP][PASSED] - click: Object: 'Object Repository/Final Object Repo/New Registration - Registration Module Pages/New Reg - OTC to RO/Special Case - All Related Objects/Expand to Search' is clicked on

2018-12-11 13:27:43 - [MESSAGE][PASSED] - Object: 'Object Repository/Final Object Repo/New Registration - Registration Module Pages/New Reg - OTC to RO/Special Case - All Related Objects/Expand to Search' is clicked on

2018-12-11 13:27:43 - [TEST_STEP][PASSED] - setText: Text 'CRN12201800123167' is set on object 'Object Repository/Final Object Repo/New Registration - Registration Module Pages/New Reg - OTC to RO/Special Case - All Related Objects/TextBox RefNo in Workbasket'

2018-12-11 13:27:43 - [MESSAGE][PASSED] - Text 'CRN12201800123167' is set on object 'Object Repository/Final Object Repo/New Registration - Registration Module Pages/New Reg - OTC to RO/Special Case - All Related Objects/TextBox RefNo in Workbasket'

2018-12-11 13:27:43 - [TEST_STEP][PASSED] - delay: Delayed 2 second(s)

2018-12-11 13:27:45 - [MESSAGE][PASSED] - Delayed 2 second(s)

2018-12-11 13:27:45 - [TEST_STEP][PASSED] - click: Object: 'Object Repository/Final Object Repo/New Registration - Registration Module Pages/New Reg - OTC to RO/Special Case - All Related Objects/Click Search' is clicked on

2018-12-11 13:27:45 - [MESSAGE][PASSED] - Object: 'Object Repository/Final Object Repo/New Registration - Registration Module Pages/New Reg - OTC to RO/Special Case - All Related Objects/Click Search' is clicked on

2018-12-11 13:27:45 - [TEST_STEP][PASSED] - delay: Delayed 2 second(s)

2018-12-11 13:27:47 - [MESSAGE][PASSED] - Delayed 2 second(s)

2018-12-11 13:27:47 - [TEST_STEP][PASSED] - click: Object: 'Object Repository/Final Object Repo/New Registration - Registration Module Pages/New Reg - OTC to RO/Special Case - All Related Objects/Click to Continue Workflow' is clicked on

2018-12-11 13:27:51 - [MESSAGE][PASSED] - Object: 'Object Repository/Final Object Repo/New Registration - Registration Module Pages/New Reg - OTC to RO/Special Case - All Related Objects/Click to Continue Workflow' is clicked on

2018-12-11 13:27:51 - [TEST_STEP][PASSED] - delay: Delayed 2 second(s)

2018-12-11 13:27:53 - [MESSAGE][PASSED] - Delayed 2 second(s)

2018-12-11 13:27:53 - [TEST_STEP][PASSED] - click: Object: 'Object Repository/Final Object Repo/New Registration - Registration Module Pages/New Reg - OTC to RO/Special Case - All Related Objects/Continue Button in verifying case' is clicked on

2018-12-11 13:27:55 - [MESSAGE][PASSED] - Object: 'Object Repository/Final Object Repo/New Registration - Registration Module Pages/New Reg - OTC to RO/Special Case - All Related Objects/Continue Button in verifying case' is clicked on

2018-12-11 13:27:55 - [TEST_STEP][PASSED] - delay: Delayed 2 second(s)

2018-12-11 13:27:57 - [MESSAGE][PASSED] - Delayed 2 second(s)

2018-12-11 13:27:57 - [TEST_STEP][PASSED] - click: Object: 'Object Repository/Final Object Repo/New Registration - Registration Module Pages/Form 1/Registered As a Branch - Yes' is clicked on

2018-12-11 13:27:57 - [MESSAGE][PASSED] - Object: 'Object Repository/Final Object Repo/New Registration - Registration Module Pages/Form 1/Registered As a Branch - Yes' is clicked on

2018-12-11 13:27:57 - [TEST_STEP][PASSED] - delay: Delayed 2 second(s)

2018-12-11 13:27:59 - [MESSAGE][PASSED] - Delayed 2 second(s)

2018-12-11 13:27:59 - [TEST_STEP][PASSED] - click: Object: 'Object Repository/Final Object Repo/New Registration - Registration Module Pages/New Reg - OTC to RO/Special Case - All Related Objects/Form 1 Save n Continue' is clicked on

2018-12-11 13:27:59 - [MESSAGE][PASSED] - Object: 'Object Repository/Final Object Repo/New Registration - Registration Module Pages/New Reg - OTC to RO/Special Case - All Related Objects/Form 1 Save n Continue' is clicked on

2018-12-11 13:27:59 - [TEST_STEP][PASSED] - delay: Delayed 2 second(s)

2018-12-11 13:28:01 - [MESSAGE][PASSED] - Delayed 2 second(s)

2018-12-11 13:28:01 - [TEST_STEP][PASSED] - click: Object: 'Object Repository/Final Object Repo/New Registration - Registration Module Pages/New Reg - OTC to RO/Special Case - All Related Objects/Form 2 Save n Continue' is clicked on

2018-12-11 13:28:01 - [MESSAGE][PASSED] - Object: 'Object Repository/Final Object Repo/New Registration - Registration Module Pages/New Reg - OTC to RO/Special Case - All Related Objects/Form 2 Save n Continue' is clicked on

2018-12-11 13:28:01 - [TEST_STEP][PASSED] - delay: Delayed 2 second(s)

2018-12-11 13:28:03 - [MESSAGE][PASSED] - Delayed 2 second(s)

2018-12-11 13:28:03 - [TEST_STEP][PASSED] - click: Object: 'Object Repository/Final Object Repo/New Registration - Registration Module Pages/New Reg - OTC to RO/Special Case - All Related Objects/Third Screen Save n Continue' is clicked on

2018-12-11 13:28:08 - [MESSAGE][PASSED] - Object: 'Object Repository/Final Object Repo/New Registration - Registration Module Pages/New Reg - OTC to RO/Special Case - All Related Objects/Third Screen Save n Continue' is clicked on

2018-12-11 13:28:08 - [TEST_STEP][PASSED] - delay: Delayed 5 second(s)

2018-12-11 13:28:13 - [MESSAGE][PASSED] - Delayed 5 second(s)

2018-12-11 13:28:13 - [TEST_STEP][PASSED] - setText: Text 'Query case' is set on object 'Object Repository/Final Object Repo/New Registration - Registration Module Pages/New Reg - OTC to RO/Special Case - All Related Objects/Query Text Input'

2018-12-11 13:28:14 - [MESSAGE][PASSED] - Text 'Query case' is set on object 'Object Repository/Final Object Repo/New Registration - Registration Module Pages/New Reg - OTC to RO/Special Case - All Related Objects/Query Text Input'

2018-12-11 13:28:14 - [TEST_STEP][PASSED] - delay: Delayed 5 second(s)

2018-12-11 13:28:19 - [MESSAGE][PASSED] - Delayed 5 second(s)

2018-12-11 13:28:19 - [TEST_STEP][PASSED] - click: Object: 'Object Repository/Final Object Repo/New Registration - Registration Module Pages/New Reg - OTC to RO/Special Case - All Related Objects/Upload Doc Page Save n Continue' is clicked on

2018-12-11 13:28:19 - [MESSAGE][PASSED] - Object: 'Object Repository/Final Object Repo/New Registration - Registration Module Pages/New Reg - OTC to RO/Special Case - All Related Objects/Upload Doc Page Save n Continue' is clicked on

2018-12-11 13:28:19 - [TEST_STEP][PASSED] - click: Object: 'Object Repository/Final Object Repo/New Registration - Registration Module Pages/New Reg - OTC to RO/Special Case - All Related Objects/Query Button' is clicked on

2018-12-11 13:28:23 - [MESSAGE][PASSED] - Object: 'Object Repository/Final Object Repo/New Registration - Registration Module Pages/New Reg - OTC to RO/Special Case - All Related Objects/Query Button' is clicked on

2018-12-11 13:28:23 - [TEST_STEP][PASSED] - click: Object: 'Object Repository/Final Object Repo/New Registration - Registration Module Pages/New Reg - OTC to RO/Special Case - All Related Objects/Confirm to Query' is clicked on

2018-12-11 13:28:24 - [MESSAGE][PASSED] - Object: 'Object Repository/Final Object Repo/New Registration - Registration Module Pages/New Reg - OTC to RO/Special Case - All Related Objects/Confirm to Query' is clicked on

2018-12-11 13:28:24 - [TEST_STEP][PASSED] - callTestCase: Call Test Case 'Test Cases/Final Aug 2018 - PKS Automation/Registration Module/Log Out/log out avoiding katalon tagging' successfully

2018-12-11 13:28:24 - [TEST_CASE][PASSED] - Test Cases/Final Aug 2018 - PKS Automation/Registration Module/Log Out/log out avoiding katalon tagging: Test Cases/Final Aug 2018 - PKS Automation/Registration Module/Log Out/log out avoiding katalon tagging

2018-12-11 13:28:24 - [TEST_STEP][PASSED] - navigateToUrl: Navigate to 'https://assist2-uat.perkeso.gov.my/c/portal/logout' successfully

2018-12-11 13:28:31 - [MESSAGE][PASSED] - Navigate to 'https://assist2-uat.perkeso.gov.my/c/portal/logout' successfully

2018-12-11 13:28:31 - [MESSAGE][PASSED] - Call Test Case 'Test Cases/Final Aug 2018 - PKS Automation/Registration Module/Log Out/log out avoiding katalon tagging' successfully

2018-12-11 13:28:31 - [TEST_STEP][PASSED] - delay: Delayed 2 second(s)

2018-12-11 13:28:33 - [MESSAGE][PASSED] - Delayed 2 second(s)

2018-12-11 13:28:33 - [TEST_STEP][PASSED] - setText: Text 'klotc2@gmail.com' is set on object 'Object Repository/Final Object Repo/Login Page/Internal User/Email Address'

2018-12-11 13:28:33 - [MESSAGE][PASSED] - Text 'klotc2@gmail.com' is set on object 'Object Repository/Final Object Repo/Login Page/Internal User/Email Address'

2018-12-11 13:28:33 - [TEST_STEP][PASSED] - click: Object: 'Object Repository/Final Object Repo/Login Page/Internal User/Next Button' is clicked on

2018-12-11 13:28:33 - [MESSAGE][PASSED] - Object: 'Object Repository/Final Object Repo/Login Page/Internal User/Next Button' is clicked on

2018-12-11 13:28:33 - [TEST_STEP][PASSED] - delay: Delayed 2 second(s)

2018-12-11 13:28:35 - [MESSAGE][PASSED] - Delayed 2 second(s)

2018-12-11 13:28:35 - [TEST_STEP][PASSED] - setText: Text 'Test1@3456789' is set on object 'Object Repository/Final Object Repo/Login Page/Internal User/Password'

2018-12-11 13:28:36 - [MESSAGE][PASSED] - Text 'Test1@3456789' is set on object 'Object Repository/Final Object Repo/Login Page/Internal User/Password'

2018-12-11 13:28:36 - [TEST_STEP][PASSED] - delay: Delayed 2 second(s)

2018-12-11 13:28:38 - [MESSAGE][PASSED] - Delayed 2 second(s)

2018-12-11 13:28:38 - [TEST_STEP][PASSED] - click: Object: 'Object Repository/Final Object Repo/Login Page/Internal User/Login Button' is clicked on

2018-12-11 13:28:38 - [MESSAGE][PASSED] - Object: 'Object Repository/Final Object Repo/Login Page/Internal User/Login Button' is clicked on

2018-12-11 13:28:38 - [TEST_STEP][PASSED] - delay: Delayed 2 second(s)

2018-12-11 13:28:40 - [MESSAGE][PASSED] - Delayed 2 second(s)

2018-12-11 13:28:40 - [TEST_STEP][PASSED] - Statement - Try: null

2018-12-11 13:28:40 - [TEST_STEP][PASSED] - Statement - Checker = com.kms.katalon.core.webui.keyword.WebUiBuiltInKeywords.verifyElementNotPresent("PKS_SIP_Updated_RegModule/Attempt/Page_MyASSIST - ASSIST/Select to English", 3): null

2018-12-11 13:28:40 - [TEST_STEP][PASSED] - Statement - Catch (Exception e): null

2018-12-11 13:28:40 - [TEST_STEP][PASSED] - Statement - e.printStackTrace(): null

2018-12-11 13:28:40 - [TEST_STEP][PASSED] - delay: Delayed 4 second(s)

2018-12-11 13:28:44 - [MESSAGE][PASSED] - Delayed 4 second(s)

2018-12-11 13:28:44 - [TEST_STEP][PASSED] - click: Object: 'Object Repository/Final Object Repo/Landing Page/My Sites Drop Down' is clicked on

2018-12-11 13:28:44 - [MESSAGE][PASSED] - Object: 'Object Repository/Final Object Repo/Landing Page/My Sites Drop Down' is clicked on

2018-12-11 13:28:44 - [TEST_STEP][PASSED] - click: Object: 'Object Repository/Final Object Repo/Landing Page/Select to Registration Module' is clicked on

2018-12-11 13:28:45 - [MESSAGE][PASSED] - Object: 'Object Repository/Final Object Repo/Landing Page/Select to Registration Module' is clicked on

2018-12-11 13:28:45 - [TEST_STEP][PASSED] - delay: Delayed 2 second(s)

2018-12-11 13:28:47 - [MESSAGE][PASSED] - Delayed 2 second(s)

2018-12-11 13:28:47 - [TEST_STEP][PASSED] - mouseOver: Object: 'Object Repository/Final Object Repo/New Registration - Registration Module Pages/New Reg - OTC to RO/Special Case - All Related Objects/Hover Over Search Drop Down' is hovered

2018-12-11 13:28:47 - [MESSAGE][PASSED] - Object: 'Object Repository/Final Object Repo/New Registration - Registration Module Pages/New Reg - OTC to RO/Special Case - All Related Objects/Hover Over Search Drop Down' is hovered

2018-12-11 13:28:47 - [TEST_STEP][PASSED] - click: Object: 'Object Repository/Final Object Repo/New Registration - Registration Module Pages/New Reg - OTC to RO/Special Case - All Related Objects/Select Search Pending Case' is clicked on

2018-12-11 13:28:48 - [MESSAGE][PASSED] - Object: 'Object Repository/Final Object Repo/New Registration - Registration Module Pages/New Reg - OTC to RO/Special Case - All Related Objects/Select Search Pending Case' is clicked on

2018-12-11 13:28:48 - [TEST_STEP][PASSED] - click: Object: 'Object Repository/Final Object Repo/New Registration - Registration Module Pages/New Reg - OTC to RO/Special Case - All Related Objects/Select Searching Method (Employer Code)' is clicked on

2018-12-11 13:28:48 - [MESSAGE][PASSED] - Object: 'Object Repository/Final Object Repo/New Registration - Registration Module Pages/New Reg - OTC to RO/Special Case - All Related Objects/Select Searching Method (Employer Code)' is clicked on

2018-12-11 13:28:48 - [TEST_STEP][PASSED] - click: Object: 'Object Repository/Final Object Repo/New Registration - Registration Module Pages/New Reg - OTC to RO/Special Case - All Related Objects/Select Searching Method to Reference ID' is clicked on

2018-12-11 13:28:48 - [MESSAGE][PASSED] - Object: 'Object Repository/Final Object Repo/New Registration - Registration Module Pages/New Reg - OTC to RO/Special Case - All Related Objects/Select Searching Method to Reference ID' is clicked on

2018-12-11 13:28:48 - [TEST_STEP][PASSED] - setText: Text 'CRN12201800123167' is set on object 'Object Repository/Final Object Repo/New Registration - Registration Module Pages/New Reg - OTC to RO/Special Case - All Related Objects/Pending Case Ref NO'

2018-12-11 13:28:48 - [MESSAGE][PASSED] - Text 'CRN12201800123167' is set on object 'Object Repository/Final Object Repo/New Registration - Registration Module Pages/New Reg - OTC to RO/Special Case - All Related Objects/Pending Case Ref NO'

2018-12-11 13:28:48 - [TEST_STEP][PASSED] - click: Object: 'Object Repository/Final Object Repo/New Registration - Registration Module Pages/New Reg - OTC to RO/Special Case - All Related Objects/Search Pending Case Based on Ref No' is clicked on

2018-12-11 13:28:48 - [MESSAGE][PASSED] - Object: 'Object Repository/Final Object Repo/New Registration - Registration Module Pages/New Reg - OTC to RO/Special Case - All Related Objects/Search Pending Case Based on Ref No' is clicked on

2018-12-11 13:28:48 - [TEST_STEP][PASSED] - click: Object: 'Object Repository/Final Object Repo/New Registration - Registration Module Pages/New Reg - OTC to RO/Special Case - All Related Objects/Action Button after found case' is clicked on

2018-12-11 13:28:51 - [MESSAGE][PASSED] - Object: 'Object Repository/Final Object Repo/New Registration - Registration Module Pages/New Reg - OTC to RO/Special Case - All Related Objects/Action Button after found case' is clicked on

2018-12-11 13:28:51 - [TEST_STEP][PASSED] - click: Object: 'Object Repository/Final Object Repo/New Registration - Registration Module Pages/New Reg - OTC to RO/Special Case - All Related Objects/Next Button in Pending Case Form 1' is clicked on

2018-12-11 13:28:52 - [MESSAGE][PASSED] - Object: 'Object Repository/Final Object Repo/New Registration - Registration Module Pages/New Reg - OTC to RO/Special Case - All Related Objects/Next Button in Pending Case Form 1' is clicked on

2018-12-11 13:28:52 - [TEST_STEP][PASSED] - click: Object: 'Object Repository/Final Object Repo/New Registration - Registration Module Pages/New Reg - OTC to RO/Special Case - All Related Objects/Next Button in Pending Case Form 2' is clicked on

2018-12-11 13:28:53 - [MESSAGE][PASSED] - Object: 'Object Repository/Final Object Repo/New Registration - Registration Module Pages/New Reg - OTC to RO/Special Case - All Related Objects/Next Button in Pending Case Form 2' is clicked on

2018-12-11 13:28:53 - [TEST_STEP][PASSED] - click: Object: 'Object Repository/Final Object Repo/New Registration - Registration Module Pages/New Reg - OTC to RO/Special Case - All Related Objects/Next Button in Third Screen' is clicked on

2018-12-11 13:28:56 - [MESSAGE][PASSED] - Object: 'Object Repository/Final Object Repo/New Registration - Registration Module Pages/New Reg - OTC to RO/Special Case - All Related Objects/Next Button in Third Screen' is clicked on

2018-12-11 13:28:56 - [TEST_STEP][PASSED] - click: Object: 'Object Repository/Final Object Repo/New Registration - Registration Module Pages/New Reg - OTC to RO/Special Case - All Related Objects/Add Document for Pending Case' is clicked on

2018-12-11 13:28:56 - [MESSAGE][PASSED] - Object: 'Object Repository/Final Object Repo/New Registration - Registration Module Pages/New Reg - OTC to RO/Special Case - All Related Objects/Add Document for Pending Case' is clicked on

2018-12-11 13:28:56 - [TEST_STEP][PASSED] - click: Object: 'Object Repository/Final Object Repo/New Registration - Registration Module Pages/New Reg - OTC to RO/Special Case - All Related Objects/Upload Pending Doc - Please Select' is clicked on

2018-12-11 13:28:59 - [MESSAGE][PASSED] - Object: 'Object Repository/Final Object Repo/New Registration - Registration Module Pages/New Reg - OTC to RO/Special Case - All Related Objects/Upload Pending Doc - Please Select' is clicked on

2018-12-11 13:28:59 - [TEST_STEP][PASSED] - click: Object: 'Object Repository/Final Object Repo/New Registration - Registration Module Pages/New Reg - OTC to RO/Special Case - All Related Objects/Select to Others to Upload' is clicked on

2018-12-11 13:28:59 - [MESSAGE][PASSED] - Object: 'Object Repository/Final Object Repo/New Registration - Registration Module Pages/New Reg - OTC to RO/Special Case - All Related Objects/Select to Others to Upload' is clicked on

2018-12-11 13:28:59 - [TEST_STEP][PASSED] - uploadFile: File 'C:\Users\Public\Pictures\Sample Pictures\Koala.jpg' sent to object: 'Object Repository/Final Object Repo/New Registration - Registration Module Pages/New Reg - OTC to RO/Special Case - All Related Objects/Uploading Pending Case Action'

2018-12-11 13:29:00 - [MESSAGE][PASSED] - File 'C:\Users\Public\Pictures\Sample Pictures\Koala.jpg' sent to object: 'Object Repository/Final Object Repo/New Registration - Registration Module Pages/New Reg - OTC to RO/Special Case - All Related Objects/Uploading Pending Case Action'

2018-12-11 13:29:00 - [TEST_STEP][PASSED] - click: Object: 'Object Repository/Final Object Repo/New Registration - Registration Module Pages/New Reg - OTC to RO/Special Case - All Related Objects/Inner form Add Document Button Pending Case' is clicked on

2018-12-11 13:29:00 - [MESSAGE][PASSED] - Object: 'Object Repository/Final Object Repo/New Registration - Registration Module Pages/New Reg - OTC to RO/Special Case - All Related Objects/Inner form Add Document Button Pending Case' is clicked on

2018-12-11 13:29:00 - [TEST_STEP][PASSED] - click: Object: 'Object Repository/Final Object Repo/New Registration - Registration Module Pages/New Reg - OTC to RO/Special Case - All Related Objects/Pending Case Exit' is clicked on

2018-12-11 13:29:05 - [MESSAGE][PASSED] - Object: 'Object Repository/Final Object Repo/New Registration - Registration Module Pages/New Reg - OTC to RO/Special Case - All Related Objects/Pending Case Exit' is clicked on

2018-12-11 13:29:05 - [TEST_STEP][PASSED] - callTestCase: Call Test Case 'Test Cases/Final Aug 2018 - PKS Automation/Registration Module/Log Out/log out avoiding katalon tagging' successfully

2018-12-11 13:29:05 - [TEST_CASE][PASSED] - Test Cases/Final Aug 2018 - PKS Automation/Registration Module/Log Out/log out avoiding katalon tagging: Test Cases/Final Aug 2018 - PKS Automation/Registration Module/Log Out/log out avoiding katalon tagging

2018-12-11 13:29:05 - [TEST_STEP][PASSED] - navigateToUrl: Navigate to 'https://assist2-uat.perkeso.gov.my/c/portal/logout' successfully

2018-12-11 13:29:06 - [MESSAGE][PASSED] - Navigate to 'https://assist2-uat.perkeso.gov.my/c/portal/logout' successfully

2018-12-11 13:29:06 - [MESSAGE][PASSED] - Call Test Case 'Test Cases/Final Aug 2018 - PKS Automation/Registration Module/Log Out/log out avoiding katalon tagging' successfully

2018-12-11 13:29:06 - [TEST_STEP][PASSED] - callTestCase: Call Test Case 'Test Cases/Final Aug 2018 - PKS Automation/Common/Workflow Owner Finder' successfully

2018-12-11 13:29:06 - [TEST_CASE][PASSED] - Test Cases/Final Aug 2018 - PKS Automation/Common/Workflow Owner Finder: Test Cases/Final Aug 2018 - PKS Automation/Common/Workflow Owner Finder

2018-12-11 13:29:06 - [TEST_STEP][PASSED] - openBrowser: Browser is opened with url: ''

2018-12-11 13:29:06 - [MESSAGE][WARNING] - A browser is already opened. Closing browser and opening a new one

2018-12-11 13:29:10 - [MESSAGE][PASSED] - Browser is opened with url: ''

2018-12-11 13:29:10 - [TEST_STEP][PASSED] - navigateToUrl: Navigate to 'https://assist2-uat.perkeso.gov.my/login' successfully

2018-12-11 13:29:11 - [MESSAGE][PASSED] - Navigate to 'https://assist2-uat.perkeso.gov.my/login' successfully

2018-12-11 13:29:11 - [TEST_STEP][PASSED] - delay: Delayed 5 second(s)

2018-12-11 13:29:16 - [MESSAGE][PASSED] - Delayed 5 second(s)

2018-12-11 13:29:16 - [TEST_STEP][PASSED] - setText: Text 'test@liferay.com' is set on object 'Object Repository/Final Object Repo/Login Page/Internal User/Email Address'

2018-12-11 13:29:17 - [MESSAGE][PASSED] - Text 'test@liferay.com' is set on object 'Object Repository/Final Object Repo/Login Page/Internal User/Email Address'

2018-12-11 13:29:17 - [TEST_STEP][PASSED] - click: Object: 'Object Repository/Final Object Repo/Login Page/Internal User/Next Button' is clicked on

2018-12-11 13:29:17 - [MESSAGE][PASSED] - Object: 'Object Repository/Final Object Repo/Login Page/Internal User/Next Button' is clicked on

2018-12-11 13:29:17 - [TEST_STEP][PASSED] - delay: Delayed 2 second(s)

2018-12-11 13:29:19 - [MESSAGE][PASSED] - Delayed 2 second(s)

2018-12-11 13:29:19 - [TEST_STEP][PASSED] - setText: Text 'test' is set on object 'Object Repository/Final Object Repo/Login Page/Internal User/Password'

2018-12-11 13:29:19 - [MESSAGE][PASSED] - Text 'test' is set on object 'Object Repository/Final Object Repo/Login Page/Internal User/Password'

2018-12-11 13:29:19 - [TEST_STEP][PASSED] - delay: Delayed 2 second(s)

2018-12-11 13:29:21 - [MESSAGE][PASSED] - Delayed 2 second(s)

2018-12-11 13:29:21 - [TEST_STEP][PASSED] - click: Object: 'Object Repository/Final Object Repo/Login Page/Internal User/Login Button' is clicked on

2018-12-11 13:29:21 - [MESSAGE][PASSED] - Object: 'Object Repository/Final Object Repo/Login Page/Internal User/Login Button' is clicked on

2018-12-11 13:29:21 - [TEST_STEP][PASSED] - Statement - tester = com.kms.katalon.core.testobject.ObjectRepository.findTestObject(Final Object Repo/Landing Page/Select to English): Finding Test Object with id 'Object Repository/Final Object Repo/Landing Page/Select to English'

2018-12-11 13:29:21 - [TEST_STEP][PASSED] - Statement - Try: Delayed 2 second(s)

2018-12-11 13:29:21 - [TEST_STEP][PASSED] - Statement - Checker = com.kms.katalon.core.webui.keyword.WebUiBuiltInKeywords.verifyElementNotPresent(tester, 3): Web element with id: 'Object Repository/Final Object Repo/Landing Page/Select to English' located by 'By.xpath: //a[@class = 'taglib-language-list-text' and @lang = 'en-US' and (contains(text(), 'EN') or contains(., 'EN'))]' is not present after '3' second(s)

2018-12-11 13:29:23 - [MESSAGE][PASSED] - Web element with id: 'Object Repository/Final Object Repo/Landing Page/Select to English' located by 'By.xpath: //a[@class = 'taglib-language-list-text' and @lang = 'en-US' and (contains(text(), 'EN') or contains(., 'EN'))]' is not present after '3' second(s)

2018-12-11 13:29:23 - [TEST_STEP][PASSED] - Statement - If (Checker == false): null

2018-12-11 13:29:23 - [TEST_STEP][PASSED] - delay: Delayed 2 second(s)

2018-12-11 13:29:25 - [MESSAGE][PASSED] - Delayed 2 second(s)

2018-12-11 13:29:25 - [TEST_STEP][PASSED] - delay: Delayed 5 second(s)

2018-12-11 13:29:30 - [MESSAGE][PASSED] - Delayed 5 second(s)

2018-12-11 13:29:30 - [TEST_STEP][PASSED] - mouseOver: Object: 'Object Repository/Final Object Repo/Landing Page/WorkFlow Menu' is hovered

2018-12-11 13:29:30 - [MESSAGE][PASSED] - Object: 'Object Repository/Final Object Repo/Landing Page/WorkFlow Menu' is hovered

2018-12-11 13:29:30 - [TEST_STEP][PASSED] - delay: Delayed 2 second(s)

2018-12-11 13:29:32 - [MESSAGE][PASSED] - Delayed 2 second(s)

2018-12-11 13:29:32 - [TEST_STEP][PASSED] - click: Object: 'Object Repository/Final Object Repo/Landing Page/Select to Workflow Listing' is clicked on

2018-12-11 13:29:34 - [MESSAGE][PASSED] - Object: 'Object Repository/Final Object Repo/Landing Page/Select to Workflow Listing' is clicked on

2018-12-11 13:29:34 - [TEST_STEP][PASSED] - delay: Delayed 2 second(s)

2018-12-11 13:29:36 - [MESSAGE][PASSED] - Delayed 2 second(s)

2018-12-11 13:29:36 - [TEST_STEP][PASSED] - click: Object: 'Object Repository/Final Object Repo/WorkFlow Listing Page/Search Information - To Put Ref No' is clicked on

2018-12-11 13:29:36 - [MESSAGE][PASSED] - Object: 'Object Repository/Final Object Repo/WorkFlow Listing Page/Search Information - To Put Ref No' is clicked on

2018-12-11 13:29:36 - [TEST_STEP][PASSED] - delay: Delayed 2 second(s)

2018-12-11 13:29:38 - [MESSAGE][PASSED] - Delayed 2 second(s)

2018-12-11 13:29:38 - [TEST_STEP][PASSED] - callTestCase: Call Test Case 'Test Cases/Final Aug 2018 - PKS Automation/Common/Reference Number Getter' successfully

2018-12-11 13:29:38 - [TEST_CASE][PASSED] - Test Cases/Final Aug 2018 - PKS Automation/Common/Reference Number Getter: Test Cases/Final Aug 2018 - PKS Automation/Common/Reference Number Getter

2018-12-11 13:29:38 - [TEST_STEP][PASSED] - Statement - Try: null

2018-12-11 13:29:38 - [TEST_STEP][PASSED] - Statement - RefNo = new java.io.File(C://Users//Admin//Desktop//PKS//Automation Reference Point//KatalonReference.txt): null

2018-12-11 13:29:38 - [TEST_STEP][PASSED] - Statement - bufferread = new java.io.BufferedReader(new java.io.FileReader(RefNo)): null

2018-12-11 13:29:38 - [TEST_STEP][PASSED] - Statement - readedVal = bufferread.readLine(): null

2018-12-11 13:29:38 - [TEST_STEP][PASSED] - Statement - out.println(CaseReferenceNo): null

2018-12-11 13:29:38 - [TEST_STEP][PASSED] - Statement - out.println(readedVal): null

2018-12-11 13:29:38 - [TEST_STEP][PASSED] - Statement - CaseReferenceNo = "": null

2018-12-11 13:29:38 - [TEST_STEP][PASSED] - Statement - CaseReferenceNo = readedVal: null

2018-12-11 13:29:38 - [MESSAGE][PASSED] - Call Test Case 'Test Cases/Final Aug 2018 - PKS Automation/Common/Reference Number Getter' successfully

2018-12-11 13:29:38 - [TEST_STEP][PASSED] - setText: Text 'CRN12201800123167' is set on object 'Object Repository/Final Object Repo/WorkFlow Listing Page/Ref No Set Text'

2018-12-11 13:29:38 - [MESSAGE][PASSED] - Text 'CRN12201800123167' is set on object 'Object Repository/Final Object Repo/WorkFlow Listing Page/Ref No Set Text'

2018-12-11 13:29:38 - [TEST_STEP][PASSED] - delay: Delayed 2 second(s)

2018-12-11 13:29:40 - [MESSAGE][PASSED] - Delayed 2 second(s)

2018-12-11 13:29:40 - [TEST_STEP][PASSED] - click: Object: 'Object Repository/Final Object Repo/WorkFlow Listing Page/Search Ref No Search Button' is clicked on

2018-12-11 13:29:40 - [MESSAGE][PASSED] - Object: 'Object Repository/Final Object Repo/WorkFlow Listing Page/Search Ref No Search Button' is clicked on

2018-12-11 13:29:40 - [TEST_STEP][PASSED] - delay: Delayed 6 second(s)

2018-12-11 13:29:46 - [MESSAGE][PASSED] - Delayed 6 second(s)

2018-12-11 13:29:46 - [TEST_STEP][PASSED] - click: Object: 'Object Repository/Final Object Repo/WorkFlow Listing Page/Click Continue Tooltip' is clicked on

2018-12-11 13:29:48 - [MESSAGE][PASSED] - Object: 'Object Repository/Final Object Repo/WorkFlow Listing Page/Click Continue Tooltip' is clicked on

2018-12-11 13:29:48 - [TEST_STEP][PASSED] - delay: Delayed 5 second(s)

2018-12-11 13:29:53 - [MESSAGE][PASSED] - Delayed 5 second(s)

2018-12-11 13:29:53 - [TEST_STEP][PASSED] - doubleClick: Object: 'Object Repository/Final Object Repo/WorkFlow Listing Page/Workflow Found - Listing 1' is double clicked on

2018-12-11 13:29:53 - [MESSAGE][PASSED] - Object: 'Object Repository/Final Object Repo/WorkFlow Listing Page/Workflow Found - Listing 1' is double clicked on

2018-12-11 13:29:53 - [TEST_STEP][PASSED] - Statement - println(OwnerID): null

2018-12-11 13:29:53 - [TEST_STEP][PASSED] - Statement - OwnerID = com.kms.katalon.core.webui.keyword.WebUiBuiltInKeywords.getText(com.kms.katalon.core.testobject.ObjectRepository.findTestObject(Final Object Repo/WorkFlow Listing Page/Workflow Found - Listing 1), STOP_ON_FAILURE): Text of object 'Object Repository/Final Object Repo/WorkFlow Listing Page/Workflow Found - Listing 1' is: 'JOHORro2'

2018-12-11 13:29:53 - [MESSAGE][PASSED] - Text of object 'Object Repository/Final Object Repo/WorkFlow Listing Page/Workflow Found - Listing 1' is: 'JOHORro2'

2018-12-11 13:29:53 - [TEST_STEP][PASSED] - Statement - OwnerID = OwnerID.toLowerCase() + "@gmail.com": null

2018-12-11 13:29:53 - [TEST_STEP][PASSED] - Statement - println(OwnerID): null

2018-12-11 13:29:53 - [TEST_STEP][PASSED] - delay: Delayed 2 second(s)

2018-12-11 13:29:55 - [MESSAGE][PASSED] - Delayed 2 second(s)

2018-12-11 13:29:55 - [MESSAGE][PASSED] - Call Test Case 'Test Cases/Final Aug 2018 - PKS Automation/Common/Workflow Owner Finder' successfully

2018-12-11 13:29:55 - [TEST_STEP][PASSED] - callTestCase: Call Test Case 'Test Cases/Final Aug 2018 - PKS Automation/Registration Module/Log Out/log out avoiding katalon tagging' successfully

2018-12-11 13:29:55 - [TEST_CASE][PASSED] - Test Cases/Final Aug 2018 - PKS Automation/Registration Module/Log Out/log out avoiding katalon tagging: Test Cases/Final Aug 2018 - PKS Automation/Registration Module/Log Out/log out avoiding katalon tagging

2018-12-11 13:29:55 - [TEST_STEP][PASSED] - navigateToUrl: Navigate to 'https://assist2-uat.perkeso.gov.my/c/portal/logout' successfully

2018-12-11 13:29:56 - [MESSAGE][PASSED] - Navigate to 'https://assist2-uat.perkeso.gov.my/c/portal/logout' successfully

2018-12-11 13:29:56 - [MESSAGE][PASSED] - Call Test Case 'Test Cases/Final Aug 2018 - PKS Automation/Registration Module/Log Out/log out avoiding katalon tagging' successfully

2018-12-11 13:29:56 - [TEST_STEP][PASSED] - delay: Delayed 2 second(s)

2018-12-11 13:29:58 - [MESSAGE][PASSED] - Delayed 2 second(s)

2018-12-11 13:29:58 - [TEST_STEP][PASSED] - setText: Text 'johorro2@gmail.com' is set on object 'Object Repository/Final Object Repo/Login Page/Internal User/Email Address'

2018-12-11 13:29:58 - [MESSAGE][PASSED] - Text 'johorro2@gmail.com' is set on object 'Object Repository/Final Object Repo/Login Page/Internal User/Email Address'

2018-12-11 13:29:58 - [TEST_STEP][PASSED] - click: Object: 'Object Repository/Final Object Repo/Login Page/Internal User/Next Button' is clicked on

2018-12-11 13:29:58 - [MESSAGE][PASSED] - Object: 'Object Repository/Final Object Repo/Login Page/Internal User/Next Button' is clicked on

2018-12-11 13:29:58 - [TEST_STEP][PASSED] - delay: Delayed 2 second(s)

2018-12-11 13:30:00 - [MESSAGE][PASSED] - Delayed 2 second(s)

2018-12-11 13:30:00 - [TEST_STEP][PASSED] - setText: Text 'Test1@3456789' is set on object 'Object Repository/Final Object Repo/Login Page/Internal User/Password'

2018-12-11 13:30:01 - [MESSAGE][PASSED] - Text 'Test1@3456789' is set on object 'Object Repository/Final Object Repo/Login Page/Internal User/Password'

2018-12-11 13:30:01 - [TEST_STEP][PASSED] - delay: Delayed 2 second(s)

2018-12-11 13:30:03 - [MESSAGE][PASSED] - Delayed 2 second(s)

2018-12-11 13:30:03 - [TEST_STEP][PASSED] - click: Object: 'Object Repository/Final Object Repo/Login Page/Internal User/Login Button' is clicked on

2018-12-11 13:30:03 - [MESSAGE][PASSED] - Object: 'Object Repository/Final Object Repo/Login Page/Internal User/Login Button' is clicked on

2018-12-11 13:30:03 - [TEST_STEP][PASSED] - delay: Delayed 2 second(s)

2018-12-11 13:30:05 - [MESSAGE][PASSED] - Delayed 2 second(s)

2018-12-11 13:30:05 - [TEST_STEP][PASSED] - Statement - Try: null

2018-12-11 13:30:05 - [TEST_STEP][PASSED] - Statement - Checker = com.kms.katalon.core.webui.keyword.WebUiBuiltInKeywords.verifyElementNotPresent("Final Object Repo/Landing Page/Select to English", 3): null

2018-12-11 13:30:05 - [TEST_STEP][PASSED] - Statement - Catch (Exception e): null

2018-12-11 13:30:05 - [TEST_STEP][PASSED] - Statement - e.printStackTrace(): null

2018-12-11 13:30:05 - [TEST_STEP][PASSED] - click: Object: 'Object Repository/Final Object Repo/New Registration - Registration Module Pages/New Reg - OTC to RO/Special Case - All Related Objects/Expand to Search' is clicked on

2018-12-11 13:30:05 - [MESSAGE][PASSED] - Object: 'Object Repository/Final Object Repo/New Registration - Registration Module Pages/New Reg - OTC to RO/Special Case - All Related Objects/Expand to Search' is clicked on

2018-12-11 13:30:05 - [TEST_STEP][PASSED] - callTestCase: Call Test Case 'Test Cases/Final Aug 2018 - PKS Automation/Common/Reference Number Getter' successfully

2018-12-11 13:30:05 - [TEST_CASE][PASSED] - Test Cases/Final Aug 2018 - PKS Automation/Common/Reference Number Getter: Test Cases/Final Aug 2018 - PKS Automation/Common/Reference Number Getter

2018-12-11 13:30:05 - [TEST_STEP][PASSED] - Statement - Try: null

2018-12-11 13:30:05 - [TEST_STEP][PASSED] - Statement - RefNo = new java.io.File(C://Users//Admin//Desktop//PKS//Automation Reference Point//KatalonReference.txt): null

2018-12-11 13:30:05 - [TEST_STEP][PASSED] - Statement - bufferread = new java.io.BufferedReader(new java.io.FileReader(RefNo)): null

2018-12-11 13:30:05 - [TEST_STEP][PASSED] - Statement - readedVal = bufferread.readLine(): null

2018-12-11 13:30:05 - [TEST_STEP][PASSED] - Statement - out.println(CaseReferenceNo): null

2018-12-11 13:30:05 - [TEST_STEP][PASSED] - Statement - out.println(readedVal): null

2018-12-11 13:30:05 - [TEST_STEP][PASSED] - Statement - CaseReferenceNo = "": null

2018-12-11 13:30:05 - [TEST_STEP][PASSED] - Statement - CaseReferenceNo = readedVal: null

2018-12-11 13:30:05 - [MESSAGE][PASSED] - Call Test Case 'Test Cases/Final Aug 2018 - PKS Automation/Common/Reference Number Getter' successfully

2018-12-11 13:30:05 - [TEST_STEP][PASSED] - setText: Text 'CRN12201800123167' is set on object 'Object Repository/Final Object Repo/New Registration - Registration Module Pages/New Reg - OTC to RO/Special Case - All Related Objects/TextBox RefNo in Workbasket'

2018-12-11 13:30:05 - [MESSAGE][PASSED] - Text 'CRN12201800123167' is set on object 'Object Repository/Final Object Repo/New Registration - Registration Module Pages/New Reg - OTC to RO/Special Case - All Related Objects/TextBox RefNo in Workbasket'

2018-12-11 13:30:05 - [TEST_STEP][PASSED] - delay: Delayed 2 second(s)

2018-12-11 13:30:07 - [MESSAGE][PASSED] - Delayed 2 second(s)

2018-12-11 13:30:07 - [TEST_STEP][PASSED] - click: Object: 'Object Repository/Final Object Repo/New Registration - Registration Module Pages/New Reg - OTC to RO/Special Case - All Related Objects/Click Search' is clicked on

2018-12-11 13:30:08 - [MESSAGE][PASSED] - Object: 'Object Repository/Final Object Repo/New Registration - Registration Module Pages/New Reg - OTC to RO/Special Case - All Related Objects/Click Search' is clicked on

2018-12-11 13:30:08 - [TEST_STEP][PASSED] - delay: Delayed 2 second(s)

2018-12-11 13:30:10 - [MESSAGE][PASSED] - Delayed 2 second(s)

2018-12-11 13:30:10 - [TEST_STEP][PASSED] - click: Object: 'Object Repository/Final Object Repo/New Registration - Registration Module Pages/New Reg - OTC to RO/Special Case - All Related Objects/Click to Continue Workflow' is clicked on

2018-12-11 13:30:13 - [MESSAGE][PASSED] - Object: 'Object Repository/Final Object Repo/New Registration - Registration Module Pages/New Reg - OTC to RO/Special Case - All Related Objects/Click to Continue Workflow' is clicked on

2018-12-11 13:30:13 - [TEST_STEP][PASSED] - delay: Delayed 2 second(s)

2018-12-11 13:30:15 - [MESSAGE][PASSED] - Delayed 2 second(s)

2018-12-11 13:30:15 - [TEST_STEP][PASSED] - click: Object: 'Object Repository/Final Object Repo/New Registration - Registration Module Pages/New Reg - OTC to RO/Special Case - All Related Objects/Continue Button in verifying case' is clicked on

2018-12-11 13:30:17 - [MESSAGE][PASSED] - Object: 'Object Repository/Final Object Repo/New Registration - Registration Module Pages/New Reg - OTC to RO/Special Case - All Related Objects/Continue Button in verifying case' is clicked on

2018-12-11 13:30:17 - [TEST_STEP][PASSED] - delay: Delayed 2 second(s)

2018-12-11 13:30:19 - [MESSAGE][PASSED] - Delayed 2 second(s)

2018-12-11 13:30:19 - [TEST_STEP][PASSED] - click: Object: 'Object Repository/Final Object Repo/New Registration - Registration Module Pages/New Reg - OTC to RO/Special Case - All Related Objects/Form 1 Save n Continue' is clicked on

2018-12-11 13:30:19 - [MESSAGE][PASSED] - Object: 'Object Repository/Final Object Repo/New Registration - Registration Module Pages/New Reg - OTC to RO/Special Case - All Related Objects/Form 1 Save n Continue' is clicked on

2018-12-11 13:30:19 - [TEST_STEP][PASSED] - delay: Delayed 2 second(s)

2018-12-11 13:30:21 - [MESSAGE][PASSED] - Delayed 2 second(s)

2018-12-11 13:30:21 - [TEST_STEP][PASSED] - click: Object: 'Object Repository/Final Object Repo/New Registration - Registration Module Pages/New Reg - OTC to RO/Special Case - All Related Objects/Form 2 Save n Continue' is clicked on

2018-12-11 13:30:21 - [MESSAGE][PASSED] - Object: 'Object Repository/Final Object Repo/New Registration - Registration Module Pages/New Reg - OTC to RO/Special Case - All Related Objects/Form 2 Save n Continue' is clicked on

2018-12-11 13:30:21 - [TEST_STEP][PASSED] - delay: Delayed 2 second(s)

2018-12-11 13:30:23 - [MESSAGE][PASSED] - Delayed 2 second(s)

2018-12-11 13:30:23 - [TEST_STEP][PASSED] - click: Object: 'Object Repository/Final Object Repo/New Registration - Registration Module Pages/New Reg - OTC to RO/Special Case - All Related Objects/Third Screen Save n Continue' is clicked on

2018-12-11 13:30:29 - [MESSAGE][PASSED] - Object: 'Object Repository/Final Object Repo/New Registration - Registration Module Pages/New Reg - OTC to RO/Special Case - All Related Objects/Third Screen Save n Continue' is clicked on

2018-12-11 13:30:29 - [TEST_STEP][PASSED] - delay: Delayed 5 second(s)

2018-12-11 13:30:34 - [MESSAGE][PASSED] - Delayed 5 second(s)

2018-12-11 13:30:34 - [TEST_STEP][PASSED] - click: Object: 'Object Repository/Final Object Repo/New Registration - Registration Module Pages/New Reg - OTC to RO/Special Case - All Related Objects/Upload Doc Page Save n Continue' is clicked on

2018-12-11 13:30:34 - [MESSAGE][PASSED] - Object: 'Object Repository/Final Object Repo/New Registration - Registration Module Pages/New Reg - OTC to RO/Special Case - All Related Objects/Upload Doc Page Save n Continue' is clicked on

2018-12-11 13:30:34 - [TEST_STEP][PASSED] - delay: Delayed 5 second(s)

2018-12-11 13:30:39 - [MESSAGE][PASSED] - Delayed 5 second(s)

2018-12-11 13:30:39 - [TEST_STEP][PASSED] - callTestCase: Call Test Case 'Test Cases/Final Aug 2018 - PKS Automation/Registration Module/New Registration/Submit and Screenshot/Submit Registration and Screenshot' successfully

2018-12-11 13:30:39 - [TEST_CASE][PASSED] - Test Cases/Final Aug 2018 - PKS Automation/Registration Module/New Registration/Submit and Screenshot/Submit Registration and Screenshot: Test Cases/Final Aug 2018 - PKS Automation/Registration Module/New Registration/Submit and Screenshot/Submit Registration and Screenshot

2018-12-11 13:30:39 - [TEST_STEP][PASSED] - delay: Delayed 6 second(s)

2018-12-11 13:30:45 - [MESSAGE][PASSED] - Delayed 6 second(s)

2018-12-11 13:30:45 - [TEST_STEP][PASSED] - click: Object: 'Object Repository/Final Object Repo/New Registration - Registration Module Pages/Third Screen - Upload Supporting Doc- Preview/Preview Submit Button' is clicked on

2018-12-11 13:30:45 - [MESSAGE][PASSED] - Object: 'Object Repository/Final Object Repo/New Registration - Registration Module Pages/Third Screen - Upload Supporting Doc- Preview/Preview Submit Button' is clicked on

2018-12-11 13:30:45 - [TEST_STEP][PASSED] - delay: Delayed 2 second(s)

2018-12-11 13:30:47 - [MESSAGE][PASSED] - Delayed 2 second(s)

2018-12-11 13:30:47 - [TEST_STEP][PASSED] - click: Object: 'Object Repository/Final Object Repo/New Registration - Registration Module Pages/Third Screen - Upload Supporting Doc- Preview/Preview Submit - Confirm' is clicked on

2018-12-11 13:30:47 - [MESSAGE][PASSED] - Object: 'Object Repository/Final Object Repo/New Registration - Registration Module Pages/Third Screen - Upload Supporting Doc- Preview/Preview Submit - Confirm' is clicked on

2018-12-11 13:30:47 - [TEST_STEP][PASSED] - delay: Delayed 15 second(s)

2018-12-11 13:31:02 - [MESSAGE][PASSED] - Delayed 15 second(s)

2018-12-11 13:31:02 - [TEST_STEP][PASSED] - Statement - driver = com.kms.katalon.core.webui.driver.DriverFactory.getWebDriver(): null

2018-12-11 13:31:02 - [TEST_STEP][PASSED] - Statement - driver.manage().timeouts().implicitlyWait(10, SECONDS): null

2018-12-11 13:31:02 - [TEST_STEP][PASSED] - Statement - PresavePath = KatalonScreenshots: null

2018-12-11 13:31:02 - [TEST_STEP][PASSED] - Statement - pathPrefix = "C:\Users\Public\Pictures\Sample Pictures\Katalon Screenshots\Automate Ending Screen": null

2018-12-11 13:31:02 - [TEST_STEP][PASSED] - Statement - finalPath = <not implemented yet for class: org.codehaus.groovy.ast.expr.EmptyExpression>: null

2018-12-11 13:31:02 - [TEST_STEP][PASSED] - Statement - scrFile = driver.getScreenshotAs(FILE): null

2018-12-11 13:31:03 - [TEST_STEP][PASSED] - Statement - PreSaveFile = new java.io.File(PresavePath): null

2018-12-11 13:31:03 - [TEST_STEP][PASSED] - Statement - counter = 0: null

2018-12-11 13:31:03 - [TEST_STEP][PASSED] - Statement - If (PreSaveFile.exists()): null

2018-12-11 13:31:03 - [TEST_STEP][PASSED] - Statement - While (PreSaveFile.exists()): null

2018-12-11 13:31:03 - [TEST_STEP][PASSED] - Statement - counter = counter + 1: null

2018-12-11 13:31:03 - [TEST_STEP][PASSED] - Statement - PreSaveFile = new java.io.File(((pathPrefix + java.lang.Integer.toString(counter)) + .png)): null

2018-12-11 13:31:03 - [TEST_STEP][PASSED] - Statement - counter = counter + 1: null

2018-12-11 13:31:03 - [TEST_STEP][PASSED] - Statement - PreSaveFile = new java.io.File(((pathPrefix + java.lang.Integer.toString(counter)) + .png)): null

2018-12-11 13:31:03 - [TEST_STEP][PASSED] - Statement - counter = counter + 1: null

2018-12-11 13:31:03 - [TEST_STEP][PASSED] - Statement - PreSaveFile = new java.io.File(((pathPrefix + java.lang.Integer.toString(counter)) + .png)): null

2018-12-11 13:31:03 - [TEST_STEP][PASSED] - Statement - counter = counter + 1: null

2018-12-11 13:31:03 - [TEST_STEP][PASSED] - Statement - PreSaveFile = new java.io.File(((pathPrefix + java.lang.Integer.toString(counter)) + .png)): null

2018-12-11 13:31:03 - [TEST_STEP][PASSED] - Statement - counter = counter + 1: null

2018-12-11 13:31:03 - [TEST_STEP][PASSED] - Statement - PreSaveFile = new java.io.File(((pathPrefix + java.lang.Integer.toString(counter)) + .png)): null

2018-12-11 13:31:03 - [TEST_STEP][PASSED] - Statement - counter = counter + 1: null

2018-12-11 13:31:03 - [TEST_STEP][PASSED] - Statement - PreSaveFile = new java.io.File(((pathPrefix + java.lang.Integer.toString(counter)) + .png)): null

2018-12-11 13:31:03 - [TEST_STEP][PASSED] - Statement - counter = counter + 1: null

2018-12-11 13:31:03 - [TEST_STEP][PASSED] - Statement - PreSaveFile = new java.io.File(((pathPrefix + java.lang.Integer.toString(counter)) + .png)): null

2018-12-11 13:31:03 - [TEST_STEP][PASSED] - Statement - counter = counter + 1: null

2018-12-11 13:31:03 - [TEST_STEP][PASSED] - Statement - PreSaveFile = new java.io.File(((pathPrefix + java.lang.Integer.toString(counter)) + .png)): null

2018-12-11 13:31:03 - [TEST_STEP][PASSED] - Statement - counter = counter + 1: null

2018-12-11 13:31:03 - [TEST_STEP][PASSED] - Statement - PreSaveFile = new java.io.File(((pathPrefix + java.lang.Integer.toString(counter)) + .png)): null

2018-12-11 13:31:03 - [TEST_STEP][PASSED] - Statement - counter = counter + 1: null

2018-12-11 13:31:03 - [TEST_STEP][PASSED] - Statement - PreSaveFile = new java.io.File(((pathPrefix + java.lang.Integer.toString(counter)) + .png)): null

2018-12-11 13:31:03 - [TEST_STEP][PASSED] - Statement - counter = counter + 1: null

2018-12-11 13:31:03 - [TEST_STEP][PASSED] - Statement - PreSaveFile = new java.io.File(((pathPrefix + java.lang.Integer.toString(counter)) + .png)): null

2018-12-11 13:31:03 - [TEST_STEP][PASSED] - Statement - counter = counter + 1: null

2018-12-11 13:31:03 - [TEST_STEP][PASSED] - Statement - PreSaveFile = new java.io.File(((pathPrefix + java.lang.Integer.toString(counter)) + .png)): null

2018-12-11 13:31:03 - [TEST_STEP][PASSED] - Statement - counter = counter + 1: null

2018-12-11 13:31:03 - [TEST_STEP][PASSED] - Statement - PreSaveFile = new java.io.File(((pathPrefix + java.lang.Integer.toString(counter)) + .png)): null

2018-12-11 13:31:03 - [TEST_STEP][PASSED] - Statement - counter = counter + 1: null

2018-12-11 13:31:03 - [TEST_STEP][PASSED] - Statement - PreSaveFile = new java.io.File(((pathPrefix + java.lang.Integer.toString(counter)) + .png)): null

2018-12-11 13:31:03 - [TEST_STEP][PASSED] - Statement - counter = counter + 1: null

2018-12-11 13:31:03 - [TEST_STEP][PASSED] - Statement - PreSaveFile = new java.io.File(((pathPrefix + java.lang.Integer.toString(counter)) + .png)): null

2018-12-11 13:31:03 - [TEST_STEP][PASSED] - Statement - counter = counter + 1: null

2018-12-11 13:31:03 - [TEST_STEP][PASSED] - Statement - PreSaveFile = new java.io.File(((pathPrefix + java.lang.Integer.toString(counter)) + .png)): null

2018-12-11 13:31:03 - [TEST_STEP][PASSED] - Statement - counter = counter + 1: null

2018-12-11 13:31:03 - [TEST_STEP][PASSED] - Statement - PreSaveFile = new java.io.File(((pathPrefix + java.lang.Integer.toString(counter)) + .png)): null

2018-12-11 13:31:03 - [TEST_STEP][PASSED] - Statement - counter = counter + 1: null

2018-12-11 13:31:03 - [TEST_STEP][PASSED] - Statement - PreSaveFile = new java.io.File(((pathPrefix + java.lang.Integer.toString(counter)) + .png)): null

2018-12-11 13:31:03 - [TEST_STEP][PASSED] - Statement - counter = counter + 1: null

2018-12-11 13:31:03 - [TEST_STEP][PASSED] - Statement - PreSaveFile = new java.io.File(((pathPrefix + java.lang.Integer.toString(counter)) + .png)): null

2018-12-11 13:31:03 - [TEST_STEP][PASSED] - Statement - counter = counter + 1: null

2018-12-11 13:31:03 - [TEST_STEP][PASSED] - Statement - PreSaveFile = new java.io.File(((pathPrefix + java.lang.Integer.toString(counter)) + .png)): null

2018-12-11 13:31:03 - [TEST_STEP][PASSED] - Statement - counter = counter + 1: null

2018-12-11 13:31:03 - [TEST_STEP][PASSED] - Statement - PreSaveFile = new java.io.File(((pathPrefix + java.lang.Integer.toString(counter)) + .png)): null

2018-12-11 13:31:03 - [TEST_STEP][PASSED] - Statement - counter = counter + 1: null

2018-12-11 13:31:03 - [TEST_STEP][PASSED] - Statement - PreSaveFile = new java.io.File(((pathPrefix + java.lang.Integer.toString(counter)) + .png)): null

2018-12-11 13:31:03 - [TEST_STEP][PASSED] - Statement - counter = counter + 1: null

2018-12-11 13:31:03 - [TEST_STEP][PASSED] - Statement - PreSaveFile = new java.io.File(((pathPrefix + java.lang.Integer.toString(counter)) + .png)): null

2018-12-11 13:31:03 - [TEST_STEP][PASSED] - Statement - counter = counter + 1: null

2018-12-11 13:31:03 - [TEST_STEP][PASSED] - Statement - PreSaveFile = new java.io.File(((pathPrefix + java.lang.Integer.toString(counter)) + .png)): null

2018-12-11 13:31:03 - [TEST_STEP][PASSED] - Statement - counter = counter + 1: null

2018-12-11 13:31:03 - [TEST_STEP][PASSED] - Statement - PreSaveFile = new java.io.File(((pathPrefix + java.lang.Integer.toString(counter)) + .png)): null

2018-12-11 13:31:03 - [TEST_STEP][PASSED] - Statement - counter = counter + 1: null

2018-12-11 13:31:03 - [TEST_STEP][PASSED] - Statement - PreSaveFile = new java.io.File(((pathPrefix + java.lang.Integer.toString(counter)) + .png)): null

2018-12-11 13:31:03 - [TEST_STEP][PASSED] - Statement - counter = counter + 1: null

2018-12-11 13:31:03 - [TEST_STEP][PASSED] - Statement - PreSaveFile = new java.io.File(((pathPrefix + java.lang.Integer.toString(counter)) + .png)): null

2018-12-11 13:31:03 - [TEST_STEP][PASSED] - Statement - counter = counter + 1: null

2018-12-11 13:31:03 - [TEST_STEP][PASSED] - Statement - PreSaveFile = new java.io.File(((pathPrefix + java.lang.Integer.toString(counter)) + .png)): null

2018-12-11 13:31:03 - [TEST_STEP][PASSED] - Statement - counter = counter + 1: null

2018-12-11 13:31:03 - [TEST_STEP][PASSED] - Statement - PreSaveFile = new java.io.File(((pathPrefix + java.lang.Integer.toString(counter)) + .png)): null

2018-12-11 13:31:03 - [TEST_STEP][PASSED] - Statement - counter = counter + 1: null

2018-12-11 13:31:03 - [TEST_STEP][PASSED] - Statement - PreSaveFile = new java.io.File(((pathPrefix + java.lang.Integer.toString(counter)) + .png)): null

2018-12-11 13:31:03 - [TEST_STEP][PASSED] - Statement - counter = counter + 1: null

2018-12-11 13:31:03 - [TEST_STEP][PASSED] - Statement - PreSaveFile = new java.io.File(((pathPrefix + java.lang.Integer.toString(counter)) + .png)): null

2018-12-11 13:31:03 - [TEST_STEP][PASSED] - Statement - counter = counter + 1: null

2018-12-11 13:31:03 - [TEST_STEP][PASSED] - Statement - PreSaveFile = new java.io.File(((pathPrefix + java.lang.Integer.toString(counter)) + .png)): null

2018-12-11 13:31:03 - [TEST_STEP][PASSED] - Statement - counter = counter + 1: null

2018-12-11 13:31:03 - [TEST_STEP][PASSED] - Statement - PreSaveFile = new java.io.File(((pathPrefix + java.lang.Integer.toString(counter)) + .png)): null

2018-12-11 13:31:03 - [TEST_STEP][PASSED] - Statement - counter = counter + 1: null

2018-12-11 13:31:03 - [TEST_STEP][PASSED] - Statement - PreSaveFile = new java.io.File(((pathPrefix + java.lang.Integer.toString(counter)) + .png)): null

2018-12-11 13:31:03 - [TEST_STEP][PASSED] - Statement - counter = counter + 1: null

2018-12-11 13:31:03 - [TEST_STEP][PASSED] - Statement - PreSaveFile = new java.io.File(((pathPrefix + java.lang.Integer.toString(counter)) + .png)): null

2018-12-11 13:31:03 - [TEST_STEP][PASSED] - Statement - counter = counter + 1: null

2018-12-11 13:31:03 - [TEST_STEP][PASSED] - Statement - PreSaveFile = new java.io.File(((pathPrefix + java.lang.Integer.toString(counter)) + .png)): null

2018-12-11 13:31:03 - [TEST_STEP][PASSED] - Statement - counter = counter + 1: null

2018-12-11 13:31:03 - [TEST_STEP][PASSED] - Statement - PreSaveFile = new java.io.File(((pathPrefix + java.lang.Integer.toString(counter)) + .png)): null

2018-12-11 13:31:03 - [TEST_STEP][PASSED] - Statement - counter = counter + 1: null

2018-12-11 13:31:03 - [TEST_STEP][PASSED] - Statement - PreSaveFile = new java.io.File(((pathPrefix + java.lang.Integer.toString(counter)) + .png)): null

2018-12-11 13:31:03 - [TEST_STEP][PASSED] - Statement - finalPath = pathPrefix + java.lang.Integer.toString(counter) + ".png": null

2018-12-11 13:31:03 - [TEST_STEP][PASSED] - Statement - SaveFile = new java.io.File(finalPath): null

2018-12-11 13:31:03 - [TEST_STEP][PASSED] - Statement - Try: null

2018-12-11 13:31:03 - [TEST_STEP][PASSED] - Statement - org.apache.commons.io.FileUtils.copyFile(scrFile, SaveFile): null

2018-12-11 13:31:03 - [TEST_STEP][PASSED] - Statement - out.println("file kept"): null

2018-12-11 13:31:03 - [TEST_STEP][PASSED] - delay: Delayed 10 second(s)

2018-12-11 13:31:13 - [MESSAGE][PASSED] - Delayed 10 second(s)

2018-12-11 13:31:13 - [MESSAGE][PASSED] - Call Test Case 'Test Cases/Final Aug 2018 - PKS Automation/Registration Module/New Registration/Submit and Screenshot/Submit Registration and Screenshot' successfully]]></system-out>
         <system-err><![CDATA[]]></system-err>
      </testcase>
      <testcase name="Test Cases/Final Aug 2018 - PKS Automation/Registration Module/Workflow/New Registration/Case OTC to RO - RO Submit" classname="Test Cases/Final Aug 2018 - PKS Automation/Registration Module/Workflow/New Registration/Case OTC to RO - RO Submit" status="PASSED">
         <system-out><![CDATA[2018-12-11 13:31:13 - [TEST_CASE][PASSED] - Test Cases/Final Aug 2018 - PKS Automation/Registration Module/Workflow/New Registration/Case OTC to RO - RO Submit: Test Cases/Final Aug 2018 - PKS Automation/Registration Module/Workflow/New Registration/Case OTC to RO - RO Submit

2018-12-11 13:31:13 - [TEST_STEP][PASSED] - callTestCase: Call Test Case 'Test Cases/Final Aug 2018 - PKS Automation/Registration Module/Workflow/New Registration/Template/Special Case - OTC - Form 1' successfully

2018-12-11 13:31:13 - [TEST_CASE][PASSED] - Test Cases/Final Aug 2018 - PKS Automation/Registration Module/Workflow/New Registration/Template/Special Case - OTC - Form 1: Test Cases/Final Aug 2018 - PKS Automation/Registration Module/Workflow/New Registration/Template/Special Case - OTC - Form 1

2018-12-11 13:31:13 - [TEST_STEP][PASSED] - openBrowser: Browser is opened with url: ''

2018-12-11 13:31:13 - [MESSAGE][WARNING] - A browser is already opened. Closing browser and opening a new one

2018-12-11 13:31:18 - [MESSAGE][PASSED] - Browser is opened with url: ''

2018-12-11 13:31:18 - [TEST_STEP][PASSED] - navigateToUrl: Navigate to 'https://assist2-uat.perkeso.gov.my/login' successfully

2018-12-11 13:31:19 - [MESSAGE][PASSED] - Navigate to 'https://assist2-uat.perkeso.gov.my/login' successfully

2018-12-11 13:31:19 - [TEST_STEP][PASSED] - delay: Delayed 2 second(s)

2018-12-11 13:31:21 - [MESSAGE][PASSED] - Delayed 2 second(s)

2018-12-11 13:31:21 - [TEST_STEP][PASSED] - setText: Text 'klotc2@gmail.com' is set on object 'Object Repository/Final Object Repo/Login Page/Internal User/Email Address'

2018-12-11 13:31:21 - [MESSAGE][PASSED] - Text 'klotc2@gmail.com' is set on object 'Object Repository/Final Object Repo/Login Page/Internal User/Email Address'

2018-12-11 13:31:21 - [TEST_STEP][PASSED] - click: Object: 'Object Repository/Final Object Repo/Login Page/Internal User/Next Button' is clicked on

2018-12-11 13:31:21 - [MESSAGE][PASSED] - Object: 'Object Repository/Final Object Repo/Login Page/Internal User/Next Button' is clicked on

2018-12-11 13:31:21 - [TEST_STEP][PASSED] - delay: Delayed 2 second(s)

2018-12-11 13:31:23 - [MESSAGE][PASSED] - Delayed 2 second(s)

2018-12-11 13:31:23 - [TEST_STEP][PASSED] - setText: Text 'Test1@3456789' is set on object 'Object Repository/Final Object Repo/Login Page/Internal User/Password'

2018-12-11 13:31:24 - [MESSAGE][PASSED] - Text 'Test1@3456789' is set on object 'Object Repository/Final Object Repo/Login Page/Internal User/Password'

2018-12-11 13:31:24 - [TEST_STEP][PASSED] - delay: Delayed 2 second(s)

2018-12-11 13:31:26 - [MESSAGE][PASSED] - Delayed 2 second(s)

2018-12-11 13:31:26 - [TEST_STEP][PASSED] - click: Object: 'Object Repository/Final Object Repo/Login Page/Internal User/Login Button' is clicked on

2018-12-11 13:31:26 - [MESSAGE][PASSED] - Object: 'Object Repository/Final Object Repo/Login Page/Internal User/Login Button' is clicked on

2018-12-11 13:31:26 - [TEST_STEP][PASSED] - Statement - Try: null

2018-12-11 13:31:26 - [TEST_STEP][PASSED] - Statement - Checker = com.kms.katalon.core.webui.keyword.WebUiBuiltInKeywords.verifyElementNotPresent("Final Object Repo/Landing Page/Select to English", 3): null

2018-12-11 13:31:26 - [TEST_STEP][PASSED] - Statement - Catch (Exception e): null

2018-12-11 13:31:26 - [TEST_STEP][PASSED] - Statement - e.printStackTrace(): null

2018-12-11 13:31:26 - [TEST_STEP][PASSED] - delay: Delayed 5 second(s)

2018-12-11 13:31:31 - [MESSAGE][PASSED] - Delayed 5 second(s)

2018-12-11 13:31:31 - [TEST_STEP][PASSED] - click: Object: 'Object Repository/Final Object Repo/Landing Page/My Sites Drop Down' is clicked on

2018-12-11 13:31:31 - [MESSAGE][PASSED] - Object: 'Object Repository/Final Object Repo/Landing Page/My Sites Drop Down' is clicked on

2018-12-11 13:31:31 - [TEST_STEP][PASSED] - click: Object: 'Object Repository/Final Object Repo/Landing Page/Select to Registration Module' is clicked on

2018-12-11 13:31:32 - [MESSAGE][PASSED] - Object: 'Object Repository/Final Object Repo/Landing Page/Select to Registration Module' is clicked on

2018-12-11 13:31:32 - [TEST_STEP][PASSED] - click: Object: 'Object Repository/Final Object Repo/Landing Page/Registration Button' is clicked on

2018-12-11 13:31:34 - [MESSAGE][PASSED] - Object: 'Object Repository/Final Object Repo/Landing Page/Registration Button' is clicked on

2018-12-11 13:31:34 - [TEST_STEP][PASSED] - delay: Delayed 2 second(s)

2018-12-11 13:31:36 - [MESSAGE][PASSED] - Delayed 2 second(s)

2018-12-11 13:31:36 - [TEST_STEP][PASSED] - click: Object: 'Object Repository/Final Object Repo/New Registration - Registration Module Pages/New Reg - OTC to RO/Special Case - OTC - Form 1/AEC NO' is clicked on

2018-12-11 13:31:36 - [MESSAGE][PASSED] - Object: 'Object Repository/Final Object Repo/New Registration - Registration Module Pages/New Reg - OTC to RO/Special Case - OTC - Form 1/AEC NO' is clicked on

2018-12-11 13:31:36 - [TEST_STEP][PASSED] - click: Object: 'Object Repository/Final Object Repo/New Registration - Registration Module Pages/New Reg - OTC to RO/Special Case - OTC - Form 1/Business Entity - Please Select' is clicked on

2018-12-11 13:31:36 - [MESSAGE][PASSED] - Object: 'Object Repository/Final Object Repo/New Registration - Registration Module Pages/New Reg - OTC to RO/Special Case - OTC - Form 1/Business Entity - Please Select' is clicked on

2018-12-11 13:31:36 - [TEST_STEP][PASSED] - click: Object: 'Object Repository/Final Object Repo/New Registration - Registration Module Pages/New Reg - OTC to RO/Special Case - OTC - Form 1/Selected - Corporation' is clicked on

2018-12-11 13:31:36 - [MESSAGE][PASSED] - Object: 'Object Repository/Final Object Repo/New Registration - Registration Module Pages/New Reg - OTC to RO/Special Case - OTC - Form 1/Selected - Corporation' is clicked on

2018-12-11 13:31:36 - [TEST_STEP][PASSED] - delay: Delayed 2 second(s)

2018-12-11 13:31:38 - [MESSAGE][PASSED] - Delayed 2 second(s)

2018-12-11 13:31:38 - [TEST_STEP][PASSED] - click: Object: 'Object Repository/Final Object Repo/New Registration - Registration Module Pages/New Reg - OTC to RO/Special Case - OTC - Form 1/Sub Business Entity - Please Select' is clicked on

2018-12-11 13:31:39 - [MESSAGE][PASSED] - Object: 'Object Repository/Final Object Repo/New Registration - Registration Module Pages/New Reg - OTC to RO/Special Case - OTC - Form 1/Sub Business Entity - Please Select' is clicked on

2018-12-11 13:31:39 - [TEST_STEP][PASSED] - delay: Delayed 2 second(s)

2018-12-11 13:31:41 - [MESSAGE][PASSED] - Delayed 2 second(s)

2018-12-11 13:31:41 - [TEST_STEP][PASSED] - click: Object: 'Object Repository/Final Object Repo/New Registration - Registration Module Pages/New Reg - OTC to RO/Special Case - OTC - Form 1/Selected - Sendirian Berhad' is clicked on

2018-12-11 13:31:41 - [MESSAGE][PASSED] - Object: 'Object Repository/Final Object Repo/New Registration - Registration Module Pages/New Reg - OTC to RO/Special Case - OTC - Form 1/Selected - Sendirian Berhad' is clicked on

2018-12-11 13:31:41 - [TEST_STEP][PASSED] - setText: Text 'AUTOMATE001' is set on object 'Object Repository/Final Object Repo/New Registration - Registration Module Pages/New Reg - OTC to RO/Special Case - OTC - Form 1/Input BRN Number'

2018-12-11 13:31:41 - [MESSAGE][PASSED] - Text 'AUTOMATE001' is set on object 'Object Repository/Final Object Repo/New Registration - Registration Module Pages/New Reg - OTC to RO/Special Case - OTC - Form 1/Input BRN Number'

2018-12-11 13:31:41 - [TEST_STEP][PASSED] - delay: Delayed 2 second(s)

2018-12-11 13:31:43 - [MESSAGE][PASSED] - Delayed 2 second(s)

2018-12-11 13:31:43 - [TEST_STEP][PASSED] - click: Object: 'Object Repository/Final Object Repo/New Registration - Registration Module Pages/New Reg - OTC to RO/Special Case - OTC - Form 1/BRN Search' is clicked on

2018-12-11 13:31:44 - [MESSAGE][PASSED] - Object: 'Object Repository/Final Object Repo/New Registration - Registration Module Pages/New Reg - OTC to RO/Special Case - OTC - Form 1/BRN Search' is clicked on

2018-12-11 13:31:44 - [TEST_STEP][PASSED] - delay: Delayed 4 second(s)

2018-12-11 13:31:48 - [MESSAGE][PASSED] - Delayed 4 second(s)

2018-12-11 13:31:48 - [TEST_STEP][PASSED] - click: Object: 'Object Repository/Final Object Repo/New Registration - Registration Module Pages/New Reg - OTC to RO/Special Case - OTC - Form 1/Registered with SSM - After Feb 2017' is clicked on

2018-12-11 13:31:48 - [MESSAGE][PASSED] - Object: 'Object Repository/Final Object Repo/New Registration - Registration Module Pages/New Reg - OTC to RO/Special Case - OTC - Form 1/Registered with SSM - After Feb 2017' is clicked on

2018-12-11 13:31:48 - [TEST_STEP][PASSED] - delay: Delayed 2 second(s)

2018-12-11 13:31:50 - [MESSAGE][PASSED] - Delayed 2 second(s)

2018-12-11 13:31:50 - [TEST_STEP][PASSED] - click: Object: 'Object Repository/Final Object Repo/New Registration - Registration Module Pages/New Reg - OTC to RO/Special Case - OTC - Form 1/Registering As A Branch - No' is clicked on

2018-12-11 13:31:50 - [MESSAGE][PASSED] - Object: 'Object Repository/Final Object Repo/New Registration - Registration Module Pages/New Reg - OTC to RO/Special Case - OTC - Form 1/Registering As A Branch - No' is clicked on

2018-12-11 13:31:50 - [TEST_STEP][PASSED] - click: Object: 'Object Repository/Final Object Repo/New Registration - Registration Module Pages/New Reg - OTC to RO/Special Case - OTC - Form 1/Acknowledgement Ticked' is clicked on

2018-12-11 13:31:50 - [MESSAGE][PASSED] - Object: 'Object Repository/Final Object Repo/New Registration - Registration Module Pages/New Reg - OTC to RO/Special Case - OTC - Form 1/Acknowledgement Ticked' is clicked on

2018-12-11 13:31:50 - [TEST_STEP][PASSED] - click: Object: 'Object Repository/Final Object Repo/New Registration - Registration Module Pages/New Reg - OTC to RO/Special Case - OTC - Form 1/Submit Button' is clicked on

2018-12-11 13:31:50 - [MESSAGE][PASSED] - Object: 'Object Repository/Final Object Repo/New Registration - Registration Module Pages/New Reg - OTC to RO/Special Case - OTC - Form 1/Submit Button' is clicked on

2018-12-11 13:31:50 - [TEST_STEP][PASSED] - delay: Delayed 2 second(s)

2018-12-11 13:31:52 - [MESSAGE][PASSED] - Delayed 2 second(s)

2018-12-11 13:31:52 - [TEST_STEP][PASSED] - click: Object: 'Object Repository/Final Object Repo/New Registration - Registration Module Pages/New Reg - OTC to RO/Special Case - OTC - Form 1/Confirm No Flagging as Branch' is clicked on

2018-12-11 13:31:52 - [MESSAGE][PASSED] - Object: 'Object Repository/Final Object Repo/New Registration - Registration Module Pages/New Reg - OTC to RO/Special Case - OTC - Form 1/Confirm No Flagging as Branch' is clicked on

2018-12-11 13:31:52 - [MESSAGE][PASSED] - Call Test Case 'Test Cases/Final Aug 2018 - PKS Automation/Registration Module/Workflow/New Registration/Template/Special Case - OTC - Form 1' successfully

2018-12-11 13:31:52 - [TEST_STEP][PASSED] - callTestCase: Call Test Case 'Test Cases/Final Aug 2018 - PKS Automation/Registration Module/New Registration/Form 2/Add 1 Eligible' successfully

2018-12-11 13:31:52 - [TEST_CASE][PASSED] - Test Cases/Final Aug 2018 - PKS Automation/Registration Module/New Registration/Form 2/Add 1 Eligible: Test Cases/Final Aug 2018 - PKS Automation/Registration Module/New Registration/Form 2/Add 1 Eligible

2018-12-11 13:31:52 - [TEST_STEP][PASSED] - delay: Delayed 2 second(s)

2018-12-11 13:31:54 - [MESSAGE][PASSED] - Delayed 2 second(s)

2018-12-11 13:31:54 - [TEST_STEP][PASSED] - callTestCase: Call Test Case 'Test Cases/Final Aug 2018 - PKS Automation/Registration Module/New Registration/Form 2/Date Updater' successfully

2018-12-11 13:31:55 - [TEST_CASE][PASSED] - Test Cases/Final Aug 2018 - PKS Automation/Registration Module/New Registration/Form 2/Date Updater: Test Cases/Final Aug 2018 - PKS Automation/Registration Module/New Registration/Form 2/Date Updater

2018-12-11 13:31:55 - [TEST_STEP][PASSED] - Statement - TodayDate = new java.util.Date(): null

2018-12-11 13:31:55 - [TEST_STEP][PASSED] - Statement - CurrentDateNoFilter = new java.text.SimpleDateFormat(): null

2018-12-11 13:31:55 - [TEST_STEP][PASSED] - Statement - CurrentDateNoFilter.applyPattern("MM"): null

2018-12-11 13:31:55 - [TEST_STEP][PASSED] - Statement - monthContainerMatcher = java.lang.Integer.parseInt(CurrentDateNoFilter.format(TodayDate)): null

2018-12-11 13:31:55 - [TEST_STEP][PASSED] - Statement - monthContainerMatcher = monthContainerMatcher - 1: null

2018-12-11 13:31:55 - [TEST_STEP][PASSED] - Statement - CurrentMonth = monthContainerMatcher.toString(): null

2018-12-11 13:31:55 - [TEST_STEP][PASSED] - Statement - CurrentMonth = CurrentMonth: null

2018-12-11 13:31:55 - [TEST_STEP][PASSED] - Statement - CurrentDateNoFilter.applyPattern("yyyy"): null

2018-12-11 13:31:55 - [TEST_STEP][PASSED] - Statement - CurrentYear = CurrentDateNoFilter.format(TodayDate): null

2018-12-11 13:31:55 - [TEST_STEP][PASSED] - Statement - CurrentYear = CurrentYear: null

2018-12-11 13:31:55 - [TEST_STEP][PASSED] - Statement - intCurrentYear = java.lang.Integer.parseInt(CurrentDateNoFilter.format(TodayDate)): null

2018-12-11 13:31:55 - [TEST_STEP][PASSED] - Statement - eighteenYrsAgo = intCurrentYear - 18: null

2018-12-11 13:31:55 - [TEST_STEP][PASSED] - Statement - eighteenYrsBeforeThisYr = eighteenYrsAgo.toString(): null

2018-12-11 13:31:55 - [TEST_STEP][PASSED] - Statement - EighteenYrsBefore = eighteenYrsBeforeThisYr: null

2018-12-11 13:31:55 - [TEST_STEP][PASSED] - Statement - fiftysevenYrsAgo = intCurrentYear - 57: null

2018-12-11 13:31:55 - [TEST_STEP][PASSED] - Statement - fiftysevenYrsBeforeThisYr = fiftysevenYrsAgo.toString(): null

2018-12-11 13:31:55 - [TEST_STEP][PASSED] - Statement - FiftysevenYrsBefore = fiftysevenYrsBeforeThisYr: null

2018-12-11 13:31:55 - [TEST_STEP][PASSED] - Statement - leapYear = false: null

2018-12-11 13:31:55 - [TEST_STEP][PASSED] - Statement - leapYear = intCurrentYear % 4 == 0: null

2018-12-11 13:31:55 - [TEST_STEP][PASSED] - Statement - CurrentDateNoFilter.applyPattern("dd"): null

2018-12-11 13:31:55 - [TEST_STEP][PASSED] - Statement - CurrentDate = CurrentDateNoFilter.format(TodayDate): null

2018-12-11 13:31:55 - [TEST_STEP][PASSED] - Statement - CurrentDate = java.lang.Integer.parseInt(CurrentDate): null

2018-12-11 13:31:55 - [TEST_STEP][PASSED] - Statement - CurrentDate = CurrentDate: null

2018-12-11 13:31:55 - [TEST_STEP][PASSED] - Statement - CurrentDay = java.lang.Integer.parseInt(CurrentDate): null

2018-12-11 13:31:55 - [TEST_STEP][PASSED] - Statement - ConfAdder = <not implemented yet for class: org.codehaus.groovy.ast.expr.EmptyExpression>: null

2018-12-11 13:31:55 - [TEST_STEP][PASSED] - Statement - out.println(CurrentMonth): null

2018-12-11 13:31:55 - [TEST_STEP][PASSED] - Statement - out.println(CurrentDate): null

2018-12-11 13:31:55 - [TEST_STEP][PASSED] - Statement - switch (CurrentDate): null

2018-12-11 13:31:55 - [TEST_STEP][PASSED] - Statement - Default: null

2018-12-11 13:31:55 - [TEST_STEP][PASSED] - Statement - ConfAdder = true: null

2018-12-11 13:31:55 - [TEST_STEP][PASSED] - Statement - Break: null

2018-12-11 13:31:55 - [TEST_STEP][PASSED] - Statement - aDayBefore = <not implemented yet for class: org.codehaus.groovy.ast.expr.EmptyExpression>: null

2018-12-11 13:31:55 - [TEST_STEP][PASSED] - Statement - out.println(ConfAdder): null

2018-12-11 13:31:55 - [TEST_STEP][PASSED] - Statement - If (ConfAdder == true): null

2018-12-11 13:31:55 - [TEST_STEP][PASSED] - Statement - aDayBefore = CurrentDay + 1: null

2018-12-11 13:31:55 - [TEST_STEP][PASSED] - Statement - out.println(aDayBefore): null

2018-12-11 13:31:55 - [TEST_STEP][PASSED] - Statement - If (aDayBefore == 1 && CurrentMonth == 11): null

2018-12-11 13:31:55 - [TEST_STEP][PASSED] - Statement - DayBefore = aDayBefore.toString(): null

2018-12-11 13:31:55 - [TEST_STEP][PASSED] - Statement - OneDayBefore = DayBefore: null

2018-12-11 13:31:55 - [MESSAGE][PASSED] - Call Test Case 'Test Cases/Final Aug 2018 - PKS Automation/Registration Module/New Registration/Form 2/Date Updater' successfully

2018-12-11 13:31:55 - [TEST_STEP][PASSED] - delay: Delayed 1 second(s)

2018-12-11 13:31:56 - [MESSAGE][PASSED] - Delayed 1 second(s)

2018-12-11 13:31:56 - [TEST_STEP][PASSED] - Statement - CaseReferenceNo = com.kms.katalon.core.webui.keyword.WebUiBuiltInKeywords.getText(com.kms.katalon.core.testobject.ObjectRepository.findTestObject(Final Object Repo/New Registration - Registration Module Pages/Form 2/RefNo Acquiring)): Text of object 'Object Repository/Final Object Repo/New Registration - Registration Module Pages/Form 2/RefNo Acquiring' is: 'CRN12201800123168'

2018-12-11 13:31:56 - [MESSAGE][PASSED] - Text of object 'Object Repository/Final Object Repo/New Registration - Registration Module Pages/Form 2/RefNo Acquiring' is: 'CRN12201800123168'

2018-12-11 13:31:56 - [TEST_STEP][PASSED] - delay: Delayed 1 second(s)

2018-12-11 13:31:57 - [MESSAGE][PASSED] - Delayed 1 second(s)

2018-12-11 13:31:57 - [TEST_STEP][PASSED] - click: Object: 'Object Repository/Final Object Repo/New Registration - Registration Module Pages/Form 2/Add Employee Button' is clicked on

2018-12-11 13:31:57 - [MESSAGE][PASSED] - Object: 'Object Repository/Final Object Repo/New Registration - Registration Module Pages/Form 2/Add Employee Button' is clicked on

2018-12-11 13:31:57 - [TEST_STEP][PASSED] - delay: Delayed 1 second(s)

2018-12-11 13:31:58 - [MESSAGE][PASSED] - Delayed 1 second(s)

2018-12-11 13:31:58 - [TEST_STEP][PASSED] - setText: Text '010903091963' is set on object 'Object Repository/Final Object Repo/New Registration - Registration Module Pages/Form 2/NRIC Input'

2018-12-11 13:31:58 - [MESSAGE][PASSED] - Text '010903091963' is set on object 'Object Repository/Final Object Repo/New Registration - Registration Module Pages/Form 2/NRIC Input'

2018-12-11 13:31:58 - [TEST_STEP][PASSED] - click: Object: 'Object Repository/Final Object Repo/New Registration - Registration Module Pages/Form 2/button for search for IC' is clicked on

2018-12-11 13:31:59 - [MESSAGE][PASSED] - Object: 'Object Repository/Final Object Repo/New Registration - Registration Module Pages/Form 2/button for search for IC' is clicked on

2018-12-11 13:31:59 - [TEST_STEP][PASSED] - delay: Delayed 2 second(s)

2018-12-11 13:32:01 - [MESSAGE][PASSED] - Delayed 2 second(s)

2018-12-11 13:32:01 - [TEST_STEP][PASSED] - setText: Text 'Automate001 eligible 1' is set on object 'Object Repository/Final Object Repo/New Registration - Registration Module Pages/Form 2/Employee Name Input'

2018-12-11 13:32:01 - [MESSAGE][PASSED] - Text 'Automate001 eligible 1' is set on object 'Object Repository/Final Object Repo/New Registration - Registration Module Pages/Form 2/Employee Name Input'

2018-12-11 13:32:01 - [TEST_STEP][PASSED] - delay: Delayed 2 second(s)

2018-12-11 13:32:03 - [MESSAGE][PASSED] - Delayed 2 second(s)

2018-12-11 13:32:03 - [TEST_STEP][PASSED] - click: Object: 'Object Repository/Final Object Repo/New Registration - Registration Module Pages/Form 2/DatePicker Pop Up' is clicked on

2018-12-11 13:32:03 - [MESSAGE][PASSED] - Object: 'Object Repository/Final Object Repo/New Registration - Registration Module Pages/Form 2/DatePicker Pop Up' is clicked on

2018-12-11 13:32:03 - [TEST_STEP][PASSED] - click: Object: 'Object Repository/Final Object Repo/New Registration - Registration Module Pages/Form 2/DOB Month' is clicked on

2018-12-11 13:32:04 - [MESSAGE][PASSED] - Object: 'Object Repository/Final Object Repo/New Registration - Registration Module Pages/Form 2/DOB Month' is clicked on

2018-12-11 13:32:04 - [TEST_STEP][PASSED] - Statement - CurrentMonth = CurrentMonth: null

2018-12-11 13:32:04 - [TEST_STEP][PASSED] - Statement - selectMonth = new com.kms.katalon.core.testobject.TestObject(): null

2018-12-11 13:32:04 - [TEST_STEP][PASSED] - Statement - selectMonth.addProperty("xpath", EQUALS, "//body/div/div/div/select/option[@value='" + CurrentMonth + "']", true): null

2018-12-11 13:32:04 - [TEST_STEP][PASSED] - click: Object: '' is clicked on

2018-12-11 13:32:04 - [MESSAGE][PASSED] - Object: '' is clicked on

2018-12-11 13:32:04 - [TEST_STEP][PASSED] - click: Object: 'Object Repository/Final Object Repo/New Registration - Registration Module Pages/Form 2/DOB Year' is clicked on

2018-12-11 13:32:04 - [MESSAGE][PASSED] - Object: 'Object Repository/Final Object Repo/New Registration - Registration Module Pages/Form 2/DOB Year' is clicked on

2018-12-11 13:32:04 - [TEST_STEP][PASSED] - Statement - Eyearsbf = EighteenYrsBefore: null

2018-12-11 13:32:04 - [TEST_STEP][PASSED] - Statement - selectYear = new com.kms.katalon.core.testobject.TestObject(): null

2018-12-11 13:32:04 - [TEST_STEP][PASSED] - Statement - selectYear.addProperty("xpath", EQUALS, "//div/div/div/select/option[@value='" + Eyearsbf + "']", true): null

2018-12-11 13:32:04 - [TEST_STEP][PASSED] - click: Object: '' is clicked on

2018-12-11 13:32:04 - [MESSAGE][PASSED] - Object: '' is clicked on

2018-12-11 13:32:04 - [TEST_STEP][PASSED] - Statement - UpdatedSelectDate = com.kms.katalon.core.webui.keyword.WebUiBuiltInKeywords.modifyObjectProperty(com.kms.katalon.core.testobject.ObjectRepository.findTestObject(Final Object Repo/New Registration - Registration Module Pages/Form 2/DOB Date), "xpath", "equals", "//body/div/table/tbody/tr/td/a[text()="" + CurrentDate + ""]", true): Modify property of object successfully

2018-12-11 13:32:04 - [MESSAGE][PASSED] - Modify property of object successfully

2018-12-11 13:32:04 - [TEST_STEP][PASSED] - delay: Delayed 3 second(s)

2018-12-11 13:32:07 - [MESSAGE][PASSED] - Delayed 3 second(s)

2018-12-11 13:32:07 - [TEST_STEP][PASSED] - click: Object: 'Object Repository/Final Object Repo/New Registration - Registration Module Pages/Form 2/DOB Date' is clicked on

2018-12-11 13:32:07 - [MESSAGE][PASSED] - Object: 'Object Repository/Final Object Repo/New Registration - Registration Module Pages/Form 2/DOB Date' is clicked on

2018-12-11 13:32:07 - [TEST_STEP][PASSED] - delay: Delayed 2 second(s)

2018-12-11 13:32:09 - [MESSAGE][PASSED] - Delayed 2 second(s)

2018-12-11 13:32:09 - [TEST_STEP][PASSED] - click: Object: 'Object Repository/Final Object Repo/New Registration - Registration Module Pages/Form 2/EmploymentStartDate Pop Up' is clicked on

2018-12-11 13:32:09 - [MESSAGE][PASSED] - Object: 'Object Repository/Final Object Repo/New Registration - Registration Module Pages/Form 2/EmploymentStartDate Pop Up' is clicked on

2018-12-11 13:32:09 - [TEST_STEP][PASSED] - delay: Delayed 2 second(s)

2018-12-11 13:32:11 - [MESSAGE][PASSED] - Delayed 2 second(s)

2018-12-11 13:32:11 - [TEST_STEP][PASSED] - click: Object: 'Object Repository/Final Object Repo/New Registration - Registration Module Pages/Form 2/Socso Employment StartDate Month' is clicked on

2018-12-11 13:32:12 - [MESSAGE][PASSED] - Object: 'Object Repository/Final Object Repo/New Registration - Registration Module Pages/Form 2/Socso Employment StartDate Month' is clicked on

2018-12-11 13:32:12 - [TEST_STEP][PASSED] - delay: Delayed 1 second(s)

2018-12-11 13:32:13 - [MESSAGE][PASSED] - Delayed 1 second(s)

2018-12-11 13:32:13 - [TEST_STEP][PASSED] - click: Object: 'Object Repository/Final Object Repo/New Registration - Registration Module Pages/Form 2/Select Socso Employement Startdate Month' is clicked on

2018-12-11 13:32:13 - [MESSAGE][PASSED] - Object: 'Object Repository/Final Object Repo/New Registration - Registration Module Pages/Form 2/Select Socso Employement Startdate Month' is clicked on

2018-12-11 13:32:13 - [TEST_STEP][PASSED] - delay: Delayed 2 second(s)

2018-12-11 13:32:15 - [MESSAGE][PASSED] - Delayed 2 second(s)

2018-12-11 13:32:15 - [TEST_STEP][PASSED] - click: Object: 'Object Repository/Final Object Repo/New Registration - Registration Module Pages/Form 2/Socso Employment StartDate Year' is clicked on

2018-12-11 13:32:15 - [MESSAGE][PASSED] - Object: 'Object Repository/Final Object Repo/New Registration - Registration Module Pages/Form 2/Socso Employment StartDate Year' is clicked on

2018-12-11 13:32:15 - [TEST_STEP][PASSED] - delay: Delayed 1 second(s)

2018-12-11 13:32:16 - [MESSAGE][PASSED] - Delayed 1 second(s)

2018-12-11 13:32:16 - [TEST_STEP][PASSED] - click: Object: 'Object Repository/Final Object Repo/New Registration - Registration Module Pages/Form 2/Select Socso Employment Startdate Year' is clicked on

2018-12-11 13:32:16 - [MESSAGE][PASSED] - Object: 'Object Repository/Final Object Repo/New Registration - Registration Module Pages/Form 2/Select Socso Employment Startdate Year' is clicked on

2018-12-11 13:32:16 - [TEST_STEP][PASSED] - delay: Delayed 2 second(s)

2018-12-11 13:32:18 - [MESSAGE][PASSED] - Delayed 2 second(s)

2018-12-11 13:32:18 - [TEST_STEP][PASSED] - click: Object: 'Object Repository/Final Object Repo/New Registration - Registration Module Pages/Form 2/Socso Employment Start Date Day' is clicked on

2018-12-11 13:32:18 - [MESSAGE][PASSED] - Object: 'Object Repository/Final Object Repo/New Registration - Registration Module Pages/Form 2/Socso Employment Start Date Day' is clicked on

2018-12-11 13:32:18 - [TEST_STEP][PASSED] - delay: Delayed 2 second(s)

2018-12-11 13:32:20 - [MESSAGE][PASSED] - Delayed 2 second(s)

2018-12-11 13:32:20 - [TEST_STEP][PASSED] - click: Object: 'Object Repository/Final Object Repo/New Registration - Registration Module Pages/Form 2/Save Button for Add Employee' is clicked on

2018-12-11 13:32:20 - [MESSAGE][PASSED] - Object: 'Object Repository/Final Object Repo/New Registration - Registration Module Pages/Form 2/Save Button for Add Employee' is clicked on

2018-12-11 13:32:20 - [TEST_STEP][PASSED] - delay: Delayed 6 second(s)

2018-12-11 13:32:26 - [MESSAGE][PASSED] - Delayed 6 second(s)

2018-12-11 13:32:26 - [TEST_STEP][PASSED] - click: Object: 'Object Repository/Final Object Repo/New Registration - Registration Module Pages/Form 2/Save and Continue Form 2' is clicked on

2018-12-11 13:32:27 - [MESSAGE][PASSED] - Object: 'Object Repository/Final Object Repo/New Registration - Registration Module Pages/Form 2/Save and Continue Form 2' is clicked on

2018-12-11 13:32:27 - [MESSAGE][PASSED] - Call Test Case 'Test Cases/Final Aug 2018 - PKS Automation/Registration Module/New Registration/Form 2/Add 1 Eligible' successfully

2018-12-11 13:32:27 - [TEST_STEP][PASSED] - callTestCase: Call Test Case 'Test Cases/Final Aug 2018 - PKS Automation/Registration Module/New Registration/Flow of New Registration/Third Screen - Upload Supporting Doc - Preview' successfully

2018-12-11 13:32:27 - [TEST_CASE][PASSED] - Test Cases/Final Aug 2018 - PKS Automation/Registration Module/New Registration/Flow of New Registration/Third Screen - Upload Supporting Doc - Preview: Test Cases/Final Aug 2018 - PKS Automation/Registration Module/New Registration/Flow of New Registration/Third Screen - Upload Supporting Doc - Preview

2018-12-11 13:32:27 - [TEST_STEP][PASSED] - waitForPageLoad: Wait for page load successfully

2018-12-11 13:32:27 - [MESSAGE][PASSED] - Wait for page load successfully

2018-12-11 13:32:27 - [TEST_STEP][PASSED] - Statement - CaseReferenceNo = com.kms.katalon.core.webui.keyword.WebUiBuiltInKeywords.getText(com.kms.katalon.core.testobject.ObjectRepository.findTestObject(Final Object Repo/New Registration - Registration Module Pages/Third Screen - Upload Supporting Doc- Preview/RefNo Acquiring)): Text of object 'Object Repository/Final Object Repo/New Registration - Registration Module Pages/Third Screen - Upload Supporting Doc- Preview/RefNo Acquiring' is: 'CRN12201800123168'

2018-12-11 13:32:27 - [MESSAGE][PASSED] - Text of object 'Object Repository/Final Object Repo/New Registration - Registration Module Pages/Third Screen - Upload Supporting Doc- Preview/RefNo Acquiring' is: 'CRN12201800123168'

2018-12-11 13:32:27 - [TEST_STEP][PASSED] - delay: Delayed 2 second(s)

2018-12-11 13:32:29 - [MESSAGE][PASSED] - Delayed 2 second(s)

2018-12-11 13:32:29 - [TEST_STEP][PASSED] - callTestCase: Call Test Case 'Test Cases/Final Aug 2018 - PKS Automation/Common/Reference Number Setter' successfully

2018-12-11 13:32:29 - [TEST_CASE][PASSED] - Test Cases/Final Aug 2018 - PKS Automation/Common/Reference Number Setter: Test Cases/Final Aug 2018 - PKS Automation/Common/Reference Number Setter

2018-12-11 13:32:29 - [TEST_STEP][PASSED] - Statement - RefNoOldFile = new java.io.File(C://Users//Admin//Desktop//PKS//Automation Reference Point//KatalonReference.txt): null

2018-12-11 13:32:29 - [TEST_STEP][PASSED] - Statement - RefNoOldFile.delete(): null

2018-12-11 13:32:29 - [TEST_STEP][PASSED] - delay: Delayed 5 second(s)

2018-12-11 13:32:34 - [MESSAGE][PASSED] - Delayed 5 second(s)

2018-12-11 13:32:34 - [TEST_STEP][PASSED] - Statement - RefNo = new java.io.File(C://Users//Admin//Desktop//PKS//Automation Reference Point//KatalonReference.txt): null

2018-12-11 13:32:34 - [TEST_STEP][PASSED] - Statement - f2 = new java.io.FileWriter(RefNo, false): null

2018-12-11 13:32:34 - [TEST_STEP][PASSED] - Statement - f2.write(CaseReferenceNo): null

2018-12-11 13:32:34 - [TEST_STEP][PASSED] - Statement - f2.close(): null

2018-12-11 13:32:34 - [TEST_STEP][PASSED] - Statement - out.println("


" + CaseReferenceNo + "


"): null

2018-12-11 13:32:34 - [MESSAGE][PASSED] - Call Test Case 'Test Cases/Final Aug 2018 - PKS Automation/Common/Reference Number Setter' successfully

2018-12-11 13:32:34 - [TEST_STEP][PASSED] - waitForElementClickable: Object 'Object Repository/Final Object Repo/New Registration - Registration Module Pages/Third Screen - Upload Supporting Doc- Preview/Save n Continue in SIP Employee Listing Page' is clickable

2018-12-11 13:32:35 - [MESSAGE][PASSED] - Object 'Object Repository/Final Object Repo/New Registration - Registration Module Pages/Third Screen - Upload Supporting Doc- Preview/Save n Continue in SIP Employee Listing Page' is clickable

2018-12-11 13:32:35 - [TEST_STEP][PASSED] - click: Object: 'Object Repository/Final Object Repo/New Registration - Registration Module Pages/Third Screen - Upload Supporting Doc- Preview/Save n Continue in SIP Employee Listing Page' is clicked on

2018-12-11 13:32:40 - [MESSAGE][PASSED] - Object: 'Object Repository/Final Object Repo/New Registration - Registration Module Pages/Third Screen - Upload Supporting Doc- Preview/Save n Continue in SIP Employee Listing Page' is clicked on

2018-12-11 13:32:40 - [TEST_STEP][PASSED] - delay: Delayed 7 second(s)

2018-12-11 13:32:47 - [MESSAGE][PASSED] - Delayed 7 second(s)

2018-12-11 13:32:47 - [TEST_STEP][PASSED] - click: Object: 'Object Repository/Final Object Repo/New Registration - Registration Module Pages/Third Screen - Upload Supporting Doc- Preview/Add Document Button' is clicked on

2018-12-11 13:32:47 - [MESSAGE][PASSED] - Object: 'Object Repository/Final Object Repo/New Registration - Registration Module Pages/Third Screen - Upload Supporting Doc- Preview/Add Document Button' is clicked on

2018-12-11 13:32:47 - [TEST_STEP][PASSED] - delay: Delayed 30 second(s)

2018-12-11 13:33:17 - [MESSAGE][PASSED] - Delayed 30 second(s)

2018-12-11 13:33:17 - [TEST_STEP][PASSED] - click: Object: 'Object Repository/Final Object Repo/New Registration - Registration Module Pages/Third Screen - Upload Supporting Doc- Preview/Supporting Doc Please Select Drop Down' is clicked on

2018-12-11 13:33:17 - [MESSAGE][PASSED] - Object: 'Object Repository/Final Object Repo/New Registration - Registration Module Pages/Third Screen - Upload Supporting Doc- Preview/Supporting Doc Please Select Drop Down' is clicked on

2018-12-11 13:33:17 - [TEST_STEP][PASSED] - delay: Delayed 2 second(s)

2018-12-11 13:33:19 - [MESSAGE][PASSED] - Delayed 2 second(s)

2018-12-11 13:33:19 - [TEST_STEP][PASSED] - click: Object: 'Object Repository/Final Object Repo/New Registration - Registration Module Pages/Third Screen - Upload Supporting Doc- Preview/Select to Upload Form 1' is clicked on

2018-12-11 13:33:19 - [MESSAGE][PASSED] - Object: 'Object Repository/Final Object Repo/New Registration - Registration Module Pages/Third Screen - Upload Supporting Doc- Preview/Select to Upload Form 1' is clicked on

2018-12-11 13:33:19 - [TEST_STEP][PASSED] - delay: Delayed 2 second(s)

2018-12-11 13:33:21 - [MESSAGE][PASSED] - Delayed 2 second(s)

2018-12-11 13:33:21 - [TEST_STEP][PASSED] - uploadFile: File 'C:\Users\Public\Pictures\Sample Pictures\Koala.jpg' sent to object: 'Object Repository/Final Object Repo/New Registration - Registration Module Pages/Third Screen - Upload Supporting Doc- Preview/Upload File Adding'

2018-12-11 13:33:22 - [MESSAGE][PASSED] - File 'C:\Users\Public\Pictures\Sample Pictures\Koala.jpg' sent to object: 'Object Repository/Final Object Repo/New Registration - Registration Module Pages/Third Screen - Upload Supporting Doc- Preview/Upload File Adding'

2018-12-11 13:33:22 - [TEST_STEP][PASSED] - delay: Delayed 5 second(s)

2018-12-11 13:33:27 - [MESSAGE][PASSED] - Delayed 5 second(s)

2018-12-11 13:33:27 - [TEST_STEP][PASSED] - click: Object: 'Object Repository/Final Object Repo/New Registration - Registration Module Pages/Third Screen - Upload Supporting Doc- Preview/Inner Form Add Document Button' is clicked on

2018-12-11 13:33:27 - [MESSAGE][PASSED] - Object: 'Object Repository/Final Object Repo/New Registration - Registration Module Pages/Third Screen - Upload Supporting Doc- Preview/Inner Form Add Document Button' is clicked on

2018-12-11 13:33:27 - [TEST_STEP][PASSED] - delay: Delayed 3 second(s)

2018-12-11 13:33:30 - [MESSAGE][PASSED] - Delayed 3 second(s)

2018-12-11 13:33:30 - [TEST_STEP][PASSED] - click: Object: 'Object Repository/Final Object Repo/New Registration - Registration Module Pages/Third Screen - Upload Supporting Doc- Preview/Add Document Button' is clicked on

2018-12-11 13:33:31 - [MESSAGE][PASSED] - Object: 'Object Repository/Final Object Repo/New Registration - Registration Module Pages/Third Screen - Upload Supporting Doc- Preview/Add Document Button' is clicked on

2018-12-11 13:33:31 - [TEST_STEP][PASSED] - delay: Delayed 30 second(s)

2018-12-11 13:34:01 - [MESSAGE][PASSED] - Delayed 30 second(s)

2018-12-11 13:34:01 - [TEST_STEP][PASSED] - click: Object: 'Object Repository/Final Object Repo/New Registration - Registration Module Pages/Third Screen - Upload Supporting Doc- Preview/Supporting Doc Please Select Drop Down' is clicked on

2018-12-11 13:34:01 - [MESSAGE][PASSED] - Object: 'Object Repository/Final Object Repo/New Registration - Registration Module Pages/Third Screen - Upload Supporting Doc- Preview/Supporting Doc Please Select Drop Down' is clicked on

2018-12-11 13:34:01 - [TEST_STEP][PASSED] - delay: Delayed 4 second(s)

2018-12-11 13:34:05 - [MESSAGE][PASSED] - Delayed 4 second(s)

2018-12-11 13:34:05 - [TEST_STEP][PASSED] - click: Object: 'Object Repository/Final Object Repo/New Registration - Registration Module Pages/Third Screen - Upload Supporting Doc- Preview/Select to Upload Form 2' is clicked on

2018-12-11 13:34:05 - [MESSAGE][PASSED] - Object: 'Object Repository/Final Object Repo/New Registration - Registration Module Pages/Third Screen - Upload Supporting Doc- Preview/Select to Upload Form 2' is clicked on

2018-12-11 13:34:05 - [TEST_STEP][PASSED] - delay: Delayed 2 second(s)

2018-12-11 13:34:07 - [MESSAGE][PASSED] - Delayed 2 second(s)

2018-12-11 13:34:07 - [TEST_STEP][PASSED] - uploadFile: File 'C:\Users\Public\Pictures\Sample Pictures\Koala.jpg' sent to object: 'Object Repository/Final Object Repo/New Registration - Registration Module Pages/Third Screen - Upload Supporting Doc- Preview/Upload File Adding'

2018-12-11 13:34:07 - [MESSAGE][PASSED] - File 'C:\Users\Public\Pictures\Sample Pictures\Koala.jpg' sent to object: 'Object Repository/Final Object Repo/New Registration - Registration Module Pages/Third Screen - Upload Supporting Doc- Preview/Upload File Adding'

2018-12-11 13:34:07 - [TEST_STEP][PASSED] - click: Object: 'Object Repository/Final Object Repo/New Registration - Registration Module Pages/Third Screen - Upload Supporting Doc- Preview/Inner Form Add Document Button' is clicked on

2018-12-11 13:34:08 - [MESSAGE][PASSED] - Object: 'Object Repository/Final Object Repo/New Registration - Registration Module Pages/Third Screen - Upload Supporting Doc- Preview/Inner Form Add Document Button' is clicked on

2018-12-11 13:34:08 - [TEST_STEP][PASSED] - delay: Delayed 5 second(s)

2018-12-11 13:34:13 - [MESSAGE][PASSED] - Delayed 5 second(s)

2018-12-11 13:34:13 - [TEST_STEP][PASSED] - click: Object: 'Object Repository/Final Object Repo/New Registration - Registration Module Pages/Third Screen - Upload Supporting Doc- Preview/Add Document Button' is clicked on

2018-12-11 13:34:13 - [MESSAGE][PASSED] - Object: 'Object Repository/Final Object Repo/New Registration - Registration Module Pages/Third Screen - Upload Supporting Doc- Preview/Add Document Button' is clicked on

2018-12-11 13:34:13 - [TEST_STEP][PASSED] - delay: Delayed 30 second(s)

2018-12-11 13:34:43 - [MESSAGE][PASSED] - Delayed 30 second(s)

2018-12-11 13:34:43 - [TEST_STEP][PASSED] - click: Object: 'Object Repository/Final Object Repo/New Registration - Registration Module Pages/Third Screen - Upload Supporting Doc- Preview/Supporting Doc Please Select Drop Down' is clicked on

2018-12-11 13:34:43 - [MESSAGE][PASSED] - Object: 'Object Repository/Final Object Repo/New Registration - Registration Module Pages/Third Screen - Upload Supporting Doc- Preview/Supporting Doc Please Select Drop Down' is clicked on

2018-12-11 13:34:43 - [TEST_STEP][PASSED] - click: Object: 'Object Repository/Final Object Repo/New Registration - Registration Module Pages/Third Screen - Upload Supporting Doc- Preview/Select to Upload Borang SIP 1' is clicked on

2018-12-11 13:34:43 - [MESSAGE][PASSED] - Object: 'Object Repository/Final Object Repo/New Registration - Registration Module Pages/Third Screen - Upload Supporting Doc- Preview/Select to Upload Borang SIP 1' is clicked on

2018-12-11 13:34:43 - [TEST_STEP][PASSED] - delay: Delayed 2 second(s)

2018-12-11 13:34:45 - [MESSAGE][PASSED] - Delayed 2 second(s)

2018-12-11 13:34:45 - [TEST_STEP][PASSED] - uploadFile: File 'C:\Users\Public\Pictures\Sample Pictures\Koala.jpg' sent to object: 'Object Repository/Final Object Repo/New Registration - Registration Module Pages/Third Screen - Upload Supporting Doc- Preview/Upload File Adding'

2018-12-11 13:34:45 - [MESSAGE][PASSED] - File 'C:\Users\Public\Pictures\Sample Pictures\Koala.jpg' sent to object: 'Object Repository/Final Object Repo/New Registration - Registration Module Pages/Third Screen - Upload Supporting Doc- Preview/Upload File Adding'

2018-12-11 13:34:45 - [TEST_STEP][PASSED] - click: Object: 'Object Repository/Final Object Repo/New Registration - Registration Module Pages/Third Screen - Upload Supporting Doc- Preview/Inner Form Add Document Button' is clicked on

2018-12-11 13:34:46 - [MESSAGE][PASSED] - Object: 'Object Repository/Final Object Repo/New Registration - Registration Module Pages/Third Screen - Upload Supporting Doc- Preview/Inner Form Add Document Button' is clicked on

2018-12-11 13:34:46 - [TEST_STEP][PASSED] - delay: Delayed 5 second(s)

2018-12-11 13:34:51 - [MESSAGE][PASSED] - Delayed 5 second(s)

2018-12-11 13:34:51 - [TEST_STEP][PASSED] - click: Object: 'Object Repository/Final Object Repo/New Registration - Registration Module Pages/Third Screen - Upload Supporting Doc- Preview/Add Document Button' is clicked on

2018-12-11 13:34:51 - [MESSAGE][PASSED] - Object: 'Object Repository/Final Object Repo/New Registration - Registration Module Pages/Third Screen - Upload Supporting Doc- Preview/Add Document Button' is clicked on

2018-12-11 13:34:51 - [TEST_STEP][PASSED] - delay: Delayed 30 second(s)

2018-12-11 13:35:21 - [MESSAGE][PASSED] - Delayed 30 second(s)

2018-12-11 13:35:21 - [TEST_STEP][PASSED] - click: Object: 'Object Repository/Final Object Repo/New Registration - Registration Module Pages/Third Screen - Upload Supporting Doc- Preview/Supporting Doc Please Select Drop Down' is clicked on

2018-12-11 13:35:21 - [MESSAGE][PASSED] - Object: 'Object Repository/Final Object Repo/New Registration - Registration Module Pages/Third Screen - Upload Supporting Doc- Preview/Supporting Doc Please Select Drop Down' is clicked on

2018-12-11 13:35:21 - [TEST_STEP][PASSED] - delay: Delayed 3 second(s)

2018-12-11 13:35:24 - [MESSAGE][PASSED] - Delayed 3 second(s)

2018-12-11 13:35:24 - [TEST_STEP][PASSED] - click: Object: 'Object Repository/Final Object Repo/New Registration - Registration Module Pages/Third Screen - Upload Supporting Doc- Preview/Select to Upload Borang SIP 2' is clicked on

2018-12-11 13:35:24 - [MESSAGE][PASSED] - Object: 'Object Repository/Final Object Repo/New Registration - Registration Module Pages/Third Screen - Upload Supporting Doc- Preview/Select to Upload Borang SIP 2' is clicked on

2018-12-11 13:35:24 - [TEST_STEP][PASSED] - delay: Delayed 2 second(s)

2018-12-11 13:35:26 - [MESSAGE][PASSED] - Delayed 2 second(s)

2018-12-11 13:35:26 - [TEST_STEP][PASSED] - uploadFile: File 'C:\Users\Public\Pictures\Sample Pictures\Koala.jpg' sent to object: 'Object Repository/Final Object Repo/New Registration - Registration Module Pages/Third Screen - Upload Supporting Doc- Preview/Upload File Adding'

2018-12-11 13:35:26 - [MESSAGE][PASSED] - File 'C:\Users\Public\Pictures\Sample Pictures\Koala.jpg' sent to object: 'Object Repository/Final Object Repo/New Registration - Registration Module Pages/Third Screen - Upload Supporting Doc- Preview/Upload File Adding'

2018-12-11 13:35:26 - [TEST_STEP][PASSED] - delay: Delayed 5 second(s)

2018-12-11 13:35:31 - [MESSAGE][PASSED] - Delayed 5 second(s)

2018-12-11 13:35:31 - [TEST_STEP][PASSED] - click: Object: 'Object Repository/Final Object Repo/New Registration - Registration Module Pages/Third Screen - Upload Supporting Doc- Preview/Inner Form Add Document Button' is clicked on

2018-12-11 13:35:31 - [MESSAGE][PASSED] - Object: 'Object Repository/Final Object Repo/New Registration - Registration Module Pages/Third Screen - Upload Supporting Doc- Preview/Inner Form Add Document Button' is clicked on

2018-12-11 13:35:31 - [TEST_STEP][PASSED] - delay: Delayed 3 second(s)

2018-12-11 13:35:34 - [MESSAGE][PASSED] - Delayed 3 second(s)

2018-12-11 13:35:34 - [TEST_STEP][PASSED] - waitForElementClickable: Object 'Object Repository/Final Object Repo/New Registration - Registration Module Pages/Third Screen - Upload Supporting Doc- Preview/Save n Continue in Uploading Supporting Doc Page' is clickable

2018-12-11 13:35:35 - [MESSAGE][PASSED] - Object 'Object Repository/Final Object Repo/New Registration - Registration Module Pages/Third Screen - Upload Supporting Doc- Preview/Save n Continue in Uploading Supporting Doc Page' is clickable

2018-12-11 13:35:35 - [TEST_STEP][PASSED] - click: Object: 'Object Repository/Final Object Repo/New Registration - Registration Module Pages/Third Screen - Upload Supporting Doc- Preview/Save n Continue in Uploading Supporting Doc Page' is clicked on

2018-12-11 13:35:35 - [MESSAGE][PASSED] - Object: 'Object Repository/Final Object Repo/New Registration - Registration Module Pages/Third Screen - Upload Supporting Doc- Preview/Save n Continue in Uploading Supporting Doc Page' is clicked on

2018-12-11 13:35:35 - [MESSAGE][PASSED] - Call Test Case 'Test Cases/Final Aug 2018 - PKS Automation/Registration Module/New Registration/Flow of New Registration/Third Screen - Upload Supporting Doc - Preview' successfully

2018-12-11 13:35:35 - [TEST_STEP][PASSED] - callTestCase: Call Test Case 'Test Cases/Final Aug 2018 - PKS Automation/Registration Module/New Registration/Submit and Screenshot/Submit Registration and Screenshot' successfully

2018-12-11 13:35:35 - [TEST_CASE][PASSED] - Test Cases/Final Aug 2018 - PKS Automation/Registration Module/New Registration/Submit and Screenshot/Submit Registration and Screenshot: Test Cases/Final Aug 2018 - PKS Automation/Registration Module/New Registration/Submit and Screenshot/Submit Registration and Screenshot

2018-12-11 13:35:35 - [TEST_STEP][PASSED] - delay: Delayed 6 second(s)

2018-12-11 13:35:41 - [MESSAGE][PASSED] - Delayed 6 second(s)

2018-12-11 13:35:41 - [TEST_STEP][PASSED] - click: Object: 'Object Repository/Final Object Repo/New Registration - Registration Module Pages/Third Screen - Upload Supporting Doc- Preview/Preview Submit Button' is clicked on

2018-12-11 13:35:42 - [MESSAGE][PASSED] - Object: 'Object Repository/Final Object Repo/New Registration - Registration Module Pages/Third Screen - Upload Supporting Doc- Preview/Preview Submit Button' is clicked on

2018-12-11 13:35:42 - [TEST_STEP][PASSED] - delay: Delayed 2 second(s)

2018-12-11 13:35:44 - [MESSAGE][PASSED] - Delayed 2 second(s)

2018-12-11 13:35:44 - [TEST_STEP][PASSED] - click: Object: 'Object Repository/Final Object Repo/New Registration - Registration Module Pages/Third Screen - Upload Supporting Doc- Preview/Preview Submit - Confirm' is clicked on

2018-12-11 13:35:44 - [MESSAGE][PASSED] - Object: 'Object Repository/Final Object Repo/New Registration - Registration Module Pages/Third Screen - Upload Supporting Doc- Preview/Preview Submit - Confirm' is clicked on

2018-12-11 13:35:44 - [TEST_STEP][PASSED] - delay: Delayed 15 second(s)

2018-12-11 13:35:59 - [MESSAGE][PASSED] - Delayed 15 second(s)

2018-12-11 13:35:59 - [TEST_STEP][PASSED] - Statement - driver = com.kms.katalon.core.webui.driver.DriverFactory.getWebDriver(): null

2018-12-11 13:35:59 - [TEST_STEP][PASSED] - Statement - driver.manage().timeouts().implicitlyWait(10, SECONDS): null

2018-12-11 13:35:59 - [TEST_STEP][PASSED] - Statement - PresavePath = KatalonScreenshots: null

2018-12-11 13:35:59 - [TEST_STEP][PASSED] - Statement - pathPrefix = "C:\Users\Public\Pictures\Sample Pictures\Katalon Screenshots\Automate Ending Screen": null

2018-12-11 13:35:59 - [TEST_STEP][PASSED] - Statement - finalPath = <not implemented yet for class: org.codehaus.groovy.ast.expr.EmptyExpression>: null

2018-12-11 13:35:59 - [TEST_STEP][PASSED] - Statement - scrFile = driver.getScreenshotAs(FILE): null

2018-12-11 13:35:59 - [TEST_STEP][PASSED] - Statement - PreSaveFile = new java.io.File(PresavePath): null

2018-12-11 13:35:59 - [TEST_STEP][PASSED] - Statement - counter = 0: null

2018-12-11 13:35:59 - [TEST_STEP][PASSED] - Statement - If (PreSaveFile.exists()): null

2018-12-11 13:35:59 - [TEST_STEP][PASSED] - Statement - While (PreSaveFile.exists()): null

2018-12-11 13:35:59 - [TEST_STEP][PASSED] - Statement - counter = counter + 1: null

2018-12-11 13:35:59 - [TEST_STEP][PASSED] - Statement - PreSaveFile = new java.io.File(((pathPrefix + java.lang.Integer.toString(counter)) + .png)): null

2018-12-11 13:35:59 - [TEST_STEP][PASSED] - Statement - counter = counter + 1: null

2018-12-11 13:35:59 - [TEST_STEP][PASSED] - Statement - PreSaveFile = new java.io.File(((pathPrefix + java.lang.Integer.toString(counter)) + .png)): null

2018-12-11 13:35:59 - [TEST_STEP][PASSED] - Statement - counter = counter + 1: null

2018-12-11 13:35:59 - [TEST_STEP][PASSED] - Statement - PreSaveFile = new java.io.File(((pathPrefix + java.lang.Integer.toString(counter)) + .png)): null

2018-12-11 13:35:59 - [TEST_STEP][PASSED] - Statement - counter = counter + 1: null

2018-12-11 13:35:59 - [TEST_STEP][PASSED] - Statement - PreSaveFile = new java.io.File(((pathPrefix + java.lang.Integer.toString(counter)) + .png)): null

2018-12-11 13:35:59 - [TEST_STEP][PASSED] - Statement - counter = counter + 1: null

2018-12-11 13:35:59 - [TEST_STEP][PASSED] - Statement - PreSaveFile = new java.io.File(((pathPrefix + java.lang.Integer.toString(counter)) + .png)): null

2018-12-11 13:35:59 - [TEST_STEP][PASSED] - Statement - counter = counter + 1: null

2018-12-11 13:35:59 - [TEST_STEP][PASSED] - Statement - PreSaveFile = new java.io.File(((pathPrefix + java.lang.Integer.toString(counter)) + .png)): null

2018-12-11 13:35:59 - [TEST_STEP][PASSED] - Statement - counter = counter + 1: null

2018-12-11 13:35:59 - [TEST_STEP][PASSED] - Statement - PreSaveFile = new java.io.File(((pathPrefix + java.lang.Integer.toString(counter)) + .png)): null

2018-12-11 13:35:59 - [TEST_STEP][PASSED] - Statement - counter = counter + 1: null

2018-12-11 13:35:59 - [TEST_STEP][PASSED] - Statement - PreSaveFile = new java.io.File(((pathPrefix + java.lang.Integer.toString(counter)) + .png)): null

2018-12-11 13:35:59 - [TEST_STEP][PASSED] - Statement - counter = counter + 1: null

2018-12-11 13:35:59 - [TEST_STEP][PASSED] - Statement - PreSaveFile = new java.io.File(((pathPrefix + java.lang.Integer.toString(counter)) + .png)): null

2018-12-11 13:35:59 - [TEST_STEP][PASSED] - Statement - counter = counter + 1: null

2018-12-11 13:35:59 - [TEST_STEP][PASSED] - Statement - PreSaveFile = new java.io.File(((pathPrefix + java.lang.Integer.toString(counter)) + .png)): null

2018-12-11 13:35:59 - [TEST_STEP][PASSED] - Statement - counter = counter + 1: null

2018-12-11 13:35:59 - [TEST_STEP][PASSED] - Statement - PreSaveFile = new java.io.File(((pathPrefix + java.lang.Integer.toString(counter)) + .png)): null

2018-12-11 13:35:59 - [TEST_STEP][PASSED] - Statement - counter = counter + 1: null

2018-12-11 13:35:59 - [TEST_STEP][PASSED] - Statement - PreSaveFile = new java.io.File(((pathPrefix + java.lang.Integer.toString(counter)) + .png)): null

2018-12-11 13:35:59 - [TEST_STEP][PASSED] - Statement - counter = counter + 1: null

2018-12-11 13:35:59 - [TEST_STEP][PASSED] - Statement - PreSaveFile = new java.io.File(((pathPrefix + java.lang.Integer.toString(counter)) + .png)): null

2018-12-11 13:35:59 - [TEST_STEP][PASSED] - Statement - counter = counter + 1: null

2018-12-11 13:35:59 - [TEST_STEP][PASSED] - Statement - PreSaveFile = new java.io.File(((pathPrefix + java.lang.Integer.toString(counter)) + .png)): null

2018-12-11 13:35:59 - [TEST_STEP][PASSED] - Statement - counter = counter + 1: null

2018-12-11 13:35:59 - [TEST_STEP][PASSED] - Statement - PreSaveFile = new java.io.File(((pathPrefix + java.lang.Integer.toString(counter)) + .png)): null

2018-12-11 13:35:59 - [TEST_STEP][PASSED] - Statement - counter = counter + 1: null

2018-12-11 13:35:59 - [TEST_STEP][PASSED] - Statement - PreSaveFile = new java.io.File(((pathPrefix + java.lang.Integer.toString(counter)) + .png)): null

2018-12-11 13:35:59 - [TEST_STEP][PASSED] - Statement - counter = counter + 1: null

2018-12-11 13:35:59 - [TEST_STEP][PASSED] - Statement - PreSaveFile = new java.io.File(((pathPrefix + java.lang.Integer.toString(counter)) + .png)): null

2018-12-11 13:35:59 - [TEST_STEP][PASSED] - Statement - counter = counter + 1: null

2018-12-11 13:35:59 - [TEST_STEP][PASSED] - Statement - PreSaveFile = new java.io.File(((pathPrefix + java.lang.Integer.toString(counter)) + .png)): null

2018-12-11 13:35:59 - [TEST_STEP][PASSED] - Statement - counter = counter + 1: null

2018-12-11 13:35:59 - [TEST_STEP][PASSED] - Statement - PreSaveFile = new java.io.File(((pathPrefix + java.lang.Integer.toString(counter)) + .png)): null

2018-12-11 13:35:59 - [TEST_STEP][PASSED] - Statement - counter = counter + 1: null

2018-12-11 13:35:59 - [TEST_STEP][PASSED] - Statement - PreSaveFile = new java.io.File(((pathPrefix + java.lang.Integer.toString(counter)) + .png)): null

2018-12-11 13:35:59 - [TEST_STEP][PASSED] - Statement - counter = counter + 1: null

2018-12-11 13:35:59 - [TEST_STEP][PASSED] - Statement - PreSaveFile = new java.io.File(((pathPrefix + java.lang.Integer.toString(counter)) + .png)): null

2018-12-11 13:35:59 - [TEST_STEP][PASSED] - Statement - counter = counter + 1: null

2018-12-11 13:35:59 - [TEST_STEP][PASSED] - Statement - PreSaveFile = new java.io.File(((pathPrefix + java.lang.Integer.toString(counter)) + .png)): null

2018-12-11 13:35:59 - [TEST_STEP][PASSED] - Statement - counter = counter + 1: null

2018-12-11 13:35:59 - [TEST_STEP][PASSED] - Statement - PreSaveFile = new java.io.File(((pathPrefix + java.lang.Integer.toString(counter)) + .png)): null

2018-12-11 13:35:59 - [TEST_STEP][PASSED] - Statement - counter = counter + 1: null

2018-12-11 13:35:59 - [TEST_STEP][PASSED] - Statement - PreSaveFile = new java.io.File(((pathPrefix + java.lang.Integer.toString(counter)) + .png)): null

2018-12-11 13:35:59 - [TEST_STEP][PASSED] - Statement - counter = counter + 1: null

2018-12-11 13:35:59 - [TEST_STEP][PASSED] - Statement - PreSaveFile = new java.io.File(((pathPrefix + java.lang.Integer.toString(counter)) + .png)): null

2018-12-11 13:35:59 - [TEST_STEP][PASSED] - Statement - counter = counter + 1: null

2018-12-11 13:35:59 - [TEST_STEP][PASSED] - Statement - PreSaveFile = new java.io.File(((pathPrefix + java.lang.Integer.toString(counter)) + .png)): null

2018-12-11 13:35:59 - [TEST_STEP][PASSED] - Statement - counter = counter + 1: null

2018-12-11 13:35:59 - [TEST_STEP][PASSED] - Statement - PreSaveFile = new java.io.File(((pathPrefix + java.lang.Integer.toString(counter)) + .png)): null

2018-12-11 13:35:59 - [TEST_STEP][PASSED] - Statement - counter = counter + 1: null

2018-12-11 13:35:59 - [TEST_STEP][PASSED] - Statement - PreSaveFile = new java.io.File(((pathPrefix + java.lang.Integer.toString(counter)) + .png)): null

2018-12-11 13:35:59 - [TEST_STEP][PASSED] - Statement - counter = counter + 1: null

2018-12-11 13:35:59 - [TEST_STEP][PASSED] - Statement - PreSaveFile = new java.io.File(((pathPrefix + java.lang.Integer.toString(counter)) + .png)): null

2018-12-11 13:35:59 - [TEST_STEP][PASSED] - Statement - counter = counter + 1: null

2018-12-11 13:35:59 - [TEST_STEP][PASSED] - Statement - PreSaveFile = new java.io.File(((pathPrefix + java.lang.Integer.toString(counter)) + .png)): null

2018-12-11 13:35:59 - [TEST_STEP][PASSED] - Statement - counter = counter + 1: null

2018-12-11 13:35:59 - [TEST_STEP][PASSED] - Statement - PreSaveFile = new java.io.File(((pathPrefix + java.lang.Integer.toString(counter)) + .png)): null

2018-12-11 13:35:59 - [TEST_STEP][PASSED] - Statement - counter = counter + 1: null

2018-12-11 13:35:59 - [TEST_STEP][PASSED] - Statement - PreSaveFile = new java.io.File(((pathPrefix + java.lang.Integer.toString(counter)) + .png)): null

2018-12-11 13:35:59 - [TEST_STEP][PASSED] - Statement - counter = counter + 1: null

2018-12-11 13:35:59 - [TEST_STEP][PASSED] - Statement - PreSaveFile = new java.io.File(((pathPrefix + java.lang.Integer.toString(counter)) + .png)): null

2018-12-11 13:35:59 - [TEST_STEP][PASSED] - Statement - counter = counter + 1: null

2018-12-11 13:35:59 - [TEST_STEP][PASSED] - Statement - PreSaveFile = new java.io.File(((pathPrefix + java.lang.Integer.toString(counter)) + .png)): null

2018-12-11 13:35:59 - [TEST_STEP][PASSED] - Statement - counter = counter + 1: null

2018-12-11 13:35:59 - [TEST_STEP][PASSED] - Statement - PreSaveFile = new java.io.File(((pathPrefix + java.lang.Integer.toString(counter)) + .png)): null

2018-12-11 13:35:59 - [TEST_STEP][PASSED] - Statement - counter = counter + 1: null

2018-12-11 13:35:59 - [TEST_STEP][PASSED] - Statement - PreSaveFile = new java.io.File(((pathPrefix + java.lang.Integer.toString(counter)) + .png)): null

2018-12-11 13:35:59 - [TEST_STEP][PASSED] - Statement - counter = counter + 1: null

2018-12-11 13:35:59 - [TEST_STEP][PASSED] - Statement - PreSaveFile = new java.io.File(((pathPrefix + java.lang.Integer.toString(counter)) + .png)): null

2018-12-11 13:35:59 - [TEST_STEP][PASSED] - Statement - counter = counter + 1: null

2018-12-11 13:35:59 - [TEST_STEP][PASSED] - Statement - PreSaveFile = new java.io.File(((pathPrefix + java.lang.Integer.toString(counter)) + .png)): null

2018-12-11 13:35:59 - [TEST_STEP][PASSED] - Statement - counter = counter + 1: null

2018-12-11 13:35:59 - [TEST_STEP][PASSED] - Statement - PreSaveFile = new java.io.File(((pathPrefix + java.lang.Integer.toString(counter)) + .png)): null

2018-12-11 13:35:59 - [TEST_STEP][PASSED] - Statement - finalPath = pathPrefix + java.lang.Integer.toString(counter) + ".png": null

2018-12-11 13:35:59 - [TEST_STEP][PASSED] - Statement - SaveFile = new java.io.File(finalPath): null

2018-12-11 13:35:59 - [TEST_STEP][PASSED] - Statement - Try: null

2018-12-11 13:35:59 - [TEST_STEP][PASSED] - Statement - org.apache.commons.io.FileUtils.copyFile(scrFile, SaveFile): null

2018-12-11 13:35:59 - [TEST_STEP][PASSED] - Statement - out.println("file kept"): null

2018-12-11 13:35:59 - [TEST_STEP][PASSED] - delay: Delayed 10 second(s)

2018-12-11 13:36:09 - [MESSAGE][PASSED] - Delayed 10 second(s)

2018-12-11 13:36:09 - [MESSAGE][PASSED] - Call Test Case 'Test Cases/Final Aug 2018 - PKS Automation/Registration Module/New Registration/Submit and Screenshot/Submit Registration and Screenshot' successfully

2018-12-11 13:36:09 - [TEST_STEP][PASSED] - callTestCase: Call Test Case 'Test Cases/Final Aug 2018 - PKS Automation/Registration Module/Log Out/log out avoiding katalon tagging' successfully

2018-12-11 13:36:09 - [TEST_CASE][PASSED] - Test Cases/Final Aug 2018 - PKS Automation/Registration Module/Log Out/log out avoiding katalon tagging: Test Cases/Final Aug 2018 - PKS Automation/Registration Module/Log Out/log out avoiding katalon tagging

2018-12-11 13:36:09 - [TEST_STEP][PASSED] - navigateToUrl: Navigate to 'https://assist2-uat.perkeso.gov.my/c/portal/logout' successfully

2018-12-11 13:36:10 - [MESSAGE][PASSED] - Navigate to 'https://assist2-uat.perkeso.gov.my/c/portal/logout' successfully

2018-12-11 13:36:10 - [MESSAGE][PASSED] - Call Test Case 'Test Cases/Final Aug 2018 - PKS Automation/Registration Module/Log Out/log out avoiding katalon tagging' successfully

2018-12-11 13:36:10 - [TEST_STEP][PASSED] - callTestCase: Call Test Case 'Test Cases/Final Aug 2018 - PKS Automation/Common/Workflow Owner Finder' successfully

2018-12-11 13:36:10 - [TEST_CASE][PASSED] - Test Cases/Final Aug 2018 - PKS Automation/Common/Workflow Owner Finder: Test Cases/Final Aug 2018 - PKS Automation/Common/Workflow Owner Finder

2018-12-11 13:36:10 - [TEST_STEP][PASSED] - openBrowser: Browser is opened with url: ''

2018-12-11 13:36:10 - [MESSAGE][WARNING] - A browser is already opened. Closing browser and opening a new one

2018-12-11 13:36:15 - [MESSAGE][PASSED] - Browser is opened with url: ''

2018-12-11 13:36:15 - [TEST_STEP][PASSED] - navigateToUrl: Navigate to 'https://assist2-uat.perkeso.gov.my/login' successfully

2018-12-11 13:36:16 - [MESSAGE][PASSED] - Navigate to 'https://assist2-uat.perkeso.gov.my/login' successfully

2018-12-11 13:36:16 - [TEST_STEP][PASSED] - delay: Delayed 5 second(s)

2018-12-11 13:36:21 - [MESSAGE][PASSED] - Delayed 5 second(s)

2018-12-11 13:36:21 - [TEST_STEP][PASSED] - setText: Text 'test@liferay.com' is set on object 'Object Repository/Final Object Repo/Login Page/Internal User/Email Address'

2018-12-11 13:36:21 - [MESSAGE][PASSED] - Text 'test@liferay.com' is set on object 'Object Repository/Final Object Repo/Login Page/Internal User/Email Address'

2018-12-11 13:36:21 - [TEST_STEP][PASSED] - click: Object: 'Object Repository/Final Object Repo/Login Page/Internal User/Next Button' is clicked on

2018-12-11 13:36:21 - [MESSAGE][PASSED] - Object: 'Object Repository/Final Object Repo/Login Page/Internal User/Next Button' is clicked on

2018-12-11 13:36:21 - [TEST_STEP][PASSED] - delay: Delayed 2 second(s)

2018-12-11 13:36:23 - [MESSAGE][PASSED] - Delayed 2 second(s)

2018-12-11 13:36:23 - [TEST_STEP][PASSED] - setText: Text 'test' is set on object 'Object Repository/Final Object Repo/Login Page/Internal User/Password'

2018-12-11 13:36:24 - [MESSAGE][PASSED] - Text 'test' is set on object 'Object Repository/Final Object Repo/Login Page/Internal User/Password'

2018-12-11 13:36:24 - [TEST_STEP][PASSED] - delay: Delayed 2 second(s)

2018-12-11 13:36:26 - [MESSAGE][PASSED] - Delayed 2 second(s)

2018-12-11 13:36:26 - [TEST_STEP][PASSED] - click: Object: 'Object Repository/Final Object Repo/Login Page/Internal User/Login Button' is clicked on

2018-12-11 13:36:26 - [MESSAGE][PASSED] - Object: 'Object Repository/Final Object Repo/Login Page/Internal User/Login Button' is clicked on

2018-12-11 13:36:26 - [TEST_STEP][PASSED] - Statement - tester = com.kms.katalon.core.testobject.ObjectRepository.findTestObject(Final Object Repo/Landing Page/Select to English): Finding Test Object with id 'Object Repository/Final Object Repo/Landing Page/Select to English'

2018-12-11 13:36:26 - [TEST_STEP][PASSED] - Statement - Try: Delayed 2 second(s)

2018-12-11 13:36:26 - [TEST_STEP][PASSED] - Statement - Checker = com.kms.katalon.core.webui.keyword.WebUiBuiltInKeywords.verifyElementNotPresent(tester, 3): Web element with id: 'Object Repository/Final Object Repo/Landing Page/Select to English' located by 'By.xpath: //a[@class = 'taglib-language-list-text' and @lang = 'en-US' and (contains(text(), 'EN') or contains(., 'EN'))]' is not present after '3' second(s)

2018-12-11 13:36:28 - [MESSAGE][PASSED] - Web element with id: 'Object Repository/Final Object Repo/Landing Page/Select to English' located by 'By.xpath: //a[@class = 'taglib-language-list-text' and @lang = 'en-US' and (contains(text(), 'EN') or contains(., 'EN'))]' is not present after '3' second(s)

2018-12-11 13:36:28 - [TEST_STEP][PASSED] - Statement - If (Checker == false): null

2018-12-11 13:36:28 - [TEST_STEP][PASSED] - delay: Delayed 2 second(s)

2018-12-11 13:36:30 - [MESSAGE][PASSED] - Delayed 2 second(s)

2018-12-11 13:36:30 - [TEST_STEP][PASSED] - delay: Delayed 5 second(s)

2018-12-11 13:36:35 - [MESSAGE][PASSED] - Delayed 5 second(s)

2018-12-11 13:36:35 - [TEST_STEP][PASSED] - mouseOver: Object: 'Object Repository/Final Object Repo/Landing Page/WorkFlow Menu' is hovered

2018-12-11 13:36:35 - [MESSAGE][PASSED] - Object: 'Object Repository/Final Object Repo/Landing Page/WorkFlow Menu' is hovered

2018-12-11 13:36:35 - [TEST_STEP][PASSED] - delay: Delayed 2 second(s)

2018-12-11 13:36:37 - [MESSAGE][PASSED] - Delayed 2 second(s)

2018-12-11 13:36:37 - [TEST_STEP][PASSED] - click: Object: 'Object Repository/Final Object Repo/Landing Page/Select to Workflow Listing' is clicked on

2018-12-11 13:36:38 - [MESSAGE][PASSED] - Object: 'Object Repository/Final Object Repo/Landing Page/Select to Workflow Listing' is clicked on

2018-12-11 13:36:38 - [TEST_STEP][PASSED] - delay: Delayed 2 second(s)

2018-12-11 13:36:40 - [MESSAGE][PASSED] - Delayed 2 second(s)

2018-12-11 13:36:40 - [TEST_STEP][PASSED] - click: Object: 'Object Repository/Final Object Repo/WorkFlow Listing Page/Search Information - To Put Ref No' is clicked on

2018-12-11 13:36:40 - [MESSAGE][PASSED] - Object: 'Object Repository/Final Object Repo/WorkFlow Listing Page/Search Information - To Put Ref No' is clicked on

2018-12-11 13:36:40 - [TEST_STEP][PASSED] - delay: Delayed 2 second(s)

2018-12-11 13:36:42 - [MESSAGE][PASSED] - Delayed 2 second(s)

2018-12-11 13:36:42 - [TEST_STEP][PASSED] - callTestCase: Call Test Case 'Test Cases/Final Aug 2018 - PKS Automation/Common/Reference Number Getter' successfully

2018-12-11 13:36:42 - [TEST_CASE][PASSED] - Test Cases/Final Aug 2018 - PKS Automation/Common/Reference Number Getter: Test Cases/Final Aug 2018 - PKS Automation/Common/Reference Number Getter

2018-12-11 13:36:42 - [TEST_STEP][PASSED] - Statement - Try: null

2018-12-11 13:36:42 - [TEST_STEP][PASSED] - Statement - RefNo = new java.io.File(C://Users//Admin//Desktop//PKS//Automation Reference Point//KatalonReference.txt): null

2018-12-11 13:36:42 - [TEST_STEP][PASSED] - Statement - bufferread = new java.io.BufferedReader(new java.io.FileReader(RefNo)): null

2018-12-11 13:36:42 - [TEST_STEP][PASSED] - Statement - readedVal = bufferread.readLine(): null

2018-12-11 13:36:42 - [TEST_STEP][PASSED] - Statement - out.println(CaseReferenceNo): null

2018-12-11 13:36:42 - [TEST_STEP][PASSED] - Statement - out.println(readedVal): null

2018-12-11 13:36:42 - [TEST_STEP][PASSED] - Statement - CaseReferenceNo = "": null

2018-12-11 13:36:42 - [TEST_STEP][PASSED] - Statement - CaseReferenceNo = readedVal: null

2018-12-11 13:36:42 - [MESSAGE][PASSED] - Call Test Case 'Test Cases/Final Aug 2018 - PKS Automation/Common/Reference Number Getter' successfully

2018-12-11 13:36:42 - [TEST_STEP][PASSED] - setText: Text 'CRN12201800123168' is set on object 'Object Repository/Final Object Repo/WorkFlow Listing Page/Ref No Set Text'

2018-12-11 13:36:43 - [MESSAGE][PASSED] - Text 'CRN12201800123168' is set on object 'Object Repository/Final Object Repo/WorkFlow Listing Page/Ref No Set Text'

2018-12-11 13:36:43 - [TEST_STEP][PASSED] - delay: Delayed 2 second(s)

2018-12-11 13:36:45 - [MESSAGE][PASSED] - Delayed 2 second(s)

2018-12-11 13:36:45 - [TEST_STEP][PASSED] - click: Object: 'Object Repository/Final Object Repo/WorkFlow Listing Page/Search Ref No Search Button' is clicked on

2018-12-11 13:36:45 - [MESSAGE][PASSED] - Object: 'Object Repository/Final Object Repo/WorkFlow Listing Page/Search Ref No Search Button' is clicked on

2018-12-11 13:36:45 - [TEST_STEP][PASSED] - delay: Delayed 6 second(s)

2018-12-11 13:36:51 - [MESSAGE][PASSED] - Delayed 6 second(s)

2018-12-11 13:36:51 - [TEST_STEP][PASSED] - click: Object: 'Object Repository/Final Object Repo/WorkFlow Listing Page/Click Continue Tooltip' is clicked on

2018-12-11 13:36:52 - [MESSAGE][PASSED] - Object: 'Object Repository/Final Object Repo/WorkFlow Listing Page/Click Continue Tooltip' is clicked on

2018-12-11 13:36:52 - [TEST_STEP][PASSED] - delay: Delayed 5 second(s)

2018-12-11 13:36:57 - [MESSAGE][PASSED] - Delayed 5 second(s)

2018-12-11 13:36:57 - [TEST_STEP][PASSED] - doubleClick: Object: 'Object Repository/Final Object Repo/WorkFlow Listing Page/Workflow Found - Listing 1' is double clicked on

2018-12-11 13:36:57 - [MESSAGE][PASSED] - Object: 'Object Repository/Final Object Repo/WorkFlow Listing Page/Workflow Found - Listing 1' is double clicked on

2018-12-11 13:36:57 - [TEST_STEP][PASSED] - Statement - println(OwnerID): null

2018-12-11 13:36:57 - [TEST_STEP][PASSED] - Statement - OwnerID = com.kms.katalon.core.webui.keyword.WebUiBuiltInKeywords.getText(com.kms.katalon.core.testobject.ObjectRepository.findTestObject(Final Object Repo/WorkFlow Listing Page/Workflow Found - Listing 1), STOP_ON_FAILURE): Text of object 'Object Repository/Final Object Repo/WorkFlow Listing Page/Workflow Found - Listing 1' is: 'JOHORro3'

2018-12-11 13:36:57 - [MESSAGE][PASSED] - Text of object 'Object Repository/Final Object Repo/WorkFlow Listing Page/Workflow Found - Listing 1' is: 'JOHORro3'

2018-12-11 13:36:57 - [TEST_STEP][PASSED] - Statement - OwnerID = OwnerID.toLowerCase() + "@gmail.com": null

2018-12-11 13:36:57 - [TEST_STEP][PASSED] - Statement - println(OwnerID): null

2018-12-11 13:36:57 - [TEST_STEP][PASSED] - delay: Delayed 2 second(s)

2018-12-11 13:36:59 - [MESSAGE][PASSED] - Delayed 2 second(s)

2018-12-11 13:36:59 - [MESSAGE][PASSED] - Call Test Case 'Test Cases/Final Aug 2018 - PKS Automation/Common/Workflow Owner Finder' successfully

2018-12-11 13:36:59 - [TEST_STEP][PASSED] - callTestCase: Call Test Case 'Test Cases/Final Aug 2018 - PKS Automation/Registration Module/Log Out/log out avoiding katalon tagging' successfully

2018-12-11 13:36:59 - [TEST_CASE][PASSED] - Test Cases/Final Aug 2018 - PKS Automation/Registration Module/Log Out/log out avoiding katalon tagging: Test Cases/Final Aug 2018 - PKS Automation/Registration Module/Log Out/log out avoiding katalon tagging

2018-12-11 13:36:59 - [TEST_STEP][PASSED] - navigateToUrl: Navigate to 'https://assist2-uat.perkeso.gov.my/c/portal/logout' successfully

2018-12-11 13:37:00 - [MESSAGE][PASSED] - Navigate to 'https://assist2-uat.perkeso.gov.my/c/portal/logout' successfully

2018-12-11 13:37:00 - [MESSAGE][PASSED] - Call Test Case 'Test Cases/Final Aug 2018 - PKS Automation/Registration Module/Log Out/log out avoiding katalon tagging' successfully

2018-12-11 13:37:00 - [TEST_STEP][PASSED] - delay: Delayed 2 second(s)

2018-12-11 13:37:02 - [MESSAGE][PASSED] - Delayed 2 second(s)

2018-12-11 13:37:02 - [TEST_STEP][PASSED] - setText: Text 'johorro3@gmail.com' is set on object 'Object Repository/Final Object Repo/New Registration - Registration Module Pages/New Reg - OTC to RO/Special Case - All Related Objects/Email TextBox'

2018-12-11 13:37:02 - [MESSAGE][PASSED] - Text 'johorro3@gmail.com' is set on object 'Object Repository/Final Object Repo/New Registration - Registration Module Pages/New Reg - OTC to RO/Special Case - All Related Objects/Email TextBox'

2018-12-11 13:37:02 - [TEST_STEP][PASSED] - click: Object: 'Object Repository/Final Object Repo/New Registration - Registration Module Pages/New Reg - OTC to RO/Special Case - All Related Objects/Next Button' is clicked on

2018-12-11 13:37:03 - [MESSAGE][PASSED] - Object: 'Object Repository/Final Object Repo/New Registration - Registration Module Pages/New Reg - OTC to RO/Special Case - All Related Objects/Next Button' is clicked on

2018-12-11 13:37:03 - [TEST_STEP][PASSED] - delay: Delayed 2 second(s)

2018-12-11 13:37:05 - [MESSAGE][PASSED] - Delayed 2 second(s)

2018-12-11 13:37:05 - [TEST_STEP][PASSED] - setText: Text 'Test1@3456789' is set on object 'Object Repository/Final Object Repo/New Registration - Registration Module Pages/New Reg - OTC to RO/Special Case - All Related Objects/Password TextBox'

2018-12-11 13:37:05 - [MESSAGE][PASSED] - Text 'Test1@3456789' is set on object 'Object Repository/Final Object Repo/New Registration - Registration Module Pages/New Reg - OTC to RO/Special Case - All Related Objects/Password TextBox'

2018-12-11 13:37:05 - [TEST_STEP][PASSED] - delay: Delayed 2 second(s)

2018-12-11 13:37:07 - [MESSAGE][PASSED] - Delayed 2 second(s)

2018-12-11 13:37:07 - [TEST_STEP][PASSED] - click: Object: 'Object Repository/Final Object Repo/New Registration - Registration Module Pages/New Reg - OTC to RO/Special Case - All Related Objects/Login Button' is clicked on

2018-12-11 13:37:07 - [MESSAGE][PASSED] - Object: 'Object Repository/Final Object Repo/New Registration - Registration Module Pages/New Reg - OTC to RO/Special Case - All Related Objects/Login Button' is clicked on

2018-12-11 13:37:07 - [TEST_STEP][PASSED] - delay: Delayed 2 second(s)

2018-12-11 13:37:09 - [MESSAGE][PASSED] - Delayed 2 second(s)

2018-12-11 13:37:09 - [TEST_STEP][PASSED] - Statement - Try: null

2018-12-11 13:37:09 - [TEST_STEP][PASSED] - Statement - Checker = com.kms.katalon.core.webui.keyword.WebUiBuiltInKeywords.verifyElementNotPresent("Final Object Repo/Landing Page/Select to English", 3): null

2018-12-11 13:37:09 - [TEST_STEP][PASSED] - Statement - Catch (Exception e): null

2018-12-11 13:37:09 - [TEST_STEP][PASSED] - Statement - e.printStackTrace(): null

2018-12-11 13:37:09 - [TEST_STEP][PASSED] - click: Object: 'Object Repository/Final Object Repo/New Registration - Registration Module Pages/New Reg - OTC to RO/Special Case - All Related Objects/Expand to Search' is clicked on

2018-12-11 13:37:09 - [MESSAGE][PASSED] - Object: 'Object Repository/Final Object Repo/New Registration - Registration Module Pages/New Reg - OTC to RO/Special Case - All Related Objects/Expand to Search' is clicked on

2018-12-11 13:37:09 - [TEST_STEP][PASSED] - setText: Text 'CRN12201800123168' is set on object 'Object Repository/Final Object Repo/New Registration - Registration Module Pages/New Reg - OTC to RO/Special Case - All Related Objects/TextBox RefNo in Workbasket'

2018-12-11 13:37:10 - [MESSAGE][PASSED] - Text 'CRN12201800123168' is set on object 'Object Repository/Final Object Repo/New Registration - Registration Module Pages/New Reg - OTC to RO/Special Case - All Related Objects/TextBox RefNo in Workbasket'

2018-12-11 13:37:10 - [TEST_STEP][PASSED] - delay: Delayed 2 second(s)

2018-12-11 13:37:12 - [MESSAGE][PASSED] - Delayed 2 second(s)

2018-12-11 13:37:12 - [TEST_STEP][PASSED] - click: Object: 'Object Repository/Final Object Repo/New Registration - Registration Module Pages/New Reg - OTC to RO/Special Case - All Related Objects/Click Search' is clicked on

2018-12-11 13:37:12 - [MESSAGE][PASSED] - Object: 'Object Repository/Final Object Repo/New Registration - Registration Module Pages/New Reg - OTC to RO/Special Case - All Related Objects/Click Search' is clicked on

2018-12-11 13:37:12 - [TEST_STEP][PASSED] - delay: Delayed 2 second(s)

2018-12-11 13:37:14 - [MESSAGE][PASSED] - Delayed 2 second(s)

2018-12-11 13:37:14 - [TEST_STEP][PASSED] - click: Object: 'Object Repository/Final Object Repo/New Registration - Registration Module Pages/New Reg - OTC to RO/Special Case - All Related Objects/Click to Continue Workflow' is clicked on

2018-12-11 13:37:17 - [MESSAGE][PASSED] - Object: 'Object Repository/Final Object Repo/New Registration - Registration Module Pages/New Reg - OTC to RO/Special Case - All Related Objects/Click to Continue Workflow' is clicked on

2018-12-11 13:37:17 - [TEST_STEP][PASSED] - delay: Delayed 2 second(s)

2018-12-11 13:37:19 - [MESSAGE][PASSED] - Delayed 2 second(s)

2018-12-11 13:37:19 - [TEST_STEP][PASSED] - click: Object: 'Object Repository/Final Object Repo/New Registration - Registration Module Pages/New Reg - OTC to RO/Special Case - All Related Objects/Continue Button in verifying case' is clicked on

2018-12-11 13:37:21 - [MESSAGE][PASSED] - Object: 'Object Repository/Final Object Repo/New Registration - Registration Module Pages/New Reg - OTC to RO/Special Case - All Related Objects/Continue Button in verifying case' is clicked on

2018-12-11 13:37:21 - [TEST_STEP][PASSED] - delay: Delayed 2 second(s)

2018-12-11 13:37:23 - [MESSAGE][PASSED] - Delayed 2 second(s)

2018-12-11 13:37:23 - [TEST_STEP][PASSED] - click: Object: 'Object Repository/Final Object Repo/New Registration - Registration Module Pages/Form 1/Registered As a Branch - Yes' is clicked on

2018-12-11 13:37:23 - [MESSAGE][PASSED] - Object: 'Object Repository/Final Object Repo/New Registration - Registration Module Pages/Form 1/Registered As a Branch - Yes' is clicked on

2018-12-11 13:37:23 - [TEST_STEP][PASSED] - delay: Delayed 2 second(s)

2018-12-11 13:37:25 - [MESSAGE][PASSED] - Delayed 2 second(s)

2018-12-11 13:37:25 - [TEST_STEP][PASSED] - click: Object: 'Object Repository/Final Object Repo/New Registration - Registration Module Pages/New Reg - OTC to RO/Special Case - All Related Objects/Form 1 Save n Continue' is clicked on

2018-12-11 13:37:25 - [MESSAGE][PASSED] - Object: 'Object Repository/Final Object Repo/New Registration - Registration Module Pages/New Reg - OTC to RO/Special Case - All Related Objects/Form 1 Save n Continue' is clicked on

2018-12-11 13:37:25 - [TEST_STEP][PASSED] - delay: Delayed 2 second(s)

2018-12-11 13:37:27 - [MESSAGE][PASSED] - Delayed 2 second(s)

2018-12-11 13:37:27 - [TEST_STEP][PASSED] - click: Object: 'Object Repository/Final Object Repo/New Registration - Registration Module Pages/New Reg - OTC to RO/Special Case - All Related Objects/Form 2 Save n Continue' is clicked on

2018-12-11 13:37:28 - [MESSAGE][PASSED] - Object: 'Object Repository/Final Object Repo/New Registration - Registration Module Pages/New Reg - OTC to RO/Special Case - All Related Objects/Form 2 Save n Continue' is clicked on

2018-12-11 13:37:28 - [TEST_STEP][PASSED] - delay: Delayed 2 second(s)

2018-12-11 13:37:30 - [MESSAGE][PASSED] - Delayed 2 second(s)

2018-12-11 13:37:30 - [TEST_STEP][PASSED] - click: Object: 'Object Repository/Final Object Repo/New Registration - Registration Module Pages/New Reg - OTC to RO/Special Case - All Related Objects/Third Screen Save n Continue' is clicked on

2018-12-11 13:37:35 - [MESSAGE][PASSED] - Object: 'Object Repository/Final Object Repo/New Registration - Registration Module Pages/New Reg - OTC to RO/Special Case - All Related Objects/Third Screen Save n Continue' is clicked on

2018-12-11 13:37:35 - [TEST_STEP][PASSED] - delay: Delayed 5 second(s)

2018-12-11 13:37:40 - [MESSAGE][PASSED] - Delayed 5 second(s)

2018-12-11 13:37:40 - [TEST_STEP][PASSED] - click: Object: 'Object Repository/Final Object Repo/New Registration - Registration Module Pages/New Reg - OTC to RO/Special Case - All Related Objects/Upload Doc Page Save n Continue' is clicked on

2018-12-11 13:37:40 - [MESSAGE][PASSED] - Object: 'Object Repository/Final Object Repo/New Registration - Registration Module Pages/New Reg - OTC to RO/Special Case - All Related Objects/Upload Doc Page Save n Continue' is clicked on

2018-12-11 13:37:40 - [TEST_STEP][PASSED] - callTestCase: Call Test Case 'Test Cases/Final Aug 2018 - PKS Automation/Registration Module/New Registration/Submit and Screenshot/Submit Registration and Screenshot' successfully

2018-12-11 13:37:40 - [TEST_CASE][PASSED] - Test Cases/Final Aug 2018 - PKS Automation/Registration Module/New Registration/Submit and Screenshot/Submit Registration and Screenshot: Test Cases/Final Aug 2018 - PKS Automation/Registration Module/New Registration/Submit and Screenshot/Submit Registration and Screenshot

2018-12-11 13:37:40 - [TEST_STEP][PASSED] - delay: Delayed 6 second(s)

2018-12-11 13:37:46 - [MESSAGE][PASSED] - Delayed 6 second(s)

2018-12-11 13:37:46 - [TEST_STEP][PASSED] - click: Object: 'Object Repository/Final Object Repo/New Registration - Registration Module Pages/Third Screen - Upload Supporting Doc- Preview/Preview Submit Button' is clicked on

2018-12-11 13:37:47 - [MESSAGE][PASSED] - Object: 'Object Repository/Final Object Repo/New Registration - Registration Module Pages/Third Screen - Upload Supporting Doc- Preview/Preview Submit Button' is clicked on

2018-12-11 13:37:47 - [TEST_STEP][PASSED] - delay: Delayed 2 second(s)

2018-12-11 13:37:49 - [MESSAGE][PASSED] - Delayed 2 second(s)

2018-12-11 13:37:49 - [TEST_STEP][PASSED] - click: Object: 'Object Repository/Final Object Repo/New Registration - Registration Module Pages/Third Screen - Upload Supporting Doc- Preview/Preview Submit - Confirm' is clicked on

2018-12-11 13:37:49 - [MESSAGE][PASSED] - Object: 'Object Repository/Final Object Repo/New Registration - Registration Module Pages/Third Screen - Upload Supporting Doc- Preview/Preview Submit - Confirm' is clicked on

2018-12-11 13:37:49 - [TEST_STEP][PASSED] - delay: Delayed 15 second(s)

2018-12-11 13:38:04 - [MESSAGE][PASSED] - Delayed 15 second(s)

2018-12-11 13:38:04 - [TEST_STEP][PASSED] - Statement - driver = com.kms.katalon.core.webui.driver.DriverFactory.getWebDriver(): null

2018-12-11 13:38:04 - [TEST_STEP][PASSED] - Statement - driver.manage().timeouts().implicitlyWait(10, SECONDS): null

2018-12-11 13:38:04 - [TEST_STEP][PASSED] - Statement - PresavePath = KatalonScreenshots: null

2018-12-11 13:38:04 - [TEST_STEP][PASSED] - Statement - pathPrefix = "C:\Users\Public\Pictures\Sample Pictures\Katalon Screenshots\Automate Ending Screen": null

2018-12-11 13:38:04 - [TEST_STEP][PASSED] - Statement - finalPath = <not implemented yet for class: org.codehaus.groovy.ast.expr.EmptyExpression>: null

2018-12-11 13:38:04 - [TEST_STEP][PASSED] - Statement - scrFile = driver.getScreenshotAs(FILE): null

2018-12-11 13:38:04 - [TEST_STEP][PASSED] - Statement - PreSaveFile = new java.io.File(PresavePath): null

2018-12-11 13:38:04 - [TEST_STEP][PASSED] - Statement - counter = 0: null

2018-12-11 13:38:04 - [TEST_STEP][PASSED] - Statement - If (PreSaveFile.exists()): null

2018-12-11 13:38:04 - [TEST_STEP][PASSED] - Statement - While (PreSaveFile.exists()): null

2018-12-11 13:38:04 - [TEST_STEP][PASSED] - Statement - counter = counter + 1: null

2018-12-11 13:38:04 - [TEST_STEP][PASSED] - Statement - PreSaveFile = new java.io.File(((pathPrefix + java.lang.Integer.toString(counter)) + .png)): null

2018-12-11 13:38:04 - [TEST_STEP][PASSED] - Statement - counter = counter + 1: null

2018-12-11 13:38:04 - [TEST_STEP][PASSED] - Statement - PreSaveFile = new java.io.File(((pathPrefix + java.lang.Integer.toString(counter)) + .png)): null

2018-12-11 13:38:04 - [TEST_STEP][PASSED] - Statement - counter = counter + 1: null

2018-12-11 13:38:04 - [TEST_STEP][PASSED] - Statement - PreSaveFile = new java.io.File(((pathPrefix + java.lang.Integer.toString(counter)) + .png)): null

2018-12-11 13:38:04 - [TEST_STEP][PASSED] - Statement - counter = counter + 1: null

2018-12-11 13:38:04 - [TEST_STEP][PASSED] - Statement - PreSaveFile = new java.io.File(((pathPrefix + java.lang.Integer.toString(counter)) + .png)): null

2018-12-11 13:38:04 - [TEST_STEP][PASSED] - Statement - counter = counter + 1: null

2018-12-11 13:38:04 - [TEST_STEP][PASSED] - Statement - PreSaveFile = new java.io.File(((pathPrefix + java.lang.Integer.toString(counter)) + .png)): null

2018-12-11 13:38:04 - [TEST_STEP][PASSED] - Statement - counter = counter + 1: null

2018-12-11 13:38:04 - [TEST_STEP][PASSED] - Statement - PreSaveFile = new java.io.File(((pathPrefix + java.lang.Integer.toString(counter)) + .png)): null

2018-12-11 13:38:04 - [TEST_STEP][PASSED] - Statement - counter = counter + 1: null

2018-12-11 13:38:04 - [TEST_STEP][PASSED] - Statement - PreSaveFile = new java.io.File(((pathPrefix + java.lang.Integer.toString(counter)) + .png)): null

2018-12-11 13:38:04 - [TEST_STEP][PASSED] - Statement - counter = counter + 1: null

2018-12-11 13:38:04 - [TEST_STEP][PASSED] - Statement - PreSaveFile = new java.io.File(((pathPrefix + java.lang.Integer.toString(counter)) + .png)): null

2018-12-11 13:38:04 - [TEST_STEP][PASSED] - Statement - counter = counter + 1: null

2018-12-11 13:38:04 - [TEST_STEP][PASSED] - Statement - PreSaveFile = new java.io.File(((pathPrefix + java.lang.Integer.toString(counter)) + .png)): null

2018-12-11 13:38:04 - [TEST_STEP][PASSED] - Statement - counter = counter + 1: null

2018-12-11 13:38:04 - [TEST_STEP][PASSED] - Statement - PreSaveFile = new java.io.File(((pathPrefix + java.lang.Integer.toString(counter)) + .png)): null

2018-12-11 13:38:04 - [TEST_STEP][PASSED] - Statement - counter = counter + 1: null

2018-12-11 13:38:04 - [TEST_STEP][PASSED] - Statement - PreSaveFile = new java.io.File(((pathPrefix + java.lang.Integer.toString(counter)) + .png)): null

2018-12-11 13:38:04 - [TEST_STEP][PASSED] - Statement - counter = counter + 1: null

2018-12-11 13:38:04 - [TEST_STEP][PASSED] - Statement - PreSaveFile = new java.io.File(((pathPrefix + java.lang.Integer.toString(counter)) + .png)): null

2018-12-11 13:38:04 - [TEST_STEP][PASSED] - Statement - counter = counter + 1: null

2018-12-11 13:38:04 - [TEST_STEP][PASSED] - Statement - PreSaveFile = new java.io.File(((pathPrefix + java.lang.Integer.toString(counter)) + .png)): null

2018-12-11 13:38:04 - [TEST_STEP][PASSED] - Statement - counter = counter + 1: null

2018-12-11 13:38:04 - [TEST_STEP][PASSED] - Statement - PreSaveFile = new java.io.File(((pathPrefix + java.lang.Integer.toString(counter)) + .png)): null

2018-12-11 13:38:04 - [TEST_STEP][PASSED] - Statement - counter = counter + 1: null

2018-12-11 13:38:04 - [TEST_STEP][PASSED] - Statement - PreSaveFile = new java.io.File(((pathPrefix + java.lang.Integer.toString(counter)) + .png)): null

2018-12-11 13:38:04 - [TEST_STEP][PASSED] - Statement - counter = counter + 1: null

2018-12-11 13:38:04 - [TEST_STEP][PASSED] - Statement - PreSaveFile = new java.io.File(((pathPrefix + java.lang.Integer.toString(counter)) + .png)): null

2018-12-11 13:38:04 - [TEST_STEP][PASSED] - Statement - counter = counter + 1: null

2018-12-11 13:38:04 - [TEST_STEP][PASSED] - Statement - PreSaveFile = new java.io.File(((pathPrefix + java.lang.Integer.toString(counter)) + .png)): null

2018-12-11 13:38:04 - [TEST_STEP][PASSED] - Statement - counter = counter + 1: null

2018-12-11 13:38:04 - [TEST_STEP][PASSED] - Statement - PreSaveFile = new java.io.File(((pathPrefix + java.lang.Integer.toString(counter)) + .png)): null

2018-12-11 13:38:04 - [TEST_STEP][PASSED] - Statement - counter = counter + 1: null

2018-12-11 13:38:04 - [TEST_STEP][PASSED] - Statement - PreSaveFile = new java.io.File(((pathPrefix + java.lang.Integer.toString(counter)) + .png)): null

2018-12-11 13:38:04 - [TEST_STEP][PASSED] - Statement - counter = counter + 1: null

2018-12-11 13:38:04 - [TEST_STEP][PASSED] - Statement - PreSaveFile = new java.io.File(((pathPrefix + java.lang.Integer.toString(counter)) + .png)): null

2018-12-11 13:38:04 - [TEST_STEP][PASSED] - Statement - counter = counter + 1: null

2018-12-11 13:38:04 - [TEST_STEP][PASSED] - Statement - PreSaveFile = new java.io.File(((pathPrefix + java.lang.Integer.toString(counter)) + .png)): null

2018-12-11 13:38:04 - [TEST_STEP][PASSED] - Statement - counter = counter + 1: null

2018-12-11 13:38:04 - [TEST_STEP][PASSED] - Statement - PreSaveFile = new java.io.File(((pathPrefix + java.lang.Integer.toString(counter)) + .png)): null

2018-12-11 13:38:04 - [TEST_STEP][PASSED] - Statement - counter = counter + 1: null

2018-12-11 13:38:04 - [TEST_STEP][PASSED] - Statement - PreSaveFile = new java.io.File(((pathPrefix + java.lang.Integer.toString(counter)) + .png)): null

2018-12-11 13:38:04 - [TEST_STEP][PASSED] - Statement - counter = counter + 1: null

2018-12-11 13:38:04 - [TEST_STEP][PASSED] - Statement - PreSaveFile = new java.io.File(((pathPrefix + java.lang.Integer.toString(counter)) + .png)): null

2018-12-11 13:38:04 - [TEST_STEP][PASSED] - Statement - counter = counter + 1: null

2018-12-11 13:38:04 - [TEST_STEP][PASSED] - Statement - PreSaveFile = new java.io.File(((pathPrefix + java.lang.Integer.toString(counter)) + .png)): null

2018-12-11 13:38:04 - [TEST_STEP][PASSED] - Statement - counter = counter + 1: null

2018-12-11 13:38:04 - [TEST_STEP][PASSED] - Statement - PreSaveFile = new java.io.File(((pathPrefix + java.lang.Integer.toString(counter)) + .png)): null

2018-12-11 13:38:04 - [TEST_STEP][PASSED] - Statement - counter = counter + 1: null

2018-12-11 13:38:04 - [TEST_STEP][PASSED] - Statement - PreSaveFile = new java.io.File(((pathPrefix + java.lang.Integer.toString(counter)) + .png)): null

2018-12-11 13:38:04 - [TEST_STEP][PASSED] - Statement - counter = counter + 1: null

2018-12-11 13:38:04 - [TEST_STEP][PASSED] - Statement - PreSaveFile = new java.io.File(((pathPrefix + java.lang.Integer.toString(counter)) + .png)): null

2018-12-11 13:38:04 - [TEST_STEP][PASSED] - Statement - counter = counter + 1: null

2018-12-11 13:38:04 - [TEST_STEP][PASSED] - Statement - PreSaveFile = new java.io.File(((pathPrefix + java.lang.Integer.toString(counter)) + .png)): null

2018-12-11 13:38:04 - [TEST_STEP][PASSED] - Statement - counter = counter + 1: null

2018-12-11 13:38:04 - [TEST_STEP][PASSED] - Statement - PreSaveFile = new java.io.File(((pathPrefix + java.lang.Integer.toString(counter)) + .png)): null

2018-12-11 13:38:04 - [TEST_STEP][PASSED] - Statement - counter = counter + 1: null

2018-12-11 13:38:04 - [TEST_STEP][PASSED] - Statement - PreSaveFile = new java.io.File(((pathPrefix + java.lang.Integer.toString(counter)) + .png)): null

2018-12-11 13:38:04 - [TEST_STEP][PASSED] - Statement - counter = counter + 1: null

2018-12-11 13:38:04 - [TEST_STEP][PASSED] - Statement - PreSaveFile = new java.io.File(((pathPrefix + java.lang.Integer.toString(counter)) + .png)): null

2018-12-11 13:38:04 - [TEST_STEP][PASSED] - Statement - counter = counter + 1: null

2018-12-11 13:38:04 - [TEST_STEP][PASSED] - Statement - PreSaveFile = new java.io.File(((pathPrefix + java.lang.Integer.toString(counter)) + .png)): null

2018-12-11 13:38:04 - [TEST_STEP][PASSED] - Statement - counter = counter + 1: null

2018-12-11 13:38:04 - [TEST_STEP][PASSED] - Statement - PreSaveFile = new java.io.File(((pathPrefix + java.lang.Integer.toString(counter)) + .png)): null

2018-12-11 13:38:04 - [TEST_STEP][PASSED] - Statement - counter = counter + 1: null

2018-12-11 13:38:04 - [TEST_STEP][PASSED] - Statement - PreSaveFile = new java.io.File(((pathPrefix + java.lang.Integer.toString(counter)) + .png)): null

2018-12-11 13:38:04 - [TEST_STEP][PASSED] - Statement - counter = counter + 1: null

2018-12-11 13:38:04 - [TEST_STEP][PASSED] - Statement - PreSaveFile = new java.io.File(((pathPrefix + java.lang.Integer.toString(counter)) + .png)): null

2018-12-11 13:38:04 - [TEST_STEP][PASSED] - Statement - counter = counter + 1: null

2018-12-11 13:38:04 - [TEST_STEP][PASSED] - Statement - PreSaveFile = new java.io.File(((pathPrefix + java.lang.Integer.toString(counter)) + .png)): null

2018-12-11 13:38:04 - [TEST_STEP][PASSED] - Statement - counter = counter + 1: null

2018-12-11 13:38:04 - [TEST_STEP][PASSED] - Statement - PreSaveFile = new java.io.File(((pathPrefix + java.lang.Integer.toString(counter)) + .png)): null

2018-12-11 13:38:04 - [TEST_STEP][PASSED] - Statement - counter = counter + 1: null

2018-12-11 13:38:04 - [TEST_STEP][PASSED] - Statement - PreSaveFile = new java.io.File(((pathPrefix + java.lang.Integer.toString(counter)) + .png)): null

2018-12-11 13:38:04 - [TEST_STEP][PASSED] - Statement - counter = counter + 1: null

2018-12-11 13:38:04 - [TEST_STEP][PASSED] - Statement - PreSaveFile = new java.io.File(((pathPrefix + java.lang.Integer.toString(counter)) + .png)): null

2018-12-11 13:38:04 - [TEST_STEP][PASSED] - Statement - finalPath = pathPrefix + java.lang.Integer.toString(counter) + ".png": null

2018-12-11 13:38:04 - [TEST_STEP][PASSED] - Statement - SaveFile = new java.io.File(finalPath): null

2018-12-11 13:38:04 - [TEST_STEP][PASSED] - Statement - Try: null

2018-12-11 13:38:04 - [TEST_STEP][PASSED] - Statement - org.apache.commons.io.FileUtils.copyFile(scrFile, SaveFile): null

2018-12-11 13:38:04 - [TEST_STEP][PASSED] - Statement - out.println("file kept"): null

2018-12-11 13:38:04 - [TEST_STEP][PASSED] - delay: Delayed 10 second(s)

2018-12-11 13:38:14 - [MESSAGE][PASSED] - Delayed 10 second(s)

2018-12-11 13:38:14 - [MESSAGE][PASSED] - Call Test Case 'Test Cases/Final Aug 2018 - PKS Automation/Registration Module/New Registration/Submit and Screenshot/Submit Registration and Screenshot' successfully]]></system-out>
         <system-err><![CDATA[]]></system-err>
      </testcase>
      <testcase name="Test Cases/Final Aug 2018 - PKS Automation/Registration Module/Workflow/New Registration/Case OTC to RO - RO Under Enforcement" classname="Test Cases/Final Aug 2018 - PKS Automation/Registration Module/Workflow/New Registration/Case OTC to RO - RO Under Enforcement" status="PASSED">
         <system-out><![CDATA[2018-12-11 13:38:14 - [TEST_CASE][PASSED] - Test Cases/Final Aug 2018 - PKS Automation/Registration Module/Workflow/New Registration/Case OTC to RO - RO Under Enforcement: Test Cases/Final Aug 2018 - PKS Automation/Registration Module/Workflow/New Registration/Case OTC to RO - RO Under Enforcement

2018-12-11 13:38:15 - [TEST_STEP][PASSED] - callTestCase: Call Test Case 'Test Cases/Final Aug 2018 - PKS Automation/Registration Module/Workflow/New Registration/Template/Special Case - OTC - Form 1' successfully

2018-12-11 13:38:15 - [TEST_CASE][PASSED] - Test Cases/Final Aug 2018 - PKS Automation/Registration Module/Workflow/New Registration/Template/Special Case - OTC - Form 1: Test Cases/Final Aug 2018 - PKS Automation/Registration Module/Workflow/New Registration/Template/Special Case - OTC - Form 1

2018-12-11 13:38:15 - [TEST_STEP][PASSED] - openBrowser: Browser is opened with url: ''

2018-12-11 13:38:15 - [MESSAGE][WARNING] - A browser is already opened. Closing browser and opening a new one

2018-12-11 13:38:19 - [MESSAGE][PASSED] - Browser is opened with url: ''

2018-12-11 13:38:19 - [TEST_STEP][PASSED] - navigateToUrl: Navigate to 'https://assist2-uat.perkeso.gov.my/login' successfully

2018-12-11 13:38:20 - [MESSAGE][PASSED] - Navigate to 'https://assist2-uat.perkeso.gov.my/login' successfully

2018-12-11 13:38:20 - [TEST_STEP][PASSED] - delay: Delayed 2 second(s)

2018-12-11 13:38:22 - [MESSAGE][PASSED] - Delayed 2 second(s)

2018-12-11 13:38:22 - [TEST_STEP][PASSED] - setText: Text 'klotc2@gmail.com' is set on object 'Object Repository/Final Object Repo/Login Page/Internal User/Email Address'

2018-12-11 13:38:23 - [MESSAGE][PASSED] - Text 'klotc2@gmail.com' is set on object 'Object Repository/Final Object Repo/Login Page/Internal User/Email Address'

2018-12-11 13:38:23 - [TEST_STEP][PASSED] - click: Object: 'Object Repository/Final Object Repo/Login Page/Internal User/Next Button' is clicked on

2018-12-11 13:38:23 - [MESSAGE][PASSED] - Object: 'Object Repository/Final Object Repo/Login Page/Internal User/Next Button' is clicked on

2018-12-11 13:38:23 - [TEST_STEP][PASSED] - delay: Delayed 2 second(s)

2018-12-11 13:38:25 - [MESSAGE][PASSED] - Delayed 2 second(s)

2018-12-11 13:38:25 - [TEST_STEP][PASSED] - setText: Text 'Test1@3456789' is set on object 'Object Repository/Final Object Repo/Login Page/Internal User/Password'

2018-12-11 13:38:25 - [MESSAGE][PASSED] - Text 'Test1@3456789' is set on object 'Object Repository/Final Object Repo/Login Page/Internal User/Password'

2018-12-11 13:38:25 - [TEST_STEP][PASSED] - delay: Delayed 2 second(s)

2018-12-11 13:38:27 - [MESSAGE][PASSED] - Delayed 2 second(s)

2018-12-11 13:38:27 - [TEST_STEP][PASSED] - click: Object: 'Object Repository/Final Object Repo/Login Page/Internal User/Login Button' is clicked on

2018-12-11 13:38:27 - [MESSAGE][PASSED] - Object: 'Object Repository/Final Object Repo/Login Page/Internal User/Login Button' is clicked on

2018-12-11 13:38:27 - [TEST_STEP][PASSED] - Statement - Try: null

2018-12-11 13:38:27 - [TEST_STEP][PASSED] - Statement - Checker = com.kms.katalon.core.webui.keyword.WebUiBuiltInKeywords.verifyElementNotPresent("Final Object Repo/Landing Page/Select to English", 3): null

2018-12-11 13:38:27 - [TEST_STEP][PASSED] - Statement - Catch (Exception e): null

2018-12-11 13:38:27 - [TEST_STEP][PASSED] - Statement - e.printStackTrace(): null

2018-12-11 13:38:27 - [TEST_STEP][PASSED] - delay: Delayed 5 second(s)

2018-12-11 13:38:32 - [MESSAGE][PASSED] - Delayed 5 second(s)

2018-12-11 13:38:32 - [TEST_STEP][PASSED] - click: Object: 'Object Repository/Final Object Repo/Landing Page/My Sites Drop Down' is clicked on

2018-12-11 13:38:33 - [MESSAGE][PASSED] - Object: 'Object Repository/Final Object Repo/Landing Page/My Sites Drop Down' is clicked on

2018-12-11 13:38:33 - [TEST_STEP][PASSED] - click: Object: 'Object Repository/Final Object Repo/Landing Page/Select to Registration Module' is clicked on

2018-12-11 13:38:34 - [MESSAGE][PASSED] - Object: 'Object Repository/Final Object Repo/Landing Page/Select to Registration Module' is clicked on

2018-12-11 13:38:34 - [TEST_STEP][PASSED] - click: Object: 'Object Repository/Final Object Repo/Landing Page/Registration Button' is clicked on

2018-12-11 13:38:35 - [MESSAGE][PASSED] - Object: 'Object Repository/Final Object Repo/Landing Page/Registration Button' is clicked on

2018-12-11 13:38:35 - [TEST_STEP][PASSED] - delay: Delayed 2 second(s)

2018-12-11 13:38:37 - [MESSAGE][PASSED] - Delayed 2 second(s)

2018-12-11 13:38:37 - [TEST_STEP][PASSED] - click: Object: 'Object Repository/Final Object Repo/New Registration - Registration Module Pages/New Reg - OTC to RO/Special Case - OTC - Form 1/AEC NO' is clicked on

2018-12-11 13:38:37 - [MESSAGE][PASSED] - Object: 'Object Repository/Final Object Repo/New Registration - Registration Module Pages/New Reg - OTC to RO/Special Case - OTC - Form 1/AEC NO' is clicked on

2018-12-11 13:38:37 - [TEST_STEP][PASSED] - click: Object: 'Object Repository/Final Object Repo/New Registration - Registration Module Pages/New Reg - OTC to RO/Special Case - OTC - Form 1/Business Entity - Please Select' is clicked on

2018-12-11 13:38:37 - [MESSAGE][PASSED] - Object: 'Object Repository/Final Object Repo/New Registration - Registration Module Pages/New Reg - OTC to RO/Special Case - OTC - Form 1/Business Entity - Please Select' is clicked on

2018-12-11 13:38:37 - [TEST_STEP][PASSED] - click: Object: 'Object Repository/Final Object Repo/New Registration - Registration Module Pages/New Reg - OTC to RO/Special Case - OTC - Form 1/Selected - Corporation' is clicked on

2018-12-11 13:38:38 - [MESSAGE][PASSED] - Object: 'Object Repository/Final Object Repo/New Registration - Registration Module Pages/New Reg - OTC to RO/Special Case - OTC - Form 1/Selected - Corporation' is clicked on

2018-12-11 13:38:38 - [TEST_STEP][PASSED] - delay: Delayed 2 second(s)

2018-12-11 13:38:40 - [MESSAGE][PASSED] - Delayed 2 second(s)

2018-12-11 13:38:40 - [TEST_STEP][PASSED] - click: Object: 'Object Repository/Final Object Repo/New Registration - Registration Module Pages/New Reg - OTC to RO/Special Case - OTC - Form 1/Sub Business Entity - Please Select' is clicked on

2018-12-11 13:38:40 - [MESSAGE][PASSED] - Object: 'Object Repository/Final Object Repo/New Registration - Registration Module Pages/New Reg - OTC to RO/Special Case - OTC - Form 1/Sub Business Entity - Please Select' is clicked on

2018-12-11 13:38:40 - [TEST_STEP][PASSED] - delay: Delayed 2 second(s)

2018-12-11 13:38:42 - [MESSAGE][PASSED] - Delayed 2 second(s)

2018-12-11 13:38:42 - [TEST_STEP][PASSED] - click: Object: 'Object Repository/Final Object Repo/New Registration - Registration Module Pages/New Reg - OTC to RO/Special Case - OTC - Form 1/Selected - Sendirian Berhad' is clicked on

2018-12-11 13:38:42 - [MESSAGE][PASSED] - Object: 'Object Repository/Final Object Repo/New Registration - Registration Module Pages/New Reg - OTC to RO/Special Case - OTC - Form 1/Selected - Sendirian Berhad' is clicked on

2018-12-11 13:38:42 - [TEST_STEP][PASSED] - setText: Text 'AUTOMATE001' is set on object 'Object Repository/Final Object Repo/New Registration - Registration Module Pages/New Reg - OTC to RO/Special Case - OTC - Form 1/Input BRN Number'

2018-12-11 13:38:43 - [MESSAGE][PASSED] - Text 'AUTOMATE001' is set on object 'Object Repository/Final Object Repo/New Registration - Registration Module Pages/New Reg - OTC to RO/Special Case - OTC - Form 1/Input BRN Number'

2018-12-11 13:38:43 - [TEST_STEP][PASSED] - delay: Delayed 2 second(s)

2018-12-11 13:38:45 - [MESSAGE][PASSED] - Delayed 2 second(s)

2018-12-11 13:38:45 - [TEST_STEP][PASSED] - click: Object: 'Object Repository/Final Object Repo/New Registration - Registration Module Pages/New Reg - OTC to RO/Special Case - OTC - Form 1/BRN Search' is clicked on

2018-12-11 13:38:45 - [MESSAGE][PASSED] - Object: 'Object Repository/Final Object Repo/New Registration - Registration Module Pages/New Reg - OTC to RO/Special Case - OTC - Form 1/BRN Search' is clicked on

2018-12-11 13:38:45 - [TEST_STEP][PASSED] - delay: Delayed 4 second(s)

2018-12-11 13:38:49 - [MESSAGE][PASSED] - Delayed 4 second(s)

2018-12-11 13:38:49 - [TEST_STEP][PASSED] - click: Object: 'Object Repository/Final Object Repo/New Registration - Registration Module Pages/New Reg - OTC to RO/Special Case - OTC - Form 1/Registered with SSM - After Feb 2017' is clicked on

2018-12-11 13:38:49 - [MESSAGE][PASSED] - Object: 'Object Repository/Final Object Repo/New Registration - Registration Module Pages/New Reg - OTC to RO/Special Case - OTC - Form 1/Registered with SSM - After Feb 2017' is clicked on

2018-12-11 13:38:49 - [TEST_STEP][PASSED] - delay: Delayed 2 second(s)

2018-12-11 13:38:51 - [MESSAGE][PASSED] - Delayed 2 second(s)

2018-12-11 13:38:51 - [TEST_STEP][PASSED] - click: Object: 'Object Repository/Final Object Repo/New Registration - Registration Module Pages/New Reg - OTC to RO/Special Case - OTC - Form 1/Registering As A Branch - No' is clicked on

2018-12-11 13:38:51 - [MESSAGE][PASSED] - Object: 'Object Repository/Final Object Repo/New Registration - Registration Module Pages/New Reg - OTC to RO/Special Case - OTC - Form 1/Registering As A Branch - No' is clicked on

2018-12-11 13:38:51 - [TEST_STEP][PASSED] - click: Object: 'Object Repository/Final Object Repo/New Registration - Registration Module Pages/New Reg - OTC to RO/Special Case - OTC - Form 1/Acknowledgement Ticked' is clicked on

2018-12-11 13:38:51 - [MESSAGE][PASSED] - Object: 'Object Repository/Final Object Repo/New Registration - Registration Module Pages/New Reg - OTC to RO/Special Case - OTC - Form 1/Acknowledgement Ticked' is clicked on

2018-12-11 13:38:51 - [TEST_STEP][PASSED] - click: Object: 'Object Repository/Final Object Repo/New Registration - Registration Module Pages/New Reg - OTC to RO/Special Case - OTC - Form 1/Submit Button' is clicked on

2018-12-11 13:38:51 - [MESSAGE][PASSED] - Object: 'Object Repository/Final Object Repo/New Registration - Registration Module Pages/New Reg - OTC to RO/Special Case - OTC - Form 1/Submit Button' is clicked on

2018-12-11 13:38:51 - [TEST_STEP][PASSED] - delay: Delayed 2 second(s)

2018-12-11 13:38:53 - [MESSAGE][PASSED] - Delayed 2 second(s)

2018-12-11 13:38:53 - [TEST_STEP][PASSED] - click: Object: 'Object Repository/Final Object Repo/New Registration - Registration Module Pages/New Reg - OTC to RO/Special Case - OTC - Form 1/Confirm No Flagging as Branch' is clicked on

2018-12-11 13:38:54 - [MESSAGE][PASSED] - Object: 'Object Repository/Final Object Repo/New Registration - Registration Module Pages/New Reg - OTC to RO/Special Case - OTC - Form 1/Confirm No Flagging as Branch' is clicked on

2018-12-11 13:38:54 - [MESSAGE][PASSED] - Call Test Case 'Test Cases/Final Aug 2018 - PKS Automation/Registration Module/Workflow/New Registration/Template/Special Case - OTC - Form 1' successfully

2018-12-11 13:38:54 - [TEST_STEP][PASSED] - callTestCase: Call Test Case 'Test Cases/Final Aug 2018 - PKS Automation/Registration Module/New Registration/Form 2/Add 1 Eligible' successfully

2018-12-11 13:38:54 - [TEST_CASE][PASSED] - Test Cases/Final Aug 2018 - PKS Automation/Registration Module/New Registration/Form 2/Add 1 Eligible: Test Cases/Final Aug 2018 - PKS Automation/Registration Module/New Registration/Form 2/Add 1 Eligible

2018-12-11 13:38:54 - [TEST_STEP][PASSED] - delay: Delayed 2 second(s)

2018-12-11 13:38:56 - [MESSAGE][PASSED] - Delayed 2 second(s)

2018-12-11 13:38:56 - [TEST_STEP][PASSED] - callTestCase: Call Test Case 'Test Cases/Final Aug 2018 - PKS Automation/Registration Module/New Registration/Form 2/Date Updater' successfully

2018-12-11 13:38:56 - [TEST_CASE][PASSED] - Test Cases/Final Aug 2018 - PKS Automation/Registration Module/New Registration/Form 2/Date Updater: Test Cases/Final Aug 2018 - PKS Automation/Registration Module/New Registration/Form 2/Date Updater

2018-12-11 13:38:56 - [TEST_STEP][PASSED] - Statement - TodayDate = new java.util.Date(): null

2018-12-11 13:38:56 - [TEST_STEP][PASSED] - Statement - CurrentDateNoFilter = new java.text.SimpleDateFormat(): null

2018-12-11 13:38:56 - [TEST_STEP][PASSED] - Statement - CurrentDateNoFilter.applyPattern("MM"): null

2018-12-11 13:38:56 - [TEST_STEP][PASSED] - Statement - monthContainerMatcher = java.lang.Integer.parseInt(CurrentDateNoFilter.format(TodayDate)): null

2018-12-11 13:38:56 - [TEST_STEP][PASSED] - Statement - monthContainerMatcher = monthContainerMatcher - 1: null

2018-12-11 13:38:56 - [TEST_STEP][PASSED] - Statement - CurrentMonth = monthContainerMatcher.toString(): null

2018-12-11 13:38:56 - [TEST_STEP][PASSED] - Statement - CurrentMonth = CurrentMonth: null

2018-12-11 13:38:56 - [TEST_STEP][PASSED] - Statement - CurrentDateNoFilter.applyPattern("yyyy"): null

2018-12-11 13:38:56 - [TEST_STEP][PASSED] - Statement - CurrentYear = CurrentDateNoFilter.format(TodayDate): null

2018-12-11 13:38:56 - [TEST_STEP][PASSED] - Statement - CurrentYear = CurrentYear: null

2018-12-11 13:38:56 - [TEST_STEP][PASSED] - Statement - intCurrentYear = java.lang.Integer.parseInt(CurrentDateNoFilter.format(TodayDate)): null

2018-12-11 13:38:56 - [TEST_STEP][PASSED] - Statement - eighteenYrsAgo = intCurrentYear - 18: null

2018-12-11 13:38:56 - [TEST_STEP][PASSED] - Statement - eighteenYrsBeforeThisYr = eighteenYrsAgo.toString(): null

2018-12-11 13:38:56 - [TEST_STEP][PASSED] - Statement - EighteenYrsBefore = eighteenYrsBeforeThisYr: null

2018-12-11 13:38:56 - [TEST_STEP][PASSED] - Statement - fiftysevenYrsAgo = intCurrentYear - 57: null

2018-12-11 13:38:56 - [TEST_STEP][PASSED] - Statement - fiftysevenYrsBeforeThisYr = fiftysevenYrsAgo.toString(): null

2018-12-11 13:38:56 - [TEST_STEP][PASSED] - Statement - FiftysevenYrsBefore = fiftysevenYrsBeforeThisYr: null

2018-12-11 13:38:56 - [TEST_STEP][PASSED] - Statement - leapYear = false: null

2018-12-11 13:38:56 - [TEST_STEP][PASSED] - Statement - leapYear = intCurrentYear % 4 == 0: null

2018-12-11 13:38:56 - [TEST_STEP][PASSED] - Statement - CurrentDateNoFilter.applyPattern("dd"): null

2018-12-11 13:38:56 - [TEST_STEP][PASSED] - Statement - CurrentDate = CurrentDateNoFilter.format(TodayDate): null

2018-12-11 13:38:56 - [TEST_STEP][PASSED] - Statement - CurrentDate = java.lang.Integer.parseInt(CurrentDate): null

2018-12-11 13:38:56 - [TEST_STEP][PASSED] - Statement - CurrentDate = CurrentDate: null

2018-12-11 13:38:56 - [TEST_STEP][PASSED] - Statement - CurrentDay = java.lang.Integer.parseInt(CurrentDate): null

2018-12-11 13:38:56 - [TEST_STEP][PASSED] - Statement - ConfAdder = <not implemented yet for class: org.codehaus.groovy.ast.expr.EmptyExpression>: null

2018-12-11 13:38:56 - [TEST_STEP][PASSED] - Statement - out.println(CurrentMonth): null

2018-12-11 13:38:56 - [TEST_STEP][PASSED] - Statement - out.println(CurrentDate): null

2018-12-11 13:38:56 - [TEST_STEP][PASSED] - Statement - switch (CurrentDate): null

2018-12-11 13:38:56 - [TEST_STEP][PASSED] - Statement - Default: null

2018-12-11 13:38:56 - [TEST_STEP][PASSED] - Statement - ConfAdder = true: null

2018-12-11 13:38:56 - [TEST_STEP][PASSED] - Statement - Break: null

2018-12-11 13:38:56 - [TEST_STEP][PASSED] - Statement - aDayBefore = <not implemented yet for class: org.codehaus.groovy.ast.expr.EmptyExpression>: null

2018-12-11 13:38:56 - [TEST_STEP][PASSED] - Statement - out.println(ConfAdder): null

2018-12-11 13:38:56 - [TEST_STEP][PASSED] - Statement - If (ConfAdder == true): null

2018-12-11 13:38:56 - [TEST_STEP][PASSED] - Statement - aDayBefore = CurrentDay + 1: null

2018-12-11 13:38:56 - [TEST_STEP][PASSED] - Statement - out.println(aDayBefore): null

2018-12-11 13:38:56 - [TEST_STEP][PASSED] - Statement - If (aDayBefore == 1 && CurrentMonth == 11): null

2018-12-11 13:38:56 - [TEST_STEP][PASSED] - Statement - DayBefore = aDayBefore.toString(): null

2018-12-11 13:38:56 - [TEST_STEP][PASSED] - Statement - OneDayBefore = DayBefore: null

2018-12-11 13:38:56 - [MESSAGE][PASSED] - Call Test Case 'Test Cases/Final Aug 2018 - PKS Automation/Registration Module/New Registration/Form 2/Date Updater' successfully

2018-12-11 13:38:56 - [TEST_STEP][PASSED] - delay: Delayed 1 second(s)

2018-12-11 13:38:57 - [MESSAGE][PASSED] - Delayed 1 second(s)

2018-12-11 13:38:57 - [TEST_STEP][PASSED] - Statement - CaseReferenceNo = com.kms.katalon.core.webui.keyword.WebUiBuiltInKeywords.getText(com.kms.katalon.core.testobject.ObjectRepository.findTestObject(Final Object Repo/New Registration - Registration Module Pages/Form 2/RefNo Acquiring)): Text of object 'Object Repository/Final Object Repo/New Registration - Registration Module Pages/Form 2/RefNo Acquiring' is: 'CRN12201800123169'

2018-12-11 13:38:57 - [MESSAGE][PASSED] - Text of object 'Object Repository/Final Object Repo/New Registration - Registration Module Pages/Form 2/RefNo Acquiring' is: 'CRN12201800123169'

2018-12-11 13:38:57 - [TEST_STEP][PASSED] - delay: Delayed 1 second(s)

2018-12-11 13:38:58 - [MESSAGE][PASSED] - Delayed 1 second(s)

2018-12-11 13:38:58 - [TEST_STEP][PASSED] - click: Object: 'Object Repository/Final Object Repo/New Registration - Registration Module Pages/Form 2/Add Employee Button' is clicked on

2018-12-11 13:38:58 - [MESSAGE][PASSED] - Object: 'Object Repository/Final Object Repo/New Registration - Registration Module Pages/Form 2/Add Employee Button' is clicked on

2018-12-11 13:38:58 - [TEST_STEP][PASSED] - delay: Delayed 1 second(s)

2018-12-11 13:38:59 - [MESSAGE][PASSED] - Delayed 1 second(s)

2018-12-11 13:38:59 - [TEST_STEP][PASSED] - setText: Text '010903091963' is set on object 'Object Repository/Final Object Repo/New Registration - Registration Module Pages/Form 2/NRIC Input'

2018-12-11 13:38:59 - [MESSAGE][PASSED] - Text '010903091963' is set on object 'Object Repository/Final Object Repo/New Registration - Registration Module Pages/Form 2/NRIC Input'

2018-12-11 13:38:59 - [TEST_STEP][PASSED] - click: Object: 'Object Repository/Final Object Repo/New Registration - Registration Module Pages/Form 2/button for search for IC' is clicked on

2018-12-11 13:38:59 - [MESSAGE][PASSED] - Object: 'Object Repository/Final Object Repo/New Registration - Registration Module Pages/Form 2/button for search for IC' is clicked on

2018-12-11 13:38:59 - [TEST_STEP][PASSED] - delay: Delayed 2 second(s)

2018-12-11 13:39:01 - [MESSAGE][PASSED] - Delayed 2 second(s)

2018-12-11 13:39:01 - [TEST_STEP][PASSED] - setText: Text 'Automate001 eligible 1' is set on object 'Object Repository/Final Object Repo/New Registration - Registration Module Pages/Form 2/Employee Name Input'

2018-12-11 13:39:02 - [MESSAGE][PASSED] - Text 'Automate001 eligible 1' is set on object 'Object Repository/Final Object Repo/New Registration - Registration Module Pages/Form 2/Employee Name Input'

2018-12-11 13:39:02 - [TEST_STEP][PASSED] - delay: Delayed 2 second(s)

2018-12-11 13:39:04 - [MESSAGE][PASSED] - Delayed 2 second(s)

2018-12-11 13:39:04 - [TEST_STEP][PASSED] - click: Object: 'Object Repository/Final Object Repo/New Registration - Registration Module Pages/Form 2/DatePicker Pop Up' is clicked on

2018-12-11 13:39:04 - [MESSAGE][PASSED] - Object: 'Object Repository/Final Object Repo/New Registration - Registration Module Pages/Form 2/DatePicker Pop Up' is clicked on

2018-12-11 13:39:04 - [TEST_STEP][PASSED] - click: Object: 'Object Repository/Final Object Repo/New Registration - Registration Module Pages/Form 2/DOB Month' is clicked on

2018-12-11 13:39:04 - [MESSAGE][PASSED] - Object: 'Object Repository/Final Object Repo/New Registration - Registration Module Pages/Form 2/DOB Month' is clicked on

2018-12-11 13:39:04 - [TEST_STEP][PASSED] - Statement - CurrentMonth = CurrentMonth: null

2018-12-11 13:39:04 - [TEST_STEP][PASSED] - Statement - selectMonth = new com.kms.katalon.core.testobject.TestObject(): null

2018-12-11 13:39:04 - [TEST_STEP][PASSED] - Statement - selectMonth.addProperty("xpath", EQUALS, "//body/div/div/div/select/option[@value='" + CurrentMonth + "']", true): null

2018-12-11 13:39:04 - [TEST_STEP][PASSED] - click: Object: '' is clicked on

2018-12-11 13:39:05 - [MESSAGE][PASSED] - Object: '' is clicked on

2018-12-11 13:39:05 - [TEST_STEP][PASSED] - click: Object: 'Object Repository/Final Object Repo/New Registration - Registration Module Pages/Form 2/DOB Year' is clicked on

2018-12-11 13:39:05 - [MESSAGE][PASSED] - Object: 'Object Repository/Final Object Repo/New Registration - Registration Module Pages/Form 2/DOB Year' is clicked on

2018-12-11 13:39:05 - [TEST_STEP][PASSED] - Statement - Eyearsbf = EighteenYrsBefore: null

2018-12-11 13:39:05 - [TEST_STEP][PASSED] - Statement - selectYear = new com.kms.katalon.core.testobject.TestObject(): null

2018-12-11 13:39:05 - [TEST_STEP][PASSED] - Statement - selectYear.addProperty("xpath", EQUALS, "//div/div/div/select/option[@value='" + Eyearsbf + "']", true): null

2018-12-11 13:39:05 - [TEST_STEP][PASSED] - click: Object: '' is clicked on

2018-12-11 13:39:05 - [MESSAGE][PASSED] - Object: '' is clicked on

2018-12-11 13:39:05 - [TEST_STEP][PASSED] - Statement - UpdatedSelectDate = com.kms.katalon.core.webui.keyword.WebUiBuiltInKeywords.modifyObjectProperty(com.kms.katalon.core.testobject.ObjectRepository.findTestObject(Final Object Repo/New Registration - Registration Module Pages/Form 2/DOB Date), "xpath", "equals", "//body/div/table/tbody/tr/td/a[text()="" + CurrentDate + ""]", true): Modify property of object successfully

2018-12-11 13:39:05 - [MESSAGE][PASSED] - Modify property of object successfully

2018-12-11 13:39:05 - [TEST_STEP][PASSED] - delay: Delayed 3 second(s)

2018-12-11 13:39:08 - [MESSAGE][PASSED] - Delayed 3 second(s)

2018-12-11 13:39:08 - [TEST_STEP][PASSED] - click: Object: 'Object Repository/Final Object Repo/New Registration - Registration Module Pages/Form 2/DOB Date' is clicked on

2018-12-11 13:39:08 - [MESSAGE][PASSED] - Object: 'Object Repository/Final Object Repo/New Registration - Registration Module Pages/Form 2/DOB Date' is clicked on

2018-12-11 13:39:08 - [TEST_STEP][PASSED] - delay: Delayed 2 second(s)

2018-12-11 13:39:10 - [MESSAGE][PASSED] - Delayed 2 second(s)

2018-12-11 13:39:10 - [TEST_STEP][PASSED] - click: Object: 'Object Repository/Final Object Repo/New Registration - Registration Module Pages/Form 2/EmploymentStartDate Pop Up' is clicked on

2018-12-11 13:39:10 - [MESSAGE][PASSED] - Object: 'Object Repository/Final Object Repo/New Registration - Registration Module Pages/Form 2/EmploymentStartDate Pop Up' is clicked on

2018-12-11 13:39:10 - [TEST_STEP][PASSED] - delay: Delayed 2 second(s)

2018-12-11 13:39:12 - [MESSAGE][PASSED] - Delayed 2 second(s)

2018-12-11 13:39:12 - [TEST_STEP][PASSED] - click: Object: 'Object Repository/Final Object Repo/New Registration - Registration Module Pages/Form 2/Socso Employment StartDate Month' is clicked on

2018-12-11 13:39:12 - [MESSAGE][PASSED] - Object: 'Object Repository/Final Object Repo/New Registration - Registration Module Pages/Form 2/Socso Employment StartDate Month' is clicked on

2018-12-11 13:39:12 - [TEST_STEP][PASSED] - delay: Delayed 1 second(s)

2018-12-11 13:39:13 - [MESSAGE][PASSED] - Delayed 1 second(s)

2018-12-11 13:39:13 - [TEST_STEP][PASSED] - click: Object: 'Object Repository/Final Object Repo/New Registration - Registration Module Pages/Form 2/Select Socso Employement Startdate Month' is clicked on

2018-12-11 13:39:14 - [MESSAGE][PASSED] - Object: 'Object Repository/Final Object Repo/New Registration - Registration Module Pages/Form 2/Select Socso Employement Startdate Month' is clicked on

2018-12-11 13:39:14 - [TEST_STEP][PASSED] - delay: Delayed 2 second(s)

2018-12-11 13:39:16 - [MESSAGE][PASSED] - Delayed 2 second(s)

2018-12-11 13:39:16 - [TEST_STEP][PASSED] - click: Object: 'Object Repository/Final Object Repo/New Registration - Registration Module Pages/Form 2/Socso Employment StartDate Year' is clicked on

2018-12-11 13:39:16 - [MESSAGE][PASSED] - Object: 'Object Repository/Final Object Repo/New Registration - Registration Module Pages/Form 2/Socso Employment StartDate Year' is clicked on

2018-12-11 13:39:16 - [TEST_STEP][PASSED] - delay: Delayed 1 second(s)

2018-12-11 13:39:17 - [MESSAGE][PASSED] - Delayed 1 second(s)

2018-12-11 13:39:17 - [TEST_STEP][PASSED] - click: Object: 'Object Repository/Final Object Repo/New Registration - Registration Module Pages/Form 2/Select Socso Employment Startdate Year' is clicked on

2018-12-11 13:39:17 - [MESSAGE][PASSED] - Object: 'Object Repository/Final Object Repo/New Registration - Registration Module Pages/Form 2/Select Socso Employment Startdate Year' is clicked on

2018-12-11 13:39:17 - [TEST_STEP][PASSED] - delay: Delayed 2 second(s)

2018-12-11 13:39:19 - [MESSAGE][PASSED] - Delayed 2 second(s)

2018-12-11 13:39:19 - [TEST_STEP][PASSED] - click: Object: 'Object Repository/Final Object Repo/New Registration - Registration Module Pages/Form 2/Socso Employment Start Date Day' is clicked on

2018-12-11 13:39:19 - [MESSAGE][PASSED] - Object: 'Object Repository/Final Object Repo/New Registration - Registration Module Pages/Form 2/Socso Employment Start Date Day' is clicked on

2018-12-11 13:39:19 - [TEST_STEP][PASSED] - delay: Delayed 2 second(s)

2018-12-11 13:39:21 - [MESSAGE][PASSED] - Delayed 2 second(s)

2018-12-11 13:39:21 - [TEST_STEP][PASSED] - click: Object: 'Object Repository/Final Object Repo/New Registration - Registration Module Pages/Form 2/Save Button for Add Employee' is clicked on

2018-12-11 13:39:21 - [MESSAGE][PASSED] - Object: 'Object Repository/Final Object Repo/New Registration - Registration Module Pages/Form 2/Save Button for Add Employee' is clicked on

2018-12-11 13:39:21 - [TEST_STEP][PASSED] - delay: Delayed 6 second(s)

2018-12-11 13:39:27 - [MESSAGE][PASSED] - Delayed 6 second(s)

2018-12-11 13:39:27 - [TEST_STEP][PASSED] - click: Object: 'Object Repository/Final Object Repo/New Registration - Registration Module Pages/Form 2/Save and Continue Form 2' is clicked on

2018-12-11 13:39:27 - [MESSAGE][PASSED] - Object: 'Object Repository/Final Object Repo/New Registration - Registration Module Pages/Form 2/Save and Continue Form 2' is clicked on

2018-12-11 13:39:27 - [MESSAGE][PASSED] - Call Test Case 'Test Cases/Final Aug 2018 - PKS Automation/Registration Module/New Registration/Form 2/Add 1 Eligible' successfully

2018-12-11 13:39:27 - [TEST_STEP][PASSED] - callTestCase: Call Test Case 'Test Cases/Final Aug 2018 - PKS Automation/Registration Module/New Registration/Flow of New Registration/Third Screen - Upload Supporting Doc - Preview' successfully

2018-12-11 13:39:28 - [TEST_CASE][PASSED] - Test Cases/Final Aug 2018 - PKS Automation/Registration Module/New Registration/Flow of New Registration/Third Screen - Upload Supporting Doc - Preview: Test Cases/Final Aug 2018 - PKS Automation/Registration Module/New Registration/Flow of New Registration/Third Screen - Upload Supporting Doc - Preview

2018-12-11 13:39:28 - [TEST_STEP][PASSED] - waitForPageLoad: Wait for page load successfully

2018-12-11 13:39:28 - [MESSAGE][PASSED] - Wait for page load successfully

2018-12-11 13:39:28 - [TEST_STEP][PASSED] - Statement - CaseReferenceNo = com.kms.katalon.core.webui.keyword.WebUiBuiltInKeywords.getText(com.kms.katalon.core.testobject.ObjectRepository.findTestObject(Final Object Repo/New Registration - Registration Module Pages/Third Screen - Upload Supporting Doc- Preview/RefNo Acquiring)): Text of object 'Object Repository/Final Object Repo/New Registration - Registration Module Pages/Third Screen - Upload Supporting Doc- Preview/RefNo Acquiring' is: 'CRN12201800123169'

2018-12-11 13:39:28 - [MESSAGE][PASSED] - Text of object 'Object Repository/Final Object Repo/New Registration - Registration Module Pages/Third Screen - Upload Supporting Doc- Preview/RefNo Acquiring' is: 'CRN12201800123169'

2018-12-11 13:39:28 - [TEST_STEP][PASSED] - delay: Delayed 2 second(s)

2018-12-11 13:39:30 - [MESSAGE][PASSED] - Delayed 2 second(s)

2018-12-11 13:39:30 - [TEST_STEP][PASSED] - callTestCase: Call Test Case 'Test Cases/Final Aug 2018 - PKS Automation/Common/Reference Number Setter' successfully

2018-12-11 13:39:30 - [TEST_CASE][PASSED] - Test Cases/Final Aug 2018 - PKS Automation/Common/Reference Number Setter: Test Cases/Final Aug 2018 - PKS Automation/Common/Reference Number Setter

2018-12-11 13:39:30 - [TEST_STEP][PASSED] - Statement - RefNoOldFile = new java.io.File(C://Users//Admin//Desktop//PKS//Automation Reference Point//KatalonReference.txt): null

2018-12-11 13:39:30 - [TEST_STEP][PASSED] - Statement - RefNoOldFile.delete(): null

2018-12-11 13:39:30 - [TEST_STEP][PASSED] - delay: Delayed 5 second(s)

2018-12-11 13:39:35 - [MESSAGE][PASSED] - Delayed 5 second(s)

2018-12-11 13:39:35 - [TEST_STEP][PASSED] - Statement - RefNo = new java.io.File(C://Users//Admin//Desktop//PKS//Automation Reference Point//KatalonReference.txt): null

2018-12-11 13:39:35 - [TEST_STEP][PASSED] - Statement - f2 = new java.io.FileWriter(RefNo, false): null

2018-12-11 13:39:35 - [TEST_STEP][PASSED] - Statement - f2.write(CaseReferenceNo): null

2018-12-11 13:39:35 - [TEST_STEP][PASSED] - Statement - f2.close(): null

2018-12-11 13:39:35 - [TEST_STEP][PASSED] - Statement - out.println("


" + CaseReferenceNo + "


"): null

2018-12-11 13:39:35 - [MESSAGE][PASSED] - Call Test Case 'Test Cases/Final Aug 2018 - PKS Automation/Common/Reference Number Setter' successfully

2018-12-11 13:39:35 - [TEST_STEP][PASSED] - waitForElementClickable: Object 'Object Repository/Final Object Repo/New Registration - Registration Module Pages/Third Screen - Upload Supporting Doc- Preview/Save n Continue in SIP Employee Listing Page' is clickable

2018-12-11 13:39:35 - [MESSAGE][PASSED] - Object 'Object Repository/Final Object Repo/New Registration - Registration Module Pages/Third Screen - Upload Supporting Doc- Preview/Save n Continue in SIP Employee Listing Page' is clickable

2018-12-11 13:39:35 - [TEST_STEP][PASSED] - click: Object: 'Object Repository/Final Object Repo/New Registration - Registration Module Pages/Third Screen - Upload Supporting Doc- Preview/Save n Continue in SIP Employee Listing Page' is clicked on

2018-12-11 13:39:41 - [MESSAGE][PASSED] - Object: 'Object Repository/Final Object Repo/New Registration - Registration Module Pages/Third Screen - Upload Supporting Doc- Preview/Save n Continue in SIP Employee Listing Page' is clicked on

2018-12-11 13:39:41 - [TEST_STEP][PASSED] - delay: Delayed 7 second(s)

2018-12-11 13:39:48 - [MESSAGE][PASSED] - Delayed 7 second(s)

2018-12-11 13:39:48 - [TEST_STEP][PASSED] - click: Object: 'Object Repository/Final Object Repo/New Registration - Registration Module Pages/Third Screen - Upload Supporting Doc- Preview/Add Document Button' is clicked on

2018-12-11 13:39:48 - [MESSAGE][PASSED] - Object: 'Object Repository/Final Object Repo/New Registration - Registration Module Pages/Third Screen - Upload Supporting Doc- Preview/Add Document Button' is clicked on

2018-12-11 13:39:48 - [TEST_STEP][PASSED] - delay: Delayed 30 second(s)

2018-12-11 13:40:18 - [MESSAGE][PASSED] - Delayed 30 second(s)

2018-12-11 13:40:18 - [TEST_STEP][PASSED] - click: Object: 'Object Repository/Final Object Repo/New Registration - Registration Module Pages/Third Screen - Upload Supporting Doc- Preview/Supporting Doc Please Select Drop Down' is clicked on

2018-12-11 13:40:18 - [MESSAGE][PASSED] - Object: 'Object Repository/Final Object Repo/New Registration - Registration Module Pages/Third Screen - Upload Supporting Doc- Preview/Supporting Doc Please Select Drop Down' is clicked on

2018-12-11 13:40:18 - [TEST_STEP][PASSED] - delay: Delayed 2 second(s)

2018-12-11 13:40:20 - [MESSAGE][PASSED] - Delayed 2 second(s)

2018-12-11 13:40:20 - [TEST_STEP][PASSED] - click: Object: 'Object Repository/Final Object Repo/New Registration - Registration Module Pages/Third Screen - Upload Supporting Doc- Preview/Select to Upload Form 1' is clicked on

2018-12-11 13:40:21 - [MESSAGE][PASSED] - Object: 'Object Repository/Final Object Repo/New Registration - Registration Module Pages/Third Screen - Upload Supporting Doc- Preview/Select to Upload Form 1' is clicked on

2018-12-11 13:40:21 - [TEST_STEP][PASSED] - delay: Delayed 2 second(s)

2018-12-11 13:40:23 - [MESSAGE][PASSED] - Delayed 2 second(s)

2018-12-11 13:40:23 - [TEST_STEP][PASSED] - uploadFile: File 'C:\Users\Public\Pictures\Sample Pictures\Koala.jpg' sent to object: 'Object Repository/Final Object Repo/New Registration - Registration Module Pages/Third Screen - Upload Supporting Doc- Preview/Upload File Adding'

2018-12-11 13:40:23 - [MESSAGE][PASSED] - File 'C:\Users\Public\Pictures\Sample Pictures\Koala.jpg' sent to object: 'Object Repository/Final Object Repo/New Registration - Registration Module Pages/Third Screen - Upload Supporting Doc- Preview/Upload File Adding'

2018-12-11 13:40:23 - [TEST_STEP][PASSED] - delay: Delayed 5 second(s)

2018-12-11 13:40:28 - [MESSAGE][PASSED] - Delayed 5 second(s)

2018-12-11 13:40:28 - [TEST_STEP][PASSED] - click: Object: 'Object Repository/Final Object Repo/New Registration - Registration Module Pages/Third Screen - Upload Supporting Doc- Preview/Inner Form Add Document Button' is clicked on

2018-12-11 13:40:28 - [MESSAGE][PASSED] - Object: 'Object Repository/Final Object Repo/New Registration - Registration Module Pages/Third Screen - Upload Supporting Doc- Preview/Inner Form Add Document Button' is clicked on

2018-12-11 13:40:28 - [TEST_STEP][PASSED] - delay: Delayed 3 second(s)

2018-12-11 13:40:31 - [MESSAGE][PASSED] - Delayed 3 second(s)

2018-12-11 13:40:31 - [TEST_STEP][PASSED] - click: Object: 'Object Repository/Final Object Repo/New Registration - Registration Module Pages/Third Screen - Upload Supporting Doc- Preview/Add Document Button' is clicked on

2018-12-11 13:40:32 - [MESSAGE][PASSED] - Object: 'Object Repository/Final Object Repo/New Registration - Registration Module Pages/Third Screen - Upload Supporting Doc- Preview/Add Document Button' is clicked on

2018-12-11 13:40:32 - [TEST_STEP][PASSED] - delay: Delayed 30 second(s)

2018-12-11 13:41:02 - [MESSAGE][PASSED] - Delayed 30 second(s)

2018-12-11 13:41:02 - [TEST_STEP][PASSED] - click: Object: 'Object Repository/Final Object Repo/New Registration - Registration Module Pages/Third Screen - Upload Supporting Doc- Preview/Supporting Doc Please Select Drop Down' is clicked on

2018-12-11 13:41:02 - [MESSAGE][PASSED] - Object: 'Object Repository/Final Object Repo/New Registration - Registration Module Pages/Third Screen - Upload Supporting Doc- Preview/Supporting Doc Please Select Drop Down' is clicked on

2018-12-11 13:41:02 - [TEST_STEP][PASSED] - delay: Delayed 4 second(s)

2018-12-11 13:41:06 - [MESSAGE][PASSED] - Delayed 4 second(s)

2018-12-11 13:41:06 - [TEST_STEP][PASSED] - click: Object: 'Object Repository/Final Object Repo/New Registration - Registration Module Pages/Third Screen - Upload Supporting Doc- Preview/Select to Upload Form 2' is clicked on

2018-12-11 13:41:07 - [MESSAGE][PASSED] - Object: 'Object Repository/Final Object Repo/New Registration - Registration Module Pages/Third Screen - Upload Supporting Doc- Preview/Select to Upload Form 2' is clicked on

2018-12-11 13:41:07 - [TEST_STEP][PASSED] - delay: Delayed 2 second(s)

2018-12-11 13:41:09 - [MESSAGE][PASSED] - Delayed 2 second(s)

2018-12-11 13:41:09 - [TEST_STEP][PASSED] - uploadFile: File 'C:\Users\Public\Pictures\Sample Pictures\Koala.jpg' sent to object: 'Object Repository/Final Object Repo/New Registration - Registration Module Pages/Third Screen - Upload Supporting Doc- Preview/Upload File Adding'

2018-12-11 13:41:09 - [MESSAGE][PASSED] - File 'C:\Users\Public\Pictures\Sample Pictures\Koala.jpg' sent to object: 'Object Repository/Final Object Repo/New Registration - Registration Module Pages/Third Screen - Upload Supporting Doc- Preview/Upload File Adding'

2018-12-11 13:41:09 - [TEST_STEP][PASSED] - click: Object: 'Object Repository/Final Object Repo/New Registration - Registration Module Pages/Third Screen - Upload Supporting Doc- Preview/Inner Form Add Document Button' is clicked on

2018-12-11 13:41:09 - [MESSAGE][PASSED] - Object: 'Object Repository/Final Object Repo/New Registration - Registration Module Pages/Third Screen - Upload Supporting Doc- Preview/Inner Form Add Document Button' is clicked on

2018-12-11 13:41:09 - [TEST_STEP][PASSED] - delay: Delayed 5 second(s)

2018-12-11 13:41:14 - [MESSAGE][PASSED] - Delayed 5 second(s)

2018-12-11 13:41:14 - [TEST_STEP][PASSED] - click: Object: 'Object Repository/Final Object Repo/New Registration - Registration Module Pages/Third Screen - Upload Supporting Doc- Preview/Add Document Button' is clicked on

2018-12-11 13:41:14 - [MESSAGE][PASSED] - Object: 'Object Repository/Final Object Repo/New Registration - Registration Module Pages/Third Screen - Upload Supporting Doc- Preview/Add Document Button' is clicked on

2018-12-11 13:41:14 - [TEST_STEP][PASSED] - delay: Delayed 30 second(s)

2018-12-11 13:41:44 - [MESSAGE][PASSED] - Delayed 30 second(s)

2018-12-11 13:41:44 - [TEST_STEP][PASSED] - click: Object: 'Object Repository/Final Object Repo/New Registration - Registration Module Pages/Third Screen - Upload Supporting Doc- Preview/Supporting Doc Please Select Drop Down' is clicked on

2018-12-11 13:41:44 - [MESSAGE][PASSED] - Object: 'Object Repository/Final Object Repo/New Registration - Registration Module Pages/Third Screen - Upload Supporting Doc- Preview/Supporting Doc Please Select Drop Down' is clicked on

2018-12-11 13:41:44 - [TEST_STEP][PASSED] - click: Object: 'Object Repository/Final Object Repo/New Registration - Registration Module Pages/Third Screen - Upload Supporting Doc- Preview/Select to Upload Borang SIP 1' is clicked on

2018-12-11 13:41:44 - [MESSAGE][PASSED] - Object: 'Object Repository/Final Object Repo/New Registration - Registration Module Pages/Third Screen - Upload Supporting Doc- Preview/Select to Upload Borang SIP 1' is clicked on

2018-12-11 13:41:44 - [TEST_STEP][PASSED] - delay: Delayed 2 second(s)

2018-12-11 13:41:46 - [MESSAGE][PASSED] - Delayed 2 second(s)

2018-12-11 13:41:46 - [TEST_STEP][PASSED] - uploadFile: File 'C:\Users\Public\Pictures\Sample Pictures\Koala.jpg' sent to object: 'Object Repository/Final Object Repo/New Registration - Registration Module Pages/Third Screen - Upload Supporting Doc- Preview/Upload File Adding'

2018-12-11 13:41:47 - [MESSAGE][PASSED] - File 'C:\Users\Public\Pictures\Sample Pictures\Koala.jpg' sent to object: 'Object Repository/Final Object Repo/New Registration - Registration Module Pages/Third Screen - Upload Supporting Doc- Preview/Upload File Adding'

2018-12-11 13:41:47 - [TEST_STEP][PASSED] - click: Object: 'Object Repository/Final Object Repo/New Registration - Registration Module Pages/Third Screen - Upload Supporting Doc- Preview/Inner Form Add Document Button' is clicked on

2018-12-11 13:41:47 - [MESSAGE][PASSED] - Object: 'Object Repository/Final Object Repo/New Registration - Registration Module Pages/Third Screen - Upload Supporting Doc- Preview/Inner Form Add Document Button' is clicked on

2018-12-11 13:41:47 - [TEST_STEP][PASSED] - delay: Delayed 5 second(s)

2018-12-11 13:41:52 - [MESSAGE][PASSED] - Delayed 5 second(s)

2018-12-11 13:41:52 - [TEST_STEP][PASSED] - click: Object: 'Object Repository/Final Object Repo/New Registration - Registration Module Pages/Third Screen - Upload Supporting Doc- Preview/Add Document Button' is clicked on

2018-12-11 13:41:52 - [MESSAGE][PASSED] - Object: 'Object Repository/Final Object Repo/New Registration - Registration Module Pages/Third Screen - Upload Supporting Doc- Preview/Add Document Button' is clicked on

2018-12-11 13:41:52 - [TEST_STEP][PASSED] - delay: Delayed 30 second(s)

2018-12-11 13:42:22 - [MESSAGE][PASSED] - Delayed 30 second(s)

2018-12-11 13:42:22 - [TEST_STEP][PASSED] - click: Object: 'Object Repository/Final Object Repo/New Registration - Registration Module Pages/Third Screen - Upload Supporting Doc- Preview/Supporting Doc Please Select Drop Down' is clicked on

2018-12-11 13:42:22 - [MESSAGE][PASSED] - Object: 'Object Repository/Final Object Repo/New Registration - Registration Module Pages/Third Screen - Upload Supporting Doc- Preview/Supporting Doc Please Select Drop Down' is clicked on

2018-12-11 13:42:22 - [TEST_STEP][PASSED] - delay: Delayed 3 second(s)

2018-12-11 13:42:25 - [MESSAGE][PASSED] - Delayed 3 second(s)

2018-12-11 13:42:25 - [TEST_STEP][PASSED] - click: Object: 'Object Repository/Final Object Repo/New Registration - Registration Module Pages/Third Screen - Upload Supporting Doc- Preview/Select to Upload Borang SIP 2' is clicked on

2018-12-11 13:42:25 - [MESSAGE][PASSED] - Object: 'Object Repository/Final Object Repo/New Registration - Registration Module Pages/Third Screen - Upload Supporting Doc- Preview/Select to Upload Borang SIP 2' is clicked on

2018-12-11 13:42:25 - [TEST_STEP][PASSED] - delay: Delayed 2 second(s)

2018-12-11 13:42:27 - [MESSAGE][PASSED] - Delayed 2 second(s)

2018-12-11 13:42:27 - [TEST_STEP][PASSED] - uploadFile: File 'C:\Users\Public\Pictures\Sample Pictures\Koala.jpg' sent to object: 'Object Repository/Final Object Repo/New Registration - Registration Module Pages/Third Screen - Upload Supporting Doc- Preview/Upload File Adding'

2018-12-11 13:42:27 - [MESSAGE][PASSED] - File 'C:\Users\Public\Pictures\Sample Pictures\Koala.jpg' sent to object: 'Object Repository/Final Object Repo/New Registration - Registration Module Pages/Third Screen - Upload Supporting Doc- Preview/Upload File Adding'

2018-12-11 13:42:27 - [TEST_STEP][PASSED] - delay: Delayed 5 second(s)

2018-12-11 13:42:32 - [MESSAGE][PASSED] - Delayed 5 second(s)

2018-12-11 13:42:32 - [TEST_STEP][PASSED] - click: Object: 'Object Repository/Final Object Repo/New Registration - Registration Module Pages/Third Screen - Upload Supporting Doc- Preview/Inner Form Add Document Button' is clicked on

2018-12-11 13:42:33 - [MESSAGE][PASSED] - Object: 'Object Repository/Final Object Repo/New Registration - Registration Module Pages/Third Screen - Upload Supporting Doc- Preview/Inner Form Add Document Button' is clicked on

2018-12-11 13:42:33 - [TEST_STEP][PASSED] - delay: Delayed 3 second(s)

2018-12-11 13:42:36 - [MESSAGE][PASSED] - Delayed 3 second(s)

2018-12-11 13:42:36 - [TEST_STEP][PASSED] - waitForElementClickable: Object 'Object Repository/Final Object Repo/New Registration - Registration Module Pages/Third Screen - Upload Supporting Doc- Preview/Save n Continue in Uploading Supporting Doc Page' is clickable

2018-12-11 13:42:37 - [MESSAGE][PASSED] - Object 'Object Repository/Final Object Repo/New Registration - Registration Module Pages/Third Screen - Upload Supporting Doc- Preview/Save n Continue in Uploading Supporting Doc Page' is clickable

2018-12-11 13:42:37 - [TEST_STEP][PASSED] - click: Object: 'Object Repository/Final Object Repo/New Registration - Registration Module Pages/Third Screen - Upload Supporting Doc- Preview/Save n Continue in Uploading Supporting Doc Page' is clicked on

2018-12-11 13:42:37 - [MESSAGE][PASSED] - Object: 'Object Repository/Final Object Repo/New Registration - Registration Module Pages/Third Screen - Upload Supporting Doc- Preview/Save n Continue in Uploading Supporting Doc Page' is clicked on

2018-12-11 13:42:37 - [MESSAGE][PASSED] - Call Test Case 'Test Cases/Final Aug 2018 - PKS Automation/Registration Module/New Registration/Flow of New Registration/Third Screen - Upload Supporting Doc - Preview' successfully

2018-12-11 13:42:37 - [TEST_STEP][PASSED] - callTestCase: Call Test Case 'Test Cases/Final Aug 2018 - PKS Automation/Registration Module/New Registration/Submit and Screenshot/Submit Registration and Screenshot' successfully

2018-12-11 13:42:37 - [TEST_CASE][PASSED] - Test Cases/Final Aug 2018 - PKS Automation/Registration Module/New Registration/Submit and Screenshot/Submit Registration and Screenshot: Test Cases/Final Aug 2018 - PKS Automation/Registration Module/New Registration/Submit and Screenshot/Submit Registration and Screenshot

2018-12-11 13:42:37 - [TEST_STEP][PASSED] - delay: Delayed 6 second(s)

2018-12-11 13:42:43 - [MESSAGE][PASSED] - Delayed 6 second(s)

2018-12-11 13:42:43 - [TEST_STEP][PASSED] - click: Object: 'Object Repository/Final Object Repo/New Registration - Registration Module Pages/Third Screen - Upload Supporting Doc- Preview/Preview Submit Button' is clicked on

2018-12-11 13:42:43 - [MESSAGE][PASSED] - Object: 'Object Repository/Final Object Repo/New Registration - Registration Module Pages/Third Screen - Upload Supporting Doc- Preview/Preview Submit Button' is clicked on

2018-12-11 13:42:43 - [TEST_STEP][PASSED] - delay: Delayed 2 second(s)

2018-12-11 13:42:45 - [MESSAGE][PASSED] - Delayed 2 second(s)

2018-12-11 13:42:45 - [TEST_STEP][PASSED] - click: Object: 'Object Repository/Final Object Repo/New Registration - Registration Module Pages/Third Screen - Upload Supporting Doc- Preview/Preview Submit - Confirm' is clicked on

2018-12-11 13:42:45 - [MESSAGE][PASSED] - Object: 'Object Repository/Final Object Repo/New Registration - Registration Module Pages/Third Screen - Upload Supporting Doc- Preview/Preview Submit - Confirm' is clicked on

2018-12-11 13:42:45 - [TEST_STEP][PASSED] - delay: Delayed 15 second(s)

2018-12-11 13:43:00 - [MESSAGE][PASSED] - Delayed 15 second(s)

2018-12-11 13:43:00 - [TEST_STEP][PASSED] - Statement - driver = com.kms.katalon.core.webui.driver.DriverFactory.getWebDriver(): null

2018-12-11 13:43:00 - [TEST_STEP][PASSED] - Statement - driver.manage().timeouts().implicitlyWait(10, SECONDS): null

2018-12-11 13:43:00 - [TEST_STEP][PASSED] - Statement - PresavePath = KatalonScreenshots: null

2018-12-11 13:43:00 - [TEST_STEP][PASSED] - Statement - pathPrefix = "C:\Users\Public\Pictures\Sample Pictures\Katalon Screenshots\Automate Ending Screen": null

2018-12-11 13:43:00 - [TEST_STEP][PASSED] - Statement - finalPath = <not implemented yet for class: org.codehaus.groovy.ast.expr.EmptyExpression>: null

2018-12-11 13:43:00 - [TEST_STEP][PASSED] - Statement - scrFile = driver.getScreenshotAs(FILE): null

2018-12-11 13:43:01 - [TEST_STEP][PASSED] - Statement - PreSaveFile = new java.io.File(PresavePath): null

2018-12-11 13:43:01 - [TEST_STEP][PASSED] - Statement - counter = 0: null

2018-12-11 13:43:01 - [TEST_STEP][PASSED] - Statement - If (PreSaveFile.exists()): null

2018-12-11 13:43:01 - [TEST_STEP][PASSED] - Statement - While (PreSaveFile.exists()): null

2018-12-11 13:43:01 - [TEST_STEP][PASSED] - Statement - counter = counter + 1: null

2018-12-11 13:43:01 - [TEST_STEP][PASSED] - Statement - PreSaveFile = new java.io.File(((pathPrefix + java.lang.Integer.toString(counter)) + .png)): null

2018-12-11 13:43:01 - [TEST_STEP][PASSED] - Statement - counter = counter + 1: null

2018-12-11 13:43:01 - [TEST_STEP][PASSED] - Statement - PreSaveFile = new java.io.File(((pathPrefix + java.lang.Integer.toString(counter)) + .png)): null

2018-12-11 13:43:01 - [TEST_STEP][PASSED] - Statement - counter = counter + 1: null

2018-12-11 13:43:01 - [TEST_STEP][PASSED] - Statement - PreSaveFile = new java.io.File(((pathPrefix + java.lang.Integer.toString(counter)) + .png)): null

2018-12-11 13:43:01 - [TEST_STEP][PASSED] - Statement - counter = counter + 1: null

2018-12-11 13:43:01 - [TEST_STEP][PASSED] - Statement - PreSaveFile = new java.io.File(((pathPrefix + java.lang.Integer.toString(counter)) + .png)): null

2018-12-11 13:43:01 - [TEST_STEP][PASSED] - Statement - counter = counter + 1: null

2018-12-11 13:43:01 - [TEST_STEP][PASSED] - Statement - PreSaveFile = new java.io.File(((pathPrefix + java.lang.Integer.toString(counter)) + .png)): null

2018-12-11 13:43:01 - [TEST_STEP][PASSED] - Statement - counter = counter + 1: null

2018-12-11 13:43:01 - [TEST_STEP][PASSED] - Statement - PreSaveFile = new java.io.File(((pathPrefix + java.lang.Integer.toString(counter)) + .png)): null

2018-12-11 13:43:01 - [TEST_STEP][PASSED] - Statement - counter = counter + 1: null

2018-12-11 13:43:01 - [TEST_STEP][PASSED] - Statement - PreSaveFile = new java.io.File(((pathPrefix + java.lang.Integer.toString(counter)) + .png)): null

2018-12-11 13:43:01 - [TEST_STEP][PASSED] - Statement - counter = counter + 1: null

2018-12-11 13:43:01 - [TEST_STEP][PASSED] - Statement - PreSaveFile = new java.io.File(((pathPrefix + java.lang.Integer.toString(counter)) + .png)): null

2018-12-11 13:43:01 - [TEST_STEP][PASSED] - Statement - counter = counter + 1: null

2018-12-11 13:43:01 - [TEST_STEP][PASSED] - Statement - PreSaveFile = new java.io.File(((pathPrefix + java.lang.Integer.toString(counter)) + .png)): null

2018-12-11 13:43:01 - [TEST_STEP][PASSED] - Statement - counter = counter + 1: null

2018-12-11 13:43:01 - [TEST_STEP][PASSED] - Statement - PreSaveFile = new java.io.File(((pathPrefix + java.lang.Integer.toString(counter)) + .png)): null

2018-12-11 13:43:01 - [TEST_STEP][PASSED] - Statement - counter = counter + 1: null

2018-12-11 13:43:01 - [TEST_STEP][PASSED] - Statement - PreSaveFile = new java.io.File(((pathPrefix + java.lang.Integer.toString(counter)) + .png)): null

2018-12-11 13:43:01 - [TEST_STEP][PASSED] - Statement - counter = counter + 1: null

2018-12-11 13:43:01 - [TEST_STEP][PASSED] - Statement - PreSaveFile = new java.io.File(((pathPrefix + java.lang.Integer.toString(counter)) + .png)): null

2018-12-11 13:43:01 - [TEST_STEP][PASSED] - Statement - counter = counter + 1: null

2018-12-11 13:43:01 - [TEST_STEP][PASSED] - Statement - PreSaveFile = new java.io.File(((pathPrefix + java.lang.Integer.toString(counter)) + .png)): null

2018-12-11 13:43:01 - [TEST_STEP][PASSED] - Statement - counter = counter + 1: null

2018-12-11 13:43:01 - [TEST_STEP][PASSED] - Statement - PreSaveFile = new java.io.File(((pathPrefix + java.lang.Integer.toString(counter)) + .png)): null

2018-12-11 13:43:01 - [TEST_STEP][PASSED] - Statement - counter = counter + 1: null

2018-12-11 13:43:01 - [TEST_STEP][PASSED] - Statement - PreSaveFile = new java.io.File(((pathPrefix + java.lang.Integer.toString(counter)) + .png)): null

2018-12-11 13:43:01 - [TEST_STEP][PASSED] - Statement - counter = counter + 1: null

2018-12-11 13:43:01 - [TEST_STEP][PASSED] - Statement - PreSaveFile = new java.io.File(((pathPrefix + java.lang.Integer.toString(counter)) + .png)): null

2018-12-11 13:43:01 - [TEST_STEP][PASSED] - Statement - counter = counter + 1: null

2018-12-11 13:43:01 - [TEST_STEP][PASSED] - Statement - PreSaveFile = new java.io.File(((pathPrefix + java.lang.Integer.toString(counter)) + .png)): null

2018-12-11 13:43:01 - [TEST_STEP][PASSED] - Statement - counter = counter + 1: null

2018-12-11 13:43:01 - [TEST_STEP][PASSED] - Statement - PreSaveFile = new java.io.File(((pathPrefix + java.lang.Integer.toString(counter)) + .png)): null

2018-12-11 13:43:01 - [TEST_STEP][PASSED] - Statement - counter = counter + 1: null

2018-12-11 13:43:01 - [TEST_STEP][PASSED] - Statement - PreSaveFile = new java.io.File(((pathPrefix + java.lang.Integer.toString(counter)) + .png)): null

2018-12-11 13:43:01 - [TEST_STEP][PASSED] - Statement - counter = counter + 1: null

2018-12-11 13:43:01 - [TEST_STEP][PASSED] - Statement - PreSaveFile = new java.io.File(((pathPrefix + java.lang.Integer.toString(counter)) + .png)): null

2018-12-11 13:43:01 - [TEST_STEP][PASSED] - Statement - counter = counter + 1: null

2018-12-11 13:43:01 - [TEST_STEP][PASSED] - Statement - PreSaveFile = new java.io.File(((pathPrefix + java.lang.Integer.toString(counter)) + .png)): null

2018-12-11 13:43:01 - [TEST_STEP][PASSED] - Statement - counter = counter + 1: null

2018-12-11 13:43:01 - [TEST_STEP][PASSED] - Statement - PreSaveFile = new java.io.File(((pathPrefix + java.lang.Integer.toString(counter)) + .png)): null

2018-12-11 13:43:01 - [TEST_STEP][PASSED] - Statement - counter = counter + 1: null

2018-12-11 13:43:01 - [TEST_STEP][PASSED] - Statement - PreSaveFile = new java.io.File(((pathPrefix + java.lang.Integer.toString(counter)) + .png)): null

2018-12-11 13:43:01 - [TEST_STEP][PASSED] - Statement - counter = counter + 1: null

2018-12-11 13:43:01 - [TEST_STEP][PASSED] - Statement - PreSaveFile = new java.io.File(((pathPrefix + java.lang.Integer.toString(counter)) + .png)): null

2018-12-11 13:43:01 - [TEST_STEP][PASSED] - Statement - counter = counter + 1: null

2018-12-11 13:43:01 - [TEST_STEP][PASSED] - Statement - PreSaveFile = new java.io.File(((pathPrefix + java.lang.Integer.toString(counter)) + .png)): null

2018-12-11 13:43:01 - [TEST_STEP][PASSED] - Statement - counter = counter + 1: null

2018-12-11 13:43:01 - [TEST_STEP][PASSED] - Statement - PreSaveFile = new java.io.File(((pathPrefix + java.lang.Integer.toString(counter)) + .png)): null

2018-12-11 13:43:01 - [TEST_STEP][PASSED] - Statement - counter = counter + 1: null

2018-12-11 13:43:01 - [TEST_STEP][PASSED] - Statement - PreSaveFile = new java.io.File(((pathPrefix + java.lang.Integer.toString(counter)) + .png)): null

2018-12-11 13:43:01 - [TEST_STEP][PASSED] - Statement - counter = counter + 1: null

2018-12-11 13:43:01 - [TEST_STEP][PASSED] - Statement - PreSaveFile = new java.io.File(((pathPrefix + java.lang.Integer.toString(counter)) + .png)): null

2018-12-11 13:43:01 - [TEST_STEP][PASSED] - Statement - counter = counter + 1: null

2018-12-11 13:43:01 - [TEST_STEP][PASSED] - Statement - PreSaveFile = new java.io.File(((pathPrefix + java.lang.Integer.toString(counter)) + .png)): null

2018-12-11 13:43:01 - [TEST_STEP][PASSED] - Statement - counter = counter + 1: null

2018-12-11 13:43:01 - [TEST_STEP][PASSED] - Statement - PreSaveFile = new java.io.File(((pathPrefix + java.lang.Integer.toString(counter)) + .png)): null

2018-12-11 13:43:01 - [TEST_STEP][PASSED] - Statement - counter = counter + 1: null

2018-12-11 13:43:01 - [TEST_STEP][PASSED] - Statement - PreSaveFile = new java.io.File(((pathPrefix + java.lang.Integer.toString(counter)) + .png)): null

2018-12-11 13:43:01 - [TEST_STEP][PASSED] - Statement - counter = counter + 1: null

2018-12-11 13:43:01 - [TEST_STEP][PASSED] - Statement - PreSaveFile = new java.io.File(((pathPrefix + java.lang.Integer.toString(counter)) + .png)): null

2018-12-11 13:43:01 - [TEST_STEP][PASSED] - Statement - counter = counter + 1: null

2018-12-11 13:43:01 - [TEST_STEP][PASSED] - Statement - PreSaveFile = new java.io.File(((pathPrefix + java.lang.Integer.toString(counter)) + .png)): null

2018-12-11 13:43:01 - [TEST_STEP][PASSED] - Statement - counter = counter + 1: null

2018-12-11 13:43:01 - [TEST_STEP][PASSED] - Statement - PreSaveFile = new java.io.File(((pathPrefix + java.lang.Integer.toString(counter)) + .png)): null

2018-12-11 13:43:01 - [TEST_STEP][PASSED] - Statement - counter = counter + 1: null

2018-12-11 13:43:01 - [TEST_STEP][PASSED] - Statement - PreSaveFile = new java.io.File(((pathPrefix + java.lang.Integer.toString(counter)) + .png)): null

2018-12-11 13:43:01 - [TEST_STEP][PASSED] - Statement - counter = counter + 1: null

2018-12-11 13:43:01 - [TEST_STEP][PASSED] - Statement - PreSaveFile = new java.io.File(((pathPrefix + java.lang.Integer.toString(counter)) + .png)): null

2018-12-11 13:43:01 - [TEST_STEP][PASSED] - Statement - counter = counter + 1: null

2018-12-11 13:43:01 - [TEST_STEP][PASSED] - Statement - PreSaveFile = new java.io.File(((pathPrefix + java.lang.Integer.toString(counter)) + .png)): null

2018-12-11 13:43:01 - [TEST_STEP][PASSED] - Statement - counter = counter + 1: null

2018-12-11 13:43:01 - [TEST_STEP][PASSED] - Statement - PreSaveFile = new java.io.File(((pathPrefix + java.lang.Integer.toString(counter)) + .png)): null

2018-12-11 13:43:01 - [TEST_STEP][PASSED] - Statement - counter = counter + 1: null

2018-12-11 13:43:01 - [TEST_STEP][PASSED] - Statement - PreSaveFile = new java.io.File(((pathPrefix + java.lang.Integer.toString(counter)) + .png)): null

2018-12-11 13:43:01 - [TEST_STEP][PASSED] - Statement - counter = counter + 1: null

2018-12-11 13:43:01 - [TEST_STEP][PASSED] - Statement - PreSaveFile = new java.io.File(((pathPrefix + java.lang.Integer.toString(counter)) + .png)): null

2018-12-11 13:43:01 - [TEST_STEP][PASSED] - Statement - counter = counter + 1: null

2018-12-11 13:43:01 - [TEST_STEP][PASSED] - Statement - PreSaveFile = new java.io.File(((pathPrefix + java.lang.Integer.toString(counter)) + .png)): null

2018-12-11 13:43:01 - [TEST_STEP][PASSED] - Statement - finalPath = pathPrefix + java.lang.Integer.toString(counter) + ".png": null

2018-12-11 13:43:01 - [TEST_STEP][PASSED] - Statement - SaveFile = new java.io.File(finalPath): null

2018-12-11 13:43:01 - [TEST_STEP][PASSED] - Statement - Try: null

2018-12-11 13:43:01 - [TEST_STEP][PASSED] - Statement - org.apache.commons.io.FileUtils.copyFile(scrFile, SaveFile): null

2018-12-11 13:43:01 - [TEST_STEP][PASSED] - Statement - out.println("file kept"): null

2018-12-11 13:43:01 - [TEST_STEP][PASSED] - delay: Delayed 10 second(s)

2018-12-11 13:43:11 - [MESSAGE][PASSED] - Delayed 10 second(s)

2018-12-11 13:43:11 - [MESSAGE][PASSED] - Call Test Case 'Test Cases/Final Aug 2018 - PKS Automation/Registration Module/New Registration/Submit and Screenshot/Submit Registration and Screenshot' successfully

2018-12-11 13:43:11 - [TEST_STEP][PASSED] - callTestCase: Call Test Case 'Test Cases/Final Aug 2018 - PKS Automation/Registration Module/Log Out/log out avoiding katalon tagging' successfully

2018-12-11 13:43:11 - [TEST_CASE][PASSED] - Test Cases/Final Aug 2018 - PKS Automation/Registration Module/Log Out/log out avoiding katalon tagging: Test Cases/Final Aug 2018 - PKS Automation/Registration Module/Log Out/log out avoiding katalon tagging

2018-12-11 13:43:11 - [TEST_STEP][PASSED] - navigateToUrl: Navigate to 'https://assist2-uat.perkeso.gov.my/c/portal/logout' successfully

2018-12-11 13:43:12 - [MESSAGE][PASSED] - Navigate to 'https://assist2-uat.perkeso.gov.my/c/portal/logout' successfully

2018-12-11 13:43:12 - [MESSAGE][PASSED] - Call Test Case 'Test Cases/Final Aug 2018 - PKS Automation/Registration Module/Log Out/log out avoiding katalon tagging' successfully

2018-12-11 13:43:12 - [TEST_STEP][PASSED] - callTestCase: Call Test Case 'Test Cases/Final Aug 2018 - PKS Automation/Common/Workflow Owner Finder' successfully

2018-12-11 13:43:12 - [TEST_CASE][PASSED] - Test Cases/Final Aug 2018 - PKS Automation/Common/Workflow Owner Finder: Test Cases/Final Aug 2018 - PKS Automation/Common/Workflow Owner Finder

2018-12-11 13:43:12 - [TEST_STEP][PASSED] - openBrowser: Browser is opened with url: ''

2018-12-11 13:43:12 - [MESSAGE][WARNING] - A browser is already opened. Closing browser and opening a new one

2018-12-11 13:43:16 - [MESSAGE][PASSED] - Browser is opened with url: ''

2018-12-11 13:43:16 - [TEST_STEP][PASSED] - navigateToUrl: Navigate to 'https://assist2-uat.perkeso.gov.my/login' successfully

2018-12-11 13:43:17 - [MESSAGE][PASSED] - Navigate to 'https://assist2-uat.perkeso.gov.my/login' successfully

2018-12-11 13:43:17 - [TEST_STEP][PASSED] - delay: Delayed 5 second(s)

2018-12-11 13:43:22 - [MESSAGE][PASSED] - Delayed 5 second(s)

2018-12-11 13:43:22 - [TEST_STEP][PASSED] - setText: Text 'test@liferay.com' is set on object 'Object Repository/Final Object Repo/Login Page/Internal User/Email Address'

2018-12-11 13:43:23 - [MESSAGE][PASSED] - Text 'test@liferay.com' is set on object 'Object Repository/Final Object Repo/Login Page/Internal User/Email Address'

2018-12-11 13:43:23 - [TEST_STEP][PASSED] - click: Object: 'Object Repository/Final Object Repo/Login Page/Internal User/Next Button' is clicked on

2018-12-11 13:43:23 - [MESSAGE][PASSED] - Object: 'Object Repository/Final Object Repo/Login Page/Internal User/Next Button' is clicked on

2018-12-11 13:43:23 - [TEST_STEP][PASSED] - delay: Delayed 2 second(s)

2018-12-11 13:43:25 - [MESSAGE][PASSED] - Delayed 2 second(s)

2018-12-11 13:43:25 - [TEST_STEP][PASSED] - setText: Text 'test' is set on object 'Object Repository/Final Object Repo/Login Page/Internal User/Password'

2018-12-11 13:43:25 - [MESSAGE][PASSED] - Text 'test' is set on object 'Object Repository/Final Object Repo/Login Page/Internal User/Password'

2018-12-11 13:43:25 - [TEST_STEP][PASSED] - delay: Delayed 2 second(s)

2018-12-11 13:43:27 - [MESSAGE][PASSED] - Delayed 2 second(s)

2018-12-11 13:43:27 - [TEST_STEP][PASSED] - click: Object: 'Object Repository/Final Object Repo/Login Page/Internal User/Login Button' is clicked on

2018-12-11 13:43:27 - [MESSAGE][PASSED] - Object: 'Object Repository/Final Object Repo/Login Page/Internal User/Login Button' is clicked on

2018-12-11 13:43:27 - [TEST_STEP][PASSED] - Statement - tester = com.kms.katalon.core.testobject.ObjectRepository.findTestObject(Final Object Repo/Landing Page/Select to English): Finding Test Object with id 'Object Repository/Final Object Repo/Landing Page/Select to English'

2018-12-11 13:43:27 - [TEST_STEP][PASSED] - Statement - Try: Delayed 2 second(s)

2018-12-11 13:43:27 - [TEST_STEP][PASSED] - Statement - Checker = com.kms.katalon.core.webui.keyword.WebUiBuiltInKeywords.verifyElementNotPresent(tester, 3): Web element with id: 'Object Repository/Final Object Repo/Landing Page/Select to English' located by 'By.xpath: //a[@class = 'taglib-language-list-text' and @lang = 'en-US' and (contains(text(), 'EN') or contains(., 'EN'))]' is not present after '3' second(s)

2018-12-11 13:43:29 - [MESSAGE][PASSED] - Web element with id: 'Object Repository/Final Object Repo/Landing Page/Select to English' located by 'By.xpath: //a[@class = 'taglib-language-list-text' and @lang = 'en-US' and (contains(text(), 'EN') or contains(., 'EN'))]' is not present after '3' second(s)

2018-12-11 13:43:29 - [TEST_STEP][PASSED] - Statement - If (Checker == false): null

2018-12-11 13:43:29 - [TEST_STEP][PASSED] - delay: Delayed 2 second(s)

2018-12-11 13:43:31 - [MESSAGE][PASSED] - Delayed 2 second(s)

2018-12-11 13:43:31 - [TEST_STEP][PASSED] - delay: Delayed 5 second(s)

2018-12-11 13:43:36 - [MESSAGE][PASSED] - Delayed 5 second(s)

2018-12-11 13:43:36 - [TEST_STEP][PASSED] - mouseOver: Object: 'Object Repository/Final Object Repo/Landing Page/WorkFlow Menu' is hovered

2018-12-11 13:43:36 - [MESSAGE][PASSED] - Object: 'Object Repository/Final Object Repo/Landing Page/WorkFlow Menu' is hovered

2018-12-11 13:43:36 - [TEST_STEP][PASSED] - delay: Delayed 2 second(s)

2018-12-11 13:43:38 - [MESSAGE][PASSED] - Delayed 2 second(s)

2018-12-11 13:43:38 - [TEST_STEP][PASSED] - click: Object: 'Object Repository/Final Object Repo/Landing Page/Select to Workflow Listing' is clicked on

2018-12-11 13:43:40 - [MESSAGE][PASSED] - Object: 'Object Repository/Final Object Repo/Landing Page/Select to Workflow Listing' is clicked on

2018-12-11 13:43:40 - [TEST_STEP][PASSED] - delay: Delayed 2 second(s)

2018-12-11 13:43:42 - [MESSAGE][PASSED] - Delayed 2 second(s)

2018-12-11 13:43:42 - [TEST_STEP][PASSED] - click: Object: 'Object Repository/Final Object Repo/WorkFlow Listing Page/Search Information - To Put Ref No' is clicked on

2018-12-11 13:43:42 - [MESSAGE][PASSED] - Object: 'Object Repository/Final Object Repo/WorkFlow Listing Page/Search Information - To Put Ref No' is clicked on

2018-12-11 13:43:42 - [TEST_STEP][PASSED] - delay: Delayed 2 second(s)

2018-12-11 13:43:44 - [MESSAGE][PASSED] - Delayed 2 second(s)

2018-12-11 13:43:44 - [TEST_STEP][PASSED] - callTestCase: Call Test Case 'Test Cases/Final Aug 2018 - PKS Automation/Common/Reference Number Getter' successfully

2018-12-11 13:43:44 - [TEST_CASE][PASSED] - Test Cases/Final Aug 2018 - PKS Automation/Common/Reference Number Getter: Test Cases/Final Aug 2018 - PKS Automation/Common/Reference Number Getter

2018-12-11 13:43:44 - [TEST_STEP][PASSED] - Statement - Try: null

2018-12-11 13:43:44 - [TEST_STEP][PASSED] - Statement - RefNo = new java.io.File(C://Users//Admin//Desktop//PKS//Automation Reference Point//KatalonReference.txt): null

2018-12-11 13:43:44 - [TEST_STEP][PASSED] - Statement - bufferread = new java.io.BufferedReader(new java.io.FileReader(RefNo)): null

2018-12-11 13:43:44 - [TEST_STEP][PASSED] - Statement - readedVal = bufferread.readLine(): null

2018-12-11 13:43:44 - [TEST_STEP][PASSED] - Statement - out.println(CaseReferenceNo): null

2018-12-11 13:43:44 - [TEST_STEP][PASSED] - Statement - out.println(readedVal): null

2018-12-11 13:43:44 - [TEST_STEP][PASSED] - Statement - CaseReferenceNo = "": null

2018-12-11 13:43:44 - [TEST_STEP][PASSED] - Statement - CaseReferenceNo = readedVal: null

2018-12-11 13:43:44 - [MESSAGE][PASSED] - Call Test Case 'Test Cases/Final Aug 2018 - PKS Automation/Common/Reference Number Getter' successfully

2018-12-11 13:43:44 - [TEST_STEP][PASSED] - setText: Text 'CRN12201800123169' is set on object 'Object Repository/Final Object Repo/WorkFlow Listing Page/Ref No Set Text'

2018-12-11 13:43:44 - [MESSAGE][PASSED] - Text 'CRN12201800123169' is set on object 'Object Repository/Final Object Repo/WorkFlow Listing Page/Ref No Set Text'

2018-12-11 13:43:44 - [TEST_STEP][PASSED] - delay: Delayed 2 second(s)

2018-12-11 13:43:46 - [MESSAGE][PASSED] - Delayed 2 second(s)

2018-12-11 13:43:46 - [TEST_STEP][PASSED] - click: Object: 'Object Repository/Final Object Repo/WorkFlow Listing Page/Search Ref No Search Button' is clicked on

2018-12-11 13:43:46 - [MESSAGE][PASSED] - Object: 'Object Repository/Final Object Repo/WorkFlow Listing Page/Search Ref No Search Button' is clicked on

2018-12-11 13:43:46 - [TEST_STEP][PASSED] - delay: Delayed 6 second(s)

2018-12-11 13:43:52 - [MESSAGE][PASSED] - Delayed 6 second(s)

2018-12-11 13:43:52 - [TEST_STEP][PASSED] - click: Object: 'Object Repository/Final Object Repo/WorkFlow Listing Page/Click Continue Tooltip' is clicked on

2018-12-11 13:43:53 - [MESSAGE][PASSED] - Object: 'Object Repository/Final Object Repo/WorkFlow Listing Page/Click Continue Tooltip' is clicked on

2018-12-11 13:43:53 - [TEST_STEP][PASSED] - delay: Delayed 5 second(s)

2018-12-11 13:43:58 - [MESSAGE][PASSED] - Delayed 5 second(s)

2018-12-11 13:43:58 - [TEST_STEP][PASSED] - doubleClick: Object: 'Object Repository/Final Object Repo/WorkFlow Listing Page/Workflow Found - Listing 1' is double clicked on

2018-12-11 13:43:59 - [MESSAGE][PASSED] - Object: 'Object Repository/Final Object Repo/WorkFlow Listing Page/Workflow Found - Listing 1' is double clicked on

2018-12-11 13:43:59 - [TEST_STEP][PASSED] - Statement - println(OwnerID): null

2018-12-11 13:43:59 - [TEST_STEP][PASSED] - Statement - OwnerID = com.kms.katalon.core.webui.keyword.WebUiBuiltInKeywords.getText(com.kms.katalon.core.testobject.ObjectRepository.findTestObject(Final Object Repo/WorkFlow Listing Page/Workflow Found - Listing 1), STOP_ON_FAILURE): Text of object 'Object Repository/Final Object Repo/WorkFlow Listing Page/Workflow Found - Listing 1' is: 'JOHORro1'

2018-12-11 13:43:59 - [MESSAGE][PASSED] - Text of object 'Object Repository/Final Object Repo/WorkFlow Listing Page/Workflow Found - Listing 1' is: 'JOHORro1'

2018-12-11 13:43:59 - [TEST_STEP][PASSED] - Statement - OwnerID = OwnerID.toLowerCase() + "@gmail.com": null

2018-12-11 13:43:59 - [TEST_STEP][PASSED] - Statement - println(OwnerID): null

2018-12-11 13:43:59 - [TEST_STEP][PASSED] - delay: Delayed 2 second(s)

2018-12-11 13:44:01 - [MESSAGE][PASSED] - Delayed 2 second(s)

2018-12-11 13:44:01 - [MESSAGE][PASSED] - Call Test Case 'Test Cases/Final Aug 2018 - PKS Automation/Common/Workflow Owner Finder' successfully

2018-12-11 13:44:01 - [TEST_STEP][PASSED] - callTestCase: Call Test Case 'Test Cases/Final Aug 2018 - PKS Automation/Registration Module/Log Out/log out avoiding katalon tagging' successfully

2018-12-11 13:44:01 - [TEST_CASE][PASSED] - Test Cases/Final Aug 2018 - PKS Automation/Registration Module/Log Out/log out avoiding katalon tagging: Test Cases/Final Aug 2018 - PKS Automation/Registration Module/Log Out/log out avoiding katalon tagging

2018-12-11 13:44:01 - [TEST_STEP][PASSED] - navigateToUrl: Navigate to 'https://assist2-uat.perkeso.gov.my/c/portal/logout' successfully

2018-12-11 13:44:02 - [MESSAGE][PASSED] - Navigate to 'https://assist2-uat.perkeso.gov.my/c/portal/logout' successfully

2018-12-11 13:44:02 - [MESSAGE][PASSED] - Call Test Case 'Test Cases/Final Aug 2018 - PKS Automation/Registration Module/Log Out/log out avoiding katalon tagging' successfully

2018-12-11 13:44:02 - [TEST_STEP][PASSED] - delay: Delayed 2 second(s)

2018-12-11 13:44:04 - [MESSAGE][PASSED] - Delayed 2 second(s)

2018-12-11 13:44:04 - [TEST_STEP][PASSED] - setText: Text 'johorro1@gmail.com' is set on object 'Object Repository/Final Object Repo/New Registration - Registration Module Pages/New Reg - OTC to RO/Special Case - All Related Objects/Email TextBox'

2018-12-11 13:44:04 - [MESSAGE][PASSED] - Text 'johorro1@gmail.com' is set on object 'Object Repository/Final Object Repo/New Registration - Registration Module Pages/New Reg - OTC to RO/Special Case - All Related Objects/Email TextBox'

2018-12-11 13:44:04 - [TEST_STEP][PASSED] - click: Object: 'Object Repository/Final Object Repo/New Registration - Registration Module Pages/New Reg - OTC to RO/Special Case - All Related Objects/Next Button' is clicked on

2018-12-11 13:44:05 - [MESSAGE][PASSED] - Object: 'Object Repository/Final Object Repo/New Registration - Registration Module Pages/New Reg - OTC to RO/Special Case - All Related Objects/Next Button' is clicked on

2018-12-11 13:44:05 - [TEST_STEP][PASSED] - delay: Delayed 2 second(s)

2018-12-11 13:44:07 - [MESSAGE][PASSED] - Delayed 2 second(s)

2018-12-11 13:44:07 - [TEST_STEP][PASSED] - setText: Text 'Test1@3456789' is set on object 'Object Repository/Final Object Repo/New Registration - Registration Module Pages/New Reg - OTC to RO/Special Case - All Related Objects/Password TextBox'

2018-12-11 13:44:07 - [MESSAGE][PASSED] - Text 'Test1@3456789' is set on object 'Object Repository/Final Object Repo/New Registration - Registration Module Pages/New Reg - OTC to RO/Special Case - All Related Objects/Password TextBox'

2018-12-11 13:44:07 - [TEST_STEP][PASSED] - delay: Delayed 2 second(s)

2018-12-11 13:44:09 - [MESSAGE][PASSED] - Delayed 2 second(s)

2018-12-11 13:44:09 - [TEST_STEP][PASSED] - click: Object: 'Object Repository/Final Object Repo/New Registration - Registration Module Pages/New Reg - OTC to RO/Special Case - All Related Objects/Login Button' is clicked on

2018-12-11 13:44:09 - [MESSAGE][PASSED] - Object: 'Object Repository/Final Object Repo/New Registration - Registration Module Pages/New Reg - OTC to RO/Special Case - All Related Objects/Login Button' is clicked on

2018-12-11 13:44:09 - [TEST_STEP][PASSED] - delay: Delayed 2 second(s)

2018-12-11 13:44:11 - [MESSAGE][PASSED] - Delayed 2 second(s)

2018-12-11 13:44:11 - [TEST_STEP][PASSED] - Statement - Try: null

2018-12-11 13:44:11 - [TEST_STEP][PASSED] - Statement - Checker = com.kms.katalon.core.webui.keyword.WebUiBuiltInKeywords.verifyElementNotPresent("Final Object Repo/Landing Page/Select to English", 3): null

2018-12-11 13:44:11 - [TEST_STEP][PASSED] - Statement - Catch (Exception e): null

2018-12-11 13:44:11 - [TEST_STEP][PASSED] - Statement - e.printStackTrace(): null

2018-12-11 13:44:11 - [TEST_STEP][PASSED] - click: Object: 'Object Repository/Final Object Repo/New Registration - Registration Module Pages/New Reg - OTC to RO/Special Case - All Related Objects/Expand to Search' is clicked on

2018-12-11 13:44:12 - [MESSAGE][PASSED] - Object: 'Object Repository/Final Object Repo/New Registration - Registration Module Pages/New Reg - OTC to RO/Special Case - All Related Objects/Expand to Search' is clicked on

2018-12-11 13:44:12 - [TEST_STEP][PASSED] - delay: Delayed 2 second(s)

2018-12-11 13:44:14 - [MESSAGE][PASSED] - Delayed 2 second(s)

2018-12-11 13:44:14 - [TEST_STEP][PASSED] - setText: Text 'CRN12201800123169' is set on object 'Object Repository/Final Object Repo/New Registration - Registration Module Pages/New Reg - OTC to RO/Special Case - All Related Objects/TextBox RefNo in Workbasket'

2018-12-11 13:44:14 - [MESSAGE][PASSED] - Text 'CRN12201800123169' is set on object 'Object Repository/Final Object Repo/New Registration - Registration Module Pages/New Reg - OTC to RO/Special Case - All Related Objects/TextBox RefNo in Workbasket'

2018-12-11 13:44:14 - [TEST_STEP][PASSED] - delay: Delayed 2 second(s)

2018-12-11 13:44:16 - [MESSAGE][PASSED] - Delayed 2 second(s)

2018-12-11 13:44:16 - [TEST_STEP][PASSED] - click: Object: 'Object Repository/Final Object Repo/New Registration - Registration Module Pages/New Reg - OTC to RO/Special Case - All Related Objects/Click Search' is clicked on

2018-12-11 13:44:16 - [MESSAGE][PASSED] - Object: 'Object Repository/Final Object Repo/New Registration - Registration Module Pages/New Reg - OTC to RO/Special Case - All Related Objects/Click Search' is clicked on

2018-12-11 13:44:16 - [TEST_STEP][PASSED] - delay: Delayed 2 second(s)

2018-12-11 13:44:18 - [MESSAGE][PASSED] - Delayed 2 second(s)

2018-12-11 13:44:18 - [TEST_STEP][PASSED] - click: Object: 'Object Repository/Final Object Repo/New Registration - Registration Module Pages/New Reg - OTC to RO/Special Case - All Related Objects/Click to Continue Workflow' is clicked on

2018-12-11 13:44:22 - [MESSAGE][PASSED] - Object: 'Object Repository/Final Object Repo/New Registration - Registration Module Pages/New Reg - OTC to RO/Special Case - All Related Objects/Click to Continue Workflow' is clicked on

2018-12-11 13:44:22 - [TEST_STEP][PASSED] - delay: Delayed 2 second(s)

2018-12-11 13:44:24 - [MESSAGE][PASSED] - Delayed 2 second(s)

2018-12-11 13:44:24 - [TEST_STEP][PASSED] - click: Object: 'Object Repository/Final Object Repo/New Registration - Registration Module Pages/New Reg - OTC to RO/Special Case - All Related Objects/Continue Button in verifying case' is clicked on

2018-12-11 13:44:26 - [MESSAGE][PASSED] - Object: 'Object Repository/Final Object Repo/New Registration - Registration Module Pages/New Reg - OTC to RO/Special Case - All Related Objects/Continue Button in verifying case' is clicked on

2018-12-11 13:44:26 - [TEST_STEP][PASSED] - delay: Delayed 2 second(s)

2018-12-11 13:44:28 - [MESSAGE][PASSED] - Delayed 2 second(s)

2018-12-11 13:44:28 - [TEST_STEP][PASSED] - click: Object: 'Object Repository/Final Object Repo/New Registration - Registration Module Pages/Form 1/Registered As a Branch - Yes' is clicked on

2018-12-11 13:44:28 - [MESSAGE][PASSED] - Object: 'Object Repository/Final Object Repo/New Registration - Registration Module Pages/Form 1/Registered As a Branch - Yes' is clicked on

2018-12-11 13:44:28 - [TEST_STEP][PASSED] - delay: Delayed 2 second(s)

2018-12-11 13:44:30 - [MESSAGE][PASSED] - Delayed 2 second(s)

2018-12-11 13:44:30 - [TEST_STEP][PASSED] - click: Object: 'Object Repository/Final Object Repo/New Registration - Registration Module Pages/New Reg - OTC to RO/Special Case - All Related Objects/Form 1 Save n Continue' is clicked on

2018-12-11 13:44:30 - [MESSAGE][PASSED] - Object: 'Object Repository/Final Object Repo/New Registration - Registration Module Pages/New Reg - OTC to RO/Special Case - All Related Objects/Form 1 Save n Continue' is clicked on

2018-12-11 13:44:30 - [TEST_STEP][PASSED] - delay: Delayed 2 second(s)

2018-12-11 13:44:32 - [MESSAGE][PASSED] - Delayed 2 second(s)

2018-12-11 13:44:32 - [TEST_STEP][PASSED] - click: Object: 'Object Repository/Final Object Repo/New Registration - Registration Module Pages/New Reg - OTC to RO/Special Case - All Related Objects/Form 2 Save n Continue' is clicked on

2018-12-11 13:44:32 - [MESSAGE][PASSED] - Object: 'Object Repository/Final Object Repo/New Registration - Registration Module Pages/New Reg - OTC to RO/Special Case - All Related Objects/Form 2 Save n Continue' is clicked on

2018-12-11 13:44:32 - [TEST_STEP][PASSED] - delay: Delayed 2 second(s)

2018-12-11 13:44:34 - [MESSAGE][PASSED] - Delayed 2 second(s)

2018-12-11 13:44:34 - [TEST_STEP][PASSED] - click: Object: 'Object Repository/Final Object Repo/New Registration - Registration Module Pages/New Reg - OTC to RO/Special Case - All Related Objects/Third Screen Save n Continue' is clicked on

2018-12-11 13:44:40 - [MESSAGE][PASSED] - Object: 'Object Repository/Final Object Repo/New Registration - Registration Module Pages/New Reg - OTC to RO/Special Case - All Related Objects/Third Screen Save n Continue' is clicked on

2018-12-11 13:44:40 - [TEST_STEP][PASSED] - delay: Delayed 5 second(s)

2018-12-11 13:44:45 - [MESSAGE][PASSED] - Delayed 5 second(s)

2018-12-11 13:44:45 - [TEST_STEP][PASSED] - click: Object: 'Object Repository/Final Object Repo/New Registration - Registration Module Pages/New Reg - OTC to RO/Special Case - All Related Objects/Upload Doc Page Save n Continue' is clicked on

2018-12-11 13:44:45 - [MESSAGE][PASSED] - Object: 'Object Repository/Final Object Repo/New Registration - Registration Module Pages/New Reg - OTC to RO/Special Case - All Related Objects/Upload Doc Page Save n Continue' is clicked on

2018-12-11 13:44:45 - [TEST_STEP][PASSED] - delay: Delayed 5 second(s)

2018-12-11 13:44:50 - [MESSAGE][PASSED] - Delayed 5 second(s)

2018-12-11 13:44:50 - [TEST_STEP][PASSED] - click: Object: 'Object Repository/Final Object Repo/New Registration - Registration Module Pages/New Reg - OTC to RO/Special Case - All Related Objects/Under Enforcement Button at Preview Screen of RO' is clicked on

2018-12-11 13:44:50 - [MESSAGE][PASSED] - Object: 'Object Repository/Final Object Repo/New Registration - Registration Module Pages/New Reg - OTC to RO/Special Case - All Related Objects/Under Enforcement Button at Preview Screen of RO' is clicked on

2018-12-11 13:44:50 - [TEST_STEP][PASSED] - delay: Delayed 5 second(s)

2018-12-11 13:44:55 - [MESSAGE][PASSED] - Delayed 5 second(s)

2018-12-11 13:44:55 - [TEST_STEP][PASSED] - click: Object: 'Object Repository/Final Object Repo/New Registration - Registration Module Pages/New Reg - OTC to RO/Special Case - All Related Objects/Under Enforcement - inner form' is clicked on

2018-12-11 13:44:55 - [MESSAGE][PASSED] - Object: 'Object Repository/Final Object Repo/New Registration - Registration Module Pages/New Reg - OTC to RO/Special Case - All Related Objects/Under Enforcement - inner form' is clicked on

2018-12-11 13:44:55 - [TEST_STEP][PASSED] - callTestCase: Call Test Case 'Test Cases/Final Aug 2018 - PKS Automation/Common/Screenshoting tool' successfully

2018-12-11 13:44:55 - [TEST_CASE][PASSED] - Test Cases/Final Aug 2018 - PKS Automation/Common/Screenshoting tool: Test Cases/Final Aug 2018 - PKS Automation/Common/Screenshoting tool

2018-12-11 13:44:55 - [TEST_STEP][PASSED] - delay: Delayed 15 second(s)

2018-12-11 13:45:10 - [MESSAGE][PASSED] - Delayed 15 second(s)

2018-12-11 13:45:10 - [TEST_STEP][PASSED] - Statement - driver = com.kms.katalon.core.webui.driver.DriverFactory.getWebDriver(): null

2018-12-11 13:45:10 - [TEST_STEP][PASSED] - Statement - driver.manage().timeouts().implicitlyWait(10, SECONDS): null

2018-12-11 13:45:10 - [TEST_STEP][PASSED] - Statement - PresavePath = KatalonScreenshots: null

2018-12-11 13:45:10 - [TEST_STEP][PASSED] - Statement - pathPrefix = "C:\Users\Public\Pictures\Sample Pictures\Katalon Screenshots\Automate Ending Screen": null

2018-12-11 13:45:10 - [TEST_STEP][PASSED] - Statement - finalPath = <not implemented yet for class: org.codehaus.groovy.ast.expr.EmptyExpression>: null

2018-12-11 13:45:10 - [TEST_STEP][PASSED] - Statement - scrFile = driver.getScreenshotAs(FILE): null

2018-12-11 13:45:11 - [TEST_STEP][PASSED] - Statement - PreSaveFile = new java.io.File(PresavePath): null

2018-12-11 13:45:11 - [TEST_STEP][PASSED] - Statement - counter = 0: null

2018-12-11 13:45:11 - [TEST_STEP][PASSED] - Statement - If (PreSaveFile.exists()): null

2018-12-11 13:45:11 - [TEST_STEP][PASSED] - Statement - While (PreSaveFile.exists()): null

2018-12-11 13:45:11 - [TEST_STEP][PASSED] - Statement - counter = counter + 1: null

2018-12-11 13:45:11 - [TEST_STEP][PASSED] - Statement - PreSaveFile = new java.io.File(((pathPrefix + java.lang.Integer.toString(counter)) + .png)): null

2018-12-11 13:45:11 - [TEST_STEP][PASSED] - Statement - counter = counter + 1: null

2018-12-11 13:45:11 - [TEST_STEP][PASSED] - Statement - PreSaveFile = new java.io.File(((pathPrefix + java.lang.Integer.toString(counter)) + .png)): null

2018-12-11 13:45:11 - [TEST_STEP][PASSED] - Statement - counter = counter + 1: null

2018-12-11 13:45:11 - [TEST_STEP][PASSED] - Statement - PreSaveFile = new java.io.File(((pathPrefix + java.lang.Integer.toString(counter)) + .png)): null

2018-12-11 13:45:11 - [TEST_STEP][PASSED] - Statement - counter = counter + 1: null

2018-12-11 13:45:11 - [TEST_STEP][PASSED] - Statement - PreSaveFile = new java.io.File(((pathPrefix + java.lang.Integer.toString(counter)) + .png)): null

2018-12-11 13:45:11 - [TEST_STEP][PASSED] - Statement - counter = counter + 1: null

2018-12-11 13:45:11 - [TEST_STEP][PASSED] - Statement - PreSaveFile = new java.io.File(((pathPrefix + java.lang.Integer.toString(counter)) + .png)): null

2018-12-11 13:45:11 - [TEST_STEP][PASSED] - Statement - counter = counter + 1: null

2018-12-11 13:45:11 - [TEST_STEP][PASSED] - Statement - PreSaveFile = new java.io.File(((pathPrefix + java.lang.Integer.toString(counter)) + .png)): null

2018-12-11 13:45:11 - [TEST_STEP][PASSED] - Statement - counter = counter + 1: null

2018-12-11 13:45:11 - [TEST_STEP][PASSED] - Statement - PreSaveFile = new java.io.File(((pathPrefix + java.lang.Integer.toString(counter)) + .png)): null

2018-12-11 13:45:11 - [TEST_STEP][PASSED] - Statement - counter = counter + 1: null

2018-12-11 13:45:11 - [TEST_STEP][PASSED] - Statement - PreSaveFile = new java.io.File(((pathPrefix + java.lang.Integer.toString(counter)) + .png)): null

2018-12-11 13:45:11 - [TEST_STEP][PASSED] - Statement - counter = counter + 1: null

2018-12-11 13:45:11 - [TEST_STEP][PASSED] - Statement - PreSaveFile = new java.io.File(((pathPrefix + java.lang.Integer.toString(counter)) + .png)): null

2018-12-11 13:45:11 - [TEST_STEP][PASSED] - Statement - counter = counter + 1: null

2018-12-11 13:45:11 - [TEST_STEP][PASSED] - Statement - PreSaveFile = new java.io.File(((pathPrefix + java.lang.Integer.toString(counter)) + .png)): null

2018-12-11 13:45:11 - [TEST_STEP][PASSED] - Statement - counter = counter + 1: null

2018-12-11 13:45:11 - [TEST_STEP][PASSED] - Statement - PreSaveFile = new java.io.File(((pathPrefix + java.lang.Integer.toString(counter)) + .png)): null

2018-12-11 13:45:11 - [TEST_STEP][PASSED] - Statement - counter = counter + 1: null

2018-12-11 13:45:11 - [TEST_STEP][PASSED] - Statement - PreSaveFile = new java.io.File(((pathPrefix + java.lang.Integer.toString(counter)) + .png)): null

2018-12-11 13:45:11 - [TEST_STEP][PASSED] - Statement - counter = counter + 1: null

2018-12-11 13:45:11 - [TEST_STEP][PASSED] - Statement - PreSaveFile = new java.io.File(((pathPrefix + java.lang.Integer.toString(counter)) + .png)): null

2018-12-11 13:45:11 - [TEST_STEP][PASSED] - Statement - counter = counter + 1: null

2018-12-11 13:45:11 - [TEST_STEP][PASSED] - Statement - PreSaveFile = new java.io.File(((pathPrefix + java.lang.Integer.toString(counter)) + .png)): null

2018-12-11 13:45:11 - [TEST_STEP][PASSED] - Statement - counter = counter + 1: null

2018-12-11 13:45:11 - [TEST_STEP][PASSED] - Statement - PreSaveFile = new java.io.File(((pathPrefix + java.lang.Integer.toString(counter)) + .png)): null

2018-12-11 13:45:11 - [TEST_STEP][PASSED] - Statement - counter = counter + 1: null

2018-12-11 13:45:11 - [TEST_STEP][PASSED] - Statement - PreSaveFile = new java.io.File(((pathPrefix + java.lang.Integer.toString(counter)) + .png)): null

2018-12-11 13:45:11 - [TEST_STEP][PASSED] - Statement - counter = counter + 1: null

2018-12-11 13:45:11 - [TEST_STEP][PASSED] - Statement - PreSaveFile = new java.io.File(((pathPrefix + java.lang.Integer.toString(counter)) + .png)): null

2018-12-11 13:45:11 - [TEST_STEP][PASSED] - Statement - counter = counter + 1: null

2018-12-11 13:45:11 - [TEST_STEP][PASSED] - Statement - PreSaveFile = new java.io.File(((pathPrefix + java.lang.Integer.toString(counter)) + .png)): null

2018-12-11 13:45:11 - [TEST_STEP][PASSED] - Statement - counter = counter + 1: null

2018-12-11 13:45:11 - [TEST_STEP][PASSED] - Statement - PreSaveFile = new java.io.File(((pathPrefix + java.lang.Integer.toString(counter)) + .png)): null

2018-12-11 13:45:11 - [TEST_STEP][PASSED] - Statement - counter = counter + 1: null

2018-12-11 13:45:11 - [TEST_STEP][PASSED] - Statement - PreSaveFile = new java.io.File(((pathPrefix + java.lang.Integer.toString(counter)) + .png)): null

2018-12-11 13:45:11 - [TEST_STEP][PASSED] - Statement - counter = counter + 1: null

2018-12-11 13:45:11 - [TEST_STEP][PASSED] - Statement - PreSaveFile = new java.io.File(((pathPrefix + java.lang.Integer.toString(counter)) + .png)): null

2018-12-11 13:45:11 - [TEST_STEP][PASSED] - Statement - counter = counter + 1: null

2018-12-11 13:45:11 - [TEST_STEP][PASSED] - Statement - PreSaveFile = new java.io.File(((pathPrefix + java.lang.Integer.toString(counter)) + .png)): null

2018-12-11 13:45:11 - [TEST_STEP][PASSED] - Statement - counter = counter + 1: null

2018-12-11 13:45:11 - [TEST_STEP][PASSED] - Statement - PreSaveFile = new java.io.File(((pathPrefix + java.lang.Integer.toString(counter)) + .png)): null

2018-12-11 13:45:11 - [TEST_STEP][PASSED] - Statement - counter = counter + 1: null

2018-12-11 13:45:11 - [TEST_STEP][PASSED] - Statement - PreSaveFile = new java.io.File(((pathPrefix + java.lang.Integer.toString(counter)) + .png)): null

2018-12-11 13:45:11 - [TEST_STEP][PASSED] - Statement - counter = counter + 1: null

2018-12-11 13:45:11 - [TEST_STEP][PASSED] - Statement - PreSaveFile = new java.io.File(((pathPrefix + java.lang.Integer.toString(counter)) + .png)): null

2018-12-11 13:45:11 - [TEST_STEP][PASSED] - Statement - counter = counter + 1: null

2018-12-11 13:45:11 - [TEST_STEP][PASSED] - Statement - PreSaveFile = new java.io.File(((pathPrefix + java.lang.Integer.toString(counter)) + .png)): null

2018-12-11 13:45:11 - [TEST_STEP][PASSED] - Statement - counter = counter + 1: null

2018-12-11 13:45:11 - [TEST_STEP][PASSED] - Statement - PreSaveFile = new java.io.File(((pathPrefix + java.lang.Integer.toString(counter)) + .png)): null

2018-12-11 13:45:11 - [TEST_STEP][PASSED] - Statement - counter = counter + 1: null

2018-12-11 13:45:11 - [TEST_STEP][PASSED] - Statement - PreSaveFile = new java.io.File(((pathPrefix + java.lang.Integer.toString(counter)) + .png)): null

2018-12-11 13:45:11 - [TEST_STEP][PASSED] - Statement - counter = counter + 1: null

2018-12-11 13:45:11 - [TEST_STEP][PASSED] - Statement - PreSaveFile = new java.io.File(((pathPrefix + java.lang.Integer.toString(counter)) + .png)): null

2018-12-11 13:45:11 - [TEST_STEP][PASSED] - Statement - counter = counter + 1: null

2018-12-11 13:45:11 - [TEST_STEP][PASSED] - Statement - PreSaveFile = new java.io.File(((pathPrefix + java.lang.Integer.toString(counter)) + .png)): null

2018-12-11 13:45:11 - [TEST_STEP][PASSED] - Statement - counter = counter + 1: null

2018-12-11 13:45:11 - [TEST_STEP][PASSED] - Statement - PreSaveFile = new java.io.File(((pathPrefix + java.lang.Integer.toString(counter)) + .png)): null

2018-12-11 13:45:11 - [TEST_STEP][PASSED] - Statement - counter = counter + 1: null

2018-12-11 13:45:11 - [TEST_STEP][PASSED] - Statement - PreSaveFile = new java.io.File(((pathPrefix + java.lang.Integer.toString(counter)) + .png)): null

2018-12-11 13:45:11 - [TEST_STEP][PASSED] - Statement - counter = counter + 1: null

2018-12-11 13:45:11 - [TEST_STEP][PASSED] - Statement - PreSaveFile = new java.io.File(((pathPrefix + java.lang.Integer.toString(counter)) + .png)): null

2018-12-11 13:45:11 - [TEST_STEP][PASSED] - Statement - counter = counter + 1: null

2018-12-11 13:45:11 - [TEST_STEP][PASSED] - Statement - PreSaveFile = new java.io.File(((pathPrefix + java.lang.Integer.toString(counter)) + .png)): null

2018-12-11 13:45:11 - [TEST_STEP][PASSED] - Statement - counter = counter + 1: null

2018-12-11 13:45:11 - [TEST_STEP][PASSED] - Statement - PreSaveFile = new java.io.File(((pathPrefix + java.lang.Integer.toString(counter)) + .png)): null

2018-12-11 13:45:11 - [TEST_STEP][PASSED] - Statement - counter = counter + 1: null

2018-12-11 13:45:11 - [TEST_STEP][PASSED] - Statement - PreSaveFile = new java.io.File(((pathPrefix + java.lang.Integer.toString(counter)) + .png)): null

2018-12-11 13:45:11 - [TEST_STEP][PASSED] - Statement - counter = counter + 1: null

2018-12-11 13:45:11 - [TEST_STEP][PASSED] - Statement - PreSaveFile = new java.io.File(((pathPrefix + java.lang.Integer.toString(counter)) + .png)): null

2018-12-11 13:45:11 - [TEST_STEP][PASSED] - Statement - counter = counter + 1: null

2018-12-11 13:45:11 - [TEST_STEP][PASSED] - Statement - PreSaveFile = new java.io.File(((pathPrefix + java.lang.Integer.toString(counter)) + .png)): null

2018-12-11 13:45:11 - [TEST_STEP][PASSED] - Statement - counter = counter + 1: null

2018-12-11 13:45:11 - [TEST_STEP][PASSED] - Statement - PreSaveFile = new java.io.File(((pathPrefix + java.lang.Integer.toString(counter)) + .png)): null

2018-12-11 13:45:11 - [TEST_STEP][PASSED] - Statement - counter = counter + 1: null

2018-12-11 13:45:11 - [TEST_STEP][PASSED] - Statement - PreSaveFile = new java.io.File(((pathPrefix + java.lang.Integer.toString(counter)) + .png)): null

2018-12-11 13:45:11 - [TEST_STEP][PASSED] - Statement - counter = counter + 1: null

2018-12-11 13:45:11 - [TEST_STEP][PASSED] - Statement - PreSaveFile = new java.io.File(((pathPrefix + java.lang.Integer.toString(counter)) + .png)): null

2018-12-11 13:45:11 - [TEST_STEP][PASSED] - Statement - counter = counter + 1: null

2018-12-11 13:45:11 - [TEST_STEP][PASSED] - Statement - PreSaveFile = new java.io.File(((pathPrefix + java.lang.Integer.toString(counter)) + .png)): null

2018-12-11 13:45:11 - [TEST_STEP][PASSED] - Statement - finalPath = pathPrefix + java.lang.Integer.toString(counter) + ".png": null

2018-12-11 13:45:11 - [TEST_STEP][PASSED] - Statement - SaveFile = new java.io.File(finalPath): null

2018-12-11 13:45:11 - [TEST_STEP][PASSED] - Statement - Try: null

2018-12-11 13:45:11 - [TEST_STEP][PASSED] - Statement - org.apache.commons.io.FileUtils.copyFile(scrFile, SaveFile): null

2018-12-11 13:45:11 - [TEST_STEP][PASSED] - Statement - out.println("file kept"): null

2018-12-11 13:45:11 - [TEST_STEP][PASSED] - delay: Delayed 10 second(s)

2018-12-11 13:45:21 - [MESSAGE][PASSED] - Delayed 10 second(s)

2018-12-11 13:45:21 - [MESSAGE][PASSED] - Call Test Case 'Test Cases/Final Aug 2018 - PKS Automation/Common/Screenshoting tool' successfully

2018-12-11 13:45:21 - [TEST_STEP][PASSED] - callTestCase: Call Test Case 'Test Cases/Final Aug 2018 - PKS Automation/Registration Module/Log Out/log out avoiding katalon tagging' successfully

2018-12-11 13:45:21 - [TEST_CASE][PASSED] - Test Cases/Final Aug 2018 - PKS Automation/Registration Module/Log Out/log out avoiding katalon tagging: Test Cases/Final Aug 2018 - PKS Automation/Registration Module/Log Out/log out avoiding katalon tagging

2018-12-11 13:45:21 - [TEST_STEP][PASSED] - navigateToUrl: Navigate to 'https://assist2-uat.perkeso.gov.my/c/portal/logout' successfully

2018-12-11 13:45:21 - [MESSAGE][PASSED] - Navigate to 'https://assist2-uat.perkeso.gov.my/c/portal/logout' successfully

2018-12-11 13:45:21 - [MESSAGE][PASSED] - Call Test Case 'Test Cases/Final Aug 2018 - PKS Automation/Registration Module/Log Out/log out avoiding katalon tagging' successfully

2018-12-11 13:45:21 - [TEST_STEP][PASSED] - delay: Delayed 2 second(s)

2018-12-11 13:45:23 - [MESSAGE][PASSED] - Delayed 2 second(s)

2018-12-11 13:45:23 - [TEST_STEP][PASSED] - setText: Text 'johorro1@gmail.com' is set on object 'Object Repository/Final Object Repo/New Registration - Registration Module Pages/New Reg - OTC to RO/Special Case - All Related Objects/Email TextBox'

2018-12-11 13:45:24 - [MESSAGE][PASSED] - Text 'johorro1@gmail.com' is set on object 'Object Repository/Final Object Repo/New Registration - Registration Module Pages/New Reg - OTC to RO/Special Case - All Related Objects/Email TextBox'

2018-12-11 13:45:24 - [TEST_STEP][PASSED] - click: Object: 'Object Repository/Final Object Repo/New Registration - Registration Module Pages/New Reg - OTC to RO/Special Case - All Related Objects/Next Button' is clicked on

2018-12-11 13:45:24 - [MESSAGE][PASSED] - Object: 'Object Repository/Final Object Repo/New Registration - Registration Module Pages/New Reg - OTC to RO/Special Case - All Related Objects/Next Button' is clicked on

2018-12-11 13:45:24 - [TEST_STEP][PASSED] - delay: Delayed 2 second(s)

2018-12-11 13:45:26 - [MESSAGE][PASSED] - Delayed 2 second(s)

2018-12-11 13:45:26 - [TEST_STEP][PASSED] - setText: Text 'Test1@3456789' is set on object 'Object Repository/Final Object Repo/New Registration - Registration Module Pages/New Reg - OTC to RO/Special Case - All Related Objects/Password TextBox'

2018-12-11 13:45:26 - [MESSAGE][PASSED] - Text 'Test1@3456789' is set on object 'Object Repository/Final Object Repo/New Registration - Registration Module Pages/New Reg - OTC to RO/Special Case - All Related Objects/Password TextBox'

2018-12-11 13:45:26 - [TEST_STEP][PASSED] - delay: Delayed 2 second(s)

2018-12-11 13:45:28 - [MESSAGE][PASSED] - Delayed 2 second(s)

2018-12-11 13:45:28 - [TEST_STEP][PASSED] - click: Object: 'Object Repository/Final Object Repo/New Registration - Registration Module Pages/New Reg - OTC to RO/Special Case - All Related Objects/Login Button' is clicked on

2018-12-11 13:45:28 - [MESSAGE][PASSED] - Object: 'Object Repository/Final Object Repo/New Registration - Registration Module Pages/New Reg - OTC to RO/Special Case - All Related Objects/Login Button' is clicked on

2018-12-11 13:45:28 - [TEST_STEP][PASSED] - delay: Delayed 2 second(s)

2018-12-11 13:45:30 - [MESSAGE][PASSED] - Delayed 2 second(s)

2018-12-11 13:45:30 - [TEST_STEP][PASSED] - Statement - Try: null

2018-12-11 13:45:30 - [TEST_STEP][PASSED] - Statement - Checker = com.kms.katalon.core.webui.keyword.WebUiBuiltInKeywords.verifyElementNotPresent("Final Object Repo/Landing Page/Select to English", 3): null

2018-12-11 13:45:30 - [TEST_STEP][PASSED] - Statement - Catch (Exception e): null

2018-12-11 13:45:30 - [TEST_STEP][PASSED] - Statement - e.printStackTrace(): null

2018-12-11 13:45:30 - [TEST_STEP][PASSED] - click: Object: 'Object Repository/Final Object Repo/New Registration - Registration Module Pages/New Reg - OTC to RO/Special Case - All Related Objects/Expand to Search' is clicked on

2018-12-11 13:45:30 - [MESSAGE][PASSED] - Object: 'Object Repository/Final Object Repo/New Registration - Registration Module Pages/New Reg - OTC to RO/Special Case - All Related Objects/Expand to Search' is clicked on

2018-12-11 13:45:30 - [TEST_STEP][PASSED] - delay: Delayed 2 second(s)

2018-12-11 13:45:32 - [MESSAGE][PASSED] - Delayed 2 second(s)

2018-12-11 13:45:32 - [TEST_STEP][PASSED] - setText: Text 'CRN12201800123169' is set on object 'Object Repository/Final Object Repo/New Registration - Registration Module Pages/New Reg - OTC to RO/Special Case - All Related Objects/TextBox RefNo in Workbasket'

2018-12-11 13:45:33 - [MESSAGE][PASSED] - Text 'CRN12201800123169' is set on object 'Object Repository/Final Object Repo/New Registration - Registration Module Pages/New Reg - OTC to RO/Special Case - All Related Objects/TextBox RefNo in Workbasket'

2018-12-11 13:45:33 - [TEST_STEP][PASSED] - delay: Delayed 2 second(s)

2018-12-11 13:45:35 - [MESSAGE][PASSED] - Delayed 2 second(s)

2018-12-11 13:45:35 - [TEST_STEP][PASSED] - click: Object: 'Object Repository/Final Object Repo/New Registration - Registration Module Pages/New Reg - OTC to RO/Special Case - All Related Objects/Click Search' is clicked on

2018-12-11 13:45:35 - [MESSAGE][PASSED] - Object: 'Object Repository/Final Object Repo/New Registration - Registration Module Pages/New Reg - OTC to RO/Special Case - All Related Objects/Click Search' is clicked on

2018-12-11 13:45:35 - [TEST_STEP][PASSED] - delay: Delayed 1 second(s)

2018-12-11 13:45:36 - [MESSAGE][PASSED] - Delayed 1 second(s)

2018-12-11 13:45:36 - [TEST_STEP][PASSED] - click: Object: 'Object Repository/Final Object Repo/New Registration - Registration Module Pages/New Reg - OTC to RO/Special Case - All Related Objects/Click to Continue Workflow' is clicked on

2018-12-11 13:45:39 - [MESSAGE][PASSED] - Object: 'Object Repository/Final Object Repo/New Registration - Registration Module Pages/New Reg - OTC to RO/Special Case - All Related Objects/Click to Continue Workflow' is clicked on

2018-12-11 13:45:39 - [TEST_STEP][PASSED] - delay: Delayed 2 second(s)

2018-12-11 13:45:41 - [MESSAGE][PASSED] - Delayed 2 second(s)

2018-12-11 13:45:41 - [TEST_STEP][PASSED] - click: Object: 'Object Repository/Final Object Repo/New Registration - Registration Module Pages/New Reg - OTC to RO/Special Case - All Related Objects/Continue Button in verifying case' is clicked on

2018-12-11 13:45:43 - [MESSAGE][PASSED] - Object: 'Object Repository/Final Object Repo/New Registration - Registration Module Pages/New Reg - OTC to RO/Special Case - All Related Objects/Continue Button in verifying case' is clicked on

2018-12-11 13:45:43 - [TEST_STEP][PASSED] - delay: Delayed 2 second(s)

2018-12-11 13:45:45 - [MESSAGE][PASSED] - Delayed 2 second(s)

2018-12-11 13:45:45 - [TEST_STEP][PASSED] - click: Object: 'Object Repository/Final Object Repo/New Registration - Registration Module Pages/Form 1/Registered As a Branch - Yes' is clicked on

2018-12-11 13:45:45 - [MESSAGE][PASSED] - Object: 'Object Repository/Final Object Repo/New Registration - Registration Module Pages/Form 1/Registered As a Branch - Yes' is clicked on

2018-12-11 13:45:45 - [TEST_STEP][PASSED] - delay: Delayed 2 second(s)

2018-12-11 13:45:47 - [MESSAGE][PASSED] - Delayed 2 second(s)

2018-12-11 13:45:47 - [TEST_STEP][PASSED] - click: Object: 'Object Repository/Final Object Repo/New Registration - Registration Module Pages/New Reg - OTC to RO/Special Case - All Related Objects/Form 1 Save n Continue' is clicked on

2018-12-11 13:45:47 - [MESSAGE][PASSED] - Object: 'Object Repository/Final Object Repo/New Registration - Registration Module Pages/New Reg - OTC to RO/Special Case - All Related Objects/Form 1 Save n Continue' is clicked on

2018-12-11 13:45:47 - [TEST_STEP][PASSED] - delay: Delayed 2 second(s)

2018-12-11 13:45:49 - [MESSAGE][PASSED] - Delayed 2 second(s)

2018-12-11 13:45:49 - [TEST_STEP][PASSED] - click: Object: 'Object Repository/Final Object Repo/New Registration - Registration Module Pages/New Reg - OTC to RO/Special Case - All Related Objects/Form 2 Save n Continue' is clicked on

2018-12-11 13:45:49 - [MESSAGE][PASSED] - Object: 'Object Repository/Final Object Repo/New Registration - Registration Module Pages/New Reg - OTC to RO/Special Case - All Related Objects/Form 2 Save n Continue' is clicked on

2018-12-11 13:45:49 - [TEST_STEP][PASSED] - delay: Delayed 2 second(s)

2018-12-11 13:45:51 - [MESSAGE][PASSED] - Delayed 2 second(s)

2018-12-11 13:45:51 - [TEST_STEP][PASSED] - click: Object: 'Object Repository/Final Object Repo/New Registration - Registration Module Pages/New Reg - OTC to RO/Special Case - All Related Objects/Third Screen Save n Continue' is clicked on

2018-12-11 13:45:57 - [MESSAGE][PASSED] - Object: 'Object Repository/Final Object Repo/New Registration - Registration Module Pages/New Reg - OTC to RO/Special Case - All Related Objects/Third Screen Save n Continue' is clicked on

2018-12-11 13:45:57 - [TEST_STEP][PASSED] - delay: Delayed 5 second(s)

2018-12-11 13:46:02 - [MESSAGE][PASSED] - Delayed 5 second(s)

2018-12-11 13:46:02 - [TEST_STEP][PASSED] - click: Object: 'Object Repository/Final Object Repo/New Registration - Registration Module Pages/New Reg - OTC to RO/Special Case - All Related Objects/Upload Doc Page Save n Continue' is clicked on

2018-12-11 13:46:02 - [MESSAGE][PASSED] - Object: 'Object Repository/Final Object Repo/New Registration - Registration Module Pages/New Reg - OTC to RO/Special Case - All Related Objects/Upload Doc Page Save n Continue' is clicked on

2018-12-11 13:46:02 - [TEST_STEP][PASSED] - delay: Delayed 5 second(s)

2018-12-11 13:46:07 - [MESSAGE][PASSED] - Delayed 5 second(s)

2018-12-11 13:46:07 - [TEST_STEP][PASSED] - callTestCase: Call Test Case 'Test Cases/Final Aug 2018 - PKS Automation/Registration Module/New Registration/Submit and Screenshot/Submit Registration and Screenshot' successfully

2018-12-11 13:46:07 - [TEST_CASE][PASSED] - Test Cases/Final Aug 2018 - PKS Automation/Registration Module/New Registration/Submit and Screenshot/Submit Registration and Screenshot: Test Cases/Final Aug 2018 - PKS Automation/Registration Module/New Registration/Submit and Screenshot/Submit Registration and Screenshot

2018-12-11 13:46:07 - [TEST_STEP][PASSED] - delay: Delayed 6 second(s)

2018-12-11 13:46:13 - [MESSAGE][PASSED] - Delayed 6 second(s)

2018-12-11 13:46:13 - [TEST_STEP][PASSED] - click: Object: 'Object Repository/Final Object Repo/New Registration - Registration Module Pages/Third Screen - Upload Supporting Doc- Preview/Preview Submit Button' is clicked on

2018-12-11 13:46:13 - [MESSAGE][PASSED] - Object: 'Object Repository/Final Object Repo/New Registration - Registration Module Pages/Third Screen - Upload Supporting Doc- Preview/Preview Submit Button' is clicked on

2018-12-11 13:46:13 - [TEST_STEP][PASSED] - delay: Delayed 2 second(s)

2018-12-11 13:46:15 - [MESSAGE][PASSED] - Delayed 2 second(s)

2018-12-11 13:46:15 - [TEST_STEP][PASSED] - click: Object: 'Object Repository/Final Object Repo/New Registration - Registration Module Pages/Third Screen - Upload Supporting Doc- Preview/Preview Submit - Confirm' is clicked on

2018-12-11 13:46:15 - [MESSAGE][PASSED] - Object: 'Object Repository/Final Object Repo/New Registration - Registration Module Pages/Third Screen - Upload Supporting Doc- Preview/Preview Submit - Confirm' is clicked on

2018-12-11 13:46:15 - [TEST_STEP][PASSED] - delay: Delayed 15 second(s)

2018-12-11 13:46:30 - [MESSAGE][PASSED] - Delayed 15 second(s)

2018-12-11 13:46:30 - [TEST_STEP][PASSED] - Statement - driver = com.kms.katalon.core.webui.driver.DriverFactory.getWebDriver(): null

2018-12-11 13:46:30 - [TEST_STEP][PASSED] - Statement - driver.manage().timeouts().implicitlyWait(10, SECONDS): null

2018-12-11 13:46:30 - [TEST_STEP][PASSED] - Statement - PresavePath = KatalonScreenshots: null

2018-12-11 13:46:30 - [TEST_STEP][PASSED] - Statement - pathPrefix = "C:\Users\Public\Pictures\Sample Pictures\Katalon Screenshots\Automate Ending Screen": null

2018-12-11 13:46:30 - [TEST_STEP][PASSED] - Statement - finalPath = <not implemented yet for class: org.codehaus.groovy.ast.expr.EmptyExpression>: null

2018-12-11 13:46:30 - [TEST_STEP][PASSED] - Statement - scrFile = driver.getScreenshotAs(FILE): null

2018-12-11 13:46:31 - [TEST_STEP][PASSED] - Statement - PreSaveFile = new java.io.File(PresavePath): null

2018-12-11 13:46:31 - [TEST_STEP][PASSED] - Statement - counter = 0: null

2018-12-11 13:46:31 - [TEST_STEP][PASSED] - Statement - If (PreSaveFile.exists()): null

2018-12-11 13:46:31 - [TEST_STEP][PASSED] - Statement - While (PreSaveFile.exists()): null

2018-12-11 13:46:31 - [TEST_STEP][PASSED] - Statement - counter = counter + 1: null

2018-12-11 13:46:31 - [TEST_STEP][PASSED] - Statement - PreSaveFile = new java.io.File(((pathPrefix + java.lang.Integer.toString(counter)) + .png)): null

2018-12-11 13:46:31 - [TEST_STEP][PASSED] - Statement - counter = counter + 1: null

2018-12-11 13:46:31 - [TEST_STEP][PASSED] - Statement - PreSaveFile = new java.io.File(((pathPrefix + java.lang.Integer.toString(counter)) + .png)): null

2018-12-11 13:46:31 - [TEST_STEP][PASSED] - Statement - counter = counter + 1: null

2018-12-11 13:46:31 - [TEST_STEP][PASSED] - Statement - PreSaveFile = new java.io.File(((pathPrefix + java.lang.Integer.toString(counter)) + .png)): null

2018-12-11 13:46:31 - [TEST_STEP][PASSED] - Statement - counter = counter + 1: null

2018-12-11 13:46:31 - [TEST_STEP][PASSED] - Statement - PreSaveFile = new java.io.File(((pathPrefix + java.lang.Integer.toString(counter)) + .png)): null

2018-12-11 13:46:31 - [TEST_STEP][PASSED] - Statement - counter = counter + 1: null

2018-12-11 13:46:31 - [TEST_STEP][PASSED] - Statement - PreSaveFile = new java.io.File(((pathPrefix + java.lang.Integer.toString(counter)) + .png)): null

2018-12-11 13:46:31 - [TEST_STEP][PASSED] - Statement - counter = counter + 1: null

2018-12-11 13:46:31 - [TEST_STEP][PASSED] - Statement - PreSaveFile = new java.io.File(((pathPrefix + java.lang.Integer.toString(counter)) + .png)): null

2018-12-11 13:46:31 - [TEST_STEP][PASSED] - Statement - counter = counter + 1: null

2018-12-11 13:46:31 - [TEST_STEP][PASSED] - Statement - PreSaveFile = new java.io.File(((pathPrefix + java.lang.Integer.toString(counter)) + .png)): null

2018-12-11 13:46:31 - [TEST_STEP][PASSED] - Statement - counter = counter + 1: null

2018-12-11 13:46:31 - [TEST_STEP][PASSED] - Statement - PreSaveFile = new java.io.File(((pathPrefix + java.lang.Integer.toString(counter)) + .png)): null

2018-12-11 13:46:31 - [TEST_STEP][PASSED] - Statement - counter = counter + 1: null

2018-12-11 13:46:31 - [TEST_STEP][PASSED] - Statement - PreSaveFile = new java.io.File(((pathPrefix + java.lang.Integer.toString(counter)) + .png)): null

2018-12-11 13:46:31 - [TEST_STEP][PASSED] - Statement - counter = counter + 1: null

2018-12-11 13:46:31 - [TEST_STEP][PASSED] - Statement - PreSaveFile = new java.io.File(((pathPrefix + java.lang.Integer.toString(counter)) + .png)): null

2018-12-11 13:46:31 - [TEST_STEP][PASSED] - Statement - counter = counter + 1: null

2018-12-11 13:46:31 - [TEST_STEP][PASSED] - Statement - PreSaveFile = new java.io.File(((pathPrefix + java.lang.Integer.toString(counter)) + .png)): null

2018-12-11 13:46:31 - [TEST_STEP][PASSED] - Statement - counter = counter + 1: null

2018-12-11 13:46:31 - [TEST_STEP][PASSED] - Statement - PreSaveFile = new java.io.File(((pathPrefix + java.lang.Integer.toString(counter)) + .png)): null

2018-12-11 13:46:31 - [TEST_STEP][PASSED] - Statement - counter = counter + 1: null

2018-12-11 13:46:31 - [TEST_STEP][PASSED] - Statement - PreSaveFile = new java.io.File(((pathPrefix + java.lang.Integer.toString(counter)) + .png)): null

2018-12-11 13:46:31 - [TEST_STEP][PASSED] - Statement - counter = counter + 1: null

2018-12-11 13:46:31 - [TEST_STEP][PASSED] - Statement - PreSaveFile = new java.io.File(((pathPrefix + java.lang.Integer.toString(counter)) + .png)): null

2018-12-11 13:46:31 - [TEST_STEP][PASSED] - Statement - counter = counter + 1: null

2018-12-11 13:46:31 - [TEST_STEP][PASSED] - Statement - PreSaveFile = new java.io.File(((pathPrefix + java.lang.Integer.toString(counter)) + .png)): null

2018-12-11 13:46:31 - [TEST_STEP][PASSED] - Statement - counter = counter + 1: null

2018-12-11 13:46:31 - [TEST_STEP][PASSED] - Statement - PreSaveFile = new java.io.File(((pathPrefix + java.lang.Integer.toString(counter)) + .png)): null

2018-12-11 13:46:31 - [TEST_STEP][PASSED] - Statement - counter = counter + 1: null

2018-12-11 13:46:31 - [TEST_STEP][PASSED] - Statement - PreSaveFile = new java.io.File(((pathPrefix + java.lang.Integer.toString(counter)) + .png)): null

2018-12-11 13:46:31 - [TEST_STEP][PASSED] - Statement - counter = counter + 1: null

2018-12-11 13:46:31 - [TEST_STEP][PASSED] - Statement - PreSaveFile = new java.io.File(((pathPrefix + java.lang.Integer.toString(counter)) + .png)): null

2018-12-11 13:46:31 - [TEST_STEP][PASSED] - Statement - counter = counter + 1: null

2018-12-11 13:46:31 - [TEST_STEP][PASSED] - Statement - PreSaveFile = new java.io.File(((pathPrefix + java.lang.Integer.toString(counter)) + .png)): null

2018-12-11 13:46:31 - [TEST_STEP][PASSED] - Statement - counter = counter + 1: null

2018-12-11 13:46:31 - [TEST_STEP][PASSED] - Statement - PreSaveFile = new java.io.File(((pathPrefix + java.lang.Integer.toString(counter)) + .png)): null

2018-12-11 13:46:31 - [TEST_STEP][PASSED] - Statement - counter = counter + 1: null

2018-12-11 13:46:31 - [TEST_STEP][PASSED] - Statement - PreSaveFile = new java.io.File(((pathPrefix + java.lang.Integer.toString(counter)) + .png)): null

2018-12-11 13:46:31 - [TEST_STEP][PASSED] - Statement - counter = counter + 1: null

2018-12-11 13:46:31 - [TEST_STEP][PASSED] - Statement - PreSaveFile = new java.io.File(((pathPrefix + java.lang.Integer.toString(counter)) + .png)): null

2018-12-11 13:46:31 - [TEST_STEP][PASSED] - Statement - counter = counter + 1: null

2018-12-11 13:46:31 - [TEST_STEP][PASSED] - Statement - PreSaveFile = new java.io.File(((pathPrefix + java.lang.Integer.toString(counter)) + .png)): null

2018-12-11 13:46:31 - [TEST_STEP][PASSED] - Statement - counter = counter + 1: null

2018-12-11 13:46:31 - [TEST_STEP][PASSED] - Statement - PreSaveFile = new java.io.File(((pathPrefix + java.lang.Integer.toString(counter)) + .png)): null

2018-12-11 13:46:31 - [TEST_STEP][PASSED] - Statement - counter = counter + 1: null

2018-12-11 13:46:31 - [TEST_STEP][PASSED] - Statement - PreSaveFile = new java.io.File(((pathPrefix + java.lang.Integer.toString(counter)) + .png)): null

2018-12-11 13:46:31 - [TEST_STEP][PASSED] - Statement - counter = counter + 1: null

2018-12-11 13:46:31 - [TEST_STEP][PASSED] - Statement - PreSaveFile = new java.io.File(((pathPrefix + java.lang.Integer.toString(counter)) + .png)): null

2018-12-11 13:46:31 - [TEST_STEP][PASSED] - Statement - counter = counter + 1: null

2018-12-11 13:46:31 - [TEST_STEP][PASSED] - Statement - PreSaveFile = new java.io.File(((pathPrefix + java.lang.Integer.toString(counter)) + .png)): null

2018-12-11 13:46:31 - [TEST_STEP][PASSED] - Statement - counter = counter + 1: null

2018-12-11 13:46:31 - [TEST_STEP][PASSED] - Statement - PreSaveFile = new java.io.File(((pathPrefix + java.lang.Integer.toString(counter)) + .png)): null

2018-12-11 13:46:31 - [TEST_STEP][PASSED] - Statement - counter = counter + 1: null

2018-12-11 13:46:31 - [TEST_STEP][PASSED] - Statement - PreSaveFile = new java.io.File(((pathPrefix + java.lang.Integer.toString(counter)) + .png)): null

2018-12-11 13:46:31 - [TEST_STEP][PASSED] - Statement - counter = counter + 1: null

2018-12-11 13:46:31 - [TEST_STEP][PASSED] - Statement - PreSaveFile = new java.io.File(((pathPrefix + java.lang.Integer.toString(counter)) + .png)): null

2018-12-11 13:46:31 - [TEST_STEP][PASSED] - Statement - counter = counter + 1: null

2018-12-11 13:46:31 - [TEST_STEP][PASSED] - Statement - PreSaveFile = new java.io.File(((pathPrefix + java.lang.Integer.toString(counter)) + .png)): null

2018-12-11 13:46:31 - [TEST_STEP][PASSED] - Statement - counter = counter + 1: null

2018-12-11 13:46:31 - [TEST_STEP][PASSED] - Statement - PreSaveFile = new java.io.File(((pathPrefix + java.lang.Integer.toString(counter)) + .png)): null

2018-12-11 13:46:31 - [TEST_STEP][PASSED] - Statement - counter = counter + 1: null

2018-12-11 13:46:31 - [TEST_STEP][PASSED] - Statement - PreSaveFile = new java.io.File(((pathPrefix + java.lang.Integer.toString(counter)) + .png)): null

2018-12-11 13:46:31 - [TEST_STEP][PASSED] - Statement - counter = counter + 1: null

2018-12-11 13:46:31 - [TEST_STEP][PASSED] - Statement - PreSaveFile = new java.io.File(((pathPrefix + java.lang.Integer.toString(counter)) + .png)): null

2018-12-11 13:46:31 - [TEST_STEP][PASSED] - Statement - counter = counter + 1: null

2018-12-11 13:46:31 - [TEST_STEP][PASSED] - Statement - PreSaveFile = new java.io.File(((pathPrefix + java.lang.Integer.toString(counter)) + .png)): null

2018-12-11 13:46:31 - [TEST_STEP][PASSED] - Statement - counter = counter + 1: null

2018-12-11 13:46:31 - [TEST_STEP][PASSED] - Statement - PreSaveFile = new java.io.File(((pathPrefix + java.lang.Integer.toString(counter)) + .png)): null

2018-12-11 13:46:31 - [TEST_STEP][PASSED] - Statement - counter = counter + 1: null

2018-12-11 13:46:31 - [TEST_STEP][PASSED] - Statement - PreSaveFile = new java.io.File(((pathPrefix + java.lang.Integer.toString(counter)) + .png)): null

2018-12-11 13:46:31 - [TEST_STEP][PASSED] - Statement - counter = counter + 1: null

2018-12-11 13:46:31 - [TEST_STEP][PASSED] - Statement - PreSaveFile = new java.io.File(((pathPrefix + java.lang.Integer.toString(counter)) + .png)): null

2018-12-11 13:46:31 - [TEST_STEP][PASSED] - Statement - counter = counter + 1: null

2018-12-11 13:46:31 - [TEST_STEP][PASSED] - Statement - PreSaveFile = new java.io.File(((pathPrefix + java.lang.Integer.toString(counter)) + .png)): null

2018-12-11 13:46:31 - [TEST_STEP][PASSED] - Statement - counter = counter + 1: null

2018-12-11 13:46:31 - [TEST_STEP][PASSED] - Statement - PreSaveFile = new java.io.File(((pathPrefix + java.lang.Integer.toString(counter)) + .png)): null

2018-12-11 13:46:31 - [TEST_STEP][PASSED] - Statement - counter = counter + 1: null

2018-12-11 13:46:31 - [TEST_STEP][PASSED] - Statement - PreSaveFile = new java.io.File(((pathPrefix + java.lang.Integer.toString(counter)) + .png)): null

2018-12-11 13:46:31 - [TEST_STEP][PASSED] - Statement - counter = counter + 1: null

2018-12-11 13:46:31 - [TEST_STEP][PASSED] - Statement - PreSaveFile = new java.io.File(((pathPrefix + java.lang.Integer.toString(counter)) + .png)): null

2018-12-11 13:46:31 - [TEST_STEP][PASSED] - Statement - counter = counter + 1: null

2018-12-11 13:46:31 - [TEST_STEP][PASSED] - Statement - PreSaveFile = new java.io.File(((pathPrefix + java.lang.Integer.toString(counter)) + .png)): null

2018-12-11 13:46:31 - [TEST_STEP][PASSED] - Statement - finalPath = pathPrefix + java.lang.Integer.toString(counter) + ".png": null

2018-12-11 13:46:31 - [TEST_STEP][PASSED] - Statement - SaveFile = new java.io.File(finalPath): null

2018-12-11 13:46:31 - [TEST_STEP][PASSED] - Statement - Try: null

2018-12-11 13:46:31 - [TEST_STEP][PASSED] - Statement - org.apache.commons.io.FileUtils.copyFile(scrFile, SaveFile): null

2018-12-11 13:46:31 - [TEST_STEP][PASSED] - Statement - out.println("file kept"): null

2018-12-11 13:46:31 - [TEST_STEP][PASSED] - delay: Delayed 10 second(s)

2018-12-11 13:46:41 - [MESSAGE][PASSED] - Delayed 10 second(s)

2018-12-11 13:46:41 - [MESSAGE][PASSED] - Call Test Case 'Test Cases/Final Aug 2018 - PKS Automation/Registration Module/New Registration/Submit and Screenshot/Submit Registration and Screenshot' successfully

2018-12-11 13:46:41 - [TEST_STEP][PASSED] - callTestCase: Call Test Case 'Test Cases/Final Aug 2018 - PKS Automation/Registration Module/Log Out/log out avoiding katalon tagging' successfully

2018-12-11 13:46:41 - [TEST_CASE][PASSED] - Test Cases/Final Aug 2018 - PKS Automation/Registration Module/Log Out/log out avoiding katalon tagging: Test Cases/Final Aug 2018 - PKS Automation/Registration Module/Log Out/log out avoiding katalon tagging

2018-12-11 13:46:41 - [TEST_STEP][PASSED] - navigateToUrl: Navigate to 'https://assist2-uat.perkeso.gov.my/c/portal/logout' successfully

2018-12-11 13:46:41 - [MESSAGE][PASSED] - Navigate to 'https://assist2-uat.perkeso.gov.my/c/portal/logout' successfully

2018-12-11 13:46:41 - [MESSAGE][PASSED] - Call Test Case 'Test Cases/Final Aug 2018 - PKS Automation/Registration Module/Log Out/log out avoiding katalon tagging' successfully]]></system-out>
         <system-err><![CDATA[]]></system-err>
      </testcase>
      <testcase name="Test Cases/Final Aug 2018 - PKS Automation/Registration Module/Workflow/New Registration/Case PKR BO to RO - Query - Submit" classname="Test Cases/Final Aug 2018 - PKS Automation/Registration Module/Workflow/New Registration/Case PKR BO to RO - Query - Submit" status="FAILED">
         <failure type="FAILED" message="(Stack trace: com.kms.katalon.core.exception.StepFailedException: Unable to click on object 'Object Repository/Final Object Repo/New Registration - Registration Module Pages/New Reg - OTC to RO/Special Case - All Related Objects/Pending Case Exit' (Root cause: org.openqa.selenium.StaleElementReferenceException: stale element reference: element is not attached to the page document
  (Session info: chrome=70.0.3538.110)
  (Driver info: chromedriver=2.43.600210 (68dcf5eebde37173d4027fa8635e332711d2874a),platform=Windows NT 6.1.7601 SP1 x86_64) (WARNING: The server did not provide any stacktrace information)
Command duration or timeout: 0 milliseconds
For documentation on this error, please visit: http://seleniumhq.org/exceptions/stale_element_reference.html
Build info: version: '3.7.1', revision: '8a0099a', time: '2017-11-06T21:07:36.161Z'
System info: host: 'WIN7TEST02', ip: '10.20.3.72', os.name: 'Windows 7', os.arch: 'amd64', os.version: '6.1', java.version: '1.8.0_181'
Driver info: com.kms.katalon.selenium.driver.CChromeDriver
Capabilities {acceptInsecureCerts: false, acceptSslCerts: false, applicationCacheEnabled: false, browserConnectionEnabled: false, browserName: chrome, chrome: {chromedriverVersion: 2.43.600210 (68dcf5eebde371..., userDataDir: C:\Users\Admin\AppData\Loca...}, cssSelectorsEnabled: true, databaseEnabled: false, goog:chromeOptions: {debuggerAddress: localhost:57086}, handlesAlerts: true, hasTouchScreen: false, javascriptEnabled: true, locationContextEnabled: true, mobileEmulationEnabled: false, nativeEvents: true, networkConnectionEnabled: false, pageLoadStrategy: normal, platform: XP, platformName: XP, rotatable: false, setWindowRect: true, takesHeapSnapshot: true, takesScreenshot: true, unexpectedAlertBehaviour: , unhandledPromptBehavior: , version: 70.0.3538.110, webStorageEnabled: true}
Session ID: e422cb9eb852572083eac22b9f386810)
	at com.kms.katalon.core.keyword.internal.KeywordMain.stepFailed(KeywordMain.groovy:32)
	at com.kms.katalon.core.webui.keyword.internal.WebUIKeywordMain.stepFailed(WebUIKeywordMain.groovy:65)
	at com.kms.katalon.core.webui.keyword.internal.WebUIKeywordMain.runKeyword(WebUIKeywordMain.groovy:27)
	at com.kms.katalon.core.webui.keyword.builtin.ClickKeyword.click(ClickKeyword.groovy:86)
	at com.kms.katalon.core.webui.keyword.builtin.ClickKeyword.execute(ClickKeyword.groovy:67)
	at com.kms.katalon.core.keyword.internal.KeywordExecutor.executeKeywordForPlatform(KeywordExecutor.groovy:53)
	at com.kms.katalon.core.webui.keyword.WebUiBuiltInKeywords.click(WebUiBuiltInKeywords.groovy:616)
	at com.kms.katalon.core.webui.keyword.WebUiBuiltInKeywords$click$2.call(Unknown Source)
	at org.codehaus.groovy.runtime.callsite.CallSiteArray.defaultCall(CallSiteArray.java:48)
	at org.codehaus.groovy.runtime.callsite.AbstractCallSite.call(AbstractCallSite.java:113)
	at org.codehaus.groovy.runtime.callsite.AbstractCallSite.call(AbstractCallSite.java:125)
	at Script1535619019036.run(Script1535619019036.groovy:192)
	at com.kms.katalon.core.main.ScriptEngine.run(ScriptEngine.java:183)
	at com.kms.katalon.core.main.ScriptEngine.runScriptAsRawText(ScriptEngine.java:108)
	at com.kms.katalon.core.main.TestCaseExecutor.runScript(TestCaseExecutor.java:294)
	at com.kms.katalon.core.main.TestCaseExecutor.doExecute(TestCaseExecutor.java:285)
	at com.kms.katalon.core.main.TestCaseExecutor.processExecutionPhase(TestCaseExecutor.java:264)
	at com.kms.katalon.core.main.TestCaseExecutor.accessMainPhase(TestCaseExecutor.java:256)
	at com.kms.katalon.core.main.TestCaseExecutor.execute(TestCaseExecutor.java:200)
	at com.kms.katalon.core.main.TestSuiteExecutor.accessTestCaseMainPhase(TestSuiteExecutor.java:129)
	at com.kms.katalon.core.main.TestSuiteExecutor.accessTestSuiteMainPhase(TestSuiteExecutor.java:112)
	at com.kms.katalon.core.main.TestSuiteExecutor.execute(TestSuiteExecutor.java:81)
	at com.kms.katalon.core.main.TestCaseMain.startTestSuite(TestCaseMain.java:142)
	at com.kms.katalon.core.main.TestCaseMain$startTestSuite$0.call(Unknown Source)
	at org.codehaus.groovy.runtime.callsite.CallSiteArray.defaultCall(CallSiteArray.java:48)
	at org.codehaus.groovy.runtime.callsite.AbstractCallSite.call(AbstractCallSite.java:113)
	at org.codehaus.groovy.runtime.callsite.AbstractCallSite.call(AbstractCallSite.java:141)
	at TempTestSuite1544497307528.run(TempTestSuite1544497307528.groovy:36)
	at groovy.lang.GroovyShell.runScriptOrMainOrTestOrRunnable(GroovyShell.java:263)
	at groovy.lang.GroovyShell.run(GroovyShell.java:518)
	at groovy.lang.GroovyShell.run(GroovyShell.java:507)
	at groovy.ui.GroovyMain.processOnce(GroovyMain.java:653)
	at groovy.ui.GroovyMain.run(GroovyMain.java:384)
	at groovy.ui.GroovyMain.process(GroovyMain.java:370)
	at groovy.ui.GroovyMain.processArgs(GroovyMain.java:129)
	at groovy.ui.GroovyMain.main(GroovyMain.java:109)
	at sun.reflect.NativeMethodAccessorImpl.invoke0(Native Method)
	at sun.reflect.NativeMethodAccessorImpl.invoke(NativeMethodAccessorImpl.java:62)
	at sun.reflect.DelegatingMethodAccessorImpl.invoke(DelegatingMethodAccessorImpl.java:43)
	at java.lang.reflect.Method.invoke(Method.java:498)
	at org.codehaus.groovy.tools.GroovyStarter.rootLoader(GroovyStarter.java:109)
	at org.codehaus.groovy.tools.GroovyStarter.main(GroovyStarter.java:131)
)"/>
         <system-out><![CDATA[2018-12-11 13:46:41 - [TEST_CASE][FAILED] - Test Cases/Final Aug 2018 - PKS Automation/Registration Module/Workflow/New Registration/Case PKR BO to RO - Query - Submit: Test Cases/Final Aug 2018 - PKS Automation/Registration Module/Workflow/New Registration/Case PKR BO to RO - Query - Submit FAILED because (of) (Stack trace: com.kms.katalon.core.exception.StepFailedException: Unable to click on object 'Object Repository/Final Object Repo/New Registration - Registration Module Pages/New Reg - OTC to RO/Special Case - All Related Objects/Pending Case Exit' (Root cause: org.openqa.selenium.StaleElementReferenceException: stale element reference: element is not attached to the page document
  (Session info: chrome=70.0.3538.110)
  (Driver info: chromedriver=2.43.600210 (68dcf5eebde37173d4027fa8635e332711d2874a),platform=Windows NT 6.1.7601 SP1 x86_64) (WARNING: The server did not provide any stacktrace information)
Command duration or timeout: 0 milliseconds
For documentation on this error, please visit: http://seleniumhq.org/exceptions/stale_element_reference.html
Build info: version: '3.7.1', revision: '8a0099a', time: '2017-11-06T21:07:36.161Z'
System info: host: 'WIN7TEST02', ip: '10.20.3.72', os.name: 'Windows 7', os.arch: 'amd64', os.version: '6.1', java.version: '1.8.0_181'
Driver info: com.kms.katalon.selenium.driver.CChromeDriver
Capabilities {acceptInsecureCerts: false, acceptSslCerts: false, applicationCacheEnabled: false, browserConnectionEnabled: false, browserName: chrome, chrome: {chromedriverVersion: 2.43.600210 (68dcf5eebde371..., userDataDir: C:\Users\Admin\AppData\Loca...}, cssSelectorsEnabled: true, databaseEnabled: false, goog:chromeOptions: {debuggerAddress: localhost:57086}, handlesAlerts: true, hasTouchScreen: false, javascriptEnabled: true, locationContextEnabled: true, mobileEmulationEnabled: false, nativeEvents: true, networkConnectionEnabled: false, pageLoadStrategy: normal, platform: XP, platformName: XP, rotatable: false, setWindowRect: true, takesHeapSnapshot: true, takesScreenshot: true, unexpectedAlertBehaviour: , unhandledPromptBehavior: , version: 70.0.3538.110, webStorageEnabled: true}
Session ID: e422cb9eb852572083eac22b9f386810)
	at com.kms.katalon.core.keyword.internal.KeywordMain.stepFailed(KeywordMain.groovy:32)
	at com.kms.katalon.core.webui.keyword.internal.WebUIKeywordMain.stepFailed(WebUIKeywordMain.groovy:65)
	at com.kms.katalon.core.webui.keyword.internal.WebUIKeywordMain.runKeyword(WebUIKeywordMain.groovy:27)
	at com.kms.katalon.core.webui.keyword.builtin.ClickKeyword.click(ClickKeyword.groovy:86)
	at com.kms.katalon.core.webui.keyword.builtin.ClickKeyword.execute(ClickKeyword.groovy:67)
	at com.kms.katalon.core.keyword.internal.KeywordExecutor.executeKeywordForPlatform(KeywordExecutor.groovy:53)
	at com.kms.katalon.core.webui.keyword.WebUiBuiltInKeywords.click(WebUiBuiltInKeywords.groovy:616)
	at com.kms.katalon.core.webui.keyword.WebUiBuiltInKeywords$click$2.call(Unknown Source)
	at org.codehaus.groovy.runtime.callsite.CallSiteArray.defaultCall(CallSiteArray.java:48)
	at org.codehaus.groovy.runtime.callsite.AbstractCallSite.call(AbstractCallSite.java:113)
	at org.codehaus.groovy.runtime.callsite.AbstractCallSite.call(AbstractCallSite.java:125)
	at Script1535619019036.run(Script1535619019036.groovy:192)
	at com.kms.katalon.core.main.ScriptEngine.run(ScriptEngine.java:183)
	at com.kms.katalon.core.main.ScriptEngine.runScriptAsRawText(ScriptEngine.java:108)
	at com.kms.katalon.core.main.TestCaseExecutor.runScript(TestCaseExecutor.java:294)
	at com.kms.katalon.core.main.TestCaseExecutor.doExecute(TestCaseExecutor.java:285)
	at com.kms.katalon.core.main.TestCaseExecutor.processExecutionPhase(TestCaseExecutor.java:264)
	at com.kms.katalon.core.main.TestCaseExecutor.accessMainPhase(TestCaseExecutor.java:256)
	at com.kms.katalon.core.main.TestCaseExecutor.execute(TestCaseExecutor.java:200)
	at com.kms.katalon.core.main.TestSuiteExecutor.accessTestCaseMainPhase(TestSuiteExecutor.java:129)
	at com.kms.katalon.core.main.TestSuiteExecutor.accessTestSuiteMainPhase(TestSuiteExecutor.java:112)
	at com.kms.katalon.core.main.TestSuiteExecutor.execute(TestSuiteExecutor.java:81)
	at com.kms.katalon.core.main.TestCaseMain.startTestSuite(TestCaseMain.java:142)
	at com.kms.katalon.core.main.TestCaseMain$startTestSuite$0.call(Unknown Source)
	at org.codehaus.groovy.runtime.callsite.CallSiteArray.defaultCall(CallSiteArray.java:48)
	at org.codehaus.groovy.runtime.callsite.AbstractCallSite.call(AbstractCallSite.java:113)
	at org.codehaus.groovy.runtime.callsite.AbstractCallSite.call(AbstractCallSite.java:141)
	at TempTestSuite1544497307528.run(TempTestSuite1544497307528.groovy:36)
	at groovy.lang.GroovyShell.runScriptOrMainOrTestOrRunnable(GroovyShell.java:263)
	at groovy.lang.GroovyShell.run(GroovyShell.java:518)
	at groovy.lang.GroovyShell.run(GroovyShell.java:507)
	at groovy.ui.GroovyMain.processOnce(GroovyMain.java:653)
	at groovy.ui.GroovyMain.run(GroovyMain.java:384)
	at groovy.ui.GroovyMain.process(GroovyMain.java:370)
	at groovy.ui.GroovyMain.processArgs(GroovyMain.java:129)
	at groovy.ui.GroovyMain.main(GroovyMain.java:109)
	at sun.reflect.NativeMethodAccessorImpl.invoke0(Native Method)
	at sun.reflect.NativeMethodAccessorImpl.invoke(NativeMethodAccessorImpl.java:62)
	at sun.reflect.DelegatingMethodAccessorImpl.invoke(DelegatingMethodAccessorImpl.java:43)
	at java.lang.reflect.Method.invoke(Method.java:498)
	at org.codehaus.groovy.tools.GroovyStarter.rootLoader(GroovyStarter.java:109)
	at org.codehaus.groovy.tools.GroovyStarter.main(GroovyStarter.java:131)
)

2018-12-11 13:46:42 - [TEST_STEP][PASSED] - callTestCase: Call Test Case 'Test Cases/Final Aug 2018 - PKS Automation/Registration Module/Workflow/New Registration/Template/Special Case - PKR BO - Form 1' successfully

2018-12-11 13:46:42 - [TEST_CASE][PASSED] - Test Cases/Final Aug 2018 - PKS Automation/Registration Module/Workflow/New Registration/Template/Special Case - PKR BO - Form 1: Test Cases/Final Aug 2018 - PKS Automation/Registration Module/Workflow/New Registration/Template/Special Case - PKR BO - Form 1

2018-12-11 13:46:42 - [TEST_STEP][PASSED] - openBrowser: Browser is opened with url: ''

2018-12-11 13:46:42 - [MESSAGE][WARNING] - A browser is already opened. Closing browser and opening a new one

2018-12-11 13:46:48 - [MESSAGE][PASSED] - Browser is opened with url: ''

2018-12-11 13:46:48 - [TEST_STEP][PASSED] - navigateToUrl: Navigate to 'https://assist2-uat.perkeso.gov.my/login' successfully

2018-12-11 13:46:50 - [MESSAGE][PASSED] - Navigate to 'https://assist2-uat.perkeso.gov.my/login' successfully

2018-12-11 13:46:50 - [TEST_STEP][PASSED] - delay: Delayed 2 second(s)

2018-12-11 13:46:52 - [MESSAGE][PASSED] - Delayed 2 second(s)

2018-12-11 13:46:52 - [TEST_STEP][PASSED] - setText: Text 'klpkrbo2@gmail.com' is set on object 'Object Repository/Final Object Repo/Login Page/Internal User/Email Address'

2018-12-11 13:46:52 - [MESSAGE][PASSED] - Text 'klpkrbo2@gmail.com' is set on object 'Object Repository/Final Object Repo/Login Page/Internal User/Email Address'

2018-12-11 13:46:52 - [TEST_STEP][PASSED] - click: Object: 'Object Repository/Final Object Repo/Login Page/Internal User/Next Button' is clicked on

2018-12-11 13:46:52 - [MESSAGE][PASSED] - Object: 'Object Repository/Final Object Repo/Login Page/Internal User/Next Button' is clicked on

2018-12-11 13:46:52 - [TEST_STEP][PASSED] - delay: Delayed 2 second(s)

2018-12-11 13:46:54 - [MESSAGE][PASSED] - Delayed 2 second(s)

2018-12-11 13:46:54 - [TEST_STEP][PASSED] - setText: Text 'Test1@3456789' is set on object 'Object Repository/Final Object Repo/Login Page/Internal User/Password'

2018-12-11 13:46:55 - [MESSAGE][PASSED] - Text 'Test1@3456789' is set on object 'Object Repository/Final Object Repo/Login Page/Internal User/Password'

2018-12-11 13:46:55 - [TEST_STEP][PASSED] - delay: Delayed 2 second(s)

2018-12-11 13:46:57 - [MESSAGE][PASSED] - Delayed 2 second(s)

2018-12-11 13:46:57 - [TEST_STEP][PASSED] - click: Object: 'Object Repository/Final Object Repo/Login Page/Internal User/Login Button' is clicked on

2018-12-11 13:46:57 - [MESSAGE][PASSED] - Object: 'Object Repository/Final Object Repo/Login Page/Internal User/Login Button' is clicked on

2018-12-11 13:46:57 - [TEST_STEP][PASSED] - Statement - Try: null

2018-12-11 13:46:57 - [TEST_STEP][PASSED] - Statement - Checker = com.kms.katalon.core.webui.keyword.WebUiBuiltInKeywords.verifyElementNotPresent("Final Object Repo/Landing Page/Select to English", 3): null

2018-12-11 13:46:57 - [TEST_STEP][PASSED] - Statement - Catch (Exception e): null

2018-12-11 13:46:57 - [TEST_STEP][PASSED] - Statement - e.printStackTrace(): null

2018-12-11 13:46:57 - [TEST_STEP][PASSED] - delay: Delayed 5 second(s)

2018-12-11 13:47:02 - [MESSAGE][PASSED] - Delayed 5 second(s)

2018-12-11 13:47:02 - [TEST_STEP][PASSED] - click: Object: 'Object Repository/Final Object Repo/Landing Page/My Sites Drop Down' is clicked on

2018-12-11 13:47:02 - [MESSAGE][PASSED] - Object: 'Object Repository/Final Object Repo/Landing Page/My Sites Drop Down' is clicked on

2018-12-11 13:47:02 - [TEST_STEP][PASSED] - click: Object: 'Object Repository/Final Object Repo/Landing Page/Select to Registration Module' is clicked on

2018-12-11 13:47:03 - [MESSAGE][PASSED] - Object: 'Object Repository/Final Object Repo/Landing Page/Select to Registration Module' is clicked on

2018-12-11 13:47:03 - [TEST_STEP][PASSED] - click: Object: 'Object Repository/Final Object Repo/Landing Page/Registration Button' is clicked on

2018-12-11 13:47:05 - [MESSAGE][PASSED] - Object: 'Object Repository/Final Object Repo/Landing Page/Registration Button' is clicked on

2018-12-11 13:47:05 - [TEST_STEP][PASSED] - delay: Delayed 2 second(s)

2018-12-11 13:47:07 - [MESSAGE][PASSED] - Delayed 2 second(s)

2018-12-11 13:47:07 - [TEST_STEP][PASSED] - click: Object: 'Object Repository/Final Object Repo/New Registration - Registration Module Pages/New Reg - OTC to RO/Special Case - OTC - Form 1/AEC NO' is clicked on

2018-12-11 13:47:07 - [MESSAGE][PASSED] - Object: 'Object Repository/Final Object Repo/New Registration - Registration Module Pages/New Reg - OTC to RO/Special Case - OTC - Form 1/AEC NO' is clicked on

2018-12-11 13:47:07 - [TEST_STEP][PASSED] - click: Object: 'Object Repository/Final Object Repo/New Registration - Registration Module Pages/New Reg - OTC to RO/Special Case - OTC - Form 1/Business Entity - Please Select' is clicked on

2018-12-11 13:47:07 - [MESSAGE][PASSED] - Object: 'Object Repository/Final Object Repo/New Registration - Registration Module Pages/New Reg - OTC to RO/Special Case - OTC - Form 1/Business Entity - Please Select' is clicked on

2018-12-11 13:47:07 - [TEST_STEP][PASSED] - click: Object: 'Object Repository/Final Object Repo/New Registration - Registration Module Pages/New Reg - OTC to RO/Special Case - OTC - Form 1/Selected - Corporation' is clicked on

2018-12-11 13:47:07 - [MESSAGE][PASSED] - Object: 'Object Repository/Final Object Repo/New Registration - Registration Module Pages/New Reg - OTC to RO/Special Case - OTC - Form 1/Selected - Corporation' is clicked on

2018-12-11 13:47:07 - [TEST_STEP][PASSED] - delay: Delayed 2 second(s)

2018-12-11 13:47:09 - [MESSAGE][PASSED] - Delayed 2 second(s)

2018-12-11 13:47:09 - [TEST_STEP][PASSED] - click: Object: 'Object Repository/Final Object Repo/New Registration - Registration Module Pages/New Reg - OTC to RO/Special Case - OTC - Form 1/Sub Business Entity - Please Select' is clicked on

2018-12-11 13:47:09 - [MESSAGE][PASSED] - Object: 'Object Repository/Final Object Repo/New Registration - Registration Module Pages/New Reg - OTC to RO/Special Case - OTC - Form 1/Sub Business Entity - Please Select' is clicked on

2018-12-11 13:47:09 - [TEST_STEP][PASSED] - delay: Delayed 2 second(s)

2018-12-11 13:47:11 - [MESSAGE][PASSED] - Delayed 2 second(s)

2018-12-11 13:47:11 - [TEST_STEP][PASSED] - click: Object: 'Object Repository/Final Object Repo/New Registration - Registration Module Pages/New Reg - OTC to RO/Special Case - OTC - Form 1/Selected - Sendirian Berhad' is clicked on

2018-12-11 13:47:12 - [MESSAGE][PASSED] - Object: 'Object Repository/Final Object Repo/New Registration - Registration Module Pages/New Reg - OTC to RO/Special Case - OTC - Form 1/Selected - Sendirian Berhad' is clicked on

2018-12-11 13:47:12 - [TEST_STEP][PASSED] - setText: Text 'AUTOMATE001' is set on object 'Object Repository/Final Object Repo/New Registration - Registration Module Pages/New Reg - OTC to RO/Special Case - OTC - Form 1/Input BRN Number'

2018-12-11 13:47:12 - [MESSAGE][PASSED] - Text 'AUTOMATE001' is set on object 'Object Repository/Final Object Repo/New Registration - Registration Module Pages/New Reg - OTC to RO/Special Case - OTC - Form 1/Input BRN Number'

2018-12-11 13:47:12 - [TEST_STEP][PASSED] - delay: Delayed 2 second(s)

2018-12-11 13:47:14 - [MESSAGE][PASSED] - Delayed 2 second(s)

2018-12-11 13:47:14 - [TEST_STEP][PASSED] - click: Object: 'Object Repository/Final Object Repo/New Registration - Registration Module Pages/New Reg - OTC to RO/Special Case - OTC - Form 1/BRN Search' is clicked on

2018-12-11 13:47:14 - [MESSAGE][PASSED] - Object: 'Object Repository/Final Object Repo/New Registration - Registration Module Pages/New Reg - OTC to RO/Special Case - OTC - Form 1/BRN Search' is clicked on

2018-12-11 13:47:14 - [TEST_STEP][PASSED] - delay: Delayed 4 second(s)

2018-12-11 13:47:18 - [MESSAGE][PASSED] - Delayed 4 second(s)

2018-12-11 13:47:18 - [TEST_STEP][PASSED] - click: Object: 'Object Repository/Final Object Repo/New Registration - Registration Module Pages/New Reg - OTC to RO/Special Case - OTC - Form 1/Registered with SSM - After Feb 2017' is clicked on

2018-12-11 13:47:19 - [MESSAGE][PASSED] - Object: 'Object Repository/Final Object Repo/New Registration - Registration Module Pages/New Reg - OTC to RO/Special Case - OTC - Form 1/Registered with SSM - After Feb 2017' is clicked on

2018-12-11 13:47:19 - [TEST_STEP][PASSED] - delay: Delayed 2 second(s)

2018-12-11 13:47:21 - [MESSAGE][PASSED] - Delayed 2 second(s)

2018-12-11 13:47:21 - [TEST_STEP][PASSED] - click: Object: 'Object Repository/Final Object Repo/New Registration - Registration Module Pages/New Reg - OTC to RO/Special Case - OTC - Form 1/Registering As A Branch - No' is clicked on

2018-12-11 13:47:21 - [MESSAGE][PASSED] - Object: 'Object Repository/Final Object Repo/New Registration - Registration Module Pages/New Reg - OTC to RO/Special Case - OTC - Form 1/Registering As A Branch - No' is clicked on

2018-12-11 13:47:21 - [TEST_STEP][PASSED] - click: Object: 'Object Repository/Final Object Repo/New Registration - Registration Module Pages/New Reg - OTC to RO/Special Case - OTC - Form 1/Acknowledgement Ticked' is clicked on

2018-12-11 13:47:21 - [MESSAGE][PASSED] - Object: 'Object Repository/Final Object Repo/New Registration - Registration Module Pages/New Reg - OTC to RO/Special Case - OTC - Form 1/Acknowledgement Ticked' is clicked on

2018-12-11 13:47:21 - [TEST_STEP][PASSED] - click: Object: 'Object Repository/Final Object Repo/New Registration - Registration Module Pages/New Reg - OTC to RO/Special Case - OTC - Form 1/Submit Button' is clicked on

2018-12-11 13:47:21 - [MESSAGE][PASSED] - Object: 'Object Repository/Final Object Repo/New Registration - Registration Module Pages/New Reg - OTC to RO/Special Case - OTC - Form 1/Submit Button' is clicked on

2018-12-11 13:47:21 - [TEST_STEP][PASSED] - delay: Delayed 2 second(s)

2018-12-11 13:47:23 - [MESSAGE][PASSED] - Delayed 2 second(s)

2018-12-11 13:47:23 - [TEST_STEP][PASSED] - click: Object: 'Object Repository/Final Object Repo/New Registration - Registration Module Pages/New Reg - OTC to RO/Special Case - OTC - Form 1/Confirm No Flagging as Branch' is clicked on

2018-12-11 13:47:23 - [MESSAGE][PASSED] - Object: 'Object Repository/Final Object Repo/New Registration - Registration Module Pages/New Reg - OTC to RO/Special Case - OTC - Form 1/Confirm No Flagging as Branch' is clicked on

2018-12-11 13:47:23 - [MESSAGE][PASSED] - Call Test Case 'Test Cases/Final Aug 2018 - PKS Automation/Registration Module/Workflow/New Registration/Template/Special Case - PKR BO - Form 1' successfully

2018-12-11 13:47:23 - [TEST_STEP][PASSED] - callTestCase: Call Test Case 'Test Cases/Final Aug 2018 - PKS Automation/Registration Module/New Registration/Form 2/Add 1 Eligible' successfully

2018-12-11 13:47:23 - [TEST_CASE][PASSED] - Test Cases/Final Aug 2018 - PKS Automation/Registration Module/New Registration/Form 2/Add 1 Eligible: Test Cases/Final Aug 2018 - PKS Automation/Registration Module/New Registration/Form 2/Add 1 Eligible

2018-12-11 13:47:23 - [TEST_STEP][PASSED] - delay: Delayed 2 second(s)

2018-12-11 13:47:25 - [MESSAGE][PASSED] - Delayed 2 second(s)

2018-12-11 13:47:25 - [TEST_STEP][PASSED] - callTestCase: Call Test Case 'Test Cases/Final Aug 2018 - PKS Automation/Registration Module/New Registration/Form 2/Date Updater' successfully

2018-12-11 13:47:25 - [TEST_CASE][PASSED] - Test Cases/Final Aug 2018 - PKS Automation/Registration Module/New Registration/Form 2/Date Updater: Test Cases/Final Aug 2018 - PKS Automation/Registration Module/New Registration/Form 2/Date Updater

2018-12-11 13:47:25 - [TEST_STEP][PASSED] - Statement - TodayDate = new java.util.Date(): null

2018-12-11 13:47:25 - [TEST_STEP][PASSED] - Statement - CurrentDateNoFilter = new java.text.SimpleDateFormat(): null

2018-12-11 13:47:25 - [TEST_STEP][PASSED] - Statement - CurrentDateNoFilter.applyPattern("MM"): null

2018-12-11 13:47:25 - [TEST_STEP][PASSED] - Statement - monthContainerMatcher = java.lang.Integer.parseInt(CurrentDateNoFilter.format(TodayDate)): null

2018-12-11 13:47:25 - [TEST_STEP][PASSED] - Statement - monthContainerMatcher = monthContainerMatcher - 1: null

2018-12-11 13:47:25 - [TEST_STEP][PASSED] - Statement - CurrentMonth = monthContainerMatcher.toString(): null

2018-12-11 13:47:25 - [TEST_STEP][PASSED] - Statement - CurrentMonth = CurrentMonth: null

2018-12-11 13:47:25 - [TEST_STEP][PASSED] - Statement - CurrentDateNoFilter.applyPattern("yyyy"): null

2018-12-11 13:47:25 - [TEST_STEP][PASSED] - Statement - CurrentYear = CurrentDateNoFilter.format(TodayDate): null

2018-12-11 13:47:25 - [TEST_STEP][PASSED] - Statement - CurrentYear = CurrentYear: null

2018-12-11 13:47:25 - [TEST_STEP][PASSED] - Statement - intCurrentYear = java.lang.Integer.parseInt(CurrentDateNoFilter.format(TodayDate)): null

2018-12-11 13:47:25 - [TEST_STEP][PASSED] - Statement - eighteenYrsAgo = intCurrentYear - 18: null

2018-12-11 13:47:25 - [TEST_STEP][PASSED] - Statement - eighteenYrsBeforeThisYr = eighteenYrsAgo.toString(): null

2018-12-11 13:47:25 - [TEST_STEP][PASSED] - Statement - EighteenYrsBefore = eighteenYrsBeforeThisYr: null

2018-12-11 13:47:25 - [TEST_STEP][PASSED] - Statement - fiftysevenYrsAgo = intCurrentYear - 57: null

2018-12-11 13:47:25 - [TEST_STEP][PASSED] - Statement - fiftysevenYrsBeforeThisYr = fiftysevenYrsAgo.toString(): null

2018-12-11 13:47:25 - [TEST_STEP][PASSED] - Statement - FiftysevenYrsBefore = fiftysevenYrsBeforeThisYr: null

2018-12-11 13:47:25 - [TEST_STEP][PASSED] - Statement - leapYear = false: null

2018-12-11 13:47:25 - [TEST_STEP][PASSED] - Statement - leapYear = intCurrentYear % 4 == 0: null

2018-12-11 13:47:25 - [TEST_STEP][PASSED] - Statement - CurrentDateNoFilter.applyPattern("dd"): null

2018-12-11 13:47:25 - [TEST_STEP][PASSED] - Statement - CurrentDate = CurrentDateNoFilter.format(TodayDate): null

2018-12-11 13:47:25 - [TEST_STEP][PASSED] - Statement - CurrentDate = java.lang.Integer.parseInt(CurrentDate): null

2018-12-11 13:47:25 - [TEST_STEP][PASSED] - Statement - CurrentDate = CurrentDate: null

2018-12-11 13:47:25 - [TEST_STEP][PASSED] - Statement - CurrentDay = java.lang.Integer.parseInt(CurrentDate): null

2018-12-11 13:47:25 - [TEST_STEP][PASSED] - Statement - ConfAdder = <not implemented yet for class: org.codehaus.groovy.ast.expr.EmptyExpression>: null

2018-12-11 13:47:25 - [TEST_STEP][PASSED] - Statement - out.println(CurrentMonth): null

2018-12-11 13:47:25 - [TEST_STEP][PASSED] - Statement - out.println(CurrentDate): null

2018-12-11 13:47:25 - [TEST_STEP][PASSED] - Statement - switch (CurrentDate): null

2018-12-11 13:47:25 - [TEST_STEP][PASSED] - Statement - Default: null

2018-12-11 13:47:25 - [TEST_STEP][PASSED] - Statement - ConfAdder = true: null

2018-12-11 13:47:25 - [TEST_STEP][PASSED] - Statement - Break: null

2018-12-11 13:47:25 - [TEST_STEP][PASSED] - Statement - aDayBefore = <not implemented yet for class: org.codehaus.groovy.ast.expr.EmptyExpression>: null

2018-12-11 13:47:25 - [TEST_STEP][PASSED] - Statement - out.println(ConfAdder): null

2018-12-11 13:47:25 - [TEST_STEP][PASSED] - Statement - If (ConfAdder == true): null

2018-12-11 13:47:25 - [TEST_STEP][PASSED] - Statement - aDayBefore = CurrentDay + 1: null

2018-12-11 13:47:25 - [TEST_STEP][PASSED] - Statement - out.println(aDayBefore): null

2018-12-11 13:47:25 - [TEST_STEP][PASSED] - Statement - If (aDayBefore == 1 && CurrentMonth == 11): null

2018-12-11 13:47:25 - [TEST_STEP][PASSED] - Statement - DayBefore = aDayBefore.toString(): null

2018-12-11 13:47:25 - [TEST_STEP][PASSED] - Statement - OneDayBefore = DayBefore: null

2018-12-11 13:47:25 - [MESSAGE][PASSED] - Call Test Case 'Test Cases/Final Aug 2018 - PKS Automation/Registration Module/New Registration/Form 2/Date Updater' successfully

2018-12-11 13:47:25 - [TEST_STEP][PASSED] - delay: Delayed 1 second(s)

2018-12-11 13:47:26 - [MESSAGE][PASSED] - Delayed 1 second(s)

2018-12-11 13:47:26 - [TEST_STEP][PASSED] - Statement - CaseReferenceNo = com.kms.katalon.core.webui.keyword.WebUiBuiltInKeywords.getText(com.kms.katalon.core.testobject.ObjectRepository.findTestObject(Final Object Repo/New Registration - Registration Module Pages/Form 2/RefNo Acquiring)): Text of object 'Object Repository/Final Object Repo/New Registration - Registration Module Pages/Form 2/RefNo Acquiring' is: 'CRN12201800123170'

2018-12-11 13:47:26 - [MESSAGE][PASSED] - Text of object 'Object Repository/Final Object Repo/New Registration - Registration Module Pages/Form 2/RefNo Acquiring' is: 'CRN12201800123170'

2018-12-11 13:47:26 - [TEST_STEP][PASSED] - delay: Delayed 1 second(s)

2018-12-11 13:47:27 - [MESSAGE][PASSED] - Delayed 1 second(s)

2018-12-11 13:47:27 - [TEST_STEP][PASSED] - click: Object: 'Object Repository/Final Object Repo/New Registration - Registration Module Pages/Form 2/Add Employee Button' is clicked on

2018-12-11 13:47:28 - [MESSAGE][PASSED] - Object: 'Object Repository/Final Object Repo/New Registration - Registration Module Pages/Form 2/Add Employee Button' is clicked on

2018-12-11 13:47:28 - [TEST_STEP][PASSED] - delay: Delayed 1 second(s)

2018-12-11 13:47:29 - [MESSAGE][PASSED] - Delayed 1 second(s)

2018-12-11 13:47:29 - [TEST_STEP][PASSED] - setText: Text '010903091963' is set on object 'Object Repository/Final Object Repo/New Registration - Registration Module Pages/Form 2/NRIC Input'

2018-12-11 13:47:29 - [MESSAGE][PASSED] - Text '010903091963' is set on object 'Object Repository/Final Object Repo/New Registration - Registration Module Pages/Form 2/NRIC Input'

2018-12-11 13:47:29 - [TEST_STEP][PASSED] - click: Object: 'Object Repository/Final Object Repo/New Registration - Registration Module Pages/Form 2/button for search for IC' is clicked on

2018-12-11 13:47:29 - [MESSAGE][PASSED] - Object: 'Object Repository/Final Object Repo/New Registration - Registration Module Pages/Form 2/button for search for IC' is clicked on

2018-12-11 13:47:29 - [TEST_STEP][PASSED] - delay: Delayed 2 second(s)

2018-12-11 13:47:31 - [MESSAGE][PASSED] - Delayed 2 second(s)

2018-12-11 13:47:31 - [TEST_STEP][PASSED] - setText: Text 'Automate001 eligible 1' is set on object 'Object Repository/Final Object Repo/New Registration - Registration Module Pages/Form 2/Employee Name Input'

2018-12-11 13:47:32 - [MESSAGE][PASSED] - Text 'Automate001 eligible 1' is set on object 'Object Repository/Final Object Repo/New Registration - Registration Module Pages/Form 2/Employee Name Input'

2018-12-11 13:47:32 - [TEST_STEP][PASSED] - delay: Delayed 2 second(s)

2018-12-11 13:47:34 - [MESSAGE][PASSED] - Delayed 2 second(s)

2018-12-11 13:47:34 - [TEST_STEP][PASSED] - click: Object: 'Object Repository/Final Object Repo/New Registration - Registration Module Pages/Form 2/DatePicker Pop Up' is clicked on

2018-12-11 13:47:34 - [MESSAGE][PASSED] - Object: 'Object Repository/Final Object Repo/New Registration - Registration Module Pages/Form 2/DatePicker Pop Up' is clicked on

2018-12-11 13:47:34 - [TEST_STEP][PASSED] - click: Object: 'Object Repository/Final Object Repo/New Registration - Registration Module Pages/Form 2/DOB Month' is clicked on

2018-12-11 13:47:34 - [MESSAGE][PASSED] - Object: 'Object Repository/Final Object Repo/New Registration - Registration Module Pages/Form 2/DOB Month' is clicked on

2018-12-11 13:47:34 - [TEST_STEP][PASSED] - Statement - CurrentMonth = CurrentMonth: null

2018-12-11 13:47:34 - [TEST_STEP][PASSED] - Statement - selectMonth = new com.kms.katalon.core.testobject.TestObject(): null

2018-12-11 13:47:34 - [TEST_STEP][PASSED] - Statement - selectMonth.addProperty("xpath", EQUALS, "//body/div/div/div/select/option[@value='" + CurrentMonth + "']", true): null

2018-12-11 13:47:34 - [TEST_STEP][PASSED] - click: Object: '' is clicked on

2018-12-11 13:47:34 - [MESSAGE][PASSED] - Object: '' is clicked on

2018-12-11 13:47:34 - [TEST_STEP][PASSED] - click: Object: 'Object Repository/Final Object Repo/New Registration - Registration Module Pages/Form 2/DOB Year' is clicked on

2018-12-11 13:47:34 - [MESSAGE][PASSED] - Object: 'Object Repository/Final Object Repo/New Registration - Registration Module Pages/Form 2/DOB Year' is clicked on

2018-12-11 13:47:34 - [TEST_STEP][PASSED] - Statement - Eyearsbf = EighteenYrsBefore: null

2018-12-11 13:47:34 - [TEST_STEP][PASSED] - Statement - selectYear = new com.kms.katalon.core.testobject.TestObject(): null

2018-12-11 13:47:34 - [TEST_STEP][PASSED] - Statement - selectYear.addProperty("xpath", EQUALS, "//div/div/div/select/option[@value='" + Eyearsbf + "']", true): null

2018-12-11 13:47:34 - [TEST_STEP][PASSED] - click: Object: '' is clicked on

2018-12-11 13:47:35 - [MESSAGE][PASSED] - Object: '' is clicked on

2018-12-11 13:47:35 - [TEST_STEP][PASSED] - Statement - UpdatedSelectDate = com.kms.katalon.core.webui.keyword.WebUiBuiltInKeywords.modifyObjectProperty(com.kms.katalon.core.testobject.ObjectRepository.findTestObject(Final Object Repo/New Registration - Registration Module Pages/Form 2/DOB Date), "xpath", "equals", "//body/div/table/tbody/tr/td/a[text()="" + CurrentDate + ""]", true): Modify property of object successfully

2018-12-11 13:47:35 - [MESSAGE][PASSED] - Modify property of object successfully

2018-12-11 13:47:35 - [TEST_STEP][PASSED] - delay: Delayed 3 second(s)

2018-12-11 13:47:38 - [MESSAGE][PASSED] - Delayed 3 second(s)

2018-12-11 13:47:38 - [TEST_STEP][PASSED] - click: Object: 'Object Repository/Final Object Repo/New Registration - Registration Module Pages/Form 2/DOB Date' is clicked on

2018-12-11 13:47:38 - [MESSAGE][PASSED] - Object: 'Object Repository/Final Object Repo/New Registration - Registration Module Pages/Form 2/DOB Date' is clicked on

2018-12-11 13:47:38 - [TEST_STEP][PASSED] - delay: Delayed 2 second(s)

2018-12-11 13:47:40 - [MESSAGE][PASSED] - Delayed 2 second(s)

2018-12-11 13:47:40 - [TEST_STEP][PASSED] - click: Object: 'Object Repository/Final Object Repo/New Registration - Registration Module Pages/Form 2/EmploymentStartDate Pop Up' is clicked on

2018-12-11 13:47:40 - [MESSAGE][PASSED] - Object: 'Object Repository/Final Object Repo/New Registration - Registration Module Pages/Form 2/EmploymentStartDate Pop Up' is clicked on

2018-12-11 13:47:40 - [TEST_STEP][PASSED] - delay: Delayed 2 second(s)

2018-12-11 13:47:42 - [MESSAGE][PASSED] - Delayed 2 second(s)

2018-12-11 13:47:42 - [TEST_STEP][PASSED] - click: Object: 'Object Repository/Final Object Repo/New Registration - Registration Module Pages/Form 2/Socso Employment StartDate Month' is clicked on

2018-12-11 13:47:42 - [MESSAGE][PASSED] - Object: 'Object Repository/Final Object Repo/New Registration - Registration Module Pages/Form 2/Socso Employment StartDate Month' is clicked on

2018-12-11 13:47:42 - [TEST_STEP][PASSED] - delay: Delayed 1 second(s)

2018-12-11 13:47:43 - [MESSAGE][PASSED] - Delayed 1 second(s)

2018-12-11 13:47:43 - [TEST_STEP][PASSED] - click: Object: 'Object Repository/Final Object Repo/New Registration - Registration Module Pages/Form 2/Select Socso Employement Startdate Month' is clicked on

2018-12-11 13:47:43 - [MESSAGE][PASSED] - Object: 'Object Repository/Final Object Repo/New Registration - Registration Module Pages/Form 2/Select Socso Employement Startdate Month' is clicked on

2018-12-11 13:47:43 - [TEST_STEP][PASSED] - delay: Delayed 2 second(s)

2018-12-11 13:47:45 - [MESSAGE][PASSED] - Delayed 2 second(s)

2018-12-11 13:47:45 - [TEST_STEP][PASSED] - click: Object: 'Object Repository/Final Object Repo/New Registration - Registration Module Pages/Form 2/Socso Employment StartDate Year' is clicked on

2018-12-11 13:47:45 - [MESSAGE][PASSED] - Object: 'Object Repository/Final Object Repo/New Registration - Registration Module Pages/Form 2/Socso Employment StartDate Year' is clicked on

2018-12-11 13:47:45 - [TEST_STEP][PASSED] - delay: Delayed 1 second(s)

2018-12-11 13:47:46 - [MESSAGE][PASSED] - Delayed 1 second(s)

2018-12-11 13:47:46 - [TEST_STEP][PASSED] - click: Object: 'Object Repository/Final Object Repo/New Registration - Registration Module Pages/Form 2/Select Socso Employment Startdate Year' is clicked on

2018-12-11 13:47:47 - [MESSAGE][PASSED] - Object: 'Object Repository/Final Object Repo/New Registration - Registration Module Pages/Form 2/Select Socso Employment Startdate Year' is clicked on

2018-12-11 13:47:47 - [TEST_STEP][PASSED] - delay: Delayed 2 second(s)

2018-12-11 13:47:49 - [MESSAGE][PASSED] - Delayed 2 second(s)

2018-12-11 13:47:49 - [TEST_STEP][PASSED] - click: Object: 'Object Repository/Final Object Repo/New Registration - Registration Module Pages/Form 2/Socso Employment Start Date Day' is clicked on

2018-12-11 13:47:49 - [MESSAGE][PASSED] - Object: 'Object Repository/Final Object Repo/New Registration - Registration Module Pages/Form 2/Socso Employment Start Date Day' is clicked on

2018-12-11 13:47:49 - [TEST_STEP][PASSED] - delay: Delayed 2 second(s)

2018-12-11 13:47:51 - [MESSAGE][PASSED] - Delayed 2 second(s)

2018-12-11 13:47:51 - [TEST_STEP][PASSED] - click: Object: 'Object Repository/Final Object Repo/New Registration - Registration Module Pages/Form 2/Save Button for Add Employee' is clicked on

2018-12-11 13:47:51 - [MESSAGE][PASSED] - Object: 'Object Repository/Final Object Repo/New Registration - Registration Module Pages/Form 2/Save Button for Add Employee' is clicked on

2018-12-11 13:47:51 - [TEST_STEP][PASSED] - delay: Delayed 6 second(s)

2018-12-11 13:47:57 - [MESSAGE][PASSED] - Delayed 6 second(s)

2018-12-11 13:47:57 - [TEST_STEP][PASSED] - click: Object: 'Object Repository/Final Object Repo/New Registration - Registration Module Pages/Form 2/Save and Continue Form 2' is clicked on

2018-12-11 13:47:57 - [MESSAGE][PASSED] - Object: 'Object Repository/Final Object Repo/New Registration - Registration Module Pages/Form 2/Save and Continue Form 2' is clicked on

2018-12-11 13:47:57 - [MESSAGE][PASSED] - Call Test Case 'Test Cases/Final Aug 2018 - PKS Automation/Registration Module/New Registration/Form 2/Add 1 Eligible' successfully

2018-12-11 13:47:57 - [TEST_STEP][PASSED] - callTestCase: Call Test Case 'Test Cases/Final Aug 2018 - PKS Automation/Registration Module/New Registration/Flow of New Registration/Third Screen - Upload Supporting Doc - Preview' successfully

2018-12-11 13:47:57 - [TEST_CASE][PASSED] - Test Cases/Final Aug 2018 - PKS Automation/Registration Module/New Registration/Flow of New Registration/Third Screen - Upload Supporting Doc - Preview: Test Cases/Final Aug 2018 - PKS Automation/Registration Module/New Registration/Flow of New Registration/Third Screen - Upload Supporting Doc - Preview

2018-12-11 13:47:57 - [TEST_STEP][PASSED] - waitForPageLoad: Wait for page load successfully

2018-12-11 13:47:58 - [MESSAGE][PASSED] - Wait for page load successfully

2018-12-11 13:47:58 - [TEST_STEP][PASSED] - Statement - CaseReferenceNo = com.kms.katalon.core.webui.keyword.WebUiBuiltInKeywords.getText(com.kms.katalon.core.testobject.ObjectRepository.findTestObject(Final Object Repo/New Registration - Registration Module Pages/Third Screen - Upload Supporting Doc- Preview/RefNo Acquiring)): Text of object 'Object Repository/Final Object Repo/New Registration - Registration Module Pages/Third Screen - Upload Supporting Doc- Preview/RefNo Acquiring' is: 'CRN12201800123170'

2018-12-11 13:47:58 - [MESSAGE][PASSED] - Text of object 'Object Repository/Final Object Repo/New Registration - Registration Module Pages/Third Screen - Upload Supporting Doc- Preview/RefNo Acquiring' is: 'CRN12201800123170'

2018-12-11 13:47:58 - [TEST_STEP][PASSED] - delay: Delayed 2 second(s)

2018-12-11 13:48:00 - [MESSAGE][PASSED] - Delayed 2 second(s)

2018-12-11 13:48:00 - [TEST_STEP][PASSED] - callTestCase: Call Test Case 'Test Cases/Final Aug 2018 - PKS Automation/Common/Reference Number Setter' successfully

2018-12-11 13:48:00 - [TEST_CASE][PASSED] - Test Cases/Final Aug 2018 - PKS Automation/Common/Reference Number Setter: Test Cases/Final Aug 2018 - PKS Automation/Common/Reference Number Setter

2018-12-11 13:48:00 - [TEST_STEP][PASSED] - Statement - RefNoOldFile = new java.io.File(C://Users//Admin//Desktop//PKS//Automation Reference Point//KatalonReference.txt): null

2018-12-11 13:48:00 - [TEST_STEP][PASSED] - Statement - RefNoOldFile.delete(): null

2018-12-11 13:48:00 - [TEST_STEP][PASSED] - delay: Delayed 5 second(s)

2018-12-11 13:48:05 - [MESSAGE][PASSED] - Delayed 5 second(s)

2018-12-11 13:48:05 - [TEST_STEP][PASSED] - Statement - RefNo = new java.io.File(C://Users//Admin//Desktop//PKS//Automation Reference Point//KatalonReference.txt): null

2018-12-11 13:48:05 - [TEST_STEP][PASSED] - Statement - f2 = new java.io.FileWriter(RefNo, false): null

2018-12-11 13:48:05 - [TEST_STEP][PASSED] - Statement - f2.write(CaseReferenceNo): null

2018-12-11 13:48:05 - [TEST_STEP][PASSED] - Statement - f2.close(): null

2018-12-11 13:48:05 - [TEST_STEP][PASSED] - Statement - out.println("


" + CaseReferenceNo + "


"): null

2018-12-11 13:48:05 - [MESSAGE][PASSED] - Call Test Case 'Test Cases/Final Aug 2018 - PKS Automation/Common/Reference Number Setter' successfully

2018-12-11 13:48:05 - [TEST_STEP][PASSED] - waitForElementClickable: Object 'Object Repository/Final Object Repo/New Registration - Registration Module Pages/Third Screen - Upload Supporting Doc- Preview/Save n Continue in SIP Employee Listing Page' is clickable

2018-12-11 13:48:05 - [MESSAGE][PASSED] - Object 'Object Repository/Final Object Repo/New Registration - Registration Module Pages/Third Screen - Upload Supporting Doc- Preview/Save n Continue in SIP Employee Listing Page' is clickable

2018-12-11 13:48:05 - [TEST_STEP][PASSED] - click: Object: 'Object Repository/Final Object Repo/New Registration - Registration Module Pages/Third Screen - Upload Supporting Doc- Preview/Save n Continue in SIP Employee Listing Page' is clicked on

2018-12-11 13:48:11 - [MESSAGE][PASSED] - Object: 'Object Repository/Final Object Repo/New Registration - Registration Module Pages/Third Screen - Upload Supporting Doc- Preview/Save n Continue in SIP Employee Listing Page' is clicked on

2018-12-11 13:48:11 - [TEST_STEP][PASSED] - delay: Delayed 7 second(s)

2018-12-11 13:48:18 - [MESSAGE][PASSED] - Delayed 7 second(s)

2018-12-11 13:48:18 - [TEST_STEP][PASSED] - click: Object: 'Object Repository/Final Object Repo/New Registration - Registration Module Pages/Third Screen - Upload Supporting Doc- Preview/Add Document Button' is clicked on

2018-12-11 13:48:18 - [MESSAGE][PASSED] - Object: 'Object Repository/Final Object Repo/New Registration - Registration Module Pages/Third Screen - Upload Supporting Doc- Preview/Add Document Button' is clicked on

2018-12-11 13:48:18 - [TEST_STEP][PASSED] - delay: Delayed 30 second(s)

2018-12-11 13:48:48 - [MESSAGE][PASSED] - Delayed 30 second(s)

2018-12-11 13:48:48 - [TEST_STEP][PASSED] - click: Object: 'Object Repository/Final Object Repo/New Registration - Registration Module Pages/Third Screen - Upload Supporting Doc- Preview/Supporting Doc Please Select Drop Down' is clicked on

2018-12-11 13:48:48 - [MESSAGE][PASSED] - Object: 'Object Repository/Final Object Repo/New Registration - Registration Module Pages/Third Screen - Upload Supporting Doc- Preview/Supporting Doc Please Select Drop Down' is clicked on

2018-12-11 13:48:48 - [TEST_STEP][PASSED] - delay: Delayed 2 second(s)

2018-12-11 13:48:50 - [MESSAGE][PASSED] - Delayed 2 second(s)

2018-12-11 13:48:50 - [TEST_STEP][PASSED] - click: Object: 'Object Repository/Final Object Repo/New Registration - Registration Module Pages/Third Screen - Upload Supporting Doc- Preview/Select to Upload Form 1' is clicked on

2018-12-11 13:48:50 - [MESSAGE][PASSED] - Object: 'Object Repository/Final Object Repo/New Registration - Registration Module Pages/Third Screen - Upload Supporting Doc- Preview/Select to Upload Form 1' is clicked on

2018-12-11 13:48:50 - [TEST_STEP][PASSED] - delay: Delayed 2 second(s)

2018-12-11 13:48:52 - [MESSAGE][PASSED] - Delayed 2 second(s)

2018-12-11 13:48:52 - [TEST_STEP][PASSED] - uploadFile: File 'C:\Users\Public\Pictures\Sample Pictures\Koala.jpg' sent to object: 'Object Repository/Final Object Repo/New Registration - Registration Module Pages/Third Screen - Upload Supporting Doc- Preview/Upload File Adding'

2018-12-11 13:48:52 - [MESSAGE][PASSED] - File 'C:\Users\Public\Pictures\Sample Pictures\Koala.jpg' sent to object: 'Object Repository/Final Object Repo/New Registration - Registration Module Pages/Third Screen - Upload Supporting Doc- Preview/Upload File Adding'

2018-12-11 13:48:52 - [TEST_STEP][PASSED] - delay: Delayed 5 second(s)

2018-12-11 13:48:57 - [MESSAGE][PASSED] - Delayed 5 second(s)

2018-12-11 13:48:57 - [TEST_STEP][PASSED] - click: Object: 'Object Repository/Final Object Repo/New Registration - Registration Module Pages/Third Screen - Upload Supporting Doc- Preview/Inner Form Add Document Button' is clicked on

2018-12-11 13:48:57 - [MESSAGE][PASSED] - Object: 'Object Repository/Final Object Repo/New Registration - Registration Module Pages/Third Screen - Upload Supporting Doc- Preview/Inner Form Add Document Button' is clicked on

2018-12-11 13:48:57 - [TEST_STEP][PASSED] - delay: Delayed 3 second(s)

2018-12-11 13:49:00 - [MESSAGE][PASSED] - Delayed 3 second(s)

2018-12-11 13:49:00 - [TEST_STEP][PASSED] - click: Object: 'Object Repository/Final Object Repo/New Registration - Registration Module Pages/Third Screen - Upload Supporting Doc- Preview/Add Document Button' is clicked on

2018-12-11 13:49:02 - [MESSAGE][PASSED] - Object: 'Object Repository/Final Object Repo/New Registration - Registration Module Pages/Third Screen - Upload Supporting Doc- Preview/Add Document Button' is clicked on

2018-12-11 13:49:02 - [TEST_STEP][PASSED] - delay: Delayed 30 second(s)

2018-12-11 13:49:32 - [MESSAGE][PASSED] - Delayed 30 second(s)

2018-12-11 13:49:32 - [TEST_STEP][PASSED] - click: Object: 'Object Repository/Final Object Repo/New Registration - Registration Module Pages/Third Screen - Upload Supporting Doc- Preview/Supporting Doc Please Select Drop Down' is clicked on

2018-12-11 13:49:32 - [MESSAGE][PASSED] - Object: 'Object Repository/Final Object Repo/New Registration - Registration Module Pages/Third Screen - Upload Supporting Doc- Preview/Supporting Doc Please Select Drop Down' is clicked on

2018-12-11 13:49:32 - [TEST_STEP][PASSED] - delay: Delayed 4 second(s)

2018-12-11 13:49:36 - [MESSAGE][PASSED] - Delayed 4 second(s)

2018-12-11 13:49:36 - [TEST_STEP][PASSED] - click: Object: 'Object Repository/Final Object Repo/New Registration - Registration Module Pages/Third Screen - Upload Supporting Doc- Preview/Select to Upload Form 2' is clicked on

2018-12-11 13:49:36 - [MESSAGE][PASSED] - Object: 'Object Repository/Final Object Repo/New Registration - Registration Module Pages/Third Screen - Upload Supporting Doc- Preview/Select to Upload Form 2' is clicked on

2018-12-11 13:49:36 - [TEST_STEP][PASSED] - delay: Delayed 2 second(s)

2018-12-11 13:49:38 - [MESSAGE][PASSED] - Delayed 2 second(s)

2018-12-11 13:49:38 - [TEST_STEP][PASSED] - uploadFile: File 'C:\Users\Public\Pictures\Sample Pictures\Koala.jpg' sent to object: 'Object Repository/Final Object Repo/New Registration - Registration Module Pages/Third Screen - Upload Supporting Doc- Preview/Upload File Adding'

2018-12-11 13:49:38 - [MESSAGE][PASSED] - File 'C:\Users\Public\Pictures\Sample Pictures\Koala.jpg' sent to object: 'Object Repository/Final Object Repo/New Registration - Registration Module Pages/Third Screen - Upload Supporting Doc- Preview/Upload File Adding'

2018-12-11 13:49:38 - [TEST_STEP][PASSED] - click: Object: 'Object Repository/Final Object Repo/New Registration - Registration Module Pages/Third Screen - Upload Supporting Doc- Preview/Inner Form Add Document Button' is clicked on

2018-12-11 13:49:38 - [MESSAGE][PASSED] - Object: 'Object Repository/Final Object Repo/New Registration - Registration Module Pages/Third Screen - Upload Supporting Doc- Preview/Inner Form Add Document Button' is clicked on

2018-12-11 13:49:38 - [TEST_STEP][PASSED] - delay: Delayed 5 second(s)

2018-12-11 13:49:43 - [MESSAGE][PASSED] - Delayed 5 second(s)

2018-12-11 13:49:43 - [TEST_STEP][PASSED] - click: Object: 'Object Repository/Final Object Repo/New Registration - Registration Module Pages/Third Screen - Upload Supporting Doc- Preview/Add Document Button' is clicked on

2018-12-11 13:49:44 - [MESSAGE][PASSED] - Object: 'Object Repository/Final Object Repo/New Registration - Registration Module Pages/Third Screen - Upload Supporting Doc- Preview/Add Document Button' is clicked on

2018-12-11 13:49:44 - [TEST_STEP][PASSED] - delay: Delayed 30 second(s)

2018-12-11 13:50:14 - [MESSAGE][PASSED] - Delayed 30 second(s)

2018-12-11 13:50:14 - [TEST_STEP][PASSED] - click: Object: 'Object Repository/Final Object Repo/New Registration - Registration Module Pages/Third Screen - Upload Supporting Doc- Preview/Supporting Doc Please Select Drop Down' is clicked on

2018-12-11 13:50:14 - [MESSAGE][PASSED] - Object: 'Object Repository/Final Object Repo/New Registration - Registration Module Pages/Third Screen - Upload Supporting Doc- Preview/Supporting Doc Please Select Drop Down' is clicked on

2018-12-11 13:50:14 - [TEST_STEP][PASSED] - click: Object: 'Object Repository/Final Object Repo/New Registration - Registration Module Pages/Third Screen - Upload Supporting Doc- Preview/Select to Upload Borang SIP 1' is clicked on

2018-12-11 13:50:14 - [MESSAGE][PASSED] - Object: 'Object Repository/Final Object Repo/New Registration - Registration Module Pages/Third Screen - Upload Supporting Doc- Preview/Select to Upload Borang SIP 1' is clicked on

2018-12-11 13:50:14 - [TEST_STEP][PASSED] - delay: Delayed 2 second(s)

2018-12-11 13:50:16 - [MESSAGE][PASSED] - Delayed 2 second(s)

2018-12-11 13:50:16 - [TEST_STEP][PASSED] - uploadFile: File 'C:\Users\Public\Pictures\Sample Pictures\Koala.jpg' sent to object: 'Object Repository/Final Object Repo/New Registration - Registration Module Pages/Third Screen - Upload Supporting Doc- Preview/Upload File Adding'

2018-12-11 13:50:16 - [MESSAGE][PASSED] - File 'C:\Users\Public\Pictures\Sample Pictures\Koala.jpg' sent to object: 'Object Repository/Final Object Repo/New Registration - Registration Module Pages/Third Screen - Upload Supporting Doc- Preview/Upload File Adding'

2018-12-11 13:50:16 - [TEST_STEP][PASSED] - click: Object: 'Object Repository/Final Object Repo/New Registration - Registration Module Pages/Third Screen - Upload Supporting Doc- Preview/Inner Form Add Document Button' is clicked on

2018-12-11 13:50:16 - [MESSAGE][PASSED] - Object: 'Object Repository/Final Object Repo/New Registration - Registration Module Pages/Third Screen - Upload Supporting Doc- Preview/Inner Form Add Document Button' is clicked on

2018-12-11 13:50:16 - [TEST_STEP][PASSED] - delay: Delayed 5 second(s)

2018-12-11 13:50:21 - [MESSAGE][PASSED] - Delayed 5 second(s)

2018-12-11 13:50:21 - [TEST_STEP][PASSED] - click: Object: 'Object Repository/Final Object Repo/New Registration - Registration Module Pages/Third Screen - Upload Supporting Doc- Preview/Add Document Button' is clicked on

2018-12-11 13:50:21 - [MESSAGE][PASSED] - Object: 'Object Repository/Final Object Repo/New Registration - Registration Module Pages/Third Screen - Upload Supporting Doc- Preview/Add Document Button' is clicked on

2018-12-11 13:50:21 - [TEST_STEP][PASSED] - delay: Delayed 30 second(s)

2018-12-11 13:50:51 - [MESSAGE][PASSED] - Delayed 30 second(s)

2018-12-11 13:50:51 - [TEST_STEP][PASSED] - click: Object: 'Object Repository/Final Object Repo/New Registration - Registration Module Pages/Third Screen - Upload Supporting Doc- Preview/Supporting Doc Please Select Drop Down' is clicked on

2018-12-11 13:50:52 - [MESSAGE][PASSED] - Object: 'Object Repository/Final Object Repo/New Registration - Registration Module Pages/Third Screen - Upload Supporting Doc- Preview/Supporting Doc Please Select Drop Down' is clicked on

2018-12-11 13:50:52 - [TEST_STEP][PASSED] - delay: Delayed 3 second(s)

2018-12-11 13:50:55 - [MESSAGE][PASSED] - Delayed 3 second(s)

2018-12-11 13:50:55 - [TEST_STEP][PASSED] - click: Object: 'Object Repository/Final Object Repo/New Registration - Registration Module Pages/Third Screen - Upload Supporting Doc- Preview/Select to Upload Borang SIP 2' is clicked on

2018-12-11 13:50:55 - [MESSAGE][PASSED] - Object: 'Object Repository/Final Object Repo/New Registration - Registration Module Pages/Third Screen - Upload Supporting Doc- Preview/Select to Upload Borang SIP 2' is clicked on

2018-12-11 13:50:55 - [TEST_STEP][PASSED] - delay: Delayed 2 second(s)

2018-12-11 13:50:57 - [MESSAGE][PASSED] - Delayed 2 second(s)

2018-12-11 13:50:57 - [TEST_STEP][PASSED] - uploadFile: File 'C:\Users\Public\Pictures\Sample Pictures\Koala.jpg' sent to object: 'Object Repository/Final Object Repo/New Registration - Registration Module Pages/Third Screen - Upload Supporting Doc- Preview/Upload File Adding'

2018-12-11 13:50:57 - [MESSAGE][PASSED] - File 'C:\Users\Public\Pictures\Sample Pictures\Koala.jpg' sent to object: 'Object Repository/Final Object Repo/New Registration - Registration Module Pages/Third Screen - Upload Supporting Doc- Preview/Upload File Adding'

2018-12-11 13:50:57 - [TEST_STEP][PASSED] - delay: Delayed 5 second(s)

2018-12-11 13:51:02 - [MESSAGE][PASSED] - Delayed 5 second(s)

2018-12-11 13:51:02 - [TEST_STEP][PASSED] - click: Object: 'Object Repository/Final Object Repo/New Registration - Registration Module Pages/Third Screen - Upload Supporting Doc- Preview/Inner Form Add Document Button' is clicked on

2018-12-11 13:51:02 - [MESSAGE][PASSED] - Object: 'Object Repository/Final Object Repo/New Registration - Registration Module Pages/Third Screen - Upload Supporting Doc- Preview/Inner Form Add Document Button' is clicked on

2018-12-11 13:51:02 - [TEST_STEP][PASSED] - delay: Delayed 3 second(s)

2018-12-11 13:51:05 - [MESSAGE][PASSED] - Delayed 3 second(s)

2018-12-11 13:51:05 - [TEST_STEP][PASSED] - waitForElementClickable: Object 'Object Repository/Final Object Repo/New Registration - Registration Module Pages/Third Screen - Upload Supporting Doc- Preview/Save n Continue in Uploading Supporting Doc Page' is clickable

2018-12-11 13:51:06 - [MESSAGE][PASSED] - Object 'Object Repository/Final Object Repo/New Registration - Registration Module Pages/Third Screen - Upload Supporting Doc- Preview/Save n Continue in Uploading Supporting Doc Page' is clickable

2018-12-11 13:51:06 - [TEST_STEP][PASSED] - click: Object: 'Object Repository/Final Object Repo/New Registration - Registration Module Pages/Third Screen - Upload Supporting Doc- Preview/Save n Continue in Uploading Supporting Doc Page' is clicked on

2018-12-11 13:51:06 - [MESSAGE][PASSED] - Object: 'Object Repository/Final Object Repo/New Registration - Registration Module Pages/Third Screen - Upload Supporting Doc- Preview/Save n Continue in Uploading Supporting Doc Page' is clicked on

2018-12-11 13:51:06 - [MESSAGE][PASSED] - Call Test Case 'Test Cases/Final Aug 2018 - PKS Automation/Registration Module/New Registration/Flow of New Registration/Third Screen - Upload Supporting Doc - Preview' successfully

2018-12-11 13:51:06 - [TEST_STEP][PASSED] - callTestCase: Call Test Case 'Test Cases/Final Aug 2018 - PKS Automation/Registration Module/New Registration/Submit and Screenshot/Submit Registration and Screenshot' successfully

2018-12-11 13:51:06 - [TEST_CASE][PASSED] - Test Cases/Final Aug 2018 - PKS Automation/Registration Module/New Registration/Submit and Screenshot/Submit Registration and Screenshot: Test Cases/Final Aug 2018 - PKS Automation/Registration Module/New Registration/Submit and Screenshot/Submit Registration and Screenshot

2018-12-11 13:51:06 - [TEST_STEP][PASSED] - delay: Delayed 6 second(s)

2018-12-11 13:51:12 - [MESSAGE][PASSED] - Delayed 6 second(s)

2018-12-11 13:51:12 - [TEST_STEP][PASSED] - click: Object: 'Object Repository/Final Object Repo/New Registration - Registration Module Pages/Third Screen - Upload Supporting Doc- Preview/Preview Submit Button' is clicked on

2018-12-11 13:51:13 - [MESSAGE][PASSED] - Object: 'Object Repository/Final Object Repo/New Registration - Registration Module Pages/Third Screen - Upload Supporting Doc- Preview/Preview Submit Button' is clicked on

2018-12-11 13:51:13 - [TEST_STEP][PASSED] - delay: Delayed 2 second(s)

2018-12-11 13:51:15 - [MESSAGE][PASSED] - Delayed 2 second(s)

2018-12-11 13:51:15 - [TEST_STEP][PASSED] - click: Object: 'Object Repository/Final Object Repo/New Registration - Registration Module Pages/Third Screen - Upload Supporting Doc- Preview/Preview Submit - Confirm' is clicked on

2018-12-11 13:51:15 - [MESSAGE][PASSED] - Object: 'Object Repository/Final Object Repo/New Registration - Registration Module Pages/Third Screen - Upload Supporting Doc- Preview/Preview Submit - Confirm' is clicked on

2018-12-11 13:51:15 - [TEST_STEP][PASSED] - delay: Delayed 15 second(s)

2018-12-11 13:51:30 - [MESSAGE][PASSED] - Delayed 15 second(s)

2018-12-11 13:51:30 - [TEST_STEP][PASSED] - Statement - driver = com.kms.katalon.core.webui.driver.DriverFactory.getWebDriver(): null

2018-12-11 13:51:30 - [TEST_STEP][PASSED] - Statement - driver.manage().timeouts().implicitlyWait(10, SECONDS): null

2018-12-11 13:51:30 - [TEST_STEP][PASSED] - Statement - PresavePath = KatalonScreenshots: null

2018-12-11 13:51:30 - [TEST_STEP][PASSED] - Statement - pathPrefix = "C:\Users\Public\Pictures\Sample Pictures\Katalon Screenshots\Automate Ending Screen": null

2018-12-11 13:51:30 - [TEST_STEP][PASSED] - Statement - finalPath = <not implemented yet for class: org.codehaus.groovy.ast.expr.EmptyExpression>: null

2018-12-11 13:51:30 - [TEST_STEP][PASSED] - Statement - scrFile = driver.getScreenshotAs(FILE): null

2018-12-11 13:51:30 - [TEST_STEP][PASSED] - Statement - PreSaveFile = new java.io.File(PresavePath): null

2018-12-11 13:51:30 - [TEST_STEP][PASSED] - Statement - counter = 0: null

2018-12-11 13:51:30 - [TEST_STEP][PASSED] - Statement - If (PreSaveFile.exists()): null

2018-12-11 13:51:30 - [TEST_STEP][PASSED] - Statement - While (PreSaveFile.exists()): null

2018-12-11 13:51:30 - [TEST_STEP][PASSED] - Statement - counter = counter + 1: null

2018-12-11 13:51:30 - [TEST_STEP][PASSED] - Statement - PreSaveFile = new java.io.File(((pathPrefix + java.lang.Integer.toString(counter)) + .png)): null

2018-12-11 13:51:30 - [TEST_STEP][PASSED] - Statement - counter = counter + 1: null

2018-12-11 13:51:30 - [TEST_STEP][PASSED] - Statement - PreSaveFile = new java.io.File(((pathPrefix + java.lang.Integer.toString(counter)) + .png)): null

2018-12-11 13:51:30 - [TEST_STEP][PASSED] - Statement - counter = counter + 1: null

2018-12-11 13:51:30 - [TEST_STEP][PASSED] - Statement - PreSaveFile = new java.io.File(((pathPrefix + java.lang.Integer.toString(counter)) + .png)): null

2018-12-11 13:51:30 - [TEST_STEP][PASSED] - Statement - counter = counter + 1: null

2018-12-11 13:51:30 - [TEST_STEP][PASSED] - Statement - PreSaveFile = new java.io.File(((pathPrefix + java.lang.Integer.toString(counter)) + .png)): null

2018-12-11 13:51:30 - [TEST_STEP][PASSED] - Statement - counter = counter + 1: null

2018-12-11 13:51:30 - [TEST_STEP][PASSED] - Statement - PreSaveFile = new java.io.File(((pathPrefix + java.lang.Integer.toString(counter)) + .png)): null

2018-12-11 13:51:30 - [TEST_STEP][PASSED] - Statement - counter = counter + 1: null

2018-12-11 13:51:30 - [TEST_STEP][PASSED] - Statement - PreSaveFile = new java.io.File(((pathPrefix + java.lang.Integer.toString(counter)) + .png)): null

2018-12-11 13:51:30 - [TEST_STEP][PASSED] - Statement - counter = counter + 1: null

2018-12-11 13:51:30 - [TEST_STEP][PASSED] - Statement - PreSaveFile = new java.io.File(((pathPrefix + java.lang.Integer.toString(counter)) + .png)): null

2018-12-11 13:51:30 - [TEST_STEP][PASSED] - Statement - counter = counter + 1: null

2018-12-11 13:51:30 - [TEST_STEP][PASSED] - Statement - PreSaveFile = new java.io.File(((pathPrefix + java.lang.Integer.toString(counter)) + .png)): null

2018-12-11 13:51:30 - [TEST_STEP][PASSED] - Statement - counter = counter + 1: null

2018-12-11 13:51:30 - [TEST_STEP][PASSED] - Statement - PreSaveFile = new java.io.File(((pathPrefix + java.lang.Integer.toString(counter)) + .png)): null

2018-12-11 13:51:30 - [TEST_STEP][PASSED] - Statement - counter = counter + 1: null

2018-12-11 13:51:30 - [TEST_STEP][PASSED] - Statement - PreSaveFile = new java.io.File(((pathPrefix + java.lang.Integer.toString(counter)) + .png)): null

2018-12-11 13:51:30 - [TEST_STEP][PASSED] - Statement - counter = counter + 1: null

2018-12-11 13:51:30 - [TEST_STEP][PASSED] - Statement - PreSaveFile = new java.io.File(((pathPrefix + java.lang.Integer.toString(counter)) + .png)): null

2018-12-11 13:51:30 - [TEST_STEP][PASSED] - Statement - counter = counter + 1: null

2018-12-11 13:51:30 - [TEST_STEP][PASSED] - Statement - PreSaveFile = new java.io.File(((pathPrefix + java.lang.Integer.toString(counter)) + .png)): null

2018-12-11 13:51:30 - [TEST_STEP][PASSED] - Statement - counter = counter + 1: null

2018-12-11 13:51:30 - [TEST_STEP][PASSED] - Statement - PreSaveFile = new java.io.File(((pathPrefix + java.lang.Integer.toString(counter)) + .png)): null

2018-12-11 13:51:30 - [TEST_STEP][PASSED] - Statement - counter = counter + 1: null

2018-12-11 13:51:30 - [TEST_STEP][PASSED] - Statement - PreSaveFile = new java.io.File(((pathPrefix + java.lang.Integer.toString(counter)) + .png)): null

2018-12-11 13:51:30 - [TEST_STEP][PASSED] - Statement - counter = counter + 1: null

2018-12-11 13:51:30 - [TEST_STEP][PASSED] - Statement - PreSaveFile = new java.io.File(((pathPrefix + java.lang.Integer.toString(counter)) + .png)): null

2018-12-11 13:51:30 - [TEST_STEP][PASSED] - Statement - counter = counter + 1: null

2018-12-11 13:51:30 - [TEST_STEP][PASSED] - Statement - PreSaveFile = new java.io.File(((pathPrefix + java.lang.Integer.toString(counter)) + .png)): null

2018-12-11 13:51:30 - [TEST_STEP][PASSED] - Statement - counter = counter + 1: null

2018-12-11 13:51:30 - [TEST_STEP][PASSED] - Statement - PreSaveFile = new java.io.File(((pathPrefix + java.lang.Integer.toString(counter)) + .png)): null

2018-12-11 13:51:30 - [TEST_STEP][PASSED] - Statement - counter = counter + 1: null

2018-12-11 13:51:30 - [TEST_STEP][PASSED] - Statement - PreSaveFile = new java.io.File(((pathPrefix + java.lang.Integer.toString(counter)) + .png)): null

2018-12-11 13:51:30 - [TEST_STEP][PASSED] - Statement - counter = counter + 1: null

2018-12-11 13:51:30 - [TEST_STEP][PASSED] - Statement - PreSaveFile = new java.io.File(((pathPrefix + java.lang.Integer.toString(counter)) + .png)): null

2018-12-11 13:51:30 - [TEST_STEP][PASSED] - Statement - counter = counter + 1: null

2018-12-11 13:51:30 - [TEST_STEP][PASSED] - Statement - PreSaveFile = new java.io.File(((pathPrefix + java.lang.Integer.toString(counter)) + .png)): null

2018-12-11 13:51:30 - [TEST_STEP][PASSED] - Statement - counter = counter + 1: null

2018-12-11 13:51:30 - [TEST_STEP][PASSED] - Statement - PreSaveFile = new java.io.File(((pathPrefix + java.lang.Integer.toString(counter)) + .png)): null

2018-12-11 13:51:30 - [TEST_STEP][PASSED] - Statement - counter = counter + 1: null

2018-12-11 13:51:30 - [TEST_STEP][PASSED] - Statement - PreSaveFile = new java.io.File(((pathPrefix + java.lang.Integer.toString(counter)) + .png)): null

2018-12-11 13:51:30 - [TEST_STEP][PASSED] - Statement - counter = counter + 1: null

2018-12-11 13:51:30 - [TEST_STEP][PASSED] - Statement - PreSaveFile = new java.io.File(((pathPrefix + java.lang.Integer.toString(counter)) + .png)): null

2018-12-11 13:51:30 - [TEST_STEP][PASSED] - Statement - counter = counter + 1: null

2018-12-11 13:51:30 - [TEST_STEP][PASSED] - Statement - PreSaveFile = new java.io.File(((pathPrefix + java.lang.Integer.toString(counter)) + .png)): null

2018-12-11 13:51:30 - [TEST_STEP][PASSED] - Statement - counter = counter + 1: null

2018-12-11 13:51:30 - [TEST_STEP][PASSED] - Statement - PreSaveFile = new java.io.File(((pathPrefix + java.lang.Integer.toString(counter)) + .png)): null

2018-12-11 13:51:30 - [TEST_STEP][PASSED] - Statement - counter = counter + 1: null

2018-12-11 13:51:30 - [TEST_STEP][PASSED] - Statement - PreSaveFile = new java.io.File(((pathPrefix + java.lang.Integer.toString(counter)) + .png)): null

2018-12-11 13:51:30 - [TEST_STEP][PASSED] - Statement - counter = counter + 1: null

2018-12-11 13:51:30 - [TEST_STEP][PASSED] - Statement - PreSaveFile = new java.io.File(((pathPrefix + java.lang.Integer.toString(counter)) + .png)): null

2018-12-11 13:51:30 - [TEST_STEP][PASSED] - Statement - counter = counter + 1: null

2018-12-11 13:51:30 - [TEST_STEP][PASSED] - Statement - PreSaveFile = new java.io.File(((pathPrefix + java.lang.Integer.toString(counter)) + .png)): null

2018-12-11 13:51:30 - [TEST_STEP][PASSED] - Statement - counter = counter + 1: null

2018-12-11 13:51:30 - [TEST_STEP][PASSED] - Statement - PreSaveFile = new java.io.File(((pathPrefix + java.lang.Integer.toString(counter)) + .png)): null

2018-12-11 13:51:30 - [TEST_STEP][PASSED] - Statement - counter = counter + 1: null

2018-12-11 13:51:30 - [TEST_STEP][PASSED] - Statement - PreSaveFile = new java.io.File(((pathPrefix + java.lang.Integer.toString(counter)) + .png)): null

2018-12-11 13:51:30 - [TEST_STEP][PASSED] - Statement - counter = counter + 1: null

2018-12-11 13:51:30 - [TEST_STEP][PASSED] - Statement - PreSaveFile = new java.io.File(((pathPrefix + java.lang.Integer.toString(counter)) + .png)): null

2018-12-11 13:51:30 - [TEST_STEP][PASSED] - Statement - counter = counter + 1: null

2018-12-11 13:51:30 - [TEST_STEP][PASSED] - Statement - PreSaveFile = new java.io.File(((pathPrefix + java.lang.Integer.toString(counter)) + .png)): null

2018-12-11 13:51:30 - [TEST_STEP][PASSED] - Statement - counter = counter + 1: null

2018-12-11 13:51:30 - [TEST_STEP][PASSED] - Statement - PreSaveFile = new java.io.File(((pathPrefix + java.lang.Integer.toString(counter)) + .png)): null

2018-12-11 13:51:30 - [TEST_STEP][PASSED] - Statement - counter = counter + 1: null

2018-12-11 13:51:30 - [TEST_STEP][PASSED] - Statement - PreSaveFile = new java.io.File(((pathPrefix + java.lang.Integer.toString(counter)) + .png)): null

2018-12-11 13:51:30 - [TEST_STEP][PASSED] - Statement - counter = counter + 1: null

2018-12-11 13:51:30 - [TEST_STEP][PASSED] - Statement - PreSaveFile = new java.io.File(((pathPrefix + java.lang.Integer.toString(counter)) + .png)): null

2018-12-11 13:51:30 - [TEST_STEP][PASSED] - Statement - counter = counter + 1: null

2018-12-11 13:51:30 - [TEST_STEP][PASSED] - Statement - PreSaveFile = new java.io.File(((pathPrefix + java.lang.Integer.toString(counter)) + .png)): null

2018-12-11 13:51:30 - [TEST_STEP][PASSED] - Statement - counter = counter + 1: null

2018-12-11 13:51:30 - [TEST_STEP][PASSED] - Statement - PreSaveFile = new java.io.File(((pathPrefix + java.lang.Integer.toString(counter)) + .png)): null

2018-12-11 13:51:30 - [TEST_STEP][PASSED] - Statement - counter = counter + 1: null

2018-12-11 13:51:30 - [TEST_STEP][PASSED] - Statement - PreSaveFile = new java.io.File(((pathPrefix + java.lang.Integer.toString(counter)) + .png)): null

2018-12-11 13:51:30 - [TEST_STEP][PASSED] - Statement - counter = counter + 1: null

2018-12-11 13:51:30 - [TEST_STEP][PASSED] - Statement - PreSaveFile = new java.io.File(((pathPrefix + java.lang.Integer.toString(counter)) + .png)): null

2018-12-11 13:51:30 - [TEST_STEP][PASSED] - Statement - counter = counter + 1: null

2018-12-11 13:51:30 - [TEST_STEP][PASSED] - Statement - PreSaveFile = new java.io.File(((pathPrefix + java.lang.Integer.toString(counter)) + .png)): null

2018-12-11 13:51:30 - [TEST_STEP][PASSED] - Statement - counter = counter + 1: null

2018-12-11 13:51:30 - [TEST_STEP][PASSED] - Statement - PreSaveFile = new java.io.File(((pathPrefix + java.lang.Integer.toString(counter)) + .png)): null

2018-12-11 13:51:30 - [TEST_STEP][PASSED] - Statement - counter = counter + 1: null

2018-12-11 13:51:30 - [TEST_STEP][PASSED] - Statement - PreSaveFile = new java.io.File(((pathPrefix + java.lang.Integer.toString(counter)) + .png)): null

2018-12-11 13:51:30 - [TEST_STEP][PASSED] - Statement - counter = counter + 1: null

2018-12-11 13:51:30 - [TEST_STEP][PASSED] - Statement - PreSaveFile = new java.io.File(((pathPrefix + java.lang.Integer.toString(counter)) + .png)): null

2018-12-11 13:51:30 - [TEST_STEP][PASSED] - Statement - counter = counter + 1: null

2018-12-11 13:51:30 - [TEST_STEP][PASSED] - Statement - PreSaveFile = new java.io.File(((pathPrefix + java.lang.Integer.toString(counter)) + .png)): null

2018-12-11 13:51:30 - [TEST_STEP][PASSED] - Statement - finalPath = pathPrefix + java.lang.Integer.toString(counter) + ".png": null

2018-12-11 13:51:30 - [TEST_STEP][PASSED] - Statement - SaveFile = new java.io.File(finalPath): null

2018-12-11 13:51:30 - [TEST_STEP][PASSED] - Statement - Try: null

2018-12-11 13:51:30 - [TEST_STEP][PASSED] - Statement - org.apache.commons.io.FileUtils.copyFile(scrFile, SaveFile): null

2018-12-11 13:51:30 - [TEST_STEP][PASSED] - Statement - out.println("file kept"): null

2018-12-11 13:51:30 - [TEST_STEP][PASSED] - delay: Delayed 10 second(s)

2018-12-11 13:51:40 - [MESSAGE][PASSED] - Delayed 10 second(s)

2018-12-11 13:51:40 - [MESSAGE][PASSED] - Call Test Case 'Test Cases/Final Aug 2018 - PKS Automation/Registration Module/New Registration/Submit and Screenshot/Submit Registration and Screenshot' successfully

2018-12-11 13:51:40 - [TEST_STEP][PASSED] - callTestCase: Call Test Case 'Test Cases/Final Aug 2018 - PKS Automation/Registration Module/Log Out/log out avoiding katalon tagging' successfully

2018-12-11 13:51:40 - [TEST_CASE][PASSED] - Test Cases/Final Aug 2018 - PKS Automation/Registration Module/Log Out/log out avoiding katalon tagging: Test Cases/Final Aug 2018 - PKS Automation/Registration Module/Log Out/log out avoiding katalon tagging

2018-12-11 13:51:40 - [TEST_STEP][PASSED] - navigateToUrl: Navigate to 'https://assist2-uat.perkeso.gov.my/c/portal/logout' successfully

2018-12-11 13:51:41 - [MESSAGE][PASSED] - Navigate to 'https://assist2-uat.perkeso.gov.my/c/portal/logout' successfully

2018-12-11 13:51:41 - [MESSAGE][PASSED] - Call Test Case 'Test Cases/Final Aug 2018 - PKS Automation/Registration Module/Log Out/log out avoiding katalon tagging' successfully

2018-12-11 13:51:41 - [TEST_STEP][PASSED] - callTestCase: Call Test Case 'Test Cases/Final Aug 2018 - PKS Automation/Common/Workflow Owner Finder' successfully

2018-12-11 13:51:41 - [TEST_CASE][PASSED] - Test Cases/Final Aug 2018 - PKS Automation/Common/Workflow Owner Finder: Test Cases/Final Aug 2018 - PKS Automation/Common/Workflow Owner Finder

2018-12-11 13:51:41 - [TEST_STEP][PASSED] - openBrowser: Browser is opened with url: ''

2018-12-11 13:51:41 - [MESSAGE][WARNING] - A browser is already opened. Closing browser and opening a new one

2018-12-11 13:51:46 - [MESSAGE][PASSED] - Browser is opened with url: ''

2018-12-11 13:51:46 - [TEST_STEP][PASSED] - navigateToUrl: Navigate to 'https://assist2-uat.perkeso.gov.my/login' successfully

2018-12-11 13:51:47 - [MESSAGE][PASSED] - Navigate to 'https://assist2-uat.perkeso.gov.my/login' successfully

2018-12-11 13:51:47 - [TEST_STEP][PASSED] - delay: Delayed 5 second(s)

2018-12-11 13:51:52 - [MESSAGE][PASSED] - Delayed 5 second(s)

2018-12-11 13:51:52 - [TEST_STEP][PASSED] - setText: Text 'test@liferay.com' is set on object 'Object Repository/Final Object Repo/Login Page/Internal User/Email Address'

2018-12-11 13:51:52 - [MESSAGE][PASSED] - Text 'test@liferay.com' is set on object 'Object Repository/Final Object Repo/Login Page/Internal User/Email Address'

2018-12-11 13:51:52 - [TEST_STEP][PASSED] - click: Object: 'Object Repository/Final Object Repo/Login Page/Internal User/Next Button' is clicked on

2018-12-11 13:51:52 - [MESSAGE][PASSED] - Object: 'Object Repository/Final Object Repo/Login Page/Internal User/Next Button' is clicked on

2018-12-11 13:51:52 - [TEST_STEP][PASSED] - delay: Delayed 2 second(s)

2018-12-11 13:51:54 - [MESSAGE][PASSED] - Delayed 2 second(s)

2018-12-11 13:51:54 - [TEST_STEP][PASSED] - setText: Text 'test' is set on object 'Object Repository/Final Object Repo/Login Page/Internal User/Password'

2018-12-11 13:51:54 - [MESSAGE][PASSED] - Text 'test' is set on object 'Object Repository/Final Object Repo/Login Page/Internal User/Password'

2018-12-11 13:51:54 - [TEST_STEP][PASSED] - delay: Delayed 2 second(s)

2018-12-11 13:51:56 - [MESSAGE][PASSED] - Delayed 2 second(s)

2018-12-11 13:51:56 - [TEST_STEP][PASSED] - click: Object: 'Object Repository/Final Object Repo/Login Page/Internal User/Login Button' is clicked on

2018-12-11 13:51:57 - [MESSAGE][PASSED] - Object: 'Object Repository/Final Object Repo/Login Page/Internal User/Login Button' is clicked on

2018-12-11 13:51:57 - [TEST_STEP][PASSED] - Statement - tester = com.kms.katalon.core.testobject.ObjectRepository.findTestObject(Final Object Repo/Landing Page/Select to English): Finding Test Object with id 'Object Repository/Final Object Repo/Landing Page/Select to English'

2018-12-11 13:51:57 - [TEST_STEP][PASSED] - Statement - Try: Delayed 2 second(s)

2018-12-11 13:51:57 - [TEST_STEP][PASSED] - Statement - Checker = com.kms.katalon.core.webui.keyword.WebUiBuiltInKeywords.verifyElementNotPresent(tester, 3): Web element with id: 'Object Repository/Final Object Repo/Landing Page/Select to English' located by 'By.xpath: //a[@class = 'taglib-language-list-text' and @lang = 'en-US' and (contains(text(), 'EN') or contains(., 'EN'))]' is not present after '3' second(s)

2018-12-11 13:51:58 - [MESSAGE][PASSED] - Web element with id: 'Object Repository/Final Object Repo/Landing Page/Select to English' located by 'By.xpath: //a[@class = 'taglib-language-list-text' and @lang = 'en-US' and (contains(text(), 'EN') or contains(., 'EN'))]' is not present after '3' second(s)

2018-12-11 13:51:58 - [TEST_STEP][PASSED] - Statement - If (Checker == false): null

2018-12-11 13:51:58 - [TEST_STEP][PASSED] - delay: Delayed 2 second(s)

2018-12-11 13:52:00 - [MESSAGE][PASSED] - Delayed 2 second(s)

2018-12-11 13:52:00 - [TEST_STEP][PASSED] - delay: Delayed 5 second(s)

2018-12-11 13:52:05 - [MESSAGE][PASSED] - Delayed 5 second(s)

2018-12-11 13:52:05 - [TEST_STEP][PASSED] - mouseOver: Object: 'Object Repository/Final Object Repo/Landing Page/WorkFlow Menu' is hovered

2018-12-11 13:52:06 - [MESSAGE][PASSED] - Object: 'Object Repository/Final Object Repo/Landing Page/WorkFlow Menu' is hovered

2018-12-11 13:52:06 - [TEST_STEP][PASSED] - delay: Delayed 2 second(s)

2018-12-11 13:52:08 - [MESSAGE][PASSED] - Delayed 2 second(s)

2018-12-11 13:52:08 - [TEST_STEP][PASSED] - click: Object: 'Object Repository/Final Object Repo/Landing Page/Select to Workflow Listing' is clicked on

2018-12-11 13:52:09 - [MESSAGE][PASSED] - Object: 'Object Repository/Final Object Repo/Landing Page/Select to Workflow Listing' is clicked on

2018-12-11 13:52:09 - [TEST_STEP][PASSED] - delay: Delayed 2 second(s)

2018-12-11 13:52:11 - [MESSAGE][PASSED] - Delayed 2 second(s)

2018-12-11 13:52:11 - [TEST_STEP][PASSED] - click: Object: 'Object Repository/Final Object Repo/WorkFlow Listing Page/Search Information - To Put Ref No' is clicked on

2018-12-11 13:52:11 - [MESSAGE][PASSED] - Object: 'Object Repository/Final Object Repo/WorkFlow Listing Page/Search Information - To Put Ref No' is clicked on

2018-12-11 13:52:11 - [TEST_STEP][PASSED] - delay: Delayed 2 second(s)

2018-12-11 13:52:13 - [MESSAGE][PASSED] - Delayed 2 second(s)

2018-12-11 13:52:13 - [TEST_STEP][PASSED] - callTestCase: Call Test Case 'Test Cases/Final Aug 2018 - PKS Automation/Common/Reference Number Getter' successfully

2018-12-11 13:52:13 - [TEST_CASE][PASSED] - Test Cases/Final Aug 2018 - PKS Automation/Common/Reference Number Getter: Test Cases/Final Aug 2018 - PKS Automation/Common/Reference Number Getter

2018-12-11 13:52:13 - [TEST_STEP][PASSED] - Statement - Try: null

2018-12-11 13:52:13 - [TEST_STEP][PASSED] - Statement - RefNo = new java.io.File(C://Users//Admin//Desktop//PKS//Automation Reference Point//KatalonReference.txt): null

2018-12-11 13:52:13 - [TEST_STEP][PASSED] - Statement - bufferread = new java.io.BufferedReader(new java.io.FileReader(RefNo)): null

2018-12-11 13:52:13 - [TEST_STEP][PASSED] - Statement - readedVal = bufferread.readLine(): null

2018-12-11 13:52:13 - [TEST_STEP][PASSED] - Statement - out.println(CaseReferenceNo): null

2018-12-11 13:52:13 - [TEST_STEP][PASSED] - Statement - out.println(readedVal): null

2018-12-11 13:52:13 - [TEST_STEP][PASSED] - Statement - CaseReferenceNo = "": null

2018-12-11 13:52:13 - [TEST_STEP][PASSED] - Statement - CaseReferenceNo = readedVal: null

2018-12-11 13:52:13 - [MESSAGE][PASSED] - Call Test Case 'Test Cases/Final Aug 2018 - PKS Automation/Common/Reference Number Getter' successfully

2018-12-11 13:52:13 - [TEST_STEP][PASSED] - setText: Text 'CRN12201800123170' is set on object 'Object Repository/Final Object Repo/WorkFlow Listing Page/Ref No Set Text'

2018-12-11 13:52:13 - [MESSAGE][PASSED] - Text 'CRN12201800123170' is set on object 'Object Repository/Final Object Repo/WorkFlow Listing Page/Ref No Set Text'

2018-12-11 13:52:13 - [TEST_STEP][PASSED] - delay: Delayed 2 second(s)

2018-12-11 13:52:15 - [MESSAGE][PASSED] - Delayed 2 second(s)

2018-12-11 13:52:15 - [TEST_STEP][PASSED] - click: Object: 'Object Repository/Final Object Repo/WorkFlow Listing Page/Search Ref No Search Button' is clicked on

2018-12-11 13:52:15 - [MESSAGE][PASSED] - Object: 'Object Repository/Final Object Repo/WorkFlow Listing Page/Search Ref No Search Button' is clicked on

2018-12-11 13:52:15 - [TEST_STEP][PASSED] - delay: Delayed 6 second(s)

2018-12-11 13:52:21 - [MESSAGE][PASSED] - Delayed 6 second(s)

2018-12-11 13:52:21 - [TEST_STEP][PASSED] - click: Object: 'Object Repository/Final Object Repo/WorkFlow Listing Page/Click Continue Tooltip' is clicked on

2018-12-11 13:52:23 - [MESSAGE][PASSED] - Object: 'Object Repository/Final Object Repo/WorkFlow Listing Page/Click Continue Tooltip' is clicked on

2018-12-11 13:52:23 - [TEST_STEP][PASSED] - delay: Delayed 5 second(s)

2018-12-11 13:52:28 - [MESSAGE][PASSED] - Delayed 5 second(s)

2018-12-11 13:52:28 - [TEST_STEP][PASSED] - doubleClick: Object: 'Object Repository/Final Object Repo/WorkFlow Listing Page/Workflow Found - Listing 1' is double clicked on

2018-12-11 13:52:28 - [MESSAGE][PASSED] - Object: 'Object Repository/Final Object Repo/WorkFlow Listing Page/Workflow Found - Listing 1' is double clicked on

2018-12-11 13:52:28 - [TEST_STEP][PASSED] - Statement - println(OwnerID): null

2018-12-11 13:52:28 - [TEST_STEP][PASSED] - Statement - OwnerID = com.kms.katalon.core.webui.keyword.WebUiBuiltInKeywords.getText(com.kms.katalon.core.testobject.ObjectRepository.findTestObject(Final Object Repo/WorkFlow Listing Page/Workflow Found - Listing 1), STOP_ON_FAILURE): Text of object 'Object Repository/Final Object Repo/WorkFlow Listing Page/Workflow Found - Listing 1' is: 'JOHORro2'

2018-12-11 13:52:28 - [MESSAGE][PASSED] - Text of object 'Object Repository/Final Object Repo/WorkFlow Listing Page/Workflow Found - Listing 1' is: 'JOHORro2'

2018-12-11 13:52:28 - [TEST_STEP][PASSED] - Statement - OwnerID = OwnerID.toLowerCase() + "@gmail.com": null

2018-12-11 13:52:28 - [TEST_STEP][PASSED] - Statement - println(OwnerID): null

2018-12-11 13:52:28 - [TEST_STEP][PASSED] - delay: Delayed 2 second(s)

2018-12-11 13:52:30 - [MESSAGE][PASSED] - Delayed 2 second(s)

2018-12-11 13:52:30 - [MESSAGE][PASSED] - Call Test Case 'Test Cases/Final Aug 2018 - PKS Automation/Common/Workflow Owner Finder' successfully

2018-12-11 13:52:30 - [TEST_STEP][PASSED] - callTestCase: Call Test Case 'Test Cases/Final Aug 2018 - PKS Automation/Registration Module/Log Out/log out avoiding katalon tagging' successfully

2018-12-11 13:52:30 - [TEST_CASE][PASSED] - Test Cases/Final Aug 2018 - PKS Automation/Registration Module/Log Out/log out avoiding katalon tagging: Test Cases/Final Aug 2018 - PKS Automation/Registration Module/Log Out/log out avoiding katalon tagging

2018-12-11 13:52:30 - [TEST_STEP][PASSED] - navigateToUrl: Navigate to 'https://assist2-uat.perkeso.gov.my/c/portal/logout' successfully

2018-12-11 13:52:31 - [MESSAGE][PASSED] - Navigate to 'https://assist2-uat.perkeso.gov.my/c/portal/logout' successfully

2018-12-11 13:52:31 - [MESSAGE][PASSED] - Call Test Case 'Test Cases/Final Aug 2018 - PKS Automation/Registration Module/Log Out/log out avoiding katalon tagging' successfully

2018-12-11 13:52:31 - [TEST_STEP][PASSED] - delay: Delayed 2 second(s)

2018-12-11 13:52:33 - [MESSAGE][PASSED] - Delayed 2 second(s)

2018-12-11 13:52:33 - [TEST_STEP][PASSED] - setText: Text 'johorro2@gmail.com' is set on object 'Object Repository/Final Object Repo/New Registration - Registration Module Pages/New Reg - OTC to RO/Special Case - All Related Objects/Email TextBox'

2018-12-11 13:52:33 - [MESSAGE][PASSED] - Text 'johorro2@gmail.com' is set on object 'Object Repository/Final Object Repo/New Registration - Registration Module Pages/New Reg - OTC to RO/Special Case - All Related Objects/Email TextBox'

2018-12-11 13:52:33 - [TEST_STEP][PASSED] - click: Object: 'Object Repository/Final Object Repo/New Registration - Registration Module Pages/New Reg - OTC to RO/Special Case - All Related Objects/Next Button' is clicked on

2018-12-11 13:52:33 - [MESSAGE][PASSED] - Object: 'Object Repository/Final Object Repo/New Registration - Registration Module Pages/New Reg - OTC to RO/Special Case - All Related Objects/Next Button' is clicked on

2018-12-11 13:52:33 - [TEST_STEP][PASSED] - delay: Delayed 2 second(s)

2018-12-11 13:52:35 - [MESSAGE][PASSED] - Delayed 2 second(s)

2018-12-11 13:52:35 - [TEST_STEP][PASSED] - setText: Text 'Test1@3456789' is set on object 'Object Repository/Final Object Repo/New Registration - Registration Module Pages/New Reg - OTC to RO/Special Case - All Related Objects/Password TextBox'

2018-12-11 13:52:36 - [MESSAGE][PASSED] - Text 'Test1@3456789' is set on object 'Object Repository/Final Object Repo/New Registration - Registration Module Pages/New Reg - OTC to RO/Special Case - All Related Objects/Password TextBox'

2018-12-11 13:52:36 - [TEST_STEP][PASSED] - delay: Delayed 2 second(s)

2018-12-11 13:52:38 - [MESSAGE][PASSED] - Delayed 2 second(s)

2018-12-11 13:52:38 - [TEST_STEP][PASSED] - click: Object: 'Object Repository/Final Object Repo/New Registration - Registration Module Pages/New Reg - OTC to RO/Special Case - All Related Objects/Login Button' is clicked on

2018-12-11 13:52:38 - [MESSAGE][PASSED] - Object: 'Object Repository/Final Object Repo/New Registration - Registration Module Pages/New Reg - OTC to RO/Special Case - All Related Objects/Login Button' is clicked on

2018-12-11 13:52:38 - [TEST_STEP][PASSED] - delay: Delayed 2 second(s)

2018-12-11 13:52:40 - [MESSAGE][PASSED] - Delayed 2 second(s)

2018-12-11 13:52:40 - [TEST_STEP][PASSED] - Statement - Try: null

2018-12-11 13:52:40 - [TEST_STEP][PASSED] - Statement - Checker = com.kms.katalon.core.webui.keyword.WebUiBuiltInKeywords.verifyElementNotPresent("Final Object Repo/Landing Page/Select to English", 3): null

2018-12-11 13:52:40 - [TEST_STEP][PASSED] - Statement - Catch (Exception e): null

2018-12-11 13:52:40 - [TEST_STEP][PASSED] - Statement - e.printStackTrace(): null

2018-12-11 13:52:40 - [TEST_STEP][PASSED] - click: Object: 'Object Repository/Final Object Repo/New Registration - Registration Module Pages/New Reg - OTC to RO/Special Case - All Related Objects/Expand to Search' is clicked on

2018-12-11 13:52:40 - [MESSAGE][PASSED] - Object: 'Object Repository/Final Object Repo/New Registration - Registration Module Pages/New Reg - OTC to RO/Special Case - All Related Objects/Expand to Search' is clicked on

2018-12-11 13:52:40 - [TEST_STEP][PASSED] - setText: Text 'CRN12201800123170' is set on object 'Object Repository/Final Object Repo/New Registration - Registration Module Pages/New Reg - OTC to RO/Special Case - All Related Objects/TextBox RefNo in Workbasket'

2018-12-11 13:52:40 - [MESSAGE][PASSED] - Text 'CRN12201800123170' is set on object 'Object Repository/Final Object Repo/New Registration - Registration Module Pages/New Reg - OTC to RO/Special Case - All Related Objects/TextBox RefNo in Workbasket'

2018-12-11 13:52:40 - [TEST_STEP][PASSED] - delay: Delayed 2 second(s)

2018-12-11 13:52:42 - [MESSAGE][PASSED] - Delayed 2 second(s)

2018-12-11 13:52:42 - [TEST_STEP][PASSED] - click: Object: 'Object Repository/Final Object Repo/New Registration - Registration Module Pages/New Reg - OTC to RO/Special Case - All Related Objects/Click Search' is clicked on

2018-12-11 13:52:43 - [MESSAGE][PASSED] - Object: 'Object Repository/Final Object Repo/New Registration - Registration Module Pages/New Reg - OTC to RO/Special Case - All Related Objects/Click Search' is clicked on

2018-12-11 13:52:43 - [TEST_STEP][PASSED] - delay: Delayed 2 second(s)

2018-12-11 13:52:45 - [MESSAGE][PASSED] - Delayed 2 second(s)

2018-12-11 13:52:45 - [TEST_STEP][PASSED] - click: Object: 'Object Repository/Final Object Repo/New Registration - Registration Module Pages/New Reg - OTC to RO/Special Case - All Related Objects/Click to Continue Workflow' is clicked on

2018-12-11 13:52:48 - [MESSAGE][PASSED] - Object: 'Object Repository/Final Object Repo/New Registration - Registration Module Pages/New Reg - OTC to RO/Special Case - All Related Objects/Click to Continue Workflow' is clicked on

2018-12-11 13:52:48 - [TEST_STEP][PASSED] - delay: Delayed 2 second(s)

2018-12-11 13:52:50 - [MESSAGE][PASSED] - Delayed 2 second(s)

2018-12-11 13:52:50 - [TEST_STEP][PASSED] - click: Object: 'Object Repository/Final Object Repo/New Registration - Registration Module Pages/New Reg - OTC to RO/Special Case - All Related Objects/Continue Button in verifying case' is clicked on

2018-12-11 13:52:52 - [MESSAGE][PASSED] - Object: 'Object Repository/Final Object Repo/New Registration - Registration Module Pages/New Reg - OTC to RO/Special Case - All Related Objects/Continue Button in verifying case' is clicked on

2018-12-11 13:52:52 - [TEST_STEP][PASSED] - delay: Delayed 2 second(s)

2018-12-11 13:52:54 - [MESSAGE][PASSED] - Delayed 2 second(s)

2018-12-11 13:52:54 - [TEST_STEP][PASSED] - click: Object: 'Object Repository/Final Object Repo/New Registration - Registration Module Pages/Form 1/Registered As a Branch - Yes' is clicked on

2018-12-11 13:52:54 - [MESSAGE][PASSED] - Object: 'Object Repository/Final Object Repo/New Registration - Registration Module Pages/Form 1/Registered As a Branch - Yes' is clicked on

2018-12-11 13:52:54 - [TEST_STEP][PASSED] - delay: Delayed 2 second(s)

2018-12-11 13:52:56 - [MESSAGE][PASSED] - Delayed 2 second(s)

2018-12-11 13:52:56 - [TEST_STEP][PASSED] - click: Object: 'Object Repository/Final Object Repo/New Registration - Registration Module Pages/New Reg - OTC to RO/Special Case - All Related Objects/Form 1 Save n Continue' is clicked on

2018-12-11 13:52:56 - [MESSAGE][PASSED] - Object: 'Object Repository/Final Object Repo/New Registration - Registration Module Pages/New Reg - OTC to RO/Special Case - All Related Objects/Form 1 Save n Continue' is clicked on

2018-12-11 13:52:56 - [TEST_STEP][PASSED] - delay: Delayed 2 second(s)

2018-12-11 13:52:58 - [MESSAGE][PASSED] - Delayed 2 second(s)

2018-12-11 13:52:58 - [TEST_STEP][PASSED] - click: Object: 'Object Repository/Final Object Repo/New Registration - Registration Module Pages/New Reg - OTC to RO/Special Case - All Related Objects/Form 2 Save n Continue' is clicked on

2018-12-11 13:52:58 - [MESSAGE][PASSED] - Object: 'Object Repository/Final Object Repo/New Registration - Registration Module Pages/New Reg - OTC to RO/Special Case - All Related Objects/Form 2 Save n Continue' is clicked on

2018-12-11 13:52:58 - [TEST_STEP][PASSED] - delay: Delayed 2 second(s)

2018-12-11 13:53:00 - [MESSAGE][PASSED] - Delayed 2 second(s)

2018-12-11 13:53:00 - [TEST_STEP][PASSED] - click: Object: 'Object Repository/Final Object Repo/New Registration - Registration Module Pages/New Reg - OTC to RO/Special Case - All Related Objects/Third Screen Save n Continue' is clicked on

2018-12-11 13:53:06 - [MESSAGE][PASSED] - Object: 'Object Repository/Final Object Repo/New Registration - Registration Module Pages/New Reg - OTC to RO/Special Case - All Related Objects/Third Screen Save n Continue' is clicked on

2018-12-11 13:53:06 - [TEST_STEP][PASSED] - delay: Delayed 5 second(s)

2018-12-11 13:53:11 - [MESSAGE][PASSED] - Delayed 5 second(s)

2018-12-11 13:53:11 - [TEST_STEP][PASSED] - setText: Text 'Query case' is set on object 'Object Repository/Final Object Repo/New Registration - Registration Module Pages/New Reg - OTC to RO/Special Case - All Related Objects/Query Text Input'

2018-12-11 13:53:11 - [MESSAGE][PASSED] - Text 'Query case' is set on object 'Object Repository/Final Object Repo/New Registration - Registration Module Pages/New Reg - OTC to RO/Special Case - All Related Objects/Query Text Input'

2018-12-11 13:53:11 - [TEST_STEP][PASSED] - delay: Delayed 5 second(s)

2018-12-11 13:53:16 - [MESSAGE][PASSED] - Delayed 5 second(s)

2018-12-11 13:53:16 - [TEST_STEP][PASSED] - click: Object: 'Object Repository/Final Object Repo/New Registration - Registration Module Pages/New Reg - OTC to RO/Special Case - All Related Objects/Upload Doc Page Save n Continue' is clicked on

2018-12-11 13:53:16 - [MESSAGE][PASSED] - Object: 'Object Repository/Final Object Repo/New Registration - Registration Module Pages/New Reg - OTC to RO/Special Case - All Related Objects/Upload Doc Page Save n Continue' is clicked on

2018-12-11 13:53:16 - [TEST_STEP][PASSED] - click: Object: 'Object Repository/Final Object Repo/New Registration - Registration Module Pages/New Reg - OTC to RO/Special Case - All Related Objects/Query Button' is clicked on

2018-12-11 13:53:20 - [MESSAGE][PASSED] - Object: 'Object Repository/Final Object Repo/New Registration - Registration Module Pages/New Reg - OTC to RO/Special Case - All Related Objects/Query Button' is clicked on

2018-12-11 13:53:20 - [TEST_STEP][PASSED] - click: Object: 'Object Repository/Final Object Repo/New Registration - Registration Module Pages/New Reg - OTC to RO/Special Case - All Related Objects/Confirm to Query' is clicked on

2018-12-11 13:53:21 - [MESSAGE][PASSED] - Object: 'Object Repository/Final Object Repo/New Registration - Registration Module Pages/New Reg - OTC to RO/Special Case - All Related Objects/Confirm to Query' is clicked on

2018-12-11 13:53:21 - [TEST_STEP][PASSED] - callTestCase: Call Test Case 'Test Cases/Final Aug 2018 - PKS Automation/Registration Module/Log Out/log out avoiding katalon tagging' successfully

2018-12-11 13:53:21 - [TEST_CASE][PASSED] - Test Cases/Final Aug 2018 - PKS Automation/Registration Module/Log Out/log out avoiding katalon tagging: Test Cases/Final Aug 2018 - PKS Automation/Registration Module/Log Out/log out avoiding katalon tagging

2018-12-11 13:53:21 - [TEST_STEP][PASSED] - navigateToUrl: Navigate to 'https://assist2-uat.perkeso.gov.my/c/portal/logout' successfully

2018-12-11 13:53:28 - [MESSAGE][PASSED] - Navigate to 'https://assist2-uat.perkeso.gov.my/c/portal/logout' successfully

2018-12-11 13:53:28 - [MESSAGE][PASSED] - Call Test Case 'Test Cases/Final Aug 2018 - PKS Automation/Registration Module/Log Out/log out avoiding katalon tagging' successfully

2018-12-11 13:53:28 - [TEST_STEP][PASSED] - delay: Delayed 2 second(s)

2018-12-11 13:53:30 - [MESSAGE][PASSED] - Delayed 2 second(s)

2018-12-11 13:53:30 - [TEST_STEP][PASSED] - setText: Text 'klotc2@gmail.com' is set on object 'Object Repository/Final Object Repo/Login Page/Internal User/Email Address'

2018-12-11 13:53:31 - [MESSAGE][PASSED] - Text 'klotc2@gmail.com' is set on object 'Object Repository/Final Object Repo/Login Page/Internal User/Email Address'

2018-12-11 13:53:31 - [TEST_STEP][PASSED] - click: Object: 'Object Repository/Final Object Repo/Login Page/Internal User/Next Button' is clicked on

2018-12-11 13:53:31 - [MESSAGE][PASSED] - Object: 'Object Repository/Final Object Repo/Login Page/Internal User/Next Button' is clicked on

2018-12-11 13:53:31 - [TEST_STEP][PASSED] - delay: Delayed 2 second(s)

2018-12-11 13:53:33 - [MESSAGE][PASSED] - Delayed 2 second(s)

2018-12-11 13:53:33 - [TEST_STEP][PASSED] - setText: Text 'Test1@3456789' is set on object 'Object Repository/Final Object Repo/Login Page/Internal User/Password'

2018-12-11 13:53:33 - [MESSAGE][PASSED] - Text 'Test1@3456789' is set on object 'Object Repository/Final Object Repo/Login Page/Internal User/Password'

2018-12-11 13:53:33 - [TEST_STEP][PASSED] - delay: Delayed 2 second(s)

2018-12-11 13:53:35 - [MESSAGE][PASSED] - Delayed 2 second(s)

2018-12-11 13:53:35 - [TEST_STEP][PASSED] - click: Object: 'Object Repository/Final Object Repo/Login Page/Internal User/Login Button' is clicked on

2018-12-11 13:53:35 - [MESSAGE][PASSED] - Object: 'Object Repository/Final Object Repo/Login Page/Internal User/Login Button' is clicked on

2018-12-11 13:53:35 - [TEST_STEP][PASSED] - delay: Delayed 2 second(s)

2018-12-11 13:53:37 - [MESSAGE][PASSED] - Delayed 2 second(s)

2018-12-11 13:53:37 - [TEST_STEP][PASSED] - Statement - Try: null

2018-12-11 13:53:37 - [TEST_STEP][PASSED] - Statement - Checker = com.kms.katalon.core.webui.keyword.WebUiBuiltInKeywords.verifyElementNotPresent("PKS_SIP_Updated_RegModule/Attempt/Page_MyASSIST - ASSIST/Select to English", 3): null

2018-12-11 13:53:37 - [TEST_STEP][PASSED] - Statement - Catch (Exception e): null

2018-12-11 13:53:37 - [TEST_STEP][PASSED] - Statement - e.printStackTrace(): null

2018-12-11 13:53:37 - [TEST_STEP][PASSED] - delay: Delayed 4 second(s)

2018-12-11 13:53:41 - [MESSAGE][PASSED] - Delayed 4 second(s)

2018-12-11 13:53:41 - [TEST_STEP][PASSED] - click: Object: 'Object Repository/Final Object Repo/Landing Page/My Sites Drop Down' is clicked on

2018-12-11 13:53:41 - [MESSAGE][PASSED] - Object: 'Object Repository/Final Object Repo/Landing Page/My Sites Drop Down' is clicked on

2018-12-11 13:53:41 - [TEST_STEP][PASSED] - click: Object: 'Object Repository/Final Object Repo/Landing Page/Select to Registration Module' is clicked on

2018-12-11 13:53:42 - [MESSAGE][PASSED] - Object: 'Object Repository/Final Object Repo/Landing Page/Select to Registration Module' is clicked on

2018-12-11 13:53:42 - [TEST_STEP][PASSED] - delay: Delayed 2 second(s)

2018-12-11 13:53:44 - [MESSAGE][PASSED] - Delayed 2 second(s)

2018-12-11 13:53:44 - [TEST_STEP][PASSED] - mouseOver: Object: 'Object Repository/Final Object Repo/New Registration - Registration Module Pages/New Reg - OTC to RO/Special Case - All Related Objects/Hover Over Search Drop Down' is hovered

2018-12-11 13:53:44 - [MESSAGE][PASSED] - Object: 'Object Repository/Final Object Repo/New Registration - Registration Module Pages/New Reg - OTC to RO/Special Case - All Related Objects/Hover Over Search Drop Down' is hovered

2018-12-11 13:53:44 - [TEST_STEP][PASSED] - click: Object: 'Object Repository/Final Object Repo/New Registration - Registration Module Pages/New Reg - OTC to RO/Special Case - All Related Objects/Select Search Pending Case' is clicked on

2018-12-11 13:53:45 - [MESSAGE][PASSED] - Object: 'Object Repository/Final Object Repo/New Registration - Registration Module Pages/New Reg - OTC to RO/Special Case - All Related Objects/Select Search Pending Case' is clicked on

2018-12-11 13:53:45 - [TEST_STEP][PASSED] - click: Object: 'Object Repository/Final Object Repo/New Registration - Registration Module Pages/New Reg - OTC to RO/Special Case - All Related Objects/Select Searching Method (Employer Code)' is clicked on

2018-12-11 13:53:45 - [MESSAGE][PASSED] - Object: 'Object Repository/Final Object Repo/New Registration - Registration Module Pages/New Reg - OTC to RO/Special Case - All Related Objects/Select Searching Method (Employer Code)' is clicked on

2018-12-11 13:53:45 - [TEST_STEP][PASSED] - click: Object: 'Object Repository/Final Object Repo/New Registration - Registration Module Pages/New Reg - OTC to RO/Special Case - All Related Objects/Select Searching Method to Reference ID' is clicked on

2018-12-11 13:53:46 - [MESSAGE][PASSED] - Object: 'Object Repository/Final Object Repo/New Registration - Registration Module Pages/New Reg - OTC to RO/Special Case - All Related Objects/Select Searching Method to Reference ID' is clicked on

2018-12-11 13:53:46 - [TEST_STEP][PASSED] - setText: Text 'CRN12201800123170' is set on object 'Object Repository/Final Object Repo/New Registration - Registration Module Pages/New Reg - OTC to RO/Special Case - All Related Objects/Pending Case Ref NO'

2018-12-11 13:53:46 - [MESSAGE][PASSED] - Text 'CRN12201800123170' is set on object 'Object Repository/Final Object Repo/New Registration - Registration Module Pages/New Reg - OTC to RO/Special Case - All Related Objects/Pending Case Ref NO'

2018-12-11 13:53:46 - [TEST_STEP][PASSED] - click: Object: 'Object Repository/Final Object Repo/New Registration - Registration Module Pages/New Reg - OTC to RO/Special Case - All Related Objects/Search Pending Case Based on Ref No' is clicked on

2018-12-11 13:53:46 - [MESSAGE][PASSED] - Object: 'Object Repository/Final Object Repo/New Registration - Registration Module Pages/New Reg - OTC to RO/Special Case - All Related Objects/Search Pending Case Based on Ref No' is clicked on

2018-12-11 13:53:46 - [TEST_STEP][PASSED] - click: Object: 'Object Repository/Final Object Repo/New Registration - Registration Module Pages/New Reg - OTC to RO/Special Case - All Related Objects/Action Button after found case' is clicked on

2018-12-11 13:53:49 - [MESSAGE][PASSED] - Object: 'Object Repository/Final Object Repo/New Registration - Registration Module Pages/New Reg - OTC to RO/Special Case - All Related Objects/Action Button after found case' is clicked on

2018-12-11 13:53:49 - [TEST_STEP][PASSED] - click: Object: 'Object Repository/Final Object Repo/New Registration - Registration Module Pages/New Reg - OTC to RO/Special Case - All Related Objects/Next Button in Pending Case Form 1' is clicked on

2018-12-11 13:53:50 - [MESSAGE][PASSED] - Object: 'Object Repository/Final Object Repo/New Registration - Registration Module Pages/New Reg - OTC to RO/Special Case - All Related Objects/Next Button in Pending Case Form 1' is clicked on

2018-12-11 13:53:50 - [TEST_STEP][PASSED] - click: Object: 'Object Repository/Final Object Repo/New Registration - Registration Module Pages/New Reg - OTC to RO/Special Case - All Related Objects/Next Button in Pending Case Form 2' is clicked on

2018-12-11 13:53:51 - [MESSAGE][PASSED] - Object: 'Object Repository/Final Object Repo/New Registration - Registration Module Pages/New Reg - OTC to RO/Special Case - All Related Objects/Next Button in Pending Case Form 2' is clicked on

2018-12-11 13:53:51 - [TEST_STEP][PASSED] - click: Object: 'Object Repository/Final Object Repo/New Registration - Registration Module Pages/New Reg - OTC to RO/Special Case - All Related Objects/Next Button in Third Screen' is clicked on

2018-12-11 13:53:54 - [MESSAGE][PASSED] - Object: 'Object Repository/Final Object Repo/New Registration - Registration Module Pages/New Reg - OTC to RO/Special Case - All Related Objects/Next Button in Third Screen' is clicked on

2018-12-11 13:53:54 - [TEST_STEP][PASSED] - click: Object: 'Object Repository/Final Object Repo/New Registration - Registration Module Pages/New Reg - OTC to RO/Special Case - All Related Objects/Add Document for Pending Case' is clicked on

2018-12-11 13:53:54 - [MESSAGE][PASSED] - Object: 'Object Repository/Final Object Repo/New Registration - Registration Module Pages/New Reg - OTC to RO/Special Case - All Related Objects/Add Document for Pending Case' is clicked on

2018-12-11 13:53:54 - [TEST_STEP][PASSED] - delay: Delayed 2 second(s)

2018-12-11 13:53:56 - [MESSAGE][PASSED] - Delayed 2 second(s)

2018-12-11 13:53:56 - [TEST_STEP][PASSED] - click: Object: 'Object Repository/Final Object Repo/New Registration - Registration Module Pages/New Reg - OTC to RO/Special Case - All Related Objects/Upload Pending Doc - Please Select' is clicked on

2018-12-11 13:53:58 - [MESSAGE][PASSED] - Object: 'Object Repository/Final Object Repo/New Registration - Registration Module Pages/New Reg - OTC to RO/Special Case - All Related Objects/Upload Pending Doc - Please Select' is clicked on

2018-12-11 13:53:58 - [TEST_STEP][PASSED] - click: Object: 'Object Repository/Final Object Repo/New Registration - Registration Module Pages/New Reg - OTC to RO/Special Case - All Related Objects/Select to Others to Upload' is clicked on

2018-12-11 13:53:58 - [MESSAGE][PASSED] - Object: 'Object Repository/Final Object Repo/New Registration - Registration Module Pages/New Reg - OTC to RO/Special Case - All Related Objects/Select to Others to Upload' is clicked on

2018-12-11 13:53:58 - [TEST_STEP][PASSED] - delay: Delayed 2 second(s)

2018-12-11 13:54:00 - [MESSAGE][PASSED] - Delayed 2 second(s)

2018-12-11 13:54:00 - [TEST_STEP][PASSED] - uploadFile: File 'C:\Users\Public\Pictures\Sample Pictures\Koala.jpg' sent to object: 'Object Repository/Final Object Repo/New Registration - Registration Module Pages/New Reg - OTC to RO/Special Case - All Related Objects/Uploading Pending Case Action'

2018-12-11 13:54:00 - [MESSAGE][PASSED] - File 'C:\Users\Public\Pictures\Sample Pictures\Koala.jpg' sent to object: 'Object Repository/Final Object Repo/New Registration - Registration Module Pages/New Reg - OTC to RO/Special Case - All Related Objects/Uploading Pending Case Action'

2018-12-11 13:54:00 - [TEST_STEP][PASSED] - click: Object: 'Object Repository/Final Object Repo/New Registration - Registration Module Pages/New Reg - OTC to RO/Special Case - All Related Objects/Inner form Add Document Button Pending Case' is clicked on

2018-12-11 13:54:00 - [MESSAGE][PASSED] - Object: 'Object Repository/Final Object Repo/New Registration - Registration Module Pages/New Reg - OTC to RO/Special Case - All Related Objects/Inner form Add Document Button Pending Case' is clicked on

2018-12-11 13:54:00 - [TEST_STEP][FAILED] - click: Unable to click on object 'Object Repository/Final Object Repo/New Registration - Registration Module Pages/New Reg - OTC to RO/Special Case - All Related Objects/Pending Case Exit' (Root cause: org.openqa.selenium.StaleElementReferenceException: stale element reference: element is not attached to the page document
  (Session info: chrome=70.0.3538.110)
  (Driver info: chromedriver=2.43.600210 (68dcf5eebde37173d4027fa8635e332711d2874a),platform=Windows NT 6.1.7601 SP1 x86_64) (WARNING: The server did not provide any stacktrace information)
Command duration or timeout: 0 milliseconds
For documentation on this error, please visit: http://seleniumhq.org/exceptions/stale_element_reference.html
Build info: version: '3.7.1', revision: '8a0099a', time: '2017-11-06T21:07:36.161Z'
System info: host: 'WIN7TEST02', ip: '10.20.3.72', os.name: 'Windows 7', os.arch: 'amd64', os.version: '6.1', java.version: '1.8.0_181'
Driver info: com.kms.katalon.selenium.driver.CChromeDriver
Capabilities {acceptInsecureCerts: false, acceptSslCerts: false, applicationCacheEnabled: false, browserConnectionEnabled: false, browserName: chrome, chrome: {chromedriverVersion: 2.43.600210 (68dcf5eebde371..., userDataDir: C:\Users\Admin\AppData\Loca...}, cssSelectorsEnabled: true, databaseEnabled: false, goog:chromeOptions: {debuggerAddress: localhost:57086}, handlesAlerts: true, hasTouchScreen: false, javascriptEnabled: true, locationContextEnabled: true, mobileEmulationEnabled: false, nativeEvents: true, networkConnectionEnabled: false, pageLoadStrategy: normal, platform: XP, platformName: XP, rotatable: false, setWindowRect: true, takesHeapSnapshot: true, takesScreenshot: true, unexpectedAlertBehaviour: , unhandledPromptBehavior: , version: 70.0.3538.110, webStorageEnabled: true}
Session ID: e422cb9eb852572083eac22b9f386810)

2018-12-11 13:54:05 - [MESSAGE][FAILED] - Unable to click on object 'Object Repository/Final Object Repo/New Registration - Registration Module Pages/New Reg - OTC to RO/Special Case - All Related Objects/Pending Case Exit' (Root cause: org.openqa.selenium.StaleElementReferenceException: stale element reference: element is not attached to the page document
  (Session info: chrome=70.0.3538.110)
  (Driver info: chromedriver=2.43.600210 (68dcf5eebde37173d4027fa8635e332711d2874a),platform=Windows NT 6.1.7601 SP1 x86_64) (WARNING: The server did not provide any stacktrace information)
Command duration or timeout: 0 milliseconds
For documentation on this error, please visit: http://seleniumhq.org/exceptions/stale_element_reference.html
Build info: version: '3.7.1', revision: '8a0099a', time: '2017-11-06T21:07:36.161Z'
System info: host: 'WIN7TEST02', ip: '10.20.3.72', os.name: 'Windows 7', os.arch: 'amd64', os.version: '6.1', java.version: '1.8.0_181'
Driver info: com.kms.katalon.selenium.driver.CChromeDriver
Capabilities {acceptInsecureCerts: false, acceptSslCerts: false, applicationCacheEnabled: false, browserConnectionEnabled: false, browserName: chrome, chrome: {chromedriverVersion: 2.43.600210 (68dcf5eebde371..., userDataDir: C:\Users\Admin\AppData\Loca...}, cssSelectorsEnabled: true, databaseEnabled: false, goog:chromeOptions: {debuggerAddress: localhost:57086}, handlesAlerts: true, hasTouchScreen: false, javascriptEnabled: true, locationContextEnabled: true, mobileEmulationEnabled: false, nativeEvents: true, networkConnectionEnabled: false, pageLoadStrategy: normal, platform: XP, platformName: XP, rotatable: false, setWindowRect: true, takesHeapSnapshot: true, takesScreenshot: true, unexpectedAlertBehaviour: , unhandledPromptBehavior: , version: 70.0.3538.110, webStorageEnabled: true}
Session ID: e422cb9eb852572083eac22b9f386810)
[[ATTACHMENT|C:\\Users\\Admin\\Desktop\\PKS\\Perkeso Phase A\\Reports\\Workflow\\New Registration\\20181211_110147\\1544507644884.png]]

2018-12-11 13:54:05 - [TEST_STEP][PASSED] - callTestCase: Call Test Case 'Test Cases/Final Aug 2018 - PKS Automation/Registration Module/Log Out/log out avoiding katalon tagging' successfully

2018-12-11 13:54:05 - [TEST_CASE][PASSED] - Test Cases/Final Aug 2018 - PKS Automation/Registration Module/Log Out/log out avoiding katalon tagging: Test Cases/Final Aug 2018 - PKS Automation/Registration Module/Log Out/log out avoiding katalon tagging

2018-12-11 13:54:05 - [TEST_STEP][PASSED] - navigateToUrl: Navigate to 'https://assist2-uat.perkeso.gov.my/c/portal/logout' successfully

2018-12-11 13:54:05 - [MESSAGE][PASSED] - Navigate to 'https://assist2-uat.perkeso.gov.my/c/portal/logout' successfully

2018-12-11 13:54:05 - [MESSAGE][PASSED] - Call Test Case 'Test Cases/Final Aug 2018 - PKS Automation/Registration Module/Log Out/log out avoiding katalon tagging' successfully

2018-12-11 13:54:05 - [TEST_STEP][PASSED] - delay: Delayed 2 second(s)

2018-12-11 13:54:07 - [MESSAGE][PASSED] - Delayed 2 second(s)

2018-12-11 13:54:07 - [TEST_STEP][PASSED] - callTestCase: Call Test Case 'Test Cases/Final Aug 2018 - PKS Automation/Common/Workflow Owner Finder' successfully

2018-12-11 13:54:08 - [TEST_CASE][PASSED] - Test Cases/Final Aug 2018 - PKS Automation/Common/Workflow Owner Finder: Test Cases/Final Aug 2018 - PKS Automation/Common/Workflow Owner Finder

2018-12-11 13:54:08 - [TEST_STEP][PASSED] - openBrowser: Browser is opened with url: ''

2018-12-11 13:54:08 - [MESSAGE][WARNING] - A browser is already opened. Closing browser and opening a new one

2018-12-11 13:54:12 - [MESSAGE][PASSED] - Browser is opened with url: ''

2018-12-11 13:54:12 - [TEST_STEP][PASSED] - navigateToUrl: Navigate to 'https://assist2-uat.perkeso.gov.my/login' successfully

2018-12-11 13:54:13 - [MESSAGE][PASSED] - Navigate to 'https://assist2-uat.perkeso.gov.my/login' successfully

2018-12-11 13:54:13 - [TEST_STEP][PASSED] - delay: Delayed 5 second(s)

2018-12-11 13:54:18 - [MESSAGE][PASSED] - Delayed 5 second(s)

2018-12-11 13:54:18 - [TEST_STEP][PASSED] - setText: Text 'test@liferay.com' is set on object 'Object Repository/Final Object Repo/Login Page/Internal User/Email Address'

2018-12-11 13:54:19 - [MESSAGE][PASSED] - Text 'test@liferay.com' is set on object 'Object Repository/Final Object Repo/Login Page/Internal User/Email Address'

2018-12-11 13:54:19 - [TEST_STEP][PASSED] - click: Object: 'Object Repository/Final Object Repo/Login Page/Internal User/Next Button' is clicked on

2018-12-11 13:54:19 - [MESSAGE][PASSED] - Object: 'Object Repository/Final Object Repo/Login Page/Internal User/Next Button' is clicked on

2018-12-11 13:54:19 - [TEST_STEP][PASSED] - delay: Delayed 2 second(s)

2018-12-11 13:54:21 - [MESSAGE][PASSED] - Delayed 2 second(s)

2018-12-11 13:54:21 - [TEST_STEP][PASSED] - setText: Text 'test' is set on object 'Object Repository/Final Object Repo/Login Page/Internal User/Password'

2018-12-11 13:54:21 - [MESSAGE][PASSED] - Text 'test' is set on object 'Object Repository/Final Object Repo/Login Page/Internal User/Password'

2018-12-11 13:54:21 - [TEST_STEP][PASSED] - delay: Delayed 2 second(s)

2018-12-11 13:54:23 - [MESSAGE][PASSED] - Delayed 2 second(s)

2018-12-11 13:54:23 - [TEST_STEP][PASSED] - click: Object: 'Object Repository/Final Object Repo/Login Page/Internal User/Login Button' is clicked on

2018-12-11 13:54:23 - [MESSAGE][PASSED] - Object: 'Object Repository/Final Object Repo/Login Page/Internal User/Login Button' is clicked on

2018-12-11 13:54:23 - [TEST_STEP][PASSED] - Statement - tester = com.kms.katalon.core.testobject.ObjectRepository.findTestObject(Final Object Repo/Landing Page/Select to English): Finding Test Object with id 'Object Repository/Final Object Repo/Landing Page/Select to English'

2018-12-11 13:54:23 - [TEST_STEP][PASSED] - Statement - Try: Delayed 2 second(s)

2018-12-11 13:54:23 - [TEST_STEP][PASSED] - Statement - Checker = com.kms.katalon.core.webui.keyword.WebUiBuiltInKeywords.verifyElementNotPresent(tester, 3): Web element with id: 'Object Repository/Final Object Repo/Landing Page/Select to English' located by 'By.xpath: //a[@class = 'taglib-language-list-text' and @lang = 'en-US' and (contains(text(), 'EN') or contains(., 'EN'))]' is not present after '3' second(s)

2018-12-11 13:54:25 - [MESSAGE][PASSED] - Web element with id: 'Object Repository/Final Object Repo/Landing Page/Select to English' located by 'By.xpath: //a[@class = 'taglib-language-list-text' and @lang = 'en-US' and (contains(text(), 'EN') or contains(., 'EN'))]' is not present after '3' second(s)

2018-12-11 13:54:25 - [TEST_STEP][PASSED] - Statement - If (Checker == false): null

2018-12-11 13:54:25 - [TEST_STEP][PASSED] - delay: Delayed 2 second(s)

2018-12-11 13:54:27 - [MESSAGE][PASSED] - Delayed 2 second(s)

2018-12-11 13:54:27 - [TEST_STEP][PASSED] - delay: Delayed 5 second(s)

2018-12-11 13:54:32 - [MESSAGE][PASSED] - Delayed 5 second(s)

2018-12-11 13:54:32 - [TEST_STEP][PASSED] - mouseOver: Object: 'Object Repository/Final Object Repo/Landing Page/WorkFlow Menu' is hovered

2018-12-11 13:54:32 - [MESSAGE][PASSED] - Object: 'Object Repository/Final Object Repo/Landing Page/WorkFlow Menu' is hovered

2018-12-11 13:54:32 - [TEST_STEP][PASSED] - delay: Delayed 2 second(s)

2018-12-11 13:54:34 - [MESSAGE][PASSED] - Delayed 2 second(s)

2018-12-11 13:54:34 - [TEST_STEP][PASSED] - click: Object: 'Object Repository/Final Object Repo/Landing Page/Select to Workflow Listing' is clicked on

2018-12-11 13:54:35 - [MESSAGE][PASSED] - Object: 'Object Repository/Final Object Repo/Landing Page/Select to Workflow Listing' is clicked on

2018-12-11 13:54:35 - [TEST_STEP][PASSED] - delay: Delayed 2 second(s)

2018-12-11 13:54:37 - [MESSAGE][PASSED] - Delayed 2 second(s)

2018-12-11 13:54:37 - [TEST_STEP][PASSED] - click: Object: 'Object Repository/Final Object Repo/WorkFlow Listing Page/Search Information - To Put Ref No' is clicked on

2018-12-11 13:54:38 - [MESSAGE][PASSED] - Object: 'Object Repository/Final Object Repo/WorkFlow Listing Page/Search Information - To Put Ref No' is clicked on

2018-12-11 13:54:38 - [TEST_STEP][PASSED] - delay: Delayed 2 second(s)

2018-12-11 13:54:40 - [MESSAGE][PASSED] - Delayed 2 second(s)

2018-12-11 13:54:40 - [TEST_STEP][PASSED] - callTestCase: Call Test Case 'Test Cases/Final Aug 2018 - PKS Automation/Common/Reference Number Getter' successfully

2018-12-11 13:54:40 - [TEST_CASE][PASSED] - Test Cases/Final Aug 2018 - PKS Automation/Common/Reference Number Getter: Test Cases/Final Aug 2018 - PKS Automation/Common/Reference Number Getter

2018-12-11 13:54:40 - [TEST_STEP][PASSED] - Statement - Try: null

2018-12-11 13:54:40 - [TEST_STEP][PASSED] - Statement - RefNo = new java.io.File(C://Users//Admin//Desktop//PKS//Automation Reference Point//KatalonReference.txt): null

2018-12-11 13:54:40 - [TEST_STEP][PASSED] - Statement - bufferread = new java.io.BufferedReader(new java.io.FileReader(RefNo)): null

2018-12-11 13:54:40 - [TEST_STEP][PASSED] - Statement - readedVal = bufferread.readLine(): null

2018-12-11 13:54:40 - [TEST_STEP][PASSED] - Statement - out.println(CaseReferenceNo): null

2018-12-11 13:54:40 - [TEST_STEP][PASSED] - Statement - out.println(readedVal): null

2018-12-11 13:54:40 - [TEST_STEP][PASSED] - Statement - CaseReferenceNo = "": null

2018-12-11 13:54:40 - [TEST_STEP][PASSED] - Statement - CaseReferenceNo = readedVal: null

2018-12-11 13:54:40 - [MESSAGE][PASSED] - Call Test Case 'Test Cases/Final Aug 2018 - PKS Automation/Common/Reference Number Getter' successfully

2018-12-11 13:54:40 - [TEST_STEP][PASSED] - setText: Text 'CRN12201800123170' is set on object 'Object Repository/Final Object Repo/WorkFlow Listing Page/Ref No Set Text'

2018-12-11 13:54:40 - [MESSAGE][PASSED] - Text 'CRN12201800123170' is set on object 'Object Repository/Final Object Repo/WorkFlow Listing Page/Ref No Set Text'

2018-12-11 13:54:40 - [TEST_STEP][PASSED] - delay: Delayed 2 second(s)

2018-12-11 13:54:42 - [MESSAGE][PASSED] - Delayed 2 second(s)

2018-12-11 13:54:42 - [TEST_STEP][PASSED] - click: Object: 'Object Repository/Final Object Repo/WorkFlow Listing Page/Search Ref No Search Button' is clicked on

2018-12-11 13:54:42 - [MESSAGE][PASSED] - Object: 'Object Repository/Final Object Repo/WorkFlow Listing Page/Search Ref No Search Button' is clicked on

2018-12-11 13:54:42 - [TEST_STEP][PASSED] - delay: Delayed 6 second(s)

2018-12-11 13:54:48 - [MESSAGE][PASSED] - Delayed 6 second(s)

2018-12-11 13:54:48 - [TEST_STEP][PASSED] - click: Object: 'Object Repository/Final Object Repo/WorkFlow Listing Page/Click Continue Tooltip' is clicked on

2018-12-11 13:54:49 - [MESSAGE][PASSED] - Object: 'Object Repository/Final Object Repo/WorkFlow Listing Page/Click Continue Tooltip' is clicked on

2018-12-11 13:54:49 - [TEST_STEP][PASSED] - delay: Delayed 5 second(s)

2018-12-11 13:54:54 - [MESSAGE][PASSED] - Delayed 5 second(s)

2018-12-11 13:54:54 - [TEST_STEP][PASSED] - doubleClick: Object: 'Object Repository/Final Object Repo/WorkFlow Listing Page/Workflow Found - Listing 1' is double clicked on

2018-12-11 13:54:54 - [MESSAGE][PASSED] - Object: 'Object Repository/Final Object Repo/WorkFlow Listing Page/Workflow Found - Listing 1' is double clicked on

2018-12-11 13:54:54 - [TEST_STEP][PASSED] - Statement - println(OwnerID): null

2018-12-11 13:54:54 - [TEST_STEP][PASSED] - Statement - OwnerID = com.kms.katalon.core.webui.keyword.WebUiBuiltInKeywords.getText(com.kms.katalon.core.testobject.ObjectRepository.findTestObject(Final Object Repo/WorkFlow Listing Page/Workflow Found - Listing 1), STOP_ON_FAILURE): Text of object 'Object Repository/Final Object Repo/WorkFlow Listing Page/Workflow Found - Listing 1' is: 'JOHORro2'

2018-12-11 13:54:54 - [MESSAGE][PASSED] - Text of object 'Object Repository/Final Object Repo/WorkFlow Listing Page/Workflow Found - Listing 1' is: 'JOHORro2'

2018-12-11 13:54:54 - [TEST_STEP][PASSED] - Statement - OwnerID = OwnerID.toLowerCase() + "@gmail.com": null

2018-12-11 13:54:54 - [TEST_STEP][PASSED] - Statement - println(OwnerID): null

2018-12-11 13:54:54 - [TEST_STEP][PASSED] - delay: Delayed 2 second(s)

2018-12-11 13:54:56 - [MESSAGE][PASSED] - Delayed 2 second(s)

2018-12-11 13:54:56 - [MESSAGE][PASSED] - Call Test Case 'Test Cases/Final Aug 2018 - PKS Automation/Common/Workflow Owner Finder' successfully

2018-12-11 13:54:56 - [TEST_STEP][PASSED] - callTestCase: Call Test Case 'Test Cases/Final Aug 2018 - PKS Automation/Registration Module/Log Out/log out avoiding katalon tagging' successfully

2018-12-11 13:54:56 - [TEST_CASE][PASSED] - Test Cases/Final Aug 2018 - PKS Automation/Registration Module/Log Out/log out avoiding katalon tagging: Test Cases/Final Aug 2018 - PKS Automation/Registration Module/Log Out/log out avoiding katalon tagging

2018-12-11 13:54:56 - [TEST_STEP][PASSED] - navigateToUrl: Navigate to 'https://assist2-uat.perkeso.gov.my/c/portal/logout' successfully

2018-12-11 13:54:57 - [MESSAGE][PASSED] - Navigate to 'https://assist2-uat.perkeso.gov.my/c/portal/logout' successfully

2018-12-11 13:54:57 - [MESSAGE][PASSED] - Call Test Case 'Test Cases/Final Aug 2018 - PKS Automation/Registration Module/Log Out/log out avoiding katalon tagging' successfully

2018-12-11 13:54:57 - [TEST_STEP][PASSED] - delay: Delayed 2 second(s)

2018-12-11 13:54:59 - [MESSAGE][PASSED] - Delayed 2 second(s)

2018-12-11 13:54:59 - [TEST_STEP][PASSED] - setText: Text 'johorro2@gmail.com' is set on object 'Object Repository/Final Object Repo/Login Page/Internal User/Email Address'

2018-12-11 13:55:00 - [MESSAGE][PASSED] - Text 'johorro2@gmail.com' is set on object 'Object Repository/Final Object Repo/Login Page/Internal User/Email Address'

2018-12-11 13:55:00 - [TEST_STEP][PASSED] - click: Object: 'Object Repository/Final Object Repo/Login Page/Internal User/Next Button' is clicked on

2018-12-11 13:55:00 - [MESSAGE][PASSED] - Object: 'Object Repository/Final Object Repo/Login Page/Internal User/Next Button' is clicked on

2018-12-11 13:55:00 - [TEST_STEP][PASSED] - delay: Delayed 2 second(s)

2018-12-11 13:55:02 - [MESSAGE][PASSED] - Delayed 2 second(s)

2018-12-11 13:55:02 - [TEST_STEP][PASSED] - setText: Text 'Test1@3456789' is set on object 'Object Repository/Final Object Repo/Login Page/Internal User/Password'

2018-12-11 13:55:02 - [MESSAGE][PASSED] - Text 'Test1@3456789' is set on object 'Object Repository/Final Object Repo/Login Page/Internal User/Password'

2018-12-11 13:55:02 - [TEST_STEP][PASSED] - delay: Delayed 2 second(s)

2018-12-11 13:55:04 - [MESSAGE][PASSED] - Delayed 2 second(s)

2018-12-11 13:55:04 - [TEST_STEP][PASSED] - click: Object: 'Object Repository/Final Object Repo/Login Page/Internal User/Login Button' is clicked on

2018-12-11 13:55:04 - [MESSAGE][PASSED] - Object: 'Object Repository/Final Object Repo/Login Page/Internal User/Login Button' is clicked on

2018-12-11 13:55:04 - [TEST_STEP][PASSED] - delay: Delayed 2 second(s)

2018-12-11 13:55:06 - [MESSAGE][PASSED] - Delayed 2 second(s)

2018-12-11 13:55:06 - [TEST_STEP][PASSED] - Statement - Try: null

2018-12-11 13:55:06 - [TEST_STEP][PASSED] - Statement - Checker = com.kms.katalon.core.webui.keyword.WebUiBuiltInKeywords.verifyElementNotPresent("Final Object Repo/Landing Page/Select to English", 3): null

2018-12-11 13:55:06 - [TEST_STEP][PASSED] - Statement - Catch (Exception e): null

2018-12-11 13:55:06 - [TEST_STEP][PASSED] - Statement - e.printStackTrace(): null

2018-12-11 13:55:06 - [TEST_STEP][PASSED] - click: Object: 'Object Repository/Final Object Repo/New Registration - Registration Module Pages/New Reg - OTC to RO/Special Case - All Related Objects/Expand to Search' is clicked on

2018-12-11 13:55:06 - [MESSAGE][PASSED] - Object: 'Object Repository/Final Object Repo/New Registration - Registration Module Pages/New Reg - OTC to RO/Special Case - All Related Objects/Expand to Search' is clicked on

2018-12-11 13:55:06 - [TEST_STEP][PASSED] - callTestCase: Call Test Case 'Test Cases/Final Aug 2018 - PKS Automation/Common/Reference Number Getter' successfully

2018-12-11 13:55:06 - [TEST_CASE][PASSED] - Test Cases/Final Aug 2018 - PKS Automation/Common/Reference Number Getter: Test Cases/Final Aug 2018 - PKS Automation/Common/Reference Number Getter

2018-12-11 13:55:06 - [TEST_STEP][PASSED] - Statement - Try: null

2018-12-11 13:55:06 - [TEST_STEP][PASSED] - Statement - RefNo = new java.io.File(C://Users//Admin//Desktop//PKS//Automation Reference Point//KatalonReference.txt): null

2018-12-11 13:55:06 - [TEST_STEP][PASSED] - Statement - bufferread = new java.io.BufferedReader(new java.io.FileReader(RefNo)): null

2018-12-11 13:55:06 - [TEST_STEP][PASSED] - Statement - readedVal = bufferread.readLine(): null

2018-12-11 13:55:06 - [TEST_STEP][PASSED] - Statement - out.println(CaseReferenceNo): null

2018-12-11 13:55:06 - [TEST_STEP][PASSED] - Statement - out.println(readedVal): null

2018-12-11 13:55:06 - [TEST_STEP][PASSED] - Statement - CaseReferenceNo = "": null

2018-12-11 13:55:06 - [TEST_STEP][PASSED] - Statement - CaseReferenceNo = readedVal: null

2018-12-11 13:55:06 - [MESSAGE][PASSED] - Call Test Case 'Test Cases/Final Aug 2018 - PKS Automation/Common/Reference Number Getter' successfully

2018-12-11 13:55:06 - [TEST_STEP][PASSED] - setText: Text 'CRN12201800123170' is set on object 'Object Repository/Final Object Repo/New Registration - Registration Module Pages/New Reg - OTC to RO/Special Case - All Related Objects/TextBox RefNo in Workbasket'

2018-12-11 13:55:07 - [MESSAGE][PASSED] - Text 'CRN12201800123170' is set on object 'Object Repository/Final Object Repo/New Registration - Registration Module Pages/New Reg - OTC to RO/Special Case - All Related Objects/TextBox RefNo in Workbasket'

2018-12-11 13:55:07 - [TEST_STEP][PASSED] - delay: Delayed 2 second(s)

2018-12-11 13:55:09 - [MESSAGE][PASSED] - Delayed 2 second(s)

2018-12-11 13:55:09 - [TEST_STEP][PASSED] - click: Object: 'Object Repository/Final Object Repo/New Registration - Registration Module Pages/New Reg - OTC to RO/Special Case - All Related Objects/Click Search' is clicked on

2018-12-11 13:55:09 - [MESSAGE][PASSED] - Object: 'Object Repository/Final Object Repo/New Registration - Registration Module Pages/New Reg - OTC to RO/Special Case - All Related Objects/Click Search' is clicked on

2018-12-11 13:55:09 - [TEST_STEP][PASSED] - delay: Delayed 2 second(s)

2018-12-11 13:55:11 - [MESSAGE][PASSED] - Delayed 2 second(s)

2018-12-11 13:55:11 - [TEST_STEP][PASSED] - click: Object: 'Object Repository/Final Object Repo/New Registration - Registration Module Pages/New Reg - OTC to RO/Special Case - All Related Objects/Click to Continue Workflow' is clicked on

2018-12-11 13:55:14 - [MESSAGE][PASSED] - Object: 'Object Repository/Final Object Repo/New Registration - Registration Module Pages/New Reg - OTC to RO/Special Case - All Related Objects/Click to Continue Workflow' is clicked on

2018-12-11 13:55:14 - [TEST_STEP][PASSED] - delay: Delayed 2 second(s)

2018-12-11 13:55:16 - [MESSAGE][PASSED] - Delayed 2 second(s)

2018-12-11 13:55:16 - [TEST_STEP][PASSED] - click: Object: 'Object Repository/Final Object Repo/New Registration - Registration Module Pages/New Reg - OTC to RO/Special Case - All Related Objects/Continue Button in verifying case' is clicked on

2018-12-11 13:55:18 - [MESSAGE][PASSED] - Object: 'Object Repository/Final Object Repo/New Registration - Registration Module Pages/New Reg - OTC to RO/Special Case - All Related Objects/Continue Button in verifying case' is clicked on

2018-12-11 13:55:18 - [TEST_STEP][PASSED] - delay: Delayed 2 second(s)

2018-12-11 13:55:20 - [MESSAGE][PASSED] - Delayed 2 second(s)

2018-12-11 13:55:20 - [TEST_STEP][PASSED] - click: Object: 'Object Repository/Final Object Repo/New Registration - Registration Module Pages/New Reg - OTC to RO/Special Case - All Related Objects/Form 1 Save n Continue' is clicked on

2018-12-11 13:55:20 - [MESSAGE][PASSED] - Object: 'Object Repository/Final Object Repo/New Registration - Registration Module Pages/New Reg - OTC to RO/Special Case - All Related Objects/Form 1 Save n Continue' is clicked on

2018-12-11 13:55:20 - [TEST_STEP][PASSED] - delay: Delayed 2 second(s)

2018-12-11 13:55:22 - [MESSAGE][PASSED] - Delayed 2 second(s)

2018-12-11 13:55:22 - [TEST_STEP][PASSED] - click: Object: 'Object Repository/Final Object Repo/New Registration - Registration Module Pages/New Reg - OTC to RO/Special Case - All Related Objects/Form 2 Save n Continue' is clicked on

2018-12-11 13:55:23 - [MESSAGE][PASSED] - Object: 'Object Repository/Final Object Repo/New Registration - Registration Module Pages/New Reg - OTC to RO/Special Case - All Related Objects/Form 2 Save n Continue' is clicked on

2018-12-11 13:55:23 - [TEST_STEP][PASSED] - delay: Delayed 2 second(s)

2018-12-11 13:55:25 - [MESSAGE][PASSED] - Delayed 2 second(s)

2018-12-11 13:55:25 - [TEST_STEP][PASSED] - click: Object: 'Object Repository/Final Object Repo/New Registration - Registration Module Pages/New Reg - OTC to RO/Special Case - All Related Objects/Third Screen Save n Continue' is clicked on

2018-12-11 13:55:30 - [MESSAGE][PASSED] - Object: 'Object Repository/Final Object Repo/New Registration - Registration Module Pages/New Reg - OTC to RO/Special Case - All Related Objects/Third Screen Save n Continue' is clicked on

2018-12-11 13:55:30 - [TEST_STEP][PASSED] - delay: Delayed 5 second(s)

2018-12-11 13:55:35 - [MESSAGE][PASSED] - Delayed 5 second(s)

2018-12-11 13:55:35 - [TEST_STEP][PASSED] - click: Object: 'Object Repository/Final Object Repo/New Registration - Registration Module Pages/New Reg - OTC to RO/Special Case - All Related Objects/Upload Doc Page Save n Continue' is clicked on

2018-12-11 13:55:35 - [MESSAGE][PASSED] - Object: 'Object Repository/Final Object Repo/New Registration - Registration Module Pages/New Reg - OTC to RO/Special Case - All Related Objects/Upload Doc Page Save n Continue' is clicked on

2018-12-11 13:55:35 - [TEST_STEP][PASSED] - delay: Delayed 5 second(s)

2018-12-11 13:55:40 - [MESSAGE][PASSED] - Delayed 5 second(s)

2018-12-11 13:55:40 - [TEST_STEP][PASSED] - callTestCase: Call Test Case 'Test Cases/Final Aug 2018 - PKS Automation/Registration Module/New Registration/Submit and Screenshot/Submit Registration and Screenshot' successfully

2018-12-11 13:55:40 - [TEST_CASE][PASSED] - Test Cases/Final Aug 2018 - PKS Automation/Registration Module/New Registration/Submit and Screenshot/Submit Registration and Screenshot: Test Cases/Final Aug 2018 - PKS Automation/Registration Module/New Registration/Submit and Screenshot/Submit Registration and Screenshot

2018-12-11 13:55:40 - [TEST_STEP][PASSED] - delay: Delayed 6 second(s)

2018-12-11 13:55:46 - [MESSAGE][PASSED] - Delayed 6 second(s)

2018-12-11 13:55:46 - [TEST_STEP][PASSED] - click: Object: 'Object Repository/Final Object Repo/New Registration - Registration Module Pages/Third Screen - Upload Supporting Doc- Preview/Preview Submit Button' is clicked on

2018-12-11 13:55:47 - [MESSAGE][PASSED] - Object: 'Object Repository/Final Object Repo/New Registration - Registration Module Pages/Third Screen - Upload Supporting Doc- Preview/Preview Submit Button' is clicked on

2018-12-11 13:55:47 - [TEST_STEP][PASSED] - delay: Delayed 2 second(s)

2018-12-11 13:55:49 - [MESSAGE][PASSED] - Delayed 2 second(s)

2018-12-11 13:55:49 - [TEST_STEP][PASSED] - click: Object: 'Object Repository/Final Object Repo/New Registration - Registration Module Pages/Third Screen - Upload Supporting Doc- Preview/Preview Submit - Confirm' is clicked on

2018-12-11 13:55:49 - [MESSAGE][PASSED] - Object: 'Object Repository/Final Object Repo/New Registration - Registration Module Pages/Third Screen - Upload Supporting Doc- Preview/Preview Submit - Confirm' is clicked on

2018-12-11 13:55:49 - [TEST_STEP][PASSED] - delay: Delayed 15 second(s)

2018-12-11 13:56:04 - [MESSAGE][PASSED] - Delayed 15 second(s)

2018-12-11 13:56:04 - [TEST_STEP][PASSED] - Statement - driver = com.kms.katalon.core.webui.driver.DriverFactory.getWebDriver(): null

2018-12-11 13:56:04 - [TEST_STEP][PASSED] - Statement - driver.manage().timeouts().implicitlyWait(10, SECONDS): null

2018-12-11 13:56:04 - [TEST_STEP][PASSED] - Statement - PresavePath = KatalonScreenshots: null

2018-12-11 13:56:04 - [TEST_STEP][PASSED] - Statement - pathPrefix = "C:\Users\Public\Pictures\Sample Pictures\Katalon Screenshots\Automate Ending Screen": null

2018-12-11 13:56:04 - [TEST_STEP][PASSED] - Statement - finalPath = <not implemented yet for class: org.codehaus.groovy.ast.expr.EmptyExpression>: null

2018-12-11 13:56:04 - [TEST_STEP][PASSED] - Statement - scrFile = driver.getScreenshotAs(FILE): null

2018-12-11 13:56:04 - [TEST_STEP][PASSED] - Statement - PreSaveFile = new java.io.File(PresavePath): null

2018-12-11 13:56:04 - [TEST_STEP][PASSED] - Statement - counter = 0: null

2018-12-11 13:56:04 - [TEST_STEP][PASSED] - Statement - If (PreSaveFile.exists()): null

2018-12-11 13:56:04 - [TEST_STEP][PASSED] - Statement - While (PreSaveFile.exists()): null

2018-12-11 13:56:04 - [TEST_STEP][PASSED] - Statement - counter = counter + 1: null

2018-12-11 13:56:04 - [TEST_STEP][PASSED] - Statement - PreSaveFile = new java.io.File(((pathPrefix + java.lang.Integer.toString(counter)) + .png)): null

2018-12-11 13:56:04 - [TEST_STEP][PASSED] - Statement - counter = counter + 1: null

2018-12-11 13:56:04 - [TEST_STEP][PASSED] - Statement - PreSaveFile = new java.io.File(((pathPrefix + java.lang.Integer.toString(counter)) + .png)): null

2018-12-11 13:56:04 - [TEST_STEP][PASSED] - Statement - counter = counter + 1: null

2018-12-11 13:56:04 - [TEST_STEP][PASSED] - Statement - PreSaveFile = new java.io.File(((pathPrefix + java.lang.Integer.toString(counter)) + .png)): null

2018-12-11 13:56:04 - [TEST_STEP][PASSED] - Statement - counter = counter + 1: null

2018-12-11 13:56:04 - [TEST_STEP][PASSED] - Statement - PreSaveFile = new java.io.File(((pathPrefix + java.lang.Integer.toString(counter)) + .png)): null

2018-12-11 13:56:04 - [TEST_STEP][PASSED] - Statement - counter = counter + 1: null

2018-12-11 13:56:04 - [TEST_STEP][PASSED] - Statement - PreSaveFile = new java.io.File(((pathPrefix + java.lang.Integer.toString(counter)) + .png)): null

2018-12-11 13:56:04 - [TEST_STEP][PASSED] - Statement - counter = counter + 1: null

2018-12-11 13:56:04 - [TEST_STEP][PASSED] - Statement - PreSaveFile = new java.io.File(((pathPrefix + java.lang.Integer.toString(counter)) + .png)): null

2018-12-11 13:56:04 - [TEST_STEP][PASSED] - Statement - counter = counter + 1: null

2018-12-11 13:56:04 - [TEST_STEP][PASSED] - Statement - PreSaveFile = new java.io.File(((pathPrefix + java.lang.Integer.toString(counter)) + .png)): null

2018-12-11 13:56:04 - [TEST_STEP][PASSED] - Statement - counter = counter + 1: null

2018-12-11 13:56:04 - [TEST_STEP][PASSED] - Statement - PreSaveFile = new java.io.File(((pathPrefix + java.lang.Integer.toString(counter)) + .png)): null

2018-12-11 13:56:04 - [TEST_STEP][PASSED] - Statement - counter = counter + 1: null

2018-12-11 13:56:04 - [TEST_STEP][PASSED] - Statement - PreSaveFile = new java.io.File(((pathPrefix + java.lang.Integer.toString(counter)) + .png)): null

2018-12-11 13:56:04 - [TEST_STEP][PASSED] - Statement - counter = counter + 1: null

2018-12-11 13:56:04 - [TEST_STEP][PASSED] - Statement - PreSaveFile = new java.io.File(((pathPrefix + java.lang.Integer.toString(counter)) + .png)): null

2018-12-11 13:56:04 - [TEST_STEP][PASSED] - Statement - counter = counter + 1: null

2018-12-11 13:56:04 - [TEST_STEP][PASSED] - Statement - PreSaveFile = new java.io.File(((pathPrefix + java.lang.Integer.toString(counter)) + .png)): null

2018-12-11 13:56:04 - [TEST_STEP][PASSED] - Statement - counter = counter + 1: null

2018-12-11 13:56:04 - [TEST_STEP][PASSED] - Statement - PreSaveFile = new java.io.File(((pathPrefix + java.lang.Integer.toString(counter)) + .png)): null

2018-12-11 13:56:04 - [TEST_STEP][PASSED] - Statement - counter = counter + 1: null

2018-12-11 13:56:04 - [TEST_STEP][PASSED] - Statement - PreSaveFile = new java.io.File(((pathPrefix + java.lang.Integer.toString(counter)) + .png)): null

2018-12-11 13:56:04 - [TEST_STEP][PASSED] - Statement - counter = counter + 1: null

2018-12-11 13:56:04 - [TEST_STEP][PASSED] - Statement - PreSaveFile = new java.io.File(((pathPrefix + java.lang.Integer.toString(counter)) + .png)): null

2018-12-11 13:56:04 - [TEST_STEP][PASSED] - Statement - counter = counter + 1: null

2018-12-11 13:56:04 - [TEST_STEP][PASSED] - Statement - PreSaveFile = new java.io.File(((pathPrefix + java.lang.Integer.toString(counter)) + .png)): null

2018-12-11 13:56:04 - [TEST_STEP][PASSED] - Statement - counter = counter + 1: null

2018-12-11 13:56:04 - [TEST_STEP][PASSED] - Statement - PreSaveFile = new java.io.File(((pathPrefix + java.lang.Integer.toString(counter)) + .png)): null

2018-12-11 13:56:04 - [TEST_STEP][PASSED] - Statement - counter = counter + 1: null

2018-12-11 13:56:04 - [TEST_STEP][PASSED] - Statement - PreSaveFile = new java.io.File(((pathPrefix + java.lang.Integer.toString(counter)) + .png)): null

2018-12-11 13:56:04 - [TEST_STEP][PASSED] - Statement - counter = counter + 1: null

2018-12-11 13:56:04 - [TEST_STEP][PASSED] - Statement - PreSaveFile = new java.io.File(((pathPrefix + java.lang.Integer.toString(counter)) + .png)): null

2018-12-11 13:56:04 - [TEST_STEP][PASSED] - Statement - counter = counter + 1: null

2018-12-11 13:56:04 - [TEST_STEP][PASSED] - Statement - PreSaveFile = new java.io.File(((pathPrefix + java.lang.Integer.toString(counter)) + .png)): null

2018-12-11 13:56:04 - [TEST_STEP][PASSED] - Statement - counter = counter + 1: null

2018-12-11 13:56:04 - [TEST_STEP][PASSED] - Statement - PreSaveFile = new java.io.File(((pathPrefix + java.lang.Integer.toString(counter)) + .png)): null

2018-12-11 13:56:04 - [TEST_STEP][PASSED] - Statement - counter = counter + 1: null

2018-12-11 13:56:04 - [TEST_STEP][PASSED] - Statement - PreSaveFile = new java.io.File(((pathPrefix + java.lang.Integer.toString(counter)) + .png)): null

2018-12-11 13:56:04 - [TEST_STEP][PASSED] - Statement - counter = counter + 1: null

2018-12-11 13:56:04 - [TEST_STEP][PASSED] - Statement - PreSaveFile = new java.io.File(((pathPrefix + java.lang.Integer.toString(counter)) + .png)): null

2018-12-11 13:56:04 - [TEST_STEP][PASSED] - Statement - counter = counter + 1: null

2018-12-11 13:56:04 - [TEST_STEP][PASSED] - Statement - PreSaveFile = new java.io.File(((pathPrefix + java.lang.Integer.toString(counter)) + .png)): null

2018-12-11 13:56:04 - [TEST_STEP][PASSED] - Statement - counter = counter + 1: null

2018-12-11 13:56:04 - [TEST_STEP][PASSED] - Statement - PreSaveFile = new java.io.File(((pathPrefix + java.lang.Integer.toString(counter)) + .png)): null

2018-12-11 13:56:04 - [TEST_STEP][PASSED] - Statement - counter = counter + 1: null

2018-12-11 13:56:04 - [TEST_STEP][PASSED] - Statement - PreSaveFile = new java.io.File(((pathPrefix + java.lang.Integer.toString(counter)) + .png)): null

2018-12-11 13:56:04 - [TEST_STEP][PASSED] - Statement - counter = counter + 1: null

2018-12-11 13:56:04 - [TEST_STEP][PASSED] - Statement - PreSaveFile = new java.io.File(((pathPrefix + java.lang.Integer.toString(counter)) + .png)): null

2018-12-11 13:56:04 - [TEST_STEP][PASSED] - Statement - counter = counter + 1: null

2018-12-11 13:56:04 - [TEST_STEP][PASSED] - Statement - PreSaveFile = new java.io.File(((pathPrefix + java.lang.Integer.toString(counter)) + .png)): null

2018-12-11 13:56:04 - [TEST_STEP][PASSED] - Statement - counter = counter + 1: null

2018-12-11 13:56:04 - [TEST_STEP][PASSED] - Statement - PreSaveFile = new java.io.File(((pathPrefix + java.lang.Integer.toString(counter)) + .png)): null

2018-12-11 13:56:04 - [TEST_STEP][PASSED] - Statement - counter = counter + 1: null

2018-12-11 13:56:04 - [TEST_STEP][PASSED] - Statement - PreSaveFile = new java.io.File(((pathPrefix + java.lang.Integer.toString(counter)) + .png)): null

2018-12-11 13:56:04 - [TEST_STEP][PASSED] - Statement - counter = counter + 1: null

2018-12-11 13:56:04 - [TEST_STEP][PASSED] - Statement - PreSaveFile = new java.io.File(((pathPrefix + java.lang.Integer.toString(counter)) + .png)): null

2018-12-11 13:56:04 - [TEST_STEP][PASSED] - Statement - counter = counter + 1: null

2018-12-11 13:56:04 - [TEST_STEP][PASSED] - Statement - PreSaveFile = new java.io.File(((pathPrefix + java.lang.Integer.toString(counter)) + .png)): null

2018-12-11 13:56:04 - [TEST_STEP][PASSED] - Statement - counter = counter + 1: null

2018-12-11 13:56:04 - [TEST_STEP][PASSED] - Statement - PreSaveFile = new java.io.File(((pathPrefix + java.lang.Integer.toString(counter)) + .png)): null

2018-12-11 13:56:04 - [TEST_STEP][PASSED] - Statement - counter = counter + 1: null

2018-12-11 13:56:04 - [TEST_STEP][PASSED] - Statement - PreSaveFile = new java.io.File(((pathPrefix + java.lang.Integer.toString(counter)) + .png)): null

2018-12-11 13:56:04 - [TEST_STEP][PASSED] - Statement - counter = counter + 1: null

2018-12-11 13:56:04 - [TEST_STEP][PASSED] - Statement - PreSaveFile = new java.io.File(((pathPrefix + java.lang.Integer.toString(counter)) + .png)): null

2018-12-11 13:56:04 - [TEST_STEP][PASSED] - Statement - counter = counter + 1: null

2018-12-11 13:56:04 - [TEST_STEP][PASSED] - Statement - PreSaveFile = new java.io.File(((pathPrefix + java.lang.Integer.toString(counter)) + .png)): null

2018-12-11 13:56:04 - [TEST_STEP][PASSED] - Statement - counter = counter + 1: null

2018-12-11 13:56:04 - [TEST_STEP][PASSED] - Statement - PreSaveFile = new java.io.File(((pathPrefix + java.lang.Integer.toString(counter)) + .png)): null

2018-12-11 13:56:04 - [TEST_STEP][PASSED] - Statement - counter = counter + 1: null

2018-12-11 13:56:04 - [TEST_STEP][PASSED] - Statement - PreSaveFile = new java.io.File(((pathPrefix + java.lang.Integer.toString(counter)) + .png)): null

2018-12-11 13:56:04 - [TEST_STEP][PASSED] - Statement - counter = counter + 1: null

2018-12-11 13:56:04 - [TEST_STEP][PASSED] - Statement - PreSaveFile = new java.io.File(((pathPrefix + java.lang.Integer.toString(counter)) + .png)): null

2018-12-11 13:56:04 - [TEST_STEP][PASSED] - Statement - counter = counter + 1: null

2018-12-11 13:56:04 - [TEST_STEP][PASSED] - Statement - PreSaveFile = new java.io.File(((pathPrefix + java.lang.Integer.toString(counter)) + .png)): null

2018-12-11 13:56:04 - [TEST_STEP][PASSED] - Statement - counter = counter + 1: null

2018-12-11 13:56:04 - [TEST_STEP][PASSED] - Statement - PreSaveFile = new java.io.File(((pathPrefix + java.lang.Integer.toString(counter)) + .png)): null

2018-12-11 13:56:04 - [TEST_STEP][PASSED] - Statement - counter = counter + 1: null

2018-12-11 13:56:04 - [TEST_STEP][PASSED] - Statement - PreSaveFile = new java.io.File(((pathPrefix + java.lang.Integer.toString(counter)) + .png)): null

2018-12-11 13:56:04 - [TEST_STEP][PASSED] - Statement - counter = counter + 1: null

2018-12-11 13:56:04 - [TEST_STEP][PASSED] - Statement - PreSaveFile = new java.io.File(((pathPrefix + java.lang.Integer.toString(counter)) + .png)): null

2018-12-11 13:56:04 - [TEST_STEP][PASSED] - Statement - counter = counter + 1: null

2018-12-11 13:56:04 - [TEST_STEP][PASSED] - Statement - PreSaveFile = new java.io.File(((pathPrefix + java.lang.Integer.toString(counter)) + .png)): null

2018-12-11 13:56:04 - [TEST_STEP][PASSED] - Statement - counter = counter + 1: null

2018-12-11 13:56:04 - [TEST_STEP][PASSED] - Statement - PreSaveFile = new java.io.File(((pathPrefix + java.lang.Integer.toString(counter)) + .png)): null

2018-12-11 13:56:04 - [TEST_STEP][PASSED] - Statement - counter = counter + 1: null

2018-12-11 13:56:04 - [TEST_STEP][PASSED] - Statement - PreSaveFile = new java.io.File(((pathPrefix + java.lang.Integer.toString(counter)) + .png)): null

2018-12-11 13:56:04 - [TEST_STEP][PASSED] - Statement - finalPath = pathPrefix + java.lang.Integer.toString(counter) + ".png": null

2018-12-11 13:56:04 - [TEST_STEP][PASSED] - Statement - SaveFile = new java.io.File(finalPath): null

2018-12-11 13:56:04 - [TEST_STEP][PASSED] - Statement - Try: null

2018-12-11 13:56:04 - [TEST_STEP][PASSED] - Statement - org.apache.commons.io.FileUtils.copyFile(scrFile, SaveFile): null

2018-12-11 13:56:04 - [TEST_STEP][PASSED] - Statement - out.println("file kept"): null

2018-12-11 13:56:04 - [TEST_STEP][PASSED] - delay: Delayed 10 second(s)

2018-12-11 13:56:14 - [MESSAGE][PASSED] - Delayed 10 second(s)

2018-12-11 13:56:14 - [MESSAGE][PASSED] - Call Test Case 'Test Cases/Final Aug 2018 - PKS Automation/Registration Module/New Registration/Submit and Screenshot/Submit Registration and Screenshot' successfully]]></system-out>
         <system-err><![CDATA[2018-12-11 13:46:41 - [TEST_CASE][FAILED] - Test Cases/Final Aug 2018 - PKS Automation/Registration Module/Workflow/New Registration/Case PKR BO to RO - Query - Submit: Test Cases/Final Aug 2018 - PKS Automation/Registration Module/Workflow/New Registration/Case PKR BO to RO - Query - Submit FAILED because (of) (Stack trace: com.kms.katalon.core.exception.StepFailedException: Unable to click on object 'Object Repository/Final Object Repo/New Registration - Registration Module Pages/New Reg - OTC to RO/Special Case - All Related Objects/Pending Case Exit' (Root cause: org.openqa.selenium.StaleElementReferenceException: stale element reference: element is not attached to the page document
  (Session info: chrome=70.0.3538.110)
  (Driver info: chromedriver=2.43.600210 (68dcf5eebde37173d4027fa8635e332711d2874a),platform=Windows NT 6.1.7601 SP1 x86_64) (WARNING: The server did not provide any stacktrace information)
Command duration or timeout: 0 milliseconds
For documentation on this error, please visit: http://seleniumhq.org/exceptions/stale_element_reference.html
Build info: version: '3.7.1', revision: '8a0099a', time: '2017-11-06T21:07:36.161Z'
System info: host: 'WIN7TEST02', ip: '10.20.3.72', os.name: 'Windows 7', os.arch: 'amd64', os.version: '6.1', java.version: '1.8.0_181'
Driver info: com.kms.katalon.selenium.driver.CChromeDriver
Capabilities {acceptInsecureCerts: false, acceptSslCerts: false, applicationCacheEnabled: false, browserConnectionEnabled: false, browserName: chrome, chrome: {chromedriverVersion: 2.43.600210 (68dcf5eebde371..., userDataDir: C:\Users\Admin\AppData\Loca...}, cssSelectorsEnabled: true, databaseEnabled: false, goog:chromeOptions: {debuggerAddress: localhost:57086}, handlesAlerts: true, hasTouchScreen: false, javascriptEnabled: true, locationContextEnabled: true, mobileEmulationEnabled: false, nativeEvents: true, networkConnectionEnabled: false, pageLoadStrategy: normal, platform: XP, platformName: XP, rotatable: false, setWindowRect: true, takesHeapSnapshot: true, takesScreenshot: true, unexpectedAlertBehaviour: , unhandledPromptBehavior: , version: 70.0.3538.110, webStorageEnabled: true}
Session ID: e422cb9eb852572083eac22b9f386810)
	at com.kms.katalon.core.keyword.internal.KeywordMain.stepFailed(KeywordMain.groovy:32)
	at com.kms.katalon.core.webui.keyword.internal.WebUIKeywordMain.stepFailed(WebUIKeywordMain.groovy:65)
	at com.kms.katalon.core.webui.keyword.internal.WebUIKeywordMain.runKeyword(WebUIKeywordMain.groovy:27)
	at com.kms.katalon.core.webui.keyword.builtin.ClickKeyword.click(ClickKeyword.groovy:86)
	at com.kms.katalon.core.webui.keyword.builtin.ClickKeyword.execute(ClickKeyword.groovy:67)
	at com.kms.katalon.core.keyword.internal.KeywordExecutor.executeKeywordForPlatform(KeywordExecutor.groovy:53)
	at com.kms.katalon.core.webui.keyword.WebUiBuiltInKeywords.click(WebUiBuiltInKeywords.groovy:616)
	at com.kms.katalon.core.webui.keyword.WebUiBuiltInKeywords$click$2.call(Unknown Source)
	at org.codehaus.groovy.runtime.callsite.CallSiteArray.defaultCall(CallSiteArray.java:48)
	at org.codehaus.groovy.runtime.callsite.AbstractCallSite.call(AbstractCallSite.java:113)
	at org.codehaus.groovy.runtime.callsite.AbstractCallSite.call(AbstractCallSite.java:125)
	at Script1535619019036.run(Script1535619019036.groovy:192)
	at com.kms.katalon.core.main.ScriptEngine.run(ScriptEngine.java:183)
	at com.kms.katalon.core.main.ScriptEngine.runScriptAsRawText(ScriptEngine.java:108)
	at com.kms.katalon.core.main.TestCaseExecutor.runScript(TestCaseExecutor.java:294)
	at com.kms.katalon.core.main.TestCaseExecutor.doExecute(TestCaseExecutor.java:285)
	at com.kms.katalon.core.main.TestCaseExecutor.processExecutionPhase(TestCaseExecutor.java:264)
	at com.kms.katalon.core.main.TestCaseExecutor.accessMainPhase(TestCaseExecutor.java:256)
	at com.kms.katalon.core.main.TestCaseExecutor.execute(TestCaseExecutor.java:200)
	at com.kms.katalon.core.main.TestSuiteExecutor.accessTestCaseMainPhase(TestSuiteExecutor.java:129)
	at com.kms.katalon.core.main.TestSuiteExecutor.accessTestSuiteMainPhase(TestSuiteExecutor.java:112)
	at com.kms.katalon.core.main.TestSuiteExecutor.execute(TestSuiteExecutor.java:81)
	at com.kms.katalon.core.main.TestCaseMain.startTestSuite(TestCaseMain.java:142)
	at com.kms.katalon.core.main.TestCaseMain$startTestSuite$0.call(Unknown Source)
	at org.codehaus.groovy.runtime.callsite.CallSiteArray.defaultCall(CallSiteArray.java:48)
	at org.codehaus.groovy.runtime.callsite.AbstractCallSite.call(AbstractCallSite.java:113)
	at org.codehaus.groovy.runtime.callsite.AbstractCallSite.call(AbstractCallSite.java:141)
	at TempTestSuite1544497307528.run(TempTestSuite1544497307528.groovy:36)
	at groovy.lang.GroovyShell.runScriptOrMainOrTestOrRunnable(GroovyShell.java:263)
	at groovy.lang.GroovyShell.run(GroovyShell.java:518)
	at groovy.lang.GroovyShell.run(GroovyShell.java:507)
	at groovy.ui.GroovyMain.processOnce(GroovyMain.java:653)
	at groovy.ui.GroovyMain.run(GroovyMain.java:384)
	at groovy.ui.GroovyMain.process(GroovyMain.java:370)
	at groovy.ui.GroovyMain.processArgs(GroovyMain.java:129)
	at groovy.ui.GroovyMain.main(GroovyMain.java:109)
	at sun.reflect.NativeMethodAccessorImpl.invoke0(Native Method)
	at sun.reflect.NativeMethodAccessorImpl.invoke(NativeMethodAccessorImpl.java:62)
	at sun.reflect.DelegatingMethodAccessorImpl.invoke(DelegatingMethodAccessorImpl.java:43)
	at java.lang.reflect.Method.invoke(Method.java:498)
	at org.codehaus.groovy.tools.GroovyStarter.rootLoader(GroovyStarter.java:109)
	at org.codehaus.groovy.tools.GroovyStarter.main(GroovyStarter.java:131)
)]]></system-err>
      </testcase>
      <testcase name="Test Cases/Final Aug 2018 - PKS Automation/Registration Module/Workflow/New Registration/Case PKR BO to RO - RO Submit" classname="Test Cases/Final Aug 2018 - PKS Automation/Registration Module/Workflow/New Registration/Case PKR BO to RO - RO Submit" status="PASSED">
         <system-out><![CDATA[2018-12-11 13:56:14 - [TEST_CASE][PASSED] - Test Cases/Final Aug 2018 - PKS Automation/Registration Module/Workflow/New Registration/Case PKR BO to RO - RO Submit: Test Cases/Final Aug 2018 - PKS Automation/Registration Module/Workflow/New Registration/Case PKR BO to RO - RO Submit

2018-12-11 13:56:15 - [TEST_STEP][PASSED] - callTestCase: Call Test Case 'Test Cases/Final Aug 2018 - PKS Automation/Registration Module/Workflow/New Registration/Template/Special Case - PKR BO - Form 1' successfully

2018-12-11 13:56:15 - [TEST_CASE][PASSED] - Test Cases/Final Aug 2018 - PKS Automation/Registration Module/Workflow/New Registration/Template/Special Case - PKR BO - Form 1: Test Cases/Final Aug 2018 - PKS Automation/Registration Module/Workflow/New Registration/Template/Special Case - PKR BO - Form 1

2018-12-11 13:56:15 - [TEST_STEP][PASSED] - openBrowser: Browser is opened with url: ''

2018-12-11 13:56:15 - [MESSAGE][WARNING] - A browser is already opened. Closing browser and opening a new one

2018-12-11 13:56:19 - [MESSAGE][PASSED] - Browser is opened with url: ''

2018-12-11 13:56:19 - [TEST_STEP][PASSED] - navigateToUrl: Navigate to 'https://assist2-uat.perkeso.gov.my/login' successfully

2018-12-11 13:56:20 - [MESSAGE][PASSED] - Navigate to 'https://assist2-uat.perkeso.gov.my/login' successfully

2018-12-11 13:56:20 - [TEST_STEP][PASSED] - delay: Delayed 2 second(s)

2018-12-11 13:56:22 - [MESSAGE][PASSED] - Delayed 2 second(s)

2018-12-11 13:56:22 - [TEST_STEP][PASSED] - setText: Text 'klpkrbo2@gmail.com' is set on object 'Object Repository/Final Object Repo/Login Page/Internal User/Email Address'

2018-12-11 13:56:23 - [MESSAGE][PASSED] - Text 'klpkrbo2@gmail.com' is set on object 'Object Repository/Final Object Repo/Login Page/Internal User/Email Address'

2018-12-11 13:56:23 - [TEST_STEP][PASSED] - click: Object: 'Object Repository/Final Object Repo/Login Page/Internal User/Next Button' is clicked on

2018-12-11 13:56:23 - [MESSAGE][PASSED] - Object: 'Object Repository/Final Object Repo/Login Page/Internal User/Next Button' is clicked on

2018-12-11 13:56:23 - [TEST_STEP][PASSED] - delay: Delayed 2 second(s)

2018-12-11 13:56:25 - [MESSAGE][PASSED] - Delayed 2 second(s)

2018-12-11 13:56:25 - [TEST_STEP][PASSED] - setText: Text 'Test1@3456789' is set on object 'Object Repository/Final Object Repo/Login Page/Internal User/Password'

2018-12-11 13:56:25 - [MESSAGE][PASSED] - Text 'Test1@3456789' is set on object 'Object Repository/Final Object Repo/Login Page/Internal User/Password'

2018-12-11 13:56:25 - [TEST_STEP][PASSED] - delay: Delayed 2 second(s)

2018-12-11 13:56:27 - [MESSAGE][PASSED] - Delayed 2 second(s)

2018-12-11 13:56:27 - [TEST_STEP][PASSED] - click: Object: 'Object Repository/Final Object Repo/Login Page/Internal User/Login Button' is clicked on

2018-12-11 13:56:27 - [MESSAGE][PASSED] - Object: 'Object Repository/Final Object Repo/Login Page/Internal User/Login Button' is clicked on

2018-12-11 13:56:27 - [TEST_STEP][PASSED] - Statement - Try: null

2018-12-11 13:56:27 - [TEST_STEP][PASSED] - Statement - Checker = com.kms.katalon.core.webui.keyword.WebUiBuiltInKeywords.verifyElementNotPresent("Final Object Repo/Landing Page/Select to English", 3): null

2018-12-11 13:56:27 - [TEST_STEP][PASSED] - Statement - Catch (Exception e): null

2018-12-11 13:56:27 - [TEST_STEP][PASSED] - Statement - e.printStackTrace(): null

2018-12-11 13:56:27 - [TEST_STEP][PASSED] - delay: Delayed 5 second(s)

2018-12-11 13:56:32 - [MESSAGE][PASSED] - Delayed 5 second(s)

2018-12-11 13:56:32 - [TEST_STEP][PASSED] - click: Object: 'Object Repository/Final Object Repo/Landing Page/My Sites Drop Down' is clicked on

2018-12-11 13:56:33 - [MESSAGE][PASSED] - Object: 'Object Repository/Final Object Repo/Landing Page/My Sites Drop Down' is clicked on

2018-12-11 13:56:33 - [TEST_STEP][PASSED] - click: Object: 'Object Repository/Final Object Repo/Landing Page/Select to Registration Module' is clicked on

2018-12-11 13:56:33 - [MESSAGE][PASSED] - Object: 'Object Repository/Final Object Repo/Landing Page/Select to Registration Module' is clicked on

2018-12-11 13:56:33 - [TEST_STEP][PASSED] - click: Object: 'Object Repository/Final Object Repo/Landing Page/Registration Button' is clicked on

2018-12-11 13:56:35 - [MESSAGE][PASSED] - Object: 'Object Repository/Final Object Repo/Landing Page/Registration Button' is clicked on

2018-12-11 13:56:35 - [TEST_STEP][PASSED] - delay: Delayed 2 second(s)

2018-12-11 13:56:37 - [MESSAGE][PASSED] - Delayed 2 second(s)

2018-12-11 13:56:37 - [TEST_STEP][PASSED] - click: Object: 'Object Repository/Final Object Repo/New Registration - Registration Module Pages/New Reg - OTC to RO/Special Case - OTC - Form 1/AEC NO' is clicked on

2018-12-11 13:56:37 - [MESSAGE][PASSED] - Object: 'Object Repository/Final Object Repo/New Registration - Registration Module Pages/New Reg - OTC to RO/Special Case - OTC - Form 1/AEC NO' is clicked on

2018-12-11 13:56:37 - [TEST_STEP][PASSED] - click: Object: 'Object Repository/Final Object Repo/New Registration - Registration Module Pages/New Reg - OTC to RO/Special Case - OTC - Form 1/Business Entity - Please Select' is clicked on

2018-12-11 13:56:37 - [MESSAGE][PASSED] - Object: 'Object Repository/Final Object Repo/New Registration - Registration Module Pages/New Reg - OTC to RO/Special Case - OTC - Form 1/Business Entity - Please Select' is clicked on

2018-12-11 13:56:37 - [TEST_STEP][PASSED] - click: Object: 'Object Repository/Final Object Repo/New Registration - Registration Module Pages/New Reg - OTC to RO/Special Case - OTC - Form 1/Selected - Corporation' is clicked on

2018-12-11 13:56:37 - [MESSAGE][PASSED] - Object: 'Object Repository/Final Object Repo/New Registration - Registration Module Pages/New Reg - OTC to RO/Special Case - OTC - Form 1/Selected - Corporation' is clicked on

2018-12-11 13:56:37 - [TEST_STEP][PASSED] - delay: Delayed 2 second(s)

2018-12-11 13:56:39 - [MESSAGE][PASSED] - Delayed 2 second(s)

2018-12-11 13:56:39 - [TEST_STEP][PASSED] - click: Object: 'Object Repository/Final Object Repo/New Registration - Registration Module Pages/New Reg - OTC to RO/Special Case - OTC - Form 1/Sub Business Entity - Please Select' is clicked on

2018-12-11 13:56:40 - [MESSAGE][PASSED] - Object: 'Object Repository/Final Object Repo/New Registration - Registration Module Pages/New Reg - OTC to RO/Special Case - OTC - Form 1/Sub Business Entity - Please Select' is clicked on

2018-12-11 13:56:40 - [TEST_STEP][PASSED] - delay: Delayed 2 second(s)

2018-12-11 13:56:42 - [MESSAGE][PASSED] - Delayed 2 second(s)

2018-12-11 13:56:42 - [TEST_STEP][PASSED] - click: Object: 'Object Repository/Final Object Repo/New Registration - Registration Module Pages/New Reg - OTC to RO/Special Case - OTC - Form 1/Selected - Sendirian Berhad' is clicked on

2018-12-11 13:56:42 - [MESSAGE][PASSED] - Object: 'Object Repository/Final Object Repo/New Registration - Registration Module Pages/New Reg - OTC to RO/Special Case - OTC - Form 1/Selected - Sendirian Berhad' is clicked on

2018-12-11 13:56:42 - [TEST_STEP][PASSED] - setText: Text 'AUTOMATE001' is set on object 'Object Repository/Final Object Repo/New Registration - Registration Module Pages/New Reg - OTC to RO/Special Case - OTC - Form 1/Input BRN Number'

2018-12-11 13:56:42 - [MESSAGE][PASSED] - Text 'AUTOMATE001' is set on object 'Object Repository/Final Object Repo/New Registration - Registration Module Pages/New Reg - OTC to RO/Special Case - OTC - Form 1/Input BRN Number'

2018-12-11 13:56:42 - [TEST_STEP][PASSED] - delay: Delayed 2 second(s)

2018-12-11 13:56:44 - [MESSAGE][PASSED] - Delayed 2 second(s)

2018-12-11 13:56:44 - [TEST_STEP][PASSED] - click: Object: 'Object Repository/Final Object Repo/New Registration - Registration Module Pages/New Reg - OTC to RO/Special Case - OTC - Form 1/BRN Search' is clicked on

2018-12-11 13:56:45 - [MESSAGE][PASSED] - Object: 'Object Repository/Final Object Repo/New Registration - Registration Module Pages/New Reg - OTC to RO/Special Case - OTC - Form 1/BRN Search' is clicked on

2018-12-11 13:56:45 - [TEST_STEP][PASSED] - delay: Delayed 4 second(s)

2018-12-11 13:56:49 - [MESSAGE][PASSED] - Delayed 4 second(s)

2018-12-11 13:56:49 - [TEST_STEP][PASSED] - click: Object: 'Object Repository/Final Object Repo/New Registration - Registration Module Pages/New Reg - OTC to RO/Special Case - OTC - Form 1/Registered with SSM - After Feb 2017' is clicked on

2018-12-11 13:56:49 - [MESSAGE][PASSED] - Object: 'Object Repository/Final Object Repo/New Registration - Registration Module Pages/New Reg - OTC to RO/Special Case - OTC - Form 1/Registered with SSM - After Feb 2017' is clicked on

2018-12-11 13:56:49 - [TEST_STEP][PASSED] - delay: Delayed 2 second(s)

2018-12-11 13:56:51 - [MESSAGE][PASSED] - Delayed 2 second(s)

2018-12-11 13:56:51 - [TEST_STEP][PASSED] - click: Object: 'Object Repository/Final Object Repo/New Registration - Registration Module Pages/New Reg - OTC to RO/Special Case - OTC - Form 1/Registering As A Branch - No' is clicked on

2018-12-11 13:56:51 - [MESSAGE][PASSED] - Object: 'Object Repository/Final Object Repo/New Registration - Registration Module Pages/New Reg - OTC to RO/Special Case - OTC - Form 1/Registering As A Branch - No' is clicked on

2018-12-11 13:56:51 - [TEST_STEP][PASSED] - click: Object: 'Object Repository/Final Object Repo/New Registration - Registration Module Pages/New Reg - OTC to RO/Special Case - OTC - Form 1/Acknowledgement Ticked' is clicked on

2018-12-11 13:56:51 - [MESSAGE][PASSED] - Object: 'Object Repository/Final Object Repo/New Registration - Registration Module Pages/New Reg - OTC to RO/Special Case - OTC - Form 1/Acknowledgement Ticked' is clicked on

2018-12-11 13:56:51 - [TEST_STEP][PASSED] - click: Object: 'Object Repository/Final Object Repo/New Registration - Registration Module Pages/New Reg - OTC to RO/Special Case - OTC - Form 1/Submit Button' is clicked on

2018-12-11 13:56:51 - [MESSAGE][PASSED] - Object: 'Object Repository/Final Object Repo/New Registration - Registration Module Pages/New Reg - OTC to RO/Special Case - OTC - Form 1/Submit Button' is clicked on

2018-12-11 13:56:51 - [TEST_STEP][PASSED] - delay: Delayed 2 second(s)

2018-12-11 13:56:53 - [MESSAGE][PASSED] - Delayed 2 second(s)

2018-12-11 13:56:53 - [TEST_STEP][PASSED] - click: Object: 'Object Repository/Final Object Repo/New Registration - Registration Module Pages/New Reg - OTC to RO/Special Case - OTC - Form 1/Confirm No Flagging as Branch' is clicked on

2018-12-11 13:56:53 - [MESSAGE][PASSED] - Object: 'Object Repository/Final Object Repo/New Registration - Registration Module Pages/New Reg - OTC to RO/Special Case - OTC - Form 1/Confirm No Flagging as Branch' is clicked on

2018-12-11 13:56:53 - [MESSAGE][PASSED] - Call Test Case 'Test Cases/Final Aug 2018 - PKS Automation/Registration Module/Workflow/New Registration/Template/Special Case - PKR BO - Form 1' successfully

2018-12-11 13:56:53 - [TEST_STEP][PASSED] - callTestCase: Call Test Case 'Test Cases/Final Aug 2018 - PKS Automation/Registration Module/New Registration/Form 2/Add 1 Eligible' successfully

2018-12-11 13:56:53 - [TEST_CASE][PASSED] - Test Cases/Final Aug 2018 - PKS Automation/Registration Module/New Registration/Form 2/Add 1 Eligible: Test Cases/Final Aug 2018 - PKS Automation/Registration Module/New Registration/Form 2/Add 1 Eligible

2018-12-11 13:56:53 - [TEST_STEP][PASSED] - delay: Delayed 2 second(s)

2018-12-11 13:56:55 - [MESSAGE][PASSED] - Delayed 2 second(s)

2018-12-11 13:56:55 - [TEST_STEP][PASSED] - callTestCase: Call Test Case 'Test Cases/Final Aug 2018 - PKS Automation/Registration Module/New Registration/Form 2/Date Updater' successfully

2018-12-11 13:56:55 - [TEST_CASE][PASSED] - Test Cases/Final Aug 2018 - PKS Automation/Registration Module/New Registration/Form 2/Date Updater: Test Cases/Final Aug 2018 - PKS Automation/Registration Module/New Registration/Form 2/Date Updater

2018-12-11 13:56:56 - [TEST_STEP][PASSED] - Statement - TodayDate = new java.util.Date(): null

2018-12-11 13:56:56 - [TEST_STEP][PASSED] - Statement - CurrentDateNoFilter = new java.text.SimpleDateFormat(): null

2018-12-11 13:56:56 - [TEST_STEP][PASSED] - Statement - CurrentDateNoFilter.applyPattern("MM"): null

2018-12-11 13:56:56 - [TEST_STEP][PASSED] - Statement - monthContainerMatcher = java.lang.Integer.parseInt(CurrentDateNoFilter.format(TodayDate)): null

2018-12-11 13:56:56 - [TEST_STEP][PASSED] - Statement - monthContainerMatcher = monthContainerMatcher - 1: null

2018-12-11 13:56:56 - [TEST_STEP][PASSED] - Statement - CurrentMonth = monthContainerMatcher.toString(): null

2018-12-11 13:56:56 - [TEST_STEP][PASSED] - Statement - CurrentMonth = CurrentMonth: null

2018-12-11 13:56:56 - [TEST_STEP][PASSED] - Statement - CurrentDateNoFilter.applyPattern("yyyy"): null

2018-12-11 13:56:56 - [TEST_STEP][PASSED] - Statement - CurrentYear = CurrentDateNoFilter.format(TodayDate): null

2018-12-11 13:56:56 - [TEST_STEP][PASSED] - Statement - CurrentYear = CurrentYear: null

2018-12-11 13:56:56 - [TEST_STEP][PASSED] - Statement - intCurrentYear = java.lang.Integer.parseInt(CurrentDateNoFilter.format(TodayDate)): null

2018-12-11 13:56:56 - [TEST_STEP][PASSED] - Statement - eighteenYrsAgo = intCurrentYear - 18: null

2018-12-11 13:56:56 - [TEST_STEP][PASSED] - Statement - eighteenYrsBeforeThisYr = eighteenYrsAgo.toString(): null

2018-12-11 13:56:56 - [TEST_STEP][PASSED] - Statement - EighteenYrsBefore = eighteenYrsBeforeThisYr: null

2018-12-11 13:56:56 - [TEST_STEP][PASSED] - Statement - fiftysevenYrsAgo = intCurrentYear - 57: null

2018-12-11 13:56:56 - [TEST_STEP][PASSED] - Statement - fiftysevenYrsBeforeThisYr = fiftysevenYrsAgo.toString(): null

2018-12-11 13:56:56 - [TEST_STEP][PASSED] - Statement - FiftysevenYrsBefore = fiftysevenYrsBeforeThisYr: null

2018-12-11 13:56:56 - [TEST_STEP][PASSED] - Statement - leapYear = false: null

2018-12-11 13:56:56 - [TEST_STEP][PASSED] - Statement - leapYear = intCurrentYear % 4 == 0: null

2018-12-11 13:56:56 - [TEST_STEP][PASSED] - Statement - CurrentDateNoFilter.applyPattern("dd"): null

2018-12-11 13:56:56 - [TEST_STEP][PASSED] - Statement - CurrentDate = CurrentDateNoFilter.format(TodayDate): null

2018-12-11 13:56:56 - [TEST_STEP][PASSED] - Statement - CurrentDate = java.lang.Integer.parseInt(CurrentDate): null

2018-12-11 13:56:56 - [TEST_STEP][PASSED] - Statement - CurrentDate = CurrentDate: null

2018-12-11 13:56:56 - [TEST_STEP][PASSED] - Statement - CurrentDay = java.lang.Integer.parseInt(CurrentDate): null

2018-12-11 13:56:56 - [TEST_STEP][PASSED] - Statement - ConfAdder = <not implemented yet for class: org.codehaus.groovy.ast.expr.EmptyExpression>: null

2018-12-11 13:56:56 - [TEST_STEP][PASSED] - Statement - out.println(CurrentMonth): null

2018-12-11 13:56:56 - [TEST_STEP][PASSED] - Statement - out.println(CurrentDate): null

2018-12-11 13:56:56 - [TEST_STEP][PASSED] - Statement - switch (CurrentDate): null

2018-12-11 13:56:56 - [TEST_STEP][PASSED] - Statement - Default: null

2018-12-11 13:56:56 - [TEST_STEP][PASSED] - Statement - ConfAdder = true: null

2018-12-11 13:56:56 - [TEST_STEP][PASSED] - Statement - Break: null

2018-12-11 13:56:56 - [TEST_STEP][PASSED] - Statement - aDayBefore = <not implemented yet for class: org.codehaus.groovy.ast.expr.EmptyExpression>: null

2018-12-11 13:56:56 - [TEST_STEP][PASSED] - Statement - out.println(ConfAdder): null

2018-12-11 13:56:56 - [TEST_STEP][PASSED] - Statement - If (ConfAdder == true): null

2018-12-11 13:56:56 - [TEST_STEP][PASSED] - Statement - aDayBefore = CurrentDay + 1: null

2018-12-11 13:56:56 - [TEST_STEP][PASSED] - Statement - out.println(aDayBefore): null

2018-12-11 13:56:56 - [TEST_STEP][PASSED] - Statement - If (aDayBefore == 1 && CurrentMonth == 11): null

2018-12-11 13:56:56 - [TEST_STEP][PASSED] - Statement - DayBefore = aDayBefore.toString(): null

2018-12-11 13:56:56 - [TEST_STEP][PASSED] - Statement - OneDayBefore = DayBefore: null

2018-12-11 13:56:56 - [MESSAGE][PASSED] - Call Test Case 'Test Cases/Final Aug 2018 - PKS Automation/Registration Module/New Registration/Form 2/Date Updater' successfully

2018-12-11 13:56:56 - [TEST_STEP][PASSED] - delay: Delayed 1 second(s)

2018-12-11 13:56:57 - [MESSAGE][PASSED] - Delayed 1 second(s)

2018-12-11 13:56:57 - [TEST_STEP][PASSED] - Statement - CaseReferenceNo = com.kms.katalon.core.webui.keyword.WebUiBuiltInKeywords.getText(com.kms.katalon.core.testobject.ObjectRepository.findTestObject(Final Object Repo/New Registration - Registration Module Pages/Form 2/RefNo Acquiring)): Text of object 'Object Repository/Final Object Repo/New Registration - Registration Module Pages/Form 2/RefNo Acquiring' is: 'CRN12201800123171'

2018-12-11 13:56:57 - [MESSAGE][PASSED] - Text of object 'Object Repository/Final Object Repo/New Registration - Registration Module Pages/Form 2/RefNo Acquiring' is: 'CRN12201800123171'

2018-12-11 13:56:57 - [TEST_STEP][PASSED] - delay: Delayed 1 second(s)

2018-12-11 13:56:58 - [MESSAGE][PASSED] - Delayed 1 second(s)

2018-12-11 13:56:58 - [TEST_STEP][PASSED] - click: Object: 'Object Repository/Final Object Repo/New Registration - Registration Module Pages/Form 2/Add Employee Button' is clicked on

2018-12-11 13:56:58 - [MESSAGE][PASSED] - Object: 'Object Repository/Final Object Repo/New Registration - Registration Module Pages/Form 2/Add Employee Button' is clicked on

2018-12-11 13:56:58 - [TEST_STEP][PASSED] - delay: Delayed 1 second(s)

2018-12-11 13:56:59 - [MESSAGE][PASSED] - Delayed 1 second(s)

2018-12-11 13:56:59 - [TEST_STEP][PASSED] - setText: Text '010903091963' is set on object 'Object Repository/Final Object Repo/New Registration - Registration Module Pages/Form 2/NRIC Input'

2018-12-11 13:56:59 - [MESSAGE][PASSED] - Text '010903091963' is set on object 'Object Repository/Final Object Repo/New Registration - Registration Module Pages/Form 2/NRIC Input'

2018-12-11 13:56:59 - [TEST_STEP][PASSED] - click: Object: 'Object Repository/Final Object Repo/New Registration - Registration Module Pages/Form 2/button for search for IC' is clicked on

2018-12-11 13:56:59 - [MESSAGE][PASSED] - Object: 'Object Repository/Final Object Repo/New Registration - Registration Module Pages/Form 2/button for search for IC' is clicked on

2018-12-11 13:56:59 - [TEST_STEP][PASSED] - delay: Delayed 2 second(s)

2018-12-11 13:57:01 - [MESSAGE][PASSED] - Delayed 2 second(s)

2018-12-11 13:57:01 - [TEST_STEP][PASSED] - setText: Text 'Automate001 eligible 1' is set on object 'Object Repository/Final Object Repo/New Registration - Registration Module Pages/Form 2/Employee Name Input'

2018-12-11 13:57:02 - [MESSAGE][PASSED] - Text 'Automate001 eligible 1' is set on object 'Object Repository/Final Object Repo/New Registration - Registration Module Pages/Form 2/Employee Name Input'

2018-12-11 13:57:02 - [TEST_STEP][PASSED] - delay: Delayed 2 second(s)

2018-12-11 13:57:04 - [MESSAGE][PASSED] - Delayed 2 second(s)

2018-12-11 13:57:04 - [TEST_STEP][PASSED] - click: Object: 'Object Repository/Final Object Repo/New Registration - Registration Module Pages/Form 2/DatePicker Pop Up' is clicked on

2018-12-11 13:57:04 - [MESSAGE][PASSED] - Object: 'Object Repository/Final Object Repo/New Registration - Registration Module Pages/Form 2/DatePicker Pop Up' is clicked on

2018-12-11 13:57:04 - [TEST_STEP][PASSED] - click: Object: 'Object Repository/Final Object Repo/New Registration - Registration Module Pages/Form 2/DOB Month' is clicked on

2018-12-11 13:57:04 - [MESSAGE][PASSED] - Object: 'Object Repository/Final Object Repo/New Registration - Registration Module Pages/Form 2/DOB Month' is clicked on

2018-12-11 13:57:04 - [TEST_STEP][PASSED] - Statement - CurrentMonth = CurrentMonth: null

2018-12-11 13:57:04 - [TEST_STEP][PASSED] - Statement - selectMonth = new com.kms.katalon.core.testobject.TestObject(): null

2018-12-11 13:57:04 - [TEST_STEP][PASSED] - Statement - selectMonth.addProperty("xpath", EQUALS, "//body/div/div/div/select/option[@value='" + CurrentMonth + "']", true): null

2018-12-11 13:57:04 - [TEST_STEP][PASSED] - click: Object: '' is clicked on

2018-12-11 13:57:04 - [MESSAGE][PASSED] - Object: '' is clicked on

2018-12-11 13:57:04 - [TEST_STEP][PASSED] - click: Object: 'Object Repository/Final Object Repo/New Registration - Registration Module Pages/Form 2/DOB Year' is clicked on

2018-12-11 13:57:05 - [MESSAGE][PASSED] - Object: 'Object Repository/Final Object Repo/New Registration - Registration Module Pages/Form 2/DOB Year' is clicked on

2018-12-11 13:57:05 - [TEST_STEP][PASSED] - Statement - Eyearsbf = EighteenYrsBefore: null

2018-12-11 13:57:05 - [TEST_STEP][PASSED] - Statement - selectYear = new com.kms.katalon.core.testobject.TestObject(): null

2018-12-11 13:57:05 - [TEST_STEP][PASSED] - Statement - selectYear.addProperty("xpath", EQUALS, "//div/div/div/select/option[@value='" + Eyearsbf + "']", true): null

2018-12-11 13:57:05 - [TEST_STEP][PASSED] - click: Object: '' is clicked on

2018-12-11 13:57:05 - [MESSAGE][PASSED] - Object: '' is clicked on

2018-12-11 13:57:05 - [TEST_STEP][PASSED] - Statement - UpdatedSelectDate = com.kms.katalon.core.webui.keyword.WebUiBuiltInKeywords.modifyObjectProperty(com.kms.katalon.core.testobject.ObjectRepository.findTestObject(Final Object Repo/New Registration - Registration Module Pages/Form 2/DOB Date), "xpath", "equals", "//body/div/table/tbody/tr/td/a[text()="" + CurrentDate + ""]", true): Modify property of object successfully

2018-12-11 13:57:05 - [MESSAGE][PASSED] - Modify property of object successfully

2018-12-11 13:57:05 - [TEST_STEP][PASSED] - delay: Delayed 3 second(s)

2018-12-11 13:57:08 - [MESSAGE][PASSED] - Delayed 3 second(s)

2018-12-11 13:57:08 - [TEST_STEP][PASSED] - click: Object: 'Object Repository/Final Object Repo/New Registration - Registration Module Pages/Form 2/DOB Date' is clicked on

2018-12-11 13:57:08 - [MESSAGE][PASSED] - Object: 'Object Repository/Final Object Repo/New Registration - Registration Module Pages/Form 2/DOB Date' is clicked on

2018-12-11 13:57:08 - [TEST_STEP][PASSED] - delay: Delayed 2 second(s)

2018-12-11 13:57:10 - [MESSAGE][PASSED] - Delayed 2 second(s)

2018-12-11 13:57:10 - [TEST_STEP][PASSED] - click: Object: 'Object Repository/Final Object Repo/New Registration - Registration Module Pages/Form 2/EmploymentStartDate Pop Up' is clicked on

2018-12-11 13:57:10 - [MESSAGE][PASSED] - Object: 'Object Repository/Final Object Repo/New Registration - Registration Module Pages/Form 2/EmploymentStartDate Pop Up' is clicked on

2018-12-11 13:57:10 - [TEST_STEP][PASSED] - delay: Delayed 2 second(s)

2018-12-11 13:57:12 - [MESSAGE][PASSED] - Delayed 2 second(s)

2018-12-11 13:57:12 - [TEST_STEP][PASSED] - click: Object: 'Object Repository/Final Object Repo/New Registration - Registration Module Pages/Form 2/Socso Employment StartDate Month' is clicked on

2018-12-11 13:57:12 - [MESSAGE][PASSED] - Object: 'Object Repository/Final Object Repo/New Registration - Registration Module Pages/Form 2/Socso Employment StartDate Month' is clicked on

2018-12-11 13:57:12 - [TEST_STEP][PASSED] - delay: Delayed 1 second(s)

2018-12-11 13:57:13 - [MESSAGE][PASSED] - Delayed 1 second(s)

2018-12-11 13:57:13 - [TEST_STEP][PASSED] - click: Object: 'Object Repository/Final Object Repo/New Registration - Registration Module Pages/Form 2/Select Socso Employement Startdate Month' is clicked on

2018-12-11 13:57:13 - [MESSAGE][PASSED] - Object: 'Object Repository/Final Object Repo/New Registration - Registration Module Pages/Form 2/Select Socso Employement Startdate Month' is clicked on

2018-12-11 13:57:13 - [TEST_STEP][PASSED] - delay: Delayed 2 second(s)

2018-12-11 13:57:15 - [MESSAGE][PASSED] - Delayed 2 second(s)

2018-12-11 13:57:15 - [TEST_STEP][PASSED] - click: Object: 'Object Repository/Final Object Repo/New Registration - Registration Module Pages/Form 2/Socso Employment StartDate Year' is clicked on

2018-12-11 13:57:16 - [MESSAGE][PASSED] - Object: 'Object Repository/Final Object Repo/New Registration - Registration Module Pages/Form 2/Socso Employment StartDate Year' is clicked on

2018-12-11 13:57:16 - [TEST_STEP][PASSED] - delay: Delayed 1 second(s)

2018-12-11 13:57:17 - [MESSAGE][PASSED] - Delayed 1 second(s)

2018-12-11 13:57:17 - [TEST_STEP][PASSED] - click: Object: 'Object Repository/Final Object Repo/New Registration - Registration Module Pages/Form 2/Select Socso Employment Startdate Year' is clicked on

2018-12-11 13:57:17 - [MESSAGE][PASSED] - Object: 'Object Repository/Final Object Repo/New Registration - Registration Module Pages/Form 2/Select Socso Employment Startdate Year' is clicked on

2018-12-11 13:57:17 - [TEST_STEP][PASSED] - delay: Delayed 2 second(s)

2018-12-11 13:57:19 - [MESSAGE][PASSED] - Delayed 2 second(s)

2018-12-11 13:57:19 - [TEST_STEP][PASSED] - click: Object: 'Object Repository/Final Object Repo/New Registration - Registration Module Pages/Form 2/Socso Employment Start Date Day' is clicked on

2018-12-11 13:57:19 - [MESSAGE][PASSED] - Object: 'Object Repository/Final Object Repo/New Registration - Registration Module Pages/Form 2/Socso Employment Start Date Day' is clicked on

2018-12-11 13:57:19 - [TEST_STEP][PASSED] - delay: Delayed 2 second(s)

2018-12-11 13:57:21 - [MESSAGE][PASSED] - Delayed 2 second(s)

2018-12-11 13:57:21 - [TEST_STEP][PASSED] - click: Object: 'Object Repository/Final Object Repo/New Registration - Registration Module Pages/Form 2/Save Button for Add Employee' is clicked on

2018-12-11 13:57:21 - [MESSAGE][PASSED] - Object: 'Object Repository/Final Object Repo/New Registration - Registration Module Pages/Form 2/Save Button for Add Employee' is clicked on

2018-12-11 13:57:21 - [TEST_STEP][PASSED] - delay: Delayed 6 second(s)

2018-12-11 13:57:27 - [MESSAGE][PASSED] - Delayed 6 second(s)

2018-12-11 13:57:27 - [TEST_STEP][PASSED] - click: Object: 'Object Repository/Final Object Repo/New Registration - Registration Module Pages/Form 2/Save and Continue Form 2' is clicked on

2018-12-11 13:57:27 - [MESSAGE][PASSED] - Object: 'Object Repository/Final Object Repo/New Registration - Registration Module Pages/Form 2/Save and Continue Form 2' is clicked on

2018-12-11 13:57:27 - [MESSAGE][PASSED] - Call Test Case 'Test Cases/Final Aug 2018 - PKS Automation/Registration Module/New Registration/Form 2/Add 1 Eligible' successfully

2018-12-11 13:57:27 - [TEST_STEP][PASSED] - callTestCase: Call Test Case 'Test Cases/Final Aug 2018 - PKS Automation/Registration Module/New Registration/Flow of New Registration/Third Screen - Upload Supporting Doc - Preview' successfully

2018-12-11 13:57:27 - [TEST_CASE][PASSED] - Test Cases/Final Aug 2018 - PKS Automation/Registration Module/New Registration/Flow of New Registration/Third Screen - Upload Supporting Doc - Preview: Test Cases/Final Aug 2018 - PKS Automation/Registration Module/New Registration/Flow of New Registration/Third Screen - Upload Supporting Doc - Preview

2018-12-11 13:57:27 - [TEST_STEP][PASSED] - waitForPageLoad: Wait for page load successfully

2018-12-11 13:57:28 - [MESSAGE][PASSED] - Wait for page load successfully

2018-12-11 13:57:28 - [TEST_STEP][PASSED] - Statement - CaseReferenceNo = com.kms.katalon.core.webui.keyword.WebUiBuiltInKeywords.getText(com.kms.katalon.core.testobject.ObjectRepository.findTestObject(Final Object Repo/New Registration - Registration Module Pages/Third Screen - Upload Supporting Doc- Preview/RefNo Acquiring)): Text of object 'Object Repository/Final Object Repo/New Registration - Registration Module Pages/Third Screen - Upload Supporting Doc- Preview/RefNo Acquiring' is: 'CRN12201800123171'

2018-12-11 13:57:28 - [MESSAGE][PASSED] - Text of object 'Object Repository/Final Object Repo/New Registration - Registration Module Pages/Third Screen - Upload Supporting Doc- Preview/RefNo Acquiring' is: 'CRN12201800123171'

2018-12-11 13:57:28 - [TEST_STEP][PASSED] - delay: Delayed 2 second(s)

2018-12-11 13:57:30 - [MESSAGE][PASSED] - Delayed 2 second(s)

2018-12-11 13:57:30 - [TEST_STEP][PASSED] - callTestCase: Call Test Case 'Test Cases/Final Aug 2018 - PKS Automation/Common/Reference Number Setter' successfully

2018-12-11 13:57:30 - [TEST_CASE][PASSED] - Test Cases/Final Aug 2018 - PKS Automation/Common/Reference Number Setter: Test Cases/Final Aug 2018 - PKS Automation/Common/Reference Number Setter

2018-12-11 13:57:30 - [TEST_STEP][PASSED] - Statement - RefNoOldFile = new java.io.File(C://Users//Admin//Desktop//PKS//Automation Reference Point//KatalonReference.txt): null

2018-12-11 13:57:30 - [TEST_STEP][PASSED] - Statement - RefNoOldFile.delete(): null

2018-12-11 13:57:30 - [TEST_STEP][PASSED] - delay: Delayed 5 second(s)

2018-12-11 13:57:35 - [MESSAGE][PASSED] - Delayed 5 second(s)

2018-12-11 13:57:35 - [TEST_STEP][PASSED] - Statement - RefNo = new java.io.File(C://Users//Admin//Desktop//PKS//Automation Reference Point//KatalonReference.txt): null

2018-12-11 13:57:35 - [TEST_STEP][PASSED] - Statement - f2 = new java.io.FileWriter(RefNo, false): null

2018-12-11 13:57:35 - [TEST_STEP][PASSED] - Statement - f2.write(CaseReferenceNo): null

2018-12-11 13:57:35 - [TEST_STEP][PASSED] - Statement - f2.close(): null

2018-12-11 13:57:35 - [TEST_STEP][PASSED] - Statement - out.println("


" + CaseReferenceNo + "


"): null

2018-12-11 13:57:35 - [MESSAGE][PASSED] - Call Test Case 'Test Cases/Final Aug 2018 - PKS Automation/Common/Reference Number Setter' successfully

2018-12-11 13:57:35 - [TEST_STEP][PASSED] - waitForElementClickable: Object 'Object Repository/Final Object Repo/New Registration - Registration Module Pages/Third Screen - Upload Supporting Doc- Preview/Save n Continue in SIP Employee Listing Page' is clickable

2018-12-11 13:57:35 - [MESSAGE][PASSED] - Object 'Object Repository/Final Object Repo/New Registration - Registration Module Pages/Third Screen - Upload Supporting Doc- Preview/Save n Continue in SIP Employee Listing Page' is clickable

2018-12-11 13:57:35 - [TEST_STEP][PASSED] - click: Object: 'Object Repository/Final Object Repo/New Registration - Registration Module Pages/Third Screen - Upload Supporting Doc- Preview/Save n Continue in SIP Employee Listing Page' is clicked on

2018-12-11 13:57:41 - [MESSAGE][PASSED] - Object: 'Object Repository/Final Object Repo/New Registration - Registration Module Pages/Third Screen - Upload Supporting Doc- Preview/Save n Continue in SIP Employee Listing Page' is clicked on

2018-12-11 13:57:41 - [TEST_STEP][PASSED] - delay: Delayed 7 second(s)

2018-12-11 13:57:48 - [MESSAGE][PASSED] - Delayed 7 second(s)

2018-12-11 13:57:48 - [TEST_STEP][PASSED] - click: Object: 'Object Repository/Final Object Repo/New Registration - Registration Module Pages/Third Screen - Upload Supporting Doc- Preview/Add Document Button' is clicked on

2018-12-11 13:57:48 - [MESSAGE][PASSED] - Object: 'Object Repository/Final Object Repo/New Registration - Registration Module Pages/Third Screen - Upload Supporting Doc- Preview/Add Document Button' is clicked on

2018-12-11 13:57:48 - [TEST_STEP][PASSED] - delay: Delayed 30 second(s)

2018-12-11 13:58:18 - [MESSAGE][PASSED] - Delayed 30 second(s)

2018-12-11 13:58:18 - [TEST_STEP][PASSED] - click: Object: 'Object Repository/Final Object Repo/New Registration - Registration Module Pages/Third Screen - Upload Supporting Doc- Preview/Supporting Doc Please Select Drop Down' is clicked on

2018-12-11 13:58:18 - [MESSAGE][PASSED] - Object: 'Object Repository/Final Object Repo/New Registration - Registration Module Pages/Third Screen - Upload Supporting Doc- Preview/Supporting Doc Please Select Drop Down' is clicked on

2018-12-11 13:58:18 - [TEST_STEP][PASSED] - delay: Delayed 2 second(s)

2018-12-11 13:58:20 - [MESSAGE][PASSED] - Delayed 2 second(s)

2018-12-11 13:58:20 - [TEST_STEP][PASSED] - click: Object: 'Object Repository/Final Object Repo/New Registration - Registration Module Pages/Third Screen - Upload Supporting Doc- Preview/Select to Upload Form 1' is clicked on

2018-12-11 13:58:20 - [MESSAGE][PASSED] - Object: 'Object Repository/Final Object Repo/New Registration - Registration Module Pages/Third Screen - Upload Supporting Doc- Preview/Select to Upload Form 1' is clicked on

2018-12-11 13:58:20 - [TEST_STEP][PASSED] - delay: Delayed 2 second(s)

2018-12-11 13:58:22 - [MESSAGE][PASSED] - Delayed 2 second(s)

2018-12-11 13:58:22 - [TEST_STEP][PASSED] - uploadFile: File 'C:\Users\Public\Pictures\Sample Pictures\Koala.jpg' sent to object: 'Object Repository/Final Object Repo/New Registration - Registration Module Pages/Third Screen - Upload Supporting Doc- Preview/Upload File Adding'

2018-12-11 13:58:22 - [MESSAGE][PASSED] - File 'C:\Users\Public\Pictures\Sample Pictures\Koala.jpg' sent to object: 'Object Repository/Final Object Repo/New Registration - Registration Module Pages/Third Screen - Upload Supporting Doc- Preview/Upload File Adding'

2018-12-11 13:58:22 - [TEST_STEP][PASSED] - delay: Delayed 5 second(s)

2018-12-11 13:58:27 - [MESSAGE][PASSED] - Delayed 5 second(s)

2018-12-11 13:58:27 - [TEST_STEP][PASSED] - click: Object: 'Object Repository/Final Object Repo/New Registration - Registration Module Pages/Third Screen - Upload Supporting Doc- Preview/Inner Form Add Document Button' is clicked on

2018-12-11 13:58:27 - [MESSAGE][PASSED] - Object: 'Object Repository/Final Object Repo/New Registration - Registration Module Pages/Third Screen - Upload Supporting Doc- Preview/Inner Form Add Document Button' is clicked on

2018-12-11 13:58:27 - [TEST_STEP][PASSED] - delay: Delayed 3 second(s)

2018-12-11 13:58:30 - [MESSAGE][PASSED] - Delayed 3 second(s)

2018-12-11 13:58:30 - [TEST_STEP][PASSED] - click: Object: 'Object Repository/Final Object Repo/New Registration - Registration Module Pages/Third Screen - Upload Supporting Doc- Preview/Add Document Button' is clicked on

2018-12-11 13:58:32 - [MESSAGE][PASSED] - Object: 'Object Repository/Final Object Repo/New Registration - Registration Module Pages/Third Screen - Upload Supporting Doc- Preview/Add Document Button' is clicked on

2018-12-11 13:58:32 - [TEST_STEP][PASSED] - delay: Delayed 30 second(s)

2018-12-11 13:59:02 - [MESSAGE][PASSED] - Delayed 30 second(s)

2018-12-11 13:59:02 - [TEST_STEP][PASSED] - click: Object: 'Object Repository/Final Object Repo/New Registration - Registration Module Pages/Third Screen - Upload Supporting Doc- Preview/Supporting Doc Please Select Drop Down' is clicked on

2018-12-11 13:59:02 - [MESSAGE][PASSED] - Object: 'Object Repository/Final Object Repo/New Registration - Registration Module Pages/Third Screen - Upload Supporting Doc- Preview/Supporting Doc Please Select Drop Down' is clicked on

2018-12-11 13:59:02 - [TEST_STEP][PASSED] - delay: Delayed 4 second(s)

2018-12-11 13:59:06 - [MESSAGE][PASSED] - Delayed 4 second(s)

2018-12-11 13:59:06 - [TEST_STEP][PASSED] - click: Object: 'Object Repository/Final Object Repo/New Registration - Registration Module Pages/Third Screen - Upload Supporting Doc- Preview/Select to Upload Form 2' is clicked on

2018-12-11 13:59:06 - [MESSAGE][PASSED] - Object: 'Object Repository/Final Object Repo/New Registration - Registration Module Pages/Third Screen - Upload Supporting Doc- Preview/Select to Upload Form 2' is clicked on

2018-12-11 13:59:06 - [TEST_STEP][PASSED] - delay: Delayed 2 second(s)

2018-12-11 13:59:08 - [MESSAGE][PASSED] - Delayed 2 second(s)

2018-12-11 13:59:08 - [TEST_STEP][PASSED] - uploadFile: File 'C:\Users\Public\Pictures\Sample Pictures\Koala.jpg' sent to object: 'Object Repository/Final Object Repo/New Registration - Registration Module Pages/Third Screen - Upload Supporting Doc- Preview/Upload File Adding'

2018-12-11 13:59:08 - [MESSAGE][PASSED] - File 'C:\Users\Public\Pictures\Sample Pictures\Koala.jpg' sent to object: 'Object Repository/Final Object Repo/New Registration - Registration Module Pages/Third Screen - Upload Supporting Doc- Preview/Upload File Adding'

2018-12-11 13:59:08 - [TEST_STEP][PASSED] - click: Object: 'Object Repository/Final Object Repo/New Registration - Registration Module Pages/Third Screen - Upload Supporting Doc- Preview/Inner Form Add Document Button' is clicked on

2018-12-11 13:59:08 - [MESSAGE][PASSED] - Object: 'Object Repository/Final Object Repo/New Registration - Registration Module Pages/Third Screen - Upload Supporting Doc- Preview/Inner Form Add Document Button' is clicked on

2018-12-11 13:59:08 - [TEST_STEP][PASSED] - delay: Delayed 5 second(s)

2018-12-11 13:59:13 - [MESSAGE][PASSED] - Delayed 5 second(s)

2018-12-11 13:59:13 - [TEST_STEP][PASSED] - click: Object: 'Object Repository/Final Object Repo/New Registration - Registration Module Pages/Third Screen - Upload Supporting Doc- Preview/Add Document Button' is clicked on

2018-12-11 13:59:13 - [MESSAGE][PASSED] - Object: 'Object Repository/Final Object Repo/New Registration - Registration Module Pages/Third Screen - Upload Supporting Doc- Preview/Add Document Button' is clicked on

2018-12-11 13:59:13 - [TEST_STEP][PASSED] - delay: Delayed 30 second(s)

2018-12-11 13:59:43 - [MESSAGE][PASSED] - Delayed 30 second(s)

2018-12-11 13:59:43 - [TEST_STEP][PASSED] - click: Object: 'Object Repository/Final Object Repo/New Registration - Registration Module Pages/Third Screen - Upload Supporting Doc- Preview/Supporting Doc Please Select Drop Down' is clicked on

2018-12-11 13:59:44 - [MESSAGE][PASSED] - Object: 'Object Repository/Final Object Repo/New Registration - Registration Module Pages/Third Screen - Upload Supporting Doc- Preview/Supporting Doc Please Select Drop Down' is clicked on

2018-12-11 13:59:44 - [TEST_STEP][PASSED] - click: Object: 'Object Repository/Final Object Repo/New Registration - Registration Module Pages/Third Screen - Upload Supporting Doc- Preview/Select to Upload Borang SIP 1' is clicked on

2018-12-11 13:59:44 - [MESSAGE][PASSED] - Object: 'Object Repository/Final Object Repo/New Registration - Registration Module Pages/Third Screen - Upload Supporting Doc- Preview/Select to Upload Borang SIP 1' is clicked on

2018-12-11 13:59:44 - [TEST_STEP][PASSED] - delay: Delayed 2 second(s)

2018-12-11 13:59:46 - [MESSAGE][PASSED] - Delayed 2 second(s)

2018-12-11 13:59:46 - [TEST_STEP][PASSED] - uploadFile: File 'C:\Users\Public\Pictures\Sample Pictures\Koala.jpg' sent to object: 'Object Repository/Final Object Repo/New Registration - Registration Module Pages/Third Screen - Upload Supporting Doc- Preview/Upload File Adding'

2018-12-11 13:59:46 - [MESSAGE][PASSED] - File 'C:\Users\Public\Pictures\Sample Pictures\Koala.jpg' sent to object: 'Object Repository/Final Object Repo/New Registration - Registration Module Pages/Third Screen - Upload Supporting Doc- Preview/Upload File Adding'

2018-12-11 13:59:46 - [TEST_STEP][PASSED] - click: Object: 'Object Repository/Final Object Repo/New Registration - Registration Module Pages/Third Screen - Upload Supporting Doc- Preview/Inner Form Add Document Button' is clicked on

2018-12-11 13:59:46 - [MESSAGE][PASSED] - Object: 'Object Repository/Final Object Repo/New Registration - Registration Module Pages/Third Screen - Upload Supporting Doc- Preview/Inner Form Add Document Button' is clicked on

2018-12-11 13:59:46 - [TEST_STEP][PASSED] - delay: Delayed 5 second(s)

2018-12-11 13:59:51 - [MESSAGE][PASSED] - Delayed 5 second(s)

2018-12-11 13:59:51 - [TEST_STEP][PASSED] - click: Object: 'Object Repository/Final Object Repo/New Registration - Registration Module Pages/Third Screen - Upload Supporting Doc- Preview/Add Document Button' is clicked on

2018-12-11 13:59:51 - [MESSAGE][PASSED] - Object: 'Object Repository/Final Object Repo/New Registration - Registration Module Pages/Third Screen - Upload Supporting Doc- Preview/Add Document Button' is clicked on

2018-12-11 13:59:51 - [TEST_STEP][PASSED] - delay: Delayed 30 second(s)

2018-12-11 14:00:21 - [MESSAGE][PASSED] - Delayed 30 second(s)

2018-12-11 14:00:21 - [TEST_STEP][PASSED] - click: Object: 'Object Repository/Final Object Repo/New Registration - Registration Module Pages/Third Screen - Upload Supporting Doc- Preview/Supporting Doc Please Select Drop Down' is clicked on

2018-12-11 14:00:21 - [MESSAGE][PASSED] - Object: 'Object Repository/Final Object Repo/New Registration - Registration Module Pages/Third Screen - Upload Supporting Doc- Preview/Supporting Doc Please Select Drop Down' is clicked on

2018-12-11 14:00:21 - [TEST_STEP][PASSED] - delay: Delayed 3 second(s)

2018-12-11 14:00:24 - [MESSAGE][PASSED] - Delayed 3 second(s)

2018-12-11 14:00:24 - [TEST_STEP][PASSED] - click: Object: 'Object Repository/Final Object Repo/New Registration - Registration Module Pages/Third Screen - Upload Supporting Doc- Preview/Select to Upload Borang SIP 2' is clicked on

2018-12-11 14:00:25 - [MESSAGE][PASSED] - Object: 'Object Repository/Final Object Repo/New Registration - Registration Module Pages/Third Screen - Upload Supporting Doc- Preview/Select to Upload Borang SIP 2' is clicked on

2018-12-11 14:00:25 - [TEST_STEP][PASSED] - delay: Delayed 2 second(s)

2018-12-11 14:00:27 - [MESSAGE][PASSED] - Delayed 2 second(s)

2018-12-11 14:00:27 - [TEST_STEP][PASSED] - uploadFile: File 'C:\Users\Public\Pictures\Sample Pictures\Koala.jpg' sent to object: 'Object Repository/Final Object Repo/New Registration - Registration Module Pages/Third Screen - Upload Supporting Doc- Preview/Upload File Adding'

2018-12-11 14:00:27 - [MESSAGE][PASSED] - File 'C:\Users\Public\Pictures\Sample Pictures\Koala.jpg' sent to object: 'Object Repository/Final Object Repo/New Registration - Registration Module Pages/Third Screen - Upload Supporting Doc- Preview/Upload File Adding'

2018-12-11 14:00:27 - [TEST_STEP][PASSED] - delay: Delayed 5 second(s)

2018-12-11 14:00:32 - [MESSAGE][PASSED] - Delayed 5 second(s)

2018-12-11 14:00:32 - [TEST_STEP][PASSED] - click: Object: 'Object Repository/Final Object Repo/New Registration - Registration Module Pages/Third Screen - Upload Supporting Doc- Preview/Inner Form Add Document Button' is clicked on

2018-12-11 14:00:32 - [MESSAGE][PASSED] - Object: 'Object Repository/Final Object Repo/New Registration - Registration Module Pages/Third Screen - Upload Supporting Doc- Preview/Inner Form Add Document Button' is clicked on

2018-12-11 14:00:32 - [TEST_STEP][PASSED] - delay: Delayed 3 second(s)

2018-12-11 14:00:35 - [MESSAGE][PASSED] - Delayed 3 second(s)

2018-12-11 14:00:35 - [TEST_STEP][PASSED] - waitForElementClickable: Object 'Object Repository/Final Object Repo/New Registration - Registration Module Pages/Third Screen - Upload Supporting Doc- Preview/Save n Continue in Uploading Supporting Doc Page' is clickable

2018-12-11 14:00:36 - [MESSAGE][PASSED] - Object 'Object Repository/Final Object Repo/New Registration - Registration Module Pages/Third Screen - Upload Supporting Doc- Preview/Save n Continue in Uploading Supporting Doc Page' is clickable

2018-12-11 14:00:36 - [TEST_STEP][PASSED] - click: Object: 'Object Repository/Final Object Repo/New Registration - Registration Module Pages/Third Screen - Upload Supporting Doc- Preview/Save n Continue in Uploading Supporting Doc Page' is clicked on

2018-12-11 14:00:36 - [MESSAGE][PASSED] - Object: 'Object Repository/Final Object Repo/New Registration - Registration Module Pages/Third Screen - Upload Supporting Doc- Preview/Save n Continue in Uploading Supporting Doc Page' is clicked on

2018-12-11 14:00:36 - [MESSAGE][PASSED] - Call Test Case 'Test Cases/Final Aug 2018 - PKS Automation/Registration Module/New Registration/Flow of New Registration/Third Screen - Upload Supporting Doc - Preview' successfully

2018-12-11 14:00:36 - [TEST_STEP][PASSED] - callTestCase: Call Test Case 'Test Cases/Final Aug 2018 - PKS Automation/Registration Module/New Registration/Submit and Screenshot/Submit Registration and Screenshot' successfully

2018-12-11 14:00:36 - [TEST_CASE][PASSED] - Test Cases/Final Aug 2018 - PKS Automation/Registration Module/New Registration/Submit and Screenshot/Submit Registration and Screenshot: Test Cases/Final Aug 2018 - PKS Automation/Registration Module/New Registration/Submit and Screenshot/Submit Registration and Screenshot

2018-12-11 14:00:36 - [TEST_STEP][PASSED] - delay: Delayed 6 second(s)

2018-12-11 14:00:42 - [MESSAGE][PASSED] - Delayed 6 second(s)

2018-12-11 14:00:42 - [TEST_STEP][PASSED] - click: Object: 'Object Repository/Final Object Repo/New Registration - Registration Module Pages/Third Screen - Upload Supporting Doc- Preview/Preview Submit Button' is clicked on

2018-12-11 14:00:42 - [MESSAGE][PASSED] - Object: 'Object Repository/Final Object Repo/New Registration - Registration Module Pages/Third Screen - Upload Supporting Doc- Preview/Preview Submit Button' is clicked on

2018-12-11 14:00:42 - [TEST_STEP][PASSED] - delay: Delayed 2 second(s)

2018-12-11 14:00:44 - [MESSAGE][PASSED] - Delayed 2 second(s)

2018-12-11 14:00:44 - [TEST_STEP][PASSED] - click: Object: 'Object Repository/Final Object Repo/New Registration - Registration Module Pages/Third Screen - Upload Supporting Doc- Preview/Preview Submit - Confirm' is clicked on

2018-12-11 14:00:44 - [MESSAGE][PASSED] - Object: 'Object Repository/Final Object Repo/New Registration - Registration Module Pages/Third Screen - Upload Supporting Doc- Preview/Preview Submit - Confirm' is clicked on

2018-12-11 14:00:44 - [TEST_STEP][PASSED] - delay: Delayed 15 second(s)

2018-12-11 14:00:59 - [MESSAGE][PASSED] - Delayed 15 second(s)

2018-12-11 14:00:59 - [TEST_STEP][PASSED] - Statement - driver = com.kms.katalon.core.webui.driver.DriverFactory.getWebDriver(): null

2018-12-11 14:00:59 - [TEST_STEP][PASSED] - Statement - driver.manage().timeouts().implicitlyWait(10, SECONDS): null

2018-12-11 14:00:59 - [TEST_STEP][PASSED] - Statement - PresavePath = KatalonScreenshots: null

2018-12-11 14:00:59 - [TEST_STEP][PASSED] - Statement - pathPrefix = "C:\Users\Public\Pictures\Sample Pictures\Katalon Screenshots\Automate Ending Screen": null

2018-12-11 14:00:59 - [TEST_STEP][PASSED] - Statement - finalPath = <not implemented yet for class: org.codehaus.groovy.ast.expr.EmptyExpression>: null

2018-12-11 14:00:59 - [TEST_STEP][PASSED] - Statement - scrFile = driver.getScreenshotAs(FILE): null

2018-12-11 14:01:00 - [TEST_STEP][PASSED] - Statement - PreSaveFile = new java.io.File(PresavePath): null

2018-12-11 14:01:00 - [TEST_STEP][PASSED] - Statement - counter = 0: null

2018-12-11 14:01:00 - [TEST_STEP][PASSED] - Statement - If (PreSaveFile.exists()): null

2018-12-11 14:01:00 - [TEST_STEP][PASSED] - Statement - While (PreSaveFile.exists()): null

2018-12-11 14:01:00 - [TEST_STEP][PASSED] - Statement - counter = counter + 1: null

2018-12-11 14:01:00 - [TEST_STEP][PASSED] - Statement - PreSaveFile = new java.io.File(((pathPrefix + java.lang.Integer.toString(counter)) + .png)): null

2018-12-11 14:01:00 - [TEST_STEP][PASSED] - Statement - counter = counter + 1: null

2018-12-11 14:01:00 - [TEST_STEP][PASSED] - Statement - PreSaveFile = new java.io.File(((pathPrefix + java.lang.Integer.toString(counter)) + .png)): null

2018-12-11 14:01:00 - [TEST_STEP][PASSED] - Statement - counter = counter + 1: null

2018-12-11 14:01:00 - [TEST_STEP][PASSED] - Statement - PreSaveFile = new java.io.File(((pathPrefix + java.lang.Integer.toString(counter)) + .png)): null

2018-12-11 14:01:00 - [TEST_STEP][PASSED] - Statement - counter = counter + 1: null

2018-12-11 14:01:00 - [TEST_STEP][PASSED] - Statement - PreSaveFile = new java.io.File(((pathPrefix + java.lang.Integer.toString(counter)) + .png)): null

2018-12-11 14:01:00 - [TEST_STEP][PASSED] - Statement - counter = counter + 1: null

2018-12-11 14:01:00 - [TEST_STEP][PASSED] - Statement - PreSaveFile = new java.io.File(((pathPrefix + java.lang.Integer.toString(counter)) + .png)): null

2018-12-11 14:01:00 - [TEST_STEP][PASSED] - Statement - counter = counter + 1: null

2018-12-11 14:01:00 - [TEST_STEP][PASSED] - Statement - PreSaveFile = new java.io.File(((pathPrefix + java.lang.Integer.toString(counter)) + .png)): null

2018-12-11 14:01:00 - [TEST_STEP][PASSED] - Statement - counter = counter + 1: null

2018-12-11 14:01:00 - [TEST_STEP][PASSED] - Statement - PreSaveFile = new java.io.File(((pathPrefix + java.lang.Integer.toString(counter)) + .png)): null

2018-12-11 14:01:00 - [TEST_STEP][PASSED] - Statement - counter = counter + 1: null

2018-12-11 14:01:00 - [TEST_STEP][PASSED] - Statement - PreSaveFile = new java.io.File(((pathPrefix + java.lang.Integer.toString(counter)) + .png)): null

2018-12-11 14:01:00 - [TEST_STEP][PASSED] - Statement - counter = counter + 1: null

2018-12-11 14:01:00 - [TEST_STEP][PASSED] - Statement - PreSaveFile = new java.io.File(((pathPrefix + java.lang.Integer.toString(counter)) + .png)): null

2018-12-11 14:01:00 - [TEST_STEP][PASSED] - Statement - counter = counter + 1: null

2018-12-11 14:01:00 - [TEST_STEP][PASSED] - Statement - PreSaveFile = new java.io.File(((pathPrefix + java.lang.Integer.toString(counter)) + .png)): null

2018-12-11 14:01:00 - [TEST_STEP][PASSED] - Statement - counter = counter + 1: null

2018-12-11 14:01:00 - [TEST_STEP][PASSED] - Statement - PreSaveFile = new java.io.File(((pathPrefix + java.lang.Integer.toString(counter)) + .png)): null

2018-12-11 14:01:00 - [TEST_STEP][PASSED] - Statement - counter = counter + 1: null

2018-12-11 14:01:00 - [TEST_STEP][PASSED] - Statement - PreSaveFile = new java.io.File(((pathPrefix + java.lang.Integer.toString(counter)) + .png)): null

2018-12-11 14:01:00 - [TEST_STEP][PASSED] - Statement - counter = counter + 1: null

2018-12-11 14:01:00 - [TEST_STEP][PASSED] - Statement - PreSaveFile = new java.io.File(((pathPrefix + java.lang.Integer.toString(counter)) + .png)): null

2018-12-11 14:01:00 - [TEST_STEP][PASSED] - Statement - counter = counter + 1: null

2018-12-11 14:01:00 - [TEST_STEP][PASSED] - Statement - PreSaveFile = new java.io.File(((pathPrefix + java.lang.Integer.toString(counter)) + .png)): null

2018-12-11 14:01:00 - [TEST_STEP][PASSED] - Statement - counter = counter + 1: null

2018-12-11 14:01:00 - [TEST_STEP][PASSED] - Statement - PreSaveFile = new java.io.File(((pathPrefix + java.lang.Integer.toString(counter)) + .png)): null

2018-12-11 14:01:00 - [TEST_STEP][PASSED] - Statement - counter = counter + 1: null

2018-12-11 14:01:00 - [TEST_STEP][PASSED] - Statement - PreSaveFile = new java.io.File(((pathPrefix + java.lang.Integer.toString(counter)) + .png)): null

2018-12-11 14:01:00 - [TEST_STEP][PASSED] - Statement - counter = counter + 1: null

2018-12-11 14:01:00 - [TEST_STEP][PASSED] - Statement - PreSaveFile = new java.io.File(((pathPrefix + java.lang.Integer.toString(counter)) + .png)): null

2018-12-11 14:01:00 - [TEST_STEP][PASSED] - Statement - counter = counter + 1: null

2018-12-11 14:01:00 - [TEST_STEP][PASSED] - Statement - PreSaveFile = new java.io.File(((pathPrefix + java.lang.Integer.toString(counter)) + .png)): null

2018-12-11 14:01:00 - [TEST_STEP][PASSED] - Statement - counter = counter + 1: null

2018-12-11 14:01:00 - [TEST_STEP][PASSED] - Statement - PreSaveFile = new java.io.File(((pathPrefix + java.lang.Integer.toString(counter)) + .png)): null

2018-12-11 14:01:00 - [TEST_STEP][PASSED] - Statement - counter = counter + 1: null

2018-12-11 14:01:00 - [TEST_STEP][PASSED] - Statement - PreSaveFile = new java.io.File(((pathPrefix + java.lang.Integer.toString(counter)) + .png)): null

2018-12-11 14:01:00 - [TEST_STEP][PASSED] - Statement - counter = counter + 1: null

2018-12-11 14:01:00 - [TEST_STEP][PASSED] - Statement - PreSaveFile = new java.io.File(((pathPrefix + java.lang.Integer.toString(counter)) + .png)): null

2018-12-11 14:01:00 - [TEST_STEP][PASSED] - Statement - counter = counter + 1: null

2018-12-11 14:01:00 - [TEST_STEP][PASSED] - Statement - PreSaveFile = new java.io.File(((pathPrefix + java.lang.Integer.toString(counter)) + .png)): null

2018-12-11 14:01:00 - [TEST_STEP][PASSED] - Statement - counter = counter + 1: null

2018-12-11 14:01:00 - [TEST_STEP][PASSED] - Statement - PreSaveFile = new java.io.File(((pathPrefix + java.lang.Integer.toString(counter)) + .png)): null

2018-12-11 14:01:00 - [TEST_STEP][PASSED] - Statement - counter = counter + 1: null

2018-12-11 14:01:00 - [TEST_STEP][PASSED] - Statement - PreSaveFile = new java.io.File(((pathPrefix + java.lang.Integer.toString(counter)) + .png)): null

2018-12-11 14:01:00 - [TEST_STEP][PASSED] - Statement - counter = counter + 1: null

2018-12-11 14:01:00 - [TEST_STEP][PASSED] - Statement - PreSaveFile = new java.io.File(((pathPrefix + java.lang.Integer.toString(counter)) + .png)): null

2018-12-11 14:01:00 - [TEST_STEP][PASSED] - Statement - counter = counter + 1: null

2018-12-11 14:01:00 - [TEST_STEP][PASSED] - Statement - PreSaveFile = new java.io.File(((pathPrefix + java.lang.Integer.toString(counter)) + .png)): null

2018-12-11 14:01:00 - [TEST_STEP][PASSED] - Statement - counter = counter + 1: null

2018-12-11 14:01:00 - [TEST_STEP][PASSED] - Statement - PreSaveFile = new java.io.File(((pathPrefix + java.lang.Integer.toString(counter)) + .png)): null

2018-12-11 14:01:00 - [TEST_STEP][PASSED] - Statement - counter = counter + 1: null

2018-12-11 14:01:00 - [TEST_STEP][PASSED] - Statement - PreSaveFile = new java.io.File(((pathPrefix + java.lang.Integer.toString(counter)) + .png)): null

2018-12-11 14:01:00 - [TEST_STEP][PASSED] - Statement - counter = counter + 1: null

2018-12-11 14:01:00 - [TEST_STEP][PASSED] - Statement - PreSaveFile = new java.io.File(((pathPrefix + java.lang.Integer.toString(counter)) + .png)): null

2018-12-11 14:01:00 - [TEST_STEP][PASSED] - Statement - counter = counter + 1: null

2018-12-11 14:01:00 - [TEST_STEP][PASSED] - Statement - PreSaveFile = new java.io.File(((pathPrefix + java.lang.Integer.toString(counter)) + .png)): null

2018-12-11 14:01:00 - [TEST_STEP][PASSED] - Statement - counter = counter + 1: null

2018-12-11 14:01:00 - [TEST_STEP][PASSED] - Statement - PreSaveFile = new java.io.File(((pathPrefix + java.lang.Integer.toString(counter)) + .png)): null

2018-12-11 14:01:00 - [TEST_STEP][PASSED] - Statement - counter = counter + 1: null

2018-12-11 14:01:00 - [TEST_STEP][PASSED] - Statement - PreSaveFile = new java.io.File(((pathPrefix + java.lang.Integer.toString(counter)) + .png)): null

2018-12-11 14:01:00 - [TEST_STEP][PASSED] - Statement - counter = counter + 1: null

2018-12-11 14:01:00 - [TEST_STEP][PASSED] - Statement - PreSaveFile = new java.io.File(((pathPrefix + java.lang.Integer.toString(counter)) + .png)): null

2018-12-11 14:01:00 - [TEST_STEP][PASSED] - Statement - counter = counter + 1: null

2018-12-11 14:01:00 - [TEST_STEP][PASSED] - Statement - PreSaveFile = new java.io.File(((pathPrefix + java.lang.Integer.toString(counter)) + .png)): null

2018-12-11 14:01:00 - [TEST_STEP][PASSED] - Statement - counter = counter + 1: null

2018-12-11 14:01:00 - [TEST_STEP][PASSED] - Statement - PreSaveFile = new java.io.File(((pathPrefix + java.lang.Integer.toString(counter)) + .png)): null

2018-12-11 14:01:00 - [TEST_STEP][PASSED] - Statement - counter = counter + 1: null

2018-12-11 14:01:00 - [TEST_STEP][PASSED] - Statement - PreSaveFile = new java.io.File(((pathPrefix + java.lang.Integer.toString(counter)) + .png)): null

2018-12-11 14:01:00 - [TEST_STEP][PASSED] - Statement - counter = counter + 1: null

2018-12-11 14:01:00 - [TEST_STEP][PASSED] - Statement - PreSaveFile = new java.io.File(((pathPrefix + java.lang.Integer.toString(counter)) + .png)): null

2018-12-11 14:01:00 - [TEST_STEP][PASSED] - Statement - counter = counter + 1: null

2018-12-11 14:01:00 - [TEST_STEP][PASSED] - Statement - PreSaveFile = new java.io.File(((pathPrefix + java.lang.Integer.toString(counter)) + .png)): null

2018-12-11 14:01:00 - [TEST_STEP][PASSED] - Statement - counter = counter + 1: null

2018-12-11 14:01:00 - [TEST_STEP][PASSED] - Statement - PreSaveFile = new java.io.File(((pathPrefix + java.lang.Integer.toString(counter)) + .png)): null

2018-12-11 14:01:00 - [TEST_STEP][PASSED] - Statement - counter = counter + 1: null

2018-12-11 14:01:00 - [TEST_STEP][PASSED] - Statement - PreSaveFile = new java.io.File(((pathPrefix + java.lang.Integer.toString(counter)) + .png)): null

2018-12-11 14:01:00 - [TEST_STEP][PASSED] - Statement - counter = counter + 1: null

2018-12-11 14:01:00 - [TEST_STEP][PASSED] - Statement - PreSaveFile = new java.io.File(((pathPrefix + java.lang.Integer.toString(counter)) + .png)): null

2018-12-11 14:01:00 - [TEST_STEP][PASSED] - Statement - counter = counter + 1: null

2018-12-11 14:01:00 - [TEST_STEP][PASSED] - Statement - PreSaveFile = new java.io.File(((pathPrefix + java.lang.Integer.toString(counter)) + .png)): null

2018-12-11 14:01:00 - [TEST_STEP][PASSED] - Statement - counter = counter + 1: null

2018-12-11 14:01:00 - [TEST_STEP][PASSED] - Statement - PreSaveFile = new java.io.File(((pathPrefix + java.lang.Integer.toString(counter)) + .png)): null

2018-12-11 14:01:00 - [TEST_STEP][PASSED] - Statement - counter = counter + 1: null

2018-12-11 14:01:00 - [TEST_STEP][PASSED] - Statement - PreSaveFile = new java.io.File(((pathPrefix + java.lang.Integer.toString(counter)) + .png)): null

2018-12-11 14:01:00 - [TEST_STEP][PASSED] - Statement - counter = counter + 1: null

2018-12-11 14:01:00 - [TEST_STEP][PASSED] - Statement - PreSaveFile = new java.io.File(((pathPrefix + java.lang.Integer.toString(counter)) + .png)): null

2018-12-11 14:01:00 - [TEST_STEP][PASSED] - Statement - counter = counter + 1: null

2018-12-11 14:01:00 - [TEST_STEP][PASSED] - Statement - PreSaveFile = new java.io.File(((pathPrefix + java.lang.Integer.toString(counter)) + .png)): null

2018-12-11 14:01:00 - [TEST_STEP][PASSED] - Statement - finalPath = pathPrefix + java.lang.Integer.toString(counter) + ".png": null

2018-12-11 14:01:00 - [TEST_STEP][PASSED] - Statement - SaveFile = new java.io.File(finalPath): null

2018-12-11 14:01:00 - [TEST_STEP][PASSED] - Statement - Try: null

2018-12-11 14:01:00 - [TEST_STEP][PASSED] - Statement - org.apache.commons.io.FileUtils.copyFile(scrFile, SaveFile): null

2018-12-11 14:01:00 - [TEST_STEP][PASSED] - Statement - out.println("file kept"): null

2018-12-11 14:01:00 - [TEST_STEP][PASSED] - delay: Delayed 10 second(s)

2018-12-11 14:01:10 - [MESSAGE][PASSED] - Delayed 10 second(s)

2018-12-11 14:01:10 - [MESSAGE][PASSED] - Call Test Case 'Test Cases/Final Aug 2018 - PKS Automation/Registration Module/New Registration/Submit and Screenshot/Submit Registration and Screenshot' successfully

2018-12-11 14:01:10 - [TEST_STEP][PASSED] - callTestCase: Call Test Case 'Test Cases/Final Aug 2018 - PKS Automation/Registration Module/Log Out/log out avoiding katalon tagging' successfully

2018-12-11 14:01:10 - [TEST_CASE][PASSED] - Test Cases/Final Aug 2018 - PKS Automation/Registration Module/Log Out/log out avoiding katalon tagging: Test Cases/Final Aug 2018 - PKS Automation/Registration Module/Log Out/log out avoiding katalon tagging

2018-12-11 14:01:10 - [TEST_STEP][PASSED] - navigateToUrl: Navigate to 'https://assist2-uat.perkeso.gov.my/c/portal/logout' successfully

2018-12-11 14:01:11 - [MESSAGE][PASSED] - Navigate to 'https://assist2-uat.perkeso.gov.my/c/portal/logout' successfully

2018-12-11 14:01:11 - [MESSAGE][PASSED] - Call Test Case 'Test Cases/Final Aug 2018 - PKS Automation/Registration Module/Log Out/log out avoiding katalon tagging' successfully

2018-12-11 14:01:11 - [TEST_STEP][PASSED] - callTestCase: Call Test Case 'Test Cases/Final Aug 2018 - PKS Automation/Common/Workflow Owner Finder' successfully

2018-12-11 14:01:11 - [TEST_CASE][PASSED] - Test Cases/Final Aug 2018 - PKS Automation/Common/Workflow Owner Finder: Test Cases/Final Aug 2018 - PKS Automation/Common/Workflow Owner Finder

2018-12-11 14:01:11 - [TEST_STEP][PASSED] - openBrowser: Browser is opened with url: ''

2018-12-11 14:01:11 - [MESSAGE][WARNING] - A browser is already opened. Closing browser and opening a new one

2018-12-11 14:01:15 - [MESSAGE][PASSED] - Browser is opened with url: ''

2018-12-11 14:01:15 - [TEST_STEP][PASSED] - navigateToUrl: Navigate to 'https://assist2-uat.perkeso.gov.my/login' successfully

2018-12-11 14:01:17 - [MESSAGE][PASSED] - Navigate to 'https://assist2-uat.perkeso.gov.my/login' successfully

2018-12-11 14:01:17 - [TEST_STEP][PASSED] - delay: Delayed 5 second(s)

2018-12-11 14:01:22 - [MESSAGE][PASSED] - Delayed 5 second(s)

2018-12-11 14:01:22 - [TEST_STEP][PASSED] - setText: Text 'test@liferay.com' is set on object 'Object Repository/Final Object Repo/Login Page/Internal User/Email Address'

2018-12-11 14:01:22 - [MESSAGE][PASSED] - Text 'test@liferay.com' is set on object 'Object Repository/Final Object Repo/Login Page/Internal User/Email Address'

2018-12-11 14:01:22 - [TEST_STEP][PASSED] - click: Object: 'Object Repository/Final Object Repo/Login Page/Internal User/Next Button' is clicked on

2018-12-11 14:01:22 - [MESSAGE][PASSED] - Object: 'Object Repository/Final Object Repo/Login Page/Internal User/Next Button' is clicked on

2018-12-11 14:01:22 - [TEST_STEP][PASSED] - delay: Delayed 2 second(s)

2018-12-11 14:01:24 - [MESSAGE][PASSED] - Delayed 2 second(s)

2018-12-11 14:01:24 - [TEST_STEP][PASSED] - setText: Text 'test' is set on object 'Object Repository/Final Object Repo/Login Page/Internal User/Password'

2018-12-11 14:01:24 - [MESSAGE][PASSED] - Text 'test' is set on object 'Object Repository/Final Object Repo/Login Page/Internal User/Password'

2018-12-11 14:01:24 - [TEST_STEP][PASSED] - delay: Delayed 2 second(s)

2018-12-11 14:01:26 - [MESSAGE][PASSED] - Delayed 2 second(s)

2018-12-11 14:01:26 - [TEST_STEP][PASSED] - click: Object: 'Object Repository/Final Object Repo/Login Page/Internal User/Login Button' is clicked on

2018-12-11 14:01:26 - [MESSAGE][PASSED] - Object: 'Object Repository/Final Object Repo/Login Page/Internal User/Login Button' is clicked on

2018-12-11 14:01:26 - [TEST_STEP][PASSED] - Statement - tester = com.kms.katalon.core.testobject.ObjectRepository.findTestObject(Final Object Repo/Landing Page/Select to English): Finding Test Object with id 'Object Repository/Final Object Repo/Landing Page/Select to English'

2018-12-11 14:01:26 - [TEST_STEP][PASSED] - Statement - Try: Delayed 2 second(s)

2018-12-11 14:01:26 - [TEST_STEP][PASSED] - Statement - Checker = com.kms.katalon.core.webui.keyword.WebUiBuiltInKeywords.verifyElementNotPresent(tester, 3): Web element with id: 'Object Repository/Final Object Repo/Landing Page/Select to English' located by 'By.xpath: //a[@class = 'taglib-language-list-text' and @lang = 'en-US' and (contains(text(), 'EN') or contains(., 'EN'))]' is not present after '3' second(s)

2018-12-11 14:01:28 - [MESSAGE][PASSED] - Web element with id: 'Object Repository/Final Object Repo/Landing Page/Select to English' located by 'By.xpath: //a[@class = 'taglib-language-list-text' and @lang = 'en-US' and (contains(text(), 'EN') or contains(., 'EN'))]' is not present after '3' second(s)

2018-12-11 14:01:28 - [TEST_STEP][PASSED] - Statement - If (Checker == false): null

2018-12-11 14:01:28 - [TEST_STEP][PASSED] - delay: Delayed 2 second(s)

2018-12-11 14:01:30 - [MESSAGE][PASSED] - Delayed 2 second(s)

2018-12-11 14:01:30 - [TEST_STEP][PASSED] - delay: Delayed 5 second(s)

2018-12-11 14:01:35 - [MESSAGE][PASSED] - Delayed 5 second(s)

2018-12-11 14:01:35 - [TEST_STEP][PASSED] - mouseOver: Object: 'Object Repository/Final Object Repo/Landing Page/WorkFlow Menu' is hovered

2018-12-11 14:01:36 - [MESSAGE][PASSED] - Object: 'Object Repository/Final Object Repo/Landing Page/WorkFlow Menu' is hovered

2018-12-11 14:01:36 - [TEST_STEP][PASSED] - delay: Delayed 2 second(s)

2018-12-11 14:01:38 - [MESSAGE][PASSED] - Delayed 2 second(s)

2018-12-11 14:01:38 - [TEST_STEP][PASSED] - click: Object: 'Object Repository/Final Object Repo/Landing Page/Select to Workflow Listing' is clicked on

2018-12-11 14:01:39 - [MESSAGE][PASSED] - Object: 'Object Repository/Final Object Repo/Landing Page/Select to Workflow Listing' is clicked on

2018-12-11 14:01:39 - [TEST_STEP][PASSED] - delay: Delayed 2 second(s)

2018-12-11 14:01:41 - [MESSAGE][PASSED] - Delayed 2 second(s)

2018-12-11 14:01:41 - [TEST_STEP][PASSED] - click: Object: 'Object Repository/Final Object Repo/WorkFlow Listing Page/Search Information - To Put Ref No' is clicked on

2018-12-11 14:01:41 - [MESSAGE][PASSED] - Object: 'Object Repository/Final Object Repo/WorkFlow Listing Page/Search Information - To Put Ref No' is clicked on

2018-12-11 14:01:41 - [TEST_STEP][PASSED] - delay: Delayed 2 second(s)

2018-12-11 14:01:43 - [MESSAGE][PASSED] - Delayed 2 second(s)

2018-12-11 14:01:43 - [TEST_STEP][PASSED] - callTestCase: Call Test Case 'Test Cases/Final Aug 2018 - PKS Automation/Common/Reference Number Getter' successfully

2018-12-11 14:01:43 - [TEST_CASE][PASSED] - Test Cases/Final Aug 2018 - PKS Automation/Common/Reference Number Getter: Test Cases/Final Aug 2018 - PKS Automation/Common/Reference Number Getter

2018-12-11 14:01:43 - [TEST_STEP][PASSED] - Statement - Try: null

2018-12-11 14:01:43 - [TEST_STEP][PASSED] - Statement - RefNo = new java.io.File(C://Users//Admin//Desktop//PKS//Automation Reference Point//KatalonReference.txt): null

2018-12-11 14:01:43 - [TEST_STEP][PASSED] - Statement - bufferread = new java.io.BufferedReader(new java.io.FileReader(RefNo)): null

2018-12-11 14:01:43 - [TEST_STEP][PASSED] - Statement - readedVal = bufferread.readLine(): null

2018-12-11 14:01:43 - [TEST_STEP][PASSED] - Statement - out.println(CaseReferenceNo): null

2018-12-11 14:01:43 - [TEST_STEP][PASSED] - Statement - out.println(readedVal): null

2018-12-11 14:01:43 - [TEST_STEP][PASSED] - Statement - CaseReferenceNo = "": null

2018-12-11 14:01:43 - [TEST_STEP][PASSED] - Statement - CaseReferenceNo = readedVal: null

2018-12-11 14:01:43 - [MESSAGE][PASSED] - Call Test Case 'Test Cases/Final Aug 2018 - PKS Automation/Common/Reference Number Getter' successfully

2018-12-11 14:01:43 - [TEST_STEP][PASSED] - setText: Text 'CRN12201800123171' is set on object 'Object Repository/Final Object Repo/WorkFlow Listing Page/Ref No Set Text'

2018-12-11 14:01:43 - [MESSAGE][PASSED] - Text 'CRN12201800123171' is set on object 'Object Repository/Final Object Repo/WorkFlow Listing Page/Ref No Set Text'

2018-12-11 14:01:43 - [TEST_STEP][PASSED] - delay: Delayed 2 second(s)

2018-12-11 14:01:45 - [MESSAGE][PASSED] - Delayed 2 second(s)

2018-12-11 14:01:45 - [TEST_STEP][PASSED] - click: Object: 'Object Repository/Final Object Repo/WorkFlow Listing Page/Search Ref No Search Button' is clicked on

2018-12-11 14:01:46 - [MESSAGE][PASSED] - Object: 'Object Repository/Final Object Repo/WorkFlow Listing Page/Search Ref No Search Button' is clicked on

2018-12-11 14:01:46 - [TEST_STEP][PASSED] - delay: Delayed 6 second(s)

2018-12-11 14:01:52 - [MESSAGE][PASSED] - Delayed 6 second(s)

2018-12-11 14:01:52 - [TEST_STEP][PASSED] - click: Object: 'Object Repository/Final Object Repo/WorkFlow Listing Page/Click Continue Tooltip' is clicked on

2018-12-11 14:01:52 - [MESSAGE][PASSED] - Object: 'Object Repository/Final Object Repo/WorkFlow Listing Page/Click Continue Tooltip' is clicked on

2018-12-11 14:01:52 - [TEST_STEP][PASSED] - delay: Delayed 5 second(s)

2018-12-11 14:01:57 - [MESSAGE][PASSED] - Delayed 5 second(s)

2018-12-11 14:01:57 - [TEST_STEP][PASSED] - doubleClick: Object: 'Object Repository/Final Object Repo/WorkFlow Listing Page/Workflow Found - Listing 1' is double clicked on

2018-12-11 14:01:58 - [MESSAGE][PASSED] - Object: 'Object Repository/Final Object Repo/WorkFlow Listing Page/Workflow Found - Listing 1' is double clicked on

2018-12-11 14:01:58 - [TEST_STEP][PASSED] - Statement - println(OwnerID): null

2018-12-11 14:01:58 - [TEST_STEP][PASSED] - Statement - OwnerID = com.kms.katalon.core.webui.keyword.WebUiBuiltInKeywords.getText(com.kms.katalon.core.testobject.ObjectRepository.findTestObject(Final Object Repo/WorkFlow Listing Page/Workflow Found - Listing 1), STOP_ON_FAILURE): Text of object 'Object Repository/Final Object Repo/WorkFlow Listing Page/Workflow Found - Listing 1' is: 'JOHORro3'

2018-12-11 14:01:58 - [MESSAGE][PASSED] - Text of object 'Object Repository/Final Object Repo/WorkFlow Listing Page/Workflow Found - Listing 1' is: 'JOHORro3'

2018-12-11 14:01:58 - [TEST_STEP][PASSED] - Statement - OwnerID = OwnerID.toLowerCase() + "@gmail.com": null

2018-12-11 14:01:58 - [TEST_STEP][PASSED] - Statement - println(OwnerID): null

2018-12-11 14:01:58 - [TEST_STEP][PASSED] - delay: Delayed 2 second(s)

2018-12-11 14:02:00 - [MESSAGE][PASSED] - Delayed 2 second(s)

2018-12-11 14:02:00 - [MESSAGE][PASSED] - Call Test Case 'Test Cases/Final Aug 2018 - PKS Automation/Common/Workflow Owner Finder' successfully

2018-12-11 14:02:00 - [TEST_STEP][PASSED] - callTestCase: Call Test Case 'Test Cases/Final Aug 2018 - PKS Automation/Registration Module/Log Out/log out avoiding katalon tagging' successfully

2018-12-11 14:02:00 - [TEST_CASE][PASSED] - Test Cases/Final Aug 2018 - PKS Automation/Registration Module/Log Out/log out avoiding katalon tagging: Test Cases/Final Aug 2018 - PKS Automation/Registration Module/Log Out/log out avoiding katalon tagging

2018-12-11 14:02:00 - [TEST_STEP][PASSED] - navigateToUrl: Navigate to 'https://assist2-uat.perkeso.gov.my/c/portal/logout' successfully

2018-12-11 14:02:01 - [MESSAGE][PASSED] - Navigate to 'https://assist2-uat.perkeso.gov.my/c/portal/logout' successfully

2018-12-11 14:02:01 - [MESSAGE][PASSED] - Call Test Case 'Test Cases/Final Aug 2018 - PKS Automation/Registration Module/Log Out/log out avoiding katalon tagging' successfully

2018-12-11 14:02:01 - [TEST_STEP][PASSED] - delay: Delayed 2 second(s)

2018-12-11 14:02:03 - [MESSAGE][PASSED] - Delayed 2 second(s)

2018-12-11 14:02:03 - [TEST_STEP][PASSED] - setText: Text 'johorro3@gmail.com' is set on object 'Object Repository/Final Object Repo/New Registration - Registration Module Pages/New Reg - OTC to RO/Special Case - All Related Objects/Email TextBox'

2018-12-11 14:02:03 - [MESSAGE][PASSED] - Text 'johorro3@gmail.com' is set on object 'Object Repository/Final Object Repo/New Registration - Registration Module Pages/New Reg - OTC to RO/Special Case - All Related Objects/Email TextBox'

2018-12-11 14:02:03 - [TEST_STEP][PASSED] - click: Object: 'Object Repository/Final Object Repo/New Registration - Registration Module Pages/New Reg - OTC to RO/Special Case - All Related Objects/Next Button' is clicked on

2018-12-11 14:02:03 - [MESSAGE][PASSED] - Object: 'Object Repository/Final Object Repo/New Registration - Registration Module Pages/New Reg - OTC to RO/Special Case - All Related Objects/Next Button' is clicked on

2018-12-11 14:02:03 - [TEST_STEP][PASSED] - delay: Delayed 2 second(s)

2018-12-11 14:02:05 - [MESSAGE][PASSED] - Delayed 2 second(s)

2018-12-11 14:02:05 - [TEST_STEP][PASSED] - setText: Text 'Test1@3456789' is set on object 'Object Repository/Final Object Repo/New Registration - Registration Module Pages/New Reg - OTC to RO/Special Case - All Related Objects/Password TextBox'

2018-12-11 14:02:05 - [MESSAGE][PASSED] - Text 'Test1@3456789' is set on object 'Object Repository/Final Object Repo/New Registration - Registration Module Pages/New Reg - OTC to RO/Special Case - All Related Objects/Password TextBox'

2018-12-11 14:02:05 - [TEST_STEP][PASSED] - delay: Delayed 2 second(s)

2018-12-11 14:02:07 - [MESSAGE][PASSED] - Delayed 2 second(s)

2018-12-11 14:02:07 - [TEST_STEP][PASSED] - click: Object: 'Object Repository/Final Object Repo/New Registration - Registration Module Pages/New Reg - OTC to RO/Special Case - All Related Objects/Login Button' is clicked on

2018-12-11 14:02:08 - [MESSAGE][PASSED] - Object: 'Object Repository/Final Object Repo/New Registration - Registration Module Pages/New Reg - OTC to RO/Special Case - All Related Objects/Login Button' is clicked on

2018-12-11 14:02:08 - [TEST_STEP][PASSED] - delay: Delayed 2 second(s)

2018-12-11 14:02:10 - [MESSAGE][PASSED] - Delayed 2 second(s)

2018-12-11 14:02:10 - [TEST_STEP][PASSED] - Statement - Try: null

2018-12-11 14:02:10 - [TEST_STEP][PASSED] - Statement - Checker = com.kms.katalon.core.webui.keyword.WebUiBuiltInKeywords.verifyElementNotPresent("Final Object Repo/Landing Page/Select to English", 3): null

2018-12-11 14:02:10 - [TEST_STEP][PASSED] - Statement - Catch (Exception e): null

2018-12-11 14:02:10 - [TEST_STEP][PASSED] - Statement - e.printStackTrace(): null

2018-12-11 14:02:10 - [TEST_STEP][PASSED] - click: Object: 'Object Repository/Final Object Repo/New Registration - Registration Module Pages/New Reg - OTC to RO/Special Case - All Related Objects/Expand to Search' is clicked on

2018-12-11 14:02:10 - [MESSAGE][PASSED] - Object: 'Object Repository/Final Object Repo/New Registration - Registration Module Pages/New Reg - OTC to RO/Special Case - All Related Objects/Expand to Search' is clicked on

2018-12-11 14:02:10 - [TEST_STEP][PASSED] - setText: Text 'CRN12201800123171' is set on object 'Object Repository/Final Object Repo/New Registration - Registration Module Pages/New Reg - OTC to RO/Special Case - All Related Objects/TextBox RefNo in Workbasket'

2018-12-11 14:02:10 - [MESSAGE][PASSED] - Text 'CRN12201800123171' is set on object 'Object Repository/Final Object Repo/New Registration - Registration Module Pages/New Reg - OTC to RO/Special Case - All Related Objects/TextBox RefNo in Workbasket'

2018-12-11 14:02:10 - [TEST_STEP][PASSED] - delay: Delayed 2 second(s)

2018-12-11 14:02:12 - [MESSAGE][PASSED] - Delayed 2 second(s)

2018-12-11 14:02:12 - [TEST_STEP][PASSED] - click: Object: 'Object Repository/Final Object Repo/New Registration - Registration Module Pages/New Reg - OTC to RO/Special Case - All Related Objects/Click Search' is clicked on

2018-12-11 14:02:12 - [MESSAGE][PASSED] - Object: 'Object Repository/Final Object Repo/New Registration - Registration Module Pages/New Reg - OTC to RO/Special Case - All Related Objects/Click Search' is clicked on

2018-12-11 14:02:12 - [TEST_STEP][PASSED] - delay: Delayed 2 second(s)

2018-12-11 14:02:14 - [MESSAGE][PASSED] - Delayed 2 second(s)

2018-12-11 14:02:14 - [TEST_STEP][PASSED] - click: Object: 'Object Repository/Final Object Repo/New Registration - Registration Module Pages/New Reg - OTC to RO/Special Case - All Related Objects/Click to Continue Workflow' is clicked on

2018-12-11 14:02:18 - [MESSAGE][PASSED] - Object: 'Object Repository/Final Object Repo/New Registration - Registration Module Pages/New Reg - OTC to RO/Special Case - All Related Objects/Click to Continue Workflow' is clicked on

2018-12-11 14:02:18 - [TEST_STEP][PASSED] - delay: Delayed 2 second(s)

2018-12-11 14:02:20 - [MESSAGE][PASSED] - Delayed 2 second(s)

2018-12-11 14:02:20 - [TEST_STEP][PASSED] - click: Object: 'Object Repository/Final Object Repo/New Registration - Registration Module Pages/New Reg - OTC to RO/Special Case - All Related Objects/Continue Button in verifying case' is clicked on

2018-12-11 14:02:22 - [MESSAGE][PASSED] - Object: 'Object Repository/Final Object Repo/New Registration - Registration Module Pages/New Reg - OTC to RO/Special Case - All Related Objects/Continue Button in verifying case' is clicked on

2018-12-11 14:02:22 - [TEST_STEP][PASSED] - delay: Delayed 2 second(s)

2018-12-11 14:02:24 - [MESSAGE][PASSED] - Delayed 2 second(s)

2018-12-11 14:02:24 - [TEST_STEP][PASSED] - click: Object: 'Object Repository/Final Object Repo/New Registration - Registration Module Pages/Form 1/Registered As a Branch - Yes' is clicked on

2018-12-11 14:02:24 - [MESSAGE][PASSED] - Object: 'Object Repository/Final Object Repo/New Registration - Registration Module Pages/Form 1/Registered As a Branch - Yes' is clicked on

2018-12-11 14:02:24 - [TEST_STEP][PASSED] - delay: Delayed 2 second(s)

2018-12-11 14:02:26 - [MESSAGE][PASSED] - Delayed 2 second(s)

2018-12-11 14:02:26 - [TEST_STEP][PASSED] - click: Object: 'Object Repository/Final Object Repo/New Registration - Registration Module Pages/New Reg - OTC to RO/Special Case - All Related Objects/Form 1 Save n Continue' is clicked on

2018-12-11 14:02:26 - [MESSAGE][PASSED] - Object: 'Object Repository/Final Object Repo/New Registration - Registration Module Pages/New Reg - OTC to RO/Special Case - All Related Objects/Form 1 Save n Continue' is clicked on

2018-12-11 14:02:26 - [TEST_STEP][PASSED] - delay: Delayed 2 second(s)

2018-12-11 14:02:28 - [MESSAGE][PASSED] - Delayed 2 second(s)

2018-12-11 14:02:28 - [TEST_STEP][PASSED] - click: Object: 'Object Repository/Final Object Repo/New Registration - Registration Module Pages/New Reg - OTC to RO/Special Case - All Related Objects/Form 2 Save n Continue' is clicked on

2018-12-11 14:02:28 - [MESSAGE][PASSED] - Object: 'Object Repository/Final Object Repo/New Registration - Registration Module Pages/New Reg - OTC to RO/Special Case - All Related Objects/Form 2 Save n Continue' is clicked on

2018-12-11 14:02:28 - [TEST_STEP][PASSED] - delay: Delayed 2 second(s)

2018-12-11 14:02:30 - [MESSAGE][PASSED] - Delayed 2 second(s)

2018-12-11 14:02:30 - [TEST_STEP][PASSED] - click: Object: 'Object Repository/Final Object Repo/New Registration - Registration Module Pages/New Reg - OTC to RO/Special Case - All Related Objects/Third Screen Save n Continue' is clicked on

2018-12-11 14:02:35 - [MESSAGE][PASSED] - Object: 'Object Repository/Final Object Repo/New Registration - Registration Module Pages/New Reg - OTC to RO/Special Case - All Related Objects/Third Screen Save n Continue' is clicked on

2018-12-11 14:02:35 - [TEST_STEP][PASSED] - delay: Delayed 5 second(s)

2018-12-11 14:02:40 - [MESSAGE][PASSED] - Delayed 5 second(s)

2018-12-11 14:02:40 - [TEST_STEP][PASSED] - click: Object: 'Object Repository/Final Object Repo/New Registration - Registration Module Pages/New Reg - OTC to RO/Special Case - All Related Objects/Upload Doc Page Save n Continue' is clicked on

2018-12-11 14:02:40 - [MESSAGE][PASSED] - Object: 'Object Repository/Final Object Repo/New Registration - Registration Module Pages/New Reg - OTC to RO/Special Case - All Related Objects/Upload Doc Page Save n Continue' is clicked on

2018-12-11 14:02:40 - [TEST_STEP][PASSED] - callTestCase: Call Test Case 'Test Cases/Final Aug 2018 - PKS Automation/Registration Module/New Registration/Submit and Screenshot/Submit Registration and Screenshot' successfully

2018-12-11 14:02:40 - [TEST_CASE][PASSED] - Test Cases/Final Aug 2018 - PKS Automation/Registration Module/New Registration/Submit and Screenshot/Submit Registration and Screenshot: Test Cases/Final Aug 2018 - PKS Automation/Registration Module/New Registration/Submit and Screenshot/Submit Registration and Screenshot

2018-12-11 14:02:41 - [TEST_STEP][PASSED] - delay: Delayed 6 second(s)

2018-12-11 14:02:47 - [MESSAGE][PASSED] - Delayed 6 second(s)

2018-12-11 14:02:47 - [TEST_STEP][PASSED] - click: Object: 'Object Repository/Final Object Repo/New Registration - Registration Module Pages/Third Screen - Upload Supporting Doc- Preview/Preview Submit Button' is clicked on

2018-12-11 14:02:47 - [MESSAGE][PASSED] - Object: 'Object Repository/Final Object Repo/New Registration - Registration Module Pages/Third Screen - Upload Supporting Doc- Preview/Preview Submit Button' is clicked on

2018-12-11 14:02:47 - [TEST_STEP][PASSED] - delay: Delayed 2 second(s)

2018-12-11 14:02:49 - [MESSAGE][PASSED] - Delayed 2 second(s)

2018-12-11 14:02:49 - [TEST_STEP][PASSED] - click: Object: 'Object Repository/Final Object Repo/New Registration - Registration Module Pages/Third Screen - Upload Supporting Doc- Preview/Preview Submit - Confirm' is clicked on

2018-12-11 14:02:49 - [MESSAGE][PASSED] - Object: 'Object Repository/Final Object Repo/New Registration - Registration Module Pages/Third Screen - Upload Supporting Doc- Preview/Preview Submit - Confirm' is clicked on

2018-12-11 14:02:49 - [TEST_STEP][PASSED] - delay: Delayed 15 second(s)

2018-12-11 14:03:04 - [MESSAGE][PASSED] - Delayed 15 second(s)

2018-12-11 14:03:04 - [TEST_STEP][PASSED] - Statement - driver = com.kms.katalon.core.webui.driver.DriverFactory.getWebDriver(): null

2018-12-11 14:03:04 - [TEST_STEP][PASSED] - Statement - driver.manage().timeouts().implicitlyWait(10, SECONDS): null

2018-12-11 14:03:04 - [TEST_STEP][PASSED] - Statement - PresavePath = KatalonScreenshots: null

2018-12-11 14:03:04 - [TEST_STEP][PASSED] - Statement - pathPrefix = "C:\Users\Public\Pictures\Sample Pictures\Katalon Screenshots\Automate Ending Screen": null

2018-12-11 14:03:04 - [TEST_STEP][PASSED] - Statement - finalPath = <not implemented yet for class: org.codehaus.groovy.ast.expr.EmptyExpression>: null

2018-12-11 14:03:04 - [TEST_STEP][PASSED] - Statement - scrFile = driver.getScreenshotAs(FILE): null

2018-12-11 14:03:04 - [TEST_STEP][PASSED] - Statement - PreSaveFile = new java.io.File(PresavePath): null

2018-12-11 14:03:04 - [TEST_STEP][PASSED] - Statement - counter = 0: null

2018-12-11 14:03:04 - [TEST_STEP][PASSED] - Statement - If (PreSaveFile.exists()): null

2018-12-11 14:03:04 - [TEST_STEP][PASSED] - Statement - While (PreSaveFile.exists()): null

2018-12-11 14:03:04 - [TEST_STEP][PASSED] - Statement - counter = counter + 1: null

2018-12-11 14:03:04 - [TEST_STEP][PASSED] - Statement - PreSaveFile = new java.io.File(((pathPrefix + java.lang.Integer.toString(counter)) + .png)): null

2018-12-11 14:03:04 - [TEST_STEP][PASSED] - Statement - counter = counter + 1: null

2018-12-11 14:03:04 - [TEST_STEP][PASSED] - Statement - PreSaveFile = new java.io.File(((pathPrefix + java.lang.Integer.toString(counter)) + .png)): null

2018-12-11 14:03:04 - [TEST_STEP][PASSED] - Statement - counter = counter + 1: null

2018-12-11 14:03:04 - [TEST_STEP][PASSED] - Statement - PreSaveFile = new java.io.File(((pathPrefix + java.lang.Integer.toString(counter)) + .png)): null

2018-12-11 14:03:04 - [TEST_STEP][PASSED] - Statement - counter = counter + 1: null

2018-12-11 14:03:04 - [TEST_STEP][PASSED] - Statement - PreSaveFile = new java.io.File(((pathPrefix + java.lang.Integer.toString(counter)) + .png)): null

2018-12-11 14:03:04 - [TEST_STEP][PASSED] - Statement - counter = counter + 1: null

2018-12-11 14:03:04 - [TEST_STEP][PASSED] - Statement - PreSaveFile = new java.io.File(((pathPrefix + java.lang.Integer.toString(counter)) + .png)): null

2018-12-11 14:03:04 - [TEST_STEP][PASSED] - Statement - counter = counter + 1: null

2018-12-11 14:03:04 - [TEST_STEP][PASSED] - Statement - PreSaveFile = new java.io.File(((pathPrefix + java.lang.Integer.toString(counter)) + .png)): null

2018-12-11 14:03:04 - [TEST_STEP][PASSED] - Statement - counter = counter + 1: null

2018-12-11 14:03:04 - [TEST_STEP][PASSED] - Statement - PreSaveFile = new java.io.File(((pathPrefix + java.lang.Integer.toString(counter)) + .png)): null

2018-12-11 14:03:04 - [TEST_STEP][PASSED] - Statement - counter = counter + 1: null

2018-12-11 14:03:04 - [TEST_STEP][PASSED] - Statement - PreSaveFile = new java.io.File(((pathPrefix + java.lang.Integer.toString(counter)) + .png)): null

2018-12-11 14:03:04 - [TEST_STEP][PASSED] - Statement - counter = counter + 1: null

2018-12-11 14:03:04 - [TEST_STEP][PASSED] - Statement - PreSaveFile = new java.io.File(((pathPrefix + java.lang.Integer.toString(counter)) + .png)): null

2018-12-11 14:03:04 - [TEST_STEP][PASSED] - Statement - counter = counter + 1: null

2018-12-11 14:03:04 - [TEST_STEP][PASSED] - Statement - PreSaveFile = new java.io.File(((pathPrefix + java.lang.Integer.toString(counter)) + .png)): null

2018-12-11 14:03:04 - [TEST_STEP][PASSED] - Statement - counter = counter + 1: null

2018-12-11 14:03:04 - [TEST_STEP][PASSED] - Statement - PreSaveFile = new java.io.File(((pathPrefix + java.lang.Integer.toString(counter)) + .png)): null

2018-12-11 14:03:04 - [TEST_STEP][PASSED] - Statement - counter = counter + 1: null

2018-12-11 14:03:04 - [TEST_STEP][PASSED] - Statement - PreSaveFile = new java.io.File(((pathPrefix + java.lang.Integer.toString(counter)) + .png)): null

2018-12-11 14:03:04 - [TEST_STEP][PASSED] - Statement - counter = counter + 1: null

2018-12-11 14:03:04 - [TEST_STEP][PASSED] - Statement - PreSaveFile = new java.io.File(((pathPrefix + java.lang.Integer.toString(counter)) + .png)): null

2018-12-11 14:03:04 - [TEST_STEP][PASSED] - Statement - counter = counter + 1: null

2018-12-11 14:03:04 - [TEST_STEP][PASSED] - Statement - PreSaveFile = new java.io.File(((pathPrefix + java.lang.Integer.toString(counter)) + .png)): null

2018-12-11 14:03:04 - [TEST_STEP][PASSED] - Statement - counter = counter + 1: null

2018-12-11 14:03:04 - [TEST_STEP][PASSED] - Statement - PreSaveFile = new java.io.File(((pathPrefix + java.lang.Integer.toString(counter)) + .png)): null

2018-12-11 14:03:04 - [TEST_STEP][PASSED] - Statement - counter = counter + 1: null

2018-12-11 14:03:04 - [TEST_STEP][PASSED] - Statement - PreSaveFile = new java.io.File(((pathPrefix + java.lang.Integer.toString(counter)) + .png)): null

2018-12-11 14:03:04 - [TEST_STEP][PASSED] - Statement - counter = counter + 1: null

2018-12-11 14:03:04 - [TEST_STEP][PASSED] - Statement - PreSaveFile = new java.io.File(((pathPrefix + java.lang.Integer.toString(counter)) + .png)): null

2018-12-11 14:03:04 - [TEST_STEP][PASSED] - Statement - counter = counter + 1: null

2018-12-11 14:03:04 - [TEST_STEP][PASSED] - Statement - PreSaveFile = new java.io.File(((pathPrefix + java.lang.Integer.toString(counter)) + .png)): null

2018-12-11 14:03:04 - [TEST_STEP][PASSED] - Statement - counter = counter + 1: null

2018-12-11 14:03:04 - [TEST_STEP][PASSED] - Statement - PreSaveFile = new java.io.File(((pathPrefix + java.lang.Integer.toString(counter)) + .png)): null

2018-12-11 14:03:04 - [TEST_STEP][PASSED] - Statement - counter = counter + 1: null

2018-12-11 14:03:04 - [TEST_STEP][PASSED] - Statement - PreSaveFile = new java.io.File(((pathPrefix + java.lang.Integer.toString(counter)) + .png)): null

2018-12-11 14:03:04 - [TEST_STEP][PASSED] - Statement - counter = counter + 1: null

2018-12-11 14:03:04 - [TEST_STEP][PASSED] - Statement - PreSaveFile = new java.io.File(((pathPrefix + java.lang.Integer.toString(counter)) + .png)): null

2018-12-11 14:03:04 - [TEST_STEP][PASSED] - Statement - counter = counter + 1: null

2018-12-11 14:03:04 - [TEST_STEP][PASSED] - Statement - PreSaveFile = new java.io.File(((pathPrefix + java.lang.Integer.toString(counter)) + .png)): null

2018-12-11 14:03:04 - [TEST_STEP][PASSED] - Statement - counter = counter + 1: null

2018-12-11 14:03:04 - [TEST_STEP][PASSED] - Statement - PreSaveFile = new java.io.File(((pathPrefix + java.lang.Integer.toString(counter)) + .png)): null

2018-12-11 14:03:04 - [TEST_STEP][PASSED] - Statement - counter = counter + 1: null

2018-12-11 14:03:04 - [TEST_STEP][PASSED] - Statement - PreSaveFile = new java.io.File(((pathPrefix + java.lang.Integer.toString(counter)) + .png)): null

2018-12-11 14:03:04 - [TEST_STEP][PASSED] - Statement - counter = counter + 1: null

2018-12-11 14:03:04 - [TEST_STEP][PASSED] - Statement - PreSaveFile = new java.io.File(((pathPrefix + java.lang.Integer.toString(counter)) + .png)): null

2018-12-11 14:03:04 - [TEST_STEP][PASSED] - Statement - counter = counter + 1: null

2018-12-11 14:03:04 - [TEST_STEP][PASSED] - Statement - PreSaveFile = new java.io.File(((pathPrefix + java.lang.Integer.toString(counter)) + .png)): null

2018-12-11 14:03:04 - [TEST_STEP][PASSED] - Statement - counter = counter + 1: null

2018-12-11 14:03:04 - [TEST_STEP][PASSED] - Statement - PreSaveFile = new java.io.File(((pathPrefix + java.lang.Integer.toString(counter)) + .png)): null

2018-12-11 14:03:04 - [TEST_STEP][PASSED] - Statement - counter = counter + 1: null

2018-12-11 14:03:04 - [TEST_STEP][PASSED] - Statement - PreSaveFile = new java.io.File(((pathPrefix + java.lang.Integer.toString(counter)) + .png)): null

2018-12-11 14:03:04 - [TEST_STEP][PASSED] - Statement - counter = counter + 1: null

2018-12-11 14:03:04 - [TEST_STEP][PASSED] - Statement - PreSaveFile = new java.io.File(((pathPrefix + java.lang.Integer.toString(counter)) + .png)): null

2018-12-11 14:03:04 - [TEST_STEP][PASSED] - Statement - counter = counter + 1: null

2018-12-11 14:03:04 - [TEST_STEP][PASSED] - Statement - PreSaveFile = new java.io.File(((pathPrefix + java.lang.Integer.toString(counter)) + .png)): null

2018-12-11 14:03:04 - [TEST_STEP][PASSED] - Statement - counter = counter + 1: null

2018-12-11 14:03:04 - [TEST_STEP][PASSED] - Statement - PreSaveFile = new java.io.File(((pathPrefix + java.lang.Integer.toString(counter)) + .png)): null

2018-12-11 14:03:04 - [TEST_STEP][PASSED] - Statement - counter = counter + 1: null

2018-12-11 14:03:04 - [TEST_STEP][PASSED] - Statement - PreSaveFile = new java.io.File(((pathPrefix + java.lang.Integer.toString(counter)) + .png)): null

2018-12-11 14:03:04 - [TEST_STEP][PASSED] - Statement - counter = counter + 1: null

2018-12-11 14:03:04 - [TEST_STEP][PASSED] - Statement - PreSaveFile = new java.io.File(((pathPrefix + java.lang.Integer.toString(counter)) + .png)): null

2018-12-11 14:03:04 - [TEST_STEP][PASSED] - Statement - counter = counter + 1: null

2018-12-11 14:03:04 - [TEST_STEP][PASSED] - Statement - PreSaveFile = new java.io.File(((pathPrefix + java.lang.Integer.toString(counter)) + .png)): null

2018-12-11 14:03:04 - [TEST_STEP][PASSED] - Statement - counter = counter + 1: null

2018-12-11 14:03:04 - [TEST_STEP][PASSED] - Statement - PreSaveFile = new java.io.File(((pathPrefix + java.lang.Integer.toString(counter)) + .png)): null

2018-12-11 14:03:04 - [TEST_STEP][PASSED] - Statement - counter = counter + 1: null

2018-12-11 14:03:04 - [TEST_STEP][PASSED] - Statement - PreSaveFile = new java.io.File(((pathPrefix + java.lang.Integer.toString(counter)) + .png)): null

2018-12-11 14:03:04 - [TEST_STEP][PASSED] - Statement - counter = counter + 1: null

2018-12-11 14:03:04 - [TEST_STEP][PASSED] - Statement - PreSaveFile = new java.io.File(((pathPrefix + java.lang.Integer.toString(counter)) + .png)): null

2018-12-11 14:03:04 - [TEST_STEP][PASSED] - Statement - counter = counter + 1: null

2018-12-11 14:03:04 - [TEST_STEP][PASSED] - Statement - PreSaveFile = new java.io.File(((pathPrefix + java.lang.Integer.toString(counter)) + .png)): null

2018-12-11 14:03:04 - [TEST_STEP][PASSED] - Statement - counter = counter + 1: null

2018-12-11 14:03:04 - [TEST_STEP][PASSED] - Statement - PreSaveFile = new java.io.File(((pathPrefix + java.lang.Integer.toString(counter)) + .png)): null

2018-12-11 14:03:04 - [TEST_STEP][PASSED] - Statement - counter = counter + 1: null

2018-12-11 14:03:04 - [TEST_STEP][PASSED] - Statement - PreSaveFile = new java.io.File(((pathPrefix + java.lang.Integer.toString(counter)) + .png)): null

2018-12-11 14:03:04 - [TEST_STEP][PASSED] - Statement - counter = counter + 1: null

2018-12-11 14:03:04 - [TEST_STEP][PASSED] - Statement - PreSaveFile = new java.io.File(((pathPrefix + java.lang.Integer.toString(counter)) + .png)): null

2018-12-11 14:03:04 - [TEST_STEP][PASSED] - Statement - counter = counter + 1: null

2018-12-11 14:03:04 - [TEST_STEP][PASSED] - Statement - PreSaveFile = new java.io.File(((pathPrefix + java.lang.Integer.toString(counter)) + .png)): null

2018-12-11 14:03:04 - [TEST_STEP][PASSED] - Statement - counter = counter + 1: null

2018-12-11 14:03:04 - [TEST_STEP][PASSED] - Statement - PreSaveFile = new java.io.File(((pathPrefix + java.lang.Integer.toString(counter)) + .png)): null

2018-12-11 14:03:04 - [TEST_STEP][PASSED] - Statement - counter = counter + 1: null

2018-12-11 14:03:04 - [TEST_STEP][PASSED] - Statement - PreSaveFile = new java.io.File(((pathPrefix + java.lang.Integer.toString(counter)) + .png)): null

2018-12-11 14:03:04 - [TEST_STEP][PASSED] - Statement - counter = counter + 1: null

2018-12-11 14:03:04 - [TEST_STEP][PASSED] - Statement - PreSaveFile = new java.io.File(((pathPrefix + java.lang.Integer.toString(counter)) + .png)): null

2018-12-11 14:03:04 - [TEST_STEP][PASSED] - Statement - counter = counter + 1: null

2018-12-11 14:03:04 - [TEST_STEP][PASSED] - Statement - PreSaveFile = new java.io.File(((pathPrefix + java.lang.Integer.toString(counter)) + .png)): null

2018-12-11 14:03:04 - [TEST_STEP][PASSED] - Statement - counter = counter + 1: null

2018-12-11 14:03:04 - [TEST_STEP][PASSED] - Statement - PreSaveFile = new java.io.File(((pathPrefix + java.lang.Integer.toString(counter)) + .png)): null

2018-12-11 14:03:04 - [TEST_STEP][PASSED] - Statement - finalPath = pathPrefix + java.lang.Integer.toString(counter) + ".png": null

2018-12-11 14:03:04 - [TEST_STEP][PASSED] - Statement - SaveFile = new java.io.File(finalPath): null

2018-12-11 14:03:04 - [TEST_STEP][PASSED] - Statement - Try: null

2018-12-11 14:03:04 - [TEST_STEP][PASSED] - Statement - org.apache.commons.io.FileUtils.copyFile(scrFile, SaveFile): null

2018-12-11 14:03:04 - [TEST_STEP][PASSED] - Statement - out.println("file kept"): null

2018-12-11 14:03:04 - [TEST_STEP][PASSED] - delay: Delayed 10 second(s)

2018-12-11 14:03:14 - [MESSAGE][PASSED] - Delayed 10 second(s)

2018-12-11 14:03:14 - [MESSAGE][PASSED] - Call Test Case 'Test Cases/Final Aug 2018 - PKS Automation/Registration Module/New Registration/Submit and Screenshot/Submit Registration and Screenshot' successfully]]></system-out>
         <system-err><![CDATA[]]></system-err>
      </testcase>
      <testcase name="Test Cases/Final Aug 2018 - PKS Automation/Registration Module/Workflow/New Registration/Case PKR BO to RO - RO Under Enforcement" classname="Test Cases/Final Aug 2018 - PKS Automation/Registration Module/Workflow/New Registration/Case PKR BO to RO - RO Under Enforcement" status="PASSED">
         <system-out><![CDATA[2018-12-11 14:03:14 - [TEST_CASE][PASSED] - Test Cases/Final Aug 2018 - PKS Automation/Registration Module/Workflow/New Registration/Case PKR BO to RO - RO Under Enforcement: Test Cases/Final Aug 2018 - PKS Automation/Registration Module/Workflow/New Registration/Case PKR BO to RO - RO Under Enforcement

2018-12-11 14:03:15 - [TEST_STEP][PASSED] - callTestCase: Call Test Case 'Test Cases/Final Aug 2018 - PKS Automation/Registration Module/Workflow/New Registration/Template/Special Case - PKR BO - Form 1' successfully

2018-12-11 14:03:15 - [TEST_CASE][PASSED] - Test Cases/Final Aug 2018 - PKS Automation/Registration Module/Workflow/New Registration/Template/Special Case - PKR BO - Form 1: Test Cases/Final Aug 2018 - PKS Automation/Registration Module/Workflow/New Registration/Template/Special Case - PKR BO - Form 1

2018-12-11 14:03:15 - [TEST_STEP][PASSED] - openBrowser: Browser is opened with url: ''

2018-12-11 14:03:15 - [MESSAGE][WARNING] - A browser is already opened. Closing browser and opening a new one

2018-12-11 14:03:19 - [MESSAGE][PASSED] - Browser is opened with url: ''

2018-12-11 14:03:19 - [TEST_STEP][PASSED] - navigateToUrl: Navigate to 'https://assist2-uat.perkeso.gov.my/login' successfully

2018-12-11 14:03:20 - [MESSAGE][PASSED] - Navigate to 'https://assist2-uat.perkeso.gov.my/login' successfully

2018-12-11 14:03:20 - [TEST_STEP][PASSED] - delay: Delayed 2 second(s)

2018-12-11 14:03:22 - [MESSAGE][PASSED] - Delayed 2 second(s)

2018-12-11 14:03:22 - [TEST_STEP][PASSED] - setText: Text 'klpkrbo2@gmail.com' is set on object 'Object Repository/Final Object Repo/Login Page/Internal User/Email Address'

2018-12-11 14:03:23 - [MESSAGE][PASSED] - Text 'klpkrbo2@gmail.com' is set on object 'Object Repository/Final Object Repo/Login Page/Internal User/Email Address'

2018-12-11 14:03:23 - [TEST_STEP][PASSED] - click: Object: 'Object Repository/Final Object Repo/Login Page/Internal User/Next Button' is clicked on

2018-12-11 14:03:23 - [MESSAGE][PASSED] - Object: 'Object Repository/Final Object Repo/Login Page/Internal User/Next Button' is clicked on

2018-12-11 14:03:23 - [TEST_STEP][PASSED] - delay: Delayed 2 second(s)

2018-12-11 14:03:25 - [MESSAGE][PASSED] - Delayed 2 second(s)

2018-12-11 14:03:25 - [TEST_STEP][PASSED] - setText: Text 'Test1@3456789' is set on object 'Object Repository/Final Object Repo/Login Page/Internal User/Password'

2018-12-11 14:03:25 - [MESSAGE][PASSED] - Text 'Test1@3456789' is set on object 'Object Repository/Final Object Repo/Login Page/Internal User/Password'

2018-12-11 14:03:25 - [TEST_STEP][PASSED] - delay: Delayed 2 second(s)

2018-12-11 14:03:27 - [MESSAGE][PASSED] - Delayed 2 second(s)

2018-12-11 14:03:27 - [TEST_STEP][PASSED] - click: Object: 'Object Repository/Final Object Repo/Login Page/Internal User/Login Button' is clicked on

2018-12-11 14:03:27 - [MESSAGE][PASSED] - Object: 'Object Repository/Final Object Repo/Login Page/Internal User/Login Button' is clicked on

2018-12-11 14:03:27 - [TEST_STEP][PASSED] - Statement - Try: null

2018-12-11 14:03:27 - [TEST_STEP][PASSED] - Statement - Checker = com.kms.katalon.core.webui.keyword.WebUiBuiltInKeywords.verifyElementNotPresent("Final Object Repo/Landing Page/Select to English", 3): null

2018-12-11 14:03:27 - [TEST_STEP][PASSED] - Statement - Catch (Exception e): null

2018-12-11 14:03:27 - [TEST_STEP][PASSED] - Statement - e.printStackTrace(): null

2018-12-11 14:03:27 - [TEST_STEP][PASSED] - delay: Delayed 5 second(s)

2018-12-11 14:03:32 - [MESSAGE][PASSED] - Delayed 5 second(s)

2018-12-11 14:03:32 - [TEST_STEP][PASSED] - click: Object: 'Object Repository/Final Object Repo/Landing Page/My Sites Drop Down' is clicked on

2018-12-11 14:03:32 - [MESSAGE][PASSED] - Object: 'Object Repository/Final Object Repo/Landing Page/My Sites Drop Down' is clicked on

2018-12-11 14:03:32 - [TEST_STEP][PASSED] - click: Object: 'Object Repository/Final Object Repo/Landing Page/Select to Registration Module' is clicked on

2018-12-11 14:03:33 - [MESSAGE][PASSED] - Object: 'Object Repository/Final Object Repo/Landing Page/Select to Registration Module' is clicked on

2018-12-11 14:03:33 - [TEST_STEP][PASSED] - click: Object: 'Object Repository/Final Object Repo/Landing Page/Registration Button' is clicked on

2018-12-11 14:03:35 - [MESSAGE][PASSED] - Object: 'Object Repository/Final Object Repo/Landing Page/Registration Button' is clicked on

2018-12-11 14:03:35 - [TEST_STEP][PASSED] - delay: Delayed 2 second(s)

2018-12-11 14:03:37 - [MESSAGE][PASSED] - Delayed 2 second(s)

2018-12-11 14:03:37 - [TEST_STEP][PASSED] - click: Object: 'Object Repository/Final Object Repo/New Registration - Registration Module Pages/New Reg - OTC to RO/Special Case - OTC - Form 1/AEC NO' is clicked on

2018-12-11 14:03:37 - [MESSAGE][PASSED] - Object: 'Object Repository/Final Object Repo/New Registration - Registration Module Pages/New Reg - OTC to RO/Special Case - OTC - Form 1/AEC NO' is clicked on

2018-12-11 14:03:37 - [TEST_STEP][PASSED] - click: Object: 'Object Repository/Final Object Repo/New Registration - Registration Module Pages/New Reg - OTC to RO/Special Case - OTC - Form 1/Business Entity - Please Select' is clicked on

2018-12-11 14:03:37 - [MESSAGE][PASSED] - Object: 'Object Repository/Final Object Repo/New Registration - Registration Module Pages/New Reg - OTC to RO/Special Case - OTC - Form 1/Business Entity - Please Select' is clicked on

2018-12-11 14:03:37 - [TEST_STEP][PASSED] - click: Object: 'Object Repository/Final Object Repo/New Registration - Registration Module Pages/New Reg - OTC to RO/Special Case - OTC - Form 1/Selected - Corporation' is clicked on

2018-12-11 14:03:37 - [MESSAGE][PASSED] - Object: 'Object Repository/Final Object Repo/New Registration - Registration Module Pages/New Reg - OTC to RO/Special Case - OTC - Form 1/Selected - Corporation' is clicked on

2018-12-11 14:03:37 - [TEST_STEP][PASSED] - delay: Delayed 2 second(s)

2018-12-11 14:03:39 - [MESSAGE][PASSED] - Delayed 2 second(s)

2018-12-11 14:03:39 - [TEST_STEP][PASSED] - click: Object: 'Object Repository/Final Object Repo/New Registration - Registration Module Pages/New Reg - OTC to RO/Special Case - OTC - Form 1/Sub Business Entity - Please Select' is clicked on

2018-12-11 14:03:39 - [MESSAGE][PASSED] - Object: 'Object Repository/Final Object Repo/New Registration - Registration Module Pages/New Reg - OTC to RO/Special Case - OTC - Form 1/Sub Business Entity - Please Select' is clicked on

2018-12-11 14:03:39 - [TEST_STEP][PASSED] - delay: Delayed 2 second(s)

2018-12-11 14:03:41 - [MESSAGE][PASSED] - Delayed 2 second(s)

2018-12-11 14:03:41 - [TEST_STEP][PASSED] - click: Object: 'Object Repository/Final Object Repo/New Registration - Registration Module Pages/New Reg - OTC to RO/Special Case - OTC - Form 1/Selected - Sendirian Berhad' is clicked on

2018-12-11 14:03:42 - [MESSAGE][PASSED] - Object: 'Object Repository/Final Object Repo/New Registration - Registration Module Pages/New Reg - OTC to RO/Special Case - OTC - Form 1/Selected - Sendirian Berhad' is clicked on

2018-12-11 14:03:42 - [TEST_STEP][PASSED] - setText: Text 'AUTOMATE001' is set on object 'Object Repository/Final Object Repo/New Registration - Registration Module Pages/New Reg - OTC to RO/Special Case - OTC - Form 1/Input BRN Number'

2018-12-11 14:03:42 - [MESSAGE][PASSED] - Text 'AUTOMATE001' is set on object 'Object Repository/Final Object Repo/New Registration - Registration Module Pages/New Reg - OTC to RO/Special Case - OTC - Form 1/Input BRN Number'

2018-12-11 14:03:42 - [TEST_STEP][PASSED] - delay: Delayed 2 second(s)

2018-12-11 14:03:44 - [MESSAGE][PASSED] - Delayed 2 second(s)

2018-12-11 14:03:44 - [TEST_STEP][PASSED] - click: Object: 'Object Repository/Final Object Repo/New Registration - Registration Module Pages/New Reg - OTC to RO/Special Case - OTC - Form 1/BRN Search' is clicked on

2018-12-11 14:03:44 - [MESSAGE][PASSED] - Object: 'Object Repository/Final Object Repo/New Registration - Registration Module Pages/New Reg - OTC to RO/Special Case - OTC - Form 1/BRN Search' is clicked on

2018-12-11 14:03:44 - [TEST_STEP][PASSED] - delay: Delayed 4 second(s)

2018-12-11 14:03:48 - [MESSAGE][PASSED] - Delayed 4 second(s)

2018-12-11 14:03:48 - [TEST_STEP][PASSED] - click: Object: 'Object Repository/Final Object Repo/New Registration - Registration Module Pages/New Reg - OTC to RO/Special Case - OTC - Form 1/Registered with SSM - After Feb 2017' is clicked on

2018-12-11 14:03:49 - [MESSAGE][PASSED] - Object: 'Object Repository/Final Object Repo/New Registration - Registration Module Pages/New Reg - OTC to RO/Special Case - OTC - Form 1/Registered with SSM - After Feb 2017' is clicked on

2018-12-11 14:03:49 - [TEST_STEP][PASSED] - delay: Delayed 2 second(s)

2018-12-11 14:03:51 - [MESSAGE][PASSED] - Delayed 2 second(s)

2018-12-11 14:03:51 - [TEST_STEP][PASSED] - click: Object: 'Object Repository/Final Object Repo/New Registration - Registration Module Pages/New Reg - OTC to RO/Special Case - OTC - Form 1/Registering As A Branch - No' is clicked on

2018-12-11 14:03:51 - [MESSAGE][PASSED] - Object: 'Object Repository/Final Object Repo/New Registration - Registration Module Pages/New Reg - OTC to RO/Special Case - OTC - Form 1/Registering As A Branch - No' is clicked on

2018-12-11 14:03:51 - [TEST_STEP][PASSED] - click: Object: 'Object Repository/Final Object Repo/New Registration - Registration Module Pages/New Reg - OTC to RO/Special Case - OTC - Form 1/Acknowledgement Ticked' is clicked on

2018-12-11 14:03:51 - [MESSAGE][PASSED] - Object: 'Object Repository/Final Object Repo/New Registration - Registration Module Pages/New Reg - OTC to RO/Special Case - OTC - Form 1/Acknowledgement Ticked' is clicked on

2018-12-11 14:03:51 - [TEST_STEP][PASSED] - click: Object: 'Object Repository/Final Object Repo/New Registration - Registration Module Pages/New Reg - OTC to RO/Special Case - OTC - Form 1/Submit Button' is clicked on

2018-12-11 14:03:51 - [MESSAGE][PASSED] - Object: 'Object Repository/Final Object Repo/New Registration - Registration Module Pages/New Reg - OTC to RO/Special Case - OTC - Form 1/Submit Button' is clicked on

2018-12-11 14:03:51 - [TEST_STEP][PASSED] - delay: Delayed 2 second(s)

2018-12-11 14:03:53 - [MESSAGE][PASSED] - Delayed 2 second(s)

2018-12-11 14:03:53 - [TEST_STEP][PASSED] - click: Object: 'Object Repository/Final Object Repo/New Registration - Registration Module Pages/New Reg - OTC to RO/Special Case - OTC - Form 1/Confirm No Flagging as Branch' is clicked on

2018-12-11 14:03:53 - [MESSAGE][PASSED] - Object: 'Object Repository/Final Object Repo/New Registration - Registration Module Pages/New Reg - OTC to RO/Special Case - OTC - Form 1/Confirm No Flagging as Branch' is clicked on

2018-12-11 14:03:53 - [MESSAGE][PASSED] - Call Test Case 'Test Cases/Final Aug 2018 - PKS Automation/Registration Module/Workflow/New Registration/Template/Special Case - PKR BO - Form 1' successfully

2018-12-11 14:03:53 - [TEST_STEP][PASSED] - callTestCase: Call Test Case 'Test Cases/Final Aug 2018 - PKS Automation/Registration Module/New Registration/Form 2/Add 1 Eligible' successfully

2018-12-11 14:03:53 - [TEST_CASE][PASSED] - Test Cases/Final Aug 2018 - PKS Automation/Registration Module/New Registration/Form 2/Add 1 Eligible: Test Cases/Final Aug 2018 - PKS Automation/Registration Module/New Registration/Form 2/Add 1 Eligible

2018-12-11 14:03:53 - [TEST_STEP][PASSED] - delay: Delayed 2 second(s)

2018-12-11 14:03:55 - [MESSAGE][PASSED] - Delayed 2 second(s)

2018-12-11 14:03:55 - [TEST_STEP][PASSED] - callTestCase: Call Test Case 'Test Cases/Final Aug 2018 - PKS Automation/Registration Module/New Registration/Form 2/Date Updater' successfully

2018-12-11 14:03:55 - [TEST_CASE][PASSED] - Test Cases/Final Aug 2018 - PKS Automation/Registration Module/New Registration/Form 2/Date Updater: Test Cases/Final Aug 2018 - PKS Automation/Registration Module/New Registration/Form 2/Date Updater

2018-12-11 14:03:55 - [TEST_STEP][PASSED] - Statement - TodayDate = new java.util.Date(): null

2018-12-11 14:03:55 - [TEST_STEP][PASSED] - Statement - CurrentDateNoFilter = new java.text.SimpleDateFormat(): null

2018-12-11 14:03:55 - [TEST_STEP][PASSED] - Statement - CurrentDateNoFilter.applyPattern("MM"): null

2018-12-11 14:03:55 - [TEST_STEP][PASSED] - Statement - monthContainerMatcher = java.lang.Integer.parseInt(CurrentDateNoFilter.format(TodayDate)): null

2018-12-11 14:03:55 - [TEST_STEP][PASSED] - Statement - monthContainerMatcher = monthContainerMatcher - 1: null

2018-12-11 14:03:55 - [TEST_STEP][PASSED] - Statement - CurrentMonth = monthContainerMatcher.toString(): null

2018-12-11 14:03:55 - [TEST_STEP][PASSED] - Statement - CurrentMonth = CurrentMonth: null

2018-12-11 14:03:55 - [TEST_STEP][PASSED] - Statement - CurrentDateNoFilter.applyPattern("yyyy"): null

2018-12-11 14:03:55 - [TEST_STEP][PASSED] - Statement - CurrentYear = CurrentDateNoFilter.format(TodayDate): null

2018-12-11 14:03:55 - [TEST_STEP][PASSED] - Statement - CurrentYear = CurrentYear: null

2018-12-11 14:03:55 - [TEST_STEP][PASSED] - Statement - intCurrentYear = java.lang.Integer.parseInt(CurrentDateNoFilter.format(TodayDate)): null

2018-12-11 14:03:55 - [TEST_STEP][PASSED] - Statement - eighteenYrsAgo = intCurrentYear - 18: null

2018-12-11 14:03:55 - [TEST_STEP][PASSED] - Statement - eighteenYrsBeforeThisYr = eighteenYrsAgo.toString(): null

2018-12-11 14:03:55 - [TEST_STEP][PASSED] - Statement - EighteenYrsBefore = eighteenYrsBeforeThisYr: null

2018-12-11 14:03:55 - [TEST_STEP][PASSED] - Statement - fiftysevenYrsAgo = intCurrentYear - 57: null

2018-12-11 14:03:55 - [TEST_STEP][PASSED] - Statement - fiftysevenYrsBeforeThisYr = fiftysevenYrsAgo.toString(): null

2018-12-11 14:03:55 - [TEST_STEP][PASSED] - Statement - FiftysevenYrsBefore = fiftysevenYrsBeforeThisYr: null

2018-12-11 14:03:55 - [TEST_STEP][PASSED] - Statement - leapYear = false: null

2018-12-11 14:03:55 - [TEST_STEP][PASSED] - Statement - leapYear = intCurrentYear % 4 == 0: null

2018-12-11 14:03:55 - [TEST_STEP][PASSED] - Statement - CurrentDateNoFilter.applyPattern("dd"): null

2018-12-11 14:03:55 - [TEST_STEP][PASSED] - Statement - CurrentDate = CurrentDateNoFilter.format(TodayDate): null

2018-12-11 14:03:55 - [TEST_STEP][PASSED] - Statement - CurrentDate = java.lang.Integer.parseInt(CurrentDate): null

2018-12-11 14:03:55 - [TEST_STEP][PASSED] - Statement - CurrentDate = CurrentDate: null

2018-12-11 14:03:55 - [TEST_STEP][PASSED] - Statement - CurrentDay = java.lang.Integer.parseInt(CurrentDate): null

2018-12-11 14:03:55 - [TEST_STEP][PASSED] - Statement - ConfAdder = <not implemented yet for class: org.codehaus.groovy.ast.expr.EmptyExpression>: null

2018-12-11 14:03:55 - [TEST_STEP][PASSED] - Statement - out.println(CurrentMonth): null

2018-12-11 14:03:55 - [TEST_STEP][PASSED] - Statement - out.println(CurrentDate): null

2018-12-11 14:03:55 - [TEST_STEP][PASSED] - Statement - switch (CurrentDate): null

2018-12-11 14:03:55 - [TEST_STEP][PASSED] - Statement - Default: null

2018-12-11 14:03:55 - [TEST_STEP][PASSED] - Statement - ConfAdder = true: null

2018-12-11 14:03:55 - [TEST_STEP][PASSED] - Statement - Break: null

2018-12-11 14:03:55 - [TEST_STEP][PASSED] - Statement - aDayBefore = <not implemented yet for class: org.codehaus.groovy.ast.expr.EmptyExpression>: null

2018-12-11 14:03:55 - [TEST_STEP][PASSED] - Statement - out.println(ConfAdder): null

2018-12-11 14:03:55 - [TEST_STEP][PASSED] - Statement - If (ConfAdder == true): null

2018-12-11 14:03:55 - [TEST_STEP][PASSED] - Statement - aDayBefore = CurrentDay + 1: null

2018-12-11 14:03:55 - [TEST_STEP][PASSED] - Statement - out.println(aDayBefore): null

2018-12-11 14:03:55 - [TEST_STEP][PASSED] - Statement - If (aDayBefore == 1 && CurrentMonth == 11): null

2018-12-11 14:03:55 - [TEST_STEP][PASSED] - Statement - DayBefore = aDayBefore.toString(): null

2018-12-11 14:03:55 - [TEST_STEP][PASSED] - Statement - OneDayBefore = DayBefore: null

2018-12-11 14:03:55 - [MESSAGE][PASSED] - Call Test Case 'Test Cases/Final Aug 2018 - PKS Automation/Registration Module/New Registration/Form 2/Date Updater' successfully

2018-12-11 14:03:55 - [TEST_STEP][PASSED] - delay: Delayed 1 second(s)

2018-12-11 14:03:56 - [MESSAGE][PASSED] - Delayed 1 second(s)

2018-12-11 14:03:56 - [TEST_STEP][PASSED] - Statement - CaseReferenceNo = com.kms.katalon.core.webui.keyword.WebUiBuiltInKeywords.getText(com.kms.katalon.core.testobject.ObjectRepository.findTestObject(Final Object Repo/New Registration - Registration Module Pages/Form 2/RefNo Acquiring)): Text of object 'Object Repository/Final Object Repo/New Registration - Registration Module Pages/Form 2/RefNo Acquiring' is: 'CRN12201800123172'

2018-12-11 14:03:57 - [MESSAGE][PASSED] - Text of object 'Object Repository/Final Object Repo/New Registration - Registration Module Pages/Form 2/RefNo Acquiring' is: 'CRN12201800123172'

2018-12-11 14:03:57 - [TEST_STEP][PASSED] - delay: Delayed 1 second(s)

2018-12-11 14:03:58 - [MESSAGE][PASSED] - Delayed 1 second(s)

2018-12-11 14:03:58 - [TEST_STEP][PASSED] - click: Object: 'Object Repository/Final Object Repo/New Registration - Registration Module Pages/Form 2/Add Employee Button' is clicked on

2018-12-11 14:03:58 - [MESSAGE][PASSED] - Object: 'Object Repository/Final Object Repo/New Registration - Registration Module Pages/Form 2/Add Employee Button' is clicked on

2018-12-11 14:03:58 - [TEST_STEP][PASSED] - delay: Delayed 1 second(s)

2018-12-11 14:03:59 - [MESSAGE][PASSED] - Delayed 1 second(s)

2018-12-11 14:03:59 - [TEST_STEP][PASSED] - setText: Text '010903091963' is set on object 'Object Repository/Final Object Repo/New Registration - Registration Module Pages/Form 2/NRIC Input'

2018-12-11 14:03:59 - [MESSAGE][PASSED] - Text '010903091963' is set on object 'Object Repository/Final Object Repo/New Registration - Registration Module Pages/Form 2/NRIC Input'

2018-12-11 14:03:59 - [TEST_STEP][PASSED] - click: Object: 'Object Repository/Final Object Repo/New Registration - Registration Module Pages/Form 2/button for search for IC' is clicked on

2018-12-11 14:03:59 - [MESSAGE][PASSED] - Object: 'Object Repository/Final Object Repo/New Registration - Registration Module Pages/Form 2/button for search for IC' is clicked on

2018-12-11 14:03:59 - [TEST_STEP][PASSED] - delay: Delayed 2 second(s)

2018-12-11 14:04:01 - [MESSAGE][PASSED] - Delayed 2 second(s)

2018-12-11 14:04:01 - [TEST_STEP][PASSED] - setText: Text 'Automate001 eligible 1' is set on object 'Object Repository/Final Object Repo/New Registration - Registration Module Pages/Form 2/Employee Name Input'

2018-12-11 14:04:02 - [MESSAGE][PASSED] - Text 'Automate001 eligible 1' is set on object 'Object Repository/Final Object Repo/New Registration - Registration Module Pages/Form 2/Employee Name Input'

2018-12-11 14:04:02 - [TEST_STEP][PASSED] - delay: Delayed 2 second(s)

2018-12-11 14:04:04 - [MESSAGE][PASSED] - Delayed 2 second(s)

2018-12-11 14:04:04 - [TEST_STEP][PASSED] - click: Object: 'Object Repository/Final Object Repo/New Registration - Registration Module Pages/Form 2/DatePicker Pop Up' is clicked on

2018-12-11 14:04:04 - [MESSAGE][PASSED] - Object: 'Object Repository/Final Object Repo/New Registration - Registration Module Pages/Form 2/DatePicker Pop Up' is clicked on

2018-12-11 14:04:04 - [TEST_STEP][PASSED] - click: Object: 'Object Repository/Final Object Repo/New Registration - Registration Module Pages/Form 2/DOB Month' is clicked on

2018-12-11 14:04:04 - [MESSAGE][PASSED] - Object: 'Object Repository/Final Object Repo/New Registration - Registration Module Pages/Form 2/DOB Month' is clicked on

2018-12-11 14:04:04 - [TEST_STEP][PASSED] - Statement - CurrentMonth = CurrentMonth: null

2018-12-11 14:04:04 - [TEST_STEP][PASSED] - Statement - selectMonth = new com.kms.katalon.core.testobject.TestObject(): null

2018-12-11 14:04:04 - [TEST_STEP][PASSED] - Statement - selectMonth.addProperty("xpath", EQUALS, "//body/div/div/div/select/option[@value='" + CurrentMonth + "']", true): null

2018-12-11 14:04:04 - [TEST_STEP][PASSED] - click: Object: '' is clicked on

2018-12-11 14:04:04 - [MESSAGE][PASSED] - Object: '' is clicked on

2018-12-11 14:04:04 - [TEST_STEP][PASSED] - click: Object: 'Object Repository/Final Object Repo/New Registration - Registration Module Pages/Form 2/DOB Year' is clicked on

2018-12-11 14:04:05 - [MESSAGE][PASSED] - Object: 'Object Repository/Final Object Repo/New Registration - Registration Module Pages/Form 2/DOB Year' is clicked on

2018-12-11 14:04:05 - [TEST_STEP][PASSED] - Statement - Eyearsbf = EighteenYrsBefore: null

2018-12-11 14:04:05 - [TEST_STEP][PASSED] - Statement - selectYear = new com.kms.katalon.core.testobject.TestObject(): null

2018-12-11 14:04:05 - [TEST_STEP][PASSED] - Statement - selectYear.addProperty("xpath", EQUALS, "//div/div/div/select/option[@value='" + Eyearsbf + "']", true): null

2018-12-11 14:04:05 - [TEST_STEP][PASSED] - click: Object: '' is clicked on

2018-12-11 14:04:05 - [MESSAGE][PASSED] - Object: '' is clicked on

2018-12-11 14:04:05 - [TEST_STEP][PASSED] - Statement - UpdatedSelectDate = com.kms.katalon.core.webui.keyword.WebUiBuiltInKeywords.modifyObjectProperty(com.kms.katalon.core.testobject.ObjectRepository.findTestObject(Final Object Repo/New Registration - Registration Module Pages/Form 2/DOB Date), "xpath", "equals", "//body/div/table/tbody/tr/td/a[text()="" + CurrentDate + ""]", true): Modify property of object successfully

2018-12-11 14:04:05 - [MESSAGE][PASSED] - Modify property of object successfully

2018-12-11 14:04:05 - [TEST_STEP][PASSED] - delay: Delayed 3 second(s)

2018-12-11 14:04:08 - [MESSAGE][PASSED] - Delayed 3 second(s)

2018-12-11 14:04:08 - [TEST_STEP][PASSED] - click: Object: 'Object Repository/Final Object Repo/New Registration - Registration Module Pages/Form 2/DOB Date' is clicked on

2018-12-11 14:04:08 - [MESSAGE][PASSED] - Object: 'Object Repository/Final Object Repo/New Registration - Registration Module Pages/Form 2/DOB Date' is clicked on

2018-12-11 14:04:08 - [TEST_STEP][PASSED] - delay: Delayed 2 second(s)

2018-12-11 14:04:10 - [MESSAGE][PASSED] - Delayed 2 second(s)

2018-12-11 14:04:10 - [TEST_STEP][PASSED] - click: Object: 'Object Repository/Final Object Repo/New Registration - Registration Module Pages/Form 2/EmploymentStartDate Pop Up' is clicked on

2018-12-11 14:04:10 - [MESSAGE][PASSED] - Object: 'Object Repository/Final Object Repo/New Registration - Registration Module Pages/Form 2/EmploymentStartDate Pop Up' is clicked on

2018-12-11 14:04:10 - [TEST_STEP][PASSED] - delay: Delayed 2 second(s)

2018-12-11 14:04:12 - [MESSAGE][PASSED] - Delayed 2 second(s)

2018-12-11 14:04:12 - [TEST_STEP][PASSED] - click: Object: 'Object Repository/Final Object Repo/New Registration - Registration Module Pages/Form 2/Socso Employment StartDate Month' is clicked on

2018-12-11 14:04:12 - [MESSAGE][PASSED] - Object: 'Object Repository/Final Object Repo/New Registration - Registration Module Pages/Form 2/Socso Employment StartDate Month' is clicked on

2018-12-11 14:04:12 - [TEST_STEP][PASSED] - delay: Delayed 1 second(s)

2018-12-11 14:04:13 - [MESSAGE][PASSED] - Delayed 1 second(s)

2018-12-11 14:04:13 - [TEST_STEP][PASSED] - click: Object: 'Object Repository/Final Object Repo/New Registration - Registration Module Pages/Form 2/Select Socso Employement Startdate Month' is clicked on

2018-12-11 14:04:13 - [MESSAGE][PASSED] - Object: 'Object Repository/Final Object Repo/New Registration - Registration Module Pages/Form 2/Select Socso Employement Startdate Month' is clicked on

2018-12-11 14:04:13 - [TEST_STEP][PASSED] - delay: Delayed 2 second(s)

2018-12-11 14:04:15 - [MESSAGE][PASSED] - Delayed 2 second(s)

2018-12-11 14:04:15 - [TEST_STEP][PASSED] - click: Object: 'Object Repository/Final Object Repo/New Registration - Registration Module Pages/Form 2/Socso Employment StartDate Year' is clicked on

2018-12-11 14:04:16 - [MESSAGE][PASSED] - Object: 'Object Repository/Final Object Repo/New Registration - Registration Module Pages/Form 2/Socso Employment StartDate Year' is clicked on

2018-12-11 14:04:16 - [TEST_STEP][PASSED] - delay: Delayed 1 second(s)

2018-12-11 14:04:17 - [MESSAGE][PASSED] - Delayed 1 second(s)

2018-12-11 14:04:17 - [TEST_STEP][PASSED] - click: Object: 'Object Repository/Final Object Repo/New Registration - Registration Module Pages/Form 2/Select Socso Employment Startdate Year' is clicked on

2018-12-11 14:04:17 - [MESSAGE][PASSED] - Object: 'Object Repository/Final Object Repo/New Registration - Registration Module Pages/Form 2/Select Socso Employment Startdate Year' is clicked on

2018-12-11 14:04:17 - [TEST_STEP][PASSED] - delay: Delayed 2 second(s)

2018-12-11 14:04:19 - [MESSAGE][PASSED] - Delayed 2 second(s)

2018-12-11 14:04:19 - [TEST_STEP][PASSED] - click: Object: 'Object Repository/Final Object Repo/New Registration - Registration Module Pages/Form 2/Socso Employment Start Date Day' is clicked on

2018-12-11 14:04:19 - [MESSAGE][PASSED] - Object: 'Object Repository/Final Object Repo/New Registration - Registration Module Pages/Form 2/Socso Employment Start Date Day' is clicked on

2018-12-11 14:04:19 - [TEST_STEP][PASSED] - delay: Delayed 2 second(s)

2018-12-11 14:04:21 - [MESSAGE][PASSED] - Delayed 2 second(s)

2018-12-11 14:04:21 - [TEST_STEP][PASSED] - click: Object: 'Object Repository/Final Object Repo/New Registration - Registration Module Pages/Form 2/Save Button for Add Employee' is clicked on

2018-12-11 14:04:21 - [MESSAGE][PASSED] - Object: 'Object Repository/Final Object Repo/New Registration - Registration Module Pages/Form 2/Save Button for Add Employee' is clicked on

2018-12-11 14:04:21 - [TEST_STEP][PASSED] - delay: Delayed 6 second(s)

2018-12-11 14:04:27 - [MESSAGE][PASSED] - Delayed 6 second(s)

2018-12-11 14:04:27 - [TEST_STEP][PASSED] - click: Object: 'Object Repository/Final Object Repo/New Registration - Registration Module Pages/Form 2/Save and Continue Form 2' is clicked on

2018-12-11 14:04:27 - [MESSAGE][PASSED] - Object: 'Object Repository/Final Object Repo/New Registration - Registration Module Pages/Form 2/Save and Continue Form 2' is clicked on

2018-12-11 14:04:27 - [MESSAGE][PASSED] - Call Test Case 'Test Cases/Final Aug 2018 - PKS Automation/Registration Module/New Registration/Form 2/Add 1 Eligible' successfully

2018-12-11 14:04:27 - [TEST_STEP][PASSED] - callTestCase: Call Test Case 'Test Cases/Final Aug 2018 - PKS Automation/Registration Module/New Registration/Flow of New Registration/Third Screen - Upload Supporting Doc - Preview' successfully

2018-12-11 14:04:27 - [TEST_CASE][PASSED] - Test Cases/Final Aug 2018 - PKS Automation/Registration Module/New Registration/Flow of New Registration/Third Screen - Upload Supporting Doc - Preview: Test Cases/Final Aug 2018 - PKS Automation/Registration Module/New Registration/Flow of New Registration/Third Screen - Upload Supporting Doc - Preview

2018-12-11 14:04:27 - [TEST_STEP][PASSED] - waitForPageLoad: Wait for page load successfully

2018-12-11 14:04:28 - [MESSAGE][PASSED] - Wait for page load successfully

2018-12-11 14:04:28 - [TEST_STEP][PASSED] - Statement - CaseReferenceNo = com.kms.katalon.core.webui.keyword.WebUiBuiltInKeywords.getText(com.kms.katalon.core.testobject.ObjectRepository.findTestObject(Final Object Repo/New Registration - Registration Module Pages/Third Screen - Upload Supporting Doc- Preview/RefNo Acquiring)): Text of object 'Object Repository/Final Object Repo/New Registration - Registration Module Pages/Third Screen - Upload Supporting Doc- Preview/RefNo Acquiring' is: 'CRN12201800123172'

2018-12-11 14:04:28 - [MESSAGE][PASSED] - Text of object 'Object Repository/Final Object Repo/New Registration - Registration Module Pages/Third Screen - Upload Supporting Doc- Preview/RefNo Acquiring' is: 'CRN12201800123172'

2018-12-11 14:04:28 - [TEST_STEP][PASSED] - delay: Delayed 2 second(s)

2018-12-11 14:04:30 - [MESSAGE][PASSED] - Delayed 2 second(s)

2018-12-11 14:04:30 - [TEST_STEP][PASSED] - callTestCase: Call Test Case 'Test Cases/Final Aug 2018 - PKS Automation/Common/Reference Number Setter' successfully

2018-12-11 14:04:30 - [TEST_CASE][PASSED] - Test Cases/Final Aug 2018 - PKS Automation/Common/Reference Number Setter: Test Cases/Final Aug 2018 - PKS Automation/Common/Reference Number Setter

2018-12-11 14:04:30 - [TEST_STEP][PASSED] - Statement - RefNoOldFile = new java.io.File(C://Users//Admin//Desktop//PKS//Automation Reference Point//KatalonReference.txt): null

2018-12-11 14:04:30 - [TEST_STEP][PASSED] - Statement - RefNoOldFile.delete(): null

2018-12-11 14:04:30 - [TEST_STEP][PASSED] - delay: Delayed 5 second(s)

2018-12-11 14:04:35 - [MESSAGE][PASSED] - Delayed 5 second(s)

2018-12-11 14:04:35 - [TEST_STEP][PASSED] - Statement - RefNo = new java.io.File(C://Users//Admin//Desktop//PKS//Automation Reference Point//KatalonReference.txt): null

2018-12-11 14:04:35 - [TEST_STEP][PASSED] - Statement - f2 = new java.io.FileWriter(RefNo, false): null

2018-12-11 14:04:35 - [TEST_STEP][PASSED] - Statement - f2.write(CaseReferenceNo): null

2018-12-11 14:04:35 - [TEST_STEP][PASSED] - Statement - f2.close(): null

2018-12-11 14:04:35 - [TEST_STEP][PASSED] - Statement - out.println("


" + CaseReferenceNo + "


"): null

2018-12-11 14:04:35 - [MESSAGE][PASSED] - Call Test Case 'Test Cases/Final Aug 2018 - PKS Automation/Common/Reference Number Setter' successfully

2018-12-11 14:04:35 - [TEST_STEP][PASSED] - waitForElementClickable: Object 'Object Repository/Final Object Repo/New Registration - Registration Module Pages/Third Screen - Upload Supporting Doc- Preview/Save n Continue in SIP Employee Listing Page' is clickable

2018-12-11 14:04:35 - [MESSAGE][PASSED] - Object 'Object Repository/Final Object Repo/New Registration - Registration Module Pages/Third Screen - Upload Supporting Doc- Preview/Save n Continue in SIP Employee Listing Page' is clickable

2018-12-11 14:04:35 - [TEST_STEP][PASSED] - click: Object: 'Object Repository/Final Object Repo/New Registration - Registration Module Pages/Third Screen - Upload Supporting Doc- Preview/Save n Continue in SIP Employee Listing Page' is clicked on

2018-12-11 14:04:40 - [MESSAGE][PASSED] - Object: 'Object Repository/Final Object Repo/New Registration - Registration Module Pages/Third Screen - Upload Supporting Doc- Preview/Save n Continue in SIP Employee Listing Page' is clicked on

2018-12-11 14:04:40 - [TEST_STEP][PASSED] - delay: Delayed 7 second(s)

2018-12-11 14:04:47 - [MESSAGE][PASSED] - Delayed 7 second(s)

2018-12-11 14:04:47 - [TEST_STEP][PASSED] - click: Object: 'Object Repository/Final Object Repo/New Registration - Registration Module Pages/Third Screen - Upload Supporting Doc- Preview/Add Document Button' is clicked on

2018-12-11 14:04:48 - [MESSAGE][PASSED] - Object: 'Object Repository/Final Object Repo/New Registration - Registration Module Pages/Third Screen - Upload Supporting Doc- Preview/Add Document Button' is clicked on

2018-12-11 14:04:48 - [TEST_STEP][PASSED] - delay: Delayed 30 second(s)

2018-12-11 14:05:18 - [MESSAGE][PASSED] - Delayed 30 second(s)

2018-12-11 14:05:18 - [TEST_STEP][PASSED] - click: Object: 'Object Repository/Final Object Repo/New Registration - Registration Module Pages/Third Screen - Upload Supporting Doc- Preview/Supporting Doc Please Select Drop Down' is clicked on

2018-12-11 14:05:18 - [MESSAGE][PASSED] - Object: 'Object Repository/Final Object Repo/New Registration - Registration Module Pages/Third Screen - Upload Supporting Doc- Preview/Supporting Doc Please Select Drop Down' is clicked on

2018-12-11 14:05:18 - [TEST_STEP][PASSED] - delay: Delayed 2 second(s)

2018-12-11 14:05:20 - [MESSAGE][PASSED] - Delayed 2 second(s)

2018-12-11 14:05:20 - [TEST_STEP][PASSED] - click: Object: 'Object Repository/Final Object Repo/New Registration - Registration Module Pages/Third Screen - Upload Supporting Doc- Preview/Select to Upload Form 1' is clicked on

2018-12-11 14:05:20 - [MESSAGE][PASSED] - Object: 'Object Repository/Final Object Repo/New Registration - Registration Module Pages/Third Screen - Upload Supporting Doc- Preview/Select to Upload Form 1' is clicked on

2018-12-11 14:05:20 - [TEST_STEP][PASSED] - delay: Delayed 2 second(s)

2018-12-11 14:05:22 - [MESSAGE][PASSED] - Delayed 2 second(s)

2018-12-11 14:05:22 - [TEST_STEP][PASSED] - uploadFile: File 'C:\Users\Public\Pictures\Sample Pictures\Koala.jpg' sent to object: 'Object Repository/Final Object Repo/New Registration - Registration Module Pages/Third Screen - Upload Supporting Doc- Preview/Upload File Adding'

2018-12-11 14:05:22 - [MESSAGE][PASSED] - File 'C:\Users\Public\Pictures\Sample Pictures\Koala.jpg' sent to object: 'Object Repository/Final Object Repo/New Registration - Registration Module Pages/Third Screen - Upload Supporting Doc- Preview/Upload File Adding'

2018-12-11 14:05:22 - [TEST_STEP][PASSED] - delay: Delayed 5 second(s)

2018-12-11 14:05:27 - [MESSAGE][PASSED] - Delayed 5 second(s)

2018-12-11 14:05:27 - [TEST_STEP][PASSED] - click: Object: 'Object Repository/Final Object Repo/New Registration - Registration Module Pages/Third Screen - Upload Supporting Doc- Preview/Inner Form Add Document Button' is clicked on

2018-12-11 14:05:27 - [MESSAGE][PASSED] - Object: 'Object Repository/Final Object Repo/New Registration - Registration Module Pages/Third Screen - Upload Supporting Doc- Preview/Inner Form Add Document Button' is clicked on

2018-12-11 14:05:27 - [TEST_STEP][PASSED] - delay: Delayed 3 second(s)

2018-12-11 14:05:30 - [MESSAGE][PASSED] - Delayed 3 second(s)

2018-12-11 14:05:30 - [TEST_STEP][PASSED] - click: Object: 'Object Repository/Final Object Repo/New Registration - Registration Module Pages/Third Screen - Upload Supporting Doc- Preview/Add Document Button' is clicked on

2018-12-11 14:05:32 - [MESSAGE][PASSED] - Object: 'Object Repository/Final Object Repo/New Registration - Registration Module Pages/Third Screen - Upload Supporting Doc- Preview/Add Document Button' is clicked on

2018-12-11 14:05:32 - [TEST_STEP][PASSED] - delay: Delayed 30 second(s)

2018-12-11 14:06:02 - [MESSAGE][PASSED] - Delayed 30 second(s)

2018-12-11 14:06:02 - [TEST_STEP][PASSED] - click: Object: 'Object Repository/Final Object Repo/New Registration - Registration Module Pages/Third Screen - Upload Supporting Doc- Preview/Supporting Doc Please Select Drop Down' is clicked on

2018-12-11 14:06:02 - [MESSAGE][PASSED] - Object: 'Object Repository/Final Object Repo/New Registration - Registration Module Pages/Third Screen - Upload Supporting Doc- Preview/Supporting Doc Please Select Drop Down' is clicked on

2018-12-11 14:06:02 - [TEST_STEP][PASSED] - delay: Delayed 4 second(s)

2018-12-11 14:06:06 - [MESSAGE][PASSED] - Delayed 4 second(s)

2018-12-11 14:06:06 - [TEST_STEP][PASSED] - click: Object: 'Object Repository/Final Object Repo/New Registration - Registration Module Pages/Third Screen - Upload Supporting Doc- Preview/Select to Upload Form 2' is clicked on

2018-12-11 14:06:06 - [MESSAGE][PASSED] - Object: 'Object Repository/Final Object Repo/New Registration - Registration Module Pages/Third Screen - Upload Supporting Doc- Preview/Select to Upload Form 2' is clicked on

2018-12-11 14:06:06 - [TEST_STEP][PASSED] - delay: Delayed 2 second(s)

2018-12-11 14:06:08 - [MESSAGE][PASSED] - Delayed 2 second(s)

2018-12-11 14:06:08 - [TEST_STEP][PASSED] - uploadFile: File 'C:\Users\Public\Pictures\Sample Pictures\Koala.jpg' sent to object: 'Object Repository/Final Object Repo/New Registration - Registration Module Pages/Third Screen - Upload Supporting Doc- Preview/Upload File Adding'

2018-12-11 14:06:08 - [MESSAGE][PASSED] - File 'C:\Users\Public\Pictures\Sample Pictures\Koala.jpg' sent to object: 'Object Repository/Final Object Repo/New Registration - Registration Module Pages/Third Screen - Upload Supporting Doc- Preview/Upload File Adding'

2018-12-11 14:06:08 - [TEST_STEP][PASSED] - click: Object: 'Object Repository/Final Object Repo/New Registration - Registration Module Pages/Third Screen - Upload Supporting Doc- Preview/Inner Form Add Document Button' is clicked on

2018-12-11 14:06:08 - [MESSAGE][PASSED] - Object: 'Object Repository/Final Object Repo/New Registration - Registration Module Pages/Third Screen - Upload Supporting Doc- Preview/Inner Form Add Document Button' is clicked on

2018-12-11 14:06:08 - [TEST_STEP][PASSED] - delay: Delayed 5 second(s)

2018-12-11 14:06:13 - [MESSAGE][PASSED] - Delayed 5 second(s)

2018-12-11 14:06:13 - [TEST_STEP][PASSED] - click: Object: 'Object Repository/Final Object Repo/New Registration - Registration Module Pages/Third Screen - Upload Supporting Doc- Preview/Add Document Button' is clicked on

2018-12-11 14:06:13 - [MESSAGE][PASSED] - Object: 'Object Repository/Final Object Repo/New Registration - Registration Module Pages/Third Screen - Upload Supporting Doc- Preview/Add Document Button' is clicked on

2018-12-11 14:06:13 - [TEST_STEP][PASSED] - delay: Delayed 30 second(s)

2018-12-11 14:06:43 - [MESSAGE][PASSED] - Delayed 30 second(s)

2018-12-11 14:06:43 - [TEST_STEP][PASSED] - click: Object: 'Object Repository/Final Object Repo/New Registration - Registration Module Pages/Third Screen - Upload Supporting Doc- Preview/Supporting Doc Please Select Drop Down' is clicked on

2018-12-11 14:06:44 - [MESSAGE][PASSED] - Object: 'Object Repository/Final Object Repo/New Registration - Registration Module Pages/Third Screen - Upload Supporting Doc- Preview/Supporting Doc Please Select Drop Down' is clicked on

2018-12-11 14:06:44 - [TEST_STEP][PASSED] - click: Object: 'Object Repository/Final Object Repo/New Registration - Registration Module Pages/Third Screen - Upload Supporting Doc- Preview/Select to Upload Borang SIP 1' is clicked on

2018-12-11 14:06:44 - [MESSAGE][PASSED] - Object: 'Object Repository/Final Object Repo/New Registration - Registration Module Pages/Third Screen - Upload Supporting Doc- Preview/Select to Upload Borang SIP 1' is clicked on

2018-12-11 14:06:44 - [TEST_STEP][PASSED] - delay: Delayed 2 second(s)

2018-12-11 14:06:46 - [MESSAGE][PASSED] - Delayed 2 second(s)

2018-12-11 14:06:46 - [TEST_STEP][PASSED] - uploadFile: File 'C:\Users\Public\Pictures\Sample Pictures\Koala.jpg' sent to object: 'Object Repository/Final Object Repo/New Registration - Registration Module Pages/Third Screen - Upload Supporting Doc- Preview/Upload File Adding'

2018-12-11 14:06:46 - [MESSAGE][PASSED] - File 'C:\Users\Public\Pictures\Sample Pictures\Koala.jpg' sent to object: 'Object Repository/Final Object Repo/New Registration - Registration Module Pages/Third Screen - Upload Supporting Doc- Preview/Upload File Adding'

2018-12-11 14:06:46 - [TEST_STEP][PASSED] - click: Object: 'Object Repository/Final Object Repo/New Registration - Registration Module Pages/Third Screen - Upload Supporting Doc- Preview/Inner Form Add Document Button' is clicked on

2018-12-11 14:06:46 - [MESSAGE][PASSED] - Object: 'Object Repository/Final Object Repo/New Registration - Registration Module Pages/Third Screen - Upload Supporting Doc- Preview/Inner Form Add Document Button' is clicked on

2018-12-11 14:06:46 - [TEST_STEP][PASSED] - delay: Delayed 5 second(s)

2018-12-11 14:06:51 - [MESSAGE][PASSED] - Delayed 5 second(s)

2018-12-11 14:06:51 - [TEST_STEP][PASSED] - click: Object: 'Object Repository/Final Object Repo/New Registration - Registration Module Pages/Third Screen - Upload Supporting Doc- Preview/Add Document Button' is clicked on

2018-12-11 14:06:51 - [MESSAGE][PASSED] - Object: 'Object Repository/Final Object Repo/New Registration - Registration Module Pages/Third Screen - Upload Supporting Doc- Preview/Add Document Button' is clicked on

2018-12-11 14:06:51 - [TEST_STEP][PASSED] - delay: Delayed 30 second(s)

2018-12-11 14:07:21 - [MESSAGE][PASSED] - Delayed 30 second(s)

2018-12-11 14:07:21 - [TEST_STEP][PASSED] - click: Object: 'Object Repository/Final Object Repo/New Registration - Registration Module Pages/Third Screen - Upload Supporting Doc- Preview/Supporting Doc Please Select Drop Down' is clicked on

2018-12-11 14:07:21 - [MESSAGE][PASSED] - Object: 'Object Repository/Final Object Repo/New Registration - Registration Module Pages/Third Screen - Upload Supporting Doc- Preview/Supporting Doc Please Select Drop Down' is clicked on

2018-12-11 14:07:21 - [TEST_STEP][PASSED] - delay: Delayed 3 second(s)

2018-12-11 14:07:24 - [MESSAGE][PASSED] - Delayed 3 second(s)

2018-12-11 14:07:24 - [TEST_STEP][PASSED] - click: Object: 'Object Repository/Final Object Repo/New Registration - Registration Module Pages/Third Screen - Upload Supporting Doc- Preview/Select to Upload Borang SIP 2' is clicked on

2018-12-11 14:07:25 - [MESSAGE][PASSED] - Object: 'Object Repository/Final Object Repo/New Registration - Registration Module Pages/Third Screen - Upload Supporting Doc- Preview/Select to Upload Borang SIP 2' is clicked on

2018-12-11 14:07:25 - [TEST_STEP][PASSED] - delay: Delayed 2 second(s)

2018-12-11 14:07:27 - [MESSAGE][PASSED] - Delayed 2 second(s)

2018-12-11 14:07:27 - [TEST_STEP][PASSED] - uploadFile: File 'C:\Users\Public\Pictures\Sample Pictures\Koala.jpg' sent to object: 'Object Repository/Final Object Repo/New Registration - Registration Module Pages/Third Screen - Upload Supporting Doc- Preview/Upload File Adding'

2018-12-11 14:07:27 - [MESSAGE][PASSED] - File 'C:\Users\Public\Pictures\Sample Pictures\Koala.jpg' sent to object: 'Object Repository/Final Object Repo/New Registration - Registration Module Pages/Third Screen - Upload Supporting Doc- Preview/Upload File Adding'

2018-12-11 14:07:27 - [TEST_STEP][PASSED] - delay: Delayed 5 second(s)

2018-12-11 14:07:32 - [MESSAGE][PASSED] - Delayed 5 second(s)

2018-12-11 14:07:32 - [TEST_STEP][PASSED] - click: Object: 'Object Repository/Final Object Repo/New Registration - Registration Module Pages/Third Screen - Upload Supporting Doc- Preview/Inner Form Add Document Button' is clicked on

2018-12-11 14:07:32 - [MESSAGE][PASSED] - Object: 'Object Repository/Final Object Repo/New Registration - Registration Module Pages/Third Screen - Upload Supporting Doc- Preview/Inner Form Add Document Button' is clicked on

2018-12-11 14:07:32 - [TEST_STEP][PASSED] - delay: Delayed 3 second(s)

2018-12-11 14:07:35 - [MESSAGE][PASSED] - Delayed 3 second(s)

2018-12-11 14:07:35 - [TEST_STEP][PASSED] - waitForElementClickable: Object 'Object Repository/Final Object Repo/New Registration - Registration Module Pages/Third Screen - Upload Supporting Doc- Preview/Save n Continue in Uploading Supporting Doc Page' is clickable

2018-12-11 14:07:36 - [MESSAGE][PASSED] - Object 'Object Repository/Final Object Repo/New Registration - Registration Module Pages/Third Screen - Upload Supporting Doc- Preview/Save n Continue in Uploading Supporting Doc Page' is clickable

2018-12-11 14:07:36 - [TEST_STEP][PASSED] - click: Object: 'Object Repository/Final Object Repo/New Registration - Registration Module Pages/Third Screen - Upload Supporting Doc- Preview/Save n Continue in Uploading Supporting Doc Page' is clicked on

2018-12-11 14:07:36 - [MESSAGE][PASSED] - Object: 'Object Repository/Final Object Repo/New Registration - Registration Module Pages/Third Screen - Upload Supporting Doc- Preview/Save n Continue in Uploading Supporting Doc Page' is clicked on

2018-12-11 14:07:36 - [MESSAGE][PASSED] - Call Test Case 'Test Cases/Final Aug 2018 - PKS Automation/Registration Module/New Registration/Flow of New Registration/Third Screen - Upload Supporting Doc - Preview' successfully

2018-12-11 14:07:36 - [TEST_STEP][PASSED] - callTestCase: Call Test Case 'Test Cases/Final Aug 2018 - PKS Automation/Registration Module/New Registration/Submit and Screenshot/Submit Registration and Screenshot' successfully

2018-12-11 14:07:36 - [TEST_CASE][PASSED] - Test Cases/Final Aug 2018 - PKS Automation/Registration Module/New Registration/Submit and Screenshot/Submit Registration and Screenshot: Test Cases/Final Aug 2018 - PKS Automation/Registration Module/New Registration/Submit and Screenshot/Submit Registration and Screenshot

2018-12-11 14:07:36 - [TEST_STEP][PASSED] - delay: Delayed 6 second(s)

2018-12-11 14:07:42 - [MESSAGE][PASSED] - Delayed 6 second(s)

2018-12-11 14:07:42 - [TEST_STEP][PASSED] - click: Object: 'Object Repository/Final Object Repo/New Registration - Registration Module Pages/Third Screen - Upload Supporting Doc- Preview/Preview Submit Button' is clicked on

2018-12-11 14:07:43 - [MESSAGE][PASSED] - Object: 'Object Repository/Final Object Repo/New Registration - Registration Module Pages/Third Screen - Upload Supporting Doc- Preview/Preview Submit Button' is clicked on

2018-12-11 14:07:43 - [TEST_STEP][PASSED] - delay: Delayed 2 second(s)

2018-12-11 14:07:45 - [MESSAGE][PASSED] - Delayed 2 second(s)

2018-12-11 14:07:45 - [TEST_STEP][PASSED] - click: Object: 'Object Repository/Final Object Repo/New Registration - Registration Module Pages/Third Screen - Upload Supporting Doc- Preview/Preview Submit - Confirm' is clicked on

2018-12-11 14:07:45 - [MESSAGE][PASSED] - Object: 'Object Repository/Final Object Repo/New Registration - Registration Module Pages/Third Screen - Upload Supporting Doc- Preview/Preview Submit - Confirm' is clicked on

2018-12-11 14:07:45 - [TEST_STEP][PASSED] - delay: Delayed 15 second(s)

2018-12-11 14:08:00 - [MESSAGE][PASSED] - Delayed 15 second(s)

2018-12-11 14:08:00 - [TEST_STEP][PASSED] - Statement - driver = com.kms.katalon.core.webui.driver.DriverFactory.getWebDriver(): null

2018-12-11 14:08:00 - [TEST_STEP][PASSED] - Statement - driver.manage().timeouts().implicitlyWait(10, SECONDS): null

2018-12-11 14:08:00 - [TEST_STEP][PASSED] - Statement - PresavePath = KatalonScreenshots: null

2018-12-11 14:08:00 - [TEST_STEP][PASSED] - Statement - pathPrefix = "C:\Users\Public\Pictures\Sample Pictures\Katalon Screenshots\Automate Ending Screen": null

2018-12-11 14:08:00 - [TEST_STEP][PASSED] - Statement - finalPath = <not implemented yet for class: org.codehaus.groovy.ast.expr.EmptyExpression>: null

2018-12-11 14:08:00 - [TEST_STEP][PASSED] - Statement - scrFile = driver.getScreenshotAs(FILE): null

2018-12-11 14:08:00 - [TEST_STEP][PASSED] - Statement - PreSaveFile = new java.io.File(PresavePath): null

2018-12-11 14:08:00 - [TEST_STEP][PASSED] - Statement - counter = 0: null

2018-12-11 14:08:00 - [TEST_STEP][PASSED] - Statement - If (PreSaveFile.exists()): null

2018-12-11 14:08:00 - [TEST_STEP][PASSED] - Statement - While (PreSaveFile.exists()): null

2018-12-11 14:08:00 - [TEST_STEP][PASSED] - Statement - counter = counter + 1: null

2018-12-11 14:08:00 - [TEST_STEP][PASSED] - Statement - PreSaveFile = new java.io.File(((pathPrefix + java.lang.Integer.toString(counter)) + .png)): null

2018-12-11 14:08:00 - [TEST_STEP][PASSED] - Statement - counter = counter + 1: null

2018-12-11 14:08:00 - [TEST_STEP][PASSED] - Statement - PreSaveFile = new java.io.File(((pathPrefix + java.lang.Integer.toString(counter)) + .png)): null

2018-12-11 14:08:00 - [TEST_STEP][PASSED] - Statement - counter = counter + 1: null

2018-12-11 14:08:00 - [TEST_STEP][PASSED] - Statement - PreSaveFile = new java.io.File(((pathPrefix + java.lang.Integer.toString(counter)) + .png)): null

2018-12-11 14:08:00 - [TEST_STEP][PASSED] - Statement - counter = counter + 1: null

2018-12-11 14:08:00 - [TEST_STEP][PASSED] - Statement - PreSaveFile = new java.io.File(((pathPrefix + java.lang.Integer.toString(counter)) + .png)): null

2018-12-11 14:08:00 - [TEST_STEP][PASSED] - Statement - counter = counter + 1: null

2018-12-11 14:08:00 - [TEST_STEP][PASSED] - Statement - PreSaveFile = new java.io.File(((pathPrefix + java.lang.Integer.toString(counter)) + .png)): null

2018-12-11 14:08:00 - [TEST_STEP][PASSED] - Statement - counter = counter + 1: null

2018-12-11 14:08:00 - [TEST_STEP][PASSED] - Statement - PreSaveFile = new java.io.File(((pathPrefix + java.lang.Integer.toString(counter)) + .png)): null

2018-12-11 14:08:00 - [TEST_STEP][PASSED] - Statement - counter = counter + 1: null

2018-12-11 14:08:00 - [TEST_STEP][PASSED] - Statement - PreSaveFile = new java.io.File(((pathPrefix + java.lang.Integer.toString(counter)) + .png)): null

2018-12-11 14:08:00 - [TEST_STEP][PASSED] - Statement - counter = counter + 1: null

2018-12-11 14:08:00 - [TEST_STEP][PASSED] - Statement - PreSaveFile = new java.io.File(((pathPrefix + java.lang.Integer.toString(counter)) + .png)): null

2018-12-11 14:08:00 - [TEST_STEP][PASSED] - Statement - counter = counter + 1: null

2018-12-11 14:08:00 - [TEST_STEP][PASSED] - Statement - PreSaveFile = new java.io.File(((pathPrefix + java.lang.Integer.toString(counter)) + .png)): null

2018-12-11 14:08:00 - [TEST_STEP][PASSED] - Statement - counter = counter + 1: null

2018-12-11 14:08:00 - [TEST_STEP][PASSED] - Statement - PreSaveFile = new java.io.File(((pathPrefix + java.lang.Integer.toString(counter)) + .png)): null

2018-12-11 14:08:00 - [TEST_STEP][PASSED] - Statement - counter = counter + 1: null

2018-12-11 14:08:00 - [TEST_STEP][PASSED] - Statement - PreSaveFile = new java.io.File(((pathPrefix + java.lang.Integer.toString(counter)) + .png)): null

2018-12-11 14:08:00 - [TEST_STEP][PASSED] - Statement - counter = counter + 1: null

2018-12-11 14:08:00 - [TEST_STEP][PASSED] - Statement - PreSaveFile = new java.io.File(((pathPrefix + java.lang.Integer.toString(counter)) + .png)): null

2018-12-11 14:08:00 - [TEST_STEP][PASSED] - Statement - counter = counter + 1: null

2018-12-11 14:08:00 - [TEST_STEP][PASSED] - Statement - PreSaveFile = new java.io.File(((pathPrefix + java.lang.Integer.toString(counter)) + .png)): null

2018-12-11 14:08:00 - [TEST_STEP][PASSED] - Statement - counter = counter + 1: null

2018-12-11 14:08:00 - [TEST_STEP][PASSED] - Statement - PreSaveFile = new java.io.File(((pathPrefix + java.lang.Integer.toString(counter)) + .png)): null

2018-12-11 14:08:00 - [TEST_STEP][PASSED] - Statement - counter = counter + 1: null

2018-12-11 14:08:00 - [TEST_STEP][PASSED] - Statement - PreSaveFile = new java.io.File(((pathPrefix + java.lang.Integer.toString(counter)) + .png)): null

2018-12-11 14:08:00 - [TEST_STEP][PASSED] - Statement - counter = counter + 1: null

2018-12-11 14:08:00 - [TEST_STEP][PASSED] - Statement - PreSaveFile = new java.io.File(((pathPrefix + java.lang.Integer.toString(counter)) + .png)): null

2018-12-11 14:08:00 - [TEST_STEP][PASSED] - Statement - counter = counter + 1: null

2018-12-11 14:08:00 - [TEST_STEP][PASSED] - Statement - PreSaveFile = new java.io.File(((pathPrefix + java.lang.Integer.toString(counter)) + .png)): null

2018-12-11 14:08:00 - [TEST_STEP][PASSED] - Statement - counter = counter + 1: null

2018-12-11 14:08:00 - [TEST_STEP][PASSED] - Statement - PreSaveFile = new java.io.File(((pathPrefix + java.lang.Integer.toString(counter)) + .png)): null

2018-12-11 14:08:00 - [TEST_STEP][PASSED] - Statement - counter = counter + 1: null

2018-12-11 14:08:00 - [TEST_STEP][PASSED] - Statement - PreSaveFile = new java.io.File(((pathPrefix + java.lang.Integer.toString(counter)) + .png)): null

2018-12-11 14:08:00 - [TEST_STEP][PASSED] - Statement - counter = counter + 1: null

2018-12-11 14:08:00 - [TEST_STEP][PASSED] - Statement - PreSaveFile = new java.io.File(((pathPrefix + java.lang.Integer.toString(counter)) + .png)): null

2018-12-11 14:08:00 - [TEST_STEP][PASSED] - Statement - counter = counter + 1: null

2018-12-11 14:08:00 - [TEST_STEP][PASSED] - Statement - PreSaveFile = new java.io.File(((pathPrefix + java.lang.Integer.toString(counter)) + .png)): null

2018-12-11 14:08:00 - [TEST_STEP][PASSED] - Statement - counter = counter + 1: null

2018-12-11 14:08:00 - [TEST_STEP][PASSED] - Statement - PreSaveFile = new java.io.File(((pathPrefix + java.lang.Integer.toString(counter)) + .png)): null

2018-12-11 14:08:00 - [TEST_STEP][PASSED] - Statement - counter = counter + 1: null

2018-12-11 14:08:00 - [TEST_STEP][PASSED] - Statement - PreSaveFile = new java.io.File(((pathPrefix + java.lang.Integer.toString(counter)) + .png)): null

2018-12-11 14:08:00 - [TEST_STEP][PASSED] - Statement - counter = counter + 1: null

2018-12-11 14:08:00 - [TEST_STEP][PASSED] - Statement - PreSaveFile = new java.io.File(((pathPrefix + java.lang.Integer.toString(counter)) + .png)): null

2018-12-11 14:08:00 - [TEST_STEP][PASSED] - Statement - counter = counter + 1: null

2018-12-11 14:08:00 - [TEST_STEP][PASSED] - Statement - PreSaveFile = new java.io.File(((pathPrefix + java.lang.Integer.toString(counter)) + .png)): null

2018-12-11 14:08:00 - [TEST_STEP][PASSED] - Statement - counter = counter + 1: null

2018-12-11 14:08:00 - [TEST_STEP][PASSED] - Statement - PreSaveFile = new java.io.File(((pathPrefix + java.lang.Integer.toString(counter)) + .png)): null

2018-12-11 14:08:00 - [TEST_STEP][PASSED] - Statement - counter = counter + 1: null

2018-12-11 14:08:00 - [TEST_STEP][PASSED] - Statement - PreSaveFile = new java.io.File(((pathPrefix + java.lang.Integer.toString(counter)) + .png)): null

2018-12-11 14:08:00 - [TEST_STEP][PASSED] - Statement - counter = counter + 1: null

2018-12-11 14:08:00 - [TEST_STEP][PASSED] - Statement - PreSaveFile = new java.io.File(((pathPrefix + java.lang.Integer.toString(counter)) + .png)): null

2018-12-11 14:08:00 - [TEST_STEP][PASSED] - Statement - counter = counter + 1: null

2018-12-11 14:08:00 - [TEST_STEP][PASSED] - Statement - PreSaveFile = new java.io.File(((pathPrefix + java.lang.Integer.toString(counter)) + .png)): null

2018-12-11 14:08:00 - [TEST_STEP][PASSED] - Statement - counter = counter + 1: null

2018-12-11 14:08:00 - [TEST_STEP][PASSED] - Statement - PreSaveFile = new java.io.File(((pathPrefix + java.lang.Integer.toString(counter)) + .png)): null

2018-12-11 14:08:00 - [TEST_STEP][PASSED] - Statement - counter = counter + 1: null

2018-12-11 14:08:00 - [TEST_STEP][PASSED] - Statement - PreSaveFile = new java.io.File(((pathPrefix + java.lang.Integer.toString(counter)) + .png)): null

2018-12-11 14:08:00 - [TEST_STEP][PASSED] - Statement - counter = counter + 1: null

2018-12-11 14:08:00 - [TEST_STEP][PASSED] - Statement - PreSaveFile = new java.io.File(((pathPrefix + java.lang.Integer.toString(counter)) + .png)): null

2018-12-11 14:08:00 - [TEST_STEP][PASSED] - Statement - counter = counter + 1: null

2018-12-11 14:08:00 - [TEST_STEP][PASSED] - Statement - PreSaveFile = new java.io.File(((pathPrefix + java.lang.Integer.toString(counter)) + .png)): null

2018-12-11 14:08:00 - [TEST_STEP][PASSED] - Statement - counter = counter + 1: null

2018-12-11 14:08:00 - [TEST_STEP][PASSED] - Statement - PreSaveFile = new java.io.File(((pathPrefix + java.lang.Integer.toString(counter)) + .png)): null

2018-12-11 14:08:00 - [TEST_STEP][PASSED] - Statement - counter = counter + 1: null

2018-12-11 14:08:00 - [TEST_STEP][PASSED] - Statement - PreSaveFile = new java.io.File(((pathPrefix + java.lang.Integer.toString(counter)) + .png)): null

2018-12-11 14:08:00 - [TEST_STEP][PASSED] - Statement - counter = counter + 1: null

2018-12-11 14:08:00 - [TEST_STEP][PASSED] - Statement - PreSaveFile = new java.io.File(((pathPrefix + java.lang.Integer.toString(counter)) + .png)): null

2018-12-11 14:08:00 - [TEST_STEP][PASSED] - Statement - counter = counter + 1: null

2018-12-11 14:08:00 - [TEST_STEP][PASSED] - Statement - PreSaveFile = new java.io.File(((pathPrefix + java.lang.Integer.toString(counter)) + .png)): null

2018-12-11 14:08:00 - [TEST_STEP][PASSED] - Statement - counter = counter + 1: null

2018-12-11 14:08:00 - [TEST_STEP][PASSED] - Statement - PreSaveFile = new java.io.File(((pathPrefix + java.lang.Integer.toString(counter)) + .png)): null

2018-12-11 14:08:00 - [TEST_STEP][PASSED] - Statement - counter = counter + 1: null

2018-12-11 14:08:00 - [TEST_STEP][PASSED] - Statement - PreSaveFile = new java.io.File(((pathPrefix + java.lang.Integer.toString(counter)) + .png)): null

2018-12-11 14:08:00 - [TEST_STEP][PASSED] - Statement - counter = counter + 1: null

2018-12-11 14:08:00 - [TEST_STEP][PASSED] - Statement - PreSaveFile = new java.io.File(((pathPrefix + java.lang.Integer.toString(counter)) + .png)): null

2018-12-11 14:08:00 - [TEST_STEP][PASSED] - Statement - counter = counter + 1: null

2018-12-11 14:08:00 - [TEST_STEP][PASSED] - Statement - PreSaveFile = new java.io.File(((pathPrefix + java.lang.Integer.toString(counter)) + .png)): null

2018-12-11 14:08:00 - [TEST_STEP][PASSED] - Statement - counter = counter + 1: null

2018-12-11 14:08:00 - [TEST_STEP][PASSED] - Statement - PreSaveFile = new java.io.File(((pathPrefix + java.lang.Integer.toString(counter)) + .png)): null

2018-12-11 14:08:00 - [TEST_STEP][PASSED] - Statement - counter = counter + 1: null

2018-12-11 14:08:00 - [TEST_STEP][PASSED] - Statement - PreSaveFile = new java.io.File(((pathPrefix + java.lang.Integer.toString(counter)) + .png)): null

2018-12-11 14:08:00 - [TEST_STEP][PASSED] - Statement - counter = counter + 1: null

2018-12-11 14:08:00 - [TEST_STEP][PASSED] - Statement - PreSaveFile = new java.io.File(((pathPrefix + java.lang.Integer.toString(counter)) + .png)): null

2018-12-11 14:08:00 - [TEST_STEP][PASSED] - Statement - counter = counter + 1: null

2018-12-11 14:08:00 - [TEST_STEP][PASSED] - Statement - PreSaveFile = new java.io.File(((pathPrefix + java.lang.Integer.toString(counter)) + .png)): null

2018-12-11 14:08:00 - [TEST_STEP][PASSED] - Statement - counter = counter + 1: null

2018-12-11 14:08:00 - [TEST_STEP][PASSED] - Statement - PreSaveFile = new java.io.File(((pathPrefix + java.lang.Integer.toString(counter)) + .png)): null

2018-12-11 14:08:00 - [TEST_STEP][PASSED] - Statement - counter = counter + 1: null

2018-12-11 14:08:00 - [TEST_STEP][PASSED] - Statement - PreSaveFile = new java.io.File(((pathPrefix + java.lang.Integer.toString(counter)) + .png)): null

2018-12-11 14:08:00 - [TEST_STEP][PASSED] - Statement - counter = counter + 1: null

2018-12-11 14:08:00 - [TEST_STEP][PASSED] - Statement - PreSaveFile = new java.io.File(((pathPrefix + java.lang.Integer.toString(counter)) + .png)): null

2018-12-11 14:08:00 - [TEST_STEP][PASSED] - Statement - finalPath = pathPrefix + java.lang.Integer.toString(counter) + ".png": null

2018-12-11 14:08:00 - [TEST_STEP][PASSED] - Statement - SaveFile = new java.io.File(finalPath): null

2018-12-11 14:08:00 - [TEST_STEP][PASSED] - Statement - Try: null

2018-12-11 14:08:00 - [TEST_STEP][PASSED] - Statement - org.apache.commons.io.FileUtils.copyFile(scrFile, SaveFile): null

2018-12-11 14:08:00 - [TEST_STEP][PASSED] - Statement - out.println("file kept"): null

2018-12-11 14:08:00 - [TEST_STEP][PASSED] - delay: Delayed 10 second(s)

2018-12-11 14:08:10 - [MESSAGE][PASSED] - Delayed 10 second(s)

2018-12-11 14:08:10 - [MESSAGE][PASSED] - Call Test Case 'Test Cases/Final Aug 2018 - PKS Automation/Registration Module/New Registration/Submit and Screenshot/Submit Registration and Screenshot' successfully

2018-12-11 14:08:10 - [TEST_STEP][PASSED] - callTestCase: Call Test Case 'Test Cases/Final Aug 2018 - PKS Automation/Registration Module/Log Out/log out avoiding katalon tagging' successfully

2018-12-11 14:08:10 - [TEST_CASE][PASSED] - Test Cases/Final Aug 2018 - PKS Automation/Registration Module/Log Out/log out avoiding katalon tagging: Test Cases/Final Aug 2018 - PKS Automation/Registration Module/Log Out/log out avoiding katalon tagging

2018-12-11 14:08:10 - [TEST_STEP][PASSED] - navigateToUrl: Navigate to 'https://assist2-uat.perkeso.gov.my/c/portal/logout' successfully

2018-12-11 14:08:11 - [MESSAGE][PASSED] - Navigate to 'https://assist2-uat.perkeso.gov.my/c/portal/logout' successfully

2018-12-11 14:08:11 - [MESSAGE][PASSED] - Call Test Case 'Test Cases/Final Aug 2018 - PKS Automation/Registration Module/Log Out/log out avoiding katalon tagging' successfully

2018-12-11 14:08:11 - [TEST_STEP][PASSED] - callTestCase: Call Test Case 'Test Cases/Final Aug 2018 - PKS Automation/Common/Workflow Owner Finder' successfully

2018-12-11 14:08:11 - [TEST_CASE][PASSED] - Test Cases/Final Aug 2018 - PKS Automation/Common/Workflow Owner Finder: Test Cases/Final Aug 2018 - PKS Automation/Common/Workflow Owner Finder

2018-12-11 14:08:11 - [TEST_STEP][PASSED] - openBrowser: Browser is opened with url: ''

2018-12-11 14:08:11 - [MESSAGE][WARNING] - A browser is already opened. Closing browser and opening a new one

2018-12-11 14:08:16 - [MESSAGE][PASSED] - Browser is opened with url: ''

2018-12-11 14:08:16 - [TEST_STEP][PASSED] - navigateToUrl: Navigate to 'https://assist2-uat.perkeso.gov.my/login' successfully

2018-12-11 14:08:17 - [MESSAGE][PASSED] - Navigate to 'https://assist2-uat.perkeso.gov.my/login' successfully

2018-12-11 14:08:17 - [TEST_STEP][PASSED] - delay: Delayed 5 second(s)

2018-12-11 14:08:22 - [MESSAGE][PASSED] - Delayed 5 second(s)

2018-12-11 14:08:22 - [TEST_STEP][PASSED] - setText: Text 'test@liferay.com' is set on object 'Object Repository/Final Object Repo/Login Page/Internal User/Email Address'

2018-12-11 14:08:22 - [MESSAGE][PASSED] - Text 'test@liferay.com' is set on object 'Object Repository/Final Object Repo/Login Page/Internal User/Email Address'

2018-12-11 14:08:22 - [TEST_STEP][PASSED] - click: Object: 'Object Repository/Final Object Repo/Login Page/Internal User/Next Button' is clicked on

2018-12-11 14:08:22 - [MESSAGE][PASSED] - Object: 'Object Repository/Final Object Repo/Login Page/Internal User/Next Button' is clicked on

2018-12-11 14:08:22 - [TEST_STEP][PASSED] - delay: Delayed 2 second(s)

2018-12-11 14:08:24 - [MESSAGE][PASSED] - Delayed 2 second(s)

2018-12-11 14:08:24 - [TEST_STEP][PASSED] - setText: Text 'test' is set on object 'Object Repository/Final Object Repo/Login Page/Internal User/Password'

2018-12-11 14:08:25 - [MESSAGE][PASSED] - Text 'test' is set on object 'Object Repository/Final Object Repo/Login Page/Internal User/Password'

2018-12-11 14:08:25 - [TEST_STEP][PASSED] - delay: Delayed 2 second(s)

2018-12-11 14:08:27 - [MESSAGE][PASSED] - Delayed 2 second(s)

2018-12-11 14:08:27 - [TEST_STEP][PASSED] - click: Object: 'Object Repository/Final Object Repo/Login Page/Internal User/Login Button' is clicked on

2018-12-11 14:08:27 - [MESSAGE][PASSED] - Object: 'Object Repository/Final Object Repo/Login Page/Internal User/Login Button' is clicked on

2018-12-11 14:08:27 - [TEST_STEP][PASSED] - Statement - tester = com.kms.katalon.core.testobject.ObjectRepository.findTestObject(Final Object Repo/Landing Page/Select to English): Finding Test Object with id 'Object Repository/Final Object Repo/Landing Page/Select to English'

2018-12-11 14:08:27 - [TEST_STEP][PASSED] - Statement - Try: Delayed 2 second(s)

2018-12-11 14:08:27 - [TEST_STEP][PASSED] - Statement - Checker = com.kms.katalon.core.webui.keyword.WebUiBuiltInKeywords.verifyElementNotPresent(tester, 3): Web element with id: 'Object Repository/Final Object Repo/Landing Page/Select to English' located by 'By.xpath: //a[@class = 'taglib-language-list-text' and @lang = 'en-US' and (contains(text(), 'EN') or contains(., 'EN'))]' is not present after '3' second(s)

2018-12-11 14:08:29 - [MESSAGE][PASSED] - Web element with id: 'Object Repository/Final Object Repo/Landing Page/Select to English' located by 'By.xpath: //a[@class = 'taglib-language-list-text' and @lang = 'en-US' and (contains(text(), 'EN') or contains(., 'EN'))]' is not present after '3' second(s)

2018-12-11 14:08:29 - [TEST_STEP][PASSED] - Statement - If (Checker == false): null

2018-12-11 14:08:29 - [TEST_STEP][PASSED] - delay: Delayed 2 second(s)

2018-12-11 14:08:31 - [MESSAGE][PASSED] - Delayed 2 second(s)

2018-12-11 14:08:31 - [TEST_STEP][PASSED] - delay: Delayed 5 second(s)

2018-12-11 14:08:36 - [MESSAGE][PASSED] - Delayed 5 second(s)

2018-12-11 14:08:36 - [TEST_STEP][PASSED] - mouseOver: Object: 'Object Repository/Final Object Repo/Landing Page/WorkFlow Menu' is hovered

2018-12-11 14:08:36 - [MESSAGE][PASSED] - Object: 'Object Repository/Final Object Repo/Landing Page/WorkFlow Menu' is hovered

2018-12-11 14:08:36 - [TEST_STEP][PASSED] - delay: Delayed 2 second(s)

2018-12-11 14:08:38 - [MESSAGE][PASSED] - Delayed 2 second(s)

2018-12-11 14:08:38 - [TEST_STEP][PASSED] - click: Object: 'Object Repository/Final Object Repo/Landing Page/Select to Workflow Listing' is clicked on

2018-12-11 14:08:39 - [MESSAGE][PASSED] - Object: 'Object Repository/Final Object Repo/Landing Page/Select to Workflow Listing' is clicked on

2018-12-11 14:08:39 - [TEST_STEP][PASSED] - delay: Delayed 2 second(s)

2018-12-11 14:08:41 - [MESSAGE][PASSED] - Delayed 2 second(s)

2018-12-11 14:08:41 - [TEST_STEP][PASSED] - click: Object: 'Object Repository/Final Object Repo/WorkFlow Listing Page/Search Information - To Put Ref No' is clicked on

2018-12-11 14:08:41 - [MESSAGE][PASSED] - Object: 'Object Repository/Final Object Repo/WorkFlow Listing Page/Search Information - To Put Ref No' is clicked on

2018-12-11 14:08:41 - [TEST_STEP][PASSED] - delay: Delayed 2 second(s)

2018-12-11 14:08:43 - [MESSAGE][PASSED] - Delayed 2 second(s)

2018-12-11 14:08:43 - [TEST_STEP][PASSED] - callTestCase: Call Test Case 'Test Cases/Final Aug 2018 - PKS Automation/Common/Reference Number Getter' successfully

2018-12-11 14:08:44 - [TEST_CASE][PASSED] - Test Cases/Final Aug 2018 - PKS Automation/Common/Reference Number Getter: Test Cases/Final Aug 2018 - PKS Automation/Common/Reference Number Getter

2018-12-11 14:08:44 - [TEST_STEP][PASSED] - Statement - Try: null

2018-12-11 14:08:44 - [TEST_STEP][PASSED] - Statement - RefNo = new java.io.File(C://Users//Admin//Desktop//PKS//Automation Reference Point//KatalonReference.txt): null

2018-12-11 14:08:44 - [TEST_STEP][PASSED] - Statement - bufferread = new java.io.BufferedReader(new java.io.FileReader(RefNo)): null

2018-12-11 14:08:44 - [TEST_STEP][PASSED] - Statement - readedVal = bufferread.readLine(): null

2018-12-11 14:08:44 - [TEST_STEP][PASSED] - Statement - out.println(CaseReferenceNo): null

2018-12-11 14:08:44 - [TEST_STEP][PASSED] - Statement - out.println(readedVal): null

2018-12-11 14:08:44 - [TEST_STEP][PASSED] - Statement - CaseReferenceNo = "": null

2018-12-11 14:08:44 - [TEST_STEP][PASSED] - Statement - CaseReferenceNo = readedVal: null

2018-12-11 14:08:44 - [MESSAGE][PASSED] - Call Test Case 'Test Cases/Final Aug 2018 - PKS Automation/Common/Reference Number Getter' successfully

2018-12-11 14:08:44 - [TEST_STEP][PASSED] - setText: Text 'CRN12201800123172' is set on object 'Object Repository/Final Object Repo/WorkFlow Listing Page/Ref No Set Text'

2018-12-11 14:08:44 - [MESSAGE][PASSED] - Text 'CRN12201800123172' is set on object 'Object Repository/Final Object Repo/WorkFlow Listing Page/Ref No Set Text'

2018-12-11 14:08:44 - [TEST_STEP][PASSED] - delay: Delayed 2 second(s)

2018-12-11 14:08:46 - [MESSAGE][PASSED] - Delayed 2 second(s)

2018-12-11 14:08:46 - [TEST_STEP][PASSED] - click: Object: 'Object Repository/Final Object Repo/WorkFlow Listing Page/Search Ref No Search Button' is clicked on

2018-12-11 14:08:46 - [MESSAGE][PASSED] - Object: 'Object Repository/Final Object Repo/WorkFlow Listing Page/Search Ref No Search Button' is clicked on

2018-12-11 14:08:46 - [TEST_STEP][PASSED] - delay: Delayed 6 second(s)

2018-12-11 14:08:52 - [MESSAGE][PASSED] - Delayed 6 second(s)

2018-12-11 14:08:52 - [TEST_STEP][PASSED] - click: Object: 'Object Repository/Final Object Repo/WorkFlow Listing Page/Click Continue Tooltip' is clicked on

2018-12-11 14:08:53 - [MESSAGE][PASSED] - Object: 'Object Repository/Final Object Repo/WorkFlow Listing Page/Click Continue Tooltip' is clicked on

2018-12-11 14:08:53 - [TEST_STEP][PASSED] - delay: Delayed 5 second(s)

2018-12-11 14:08:58 - [MESSAGE][PASSED] - Delayed 5 second(s)

2018-12-11 14:08:58 - [TEST_STEP][PASSED] - doubleClick: Object: 'Object Repository/Final Object Repo/WorkFlow Listing Page/Workflow Found - Listing 1' is double clicked on

2018-12-11 14:08:58 - [MESSAGE][PASSED] - Object: 'Object Repository/Final Object Repo/WorkFlow Listing Page/Workflow Found - Listing 1' is double clicked on

2018-12-11 14:08:58 - [TEST_STEP][PASSED] - Statement - println(OwnerID): null

2018-12-11 14:08:58 - [TEST_STEP][PASSED] - Statement - OwnerID = com.kms.katalon.core.webui.keyword.WebUiBuiltInKeywords.getText(com.kms.katalon.core.testobject.ObjectRepository.findTestObject(Final Object Repo/WorkFlow Listing Page/Workflow Found - Listing 1), STOP_ON_FAILURE): Text of object 'Object Repository/Final Object Repo/WorkFlow Listing Page/Workflow Found - Listing 1' is: 'JOHORro1'

2018-12-11 14:08:58 - [MESSAGE][PASSED] - Text of object 'Object Repository/Final Object Repo/WorkFlow Listing Page/Workflow Found - Listing 1' is: 'JOHORro1'

2018-12-11 14:08:58 - [TEST_STEP][PASSED] - Statement - OwnerID = OwnerID.toLowerCase() + "@gmail.com": null

2018-12-11 14:08:58 - [TEST_STEP][PASSED] - Statement - println(OwnerID): null

2018-12-11 14:08:58 - [TEST_STEP][PASSED] - delay: Delayed 2 second(s)

2018-12-11 14:09:00 - [MESSAGE][PASSED] - Delayed 2 second(s)

2018-12-11 14:09:00 - [MESSAGE][PASSED] - Call Test Case 'Test Cases/Final Aug 2018 - PKS Automation/Common/Workflow Owner Finder' successfully

2018-12-11 14:09:00 - [TEST_STEP][PASSED] - callTestCase: Call Test Case 'Test Cases/Final Aug 2018 - PKS Automation/Registration Module/Log Out/log out avoiding katalon tagging' successfully

2018-12-11 14:09:01 - [TEST_CASE][PASSED] - Test Cases/Final Aug 2018 - PKS Automation/Registration Module/Log Out/log out avoiding katalon tagging: Test Cases/Final Aug 2018 - PKS Automation/Registration Module/Log Out/log out avoiding katalon tagging

2018-12-11 14:09:01 - [TEST_STEP][PASSED] - navigateToUrl: Navigate to 'https://assist2-uat.perkeso.gov.my/c/portal/logout' successfully

2018-12-11 14:09:01 - [MESSAGE][PASSED] - Navigate to 'https://assist2-uat.perkeso.gov.my/c/portal/logout' successfully

2018-12-11 14:09:01 - [MESSAGE][PASSED] - Call Test Case 'Test Cases/Final Aug 2018 - PKS Automation/Registration Module/Log Out/log out avoiding katalon tagging' successfully

2018-12-11 14:09:01 - [TEST_STEP][PASSED] - delay: Delayed 2 second(s)

2018-12-11 14:09:03 - [MESSAGE][PASSED] - Delayed 2 second(s)

2018-12-11 14:09:03 - [TEST_STEP][PASSED] - setText: Text 'johorro1@gmail.com' is set on object 'Object Repository/Final Object Repo/New Registration - Registration Module Pages/New Reg - OTC to RO/Special Case - All Related Objects/Email TextBox'

2018-12-11 14:09:04 - [MESSAGE][PASSED] - Text 'johorro1@gmail.com' is set on object 'Object Repository/Final Object Repo/New Registration - Registration Module Pages/New Reg - OTC to RO/Special Case - All Related Objects/Email TextBox'

2018-12-11 14:09:04 - [TEST_STEP][PASSED] - click: Object: 'Object Repository/Final Object Repo/New Registration - Registration Module Pages/New Reg - OTC to RO/Special Case - All Related Objects/Next Button' is clicked on

2018-12-11 14:09:04 - [MESSAGE][PASSED] - Object: 'Object Repository/Final Object Repo/New Registration - Registration Module Pages/New Reg - OTC to RO/Special Case - All Related Objects/Next Button' is clicked on

2018-12-11 14:09:04 - [TEST_STEP][PASSED] - delay: Delayed 2 second(s)

2018-12-11 14:09:06 - [MESSAGE][PASSED] - Delayed 2 second(s)

2018-12-11 14:09:06 - [TEST_STEP][PASSED] - setText: Text 'Test1@3456789' is set on object 'Object Repository/Final Object Repo/New Registration - Registration Module Pages/New Reg - OTC to RO/Special Case - All Related Objects/Password TextBox'

2018-12-11 14:09:06 - [MESSAGE][PASSED] - Text 'Test1@3456789' is set on object 'Object Repository/Final Object Repo/New Registration - Registration Module Pages/New Reg - OTC to RO/Special Case - All Related Objects/Password TextBox'

2018-12-11 14:09:06 - [TEST_STEP][PASSED] - delay: Delayed 2 second(s)

2018-12-11 14:09:08 - [MESSAGE][PASSED] - Delayed 2 second(s)

2018-12-11 14:09:08 - [TEST_STEP][PASSED] - click: Object: 'Object Repository/Final Object Repo/New Registration - Registration Module Pages/New Reg - OTC to RO/Special Case - All Related Objects/Login Button' is clicked on

2018-12-11 14:09:08 - [MESSAGE][PASSED] - Object: 'Object Repository/Final Object Repo/New Registration - Registration Module Pages/New Reg - OTC to RO/Special Case - All Related Objects/Login Button' is clicked on

2018-12-11 14:09:08 - [TEST_STEP][PASSED] - delay: Delayed 2 second(s)

2018-12-11 14:09:10 - [MESSAGE][PASSED] - Delayed 2 second(s)

2018-12-11 14:09:10 - [TEST_STEP][PASSED] - Statement - Try: null

2018-12-11 14:09:10 - [TEST_STEP][PASSED] - Statement - Checker = com.kms.katalon.core.webui.keyword.WebUiBuiltInKeywords.verifyElementNotPresent("Final Object Repo/Landing Page/Select to English", 3): null

2018-12-11 14:09:10 - [TEST_STEP][PASSED] - Statement - Catch (Exception e): null

2018-12-11 14:09:10 - [TEST_STEP][PASSED] - Statement - e.printStackTrace(): null

2018-12-11 14:09:10 - [TEST_STEP][PASSED] - click: Object: 'Object Repository/Final Object Repo/New Registration - Registration Module Pages/New Reg - OTC to RO/Special Case - All Related Objects/Expand to Search' is clicked on

2018-12-11 14:09:11 - [MESSAGE][PASSED] - Object: 'Object Repository/Final Object Repo/New Registration - Registration Module Pages/New Reg - OTC to RO/Special Case - All Related Objects/Expand to Search' is clicked on

2018-12-11 14:09:11 - [TEST_STEP][PASSED] - delay: Delayed 2 second(s)

2018-12-11 14:09:13 - [MESSAGE][PASSED] - Delayed 2 second(s)

2018-12-11 14:09:13 - [TEST_STEP][PASSED] - setText: Text 'CRN12201800123172' is set on object 'Object Repository/Final Object Repo/New Registration - Registration Module Pages/New Reg - OTC to RO/Special Case - All Related Objects/TextBox RefNo in Workbasket'

2018-12-11 14:09:13 - [MESSAGE][PASSED] - Text 'CRN12201800123172' is set on object 'Object Repository/Final Object Repo/New Registration - Registration Module Pages/New Reg - OTC to RO/Special Case - All Related Objects/TextBox RefNo in Workbasket'

2018-12-11 14:09:13 - [TEST_STEP][PASSED] - delay: Delayed 2 second(s)

2018-12-11 14:09:15 - [MESSAGE][PASSED] - Delayed 2 second(s)

2018-12-11 14:09:15 - [TEST_STEP][PASSED] - click: Object: 'Object Repository/Final Object Repo/New Registration - Registration Module Pages/New Reg - OTC to RO/Special Case - All Related Objects/Click Search' is clicked on

2018-12-11 14:09:15 - [MESSAGE][PASSED] - Object: 'Object Repository/Final Object Repo/New Registration - Registration Module Pages/New Reg - OTC to RO/Special Case - All Related Objects/Click Search' is clicked on

2018-12-11 14:09:15 - [TEST_STEP][PASSED] - delay: Delayed 2 second(s)

2018-12-11 14:09:17 - [MESSAGE][PASSED] - Delayed 2 second(s)

2018-12-11 14:09:17 - [TEST_STEP][PASSED] - click: Object: 'Object Repository/Final Object Repo/New Registration - Registration Module Pages/New Reg - OTC to RO/Special Case - All Related Objects/Click to Continue Workflow' is clicked on

2018-12-11 14:09:20 - [MESSAGE][PASSED] - Object: 'Object Repository/Final Object Repo/New Registration - Registration Module Pages/New Reg - OTC to RO/Special Case - All Related Objects/Click to Continue Workflow' is clicked on

2018-12-11 14:09:20 - [TEST_STEP][PASSED] - delay: Delayed 2 second(s)

2018-12-11 14:09:22 - [MESSAGE][PASSED] - Delayed 2 second(s)

2018-12-11 14:09:22 - [TEST_STEP][PASSED] - click: Object: 'Object Repository/Final Object Repo/New Registration - Registration Module Pages/New Reg - OTC to RO/Special Case - All Related Objects/Continue Button in verifying case' is clicked on

2018-12-11 14:09:24 - [MESSAGE][PASSED] - Object: 'Object Repository/Final Object Repo/New Registration - Registration Module Pages/New Reg - OTC to RO/Special Case - All Related Objects/Continue Button in verifying case' is clicked on

2018-12-11 14:09:24 - [TEST_STEP][PASSED] - delay: Delayed 2 second(s)

2018-12-11 14:09:26 - [MESSAGE][PASSED] - Delayed 2 second(s)

2018-12-11 14:09:26 - [TEST_STEP][PASSED] - click: Object: 'Object Repository/Final Object Repo/New Registration - Registration Module Pages/Form 1/Registered As a Branch - Yes' is clicked on

2018-12-11 14:09:26 - [MESSAGE][PASSED] - Object: 'Object Repository/Final Object Repo/New Registration - Registration Module Pages/Form 1/Registered As a Branch - Yes' is clicked on

2018-12-11 14:09:26 - [TEST_STEP][PASSED] - delay: Delayed 2 second(s)

2018-12-11 14:09:28 - [MESSAGE][PASSED] - Delayed 2 second(s)

2018-12-11 14:09:28 - [TEST_STEP][PASSED] - click: Object: 'Object Repository/Final Object Repo/New Registration - Registration Module Pages/New Reg - OTC to RO/Special Case - All Related Objects/Form 1 Save n Continue' is clicked on

2018-12-11 14:09:29 - [MESSAGE][PASSED] - Object: 'Object Repository/Final Object Repo/New Registration - Registration Module Pages/New Reg - OTC to RO/Special Case - All Related Objects/Form 1 Save n Continue' is clicked on

2018-12-11 14:09:29 - [TEST_STEP][PASSED] - delay: Delayed 2 second(s)

2018-12-11 14:09:31 - [MESSAGE][PASSED] - Delayed 2 second(s)

2018-12-11 14:09:31 - [TEST_STEP][PASSED] - click: Object: 'Object Repository/Final Object Repo/New Registration - Registration Module Pages/New Reg - OTC to RO/Special Case - All Related Objects/Form 2 Save n Continue' is clicked on

2018-12-11 14:09:31 - [MESSAGE][PASSED] - Object: 'Object Repository/Final Object Repo/New Registration - Registration Module Pages/New Reg - OTC to RO/Special Case - All Related Objects/Form 2 Save n Continue' is clicked on

2018-12-11 14:09:31 - [TEST_STEP][PASSED] - delay: Delayed 2 second(s)

2018-12-11 14:09:33 - [MESSAGE][PASSED] - Delayed 2 second(s)

2018-12-11 14:09:33 - [TEST_STEP][PASSED] - click: Object: 'Object Repository/Final Object Repo/New Registration - Registration Module Pages/New Reg - OTC to RO/Special Case - All Related Objects/Third Screen Save n Continue' is clicked on

2018-12-11 14:09:38 - [MESSAGE][PASSED] - Object: 'Object Repository/Final Object Repo/New Registration - Registration Module Pages/New Reg - OTC to RO/Special Case - All Related Objects/Third Screen Save n Continue' is clicked on

2018-12-11 14:09:38 - [TEST_STEP][PASSED] - delay: Delayed 5 second(s)

2018-12-11 14:09:43 - [MESSAGE][PASSED] - Delayed 5 second(s)

2018-12-11 14:09:43 - [TEST_STEP][PASSED] - click: Object: 'Object Repository/Final Object Repo/New Registration - Registration Module Pages/New Reg - OTC to RO/Special Case - All Related Objects/Upload Doc Page Save n Continue' is clicked on

2018-12-11 14:09:44 - [MESSAGE][PASSED] - Object: 'Object Repository/Final Object Repo/New Registration - Registration Module Pages/New Reg - OTC to RO/Special Case - All Related Objects/Upload Doc Page Save n Continue' is clicked on

2018-12-11 14:09:44 - [TEST_STEP][PASSED] - delay: Delayed 5 second(s)

2018-12-11 14:09:49 - [MESSAGE][PASSED] - Delayed 5 second(s)

2018-12-11 14:09:49 - [TEST_STEP][PASSED] - click: Object: 'Object Repository/Final Object Repo/New Registration - Registration Module Pages/New Reg - OTC to RO/Special Case - All Related Objects/Under Enforcement Button at Preview Screen of RO' is clicked on

2018-12-11 14:09:49 - [MESSAGE][PASSED] - Object: 'Object Repository/Final Object Repo/New Registration - Registration Module Pages/New Reg - OTC to RO/Special Case - All Related Objects/Under Enforcement Button at Preview Screen of RO' is clicked on

2018-12-11 14:09:49 - [TEST_STEP][PASSED] - delay: Delayed 5 second(s)

2018-12-11 14:09:54 - [MESSAGE][PASSED] - Delayed 5 second(s)

2018-12-11 14:09:54 - [TEST_STEP][PASSED] - click: Object: 'Object Repository/Final Object Repo/New Registration - Registration Module Pages/New Reg - OTC to RO/Special Case - All Related Objects/Under Enforcement - inner form' is clicked on

2018-12-11 14:09:54 - [MESSAGE][PASSED] - Object: 'Object Repository/Final Object Repo/New Registration - Registration Module Pages/New Reg - OTC to RO/Special Case - All Related Objects/Under Enforcement - inner form' is clicked on

2018-12-11 14:09:54 - [TEST_STEP][PASSED] - callTestCase: Call Test Case 'Test Cases/Final Aug 2018 - PKS Automation/Common/Screenshoting tool' successfully

2018-12-11 14:09:54 - [TEST_CASE][PASSED] - Test Cases/Final Aug 2018 - PKS Automation/Common/Screenshoting tool: Test Cases/Final Aug 2018 - PKS Automation/Common/Screenshoting tool

2018-12-11 14:09:54 - [TEST_STEP][PASSED] - delay: Delayed 15 second(s)

2018-12-11 14:10:09 - [MESSAGE][PASSED] - Delayed 15 second(s)

2018-12-11 14:10:09 - [TEST_STEP][PASSED] - Statement - driver = com.kms.katalon.core.webui.driver.DriverFactory.getWebDriver(): null

2018-12-11 14:10:09 - [TEST_STEP][PASSED] - Statement - driver.manage().timeouts().implicitlyWait(10, SECONDS): null

2018-12-11 14:10:09 - [TEST_STEP][PASSED] - Statement - PresavePath = KatalonScreenshots: null

2018-12-11 14:10:09 - [TEST_STEP][PASSED] - Statement - pathPrefix = "C:\Users\Public\Pictures\Sample Pictures\Katalon Screenshots\Automate Ending Screen": null

2018-12-11 14:10:09 - [TEST_STEP][PASSED] - Statement - finalPath = <not implemented yet for class: org.codehaus.groovy.ast.expr.EmptyExpression>: null

2018-12-11 14:10:09 - [TEST_STEP][PASSED] - Statement - scrFile = driver.getScreenshotAs(FILE): null

2018-12-11 14:10:09 - [TEST_STEP][PASSED] - Statement - PreSaveFile = new java.io.File(PresavePath): null

2018-12-11 14:10:09 - [TEST_STEP][PASSED] - Statement - counter = 0: null

2018-12-11 14:10:09 - [TEST_STEP][PASSED] - Statement - If (PreSaveFile.exists()): null

2018-12-11 14:10:09 - [TEST_STEP][PASSED] - Statement - While (PreSaveFile.exists()): null

2018-12-11 14:10:09 - [TEST_STEP][PASSED] - Statement - counter = counter + 1: null

2018-12-11 14:10:09 - [TEST_STEP][PASSED] - Statement - PreSaveFile = new java.io.File(((pathPrefix + java.lang.Integer.toString(counter)) + .png)): null

2018-12-11 14:10:09 - [TEST_STEP][PASSED] - Statement - counter = counter + 1: null

2018-12-11 14:10:09 - [TEST_STEP][PASSED] - Statement - PreSaveFile = new java.io.File(((pathPrefix + java.lang.Integer.toString(counter)) + .png)): null

2018-12-11 14:10:09 - [TEST_STEP][PASSED] - Statement - counter = counter + 1: null

2018-12-11 14:10:09 - [TEST_STEP][PASSED] - Statement - PreSaveFile = new java.io.File(((pathPrefix + java.lang.Integer.toString(counter)) + .png)): null

2018-12-11 14:10:09 - [TEST_STEP][PASSED] - Statement - counter = counter + 1: null

2018-12-11 14:10:09 - [TEST_STEP][PASSED] - Statement - PreSaveFile = new java.io.File(((pathPrefix + java.lang.Integer.toString(counter)) + .png)): null

2018-12-11 14:10:09 - [TEST_STEP][PASSED] - Statement - counter = counter + 1: null

2018-12-11 14:10:09 - [TEST_STEP][PASSED] - Statement - PreSaveFile = new java.io.File(((pathPrefix + java.lang.Integer.toString(counter)) + .png)): null

2018-12-11 14:10:09 - [TEST_STEP][PASSED] - Statement - counter = counter + 1: null

2018-12-11 14:10:09 - [TEST_STEP][PASSED] - Statement - PreSaveFile = new java.io.File(((pathPrefix + java.lang.Integer.toString(counter)) + .png)): null

2018-12-11 14:10:09 - [TEST_STEP][PASSED] - Statement - counter = counter + 1: null

2018-12-11 14:10:09 - [TEST_STEP][PASSED] - Statement - PreSaveFile = new java.io.File(((pathPrefix + java.lang.Integer.toString(counter)) + .png)): null

2018-12-11 14:10:09 - [TEST_STEP][PASSED] - Statement - counter = counter + 1: null

2018-12-11 14:10:09 - [TEST_STEP][PASSED] - Statement - PreSaveFile = new java.io.File(((pathPrefix + java.lang.Integer.toString(counter)) + .png)): null

2018-12-11 14:10:09 - [TEST_STEP][PASSED] - Statement - counter = counter + 1: null

2018-12-11 14:10:09 - [TEST_STEP][PASSED] - Statement - PreSaveFile = new java.io.File(((pathPrefix + java.lang.Integer.toString(counter)) + .png)): null

2018-12-11 14:10:09 - [TEST_STEP][PASSED] - Statement - counter = counter + 1: null

2018-12-11 14:10:09 - [TEST_STEP][PASSED] - Statement - PreSaveFile = new java.io.File(((pathPrefix + java.lang.Integer.toString(counter)) + .png)): null

2018-12-11 14:10:09 - [TEST_STEP][PASSED] - Statement - counter = counter + 1: null

2018-12-11 14:10:09 - [TEST_STEP][PASSED] - Statement - PreSaveFile = new java.io.File(((pathPrefix + java.lang.Integer.toString(counter)) + .png)): null

2018-12-11 14:10:09 - [TEST_STEP][PASSED] - Statement - counter = counter + 1: null

2018-12-11 14:10:09 - [TEST_STEP][PASSED] - Statement - PreSaveFile = new java.io.File(((pathPrefix + java.lang.Integer.toString(counter)) + .png)): null

2018-12-11 14:10:09 - [TEST_STEP][PASSED] - Statement - counter = counter + 1: null

2018-12-11 14:10:09 - [TEST_STEP][PASSED] - Statement - PreSaveFile = new java.io.File(((pathPrefix + java.lang.Integer.toString(counter)) + .png)): null

2018-12-11 14:10:09 - [TEST_STEP][PASSED] - Statement - counter = counter + 1: null

2018-12-11 14:10:09 - [TEST_STEP][PASSED] - Statement - PreSaveFile = new java.io.File(((pathPrefix + java.lang.Integer.toString(counter)) + .png)): null

2018-12-11 14:10:09 - [TEST_STEP][PASSED] - Statement - counter = counter + 1: null

2018-12-11 14:10:09 - [TEST_STEP][PASSED] - Statement - PreSaveFile = new java.io.File(((pathPrefix + java.lang.Integer.toString(counter)) + .png)): null

2018-12-11 14:10:09 - [TEST_STEP][PASSED] - Statement - counter = counter + 1: null

2018-12-11 14:10:09 - [TEST_STEP][PASSED] - Statement - PreSaveFile = new java.io.File(((pathPrefix + java.lang.Integer.toString(counter)) + .png)): null

2018-12-11 14:10:09 - [TEST_STEP][PASSED] - Statement - counter = counter + 1: null

2018-12-11 14:10:09 - [TEST_STEP][PASSED] - Statement - PreSaveFile = new java.io.File(((pathPrefix + java.lang.Integer.toString(counter)) + .png)): null

2018-12-11 14:10:09 - [TEST_STEP][PASSED] - Statement - counter = counter + 1: null

2018-12-11 14:10:09 - [TEST_STEP][PASSED] - Statement - PreSaveFile = new java.io.File(((pathPrefix + java.lang.Integer.toString(counter)) + .png)): null

2018-12-11 14:10:09 - [TEST_STEP][PASSED] - Statement - counter = counter + 1: null

2018-12-11 14:10:09 - [TEST_STEP][PASSED] - Statement - PreSaveFile = new java.io.File(((pathPrefix + java.lang.Integer.toString(counter)) + .png)): null

2018-12-11 14:10:09 - [TEST_STEP][PASSED] - Statement - counter = counter + 1: null

2018-12-11 14:10:09 - [TEST_STEP][PASSED] - Statement - PreSaveFile = new java.io.File(((pathPrefix + java.lang.Integer.toString(counter)) + .png)): null

2018-12-11 14:10:09 - [TEST_STEP][PASSED] - Statement - counter = counter + 1: null

2018-12-11 14:10:09 - [TEST_STEP][PASSED] - Statement - PreSaveFile = new java.io.File(((pathPrefix + java.lang.Integer.toString(counter)) + .png)): null

2018-12-11 14:10:09 - [TEST_STEP][PASSED] - Statement - counter = counter + 1: null

2018-12-11 14:10:09 - [TEST_STEP][PASSED] - Statement - PreSaveFile = new java.io.File(((pathPrefix + java.lang.Integer.toString(counter)) + .png)): null

2018-12-11 14:10:09 - [TEST_STEP][PASSED] - Statement - counter = counter + 1: null

2018-12-11 14:10:09 - [TEST_STEP][PASSED] - Statement - PreSaveFile = new java.io.File(((pathPrefix + java.lang.Integer.toString(counter)) + .png)): null

2018-12-11 14:10:09 - [TEST_STEP][PASSED] - Statement - counter = counter + 1: null

2018-12-11 14:10:09 - [TEST_STEP][PASSED] - Statement - PreSaveFile = new java.io.File(((pathPrefix + java.lang.Integer.toString(counter)) + .png)): null

2018-12-11 14:10:09 - [TEST_STEP][PASSED] - Statement - counter = counter + 1: null

2018-12-11 14:10:09 - [TEST_STEP][PASSED] - Statement - PreSaveFile = new java.io.File(((pathPrefix + java.lang.Integer.toString(counter)) + .png)): null

2018-12-11 14:10:09 - [TEST_STEP][PASSED] - Statement - counter = counter + 1: null

2018-12-11 14:10:09 - [TEST_STEP][PASSED] - Statement - PreSaveFile = new java.io.File(((pathPrefix + java.lang.Integer.toString(counter)) + .png)): null

2018-12-11 14:10:09 - [TEST_STEP][PASSED] - Statement - counter = counter + 1: null

2018-12-11 14:10:09 - [TEST_STEP][PASSED] - Statement - PreSaveFile = new java.io.File(((pathPrefix + java.lang.Integer.toString(counter)) + .png)): null

2018-12-11 14:10:09 - [TEST_STEP][PASSED] - Statement - counter = counter + 1: null

2018-12-11 14:10:09 - [TEST_STEP][PASSED] - Statement - PreSaveFile = new java.io.File(((pathPrefix + java.lang.Integer.toString(counter)) + .png)): null

2018-12-11 14:10:09 - [TEST_STEP][PASSED] - Statement - counter = counter + 1: null

2018-12-11 14:10:09 - [TEST_STEP][PASSED] - Statement - PreSaveFile = new java.io.File(((pathPrefix + java.lang.Integer.toString(counter)) + .png)): null

2018-12-11 14:10:09 - [TEST_STEP][PASSED] - Statement - counter = counter + 1: null

2018-12-11 14:10:09 - [TEST_STEP][PASSED] - Statement - PreSaveFile = new java.io.File(((pathPrefix + java.lang.Integer.toString(counter)) + .png)): null

2018-12-11 14:10:09 - [TEST_STEP][PASSED] - Statement - counter = counter + 1: null

2018-12-11 14:10:09 - [TEST_STEP][PASSED] - Statement - PreSaveFile = new java.io.File(((pathPrefix + java.lang.Integer.toString(counter)) + .png)): null

2018-12-11 14:10:09 - [TEST_STEP][PASSED] - Statement - counter = counter + 1: null

2018-12-11 14:10:09 - [TEST_STEP][PASSED] - Statement - PreSaveFile = new java.io.File(((pathPrefix + java.lang.Integer.toString(counter)) + .png)): null

2018-12-11 14:10:09 - [TEST_STEP][PASSED] - Statement - counter = counter + 1: null

2018-12-11 14:10:09 - [TEST_STEP][PASSED] - Statement - PreSaveFile = new java.io.File(((pathPrefix + java.lang.Integer.toString(counter)) + .png)): null

2018-12-11 14:10:09 - [TEST_STEP][PASSED] - Statement - counter = counter + 1: null

2018-12-11 14:10:09 - [TEST_STEP][PASSED] - Statement - PreSaveFile = new java.io.File(((pathPrefix + java.lang.Integer.toString(counter)) + .png)): null

2018-12-11 14:10:09 - [TEST_STEP][PASSED] - Statement - counter = counter + 1: null

2018-12-11 14:10:09 - [TEST_STEP][PASSED] - Statement - PreSaveFile = new java.io.File(((pathPrefix + java.lang.Integer.toString(counter)) + .png)): null

2018-12-11 14:10:09 - [TEST_STEP][PASSED] - Statement - counter = counter + 1: null

2018-12-11 14:10:09 - [TEST_STEP][PASSED] - Statement - PreSaveFile = new java.io.File(((pathPrefix + java.lang.Integer.toString(counter)) + .png)): null

2018-12-11 14:10:09 - [TEST_STEP][PASSED] - Statement - counter = counter + 1: null

2018-12-11 14:10:09 - [TEST_STEP][PASSED] - Statement - PreSaveFile = new java.io.File(((pathPrefix + java.lang.Integer.toString(counter)) + .png)): null

2018-12-11 14:10:09 - [TEST_STEP][PASSED] - Statement - counter = counter + 1: null

2018-12-11 14:10:09 - [TEST_STEP][PASSED] - Statement - PreSaveFile = new java.io.File(((pathPrefix + java.lang.Integer.toString(counter)) + .png)): null

2018-12-11 14:10:09 - [TEST_STEP][PASSED] - Statement - counter = counter + 1: null

2018-12-11 14:10:09 - [TEST_STEP][PASSED] - Statement - PreSaveFile = new java.io.File(((pathPrefix + java.lang.Integer.toString(counter)) + .png)): null

2018-12-11 14:10:09 - [TEST_STEP][PASSED] - Statement - counter = counter + 1: null

2018-12-11 14:10:09 - [TEST_STEP][PASSED] - Statement - PreSaveFile = new java.io.File(((pathPrefix + java.lang.Integer.toString(counter)) + .png)): null

2018-12-11 14:10:09 - [TEST_STEP][PASSED] - Statement - counter = counter + 1: null

2018-12-11 14:10:09 - [TEST_STEP][PASSED] - Statement - PreSaveFile = new java.io.File(((pathPrefix + java.lang.Integer.toString(counter)) + .png)): null

2018-12-11 14:10:09 - [TEST_STEP][PASSED] - Statement - counter = counter + 1: null

2018-12-11 14:10:09 - [TEST_STEP][PASSED] - Statement - PreSaveFile = new java.io.File(((pathPrefix + java.lang.Integer.toString(counter)) + .png)): null

2018-12-11 14:10:09 - [TEST_STEP][PASSED] - Statement - counter = counter + 1: null

2018-12-11 14:10:09 - [TEST_STEP][PASSED] - Statement - PreSaveFile = new java.io.File(((pathPrefix + java.lang.Integer.toString(counter)) + .png)): null

2018-12-11 14:10:09 - [TEST_STEP][PASSED] - Statement - counter = counter + 1: null

2018-12-11 14:10:09 - [TEST_STEP][PASSED] - Statement - PreSaveFile = new java.io.File(((pathPrefix + java.lang.Integer.toString(counter)) + .png)): null

2018-12-11 14:10:09 - [TEST_STEP][PASSED] - Statement - counter = counter + 1: null

2018-12-11 14:10:09 - [TEST_STEP][PASSED] - Statement - PreSaveFile = new java.io.File(((pathPrefix + java.lang.Integer.toString(counter)) + .png)): null

2018-12-11 14:10:09 - [TEST_STEP][PASSED] - Statement - counter = counter + 1: null

2018-12-11 14:10:09 - [TEST_STEP][PASSED] - Statement - PreSaveFile = new java.io.File(((pathPrefix + java.lang.Integer.toString(counter)) + .png)): null

2018-12-11 14:10:10 - [TEST_STEP][PASSED] - Statement - counter = counter + 1: null

2018-12-11 14:10:10 - [TEST_STEP][PASSED] - Statement - PreSaveFile = new java.io.File(((pathPrefix + java.lang.Integer.toString(counter)) + .png)): null

2018-12-11 14:10:10 - [TEST_STEP][PASSED] - Statement - counter = counter + 1: null

2018-12-11 14:10:10 - [TEST_STEP][PASSED] - Statement - PreSaveFile = new java.io.File(((pathPrefix + java.lang.Integer.toString(counter)) + .png)): null

2018-12-11 14:10:10 - [TEST_STEP][PASSED] - Statement - counter = counter + 1: null

2018-12-11 14:10:10 - [TEST_STEP][PASSED] - Statement - PreSaveFile = new java.io.File(((pathPrefix + java.lang.Integer.toString(counter)) + .png)): null

2018-12-11 14:10:10 - [TEST_STEP][PASSED] - Statement - finalPath = pathPrefix + java.lang.Integer.toString(counter) + ".png": null

2018-12-11 14:10:10 - [TEST_STEP][PASSED] - Statement - SaveFile = new java.io.File(finalPath): null

2018-12-11 14:10:10 - [TEST_STEP][PASSED] - Statement - Try: null

2018-12-11 14:10:10 - [TEST_STEP][PASSED] - Statement - org.apache.commons.io.FileUtils.copyFile(scrFile, SaveFile): null

2018-12-11 14:10:10 - [TEST_STEP][PASSED] - Statement - out.println("file kept"): null

2018-12-11 14:10:10 - [TEST_STEP][PASSED] - delay: Delayed 10 second(s)

2018-12-11 14:10:20 - [MESSAGE][PASSED] - Delayed 10 second(s)

2018-12-11 14:10:20 - [MESSAGE][PASSED] - Call Test Case 'Test Cases/Final Aug 2018 - PKS Automation/Common/Screenshoting tool' successfully

2018-12-11 14:10:20 - [TEST_STEP][PASSED] - callTestCase: Call Test Case 'Test Cases/Final Aug 2018 - PKS Automation/Registration Module/Log Out/log out avoiding katalon tagging' successfully

2018-12-11 14:10:20 - [TEST_CASE][PASSED] - Test Cases/Final Aug 2018 - PKS Automation/Registration Module/Log Out/log out avoiding katalon tagging: Test Cases/Final Aug 2018 - PKS Automation/Registration Module/Log Out/log out avoiding katalon tagging

2018-12-11 14:10:20 - [TEST_STEP][PASSED] - navigateToUrl: Navigate to 'https://assist2-uat.perkeso.gov.my/c/portal/logout' successfully

2018-12-11 14:10:20 - [MESSAGE][PASSED] - Navigate to 'https://assist2-uat.perkeso.gov.my/c/portal/logout' successfully

2018-12-11 14:10:20 - [MESSAGE][PASSED] - Call Test Case 'Test Cases/Final Aug 2018 - PKS Automation/Registration Module/Log Out/log out avoiding katalon tagging' successfully

2018-12-11 14:10:20 - [TEST_STEP][PASSED] - delay: Delayed 2 second(s)

2018-12-11 14:10:22 - [MESSAGE][PASSED] - Delayed 2 second(s)

2018-12-11 14:10:22 - [TEST_STEP][PASSED] - setText: Text 'johorro1@gmail.com' is set on object 'Object Repository/Final Object Repo/New Registration - Registration Module Pages/New Reg - OTC to RO/Special Case - All Related Objects/Email TextBox'

2018-12-11 14:10:23 - [MESSAGE][PASSED] - Text 'johorro1@gmail.com' is set on object 'Object Repository/Final Object Repo/New Registration - Registration Module Pages/New Reg - OTC to RO/Special Case - All Related Objects/Email TextBox'

2018-12-11 14:10:23 - [TEST_STEP][PASSED] - click: Object: 'Object Repository/Final Object Repo/New Registration - Registration Module Pages/New Reg - OTC to RO/Special Case - All Related Objects/Next Button' is clicked on

2018-12-11 14:10:23 - [MESSAGE][PASSED] - Object: 'Object Repository/Final Object Repo/New Registration - Registration Module Pages/New Reg - OTC to RO/Special Case - All Related Objects/Next Button' is clicked on

2018-12-11 14:10:23 - [TEST_STEP][PASSED] - delay: Delayed 2 second(s)

2018-12-11 14:10:25 - [MESSAGE][PASSED] - Delayed 2 second(s)

2018-12-11 14:10:25 - [TEST_STEP][PASSED] - setText: Text 'Test1@3456789' is set on object 'Object Repository/Final Object Repo/New Registration - Registration Module Pages/New Reg - OTC to RO/Special Case - All Related Objects/Password TextBox'

2018-12-11 14:10:25 - [MESSAGE][PASSED] - Text 'Test1@3456789' is set on object 'Object Repository/Final Object Repo/New Registration - Registration Module Pages/New Reg - OTC to RO/Special Case - All Related Objects/Password TextBox'

2018-12-11 14:10:25 - [TEST_STEP][PASSED] - delay: Delayed 2 second(s)

2018-12-11 14:10:27 - [MESSAGE][PASSED] - Delayed 2 second(s)

2018-12-11 14:10:27 - [TEST_STEP][PASSED] - click: Object: 'Object Repository/Final Object Repo/New Registration - Registration Module Pages/New Reg - OTC to RO/Special Case - All Related Objects/Login Button' is clicked on

2018-12-11 14:10:27 - [MESSAGE][PASSED] - Object: 'Object Repository/Final Object Repo/New Registration - Registration Module Pages/New Reg - OTC to RO/Special Case - All Related Objects/Login Button' is clicked on

2018-12-11 14:10:27 - [TEST_STEP][PASSED] - delay: Delayed 2 second(s)

2018-12-11 14:10:29 - [MESSAGE][PASSED] - Delayed 2 second(s)

2018-12-11 14:10:29 - [TEST_STEP][PASSED] - Statement - Try: null

2018-12-11 14:10:29 - [TEST_STEP][PASSED] - Statement - Checker = com.kms.katalon.core.webui.keyword.WebUiBuiltInKeywords.verifyElementNotPresent("Final Object Repo/Landing Page/Select to English", 3): null

2018-12-11 14:10:29 - [TEST_STEP][PASSED] - Statement - Catch (Exception e): null

2018-12-11 14:10:29 - [TEST_STEP][PASSED] - Statement - e.printStackTrace(): null

2018-12-11 14:10:29 - [TEST_STEP][PASSED] - click: Object: 'Object Repository/Final Object Repo/New Registration - Registration Module Pages/New Reg - OTC to RO/Special Case - All Related Objects/Expand to Search' is clicked on

2018-12-11 14:10:29 - [MESSAGE][PASSED] - Object: 'Object Repository/Final Object Repo/New Registration - Registration Module Pages/New Reg - OTC to RO/Special Case - All Related Objects/Expand to Search' is clicked on

2018-12-11 14:10:29 - [TEST_STEP][PASSED] - delay: Delayed 2 second(s)

2018-12-11 14:10:31 - [MESSAGE][PASSED] - Delayed 2 second(s)

2018-12-11 14:10:31 - [TEST_STEP][PASSED] - setText: Text 'CRN12201800123172' is set on object 'Object Repository/Final Object Repo/New Registration - Registration Module Pages/New Reg - OTC to RO/Special Case - All Related Objects/TextBox RefNo in Workbasket'

2018-12-11 14:10:32 - [MESSAGE][PASSED] - Text 'CRN12201800123172' is set on object 'Object Repository/Final Object Repo/New Registration - Registration Module Pages/New Reg - OTC to RO/Special Case - All Related Objects/TextBox RefNo in Workbasket'

2018-12-11 14:10:32 - [TEST_STEP][PASSED] - delay: Delayed 2 second(s)

2018-12-11 14:10:34 - [MESSAGE][PASSED] - Delayed 2 second(s)

2018-12-11 14:10:34 - [TEST_STEP][PASSED] - click: Object: 'Object Repository/Final Object Repo/New Registration - Registration Module Pages/New Reg - OTC to RO/Special Case - All Related Objects/Click Search' is clicked on

2018-12-11 14:10:34 - [MESSAGE][PASSED] - Object: 'Object Repository/Final Object Repo/New Registration - Registration Module Pages/New Reg - OTC to RO/Special Case - All Related Objects/Click Search' is clicked on

2018-12-11 14:10:34 - [TEST_STEP][PASSED] - delay: Delayed 2 second(s)

2018-12-11 14:10:36 - [MESSAGE][PASSED] - Delayed 2 second(s)

2018-12-11 14:10:36 - [TEST_STEP][PASSED] - click: Object: 'Object Repository/Final Object Repo/New Registration - Registration Module Pages/New Reg - OTC to RO/Special Case - All Related Objects/Click to Continue Workflow' is clicked on

2018-12-11 14:10:39 - [MESSAGE][PASSED] - Object: 'Object Repository/Final Object Repo/New Registration - Registration Module Pages/New Reg - OTC to RO/Special Case - All Related Objects/Click to Continue Workflow' is clicked on

2018-12-11 14:10:39 - [TEST_STEP][PASSED] - delay: Delayed 2 second(s)

2018-12-11 14:10:41 - [MESSAGE][PASSED] - Delayed 2 second(s)

2018-12-11 14:10:41 - [TEST_STEP][PASSED] - click: Object: 'Object Repository/Final Object Repo/New Registration - Registration Module Pages/New Reg - OTC to RO/Special Case - All Related Objects/Continue Button in verifying case' is clicked on

2018-12-11 14:10:43 - [MESSAGE][PASSED] - Object: 'Object Repository/Final Object Repo/New Registration - Registration Module Pages/New Reg - OTC to RO/Special Case - All Related Objects/Continue Button in verifying case' is clicked on

2018-12-11 14:10:43 - [TEST_STEP][PASSED] - delay: Delayed 2 second(s)

2018-12-11 14:10:45 - [MESSAGE][PASSED] - Delayed 2 second(s)

2018-12-11 14:10:45 - [TEST_STEP][PASSED] - click: Object: 'Object Repository/Final Object Repo/New Registration - Registration Module Pages/Form 1/Registered As a Branch - Yes' is clicked on

2018-12-11 14:10:45 - [MESSAGE][PASSED] - Object: 'Object Repository/Final Object Repo/New Registration - Registration Module Pages/Form 1/Registered As a Branch - Yes' is clicked on

2018-12-11 14:10:45 - [TEST_STEP][PASSED] - delay: Delayed 2 second(s)

2018-12-11 14:10:47 - [MESSAGE][PASSED] - Delayed 2 second(s)

2018-12-11 14:10:47 - [TEST_STEP][PASSED] - click: Object: 'Object Repository/Final Object Repo/New Registration - Registration Module Pages/New Reg - OTC to RO/Special Case - All Related Objects/Form 1 Save n Continue' is clicked on

2018-12-11 14:10:47 - [MESSAGE][PASSED] - Object: 'Object Repository/Final Object Repo/New Registration - Registration Module Pages/New Reg - OTC to RO/Special Case - All Related Objects/Form 1 Save n Continue' is clicked on

2018-12-11 14:10:47 - [TEST_STEP][PASSED] - delay: Delayed 2 second(s)

2018-12-11 14:10:49 - [MESSAGE][PASSED] - Delayed 2 second(s)

2018-12-11 14:10:49 - [TEST_STEP][PASSED] - click: Object: 'Object Repository/Final Object Repo/New Registration - Registration Module Pages/New Reg - OTC to RO/Special Case - All Related Objects/Form 2 Save n Continue' is clicked on

2018-12-11 14:10:50 - [MESSAGE][PASSED] - Object: 'Object Repository/Final Object Repo/New Registration - Registration Module Pages/New Reg - OTC to RO/Special Case - All Related Objects/Form 2 Save n Continue' is clicked on

2018-12-11 14:10:50 - [TEST_STEP][PASSED] - delay: Delayed 2 second(s)

2018-12-11 14:10:52 - [MESSAGE][PASSED] - Delayed 2 second(s)

2018-12-11 14:10:52 - [TEST_STEP][PASSED] - click: Object: 'Object Repository/Final Object Repo/New Registration - Registration Module Pages/New Reg - OTC to RO/Special Case - All Related Objects/Third Screen Save n Continue' is clicked on

2018-12-11 14:10:57 - [MESSAGE][PASSED] - Object: 'Object Repository/Final Object Repo/New Registration - Registration Module Pages/New Reg - OTC to RO/Special Case - All Related Objects/Third Screen Save n Continue' is clicked on

2018-12-11 14:10:57 - [TEST_STEP][PASSED] - delay: Delayed 5 second(s)

2018-12-11 14:11:02 - [MESSAGE][PASSED] - Delayed 5 second(s)

2018-12-11 14:11:02 - [TEST_STEP][PASSED] - click: Object: 'Object Repository/Final Object Repo/New Registration - Registration Module Pages/New Reg - OTC to RO/Special Case - All Related Objects/Upload Doc Page Save n Continue' is clicked on

2018-12-11 14:11:02 - [MESSAGE][PASSED] - Object: 'Object Repository/Final Object Repo/New Registration - Registration Module Pages/New Reg - OTC to RO/Special Case - All Related Objects/Upload Doc Page Save n Continue' is clicked on

2018-12-11 14:11:02 - [TEST_STEP][PASSED] - delay: Delayed 5 second(s)

2018-12-11 14:11:07 - [MESSAGE][PASSED] - Delayed 5 second(s)

2018-12-11 14:11:07 - [TEST_STEP][PASSED] - callTestCase: Call Test Case 'Test Cases/Final Aug 2018 - PKS Automation/Registration Module/New Registration/Submit and Screenshot/Submit Registration and Screenshot' successfully

2018-12-11 14:11:07 - [TEST_CASE][PASSED] - Test Cases/Final Aug 2018 - PKS Automation/Registration Module/New Registration/Submit and Screenshot/Submit Registration and Screenshot: Test Cases/Final Aug 2018 - PKS Automation/Registration Module/New Registration/Submit and Screenshot/Submit Registration and Screenshot

2018-12-11 14:11:07 - [TEST_STEP][PASSED] - delay: Delayed 6 second(s)

2018-12-11 14:11:13 - [MESSAGE][PASSED] - Delayed 6 second(s)

2018-12-11 14:11:13 - [TEST_STEP][PASSED] - click: Object: 'Object Repository/Final Object Repo/New Registration - Registration Module Pages/Third Screen - Upload Supporting Doc- Preview/Preview Submit Button' is clicked on

2018-12-11 14:11:13 - [MESSAGE][PASSED] - Object: 'Object Repository/Final Object Repo/New Registration - Registration Module Pages/Third Screen - Upload Supporting Doc- Preview/Preview Submit Button' is clicked on

2018-12-11 14:11:13 - [TEST_STEP][PASSED] - delay: Delayed 2 second(s)

2018-12-11 14:11:15 - [MESSAGE][PASSED] - Delayed 2 second(s)

2018-12-11 14:11:15 - [TEST_STEP][PASSED] - click: Object: 'Object Repository/Final Object Repo/New Registration - Registration Module Pages/Third Screen - Upload Supporting Doc- Preview/Preview Submit - Confirm' is clicked on

2018-12-11 14:11:15 - [MESSAGE][PASSED] - Object: 'Object Repository/Final Object Repo/New Registration - Registration Module Pages/Third Screen - Upload Supporting Doc- Preview/Preview Submit - Confirm' is clicked on

2018-12-11 14:11:15 - [TEST_STEP][PASSED] - delay: Delayed 15 second(s)

2018-12-11 14:11:30 - [MESSAGE][PASSED] - Delayed 15 second(s)

2018-12-11 14:11:30 - [TEST_STEP][PASSED] - Statement - driver = com.kms.katalon.core.webui.driver.DriverFactory.getWebDriver(): null

2018-12-11 14:11:30 - [TEST_STEP][PASSED] - Statement - driver.manage().timeouts().implicitlyWait(10, SECONDS): null

2018-12-11 14:11:30 - [TEST_STEP][PASSED] - Statement - PresavePath = KatalonScreenshots: null

2018-12-11 14:11:30 - [TEST_STEP][PASSED] - Statement - pathPrefix = "C:\Users\Public\Pictures\Sample Pictures\Katalon Screenshots\Automate Ending Screen": null

2018-12-11 14:11:30 - [TEST_STEP][PASSED] - Statement - finalPath = <not implemented yet for class: org.codehaus.groovy.ast.expr.EmptyExpression>: null

2018-12-11 14:11:30 - [TEST_STEP][PASSED] - Statement - scrFile = driver.getScreenshotAs(FILE): null

2018-12-11 14:11:31 - [TEST_STEP][PASSED] - Statement - PreSaveFile = new java.io.File(PresavePath): null

2018-12-11 14:11:31 - [TEST_STEP][PASSED] - Statement - counter = 0: null

2018-12-11 14:11:31 - [TEST_STEP][PASSED] - Statement - If (PreSaveFile.exists()): null

2018-12-11 14:11:31 - [TEST_STEP][PASSED] - Statement - While (PreSaveFile.exists()): null

2018-12-11 14:11:31 - [TEST_STEP][PASSED] - Statement - counter = counter + 1: null

2018-12-11 14:11:31 - [TEST_STEP][PASSED] - Statement - PreSaveFile = new java.io.File(((pathPrefix + java.lang.Integer.toString(counter)) + .png)): null

2018-12-11 14:11:31 - [TEST_STEP][PASSED] - Statement - counter = counter + 1: null

2018-12-11 14:11:31 - [TEST_STEP][PASSED] - Statement - PreSaveFile = new java.io.File(((pathPrefix + java.lang.Integer.toString(counter)) + .png)): null

2018-12-11 14:11:31 - [TEST_STEP][PASSED] - Statement - counter = counter + 1: null

2018-12-11 14:11:31 - [TEST_STEP][PASSED] - Statement - PreSaveFile = new java.io.File(((pathPrefix + java.lang.Integer.toString(counter)) + .png)): null

2018-12-11 14:11:31 - [TEST_STEP][PASSED] - Statement - counter = counter + 1: null

2018-12-11 14:11:31 - [TEST_STEP][PASSED] - Statement - PreSaveFile = new java.io.File(((pathPrefix + java.lang.Integer.toString(counter)) + .png)): null

2018-12-11 14:11:31 - [TEST_STEP][PASSED] - Statement - counter = counter + 1: null

2018-12-11 14:11:31 - [TEST_STEP][PASSED] - Statement - PreSaveFile = new java.io.File(((pathPrefix + java.lang.Integer.toString(counter)) + .png)): null

2018-12-11 14:11:31 - [TEST_STEP][PASSED] - Statement - counter = counter + 1: null

2018-12-11 14:11:31 - [TEST_STEP][PASSED] - Statement - PreSaveFile = new java.io.File(((pathPrefix + java.lang.Integer.toString(counter)) + .png)): null

2018-12-11 14:11:31 - [TEST_STEP][PASSED] - Statement - counter = counter + 1: null

2018-12-11 14:11:31 - [TEST_STEP][PASSED] - Statement - PreSaveFile = new java.io.File(((pathPrefix + java.lang.Integer.toString(counter)) + .png)): null

2018-12-11 14:11:31 - [TEST_STEP][PASSED] - Statement - counter = counter + 1: null

2018-12-11 14:11:31 - [TEST_STEP][PASSED] - Statement - PreSaveFile = new java.io.File(((pathPrefix + java.lang.Integer.toString(counter)) + .png)): null

2018-12-11 14:11:31 - [TEST_STEP][PASSED] - Statement - counter = counter + 1: null

2018-12-11 14:11:31 - [TEST_STEP][PASSED] - Statement - PreSaveFile = new java.io.File(((pathPrefix + java.lang.Integer.toString(counter)) + .png)): null

2018-12-11 14:11:31 - [TEST_STEP][PASSED] - Statement - counter = counter + 1: null

2018-12-11 14:11:31 - [TEST_STEP][PASSED] - Statement - PreSaveFile = new java.io.File(((pathPrefix + java.lang.Integer.toString(counter)) + .png)): null

2018-12-11 14:11:31 - [TEST_STEP][PASSED] - Statement - counter = counter + 1: null

2018-12-11 14:11:31 - [TEST_STEP][PASSED] - Statement - PreSaveFile = new java.io.File(((pathPrefix + java.lang.Integer.toString(counter)) + .png)): null

2018-12-11 14:11:31 - [TEST_STEP][PASSED] - Statement - counter = counter + 1: null

2018-12-11 14:11:31 - [TEST_STEP][PASSED] - Statement - PreSaveFile = new java.io.File(((pathPrefix + java.lang.Integer.toString(counter)) + .png)): null

2018-12-11 14:11:31 - [TEST_STEP][PASSED] - Statement - counter = counter + 1: null

2018-12-11 14:11:31 - [TEST_STEP][PASSED] - Statement - PreSaveFile = new java.io.File(((pathPrefix + java.lang.Integer.toString(counter)) + .png)): null

2018-12-11 14:11:31 - [TEST_STEP][PASSED] - Statement - counter = counter + 1: null

2018-12-11 14:11:31 - [TEST_STEP][PASSED] - Statement - PreSaveFile = new java.io.File(((pathPrefix + java.lang.Integer.toString(counter)) + .png)): null

2018-12-11 14:11:31 - [TEST_STEP][PASSED] - Statement - counter = counter + 1: null

2018-12-11 14:11:31 - [TEST_STEP][PASSED] - Statement - PreSaveFile = new java.io.File(((pathPrefix + java.lang.Integer.toString(counter)) + .png)): null

2018-12-11 14:11:31 - [TEST_STEP][PASSED] - Statement - counter = counter + 1: null

2018-12-11 14:11:31 - [TEST_STEP][PASSED] - Statement - PreSaveFile = new java.io.File(((pathPrefix + java.lang.Integer.toString(counter)) + .png)): null

2018-12-11 14:11:31 - [TEST_STEP][PASSED] - Statement - counter = counter + 1: null

2018-12-11 14:11:31 - [TEST_STEP][PASSED] - Statement - PreSaveFile = new java.io.File(((pathPrefix + java.lang.Integer.toString(counter)) + .png)): null

2018-12-11 14:11:31 - [TEST_STEP][PASSED] - Statement - counter = counter + 1: null

2018-12-11 14:11:31 - [TEST_STEP][PASSED] - Statement - PreSaveFile = new java.io.File(((pathPrefix + java.lang.Integer.toString(counter)) + .png)): null

2018-12-11 14:11:31 - [TEST_STEP][PASSED] - Statement - counter = counter + 1: null

2018-12-11 14:11:31 - [TEST_STEP][PASSED] - Statement - PreSaveFile = new java.io.File(((pathPrefix + java.lang.Integer.toString(counter)) + .png)): null

2018-12-11 14:11:31 - [TEST_STEP][PASSED] - Statement - counter = counter + 1: null

2018-12-11 14:11:31 - [TEST_STEP][PASSED] - Statement - PreSaveFile = new java.io.File(((pathPrefix + java.lang.Integer.toString(counter)) + .png)): null

2018-12-11 14:11:31 - [TEST_STEP][PASSED] - Statement - counter = counter + 1: null

2018-12-11 14:11:31 - [TEST_STEP][PASSED] - Statement - PreSaveFile = new java.io.File(((pathPrefix + java.lang.Integer.toString(counter)) + .png)): null

2018-12-11 14:11:31 - [TEST_STEP][PASSED] - Statement - counter = counter + 1: null

2018-12-11 14:11:31 - [TEST_STEP][PASSED] - Statement - PreSaveFile = new java.io.File(((pathPrefix + java.lang.Integer.toString(counter)) + .png)): null

2018-12-11 14:11:31 - [TEST_STEP][PASSED] - Statement - counter = counter + 1: null

2018-12-11 14:11:31 - [TEST_STEP][PASSED] - Statement - PreSaveFile = new java.io.File(((pathPrefix + java.lang.Integer.toString(counter)) + .png)): null

2018-12-11 14:11:31 - [TEST_STEP][PASSED] - Statement - counter = counter + 1: null

2018-12-11 14:11:31 - [TEST_STEP][PASSED] - Statement - PreSaveFile = new java.io.File(((pathPrefix + java.lang.Integer.toString(counter)) + .png)): null

2018-12-11 14:11:31 - [TEST_STEP][PASSED] - Statement - counter = counter + 1: null

2018-12-11 14:11:31 - [TEST_STEP][PASSED] - Statement - PreSaveFile = new java.io.File(((pathPrefix + java.lang.Integer.toString(counter)) + .png)): null

2018-12-11 14:11:31 - [TEST_STEP][PASSED] - Statement - counter = counter + 1: null

2018-12-11 14:11:31 - [TEST_STEP][PASSED] - Statement - PreSaveFile = new java.io.File(((pathPrefix + java.lang.Integer.toString(counter)) + .png)): null

2018-12-11 14:11:31 - [TEST_STEP][PASSED] - Statement - counter = counter + 1: null

2018-12-11 14:11:31 - [TEST_STEP][PASSED] - Statement - PreSaveFile = new java.io.File(((pathPrefix + java.lang.Integer.toString(counter)) + .png)): null

2018-12-11 14:11:31 - [TEST_STEP][PASSED] - Statement - counter = counter + 1: null

2018-12-11 14:11:31 - [TEST_STEP][PASSED] - Statement - PreSaveFile = new java.io.File(((pathPrefix + java.lang.Integer.toString(counter)) + .png)): null

2018-12-11 14:11:31 - [TEST_STEP][PASSED] - Statement - counter = counter + 1: null

2018-12-11 14:11:31 - [TEST_STEP][PASSED] - Statement - PreSaveFile = new java.io.File(((pathPrefix + java.lang.Integer.toString(counter)) + .png)): null

2018-12-11 14:11:31 - [TEST_STEP][PASSED] - Statement - counter = counter + 1: null

2018-12-11 14:11:31 - [TEST_STEP][PASSED] - Statement - PreSaveFile = new java.io.File(((pathPrefix + java.lang.Integer.toString(counter)) + .png)): null

2018-12-11 14:11:31 - [TEST_STEP][PASSED] - Statement - counter = counter + 1: null

2018-12-11 14:11:31 - [TEST_STEP][PASSED] - Statement - PreSaveFile = new java.io.File(((pathPrefix + java.lang.Integer.toString(counter)) + .png)): null

2018-12-11 14:11:31 - [TEST_STEP][PASSED] - Statement - counter = counter + 1: null

2018-12-11 14:11:31 - [TEST_STEP][PASSED] - Statement - PreSaveFile = new java.io.File(((pathPrefix + java.lang.Integer.toString(counter)) + .png)): null

2018-12-11 14:11:31 - [TEST_STEP][PASSED] - Statement - counter = counter + 1: null

2018-12-11 14:11:31 - [TEST_STEP][PASSED] - Statement - PreSaveFile = new java.io.File(((pathPrefix + java.lang.Integer.toString(counter)) + .png)): null

2018-12-11 14:11:31 - [TEST_STEP][PASSED] - Statement - counter = counter + 1: null

2018-12-11 14:11:31 - [TEST_STEP][PASSED] - Statement - PreSaveFile = new java.io.File(((pathPrefix + java.lang.Integer.toString(counter)) + .png)): null

2018-12-11 14:11:31 - [TEST_STEP][PASSED] - Statement - counter = counter + 1: null

2018-12-11 14:11:31 - [TEST_STEP][PASSED] - Statement - PreSaveFile = new java.io.File(((pathPrefix + java.lang.Integer.toString(counter)) + .png)): null

2018-12-11 14:11:31 - [TEST_STEP][PASSED] - Statement - counter = counter + 1: null

2018-12-11 14:11:31 - [TEST_STEP][PASSED] - Statement - PreSaveFile = new java.io.File(((pathPrefix + java.lang.Integer.toString(counter)) + .png)): null

2018-12-11 14:11:31 - [TEST_STEP][PASSED] - Statement - counter = counter + 1: null

2018-12-11 14:11:31 - [TEST_STEP][PASSED] - Statement - PreSaveFile = new java.io.File(((pathPrefix + java.lang.Integer.toString(counter)) + .png)): null

2018-12-11 14:11:31 - [TEST_STEP][PASSED] - Statement - counter = counter + 1: null

2018-12-11 14:11:31 - [TEST_STEP][PASSED] - Statement - PreSaveFile = new java.io.File(((pathPrefix + java.lang.Integer.toString(counter)) + .png)): null

2018-12-11 14:11:31 - [TEST_STEP][PASSED] - Statement - counter = counter + 1: null

2018-12-11 14:11:31 - [TEST_STEP][PASSED] - Statement - PreSaveFile = new java.io.File(((pathPrefix + java.lang.Integer.toString(counter)) + .png)): null

2018-12-11 14:11:31 - [TEST_STEP][PASSED] - Statement - counter = counter + 1: null

2018-12-11 14:11:31 - [TEST_STEP][PASSED] - Statement - PreSaveFile = new java.io.File(((pathPrefix + java.lang.Integer.toString(counter)) + .png)): null

2018-12-11 14:11:31 - [TEST_STEP][PASSED] - Statement - counter = counter + 1: null

2018-12-11 14:11:31 - [TEST_STEP][PASSED] - Statement - PreSaveFile = new java.io.File(((pathPrefix + java.lang.Integer.toString(counter)) + .png)): null

2018-12-11 14:11:31 - [TEST_STEP][PASSED] - Statement - counter = counter + 1: null

2018-12-11 14:11:31 - [TEST_STEP][PASSED] - Statement - PreSaveFile = new java.io.File(((pathPrefix + java.lang.Integer.toString(counter)) + .png)): null

2018-12-11 14:11:31 - [TEST_STEP][PASSED] - Statement - counter = counter + 1: null

2018-12-11 14:11:31 - [TEST_STEP][PASSED] - Statement - PreSaveFile = new java.io.File(((pathPrefix + java.lang.Integer.toString(counter)) + .png)): null

2018-12-11 14:11:31 - [TEST_STEP][PASSED] - Statement - counter = counter + 1: null

2018-12-11 14:11:31 - [TEST_STEP][PASSED] - Statement - PreSaveFile = new java.io.File(((pathPrefix + java.lang.Integer.toString(counter)) + .png)): null

2018-12-11 14:11:31 - [TEST_STEP][PASSED] - Statement - counter = counter + 1: null

2018-12-11 14:11:31 - [TEST_STEP][PASSED] - Statement - PreSaveFile = new java.io.File(((pathPrefix + java.lang.Integer.toString(counter)) + .png)): null

2018-12-11 14:11:31 - [TEST_STEP][PASSED] - Statement - counter = counter + 1: null

2018-12-11 14:11:31 - [TEST_STEP][PASSED] - Statement - PreSaveFile = new java.io.File(((pathPrefix + java.lang.Integer.toString(counter)) + .png)): null

2018-12-11 14:11:31 - [TEST_STEP][PASSED] - Statement - counter = counter + 1: null

2018-12-11 14:11:31 - [TEST_STEP][PASSED] - Statement - PreSaveFile = new java.io.File(((pathPrefix + java.lang.Integer.toString(counter)) + .png)): null

2018-12-11 14:11:31 - [TEST_STEP][PASSED] - Statement - counter = counter + 1: null

2018-12-11 14:11:31 - [TEST_STEP][PASSED] - Statement - PreSaveFile = new java.io.File(((pathPrefix + java.lang.Integer.toString(counter)) + .png)): null

2018-12-11 14:11:31 - [TEST_STEP][PASSED] - Statement - counter = counter + 1: null

2018-12-11 14:11:31 - [TEST_STEP][PASSED] - Statement - PreSaveFile = new java.io.File(((pathPrefix + java.lang.Integer.toString(counter)) + .png)): null

2018-12-11 14:11:31 - [TEST_STEP][PASSED] - Statement - counter = counter + 1: null

2018-12-11 14:11:31 - [TEST_STEP][PASSED] - Statement - PreSaveFile = new java.io.File(((pathPrefix + java.lang.Integer.toString(counter)) + .png)): null

2018-12-11 14:11:31 - [TEST_STEP][PASSED] - Statement - finalPath = pathPrefix + java.lang.Integer.toString(counter) + ".png": null

2018-12-11 14:11:31 - [TEST_STEP][PASSED] - Statement - SaveFile = new java.io.File(finalPath): null

2018-12-11 14:11:31 - [TEST_STEP][PASSED] - Statement - Try: null

2018-12-11 14:11:31 - [TEST_STEP][PASSED] - Statement - org.apache.commons.io.FileUtils.copyFile(scrFile, SaveFile): null

2018-12-11 14:11:31 - [TEST_STEP][PASSED] - Statement - out.println("file kept"): null

2018-12-11 14:11:31 - [TEST_STEP][PASSED] - delay: Delayed 10 second(s)

2018-12-11 14:11:41 - [MESSAGE][PASSED] - Delayed 10 second(s)

2018-12-11 14:11:41 - [MESSAGE][PASSED] - Call Test Case 'Test Cases/Final Aug 2018 - PKS Automation/Registration Module/New Registration/Submit and Screenshot/Submit Registration and Screenshot' successfully

2018-12-11 14:11:41 - [TEST_STEP][PASSED] - callTestCase: Call Test Case 'Test Cases/Final Aug 2018 - PKS Automation/Registration Module/Log Out/log out avoiding katalon tagging' successfully

2018-12-11 14:11:41 - [TEST_CASE][PASSED] - Test Cases/Final Aug 2018 - PKS Automation/Registration Module/Log Out/log out avoiding katalon tagging: Test Cases/Final Aug 2018 - PKS Automation/Registration Module/Log Out/log out avoiding katalon tagging

2018-12-11 14:11:41 - [TEST_STEP][PASSED] - navigateToUrl: Navigate to 'https://assist2-uat.perkeso.gov.my/c/portal/logout' successfully

2018-12-11 14:11:42 - [MESSAGE][PASSED] - Navigate to 'https://assist2-uat.perkeso.gov.my/c/portal/logout' successfully

2018-12-11 14:11:42 - [MESSAGE][PASSED] - Call Test Case 'Test Cases/Final Aug 2018 - PKS Automation/Registration Module/Log Out/log out avoiding katalon tagging' successfully]]></system-out>
         <system-err><![CDATA[]]></system-err>
      </testcase>
      <testcase name="Test Cases/Final Aug 2018 - PKS Automation/Registration Module/Workflow/New Registration/Employer to RO - Query - Submit" classname="Test Cases/Final Aug 2018 - PKS Automation/Registration Module/Workflow/New Registration/Employer to RO - Query - Submit" status="PASSED">
         <system-out><![CDATA[2018-12-11 14:11:42 - [TEST_CASE][PASSED] - Test Cases/Final Aug 2018 - PKS Automation/Registration Module/Workflow/New Registration/Employer to RO - Query - Submit: Test Cases/Final Aug 2018 - PKS Automation/Registration Module/Workflow/New Registration/Employer to RO - Query - Submit

2018-12-11 14:11:42 - [TEST_STEP][PASSED] - callTestCase: Call Test Case 'Test Cases/Final Aug 2018 - PKS Automation/Registration Module/Workflow/New Registration/Template/Special Case - Employer - Form 1' successfully

2018-12-11 14:11:42 - [TEST_CASE][PASSED] - Test Cases/Final Aug 2018 - PKS Automation/Registration Module/Workflow/New Registration/Template/Special Case - Employer - Form 1: Test Cases/Final Aug 2018 - PKS Automation/Registration Module/Workflow/New Registration/Template/Special Case - Employer - Form 1

2018-12-11 14:11:42 - [TEST_STEP][PASSED] - callTestCase: Call Test Case 'Test Cases/Final Aug 2018 - PKS Automation/Create Employer Acc/Create Employer Account' successfully

2018-12-11 14:11:42 - [TEST_CASE][PASSED] - Test Cases/Final Aug 2018 - PKS Automation/Create Employer Acc/Create Employer Account: Test Cases/Final Aug 2018 - PKS Automation/Create Employer Acc/Create Employer Account

2018-12-11 14:11:43 - [TEST_STEP][PASSED] - callTestCase: Call Test Case 'Test Cases/Final Aug 2018 - PKS Automation/Create Employer Acc/Template/Register Employer' successfully

2018-12-11 14:11:43 - [TEST_CASE][PASSED] - Test Cases/Final Aug 2018 - PKS Automation/Create Employer Acc/Template/Register Employer: Test Cases/Final Aug 2018 - PKS Automation/Create Employer Acc/Template/Register Employer

2018-12-11 14:11:43 - [TEST_STEP][PASSED] - openBrowser: Browser is opened with url: ''

2018-12-11 14:11:43 - [MESSAGE][WARNING] - A browser is already opened. Closing browser and opening a new one

2018-12-11 14:11:47 - [MESSAGE][PASSED] - Browser is opened with url: ''

2018-12-11 14:11:47 - [TEST_STEP][PASSED] - navigateToUrl: Navigate to 'https://assist2-uat.perkeso.gov.my/login' successfully

2018-12-11 14:11:49 - [MESSAGE][PASSED] - Navigate to 'https://assist2-uat.perkeso.gov.my/login' successfully

2018-12-11 14:11:49 - [TEST_STEP][PASSED] - setText: Text 'johorotc1@gmail.com' is set on object 'Object Repository/Final Object Repo/Login Page/Internal User/Email Address'

2018-12-11 14:11:49 - [MESSAGE][PASSED] - Text 'johorotc1@gmail.com' is set on object 'Object Repository/Final Object Repo/Login Page/Internal User/Email Address'

2018-12-11 14:11:49 - [TEST_STEP][PASSED] - click: Object: 'Object Repository/Final Object Repo/Login Page/Internal User/Next Button' is clicked on

2018-12-11 14:11:49 - [MESSAGE][PASSED] - Object: 'Object Repository/Final Object Repo/Login Page/Internal User/Next Button' is clicked on

2018-12-11 14:11:49 - [TEST_STEP][PASSED] - delay: Delayed 1 second(s)

2018-12-11 14:11:50 - [MESSAGE][PASSED] - Delayed 1 second(s)

2018-12-11 14:11:50 - [TEST_STEP][PASSED] - setEncryptedText: Text ****** has been set on object 'Object Repository/Final Object Repo/Login Page/Internal User/Password'

2018-12-11 14:11:51 - [MESSAGE][PASSED] - Text ****** has been set on object 'Object Repository/Final Object Repo/Login Page/Internal User/Password'

2018-12-11 14:11:51 - [TEST_STEP][PASSED] - click: Object: 'Object Repository/Final Object Repo/Login Page/Internal User/Login Button' is clicked on

2018-12-11 14:11:51 - [MESSAGE][PASSED] - Object: 'Object Repository/Final Object Repo/Login Page/Internal User/Login Button' is clicked on

2018-12-11 14:11:51 - [TEST_STEP][PASSED] - delay: Delayed 1 second(s)

2018-12-11 14:11:52 - [MESSAGE][PASSED] - Delayed 1 second(s)

2018-12-11 14:11:52 - [TEST_STEP][PASSED] - navigateToUrl: Navigate to 'https://assist2-uat.perkeso.gov.my/web/base/portal-id/registration' successfully

2018-12-11 14:11:54 - [MESSAGE][PASSED] - Navigate to 'https://assist2-uat.perkeso.gov.my/web/base/portal-id/registration' successfully

2018-12-11 14:11:54 - [TEST_STEP][PASSED] - setText: Text 'AUTOMATION EMPLOYER' is set on object 'Object Repository/Final Object Repo/Creating Employer Account/Page_Registration - ASSIST (Base)/Employer Name'

2018-12-11 14:11:54 - [MESSAGE][PASSED] - Text 'AUTOMATION EMPLOYER' is set on object 'Object Repository/Final Object Repo/Creating Employer Account/Page_Registration - ASSIST (Base)/Employer Name'

2018-12-11 14:11:54 - [TEST_STEP][PASSED] - delay: Delayed 2 second(s)

2018-12-11 14:11:56 - [MESSAGE][PASSED] - Delayed 2 second(s)

2018-12-11 14:11:56 - [TEST_STEP][PASSED] - click: Object: 'Object Repository/Final Object Repo/Creating Employer Account/Page_Registration - ASSIST (Base)/Registration Type' is clicked on

2018-12-11 14:11:57 - [MESSAGE][PASSED] - Object: 'Object Repository/Final Object Repo/Creating Employer Account/Page_Registration - ASSIST (Base)/Registration Type' is clicked on

2018-12-11 14:11:57 - [TEST_STEP][PASSED] - delay: Delayed 2 second(s)

2018-12-11 14:11:59 - [MESSAGE][PASSED] - Delayed 2 second(s)

2018-12-11 14:11:59 - [TEST_STEP][PASSED] - click: Object: 'Object Repository/Final Object Repo/Creating Employer Account/Page_Registration - ASSIST (Base)/Registration Type - Registration No' is clicked on

2018-12-11 14:11:59 - [MESSAGE][PASSED] - Object: 'Object Repository/Final Object Repo/Creating Employer Account/Page_Registration - ASSIST (Base)/Registration Type - Registration No' is clicked on

2018-12-11 14:11:59 - [TEST_STEP][PASSED] - delay: Delayed 2 second(s)

2018-12-11 14:12:01 - [MESSAGE][PASSED] - Delayed 2 second(s)

2018-12-11 14:12:01 - [TEST_STEP][PASSED] - setText: Text 'AUTOMATE001' is set on object 'Object Repository/Final Object Repo/Creating Employer Account/Page_Registration - ASSIST (Base)/Registration Number'

2018-12-11 14:12:01 - [MESSAGE][PASSED] - Text 'AUTOMATE001' is set on object 'Object Repository/Final Object Repo/Creating Employer Account/Page_Registration - ASSIST (Base)/Registration Number'

2018-12-11 14:12:01 - [TEST_STEP][PASSED] - delay: Delayed 2 second(s)

2018-12-11 14:12:03 - [MESSAGE][PASSED] - Delayed 2 second(s)

2018-12-11 14:12:03 - [TEST_STEP][PASSED] - setText: Text 'ADDRESS 1' is set on object 'Object Repository/Final Object Repo/Creating Employer Account/Page_Registration - ASSIST (Base)/Postal Address 1'

2018-12-11 14:12:04 - [MESSAGE][PASSED] - Text 'ADDRESS 1' is set on object 'Object Repository/Final Object Repo/Creating Employer Account/Page_Registration - ASSIST (Base)/Postal Address 1'

2018-12-11 14:12:04 - [TEST_STEP][PASSED] - setText: Text 'ADDRESS 2' is set on object 'Object Repository/Final Object Repo/Creating Employer Account/Page_Registration - ASSIST (Base)/Postal Address 2'

2018-12-11 14:12:04 - [MESSAGE][PASSED] - Text 'ADDRESS 2' is set on object 'Object Repository/Final Object Repo/Creating Employer Account/Page_Registration - ASSIST (Base)/Postal Address 2'

2018-12-11 14:12:04 - [TEST_STEP][PASSED] - click: Object: 'Object Repository/Final Object Repo/Creating Employer Account/Page_Registration - ASSIST (Base)/State' is clicked on

2018-12-11 14:12:04 - [MESSAGE][PASSED] - Object: 'Object Repository/Final Object Repo/Creating Employer Account/Page_Registration - ASSIST (Base)/State' is clicked on

2018-12-11 14:12:04 - [TEST_STEP][PASSED] - delay: Delayed 2 second(s)

2018-12-11 14:12:06 - [MESSAGE][PASSED] - Delayed 2 second(s)

2018-12-11 14:12:06 - [TEST_STEP][PASSED] - click: Object: 'Object Repository/Final Object Repo/Creating Employer Account/Page_Registration - ASSIST (Base)/State - Johor' is clicked on

2018-12-11 14:12:06 - [MESSAGE][PASSED] - Object: 'Object Repository/Final Object Repo/Creating Employer Account/Page_Registration - ASSIST (Base)/State - Johor' is clicked on

2018-12-11 14:12:06 - [TEST_STEP][PASSED] - delay: Delayed 2 second(s)

2018-12-11 14:12:08 - [MESSAGE][PASSED] - Delayed 2 second(s)

2018-12-11 14:12:08 - [TEST_STEP][PASSED] - click: Object: 'Object Repository/Final Object Repo/Creating Employer Account/Page_Registration - ASSIST (Base)/City' is clicked on

2018-12-11 14:12:09 - [MESSAGE][PASSED] - Object: 'Object Repository/Final Object Repo/Creating Employer Account/Page_Registration - ASSIST (Base)/City' is clicked on

2018-12-11 14:12:09 - [TEST_STEP][PASSED] - delay: Delayed 2 second(s)

2018-12-11 14:12:11 - [MESSAGE][PASSED] - Delayed 2 second(s)

2018-12-11 14:12:11 - [TEST_STEP][PASSED] - setText: Text 'joh' is set on object 'Object Repository/Final Object Repo/Creating Employer Account/Page_Registration - ASSIST (Base)/City - joh'

2018-12-11 14:12:11 - [MESSAGE][PASSED] - Text 'joh' is set on object 'Object Repository/Final Object Repo/Creating Employer Account/Page_Registration - ASSIST (Base)/City - joh'

2018-12-11 14:12:11 - [TEST_STEP][PASSED] - delay: Delayed 2 second(s)

2018-12-11 14:12:13 - [MESSAGE][PASSED] - Delayed 2 second(s)

2018-12-11 14:12:13 - [TEST_STEP][PASSED] - click: Object: 'Object Repository/Final Object Repo/Creating Employer Account/Page_Registration - ASSIST (Base)/City - Johor Bharu' is clicked on

2018-12-11 14:12:13 - [MESSAGE][PASSED] - Object: 'Object Repository/Final Object Repo/Creating Employer Account/Page_Registration - ASSIST (Base)/City - Johor Bharu' is clicked on

2018-12-11 14:12:13 - [TEST_STEP][PASSED] - delay: Delayed 2 second(s)

2018-12-11 14:12:15 - [MESSAGE][PASSED] - Delayed 2 second(s)

2018-12-11 14:12:15 - [TEST_STEP][PASSED] - click: Object: 'Object Repository/Final Object Repo/Creating Employer Account/Page_Registration - ASSIST (Base)/Post Code' is clicked on

2018-12-11 14:12:15 - [MESSAGE][PASSED] - Object: 'Object Repository/Final Object Repo/Creating Employer Account/Page_Registration - ASSIST (Base)/Post Code' is clicked on

2018-12-11 14:12:15 - [TEST_STEP][PASSED] - delay: Delayed 2 second(s)

2018-12-11 14:12:17 - [MESSAGE][PASSED] - Delayed 2 second(s)

2018-12-11 14:12:17 - [TEST_STEP][PASSED] - setText: Text '810' is set on object 'Object Repository/Final Object Repo/Creating Employer Account/Page_Registration - ASSIST (Base)/Post Code - 810'

2018-12-11 14:12:17 - [MESSAGE][PASSED] - Text '810' is set on object 'Object Repository/Final Object Repo/Creating Employer Account/Page_Registration - ASSIST (Base)/Post Code - 810'

2018-12-11 14:12:17 - [TEST_STEP][PASSED] - delay: Delayed 2 second(s)

2018-12-11 14:12:19 - [MESSAGE][PASSED] - Delayed 2 second(s)

2018-12-11 14:12:19 - [TEST_STEP][PASSED] - click: Object: 'Object Repository/Final Object Repo/Creating Employer Account/Page_Registration - ASSIST (Base)/Post Code - 81000' is clicked on

2018-12-11 14:12:20 - [MESSAGE][PASSED] - Object: 'Object Repository/Final Object Repo/Creating Employer Account/Page_Registration - ASSIST (Base)/Post Code - 81000' is clicked on

2018-12-11 14:12:20 - [TEST_STEP][PASSED] - delay: Delayed 2 second(s)

2018-12-11 14:12:22 - [MESSAGE][PASSED] - Delayed 2 second(s)

2018-12-11 14:12:22 - [TEST_STEP][PASSED] - setText: Text 'PERKESO' is set on object 'Object Repository/Final Object Repo/Creating Employer Account/Page_Registration - ASSIST (Base)/Full Name'

2018-12-11 14:12:22 - [MESSAGE][PASSED] - Text 'PERKESO' is set on object 'Object Repository/Final Object Repo/Creating Employer Account/Page_Registration - ASSIST (Base)/Full Name'

2018-12-11 14:12:22 - [TEST_STEP][PASSED] - Statement - rnd = new java.util.Random(): null

2018-12-11 14:12:22 - [TEST_STEP][PASSED] - Statement - snum = rnd.nextInt(899999 + 1) + 100000: null

2018-12-11 14:12:22 - [TEST_STEP][PASSED] - Statement - tnum = rnd.nextInt(899999 + 1) + 100000: null

2018-12-11 14:12:22 - [TEST_STEP][PASSED] - Statement - IC = java.lang.Integer.toString(snum) + java.lang.Integer.toString(tnum): null

2018-12-11 14:12:22 - [TEST_STEP][PASSED] - Statement - out.println(IC): null

2018-12-11 14:12:22 - [TEST_STEP][PASSED] - setText: Text '642432291877' is set on object 'Object Repository/Final Object Repo/Creating Employer Account/Page_Registration - ASSIST (Base)/Identification Number'

2018-12-11 14:12:22 - [MESSAGE][PASSED] - Text '642432291877' is set on object 'Object Repository/Final Object Repo/Creating Employer Account/Page_Registration - ASSIST (Base)/Identification Number'

2018-12-11 14:12:22 - [TEST_STEP][PASSED] - delay: Delayed 2 second(s)

2018-12-11 14:12:24 - [MESSAGE][PASSED] - Delayed 2 second(s)

2018-12-11 14:12:24 - [TEST_STEP][PASSED] - setText: Text '123456789012' is set on object 'Object Repository/Final Object Repo/Creating Employer Account/Page_Registration - ASSIST (Base)/Contact Number'

2018-12-11 14:12:25 - [MESSAGE][PASSED] - Text '123456789012' is set on object 'Object Repository/Final Object Repo/Creating Employer Account/Page_Registration - ASSIST (Base)/Contact Number'

2018-12-11 14:12:25 - [TEST_STEP][PASSED] - Statement - Email = "perkeso" + IC + "@gmail.com": null

2018-12-11 14:12:25 - [TEST_STEP][PASSED] - delay: Delayed 2 second(s)

2018-12-11 14:12:27 - [MESSAGE][PASSED] - Delayed 2 second(s)

2018-12-11 14:12:27 - [TEST_STEP][PASSED] - callTestCase: Call Test Case 'Test Cases/Final Aug 2018 - PKS Automation/Create Employer Acc/Template/Employer Email Settler' successfully

2018-12-11 14:12:27 - [TEST_CASE][PASSED] - Test Cases/Final Aug 2018 - PKS Automation/Create Employer Acc/Template/Employer Email Settler: Test Cases/Final Aug 2018 - PKS Automation/Create Employer Acc/Template/Employer Email Settler

2018-12-11 14:12:27 - [TEST_STEP][PASSED] - Statement - EmpEmailOld = new java.io.File(C://Users//Admin//Desktop//PKS//Automation Reference Point//EmpEmail.txt): null

2018-12-11 14:12:27 - [TEST_STEP][PASSED] - Statement - EmpEmailOld.delete(): null

2018-12-11 14:12:27 - [TEST_STEP][PASSED] - delay: Delayed 5 second(s)

2018-12-11 14:12:32 - [MESSAGE][PASSED] - Delayed 5 second(s)

2018-12-11 14:12:32 - [TEST_STEP][PASSED] - Statement - EmpEmail = new java.io.File(C://Users//Admin//Desktop//PKS//Automation Reference Point//EmpEmail.txt): null

2018-12-11 14:12:32 - [TEST_STEP][PASSED] - Statement - f2 = new java.io.FileWriter(EmpEmail, false): null

2018-12-11 14:12:32 - [TEST_STEP][PASSED] - Statement - f2.write(Email): null

2018-12-11 14:12:32 - [TEST_STEP][PASSED] - Statement - f2.close(): null

2018-12-11 14:12:32 - [TEST_STEP][PASSED] - Statement - out.println(Email): null

2018-12-11 14:12:32 - [MESSAGE][PASSED] - Call Test Case 'Test Cases/Final Aug 2018 - PKS Automation/Create Employer Acc/Template/Employer Email Settler' successfully

2018-12-11 14:12:32 - [TEST_STEP][PASSED] - delay: Delayed 2 second(s)

2018-12-11 14:12:34 - [MESSAGE][PASSED] - Delayed 2 second(s)

2018-12-11 14:12:34 - [TEST_STEP][PASSED] - setText: Text 'perkeso642432291877@gmail.com' is set on object 'Object Repository/Final Object Repo/Creating Employer Account/Page_Registration - ASSIST (Base)/Email'

2018-12-11 14:12:34 - [MESSAGE][PASSED] - Text 'perkeso642432291877@gmail.com' is set on object 'Object Repository/Final Object Repo/Creating Employer Account/Page_Registration - ASSIST (Base)/Email'

2018-12-11 14:12:34 - [TEST_STEP][PASSED] - setText: Text '123' is set on object 'Object Repository/Final Object Repo/Creating Employer Account/Page_Registration - ASSIST (Base)/Security Phase'

2018-12-11 14:12:35 - [MESSAGE][PASSED] - Text '123' is set on object 'Object Repository/Final Object Repo/Creating Employer Account/Page_Registration - ASSIST (Base)/Security Phase'

2018-12-11 14:12:35 - [TEST_STEP][PASSED] - click: Object: 'Object Repository/Final Object Repo/Creating Employer Account/Page_Registration - ASSIST (Base)/Save  Continue' is clicked on

2018-12-11 14:12:35 - [MESSAGE][PASSED] - Object: 'Object Repository/Final Object Repo/Creating Employer Account/Page_Registration - ASSIST (Base)/Save  Continue' is clicked on

2018-12-11 14:12:35 - [TEST_STEP][PASSED] - delay: Delayed 2 second(s)

2018-12-11 14:12:37 - [MESSAGE][PASSED] - Delayed 2 second(s)

2018-12-11 14:12:37 - [TEST_STEP][PASSED] - click: Object: 'Object Repository/Final Object Repo/Creating Employer Account/Page_Registration - ASSIST (Base)/Add Document' is clicked on

2018-12-11 14:12:37 - [MESSAGE][PASSED] - Object: 'Object Repository/Final Object Repo/Creating Employer Account/Page_Registration - ASSIST (Base)/Add Document' is clicked on

2018-12-11 14:12:37 - [TEST_STEP][PASSED] - delay: Delayed 2 second(s)

2018-12-11 14:12:39 - [MESSAGE][PASSED] - Delayed 2 second(s)

2018-12-11 14:12:39 - [TEST_STEP][PASSED] - click: Object: 'Object Repository/Final Object Repo/Creating Employer Account/Page_Registration - ASSIST (Base)/Document Type' is clicked on

2018-12-11 14:12:39 - [MESSAGE][PASSED] - Object: 'Object Repository/Final Object Repo/Creating Employer Account/Page_Registration - ASSIST (Base)/Document Type' is clicked on

2018-12-11 14:12:39 - [TEST_STEP][PASSED] - delay: Delayed 2 second(s)

2018-12-11 14:12:41 - [MESSAGE][PASSED] - Delayed 2 second(s)

2018-12-11 14:12:41 - [TEST_STEP][PASSED] - click: Object: 'Object Repository/Final Object Repo/Creating Employer Account/Page_Registration - ASSIST (Base)/Document Type - Letter of Authorization' is clicked on

2018-12-11 14:12:42 - [MESSAGE][PASSED] - Object: 'Object Repository/Final Object Repo/Creating Employer Account/Page_Registration - ASSIST (Base)/Document Type - Letter of Authorization' is clicked on

2018-12-11 14:12:42 - [TEST_STEP][PASSED] - delay: Delayed 2 second(s)

2018-12-11 14:12:44 - [MESSAGE][PASSED] - Delayed 2 second(s)

2018-12-11 14:12:44 - [TEST_STEP][PASSED] - sendKeys: Keys 'C:\Users\Public\Pictures\Sample Pictures\Koala.jpg' sent to object: 'Object Repository/Final Object Repo/Creating Employer Account/Page_Registration - ASSIST (Base)/Uploading File'

2018-12-11 14:12:44 - [MESSAGE][PASSED] - Keys 'C:\Users\Public\Pictures\Sample Pictures\Koala.jpg' sent to object: 'Object Repository/Final Object Repo/Creating Employer Account/Page_Registration - ASSIST (Base)/Uploading File'

2018-12-11 14:12:44 - [TEST_STEP][PASSED] - delay: Delayed 2 second(s)

2018-12-11 14:12:46 - [MESSAGE][PASSED] - Delayed 2 second(s)

2018-12-11 14:12:46 - [TEST_STEP][PASSED] - click: Object: 'Object Repository/Final Object Repo/Creating Employer Account/Page_Registration - ASSIST (Base)/Add Document in Uploading File' is clicked on

2018-12-11 14:12:46 - [MESSAGE][PASSED] - Object: 'Object Repository/Final Object Repo/Creating Employer Account/Page_Registration - ASSIST (Base)/Add Document in Uploading File' is clicked on

2018-12-11 14:12:46 - [TEST_STEP][PASSED] - delay: Delayed 2 second(s)

2018-12-11 14:12:48 - [MESSAGE][PASSED] - Delayed 2 second(s)

2018-12-11 14:12:48 - [TEST_STEP][PASSED] - click: Object: 'Object Repository/Final Object Repo/Creating Employer Account/Page_Registration - ASSIST (Base)/Save' is clicked on

2018-12-11 14:12:48 - [MESSAGE][PASSED] - Object: 'Object Repository/Final Object Repo/Creating Employer Account/Page_Registration - ASSIST (Base)/Save' is clicked on

2018-12-11 14:12:48 - [TEST_STEP][PASSED] - delay: Delayed 2 second(s)

2018-12-11 14:12:50 - [MESSAGE][PASSED] - Delayed 2 second(s)

2018-12-11 14:12:50 - [TEST_STEP][PASSED] - click: Object: 'Object Repository/Final Object Repo/Creating Employer Account/Page_Registration - ASSIST (Base)/Submit' is clicked on

2018-12-11 14:12:50 - [MESSAGE][PASSED] - Object: 'Object Repository/Final Object Repo/Creating Employer Account/Page_Registration - ASSIST (Base)/Submit' is clicked on

2018-12-11 14:12:50 - [TEST_STEP][PASSED] - delay: Delayed 2 second(s)

2018-12-11 14:12:52 - [MESSAGE][PASSED] - Delayed 2 second(s)

2018-12-11 14:12:52 - [TEST_STEP][PASSED] - click: Object: 'Object Repository/Final Object Repo/Creating Employer Account/Page_Registration - ASSIST (Base)/Confirm' is clicked on

2018-12-11 14:12:52 - [MESSAGE][PASSED] - Object: 'Object Repository/Final Object Repo/Creating Employer Account/Page_Registration - ASSIST (Base)/Confirm' is clicked on

2018-12-11 14:12:52 - [MESSAGE][PASSED] - Call Test Case 'Test Cases/Final Aug 2018 - PKS Automation/Create Employer Acc/Template/Register Employer' successfully

2018-12-11 14:12:52 - [TEST_STEP][PASSED] - delay: Delayed 1 second(s)

2018-12-11 14:12:53 - [MESSAGE][PASSED] - Delayed 1 second(s)

2018-12-11 14:12:53 - [TEST_STEP][PASSED] - navigateToUrl: Navigate to 'https://assist2-uat.perkeso.gov.my/c/portal/logout' successfully

2018-12-11 14:12:55 - [MESSAGE][PASSED] - Navigate to 'https://assist2-uat.perkeso.gov.my/c/portal/logout' successfully

2018-12-11 14:12:55 - [TEST_STEP][PASSED] - delay: Delayed 1 second(s)

2018-12-11 14:12:56 - [MESSAGE][PASSED] - Delayed 1 second(s)

2018-12-11 14:12:56 - [TEST_STEP][PASSED] - callTestCase: Call Test Case 'Test Cases/Final Aug 2018 - PKS Automation/Create Employer Acc/Template/Change Password of Employer' successfully

2018-12-11 14:12:56 - [TEST_CASE][PASSED] - Test Cases/Final Aug 2018 - PKS Automation/Create Employer Acc/Template/Change Password of Employer: Test Cases/Final Aug 2018 - PKS Automation/Create Employer Acc/Template/Change Password of Employer

2018-12-11 14:12:56 - [TEST_STEP][PASSED] - openBrowser: Browser is opened with url: ''

2018-12-11 14:12:56 - [MESSAGE][WARNING] - A browser is already opened. Closing browser and opening a new one

2018-12-11 14:13:01 - [MESSAGE][PASSED] - Browser is opened with url: ''

2018-12-11 14:13:01 - [TEST_STEP][PASSED] - navigateToUrl: Navigate to 'https://assist2-uat.perkeso.gov.my/login' successfully

2018-12-11 14:13:02 - [MESSAGE][PASSED] - Navigate to 'https://assist2-uat.perkeso.gov.my/login' successfully

2018-12-11 14:13:02 - [TEST_STEP][PASSED] - delay: Delayed 5 second(s)

2018-12-11 14:13:07 - [MESSAGE][PASSED] - Delayed 5 second(s)

2018-12-11 14:13:07 - [TEST_STEP][PASSED] - setText: Text 'test@liferay.com' is set on object 'Object Repository/Final Object Repo/Login Page/Internal User/Email Address'

2018-12-11 14:13:07 - [MESSAGE][PASSED] - Text 'test@liferay.com' is set on object 'Object Repository/Final Object Repo/Login Page/Internal User/Email Address'

2018-12-11 14:13:07 - [TEST_STEP][PASSED] - click: Object: 'Object Repository/Final Object Repo/Login Page/Internal User/Next Button' is clicked on

2018-12-11 14:13:07 - [MESSAGE][PASSED] - Object: 'Object Repository/Final Object Repo/Login Page/Internal User/Next Button' is clicked on

2018-12-11 14:13:07 - [TEST_STEP][PASSED] - delay: Delayed 2 second(s)

2018-12-11 14:13:09 - [MESSAGE][PASSED] - Delayed 2 second(s)

2018-12-11 14:13:09 - [TEST_STEP][PASSED] - setText: Text 'test' is set on object 'Object Repository/Final Object Repo/Login Page/Internal User/Password'

2018-12-11 14:13:10 - [MESSAGE][PASSED] - Text 'test' is set on object 'Object Repository/Final Object Repo/Login Page/Internal User/Password'

2018-12-11 14:13:10 - [TEST_STEP][PASSED] - delay: Delayed 2 second(s)

2018-12-11 14:13:12 - [MESSAGE][PASSED] - Delayed 2 second(s)

2018-12-11 14:13:12 - [TEST_STEP][PASSED] - click: Object: 'Object Repository/Final Object Repo/Login Page/Internal User/Login Button' is clicked on

2018-12-11 14:13:12 - [MESSAGE][PASSED] - Object: 'Object Repository/Final Object Repo/Login Page/Internal User/Login Button' is clicked on

2018-12-11 14:13:12 - [TEST_STEP][PASSED] - delay: Delayed 3 second(s)

2018-12-11 14:13:15 - [MESSAGE][PASSED] - Delayed 3 second(s)

2018-12-11 14:13:15 - [TEST_STEP][PASSED] - navigateToUrl: Navigate to 'https://assist2-uat.perkeso.gov.my/group/control_panel/manage?p_p_id=125&p_p_lifecycle=0&p_p_state=maximized&p_p_mode=view&refererPlid=20455&_125_usersListView=flat-users&_125_toolbarItem=view-all-users&_125_saveUsersListView=true&_125_struts_action=%2Fusers_admin%2Fview' successfully

2018-12-11 14:13:16 - [MESSAGE][PASSED] - Navigate to 'https://assist2-uat.perkeso.gov.my/group/control_panel/manage?p_p_id=125&p_p_lifecycle=0&p_p_state=maximized&p_p_mode=view&refererPlid=20455&_125_usersListView=flat-users&_125_toolbarItem=view-all-users&_125_saveUsersListView=true&_125_struts_action=%2Fusers_admin%2Fview' successfully

2018-12-11 14:13:16 - [TEST_STEP][PASSED] - delay: Delayed 3 second(s)

2018-12-11 14:13:19 - [MESSAGE][PASSED] - Delayed 3 second(s)

2018-12-11 14:13:19 - [TEST_STEP][PASSED] - setText: Text 'perkeso642432291877@gmail.com' is set on object 'Object Repository/Final Object Repo/Creating Employer Account/Page_Users and Organizations - ASSIST/Employer name'

2018-12-11 14:13:20 - [MESSAGE][PASSED] - Text 'perkeso642432291877@gmail.com' is set on object 'Object Repository/Final Object Repo/Creating Employer Account/Page_Users and Organizations - ASSIST/Employer name'

2018-12-11 14:13:20 - [TEST_STEP][PASSED] - delay: Delayed 3 second(s)

2018-12-11 14:13:23 - [MESSAGE][PASSED] - Delayed 3 second(s)

2018-12-11 14:13:23 - [TEST_STEP][PASSED] - click: Object: 'Object Repository/Final Object Repo/Creating Employer Account/Page_Users and Organizations - ASSIST/Search' is clicked on

2018-12-11 14:13:23 - [MESSAGE][PASSED] - Object: 'Object Repository/Final Object Repo/Creating Employer Account/Page_Users and Organizations - ASSIST/Search' is clicked on

2018-12-11 14:13:23 - [TEST_STEP][PASSED] - delay: Delayed 3 second(s)

2018-12-11 14:13:26 - [MESSAGE][PASSED] - Delayed 3 second(s)

2018-12-11 14:13:26 - [TEST_STEP][PASSED] - click: Object: 'Object Repository/Final Object Repo/Creating Employer Account/Page_Users and Organizations - ASSIST/Action' is clicked on

2018-12-11 14:13:26 - [MESSAGE][PASSED] - Object: 'Object Repository/Final Object Repo/Creating Employer Account/Page_Users and Organizations - ASSIST/Action' is clicked on

2018-12-11 14:13:26 - [TEST_STEP][PASSED] - delay: Delayed 3 second(s)

2018-12-11 14:13:29 - [MESSAGE][PASSED] - Delayed 3 second(s)

2018-12-11 14:13:29 - [TEST_STEP][PASSED] - click: Object: 'Object Repository/Final Object Repo/Creating Employer Account/Page_Users and Organizations - ASSIST/Edit' is clicked on

2018-12-11 14:13:31 - [MESSAGE][PASSED] - Object: 'Object Repository/Final Object Repo/Creating Employer Account/Page_Users and Organizations - ASSIST/Edit' is clicked on

2018-12-11 14:13:31 - [TEST_STEP][PASSED] - delay: Delayed 3 second(s)

2018-12-11 14:13:34 - [MESSAGE][PASSED] - Delayed 3 second(s)

2018-12-11 14:13:34 - [TEST_STEP][PASSED] - click: Object: 'Object Repository/Final Object Repo/Creating Employer Account/Page_PERKESO - Users and Organizati/a_Password (Modified)' is clicked on

2018-12-11 14:13:34 - [MESSAGE][PASSED] - Object: 'Object Repository/Final Object Repo/Creating Employer Account/Page_PERKESO - Users and Organizati/a_Password (Modified)' is clicked on

2018-12-11 14:13:34 - [TEST_STEP][PASSED] - delay: Delayed 3 second(s)

2018-12-11 14:13:37 - [MESSAGE][PASSED] - Delayed 3 second(s)

2018-12-11 14:13:37 - [TEST_STEP][PASSED] - setEncryptedText: Text ****** has been set on object 'Object Repository/Final Object Repo/Creating Employer Account/Page_PERKESO - Users and Organizati/input__125_password1'

2018-12-11 14:13:37 - [MESSAGE][PASSED] - Text ****** has been set on object 'Object Repository/Final Object Repo/Creating Employer Account/Page_PERKESO - Users and Organizati/input__125_password1'

2018-12-11 14:13:37 - [TEST_STEP][PASSED] - delay: Delayed 3 second(s)

2018-12-11 14:13:40 - [MESSAGE][PASSED] - Delayed 3 second(s)

2018-12-11 14:13:40 - [TEST_STEP][PASSED] - setEncryptedText: Text ****** has been set on object 'Object Repository/Final Object Repo/Creating Employer Account/Page_PERKESO - Users and Organizati/input__125_password2'

2018-12-11 14:13:40 - [MESSAGE][PASSED] - Text ****** has been set on object 'Object Repository/Final Object Repo/Creating Employer Account/Page_PERKESO - Users and Organizati/input__125_password2'

2018-12-11 14:13:40 - [TEST_STEP][PASSED] - delay: Delayed 3 second(s)

2018-12-11 14:13:43 - [MESSAGE][PASSED] - Delayed 3 second(s)

2018-12-11 14:13:43 - [TEST_STEP][PASSED] - click: Object: 'Object Repository/Final Object Repo/Creating Employer Account/Page_PERKESO - Users and Organizati/Save' is clicked on

2018-12-11 14:13:45 - [MESSAGE][PASSED] - Object: 'Object Repository/Final Object Repo/Creating Employer Account/Page_PERKESO - Users and Organizati/Save' is clicked on

2018-12-11 14:13:45 - [MESSAGE][PASSED] - Call Test Case 'Test Cases/Final Aug 2018 - PKS Automation/Create Employer Acc/Template/Change Password of Employer' successfully

2018-12-11 14:13:45 - [TEST_STEP][PASSED] - delay: Delayed 1 second(s)

2018-12-11 14:13:46 - [MESSAGE][PASSED] - Delayed 1 second(s)

2018-12-11 14:13:46 - [TEST_STEP][PASSED] - navigateToUrl: Navigate to 'https://assist2-uat.perkeso.gov.my/c/portal/logout' successfully

2018-12-11 14:13:47 - [MESSAGE][PASSED] - Navigate to 'https://assist2-uat.perkeso.gov.my/c/portal/logout' successfully

2018-12-11 14:13:47 - [TEST_STEP][PASSED] - delay: Delayed 1 second(s)

2018-12-11 14:13:48 - [MESSAGE][PASSED] - Delayed 1 second(s)

2018-12-11 14:13:48 - [TEST_STEP][PASSED] - callTestCase: Call Test Case 'Test Cases/Final Aug 2018 - PKS Automation/Create Employer Acc/Template/Login to Employer Account (First Time)' successfully

2018-12-11 14:13:48 - [TEST_CASE][PASSED] - Test Cases/Final Aug 2018 - PKS Automation/Create Employer Acc/Template/Login to Employer Account (First Time): Test Cases/Final Aug 2018 - PKS Automation/Create Employer Acc/Template/Login to Employer Account (First Time)

2018-12-11 14:13:48 - [TEST_STEP][PASSED] - openBrowser: Browser is opened with url: ''

2018-12-11 14:13:48 - [MESSAGE][WARNING] - A browser is already opened. Closing browser and opening a new one

2018-12-11 14:13:53 - [MESSAGE][PASSED] - Browser is opened with url: ''

2018-12-11 14:13:53 - [TEST_STEP][PASSED] - navigateToUrl: Navigate to 'https://assist2-uat.perkeso.gov.my/employer/login' successfully

2018-12-11 14:13:54 - [MESSAGE][PASSED] - Navigate to 'https://assist2-uat.perkeso.gov.my/employer/login' successfully

2018-12-11 14:13:54 - [TEST_STEP][PASSED] - delay: Delayed 3 second(s)

2018-12-11 14:13:57 - [MESSAGE][PASSED] - Delayed 3 second(s)

2018-12-11 14:13:57 - [TEST_STEP][PASSED] - callTestCase: Call Test Case 'Test Cases/Final Aug 2018 - PKS Automation/Create Employer Acc/Template/Employer Email Getter' successfully

2018-12-11 14:13:57 - [TEST_CASE][PASSED] - Test Cases/Final Aug 2018 - PKS Automation/Create Employer Acc/Template/Employer Email Getter: Test Cases/Final Aug 2018 - PKS Automation/Create Employer Acc/Template/Employer Email Getter

2018-12-11 14:13:57 - [TEST_STEP][PASSED] - Statement - Try: null

2018-12-11 14:13:57 - [TEST_STEP][PASSED] - Statement - EmpEmail = new java.io.File(C://Users//Admin//Desktop//PKS//Automation Reference Point//EmpEmail.txt): null

2018-12-11 14:13:57 - [TEST_STEP][PASSED] - Statement - bufferread = new java.io.BufferedReader(new java.io.FileReader(EmpEmail)): null

2018-12-11 14:13:57 - [TEST_STEP][PASSED] - Statement - readedVal = bufferread.readLine(): null

2018-12-11 14:13:57 - [TEST_STEP][PASSED] - Statement - out.println(readedVal): null

2018-12-11 14:13:57 - [TEST_STEP][PASSED] - Statement - Email = readedVal: null

2018-12-11 14:13:57 - [MESSAGE][PASSED] - Call Test Case 'Test Cases/Final Aug 2018 - PKS Automation/Create Employer Acc/Template/Employer Email Getter' successfully

2018-12-11 14:13:57 - [TEST_STEP][PASSED] - setText: Text 'perkeso642432291877@gmail.com' is set on object 'Object Repository/Final Object Repo/Login Page/External Login Page/Email'

2018-12-11 14:13:58 - [MESSAGE][PASSED] - Text 'perkeso642432291877@gmail.com' is set on object 'Object Repository/Final Object Repo/Login Page/External Login Page/Email'

2018-12-11 14:13:58 - [TEST_STEP][PASSED] - click: Object: 'Object Repository/Final Object Repo/Login Page/External Login Page/Next' is clicked on

2018-12-11 14:13:58 - [MESSAGE][PASSED] - Object: 'Object Repository/Final Object Repo/Login Page/External Login Page/Next' is clicked on

2018-12-11 14:13:58 - [TEST_STEP][PASSED] - delay: Delayed 3 second(s)

2018-12-11 14:14:01 - [MESSAGE][PASSED] - Delayed 3 second(s)

2018-12-11 14:14:01 - [TEST_STEP][PASSED] - setEncryptedText: Text ****** has been set on object 'Object Repository/Final Object Repo/Login Page/External Login Page/Password'

2018-12-11 14:14:01 - [MESSAGE][PASSED] - Text ****** has been set on object 'Object Repository/Final Object Repo/Login Page/External Login Page/Password'

2018-12-11 14:14:01 - [TEST_STEP][PASSED] - click: Object: 'Object Repository/Final Object Repo/Login Page/External Login Page/Login' is clicked on

2018-12-11 14:14:01 - [MESSAGE][PASSED] - Object: 'Object Repository/Final Object Repo/Login Page/External Login Page/Login' is clicked on

2018-12-11 14:14:01 - [TEST_STEP][PASSED] - delay: Delayed 3 second(s)

2018-12-11 14:14:04 - [MESSAGE][PASSED] - Delayed 3 second(s)

2018-12-11 14:14:04 - [TEST_STEP][PASSED] - click: Object: 'Object Repository/Final Object Repo/Creating Employer Account/Page_Terms of Use - ASSIST/button_I Agree' is clicked on

2018-12-11 14:14:05 - [MESSAGE][PASSED] - Object: 'Object Repository/Final Object Repo/Creating Employer Account/Page_Terms of Use - ASSIST/button_I Agree' is clicked on

2018-12-11 14:14:05 - [TEST_STEP][PASSED] - delay: Delayed 2 second(s)

2018-12-11 14:14:07 - [MESSAGE][PASSED] - Delayed 2 second(s)

2018-12-11 14:14:07 - [TEST_STEP][PASSED] - setEncryptedText: Text ****** has been set on object 'Object Repository/Final Object Repo/Creating Employer Account/Page_New Password - ASSIST/input_password1'

2018-12-11 14:14:08 - [MESSAGE][PASSED] - Text ****** has been set on object 'Object Repository/Final Object Repo/Creating Employer Account/Page_New Password - ASSIST/input_password1'

2018-12-11 14:14:08 - [TEST_STEP][PASSED] - setEncryptedText: Text ****** has been set on object 'Object Repository/Final Object Repo/Creating Employer Account/Page_New Password - ASSIST/input_password2'

2018-12-11 14:14:08 - [MESSAGE][PASSED] - Text ****** has been set on object 'Object Repository/Final Object Repo/Creating Employer Account/Page_New Password - ASSIST/input_password2'

2018-12-11 14:14:08 - [TEST_STEP][PASSED] - delay: Delayed 2 second(s)

2018-12-11 14:14:10 - [MESSAGE][PASSED] - Delayed 2 second(s)

2018-12-11 14:14:10 - [TEST_STEP][PASSED] - click: Object: 'Object Repository/Final Object Repo/Creating Employer Account/Page_New Password - ASSIST/Save' is clicked on

2018-12-11 14:14:10 - [MESSAGE][PASSED] - Object: 'Object Repository/Final Object Repo/Creating Employer Account/Page_New Password - ASSIST/Save' is clicked on

2018-12-11 14:14:10 - [TEST_STEP][PASSED] - delay: Delayed 2 second(s)

2018-12-11 14:14:12 - [MESSAGE][PASSED] - Delayed 2 second(s)

2018-12-11 14:14:12 - [TEST_STEP][PASSED] - setText: Text 'test' is set on object 'Object Repository/Final Object Repo/Creating Employer Account/Page_Password Reminder - ASSIST/Reminder Query Answer'

2018-12-11 14:14:12 - [MESSAGE][PASSED] - Text 'test' is set on object 'Object Repository/Final Object Repo/Creating Employer Account/Page_Password Reminder - ASSIST/Reminder Query Answer'

2018-12-11 14:14:12 - [TEST_STEP][PASSED] - delay: Delayed 2 second(s)

2018-12-11 14:14:14 - [MESSAGE][PASSED] - Delayed 2 second(s)

2018-12-11 14:14:14 - [TEST_STEP][PASSED] - doubleClick: Object: 'Object Repository/Final Object Repo/Creating Employer Account/Page_Password Reminder - ASSIST/Save' is double clicked on

2018-12-11 14:14:14 - [MESSAGE][PASSED] - Object: 'Object Repository/Final Object Repo/Creating Employer Account/Page_Password Reminder - ASSIST/Save' is double clicked on

2018-12-11 14:14:14 - [MESSAGE][PASSED] - Call Test Case 'Test Cases/Final Aug 2018 - PKS Automation/Create Employer Acc/Template/Login to Employer Account (First Time)' successfully

2018-12-11 14:14:14 - [MESSAGE][PASSED] - Call Test Case 'Test Cases/Final Aug 2018 - PKS Automation/Create Employer Acc/Create Employer Account' successfully

2018-12-11 14:14:14 - [TEST_STEP][PASSED] - callTestCase: Call Test Case 'Test Cases/Final Aug 2018 - PKS Automation/Registration Module/Log Out/log out avoiding katalon tagging' successfully

2018-12-11 14:14:14 - [TEST_CASE][PASSED] - Test Cases/Final Aug 2018 - PKS Automation/Registration Module/Log Out/log out avoiding katalon tagging: Test Cases/Final Aug 2018 - PKS Automation/Registration Module/Log Out/log out avoiding katalon tagging

2018-12-11 14:14:14 - [TEST_STEP][PASSED] - navigateToUrl: Navigate to 'https://assist2-uat.perkeso.gov.my/c/portal/logout' successfully

2018-12-11 14:14:18 - [MESSAGE][PASSED] - Navigate to 'https://assist2-uat.perkeso.gov.my/c/portal/logout' successfully

2018-12-11 14:14:18 - [MESSAGE][PASSED] - Call Test Case 'Test Cases/Final Aug 2018 - PKS Automation/Registration Module/Log Out/log out avoiding katalon tagging' successfully

2018-12-11 14:14:18 - [TEST_STEP][PASSED] - callTestCase: Call Test Case 'Test Cases/Final Aug 2018 - PKS Automation/Create Employer Acc/Login to Employer Account (Second time)' successfully

2018-12-11 14:14:18 - [TEST_CASE][PASSED] - Test Cases/Final Aug 2018 - PKS Automation/Create Employer Acc/Login to Employer Account (Second time): Test Cases/Final Aug 2018 - PKS Automation/Create Employer Acc/Login to Employer Account (Second time)

2018-12-11 14:14:18 - [TEST_STEP][PASSED] - openBrowser: Browser is opened with url: ''

2018-12-11 14:14:18 - [MESSAGE][WARNING] - A browser is already opened. Closing browser and opening a new one

2018-12-11 14:14:23 - [MESSAGE][PASSED] - Browser is opened with url: ''

2018-12-11 14:14:23 - [TEST_STEP][PASSED] - navigateToUrl: Navigate to 'https://assist2-uat.perkeso.gov.my/employer/login' successfully

2018-12-11 14:14:24 - [MESSAGE][PASSED] - Navigate to 'https://assist2-uat.perkeso.gov.my/employer/login' successfully

2018-12-11 14:14:24 - [TEST_STEP][PASSED] - delay: Delayed 3 second(s)

2018-12-11 14:14:27 - [MESSAGE][PASSED] - Delayed 3 second(s)

2018-12-11 14:14:27 - [TEST_STEP][PASSED] - callTestCase: Call Test Case 'Test Cases/Final Aug 2018 - PKS Automation/Create Employer Acc/Template/Employer Email Getter' successfully

2018-12-11 14:14:27 - [TEST_CASE][PASSED] - Test Cases/Final Aug 2018 - PKS Automation/Create Employer Acc/Template/Employer Email Getter: Test Cases/Final Aug 2018 - PKS Automation/Create Employer Acc/Template/Employer Email Getter

2018-12-11 14:14:27 - [TEST_STEP][PASSED] - Statement - Try: null

2018-12-11 14:14:27 - [TEST_STEP][PASSED] - Statement - EmpEmail = new java.io.File(C://Users//Admin//Desktop//PKS//Automation Reference Point//EmpEmail.txt): null

2018-12-11 14:14:27 - [TEST_STEP][PASSED] - Statement - bufferread = new java.io.BufferedReader(new java.io.FileReader(EmpEmail)): null

2018-12-11 14:14:27 - [TEST_STEP][PASSED] - Statement - readedVal = bufferread.readLine(): null

2018-12-11 14:14:27 - [TEST_STEP][PASSED] - Statement - out.println(readedVal): null

2018-12-11 14:14:27 - [TEST_STEP][PASSED] - Statement - Email = readedVal: null

2018-12-11 14:14:27 - [MESSAGE][PASSED] - Call Test Case 'Test Cases/Final Aug 2018 - PKS Automation/Create Employer Acc/Template/Employer Email Getter' successfully

2018-12-11 14:14:27 - [TEST_STEP][PASSED] - setText: Text 'perkeso642432291877@gmail.com' is set on object 'Object Repository/Final Object Repo/Login Page/External Login Page/Email'

2018-12-11 14:14:27 - [MESSAGE][PASSED] - Text 'perkeso642432291877@gmail.com' is set on object 'Object Repository/Final Object Repo/Login Page/External Login Page/Email'

2018-12-11 14:14:27 - [TEST_STEP][PASSED] - click: Object: 'Object Repository/Final Object Repo/Login Page/External Login Page/Next' is clicked on

2018-12-11 14:14:27 - [MESSAGE][PASSED] - Object: 'Object Repository/Final Object Repo/Login Page/External Login Page/Next' is clicked on

2018-12-11 14:14:27 - [TEST_STEP][PASSED] - delay: Delayed 3 second(s)

2018-12-11 14:14:30 - [MESSAGE][PASSED] - Delayed 3 second(s)

2018-12-11 14:14:30 - [TEST_STEP][PASSED] - setEncryptedText: Text ****** has been set on object 'Object Repository/Final Object Repo/Login Page/External Login Page/Password'

2018-12-11 14:14:31 - [MESSAGE][PASSED] - Text ****** has been set on object 'Object Repository/Final Object Repo/Login Page/External Login Page/Password'

2018-12-11 14:14:31 - [TEST_STEP][PASSED] - click: Object: 'Object Repository/Final Object Repo/Login Page/External Login Page/Login' is clicked on

2018-12-11 14:14:31 - [MESSAGE][PASSED] - Object: 'Object Repository/Final Object Repo/Login Page/External Login Page/Login' is clicked on

2018-12-11 14:14:31 - [TEST_STEP][PASSED] - delay: Delayed 5 second(s)

2018-12-11 14:14:36 - [MESSAGE][PASSED] - Delayed 5 second(s)

2018-12-11 14:14:36 - [MESSAGE][PASSED] - Call Test Case 'Test Cases/Final Aug 2018 - PKS Automation/Create Employer Acc/Login to Employer Account (Second time)' successfully

2018-12-11 14:14:36 - [TEST_STEP][PASSED] - Statement - Try: null

2018-12-11 14:14:36 - [TEST_STEP][PASSED] - Statement - Checker = com.kms.katalon.core.webui.keyword.WebUiBuiltInKeywords.verifyElementNotPresent("Final Object Repo/Landing Page/Select to English", 3): null

2018-12-11 14:14:36 - [TEST_STEP][PASSED] - Statement - Catch (Exception e): null

2018-12-11 14:14:36 - [TEST_STEP][PASSED] - Statement - e.printStackTrace(): null

2018-12-11 14:14:36 - [TEST_STEP][PASSED] - delay: Delayed 5 second(s)

2018-12-11 14:14:41 - [MESSAGE][PASSED] - Delayed 5 second(s)

2018-12-11 14:14:41 - [TEST_STEP][PASSED] - click: Object: 'Object Repository/Final Object Repo/Landing Page/My Sites Drop Down' is clicked on

2018-12-11 14:14:41 - [MESSAGE][PASSED] - Object: 'Object Repository/Final Object Repo/Landing Page/My Sites Drop Down' is clicked on

2018-12-11 14:14:41 - [TEST_STEP][PASSED] - click: Object: 'Object Repository/Final Object Repo/Landing Page/Select to Registration Module' is clicked on

2018-12-11 14:14:44 - [MESSAGE][PASSED] - Object: 'Object Repository/Final Object Repo/Landing Page/Select to Registration Module' is clicked on

2018-12-11 14:14:44 - [TEST_STEP][PASSED] - click: Object: 'Object Repository/Final Object Repo/Landing Page/Registration Button' is clicked on

2018-12-11 14:14:45 - [MESSAGE][PASSED] - Object: 'Object Repository/Final Object Repo/Landing Page/Registration Button' is clicked on

2018-12-11 14:14:45 - [TEST_STEP][PASSED] - delay: Delayed 2 second(s)

2018-12-11 14:14:47 - [MESSAGE][PASSED] - Delayed 2 second(s)

2018-12-11 14:14:47 - [TEST_STEP][PASSED] - click: Object: 'Object Repository/Final Object Repo/New Registration - Registration Module Pages/New Reg - OTC to RO/Special Case - OTC - Form 1/AEC NO' is clicked on

2018-12-11 14:14:48 - [MESSAGE][PASSED] - Object: 'Object Repository/Final Object Repo/New Registration - Registration Module Pages/New Reg - OTC to RO/Special Case - OTC - Form 1/AEC NO' is clicked on

2018-12-11 14:14:48 - [TEST_STEP][PASSED] - click: Object: 'Object Repository/Final Object Repo/New Registration - Registration Module Pages/New Reg - OTC to RO/Special Case - OTC - Form 1/Business Entity - Please Select' is clicked on

2018-12-11 14:14:48 - [MESSAGE][PASSED] - Object: 'Object Repository/Final Object Repo/New Registration - Registration Module Pages/New Reg - OTC to RO/Special Case - OTC - Form 1/Business Entity - Please Select' is clicked on

2018-12-11 14:14:48 - [TEST_STEP][PASSED] - click: Object: 'Object Repository/Final Object Repo/New Registration - Registration Module Pages/New Reg - OTC to RO/Special Case - OTC - Form 1/Selected - Corporation' is clicked on

2018-12-11 14:14:48 - [MESSAGE][PASSED] - Object: 'Object Repository/Final Object Repo/New Registration - Registration Module Pages/New Reg - OTC to RO/Special Case - OTC - Form 1/Selected - Corporation' is clicked on

2018-12-11 14:14:48 - [TEST_STEP][PASSED] - delay: Delayed 2 second(s)

2018-12-11 14:14:50 - [MESSAGE][PASSED] - Delayed 2 second(s)

2018-12-11 14:14:50 - [TEST_STEP][PASSED] - click: Object: 'Object Repository/Final Object Repo/New Registration - Registration Module Pages/New Reg - OTC to RO/Special Case - OTC - Form 1/Sub Business Entity - Please Select' is clicked on

2018-12-11 14:14:50 - [MESSAGE][PASSED] - Object: 'Object Repository/Final Object Repo/New Registration - Registration Module Pages/New Reg - OTC to RO/Special Case - OTC - Form 1/Sub Business Entity - Please Select' is clicked on

2018-12-11 14:14:50 - [TEST_STEP][PASSED] - delay: Delayed 2 second(s)

2018-12-11 14:14:52 - [MESSAGE][PASSED] - Delayed 2 second(s)

2018-12-11 14:14:52 - [TEST_STEP][PASSED] - click: Object: 'Object Repository/Final Object Repo/New Registration - Registration Module Pages/New Reg - OTC to RO/Special Case - OTC - Form 1/Selected - Sendirian Berhad' is clicked on

2018-12-11 14:14:52 - [MESSAGE][PASSED] - Object: 'Object Repository/Final Object Repo/New Registration - Registration Module Pages/New Reg - OTC to RO/Special Case - OTC - Form 1/Selected - Sendirian Berhad' is clicked on

2018-12-11 14:14:52 - [TEST_STEP][PASSED] - setText: Text 'AUTOMATE001' is set on object 'Object Repository/Final Object Repo/New Registration - Registration Module Pages/New Reg - OTC to RO/Special Case - OTC - Form 1/Input BRN Number'

2018-12-11 14:14:53 - [MESSAGE][PASSED] - Text 'AUTOMATE001' is set on object 'Object Repository/Final Object Repo/New Registration - Registration Module Pages/New Reg - OTC to RO/Special Case - OTC - Form 1/Input BRN Number'

2018-12-11 14:14:53 - [TEST_STEP][PASSED] - delay: Delayed 2 second(s)

2018-12-11 14:14:55 - [MESSAGE][PASSED] - Delayed 2 second(s)

2018-12-11 14:14:55 - [TEST_STEP][PASSED] - click: Object: 'Object Repository/Final Object Repo/New Registration - Registration Module Pages/New Reg - OTC to RO/Special Case - OTC - Form 1/BRN Search' is clicked on

2018-12-11 14:14:55 - [MESSAGE][PASSED] - Object: 'Object Repository/Final Object Repo/New Registration - Registration Module Pages/New Reg - OTC to RO/Special Case - OTC - Form 1/BRN Search' is clicked on

2018-12-11 14:14:55 - [TEST_STEP][PASSED] - delay: Delayed 4 second(s)

2018-12-11 14:14:59 - [MESSAGE][PASSED] - Delayed 4 second(s)

2018-12-11 14:14:59 - [TEST_STEP][PASSED] - click: Object: 'Object Repository/Final Object Repo/New Registration - Registration Module Pages/New Reg - OTC to RO/Special Case - OTC - Form 1/Registered with SSM - After Feb 2017' is clicked on

2018-12-11 14:14:59 - [MESSAGE][PASSED] - Object: 'Object Repository/Final Object Repo/New Registration - Registration Module Pages/New Reg - OTC to RO/Special Case - OTC - Form 1/Registered with SSM - After Feb 2017' is clicked on

2018-12-11 14:14:59 - [TEST_STEP][PASSED] - delay: Delayed 2 second(s)

2018-12-11 14:15:01 - [MESSAGE][PASSED] - Delayed 2 second(s)

2018-12-11 14:15:01 - [TEST_STEP][PASSED] - click: Object: 'Object Repository/Final Object Repo/New Registration - Registration Module Pages/New Reg - OTC to RO/Special Case - OTC - Form 1/Registering As A Branch - No' is clicked on

2018-12-11 14:15:01 - [MESSAGE][PASSED] - Object: 'Object Repository/Final Object Repo/New Registration - Registration Module Pages/New Reg - OTC to RO/Special Case - OTC - Form 1/Registering As A Branch - No' is clicked on

2018-12-11 14:15:01 - [TEST_STEP][PASSED] - click: Object: 'Object Repository/Final Object Repo/New Registration - Registration Module Pages/New Reg - OTC to RO/Special Case - OTC - Form 1/Acknowledgement Ticked' is clicked on

2018-12-11 14:15:02 - [MESSAGE][PASSED] - Object: 'Object Repository/Final Object Repo/New Registration - Registration Module Pages/New Reg - OTC to RO/Special Case - OTC - Form 1/Acknowledgement Ticked' is clicked on

2018-12-11 14:15:02 - [TEST_STEP][PASSED] - delay: Delayed 2 second(s)

2018-12-11 14:15:04 - [MESSAGE][PASSED] - Delayed 2 second(s)

2018-12-11 14:15:04 - [TEST_STEP][PASSED] - callTestCase: Call Test Case 'Test Cases/Final Aug 2018 - PKS Automation/Create Employer Acc/Template/Employer Email Getter' successfully

2018-12-11 14:15:04 - [TEST_CASE][PASSED] - Test Cases/Final Aug 2018 - PKS Automation/Create Employer Acc/Template/Employer Email Getter: Test Cases/Final Aug 2018 - PKS Automation/Create Employer Acc/Template/Employer Email Getter

2018-12-11 14:15:04 - [TEST_STEP][PASSED] - Statement - Try: null

2018-12-11 14:15:04 - [TEST_STEP][PASSED] - Statement - EmpEmail = new java.io.File(C://Users//Admin//Desktop//PKS//Automation Reference Point//EmpEmail.txt): null

2018-12-11 14:15:04 - [TEST_STEP][PASSED] - Statement - bufferread = new java.io.BufferedReader(new java.io.FileReader(EmpEmail)): null

2018-12-11 14:15:04 - [TEST_STEP][PASSED] - Statement - readedVal = bufferread.readLine(): null

2018-12-11 14:15:04 - [TEST_STEP][PASSED] - Statement - out.println(readedVal): null

2018-12-11 14:15:04 - [TEST_STEP][PASSED] - Statement - Email = readedVal: null

2018-12-11 14:15:04 - [MESSAGE][PASSED] - Call Test Case 'Test Cases/Final Aug 2018 - PKS Automation/Create Employer Acc/Template/Employer Email Getter' successfully

2018-12-11 14:15:04 - [TEST_STEP][PASSED] - setText: Text 'perkeso642432291877@gmail.com' is set on object 'Object Repository/Final Object Repo/Creating Employer Account/Email'

2018-12-11 14:15:04 - [MESSAGE][PASSED] - Text 'perkeso642432291877@gmail.com' is set on object 'Object Repository/Final Object Repo/Creating Employer Account/Email'

2018-12-11 14:15:04 - [TEST_STEP][PASSED] - delay: Delayed 2 second(s)

2018-12-11 14:15:06 - [MESSAGE][PASSED] - Delayed 2 second(s)

2018-12-11 14:15:06 - [TEST_STEP][PASSED] - click: Object: 'Object Repository/Final Object Repo/New Registration - Registration Module Pages/New Reg - OTC to RO/Special Case - OTC - Form 1/Submit Button' is clicked on

2018-12-11 14:15:07 - [MESSAGE][PASSED] - Object: 'Object Repository/Final Object Repo/New Registration - Registration Module Pages/New Reg - OTC to RO/Special Case - OTC - Form 1/Submit Button' is clicked on

2018-12-11 14:15:07 - [TEST_STEP][PASSED] - delay: Delayed 2 second(s)

2018-12-11 14:15:09 - [MESSAGE][PASSED] - Delayed 2 second(s)

2018-12-11 14:15:09 - [TEST_STEP][PASSED] - click: Object: 'Object Repository/Final Object Repo/New Registration - Registration Module Pages/New Reg - OTC to RO/Special Case - OTC - Form 1/Confirm No Flagging as Branch' is clicked on

2018-12-11 14:15:09 - [MESSAGE][PASSED] - Object: 'Object Repository/Final Object Repo/New Registration - Registration Module Pages/New Reg - OTC to RO/Special Case - OTC - Form 1/Confirm No Flagging as Branch' is clicked on

2018-12-11 14:15:09 - [MESSAGE][PASSED] - Call Test Case 'Test Cases/Final Aug 2018 - PKS Automation/Registration Module/Workflow/New Registration/Template/Special Case - Employer - Form 1' successfully

2018-12-11 14:15:09 - [TEST_STEP][PASSED] - callTestCase: Call Test Case 'Test Cases/Final Aug 2018 - PKS Automation/Registration Module/New Registration/Form 2/Add 1 Eligible - Employer Account Use' successfully

2018-12-11 14:15:09 - [TEST_CASE][PASSED] - Test Cases/Final Aug 2018 - PKS Automation/Registration Module/New Registration/Form 2/Add 1 Eligible - Employer Account Use: Test Cases/Final Aug 2018 - PKS Automation/Registration Module/New Registration/Form 2/Add 1 Eligible - Employer Account Use

2018-12-11 14:15:09 - [TEST_STEP][PASSED] - delay: Delayed 2 second(s)

2018-12-11 14:15:11 - [MESSAGE][PASSED] - Delayed 2 second(s)

2018-12-11 14:15:11 - [TEST_STEP][PASSED] - callTestCase: Call Test Case 'Test Cases/Final Aug 2018 - PKS Automation/Registration Module/New Registration/Form 2/Date Updater' successfully

2018-12-11 14:15:11 - [TEST_CASE][PASSED] - Test Cases/Final Aug 2018 - PKS Automation/Registration Module/New Registration/Form 2/Date Updater: Test Cases/Final Aug 2018 - PKS Automation/Registration Module/New Registration/Form 2/Date Updater

2018-12-11 14:15:11 - [TEST_STEP][PASSED] - Statement - TodayDate = new java.util.Date(): null

2018-12-11 14:15:11 - [TEST_STEP][PASSED] - Statement - CurrentDateNoFilter = new java.text.SimpleDateFormat(): null

2018-12-11 14:15:11 - [TEST_STEP][PASSED] - Statement - CurrentDateNoFilter.applyPattern("MM"): null

2018-12-11 14:15:11 - [TEST_STEP][PASSED] - Statement - monthContainerMatcher = java.lang.Integer.parseInt(CurrentDateNoFilter.format(TodayDate)): null

2018-12-11 14:15:11 - [TEST_STEP][PASSED] - Statement - monthContainerMatcher = monthContainerMatcher - 1: null

2018-12-11 14:15:11 - [TEST_STEP][PASSED] - Statement - CurrentMonth = monthContainerMatcher.toString(): null

2018-12-11 14:15:11 - [TEST_STEP][PASSED] - Statement - CurrentMonth = CurrentMonth: null

2018-12-11 14:15:11 - [TEST_STEP][PASSED] - Statement - CurrentDateNoFilter.applyPattern("yyyy"): null

2018-12-11 14:15:11 - [TEST_STEP][PASSED] - Statement - CurrentYear = CurrentDateNoFilter.format(TodayDate): null

2018-12-11 14:15:11 - [TEST_STEP][PASSED] - Statement - CurrentYear = CurrentYear: null

2018-12-11 14:15:11 - [TEST_STEP][PASSED] - Statement - intCurrentYear = java.lang.Integer.parseInt(CurrentDateNoFilter.format(TodayDate)): null

2018-12-11 14:15:11 - [TEST_STEP][PASSED] - Statement - eighteenYrsAgo = intCurrentYear - 18: null

2018-12-11 14:15:11 - [TEST_STEP][PASSED] - Statement - eighteenYrsBeforeThisYr = eighteenYrsAgo.toString(): null

2018-12-11 14:15:11 - [TEST_STEP][PASSED] - Statement - EighteenYrsBefore = eighteenYrsBeforeThisYr: null

2018-12-11 14:15:11 - [TEST_STEP][PASSED] - Statement - fiftysevenYrsAgo = intCurrentYear - 57: null

2018-12-11 14:15:11 - [TEST_STEP][PASSED] - Statement - fiftysevenYrsBeforeThisYr = fiftysevenYrsAgo.toString(): null

2018-12-11 14:15:11 - [TEST_STEP][PASSED] - Statement - FiftysevenYrsBefore = fiftysevenYrsBeforeThisYr: null

2018-12-11 14:15:11 - [TEST_STEP][PASSED] - Statement - leapYear = false: null

2018-12-11 14:15:11 - [TEST_STEP][PASSED] - Statement - leapYear = intCurrentYear % 4 == 0: null

2018-12-11 14:15:11 - [TEST_STEP][PASSED] - Statement - CurrentDateNoFilter.applyPattern("dd"): null

2018-12-11 14:15:11 - [TEST_STEP][PASSED] - Statement - CurrentDate = CurrentDateNoFilter.format(TodayDate): null

2018-12-11 14:15:11 - [TEST_STEP][PASSED] - Statement - CurrentDate = java.lang.Integer.parseInt(CurrentDate): null

2018-12-11 14:15:11 - [TEST_STEP][PASSED] - Statement - CurrentDate = CurrentDate: null

2018-12-11 14:15:11 - [TEST_STEP][PASSED] - Statement - CurrentDay = java.lang.Integer.parseInt(CurrentDate): null

2018-12-11 14:15:11 - [TEST_STEP][PASSED] - Statement - ConfAdder = <not implemented yet for class: org.codehaus.groovy.ast.expr.EmptyExpression>: null

2018-12-11 14:15:11 - [TEST_STEP][PASSED] - Statement - out.println(CurrentMonth): null

2018-12-11 14:15:11 - [TEST_STEP][PASSED] - Statement - out.println(CurrentDate): null

2018-12-11 14:15:11 - [TEST_STEP][PASSED] - Statement - switch (CurrentDate): null

2018-12-11 14:15:11 - [TEST_STEP][PASSED] - Statement - Default: null

2018-12-11 14:15:11 - [TEST_STEP][PASSED] - Statement - ConfAdder = true: null

2018-12-11 14:15:11 - [TEST_STEP][PASSED] - Statement - Break: null

2018-12-11 14:15:11 - [TEST_STEP][PASSED] - Statement - aDayBefore = <not implemented yet for class: org.codehaus.groovy.ast.expr.EmptyExpression>: null

2018-12-11 14:15:11 - [TEST_STEP][PASSED] - Statement - out.println(ConfAdder): null

2018-12-11 14:15:11 - [TEST_STEP][PASSED] - Statement - If (ConfAdder == true): null

2018-12-11 14:15:11 - [TEST_STEP][PASSED] - Statement - aDayBefore = CurrentDay + 1: null

2018-12-11 14:15:11 - [TEST_STEP][PASSED] - Statement - out.println(aDayBefore): null

2018-12-11 14:15:11 - [TEST_STEP][PASSED] - Statement - If (aDayBefore == 1 && CurrentMonth == 11): null

2018-12-11 14:15:11 - [TEST_STEP][PASSED] - Statement - DayBefore = aDayBefore.toString(): null

2018-12-11 14:15:11 - [TEST_STEP][PASSED] - Statement - OneDayBefore = DayBefore: null

2018-12-11 14:15:11 - [MESSAGE][PASSED] - Call Test Case 'Test Cases/Final Aug 2018 - PKS Automation/Registration Module/New Registration/Form 2/Date Updater' successfully

2018-12-11 14:15:11 - [TEST_STEP][PASSED] - delay: Delayed 1 second(s)

2018-12-11 14:15:12 - [MESSAGE][PASSED] - Delayed 1 second(s)

2018-12-11 14:15:12 - [TEST_STEP][PASSED] - Statement - CaseReferenceNo = com.kms.katalon.core.webui.keyword.WebUiBuiltInKeywords.getText(com.kms.katalon.core.testobject.ObjectRepository.findTestObject(Final Object Repo/New Registration - Registration Module Pages/Form 2/RefNo Acquiring)): Text of object 'Object Repository/Final Object Repo/New Registration - Registration Module Pages/Form 2/RefNo Acquiring' is: 'CRN12201800123173'

2018-12-11 14:15:12 - [MESSAGE][PASSED] - Text of object 'Object Repository/Final Object Repo/New Registration - Registration Module Pages/Form 2/RefNo Acquiring' is: 'CRN12201800123173'

2018-12-11 14:15:12 - [TEST_STEP][PASSED] - delay: Delayed 1 second(s)

2018-12-11 14:15:13 - [MESSAGE][PASSED] - Delayed 1 second(s)

2018-12-11 14:15:13 - [TEST_STEP][PASSED] - click: Object: 'Object Repository/Final Object Repo/New Registration - Registration Module Pages/Form 2/Add Employee Button' is clicked on

2018-12-11 14:15:14 - [MESSAGE][PASSED] - Object: 'Object Repository/Final Object Repo/New Registration - Registration Module Pages/Form 2/Add Employee Button' is clicked on

2018-12-11 14:15:14 - [TEST_STEP][PASSED] - delay: Delayed 1 second(s)

2018-12-11 14:15:15 - [MESSAGE][PASSED] - Delayed 1 second(s)

2018-12-11 14:15:15 - [TEST_STEP][PASSED] - setText: Text '010903091948' is set on object 'Object Repository/Final Object Repo/New Registration - Registration Module Pages/Form 2/NRIC Input'

2018-12-11 14:15:15 - [MESSAGE][PASSED] - Text '010903091948' is set on object 'Object Repository/Final Object Repo/New Registration - Registration Module Pages/Form 2/NRIC Input'

2018-12-11 14:15:15 - [TEST_STEP][PASSED] - delay: Delayed 2 second(s)

2018-12-11 14:15:17 - [MESSAGE][PASSED] - Delayed 2 second(s)

2018-12-11 14:15:17 - [TEST_STEP][PASSED] - setText: Text 'Automate001 eligible 1' is set on object 'Object Repository/Final Object Repo/New Registration - Registration Module Pages/Form 2/Employee Name Input'

2018-12-11 14:15:17 - [MESSAGE][PASSED] - Text 'Automate001 eligible 1' is set on object 'Object Repository/Final Object Repo/New Registration - Registration Module Pages/Form 2/Employee Name Input'

2018-12-11 14:15:17 - [TEST_STEP][PASSED] - delay: Delayed 2 second(s)

2018-12-11 14:15:19 - [MESSAGE][PASSED] - Delayed 2 second(s)

2018-12-11 14:15:19 - [TEST_STEP][PASSED] - click: Object: 'Object Repository/Final Object Repo/New Registration - Registration Module Pages/Form 2/DatePicker Pop Up' is clicked on

2018-12-11 14:15:20 - [MESSAGE][PASSED] - Object: 'Object Repository/Final Object Repo/New Registration - Registration Module Pages/Form 2/DatePicker Pop Up' is clicked on

2018-12-11 14:15:20 - [TEST_STEP][PASSED] - click: Object: 'Object Repository/Final Object Repo/New Registration - Registration Module Pages/Form 2/DOB Month' is clicked on

2018-12-11 14:15:20 - [MESSAGE][PASSED] - Object: 'Object Repository/Final Object Repo/New Registration - Registration Module Pages/Form 2/DOB Month' is clicked on

2018-12-11 14:15:20 - [TEST_STEP][PASSED] - Statement - CurrentMonth = CurrentMonth: null

2018-12-11 14:15:20 - [TEST_STEP][PASSED] - Statement - selectMonth = new com.kms.katalon.core.testobject.TestObject(): null

2018-12-11 14:15:20 - [TEST_STEP][PASSED] - Statement - selectMonth.addProperty("xpath", EQUALS, "//body/div/div/div/select/option[@value='" + CurrentMonth + "']", true): null

2018-12-11 14:15:20 - [TEST_STEP][PASSED] - click: Object: '' is clicked on

2018-12-11 14:15:20 - [MESSAGE][PASSED] - Object: '' is clicked on

2018-12-11 14:15:20 - [TEST_STEP][PASSED] - click: Object: 'Object Repository/Final Object Repo/New Registration - Registration Module Pages/Form 2/DOB Year' is clicked on

2018-12-11 14:15:20 - [MESSAGE][PASSED] - Object: 'Object Repository/Final Object Repo/New Registration - Registration Module Pages/Form 2/DOB Year' is clicked on

2018-12-11 14:15:20 - [TEST_STEP][PASSED] - Statement - Eyearsbf = EighteenYrsBefore: null

2018-12-11 14:15:20 - [TEST_STEP][PASSED] - Statement - selectYear = new com.kms.katalon.core.testobject.TestObject(): null

2018-12-11 14:15:20 - [TEST_STEP][PASSED] - Statement - selectYear.addProperty("xpath", EQUALS, "//div/div/div/select/option[@value='" + Eyearsbf + "']", true): null

2018-12-11 14:15:20 - [TEST_STEP][PASSED] - click: Object: '' is clicked on

2018-12-11 14:15:20 - [MESSAGE][PASSED] - Object: '' is clicked on

2018-12-11 14:15:20 - [TEST_STEP][PASSED] - Statement - UpdatedSelectDate = com.kms.katalon.core.webui.keyword.WebUiBuiltInKeywords.modifyObjectProperty(com.kms.katalon.core.testobject.ObjectRepository.findTestObject(Final Object Repo/New Registration - Registration Module Pages/Form 2/DOB Date), "xpath", "equals", "//body/div/table/tbody/tr/td/a[text()="" + CurrentDate + ""]", true): Modify property of object successfully

2018-12-11 14:15:20 - [MESSAGE][PASSED] - Modify property of object successfully

2018-12-11 14:15:20 - [TEST_STEP][PASSED] - delay: Delayed 3 second(s)

2018-12-11 14:15:23 - [MESSAGE][PASSED] - Delayed 3 second(s)

2018-12-11 14:15:23 - [TEST_STEP][PASSED] - click: Object: 'Object Repository/Final Object Repo/New Registration - Registration Module Pages/Form 2/DOB Date' is clicked on

2018-12-11 14:15:23 - [MESSAGE][PASSED] - Object: 'Object Repository/Final Object Repo/New Registration - Registration Module Pages/Form 2/DOB Date' is clicked on

2018-12-11 14:15:23 - [TEST_STEP][PASSED] - delay: Delayed 2 second(s)

2018-12-11 14:15:25 - [MESSAGE][PASSED] - Delayed 2 second(s)

2018-12-11 14:15:25 - [TEST_STEP][PASSED] - click: Object: 'Object Repository/Final Object Repo/New Registration - Registration Module Pages/Form 2/EmploymentStartDate Pop Up' is clicked on

2018-12-11 14:15:26 - [MESSAGE][PASSED] - Object: 'Object Repository/Final Object Repo/New Registration - Registration Module Pages/Form 2/EmploymentStartDate Pop Up' is clicked on

2018-12-11 14:15:26 - [TEST_STEP][PASSED] - delay: Delayed 2 second(s)

2018-12-11 14:15:28 - [MESSAGE][PASSED] - Delayed 2 second(s)

2018-12-11 14:15:28 - [TEST_STEP][PASSED] - click: Object: 'Object Repository/Final Object Repo/New Registration - Registration Module Pages/Form 2/Socso Employment StartDate Month' is clicked on

2018-12-11 14:15:28 - [MESSAGE][PASSED] - Object: 'Object Repository/Final Object Repo/New Registration - Registration Module Pages/Form 2/Socso Employment StartDate Month' is clicked on

2018-12-11 14:15:28 - [TEST_STEP][PASSED] - delay: Delayed 1 second(s)

2018-12-11 14:15:29 - [MESSAGE][PASSED] - Delayed 1 second(s)

2018-12-11 14:15:29 - [TEST_STEP][PASSED] - click: Object: 'Object Repository/Final Object Repo/New Registration - Registration Module Pages/Form 2/Select Socso Employement Startdate Month' is clicked on

2018-12-11 14:15:29 - [MESSAGE][PASSED] - Object: 'Object Repository/Final Object Repo/New Registration - Registration Module Pages/Form 2/Select Socso Employement Startdate Month' is clicked on

2018-12-11 14:15:29 - [TEST_STEP][PASSED] - delay: Delayed 2 second(s)

2018-12-11 14:15:31 - [MESSAGE][PASSED] - Delayed 2 second(s)

2018-12-11 14:15:31 - [TEST_STEP][PASSED] - click: Object: 'Object Repository/Final Object Repo/New Registration - Registration Module Pages/Form 2/Socso Employment StartDate Year' is clicked on

2018-12-11 14:15:31 - [MESSAGE][PASSED] - Object: 'Object Repository/Final Object Repo/New Registration - Registration Module Pages/Form 2/Socso Employment StartDate Year' is clicked on

2018-12-11 14:15:31 - [TEST_STEP][PASSED] - delay: Delayed 1 second(s)

2018-12-11 14:15:32 - [MESSAGE][PASSED] - Delayed 1 second(s)

2018-12-11 14:15:32 - [TEST_STEP][PASSED] - click: Object: 'Object Repository/Final Object Repo/New Registration - Registration Module Pages/Form 2/Select Socso Employment Startdate Year' is clicked on

2018-12-11 14:15:32 - [MESSAGE][PASSED] - Object: 'Object Repository/Final Object Repo/New Registration - Registration Module Pages/Form 2/Select Socso Employment Startdate Year' is clicked on

2018-12-11 14:15:32 - [TEST_STEP][PASSED] - delay: Delayed 2 second(s)

2018-12-11 14:15:34 - [MESSAGE][PASSED] - Delayed 2 second(s)

2018-12-11 14:15:34 - [TEST_STEP][PASSED] - click: Object: 'Object Repository/Final Object Repo/New Registration - Registration Module Pages/Form 2/Socso Employment Start Date Day' is clicked on

2018-12-11 14:15:34 - [MESSAGE][PASSED] - Object: 'Object Repository/Final Object Repo/New Registration - Registration Module Pages/Form 2/Socso Employment Start Date Day' is clicked on

2018-12-11 14:15:34 - [TEST_STEP][PASSED] - delay: Delayed 2 second(s)

2018-12-11 14:15:36 - [MESSAGE][PASSED] - Delayed 2 second(s)

2018-12-11 14:15:36 - [TEST_STEP][PASSED] - click: Object: 'Object Repository/Final Object Repo/New Registration - Registration Module Pages/Form 2/Save Button for Add Employee' is clicked on

2018-12-11 14:15:37 - [MESSAGE][PASSED] - Object: 'Object Repository/Final Object Repo/New Registration - Registration Module Pages/Form 2/Save Button for Add Employee' is clicked on

2018-12-11 14:15:37 - [TEST_STEP][PASSED] - delay: Delayed 6 second(s)

2018-12-11 14:15:43 - [MESSAGE][PASSED] - Delayed 6 second(s)

2018-12-11 14:15:43 - [TEST_STEP][PASSED] - click: Object: 'Object Repository/Final Object Repo/New Registration - Registration Module Pages/Form 2/Save and Continue Form 2' is clicked on

2018-12-11 14:15:43 - [MESSAGE][PASSED] - Object: 'Object Repository/Final Object Repo/New Registration - Registration Module Pages/Form 2/Save and Continue Form 2' is clicked on

2018-12-11 14:15:43 - [MESSAGE][PASSED] - Call Test Case 'Test Cases/Final Aug 2018 - PKS Automation/Registration Module/New Registration/Form 2/Add 1 Eligible - Employer Account Use' successfully

2018-12-11 14:15:43 - [TEST_STEP][PASSED] - callTestCase: Call Test Case 'Test Cases/Final Aug 2018 - PKS Automation/Registration Module/New Registration/Flow of New Registration/Third Screen - Upload Supporting Doc - Preview' successfully

2018-12-11 14:15:43 - [TEST_CASE][PASSED] - Test Cases/Final Aug 2018 - PKS Automation/Registration Module/New Registration/Flow of New Registration/Third Screen - Upload Supporting Doc - Preview: Test Cases/Final Aug 2018 - PKS Automation/Registration Module/New Registration/Flow of New Registration/Third Screen - Upload Supporting Doc - Preview

2018-12-11 14:15:43 - [TEST_STEP][PASSED] - waitForPageLoad: Wait for page load successfully

2018-12-11 14:15:44 - [MESSAGE][PASSED] - Wait for page load successfully

2018-12-11 14:15:44 - [TEST_STEP][PASSED] - Statement - CaseReferenceNo = com.kms.katalon.core.webui.keyword.WebUiBuiltInKeywords.getText(com.kms.katalon.core.testobject.ObjectRepository.findTestObject(Final Object Repo/New Registration - Registration Module Pages/Third Screen - Upload Supporting Doc- Preview/RefNo Acquiring)): Text of object 'Object Repository/Final Object Repo/New Registration - Registration Module Pages/Third Screen - Upload Supporting Doc- Preview/RefNo Acquiring' is: 'CRN12201800123173'

2018-12-11 14:15:44 - [MESSAGE][PASSED] - Text of object 'Object Repository/Final Object Repo/New Registration - Registration Module Pages/Third Screen - Upload Supporting Doc- Preview/RefNo Acquiring' is: 'CRN12201800123173'

2018-12-11 14:15:44 - [TEST_STEP][PASSED] - delay: Delayed 2 second(s)

2018-12-11 14:15:46 - [MESSAGE][PASSED] - Delayed 2 second(s)

2018-12-11 14:15:46 - [TEST_STEP][PASSED] - callTestCase: Call Test Case 'Test Cases/Final Aug 2018 - PKS Automation/Common/Reference Number Setter' successfully

2018-12-11 14:15:46 - [TEST_CASE][PASSED] - Test Cases/Final Aug 2018 - PKS Automation/Common/Reference Number Setter: Test Cases/Final Aug 2018 - PKS Automation/Common/Reference Number Setter

2018-12-11 14:15:46 - [TEST_STEP][PASSED] - Statement - RefNoOldFile = new java.io.File(C://Users//Admin//Desktop//PKS//Automation Reference Point//KatalonReference.txt): null

2018-12-11 14:15:46 - [TEST_STEP][PASSED] - Statement - RefNoOldFile.delete(): null

2018-12-11 14:15:46 - [TEST_STEP][PASSED] - delay: Delayed 5 second(s)

2018-12-11 14:15:51 - [MESSAGE][PASSED] - Delayed 5 second(s)

2018-12-11 14:15:51 - [TEST_STEP][PASSED] - Statement - RefNo = new java.io.File(C://Users//Admin//Desktop//PKS//Automation Reference Point//KatalonReference.txt): null

2018-12-11 14:15:51 - [TEST_STEP][PASSED] - Statement - f2 = new java.io.FileWriter(RefNo, false): null

2018-12-11 14:15:51 - [TEST_STEP][PASSED] - Statement - f2.write(CaseReferenceNo): null

2018-12-11 14:15:51 - [TEST_STEP][PASSED] - Statement - f2.close(): null

2018-12-11 14:15:51 - [TEST_STEP][PASSED] - Statement - out.println("


" + CaseReferenceNo + "


"): null

2018-12-11 14:15:51 - [MESSAGE][PASSED] - Call Test Case 'Test Cases/Final Aug 2018 - PKS Automation/Common/Reference Number Setter' successfully

2018-12-11 14:15:51 - [TEST_STEP][PASSED] - waitForElementClickable: Object 'Object Repository/Final Object Repo/New Registration - Registration Module Pages/Third Screen - Upload Supporting Doc- Preview/Save n Continue in SIP Employee Listing Page' is clickable

2018-12-11 14:15:51 - [MESSAGE][PASSED] - Object 'Object Repository/Final Object Repo/New Registration - Registration Module Pages/Third Screen - Upload Supporting Doc- Preview/Save n Continue in SIP Employee Listing Page' is clickable

2018-12-11 14:15:51 - [TEST_STEP][PASSED] - click: Object: 'Object Repository/Final Object Repo/New Registration - Registration Module Pages/Third Screen - Upload Supporting Doc- Preview/Save n Continue in SIP Employee Listing Page' is clicked on

2018-12-11 14:15:56 - [MESSAGE][PASSED] - Object: 'Object Repository/Final Object Repo/New Registration - Registration Module Pages/Third Screen - Upload Supporting Doc- Preview/Save n Continue in SIP Employee Listing Page' is clicked on

2018-12-11 14:15:56 - [TEST_STEP][PASSED] - delay: Delayed 7 second(s)

2018-12-11 14:16:03 - [MESSAGE][PASSED] - Delayed 7 second(s)

2018-12-11 14:16:03 - [TEST_STEP][PASSED] - click: Object: 'Object Repository/Final Object Repo/New Registration - Registration Module Pages/Third Screen - Upload Supporting Doc- Preview/Add Document Button' is clicked on

2018-12-11 14:16:03 - [MESSAGE][PASSED] - Object: 'Object Repository/Final Object Repo/New Registration - Registration Module Pages/Third Screen - Upload Supporting Doc- Preview/Add Document Button' is clicked on

2018-12-11 14:16:03 - [TEST_STEP][PASSED] - delay: Delayed 30 second(s)

2018-12-11 14:16:33 - [MESSAGE][PASSED] - Delayed 30 second(s)

2018-12-11 14:16:33 - [TEST_STEP][PASSED] - click: Object: 'Object Repository/Final Object Repo/New Registration - Registration Module Pages/Third Screen - Upload Supporting Doc- Preview/Supporting Doc Please Select Drop Down' is clicked on

2018-12-11 14:16:33 - [MESSAGE][PASSED] - Object: 'Object Repository/Final Object Repo/New Registration - Registration Module Pages/Third Screen - Upload Supporting Doc- Preview/Supporting Doc Please Select Drop Down' is clicked on

2018-12-11 14:16:33 - [TEST_STEP][PASSED] - delay: Delayed 2 second(s)

2018-12-11 14:16:35 - [MESSAGE][PASSED] - Delayed 2 second(s)

2018-12-11 14:16:35 - [TEST_STEP][PASSED] - click: Object: 'Object Repository/Final Object Repo/New Registration - Registration Module Pages/Third Screen - Upload Supporting Doc- Preview/Select to Upload Form 1' is clicked on

2018-12-11 14:16:36 - [MESSAGE][PASSED] - Object: 'Object Repository/Final Object Repo/New Registration - Registration Module Pages/Third Screen - Upload Supporting Doc- Preview/Select to Upload Form 1' is clicked on

2018-12-11 14:16:36 - [TEST_STEP][PASSED] - delay: Delayed 2 second(s)

2018-12-11 14:16:38 - [MESSAGE][PASSED] - Delayed 2 second(s)

2018-12-11 14:16:38 - [TEST_STEP][PASSED] - uploadFile: File 'C:\Users\Public\Pictures\Sample Pictures\Koala.jpg' sent to object: 'Object Repository/Final Object Repo/New Registration - Registration Module Pages/Third Screen - Upload Supporting Doc- Preview/Upload File Adding'

2018-12-11 14:16:38 - [MESSAGE][PASSED] - File 'C:\Users\Public\Pictures\Sample Pictures\Koala.jpg' sent to object: 'Object Repository/Final Object Repo/New Registration - Registration Module Pages/Third Screen - Upload Supporting Doc- Preview/Upload File Adding'

2018-12-11 14:16:38 - [TEST_STEP][PASSED] - delay: Delayed 5 second(s)

2018-12-11 14:16:43 - [MESSAGE][PASSED] - Delayed 5 second(s)

2018-12-11 14:16:43 - [TEST_STEP][PASSED] - click: Object: 'Object Repository/Final Object Repo/New Registration - Registration Module Pages/Third Screen - Upload Supporting Doc- Preview/Inner Form Add Document Button' is clicked on

2018-12-11 14:16:43 - [MESSAGE][PASSED] - Object: 'Object Repository/Final Object Repo/New Registration - Registration Module Pages/Third Screen - Upload Supporting Doc- Preview/Inner Form Add Document Button' is clicked on

2018-12-11 14:16:43 - [TEST_STEP][PASSED] - delay: Delayed 3 second(s)

2018-12-11 14:16:46 - [MESSAGE][PASSED] - Delayed 3 second(s)

2018-12-11 14:16:46 - [TEST_STEP][PASSED] - click: Object: 'Object Repository/Final Object Repo/New Registration - Registration Module Pages/Third Screen - Upload Supporting Doc- Preview/Add Document Button' is clicked on

2018-12-11 14:16:47 - [MESSAGE][PASSED] - Object: 'Object Repository/Final Object Repo/New Registration - Registration Module Pages/Third Screen - Upload Supporting Doc- Preview/Add Document Button' is clicked on

2018-12-11 14:16:47 - [TEST_STEP][PASSED] - delay: Delayed 30 second(s)

2018-12-11 14:17:17 - [MESSAGE][PASSED] - Delayed 30 second(s)

2018-12-11 14:17:17 - [TEST_STEP][PASSED] - click: Object: 'Object Repository/Final Object Repo/New Registration - Registration Module Pages/Third Screen - Upload Supporting Doc- Preview/Supporting Doc Please Select Drop Down' is clicked on

2018-12-11 14:17:17 - [MESSAGE][PASSED] - Object: 'Object Repository/Final Object Repo/New Registration - Registration Module Pages/Third Screen - Upload Supporting Doc- Preview/Supporting Doc Please Select Drop Down' is clicked on

2018-12-11 14:17:17 - [TEST_STEP][PASSED] - delay: Delayed 4 second(s)

2018-12-11 14:17:21 - [MESSAGE][PASSED] - Delayed 4 second(s)

2018-12-11 14:17:21 - [TEST_STEP][PASSED] - click: Object: 'Object Repository/Final Object Repo/New Registration - Registration Module Pages/Third Screen - Upload Supporting Doc- Preview/Select to Upload Form 2' is clicked on

2018-12-11 14:17:21 - [MESSAGE][PASSED] - Object: 'Object Repository/Final Object Repo/New Registration - Registration Module Pages/Third Screen - Upload Supporting Doc- Preview/Select to Upload Form 2' is clicked on

2018-12-11 14:17:21 - [TEST_STEP][PASSED] - delay: Delayed 2 second(s)

2018-12-11 14:17:23 - [MESSAGE][PASSED] - Delayed 2 second(s)

2018-12-11 14:17:23 - [TEST_STEP][PASSED] - uploadFile: File 'C:\Users\Public\Pictures\Sample Pictures\Koala.jpg' sent to object: 'Object Repository/Final Object Repo/New Registration - Registration Module Pages/Third Screen - Upload Supporting Doc- Preview/Upload File Adding'

2018-12-11 14:17:23 - [MESSAGE][PASSED] - File 'C:\Users\Public\Pictures\Sample Pictures\Koala.jpg' sent to object: 'Object Repository/Final Object Repo/New Registration - Registration Module Pages/Third Screen - Upload Supporting Doc- Preview/Upload File Adding'

2018-12-11 14:17:23 - [TEST_STEP][PASSED] - click: Object: 'Object Repository/Final Object Repo/New Registration - Registration Module Pages/Third Screen - Upload Supporting Doc- Preview/Inner Form Add Document Button' is clicked on

2018-12-11 14:17:24 - [MESSAGE][PASSED] - Object: 'Object Repository/Final Object Repo/New Registration - Registration Module Pages/Third Screen - Upload Supporting Doc- Preview/Inner Form Add Document Button' is clicked on

2018-12-11 14:17:24 - [TEST_STEP][PASSED] - delay: Delayed 5 second(s)

2018-12-11 14:17:29 - [MESSAGE][PASSED] - Delayed 5 second(s)

2018-12-11 14:17:29 - [TEST_STEP][PASSED] - click: Object: 'Object Repository/Final Object Repo/New Registration - Registration Module Pages/Third Screen - Upload Supporting Doc- Preview/Add Document Button' is clicked on

2018-12-11 14:17:29 - [MESSAGE][PASSED] - Object: 'Object Repository/Final Object Repo/New Registration - Registration Module Pages/Third Screen - Upload Supporting Doc- Preview/Add Document Button' is clicked on

2018-12-11 14:17:29 - [TEST_STEP][PASSED] - delay: Delayed 30 second(s)

2018-12-11 14:17:59 - [MESSAGE][PASSED] - Delayed 30 second(s)

2018-12-11 14:17:59 - [TEST_STEP][PASSED] - click: Object: 'Object Repository/Final Object Repo/New Registration - Registration Module Pages/Third Screen - Upload Supporting Doc- Preview/Supporting Doc Please Select Drop Down' is clicked on

2018-12-11 14:17:59 - [MESSAGE][PASSED] - Object: 'Object Repository/Final Object Repo/New Registration - Registration Module Pages/Third Screen - Upload Supporting Doc- Preview/Supporting Doc Please Select Drop Down' is clicked on

2018-12-11 14:17:59 - [TEST_STEP][PASSED] - click: Object: 'Object Repository/Final Object Repo/New Registration - Registration Module Pages/Third Screen - Upload Supporting Doc- Preview/Select to Upload Borang SIP 1' is clicked on

2018-12-11 14:17:59 - [MESSAGE][PASSED] - Object: 'Object Repository/Final Object Repo/New Registration - Registration Module Pages/Third Screen - Upload Supporting Doc- Preview/Select to Upload Borang SIP 1' is clicked on

2018-12-11 14:17:59 - [TEST_STEP][PASSED] - delay: Delayed 2 second(s)

2018-12-11 14:18:01 - [MESSAGE][PASSED] - Delayed 2 second(s)

2018-12-11 14:18:01 - [TEST_STEP][PASSED] - uploadFile: File 'C:\Users\Public\Pictures\Sample Pictures\Koala.jpg' sent to object: 'Object Repository/Final Object Repo/New Registration - Registration Module Pages/Third Screen - Upload Supporting Doc- Preview/Upload File Adding'

2018-12-11 14:18:01 - [MESSAGE][PASSED] - File 'C:\Users\Public\Pictures\Sample Pictures\Koala.jpg' sent to object: 'Object Repository/Final Object Repo/New Registration - Registration Module Pages/Third Screen - Upload Supporting Doc- Preview/Upload File Adding'

2018-12-11 14:18:01 - [TEST_STEP][PASSED] - click: Object: 'Object Repository/Final Object Repo/New Registration - Registration Module Pages/Third Screen - Upload Supporting Doc- Preview/Inner Form Add Document Button' is clicked on

2018-12-11 14:18:01 - [MESSAGE][PASSED] - Object: 'Object Repository/Final Object Repo/New Registration - Registration Module Pages/Third Screen - Upload Supporting Doc- Preview/Inner Form Add Document Button' is clicked on

2018-12-11 14:18:01 - [TEST_STEP][PASSED] - delay: Delayed 5 second(s)

2018-12-11 14:18:06 - [MESSAGE][PASSED] - Delayed 5 second(s)

2018-12-11 14:18:06 - [TEST_STEP][PASSED] - click: Object: 'Object Repository/Final Object Repo/New Registration - Registration Module Pages/Third Screen - Upload Supporting Doc- Preview/Add Document Button' is clicked on

2018-12-11 14:18:07 - [MESSAGE][PASSED] - Object: 'Object Repository/Final Object Repo/New Registration - Registration Module Pages/Third Screen - Upload Supporting Doc- Preview/Add Document Button' is clicked on

2018-12-11 14:18:07 - [TEST_STEP][PASSED] - delay: Delayed 30 second(s)

2018-12-11 14:18:37 - [MESSAGE][PASSED] - Delayed 30 second(s)

2018-12-11 14:18:37 - [TEST_STEP][PASSED] - click: Object: 'Object Repository/Final Object Repo/New Registration - Registration Module Pages/Third Screen - Upload Supporting Doc- Preview/Supporting Doc Please Select Drop Down' is clicked on

2018-12-11 14:18:37 - [MESSAGE][PASSED] - Object: 'Object Repository/Final Object Repo/New Registration - Registration Module Pages/Third Screen - Upload Supporting Doc- Preview/Supporting Doc Please Select Drop Down' is clicked on

2018-12-11 14:18:37 - [TEST_STEP][PASSED] - delay: Delayed 3 second(s)

2018-12-11 14:18:40 - [MESSAGE][PASSED] - Delayed 3 second(s)

2018-12-11 14:18:40 - [TEST_STEP][PASSED] - click: Object: 'Object Repository/Final Object Repo/New Registration - Registration Module Pages/Third Screen - Upload Supporting Doc- Preview/Select to Upload Borang SIP 2' is clicked on

2018-12-11 14:18:40 - [MESSAGE][PASSED] - Object: 'Object Repository/Final Object Repo/New Registration - Registration Module Pages/Third Screen - Upload Supporting Doc- Preview/Select to Upload Borang SIP 2' is clicked on

2018-12-11 14:18:40 - [TEST_STEP][PASSED] - delay: Delayed 2 second(s)

2018-12-11 14:18:42 - [MESSAGE][PASSED] - Delayed 2 second(s)

2018-12-11 14:18:42 - [TEST_STEP][PASSED] - uploadFile: File 'C:\Users\Public\Pictures\Sample Pictures\Koala.jpg' sent to object: 'Object Repository/Final Object Repo/New Registration - Registration Module Pages/Third Screen - Upload Supporting Doc- Preview/Upload File Adding'

2018-12-11 14:18:42 - [MESSAGE][PASSED] - File 'C:\Users\Public\Pictures\Sample Pictures\Koala.jpg' sent to object: 'Object Repository/Final Object Repo/New Registration - Registration Module Pages/Third Screen - Upload Supporting Doc- Preview/Upload File Adding'

2018-12-11 14:18:42 - [TEST_STEP][PASSED] - delay: Delayed 5 second(s)

2018-12-11 14:18:47 - [MESSAGE][PASSED] - Delayed 5 second(s)

2018-12-11 14:18:47 - [TEST_STEP][PASSED] - click: Object: 'Object Repository/Final Object Repo/New Registration - Registration Module Pages/Third Screen - Upload Supporting Doc- Preview/Inner Form Add Document Button' is clicked on

2018-12-11 14:18:47 - [MESSAGE][PASSED] - Object: 'Object Repository/Final Object Repo/New Registration - Registration Module Pages/Third Screen - Upload Supporting Doc- Preview/Inner Form Add Document Button' is clicked on

2018-12-11 14:18:47 - [TEST_STEP][PASSED] - delay: Delayed 3 second(s)

2018-12-11 14:18:50 - [MESSAGE][PASSED] - Delayed 3 second(s)

2018-12-11 14:18:50 - [TEST_STEP][PASSED] - waitForElementClickable: Object 'Object Repository/Final Object Repo/New Registration - Registration Module Pages/Third Screen - Upload Supporting Doc- Preview/Save n Continue in Uploading Supporting Doc Page' is clickable

2018-12-11 14:18:51 - [MESSAGE][PASSED] - Object 'Object Repository/Final Object Repo/New Registration - Registration Module Pages/Third Screen - Upload Supporting Doc- Preview/Save n Continue in Uploading Supporting Doc Page' is clickable

2018-12-11 14:18:51 - [TEST_STEP][PASSED] - click: Object: 'Object Repository/Final Object Repo/New Registration - Registration Module Pages/Third Screen - Upload Supporting Doc- Preview/Save n Continue in Uploading Supporting Doc Page' is clicked on

2018-12-11 14:18:51 - [MESSAGE][PASSED] - Object: 'Object Repository/Final Object Repo/New Registration - Registration Module Pages/Third Screen - Upload Supporting Doc- Preview/Save n Continue in Uploading Supporting Doc Page' is clicked on

2018-12-11 14:18:51 - [MESSAGE][PASSED] - Call Test Case 'Test Cases/Final Aug 2018 - PKS Automation/Registration Module/New Registration/Flow of New Registration/Third Screen - Upload Supporting Doc - Preview' successfully

2018-12-11 14:18:51 - [TEST_STEP][PASSED] - setText: Text 'Tester' is set on object 'Object Repository/Final Object Repo/New Registration - Registration Module Pages/New Reg - OTC to RO/Special Case - All Related Objects/Employer Preview Name'

2018-12-11 14:18:56 - [MESSAGE][PASSED] - Text 'Tester' is set on object 'Object Repository/Final Object Repo/New Registration - Registration Module Pages/New Reg - OTC to RO/Special Case - All Related Objects/Employer Preview Name'

2018-12-11 14:18:56 - [TEST_STEP][PASSED] - click: Object: 'Object Repository/Final Object Repo/New Registration - Registration Module Pages/New Reg - OTC to RO/Special Case - All Related Objects/IC Type Drop Down' is clicked on

2018-12-11 14:18:56 - [MESSAGE][PASSED] - Object: 'Object Repository/Final Object Repo/New Registration - Registration Module Pages/New Reg - OTC to RO/Special Case - All Related Objects/IC Type Drop Down' is clicked on

2018-12-11 14:18:56 - [TEST_STEP][PASSED] - click: Object: 'Object Repository/Final Object Repo/New Registration - Registration Module Pages/New Reg - OTC to RO/Special Case - All Related Objects/Select to NRIC' is clicked on

2018-12-11 14:18:57 - [MESSAGE][PASSED] - Object: 'Object Repository/Final Object Repo/New Registration - Registration Module Pages/New Reg - OTC to RO/Special Case - All Related Objects/Select to NRIC' is clicked on

2018-12-11 14:18:57 - [TEST_STEP][PASSED] - setText: Text '133245561223' is set on object 'Object Repository/Final Object Repo/New Registration - Registration Module Pages/New Reg - OTC to RO/Special Case - All Related Objects/IC Value'

2018-12-11 14:18:57 - [MESSAGE][PASSED] - Text '133245561223' is set on object 'Object Repository/Final Object Repo/New Registration - Registration Module Pages/New Reg - OTC to RO/Special Case - All Related Objects/IC Value'

2018-12-11 14:18:57 - [TEST_STEP][PASSED] - setText: Text 'Auto' is set on object 'Object Repository/Final Object Repo/New Registration - Registration Module Pages/New Reg - OTC to RO/Special Case - All Related Objects/Designation'

2018-12-11 14:18:57 - [MESSAGE][PASSED] - Text 'Auto' is set on object 'Object Repository/Final Object Repo/New Registration - Registration Module Pages/New Reg - OTC to RO/Special Case - All Related Objects/Designation'

2018-12-11 14:18:57 - [TEST_STEP][PASSED] - callTestCase: Call Test Case 'Test Cases/Final Aug 2018 - PKS Automation/Registration Module/New Registration/Submit and Screenshot/Submit Registration and Screenshot' successfully

2018-12-11 14:18:57 - [TEST_CASE][PASSED] - Test Cases/Final Aug 2018 - PKS Automation/Registration Module/New Registration/Submit and Screenshot/Submit Registration and Screenshot: Test Cases/Final Aug 2018 - PKS Automation/Registration Module/New Registration/Submit and Screenshot/Submit Registration and Screenshot

2018-12-11 14:18:57 - [TEST_STEP][PASSED] - delay: Delayed 6 second(s)

2018-12-11 14:19:03 - [MESSAGE][PASSED] - Delayed 6 second(s)

2018-12-11 14:19:03 - [TEST_STEP][PASSED] - click: Object: 'Object Repository/Final Object Repo/New Registration - Registration Module Pages/Third Screen - Upload Supporting Doc- Preview/Preview Submit Button' is clicked on

2018-12-11 14:19:03 - [MESSAGE][PASSED] - Object: 'Object Repository/Final Object Repo/New Registration - Registration Module Pages/Third Screen - Upload Supporting Doc- Preview/Preview Submit Button' is clicked on

2018-12-11 14:19:03 - [TEST_STEP][PASSED] - delay: Delayed 2 second(s)

2018-12-11 14:19:05 - [MESSAGE][PASSED] - Delayed 2 second(s)

2018-12-11 14:19:05 - [TEST_STEP][PASSED] - click: Object: 'Object Repository/Final Object Repo/New Registration - Registration Module Pages/Third Screen - Upload Supporting Doc- Preview/Preview Submit - Confirm' is clicked on

2018-12-11 14:19:06 - [MESSAGE][PASSED] - Object: 'Object Repository/Final Object Repo/New Registration - Registration Module Pages/Third Screen - Upload Supporting Doc- Preview/Preview Submit - Confirm' is clicked on

2018-12-11 14:19:06 - [TEST_STEP][PASSED] - delay: Delayed 15 second(s)

2018-12-11 14:19:21 - [MESSAGE][PASSED] - Delayed 15 second(s)

2018-12-11 14:19:21 - [TEST_STEP][PASSED] - Statement - driver = com.kms.katalon.core.webui.driver.DriverFactory.getWebDriver(): null

2018-12-11 14:19:21 - [TEST_STEP][PASSED] - Statement - driver.manage().timeouts().implicitlyWait(10, SECONDS): null

2018-12-11 14:19:21 - [TEST_STEP][PASSED] - Statement - PresavePath = KatalonScreenshots: null

2018-12-11 14:19:21 - [TEST_STEP][PASSED] - Statement - pathPrefix = "C:\Users\Public\Pictures\Sample Pictures\Katalon Screenshots\Automate Ending Screen": null

2018-12-11 14:19:21 - [TEST_STEP][PASSED] - Statement - finalPath = <not implemented yet for class: org.codehaus.groovy.ast.expr.EmptyExpression>: null

2018-12-11 14:19:21 - [TEST_STEP][PASSED] - Statement - scrFile = driver.getScreenshotAs(FILE): null

2018-12-11 14:19:21 - [TEST_STEP][PASSED] - Statement - PreSaveFile = new java.io.File(PresavePath): null

2018-12-11 14:19:21 - [TEST_STEP][PASSED] - Statement - counter = 0: null

2018-12-11 14:19:21 - [TEST_STEP][PASSED] - Statement - If (PreSaveFile.exists()): null

2018-12-11 14:19:21 - [TEST_STEP][PASSED] - Statement - While (PreSaveFile.exists()): null

2018-12-11 14:19:21 - [TEST_STEP][PASSED] - Statement - counter = counter + 1: null

2018-12-11 14:19:21 - [TEST_STEP][PASSED] - Statement - PreSaveFile = new java.io.File(((pathPrefix + java.lang.Integer.toString(counter)) + .png)): null

2018-12-11 14:19:21 - [TEST_STEP][PASSED] - Statement - counter = counter + 1: null

2018-12-11 14:19:21 - [TEST_STEP][PASSED] - Statement - PreSaveFile = new java.io.File(((pathPrefix + java.lang.Integer.toString(counter)) + .png)): null

2018-12-11 14:19:21 - [TEST_STEP][PASSED] - Statement - counter = counter + 1: null

2018-12-11 14:19:21 - [TEST_STEP][PASSED] - Statement - PreSaveFile = new java.io.File(((pathPrefix + java.lang.Integer.toString(counter)) + .png)): null

2018-12-11 14:19:21 - [TEST_STEP][PASSED] - Statement - counter = counter + 1: null

2018-12-11 14:19:21 - [TEST_STEP][PASSED] - Statement - PreSaveFile = new java.io.File(((pathPrefix + java.lang.Integer.toString(counter)) + .png)): null

2018-12-11 14:19:21 - [TEST_STEP][PASSED] - Statement - counter = counter + 1: null

2018-12-11 14:19:21 - [TEST_STEP][PASSED] - Statement - PreSaveFile = new java.io.File(((pathPrefix + java.lang.Integer.toString(counter)) + .png)): null

2018-12-11 14:19:21 - [TEST_STEP][PASSED] - Statement - counter = counter + 1: null

2018-12-11 14:19:21 - [TEST_STEP][PASSED] - Statement - PreSaveFile = new java.io.File(((pathPrefix + java.lang.Integer.toString(counter)) + .png)): null

2018-12-11 14:19:21 - [TEST_STEP][PASSED] - Statement - counter = counter + 1: null

2018-12-11 14:19:21 - [TEST_STEP][PASSED] - Statement - PreSaveFile = new java.io.File(((pathPrefix + java.lang.Integer.toString(counter)) + .png)): null

2018-12-11 14:19:21 - [TEST_STEP][PASSED] - Statement - counter = counter + 1: null

2018-12-11 14:19:21 - [TEST_STEP][PASSED] - Statement - PreSaveFile = new java.io.File(((pathPrefix + java.lang.Integer.toString(counter)) + .png)): null

2018-12-11 14:19:21 - [TEST_STEP][PASSED] - Statement - counter = counter + 1: null

2018-12-11 14:19:21 - [TEST_STEP][PASSED] - Statement - PreSaveFile = new java.io.File(((pathPrefix + java.lang.Integer.toString(counter)) + .png)): null

2018-12-11 14:19:21 - [TEST_STEP][PASSED] - Statement - counter = counter + 1: null

2018-12-11 14:19:21 - [TEST_STEP][PASSED] - Statement - PreSaveFile = new java.io.File(((pathPrefix + java.lang.Integer.toString(counter)) + .png)): null

2018-12-11 14:19:21 - [TEST_STEP][PASSED] - Statement - counter = counter + 1: null

2018-12-11 14:19:21 - [TEST_STEP][PASSED] - Statement - PreSaveFile = new java.io.File(((pathPrefix + java.lang.Integer.toString(counter)) + .png)): null

2018-12-11 14:19:21 - [TEST_STEP][PASSED] - Statement - counter = counter + 1: null

2018-12-11 14:19:21 - [TEST_STEP][PASSED] - Statement - PreSaveFile = new java.io.File(((pathPrefix + java.lang.Integer.toString(counter)) + .png)): null

2018-12-11 14:19:21 - [TEST_STEP][PASSED] - Statement - counter = counter + 1: null

2018-12-11 14:19:21 - [TEST_STEP][PASSED] - Statement - PreSaveFile = new java.io.File(((pathPrefix + java.lang.Integer.toString(counter)) + .png)): null

2018-12-11 14:19:21 - [TEST_STEP][PASSED] - Statement - counter = counter + 1: null

2018-12-11 14:19:21 - [TEST_STEP][PASSED] - Statement - PreSaveFile = new java.io.File(((pathPrefix + java.lang.Integer.toString(counter)) + .png)): null

2018-12-11 14:19:21 - [TEST_STEP][PASSED] - Statement - counter = counter + 1: null

2018-12-11 14:19:21 - [TEST_STEP][PASSED] - Statement - PreSaveFile = new java.io.File(((pathPrefix + java.lang.Integer.toString(counter)) + .png)): null

2018-12-11 14:19:21 - [TEST_STEP][PASSED] - Statement - counter = counter + 1: null

2018-12-11 14:19:21 - [TEST_STEP][PASSED] - Statement - PreSaveFile = new java.io.File(((pathPrefix + java.lang.Integer.toString(counter)) + .png)): null

2018-12-11 14:19:21 - [TEST_STEP][PASSED] - Statement - counter = counter + 1: null

2018-12-11 14:19:21 - [TEST_STEP][PASSED] - Statement - PreSaveFile = new java.io.File(((pathPrefix + java.lang.Integer.toString(counter)) + .png)): null

2018-12-11 14:19:21 - [TEST_STEP][PASSED] - Statement - counter = counter + 1: null

2018-12-11 14:19:21 - [TEST_STEP][PASSED] - Statement - PreSaveFile = new java.io.File(((pathPrefix + java.lang.Integer.toString(counter)) + .png)): null

2018-12-11 14:19:21 - [TEST_STEP][PASSED] - Statement - counter = counter + 1: null

2018-12-11 14:19:21 - [TEST_STEP][PASSED] - Statement - PreSaveFile = new java.io.File(((pathPrefix + java.lang.Integer.toString(counter)) + .png)): null

2018-12-11 14:19:21 - [TEST_STEP][PASSED] - Statement - counter = counter + 1: null

2018-12-11 14:19:21 - [TEST_STEP][PASSED] - Statement - PreSaveFile = new java.io.File(((pathPrefix + java.lang.Integer.toString(counter)) + .png)): null

2018-12-11 14:19:21 - [TEST_STEP][PASSED] - Statement - counter = counter + 1: null

2018-12-11 14:19:21 - [TEST_STEP][PASSED] - Statement - PreSaveFile = new java.io.File(((pathPrefix + java.lang.Integer.toString(counter)) + .png)): null

2018-12-11 14:19:21 - [TEST_STEP][PASSED] - Statement - counter = counter + 1: null

2018-12-11 14:19:21 - [TEST_STEP][PASSED] - Statement - PreSaveFile = new java.io.File(((pathPrefix + java.lang.Integer.toString(counter)) + .png)): null

2018-12-11 14:19:21 - [TEST_STEP][PASSED] - Statement - counter = counter + 1: null

2018-12-11 14:19:21 - [TEST_STEP][PASSED] - Statement - PreSaveFile = new java.io.File(((pathPrefix + java.lang.Integer.toString(counter)) + .png)): null

2018-12-11 14:19:21 - [TEST_STEP][PASSED] - Statement - counter = counter + 1: null

2018-12-11 14:19:21 - [TEST_STEP][PASSED] - Statement - PreSaveFile = new java.io.File(((pathPrefix + java.lang.Integer.toString(counter)) + .png)): null

2018-12-11 14:19:21 - [TEST_STEP][PASSED] - Statement - counter = counter + 1: null

2018-12-11 14:19:21 - [TEST_STEP][PASSED] - Statement - PreSaveFile = new java.io.File(((pathPrefix + java.lang.Integer.toString(counter)) + .png)): null

2018-12-11 14:19:21 - [TEST_STEP][PASSED] - Statement - counter = counter + 1: null

2018-12-11 14:19:21 - [TEST_STEP][PASSED] - Statement - PreSaveFile = new java.io.File(((pathPrefix + java.lang.Integer.toString(counter)) + .png)): null

2018-12-11 14:19:21 - [TEST_STEP][PASSED] - Statement - counter = counter + 1: null

2018-12-11 14:19:21 - [TEST_STEP][PASSED] - Statement - PreSaveFile = new java.io.File(((pathPrefix + java.lang.Integer.toString(counter)) + .png)): null

2018-12-11 14:19:21 - [TEST_STEP][PASSED] - Statement - counter = counter + 1: null

2018-12-11 14:19:21 - [TEST_STEP][PASSED] - Statement - PreSaveFile = new java.io.File(((pathPrefix + java.lang.Integer.toString(counter)) + .png)): null

2018-12-11 14:19:21 - [TEST_STEP][PASSED] - Statement - counter = counter + 1: null

2018-12-11 14:19:21 - [TEST_STEP][PASSED] - Statement - PreSaveFile = new java.io.File(((pathPrefix + java.lang.Integer.toString(counter)) + .png)): null

2018-12-11 14:19:21 - [TEST_STEP][PASSED] - Statement - counter = counter + 1: null

2018-12-11 14:19:21 - [TEST_STEP][PASSED] - Statement - PreSaveFile = new java.io.File(((pathPrefix + java.lang.Integer.toString(counter)) + .png)): null

2018-12-11 14:19:21 - [TEST_STEP][PASSED] - Statement - counter = counter + 1: null

2018-12-11 14:19:21 - [TEST_STEP][PASSED] - Statement - PreSaveFile = new java.io.File(((pathPrefix + java.lang.Integer.toString(counter)) + .png)): null

2018-12-11 14:19:21 - [TEST_STEP][PASSED] - Statement - counter = counter + 1: null

2018-12-11 14:19:21 - [TEST_STEP][PASSED] - Statement - PreSaveFile = new java.io.File(((pathPrefix + java.lang.Integer.toString(counter)) + .png)): null

2018-12-11 14:19:21 - [TEST_STEP][PASSED] - Statement - counter = counter + 1: null

2018-12-11 14:19:21 - [TEST_STEP][PASSED] - Statement - PreSaveFile = new java.io.File(((pathPrefix + java.lang.Integer.toString(counter)) + .png)): null

2018-12-11 14:19:21 - [TEST_STEP][PASSED] - Statement - counter = counter + 1: null

2018-12-11 14:19:21 - [TEST_STEP][PASSED] - Statement - PreSaveFile = new java.io.File(((pathPrefix + java.lang.Integer.toString(counter)) + .png)): null

2018-12-11 14:19:21 - [TEST_STEP][PASSED] - Statement - counter = counter + 1: null

2018-12-11 14:19:21 - [TEST_STEP][PASSED] - Statement - PreSaveFile = new java.io.File(((pathPrefix + java.lang.Integer.toString(counter)) + .png)): null

2018-12-11 14:19:21 - [TEST_STEP][PASSED] - Statement - counter = counter + 1: null

2018-12-11 14:19:21 - [TEST_STEP][PASSED] - Statement - PreSaveFile = new java.io.File(((pathPrefix + java.lang.Integer.toString(counter)) + .png)): null

2018-12-11 14:19:21 - [TEST_STEP][PASSED] - Statement - counter = counter + 1: null

2018-12-11 14:19:21 - [TEST_STEP][PASSED] - Statement - PreSaveFile = new java.io.File(((pathPrefix + java.lang.Integer.toString(counter)) + .png)): null

2018-12-11 14:19:21 - [TEST_STEP][PASSED] - Statement - counter = counter + 1: null

2018-12-11 14:19:21 - [TEST_STEP][PASSED] - Statement - PreSaveFile = new java.io.File(((pathPrefix + java.lang.Integer.toString(counter)) + .png)): null

2018-12-11 14:19:21 - [TEST_STEP][PASSED] - Statement - counter = counter + 1: null

2018-12-11 14:19:21 - [TEST_STEP][PASSED] - Statement - PreSaveFile = new java.io.File(((pathPrefix + java.lang.Integer.toString(counter)) + .png)): null

2018-12-11 14:19:21 - [TEST_STEP][PASSED] - Statement - counter = counter + 1: null

2018-12-11 14:19:21 - [TEST_STEP][PASSED] - Statement - PreSaveFile = new java.io.File(((pathPrefix + java.lang.Integer.toString(counter)) + .png)): null

2018-12-11 14:19:21 - [TEST_STEP][PASSED] - Statement - counter = counter + 1: null

2018-12-11 14:19:21 - [TEST_STEP][PASSED] - Statement - PreSaveFile = new java.io.File(((pathPrefix + java.lang.Integer.toString(counter)) + .png)): null

2018-12-11 14:19:21 - [TEST_STEP][PASSED] - Statement - counter = counter + 1: null

2018-12-11 14:19:21 - [TEST_STEP][PASSED] - Statement - PreSaveFile = new java.io.File(((pathPrefix + java.lang.Integer.toString(counter)) + .png)): null

2018-12-11 14:19:21 - [TEST_STEP][PASSED] - Statement - counter = counter + 1: null

2018-12-11 14:19:21 - [TEST_STEP][PASSED] - Statement - PreSaveFile = new java.io.File(((pathPrefix + java.lang.Integer.toString(counter)) + .png)): null

2018-12-11 14:19:21 - [TEST_STEP][PASSED] - Statement - counter = counter + 1: null

2018-12-11 14:19:21 - [TEST_STEP][PASSED] - Statement - PreSaveFile = new java.io.File(((pathPrefix + java.lang.Integer.toString(counter)) + .png)): null

2018-12-11 14:19:21 - [TEST_STEP][PASSED] - Statement - counter = counter + 1: null

2018-12-11 14:19:21 - [TEST_STEP][PASSED] - Statement - PreSaveFile = new java.io.File(((pathPrefix + java.lang.Integer.toString(counter)) + .png)): null

2018-12-11 14:19:21 - [TEST_STEP][PASSED] - Statement - counter = counter + 1: null

2018-12-11 14:19:21 - [TEST_STEP][PASSED] - Statement - PreSaveFile = new java.io.File(((pathPrefix + java.lang.Integer.toString(counter)) + .png)): null

2018-12-11 14:19:21 - [TEST_STEP][PASSED] - Statement - counter = counter + 1: null

2018-12-11 14:19:21 - [TEST_STEP][PASSED] - Statement - PreSaveFile = new java.io.File(((pathPrefix + java.lang.Integer.toString(counter)) + .png)): null

2018-12-11 14:19:21 - [TEST_STEP][PASSED] - Statement - counter = counter + 1: null

2018-12-11 14:19:21 - [TEST_STEP][PASSED] - Statement - PreSaveFile = new java.io.File(((pathPrefix + java.lang.Integer.toString(counter)) + .png)): null

2018-12-11 14:19:21 - [TEST_STEP][PASSED] - Statement - counter = counter + 1: null

2018-12-11 14:19:21 - [TEST_STEP][PASSED] - Statement - PreSaveFile = new java.io.File(((pathPrefix + java.lang.Integer.toString(counter)) + .png)): null

2018-12-11 14:19:21 - [TEST_STEP][PASSED] - Statement - counter = counter + 1: null

2018-12-11 14:19:21 - [TEST_STEP][PASSED] - Statement - PreSaveFile = new java.io.File(((pathPrefix + java.lang.Integer.toString(counter)) + .png)): null

2018-12-11 14:19:21 - [TEST_STEP][PASSED] - Statement - counter = counter + 1: null

2018-12-11 14:19:21 - [TEST_STEP][PASSED] - Statement - PreSaveFile = new java.io.File(((pathPrefix + java.lang.Integer.toString(counter)) + .png)): null

2018-12-11 14:19:21 - [TEST_STEP][PASSED] - Statement - finalPath = pathPrefix + java.lang.Integer.toString(counter) + ".png": null

2018-12-11 14:19:21 - [TEST_STEP][PASSED] - Statement - SaveFile = new java.io.File(finalPath): null

2018-12-11 14:19:21 - [TEST_STEP][PASSED] - Statement - Try: null

2018-12-11 14:19:21 - [TEST_STEP][PASSED] - Statement - org.apache.commons.io.FileUtils.copyFile(scrFile, SaveFile): null

2018-12-11 14:19:21 - [TEST_STEP][PASSED] - Statement - out.println("file kept"): null

2018-12-11 14:19:21 - [TEST_STEP][PASSED] - delay: Delayed 10 second(s)

2018-12-11 14:19:31 - [MESSAGE][PASSED] - Delayed 10 second(s)

2018-12-11 14:19:31 - [MESSAGE][PASSED] - Call Test Case 'Test Cases/Final Aug 2018 - PKS Automation/Registration Module/New Registration/Submit and Screenshot/Submit Registration and Screenshot' successfully

2018-12-11 14:19:31 - [TEST_STEP][PASSED] - callTestCase: Call Test Case 'Test Cases/Final Aug 2018 - PKS Automation/Registration Module/Log Out/log out avoiding katalon tagging' successfully

2018-12-11 14:19:31 - [TEST_CASE][PASSED] - Test Cases/Final Aug 2018 - PKS Automation/Registration Module/Log Out/log out avoiding katalon tagging: Test Cases/Final Aug 2018 - PKS Automation/Registration Module/Log Out/log out avoiding katalon tagging

2018-12-11 14:19:31 - [TEST_STEP][PASSED] - navigateToUrl: Navigate to 'https://assist2-uat.perkeso.gov.my/c/portal/logout' successfully

2018-12-11 14:19:32 - [MESSAGE][PASSED] - Navigate to 'https://assist2-uat.perkeso.gov.my/c/portal/logout' successfully

2018-12-11 14:19:32 - [MESSAGE][PASSED] - Call Test Case 'Test Cases/Final Aug 2018 - PKS Automation/Registration Module/Log Out/log out avoiding katalon tagging' successfully

2018-12-11 14:19:32 - [TEST_STEP][PASSED] - callTestCase: Call Test Case 'Test Cases/Final Aug 2018 - PKS Automation/Common/Workflow Owner Finder' successfully

2018-12-11 14:19:32 - [TEST_CASE][PASSED] - Test Cases/Final Aug 2018 - PKS Automation/Common/Workflow Owner Finder: Test Cases/Final Aug 2018 - PKS Automation/Common/Workflow Owner Finder

2018-12-11 14:19:32 - [TEST_STEP][PASSED] - openBrowser: Browser is opened with url: ''

2018-12-11 14:19:32 - [MESSAGE][WARNING] - A browser is already opened. Closing browser and opening a new one

2018-12-11 14:19:38 - [MESSAGE][PASSED] - Browser is opened with url: ''

2018-12-11 14:19:38 - [TEST_STEP][PASSED] - navigateToUrl: Navigate to 'https://assist2-uat.perkeso.gov.my/login' successfully

2018-12-11 14:19:39 - [MESSAGE][PASSED] - Navigate to 'https://assist2-uat.perkeso.gov.my/login' successfully

2018-12-11 14:19:39 - [TEST_STEP][PASSED] - delay: Delayed 5 second(s)

2018-12-11 14:19:44 - [MESSAGE][PASSED] - Delayed 5 second(s)

2018-12-11 14:19:44 - [TEST_STEP][PASSED] - setText: Text 'test@liferay.com' is set on object 'Object Repository/Final Object Repo/Login Page/Internal User/Email Address'

2018-12-11 14:19:45 - [MESSAGE][PASSED] - Text 'test@liferay.com' is set on object 'Object Repository/Final Object Repo/Login Page/Internal User/Email Address'

2018-12-11 14:19:45 - [TEST_STEP][PASSED] - click: Object: 'Object Repository/Final Object Repo/Login Page/Internal User/Next Button' is clicked on

2018-12-11 14:19:45 - [MESSAGE][PASSED] - Object: 'Object Repository/Final Object Repo/Login Page/Internal User/Next Button' is clicked on

2018-12-11 14:19:45 - [TEST_STEP][PASSED] - delay: Delayed 2 second(s)

2018-12-11 14:19:47 - [MESSAGE][PASSED] - Delayed 2 second(s)

2018-12-11 14:19:47 - [TEST_STEP][PASSED] - setText: Text 'test' is set on object 'Object Repository/Final Object Repo/Login Page/Internal User/Password'

2018-12-11 14:19:47 - [MESSAGE][PASSED] - Text 'test' is set on object 'Object Repository/Final Object Repo/Login Page/Internal User/Password'

2018-12-11 14:19:47 - [TEST_STEP][PASSED] - delay: Delayed 2 second(s)

2018-12-11 14:19:49 - [MESSAGE][PASSED] - Delayed 2 second(s)

2018-12-11 14:19:49 - [TEST_STEP][PASSED] - click: Object: 'Object Repository/Final Object Repo/Login Page/Internal User/Login Button' is clicked on

2018-12-11 14:19:49 - [MESSAGE][PASSED] - Object: 'Object Repository/Final Object Repo/Login Page/Internal User/Login Button' is clicked on

2018-12-11 14:19:49 - [TEST_STEP][PASSED] - Statement - tester = com.kms.katalon.core.testobject.ObjectRepository.findTestObject(Final Object Repo/Landing Page/Select to English): Finding Test Object with id 'Object Repository/Final Object Repo/Landing Page/Select to English'

2018-12-11 14:19:49 - [TEST_STEP][PASSED] - Statement - Try: Delayed 2 second(s)

2018-12-11 14:19:49 - [TEST_STEP][PASSED] - Statement - Checker = com.kms.katalon.core.webui.keyword.WebUiBuiltInKeywords.verifyElementNotPresent(tester, 3): Web element with id: 'Object Repository/Final Object Repo/Landing Page/Select to English' located by 'By.xpath: //a[@class = 'taglib-language-list-text' and @lang = 'en-US' and (contains(text(), 'EN') or contains(., 'EN'))]' is not present after '3' second(s)

2018-12-11 14:19:52 - [MESSAGE][PASSED] - Web element with id: 'Object Repository/Final Object Repo/Landing Page/Select to English' located by 'By.xpath: //a[@class = 'taglib-language-list-text' and @lang = 'en-US' and (contains(text(), 'EN') or contains(., 'EN'))]' is not present after '3' second(s)

2018-12-11 14:19:52 - [TEST_STEP][PASSED] - Statement - If (Checker == false): null

2018-12-11 14:19:52 - [TEST_STEP][PASSED] - delay: Delayed 2 second(s)

2018-12-11 14:19:54 - [MESSAGE][PASSED] - Delayed 2 second(s)

2018-12-11 14:19:54 - [TEST_STEP][PASSED] - delay: Delayed 5 second(s)

2018-12-11 14:19:59 - [MESSAGE][PASSED] - Delayed 5 second(s)

2018-12-11 14:19:59 - [TEST_STEP][PASSED] - mouseOver: Object: 'Object Repository/Final Object Repo/Landing Page/WorkFlow Menu' is hovered

2018-12-11 14:19:59 - [MESSAGE][PASSED] - Object: 'Object Repository/Final Object Repo/Landing Page/WorkFlow Menu' is hovered

2018-12-11 14:19:59 - [TEST_STEP][PASSED] - delay: Delayed 2 second(s)

2018-12-11 14:20:01 - [MESSAGE][PASSED] - Delayed 2 second(s)

2018-12-11 14:20:01 - [TEST_STEP][PASSED] - click: Object: 'Object Repository/Final Object Repo/Landing Page/Select to Workflow Listing' is clicked on

2018-12-11 14:20:02 - [MESSAGE][PASSED] - Object: 'Object Repository/Final Object Repo/Landing Page/Select to Workflow Listing' is clicked on

2018-12-11 14:20:02 - [TEST_STEP][PASSED] - delay: Delayed 2 second(s)

2018-12-11 14:20:04 - [MESSAGE][PASSED] - Delayed 2 second(s)

2018-12-11 14:20:04 - [TEST_STEP][PASSED] - click: Object: 'Object Repository/Final Object Repo/WorkFlow Listing Page/Search Information - To Put Ref No' is clicked on

2018-12-11 14:20:04 - [MESSAGE][PASSED] - Object: 'Object Repository/Final Object Repo/WorkFlow Listing Page/Search Information - To Put Ref No' is clicked on

2018-12-11 14:20:04 - [TEST_STEP][PASSED] - delay: Delayed 2 second(s)

2018-12-11 14:20:06 - [MESSAGE][PASSED] - Delayed 2 second(s)

2018-12-11 14:20:06 - [TEST_STEP][PASSED] - callTestCase: Call Test Case 'Test Cases/Final Aug 2018 - PKS Automation/Common/Reference Number Getter' successfully

2018-12-11 14:20:06 - [TEST_CASE][PASSED] - Test Cases/Final Aug 2018 - PKS Automation/Common/Reference Number Getter: Test Cases/Final Aug 2018 - PKS Automation/Common/Reference Number Getter

2018-12-11 14:20:06 - [TEST_STEP][PASSED] - Statement - Try: null

2018-12-11 14:20:06 - [TEST_STEP][PASSED] - Statement - RefNo = new java.io.File(C://Users//Admin//Desktop//PKS//Automation Reference Point//KatalonReference.txt): null

2018-12-11 14:20:06 - [TEST_STEP][PASSED] - Statement - bufferread = new java.io.BufferedReader(new java.io.FileReader(RefNo)): null

2018-12-11 14:20:06 - [TEST_STEP][PASSED] - Statement - readedVal = bufferread.readLine(): null

2018-12-11 14:20:06 - [TEST_STEP][PASSED] - Statement - out.println(CaseReferenceNo): null

2018-12-11 14:20:06 - [TEST_STEP][PASSED] - Statement - out.println(readedVal): null

2018-12-11 14:20:06 - [TEST_STEP][PASSED] - Statement - CaseReferenceNo = "": null

2018-12-11 14:20:06 - [TEST_STEP][PASSED] - Statement - CaseReferenceNo = readedVal: null

2018-12-11 14:20:06 - [MESSAGE][PASSED] - Call Test Case 'Test Cases/Final Aug 2018 - PKS Automation/Common/Reference Number Getter' successfully

2018-12-11 14:20:06 - [TEST_STEP][PASSED] - setText: Text 'CRN12201800123173' is set on object 'Object Repository/Final Object Repo/WorkFlow Listing Page/Ref No Set Text'

2018-12-11 14:20:07 - [MESSAGE][PASSED] - Text 'CRN12201800123173' is set on object 'Object Repository/Final Object Repo/WorkFlow Listing Page/Ref No Set Text'

2018-12-11 14:20:07 - [TEST_STEP][PASSED] - delay: Delayed 2 second(s)

2018-12-11 14:20:09 - [MESSAGE][PASSED] - Delayed 2 second(s)

2018-12-11 14:20:09 - [TEST_STEP][PASSED] - click: Object: 'Object Repository/Final Object Repo/WorkFlow Listing Page/Search Ref No Search Button' is clicked on

2018-12-11 14:20:09 - [MESSAGE][PASSED] - Object: 'Object Repository/Final Object Repo/WorkFlow Listing Page/Search Ref No Search Button' is clicked on

2018-12-11 14:20:09 - [TEST_STEP][PASSED] - delay: Delayed 6 second(s)

2018-12-11 14:20:15 - [MESSAGE][PASSED] - Delayed 6 second(s)

2018-12-11 14:20:15 - [TEST_STEP][PASSED] - click: Object: 'Object Repository/Final Object Repo/WorkFlow Listing Page/Click Continue Tooltip' is clicked on

2018-12-11 14:20:16 - [MESSAGE][PASSED] - Object: 'Object Repository/Final Object Repo/WorkFlow Listing Page/Click Continue Tooltip' is clicked on

2018-12-11 14:20:16 - [TEST_STEP][PASSED] - delay: Delayed 5 second(s)

2018-12-11 14:20:21 - [MESSAGE][PASSED] - Delayed 5 second(s)

2018-12-11 14:20:21 - [TEST_STEP][PASSED] - doubleClick: Object: 'Object Repository/Final Object Repo/WorkFlow Listing Page/Workflow Found - Listing 1' is double clicked on

2018-12-11 14:20:21 - [MESSAGE][PASSED] - Object: 'Object Repository/Final Object Repo/WorkFlow Listing Page/Workflow Found - Listing 1' is double clicked on

2018-12-11 14:20:21 - [TEST_STEP][PASSED] - Statement - println(OwnerID): null

2018-12-11 14:20:21 - [TEST_STEP][PASSED] - Statement - OwnerID = com.kms.katalon.core.webui.keyword.WebUiBuiltInKeywords.getText(com.kms.katalon.core.testobject.ObjectRepository.findTestObject(Final Object Repo/WorkFlow Listing Page/Workflow Found - Listing 1), STOP_ON_FAILURE): Text of object 'Object Repository/Final Object Repo/WorkFlow Listing Page/Workflow Found - Listing 1' is: 'JOHORro2'

2018-12-11 14:20:21 - [MESSAGE][PASSED] - Text of object 'Object Repository/Final Object Repo/WorkFlow Listing Page/Workflow Found - Listing 1' is: 'JOHORro2'

2018-12-11 14:20:21 - [TEST_STEP][PASSED] - Statement - OwnerID = OwnerID.toLowerCase() + "@gmail.com": null

2018-12-11 14:20:21 - [TEST_STEP][PASSED] - Statement - println(OwnerID): null

2018-12-11 14:20:21 - [TEST_STEP][PASSED] - delay: Delayed 2 second(s)

2018-12-11 14:20:23 - [MESSAGE][PASSED] - Delayed 2 second(s)

2018-12-11 14:20:23 - [MESSAGE][PASSED] - Call Test Case 'Test Cases/Final Aug 2018 - PKS Automation/Common/Workflow Owner Finder' successfully

2018-12-11 14:20:23 - [TEST_STEP][PASSED] - callTestCase: Call Test Case 'Test Cases/Final Aug 2018 - PKS Automation/Registration Module/Log Out/log out avoiding katalon tagging' successfully

2018-12-11 14:20:23 - [TEST_CASE][PASSED] - Test Cases/Final Aug 2018 - PKS Automation/Registration Module/Log Out/log out avoiding katalon tagging: Test Cases/Final Aug 2018 - PKS Automation/Registration Module/Log Out/log out avoiding katalon tagging

2018-12-11 14:20:23 - [TEST_STEP][PASSED] - navigateToUrl: Navigate to 'https://assist2-uat.perkeso.gov.my/c/portal/logout' successfully

2018-12-11 14:20:24 - [MESSAGE][PASSED] - Navigate to 'https://assist2-uat.perkeso.gov.my/c/portal/logout' successfully

2018-12-11 14:20:24 - [MESSAGE][PASSED] - Call Test Case 'Test Cases/Final Aug 2018 - PKS Automation/Registration Module/Log Out/log out avoiding katalon tagging' successfully

2018-12-11 14:20:24 - [TEST_STEP][PASSED] - delay: Delayed 2 second(s)

2018-12-11 14:20:26 - [MESSAGE][PASSED] - Delayed 2 second(s)

2018-12-11 14:20:26 - [TEST_STEP][PASSED] - setText: Text 'johorro2@gmail.com' is set on object 'Object Repository/Final Object Repo/New Registration - Registration Module Pages/New Reg - OTC to RO/Special Case - All Related Objects/Email TextBox'

2018-12-11 14:20:27 - [MESSAGE][PASSED] - Text 'johorro2@gmail.com' is set on object 'Object Repository/Final Object Repo/New Registration - Registration Module Pages/New Reg - OTC to RO/Special Case - All Related Objects/Email TextBox'

2018-12-11 14:20:27 - [TEST_STEP][PASSED] - click: Object: 'Object Repository/Final Object Repo/New Registration - Registration Module Pages/New Reg - OTC to RO/Special Case - All Related Objects/Next Button' is clicked on

2018-12-11 14:20:27 - [MESSAGE][PASSED] - Object: 'Object Repository/Final Object Repo/New Registration - Registration Module Pages/New Reg - OTC to RO/Special Case - All Related Objects/Next Button' is clicked on

2018-12-11 14:20:27 - [TEST_STEP][PASSED] - delay: Delayed 2 second(s)

2018-12-11 14:20:29 - [MESSAGE][PASSED] - Delayed 2 second(s)

2018-12-11 14:20:29 - [TEST_STEP][PASSED] - setText: Text 'Test1@3456789' is set on object 'Object Repository/Final Object Repo/New Registration - Registration Module Pages/New Reg - OTC to RO/Special Case - All Related Objects/Password TextBox'

2018-12-11 14:20:29 - [MESSAGE][PASSED] - Text 'Test1@3456789' is set on object 'Object Repository/Final Object Repo/New Registration - Registration Module Pages/New Reg - OTC to RO/Special Case - All Related Objects/Password TextBox'

2018-12-11 14:20:29 - [TEST_STEP][PASSED] - delay: Delayed 2 second(s)

2018-12-11 14:20:31 - [MESSAGE][PASSED] - Delayed 2 second(s)

2018-12-11 14:20:31 - [TEST_STEP][PASSED] - click: Object: 'Object Repository/Final Object Repo/New Registration - Registration Module Pages/New Reg - OTC to RO/Special Case - All Related Objects/Login Button' is clicked on

2018-12-11 14:20:31 - [MESSAGE][PASSED] - Object: 'Object Repository/Final Object Repo/New Registration - Registration Module Pages/New Reg - OTC to RO/Special Case - All Related Objects/Login Button' is clicked on

2018-12-11 14:20:31 - [TEST_STEP][PASSED] - delay: Delayed 2 second(s)

2018-12-11 14:20:33 - [MESSAGE][PASSED] - Delayed 2 second(s)

2018-12-11 14:20:33 - [TEST_STEP][PASSED] - Statement - Try: null

2018-12-11 14:20:33 - [TEST_STEP][PASSED] - Statement - Checker = com.kms.katalon.core.webui.keyword.WebUiBuiltInKeywords.verifyElementNotPresent("Final Object Repo/Landing Page/Select to English", 3): null

2018-12-11 14:20:33 - [TEST_STEP][PASSED] - Statement - Catch (Exception e): null

2018-12-11 14:20:33 - [TEST_STEP][PASSED] - Statement - e.printStackTrace(): null

2018-12-11 14:20:33 - [TEST_STEP][PASSED] - click: Object: 'Object Repository/Final Object Repo/New Registration - Registration Module Pages/New Reg - OTC to RO/Special Case - All Related Objects/Expand to Search' is clicked on

2018-12-11 14:20:33 - [MESSAGE][PASSED] - Object: 'Object Repository/Final Object Repo/New Registration - Registration Module Pages/New Reg - OTC to RO/Special Case - All Related Objects/Expand to Search' is clicked on

2018-12-11 14:20:33 - [TEST_STEP][PASSED] - setText: Text 'CRN12201800123173' is set on object 'Object Repository/Final Object Repo/New Registration - Registration Module Pages/New Reg - OTC to RO/Special Case - All Related Objects/TextBox RefNo in Workbasket'

2018-12-11 14:20:34 - [MESSAGE][PASSED] - Text 'CRN12201800123173' is set on object 'Object Repository/Final Object Repo/New Registration - Registration Module Pages/New Reg - OTC to RO/Special Case - All Related Objects/TextBox RefNo in Workbasket'

2018-12-11 14:20:34 - [TEST_STEP][PASSED] - delay: Delayed 2 second(s)

2018-12-11 14:20:36 - [MESSAGE][PASSED] - Delayed 2 second(s)

2018-12-11 14:20:36 - [TEST_STEP][PASSED] - click: Object: 'Object Repository/Final Object Repo/New Registration - Registration Module Pages/New Reg - OTC to RO/Special Case - All Related Objects/Click Search' is clicked on

2018-12-11 14:20:36 - [MESSAGE][PASSED] - Object: 'Object Repository/Final Object Repo/New Registration - Registration Module Pages/New Reg - OTC to RO/Special Case - All Related Objects/Click Search' is clicked on

2018-12-11 14:20:36 - [TEST_STEP][PASSED] - delay: Delayed 2 second(s)

2018-12-11 14:20:38 - [MESSAGE][PASSED] - Delayed 2 second(s)

2018-12-11 14:20:38 - [TEST_STEP][PASSED] - click: Object: 'Object Repository/Final Object Repo/New Registration - Registration Module Pages/New Reg - OTC to RO/Special Case - All Related Objects/Click to Continue Workflow' is clicked on

2018-12-11 14:20:41 - [MESSAGE][PASSED] - Object: 'Object Repository/Final Object Repo/New Registration - Registration Module Pages/New Reg - OTC to RO/Special Case - All Related Objects/Click to Continue Workflow' is clicked on

2018-12-11 14:20:41 - [TEST_STEP][PASSED] - delay: Delayed 2 second(s)

2018-12-11 14:20:43 - [MESSAGE][PASSED] - Delayed 2 second(s)

2018-12-11 14:20:43 - [TEST_STEP][PASSED] - click: Object: 'Object Repository/Final Object Repo/New Registration - Registration Module Pages/New Reg - OTC to RO/Special Case - All Related Objects/Continue Button in verifying case' is clicked on

2018-12-11 14:20:45 - [MESSAGE][PASSED] - Object: 'Object Repository/Final Object Repo/New Registration - Registration Module Pages/New Reg - OTC to RO/Special Case - All Related Objects/Continue Button in verifying case' is clicked on

2018-12-11 14:20:45 - [TEST_STEP][PASSED] - delay: Delayed 2 second(s)

2018-12-11 14:20:47 - [MESSAGE][PASSED] - Delayed 2 second(s)

2018-12-11 14:20:47 - [TEST_STEP][PASSED] - click: Object: 'Object Repository/Final Object Repo/New Registration - Registration Module Pages/Form 1/Registered As a Branch - Yes' is clicked on

2018-12-11 14:20:47 - [MESSAGE][PASSED] - Object: 'Object Repository/Final Object Repo/New Registration - Registration Module Pages/Form 1/Registered As a Branch - Yes' is clicked on

2018-12-11 14:20:47 - [TEST_STEP][PASSED] - delay: Delayed 2 second(s)

2018-12-11 14:20:49 - [MESSAGE][PASSED] - Delayed 2 second(s)

2018-12-11 14:20:49 - [TEST_STEP][PASSED] - click: Object: 'Object Repository/Final Object Repo/New Registration - Registration Module Pages/New Reg - OTC to RO/Special Case - All Related Objects/Form 1 Save n Continue' is clicked on

2018-12-11 14:20:49 - [MESSAGE][PASSED] - Object: 'Object Repository/Final Object Repo/New Registration - Registration Module Pages/New Reg - OTC to RO/Special Case - All Related Objects/Form 1 Save n Continue' is clicked on

2018-12-11 14:20:49 - [TEST_STEP][PASSED] - delay: Delayed 2 second(s)

2018-12-11 14:20:51 - [MESSAGE][PASSED] - Delayed 2 second(s)

2018-12-11 14:20:51 - [TEST_STEP][PASSED] - click: Object: 'Object Repository/Final Object Repo/New Registration - Registration Module Pages/New Reg - OTC to RO/Special Case - All Related Objects/Form 2 Save n Continue' is clicked on

2018-12-11 14:20:52 - [MESSAGE][PASSED] - Object: 'Object Repository/Final Object Repo/New Registration - Registration Module Pages/New Reg - OTC to RO/Special Case - All Related Objects/Form 2 Save n Continue' is clicked on

2018-12-11 14:20:52 - [TEST_STEP][PASSED] - delay: Delayed 2 second(s)

2018-12-11 14:20:54 - [MESSAGE][PASSED] - Delayed 2 second(s)

2018-12-11 14:20:54 - [TEST_STEP][PASSED] - click: Object: 'Object Repository/Final Object Repo/New Registration - Registration Module Pages/New Reg - OTC to RO/Special Case - All Related Objects/Third Screen Save n Continue' is clicked on

2018-12-11 14:20:59 - [MESSAGE][PASSED] - Object: 'Object Repository/Final Object Repo/New Registration - Registration Module Pages/New Reg - OTC to RO/Special Case - All Related Objects/Third Screen Save n Continue' is clicked on

2018-12-11 14:20:59 - [TEST_STEP][PASSED] - delay: Delayed 5 second(s)

2018-12-11 14:21:04 - [MESSAGE][PASSED] - Delayed 5 second(s)

2018-12-11 14:21:04 - [TEST_STEP][PASSED] - setText: Text 'Query case' is set on object 'Object Repository/Final Object Repo/New Registration - Registration Module Pages/New Reg - OTC to RO/Special Case - All Related Objects/Query Text Input'

2018-12-11 14:21:04 - [MESSAGE][PASSED] - Text 'Query case' is set on object 'Object Repository/Final Object Repo/New Registration - Registration Module Pages/New Reg - OTC to RO/Special Case - All Related Objects/Query Text Input'

2018-12-11 14:21:04 - [TEST_STEP][PASSED] - delay: Delayed 5 second(s)

2018-12-11 14:21:09 - [MESSAGE][PASSED] - Delayed 5 second(s)

2018-12-11 14:21:09 - [TEST_STEP][PASSED] - click: Object: 'Object Repository/Final Object Repo/New Registration - Registration Module Pages/New Reg - OTC to RO/Special Case - All Related Objects/Upload Doc Page Save n Continue' is clicked on

2018-12-11 14:21:10 - [MESSAGE][PASSED] - Object: 'Object Repository/Final Object Repo/New Registration - Registration Module Pages/New Reg - OTC to RO/Special Case - All Related Objects/Upload Doc Page Save n Continue' is clicked on

2018-12-11 14:21:10 - [TEST_STEP][PASSED] - click: Object: 'Object Repository/Final Object Repo/New Registration - Registration Module Pages/New Reg - OTC to RO/Special Case - All Related Objects/Query Button' is clicked on

2018-12-11 14:21:14 - [MESSAGE][PASSED] - Object: 'Object Repository/Final Object Repo/New Registration - Registration Module Pages/New Reg - OTC to RO/Special Case - All Related Objects/Query Button' is clicked on

2018-12-11 14:21:14 - [TEST_STEP][PASSED] - click: Object: 'Object Repository/Final Object Repo/New Registration - Registration Module Pages/New Reg - OTC to RO/Special Case - All Related Objects/Confirm to Query' is clicked on

2018-12-11 14:21:15 - [MESSAGE][PASSED] - Object: 'Object Repository/Final Object Repo/New Registration - Registration Module Pages/New Reg - OTC to RO/Special Case - All Related Objects/Confirm to Query' is clicked on

2018-12-11 14:21:15 - [TEST_STEP][PASSED] - callTestCase: Call Test Case 'Test Cases/Final Aug 2018 - PKS Automation/Registration Module/Log Out/log out avoiding katalon tagging' successfully

2018-12-11 14:21:15 - [TEST_CASE][PASSED] - Test Cases/Final Aug 2018 - PKS Automation/Registration Module/Log Out/log out avoiding katalon tagging: Test Cases/Final Aug 2018 - PKS Automation/Registration Module/Log Out/log out avoiding katalon tagging

2018-12-11 14:21:15 - [TEST_STEP][PASSED] - navigateToUrl: Navigate to 'https://assist2-uat.perkeso.gov.my/c/portal/logout' successfully

2018-12-11 14:21:22 - [MESSAGE][PASSED] - Navigate to 'https://assist2-uat.perkeso.gov.my/c/portal/logout' successfully

2018-12-11 14:21:22 - [MESSAGE][PASSED] - Call Test Case 'Test Cases/Final Aug 2018 - PKS Automation/Registration Module/Log Out/log out avoiding katalon tagging' successfully

2018-12-11 14:21:22 - [TEST_STEP][PASSED] - delay: Delayed 2 second(s)

2018-12-11 14:21:24 - [MESSAGE][PASSED] - Delayed 2 second(s)

2018-12-11 14:21:24 - [TEST_STEP][PASSED] - setText: Text 'klotc2@gmail.com' is set on object 'Object Repository/Final Object Repo/Login Page/Internal User/Email Address'

2018-12-11 14:21:24 - [MESSAGE][PASSED] - Text 'klotc2@gmail.com' is set on object 'Object Repository/Final Object Repo/Login Page/Internal User/Email Address'

2018-12-11 14:21:24 - [TEST_STEP][PASSED] - click: Object: 'Object Repository/Final Object Repo/Login Page/Internal User/Next Button' is clicked on

2018-12-11 14:21:24 - [MESSAGE][PASSED] - Object: 'Object Repository/Final Object Repo/Login Page/Internal User/Next Button' is clicked on

2018-12-11 14:21:24 - [TEST_STEP][PASSED] - delay: Delayed 2 second(s)

2018-12-11 14:21:26 - [MESSAGE][PASSED] - Delayed 2 second(s)

2018-12-11 14:21:26 - [TEST_STEP][PASSED] - setText: Text 'Test1@3456789' is set on object 'Object Repository/Final Object Repo/Login Page/Internal User/Password'

2018-12-11 14:21:27 - [MESSAGE][PASSED] - Text 'Test1@3456789' is set on object 'Object Repository/Final Object Repo/Login Page/Internal User/Password'

2018-12-11 14:21:27 - [TEST_STEP][PASSED] - delay: Delayed 2 second(s)

2018-12-11 14:21:29 - [MESSAGE][PASSED] - Delayed 2 second(s)

2018-12-11 14:21:29 - [TEST_STEP][PASSED] - click: Object: 'Object Repository/Final Object Repo/Login Page/Internal User/Login Button' is clicked on

2018-12-11 14:21:29 - [MESSAGE][PASSED] - Object: 'Object Repository/Final Object Repo/Login Page/Internal User/Login Button' is clicked on

2018-12-11 14:21:29 - [TEST_STEP][PASSED] - delay: Delayed 2 second(s)

2018-12-11 14:21:31 - [MESSAGE][PASSED] - Delayed 2 second(s)

2018-12-11 14:21:31 - [TEST_STEP][PASSED] - Statement - Try: null

2018-12-11 14:21:31 - [TEST_STEP][PASSED] - Statement - Checker = com.kms.katalon.core.webui.keyword.WebUiBuiltInKeywords.verifyElementNotPresent("PKS_SIP_Updated_RegModule/Attempt/Page_MyASSIST - ASSIST/Select to English", 3): null

2018-12-11 14:21:31 - [TEST_STEP][PASSED] - Statement - Catch (Exception e): null

2018-12-11 14:21:31 - [TEST_STEP][PASSED] - Statement - e.printStackTrace(): null

2018-12-11 14:21:31 - [TEST_STEP][PASSED] - delay: Delayed 4 second(s)

2018-12-11 14:21:35 - [MESSAGE][PASSED] - Delayed 4 second(s)

2018-12-11 14:21:35 - [TEST_STEP][PASSED] - click: Object: 'Object Repository/Final Object Repo/Landing Page/My Sites Drop Down' is clicked on

2018-12-11 14:21:35 - [MESSAGE][PASSED] - Object: 'Object Repository/Final Object Repo/Landing Page/My Sites Drop Down' is clicked on

2018-12-11 14:21:35 - [TEST_STEP][PASSED] - click: Object: 'Object Repository/Final Object Repo/Landing Page/Select to Registration Module' is clicked on

2018-12-11 14:21:36 - [MESSAGE][PASSED] - Object: 'Object Repository/Final Object Repo/Landing Page/Select to Registration Module' is clicked on

2018-12-11 14:21:36 - [TEST_STEP][PASSED] - delay: Delayed 2 second(s)

2018-12-11 14:21:38 - [MESSAGE][PASSED] - Delayed 2 second(s)

2018-12-11 14:21:38 - [TEST_STEP][PASSED] - mouseOver: Object: 'Object Repository/Final Object Repo/New Registration - Registration Module Pages/New Reg - OTC to RO/Special Case - All Related Objects/Hover Over Search Drop Down' is hovered

2018-12-11 14:21:38 - [MESSAGE][PASSED] - Object: 'Object Repository/Final Object Repo/New Registration - Registration Module Pages/New Reg - OTC to RO/Special Case - All Related Objects/Hover Over Search Drop Down' is hovered

2018-12-11 14:21:38 - [TEST_STEP][PASSED] - click: Object: 'Object Repository/Final Object Repo/New Registration - Registration Module Pages/New Reg - OTC to RO/Special Case - All Related Objects/Select Search Pending Case' is clicked on

2018-12-11 14:21:39 - [MESSAGE][PASSED] - Object: 'Object Repository/Final Object Repo/New Registration - Registration Module Pages/New Reg - OTC to RO/Special Case - All Related Objects/Select Search Pending Case' is clicked on

2018-12-11 14:21:39 - [TEST_STEP][PASSED] - click: Object: 'Object Repository/Final Object Repo/New Registration - Registration Module Pages/New Reg - OTC to RO/Special Case - All Related Objects/Select Searching Method (Employer Code)' is clicked on

2018-12-11 14:21:39 - [MESSAGE][PASSED] - Object: 'Object Repository/Final Object Repo/New Registration - Registration Module Pages/New Reg - OTC to RO/Special Case - All Related Objects/Select Searching Method (Employer Code)' is clicked on

2018-12-11 14:21:39 - [TEST_STEP][PASSED] - click: Object: 'Object Repository/Final Object Repo/New Registration - Registration Module Pages/New Reg - OTC to RO/Special Case - All Related Objects/Select Searching Method to Reference ID' is clicked on

2018-12-11 14:21:39 - [MESSAGE][PASSED] - Object: 'Object Repository/Final Object Repo/New Registration - Registration Module Pages/New Reg - OTC to RO/Special Case - All Related Objects/Select Searching Method to Reference ID' is clicked on

2018-12-11 14:21:39 - [TEST_STEP][PASSED] - setText: Text 'CRN12201800123173' is set on object 'Object Repository/Final Object Repo/New Registration - Registration Module Pages/New Reg - OTC to RO/Special Case - All Related Objects/Pending Case Ref NO'

2018-12-11 14:21:40 - [MESSAGE][PASSED] - Text 'CRN12201800123173' is set on object 'Object Repository/Final Object Repo/New Registration - Registration Module Pages/New Reg - OTC to RO/Special Case - All Related Objects/Pending Case Ref NO'

2018-12-11 14:21:40 - [TEST_STEP][PASSED] - click: Object: 'Object Repository/Final Object Repo/New Registration - Registration Module Pages/New Reg - OTC to RO/Special Case - All Related Objects/Search Pending Case Based on Ref No' is clicked on

2018-12-11 14:21:40 - [MESSAGE][PASSED] - Object: 'Object Repository/Final Object Repo/New Registration - Registration Module Pages/New Reg - OTC to RO/Special Case - All Related Objects/Search Pending Case Based on Ref No' is clicked on

2018-12-11 14:21:40 - [TEST_STEP][PASSED] - click: Object: 'Object Repository/Final Object Repo/New Registration - Registration Module Pages/New Reg - OTC to RO/Special Case - All Related Objects/Action Button after found case' is clicked on

2018-12-11 14:21:43 - [MESSAGE][PASSED] - Object: 'Object Repository/Final Object Repo/New Registration - Registration Module Pages/New Reg - OTC to RO/Special Case - All Related Objects/Action Button after found case' is clicked on

2018-12-11 14:21:43 - [TEST_STEP][PASSED] - click: Object: 'Object Repository/Final Object Repo/New Registration - Registration Module Pages/New Reg - OTC to RO/Special Case - All Related Objects/Next Button in Pending Case Form 1' is clicked on

2018-12-11 14:21:44 - [MESSAGE][PASSED] - Object: 'Object Repository/Final Object Repo/New Registration - Registration Module Pages/New Reg - OTC to RO/Special Case - All Related Objects/Next Button in Pending Case Form 1' is clicked on

2018-12-11 14:21:44 - [TEST_STEP][PASSED] - click: Object: 'Object Repository/Final Object Repo/New Registration - Registration Module Pages/New Reg - OTC to RO/Special Case - All Related Objects/Next Button in Pending Case Form 2' is clicked on

2018-12-11 14:21:45 - [MESSAGE][PASSED] - Object: 'Object Repository/Final Object Repo/New Registration - Registration Module Pages/New Reg - OTC to RO/Special Case - All Related Objects/Next Button in Pending Case Form 2' is clicked on

2018-12-11 14:21:45 - [TEST_STEP][PASSED] - click: Object: 'Object Repository/Final Object Repo/New Registration - Registration Module Pages/New Reg - OTC to RO/Special Case - All Related Objects/Next Button in Third Screen' is clicked on

2018-12-11 14:21:48 - [MESSAGE][PASSED] - Object: 'Object Repository/Final Object Repo/New Registration - Registration Module Pages/New Reg - OTC to RO/Special Case - All Related Objects/Next Button in Third Screen' is clicked on

2018-12-11 14:21:48 - [TEST_STEP][PASSED] - click: Object: 'Object Repository/Final Object Repo/New Registration - Registration Module Pages/New Reg - OTC to RO/Special Case - All Related Objects/Add Document for Pending Case' is clicked on

2018-12-11 14:21:48 - [MESSAGE][PASSED] - Object: 'Object Repository/Final Object Repo/New Registration - Registration Module Pages/New Reg - OTC to RO/Special Case - All Related Objects/Add Document for Pending Case' is clicked on

2018-12-11 14:21:48 - [TEST_STEP][PASSED] - click: Object: 'Object Repository/Final Object Repo/New Registration - Registration Module Pages/New Reg - OTC to RO/Special Case - All Related Objects/Upload Pending Doc - Please Select' is clicked on

2018-12-11 14:21:52 - [MESSAGE][PASSED] - Object: 'Object Repository/Final Object Repo/New Registration - Registration Module Pages/New Reg - OTC to RO/Special Case - All Related Objects/Upload Pending Doc - Please Select' is clicked on

2018-12-11 14:21:52 - [TEST_STEP][PASSED] - click: Object: 'Object Repository/Final Object Repo/New Registration - Registration Module Pages/New Reg - OTC to RO/Special Case - All Related Objects/Select to Others to Upload' is clicked on

2018-12-11 14:21:52 - [MESSAGE][PASSED] - Object: 'Object Repository/Final Object Repo/New Registration - Registration Module Pages/New Reg - OTC to RO/Special Case - All Related Objects/Select to Others to Upload' is clicked on

2018-12-11 14:21:52 - [TEST_STEP][PASSED] - uploadFile: File 'C:\Users\Public\Pictures\Sample Pictures\Koala.jpg' sent to object: 'Object Repository/Final Object Repo/New Registration - Registration Module Pages/New Reg - OTC to RO/Special Case - All Related Objects/Uploading Pending Case Action'

2018-12-11 14:21:52 - [MESSAGE][PASSED] - File 'C:\Users\Public\Pictures\Sample Pictures\Koala.jpg' sent to object: 'Object Repository/Final Object Repo/New Registration - Registration Module Pages/New Reg - OTC to RO/Special Case - All Related Objects/Uploading Pending Case Action'

2018-12-11 14:21:52 - [TEST_STEP][PASSED] - click: Object: 'Object Repository/Final Object Repo/New Registration - Registration Module Pages/New Reg - OTC to RO/Special Case - All Related Objects/Inner form Add Document Button Pending Case' is clicked on

2018-12-11 14:21:52 - [MESSAGE][PASSED] - Object: 'Object Repository/Final Object Repo/New Registration - Registration Module Pages/New Reg - OTC to RO/Special Case - All Related Objects/Inner form Add Document Button Pending Case' is clicked on

2018-12-11 14:21:52 - [TEST_STEP][PASSED] - click: Object: 'Object Repository/Final Object Repo/New Registration - Registration Module Pages/New Reg - OTC to RO/Special Case - All Related Objects/Pending Case Exit' is clicked on

2018-12-11 14:21:57 - [MESSAGE][PASSED] - Object: 'Object Repository/Final Object Repo/New Registration - Registration Module Pages/New Reg - OTC to RO/Special Case - All Related Objects/Pending Case Exit' is clicked on

2018-12-11 14:21:57 - [TEST_STEP][PASSED] - callTestCase: Call Test Case 'Test Cases/Final Aug 2018 - PKS Automation/Registration Module/Log Out/log out avoiding katalon tagging' successfully

2018-12-11 14:21:57 - [TEST_CASE][PASSED] - Test Cases/Final Aug 2018 - PKS Automation/Registration Module/Log Out/log out avoiding katalon tagging: Test Cases/Final Aug 2018 - PKS Automation/Registration Module/Log Out/log out avoiding katalon tagging

2018-12-11 14:21:57 - [TEST_STEP][PASSED] - navigateToUrl: Navigate to 'https://assist2-uat.perkeso.gov.my/c/portal/logout' successfully

2018-12-11 14:21:58 - [MESSAGE][PASSED] - Navigate to 'https://assist2-uat.perkeso.gov.my/c/portal/logout' successfully

2018-12-11 14:21:58 - [MESSAGE][PASSED] - Call Test Case 'Test Cases/Final Aug 2018 - PKS Automation/Registration Module/Log Out/log out avoiding katalon tagging' successfully

2018-12-11 14:21:58 - [TEST_STEP][PASSED] - callTestCase: Call Test Case 'Test Cases/Final Aug 2018 - PKS Automation/Common/Workflow Owner Finder' successfully

2018-12-11 14:21:58 - [TEST_CASE][PASSED] - Test Cases/Final Aug 2018 - PKS Automation/Common/Workflow Owner Finder: Test Cases/Final Aug 2018 - PKS Automation/Common/Workflow Owner Finder

2018-12-11 14:21:58 - [TEST_STEP][PASSED] - openBrowser: Browser is opened with url: ''

2018-12-11 14:21:58 - [MESSAGE][WARNING] - A browser is already opened. Closing browser and opening a new one

2018-12-11 14:22:02 - [MESSAGE][PASSED] - Browser is opened with url: ''

2018-12-11 14:22:02 - [TEST_STEP][PASSED] - navigateToUrl: Navigate to 'https://assist2-uat.perkeso.gov.my/login' successfully

2018-12-11 14:22:04 - [MESSAGE][PASSED] - Navigate to 'https://assist2-uat.perkeso.gov.my/login' successfully

2018-12-11 14:22:04 - [TEST_STEP][PASSED] - delay: Delayed 5 second(s)

2018-12-11 14:22:09 - [MESSAGE][PASSED] - Delayed 5 second(s)

2018-12-11 14:22:09 - [TEST_STEP][PASSED] - setText: Text 'test@liferay.com' is set on object 'Object Repository/Final Object Repo/Login Page/Internal User/Email Address'

2018-12-11 14:22:09 - [MESSAGE][PASSED] - Text 'test@liferay.com' is set on object 'Object Repository/Final Object Repo/Login Page/Internal User/Email Address'

2018-12-11 14:22:09 - [TEST_STEP][PASSED] - click: Object: 'Object Repository/Final Object Repo/Login Page/Internal User/Next Button' is clicked on

2018-12-11 14:22:09 - [MESSAGE][PASSED] - Object: 'Object Repository/Final Object Repo/Login Page/Internal User/Next Button' is clicked on

2018-12-11 14:22:09 - [TEST_STEP][PASSED] - delay: Delayed 2 second(s)

2018-12-11 14:22:11 - [MESSAGE][PASSED] - Delayed 2 second(s)

2018-12-11 14:22:11 - [TEST_STEP][PASSED] - setText: Text 'test' is set on object 'Object Repository/Final Object Repo/Login Page/Internal User/Password'

2018-12-11 14:22:11 - [MESSAGE][PASSED] - Text 'test' is set on object 'Object Repository/Final Object Repo/Login Page/Internal User/Password'

2018-12-11 14:22:11 - [TEST_STEP][PASSED] - delay: Delayed 2 second(s)

2018-12-11 14:22:13 - [MESSAGE][PASSED] - Delayed 2 second(s)

2018-12-11 14:22:13 - [TEST_STEP][PASSED] - click: Object: 'Object Repository/Final Object Repo/Login Page/Internal User/Login Button' is clicked on

2018-12-11 14:22:14 - [MESSAGE][PASSED] - Object: 'Object Repository/Final Object Repo/Login Page/Internal User/Login Button' is clicked on

2018-12-11 14:22:14 - [TEST_STEP][PASSED] - Statement - tester = com.kms.katalon.core.testobject.ObjectRepository.findTestObject(Final Object Repo/Landing Page/Select to English): Finding Test Object with id 'Object Repository/Final Object Repo/Landing Page/Select to English'

2018-12-11 14:22:14 - [TEST_STEP][PASSED] - Statement - Try: Delayed 2 second(s)

2018-12-11 14:22:14 - [TEST_STEP][PASSED] - Statement - Checker = com.kms.katalon.core.webui.keyword.WebUiBuiltInKeywords.verifyElementNotPresent(tester, 3): Web element with id: 'Object Repository/Final Object Repo/Landing Page/Select to English' located by 'By.xpath: //a[@class = 'taglib-language-list-text' and @lang = 'en-US' and (contains(text(), 'EN') or contains(., 'EN'))]' is not present after '3' second(s)

2018-12-11 14:22:16 - [MESSAGE][PASSED] - Web element with id: 'Object Repository/Final Object Repo/Landing Page/Select to English' located by 'By.xpath: //a[@class = 'taglib-language-list-text' and @lang = 'en-US' and (contains(text(), 'EN') or contains(., 'EN'))]' is not present after '3' second(s)

2018-12-11 14:22:16 - [TEST_STEP][PASSED] - Statement - If (Checker == false): null

2018-12-11 14:22:16 - [TEST_STEP][PASSED] - delay: Delayed 2 second(s)

2018-12-11 14:22:18 - [MESSAGE][PASSED] - Delayed 2 second(s)

2018-12-11 14:22:18 - [TEST_STEP][PASSED] - delay: Delayed 5 second(s)

2018-12-11 14:22:23 - [MESSAGE][PASSED] - Delayed 5 second(s)

2018-12-11 14:22:23 - [TEST_STEP][PASSED] - mouseOver: Object: 'Object Repository/Final Object Repo/Landing Page/WorkFlow Menu' is hovered

2018-12-11 14:22:23 - [MESSAGE][PASSED] - Object: 'Object Repository/Final Object Repo/Landing Page/WorkFlow Menu' is hovered

2018-12-11 14:22:23 - [TEST_STEP][PASSED] - delay: Delayed 2 second(s)

2018-12-11 14:22:25 - [MESSAGE][PASSED] - Delayed 2 second(s)

2018-12-11 14:22:25 - [TEST_STEP][PASSED] - click: Object: 'Object Repository/Final Object Repo/Landing Page/Select to Workflow Listing' is clicked on

2018-12-11 14:22:26 - [MESSAGE][PASSED] - Object: 'Object Repository/Final Object Repo/Landing Page/Select to Workflow Listing' is clicked on

2018-12-11 14:22:26 - [TEST_STEP][PASSED] - delay: Delayed 2 second(s)

2018-12-11 14:22:28 - [MESSAGE][PASSED] - Delayed 2 second(s)

2018-12-11 14:22:28 - [TEST_STEP][PASSED] - click: Object: 'Object Repository/Final Object Repo/WorkFlow Listing Page/Search Information - To Put Ref No' is clicked on

2018-12-11 14:22:28 - [MESSAGE][PASSED] - Object: 'Object Repository/Final Object Repo/WorkFlow Listing Page/Search Information - To Put Ref No' is clicked on

2018-12-11 14:22:28 - [TEST_STEP][PASSED] - delay: Delayed 2 second(s)

2018-12-11 14:22:30 - [MESSAGE][PASSED] - Delayed 2 second(s)

2018-12-11 14:22:30 - [TEST_STEP][PASSED] - callTestCase: Call Test Case 'Test Cases/Final Aug 2018 - PKS Automation/Common/Reference Number Getter' successfully

2018-12-11 14:22:30 - [TEST_CASE][PASSED] - Test Cases/Final Aug 2018 - PKS Automation/Common/Reference Number Getter: Test Cases/Final Aug 2018 - PKS Automation/Common/Reference Number Getter

2018-12-11 14:22:30 - [TEST_STEP][PASSED] - Statement - Try: null

2018-12-11 14:22:30 - [TEST_STEP][PASSED] - Statement - RefNo = new java.io.File(C://Users//Admin//Desktop//PKS//Automation Reference Point//KatalonReference.txt): null

2018-12-11 14:22:30 - [TEST_STEP][PASSED] - Statement - bufferread = new java.io.BufferedReader(new java.io.FileReader(RefNo)): null

2018-12-11 14:22:30 - [TEST_STEP][PASSED] - Statement - readedVal = bufferread.readLine(): null

2018-12-11 14:22:30 - [TEST_STEP][PASSED] - Statement - out.println(CaseReferenceNo): null

2018-12-11 14:22:30 - [TEST_STEP][PASSED] - Statement - out.println(readedVal): null

2018-12-11 14:22:30 - [TEST_STEP][PASSED] - Statement - CaseReferenceNo = "": null

2018-12-11 14:22:30 - [TEST_STEP][PASSED] - Statement - CaseReferenceNo = readedVal: null

2018-12-11 14:22:30 - [MESSAGE][PASSED] - Call Test Case 'Test Cases/Final Aug 2018 - PKS Automation/Common/Reference Number Getter' successfully

2018-12-11 14:22:30 - [TEST_STEP][PASSED] - setText: Text 'CRN12201800123173' is set on object 'Object Repository/Final Object Repo/WorkFlow Listing Page/Ref No Set Text'

2018-12-11 14:22:31 - [MESSAGE][PASSED] - Text 'CRN12201800123173' is set on object 'Object Repository/Final Object Repo/WorkFlow Listing Page/Ref No Set Text'

2018-12-11 14:22:31 - [TEST_STEP][PASSED] - delay: Delayed 2 second(s)

2018-12-11 14:22:33 - [MESSAGE][PASSED] - Delayed 2 second(s)

2018-12-11 14:22:33 - [TEST_STEP][PASSED] - click: Object: 'Object Repository/Final Object Repo/WorkFlow Listing Page/Search Ref No Search Button' is clicked on

2018-12-11 14:22:33 - [MESSAGE][PASSED] - Object: 'Object Repository/Final Object Repo/WorkFlow Listing Page/Search Ref No Search Button' is clicked on

2018-12-11 14:22:33 - [TEST_STEP][PASSED] - delay: Delayed 6 second(s)

2018-12-11 14:22:39 - [MESSAGE][PASSED] - Delayed 6 second(s)

2018-12-11 14:22:39 - [TEST_STEP][PASSED] - click: Object: 'Object Repository/Final Object Repo/WorkFlow Listing Page/Click Continue Tooltip' is clicked on

2018-12-11 14:22:40 - [MESSAGE][PASSED] - Object: 'Object Repository/Final Object Repo/WorkFlow Listing Page/Click Continue Tooltip' is clicked on

2018-12-11 14:22:40 - [TEST_STEP][PASSED] - delay: Delayed 5 second(s)

2018-12-11 14:22:45 - [MESSAGE][PASSED] - Delayed 5 second(s)

2018-12-11 14:22:45 - [TEST_STEP][PASSED] - doubleClick: Object: 'Object Repository/Final Object Repo/WorkFlow Listing Page/Workflow Found - Listing 1' is double clicked on

2018-12-11 14:22:45 - [MESSAGE][PASSED] - Object: 'Object Repository/Final Object Repo/WorkFlow Listing Page/Workflow Found - Listing 1' is double clicked on

2018-12-11 14:22:45 - [TEST_STEP][PASSED] - Statement - println(OwnerID): null

2018-12-11 14:22:45 - [TEST_STEP][PASSED] - Statement - OwnerID = com.kms.katalon.core.webui.keyword.WebUiBuiltInKeywords.getText(com.kms.katalon.core.testobject.ObjectRepository.findTestObject(Final Object Repo/WorkFlow Listing Page/Workflow Found - Listing 1), STOP_ON_FAILURE): Text of object 'Object Repository/Final Object Repo/WorkFlow Listing Page/Workflow Found - Listing 1' is: 'JOHORro2'

2018-12-11 14:22:45 - [MESSAGE][PASSED] - Text of object 'Object Repository/Final Object Repo/WorkFlow Listing Page/Workflow Found - Listing 1' is: 'JOHORro2'

2018-12-11 14:22:45 - [TEST_STEP][PASSED] - Statement - OwnerID = OwnerID.toLowerCase() + "@gmail.com": null

2018-12-11 14:22:45 - [TEST_STEP][PASSED] - Statement - println(OwnerID): null

2018-12-11 14:22:45 - [TEST_STEP][PASSED] - delay: Delayed 2 second(s)

2018-12-11 14:22:47 - [MESSAGE][PASSED] - Delayed 2 second(s)

2018-12-11 14:22:47 - [MESSAGE][PASSED] - Call Test Case 'Test Cases/Final Aug 2018 - PKS Automation/Common/Workflow Owner Finder' successfully

2018-12-11 14:22:47 - [TEST_STEP][PASSED] - callTestCase: Call Test Case 'Test Cases/Final Aug 2018 - PKS Automation/Registration Module/Log Out/log out avoiding katalon tagging' successfully

2018-12-11 14:22:47 - [TEST_CASE][PASSED] - Test Cases/Final Aug 2018 - PKS Automation/Registration Module/Log Out/log out avoiding katalon tagging: Test Cases/Final Aug 2018 - PKS Automation/Registration Module/Log Out/log out avoiding katalon tagging

2018-12-11 14:22:47 - [TEST_STEP][PASSED] - navigateToUrl: Navigate to 'https://assist2-uat.perkeso.gov.my/c/portal/logout' successfully

2018-12-11 14:22:48 - [MESSAGE][PASSED] - Navigate to 'https://assist2-uat.perkeso.gov.my/c/portal/logout' successfully

2018-12-11 14:22:48 - [MESSAGE][PASSED] - Call Test Case 'Test Cases/Final Aug 2018 - PKS Automation/Registration Module/Log Out/log out avoiding katalon tagging' successfully

2018-12-11 14:22:48 - [TEST_STEP][PASSED] - delay: Delayed 2 second(s)

2018-12-11 14:22:50 - [MESSAGE][PASSED] - Delayed 2 second(s)

2018-12-11 14:22:50 - [TEST_STEP][PASSED] - setText: Text 'johorro2@gmail.com' is set on object 'Object Repository/Final Object Repo/Login Page/Internal User/Email Address'

2018-12-11 14:22:50 - [MESSAGE][PASSED] - Text 'johorro2@gmail.com' is set on object 'Object Repository/Final Object Repo/Login Page/Internal User/Email Address'

2018-12-11 14:22:50 - [TEST_STEP][PASSED] - click: Object: 'Object Repository/Final Object Repo/Login Page/Internal User/Next Button' is clicked on

2018-12-11 14:22:50 - [MESSAGE][PASSED] - Object: 'Object Repository/Final Object Repo/Login Page/Internal User/Next Button' is clicked on

2018-12-11 14:22:50 - [TEST_STEP][PASSED] - delay: Delayed 2 second(s)

2018-12-11 14:22:52 - [MESSAGE][PASSED] - Delayed 2 second(s)

2018-12-11 14:22:52 - [TEST_STEP][PASSED] - setText: Text 'Test1@3456789' is set on object 'Object Repository/Final Object Repo/Login Page/Internal User/Password'

2018-12-11 14:22:53 - [MESSAGE][PASSED] - Text 'Test1@3456789' is set on object 'Object Repository/Final Object Repo/Login Page/Internal User/Password'

2018-12-11 14:22:53 - [TEST_STEP][PASSED] - delay: Delayed 2 second(s)

2018-12-11 14:22:55 - [MESSAGE][PASSED] - Delayed 2 second(s)

2018-12-11 14:22:55 - [TEST_STEP][PASSED] - click: Object: 'Object Repository/Final Object Repo/Login Page/Internal User/Login Button' is clicked on

2018-12-11 14:22:55 - [MESSAGE][PASSED] - Object: 'Object Repository/Final Object Repo/Login Page/Internal User/Login Button' is clicked on

2018-12-11 14:22:55 - [TEST_STEP][PASSED] - delay: Delayed 2 second(s)

2018-12-11 14:22:57 - [MESSAGE][PASSED] - Delayed 2 second(s)

2018-12-11 14:22:57 - [TEST_STEP][PASSED] - Statement - Try: null

2018-12-11 14:22:57 - [TEST_STEP][PASSED] - Statement - Checker = com.kms.katalon.core.webui.keyword.WebUiBuiltInKeywords.verifyElementNotPresent("Final Object Repo/Landing Page/Select to English", 3): null

2018-12-11 14:22:57 - [TEST_STEP][PASSED] - Statement - Catch (Exception e): null

2018-12-11 14:22:57 - [TEST_STEP][PASSED] - Statement - e.printStackTrace(): null

2018-12-11 14:22:57 - [TEST_STEP][PASSED] - click: Object: 'Object Repository/Final Object Repo/New Registration - Registration Module Pages/New Reg - OTC to RO/Special Case - All Related Objects/Expand to Search' is clicked on

2018-12-11 14:22:57 - [MESSAGE][PASSED] - Object: 'Object Repository/Final Object Repo/New Registration - Registration Module Pages/New Reg - OTC to RO/Special Case - All Related Objects/Expand to Search' is clicked on

2018-12-11 14:22:57 - [TEST_STEP][PASSED] - callTestCase: Call Test Case 'Test Cases/Final Aug 2018 - PKS Automation/Common/Reference Number Getter' successfully

2018-12-11 14:22:57 - [TEST_CASE][PASSED] - Test Cases/Final Aug 2018 - PKS Automation/Common/Reference Number Getter: Test Cases/Final Aug 2018 - PKS Automation/Common/Reference Number Getter

2018-12-11 14:22:57 - [TEST_STEP][PASSED] - Statement - Try: null

2018-12-11 14:22:57 - [TEST_STEP][PASSED] - Statement - RefNo = new java.io.File(C://Users//Admin//Desktop//PKS//Automation Reference Point//KatalonReference.txt): null

2018-12-11 14:22:57 - [TEST_STEP][PASSED] - Statement - bufferread = new java.io.BufferedReader(new java.io.FileReader(RefNo)): null

2018-12-11 14:22:57 - [TEST_STEP][PASSED] - Statement - readedVal = bufferread.readLine(): null

2018-12-11 14:22:57 - [TEST_STEP][PASSED] - Statement - out.println(CaseReferenceNo): null

2018-12-11 14:22:57 - [TEST_STEP][PASSED] - Statement - out.println(readedVal): null

2018-12-11 14:22:57 - [TEST_STEP][PASSED] - Statement - CaseReferenceNo = "": null

2018-12-11 14:22:57 - [TEST_STEP][PASSED] - Statement - CaseReferenceNo = readedVal: null

2018-12-11 14:22:57 - [MESSAGE][PASSED] - Call Test Case 'Test Cases/Final Aug 2018 - PKS Automation/Common/Reference Number Getter' successfully

2018-12-11 14:22:57 - [TEST_STEP][PASSED] - setText: Text 'CRN12201800123173' is set on object 'Object Repository/Final Object Repo/New Registration - Registration Module Pages/New Reg - OTC to RO/Special Case - All Related Objects/TextBox RefNo in Workbasket'

2018-12-11 14:22:57 - [MESSAGE][PASSED] - Text 'CRN12201800123173' is set on object 'Object Repository/Final Object Repo/New Registration - Registration Module Pages/New Reg - OTC to RO/Special Case - All Related Objects/TextBox RefNo in Workbasket'

2018-12-11 14:22:57 - [TEST_STEP][PASSED] - delay: Delayed 2 second(s)

2018-12-11 14:22:59 - [MESSAGE][PASSED] - Delayed 2 second(s)

2018-12-11 14:22:59 - [TEST_STEP][PASSED] - click: Object: 'Object Repository/Final Object Repo/New Registration - Registration Module Pages/New Reg - OTC to RO/Special Case - All Related Objects/Click Search' is clicked on

2018-12-11 14:23:00 - [MESSAGE][PASSED] - Object: 'Object Repository/Final Object Repo/New Registration - Registration Module Pages/New Reg - OTC to RO/Special Case - All Related Objects/Click Search' is clicked on

2018-12-11 14:23:00 - [TEST_STEP][PASSED] - delay: Delayed 2 second(s)

2018-12-11 14:23:02 - [MESSAGE][PASSED] - Delayed 2 second(s)

2018-12-11 14:23:02 - [TEST_STEP][PASSED] - click: Object: 'Object Repository/Final Object Repo/New Registration - Registration Module Pages/New Reg - OTC to RO/Special Case - All Related Objects/Click to Continue Workflow' is clicked on

2018-12-11 14:23:05 - [MESSAGE][PASSED] - Object: 'Object Repository/Final Object Repo/New Registration - Registration Module Pages/New Reg - OTC to RO/Special Case - All Related Objects/Click to Continue Workflow' is clicked on

2018-12-11 14:23:05 - [TEST_STEP][PASSED] - delay: Delayed 2 second(s)

2018-12-11 14:23:07 - [MESSAGE][PASSED] - Delayed 2 second(s)

2018-12-11 14:23:07 - [TEST_STEP][PASSED] - click: Object: 'Object Repository/Final Object Repo/New Registration - Registration Module Pages/New Reg - OTC to RO/Special Case - All Related Objects/Continue Button in verifying case' is clicked on

2018-12-11 14:23:08 - [MESSAGE][PASSED] - Object: 'Object Repository/Final Object Repo/New Registration - Registration Module Pages/New Reg - OTC to RO/Special Case - All Related Objects/Continue Button in verifying case' is clicked on

2018-12-11 14:23:08 - [TEST_STEP][PASSED] - delay: Delayed 2 second(s)

2018-12-11 14:23:10 - [MESSAGE][PASSED] - Delayed 2 second(s)

2018-12-11 14:23:10 - [TEST_STEP][PASSED] - click: Object: 'Object Repository/Final Object Repo/New Registration - Registration Module Pages/New Reg - OTC to RO/Special Case - All Related Objects/Form 1 Save n Continue' is clicked on

2018-12-11 14:23:11 - [MESSAGE][PASSED] - Object: 'Object Repository/Final Object Repo/New Registration - Registration Module Pages/New Reg - OTC to RO/Special Case - All Related Objects/Form 1 Save n Continue' is clicked on

2018-12-11 14:23:11 - [TEST_STEP][PASSED] - delay: Delayed 2 second(s)

2018-12-11 14:23:13 - [MESSAGE][PASSED] - Delayed 2 second(s)

2018-12-11 14:23:13 - [TEST_STEP][PASSED] - click: Object: 'Object Repository/Final Object Repo/New Registration - Registration Module Pages/New Reg - OTC to RO/Special Case - All Related Objects/Form 2 Save n Continue' is clicked on

2018-12-11 14:23:13 - [MESSAGE][PASSED] - Object: 'Object Repository/Final Object Repo/New Registration - Registration Module Pages/New Reg - OTC to RO/Special Case - All Related Objects/Form 2 Save n Continue' is clicked on

2018-12-11 14:23:13 - [TEST_STEP][PASSED] - delay: Delayed 2 second(s)

2018-12-11 14:23:15 - [MESSAGE][PASSED] - Delayed 2 second(s)

2018-12-11 14:23:15 - [TEST_STEP][PASSED] - click: Object: 'Object Repository/Final Object Repo/New Registration - Registration Module Pages/New Reg - OTC to RO/Special Case - All Related Objects/Third Screen Save n Continue' is clicked on

2018-12-11 14:23:20 - [MESSAGE][PASSED] - Object: 'Object Repository/Final Object Repo/New Registration - Registration Module Pages/New Reg - OTC to RO/Special Case - All Related Objects/Third Screen Save n Continue' is clicked on

2018-12-11 14:23:20 - [TEST_STEP][PASSED] - delay: Delayed 5 second(s)

2018-12-11 14:23:25 - [MESSAGE][PASSED] - Delayed 5 second(s)

2018-12-11 14:23:25 - [TEST_STEP][PASSED] - click: Object: 'Object Repository/Final Object Repo/New Registration - Registration Module Pages/New Reg - OTC to RO/Special Case - All Related Objects/Upload Doc Page Save n Continue' is clicked on

2018-12-11 14:23:25 - [MESSAGE][PASSED] - Object: 'Object Repository/Final Object Repo/New Registration - Registration Module Pages/New Reg - OTC to RO/Special Case - All Related Objects/Upload Doc Page Save n Continue' is clicked on

2018-12-11 14:23:25 - [TEST_STEP][PASSED] - delay: Delayed 5 second(s)

2018-12-11 14:23:30 - [MESSAGE][PASSED] - Delayed 5 second(s)

2018-12-11 14:23:30 - [TEST_STEP][PASSED] - callTestCase: Call Test Case 'Test Cases/Final Aug 2018 - PKS Automation/Registration Module/New Registration/Submit and Screenshot/Submit Registration and Screenshot' successfully

2018-12-11 14:23:30 - [TEST_CASE][PASSED] - Test Cases/Final Aug 2018 - PKS Automation/Registration Module/New Registration/Submit and Screenshot/Submit Registration and Screenshot: Test Cases/Final Aug 2018 - PKS Automation/Registration Module/New Registration/Submit and Screenshot/Submit Registration and Screenshot

2018-12-11 14:23:30 - [TEST_STEP][PASSED] - delay: Delayed 6 second(s)

2018-12-11 14:23:36 - [MESSAGE][PASSED] - Delayed 6 second(s)

2018-12-11 14:23:36 - [TEST_STEP][PASSED] - click: Object: 'Object Repository/Final Object Repo/New Registration - Registration Module Pages/Third Screen - Upload Supporting Doc- Preview/Preview Submit Button' is clicked on

2018-12-11 14:23:37 - [MESSAGE][PASSED] - Object: 'Object Repository/Final Object Repo/New Registration - Registration Module Pages/Third Screen - Upload Supporting Doc- Preview/Preview Submit Button' is clicked on

2018-12-11 14:23:37 - [TEST_STEP][PASSED] - delay: Delayed 2 second(s)

2018-12-11 14:23:39 - [MESSAGE][PASSED] - Delayed 2 second(s)

2018-12-11 14:23:39 - [TEST_STEP][PASSED] - click: Object: 'Object Repository/Final Object Repo/New Registration - Registration Module Pages/Third Screen - Upload Supporting Doc- Preview/Preview Submit - Confirm' is clicked on

2018-12-11 14:23:39 - [MESSAGE][PASSED] - Object: 'Object Repository/Final Object Repo/New Registration - Registration Module Pages/Third Screen - Upload Supporting Doc- Preview/Preview Submit - Confirm' is clicked on

2018-12-11 14:23:39 - [TEST_STEP][PASSED] - delay: Delayed 15 second(s)

2018-12-11 14:23:54 - [MESSAGE][PASSED] - Delayed 15 second(s)

2018-12-11 14:23:54 - [TEST_STEP][PASSED] - Statement - driver = com.kms.katalon.core.webui.driver.DriverFactory.getWebDriver(): null

2018-12-11 14:23:54 - [TEST_STEP][PASSED] - Statement - driver.manage().timeouts().implicitlyWait(10, SECONDS): null

2018-12-11 14:23:54 - [TEST_STEP][PASSED] - Statement - PresavePath = KatalonScreenshots: null

2018-12-11 14:23:54 - [TEST_STEP][PASSED] - Statement - pathPrefix = "C:\Users\Public\Pictures\Sample Pictures\Katalon Screenshots\Automate Ending Screen": null

2018-12-11 14:23:54 - [TEST_STEP][PASSED] - Statement - finalPath = <not implemented yet for class: org.codehaus.groovy.ast.expr.EmptyExpression>: null

2018-12-11 14:23:54 - [TEST_STEP][PASSED] - Statement - scrFile = driver.getScreenshotAs(FILE): null

2018-12-11 14:23:54 - [TEST_STEP][PASSED] - Statement - PreSaveFile = new java.io.File(PresavePath): null

2018-12-11 14:23:54 - [TEST_STEP][PASSED] - Statement - counter = 0: null

2018-12-11 14:23:54 - [TEST_STEP][PASSED] - Statement - If (PreSaveFile.exists()): null

2018-12-11 14:23:54 - [TEST_STEP][PASSED] - Statement - While (PreSaveFile.exists()): null

2018-12-11 14:23:54 - [TEST_STEP][PASSED] - Statement - counter = counter + 1: null

2018-12-11 14:23:54 - [TEST_STEP][PASSED] - Statement - PreSaveFile = new java.io.File(((pathPrefix + java.lang.Integer.toString(counter)) + .png)): null

2018-12-11 14:23:54 - [TEST_STEP][PASSED] - Statement - counter = counter + 1: null

2018-12-11 14:23:54 - [TEST_STEP][PASSED] - Statement - PreSaveFile = new java.io.File(((pathPrefix + java.lang.Integer.toString(counter)) + .png)): null

2018-12-11 14:23:54 - [TEST_STEP][PASSED] - Statement - counter = counter + 1: null

2018-12-11 14:23:54 - [TEST_STEP][PASSED] - Statement - PreSaveFile = new java.io.File(((pathPrefix + java.lang.Integer.toString(counter)) + .png)): null

2018-12-11 14:23:54 - [TEST_STEP][PASSED] - Statement - counter = counter + 1: null

2018-12-11 14:23:54 - [TEST_STEP][PASSED] - Statement - PreSaveFile = new java.io.File(((pathPrefix + java.lang.Integer.toString(counter)) + .png)): null

2018-12-11 14:23:54 - [TEST_STEP][PASSED] - Statement - counter = counter + 1: null

2018-12-11 14:23:54 - [TEST_STEP][PASSED] - Statement - PreSaveFile = new java.io.File(((pathPrefix + java.lang.Integer.toString(counter)) + .png)): null

2018-12-11 14:23:54 - [TEST_STEP][PASSED] - Statement - counter = counter + 1: null

2018-12-11 14:23:54 - [TEST_STEP][PASSED] - Statement - PreSaveFile = new java.io.File(((pathPrefix + java.lang.Integer.toString(counter)) + .png)): null

2018-12-11 14:23:54 - [TEST_STEP][PASSED] - Statement - counter = counter + 1: null

2018-12-11 14:23:54 - [TEST_STEP][PASSED] - Statement - PreSaveFile = new java.io.File(((pathPrefix + java.lang.Integer.toString(counter)) + .png)): null

2018-12-11 14:23:54 - [TEST_STEP][PASSED] - Statement - counter = counter + 1: null

2018-12-11 14:23:54 - [TEST_STEP][PASSED] - Statement - PreSaveFile = new java.io.File(((pathPrefix + java.lang.Integer.toString(counter)) + .png)): null

2018-12-11 14:23:54 - [TEST_STEP][PASSED] - Statement - counter = counter + 1: null

2018-12-11 14:23:54 - [TEST_STEP][PASSED] - Statement - PreSaveFile = new java.io.File(((pathPrefix + java.lang.Integer.toString(counter)) + .png)): null

2018-12-11 14:23:54 - [TEST_STEP][PASSED] - Statement - counter = counter + 1: null

2018-12-11 14:23:54 - [TEST_STEP][PASSED] - Statement - PreSaveFile = new java.io.File(((pathPrefix + java.lang.Integer.toString(counter)) + .png)): null

2018-12-11 14:23:54 - [TEST_STEP][PASSED] - Statement - counter = counter + 1: null

2018-12-11 14:23:54 - [TEST_STEP][PASSED] - Statement - PreSaveFile = new java.io.File(((pathPrefix + java.lang.Integer.toString(counter)) + .png)): null

2018-12-11 14:23:54 - [TEST_STEP][PASSED] - Statement - counter = counter + 1: null

2018-12-11 14:23:54 - [TEST_STEP][PASSED] - Statement - PreSaveFile = new java.io.File(((pathPrefix + java.lang.Integer.toString(counter)) + .png)): null

2018-12-11 14:23:54 - [TEST_STEP][PASSED] - Statement - counter = counter + 1: null

2018-12-11 14:23:54 - [TEST_STEP][PASSED] - Statement - PreSaveFile = new java.io.File(((pathPrefix + java.lang.Integer.toString(counter)) + .png)): null

2018-12-11 14:23:54 - [TEST_STEP][PASSED] - Statement - counter = counter + 1: null

2018-12-11 14:23:54 - [TEST_STEP][PASSED] - Statement - PreSaveFile = new java.io.File(((pathPrefix + java.lang.Integer.toString(counter)) + .png)): null

2018-12-11 14:23:54 - [TEST_STEP][PASSED] - Statement - counter = counter + 1: null

2018-12-11 14:23:54 - [TEST_STEP][PASSED] - Statement - PreSaveFile = new java.io.File(((pathPrefix + java.lang.Integer.toString(counter)) + .png)): null

2018-12-11 14:23:54 - [TEST_STEP][PASSED] - Statement - counter = counter + 1: null

2018-12-11 14:23:54 - [TEST_STEP][PASSED] - Statement - PreSaveFile = new java.io.File(((pathPrefix + java.lang.Integer.toString(counter)) + .png)): null

2018-12-11 14:23:54 - [TEST_STEP][PASSED] - Statement - counter = counter + 1: null

2018-12-11 14:23:54 - [TEST_STEP][PASSED] - Statement - PreSaveFile = new java.io.File(((pathPrefix + java.lang.Integer.toString(counter)) + .png)): null

2018-12-11 14:23:54 - [TEST_STEP][PASSED] - Statement - counter = counter + 1: null

2018-12-11 14:23:54 - [TEST_STEP][PASSED] - Statement - PreSaveFile = new java.io.File(((pathPrefix + java.lang.Integer.toString(counter)) + .png)): null

2018-12-11 14:23:54 - [TEST_STEP][PASSED] - Statement - counter = counter + 1: null

2018-12-11 14:23:54 - [TEST_STEP][PASSED] - Statement - PreSaveFile = new java.io.File(((pathPrefix + java.lang.Integer.toString(counter)) + .png)): null

2018-12-11 14:23:54 - [TEST_STEP][PASSED] - Statement - counter = counter + 1: null

2018-12-11 14:23:54 - [TEST_STEP][PASSED] - Statement - PreSaveFile = new java.io.File(((pathPrefix + java.lang.Integer.toString(counter)) + .png)): null

2018-12-11 14:23:54 - [TEST_STEP][PASSED] - Statement - counter = counter + 1: null

2018-12-11 14:23:54 - [TEST_STEP][PASSED] - Statement - PreSaveFile = new java.io.File(((pathPrefix + java.lang.Integer.toString(counter)) + .png)): null

2018-12-11 14:23:54 - [TEST_STEP][PASSED] - Statement - counter = counter + 1: null

2018-12-11 14:23:54 - [TEST_STEP][PASSED] - Statement - PreSaveFile = new java.io.File(((pathPrefix + java.lang.Integer.toString(counter)) + .png)): null

2018-12-11 14:23:54 - [TEST_STEP][PASSED] - Statement - counter = counter + 1: null

2018-12-11 14:23:54 - [TEST_STEP][PASSED] - Statement - PreSaveFile = new java.io.File(((pathPrefix + java.lang.Integer.toString(counter)) + .png)): null

2018-12-11 14:23:54 - [TEST_STEP][PASSED] - Statement - counter = counter + 1: null

2018-12-11 14:23:54 - [TEST_STEP][PASSED] - Statement - PreSaveFile = new java.io.File(((pathPrefix + java.lang.Integer.toString(counter)) + .png)): null

2018-12-11 14:23:54 - [TEST_STEP][PASSED] - Statement - counter = counter + 1: null

2018-12-11 14:23:54 - [TEST_STEP][PASSED] - Statement - PreSaveFile = new java.io.File(((pathPrefix + java.lang.Integer.toString(counter)) + .png)): null

2018-12-11 14:23:54 - [TEST_STEP][PASSED] - Statement - counter = counter + 1: null

2018-12-11 14:23:54 - [TEST_STEP][PASSED] - Statement - PreSaveFile = new java.io.File(((pathPrefix + java.lang.Integer.toString(counter)) + .png)): null

2018-12-11 14:23:54 - [TEST_STEP][PASSED] - Statement - counter = counter + 1: null

2018-12-11 14:23:54 - [TEST_STEP][PASSED] - Statement - PreSaveFile = new java.io.File(((pathPrefix + java.lang.Integer.toString(counter)) + .png)): null

2018-12-11 14:23:54 - [TEST_STEP][PASSED] - Statement - counter = counter + 1: null

2018-12-11 14:23:54 - [TEST_STEP][PASSED] - Statement - PreSaveFile = new java.io.File(((pathPrefix + java.lang.Integer.toString(counter)) + .png)): null

2018-12-11 14:23:54 - [TEST_STEP][PASSED] - Statement - counter = counter + 1: null

2018-12-11 14:23:54 - [TEST_STEP][PASSED] - Statement - PreSaveFile = new java.io.File(((pathPrefix + java.lang.Integer.toString(counter)) + .png)): null

2018-12-11 14:23:54 - [TEST_STEP][PASSED] - Statement - counter = counter + 1: null

2018-12-11 14:23:54 - [TEST_STEP][PASSED] - Statement - PreSaveFile = new java.io.File(((pathPrefix + java.lang.Integer.toString(counter)) + .png)): null

2018-12-11 14:23:54 - [TEST_STEP][PASSED] - Statement - counter = counter + 1: null

2018-12-11 14:23:54 - [TEST_STEP][PASSED] - Statement - PreSaveFile = new java.io.File(((pathPrefix + java.lang.Integer.toString(counter)) + .png)): null

2018-12-11 14:23:54 - [TEST_STEP][PASSED] - Statement - counter = counter + 1: null

2018-12-11 14:23:54 - [TEST_STEP][PASSED] - Statement - PreSaveFile = new java.io.File(((pathPrefix + java.lang.Integer.toString(counter)) + .png)): null

2018-12-11 14:23:54 - [TEST_STEP][PASSED] - Statement - counter = counter + 1: null

2018-12-11 14:23:54 - [TEST_STEP][PASSED] - Statement - PreSaveFile = new java.io.File(((pathPrefix + java.lang.Integer.toString(counter)) + .png)): null

2018-12-11 14:23:54 - [TEST_STEP][PASSED] - Statement - counter = counter + 1: null

2018-12-11 14:23:54 - [TEST_STEP][PASSED] - Statement - PreSaveFile = new java.io.File(((pathPrefix + java.lang.Integer.toString(counter)) + .png)): null

2018-12-11 14:23:54 - [TEST_STEP][PASSED] - Statement - counter = counter + 1: null

2018-12-11 14:23:54 - [TEST_STEP][PASSED] - Statement - PreSaveFile = new java.io.File(((pathPrefix + java.lang.Integer.toString(counter)) + .png)): null

2018-12-11 14:23:54 - [TEST_STEP][PASSED] - Statement - counter = counter + 1: null

2018-12-11 14:23:54 - [TEST_STEP][PASSED] - Statement - PreSaveFile = new java.io.File(((pathPrefix + java.lang.Integer.toString(counter)) + .png)): null

2018-12-11 14:23:54 - [TEST_STEP][PASSED] - Statement - counter = counter + 1: null

2018-12-11 14:23:54 - [TEST_STEP][PASSED] - Statement - PreSaveFile = new java.io.File(((pathPrefix + java.lang.Integer.toString(counter)) + .png)): null

2018-12-11 14:23:54 - [TEST_STEP][PASSED] - Statement - counter = counter + 1: null

2018-12-11 14:23:54 - [TEST_STEP][PASSED] - Statement - PreSaveFile = new java.io.File(((pathPrefix + java.lang.Integer.toString(counter)) + .png)): null

2018-12-11 14:23:54 - [TEST_STEP][PASSED] - Statement - counter = counter + 1: null

2018-12-11 14:23:54 - [TEST_STEP][PASSED] - Statement - PreSaveFile = new java.io.File(((pathPrefix + java.lang.Integer.toString(counter)) + .png)): null

2018-12-11 14:23:54 - [TEST_STEP][PASSED] - Statement - counter = counter + 1: null

2018-12-11 14:23:54 - [TEST_STEP][PASSED] - Statement - PreSaveFile = new java.io.File(((pathPrefix + java.lang.Integer.toString(counter)) + .png)): null

2018-12-11 14:23:54 - [TEST_STEP][PASSED] - Statement - counter = counter + 1: null

2018-12-11 14:23:54 - [TEST_STEP][PASSED] - Statement - PreSaveFile = new java.io.File(((pathPrefix + java.lang.Integer.toString(counter)) + .png)): null

2018-12-11 14:23:54 - [TEST_STEP][PASSED] - Statement - counter = counter + 1: null

2018-12-11 14:23:54 - [TEST_STEP][PASSED] - Statement - PreSaveFile = new java.io.File(((pathPrefix + java.lang.Integer.toString(counter)) + .png)): null

2018-12-11 14:23:54 - [TEST_STEP][PASSED] - Statement - counter = counter + 1: null

2018-12-11 14:23:54 - [TEST_STEP][PASSED] - Statement - PreSaveFile = new java.io.File(((pathPrefix + java.lang.Integer.toString(counter)) + .png)): null

2018-12-11 14:23:54 - [TEST_STEP][PASSED] - Statement - counter = counter + 1: null

2018-12-11 14:23:54 - [TEST_STEP][PASSED] - Statement - PreSaveFile = new java.io.File(((pathPrefix + java.lang.Integer.toString(counter)) + .png)): null

2018-12-11 14:23:54 - [TEST_STEP][PASSED] - Statement - counter = counter + 1: null

2018-12-11 14:23:54 - [TEST_STEP][PASSED] - Statement - PreSaveFile = new java.io.File(((pathPrefix + java.lang.Integer.toString(counter)) + .png)): null

2018-12-11 14:23:54 - [TEST_STEP][PASSED] - Statement - counter = counter + 1: null

2018-12-11 14:23:54 - [TEST_STEP][PASSED] - Statement - PreSaveFile = new java.io.File(((pathPrefix + java.lang.Integer.toString(counter)) + .png)): null

2018-12-11 14:23:54 - [TEST_STEP][PASSED] - Statement - counter = counter + 1: null

2018-12-11 14:23:54 - [TEST_STEP][PASSED] - Statement - PreSaveFile = new java.io.File(((pathPrefix + java.lang.Integer.toString(counter)) + .png)): null

2018-12-11 14:23:54 - [TEST_STEP][PASSED] - Statement - counter = counter + 1: null

2018-12-11 14:23:54 - [TEST_STEP][PASSED] - Statement - PreSaveFile = new java.io.File(((pathPrefix + java.lang.Integer.toString(counter)) + .png)): null

2018-12-11 14:23:54 - [TEST_STEP][PASSED] - Statement - counter = counter + 1: null

2018-12-11 14:23:54 - [TEST_STEP][PASSED] - Statement - PreSaveFile = new java.io.File(((pathPrefix + java.lang.Integer.toString(counter)) + .png)): null

2018-12-11 14:23:54 - [TEST_STEP][PASSED] - Statement - counter = counter + 1: null

2018-12-11 14:23:54 - [TEST_STEP][PASSED] - Statement - PreSaveFile = new java.io.File(((pathPrefix + java.lang.Integer.toString(counter)) + .png)): null

2018-12-11 14:23:54 - [TEST_STEP][PASSED] - Statement - counter = counter + 1: null

2018-12-11 14:23:54 - [TEST_STEP][PASSED] - Statement - PreSaveFile = new java.io.File(((pathPrefix + java.lang.Integer.toString(counter)) + .png)): null

2018-12-11 14:23:54 - [TEST_STEP][PASSED] - Statement - counter = counter + 1: null

2018-12-11 14:23:54 - [TEST_STEP][PASSED] - Statement - PreSaveFile = new java.io.File(((pathPrefix + java.lang.Integer.toString(counter)) + .png)): null

2018-12-11 14:23:54 - [TEST_STEP][PASSED] - Statement - finalPath = pathPrefix + java.lang.Integer.toString(counter) + ".png": null

2018-12-11 14:23:54 - [TEST_STEP][PASSED] - Statement - SaveFile = new java.io.File(finalPath): null

2018-12-11 14:23:54 - [TEST_STEP][PASSED] - Statement - Try: null

2018-12-11 14:23:54 - [TEST_STEP][PASSED] - Statement - org.apache.commons.io.FileUtils.copyFile(scrFile, SaveFile): null

2018-12-11 14:23:54 - [TEST_STEP][PASSED] - Statement - out.println("file kept"): null

2018-12-11 14:23:54 - [TEST_STEP][PASSED] - delay: Delayed 10 second(s)

2018-12-11 14:24:04 - [MESSAGE][PASSED] - Delayed 10 second(s)

2018-12-11 14:24:04 - [MESSAGE][PASSED] - Call Test Case 'Test Cases/Final Aug 2018 - PKS Automation/Registration Module/New Registration/Submit and Screenshot/Submit Registration and Screenshot' successfully]]></system-out>
         <system-err><![CDATA[]]></system-err>
      </testcase>
      <testcase name="Test Cases/Final Aug 2018 - PKS Automation/Registration Module/Workflow/New Registration/Employer to RO - RO Submit" classname="Test Cases/Final Aug 2018 - PKS Automation/Registration Module/Workflow/New Registration/Employer to RO - RO Submit" status="PASSED">
         <system-out><![CDATA[2018-12-11 14:24:04 - [TEST_CASE][PASSED] - Test Cases/Final Aug 2018 - PKS Automation/Registration Module/Workflow/New Registration/Employer to RO - RO Submit: Test Cases/Final Aug 2018 - PKS Automation/Registration Module/Workflow/New Registration/Employer to RO - RO Submit

2018-12-11 14:24:05 - [TEST_STEP][PASSED] - callTestCase: Call Test Case 'Test Cases/Final Aug 2018 - PKS Automation/Registration Module/Workflow/New Registration/Template/Special Case - Employer - Form 1' successfully

2018-12-11 14:24:05 - [TEST_CASE][PASSED] - Test Cases/Final Aug 2018 - PKS Automation/Registration Module/Workflow/New Registration/Template/Special Case - Employer - Form 1: Test Cases/Final Aug 2018 - PKS Automation/Registration Module/Workflow/New Registration/Template/Special Case - Employer - Form 1

2018-12-11 14:24:05 - [TEST_STEP][PASSED] - callTestCase: Call Test Case 'Test Cases/Final Aug 2018 - PKS Automation/Create Employer Acc/Create Employer Account' successfully

2018-12-11 14:24:05 - [TEST_CASE][PASSED] - Test Cases/Final Aug 2018 - PKS Automation/Create Employer Acc/Create Employer Account: Test Cases/Final Aug 2018 - PKS Automation/Create Employer Acc/Create Employer Account

2018-12-11 14:24:05 - [TEST_STEP][PASSED] - callTestCase: Call Test Case 'Test Cases/Final Aug 2018 - PKS Automation/Create Employer Acc/Template/Register Employer' successfully

2018-12-11 14:24:05 - [TEST_CASE][PASSED] - Test Cases/Final Aug 2018 - PKS Automation/Create Employer Acc/Template/Register Employer: Test Cases/Final Aug 2018 - PKS Automation/Create Employer Acc/Template/Register Employer

2018-12-11 14:24:05 - [TEST_STEP][PASSED] - openBrowser: Browser is opened with url: ''

2018-12-11 14:24:05 - [MESSAGE][WARNING] - A browser is already opened. Closing browser and opening a new one

2018-12-11 14:24:10 - [MESSAGE][PASSED] - Browser is opened with url: ''

2018-12-11 14:24:10 - [TEST_STEP][PASSED] - navigateToUrl: Navigate to 'https://assist2-uat.perkeso.gov.my/login' successfully

2018-12-11 14:24:11 - [MESSAGE][PASSED] - Navigate to 'https://assist2-uat.perkeso.gov.my/login' successfully

2018-12-11 14:24:11 - [TEST_STEP][PASSED] - setText: Text 'johorotc1@gmail.com' is set on object 'Object Repository/Final Object Repo/Login Page/Internal User/Email Address'

2018-12-11 14:24:11 - [MESSAGE][PASSED] - Text 'johorotc1@gmail.com' is set on object 'Object Repository/Final Object Repo/Login Page/Internal User/Email Address'

2018-12-11 14:24:11 - [TEST_STEP][PASSED] - click: Object: 'Object Repository/Final Object Repo/Login Page/Internal User/Next Button' is clicked on

2018-12-11 14:24:11 - [MESSAGE][PASSED] - Object: 'Object Repository/Final Object Repo/Login Page/Internal User/Next Button' is clicked on

2018-12-11 14:24:11 - [TEST_STEP][PASSED] - delay: Delayed 1 second(s)

2018-12-11 14:24:12 - [MESSAGE][PASSED] - Delayed 1 second(s)

2018-12-11 14:24:12 - [TEST_STEP][PASSED] - setEncryptedText: Text ****** has been set on object 'Object Repository/Final Object Repo/Login Page/Internal User/Password'

2018-12-11 14:24:13 - [MESSAGE][PASSED] - Text ****** has been set on object 'Object Repository/Final Object Repo/Login Page/Internal User/Password'

2018-12-11 14:24:13 - [TEST_STEP][PASSED] - click: Object: 'Object Repository/Final Object Repo/Login Page/Internal User/Login Button' is clicked on

2018-12-11 14:24:13 - [MESSAGE][PASSED] - Object: 'Object Repository/Final Object Repo/Login Page/Internal User/Login Button' is clicked on

2018-12-11 14:24:13 - [TEST_STEP][PASSED] - delay: Delayed 1 second(s)

2018-12-11 14:24:14 - [MESSAGE][PASSED] - Delayed 1 second(s)

2018-12-11 14:24:14 - [TEST_STEP][PASSED] - navigateToUrl: Navigate to 'https://assist2-uat.perkeso.gov.my/web/base/portal-id/registration' successfully

2018-12-11 14:24:16 - [MESSAGE][PASSED] - Navigate to 'https://assist2-uat.perkeso.gov.my/web/base/portal-id/registration' successfully

2018-12-11 14:24:16 - [TEST_STEP][PASSED] - setText: Text 'AUTOMATION EMPLOYER' is set on object 'Object Repository/Final Object Repo/Creating Employer Account/Page_Registration - ASSIST (Base)/Employer Name'

2018-12-11 14:24:16 - [MESSAGE][PASSED] - Text 'AUTOMATION EMPLOYER' is set on object 'Object Repository/Final Object Repo/Creating Employer Account/Page_Registration - ASSIST (Base)/Employer Name'

2018-12-11 14:24:16 - [TEST_STEP][PASSED] - delay: Delayed 2 second(s)

2018-12-11 14:24:18 - [MESSAGE][PASSED] - Delayed 2 second(s)

2018-12-11 14:24:18 - [TEST_STEP][PASSED] - click: Object: 'Object Repository/Final Object Repo/Creating Employer Account/Page_Registration - ASSIST (Base)/Registration Type' is clicked on

2018-12-11 14:24:18 - [MESSAGE][PASSED] - Object: 'Object Repository/Final Object Repo/Creating Employer Account/Page_Registration - ASSIST (Base)/Registration Type' is clicked on

2018-12-11 14:24:18 - [TEST_STEP][PASSED] - delay: Delayed 2 second(s)

2018-12-11 14:24:20 - [MESSAGE][PASSED] - Delayed 2 second(s)

2018-12-11 14:24:20 - [TEST_STEP][PASSED] - click: Object: 'Object Repository/Final Object Repo/Creating Employer Account/Page_Registration - ASSIST (Base)/Registration Type - Registration No' is clicked on

2018-12-11 14:24:21 - [MESSAGE][PASSED] - Object: 'Object Repository/Final Object Repo/Creating Employer Account/Page_Registration - ASSIST (Base)/Registration Type - Registration No' is clicked on

2018-12-11 14:24:21 - [TEST_STEP][PASSED] - delay: Delayed 2 second(s)

2018-12-11 14:24:23 - [MESSAGE][PASSED] - Delayed 2 second(s)

2018-12-11 14:24:23 - [TEST_STEP][PASSED] - setText: Text 'AUTOMATE001' is set on object 'Object Repository/Final Object Repo/Creating Employer Account/Page_Registration - ASSIST (Base)/Registration Number'

2018-12-11 14:24:23 - [MESSAGE][PASSED] - Text 'AUTOMATE001' is set on object 'Object Repository/Final Object Repo/Creating Employer Account/Page_Registration - ASSIST (Base)/Registration Number'

2018-12-11 14:24:23 - [TEST_STEP][PASSED] - delay: Delayed 2 second(s)

2018-12-11 14:24:25 - [MESSAGE][PASSED] - Delayed 2 second(s)

2018-12-11 14:24:25 - [TEST_STEP][PASSED] - setText: Text 'ADDRESS 1' is set on object 'Object Repository/Final Object Repo/Creating Employer Account/Page_Registration - ASSIST (Base)/Postal Address 1'

2018-12-11 14:24:25 - [MESSAGE][PASSED] - Text 'ADDRESS 1' is set on object 'Object Repository/Final Object Repo/Creating Employer Account/Page_Registration - ASSIST (Base)/Postal Address 1'

2018-12-11 14:24:25 - [TEST_STEP][PASSED] - setText: Text 'ADDRESS 2' is set on object 'Object Repository/Final Object Repo/Creating Employer Account/Page_Registration - ASSIST (Base)/Postal Address 2'

2018-12-11 14:24:26 - [MESSAGE][PASSED] - Text 'ADDRESS 2' is set on object 'Object Repository/Final Object Repo/Creating Employer Account/Page_Registration - ASSIST (Base)/Postal Address 2'

2018-12-11 14:24:26 - [TEST_STEP][PASSED] - click: Object: 'Object Repository/Final Object Repo/Creating Employer Account/Page_Registration - ASSIST (Base)/State' is clicked on

2018-12-11 14:24:26 - [MESSAGE][PASSED] - Object: 'Object Repository/Final Object Repo/Creating Employer Account/Page_Registration - ASSIST (Base)/State' is clicked on

2018-12-11 14:24:26 - [TEST_STEP][PASSED] - delay: Delayed 2 second(s)

2018-12-11 14:24:28 - [MESSAGE][PASSED] - Delayed 2 second(s)

2018-12-11 14:24:28 - [TEST_STEP][PASSED] - click: Object: 'Object Repository/Final Object Repo/Creating Employer Account/Page_Registration - ASSIST (Base)/State - Johor' is clicked on

2018-12-11 14:24:28 - [MESSAGE][PASSED] - Object: 'Object Repository/Final Object Repo/Creating Employer Account/Page_Registration - ASSIST (Base)/State - Johor' is clicked on

2018-12-11 14:24:28 - [TEST_STEP][PASSED] - delay: Delayed 2 second(s)

2018-12-11 14:24:30 - [MESSAGE][PASSED] - Delayed 2 second(s)

2018-12-11 14:24:30 - [TEST_STEP][PASSED] - click: Object: 'Object Repository/Final Object Repo/Creating Employer Account/Page_Registration - ASSIST (Base)/City' is clicked on

2018-12-11 14:24:30 - [MESSAGE][PASSED] - Object: 'Object Repository/Final Object Repo/Creating Employer Account/Page_Registration - ASSIST (Base)/City' is clicked on

2018-12-11 14:24:30 - [TEST_STEP][PASSED] - delay: Delayed 2 second(s)

2018-12-11 14:24:32 - [MESSAGE][PASSED] - Delayed 2 second(s)

2018-12-11 14:24:32 - [TEST_STEP][PASSED] - setText: Text 'joh' is set on object 'Object Repository/Final Object Repo/Creating Employer Account/Page_Registration - ASSIST (Base)/City - joh'

2018-12-11 14:24:32 - [MESSAGE][PASSED] - Text 'joh' is set on object 'Object Repository/Final Object Repo/Creating Employer Account/Page_Registration - ASSIST (Base)/City - joh'

2018-12-11 14:24:32 - [TEST_STEP][PASSED] - delay: Delayed 2 second(s)

2018-12-11 14:24:34 - [MESSAGE][PASSED] - Delayed 2 second(s)

2018-12-11 14:24:34 - [TEST_STEP][PASSED] - click: Object: 'Object Repository/Final Object Repo/Creating Employer Account/Page_Registration - ASSIST (Base)/City - Johor Bharu' is clicked on

2018-12-11 14:24:35 - [MESSAGE][PASSED] - Object: 'Object Repository/Final Object Repo/Creating Employer Account/Page_Registration - ASSIST (Base)/City - Johor Bharu' is clicked on

2018-12-11 14:24:35 - [TEST_STEP][PASSED] - delay: Delayed 2 second(s)

2018-12-11 14:24:37 - [MESSAGE][PASSED] - Delayed 2 second(s)

2018-12-11 14:24:37 - [TEST_STEP][PASSED] - click: Object: 'Object Repository/Final Object Repo/Creating Employer Account/Page_Registration - ASSIST (Base)/Post Code' is clicked on

2018-12-11 14:24:37 - [MESSAGE][PASSED] - Object: 'Object Repository/Final Object Repo/Creating Employer Account/Page_Registration - ASSIST (Base)/Post Code' is clicked on

2018-12-11 14:24:37 - [TEST_STEP][PASSED] - delay: Delayed 2 second(s)

2018-12-11 14:24:39 - [MESSAGE][PASSED] - Delayed 2 second(s)

2018-12-11 14:24:39 - [TEST_STEP][PASSED] - setText: Text '810' is set on object 'Object Repository/Final Object Repo/Creating Employer Account/Page_Registration - ASSIST (Base)/Post Code - 810'

2018-12-11 14:24:39 - [MESSAGE][PASSED] - Text '810' is set on object 'Object Repository/Final Object Repo/Creating Employer Account/Page_Registration - ASSIST (Base)/Post Code - 810'

2018-12-11 14:24:39 - [TEST_STEP][PASSED] - delay: Delayed 2 second(s)

2018-12-11 14:24:41 - [MESSAGE][PASSED] - Delayed 2 second(s)

2018-12-11 14:24:41 - [TEST_STEP][PASSED] - click: Object: 'Object Repository/Final Object Repo/Creating Employer Account/Page_Registration - ASSIST (Base)/Post Code - 81000' is clicked on

2018-12-11 14:24:41 - [MESSAGE][PASSED] - Object: 'Object Repository/Final Object Repo/Creating Employer Account/Page_Registration - ASSIST (Base)/Post Code - 81000' is clicked on

2018-12-11 14:24:41 - [TEST_STEP][PASSED] - delay: Delayed 2 second(s)

2018-12-11 14:24:43 - [MESSAGE][PASSED] - Delayed 2 second(s)

2018-12-11 14:24:43 - [TEST_STEP][PASSED] - setText: Text 'PERKESO' is set on object 'Object Repository/Final Object Repo/Creating Employer Account/Page_Registration - ASSIST (Base)/Full Name'

2018-12-11 14:24:44 - [MESSAGE][PASSED] - Text 'PERKESO' is set on object 'Object Repository/Final Object Repo/Creating Employer Account/Page_Registration - ASSIST (Base)/Full Name'

2018-12-11 14:24:44 - [TEST_STEP][PASSED] - Statement - rnd = new java.util.Random(): null

2018-12-11 14:24:44 - [TEST_STEP][PASSED] - Statement - snum = rnd.nextInt(899999 + 1) + 100000: null

2018-12-11 14:24:44 - [TEST_STEP][PASSED] - Statement - tnum = rnd.nextInt(899999 + 1) + 100000: null

2018-12-11 14:24:44 - [TEST_STEP][PASSED] - Statement - IC = java.lang.Integer.toString(snum) + java.lang.Integer.toString(tnum): null

2018-12-11 14:24:44 - [TEST_STEP][PASSED] - Statement - out.println(IC): null

2018-12-11 14:24:44 - [TEST_STEP][PASSED] - setText: Text '916916514922' is set on object 'Object Repository/Final Object Repo/Creating Employer Account/Page_Registration - ASSIST (Base)/Identification Number'

2018-12-11 14:24:44 - [MESSAGE][PASSED] - Text '916916514922' is set on object 'Object Repository/Final Object Repo/Creating Employer Account/Page_Registration - ASSIST (Base)/Identification Number'

2018-12-11 14:24:44 - [TEST_STEP][PASSED] - delay: Delayed 2 second(s)

2018-12-11 14:24:46 - [MESSAGE][PASSED] - Delayed 2 second(s)

2018-12-11 14:24:46 - [TEST_STEP][PASSED] - setText: Text '123456789012' is set on object 'Object Repository/Final Object Repo/Creating Employer Account/Page_Registration - ASSIST (Base)/Contact Number'

2018-12-11 14:24:46 - [MESSAGE][PASSED] - Text '123456789012' is set on object 'Object Repository/Final Object Repo/Creating Employer Account/Page_Registration - ASSIST (Base)/Contact Number'

2018-12-11 14:24:46 - [TEST_STEP][PASSED] - Statement - Email = "perkeso" + IC + "@gmail.com": null

2018-12-11 14:24:46 - [TEST_STEP][PASSED] - delay: Delayed 2 second(s)

2018-12-11 14:24:48 - [MESSAGE][PASSED] - Delayed 2 second(s)

2018-12-11 14:24:48 - [TEST_STEP][PASSED] - callTestCase: Call Test Case 'Test Cases/Final Aug 2018 - PKS Automation/Create Employer Acc/Template/Employer Email Settler' successfully

2018-12-11 14:24:48 - [TEST_CASE][PASSED] - Test Cases/Final Aug 2018 - PKS Automation/Create Employer Acc/Template/Employer Email Settler: Test Cases/Final Aug 2018 - PKS Automation/Create Employer Acc/Template/Employer Email Settler

2018-12-11 14:24:48 - [TEST_STEP][PASSED] - Statement - EmpEmailOld = new java.io.File(C://Users//Admin//Desktop//PKS//Automation Reference Point//EmpEmail.txt): null

2018-12-11 14:24:48 - [TEST_STEP][PASSED] - Statement - EmpEmailOld.delete(): null

2018-12-11 14:24:48 - [TEST_STEP][PASSED] - delay: Delayed 5 second(s)

2018-12-11 14:24:53 - [MESSAGE][PASSED] - Delayed 5 second(s)

2018-12-11 14:24:53 - [TEST_STEP][PASSED] - Statement - EmpEmail = new java.io.File(C://Users//Admin//Desktop//PKS//Automation Reference Point//EmpEmail.txt): null

2018-12-11 14:24:53 - [TEST_STEP][PASSED] - Statement - f2 = new java.io.FileWriter(EmpEmail, false): null

2018-12-11 14:24:53 - [TEST_STEP][PASSED] - Statement - f2.write(Email): null

2018-12-11 14:24:53 - [TEST_STEP][PASSED] - Statement - f2.close(): null

2018-12-11 14:24:53 - [TEST_STEP][PASSED] - Statement - out.println(Email): null

2018-12-11 14:24:53 - [MESSAGE][PASSED] - Call Test Case 'Test Cases/Final Aug 2018 - PKS Automation/Create Employer Acc/Template/Employer Email Settler' successfully

2018-12-11 14:24:53 - [TEST_STEP][PASSED] - delay: Delayed 2 second(s)

2018-12-11 14:24:55 - [MESSAGE][PASSED] - Delayed 2 second(s)

2018-12-11 14:24:55 - [TEST_STEP][PASSED] - setText: Text 'perkeso916916514922@gmail.com' is set on object 'Object Repository/Final Object Repo/Creating Employer Account/Page_Registration - ASSIST (Base)/Email'

2018-12-11 14:24:56 - [MESSAGE][PASSED] - Text 'perkeso916916514922@gmail.com' is set on object 'Object Repository/Final Object Repo/Creating Employer Account/Page_Registration - ASSIST (Base)/Email'

2018-12-11 14:24:56 - [TEST_STEP][PASSED] - setText: Text '123' is set on object 'Object Repository/Final Object Repo/Creating Employer Account/Page_Registration - ASSIST (Base)/Security Phase'

2018-12-11 14:24:56 - [MESSAGE][PASSED] - Text '123' is set on object 'Object Repository/Final Object Repo/Creating Employer Account/Page_Registration - ASSIST (Base)/Security Phase'

2018-12-11 14:24:56 - [TEST_STEP][PASSED] - click: Object: 'Object Repository/Final Object Repo/Creating Employer Account/Page_Registration - ASSIST (Base)/Save  Continue' is clicked on

2018-12-11 14:24:56 - [MESSAGE][PASSED] - Object: 'Object Repository/Final Object Repo/Creating Employer Account/Page_Registration - ASSIST (Base)/Save  Continue' is clicked on

2018-12-11 14:24:56 - [TEST_STEP][PASSED] - delay: Delayed 2 second(s)

2018-12-11 14:24:58 - [MESSAGE][PASSED] - Delayed 2 second(s)

2018-12-11 14:24:58 - [TEST_STEP][PASSED] - click: Object: 'Object Repository/Final Object Repo/Creating Employer Account/Page_Registration - ASSIST (Base)/Add Document' is clicked on

2018-12-11 14:24:58 - [MESSAGE][PASSED] - Object: 'Object Repository/Final Object Repo/Creating Employer Account/Page_Registration - ASSIST (Base)/Add Document' is clicked on

2018-12-11 14:24:58 - [TEST_STEP][PASSED] - delay: Delayed 2 second(s)

2018-12-11 14:25:00 - [MESSAGE][PASSED] - Delayed 2 second(s)

2018-12-11 14:25:00 - [TEST_STEP][PASSED] - click: Object: 'Object Repository/Final Object Repo/Creating Employer Account/Page_Registration - ASSIST (Base)/Document Type' is clicked on

2018-12-11 14:25:01 - [MESSAGE][PASSED] - Object: 'Object Repository/Final Object Repo/Creating Employer Account/Page_Registration - ASSIST (Base)/Document Type' is clicked on

2018-12-11 14:25:01 - [TEST_STEP][PASSED] - delay: Delayed 2 second(s)

2018-12-11 14:25:03 - [MESSAGE][PASSED] - Delayed 2 second(s)

2018-12-11 14:25:03 - [TEST_STEP][PASSED] - click: Object: 'Object Repository/Final Object Repo/Creating Employer Account/Page_Registration - ASSIST (Base)/Document Type - Letter of Authorization' is clicked on

2018-12-11 14:25:03 - [MESSAGE][PASSED] - Object: 'Object Repository/Final Object Repo/Creating Employer Account/Page_Registration - ASSIST (Base)/Document Type - Letter of Authorization' is clicked on

2018-12-11 14:25:03 - [TEST_STEP][PASSED] - delay: Delayed 2 second(s)

2018-12-11 14:25:05 - [MESSAGE][PASSED] - Delayed 2 second(s)

2018-12-11 14:25:05 - [TEST_STEP][PASSED] - sendKeys: Keys 'C:\Users\Public\Pictures\Sample Pictures\Koala.jpg' sent to object: 'Object Repository/Final Object Repo/Creating Employer Account/Page_Registration - ASSIST (Base)/Uploading File'

2018-12-11 14:25:05 - [MESSAGE][PASSED] - Keys 'C:\Users\Public\Pictures\Sample Pictures\Koala.jpg' sent to object: 'Object Repository/Final Object Repo/Creating Employer Account/Page_Registration - ASSIST (Base)/Uploading File'

2018-12-11 14:25:05 - [TEST_STEP][PASSED] - delay: Delayed 2 second(s)

2018-12-11 14:25:07 - [MESSAGE][PASSED] - Delayed 2 second(s)

2018-12-11 14:25:07 - [TEST_STEP][PASSED] - click: Object: 'Object Repository/Final Object Repo/Creating Employer Account/Page_Registration - ASSIST (Base)/Add Document in Uploading File' is clicked on

2018-12-11 14:25:07 - [MESSAGE][PASSED] - Object: 'Object Repository/Final Object Repo/Creating Employer Account/Page_Registration - ASSIST (Base)/Add Document in Uploading File' is clicked on

2018-12-11 14:25:07 - [TEST_STEP][PASSED] - delay: Delayed 2 second(s)

2018-12-11 14:25:09 - [MESSAGE][PASSED] - Delayed 2 second(s)

2018-12-11 14:25:09 - [TEST_STEP][PASSED] - click: Object: 'Object Repository/Final Object Repo/Creating Employer Account/Page_Registration - ASSIST (Base)/Save' is clicked on

2018-12-11 14:25:09 - [MESSAGE][PASSED] - Object: 'Object Repository/Final Object Repo/Creating Employer Account/Page_Registration - ASSIST (Base)/Save' is clicked on

2018-12-11 14:25:09 - [TEST_STEP][PASSED] - delay: Delayed 2 second(s)

2018-12-11 14:25:11 - [MESSAGE][PASSED] - Delayed 2 second(s)

2018-12-11 14:25:11 - [TEST_STEP][PASSED] - click: Object: 'Object Repository/Final Object Repo/Creating Employer Account/Page_Registration - ASSIST (Base)/Submit' is clicked on

2018-12-11 14:25:11 - [MESSAGE][PASSED] - Object: 'Object Repository/Final Object Repo/Creating Employer Account/Page_Registration - ASSIST (Base)/Submit' is clicked on

2018-12-11 14:25:11 - [TEST_STEP][PASSED] - delay: Delayed 2 second(s)

2018-12-11 14:25:13 - [MESSAGE][PASSED] - Delayed 2 second(s)

2018-12-11 14:25:13 - [TEST_STEP][PASSED] - click: Object: 'Object Repository/Final Object Repo/Creating Employer Account/Page_Registration - ASSIST (Base)/Confirm' is clicked on

2018-12-11 14:25:14 - [MESSAGE][PASSED] - Object: 'Object Repository/Final Object Repo/Creating Employer Account/Page_Registration - ASSIST (Base)/Confirm' is clicked on

2018-12-11 14:25:14 - [MESSAGE][PASSED] - Call Test Case 'Test Cases/Final Aug 2018 - PKS Automation/Create Employer Acc/Template/Register Employer' successfully

2018-12-11 14:25:14 - [TEST_STEP][PASSED] - delay: Delayed 1 second(s)

2018-12-11 14:25:15 - [MESSAGE][PASSED] - Delayed 1 second(s)

2018-12-11 14:25:15 - [TEST_STEP][PASSED] - navigateToUrl: Navigate to 'https://assist2-uat.perkeso.gov.my/c/portal/logout' successfully

2018-12-11 14:25:16 - [MESSAGE][PASSED] - Navigate to 'https://assist2-uat.perkeso.gov.my/c/portal/logout' successfully

2018-12-11 14:25:16 - [TEST_STEP][PASSED] - delay: Delayed 1 second(s)

2018-12-11 14:25:17 - [MESSAGE][PASSED] - Delayed 1 second(s)

2018-12-11 14:25:17 - [TEST_STEP][PASSED] - callTestCase: Call Test Case 'Test Cases/Final Aug 2018 - PKS Automation/Create Employer Acc/Template/Change Password of Employer' successfully

2018-12-11 14:25:17 - [TEST_CASE][PASSED] - Test Cases/Final Aug 2018 - PKS Automation/Create Employer Acc/Template/Change Password of Employer: Test Cases/Final Aug 2018 - PKS Automation/Create Employer Acc/Template/Change Password of Employer

2018-12-11 14:25:17 - [TEST_STEP][PASSED] - openBrowser: Browser is opened with url: ''

2018-12-11 14:25:17 - [MESSAGE][WARNING] - A browser is already opened. Closing browser and opening a new one

2018-12-11 14:25:22 - [MESSAGE][PASSED] - Browser is opened with url: ''

2018-12-11 14:25:22 - [TEST_STEP][PASSED] - navigateToUrl: Navigate to 'https://assist2-uat.perkeso.gov.my/login' successfully

2018-12-11 14:25:23 - [MESSAGE][PASSED] - Navigate to 'https://assist2-uat.perkeso.gov.my/login' successfully

2018-12-11 14:25:23 - [TEST_STEP][PASSED] - delay: Delayed 5 second(s)

2018-12-11 14:25:28 - [MESSAGE][PASSED] - Delayed 5 second(s)

2018-12-11 14:25:28 - [TEST_STEP][PASSED] - setText: Text 'test@liferay.com' is set on object 'Object Repository/Final Object Repo/Login Page/Internal User/Email Address'

2018-12-11 14:25:29 - [MESSAGE][PASSED] - Text 'test@liferay.com' is set on object 'Object Repository/Final Object Repo/Login Page/Internal User/Email Address'

2018-12-11 14:25:29 - [TEST_STEP][PASSED] - click: Object: 'Object Repository/Final Object Repo/Login Page/Internal User/Next Button' is clicked on

2018-12-11 14:25:29 - [MESSAGE][PASSED] - Object: 'Object Repository/Final Object Repo/Login Page/Internal User/Next Button' is clicked on

2018-12-11 14:25:29 - [TEST_STEP][PASSED] - delay: Delayed 2 second(s)

2018-12-11 14:25:31 - [MESSAGE][PASSED] - Delayed 2 second(s)

2018-12-11 14:25:31 - [TEST_STEP][PASSED] - setText: Text 'test' is set on object 'Object Repository/Final Object Repo/Login Page/Internal User/Password'

2018-12-11 14:25:31 - [MESSAGE][PASSED] - Text 'test' is set on object 'Object Repository/Final Object Repo/Login Page/Internal User/Password'

2018-12-11 14:25:31 - [TEST_STEP][PASSED] - delay: Delayed 2 second(s)

2018-12-11 14:25:33 - [MESSAGE][PASSED] - Delayed 2 second(s)

2018-12-11 14:25:33 - [TEST_STEP][PASSED] - click: Object: 'Object Repository/Final Object Repo/Login Page/Internal User/Login Button' is clicked on

2018-12-11 14:25:33 - [MESSAGE][PASSED] - Object: 'Object Repository/Final Object Repo/Login Page/Internal User/Login Button' is clicked on

2018-12-11 14:25:33 - [TEST_STEP][PASSED] - delay: Delayed 3 second(s)

2018-12-11 14:25:36 - [MESSAGE][PASSED] - Delayed 3 second(s)

2018-12-11 14:25:36 - [TEST_STEP][PASSED] - navigateToUrl: Navigate to 'https://assist2-uat.perkeso.gov.my/group/control_panel/manage?p_p_id=125&p_p_lifecycle=0&p_p_state=maximized&p_p_mode=view&refererPlid=20455&_125_usersListView=flat-users&_125_toolbarItem=view-all-users&_125_saveUsersListView=true&_125_struts_action=%2Fusers_admin%2Fview' successfully

2018-12-11 14:25:38 - [MESSAGE][PASSED] - Navigate to 'https://assist2-uat.perkeso.gov.my/group/control_panel/manage?p_p_id=125&p_p_lifecycle=0&p_p_state=maximized&p_p_mode=view&refererPlid=20455&_125_usersListView=flat-users&_125_toolbarItem=view-all-users&_125_saveUsersListView=true&_125_struts_action=%2Fusers_admin%2Fview' successfully

2018-12-11 14:25:38 - [TEST_STEP][PASSED] - delay: Delayed 3 second(s)

2018-12-11 14:25:41 - [MESSAGE][PASSED] - Delayed 3 second(s)

2018-12-11 14:25:41 - [TEST_STEP][PASSED] - setText: Text 'perkeso916916514922@gmail.com' is set on object 'Object Repository/Final Object Repo/Creating Employer Account/Page_Users and Organizations - ASSIST/Employer name'

2018-12-11 14:25:41 - [MESSAGE][PASSED] - Text 'perkeso916916514922@gmail.com' is set on object 'Object Repository/Final Object Repo/Creating Employer Account/Page_Users and Organizations - ASSIST/Employer name'

2018-12-11 14:25:41 - [TEST_STEP][PASSED] - delay: Delayed 3 second(s)

2018-12-11 14:25:44 - [MESSAGE][PASSED] - Delayed 3 second(s)

2018-12-11 14:25:44 - [TEST_STEP][PASSED] - click: Object: 'Object Repository/Final Object Repo/Creating Employer Account/Page_Users and Organizations - ASSIST/Search' is clicked on

2018-12-11 14:25:45 - [MESSAGE][PASSED] - Object: 'Object Repository/Final Object Repo/Creating Employer Account/Page_Users and Organizations - ASSIST/Search' is clicked on

2018-12-11 14:25:45 - [TEST_STEP][PASSED] - delay: Delayed 3 second(s)

2018-12-11 14:25:48 - [MESSAGE][PASSED] - Delayed 3 second(s)

2018-12-11 14:25:48 - [TEST_STEP][PASSED] - click: Object: 'Object Repository/Final Object Repo/Creating Employer Account/Page_Users and Organizations - ASSIST/Action' is clicked on

2018-12-11 14:25:49 - [MESSAGE][PASSED] - Object: 'Object Repository/Final Object Repo/Creating Employer Account/Page_Users and Organizations - ASSIST/Action' is clicked on

2018-12-11 14:25:49 - [TEST_STEP][PASSED] - delay: Delayed 3 second(s)

2018-12-11 14:25:52 - [MESSAGE][PASSED] - Delayed 3 second(s)

2018-12-11 14:25:52 - [TEST_STEP][PASSED] - click: Object: 'Object Repository/Final Object Repo/Creating Employer Account/Page_Users and Organizations - ASSIST/Edit' is clicked on

2018-12-11 14:25:53 - [MESSAGE][PASSED] - Object: 'Object Repository/Final Object Repo/Creating Employer Account/Page_Users and Organizations - ASSIST/Edit' is clicked on

2018-12-11 14:25:53 - [TEST_STEP][PASSED] - delay: Delayed 3 second(s)

2018-12-11 14:25:56 - [MESSAGE][PASSED] - Delayed 3 second(s)

2018-12-11 14:25:56 - [TEST_STEP][PASSED] - click: Object: 'Object Repository/Final Object Repo/Creating Employer Account/Page_PERKESO - Users and Organizati/a_Password (Modified)' is clicked on

2018-12-11 14:25:56 - [MESSAGE][PASSED] - Object: 'Object Repository/Final Object Repo/Creating Employer Account/Page_PERKESO - Users and Organizati/a_Password (Modified)' is clicked on

2018-12-11 14:25:56 - [TEST_STEP][PASSED] - delay: Delayed 3 second(s)

2018-12-11 14:25:59 - [MESSAGE][PASSED] - Delayed 3 second(s)

2018-12-11 14:25:59 - [TEST_STEP][PASSED] - setEncryptedText: Text ****** has been set on object 'Object Repository/Final Object Repo/Creating Employer Account/Page_PERKESO - Users and Organizati/input__125_password1'

2018-12-11 14:25:59 - [MESSAGE][PASSED] - Text ****** has been set on object 'Object Repository/Final Object Repo/Creating Employer Account/Page_PERKESO - Users and Organizati/input__125_password1'

2018-12-11 14:25:59 - [TEST_STEP][PASSED] - delay: Delayed 3 second(s)

2018-12-11 14:26:02 - [MESSAGE][PASSED] - Delayed 3 second(s)

2018-12-11 14:26:02 - [TEST_STEP][PASSED] - setEncryptedText: Text ****** has been set on object 'Object Repository/Final Object Repo/Creating Employer Account/Page_PERKESO - Users and Organizati/input__125_password2'

2018-12-11 14:26:03 - [MESSAGE][PASSED] - Text ****** has been set on object 'Object Repository/Final Object Repo/Creating Employer Account/Page_PERKESO - Users and Organizati/input__125_password2'

2018-12-11 14:26:03 - [TEST_STEP][PASSED] - delay: Delayed 3 second(s)

2018-12-11 14:26:06 - [MESSAGE][PASSED] - Delayed 3 second(s)

2018-12-11 14:26:06 - [TEST_STEP][PASSED] - click: Object: 'Object Repository/Final Object Repo/Creating Employer Account/Page_PERKESO - Users and Organizati/Save' is clicked on

2018-12-11 14:26:07 - [MESSAGE][PASSED] - Object: 'Object Repository/Final Object Repo/Creating Employer Account/Page_PERKESO - Users and Organizati/Save' is clicked on

2018-12-11 14:26:07 - [MESSAGE][PASSED] - Call Test Case 'Test Cases/Final Aug 2018 - PKS Automation/Create Employer Acc/Template/Change Password of Employer' successfully

2018-12-11 14:26:07 - [TEST_STEP][PASSED] - delay: Delayed 1 second(s)

2018-12-11 14:26:08 - [MESSAGE][PASSED] - Delayed 1 second(s)

2018-12-11 14:26:08 - [TEST_STEP][PASSED] - navigateToUrl: Navigate to 'https://assist2-uat.perkeso.gov.my/c/portal/logout' successfully

2018-12-11 14:26:09 - [MESSAGE][PASSED] - Navigate to 'https://assist2-uat.perkeso.gov.my/c/portal/logout' successfully

2018-12-11 14:26:09 - [TEST_STEP][PASSED] - delay: Delayed 1 second(s)

2018-12-11 14:26:10 - [MESSAGE][PASSED] - Delayed 1 second(s)

2018-12-11 14:26:10 - [TEST_STEP][PASSED] - callTestCase: Call Test Case 'Test Cases/Final Aug 2018 - PKS Automation/Create Employer Acc/Template/Login to Employer Account (First Time)' successfully

2018-12-11 14:26:10 - [TEST_CASE][PASSED] - Test Cases/Final Aug 2018 - PKS Automation/Create Employer Acc/Template/Login to Employer Account (First Time): Test Cases/Final Aug 2018 - PKS Automation/Create Employer Acc/Template/Login to Employer Account (First Time)

2018-12-11 14:26:10 - [TEST_STEP][PASSED] - openBrowser: Browser is opened with url: ''

2018-12-11 14:26:10 - [MESSAGE][WARNING] - A browser is already opened. Closing browser and opening a new one

2018-12-11 14:26:15 - [MESSAGE][PASSED] - Browser is opened with url: ''

2018-12-11 14:26:15 - [TEST_STEP][PASSED] - navigateToUrl: Navigate to 'https://assist2-uat.perkeso.gov.my/employer/login' successfully

2018-12-11 14:26:16 - [MESSAGE][PASSED] - Navigate to 'https://assist2-uat.perkeso.gov.my/employer/login' successfully

2018-12-11 14:26:16 - [TEST_STEP][PASSED] - delay: Delayed 3 second(s)

2018-12-11 14:26:19 - [MESSAGE][PASSED] - Delayed 3 second(s)

2018-12-11 14:26:19 - [TEST_STEP][PASSED] - callTestCase: Call Test Case 'Test Cases/Final Aug 2018 - PKS Automation/Create Employer Acc/Template/Employer Email Getter' successfully

2018-12-11 14:26:19 - [TEST_CASE][PASSED] - Test Cases/Final Aug 2018 - PKS Automation/Create Employer Acc/Template/Employer Email Getter: Test Cases/Final Aug 2018 - PKS Automation/Create Employer Acc/Template/Employer Email Getter

2018-12-11 14:26:19 - [TEST_STEP][PASSED] - Statement - Try: null

2018-12-11 14:26:19 - [TEST_STEP][PASSED] - Statement - EmpEmail = new java.io.File(C://Users//Admin//Desktop//PKS//Automation Reference Point//EmpEmail.txt): null

2018-12-11 14:26:19 - [TEST_STEP][PASSED] - Statement - bufferread = new java.io.BufferedReader(new java.io.FileReader(EmpEmail)): null

2018-12-11 14:26:19 - [TEST_STEP][PASSED] - Statement - readedVal = bufferread.readLine(): null

2018-12-11 14:26:19 - [TEST_STEP][PASSED] - Statement - out.println(readedVal): null

2018-12-11 14:26:19 - [TEST_STEP][PASSED] - Statement - Email = readedVal: null

2018-12-11 14:26:19 - [MESSAGE][PASSED] - Call Test Case 'Test Cases/Final Aug 2018 - PKS Automation/Create Employer Acc/Template/Employer Email Getter' successfully

2018-12-11 14:26:19 - [TEST_STEP][PASSED] - setText: Text 'perkeso916916514922@gmail.com' is set on object 'Object Repository/Final Object Repo/Login Page/External Login Page/Email'

2018-12-11 14:26:19 - [MESSAGE][PASSED] - Text 'perkeso916916514922@gmail.com' is set on object 'Object Repository/Final Object Repo/Login Page/External Login Page/Email'

2018-12-11 14:26:19 - [TEST_STEP][PASSED] - click: Object: 'Object Repository/Final Object Repo/Login Page/External Login Page/Next' is clicked on

2018-12-11 14:26:19 - [MESSAGE][PASSED] - Object: 'Object Repository/Final Object Repo/Login Page/External Login Page/Next' is clicked on

2018-12-11 14:26:19 - [TEST_STEP][PASSED] - delay: Delayed 3 second(s)

2018-12-11 14:26:22 - [MESSAGE][PASSED] - Delayed 3 second(s)

2018-12-11 14:26:22 - [TEST_STEP][PASSED] - setEncryptedText: Text ****** has been set on object 'Object Repository/Final Object Repo/Login Page/External Login Page/Password'

2018-12-11 14:26:23 - [MESSAGE][PASSED] - Text ****** has been set on object 'Object Repository/Final Object Repo/Login Page/External Login Page/Password'

2018-12-11 14:26:23 - [TEST_STEP][PASSED] - click: Object: 'Object Repository/Final Object Repo/Login Page/External Login Page/Login' is clicked on

2018-12-11 14:26:23 - [MESSAGE][PASSED] - Object: 'Object Repository/Final Object Repo/Login Page/External Login Page/Login' is clicked on

2018-12-11 14:26:23 - [TEST_STEP][PASSED] - delay: Delayed 3 second(s)

2018-12-11 14:26:26 - [MESSAGE][PASSED] - Delayed 3 second(s)

2018-12-11 14:26:26 - [TEST_STEP][PASSED] - click: Object: 'Object Repository/Final Object Repo/Creating Employer Account/Page_Terms of Use - ASSIST/button_I Agree' is clicked on

2018-12-11 14:26:27 - [MESSAGE][PASSED] - Object: 'Object Repository/Final Object Repo/Creating Employer Account/Page_Terms of Use - ASSIST/button_I Agree' is clicked on

2018-12-11 14:26:27 - [TEST_STEP][PASSED] - delay: Delayed 2 second(s)

2018-12-11 14:26:29 - [MESSAGE][PASSED] - Delayed 2 second(s)

2018-12-11 14:26:29 - [TEST_STEP][PASSED] - setEncryptedText: Text ****** has been set on object 'Object Repository/Final Object Repo/Creating Employer Account/Page_New Password - ASSIST/input_password1'

2018-12-11 14:26:29 - [MESSAGE][PASSED] - Text ****** has been set on object 'Object Repository/Final Object Repo/Creating Employer Account/Page_New Password - ASSIST/input_password1'

2018-12-11 14:26:29 - [TEST_STEP][PASSED] - setEncryptedText: Text ****** has been set on object 'Object Repository/Final Object Repo/Creating Employer Account/Page_New Password - ASSIST/input_password2'

2018-12-11 14:26:29 - [MESSAGE][PASSED] - Text ****** has been set on object 'Object Repository/Final Object Repo/Creating Employer Account/Page_New Password - ASSIST/input_password2'

2018-12-11 14:26:29 - [TEST_STEP][PASSED] - delay: Delayed 2 second(s)

2018-12-11 14:26:31 - [MESSAGE][PASSED] - Delayed 2 second(s)

2018-12-11 14:26:31 - [TEST_STEP][PASSED] - click: Object: 'Object Repository/Final Object Repo/Creating Employer Account/Page_New Password - ASSIST/Save' is clicked on

2018-12-11 14:26:32 - [MESSAGE][PASSED] - Object: 'Object Repository/Final Object Repo/Creating Employer Account/Page_New Password - ASSIST/Save' is clicked on

2018-12-11 14:26:32 - [TEST_STEP][PASSED] - delay: Delayed 2 second(s)

2018-12-11 14:26:34 - [MESSAGE][PASSED] - Delayed 2 second(s)

2018-12-11 14:26:34 - [TEST_STEP][PASSED] - setText: Text 'test' is set on object 'Object Repository/Final Object Repo/Creating Employer Account/Page_Password Reminder - ASSIST/Reminder Query Answer'

2018-12-11 14:26:34 - [MESSAGE][PASSED] - Text 'test' is set on object 'Object Repository/Final Object Repo/Creating Employer Account/Page_Password Reminder - ASSIST/Reminder Query Answer'

2018-12-11 14:26:34 - [TEST_STEP][PASSED] - delay: Delayed 2 second(s)

2018-12-11 14:26:36 - [MESSAGE][PASSED] - Delayed 2 second(s)

2018-12-11 14:26:36 - [TEST_STEP][PASSED] - doubleClick: Object: 'Object Repository/Final Object Repo/Creating Employer Account/Page_Password Reminder - ASSIST/Save' is double clicked on

2018-12-11 14:26:36 - [MESSAGE][PASSED] - Object: 'Object Repository/Final Object Repo/Creating Employer Account/Page_Password Reminder - ASSIST/Save' is double clicked on

2018-12-11 14:26:36 - [MESSAGE][PASSED] - Call Test Case 'Test Cases/Final Aug 2018 - PKS Automation/Create Employer Acc/Template/Login to Employer Account (First Time)' successfully

2018-12-11 14:26:36 - [MESSAGE][PASSED] - Call Test Case 'Test Cases/Final Aug 2018 - PKS Automation/Create Employer Acc/Create Employer Account' successfully

2018-12-11 14:26:36 - [TEST_STEP][PASSED] - callTestCase: Call Test Case 'Test Cases/Final Aug 2018 - PKS Automation/Registration Module/Log Out/log out avoiding katalon tagging' successfully

2018-12-11 14:26:36 - [TEST_CASE][PASSED] - Test Cases/Final Aug 2018 - PKS Automation/Registration Module/Log Out/log out avoiding katalon tagging: Test Cases/Final Aug 2018 - PKS Automation/Registration Module/Log Out/log out avoiding katalon tagging

2018-12-11 14:26:36 - [TEST_STEP][PASSED] - navigateToUrl: Navigate to 'https://assist2-uat.perkeso.gov.my/c/portal/logout' successfully

2018-12-11 14:26:39 - [MESSAGE][PASSED] - Navigate to 'https://assist2-uat.perkeso.gov.my/c/portal/logout' successfully

2018-12-11 14:26:39 - [MESSAGE][PASSED] - Call Test Case 'Test Cases/Final Aug 2018 - PKS Automation/Registration Module/Log Out/log out avoiding katalon tagging' successfully

2018-12-11 14:26:39 - [TEST_STEP][PASSED] - callTestCase: Call Test Case 'Test Cases/Final Aug 2018 - PKS Automation/Create Employer Acc/Login to Employer Account (Second time)' successfully

2018-12-11 14:26:39 - [TEST_CASE][PASSED] - Test Cases/Final Aug 2018 - PKS Automation/Create Employer Acc/Login to Employer Account (Second time): Test Cases/Final Aug 2018 - PKS Automation/Create Employer Acc/Login to Employer Account (Second time)

2018-12-11 14:26:39 - [TEST_STEP][PASSED] - openBrowser: Browser is opened with url: ''

2018-12-11 14:26:39 - [MESSAGE][WARNING] - A browser is already opened. Closing browser and opening a new one

2018-12-11 14:26:44 - [MESSAGE][PASSED] - Browser is opened with url: ''

2018-12-11 14:26:44 - [TEST_STEP][PASSED] - navigateToUrl: Navigate to 'https://assist2-uat.perkeso.gov.my/employer/login' successfully

2018-12-11 14:26:45 - [MESSAGE][PASSED] - Navigate to 'https://assist2-uat.perkeso.gov.my/employer/login' successfully

2018-12-11 14:26:45 - [TEST_STEP][PASSED] - delay: Delayed 3 second(s)

2018-12-11 14:26:48 - [MESSAGE][PASSED] - Delayed 3 second(s)

2018-12-11 14:26:48 - [TEST_STEP][PASSED] - callTestCase: Call Test Case 'Test Cases/Final Aug 2018 - PKS Automation/Create Employer Acc/Template/Employer Email Getter' successfully

2018-12-11 14:26:48 - [TEST_CASE][PASSED] - Test Cases/Final Aug 2018 - PKS Automation/Create Employer Acc/Template/Employer Email Getter: Test Cases/Final Aug 2018 - PKS Automation/Create Employer Acc/Template/Employer Email Getter

2018-12-11 14:26:48 - [TEST_STEP][PASSED] - Statement - Try: null

2018-12-11 14:26:48 - [TEST_STEP][PASSED] - Statement - EmpEmail = new java.io.File(C://Users//Admin//Desktop//PKS//Automation Reference Point//EmpEmail.txt): null

2018-12-11 14:26:48 - [TEST_STEP][PASSED] - Statement - bufferread = new java.io.BufferedReader(new java.io.FileReader(EmpEmail)): null

2018-12-11 14:26:48 - [TEST_STEP][PASSED] - Statement - readedVal = bufferread.readLine(): null

2018-12-11 14:26:48 - [TEST_STEP][PASSED] - Statement - out.println(readedVal): null

2018-12-11 14:26:48 - [TEST_STEP][PASSED] - Statement - Email = readedVal: null

2018-12-11 14:26:48 - [MESSAGE][PASSED] - Call Test Case 'Test Cases/Final Aug 2018 - PKS Automation/Create Employer Acc/Template/Employer Email Getter' successfully

2018-12-11 14:26:48 - [TEST_STEP][PASSED] - setText: Text 'perkeso916916514922@gmail.com' is set on object 'Object Repository/Final Object Repo/Login Page/External Login Page/Email'

2018-12-11 14:26:48 - [MESSAGE][PASSED] - Text 'perkeso916916514922@gmail.com' is set on object 'Object Repository/Final Object Repo/Login Page/External Login Page/Email'

2018-12-11 14:26:48 - [TEST_STEP][PASSED] - click: Object: 'Object Repository/Final Object Repo/Login Page/External Login Page/Next' is clicked on

2018-12-11 14:26:48 - [MESSAGE][PASSED] - Object: 'Object Repository/Final Object Repo/Login Page/External Login Page/Next' is clicked on

2018-12-11 14:26:48 - [TEST_STEP][PASSED] - delay: Delayed 3 second(s)

2018-12-11 14:26:51 - [MESSAGE][PASSED] - Delayed 3 second(s)

2018-12-11 14:26:51 - [TEST_STEP][PASSED] - setEncryptedText: Text ****** has been set on object 'Object Repository/Final Object Repo/Login Page/External Login Page/Password'

2018-12-11 14:26:52 - [MESSAGE][PASSED] - Text ****** has been set on object 'Object Repository/Final Object Repo/Login Page/External Login Page/Password'

2018-12-11 14:26:52 - [TEST_STEP][PASSED] - click: Object: 'Object Repository/Final Object Repo/Login Page/External Login Page/Login' is clicked on

2018-12-11 14:26:52 - [MESSAGE][PASSED] - Object: 'Object Repository/Final Object Repo/Login Page/External Login Page/Login' is clicked on

2018-12-11 14:26:52 - [TEST_STEP][PASSED] - delay: Delayed 5 second(s)

2018-12-11 14:26:57 - [MESSAGE][PASSED] - Delayed 5 second(s)

2018-12-11 14:26:57 - [MESSAGE][PASSED] - Call Test Case 'Test Cases/Final Aug 2018 - PKS Automation/Create Employer Acc/Login to Employer Account (Second time)' successfully

2018-12-11 14:26:57 - [TEST_STEP][PASSED] - Statement - Try: null

2018-12-11 14:26:57 - [TEST_STEP][PASSED] - Statement - Checker = com.kms.katalon.core.webui.keyword.WebUiBuiltInKeywords.verifyElementNotPresent("Final Object Repo/Landing Page/Select to English", 3): null

2018-12-11 14:26:57 - [TEST_STEP][PASSED] - Statement - Catch (Exception e): null

2018-12-11 14:26:57 - [TEST_STEP][PASSED] - Statement - e.printStackTrace(): null

2018-12-11 14:26:57 - [TEST_STEP][PASSED] - delay: Delayed 5 second(s)

2018-12-11 14:27:02 - [MESSAGE][PASSED] - Delayed 5 second(s)

2018-12-11 14:27:02 - [TEST_STEP][PASSED] - click: Object: 'Object Repository/Final Object Repo/Landing Page/My Sites Drop Down' is clicked on

2018-12-11 14:27:02 - [MESSAGE][PASSED] - Object: 'Object Repository/Final Object Repo/Landing Page/My Sites Drop Down' is clicked on

2018-12-11 14:27:02 - [TEST_STEP][PASSED] - click: Object: 'Object Repository/Final Object Repo/Landing Page/Select to Registration Module' is clicked on

2018-12-11 14:27:04 - [MESSAGE][PASSED] - Object: 'Object Repository/Final Object Repo/Landing Page/Select to Registration Module' is clicked on

2018-12-11 14:27:04 - [TEST_STEP][PASSED] - click: Object: 'Object Repository/Final Object Repo/Landing Page/Registration Button' is clicked on

2018-12-11 14:27:06 - [MESSAGE][PASSED] - Object: 'Object Repository/Final Object Repo/Landing Page/Registration Button' is clicked on

2018-12-11 14:27:06 - [TEST_STEP][PASSED] - delay: Delayed 2 second(s)

2018-12-11 14:27:08 - [MESSAGE][PASSED] - Delayed 2 second(s)

2018-12-11 14:27:08 - [TEST_STEP][PASSED] - click: Object: 'Object Repository/Final Object Repo/New Registration - Registration Module Pages/New Reg - OTC to RO/Special Case - OTC - Form 1/AEC NO' is clicked on

2018-12-11 14:27:08 - [MESSAGE][PASSED] - Object: 'Object Repository/Final Object Repo/New Registration - Registration Module Pages/New Reg - OTC to RO/Special Case - OTC - Form 1/AEC NO' is clicked on

2018-12-11 14:27:08 - [TEST_STEP][PASSED] - click: Object: 'Object Repository/Final Object Repo/New Registration - Registration Module Pages/New Reg - OTC to RO/Special Case - OTC - Form 1/Business Entity - Please Select' is clicked on

2018-12-11 14:27:08 - [MESSAGE][PASSED] - Object: 'Object Repository/Final Object Repo/New Registration - Registration Module Pages/New Reg - OTC to RO/Special Case - OTC - Form 1/Business Entity - Please Select' is clicked on

2018-12-11 14:27:08 - [TEST_STEP][PASSED] - click: Object: 'Object Repository/Final Object Repo/New Registration - Registration Module Pages/New Reg - OTC to RO/Special Case - OTC - Form 1/Selected - Corporation' is clicked on

2018-12-11 14:27:09 - [MESSAGE][PASSED] - Object: 'Object Repository/Final Object Repo/New Registration - Registration Module Pages/New Reg - OTC to RO/Special Case - OTC - Form 1/Selected - Corporation' is clicked on

2018-12-11 14:27:09 - [TEST_STEP][PASSED] - delay: Delayed 2 second(s)

2018-12-11 14:27:11 - [MESSAGE][PASSED] - Delayed 2 second(s)

2018-12-11 14:27:11 - [TEST_STEP][PASSED] - click: Object: 'Object Repository/Final Object Repo/New Registration - Registration Module Pages/New Reg - OTC to RO/Special Case - OTC - Form 1/Sub Business Entity - Please Select' is clicked on

2018-12-11 14:27:11 - [MESSAGE][PASSED] - Object: 'Object Repository/Final Object Repo/New Registration - Registration Module Pages/New Reg - OTC to RO/Special Case - OTC - Form 1/Sub Business Entity - Please Select' is clicked on

2018-12-11 14:27:11 - [TEST_STEP][PASSED] - delay: Delayed 2 second(s)

2018-12-11 14:27:13 - [MESSAGE][PASSED] - Delayed 2 second(s)

2018-12-11 14:27:13 - [TEST_STEP][PASSED] - click: Object: 'Object Repository/Final Object Repo/New Registration - Registration Module Pages/New Reg - OTC to RO/Special Case - OTC - Form 1/Selected - Sendirian Berhad' is clicked on

2018-12-11 14:27:13 - [MESSAGE][PASSED] - Object: 'Object Repository/Final Object Repo/New Registration - Registration Module Pages/New Reg - OTC to RO/Special Case - OTC - Form 1/Selected - Sendirian Berhad' is clicked on

2018-12-11 14:27:13 - [TEST_STEP][PASSED] - setText: Text 'AUTOMATE001' is set on object 'Object Repository/Final Object Repo/New Registration - Registration Module Pages/New Reg - OTC to RO/Special Case - OTC - Form 1/Input BRN Number'

2018-12-11 14:27:13 - [MESSAGE][PASSED] - Text 'AUTOMATE001' is set on object 'Object Repository/Final Object Repo/New Registration - Registration Module Pages/New Reg - OTC to RO/Special Case - OTC - Form 1/Input BRN Number'

2018-12-11 14:27:13 - [TEST_STEP][PASSED] - delay: Delayed 2 second(s)

2018-12-11 14:27:15 - [MESSAGE][PASSED] - Delayed 2 second(s)

2018-12-11 14:27:15 - [TEST_STEP][PASSED] - click: Object: 'Object Repository/Final Object Repo/New Registration - Registration Module Pages/New Reg - OTC to RO/Special Case - OTC - Form 1/BRN Search' is clicked on

2018-12-11 14:27:16 - [MESSAGE][PASSED] - Object: 'Object Repository/Final Object Repo/New Registration - Registration Module Pages/New Reg - OTC to RO/Special Case - OTC - Form 1/BRN Search' is clicked on

2018-12-11 14:27:16 - [TEST_STEP][PASSED] - delay: Delayed 4 second(s)

2018-12-11 14:27:20 - [MESSAGE][PASSED] - Delayed 4 second(s)

2018-12-11 14:27:20 - [TEST_STEP][PASSED] - click: Object: 'Object Repository/Final Object Repo/New Registration - Registration Module Pages/New Reg - OTC to RO/Special Case - OTC - Form 1/Registered with SSM - After Feb 2017' is clicked on

2018-12-11 14:27:20 - [MESSAGE][PASSED] - Object: 'Object Repository/Final Object Repo/New Registration - Registration Module Pages/New Reg - OTC to RO/Special Case - OTC - Form 1/Registered with SSM - After Feb 2017' is clicked on

2018-12-11 14:27:20 - [TEST_STEP][PASSED] - delay: Delayed 2 second(s)

2018-12-11 14:27:22 - [MESSAGE][PASSED] - Delayed 2 second(s)

2018-12-11 14:27:22 - [TEST_STEP][PASSED] - click: Object: 'Object Repository/Final Object Repo/New Registration - Registration Module Pages/New Reg - OTC to RO/Special Case - OTC - Form 1/Registering As A Branch - No' is clicked on

2018-12-11 14:27:22 - [MESSAGE][PASSED] - Object: 'Object Repository/Final Object Repo/New Registration - Registration Module Pages/New Reg - OTC to RO/Special Case - OTC - Form 1/Registering As A Branch - No' is clicked on

2018-12-11 14:27:22 - [TEST_STEP][PASSED] - click: Object: 'Object Repository/Final Object Repo/New Registration - Registration Module Pages/New Reg - OTC to RO/Special Case - OTC - Form 1/Acknowledgement Ticked' is clicked on

2018-12-11 14:27:22 - [MESSAGE][PASSED] - Object: 'Object Repository/Final Object Repo/New Registration - Registration Module Pages/New Reg - OTC to RO/Special Case - OTC - Form 1/Acknowledgement Ticked' is clicked on

2018-12-11 14:27:22 - [TEST_STEP][PASSED] - delay: Delayed 2 second(s)

2018-12-11 14:27:24 - [MESSAGE][PASSED] - Delayed 2 second(s)

2018-12-11 14:27:24 - [TEST_STEP][PASSED] - callTestCase: Call Test Case 'Test Cases/Final Aug 2018 - PKS Automation/Create Employer Acc/Template/Employer Email Getter' successfully

2018-12-11 14:27:24 - [TEST_CASE][PASSED] - Test Cases/Final Aug 2018 - PKS Automation/Create Employer Acc/Template/Employer Email Getter: Test Cases/Final Aug 2018 - PKS Automation/Create Employer Acc/Template/Employer Email Getter

2018-12-11 14:27:24 - [TEST_STEP][PASSED] - Statement - Try: null

2018-12-11 14:27:24 - [TEST_STEP][PASSED] - Statement - EmpEmail = new java.io.File(C://Users//Admin//Desktop//PKS//Automation Reference Point//EmpEmail.txt): null

2018-12-11 14:27:24 - [TEST_STEP][PASSED] - Statement - bufferread = new java.io.BufferedReader(new java.io.FileReader(EmpEmail)): null

2018-12-11 14:27:24 - [TEST_STEP][PASSED] - Statement - readedVal = bufferread.readLine(): null

2018-12-11 14:27:24 - [TEST_STEP][PASSED] - Statement - out.println(readedVal): null

2018-12-11 14:27:24 - [TEST_STEP][PASSED] - Statement - Email = readedVal: null

2018-12-11 14:27:24 - [MESSAGE][PASSED] - Call Test Case 'Test Cases/Final Aug 2018 - PKS Automation/Create Employer Acc/Template/Employer Email Getter' successfully

2018-12-11 14:27:24 - [TEST_STEP][PASSED] - setText: Text 'perkeso916916514922@gmail.com' is set on object 'Object Repository/Final Object Repo/Creating Employer Account/Email'

2018-12-11 14:27:25 - [MESSAGE][PASSED] - Text 'perkeso916916514922@gmail.com' is set on object 'Object Repository/Final Object Repo/Creating Employer Account/Email'

2018-12-11 14:27:25 - [TEST_STEP][PASSED] - delay: Delayed 2 second(s)

2018-12-11 14:27:27 - [MESSAGE][PASSED] - Delayed 2 second(s)

2018-12-11 14:27:27 - [TEST_STEP][PASSED] - click: Object: 'Object Repository/Final Object Repo/New Registration - Registration Module Pages/New Reg - OTC to RO/Special Case - OTC - Form 1/Submit Button' is clicked on

2018-12-11 14:27:27 - [MESSAGE][PASSED] - Object: 'Object Repository/Final Object Repo/New Registration - Registration Module Pages/New Reg - OTC to RO/Special Case - OTC - Form 1/Submit Button' is clicked on

2018-12-11 14:27:27 - [TEST_STEP][PASSED] - delay: Delayed 2 second(s)

2018-12-11 14:27:29 - [MESSAGE][PASSED] - Delayed 2 second(s)

2018-12-11 14:27:29 - [TEST_STEP][PASSED] - click: Object: 'Object Repository/Final Object Repo/New Registration - Registration Module Pages/New Reg - OTC to RO/Special Case - OTC - Form 1/Confirm No Flagging as Branch' is clicked on

2018-12-11 14:27:29 - [MESSAGE][PASSED] - Object: 'Object Repository/Final Object Repo/New Registration - Registration Module Pages/New Reg - OTC to RO/Special Case - OTC - Form 1/Confirm No Flagging as Branch' is clicked on

2018-12-11 14:27:29 - [MESSAGE][PASSED] - Call Test Case 'Test Cases/Final Aug 2018 - PKS Automation/Registration Module/Workflow/New Registration/Template/Special Case - Employer - Form 1' successfully

2018-12-11 14:27:29 - [TEST_STEP][PASSED] - callTestCase: Call Test Case 'Test Cases/Final Aug 2018 - PKS Automation/Registration Module/New Registration/Form 2/Add 1 Eligible - Employer Account Use' successfully

2018-12-11 14:27:29 - [TEST_CASE][PASSED] - Test Cases/Final Aug 2018 - PKS Automation/Registration Module/New Registration/Form 2/Add 1 Eligible - Employer Account Use: Test Cases/Final Aug 2018 - PKS Automation/Registration Module/New Registration/Form 2/Add 1 Eligible - Employer Account Use

2018-12-11 14:27:29 - [TEST_STEP][PASSED] - delay: Delayed 2 second(s)

2018-12-11 14:27:31 - [MESSAGE][PASSED] - Delayed 2 second(s)

2018-12-11 14:27:31 - [TEST_STEP][PASSED] - callTestCase: Call Test Case 'Test Cases/Final Aug 2018 - PKS Automation/Registration Module/New Registration/Form 2/Date Updater' successfully

2018-12-11 14:27:31 - [TEST_CASE][PASSED] - Test Cases/Final Aug 2018 - PKS Automation/Registration Module/New Registration/Form 2/Date Updater: Test Cases/Final Aug 2018 - PKS Automation/Registration Module/New Registration/Form 2/Date Updater

2018-12-11 14:27:32 - [TEST_STEP][PASSED] - Statement - TodayDate = new java.util.Date(): null

2018-12-11 14:27:32 - [TEST_STEP][PASSED] - Statement - CurrentDateNoFilter = new java.text.SimpleDateFormat(): null

2018-12-11 14:27:32 - [TEST_STEP][PASSED] - Statement - CurrentDateNoFilter.applyPattern("MM"): null

2018-12-11 14:27:32 - [TEST_STEP][PASSED] - Statement - monthContainerMatcher = java.lang.Integer.parseInt(CurrentDateNoFilter.format(TodayDate)): null

2018-12-11 14:27:32 - [TEST_STEP][PASSED] - Statement - monthContainerMatcher = monthContainerMatcher - 1: null

2018-12-11 14:27:32 - [TEST_STEP][PASSED] - Statement - CurrentMonth = monthContainerMatcher.toString(): null

2018-12-11 14:27:32 - [TEST_STEP][PASSED] - Statement - CurrentMonth = CurrentMonth: null

2018-12-11 14:27:32 - [TEST_STEP][PASSED] - Statement - CurrentDateNoFilter.applyPattern("yyyy"): null

2018-12-11 14:27:32 - [TEST_STEP][PASSED] - Statement - CurrentYear = CurrentDateNoFilter.format(TodayDate): null

2018-12-11 14:27:32 - [TEST_STEP][PASSED] - Statement - CurrentYear = CurrentYear: null

2018-12-11 14:27:32 - [TEST_STEP][PASSED] - Statement - intCurrentYear = java.lang.Integer.parseInt(CurrentDateNoFilter.format(TodayDate)): null

2018-12-11 14:27:32 - [TEST_STEP][PASSED] - Statement - eighteenYrsAgo = intCurrentYear - 18: null

2018-12-11 14:27:32 - [TEST_STEP][PASSED] - Statement - eighteenYrsBeforeThisYr = eighteenYrsAgo.toString(): null

2018-12-11 14:27:32 - [TEST_STEP][PASSED] - Statement - EighteenYrsBefore = eighteenYrsBeforeThisYr: null

2018-12-11 14:27:32 - [TEST_STEP][PASSED] - Statement - fiftysevenYrsAgo = intCurrentYear - 57: null

2018-12-11 14:27:32 - [TEST_STEP][PASSED] - Statement - fiftysevenYrsBeforeThisYr = fiftysevenYrsAgo.toString(): null

2018-12-11 14:27:32 - [TEST_STEP][PASSED] - Statement - FiftysevenYrsBefore = fiftysevenYrsBeforeThisYr: null

2018-12-11 14:27:32 - [TEST_STEP][PASSED] - Statement - leapYear = false: null

2018-12-11 14:27:32 - [TEST_STEP][PASSED] - Statement - leapYear = intCurrentYear % 4 == 0: null

2018-12-11 14:27:32 - [TEST_STEP][PASSED] - Statement - CurrentDateNoFilter.applyPattern("dd"): null

2018-12-11 14:27:32 - [TEST_STEP][PASSED] - Statement - CurrentDate = CurrentDateNoFilter.format(TodayDate): null

2018-12-11 14:27:32 - [TEST_STEP][PASSED] - Statement - CurrentDate = java.lang.Integer.parseInt(CurrentDate): null

2018-12-11 14:27:32 - [TEST_STEP][PASSED] - Statement - CurrentDate = CurrentDate: null

2018-12-11 14:27:32 - [TEST_STEP][PASSED] - Statement - CurrentDay = java.lang.Integer.parseInt(CurrentDate): null

2018-12-11 14:27:32 - [TEST_STEP][PASSED] - Statement - ConfAdder = <not implemented yet for class: org.codehaus.groovy.ast.expr.EmptyExpression>: null

2018-12-11 14:27:32 - [TEST_STEP][PASSED] - Statement - out.println(CurrentMonth): null

2018-12-11 14:27:32 - [TEST_STEP][PASSED] - Statement - out.println(CurrentDate): null

2018-12-11 14:27:32 - [TEST_STEP][PASSED] - Statement - switch (CurrentDate): null

2018-12-11 14:27:32 - [TEST_STEP][PASSED] - Statement - Default: null

2018-12-11 14:27:32 - [TEST_STEP][PASSED] - Statement - ConfAdder = true: null

2018-12-11 14:27:32 - [TEST_STEP][PASSED] - Statement - Break: null

2018-12-11 14:27:32 - [TEST_STEP][PASSED] - Statement - aDayBefore = <not implemented yet for class: org.codehaus.groovy.ast.expr.EmptyExpression>: null

2018-12-11 14:27:32 - [TEST_STEP][PASSED] - Statement - out.println(ConfAdder): null

2018-12-11 14:27:32 - [TEST_STEP][PASSED] - Statement - If (ConfAdder == true): null

2018-12-11 14:27:32 - [TEST_STEP][PASSED] - Statement - aDayBefore = CurrentDay + 1: null

2018-12-11 14:27:32 - [TEST_STEP][PASSED] - Statement - out.println(aDayBefore): null

2018-12-11 14:27:32 - [TEST_STEP][PASSED] - Statement - If (aDayBefore == 1 && CurrentMonth == 11): null

2018-12-11 14:27:32 - [TEST_STEP][PASSED] - Statement - DayBefore = aDayBefore.toString(): null

2018-12-11 14:27:32 - [TEST_STEP][PASSED] - Statement - OneDayBefore = DayBefore: null

2018-12-11 14:27:32 - [MESSAGE][PASSED] - Call Test Case 'Test Cases/Final Aug 2018 - PKS Automation/Registration Module/New Registration/Form 2/Date Updater' successfully

2018-12-11 14:27:32 - [TEST_STEP][PASSED] - delay: Delayed 1 second(s)

2018-12-11 14:27:33 - [MESSAGE][PASSED] - Delayed 1 second(s)

2018-12-11 14:27:33 - [TEST_STEP][PASSED] - Statement - CaseReferenceNo = com.kms.katalon.core.webui.keyword.WebUiBuiltInKeywords.getText(com.kms.katalon.core.testobject.ObjectRepository.findTestObject(Final Object Repo/New Registration - Registration Module Pages/Form 2/RefNo Acquiring)): Text of object 'Object Repository/Final Object Repo/New Registration - Registration Module Pages/Form 2/RefNo Acquiring' is: 'CRN12201800123174'

2018-12-11 14:27:33 - [MESSAGE][PASSED] - Text of object 'Object Repository/Final Object Repo/New Registration - Registration Module Pages/Form 2/RefNo Acquiring' is: 'CRN12201800123174'

2018-12-11 14:27:33 - [TEST_STEP][PASSED] - delay: Delayed 1 second(s)

2018-12-11 14:27:34 - [MESSAGE][PASSED] - Delayed 1 second(s)

2018-12-11 14:27:34 - [TEST_STEP][PASSED] - click: Object: 'Object Repository/Final Object Repo/New Registration - Registration Module Pages/Form 2/Add Employee Button' is clicked on

2018-12-11 14:27:34 - [MESSAGE][PASSED] - Object: 'Object Repository/Final Object Repo/New Registration - Registration Module Pages/Form 2/Add Employee Button' is clicked on

2018-12-11 14:27:34 - [TEST_STEP][PASSED] - delay: Delayed 1 second(s)

2018-12-11 14:27:35 - [MESSAGE][PASSED] - Delayed 1 second(s)

2018-12-11 14:27:35 - [TEST_STEP][PASSED] - setText: Text '010903091948' is set on object 'Object Repository/Final Object Repo/New Registration - Registration Module Pages/Form 2/NRIC Input'

2018-12-11 14:27:35 - [MESSAGE][PASSED] - Text '010903091948' is set on object 'Object Repository/Final Object Repo/New Registration - Registration Module Pages/Form 2/NRIC Input'

2018-12-11 14:27:35 - [TEST_STEP][PASSED] - delay: Delayed 2 second(s)

2018-12-11 14:27:37 - [MESSAGE][PASSED] - Delayed 2 second(s)

2018-12-11 14:27:37 - [TEST_STEP][PASSED] - setText: Text 'Automate001 eligible 1' is set on object 'Object Repository/Final Object Repo/New Registration - Registration Module Pages/Form 2/Employee Name Input'

2018-12-11 14:27:38 - [MESSAGE][PASSED] - Text 'Automate001 eligible 1' is set on object 'Object Repository/Final Object Repo/New Registration - Registration Module Pages/Form 2/Employee Name Input'

2018-12-11 14:27:38 - [TEST_STEP][PASSED] - delay: Delayed 2 second(s)

2018-12-11 14:27:40 - [MESSAGE][PASSED] - Delayed 2 second(s)

2018-12-11 14:27:40 - [TEST_STEP][PASSED] - click: Object: 'Object Repository/Final Object Repo/New Registration - Registration Module Pages/Form 2/DatePicker Pop Up' is clicked on

2018-12-11 14:27:40 - [MESSAGE][PASSED] - Object: 'Object Repository/Final Object Repo/New Registration - Registration Module Pages/Form 2/DatePicker Pop Up' is clicked on

2018-12-11 14:27:40 - [TEST_STEP][PASSED] - click: Object: 'Object Repository/Final Object Repo/New Registration - Registration Module Pages/Form 2/DOB Month' is clicked on

2018-12-11 14:27:40 - [MESSAGE][PASSED] - Object: 'Object Repository/Final Object Repo/New Registration - Registration Module Pages/Form 2/DOB Month' is clicked on

2018-12-11 14:27:40 - [TEST_STEP][PASSED] - Statement - CurrentMonth = CurrentMonth: null

2018-12-11 14:27:40 - [TEST_STEP][PASSED] - Statement - selectMonth = new com.kms.katalon.core.testobject.TestObject(): null

2018-12-11 14:27:40 - [TEST_STEP][PASSED] - Statement - selectMonth.addProperty("xpath", EQUALS, "//body/div/div/div/select/option[@value='" + CurrentMonth + "']", true): null

2018-12-11 14:27:40 - [TEST_STEP][PASSED] - click: Object: '' is clicked on

2018-12-11 14:27:40 - [MESSAGE][PASSED] - Object: '' is clicked on

2018-12-11 14:27:40 - [TEST_STEP][PASSED] - click: Object: 'Object Repository/Final Object Repo/New Registration - Registration Module Pages/Form 2/DOB Year' is clicked on

2018-12-11 14:27:40 - [MESSAGE][PASSED] - Object: 'Object Repository/Final Object Repo/New Registration - Registration Module Pages/Form 2/DOB Year' is clicked on

2018-12-11 14:27:40 - [TEST_STEP][PASSED] - Statement - Eyearsbf = EighteenYrsBefore: null

2018-12-11 14:27:40 - [TEST_STEP][PASSED] - Statement - selectYear = new com.kms.katalon.core.testobject.TestObject(): null

2018-12-11 14:27:40 - [TEST_STEP][PASSED] - Statement - selectYear.addProperty("xpath", EQUALS, "//div/div/div/select/option[@value='" + Eyearsbf + "']", true): null

2018-12-11 14:27:40 - [TEST_STEP][PASSED] - click: Object: '' is clicked on

2018-12-11 14:27:41 - [MESSAGE][PASSED] - Object: '' is clicked on

2018-12-11 14:27:41 - [TEST_STEP][PASSED] - Statement - UpdatedSelectDate = com.kms.katalon.core.webui.keyword.WebUiBuiltInKeywords.modifyObjectProperty(com.kms.katalon.core.testobject.ObjectRepository.findTestObject(Final Object Repo/New Registration - Registration Module Pages/Form 2/DOB Date), "xpath", "equals", "//body/div/table/tbody/tr/td/a[text()="" + CurrentDate + ""]", true): Modify property of object successfully

2018-12-11 14:27:41 - [MESSAGE][PASSED] - Modify property of object successfully

2018-12-11 14:27:41 - [TEST_STEP][PASSED] - delay: Delayed 3 second(s)

2018-12-11 14:27:44 - [MESSAGE][PASSED] - Delayed 3 second(s)

2018-12-11 14:27:44 - [TEST_STEP][PASSED] - click: Object: 'Object Repository/Final Object Repo/New Registration - Registration Module Pages/Form 2/DOB Date' is clicked on

2018-12-11 14:27:44 - [MESSAGE][PASSED] - Object: 'Object Repository/Final Object Repo/New Registration - Registration Module Pages/Form 2/DOB Date' is clicked on

2018-12-11 14:27:44 - [TEST_STEP][PASSED] - delay: Delayed 2 second(s)

2018-12-11 14:27:46 - [MESSAGE][PASSED] - Delayed 2 second(s)

2018-12-11 14:27:46 - [TEST_STEP][PASSED] - click: Object: 'Object Repository/Final Object Repo/New Registration - Registration Module Pages/Form 2/EmploymentStartDate Pop Up' is clicked on

2018-12-11 14:27:46 - [MESSAGE][PASSED] - Object: 'Object Repository/Final Object Repo/New Registration - Registration Module Pages/Form 2/EmploymentStartDate Pop Up' is clicked on

2018-12-11 14:27:46 - [TEST_STEP][PASSED] - delay: Delayed 2 second(s)

2018-12-11 14:27:48 - [MESSAGE][PASSED] - Delayed 2 second(s)

2018-12-11 14:27:48 - [TEST_STEP][PASSED] - click: Object: 'Object Repository/Final Object Repo/New Registration - Registration Module Pages/Form 2/Socso Employment StartDate Month' is clicked on

2018-12-11 14:27:48 - [MESSAGE][PASSED] - Object: 'Object Repository/Final Object Repo/New Registration - Registration Module Pages/Form 2/Socso Employment StartDate Month' is clicked on

2018-12-11 14:27:48 - [TEST_STEP][PASSED] - delay: Delayed 1 second(s)

2018-12-11 14:27:49 - [MESSAGE][PASSED] - Delayed 1 second(s)

2018-12-11 14:27:49 - [TEST_STEP][PASSED] - click: Object: 'Object Repository/Final Object Repo/New Registration - Registration Module Pages/Form 2/Select Socso Employement Startdate Month' is clicked on

2018-12-11 14:27:49 - [MESSAGE][PASSED] - Object: 'Object Repository/Final Object Repo/New Registration - Registration Module Pages/Form 2/Select Socso Employement Startdate Month' is clicked on

2018-12-11 14:27:49 - [TEST_STEP][PASSED] - delay: Delayed 2 second(s)

2018-12-11 14:27:51 - [MESSAGE][PASSED] - Delayed 2 second(s)

2018-12-11 14:27:51 - [TEST_STEP][PASSED] - click: Object: 'Object Repository/Final Object Repo/New Registration - Registration Module Pages/Form 2/Socso Employment StartDate Year' is clicked on

2018-12-11 14:27:51 - [MESSAGE][PASSED] - Object: 'Object Repository/Final Object Repo/New Registration - Registration Module Pages/Form 2/Socso Employment StartDate Year' is clicked on

2018-12-11 14:27:51 - [TEST_STEP][PASSED] - delay: Delayed 1 second(s)

2018-12-11 14:27:52 - [MESSAGE][PASSED] - Delayed 1 second(s)

2018-12-11 14:27:52 - [TEST_STEP][PASSED] - click: Object: 'Object Repository/Final Object Repo/New Registration - Registration Module Pages/Form 2/Select Socso Employment Startdate Year' is clicked on

2018-12-11 14:27:53 - [MESSAGE][PASSED] - Object: 'Object Repository/Final Object Repo/New Registration - Registration Module Pages/Form 2/Select Socso Employment Startdate Year' is clicked on

2018-12-11 14:27:53 - [TEST_STEP][PASSED] - delay: Delayed 2 second(s)

2018-12-11 14:27:55 - [MESSAGE][PASSED] - Delayed 2 second(s)

2018-12-11 14:27:55 - [TEST_STEP][PASSED] - click: Object: 'Object Repository/Final Object Repo/New Registration - Registration Module Pages/Form 2/Socso Employment Start Date Day' is clicked on

2018-12-11 14:27:55 - [MESSAGE][PASSED] - Object: 'Object Repository/Final Object Repo/New Registration - Registration Module Pages/Form 2/Socso Employment Start Date Day' is clicked on

2018-12-11 14:27:55 - [TEST_STEP][PASSED] - delay: Delayed 2 second(s)

2018-12-11 14:27:57 - [MESSAGE][PASSED] - Delayed 2 second(s)

2018-12-11 14:27:57 - [TEST_STEP][PASSED] - click: Object: 'Object Repository/Final Object Repo/New Registration - Registration Module Pages/Form 2/Save Button for Add Employee' is clicked on

2018-12-11 14:27:57 - [MESSAGE][PASSED] - Object: 'Object Repository/Final Object Repo/New Registration - Registration Module Pages/Form 2/Save Button for Add Employee' is clicked on

2018-12-11 14:27:57 - [TEST_STEP][PASSED] - delay: Delayed 6 second(s)

2018-12-11 14:28:03 - [MESSAGE][PASSED] - Delayed 6 second(s)

2018-12-11 14:28:03 - [TEST_STEP][PASSED] - click: Object: 'Object Repository/Final Object Repo/New Registration - Registration Module Pages/Form 2/Save and Continue Form 2' is clicked on

2018-12-11 14:28:03 - [MESSAGE][PASSED] - Object: 'Object Repository/Final Object Repo/New Registration - Registration Module Pages/Form 2/Save and Continue Form 2' is clicked on

2018-12-11 14:28:03 - [MESSAGE][PASSED] - Call Test Case 'Test Cases/Final Aug 2018 - PKS Automation/Registration Module/New Registration/Form 2/Add 1 Eligible - Employer Account Use' successfully

2018-12-11 14:28:03 - [TEST_STEP][PASSED] - callTestCase: Call Test Case 'Test Cases/Final Aug 2018 - PKS Automation/Registration Module/New Registration/Flow of New Registration/Third Screen - Upload Supporting Doc - Preview' successfully

2018-12-11 14:28:03 - [TEST_CASE][PASSED] - Test Cases/Final Aug 2018 - PKS Automation/Registration Module/New Registration/Flow of New Registration/Third Screen - Upload Supporting Doc - Preview: Test Cases/Final Aug 2018 - PKS Automation/Registration Module/New Registration/Flow of New Registration/Third Screen - Upload Supporting Doc - Preview

2018-12-11 14:28:03 - [TEST_STEP][PASSED] - waitForPageLoad: Wait for page load successfully

2018-12-11 14:28:04 - [MESSAGE][PASSED] - Wait for page load successfully

2018-12-11 14:28:04 - [TEST_STEP][PASSED] - Statement - CaseReferenceNo = com.kms.katalon.core.webui.keyword.WebUiBuiltInKeywords.getText(com.kms.katalon.core.testobject.ObjectRepository.findTestObject(Final Object Repo/New Registration - Registration Module Pages/Third Screen - Upload Supporting Doc- Preview/RefNo Acquiring)): Text of object 'Object Repository/Final Object Repo/New Registration - Registration Module Pages/Third Screen - Upload Supporting Doc- Preview/RefNo Acquiring' is: 'CRN12201800123174'

2018-12-11 14:28:04 - [MESSAGE][PASSED] - Text of object 'Object Repository/Final Object Repo/New Registration - Registration Module Pages/Third Screen - Upload Supporting Doc- Preview/RefNo Acquiring' is: 'CRN12201800123174'

2018-12-11 14:28:04 - [TEST_STEP][PASSED] - delay: Delayed 2 second(s)

2018-12-11 14:28:06 - [MESSAGE][PASSED] - Delayed 2 second(s)

2018-12-11 14:28:06 - [TEST_STEP][PASSED] - callTestCase: Call Test Case 'Test Cases/Final Aug 2018 - PKS Automation/Common/Reference Number Setter' successfully

2018-12-11 14:28:06 - [TEST_CASE][PASSED] - Test Cases/Final Aug 2018 - PKS Automation/Common/Reference Number Setter: Test Cases/Final Aug 2018 - PKS Automation/Common/Reference Number Setter

2018-12-11 14:28:06 - [TEST_STEP][PASSED] - Statement - RefNoOldFile = new java.io.File(C://Users//Admin//Desktop//PKS//Automation Reference Point//KatalonReference.txt): null

2018-12-11 14:28:06 - [TEST_STEP][PASSED] - Statement - RefNoOldFile.delete(): null

2018-12-11 14:28:06 - [TEST_STEP][PASSED] - delay: Delayed 5 second(s)

2018-12-11 14:28:11 - [MESSAGE][PASSED] - Delayed 5 second(s)

2018-12-11 14:28:11 - [TEST_STEP][PASSED] - Statement - RefNo = new java.io.File(C://Users//Admin//Desktop//PKS//Automation Reference Point//KatalonReference.txt): null

2018-12-11 14:28:11 - [TEST_STEP][PASSED] - Statement - f2 = new java.io.FileWriter(RefNo, false): null

2018-12-11 14:28:11 - [TEST_STEP][PASSED] - Statement - f2.write(CaseReferenceNo): null

2018-12-11 14:28:11 - [TEST_STEP][PASSED] - Statement - f2.close(): null

2018-12-11 14:28:11 - [TEST_STEP][PASSED] - Statement - out.println("


" + CaseReferenceNo + "


"): null

2018-12-11 14:28:11 - [MESSAGE][PASSED] - Call Test Case 'Test Cases/Final Aug 2018 - PKS Automation/Common/Reference Number Setter' successfully

2018-12-11 14:28:11 - [TEST_STEP][PASSED] - waitForElementClickable: Object 'Object Repository/Final Object Repo/New Registration - Registration Module Pages/Third Screen - Upload Supporting Doc- Preview/Save n Continue in SIP Employee Listing Page' is clickable

2018-12-11 14:28:11 - [MESSAGE][PASSED] - Object 'Object Repository/Final Object Repo/New Registration - Registration Module Pages/Third Screen - Upload Supporting Doc- Preview/Save n Continue in SIP Employee Listing Page' is clickable

2018-12-11 14:28:11 - [TEST_STEP][PASSED] - click: Object: 'Object Repository/Final Object Repo/New Registration - Registration Module Pages/Third Screen - Upload Supporting Doc- Preview/Save n Continue in SIP Employee Listing Page' is clicked on

2018-12-11 14:28:17 - [MESSAGE][PASSED] - Object: 'Object Repository/Final Object Repo/New Registration - Registration Module Pages/Third Screen - Upload Supporting Doc- Preview/Save n Continue in SIP Employee Listing Page' is clicked on

2018-12-11 14:28:17 - [TEST_STEP][PASSED] - delay: Delayed 7 second(s)

2018-12-11 14:28:24 - [MESSAGE][PASSED] - Delayed 7 second(s)

2018-12-11 14:28:24 - [TEST_STEP][PASSED] - click: Object: 'Object Repository/Final Object Repo/New Registration - Registration Module Pages/Third Screen - Upload Supporting Doc- Preview/Add Document Button' is clicked on

2018-12-11 14:28:24 - [MESSAGE][PASSED] - Object: 'Object Repository/Final Object Repo/New Registration - Registration Module Pages/Third Screen - Upload Supporting Doc- Preview/Add Document Button' is clicked on

2018-12-11 14:28:24 - [TEST_STEP][PASSED] - delay: Delayed 30 second(s)

2018-12-11 14:28:54 - [MESSAGE][PASSED] - Delayed 30 second(s)

2018-12-11 14:28:54 - [TEST_STEP][PASSED] - click: Object: 'Object Repository/Final Object Repo/New Registration - Registration Module Pages/Third Screen - Upload Supporting Doc- Preview/Supporting Doc Please Select Drop Down' is clicked on

2018-12-11 14:28:54 - [MESSAGE][PASSED] - Object: 'Object Repository/Final Object Repo/New Registration - Registration Module Pages/Third Screen - Upload Supporting Doc- Preview/Supporting Doc Please Select Drop Down' is clicked on

2018-12-11 14:28:54 - [TEST_STEP][PASSED] - delay: Delayed 2 second(s)

2018-12-11 14:28:56 - [MESSAGE][PASSED] - Delayed 2 second(s)

2018-12-11 14:28:56 - [TEST_STEP][PASSED] - click: Object: 'Object Repository/Final Object Repo/New Registration - Registration Module Pages/Third Screen - Upload Supporting Doc- Preview/Select to Upload Form 1' is clicked on

2018-12-11 14:28:56 - [MESSAGE][PASSED] - Object: 'Object Repository/Final Object Repo/New Registration - Registration Module Pages/Third Screen - Upload Supporting Doc- Preview/Select to Upload Form 1' is clicked on

2018-12-11 14:28:56 - [TEST_STEP][PASSED] - delay: Delayed 2 second(s)

2018-12-11 14:28:58 - [MESSAGE][PASSED] - Delayed 2 second(s)

2018-12-11 14:28:58 - [TEST_STEP][PASSED] - uploadFile: File 'C:\Users\Public\Pictures\Sample Pictures\Koala.jpg' sent to object: 'Object Repository/Final Object Repo/New Registration - Registration Module Pages/Third Screen - Upload Supporting Doc- Preview/Upload File Adding'

2018-12-11 14:28:58 - [MESSAGE][PASSED] - File 'C:\Users\Public\Pictures\Sample Pictures\Koala.jpg' sent to object: 'Object Repository/Final Object Repo/New Registration - Registration Module Pages/Third Screen - Upload Supporting Doc- Preview/Upload File Adding'

2018-12-11 14:28:58 - [TEST_STEP][PASSED] - delay: Delayed 5 second(s)

2018-12-11 14:29:03 - [MESSAGE][PASSED] - Delayed 5 second(s)

2018-12-11 14:29:03 - [TEST_STEP][PASSED] - click: Object: 'Object Repository/Final Object Repo/New Registration - Registration Module Pages/Third Screen - Upload Supporting Doc- Preview/Inner Form Add Document Button' is clicked on

2018-12-11 14:29:04 - [MESSAGE][PASSED] - Object: 'Object Repository/Final Object Repo/New Registration - Registration Module Pages/Third Screen - Upload Supporting Doc- Preview/Inner Form Add Document Button' is clicked on

2018-12-11 14:29:04 - [TEST_STEP][PASSED] - delay: Delayed 3 second(s)

2018-12-11 14:29:07 - [MESSAGE][PASSED] - Delayed 3 second(s)

2018-12-11 14:29:07 - [TEST_STEP][PASSED] - click: Object: 'Object Repository/Final Object Repo/New Registration - Registration Module Pages/Third Screen - Upload Supporting Doc- Preview/Add Document Button' is clicked on

2018-12-11 14:29:08 - [MESSAGE][PASSED] - Object: 'Object Repository/Final Object Repo/New Registration - Registration Module Pages/Third Screen - Upload Supporting Doc- Preview/Add Document Button' is clicked on

2018-12-11 14:29:08 - [TEST_STEP][PASSED] - delay: Delayed 30 second(s)

2018-12-11 14:29:38 - [MESSAGE][PASSED] - Delayed 30 second(s)

2018-12-11 14:29:38 - [TEST_STEP][PASSED] - click: Object: 'Object Repository/Final Object Repo/New Registration - Registration Module Pages/Third Screen - Upload Supporting Doc- Preview/Supporting Doc Please Select Drop Down' is clicked on

2018-12-11 14:29:38 - [MESSAGE][PASSED] - Object: 'Object Repository/Final Object Repo/New Registration - Registration Module Pages/Third Screen - Upload Supporting Doc- Preview/Supporting Doc Please Select Drop Down' is clicked on

2018-12-11 14:29:38 - [TEST_STEP][PASSED] - delay: Delayed 4 second(s)

2018-12-11 14:29:42 - [MESSAGE][PASSED] - Delayed 4 second(s)

2018-12-11 14:29:42 - [TEST_STEP][PASSED] - click: Object: 'Object Repository/Final Object Repo/New Registration - Registration Module Pages/Third Screen - Upload Supporting Doc- Preview/Select to Upload Form 2' is clicked on

2018-12-11 14:29:42 - [MESSAGE][PASSED] - Object: 'Object Repository/Final Object Repo/New Registration - Registration Module Pages/Third Screen - Upload Supporting Doc- Preview/Select to Upload Form 2' is clicked on

2018-12-11 14:29:42 - [TEST_STEP][PASSED] - delay: Delayed 2 second(s)

2018-12-11 14:29:44 - [MESSAGE][PASSED] - Delayed 2 second(s)

2018-12-11 14:29:44 - [TEST_STEP][PASSED] - uploadFile: File 'C:\Users\Public\Pictures\Sample Pictures\Koala.jpg' sent to object: 'Object Repository/Final Object Repo/New Registration - Registration Module Pages/Third Screen - Upload Supporting Doc- Preview/Upload File Adding'

2018-12-11 14:29:45 - [MESSAGE][PASSED] - File 'C:\Users\Public\Pictures\Sample Pictures\Koala.jpg' sent to object: 'Object Repository/Final Object Repo/New Registration - Registration Module Pages/Third Screen - Upload Supporting Doc- Preview/Upload File Adding'

2018-12-11 14:29:45 - [TEST_STEP][PASSED] - click: Object: 'Object Repository/Final Object Repo/New Registration - Registration Module Pages/Third Screen - Upload Supporting Doc- Preview/Inner Form Add Document Button' is clicked on

2018-12-11 14:29:45 - [MESSAGE][PASSED] - Object: 'Object Repository/Final Object Repo/New Registration - Registration Module Pages/Third Screen - Upload Supporting Doc- Preview/Inner Form Add Document Button' is clicked on

2018-12-11 14:29:45 - [TEST_STEP][PASSED] - delay: Delayed 5 second(s)

2018-12-11 14:29:50 - [MESSAGE][PASSED] - Delayed 5 second(s)

2018-12-11 14:29:50 - [TEST_STEP][PASSED] - click: Object: 'Object Repository/Final Object Repo/New Registration - Registration Module Pages/Third Screen - Upload Supporting Doc- Preview/Add Document Button' is clicked on

2018-12-11 14:29:50 - [MESSAGE][PASSED] - Object: 'Object Repository/Final Object Repo/New Registration - Registration Module Pages/Third Screen - Upload Supporting Doc- Preview/Add Document Button' is clicked on

2018-12-11 14:29:50 - [TEST_STEP][PASSED] - delay: Delayed 30 second(s)

2018-12-11 14:30:20 - [MESSAGE][PASSED] - Delayed 30 second(s)

2018-12-11 14:30:20 - [TEST_STEP][PASSED] - click: Object: 'Object Repository/Final Object Repo/New Registration - Registration Module Pages/Third Screen - Upload Supporting Doc- Preview/Supporting Doc Please Select Drop Down' is clicked on

2018-12-11 14:30:20 - [MESSAGE][PASSED] - Object: 'Object Repository/Final Object Repo/New Registration - Registration Module Pages/Third Screen - Upload Supporting Doc- Preview/Supporting Doc Please Select Drop Down' is clicked on

2018-12-11 14:30:20 - [TEST_STEP][PASSED] - click: Object: 'Object Repository/Final Object Repo/New Registration - Registration Module Pages/Third Screen - Upload Supporting Doc- Preview/Select to Upload Borang SIP 1' is clicked on

2018-12-11 14:30:20 - [MESSAGE][PASSED] - Object: 'Object Repository/Final Object Repo/New Registration - Registration Module Pages/Third Screen - Upload Supporting Doc- Preview/Select to Upload Borang SIP 1' is clicked on

2018-12-11 14:30:20 - [TEST_STEP][PASSED] - delay: Delayed 2 second(s)

2018-12-11 14:30:22 - [MESSAGE][PASSED] - Delayed 2 second(s)

2018-12-11 14:30:22 - [TEST_STEP][PASSED] - uploadFile: File 'C:\Users\Public\Pictures\Sample Pictures\Koala.jpg' sent to object: 'Object Repository/Final Object Repo/New Registration - Registration Module Pages/Third Screen - Upload Supporting Doc- Preview/Upload File Adding'

2018-12-11 14:30:22 - [MESSAGE][PASSED] - File 'C:\Users\Public\Pictures\Sample Pictures\Koala.jpg' sent to object: 'Object Repository/Final Object Repo/New Registration - Registration Module Pages/Third Screen - Upload Supporting Doc- Preview/Upload File Adding'

2018-12-11 14:30:22 - [TEST_STEP][PASSED] - click: Object: 'Object Repository/Final Object Repo/New Registration - Registration Module Pages/Third Screen - Upload Supporting Doc- Preview/Inner Form Add Document Button' is clicked on

2018-12-11 14:30:23 - [MESSAGE][PASSED] - Object: 'Object Repository/Final Object Repo/New Registration - Registration Module Pages/Third Screen - Upload Supporting Doc- Preview/Inner Form Add Document Button' is clicked on

2018-12-11 14:30:23 - [TEST_STEP][PASSED] - delay: Delayed 5 second(s)

2018-12-11 14:30:28 - [MESSAGE][PASSED] - Delayed 5 second(s)

2018-12-11 14:30:28 - [TEST_STEP][PASSED] - click: Object: 'Object Repository/Final Object Repo/New Registration - Registration Module Pages/Third Screen - Upload Supporting Doc- Preview/Add Document Button' is clicked on

2018-12-11 14:30:28 - [MESSAGE][PASSED] - Object: 'Object Repository/Final Object Repo/New Registration - Registration Module Pages/Third Screen - Upload Supporting Doc- Preview/Add Document Button' is clicked on

2018-12-11 14:30:28 - [TEST_STEP][PASSED] - delay: Delayed 30 second(s)

2018-12-11 14:30:58 - [MESSAGE][PASSED] - Delayed 30 second(s)

2018-12-11 14:30:58 - [TEST_STEP][PASSED] - click: Object: 'Object Repository/Final Object Repo/New Registration - Registration Module Pages/Third Screen - Upload Supporting Doc- Preview/Supporting Doc Please Select Drop Down' is clicked on

2018-12-11 14:30:58 - [MESSAGE][PASSED] - Object: 'Object Repository/Final Object Repo/New Registration - Registration Module Pages/Third Screen - Upload Supporting Doc- Preview/Supporting Doc Please Select Drop Down' is clicked on

2018-12-11 14:30:58 - [TEST_STEP][PASSED] - delay: Delayed 3 second(s)

2018-12-11 14:31:01 - [MESSAGE][PASSED] - Delayed 3 second(s)

2018-12-11 14:31:01 - [TEST_STEP][PASSED] - click: Object: 'Object Repository/Final Object Repo/New Registration - Registration Module Pages/Third Screen - Upload Supporting Doc- Preview/Select to Upload Borang SIP 2' is clicked on

2018-12-11 14:31:01 - [MESSAGE][PASSED] - Object: 'Object Repository/Final Object Repo/New Registration - Registration Module Pages/Third Screen - Upload Supporting Doc- Preview/Select to Upload Borang SIP 2' is clicked on

2018-12-11 14:31:01 - [TEST_STEP][PASSED] - delay: Delayed 2 second(s)

2018-12-11 14:31:03 - [MESSAGE][PASSED] - Delayed 2 second(s)

2018-12-11 14:31:03 - [TEST_STEP][PASSED] - uploadFile: File 'C:\Users\Public\Pictures\Sample Pictures\Koala.jpg' sent to object: 'Object Repository/Final Object Repo/New Registration - Registration Module Pages/Third Screen - Upload Supporting Doc- Preview/Upload File Adding'

2018-12-11 14:31:03 - [MESSAGE][PASSED] - File 'C:\Users\Public\Pictures\Sample Pictures\Koala.jpg' sent to object: 'Object Repository/Final Object Repo/New Registration - Registration Module Pages/Third Screen - Upload Supporting Doc- Preview/Upload File Adding'

2018-12-11 14:31:03 - [TEST_STEP][PASSED] - delay: Delayed 5 second(s)

2018-12-11 14:31:08 - [MESSAGE][PASSED] - Delayed 5 second(s)

2018-12-11 14:31:08 - [TEST_STEP][PASSED] - click: Object: 'Object Repository/Final Object Repo/New Registration - Registration Module Pages/Third Screen - Upload Supporting Doc- Preview/Inner Form Add Document Button' is clicked on

2018-12-11 14:31:08 - [MESSAGE][PASSED] - Object: 'Object Repository/Final Object Repo/New Registration - Registration Module Pages/Third Screen - Upload Supporting Doc- Preview/Inner Form Add Document Button' is clicked on

2018-12-11 14:31:08 - [TEST_STEP][PASSED] - delay: Delayed 3 second(s)

2018-12-11 14:31:11 - [MESSAGE][PASSED] - Delayed 3 second(s)

2018-12-11 14:31:11 - [TEST_STEP][PASSED] - waitForElementClickable: Object 'Object Repository/Final Object Repo/New Registration - Registration Module Pages/Third Screen - Upload Supporting Doc- Preview/Save n Continue in Uploading Supporting Doc Page' is clickable

2018-12-11 14:31:13 - [MESSAGE][PASSED] - Object 'Object Repository/Final Object Repo/New Registration - Registration Module Pages/Third Screen - Upload Supporting Doc- Preview/Save n Continue in Uploading Supporting Doc Page' is clickable

2018-12-11 14:31:13 - [TEST_STEP][PASSED] - click: Object: 'Object Repository/Final Object Repo/New Registration - Registration Module Pages/Third Screen - Upload Supporting Doc- Preview/Save n Continue in Uploading Supporting Doc Page' is clicked on

2018-12-11 14:31:13 - [MESSAGE][PASSED] - Object: 'Object Repository/Final Object Repo/New Registration - Registration Module Pages/Third Screen - Upload Supporting Doc- Preview/Save n Continue in Uploading Supporting Doc Page' is clicked on

2018-12-11 14:31:13 - [MESSAGE][PASSED] - Call Test Case 'Test Cases/Final Aug 2018 - PKS Automation/Registration Module/New Registration/Flow of New Registration/Third Screen - Upload Supporting Doc - Preview' successfully

2018-12-11 14:31:13 - [TEST_STEP][PASSED] - setText: Text 'Tester' is set on object 'Object Repository/Final Object Repo/New Registration - Registration Module Pages/New Reg - OTC to RO/Special Case - All Related Objects/Employer Preview Name'

2018-12-11 14:31:18 - [MESSAGE][PASSED] - Text 'Tester' is set on object 'Object Repository/Final Object Repo/New Registration - Registration Module Pages/New Reg - OTC to RO/Special Case - All Related Objects/Employer Preview Name'

2018-12-11 14:31:18 - [TEST_STEP][PASSED] - click: Object: 'Object Repository/Final Object Repo/New Registration - Registration Module Pages/New Reg - OTC to RO/Special Case - All Related Objects/IC Type Drop Down' is clicked on

2018-12-11 14:31:18 - [MESSAGE][PASSED] - Object: 'Object Repository/Final Object Repo/New Registration - Registration Module Pages/New Reg - OTC to RO/Special Case - All Related Objects/IC Type Drop Down' is clicked on

2018-12-11 14:31:18 - [TEST_STEP][PASSED] - click: Object: 'Object Repository/Final Object Repo/New Registration - Registration Module Pages/New Reg - OTC to RO/Special Case - All Related Objects/Select to NRIC' is clicked on

2018-12-11 14:31:18 - [MESSAGE][PASSED] - Object: 'Object Repository/Final Object Repo/New Registration - Registration Module Pages/New Reg - OTC to RO/Special Case - All Related Objects/Select to NRIC' is clicked on

2018-12-11 14:31:18 - [TEST_STEP][PASSED] - setText: Text '133245561223' is set on object 'Object Repository/Final Object Repo/New Registration - Registration Module Pages/New Reg - OTC to RO/Special Case - All Related Objects/IC Value'

2018-12-11 14:31:18 - [MESSAGE][PASSED] - Text '133245561223' is set on object 'Object Repository/Final Object Repo/New Registration - Registration Module Pages/New Reg - OTC to RO/Special Case - All Related Objects/IC Value'

2018-12-11 14:31:18 - [TEST_STEP][PASSED] - setText: Text 'Auto' is set on object 'Object Repository/Final Object Repo/New Registration - Registration Module Pages/New Reg - OTC to RO/Special Case - All Related Objects/Designation'

2018-12-11 14:31:19 - [MESSAGE][PASSED] - Text 'Auto' is set on object 'Object Repository/Final Object Repo/New Registration - Registration Module Pages/New Reg - OTC to RO/Special Case - All Related Objects/Designation'

2018-12-11 14:31:19 - [TEST_STEP][PASSED] - callTestCase: Call Test Case 'Test Cases/Final Aug 2018 - PKS Automation/Registration Module/New Registration/Submit and Screenshot/Submit Registration and Screenshot' successfully

2018-12-11 14:31:19 - [TEST_CASE][PASSED] - Test Cases/Final Aug 2018 - PKS Automation/Registration Module/New Registration/Submit and Screenshot/Submit Registration and Screenshot: Test Cases/Final Aug 2018 - PKS Automation/Registration Module/New Registration/Submit and Screenshot/Submit Registration and Screenshot

2018-12-11 14:31:19 - [TEST_STEP][PASSED] - delay: Delayed 6 second(s)

2018-12-11 14:31:25 - [MESSAGE][PASSED] - Delayed 6 second(s)

2018-12-11 14:31:25 - [TEST_STEP][PASSED] - click: Object: 'Object Repository/Final Object Repo/New Registration - Registration Module Pages/Third Screen - Upload Supporting Doc- Preview/Preview Submit Button' is clicked on

2018-12-11 14:31:25 - [MESSAGE][PASSED] - Object: 'Object Repository/Final Object Repo/New Registration - Registration Module Pages/Third Screen - Upload Supporting Doc- Preview/Preview Submit Button' is clicked on

2018-12-11 14:31:25 - [TEST_STEP][PASSED] - delay: Delayed 2 second(s)

2018-12-11 14:31:27 - [MESSAGE][PASSED] - Delayed 2 second(s)

2018-12-11 14:31:27 - [TEST_STEP][PASSED] - click: Object: 'Object Repository/Final Object Repo/New Registration - Registration Module Pages/Third Screen - Upload Supporting Doc- Preview/Preview Submit - Confirm' is clicked on

2018-12-11 14:31:27 - [MESSAGE][PASSED] - Object: 'Object Repository/Final Object Repo/New Registration - Registration Module Pages/Third Screen - Upload Supporting Doc- Preview/Preview Submit - Confirm' is clicked on

2018-12-11 14:31:27 - [TEST_STEP][PASSED] - delay: Delayed 15 second(s)

2018-12-11 14:31:42 - [MESSAGE][PASSED] - Delayed 15 second(s)

2018-12-11 14:31:42 - [TEST_STEP][PASSED] - Statement - driver = com.kms.katalon.core.webui.driver.DriverFactory.getWebDriver(): null

2018-12-11 14:31:42 - [TEST_STEP][PASSED] - Statement - driver.manage().timeouts().implicitlyWait(10, SECONDS): null

2018-12-11 14:31:42 - [TEST_STEP][PASSED] - Statement - PresavePath = KatalonScreenshots: null

2018-12-11 14:31:42 - [TEST_STEP][PASSED] - Statement - pathPrefix = "C:\Users\Public\Pictures\Sample Pictures\Katalon Screenshots\Automate Ending Screen": null

2018-12-11 14:31:42 - [TEST_STEP][PASSED] - Statement - finalPath = <not implemented yet for class: org.codehaus.groovy.ast.expr.EmptyExpression>: null

2018-12-11 14:31:42 - [TEST_STEP][PASSED] - Statement - scrFile = driver.getScreenshotAs(FILE): null

2018-12-11 14:31:43 - [TEST_STEP][PASSED] - Statement - PreSaveFile = new java.io.File(PresavePath): null

2018-12-11 14:31:43 - [TEST_STEP][PASSED] - Statement - counter = 0: null

2018-12-11 14:31:43 - [TEST_STEP][PASSED] - Statement - If (PreSaveFile.exists()): null

2018-12-11 14:31:43 - [TEST_STEP][PASSED] - Statement - While (PreSaveFile.exists()): null

2018-12-11 14:31:43 - [TEST_STEP][PASSED] - Statement - counter = counter + 1: null

2018-12-11 14:31:43 - [TEST_STEP][PASSED] - Statement - PreSaveFile = new java.io.File(((pathPrefix + java.lang.Integer.toString(counter)) + .png)): null

2018-12-11 14:31:43 - [TEST_STEP][PASSED] - Statement - counter = counter + 1: null

2018-12-11 14:31:43 - [TEST_STEP][PASSED] - Statement - PreSaveFile = new java.io.File(((pathPrefix + java.lang.Integer.toString(counter)) + .png)): null

2018-12-11 14:31:43 - [TEST_STEP][PASSED] - Statement - counter = counter + 1: null

2018-12-11 14:31:43 - [TEST_STEP][PASSED] - Statement - PreSaveFile = new java.io.File(((pathPrefix + java.lang.Integer.toString(counter)) + .png)): null

2018-12-11 14:31:43 - [TEST_STEP][PASSED] - Statement - counter = counter + 1: null

2018-12-11 14:31:43 - [TEST_STEP][PASSED] - Statement - PreSaveFile = new java.io.File(((pathPrefix + java.lang.Integer.toString(counter)) + .png)): null

2018-12-11 14:31:43 - [TEST_STEP][PASSED] - Statement - counter = counter + 1: null

2018-12-11 14:31:43 - [TEST_STEP][PASSED] - Statement - PreSaveFile = new java.io.File(((pathPrefix + java.lang.Integer.toString(counter)) + .png)): null

2018-12-11 14:31:43 - [TEST_STEP][PASSED] - Statement - counter = counter + 1: null

2018-12-11 14:31:43 - [TEST_STEP][PASSED] - Statement - PreSaveFile = new java.io.File(((pathPrefix + java.lang.Integer.toString(counter)) + .png)): null

2018-12-11 14:31:43 - [TEST_STEP][PASSED] - Statement - counter = counter + 1: null

2018-12-11 14:31:43 - [TEST_STEP][PASSED] - Statement - PreSaveFile = new java.io.File(((pathPrefix + java.lang.Integer.toString(counter)) + .png)): null

2018-12-11 14:31:43 - [TEST_STEP][PASSED] - Statement - counter = counter + 1: null

2018-12-11 14:31:43 - [TEST_STEP][PASSED] - Statement - PreSaveFile = new java.io.File(((pathPrefix + java.lang.Integer.toString(counter)) + .png)): null

2018-12-11 14:31:43 - [TEST_STEP][PASSED] - Statement - counter = counter + 1: null

2018-12-11 14:31:43 - [TEST_STEP][PASSED] - Statement - PreSaveFile = new java.io.File(((pathPrefix + java.lang.Integer.toString(counter)) + .png)): null

2018-12-11 14:31:43 - [TEST_STEP][PASSED] - Statement - counter = counter + 1: null

2018-12-11 14:31:43 - [TEST_STEP][PASSED] - Statement - PreSaveFile = new java.io.File(((pathPrefix + java.lang.Integer.toString(counter)) + .png)): null

2018-12-11 14:31:43 - [TEST_STEP][PASSED] - Statement - counter = counter + 1: null

2018-12-11 14:31:43 - [TEST_STEP][PASSED] - Statement - PreSaveFile = new java.io.File(((pathPrefix + java.lang.Integer.toString(counter)) + .png)): null

2018-12-11 14:31:43 - [TEST_STEP][PASSED] - Statement - counter = counter + 1: null

2018-12-11 14:31:43 - [TEST_STEP][PASSED] - Statement - PreSaveFile = new java.io.File(((pathPrefix + java.lang.Integer.toString(counter)) + .png)): null

2018-12-11 14:31:43 - [TEST_STEP][PASSED] - Statement - counter = counter + 1: null

2018-12-11 14:31:43 - [TEST_STEP][PASSED] - Statement - PreSaveFile = new java.io.File(((pathPrefix + java.lang.Integer.toString(counter)) + .png)): null

2018-12-11 14:31:43 - [TEST_STEP][PASSED] - Statement - counter = counter + 1: null

2018-12-11 14:31:43 - [TEST_STEP][PASSED] - Statement - PreSaveFile = new java.io.File(((pathPrefix + java.lang.Integer.toString(counter)) + .png)): null

2018-12-11 14:31:43 - [TEST_STEP][PASSED] - Statement - counter = counter + 1: null

2018-12-11 14:31:43 - [TEST_STEP][PASSED] - Statement - PreSaveFile = new java.io.File(((pathPrefix + java.lang.Integer.toString(counter)) + .png)): null

2018-12-11 14:31:43 - [TEST_STEP][PASSED] - Statement - counter = counter + 1: null

2018-12-11 14:31:43 - [TEST_STEP][PASSED] - Statement - PreSaveFile = new java.io.File(((pathPrefix + java.lang.Integer.toString(counter)) + .png)): null

2018-12-11 14:31:43 - [TEST_STEP][PASSED] - Statement - counter = counter + 1: null

2018-12-11 14:31:43 - [TEST_STEP][PASSED] - Statement - PreSaveFile = new java.io.File(((pathPrefix + java.lang.Integer.toString(counter)) + .png)): null

2018-12-11 14:31:43 - [TEST_STEP][PASSED] - Statement - counter = counter + 1: null

2018-12-11 14:31:43 - [TEST_STEP][PASSED] - Statement - PreSaveFile = new java.io.File(((pathPrefix + java.lang.Integer.toString(counter)) + .png)): null

2018-12-11 14:31:43 - [TEST_STEP][PASSED] - Statement - counter = counter + 1: null

2018-12-11 14:31:43 - [TEST_STEP][PASSED] - Statement - PreSaveFile = new java.io.File(((pathPrefix + java.lang.Integer.toString(counter)) + .png)): null

2018-12-11 14:31:43 - [TEST_STEP][PASSED] - Statement - counter = counter + 1: null

2018-12-11 14:31:43 - [TEST_STEP][PASSED] - Statement - PreSaveFile = new java.io.File(((pathPrefix + java.lang.Integer.toString(counter)) + .png)): null

2018-12-11 14:31:43 - [TEST_STEP][PASSED] - Statement - counter = counter + 1: null

2018-12-11 14:31:43 - [TEST_STEP][PASSED] - Statement - PreSaveFile = new java.io.File(((pathPrefix + java.lang.Integer.toString(counter)) + .png)): null

2018-12-11 14:31:43 - [TEST_STEP][PASSED] - Statement - counter = counter + 1: null

2018-12-11 14:31:43 - [TEST_STEP][PASSED] - Statement - PreSaveFile = new java.io.File(((pathPrefix + java.lang.Integer.toString(counter)) + .png)): null

2018-12-11 14:31:43 - [TEST_STEP][PASSED] - Statement - counter = counter + 1: null

2018-12-11 14:31:43 - [TEST_STEP][PASSED] - Statement - PreSaveFile = new java.io.File(((pathPrefix + java.lang.Integer.toString(counter)) + .png)): null

2018-12-11 14:31:43 - [TEST_STEP][PASSED] - Statement - counter = counter + 1: null

2018-12-11 14:31:43 - [TEST_STEP][PASSED] - Statement - PreSaveFile = new java.io.File(((pathPrefix + java.lang.Integer.toString(counter)) + .png)): null

2018-12-11 14:31:43 - [TEST_STEP][PASSED] - Statement - counter = counter + 1: null

2018-12-11 14:31:43 - [TEST_STEP][PASSED] - Statement - PreSaveFile = new java.io.File(((pathPrefix + java.lang.Integer.toString(counter)) + .png)): null

2018-12-11 14:31:43 - [TEST_STEP][PASSED] - Statement - counter = counter + 1: null

2018-12-11 14:31:43 - [TEST_STEP][PASSED] - Statement - PreSaveFile = new java.io.File(((pathPrefix + java.lang.Integer.toString(counter)) + .png)): null

2018-12-11 14:31:43 - [TEST_STEP][PASSED] - Statement - counter = counter + 1: null

2018-12-11 14:31:43 - [TEST_STEP][PASSED] - Statement - PreSaveFile = new java.io.File(((pathPrefix + java.lang.Integer.toString(counter)) + .png)): null

2018-12-11 14:31:43 - [TEST_STEP][PASSED] - Statement - counter = counter + 1: null

2018-12-11 14:31:43 - [TEST_STEP][PASSED] - Statement - PreSaveFile = new java.io.File(((pathPrefix + java.lang.Integer.toString(counter)) + .png)): null

2018-12-11 14:31:43 - [TEST_STEP][PASSED] - Statement - counter = counter + 1: null

2018-12-11 14:31:43 - [TEST_STEP][PASSED] - Statement - PreSaveFile = new java.io.File(((pathPrefix + java.lang.Integer.toString(counter)) + .png)): null

2018-12-11 14:31:43 - [TEST_STEP][PASSED] - Statement - counter = counter + 1: null

2018-12-11 14:31:43 - [TEST_STEP][PASSED] - Statement - PreSaveFile = new java.io.File(((pathPrefix + java.lang.Integer.toString(counter)) + .png)): null

2018-12-11 14:31:43 - [TEST_STEP][PASSED] - Statement - counter = counter + 1: null

2018-12-11 14:31:43 - [TEST_STEP][PASSED] - Statement - PreSaveFile = new java.io.File(((pathPrefix + java.lang.Integer.toString(counter)) + .png)): null

2018-12-11 14:31:43 - [TEST_STEP][PASSED] - Statement - counter = counter + 1: null

2018-12-11 14:31:43 - [TEST_STEP][PASSED] - Statement - PreSaveFile = new java.io.File(((pathPrefix + java.lang.Integer.toString(counter)) + .png)): null

2018-12-11 14:31:43 - [TEST_STEP][PASSED] - Statement - counter = counter + 1: null

2018-12-11 14:31:43 - [TEST_STEP][PASSED] - Statement - PreSaveFile = new java.io.File(((pathPrefix + java.lang.Integer.toString(counter)) + .png)): null

2018-12-11 14:31:43 - [TEST_STEP][PASSED] - Statement - counter = counter + 1: null

2018-12-11 14:31:43 - [TEST_STEP][PASSED] - Statement - PreSaveFile = new java.io.File(((pathPrefix + java.lang.Integer.toString(counter)) + .png)): null

2018-12-11 14:31:43 - [TEST_STEP][PASSED] - Statement - counter = counter + 1: null

2018-12-11 14:31:43 - [TEST_STEP][PASSED] - Statement - PreSaveFile = new java.io.File(((pathPrefix + java.lang.Integer.toString(counter)) + .png)): null

2018-12-11 14:31:43 - [TEST_STEP][PASSED] - Statement - counter = counter + 1: null

2018-12-11 14:31:43 - [TEST_STEP][PASSED] - Statement - PreSaveFile = new java.io.File(((pathPrefix + java.lang.Integer.toString(counter)) + .png)): null

2018-12-11 14:31:43 - [TEST_STEP][PASSED] - Statement - counter = counter + 1: null

2018-12-11 14:31:43 - [TEST_STEP][PASSED] - Statement - PreSaveFile = new java.io.File(((pathPrefix + java.lang.Integer.toString(counter)) + .png)): null

2018-12-11 14:31:43 - [TEST_STEP][PASSED] - Statement - counter = counter + 1: null

2018-12-11 14:31:43 - [TEST_STEP][PASSED] - Statement - PreSaveFile = new java.io.File(((pathPrefix + java.lang.Integer.toString(counter)) + .png)): null

2018-12-11 14:31:43 - [TEST_STEP][PASSED] - Statement - counter = counter + 1: null

2018-12-11 14:31:43 - [TEST_STEP][PASSED] - Statement - PreSaveFile = new java.io.File(((pathPrefix + java.lang.Integer.toString(counter)) + .png)): null

2018-12-11 14:31:43 - [TEST_STEP][PASSED] - Statement - counter = counter + 1: null

2018-12-11 14:31:43 - [TEST_STEP][PASSED] - Statement - PreSaveFile = new java.io.File(((pathPrefix + java.lang.Integer.toString(counter)) + .png)): null

2018-12-11 14:31:43 - [TEST_STEP][PASSED] - Statement - counter = counter + 1: null

2018-12-11 14:31:43 - [TEST_STEP][PASSED] - Statement - PreSaveFile = new java.io.File(((pathPrefix + java.lang.Integer.toString(counter)) + .png)): null

2018-12-11 14:31:43 - [TEST_STEP][PASSED] - Statement - counter = counter + 1: null

2018-12-11 14:31:43 - [TEST_STEP][PASSED] - Statement - PreSaveFile = new java.io.File(((pathPrefix + java.lang.Integer.toString(counter)) + .png)): null

2018-12-11 14:31:43 - [TEST_STEP][PASSED] - Statement - counter = counter + 1: null

2018-12-11 14:31:43 - [TEST_STEP][PASSED] - Statement - PreSaveFile = new java.io.File(((pathPrefix + java.lang.Integer.toString(counter)) + .png)): null

2018-12-11 14:31:43 - [TEST_STEP][PASSED] - Statement - counter = counter + 1: null

2018-12-11 14:31:43 - [TEST_STEP][PASSED] - Statement - PreSaveFile = new java.io.File(((pathPrefix + java.lang.Integer.toString(counter)) + .png)): null

2018-12-11 14:31:43 - [TEST_STEP][PASSED] - Statement - counter = counter + 1: null

2018-12-11 14:31:43 - [TEST_STEP][PASSED] - Statement - PreSaveFile = new java.io.File(((pathPrefix + java.lang.Integer.toString(counter)) + .png)): null

2018-12-11 14:31:43 - [TEST_STEP][PASSED] - Statement - counter = counter + 1: null

2018-12-11 14:31:43 - [TEST_STEP][PASSED] - Statement - PreSaveFile = new java.io.File(((pathPrefix + java.lang.Integer.toString(counter)) + .png)): null

2018-12-11 14:31:43 - [TEST_STEP][PASSED] - Statement - counter = counter + 1: null

2018-12-11 14:31:43 - [TEST_STEP][PASSED] - Statement - PreSaveFile = new java.io.File(((pathPrefix + java.lang.Integer.toString(counter)) + .png)): null

2018-12-11 14:31:43 - [TEST_STEP][PASSED] - Statement - counter = counter + 1: null

2018-12-11 14:31:43 - [TEST_STEP][PASSED] - Statement - PreSaveFile = new java.io.File(((pathPrefix + java.lang.Integer.toString(counter)) + .png)): null

2018-12-11 14:31:43 - [TEST_STEP][PASSED] - Statement - counter = counter + 1: null

2018-12-11 14:31:43 - [TEST_STEP][PASSED] - Statement - PreSaveFile = new java.io.File(((pathPrefix + java.lang.Integer.toString(counter)) + .png)): null

2018-12-11 14:31:43 - [TEST_STEP][PASSED] - Statement - counter = counter + 1: null

2018-12-11 14:31:43 - [TEST_STEP][PASSED] - Statement - PreSaveFile = new java.io.File(((pathPrefix + java.lang.Integer.toString(counter)) + .png)): null

2018-12-11 14:31:43 - [TEST_STEP][PASSED] - Statement - counter = counter + 1: null

2018-12-11 14:31:43 - [TEST_STEP][PASSED] - Statement - PreSaveFile = new java.io.File(((pathPrefix + java.lang.Integer.toString(counter)) + .png)): null

2018-12-11 14:31:43 - [TEST_STEP][PASSED] - Statement - counter = counter + 1: null

2018-12-11 14:31:43 - [TEST_STEP][PASSED] - Statement - PreSaveFile = new java.io.File(((pathPrefix + java.lang.Integer.toString(counter)) + .png)): null

2018-12-11 14:31:43 - [TEST_STEP][PASSED] - Statement - counter = counter + 1: null

2018-12-11 14:31:43 - [TEST_STEP][PASSED] - Statement - PreSaveFile = new java.io.File(((pathPrefix + java.lang.Integer.toString(counter)) + .png)): null

2018-12-11 14:31:43 - [TEST_STEP][PASSED] - Statement - finalPath = pathPrefix + java.lang.Integer.toString(counter) + ".png": null

2018-12-11 14:31:43 - [TEST_STEP][PASSED] - Statement - SaveFile = new java.io.File(finalPath): null

2018-12-11 14:31:43 - [TEST_STEP][PASSED] - Statement - Try: null

2018-12-11 14:31:43 - [TEST_STEP][PASSED] - Statement - org.apache.commons.io.FileUtils.copyFile(scrFile, SaveFile): null

2018-12-11 14:31:43 - [TEST_STEP][PASSED] - Statement - out.println("file kept"): null

2018-12-11 14:31:43 - [TEST_STEP][PASSED] - delay: Delayed 10 second(s)

2018-12-11 14:31:53 - [MESSAGE][PASSED] - Delayed 10 second(s)

2018-12-11 14:31:53 - [MESSAGE][PASSED] - Call Test Case 'Test Cases/Final Aug 2018 - PKS Automation/Registration Module/New Registration/Submit and Screenshot/Submit Registration and Screenshot' successfully

2018-12-11 14:31:53 - [TEST_STEP][PASSED] - callTestCase: Call Test Case 'Test Cases/Final Aug 2018 - PKS Automation/Registration Module/Log Out/log out avoiding katalon tagging' successfully

2018-12-11 14:31:53 - [TEST_CASE][PASSED] - Test Cases/Final Aug 2018 - PKS Automation/Registration Module/Log Out/log out avoiding katalon tagging: Test Cases/Final Aug 2018 - PKS Automation/Registration Module/Log Out/log out avoiding katalon tagging

2018-12-11 14:31:53 - [TEST_STEP][PASSED] - navigateToUrl: Navigate to 'https://assist2-uat.perkeso.gov.my/c/portal/logout' successfully

2018-12-11 14:31:54 - [MESSAGE][PASSED] - Navigate to 'https://assist2-uat.perkeso.gov.my/c/portal/logout' successfully

2018-12-11 14:31:54 - [MESSAGE][PASSED] - Call Test Case 'Test Cases/Final Aug 2018 - PKS Automation/Registration Module/Log Out/log out avoiding katalon tagging' successfully

2018-12-11 14:31:54 - [TEST_STEP][PASSED] - callTestCase: Call Test Case 'Test Cases/Final Aug 2018 - PKS Automation/Common/Workflow Owner Finder' successfully

2018-12-11 14:31:54 - [TEST_CASE][PASSED] - Test Cases/Final Aug 2018 - PKS Automation/Common/Workflow Owner Finder: Test Cases/Final Aug 2018 - PKS Automation/Common/Workflow Owner Finder

2018-12-11 14:31:54 - [TEST_STEP][PASSED] - openBrowser: Browser is opened with url: ''

2018-12-11 14:31:54 - [MESSAGE][WARNING] - A browser is already opened. Closing browser and opening a new one

2018-12-11 14:31:58 - [MESSAGE][PASSED] - Browser is opened with url: ''

2018-12-11 14:31:58 - [TEST_STEP][PASSED] - navigateToUrl: Navigate to 'https://assist2-uat.perkeso.gov.my/login' successfully

2018-12-11 14:31:59 - [MESSAGE][PASSED] - Navigate to 'https://assist2-uat.perkeso.gov.my/login' successfully

2018-12-11 14:31:59 - [TEST_STEP][PASSED] - delay: Delayed 5 second(s)

2018-12-11 14:32:04 - [MESSAGE][PASSED] - Delayed 5 second(s)

2018-12-11 14:32:04 - [TEST_STEP][PASSED] - setText: Text 'test@liferay.com' is set on object 'Object Repository/Final Object Repo/Login Page/Internal User/Email Address'

2018-12-11 14:32:05 - [MESSAGE][PASSED] - Text 'test@liferay.com' is set on object 'Object Repository/Final Object Repo/Login Page/Internal User/Email Address'

2018-12-11 14:32:05 - [TEST_STEP][PASSED] - click: Object: 'Object Repository/Final Object Repo/Login Page/Internal User/Next Button' is clicked on

2018-12-11 14:32:05 - [MESSAGE][PASSED] - Object: 'Object Repository/Final Object Repo/Login Page/Internal User/Next Button' is clicked on

2018-12-11 14:32:05 - [TEST_STEP][PASSED] - delay: Delayed 2 second(s)

2018-12-11 14:32:07 - [MESSAGE][PASSED] - Delayed 2 second(s)

2018-12-11 14:32:07 - [TEST_STEP][PASSED] - setText: Text 'test' is set on object 'Object Repository/Final Object Repo/Login Page/Internal User/Password'

2018-12-11 14:32:07 - [MESSAGE][PASSED] - Text 'test' is set on object 'Object Repository/Final Object Repo/Login Page/Internal User/Password'

2018-12-11 14:32:07 - [TEST_STEP][PASSED] - delay: Delayed 2 second(s)

2018-12-11 14:32:09 - [MESSAGE][PASSED] - Delayed 2 second(s)

2018-12-11 14:32:09 - [TEST_STEP][PASSED] - click: Object: 'Object Repository/Final Object Repo/Login Page/Internal User/Login Button' is clicked on

2018-12-11 14:32:09 - [MESSAGE][PASSED] - Object: 'Object Repository/Final Object Repo/Login Page/Internal User/Login Button' is clicked on

2018-12-11 14:32:09 - [TEST_STEP][PASSED] - Statement - tester = com.kms.katalon.core.testobject.ObjectRepository.findTestObject(Final Object Repo/Landing Page/Select to English): Finding Test Object with id 'Object Repository/Final Object Repo/Landing Page/Select to English'

2018-12-11 14:32:09 - [TEST_STEP][PASSED] - Statement - Try: Delayed 2 second(s)

2018-12-11 14:32:09 - [TEST_STEP][PASSED] - Statement - Checker = com.kms.katalon.core.webui.keyword.WebUiBuiltInKeywords.verifyElementNotPresent(tester, 3): Web element with id: 'Object Repository/Final Object Repo/Landing Page/Select to English' located by 'By.xpath: //a[@class = 'taglib-language-list-text' and @lang = 'en-US' and (contains(text(), 'EN') or contains(., 'EN'))]' is not present after '3' second(s)

2018-12-11 14:32:11 - [MESSAGE][PASSED] - Web element with id: 'Object Repository/Final Object Repo/Landing Page/Select to English' located by 'By.xpath: //a[@class = 'taglib-language-list-text' and @lang = 'en-US' and (contains(text(), 'EN') or contains(., 'EN'))]' is not present after '3' second(s)

2018-12-11 14:32:11 - [TEST_STEP][PASSED] - Statement - If (Checker == false): null

2018-12-11 14:32:11 - [TEST_STEP][PASSED] - delay: Delayed 2 second(s)

2018-12-11 14:32:13 - [MESSAGE][PASSED] - Delayed 2 second(s)

2018-12-11 14:32:13 - [TEST_STEP][PASSED] - delay: Delayed 5 second(s)

2018-12-11 14:32:18 - [MESSAGE][PASSED] - Delayed 5 second(s)

2018-12-11 14:32:18 - [TEST_STEP][PASSED] - mouseOver: Object: 'Object Repository/Final Object Repo/Landing Page/WorkFlow Menu' is hovered

2018-12-11 14:32:19 - [MESSAGE][PASSED] - Object: 'Object Repository/Final Object Repo/Landing Page/WorkFlow Menu' is hovered

2018-12-11 14:32:19 - [TEST_STEP][PASSED] - delay: Delayed 2 second(s)

2018-12-11 14:32:21 - [MESSAGE][PASSED] - Delayed 2 second(s)

2018-12-11 14:32:21 - [TEST_STEP][PASSED] - click: Object: 'Object Repository/Final Object Repo/Landing Page/Select to Workflow Listing' is clicked on

2018-12-11 14:32:22 - [MESSAGE][PASSED] - Object: 'Object Repository/Final Object Repo/Landing Page/Select to Workflow Listing' is clicked on

2018-12-11 14:32:22 - [TEST_STEP][PASSED] - delay: Delayed 2 second(s)

2018-12-11 14:32:24 - [MESSAGE][PASSED] - Delayed 2 second(s)

2018-12-11 14:32:24 - [TEST_STEP][PASSED] - click: Object: 'Object Repository/Final Object Repo/WorkFlow Listing Page/Search Information - To Put Ref No' is clicked on

2018-12-11 14:32:24 - [MESSAGE][PASSED] - Object: 'Object Repository/Final Object Repo/WorkFlow Listing Page/Search Information - To Put Ref No' is clicked on

2018-12-11 14:32:24 - [TEST_STEP][PASSED] - delay: Delayed 2 second(s)

2018-12-11 14:32:26 - [MESSAGE][PASSED] - Delayed 2 second(s)

2018-12-11 14:32:26 - [TEST_STEP][PASSED] - callTestCase: Call Test Case 'Test Cases/Final Aug 2018 - PKS Automation/Common/Reference Number Getter' successfully

2018-12-11 14:32:26 - [TEST_CASE][PASSED] - Test Cases/Final Aug 2018 - PKS Automation/Common/Reference Number Getter: Test Cases/Final Aug 2018 - PKS Automation/Common/Reference Number Getter

2018-12-11 14:32:26 - [TEST_STEP][PASSED] - Statement - Try: null

2018-12-11 14:32:26 - [TEST_STEP][PASSED] - Statement - RefNo = new java.io.File(C://Users//Admin//Desktop//PKS//Automation Reference Point//KatalonReference.txt): null

2018-12-11 14:32:26 - [TEST_STEP][PASSED] - Statement - bufferread = new java.io.BufferedReader(new java.io.FileReader(RefNo)): null

2018-12-11 14:32:26 - [TEST_STEP][PASSED] - Statement - readedVal = bufferread.readLine(): null

2018-12-11 14:32:26 - [TEST_STEP][PASSED] - Statement - out.println(CaseReferenceNo): null

2018-12-11 14:32:26 - [TEST_STEP][PASSED] - Statement - out.println(readedVal): null

2018-12-11 14:32:26 - [TEST_STEP][PASSED] - Statement - CaseReferenceNo = "": null

2018-12-11 14:32:26 - [TEST_STEP][PASSED] - Statement - CaseReferenceNo = readedVal: null

2018-12-11 14:32:26 - [MESSAGE][PASSED] - Call Test Case 'Test Cases/Final Aug 2018 - PKS Automation/Common/Reference Number Getter' successfully

2018-12-11 14:32:26 - [TEST_STEP][PASSED] - setText: Text 'CRN12201800123174' is set on object 'Object Repository/Final Object Repo/WorkFlow Listing Page/Ref No Set Text'

2018-12-11 14:32:26 - [MESSAGE][PASSED] - Text 'CRN12201800123174' is set on object 'Object Repository/Final Object Repo/WorkFlow Listing Page/Ref No Set Text'

2018-12-11 14:32:26 - [TEST_STEP][PASSED] - delay: Delayed 2 second(s)

2018-12-11 14:32:28 - [MESSAGE][PASSED] - Delayed 2 second(s)

2018-12-11 14:32:28 - [TEST_STEP][PASSED] - click: Object: 'Object Repository/Final Object Repo/WorkFlow Listing Page/Search Ref No Search Button' is clicked on

2018-12-11 14:32:28 - [MESSAGE][PASSED] - Object: 'Object Repository/Final Object Repo/WorkFlow Listing Page/Search Ref No Search Button' is clicked on

2018-12-11 14:32:28 - [TEST_STEP][PASSED] - delay: Delayed 6 second(s)

2018-12-11 14:32:34 - [MESSAGE][PASSED] - Delayed 6 second(s)

2018-12-11 14:32:34 - [TEST_STEP][PASSED] - click: Object: 'Object Repository/Final Object Repo/WorkFlow Listing Page/Click Continue Tooltip' is clicked on

2018-12-11 14:32:35 - [MESSAGE][PASSED] - Object: 'Object Repository/Final Object Repo/WorkFlow Listing Page/Click Continue Tooltip' is clicked on

2018-12-11 14:32:35 - [TEST_STEP][PASSED] - delay: Delayed 5 second(s)

2018-12-11 14:32:40 - [MESSAGE][PASSED] - Delayed 5 second(s)

2018-12-11 14:32:40 - [TEST_STEP][PASSED] - doubleClick: Object: 'Object Repository/Final Object Repo/WorkFlow Listing Page/Workflow Found - Listing 1' is double clicked on

2018-12-11 14:32:40 - [MESSAGE][PASSED] - Object: 'Object Repository/Final Object Repo/WorkFlow Listing Page/Workflow Found - Listing 1' is double clicked on

2018-12-11 14:32:40 - [TEST_STEP][PASSED] - Statement - println(OwnerID): null

2018-12-11 14:32:40 - [TEST_STEP][PASSED] - Statement - OwnerID = com.kms.katalon.core.webui.keyword.WebUiBuiltInKeywords.getText(com.kms.katalon.core.testobject.ObjectRepository.findTestObject(Final Object Repo/WorkFlow Listing Page/Workflow Found - Listing 1), STOP_ON_FAILURE): Text of object 'Object Repository/Final Object Repo/WorkFlow Listing Page/Workflow Found - Listing 1' is: 'JOHORro3'

2018-12-11 14:32:41 - [MESSAGE][PASSED] - Text of object 'Object Repository/Final Object Repo/WorkFlow Listing Page/Workflow Found - Listing 1' is: 'JOHORro3'

2018-12-11 14:32:41 - [TEST_STEP][PASSED] - Statement - OwnerID = OwnerID.toLowerCase() + "@gmail.com": null

2018-12-11 14:32:41 - [TEST_STEP][PASSED] - Statement - println(OwnerID): null

2018-12-11 14:32:41 - [TEST_STEP][PASSED] - delay: Delayed 2 second(s)

2018-12-11 14:32:43 - [MESSAGE][PASSED] - Delayed 2 second(s)

2018-12-11 14:32:43 - [MESSAGE][PASSED] - Call Test Case 'Test Cases/Final Aug 2018 - PKS Automation/Common/Workflow Owner Finder' successfully

2018-12-11 14:32:43 - [TEST_STEP][PASSED] - callTestCase: Call Test Case 'Test Cases/Final Aug 2018 - PKS Automation/Registration Module/Log Out/log out avoiding katalon tagging' successfully

2018-12-11 14:32:43 - [TEST_CASE][PASSED] - Test Cases/Final Aug 2018 - PKS Automation/Registration Module/Log Out/log out avoiding katalon tagging: Test Cases/Final Aug 2018 - PKS Automation/Registration Module/Log Out/log out avoiding katalon tagging

2018-12-11 14:32:43 - [TEST_STEP][PASSED] - navigateToUrl: Navigate to 'https://assist2-uat.perkeso.gov.my/c/portal/logout' successfully

2018-12-11 14:32:43 - [MESSAGE][PASSED] - Navigate to 'https://assist2-uat.perkeso.gov.my/c/portal/logout' successfully

2018-12-11 14:32:43 - [MESSAGE][PASSED] - Call Test Case 'Test Cases/Final Aug 2018 - PKS Automation/Registration Module/Log Out/log out avoiding katalon tagging' successfully

2018-12-11 14:32:43 - [TEST_STEP][PASSED] - delay: Delayed 2 second(s)

2018-12-11 14:32:45 - [MESSAGE][PASSED] - Delayed 2 second(s)

2018-12-11 14:32:45 - [TEST_STEP][PASSED] - setText: Text 'johorro3@gmail.com' is set on object 'Object Repository/Final Object Repo/New Registration - Registration Module Pages/New Reg - OTC to RO/Special Case - All Related Objects/Email TextBox'

2018-12-11 14:32:46 - [MESSAGE][PASSED] - Text 'johorro3@gmail.com' is set on object 'Object Repository/Final Object Repo/New Registration - Registration Module Pages/New Reg - OTC to RO/Special Case - All Related Objects/Email TextBox'

2018-12-11 14:32:46 - [TEST_STEP][PASSED] - click: Object: 'Object Repository/Final Object Repo/New Registration - Registration Module Pages/New Reg - OTC to RO/Special Case - All Related Objects/Next Button' is clicked on

2018-12-11 14:32:46 - [MESSAGE][PASSED] - Object: 'Object Repository/Final Object Repo/New Registration - Registration Module Pages/New Reg - OTC to RO/Special Case - All Related Objects/Next Button' is clicked on

2018-12-11 14:32:46 - [TEST_STEP][PASSED] - delay: Delayed 2 second(s)

2018-12-11 14:32:48 - [MESSAGE][PASSED] - Delayed 2 second(s)

2018-12-11 14:32:48 - [TEST_STEP][PASSED] - setText: Text 'Test1@3456789' is set on object 'Object Repository/Final Object Repo/New Registration - Registration Module Pages/New Reg - OTC to RO/Special Case - All Related Objects/Password TextBox'

2018-12-11 14:32:48 - [MESSAGE][PASSED] - Text 'Test1@3456789' is set on object 'Object Repository/Final Object Repo/New Registration - Registration Module Pages/New Reg - OTC to RO/Special Case - All Related Objects/Password TextBox'

2018-12-11 14:32:48 - [TEST_STEP][PASSED] - delay: Delayed 2 second(s)

2018-12-11 14:32:50 - [MESSAGE][PASSED] - Delayed 2 second(s)

2018-12-11 14:32:50 - [TEST_STEP][PASSED] - click: Object: 'Object Repository/Final Object Repo/New Registration - Registration Module Pages/New Reg - OTC to RO/Special Case - All Related Objects/Login Button' is clicked on

2018-12-11 14:32:50 - [MESSAGE][PASSED] - Object: 'Object Repository/Final Object Repo/New Registration - Registration Module Pages/New Reg - OTC to RO/Special Case - All Related Objects/Login Button' is clicked on

2018-12-11 14:32:50 - [TEST_STEP][PASSED] - delay: Delayed 2 second(s)

2018-12-11 14:32:52 - [MESSAGE][PASSED] - Delayed 2 second(s)

2018-12-11 14:32:52 - [TEST_STEP][PASSED] - Statement - Try: null

2018-12-11 14:32:52 - [TEST_STEP][PASSED] - Statement - Checker = com.kms.katalon.core.webui.keyword.WebUiBuiltInKeywords.verifyElementNotPresent("Final Object Repo/Landing Page/Select to English", 3): null

2018-12-11 14:32:52 - [TEST_STEP][PASSED] - Statement - Catch (Exception e): null

2018-12-11 14:32:52 - [TEST_STEP][PASSED] - Statement - e.printStackTrace(): null

2018-12-11 14:32:52 - [TEST_STEP][PASSED] - click: Object: 'Object Repository/Final Object Repo/New Registration - Registration Module Pages/New Reg - OTC to RO/Special Case - All Related Objects/Expand to Search' is clicked on

2018-12-11 14:32:53 - [MESSAGE][PASSED] - Object: 'Object Repository/Final Object Repo/New Registration - Registration Module Pages/New Reg - OTC to RO/Special Case - All Related Objects/Expand to Search' is clicked on

2018-12-11 14:32:53 - [TEST_STEP][PASSED] - setText: Text 'CRN12201800123174' is set on object 'Object Repository/Final Object Repo/New Registration - Registration Module Pages/New Reg - OTC to RO/Special Case - All Related Objects/TextBox RefNo in Workbasket'

2018-12-11 14:32:53 - [MESSAGE][PASSED] - Text 'CRN12201800123174' is set on object 'Object Repository/Final Object Repo/New Registration - Registration Module Pages/New Reg - OTC to RO/Special Case - All Related Objects/TextBox RefNo in Workbasket'

2018-12-11 14:32:53 - [TEST_STEP][PASSED] - delay: Delayed 2 second(s)

2018-12-11 14:32:55 - [MESSAGE][PASSED] - Delayed 2 second(s)

2018-12-11 14:32:55 - [TEST_STEP][PASSED] - click: Object: 'Object Repository/Final Object Repo/New Registration - Registration Module Pages/New Reg - OTC to RO/Special Case - All Related Objects/Click Search' is clicked on

2018-12-11 14:32:55 - [MESSAGE][PASSED] - Object: 'Object Repository/Final Object Repo/New Registration - Registration Module Pages/New Reg - OTC to RO/Special Case - All Related Objects/Click Search' is clicked on

2018-12-11 14:32:55 - [TEST_STEP][PASSED] - delay: Delayed 2 second(s)

2018-12-11 14:32:57 - [MESSAGE][PASSED] - Delayed 2 second(s)

2018-12-11 14:32:57 - [TEST_STEP][PASSED] - click: Object: 'Object Repository/Final Object Repo/New Registration - Registration Module Pages/New Reg - OTC to RO/Special Case - All Related Objects/Click to Continue Workflow' is clicked on

2018-12-11 14:33:00 - [MESSAGE][PASSED] - Object: 'Object Repository/Final Object Repo/New Registration - Registration Module Pages/New Reg - OTC to RO/Special Case - All Related Objects/Click to Continue Workflow' is clicked on

2018-12-11 14:33:00 - [TEST_STEP][PASSED] - delay: Delayed 2 second(s)

2018-12-11 14:33:02 - [MESSAGE][PASSED] - Delayed 2 second(s)

2018-12-11 14:33:02 - [TEST_STEP][PASSED] - click: Object: 'Object Repository/Final Object Repo/New Registration - Registration Module Pages/New Reg - OTC to RO/Special Case - All Related Objects/Continue Button in verifying case' is clicked on

2018-12-11 14:33:04 - [MESSAGE][PASSED] - Object: 'Object Repository/Final Object Repo/New Registration - Registration Module Pages/New Reg - OTC to RO/Special Case - All Related Objects/Continue Button in verifying case' is clicked on

2018-12-11 14:33:04 - [TEST_STEP][PASSED] - delay: Delayed 2 second(s)

2018-12-11 14:33:06 - [MESSAGE][PASSED] - Delayed 2 second(s)

2018-12-11 14:33:06 - [TEST_STEP][PASSED] - click: Object: 'Object Repository/Final Object Repo/New Registration - Registration Module Pages/Form 1/Registered As a Branch - Yes' is clicked on

2018-12-11 14:33:06 - [MESSAGE][PASSED] - Object: 'Object Repository/Final Object Repo/New Registration - Registration Module Pages/Form 1/Registered As a Branch - Yes' is clicked on

2018-12-11 14:33:06 - [TEST_STEP][PASSED] - delay: Delayed 2 second(s)

2018-12-11 14:33:08 - [MESSAGE][PASSED] - Delayed 2 second(s)

2018-12-11 14:33:08 - [TEST_STEP][PASSED] - click: Object: 'Object Repository/Final Object Repo/New Registration - Registration Module Pages/New Reg - OTC to RO/Special Case - All Related Objects/Form 1 Save n Continue' is clicked on

2018-12-11 14:33:09 - [MESSAGE][PASSED] - Object: 'Object Repository/Final Object Repo/New Registration - Registration Module Pages/New Reg - OTC to RO/Special Case - All Related Objects/Form 1 Save n Continue' is clicked on

2018-12-11 14:33:09 - [TEST_STEP][PASSED] - delay: Delayed 2 second(s)

2018-12-11 14:33:11 - [MESSAGE][PASSED] - Delayed 2 second(s)

2018-12-11 14:33:11 - [TEST_STEP][PASSED] - click: Object: 'Object Repository/Final Object Repo/New Registration - Registration Module Pages/New Reg - OTC to RO/Special Case - All Related Objects/Form 2 Save n Continue' is clicked on

2018-12-11 14:33:11 - [MESSAGE][PASSED] - Object: 'Object Repository/Final Object Repo/New Registration - Registration Module Pages/New Reg - OTC to RO/Special Case - All Related Objects/Form 2 Save n Continue' is clicked on

2018-12-11 14:33:11 - [TEST_STEP][PASSED] - delay: Delayed 2 second(s)

2018-12-11 14:33:13 - [MESSAGE][PASSED] - Delayed 2 second(s)

2018-12-11 14:33:13 - [TEST_STEP][PASSED] - click: Object: 'Object Repository/Final Object Repo/New Registration - Registration Module Pages/New Reg - OTC to RO/Special Case - All Related Objects/Third Screen Save n Continue' is clicked on

2018-12-11 14:33:19 - [MESSAGE][PASSED] - Object: 'Object Repository/Final Object Repo/New Registration - Registration Module Pages/New Reg - OTC to RO/Special Case - All Related Objects/Third Screen Save n Continue' is clicked on

2018-12-11 14:33:19 - [TEST_STEP][PASSED] - delay: Delayed 5 second(s)

2018-12-11 14:33:24 - [MESSAGE][PASSED] - Delayed 5 second(s)

2018-12-11 14:33:24 - [TEST_STEP][PASSED] - click: Object: 'Object Repository/Final Object Repo/New Registration - Registration Module Pages/New Reg - OTC to RO/Special Case - All Related Objects/Upload Doc Page Save n Continue' is clicked on

2018-12-11 14:33:24 - [MESSAGE][PASSED] - Object: 'Object Repository/Final Object Repo/New Registration - Registration Module Pages/New Reg - OTC to RO/Special Case - All Related Objects/Upload Doc Page Save n Continue' is clicked on

2018-12-11 14:33:24 - [TEST_STEP][PASSED] - callTestCase: Call Test Case 'Test Cases/Final Aug 2018 - PKS Automation/Registration Module/New Registration/Submit and Screenshot/Submit Registration and Screenshot' successfully

2018-12-11 14:33:24 - [TEST_CASE][PASSED] - Test Cases/Final Aug 2018 - PKS Automation/Registration Module/New Registration/Submit and Screenshot/Submit Registration and Screenshot: Test Cases/Final Aug 2018 - PKS Automation/Registration Module/New Registration/Submit and Screenshot/Submit Registration and Screenshot

2018-12-11 14:33:24 - [TEST_STEP][PASSED] - delay: Delayed 6 second(s)

2018-12-11 14:33:30 - [MESSAGE][PASSED] - Delayed 6 second(s)

2018-12-11 14:33:30 - [TEST_STEP][PASSED] - click: Object: 'Object Repository/Final Object Repo/New Registration - Registration Module Pages/Third Screen - Upload Supporting Doc- Preview/Preview Submit Button' is clicked on

2018-12-11 14:33:30 - [MESSAGE][PASSED] - Object: 'Object Repository/Final Object Repo/New Registration - Registration Module Pages/Third Screen - Upload Supporting Doc- Preview/Preview Submit Button' is clicked on

2018-12-11 14:33:30 - [TEST_STEP][PASSED] - delay: Delayed 2 second(s)

2018-12-11 14:33:32 - [MESSAGE][PASSED] - Delayed 2 second(s)

2018-12-11 14:33:32 - [TEST_STEP][PASSED] - click: Object: 'Object Repository/Final Object Repo/New Registration - Registration Module Pages/Third Screen - Upload Supporting Doc- Preview/Preview Submit - Confirm' is clicked on

2018-12-11 14:33:32 - [MESSAGE][PASSED] - Object: 'Object Repository/Final Object Repo/New Registration - Registration Module Pages/Third Screen - Upload Supporting Doc- Preview/Preview Submit - Confirm' is clicked on

2018-12-11 14:33:32 - [TEST_STEP][PASSED] - delay: Delayed 15 second(s)

2018-12-11 14:33:47 - [MESSAGE][PASSED] - Delayed 15 second(s)

2018-12-11 14:33:47 - [TEST_STEP][PASSED] - Statement - driver = com.kms.katalon.core.webui.driver.DriverFactory.getWebDriver(): null

2018-12-11 14:33:47 - [TEST_STEP][PASSED] - Statement - driver.manage().timeouts().implicitlyWait(10, SECONDS): null

2018-12-11 14:33:47 - [TEST_STEP][PASSED] - Statement - PresavePath = KatalonScreenshots: null

2018-12-11 14:33:47 - [TEST_STEP][PASSED] - Statement - pathPrefix = "C:\Users\Public\Pictures\Sample Pictures\Katalon Screenshots\Automate Ending Screen": null

2018-12-11 14:33:47 - [TEST_STEP][PASSED] - Statement - finalPath = <not implemented yet for class: org.codehaus.groovy.ast.expr.EmptyExpression>: null

2018-12-11 14:33:47 - [TEST_STEP][PASSED] - Statement - scrFile = driver.getScreenshotAs(FILE): null

2018-12-11 14:33:47 - [TEST_STEP][PASSED] - Statement - PreSaveFile = new java.io.File(PresavePath): null

2018-12-11 14:33:47 - [TEST_STEP][PASSED] - Statement - counter = 0: null

2018-12-11 14:33:47 - [TEST_STEP][PASSED] - Statement - If (PreSaveFile.exists()): null

2018-12-11 14:33:47 - [TEST_STEP][PASSED] - Statement - While (PreSaveFile.exists()): null

2018-12-11 14:33:47 - [TEST_STEP][PASSED] - Statement - counter = counter + 1: null

2018-12-11 14:33:47 - [TEST_STEP][PASSED] - Statement - PreSaveFile = new java.io.File(((pathPrefix + java.lang.Integer.toString(counter)) + .png)): null

2018-12-11 14:33:47 - [TEST_STEP][PASSED] - Statement - counter = counter + 1: null

2018-12-11 14:33:47 - [TEST_STEP][PASSED] - Statement - PreSaveFile = new java.io.File(((pathPrefix + java.lang.Integer.toString(counter)) + .png)): null

2018-12-11 14:33:47 - [TEST_STEP][PASSED] - Statement - counter = counter + 1: null

2018-12-11 14:33:47 - [TEST_STEP][PASSED] - Statement - PreSaveFile = new java.io.File(((pathPrefix + java.lang.Integer.toString(counter)) + .png)): null

2018-12-11 14:33:47 - [TEST_STEP][PASSED] - Statement - counter = counter + 1: null

2018-12-11 14:33:47 - [TEST_STEP][PASSED] - Statement - PreSaveFile = new java.io.File(((pathPrefix + java.lang.Integer.toString(counter)) + .png)): null

2018-12-11 14:33:47 - [TEST_STEP][PASSED] - Statement - counter = counter + 1: null

2018-12-11 14:33:47 - [TEST_STEP][PASSED] - Statement - PreSaveFile = new java.io.File(((pathPrefix + java.lang.Integer.toString(counter)) + .png)): null

2018-12-11 14:33:47 - [TEST_STEP][PASSED] - Statement - counter = counter + 1: null

2018-12-11 14:33:47 - [TEST_STEP][PASSED] - Statement - PreSaveFile = new java.io.File(((pathPrefix + java.lang.Integer.toString(counter)) + .png)): null

2018-12-11 14:33:47 - [TEST_STEP][PASSED] - Statement - counter = counter + 1: null

2018-12-11 14:33:47 - [TEST_STEP][PASSED] - Statement - PreSaveFile = new java.io.File(((pathPrefix + java.lang.Integer.toString(counter)) + .png)): null

2018-12-11 14:33:48 - [TEST_STEP][PASSED] - Statement - counter = counter + 1: null

2018-12-11 14:33:48 - [TEST_STEP][PASSED] - Statement - PreSaveFile = new java.io.File(((pathPrefix + java.lang.Integer.toString(counter)) + .png)): null

2018-12-11 14:33:48 - [TEST_STEP][PASSED] - Statement - counter = counter + 1: null

2018-12-11 14:33:48 - [TEST_STEP][PASSED] - Statement - PreSaveFile = new java.io.File(((pathPrefix + java.lang.Integer.toString(counter)) + .png)): null

2018-12-11 14:33:48 - [TEST_STEP][PASSED] - Statement - counter = counter + 1: null

2018-12-11 14:33:48 - [TEST_STEP][PASSED] - Statement - PreSaveFile = new java.io.File(((pathPrefix + java.lang.Integer.toString(counter)) + .png)): null

2018-12-11 14:33:48 - [TEST_STEP][PASSED] - Statement - counter = counter + 1: null

2018-12-11 14:33:48 - [TEST_STEP][PASSED] - Statement - PreSaveFile = new java.io.File(((pathPrefix + java.lang.Integer.toString(counter)) + .png)): null

2018-12-11 14:33:48 - [TEST_STEP][PASSED] - Statement - counter = counter + 1: null

2018-12-11 14:33:48 - [TEST_STEP][PASSED] - Statement - PreSaveFile = new java.io.File(((pathPrefix + java.lang.Integer.toString(counter)) + .png)): null

2018-12-11 14:33:48 - [TEST_STEP][PASSED] - Statement - counter = counter + 1: null

2018-12-11 14:33:48 - [TEST_STEP][PASSED] - Statement - PreSaveFile = new java.io.File(((pathPrefix + java.lang.Integer.toString(counter)) + .png)): null

2018-12-11 14:33:48 - [TEST_STEP][PASSED] - Statement - counter = counter + 1: null

2018-12-11 14:33:48 - [TEST_STEP][PASSED] - Statement - PreSaveFile = new java.io.File(((pathPrefix + java.lang.Integer.toString(counter)) + .png)): null

2018-12-11 14:33:48 - [TEST_STEP][PASSED] - Statement - counter = counter + 1: null

2018-12-11 14:33:48 - [TEST_STEP][PASSED] - Statement - PreSaveFile = new java.io.File(((pathPrefix + java.lang.Integer.toString(counter)) + .png)): null

2018-12-11 14:33:48 - [TEST_STEP][PASSED] - Statement - counter = counter + 1: null

2018-12-11 14:33:48 - [TEST_STEP][PASSED] - Statement - PreSaveFile = new java.io.File(((pathPrefix + java.lang.Integer.toString(counter)) + .png)): null

2018-12-11 14:33:48 - [TEST_STEP][PASSED] - Statement - counter = counter + 1: null

2018-12-11 14:33:48 - [TEST_STEP][PASSED] - Statement - PreSaveFile = new java.io.File(((pathPrefix + java.lang.Integer.toString(counter)) + .png)): null

2018-12-11 14:33:48 - [TEST_STEP][PASSED] - Statement - counter = counter + 1: null

2018-12-11 14:33:48 - [TEST_STEP][PASSED] - Statement - PreSaveFile = new java.io.File(((pathPrefix + java.lang.Integer.toString(counter)) + .png)): null

2018-12-11 14:33:48 - [TEST_STEP][PASSED] - Statement - counter = counter + 1: null

2018-12-11 14:33:48 - [TEST_STEP][PASSED] - Statement - PreSaveFile = new java.io.File(((pathPrefix + java.lang.Integer.toString(counter)) + .png)): null

2018-12-11 14:33:48 - [TEST_STEP][PASSED] - Statement - counter = counter + 1: null

2018-12-11 14:33:48 - [TEST_STEP][PASSED] - Statement - PreSaveFile = new java.io.File(((pathPrefix + java.lang.Integer.toString(counter)) + .png)): null

2018-12-11 14:33:48 - [TEST_STEP][PASSED] - Statement - counter = counter + 1: null

2018-12-11 14:33:48 - [TEST_STEP][PASSED] - Statement - PreSaveFile = new java.io.File(((pathPrefix + java.lang.Integer.toString(counter)) + .png)): null

2018-12-11 14:33:48 - [TEST_STEP][PASSED] - Statement - counter = counter + 1: null

2018-12-11 14:33:48 - [TEST_STEP][PASSED] - Statement - PreSaveFile = new java.io.File(((pathPrefix + java.lang.Integer.toString(counter)) + .png)): null

2018-12-11 14:33:48 - [TEST_STEP][PASSED] - Statement - counter = counter + 1: null

2018-12-11 14:33:48 - [TEST_STEP][PASSED] - Statement - PreSaveFile = new java.io.File(((pathPrefix + java.lang.Integer.toString(counter)) + .png)): null

2018-12-11 14:33:48 - [TEST_STEP][PASSED] - Statement - counter = counter + 1: null

2018-12-11 14:33:48 - [TEST_STEP][PASSED] - Statement - PreSaveFile = new java.io.File(((pathPrefix + java.lang.Integer.toString(counter)) + .png)): null

2018-12-11 14:33:48 - [TEST_STEP][PASSED] - Statement - counter = counter + 1: null

2018-12-11 14:33:48 - [TEST_STEP][PASSED] - Statement - PreSaveFile = new java.io.File(((pathPrefix + java.lang.Integer.toString(counter)) + .png)): null

2018-12-11 14:33:48 - [TEST_STEP][PASSED] - Statement - counter = counter + 1: null

2018-12-11 14:33:48 - [TEST_STEP][PASSED] - Statement - PreSaveFile = new java.io.File(((pathPrefix + java.lang.Integer.toString(counter)) + .png)): null

2018-12-11 14:33:48 - [TEST_STEP][PASSED] - Statement - counter = counter + 1: null

2018-12-11 14:33:48 - [TEST_STEP][PASSED] - Statement - PreSaveFile = new java.io.File(((pathPrefix + java.lang.Integer.toString(counter)) + .png)): null

2018-12-11 14:33:48 - [TEST_STEP][PASSED] - Statement - counter = counter + 1: null

2018-12-11 14:33:48 - [TEST_STEP][PASSED] - Statement - PreSaveFile = new java.io.File(((pathPrefix + java.lang.Integer.toString(counter)) + .png)): null

2018-12-11 14:33:48 - [TEST_STEP][PASSED] - Statement - counter = counter + 1: null

2018-12-11 14:33:48 - [TEST_STEP][PASSED] - Statement - PreSaveFile = new java.io.File(((pathPrefix + java.lang.Integer.toString(counter)) + .png)): null

2018-12-11 14:33:48 - [TEST_STEP][PASSED] - Statement - counter = counter + 1: null

2018-12-11 14:33:48 - [TEST_STEP][PASSED] - Statement - PreSaveFile = new java.io.File(((pathPrefix + java.lang.Integer.toString(counter)) + .png)): null

2018-12-11 14:33:48 - [TEST_STEP][PASSED] - Statement - counter = counter + 1: null

2018-12-11 14:33:48 - [TEST_STEP][PASSED] - Statement - PreSaveFile = new java.io.File(((pathPrefix + java.lang.Integer.toString(counter)) + .png)): null

2018-12-11 14:33:48 - [TEST_STEP][PASSED] - Statement - counter = counter + 1: null

2018-12-11 14:33:48 - [TEST_STEP][PASSED] - Statement - PreSaveFile = new java.io.File(((pathPrefix + java.lang.Integer.toString(counter)) + .png)): null

2018-12-11 14:33:48 - [TEST_STEP][PASSED] - Statement - counter = counter + 1: null

2018-12-11 14:33:48 - [TEST_STEP][PASSED] - Statement - PreSaveFile = new java.io.File(((pathPrefix + java.lang.Integer.toString(counter)) + .png)): null

2018-12-11 14:33:48 - [TEST_STEP][PASSED] - Statement - counter = counter + 1: null

2018-12-11 14:33:48 - [TEST_STEP][PASSED] - Statement - PreSaveFile = new java.io.File(((pathPrefix + java.lang.Integer.toString(counter)) + .png)): null

2018-12-11 14:33:48 - [TEST_STEP][PASSED] - Statement - counter = counter + 1: null

2018-12-11 14:33:48 - [TEST_STEP][PASSED] - Statement - PreSaveFile = new java.io.File(((pathPrefix + java.lang.Integer.toString(counter)) + .png)): null

2018-12-11 14:33:48 - [TEST_STEP][PASSED] - Statement - counter = counter + 1: null

2018-12-11 14:33:48 - [TEST_STEP][PASSED] - Statement - PreSaveFile = new java.io.File(((pathPrefix + java.lang.Integer.toString(counter)) + .png)): null

2018-12-11 14:33:48 - [TEST_STEP][PASSED] - Statement - counter = counter + 1: null

2018-12-11 14:33:48 - [TEST_STEP][PASSED] - Statement - PreSaveFile = new java.io.File(((pathPrefix + java.lang.Integer.toString(counter)) + .png)): null

2018-12-11 14:33:48 - [TEST_STEP][PASSED] - Statement - counter = counter + 1: null

2018-12-11 14:33:48 - [TEST_STEP][PASSED] - Statement - PreSaveFile = new java.io.File(((pathPrefix + java.lang.Integer.toString(counter)) + .png)): null

2018-12-11 14:33:48 - [TEST_STEP][PASSED] - Statement - counter = counter + 1: null

2018-12-11 14:33:48 - [TEST_STEP][PASSED] - Statement - PreSaveFile = new java.io.File(((pathPrefix + java.lang.Integer.toString(counter)) + .png)): null

2018-12-11 14:33:48 - [TEST_STEP][PASSED] - Statement - counter = counter + 1: null

2018-12-11 14:33:48 - [TEST_STEP][PASSED] - Statement - PreSaveFile = new java.io.File(((pathPrefix + java.lang.Integer.toString(counter)) + .png)): null

2018-12-11 14:33:48 - [TEST_STEP][PASSED] - Statement - counter = counter + 1: null

2018-12-11 14:33:48 - [TEST_STEP][PASSED] - Statement - PreSaveFile = new java.io.File(((pathPrefix + java.lang.Integer.toString(counter)) + .png)): null

2018-12-11 14:33:48 - [TEST_STEP][PASSED] - Statement - counter = counter + 1: null

2018-12-11 14:33:48 - [TEST_STEP][PASSED] - Statement - PreSaveFile = new java.io.File(((pathPrefix + java.lang.Integer.toString(counter)) + .png)): null

2018-12-11 14:33:48 - [TEST_STEP][PASSED] - Statement - counter = counter + 1: null

2018-12-11 14:33:48 - [TEST_STEP][PASSED] - Statement - PreSaveFile = new java.io.File(((pathPrefix + java.lang.Integer.toString(counter)) + .png)): null

2018-12-11 14:33:48 - [TEST_STEP][PASSED] - Statement - counter = counter + 1: null

2018-12-11 14:33:48 - [TEST_STEP][PASSED] - Statement - PreSaveFile = new java.io.File(((pathPrefix + java.lang.Integer.toString(counter)) + .png)): null

2018-12-11 14:33:48 - [TEST_STEP][PASSED] - Statement - counter = counter + 1: null

2018-12-11 14:33:48 - [TEST_STEP][PASSED] - Statement - PreSaveFile = new java.io.File(((pathPrefix + java.lang.Integer.toString(counter)) + .png)): null

2018-12-11 14:33:48 - [TEST_STEP][PASSED] - Statement - counter = counter + 1: null

2018-12-11 14:33:48 - [TEST_STEP][PASSED] - Statement - PreSaveFile = new java.io.File(((pathPrefix + java.lang.Integer.toString(counter)) + .png)): null

2018-12-11 14:33:48 - [TEST_STEP][PASSED] - Statement - counter = counter + 1: null

2018-12-11 14:33:48 - [TEST_STEP][PASSED] - Statement - PreSaveFile = new java.io.File(((pathPrefix + java.lang.Integer.toString(counter)) + .png)): null

2018-12-11 14:33:48 - [TEST_STEP][PASSED] - Statement - counter = counter + 1: null

2018-12-11 14:33:48 - [TEST_STEP][PASSED] - Statement - PreSaveFile = new java.io.File(((pathPrefix + java.lang.Integer.toString(counter)) + .png)): null

2018-12-11 14:33:48 - [TEST_STEP][PASSED] - Statement - counter = counter + 1: null

2018-12-11 14:33:48 - [TEST_STEP][PASSED] - Statement - PreSaveFile = new java.io.File(((pathPrefix + java.lang.Integer.toString(counter)) + .png)): null

2018-12-11 14:33:48 - [TEST_STEP][PASSED] - Statement - counter = counter + 1: null

2018-12-11 14:33:48 - [TEST_STEP][PASSED] - Statement - PreSaveFile = new java.io.File(((pathPrefix + java.lang.Integer.toString(counter)) + .png)): null

2018-12-11 14:33:48 - [TEST_STEP][PASSED] - Statement - counter = counter + 1: null

2018-12-11 14:33:48 - [TEST_STEP][PASSED] - Statement - PreSaveFile = new java.io.File(((pathPrefix + java.lang.Integer.toString(counter)) + .png)): null

2018-12-11 14:33:48 - [TEST_STEP][PASSED] - Statement - counter = counter + 1: null

2018-12-11 14:33:48 - [TEST_STEP][PASSED] - Statement - PreSaveFile = new java.io.File(((pathPrefix + java.lang.Integer.toString(counter)) + .png)): null

2018-12-11 14:33:48 - [TEST_STEP][PASSED] - Statement - counter = counter + 1: null

2018-12-11 14:33:48 - [TEST_STEP][PASSED] - Statement - PreSaveFile = new java.io.File(((pathPrefix + java.lang.Integer.toString(counter)) + .png)): null

2018-12-11 14:33:48 - [TEST_STEP][PASSED] - Statement - counter = counter + 1: null

2018-12-11 14:33:48 - [TEST_STEP][PASSED] - Statement - PreSaveFile = new java.io.File(((pathPrefix + java.lang.Integer.toString(counter)) + .png)): null

2018-12-11 14:33:48 - [TEST_STEP][PASSED] - Statement - finalPath = pathPrefix + java.lang.Integer.toString(counter) + ".png": null

2018-12-11 14:33:48 - [TEST_STEP][PASSED] - Statement - SaveFile = new java.io.File(finalPath): null

2018-12-11 14:33:48 - [TEST_STEP][PASSED] - Statement - Try: null

2018-12-11 14:33:48 - [TEST_STEP][PASSED] - Statement - org.apache.commons.io.FileUtils.copyFile(scrFile, SaveFile): null

2018-12-11 14:33:48 - [TEST_STEP][PASSED] - Statement - out.println("file kept"): null

2018-12-11 14:33:48 - [TEST_STEP][PASSED] - delay: Delayed 10 second(s)

2018-12-11 14:33:58 - [MESSAGE][PASSED] - Delayed 10 second(s)

2018-12-11 14:33:58 - [MESSAGE][PASSED] - Call Test Case 'Test Cases/Final Aug 2018 - PKS Automation/Registration Module/New Registration/Submit and Screenshot/Submit Registration and Screenshot' successfully]]></system-out>
         <system-err><![CDATA[]]></system-err>
      </testcase>
      <testcase name="Test Cases/Final Aug 2018 - PKS Automation/Registration Module/Workflow/New Registration/Employer to RO - RO Under Enforcement" classname="Test Cases/Final Aug 2018 - PKS Automation/Registration Module/Workflow/New Registration/Employer to RO - RO Under Enforcement" status="FAILED">
         <failure type="FAILED" message="(Stack trace: com.kms.katalon.core.exception.StepFailedException: Unable to set text 'CRN12201800123175' of object 'Object Repository/Final Object Repo/New Registration - Registration Module Pages/New Reg - OTC to RO/Special Case - All Related Objects/TextBox RefNo in Workbasket' (Root cause: org.openqa.selenium.ElementNotVisibleException: element not interactable
  (Session info: chrome=70.0.3538.110)
  (Driver info: chromedriver=2.43.600210 (68dcf5eebde37173d4027fa8635e332711d2874a),platform=Windows NT 6.1.7601 SP1 x86_64) (WARNING: The server did not provide any stacktrace information)
Command duration or timeout: 0 milliseconds
Build info: version: '3.7.1', revision: '8a0099a', time: '2017-11-06T21:07:36.161Z'
System info: host: 'WIN7TEST02', ip: '10.20.3.72', os.name: 'Windows 7', os.arch: 'amd64', os.version: '6.1', java.version: '1.8.0_181'
Driver info: com.kms.katalon.selenium.driver.CChromeDriver
Capabilities {acceptInsecureCerts: false, acceptSslCerts: false, applicationCacheEnabled: false, browserConnectionEnabled: false, browserName: chrome, chrome: {chromedriverVersion: 2.43.600210 (68dcf5eebde371..., userDataDir: C:\Users\Admin\AppData\Loca...}, cssSelectorsEnabled: true, databaseEnabled: false, goog:chromeOptions: {debuggerAddress: localhost:57979}, handlesAlerts: true, hasTouchScreen: false, javascriptEnabled: true, locationContextEnabled: true, mobileEmulationEnabled: false, nativeEvents: true, networkConnectionEnabled: false, pageLoadStrategy: normal, platform: XP, platformName: XP, rotatable: false, setWindowRect: true, takesHeapSnapshot: true, takesScreenshot: true, unexpectedAlertBehaviour: , unhandledPromptBehavior: , version: 70.0.3538.110, webStorageEnabled: true}
Session ID: ebb9f7f4fceb2c5c65e6bac11df61db3)
	at com.kms.katalon.core.keyword.internal.KeywordMain.stepFailed(KeywordMain.groovy:32)
	at com.kms.katalon.core.webui.keyword.internal.WebUIKeywordMain.stepFailed(WebUIKeywordMain.groovy:65)
	at com.kms.katalon.core.webui.keyword.internal.WebUIKeywordMain.runKeyword(WebUIKeywordMain.groovy:27)
	at com.kms.katalon.core.webui.keyword.builtin.SetTextKeyword.setText(SetTextKeyword.groovy:65)
	at com.kms.katalon.core.webui.keyword.builtin.SetTextKeyword.execute(SetTextKeyword.groovy:37)
	at com.kms.katalon.core.keyword.internal.KeywordExecutor.executeKeywordForPlatform(KeywordExecutor.groovy:53)
	at com.kms.katalon.core.webui.keyword.WebUiBuiltInKeywords.setText(WebUiBuiltInKeywords.groovy:950)
	at com.kms.katalon.core.webui.keyword.WebUiBuiltInKeywords$setText$1.call(Unknown Source)
	at org.codehaus.groovy.runtime.callsite.CallSiteArray.defaultCall(CallSiteArray.java:48)
	at org.codehaus.groovy.runtime.callsite.AbstractCallSite.call(AbstractCallSite.java:113)
	at org.codehaus.groovy.runtime.callsite.AbstractCallSite.call(AbstractCallSite.java:133)
	at Script1537253675085.run(Script1537253675085.groovy:87)
	at com.kms.katalon.core.main.ScriptEngine.run(ScriptEngine.java:183)
	at com.kms.katalon.core.main.ScriptEngine.runScriptAsRawText(ScriptEngine.java:108)
	at com.kms.katalon.core.main.TestCaseExecutor.runScript(TestCaseExecutor.java:294)
	at com.kms.katalon.core.main.TestCaseExecutor.doExecute(TestCaseExecutor.java:285)
	at com.kms.katalon.core.main.TestCaseExecutor.processExecutionPhase(TestCaseExecutor.java:264)
	at com.kms.katalon.core.main.TestCaseExecutor.accessMainPhase(TestCaseExecutor.java:256)
	at com.kms.katalon.core.main.TestCaseExecutor.execute(TestCaseExecutor.java:200)
	at com.kms.katalon.core.main.TestSuiteExecutor.accessTestCaseMainPhase(TestSuiteExecutor.java:129)
	at com.kms.katalon.core.main.TestSuiteExecutor.accessTestSuiteMainPhase(TestSuiteExecutor.java:112)
	at com.kms.katalon.core.main.TestSuiteExecutor.execute(TestSuiteExecutor.java:81)
	at com.kms.katalon.core.main.TestCaseMain.startTestSuite(TestCaseMain.java:142)
	at com.kms.katalon.core.main.TestCaseMain$startTestSuite$0.call(Unknown Source)
	at org.codehaus.groovy.runtime.callsite.CallSiteArray.defaultCall(CallSiteArray.java:48)
	at org.codehaus.groovy.runtime.callsite.AbstractCallSite.call(AbstractCallSite.java:113)
	at org.codehaus.groovy.runtime.callsite.AbstractCallSite.call(AbstractCallSite.java:141)
	at TempTestSuite1544497307528.run(TempTestSuite1544497307528.groovy:36)
	at groovy.lang.GroovyShell.runScriptOrMainOrTestOrRunnable(GroovyShell.java:263)
	at groovy.lang.GroovyShell.run(GroovyShell.java:518)
	at groovy.lang.GroovyShell.run(GroovyShell.java:507)
	at groovy.ui.GroovyMain.processOnce(GroovyMain.java:653)
	at groovy.ui.GroovyMain.run(GroovyMain.java:384)
	at groovy.ui.GroovyMain.process(GroovyMain.java:370)
	at groovy.ui.GroovyMain.processArgs(GroovyMain.java:129)
	at groovy.ui.GroovyMain.main(GroovyMain.java:109)
	at sun.reflect.NativeMethodAccessorImpl.invoke0(Native Method)
	at sun.reflect.NativeMethodAccessorImpl.invoke(NativeMethodAccessorImpl.java:62)
	at sun.reflect.DelegatingMethodAccessorImpl.invoke(DelegatingMethodAccessorImpl.java:43)
	at java.lang.reflect.Method.invoke(Method.java:498)
	at org.codehaus.groovy.tools.GroovyStarter.rootLoader(GroovyStarter.java:109)
	at org.codehaus.groovy.tools.GroovyStarter.main(GroovyStarter.java:131)
)"/>
         <system-out><![CDATA[2018-12-11 14:33:58 - [TEST_CASE][FAILED] - Test Cases/Final Aug 2018 - PKS Automation/Registration Module/Workflow/New Registration/Employer to RO - RO Under Enforcement: Test Cases/Final Aug 2018 - PKS Automation/Registration Module/Workflow/New Registration/Employer to RO - RO Under Enforcement FAILED because (of) (Stack trace: com.kms.katalon.core.exception.StepFailedException: Unable to set text 'CRN12201800123175' of object 'Object Repository/Final Object Repo/New Registration - Registration Module Pages/New Reg - OTC to RO/Special Case - All Related Objects/TextBox RefNo in Workbasket' (Root cause: org.openqa.selenium.ElementNotVisibleException: element not interactable
  (Session info: chrome=70.0.3538.110)
  (Driver info: chromedriver=2.43.600210 (68dcf5eebde37173d4027fa8635e332711d2874a),platform=Windows NT 6.1.7601 SP1 x86_64) (WARNING: The server did not provide any stacktrace information)
Command duration or timeout: 0 milliseconds
Build info: version: '3.7.1', revision: '8a0099a', time: '2017-11-06T21:07:36.161Z'
System info: host: 'WIN7TEST02', ip: '10.20.3.72', os.name: 'Windows 7', os.arch: 'amd64', os.version: '6.1', java.version: '1.8.0_181'
Driver info: com.kms.katalon.selenium.driver.CChromeDriver
Capabilities {acceptInsecureCerts: false, acceptSslCerts: false, applicationCacheEnabled: false, browserConnectionEnabled: false, browserName: chrome, chrome: {chromedriverVersion: 2.43.600210 (68dcf5eebde371..., userDataDir: C:\Users\Admin\AppData\Loca...}, cssSelectorsEnabled: true, databaseEnabled: false, goog:chromeOptions: {debuggerAddress: localhost:57979}, handlesAlerts: true, hasTouchScreen: false, javascriptEnabled: true, locationContextEnabled: true, mobileEmulationEnabled: false, nativeEvents: true, networkConnectionEnabled: false, pageLoadStrategy: normal, platform: XP, platformName: XP, rotatable: false, setWindowRect: true, takesHeapSnapshot: true, takesScreenshot: true, unexpectedAlertBehaviour: , unhandledPromptBehavior: , version: 70.0.3538.110, webStorageEnabled: true}
Session ID: ebb9f7f4fceb2c5c65e6bac11df61db3)
	at com.kms.katalon.core.keyword.internal.KeywordMain.stepFailed(KeywordMain.groovy:32)
	at com.kms.katalon.core.webui.keyword.internal.WebUIKeywordMain.stepFailed(WebUIKeywordMain.groovy:65)
	at com.kms.katalon.core.webui.keyword.internal.WebUIKeywordMain.runKeyword(WebUIKeywordMain.groovy:27)
	at com.kms.katalon.core.webui.keyword.builtin.SetTextKeyword.setText(SetTextKeyword.groovy:65)
	at com.kms.katalon.core.webui.keyword.builtin.SetTextKeyword.execute(SetTextKeyword.groovy:37)
	at com.kms.katalon.core.keyword.internal.KeywordExecutor.executeKeywordForPlatform(KeywordExecutor.groovy:53)
	at com.kms.katalon.core.webui.keyword.WebUiBuiltInKeywords.setText(WebUiBuiltInKeywords.groovy:950)
	at com.kms.katalon.core.webui.keyword.WebUiBuiltInKeywords$setText$1.call(Unknown Source)
	at org.codehaus.groovy.runtime.callsite.CallSiteArray.defaultCall(CallSiteArray.java:48)
	at org.codehaus.groovy.runtime.callsite.AbstractCallSite.call(AbstractCallSite.java:113)
	at org.codehaus.groovy.runtime.callsite.AbstractCallSite.call(AbstractCallSite.java:133)
	at Script1537253675085.run(Script1537253675085.groovy:87)
	at com.kms.katalon.core.main.ScriptEngine.run(ScriptEngine.java:183)
	at com.kms.katalon.core.main.ScriptEngine.runScriptAsRawText(ScriptEngine.java:108)
	at com.kms.katalon.core.main.TestCaseExecutor.runScript(TestCaseExecutor.java:294)
	at com.kms.katalon.core.main.TestCaseExecutor.doExecute(TestCaseExecutor.java:285)
	at com.kms.katalon.core.main.TestCaseExecutor.processExecutionPhase(TestCaseExecutor.java:264)
	at com.kms.katalon.core.main.TestCaseExecutor.accessMainPhase(TestCaseExecutor.java:256)
	at com.kms.katalon.core.main.TestCaseExecutor.execute(TestCaseExecutor.java:200)
	at com.kms.katalon.core.main.TestSuiteExecutor.accessTestCaseMainPhase(TestSuiteExecutor.java:129)
	at com.kms.katalon.core.main.TestSuiteExecutor.accessTestSuiteMainPhase(TestSuiteExecutor.java:112)
	at com.kms.katalon.core.main.TestSuiteExecutor.execute(TestSuiteExecutor.java:81)
	at com.kms.katalon.core.main.TestCaseMain.startTestSuite(TestCaseMain.java:142)
	at com.kms.katalon.core.main.TestCaseMain$startTestSuite$0.call(Unknown Source)
	at org.codehaus.groovy.runtime.callsite.CallSiteArray.defaultCall(CallSiteArray.java:48)
	at org.codehaus.groovy.runtime.callsite.AbstractCallSite.call(AbstractCallSite.java:113)
	at org.codehaus.groovy.runtime.callsite.AbstractCallSite.call(AbstractCallSite.java:141)
	at TempTestSuite1544497307528.run(TempTestSuite1544497307528.groovy:36)
	at groovy.lang.GroovyShell.runScriptOrMainOrTestOrRunnable(GroovyShell.java:263)
	at groovy.lang.GroovyShell.run(GroovyShell.java:518)
	at groovy.lang.GroovyShell.run(GroovyShell.java:507)
	at groovy.ui.GroovyMain.processOnce(GroovyMain.java:653)
	at groovy.ui.GroovyMain.run(GroovyMain.java:384)
	at groovy.ui.GroovyMain.process(GroovyMain.java:370)
	at groovy.ui.GroovyMain.processArgs(GroovyMain.java:129)
	at groovy.ui.GroovyMain.main(GroovyMain.java:109)
	at sun.reflect.NativeMethodAccessorImpl.invoke0(Native Method)
	at sun.reflect.NativeMethodAccessorImpl.invoke(NativeMethodAccessorImpl.java:62)
	at sun.reflect.DelegatingMethodAccessorImpl.invoke(DelegatingMethodAccessorImpl.java:43)
	at java.lang.reflect.Method.invoke(Method.java:498)
	at org.codehaus.groovy.tools.GroovyStarter.rootLoader(GroovyStarter.java:109)
	at org.codehaus.groovy.tools.GroovyStarter.main(GroovyStarter.java:131)
)

2018-12-11 14:33:58 - [TEST_STEP][PASSED] - callTestCase: Call Test Case 'Test Cases/Final Aug 2018 - PKS Automation/Registration Module/Workflow/New Registration/Template/Special Case - Employer - Form 1' successfully

2018-12-11 14:33:58 - [TEST_CASE][PASSED] - Test Cases/Final Aug 2018 - PKS Automation/Registration Module/Workflow/New Registration/Template/Special Case - Employer - Form 1: Test Cases/Final Aug 2018 - PKS Automation/Registration Module/Workflow/New Registration/Template/Special Case - Employer - Form 1

2018-12-11 14:33:58 - [TEST_STEP][PASSED] - callTestCase: Call Test Case 'Test Cases/Final Aug 2018 - PKS Automation/Create Employer Acc/Create Employer Account' successfully

2018-12-11 14:33:58 - [TEST_CASE][PASSED] - Test Cases/Final Aug 2018 - PKS Automation/Create Employer Acc/Create Employer Account: Test Cases/Final Aug 2018 - PKS Automation/Create Employer Acc/Create Employer Account

2018-12-11 14:33:58 - [TEST_STEP][PASSED] - callTestCase: Call Test Case 'Test Cases/Final Aug 2018 - PKS Automation/Create Employer Acc/Template/Register Employer' successfully

2018-12-11 14:33:58 - [TEST_CASE][PASSED] - Test Cases/Final Aug 2018 - PKS Automation/Create Employer Acc/Template/Register Employer: Test Cases/Final Aug 2018 - PKS Automation/Create Employer Acc/Template/Register Employer

2018-12-11 14:33:58 - [TEST_STEP][PASSED] - openBrowser: Browser is opened with url: ''

2018-12-11 14:33:58 - [MESSAGE][WARNING] - A browser is already opened. Closing browser and opening a new one

2018-12-11 14:34:02 - [MESSAGE][PASSED] - Browser is opened with url: ''

2018-12-11 14:34:02 - [TEST_STEP][PASSED] - navigateToUrl: Navigate to 'https://assist2-uat.perkeso.gov.my/login' successfully

2018-12-11 14:34:03 - [MESSAGE][PASSED] - Navigate to 'https://assist2-uat.perkeso.gov.my/login' successfully

2018-12-11 14:34:03 - [TEST_STEP][PASSED] - setText: Text 'johorotc1@gmail.com' is set on object 'Object Repository/Final Object Repo/Login Page/Internal User/Email Address'

2018-12-11 14:34:04 - [MESSAGE][PASSED] - Text 'johorotc1@gmail.com' is set on object 'Object Repository/Final Object Repo/Login Page/Internal User/Email Address'

2018-12-11 14:34:04 - [TEST_STEP][PASSED] - click: Object: 'Object Repository/Final Object Repo/Login Page/Internal User/Next Button' is clicked on

2018-12-11 14:34:04 - [MESSAGE][PASSED] - Object: 'Object Repository/Final Object Repo/Login Page/Internal User/Next Button' is clicked on

2018-12-11 14:34:04 - [TEST_STEP][PASSED] - delay: Delayed 1 second(s)

2018-12-11 14:34:05 - [MESSAGE][PASSED] - Delayed 1 second(s)

2018-12-11 14:34:05 - [TEST_STEP][PASSED] - setEncryptedText: Text ****** has been set on object 'Object Repository/Final Object Repo/Login Page/Internal User/Password'

2018-12-11 14:34:05 - [MESSAGE][PASSED] - Text ****** has been set on object 'Object Repository/Final Object Repo/Login Page/Internal User/Password'

2018-12-11 14:34:05 - [TEST_STEP][PASSED] - click: Object: 'Object Repository/Final Object Repo/Login Page/Internal User/Login Button' is clicked on

2018-12-11 14:34:05 - [MESSAGE][PASSED] - Object: 'Object Repository/Final Object Repo/Login Page/Internal User/Login Button' is clicked on

2018-12-11 14:34:05 - [TEST_STEP][PASSED] - delay: Delayed 1 second(s)

2018-12-11 14:34:06 - [MESSAGE][PASSED] - Delayed 1 second(s)

2018-12-11 14:34:06 - [TEST_STEP][PASSED] - navigateToUrl: Navigate to 'https://assist2-uat.perkeso.gov.my/web/base/portal-id/registration' successfully

2018-12-11 14:34:08 - [MESSAGE][PASSED] - Navigate to 'https://assist2-uat.perkeso.gov.my/web/base/portal-id/registration' successfully

2018-12-11 14:34:08 - [TEST_STEP][PASSED] - setText: Text 'AUTOMATION EMPLOYER' is set on object 'Object Repository/Final Object Repo/Creating Employer Account/Page_Registration - ASSIST (Base)/Employer Name'

2018-12-11 14:34:09 - [MESSAGE][PASSED] - Text 'AUTOMATION EMPLOYER' is set on object 'Object Repository/Final Object Repo/Creating Employer Account/Page_Registration - ASSIST (Base)/Employer Name'

2018-12-11 14:34:09 - [TEST_STEP][PASSED] - delay: Delayed 2 second(s)

2018-12-11 14:34:11 - [MESSAGE][PASSED] - Delayed 2 second(s)

2018-12-11 14:34:11 - [TEST_STEP][PASSED] - click: Object: 'Object Repository/Final Object Repo/Creating Employer Account/Page_Registration - ASSIST (Base)/Registration Type' is clicked on

2018-12-11 14:34:11 - [MESSAGE][PASSED] - Object: 'Object Repository/Final Object Repo/Creating Employer Account/Page_Registration - ASSIST (Base)/Registration Type' is clicked on

2018-12-11 14:34:11 - [TEST_STEP][PASSED] - delay: Delayed 2 second(s)

2018-12-11 14:34:13 - [MESSAGE][PASSED] - Delayed 2 second(s)

2018-12-11 14:34:13 - [TEST_STEP][PASSED] - click: Object: 'Object Repository/Final Object Repo/Creating Employer Account/Page_Registration - ASSIST (Base)/Registration Type - Registration No' is clicked on

2018-12-11 14:34:13 - [MESSAGE][PASSED] - Object: 'Object Repository/Final Object Repo/Creating Employer Account/Page_Registration - ASSIST (Base)/Registration Type - Registration No' is clicked on

2018-12-11 14:34:13 - [TEST_STEP][PASSED] - delay: Delayed 2 second(s)

2018-12-11 14:34:15 - [MESSAGE][PASSED] - Delayed 2 second(s)

2018-12-11 14:34:15 - [TEST_STEP][PASSED] - setText: Text 'AUTOMATE001' is set on object 'Object Repository/Final Object Repo/Creating Employer Account/Page_Registration - ASSIST (Base)/Registration Number'

2018-12-11 14:34:15 - [MESSAGE][PASSED] - Text 'AUTOMATE001' is set on object 'Object Repository/Final Object Repo/Creating Employer Account/Page_Registration - ASSIST (Base)/Registration Number'

2018-12-11 14:34:15 - [TEST_STEP][PASSED] - delay: Delayed 2 second(s)

2018-12-11 14:34:17 - [MESSAGE][PASSED] - Delayed 2 second(s)

2018-12-11 14:34:17 - [TEST_STEP][PASSED] - setText: Text 'ADDRESS 1' is set on object 'Object Repository/Final Object Repo/Creating Employer Account/Page_Registration - ASSIST (Base)/Postal Address 1'

2018-12-11 14:34:18 - [MESSAGE][PASSED] - Text 'ADDRESS 1' is set on object 'Object Repository/Final Object Repo/Creating Employer Account/Page_Registration - ASSIST (Base)/Postal Address 1'

2018-12-11 14:34:18 - [TEST_STEP][PASSED] - setText: Text 'ADDRESS 2' is set on object 'Object Repository/Final Object Repo/Creating Employer Account/Page_Registration - ASSIST (Base)/Postal Address 2'

2018-12-11 14:34:18 - [MESSAGE][PASSED] - Text 'ADDRESS 2' is set on object 'Object Repository/Final Object Repo/Creating Employer Account/Page_Registration - ASSIST (Base)/Postal Address 2'

2018-12-11 14:34:18 - [TEST_STEP][PASSED] - click: Object: 'Object Repository/Final Object Repo/Creating Employer Account/Page_Registration - ASSIST (Base)/State' is clicked on

2018-12-11 14:34:18 - [MESSAGE][PASSED] - Object: 'Object Repository/Final Object Repo/Creating Employer Account/Page_Registration - ASSIST (Base)/State' is clicked on

2018-12-11 14:34:18 - [TEST_STEP][PASSED] - delay: Delayed 2 second(s)

2018-12-11 14:34:20 - [MESSAGE][PASSED] - Delayed 2 second(s)

2018-12-11 14:34:20 - [TEST_STEP][PASSED] - click: Object: 'Object Repository/Final Object Repo/Creating Employer Account/Page_Registration - ASSIST (Base)/State - Johor' is clicked on

2018-12-11 14:34:21 - [MESSAGE][PASSED] - Object: 'Object Repository/Final Object Repo/Creating Employer Account/Page_Registration - ASSIST (Base)/State - Johor' is clicked on

2018-12-11 14:34:21 - [TEST_STEP][PASSED] - delay: Delayed 2 second(s)

2018-12-11 14:34:23 - [MESSAGE][PASSED] - Delayed 2 second(s)

2018-12-11 14:34:23 - [TEST_STEP][PASSED] - click: Object: 'Object Repository/Final Object Repo/Creating Employer Account/Page_Registration - ASSIST (Base)/City' is clicked on

2018-12-11 14:34:23 - [MESSAGE][PASSED] - Object: 'Object Repository/Final Object Repo/Creating Employer Account/Page_Registration - ASSIST (Base)/City' is clicked on

2018-12-11 14:34:23 - [TEST_STEP][PASSED] - delay: Delayed 2 second(s)

2018-12-11 14:34:25 - [MESSAGE][PASSED] - Delayed 2 second(s)

2018-12-11 14:34:25 - [TEST_STEP][PASSED] - setText: Text 'joh' is set on object 'Object Repository/Final Object Repo/Creating Employer Account/Page_Registration - ASSIST (Base)/City - joh'

2018-12-11 14:34:25 - [MESSAGE][PASSED] - Text 'joh' is set on object 'Object Repository/Final Object Repo/Creating Employer Account/Page_Registration - ASSIST (Base)/City - joh'

2018-12-11 14:34:25 - [TEST_STEP][PASSED] - delay: Delayed 2 second(s)

2018-12-11 14:34:27 - [MESSAGE][PASSED] - Delayed 2 second(s)

2018-12-11 14:34:27 - [TEST_STEP][PASSED] - click: Object: 'Object Repository/Final Object Repo/Creating Employer Account/Page_Registration - ASSIST (Base)/City - Johor Bharu' is clicked on

2018-12-11 14:34:27 - [MESSAGE][PASSED] - Object: 'Object Repository/Final Object Repo/Creating Employer Account/Page_Registration - ASSIST (Base)/City - Johor Bharu' is clicked on

2018-12-11 14:34:27 - [TEST_STEP][PASSED] - delay: Delayed 2 second(s)

2018-12-11 14:34:29 - [MESSAGE][PASSED] - Delayed 2 second(s)

2018-12-11 14:34:29 - [TEST_STEP][PASSED] - click: Object: 'Object Repository/Final Object Repo/Creating Employer Account/Page_Registration - ASSIST (Base)/Post Code' is clicked on

2018-12-11 14:34:29 - [MESSAGE][PASSED] - Object: 'Object Repository/Final Object Repo/Creating Employer Account/Page_Registration - ASSIST (Base)/Post Code' is clicked on

2018-12-11 14:34:29 - [TEST_STEP][PASSED] - delay: Delayed 2 second(s)

2018-12-11 14:34:31 - [MESSAGE][PASSED] - Delayed 2 second(s)

2018-12-11 14:34:31 - [TEST_STEP][PASSED] - setText: Text '810' is set on object 'Object Repository/Final Object Repo/Creating Employer Account/Page_Registration - ASSIST (Base)/Post Code - 810'

2018-12-11 14:34:31 - [MESSAGE][PASSED] - Text '810' is set on object 'Object Repository/Final Object Repo/Creating Employer Account/Page_Registration - ASSIST (Base)/Post Code - 810'

2018-12-11 14:34:31 - [TEST_STEP][PASSED] - delay: Delayed 2 second(s)

2018-12-11 14:34:33 - [MESSAGE][PASSED] - Delayed 2 second(s)

2018-12-11 14:34:33 - [TEST_STEP][PASSED] - click: Object: 'Object Repository/Final Object Repo/Creating Employer Account/Page_Registration - ASSIST (Base)/Post Code - 81000' is clicked on

2018-12-11 14:34:34 - [MESSAGE][PASSED] - Object: 'Object Repository/Final Object Repo/Creating Employer Account/Page_Registration - ASSIST (Base)/Post Code - 81000' is clicked on

2018-12-11 14:34:34 - [TEST_STEP][PASSED] - delay: Delayed 2 second(s)

2018-12-11 14:34:36 - [MESSAGE][PASSED] - Delayed 2 second(s)

2018-12-11 14:34:36 - [TEST_STEP][PASSED] - setText: Text 'PERKESO' is set on object 'Object Repository/Final Object Repo/Creating Employer Account/Page_Registration - ASSIST (Base)/Full Name'

2018-12-11 14:34:36 - [MESSAGE][PASSED] - Text 'PERKESO' is set on object 'Object Repository/Final Object Repo/Creating Employer Account/Page_Registration - ASSIST (Base)/Full Name'

2018-12-11 14:34:36 - [TEST_STEP][PASSED] - Statement - rnd = new java.util.Random(): null

2018-12-11 14:34:36 - [TEST_STEP][PASSED] - Statement - snum = rnd.nextInt(899999 + 1) + 100000: null

2018-12-11 14:34:36 - [TEST_STEP][PASSED] - Statement - tnum = rnd.nextInt(899999 + 1) + 100000: null

2018-12-11 14:34:36 - [TEST_STEP][PASSED] - Statement - IC = java.lang.Integer.toString(snum) + java.lang.Integer.toString(tnum): null

2018-12-11 14:34:36 - [TEST_STEP][PASSED] - Statement - out.println(IC): null

2018-12-11 14:34:36 - [TEST_STEP][PASSED] - setText: Text '576283630883' is set on object 'Object Repository/Final Object Repo/Creating Employer Account/Page_Registration - ASSIST (Base)/Identification Number'

2018-12-11 14:34:36 - [MESSAGE][PASSED] - Text '576283630883' is set on object 'Object Repository/Final Object Repo/Creating Employer Account/Page_Registration - ASSIST (Base)/Identification Number'

2018-12-11 14:34:36 - [TEST_STEP][PASSED] - delay: Delayed 2 second(s)

2018-12-11 14:34:38 - [MESSAGE][PASSED] - Delayed 2 second(s)

2018-12-11 14:34:38 - [TEST_STEP][PASSED] - setText: Text '123456789012' is set on object 'Object Repository/Final Object Repo/Creating Employer Account/Page_Registration - ASSIST (Base)/Contact Number'

2018-12-11 14:34:39 - [MESSAGE][PASSED] - Text '123456789012' is set on object 'Object Repository/Final Object Repo/Creating Employer Account/Page_Registration - ASSIST (Base)/Contact Number'

2018-12-11 14:34:39 - [TEST_STEP][PASSED] - Statement - Email = "perkeso" + IC + "@gmail.com": null

2018-12-11 14:34:39 - [TEST_STEP][PASSED] - delay: Delayed 2 second(s)

2018-12-11 14:34:41 - [MESSAGE][PASSED] - Delayed 2 second(s)

2018-12-11 14:34:41 - [TEST_STEP][PASSED] - callTestCase: Call Test Case 'Test Cases/Final Aug 2018 - PKS Automation/Create Employer Acc/Template/Employer Email Settler' successfully

2018-12-11 14:34:41 - [TEST_CASE][PASSED] - Test Cases/Final Aug 2018 - PKS Automation/Create Employer Acc/Template/Employer Email Settler: Test Cases/Final Aug 2018 - PKS Automation/Create Employer Acc/Template/Employer Email Settler

2018-12-11 14:34:41 - [TEST_STEP][PASSED] - Statement - EmpEmailOld = new java.io.File(C://Users//Admin//Desktop//PKS//Automation Reference Point//EmpEmail.txt): null

2018-12-11 14:34:41 - [TEST_STEP][PASSED] - Statement - EmpEmailOld.delete(): null

2018-12-11 14:34:41 - [TEST_STEP][PASSED] - delay: Delayed 5 second(s)

2018-12-11 14:34:46 - [MESSAGE][PASSED] - Delayed 5 second(s)

2018-12-11 14:34:46 - [TEST_STEP][PASSED] - Statement - EmpEmail = new java.io.File(C://Users//Admin//Desktop//PKS//Automation Reference Point//EmpEmail.txt): null

2018-12-11 14:34:46 - [TEST_STEP][PASSED] - Statement - f2 = new java.io.FileWriter(EmpEmail, false): null

2018-12-11 14:34:46 - [TEST_STEP][PASSED] - Statement - f2.write(Email): null

2018-12-11 14:34:46 - [TEST_STEP][PASSED] - Statement - f2.close(): null

2018-12-11 14:34:46 - [TEST_STEP][PASSED] - Statement - out.println(Email): null

2018-12-11 14:34:46 - [MESSAGE][PASSED] - Call Test Case 'Test Cases/Final Aug 2018 - PKS Automation/Create Employer Acc/Template/Employer Email Settler' successfully

2018-12-11 14:34:46 - [TEST_STEP][PASSED] - delay: Delayed 2 second(s)

2018-12-11 14:34:48 - [MESSAGE][PASSED] - Delayed 2 second(s)

2018-12-11 14:34:48 - [TEST_STEP][PASSED] - setText: Text 'perkeso576283630883@gmail.com' is set on object 'Object Repository/Final Object Repo/Creating Employer Account/Page_Registration - ASSIST (Base)/Email'

2018-12-11 14:34:48 - [MESSAGE][PASSED] - Text 'perkeso576283630883@gmail.com' is set on object 'Object Repository/Final Object Repo/Creating Employer Account/Page_Registration - ASSIST (Base)/Email'

2018-12-11 14:34:48 - [TEST_STEP][PASSED] - setText: Text '123' is set on object 'Object Repository/Final Object Repo/Creating Employer Account/Page_Registration - ASSIST (Base)/Security Phase'

2018-12-11 14:34:49 - [MESSAGE][PASSED] - Text '123' is set on object 'Object Repository/Final Object Repo/Creating Employer Account/Page_Registration - ASSIST (Base)/Security Phase'

2018-12-11 14:34:49 - [TEST_STEP][PASSED] - click: Object: 'Object Repository/Final Object Repo/Creating Employer Account/Page_Registration - ASSIST (Base)/Save  Continue' is clicked on

2018-12-11 14:34:49 - [MESSAGE][PASSED] - Object: 'Object Repository/Final Object Repo/Creating Employer Account/Page_Registration - ASSIST (Base)/Save  Continue' is clicked on

2018-12-11 14:34:49 - [TEST_STEP][PASSED] - delay: Delayed 2 second(s)

2018-12-11 14:34:51 - [MESSAGE][PASSED] - Delayed 2 second(s)

2018-12-11 14:34:51 - [TEST_STEP][PASSED] - click: Object: 'Object Repository/Final Object Repo/Creating Employer Account/Page_Registration - ASSIST (Base)/Add Document' is clicked on

2018-12-11 14:34:51 - [MESSAGE][PASSED] - Object: 'Object Repository/Final Object Repo/Creating Employer Account/Page_Registration - ASSIST (Base)/Add Document' is clicked on

2018-12-11 14:34:51 - [TEST_STEP][PASSED] - delay: Delayed 2 second(s)

2018-12-11 14:34:53 - [MESSAGE][PASSED] - Delayed 2 second(s)

2018-12-11 14:34:53 - [TEST_STEP][PASSED] - click: Object: 'Object Repository/Final Object Repo/Creating Employer Account/Page_Registration - ASSIST (Base)/Document Type' is clicked on

2018-12-11 14:34:53 - [MESSAGE][PASSED] - Object: 'Object Repository/Final Object Repo/Creating Employer Account/Page_Registration - ASSIST (Base)/Document Type' is clicked on

2018-12-11 14:34:53 - [TEST_STEP][PASSED] - delay: Delayed 2 second(s)

2018-12-11 14:34:55 - [MESSAGE][PASSED] - Delayed 2 second(s)

2018-12-11 14:34:55 - [TEST_STEP][PASSED] - click: Object: 'Object Repository/Final Object Repo/Creating Employer Account/Page_Registration - ASSIST (Base)/Document Type - Letter of Authorization' is clicked on

2018-12-11 14:34:55 - [MESSAGE][PASSED] - Object: 'Object Repository/Final Object Repo/Creating Employer Account/Page_Registration - ASSIST (Base)/Document Type - Letter of Authorization' is clicked on

2018-12-11 14:34:55 - [TEST_STEP][PASSED] - delay: Delayed 2 second(s)

2018-12-11 14:34:57 - [MESSAGE][PASSED] - Delayed 2 second(s)

2018-12-11 14:34:57 - [TEST_STEP][PASSED] - sendKeys: Keys 'C:\Users\Public\Pictures\Sample Pictures\Koala.jpg' sent to object: 'Object Repository/Final Object Repo/Creating Employer Account/Page_Registration - ASSIST (Base)/Uploading File'

2018-12-11 14:34:57 - [MESSAGE][PASSED] - Keys 'C:\Users\Public\Pictures\Sample Pictures\Koala.jpg' sent to object: 'Object Repository/Final Object Repo/Creating Employer Account/Page_Registration - ASSIST (Base)/Uploading File'

2018-12-11 14:34:57 - [TEST_STEP][PASSED] - delay: Delayed 2 second(s)

2018-12-11 14:34:59 - [MESSAGE][PASSED] - Delayed 2 second(s)

2018-12-11 14:34:59 - [TEST_STEP][PASSED] - click: Object: 'Object Repository/Final Object Repo/Creating Employer Account/Page_Registration - ASSIST (Base)/Add Document in Uploading File' is clicked on

2018-12-11 14:35:00 - [MESSAGE][PASSED] - Object: 'Object Repository/Final Object Repo/Creating Employer Account/Page_Registration - ASSIST (Base)/Add Document in Uploading File' is clicked on

2018-12-11 14:35:00 - [TEST_STEP][PASSED] - delay: Delayed 2 second(s)

2018-12-11 14:35:02 - [MESSAGE][PASSED] - Delayed 2 second(s)

2018-12-11 14:35:02 - [TEST_STEP][PASSED] - click: Object: 'Object Repository/Final Object Repo/Creating Employer Account/Page_Registration - ASSIST (Base)/Save' is clicked on

2018-12-11 14:35:02 - [MESSAGE][PASSED] - Object: 'Object Repository/Final Object Repo/Creating Employer Account/Page_Registration - ASSIST (Base)/Save' is clicked on

2018-12-11 14:35:02 - [TEST_STEP][PASSED] - delay: Delayed 2 second(s)

2018-12-11 14:35:04 - [MESSAGE][PASSED] - Delayed 2 second(s)

2018-12-11 14:35:04 - [TEST_STEP][PASSED] - click: Object: 'Object Repository/Final Object Repo/Creating Employer Account/Page_Registration - ASSIST (Base)/Submit' is clicked on

2018-12-11 14:35:04 - [MESSAGE][PASSED] - Object: 'Object Repository/Final Object Repo/Creating Employer Account/Page_Registration - ASSIST (Base)/Submit' is clicked on

2018-12-11 14:35:04 - [TEST_STEP][PASSED] - delay: Delayed 2 second(s)

2018-12-11 14:35:06 - [MESSAGE][PASSED] - Delayed 2 second(s)

2018-12-11 14:35:06 - [TEST_STEP][PASSED] - click: Object: 'Object Repository/Final Object Repo/Creating Employer Account/Page_Registration - ASSIST (Base)/Confirm' is clicked on

2018-12-11 14:35:06 - [MESSAGE][PASSED] - Object: 'Object Repository/Final Object Repo/Creating Employer Account/Page_Registration - ASSIST (Base)/Confirm' is clicked on

2018-12-11 14:35:06 - [MESSAGE][PASSED] - Call Test Case 'Test Cases/Final Aug 2018 - PKS Automation/Create Employer Acc/Template/Register Employer' successfully

2018-12-11 14:35:06 - [TEST_STEP][PASSED] - delay: Delayed 1 second(s)

2018-12-11 14:35:07 - [MESSAGE][PASSED] - Delayed 1 second(s)

2018-12-11 14:35:07 - [TEST_STEP][PASSED] - navigateToUrl: Navigate to 'https://assist2-uat.perkeso.gov.my/c/portal/logout' successfully

2018-12-11 14:35:09 - [MESSAGE][PASSED] - Navigate to 'https://assist2-uat.perkeso.gov.my/c/portal/logout' successfully

2018-12-11 14:35:09 - [TEST_STEP][PASSED] - delay: Delayed 1 second(s)

2018-12-11 14:35:10 - [MESSAGE][PASSED] - Delayed 1 second(s)

2018-12-11 14:35:10 - [TEST_STEP][PASSED] - callTestCase: Call Test Case 'Test Cases/Final Aug 2018 - PKS Automation/Create Employer Acc/Template/Change Password of Employer' successfully

2018-12-11 14:35:10 - [TEST_CASE][PASSED] - Test Cases/Final Aug 2018 - PKS Automation/Create Employer Acc/Template/Change Password of Employer: Test Cases/Final Aug 2018 - PKS Automation/Create Employer Acc/Template/Change Password of Employer

2018-12-11 14:35:10 - [TEST_STEP][PASSED] - openBrowser: Browser is opened with url: ''

2018-12-11 14:35:10 - [MESSAGE][WARNING] - A browser is already opened. Closing browser and opening a new one

2018-12-11 14:35:14 - [MESSAGE][PASSED] - Browser is opened with url: ''

2018-12-11 14:35:14 - [TEST_STEP][PASSED] - navigateToUrl: Navigate to 'https://assist2-uat.perkeso.gov.my/login' successfully

2018-12-11 14:35:15 - [MESSAGE][PASSED] - Navigate to 'https://assist2-uat.perkeso.gov.my/login' successfully

2018-12-11 14:35:15 - [TEST_STEP][PASSED] - delay: Delayed 5 second(s)

2018-12-11 14:35:20 - [MESSAGE][PASSED] - Delayed 5 second(s)

2018-12-11 14:35:20 - [TEST_STEP][PASSED] - setText: Text 'test@liferay.com' is set on object 'Object Repository/Final Object Repo/Login Page/Internal User/Email Address'

2018-12-11 14:35:21 - [MESSAGE][PASSED] - Text 'test@liferay.com' is set on object 'Object Repository/Final Object Repo/Login Page/Internal User/Email Address'

2018-12-11 14:35:21 - [TEST_STEP][PASSED] - click: Object: 'Object Repository/Final Object Repo/Login Page/Internal User/Next Button' is clicked on

2018-12-11 14:35:21 - [MESSAGE][PASSED] - Object: 'Object Repository/Final Object Repo/Login Page/Internal User/Next Button' is clicked on

2018-12-11 14:35:21 - [TEST_STEP][PASSED] - delay: Delayed 2 second(s)

2018-12-11 14:35:23 - [MESSAGE][PASSED] - Delayed 2 second(s)

2018-12-11 14:35:23 - [TEST_STEP][PASSED] - setText: Text 'test' is set on object 'Object Repository/Final Object Repo/Login Page/Internal User/Password'

2018-12-11 14:35:23 - [MESSAGE][PASSED] - Text 'test' is set on object 'Object Repository/Final Object Repo/Login Page/Internal User/Password'

2018-12-11 14:35:23 - [TEST_STEP][PASSED] - delay: Delayed 2 second(s)

2018-12-11 14:35:25 - [MESSAGE][PASSED] - Delayed 2 second(s)

2018-12-11 14:35:25 - [TEST_STEP][PASSED] - click: Object: 'Object Repository/Final Object Repo/Login Page/Internal User/Login Button' is clicked on

2018-12-11 14:35:25 - [MESSAGE][PASSED] - Object: 'Object Repository/Final Object Repo/Login Page/Internal User/Login Button' is clicked on

2018-12-11 14:35:25 - [TEST_STEP][PASSED] - delay: Delayed 3 second(s)

2018-12-11 14:35:28 - [MESSAGE][PASSED] - Delayed 3 second(s)

2018-12-11 14:35:28 - [TEST_STEP][PASSED] - navigateToUrl: Navigate to 'https://assist2-uat.perkeso.gov.my/group/control_panel/manage?p_p_id=125&p_p_lifecycle=0&p_p_state=maximized&p_p_mode=view&refererPlid=20455&_125_usersListView=flat-users&_125_toolbarItem=view-all-users&_125_saveUsersListView=true&_125_struts_action=%2Fusers_admin%2Fview' successfully

2018-12-11 14:35:29 - [MESSAGE][PASSED] - Navigate to 'https://assist2-uat.perkeso.gov.my/group/control_panel/manage?p_p_id=125&p_p_lifecycle=0&p_p_state=maximized&p_p_mode=view&refererPlid=20455&_125_usersListView=flat-users&_125_toolbarItem=view-all-users&_125_saveUsersListView=true&_125_struts_action=%2Fusers_admin%2Fview' successfully

2018-12-11 14:35:29 - [TEST_STEP][PASSED] - delay: Delayed 3 second(s)

2018-12-11 14:35:32 - [MESSAGE][PASSED] - Delayed 3 second(s)

2018-12-11 14:35:32 - [TEST_STEP][PASSED] - setText: Text 'perkeso576283630883@gmail.com' is set on object 'Object Repository/Final Object Repo/Creating Employer Account/Page_Users and Organizations - ASSIST/Employer name'

2018-12-11 14:35:33 - [MESSAGE][PASSED] - Text 'perkeso576283630883@gmail.com' is set on object 'Object Repository/Final Object Repo/Creating Employer Account/Page_Users and Organizations - ASSIST/Employer name'

2018-12-11 14:35:33 - [TEST_STEP][PASSED] - delay: Delayed 3 second(s)

2018-12-11 14:35:36 - [MESSAGE][PASSED] - Delayed 3 second(s)

2018-12-11 14:35:36 - [TEST_STEP][PASSED] - click: Object: 'Object Repository/Final Object Repo/Creating Employer Account/Page_Users and Organizations - ASSIST/Search' is clicked on

2018-12-11 14:35:36 - [MESSAGE][PASSED] - Object: 'Object Repository/Final Object Repo/Creating Employer Account/Page_Users and Organizations - ASSIST/Search' is clicked on

2018-12-11 14:35:36 - [TEST_STEP][PASSED] - delay: Delayed 3 second(s)

2018-12-11 14:35:39 - [MESSAGE][PASSED] - Delayed 3 second(s)

2018-12-11 14:35:39 - [TEST_STEP][PASSED] - click: Object: 'Object Repository/Final Object Repo/Creating Employer Account/Page_Users and Organizations - ASSIST/Action' is clicked on

2018-12-11 14:35:40 - [MESSAGE][PASSED] - Object: 'Object Repository/Final Object Repo/Creating Employer Account/Page_Users and Organizations - ASSIST/Action' is clicked on

2018-12-11 14:35:40 - [TEST_STEP][PASSED] - delay: Delayed 3 second(s)

2018-12-11 14:35:43 - [MESSAGE][PASSED] - Delayed 3 second(s)

2018-12-11 14:35:43 - [TEST_STEP][PASSED] - click: Object: 'Object Repository/Final Object Repo/Creating Employer Account/Page_Users and Organizations - ASSIST/Edit' is clicked on

2018-12-11 14:35:44 - [MESSAGE][PASSED] - Object: 'Object Repository/Final Object Repo/Creating Employer Account/Page_Users and Organizations - ASSIST/Edit' is clicked on

2018-12-11 14:35:44 - [TEST_STEP][PASSED] - delay: Delayed 3 second(s)

2018-12-11 14:35:47 - [MESSAGE][PASSED] - Delayed 3 second(s)

2018-12-11 14:35:47 - [TEST_STEP][PASSED] - click: Object: 'Object Repository/Final Object Repo/Creating Employer Account/Page_PERKESO - Users and Organizati/a_Password (Modified)' is clicked on

2018-12-11 14:35:47 - [MESSAGE][PASSED] - Object: 'Object Repository/Final Object Repo/Creating Employer Account/Page_PERKESO - Users and Organizati/a_Password (Modified)' is clicked on

2018-12-11 14:35:47 - [TEST_STEP][PASSED] - delay: Delayed 3 second(s)

2018-12-11 14:35:50 - [MESSAGE][PASSED] - Delayed 3 second(s)

2018-12-11 14:35:50 - [TEST_STEP][PASSED] - setEncryptedText: Text ****** has been set on object 'Object Repository/Final Object Repo/Creating Employer Account/Page_PERKESO - Users and Organizati/input__125_password1'

2018-12-11 14:35:50 - [MESSAGE][PASSED] - Text ****** has been set on object 'Object Repository/Final Object Repo/Creating Employer Account/Page_PERKESO - Users and Organizati/input__125_password1'

2018-12-11 14:35:50 - [TEST_STEP][PASSED] - delay: Delayed 3 second(s)

2018-12-11 14:35:53 - [MESSAGE][PASSED] - Delayed 3 second(s)

2018-12-11 14:35:53 - [TEST_STEP][PASSED] - setEncryptedText: Text ****** has been set on object 'Object Repository/Final Object Repo/Creating Employer Account/Page_PERKESO - Users and Organizati/input__125_password2'

2018-12-11 14:35:53 - [MESSAGE][PASSED] - Text ****** has been set on object 'Object Repository/Final Object Repo/Creating Employer Account/Page_PERKESO - Users and Organizati/input__125_password2'

2018-12-11 14:35:53 - [TEST_STEP][PASSED] - delay: Delayed 3 second(s)

2018-12-11 14:35:56 - [MESSAGE][PASSED] - Delayed 3 second(s)

2018-12-11 14:35:56 - [TEST_STEP][PASSED] - click: Object: 'Object Repository/Final Object Repo/Creating Employer Account/Page_PERKESO - Users and Organizati/Save' is clicked on

2018-12-11 14:35:58 - [MESSAGE][PASSED] - Object: 'Object Repository/Final Object Repo/Creating Employer Account/Page_PERKESO - Users and Organizati/Save' is clicked on

2018-12-11 14:35:58 - [MESSAGE][PASSED] - Call Test Case 'Test Cases/Final Aug 2018 - PKS Automation/Create Employer Acc/Template/Change Password of Employer' successfully

2018-12-11 14:35:58 - [TEST_STEP][PASSED] - delay: Delayed 1 second(s)

2018-12-11 14:35:59 - [MESSAGE][PASSED] - Delayed 1 second(s)

2018-12-11 14:35:59 - [TEST_STEP][PASSED] - navigateToUrl: Navigate to 'https://assist2-uat.perkeso.gov.my/c/portal/logout' successfully

2018-12-11 14:36:00 - [MESSAGE][PASSED] - Navigate to 'https://assist2-uat.perkeso.gov.my/c/portal/logout' successfully

2018-12-11 14:36:00 - [TEST_STEP][PASSED] - delay: Delayed 1 second(s)

2018-12-11 14:36:01 - [MESSAGE][PASSED] - Delayed 1 second(s)

2018-12-11 14:36:01 - [TEST_STEP][PASSED] - callTestCase: Call Test Case 'Test Cases/Final Aug 2018 - PKS Automation/Create Employer Acc/Template/Login to Employer Account (First Time)' successfully

2018-12-11 14:36:01 - [TEST_CASE][PASSED] - Test Cases/Final Aug 2018 - PKS Automation/Create Employer Acc/Template/Login to Employer Account (First Time): Test Cases/Final Aug 2018 - PKS Automation/Create Employer Acc/Template/Login to Employer Account (First Time)

2018-12-11 14:36:01 - [TEST_STEP][PASSED] - openBrowser: Browser is opened with url: ''

2018-12-11 14:36:01 - [MESSAGE][WARNING] - A browser is already opened. Closing browser and opening a new one

2018-12-11 14:36:06 - [MESSAGE][PASSED] - Browser is opened with url: ''

2018-12-11 14:36:06 - [TEST_STEP][PASSED] - navigateToUrl: Navigate to 'https://assist2-uat.perkeso.gov.my/employer/login' successfully

2018-12-11 14:36:07 - [MESSAGE][PASSED] - Navigate to 'https://assist2-uat.perkeso.gov.my/employer/login' successfully

2018-12-11 14:36:07 - [TEST_STEP][PASSED] - delay: Delayed 3 second(s)

2018-12-11 14:36:10 - [MESSAGE][PASSED] - Delayed 3 second(s)

2018-12-11 14:36:10 - [TEST_STEP][PASSED] - callTestCase: Call Test Case 'Test Cases/Final Aug 2018 - PKS Automation/Create Employer Acc/Template/Employer Email Getter' successfully

2018-12-11 14:36:10 - [TEST_CASE][PASSED] - Test Cases/Final Aug 2018 - PKS Automation/Create Employer Acc/Template/Employer Email Getter: Test Cases/Final Aug 2018 - PKS Automation/Create Employer Acc/Template/Employer Email Getter

2018-12-11 14:36:10 - [TEST_STEP][PASSED] - Statement - Try: null

2018-12-11 14:36:10 - [TEST_STEP][PASSED] - Statement - EmpEmail = new java.io.File(C://Users//Admin//Desktop//PKS//Automation Reference Point//EmpEmail.txt): null

2018-12-11 14:36:10 - [TEST_STEP][PASSED] - Statement - bufferread = new java.io.BufferedReader(new java.io.FileReader(EmpEmail)): null

2018-12-11 14:36:10 - [TEST_STEP][PASSED] - Statement - readedVal = bufferread.readLine(): null

2018-12-11 14:36:10 - [TEST_STEP][PASSED] - Statement - out.println(readedVal): null

2018-12-11 14:36:10 - [TEST_STEP][PASSED] - Statement - Email = readedVal: null

2018-12-11 14:36:10 - [MESSAGE][PASSED] - Call Test Case 'Test Cases/Final Aug 2018 - PKS Automation/Create Employer Acc/Template/Employer Email Getter' successfully

2018-12-11 14:36:10 - [TEST_STEP][PASSED] - setText: Text 'perkeso576283630883@gmail.com' is set on object 'Object Repository/Final Object Repo/Login Page/External Login Page/Email'

2018-12-11 14:36:10 - [MESSAGE][PASSED] - Text 'perkeso576283630883@gmail.com' is set on object 'Object Repository/Final Object Repo/Login Page/External Login Page/Email'

2018-12-11 14:36:10 - [TEST_STEP][PASSED] - click: Object: 'Object Repository/Final Object Repo/Login Page/External Login Page/Next' is clicked on

2018-12-11 14:36:10 - [MESSAGE][PASSED] - Object: 'Object Repository/Final Object Repo/Login Page/External Login Page/Next' is clicked on

2018-12-11 14:36:10 - [TEST_STEP][PASSED] - delay: Delayed 3 second(s)

2018-12-11 14:36:13 - [MESSAGE][PASSED] - Delayed 3 second(s)

2018-12-11 14:36:13 - [TEST_STEP][PASSED] - setEncryptedText: Text ****** has been set on object 'Object Repository/Final Object Repo/Login Page/External Login Page/Password'

2018-12-11 14:36:14 - [MESSAGE][PASSED] - Text ****** has been set on object 'Object Repository/Final Object Repo/Login Page/External Login Page/Password'

2018-12-11 14:36:14 - [TEST_STEP][PASSED] - click: Object: 'Object Repository/Final Object Repo/Login Page/External Login Page/Login' is clicked on

2018-12-11 14:36:14 - [MESSAGE][PASSED] - Object: 'Object Repository/Final Object Repo/Login Page/External Login Page/Login' is clicked on

2018-12-11 14:36:14 - [TEST_STEP][PASSED] - delay: Delayed 3 second(s)

2018-12-11 14:36:17 - [MESSAGE][PASSED] - Delayed 3 second(s)

2018-12-11 14:36:17 - [TEST_STEP][PASSED] - click: Object: 'Object Repository/Final Object Repo/Creating Employer Account/Page_Terms of Use - ASSIST/button_I Agree' is clicked on

2018-12-11 14:36:18 - [MESSAGE][PASSED] - Object: 'Object Repository/Final Object Repo/Creating Employer Account/Page_Terms of Use - ASSIST/button_I Agree' is clicked on

2018-12-11 14:36:18 - [TEST_STEP][PASSED] - delay: Delayed 2 second(s)

2018-12-11 14:36:20 - [MESSAGE][PASSED] - Delayed 2 second(s)

2018-12-11 14:36:20 - [TEST_STEP][PASSED] - setEncryptedText: Text ****** has been set on object 'Object Repository/Final Object Repo/Creating Employer Account/Page_New Password - ASSIST/input_password1'

2018-12-11 14:36:20 - [MESSAGE][PASSED] - Text ****** has been set on object 'Object Repository/Final Object Repo/Creating Employer Account/Page_New Password - ASSIST/input_password1'

2018-12-11 14:36:20 - [TEST_STEP][PASSED] - setEncryptedText: Text ****** has been set on object 'Object Repository/Final Object Repo/Creating Employer Account/Page_New Password - ASSIST/input_password2'

2018-12-11 14:36:20 - [MESSAGE][PASSED] - Text ****** has been set on object 'Object Repository/Final Object Repo/Creating Employer Account/Page_New Password - ASSIST/input_password2'

2018-12-11 14:36:20 - [TEST_STEP][PASSED] - delay: Delayed 2 second(s)

2018-12-11 14:36:22 - [MESSAGE][PASSED] - Delayed 2 second(s)

2018-12-11 14:36:22 - [TEST_STEP][PASSED] - click: Object: 'Object Repository/Final Object Repo/Creating Employer Account/Page_New Password - ASSIST/Save' is clicked on

2018-12-11 14:36:23 - [MESSAGE][PASSED] - Object: 'Object Repository/Final Object Repo/Creating Employer Account/Page_New Password - ASSIST/Save' is clicked on

2018-12-11 14:36:23 - [TEST_STEP][PASSED] - delay: Delayed 2 second(s)

2018-12-11 14:36:25 - [MESSAGE][PASSED] - Delayed 2 second(s)

2018-12-11 14:36:25 - [TEST_STEP][PASSED] - setText: Text 'test' is set on object 'Object Repository/Final Object Repo/Creating Employer Account/Page_Password Reminder - ASSIST/Reminder Query Answer'

2018-12-11 14:36:25 - [MESSAGE][PASSED] - Text 'test' is set on object 'Object Repository/Final Object Repo/Creating Employer Account/Page_Password Reminder - ASSIST/Reminder Query Answer'

2018-12-11 14:36:25 - [TEST_STEP][PASSED] - delay: Delayed 2 second(s)

2018-12-11 14:36:27 - [MESSAGE][PASSED] - Delayed 2 second(s)

2018-12-11 14:36:27 - [TEST_STEP][PASSED] - doubleClick: Object: 'Object Repository/Final Object Repo/Creating Employer Account/Page_Password Reminder - ASSIST/Save' is double clicked on

2018-12-11 14:36:27 - [MESSAGE][PASSED] - Object: 'Object Repository/Final Object Repo/Creating Employer Account/Page_Password Reminder - ASSIST/Save' is double clicked on

2018-12-11 14:36:27 - [MESSAGE][PASSED] - Call Test Case 'Test Cases/Final Aug 2018 - PKS Automation/Create Employer Acc/Template/Login to Employer Account (First Time)' successfully

2018-12-11 14:36:27 - [MESSAGE][PASSED] - Call Test Case 'Test Cases/Final Aug 2018 - PKS Automation/Create Employer Acc/Create Employer Account' successfully

2018-12-11 14:36:27 - [TEST_STEP][PASSED] - callTestCase: Call Test Case 'Test Cases/Final Aug 2018 - PKS Automation/Registration Module/Log Out/log out avoiding katalon tagging' successfully

2018-12-11 14:36:27 - [TEST_CASE][PASSED] - Test Cases/Final Aug 2018 - PKS Automation/Registration Module/Log Out/log out avoiding katalon tagging: Test Cases/Final Aug 2018 - PKS Automation/Registration Module/Log Out/log out avoiding katalon tagging

2018-12-11 14:36:27 - [TEST_STEP][PASSED] - navigateToUrl: Navigate to 'https://assist2-uat.perkeso.gov.my/c/portal/logout' successfully

2018-12-11 14:36:30 - [MESSAGE][PASSED] - Navigate to 'https://assist2-uat.perkeso.gov.my/c/portal/logout' successfully

2018-12-11 14:36:30 - [MESSAGE][PASSED] - Call Test Case 'Test Cases/Final Aug 2018 - PKS Automation/Registration Module/Log Out/log out avoiding katalon tagging' successfully

2018-12-11 14:36:30 - [TEST_STEP][PASSED] - callTestCase: Call Test Case 'Test Cases/Final Aug 2018 - PKS Automation/Create Employer Acc/Login to Employer Account (Second time)' successfully

2018-12-11 14:36:30 - [TEST_CASE][PASSED] - Test Cases/Final Aug 2018 - PKS Automation/Create Employer Acc/Login to Employer Account (Second time): Test Cases/Final Aug 2018 - PKS Automation/Create Employer Acc/Login to Employer Account (Second time)

2018-12-11 14:36:30 - [TEST_STEP][PASSED] - openBrowser: Browser is opened with url: ''

2018-12-11 14:36:30 - [MESSAGE][WARNING] - A browser is already opened. Closing browser and opening a new one

2018-12-11 14:36:34 - [MESSAGE][PASSED] - Browser is opened with url: ''

2018-12-11 14:36:34 - [TEST_STEP][PASSED] - navigateToUrl: Navigate to 'https://assist2-uat.perkeso.gov.my/employer/login' successfully

2018-12-11 14:36:35 - [MESSAGE][PASSED] - Navigate to 'https://assist2-uat.perkeso.gov.my/employer/login' successfully

2018-12-11 14:36:35 - [TEST_STEP][PASSED] - delay: Delayed 3 second(s)

2018-12-11 14:36:38 - [MESSAGE][PASSED] - Delayed 3 second(s)

2018-12-11 14:36:38 - [TEST_STEP][PASSED] - callTestCase: Call Test Case 'Test Cases/Final Aug 2018 - PKS Automation/Create Employer Acc/Template/Employer Email Getter' successfully

2018-12-11 14:36:38 - [TEST_CASE][PASSED] - Test Cases/Final Aug 2018 - PKS Automation/Create Employer Acc/Template/Employer Email Getter: Test Cases/Final Aug 2018 - PKS Automation/Create Employer Acc/Template/Employer Email Getter

2018-12-11 14:36:38 - [TEST_STEP][PASSED] - Statement - Try: null

2018-12-11 14:36:38 - [TEST_STEP][PASSED] - Statement - EmpEmail = new java.io.File(C://Users//Admin//Desktop//PKS//Automation Reference Point//EmpEmail.txt): null

2018-12-11 14:36:38 - [TEST_STEP][PASSED] - Statement - bufferread = new java.io.BufferedReader(new java.io.FileReader(EmpEmail)): null

2018-12-11 14:36:38 - [TEST_STEP][PASSED] - Statement - readedVal = bufferread.readLine(): null

2018-12-11 14:36:38 - [TEST_STEP][PASSED] - Statement - out.println(readedVal): null

2018-12-11 14:36:38 - [TEST_STEP][PASSED] - Statement - Email = readedVal: null

2018-12-11 14:36:38 - [MESSAGE][PASSED] - Call Test Case 'Test Cases/Final Aug 2018 - PKS Automation/Create Employer Acc/Template/Employer Email Getter' successfully

2018-12-11 14:36:38 - [TEST_STEP][PASSED] - setText: Text 'perkeso576283630883@gmail.com' is set on object 'Object Repository/Final Object Repo/Login Page/External Login Page/Email'

2018-12-11 14:36:39 - [MESSAGE][PASSED] - Text 'perkeso576283630883@gmail.com' is set on object 'Object Repository/Final Object Repo/Login Page/External Login Page/Email'

2018-12-11 14:36:39 - [TEST_STEP][PASSED] - click: Object: 'Object Repository/Final Object Repo/Login Page/External Login Page/Next' is clicked on

2018-12-11 14:36:39 - [MESSAGE][PASSED] - Object: 'Object Repository/Final Object Repo/Login Page/External Login Page/Next' is clicked on

2018-12-11 14:36:39 - [TEST_STEP][PASSED] - delay: Delayed 3 second(s)

2018-12-11 14:36:42 - [MESSAGE][PASSED] - Delayed 3 second(s)

2018-12-11 14:36:42 - [TEST_STEP][PASSED] - setEncryptedText: Text ****** has been set on object 'Object Repository/Final Object Repo/Login Page/External Login Page/Password'

2018-12-11 14:36:42 - [MESSAGE][PASSED] - Text ****** has been set on object 'Object Repository/Final Object Repo/Login Page/External Login Page/Password'

2018-12-11 14:36:42 - [TEST_STEP][PASSED] - click: Object: 'Object Repository/Final Object Repo/Login Page/External Login Page/Login' is clicked on

2018-12-11 14:36:42 - [MESSAGE][PASSED] - Object: 'Object Repository/Final Object Repo/Login Page/External Login Page/Login' is clicked on

2018-12-11 14:36:42 - [TEST_STEP][PASSED] - delay: Delayed 5 second(s)

2018-12-11 14:36:47 - [MESSAGE][PASSED] - Delayed 5 second(s)

2018-12-11 14:36:47 - [MESSAGE][PASSED] - Call Test Case 'Test Cases/Final Aug 2018 - PKS Automation/Create Employer Acc/Login to Employer Account (Second time)' successfully

2018-12-11 14:36:47 - [TEST_STEP][PASSED] - Statement - Try: null

2018-12-11 14:36:47 - [TEST_STEP][PASSED] - Statement - Checker = com.kms.katalon.core.webui.keyword.WebUiBuiltInKeywords.verifyElementNotPresent("Final Object Repo/Landing Page/Select to English", 3): null

2018-12-11 14:36:47 - [TEST_STEP][PASSED] - Statement - Catch (Exception e): null

2018-12-11 14:36:47 - [TEST_STEP][PASSED] - Statement - e.printStackTrace(): null

2018-12-11 14:36:48 - [TEST_STEP][PASSED] - delay: Delayed 5 second(s)

2018-12-11 14:36:53 - [MESSAGE][PASSED] - Delayed 5 second(s)

2018-12-11 14:36:53 - [TEST_STEP][PASSED] - click: Object: 'Object Repository/Final Object Repo/Landing Page/My Sites Drop Down' is clicked on

2018-12-11 14:36:53 - [MESSAGE][PASSED] - Object: 'Object Repository/Final Object Repo/Landing Page/My Sites Drop Down' is clicked on

2018-12-11 14:36:53 - [TEST_STEP][PASSED] - click: Object: 'Object Repository/Final Object Repo/Landing Page/Select to Registration Module' is clicked on

2018-12-11 14:36:55 - [MESSAGE][PASSED] - Object: 'Object Repository/Final Object Repo/Landing Page/Select to Registration Module' is clicked on

2018-12-11 14:36:55 - [TEST_STEP][PASSED] - click: Object: 'Object Repository/Final Object Repo/Landing Page/Registration Button' is clicked on

2018-12-11 14:36:57 - [MESSAGE][PASSED] - Object: 'Object Repository/Final Object Repo/Landing Page/Registration Button' is clicked on

2018-12-11 14:36:57 - [TEST_STEP][PASSED] - delay: Delayed 2 second(s)

2018-12-11 14:36:59 - [MESSAGE][PASSED] - Delayed 2 second(s)

2018-12-11 14:36:59 - [TEST_STEP][PASSED] - click: Object: 'Object Repository/Final Object Repo/New Registration - Registration Module Pages/New Reg - OTC to RO/Special Case - OTC - Form 1/AEC NO' is clicked on

2018-12-11 14:36:59 - [MESSAGE][PASSED] - Object: 'Object Repository/Final Object Repo/New Registration - Registration Module Pages/New Reg - OTC to RO/Special Case - OTC - Form 1/AEC NO' is clicked on

2018-12-11 14:36:59 - [TEST_STEP][PASSED] - click: Object: 'Object Repository/Final Object Repo/New Registration - Registration Module Pages/New Reg - OTC to RO/Special Case - OTC - Form 1/Business Entity - Please Select' is clicked on

2018-12-11 14:36:59 - [MESSAGE][PASSED] - Object: 'Object Repository/Final Object Repo/New Registration - Registration Module Pages/New Reg - OTC to RO/Special Case - OTC - Form 1/Business Entity - Please Select' is clicked on

2018-12-11 14:36:59 - [TEST_STEP][PASSED] - click: Object: 'Object Repository/Final Object Repo/New Registration - Registration Module Pages/New Reg - OTC to RO/Special Case - OTC - Form 1/Selected - Corporation' is clicked on

2018-12-11 14:37:00 - [MESSAGE][PASSED] - Object: 'Object Repository/Final Object Repo/New Registration - Registration Module Pages/New Reg - OTC to RO/Special Case - OTC - Form 1/Selected - Corporation' is clicked on

2018-12-11 14:37:00 - [TEST_STEP][PASSED] - delay: Delayed 2 second(s)

2018-12-11 14:37:02 - [MESSAGE][PASSED] - Delayed 2 second(s)

2018-12-11 14:37:02 - [TEST_STEP][PASSED] - click: Object: 'Object Repository/Final Object Repo/New Registration - Registration Module Pages/New Reg - OTC to RO/Special Case - OTC - Form 1/Sub Business Entity - Please Select' is clicked on

2018-12-11 14:37:02 - [MESSAGE][PASSED] - Object: 'Object Repository/Final Object Repo/New Registration - Registration Module Pages/New Reg - OTC to RO/Special Case - OTC - Form 1/Sub Business Entity - Please Select' is clicked on

2018-12-11 14:37:02 - [TEST_STEP][PASSED] - delay: Delayed 2 second(s)

2018-12-11 14:37:04 - [MESSAGE][PASSED] - Delayed 2 second(s)

2018-12-11 14:37:04 - [TEST_STEP][PASSED] - click: Object: 'Object Repository/Final Object Repo/New Registration - Registration Module Pages/New Reg - OTC to RO/Special Case - OTC - Form 1/Selected - Sendirian Berhad' is clicked on

2018-12-11 14:37:04 - [MESSAGE][PASSED] - Object: 'Object Repository/Final Object Repo/New Registration - Registration Module Pages/New Reg - OTC to RO/Special Case - OTC - Form 1/Selected - Sendirian Berhad' is clicked on

2018-12-11 14:37:04 - [TEST_STEP][PASSED] - setText: Text 'AUTOMATE001' is set on object 'Object Repository/Final Object Repo/New Registration - Registration Module Pages/New Reg - OTC to RO/Special Case - OTC - Form 1/Input BRN Number'

2018-12-11 14:37:04 - [MESSAGE][PASSED] - Text 'AUTOMATE001' is set on object 'Object Repository/Final Object Repo/New Registration - Registration Module Pages/New Reg - OTC to RO/Special Case - OTC - Form 1/Input BRN Number'

2018-12-11 14:37:04 - [TEST_STEP][PASSED] - delay: Delayed 2 second(s)

2018-12-11 14:37:06 - [MESSAGE][PASSED] - Delayed 2 second(s)

2018-12-11 14:37:06 - [TEST_STEP][PASSED] - click: Object: 'Object Repository/Final Object Repo/New Registration - Registration Module Pages/New Reg - OTC to RO/Special Case - OTC - Form 1/BRN Search' is clicked on

2018-12-11 14:37:07 - [MESSAGE][PASSED] - Object: 'Object Repository/Final Object Repo/New Registration - Registration Module Pages/New Reg - OTC to RO/Special Case - OTC - Form 1/BRN Search' is clicked on

2018-12-11 14:37:07 - [TEST_STEP][PASSED] - delay: Delayed 4 second(s)

2018-12-11 14:37:11 - [MESSAGE][PASSED] - Delayed 4 second(s)

2018-12-11 14:37:11 - [TEST_STEP][PASSED] - click: Object: 'Object Repository/Final Object Repo/New Registration - Registration Module Pages/New Reg - OTC to RO/Special Case - OTC - Form 1/Registered with SSM - After Feb 2017' is clicked on

2018-12-11 14:37:11 - [MESSAGE][PASSED] - Object: 'Object Repository/Final Object Repo/New Registration - Registration Module Pages/New Reg - OTC to RO/Special Case - OTC - Form 1/Registered with SSM - After Feb 2017' is clicked on

2018-12-11 14:37:11 - [TEST_STEP][PASSED] - delay: Delayed 2 second(s)

2018-12-11 14:37:13 - [MESSAGE][PASSED] - Delayed 2 second(s)

2018-12-11 14:37:13 - [TEST_STEP][PASSED] - click: Object: 'Object Repository/Final Object Repo/New Registration - Registration Module Pages/New Reg - OTC to RO/Special Case - OTC - Form 1/Registering As A Branch - No' is clicked on

2018-12-11 14:37:13 - [MESSAGE][PASSED] - Object: 'Object Repository/Final Object Repo/New Registration - Registration Module Pages/New Reg - OTC to RO/Special Case - OTC - Form 1/Registering As A Branch - No' is clicked on

2018-12-11 14:37:13 - [TEST_STEP][PASSED] - click: Object: 'Object Repository/Final Object Repo/New Registration - Registration Module Pages/New Reg - OTC to RO/Special Case - OTC - Form 1/Acknowledgement Ticked' is clicked on

2018-12-11 14:37:13 - [MESSAGE][PASSED] - Object: 'Object Repository/Final Object Repo/New Registration - Registration Module Pages/New Reg - OTC to RO/Special Case - OTC - Form 1/Acknowledgement Ticked' is clicked on

2018-12-11 14:37:13 - [TEST_STEP][PASSED] - delay: Delayed 2 second(s)

2018-12-11 14:37:15 - [MESSAGE][PASSED] - Delayed 2 second(s)

2018-12-11 14:37:15 - [TEST_STEP][PASSED] - callTestCase: Call Test Case 'Test Cases/Final Aug 2018 - PKS Automation/Create Employer Acc/Template/Employer Email Getter' successfully

2018-12-11 14:37:15 - [TEST_CASE][PASSED] - Test Cases/Final Aug 2018 - PKS Automation/Create Employer Acc/Template/Employer Email Getter: Test Cases/Final Aug 2018 - PKS Automation/Create Employer Acc/Template/Employer Email Getter

2018-12-11 14:37:15 - [TEST_STEP][PASSED] - Statement - Try: null

2018-12-11 14:37:15 - [TEST_STEP][PASSED] - Statement - EmpEmail = new java.io.File(C://Users//Admin//Desktop//PKS//Automation Reference Point//EmpEmail.txt): null

2018-12-11 14:37:15 - [TEST_STEP][PASSED] - Statement - bufferread = new java.io.BufferedReader(new java.io.FileReader(EmpEmail)): null

2018-12-11 14:37:15 - [TEST_STEP][PASSED] - Statement - readedVal = bufferread.readLine(): null

2018-12-11 14:37:15 - [TEST_STEP][PASSED] - Statement - out.println(readedVal): null

2018-12-11 14:37:15 - [TEST_STEP][PASSED] - Statement - Email = readedVal: null

2018-12-11 14:37:15 - [MESSAGE][PASSED] - Call Test Case 'Test Cases/Final Aug 2018 - PKS Automation/Create Employer Acc/Template/Employer Email Getter' successfully

2018-12-11 14:37:15 - [TEST_STEP][PASSED] - setText: Text 'perkeso576283630883@gmail.com' is set on object 'Object Repository/Final Object Repo/Creating Employer Account/Email'

2018-12-11 14:37:16 - [MESSAGE][PASSED] - Text 'perkeso576283630883@gmail.com' is set on object 'Object Repository/Final Object Repo/Creating Employer Account/Email'

2018-12-11 14:37:16 - [TEST_STEP][PASSED] - delay: Delayed 2 second(s)

2018-12-11 14:37:18 - [MESSAGE][PASSED] - Delayed 2 second(s)

2018-12-11 14:37:18 - [TEST_STEP][PASSED] - click: Object: 'Object Repository/Final Object Repo/New Registration - Registration Module Pages/New Reg - OTC to RO/Special Case - OTC - Form 1/Submit Button' is clicked on

2018-12-11 14:37:18 - [MESSAGE][PASSED] - Object: 'Object Repository/Final Object Repo/New Registration - Registration Module Pages/New Reg - OTC to RO/Special Case - OTC - Form 1/Submit Button' is clicked on

2018-12-11 14:37:18 - [TEST_STEP][PASSED] - delay: Delayed 2 second(s)

2018-12-11 14:37:20 - [MESSAGE][PASSED] - Delayed 2 second(s)

2018-12-11 14:37:20 - [TEST_STEP][PASSED] - click: Object: 'Object Repository/Final Object Repo/New Registration - Registration Module Pages/New Reg - OTC to RO/Special Case - OTC - Form 1/Confirm No Flagging as Branch' is clicked on

2018-12-11 14:37:20 - [MESSAGE][PASSED] - Object: 'Object Repository/Final Object Repo/New Registration - Registration Module Pages/New Reg - OTC to RO/Special Case - OTC - Form 1/Confirm No Flagging as Branch' is clicked on

2018-12-11 14:37:20 - [MESSAGE][PASSED] - Call Test Case 'Test Cases/Final Aug 2018 - PKS Automation/Registration Module/Workflow/New Registration/Template/Special Case - Employer - Form 1' successfully

2018-12-11 14:37:20 - [TEST_STEP][PASSED] - callTestCase: Call Test Case 'Test Cases/Final Aug 2018 - PKS Automation/Registration Module/New Registration/Form 2/Add 1 Eligible - Employer Account Use' successfully

2018-12-11 14:37:20 - [TEST_CASE][PASSED] - Test Cases/Final Aug 2018 - PKS Automation/Registration Module/New Registration/Form 2/Add 1 Eligible - Employer Account Use: Test Cases/Final Aug 2018 - PKS Automation/Registration Module/New Registration/Form 2/Add 1 Eligible - Employer Account Use

2018-12-11 14:37:20 - [TEST_STEP][PASSED] - delay: Delayed 2 second(s)

2018-12-11 14:37:22 - [MESSAGE][PASSED] - Delayed 2 second(s)

2018-12-11 14:37:22 - [TEST_STEP][PASSED] - callTestCase: Call Test Case 'Test Cases/Final Aug 2018 - PKS Automation/Registration Module/New Registration/Form 2/Date Updater' successfully

2018-12-11 14:37:22 - [TEST_CASE][PASSED] - Test Cases/Final Aug 2018 - PKS Automation/Registration Module/New Registration/Form 2/Date Updater: Test Cases/Final Aug 2018 - PKS Automation/Registration Module/New Registration/Form 2/Date Updater

2018-12-11 14:37:23 - [TEST_STEP][PASSED] - Statement - TodayDate = new java.util.Date(): null

2018-12-11 14:37:23 - [TEST_STEP][PASSED] - Statement - CurrentDateNoFilter = new java.text.SimpleDateFormat(): null

2018-12-11 14:37:23 - [TEST_STEP][PASSED] - Statement - CurrentDateNoFilter.applyPattern("MM"): null

2018-12-11 14:37:23 - [TEST_STEP][PASSED] - Statement - monthContainerMatcher = java.lang.Integer.parseInt(CurrentDateNoFilter.format(TodayDate)): null

2018-12-11 14:37:23 - [TEST_STEP][PASSED] - Statement - monthContainerMatcher = monthContainerMatcher - 1: null

2018-12-11 14:37:23 - [TEST_STEP][PASSED] - Statement - CurrentMonth = monthContainerMatcher.toString(): null

2018-12-11 14:37:23 - [TEST_STEP][PASSED] - Statement - CurrentMonth = CurrentMonth: null

2018-12-11 14:37:23 - [TEST_STEP][PASSED] - Statement - CurrentDateNoFilter.applyPattern("yyyy"): null

2018-12-11 14:37:23 - [TEST_STEP][PASSED] - Statement - CurrentYear = CurrentDateNoFilter.format(TodayDate): null

2018-12-11 14:37:23 - [TEST_STEP][PASSED] - Statement - CurrentYear = CurrentYear: null

2018-12-11 14:37:23 - [TEST_STEP][PASSED] - Statement - intCurrentYear = java.lang.Integer.parseInt(CurrentDateNoFilter.format(TodayDate)): null

2018-12-11 14:37:23 - [TEST_STEP][PASSED] - Statement - eighteenYrsAgo = intCurrentYear - 18: null

2018-12-11 14:37:23 - [TEST_STEP][PASSED] - Statement - eighteenYrsBeforeThisYr = eighteenYrsAgo.toString(): null

2018-12-11 14:37:23 - [TEST_STEP][PASSED] - Statement - EighteenYrsBefore = eighteenYrsBeforeThisYr: null

2018-12-11 14:37:23 - [TEST_STEP][PASSED] - Statement - fiftysevenYrsAgo = intCurrentYear - 57: null

2018-12-11 14:37:23 - [TEST_STEP][PASSED] - Statement - fiftysevenYrsBeforeThisYr = fiftysevenYrsAgo.toString(): null

2018-12-11 14:37:23 - [TEST_STEP][PASSED] - Statement - FiftysevenYrsBefore = fiftysevenYrsBeforeThisYr: null

2018-12-11 14:37:23 - [TEST_STEP][PASSED] - Statement - leapYear = false: null

2018-12-11 14:37:23 - [TEST_STEP][PASSED] - Statement - leapYear = intCurrentYear % 4 == 0: null

2018-12-11 14:37:23 - [TEST_STEP][PASSED] - Statement - CurrentDateNoFilter.applyPattern("dd"): null

2018-12-11 14:37:23 - [TEST_STEP][PASSED] - Statement - CurrentDate = CurrentDateNoFilter.format(TodayDate): null

2018-12-11 14:37:23 - [TEST_STEP][PASSED] - Statement - CurrentDate = java.lang.Integer.parseInt(CurrentDate): null

2018-12-11 14:37:23 - [TEST_STEP][PASSED] - Statement - CurrentDate = CurrentDate: null

2018-12-11 14:37:23 - [TEST_STEP][PASSED] - Statement - CurrentDay = java.lang.Integer.parseInt(CurrentDate): null

2018-12-11 14:37:23 - [TEST_STEP][PASSED] - Statement - ConfAdder = <not implemented yet for class: org.codehaus.groovy.ast.expr.EmptyExpression>: null

2018-12-11 14:37:23 - [TEST_STEP][PASSED] - Statement - out.println(CurrentMonth): null

2018-12-11 14:37:23 - [TEST_STEP][PASSED] - Statement - out.println(CurrentDate): null

2018-12-11 14:37:23 - [TEST_STEP][PASSED] - Statement - switch (CurrentDate): null

2018-12-11 14:37:23 - [TEST_STEP][PASSED] - Statement - Default: null

2018-12-11 14:37:23 - [TEST_STEP][PASSED] - Statement - ConfAdder = true: null

2018-12-11 14:37:23 - [TEST_STEP][PASSED] - Statement - Break: null

2018-12-11 14:37:23 - [TEST_STEP][PASSED] - Statement - aDayBefore = <not implemented yet for class: org.codehaus.groovy.ast.expr.EmptyExpression>: null

2018-12-11 14:37:23 - [TEST_STEP][PASSED] - Statement - out.println(ConfAdder): null

2018-12-11 14:37:23 - [TEST_STEP][PASSED] - Statement - If (ConfAdder == true): null

2018-12-11 14:37:23 - [TEST_STEP][PASSED] - Statement - aDayBefore = CurrentDay + 1: null

2018-12-11 14:37:23 - [TEST_STEP][PASSED] - Statement - out.println(aDayBefore): null

2018-12-11 14:37:23 - [TEST_STEP][PASSED] - Statement - If (aDayBefore == 1 && CurrentMonth == 11): null

2018-12-11 14:37:23 - [TEST_STEP][PASSED] - Statement - DayBefore = aDayBefore.toString(): null

2018-12-11 14:37:23 - [TEST_STEP][PASSED] - Statement - OneDayBefore = DayBefore: null

2018-12-11 14:37:23 - [MESSAGE][PASSED] - Call Test Case 'Test Cases/Final Aug 2018 - PKS Automation/Registration Module/New Registration/Form 2/Date Updater' successfully

2018-12-11 14:37:23 - [TEST_STEP][PASSED] - delay: Delayed 1 second(s)

2018-12-11 14:37:24 - [MESSAGE][PASSED] - Delayed 1 second(s)

2018-12-11 14:37:24 - [TEST_STEP][PASSED] - Statement - CaseReferenceNo = com.kms.katalon.core.webui.keyword.WebUiBuiltInKeywords.getText(com.kms.katalon.core.testobject.ObjectRepository.findTestObject(Final Object Repo/New Registration - Registration Module Pages/Form 2/RefNo Acquiring)): Text of object 'Object Repository/Final Object Repo/New Registration - Registration Module Pages/Form 2/RefNo Acquiring' is: 'CRN12201800123175'

2018-12-11 14:37:24 - [MESSAGE][PASSED] - Text of object 'Object Repository/Final Object Repo/New Registration - Registration Module Pages/Form 2/RefNo Acquiring' is: 'CRN12201800123175'

2018-12-11 14:37:24 - [TEST_STEP][PASSED] - delay: Delayed 1 second(s)

2018-12-11 14:37:25 - [MESSAGE][PASSED] - Delayed 1 second(s)

2018-12-11 14:37:25 - [TEST_STEP][PASSED] - click: Object: 'Object Repository/Final Object Repo/New Registration - Registration Module Pages/Form 2/Add Employee Button' is clicked on

2018-12-11 14:37:25 - [MESSAGE][PASSED] - Object: 'Object Repository/Final Object Repo/New Registration - Registration Module Pages/Form 2/Add Employee Button' is clicked on

2018-12-11 14:37:25 - [TEST_STEP][PASSED] - delay: Delayed 1 second(s)

2018-12-11 14:37:26 - [MESSAGE][PASSED] - Delayed 1 second(s)

2018-12-11 14:37:26 - [TEST_STEP][PASSED] - setText: Text '010903091948' is set on object 'Object Repository/Final Object Repo/New Registration - Registration Module Pages/Form 2/NRIC Input'

2018-12-11 14:37:26 - [MESSAGE][PASSED] - Text '010903091948' is set on object 'Object Repository/Final Object Repo/New Registration - Registration Module Pages/Form 2/NRIC Input'

2018-12-11 14:37:26 - [TEST_STEP][PASSED] - delay: Delayed 2 second(s)

2018-12-11 14:37:28 - [MESSAGE][PASSED] - Delayed 2 second(s)

2018-12-11 14:37:28 - [TEST_STEP][PASSED] - setText: Text 'Automate001 eligible 1' is set on object 'Object Repository/Final Object Repo/New Registration - Registration Module Pages/Form 2/Employee Name Input'

2018-12-11 14:37:29 - [MESSAGE][PASSED] - Text 'Automate001 eligible 1' is set on object 'Object Repository/Final Object Repo/New Registration - Registration Module Pages/Form 2/Employee Name Input'

2018-12-11 14:37:29 - [TEST_STEP][PASSED] - delay: Delayed 2 second(s)

2018-12-11 14:37:31 - [MESSAGE][PASSED] - Delayed 2 second(s)

2018-12-11 14:37:31 - [TEST_STEP][PASSED] - click: Object: 'Object Repository/Final Object Repo/New Registration - Registration Module Pages/Form 2/DatePicker Pop Up' is clicked on

2018-12-11 14:37:31 - [MESSAGE][PASSED] - Object: 'Object Repository/Final Object Repo/New Registration - Registration Module Pages/Form 2/DatePicker Pop Up' is clicked on

2018-12-11 14:37:31 - [TEST_STEP][PASSED] - click: Object: 'Object Repository/Final Object Repo/New Registration - Registration Module Pages/Form 2/DOB Month' is clicked on

2018-12-11 14:37:31 - [MESSAGE][PASSED] - Object: 'Object Repository/Final Object Repo/New Registration - Registration Module Pages/Form 2/DOB Month' is clicked on

2018-12-11 14:37:31 - [TEST_STEP][PASSED] - Statement - CurrentMonth = CurrentMonth: null

2018-12-11 14:37:31 - [TEST_STEP][PASSED] - Statement - selectMonth = new com.kms.katalon.core.testobject.TestObject(): null

2018-12-11 14:37:31 - [TEST_STEP][PASSED] - Statement - selectMonth.addProperty("xpath", EQUALS, "//body/div/div/div/select/option[@value='" + CurrentMonth + "']", true): null

2018-12-11 14:37:31 - [TEST_STEP][PASSED] - click: Object: '' is clicked on

2018-12-11 14:37:31 - [MESSAGE][PASSED] - Object: '' is clicked on

2018-12-11 14:37:31 - [TEST_STEP][PASSED] - click: Object: 'Object Repository/Final Object Repo/New Registration - Registration Module Pages/Form 2/DOB Year' is clicked on

2018-12-11 14:37:32 - [MESSAGE][PASSED] - Object: 'Object Repository/Final Object Repo/New Registration - Registration Module Pages/Form 2/DOB Year' is clicked on

2018-12-11 14:37:32 - [TEST_STEP][PASSED] - Statement - Eyearsbf = EighteenYrsBefore: null

2018-12-11 14:37:32 - [TEST_STEP][PASSED] - Statement - selectYear = new com.kms.katalon.core.testobject.TestObject(): null

2018-12-11 14:37:32 - [TEST_STEP][PASSED] - Statement - selectYear.addProperty("xpath", EQUALS, "//div/div/div/select/option[@value='" + Eyearsbf + "']", true): null

2018-12-11 14:37:32 - [TEST_STEP][PASSED] - click: Object: '' is clicked on

2018-12-11 14:37:32 - [MESSAGE][PASSED] - Object: '' is clicked on

2018-12-11 14:37:32 - [TEST_STEP][PASSED] - Statement - UpdatedSelectDate = com.kms.katalon.core.webui.keyword.WebUiBuiltInKeywords.modifyObjectProperty(com.kms.katalon.core.testobject.ObjectRepository.findTestObject(Final Object Repo/New Registration - Registration Module Pages/Form 2/DOB Date), "xpath", "equals", "//body/div/table/tbody/tr/td/a[text()="" + CurrentDate + ""]", true): Modify property of object successfully

2018-12-11 14:37:32 - [MESSAGE][PASSED] - Modify property of object successfully

2018-12-11 14:37:32 - [TEST_STEP][PASSED] - delay: Delayed 3 second(s)

2018-12-11 14:37:35 - [MESSAGE][PASSED] - Delayed 3 second(s)

2018-12-11 14:37:35 - [TEST_STEP][PASSED] - click: Object: 'Object Repository/Final Object Repo/New Registration - Registration Module Pages/Form 2/DOB Date' is clicked on

2018-12-11 14:37:35 - [MESSAGE][PASSED] - Object: 'Object Repository/Final Object Repo/New Registration - Registration Module Pages/Form 2/DOB Date' is clicked on

2018-12-11 14:37:35 - [TEST_STEP][PASSED] - delay: Delayed 2 second(s)

2018-12-11 14:37:37 - [MESSAGE][PASSED] - Delayed 2 second(s)

2018-12-11 14:37:37 - [TEST_STEP][PASSED] - click: Object: 'Object Repository/Final Object Repo/New Registration - Registration Module Pages/Form 2/EmploymentStartDate Pop Up' is clicked on

2018-12-11 14:37:37 - [MESSAGE][PASSED] - Object: 'Object Repository/Final Object Repo/New Registration - Registration Module Pages/Form 2/EmploymentStartDate Pop Up' is clicked on

2018-12-11 14:37:37 - [TEST_STEP][PASSED] - delay: Delayed 2 second(s)

2018-12-11 14:37:39 - [MESSAGE][PASSED] - Delayed 2 second(s)

2018-12-11 14:37:39 - [TEST_STEP][PASSED] - click: Object: 'Object Repository/Final Object Repo/New Registration - Registration Module Pages/Form 2/Socso Employment StartDate Month' is clicked on

2018-12-11 14:37:39 - [MESSAGE][PASSED] - Object: 'Object Repository/Final Object Repo/New Registration - Registration Module Pages/Form 2/Socso Employment StartDate Month' is clicked on

2018-12-11 14:37:39 - [TEST_STEP][PASSED] - delay: Delayed 1 second(s)

2018-12-11 14:37:40 - [MESSAGE][PASSED] - Delayed 1 second(s)

2018-12-11 14:37:40 - [TEST_STEP][PASSED] - click: Object: 'Object Repository/Final Object Repo/New Registration - Registration Module Pages/Form 2/Select Socso Employement Startdate Month' is clicked on

2018-12-11 14:37:40 - [MESSAGE][PASSED] - Object: 'Object Repository/Final Object Repo/New Registration - Registration Module Pages/Form 2/Select Socso Employement Startdate Month' is clicked on

2018-12-11 14:37:40 - [TEST_STEP][PASSED] - delay: Delayed 2 second(s)

2018-12-11 14:37:42 - [MESSAGE][PASSED] - Delayed 2 second(s)

2018-12-11 14:37:42 - [TEST_STEP][PASSED] - click: Object: 'Object Repository/Final Object Repo/New Registration - Registration Module Pages/Form 2/Socso Employment StartDate Year' is clicked on

2018-12-11 14:37:43 - [MESSAGE][PASSED] - Object: 'Object Repository/Final Object Repo/New Registration - Registration Module Pages/Form 2/Socso Employment StartDate Year' is clicked on

2018-12-11 14:37:43 - [TEST_STEP][PASSED] - delay: Delayed 1 second(s)

2018-12-11 14:37:44 - [MESSAGE][PASSED] - Delayed 1 second(s)

2018-12-11 14:37:44 - [TEST_STEP][PASSED] - click: Object: 'Object Repository/Final Object Repo/New Registration - Registration Module Pages/Form 2/Select Socso Employment Startdate Year' is clicked on

2018-12-11 14:37:44 - [MESSAGE][PASSED] - Object: 'Object Repository/Final Object Repo/New Registration - Registration Module Pages/Form 2/Select Socso Employment Startdate Year' is clicked on

2018-12-11 14:37:44 - [TEST_STEP][PASSED] - delay: Delayed 2 second(s)

2018-12-11 14:37:46 - [MESSAGE][PASSED] - Delayed 2 second(s)

2018-12-11 14:37:46 - [TEST_STEP][PASSED] - click: Object: 'Object Repository/Final Object Repo/New Registration - Registration Module Pages/Form 2/Socso Employment Start Date Day' is clicked on

2018-12-11 14:37:46 - [MESSAGE][PASSED] - Object: 'Object Repository/Final Object Repo/New Registration - Registration Module Pages/Form 2/Socso Employment Start Date Day' is clicked on

2018-12-11 14:37:46 - [TEST_STEP][PASSED] - delay: Delayed 2 second(s)

2018-12-11 14:37:48 - [MESSAGE][PASSED] - Delayed 2 second(s)

2018-12-11 14:37:48 - [TEST_STEP][PASSED] - click: Object: 'Object Repository/Final Object Repo/New Registration - Registration Module Pages/Form 2/Save Button for Add Employee' is clicked on

2018-12-11 14:37:48 - [MESSAGE][PASSED] - Object: 'Object Repository/Final Object Repo/New Registration - Registration Module Pages/Form 2/Save Button for Add Employee' is clicked on

2018-12-11 14:37:48 - [TEST_STEP][PASSED] - delay: Delayed 6 second(s)

2018-12-11 14:37:54 - [MESSAGE][PASSED] - Delayed 6 second(s)

2018-12-11 14:37:54 - [TEST_STEP][PASSED] - click: Object: 'Object Repository/Final Object Repo/New Registration - Registration Module Pages/Form 2/Save and Continue Form 2' is clicked on

2018-12-11 14:37:54 - [MESSAGE][PASSED] - Object: 'Object Repository/Final Object Repo/New Registration - Registration Module Pages/Form 2/Save and Continue Form 2' is clicked on

2018-12-11 14:37:54 - [MESSAGE][PASSED] - Call Test Case 'Test Cases/Final Aug 2018 - PKS Automation/Registration Module/New Registration/Form 2/Add 1 Eligible - Employer Account Use' successfully

2018-12-11 14:37:54 - [TEST_STEP][PASSED] - callTestCase: Call Test Case 'Test Cases/Final Aug 2018 - PKS Automation/Registration Module/New Registration/Flow of New Registration/Third Screen - Upload Supporting Doc - Preview' successfully

2018-12-11 14:37:54 - [TEST_CASE][PASSED] - Test Cases/Final Aug 2018 - PKS Automation/Registration Module/New Registration/Flow of New Registration/Third Screen - Upload Supporting Doc - Preview: Test Cases/Final Aug 2018 - PKS Automation/Registration Module/New Registration/Flow of New Registration/Third Screen - Upload Supporting Doc - Preview

2018-12-11 14:37:54 - [TEST_STEP][PASSED] - waitForPageLoad: Wait for page load successfully

2018-12-11 14:37:55 - [MESSAGE][PASSED] - Wait for page load successfully

2018-12-11 14:37:55 - [TEST_STEP][PASSED] - Statement - CaseReferenceNo = com.kms.katalon.core.webui.keyword.WebUiBuiltInKeywords.getText(com.kms.katalon.core.testobject.ObjectRepository.findTestObject(Final Object Repo/New Registration - Registration Module Pages/Third Screen - Upload Supporting Doc- Preview/RefNo Acquiring)): Text of object 'Object Repository/Final Object Repo/New Registration - Registration Module Pages/Third Screen - Upload Supporting Doc- Preview/RefNo Acquiring' is: 'CRN12201800123175'

2018-12-11 14:37:55 - [MESSAGE][PASSED] - Text of object 'Object Repository/Final Object Repo/New Registration - Registration Module Pages/Third Screen - Upload Supporting Doc- Preview/RefNo Acquiring' is: 'CRN12201800123175'

2018-12-11 14:37:55 - [TEST_STEP][PASSED] - delay: Delayed 2 second(s)

2018-12-11 14:37:57 - [MESSAGE][PASSED] - Delayed 2 second(s)

2018-12-11 14:37:57 - [TEST_STEP][PASSED] - callTestCase: Call Test Case 'Test Cases/Final Aug 2018 - PKS Automation/Common/Reference Number Setter' successfully

2018-12-11 14:37:57 - [TEST_CASE][PASSED] - Test Cases/Final Aug 2018 - PKS Automation/Common/Reference Number Setter: Test Cases/Final Aug 2018 - PKS Automation/Common/Reference Number Setter

2018-12-11 14:37:57 - [TEST_STEP][PASSED] - Statement - RefNoOldFile = new java.io.File(C://Users//Admin//Desktop//PKS//Automation Reference Point//KatalonReference.txt): null

2018-12-11 14:37:57 - [TEST_STEP][PASSED] - Statement - RefNoOldFile.delete(): null

2018-12-11 14:37:57 - [TEST_STEP][PASSED] - delay: Delayed 5 second(s)

2018-12-11 14:38:02 - [MESSAGE][PASSED] - Delayed 5 second(s)

2018-12-11 14:38:02 - [TEST_STEP][PASSED] - Statement - RefNo = new java.io.File(C://Users//Admin//Desktop//PKS//Automation Reference Point//KatalonReference.txt): null

2018-12-11 14:38:02 - [TEST_STEP][PASSED] - Statement - f2 = new java.io.FileWriter(RefNo, false): null

2018-12-11 14:38:02 - [TEST_STEP][PASSED] - Statement - f2.write(CaseReferenceNo): null

2018-12-11 14:38:02 - [TEST_STEP][PASSED] - Statement - f2.close(): null

2018-12-11 14:38:02 - [TEST_STEP][PASSED] - Statement - out.println("


" + CaseReferenceNo + "


"): null

2018-12-11 14:38:02 - [MESSAGE][PASSED] - Call Test Case 'Test Cases/Final Aug 2018 - PKS Automation/Common/Reference Number Setter' successfully

2018-12-11 14:38:02 - [TEST_STEP][PASSED] - waitForElementClickable: Object 'Object Repository/Final Object Repo/New Registration - Registration Module Pages/Third Screen - Upload Supporting Doc- Preview/Save n Continue in SIP Employee Listing Page' is clickable

2018-12-11 14:38:02 - [MESSAGE][PASSED] - Object 'Object Repository/Final Object Repo/New Registration - Registration Module Pages/Third Screen - Upload Supporting Doc- Preview/Save n Continue in SIP Employee Listing Page' is clickable

2018-12-11 14:38:02 - [TEST_STEP][PASSED] - click: Object: 'Object Repository/Final Object Repo/New Registration - Registration Module Pages/Third Screen - Upload Supporting Doc- Preview/Save n Continue in SIP Employee Listing Page' is clicked on

2018-12-11 14:38:08 - [MESSAGE][PASSED] - Object: 'Object Repository/Final Object Repo/New Registration - Registration Module Pages/Third Screen - Upload Supporting Doc- Preview/Save n Continue in SIP Employee Listing Page' is clicked on

2018-12-11 14:38:08 - [TEST_STEP][PASSED] - delay: Delayed 7 second(s)

2018-12-11 14:38:15 - [MESSAGE][PASSED] - Delayed 7 second(s)

2018-12-11 14:38:15 - [TEST_STEP][PASSED] - click: Object: 'Object Repository/Final Object Repo/New Registration - Registration Module Pages/Third Screen - Upload Supporting Doc- Preview/Add Document Button' is clicked on

2018-12-11 14:38:15 - [MESSAGE][PASSED] - Object: 'Object Repository/Final Object Repo/New Registration - Registration Module Pages/Third Screen - Upload Supporting Doc- Preview/Add Document Button' is clicked on

2018-12-11 14:38:15 - [TEST_STEP][PASSED] - delay: Delayed 30 second(s)

2018-12-11 14:38:45 - [MESSAGE][PASSED] - Delayed 30 second(s)

2018-12-11 14:38:45 - [TEST_STEP][PASSED] - click: Object: 'Object Repository/Final Object Repo/New Registration - Registration Module Pages/Third Screen - Upload Supporting Doc- Preview/Supporting Doc Please Select Drop Down' is clicked on

2018-12-11 14:38:45 - [MESSAGE][PASSED] - Object: 'Object Repository/Final Object Repo/New Registration - Registration Module Pages/Third Screen - Upload Supporting Doc- Preview/Supporting Doc Please Select Drop Down' is clicked on

2018-12-11 14:38:45 - [TEST_STEP][PASSED] - delay: Delayed 2 second(s)

2018-12-11 14:38:47 - [MESSAGE][PASSED] - Delayed 2 second(s)

2018-12-11 14:38:47 - [TEST_STEP][PASSED] - click: Object: 'Object Repository/Final Object Repo/New Registration - Registration Module Pages/Third Screen - Upload Supporting Doc- Preview/Select to Upload Form 1' is clicked on

2018-12-11 14:38:48 - [MESSAGE][PASSED] - Object: 'Object Repository/Final Object Repo/New Registration - Registration Module Pages/Third Screen - Upload Supporting Doc- Preview/Select to Upload Form 1' is clicked on

2018-12-11 14:38:48 - [TEST_STEP][PASSED] - delay: Delayed 2 second(s)

2018-12-11 14:38:50 - [MESSAGE][PASSED] - Delayed 2 second(s)

2018-12-11 14:38:50 - [TEST_STEP][PASSED] - uploadFile: File 'C:\Users\Public\Pictures\Sample Pictures\Koala.jpg' sent to object: 'Object Repository/Final Object Repo/New Registration - Registration Module Pages/Third Screen - Upload Supporting Doc- Preview/Upload File Adding'

2018-12-11 14:38:50 - [MESSAGE][PASSED] - File 'C:\Users\Public\Pictures\Sample Pictures\Koala.jpg' sent to object: 'Object Repository/Final Object Repo/New Registration - Registration Module Pages/Third Screen - Upload Supporting Doc- Preview/Upload File Adding'

2018-12-11 14:38:50 - [TEST_STEP][PASSED] - delay: Delayed 5 second(s)

2018-12-11 14:38:55 - [MESSAGE][PASSED] - Delayed 5 second(s)

2018-12-11 14:38:55 - [TEST_STEP][PASSED] - click: Object: 'Object Repository/Final Object Repo/New Registration - Registration Module Pages/Third Screen - Upload Supporting Doc- Preview/Inner Form Add Document Button' is clicked on

2018-12-11 14:38:55 - [MESSAGE][PASSED] - Object: 'Object Repository/Final Object Repo/New Registration - Registration Module Pages/Third Screen - Upload Supporting Doc- Preview/Inner Form Add Document Button' is clicked on

2018-12-11 14:38:55 - [TEST_STEP][PASSED] - delay: Delayed 3 second(s)

2018-12-11 14:38:58 - [MESSAGE][PASSED] - Delayed 3 second(s)

2018-12-11 14:38:58 - [TEST_STEP][PASSED] - click: Object: 'Object Repository/Final Object Repo/New Registration - Registration Module Pages/Third Screen - Upload Supporting Doc- Preview/Add Document Button' is clicked on

2018-12-11 14:38:59 - [MESSAGE][PASSED] - Object: 'Object Repository/Final Object Repo/New Registration - Registration Module Pages/Third Screen - Upload Supporting Doc- Preview/Add Document Button' is clicked on

2018-12-11 14:38:59 - [TEST_STEP][PASSED] - delay: Delayed 30 second(s)

2018-12-11 14:39:29 - [MESSAGE][PASSED] - Delayed 30 second(s)

2018-12-11 14:39:29 - [TEST_STEP][PASSED] - click: Object: 'Object Repository/Final Object Repo/New Registration - Registration Module Pages/Third Screen - Upload Supporting Doc- Preview/Supporting Doc Please Select Drop Down' is clicked on

2018-12-11 14:39:29 - [MESSAGE][PASSED] - Object: 'Object Repository/Final Object Repo/New Registration - Registration Module Pages/Third Screen - Upload Supporting Doc- Preview/Supporting Doc Please Select Drop Down' is clicked on

2018-12-11 14:39:29 - [TEST_STEP][PASSED] - delay: Delayed 4 second(s)

2018-12-11 14:39:33 - [MESSAGE][PASSED] - Delayed 4 second(s)

2018-12-11 14:39:33 - [TEST_STEP][PASSED] - click: Object: 'Object Repository/Final Object Repo/New Registration - Registration Module Pages/Third Screen - Upload Supporting Doc- Preview/Select to Upload Form 2' is clicked on

2018-12-11 14:39:34 - [MESSAGE][PASSED] - Object: 'Object Repository/Final Object Repo/New Registration - Registration Module Pages/Third Screen - Upload Supporting Doc- Preview/Select to Upload Form 2' is clicked on

2018-12-11 14:39:34 - [TEST_STEP][PASSED] - delay: Delayed 2 second(s)

2018-12-11 14:39:36 - [MESSAGE][PASSED] - Delayed 2 second(s)

2018-12-11 14:39:36 - [TEST_STEP][PASSED] - uploadFile: File 'C:\Users\Public\Pictures\Sample Pictures\Koala.jpg' sent to object: 'Object Repository/Final Object Repo/New Registration - Registration Module Pages/Third Screen - Upload Supporting Doc- Preview/Upload File Adding'

2018-12-11 14:39:36 - [MESSAGE][PASSED] - File 'C:\Users\Public\Pictures\Sample Pictures\Koala.jpg' sent to object: 'Object Repository/Final Object Repo/New Registration - Registration Module Pages/Third Screen - Upload Supporting Doc- Preview/Upload File Adding'

2018-12-11 14:39:36 - [TEST_STEP][PASSED] - click: Object: 'Object Repository/Final Object Repo/New Registration - Registration Module Pages/Third Screen - Upload Supporting Doc- Preview/Inner Form Add Document Button' is clicked on

2018-12-11 14:39:36 - [MESSAGE][PASSED] - Object: 'Object Repository/Final Object Repo/New Registration - Registration Module Pages/Third Screen - Upload Supporting Doc- Preview/Inner Form Add Document Button' is clicked on

2018-12-11 14:39:36 - [TEST_STEP][PASSED] - delay: Delayed 5 second(s)

2018-12-11 14:39:41 - [MESSAGE][PASSED] - Delayed 5 second(s)

2018-12-11 14:39:41 - [TEST_STEP][PASSED] - click: Object: 'Object Repository/Final Object Repo/New Registration - Registration Module Pages/Third Screen - Upload Supporting Doc- Preview/Add Document Button' is clicked on

2018-12-11 14:39:41 - [MESSAGE][PASSED] - Object: 'Object Repository/Final Object Repo/New Registration - Registration Module Pages/Third Screen - Upload Supporting Doc- Preview/Add Document Button' is clicked on

2018-12-11 14:39:41 - [TEST_STEP][PASSED] - delay: Delayed 30 second(s)

2018-12-11 14:40:11 - [MESSAGE][PASSED] - Delayed 30 second(s)

2018-12-11 14:40:11 - [TEST_STEP][PASSED] - click: Object: 'Object Repository/Final Object Repo/New Registration - Registration Module Pages/Third Screen - Upload Supporting Doc- Preview/Supporting Doc Please Select Drop Down' is clicked on

2018-12-11 14:40:11 - [MESSAGE][PASSED] - Object: 'Object Repository/Final Object Repo/New Registration - Registration Module Pages/Third Screen - Upload Supporting Doc- Preview/Supporting Doc Please Select Drop Down' is clicked on

2018-12-11 14:40:11 - [TEST_STEP][PASSED] - click: Object: 'Object Repository/Final Object Repo/New Registration - Registration Module Pages/Third Screen - Upload Supporting Doc- Preview/Select to Upload Borang SIP 1' is clicked on

2018-12-11 14:40:11 - [MESSAGE][PASSED] - Object: 'Object Repository/Final Object Repo/New Registration - Registration Module Pages/Third Screen - Upload Supporting Doc- Preview/Select to Upload Borang SIP 1' is clicked on

2018-12-11 14:40:11 - [TEST_STEP][PASSED] - delay: Delayed 2 second(s)

2018-12-11 14:40:13 - [MESSAGE][PASSED] - Delayed 2 second(s)

2018-12-11 14:40:13 - [TEST_STEP][PASSED] - uploadFile: File 'C:\Users\Public\Pictures\Sample Pictures\Koala.jpg' sent to object: 'Object Repository/Final Object Repo/New Registration - Registration Module Pages/Third Screen - Upload Supporting Doc- Preview/Upload File Adding'

2018-12-11 14:40:14 - [MESSAGE][PASSED] - File 'C:\Users\Public\Pictures\Sample Pictures\Koala.jpg' sent to object: 'Object Repository/Final Object Repo/New Registration - Registration Module Pages/Third Screen - Upload Supporting Doc- Preview/Upload File Adding'

2018-12-11 14:40:14 - [TEST_STEP][PASSED] - click: Object: 'Object Repository/Final Object Repo/New Registration - Registration Module Pages/Third Screen - Upload Supporting Doc- Preview/Inner Form Add Document Button' is clicked on

2018-12-11 14:40:14 - [MESSAGE][PASSED] - Object: 'Object Repository/Final Object Repo/New Registration - Registration Module Pages/Third Screen - Upload Supporting Doc- Preview/Inner Form Add Document Button' is clicked on

2018-12-11 14:40:14 - [TEST_STEP][PASSED] - delay: Delayed 5 second(s)

2018-12-11 14:40:19 - [MESSAGE][PASSED] - Delayed 5 second(s)

2018-12-11 14:40:19 - [TEST_STEP][PASSED] - click: Object: 'Object Repository/Final Object Repo/New Registration - Registration Module Pages/Third Screen - Upload Supporting Doc- Preview/Add Document Button' is clicked on

2018-12-11 14:40:19 - [MESSAGE][PASSED] - Object: 'Object Repository/Final Object Repo/New Registration - Registration Module Pages/Third Screen - Upload Supporting Doc- Preview/Add Document Button' is clicked on

2018-12-11 14:40:19 - [TEST_STEP][PASSED] - delay: Delayed 30 second(s)

2018-12-11 14:40:49 - [MESSAGE][PASSED] - Delayed 30 second(s)

2018-12-11 14:40:49 - [TEST_STEP][PASSED] - click: Object: 'Object Repository/Final Object Repo/New Registration - Registration Module Pages/Third Screen - Upload Supporting Doc- Preview/Supporting Doc Please Select Drop Down' is clicked on

2018-12-11 14:40:49 - [MESSAGE][PASSED] - Object: 'Object Repository/Final Object Repo/New Registration - Registration Module Pages/Third Screen - Upload Supporting Doc- Preview/Supporting Doc Please Select Drop Down' is clicked on

2018-12-11 14:40:49 - [TEST_STEP][PASSED] - delay: Delayed 3 second(s)

2018-12-11 14:40:52 - [MESSAGE][PASSED] - Delayed 3 second(s)

2018-12-11 14:40:52 - [TEST_STEP][PASSED] - click: Object: 'Object Repository/Final Object Repo/New Registration - Registration Module Pages/Third Screen - Upload Supporting Doc- Preview/Select to Upload Borang SIP 2' is clicked on

2018-12-11 14:40:52 - [MESSAGE][PASSED] - Object: 'Object Repository/Final Object Repo/New Registration - Registration Module Pages/Third Screen - Upload Supporting Doc- Preview/Select to Upload Borang SIP 2' is clicked on

2018-12-11 14:40:52 - [TEST_STEP][PASSED] - delay: Delayed 2 second(s)

2018-12-11 14:40:54 - [MESSAGE][PASSED] - Delayed 2 second(s)

2018-12-11 14:40:54 - [TEST_STEP][PASSED] - uploadFile: File 'C:\Users\Public\Pictures\Sample Pictures\Koala.jpg' sent to object: 'Object Repository/Final Object Repo/New Registration - Registration Module Pages/Third Screen - Upload Supporting Doc- Preview/Upload File Adding'

2018-12-11 14:40:54 - [MESSAGE][PASSED] - File 'C:\Users\Public\Pictures\Sample Pictures\Koala.jpg' sent to object: 'Object Repository/Final Object Repo/New Registration - Registration Module Pages/Third Screen - Upload Supporting Doc- Preview/Upload File Adding'

2018-12-11 14:40:54 - [TEST_STEP][PASSED] - delay: Delayed 5 second(s)

2018-12-11 14:40:59 - [MESSAGE][PASSED] - Delayed 5 second(s)

2018-12-11 14:40:59 - [TEST_STEP][PASSED] - click: Object: 'Object Repository/Final Object Repo/New Registration - Registration Module Pages/Third Screen - Upload Supporting Doc- Preview/Inner Form Add Document Button' is clicked on

2018-12-11 14:41:00 - [MESSAGE][PASSED] - Object: 'Object Repository/Final Object Repo/New Registration - Registration Module Pages/Third Screen - Upload Supporting Doc- Preview/Inner Form Add Document Button' is clicked on

2018-12-11 14:41:00 - [TEST_STEP][PASSED] - delay: Delayed 3 second(s)

2018-12-11 14:41:03 - [MESSAGE][PASSED] - Delayed 3 second(s)

2018-12-11 14:41:03 - [TEST_STEP][PASSED] - waitForElementClickable: Object 'Object Repository/Final Object Repo/New Registration - Registration Module Pages/Third Screen - Upload Supporting Doc- Preview/Save n Continue in Uploading Supporting Doc Page' is clickable

2018-12-11 14:41:04 - [MESSAGE][PASSED] - Object 'Object Repository/Final Object Repo/New Registration - Registration Module Pages/Third Screen - Upload Supporting Doc- Preview/Save n Continue in Uploading Supporting Doc Page' is clickable

2018-12-11 14:41:04 - [TEST_STEP][PASSED] - click: Object: 'Object Repository/Final Object Repo/New Registration - Registration Module Pages/Third Screen - Upload Supporting Doc- Preview/Save n Continue in Uploading Supporting Doc Page' is clicked on

2018-12-11 14:41:04 - [MESSAGE][PASSED] - Object: 'Object Repository/Final Object Repo/New Registration - Registration Module Pages/Third Screen - Upload Supporting Doc- Preview/Save n Continue in Uploading Supporting Doc Page' is clicked on

2018-12-11 14:41:04 - [MESSAGE][PASSED] - Call Test Case 'Test Cases/Final Aug 2018 - PKS Automation/Registration Module/New Registration/Flow of New Registration/Third Screen - Upload Supporting Doc - Preview' successfully

2018-12-11 14:41:04 - [TEST_STEP][PASSED] - setText: Text 'Tester' is set on object 'Object Repository/Final Object Repo/New Registration - Registration Module Pages/New Reg - OTC to RO/Special Case - All Related Objects/Employer Preview Name'

2018-12-11 14:41:09 - [MESSAGE][PASSED] - Text 'Tester' is set on object 'Object Repository/Final Object Repo/New Registration - Registration Module Pages/New Reg - OTC to RO/Special Case - All Related Objects/Employer Preview Name'

2018-12-11 14:41:09 - [TEST_STEP][PASSED] - click: Object: 'Object Repository/Final Object Repo/New Registration - Registration Module Pages/New Reg - OTC to RO/Special Case - All Related Objects/IC Type Drop Down' is clicked on

2018-12-11 14:41:09 - [MESSAGE][PASSED] - Object: 'Object Repository/Final Object Repo/New Registration - Registration Module Pages/New Reg - OTC to RO/Special Case - All Related Objects/IC Type Drop Down' is clicked on

2018-12-11 14:41:09 - [TEST_STEP][PASSED] - click: Object: 'Object Repository/Final Object Repo/New Registration - Registration Module Pages/New Reg - OTC to RO/Special Case - All Related Objects/Select to NRIC' is clicked on

2018-12-11 14:41:09 - [MESSAGE][PASSED] - Object: 'Object Repository/Final Object Repo/New Registration - Registration Module Pages/New Reg - OTC to RO/Special Case - All Related Objects/Select to NRIC' is clicked on

2018-12-11 14:41:09 - [TEST_STEP][PASSED] - setText: Text '133245561223' is set on object 'Object Repository/Final Object Repo/New Registration - Registration Module Pages/New Reg - OTC to RO/Special Case - All Related Objects/IC Value'

2018-12-11 14:41:10 - [MESSAGE][PASSED] - Text '133245561223' is set on object 'Object Repository/Final Object Repo/New Registration - Registration Module Pages/New Reg - OTC to RO/Special Case - All Related Objects/IC Value'

2018-12-11 14:41:10 - [TEST_STEP][PASSED] - setText: Text 'Auto' is set on object 'Object Repository/Final Object Repo/New Registration - Registration Module Pages/New Reg - OTC to RO/Special Case - All Related Objects/Designation'

2018-12-11 14:41:10 - [MESSAGE][PASSED] - Text 'Auto' is set on object 'Object Repository/Final Object Repo/New Registration - Registration Module Pages/New Reg - OTC to RO/Special Case - All Related Objects/Designation'

2018-12-11 14:41:10 - [TEST_STEP][PASSED] - callTestCase: Call Test Case 'Test Cases/Final Aug 2018 - PKS Automation/Registration Module/New Registration/Submit and Screenshot/Submit Registration and Screenshot' successfully

2018-12-11 14:41:10 - [TEST_CASE][PASSED] - Test Cases/Final Aug 2018 - PKS Automation/Registration Module/New Registration/Submit and Screenshot/Submit Registration and Screenshot: Test Cases/Final Aug 2018 - PKS Automation/Registration Module/New Registration/Submit and Screenshot/Submit Registration and Screenshot

2018-12-11 14:41:10 - [TEST_STEP][PASSED] - delay: Delayed 6 second(s)

2018-12-11 14:41:16 - [MESSAGE][PASSED] - Delayed 6 second(s)

2018-12-11 14:41:16 - [TEST_STEP][PASSED] - click: Object: 'Object Repository/Final Object Repo/New Registration - Registration Module Pages/Third Screen - Upload Supporting Doc- Preview/Preview Submit Button' is clicked on

2018-12-11 14:41:16 - [MESSAGE][PASSED] - Object: 'Object Repository/Final Object Repo/New Registration - Registration Module Pages/Third Screen - Upload Supporting Doc- Preview/Preview Submit Button' is clicked on

2018-12-11 14:41:16 - [TEST_STEP][PASSED] - delay: Delayed 2 second(s)

2018-12-11 14:41:18 - [MESSAGE][PASSED] - Delayed 2 second(s)

2018-12-11 14:41:18 - [TEST_STEP][PASSED] - click: Object: 'Object Repository/Final Object Repo/New Registration - Registration Module Pages/Third Screen - Upload Supporting Doc- Preview/Preview Submit - Confirm' is clicked on

2018-12-11 14:41:18 - [MESSAGE][PASSED] - Object: 'Object Repository/Final Object Repo/New Registration - Registration Module Pages/Third Screen - Upload Supporting Doc- Preview/Preview Submit - Confirm' is clicked on

2018-12-11 14:41:18 - [TEST_STEP][PASSED] - delay: Delayed 15 second(s)

2018-12-11 14:41:33 - [MESSAGE][PASSED] - Delayed 15 second(s)

2018-12-11 14:41:33 - [TEST_STEP][PASSED] - Statement - driver = com.kms.katalon.core.webui.driver.DriverFactory.getWebDriver(): null

2018-12-11 14:41:33 - [TEST_STEP][PASSED] - Statement - driver.manage().timeouts().implicitlyWait(10, SECONDS): null

2018-12-11 14:41:33 - [TEST_STEP][PASSED] - Statement - PresavePath = KatalonScreenshots: null

2018-12-11 14:41:33 - [TEST_STEP][PASSED] - Statement - pathPrefix = "C:\Users\Public\Pictures\Sample Pictures\Katalon Screenshots\Automate Ending Screen": null

2018-12-11 14:41:33 - [TEST_STEP][PASSED] - Statement - finalPath = <not implemented yet for class: org.codehaus.groovy.ast.expr.EmptyExpression>: null

2018-12-11 14:41:33 - [TEST_STEP][PASSED] - Statement - scrFile = driver.getScreenshotAs(FILE): null

2018-12-11 14:41:34 - [TEST_STEP][PASSED] - Statement - PreSaveFile = new java.io.File(PresavePath): null

2018-12-11 14:41:34 - [TEST_STEP][PASSED] - Statement - counter = 0: null

2018-12-11 14:41:34 - [TEST_STEP][PASSED] - Statement - If (PreSaveFile.exists()): null

2018-12-11 14:41:34 - [TEST_STEP][PASSED] - Statement - While (PreSaveFile.exists()): null

2018-12-11 14:41:34 - [TEST_STEP][PASSED] - Statement - counter = counter + 1: null

2018-12-11 14:41:34 - [TEST_STEP][PASSED] - Statement - PreSaveFile = new java.io.File(((pathPrefix + java.lang.Integer.toString(counter)) + .png)): null

2018-12-11 14:41:34 - [TEST_STEP][PASSED] - Statement - counter = counter + 1: null

2018-12-11 14:41:34 - [TEST_STEP][PASSED] - Statement - PreSaveFile = new java.io.File(((pathPrefix + java.lang.Integer.toString(counter)) + .png)): null

2018-12-11 14:41:34 - [TEST_STEP][PASSED] - Statement - counter = counter + 1: null

2018-12-11 14:41:34 - [TEST_STEP][PASSED] - Statement - PreSaveFile = new java.io.File(((pathPrefix + java.lang.Integer.toString(counter)) + .png)): null

2018-12-11 14:41:34 - [TEST_STEP][PASSED] - Statement - counter = counter + 1: null

2018-12-11 14:41:34 - [TEST_STEP][PASSED] - Statement - PreSaveFile = new java.io.File(((pathPrefix + java.lang.Integer.toString(counter)) + .png)): null

2018-12-11 14:41:34 - [TEST_STEP][PASSED] - Statement - counter = counter + 1: null

2018-12-11 14:41:34 - [TEST_STEP][PASSED] - Statement - PreSaveFile = new java.io.File(((pathPrefix + java.lang.Integer.toString(counter)) + .png)): null

2018-12-11 14:41:34 - [TEST_STEP][PASSED] - Statement - counter = counter + 1: null

2018-12-11 14:41:34 - [TEST_STEP][PASSED] - Statement - PreSaveFile = new java.io.File(((pathPrefix + java.lang.Integer.toString(counter)) + .png)): null

2018-12-11 14:41:34 - [TEST_STEP][PASSED] - Statement - counter = counter + 1: null

2018-12-11 14:41:34 - [TEST_STEP][PASSED] - Statement - PreSaveFile = new java.io.File(((pathPrefix + java.lang.Integer.toString(counter)) + .png)): null

2018-12-11 14:41:34 - [TEST_STEP][PASSED] - Statement - counter = counter + 1: null

2018-12-11 14:41:34 - [TEST_STEP][PASSED] - Statement - PreSaveFile = new java.io.File(((pathPrefix + java.lang.Integer.toString(counter)) + .png)): null

2018-12-11 14:41:34 - [TEST_STEP][PASSED] - Statement - counter = counter + 1: null

2018-12-11 14:41:34 - [TEST_STEP][PASSED] - Statement - PreSaveFile = new java.io.File(((pathPrefix + java.lang.Integer.toString(counter)) + .png)): null

2018-12-11 14:41:34 - [TEST_STEP][PASSED] - Statement - counter = counter + 1: null

2018-12-11 14:41:34 - [TEST_STEP][PASSED] - Statement - PreSaveFile = new java.io.File(((pathPrefix + java.lang.Integer.toString(counter)) + .png)): null

2018-12-11 14:41:34 - [TEST_STEP][PASSED] - Statement - counter = counter + 1: null

2018-12-11 14:41:34 - [TEST_STEP][PASSED] - Statement - PreSaveFile = new java.io.File(((pathPrefix + java.lang.Integer.toString(counter)) + .png)): null

2018-12-11 14:41:34 - [TEST_STEP][PASSED] - Statement - counter = counter + 1: null

2018-12-11 14:41:34 - [TEST_STEP][PASSED] - Statement - PreSaveFile = new java.io.File(((pathPrefix + java.lang.Integer.toString(counter)) + .png)): null

2018-12-11 14:41:34 - [TEST_STEP][PASSED] - Statement - counter = counter + 1: null

2018-12-11 14:41:34 - [TEST_STEP][PASSED] - Statement - PreSaveFile = new java.io.File(((pathPrefix + java.lang.Integer.toString(counter)) + .png)): null

2018-12-11 14:41:34 - [TEST_STEP][PASSED] - Statement - counter = counter + 1: null

2018-12-11 14:41:34 - [TEST_STEP][PASSED] - Statement - PreSaveFile = new java.io.File(((pathPrefix + java.lang.Integer.toString(counter)) + .png)): null

2018-12-11 14:41:34 - [TEST_STEP][PASSED] - Statement - counter = counter + 1: null

2018-12-11 14:41:34 - [TEST_STEP][PASSED] - Statement - PreSaveFile = new java.io.File(((pathPrefix + java.lang.Integer.toString(counter)) + .png)): null

2018-12-11 14:41:34 - [TEST_STEP][PASSED] - Statement - counter = counter + 1: null

2018-12-11 14:41:34 - [TEST_STEP][PASSED] - Statement - PreSaveFile = new java.io.File(((pathPrefix + java.lang.Integer.toString(counter)) + .png)): null

2018-12-11 14:41:34 - [TEST_STEP][PASSED] - Statement - counter = counter + 1: null

2018-12-11 14:41:34 - [TEST_STEP][PASSED] - Statement - PreSaveFile = new java.io.File(((pathPrefix + java.lang.Integer.toString(counter)) + .png)): null

2018-12-11 14:41:34 - [TEST_STEP][PASSED] - Statement - counter = counter + 1: null

2018-12-11 14:41:34 - [TEST_STEP][PASSED] - Statement - PreSaveFile = new java.io.File(((pathPrefix + java.lang.Integer.toString(counter)) + .png)): null

2018-12-11 14:41:34 - [TEST_STEP][PASSED] - Statement - counter = counter + 1: null

2018-12-11 14:41:34 - [TEST_STEP][PASSED] - Statement - PreSaveFile = new java.io.File(((pathPrefix + java.lang.Integer.toString(counter)) + .png)): null

2018-12-11 14:41:34 - [TEST_STEP][PASSED] - Statement - counter = counter + 1: null

2018-12-11 14:41:34 - [TEST_STEP][PASSED] - Statement - PreSaveFile = new java.io.File(((pathPrefix + java.lang.Integer.toString(counter)) + .png)): null

2018-12-11 14:41:34 - [TEST_STEP][PASSED] - Statement - counter = counter + 1: null

2018-12-11 14:41:34 - [TEST_STEP][PASSED] - Statement - PreSaveFile = new java.io.File(((pathPrefix + java.lang.Integer.toString(counter)) + .png)): null

2018-12-11 14:41:34 - [TEST_STEP][PASSED] - Statement - counter = counter + 1: null

2018-12-11 14:41:34 - [TEST_STEP][PASSED] - Statement - PreSaveFile = new java.io.File(((pathPrefix + java.lang.Integer.toString(counter)) + .png)): null

2018-12-11 14:41:34 - [TEST_STEP][PASSED] - Statement - counter = counter + 1: null

2018-12-11 14:41:34 - [TEST_STEP][PASSED] - Statement - PreSaveFile = new java.io.File(((pathPrefix + java.lang.Integer.toString(counter)) + .png)): null

2018-12-11 14:41:34 - [TEST_STEP][PASSED] - Statement - counter = counter + 1: null

2018-12-11 14:41:34 - [TEST_STEP][PASSED] - Statement - PreSaveFile = new java.io.File(((pathPrefix + java.lang.Integer.toString(counter)) + .png)): null

2018-12-11 14:41:34 - [TEST_STEP][PASSED] - Statement - counter = counter + 1: null

2018-12-11 14:41:34 - [TEST_STEP][PASSED] - Statement - PreSaveFile = new java.io.File(((pathPrefix + java.lang.Integer.toString(counter)) + .png)): null

2018-12-11 14:41:34 - [TEST_STEP][PASSED] - Statement - counter = counter + 1: null

2018-12-11 14:41:34 - [TEST_STEP][PASSED] - Statement - PreSaveFile = new java.io.File(((pathPrefix + java.lang.Integer.toString(counter)) + .png)): null

2018-12-11 14:41:34 - [TEST_STEP][PASSED] - Statement - counter = counter + 1: null

2018-12-11 14:41:34 - [TEST_STEP][PASSED] - Statement - PreSaveFile = new java.io.File(((pathPrefix + java.lang.Integer.toString(counter)) + .png)): null

2018-12-11 14:41:34 - [TEST_STEP][PASSED] - Statement - counter = counter + 1: null

2018-12-11 14:41:34 - [TEST_STEP][PASSED] - Statement - PreSaveFile = new java.io.File(((pathPrefix + java.lang.Integer.toString(counter)) + .png)): null

2018-12-11 14:41:34 - [TEST_STEP][PASSED] - Statement - counter = counter + 1: null

2018-12-11 14:41:34 - [TEST_STEP][PASSED] - Statement - PreSaveFile = new java.io.File(((pathPrefix + java.lang.Integer.toString(counter)) + .png)): null

2018-12-11 14:41:34 - [TEST_STEP][PASSED] - Statement - counter = counter + 1: null

2018-12-11 14:41:34 - [TEST_STEP][PASSED] - Statement - PreSaveFile = new java.io.File(((pathPrefix + java.lang.Integer.toString(counter)) + .png)): null

2018-12-11 14:41:34 - [TEST_STEP][PASSED] - Statement - counter = counter + 1: null

2018-12-11 14:41:34 - [TEST_STEP][PASSED] - Statement - PreSaveFile = new java.io.File(((pathPrefix + java.lang.Integer.toString(counter)) + .png)): null

2018-12-11 14:41:34 - [TEST_STEP][PASSED] - Statement - counter = counter + 1: null

2018-12-11 14:41:34 - [TEST_STEP][PASSED] - Statement - PreSaveFile = new java.io.File(((pathPrefix + java.lang.Integer.toString(counter)) + .png)): null

2018-12-11 14:41:34 - [TEST_STEP][PASSED] - Statement - counter = counter + 1: null

2018-12-11 14:41:34 - [TEST_STEP][PASSED] - Statement - PreSaveFile = new java.io.File(((pathPrefix + java.lang.Integer.toString(counter)) + .png)): null

2018-12-11 14:41:34 - [TEST_STEP][PASSED] - Statement - counter = counter + 1: null

2018-12-11 14:41:34 - [TEST_STEP][PASSED] - Statement - PreSaveFile = new java.io.File(((pathPrefix + java.lang.Integer.toString(counter)) + .png)): null

2018-12-11 14:41:34 - [TEST_STEP][PASSED] - Statement - counter = counter + 1: null

2018-12-11 14:41:34 - [TEST_STEP][PASSED] - Statement - PreSaveFile = new java.io.File(((pathPrefix + java.lang.Integer.toString(counter)) + .png)): null

2018-12-11 14:41:34 - [TEST_STEP][PASSED] - Statement - counter = counter + 1: null

2018-12-11 14:41:34 - [TEST_STEP][PASSED] - Statement - PreSaveFile = new java.io.File(((pathPrefix + java.lang.Integer.toString(counter)) + .png)): null

2018-12-11 14:41:34 - [TEST_STEP][PASSED] - Statement - counter = counter + 1: null

2018-12-11 14:41:34 - [TEST_STEP][PASSED] - Statement - PreSaveFile = new java.io.File(((pathPrefix + java.lang.Integer.toString(counter)) + .png)): null

2018-12-11 14:41:34 - [TEST_STEP][PASSED] - Statement - counter = counter + 1: null

2018-12-11 14:41:34 - [TEST_STEP][PASSED] - Statement - PreSaveFile = new java.io.File(((pathPrefix + java.lang.Integer.toString(counter)) + .png)): null

2018-12-11 14:41:34 - [TEST_STEP][PASSED] - Statement - counter = counter + 1: null

2018-12-11 14:41:34 - [TEST_STEP][PASSED] - Statement - PreSaveFile = new java.io.File(((pathPrefix + java.lang.Integer.toString(counter)) + .png)): null

2018-12-11 14:41:34 - [TEST_STEP][PASSED] - Statement - counter = counter + 1: null

2018-12-11 14:41:34 - [TEST_STEP][PASSED] - Statement - PreSaveFile = new java.io.File(((pathPrefix + java.lang.Integer.toString(counter)) + .png)): null

2018-12-11 14:41:34 - [TEST_STEP][PASSED] - Statement - counter = counter + 1: null

2018-12-11 14:41:34 - [TEST_STEP][PASSED] - Statement - PreSaveFile = new java.io.File(((pathPrefix + java.lang.Integer.toString(counter)) + .png)): null

2018-12-11 14:41:34 - [TEST_STEP][PASSED] - Statement - counter = counter + 1: null

2018-12-11 14:41:34 - [TEST_STEP][PASSED] - Statement - PreSaveFile = new java.io.File(((pathPrefix + java.lang.Integer.toString(counter)) + .png)): null

2018-12-11 14:41:34 - [TEST_STEP][PASSED] - Statement - counter = counter + 1: null

2018-12-11 14:41:34 - [TEST_STEP][PASSED] - Statement - PreSaveFile = new java.io.File(((pathPrefix + java.lang.Integer.toString(counter)) + .png)): null

2018-12-11 14:41:34 - [TEST_STEP][PASSED] - Statement - counter = counter + 1: null

2018-12-11 14:41:34 - [TEST_STEP][PASSED] - Statement - PreSaveFile = new java.io.File(((pathPrefix + java.lang.Integer.toString(counter)) + .png)): null

2018-12-11 14:41:34 - [TEST_STEP][PASSED] - Statement - counter = counter + 1: null

2018-12-11 14:41:34 - [TEST_STEP][PASSED] - Statement - PreSaveFile = new java.io.File(((pathPrefix + java.lang.Integer.toString(counter)) + .png)): null

2018-12-11 14:41:34 - [TEST_STEP][PASSED] - Statement - counter = counter + 1: null

2018-12-11 14:41:34 - [TEST_STEP][PASSED] - Statement - PreSaveFile = new java.io.File(((pathPrefix + java.lang.Integer.toString(counter)) + .png)): null

2018-12-11 14:41:34 - [TEST_STEP][PASSED] - Statement - counter = counter + 1: null

2018-12-11 14:41:34 - [TEST_STEP][PASSED] - Statement - PreSaveFile = new java.io.File(((pathPrefix + java.lang.Integer.toString(counter)) + .png)): null

2018-12-11 14:41:34 - [TEST_STEP][PASSED] - Statement - counter = counter + 1: null

2018-12-11 14:41:34 - [TEST_STEP][PASSED] - Statement - PreSaveFile = new java.io.File(((pathPrefix + java.lang.Integer.toString(counter)) + .png)): null

2018-12-11 14:41:34 - [TEST_STEP][PASSED] - Statement - counter = counter + 1: null

2018-12-11 14:41:34 - [TEST_STEP][PASSED] - Statement - PreSaveFile = new java.io.File(((pathPrefix + java.lang.Integer.toString(counter)) + .png)): null

2018-12-11 14:41:34 - [TEST_STEP][PASSED] - Statement - counter = counter + 1: null

2018-12-11 14:41:34 - [TEST_STEP][PASSED] - Statement - PreSaveFile = new java.io.File(((pathPrefix + java.lang.Integer.toString(counter)) + .png)): null

2018-12-11 14:41:34 - [TEST_STEP][PASSED] - Statement - counter = counter + 1: null

2018-12-11 14:41:34 - [TEST_STEP][PASSED] - Statement - PreSaveFile = new java.io.File(((pathPrefix + java.lang.Integer.toString(counter)) + .png)): null

2018-12-11 14:41:34 - [TEST_STEP][PASSED] - Statement - counter = counter + 1: null

2018-12-11 14:41:34 - [TEST_STEP][PASSED] - Statement - PreSaveFile = new java.io.File(((pathPrefix + java.lang.Integer.toString(counter)) + .png)): null

2018-12-11 14:41:34 - [TEST_STEP][PASSED] - Statement - counter = counter + 1: null

2018-12-11 14:41:34 - [TEST_STEP][PASSED] - Statement - PreSaveFile = new java.io.File(((pathPrefix + java.lang.Integer.toString(counter)) + .png)): null

2018-12-11 14:41:34 - [TEST_STEP][PASSED] - Statement - counter = counter + 1: null

2018-12-11 14:41:34 - [TEST_STEP][PASSED] - Statement - PreSaveFile = new java.io.File(((pathPrefix + java.lang.Integer.toString(counter)) + .png)): null

2018-12-11 14:41:34 - [TEST_STEP][PASSED] - Statement - counter = counter + 1: null

2018-12-11 14:41:34 - [TEST_STEP][PASSED] - Statement - PreSaveFile = new java.io.File(((pathPrefix + java.lang.Integer.toString(counter)) + .png)): null

2018-12-11 14:41:34 - [TEST_STEP][PASSED] - Statement - finalPath = pathPrefix + java.lang.Integer.toString(counter) + ".png": null

2018-12-11 14:41:34 - [TEST_STEP][PASSED] - Statement - SaveFile = new java.io.File(finalPath): null

2018-12-11 14:41:34 - [TEST_STEP][PASSED] - Statement - Try: null

2018-12-11 14:41:34 - [TEST_STEP][PASSED] - Statement - org.apache.commons.io.FileUtils.copyFile(scrFile, SaveFile): null

2018-12-11 14:41:34 - [TEST_STEP][PASSED] - Statement - out.println("file kept"): null

2018-12-11 14:41:34 - [TEST_STEP][PASSED] - delay: Delayed 10 second(s)

2018-12-11 14:41:44 - [MESSAGE][PASSED] - Delayed 10 second(s)

2018-12-11 14:41:44 - [MESSAGE][PASSED] - Call Test Case 'Test Cases/Final Aug 2018 - PKS Automation/Registration Module/New Registration/Submit and Screenshot/Submit Registration and Screenshot' successfully

2018-12-11 14:41:44 - [TEST_STEP][PASSED] - callTestCase: Call Test Case 'Test Cases/Final Aug 2018 - PKS Automation/Registration Module/Log Out/log out avoiding katalon tagging' successfully

2018-12-11 14:41:44 - [TEST_CASE][PASSED] - Test Cases/Final Aug 2018 - PKS Automation/Registration Module/Log Out/log out avoiding katalon tagging: Test Cases/Final Aug 2018 - PKS Automation/Registration Module/Log Out/log out avoiding katalon tagging

2018-12-11 14:41:44 - [TEST_STEP][PASSED] - navigateToUrl: Navigate to 'https://assist2-uat.perkeso.gov.my/c/portal/logout' successfully

2018-12-11 14:41:45 - [MESSAGE][PASSED] - Navigate to 'https://assist2-uat.perkeso.gov.my/c/portal/logout' successfully

2018-12-11 14:41:45 - [MESSAGE][PASSED] - Call Test Case 'Test Cases/Final Aug 2018 - PKS Automation/Registration Module/Log Out/log out avoiding katalon tagging' successfully

2018-12-11 14:41:45 - [TEST_STEP][PASSED] - callTestCase: Call Test Case 'Test Cases/Final Aug 2018 - PKS Automation/Common/Workflow Owner Finder' successfully

2018-12-11 14:41:45 - [TEST_CASE][PASSED] - Test Cases/Final Aug 2018 - PKS Automation/Common/Workflow Owner Finder: Test Cases/Final Aug 2018 - PKS Automation/Common/Workflow Owner Finder

2018-12-11 14:41:45 - [TEST_STEP][PASSED] - openBrowser: Browser is opened with url: ''

2018-12-11 14:41:45 - [MESSAGE][WARNING] - A browser is already opened. Closing browser and opening a new one

2018-12-11 14:41:49 - [MESSAGE][PASSED] - Browser is opened with url: ''

2018-12-11 14:41:49 - [TEST_STEP][PASSED] - navigateToUrl: Navigate to 'https://assist2-uat.perkeso.gov.my/login' successfully

2018-12-11 14:41:50 - [MESSAGE][PASSED] - Navigate to 'https://assist2-uat.perkeso.gov.my/login' successfully

2018-12-11 14:41:50 - [TEST_STEP][PASSED] - delay: Delayed 5 second(s)

2018-12-11 14:41:56 - [MESSAGE][PASSED] - Delayed 5 second(s)

2018-12-11 14:41:56 - [TEST_STEP][PASSED] - setText: Text 'test@liferay.com' is set on object 'Object Repository/Final Object Repo/Login Page/Internal User/Email Address'

2018-12-11 14:41:56 - [MESSAGE][PASSED] - Text 'test@liferay.com' is set on object 'Object Repository/Final Object Repo/Login Page/Internal User/Email Address'

2018-12-11 14:41:56 - [TEST_STEP][PASSED] - click: Object: 'Object Repository/Final Object Repo/Login Page/Internal User/Next Button' is clicked on

2018-12-11 14:41:56 - [MESSAGE][PASSED] - Object: 'Object Repository/Final Object Repo/Login Page/Internal User/Next Button' is clicked on

2018-12-11 14:41:56 - [TEST_STEP][PASSED] - delay: Delayed 2 second(s)

2018-12-11 14:41:58 - [MESSAGE][PASSED] - Delayed 2 second(s)

2018-12-11 14:41:58 - [TEST_STEP][PASSED] - setText: Text 'test' is set on object 'Object Repository/Final Object Repo/Login Page/Internal User/Password'

2018-12-11 14:41:58 - [MESSAGE][PASSED] - Text 'test' is set on object 'Object Repository/Final Object Repo/Login Page/Internal User/Password'

2018-12-11 14:41:58 - [TEST_STEP][PASSED] - delay: Delayed 2 second(s)

2018-12-11 14:42:00 - [MESSAGE][PASSED] - Delayed 2 second(s)

2018-12-11 14:42:00 - [TEST_STEP][PASSED] - click: Object: 'Object Repository/Final Object Repo/Login Page/Internal User/Login Button' is clicked on

2018-12-11 14:42:00 - [MESSAGE][PASSED] - Object: 'Object Repository/Final Object Repo/Login Page/Internal User/Login Button' is clicked on

2018-12-11 14:42:00 - [TEST_STEP][PASSED] - Statement - tester = com.kms.katalon.core.testobject.ObjectRepository.findTestObject(Final Object Repo/Landing Page/Select to English): Finding Test Object with id 'Object Repository/Final Object Repo/Landing Page/Select to English'

2018-12-11 14:42:00 - [TEST_STEP][PASSED] - Statement - Try: Delayed 2 second(s)

2018-12-11 14:42:00 - [TEST_STEP][PASSED] - Statement - Checker = com.kms.katalon.core.webui.keyword.WebUiBuiltInKeywords.verifyElementNotPresent(tester, 3): Web element with id: 'Object Repository/Final Object Repo/Landing Page/Select to English' located by 'By.xpath: //a[@class = 'taglib-language-list-text' and @lang = 'en-US' and (contains(text(), 'EN') or contains(., 'EN'))]' is not present after '3' second(s)

2018-12-11 14:42:02 - [MESSAGE][PASSED] - Web element with id: 'Object Repository/Final Object Repo/Landing Page/Select to English' located by 'By.xpath: //a[@class = 'taglib-language-list-text' and @lang = 'en-US' and (contains(text(), 'EN') or contains(., 'EN'))]' is not present after '3' second(s)

2018-12-11 14:42:02 - [TEST_STEP][PASSED] - Statement - If (Checker == false): null

2018-12-11 14:42:02 - [TEST_STEP][PASSED] - delay: Delayed 2 second(s)

2018-12-11 14:42:04 - [MESSAGE][PASSED] - Delayed 2 second(s)

2018-12-11 14:42:04 - [TEST_STEP][PASSED] - delay: Delayed 5 second(s)

2018-12-11 14:42:09 - [MESSAGE][PASSED] - Delayed 5 second(s)

2018-12-11 14:42:09 - [TEST_STEP][PASSED] - mouseOver: Object: 'Object Repository/Final Object Repo/Landing Page/WorkFlow Menu' is hovered

2018-12-11 14:42:10 - [MESSAGE][PASSED] - Object: 'Object Repository/Final Object Repo/Landing Page/WorkFlow Menu' is hovered

2018-12-11 14:42:10 - [TEST_STEP][PASSED] - delay: Delayed 2 second(s)

2018-12-11 14:42:12 - [MESSAGE][PASSED] - Delayed 2 second(s)

2018-12-11 14:42:12 - [TEST_STEP][PASSED] - click: Object: 'Object Repository/Final Object Repo/Landing Page/Select to Workflow Listing' is clicked on

2018-12-11 14:42:13 - [MESSAGE][PASSED] - Object: 'Object Repository/Final Object Repo/Landing Page/Select to Workflow Listing' is clicked on

2018-12-11 14:42:13 - [TEST_STEP][PASSED] - delay: Delayed 2 second(s)

2018-12-11 14:42:15 - [MESSAGE][PASSED] - Delayed 2 second(s)

2018-12-11 14:42:15 - [TEST_STEP][PASSED] - click: Object: 'Object Repository/Final Object Repo/WorkFlow Listing Page/Search Information - To Put Ref No' is clicked on

2018-12-11 14:42:15 - [MESSAGE][PASSED] - Object: 'Object Repository/Final Object Repo/WorkFlow Listing Page/Search Information - To Put Ref No' is clicked on

2018-12-11 14:42:15 - [TEST_STEP][PASSED] - delay: Delayed 2 second(s)

2018-12-11 14:42:17 - [MESSAGE][PASSED] - Delayed 2 second(s)

2018-12-11 14:42:17 - [TEST_STEP][PASSED] - callTestCase: Call Test Case 'Test Cases/Final Aug 2018 - PKS Automation/Common/Reference Number Getter' successfully

2018-12-11 14:42:17 - [TEST_CASE][PASSED] - Test Cases/Final Aug 2018 - PKS Automation/Common/Reference Number Getter: Test Cases/Final Aug 2018 - PKS Automation/Common/Reference Number Getter

2018-12-11 14:42:17 - [TEST_STEP][PASSED] - Statement - Try: null

2018-12-11 14:42:17 - [TEST_STEP][PASSED] - Statement - RefNo = new java.io.File(C://Users//Admin//Desktop//PKS//Automation Reference Point//KatalonReference.txt): null

2018-12-11 14:42:17 - [TEST_STEP][PASSED] - Statement - bufferread = new java.io.BufferedReader(new java.io.FileReader(RefNo)): null

2018-12-11 14:42:17 - [TEST_STEP][PASSED] - Statement - readedVal = bufferread.readLine(): null

2018-12-11 14:42:17 - [TEST_STEP][PASSED] - Statement - out.println(CaseReferenceNo): null

2018-12-11 14:42:17 - [TEST_STEP][PASSED] - Statement - out.println(readedVal): null

2018-12-11 14:42:17 - [TEST_STEP][PASSED] - Statement - CaseReferenceNo = "": null

2018-12-11 14:42:17 - [TEST_STEP][PASSED] - Statement - CaseReferenceNo = readedVal: null

2018-12-11 14:42:17 - [MESSAGE][PASSED] - Call Test Case 'Test Cases/Final Aug 2018 - PKS Automation/Common/Reference Number Getter' successfully

2018-12-11 14:42:17 - [TEST_STEP][PASSED] - setText: Text 'CRN12201800123175' is set on object 'Object Repository/Final Object Repo/WorkFlow Listing Page/Ref No Set Text'

2018-12-11 14:42:17 - [MESSAGE][PASSED] - Text 'CRN12201800123175' is set on object 'Object Repository/Final Object Repo/WorkFlow Listing Page/Ref No Set Text'

2018-12-11 14:42:17 - [TEST_STEP][PASSED] - delay: Delayed 2 second(s)

2018-12-11 14:42:19 - [MESSAGE][PASSED] - Delayed 2 second(s)

2018-12-11 14:42:19 - [TEST_STEP][PASSED] - click: Object: 'Object Repository/Final Object Repo/WorkFlow Listing Page/Search Ref No Search Button' is clicked on

2018-12-11 14:42:19 - [MESSAGE][PASSED] - Object: 'Object Repository/Final Object Repo/WorkFlow Listing Page/Search Ref No Search Button' is clicked on

2018-12-11 14:42:19 - [TEST_STEP][PASSED] - delay: Delayed 6 second(s)

2018-12-11 14:42:25 - [MESSAGE][PASSED] - Delayed 6 second(s)

2018-12-11 14:42:25 - [TEST_STEP][PASSED] - click: Object: 'Object Repository/Final Object Repo/WorkFlow Listing Page/Click Continue Tooltip' is clicked on

2018-12-11 14:42:26 - [MESSAGE][PASSED] - Object: 'Object Repository/Final Object Repo/WorkFlow Listing Page/Click Continue Tooltip' is clicked on

2018-12-11 14:42:26 - [TEST_STEP][PASSED] - delay: Delayed 5 second(s)

2018-12-11 14:42:31 - [MESSAGE][PASSED] - Delayed 5 second(s)

2018-12-11 14:42:31 - [TEST_STEP][PASSED] - doubleClick: Object: 'Object Repository/Final Object Repo/WorkFlow Listing Page/Workflow Found - Listing 1' is double clicked on

2018-12-11 14:42:32 - [MESSAGE][PASSED] - Object: 'Object Repository/Final Object Repo/WorkFlow Listing Page/Workflow Found - Listing 1' is double clicked on

2018-12-11 14:42:32 - [TEST_STEP][PASSED] - Statement - println(OwnerID): null

2018-12-11 14:42:32 - [TEST_STEP][PASSED] - Statement - OwnerID = com.kms.katalon.core.webui.keyword.WebUiBuiltInKeywords.getText(com.kms.katalon.core.testobject.ObjectRepository.findTestObject(Final Object Repo/WorkFlow Listing Page/Workflow Found - Listing 1), STOP_ON_FAILURE): Text of object 'Object Repository/Final Object Repo/WorkFlow Listing Page/Workflow Found - Listing 1' is: 'JOHORro1'

2018-12-11 14:42:32 - [MESSAGE][PASSED] - Text of object 'Object Repository/Final Object Repo/WorkFlow Listing Page/Workflow Found - Listing 1' is: 'JOHORro1'

2018-12-11 14:42:32 - [TEST_STEP][PASSED] - Statement - OwnerID = OwnerID.toLowerCase() + "@gmail.com": null

2018-12-11 14:42:32 - [TEST_STEP][PASSED] - Statement - println(OwnerID): null

2018-12-11 14:42:32 - [TEST_STEP][PASSED] - delay: Delayed 2 second(s)

2018-12-11 14:42:34 - [MESSAGE][PASSED] - Delayed 2 second(s)

2018-12-11 14:42:34 - [MESSAGE][PASSED] - Call Test Case 'Test Cases/Final Aug 2018 - PKS Automation/Common/Workflow Owner Finder' successfully

2018-12-11 14:42:34 - [TEST_STEP][PASSED] - callTestCase: Call Test Case 'Test Cases/Final Aug 2018 - PKS Automation/Registration Module/Log Out/log out avoiding katalon tagging' successfully

2018-12-11 14:42:34 - [TEST_CASE][PASSED] - Test Cases/Final Aug 2018 - PKS Automation/Registration Module/Log Out/log out avoiding katalon tagging: Test Cases/Final Aug 2018 - PKS Automation/Registration Module/Log Out/log out avoiding katalon tagging

2018-12-11 14:42:34 - [TEST_STEP][PASSED] - navigateToUrl: Navigate to 'https://assist2-uat.perkeso.gov.my/c/portal/logout' successfully

2018-12-11 14:42:35 - [MESSAGE][PASSED] - Navigate to 'https://assist2-uat.perkeso.gov.my/c/portal/logout' successfully

2018-12-11 14:42:35 - [MESSAGE][PASSED] - Call Test Case 'Test Cases/Final Aug 2018 - PKS Automation/Registration Module/Log Out/log out avoiding katalon tagging' successfully

2018-12-11 14:42:35 - [TEST_STEP][PASSED] - delay: Delayed 2 second(s)

2018-12-11 14:42:37 - [MESSAGE][PASSED] - Delayed 2 second(s)

2018-12-11 14:42:37 - [TEST_STEP][PASSED] - setText: Text 'johorro1@gmail.com' is set on object 'Object Repository/Final Object Repo/New Registration - Registration Module Pages/New Reg - OTC to RO/Special Case - All Related Objects/Email TextBox'

2018-12-11 14:42:37 - [MESSAGE][PASSED] - Text 'johorro1@gmail.com' is set on object 'Object Repository/Final Object Repo/New Registration - Registration Module Pages/New Reg - OTC to RO/Special Case - All Related Objects/Email TextBox'

2018-12-11 14:42:37 - [TEST_STEP][PASSED] - click: Object: 'Object Repository/Final Object Repo/New Registration - Registration Module Pages/New Reg - OTC to RO/Special Case - All Related Objects/Next Button' is clicked on

2018-12-11 14:42:37 - [MESSAGE][PASSED] - Object: 'Object Repository/Final Object Repo/New Registration - Registration Module Pages/New Reg - OTC to RO/Special Case - All Related Objects/Next Button' is clicked on

2018-12-11 14:42:37 - [TEST_STEP][PASSED] - delay: Delayed 2 second(s)

2018-12-11 14:42:39 - [MESSAGE][PASSED] - Delayed 2 second(s)

2018-12-11 14:42:39 - [TEST_STEP][PASSED] - setText: Text 'Test1@3456789' is set on object 'Object Repository/Final Object Repo/New Registration - Registration Module Pages/New Reg - OTC to RO/Special Case - All Related Objects/Password TextBox'

2018-12-11 14:42:40 - [MESSAGE][PASSED] - Text 'Test1@3456789' is set on object 'Object Repository/Final Object Repo/New Registration - Registration Module Pages/New Reg - OTC to RO/Special Case - All Related Objects/Password TextBox'

2018-12-11 14:42:40 - [TEST_STEP][PASSED] - delay: Delayed 2 second(s)

2018-12-11 14:42:42 - [MESSAGE][PASSED] - Delayed 2 second(s)

2018-12-11 14:42:42 - [TEST_STEP][PASSED] - click: Object: 'Object Repository/Final Object Repo/New Registration - Registration Module Pages/New Reg - OTC to RO/Special Case - All Related Objects/Login Button' is clicked on

2018-12-11 14:42:42 - [MESSAGE][PASSED] - Object: 'Object Repository/Final Object Repo/New Registration - Registration Module Pages/New Reg - OTC to RO/Special Case - All Related Objects/Login Button' is clicked on

2018-12-11 14:42:42 - [TEST_STEP][PASSED] - delay: Delayed 2 second(s)

2018-12-11 14:42:44 - [MESSAGE][PASSED] - Delayed 2 second(s)

2018-12-11 14:42:44 - [TEST_STEP][PASSED] - Statement - Try: null

2018-12-11 14:42:44 - [TEST_STEP][PASSED] - Statement - Checker = com.kms.katalon.core.webui.keyword.WebUiBuiltInKeywords.verifyElementNotPresent("Final Object Repo/Landing Page/Select to English", 3): null

2018-12-11 14:42:44 - [TEST_STEP][PASSED] - Statement - Catch (Exception e): null

2018-12-11 14:42:44 - [TEST_STEP][PASSED] - Statement - e.printStackTrace(): null

2018-12-11 14:42:44 - [TEST_STEP][PASSED] - click: Object: 'Object Repository/Final Object Repo/New Registration - Registration Module Pages/New Reg - OTC to RO/Special Case - All Related Objects/Expand to Search' is clicked on

2018-12-11 14:42:44 - [MESSAGE][PASSED] - Object: 'Object Repository/Final Object Repo/New Registration - Registration Module Pages/New Reg - OTC to RO/Special Case - All Related Objects/Expand to Search' is clicked on

2018-12-11 14:42:44 - [TEST_STEP][FAILED] - setText: Unable to set text 'CRN12201800123175' of object 'Object Repository/Final Object Repo/New Registration - Registration Module Pages/New Reg - OTC to RO/Special Case - All Related Objects/TextBox RefNo in Workbasket' (Root cause: org.openqa.selenium.ElementNotVisibleException: element not interactable
  (Session info: chrome=70.0.3538.110)
  (Driver info: chromedriver=2.43.600210 (68dcf5eebde37173d4027fa8635e332711d2874a),platform=Windows NT 6.1.7601 SP1 x86_64) (WARNING: The server did not provide any stacktrace information)
Command duration or timeout: 0 milliseconds
Build info: version: '3.7.1', revision: '8a0099a', time: '2017-11-06T21:07:36.161Z'
System info: host: 'WIN7TEST02', ip: '10.20.3.72', os.name: 'Windows 7', os.arch: 'amd64', os.version: '6.1', java.version: '1.8.0_181'
Driver info: com.kms.katalon.selenium.driver.CChromeDriver
Capabilities {acceptInsecureCerts: false, acceptSslCerts: false, applicationCacheEnabled: false, browserConnectionEnabled: false, browserName: chrome, chrome: {chromedriverVersion: 2.43.600210 (68dcf5eebde371..., userDataDir: C:\Users\Admin\AppData\Loca...}, cssSelectorsEnabled: true, databaseEnabled: false, goog:chromeOptions: {debuggerAddress: localhost:57979}, handlesAlerts: true, hasTouchScreen: false, javascriptEnabled: true, locationContextEnabled: true, mobileEmulationEnabled: false, nativeEvents: true, networkConnectionEnabled: false, pageLoadStrategy: normal, platform: XP, platformName: XP, rotatable: false, setWindowRect: true, takesHeapSnapshot: true, takesScreenshot: true, unexpectedAlertBehaviour: , unhandledPromptBehavior: , version: 70.0.3538.110, webStorageEnabled: true}
Session ID: ebb9f7f4fceb2c5c65e6bac11df61db3)

2018-12-11 14:42:44 - [MESSAGE][FAILED] - Unable to set text 'CRN12201800123175' of object 'Object Repository/Final Object Repo/New Registration - Registration Module Pages/New Reg - OTC to RO/Special Case - All Related Objects/TextBox RefNo in Workbasket' (Root cause: org.openqa.selenium.ElementNotVisibleException: element not interactable
  (Session info: chrome=70.0.3538.110)
  (Driver info: chromedriver=2.43.600210 (68dcf5eebde37173d4027fa8635e332711d2874a),platform=Windows NT 6.1.7601 SP1 x86_64) (WARNING: The server did not provide any stacktrace information)
Command duration or timeout: 0 milliseconds
Build info: version: '3.7.1', revision: '8a0099a', time: '2017-11-06T21:07:36.161Z'
System info: host: 'WIN7TEST02', ip: '10.20.3.72', os.name: 'Windows 7', os.arch: 'amd64', os.version: '6.1', java.version: '1.8.0_181'
Driver info: com.kms.katalon.selenium.driver.CChromeDriver
Capabilities {acceptInsecureCerts: false, acceptSslCerts: false, applicationCacheEnabled: false, browserConnectionEnabled: false, browserName: chrome, chrome: {chromedriverVersion: 2.43.600210 (68dcf5eebde371..., userDataDir: C:\Users\Admin\AppData\Loca...}, cssSelectorsEnabled: true, databaseEnabled: false, goog:chromeOptions: {debuggerAddress: localhost:57979}, handlesAlerts: true, hasTouchScreen: false, javascriptEnabled: true, locationContextEnabled: true, mobileEmulationEnabled: false, nativeEvents: true, networkConnectionEnabled: false, pageLoadStrategy: normal, platform: XP, platformName: XP, rotatable: false, setWindowRect: true, takesHeapSnapshot: true, takesScreenshot: true, unexpectedAlertBehaviour: , unhandledPromptBehavior: , version: 70.0.3538.110, webStorageEnabled: true}
Session ID: ebb9f7f4fceb2c5c65e6bac11df61db3)
[[ATTACHMENT|C:\\Users\\Admin\\Desktop\\PKS\\Perkeso Phase A\\Reports\\Workflow\\New Registration\\20181211_110147\\1544510564523.png]]

2018-12-11 14:42:44 - [TEST_STEP][PASSED] - delay: Delayed 2 second(s)

2018-12-11 14:42:46 - [MESSAGE][PASSED] - Delayed 2 second(s)

2018-12-11 14:42:46 - [TEST_STEP][PASSED] - click: Object: 'Object Repository/Final Object Repo/New Registration - Registration Module Pages/New Reg - OTC to RO/Special Case - All Related Objects/Click Search' is clicked on

2018-12-11 14:42:47 - [MESSAGE][PASSED] - Object: 'Object Repository/Final Object Repo/New Registration - Registration Module Pages/New Reg - OTC to RO/Special Case - All Related Objects/Click Search' is clicked on

2018-12-11 14:42:47 - [TEST_STEP][PASSED] - delay: Delayed 2 second(s)

2018-12-11 14:42:49 - [MESSAGE][PASSED] - Delayed 2 second(s)

2018-12-11 14:42:49 - [TEST_STEP][PASSED] - click: Object: 'Object Repository/Final Object Repo/New Registration - Registration Module Pages/New Reg - OTC to RO/Special Case - All Related Objects/Click to Continue Workflow' is clicked on

2018-12-11 14:42:52 - [MESSAGE][PASSED] - Object: 'Object Repository/Final Object Repo/New Registration - Registration Module Pages/New Reg - OTC to RO/Special Case - All Related Objects/Click to Continue Workflow' is clicked on

2018-12-11 14:42:52 - [TEST_STEP][PASSED] - delay: Delayed 2 second(s)

2018-12-11 14:42:54 - [MESSAGE][PASSED] - Delayed 2 second(s)

2018-12-11 14:42:54 - [TEST_STEP][PASSED] - click: Object: 'Object Repository/Final Object Repo/New Registration - Registration Module Pages/New Reg - OTC to RO/Special Case - All Related Objects/Continue Button in verifying case' is clicked on

2018-12-11 14:42:56 - [MESSAGE][PASSED] - Object: 'Object Repository/Final Object Repo/New Registration - Registration Module Pages/New Reg - OTC to RO/Special Case - All Related Objects/Continue Button in verifying case' is clicked on

2018-12-11 14:42:56 - [TEST_STEP][PASSED] - delay: Delayed 2 second(s)

2018-12-11 14:42:58 - [MESSAGE][PASSED] - Delayed 2 second(s)

2018-12-11 14:42:58 - [TEST_STEP][PASSED] - click: Object: 'Object Repository/Final Object Repo/New Registration - Registration Module Pages/Form 1/Registered As a Branch - Yes' is clicked on

2018-12-11 14:42:58 - [MESSAGE][PASSED] - Object: 'Object Repository/Final Object Repo/New Registration - Registration Module Pages/Form 1/Registered As a Branch - Yes' is clicked on

2018-12-11 14:42:58 - [TEST_STEP][PASSED] - delay: Delayed 2 second(s)

2018-12-11 14:43:00 - [MESSAGE][PASSED] - Delayed 2 second(s)

2018-12-11 14:43:00 - [TEST_STEP][PASSED] - click: Object: 'Object Repository/Final Object Repo/New Registration - Registration Module Pages/New Reg - OTC to RO/Special Case - All Related Objects/Form 1 Save n Continue' is clicked on

2018-12-11 14:43:00 - [MESSAGE][PASSED] - Object: 'Object Repository/Final Object Repo/New Registration - Registration Module Pages/New Reg - OTC to RO/Special Case - All Related Objects/Form 1 Save n Continue' is clicked on

2018-12-11 14:43:00 - [TEST_STEP][PASSED] - delay: Delayed 2 second(s)

2018-12-11 14:43:02 - [MESSAGE][PASSED] - Delayed 2 second(s)

2018-12-11 14:43:02 - [TEST_STEP][PASSED] - click: Object: 'Object Repository/Final Object Repo/New Registration - Registration Module Pages/New Reg - OTC to RO/Special Case - All Related Objects/Form 2 Save n Continue' is clicked on

2018-12-11 14:43:02 - [MESSAGE][PASSED] - Object: 'Object Repository/Final Object Repo/New Registration - Registration Module Pages/New Reg - OTC to RO/Special Case - All Related Objects/Form 2 Save n Continue' is clicked on

2018-12-11 14:43:02 - [TEST_STEP][PASSED] - delay: Delayed 2 second(s)

2018-12-11 14:43:04 - [MESSAGE][PASSED] - Delayed 2 second(s)

2018-12-11 14:43:04 - [TEST_STEP][PASSED] - click: Object: 'Object Repository/Final Object Repo/New Registration - Registration Module Pages/New Reg - OTC to RO/Special Case - All Related Objects/Third Screen Save n Continue' is clicked on

2018-12-11 14:43:10 - [MESSAGE][PASSED] - Object: 'Object Repository/Final Object Repo/New Registration - Registration Module Pages/New Reg - OTC to RO/Special Case - All Related Objects/Third Screen Save n Continue' is clicked on

2018-12-11 14:43:10 - [TEST_STEP][PASSED] - delay: Delayed 5 second(s)

2018-12-11 14:43:15 - [MESSAGE][PASSED] - Delayed 5 second(s)

2018-12-11 14:43:15 - [TEST_STEP][PASSED] - click: Object: 'Object Repository/Final Object Repo/New Registration - Registration Module Pages/New Reg - OTC to RO/Special Case - All Related Objects/Upload Doc Page Save n Continue' is clicked on

2018-12-11 14:43:15 - [MESSAGE][PASSED] - Object: 'Object Repository/Final Object Repo/New Registration - Registration Module Pages/New Reg - OTC to RO/Special Case - All Related Objects/Upload Doc Page Save n Continue' is clicked on

2018-12-11 14:43:15 - [TEST_STEP][PASSED] - delay: Delayed 5 second(s)

2018-12-11 14:43:20 - [MESSAGE][PASSED] - Delayed 5 second(s)

2018-12-11 14:43:20 - [TEST_STEP][PASSED] - click: Object: 'Object Repository/Final Object Repo/New Registration - Registration Module Pages/New Reg - OTC to RO/Special Case - All Related Objects/Under Enforcement Button at Preview Screen of RO' is clicked on

2018-12-11 14:43:20 - [MESSAGE][PASSED] - Object: 'Object Repository/Final Object Repo/New Registration - Registration Module Pages/New Reg - OTC to RO/Special Case - All Related Objects/Under Enforcement Button at Preview Screen of RO' is clicked on

2018-12-11 14:43:20 - [TEST_STEP][PASSED] - delay: Delayed 5 second(s)

2018-12-11 14:43:25 - [MESSAGE][PASSED] - Delayed 5 second(s)

2018-12-11 14:43:25 - [TEST_STEP][PASSED] - click: Object: 'Object Repository/Final Object Repo/New Registration - Registration Module Pages/New Reg - OTC to RO/Special Case - All Related Objects/Under Enforcement - inner form' is clicked on

2018-12-11 14:43:25 - [MESSAGE][PASSED] - Object: 'Object Repository/Final Object Repo/New Registration - Registration Module Pages/New Reg - OTC to RO/Special Case - All Related Objects/Under Enforcement - inner form' is clicked on

2018-12-11 14:43:25 - [TEST_STEP][PASSED] - callTestCase: Call Test Case 'Test Cases/Final Aug 2018 - PKS Automation/Common/Screenshoting tool' successfully

2018-12-11 14:43:26 - [TEST_CASE][PASSED] - Test Cases/Final Aug 2018 - PKS Automation/Common/Screenshoting tool: Test Cases/Final Aug 2018 - PKS Automation/Common/Screenshoting tool

2018-12-11 14:43:26 - [TEST_STEP][PASSED] - delay: Delayed 15 second(s)

2018-12-11 14:43:41 - [MESSAGE][PASSED] - Delayed 15 second(s)

2018-12-11 14:43:41 - [TEST_STEP][PASSED] - Statement - driver = com.kms.katalon.core.webui.driver.DriverFactory.getWebDriver(): null

2018-12-11 14:43:41 - [TEST_STEP][PASSED] - Statement - driver.manage().timeouts().implicitlyWait(10, SECONDS): null

2018-12-11 14:43:41 - [TEST_STEP][PASSED] - Statement - PresavePath = KatalonScreenshots: null

2018-12-11 14:43:41 - [TEST_STEP][PASSED] - Statement - pathPrefix = "C:\Users\Public\Pictures\Sample Pictures\Katalon Screenshots\Automate Ending Screen": null

2018-12-11 14:43:41 - [TEST_STEP][PASSED] - Statement - finalPath = <not implemented yet for class: org.codehaus.groovy.ast.expr.EmptyExpression>: null

2018-12-11 14:43:41 - [TEST_STEP][PASSED] - Statement - scrFile = driver.getScreenshotAs(FILE): null

2018-12-11 14:43:41 - [TEST_STEP][PASSED] - Statement - PreSaveFile = new java.io.File(PresavePath): null

2018-12-11 14:43:41 - [TEST_STEP][PASSED] - Statement - counter = 0: null

2018-12-11 14:43:41 - [TEST_STEP][PASSED] - Statement - If (PreSaveFile.exists()): null

2018-12-11 14:43:41 - [TEST_STEP][PASSED] - Statement - While (PreSaveFile.exists()): null

2018-12-11 14:43:41 - [TEST_STEP][PASSED] - Statement - counter = counter + 1: null

2018-12-11 14:43:41 - [TEST_STEP][PASSED] - Statement - PreSaveFile = new java.io.File(((pathPrefix + java.lang.Integer.toString(counter)) + .png)): null

2018-12-11 14:43:41 - [TEST_STEP][PASSED] - Statement - counter = counter + 1: null

2018-12-11 14:43:41 - [TEST_STEP][PASSED] - Statement - PreSaveFile = new java.io.File(((pathPrefix + java.lang.Integer.toString(counter)) + .png)): null

2018-12-11 14:43:41 - [TEST_STEP][PASSED] - Statement - counter = counter + 1: null

2018-12-11 14:43:41 - [TEST_STEP][PASSED] - Statement - PreSaveFile = new java.io.File(((pathPrefix + java.lang.Integer.toString(counter)) + .png)): null

2018-12-11 14:43:41 - [TEST_STEP][PASSED] - Statement - counter = counter + 1: null

2018-12-11 14:43:41 - [TEST_STEP][PASSED] - Statement - PreSaveFile = new java.io.File(((pathPrefix + java.lang.Integer.toString(counter)) + .png)): null

2018-12-11 14:43:41 - [TEST_STEP][PASSED] - Statement - counter = counter + 1: null

2018-12-11 14:43:41 - [TEST_STEP][PASSED] - Statement - PreSaveFile = new java.io.File(((pathPrefix + java.lang.Integer.toString(counter)) + .png)): null

2018-12-11 14:43:41 - [TEST_STEP][PASSED] - Statement - counter = counter + 1: null

2018-12-11 14:43:41 - [TEST_STEP][PASSED] - Statement - PreSaveFile = new java.io.File(((pathPrefix + java.lang.Integer.toString(counter)) + .png)): null

2018-12-11 14:43:41 - [TEST_STEP][PASSED] - Statement - counter = counter + 1: null

2018-12-11 14:43:41 - [TEST_STEP][PASSED] - Statement - PreSaveFile = new java.io.File(((pathPrefix + java.lang.Integer.toString(counter)) + .png)): null

2018-12-11 14:43:41 - [TEST_STEP][PASSED] - Statement - counter = counter + 1: null

2018-12-11 14:43:41 - [TEST_STEP][PASSED] - Statement - PreSaveFile = new java.io.File(((pathPrefix + java.lang.Integer.toString(counter)) + .png)): null

2018-12-11 14:43:41 - [TEST_STEP][PASSED] - Statement - counter = counter + 1: null

2018-12-11 14:43:41 - [TEST_STEP][PASSED] - Statement - PreSaveFile = new java.io.File(((pathPrefix + java.lang.Integer.toString(counter)) + .png)): null

2018-12-11 14:43:41 - [TEST_STEP][PASSED] - Statement - counter = counter + 1: null

2018-12-11 14:43:41 - [TEST_STEP][PASSED] - Statement - PreSaveFile = new java.io.File(((pathPrefix + java.lang.Integer.toString(counter)) + .png)): null

2018-12-11 14:43:41 - [TEST_STEP][PASSED] - Statement - counter = counter + 1: null

2018-12-11 14:43:41 - [TEST_STEP][PASSED] - Statement - PreSaveFile = new java.io.File(((pathPrefix + java.lang.Integer.toString(counter)) + .png)): null

2018-12-11 14:43:41 - [TEST_STEP][PASSED] - Statement - counter = counter + 1: null

2018-12-11 14:43:41 - [TEST_STEP][PASSED] - Statement - PreSaveFile = new java.io.File(((pathPrefix + java.lang.Integer.toString(counter)) + .png)): null

2018-12-11 14:43:41 - [TEST_STEP][PASSED] - Statement - counter = counter + 1: null

2018-12-11 14:43:41 - [TEST_STEP][PASSED] - Statement - PreSaveFile = new java.io.File(((pathPrefix + java.lang.Integer.toString(counter)) + .png)): null

2018-12-11 14:43:41 - [TEST_STEP][PASSED] - Statement - counter = counter + 1: null

2018-12-11 14:43:41 - [TEST_STEP][PASSED] - Statement - PreSaveFile = new java.io.File(((pathPrefix + java.lang.Integer.toString(counter)) + .png)): null

2018-12-11 14:43:41 - [TEST_STEP][PASSED] - Statement - counter = counter + 1: null

2018-12-11 14:43:41 - [TEST_STEP][PASSED] - Statement - PreSaveFile = new java.io.File(((pathPrefix + java.lang.Integer.toString(counter)) + .png)): null

2018-12-11 14:43:41 - [TEST_STEP][PASSED] - Statement - counter = counter + 1: null

2018-12-11 14:43:41 - [TEST_STEP][PASSED] - Statement - PreSaveFile = new java.io.File(((pathPrefix + java.lang.Integer.toString(counter)) + .png)): null

2018-12-11 14:43:41 - [TEST_STEP][PASSED] - Statement - counter = counter + 1: null

2018-12-11 14:43:41 - [TEST_STEP][PASSED] - Statement - PreSaveFile = new java.io.File(((pathPrefix + java.lang.Integer.toString(counter)) + .png)): null

2018-12-11 14:43:41 - [TEST_STEP][PASSED] - Statement - counter = counter + 1: null

2018-12-11 14:43:41 - [TEST_STEP][PASSED] - Statement - PreSaveFile = new java.io.File(((pathPrefix + java.lang.Integer.toString(counter)) + .png)): null

2018-12-11 14:43:41 - [TEST_STEP][PASSED] - Statement - counter = counter + 1: null

2018-12-11 14:43:41 - [TEST_STEP][PASSED] - Statement - PreSaveFile = new java.io.File(((pathPrefix + java.lang.Integer.toString(counter)) + .png)): null

2018-12-11 14:43:41 - [TEST_STEP][PASSED] - Statement - counter = counter + 1: null

2018-12-11 14:43:41 - [TEST_STEP][PASSED] - Statement - PreSaveFile = new java.io.File(((pathPrefix + java.lang.Integer.toString(counter)) + .png)): null

2018-12-11 14:43:41 - [TEST_STEP][PASSED] - Statement - counter = counter + 1: null

2018-12-11 14:43:41 - [TEST_STEP][PASSED] - Statement - PreSaveFile = new java.io.File(((pathPrefix + java.lang.Integer.toString(counter)) + .png)): null

2018-12-11 14:43:41 - [TEST_STEP][PASSED] - Statement - counter = counter + 1: null

2018-12-11 14:43:41 - [TEST_STEP][PASSED] - Statement - PreSaveFile = new java.io.File(((pathPrefix + java.lang.Integer.toString(counter)) + .png)): null

2018-12-11 14:43:41 - [TEST_STEP][PASSED] - Statement - counter = counter + 1: null

2018-12-11 14:43:41 - [TEST_STEP][PASSED] - Statement - PreSaveFile = new java.io.File(((pathPrefix + java.lang.Integer.toString(counter)) + .png)): null

2018-12-11 14:43:41 - [TEST_STEP][PASSED] - Statement - counter = counter + 1: null

2018-12-11 14:43:41 - [TEST_STEP][PASSED] - Statement - PreSaveFile = new java.io.File(((pathPrefix + java.lang.Integer.toString(counter)) + .png)): null

2018-12-11 14:43:41 - [TEST_STEP][PASSED] - Statement - counter = counter + 1: null

2018-12-11 14:43:41 - [TEST_STEP][PASSED] - Statement - PreSaveFile = new java.io.File(((pathPrefix + java.lang.Integer.toString(counter)) + .png)): null

2018-12-11 14:43:41 - [TEST_STEP][PASSED] - Statement - counter = counter + 1: null

2018-12-11 14:43:41 - [TEST_STEP][PASSED] - Statement - PreSaveFile = new java.io.File(((pathPrefix + java.lang.Integer.toString(counter)) + .png)): null

2018-12-11 14:43:41 - [TEST_STEP][PASSED] - Statement - counter = counter + 1: null

2018-12-11 14:43:41 - [TEST_STEP][PASSED] - Statement - PreSaveFile = new java.io.File(((pathPrefix + java.lang.Integer.toString(counter)) + .png)): null

2018-12-11 14:43:41 - [TEST_STEP][PASSED] - Statement - counter = counter + 1: null

2018-12-11 14:43:41 - [TEST_STEP][PASSED] - Statement - PreSaveFile = new java.io.File(((pathPrefix + java.lang.Integer.toString(counter)) + .png)): null

2018-12-11 14:43:41 - [TEST_STEP][PASSED] - Statement - counter = counter + 1: null

2018-12-11 14:43:41 - [TEST_STEP][PASSED] - Statement - PreSaveFile = new java.io.File(((pathPrefix + java.lang.Integer.toString(counter)) + .png)): null

2018-12-11 14:43:41 - [TEST_STEP][PASSED] - Statement - counter = counter + 1: null

2018-12-11 14:43:41 - [TEST_STEP][PASSED] - Statement - PreSaveFile = new java.io.File(((pathPrefix + java.lang.Integer.toString(counter)) + .png)): null

2018-12-11 14:43:41 - [TEST_STEP][PASSED] - Statement - counter = counter + 1: null

2018-12-11 14:43:41 - [TEST_STEP][PASSED] - Statement - PreSaveFile = new java.io.File(((pathPrefix + java.lang.Integer.toString(counter)) + .png)): null

2018-12-11 14:43:41 - [TEST_STEP][PASSED] - Statement - counter = counter + 1: null

2018-12-11 14:43:41 - [TEST_STEP][PASSED] - Statement - PreSaveFile = new java.io.File(((pathPrefix + java.lang.Integer.toString(counter)) + .png)): null

2018-12-11 14:43:41 - [TEST_STEP][PASSED] - Statement - counter = counter + 1: null

2018-12-11 14:43:41 - [TEST_STEP][PASSED] - Statement - PreSaveFile = new java.io.File(((pathPrefix + java.lang.Integer.toString(counter)) + .png)): null

2018-12-11 14:43:41 - [TEST_STEP][PASSED] - Statement - counter = counter + 1: null

2018-12-11 14:43:41 - [TEST_STEP][PASSED] - Statement - PreSaveFile = new java.io.File(((pathPrefix + java.lang.Integer.toString(counter)) + .png)): null

2018-12-11 14:43:41 - [TEST_STEP][PASSED] - Statement - counter = counter + 1: null

2018-12-11 14:43:41 - [TEST_STEP][PASSED] - Statement - PreSaveFile = new java.io.File(((pathPrefix + java.lang.Integer.toString(counter)) + .png)): null

2018-12-11 14:43:41 - [TEST_STEP][PASSED] - Statement - counter = counter + 1: null

2018-12-11 14:43:41 - [TEST_STEP][PASSED] - Statement - PreSaveFile = new java.io.File(((pathPrefix + java.lang.Integer.toString(counter)) + .png)): null

2018-12-11 14:43:41 - [TEST_STEP][PASSED] - Statement - counter = counter + 1: null

2018-12-11 14:43:41 - [TEST_STEP][PASSED] - Statement - PreSaveFile = new java.io.File(((pathPrefix + java.lang.Integer.toString(counter)) + .png)): null

2018-12-11 14:43:41 - [TEST_STEP][PASSED] - Statement - counter = counter + 1: null

2018-12-11 14:43:41 - [TEST_STEP][PASSED] - Statement - PreSaveFile = new java.io.File(((pathPrefix + java.lang.Integer.toString(counter)) + .png)): null

2018-12-11 14:43:41 - [TEST_STEP][PASSED] - Statement - counter = counter + 1: null

2018-12-11 14:43:41 - [TEST_STEP][PASSED] - Statement - PreSaveFile = new java.io.File(((pathPrefix + java.lang.Integer.toString(counter)) + .png)): null

2018-12-11 14:43:41 - [TEST_STEP][PASSED] - Statement - counter = counter + 1: null

2018-12-11 14:43:41 - [TEST_STEP][PASSED] - Statement - PreSaveFile = new java.io.File(((pathPrefix + java.lang.Integer.toString(counter)) + .png)): null

2018-12-11 14:43:41 - [TEST_STEP][PASSED] - Statement - counter = counter + 1: null

2018-12-11 14:43:41 - [TEST_STEP][PASSED] - Statement - PreSaveFile = new java.io.File(((pathPrefix + java.lang.Integer.toString(counter)) + .png)): null

2018-12-11 14:43:41 - [TEST_STEP][PASSED] - Statement - counter = counter + 1: null

2018-12-11 14:43:41 - [TEST_STEP][PASSED] - Statement - PreSaveFile = new java.io.File(((pathPrefix + java.lang.Integer.toString(counter)) + .png)): null

2018-12-11 14:43:41 - [TEST_STEP][PASSED] - Statement - counter = counter + 1: null

2018-12-11 14:43:41 - [TEST_STEP][PASSED] - Statement - PreSaveFile = new java.io.File(((pathPrefix + java.lang.Integer.toString(counter)) + .png)): null

2018-12-11 14:43:41 - [TEST_STEP][PASSED] - Statement - counter = counter + 1: null

2018-12-11 14:43:41 - [TEST_STEP][PASSED] - Statement - PreSaveFile = new java.io.File(((pathPrefix + java.lang.Integer.toString(counter)) + .png)): null

2018-12-11 14:43:41 - [TEST_STEP][PASSED] - Statement - counter = counter + 1: null

2018-12-11 14:43:41 - [TEST_STEP][PASSED] - Statement - PreSaveFile = new java.io.File(((pathPrefix + java.lang.Integer.toString(counter)) + .png)): null

2018-12-11 14:43:41 - [TEST_STEP][PASSED] - Statement - counter = counter + 1: null

2018-12-11 14:43:41 - [TEST_STEP][PASSED] - Statement - PreSaveFile = new java.io.File(((pathPrefix + java.lang.Integer.toString(counter)) + .png)): null

2018-12-11 14:43:41 - [TEST_STEP][PASSED] - Statement - counter = counter + 1: null

2018-12-11 14:43:41 - [TEST_STEP][PASSED] - Statement - PreSaveFile = new java.io.File(((pathPrefix + java.lang.Integer.toString(counter)) + .png)): null

2018-12-11 14:43:41 - [TEST_STEP][PASSED] - Statement - counter = counter + 1: null

2018-12-11 14:43:41 - [TEST_STEP][PASSED] - Statement - PreSaveFile = new java.io.File(((pathPrefix + java.lang.Integer.toString(counter)) + .png)): null

2018-12-11 14:43:41 - [TEST_STEP][PASSED] - Statement - counter = counter + 1: null

2018-12-11 14:43:41 - [TEST_STEP][PASSED] - Statement - PreSaveFile = new java.io.File(((pathPrefix + java.lang.Integer.toString(counter)) + .png)): null

2018-12-11 14:43:41 - [TEST_STEP][PASSED] - Statement - counter = counter + 1: null

2018-12-11 14:43:41 - [TEST_STEP][PASSED] - Statement - PreSaveFile = new java.io.File(((pathPrefix + java.lang.Integer.toString(counter)) + .png)): null

2018-12-11 14:43:41 - [TEST_STEP][PASSED] - Statement - counter = counter + 1: null

2018-12-11 14:43:41 - [TEST_STEP][PASSED] - Statement - PreSaveFile = new java.io.File(((pathPrefix + java.lang.Integer.toString(counter)) + .png)): null

2018-12-11 14:43:41 - [TEST_STEP][PASSED] - Statement - counter = counter + 1: null

2018-12-11 14:43:41 - [TEST_STEP][PASSED] - Statement - PreSaveFile = new java.io.File(((pathPrefix + java.lang.Integer.toString(counter)) + .png)): null

2018-12-11 14:43:41 - [TEST_STEP][PASSED] - Statement - counter = counter + 1: null

2018-12-11 14:43:41 - [TEST_STEP][PASSED] - Statement - PreSaveFile = new java.io.File(((pathPrefix + java.lang.Integer.toString(counter)) + .png)): null

2018-12-11 14:43:41 - [TEST_STEP][PASSED] - Statement - counter = counter + 1: null

2018-12-11 14:43:41 - [TEST_STEP][PASSED] - Statement - PreSaveFile = new java.io.File(((pathPrefix + java.lang.Integer.toString(counter)) + .png)): null

2018-12-11 14:43:41 - [TEST_STEP][PASSED] - Statement - counter = counter + 1: null

2018-12-11 14:43:41 - [TEST_STEP][PASSED] - Statement - PreSaveFile = new java.io.File(((pathPrefix + java.lang.Integer.toString(counter)) + .png)): null

2018-12-11 14:43:41 - [TEST_STEP][PASSED] - Statement - counter = counter + 1: null

2018-12-11 14:43:41 - [TEST_STEP][PASSED] - Statement - PreSaveFile = new java.io.File(((pathPrefix + java.lang.Integer.toString(counter)) + .png)): null

2018-12-11 14:43:41 - [TEST_STEP][PASSED] - Statement - finalPath = pathPrefix + java.lang.Integer.toString(counter) + ".png": null

2018-12-11 14:43:41 - [TEST_STEP][PASSED] - Statement - SaveFile = new java.io.File(finalPath): null

2018-12-11 14:43:41 - [TEST_STEP][PASSED] - Statement - Try: null

2018-12-11 14:43:41 - [TEST_STEP][PASSED] - Statement - org.apache.commons.io.FileUtils.copyFile(scrFile, SaveFile): null

2018-12-11 14:43:41 - [TEST_STEP][PASSED] - Statement - out.println("file kept"): null

2018-12-11 14:43:41 - [TEST_STEP][PASSED] - delay: Delayed 10 second(s)

2018-12-11 14:43:51 - [MESSAGE][PASSED] - Delayed 10 second(s)

2018-12-11 14:43:51 - [MESSAGE][PASSED] - Call Test Case 'Test Cases/Final Aug 2018 - PKS Automation/Common/Screenshoting tool' successfully

2018-12-11 14:43:51 - [TEST_STEP][PASSED] - callTestCase: Call Test Case 'Test Cases/Final Aug 2018 - PKS Automation/Registration Module/Log Out/log out avoiding katalon tagging' successfully

2018-12-11 14:43:51 - [TEST_CASE][PASSED] - Test Cases/Final Aug 2018 - PKS Automation/Registration Module/Log Out/log out avoiding katalon tagging: Test Cases/Final Aug 2018 - PKS Automation/Registration Module/Log Out/log out avoiding katalon tagging

2018-12-11 14:43:51 - [TEST_STEP][PASSED] - navigateToUrl: Navigate to 'https://assist2-uat.perkeso.gov.my/c/portal/logout' successfully

2018-12-11 14:43:52 - [MESSAGE][PASSED] - Navigate to 'https://assist2-uat.perkeso.gov.my/c/portal/logout' successfully

2018-12-11 14:43:52 - [MESSAGE][PASSED] - Call Test Case 'Test Cases/Final Aug 2018 - PKS Automation/Registration Module/Log Out/log out avoiding katalon tagging' successfully

2018-12-11 14:43:52 - [TEST_STEP][PASSED] - delay: Delayed 2 second(s)

2018-12-11 14:43:54 - [MESSAGE][PASSED] - Delayed 2 second(s)

2018-12-11 14:43:54 - [TEST_STEP][PASSED] - setText: Text 'johorro1@gmail.com' is set on object 'Object Repository/Final Object Repo/New Registration - Registration Module Pages/New Reg - OTC to RO/Special Case - All Related Objects/Email TextBox'

2018-12-11 14:43:54 - [MESSAGE][PASSED] - Text 'johorro1@gmail.com' is set on object 'Object Repository/Final Object Repo/New Registration - Registration Module Pages/New Reg - OTC to RO/Special Case - All Related Objects/Email TextBox'

2018-12-11 14:43:54 - [TEST_STEP][PASSED] - click: Object: 'Object Repository/Final Object Repo/New Registration - Registration Module Pages/New Reg - OTC to RO/Special Case - All Related Objects/Next Button' is clicked on

2018-12-11 14:43:54 - [MESSAGE][PASSED] - Object: 'Object Repository/Final Object Repo/New Registration - Registration Module Pages/New Reg - OTC to RO/Special Case - All Related Objects/Next Button' is clicked on

2018-12-11 14:43:54 - [TEST_STEP][PASSED] - delay: Delayed 2 second(s)

2018-12-11 14:43:56 - [MESSAGE][PASSED] - Delayed 2 second(s)

2018-12-11 14:43:56 - [TEST_STEP][PASSED] - setText: Text 'Test1@3456789' is set on object 'Object Repository/Final Object Repo/New Registration - Registration Module Pages/New Reg - OTC to RO/Special Case - All Related Objects/Password TextBox'

2018-12-11 14:43:57 - [MESSAGE][PASSED] - Text 'Test1@3456789' is set on object 'Object Repository/Final Object Repo/New Registration - Registration Module Pages/New Reg - OTC to RO/Special Case - All Related Objects/Password TextBox'

2018-12-11 14:43:57 - [TEST_STEP][PASSED] - delay: Delayed 2 second(s)

2018-12-11 14:43:59 - [MESSAGE][PASSED] - Delayed 2 second(s)

2018-12-11 14:43:59 - [TEST_STEP][PASSED] - click: Object: 'Object Repository/Final Object Repo/New Registration - Registration Module Pages/New Reg - OTC to RO/Special Case - All Related Objects/Login Button' is clicked on

2018-12-11 14:43:59 - [MESSAGE][PASSED] - Object: 'Object Repository/Final Object Repo/New Registration - Registration Module Pages/New Reg - OTC to RO/Special Case - All Related Objects/Login Button' is clicked on

2018-12-11 14:43:59 - [TEST_STEP][PASSED] - delay: Delayed 2 second(s)

2018-12-11 14:44:01 - [MESSAGE][PASSED] - Delayed 2 second(s)

2018-12-11 14:44:01 - [TEST_STEP][PASSED] - Statement - Try: null

2018-12-11 14:44:01 - [TEST_STEP][PASSED] - Statement - Checker = com.kms.katalon.core.webui.keyword.WebUiBuiltInKeywords.verifyElementNotPresent("Final Object Repo/Landing Page/Select to English", 3): null

2018-12-11 14:44:01 - [TEST_STEP][PASSED] - Statement - Catch (Exception e): null

2018-12-11 14:44:01 - [TEST_STEP][PASSED] - Statement - e.printStackTrace(): null

2018-12-11 14:44:01 - [TEST_STEP][PASSED] - click: Object: 'Object Repository/Final Object Repo/New Registration - Registration Module Pages/New Reg - OTC to RO/Special Case - All Related Objects/Expand to Search' is clicked on

2018-12-11 14:44:01 - [MESSAGE][PASSED] - Object: 'Object Repository/Final Object Repo/New Registration - Registration Module Pages/New Reg - OTC to RO/Special Case - All Related Objects/Expand to Search' is clicked on

2018-12-11 14:44:01 - [TEST_STEP][PASSED] - setText: Text 'CRN12201800123175' is set on object 'Object Repository/Final Object Repo/New Registration - Registration Module Pages/New Reg - OTC to RO/Special Case - All Related Objects/TextBox RefNo in Workbasket'

2018-12-11 14:44:02 - [MESSAGE][PASSED] - Text 'CRN12201800123175' is set on object 'Object Repository/Final Object Repo/New Registration - Registration Module Pages/New Reg - OTC to RO/Special Case - All Related Objects/TextBox RefNo in Workbasket'

2018-12-11 14:44:02 - [TEST_STEP][PASSED] - delay: Delayed 2 second(s)

2018-12-11 14:44:04 - [MESSAGE][PASSED] - Delayed 2 second(s)

2018-12-11 14:44:04 - [TEST_STEP][PASSED] - click: Object: 'Object Repository/Final Object Repo/New Registration - Registration Module Pages/New Reg - OTC to RO/Special Case - All Related Objects/Click Search' is clicked on

2018-12-11 14:44:04 - [MESSAGE][PASSED] - Object: 'Object Repository/Final Object Repo/New Registration - Registration Module Pages/New Reg - OTC to RO/Special Case - All Related Objects/Click Search' is clicked on

2018-12-11 14:44:04 - [TEST_STEP][PASSED] - delay: Delayed 2 second(s)

2018-12-11 14:44:06 - [MESSAGE][PASSED] - Delayed 2 second(s)

2018-12-11 14:44:06 - [TEST_STEP][PASSED] - click: Object: 'Object Repository/Final Object Repo/New Registration - Registration Module Pages/New Reg - OTC to RO/Special Case - All Related Objects/Click to Continue Workflow' is clicked on

2018-12-11 14:44:09 - [MESSAGE][PASSED] - Object: 'Object Repository/Final Object Repo/New Registration - Registration Module Pages/New Reg - OTC to RO/Special Case - All Related Objects/Click to Continue Workflow' is clicked on

2018-12-11 14:44:09 - [TEST_STEP][PASSED] - delay: Delayed 2 second(s)

2018-12-11 14:44:11 - [MESSAGE][PASSED] - Delayed 2 second(s)

2018-12-11 14:44:11 - [TEST_STEP][PASSED] - click: Object: 'Object Repository/Final Object Repo/New Registration - Registration Module Pages/New Reg - OTC to RO/Special Case - All Related Objects/Continue Button in verifying case' is clicked on

2018-12-11 14:44:12 - [MESSAGE][PASSED] - Object: 'Object Repository/Final Object Repo/New Registration - Registration Module Pages/New Reg - OTC to RO/Special Case - All Related Objects/Continue Button in verifying case' is clicked on

2018-12-11 14:44:12 - [TEST_STEP][PASSED] - delay: Delayed 2 second(s)

2018-12-11 14:44:14 - [MESSAGE][PASSED] - Delayed 2 second(s)

2018-12-11 14:44:14 - [TEST_STEP][PASSED] - click: Object: 'Object Repository/Final Object Repo/New Registration - Registration Module Pages/Form 1/Registered As a Branch - Yes' is clicked on

2018-12-11 14:44:15 - [MESSAGE][PASSED] - Object: 'Object Repository/Final Object Repo/New Registration - Registration Module Pages/Form 1/Registered As a Branch - Yes' is clicked on

2018-12-11 14:44:15 - [TEST_STEP][PASSED] - delay: Delayed 2 second(s)

2018-12-11 14:44:17 - [MESSAGE][PASSED] - Delayed 2 second(s)

2018-12-11 14:44:17 - [TEST_STEP][PASSED] - click: Object: 'Object Repository/Final Object Repo/New Registration - Registration Module Pages/New Reg - OTC to RO/Special Case - All Related Objects/Form 1 Save n Continue' is clicked on

2018-12-11 14:44:17 - [MESSAGE][PASSED] - Object: 'Object Repository/Final Object Repo/New Registration - Registration Module Pages/New Reg - OTC to RO/Special Case - All Related Objects/Form 1 Save n Continue' is clicked on

2018-12-11 14:44:17 - [TEST_STEP][PASSED] - delay: Delayed 2 second(s)

2018-12-11 14:44:19 - [MESSAGE][PASSED] - Delayed 2 second(s)

2018-12-11 14:44:19 - [TEST_STEP][PASSED] - click: Object: 'Object Repository/Final Object Repo/New Registration - Registration Module Pages/New Reg - OTC to RO/Special Case - All Related Objects/Form 2 Save n Continue' is clicked on

2018-12-11 14:44:19 - [MESSAGE][PASSED] - Object: 'Object Repository/Final Object Repo/New Registration - Registration Module Pages/New Reg - OTC to RO/Special Case - All Related Objects/Form 2 Save n Continue' is clicked on

2018-12-11 14:44:19 - [TEST_STEP][PASSED] - delay: Delayed 2 second(s)

2018-12-11 14:44:21 - [MESSAGE][PASSED] - Delayed 2 second(s)

2018-12-11 14:44:21 - [TEST_STEP][PASSED] - click: Object: 'Object Repository/Final Object Repo/New Registration - Registration Module Pages/New Reg - OTC to RO/Special Case - All Related Objects/Third Screen Save n Continue' is clicked on

2018-12-11 14:44:27 - [MESSAGE][PASSED] - Object: 'Object Repository/Final Object Repo/New Registration - Registration Module Pages/New Reg - OTC to RO/Special Case - All Related Objects/Third Screen Save n Continue' is clicked on

2018-12-11 14:44:27 - [TEST_STEP][PASSED] - delay: Delayed 5 second(s)

2018-12-11 14:44:32 - [MESSAGE][PASSED] - Delayed 5 second(s)

2018-12-11 14:44:32 - [TEST_STEP][PASSED] - click: Object: 'Object Repository/Final Object Repo/New Registration - Registration Module Pages/New Reg - OTC to RO/Special Case - All Related Objects/Upload Doc Page Save n Continue' is clicked on

2018-12-11 14:44:32 - [MESSAGE][PASSED] - Object: 'Object Repository/Final Object Repo/New Registration - Registration Module Pages/New Reg - OTC to RO/Special Case - All Related Objects/Upload Doc Page Save n Continue' is clicked on

2018-12-11 14:44:32 - [TEST_STEP][PASSED] - delay: Delayed 5 second(s)

2018-12-11 14:44:37 - [MESSAGE][PASSED] - Delayed 5 second(s)

2018-12-11 14:44:37 - [TEST_STEP][PASSED] - callTestCase: Call Test Case 'Test Cases/Final Aug 2018 - PKS Automation/Registration Module/New Registration/Submit and Screenshot/Submit Registration and Screenshot' successfully

2018-12-11 14:44:37 - [TEST_CASE][PASSED] - Test Cases/Final Aug 2018 - PKS Automation/Registration Module/New Registration/Submit and Screenshot/Submit Registration and Screenshot: Test Cases/Final Aug 2018 - PKS Automation/Registration Module/New Registration/Submit and Screenshot/Submit Registration and Screenshot

2018-12-11 14:44:37 - [TEST_STEP][PASSED] - delay: Delayed 6 second(s)

2018-12-11 14:44:43 - [MESSAGE][PASSED] - Delayed 6 second(s)

2018-12-11 14:44:43 - [TEST_STEP][PASSED] - click: Object: 'Object Repository/Final Object Repo/New Registration - Registration Module Pages/Third Screen - Upload Supporting Doc- Preview/Preview Submit Button' is clicked on

2018-12-11 14:44:43 - [MESSAGE][PASSED] - Object: 'Object Repository/Final Object Repo/New Registration - Registration Module Pages/Third Screen - Upload Supporting Doc- Preview/Preview Submit Button' is clicked on

2018-12-11 14:44:43 - [TEST_STEP][PASSED] - delay: Delayed 2 second(s)

2018-12-11 14:44:45 - [MESSAGE][PASSED] - Delayed 2 second(s)

2018-12-11 14:44:45 - [TEST_STEP][PASSED] - click: Object: 'Object Repository/Final Object Repo/New Registration - Registration Module Pages/Third Screen - Upload Supporting Doc- Preview/Preview Submit - Confirm' is clicked on

2018-12-11 14:44:45 - [MESSAGE][PASSED] - Object: 'Object Repository/Final Object Repo/New Registration - Registration Module Pages/Third Screen - Upload Supporting Doc- Preview/Preview Submit - Confirm' is clicked on

2018-12-11 14:44:45 - [TEST_STEP][PASSED] - delay: Delayed 15 second(s)

2018-12-11 14:45:00 - [MESSAGE][PASSED] - Delayed 15 second(s)

2018-12-11 14:45:00 - [TEST_STEP][PASSED] - Statement - driver = com.kms.katalon.core.webui.driver.DriverFactory.getWebDriver(): null

2018-12-11 14:45:00 - [TEST_STEP][PASSED] - Statement - driver.manage().timeouts().implicitlyWait(10, SECONDS): null

2018-12-11 14:45:00 - [TEST_STEP][PASSED] - Statement - PresavePath = KatalonScreenshots: null

2018-12-11 14:45:00 - [TEST_STEP][PASSED] - Statement - pathPrefix = "C:\Users\Public\Pictures\Sample Pictures\Katalon Screenshots\Automate Ending Screen": null

2018-12-11 14:45:00 - [TEST_STEP][PASSED] - Statement - finalPath = <not implemented yet for class: org.codehaus.groovy.ast.expr.EmptyExpression>: null

2018-12-11 14:45:00 - [TEST_STEP][PASSED] - Statement - scrFile = driver.getScreenshotAs(FILE): null

2018-12-11 14:45:01 - [TEST_STEP][PASSED] - Statement - PreSaveFile = new java.io.File(PresavePath): null

2018-12-11 14:45:01 - [TEST_STEP][PASSED] - Statement - counter = 0: null

2018-12-11 14:45:01 - [TEST_STEP][PASSED] - Statement - If (PreSaveFile.exists()): null

2018-12-11 14:45:01 - [TEST_STEP][PASSED] - Statement - While (PreSaveFile.exists()): null

2018-12-11 14:45:01 - [TEST_STEP][PASSED] - Statement - counter = counter + 1: null

2018-12-11 14:45:01 - [TEST_STEP][PASSED] - Statement - PreSaveFile = new java.io.File(((pathPrefix + java.lang.Integer.toString(counter)) + .png)): null

2018-12-11 14:45:01 - [TEST_STEP][PASSED] - Statement - counter = counter + 1: null

2018-12-11 14:45:01 - [TEST_STEP][PASSED] - Statement - PreSaveFile = new java.io.File(((pathPrefix + java.lang.Integer.toString(counter)) + .png)): null

2018-12-11 14:45:01 - [TEST_STEP][PASSED] - Statement - counter = counter + 1: null

2018-12-11 14:45:01 - [TEST_STEP][PASSED] - Statement - PreSaveFile = new java.io.File(((pathPrefix + java.lang.Integer.toString(counter)) + .png)): null

2018-12-11 14:45:01 - [TEST_STEP][PASSED] - Statement - counter = counter + 1: null

2018-12-11 14:45:01 - [TEST_STEP][PASSED] - Statement - PreSaveFile = new java.io.File(((pathPrefix + java.lang.Integer.toString(counter)) + .png)): null

2018-12-11 14:45:01 - [TEST_STEP][PASSED] - Statement - counter = counter + 1: null

2018-12-11 14:45:01 - [TEST_STEP][PASSED] - Statement - PreSaveFile = new java.io.File(((pathPrefix + java.lang.Integer.toString(counter)) + .png)): null

2018-12-11 14:45:01 - [TEST_STEP][PASSED] - Statement - counter = counter + 1: null

2018-12-11 14:45:01 - [TEST_STEP][PASSED] - Statement - PreSaveFile = new java.io.File(((pathPrefix + java.lang.Integer.toString(counter)) + .png)): null

2018-12-11 14:45:01 - [TEST_STEP][PASSED] - Statement - counter = counter + 1: null

2018-12-11 14:45:01 - [TEST_STEP][PASSED] - Statement - PreSaveFile = new java.io.File(((pathPrefix + java.lang.Integer.toString(counter)) + .png)): null

2018-12-11 14:45:01 - [TEST_STEP][PASSED] - Statement - counter = counter + 1: null

2018-12-11 14:45:01 - [TEST_STEP][PASSED] - Statement - PreSaveFile = new java.io.File(((pathPrefix + java.lang.Integer.toString(counter)) + .png)): null

2018-12-11 14:45:01 - [TEST_STEP][PASSED] - Statement - counter = counter + 1: null

2018-12-11 14:45:01 - [TEST_STEP][PASSED] - Statement - PreSaveFile = new java.io.File(((pathPrefix + java.lang.Integer.toString(counter)) + .png)): null

2018-12-11 14:45:01 - [TEST_STEP][PASSED] - Statement - counter = counter + 1: null

2018-12-11 14:45:01 - [TEST_STEP][PASSED] - Statement - PreSaveFile = new java.io.File(((pathPrefix + java.lang.Integer.toString(counter)) + .png)): null

2018-12-11 14:45:01 - [TEST_STEP][PASSED] - Statement - counter = counter + 1: null

2018-12-11 14:45:01 - [TEST_STEP][PASSED] - Statement - PreSaveFile = new java.io.File(((pathPrefix + java.lang.Integer.toString(counter)) + .png)): null

2018-12-11 14:45:01 - [TEST_STEP][PASSED] - Statement - counter = counter + 1: null

2018-12-11 14:45:01 - [TEST_STEP][PASSED] - Statement - PreSaveFile = new java.io.File(((pathPrefix + java.lang.Integer.toString(counter)) + .png)): null

2018-12-11 14:45:01 - [TEST_STEP][PASSED] - Statement - counter = counter + 1: null

2018-12-11 14:45:01 - [TEST_STEP][PASSED] - Statement - PreSaveFile = new java.io.File(((pathPrefix + java.lang.Integer.toString(counter)) + .png)): null

2018-12-11 14:45:01 - [TEST_STEP][PASSED] - Statement - counter = counter + 1: null

2018-12-11 14:45:01 - [TEST_STEP][PASSED] - Statement - PreSaveFile = new java.io.File(((pathPrefix + java.lang.Integer.toString(counter)) + .png)): null

2018-12-11 14:45:01 - [TEST_STEP][PASSED] - Statement - counter = counter + 1: null

2018-12-11 14:45:01 - [TEST_STEP][PASSED] - Statement - PreSaveFile = new java.io.File(((pathPrefix + java.lang.Integer.toString(counter)) + .png)): null

2018-12-11 14:45:01 - [TEST_STEP][PASSED] - Statement - counter = counter + 1: null

2018-12-11 14:45:01 - [TEST_STEP][PASSED] - Statement - PreSaveFile = new java.io.File(((pathPrefix + java.lang.Integer.toString(counter)) + .png)): null

2018-12-11 14:45:01 - [TEST_STEP][PASSED] - Statement - counter = counter + 1: null

2018-12-11 14:45:01 - [TEST_STEP][PASSED] - Statement - PreSaveFile = new java.io.File(((pathPrefix + java.lang.Integer.toString(counter)) + .png)): null

2018-12-11 14:45:01 - [TEST_STEP][PASSED] - Statement - counter = counter + 1: null

2018-12-11 14:45:01 - [TEST_STEP][PASSED] - Statement - PreSaveFile = new java.io.File(((pathPrefix + java.lang.Integer.toString(counter)) + .png)): null

2018-12-11 14:45:01 - [TEST_STEP][PASSED] - Statement - counter = counter + 1: null

2018-12-11 14:45:01 - [TEST_STEP][PASSED] - Statement - PreSaveFile = new java.io.File(((pathPrefix + java.lang.Integer.toString(counter)) + .png)): null

2018-12-11 14:45:01 - [TEST_STEP][PASSED] - Statement - counter = counter + 1: null

2018-12-11 14:45:01 - [TEST_STEP][PASSED] - Statement - PreSaveFile = new java.io.File(((pathPrefix + java.lang.Integer.toString(counter)) + .png)): null

2018-12-11 14:45:01 - [TEST_STEP][PASSED] - Statement - counter = counter + 1: null

2018-12-11 14:45:01 - [TEST_STEP][PASSED] - Statement - PreSaveFile = new java.io.File(((pathPrefix + java.lang.Integer.toString(counter)) + .png)): null

2018-12-11 14:45:01 - [TEST_STEP][PASSED] - Statement - counter = counter + 1: null

2018-12-11 14:45:01 - [TEST_STEP][PASSED] - Statement - PreSaveFile = new java.io.File(((pathPrefix + java.lang.Integer.toString(counter)) + .png)): null

2018-12-11 14:45:01 - [TEST_STEP][PASSED] - Statement - counter = counter + 1: null

2018-12-11 14:45:01 - [TEST_STEP][PASSED] - Statement - PreSaveFile = new java.io.File(((pathPrefix + java.lang.Integer.toString(counter)) + .png)): null

2018-12-11 14:45:01 - [TEST_STEP][PASSED] - Statement - counter = counter + 1: null

2018-12-11 14:45:01 - [TEST_STEP][PASSED] - Statement - PreSaveFile = new java.io.File(((pathPrefix + java.lang.Integer.toString(counter)) + .png)): null

2018-12-11 14:45:01 - [TEST_STEP][PASSED] - Statement - counter = counter + 1: null

2018-12-11 14:45:01 - [TEST_STEP][PASSED] - Statement - PreSaveFile = new java.io.File(((pathPrefix + java.lang.Integer.toString(counter)) + .png)): null

2018-12-11 14:45:01 - [TEST_STEP][PASSED] - Statement - counter = counter + 1: null

2018-12-11 14:45:01 - [TEST_STEP][PASSED] - Statement - PreSaveFile = new java.io.File(((pathPrefix + java.lang.Integer.toString(counter)) + .png)): null

2018-12-11 14:45:01 - [TEST_STEP][PASSED] - Statement - counter = counter + 1: null

2018-12-11 14:45:01 - [TEST_STEP][PASSED] - Statement - PreSaveFile = new java.io.File(((pathPrefix + java.lang.Integer.toString(counter)) + .png)): null

2018-12-11 14:45:01 - [TEST_STEP][PASSED] - Statement - counter = counter + 1: null

2018-12-11 14:45:01 - [TEST_STEP][PASSED] - Statement - PreSaveFile = new java.io.File(((pathPrefix + java.lang.Integer.toString(counter)) + .png)): null

2018-12-11 14:45:01 - [TEST_STEP][PASSED] - Statement - counter = counter + 1: null

2018-12-11 14:45:01 - [TEST_STEP][PASSED] - Statement - PreSaveFile = new java.io.File(((pathPrefix + java.lang.Integer.toString(counter)) + .png)): null

2018-12-11 14:45:01 - [TEST_STEP][PASSED] - Statement - counter = counter + 1: null

2018-12-11 14:45:01 - [TEST_STEP][PASSED] - Statement - PreSaveFile = new java.io.File(((pathPrefix + java.lang.Integer.toString(counter)) + .png)): null

2018-12-11 14:45:01 - [TEST_STEP][PASSED] - Statement - counter = counter + 1: null

2018-12-11 14:45:01 - [TEST_STEP][PASSED] - Statement - PreSaveFile = new java.io.File(((pathPrefix + java.lang.Integer.toString(counter)) + .png)): null

2018-12-11 14:45:01 - [TEST_STEP][PASSED] - Statement - counter = counter + 1: null

2018-12-11 14:45:01 - [TEST_STEP][PASSED] - Statement - PreSaveFile = new java.io.File(((pathPrefix + java.lang.Integer.toString(counter)) + .png)): null

2018-12-11 14:45:01 - [TEST_STEP][PASSED] - Statement - counter = counter + 1: null

2018-12-11 14:45:01 - [TEST_STEP][PASSED] - Statement - PreSaveFile = new java.io.File(((pathPrefix + java.lang.Integer.toString(counter)) + .png)): null

2018-12-11 14:45:01 - [TEST_STEP][PASSED] - Statement - counter = counter + 1: null

2018-12-11 14:45:01 - [TEST_STEP][PASSED] - Statement - PreSaveFile = new java.io.File(((pathPrefix + java.lang.Integer.toString(counter)) + .png)): null

2018-12-11 14:45:01 - [TEST_STEP][PASSED] - Statement - counter = counter + 1: null

2018-12-11 14:45:01 - [TEST_STEP][PASSED] - Statement - PreSaveFile = new java.io.File(((pathPrefix + java.lang.Integer.toString(counter)) + .png)): null

2018-12-11 14:45:01 - [TEST_STEP][PASSED] - Statement - counter = counter + 1: null

2018-12-11 14:45:01 - [TEST_STEP][PASSED] - Statement - PreSaveFile = new java.io.File(((pathPrefix + java.lang.Integer.toString(counter)) + .png)): null

2018-12-11 14:45:01 - [TEST_STEP][PASSED] - Statement - counter = counter + 1: null

2018-12-11 14:45:01 - [TEST_STEP][PASSED] - Statement - PreSaveFile = new java.io.File(((pathPrefix + java.lang.Integer.toString(counter)) + .png)): null

2018-12-11 14:45:01 - [TEST_STEP][PASSED] - Statement - counter = counter + 1: null

2018-12-11 14:45:01 - [TEST_STEP][PASSED] - Statement - PreSaveFile = new java.io.File(((pathPrefix + java.lang.Integer.toString(counter)) + .png)): null

2018-12-11 14:45:01 - [TEST_STEP][PASSED] - Statement - counter = counter + 1: null

2018-12-11 14:45:01 - [TEST_STEP][PASSED] - Statement - PreSaveFile = new java.io.File(((pathPrefix + java.lang.Integer.toString(counter)) + .png)): null

2018-12-11 14:45:01 - [TEST_STEP][PASSED] - Statement - counter = counter + 1: null

2018-12-11 14:45:01 - [TEST_STEP][PASSED] - Statement - PreSaveFile = new java.io.File(((pathPrefix + java.lang.Integer.toString(counter)) + .png)): null

2018-12-11 14:45:01 - [TEST_STEP][PASSED] - Statement - counter = counter + 1: null

2018-12-11 14:45:01 - [TEST_STEP][PASSED] - Statement - PreSaveFile = new java.io.File(((pathPrefix + java.lang.Integer.toString(counter)) + .png)): null

2018-12-11 14:45:01 - [TEST_STEP][PASSED] - Statement - counter = counter + 1: null

2018-12-11 14:45:01 - [TEST_STEP][PASSED] - Statement - PreSaveFile = new java.io.File(((pathPrefix + java.lang.Integer.toString(counter)) + .png)): null

2018-12-11 14:45:01 - [TEST_STEP][PASSED] - Statement - counter = counter + 1: null

2018-12-11 14:45:01 - [TEST_STEP][PASSED] - Statement - PreSaveFile = new java.io.File(((pathPrefix + java.lang.Integer.toString(counter)) + .png)): null

2018-12-11 14:45:01 - [TEST_STEP][PASSED] - Statement - counter = counter + 1: null

2018-12-11 14:45:01 - [TEST_STEP][PASSED] - Statement - PreSaveFile = new java.io.File(((pathPrefix + java.lang.Integer.toString(counter)) + .png)): null

2018-12-11 14:45:01 - [TEST_STEP][PASSED] - Statement - counter = counter + 1: null

2018-12-11 14:45:01 - [TEST_STEP][PASSED] - Statement - PreSaveFile = new java.io.File(((pathPrefix + java.lang.Integer.toString(counter)) + .png)): null

2018-12-11 14:45:01 - [TEST_STEP][PASSED] - Statement - counter = counter + 1: null

2018-12-11 14:45:01 - [TEST_STEP][PASSED] - Statement - PreSaveFile = new java.io.File(((pathPrefix + java.lang.Integer.toString(counter)) + .png)): null

2018-12-11 14:45:01 - [TEST_STEP][PASSED] - Statement - counter = counter + 1: null

2018-12-11 14:45:01 - [TEST_STEP][PASSED] - Statement - PreSaveFile = new java.io.File(((pathPrefix + java.lang.Integer.toString(counter)) + .png)): null

2018-12-11 14:45:01 - [TEST_STEP][PASSED] - Statement - counter = counter + 1: null

2018-12-11 14:45:01 - [TEST_STEP][PASSED] - Statement - PreSaveFile = new java.io.File(((pathPrefix + java.lang.Integer.toString(counter)) + .png)): null

2018-12-11 14:45:01 - [TEST_STEP][PASSED] - Statement - counter = counter + 1: null

2018-12-11 14:45:01 - [TEST_STEP][PASSED] - Statement - PreSaveFile = new java.io.File(((pathPrefix + java.lang.Integer.toString(counter)) + .png)): null

2018-12-11 14:45:01 - [TEST_STEP][PASSED] - Statement - counter = counter + 1: null

2018-12-11 14:45:01 - [TEST_STEP][PASSED] - Statement - PreSaveFile = new java.io.File(((pathPrefix + java.lang.Integer.toString(counter)) + .png)): null

2018-12-11 14:45:01 - [TEST_STEP][PASSED] - Statement - counter = counter + 1: null

2018-12-11 14:45:01 - [TEST_STEP][PASSED] - Statement - PreSaveFile = new java.io.File(((pathPrefix + java.lang.Integer.toString(counter)) + .png)): null

2018-12-11 14:45:01 - [TEST_STEP][PASSED] - Statement - counter = counter + 1: null

2018-12-11 14:45:01 - [TEST_STEP][PASSED] - Statement - PreSaveFile = new java.io.File(((pathPrefix + java.lang.Integer.toString(counter)) + .png)): null

2018-12-11 14:45:01 - [TEST_STEP][PASSED] - Statement - counter = counter + 1: null

2018-12-11 14:45:01 - [TEST_STEP][PASSED] - Statement - PreSaveFile = new java.io.File(((pathPrefix + java.lang.Integer.toString(counter)) + .png)): null

2018-12-11 14:45:01 - [TEST_STEP][PASSED] - Statement - counter = counter + 1: null

2018-12-11 14:45:01 - [TEST_STEP][PASSED] - Statement - PreSaveFile = new java.io.File(((pathPrefix + java.lang.Integer.toString(counter)) + .png)): null

2018-12-11 14:45:01 - [TEST_STEP][PASSED] - Statement - counter = counter + 1: null

2018-12-11 14:45:01 - [TEST_STEP][PASSED] - Statement - PreSaveFile = new java.io.File(((pathPrefix + java.lang.Integer.toString(counter)) + .png)): null

2018-12-11 14:45:01 - [TEST_STEP][PASSED] - Statement - counter = counter + 1: null

2018-12-11 14:45:01 - [TEST_STEP][PASSED] - Statement - PreSaveFile = new java.io.File(((pathPrefix + java.lang.Integer.toString(counter)) + .png)): null

2018-12-11 14:45:01 - [TEST_STEP][PASSED] - Statement - counter = counter + 1: null

2018-12-11 14:45:01 - [TEST_STEP][PASSED] - Statement - PreSaveFile = new java.io.File(((pathPrefix + java.lang.Integer.toString(counter)) + .png)): null

2018-12-11 14:45:01 - [TEST_STEP][PASSED] - Statement - finalPath = pathPrefix + java.lang.Integer.toString(counter) + ".png": null

2018-12-11 14:45:01 - [TEST_STEP][PASSED] - Statement - SaveFile = new java.io.File(finalPath): null

2018-12-11 14:45:01 - [TEST_STEP][PASSED] - Statement - Try: null

2018-12-11 14:45:01 - [TEST_STEP][PASSED] - Statement - org.apache.commons.io.FileUtils.copyFile(scrFile, SaveFile): null

2018-12-11 14:45:01 - [TEST_STEP][PASSED] - Statement - out.println("file kept"): null

2018-12-11 14:45:01 - [TEST_STEP][PASSED] - delay: Delayed 10 second(s)

2018-12-11 14:45:11 - [MESSAGE][PASSED] - Delayed 10 second(s)

2018-12-11 14:45:11 - [MESSAGE][PASSED] - Call Test Case 'Test Cases/Final Aug 2018 - PKS Automation/Registration Module/New Registration/Submit and Screenshot/Submit Registration and Screenshot' successfully

2018-12-11 14:45:11 - [TEST_STEP][PASSED] - callTestCase: Call Test Case 'Test Cases/Final Aug 2018 - PKS Automation/Registration Module/Log Out/log out avoiding katalon tagging' successfully

2018-12-11 14:45:11 - [TEST_CASE][PASSED] - Test Cases/Final Aug 2018 - PKS Automation/Registration Module/Log Out/log out avoiding katalon tagging: Test Cases/Final Aug 2018 - PKS Automation/Registration Module/Log Out/log out avoiding katalon tagging

2018-12-11 14:45:11 - [TEST_STEP][PASSED] - navigateToUrl: Navigate to 'https://assist2-uat.perkeso.gov.my/c/portal/logout' successfully

2018-12-11 14:45:12 - [MESSAGE][PASSED] - Navigate to 'https://assist2-uat.perkeso.gov.my/c/portal/logout' successfully

2018-12-11 14:45:12 - [MESSAGE][PASSED] - Call Test Case 'Test Cases/Final Aug 2018 - PKS Automation/Registration Module/Log Out/log out avoiding katalon tagging' successfully]]></system-out>
         <system-err><![CDATA[2018-12-11 14:33:58 - [TEST_CASE][FAILED] - Test Cases/Final Aug 2018 - PKS Automation/Registration Module/Workflow/New Registration/Employer to RO - RO Under Enforcement: Test Cases/Final Aug 2018 - PKS Automation/Registration Module/Workflow/New Registration/Employer to RO - RO Under Enforcement FAILED because (of) (Stack trace: com.kms.katalon.core.exception.StepFailedException: Unable to set text 'CRN12201800123175' of object 'Object Repository/Final Object Repo/New Registration - Registration Module Pages/New Reg - OTC to RO/Special Case - All Related Objects/TextBox RefNo in Workbasket' (Root cause: org.openqa.selenium.ElementNotVisibleException: element not interactable
  (Session info: chrome=70.0.3538.110)
  (Driver info: chromedriver=2.43.600210 (68dcf5eebde37173d4027fa8635e332711d2874a),platform=Windows NT 6.1.7601 SP1 x86_64) (WARNING: The server did not provide any stacktrace information)
Command duration or timeout: 0 milliseconds
Build info: version: '3.7.1', revision: '8a0099a', time: '2017-11-06T21:07:36.161Z'
System info: host: 'WIN7TEST02', ip: '10.20.3.72', os.name: 'Windows 7', os.arch: 'amd64', os.version: '6.1', java.version: '1.8.0_181'
Driver info: com.kms.katalon.selenium.driver.CChromeDriver
Capabilities {acceptInsecureCerts: false, acceptSslCerts: false, applicationCacheEnabled: false, browserConnectionEnabled: false, browserName: chrome, chrome: {chromedriverVersion: 2.43.600210 (68dcf5eebde371..., userDataDir: C:\Users\Admin\AppData\Loca...}, cssSelectorsEnabled: true, databaseEnabled: false, goog:chromeOptions: {debuggerAddress: localhost:57979}, handlesAlerts: true, hasTouchScreen: false, javascriptEnabled: true, locationContextEnabled: true, mobileEmulationEnabled: false, nativeEvents: true, networkConnectionEnabled: false, pageLoadStrategy: normal, platform: XP, platformName: XP, rotatable: false, setWindowRect: true, takesHeapSnapshot: true, takesScreenshot: true, unexpectedAlertBehaviour: , unhandledPromptBehavior: , version: 70.0.3538.110, webStorageEnabled: true}
Session ID: ebb9f7f4fceb2c5c65e6bac11df61db3)
	at com.kms.katalon.core.keyword.internal.KeywordMain.stepFailed(KeywordMain.groovy:32)
	at com.kms.katalon.core.webui.keyword.internal.WebUIKeywordMain.stepFailed(WebUIKeywordMain.groovy:65)
	at com.kms.katalon.core.webui.keyword.internal.WebUIKeywordMain.runKeyword(WebUIKeywordMain.groovy:27)
	at com.kms.katalon.core.webui.keyword.builtin.SetTextKeyword.setText(SetTextKeyword.groovy:65)
	at com.kms.katalon.core.webui.keyword.builtin.SetTextKeyword.execute(SetTextKeyword.groovy:37)
	at com.kms.katalon.core.keyword.internal.KeywordExecutor.executeKeywordForPlatform(KeywordExecutor.groovy:53)
	at com.kms.katalon.core.webui.keyword.WebUiBuiltInKeywords.setText(WebUiBuiltInKeywords.groovy:950)
	at com.kms.katalon.core.webui.keyword.WebUiBuiltInKeywords$setText$1.call(Unknown Source)
	at org.codehaus.groovy.runtime.callsite.CallSiteArray.defaultCall(CallSiteArray.java:48)
	at org.codehaus.groovy.runtime.callsite.AbstractCallSite.call(AbstractCallSite.java:113)
	at org.codehaus.groovy.runtime.callsite.AbstractCallSite.call(AbstractCallSite.java:133)
	at Script1537253675085.run(Script1537253675085.groovy:87)
	at com.kms.katalon.core.main.ScriptEngine.run(ScriptEngine.java:183)
	at com.kms.katalon.core.main.ScriptEngine.runScriptAsRawText(ScriptEngine.java:108)
	at com.kms.katalon.core.main.TestCaseExecutor.runScript(TestCaseExecutor.java:294)
	at com.kms.katalon.core.main.TestCaseExecutor.doExecute(TestCaseExecutor.java:285)
	at com.kms.katalon.core.main.TestCaseExecutor.processExecutionPhase(TestCaseExecutor.java:264)
	at com.kms.katalon.core.main.TestCaseExecutor.accessMainPhase(TestCaseExecutor.java:256)
	at com.kms.katalon.core.main.TestCaseExecutor.execute(TestCaseExecutor.java:200)
	at com.kms.katalon.core.main.TestSuiteExecutor.accessTestCaseMainPhase(TestSuiteExecutor.java:129)
	at com.kms.katalon.core.main.TestSuiteExecutor.accessTestSuiteMainPhase(TestSuiteExecutor.java:112)
	at com.kms.katalon.core.main.TestSuiteExecutor.execute(TestSuiteExecutor.java:81)
	at com.kms.katalon.core.main.TestCaseMain.startTestSuite(TestCaseMain.java:142)
	at com.kms.katalon.core.main.TestCaseMain$startTestSuite$0.call(Unknown Source)
	at org.codehaus.groovy.runtime.callsite.CallSiteArray.defaultCall(CallSiteArray.java:48)
	at org.codehaus.groovy.runtime.callsite.AbstractCallSite.call(AbstractCallSite.java:113)
	at org.codehaus.groovy.runtime.callsite.AbstractCallSite.call(AbstractCallSite.java:141)
	at TempTestSuite1544497307528.run(TempTestSuite1544497307528.groovy:36)
	at groovy.lang.GroovyShell.runScriptOrMainOrTestOrRunnable(GroovyShell.java:263)
	at groovy.lang.GroovyShell.run(GroovyShell.java:518)
	at groovy.lang.GroovyShell.run(GroovyShell.java:507)
	at groovy.ui.GroovyMain.processOnce(GroovyMain.java:653)
	at groovy.ui.GroovyMain.run(GroovyMain.java:384)
	at groovy.ui.GroovyMain.process(GroovyMain.java:370)
	at groovy.ui.GroovyMain.processArgs(GroovyMain.java:129)
	at groovy.ui.GroovyMain.main(GroovyMain.java:109)
	at sun.reflect.NativeMethodAccessorImpl.invoke0(Native Method)
	at sun.reflect.NativeMethodAccessorImpl.invoke(NativeMethodAccessorImpl.java:62)
	at sun.reflect.DelegatingMethodAccessorImpl.invoke(DelegatingMethodAccessorImpl.java:43)
	at java.lang.reflect.Method.invoke(Method.java:498)
	at org.codehaus.groovy.tools.GroovyStarter.rootLoader(GroovyStarter.java:109)
	at org.codehaus.groovy.tools.GroovyStarter.main(GroovyStarter.java:131)
)]]></system-err>
      </testcase>
      <testcase name="Test Cases/Final Aug 2018 - PKS Automation/Registration Module/Workflow/New Registration/OTC - PKR BO - RO Query (Routed 2 Time)" classname="Test Cases/Final Aug 2018 - PKS Automation/Registration Module/Workflow/New Registration/OTC - PKR BO - RO Query (Routed 2 Time)" status="PASSED">
         <system-out><![CDATA[2018-12-11 14:45:12 - [TEST_CASE][PASSED] - Test Cases/Final Aug 2018 - PKS Automation/Registration Module/Workflow/New Registration/OTC - PKR BO - RO Query (Routed 2 Time): Test Cases/Final Aug 2018 - PKS Automation/Registration Module/Workflow/New Registration/OTC - PKR BO - RO Query (Routed 2 Time)

2018-12-11 14:45:12 - [TEST_STEP][PASSED] - callTestCase: Call Test Case 'Test Cases/Final Aug 2018 - PKS Automation/Registration Module/Workflow/New Registration/Template/Special Case - OTC - Form 1' successfully

2018-12-11 14:45:12 - [TEST_CASE][PASSED] - Test Cases/Final Aug 2018 - PKS Automation/Registration Module/Workflow/New Registration/Template/Special Case - OTC - Form 1: Test Cases/Final Aug 2018 - PKS Automation/Registration Module/Workflow/New Registration/Template/Special Case - OTC - Form 1

2018-12-11 14:45:12 - [TEST_STEP][PASSED] - openBrowser: Browser is opened with url: ''

2018-12-11 14:45:12 - [MESSAGE][WARNING] - A browser is already opened. Closing browser and opening a new one

2018-12-11 14:45:17 - [MESSAGE][PASSED] - Browser is opened with url: ''

2018-12-11 14:45:17 - [TEST_STEP][PASSED] - navigateToUrl: Navigate to 'https://assist2-uat.perkeso.gov.my/login' successfully

2018-12-11 14:45:18 - [MESSAGE][PASSED] - Navigate to 'https://assist2-uat.perkeso.gov.my/login' successfully

2018-12-11 14:45:18 - [TEST_STEP][PASSED] - delay: Delayed 2 second(s)

2018-12-11 14:45:20 - [MESSAGE][PASSED] - Delayed 2 second(s)

2018-12-11 14:45:20 - [TEST_STEP][PASSED] - setText: Text 'klotc2@gmail.com' is set on object 'Object Repository/Final Object Repo/Login Page/Internal User/Email Address'

2018-12-11 14:45:20 - [MESSAGE][PASSED] - Text 'klotc2@gmail.com' is set on object 'Object Repository/Final Object Repo/Login Page/Internal User/Email Address'

2018-12-11 14:45:20 - [TEST_STEP][PASSED] - click: Object: 'Object Repository/Final Object Repo/Login Page/Internal User/Next Button' is clicked on

2018-12-11 14:45:20 - [MESSAGE][PASSED] - Object: 'Object Repository/Final Object Repo/Login Page/Internal User/Next Button' is clicked on

2018-12-11 14:45:20 - [TEST_STEP][PASSED] - delay: Delayed 2 second(s)

2018-12-11 14:45:22 - [MESSAGE][PASSED] - Delayed 2 second(s)

2018-12-11 14:45:22 - [TEST_STEP][PASSED] - setText: Text 'Test1@3456789' is set on object 'Object Repository/Final Object Repo/Login Page/Internal User/Password'

2018-12-11 14:45:23 - [MESSAGE][PASSED] - Text 'Test1@3456789' is set on object 'Object Repository/Final Object Repo/Login Page/Internal User/Password'

2018-12-11 14:45:23 - [TEST_STEP][PASSED] - delay: Delayed 2 second(s)

2018-12-11 14:45:25 - [MESSAGE][PASSED] - Delayed 2 second(s)

2018-12-11 14:45:25 - [TEST_STEP][PASSED] - click: Object: 'Object Repository/Final Object Repo/Login Page/Internal User/Login Button' is clicked on

2018-12-11 14:45:25 - [MESSAGE][PASSED] - Object: 'Object Repository/Final Object Repo/Login Page/Internal User/Login Button' is clicked on

2018-12-11 14:45:25 - [TEST_STEP][PASSED] - Statement - Try: null

2018-12-11 14:45:25 - [TEST_STEP][PASSED] - Statement - Checker = com.kms.katalon.core.webui.keyword.WebUiBuiltInKeywords.verifyElementNotPresent("Final Object Repo/Landing Page/Select to English", 3): null

2018-12-11 14:45:25 - [TEST_STEP][PASSED] - Statement - Catch (Exception e): null

2018-12-11 14:45:25 - [TEST_STEP][PASSED] - Statement - e.printStackTrace(): null

2018-12-11 14:45:25 - [TEST_STEP][PASSED] - delay: Delayed 5 second(s)

2018-12-11 14:45:30 - [MESSAGE][PASSED] - Delayed 5 second(s)

2018-12-11 14:45:30 - [TEST_STEP][PASSED] - click: Object: 'Object Repository/Final Object Repo/Landing Page/My Sites Drop Down' is clicked on

2018-12-11 14:45:30 - [MESSAGE][PASSED] - Object: 'Object Repository/Final Object Repo/Landing Page/My Sites Drop Down' is clicked on

2018-12-11 14:45:30 - [TEST_STEP][PASSED] - click: Object: 'Object Repository/Final Object Repo/Landing Page/Select to Registration Module' is clicked on

2018-12-11 14:45:31 - [MESSAGE][PASSED] - Object: 'Object Repository/Final Object Repo/Landing Page/Select to Registration Module' is clicked on

2018-12-11 14:45:31 - [TEST_STEP][PASSED] - click: Object: 'Object Repository/Final Object Repo/Landing Page/Registration Button' is clicked on

2018-12-11 14:45:33 - [MESSAGE][PASSED] - Object: 'Object Repository/Final Object Repo/Landing Page/Registration Button' is clicked on

2018-12-11 14:45:33 - [TEST_STEP][PASSED] - delay: Delayed 2 second(s)

2018-12-11 14:45:35 - [MESSAGE][PASSED] - Delayed 2 second(s)

2018-12-11 14:45:35 - [TEST_STEP][PASSED] - click: Object: 'Object Repository/Final Object Repo/New Registration - Registration Module Pages/New Reg - OTC to RO/Special Case - OTC - Form 1/AEC NO' is clicked on

2018-12-11 14:45:35 - [MESSAGE][PASSED] - Object: 'Object Repository/Final Object Repo/New Registration - Registration Module Pages/New Reg - OTC to RO/Special Case - OTC - Form 1/AEC NO' is clicked on

2018-12-11 14:45:35 - [TEST_STEP][PASSED] - click: Object: 'Object Repository/Final Object Repo/New Registration - Registration Module Pages/New Reg - OTC to RO/Special Case - OTC - Form 1/Business Entity - Please Select' is clicked on

2018-12-11 14:45:35 - [MESSAGE][PASSED] - Object: 'Object Repository/Final Object Repo/New Registration - Registration Module Pages/New Reg - OTC to RO/Special Case - OTC - Form 1/Business Entity - Please Select' is clicked on

2018-12-11 14:45:35 - [TEST_STEP][PASSED] - click: Object: 'Object Repository/Final Object Repo/New Registration - Registration Module Pages/New Reg - OTC to RO/Special Case - OTC - Form 1/Selected - Corporation' is clicked on

2018-12-11 14:45:35 - [MESSAGE][PASSED] - Object: 'Object Repository/Final Object Repo/New Registration - Registration Module Pages/New Reg - OTC to RO/Special Case - OTC - Form 1/Selected - Corporation' is clicked on

2018-12-11 14:45:35 - [TEST_STEP][PASSED] - delay: Delayed 2 second(s)

2018-12-11 14:45:37 - [MESSAGE][PASSED] - Delayed 2 second(s)

2018-12-11 14:45:37 - [TEST_STEP][PASSED] - click: Object: 'Object Repository/Final Object Repo/New Registration - Registration Module Pages/New Reg - OTC to RO/Special Case - OTC - Form 1/Sub Business Entity - Please Select' is clicked on

2018-12-11 14:45:38 - [MESSAGE][PASSED] - Object: 'Object Repository/Final Object Repo/New Registration - Registration Module Pages/New Reg - OTC to RO/Special Case - OTC - Form 1/Sub Business Entity - Please Select' is clicked on

2018-12-11 14:45:38 - [TEST_STEP][PASSED] - delay: Delayed 2 second(s)

2018-12-11 14:45:40 - [MESSAGE][PASSED] - Delayed 2 second(s)

2018-12-11 14:45:40 - [TEST_STEP][PASSED] - click: Object: 'Object Repository/Final Object Repo/New Registration - Registration Module Pages/New Reg - OTC to RO/Special Case - OTC - Form 1/Selected - Sendirian Berhad' is clicked on

2018-12-11 14:45:40 - [MESSAGE][PASSED] - Object: 'Object Repository/Final Object Repo/New Registration - Registration Module Pages/New Reg - OTC to RO/Special Case - OTC - Form 1/Selected - Sendirian Berhad' is clicked on

2018-12-11 14:45:40 - [TEST_STEP][PASSED] - setText: Text 'AUTOMATE001' is set on object 'Object Repository/Final Object Repo/New Registration - Registration Module Pages/New Reg - OTC to RO/Special Case - OTC - Form 1/Input BRN Number'

2018-12-11 14:45:40 - [MESSAGE][PASSED] - Text 'AUTOMATE001' is set on object 'Object Repository/Final Object Repo/New Registration - Registration Module Pages/New Reg - OTC to RO/Special Case - OTC - Form 1/Input BRN Number'

2018-12-11 14:45:40 - [TEST_STEP][PASSED] - delay: Delayed 2 second(s)

2018-12-11 14:45:42 - [MESSAGE][PASSED] - Delayed 2 second(s)

2018-12-11 14:45:42 - [TEST_STEP][PASSED] - click: Object: 'Object Repository/Final Object Repo/New Registration - Registration Module Pages/New Reg - OTC to RO/Special Case - OTC - Form 1/BRN Search' is clicked on

2018-12-11 14:45:42 - [MESSAGE][PASSED] - Object: 'Object Repository/Final Object Repo/New Registration - Registration Module Pages/New Reg - OTC to RO/Special Case - OTC - Form 1/BRN Search' is clicked on

2018-12-11 14:45:42 - [TEST_STEP][PASSED] - delay: Delayed 4 second(s)

2018-12-11 14:45:46 - [MESSAGE][PASSED] - Delayed 4 second(s)

2018-12-11 14:45:46 - [TEST_STEP][PASSED] - click: Object: 'Object Repository/Final Object Repo/New Registration - Registration Module Pages/New Reg - OTC to RO/Special Case - OTC - Form 1/Registered with SSM - After Feb 2017' is clicked on

2018-12-11 14:45:47 - [MESSAGE][PASSED] - Object: 'Object Repository/Final Object Repo/New Registration - Registration Module Pages/New Reg - OTC to RO/Special Case - OTC - Form 1/Registered with SSM - After Feb 2017' is clicked on

2018-12-11 14:45:47 - [TEST_STEP][PASSED] - delay: Delayed 2 second(s)

2018-12-11 14:45:49 - [MESSAGE][PASSED] - Delayed 2 second(s)

2018-12-11 14:45:49 - [TEST_STEP][PASSED] - click: Object: 'Object Repository/Final Object Repo/New Registration - Registration Module Pages/New Reg - OTC to RO/Special Case - OTC - Form 1/Registering As A Branch - No' is clicked on

2018-12-11 14:45:49 - [MESSAGE][PASSED] - Object: 'Object Repository/Final Object Repo/New Registration - Registration Module Pages/New Reg - OTC to RO/Special Case - OTC - Form 1/Registering As A Branch - No' is clicked on

2018-12-11 14:45:49 - [TEST_STEP][PASSED] - click: Object: 'Object Repository/Final Object Repo/New Registration - Registration Module Pages/New Reg - OTC to RO/Special Case - OTC - Form 1/Acknowledgement Ticked' is clicked on

2018-12-11 14:45:49 - [MESSAGE][PASSED] - Object: 'Object Repository/Final Object Repo/New Registration - Registration Module Pages/New Reg - OTC to RO/Special Case - OTC - Form 1/Acknowledgement Ticked' is clicked on

2018-12-11 14:45:49 - [TEST_STEP][PASSED] - click: Object: 'Object Repository/Final Object Repo/New Registration - Registration Module Pages/New Reg - OTC to RO/Special Case - OTC - Form 1/Submit Button' is clicked on

2018-12-11 14:45:49 - [MESSAGE][PASSED] - Object: 'Object Repository/Final Object Repo/New Registration - Registration Module Pages/New Reg - OTC to RO/Special Case - OTC - Form 1/Submit Button' is clicked on

2018-12-11 14:45:49 - [TEST_STEP][PASSED] - delay: Delayed 2 second(s)

2018-12-11 14:45:51 - [MESSAGE][PASSED] - Delayed 2 second(s)

2018-12-11 14:45:51 - [TEST_STEP][PASSED] - click: Object: 'Object Repository/Final Object Repo/New Registration - Registration Module Pages/New Reg - OTC to RO/Special Case - OTC - Form 1/Confirm No Flagging as Branch' is clicked on

2018-12-11 14:45:51 - [MESSAGE][PASSED] - Object: 'Object Repository/Final Object Repo/New Registration - Registration Module Pages/New Reg - OTC to RO/Special Case - OTC - Form 1/Confirm No Flagging as Branch' is clicked on

2018-12-11 14:45:51 - [MESSAGE][PASSED] - Call Test Case 'Test Cases/Final Aug 2018 - PKS Automation/Registration Module/Workflow/New Registration/Template/Special Case - OTC - Form 1' successfully

2018-12-11 14:45:51 - [TEST_STEP][PASSED] - callTestCase: Call Test Case 'Test Cases/Final Aug 2018 - PKS Automation/Registration Module/New Registration/Form 2/Add 1 Eligible - Incomplete' successfully

2018-12-11 14:45:51 - [TEST_CASE][PASSED] - Test Cases/Final Aug 2018 - PKS Automation/Registration Module/New Registration/Form 2/Add 1 Eligible - Incomplete: Test Cases/Final Aug 2018 - PKS Automation/Registration Module/New Registration/Form 2/Add 1 Eligible - Incomplete

2018-12-11 14:45:51 - [TEST_STEP][PASSED] - delay: Delayed 2 second(s)

2018-12-11 14:45:53 - [MESSAGE][PASSED] - Delayed 2 second(s)

2018-12-11 14:45:53 - [TEST_STEP][PASSED] - callTestCase: Call Test Case 'Test Cases/Final Aug 2018 - PKS Automation/Registration Module/New Registration/Form 2/Date Updater' successfully

2018-12-11 14:45:53 - [TEST_CASE][PASSED] - Test Cases/Final Aug 2018 - PKS Automation/Registration Module/New Registration/Form 2/Date Updater: Test Cases/Final Aug 2018 - PKS Automation/Registration Module/New Registration/Form 2/Date Updater

2018-12-11 14:45:53 - [TEST_STEP][PASSED] - Statement - TodayDate = new java.util.Date(): null

2018-12-11 14:45:53 - [TEST_STEP][PASSED] - Statement - CurrentDateNoFilter = new java.text.SimpleDateFormat(): null

2018-12-11 14:45:53 - [TEST_STEP][PASSED] - Statement - CurrentDateNoFilter.applyPattern("MM"): null

2018-12-11 14:45:53 - [TEST_STEP][PASSED] - Statement - monthContainerMatcher = java.lang.Integer.parseInt(CurrentDateNoFilter.format(TodayDate)): null

2018-12-11 14:45:53 - [TEST_STEP][PASSED] - Statement - monthContainerMatcher = monthContainerMatcher - 1: null

2018-12-11 14:45:53 - [TEST_STEP][PASSED] - Statement - CurrentMonth = monthContainerMatcher.toString(): null

2018-12-11 14:45:53 - [TEST_STEP][PASSED] - Statement - CurrentMonth = CurrentMonth: null

2018-12-11 14:45:53 - [TEST_STEP][PASSED] - Statement - CurrentDateNoFilter.applyPattern("yyyy"): null

2018-12-11 14:45:53 - [TEST_STEP][PASSED] - Statement - CurrentYear = CurrentDateNoFilter.format(TodayDate): null

2018-12-11 14:45:53 - [TEST_STEP][PASSED] - Statement - CurrentYear = CurrentYear: null

2018-12-11 14:45:53 - [TEST_STEP][PASSED] - Statement - intCurrentYear = java.lang.Integer.parseInt(CurrentDateNoFilter.format(TodayDate)): null

2018-12-11 14:45:53 - [TEST_STEP][PASSED] - Statement - eighteenYrsAgo = intCurrentYear - 18: null

2018-12-11 14:45:53 - [TEST_STEP][PASSED] - Statement - eighteenYrsBeforeThisYr = eighteenYrsAgo.toString(): null

2018-12-11 14:45:53 - [TEST_STEP][PASSED] - Statement - EighteenYrsBefore = eighteenYrsBeforeThisYr: null

2018-12-11 14:45:53 - [TEST_STEP][PASSED] - Statement - fiftysevenYrsAgo = intCurrentYear - 57: null

2018-12-11 14:45:53 - [TEST_STEP][PASSED] - Statement - fiftysevenYrsBeforeThisYr = fiftysevenYrsAgo.toString(): null

2018-12-11 14:45:53 - [TEST_STEP][PASSED] - Statement - FiftysevenYrsBefore = fiftysevenYrsBeforeThisYr: null

2018-12-11 14:45:53 - [TEST_STEP][PASSED] - Statement - leapYear = false: null

2018-12-11 14:45:53 - [TEST_STEP][PASSED] - Statement - leapYear = intCurrentYear % 4 == 0: null

2018-12-11 14:45:53 - [TEST_STEP][PASSED] - Statement - CurrentDateNoFilter.applyPattern("dd"): null

2018-12-11 14:45:53 - [TEST_STEP][PASSED] - Statement - CurrentDate = CurrentDateNoFilter.format(TodayDate): null

2018-12-11 14:45:53 - [TEST_STEP][PASSED] - Statement - CurrentDate = java.lang.Integer.parseInt(CurrentDate): null

2018-12-11 14:45:53 - [TEST_STEP][PASSED] - Statement - CurrentDate = CurrentDate: null

2018-12-11 14:45:53 - [TEST_STEP][PASSED] - Statement - CurrentDay = java.lang.Integer.parseInt(CurrentDate): null

2018-12-11 14:45:53 - [TEST_STEP][PASSED] - Statement - ConfAdder = <not implemented yet for class: org.codehaus.groovy.ast.expr.EmptyExpression>: null

2018-12-11 14:45:53 - [TEST_STEP][PASSED] - Statement - out.println(CurrentMonth): null

2018-12-11 14:45:53 - [TEST_STEP][PASSED] - Statement - out.println(CurrentDate): null

2018-12-11 14:45:53 - [TEST_STEP][PASSED] - Statement - switch (CurrentDate): null

2018-12-11 14:45:53 - [TEST_STEP][PASSED] - Statement - Default: null

2018-12-11 14:45:53 - [TEST_STEP][PASSED] - Statement - ConfAdder = true: null

2018-12-11 14:45:53 - [TEST_STEP][PASSED] - Statement - Break: null

2018-12-11 14:45:53 - [TEST_STEP][PASSED] - Statement - aDayBefore = <not implemented yet for class: org.codehaus.groovy.ast.expr.EmptyExpression>: null

2018-12-11 14:45:53 - [TEST_STEP][PASSED] - Statement - out.println(ConfAdder): null

2018-12-11 14:45:53 - [TEST_STEP][PASSED] - Statement - If (ConfAdder == true): null

2018-12-11 14:45:53 - [TEST_STEP][PASSED] - Statement - aDayBefore = CurrentDay + 1: null

2018-12-11 14:45:53 - [TEST_STEP][PASSED] - Statement - out.println(aDayBefore): null

2018-12-11 14:45:53 - [TEST_STEP][PASSED] - Statement - If (aDayBefore == 1 && CurrentMonth == 11): null

2018-12-11 14:45:53 - [TEST_STEP][PASSED] - Statement - DayBefore = aDayBefore.toString(): null

2018-12-11 14:45:53 - [TEST_STEP][PASSED] - Statement - OneDayBefore = DayBefore: null

2018-12-11 14:45:53 - [MESSAGE][PASSED] - Call Test Case 'Test Cases/Final Aug 2018 - PKS Automation/Registration Module/New Registration/Form 2/Date Updater' successfully

2018-12-11 14:45:53 - [TEST_STEP][PASSED] - Statement - CaseReferenceNo = com.kms.katalon.core.webui.keyword.WebUiBuiltInKeywords.getText(com.kms.katalon.core.testobject.ObjectRepository.findTestObject(Final Object Repo/New Registration - Registration Module Pages/Form 2/RefNo Acquiring)): Text of object 'Object Repository/Final Object Repo/New Registration - Registration Module Pages/Form 2/RefNo Acquiring' is: 'CRN12201800123176'

2018-12-11 14:45:54 - [MESSAGE][PASSED] - Text of object 'Object Repository/Final Object Repo/New Registration - Registration Module Pages/Form 2/RefNo Acquiring' is: 'CRN12201800123176'

2018-12-11 14:45:54 - [TEST_STEP][PASSED] - delay: Delayed 4 second(s)

2018-12-11 14:45:58 - [MESSAGE][PASSED] - Delayed 4 second(s)

2018-12-11 14:45:58 - [TEST_STEP][PASSED] - click: Object: 'Object Repository/Final Object Repo/New Registration - Registration Module Pages/Form 2/Add Employee Button' is clicked on

2018-12-11 14:45:58 - [MESSAGE][PASSED] - Object: 'Object Repository/Final Object Repo/New Registration - Registration Module Pages/Form 2/Add Employee Button' is clicked on

2018-12-11 14:45:58 - [TEST_STEP][PASSED] - delay: Delayed 1 second(s)

2018-12-11 14:45:59 - [MESSAGE][PASSED] - Delayed 1 second(s)

2018-12-11 14:45:59 - [TEST_STEP][PASSED] - setText: Text '010903091984' is set on object 'Object Repository/Final Object Repo/New Registration - Registration Module Pages/Form 2/NRIC Input'

2018-12-11 14:45:59 - [MESSAGE][PASSED] - Text '010903091984' is set on object 'Object Repository/Final Object Repo/New Registration - Registration Module Pages/Form 2/NRIC Input'

2018-12-11 14:45:59 - [TEST_STEP][PASSED] - click: Object: 'Object Repository/Final Object Repo/New Registration - Registration Module Pages/Form 2/button for search for IC' is clicked on

2018-12-11 14:45:59 - [MESSAGE][PASSED] - Object: 'Object Repository/Final Object Repo/New Registration - Registration Module Pages/Form 2/button for search for IC' is clicked on

2018-12-11 14:45:59 - [TEST_STEP][PASSED] - delay: Delayed 2 second(s)

2018-12-11 14:46:01 - [MESSAGE][PASSED] - Delayed 2 second(s)

2018-12-11 14:46:01 - [TEST_STEP][PASSED] - setText: Text 'Automate001 eligible 1' is set on object 'Object Repository/Final Object Repo/New Registration - Registration Module Pages/Form 2/Employee Name Input'

2018-12-11 14:46:02 - [MESSAGE][PASSED] - Text 'Automate001 eligible 1' is set on object 'Object Repository/Final Object Repo/New Registration - Registration Module Pages/Form 2/Employee Name Input'

2018-12-11 14:46:02 - [TEST_STEP][PASSED] - delay: Delayed 2 second(s)

2018-12-11 14:46:04 - [MESSAGE][PASSED] - Delayed 2 second(s)

2018-12-11 14:46:04 - [TEST_STEP][PASSED] - click: Object: 'Object Repository/Final Object Repo/New Registration - Registration Module Pages/Form 2/DatePicker Pop Up' is clicked on

2018-12-11 14:46:04 - [MESSAGE][PASSED] - Object: 'Object Repository/Final Object Repo/New Registration - Registration Module Pages/Form 2/DatePicker Pop Up' is clicked on

2018-12-11 14:46:04 - [TEST_STEP][PASSED] - click: Object: 'Object Repository/Final Object Repo/New Registration - Registration Module Pages/Form 2/DOB Month' is clicked on

2018-12-11 14:46:04 - [MESSAGE][PASSED] - Object: 'Object Repository/Final Object Repo/New Registration - Registration Module Pages/Form 2/DOB Month' is clicked on

2018-12-11 14:46:04 - [TEST_STEP][PASSED] - Statement - CurrentMonth = CurrentMonth: null

2018-12-11 14:46:04 - [TEST_STEP][PASSED] - Statement - selectMonth = new com.kms.katalon.core.testobject.TestObject(): null

2018-12-11 14:46:04 - [TEST_STEP][PASSED] - Statement - selectMonth.addProperty("xpath", EQUALS, "//body/div/div/div/select/option[@value='" + CurrentMonth + "']", true): null

2018-12-11 14:46:04 - [TEST_STEP][PASSED] - click: Object: '' is clicked on

2018-12-11 14:46:05 - [MESSAGE][PASSED] - Object: '' is clicked on

2018-12-11 14:46:05 - [TEST_STEP][PASSED] - click: Object: 'Object Repository/Final Object Repo/New Registration - Registration Module Pages/Form 2/DOB Year' is clicked on

2018-12-11 14:46:05 - [MESSAGE][PASSED] - Object: 'Object Repository/Final Object Repo/New Registration - Registration Module Pages/Form 2/DOB Year' is clicked on

2018-12-11 14:46:05 - [TEST_STEP][PASSED] - Statement - Eyearsbf = EighteenYrsBefore: null

2018-12-11 14:46:05 - [TEST_STEP][PASSED] - Statement - selectYear = new com.kms.katalon.core.testobject.TestObject(): null

2018-12-11 14:46:05 - [TEST_STEP][PASSED] - Statement - selectYear.addProperty("xpath", EQUALS, "//div/div/div/select/option[@value='" + Eyearsbf + "']", true): null

2018-12-11 14:46:05 - [TEST_STEP][PASSED] - click: Object: '' is clicked on

2018-12-11 14:46:05 - [MESSAGE][PASSED] - Object: '' is clicked on

2018-12-11 14:46:05 - [TEST_STEP][PASSED] - Statement - UpdatedSelectDate = com.kms.katalon.core.webui.keyword.WebUiBuiltInKeywords.modifyObjectProperty(com.kms.katalon.core.testobject.ObjectRepository.findTestObject(Final Object Repo/New Registration - Registration Module Pages/Form 2/DOB Date), "xpath", "equals", "//body/div/table/tbody/tr/td/a[text()="" + CurrentDate + ""]", true): Modify property of object successfully

2018-12-11 14:46:05 - [MESSAGE][PASSED] - Modify property of object successfully

2018-12-11 14:46:05 - [TEST_STEP][PASSED] - delay: Delayed 3 second(s)

2018-12-11 14:46:08 - [MESSAGE][PASSED] - Delayed 3 second(s)

2018-12-11 14:46:08 - [TEST_STEP][PASSED] - click: Object: 'Object Repository/Final Object Repo/New Registration - Registration Module Pages/Form 2/DOB Date' is clicked on

2018-12-11 14:46:08 - [MESSAGE][PASSED] - Object: 'Object Repository/Final Object Repo/New Registration - Registration Module Pages/Form 2/DOB Date' is clicked on

2018-12-11 14:46:08 - [TEST_STEP][PASSED] - delay: Delayed 2 second(s)

2018-12-11 14:46:10 - [MESSAGE][PASSED] - Delayed 2 second(s)

2018-12-11 14:46:10 - [TEST_STEP][PASSED] - click: Object: 'Object Repository/Final Object Repo/New Registration - Registration Module Pages/Form 2/EmploymentStartDate Pop Up' is clicked on

2018-12-11 14:46:10 - [MESSAGE][PASSED] - Object: 'Object Repository/Final Object Repo/New Registration - Registration Module Pages/Form 2/EmploymentStartDate Pop Up' is clicked on

2018-12-11 14:46:10 - [TEST_STEP][PASSED] - delay: Delayed 2 second(s)

2018-12-11 14:46:12 - [MESSAGE][PASSED] - Delayed 2 second(s)

2018-12-11 14:46:12 - [TEST_STEP][PASSED] - click: Object: 'Object Repository/Final Object Repo/New Registration - Registration Module Pages/Form 2/Socso Employment StartDate Month' is clicked on

2018-12-11 14:46:12 - [MESSAGE][PASSED] - Object: 'Object Repository/Final Object Repo/New Registration - Registration Module Pages/Form 2/Socso Employment StartDate Month' is clicked on

2018-12-11 14:46:12 - [TEST_STEP][PASSED] - delay: Delayed 1 second(s)

2018-12-11 14:46:13 - [MESSAGE][PASSED] - Delayed 1 second(s)

2018-12-11 14:46:13 - [TEST_STEP][PASSED] - click: Object: 'Object Repository/Final Object Repo/New Registration - Registration Module Pages/Form 2/Select Socso Employement Startdate Month' is clicked on

2018-12-11 14:46:13 - [MESSAGE][PASSED] - Object: 'Object Repository/Final Object Repo/New Registration - Registration Module Pages/Form 2/Select Socso Employement Startdate Month' is clicked on

2018-12-11 14:46:13 - [TEST_STEP][PASSED] - delay: Delayed 2 second(s)

2018-12-11 14:46:15 - [MESSAGE][PASSED] - Delayed 2 second(s)

2018-12-11 14:46:15 - [TEST_STEP][PASSED] - click: Object: 'Object Repository/Final Object Repo/New Registration - Registration Module Pages/Form 2/Socso Employment StartDate Year' is clicked on

2018-12-11 14:46:16 - [MESSAGE][PASSED] - Object: 'Object Repository/Final Object Repo/New Registration - Registration Module Pages/Form 2/Socso Employment StartDate Year' is clicked on

2018-12-11 14:46:16 - [TEST_STEP][PASSED] - delay: Delayed 1 second(s)

2018-12-11 14:46:17 - [MESSAGE][PASSED] - Delayed 1 second(s)

2018-12-11 14:46:17 - [TEST_STEP][PASSED] - click: Object: 'Object Repository/Final Object Repo/New Registration - Registration Module Pages/Form 2/Select Socso Employment Startdate Year' is clicked on

2018-12-11 14:46:17 - [MESSAGE][PASSED] - Object: 'Object Repository/Final Object Repo/New Registration - Registration Module Pages/Form 2/Select Socso Employment Startdate Year' is clicked on

2018-12-11 14:46:17 - [TEST_STEP][PASSED] - delay: Delayed 2 second(s)

2018-12-11 14:46:19 - [MESSAGE][PASSED] - Delayed 2 second(s)

2018-12-11 14:46:19 - [TEST_STEP][PASSED] - click: Object: 'Object Repository/Final Object Repo/New Registration - Registration Module Pages/Form 2/Socso Employment Start Date Day' is clicked on

2018-12-11 14:46:19 - [MESSAGE][PASSED] - Object: 'Object Repository/Final Object Repo/New Registration - Registration Module Pages/Form 2/Socso Employment Start Date Day' is clicked on

2018-12-11 14:46:19 - [TEST_STEP][PASSED] - delay: Delayed 2 second(s)

2018-12-11 14:46:21 - [MESSAGE][PASSED] - Delayed 2 second(s)

2018-12-11 14:46:21 - [TEST_STEP][PASSED] - click: Object: 'Object Repository/Final Object Repo/New Registration - Registration Module Pages/Form 2/Save Button for Add Employee' is clicked on

2018-12-11 14:46:21 - [MESSAGE][PASSED] - Object: 'Object Repository/Final Object Repo/New Registration - Registration Module Pages/Form 2/Save Button for Add Employee' is clicked on

2018-12-11 14:46:21 - [TEST_STEP][PASSED] - delay: Delayed 6 second(s)

2018-12-11 14:46:27 - [MESSAGE][PASSED] - Delayed 6 second(s)

2018-12-11 14:46:27 - [TEST_STEP][PASSED] - click: Object: 'Object Repository/Final Object Repo/New Registration - Registration Module Pages/Form 2/Incomplete Checkbox' is clicked on

2018-12-11 14:46:27 - [MESSAGE][PASSED] - Object: 'Object Repository/Final Object Repo/New Registration - Registration Module Pages/Form 2/Incomplete Checkbox' is clicked on

2018-12-11 14:46:27 - [TEST_STEP][PASSED] - delay: Delayed 2 second(s)

2018-12-11 14:46:29 - [MESSAGE][PASSED] - Delayed 2 second(s)

2018-12-11 14:46:29 - [TEST_STEP][PASSED] - click: Object: 'Object Repository/Final Object Repo/New Registration - Registration Module Pages/Form 2/Save and Continue Form 2' is clicked on

2018-12-11 14:46:30 - [MESSAGE][PASSED] - Object: 'Object Repository/Final Object Repo/New Registration - Registration Module Pages/Form 2/Save and Continue Form 2' is clicked on

2018-12-11 14:46:30 - [MESSAGE][PASSED] - Call Test Case 'Test Cases/Final Aug 2018 - PKS Automation/Registration Module/New Registration/Form 2/Add 1 Eligible - Incomplete' successfully

2018-12-11 14:46:30 - [TEST_STEP][PASSED] - delay: Delayed 4 second(s)

2018-12-11 14:46:34 - [MESSAGE][PASSED] - Delayed 4 second(s)

2018-12-11 14:46:34 - [TEST_STEP][PASSED] - callTestCase: Call Test Case 'Test Cases/Final Aug 2018 - PKS Automation/Registration Module/New Registration/Flow of New Registration/Third Screen - Upload Supporting Doc - Preview' successfully

2018-12-11 14:46:34 - [TEST_CASE][PASSED] - Test Cases/Final Aug 2018 - PKS Automation/Registration Module/New Registration/Flow of New Registration/Third Screen - Upload Supporting Doc - Preview: Test Cases/Final Aug 2018 - PKS Automation/Registration Module/New Registration/Flow of New Registration/Third Screen - Upload Supporting Doc - Preview

2018-12-11 14:46:34 - [TEST_STEP][PASSED] - waitForPageLoad: Wait for page load successfully

2018-12-11 14:46:34 - [MESSAGE][PASSED] - Wait for page load successfully

2018-12-11 14:46:34 - [TEST_STEP][PASSED] - Statement - CaseReferenceNo = com.kms.katalon.core.webui.keyword.WebUiBuiltInKeywords.getText(com.kms.katalon.core.testobject.ObjectRepository.findTestObject(Final Object Repo/New Registration - Registration Module Pages/Third Screen - Upload Supporting Doc- Preview/RefNo Acquiring)): Text of object 'Object Repository/Final Object Repo/New Registration - Registration Module Pages/Third Screen - Upload Supporting Doc- Preview/RefNo Acquiring' is: 'CRN12201800123176'

2018-12-11 14:46:34 - [MESSAGE][PASSED] - Text of object 'Object Repository/Final Object Repo/New Registration - Registration Module Pages/Third Screen - Upload Supporting Doc- Preview/RefNo Acquiring' is: 'CRN12201800123176'

2018-12-11 14:46:34 - [TEST_STEP][PASSED] - delay: Delayed 2 second(s)

2018-12-11 14:46:36 - [MESSAGE][PASSED] - Delayed 2 second(s)

2018-12-11 14:46:36 - [TEST_STEP][PASSED] - callTestCase: Call Test Case 'Test Cases/Final Aug 2018 - PKS Automation/Common/Reference Number Setter' successfully

2018-12-11 14:46:36 - [TEST_CASE][PASSED] - Test Cases/Final Aug 2018 - PKS Automation/Common/Reference Number Setter: Test Cases/Final Aug 2018 - PKS Automation/Common/Reference Number Setter

2018-12-11 14:46:36 - [TEST_STEP][PASSED] - Statement - RefNoOldFile = new java.io.File(C://Users//Admin//Desktop//PKS//Automation Reference Point//KatalonReference.txt): null

2018-12-11 14:46:36 - [TEST_STEP][PASSED] - Statement - RefNoOldFile.delete(): null

2018-12-11 14:46:36 - [TEST_STEP][PASSED] - delay: Delayed 5 second(s)

2018-12-11 14:46:41 - [MESSAGE][PASSED] - Delayed 5 second(s)

2018-12-11 14:46:41 - [TEST_STEP][PASSED] - Statement - RefNo = new java.io.File(C://Users//Admin//Desktop//PKS//Automation Reference Point//KatalonReference.txt): null

2018-12-11 14:46:41 - [TEST_STEP][PASSED] - Statement - f2 = new java.io.FileWriter(RefNo, false): null

2018-12-11 14:46:41 - [TEST_STEP][PASSED] - Statement - f2.write(CaseReferenceNo): null

2018-12-11 14:46:41 - [TEST_STEP][PASSED] - Statement - f2.close(): null

2018-12-11 14:46:41 - [TEST_STEP][PASSED] - Statement - out.println("


" + CaseReferenceNo + "


"): null

2018-12-11 14:46:41 - [MESSAGE][PASSED] - Call Test Case 'Test Cases/Final Aug 2018 - PKS Automation/Common/Reference Number Setter' successfully

2018-12-11 14:46:41 - [TEST_STEP][PASSED] - waitForElementClickable: Object 'Object Repository/Final Object Repo/New Registration - Registration Module Pages/Third Screen - Upload Supporting Doc- Preview/Save n Continue in SIP Employee Listing Page' is clickable

2018-12-11 14:46:41 - [MESSAGE][PASSED] - Object 'Object Repository/Final Object Repo/New Registration - Registration Module Pages/Third Screen - Upload Supporting Doc- Preview/Save n Continue in SIP Employee Listing Page' is clickable

2018-12-11 14:46:41 - [TEST_STEP][PASSED] - click: Object: 'Object Repository/Final Object Repo/New Registration - Registration Module Pages/Third Screen - Upload Supporting Doc- Preview/Save n Continue in SIP Employee Listing Page' is clicked on

2018-12-11 14:46:46 - [MESSAGE][PASSED] - Object: 'Object Repository/Final Object Repo/New Registration - Registration Module Pages/Third Screen - Upload Supporting Doc- Preview/Save n Continue in SIP Employee Listing Page' is clicked on

2018-12-11 14:46:46 - [TEST_STEP][PASSED] - delay: Delayed 7 second(s)

2018-12-11 14:46:53 - [MESSAGE][PASSED] - Delayed 7 second(s)

2018-12-11 14:46:53 - [TEST_STEP][PASSED] - click: Object: 'Object Repository/Final Object Repo/New Registration - Registration Module Pages/Third Screen - Upload Supporting Doc- Preview/Add Document Button' is clicked on

2018-12-11 14:46:53 - [MESSAGE][PASSED] - Object: 'Object Repository/Final Object Repo/New Registration - Registration Module Pages/Third Screen - Upload Supporting Doc- Preview/Add Document Button' is clicked on

2018-12-11 14:46:53 - [TEST_STEP][PASSED] - delay: Delayed 30 second(s)

2018-12-11 14:47:23 - [MESSAGE][PASSED] - Delayed 30 second(s)

2018-12-11 14:47:23 - [TEST_STEP][PASSED] - click: Object: 'Object Repository/Final Object Repo/New Registration - Registration Module Pages/Third Screen - Upload Supporting Doc- Preview/Supporting Doc Please Select Drop Down' is clicked on

2018-12-11 14:47:24 - [MESSAGE][PASSED] - Object: 'Object Repository/Final Object Repo/New Registration - Registration Module Pages/Third Screen - Upload Supporting Doc- Preview/Supporting Doc Please Select Drop Down' is clicked on

2018-12-11 14:47:24 - [TEST_STEP][PASSED] - delay: Delayed 2 second(s)

2018-12-11 14:47:26 - [MESSAGE][PASSED] - Delayed 2 second(s)

2018-12-11 14:47:26 - [TEST_STEP][PASSED] - click: Object: 'Object Repository/Final Object Repo/New Registration - Registration Module Pages/Third Screen - Upload Supporting Doc- Preview/Select to Upload Form 1' is clicked on

2018-12-11 14:47:26 - [MESSAGE][PASSED] - Object: 'Object Repository/Final Object Repo/New Registration - Registration Module Pages/Third Screen - Upload Supporting Doc- Preview/Select to Upload Form 1' is clicked on

2018-12-11 14:47:26 - [TEST_STEP][PASSED] - delay: Delayed 2 second(s)

2018-12-11 14:47:28 - [MESSAGE][PASSED] - Delayed 2 second(s)

2018-12-11 14:47:28 - [TEST_STEP][PASSED] - uploadFile: File 'C:\Users\Public\Pictures\Sample Pictures\Koala.jpg' sent to object: 'Object Repository/Final Object Repo/New Registration - Registration Module Pages/Third Screen - Upload Supporting Doc- Preview/Upload File Adding'

2018-12-11 14:47:28 - [MESSAGE][PASSED] - File 'C:\Users\Public\Pictures\Sample Pictures\Koala.jpg' sent to object: 'Object Repository/Final Object Repo/New Registration - Registration Module Pages/Third Screen - Upload Supporting Doc- Preview/Upload File Adding'

2018-12-11 14:47:28 - [TEST_STEP][PASSED] - delay: Delayed 5 second(s)

2018-12-11 14:47:33 - [MESSAGE][PASSED] - Delayed 5 second(s)

2018-12-11 14:47:33 - [TEST_STEP][PASSED] - click: Object: 'Object Repository/Final Object Repo/New Registration - Registration Module Pages/Third Screen - Upload Supporting Doc- Preview/Inner Form Add Document Button' is clicked on

2018-12-11 14:47:33 - [MESSAGE][PASSED] - Object: 'Object Repository/Final Object Repo/New Registration - Registration Module Pages/Third Screen - Upload Supporting Doc- Preview/Inner Form Add Document Button' is clicked on

2018-12-11 14:47:33 - [TEST_STEP][PASSED] - delay: Delayed 3 second(s)

2018-12-11 14:47:36 - [MESSAGE][PASSED] - Delayed 3 second(s)

2018-12-11 14:47:36 - [TEST_STEP][PASSED] - click: Object: 'Object Repository/Final Object Repo/New Registration - Registration Module Pages/Third Screen - Upload Supporting Doc- Preview/Add Document Button' is clicked on

2018-12-11 14:47:37 - [MESSAGE][PASSED] - Object: 'Object Repository/Final Object Repo/New Registration - Registration Module Pages/Third Screen - Upload Supporting Doc- Preview/Add Document Button' is clicked on

2018-12-11 14:47:37 - [TEST_STEP][PASSED] - delay: Delayed 30 second(s)

2018-12-11 14:48:07 - [MESSAGE][PASSED] - Delayed 30 second(s)

2018-12-11 14:48:07 - [TEST_STEP][PASSED] - click: Object: 'Object Repository/Final Object Repo/New Registration - Registration Module Pages/Third Screen - Upload Supporting Doc- Preview/Supporting Doc Please Select Drop Down' is clicked on

2018-12-11 14:48:08 - [MESSAGE][PASSED] - Object: 'Object Repository/Final Object Repo/New Registration - Registration Module Pages/Third Screen - Upload Supporting Doc- Preview/Supporting Doc Please Select Drop Down' is clicked on

2018-12-11 14:48:08 - [TEST_STEP][PASSED] - delay: Delayed 4 second(s)

2018-12-11 14:48:12 - [MESSAGE][PASSED] - Delayed 4 second(s)

2018-12-11 14:48:12 - [TEST_STEP][PASSED] - click: Object: 'Object Repository/Final Object Repo/New Registration - Registration Module Pages/Third Screen - Upload Supporting Doc- Preview/Select to Upload Form 2' is clicked on

2018-12-11 14:48:12 - [MESSAGE][PASSED] - Object: 'Object Repository/Final Object Repo/New Registration - Registration Module Pages/Third Screen - Upload Supporting Doc- Preview/Select to Upload Form 2' is clicked on

2018-12-11 14:48:12 - [TEST_STEP][PASSED] - delay: Delayed 2 second(s)

2018-12-11 14:48:14 - [MESSAGE][PASSED] - Delayed 2 second(s)

2018-12-11 14:48:14 - [TEST_STEP][PASSED] - uploadFile: File 'C:\Users\Public\Pictures\Sample Pictures\Koala.jpg' sent to object: 'Object Repository/Final Object Repo/New Registration - Registration Module Pages/Third Screen - Upload Supporting Doc- Preview/Upload File Adding'

2018-12-11 14:48:14 - [MESSAGE][PASSED] - File 'C:\Users\Public\Pictures\Sample Pictures\Koala.jpg' sent to object: 'Object Repository/Final Object Repo/New Registration - Registration Module Pages/Third Screen - Upload Supporting Doc- Preview/Upload File Adding'

2018-12-11 14:48:14 - [TEST_STEP][PASSED] - click: Object: 'Object Repository/Final Object Repo/New Registration - Registration Module Pages/Third Screen - Upload Supporting Doc- Preview/Inner Form Add Document Button' is clicked on

2018-12-11 14:48:14 - [MESSAGE][PASSED] - Object: 'Object Repository/Final Object Repo/New Registration - Registration Module Pages/Third Screen - Upload Supporting Doc- Preview/Inner Form Add Document Button' is clicked on

2018-12-11 14:48:14 - [TEST_STEP][PASSED] - delay: Delayed 5 second(s)

2018-12-11 14:48:19 - [MESSAGE][PASSED] - Delayed 5 second(s)

2018-12-11 14:48:19 - [TEST_STEP][PASSED] - click: Object: 'Object Repository/Final Object Repo/New Registration - Registration Module Pages/Third Screen - Upload Supporting Doc- Preview/Add Document Button' is clicked on

2018-12-11 14:48:19 - [MESSAGE][PASSED] - Object: 'Object Repository/Final Object Repo/New Registration - Registration Module Pages/Third Screen - Upload Supporting Doc- Preview/Add Document Button' is clicked on

2018-12-11 14:48:19 - [TEST_STEP][PASSED] - delay: Delayed 30 second(s)

2018-12-11 14:48:49 - [MESSAGE][PASSED] - Delayed 30 second(s)

2018-12-11 14:48:49 - [TEST_STEP][PASSED] - click: Object: 'Object Repository/Final Object Repo/New Registration - Registration Module Pages/Third Screen - Upload Supporting Doc- Preview/Supporting Doc Please Select Drop Down' is clicked on

2018-12-11 14:48:50 - [MESSAGE][PASSED] - Object: 'Object Repository/Final Object Repo/New Registration - Registration Module Pages/Third Screen - Upload Supporting Doc- Preview/Supporting Doc Please Select Drop Down' is clicked on

2018-12-11 14:48:50 - [TEST_STEP][PASSED] - click: Object: 'Object Repository/Final Object Repo/New Registration - Registration Module Pages/Third Screen - Upload Supporting Doc- Preview/Select to Upload Borang SIP 1' is clicked on

2018-12-11 14:48:50 - [MESSAGE][PASSED] - Object: 'Object Repository/Final Object Repo/New Registration - Registration Module Pages/Third Screen - Upload Supporting Doc- Preview/Select to Upload Borang SIP 1' is clicked on

2018-12-11 14:48:50 - [TEST_STEP][PASSED] - delay: Delayed 2 second(s)

2018-12-11 14:48:52 - [MESSAGE][PASSED] - Delayed 2 second(s)

2018-12-11 14:48:52 - [TEST_STEP][PASSED] - uploadFile: File 'C:\Users\Public\Pictures\Sample Pictures\Koala.jpg' sent to object: 'Object Repository/Final Object Repo/New Registration - Registration Module Pages/Third Screen - Upload Supporting Doc- Preview/Upload File Adding'

2018-12-11 14:48:52 - [MESSAGE][PASSED] - File 'C:\Users\Public\Pictures\Sample Pictures\Koala.jpg' sent to object: 'Object Repository/Final Object Repo/New Registration - Registration Module Pages/Third Screen - Upload Supporting Doc- Preview/Upload File Adding'

2018-12-11 14:48:52 - [TEST_STEP][PASSED] - click: Object: 'Object Repository/Final Object Repo/New Registration - Registration Module Pages/Third Screen - Upload Supporting Doc- Preview/Inner Form Add Document Button' is clicked on

2018-12-11 14:48:52 - [MESSAGE][PASSED] - Object: 'Object Repository/Final Object Repo/New Registration - Registration Module Pages/Third Screen - Upload Supporting Doc- Preview/Inner Form Add Document Button' is clicked on

2018-12-11 14:48:52 - [TEST_STEP][PASSED] - delay: Delayed 5 second(s)

2018-12-11 14:48:57 - [MESSAGE][PASSED] - Delayed 5 second(s)

2018-12-11 14:48:57 - [TEST_STEP][PASSED] - click: Object: 'Object Repository/Final Object Repo/New Registration - Registration Module Pages/Third Screen - Upload Supporting Doc- Preview/Add Document Button' is clicked on

2018-12-11 14:48:57 - [MESSAGE][PASSED] - Object: 'Object Repository/Final Object Repo/New Registration - Registration Module Pages/Third Screen - Upload Supporting Doc- Preview/Add Document Button' is clicked on

2018-12-11 14:48:57 - [TEST_STEP][PASSED] - delay: Delayed 30 second(s)

2018-12-11 14:49:27 - [MESSAGE][PASSED] - Delayed 30 second(s)

2018-12-11 14:49:27 - [TEST_STEP][PASSED] - click: Object: 'Object Repository/Final Object Repo/New Registration - Registration Module Pages/Third Screen - Upload Supporting Doc- Preview/Supporting Doc Please Select Drop Down' is clicked on

2018-12-11 14:49:27 - [MESSAGE][PASSED] - Object: 'Object Repository/Final Object Repo/New Registration - Registration Module Pages/Third Screen - Upload Supporting Doc- Preview/Supporting Doc Please Select Drop Down' is clicked on

2018-12-11 14:49:27 - [TEST_STEP][PASSED] - delay: Delayed 3 second(s)

2018-12-11 14:49:30 - [MESSAGE][PASSED] - Delayed 3 second(s)

2018-12-11 14:49:30 - [TEST_STEP][PASSED] - click: Object: 'Object Repository/Final Object Repo/New Registration - Registration Module Pages/Third Screen - Upload Supporting Doc- Preview/Select to Upload Borang SIP 2' is clicked on

2018-12-11 14:49:31 - [MESSAGE][PASSED] - Object: 'Object Repository/Final Object Repo/New Registration - Registration Module Pages/Third Screen - Upload Supporting Doc- Preview/Select to Upload Borang SIP 2' is clicked on

2018-12-11 14:49:31 - [TEST_STEP][PASSED] - delay: Delayed 2 second(s)

2018-12-11 14:49:33 - [MESSAGE][PASSED] - Delayed 2 second(s)

2018-12-11 14:49:33 - [TEST_STEP][PASSED] - uploadFile: File 'C:\Users\Public\Pictures\Sample Pictures\Koala.jpg' sent to object: 'Object Repository/Final Object Repo/New Registration - Registration Module Pages/Third Screen - Upload Supporting Doc- Preview/Upload File Adding'

2018-12-11 14:49:33 - [MESSAGE][PASSED] - File 'C:\Users\Public\Pictures\Sample Pictures\Koala.jpg' sent to object: 'Object Repository/Final Object Repo/New Registration - Registration Module Pages/Third Screen - Upload Supporting Doc- Preview/Upload File Adding'

2018-12-11 14:49:33 - [TEST_STEP][PASSED] - delay: Delayed 5 second(s)

2018-12-11 14:49:38 - [MESSAGE][PASSED] - Delayed 5 second(s)

2018-12-11 14:49:38 - [TEST_STEP][PASSED] - click: Object: 'Object Repository/Final Object Repo/New Registration - Registration Module Pages/Third Screen - Upload Supporting Doc- Preview/Inner Form Add Document Button' is clicked on

2018-12-11 14:49:38 - [MESSAGE][PASSED] - Object: 'Object Repository/Final Object Repo/New Registration - Registration Module Pages/Third Screen - Upload Supporting Doc- Preview/Inner Form Add Document Button' is clicked on

2018-12-11 14:49:38 - [TEST_STEP][PASSED] - delay: Delayed 3 second(s)

2018-12-11 14:49:41 - [MESSAGE][PASSED] - Delayed 3 second(s)

2018-12-11 14:49:41 - [TEST_STEP][PASSED] - waitForElementClickable: Object 'Object Repository/Final Object Repo/New Registration - Registration Module Pages/Third Screen - Upload Supporting Doc- Preview/Save n Continue in Uploading Supporting Doc Page' is clickable

2018-12-11 14:49:42 - [MESSAGE][PASSED] - Object 'Object Repository/Final Object Repo/New Registration - Registration Module Pages/Third Screen - Upload Supporting Doc- Preview/Save n Continue in Uploading Supporting Doc Page' is clickable

2018-12-11 14:49:42 - [TEST_STEP][PASSED] - click: Object: 'Object Repository/Final Object Repo/New Registration - Registration Module Pages/Third Screen - Upload Supporting Doc- Preview/Save n Continue in Uploading Supporting Doc Page' is clicked on

2018-12-11 14:49:42 - [MESSAGE][PASSED] - Object: 'Object Repository/Final Object Repo/New Registration - Registration Module Pages/Third Screen - Upload Supporting Doc- Preview/Save n Continue in Uploading Supporting Doc Page' is clicked on

2018-12-11 14:49:42 - [MESSAGE][PASSED] - Call Test Case 'Test Cases/Final Aug 2018 - PKS Automation/Registration Module/New Registration/Flow of New Registration/Third Screen - Upload Supporting Doc - Preview' successfully

2018-12-11 14:49:42 - [TEST_STEP][PASSED] - callTestCase: Call Test Case 'Test Cases/Final Aug 2018 - PKS Automation/Registration Module/New Registration/Submit and Screenshot/Submit Registration and Screenshot' successfully

2018-12-11 14:49:42 - [TEST_CASE][PASSED] - Test Cases/Final Aug 2018 - PKS Automation/Registration Module/New Registration/Submit and Screenshot/Submit Registration and Screenshot: Test Cases/Final Aug 2018 - PKS Automation/Registration Module/New Registration/Submit and Screenshot/Submit Registration and Screenshot

2018-12-11 14:49:42 - [TEST_STEP][PASSED] - delay: Delayed 6 second(s)

2018-12-11 14:49:48 - [MESSAGE][PASSED] - Delayed 6 second(s)

2018-12-11 14:49:48 - [TEST_STEP][PASSED] - click: Object: 'Object Repository/Final Object Repo/New Registration - Registration Module Pages/Third Screen - Upload Supporting Doc- Preview/Preview Submit Button' is clicked on

2018-12-11 14:49:48 - [MESSAGE][PASSED] - Object: 'Object Repository/Final Object Repo/New Registration - Registration Module Pages/Third Screen - Upload Supporting Doc- Preview/Preview Submit Button' is clicked on

2018-12-11 14:49:48 - [TEST_STEP][PASSED] - delay: Delayed 2 second(s)

2018-12-11 14:49:50 - [MESSAGE][PASSED] - Delayed 2 second(s)

2018-12-11 14:49:50 - [TEST_STEP][PASSED] - click: Object: 'Object Repository/Final Object Repo/New Registration - Registration Module Pages/Third Screen - Upload Supporting Doc- Preview/Preview Submit - Confirm' is clicked on

2018-12-11 14:49:51 - [MESSAGE][PASSED] - Object: 'Object Repository/Final Object Repo/New Registration - Registration Module Pages/Third Screen - Upload Supporting Doc- Preview/Preview Submit - Confirm' is clicked on

2018-12-11 14:49:51 - [TEST_STEP][PASSED] - delay: Delayed 15 second(s)

2018-12-11 14:50:06 - [MESSAGE][PASSED] - Delayed 15 second(s)

2018-12-11 14:50:06 - [TEST_STEP][PASSED] - Statement - driver = com.kms.katalon.core.webui.driver.DriverFactory.getWebDriver(): null

2018-12-11 14:50:06 - [TEST_STEP][PASSED] - Statement - driver.manage().timeouts().implicitlyWait(10, SECONDS): null

2018-12-11 14:50:06 - [TEST_STEP][PASSED] - Statement - PresavePath = KatalonScreenshots: null

2018-12-11 14:50:06 - [TEST_STEP][PASSED] - Statement - pathPrefix = "C:\Users\Public\Pictures\Sample Pictures\Katalon Screenshots\Automate Ending Screen": null

2018-12-11 14:50:06 - [TEST_STEP][PASSED] - Statement - finalPath = <not implemented yet for class: org.codehaus.groovy.ast.expr.EmptyExpression>: null

2018-12-11 14:50:06 - [TEST_STEP][PASSED] - Statement - scrFile = driver.getScreenshotAs(FILE): null

2018-12-11 14:50:06 - [TEST_STEP][PASSED] - Statement - PreSaveFile = new java.io.File(PresavePath): null

2018-12-11 14:50:06 - [TEST_STEP][PASSED] - Statement - counter = 0: null

2018-12-11 14:50:06 - [TEST_STEP][PASSED] - Statement - If (PreSaveFile.exists()): null

2018-12-11 14:50:06 - [TEST_STEP][PASSED] - Statement - While (PreSaveFile.exists()): null

2018-12-11 14:50:06 - [TEST_STEP][PASSED] - Statement - counter = counter + 1: null

2018-12-11 14:50:06 - [TEST_STEP][PASSED] - Statement - PreSaveFile = new java.io.File(((pathPrefix + java.lang.Integer.toString(counter)) + .png)): null

2018-12-11 14:50:06 - [TEST_STEP][PASSED] - Statement - counter = counter + 1: null

2018-12-11 14:50:06 - [TEST_STEP][PASSED] - Statement - PreSaveFile = new java.io.File(((pathPrefix + java.lang.Integer.toString(counter)) + .png)): null

2018-12-11 14:50:06 - [TEST_STEP][PASSED] - Statement - counter = counter + 1: null

2018-12-11 14:50:06 - [TEST_STEP][PASSED] - Statement - PreSaveFile = new java.io.File(((pathPrefix + java.lang.Integer.toString(counter)) + .png)): null

2018-12-11 14:50:06 - [TEST_STEP][PASSED] - Statement - counter = counter + 1: null

2018-12-11 14:50:06 - [TEST_STEP][PASSED] - Statement - PreSaveFile = new java.io.File(((pathPrefix + java.lang.Integer.toString(counter)) + .png)): null

2018-12-11 14:50:06 - [TEST_STEP][PASSED] - Statement - counter = counter + 1: null

2018-12-11 14:50:06 - [TEST_STEP][PASSED] - Statement - PreSaveFile = new java.io.File(((pathPrefix + java.lang.Integer.toString(counter)) + .png)): null

2018-12-11 14:50:06 - [TEST_STEP][PASSED] - Statement - counter = counter + 1: null

2018-12-11 14:50:06 - [TEST_STEP][PASSED] - Statement - PreSaveFile = new java.io.File(((pathPrefix + java.lang.Integer.toString(counter)) + .png)): null

2018-12-11 14:50:06 - [TEST_STEP][PASSED] - Statement - counter = counter + 1: null

2018-12-11 14:50:06 - [TEST_STEP][PASSED] - Statement - PreSaveFile = new java.io.File(((pathPrefix + java.lang.Integer.toString(counter)) + .png)): null

2018-12-11 14:50:06 - [TEST_STEP][PASSED] - Statement - counter = counter + 1: null

2018-12-11 14:50:06 - [TEST_STEP][PASSED] - Statement - PreSaveFile = new java.io.File(((pathPrefix + java.lang.Integer.toString(counter)) + .png)): null

2018-12-11 14:50:06 - [TEST_STEP][PASSED] - Statement - counter = counter + 1: null

2018-12-11 14:50:06 - [TEST_STEP][PASSED] - Statement - PreSaveFile = new java.io.File(((pathPrefix + java.lang.Integer.toString(counter)) + .png)): null

2018-12-11 14:50:06 - [TEST_STEP][PASSED] - Statement - counter = counter + 1: null

2018-12-11 14:50:06 - [TEST_STEP][PASSED] - Statement - PreSaveFile = new java.io.File(((pathPrefix + java.lang.Integer.toString(counter)) + .png)): null

2018-12-11 14:50:06 - [TEST_STEP][PASSED] - Statement - counter = counter + 1: null

2018-12-11 14:50:06 - [TEST_STEP][PASSED] - Statement - PreSaveFile = new java.io.File(((pathPrefix + java.lang.Integer.toString(counter)) + .png)): null

2018-12-11 14:50:06 - [TEST_STEP][PASSED] - Statement - counter = counter + 1: null

2018-12-11 14:50:06 - [TEST_STEP][PASSED] - Statement - PreSaveFile = new java.io.File(((pathPrefix + java.lang.Integer.toString(counter)) + .png)): null

2018-12-11 14:50:06 - [TEST_STEP][PASSED] - Statement - counter = counter + 1: null

2018-12-11 14:50:06 - [TEST_STEP][PASSED] - Statement - PreSaveFile = new java.io.File(((pathPrefix + java.lang.Integer.toString(counter)) + .png)): null

2018-12-11 14:50:06 - [TEST_STEP][PASSED] - Statement - counter = counter + 1: null

2018-12-11 14:50:06 - [TEST_STEP][PASSED] - Statement - PreSaveFile = new java.io.File(((pathPrefix + java.lang.Integer.toString(counter)) + .png)): null

2018-12-11 14:50:06 - [TEST_STEP][PASSED] - Statement - counter = counter + 1: null

2018-12-11 14:50:06 - [TEST_STEP][PASSED] - Statement - PreSaveFile = new java.io.File(((pathPrefix + java.lang.Integer.toString(counter)) + .png)): null

2018-12-11 14:50:06 - [TEST_STEP][PASSED] - Statement - counter = counter + 1: null

2018-12-11 14:50:06 - [TEST_STEP][PASSED] - Statement - PreSaveFile = new java.io.File(((pathPrefix + java.lang.Integer.toString(counter)) + .png)): null

2018-12-11 14:50:06 - [TEST_STEP][PASSED] - Statement - counter = counter + 1: null

2018-12-11 14:50:06 - [TEST_STEP][PASSED] - Statement - PreSaveFile = new java.io.File(((pathPrefix + java.lang.Integer.toString(counter)) + .png)): null

2018-12-11 14:50:06 - [TEST_STEP][PASSED] - Statement - counter = counter + 1: null

2018-12-11 14:50:06 - [TEST_STEP][PASSED] - Statement - PreSaveFile = new java.io.File(((pathPrefix + java.lang.Integer.toString(counter)) + .png)): null

2018-12-11 14:50:06 - [TEST_STEP][PASSED] - Statement - counter = counter + 1: null

2018-12-11 14:50:06 - [TEST_STEP][PASSED] - Statement - PreSaveFile = new java.io.File(((pathPrefix + java.lang.Integer.toString(counter)) + .png)): null

2018-12-11 14:50:06 - [TEST_STEP][PASSED] - Statement - counter = counter + 1: null

2018-12-11 14:50:06 - [TEST_STEP][PASSED] - Statement - PreSaveFile = new java.io.File(((pathPrefix + java.lang.Integer.toString(counter)) + .png)): null

2018-12-11 14:50:06 - [TEST_STEP][PASSED] - Statement - counter = counter + 1: null

2018-12-11 14:50:06 - [TEST_STEP][PASSED] - Statement - PreSaveFile = new java.io.File(((pathPrefix + java.lang.Integer.toString(counter)) + .png)): null

2018-12-11 14:50:06 - [TEST_STEP][PASSED] - Statement - counter = counter + 1: null

2018-12-11 14:50:06 - [TEST_STEP][PASSED] - Statement - PreSaveFile = new java.io.File(((pathPrefix + java.lang.Integer.toString(counter)) + .png)): null

2018-12-11 14:50:06 - [TEST_STEP][PASSED] - Statement - counter = counter + 1: null

2018-12-11 14:50:06 - [TEST_STEP][PASSED] - Statement - PreSaveFile = new java.io.File(((pathPrefix + java.lang.Integer.toString(counter)) + .png)): null

2018-12-11 14:50:06 - [TEST_STEP][PASSED] - Statement - counter = counter + 1: null

2018-12-11 14:50:06 - [TEST_STEP][PASSED] - Statement - PreSaveFile = new java.io.File(((pathPrefix + java.lang.Integer.toString(counter)) + .png)): null

2018-12-11 14:50:06 - [TEST_STEP][PASSED] - Statement - counter = counter + 1: null

2018-12-11 14:50:06 - [TEST_STEP][PASSED] - Statement - PreSaveFile = new java.io.File(((pathPrefix + java.lang.Integer.toString(counter)) + .png)): null

2018-12-11 14:50:06 - [TEST_STEP][PASSED] - Statement - counter = counter + 1: null

2018-12-11 14:50:06 - [TEST_STEP][PASSED] - Statement - PreSaveFile = new java.io.File(((pathPrefix + java.lang.Integer.toString(counter)) + .png)): null

2018-12-11 14:50:06 - [TEST_STEP][PASSED] - Statement - counter = counter + 1: null

2018-12-11 14:50:06 - [TEST_STEP][PASSED] - Statement - PreSaveFile = new java.io.File(((pathPrefix + java.lang.Integer.toString(counter)) + .png)): null

2018-12-11 14:50:06 - [TEST_STEP][PASSED] - Statement - counter = counter + 1: null

2018-12-11 14:50:06 - [TEST_STEP][PASSED] - Statement - PreSaveFile = new java.io.File(((pathPrefix + java.lang.Integer.toString(counter)) + .png)): null

2018-12-11 14:50:06 - [TEST_STEP][PASSED] - Statement - counter = counter + 1: null

2018-12-11 14:50:06 - [TEST_STEP][PASSED] - Statement - PreSaveFile = new java.io.File(((pathPrefix + java.lang.Integer.toString(counter)) + .png)): null

2018-12-11 14:50:06 - [TEST_STEP][PASSED] - Statement - counter = counter + 1: null

2018-12-11 14:50:06 - [TEST_STEP][PASSED] - Statement - PreSaveFile = new java.io.File(((pathPrefix + java.lang.Integer.toString(counter)) + .png)): null

2018-12-11 14:50:06 - [TEST_STEP][PASSED] - Statement - counter = counter + 1: null

2018-12-11 14:50:06 - [TEST_STEP][PASSED] - Statement - PreSaveFile = new java.io.File(((pathPrefix + java.lang.Integer.toString(counter)) + .png)): null

2018-12-11 14:50:06 - [TEST_STEP][PASSED] - Statement - counter = counter + 1: null

2018-12-11 14:50:06 - [TEST_STEP][PASSED] - Statement - PreSaveFile = new java.io.File(((pathPrefix + java.lang.Integer.toString(counter)) + .png)): null

2018-12-11 14:50:06 - [TEST_STEP][PASSED] - Statement - counter = counter + 1: null

2018-12-11 14:50:06 - [TEST_STEP][PASSED] - Statement - PreSaveFile = new java.io.File(((pathPrefix + java.lang.Integer.toString(counter)) + .png)): null

2018-12-11 14:50:06 - [TEST_STEP][PASSED] - Statement - counter = counter + 1: null

2018-12-11 14:50:06 - [TEST_STEP][PASSED] - Statement - PreSaveFile = new java.io.File(((pathPrefix + java.lang.Integer.toString(counter)) + .png)): null

2018-12-11 14:50:06 - [TEST_STEP][PASSED] - Statement - counter = counter + 1: null

2018-12-11 14:50:06 - [TEST_STEP][PASSED] - Statement - PreSaveFile = new java.io.File(((pathPrefix + java.lang.Integer.toString(counter)) + .png)): null

2018-12-11 14:50:06 - [TEST_STEP][PASSED] - Statement - counter = counter + 1: null

2018-12-11 14:50:06 - [TEST_STEP][PASSED] - Statement - PreSaveFile = new java.io.File(((pathPrefix + java.lang.Integer.toString(counter)) + .png)): null

2018-12-11 14:50:06 - [TEST_STEP][PASSED] - Statement - counter = counter + 1: null

2018-12-11 14:50:06 - [TEST_STEP][PASSED] - Statement - PreSaveFile = new java.io.File(((pathPrefix + java.lang.Integer.toString(counter)) + .png)): null

2018-12-11 14:50:06 - [TEST_STEP][PASSED] - Statement - counter = counter + 1: null

2018-12-11 14:50:06 - [TEST_STEP][PASSED] - Statement - PreSaveFile = new java.io.File(((pathPrefix + java.lang.Integer.toString(counter)) + .png)): null

2018-12-11 14:50:06 - [TEST_STEP][PASSED] - Statement - counter = counter + 1: null

2018-12-11 14:50:06 - [TEST_STEP][PASSED] - Statement - PreSaveFile = new java.io.File(((pathPrefix + java.lang.Integer.toString(counter)) + .png)): null

2018-12-11 14:50:06 - [TEST_STEP][PASSED] - Statement - counter = counter + 1: null

2018-12-11 14:50:06 - [TEST_STEP][PASSED] - Statement - PreSaveFile = new java.io.File(((pathPrefix + java.lang.Integer.toString(counter)) + .png)): null

2018-12-11 14:50:06 - [TEST_STEP][PASSED] - Statement - counter = counter + 1: null

2018-12-11 14:50:06 - [TEST_STEP][PASSED] - Statement - PreSaveFile = new java.io.File(((pathPrefix + java.lang.Integer.toString(counter)) + .png)): null

2018-12-11 14:50:06 - [TEST_STEP][PASSED] - Statement - counter = counter + 1: null

2018-12-11 14:50:06 - [TEST_STEP][PASSED] - Statement - PreSaveFile = new java.io.File(((pathPrefix + java.lang.Integer.toString(counter)) + .png)): null

2018-12-11 14:50:06 - [TEST_STEP][PASSED] - Statement - counter = counter + 1: null

2018-12-11 14:50:06 - [TEST_STEP][PASSED] - Statement - PreSaveFile = new java.io.File(((pathPrefix + java.lang.Integer.toString(counter)) + .png)): null

2018-12-11 14:50:06 - [TEST_STEP][PASSED] - Statement - counter = counter + 1: null

2018-12-11 14:50:06 - [TEST_STEP][PASSED] - Statement - PreSaveFile = new java.io.File(((pathPrefix + java.lang.Integer.toString(counter)) + .png)): null

2018-12-11 14:50:06 - [TEST_STEP][PASSED] - Statement - counter = counter + 1: null

2018-12-11 14:50:06 - [TEST_STEP][PASSED] - Statement - PreSaveFile = new java.io.File(((pathPrefix + java.lang.Integer.toString(counter)) + .png)): null

2018-12-11 14:50:06 - [TEST_STEP][PASSED] - Statement - counter = counter + 1: null

2018-12-11 14:50:06 - [TEST_STEP][PASSED] - Statement - PreSaveFile = new java.io.File(((pathPrefix + java.lang.Integer.toString(counter)) + .png)): null

2018-12-11 14:50:06 - [TEST_STEP][PASSED] - Statement - counter = counter + 1: null

2018-12-11 14:50:06 - [TEST_STEP][PASSED] - Statement - PreSaveFile = new java.io.File(((pathPrefix + java.lang.Integer.toString(counter)) + .png)): null

2018-12-11 14:50:06 - [TEST_STEP][PASSED] - Statement - counter = counter + 1: null

2018-12-11 14:50:06 - [TEST_STEP][PASSED] - Statement - PreSaveFile = new java.io.File(((pathPrefix + java.lang.Integer.toString(counter)) + .png)): null

2018-12-11 14:50:06 - [TEST_STEP][PASSED] - Statement - counter = counter + 1: null

2018-12-11 14:50:06 - [TEST_STEP][PASSED] - Statement - PreSaveFile = new java.io.File(((pathPrefix + java.lang.Integer.toString(counter)) + .png)): null

2018-12-11 14:50:06 - [TEST_STEP][PASSED] - Statement - counter = counter + 1: null

2018-12-11 14:50:06 - [TEST_STEP][PASSED] - Statement - PreSaveFile = new java.io.File(((pathPrefix + java.lang.Integer.toString(counter)) + .png)): null

2018-12-11 14:50:06 - [TEST_STEP][PASSED] - Statement - counter = counter + 1: null

2018-12-11 14:50:06 - [TEST_STEP][PASSED] - Statement - PreSaveFile = new java.io.File(((pathPrefix + java.lang.Integer.toString(counter)) + .png)): null

2018-12-11 14:50:06 - [TEST_STEP][PASSED] - Statement - counter = counter + 1: null

2018-12-11 14:50:06 - [TEST_STEP][PASSED] - Statement - PreSaveFile = new java.io.File(((pathPrefix + java.lang.Integer.toString(counter)) + .png)): null

2018-12-11 14:50:06 - [TEST_STEP][PASSED] - Statement - counter = counter + 1: null

2018-12-11 14:50:06 - [TEST_STEP][PASSED] - Statement - PreSaveFile = new java.io.File(((pathPrefix + java.lang.Integer.toString(counter)) + .png)): null

2018-12-11 14:50:06 - [TEST_STEP][PASSED] - Statement - counter = counter + 1: null

2018-12-11 14:50:06 - [TEST_STEP][PASSED] - Statement - PreSaveFile = new java.io.File(((pathPrefix + java.lang.Integer.toString(counter)) + .png)): null

2018-12-11 14:50:06 - [TEST_STEP][PASSED] - Statement - counter = counter + 1: null

2018-12-11 14:50:06 - [TEST_STEP][PASSED] - Statement - PreSaveFile = new java.io.File(((pathPrefix + java.lang.Integer.toString(counter)) + .png)): null

2018-12-11 14:50:06 - [TEST_STEP][PASSED] - Statement - counter = counter + 1: null

2018-12-11 14:50:06 - [TEST_STEP][PASSED] - Statement - PreSaveFile = new java.io.File(((pathPrefix + java.lang.Integer.toString(counter)) + .png)): null

2018-12-11 14:50:06 - [TEST_STEP][PASSED] - Statement - counter = counter + 1: null

2018-12-11 14:50:06 - [TEST_STEP][PASSED] - Statement - PreSaveFile = new java.io.File(((pathPrefix + java.lang.Integer.toString(counter)) + .png)): null

2018-12-11 14:50:06 - [TEST_STEP][PASSED] - Statement - counter = counter + 1: null

2018-12-11 14:50:06 - [TEST_STEP][PASSED] - Statement - PreSaveFile = new java.io.File(((pathPrefix + java.lang.Integer.toString(counter)) + .png)): null

2018-12-11 14:50:06 - [TEST_STEP][PASSED] - Statement - finalPath = pathPrefix + java.lang.Integer.toString(counter) + ".png": null

2018-12-11 14:50:06 - [TEST_STEP][PASSED] - Statement - SaveFile = new java.io.File(finalPath): null

2018-12-11 14:50:06 - [TEST_STEP][PASSED] - Statement - Try: null

2018-12-11 14:50:06 - [TEST_STEP][PASSED] - Statement - org.apache.commons.io.FileUtils.copyFile(scrFile, SaveFile): null

2018-12-11 14:50:06 - [TEST_STEP][PASSED] - Statement - out.println("file kept"): null

2018-12-11 14:50:06 - [TEST_STEP][PASSED] - delay: Delayed 10 second(s)

2018-12-11 14:50:16 - [MESSAGE][PASSED] - Delayed 10 second(s)

2018-12-11 14:50:16 - [MESSAGE][PASSED] - Call Test Case 'Test Cases/Final Aug 2018 - PKS Automation/Registration Module/New Registration/Submit and Screenshot/Submit Registration and Screenshot' successfully

2018-12-11 14:50:16 - [TEST_STEP][PASSED] - callTestCase: Call Test Case 'Test Cases/Final Aug 2018 - PKS Automation/Registration Module/Log Out/log out avoiding katalon tagging' successfully

2018-12-11 14:50:16 - [TEST_CASE][PASSED] - Test Cases/Final Aug 2018 - PKS Automation/Registration Module/Log Out/log out avoiding katalon tagging: Test Cases/Final Aug 2018 - PKS Automation/Registration Module/Log Out/log out avoiding katalon tagging

2018-12-11 14:50:16 - [TEST_STEP][PASSED] - navigateToUrl: Navigate to 'https://assist2-uat.perkeso.gov.my/c/portal/logout' successfully

2018-12-11 14:50:17 - [MESSAGE][PASSED] - Navigate to 'https://assist2-uat.perkeso.gov.my/c/portal/logout' successfully

2018-12-11 14:50:17 - [MESSAGE][PASSED] - Call Test Case 'Test Cases/Final Aug 2018 - PKS Automation/Registration Module/Log Out/log out avoiding katalon tagging' successfully

2018-12-11 14:50:17 - [TEST_STEP][PASSED] - callTestCase: Call Test Case 'Test Cases/Final Aug 2018 - PKS Automation/Common/Workflow Owner Finder' successfully

2018-12-11 14:50:17 - [TEST_CASE][PASSED] - Test Cases/Final Aug 2018 - PKS Automation/Common/Workflow Owner Finder: Test Cases/Final Aug 2018 - PKS Automation/Common/Workflow Owner Finder

2018-12-11 14:50:17 - [TEST_STEP][PASSED] - openBrowser: Browser is opened with url: ''

2018-12-11 14:50:17 - [MESSAGE][WARNING] - A browser is already opened. Closing browser and opening a new one

2018-12-11 14:50:21 - [MESSAGE][PASSED] - Browser is opened with url: ''

2018-12-11 14:50:21 - [TEST_STEP][PASSED] - navigateToUrl: Navigate to 'https://assist2-uat.perkeso.gov.my/login' successfully

2018-12-11 14:50:22 - [MESSAGE][PASSED] - Navigate to 'https://assist2-uat.perkeso.gov.my/login' successfully

2018-12-11 14:50:22 - [TEST_STEP][PASSED] - delay: Delayed 5 second(s)

2018-12-11 14:50:27 - [MESSAGE][PASSED] - Delayed 5 second(s)

2018-12-11 14:50:27 - [TEST_STEP][PASSED] - setText: Text 'test@liferay.com' is set on object 'Object Repository/Final Object Repo/Login Page/Internal User/Email Address'

2018-12-11 14:50:28 - [MESSAGE][PASSED] - Text 'test@liferay.com' is set on object 'Object Repository/Final Object Repo/Login Page/Internal User/Email Address'

2018-12-11 14:50:28 - [TEST_STEP][PASSED] - click: Object: 'Object Repository/Final Object Repo/Login Page/Internal User/Next Button' is clicked on

2018-12-11 14:50:28 - [MESSAGE][PASSED] - Object: 'Object Repository/Final Object Repo/Login Page/Internal User/Next Button' is clicked on

2018-12-11 14:50:28 - [TEST_STEP][PASSED] - delay: Delayed 2 second(s)

2018-12-11 14:50:30 - [MESSAGE][PASSED] - Delayed 2 second(s)

2018-12-11 14:50:30 - [TEST_STEP][PASSED] - setText: Text 'test' is set on object 'Object Repository/Final Object Repo/Login Page/Internal User/Password'

2018-12-11 14:50:30 - [MESSAGE][PASSED] - Text 'test' is set on object 'Object Repository/Final Object Repo/Login Page/Internal User/Password'

2018-12-11 14:50:30 - [TEST_STEP][PASSED] - delay: Delayed 2 second(s)

2018-12-11 14:50:32 - [MESSAGE][PASSED] - Delayed 2 second(s)

2018-12-11 14:50:32 - [TEST_STEP][PASSED] - click: Object: 'Object Repository/Final Object Repo/Login Page/Internal User/Login Button' is clicked on

2018-12-11 14:50:32 - [MESSAGE][PASSED] - Object: 'Object Repository/Final Object Repo/Login Page/Internal User/Login Button' is clicked on

2018-12-11 14:50:32 - [TEST_STEP][PASSED] - Statement - tester = com.kms.katalon.core.testobject.ObjectRepository.findTestObject(Final Object Repo/Landing Page/Select to English): Finding Test Object with id 'Object Repository/Final Object Repo/Landing Page/Select to English'

2018-12-11 14:50:32 - [TEST_STEP][PASSED] - Statement - Try: Delayed 2 second(s)

2018-12-11 14:50:32 - [TEST_STEP][PASSED] - Statement - Checker = com.kms.katalon.core.webui.keyword.WebUiBuiltInKeywords.verifyElementNotPresent(tester, 3): Web element with id: 'Object Repository/Final Object Repo/Landing Page/Select to English' located by 'By.xpath: //a[@class = 'taglib-language-list-text' and @lang = 'en-US' and (contains(text(), 'EN') or contains(., 'EN'))]' is not present after '3' second(s)

2018-12-11 14:50:35 - [MESSAGE][PASSED] - Web element with id: 'Object Repository/Final Object Repo/Landing Page/Select to English' located by 'By.xpath: //a[@class = 'taglib-language-list-text' and @lang = 'en-US' and (contains(text(), 'EN') or contains(., 'EN'))]' is not present after '3' second(s)

2018-12-11 14:50:35 - [TEST_STEP][PASSED] - Statement - If (Checker == false): null

2018-12-11 14:50:35 - [TEST_STEP][PASSED] - delay: Delayed 2 second(s)

2018-12-11 14:50:37 - [MESSAGE][PASSED] - Delayed 2 second(s)

2018-12-11 14:50:37 - [TEST_STEP][PASSED] - delay: Delayed 5 second(s)

2018-12-11 14:50:42 - [MESSAGE][PASSED] - Delayed 5 second(s)

2018-12-11 14:50:42 - [TEST_STEP][PASSED] - mouseOver: Object: 'Object Repository/Final Object Repo/Landing Page/WorkFlow Menu' is hovered

2018-12-11 14:50:42 - [MESSAGE][PASSED] - Object: 'Object Repository/Final Object Repo/Landing Page/WorkFlow Menu' is hovered

2018-12-11 14:50:42 - [TEST_STEP][PASSED] - delay: Delayed 2 second(s)

2018-12-11 14:50:44 - [MESSAGE][PASSED] - Delayed 2 second(s)

2018-12-11 14:50:44 - [TEST_STEP][PASSED] - click: Object: 'Object Repository/Final Object Repo/Landing Page/Select to Workflow Listing' is clicked on

2018-12-11 14:50:45 - [MESSAGE][PASSED] - Object: 'Object Repository/Final Object Repo/Landing Page/Select to Workflow Listing' is clicked on

2018-12-11 14:50:45 - [TEST_STEP][PASSED] - delay: Delayed 2 second(s)

2018-12-11 14:50:47 - [MESSAGE][PASSED] - Delayed 2 second(s)

2018-12-11 14:50:47 - [TEST_STEP][PASSED] - click: Object: 'Object Repository/Final Object Repo/WorkFlow Listing Page/Search Information - To Put Ref No' is clicked on

2018-12-11 14:50:47 - [MESSAGE][PASSED] - Object: 'Object Repository/Final Object Repo/WorkFlow Listing Page/Search Information - To Put Ref No' is clicked on

2018-12-11 14:50:47 - [TEST_STEP][PASSED] - delay: Delayed 2 second(s)

2018-12-11 14:50:49 - [MESSAGE][PASSED] - Delayed 2 second(s)

2018-12-11 14:50:49 - [TEST_STEP][PASSED] - callTestCase: Call Test Case 'Test Cases/Final Aug 2018 - PKS Automation/Common/Reference Number Getter' successfully

2018-12-11 14:50:49 - [TEST_CASE][PASSED] - Test Cases/Final Aug 2018 - PKS Automation/Common/Reference Number Getter: Test Cases/Final Aug 2018 - PKS Automation/Common/Reference Number Getter

2018-12-11 14:50:49 - [TEST_STEP][PASSED] - Statement - Try: null

2018-12-11 14:50:49 - [TEST_STEP][PASSED] - Statement - RefNo = new java.io.File(C://Users//Admin//Desktop//PKS//Automation Reference Point//KatalonReference.txt): null

2018-12-11 14:50:49 - [TEST_STEP][PASSED] - Statement - bufferread = new java.io.BufferedReader(new java.io.FileReader(RefNo)): null

2018-12-11 14:50:49 - [TEST_STEP][PASSED] - Statement - readedVal = bufferread.readLine(): null

2018-12-11 14:50:49 - [TEST_STEP][PASSED] - Statement - out.println(CaseReferenceNo): null

2018-12-11 14:50:49 - [TEST_STEP][PASSED] - Statement - out.println(readedVal): null

2018-12-11 14:50:49 - [TEST_STEP][PASSED] - Statement - CaseReferenceNo = "": null

2018-12-11 14:50:49 - [TEST_STEP][PASSED] - Statement - CaseReferenceNo = readedVal: null

2018-12-11 14:50:49 - [MESSAGE][PASSED] - Call Test Case 'Test Cases/Final Aug 2018 - PKS Automation/Common/Reference Number Getter' successfully

2018-12-11 14:50:49 - [TEST_STEP][PASSED] - setText: Text 'CRN12201800123176' is set on object 'Object Repository/Final Object Repo/WorkFlow Listing Page/Ref No Set Text'

2018-12-11 14:50:49 - [MESSAGE][PASSED] - Text 'CRN12201800123176' is set on object 'Object Repository/Final Object Repo/WorkFlow Listing Page/Ref No Set Text'

2018-12-11 14:50:49 - [TEST_STEP][PASSED] - delay: Delayed 2 second(s)

2018-12-11 14:50:51 - [MESSAGE][PASSED] - Delayed 2 second(s)

2018-12-11 14:50:51 - [TEST_STEP][PASSED] - click: Object: 'Object Repository/Final Object Repo/WorkFlow Listing Page/Search Ref No Search Button' is clicked on

2018-12-11 14:50:52 - [MESSAGE][PASSED] - Object: 'Object Repository/Final Object Repo/WorkFlow Listing Page/Search Ref No Search Button' is clicked on

2018-12-11 14:50:52 - [TEST_STEP][PASSED] - delay: Delayed 6 second(s)

2018-12-11 14:50:58 - [MESSAGE][PASSED] - Delayed 6 second(s)

2018-12-11 14:50:58 - [TEST_STEP][PASSED] - click: Object: 'Object Repository/Final Object Repo/WorkFlow Listing Page/Click Continue Tooltip' is clicked on

2018-12-11 14:50:59 - [MESSAGE][PASSED] - Object: 'Object Repository/Final Object Repo/WorkFlow Listing Page/Click Continue Tooltip' is clicked on

2018-12-11 14:50:59 - [TEST_STEP][PASSED] - delay: Delayed 5 second(s)

2018-12-11 14:51:04 - [MESSAGE][PASSED] - Delayed 5 second(s)

2018-12-11 14:51:04 - [TEST_STEP][PASSED] - doubleClick: Object: 'Object Repository/Final Object Repo/WorkFlow Listing Page/Workflow Found - Listing 1' is double clicked on

2018-12-11 14:51:04 - [MESSAGE][PASSED] - Object: 'Object Repository/Final Object Repo/WorkFlow Listing Page/Workflow Found - Listing 1' is double clicked on

2018-12-11 14:51:04 - [TEST_STEP][PASSED] - Statement - println(OwnerID): null

2018-12-11 14:51:04 - [TEST_STEP][PASSED] - Statement - OwnerID = com.kms.katalon.core.webui.keyword.WebUiBuiltInKeywords.getText(com.kms.katalon.core.testobject.ObjectRepository.findTestObject(Final Object Repo/WorkFlow Listing Page/Workflow Found - Listing 1), STOP_ON_FAILURE): Text of object 'Object Repository/Final Object Repo/WorkFlow Listing Page/Workflow Found - Listing 1' is: 'KLpkrbo1'

2018-12-11 14:51:04 - [MESSAGE][PASSED] - Text of object 'Object Repository/Final Object Repo/WorkFlow Listing Page/Workflow Found - Listing 1' is: 'KLpkrbo1'

2018-12-11 14:51:04 - [TEST_STEP][PASSED] - Statement - OwnerID = OwnerID.toLowerCase() + "@gmail.com": null

2018-12-11 14:51:04 - [TEST_STEP][PASSED] - Statement - println(OwnerID): null

2018-12-11 14:51:04 - [TEST_STEP][PASSED] - delay: Delayed 2 second(s)

2018-12-11 14:51:06 - [MESSAGE][PASSED] - Delayed 2 second(s)

2018-12-11 14:51:06 - [MESSAGE][PASSED] - Call Test Case 'Test Cases/Final Aug 2018 - PKS Automation/Common/Workflow Owner Finder' successfully

2018-12-11 14:51:06 - [TEST_STEP][PASSED] - callTestCase: Call Test Case 'Test Cases/Final Aug 2018 - PKS Automation/Registration Module/Log Out/log out avoiding katalon tagging' successfully

2018-12-11 14:51:06 - [TEST_CASE][PASSED] - Test Cases/Final Aug 2018 - PKS Automation/Registration Module/Log Out/log out avoiding katalon tagging: Test Cases/Final Aug 2018 - PKS Automation/Registration Module/Log Out/log out avoiding katalon tagging

2018-12-11 14:51:06 - [TEST_STEP][PASSED] - navigateToUrl: Navigate to 'https://assist2-uat.perkeso.gov.my/c/portal/logout' successfully

2018-12-11 14:51:07 - [MESSAGE][PASSED] - Navigate to 'https://assist2-uat.perkeso.gov.my/c/portal/logout' successfully

2018-12-11 14:51:07 - [MESSAGE][PASSED] - Call Test Case 'Test Cases/Final Aug 2018 - PKS Automation/Registration Module/Log Out/log out avoiding katalon tagging' successfully

2018-12-11 14:51:07 - [TEST_STEP][PASSED] - delay: Delayed 2 second(s)

2018-12-11 14:51:09 - [MESSAGE][PASSED] - Delayed 2 second(s)

2018-12-11 14:51:09 - [TEST_STEP][PASSED] - setText: Text 'klpkrbo1@gmail.com' is set on object 'Object Repository/Final Object Repo/New Registration - Registration Module Pages/New Reg - OTC to RO/Special Case - All Related Objects/Email TextBox'

2018-12-11 14:51:09 - [MESSAGE][PASSED] - Text 'klpkrbo1@gmail.com' is set on object 'Object Repository/Final Object Repo/New Registration - Registration Module Pages/New Reg - OTC to RO/Special Case - All Related Objects/Email TextBox'

2018-12-11 14:51:09 - [TEST_STEP][PASSED] - click: Object: 'Object Repository/Final Object Repo/New Registration - Registration Module Pages/New Reg - OTC to RO/Special Case - All Related Objects/Next Button' is clicked on

2018-12-11 14:51:09 - [MESSAGE][PASSED] - Object: 'Object Repository/Final Object Repo/New Registration - Registration Module Pages/New Reg - OTC to RO/Special Case - All Related Objects/Next Button' is clicked on

2018-12-11 14:51:09 - [TEST_STEP][PASSED] - delay: Delayed 2 second(s)

2018-12-11 14:51:11 - [MESSAGE][PASSED] - Delayed 2 second(s)

2018-12-11 14:51:11 - [TEST_STEP][PASSED] - setText: Text 'Test1@3456789' is set on object 'Object Repository/Final Object Repo/New Registration - Registration Module Pages/New Reg - OTC to RO/Special Case - All Related Objects/Password TextBox'

2018-12-11 14:51:11 - [MESSAGE][PASSED] - Text 'Test1@3456789' is set on object 'Object Repository/Final Object Repo/New Registration - Registration Module Pages/New Reg - OTC to RO/Special Case - All Related Objects/Password TextBox'

2018-12-11 14:51:11 - [TEST_STEP][PASSED] - delay: Delayed 2 second(s)

2018-12-11 14:51:13 - [MESSAGE][PASSED] - Delayed 2 second(s)

2018-12-11 14:51:13 - [TEST_STEP][PASSED] - click: Object: 'Object Repository/Final Object Repo/New Registration - Registration Module Pages/New Reg - OTC to RO/Special Case - All Related Objects/Login Button' is clicked on

2018-12-11 14:51:14 - [MESSAGE][PASSED] - Object: 'Object Repository/Final Object Repo/New Registration - Registration Module Pages/New Reg - OTC to RO/Special Case - All Related Objects/Login Button' is clicked on

2018-12-11 14:51:14 - [TEST_STEP][PASSED] - delay: Delayed 2 second(s)

2018-12-11 14:51:16 - [MESSAGE][PASSED] - Delayed 2 second(s)

2018-12-11 14:51:16 - [TEST_STEP][PASSED] - Statement - Try: null

2018-12-11 14:51:16 - [TEST_STEP][PASSED] - Statement - Checker = com.kms.katalon.core.webui.keyword.WebUiBuiltInKeywords.verifyElementNotPresent("Final Object Repo/Landing Page/Select to English", 3): null

2018-12-11 14:51:16 - [TEST_STEP][PASSED] - Statement - Catch (Exception e): null

2018-12-11 14:51:16 - [TEST_STEP][PASSED] - Statement - e.printStackTrace(): null

2018-12-11 14:51:16 - [TEST_STEP][PASSED] - click: Object: 'Object Repository/Final Object Repo/New Registration - Registration Module Pages/New Reg - OTC to RO/Special Case - All Related Objects/Expand to Search' is clicked on

2018-12-11 14:51:16 - [MESSAGE][PASSED] - Object: 'Object Repository/Final Object Repo/New Registration - Registration Module Pages/New Reg - OTC to RO/Special Case - All Related Objects/Expand to Search' is clicked on

2018-12-11 14:51:16 - [TEST_STEP][PASSED] - delay: Delayed 2 second(s)

2018-12-11 14:51:18 - [MESSAGE][PASSED] - Delayed 2 second(s)

2018-12-11 14:51:18 - [TEST_STEP][PASSED] - setText: Text 'CRN12201800123176' is set on object 'Object Repository/Final Object Repo/New Registration - Registration Module Pages/New Reg - OTC to RO/Special Case - All Related Objects/TextBox RefNo in Workbasket'

2018-12-11 14:51:18 - [MESSAGE][PASSED] - Text 'CRN12201800123176' is set on object 'Object Repository/Final Object Repo/New Registration - Registration Module Pages/New Reg - OTC to RO/Special Case - All Related Objects/TextBox RefNo in Workbasket'

2018-12-11 14:51:18 - [TEST_STEP][PASSED] - delay: Delayed 2 second(s)

2018-12-11 14:51:20 - [MESSAGE][PASSED] - Delayed 2 second(s)

2018-12-11 14:51:20 - [TEST_STEP][PASSED] - click: Object: 'Object Repository/Final Object Repo/New Registration - Registration Module Pages/New Reg - OTC to RO/Special Case - All Related Objects/Click Search' is clicked on

2018-12-11 14:51:20 - [MESSAGE][PASSED] - Object: 'Object Repository/Final Object Repo/New Registration - Registration Module Pages/New Reg - OTC to RO/Special Case - All Related Objects/Click Search' is clicked on

2018-12-11 14:51:20 - [TEST_STEP][PASSED] - delay: Delayed 2 second(s)

2018-12-11 14:51:22 - [MESSAGE][PASSED] - Delayed 2 second(s)

2018-12-11 14:51:22 - [TEST_STEP][PASSED] - click: Object: 'Object Repository/Final Object Repo/New Registration - Registration Module Pages/New Reg - OTC to RO/Special Case - All Related Objects/Click to Continue Workflow' is clicked on

2018-12-11 14:51:24 - [MESSAGE][PASSED] - Object: 'Object Repository/Final Object Repo/New Registration - Registration Module Pages/New Reg - OTC to RO/Special Case - All Related Objects/Click to Continue Workflow' is clicked on

2018-12-11 14:51:24 - [TEST_STEP][PASSED] - delay: Delayed 2 second(s)

2018-12-11 14:51:26 - [MESSAGE][PASSED] - Delayed 2 second(s)

2018-12-11 14:51:26 - [TEST_STEP][PASSED] - click: Object: 'Object Repository/Final Object Repo/New Registration - Registration Module Pages/New Reg - OTC to RO/Special Case - All Related Objects/Form 1 Save n Continue' is clicked on

2018-12-11 14:51:27 - [MESSAGE][PASSED] - Object: 'Object Repository/Final Object Repo/New Registration - Registration Module Pages/New Reg - OTC to RO/Special Case - All Related Objects/Form 1 Save n Continue' is clicked on

2018-12-11 14:51:27 - [TEST_STEP][PASSED] - delay: Delayed 5 second(s)

2018-12-11 14:51:32 - [MESSAGE][PASSED] - Delayed 5 second(s)

2018-12-11 14:51:32 - [TEST_STEP][PASSED] - click: Object: 'Object Repository/Final Object Repo/New Registration - Registration Module Pages/New Reg - OTC to RO/Special Case - OTC - Form 1/Confirm No Flagging as Branch' is clicked on

2018-12-11 14:51:32 - [MESSAGE][PASSED] - Object: 'Object Repository/Final Object Repo/New Registration - Registration Module Pages/New Reg - OTC to RO/Special Case - OTC - Form 1/Confirm No Flagging as Branch' is clicked on

2018-12-11 14:51:32 - [TEST_STEP][PASSED] - delay: Delayed 2 second(s)

2018-12-11 14:51:34 - [MESSAGE][PASSED] - Delayed 2 second(s)

2018-12-11 14:51:34 - [TEST_STEP][PASSED] - click: Object: 'Object Repository/Final Object Repo/New Registration - Registration Module Pages/New Reg - OTC to RO/Special Case - All Related Objects/Form 2 Save n Continue' is clicked on

2018-12-11 14:51:34 - [MESSAGE][PASSED] - Object: 'Object Repository/Final Object Repo/New Registration - Registration Module Pages/New Reg - OTC to RO/Special Case - All Related Objects/Form 2 Save n Continue' is clicked on

2018-12-11 14:51:34 - [TEST_STEP][PASSED] - delay: Delayed 4 second(s)

2018-12-11 14:51:38 - [MESSAGE][PASSED] - Delayed 4 second(s)

2018-12-11 14:51:38 - [TEST_STEP][PASSED] - click: Object: 'Object Repository/Final Object Repo/New Registration - Registration Module Pages/New Reg - OTC to RO/Special Case - All Related Objects/Third Screen Save n Continue' is clicked on

2018-12-11 14:51:43 - [MESSAGE][PASSED] - Object: 'Object Repository/Final Object Repo/New Registration - Registration Module Pages/New Reg - OTC to RO/Special Case - All Related Objects/Third Screen Save n Continue' is clicked on

2018-12-11 14:51:43 - [TEST_STEP][PASSED] - delay: Delayed 5 second(s)

2018-12-11 14:51:48 - [MESSAGE][PASSED] - Delayed 5 second(s)

2018-12-11 14:51:48 - [TEST_STEP][PASSED] - click: Object: 'Object Repository/Final Object Repo/New Registration - Registration Module Pages/New Reg - OTC to RO/Special Case - All Related Objects/Upload Doc Page Save n Continue' is clicked on

2018-12-11 14:51:48 - [MESSAGE][PASSED] - Object: 'Object Repository/Final Object Repo/New Registration - Registration Module Pages/New Reg - OTC to RO/Special Case - All Related Objects/Upload Doc Page Save n Continue' is clicked on

2018-12-11 14:51:48 - [TEST_STEP][PASSED] - callTestCase: Call Test Case 'Test Cases/Final Aug 2018 - PKS Automation/Registration Module/New Registration/Submit and Screenshot/Submit Registration and Screenshot' successfully

2018-12-11 14:51:48 - [TEST_CASE][PASSED] - Test Cases/Final Aug 2018 - PKS Automation/Registration Module/New Registration/Submit and Screenshot/Submit Registration and Screenshot: Test Cases/Final Aug 2018 - PKS Automation/Registration Module/New Registration/Submit and Screenshot/Submit Registration and Screenshot

2018-12-11 14:51:48 - [TEST_STEP][PASSED] - delay: Delayed 6 second(s)

2018-12-11 14:51:54 - [MESSAGE][PASSED] - Delayed 6 second(s)

2018-12-11 14:51:54 - [TEST_STEP][PASSED] - click: Object: 'Object Repository/Final Object Repo/New Registration - Registration Module Pages/Third Screen - Upload Supporting Doc- Preview/Preview Submit Button' is clicked on

2018-12-11 14:51:55 - [MESSAGE][PASSED] - Object: 'Object Repository/Final Object Repo/New Registration - Registration Module Pages/Third Screen - Upload Supporting Doc- Preview/Preview Submit Button' is clicked on

2018-12-11 14:51:55 - [TEST_STEP][PASSED] - delay: Delayed 2 second(s)

2018-12-11 14:51:57 - [MESSAGE][PASSED] - Delayed 2 second(s)

2018-12-11 14:51:57 - [TEST_STEP][PASSED] - click: Object: 'Object Repository/Final Object Repo/New Registration - Registration Module Pages/Third Screen - Upload Supporting Doc- Preview/Preview Submit - Confirm' is clicked on

2018-12-11 14:51:57 - [MESSAGE][PASSED] - Object: 'Object Repository/Final Object Repo/New Registration - Registration Module Pages/Third Screen - Upload Supporting Doc- Preview/Preview Submit - Confirm' is clicked on

2018-12-11 14:51:57 - [TEST_STEP][PASSED] - delay: Delayed 15 second(s)

2018-12-11 14:52:12 - [MESSAGE][PASSED] - Delayed 15 second(s)

2018-12-11 14:52:12 - [TEST_STEP][PASSED] - Statement - driver = com.kms.katalon.core.webui.driver.DriverFactory.getWebDriver(): null

2018-12-11 14:52:12 - [TEST_STEP][PASSED] - Statement - driver.manage().timeouts().implicitlyWait(10, SECONDS): null

2018-12-11 14:52:12 - [TEST_STEP][PASSED] - Statement - PresavePath = KatalonScreenshots: null

2018-12-11 14:52:12 - [TEST_STEP][PASSED] - Statement - pathPrefix = "C:\Users\Public\Pictures\Sample Pictures\Katalon Screenshots\Automate Ending Screen": null

2018-12-11 14:52:12 - [TEST_STEP][PASSED] - Statement - finalPath = <not implemented yet for class: org.codehaus.groovy.ast.expr.EmptyExpression>: null

2018-12-11 14:52:12 - [TEST_STEP][PASSED] - Statement - scrFile = driver.getScreenshotAs(FILE): null

2018-12-11 14:52:12 - [TEST_STEP][PASSED] - Statement - PreSaveFile = new java.io.File(PresavePath): null

2018-12-11 14:52:12 - [TEST_STEP][PASSED] - Statement - counter = 0: null

2018-12-11 14:52:12 - [TEST_STEP][PASSED] - Statement - If (PreSaveFile.exists()): null

2018-12-11 14:52:12 - [TEST_STEP][PASSED] - Statement - While (PreSaveFile.exists()): null

2018-12-11 14:52:12 - [TEST_STEP][PASSED] - Statement - counter = counter + 1: null

2018-12-11 14:52:12 - [TEST_STEP][PASSED] - Statement - PreSaveFile = new java.io.File(((pathPrefix + java.lang.Integer.toString(counter)) + .png)): null

2018-12-11 14:52:12 - [TEST_STEP][PASSED] - Statement - counter = counter + 1: null

2018-12-11 14:52:12 - [TEST_STEP][PASSED] - Statement - PreSaveFile = new java.io.File(((pathPrefix + java.lang.Integer.toString(counter)) + .png)): null

2018-12-11 14:52:12 - [TEST_STEP][PASSED] - Statement - counter = counter + 1: null

2018-12-11 14:52:12 - [TEST_STEP][PASSED] - Statement - PreSaveFile = new java.io.File(((pathPrefix + java.lang.Integer.toString(counter)) + .png)): null

2018-12-11 14:52:12 - [TEST_STEP][PASSED] - Statement - counter = counter + 1: null

2018-12-11 14:52:12 - [TEST_STEP][PASSED] - Statement - PreSaveFile = new java.io.File(((pathPrefix + java.lang.Integer.toString(counter)) + .png)): null

2018-12-11 14:52:12 - [TEST_STEP][PASSED] - Statement - counter = counter + 1: null

2018-12-11 14:52:12 - [TEST_STEP][PASSED] - Statement - PreSaveFile = new java.io.File(((pathPrefix + java.lang.Integer.toString(counter)) + .png)): null

2018-12-11 14:52:12 - [TEST_STEP][PASSED] - Statement - counter = counter + 1: null

2018-12-11 14:52:12 - [TEST_STEP][PASSED] - Statement - PreSaveFile = new java.io.File(((pathPrefix + java.lang.Integer.toString(counter)) + .png)): null

2018-12-11 14:52:12 - [TEST_STEP][PASSED] - Statement - counter = counter + 1: null

2018-12-11 14:52:12 - [TEST_STEP][PASSED] - Statement - PreSaveFile = new java.io.File(((pathPrefix + java.lang.Integer.toString(counter)) + .png)): null

2018-12-11 14:52:12 - [TEST_STEP][PASSED] - Statement - counter = counter + 1: null

2018-12-11 14:52:12 - [TEST_STEP][PASSED] - Statement - PreSaveFile = new java.io.File(((pathPrefix + java.lang.Integer.toString(counter)) + .png)): null

2018-12-11 14:52:12 - [TEST_STEP][PASSED] - Statement - counter = counter + 1: null

2018-12-11 14:52:12 - [TEST_STEP][PASSED] - Statement - PreSaveFile = new java.io.File(((pathPrefix + java.lang.Integer.toString(counter)) + .png)): null

2018-12-11 14:52:12 - [TEST_STEP][PASSED] - Statement - counter = counter + 1: null

2018-12-11 14:52:12 - [TEST_STEP][PASSED] - Statement - PreSaveFile = new java.io.File(((pathPrefix + java.lang.Integer.toString(counter)) + .png)): null

2018-12-11 14:52:12 - [TEST_STEP][PASSED] - Statement - counter = counter + 1: null

2018-12-11 14:52:12 - [TEST_STEP][PASSED] - Statement - PreSaveFile = new java.io.File(((pathPrefix + java.lang.Integer.toString(counter)) + .png)): null

2018-12-11 14:52:12 - [TEST_STEP][PASSED] - Statement - counter = counter + 1: null

2018-12-11 14:52:12 - [TEST_STEP][PASSED] - Statement - PreSaveFile = new java.io.File(((pathPrefix + java.lang.Integer.toString(counter)) + .png)): null

2018-12-11 14:52:12 - [TEST_STEP][PASSED] - Statement - counter = counter + 1: null

2018-12-11 14:52:12 - [TEST_STEP][PASSED] - Statement - PreSaveFile = new java.io.File(((pathPrefix + java.lang.Integer.toString(counter)) + .png)): null

2018-12-11 14:52:12 - [TEST_STEP][PASSED] - Statement - counter = counter + 1: null

2018-12-11 14:52:12 - [TEST_STEP][PASSED] - Statement - PreSaveFile = new java.io.File(((pathPrefix + java.lang.Integer.toString(counter)) + .png)): null

2018-12-11 14:52:12 - [TEST_STEP][PASSED] - Statement - counter = counter + 1: null

2018-12-11 14:52:12 - [TEST_STEP][PASSED] - Statement - PreSaveFile = new java.io.File(((pathPrefix + java.lang.Integer.toString(counter)) + .png)): null

2018-12-11 14:52:12 - [TEST_STEP][PASSED] - Statement - counter = counter + 1: null

2018-12-11 14:52:12 - [TEST_STEP][PASSED] - Statement - PreSaveFile = new java.io.File(((pathPrefix + java.lang.Integer.toString(counter)) + .png)): null

2018-12-11 14:52:12 - [TEST_STEP][PASSED] - Statement - counter = counter + 1: null

2018-12-11 14:52:12 - [TEST_STEP][PASSED] - Statement - PreSaveFile = new java.io.File(((pathPrefix + java.lang.Integer.toString(counter)) + .png)): null

2018-12-11 14:52:12 - [TEST_STEP][PASSED] - Statement - counter = counter + 1: null

2018-12-11 14:52:12 - [TEST_STEP][PASSED] - Statement - PreSaveFile = new java.io.File(((pathPrefix + java.lang.Integer.toString(counter)) + .png)): null

2018-12-11 14:52:12 - [TEST_STEP][PASSED] - Statement - counter = counter + 1: null

2018-12-11 14:52:12 - [TEST_STEP][PASSED] - Statement - PreSaveFile = new java.io.File(((pathPrefix + java.lang.Integer.toString(counter)) + .png)): null

2018-12-11 14:52:12 - [TEST_STEP][PASSED] - Statement - counter = counter + 1: null

2018-12-11 14:52:12 - [TEST_STEP][PASSED] - Statement - PreSaveFile = new java.io.File(((pathPrefix + java.lang.Integer.toString(counter)) + .png)): null

2018-12-11 14:52:12 - [TEST_STEP][PASSED] - Statement - counter = counter + 1: null

2018-12-11 14:52:12 - [TEST_STEP][PASSED] - Statement - PreSaveFile = new java.io.File(((pathPrefix + java.lang.Integer.toString(counter)) + .png)): null

2018-12-11 14:52:12 - [TEST_STEP][PASSED] - Statement - counter = counter + 1: null

2018-12-11 14:52:12 - [TEST_STEP][PASSED] - Statement - PreSaveFile = new java.io.File(((pathPrefix + java.lang.Integer.toString(counter)) + .png)): null

2018-12-11 14:52:12 - [TEST_STEP][PASSED] - Statement - counter = counter + 1: null

2018-12-11 14:52:12 - [TEST_STEP][PASSED] - Statement - PreSaveFile = new java.io.File(((pathPrefix + java.lang.Integer.toString(counter)) + .png)): null

2018-12-11 14:52:12 - [TEST_STEP][PASSED] - Statement - counter = counter + 1: null

2018-12-11 14:52:12 - [TEST_STEP][PASSED] - Statement - PreSaveFile = new java.io.File(((pathPrefix + java.lang.Integer.toString(counter)) + .png)): null

2018-12-11 14:52:12 - [TEST_STEP][PASSED] - Statement - counter = counter + 1: null

2018-12-11 14:52:12 - [TEST_STEP][PASSED] - Statement - PreSaveFile = new java.io.File(((pathPrefix + java.lang.Integer.toString(counter)) + .png)): null

2018-12-11 14:52:12 - [TEST_STEP][PASSED] - Statement - counter = counter + 1: null

2018-12-11 14:52:12 - [TEST_STEP][PASSED] - Statement - PreSaveFile = new java.io.File(((pathPrefix + java.lang.Integer.toString(counter)) + .png)): null

2018-12-11 14:52:12 - [TEST_STEP][PASSED] - Statement - counter = counter + 1: null

2018-12-11 14:52:12 - [TEST_STEP][PASSED] - Statement - PreSaveFile = new java.io.File(((pathPrefix + java.lang.Integer.toString(counter)) + .png)): null

2018-12-11 14:52:12 - [TEST_STEP][PASSED] - Statement - counter = counter + 1: null

2018-12-11 14:52:12 - [TEST_STEP][PASSED] - Statement - PreSaveFile = new java.io.File(((pathPrefix + java.lang.Integer.toString(counter)) + .png)): null

2018-12-11 14:52:12 - [TEST_STEP][PASSED] - Statement - counter = counter + 1: null

2018-12-11 14:52:12 - [TEST_STEP][PASSED] - Statement - PreSaveFile = new java.io.File(((pathPrefix + java.lang.Integer.toString(counter)) + .png)): null

2018-12-11 14:52:12 - [TEST_STEP][PASSED] - Statement - counter = counter + 1: null

2018-12-11 14:52:12 - [TEST_STEP][PASSED] - Statement - PreSaveFile = new java.io.File(((pathPrefix + java.lang.Integer.toString(counter)) + .png)): null

2018-12-11 14:52:12 - [TEST_STEP][PASSED] - Statement - counter = counter + 1: null

2018-12-11 14:52:12 - [TEST_STEP][PASSED] - Statement - PreSaveFile = new java.io.File(((pathPrefix + java.lang.Integer.toString(counter)) + .png)): null

2018-12-11 14:52:12 - [TEST_STEP][PASSED] - Statement - counter = counter + 1: null

2018-12-11 14:52:12 - [TEST_STEP][PASSED] - Statement - PreSaveFile = new java.io.File(((pathPrefix + java.lang.Integer.toString(counter)) + .png)): null

2018-12-11 14:52:12 - [TEST_STEP][PASSED] - Statement - counter = counter + 1: null

2018-12-11 14:52:12 - [TEST_STEP][PASSED] - Statement - PreSaveFile = new java.io.File(((pathPrefix + java.lang.Integer.toString(counter)) + .png)): null

2018-12-11 14:52:12 - [TEST_STEP][PASSED] - Statement - counter = counter + 1: null

2018-12-11 14:52:12 - [TEST_STEP][PASSED] - Statement - PreSaveFile = new java.io.File(((pathPrefix + java.lang.Integer.toString(counter)) + .png)): null

2018-12-11 14:52:12 - [TEST_STEP][PASSED] - Statement - counter = counter + 1: null

2018-12-11 14:52:12 - [TEST_STEP][PASSED] - Statement - PreSaveFile = new java.io.File(((pathPrefix + java.lang.Integer.toString(counter)) + .png)): null

2018-12-11 14:52:12 - [TEST_STEP][PASSED] - Statement - counter = counter + 1: null

2018-12-11 14:52:12 - [TEST_STEP][PASSED] - Statement - PreSaveFile = new java.io.File(((pathPrefix + java.lang.Integer.toString(counter)) + .png)): null

2018-12-11 14:52:12 - [TEST_STEP][PASSED] - Statement - counter = counter + 1: null

2018-12-11 14:52:12 - [TEST_STEP][PASSED] - Statement - PreSaveFile = new java.io.File(((pathPrefix + java.lang.Integer.toString(counter)) + .png)): null

2018-12-11 14:52:12 - [TEST_STEP][PASSED] - Statement - counter = counter + 1: null

2018-12-11 14:52:12 - [TEST_STEP][PASSED] - Statement - PreSaveFile = new java.io.File(((pathPrefix + java.lang.Integer.toString(counter)) + .png)): null

2018-12-11 14:52:12 - [TEST_STEP][PASSED] - Statement - counter = counter + 1: null

2018-12-11 14:52:12 - [TEST_STEP][PASSED] - Statement - PreSaveFile = new java.io.File(((pathPrefix + java.lang.Integer.toString(counter)) + .png)): null

2018-12-11 14:52:12 - [TEST_STEP][PASSED] - Statement - counter = counter + 1: null

2018-12-11 14:52:12 - [TEST_STEP][PASSED] - Statement - PreSaveFile = new java.io.File(((pathPrefix + java.lang.Integer.toString(counter)) + .png)): null

2018-12-11 14:52:12 - [TEST_STEP][PASSED] - Statement - counter = counter + 1: null

2018-12-11 14:52:12 - [TEST_STEP][PASSED] - Statement - PreSaveFile = new java.io.File(((pathPrefix + java.lang.Integer.toString(counter)) + .png)): null

2018-12-11 14:52:12 - [TEST_STEP][PASSED] - Statement - counter = counter + 1: null

2018-12-11 14:52:12 - [TEST_STEP][PASSED] - Statement - PreSaveFile = new java.io.File(((pathPrefix + java.lang.Integer.toString(counter)) + .png)): null

2018-12-11 14:52:12 - [TEST_STEP][PASSED] - Statement - counter = counter + 1: null

2018-12-11 14:52:12 - [TEST_STEP][PASSED] - Statement - PreSaveFile = new java.io.File(((pathPrefix + java.lang.Integer.toString(counter)) + .png)): null

2018-12-11 14:52:12 - [TEST_STEP][PASSED] - Statement - counter = counter + 1: null

2018-12-11 14:52:12 - [TEST_STEP][PASSED] - Statement - PreSaveFile = new java.io.File(((pathPrefix + java.lang.Integer.toString(counter)) + .png)): null

2018-12-11 14:52:12 - [TEST_STEP][PASSED] - Statement - counter = counter + 1: null

2018-12-11 14:52:12 - [TEST_STEP][PASSED] - Statement - PreSaveFile = new java.io.File(((pathPrefix + java.lang.Integer.toString(counter)) + .png)): null

2018-12-11 14:52:12 - [TEST_STEP][PASSED] - Statement - counter = counter + 1: null

2018-12-11 14:52:12 - [TEST_STEP][PASSED] - Statement - PreSaveFile = new java.io.File(((pathPrefix + java.lang.Integer.toString(counter)) + .png)): null

2018-12-11 14:52:12 - [TEST_STEP][PASSED] - Statement - counter = counter + 1: null

2018-12-11 14:52:12 - [TEST_STEP][PASSED] - Statement - PreSaveFile = new java.io.File(((pathPrefix + java.lang.Integer.toString(counter)) + .png)): null

2018-12-11 14:52:12 - [TEST_STEP][PASSED] - Statement - counter = counter + 1: null

2018-12-11 14:52:12 - [TEST_STEP][PASSED] - Statement - PreSaveFile = new java.io.File(((pathPrefix + java.lang.Integer.toString(counter)) + .png)): null

2018-12-11 14:52:12 - [TEST_STEP][PASSED] - Statement - counter = counter + 1: null

2018-12-11 14:52:12 - [TEST_STEP][PASSED] - Statement - PreSaveFile = new java.io.File(((pathPrefix + java.lang.Integer.toString(counter)) + .png)): null

2018-12-11 14:52:12 - [TEST_STEP][PASSED] - Statement - counter = counter + 1: null

2018-12-11 14:52:12 - [TEST_STEP][PASSED] - Statement - PreSaveFile = new java.io.File(((pathPrefix + java.lang.Integer.toString(counter)) + .png)): null

2018-12-11 14:52:12 - [TEST_STEP][PASSED] - Statement - counter = counter + 1: null

2018-12-11 14:52:12 - [TEST_STEP][PASSED] - Statement - PreSaveFile = new java.io.File(((pathPrefix + java.lang.Integer.toString(counter)) + .png)): null

2018-12-11 14:52:12 - [TEST_STEP][PASSED] - Statement - counter = counter + 1: null

2018-12-11 14:52:12 - [TEST_STEP][PASSED] - Statement - PreSaveFile = new java.io.File(((pathPrefix + java.lang.Integer.toString(counter)) + .png)): null

2018-12-11 14:52:12 - [TEST_STEP][PASSED] - Statement - counter = counter + 1: null

2018-12-11 14:52:12 - [TEST_STEP][PASSED] - Statement - PreSaveFile = new java.io.File(((pathPrefix + java.lang.Integer.toString(counter)) + .png)): null

2018-12-11 14:52:12 - [TEST_STEP][PASSED] - Statement - counter = counter + 1: null

2018-12-11 14:52:12 - [TEST_STEP][PASSED] - Statement - PreSaveFile = new java.io.File(((pathPrefix + java.lang.Integer.toString(counter)) + .png)): null

2018-12-11 14:52:12 - [TEST_STEP][PASSED] - Statement - counter = counter + 1: null

2018-12-11 14:52:12 - [TEST_STEP][PASSED] - Statement - PreSaveFile = new java.io.File(((pathPrefix + java.lang.Integer.toString(counter)) + .png)): null

2018-12-11 14:52:12 - [TEST_STEP][PASSED] - Statement - counter = counter + 1: null

2018-12-11 14:52:12 - [TEST_STEP][PASSED] - Statement - PreSaveFile = new java.io.File(((pathPrefix + java.lang.Integer.toString(counter)) + .png)): null

2018-12-11 14:52:12 - [TEST_STEP][PASSED] - Statement - counter = counter + 1: null

2018-12-11 14:52:12 - [TEST_STEP][PASSED] - Statement - PreSaveFile = new java.io.File(((pathPrefix + java.lang.Integer.toString(counter)) + .png)): null

2018-12-11 14:52:12 - [TEST_STEP][PASSED] - Statement - counter = counter + 1: null

2018-12-11 14:52:12 - [TEST_STEP][PASSED] - Statement - PreSaveFile = new java.io.File(((pathPrefix + java.lang.Integer.toString(counter)) + .png)): null

2018-12-11 14:52:12 - [TEST_STEP][PASSED] - Statement - counter = counter + 1: null

2018-12-11 14:52:12 - [TEST_STEP][PASSED] - Statement - PreSaveFile = new java.io.File(((pathPrefix + java.lang.Integer.toString(counter)) + .png)): null

2018-12-11 14:52:12 - [TEST_STEP][PASSED] - Statement - finalPath = pathPrefix + java.lang.Integer.toString(counter) + ".png": null

2018-12-11 14:52:12 - [TEST_STEP][PASSED] - Statement - SaveFile = new java.io.File(finalPath): null

2018-12-11 14:52:12 - [TEST_STEP][PASSED] - Statement - Try: null

2018-12-11 14:52:12 - [TEST_STEP][PASSED] - Statement - org.apache.commons.io.FileUtils.copyFile(scrFile, SaveFile): null

2018-12-11 14:52:12 - [TEST_STEP][PASSED] - Statement - out.println("file kept"): null

2018-12-11 14:52:12 - [TEST_STEP][PASSED] - delay: Delayed 10 second(s)

2018-12-11 14:52:22 - [MESSAGE][PASSED] - Delayed 10 second(s)

2018-12-11 14:52:22 - [MESSAGE][PASSED] - Call Test Case 'Test Cases/Final Aug 2018 - PKS Automation/Registration Module/New Registration/Submit and Screenshot/Submit Registration and Screenshot' successfully

2018-12-11 14:52:22 - [TEST_STEP][PASSED] - delay: Delayed 5 second(s)

2018-12-11 14:52:27 - [MESSAGE][PASSED] - Delayed 5 second(s)

2018-12-11 14:52:27 - [TEST_STEP][PASSED] - callTestCase: Call Test Case 'Test Cases/Final Aug 2018 - PKS Automation/Registration Module/Log Out/log out avoiding katalon tagging' successfully

2018-12-11 14:52:27 - [TEST_CASE][PASSED] - Test Cases/Final Aug 2018 - PKS Automation/Registration Module/Log Out/log out avoiding katalon tagging: Test Cases/Final Aug 2018 - PKS Automation/Registration Module/Log Out/log out avoiding katalon tagging

2018-12-11 14:52:27 - [TEST_STEP][PASSED] - navigateToUrl: Navigate to 'https://assist2-uat.perkeso.gov.my/c/portal/logout' successfully

2018-12-11 14:52:28 - [MESSAGE][PASSED] - Navigate to 'https://assist2-uat.perkeso.gov.my/c/portal/logout' successfully

2018-12-11 14:52:28 - [MESSAGE][PASSED] - Call Test Case 'Test Cases/Final Aug 2018 - PKS Automation/Registration Module/Log Out/log out avoiding katalon tagging' successfully

2018-12-11 14:52:28 - [TEST_STEP][PASSED] - callTestCase: Call Test Case 'Test Cases/Final Aug 2018 - PKS Automation/Common/Workflow Owner Finder' successfully

2018-12-11 14:52:28 - [TEST_CASE][PASSED] - Test Cases/Final Aug 2018 - PKS Automation/Common/Workflow Owner Finder: Test Cases/Final Aug 2018 - PKS Automation/Common/Workflow Owner Finder

2018-12-11 14:52:28 - [TEST_STEP][PASSED] - openBrowser: Browser is opened with url: ''

2018-12-11 14:52:28 - [MESSAGE][WARNING] - A browser is already opened. Closing browser and opening a new one

2018-12-11 14:52:32 - [MESSAGE][PASSED] - Browser is opened with url: ''

2018-12-11 14:52:32 - [TEST_STEP][PASSED] - navigateToUrl: Navigate to 'https://assist2-uat.perkeso.gov.my/login' successfully

2018-12-11 14:52:33 - [MESSAGE][PASSED] - Navigate to 'https://assist2-uat.perkeso.gov.my/login' successfully

2018-12-11 14:52:33 - [TEST_STEP][PASSED] - delay: Delayed 5 second(s)

2018-12-11 14:52:38 - [MESSAGE][PASSED] - Delayed 5 second(s)

2018-12-11 14:52:38 - [TEST_STEP][PASSED] - setText: Text 'test@liferay.com' is set on object 'Object Repository/Final Object Repo/Login Page/Internal User/Email Address'

2018-12-11 14:52:39 - [MESSAGE][PASSED] - Text 'test@liferay.com' is set on object 'Object Repository/Final Object Repo/Login Page/Internal User/Email Address'

2018-12-11 14:52:39 - [TEST_STEP][PASSED] - click: Object: 'Object Repository/Final Object Repo/Login Page/Internal User/Next Button' is clicked on

2018-12-11 14:52:39 - [MESSAGE][PASSED] - Object: 'Object Repository/Final Object Repo/Login Page/Internal User/Next Button' is clicked on

2018-12-11 14:52:39 - [TEST_STEP][PASSED] - delay: Delayed 2 second(s)

2018-12-11 14:52:41 - [MESSAGE][PASSED] - Delayed 2 second(s)

2018-12-11 14:52:41 - [TEST_STEP][PASSED] - setText: Text 'test' is set on object 'Object Repository/Final Object Repo/Login Page/Internal User/Password'

2018-12-11 14:52:41 - [MESSAGE][PASSED] - Text 'test' is set on object 'Object Repository/Final Object Repo/Login Page/Internal User/Password'

2018-12-11 14:52:41 - [TEST_STEP][PASSED] - delay: Delayed 2 second(s)

2018-12-11 14:52:43 - [MESSAGE][PASSED] - Delayed 2 second(s)

2018-12-11 14:52:43 - [TEST_STEP][PASSED] - click: Object: 'Object Repository/Final Object Repo/Login Page/Internal User/Login Button' is clicked on

2018-12-11 14:52:43 - [MESSAGE][PASSED] - Object: 'Object Repository/Final Object Repo/Login Page/Internal User/Login Button' is clicked on

2018-12-11 14:52:43 - [TEST_STEP][PASSED] - Statement - tester = com.kms.katalon.core.testobject.ObjectRepository.findTestObject(Final Object Repo/Landing Page/Select to English): Finding Test Object with id 'Object Repository/Final Object Repo/Landing Page/Select to English'

2018-12-11 14:52:43 - [TEST_STEP][PASSED] - Statement - Try: Delayed 2 second(s)

2018-12-11 14:52:43 - [TEST_STEP][PASSED] - Statement - Checker = com.kms.katalon.core.webui.keyword.WebUiBuiltInKeywords.verifyElementNotPresent(tester, 3): Web element with id: 'Object Repository/Final Object Repo/Landing Page/Select to English' located by 'By.xpath: //a[@class = 'taglib-language-list-text' and @lang = 'en-US' and (contains(text(), 'EN') or contains(., 'EN'))]' is not present after '3' second(s)

2018-12-11 14:52:45 - [MESSAGE][PASSED] - Web element with id: 'Object Repository/Final Object Repo/Landing Page/Select to English' located by 'By.xpath: //a[@class = 'taglib-language-list-text' and @lang = 'en-US' and (contains(text(), 'EN') or contains(., 'EN'))]' is not present after '3' second(s)

2018-12-11 14:52:45 - [TEST_STEP][PASSED] - Statement - If (Checker == false): null

2018-12-11 14:52:45 - [TEST_STEP][PASSED] - delay: Delayed 2 second(s)

2018-12-11 14:52:47 - [MESSAGE][PASSED] - Delayed 2 second(s)

2018-12-11 14:52:47 - [TEST_STEP][PASSED] - delay: Delayed 5 second(s)

2018-12-11 14:52:52 - [MESSAGE][PASSED] - Delayed 5 second(s)

2018-12-11 14:52:52 - [TEST_STEP][PASSED] - mouseOver: Object: 'Object Repository/Final Object Repo/Landing Page/WorkFlow Menu' is hovered

2018-12-11 14:52:52 - [MESSAGE][PASSED] - Object: 'Object Repository/Final Object Repo/Landing Page/WorkFlow Menu' is hovered

2018-12-11 14:52:52 - [TEST_STEP][PASSED] - delay: Delayed 2 second(s)

2018-12-11 14:52:54 - [MESSAGE][PASSED] - Delayed 2 second(s)

2018-12-11 14:52:54 - [TEST_STEP][PASSED] - click: Object: 'Object Repository/Final Object Repo/Landing Page/Select to Workflow Listing' is clicked on

2018-12-11 14:52:56 - [MESSAGE][PASSED] - Object: 'Object Repository/Final Object Repo/Landing Page/Select to Workflow Listing' is clicked on

2018-12-11 14:52:56 - [TEST_STEP][PASSED] - delay: Delayed 2 second(s)

2018-12-11 14:52:58 - [MESSAGE][PASSED] - Delayed 2 second(s)

2018-12-11 14:52:58 - [TEST_STEP][PASSED] - click: Object: 'Object Repository/Final Object Repo/WorkFlow Listing Page/Search Information - To Put Ref No' is clicked on

2018-12-11 14:52:58 - [MESSAGE][PASSED] - Object: 'Object Repository/Final Object Repo/WorkFlow Listing Page/Search Information - To Put Ref No' is clicked on

2018-12-11 14:52:58 - [TEST_STEP][PASSED] - delay: Delayed 2 second(s)

2018-12-11 14:53:00 - [MESSAGE][PASSED] - Delayed 2 second(s)

2018-12-11 14:53:00 - [TEST_STEP][PASSED] - callTestCase: Call Test Case 'Test Cases/Final Aug 2018 - PKS Automation/Common/Reference Number Getter' successfully

2018-12-11 14:53:00 - [TEST_CASE][PASSED] - Test Cases/Final Aug 2018 - PKS Automation/Common/Reference Number Getter: Test Cases/Final Aug 2018 - PKS Automation/Common/Reference Number Getter

2018-12-11 14:53:00 - [TEST_STEP][PASSED] - Statement - Try: null

2018-12-11 14:53:00 - [TEST_STEP][PASSED] - Statement - RefNo = new java.io.File(C://Users//Admin//Desktop//PKS//Automation Reference Point//KatalonReference.txt): null

2018-12-11 14:53:00 - [TEST_STEP][PASSED] - Statement - bufferread = new java.io.BufferedReader(new java.io.FileReader(RefNo)): null

2018-12-11 14:53:00 - [TEST_STEP][PASSED] - Statement - readedVal = bufferread.readLine(): null

2018-12-11 14:53:00 - [TEST_STEP][PASSED] - Statement - out.println(CaseReferenceNo): null

2018-12-11 14:53:00 - [TEST_STEP][PASSED] - Statement - out.println(readedVal): null

2018-12-11 14:53:00 - [TEST_STEP][PASSED] - Statement - CaseReferenceNo = "": null

2018-12-11 14:53:00 - [TEST_STEP][PASSED] - Statement - CaseReferenceNo = readedVal: null

2018-12-11 14:53:00 - [MESSAGE][PASSED] - Call Test Case 'Test Cases/Final Aug 2018 - PKS Automation/Common/Reference Number Getter' successfully

2018-12-11 14:53:00 - [TEST_STEP][PASSED] - setText: Text 'CRN12201800123176' is set on object 'Object Repository/Final Object Repo/WorkFlow Listing Page/Ref No Set Text'

2018-12-11 14:53:00 - [MESSAGE][PASSED] - Text 'CRN12201800123176' is set on object 'Object Repository/Final Object Repo/WorkFlow Listing Page/Ref No Set Text'

2018-12-11 14:53:00 - [TEST_STEP][PASSED] - delay: Delayed 2 second(s)

2018-12-11 14:53:02 - [MESSAGE][PASSED] - Delayed 2 second(s)

2018-12-11 14:53:02 - [TEST_STEP][PASSED] - click: Object: 'Object Repository/Final Object Repo/WorkFlow Listing Page/Search Ref No Search Button' is clicked on

2018-12-11 14:53:02 - [MESSAGE][PASSED] - Object: 'Object Repository/Final Object Repo/WorkFlow Listing Page/Search Ref No Search Button' is clicked on

2018-12-11 14:53:02 - [TEST_STEP][PASSED] - delay: Delayed 6 second(s)

2018-12-11 14:53:08 - [MESSAGE][PASSED] - Delayed 6 second(s)

2018-12-11 14:53:08 - [TEST_STEP][PASSED] - click: Object: 'Object Repository/Final Object Repo/WorkFlow Listing Page/Click Continue Tooltip' is clicked on

2018-12-11 14:53:09 - [MESSAGE][PASSED] - Object: 'Object Repository/Final Object Repo/WorkFlow Listing Page/Click Continue Tooltip' is clicked on

2018-12-11 14:53:09 - [TEST_STEP][PASSED] - delay: Delayed 5 second(s)

2018-12-11 14:53:14 - [MESSAGE][PASSED] - Delayed 5 second(s)

2018-12-11 14:53:14 - [TEST_STEP][PASSED] - doubleClick: Object: 'Object Repository/Final Object Repo/WorkFlow Listing Page/Workflow Found - Listing 1' is double clicked on

2018-12-11 14:53:15 - [MESSAGE][PASSED] - Object: 'Object Repository/Final Object Repo/WorkFlow Listing Page/Workflow Found - Listing 1' is double clicked on

2018-12-11 14:53:15 - [TEST_STEP][PASSED] - Statement - println(OwnerID): null

2018-12-11 14:53:15 - [TEST_STEP][PASSED] - Statement - OwnerID = com.kms.katalon.core.webui.keyword.WebUiBuiltInKeywords.getText(com.kms.katalon.core.testobject.ObjectRepository.findTestObject(Final Object Repo/WorkFlow Listing Page/Workflow Found - Listing 1), STOP_ON_FAILURE): Text of object 'Object Repository/Final Object Repo/WorkFlow Listing Page/Workflow Found - Listing 1' is: 'JOHORro2'

2018-12-11 14:53:15 - [MESSAGE][PASSED] - Text of object 'Object Repository/Final Object Repo/WorkFlow Listing Page/Workflow Found - Listing 1' is: 'JOHORro2'

2018-12-11 14:53:15 - [TEST_STEP][PASSED] - Statement - OwnerID = OwnerID.toLowerCase() + "@gmail.com": null

2018-12-11 14:53:15 - [TEST_STEP][PASSED] - Statement - println(OwnerID): null

2018-12-11 14:53:15 - [TEST_STEP][PASSED] - delay: Delayed 2 second(s)

2018-12-11 14:53:17 - [MESSAGE][PASSED] - Delayed 2 second(s)

2018-12-11 14:53:17 - [MESSAGE][PASSED] - Call Test Case 'Test Cases/Final Aug 2018 - PKS Automation/Common/Workflow Owner Finder' successfully

2018-12-11 14:53:17 - [TEST_STEP][PASSED] - callTestCase: Call Test Case 'Test Cases/Final Aug 2018 - PKS Automation/Registration Module/Log Out/log out avoiding katalon tagging' successfully

2018-12-11 14:53:17 - [TEST_CASE][PASSED] - Test Cases/Final Aug 2018 - PKS Automation/Registration Module/Log Out/log out avoiding katalon tagging: Test Cases/Final Aug 2018 - PKS Automation/Registration Module/Log Out/log out avoiding katalon tagging

2018-12-11 14:53:17 - [TEST_STEP][PASSED] - navigateToUrl: Navigate to 'https://assist2-uat.perkeso.gov.my/c/portal/logout' successfully

2018-12-11 14:53:18 - [MESSAGE][PASSED] - Navigate to 'https://assist2-uat.perkeso.gov.my/c/portal/logout' successfully

2018-12-11 14:53:18 - [MESSAGE][PASSED] - Call Test Case 'Test Cases/Final Aug 2018 - PKS Automation/Registration Module/Log Out/log out avoiding katalon tagging' successfully

2018-12-11 14:53:18 - [TEST_STEP][PASSED] - delay: Delayed 2 second(s)

2018-12-11 14:53:20 - [MESSAGE][PASSED] - Delayed 2 second(s)

2018-12-11 14:53:20 - [TEST_STEP][PASSED] - setText: Text 'johorro2@gmail.com' is set on object 'Object Repository/Final Object Repo/New Registration - Registration Module Pages/New Reg - OTC to RO/Special Case - All Related Objects/Email TextBox'

2018-12-11 14:53:20 - [MESSAGE][PASSED] - Text 'johorro2@gmail.com' is set on object 'Object Repository/Final Object Repo/New Registration - Registration Module Pages/New Reg - OTC to RO/Special Case - All Related Objects/Email TextBox'

2018-12-11 14:53:20 - [TEST_STEP][PASSED] - click: Object: 'Object Repository/Final Object Repo/New Registration - Registration Module Pages/New Reg - OTC to RO/Special Case - All Related Objects/Next Button' is clicked on

2018-12-11 14:53:20 - [MESSAGE][PASSED] - Object: 'Object Repository/Final Object Repo/New Registration - Registration Module Pages/New Reg - OTC to RO/Special Case - All Related Objects/Next Button' is clicked on

2018-12-11 14:53:20 - [TEST_STEP][PASSED] - delay: Delayed 2 second(s)

2018-12-11 14:53:22 - [MESSAGE][PASSED] - Delayed 2 second(s)

2018-12-11 14:53:22 - [TEST_STEP][PASSED] - setText: Text 'Test1@3456789' is set on object 'Object Repository/Final Object Repo/New Registration - Registration Module Pages/New Reg - OTC to RO/Special Case - All Related Objects/Password TextBox'

2018-12-11 14:53:22 - [MESSAGE][PASSED] - Text 'Test1@3456789' is set on object 'Object Repository/Final Object Repo/New Registration - Registration Module Pages/New Reg - OTC to RO/Special Case - All Related Objects/Password TextBox'

2018-12-11 14:53:22 - [TEST_STEP][PASSED] - delay: Delayed 2 second(s)

2018-12-11 14:53:24 - [MESSAGE][PASSED] - Delayed 2 second(s)

2018-12-11 14:53:24 - [TEST_STEP][PASSED] - click: Object: 'Object Repository/Final Object Repo/New Registration - Registration Module Pages/New Reg - OTC to RO/Special Case - All Related Objects/Login Button' is clicked on

2018-12-11 14:53:25 - [MESSAGE][PASSED] - Object: 'Object Repository/Final Object Repo/New Registration - Registration Module Pages/New Reg - OTC to RO/Special Case - All Related Objects/Login Button' is clicked on

2018-12-11 14:53:25 - [TEST_STEP][PASSED] - delay: Delayed 2 second(s)

2018-12-11 14:53:27 - [MESSAGE][PASSED] - Delayed 2 second(s)

2018-12-11 14:53:27 - [TEST_STEP][PASSED] - Statement - Try: null

2018-12-11 14:53:27 - [TEST_STEP][PASSED] - Statement - Checker = com.kms.katalon.core.webui.keyword.WebUiBuiltInKeywords.verifyElementNotPresent("Final Object Repo/Landing Page/Select to English", 3): null

2018-12-11 14:53:27 - [TEST_STEP][PASSED] - Statement - Catch (Exception e): null

2018-12-11 14:53:27 - [TEST_STEP][PASSED] - Statement - e.printStackTrace(): null

2018-12-11 14:53:27 - [TEST_STEP][PASSED] - click: Object: 'Object Repository/Final Object Repo/New Registration - Registration Module Pages/New Reg - OTC to RO/Special Case - All Related Objects/Expand to Search' is clicked on

2018-12-11 14:53:27 - [MESSAGE][PASSED] - Object: 'Object Repository/Final Object Repo/New Registration - Registration Module Pages/New Reg - OTC to RO/Special Case - All Related Objects/Expand to Search' is clicked on

2018-12-11 14:53:27 - [TEST_STEP][PASSED] - delay: Delayed 2 second(s)

2018-12-11 14:53:29 - [MESSAGE][PASSED] - Delayed 2 second(s)

2018-12-11 14:53:29 - [TEST_STEP][PASSED] - setText: Text 'CRN12201800123176' is set on object 'Object Repository/Final Object Repo/New Registration - Registration Module Pages/New Reg - OTC to RO/Special Case - All Related Objects/TextBox RefNo in Workbasket'

2018-12-11 14:53:29 - [MESSAGE][PASSED] - Text 'CRN12201800123176' is set on object 'Object Repository/Final Object Repo/New Registration - Registration Module Pages/New Reg - OTC to RO/Special Case - All Related Objects/TextBox RefNo in Workbasket'

2018-12-11 14:53:29 - [TEST_STEP][PASSED] - delay: Delayed 2 second(s)

2018-12-11 14:53:31 - [MESSAGE][PASSED] - Delayed 2 second(s)

2018-12-11 14:53:31 - [TEST_STEP][PASSED] - click: Object: 'Object Repository/Final Object Repo/New Registration - Registration Module Pages/New Reg - OTC to RO/Special Case - All Related Objects/Click Search' is clicked on

2018-12-11 14:53:31 - [MESSAGE][PASSED] - Object: 'Object Repository/Final Object Repo/New Registration - Registration Module Pages/New Reg - OTC to RO/Special Case - All Related Objects/Click Search' is clicked on

2018-12-11 14:53:31 - [TEST_STEP][PASSED] - delay: Delayed 2 second(s)

2018-12-11 14:53:33 - [MESSAGE][PASSED] - Delayed 2 second(s)

2018-12-11 14:53:33 - [TEST_STEP][PASSED] - click: Object: 'Object Repository/Final Object Repo/New Registration - Registration Module Pages/New Reg - OTC to RO/Special Case - All Related Objects/Click to Continue Workflow' is clicked on

2018-12-11 14:53:37 - [MESSAGE][PASSED] - Object: 'Object Repository/Final Object Repo/New Registration - Registration Module Pages/New Reg - OTC to RO/Special Case - All Related Objects/Click to Continue Workflow' is clicked on

2018-12-11 14:53:37 - [TEST_STEP][PASSED] - delay: Delayed 2 second(s)

2018-12-11 14:53:39 - [MESSAGE][PASSED] - Delayed 2 second(s)

2018-12-11 14:53:39 - [TEST_STEP][PASSED] - click: Object: 'Object Repository/Final Object Repo/New Registration - Registration Module Pages/New Reg - OTC to RO/Special Case - All Related Objects/Continue Button in verifying case' is clicked on

2018-12-11 14:53:41 - [MESSAGE][PASSED] - Object: 'Object Repository/Final Object Repo/New Registration - Registration Module Pages/New Reg - OTC to RO/Special Case - All Related Objects/Continue Button in verifying case' is clicked on

2018-12-11 14:53:41 - [TEST_STEP][PASSED] - delay: Delayed 2 second(s)

2018-12-11 14:53:43 - [MESSAGE][PASSED] - Delayed 2 second(s)

2018-12-11 14:53:43 - [TEST_STEP][PASSED] - click: Object: 'Object Repository/Final Object Repo/New Registration - Registration Module Pages/New Reg - OTC to RO/Special Case - All Related Objects/Form 1 Save n Continue' is clicked on

2018-12-11 14:53:43 - [MESSAGE][PASSED] - Object: 'Object Repository/Final Object Repo/New Registration - Registration Module Pages/New Reg - OTC to RO/Special Case - All Related Objects/Form 1 Save n Continue' is clicked on

2018-12-11 14:53:43 - [TEST_STEP][PASSED] - delay: Delayed 5 second(s)

2018-12-11 14:53:48 - [MESSAGE][PASSED] - Delayed 5 second(s)

2018-12-11 14:53:48 - [TEST_STEP][PASSED] - click: Object: 'Object Repository/Final Object Repo/New Registration - Registration Module Pages/New Reg - OTC to RO/Special Case - OTC - Form 1/Confirm No Flagging as Branch' is clicked on

2018-12-11 14:53:48 - [MESSAGE][PASSED] - Object: 'Object Repository/Final Object Repo/New Registration - Registration Module Pages/New Reg - OTC to RO/Special Case - OTC - Form 1/Confirm No Flagging as Branch' is clicked on

2018-12-11 14:53:48 - [TEST_STEP][PASSED] - delay: Delayed 2 second(s)

2018-12-11 14:53:50 - [MESSAGE][PASSED] - Delayed 2 second(s)

2018-12-11 14:53:50 - [TEST_STEP][PASSED] - click: Object: 'Object Repository/Final Object Repo/New Registration - Registration Module Pages/New Reg - OTC to RO/Special Case - All Related Objects/Form 2 Save n Continue' is clicked on

2018-12-11 14:53:50 - [MESSAGE][PASSED] - Object: 'Object Repository/Final Object Repo/New Registration - Registration Module Pages/New Reg - OTC to RO/Special Case - All Related Objects/Form 2 Save n Continue' is clicked on

2018-12-11 14:53:50 - [TEST_STEP][PASSED] - delay: Delayed 2 second(s)

2018-12-11 14:53:52 - [MESSAGE][PASSED] - Delayed 2 second(s)

2018-12-11 14:53:52 - [TEST_STEP][PASSED] - click: Object: 'Object Repository/Final Object Repo/New Registration - Registration Module Pages/New Reg - OTC to RO/Special Case - All Related Objects/Third Screen Save n Continue' is clicked on

2018-12-11 14:53:58 - [MESSAGE][PASSED] - Object: 'Object Repository/Final Object Repo/New Registration - Registration Module Pages/New Reg - OTC to RO/Special Case - All Related Objects/Third Screen Save n Continue' is clicked on

2018-12-11 14:53:58 - [TEST_STEP][PASSED] - setText: Text 'Query case' is set on object 'Object Repository/Final Object Repo/New Registration - Registration Module Pages/New Reg - OTC to RO/Special Case - All Related Objects/Query Text Input'

2018-12-11 14:53:58 - [MESSAGE][PASSED] - Text 'Query case' is set on object 'Object Repository/Final Object Repo/New Registration - Registration Module Pages/New Reg - OTC to RO/Special Case - All Related Objects/Query Text Input'

2018-12-11 14:53:58 - [TEST_STEP][PASSED] - delay: Delayed 5 second(s)

2018-12-11 14:54:03 - [MESSAGE][PASSED] - Delayed 5 second(s)

2018-12-11 14:54:03 - [TEST_STEP][PASSED] - click: Object: 'Object Repository/Final Object Repo/New Registration - Registration Module Pages/New Reg - OTC to RO/Special Case - All Related Objects/Upload Doc Page Save n Continue' is clicked on

2018-12-11 14:54:03 - [MESSAGE][PASSED] - Object: 'Object Repository/Final Object Repo/New Registration - Registration Module Pages/New Reg - OTC to RO/Special Case - All Related Objects/Upload Doc Page Save n Continue' is clicked on

2018-12-11 14:54:03 - [TEST_STEP][PASSED] - click: Object: 'Object Repository/Final Object Repo/New Registration - Registration Module Pages/New Reg - OTC to RO/Special Case - All Related Objects/Query Button' is clicked on

2018-12-11 14:54:08 - [MESSAGE][PASSED] - Object: 'Object Repository/Final Object Repo/New Registration - Registration Module Pages/New Reg - OTC to RO/Special Case - All Related Objects/Query Button' is clicked on

2018-12-11 14:54:08 - [TEST_STEP][PASSED] - click: Object: 'Object Repository/Final Object Repo/New Registration - Registration Module Pages/New Reg - OTC to RO/Special Case - All Related Objects/Confirm to Query' is clicked on

2018-12-11 14:54:08 - [MESSAGE][PASSED] - Object: 'Object Repository/Final Object Repo/New Registration - Registration Module Pages/New Reg - OTC to RO/Special Case - All Related Objects/Confirm to Query' is clicked on

2018-12-11 14:54:08 - [TEST_STEP][PASSED] - delay: Delayed 5 second(s)

2018-12-11 14:54:13 - [MESSAGE][PASSED] - Delayed 5 second(s)

2018-12-11 14:54:13 - [TEST_STEP][PASSED] - callTestCase: Call Test Case 'Test Cases/Final Aug 2018 - PKS Automation/Registration Module/Log Out/log out avoiding katalon tagging' successfully

2018-12-11 14:54:13 - [TEST_CASE][PASSED] - Test Cases/Final Aug 2018 - PKS Automation/Registration Module/Log Out/log out avoiding katalon tagging: Test Cases/Final Aug 2018 - PKS Automation/Registration Module/Log Out/log out avoiding katalon tagging

2018-12-11 14:54:13 - [TEST_STEP][PASSED] - navigateToUrl: Navigate to 'https://assist2-uat.perkeso.gov.my/c/portal/logout' successfully

2018-12-11 14:54:16 - [MESSAGE][PASSED] - Navigate to 'https://assist2-uat.perkeso.gov.my/c/portal/logout' successfully

2018-12-11 14:54:16 - [MESSAGE][PASSED] - Call Test Case 'Test Cases/Final Aug 2018 - PKS Automation/Registration Module/Log Out/log out avoiding katalon tagging' successfully

2018-12-11 14:54:16 - [TEST_STEP][PASSED] - delay: Delayed 2 second(s)

2018-12-11 14:54:18 - [MESSAGE][PASSED] - Delayed 2 second(s)

2018-12-11 14:54:18 - [TEST_STEP][PASSED] - setText: Text 'klotc2@gmail.com' is set on object 'Object Repository/Final Object Repo/New Registration - Registration Module Pages/New Reg - OTC to RO/Special Case - All Related Objects/Email TextBox'

2018-12-11 14:54:19 - [MESSAGE][PASSED] - Text 'klotc2@gmail.com' is set on object 'Object Repository/Final Object Repo/New Registration - Registration Module Pages/New Reg - OTC to RO/Special Case - All Related Objects/Email TextBox'

2018-12-11 14:54:19 - [TEST_STEP][PASSED] - delay: Delayed 2 second(s)

2018-12-11 14:54:21 - [MESSAGE][PASSED] - Delayed 2 second(s)

2018-12-11 14:54:21 - [TEST_STEP][PASSED] - click: Object: 'Object Repository/Final Object Repo/Login Page/Internal User/Next Button' is clicked on

2018-12-11 14:54:21 - [MESSAGE][PASSED] - Object: 'Object Repository/Final Object Repo/Login Page/Internal User/Next Button' is clicked on

2018-12-11 14:54:21 - [TEST_STEP][PASSED] - delay: Delayed 2 second(s)

2018-12-11 14:54:23 - [MESSAGE][PASSED] - Delayed 2 second(s)

2018-12-11 14:54:23 - [TEST_STEP][PASSED] - setText: Text 'Test1@3456789' is set on object 'Object Repository/Final Object Repo/Login Page/Internal User/Password'

2018-12-11 14:54:23 - [MESSAGE][PASSED] - Text 'Test1@3456789' is set on object 'Object Repository/Final Object Repo/Login Page/Internal User/Password'

2018-12-11 14:54:23 - [TEST_STEP][PASSED] - delay: Delayed 2 second(s)

2018-12-11 14:54:25 - [MESSAGE][PASSED] - Delayed 2 second(s)

2018-12-11 14:54:25 - [TEST_STEP][PASSED] - click: Object: 'Object Repository/Final Object Repo/Login Page/Internal User/Login Button' is clicked on

2018-12-11 14:54:25 - [MESSAGE][PASSED] - Object: 'Object Repository/Final Object Repo/Login Page/Internal User/Login Button' is clicked on

2018-12-11 14:54:25 - [TEST_STEP][PASSED] - delay: Delayed 2 second(s)

2018-12-11 14:54:27 - [MESSAGE][PASSED] - Delayed 2 second(s)

2018-12-11 14:54:27 - [TEST_STEP][PASSED] - Statement - Try: null

2018-12-11 14:54:27 - [TEST_STEP][PASSED] - Statement - Checker = com.kms.katalon.core.webui.keyword.WebUiBuiltInKeywords.verifyElementNotPresent("PKS_SIP_Updated_RegModule/Attempt/Page_MyASSIST - ASSIST/Select to English", 3): null

2018-12-11 14:54:27 - [TEST_STEP][PASSED] - Statement - Catch (Exception e): null

2018-12-11 14:54:27 - [TEST_STEP][PASSED] - Statement - e.printStackTrace(): null

2018-12-11 14:54:27 - [TEST_STEP][PASSED] - delay: Delayed 4 second(s)

2018-12-11 14:54:31 - [MESSAGE][PASSED] - Delayed 4 second(s)

2018-12-11 14:54:31 - [TEST_STEP][PASSED] - click: Object: 'Object Repository/Final Object Repo/Landing Page/My Sites Drop Down' is clicked on

2018-12-11 14:54:31 - [MESSAGE][PASSED] - Object: 'Object Repository/Final Object Repo/Landing Page/My Sites Drop Down' is clicked on

2018-12-11 14:54:31 - [TEST_STEP][PASSED] - click: Object: 'Object Repository/Final Object Repo/Landing Page/Select to Registration Module' is clicked on

2018-12-11 14:54:32 - [MESSAGE][PASSED] - Object: 'Object Repository/Final Object Repo/Landing Page/Select to Registration Module' is clicked on

2018-12-11 14:54:32 - [TEST_STEP][PASSED] - delay: Delayed 2 second(s)

2018-12-11 14:54:34 - [MESSAGE][PASSED] - Delayed 2 second(s)

2018-12-11 14:54:34 - [TEST_STEP][PASSED] - mouseOver: Object: 'Object Repository/Final Object Repo/New Registration - Registration Module Pages/New Reg - OTC to RO/Special Case - All Related Objects/Hover Over Search Drop Down' is hovered

2018-12-11 14:54:34 - [MESSAGE][PASSED] - Object: 'Object Repository/Final Object Repo/New Registration - Registration Module Pages/New Reg - OTC to RO/Special Case - All Related Objects/Hover Over Search Drop Down' is hovered

2018-12-11 14:54:34 - [TEST_STEP][PASSED] - click: Object: 'Object Repository/Final Object Repo/New Registration - Registration Module Pages/New Reg - OTC to RO/Special Case - All Related Objects/Select Search Pending Case' is clicked on

2018-12-11 14:54:35 - [MESSAGE][PASSED] - Object: 'Object Repository/Final Object Repo/New Registration - Registration Module Pages/New Reg - OTC to RO/Special Case - All Related Objects/Select Search Pending Case' is clicked on

2018-12-11 14:54:35 - [TEST_STEP][PASSED] - click: Object: 'Object Repository/Final Object Repo/New Registration - Registration Module Pages/New Reg - OTC to RO/Special Case - All Related Objects/Select Searching Method (Employer Code)' is clicked on

2018-12-11 14:54:35 - [MESSAGE][PASSED] - Object: 'Object Repository/Final Object Repo/New Registration - Registration Module Pages/New Reg - OTC to RO/Special Case - All Related Objects/Select Searching Method (Employer Code)' is clicked on

2018-12-11 14:54:35 - [TEST_STEP][PASSED] - click: Object: 'Object Repository/Final Object Repo/New Registration - Registration Module Pages/New Reg - OTC to RO/Special Case - All Related Objects/Select Searching Method to Reference ID' is clicked on

2018-12-11 14:54:35 - [MESSAGE][PASSED] - Object: 'Object Repository/Final Object Repo/New Registration - Registration Module Pages/New Reg - OTC to RO/Special Case - All Related Objects/Select Searching Method to Reference ID' is clicked on

2018-12-11 14:54:35 - [TEST_STEP][PASSED] - setText: Text 'CRN12201800123176' is set on object 'Object Repository/Final Object Repo/New Registration - Registration Module Pages/New Reg - OTC to RO/Special Case - All Related Objects/Pending Case Ref NO'

2018-12-11 14:54:36 - [MESSAGE][PASSED] - Text 'CRN12201800123176' is set on object 'Object Repository/Final Object Repo/New Registration - Registration Module Pages/New Reg - OTC to RO/Special Case - All Related Objects/Pending Case Ref NO'

2018-12-11 14:54:36 - [TEST_STEP][PASSED] - click: Object: 'Object Repository/Final Object Repo/New Registration - Registration Module Pages/New Reg - OTC to RO/Special Case - All Related Objects/Search Pending Case Based on Ref No' is clicked on

2018-12-11 14:54:36 - [MESSAGE][PASSED] - Object: 'Object Repository/Final Object Repo/New Registration - Registration Module Pages/New Reg - OTC to RO/Special Case - All Related Objects/Search Pending Case Based on Ref No' is clicked on

2018-12-11 14:54:36 - [TEST_STEP][PASSED] - click: Object: 'Object Repository/Final Object Repo/New Registration - Registration Module Pages/New Reg - OTC to RO/Special Case - All Related Objects/Action Button after found case' is clicked on

2018-12-11 14:54:39 - [MESSAGE][PASSED] - Object: 'Object Repository/Final Object Repo/New Registration - Registration Module Pages/New Reg - OTC to RO/Special Case - All Related Objects/Action Button after found case' is clicked on

2018-12-11 14:54:39 - [TEST_STEP][PASSED] - click: Object: 'Object Repository/Final Object Repo/New Registration - Registration Module Pages/New Reg - OTC to RO/Special Case - All Related Objects/Next Button in Pending Case Form 1' is clicked on

2018-12-11 14:54:40 - [MESSAGE][PASSED] - Object: 'Object Repository/Final Object Repo/New Registration - Registration Module Pages/New Reg - OTC to RO/Special Case - All Related Objects/Next Button in Pending Case Form 1' is clicked on

2018-12-11 14:54:40 - [TEST_STEP][PASSED] - click: Object: 'Object Repository/Final Object Repo/New Registration - Registration Module Pages/New Reg - OTC to RO/Special Case - All Related Objects/Next Button in Pending Case Form 2' is clicked on

2018-12-11 14:54:41 - [MESSAGE][PASSED] - Object: 'Object Repository/Final Object Repo/New Registration - Registration Module Pages/New Reg - OTC to RO/Special Case - All Related Objects/Next Button in Pending Case Form 2' is clicked on

2018-12-11 14:54:41 - [TEST_STEP][PASSED] - click: Object: 'Object Repository/Final Object Repo/New Registration - Registration Module Pages/New Reg - OTC to RO/Special Case - All Related Objects/Next Button in Third Screen' is clicked on

2018-12-11 14:54:44 - [MESSAGE][PASSED] - Object: 'Object Repository/Final Object Repo/New Registration - Registration Module Pages/New Reg - OTC to RO/Special Case - All Related Objects/Next Button in Third Screen' is clicked on

2018-12-11 14:54:44 - [TEST_STEP][PASSED] - click: Object: 'Object Repository/Final Object Repo/New Registration - Registration Module Pages/New Reg - OTC to RO/Special Case - All Related Objects/Add Document for Pending Case' is clicked on

2018-12-11 14:54:44 - [MESSAGE][PASSED] - Object: 'Object Repository/Final Object Repo/New Registration - Registration Module Pages/New Reg - OTC to RO/Special Case - All Related Objects/Add Document for Pending Case' is clicked on

2018-12-11 14:54:44 - [TEST_STEP][PASSED] - click: Object: 'Object Repository/Final Object Repo/New Registration - Registration Module Pages/New Reg - OTC to RO/Special Case - All Related Objects/Upload Pending Doc - Please Select' is clicked on

2018-12-11 14:54:48 - [MESSAGE][PASSED] - Object: 'Object Repository/Final Object Repo/New Registration - Registration Module Pages/New Reg - OTC to RO/Special Case - All Related Objects/Upload Pending Doc - Please Select' is clicked on

2018-12-11 14:54:48 - [TEST_STEP][PASSED] - delay: Delayed 2 second(s)

2018-12-11 14:54:50 - [MESSAGE][PASSED] - Delayed 2 second(s)

2018-12-11 14:54:50 - [TEST_STEP][PASSED] - click: Object: 'Object Repository/Final Object Repo/New Registration - Registration Module Pages/New Reg - OTC to RO/Special Case - All Related Objects/Select to Others to Upload' is clicked on

2018-12-11 14:54:50 - [MESSAGE][PASSED] - Object: 'Object Repository/Final Object Repo/New Registration - Registration Module Pages/New Reg - OTC to RO/Special Case - All Related Objects/Select to Others to Upload' is clicked on

2018-12-11 14:54:50 - [TEST_STEP][PASSED] - delay: Delayed 2 second(s)

2018-12-11 14:54:52 - [MESSAGE][PASSED] - Delayed 2 second(s)

2018-12-11 14:54:52 - [TEST_STEP][PASSED] - uploadFile: File 'C:\Users\Public\Pictures\Sample Pictures\Koala.jpg' sent to object: 'Object Repository/Final Object Repo/New Registration - Registration Module Pages/New Reg - OTC to RO/Special Case - All Related Objects/Uploading Pending Case Action'

2018-12-11 14:54:52 - [MESSAGE][PASSED] - File 'C:\Users\Public\Pictures\Sample Pictures\Koala.jpg' sent to object: 'Object Repository/Final Object Repo/New Registration - Registration Module Pages/New Reg - OTC to RO/Special Case - All Related Objects/Uploading Pending Case Action'

2018-12-11 14:54:52 - [TEST_STEP][PASSED] - delay: Delayed 2 second(s)

2018-12-11 14:54:54 - [MESSAGE][PASSED] - Delayed 2 second(s)

2018-12-11 14:54:54 - [TEST_STEP][PASSED] - click: Object: 'Object Repository/Final Object Repo/New Registration - Registration Module Pages/New Reg - OTC to RO/Special Case - All Related Objects/Inner form Add Document Button Pending Case' is clicked on

2018-12-11 14:54:54 - [MESSAGE][PASSED] - Object: 'Object Repository/Final Object Repo/New Registration - Registration Module Pages/New Reg - OTC to RO/Special Case - All Related Objects/Inner form Add Document Button Pending Case' is clicked on

2018-12-11 14:54:54 - [TEST_STEP][PASSED] - delay: Delayed 2 second(s)

2018-12-11 14:54:56 - [MESSAGE][PASSED] - Delayed 2 second(s)

2018-12-11 14:54:56 - [TEST_STEP][PASSED] - click: Object: 'Object Repository/Final Object Repo/New Registration - Registration Module Pages/New Reg - OTC to RO/Special Case - All Related Objects/Pending Case Exit' is clicked on

2018-12-11 14:55:00 - [MESSAGE][PASSED] - Object: 'Object Repository/Final Object Repo/New Registration - Registration Module Pages/New Reg - OTC to RO/Special Case - All Related Objects/Pending Case Exit' is clicked on

2018-12-11 14:55:00 - [TEST_STEP][PASSED] - callTestCase: Call Test Case 'Test Cases/Final Aug 2018 - PKS Automation/Registration Module/Log Out/log out avoiding katalon tagging' successfully

2018-12-11 14:55:00 - [TEST_CASE][PASSED] - Test Cases/Final Aug 2018 - PKS Automation/Registration Module/Log Out/log out avoiding katalon tagging: Test Cases/Final Aug 2018 - PKS Automation/Registration Module/Log Out/log out avoiding katalon tagging

2018-12-11 14:55:00 - [TEST_STEP][PASSED] - navigateToUrl: Navigate to 'https://assist2-uat.perkeso.gov.my/c/portal/logout' successfully

2018-12-11 14:55:00 - [MESSAGE][PASSED] - Navigate to 'https://assist2-uat.perkeso.gov.my/c/portal/logout' successfully

2018-12-11 14:55:00 - [MESSAGE][PASSED] - Call Test Case 'Test Cases/Final Aug 2018 - PKS Automation/Registration Module/Log Out/log out avoiding katalon tagging' successfully

2018-12-11 14:55:00 - [TEST_STEP][PASSED] - callTestCase: Call Test Case 'Test Cases/Final Aug 2018 - PKS Automation/Common/Workflow Owner Finder' successfully

2018-12-11 14:55:00 - [TEST_CASE][PASSED] - Test Cases/Final Aug 2018 - PKS Automation/Common/Workflow Owner Finder: Test Cases/Final Aug 2018 - PKS Automation/Common/Workflow Owner Finder

2018-12-11 14:55:00 - [TEST_STEP][PASSED] - openBrowser: Browser is opened with url: ''

2018-12-11 14:55:00 - [MESSAGE][WARNING] - A browser is already opened. Closing browser and opening a new one

2018-12-11 14:55:05 - [MESSAGE][PASSED] - Browser is opened with url: ''

2018-12-11 14:55:05 - [TEST_STEP][PASSED] - navigateToUrl: Navigate to 'https://assist2-uat.perkeso.gov.my/login' successfully

2018-12-11 14:55:06 - [MESSAGE][PASSED] - Navigate to 'https://assist2-uat.perkeso.gov.my/login' successfully

2018-12-11 14:55:06 - [TEST_STEP][PASSED] - delay: Delayed 5 second(s)

2018-12-11 14:55:11 - [MESSAGE][PASSED] - Delayed 5 second(s)

2018-12-11 14:55:11 - [TEST_STEP][PASSED] - setText: Text 'test@liferay.com' is set on object 'Object Repository/Final Object Repo/Login Page/Internal User/Email Address'

2018-12-11 14:55:11 - [MESSAGE][PASSED] - Text 'test@liferay.com' is set on object 'Object Repository/Final Object Repo/Login Page/Internal User/Email Address'

2018-12-11 14:55:11 - [TEST_STEP][PASSED] - click: Object: 'Object Repository/Final Object Repo/Login Page/Internal User/Next Button' is clicked on

2018-12-11 14:55:12 - [MESSAGE][PASSED] - Object: 'Object Repository/Final Object Repo/Login Page/Internal User/Next Button' is clicked on

2018-12-11 14:55:12 - [TEST_STEP][PASSED] - delay: Delayed 2 second(s)

2018-12-11 14:55:14 - [MESSAGE][PASSED] - Delayed 2 second(s)

2018-12-11 14:55:14 - [TEST_STEP][PASSED] - setText: Text 'test' is set on object 'Object Repository/Final Object Repo/Login Page/Internal User/Password'

2018-12-11 14:55:14 - [MESSAGE][PASSED] - Text 'test' is set on object 'Object Repository/Final Object Repo/Login Page/Internal User/Password'

2018-12-11 14:55:14 - [TEST_STEP][PASSED] - delay: Delayed 2 second(s)

2018-12-11 14:55:16 - [MESSAGE][PASSED] - Delayed 2 second(s)

2018-12-11 14:55:16 - [TEST_STEP][PASSED] - click: Object: 'Object Repository/Final Object Repo/Login Page/Internal User/Login Button' is clicked on

2018-12-11 14:55:16 - [MESSAGE][PASSED] - Object: 'Object Repository/Final Object Repo/Login Page/Internal User/Login Button' is clicked on

2018-12-11 14:55:16 - [TEST_STEP][PASSED] - Statement - tester = com.kms.katalon.core.testobject.ObjectRepository.findTestObject(Final Object Repo/Landing Page/Select to English): Finding Test Object with id 'Object Repository/Final Object Repo/Landing Page/Select to English'

2018-12-11 14:55:16 - [TEST_STEP][PASSED] - Statement - Try: Delayed 2 second(s)

2018-12-11 14:55:16 - [TEST_STEP][PASSED] - Statement - Checker = com.kms.katalon.core.webui.keyword.WebUiBuiltInKeywords.verifyElementNotPresent(tester, 3): Web element with id: 'Object Repository/Final Object Repo/Landing Page/Select to English' located by 'By.xpath: //a[@class = 'taglib-language-list-text' and @lang = 'en-US' and (contains(text(), 'EN') or contains(., 'EN'))]' is not present after '3' second(s)

2018-12-11 14:55:18 - [MESSAGE][PASSED] - Web element with id: 'Object Repository/Final Object Repo/Landing Page/Select to English' located by 'By.xpath: //a[@class = 'taglib-language-list-text' and @lang = 'en-US' and (contains(text(), 'EN') or contains(., 'EN'))]' is not present after '3' second(s)

2018-12-11 14:55:18 - [TEST_STEP][PASSED] - Statement - If (Checker == false): null

2018-12-11 14:55:18 - [TEST_STEP][PASSED] - delay: Delayed 2 second(s)

2018-12-11 14:55:20 - [MESSAGE][PASSED] - Delayed 2 second(s)

2018-12-11 14:55:20 - [TEST_STEP][PASSED] - delay: Delayed 5 second(s)

2018-12-11 14:55:25 - [MESSAGE][PASSED] - Delayed 5 second(s)

2018-12-11 14:55:25 - [TEST_STEP][PASSED] - mouseOver: Object: 'Object Repository/Final Object Repo/Landing Page/WorkFlow Menu' is hovered

2018-12-11 14:55:25 - [MESSAGE][PASSED] - Object: 'Object Repository/Final Object Repo/Landing Page/WorkFlow Menu' is hovered

2018-12-11 14:55:25 - [TEST_STEP][PASSED] - delay: Delayed 2 second(s)

2018-12-11 14:55:27 - [MESSAGE][PASSED] - Delayed 2 second(s)

2018-12-11 14:55:27 - [TEST_STEP][PASSED] - click: Object: 'Object Repository/Final Object Repo/Landing Page/Select to Workflow Listing' is clicked on

2018-12-11 14:55:28 - [MESSAGE][PASSED] - Object: 'Object Repository/Final Object Repo/Landing Page/Select to Workflow Listing' is clicked on

2018-12-11 14:55:28 - [TEST_STEP][PASSED] - delay: Delayed 2 second(s)

2018-12-11 14:55:30 - [MESSAGE][PASSED] - Delayed 2 second(s)

2018-12-11 14:55:30 - [TEST_STEP][PASSED] - click: Object: 'Object Repository/Final Object Repo/WorkFlow Listing Page/Search Information - To Put Ref No' is clicked on

2018-12-11 14:55:30 - [MESSAGE][PASSED] - Object: 'Object Repository/Final Object Repo/WorkFlow Listing Page/Search Information - To Put Ref No' is clicked on

2018-12-11 14:55:30 - [TEST_STEP][PASSED] - delay: Delayed 2 second(s)

2018-12-11 14:55:32 - [MESSAGE][PASSED] - Delayed 2 second(s)

2018-12-11 14:55:32 - [TEST_STEP][PASSED] - callTestCase: Call Test Case 'Test Cases/Final Aug 2018 - PKS Automation/Common/Reference Number Getter' successfully

2018-12-11 14:55:32 - [TEST_CASE][PASSED] - Test Cases/Final Aug 2018 - PKS Automation/Common/Reference Number Getter: Test Cases/Final Aug 2018 - PKS Automation/Common/Reference Number Getter

2018-12-11 14:55:32 - [TEST_STEP][PASSED] - Statement - Try: null

2018-12-11 14:55:32 - [TEST_STEP][PASSED] - Statement - RefNo = new java.io.File(C://Users//Admin//Desktop//PKS//Automation Reference Point//KatalonReference.txt): null

2018-12-11 14:55:32 - [TEST_STEP][PASSED] - Statement - bufferread = new java.io.BufferedReader(new java.io.FileReader(RefNo)): null

2018-12-11 14:55:32 - [TEST_STEP][PASSED] - Statement - readedVal = bufferread.readLine(): null

2018-12-11 14:55:32 - [TEST_STEP][PASSED] - Statement - out.println(CaseReferenceNo): null

2018-12-11 14:55:32 - [TEST_STEP][PASSED] - Statement - out.println(readedVal): null

2018-12-11 14:55:32 - [TEST_STEP][PASSED] - Statement - CaseReferenceNo = "": null

2018-12-11 14:55:32 - [TEST_STEP][PASSED] - Statement - CaseReferenceNo = readedVal: null

2018-12-11 14:55:32 - [MESSAGE][PASSED] - Call Test Case 'Test Cases/Final Aug 2018 - PKS Automation/Common/Reference Number Getter' successfully

2018-12-11 14:55:32 - [TEST_STEP][PASSED] - setText: Text 'CRN12201800123176' is set on object 'Object Repository/Final Object Repo/WorkFlow Listing Page/Ref No Set Text'

2018-12-11 14:55:33 - [MESSAGE][PASSED] - Text 'CRN12201800123176' is set on object 'Object Repository/Final Object Repo/WorkFlow Listing Page/Ref No Set Text'

2018-12-11 14:55:33 - [TEST_STEP][PASSED] - delay: Delayed 2 second(s)

2018-12-11 14:55:35 - [MESSAGE][PASSED] - Delayed 2 second(s)

2018-12-11 14:55:35 - [TEST_STEP][PASSED] - click: Object: 'Object Repository/Final Object Repo/WorkFlow Listing Page/Search Ref No Search Button' is clicked on

2018-12-11 14:55:35 - [MESSAGE][PASSED] - Object: 'Object Repository/Final Object Repo/WorkFlow Listing Page/Search Ref No Search Button' is clicked on

2018-12-11 14:55:35 - [TEST_STEP][PASSED] - delay: Delayed 6 second(s)

2018-12-11 14:55:41 - [MESSAGE][PASSED] - Delayed 6 second(s)

2018-12-11 14:55:41 - [TEST_STEP][PASSED] - click: Object: 'Object Repository/Final Object Repo/WorkFlow Listing Page/Click Continue Tooltip' is clicked on

2018-12-11 14:55:42 - [MESSAGE][PASSED] - Object: 'Object Repository/Final Object Repo/WorkFlow Listing Page/Click Continue Tooltip' is clicked on

2018-12-11 14:55:42 - [TEST_STEP][PASSED] - delay: Delayed 5 second(s)

2018-12-11 14:55:47 - [MESSAGE][PASSED] - Delayed 5 second(s)

2018-12-11 14:55:47 - [TEST_STEP][PASSED] - doubleClick: Object: 'Object Repository/Final Object Repo/WorkFlow Listing Page/Workflow Found - Listing 1' is double clicked on

2018-12-11 14:55:47 - [MESSAGE][PASSED] - Object: 'Object Repository/Final Object Repo/WorkFlow Listing Page/Workflow Found - Listing 1' is double clicked on

2018-12-11 14:55:47 - [TEST_STEP][PASSED] - Statement - println(OwnerID): null

2018-12-11 14:55:47 - [TEST_STEP][PASSED] - Statement - OwnerID = com.kms.katalon.core.webui.keyword.WebUiBuiltInKeywords.getText(com.kms.katalon.core.testobject.ObjectRepository.findTestObject(Final Object Repo/WorkFlow Listing Page/Workflow Found - Listing 1), STOP_ON_FAILURE): Text of object 'Object Repository/Final Object Repo/WorkFlow Listing Page/Workflow Found - Listing 1' is: 'JOHORro2'

2018-12-11 14:55:47 - [MESSAGE][PASSED] - Text of object 'Object Repository/Final Object Repo/WorkFlow Listing Page/Workflow Found - Listing 1' is: 'JOHORro2'

2018-12-11 14:55:47 - [TEST_STEP][PASSED] - Statement - OwnerID = OwnerID.toLowerCase() + "@gmail.com": null

2018-12-11 14:55:47 - [TEST_STEP][PASSED] - Statement - println(OwnerID): null

2018-12-11 14:55:47 - [TEST_STEP][PASSED] - delay: Delayed 2 second(s)

2018-12-11 14:55:49 - [MESSAGE][PASSED] - Delayed 2 second(s)

2018-12-11 14:55:49 - [MESSAGE][PASSED] - Call Test Case 'Test Cases/Final Aug 2018 - PKS Automation/Common/Workflow Owner Finder' successfully

2018-12-11 14:55:49 - [TEST_STEP][PASSED] - callTestCase: Call Test Case 'Test Cases/Final Aug 2018 - PKS Automation/Registration Module/Log Out/log out avoiding katalon tagging' successfully

2018-12-11 14:55:49 - [TEST_CASE][PASSED] - Test Cases/Final Aug 2018 - PKS Automation/Registration Module/Log Out/log out avoiding katalon tagging: Test Cases/Final Aug 2018 - PKS Automation/Registration Module/Log Out/log out avoiding katalon tagging

2018-12-11 14:55:49 - [TEST_STEP][PASSED] - navigateToUrl: Navigate to 'https://assist2-uat.perkeso.gov.my/c/portal/logout' successfully

2018-12-11 14:55:50 - [MESSAGE][PASSED] - Navigate to 'https://assist2-uat.perkeso.gov.my/c/portal/logout' successfully

2018-12-11 14:55:50 - [MESSAGE][PASSED] - Call Test Case 'Test Cases/Final Aug 2018 - PKS Automation/Registration Module/Log Out/log out avoiding katalon tagging' successfully

2018-12-11 14:55:50 - [TEST_STEP][PASSED] - delay: Delayed 2 second(s)

2018-12-11 14:55:52 - [MESSAGE][PASSED] - Delayed 2 second(s)

2018-12-11 14:55:52 - [TEST_STEP][PASSED] - setText: Text 'johorro2@gmail.com' is set on object 'Object Repository/Final Object Repo/Login Page/Internal User/Email Address'

2018-12-11 14:55:52 - [MESSAGE][PASSED] - Text 'johorro2@gmail.com' is set on object 'Object Repository/Final Object Repo/Login Page/Internal User/Email Address'

2018-12-11 14:55:52 - [TEST_STEP][PASSED] - click: Object: 'Object Repository/Final Object Repo/Login Page/Internal User/Next Button' is clicked on

2018-12-11 14:55:53 - [MESSAGE][PASSED] - Object: 'Object Repository/Final Object Repo/Login Page/Internal User/Next Button' is clicked on

2018-12-11 14:55:53 - [TEST_STEP][PASSED] - delay: Delayed 2 second(s)

2018-12-11 14:55:55 - [MESSAGE][PASSED] - Delayed 2 second(s)

2018-12-11 14:55:55 - [TEST_STEP][PASSED] - setText: Text 'Test1@3456789' is set on object 'Object Repository/Final Object Repo/Login Page/Internal User/Password'

2018-12-11 14:55:55 - [MESSAGE][PASSED] - Text 'Test1@3456789' is set on object 'Object Repository/Final Object Repo/Login Page/Internal User/Password'

2018-12-11 14:55:55 - [TEST_STEP][PASSED] - delay: Delayed 2 second(s)

2018-12-11 14:55:57 - [MESSAGE][PASSED] - Delayed 2 second(s)

2018-12-11 14:55:57 - [TEST_STEP][PASSED] - click: Object: 'Object Repository/Final Object Repo/Login Page/Internal User/Login Button' is clicked on

2018-12-11 14:55:57 - [MESSAGE][PASSED] - Object: 'Object Repository/Final Object Repo/Login Page/Internal User/Login Button' is clicked on

2018-12-11 14:55:57 - [TEST_STEP][PASSED] - delay: Delayed 2 second(s)

2018-12-11 14:55:59 - [MESSAGE][PASSED] - Delayed 2 second(s)

2018-12-11 14:55:59 - [TEST_STEP][PASSED] - Statement - Try: null

2018-12-11 14:55:59 - [TEST_STEP][PASSED] - Statement - Checker = com.kms.katalon.core.webui.keyword.WebUiBuiltInKeywords.verifyElementNotPresent("Final Object Repo/Landing Page/Select to English", 3): null

2018-12-11 14:55:59 - [TEST_STEP][PASSED] - Statement - Catch (Exception e): null

2018-12-11 14:55:59 - [TEST_STEP][PASSED] - Statement - e.printStackTrace(): null

2018-12-11 14:55:59 - [TEST_STEP][PASSED] - click: Object: 'Object Repository/Final Object Repo/New Registration - Registration Module Pages/New Reg - OTC to RO/Special Case - All Related Objects/Expand to Search' is clicked on

2018-12-11 14:55:59 - [MESSAGE][PASSED] - Object: 'Object Repository/Final Object Repo/New Registration - Registration Module Pages/New Reg - OTC to RO/Special Case - All Related Objects/Expand to Search' is clicked on

2018-12-11 14:55:59 - [TEST_STEP][PASSED] - delay: Delayed 2 second(s)

2018-12-11 14:56:01 - [MESSAGE][PASSED] - Delayed 2 second(s)

2018-12-11 14:56:01 - [TEST_STEP][PASSED] - callTestCase: Call Test Case 'Test Cases/Final Aug 2018 - PKS Automation/Common/Reference Number Getter' successfully

2018-12-11 14:56:01 - [TEST_CASE][PASSED] - Test Cases/Final Aug 2018 - PKS Automation/Common/Reference Number Getter: Test Cases/Final Aug 2018 - PKS Automation/Common/Reference Number Getter

2018-12-11 14:56:01 - [TEST_STEP][PASSED] - Statement - Try: null

2018-12-11 14:56:01 - [TEST_STEP][PASSED] - Statement - RefNo = new java.io.File(C://Users//Admin//Desktop//PKS//Automation Reference Point//KatalonReference.txt): null

2018-12-11 14:56:01 - [TEST_STEP][PASSED] - Statement - bufferread = new java.io.BufferedReader(new java.io.FileReader(RefNo)): null

2018-12-11 14:56:01 - [TEST_STEP][PASSED] - Statement - readedVal = bufferread.readLine(): null

2018-12-11 14:56:01 - [TEST_STEP][PASSED] - Statement - out.println(CaseReferenceNo): null

2018-12-11 14:56:01 - [TEST_STEP][PASSED] - Statement - out.println(readedVal): null

2018-12-11 14:56:01 - [TEST_STEP][PASSED] - Statement - CaseReferenceNo = "": null

2018-12-11 14:56:01 - [TEST_STEP][PASSED] - Statement - CaseReferenceNo = readedVal: null

2018-12-11 14:56:01 - [MESSAGE][PASSED] - Call Test Case 'Test Cases/Final Aug 2018 - PKS Automation/Common/Reference Number Getter' successfully

2018-12-11 14:56:01 - [TEST_STEP][PASSED] - setText: Text 'CRN12201800123176' is set on object 'Object Repository/Final Object Repo/New Registration - Registration Module Pages/New Reg - OTC to RO/Special Case - All Related Objects/TextBox RefNo in Workbasket'

2018-12-11 14:56:02 - [MESSAGE][PASSED] - Text 'CRN12201800123176' is set on object 'Object Repository/Final Object Repo/New Registration - Registration Module Pages/New Reg - OTC to RO/Special Case - All Related Objects/TextBox RefNo in Workbasket'

2018-12-11 14:56:02 - [TEST_STEP][PASSED] - delay: Delayed 2 second(s)

2018-12-11 14:56:04 - [MESSAGE][PASSED] - Delayed 2 second(s)

2018-12-11 14:56:04 - [TEST_STEP][PASSED] - click: Object: 'Object Repository/Final Object Repo/New Registration - Registration Module Pages/New Reg - OTC to RO/Special Case - All Related Objects/Click Search' is clicked on

2018-12-11 14:56:04 - [MESSAGE][PASSED] - Object: 'Object Repository/Final Object Repo/New Registration - Registration Module Pages/New Reg - OTC to RO/Special Case - All Related Objects/Click Search' is clicked on

2018-12-11 14:56:04 - [TEST_STEP][PASSED] - delay: Delayed 2 second(s)

2018-12-11 14:56:06 - [MESSAGE][PASSED] - Delayed 2 second(s)

2018-12-11 14:56:06 - [TEST_STEP][PASSED] - click: Object: 'Object Repository/Final Object Repo/New Registration - Registration Module Pages/New Reg - OTC to RO/Special Case - All Related Objects/Click to Continue Workflow' is clicked on

2018-12-11 14:56:09 - [MESSAGE][PASSED] - Object: 'Object Repository/Final Object Repo/New Registration - Registration Module Pages/New Reg - OTC to RO/Special Case - All Related Objects/Click to Continue Workflow' is clicked on

2018-12-11 14:56:09 - [TEST_STEP][PASSED] - delay: Delayed 2 second(s)

2018-12-11 14:56:11 - [MESSAGE][PASSED] - Delayed 2 second(s)

2018-12-11 14:56:11 - [TEST_STEP][PASSED] - click: Object: 'Object Repository/Final Object Repo/New Registration - Registration Module Pages/New Reg - OTC to RO/Special Case - All Related Objects/Continue Button in verifying case' is clicked on

2018-12-11 14:56:13 - [MESSAGE][PASSED] - Object: 'Object Repository/Final Object Repo/New Registration - Registration Module Pages/New Reg - OTC to RO/Special Case - All Related Objects/Continue Button in verifying case' is clicked on

2018-12-11 14:56:13 - [TEST_STEP][PASSED] - delay: Delayed 2 second(s)

2018-12-11 14:56:15 - [MESSAGE][PASSED] - Delayed 2 second(s)

2018-12-11 14:56:15 - [TEST_STEP][PASSED] - click: Object: 'Object Repository/Final Object Repo/New Registration - Registration Module Pages/Form 1/Registered As a Branch - Yes' is clicked on

2018-12-11 14:56:15 - [MESSAGE][PASSED] - Object: 'Object Repository/Final Object Repo/New Registration - Registration Module Pages/Form 1/Registered As a Branch - Yes' is clicked on

2018-12-11 14:56:15 - [TEST_STEP][PASSED] - delay: Delayed 2 second(s)

2018-12-11 14:56:17 - [MESSAGE][PASSED] - Delayed 2 second(s)

2018-12-11 14:56:17 - [TEST_STEP][PASSED] - click: Object: 'Object Repository/Final Object Repo/New Registration - Registration Module Pages/New Reg - OTC to RO/Special Case - All Related Objects/Form 1 Save n Continue' is clicked on

2018-12-11 14:56:17 - [MESSAGE][PASSED] - Object: 'Object Repository/Final Object Repo/New Registration - Registration Module Pages/New Reg - OTC to RO/Special Case - All Related Objects/Form 1 Save n Continue' is clicked on

2018-12-11 14:56:17 - [TEST_STEP][PASSED] - delay: Delayed 2 second(s)

2018-12-11 14:56:19 - [MESSAGE][PASSED] - Delayed 2 second(s)

2018-12-11 14:56:19 - [TEST_STEP][PASSED] - click: Object: 'Object Repository/Final Object Repo/New Registration - Registration Module Pages/New Reg - OTC to RO/Special Case - All Related Objects/Form 2 Save n Continue' is clicked on

2018-12-11 14:56:20 - [MESSAGE][PASSED] - Object: 'Object Repository/Final Object Repo/New Registration - Registration Module Pages/New Reg - OTC to RO/Special Case - All Related Objects/Form 2 Save n Continue' is clicked on

2018-12-11 14:56:20 - [TEST_STEP][PASSED] - delay: Delayed 2 second(s)

2018-12-11 14:56:22 - [MESSAGE][PASSED] - Delayed 2 second(s)

2018-12-11 14:56:22 - [TEST_STEP][PASSED] - click: Object: 'Object Repository/Final Object Repo/New Registration - Registration Module Pages/New Reg - OTC to RO/Special Case - All Related Objects/Third Screen Save n Continue' is clicked on

2018-12-11 14:56:27 - [MESSAGE][PASSED] - Object: 'Object Repository/Final Object Repo/New Registration - Registration Module Pages/New Reg - OTC to RO/Special Case - All Related Objects/Third Screen Save n Continue' is clicked on

2018-12-11 14:56:27 - [TEST_STEP][PASSED] - delay: Delayed 5 second(s)

2018-12-11 14:56:32 - [MESSAGE][PASSED] - Delayed 5 second(s)

2018-12-11 14:56:32 - [TEST_STEP][PASSED] - click: Object: 'Object Repository/Final Object Repo/New Registration - Registration Module Pages/New Reg - OTC to RO/Special Case - All Related Objects/Upload Doc Page Save n Continue' is clicked on

2018-12-11 14:56:32 - [MESSAGE][PASSED] - Object: 'Object Repository/Final Object Repo/New Registration - Registration Module Pages/New Reg - OTC to RO/Special Case - All Related Objects/Upload Doc Page Save n Continue' is clicked on

2018-12-11 14:56:32 - [TEST_STEP][PASSED] - callTestCase: Call Test Case 'Test Cases/Final Aug 2018 - PKS Automation/Registration Module/New Registration/Submit and Screenshot/Submit Registration and Screenshot' successfully

2018-12-11 14:56:32 - [TEST_CASE][PASSED] - Test Cases/Final Aug 2018 - PKS Automation/Registration Module/New Registration/Submit and Screenshot/Submit Registration and Screenshot: Test Cases/Final Aug 2018 - PKS Automation/Registration Module/New Registration/Submit and Screenshot/Submit Registration and Screenshot

2018-12-11 14:56:32 - [TEST_STEP][PASSED] - delay: Delayed 6 second(s)

2018-12-11 14:56:38 - [MESSAGE][PASSED] - Delayed 6 second(s)

2018-12-11 14:56:38 - [TEST_STEP][PASSED] - click: Object: 'Object Repository/Final Object Repo/New Registration - Registration Module Pages/Third Screen - Upload Supporting Doc- Preview/Preview Submit Button' is clicked on

2018-12-11 14:56:38 - [MESSAGE][PASSED] - Object: 'Object Repository/Final Object Repo/New Registration - Registration Module Pages/Third Screen - Upload Supporting Doc- Preview/Preview Submit Button' is clicked on

2018-12-11 14:56:38 - [TEST_STEP][PASSED] - delay: Delayed 2 second(s)

2018-12-11 14:56:40 - [MESSAGE][PASSED] - Delayed 2 second(s)

2018-12-11 14:56:40 - [TEST_STEP][PASSED] - click: Object: 'Object Repository/Final Object Repo/New Registration - Registration Module Pages/Third Screen - Upload Supporting Doc- Preview/Preview Submit - Confirm' is clicked on

2018-12-11 14:56:41 - [MESSAGE][PASSED] - Object: 'Object Repository/Final Object Repo/New Registration - Registration Module Pages/Third Screen - Upload Supporting Doc- Preview/Preview Submit - Confirm' is clicked on

2018-12-11 14:56:41 - [TEST_STEP][PASSED] - delay: Delayed 15 second(s)

2018-12-11 14:56:56 - [MESSAGE][PASSED] - Delayed 15 second(s)

2018-12-11 14:56:56 - [TEST_STEP][PASSED] - Statement - driver = com.kms.katalon.core.webui.driver.DriverFactory.getWebDriver(): null

2018-12-11 14:56:56 - [TEST_STEP][PASSED] - Statement - driver.manage().timeouts().implicitlyWait(10, SECONDS): null

2018-12-11 14:56:56 - [TEST_STEP][PASSED] - Statement - PresavePath = KatalonScreenshots: null

2018-12-11 14:56:56 - [TEST_STEP][PASSED] - Statement - pathPrefix = "C:\Users\Public\Pictures\Sample Pictures\Katalon Screenshots\Automate Ending Screen": null

2018-12-11 14:56:56 - [TEST_STEP][PASSED] - Statement - finalPath = <not implemented yet for class: org.codehaus.groovy.ast.expr.EmptyExpression>: null

2018-12-11 14:56:56 - [TEST_STEP][PASSED] - Statement - scrFile = driver.getScreenshotAs(FILE): null

2018-12-11 14:56:56 - [TEST_STEP][PASSED] - Statement - PreSaveFile = new java.io.File(PresavePath): null

2018-12-11 14:56:56 - [TEST_STEP][PASSED] - Statement - counter = 0: null

2018-12-11 14:56:56 - [TEST_STEP][PASSED] - Statement - If (PreSaveFile.exists()): null

2018-12-11 14:56:56 - [TEST_STEP][PASSED] - Statement - While (PreSaveFile.exists()): null

2018-12-11 14:56:56 - [TEST_STEP][PASSED] - Statement - counter = counter + 1: null

2018-12-11 14:56:56 - [TEST_STEP][PASSED] - Statement - PreSaveFile = new java.io.File(((pathPrefix + java.lang.Integer.toString(counter)) + .png)): null

2018-12-11 14:56:56 - [TEST_STEP][PASSED] - Statement - counter = counter + 1: null

2018-12-11 14:56:56 - [TEST_STEP][PASSED] - Statement - PreSaveFile = new java.io.File(((pathPrefix + java.lang.Integer.toString(counter)) + .png)): null

2018-12-11 14:56:56 - [TEST_STEP][PASSED] - Statement - counter = counter + 1: null

2018-12-11 14:56:56 - [TEST_STEP][PASSED] - Statement - PreSaveFile = new java.io.File(((pathPrefix + java.lang.Integer.toString(counter)) + .png)): null

2018-12-11 14:56:56 - [TEST_STEP][PASSED] - Statement - counter = counter + 1: null

2018-12-11 14:56:56 - [TEST_STEP][PASSED] - Statement - PreSaveFile = new java.io.File(((pathPrefix + java.lang.Integer.toString(counter)) + .png)): null

2018-12-11 14:56:56 - [TEST_STEP][PASSED] - Statement - counter = counter + 1: null

2018-12-11 14:56:56 - [TEST_STEP][PASSED] - Statement - PreSaveFile = new java.io.File(((pathPrefix + java.lang.Integer.toString(counter)) + .png)): null

2018-12-11 14:56:56 - [TEST_STEP][PASSED] - Statement - counter = counter + 1: null

2018-12-11 14:56:56 - [TEST_STEP][PASSED] - Statement - PreSaveFile = new java.io.File(((pathPrefix + java.lang.Integer.toString(counter)) + .png)): null

2018-12-11 14:56:56 - [TEST_STEP][PASSED] - Statement - counter = counter + 1: null

2018-12-11 14:56:56 - [TEST_STEP][PASSED] - Statement - PreSaveFile = new java.io.File(((pathPrefix + java.lang.Integer.toString(counter)) + .png)): null

2018-12-11 14:56:56 - [TEST_STEP][PASSED] - Statement - counter = counter + 1: null

2018-12-11 14:56:56 - [TEST_STEP][PASSED] - Statement - PreSaveFile = new java.io.File(((pathPrefix + java.lang.Integer.toString(counter)) + .png)): null

2018-12-11 14:56:56 - [TEST_STEP][PASSED] - Statement - counter = counter + 1: null

2018-12-11 14:56:56 - [TEST_STEP][PASSED] - Statement - PreSaveFile = new java.io.File(((pathPrefix + java.lang.Integer.toString(counter)) + .png)): null

2018-12-11 14:56:56 - [TEST_STEP][PASSED] - Statement - counter = counter + 1: null

2018-12-11 14:56:56 - [TEST_STEP][PASSED] - Statement - PreSaveFile = new java.io.File(((pathPrefix + java.lang.Integer.toString(counter)) + .png)): null

2018-12-11 14:56:56 - [TEST_STEP][PASSED] - Statement - counter = counter + 1: null

2018-12-11 14:56:56 - [TEST_STEP][PASSED] - Statement - PreSaveFile = new java.io.File(((pathPrefix + java.lang.Integer.toString(counter)) + .png)): null

2018-12-11 14:56:56 - [TEST_STEP][PASSED] - Statement - counter = counter + 1: null

2018-12-11 14:56:56 - [TEST_STEP][PASSED] - Statement - PreSaveFile = new java.io.File(((pathPrefix + java.lang.Integer.toString(counter)) + .png)): null

2018-12-11 14:56:56 - [TEST_STEP][PASSED] - Statement - counter = counter + 1: null

2018-12-11 14:56:56 - [TEST_STEP][PASSED] - Statement - PreSaveFile = new java.io.File(((pathPrefix + java.lang.Integer.toString(counter)) + .png)): null

2018-12-11 14:56:56 - [TEST_STEP][PASSED] - Statement - counter = counter + 1: null

2018-12-11 14:56:56 - [TEST_STEP][PASSED] - Statement - PreSaveFile = new java.io.File(((pathPrefix + java.lang.Integer.toString(counter)) + .png)): null

2018-12-11 14:56:56 - [TEST_STEP][PASSED] - Statement - counter = counter + 1: null

2018-12-11 14:56:56 - [TEST_STEP][PASSED] - Statement - PreSaveFile = new java.io.File(((pathPrefix + java.lang.Integer.toString(counter)) + .png)): null

2018-12-11 14:56:56 - [TEST_STEP][PASSED] - Statement - counter = counter + 1: null

2018-12-11 14:56:56 - [TEST_STEP][PASSED] - Statement - PreSaveFile = new java.io.File(((pathPrefix + java.lang.Integer.toString(counter)) + .png)): null

2018-12-11 14:56:56 - [TEST_STEP][PASSED] - Statement - counter = counter + 1: null

2018-12-11 14:56:56 - [TEST_STEP][PASSED] - Statement - PreSaveFile = new java.io.File(((pathPrefix + java.lang.Integer.toString(counter)) + .png)): null

2018-12-11 14:56:56 - [TEST_STEP][PASSED] - Statement - counter = counter + 1: null

2018-12-11 14:56:56 - [TEST_STEP][PASSED] - Statement - PreSaveFile = new java.io.File(((pathPrefix + java.lang.Integer.toString(counter)) + .png)): null

2018-12-11 14:56:56 - [TEST_STEP][PASSED] - Statement - counter = counter + 1: null

2018-12-11 14:56:56 - [TEST_STEP][PASSED] - Statement - PreSaveFile = new java.io.File(((pathPrefix + java.lang.Integer.toString(counter)) + .png)): null

2018-12-11 14:56:56 - [TEST_STEP][PASSED] - Statement - counter = counter + 1: null

2018-12-11 14:56:56 - [TEST_STEP][PASSED] - Statement - PreSaveFile = new java.io.File(((pathPrefix + java.lang.Integer.toString(counter)) + .png)): null

2018-12-11 14:56:56 - [TEST_STEP][PASSED] - Statement - counter = counter + 1: null

2018-12-11 14:56:56 - [TEST_STEP][PASSED] - Statement - PreSaveFile = new java.io.File(((pathPrefix + java.lang.Integer.toString(counter)) + .png)): null

2018-12-11 14:56:56 - [TEST_STEP][PASSED] - Statement - counter = counter + 1: null

2018-12-11 14:56:56 - [TEST_STEP][PASSED] - Statement - PreSaveFile = new java.io.File(((pathPrefix + java.lang.Integer.toString(counter)) + .png)): null

2018-12-11 14:56:56 - [TEST_STEP][PASSED] - Statement - counter = counter + 1: null

2018-12-11 14:56:56 - [TEST_STEP][PASSED] - Statement - PreSaveFile = new java.io.File(((pathPrefix + java.lang.Integer.toString(counter)) + .png)): null

2018-12-11 14:56:56 - [TEST_STEP][PASSED] - Statement - counter = counter + 1: null

2018-12-11 14:56:56 - [TEST_STEP][PASSED] - Statement - PreSaveFile = new java.io.File(((pathPrefix + java.lang.Integer.toString(counter)) + .png)): null

2018-12-11 14:56:56 - [TEST_STEP][PASSED] - Statement - counter = counter + 1: null

2018-12-11 14:56:56 - [TEST_STEP][PASSED] - Statement - PreSaveFile = new java.io.File(((pathPrefix + java.lang.Integer.toString(counter)) + .png)): null

2018-12-11 14:56:56 - [TEST_STEP][PASSED] - Statement - counter = counter + 1: null

2018-12-11 14:56:56 - [TEST_STEP][PASSED] - Statement - PreSaveFile = new java.io.File(((pathPrefix + java.lang.Integer.toString(counter)) + .png)): null

2018-12-11 14:56:56 - [TEST_STEP][PASSED] - Statement - counter = counter + 1: null

2018-12-11 14:56:56 - [TEST_STEP][PASSED] - Statement - PreSaveFile = new java.io.File(((pathPrefix + java.lang.Integer.toString(counter)) + .png)): null

2018-12-11 14:56:56 - [TEST_STEP][PASSED] - Statement - counter = counter + 1: null

2018-12-11 14:56:56 - [TEST_STEP][PASSED] - Statement - PreSaveFile = new java.io.File(((pathPrefix + java.lang.Integer.toString(counter)) + .png)): null

2018-12-11 14:56:56 - [TEST_STEP][PASSED] - Statement - counter = counter + 1: null

2018-12-11 14:56:56 - [TEST_STEP][PASSED] - Statement - PreSaveFile = new java.io.File(((pathPrefix + java.lang.Integer.toString(counter)) + .png)): null

2018-12-11 14:56:56 - [TEST_STEP][PASSED] - Statement - counter = counter + 1: null

2018-12-11 14:56:56 - [TEST_STEP][PASSED] - Statement - PreSaveFile = new java.io.File(((pathPrefix + java.lang.Integer.toString(counter)) + .png)): null

2018-12-11 14:56:56 - [TEST_STEP][PASSED] - Statement - counter = counter + 1: null

2018-12-11 14:56:56 - [TEST_STEP][PASSED] - Statement - PreSaveFile = new java.io.File(((pathPrefix + java.lang.Integer.toString(counter)) + .png)): null

2018-12-11 14:56:56 - [TEST_STEP][PASSED] - Statement - counter = counter + 1: null

2018-12-11 14:56:56 - [TEST_STEP][PASSED] - Statement - PreSaveFile = new java.io.File(((pathPrefix + java.lang.Integer.toString(counter)) + .png)): null

2018-12-11 14:56:56 - [TEST_STEP][PASSED] - Statement - counter = counter + 1: null

2018-12-11 14:56:56 - [TEST_STEP][PASSED] - Statement - PreSaveFile = new java.io.File(((pathPrefix + java.lang.Integer.toString(counter)) + .png)): null

2018-12-11 14:56:56 - [TEST_STEP][PASSED] - Statement - counter = counter + 1: null

2018-12-11 14:56:56 - [TEST_STEP][PASSED] - Statement - PreSaveFile = new java.io.File(((pathPrefix + java.lang.Integer.toString(counter)) + .png)): null

2018-12-11 14:56:56 - [TEST_STEP][PASSED] - Statement - counter = counter + 1: null

2018-12-11 14:56:56 - [TEST_STEP][PASSED] - Statement - PreSaveFile = new java.io.File(((pathPrefix + java.lang.Integer.toString(counter)) + .png)): null

2018-12-11 14:56:56 - [TEST_STEP][PASSED] - Statement - counter = counter + 1: null

2018-12-11 14:56:56 - [TEST_STEP][PASSED] - Statement - PreSaveFile = new java.io.File(((pathPrefix + java.lang.Integer.toString(counter)) + .png)): null

2018-12-11 14:56:56 - [TEST_STEP][PASSED] - Statement - counter = counter + 1: null

2018-12-11 14:56:56 - [TEST_STEP][PASSED] - Statement - PreSaveFile = new java.io.File(((pathPrefix + java.lang.Integer.toString(counter)) + .png)): null

2018-12-11 14:56:56 - [TEST_STEP][PASSED] - Statement - counter = counter + 1: null

2018-12-11 14:56:56 - [TEST_STEP][PASSED] - Statement - PreSaveFile = new java.io.File(((pathPrefix + java.lang.Integer.toString(counter)) + .png)): null

2018-12-11 14:56:56 - [TEST_STEP][PASSED] - Statement - counter = counter + 1: null

2018-12-11 14:56:56 - [TEST_STEP][PASSED] - Statement - PreSaveFile = new java.io.File(((pathPrefix + java.lang.Integer.toString(counter)) + .png)): null

2018-12-11 14:56:56 - [TEST_STEP][PASSED] - Statement - counter = counter + 1: null

2018-12-11 14:56:56 - [TEST_STEP][PASSED] - Statement - PreSaveFile = new java.io.File(((pathPrefix + java.lang.Integer.toString(counter)) + .png)): null

2018-12-11 14:56:56 - [TEST_STEP][PASSED] - Statement - counter = counter + 1: null

2018-12-11 14:56:56 - [TEST_STEP][PASSED] - Statement - PreSaveFile = new java.io.File(((pathPrefix + java.lang.Integer.toString(counter)) + .png)): null

2018-12-11 14:56:56 - [TEST_STEP][PASSED] - Statement - counter = counter + 1: null

2018-12-11 14:56:56 - [TEST_STEP][PASSED] - Statement - PreSaveFile = new java.io.File(((pathPrefix + java.lang.Integer.toString(counter)) + .png)): null

2018-12-11 14:56:56 - [TEST_STEP][PASSED] - Statement - counter = counter + 1: null

2018-12-11 14:56:56 - [TEST_STEP][PASSED] - Statement - PreSaveFile = new java.io.File(((pathPrefix + java.lang.Integer.toString(counter)) + .png)): null

2018-12-11 14:56:56 - [TEST_STEP][PASSED] - Statement - counter = counter + 1: null

2018-12-11 14:56:56 - [TEST_STEP][PASSED] - Statement - PreSaveFile = new java.io.File(((pathPrefix + java.lang.Integer.toString(counter)) + .png)): null

2018-12-11 14:56:56 - [TEST_STEP][PASSED] - Statement - counter = counter + 1: null

2018-12-11 14:56:56 - [TEST_STEP][PASSED] - Statement - PreSaveFile = new java.io.File(((pathPrefix + java.lang.Integer.toString(counter)) + .png)): null

2018-12-11 14:56:56 - [TEST_STEP][PASSED] - Statement - counter = counter + 1: null

2018-12-11 14:56:56 - [TEST_STEP][PASSED] - Statement - PreSaveFile = new java.io.File(((pathPrefix + java.lang.Integer.toString(counter)) + .png)): null

2018-12-11 14:56:56 - [TEST_STEP][PASSED] - Statement - counter = counter + 1: null

2018-12-11 14:56:56 - [TEST_STEP][PASSED] - Statement - PreSaveFile = new java.io.File(((pathPrefix + java.lang.Integer.toString(counter)) + .png)): null

2018-12-11 14:56:56 - [TEST_STEP][PASSED] - Statement - counter = counter + 1: null

2018-12-11 14:56:56 - [TEST_STEP][PASSED] - Statement - PreSaveFile = new java.io.File(((pathPrefix + java.lang.Integer.toString(counter)) + .png)): null

2018-12-11 14:56:56 - [TEST_STEP][PASSED] - Statement - counter = counter + 1: null

2018-12-11 14:56:56 - [TEST_STEP][PASSED] - Statement - PreSaveFile = new java.io.File(((pathPrefix + java.lang.Integer.toString(counter)) + .png)): null

2018-12-11 14:56:56 - [TEST_STEP][PASSED] - Statement - counter = counter + 1: null

2018-12-11 14:56:56 - [TEST_STEP][PASSED] - Statement - PreSaveFile = new java.io.File(((pathPrefix + java.lang.Integer.toString(counter)) + .png)): null

2018-12-11 14:56:56 - [TEST_STEP][PASSED] - Statement - counter = counter + 1: null

2018-12-11 14:56:56 - [TEST_STEP][PASSED] - Statement - PreSaveFile = new java.io.File(((pathPrefix + java.lang.Integer.toString(counter)) + .png)): null

2018-12-11 14:56:56 - [TEST_STEP][PASSED] - Statement - counter = counter + 1: null

2018-12-11 14:56:56 - [TEST_STEP][PASSED] - Statement - PreSaveFile = new java.io.File(((pathPrefix + java.lang.Integer.toString(counter)) + .png)): null

2018-12-11 14:56:56 - [TEST_STEP][PASSED] - Statement - counter = counter + 1: null

2018-12-11 14:56:56 - [TEST_STEP][PASSED] - Statement - PreSaveFile = new java.io.File(((pathPrefix + java.lang.Integer.toString(counter)) + .png)): null

2018-12-11 14:56:56 - [TEST_STEP][PASSED] - Statement - counter = counter + 1: null

2018-12-11 14:56:56 - [TEST_STEP][PASSED] - Statement - PreSaveFile = new java.io.File(((pathPrefix + java.lang.Integer.toString(counter)) + .png)): null

2018-12-11 14:56:56 - [TEST_STEP][PASSED] - Statement - counter = counter + 1: null

2018-12-11 14:56:56 - [TEST_STEP][PASSED] - Statement - PreSaveFile = new java.io.File(((pathPrefix + java.lang.Integer.toString(counter)) + .png)): null

2018-12-11 14:56:56 - [TEST_STEP][PASSED] - Statement - counter = counter + 1: null

2018-12-11 14:56:56 - [TEST_STEP][PASSED] - Statement - PreSaveFile = new java.io.File(((pathPrefix + java.lang.Integer.toString(counter)) + .png)): null

2018-12-11 14:56:56 - [TEST_STEP][PASSED] - Statement - counter = counter + 1: null

2018-12-11 14:56:56 - [TEST_STEP][PASSED] - Statement - PreSaveFile = new java.io.File(((pathPrefix + java.lang.Integer.toString(counter)) + .png)): null

2018-12-11 14:56:56 - [TEST_STEP][PASSED] - Statement - counter = counter + 1: null

2018-12-11 14:56:56 - [TEST_STEP][PASSED] - Statement - PreSaveFile = new java.io.File(((pathPrefix + java.lang.Integer.toString(counter)) + .png)): null

2018-12-11 14:56:56 - [TEST_STEP][PASSED] - Statement - counter = counter + 1: null

2018-12-11 14:56:56 - [TEST_STEP][PASSED] - Statement - PreSaveFile = new java.io.File(((pathPrefix + java.lang.Integer.toString(counter)) + .png)): null

2018-12-11 14:56:56 - [TEST_STEP][PASSED] - Statement - counter = counter + 1: null

2018-12-11 14:56:56 - [TEST_STEP][PASSED] - Statement - PreSaveFile = new java.io.File(((pathPrefix + java.lang.Integer.toString(counter)) + .png)): null

2018-12-11 14:56:56 - [TEST_STEP][PASSED] - Statement - finalPath = pathPrefix + java.lang.Integer.toString(counter) + ".png": null

2018-12-11 14:56:56 - [TEST_STEP][PASSED] - Statement - SaveFile = new java.io.File(finalPath): null

2018-12-11 14:56:56 - [TEST_STEP][PASSED] - Statement - Try: null

2018-12-11 14:56:56 - [TEST_STEP][PASSED] - Statement - org.apache.commons.io.FileUtils.copyFile(scrFile, SaveFile): null

2018-12-11 14:56:56 - [TEST_STEP][PASSED] - Statement - out.println("file kept"): null

2018-12-11 14:56:56 - [TEST_STEP][PASSED] - delay: Delayed 10 second(s)

2018-12-11 14:57:06 - [MESSAGE][PASSED] - Delayed 10 second(s)

2018-12-11 14:57:06 - [MESSAGE][PASSED] - Call Test Case 'Test Cases/Final Aug 2018 - PKS Automation/Registration Module/New Registration/Submit and Screenshot/Submit Registration and Screenshot' successfully]]></system-out>
         <system-err><![CDATA[]]></system-err>
      </testcase>
      <testcase name="Test Cases/Final Aug 2018 - PKS Automation/Registration Module/Workflow/New Registration/OTC - PKR BO - RO Submit(Routed 2 Time)" classname="Test Cases/Final Aug 2018 - PKS Automation/Registration Module/Workflow/New Registration/OTC - PKR BO - RO Submit(Routed 2 Time)" status="FAILED">
         <failure type="FAILED" message="(Stack trace: com.kms.katalon.core.exception.StepFailedException: Unable to click on object 'Object Repository/Final Object Repo/New Registration - Registration Module Pages/New Reg - OTC to RO/Special Case - All Related Objects/Continue Button in verifying case' (Root cause: org.openqa.selenium.ElementNotVisibleException: element not interactable
  (Session info: chrome=70.0.3538.110)
  (Driver info: chromedriver=2.43.600210 (68dcf5eebde37173d4027fa8635e332711d2874a),platform=Windows NT 6.1.7601 SP1 x86_64) (WARNING: The server did not provide any stacktrace information)
Command duration or timeout: 0 milliseconds
Build info: version: '3.7.1', revision: '8a0099a', time: '2017-11-06T21:07:36.161Z'
System info: host: 'WIN7TEST02', ip: '10.20.3.72', os.name: 'Windows 7', os.arch: 'amd64', os.version: '6.1', java.version: '1.8.0_181'
Driver info: com.kms.katalon.selenium.driver.CChromeDriver
Capabilities {acceptInsecureCerts: false, acceptSslCerts: false, applicationCacheEnabled: false, browserConnectionEnabled: false, browserName: chrome, chrome: {chromedriverVersion: 2.43.600210 (68dcf5eebde371..., userDataDir: C:\Users\Admin\AppData\Loca...}, cssSelectorsEnabled: true, databaseEnabled: false, goog:chromeOptions: {debuggerAddress: localhost:58328}, handlesAlerts: true, hasTouchScreen: false, javascriptEnabled: true, locationContextEnabled: true, mobileEmulationEnabled: false, nativeEvents: true, networkConnectionEnabled: false, pageLoadStrategy: normal, platform: XP, platformName: XP, rotatable: false, setWindowRect: true, takesHeapSnapshot: true, takesScreenshot: true, unexpectedAlertBehaviour: , unhandledPromptBehavior: , version: 70.0.3538.110, webStorageEnabled: true}
Session ID: 1e7a53c72af2590f7dbf64da11cff5ee)
	at com.kms.katalon.core.keyword.internal.KeywordMain.stepFailed(KeywordMain.groovy:32)
	at com.kms.katalon.core.webui.keyword.internal.WebUIKeywordMain.stepFailed(WebUIKeywordMain.groovy:65)
	at com.kms.katalon.core.webui.keyword.internal.WebUIKeywordMain.runKeyword(WebUIKeywordMain.groovy:27)
	at com.kms.katalon.core.webui.keyword.builtin.ClickKeyword.click(ClickKeyword.groovy:86)
	at com.kms.katalon.core.webui.keyword.builtin.ClickKeyword.execute(ClickKeyword.groovy:67)
	at com.kms.katalon.core.keyword.internal.KeywordExecutor.executeKeywordForPlatform(KeywordExecutor.groovy:53)
	at com.kms.katalon.core.webui.keyword.WebUiBuiltInKeywords.click(WebUiBuiltInKeywords.groovy:616)
	at com.kms.katalon.core.webui.keyword.WebUiBuiltInKeywords$click$2.call(Unknown Source)
	at org.codehaus.groovy.runtime.callsite.CallSiteArray.defaultCall(CallSiteArray.java:48)
	at org.codehaus.groovy.runtime.callsite.AbstractCallSite.call(AbstractCallSite.java:113)
	at org.codehaus.groovy.runtime.callsite.AbstractCallSite.call(AbstractCallSite.java:125)
	at Script1535599368022.run(Script1535599368022.groovy:165)
	at com.kms.katalon.core.main.ScriptEngine.run(ScriptEngine.java:183)
	at com.kms.katalon.core.main.ScriptEngine.runScriptAsRawText(ScriptEngine.java:108)
	at com.kms.katalon.core.main.TestCaseExecutor.runScript(TestCaseExecutor.java:294)
	at com.kms.katalon.core.main.TestCaseExecutor.doExecute(TestCaseExecutor.java:285)
	at com.kms.katalon.core.main.TestCaseExecutor.processExecutionPhase(TestCaseExecutor.java:264)
	at com.kms.katalon.core.main.TestCaseExecutor.accessMainPhase(TestCaseExecutor.java:256)
	at com.kms.katalon.core.main.TestCaseExecutor.execute(TestCaseExecutor.java:200)
	at com.kms.katalon.core.main.TestSuiteExecutor.accessTestCaseMainPhase(TestSuiteExecutor.java:129)
	at com.kms.katalon.core.main.TestSuiteExecutor.accessTestSuiteMainPhase(TestSuiteExecutor.java:112)
	at com.kms.katalon.core.main.TestSuiteExecutor.execute(TestSuiteExecutor.java:81)
	at com.kms.katalon.core.main.TestCaseMain.startTestSuite(TestCaseMain.java:142)
	at com.kms.katalon.core.main.TestCaseMain$startTestSuite$0.call(Unknown Source)
	at org.codehaus.groovy.runtime.callsite.CallSiteArray.defaultCall(CallSiteArray.java:48)
	at org.codehaus.groovy.runtime.callsite.AbstractCallSite.call(AbstractCallSite.java:113)
	at org.codehaus.groovy.runtime.callsite.AbstractCallSite.call(AbstractCallSite.java:141)
	at TempTestSuite1544497307528.run(TempTestSuite1544497307528.groovy:36)
	at groovy.lang.GroovyShell.runScriptOrMainOrTestOrRunnable(GroovyShell.java:263)
	at groovy.lang.GroovyShell.run(GroovyShell.java:518)
	at groovy.lang.GroovyShell.run(GroovyShell.java:507)
	at groovy.ui.GroovyMain.processOnce(GroovyMain.java:653)
	at groovy.ui.GroovyMain.run(GroovyMain.java:384)
	at groovy.ui.GroovyMain.process(GroovyMain.java:370)
	at groovy.ui.GroovyMain.processArgs(GroovyMain.java:129)
	at groovy.ui.GroovyMain.main(GroovyMain.java:109)
	at sun.reflect.NativeMethodAccessorImpl.invoke0(Native Method)
	at sun.reflect.NativeMethodAccessorImpl.invoke(NativeMethodAccessorImpl.java:62)
	at sun.reflect.DelegatingMethodAccessorImpl.invoke(DelegatingMethodAccessorImpl.java:43)
	at java.lang.reflect.Method.invoke(Method.java:498)
	at org.codehaus.groovy.tools.GroovyStarter.rootLoader(GroovyStarter.java:109)
	at org.codehaus.groovy.tools.GroovyStarter.main(GroovyStarter.java:131)
)"/>
         <system-out><![CDATA[2018-12-11 14:57:06 - [TEST_CASE][FAILED] - Test Cases/Final Aug 2018 - PKS Automation/Registration Module/Workflow/New Registration/OTC - PKR BO - RO Submit(Routed 2 Time): Test Cases/Final Aug 2018 - PKS Automation/Registration Module/Workflow/New Registration/OTC - PKR BO - RO Submit(Routed 2 Time) FAILED because (of) (Stack trace: com.kms.katalon.core.exception.StepFailedException: Unable to click on object 'Object Repository/Final Object Repo/New Registration - Registration Module Pages/New Reg - OTC to RO/Special Case - All Related Objects/Continue Button in verifying case' (Root cause: org.openqa.selenium.ElementNotVisibleException: element not interactable
  (Session info: chrome=70.0.3538.110)
  (Driver info: chromedriver=2.43.600210 (68dcf5eebde37173d4027fa8635e332711d2874a),platform=Windows NT 6.1.7601 SP1 x86_64) (WARNING: The server did not provide any stacktrace information)
Command duration or timeout: 0 milliseconds
Build info: version: '3.7.1', revision: '8a0099a', time: '2017-11-06T21:07:36.161Z'
System info: host: 'WIN7TEST02', ip: '10.20.3.72', os.name: 'Windows 7', os.arch: 'amd64', os.version: '6.1', java.version: '1.8.0_181'
Driver info: com.kms.katalon.selenium.driver.CChromeDriver
Capabilities {acceptInsecureCerts: false, acceptSslCerts: false, applicationCacheEnabled: false, browserConnectionEnabled: false, browserName: chrome, chrome: {chromedriverVersion: 2.43.600210 (68dcf5eebde371..., userDataDir: C:\Users\Admin\AppData\Loca...}, cssSelectorsEnabled: true, databaseEnabled: false, goog:chromeOptions: {debuggerAddress: localhost:58328}, handlesAlerts: true, hasTouchScreen: false, javascriptEnabled: true, locationContextEnabled: true, mobileEmulationEnabled: false, nativeEvents: true, networkConnectionEnabled: false, pageLoadStrategy: normal, platform: XP, platformName: XP, rotatable: false, setWindowRect: true, takesHeapSnapshot: true, takesScreenshot: true, unexpectedAlertBehaviour: , unhandledPromptBehavior: , version: 70.0.3538.110, webStorageEnabled: true}
Session ID: 1e7a53c72af2590f7dbf64da11cff5ee)
	at com.kms.katalon.core.keyword.internal.KeywordMain.stepFailed(KeywordMain.groovy:32)
	at com.kms.katalon.core.webui.keyword.internal.WebUIKeywordMain.stepFailed(WebUIKeywordMain.groovy:65)
	at com.kms.katalon.core.webui.keyword.internal.WebUIKeywordMain.runKeyword(WebUIKeywordMain.groovy:27)
	at com.kms.katalon.core.webui.keyword.builtin.ClickKeyword.click(ClickKeyword.groovy:86)
	at com.kms.katalon.core.webui.keyword.builtin.ClickKeyword.execute(ClickKeyword.groovy:67)
	at com.kms.katalon.core.keyword.internal.KeywordExecutor.executeKeywordForPlatform(KeywordExecutor.groovy:53)
	at com.kms.katalon.core.webui.keyword.WebUiBuiltInKeywords.click(WebUiBuiltInKeywords.groovy:616)
	at com.kms.katalon.core.webui.keyword.WebUiBuiltInKeywords$click$2.call(Unknown Source)
	at org.codehaus.groovy.runtime.callsite.CallSiteArray.defaultCall(CallSiteArray.java:48)
	at org.codehaus.groovy.runtime.callsite.AbstractCallSite.call(AbstractCallSite.java:113)
	at org.codehaus.groovy.runtime.callsite.AbstractCallSite.call(AbstractCallSite.java:125)
	at Script1535599368022.run(Script1535599368022.groovy:165)
	at com.kms.katalon.core.main.ScriptEngine.run(ScriptEngine.java:183)
	at com.kms.katalon.core.main.ScriptEngine.runScriptAsRawText(ScriptEngine.java:108)
	at com.kms.katalon.core.main.TestCaseExecutor.runScript(TestCaseExecutor.java:294)
	at com.kms.katalon.core.main.TestCaseExecutor.doExecute(TestCaseExecutor.java:285)
	at com.kms.katalon.core.main.TestCaseExecutor.processExecutionPhase(TestCaseExecutor.java:264)
	at com.kms.katalon.core.main.TestCaseExecutor.accessMainPhase(TestCaseExecutor.java:256)
	at com.kms.katalon.core.main.TestCaseExecutor.execute(TestCaseExecutor.java:200)
	at com.kms.katalon.core.main.TestSuiteExecutor.accessTestCaseMainPhase(TestSuiteExecutor.java:129)
	at com.kms.katalon.core.main.TestSuiteExecutor.accessTestSuiteMainPhase(TestSuiteExecutor.java:112)
	at com.kms.katalon.core.main.TestSuiteExecutor.execute(TestSuiteExecutor.java:81)
	at com.kms.katalon.core.main.TestCaseMain.startTestSuite(TestCaseMain.java:142)
	at com.kms.katalon.core.main.TestCaseMain$startTestSuite$0.call(Unknown Source)
	at org.codehaus.groovy.runtime.callsite.CallSiteArray.defaultCall(CallSiteArray.java:48)
	at org.codehaus.groovy.runtime.callsite.AbstractCallSite.call(AbstractCallSite.java:113)
	at org.codehaus.groovy.runtime.callsite.AbstractCallSite.call(AbstractCallSite.java:141)
	at TempTestSuite1544497307528.run(TempTestSuite1544497307528.groovy:36)
	at groovy.lang.GroovyShell.runScriptOrMainOrTestOrRunnable(GroovyShell.java:263)
	at groovy.lang.GroovyShell.run(GroovyShell.java:518)
	at groovy.lang.GroovyShell.run(GroovyShell.java:507)
	at groovy.ui.GroovyMain.processOnce(GroovyMain.java:653)
	at groovy.ui.GroovyMain.run(GroovyMain.java:384)
	at groovy.ui.GroovyMain.process(GroovyMain.java:370)
	at groovy.ui.GroovyMain.processArgs(GroovyMain.java:129)
	at groovy.ui.GroovyMain.main(GroovyMain.java:109)
	at sun.reflect.NativeMethodAccessorImpl.invoke0(Native Method)
	at sun.reflect.NativeMethodAccessorImpl.invoke(NativeMethodAccessorImpl.java:62)
	at sun.reflect.DelegatingMethodAccessorImpl.invoke(DelegatingMethodAccessorImpl.java:43)
	at java.lang.reflect.Method.invoke(Method.java:498)
	at org.codehaus.groovy.tools.GroovyStarter.rootLoader(GroovyStarter.java:109)
	at org.codehaus.groovy.tools.GroovyStarter.main(GroovyStarter.java:131)
)

2018-12-11 14:57:07 - [TEST_STEP][PASSED] - callTestCase: Call Test Case 'Test Cases/Final Aug 2018 - PKS Automation/Registration Module/Workflow/New Registration/Template/Special Case - OTC - Form 1' successfully

2018-12-11 14:57:07 - [TEST_CASE][PASSED] - Test Cases/Final Aug 2018 - PKS Automation/Registration Module/Workflow/New Registration/Template/Special Case - OTC - Form 1: Test Cases/Final Aug 2018 - PKS Automation/Registration Module/Workflow/New Registration/Template/Special Case - OTC - Form 1

2018-12-11 14:57:07 - [TEST_STEP][PASSED] - openBrowser: Browser is opened with url: ''

2018-12-11 14:57:07 - [MESSAGE][WARNING] - A browser is already opened. Closing browser and opening a new one

2018-12-11 14:57:11 - [MESSAGE][PASSED] - Browser is opened with url: ''

2018-12-11 14:57:11 - [TEST_STEP][PASSED] - navigateToUrl: Navigate to 'https://assist2-uat.perkeso.gov.my/login' successfully

2018-12-11 14:57:12 - [MESSAGE][PASSED] - Navigate to 'https://assist2-uat.perkeso.gov.my/login' successfully

2018-12-11 14:57:12 - [TEST_STEP][PASSED] - delay: Delayed 2 second(s)

2018-12-11 14:57:14 - [MESSAGE][PASSED] - Delayed 2 second(s)

2018-12-11 14:57:14 - [TEST_STEP][PASSED] - setText: Text 'klotc2@gmail.com' is set on object 'Object Repository/Final Object Repo/Login Page/Internal User/Email Address'

2018-12-11 14:57:15 - [MESSAGE][PASSED] - Text 'klotc2@gmail.com' is set on object 'Object Repository/Final Object Repo/Login Page/Internal User/Email Address'

2018-12-11 14:57:15 - [TEST_STEP][PASSED] - click: Object: 'Object Repository/Final Object Repo/Login Page/Internal User/Next Button' is clicked on

2018-12-11 14:57:15 - [MESSAGE][PASSED] - Object: 'Object Repository/Final Object Repo/Login Page/Internal User/Next Button' is clicked on

2018-12-11 14:57:15 - [TEST_STEP][PASSED] - delay: Delayed 2 second(s)

2018-12-11 14:57:17 - [MESSAGE][PASSED] - Delayed 2 second(s)

2018-12-11 14:57:17 - [TEST_STEP][PASSED] - setText: Text 'Test1@3456789' is set on object 'Object Repository/Final Object Repo/Login Page/Internal User/Password'

2018-12-11 14:57:17 - [MESSAGE][PASSED] - Text 'Test1@3456789' is set on object 'Object Repository/Final Object Repo/Login Page/Internal User/Password'

2018-12-11 14:57:17 - [TEST_STEP][PASSED] - delay: Delayed 2 second(s)

2018-12-11 14:57:19 - [MESSAGE][PASSED] - Delayed 2 second(s)

2018-12-11 14:57:19 - [TEST_STEP][PASSED] - click: Object: 'Object Repository/Final Object Repo/Login Page/Internal User/Login Button' is clicked on

2018-12-11 14:57:19 - [MESSAGE][PASSED] - Object: 'Object Repository/Final Object Repo/Login Page/Internal User/Login Button' is clicked on

2018-12-11 14:57:19 - [TEST_STEP][PASSED] - Statement - Try: null

2018-12-11 14:57:19 - [TEST_STEP][PASSED] - Statement - Checker = com.kms.katalon.core.webui.keyword.WebUiBuiltInKeywords.verifyElementNotPresent("Final Object Repo/Landing Page/Select to English", 3): null

2018-12-11 14:57:19 - [TEST_STEP][PASSED] - Statement - Catch (Exception e): null

2018-12-11 14:57:19 - [TEST_STEP][PASSED] - Statement - e.printStackTrace(): null

2018-12-11 14:57:19 - [TEST_STEP][PASSED] - delay: Delayed 5 second(s)

2018-12-11 14:57:24 - [MESSAGE][PASSED] - Delayed 5 second(s)

2018-12-11 14:57:24 - [TEST_STEP][PASSED] - click: Object: 'Object Repository/Final Object Repo/Landing Page/My Sites Drop Down' is clicked on

2018-12-11 14:57:25 - [MESSAGE][PASSED] - Object: 'Object Repository/Final Object Repo/Landing Page/My Sites Drop Down' is clicked on

2018-12-11 14:57:25 - [TEST_STEP][PASSED] - click: Object: 'Object Repository/Final Object Repo/Landing Page/Select to Registration Module' is clicked on

2018-12-11 14:57:25 - [MESSAGE][PASSED] - Object: 'Object Repository/Final Object Repo/Landing Page/Select to Registration Module' is clicked on

2018-12-11 14:57:25 - [TEST_STEP][PASSED] - click: Object: 'Object Repository/Final Object Repo/Landing Page/Registration Button' is clicked on

2018-12-11 14:57:27 - [MESSAGE][PASSED] - Object: 'Object Repository/Final Object Repo/Landing Page/Registration Button' is clicked on

2018-12-11 14:57:27 - [TEST_STEP][PASSED] - delay: Delayed 2 second(s)

2018-12-11 14:57:29 - [MESSAGE][PASSED] - Delayed 2 second(s)

2018-12-11 14:57:29 - [TEST_STEP][PASSED] - click: Object: 'Object Repository/Final Object Repo/New Registration - Registration Module Pages/New Reg - OTC to RO/Special Case - OTC - Form 1/AEC NO' is clicked on

2018-12-11 14:57:29 - [MESSAGE][PASSED] - Object: 'Object Repository/Final Object Repo/New Registration - Registration Module Pages/New Reg - OTC to RO/Special Case - OTC - Form 1/AEC NO' is clicked on

2018-12-11 14:57:29 - [TEST_STEP][PASSED] - click: Object: 'Object Repository/Final Object Repo/New Registration - Registration Module Pages/New Reg - OTC to RO/Special Case - OTC - Form 1/Business Entity - Please Select' is clicked on

2018-12-11 14:57:29 - [MESSAGE][PASSED] - Object: 'Object Repository/Final Object Repo/New Registration - Registration Module Pages/New Reg - OTC to RO/Special Case - OTC - Form 1/Business Entity - Please Select' is clicked on

2018-12-11 14:57:29 - [TEST_STEP][PASSED] - click: Object: 'Object Repository/Final Object Repo/New Registration - Registration Module Pages/New Reg - OTC to RO/Special Case - OTC - Form 1/Selected - Corporation' is clicked on

2018-12-11 14:57:30 - [MESSAGE][PASSED] - Object: 'Object Repository/Final Object Repo/New Registration - Registration Module Pages/New Reg - OTC to RO/Special Case - OTC - Form 1/Selected - Corporation' is clicked on

2018-12-11 14:57:30 - [TEST_STEP][PASSED] - delay: Delayed 2 second(s)

2018-12-11 14:57:32 - [MESSAGE][PASSED] - Delayed 2 second(s)

2018-12-11 14:57:32 - [TEST_STEP][PASSED] - click: Object: 'Object Repository/Final Object Repo/New Registration - Registration Module Pages/New Reg - OTC to RO/Special Case - OTC - Form 1/Sub Business Entity - Please Select' is clicked on

2018-12-11 14:57:32 - [MESSAGE][PASSED] - Object: 'Object Repository/Final Object Repo/New Registration - Registration Module Pages/New Reg - OTC to RO/Special Case - OTC - Form 1/Sub Business Entity - Please Select' is clicked on

2018-12-11 14:57:32 - [TEST_STEP][PASSED] - delay: Delayed 2 second(s)

2018-12-11 14:57:34 - [MESSAGE][PASSED] - Delayed 2 second(s)

2018-12-11 14:57:34 - [TEST_STEP][PASSED] - click: Object: 'Object Repository/Final Object Repo/New Registration - Registration Module Pages/New Reg - OTC to RO/Special Case - OTC - Form 1/Selected - Sendirian Berhad' is clicked on

2018-12-11 14:57:34 - [MESSAGE][PASSED] - Object: 'Object Repository/Final Object Repo/New Registration - Registration Module Pages/New Reg - OTC to RO/Special Case - OTC - Form 1/Selected - Sendirian Berhad' is clicked on

2018-12-11 14:57:34 - [TEST_STEP][PASSED] - setText: Text 'AUTOMATE001' is set on object 'Object Repository/Final Object Repo/New Registration - Registration Module Pages/New Reg - OTC to RO/Special Case - OTC - Form 1/Input BRN Number'

2018-12-11 14:57:35 - [MESSAGE][PASSED] - Text 'AUTOMATE001' is set on object 'Object Repository/Final Object Repo/New Registration - Registration Module Pages/New Reg - OTC to RO/Special Case - OTC - Form 1/Input BRN Number'

2018-12-11 14:57:35 - [TEST_STEP][PASSED] - delay: Delayed 2 second(s)

2018-12-11 14:57:37 - [MESSAGE][PASSED] - Delayed 2 second(s)

2018-12-11 14:57:37 - [TEST_STEP][PASSED] - click: Object: 'Object Repository/Final Object Repo/New Registration - Registration Module Pages/New Reg - OTC to RO/Special Case - OTC - Form 1/BRN Search' is clicked on

2018-12-11 14:57:37 - [MESSAGE][PASSED] - Object: 'Object Repository/Final Object Repo/New Registration - Registration Module Pages/New Reg - OTC to RO/Special Case - OTC - Form 1/BRN Search' is clicked on

2018-12-11 14:57:37 - [TEST_STEP][PASSED] - delay: Delayed 4 second(s)

2018-12-11 14:57:41 - [MESSAGE][PASSED] - Delayed 4 second(s)

2018-12-11 14:57:41 - [TEST_STEP][PASSED] - click: Object: 'Object Repository/Final Object Repo/New Registration - Registration Module Pages/New Reg - OTC to RO/Special Case - OTC - Form 1/Registered with SSM - After Feb 2017' is clicked on

2018-12-11 14:57:41 - [MESSAGE][PASSED] - Object: 'Object Repository/Final Object Repo/New Registration - Registration Module Pages/New Reg - OTC to RO/Special Case - OTC - Form 1/Registered with SSM - After Feb 2017' is clicked on

2018-12-11 14:57:41 - [TEST_STEP][PASSED] - delay: Delayed 2 second(s)

2018-12-11 14:57:43 - [MESSAGE][PASSED] - Delayed 2 second(s)

2018-12-11 14:57:43 - [TEST_STEP][PASSED] - click: Object: 'Object Repository/Final Object Repo/New Registration - Registration Module Pages/New Reg - OTC to RO/Special Case - OTC - Form 1/Registering As A Branch - No' is clicked on

2018-12-11 14:57:43 - [MESSAGE][PASSED] - Object: 'Object Repository/Final Object Repo/New Registration - Registration Module Pages/New Reg - OTC to RO/Special Case - OTC - Form 1/Registering As A Branch - No' is clicked on

2018-12-11 14:57:43 - [TEST_STEP][PASSED] - click: Object: 'Object Repository/Final Object Repo/New Registration - Registration Module Pages/New Reg - OTC to RO/Special Case - OTC - Form 1/Acknowledgement Ticked' is clicked on

2018-12-11 14:57:43 - [MESSAGE][PASSED] - Object: 'Object Repository/Final Object Repo/New Registration - Registration Module Pages/New Reg - OTC to RO/Special Case - OTC - Form 1/Acknowledgement Ticked' is clicked on

2018-12-11 14:57:43 - [TEST_STEP][PASSED] - click: Object: 'Object Repository/Final Object Repo/New Registration - Registration Module Pages/New Reg - OTC to RO/Special Case - OTC - Form 1/Submit Button' is clicked on

2018-12-11 14:57:43 - [MESSAGE][PASSED] - Object: 'Object Repository/Final Object Repo/New Registration - Registration Module Pages/New Reg - OTC to RO/Special Case - OTC - Form 1/Submit Button' is clicked on

2018-12-11 14:57:43 - [TEST_STEP][PASSED] - delay: Delayed 2 second(s)

2018-12-11 14:57:45 - [MESSAGE][PASSED] - Delayed 2 second(s)

2018-12-11 14:57:45 - [TEST_STEP][PASSED] - click: Object: 'Object Repository/Final Object Repo/New Registration - Registration Module Pages/New Reg - OTC to RO/Special Case - OTC - Form 1/Confirm No Flagging as Branch' is clicked on

2018-12-11 14:57:46 - [MESSAGE][PASSED] - Object: 'Object Repository/Final Object Repo/New Registration - Registration Module Pages/New Reg - OTC to RO/Special Case - OTC - Form 1/Confirm No Flagging as Branch' is clicked on

2018-12-11 14:57:46 - [MESSAGE][PASSED] - Call Test Case 'Test Cases/Final Aug 2018 - PKS Automation/Registration Module/Workflow/New Registration/Template/Special Case - OTC - Form 1' successfully

2018-12-11 14:57:46 - [TEST_STEP][PASSED] - callTestCase: Call Test Case 'Test Cases/Final Aug 2018 - PKS Automation/Registration Module/New Registration/Form 2/Add 1 Eligible - Incomplete' successfully

2018-12-11 14:57:46 - [TEST_CASE][PASSED] - Test Cases/Final Aug 2018 - PKS Automation/Registration Module/New Registration/Form 2/Add 1 Eligible - Incomplete: Test Cases/Final Aug 2018 - PKS Automation/Registration Module/New Registration/Form 2/Add 1 Eligible - Incomplete

2018-12-11 14:57:46 - [TEST_STEP][PASSED] - delay: Delayed 2 second(s)

2018-12-11 14:57:48 - [MESSAGE][PASSED] - Delayed 2 second(s)

2018-12-11 14:57:48 - [TEST_STEP][PASSED] - callTestCase: Call Test Case 'Test Cases/Final Aug 2018 - PKS Automation/Registration Module/New Registration/Form 2/Date Updater' successfully

2018-12-11 14:57:48 - [TEST_CASE][PASSED] - Test Cases/Final Aug 2018 - PKS Automation/Registration Module/New Registration/Form 2/Date Updater: Test Cases/Final Aug 2018 - PKS Automation/Registration Module/New Registration/Form 2/Date Updater

2018-12-11 14:57:48 - [TEST_STEP][PASSED] - Statement - TodayDate = new java.util.Date(): null

2018-12-11 14:57:48 - [TEST_STEP][PASSED] - Statement - CurrentDateNoFilter = new java.text.SimpleDateFormat(): null

2018-12-11 14:57:48 - [TEST_STEP][PASSED] - Statement - CurrentDateNoFilter.applyPattern("MM"): null

2018-12-11 14:57:48 - [TEST_STEP][PASSED] - Statement - monthContainerMatcher = java.lang.Integer.parseInt(CurrentDateNoFilter.format(TodayDate)): null

2018-12-11 14:57:48 - [TEST_STEP][PASSED] - Statement - monthContainerMatcher = monthContainerMatcher - 1: null

2018-12-11 14:57:48 - [TEST_STEP][PASSED] - Statement - CurrentMonth = monthContainerMatcher.toString(): null

2018-12-11 14:57:48 - [TEST_STEP][PASSED] - Statement - CurrentMonth = CurrentMonth: null

2018-12-11 14:57:48 - [TEST_STEP][PASSED] - Statement - CurrentDateNoFilter.applyPattern("yyyy"): null

2018-12-11 14:57:48 - [TEST_STEP][PASSED] - Statement - CurrentYear = CurrentDateNoFilter.format(TodayDate): null

2018-12-11 14:57:48 - [TEST_STEP][PASSED] - Statement - CurrentYear = CurrentYear: null

2018-12-11 14:57:48 - [TEST_STEP][PASSED] - Statement - intCurrentYear = java.lang.Integer.parseInt(CurrentDateNoFilter.format(TodayDate)): null

2018-12-11 14:57:48 - [TEST_STEP][PASSED] - Statement - eighteenYrsAgo = intCurrentYear - 18: null

2018-12-11 14:57:48 - [TEST_STEP][PASSED] - Statement - eighteenYrsBeforeThisYr = eighteenYrsAgo.toString(): null

2018-12-11 14:57:48 - [TEST_STEP][PASSED] - Statement - EighteenYrsBefore = eighteenYrsBeforeThisYr: null

2018-12-11 14:57:48 - [TEST_STEP][PASSED] - Statement - fiftysevenYrsAgo = intCurrentYear - 57: null

2018-12-11 14:57:48 - [TEST_STEP][PASSED] - Statement - fiftysevenYrsBeforeThisYr = fiftysevenYrsAgo.toString(): null

2018-12-11 14:57:48 - [TEST_STEP][PASSED] - Statement - FiftysevenYrsBefore = fiftysevenYrsBeforeThisYr: null

2018-12-11 14:57:48 - [TEST_STEP][PASSED] - Statement - leapYear = false: null

2018-12-11 14:57:48 - [TEST_STEP][PASSED] - Statement - leapYear = intCurrentYear % 4 == 0: null

2018-12-11 14:57:48 - [TEST_STEP][PASSED] - Statement - CurrentDateNoFilter.applyPattern("dd"): null

2018-12-11 14:57:48 - [TEST_STEP][PASSED] - Statement - CurrentDate = CurrentDateNoFilter.format(TodayDate): null

2018-12-11 14:57:48 - [TEST_STEP][PASSED] - Statement - CurrentDate = java.lang.Integer.parseInt(CurrentDate): null

2018-12-11 14:57:48 - [TEST_STEP][PASSED] - Statement - CurrentDate = CurrentDate: null

2018-12-11 14:57:48 - [TEST_STEP][PASSED] - Statement - CurrentDay = java.lang.Integer.parseInt(CurrentDate): null

2018-12-11 14:57:48 - [TEST_STEP][PASSED] - Statement - ConfAdder = <not implemented yet for class: org.codehaus.groovy.ast.expr.EmptyExpression>: null

2018-12-11 14:57:48 - [TEST_STEP][PASSED] - Statement - out.println(CurrentMonth): null

2018-12-11 14:57:48 - [TEST_STEP][PASSED] - Statement - out.println(CurrentDate): null

2018-12-11 14:57:48 - [TEST_STEP][PASSED] - Statement - switch (CurrentDate): null

2018-12-11 14:57:48 - [TEST_STEP][PASSED] - Statement - Default: null

2018-12-11 14:57:48 - [TEST_STEP][PASSED] - Statement - ConfAdder = true: null

2018-12-11 14:57:48 - [TEST_STEP][PASSED] - Statement - Break: null

2018-12-11 14:57:48 - [TEST_STEP][PASSED] - Statement - aDayBefore = <not implemented yet for class: org.codehaus.groovy.ast.expr.EmptyExpression>: null

2018-12-11 14:57:48 - [TEST_STEP][PASSED] - Statement - out.println(ConfAdder): null

2018-12-11 14:57:48 - [TEST_STEP][PASSED] - Statement - If (ConfAdder == true): null

2018-12-11 14:57:48 - [TEST_STEP][PASSED] - Statement - aDayBefore = CurrentDay + 1: null

2018-12-11 14:57:48 - [TEST_STEP][PASSED] - Statement - out.println(aDayBefore): null

2018-12-11 14:57:48 - [TEST_STEP][PASSED] - Statement - If (aDayBefore == 1 && CurrentMonth == 11): null

2018-12-11 14:57:48 - [TEST_STEP][PASSED] - Statement - DayBefore = aDayBefore.toString(): null

2018-12-11 14:57:48 - [TEST_STEP][PASSED] - Statement - OneDayBefore = DayBefore: null

2018-12-11 14:57:48 - [MESSAGE][PASSED] - Call Test Case 'Test Cases/Final Aug 2018 - PKS Automation/Registration Module/New Registration/Form 2/Date Updater' successfully

2018-12-11 14:57:48 - [TEST_STEP][PASSED] - Statement - CaseReferenceNo = com.kms.katalon.core.webui.keyword.WebUiBuiltInKeywords.getText(com.kms.katalon.core.testobject.ObjectRepository.findTestObject(Final Object Repo/New Registration - Registration Module Pages/Form 2/RefNo Acquiring)): Text of object 'Object Repository/Final Object Repo/New Registration - Registration Module Pages/Form 2/RefNo Acquiring' is: 'CRN12201800123177'

2018-12-11 14:57:48 - [MESSAGE][PASSED] - Text of object 'Object Repository/Final Object Repo/New Registration - Registration Module Pages/Form 2/RefNo Acquiring' is: 'CRN12201800123177'

2018-12-11 14:57:48 - [TEST_STEP][PASSED] - delay: Delayed 4 second(s)

2018-12-11 14:57:52 - [MESSAGE][PASSED] - Delayed 4 second(s)

2018-12-11 14:57:52 - [TEST_STEP][PASSED] - click: Object: 'Object Repository/Final Object Repo/New Registration - Registration Module Pages/Form 2/Add Employee Button' is clicked on

2018-12-11 14:57:52 - [MESSAGE][PASSED] - Object: 'Object Repository/Final Object Repo/New Registration - Registration Module Pages/Form 2/Add Employee Button' is clicked on

2018-12-11 14:57:52 - [TEST_STEP][PASSED] - delay: Delayed 1 second(s)

2018-12-11 14:57:53 - [MESSAGE][PASSED] - Delayed 1 second(s)

2018-12-11 14:57:53 - [TEST_STEP][PASSED] - setText: Text '010903091984' is set on object 'Object Repository/Final Object Repo/New Registration - Registration Module Pages/Form 2/NRIC Input'

2018-12-11 14:57:53 - [MESSAGE][PASSED] - Text '010903091984' is set on object 'Object Repository/Final Object Repo/New Registration - Registration Module Pages/Form 2/NRIC Input'

2018-12-11 14:57:53 - [TEST_STEP][PASSED] - click: Object: 'Object Repository/Final Object Repo/New Registration - Registration Module Pages/Form 2/button for search for IC' is clicked on

2018-12-11 14:57:54 - [MESSAGE][PASSED] - Object: 'Object Repository/Final Object Repo/New Registration - Registration Module Pages/Form 2/button for search for IC' is clicked on

2018-12-11 14:57:54 - [TEST_STEP][PASSED] - delay: Delayed 2 second(s)

2018-12-11 14:57:56 - [MESSAGE][PASSED] - Delayed 2 second(s)

2018-12-11 14:57:56 - [TEST_STEP][PASSED] - setText: Text 'Automate001 eligible 1' is set on object 'Object Repository/Final Object Repo/New Registration - Registration Module Pages/Form 2/Employee Name Input'

2018-12-11 14:57:56 - [MESSAGE][PASSED] - Text 'Automate001 eligible 1' is set on object 'Object Repository/Final Object Repo/New Registration - Registration Module Pages/Form 2/Employee Name Input'

2018-12-11 14:57:56 - [TEST_STEP][PASSED] - delay: Delayed 2 second(s)

2018-12-11 14:57:58 - [MESSAGE][PASSED] - Delayed 2 second(s)

2018-12-11 14:57:58 - [TEST_STEP][PASSED] - click: Object: 'Object Repository/Final Object Repo/New Registration - Registration Module Pages/Form 2/DatePicker Pop Up' is clicked on

2018-12-11 14:57:58 - [MESSAGE][PASSED] - Object: 'Object Repository/Final Object Repo/New Registration - Registration Module Pages/Form 2/DatePicker Pop Up' is clicked on

2018-12-11 14:57:58 - [TEST_STEP][PASSED] - click: Object: 'Object Repository/Final Object Repo/New Registration - Registration Module Pages/Form 2/DOB Month' is clicked on

2018-12-11 14:57:58 - [MESSAGE][PASSED] - Object: 'Object Repository/Final Object Repo/New Registration - Registration Module Pages/Form 2/DOB Month' is clicked on

2018-12-11 14:57:58 - [TEST_STEP][PASSED] - Statement - CurrentMonth = CurrentMonth: null

2018-12-11 14:57:58 - [TEST_STEP][PASSED] - Statement - selectMonth = new com.kms.katalon.core.testobject.TestObject(): null

2018-12-11 14:57:59 - [TEST_STEP][PASSED] - Statement - selectMonth.addProperty("xpath", EQUALS, "//body/div/div/div/select/option[@value='" + CurrentMonth + "']", true): null

2018-12-11 14:57:59 - [TEST_STEP][PASSED] - click: Object: '' is clicked on

2018-12-11 14:57:59 - [MESSAGE][PASSED] - Object: '' is clicked on

2018-12-11 14:57:59 - [TEST_STEP][PASSED] - click: Object: 'Object Repository/Final Object Repo/New Registration - Registration Module Pages/Form 2/DOB Year' is clicked on

2018-12-11 14:57:59 - [MESSAGE][PASSED] - Object: 'Object Repository/Final Object Repo/New Registration - Registration Module Pages/Form 2/DOB Year' is clicked on

2018-12-11 14:57:59 - [TEST_STEP][PASSED] - Statement - Eyearsbf = EighteenYrsBefore: null

2018-12-11 14:57:59 - [TEST_STEP][PASSED] - Statement - selectYear = new com.kms.katalon.core.testobject.TestObject(): null

2018-12-11 14:57:59 - [TEST_STEP][PASSED] - Statement - selectYear.addProperty("xpath", EQUALS, "//div/div/div/select/option[@value='" + Eyearsbf + "']", true): null

2018-12-11 14:57:59 - [TEST_STEP][PASSED] - click: Object: '' is clicked on

2018-12-11 14:57:59 - [MESSAGE][PASSED] - Object: '' is clicked on

2018-12-11 14:57:59 - [TEST_STEP][PASSED] - Statement - UpdatedSelectDate = com.kms.katalon.core.webui.keyword.WebUiBuiltInKeywords.modifyObjectProperty(com.kms.katalon.core.testobject.ObjectRepository.findTestObject(Final Object Repo/New Registration - Registration Module Pages/Form 2/DOB Date), "xpath", "equals", "//body/div/table/tbody/tr/td/a[text()="" + CurrentDate + ""]", true): Modify property of object successfully

2018-12-11 14:57:59 - [MESSAGE][PASSED] - Modify property of object successfully

2018-12-11 14:57:59 - [TEST_STEP][PASSED] - delay: Delayed 3 second(s)

2018-12-11 14:58:02 - [MESSAGE][PASSED] - Delayed 3 second(s)

2018-12-11 14:58:02 - [TEST_STEP][PASSED] - click: Object: 'Object Repository/Final Object Repo/New Registration - Registration Module Pages/Form 2/DOB Date' is clicked on

2018-12-11 14:58:02 - [MESSAGE][PASSED] - Object: 'Object Repository/Final Object Repo/New Registration - Registration Module Pages/Form 2/DOB Date' is clicked on

2018-12-11 14:58:02 - [TEST_STEP][PASSED] - delay: Delayed 2 second(s)

2018-12-11 14:58:04 - [MESSAGE][PASSED] - Delayed 2 second(s)

2018-12-11 14:58:04 - [TEST_STEP][PASSED] - click: Object: 'Object Repository/Final Object Repo/New Registration - Registration Module Pages/Form 2/EmploymentStartDate Pop Up' is clicked on

2018-12-11 14:58:04 - [MESSAGE][PASSED] - Object: 'Object Repository/Final Object Repo/New Registration - Registration Module Pages/Form 2/EmploymentStartDate Pop Up' is clicked on

2018-12-11 14:58:04 - [TEST_STEP][PASSED] - delay: Delayed 2 second(s)

2018-12-11 14:58:06 - [MESSAGE][PASSED] - Delayed 2 second(s)

2018-12-11 14:58:06 - [TEST_STEP][PASSED] - click: Object: 'Object Repository/Final Object Repo/New Registration - Registration Module Pages/Form 2/Socso Employment StartDate Month' is clicked on

2018-12-11 14:58:06 - [MESSAGE][PASSED] - Object: 'Object Repository/Final Object Repo/New Registration - Registration Module Pages/Form 2/Socso Employment StartDate Month' is clicked on

2018-12-11 14:58:06 - [TEST_STEP][PASSED] - delay: Delayed 1 second(s)

2018-12-11 14:58:07 - [MESSAGE][PASSED] - Delayed 1 second(s)

2018-12-11 14:58:07 - [TEST_STEP][PASSED] - click: Object: 'Object Repository/Final Object Repo/New Registration - Registration Module Pages/Form 2/Select Socso Employement Startdate Month' is clicked on

2018-12-11 14:58:08 - [MESSAGE][PASSED] - Object: 'Object Repository/Final Object Repo/New Registration - Registration Module Pages/Form 2/Select Socso Employement Startdate Month' is clicked on

2018-12-11 14:58:08 - [TEST_STEP][PASSED] - delay: Delayed 2 second(s)

2018-12-11 14:58:10 - [MESSAGE][PASSED] - Delayed 2 second(s)

2018-12-11 14:58:10 - [TEST_STEP][PASSED] - click: Object: 'Object Repository/Final Object Repo/New Registration - Registration Module Pages/Form 2/Socso Employment StartDate Year' is clicked on

2018-12-11 14:58:10 - [MESSAGE][PASSED] - Object: 'Object Repository/Final Object Repo/New Registration - Registration Module Pages/Form 2/Socso Employment StartDate Year' is clicked on

2018-12-11 14:58:10 - [TEST_STEP][PASSED] - delay: Delayed 1 second(s)

2018-12-11 14:58:11 - [MESSAGE][PASSED] - Delayed 1 second(s)

2018-12-11 14:58:11 - [TEST_STEP][PASSED] - click: Object: 'Object Repository/Final Object Repo/New Registration - Registration Module Pages/Form 2/Select Socso Employment Startdate Year' is clicked on

2018-12-11 14:58:11 - [MESSAGE][PASSED] - Object: 'Object Repository/Final Object Repo/New Registration - Registration Module Pages/Form 2/Select Socso Employment Startdate Year' is clicked on

2018-12-11 14:58:11 - [TEST_STEP][PASSED] - delay: Delayed 2 second(s)

2018-12-11 14:58:13 - [MESSAGE][PASSED] - Delayed 2 second(s)

2018-12-11 14:58:13 - [TEST_STEP][PASSED] - click: Object: 'Object Repository/Final Object Repo/New Registration - Registration Module Pages/Form 2/Socso Employment Start Date Day' is clicked on

2018-12-11 14:58:13 - [MESSAGE][PASSED] - Object: 'Object Repository/Final Object Repo/New Registration - Registration Module Pages/Form 2/Socso Employment Start Date Day' is clicked on

2018-12-11 14:58:13 - [TEST_STEP][PASSED] - delay: Delayed 2 second(s)

2018-12-11 14:58:15 - [MESSAGE][PASSED] - Delayed 2 second(s)

2018-12-11 14:58:15 - [TEST_STEP][PASSED] - click: Object: 'Object Repository/Final Object Repo/New Registration - Registration Module Pages/Form 2/Save Button for Add Employee' is clicked on

2018-12-11 14:58:15 - [MESSAGE][PASSED] - Object: 'Object Repository/Final Object Repo/New Registration - Registration Module Pages/Form 2/Save Button for Add Employee' is clicked on

2018-12-11 14:58:15 - [TEST_STEP][PASSED] - delay: Delayed 6 second(s)

2018-12-11 14:58:21 - [MESSAGE][PASSED] - Delayed 6 second(s)

2018-12-11 14:58:21 - [TEST_STEP][PASSED] - click: Object: 'Object Repository/Final Object Repo/New Registration - Registration Module Pages/Form 2/Incomplete Checkbox' is clicked on

2018-12-11 14:58:22 - [MESSAGE][PASSED] - Object: 'Object Repository/Final Object Repo/New Registration - Registration Module Pages/Form 2/Incomplete Checkbox' is clicked on

2018-12-11 14:58:22 - [TEST_STEP][PASSED] - delay: Delayed 2 second(s)

2018-12-11 14:58:24 - [MESSAGE][PASSED] - Delayed 2 second(s)

2018-12-11 14:58:24 - [TEST_STEP][PASSED] - click: Object: 'Object Repository/Final Object Repo/New Registration - Registration Module Pages/Form 2/Save and Continue Form 2' is clicked on

2018-12-11 14:58:24 - [MESSAGE][PASSED] - Object: 'Object Repository/Final Object Repo/New Registration - Registration Module Pages/Form 2/Save and Continue Form 2' is clicked on

2018-12-11 14:58:24 - [MESSAGE][PASSED] - Call Test Case 'Test Cases/Final Aug 2018 - PKS Automation/Registration Module/New Registration/Form 2/Add 1 Eligible - Incomplete' successfully

2018-12-11 14:58:24 - [TEST_STEP][PASSED] - callTestCase: Call Test Case 'Test Cases/Final Aug 2018 - PKS Automation/Registration Module/New Registration/Flow of New Registration/Third Screen - Upload Supporting Doc - Preview' successfully

2018-12-11 14:58:24 - [TEST_CASE][PASSED] - Test Cases/Final Aug 2018 - PKS Automation/Registration Module/New Registration/Flow of New Registration/Third Screen - Upload Supporting Doc - Preview: Test Cases/Final Aug 2018 - PKS Automation/Registration Module/New Registration/Flow of New Registration/Third Screen - Upload Supporting Doc - Preview

2018-12-11 14:58:24 - [TEST_STEP][PASSED] - waitForPageLoad: Wait for page load successfully

2018-12-11 14:58:25 - [MESSAGE][PASSED] - Wait for page load successfully

2018-12-11 14:58:25 - [TEST_STEP][PASSED] - Statement - CaseReferenceNo = com.kms.katalon.core.webui.keyword.WebUiBuiltInKeywords.getText(com.kms.katalon.core.testobject.ObjectRepository.findTestObject(Final Object Repo/New Registration - Registration Module Pages/Third Screen - Upload Supporting Doc- Preview/RefNo Acquiring)): Text of object 'Object Repository/Final Object Repo/New Registration - Registration Module Pages/Third Screen - Upload Supporting Doc- Preview/RefNo Acquiring' is: 'CRN12201800123177'

2018-12-11 14:58:25 - [MESSAGE][PASSED] - Text of object 'Object Repository/Final Object Repo/New Registration - Registration Module Pages/Third Screen - Upload Supporting Doc- Preview/RefNo Acquiring' is: 'CRN12201800123177'

2018-12-11 14:58:25 - [TEST_STEP][PASSED] - delay: Delayed 2 second(s)

2018-12-11 14:58:27 - [MESSAGE][PASSED] - Delayed 2 second(s)

2018-12-11 14:58:27 - [TEST_STEP][PASSED] - callTestCase: Call Test Case 'Test Cases/Final Aug 2018 - PKS Automation/Common/Reference Number Setter' successfully

2018-12-11 14:58:27 - [TEST_CASE][PASSED] - Test Cases/Final Aug 2018 - PKS Automation/Common/Reference Number Setter: Test Cases/Final Aug 2018 - PKS Automation/Common/Reference Number Setter

2018-12-11 14:58:27 - [TEST_STEP][PASSED] - Statement - RefNoOldFile = new java.io.File(C://Users//Admin//Desktop//PKS//Automation Reference Point//KatalonReference.txt): null

2018-12-11 14:58:27 - [TEST_STEP][PASSED] - Statement - RefNoOldFile.delete(): null

2018-12-11 14:58:27 - [TEST_STEP][PASSED] - delay: Delayed 5 second(s)

2018-12-11 14:58:32 - [MESSAGE][PASSED] - Delayed 5 second(s)

2018-12-11 14:58:32 - [TEST_STEP][PASSED] - Statement - RefNo = new java.io.File(C://Users//Admin//Desktop//PKS//Automation Reference Point//KatalonReference.txt): null

2018-12-11 14:58:32 - [TEST_STEP][PASSED] - Statement - f2 = new java.io.FileWriter(RefNo, false): null

2018-12-11 14:58:32 - [TEST_STEP][PASSED] - Statement - f2.write(CaseReferenceNo): null

2018-12-11 14:58:32 - [TEST_STEP][PASSED] - Statement - f2.close(): null

2018-12-11 14:58:32 - [TEST_STEP][PASSED] - Statement - out.println("


" + CaseReferenceNo + "


"): null

2018-12-11 14:58:32 - [MESSAGE][PASSED] - Call Test Case 'Test Cases/Final Aug 2018 - PKS Automation/Common/Reference Number Setter' successfully

2018-12-11 14:58:32 - [TEST_STEP][PASSED] - waitForElementClickable: Object 'Object Repository/Final Object Repo/New Registration - Registration Module Pages/Third Screen - Upload Supporting Doc- Preview/Save n Continue in SIP Employee Listing Page' is clickable

2018-12-11 14:58:32 - [MESSAGE][PASSED] - Object 'Object Repository/Final Object Repo/New Registration - Registration Module Pages/Third Screen - Upload Supporting Doc- Preview/Save n Continue in SIP Employee Listing Page' is clickable

2018-12-11 14:58:32 - [TEST_STEP][PASSED] - click: Object: 'Object Repository/Final Object Repo/New Registration - Registration Module Pages/Third Screen - Upload Supporting Doc- Preview/Save n Continue in SIP Employee Listing Page' is clicked on

2018-12-11 14:58:37 - [MESSAGE][PASSED] - Object: 'Object Repository/Final Object Repo/New Registration - Registration Module Pages/Third Screen - Upload Supporting Doc- Preview/Save n Continue in SIP Employee Listing Page' is clicked on

2018-12-11 14:58:37 - [TEST_STEP][PASSED] - delay: Delayed 7 second(s)

2018-12-11 14:58:44 - [MESSAGE][PASSED] - Delayed 7 second(s)

2018-12-11 14:58:44 - [TEST_STEP][PASSED] - click: Object: 'Object Repository/Final Object Repo/New Registration - Registration Module Pages/Third Screen - Upload Supporting Doc- Preview/Add Document Button' is clicked on

2018-12-11 14:58:45 - [MESSAGE][PASSED] - Object: 'Object Repository/Final Object Repo/New Registration - Registration Module Pages/Third Screen - Upload Supporting Doc- Preview/Add Document Button' is clicked on

2018-12-11 14:58:45 - [TEST_STEP][PASSED] - delay: Delayed 30 second(s)

2018-12-11 14:59:15 - [MESSAGE][PASSED] - Delayed 30 second(s)

2018-12-11 14:59:15 - [TEST_STEP][PASSED] - click: Object: 'Object Repository/Final Object Repo/New Registration - Registration Module Pages/Third Screen - Upload Supporting Doc- Preview/Supporting Doc Please Select Drop Down' is clicked on

2018-12-11 14:59:15 - [MESSAGE][PASSED] - Object: 'Object Repository/Final Object Repo/New Registration - Registration Module Pages/Third Screen - Upload Supporting Doc- Preview/Supporting Doc Please Select Drop Down' is clicked on

2018-12-11 14:59:15 - [TEST_STEP][PASSED] - delay: Delayed 2 second(s)

2018-12-11 14:59:17 - [MESSAGE][PASSED] - Delayed 2 second(s)

2018-12-11 14:59:17 - [TEST_STEP][PASSED] - click: Object: 'Object Repository/Final Object Repo/New Registration - Registration Module Pages/Third Screen - Upload Supporting Doc- Preview/Select to Upload Form 1' is clicked on

2018-12-11 14:59:17 - [MESSAGE][PASSED] - Object: 'Object Repository/Final Object Repo/New Registration - Registration Module Pages/Third Screen - Upload Supporting Doc- Preview/Select to Upload Form 1' is clicked on

2018-12-11 14:59:17 - [TEST_STEP][PASSED] - delay: Delayed 2 second(s)

2018-12-11 14:59:19 - [MESSAGE][PASSED] - Delayed 2 second(s)

2018-12-11 14:59:19 - [TEST_STEP][PASSED] - uploadFile: File 'C:\Users\Public\Pictures\Sample Pictures\Koala.jpg' sent to object: 'Object Repository/Final Object Repo/New Registration - Registration Module Pages/Third Screen - Upload Supporting Doc- Preview/Upload File Adding'

2018-12-11 14:59:19 - [MESSAGE][PASSED] - File 'C:\Users\Public\Pictures\Sample Pictures\Koala.jpg' sent to object: 'Object Repository/Final Object Repo/New Registration - Registration Module Pages/Third Screen - Upload Supporting Doc- Preview/Upload File Adding'

2018-12-11 14:59:19 - [TEST_STEP][PASSED] - delay: Delayed 5 second(s)

2018-12-11 14:59:24 - [MESSAGE][PASSED] - Delayed 5 second(s)

2018-12-11 14:59:24 - [TEST_STEP][PASSED] - click: Object: 'Object Repository/Final Object Repo/New Registration - Registration Module Pages/Third Screen - Upload Supporting Doc- Preview/Inner Form Add Document Button' is clicked on

2018-12-11 14:59:24 - [MESSAGE][PASSED] - Object: 'Object Repository/Final Object Repo/New Registration - Registration Module Pages/Third Screen - Upload Supporting Doc- Preview/Inner Form Add Document Button' is clicked on

2018-12-11 14:59:24 - [TEST_STEP][PASSED] - delay: Delayed 3 second(s)

2018-12-11 14:59:27 - [MESSAGE][PASSED] - Delayed 3 second(s)

2018-12-11 14:59:27 - [TEST_STEP][PASSED] - click: Object: 'Object Repository/Final Object Repo/New Registration - Registration Module Pages/Third Screen - Upload Supporting Doc- Preview/Add Document Button' is clicked on

2018-12-11 14:59:28 - [MESSAGE][PASSED] - Object: 'Object Repository/Final Object Repo/New Registration - Registration Module Pages/Third Screen - Upload Supporting Doc- Preview/Add Document Button' is clicked on

2018-12-11 14:59:28 - [TEST_STEP][PASSED] - delay: Delayed 30 second(s)

2018-12-11 14:59:58 - [MESSAGE][PASSED] - Delayed 30 second(s)

2018-12-11 14:59:58 - [TEST_STEP][PASSED] - click: Object: 'Object Repository/Final Object Repo/New Registration - Registration Module Pages/Third Screen - Upload Supporting Doc- Preview/Supporting Doc Please Select Drop Down' is clicked on

2018-12-11 14:59:59 - [MESSAGE][PASSED] - Object: 'Object Repository/Final Object Repo/New Registration - Registration Module Pages/Third Screen - Upload Supporting Doc- Preview/Supporting Doc Please Select Drop Down' is clicked on

2018-12-11 14:59:59 - [TEST_STEP][PASSED] - delay: Delayed 4 second(s)

2018-12-11 15:00:03 - [MESSAGE][PASSED] - Delayed 4 second(s)

2018-12-11 15:00:03 - [TEST_STEP][PASSED] - click: Object: 'Object Repository/Final Object Repo/New Registration - Registration Module Pages/Third Screen - Upload Supporting Doc- Preview/Select to Upload Form 2' is clicked on

2018-12-11 15:00:03 - [MESSAGE][PASSED] - Object: 'Object Repository/Final Object Repo/New Registration - Registration Module Pages/Third Screen - Upload Supporting Doc- Preview/Select to Upload Form 2' is clicked on

2018-12-11 15:00:03 - [TEST_STEP][PASSED] - delay: Delayed 2 second(s)

2018-12-11 15:00:05 - [MESSAGE][PASSED] - Delayed 2 second(s)

2018-12-11 15:00:05 - [TEST_STEP][PASSED] - uploadFile: File 'C:\Users\Public\Pictures\Sample Pictures\Koala.jpg' sent to object: 'Object Repository/Final Object Repo/New Registration - Registration Module Pages/Third Screen - Upload Supporting Doc- Preview/Upload File Adding'

2018-12-11 15:00:05 - [MESSAGE][PASSED] - File 'C:\Users\Public\Pictures\Sample Pictures\Koala.jpg' sent to object: 'Object Repository/Final Object Repo/New Registration - Registration Module Pages/Third Screen - Upload Supporting Doc- Preview/Upload File Adding'

2018-12-11 15:00:05 - [TEST_STEP][PASSED] - click: Object: 'Object Repository/Final Object Repo/New Registration - Registration Module Pages/Third Screen - Upload Supporting Doc- Preview/Inner Form Add Document Button' is clicked on

2018-12-11 15:00:05 - [MESSAGE][PASSED] - Object: 'Object Repository/Final Object Repo/New Registration - Registration Module Pages/Third Screen - Upload Supporting Doc- Preview/Inner Form Add Document Button' is clicked on

2018-12-11 15:00:05 - [TEST_STEP][PASSED] - delay: Delayed 5 second(s)

2018-12-11 15:00:10 - [MESSAGE][PASSED] - Delayed 5 second(s)

2018-12-11 15:00:10 - [TEST_STEP][PASSED] - click: Object: 'Object Repository/Final Object Repo/New Registration - Registration Module Pages/Third Screen - Upload Supporting Doc- Preview/Add Document Button' is clicked on

2018-12-11 15:00:10 - [MESSAGE][PASSED] - Object: 'Object Repository/Final Object Repo/New Registration - Registration Module Pages/Third Screen - Upload Supporting Doc- Preview/Add Document Button' is clicked on

2018-12-11 15:00:10 - [TEST_STEP][PASSED] - delay: Delayed 30 second(s)

2018-12-11 15:00:40 - [MESSAGE][PASSED] - Delayed 30 second(s)

2018-12-11 15:00:40 - [TEST_STEP][PASSED] - click: Object: 'Object Repository/Final Object Repo/New Registration - Registration Module Pages/Third Screen - Upload Supporting Doc- Preview/Supporting Doc Please Select Drop Down' is clicked on

2018-12-11 15:00:40 - [MESSAGE][PASSED] - Object: 'Object Repository/Final Object Repo/New Registration - Registration Module Pages/Third Screen - Upload Supporting Doc- Preview/Supporting Doc Please Select Drop Down' is clicked on

2018-12-11 15:00:40 - [TEST_STEP][PASSED] - click: Object: 'Object Repository/Final Object Repo/New Registration - Registration Module Pages/Third Screen - Upload Supporting Doc- Preview/Select to Upload Borang SIP 1' is clicked on

2018-12-11 15:00:41 - [MESSAGE][PASSED] - Object: 'Object Repository/Final Object Repo/New Registration - Registration Module Pages/Third Screen - Upload Supporting Doc- Preview/Select to Upload Borang SIP 1' is clicked on

2018-12-11 15:00:41 - [TEST_STEP][PASSED] - delay: Delayed 2 second(s)

2018-12-11 15:00:43 - [MESSAGE][PASSED] - Delayed 2 second(s)

2018-12-11 15:00:43 - [TEST_STEP][PASSED] - uploadFile: File 'C:\Users\Public\Pictures\Sample Pictures\Koala.jpg' sent to object: 'Object Repository/Final Object Repo/New Registration - Registration Module Pages/Third Screen - Upload Supporting Doc- Preview/Upload File Adding'

2018-12-11 15:00:43 - [MESSAGE][PASSED] - File 'C:\Users\Public\Pictures\Sample Pictures\Koala.jpg' sent to object: 'Object Repository/Final Object Repo/New Registration - Registration Module Pages/Third Screen - Upload Supporting Doc- Preview/Upload File Adding'

2018-12-11 15:00:43 - [TEST_STEP][PASSED] - click: Object: 'Object Repository/Final Object Repo/New Registration - Registration Module Pages/Third Screen - Upload Supporting Doc- Preview/Inner Form Add Document Button' is clicked on

2018-12-11 15:00:43 - [MESSAGE][PASSED] - Object: 'Object Repository/Final Object Repo/New Registration - Registration Module Pages/Third Screen - Upload Supporting Doc- Preview/Inner Form Add Document Button' is clicked on

2018-12-11 15:00:43 - [TEST_STEP][PASSED] - delay: Delayed 5 second(s)

2018-12-11 15:00:48 - [MESSAGE][PASSED] - Delayed 5 second(s)

2018-12-11 15:00:48 - [TEST_STEP][PASSED] - click: Object: 'Object Repository/Final Object Repo/New Registration - Registration Module Pages/Third Screen - Upload Supporting Doc- Preview/Add Document Button' is clicked on

2018-12-11 15:00:48 - [MESSAGE][PASSED] - Object: 'Object Repository/Final Object Repo/New Registration - Registration Module Pages/Third Screen - Upload Supporting Doc- Preview/Add Document Button' is clicked on

2018-12-11 15:00:48 - [TEST_STEP][PASSED] - delay: Delayed 30 second(s)

2018-12-11 15:01:18 - [MESSAGE][PASSED] - Delayed 30 second(s)

2018-12-11 15:01:18 - [TEST_STEP][PASSED] - click: Object: 'Object Repository/Final Object Repo/New Registration - Registration Module Pages/Third Screen - Upload Supporting Doc- Preview/Supporting Doc Please Select Drop Down' is clicked on

2018-12-11 15:01:18 - [MESSAGE][PASSED] - Object: 'Object Repository/Final Object Repo/New Registration - Registration Module Pages/Third Screen - Upload Supporting Doc- Preview/Supporting Doc Please Select Drop Down' is clicked on

2018-12-11 15:01:18 - [TEST_STEP][PASSED] - delay: Delayed 3 second(s)

2018-12-11 15:01:21 - [MESSAGE][PASSED] - Delayed 3 second(s)

2018-12-11 15:01:21 - [TEST_STEP][PASSED] - click: Object: 'Object Repository/Final Object Repo/New Registration - Registration Module Pages/Third Screen - Upload Supporting Doc- Preview/Select to Upload Borang SIP 2' is clicked on

2018-12-11 15:01:21 - [MESSAGE][PASSED] - Object: 'Object Repository/Final Object Repo/New Registration - Registration Module Pages/Third Screen - Upload Supporting Doc- Preview/Select to Upload Borang SIP 2' is clicked on

2018-12-11 15:01:21 - [TEST_STEP][PASSED] - delay: Delayed 2 second(s)

2018-12-11 15:01:23 - [MESSAGE][PASSED] - Delayed 2 second(s)

2018-12-11 15:01:23 - [TEST_STEP][PASSED] - uploadFile: File 'C:\Users\Public\Pictures\Sample Pictures\Koala.jpg' sent to object: 'Object Repository/Final Object Repo/New Registration - Registration Module Pages/Third Screen - Upload Supporting Doc- Preview/Upload File Adding'

2018-12-11 15:01:24 - [MESSAGE][PASSED] - File 'C:\Users\Public\Pictures\Sample Pictures\Koala.jpg' sent to object: 'Object Repository/Final Object Repo/New Registration - Registration Module Pages/Third Screen - Upload Supporting Doc- Preview/Upload File Adding'

2018-12-11 15:01:24 - [TEST_STEP][PASSED] - delay: Delayed 5 second(s)

2018-12-11 15:01:29 - [MESSAGE][PASSED] - Delayed 5 second(s)

2018-12-11 15:01:29 - [TEST_STEP][PASSED] - click: Object: 'Object Repository/Final Object Repo/New Registration - Registration Module Pages/Third Screen - Upload Supporting Doc- Preview/Inner Form Add Document Button' is clicked on

2018-12-11 15:01:29 - [MESSAGE][PASSED] - Object: 'Object Repository/Final Object Repo/New Registration - Registration Module Pages/Third Screen - Upload Supporting Doc- Preview/Inner Form Add Document Button' is clicked on

2018-12-11 15:01:29 - [TEST_STEP][PASSED] - delay: Delayed 3 second(s)

2018-12-11 15:01:32 - [MESSAGE][PASSED] - Delayed 3 second(s)

2018-12-11 15:01:32 - [TEST_STEP][PASSED] - waitForElementClickable: Object 'Object Repository/Final Object Repo/New Registration - Registration Module Pages/Third Screen - Upload Supporting Doc- Preview/Save n Continue in Uploading Supporting Doc Page' is clickable

2018-12-11 15:01:33 - [MESSAGE][PASSED] - Object 'Object Repository/Final Object Repo/New Registration - Registration Module Pages/Third Screen - Upload Supporting Doc- Preview/Save n Continue in Uploading Supporting Doc Page' is clickable

2018-12-11 15:01:33 - [TEST_STEP][PASSED] - click: Object: 'Object Repository/Final Object Repo/New Registration - Registration Module Pages/Third Screen - Upload Supporting Doc- Preview/Save n Continue in Uploading Supporting Doc Page' is clicked on

2018-12-11 15:01:33 - [MESSAGE][PASSED] - Object: 'Object Repository/Final Object Repo/New Registration - Registration Module Pages/Third Screen - Upload Supporting Doc- Preview/Save n Continue in Uploading Supporting Doc Page' is clicked on

2018-12-11 15:01:33 - [MESSAGE][PASSED] - Call Test Case 'Test Cases/Final Aug 2018 - PKS Automation/Registration Module/New Registration/Flow of New Registration/Third Screen - Upload Supporting Doc - Preview' successfully

2018-12-11 15:01:33 - [TEST_STEP][PASSED] - callTestCase: Call Test Case 'Test Cases/Final Aug 2018 - PKS Automation/Registration Module/New Registration/Submit and Screenshot/Submit Registration and Screenshot' successfully

2018-12-11 15:01:33 - [TEST_CASE][PASSED] - Test Cases/Final Aug 2018 - PKS Automation/Registration Module/New Registration/Submit and Screenshot/Submit Registration and Screenshot: Test Cases/Final Aug 2018 - PKS Automation/Registration Module/New Registration/Submit and Screenshot/Submit Registration and Screenshot

2018-12-11 15:01:33 - [TEST_STEP][PASSED] - delay: Delayed 6 second(s)

2018-12-11 15:01:39 - [MESSAGE][PASSED] - Delayed 6 second(s)

2018-12-11 15:01:39 - [TEST_STEP][PASSED] - click: Object: 'Object Repository/Final Object Repo/New Registration - Registration Module Pages/Third Screen - Upload Supporting Doc- Preview/Preview Submit Button' is clicked on

2018-12-11 15:01:39 - [MESSAGE][PASSED] - Object: 'Object Repository/Final Object Repo/New Registration - Registration Module Pages/Third Screen - Upload Supporting Doc- Preview/Preview Submit Button' is clicked on

2018-12-11 15:01:39 - [TEST_STEP][PASSED] - delay: Delayed 2 second(s)

2018-12-11 15:01:41 - [MESSAGE][PASSED] - Delayed 2 second(s)

2018-12-11 15:01:41 - [TEST_STEP][PASSED] - click: Object: 'Object Repository/Final Object Repo/New Registration - Registration Module Pages/Third Screen - Upload Supporting Doc- Preview/Preview Submit - Confirm' is clicked on

2018-12-11 15:01:42 - [MESSAGE][PASSED] - Object: 'Object Repository/Final Object Repo/New Registration - Registration Module Pages/Third Screen - Upload Supporting Doc- Preview/Preview Submit - Confirm' is clicked on

2018-12-11 15:01:42 - [TEST_STEP][PASSED] - delay: Delayed 15 second(s)

2018-12-11 15:01:57 - [MESSAGE][PASSED] - Delayed 15 second(s)

2018-12-11 15:01:57 - [TEST_STEP][PASSED] - Statement - driver = com.kms.katalon.core.webui.driver.DriverFactory.getWebDriver(): null

2018-12-11 15:01:57 - [TEST_STEP][PASSED] - Statement - driver.manage().timeouts().implicitlyWait(10, SECONDS): null

2018-12-11 15:01:57 - [TEST_STEP][PASSED] - Statement - PresavePath = KatalonScreenshots: null

2018-12-11 15:01:57 - [TEST_STEP][PASSED] - Statement - pathPrefix = "C:\Users\Public\Pictures\Sample Pictures\Katalon Screenshots\Automate Ending Screen": null

2018-12-11 15:01:57 - [TEST_STEP][PASSED] - Statement - finalPath = <not implemented yet for class: org.codehaus.groovy.ast.expr.EmptyExpression>: null

2018-12-11 15:01:57 - [TEST_STEP][PASSED] - Statement - scrFile = driver.getScreenshotAs(FILE): null

2018-12-11 15:01:57 - [TEST_STEP][PASSED] - Statement - PreSaveFile = new java.io.File(PresavePath): null

2018-12-11 15:01:57 - [TEST_STEP][PASSED] - Statement - counter = 0: null

2018-12-11 15:01:57 - [TEST_STEP][PASSED] - Statement - If (PreSaveFile.exists()): null

2018-12-11 15:01:57 - [TEST_STEP][PASSED] - Statement - While (PreSaveFile.exists()): null

2018-12-11 15:01:57 - [TEST_STEP][PASSED] - Statement - counter = counter + 1: null

2018-12-11 15:01:57 - [TEST_STEP][PASSED] - Statement - PreSaveFile = new java.io.File(((pathPrefix + java.lang.Integer.toString(counter)) + .png)): null

2018-12-11 15:01:57 - [TEST_STEP][PASSED] - Statement - counter = counter + 1: null

2018-12-11 15:01:57 - [TEST_STEP][PASSED] - Statement - PreSaveFile = new java.io.File(((pathPrefix + java.lang.Integer.toString(counter)) + .png)): null

2018-12-11 15:01:57 - [TEST_STEP][PASSED] - Statement - counter = counter + 1: null

2018-12-11 15:01:57 - [TEST_STEP][PASSED] - Statement - PreSaveFile = new java.io.File(((pathPrefix + java.lang.Integer.toString(counter)) + .png)): null

2018-12-11 15:01:57 - [TEST_STEP][PASSED] - Statement - counter = counter + 1: null

2018-12-11 15:01:57 - [TEST_STEP][PASSED] - Statement - PreSaveFile = new java.io.File(((pathPrefix + java.lang.Integer.toString(counter)) + .png)): null

2018-12-11 15:01:57 - [TEST_STEP][PASSED] - Statement - counter = counter + 1: null

2018-12-11 15:01:57 - [TEST_STEP][PASSED] - Statement - PreSaveFile = new java.io.File(((pathPrefix + java.lang.Integer.toString(counter)) + .png)): null

2018-12-11 15:01:57 - [TEST_STEP][PASSED] - Statement - counter = counter + 1: null

2018-12-11 15:01:57 - [TEST_STEP][PASSED] - Statement - PreSaveFile = new java.io.File(((pathPrefix + java.lang.Integer.toString(counter)) + .png)): null

2018-12-11 15:01:57 - [TEST_STEP][PASSED] - Statement - counter = counter + 1: null

2018-12-11 15:01:57 - [TEST_STEP][PASSED] - Statement - PreSaveFile = new java.io.File(((pathPrefix + java.lang.Integer.toString(counter)) + .png)): null

2018-12-11 15:01:57 - [TEST_STEP][PASSED] - Statement - counter = counter + 1: null

2018-12-11 15:01:57 - [TEST_STEP][PASSED] - Statement - PreSaveFile = new java.io.File(((pathPrefix + java.lang.Integer.toString(counter)) + .png)): null

2018-12-11 15:01:57 - [TEST_STEP][PASSED] - Statement - counter = counter + 1: null

2018-12-11 15:01:57 - [TEST_STEP][PASSED] - Statement - PreSaveFile = new java.io.File(((pathPrefix + java.lang.Integer.toString(counter)) + .png)): null

2018-12-11 15:01:57 - [TEST_STEP][PASSED] - Statement - counter = counter + 1: null

2018-12-11 15:01:57 - [TEST_STEP][PASSED] - Statement - PreSaveFile = new java.io.File(((pathPrefix + java.lang.Integer.toString(counter)) + .png)): null

2018-12-11 15:01:57 - [TEST_STEP][PASSED] - Statement - counter = counter + 1: null

2018-12-11 15:01:57 - [TEST_STEP][PASSED] - Statement - PreSaveFile = new java.io.File(((pathPrefix + java.lang.Integer.toString(counter)) + .png)): null

2018-12-11 15:01:57 - [TEST_STEP][PASSED] - Statement - counter = counter + 1: null

2018-12-11 15:01:57 - [TEST_STEP][PASSED] - Statement - PreSaveFile = new java.io.File(((pathPrefix + java.lang.Integer.toString(counter)) + .png)): null

2018-12-11 15:01:57 - [TEST_STEP][PASSED] - Statement - counter = counter + 1: null

2018-12-11 15:01:57 - [TEST_STEP][PASSED] - Statement - PreSaveFile = new java.io.File(((pathPrefix + java.lang.Integer.toString(counter)) + .png)): null

2018-12-11 15:01:57 - [TEST_STEP][PASSED] - Statement - counter = counter + 1: null

2018-12-11 15:01:57 - [TEST_STEP][PASSED] - Statement - PreSaveFile = new java.io.File(((pathPrefix + java.lang.Integer.toString(counter)) + .png)): null

2018-12-11 15:01:57 - [TEST_STEP][PASSED] - Statement - counter = counter + 1: null

2018-12-11 15:01:57 - [TEST_STEP][PASSED] - Statement - PreSaveFile = new java.io.File(((pathPrefix + java.lang.Integer.toString(counter)) + .png)): null

2018-12-11 15:01:57 - [TEST_STEP][PASSED] - Statement - counter = counter + 1: null

2018-12-11 15:01:57 - [TEST_STEP][PASSED] - Statement - PreSaveFile = new java.io.File(((pathPrefix + java.lang.Integer.toString(counter)) + .png)): null

2018-12-11 15:01:57 - [TEST_STEP][PASSED] - Statement - counter = counter + 1: null

2018-12-11 15:01:57 - [TEST_STEP][PASSED] - Statement - PreSaveFile = new java.io.File(((pathPrefix + java.lang.Integer.toString(counter)) + .png)): null

2018-12-11 15:01:57 - [TEST_STEP][PASSED] - Statement - counter = counter + 1: null

2018-12-11 15:01:57 - [TEST_STEP][PASSED] - Statement - PreSaveFile = new java.io.File(((pathPrefix + java.lang.Integer.toString(counter)) + .png)): null

2018-12-11 15:01:57 - [TEST_STEP][PASSED] - Statement - counter = counter + 1: null

2018-12-11 15:01:57 - [TEST_STEP][PASSED] - Statement - PreSaveFile = new java.io.File(((pathPrefix + java.lang.Integer.toString(counter)) + .png)): null

2018-12-11 15:01:57 - [TEST_STEP][PASSED] - Statement - counter = counter + 1: null

2018-12-11 15:01:57 - [TEST_STEP][PASSED] - Statement - PreSaveFile = new java.io.File(((pathPrefix + java.lang.Integer.toString(counter)) + .png)): null

2018-12-11 15:01:57 - [TEST_STEP][PASSED] - Statement - counter = counter + 1: null

2018-12-11 15:01:57 - [TEST_STEP][PASSED] - Statement - PreSaveFile = new java.io.File(((pathPrefix + java.lang.Integer.toString(counter)) + .png)): null

2018-12-11 15:01:57 - [TEST_STEP][PASSED] - Statement - counter = counter + 1: null

2018-12-11 15:01:57 - [TEST_STEP][PASSED] - Statement - PreSaveFile = new java.io.File(((pathPrefix + java.lang.Integer.toString(counter)) + .png)): null

2018-12-11 15:01:57 - [TEST_STEP][PASSED] - Statement - counter = counter + 1: null

2018-12-11 15:01:57 - [TEST_STEP][PASSED] - Statement - PreSaveFile = new java.io.File(((pathPrefix + java.lang.Integer.toString(counter)) + .png)): null

2018-12-11 15:01:57 - [TEST_STEP][PASSED] - Statement - counter = counter + 1: null

2018-12-11 15:01:57 - [TEST_STEP][PASSED] - Statement - PreSaveFile = new java.io.File(((pathPrefix + java.lang.Integer.toString(counter)) + .png)): null

2018-12-11 15:01:57 - [TEST_STEP][PASSED] - Statement - counter = counter + 1: null

2018-12-11 15:01:57 - [TEST_STEP][PASSED] - Statement - PreSaveFile = new java.io.File(((pathPrefix + java.lang.Integer.toString(counter)) + .png)): null

2018-12-11 15:01:57 - [TEST_STEP][PASSED] - Statement - counter = counter + 1: null

2018-12-11 15:01:57 - [TEST_STEP][PASSED] - Statement - PreSaveFile = new java.io.File(((pathPrefix + java.lang.Integer.toString(counter)) + .png)): null

2018-12-11 15:01:57 - [TEST_STEP][PASSED] - Statement - counter = counter + 1: null

2018-12-11 15:01:57 - [TEST_STEP][PASSED] - Statement - PreSaveFile = new java.io.File(((pathPrefix + java.lang.Integer.toString(counter)) + .png)): null

2018-12-11 15:01:57 - [TEST_STEP][PASSED] - Statement - counter = counter + 1: null

2018-12-11 15:01:57 - [TEST_STEP][PASSED] - Statement - PreSaveFile = new java.io.File(((pathPrefix + java.lang.Integer.toString(counter)) + .png)): null

2018-12-11 15:01:57 - [TEST_STEP][PASSED] - Statement - counter = counter + 1: null

2018-12-11 15:01:57 - [TEST_STEP][PASSED] - Statement - PreSaveFile = new java.io.File(((pathPrefix + java.lang.Integer.toString(counter)) + .png)): null

2018-12-11 15:01:57 - [TEST_STEP][PASSED] - Statement - counter = counter + 1: null

2018-12-11 15:01:57 - [TEST_STEP][PASSED] - Statement - PreSaveFile = new java.io.File(((pathPrefix + java.lang.Integer.toString(counter)) + .png)): null

2018-12-11 15:01:57 - [TEST_STEP][PASSED] - Statement - counter = counter + 1: null

2018-12-11 15:01:57 - [TEST_STEP][PASSED] - Statement - PreSaveFile = new java.io.File(((pathPrefix + java.lang.Integer.toString(counter)) + .png)): null

2018-12-11 15:01:57 - [TEST_STEP][PASSED] - Statement - counter = counter + 1: null

2018-12-11 15:01:57 - [TEST_STEP][PASSED] - Statement - PreSaveFile = new java.io.File(((pathPrefix + java.lang.Integer.toString(counter)) + .png)): null

2018-12-11 15:01:57 - [TEST_STEP][PASSED] - Statement - counter = counter + 1: null

2018-12-11 15:01:57 - [TEST_STEP][PASSED] - Statement - PreSaveFile = new java.io.File(((pathPrefix + java.lang.Integer.toString(counter)) + .png)): null

2018-12-11 15:01:57 - [TEST_STEP][PASSED] - Statement - counter = counter + 1: null

2018-12-11 15:01:57 - [TEST_STEP][PASSED] - Statement - PreSaveFile = new java.io.File(((pathPrefix + java.lang.Integer.toString(counter)) + .png)): null

2018-12-11 15:01:57 - [TEST_STEP][PASSED] - Statement - counter = counter + 1: null

2018-12-11 15:01:57 - [TEST_STEP][PASSED] - Statement - PreSaveFile = new java.io.File(((pathPrefix + java.lang.Integer.toString(counter)) + .png)): null

2018-12-11 15:01:57 - [TEST_STEP][PASSED] - Statement - counter = counter + 1: null

2018-12-11 15:01:57 - [TEST_STEP][PASSED] - Statement - PreSaveFile = new java.io.File(((pathPrefix + java.lang.Integer.toString(counter)) + .png)): null

2018-12-11 15:01:57 - [TEST_STEP][PASSED] - Statement - counter = counter + 1: null

2018-12-11 15:01:57 - [TEST_STEP][PASSED] - Statement - PreSaveFile = new java.io.File(((pathPrefix + java.lang.Integer.toString(counter)) + .png)): null

2018-12-11 15:01:57 - [TEST_STEP][PASSED] - Statement - counter = counter + 1: null

2018-12-11 15:01:57 - [TEST_STEP][PASSED] - Statement - PreSaveFile = new java.io.File(((pathPrefix + java.lang.Integer.toString(counter)) + .png)): null

2018-12-11 15:01:57 - [TEST_STEP][PASSED] - Statement - counter = counter + 1: null

2018-12-11 15:01:57 - [TEST_STEP][PASSED] - Statement - PreSaveFile = new java.io.File(((pathPrefix + java.lang.Integer.toString(counter)) + .png)): null

2018-12-11 15:01:57 - [TEST_STEP][PASSED] - Statement - counter = counter + 1: null

2018-12-11 15:01:57 - [TEST_STEP][PASSED] - Statement - PreSaveFile = new java.io.File(((pathPrefix + java.lang.Integer.toString(counter)) + .png)): null

2018-12-11 15:01:57 - [TEST_STEP][PASSED] - Statement - counter = counter + 1: null

2018-12-11 15:01:57 - [TEST_STEP][PASSED] - Statement - PreSaveFile = new java.io.File(((pathPrefix + java.lang.Integer.toString(counter)) + .png)): null

2018-12-11 15:01:57 - [TEST_STEP][PASSED] - Statement - counter = counter + 1: null

2018-12-11 15:01:57 - [TEST_STEP][PASSED] - Statement - PreSaveFile = new java.io.File(((pathPrefix + java.lang.Integer.toString(counter)) + .png)): null

2018-12-11 15:01:57 - [TEST_STEP][PASSED] - Statement - counter = counter + 1: null

2018-12-11 15:01:57 - [TEST_STEP][PASSED] - Statement - PreSaveFile = new java.io.File(((pathPrefix + java.lang.Integer.toString(counter)) + .png)): null

2018-12-11 15:01:57 - [TEST_STEP][PASSED] - Statement - counter = counter + 1: null

2018-12-11 15:01:57 - [TEST_STEP][PASSED] - Statement - PreSaveFile = new java.io.File(((pathPrefix + java.lang.Integer.toString(counter)) + .png)): null

2018-12-11 15:01:57 - [TEST_STEP][PASSED] - Statement - counter = counter + 1: null

2018-12-11 15:01:57 - [TEST_STEP][PASSED] - Statement - PreSaveFile = new java.io.File(((pathPrefix + java.lang.Integer.toString(counter)) + .png)): null

2018-12-11 15:01:57 - [TEST_STEP][PASSED] - Statement - counter = counter + 1: null

2018-12-11 15:01:57 - [TEST_STEP][PASSED] - Statement - PreSaveFile = new java.io.File(((pathPrefix + java.lang.Integer.toString(counter)) + .png)): null

2018-12-11 15:01:57 - [TEST_STEP][PASSED] - Statement - counter = counter + 1: null

2018-12-11 15:01:57 - [TEST_STEP][PASSED] - Statement - PreSaveFile = new java.io.File(((pathPrefix + java.lang.Integer.toString(counter)) + .png)): null

2018-12-11 15:01:57 - [TEST_STEP][PASSED] - Statement - counter = counter + 1: null

2018-12-11 15:01:57 - [TEST_STEP][PASSED] - Statement - PreSaveFile = new java.io.File(((pathPrefix + java.lang.Integer.toString(counter)) + .png)): null

2018-12-11 15:01:57 - [TEST_STEP][PASSED] - Statement - counter = counter + 1: null

2018-12-11 15:01:57 - [TEST_STEP][PASSED] - Statement - PreSaveFile = new java.io.File(((pathPrefix + java.lang.Integer.toString(counter)) + .png)): null

2018-12-11 15:01:57 - [TEST_STEP][PASSED] - Statement - counter = counter + 1: null

2018-12-11 15:01:57 - [TEST_STEP][PASSED] - Statement - PreSaveFile = new java.io.File(((pathPrefix + java.lang.Integer.toString(counter)) + .png)): null

2018-12-11 15:01:57 - [TEST_STEP][PASSED] - Statement - counter = counter + 1: null

2018-12-11 15:01:57 - [TEST_STEP][PASSED] - Statement - PreSaveFile = new java.io.File(((pathPrefix + java.lang.Integer.toString(counter)) + .png)): null

2018-12-11 15:01:57 - [TEST_STEP][PASSED] - Statement - counter = counter + 1: null

2018-12-11 15:01:57 - [TEST_STEP][PASSED] - Statement - PreSaveFile = new java.io.File(((pathPrefix + java.lang.Integer.toString(counter)) + .png)): null

2018-12-11 15:01:57 - [TEST_STEP][PASSED] - Statement - counter = counter + 1: null

2018-12-11 15:01:57 - [TEST_STEP][PASSED] - Statement - PreSaveFile = new java.io.File(((pathPrefix + java.lang.Integer.toString(counter)) + .png)): null

2018-12-11 15:01:57 - [TEST_STEP][PASSED] - Statement - counter = counter + 1: null

2018-12-11 15:01:57 - [TEST_STEP][PASSED] - Statement - PreSaveFile = new java.io.File(((pathPrefix + java.lang.Integer.toString(counter)) + .png)): null

2018-12-11 15:01:57 - [TEST_STEP][PASSED] - Statement - counter = counter + 1: null

2018-12-11 15:01:57 - [TEST_STEP][PASSED] - Statement - PreSaveFile = new java.io.File(((pathPrefix + java.lang.Integer.toString(counter)) + .png)): null

2018-12-11 15:01:57 - [TEST_STEP][PASSED] - Statement - counter = counter + 1: null

2018-12-11 15:01:57 - [TEST_STEP][PASSED] - Statement - PreSaveFile = new java.io.File(((pathPrefix + java.lang.Integer.toString(counter)) + .png)): null

2018-12-11 15:01:57 - [TEST_STEP][PASSED] - Statement - counter = counter + 1: null

2018-12-11 15:01:57 - [TEST_STEP][PASSED] - Statement - PreSaveFile = new java.io.File(((pathPrefix + java.lang.Integer.toString(counter)) + .png)): null

2018-12-11 15:01:57 - [TEST_STEP][PASSED] - Statement - counter = counter + 1: null

2018-12-11 15:01:57 - [TEST_STEP][PASSED] - Statement - PreSaveFile = new java.io.File(((pathPrefix + java.lang.Integer.toString(counter)) + .png)): null

2018-12-11 15:01:57 - [TEST_STEP][PASSED] - Statement - counter = counter + 1: null

2018-12-11 15:01:57 - [TEST_STEP][PASSED] - Statement - PreSaveFile = new java.io.File(((pathPrefix + java.lang.Integer.toString(counter)) + .png)): null

2018-12-11 15:01:57 - [TEST_STEP][PASSED] - Statement - counter = counter + 1: null

2018-12-11 15:01:57 - [TEST_STEP][PASSED] - Statement - PreSaveFile = new java.io.File(((pathPrefix + java.lang.Integer.toString(counter)) + .png)): null

2018-12-11 15:01:57 - [TEST_STEP][PASSED] - Statement - counter = counter + 1: null

2018-12-11 15:01:57 - [TEST_STEP][PASSED] - Statement - PreSaveFile = new java.io.File(((pathPrefix + java.lang.Integer.toString(counter)) + .png)): null

2018-12-11 15:01:57 - [TEST_STEP][PASSED] - Statement - finalPath = pathPrefix + java.lang.Integer.toString(counter) + ".png": null

2018-12-11 15:01:57 - [TEST_STEP][PASSED] - Statement - SaveFile = new java.io.File(finalPath): null

2018-12-11 15:01:57 - [TEST_STEP][PASSED] - Statement - Try: null

2018-12-11 15:01:57 - [TEST_STEP][PASSED] - Statement - org.apache.commons.io.FileUtils.copyFile(scrFile, SaveFile): null

2018-12-11 15:01:57 - [TEST_STEP][PASSED] - Statement - out.println("file kept"): null

2018-12-11 15:01:57 - [TEST_STEP][PASSED] - delay: Delayed 10 second(s)

2018-12-11 15:02:07 - [MESSAGE][PASSED] - Delayed 10 second(s)

2018-12-11 15:02:07 - [MESSAGE][PASSED] - Call Test Case 'Test Cases/Final Aug 2018 - PKS Automation/Registration Module/New Registration/Submit and Screenshot/Submit Registration and Screenshot' successfully

2018-12-11 15:02:07 - [TEST_STEP][PASSED] - callTestCase: Call Test Case 'Test Cases/Final Aug 2018 - PKS Automation/Registration Module/Log Out/log out avoiding katalon tagging' successfully

2018-12-11 15:02:07 - [TEST_CASE][PASSED] - Test Cases/Final Aug 2018 - PKS Automation/Registration Module/Log Out/log out avoiding katalon tagging: Test Cases/Final Aug 2018 - PKS Automation/Registration Module/Log Out/log out avoiding katalon tagging

2018-12-11 15:02:07 - [TEST_STEP][PASSED] - navigateToUrl: Navigate to 'https://assist2-uat.perkeso.gov.my/c/portal/logout' successfully

2018-12-11 15:02:08 - [MESSAGE][PASSED] - Navigate to 'https://assist2-uat.perkeso.gov.my/c/portal/logout' successfully

2018-12-11 15:02:08 - [MESSAGE][PASSED] - Call Test Case 'Test Cases/Final Aug 2018 - PKS Automation/Registration Module/Log Out/log out avoiding katalon tagging' successfully

2018-12-11 15:02:08 - [TEST_STEP][PASSED] - callTestCase: Call Test Case 'Test Cases/Final Aug 2018 - PKS Automation/Common/Workflow Owner Finder' successfully

2018-12-11 15:02:08 - [TEST_CASE][PASSED] - Test Cases/Final Aug 2018 - PKS Automation/Common/Workflow Owner Finder: Test Cases/Final Aug 2018 - PKS Automation/Common/Workflow Owner Finder

2018-12-11 15:02:08 - [TEST_STEP][PASSED] - openBrowser: Browser is opened with url: ''

2018-12-11 15:02:08 - [MESSAGE][WARNING] - A browser is already opened. Closing browser and opening a new one

2018-12-11 15:02:13 - [MESSAGE][PASSED] - Browser is opened with url: ''

2018-12-11 15:02:13 - [TEST_STEP][PASSED] - navigateToUrl: Navigate to 'https://assist2-uat.perkeso.gov.my/login' successfully

2018-12-11 15:02:14 - [MESSAGE][PASSED] - Navigate to 'https://assist2-uat.perkeso.gov.my/login' successfully

2018-12-11 15:02:14 - [TEST_STEP][PASSED] - delay: Delayed 5 second(s)

2018-12-11 15:02:19 - [MESSAGE][PASSED] - Delayed 5 second(s)

2018-12-11 15:02:19 - [TEST_STEP][PASSED] - setText: Text 'test@liferay.com' is set on object 'Object Repository/Final Object Repo/Login Page/Internal User/Email Address'

2018-12-11 15:02:19 - [MESSAGE][PASSED] - Text 'test@liferay.com' is set on object 'Object Repository/Final Object Repo/Login Page/Internal User/Email Address'

2018-12-11 15:02:19 - [TEST_STEP][PASSED] - click: Object: 'Object Repository/Final Object Repo/Login Page/Internal User/Next Button' is clicked on

2018-12-11 15:02:19 - [MESSAGE][PASSED] - Object: 'Object Repository/Final Object Repo/Login Page/Internal User/Next Button' is clicked on

2018-12-11 15:02:19 - [TEST_STEP][PASSED] - delay: Delayed 2 second(s)

2018-12-11 15:02:21 - [MESSAGE][PASSED] - Delayed 2 second(s)

2018-12-11 15:02:21 - [TEST_STEP][PASSED] - setText: Text 'test' is set on object 'Object Repository/Final Object Repo/Login Page/Internal User/Password'

2018-12-11 15:02:21 - [MESSAGE][PASSED] - Text 'test' is set on object 'Object Repository/Final Object Repo/Login Page/Internal User/Password'

2018-12-11 15:02:21 - [TEST_STEP][PASSED] - delay: Delayed 2 second(s)

2018-12-11 15:02:23 - [MESSAGE][PASSED] - Delayed 2 second(s)

2018-12-11 15:02:23 - [TEST_STEP][PASSED] - click: Object: 'Object Repository/Final Object Repo/Login Page/Internal User/Login Button' is clicked on

2018-12-11 15:02:24 - [MESSAGE][PASSED] - Object: 'Object Repository/Final Object Repo/Login Page/Internal User/Login Button' is clicked on

2018-12-11 15:02:24 - [TEST_STEP][PASSED] - Statement - tester = com.kms.katalon.core.testobject.ObjectRepository.findTestObject(Final Object Repo/Landing Page/Select to English): Finding Test Object with id 'Object Repository/Final Object Repo/Landing Page/Select to English'

2018-12-11 15:02:24 - [TEST_STEP][PASSED] - Statement - Try: Delayed 2 second(s)

2018-12-11 15:02:24 - [TEST_STEP][PASSED] - Statement - Checker = com.kms.katalon.core.webui.keyword.WebUiBuiltInKeywords.verifyElementNotPresent(tester, 3): Web element with id: 'Object Repository/Final Object Repo/Landing Page/Select to English' located by 'By.xpath: //a[@class = 'taglib-language-list-text' and @lang = 'en-US' and (contains(text(), 'EN') or contains(., 'EN'))]' is not present after '3' second(s)

2018-12-11 15:02:25 - [MESSAGE][PASSED] - Web element with id: 'Object Repository/Final Object Repo/Landing Page/Select to English' located by 'By.xpath: //a[@class = 'taglib-language-list-text' and @lang = 'en-US' and (contains(text(), 'EN') or contains(., 'EN'))]' is not present after '3' second(s)

2018-12-11 15:02:25 - [TEST_STEP][PASSED] - Statement - If (Checker == false): null

2018-12-11 15:02:25 - [TEST_STEP][PASSED] - delay: Delayed 2 second(s)

2018-12-11 15:02:27 - [MESSAGE][PASSED] - Delayed 2 second(s)

2018-12-11 15:02:27 - [TEST_STEP][PASSED] - delay: Delayed 5 second(s)

2018-12-11 15:02:32 - [MESSAGE][PASSED] - Delayed 5 second(s)

2018-12-11 15:02:32 - [TEST_STEP][PASSED] - mouseOver: Object: 'Object Repository/Final Object Repo/Landing Page/WorkFlow Menu' is hovered

2018-12-11 15:02:33 - [MESSAGE][PASSED] - Object: 'Object Repository/Final Object Repo/Landing Page/WorkFlow Menu' is hovered

2018-12-11 15:02:33 - [TEST_STEP][PASSED] - delay: Delayed 2 second(s)

2018-12-11 15:02:35 - [MESSAGE][PASSED] - Delayed 2 second(s)

2018-12-11 15:02:35 - [TEST_STEP][PASSED] - click: Object: 'Object Repository/Final Object Repo/Landing Page/Select to Workflow Listing' is clicked on

2018-12-11 15:02:36 - [MESSAGE][PASSED] - Object: 'Object Repository/Final Object Repo/Landing Page/Select to Workflow Listing' is clicked on

2018-12-11 15:02:36 - [TEST_STEP][PASSED] - delay: Delayed 2 second(s)

2018-12-11 15:02:38 - [MESSAGE][PASSED] - Delayed 2 second(s)

2018-12-11 15:02:38 - [TEST_STEP][PASSED] - click: Object: 'Object Repository/Final Object Repo/WorkFlow Listing Page/Search Information - To Put Ref No' is clicked on

2018-12-11 15:02:38 - [MESSAGE][PASSED] - Object: 'Object Repository/Final Object Repo/WorkFlow Listing Page/Search Information - To Put Ref No' is clicked on

2018-12-11 15:02:38 - [TEST_STEP][PASSED] - delay: Delayed 2 second(s)

2018-12-11 15:02:40 - [MESSAGE][PASSED] - Delayed 2 second(s)

2018-12-11 15:02:40 - [TEST_STEP][PASSED] - callTestCase: Call Test Case 'Test Cases/Final Aug 2018 - PKS Automation/Common/Reference Number Getter' successfully

2018-12-11 15:02:40 - [TEST_CASE][PASSED] - Test Cases/Final Aug 2018 - PKS Automation/Common/Reference Number Getter: Test Cases/Final Aug 2018 - PKS Automation/Common/Reference Number Getter

2018-12-11 15:02:40 - [TEST_STEP][PASSED] - Statement - Try: null

2018-12-11 15:02:40 - [TEST_STEP][PASSED] - Statement - RefNo = new java.io.File(C://Users//Admin//Desktop//PKS//Automation Reference Point//KatalonReference.txt): null

2018-12-11 15:02:40 - [TEST_STEP][PASSED] - Statement - bufferread = new java.io.BufferedReader(new java.io.FileReader(RefNo)): null

2018-12-11 15:02:40 - [TEST_STEP][PASSED] - Statement - readedVal = bufferread.readLine(): null

2018-12-11 15:02:40 - [TEST_STEP][PASSED] - Statement - out.println(CaseReferenceNo): null

2018-12-11 15:02:40 - [TEST_STEP][PASSED] - Statement - out.println(readedVal): null

2018-12-11 15:02:40 - [TEST_STEP][PASSED] - Statement - CaseReferenceNo = "": null

2018-12-11 15:02:40 - [TEST_STEP][PASSED] - Statement - CaseReferenceNo = readedVal: null

2018-12-11 15:02:40 - [MESSAGE][PASSED] - Call Test Case 'Test Cases/Final Aug 2018 - PKS Automation/Common/Reference Number Getter' successfully

2018-12-11 15:02:40 - [TEST_STEP][PASSED] - setText: Text 'CRN12201800123177' is set on object 'Object Repository/Final Object Repo/WorkFlow Listing Page/Ref No Set Text'

2018-12-11 15:02:40 - [MESSAGE][PASSED] - Text 'CRN12201800123177' is set on object 'Object Repository/Final Object Repo/WorkFlow Listing Page/Ref No Set Text'

2018-12-11 15:02:40 - [TEST_STEP][PASSED] - delay: Delayed 2 second(s)

2018-12-11 15:02:42 - [MESSAGE][PASSED] - Delayed 2 second(s)

2018-12-11 15:02:42 - [TEST_STEP][PASSED] - click: Object: 'Object Repository/Final Object Repo/WorkFlow Listing Page/Search Ref No Search Button' is clicked on

2018-12-11 15:02:43 - [MESSAGE][PASSED] - Object: 'Object Repository/Final Object Repo/WorkFlow Listing Page/Search Ref No Search Button' is clicked on

2018-12-11 15:02:43 - [TEST_STEP][PASSED] - delay: Delayed 6 second(s)

2018-12-11 15:02:49 - [MESSAGE][PASSED] - Delayed 6 second(s)

2018-12-11 15:02:49 - [TEST_STEP][PASSED] - click: Object: 'Object Repository/Final Object Repo/WorkFlow Listing Page/Click Continue Tooltip' is clicked on

2018-12-11 15:02:49 - [MESSAGE][PASSED] - Object: 'Object Repository/Final Object Repo/WorkFlow Listing Page/Click Continue Tooltip' is clicked on

2018-12-11 15:02:49 - [TEST_STEP][PASSED] - delay: Delayed 5 second(s)

2018-12-11 15:02:54 - [MESSAGE][PASSED] - Delayed 5 second(s)

2018-12-11 15:02:54 - [TEST_STEP][PASSED] - doubleClick: Object: 'Object Repository/Final Object Repo/WorkFlow Listing Page/Workflow Found - Listing 1' is double clicked on

2018-12-11 15:02:55 - [MESSAGE][PASSED] - Object: 'Object Repository/Final Object Repo/WorkFlow Listing Page/Workflow Found - Listing 1' is double clicked on

2018-12-11 15:02:55 - [TEST_STEP][PASSED] - Statement - println(OwnerID): null

2018-12-11 15:02:55 - [TEST_STEP][PASSED] - Statement - OwnerID = com.kms.katalon.core.webui.keyword.WebUiBuiltInKeywords.getText(com.kms.katalon.core.testobject.ObjectRepository.findTestObject(Final Object Repo/WorkFlow Listing Page/Workflow Found - Listing 1), STOP_ON_FAILURE): Text of object 'Object Repository/Final Object Repo/WorkFlow Listing Page/Workflow Found - Listing 1' is: 'KLpkrbo2'

2018-12-11 15:02:55 - [MESSAGE][PASSED] - Text of object 'Object Repository/Final Object Repo/WorkFlow Listing Page/Workflow Found - Listing 1' is: 'KLpkrbo2'

2018-12-11 15:02:55 - [TEST_STEP][PASSED] - Statement - OwnerID = OwnerID.toLowerCase() + "@gmail.com": null

2018-12-11 15:02:55 - [TEST_STEP][PASSED] - Statement - println(OwnerID): null

2018-12-11 15:02:55 - [TEST_STEP][PASSED] - delay: Delayed 2 second(s)

2018-12-11 15:02:57 - [MESSAGE][PASSED] - Delayed 2 second(s)

2018-12-11 15:02:57 - [MESSAGE][PASSED] - Call Test Case 'Test Cases/Final Aug 2018 - PKS Automation/Common/Workflow Owner Finder' successfully

2018-12-11 15:02:57 - [TEST_STEP][PASSED] - callTestCase: Call Test Case 'Test Cases/Final Aug 2018 - PKS Automation/Registration Module/Log Out/log out avoiding katalon tagging' successfully

2018-12-11 15:02:57 - [TEST_CASE][PASSED] - Test Cases/Final Aug 2018 - PKS Automation/Registration Module/Log Out/log out avoiding katalon tagging: Test Cases/Final Aug 2018 - PKS Automation/Registration Module/Log Out/log out avoiding katalon tagging

2018-12-11 15:02:57 - [TEST_STEP][PASSED] - navigateToUrl: Navigate to 'https://assist2-uat.perkeso.gov.my/c/portal/logout' successfully

2018-12-11 15:02:58 - [MESSAGE][PASSED] - Navigate to 'https://assist2-uat.perkeso.gov.my/c/portal/logout' successfully

2018-12-11 15:02:58 - [MESSAGE][PASSED] - Call Test Case 'Test Cases/Final Aug 2018 - PKS Automation/Registration Module/Log Out/log out avoiding katalon tagging' successfully

2018-12-11 15:02:58 - [TEST_STEP][PASSED] - delay: Delayed 2 second(s)

2018-12-11 15:03:00 - [MESSAGE][PASSED] - Delayed 2 second(s)

2018-12-11 15:03:00 - [TEST_STEP][PASSED] - setText: Text 'klpkrbo2@gmail.com' is set on object 'Object Repository/Final Object Repo/New Registration - Registration Module Pages/New Reg - OTC to RO/Special Case - All Related Objects/Email TextBox'

2018-12-11 15:03:00 - [MESSAGE][PASSED] - Text 'klpkrbo2@gmail.com' is set on object 'Object Repository/Final Object Repo/New Registration - Registration Module Pages/New Reg - OTC to RO/Special Case - All Related Objects/Email TextBox'

2018-12-11 15:03:00 - [TEST_STEP][PASSED] - click: Object: 'Object Repository/Final Object Repo/New Registration - Registration Module Pages/New Reg - OTC to RO/Special Case - All Related Objects/Next Button' is clicked on

2018-12-11 15:03:00 - [MESSAGE][PASSED] - Object: 'Object Repository/Final Object Repo/New Registration - Registration Module Pages/New Reg - OTC to RO/Special Case - All Related Objects/Next Button' is clicked on

2018-12-11 15:03:00 - [TEST_STEP][PASSED] - delay: Delayed 2 second(s)

2018-12-11 15:03:02 - [MESSAGE][PASSED] - Delayed 2 second(s)

2018-12-11 15:03:02 - [TEST_STEP][PASSED] - setText: Text 'Test1@3456789' is set on object 'Object Repository/Final Object Repo/New Registration - Registration Module Pages/New Reg - OTC to RO/Special Case - All Related Objects/Password TextBox'

2018-12-11 15:03:02 - [MESSAGE][PASSED] - Text 'Test1@3456789' is set on object 'Object Repository/Final Object Repo/New Registration - Registration Module Pages/New Reg - OTC to RO/Special Case - All Related Objects/Password TextBox'

2018-12-11 15:03:02 - [TEST_STEP][PASSED] - delay: Delayed 2 second(s)

2018-12-11 15:03:04 - [MESSAGE][PASSED] - Delayed 2 second(s)

2018-12-11 15:03:04 - [TEST_STEP][PASSED] - click: Object: 'Object Repository/Final Object Repo/New Registration - Registration Module Pages/New Reg - OTC to RO/Special Case - All Related Objects/Login Button' is clicked on

2018-12-11 15:03:05 - [MESSAGE][PASSED] - Object: 'Object Repository/Final Object Repo/New Registration - Registration Module Pages/New Reg - OTC to RO/Special Case - All Related Objects/Login Button' is clicked on

2018-12-11 15:03:05 - [TEST_STEP][PASSED] - delay: Delayed 2 second(s)

2018-12-11 15:03:07 - [MESSAGE][PASSED] - Delayed 2 second(s)

2018-12-11 15:03:07 - [TEST_STEP][PASSED] - Statement - Try: null

2018-12-11 15:03:07 - [TEST_STEP][PASSED] - Statement - Checker = com.kms.katalon.core.webui.keyword.WebUiBuiltInKeywords.verifyElementNotPresent("Final Object Repo/Landing Page/Select to English", 3): null

2018-12-11 15:03:07 - [TEST_STEP][PASSED] - Statement - Catch (Exception e): null

2018-12-11 15:03:07 - [TEST_STEP][PASSED] - Statement - e.printStackTrace(): null

2018-12-11 15:03:07 - [TEST_STEP][PASSED] - click: Object: 'Object Repository/Final Object Repo/New Registration - Registration Module Pages/New Reg - OTC to RO/Special Case - All Related Objects/Expand to Search' is clicked on

2018-12-11 15:03:07 - [MESSAGE][PASSED] - Object: 'Object Repository/Final Object Repo/New Registration - Registration Module Pages/New Reg - OTC to RO/Special Case - All Related Objects/Expand to Search' is clicked on

2018-12-11 15:03:07 - [TEST_STEP][PASSED] - delay: Delayed 2 second(s)

2018-12-11 15:03:09 - [MESSAGE][PASSED] - Delayed 2 second(s)

2018-12-11 15:03:09 - [TEST_STEP][PASSED] - setText: Text 'CRN12201800123177' is set on object 'Object Repository/Final Object Repo/New Registration - Registration Module Pages/New Reg - OTC to RO/Special Case - All Related Objects/TextBox RefNo in Workbasket'

2018-12-11 15:03:09 - [MESSAGE][PASSED] - Text 'CRN12201800123177' is set on object 'Object Repository/Final Object Repo/New Registration - Registration Module Pages/New Reg - OTC to RO/Special Case - All Related Objects/TextBox RefNo in Workbasket'

2018-12-11 15:03:09 - [TEST_STEP][PASSED] - delay: Delayed 2 second(s)

2018-12-11 15:03:11 - [MESSAGE][PASSED] - Delayed 2 second(s)

2018-12-11 15:03:11 - [TEST_STEP][PASSED] - click: Object: 'Object Repository/Final Object Repo/New Registration - Registration Module Pages/New Reg - OTC to RO/Special Case - All Related Objects/Click Search' is clicked on

2018-12-11 15:03:11 - [MESSAGE][PASSED] - Object: 'Object Repository/Final Object Repo/New Registration - Registration Module Pages/New Reg - OTC to RO/Special Case - All Related Objects/Click Search' is clicked on

2018-12-11 15:03:11 - [TEST_STEP][PASSED] - delay: Delayed 2 second(s)

2018-12-11 15:03:13 - [MESSAGE][PASSED] - Delayed 2 second(s)

2018-12-11 15:03:13 - [TEST_STEP][PASSED] - click: Object: 'Object Repository/Final Object Repo/New Registration - Registration Module Pages/New Reg - OTC to RO/Special Case - All Related Objects/Click to Continue Workflow' is clicked on

2018-12-11 15:03:15 - [MESSAGE][PASSED] - Object: 'Object Repository/Final Object Repo/New Registration - Registration Module Pages/New Reg - OTC to RO/Special Case - All Related Objects/Click to Continue Workflow' is clicked on

2018-12-11 15:03:15 - [TEST_STEP][PASSED] - delay: Delayed 2 second(s)

2018-12-11 15:03:17 - [MESSAGE][PASSED] - Delayed 2 second(s)

2018-12-11 15:03:17 - [TEST_STEP][PASSED] - click: Object: 'Object Repository/Final Object Repo/New Registration - Registration Module Pages/New Reg - OTC to RO/Special Case - All Related Objects/Form 1 Save n Continue' is clicked on

2018-12-11 15:03:18 - [MESSAGE][PASSED] - Object: 'Object Repository/Final Object Repo/New Registration - Registration Module Pages/New Reg - OTC to RO/Special Case - All Related Objects/Form 1 Save n Continue' is clicked on

2018-12-11 15:03:18 - [TEST_STEP][PASSED] - delay: Delayed 5 second(s)

2018-12-11 15:03:23 - [MESSAGE][PASSED] - Delayed 5 second(s)

2018-12-11 15:03:23 - [TEST_STEP][PASSED] - click: Object: 'Object Repository/Final Object Repo/New Registration - Registration Module Pages/New Reg - OTC to RO/Special Case - OTC - Form 1/Confirm No Flagging as Branch' is clicked on

2018-12-11 15:03:23 - [MESSAGE][PASSED] - Object: 'Object Repository/Final Object Repo/New Registration - Registration Module Pages/New Reg - OTC to RO/Special Case - OTC - Form 1/Confirm No Flagging as Branch' is clicked on

2018-12-11 15:03:23 - [TEST_STEP][PASSED] - delay: Delayed 2 second(s)

2018-12-11 15:03:25 - [MESSAGE][PASSED] - Delayed 2 second(s)

2018-12-11 15:03:25 - [TEST_STEP][PASSED] - click: Object: 'Object Repository/Final Object Repo/New Registration - Registration Module Pages/New Reg - OTC to RO/Special Case - All Related Objects/Form 2 Save n Continue' is clicked on

2018-12-11 15:03:25 - [MESSAGE][PASSED] - Object: 'Object Repository/Final Object Repo/New Registration - Registration Module Pages/New Reg - OTC to RO/Special Case - All Related Objects/Form 2 Save n Continue' is clicked on

2018-12-11 15:03:25 - [TEST_STEP][PASSED] - delay: Delayed 2 second(s)

2018-12-11 15:03:27 - [MESSAGE][PASSED] - Delayed 2 second(s)

2018-12-11 15:03:27 - [TEST_STEP][PASSED] - click: Object: 'Object Repository/Final Object Repo/New Registration - Registration Module Pages/New Reg - OTC to RO/Special Case - All Related Objects/Third Screen Save n Continue' is clicked on

2018-12-11 15:03:32 - [MESSAGE][PASSED] - Object: 'Object Repository/Final Object Repo/New Registration - Registration Module Pages/New Reg - OTC to RO/Special Case - All Related Objects/Third Screen Save n Continue' is clicked on

2018-12-11 15:03:32 - [TEST_STEP][PASSED] - delay: Delayed 5 second(s)

2018-12-11 15:03:37 - [MESSAGE][PASSED] - Delayed 5 second(s)

2018-12-11 15:03:37 - [TEST_STEP][PASSED] - click: Object: 'Object Repository/Final Object Repo/New Registration - Registration Module Pages/New Reg - OTC to RO/Special Case - All Related Objects/Upload Doc Page Save n Continue' is clicked on

2018-12-11 15:03:37 - [MESSAGE][PASSED] - Object: 'Object Repository/Final Object Repo/New Registration - Registration Module Pages/New Reg - OTC to RO/Special Case - All Related Objects/Upload Doc Page Save n Continue' is clicked on

2018-12-11 15:03:37 - [TEST_STEP][PASSED] - callTestCase: Call Test Case 'Test Cases/Final Aug 2018 - PKS Automation/Registration Module/New Registration/Submit and Screenshot/Submit Registration and Screenshot' successfully

2018-12-11 15:03:37 - [TEST_CASE][PASSED] - Test Cases/Final Aug 2018 - PKS Automation/Registration Module/New Registration/Submit and Screenshot/Submit Registration and Screenshot: Test Cases/Final Aug 2018 - PKS Automation/Registration Module/New Registration/Submit and Screenshot/Submit Registration and Screenshot

2018-12-11 15:03:37 - [TEST_STEP][PASSED] - delay: Delayed 6 second(s)

2018-12-11 15:03:43 - [MESSAGE][PASSED] - Delayed 6 second(s)

2018-12-11 15:03:43 - [TEST_STEP][PASSED] - click: Object: 'Object Repository/Final Object Repo/New Registration - Registration Module Pages/Third Screen - Upload Supporting Doc- Preview/Preview Submit Button' is clicked on

2018-12-11 15:03:43 - [MESSAGE][PASSED] - Object: 'Object Repository/Final Object Repo/New Registration - Registration Module Pages/Third Screen - Upload Supporting Doc- Preview/Preview Submit Button' is clicked on

2018-12-11 15:03:43 - [TEST_STEP][PASSED] - delay: Delayed 2 second(s)

2018-12-11 15:03:45 - [MESSAGE][PASSED] - Delayed 2 second(s)

2018-12-11 15:03:45 - [TEST_STEP][PASSED] - click: Object: 'Object Repository/Final Object Repo/New Registration - Registration Module Pages/Third Screen - Upload Supporting Doc- Preview/Preview Submit - Confirm' is clicked on

2018-12-11 15:03:46 - [MESSAGE][PASSED] - Object: 'Object Repository/Final Object Repo/New Registration - Registration Module Pages/Third Screen - Upload Supporting Doc- Preview/Preview Submit - Confirm' is clicked on

2018-12-11 15:03:46 - [TEST_STEP][PASSED] - delay: Delayed 15 second(s)

2018-12-11 15:04:01 - [MESSAGE][PASSED] - Delayed 15 second(s)

2018-12-11 15:04:01 - [TEST_STEP][PASSED] - Statement - driver = com.kms.katalon.core.webui.driver.DriverFactory.getWebDriver(): null

2018-12-11 15:04:01 - [TEST_STEP][PASSED] - Statement - driver.manage().timeouts().implicitlyWait(10, SECONDS): null

2018-12-11 15:04:01 - [TEST_STEP][PASSED] - Statement - PresavePath = KatalonScreenshots: null

2018-12-11 15:04:01 - [TEST_STEP][PASSED] - Statement - pathPrefix = "C:\Users\Public\Pictures\Sample Pictures\Katalon Screenshots\Automate Ending Screen": null

2018-12-11 15:04:01 - [TEST_STEP][PASSED] - Statement - finalPath = <not implemented yet for class: org.codehaus.groovy.ast.expr.EmptyExpression>: null

2018-12-11 15:04:01 - [TEST_STEP][PASSED] - Statement - scrFile = driver.getScreenshotAs(FILE): null

2018-12-11 15:04:01 - [TEST_STEP][PASSED] - Statement - PreSaveFile = new java.io.File(PresavePath): null

2018-12-11 15:04:01 - [TEST_STEP][PASSED] - Statement - counter = 0: null

2018-12-11 15:04:01 - [TEST_STEP][PASSED] - Statement - If (PreSaveFile.exists()): null

2018-12-11 15:04:01 - [TEST_STEP][PASSED] - Statement - While (PreSaveFile.exists()): null

2018-12-11 15:04:01 - [TEST_STEP][PASSED] - Statement - counter = counter + 1: null

2018-12-11 15:04:01 - [TEST_STEP][PASSED] - Statement - PreSaveFile = new java.io.File(((pathPrefix + java.lang.Integer.toString(counter)) + .png)): null

2018-12-11 15:04:01 - [TEST_STEP][PASSED] - Statement - counter = counter + 1: null

2018-12-11 15:04:01 - [TEST_STEP][PASSED] - Statement - PreSaveFile = new java.io.File(((pathPrefix + java.lang.Integer.toString(counter)) + .png)): null

2018-12-11 15:04:01 - [TEST_STEP][PASSED] - Statement - counter = counter + 1: null

2018-12-11 15:04:01 - [TEST_STEP][PASSED] - Statement - PreSaveFile = new java.io.File(((pathPrefix + java.lang.Integer.toString(counter)) + .png)): null

2018-12-11 15:04:01 - [TEST_STEP][PASSED] - Statement - counter = counter + 1: null

2018-12-11 15:04:01 - [TEST_STEP][PASSED] - Statement - PreSaveFile = new java.io.File(((pathPrefix + java.lang.Integer.toString(counter)) + .png)): null

2018-12-11 15:04:01 - [TEST_STEP][PASSED] - Statement - counter = counter + 1: null

2018-12-11 15:04:01 - [TEST_STEP][PASSED] - Statement - PreSaveFile = new java.io.File(((pathPrefix + java.lang.Integer.toString(counter)) + .png)): null

2018-12-11 15:04:01 - [TEST_STEP][PASSED] - Statement - counter = counter + 1: null

2018-12-11 15:04:01 - [TEST_STEP][PASSED] - Statement - PreSaveFile = new java.io.File(((pathPrefix + java.lang.Integer.toString(counter)) + .png)): null

2018-12-11 15:04:01 - [TEST_STEP][PASSED] - Statement - counter = counter + 1: null

2018-12-11 15:04:01 - [TEST_STEP][PASSED] - Statement - PreSaveFile = new java.io.File(((pathPrefix + java.lang.Integer.toString(counter)) + .png)): null

2018-12-11 15:04:01 - [TEST_STEP][PASSED] - Statement - counter = counter + 1: null

2018-12-11 15:04:01 - [TEST_STEP][PASSED] - Statement - PreSaveFile = new java.io.File(((pathPrefix + java.lang.Integer.toString(counter)) + .png)): null

2018-12-11 15:04:01 - [TEST_STEP][PASSED] - Statement - counter = counter + 1: null

2018-12-11 15:04:01 - [TEST_STEP][PASSED] - Statement - PreSaveFile = new java.io.File(((pathPrefix + java.lang.Integer.toString(counter)) + .png)): null

2018-12-11 15:04:01 - [TEST_STEP][PASSED] - Statement - counter = counter + 1: null

2018-12-11 15:04:01 - [TEST_STEP][PASSED] - Statement - PreSaveFile = new java.io.File(((pathPrefix + java.lang.Integer.toString(counter)) + .png)): null

2018-12-11 15:04:01 - [TEST_STEP][PASSED] - Statement - counter = counter + 1: null

2018-12-11 15:04:01 - [TEST_STEP][PASSED] - Statement - PreSaveFile = new java.io.File(((pathPrefix + java.lang.Integer.toString(counter)) + .png)): null

2018-12-11 15:04:01 - [TEST_STEP][PASSED] - Statement - counter = counter + 1: null

2018-12-11 15:04:01 - [TEST_STEP][PASSED] - Statement - PreSaveFile = new java.io.File(((pathPrefix + java.lang.Integer.toString(counter)) + .png)): null

2018-12-11 15:04:01 - [TEST_STEP][PASSED] - Statement - counter = counter + 1: null

2018-12-11 15:04:01 - [TEST_STEP][PASSED] - Statement - PreSaveFile = new java.io.File(((pathPrefix + java.lang.Integer.toString(counter)) + .png)): null

2018-12-11 15:04:01 - [TEST_STEP][PASSED] - Statement - counter = counter + 1: null

2018-12-11 15:04:01 - [TEST_STEP][PASSED] - Statement - PreSaveFile = new java.io.File(((pathPrefix + java.lang.Integer.toString(counter)) + .png)): null

2018-12-11 15:04:01 - [TEST_STEP][PASSED] - Statement - counter = counter + 1: null

2018-12-11 15:04:01 - [TEST_STEP][PASSED] - Statement - PreSaveFile = new java.io.File(((pathPrefix + java.lang.Integer.toString(counter)) + .png)): null

2018-12-11 15:04:01 - [TEST_STEP][PASSED] - Statement - counter = counter + 1: null

2018-12-11 15:04:01 - [TEST_STEP][PASSED] - Statement - PreSaveFile = new java.io.File(((pathPrefix + java.lang.Integer.toString(counter)) + .png)): null

2018-12-11 15:04:01 - [TEST_STEP][PASSED] - Statement - counter = counter + 1: null

2018-12-11 15:04:01 - [TEST_STEP][PASSED] - Statement - PreSaveFile = new java.io.File(((pathPrefix + java.lang.Integer.toString(counter)) + .png)): null

2018-12-11 15:04:01 - [TEST_STEP][PASSED] - Statement - counter = counter + 1: null

2018-12-11 15:04:01 - [TEST_STEP][PASSED] - Statement - PreSaveFile = new java.io.File(((pathPrefix + java.lang.Integer.toString(counter)) + .png)): null

2018-12-11 15:04:01 - [TEST_STEP][PASSED] - Statement - counter = counter + 1: null

2018-12-11 15:04:01 - [TEST_STEP][PASSED] - Statement - PreSaveFile = new java.io.File(((pathPrefix + java.lang.Integer.toString(counter)) + .png)): null

2018-12-11 15:04:01 - [TEST_STEP][PASSED] - Statement - counter = counter + 1: null

2018-12-11 15:04:01 - [TEST_STEP][PASSED] - Statement - PreSaveFile = new java.io.File(((pathPrefix + java.lang.Integer.toString(counter)) + .png)): null

2018-12-11 15:04:01 - [TEST_STEP][PASSED] - Statement - counter = counter + 1: null

2018-12-11 15:04:01 - [TEST_STEP][PASSED] - Statement - PreSaveFile = new java.io.File(((pathPrefix + java.lang.Integer.toString(counter)) + .png)): null

2018-12-11 15:04:01 - [TEST_STEP][PASSED] - Statement - counter = counter + 1: null

2018-12-11 15:04:01 - [TEST_STEP][PASSED] - Statement - PreSaveFile = new java.io.File(((pathPrefix + java.lang.Integer.toString(counter)) + .png)): null

2018-12-11 15:04:01 - [TEST_STEP][PASSED] - Statement - counter = counter + 1: null

2018-12-11 15:04:01 - [TEST_STEP][PASSED] - Statement - PreSaveFile = new java.io.File(((pathPrefix + java.lang.Integer.toString(counter)) + .png)): null

2018-12-11 15:04:01 - [TEST_STEP][PASSED] - Statement - counter = counter + 1: null

2018-12-11 15:04:01 - [TEST_STEP][PASSED] - Statement - PreSaveFile = new java.io.File(((pathPrefix + java.lang.Integer.toString(counter)) + .png)): null

2018-12-11 15:04:01 - [TEST_STEP][PASSED] - Statement - counter = counter + 1: null

2018-12-11 15:04:01 - [TEST_STEP][PASSED] - Statement - PreSaveFile = new java.io.File(((pathPrefix + java.lang.Integer.toString(counter)) + .png)): null

2018-12-11 15:04:01 - [TEST_STEP][PASSED] - Statement - counter = counter + 1: null

2018-12-11 15:04:01 - [TEST_STEP][PASSED] - Statement - PreSaveFile = new java.io.File(((pathPrefix + java.lang.Integer.toString(counter)) + .png)): null

2018-12-11 15:04:01 - [TEST_STEP][PASSED] - Statement - counter = counter + 1: null

2018-12-11 15:04:01 - [TEST_STEP][PASSED] - Statement - PreSaveFile = new java.io.File(((pathPrefix + java.lang.Integer.toString(counter)) + .png)): null

2018-12-11 15:04:01 - [TEST_STEP][PASSED] - Statement - counter = counter + 1: null

2018-12-11 15:04:01 - [TEST_STEP][PASSED] - Statement - PreSaveFile = new java.io.File(((pathPrefix + java.lang.Integer.toString(counter)) + .png)): null

2018-12-11 15:04:01 - [TEST_STEP][PASSED] - Statement - counter = counter + 1: null

2018-12-11 15:04:01 - [TEST_STEP][PASSED] - Statement - PreSaveFile = new java.io.File(((pathPrefix + java.lang.Integer.toString(counter)) + .png)): null

2018-12-11 15:04:01 - [TEST_STEP][PASSED] - Statement - counter = counter + 1: null

2018-12-11 15:04:01 - [TEST_STEP][PASSED] - Statement - PreSaveFile = new java.io.File(((pathPrefix + java.lang.Integer.toString(counter)) + .png)): null

2018-12-11 15:04:01 - [TEST_STEP][PASSED] - Statement - counter = counter + 1: null

2018-12-11 15:04:01 - [TEST_STEP][PASSED] - Statement - PreSaveFile = new java.io.File(((pathPrefix + java.lang.Integer.toString(counter)) + .png)): null

2018-12-11 15:04:01 - [TEST_STEP][PASSED] - Statement - counter = counter + 1: null

2018-12-11 15:04:01 - [TEST_STEP][PASSED] - Statement - PreSaveFile = new java.io.File(((pathPrefix + java.lang.Integer.toString(counter)) + .png)): null

2018-12-11 15:04:01 - [TEST_STEP][PASSED] - Statement - counter = counter + 1: null

2018-12-11 15:04:01 - [TEST_STEP][PASSED] - Statement - PreSaveFile = new java.io.File(((pathPrefix + java.lang.Integer.toString(counter)) + .png)): null

2018-12-11 15:04:01 - [TEST_STEP][PASSED] - Statement - counter = counter + 1: null

2018-12-11 15:04:01 - [TEST_STEP][PASSED] - Statement - PreSaveFile = new java.io.File(((pathPrefix + java.lang.Integer.toString(counter)) + .png)): null

2018-12-11 15:04:01 - [TEST_STEP][PASSED] - Statement - counter = counter + 1: null

2018-12-11 15:04:01 - [TEST_STEP][PASSED] - Statement - PreSaveFile = new java.io.File(((pathPrefix + java.lang.Integer.toString(counter)) + .png)): null

2018-12-11 15:04:01 - [TEST_STEP][PASSED] - Statement - counter = counter + 1: null

2018-12-11 15:04:01 - [TEST_STEP][PASSED] - Statement - PreSaveFile = new java.io.File(((pathPrefix + java.lang.Integer.toString(counter)) + .png)): null

2018-12-11 15:04:01 - [TEST_STEP][PASSED] - Statement - counter = counter + 1: null

2018-12-11 15:04:01 - [TEST_STEP][PASSED] - Statement - PreSaveFile = new java.io.File(((pathPrefix + java.lang.Integer.toString(counter)) + .png)): null

2018-12-11 15:04:01 - [TEST_STEP][PASSED] - Statement - counter = counter + 1: null

2018-12-11 15:04:01 - [TEST_STEP][PASSED] - Statement - PreSaveFile = new java.io.File(((pathPrefix + java.lang.Integer.toString(counter)) + .png)): null

2018-12-11 15:04:01 - [TEST_STEP][PASSED] - Statement - counter = counter + 1: null

2018-12-11 15:04:01 - [TEST_STEP][PASSED] - Statement - PreSaveFile = new java.io.File(((pathPrefix + java.lang.Integer.toString(counter)) + .png)): null

2018-12-11 15:04:01 - [TEST_STEP][PASSED] - Statement - counter = counter + 1: null

2018-12-11 15:04:01 - [TEST_STEP][PASSED] - Statement - PreSaveFile = new java.io.File(((pathPrefix + java.lang.Integer.toString(counter)) + .png)): null

2018-12-11 15:04:01 - [TEST_STEP][PASSED] - Statement - counter = counter + 1: null

2018-12-11 15:04:01 - [TEST_STEP][PASSED] - Statement - PreSaveFile = new java.io.File(((pathPrefix + java.lang.Integer.toString(counter)) + .png)): null

2018-12-11 15:04:01 - [TEST_STEP][PASSED] - Statement - counter = counter + 1: null

2018-12-11 15:04:01 - [TEST_STEP][PASSED] - Statement - PreSaveFile = new java.io.File(((pathPrefix + java.lang.Integer.toString(counter)) + .png)): null

2018-12-11 15:04:01 - [TEST_STEP][PASSED] - Statement - counter = counter + 1: null

2018-12-11 15:04:01 - [TEST_STEP][PASSED] - Statement - PreSaveFile = new java.io.File(((pathPrefix + java.lang.Integer.toString(counter)) + .png)): null

2018-12-11 15:04:01 - [TEST_STEP][PASSED] - Statement - counter = counter + 1: null

2018-12-11 15:04:01 - [TEST_STEP][PASSED] - Statement - PreSaveFile = new java.io.File(((pathPrefix + java.lang.Integer.toString(counter)) + .png)): null

2018-12-11 15:04:01 - [TEST_STEP][PASSED] - Statement - counter = counter + 1: null

2018-12-11 15:04:01 - [TEST_STEP][PASSED] - Statement - PreSaveFile = new java.io.File(((pathPrefix + java.lang.Integer.toString(counter)) + .png)): null

2018-12-11 15:04:01 - [TEST_STEP][PASSED] - Statement - counter = counter + 1: null

2018-12-11 15:04:01 - [TEST_STEP][PASSED] - Statement - PreSaveFile = new java.io.File(((pathPrefix + java.lang.Integer.toString(counter)) + .png)): null

2018-12-11 15:04:01 - [TEST_STEP][PASSED] - Statement - counter = counter + 1: null

2018-12-11 15:04:01 - [TEST_STEP][PASSED] - Statement - PreSaveFile = new java.io.File(((pathPrefix + java.lang.Integer.toString(counter)) + .png)): null

2018-12-11 15:04:01 - [TEST_STEP][PASSED] - Statement - counter = counter + 1: null

2018-12-11 15:04:01 - [TEST_STEP][PASSED] - Statement - PreSaveFile = new java.io.File(((pathPrefix + java.lang.Integer.toString(counter)) + .png)): null

2018-12-11 15:04:01 - [TEST_STEP][PASSED] - Statement - counter = counter + 1: null

2018-12-11 15:04:01 - [TEST_STEP][PASSED] - Statement - PreSaveFile = new java.io.File(((pathPrefix + java.lang.Integer.toString(counter)) + .png)): null

2018-12-11 15:04:01 - [TEST_STEP][PASSED] - Statement - counter = counter + 1: null

2018-12-11 15:04:01 - [TEST_STEP][PASSED] - Statement - PreSaveFile = new java.io.File(((pathPrefix + java.lang.Integer.toString(counter)) + .png)): null

2018-12-11 15:04:01 - [TEST_STEP][PASSED] - Statement - counter = counter + 1: null

2018-12-11 15:04:01 - [TEST_STEP][PASSED] - Statement - PreSaveFile = new java.io.File(((pathPrefix + java.lang.Integer.toString(counter)) + .png)): null

2018-12-11 15:04:01 - [TEST_STEP][PASSED] - Statement - counter = counter + 1: null

2018-12-11 15:04:01 - [TEST_STEP][PASSED] - Statement - PreSaveFile = new java.io.File(((pathPrefix + java.lang.Integer.toString(counter)) + .png)): null

2018-12-11 15:04:01 - [TEST_STEP][PASSED] - Statement - counter = counter + 1: null

2018-12-11 15:04:01 - [TEST_STEP][PASSED] - Statement - PreSaveFile = new java.io.File(((pathPrefix + java.lang.Integer.toString(counter)) + .png)): null

2018-12-11 15:04:01 - [TEST_STEP][PASSED] - Statement - counter = counter + 1: null

2018-12-11 15:04:01 - [TEST_STEP][PASSED] - Statement - PreSaveFile = new java.io.File(((pathPrefix + java.lang.Integer.toString(counter)) + .png)): null

2018-12-11 15:04:01 - [TEST_STEP][PASSED] - Statement - counter = counter + 1: null

2018-12-11 15:04:01 - [TEST_STEP][PASSED] - Statement - PreSaveFile = new java.io.File(((pathPrefix + java.lang.Integer.toString(counter)) + .png)): null

2018-12-11 15:04:01 - [TEST_STEP][PASSED] - Statement - counter = counter + 1: null

2018-12-11 15:04:01 - [TEST_STEP][PASSED] - Statement - PreSaveFile = new java.io.File(((pathPrefix + java.lang.Integer.toString(counter)) + .png)): null

2018-12-11 15:04:01 - [TEST_STEP][PASSED] - Statement - counter = counter + 1: null

2018-12-11 15:04:01 - [TEST_STEP][PASSED] - Statement - PreSaveFile = new java.io.File(((pathPrefix + java.lang.Integer.toString(counter)) + .png)): null

2018-12-11 15:04:01 - [TEST_STEP][PASSED] - Statement - counter = counter + 1: null

2018-12-11 15:04:01 - [TEST_STEP][PASSED] - Statement - PreSaveFile = new java.io.File(((pathPrefix + java.lang.Integer.toString(counter)) + .png)): null

2018-12-11 15:04:01 - [TEST_STEP][PASSED] - Statement - counter = counter + 1: null

2018-12-11 15:04:01 - [TEST_STEP][PASSED] - Statement - PreSaveFile = new java.io.File(((pathPrefix + java.lang.Integer.toString(counter)) + .png)): null

2018-12-11 15:04:01 - [TEST_STEP][PASSED] - Statement - counter = counter + 1: null

2018-12-11 15:04:01 - [TEST_STEP][PASSED] - Statement - PreSaveFile = new java.io.File(((pathPrefix + java.lang.Integer.toString(counter)) + .png)): null

2018-12-11 15:04:01 - [TEST_STEP][PASSED] - Statement - counter = counter + 1: null

2018-12-11 15:04:01 - [TEST_STEP][PASSED] - Statement - PreSaveFile = new java.io.File(((pathPrefix + java.lang.Integer.toString(counter)) + .png)): null

2018-12-11 15:04:01 - [TEST_STEP][PASSED] - Statement - counter = counter + 1: null

2018-12-11 15:04:01 - [TEST_STEP][PASSED] - Statement - PreSaveFile = new java.io.File(((pathPrefix + java.lang.Integer.toString(counter)) + .png)): null

2018-12-11 15:04:01 - [TEST_STEP][PASSED] - Statement - finalPath = pathPrefix + java.lang.Integer.toString(counter) + ".png": null

2018-12-11 15:04:01 - [TEST_STEP][PASSED] - Statement - SaveFile = new java.io.File(finalPath): null

2018-12-11 15:04:01 - [TEST_STEP][PASSED] - Statement - Try: null

2018-12-11 15:04:01 - [TEST_STEP][PASSED] - Statement - org.apache.commons.io.FileUtils.copyFile(scrFile, SaveFile): null

2018-12-11 15:04:01 - [TEST_STEP][PASSED] - Statement - out.println("file kept"): null

2018-12-11 15:04:01 - [TEST_STEP][PASSED] - delay: Delayed 10 second(s)

2018-12-11 15:04:11 - [MESSAGE][PASSED] - Delayed 10 second(s)

2018-12-11 15:04:11 - [MESSAGE][PASSED] - Call Test Case 'Test Cases/Final Aug 2018 - PKS Automation/Registration Module/New Registration/Submit and Screenshot/Submit Registration and Screenshot' successfully

2018-12-11 15:04:11 - [TEST_STEP][PASSED] - delay: Delayed 5 second(s)

2018-12-11 15:04:16 - [MESSAGE][PASSED] - Delayed 5 second(s)

2018-12-11 15:04:16 - [TEST_STEP][PASSED] - callTestCase: Call Test Case 'Test Cases/Final Aug 2018 - PKS Automation/Registration Module/Log Out/log out avoiding katalon tagging' successfully

2018-12-11 15:04:16 - [TEST_CASE][PASSED] - Test Cases/Final Aug 2018 - PKS Automation/Registration Module/Log Out/log out avoiding katalon tagging: Test Cases/Final Aug 2018 - PKS Automation/Registration Module/Log Out/log out avoiding katalon tagging

2018-12-11 15:04:16 - [TEST_STEP][PASSED] - navigateToUrl: Navigate to 'https://assist2-uat.perkeso.gov.my/c/portal/logout' successfully

2018-12-11 15:04:17 - [MESSAGE][PASSED] - Navigate to 'https://assist2-uat.perkeso.gov.my/c/portal/logout' successfully

2018-12-11 15:04:17 - [MESSAGE][PASSED] - Call Test Case 'Test Cases/Final Aug 2018 - PKS Automation/Registration Module/Log Out/log out avoiding katalon tagging' successfully

2018-12-11 15:04:17 - [TEST_STEP][PASSED] - callTestCase: Call Test Case 'Test Cases/Final Aug 2018 - PKS Automation/Common/Workflow Owner Finder' successfully

2018-12-11 15:04:17 - [TEST_CASE][PASSED] - Test Cases/Final Aug 2018 - PKS Automation/Common/Workflow Owner Finder: Test Cases/Final Aug 2018 - PKS Automation/Common/Workflow Owner Finder

2018-12-11 15:04:17 - [TEST_STEP][PASSED] - openBrowser: Browser is opened with url: ''

2018-12-11 15:04:17 - [MESSAGE][WARNING] - A browser is already opened. Closing browser and opening a new one

2018-12-11 15:04:22 - [MESSAGE][PASSED] - Browser is opened with url: ''

2018-12-11 15:04:22 - [TEST_STEP][PASSED] - navigateToUrl: Navigate to 'https://assist2-uat.perkeso.gov.my/login' successfully

2018-12-11 15:04:23 - [MESSAGE][PASSED] - Navigate to 'https://assist2-uat.perkeso.gov.my/login' successfully

2018-12-11 15:04:23 - [TEST_STEP][PASSED] - delay: Delayed 5 second(s)

2018-12-11 15:04:28 - [MESSAGE][PASSED] - Delayed 5 second(s)

2018-12-11 15:04:28 - [TEST_STEP][PASSED] - setText: Text 'test@liferay.com' is set on object 'Object Repository/Final Object Repo/Login Page/Internal User/Email Address'

2018-12-11 15:04:28 - [MESSAGE][PASSED] - Text 'test@liferay.com' is set on object 'Object Repository/Final Object Repo/Login Page/Internal User/Email Address'

2018-12-11 15:04:28 - [TEST_STEP][PASSED] - click: Object: 'Object Repository/Final Object Repo/Login Page/Internal User/Next Button' is clicked on

2018-12-11 15:04:28 - [MESSAGE][PASSED] - Object: 'Object Repository/Final Object Repo/Login Page/Internal User/Next Button' is clicked on

2018-12-11 15:04:28 - [TEST_STEP][PASSED] - delay: Delayed 2 second(s)

2018-12-11 15:04:30 - [MESSAGE][PASSED] - Delayed 2 second(s)

2018-12-11 15:04:30 - [TEST_STEP][PASSED] - setText: Text 'test' is set on object 'Object Repository/Final Object Repo/Login Page/Internal User/Password'

2018-12-11 15:04:31 - [MESSAGE][PASSED] - Text 'test' is set on object 'Object Repository/Final Object Repo/Login Page/Internal User/Password'

2018-12-11 15:04:31 - [TEST_STEP][PASSED] - delay: Delayed 2 second(s)

2018-12-11 15:04:33 - [MESSAGE][PASSED] - Delayed 2 second(s)

2018-12-11 15:04:33 - [TEST_STEP][PASSED] - click: Object: 'Object Repository/Final Object Repo/Login Page/Internal User/Login Button' is clicked on

2018-12-11 15:04:33 - [MESSAGE][PASSED] - Object: 'Object Repository/Final Object Repo/Login Page/Internal User/Login Button' is clicked on

2018-12-11 15:04:33 - [TEST_STEP][PASSED] - Statement - tester = com.kms.katalon.core.testobject.ObjectRepository.findTestObject(Final Object Repo/Landing Page/Select to English): Finding Test Object with id 'Object Repository/Final Object Repo/Landing Page/Select to English'

2018-12-11 15:04:33 - [TEST_STEP][PASSED] - Statement - Try: Delayed 2 second(s)

2018-12-11 15:04:33 - [TEST_STEP][PASSED] - Statement - Checker = com.kms.katalon.core.webui.keyword.WebUiBuiltInKeywords.verifyElementNotPresent(tester, 3): Web element with id: 'Object Repository/Final Object Repo/Landing Page/Select to English' located by 'By.xpath: //a[@class = 'taglib-language-list-text' and @lang = 'en-US' and (contains(text(), 'EN') or contains(., 'EN'))]' is not present after '3' second(s)

2018-12-11 15:04:35 - [MESSAGE][PASSED] - Web element with id: 'Object Repository/Final Object Repo/Landing Page/Select to English' located by 'By.xpath: //a[@class = 'taglib-language-list-text' and @lang = 'en-US' and (contains(text(), 'EN') or contains(., 'EN'))]' is not present after '3' second(s)

2018-12-11 15:04:35 - [TEST_STEP][PASSED] - Statement - If (Checker == false): null

2018-12-11 15:04:35 - [TEST_STEP][PASSED] - delay: Delayed 2 second(s)

2018-12-11 15:04:37 - [MESSAGE][PASSED] - Delayed 2 second(s)

2018-12-11 15:04:37 - [TEST_STEP][PASSED] - delay: Delayed 5 second(s)

2018-12-11 15:04:42 - [MESSAGE][PASSED] - Delayed 5 second(s)

2018-12-11 15:04:42 - [TEST_STEP][PASSED] - mouseOver: Object: 'Object Repository/Final Object Repo/Landing Page/WorkFlow Menu' is hovered

2018-12-11 15:04:42 - [MESSAGE][PASSED] - Object: 'Object Repository/Final Object Repo/Landing Page/WorkFlow Menu' is hovered

2018-12-11 15:04:42 - [TEST_STEP][PASSED] - delay: Delayed 2 second(s)

2018-12-11 15:04:44 - [MESSAGE][PASSED] - Delayed 2 second(s)

2018-12-11 15:04:44 - [TEST_STEP][PASSED] - click: Object: 'Object Repository/Final Object Repo/Landing Page/Select to Workflow Listing' is clicked on

2018-12-11 15:04:45 - [MESSAGE][PASSED] - Object: 'Object Repository/Final Object Repo/Landing Page/Select to Workflow Listing' is clicked on

2018-12-11 15:04:45 - [TEST_STEP][PASSED] - delay: Delayed 2 second(s)

2018-12-11 15:04:47 - [MESSAGE][PASSED] - Delayed 2 second(s)

2018-12-11 15:04:47 - [TEST_STEP][PASSED] - click: Object: 'Object Repository/Final Object Repo/WorkFlow Listing Page/Search Information - To Put Ref No' is clicked on

2018-12-11 15:04:47 - [MESSAGE][PASSED] - Object: 'Object Repository/Final Object Repo/WorkFlow Listing Page/Search Information - To Put Ref No' is clicked on

2018-12-11 15:04:47 - [TEST_STEP][PASSED] - delay: Delayed 2 second(s)

2018-12-11 15:04:49 - [MESSAGE][PASSED] - Delayed 2 second(s)

2018-12-11 15:04:49 - [TEST_STEP][PASSED] - callTestCase: Call Test Case 'Test Cases/Final Aug 2018 - PKS Automation/Common/Reference Number Getter' successfully

2018-12-11 15:04:49 - [TEST_CASE][PASSED] - Test Cases/Final Aug 2018 - PKS Automation/Common/Reference Number Getter: Test Cases/Final Aug 2018 - PKS Automation/Common/Reference Number Getter

2018-12-11 15:04:49 - [TEST_STEP][PASSED] - Statement - Try: null

2018-12-11 15:04:49 - [TEST_STEP][PASSED] - Statement - RefNo = new java.io.File(C://Users//Admin//Desktop//PKS//Automation Reference Point//KatalonReference.txt): null

2018-12-11 15:04:49 - [TEST_STEP][PASSED] - Statement - bufferread = new java.io.BufferedReader(new java.io.FileReader(RefNo)): null

2018-12-11 15:04:49 - [TEST_STEP][PASSED] - Statement - readedVal = bufferread.readLine(): null

2018-12-11 15:04:49 - [TEST_STEP][PASSED] - Statement - out.println(CaseReferenceNo): null

2018-12-11 15:04:49 - [TEST_STEP][PASSED] - Statement - out.println(readedVal): null

2018-12-11 15:04:49 - [TEST_STEP][PASSED] - Statement - CaseReferenceNo = "": null

2018-12-11 15:04:49 - [TEST_STEP][PASSED] - Statement - CaseReferenceNo = readedVal: null

2018-12-11 15:04:49 - [MESSAGE][PASSED] - Call Test Case 'Test Cases/Final Aug 2018 - PKS Automation/Common/Reference Number Getter' successfully

2018-12-11 15:04:49 - [TEST_STEP][PASSED] - setText: Text 'CRN12201800123177' is set on object 'Object Repository/Final Object Repo/WorkFlow Listing Page/Ref No Set Text'

2018-12-11 15:04:50 - [MESSAGE][PASSED] - Text 'CRN12201800123177' is set on object 'Object Repository/Final Object Repo/WorkFlow Listing Page/Ref No Set Text'

2018-12-11 15:04:50 - [TEST_STEP][PASSED] - delay: Delayed 2 second(s)

2018-12-11 15:04:52 - [MESSAGE][PASSED] - Delayed 2 second(s)

2018-12-11 15:04:52 - [TEST_STEP][PASSED] - click: Object: 'Object Repository/Final Object Repo/WorkFlow Listing Page/Search Ref No Search Button' is clicked on

2018-12-11 15:04:52 - [MESSAGE][PASSED] - Object: 'Object Repository/Final Object Repo/WorkFlow Listing Page/Search Ref No Search Button' is clicked on

2018-12-11 15:04:52 - [TEST_STEP][PASSED] - delay: Delayed 6 second(s)

2018-12-11 15:04:58 - [MESSAGE][PASSED] - Delayed 6 second(s)

2018-12-11 15:04:58 - [TEST_STEP][PASSED] - click: Object: 'Object Repository/Final Object Repo/WorkFlow Listing Page/Click Continue Tooltip' is clicked on

2018-12-11 15:04:59 - [MESSAGE][PASSED] - Object: 'Object Repository/Final Object Repo/WorkFlow Listing Page/Click Continue Tooltip' is clicked on

2018-12-11 15:04:59 - [TEST_STEP][PASSED] - delay: Delayed 5 second(s)

2018-12-11 15:05:04 - [MESSAGE][PASSED] - Delayed 5 second(s)

2018-12-11 15:05:04 - [TEST_STEP][PASSED] - doubleClick: Object: 'Object Repository/Final Object Repo/WorkFlow Listing Page/Workflow Found - Listing 1' is double clicked on

2018-12-11 15:05:04 - [MESSAGE][PASSED] - Object: 'Object Repository/Final Object Repo/WorkFlow Listing Page/Workflow Found - Listing 1' is double clicked on

2018-12-11 15:05:04 - [TEST_STEP][PASSED] - Statement - println(OwnerID): null

2018-12-11 15:05:04 - [TEST_STEP][PASSED] - Statement - OwnerID = com.kms.katalon.core.webui.keyword.WebUiBuiltInKeywords.getText(com.kms.katalon.core.testobject.ObjectRepository.findTestObject(Final Object Repo/WorkFlow Listing Page/Workflow Found - Listing 1), STOP_ON_FAILURE): Text of object 'Object Repository/Final Object Repo/WorkFlow Listing Page/Workflow Found - Listing 1' is: 'KLpkrbo2'

2018-12-11 15:05:04 - [MESSAGE][PASSED] - Text of object 'Object Repository/Final Object Repo/WorkFlow Listing Page/Workflow Found - Listing 1' is: 'KLpkrbo2'

2018-12-11 15:05:04 - [TEST_STEP][PASSED] - Statement - OwnerID = OwnerID.toLowerCase() + "@gmail.com": null

2018-12-11 15:05:04 - [TEST_STEP][PASSED] - Statement - println(OwnerID): null

2018-12-11 15:05:04 - [TEST_STEP][PASSED] - delay: Delayed 2 second(s)

2018-12-11 15:05:06 - [MESSAGE][PASSED] - Delayed 2 second(s)

2018-12-11 15:05:06 - [MESSAGE][PASSED] - Call Test Case 'Test Cases/Final Aug 2018 - PKS Automation/Common/Workflow Owner Finder' successfully

2018-12-11 15:05:06 - [TEST_STEP][PASSED] - callTestCase: Call Test Case 'Test Cases/Final Aug 2018 - PKS Automation/Registration Module/Log Out/log out avoiding katalon tagging' successfully

2018-12-11 15:05:06 - [TEST_CASE][PASSED] - Test Cases/Final Aug 2018 - PKS Automation/Registration Module/Log Out/log out avoiding katalon tagging: Test Cases/Final Aug 2018 - PKS Automation/Registration Module/Log Out/log out avoiding katalon tagging

2018-12-11 15:05:06 - [TEST_STEP][PASSED] - navigateToUrl: Navigate to 'https://assist2-uat.perkeso.gov.my/c/portal/logout' successfully

2018-12-11 15:05:07 - [MESSAGE][PASSED] - Navigate to 'https://assist2-uat.perkeso.gov.my/c/portal/logout' successfully

2018-12-11 15:05:07 - [MESSAGE][PASSED] - Call Test Case 'Test Cases/Final Aug 2018 - PKS Automation/Registration Module/Log Out/log out avoiding katalon tagging' successfully

2018-12-11 15:05:07 - [TEST_STEP][PASSED] - delay: Delayed 2 second(s)

2018-12-11 15:05:09 - [MESSAGE][PASSED] - Delayed 2 second(s)

2018-12-11 15:05:09 - [TEST_STEP][PASSED] - setText: Text 'klpkrbo2@gmail.com' is set on object 'Object Repository/Final Object Repo/New Registration - Registration Module Pages/New Reg - OTC to RO/Special Case - All Related Objects/Email TextBox'

2018-12-11 15:05:09 - [MESSAGE][PASSED] - Text 'klpkrbo2@gmail.com' is set on object 'Object Repository/Final Object Repo/New Registration - Registration Module Pages/New Reg - OTC to RO/Special Case - All Related Objects/Email TextBox'

2018-12-11 15:05:09 - [TEST_STEP][PASSED] - click: Object: 'Object Repository/Final Object Repo/New Registration - Registration Module Pages/New Reg - OTC to RO/Special Case - All Related Objects/Next Button' is clicked on

2018-12-11 15:05:10 - [MESSAGE][PASSED] - Object: 'Object Repository/Final Object Repo/New Registration - Registration Module Pages/New Reg - OTC to RO/Special Case - All Related Objects/Next Button' is clicked on

2018-12-11 15:05:10 - [TEST_STEP][PASSED] - delay: Delayed 2 second(s)

2018-12-11 15:05:12 - [MESSAGE][PASSED] - Delayed 2 second(s)

2018-12-11 15:05:12 - [TEST_STEP][PASSED] - setText: Text 'Test1@3456789' is set on object 'Object Repository/Final Object Repo/New Registration - Registration Module Pages/New Reg - OTC to RO/Special Case - All Related Objects/Password TextBox'

2018-12-11 15:05:12 - [MESSAGE][PASSED] - Text 'Test1@3456789' is set on object 'Object Repository/Final Object Repo/New Registration - Registration Module Pages/New Reg - OTC to RO/Special Case - All Related Objects/Password TextBox'

2018-12-11 15:05:12 - [TEST_STEP][PASSED] - delay: Delayed 2 second(s)

2018-12-11 15:05:14 - [MESSAGE][PASSED] - Delayed 2 second(s)

2018-12-11 15:05:14 - [TEST_STEP][PASSED] - click: Object: 'Object Repository/Final Object Repo/New Registration - Registration Module Pages/New Reg - OTC to RO/Special Case - All Related Objects/Login Button' is clicked on

2018-12-11 15:05:14 - [MESSAGE][PASSED] - Object: 'Object Repository/Final Object Repo/New Registration - Registration Module Pages/New Reg - OTC to RO/Special Case - All Related Objects/Login Button' is clicked on

2018-12-11 15:05:14 - [TEST_STEP][PASSED] - delay: Delayed 2 second(s)

2018-12-11 15:05:16 - [MESSAGE][PASSED] - Delayed 2 second(s)

2018-12-11 15:05:16 - [TEST_STEP][PASSED] - Statement - Try: null

2018-12-11 15:05:16 - [TEST_STEP][PASSED] - Statement - Checker = com.kms.katalon.core.webui.keyword.WebUiBuiltInKeywords.verifyElementNotPresent("Final Object Repo/Landing Page/Select to English", 3): null

2018-12-11 15:05:16 - [TEST_STEP][PASSED] - Statement - Catch (Exception e): null

2018-12-11 15:05:16 - [TEST_STEP][PASSED] - Statement - e.printStackTrace(): null

2018-12-11 15:05:16 - [TEST_STEP][PASSED] - click: Object: 'Object Repository/Final Object Repo/New Registration - Registration Module Pages/New Reg - OTC to RO/Special Case - All Related Objects/Expand to Search' is clicked on

2018-12-11 15:05:16 - [MESSAGE][PASSED] - Object: 'Object Repository/Final Object Repo/New Registration - Registration Module Pages/New Reg - OTC to RO/Special Case - All Related Objects/Expand to Search' is clicked on

2018-12-11 15:05:16 - [TEST_STEP][PASSED] - delay: Delayed 2 second(s)

2018-12-11 15:05:18 - [MESSAGE][PASSED] - Delayed 2 second(s)

2018-12-11 15:05:18 - [TEST_STEP][PASSED] - setText: Text 'CRN12201800123177' is set on object 'Object Repository/Final Object Repo/New Registration - Registration Module Pages/New Reg - OTC to RO/Special Case - All Related Objects/TextBox RefNo in Workbasket'

2018-12-11 15:05:19 - [MESSAGE][PASSED] - Text 'CRN12201800123177' is set on object 'Object Repository/Final Object Repo/New Registration - Registration Module Pages/New Reg - OTC to RO/Special Case - All Related Objects/TextBox RefNo in Workbasket'

2018-12-11 15:05:19 - [TEST_STEP][PASSED] - delay: Delayed 2 second(s)

2018-12-11 15:05:21 - [MESSAGE][PASSED] - Delayed 2 second(s)

2018-12-11 15:05:21 - [TEST_STEP][PASSED] - click: Object: 'Object Repository/Final Object Repo/New Registration - Registration Module Pages/New Reg - OTC to RO/Special Case - All Related Objects/Click Search' is clicked on

2018-12-11 15:05:21 - [MESSAGE][PASSED] - Object: 'Object Repository/Final Object Repo/New Registration - Registration Module Pages/New Reg - OTC to RO/Special Case - All Related Objects/Click Search' is clicked on

2018-12-11 15:05:21 - [TEST_STEP][PASSED] - delay: Delayed 2 second(s)

2018-12-11 15:05:23 - [MESSAGE][PASSED] - Delayed 2 second(s)

2018-12-11 15:05:23 - [TEST_STEP][PASSED] - click: Object: 'Object Repository/Final Object Repo/New Registration - Registration Module Pages/New Reg - OTC to RO/Special Case - All Related Objects/Click to Continue Workflow' is clicked on

2018-12-11 15:05:25 - [MESSAGE][PASSED] - Object: 'Object Repository/Final Object Repo/New Registration - Registration Module Pages/New Reg - OTC to RO/Special Case - All Related Objects/Click to Continue Workflow' is clicked on

2018-12-11 15:05:25 - [TEST_STEP][PASSED] - delay: Delayed 2 second(s)

2018-12-11 15:05:27 - [MESSAGE][PASSED] - Delayed 2 second(s)

2018-12-11 15:05:27 - [TEST_STEP][FAILED] - click: Unable to click on object 'Object Repository/Final Object Repo/New Registration - Registration Module Pages/New Reg - OTC to RO/Special Case - All Related Objects/Continue Button in verifying case' (Root cause: org.openqa.selenium.ElementNotVisibleException: element not interactable
  (Session info: chrome=70.0.3538.110)
  (Driver info: chromedriver=2.43.600210 (68dcf5eebde37173d4027fa8635e332711d2874a),platform=Windows NT 6.1.7601 SP1 x86_64) (WARNING: The server did not provide any stacktrace information)
Command duration or timeout: 0 milliseconds
Build info: version: '3.7.1', revision: '8a0099a', time: '2017-11-06T21:07:36.161Z'
System info: host: 'WIN7TEST02', ip: '10.20.3.72', os.name: 'Windows 7', os.arch: 'amd64', os.version: '6.1', java.version: '1.8.0_181'
Driver info: com.kms.katalon.selenium.driver.CChromeDriver
Capabilities {acceptInsecureCerts: false, acceptSslCerts: false, applicationCacheEnabled: false, browserConnectionEnabled: false, browserName: chrome, chrome: {chromedriverVersion: 2.43.600210 (68dcf5eebde371..., userDataDir: C:\Users\Admin\AppData\Loca...}, cssSelectorsEnabled: true, databaseEnabled: false, goog:chromeOptions: {debuggerAddress: localhost:58328}, handlesAlerts: true, hasTouchScreen: false, javascriptEnabled: true, locationContextEnabled: true, mobileEmulationEnabled: false, nativeEvents: true, networkConnectionEnabled: false, pageLoadStrategy: normal, platform: XP, platformName: XP, rotatable: false, setWindowRect: true, takesHeapSnapshot: true, takesScreenshot: true, unexpectedAlertBehaviour: , unhandledPromptBehavior: , version: 70.0.3538.110, webStorageEnabled: true}
Session ID: 1e7a53c72af2590f7dbf64da11cff5ee)

2018-12-11 15:05:27 - [MESSAGE][FAILED] - Unable to click on object 'Object Repository/Final Object Repo/New Registration - Registration Module Pages/New Reg - OTC to RO/Special Case - All Related Objects/Continue Button in verifying case' (Root cause: org.openqa.selenium.ElementNotVisibleException: element not interactable
  (Session info: chrome=70.0.3538.110)
  (Driver info: chromedriver=2.43.600210 (68dcf5eebde37173d4027fa8635e332711d2874a),platform=Windows NT 6.1.7601 SP1 x86_64) (WARNING: The server did not provide any stacktrace information)
Command duration or timeout: 0 milliseconds
Build info: version: '3.7.1', revision: '8a0099a', time: '2017-11-06T21:07:36.161Z'
System info: host: 'WIN7TEST02', ip: '10.20.3.72', os.name: 'Windows 7', os.arch: 'amd64', os.version: '6.1', java.version: '1.8.0_181'
Driver info: com.kms.katalon.selenium.driver.CChromeDriver
Capabilities {acceptInsecureCerts: false, acceptSslCerts: false, applicationCacheEnabled: false, browserConnectionEnabled: false, browserName: chrome, chrome: {chromedriverVersion: 2.43.600210 (68dcf5eebde371..., userDataDir: C:\Users\Admin\AppData\Loca...}, cssSelectorsEnabled: true, databaseEnabled: false, goog:chromeOptions: {debuggerAddress: localhost:58328}, handlesAlerts: true, hasTouchScreen: false, javascriptEnabled: true, locationContextEnabled: true, mobileEmulationEnabled: false, nativeEvents: true, networkConnectionEnabled: false, pageLoadStrategy: normal, platform: XP, platformName: XP, rotatable: false, setWindowRect: true, takesHeapSnapshot: true, takesScreenshot: true, unexpectedAlertBehaviour: , unhandledPromptBehavior: , version: 70.0.3538.110, webStorageEnabled: true}
Session ID: 1e7a53c72af2590f7dbf64da11cff5ee)
[[ATTACHMENT|C:\\Users\\Admin\\Desktop\\PKS\\Perkeso Phase A\\Reports\\Workflow\\New Registration\\20181211_110147\\1544511927426.png]]

2018-12-11 15:05:27 - [TEST_STEP][PASSED] - delay: Delayed 2 second(s)

2018-12-11 15:05:29 - [MESSAGE][PASSED] - Delayed 2 second(s)

2018-12-11 15:05:29 - [TEST_STEP][PASSED] - click: Object: 'Object Repository/Final Object Repo/New Registration - Registration Module Pages/Form 1/Registered As a Branch - Yes' is clicked on

2018-12-11 15:05:29 - [MESSAGE][PASSED] - Object: 'Object Repository/Final Object Repo/New Registration - Registration Module Pages/Form 1/Registered As a Branch - Yes' is clicked on

2018-12-11 15:05:29 - [TEST_STEP][PASSED] - delay: Delayed 2 second(s)

2018-12-11 15:05:31 - [MESSAGE][PASSED] - Delayed 2 second(s)

2018-12-11 15:05:31 - [TEST_STEP][PASSED] - click: Object: 'Object Repository/Final Object Repo/New Registration - Registration Module Pages/New Reg - OTC to RO/Special Case - All Related Objects/Form 1 Save n Continue' is clicked on

2018-12-11 15:05:32 - [MESSAGE][PASSED] - Object: 'Object Repository/Final Object Repo/New Registration - Registration Module Pages/New Reg - OTC to RO/Special Case - All Related Objects/Form 1 Save n Continue' is clicked on

2018-12-11 15:05:32 - [TEST_STEP][PASSED] - delay: Delayed 2 second(s)

2018-12-11 15:05:34 - [MESSAGE][PASSED] - Delayed 2 second(s)

2018-12-11 15:05:34 - [TEST_STEP][PASSED] - click: Object: 'Object Repository/Final Object Repo/New Registration - Registration Module Pages/New Reg - OTC to RO/Special Case - All Related Objects/Form 2 Save n Continue' is clicked on

2018-12-11 15:05:34 - [MESSAGE][PASSED] - Object: 'Object Repository/Final Object Repo/New Registration - Registration Module Pages/New Reg - OTC to RO/Special Case - All Related Objects/Form 2 Save n Continue' is clicked on

2018-12-11 15:05:34 - [TEST_STEP][PASSED] - delay: Delayed 2 second(s)

2018-12-11 15:05:36 - [MESSAGE][PASSED] - Delayed 2 second(s)

2018-12-11 15:05:36 - [TEST_STEP][PASSED] - click: Object: 'Object Repository/Final Object Repo/New Registration - Registration Module Pages/New Reg - OTC to RO/Special Case - All Related Objects/Third Screen Save n Continue' is clicked on

2018-12-11 15:05:41 - [MESSAGE][PASSED] - Object: 'Object Repository/Final Object Repo/New Registration - Registration Module Pages/New Reg - OTC to RO/Special Case - All Related Objects/Third Screen Save n Continue' is clicked on

2018-12-11 15:05:41 - [TEST_STEP][PASSED] - delay: Delayed 5 second(s)

2018-12-11 15:05:46 - [MESSAGE][PASSED] - Delayed 5 second(s)

2018-12-11 15:05:46 - [TEST_STEP][PASSED] - click: Object: 'Object Repository/Final Object Repo/New Registration - Registration Module Pages/New Reg - OTC to RO/Special Case - All Related Objects/Upload Doc Page Save n Continue' is clicked on

2018-12-11 15:05:46 - [MESSAGE][PASSED] - Object: 'Object Repository/Final Object Repo/New Registration - Registration Module Pages/New Reg - OTC to RO/Special Case - All Related Objects/Upload Doc Page Save n Continue' is clicked on

2018-12-11 15:05:46 - [TEST_STEP][PASSED] - callTestCase: Call Test Case 'Test Cases/Final Aug 2018 - PKS Automation/Registration Module/New Registration/Submit and Screenshot/Submit Registration and Screenshot' successfully

2018-12-11 15:05:46 - [TEST_CASE][PASSED] - Test Cases/Final Aug 2018 - PKS Automation/Registration Module/New Registration/Submit and Screenshot/Submit Registration and Screenshot: Test Cases/Final Aug 2018 - PKS Automation/Registration Module/New Registration/Submit and Screenshot/Submit Registration and Screenshot

2018-12-11 15:05:46 - [TEST_STEP][PASSED] - delay: Delayed 6 second(s)

2018-12-11 15:05:52 - [MESSAGE][PASSED] - Delayed 6 second(s)

2018-12-11 15:05:52 - [TEST_STEP][PASSED] - click: Object: 'Object Repository/Final Object Repo/New Registration - Registration Module Pages/Third Screen - Upload Supporting Doc- Preview/Preview Submit Button' is clicked on

2018-12-11 15:05:53 - [MESSAGE][PASSED] - Object: 'Object Repository/Final Object Repo/New Registration - Registration Module Pages/Third Screen - Upload Supporting Doc- Preview/Preview Submit Button' is clicked on

2018-12-11 15:05:53 - [TEST_STEP][PASSED] - delay: Delayed 2 second(s)

2018-12-11 15:05:55 - [MESSAGE][PASSED] - Delayed 2 second(s)

2018-12-11 15:05:55 - [TEST_STEP][PASSED] - click: Object: 'Object Repository/Final Object Repo/New Registration - Registration Module Pages/Third Screen - Upload Supporting Doc- Preview/Preview Submit - Confirm' is clicked on

2018-12-11 15:05:55 - [MESSAGE][PASSED] - Object: 'Object Repository/Final Object Repo/New Registration - Registration Module Pages/Third Screen - Upload Supporting Doc- Preview/Preview Submit - Confirm' is clicked on

2018-12-11 15:05:55 - [TEST_STEP][PASSED] - delay: Delayed 15 second(s)

2018-12-11 15:06:10 - [MESSAGE][PASSED] - Delayed 15 second(s)

2018-12-11 15:06:10 - [TEST_STEP][PASSED] - Statement - driver = com.kms.katalon.core.webui.driver.DriverFactory.getWebDriver(): null

2018-12-11 15:06:10 - [TEST_STEP][PASSED] - Statement - driver.manage().timeouts().implicitlyWait(10, SECONDS): null

2018-12-11 15:06:10 - [TEST_STEP][PASSED] - Statement - PresavePath = KatalonScreenshots: null

2018-12-11 15:06:10 - [TEST_STEP][PASSED] - Statement - pathPrefix = "C:\Users\Public\Pictures\Sample Pictures\Katalon Screenshots\Automate Ending Screen": null

2018-12-11 15:06:10 - [TEST_STEP][PASSED] - Statement - finalPath = <not implemented yet for class: org.codehaus.groovy.ast.expr.EmptyExpression>: null

2018-12-11 15:06:10 - [TEST_STEP][PASSED] - Statement - scrFile = driver.getScreenshotAs(FILE): null

2018-12-11 15:06:10 - [TEST_STEP][PASSED] - Statement - PreSaveFile = new java.io.File(PresavePath): null

2018-12-11 15:06:10 - [TEST_STEP][PASSED] - Statement - counter = 0: null

2018-12-11 15:06:10 - [TEST_STEP][PASSED] - Statement - If (PreSaveFile.exists()): null

2018-12-11 15:06:10 - [TEST_STEP][PASSED] - Statement - While (PreSaveFile.exists()): null

2018-12-11 15:06:10 - [TEST_STEP][PASSED] - Statement - counter = counter + 1: null

2018-12-11 15:06:10 - [TEST_STEP][PASSED] - Statement - PreSaveFile = new java.io.File(((pathPrefix + java.lang.Integer.toString(counter)) + .png)): null

2018-12-11 15:06:10 - [TEST_STEP][PASSED] - Statement - counter = counter + 1: null

2018-12-11 15:06:10 - [TEST_STEP][PASSED] - Statement - PreSaveFile = new java.io.File(((pathPrefix + java.lang.Integer.toString(counter)) + .png)): null

2018-12-11 15:06:10 - [TEST_STEP][PASSED] - Statement - counter = counter + 1: null

2018-12-11 15:06:10 - [TEST_STEP][PASSED] - Statement - PreSaveFile = new java.io.File(((pathPrefix + java.lang.Integer.toString(counter)) + .png)): null

2018-12-11 15:06:10 - [TEST_STEP][PASSED] - Statement - counter = counter + 1: null

2018-12-11 15:06:10 - [TEST_STEP][PASSED] - Statement - PreSaveFile = new java.io.File(((pathPrefix + java.lang.Integer.toString(counter)) + .png)): null

2018-12-11 15:06:10 - [TEST_STEP][PASSED] - Statement - counter = counter + 1: null

2018-12-11 15:06:10 - [TEST_STEP][PASSED] - Statement - PreSaveFile = new java.io.File(((pathPrefix + java.lang.Integer.toString(counter)) + .png)): null

2018-12-11 15:06:10 - [TEST_STEP][PASSED] - Statement - counter = counter + 1: null

2018-12-11 15:06:10 - [TEST_STEP][PASSED] - Statement - PreSaveFile = new java.io.File(((pathPrefix + java.lang.Integer.toString(counter)) + .png)): null

2018-12-11 15:06:10 - [TEST_STEP][PASSED] - Statement - counter = counter + 1: null

2018-12-11 15:06:10 - [TEST_STEP][PASSED] - Statement - PreSaveFile = new java.io.File(((pathPrefix + java.lang.Integer.toString(counter)) + .png)): null

2018-12-11 15:06:10 - [TEST_STEP][PASSED] - Statement - counter = counter + 1: null

2018-12-11 15:06:10 - [TEST_STEP][PASSED] - Statement - PreSaveFile = new java.io.File(((pathPrefix + java.lang.Integer.toString(counter)) + .png)): null

2018-12-11 15:06:10 - [TEST_STEP][PASSED] - Statement - counter = counter + 1: null

2018-12-11 15:06:10 - [TEST_STEP][PASSED] - Statement - PreSaveFile = new java.io.File(((pathPrefix + java.lang.Integer.toString(counter)) + .png)): null

2018-12-11 15:06:10 - [TEST_STEP][PASSED] - Statement - counter = counter + 1: null

2018-12-11 15:06:10 - [TEST_STEP][PASSED] - Statement - PreSaveFile = new java.io.File(((pathPrefix + java.lang.Integer.toString(counter)) + .png)): null

2018-12-11 15:06:10 - [TEST_STEP][PASSED] - Statement - counter = counter + 1: null

2018-12-11 15:06:10 - [TEST_STEP][PASSED] - Statement - PreSaveFile = new java.io.File(((pathPrefix + java.lang.Integer.toString(counter)) + .png)): null

2018-12-11 15:06:10 - [TEST_STEP][PASSED] - Statement - counter = counter + 1: null

2018-12-11 15:06:10 - [TEST_STEP][PASSED] - Statement - PreSaveFile = new java.io.File(((pathPrefix + java.lang.Integer.toString(counter)) + .png)): null

2018-12-11 15:06:10 - [TEST_STEP][PASSED] - Statement - counter = counter + 1: null

2018-12-11 15:06:10 - [TEST_STEP][PASSED] - Statement - PreSaveFile = new java.io.File(((pathPrefix + java.lang.Integer.toString(counter)) + .png)): null

2018-12-11 15:06:10 - [TEST_STEP][PASSED] - Statement - counter = counter + 1: null

2018-12-11 15:06:10 - [TEST_STEP][PASSED] - Statement - PreSaveFile = new java.io.File(((pathPrefix + java.lang.Integer.toString(counter)) + .png)): null

2018-12-11 15:06:10 - [TEST_STEP][PASSED] - Statement - counter = counter + 1: null

2018-12-11 15:06:10 - [TEST_STEP][PASSED] - Statement - PreSaveFile = new java.io.File(((pathPrefix + java.lang.Integer.toString(counter)) + .png)): null

2018-12-11 15:06:10 - [TEST_STEP][PASSED] - Statement - counter = counter + 1: null

2018-12-11 15:06:10 - [TEST_STEP][PASSED] - Statement - PreSaveFile = new java.io.File(((pathPrefix + java.lang.Integer.toString(counter)) + .png)): null

2018-12-11 15:06:10 - [TEST_STEP][PASSED] - Statement - counter = counter + 1: null

2018-12-11 15:06:10 - [TEST_STEP][PASSED] - Statement - PreSaveFile = new java.io.File(((pathPrefix + java.lang.Integer.toString(counter)) + .png)): null

2018-12-11 15:06:10 - [TEST_STEP][PASSED] - Statement - counter = counter + 1: null

2018-12-11 15:06:10 - [TEST_STEP][PASSED] - Statement - PreSaveFile = new java.io.File(((pathPrefix + java.lang.Integer.toString(counter)) + .png)): null

2018-12-11 15:06:10 - [TEST_STEP][PASSED] - Statement - counter = counter + 1: null

2018-12-11 15:06:10 - [TEST_STEP][PASSED] - Statement - PreSaveFile = new java.io.File(((pathPrefix + java.lang.Integer.toString(counter)) + .png)): null

2018-12-11 15:06:10 - [TEST_STEP][PASSED] - Statement - counter = counter + 1: null

2018-12-11 15:06:10 - [TEST_STEP][PASSED] - Statement - PreSaveFile = new java.io.File(((pathPrefix + java.lang.Integer.toString(counter)) + .png)): null

2018-12-11 15:06:10 - [TEST_STEP][PASSED] - Statement - counter = counter + 1: null

2018-12-11 15:06:10 - [TEST_STEP][PASSED] - Statement - PreSaveFile = new java.io.File(((pathPrefix + java.lang.Integer.toString(counter)) + .png)): null

2018-12-11 15:06:10 - [TEST_STEP][PASSED] - Statement - counter = counter + 1: null

2018-12-11 15:06:10 - [TEST_STEP][PASSED] - Statement - PreSaveFile = new java.io.File(((pathPrefix + java.lang.Integer.toString(counter)) + .png)): null

2018-12-11 15:06:10 - [TEST_STEP][PASSED] - Statement - counter = counter + 1: null

2018-12-11 15:06:10 - [TEST_STEP][PASSED] - Statement - PreSaveFile = new java.io.File(((pathPrefix + java.lang.Integer.toString(counter)) + .png)): null

2018-12-11 15:06:10 - [TEST_STEP][PASSED] - Statement - counter = counter + 1: null

2018-12-11 15:06:10 - [TEST_STEP][PASSED] - Statement - PreSaveFile = new java.io.File(((pathPrefix + java.lang.Integer.toString(counter)) + .png)): null

2018-12-11 15:06:10 - [TEST_STEP][PASSED] - Statement - counter = counter + 1: null

2018-12-11 15:06:10 - [TEST_STEP][PASSED] - Statement - PreSaveFile = new java.io.File(((pathPrefix + java.lang.Integer.toString(counter)) + .png)): null

2018-12-11 15:06:10 - [TEST_STEP][PASSED] - Statement - counter = counter + 1: null

2018-12-11 15:06:10 - [TEST_STEP][PASSED] - Statement - PreSaveFile = new java.io.File(((pathPrefix + java.lang.Integer.toString(counter)) + .png)): null

2018-12-11 15:06:10 - [TEST_STEP][PASSED] - Statement - counter = counter + 1: null

2018-12-11 15:06:10 - [TEST_STEP][PASSED] - Statement - PreSaveFile = new java.io.File(((pathPrefix + java.lang.Integer.toString(counter)) + .png)): null

2018-12-11 15:06:10 - [TEST_STEP][PASSED] - Statement - counter = counter + 1: null

2018-12-11 15:06:10 - [TEST_STEP][PASSED] - Statement - PreSaveFile = new java.io.File(((pathPrefix + java.lang.Integer.toString(counter)) + .png)): null

2018-12-11 15:06:10 - [TEST_STEP][PASSED] - Statement - counter = counter + 1: null

2018-12-11 15:06:10 - [TEST_STEP][PASSED] - Statement - PreSaveFile = new java.io.File(((pathPrefix + java.lang.Integer.toString(counter)) + .png)): null

2018-12-11 15:06:10 - [TEST_STEP][PASSED] - Statement - counter = counter + 1: null

2018-12-11 15:06:10 - [TEST_STEP][PASSED] - Statement - PreSaveFile = new java.io.File(((pathPrefix + java.lang.Integer.toString(counter)) + .png)): null

2018-12-11 15:06:10 - [TEST_STEP][PASSED] - Statement - counter = counter + 1: null

2018-12-11 15:06:10 - [TEST_STEP][PASSED] - Statement - PreSaveFile = new java.io.File(((pathPrefix + java.lang.Integer.toString(counter)) + .png)): null

2018-12-11 15:06:10 - [TEST_STEP][PASSED] - Statement - counter = counter + 1: null

2018-12-11 15:06:10 - [TEST_STEP][PASSED] - Statement - PreSaveFile = new java.io.File(((pathPrefix + java.lang.Integer.toString(counter)) + .png)): null

2018-12-11 15:06:10 - [TEST_STEP][PASSED] - Statement - counter = counter + 1: null

2018-12-11 15:06:10 - [TEST_STEP][PASSED] - Statement - PreSaveFile = new java.io.File(((pathPrefix + java.lang.Integer.toString(counter)) + .png)): null

2018-12-11 15:06:10 - [TEST_STEP][PASSED] - Statement - counter = counter + 1: null

2018-12-11 15:06:10 - [TEST_STEP][PASSED] - Statement - PreSaveFile = new java.io.File(((pathPrefix + java.lang.Integer.toString(counter)) + .png)): null

2018-12-11 15:06:10 - [TEST_STEP][PASSED] - Statement - counter = counter + 1: null

2018-12-11 15:06:10 - [TEST_STEP][PASSED] - Statement - PreSaveFile = new java.io.File(((pathPrefix + java.lang.Integer.toString(counter)) + .png)): null

2018-12-11 15:06:10 - [TEST_STEP][PASSED] - Statement - counter = counter + 1: null

2018-12-11 15:06:10 - [TEST_STEP][PASSED] - Statement - PreSaveFile = new java.io.File(((pathPrefix + java.lang.Integer.toString(counter)) + .png)): null

2018-12-11 15:06:10 - [TEST_STEP][PASSED] - Statement - counter = counter + 1: null

2018-12-11 15:06:10 - [TEST_STEP][PASSED] - Statement - PreSaveFile = new java.io.File(((pathPrefix + java.lang.Integer.toString(counter)) + .png)): null

2018-12-11 15:06:10 - [TEST_STEP][PASSED] - Statement - counter = counter + 1: null

2018-12-11 15:06:10 - [TEST_STEP][PASSED] - Statement - PreSaveFile = new java.io.File(((pathPrefix + java.lang.Integer.toString(counter)) + .png)): null

2018-12-11 15:06:10 - [TEST_STEP][PASSED] - Statement - counter = counter + 1: null

2018-12-11 15:06:10 - [TEST_STEP][PASSED] - Statement - PreSaveFile = new java.io.File(((pathPrefix + java.lang.Integer.toString(counter)) + .png)): null

2018-12-11 15:06:10 - [TEST_STEP][PASSED] - Statement - counter = counter + 1: null

2018-12-11 15:06:10 - [TEST_STEP][PASSED] - Statement - PreSaveFile = new java.io.File(((pathPrefix + java.lang.Integer.toString(counter)) + .png)): null

2018-12-11 15:06:10 - [TEST_STEP][PASSED] - Statement - counter = counter + 1: null

2018-12-11 15:06:10 - [TEST_STEP][PASSED] - Statement - PreSaveFile = new java.io.File(((pathPrefix + java.lang.Integer.toString(counter)) + .png)): null

2018-12-11 15:06:10 - [TEST_STEP][PASSED] - Statement - counter = counter + 1: null

2018-12-11 15:06:10 - [TEST_STEP][PASSED] - Statement - PreSaveFile = new java.io.File(((pathPrefix + java.lang.Integer.toString(counter)) + .png)): null

2018-12-11 15:06:10 - [TEST_STEP][PASSED] - Statement - counter = counter + 1: null

2018-12-11 15:06:10 - [TEST_STEP][PASSED] - Statement - PreSaveFile = new java.io.File(((pathPrefix + java.lang.Integer.toString(counter)) + .png)): null

2018-12-11 15:06:10 - [TEST_STEP][PASSED] - Statement - counter = counter + 1: null

2018-12-11 15:06:10 - [TEST_STEP][PASSED] - Statement - PreSaveFile = new java.io.File(((pathPrefix + java.lang.Integer.toString(counter)) + .png)): null

2018-12-11 15:06:10 - [TEST_STEP][PASSED] - Statement - counter = counter + 1: null

2018-12-11 15:06:10 - [TEST_STEP][PASSED] - Statement - PreSaveFile = new java.io.File(((pathPrefix + java.lang.Integer.toString(counter)) + .png)): null

2018-12-11 15:06:10 - [TEST_STEP][PASSED] - Statement - counter = counter + 1: null

2018-12-11 15:06:10 - [TEST_STEP][PASSED] - Statement - PreSaveFile = new java.io.File(((pathPrefix + java.lang.Integer.toString(counter)) + .png)): null

2018-12-11 15:06:10 - [TEST_STEP][PASSED] - Statement - counter = counter + 1: null

2018-12-11 15:06:10 - [TEST_STEP][PASSED] - Statement - PreSaveFile = new java.io.File(((pathPrefix + java.lang.Integer.toString(counter)) + .png)): null

2018-12-11 15:06:10 - [TEST_STEP][PASSED] - Statement - counter = counter + 1: null

2018-12-11 15:06:10 - [TEST_STEP][PASSED] - Statement - PreSaveFile = new java.io.File(((pathPrefix + java.lang.Integer.toString(counter)) + .png)): null

2018-12-11 15:06:10 - [TEST_STEP][PASSED] - Statement - counter = counter + 1: null

2018-12-11 15:06:10 - [TEST_STEP][PASSED] - Statement - PreSaveFile = new java.io.File(((pathPrefix + java.lang.Integer.toString(counter)) + .png)): null

2018-12-11 15:06:10 - [TEST_STEP][PASSED] - Statement - counter = counter + 1: null

2018-12-11 15:06:10 - [TEST_STEP][PASSED] - Statement - PreSaveFile = new java.io.File(((pathPrefix + java.lang.Integer.toString(counter)) + .png)): null

2018-12-11 15:06:10 - [TEST_STEP][PASSED] - Statement - counter = counter + 1: null

2018-12-11 15:06:10 - [TEST_STEP][PASSED] - Statement - PreSaveFile = new java.io.File(((pathPrefix + java.lang.Integer.toString(counter)) + .png)): null

2018-12-11 15:06:10 - [TEST_STEP][PASSED] - Statement - counter = counter + 1: null

2018-12-11 15:06:10 - [TEST_STEP][PASSED] - Statement - PreSaveFile = new java.io.File(((pathPrefix + java.lang.Integer.toString(counter)) + .png)): null

2018-12-11 15:06:10 - [TEST_STEP][PASSED] - Statement - counter = counter + 1: null

2018-12-11 15:06:10 - [TEST_STEP][PASSED] - Statement - PreSaveFile = new java.io.File(((pathPrefix + java.lang.Integer.toString(counter)) + .png)): null

2018-12-11 15:06:10 - [TEST_STEP][PASSED] - Statement - counter = counter + 1: null

2018-12-11 15:06:10 - [TEST_STEP][PASSED] - Statement - PreSaveFile = new java.io.File(((pathPrefix + java.lang.Integer.toString(counter)) + .png)): null

2018-12-11 15:06:10 - [TEST_STEP][PASSED] - Statement - counter = counter + 1: null

2018-12-11 15:06:10 - [TEST_STEP][PASSED] - Statement - PreSaveFile = new java.io.File(((pathPrefix + java.lang.Integer.toString(counter)) + .png)): null

2018-12-11 15:06:10 - [TEST_STEP][PASSED] - Statement - counter = counter + 1: null

2018-12-11 15:06:10 - [TEST_STEP][PASSED] - Statement - PreSaveFile = new java.io.File(((pathPrefix + java.lang.Integer.toString(counter)) + .png)): null

2018-12-11 15:06:10 - [TEST_STEP][PASSED] - Statement - counter = counter + 1: null

2018-12-11 15:06:10 - [TEST_STEP][PASSED] - Statement - PreSaveFile = new java.io.File(((pathPrefix + java.lang.Integer.toString(counter)) + .png)): null

2018-12-11 15:06:10 - [TEST_STEP][PASSED] - Statement - counter = counter + 1: null

2018-12-11 15:06:10 - [TEST_STEP][PASSED] - Statement - PreSaveFile = new java.io.File(((pathPrefix + java.lang.Integer.toString(counter)) + .png)): null

2018-12-11 15:06:10 - [TEST_STEP][PASSED] - Statement - counter = counter + 1: null

2018-12-11 15:06:10 - [TEST_STEP][PASSED] - Statement - PreSaveFile = new java.io.File(((pathPrefix + java.lang.Integer.toString(counter)) + .png)): null

2018-12-11 15:06:10 - [TEST_STEP][PASSED] - Statement - counter = counter + 1: null

2018-12-11 15:06:10 - [TEST_STEP][PASSED] - Statement - PreSaveFile = new java.io.File(((pathPrefix + java.lang.Integer.toString(counter)) + .png)): null

2018-12-11 15:06:10 - [TEST_STEP][PASSED] - Statement - counter = counter + 1: null

2018-12-11 15:06:10 - [TEST_STEP][PASSED] - Statement - PreSaveFile = new java.io.File(((pathPrefix + java.lang.Integer.toString(counter)) + .png)): null

2018-12-11 15:06:10 - [TEST_STEP][PASSED] - Statement - counter = counter + 1: null

2018-12-11 15:06:10 - [TEST_STEP][PASSED] - Statement - PreSaveFile = new java.io.File(((pathPrefix + java.lang.Integer.toString(counter)) + .png)): null

2018-12-11 15:06:10 - [TEST_STEP][PASSED] - Statement - counter = counter + 1: null

2018-12-11 15:06:10 - [TEST_STEP][PASSED] - Statement - PreSaveFile = new java.io.File(((pathPrefix + java.lang.Integer.toString(counter)) + .png)): null

2018-12-11 15:06:10 - [TEST_STEP][PASSED] - Statement - finalPath = pathPrefix + java.lang.Integer.toString(counter) + ".png": null

2018-12-11 15:06:10 - [TEST_STEP][PASSED] - Statement - SaveFile = new java.io.File(finalPath): null

2018-12-11 15:06:10 - [TEST_STEP][PASSED] - Statement - Try: null

2018-12-11 15:06:10 - [TEST_STEP][PASSED] - Statement - org.apache.commons.io.FileUtils.copyFile(scrFile, SaveFile): null

2018-12-11 15:06:10 - [TEST_STEP][PASSED] - Statement - out.println("file kept"): null

2018-12-11 15:06:10 - [TEST_STEP][PASSED] - delay: Delayed 10 second(s)

2018-12-11 15:06:20 - [MESSAGE][PASSED] - Delayed 10 second(s)

2018-12-11 15:06:20 - [MESSAGE][PASSED] - Call Test Case 'Test Cases/Final Aug 2018 - PKS Automation/Registration Module/New Registration/Submit and Screenshot/Submit Registration and Screenshot' successfully]]></system-out>
         <system-err><![CDATA[2018-12-11 14:57:06 - [TEST_CASE][FAILED] - Test Cases/Final Aug 2018 - PKS Automation/Registration Module/Workflow/New Registration/OTC - PKR BO - RO Submit(Routed 2 Time): Test Cases/Final Aug 2018 - PKS Automation/Registration Module/Workflow/New Registration/OTC - PKR BO - RO Submit(Routed 2 Time) FAILED because (of) (Stack trace: com.kms.katalon.core.exception.StepFailedException: Unable to click on object 'Object Repository/Final Object Repo/New Registration - Registration Module Pages/New Reg - OTC to RO/Special Case - All Related Objects/Continue Button in verifying case' (Root cause: org.openqa.selenium.ElementNotVisibleException: element not interactable
  (Session info: chrome=70.0.3538.110)
  (Driver info: chromedriver=2.43.600210 (68dcf5eebde37173d4027fa8635e332711d2874a),platform=Windows NT 6.1.7601 SP1 x86_64) (WARNING: The server did not provide any stacktrace information)
Command duration or timeout: 0 milliseconds
Build info: version: '3.7.1', revision: '8a0099a', time: '2017-11-06T21:07:36.161Z'
System info: host: 'WIN7TEST02', ip: '10.20.3.72', os.name: 'Windows 7', os.arch: 'amd64', os.version: '6.1', java.version: '1.8.0_181'
Driver info: com.kms.katalon.selenium.driver.CChromeDriver
Capabilities {acceptInsecureCerts: false, acceptSslCerts: false, applicationCacheEnabled: false, browserConnectionEnabled: false, browserName: chrome, chrome: {chromedriverVersion: 2.43.600210 (68dcf5eebde371..., userDataDir: C:\Users\Admin\AppData\Loca...}, cssSelectorsEnabled: true, databaseEnabled: false, goog:chromeOptions: {debuggerAddress: localhost:58328}, handlesAlerts: true, hasTouchScreen: false, javascriptEnabled: true, locationContextEnabled: true, mobileEmulationEnabled: false, nativeEvents: true, networkConnectionEnabled: false, pageLoadStrategy: normal, platform: XP, platformName: XP, rotatable: false, setWindowRect: true, takesHeapSnapshot: true, takesScreenshot: true, unexpectedAlertBehaviour: , unhandledPromptBehavior: , version: 70.0.3538.110, webStorageEnabled: true}
Session ID: 1e7a53c72af2590f7dbf64da11cff5ee)
	at com.kms.katalon.core.keyword.internal.KeywordMain.stepFailed(KeywordMain.groovy:32)
	at com.kms.katalon.core.webui.keyword.internal.WebUIKeywordMain.stepFailed(WebUIKeywordMain.groovy:65)
	at com.kms.katalon.core.webui.keyword.internal.WebUIKeywordMain.runKeyword(WebUIKeywordMain.groovy:27)
	at com.kms.katalon.core.webui.keyword.builtin.ClickKeyword.click(ClickKeyword.groovy:86)
	at com.kms.katalon.core.webui.keyword.builtin.ClickKeyword.execute(ClickKeyword.groovy:67)
	at com.kms.katalon.core.keyword.internal.KeywordExecutor.executeKeywordForPlatform(KeywordExecutor.groovy:53)
	at com.kms.katalon.core.webui.keyword.WebUiBuiltInKeywords.click(WebUiBuiltInKeywords.groovy:616)
	at com.kms.katalon.core.webui.keyword.WebUiBuiltInKeywords$click$2.call(Unknown Source)
	at org.codehaus.groovy.runtime.callsite.CallSiteArray.defaultCall(CallSiteArray.java:48)
	at org.codehaus.groovy.runtime.callsite.AbstractCallSite.call(AbstractCallSite.java:113)
	at org.codehaus.groovy.runtime.callsite.AbstractCallSite.call(AbstractCallSite.java:125)
	at Script1535599368022.run(Script1535599368022.groovy:165)
	at com.kms.katalon.core.main.ScriptEngine.run(ScriptEngine.java:183)
	at com.kms.katalon.core.main.ScriptEngine.runScriptAsRawText(ScriptEngine.java:108)
	at com.kms.katalon.core.main.TestCaseExecutor.runScript(TestCaseExecutor.java:294)
	at com.kms.katalon.core.main.TestCaseExecutor.doExecute(TestCaseExecutor.java:285)
	at com.kms.katalon.core.main.TestCaseExecutor.processExecutionPhase(TestCaseExecutor.java:264)
	at com.kms.katalon.core.main.TestCaseExecutor.accessMainPhase(TestCaseExecutor.java:256)
	at com.kms.katalon.core.main.TestCaseExecutor.execute(TestCaseExecutor.java:200)
	at com.kms.katalon.core.main.TestSuiteExecutor.accessTestCaseMainPhase(TestSuiteExecutor.java:129)
	at com.kms.katalon.core.main.TestSuiteExecutor.accessTestSuiteMainPhase(TestSuiteExecutor.java:112)
	at com.kms.katalon.core.main.TestSuiteExecutor.execute(TestSuiteExecutor.java:81)
	at com.kms.katalon.core.main.TestCaseMain.startTestSuite(TestCaseMain.java:142)
	at com.kms.katalon.core.main.TestCaseMain$startTestSuite$0.call(Unknown Source)
	at org.codehaus.groovy.runtime.callsite.CallSiteArray.defaultCall(CallSiteArray.java:48)
	at org.codehaus.groovy.runtime.callsite.AbstractCallSite.call(AbstractCallSite.java:113)
	at org.codehaus.groovy.runtime.callsite.AbstractCallSite.call(AbstractCallSite.java:141)
	at TempTestSuite1544497307528.run(TempTestSuite1544497307528.groovy:36)
	at groovy.lang.GroovyShell.runScriptOrMainOrTestOrRunnable(GroovyShell.java:263)
	at groovy.lang.GroovyShell.run(GroovyShell.java:518)
	at groovy.lang.GroovyShell.run(GroovyShell.java:507)
	at groovy.ui.GroovyMain.processOnce(GroovyMain.java:653)
	at groovy.ui.GroovyMain.run(GroovyMain.java:384)
	at groovy.ui.GroovyMain.process(GroovyMain.java:370)
	at groovy.ui.GroovyMain.processArgs(GroovyMain.java:129)
	at groovy.ui.GroovyMain.main(GroovyMain.java:109)
	at sun.reflect.NativeMethodAccessorImpl.invoke0(Native Method)
	at sun.reflect.NativeMethodAccessorImpl.invoke(NativeMethodAccessorImpl.java:62)
	at sun.reflect.DelegatingMethodAccessorImpl.invoke(DelegatingMethodAccessorImpl.java:43)
	at java.lang.reflect.Method.invoke(Method.java:498)
	at org.codehaus.groovy.tools.GroovyStarter.rootLoader(GroovyStarter.java:109)
	at org.codehaus.groovy.tools.GroovyStarter.main(GroovyStarter.java:131)
)]]></system-err>
      </testcase>
      <testcase name="Test Cases/Final Aug 2018 - PKS Automation/Registration Module/Workflow/New Registration/OTC - PKR BO - RO Under Enforcement(Routed 2 Time)" classname="Test Cases/Final Aug 2018 - PKS Automation/Registration Module/Workflow/New Registration/OTC - PKR BO - RO Under Enforcement(Routed 2 Time)" status="FAILED">
         <failure type="FAILED" message="(Stack trace: com.kms.katalon.core.exception.StepFailedException: Unable to click on object 'Object Repository/Final Object Repo/New Registration - Registration Module Pages/New Reg - OTC to RO/Special Case - All Related Objects/Click Search' (Root cause: org.openqa.selenium.WebDriverException: unknown error: Element &lt;a validatesubmit=&quot;&quot; href=&quot;https://assist2-uat.perkeso.gov.my/web/base/myassist?p_auth=jR2tkRLS&amp;amp;p_p_id=myassist_WAR_baseportlet&amp;amp;p_p_lifecycle=1&amp;amp;p_p_state=normal&amp;amp;p_p_mode=view&amp;amp;p_p_col_id=column-1&amp;amp;p_p_col_count=1&amp;amp;_myassist_WAR_baseportlet_javax.portlet.action=exeAction&quot; formid=&quot;_myassist_WAR_baseportlet_taskInboxFm&quot; targets=&quot;baseMsgDivId&quot; class=&quot;btn btn-lg blueBtn col-md-2 m-t-20 pull-right&quot;>...&lt;/a> is not clickable at point (1160, 42). Other element would receive the click: &lt;a class=&quot;user-avatar-link dropdown-toggle&quot; href=&quot;javascript:void(0);&quot; id=&quot;&quot; role=&quot;menuitem&quot; title=&quot; 

	 
		KLpkrbo3
	 &quot;>...&lt;/a>
  (Session info: chrome=70.0.3538.110)
  (Driver info: chromedriver=2.43.600210 (68dcf5eebde37173d4027fa8635e332711d2874a),platform=Windows NT 6.1.7601 SP1 x86_64) (WARNING: The server did not provide any stacktrace information)
Command duration or timeout: 0 milliseconds
Build info: version: '3.7.1', revision: '8a0099a', time: '2017-11-06T21:07:36.161Z'
System info: host: 'WIN7TEST02', ip: '10.20.3.72', os.name: 'Windows 7', os.arch: 'amd64', os.version: '6.1', java.version: '1.8.0_181'
Driver info: com.kms.katalon.selenium.driver.CChromeDriver
Capabilities {acceptInsecureCerts: false, acceptSslCerts: false, applicationCacheEnabled: false, browserConnectionEnabled: false, browserName: chrome, chrome: {chromedriverVersion: 2.43.600210 (68dcf5eebde371..., userDataDir: C:\Users\Admin\AppData\Loca...}, cssSelectorsEnabled: true, databaseEnabled: false, goog:chromeOptions: {debuggerAddress: localhost:58431}, handlesAlerts: true, hasTouchScreen: false, javascriptEnabled: true, locationContextEnabled: true, mobileEmulationEnabled: false, nativeEvents: true, networkConnectionEnabled: false, pageLoadStrategy: normal, platform: XP, platformName: XP, rotatable: false, setWindowRect: true, takesHeapSnapshot: true, takesScreenshot: true, unexpectedAlertBehaviour: , unhandledPromptBehavior: , version: 70.0.3538.110, webStorageEnabled: true}
Session ID: 126e027c65aea306fb5e24d0905e3a02)
	at com.kms.katalon.core.keyword.internal.KeywordMain.stepFailed(KeywordMain.groovy:32)
	at com.kms.katalon.core.webui.keyword.internal.WebUIKeywordMain.stepFailed(WebUIKeywordMain.groovy:65)
	at com.kms.katalon.core.webui.keyword.internal.WebUIKeywordMain.runKeyword(WebUIKeywordMain.groovy:27)
	at com.kms.katalon.core.webui.keyword.builtin.ClickKeyword.click(ClickKeyword.groovy:86)
	at com.kms.katalon.core.webui.keyword.builtin.ClickKeyword.execute(ClickKeyword.groovy:67)
	at com.kms.katalon.core.keyword.internal.KeywordExecutor.executeKeywordForPlatform(KeywordExecutor.groovy:53)
	at com.kms.katalon.core.webui.keyword.WebUiBuiltInKeywords.click(WebUiBuiltInKeywords.groovy:616)
	at com.kms.katalon.core.webui.keyword.WebUiBuiltInKeywords$click$2.call(Unknown Source)
	at org.codehaus.groovy.runtime.callsite.CallSiteArray.defaultCall(CallSiteArray.java:48)
	at org.codehaus.groovy.runtime.callsite.AbstractCallSite.call(AbstractCallSite.java:113)
	at org.codehaus.groovy.runtime.callsite.AbstractCallSite.call(AbstractCallSite.java:125)
	at Script1535944782532.run(Script1535944782532.groovy:80)
	at com.kms.katalon.core.main.ScriptEngine.run(ScriptEngine.java:183)
	at com.kms.katalon.core.main.ScriptEngine.runScriptAsRawText(ScriptEngine.java:108)
	at com.kms.katalon.core.main.TestCaseExecutor.runScript(TestCaseExecutor.java:294)
	at com.kms.katalon.core.main.TestCaseExecutor.doExecute(TestCaseExecutor.java:285)
	at com.kms.katalon.core.main.TestCaseExecutor.processExecutionPhase(TestCaseExecutor.java:264)
	at com.kms.katalon.core.main.TestCaseExecutor.accessMainPhase(TestCaseExecutor.java:256)
	at com.kms.katalon.core.main.TestCaseExecutor.execute(TestCaseExecutor.java:200)
	at com.kms.katalon.core.main.TestSuiteExecutor.accessTestCaseMainPhase(TestSuiteExecutor.java:129)
	at com.kms.katalon.core.main.TestSuiteExecutor.accessTestSuiteMainPhase(TestSuiteExecutor.java:112)
	at com.kms.katalon.core.main.TestSuiteExecutor.execute(TestSuiteExecutor.java:81)
	at com.kms.katalon.core.main.TestCaseMain.startTestSuite(TestCaseMain.java:142)
	at com.kms.katalon.core.main.TestCaseMain$startTestSuite$0.call(Unknown Source)
	at org.codehaus.groovy.runtime.callsite.CallSiteArray.defaultCall(CallSiteArray.java:48)
	at org.codehaus.groovy.runtime.callsite.AbstractCallSite.call(AbstractCallSite.java:113)
	at org.codehaus.groovy.runtime.callsite.AbstractCallSite.call(AbstractCallSite.java:141)
	at TempTestSuite1544497307528.run(TempTestSuite1544497307528.groovy:36)
	at groovy.lang.GroovyShell.runScriptOrMainOrTestOrRunnable(GroovyShell.java:263)
	at groovy.lang.GroovyShell.run(GroovyShell.java:518)
	at groovy.lang.GroovyShell.run(GroovyShell.java:507)
	at groovy.ui.GroovyMain.processOnce(GroovyMain.java:653)
	at groovy.ui.GroovyMain.run(GroovyMain.java:384)
	at groovy.ui.GroovyMain.process(GroovyMain.java:370)
	at groovy.ui.GroovyMain.processArgs(GroovyMain.java:129)
	at groovy.ui.GroovyMain.main(GroovyMain.java:109)
	at sun.reflect.NativeMethodAccessorImpl.invoke0(Native Method)
	at sun.reflect.NativeMethodAccessorImpl.invoke(NativeMethodAccessorImpl.java:62)
	at sun.reflect.DelegatingMethodAccessorImpl.invoke(DelegatingMethodAccessorImpl.java:43)
	at java.lang.reflect.Method.invoke(Method.java:498)
	at org.codehaus.groovy.tools.GroovyStarter.rootLoader(GroovyStarter.java:109)
	at org.codehaus.groovy.tools.GroovyStarter.main(GroovyStarter.java:131)
)"/>
         <system-out><![CDATA[2018-12-11 15:06:20 - [TEST_CASE][FAILED] - Test Cases/Final Aug 2018 - PKS Automation/Registration Module/Workflow/New Registration/OTC - PKR BO - RO Under Enforcement(Routed 2 Time): Test Cases/Final Aug 2018 - PKS Automation/Registration Module/Workflow/New Registration/OTC - PKR BO - RO Under Enforcement(Routed 2 Time) FAILED because (of) (Stack trace: com.kms.katalon.core.exception.StepFailedException: Unable to click on object 'Object Repository/Final Object Repo/New Registration - Registration Module Pages/New Reg - OTC to RO/Special Case - All Related Objects/Click Search' (Root cause: org.openqa.selenium.WebDriverException: unknown error: Element <a validatesubmit="" href="https://assist2-uat.perkeso.gov.my/web/base/myassist?p_auth=jR2tkRLS&amp;p_p_id=myassist_WAR_baseportlet&amp;p_p_lifecycle=1&amp;p_p_state=normal&amp;p_p_mode=view&amp;p_p_col_id=column-1&amp;p_p_col_count=1&amp;_myassist_WAR_baseportlet_javax.portlet.action=exeAction" formid="_myassist_WAR_baseportlet_taskInboxFm" targets="baseMsgDivId" class="btn btn-lg blueBtn col-md-2 m-t-20 pull-right">...</a> is not clickable at point (1160, 42). Other element would receive the click: <a class="user-avatar-link dropdown-toggle" href="javascript:void(0);" id="" role="menuitem" title=" 

	 
		KLpkrbo3
	 ">...</a>
  (Session info: chrome=70.0.3538.110)
  (Driver info: chromedriver=2.43.600210 (68dcf5eebde37173d4027fa8635e332711d2874a),platform=Windows NT 6.1.7601 SP1 x86_64) (WARNING: The server did not provide any stacktrace information)
Command duration or timeout: 0 milliseconds
Build info: version: '3.7.1', revision: '8a0099a', time: '2017-11-06T21:07:36.161Z'
System info: host: 'WIN7TEST02', ip: '10.20.3.72', os.name: 'Windows 7', os.arch: 'amd64', os.version: '6.1', java.version: '1.8.0_181'
Driver info: com.kms.katalon.selenium.driver.CChromeDriver
Capabilities {acceptInsecureCerts: false, acceptSslCerts: false, applicationCacheEnabled: false, browserConnectionEnabled: false, browserName: chrome, chrome: {chromedriverVersion: 2.43.600210 (68dcf5eebde371..., userDataDir: C:\Users\Admin\AppData\Loca...}, cssSelectorsEnabled: true, databaseEnabled: false, goog:chromeOptions: {debuggerAddress: localhost:58431}, handlesAlerts: true, hasTouchScreen: false, javascriptEnabled: true, locationContextEnabled: true, mobileEmulationEnabled: false, nativeEvents: true, networkConnectionEnabled: false, pageLoadStrategy: normal, platform: XP, platformName: XP, rotatable: false, setWindowRect: true, takesHeapSnapshot: true, takesScreenshot: true, unexpectedAlertBehaviour: , unhandledPromptBehavior: , version: 70.0.3538.110, webStorageEnabled: true}
Session ID: 126e027c65aea306fb5e24d0905e3a02)
	at com.kms.katalon.core.keyword.internal.KeywordMain.stepFailed(KeywordMain.groovy:32)
	at com.kms.katalon.core.webui.keyword.internal.WebUIKeywordMain.stepFailed(WebUIKeywordMain.groovy:65)
	at com.kms.katalon.core.webui.keyword.internal.WebUIKeywordMain.runKeyword(WebUIKeywordMain.groovy:27)
	at com.kms.katalon.core.webui.keyword.builtin.ClickKeyword.click(ClickKeyword.groovy:86)
	at com.kms.katalon.core.webui.keyword.builtin.ClickKeyword.execute(ClickKeyword.groovy:67)
	at com.kms.katalon.core.keyword.internal.KeywordExecutor.executeKeywordForPlatform(KeywordExecutor.groovy:53)
	at com.kms.katalon.core.webui.keyword.WebUiBuiltInKeywords.click(WebUiBuiltInKeywords.groovy:616)
	at com.kms.katalon.core.webui.keyword.WebUiBuiltInKeywords$click$2.call(Unknown Source)
	at org.codehaus.groovy.runtime.callsite.CallSiteArray.defaultCall(CallSiteArray.java:48)
	at org.codehaus.groovy.runtime.callsite.AbstractCallSite.call(AbstractCallSite.java:113)
	at org.codehaus.groovy.runtime.callsite.AbstractCallSite.call(AbstractCallSite.java:125)
	at Script1535944782532.run(Script1535944782532.groovy:80)
	at com.kms.katalon.core.main.ScriptEngine.run(ScriptEngine.java:183)
	at com.kms.katalon.core.main.ScriptEngine.runScriptAsRawText(ScriptEngine.java:108)
	at com.kms.katalon.core.main.TestCaseExecutor.runScript(TestCaseExecutor.java:294)
	at com.kms.katalon.core.main.TestCaseExecutor.doExecute(TestCaseExecutor.java:285)
	at com.kms.katalon.core.main.TestCaseExecutor.processExecutionPhase(TestCaseExecutor.java:264)
	at com.kms.katalon.core.main.TestCaseExecutor.accessMainPhase(TestCaseExecutor.java:256)
	at com.kms.katalon.core.main.TestCaseExecutor.execute(TestCaseExecutor.java:200)
	at com.kms.katalon.core.main.TestSuiteExecutor.accessTestCaseMainPhase(TestSuiteExecutor.java:129)
	at com.kms.katalon.core.main.TestSuiteExecutor.accessTestSuiteMainPhase(TestSuiteExecutor.java:112)
	at com.kms.katalon.core.main.TestSuiteExecutor.execute(TestSuiteExecutor.java:81)
	at com.kms.katalon.core.main.TestCaseMain.startTestSuite(TestCaseMain.java:142)
	at com.kms.katalon.core.main.TestCaseMain$startTestSuite$0.call(Unknown Source)
	at org.codehaus.groovy.runtime.callsite.CallSiteArray.defaultCall(CallSiteArray.java:48)
	at org.codehaus.groovy.runtime.callsite.AbstractCallSite.call(AbstractCallSite.java:113)
	at org.codehaus.groovy.runtime.callsite.AbstractCallSite.call(AbstractCallSite.java:141)
	at TempTestSuite1544497307528.run(TempTestSuite1544497307528.groovy:36)
	at groovy.lang.GroovyShell.runScriptOrMainOrTestOrRunnable(GroovyShell.java:263)
	at groovy.lang.GroovyShell.run(GroovyShell.java:518)
	at groovy.lang.GroovyShell.run(GroovyShell.java:507)
	at groovy.ui.GroovyMain.processOnce(GroovyMain.java:653)
	at groovy.ui.GroovyMain.run(GroovyMain.java:384)
	at groovy.ui.GroovyMain.process(GroovyMain.java:370)
	at groovy.ui.GroovyMain.processArgs(GroovyMain.java:129)
	at groovy.ui.GroovyMain.main(GroovyMain.java:109)
	at sun.reflect.NativeMethodAccessorImpl.invoke0(Native Method)
	at sun.reflect.NativeMethodAccessorImpl.invoke(NativeMethodAccessorImpl.java:62)
	at sun.reflect.DelegatingMethodAccessorImpl.invoke(DelegatingMethodAccessorImpl.java:43)
	at java.lang.reflect.Method.invoke(Method.java:498)
	at org.codehaus.groovy.tools.GroovyStarter.rootLoader(GroovyStarter.java:109)
	at org.codehaus.groovy.tools.GroovyStarter.main(GroovyStarter.java:131)
)

2018-12-11 15:06:21 - [TEST_STEP][PASSED] - callTestCase: Call Test Case 'Test Cases/Final Aug 2018 - PKS Automation/Registration Module/Workflow/New Registration/Template/Special Case - OTC - Form 1' successfully

2018-12-11 15:06:21 - [TEST_CASE][PASSED] - Test Cases/Final Aug 2018 - PKS Automation/Registration Module/Workflow/New Registration/Template/Special Case - OTC - Form 1: Test Cases/Final Aug 2018 - PKS Automation/Registration Module/Workflow/New Registration/Template/Special Case - OTC - Form 1

2018-12-11 15:06:21 - [TEST_STEP][PASSED] - openBrowser: Browser is opened with url: ''

2018-12-11 15:06:21 - [MESSAGE][WARNING] - A browser is already opened. Closing browser and opening a new one

2018-12-11 15:06:25 - [MESSAGE][PASSED] - Browser is opened with url: ''

2018-12-11 15:06:25 - [TEST_STEP][PASSED] - navigateToUrl: Navigate to 'https://assist2-uat.perkeso.gov.my/login' successfully

2018-12-11 15:06:26 - [MESSAGE][PASSED] - Navigate to 'https://assist2-uat.perkeso.gov.my/login' successfully

2018-12-11 15:06:26 - [TEST_STEP][PASSED] - delay: Delayed 2 second(s)

2018-12-11 15:06:28 - [MESSAGE][PASSED] - Delayed 2 second(s)

2018-12-11 15:06:28 - [TEST_STEP][PASSED] - setText: Text 'klotc2@gmail.com' is set on object 'Object Repository/Final Object Repo/Login Page/Internal User/Email Address'

2018-12-11 15:06:28 - [MESSAGE][PASSED] - Text 'klotc2@gmail.com' is set on object 'Object Repository/Final Object Repo/Login Page/Internal User/Email Address'

2018-12-11 15:06:28 - [TEST_STEP][PASSED] - click: Object: 'Object Repository/Final Object Repo/Login Page/Internal User/Next Button' is clicked on

2018-12-11 15:06:29 - [MESSAGE][PASSED] - Object: 'Object Repository/Final Object Repo/Login Page/Internal User/Next Button' is clicked on

2018-12-11 15:06:29 - [TEST_STEP][PASSED] - delay: Delayed 2 second(s)

2018-12-11 15:06:31 - [MESSAGE][PASSED] - Delayed 2 second(s)

2018-12-11 15:06:31 - [TEST_STEP][PASSED] - setText: Text 'Test1@3456789' is set on object 'Object Repository/Final Object Repo/Login Page/Internal User/Password'

2018-12-11 15:06:31 - [MESSAGE][PASSED] - Text 'Test1@3456789' is set on object 'Object Repository/Final Object Repo/Login Page/Internal User/Password'

2018-12-11 15:06:31 - [TEST_STEP][PASSED] - delay: Delayed 2 second(s)

2018-12-11 15:06:33 - [MESSAGE][PASSED] - Delayed 2 second(s)

2018-12-11 15:06:33 - [TEST_STEP][PASSED] - click: Object: 'Object Repository/Final Object Repo/Login Page/Internal User/Login Button' is clicked on

2018-12-11 15:06:33 - [MESSAGE][PASSED] - Object: 'Object Repository/Final Object Repo/Login Page/Internal User/Login Button' is clicked on

2018-12-11 15:06:33 - [TEST_STEP][PASSED] - Statement - Try: null

2018-12-11 15:06:33 - [TEST_STEP][PASSED] - Statement - Checker = com.kms.katalon.core.webui.keyword.WebUiBuiltInKeywords.verifyElementNotPresent("Final Object Repo/Landing Page/Select to English", 3): null

2018-12-11 15:06:33 - [TEST_STEP][PASSED] - Statement - Catch (Exception e): null

2018-12-11 15:06:33 - [TEST_STEP][PASSED] - Statement - e.printStackTrace(): null

2018-12-11 15:06:33 - [TEST_STEP][PASSED] - delay: Delayed 5 second(s)

2018-12-11 15:06:38 - [MESSAGE][PASSED] - Delayed 5 second(s)

2018-12-11 15:06:38 - [TEST_STEP][PASSED] - click: Object: 'Object Repository/Final Object Repo/Landing Page/My Sites Drop Down' is clicked on

2018-12-11 15:06:38 - [MESSAGE][PASSED] - Object: 'Object Repository/Final Object Repo/Landing Page/My Sites Drop Down' is clicked on

2018-12-11 15:06:38 - [TEST_STEP][PASSED] - click: Object: 'Object Repository/Final Object Repo/Landing Page/Select to Registration Module' is clicked on

2018-12-11 15:06:39 - [MESSAGE][PASSED] - Object: 'Object Repository/Final Object Repo/Landing Page/Select to Registration Module' is clicked on

2018-12-11 15:06:39 - [TEST_STEP][PASSED] - click: Object: 'Object Repository/Final Object Repo/Landing Page/Registration Button' is clicked on

2018-12-11 15:06:41 - [MESSAGE][PASSED] - Object: 'Object Repository/Final Object Repo/Landing Page/Registration Button' is clicked on

2018-12-11 15:06:41 - [TEST_STEP][PASSED] - delay: Delayed 2 second(s)

2018-12-11 15:06:43 - [MESSAGE][PASSED] - Delayed 2 second(s)

2018-12-11 15:06:43 - [TEST_STEP][PASSED] - click: Object: 'Object Repository/Final Object Repo/New Registration - Registration Module Pages/New Reg - OTC to RO/Special Case - OTC - Form 1/AEC NO' is clicked on

2018-12-11 15:06:43 - [MESSAGE][PASSED] - Object: 'Object Repository/Final Object Repo/New Registration - Registration Module Pages/New Reg - OTC to RO/Special Case - OTC - Form 1/AEC NO' is clicked on

2018-12-11 15:06:43 - [TEST_STEP][PASSED] - click: Object: 'Object Repository/Final Object Repo/New Registration - Registration Module Pages/New Reg - OTC to RO/Special Case - OTC - Form 1/Business Entity - Please Select' is clicked on

2018-12-11 15:06:43 - [MESSAGE][PASSED] - Object: 'Object Repository/Final Object Repo/New Registration - Registration Module Pages/New Reg - OTC to RO/Special Case - OTC - Form 1/Business Entity - Please Select' is clicked on

2018-12-11 15:06:43 - [TEST_STEP][PASSED] - click: Object: 'Object Repository/Final Object Repo/New Registration - Registration Module Pages/New Reg - OTC to RO/Special Case - OTC - Form 1/Selected - Corporation' is clicked on

2018-12-11 15:06:43 - [MESSAGE][PASSED] - Object: 'Object Repository/Final Object Repo/New Registration - Registration Module Pages/New Reg - OTC to RO/Special Case - OTC - Form 1/Selected - Corporation' is clicked on

2018-12-11 15:06:43 - [TEST_STEP][PASSED] - delay: Delayed 2 second(s)

2018-12-11 15:06:45 - [MESSAGE][PASSED] - Delayed 2 second(s)

2018-12-11 15:06:45 - [TEST_STEP][PASSED] - click: Object: 'Object Repository/Final Object Repo/New Registration - Registration Module Pages/New Reg - OTC to RO/Special Case - OTC - Form 1/Sub Business Entity - Please Select' is clicked on

2018-12-11 15:06:45 - [MESSAGE][PASSED] - Object: 'Object Repository/Final Object Repo/New Registration - Registration Module Pages/New Reg - OTC to RO/Special Case - OTC - Form 1/Sub Business Entity - Please Select' is clicked on

2018-12-11 15:06:45 - [TEST_STEP][PASSED] - delay: Delayed 2 second(s)

2018-12-11 15:06:47 - [MESSAGE][PASSED] - Delayed 2 second(s)

2018-12-11 15:06:47 - [TEST_STEP][PASSED] - click: Object: 'Object Repository/Final Object Repo/New Registration - Registration Module Pages/New Reg - OTC to RO/Special Case - OTC - Form 1/Selected - Sendirian Berhad' is clicked on

2018-12-11 15:06:48 - [MESSAGE][PASSED] - Object: 'Object Repository/Final Object Repo/New Registration - Registration Module Pages/New Reg - OTC to RO/Special Case - OTC - Form 1/Selected - Sendirian Berhad' is clicked on

2018-12-11 15:06:48 - [TEST_STEP][PASSED] - setText: Text 'AUTOMATE001' is set on object 'Object Repository/Final Object Repo/New Registration - Registration Module Pages/New Reg - OTC to RO/Special Case - OTC - Form 1/Input BRN Number'

2018-12-11 15:06:48 - [MESSAGE][PASSED] - Text 'AUTOMATE001' is set on object 'Object Repository/Final Object Repo/New Registration - Registration Module Pages/New Reg - OTC to RO/Special Case - OTC - Form 1/Input BRN Number'

2018-12-11 15:06:48 - [TEST_STEP][PASSED] - delay: Delayed 2 second(s)

2018-12-11 15:06:50 - [MESSAGE][PASSED] - Delayed 2 second(s)

2018-12-11 15:06:50 - [TEST_STEP][PASSED] - click: Object: 'Object Repository/Final Object Repo/New Registration - Registration Module Pages/New Reg - OTC to RO/Special Case - OTC - Form 1/BRN Search' is clicked on

2018-12-11 15:06:50 - [MESSAGE][PASSED] - Object: 'Object Repository/Final Object Repo/New Registration - Registration Module Pages/New Reg - OTC to RO/Special Case - OTC - Form 1/BRN Search' is clicked on

2018-12-11 15:06:50 - [TEST_STEP][PASSED] - delay: Delayed 4 second(s)

2018-12-11 15:06:54 - [MESSAGE][PASSED] - Delayed 4 second(s)

2018-12-11 15:06:54 - [TEST_STEP][PASSED] - click: Object: 'Object Repository/Final Object Repo/New Registration - Registration Module Pages/New Reg - OTC to RO/Special Case - OTC - Form 1/Registered with SSM - After Feb 2017' is clicked on

2018-12-11 15:07:00 - [MESSAGE][PASSED] - Object: 'Object Repository/Final Object Repo/New Registration - Registration Module Pages/New Reg - OTC to RO/Special Case - OTC - Form 1/Registered with SSM - After Feb 2017' is clicked on

2018-12-11 15:07:00 - [TEST_STEP][PASSED] - delay: Delayed 2 second(s)

2018-12-11 15:07:02 - [MESSAGE][PASSED] - Delayed 2 second(s)

2018-12-11 15:07:02 - [TEST_STEP][PASSED] - click: Object: 'Object Repository/Final Object Repo/New Registration - Registration Module Pages/New Reg - OTC to RO/Special Case - OTC - Form 1/Registering As A Branch - No' is clicked on

2018-12-11 15:07:02 - [MESSAGE][PASSED] - Object: 'Object Repository/Final Object Repo/New Registration - Registration Module Pages/New Reg - OTC to RO/Special Case - OTC - Form 1/Registering As A Branch - No' is clicked on

2018-12-11 15:07:02 - [TEST_STEP][PASSED] - click: Object: 'Object Repository/Final Object Repo/New Registration - Registration Module Pages/New Reg - OTC to RO/Special Case - OTC - Form 1/Acknowledgement Ticked' is clicked on

2018-12-11 15:07:03 - [MESSAGE][PASSED] - Object: 'Object Repository/Final Object Repo/New Registration - Registration Module Pages/New Reg - OTC to RO/Special Case - OTC - Form 1/Acknowledgement Ticked' is clicked on

2018-12-11 15:07:03 - [TEST_STEP][PASSED] - click: Object: 'Object Repository/Final Object Repo/New Registration - Registration Module Pages/New Reg - OTC to RO/Special Case - OTC - Form 1/Submit Button' is clicked on

2018-12-11 15:07:04 - [MESSAGE][PASSED] - Object: 'Object Repository/Final Object Repo/New Registration - Registration Module Pages/New Reg - OTC to RO/Special Case - OTC - Form 1/Submit Button' is clicked on

2018-12-11 15:07:04 - [TEST_STEP][PASSED] - delay: Delayed 2 second(s)

2018-12-11 15:07:06 - [MESSAGE][PASSED] - Delayed 2 second(s)

2018-12-11 15:07:06 - [TEST_STEP][PASSED] - click: Object: 'Object Repository/Final Object Repo/New Registration - Registration Module Pages/New Reg - OTC to RO/Special Case - OTC - Form 1/Confirm No Flagging as Branch' is clicked on

2018-12-11 15:07:07 - [MESSAGE][PASSED] - Object: 'Object Repository/Final Object Repo/New Registration - Registration Module Pages/New Reg - OTC to RO/Special Case - OTC - Form 1/Confirm No Flagging as Branch' is clicked on

2018-12-11 15:07:07 - [MESSAGE][PASSED] - Call Test Case 'Test Cases/Final Aug 2018 - PKS Automation/Registration Module/Workflow/New Registration/Template/Special Case - OTC - Form 1' successfully

2018-12-11 15:07:07 - [TEST_STEP][PASSED] - callTestCase: Call Test Case 'Test Cases/Final Aug 2018 - PKS Automation/Registration Module/New Registration/Form 2/Add 1 Eligible - Incomplete' successfully

2018-12-11 15:07:07 - [TEST_CASE][PASSED] - Test Cases/Final Aug 2018 - PKS Automation/Registration Module/New Registration/Form 2/Add 1 Eligible - Incomplete: Test Cases/Final Aug 2018 - PKS Automation/Registration Module/New Registration/Form 2/Add 1 Eligible - Incomplete

2018-12-11 15:07:07 - [TEST_STEP][PASSED] - delay: Delayed 2 second(s)

2018-12-11 15:07:09 - [MESSAGE][PASSED] - Delayed 2 second(s)

2018-12-11 15:07:09 - [TEST_STEP][PASSED] - callTestCase: Call Test Case 'Test Cases/Final Aug 2018 - PKS Automation/Registration Module/New Registration/Form 2/Date Updater' successfully

2018-12-11 15:07:09 - [TEST_CASE][PASSED] - Test Cases/Final Aug 2018 - PKS Automation/Registration Module/New Registration/Form 2/Date Updater: Test Cases/Final Aug 2018 - PKS Automation/Registration Module/New Registration/Form 2/Date Updater

2018-12-11 15:07:09 - [TEST_STEP][PASSED] - Statement - TodayDate = new java.util.Date(): null

2018-12-11 15:07:09 - [TEST_STEP][PASSED] - Statement - CurrentDateNoFilter = new java.text.SimpleDateFormat(): null

2018-12-11 15:07:09 - [TEST_STEP][PASSED] - Statement - CurrentDateNoFilter.applyPattern("MM"): null

2018-12-11 15:07:09 - [TEST_STEP][PASSED] - Statement - monthContainerMatcher = java.lang.Integer.parseInt(CurrentDateNoFilter.format(TodayDate)): null

2018-12-11 15:07:09 - [TEST_STEP][PASSED] - Statement - monthContainerMatcher = monthContainerMatcher - 1: null

2018-12-11 15:07:09 - [TEST_STEP][PASSED] - Statement - CurrentMonth = monthContainerMatcher.toString(): null

2018-12-11 15:07:09 - [TEST_STEP][PASSED] - Statement - CurrentMonth = CurrentMonth: null

2018-12-11 15:07:09 - [TEST_STEP][PASSED] - Statement - CurrentDateNoFilter.applyPattern("yyyy"): null

2018-12-11 15:07:09 - [TEST_STEP][PASSED] - Statement - CurrentYear = CurrentDateNoFilter.format(TodayDate): null

2018-12-11 15:07:09 - [TEST_STEP][PASSED] - Statement - CurrentYear = CurrentYear: null

2018-12-11 15:07:09 - [TEST_STEP][PASSED] - Statement - intCurrentYear = java.lang.Integer.parseInt(CurrentDateNoFilter.format(TodayDate)): null

2018-12-11 15:07:09 - [TEST_STEP][PASSED] - Statement - eighteenYrsAgo = intCurrentYear - 18: null

2018-12-11 15:07:09 - [TEST_STEP][PASSED] - Statement - eighteenYrsBeforeThisYr = eighteenYrsAgo.toString(): null

2018-12-11 15:07:09 - [TEST_STEP][PASSED] - Statement - EighteenYrsBefore = eighteenYrsBeforeThisYr: null

2018-12-11 15:07:09 - [TEST_STEP][PASSED] - Statement - fiftysevenYrsAgo = intCurrentYear - 57: null

2018-12-11 15:07:09 - [TEST_STEP][PASSED] - Statement - fiftysevenYrsBeforeThisYr = fiftysevenYrsAgo.toString(): null

2018-12-11 15:07:09 - [TEST_STEP][PASSED] - Statement - FiftysevenYrsBefore = fiftysevenYrsBeforeThisYr: null

2018-12-11 15:07:09 - [TEST_STEP][PASSED] - Statement - leapYear = false: null

2018-12-11 15:07:09 - [TEST_STEP][PASSED] - Statement - leapYear = intCurrentYear % 4 == 0: null

2018-12-11 15:07:09 - [TEST_STEP][PASSED] - Statement - CurrentDateNoFilter.applyPattern("dd"): null

2018-12-11 15:07:09 - [TEST_STEP][PASSED] - Statement - CurrentDate = CurrentDateNoFilter.format(TodayDate): null

2018-12-11 15:07:09 - [TEST_STEP][PASSED] - Statement - CurrentDate = java.lang.Integer.parseInt(CurrentDate): null

2018-12-11 15:07:09 - [TEST_STEP][PASSED] - Statement - CurrentDate = CurrentDate: null

2018-12-11 15:07:09 - [TEST_STEP][PASSED] - Statement - CurrentDay = java.lang.Integer.parseInt(CurrentDate): null

2018-12-11 15:07:09 - [TEST_STEP][PASSED] - Statement - ConfAdder = <not implemented yet for class: org.codehaus.groovy.ast.expr.EmptyExpression>: null

2018-12-11 15:07:09 - [TEST_STEP][PASSED] - Statement - out.println(CurrentMonth): null

2018-12-11 15:07:09 - [TEST_STEP][PASSED] - Statement - out.println(CurrentDate): null

2018-12-11 15:07:09 - [TEST_STEP][PASSED] - Statement - switch (CurrentDate): null

2018-12-11 15:07:09 - [TEST_STEP][PASSED] - Statement - Default: null

2018-12-11 15:07:09 - [TEST_STEP][PASSED] - Statement - ConfAdder = true: null

2018-12-11 15:07:09 - [TEST_STEP][PASSED] - Statement - Break: null

2018-12-11 15:07:09 - [TEST_STEP][PASSED] - Statement - aDayBefore = <not implemented yet for class: org.codehaus.groovy.ast.expr.EmptyExpression>: null

2018-12-11 15:07:09 - [TEST_STEP][PASSED] - Statement - out.println(ConfAdder): null

2018-12-11 15:07:09 - [TEST_STEP][PASSED] - Statement - If (ConfAdder == true): null

2018-12-11 15:07:09 - [TEST_STEP][PASSED] - Statement - aDayBefore = CurrentDay + 1: null

2018-12-11 15:07:09 - [TEST_STEP][PASSED] - Statement - out.println(aDayBefore): null

2018-12-11 15:07:09 - [TEST_STEP][PASSED] - Statement - If (aDayBefore == 1 && CurrentMonth == 11): null

2018-12-11 15:07:09 - [TEST_STEP][PASSED] - Statement - DayBefore = aDayBefore.toString(): null

2018-12-11 15:07:09 - [TEST_STEP][PASSED] - Statement - OneDayBefore = DayBefore: null

2018-12-11 15:07:09 - [MESSAGE][PASSED] - Call Test Case 'Test Cases/Final Aug 2018 - PKS Automation/Registration Module/New Registration/Form 2/Date Updater' successfully

2018-12-11 15:07:09 - [TEST_STEP][PASSED] - Statement - CaseReferenceNo = com.kms.katalon.core.webui.keyword.WebUiBuiltInKeywords.getText(com.kms.katalon.core.testobject.ObjectRepository.findTestObject(Final Object Repo/New Registration - Registration Module Pages/Form 2/RefNo Acquiring)): Text of object 'Object Repository/Final Object Repo/New Registration - Registration Module Pages/Form 2/RefNo Acquiring' is: 'CRN12201800123178'

2018-12-11 15:07:10 - [MESSAGE][PASSED] - Text of object 'Object Repository/Final Object Repo/New Registration - Registration Module Pages/Form 2/RefNo Acquiring' is: 'CRN12201800123178'

2018-12-11 15:07:10 - [TEST_STEP][PASSED] - delay: Delayed 4 second(s)

2018-12-11 15:07:14 - [MESSAGE][PASSED] - Delayed 4 second(s)

2018-12-11 15:07:14 - [TEST_STEP][PASSED] - click: Object: 'Object Repository/Final Object Repo/New Registration - Registration Module Pages/Form 2/Add Employee Button' is clicked on

2018-12-11 15:07:14 - [MESSAGE][PASSED] - Object: 'Object Repository/Final Object Repo/New Registration - Registration Module Pages/Form 2/Add Employee Button' is clicked on

2018-12-11 15:07:14 - [TEST_STEP][PASSED] - delay: Delayed 1 second(s)

2018-12-11 15:07:15 - [MESSAGE][PASSED] - Delayed 1 second(s)

2018-12-11 15:07:15 - [TEST_STEP][PASSED] - setText: Text '010903091984' is set on object 'Object Repository/Final Object Repo/New Registration - Registration Module Pages/Form 2/NRIC Input'

2018-12-11 15:07:20 - [MESSAGE][PASSED] - Text '010903091984' is set on object 'Object Repository/Final Object Repo/New Registration - Registration Module Pages/Form 2/NRIC Input'

2018-12-11 15:07:20 - [TEST_STEP][PASSED] - click: Object: 'Object Repository/Final Object Repo/New Registration - Registration Module Pages/Form 2/button for search for IC' is clicked on

2018-12-11 15:07:20 - [MESSAGE][PASSED] - Object: 'Object Repository/Final Object Repo/New Registration - Registration Module Pages/Form 2/button for search for IC' is clicked on

2018-12-11 15:07:20 - [TEST_STEP][PASSED] - delay: Delayed 2 second(s)

2018-12-11 15:07:22 - [MESSAGE][PASSED] - Delayed 2 second(s)

2018-12-11 15:07:22 - [TEST_STEP][PASSED] - setText: Text 'Automate001 eligible 1' is set on object 'Object Repository/Final Object Repo/New Registration - Registration Module Pages/Form 2/Employee Name Input'

2018-12-11 15:07:23 - [MESSAGE][PASSED] - Text 'Automate001 eligible 1' is set on object 'Object Repository/Final Object Repo/New Registration - Registration Module Pages/Form 2/Employee Name Input'

2018-12-11 15:07:23 - [TEST_STEP][PASSED] - delay: Delayed 2 second(s)

2018-12-11 15:07:25 - [MESSAGE][PASSED] - Delayed 2 second(s)

2018-12-11 15:07:25 - [TEST_STEP][PASSED] - click: Object: 'Object Repository/Final Object Repo/New Registration - Registration Module Pages/Form 2/DatePicker Pop Up' is clicked on

2018-12-11 15:07:25 - [MESSAGE][PASSED] - Object: 'Object Repository/Final Object Repo/New Registration - Registration Module Pages/Form 2/DatePicker Pop Up' is clicked on

2018-12-11 15:07:25 - [TEST_STEP][PASSED] - click: Object: 'Object Repository/Final Object Repo/New Registration - Registration Module Pages/Form 2/DOB Month' is clicked on

2018-12-11 15:07:27 - [MESSAGE][PASSED] - Object: 'Object Repository/Final Object Repo/New Registration - Registration Module Pages/Form 2/DOB Month' is clicked on

2018-12-11 15:07:27 - [TEST_STEP][PASSED] - Statement - CurrentMonth = CurrentMonth: null

2018-12-11 15:07:27 - [TEST_STEP][PASSED] - Statement - selectMonth = new com.kms.katalon.core.testobject.TestObject(): null

2018-12-11 15:07:27 - [TEST_STEP][PASSED] - Statement - selectMonth.addProperty("xpath", EQUALS, "//body/div/div/div/select/option[@value='" + CurrentMonth + "']", true): null

2018-12-11 15:07:27 - [TEST_STEP][PASSED] - click: Object: '' is clicked on

2018-12-11 15:07:27 - [MESSAGE][PASSED] - Object: '' is clicked on

2018-12-11 15:07:27 - [TEST_STEP][PASSED] - click: Object: 'Object Repository/Final Object Repo/New Registration - Registration Module Pages/Form 2/DOB Year' is clicked on

2018-12-11 15:07:27 - [MESSAGE][PASSED] - Object: 'Object Repository/Final Object Repo/New Registration - Registration Module Pages/Form 2/DOB Year' is clicked on

2018-12-11 15:07:27 - [TEST_STEP][PASSED] - Statement - Eyearsbf = EighteenYrsBefore: null

2018-12-11 15:07:27 - [TEST_STEP][PASSED] - Statement - selectYear = new com.kms.katalon.core.testobject.TestObject(): null

2018-12-11 15:07:27 - [TEST_STEP][PASSED] - Statement - selectYear.addProperty("xpath", EQUALS, "//div/div/div/select/option[@value='" + Eyearsbf + "']", true): null

2018-12-11 15:07:27 - [TEST_STEP][PASSED] - click: Object: '' is clicked on

2018-12-11 15:07:27 - [MESSAGE][PASSED] - Object: '' is clicked on

2018-12-11 15:07:27 - [TEST_STEP][PASSED] - Statement - UpdatedSelectDate = com.kms.katalon.core.webui.keyword.WebUiBuiltInKeywords.modifyObjectProperty(com.kms.katalon.core.testobject.ObjectRepository.findTestObject(Final Object Repo/New Registration - Registration Module Pages/Form 2/DOB Date), "xpath", "equals", "//body/div/table/tbody/tr/td/a[text()="" + CurrentDate + ""]", true): Modify property of object successfully

2018-12-11 15:07:27 - [MESSAGE][PASSED] - Modify property of object successfully

2018-12-11 15:07:27 - [TEST_STEP][PASSED] - delay: Delayed 3 second(s)

2018-12-11 15:07:30 - [MESSAGE][PASSED] - Delayed 3 second(s)

2018-12-11 15:07:30 - [TEST_STEP][PASSED] - click: Object: 'Object Repository/Final Object Repo/New Registration - Registration Module Pages/Form 2/DOB Date' is clicked on

2018-12-11 15:07:30 - [MESSAGE][PASSED] - Object: 'Object Repository/Final Object Repo/New Registration - Registration Module Pages/Form 2/DOB Date' is clicked on

2018-12-11 15:07:30 - [TEST_STEP][PASSED] - delay: Delayed 2 second(s)

2018-12-11 15:07:32 - [MESSAGE][PASSED] - Delayed 2 second(s)

2018-12-11 15:07:32 - [TEST_STEP][PASSED] - click: Object: 'Object Repository/Final Object Repo/New Registration - Registration Module Pages/Form 2/EmploymentStartDate Pop Up' is clicked on

2018-12-11 15:07:32 - [MESSAGE][PASSED] - Object: 'Object Repository/Final Object Repo/New Registration - Registration Module Pages/Form 2/EmploymentStartDate Pop Up' is clicked on

2018-12-11 15:07:32 - [TEST_STEP][PASSED] - delay: Delayed 2 second(s)

2018-12-11 15:07:34 - [MESSAGE][PASSED] - Delayed 2 second(s)

2018-12-11 15:07:34 - [TEST_STEP][PASSED] - click: Object: 'Object Repository/Final Object Repo/New Registration - Registration Module Pages/Form 2/Socso Employment StartDate Month' is clicked on

2018-12-11 15:07:35 - [MESSAGE][PASSED] - Object: 'Object Repository/Final Object Repo/New Registration - Registration Module Pages/Form 2/Socso Employment StartDate Month' is clicked on

2018-12-11 15:07:35 - [TEST_STEP][PASSED] - delay: Delayed 1 second(s)

2018-12-11 15:07:36 - [MESSAGE][PASSED] - Delayed 1 second(s)

2018-12-11 15:07:36 - [TEST_STEP][PASSED] - click: Object: 'Object Repository/Final Object Repo/New Registration - Registration Module Pages/Form 2/Select Socso Employement Startdate Month' is clicked on

2018-12-11 15:07:36 - [MESSAGE][PASSED] - Object: 'Object Repository/Final Object Repo/New Registration - Registration Module Pages/Form 2/Select Socso Employement Startdate Month' is clicked on

2018-12-11 15:07:36 - [TEST_STEP][PASSED] - delay: Delayed 2 second(s)

2018-12-11 15:07:38 - [MESSAGE][PASSED] - Delayed 2 second(s)

2018-12-11 15:07:38 - [TEST_STEP][PASSED] - click: Object: 'Object Repository/Final Object Repo/New Registration - Registration Module Pages/Form 2/Socso Employment StartDate Year' is clicked on

2018-12-11 15:07:38 - [MESSAGE][PASSED] - Object: 'Object Repository/Final Object Repo/New Registration - Registration Module Pages/Form 2/Socso Employment StartDate Year' is clicked on

2018-12-11 15:07:38 - [TEST_STEP][PASSED] - delay: Delayed 1 second(s)

2018-12-11 15:07:39 - [MESSAGE][PASSED] - Delayed 1 second(s)

2018-12-11 15:07:39 - [TEST_STEP][PASSED] - click: Object: 'Object Repository/Final Object Repo/New Registration - Registration Module Pages/Form 2/Select Socso Employment Startdate Year' is clicked on

2018-12-11 15:07:39 - [MESSAGE][PASSED] - Object: 'Object Repository/Final Object Repo/New Registration - Registration Module Pages/Form 2/Select Socso Employment Startdate Year' is clicked on

2018-12-11 15:07:39 - [TEST_STEP][PASSED] - delay: Delayed 2 second(s)

2018-12-11 15:07:41 - [MESSAGE][PASSED] - Delayed 2 second(s)

2018-12-11 15:07:41 - [TEST_STEP][PASSED] - click: Object: 'Object Repository/Final Object Repo/New Registration - Registration Module Pages/Form 2/Socso Employment Start Date Day' is clicked on

2018-12-11 15:07:41 - [MESSAGE][PASSED] - Object: 'Object Repository/Final Object Repo/New Registration - Registration Module Pages/Form 2/Socso Employment Start Date Day' is clicked on

2018-12-11 15:07:41 - [TEST_STEP][PASSED] - delay: Delayed 2 second(s)

2018-12-11 15:07:43 - [MESSAGE][PASSED] - Delayed 2 second(s)

2018-12-11 15:07:43 - [TEST_STEP][PASSED] - click: Object: 'Object Repository/Final Object Repo/New Registration - Registration Module Pages/Form 2/Save Button for Add Employee' is clicked on

2018-12-11 15:07:43 - [MESSAGE][PASSED] - Object: 'Object Repository/Final Object Repo/New Registration - Registration Module Pages/Form 2/Save Button for Add Employee' is clicked on

2018-12-11 15:07:43 - [TEST_STEP][PASSED] - delay: Delayed 6 second(s)

2018-12-11 15:07:49 - [MESSAGE][PASSED] - Delayed 6 second(s)

2018-12-11 15:07:49 - [TEST_STEP][PASSED] - click: Object: 'Object Repository/Final Object Repo/New Registration - Registration Module Pages/Form 2/Incomplete Checkbox' is clicked on

2018-12-11 15:07:50 - [MESSAGE][PASSED] - Object: 'Object Repository/Final Object Repo/New Registration - Registration Module Pages/Form 2/Incomplete Checkbox' is clicked on

2018-12-11 15:07:50 - [TEST_STEP][PASSED] - delay: Delayed 2 second(s)

2018-12-11 15:07:52 - [MESSAGE][PASSED] - Delayed 2 second(s)

2018-12-11 15:07:52 - [TEST_STEP][PASSED] - click: Object: 'Object Repository/Final Object Repo/New Registration - Registration Module Pages/Form 2/Save and Continue Form 2' is clicked on

2018-12-11 15:07:54 - [MESSAGE][PASSED] - Object: 'Object Repository/Final Object Repo/New Registration - Registration Module Pages/Form 2/Save and Continue Form 2' is clicked on

2018-12-11 15:07:54 - [MESSAGE][PASSED] - Call Test Case 'Test Cases/Final Aug 2018 - PKS Automation/Registration Module/New Registration/Form 2/Add 1 Eligible - Incomplete' successfully

2018-12-11 15:07:54 - [TEST_STEP][PASSED] - callTestCase: Call Test Case 'Test Cases/Final Aug 2018 - PKS Automation/Registration Module/New Registration/Flow of New Registration/Third Screen - Upload Supporting Doc - Preview' successfully

2018-12-11 15:07:54 - [TEST_CASE][PASSED] - Test Cases/Final Aug 2018 - PKS Automation/Registration Module/New Registration/Flow of New Registration/Third Screen - Upload Supporting Doc - Preview: Test Cases/Final Aug 2018 - PKS Automation/Registration Module/New Registration/Flow of New Registration/Third Screen - Upload Supporting Doc - Preview

2018-12-11 15:07:54 - [TEST_STEP][PASSED] - waitForPageLoad: Wait for page load successfully

2018-12-11 15:07:56 - [MESSAGE][PASSED] - Wait for page load successfully

2018-12-11 15:07:56 - [TEST_STEP][PASSED] - Statement - CaseReferenceNo = com.kms.katalon.core.webui.keyword.WebUiBuiltInKeywords.getText(com.kms.katalon.core.testobject.ObjectRepository.findTestObject(Final Object Repo/New Registration - Registration Module Pages/Third Screen - Upload Supporting Doc- Preview/RefNo Acquiring)): Text of object 'Object Repository/Final Object Repo/New Registration - Registration Module Pages/Third Screen - Upload Supporting Doc- Preview/RefNo Acquiring' is: 'CRN12201800123178'

2018-12-11 15:07:56 - [MESSAGE][PASSED] - Text of object 'Object Repository/Final Object Repo/New Registration - Registration Module Pages/Third Screen - Upload Supporting Doc- Preview/RefNo Acquiring' is: 'CRN12201800123178'

2018-12-11 15:07:56 - [TEST_STEP][PASSED] - delay: Delayed 2 second(s)

2018-12-11 15:07:58 - [MESSAGE][PASSED] - Delayed 2 second(s)

2018-12-11 15:07:58 - [TEST_STEP][PASSED] - callTestCase: Call Test Case 'Test Cases/Final Aug 2018 - PKS Automation/Common/Reference Number Setter' successfully

2018-12-11 15:07:58 - [TEST_CASE][PASSED] - Test Cases/Final Aug 2018 - PKS Automation/Common/Reference Number Setter: Test Cases/Final Aug 2018 - PKS Automation/Common/Reference Number Setter

2018-12-11 15:07:58 - [TEST_STEP][PASSED] - Statement - RefNoOldFile = new java.io.File(C://Users//Admin//Desktop//PKS//Automation Reference Point//KatalonReference.txt): null

2018-12-11 15:07:58 - [TEST_STEP][PASSED] - Statement - RefNoOldFile.delete(): null

2018-12-11 15:07:58 - [TEST_STEP][PASSED] - delay: Delayed 5 second(s)

2018-12-11 15:08:03 - [MESSAGE][PASSED] - Delayed 5 second(s)

2018-12-11 15:08:03 - [TEST_STEP][PASSED] - Statement - RefNo = new java.io.File(C://Users//Admin//Desktop//PKS//Automation Reference Point//KatalonReference.txt): null

2018-12-11 15:08:03 - [TEST_STEP][PASSED] - Statement - f2 = new java.io.FileWriter(RefNo, false): null

2018-12-11 15:08:03 - [TEST_STEP][PASSED] - Statement - f2.write(CaseReferenceNo): null

2018-12-11 15:08:03 - [TEST_STEP][PASSED] - Statement - f2.close(): null

2018-12-11 15:08:03 - [TEST_STEP][PASSED] - Statement - out.println("


" + CaseReferenceNo + "


"): null

2018-12-11 15:08:03 - [MESSAGE][PASSED] - Call Test Case 'Test Cases/Final Aug 2018 - PKS Automation/Common/Reference Number Setter' successfully

2018-12-11 15:08:03 - [TEST_STEP][PASSED] - waitForElementClickable: Object 'Object Repository/Final Object Repo/New Registration - Registration Module Pages/Third Screen - Upload Supporting Doc- Preview/Save n Continue in SIP Employee Listing Page' is clickable

2018-12-11 15:08:03 - [MESSAGE][PASSED] - Object 'Object Repository/Final Object Repo/New Registration - Registration Module Pages/Third Screen - Upload Supporting Doc- Preview/Save n Continue in SIP Employee Listing Page' is clickable

2018-12-11 15:08:03 - [TEST_STEP][PASSED] - click: Object: 'Object Repository/Final Object Repo/New Registration - Registration Module Pages/Third Screen - Upload Supporting Doc- Preview/Save n Continue in SIP Employee Listing Page' is clicked on

2018-12-11 15:08:09 - [MESSAGE][PASSED] - Object: 'Object Repository/Final Object Repo/New Registration - Registration Module Pages/Third Screen - Upload Supporting Doc- Preview/Save n Continue in SIP Employee Listing Page' is clicked on

2018-12-11 15:08:09 - [TEST_STEP][PASSED] - delay: Delayed 7 second(s)

2018-12-11 15:08:16 - [MESSAGE][PASSED] - Delayed 7 second(s)

2018-12-11 15:08:16 - [TEST_STEP][PASSED] - click: Object: 'Object Repository/Final Object Repo/New Registration - Registration Module Pages/Third Screen - Upload Supporting Doc- Preview/Add Document Button' is clicked on

2018-12-11 15:08:16 - [MESSAGE][PASSED] - Object: 'Object Repository/Final Object Repo/New Registration - Registration Module Pages/Third Screen - Upload Supporting Doc- Preview/Add Document Button' is clicked on

2018-12-11 15:08:16 - [TEST_STEP][PASSED] - delay: Delayed 30 second(s)

2018-12-11 15:08:46 - [MESSAGE][PASSED] - Delayed 30 second(s)

2018-12-11 15:08:46 - [TEST_STEP][PASSED] - click: Object: 'Object Repository/Final Object Repo/New Registration - Registration Module Pages/Third Screen - Upload Supporting Doc- Preview/Supporting Doc Please Select Drop Down' is clicked on

2018-12-11 15:08:46 - [MESSAGE][PASSED] - Object: 'Object Repository/Final Object Repo/New Registration - Registration Module Pages/Third Screen - Upload Supporting Doc- Preview/Supporting Doc Please Select Drop Down' is clicked on

2018-12-11 15:08:46 - [TEST_STEP][PASSED] - delay: Delayed 2 second(s)

2018-12-11 15:08:48 - [MESSAGE][PASSED] - Delayed 2 second(s)

2018-12-11 15:08:48 - [TEST_STEP][PASSED] - click: Object: 'Object Repository/Final Object Repo/New Registration - Registration Module Pages/Third Screen - Upload Supporting Doc- Preview/Select to Upload Form 1' is clicked on

2018-12-11 15:08:48 - [MESSAGE][PASSED] - Object: 'Object Repository/Final Object Repo/New Registration - Registration Module Pages/Third Screen - Upload Supporting Doc- Preview/Select to Upload Form 1' is clicked on

2018-12-11 15:08:48 - [TEST_STEP][PASSED] - delay: Delayed 2 second(s)

2018-12-11 15:08:50 - [MESSAGE][PASSED] - Delayed 2 second(s)

2018-12-11 15:08:50 - [TEST_STEP][PASSED] - uploadFile: File 'C:\Users\Public\Pictures\Sample Pictures\Koala.jpg' sent to object: 'Object Repository/Final Object Repo/New Registration - Registration Module Pages/Third Screen - Upload Supporting Doc- Preview/Upload File Adding'

2018-12-11 15:08:50 - [MESSAGE][PASSED] - File 'C:\Users\Public\Pictures\Sample Pictures\Koala.jpg' sent to object: 'Object Repository/Final Object Repo/New Registration - Registration Module Pages/Third Screen - Upload Supporting Doc- Preview/Upload File Adding'

2018-12-11 15:08:50 - [TEST_STEP][PASSED] - delay: Delayed 5 second(s)

2018-12-11 15:08:55 - [MESSAGE][PASSED] - Delayed 5 second(s)

2018-12-11 15:08:55 - [TEST_STEP][PASSED] - click: Object: 'Object Repository/Final Object Repo/New Registration - Registration Module Pages/Third Screen - Upload Supporting Doc- Preview/Inner Form Add Document Button' is clicked on

2018-12-11 15:08:56 - [MESSAGE][PASSED] - Object: 'Object Repository/Final Object Repo/New Registration - Registration Module Pages/Third Screen - Upload Supporting Doc- Preview/Inner Form Add Document Button' is clicked on

2018-12-11 15:08:56 - [TEST_STEP][PASSED] - delay: Delayed 3 second(s)

2018-12-11 15:08:59 - [MESSAGE][PASSED] - Delayed 3 second(s)

2018-12-11 15:08:59 - [TEST_STEP][PASSED] - click: Object: 'Object Repository/Final Object Repo/New Registration - Registration Module Pages/Third Screen - Upload Supporting Doc- Preview/Add Document Button' is clicked on

2018-12-11 15:09:00 - [MESSAGE][PASSED] - Object: 'Object Repository/Final Object Repo/New Registration - Registration Module Pages/Third Screen - Upload Supporting Doc- Preview/Add Document Button' is clicked on

2018-12-11 15:09:00 - [TEST_STEP][PASSED] - delay: Delayed 30 second(s)

2018-12-11 15:09:30 - [MESSAGE][PASSED] - Delayed 30 second(s)

2018-12-11 15:09:30 - [TEST_STEP][PASSED] - click: Object: 'Object Repository/Final Object Repo/New Registration - Registration Module Pages/Third Screen - Upload Supporting Doc- Preview/Supporting Doc Please Select Drop Down' is clicked on

2018-12-11 15:09:30 - [MESSAGE][PASSED] - Object: 'Object Repository/Final Object Repo/New Registration - Registration Module Pages/Third Screen - Upload Supporting Doc- Preview/Supporting Doc Please Select Drop Down' is clicked on

2018-12-11 15:09:30 - [TEST_STEP][PASSED] - delay: Delayed 4 second(s)

2018-12-11 15:09:34 - [MESSAGE][PASSED] - Delayed 4 second(s)

2018-12-11 15:09:34 - [TEST_STEP][PASSED] - click: Object: 'Object Repository/Final Object Repo/New Registration - Registration Module Pages/Third Screen - Upload Supporting Doc- Preview/Select to Upload Form 2' is clicked on

2018-12-11 15:09:34 - [MESSAGE][PASSED] - Object: 'Object Repository/Final Object Repo/New Registration - Registration Module Pages/Third Screen - Upload Supporting Doc- Preview/Select to Upload Form 2' is clicked on

2018-12-11 15:09:34 - [TEST_STEP][PASSED] - delay: Delayed 2 second(s)

2018-12-11 15:09:36 - [MESSAGE][PASSED] - Delayed 2 second(s)

2018-12-11 15:09:36 - [TEST_STEP][PASSED] - uploadFile: File 'C:\Users\Public\Pictures\Sample Pictures\Koala.jpg' sent to object: 'Object Repository/Final Object Repo/New Registration - Registration Module Pages/Third Screen - Upload Supporting Doc- Preview/Upload File Adding'

2018-12-11 15:09:37 - [MESSAGE][PASSED] - File 'C:\Users\Public\Pictures\Sample Pictures\Koala.jpg' sent to object: 'Object Repository/Final Object Repo/New Registration - Registration Module Pages/Third Screen - Upload Supporting Doc- Preview/Upload File Adding'

2018-12-11 15:09:37 - [TEST_STEP][PASSED] - click: Object: 'Object Repository/Final Object Repo/New Registration - Registration Module Pages/Third Screen - Upload Supporting Doc- Preview/Inner Form Add Document Button' is clicked on

2018-12-11 15:09:37 - [MESSAGE][PASSED] - Object: 'Object Repository/Final Object Repo/New Registration - Registration Module Pages/Third Screen - Upload Supporting Doc- Preview/Inner Form Add Document Button' is clicked on

2018-12-11 15:09:37 - [TEST_STEP][PASSED] - delay: Delayed 5 second(s)

2018-12-11 15:09:42 - [MESSAGE][PASSED] - Delayed 5 second(s)

2018-12-11 15:09:42 - [TEST_STEP][PASSED] - click: Object: 'Object Repository/Final Object Repo/New Registration - Registration Module Pages/Third Screen - Upload Supporting Doc- Preview/Add Document Button' is clicked on

2018-12-11 15:09:42 - [MESSAGE][PASSED] - Object: 'Object Repository/Final Object Repo/New Registration - Registration Module Pages/Third Screen - Upload Supporting Doc- Preview/Add Document Button' is clicked on

2018-12-11 15:09:42 - [TEST_STEP][PASSED] - delay: Delayed 30 second(s)

2018-12-11 15:10:12 - [MESSAGE][PASSED] - Delayed 30 second(s)

2018-12-11 15:10:12 - [TEST_STEP][PASSED] - click: Object: 'Object Repository/Final Object Repo/New Registration - Registration Module Pages/Third Screen - Upload Supporting Doc- Preview/Supporting Doc Please Select Drop Down' is clicked on

2018-12-11 15:10:12 - [MESSAGE][PASSED] - Object: 'Object Repository/Final Object Repo/New Registration - Registration Module Pages/Third Screen - Upload Supporting Doc- Preview/Supporting Doc Please Select Drop Down' is clicked on

2018-12-11 15:10:12 - [TEST_STEP][PASSED] - click: Object: 'Object Repository/Final Object Repo/New Registration - Registration Module Pages/Third Screen - Upload Supporting Doc- Preview/Select to Upload Borang SIP 1' is clicked on

2018-12-11 15:10:12 - [MESSAGE][PASSED] - Object: 'Object Repository/Final Object Repo/New Registration - Registration Module Pages/Third Screen - Upload Supporting Doc- Preview/Select to Upload Borang SIP 1' is clicked on

2018-12-11 15:10:12 - [TEST_STEP][PASSED] - delay: Delayed 2 second(s)

2018-12-11 15:10:14 - [MESSAGE][PASSED] - Delayed 2 second(s)

2018-12-11 15:10:14 - [TEST_STEP][PASSED] - uploadFile: File 'C:\Users\Public\Pictures\Sample Pictures\Koala.jpg' sent to object: 'Object Repository/Final Object Repo/New Registration - Registration Module Pages/Third Screen - Upload Supporting Doc- Preview/Upload File Adding'

2018-12-11 15:10:14 - [MESSAGE][PASSED] - File 'C:\Users\Public\Pictures\Sample Pictures\Koala.jpg' sent to object: 'Object Repository/Final Object Repo/New Registration - Registration Module Pages/Third Screen - Upload Supporting Doc- Preview/Upload File Adding'

2018-12-11 15:10:14 - [TEST_STEP][PASSED] - click: Object: 'Object Repository/Final Object Repo/New Registration - Registration Module Pages/Third Screen - Upload Supporting Doc- Preview/Inner Form Add Document Button' is clicked on

2018-12-11 15:10:15 - [MESSAGE][PASSED] - Object: 'Object Repository/Final Object Repo/New Registration - Registration Module Pages/Third Screen - Upload Supporting Doc- Preview/Inner Form Add Document Button' is clicked on

2018-12-11 15:10:15 - [TEST_STEP][PASSED] - delay: Delayed 5 second(s)

2018-12-11 15:10:20 - [MESSAGE][PASSED] - Delayed 5 second(s)

2018-12-11 15:10:20 - [TEST_STEP][PASSED] - click: Object: 'Object Repository/Final Object Repo/New Registration - Registration Module Pages/Third Screen - Upload Supporting Doc- Preview/Add Document Button' is clicked on

2018-12-11 15:10:20 - [MESSAGE][PASSED] - Object: 'Object Repository/Final Object Repo/New Registration - Registration Module Pages/Third Screen - Upload Supporting Doc- Preview/Add Document Button' is clicked on

2018-12-11 15:10:20 - [TEST_STEP][PASSED] - delay: Delayed 30 second(s)

2018-12-11 15:10:50 - [MESSAGE][PASSED] - Delayed 30 second(s)

2018-12-11 15:10:50 - [TEST_STEP][PASSED] - click: Object: 'Object Repository/Final Object Repo/New Registration - Registration Module Pages/Third Screen - Upload Supporting Doc- Preview/Supporting Doc Please Select Drop Down' is clicked on

2018-12-11 15:10:50 - [MESSAGE][PASSED] - Object: 'Object Repository/Final Object Repo/New Registration - Registration Module Pages/Third Screen - Upload Supporting Doc- Preview/Supporting Doc Please Select Drop Down' is clicked on

2018-12-11 15:10:50 - [TEST_STEP][PASSED] - delay: Delayed 3 second(s)

2018-12-11 15:10:53 - [MESSAGE][PASSED] - Delayed 3 second(s)

2018-12-11 15:10:53 - [TEST_STEP][PASSED] - click: Object: 'Object Repository/Final Object Repo/New Registration - Registration Module Pages/Third Screen - Upload Supporting Doc- Preview/Select to Upload Borang SIP 2' is clicked on

2018-12-11 15:10:53 - [MESSAGE][PASSED] - Object: 'Object Repository/Final Object Repo/New Registration - Registration Module Pages/Third Screen - Upload Supporting Doc- Preview/Select to Upload Borang SIP 2' is clicked on

2018-12-11 15:10:53 - [TEST_STEP][PASSED] - delay: Delayed 2 second(s)

2018-12-11 15:10:55 - [MESSAGE][PASSED] - Delayed 2 second(s)

2018-12-11 15:10:55 - [TEST_STEP][PASSED] - uploadFile: File 'C:\Users\Public\Pictures\Sample Pictures\Koala.jpg' sent to object: 'Object Repository/Final Object Repo/New Registration - Registration Module Pages/Third Screen - Upload Supporting Doc- Preview/Upload File Adding'

2018-12-11 15:10:55 - [MESSAGE][PASSED] - File 'C:\Users\Public\Pictures\Sample Pictures\Koala.jpg' sent to object: 'Object Repository/Final Object Repo/New Registration - Registration Module Pages/Third Screen - Upload Supporting Doc- Preview/Upload File Adding'

2018-12-11 15:10:55 - [TEST_STEP][PASSED] - delay: Delayed 5 second(s)

2018-12-11 15:11:00 - [MESSAGE][PASSED] - Delayed 5 second(s)

2018-12-11 15:11:00 - [TEST_STEP][PASSED] - click: Object: 'Object Repository/Final Object Repo/New Registration - Registration Module Pages/Third Screen - Upload Supporting Doc- Preview/Inner Form Add Document Button' is clicked on

2018-12-11 15:11:00 - [MESSAGE][PASSED] - Object: 'Object Repository/Final Object Repo/New Registration - Registration Module Pages/Third Screen - Upload Supporting Doc- Preview/Inner Form Add Document Button' is clicked on

2018-12-11 15:11:00 - [TEST_STEP][PASSED] - delay: Delayed 3 second(s)

2018-12-11 15:11:03 - [MESSAGE][PASSED] - Delayed 3 second(s)

2018-12-11 15:11:03 - [TEST_STEP][PASSED] - waitForElementClickable: Object 'Object Repository/Final Object Repo/New Registration - Registration Module Pages/Third Screen - Upload Supporting Doc- Preview/Save n Continue in Uploading Supporting Doc Page' is clickable

2018-12-11 15:11:05 - [MESSAGE][PASSED] - Object 'Object Repository/Final Object Repo/New Registration - Registration Module Pages/Third Screen - Upload Supporting Doc- Preview/Save n Continue in Uploading Supporting Doc Page' is clickable

2018-12-11 15:11:05 - [TEST_STEP][PASSED] - click: Object: 'Object Repository/Final Object Repo/New Registration - Registration Module Pages/Third Screen - Upload Supporting Doc- Preview/Save n Continue in Uploading Supporting Doc Page' is clicked on

2018-12-11 15:11:05 - [MESSAGE][PASSED] - Object: 'Object Repository/Final Object Repo/New Registration - Registration Module Pages/Third Screen - Upload Supporting Doc- Preview/Save n Continue in Uploading Supporting Doc Page' is clicked on

2018-12-11 15:11:05 - [MESSAGE][PASSED] - Call Test Case 'Test Cases/Final Aug 2018 - PKS Automation/Registration Module/New Registration/Flow of New Registration/Third Screen - Upload Supporting Doc - Preview' successfully

2018-12-11 15:11:05 - [TEST_STEP][PASSED] - callTestCase: Call Test Case 'Test Cases/Final Aug 2018 - PKS Automation/Registration Module/New Registration/Submit and Screenshot/Submit Registration and Screenshot' successfully

2018-12-11 15:11:05 - [TEST_CASE][PASSED] - Test Cases/Final Aug 2018 - PKS Automation/Registration Module/New Registration/Submit and Screenshot/Submit Registration and Screenshot: Test Cases/Final Aug 2018 - PKS Automation/Registration Module/New Registration/Submit and Screenshot/Submit Registration and Screenshot

2018-12-11 15:11:05 - [TEST_STEP][PASSED] - delay: Delayed 6 second(s)

2018-12-11 15:11:11 - [MESSAGE][PASSED] - Delayed 6 second(s)

2018-12-11 15:11:11 - [TEST_STEP][PASSED] - click: Object: 'Object Repository/Final Object Repo/New Registration - Registration Module Pages/Third Screen - Upload Supporting Doc- Preview/Preview Submit Button' is clicked on

2018-12-11 15:11:11 - [MESSAGE][PASSED] - Object: 'Object Repository/Final Object Repo/New Registration - Registration Module Pages/Third Screen - Upload Supporting Doc- Preview/Preview Submit Button' is clicked on

2018-12-11 15:11:11 - [TEST_STEP][PASSED] - delay: Delayed 2 second(s)

2018-12-11 15:11:13 - [MESSAGE][PASSED] - Delayed 2 second(s)

2018-12-11 15:11:13 - [TEST_STEP][PASSED] - click: Object: 'Object Repository/Final Object Repo/New Registration - Registration Module Pages/Third Screen - Upload Supporting Doc- Preview/Preview Submit - Confirm' is clicked on

2018-12-11 15:11:13 - [MESSAGE][PASSED] - Object: 'Object Repository/Final Object Repo/New Registration - Registration Module Pages/Third Screen - Upload Supporting Doc- Preview/Preview Submit - Confirm' is clicked on

2018-12-11 15:11:13 - [TEST_STEP][PASSED] - delay: Delayed 15 second(s)

2018-12-11 15:11:28 - [MESSAGE][PASSED] - Delayed 15 second(s)

2018-12-11 15:11:28 - [TEST_STEP][PASSED] - Statement - driver = com.kms.katalon.core.webui.driver.DriverFactory.getWebDriver(): null

2018-12-11 15:11:28 - [TEST_STEP][PASSED] - Statement - driver.manage().timeouts().implicitlyWait(10, SECONDS): null

2018-12-11 15:11:28 - [TEST_STEP][PASSED] - Statement - PresavePath = KatalonScreenshots: null

2018-12-11 15:11:28 - [TEST_STEP][PASSED] - Statement - pathPrefix = "C:\Users\Public\Pictures\Sample Pictures\Katalon Screenshots\Automate Ending Screen": null

2018-12-11 15:11:28 - [TEST_STEP][PASSED] - Statement - finalPath = <not implemented yet for class: org.codehaus.groovy.ast.expr.EmptyExpression>: null

2018-12-11 15:11:28 - [TEST_STEP][PASSED] - Statement - scrFile = driver.getScreenshotAs(FILE): null

2018-12-11 15:11:29 - [TEST_STEP][PASSED] - Statement - PreSaveFile = new java.io.File(PresavePath): null

2018-12-11 15:11:29 - [TEST_STEP][PASSED] - Statement - counter = 0: null

2018-12-11 15:11:29 - [TEST_STEP][PASSED] - Statement - If (PreSaveFile.exists()): null

2018-12-11 15:11:29 - [TEST_STEP][PASSED] - Statement - While (PreSaveFile.exists()): null

2018-12-11 15:11:29 - [TEST_STEP][PASSED] - Statement - counter = counter + 1: null

2018-12-11 15:11:29 - [TEST_STEP][PASSED] - Statement - PreSaveFile = new java.io.File(((pathPrefix + java.lang.Integer.toString(counter)) + .png)): null

2018-12-11 15:11:29 - [TEST_STEP][PASSED] - Statement - counter = counter + 1: null

2018-12-11 15:11:29 - [TEST_STEP][PASSED] - Statement - PreSaveFile = new java.io.File(((pathPrefix + java.lang.Integer.toString(counter)) + .png)): null

2018-12-11 15:11:29 - [TEST_STEP][PASSED] - Statement - counter = counter + 1: null

2018-12-11 15:11:29 - [TEST_STEP][PASSED] - Statement - PreSaveFile = new java.io.File(((pathPrefix + java.lang.Integer.toString(counter)) + .png)): null

2018-12-11 15:11:29 - [TEST_STEP][PASSED] - Statement - counter = counter + 1: null

2018-12-11 15:11:29 - [TEST_STEP][PASSED] - Statement - PreSaveFile = new java.io.File(((pathPrefix + java.lang.Integer.toString(counter)) + .png)): null

2018-12-11 15:11:29 - [TEST_STEP][PASSED] - Statement - counter = counter + 1: null

2018-12-11 15:11:29 - [TEST_STEP][PASSED] - Statement - PreSaveFile = new java.io.File(((pathPrefix + java.lang.Integer.toString(counter)) + .png)): null

2018-12-11 15:11:29 - [TEST_STEP][PASSED] - Statement - counter = counter + 1: null

2018-12-11 15:11:29 - [TEST_STEP][PASSED] - Statement - PreSaveFile = new java.io.File(((pathPrefix + java.lang.Integer.toString(counter)) + .png)): null

2018-12-11 15:11:29 - [TEST_STEP][PASSED] - Statement - counter = counter + 1: null

2018-12-11 15:11:29 - [TEST_STEP][PASSED] - Statement - PreSaveFile = new java.io.File(((pathPrefix + java.lang.Integer.toString(counter)) + .png)): null

2018-12-11 15:11:29 - [TEST_STEP][PASSED] - Statement - counter = counter + 1: null

2018-12-11 15:11:29 - [TEST_STEP][PASSED] - Statement - PreSaveFile = new java.io.File(((pathPrefix + java.lang.Integer.toString(counter)) + .png)): null

2018-12-11 15:11:29 - [TEST_STEP][PASSED] - Statement - counter = counter + 1: null

2018-12-11 15:11:29 - [TEST_STEP][PASSED] - Statement - PreSaveFile = new java.io.File(((pathPrefix + java.lang.Integer.toString(counter)) + .png)): null

2018-12-11 15:11:29 - [TEST_STEP][PASSED] - Statement - counter = counter + 1: null

2018-12-11 15:11:29 - [TEST_STEP][PASSED] - Statement - PreSaveFile = new java.io.File(((pathPrefix + java.lang.Integer.toString(counter)) + .png)): null

2018-12-11 15:11:29 - [TEST_STEP][PASSED] - Statement - counter = counter + 1: null

2018-12-11 15:11:29 - [TEST_STEP][PASSED] - Statement - PreSaveFile = new java.io.File(((pathPrefix + java.lang.Integer.toString(counter)) + .png)): null

2018-12-11 15:11:29 - [TEST_STEP][PASSED] - Statement - counter = counter + 1: null

2018-12-11 15:11:29 - [TEST_STEP][PASSED] - Statement - PreSaveFile = new java.io.File(((pathPrefix + java.lang.Integer.toString(counter)) + .png)): null

2018-12-11 15:11:29 - [TEST_STEP][PASSED] - Statement - counter = counter + 1: null

2018-12-11 15:11:29 - [TEST_STEP][PASSED] - Statement - PreSaveFile = new java.io.File(((pathPrefix + java.lang.Integer.toString(counter)) + .png)): null

2018-12-11 15:11:29 - [TEST_STEP][PASSED] - Statement - counter = counter + 1: null

2018-12-11 15:11:29 - [TEST_STEP][PASSED] - Statement - PreSaveFile = new java.io.File(((pathPrefix + java.lang.Integer.toString(counter)) + .png)): null

2018-12-11 15:11:29 - [TEST_STEP][PASSED] - Statement - counter = counter + 1: null

2018-12-11 15:11:29 - [TEST_STEP][PASSED] - Statement - PreSaveFile = new java.io.File(((pathPrefix + java.lang.Integer.toString(counter)) + .png)): null

2018-12-11 15:11:29 - [TEST_STEP][PASSED] - Statement - counter = counter + 1: null

2018-12-11 15:11:29 - [TEST_STEP][PASSED] - Statement - PreSaveFile = new java.io.File(((pathPrefix + java.lang.Integer.toString(counter)) + .png)): null

2018-12-11 15:11:29 - [TEST_STEP][PASSED] - Statement - counter = counter + 1: null

2018-12-11 15:11:29 - [TEST_STEP][PASSED] - Statement - PreSaveFile = new java.io.File(((pathPrefix + java.lang.Integer.toString(counter)) + .png)): null

2018-12-11 15:11:29 - [TEST_STEP][PASSED] - Statement - counter = counter + 1: null

2018-12-11 15:11:29 - [TEST_STEP][PASSED] - Statement - PreSaveFile = new java.io.File(((pathPrefix + java.lang.Integer.toString(counter)) + .png)): null

2018-12-11 15:11:29 - [TEST_STEP][PASSED] - Statement - counter = counter + 1: null

2018-12-11 15:11:29 - [TEST_STEP][PASSED] - Statement - PreSaveFile = new java.io.File(((pathPrefix + java.lang.Integer.toString(counter)) + .png)): null

2018-12-11 15:11:29 - [TEST_STEP][PASSED] - Statement - counter = counter + 1: null

2018-12-11 15:11:29 - [TEST_STEP][PASSED] - Statement - PreSaveFile = new java.io.File(((pathPrefix + java.lang.Integer.toString(counter)) + .png)): null

2018-12-11 15:11:29 - [TEST_STEP][PASSED] - Statement - counter = counter + 1: null

2018-12-11 15:11:29 - [TEST_STEP][PASSED] - Statement - PreSaveFile = new java.io.File(((pathPrefix + java.lang.Integer.toString(counter)) + .png)): null

2018-12-11 15:11:29 - [TEST_STEP][PASSED] - Statement - counter = counter + 1: null

2018-12-11 15:11:29 - [TEST_STEP][PASSED] - Statement - PreSaveFile = new java.io.File(((pathPrefix + java.lang.Integer.toString(counter)) + .png)): null

2018-12-11 15:11:29 - [TEST_STEP][PASSED] - Statement - counter = counter + 1: null

2018-12-11 15:11:29 - [TEST_STEP][PASSED] - Statement - PreSaveFile = new java.io.File(((pathPrefix + java.lang.Integer.toString(counter)) + .png)): null

2018-12-11 15:11:29 - [TEST_STEP][PASSED] - Statement - counter = counter + 1: null

2018-12-11 15:11:29 - [TEST_STEP][PASSED] - Statement - PreSaveFile = new java.io.File(((pathPrefix + java.lang.Integer.toString(counter)) + .png)): null

2018-12-11 15:11:29 - [TEST_STEP][PASSED] - Statement - counter = counter + 1: null

2018-12-11 15:11:29 - [TEST_STEP][PASSED] - Statement - PreSaveFile = new java.io.File(((pathPrefix + java.lang.Integer.toString(counter)) + .png)): null

2018-12-11 15:11:29 - [TEST_STEP][PASSED] - Statement - counter = counter + 1: null

2018-12-11 15:11:29 - [TEST_STEP][PASSED] - Statement - PreSaveFile = new java.io.File(((pathPrefix + java.lang.Integer.toString(counter)) + .png)): null

2018-12-11 15:11:29 - [TEST_STEP][PASSED] - Statement - counter = counter + 1: null

2018-12-11 15:11:29 - [TEST_STEP][PASSED] - Statement - PreSaveFile = new java.io.File(((pathPrefix + java.lang.Integer.toString(counter)) + .png)): null

2018-12-11 15:11:29 - [TEST_STEP][PASSED] - Statement - counter = counter + 1: null

2018-12-11 15:11:29 - [TEST_STEP][PASSED] - Statement - PreSaveFile = new java.io.File(((pathPrefix + java.lang.Integer.toString(counter)) + .png)): null

2018-12-11 15:11:29 - [TEST_STEP][PASSED] - Statement - counter = counter + 1: null

2018-12-11 15:11:29 - [TEST_STEP][PASSED] - Statement - PreSaveFile = new java.io.File(((pathPrefix + java.lang.Integer.toString(counter)) + .png)): null

2018-12-11 15:11:29 - [TEST_STEP][PASSED] - Statement - counter = counter + 1: null

2018-12-11 15:11:29 - [TEST_STEP][PASSED] - Statement - PreSaveFile = new java.io.File(((pathPrefix + java.lang.Integer.toString(counter)) + .png)): null

2018-12-11 15:11:29 - [TEST_STEP][PASSED] - Statement - counter = counter + 1: null

2018-12-11 15:11:29 - [TEST_STEP][PASSED] - Statement - PreSaveFile = new java.io.File(((pathPrefix + java.lang.Integer.toString(counter)) + .png)): null

2018-12-11 15:11:29 - [TEST_STEP][PASSED] - Statement - counter = counter + 1: null

2018-12-11 15:11:29 - [TEST_STEP][PASSED] - Statement - PreSaveFile = new java.io.File(((pathPrefix + java.lang.Integer.toString(counter)) + .png)): null

2018-12-11 15:11:29 - [TEST_STEP][PASSED] - Statement - counter = counter + 1: null

2018-12-11 15:11:29 - [TEST_STEP][PASSED] - Statement - PreSaveFile = new java.io.File(((pathPrefix + java.lang.Integer.toString(counter)) + .png)): null

2018-12-11 15:11:29 - [TEST_STEP][PASSED] - Statement - counter = counter + 1: null

2018-12-11 15:11:29 - [TEST_STEP][PASSED] - Statement - PreSaveFile = new java.io.File(((pathPrefix + java.lang.Integer.toString(counter)) + .png)): null

2018-12-11 15:11:29 - [TEST_STEP][PASSED] - Statement - counter = counter + 1: null

2018-12-11 15:11:29 - [TEST_STEP][PASSED] - Statement - PreSaveFile = new java.io.File(((pathPrefix + java.lang.Integer.toString(counter)) + .png)): null

2018-12-11 15:11:29 - [TEST_STEP][PASSED] - Statement - counter = counter + 1: null

2018-12-11 15:11:29 - [TEST_STEP][PASSED] - Statement - PreSaveFile = new java.io.File(((pathPrefix + java.lang.Integer.toString(counter)) + .png)): null

2018-12-11 15:11:29 - [TEST_STEP][PASSED] - Statement - counter = counter + 1: null

2018-12-11 15:11:29 - [TEST_STEP][PASSED] - Statement - PreSaveFile = new java.io.File(((pathPrefix + java.lang.Integer.toString(counter)) + .png)): null

2018-12-11 15:11:29 - [TEST_STEP][PASSED] - Statement - counter = counter + 1: null

2018-12-11 15:11:29 - [TEST_STEP][PASSED] - Statement - PreSaveFile = new java.io.File(((pathPrefix + java.lang.Integer.toString(counter)) + .png)): null

2018-12-11 15:11:29 - [TEST_STEP][PASSED] - Statement - counter = counter + 1: null

2018-12-11 15:11:29 - [TEST_STEP][PASSED] - Statement - PreSaveFile = new java.io.File(((pathPrefix + java.lang.Integer.toString(counter)) + .png)): null

2018-12-11 15:11:29 - [TEST_STEP][PASSED] - Statement - counter = counter + 1: null

2018-12-11 15:11:29 - [TEST_STEP][PASSED] - Statement - PreSaveFile = new java.io.File(((pathPrefix + java.lang.Integer.toString(counter)) + .png)): null

2018-12-11 15:11:29 - [TEST_STEP][PASSED] - Statement - counter = counter + 1: null

2018-12-11 15:11:29 - [TEST_STEP][PASSED] - Statement - PreSaveFile = new java.io.File(((pathPrefix + java.lang.Integer.toString(counter)) + .png)): null

2018-12-11 15:11:29 - [TEST_STEP][PASSED] - Statement - counter = counter + 1: null

2018-12-11 15:11:29 - [TEST_STEP][PASSED] - Statement - PreSaveFile = new java.io.File(((pathPrefix + java.lang.Integer.toString(counter)) + .png)): null

2018-12-11 15:11:29 - [TEST_STEP][PASSED] - Statement - counter = counter + 1: null

2018-12-11 15:11:29 - [TEST_STEP][PASSED] - Statement - PreSaveFile = new java.io.File(((pathPrefix + java.lang.Integer.toString(counter)) + .png)): null

2018-12-11 15:11:29 - [TEST_STEP][PASSED] - Statement - counter = counter + 1: null

2018-12-11 15:11:29 - [TEST_STEP][PASSED] - Statement - PreSaveFile = new java.io.File(((pathPrefix + java.lang.Integer.toString(counter)) + .png)): null

2018-12-11 15:11:29 - [TEST_STEP][PASSED] - Statement - counter = counter + 1: null

2018-12-11 15:11:29 - [TEST_STEP][PASSED] - Statement - PreSaveFile = new java.io.File(((pathPrefix + java.lang.Integer.toString(counter)) + .png)): null

2018-12-11 15:11:29 - [TEST_STEP][PASSED] - Statement - counter = counter + 1: null

2018-12-11 15:11:29 - [TEST_STEP][PASSED] - Statement - PreSaveFile = new java.io.File(((pathPrefix + java.lang.Integer.toString(counter)) + .png)): null

2018-12-11 15:11:29 - [TEST_STEP][PASSED] - Statement - counter = counter + 1: null

2018-12-11 15:11:29 - [TEST_STEP][PASSED] - Statement - PreSaveFile = new java.io.File(((pathPrefix + java.lang.Integer.toString(counter)) + .png)): null

2018-12-11 15:11:29 - [TEST_STEP][PASSED] - Statement - counter = counter + 1: null

2018-12-11 15:11:29 - [TEST_STEP][PASSED] - Statement - PreSaveFile = new java.io.File(((pathPrefix + java.lang.Integer.toString(counter)) + .png)): null

2018-12-11 15:11:29 - [TEST_STEP][PASSED] - Statement - counter = counter + 1: null

2018-12-11 15:11:29 - [TEST_STEP][PASSED] - Statement - PreSaveFile = new java.io.File(((pathPrefix + java.lang.Integer.toString(counter)) + .png)): null

2018-12-11 15:11:29 - [TEST_STEP][PASSED] - Statement - counter = counter + 1: null

2018-12-11 15:11:29 - [TEST_STEP][PASSED] - Statement - PreSaveFile = new java.io.File(((pathPrefix + java.lang.Integer.toString(counter)) + .png)): null

2018-12-11 15:11:29 - [TEST_STEP][PASSED] - Statement - counter = counter + 1: null

2018-12-11 15:11:29 - [TEST_STEP][PASSED] - Statement - PreSaveFile = new java.io.File(((pathPrefix + java.lang.Integer.toString(counter)) + .png)): null

2018-12-11 15:11:29 - [TEST_STEP][PASSED] - Statement - counter = counter + 1: null

2018-12-11 15:11:29 - [TEST_STEP][PASSED] - Statement - PreSaveFile = new java.io.File(((pathPrefix + java.lang.Integer.toString(counter)) + .png)): null

2018-12-11 15:11:29 - [TEST_STEP][PASSED] - Statement - counter = counter + 1: null

2018-12-11 15:11:29 - [TEST_STEP][PASSED] - Statement - PreSaveFile = new java.io.File(((pathPrefix + java.lang.Integer.toString(counter)) + .png)): null

2018-12-11 15:11:29 - [TEST_STEP][PASSED] - Statement - counter = counter + 1: null

2018-12-11 15:11:29 - [TEST_STEP][PASSED] - Statement - PreSaveFile = new java.io.File(((pathPrefix + java.lang.Integer.toString(counter)) + .png)): null

2018-12-11 15:11:29 - [TEST_STEP][PASSED] - Statement - counter = counter + 1: null

2018-12-11 15:11:29 - [TEST_STEP][PASSED] - Statement - PreSaveFile = new java.io.File(((pathPrefix + java.lang.Integer.toString(counter)) + .png)): null

2018-12-11 15:11:29 - [TEST_STEP][PASSED] - Statement - counter = counter + 1: null

2018-12-11 15:11:29 - [TEST_STEP][PASSED] - Statement - PreSaveFile = new java.io.File(((pathPrefix + java.lang.Integer.toString(counter)) + .png)): null

2018-12-11 15:11:29 - [TEST_STEP][PASSED] - Statement - counter = counter + 1: null

2018-12-11 15:11:29 - [TEST_STEP][PASSED] - Statement - PreSaveFile = new java.io.File(((pathPrefix + java.lang.Integer.toString(counter)) + .png)): null

2018-12-11 15:11:29 - [TEST_STEP][PASSED] - Statement - counter = counter + 1: null

2018-12-11 15:11:29 - [TEST_STEP][PASSED] - Statement - PreSaveFile = new java.io.File(((pathPrefix + java.lang.Integer.toString(counter)) + .png)): null

2018-12-11 15:11:29 - [TEST_STEP][PASSED] - Statement - counter = counter + 1: null

2018-12-11 15:11:29 - [TEST_STEP][PASSED] - Statement - PreSaveFile = new java.io.File(((pathPrefix + java.lang.Integer.toString(counter)) + .png)): null

2018-12-11 15:11:29 - [TEST_STEP][PASSED] - Statement - counter = counter + 1: null

2018-12-11 15:11:29 - [TEST_STEP][PASSED] - Statement - PreSaveFile = new java.io.File(((pathPrefix + java.lang.Integer.toString(counter)) + .png)): null

2018-12-11 15:11:29 - [TEST_STEP][PASSED] - Statement - counter = counter + 1: null

2018-12-11 15:11:29 - [TEST_STEP][PASSED] - Statement - PreSaveFile = new java.io.File(((pathPrefix + java.lang.Integer.toString(counter)) + .png)): null

2018-12-11 15:11:29 - [TEST_STEP][PASSED] - Statement - counter = counter + 1: null

2018-12-11 15:11:29 - [TEST_STEP][PASSED] - Statement - PreSaveFile = new java.io.File(((pathPrefix + java.lang.Integer.toString(counter)) + .png)): null

2018-12-11 15:11:29 - [TEST_STEP][PASSED] - Statement - counter = counter + 1: null

2018-12-11 15:11:29 - [TEST_STEP][PASSED] - Statement - PreSaveFile = new java.io.File(((pathPrefix + java.lang.Integer.toString(counter)) + .png)): null

2018-12-11 15:11:29 - [TEST_STEP][PASSED] - Statement - counter = counter + 1: null

2018-12-11 15:11:29 - [TEST_STEP][PASSED] - Statement - PreSaveFile = new java.io.File(((pathPrefix + java.lang.Integer.toString(counter)) + .png)): null

2018-12-11 15:11:29 - [TEST_STEP][PASSED] - Statement - finalPath = pathPrefix + java.lang.Integer.toString(counter) + ".png": null

2018-12-11 15:11:29 - [TEST_STEP][PASSED] - Statement - SaveFile = new java.io.File(finalPath): null

2018-12-11 15:11:29 - [TEST_STEP][PASSED] - Statement - Try: null

2018-12-11 15:11:29 - [TEST_STEP][PASSED] - Statement - org.apache.commons.io.FileUtils.copyFile(scrFile, SaveFile): null

2018-12-11 15:11:29 - [TEST_STEP][PASSED] - Statement - out.println("file kept"): null

2018-12-11 15:11:29 - [TEST_STEP][PASSED] - delay: Delayed 10 second(s)

2018-12-11 15:11:39 - [MESSAGE][PASSED] - Delayed 10 second(s)

2018-12-11 15:11:39 - [MESSAGE][PASSED] - Call Test Case 'Test Cases/Final Aug 2018 - PKS Automation/Registration Module/New Registration/Submit and Screenshot/Submit Registration and Screenshot' successfully

2018-12-11 15:11:39 - [TEST_STEP][PASSED] - callTestCase: Call Test Case 'Test Cases/Final Aug 2018 - PKS Automation/Registration Module/Log Out/log out avoiding katalon tagging' successfully

2018-12-11 15:11:39 - [TEST_CASE][PASSED] - Test Cases/Final Aug 2018 - PKS Automation/Registration Module/Log Out/log out avoiding katalon tagging: Test Cases/Final Aug 2018 - PKS Automation/Registration Module/Log Out/log out avoiding katalon tagging

2018-12-11 15:11:39 - [TEST_STEP][PASSED] - navigateToUrl: Navigate to 'https://assist2-uat.perkeso.gov.my/c/portal/logout' successfully

2018-12-11 15:11:40 - [MESSAGE][PASSED] - Navigate to 'https://assist2-uat.perkeso.gov.my/c/portal/logout' successfully

2018-12-11 15:11:40 - [MESSAGE][PASSED] - Call Test Case 'Test Cases/Final Aug 2018 - PKS Automation/Registration Module/Log Out/log out avoiding katalon tagging' successfully

2018-12-11 15:11:40 - [TEST_STEP][PASSED] - callTestCase: Call Test Case 'Test Cases/Final Aug 2018 - PKS Automation/Common/Workflow Owner Finder' successfully

2018-12-11 15:11:40 - [TEST_CASE][PASSED] - Test Cases/Final Aug 2018 - PKS Automation/Common/Workflow Owner Finder: Test Cases/Final Aug 2018 - PKS Automation/Common/Workflow Owner Finder

2018-12-11 15:11:40 - [TEST_STEP][PASSED] - openBrowser: Browser is opened with url: ''

2018-12-11 15:11:40 - [MESSAGE][WARNING] - A browser is already opened. Closing browser and opening a new one

2018-12-11 15:11:45 - [MESSAGE][PASSED] - Browser is opened with url: ''

2018-12-11 15:11:45 - [TEST_STEP][PASSED] - navigateToUrl: Navigate to 'https://assist2-uat.perkeso.gov.my/login' successfully

2018-12-11 15:11:46 - [MESSAGE][PASSED] - Navigate to 'https://assist2-uat.perkeso.gov.my/login' successfully

2018-12-11 15:11:46 - [TEST_STEP][PASSED] - delay: Delayed 5 second(s)

2018-12-11 15:11:51 - [MESSAGE][PASSED] - Delayed 5 second(s)

2018-12-11 15:11:51 - [TEST_STEP][PASSED] - setText: Text 'test@liferay.com' is set on object 'Object Repository/Final Object Repo/Login Page/Internal User/Email Address'

2018-12-11 15:11:51 - [MESSAGE][PASSED] - Text 'test@liferay.com' is set on object 'Object Repository/Final Object Repo/Login Page/Internal User/Email Address'

2018-12-11 15:11:51 - [TEST_STEP][PASSED] - click: Object: 'Object Repository/Final Object Repo/Login Page/Internal User/Next Button' is clicked on

2018-12-11 15:11:51 - [MESSAGE][PASSED] - Object: 'Object Repository/Final Object Repo/Login Page/Internal User/Next Button' is clicked on

2018-12-11 15:11:51 - [TEST_STEP][PASSED] - delay: Delayed 2 second(s)

2018-12-11 15:11:53 - [MESSAGE][PASSED] - Delayed 2 second(s)

2018-12-11 15:11:53 - [TEST_STEP][PASSED] - setText: Text 'test' is set on object 'Object Repository/Final Object Repo/Login Page/Internal User/Password'

2018-12-11 15:11:54 - [MESSAGE][PASSED] - Text 'test' is set on object 'Object Repository/Final Object Repo/Login Page/Internal User/Password'

2018-12-11 15:11:54 - [TEST_STEP][PASSED] - delay: Delayed 2 second(s)

2018-12-11 15:11:56 - [MESSAGE][PASSED] - Delayed 2 second(s)

2018-12-11 15:11:56 - [TEST_STEP][PASSED] - click: Object: 'Object Repository/Final Object Repo/Login Page/Internal User/Login Button' is clicked on

2018-12-11 15:11:56 - [MESSAGE][PASSED] - Object: 'Object Repository/Final Object Repo/Login Page/Internal User/Login Button' is clicked on

2018-12-11 15:11:56 - [TEST_STEP][PASSED] - Statement - tester = com.kms.katalon.core.testobject.ObjectRepository.findTestObject(Final Object Repo/Landing Page/Select to English): Finding Test Object with id 'Object Repository/Final Object Repo/Landing Page/Select to English'

2018-12-11 15:11:56 - [TEST_STEP][PASSED] - Statement - Try: Delayed 2 second(s)

2018-12-11 15:11:56 - [TEST_STEP][PASSED] - Statement - Checker = com.kms.katalon.core.webui.keyword.WebUiBuiltInKeywords.verifyElementNotPresent(tester, 3): Web element with id: 'Object Repository/Final Object Repo/Landing Page/Select to English' located by 'By.xpath: //a[@class = 'taglib-language-list-text' and @lang = 'en-US' and (contains(text(), 'EN') or contains(., 'EN'))]' is not present after '3' second(s)

2018-12-11 15:11:58 - [MESSAGE][PASSED] - Web element with id: 'Object Repository/Final Object Repo/Landing Page/Select to English' located by 'By.xpath: //a[@class = 'taglib-language-list-text' and @lang = 'en-US' and (contains(text(), 'EN') or contains(., 'EN'))]' is not present after '3' second(s)

2018-12-11 15:11:58 - [TEST_STEP][PASSED] - Statement - If (Checker == false): null

2018-12-11 15:11:58 - [TEST_STEP][PASSED] - delay: Delayed 2 second(s)

2018-12-11 15:12:00 - [MESSAGE][PASSED] - Delayed 2 second(s)

2018-12-11 15:12:00 - [TEST_STEP][PASSED] - delay: Delayed 5 second(s)

2018-12-11 15:12:05 - [MESSAGE][PASSED] - Delayed 5 second(s)

2018-12-11 15:12:05 - [TEST_STEP][PASSED] - mouseOver: Object: 'Object Repository/Final Object Repo/Landing Page/WorkFlow Menu' is hovered

2018-12-11 15:12:05 - [MESSAGE][PASSED] - Object: 'Object Repository/Final Object Repo/Landing Page/WorkFlow Menu' is hovered

2018-12-11 15:12:05 - [TEST_STEP][PASSED] - delay: Delayed 2 second(s)

2018-12-11 15:12:07 - [MESSAGE][PASSED] - Delayed 2 second(s)

2018-12-11 15:12:07 - [TEST_STEP][PASSED] - click: Object: 'Object Repository/Final Object Repo/Landing Page/Select to Workflow Listing' is clicked on

2018-12-11 15:12:08 - [MESSAGE][PASSED] - Object: 'Object Repository/Final Object Repo/Landing Page/Select to Workflow Listing' is clicked on

2018-12-11 15:12:08 - [TEST_STEP][PASSED] - delay: Delayed 2 second(s)

2018-12-11 15:12:10 - [MESSAGE][PASSED] - Delayed 2 second(s)

2018-12-11 15:12:10 - [TEST_STEP][PASSED] - click: Object: 'Object Repository/Final Object Repo/WorkFlow Listing Page/Search Information - To Put Ref No' is clicked on

2018-12-11 15:12:10 - [MESSAGE][PASSED] - Object: 'Object Repository/Final Object Repo/WorkFlow Listing Page/Search Information - To Put Ref No' is clicked on

2018-12-11 15:12:10 - [TEST_STEP][PASSED] - delay: Delayed 2 second(s)

2018-12-11 15:12:12 - [MESSAGE][PASSED] - Delayed 2 second(s)

2018-12-11 15:12:12 - [TEST_STEP][PASSED] - callTestCase: Call Test Case 'Test Cases/Final Aug 2018 - PKS Automation/Common/Reference Number Getter' successfully

2018-12-11 15:12:13 - [TEST_CASE][PASSED] - Test Cases/Final Aug 2018 - PKS Automation/Common/Reference Number Getter: Test Cases/Final Aug 2018 - PKS Automation/Common/Reference Number Getter

2018-12-11 15:12:13 - [TEST_STEP][PASSED] - Statement - Try: null

2018-12-11 15:12:13 - [TEST_STEP][PASSED] - Statement - RefNo = new java.io.File(C://Users//Admin//Desktop//PKS//Automation Reference Point//KatalonReference.txt): null

2018-12-11 15:12:13 - [TEST_STEP][PASSED] - Statement - bufferread = new java.io.BufferedReader(new java.io.FileReader(RefNo)): null

2018-12-11 15:12:13 - [TEST_STEP][PASSED] - Statement - readedVal = bufferread.readLine(): null

2018-12-11 15:12:13 - [TEST_STEP][PASSED] - Statement - out.println(CaseReferenceNo): null

2018-12-11 15:12:13 - [TEST_STEP][PASSED] - Statement - out.println(readedVal): null

2018-12-11 15:12:13 - [TEST_STEP][PASSED] - Statement - CaseReferenceNo = "": null

2018-12-11 15:12:13 - [TEST_STEP][PASSED] - Statement - CaseReferenceNo = readedVal: null

2018-12-11 15:12:13 - [MESSAGE][PASSED] - Call Test Case 'Test Cases/Final Aug 2018 - PKS Automation/Common/Reference Number Getter' successfully

2018-12-11 15:12:13 - [TEST_STEP][PASSED] - setText: Text 'CRN12201800123178' is set on object 'Object Repository/Final Object Repo/WorkFlow Listing Page/Ref No Set Text'

2018-12-11 15:12:13 - [MESSAGE][PASSED] - Text 'CRN12201800123178' is set on object 'Object Repository/Final Object Repo/WorkFlow Listing Page/Ref No Set Text'

2018-12-11 15:12:13 - [TEST_STEP][PASSED] - delay: Delayed 2 second(s)

2018-12-11 15:12:15 - [MESSAGE][PASSED] - Delayed 2 second(s)

2018-12-11 15:12:15 - [TEST_STEP][PASSED] - click: Object: 'Object Repository/Final Object Repo/WorkFlow Listing Page/Search Ref No Search Button' is clicked on

2018-12-11 15:12:16 - [MESSAGE][PASSED] - Object: 'Object Repository/Final Object Repo/WorkFlow Listing Page/Search Ref No Search Button' is clicked on

2018-12-11 15:12:16 - [TEST_STEP][PASSED] - delay: Delayed 6 second(s)

2018-12-11 15:12:22 - [MESSAGE][PASSED] - Delayed 6 second(s)

2018-12-11 15:12:22 - [TEST_STEP][PASSED] - click: Object: 'Object Repository/Final Object Repo/WorkFlow Listing Page/Click Continue Tooltip' is clicked on

2018-12-11 15:12:23 - [MESSAGE][PASSED] - Object: 'Object Repository/Final Object Repo/WorkFlow Listing Page/Click Continue Tooltip' is clicked on

2018-12-11 15:12:23 - [TEST_STEP][PASSED] - delay: Delayed 5 second(s)

2018-12-11 15:12:28 - [MESSAGE][PASSED] - Delayed 5 second(s)

2018-12-11 15:12:28 - [TEST_STEP][PASSED] - doubleClick: Object: 'Object Repository/Final Object Repo/WorkFlow Listing Page/Workflow Found - Listing 1' is double clicked on

2018-12-11 15:12:28 - [MESSAGE][PASSED] - Object: 'Object Repository/Final Object Repo/WorkFlow Listing Page/Workflow Found - Listing 1' is double clicked on

2018-12-11 15:12:28 - [TEST_STEP][PASSED] - Statement - println(OwnerID): null

2018-12-11 15:12:28 - [TEST_STEP][PASSED] - Statement - OwnerID = com.kms.katalon.core.webui.keyword.WebUiBuiltInKeywords.getText(com.kms.katalon.core.testobject.ObjectRepository.findTestObject(Final Object Repo/WorkFlow Listing Page/Workflow Found - Listing 1), STOP_ON_FAILURE): Text of object 'Object Repository/Final Object Repo/WorkFlow Listing Page/Workflow Found - Listing 1' is: 'KLpkrbo3'

2018-12-11 15:12:28 - [MESSAGE][PASSED] - Text of object 'Object Repository/Final Object Repo/WorkFlow Listing Page/Workflow Found - Listing 1' is: 'KLpkrbo3'

2018-12-11 15:12:28 - [TEST_STEP][PASSED] - Statement - OwnerID = OwnerID.toLowerCase() + "@gmail.com": null

2018-12-11 15:12:28 - [TEST_STEP][PASSED] - Statement - println(OwnerID): null

2018-12-11 15:12:28 - [TEST_STEP][PASSED] - delay: Delayed 2 second(s)

2018-12-11 15:12:30 - [MESSAGE][PASSED] - Delayed 2 second(s)

2018-12-11 15:12:30 - [MESSAGE][PASSED] - Call Test Case 'Test Cases/Final Aug 2018 - PKS Automation/Common/Workflow Owner Finder' successfully

2018-12-11 15:12:30 - [TEST_STEP][PASSED] - callTestCase: Call Test Case 'Test Cases/Final Aug 2018 - PKS Automation/Registration Module/Log Out/log out avoiding katalon tagging' successfully

2018-12-11 15:12:30 - [TEST_CASE][PASSED] - Test Cases/Final Aug 2018 - PKS Automation/Registration Module/Log Out/log out avoiding katalon tagging: Test Cases/Final Aug 2018 - PKS Automation/Registration Module/Log Out/log out avoiding katalon tagging

2018-12-11 15:12:30 - [TEST_STEP][PASSED] - navigateToUrl: Navigate to 'https://assist2-uat.perkeso.gov.my/c/portal/logout' successfully

2018-12-11 15:12:31 - [MESSAGE][PASSED] - Navigate to 'https://assist2-uat.perkeso.gov.my/c/portal/logout' successfully

2018-12-11 15:12:31 - [MESSAGE][PASSED] - Call Test Case 'Test Cases/Final Aug 2018 - PKS Automation/Registration Module/Log Out/log out avoiding katalon tagging' successfully

2018-12-11 15:12:31 - [TEST_STEP][PASSED] - delay: Delayed 2 second(s)

2018-12-11 15:12:33 - [MESSAGE][PASSED] - Delayed 2 second(s)

2018-12-11 15:12:33 - [TEST_STEP][PASSED] - setText: Text 'klpkrbo3@gmail.com' is set on object 'Object Repository/Final Object Repo/New Registration - Registration Module Pages/New Reg - OTC to RO/Special Case - All Related Objects/Email TextBox'

2018-12-11 15:12:33 - [MESSAGE][PASSED] - Text 'klpkrbo3@gmail.com' is set on object 'Object Repository/Final Object Repo/New Registration - Registration Module Pages/New Reg - OTC to RO/Special Case - All Related Objects/Email TextBox'

2018-12-11 15:12:33 - [TEST_STEP][PASSED] - click: Object: 'Object Repository/Final Object Repo/New Registration - Registration Module Pages/New Reg - OTC to RO/Special Case - All Related Objects/Next Button' is clicked on

2018-12-11 15:12:33 - [MESSAGE][PASSED] - Object: 'Object Repository/Final Object Repo/New Registration - Registration Module Pages/New Reg - OTC to RO/Special Case - All Related Objects/Next Button' is clicked on

2018-12-11 15:12:33 - [TEST_STEP][PASSED] - delay: Delayed 2 second(s)

2018-12-11 15:12:35 - [MESSAGE][PASSED] - Delayed 2 second(s)

2018-12-11 15:12:35 - [TEST_STEP][PASSED] - setText: Text 'Test1@3456789' is set on object 'Object Repository/Final Object Repo/New Registration - Registration Module Pages/New Reg - OTC to RO/Special Case - All Related Objects/Password TextBox'

2018-12-11 15:12:36 - [MESSAGE][PASSED] - Text 'Test1@3456789' is set on object 'Object Repository/Final Object Repo/New Registration - Registration Module Pages/New Reg - OTC to RO/Special Case - All Related Objects/Password TextBox'

2018-12-11 15:12:36 - [TEST_STEP][PASSED] - delay: Delayed 2 second(s)

2018-12-11 15:12:38 - [MESSAGE][PASSED] - Delayed 2 second(s)

2018-12-11 15:12:38 - [TEST_STEP][PASSED] - click: Object: 'Object Repository/Final Object Repo/New Registration - Registration Module Pages/New Reg - OTC to RO/Special Case - All Related Objects/Login Button' is clicked on

2018-12-11 15:12:38 - [MESSAGE][PASSED] - Object: 'Object Repository/Final Object Repo/New Registration - Registration Module Pages/New Reg - OTC to RO/Special Case - All Related Objects/Login Button' is clicked on

2018-12-11 15:12:38 - [TEST_STEP][PASSED] - delay: Delayed 2 second(s)

2018-12-11 15:12:40 - [MESSAGE][PASSED] - Delayed 2 second(s)

2018-12-11 15:12:40 - [TEST_STEP][PASSED] - Statement - Try: null

2018-12-11 15:12:40 - [TEST_STEP][PASSED] - Statement - Checker = com.kms.katalon.core.webui.keyword.WebUiBuiltInKeywords.verifyElementNotPresent("Final Object Repo/Landing Page/Select to English", 3): null

2018-12-11 15:12:40 - [TEST_STEP][PASSED] - Statement - Catch (Exception e): null

2018-12-11 15:12:40 - [TEST_STEP][PASSED] - Statement - e.printStackTrace(): null

2018-12-11 15:12:40 - [TEST_STEP][PASSED] - click: Object: 'Object Repository/Final Object Repo/New Registration - Registration Module Pages/New Reg - OTC to RO/Special Case - All Related Objects/Expand to Search' is clicked on

2018-12-11 15:12:40 - [MESSAGE][PASSED] - Object: 'Object Repository/Final Object Repo/New Registration - Registration Module Pages/New Reg - OTC to RO/Special Case - All Related Objects/Expand to Search' is clicked on

2018-12-11 15:12:40 - [TEST_STEP][PASSED] - delay: Delayed 2 second(s)

2018-12-11 15:12:42 - [MESSAGE][PASSED] - Delayed 2 second(s)

2018-12-11 15:12:42 - [TEST_STEP][PASSED] - setText: Text 'CRN12201800123178' is set on object 'Object Repository/Final Object Repo/New Registration - Registration Module Pages/New Reg - OTC to RO/Special Case - All Related Objects/TextBox RefNo in Workbasket'

2018-12-11 15:12:42 - [MESSAGE][PASSED] - Text 'CRN12201800123178' is set on object 'Object Repository/Final Object Repo/New Registration - Registration Module Pages/New Reg - OTC to RO/Special Case - All Related Objects/TextBox RefNo in Workbasket'

2018-12-11 15:12:42 - [TEST_STEP][PASSED] - delay: Delayed 2 second(s)

2018-12-11 15:12:44 - [MESSAGE][PASSED] - Delayed 2 second(s)

2018-12-11 15:12:44 - [TEST_STEP][FAILED] - click: Unable to click on object 'Object Repository/Final Object Repo/New Registration - Registration Module Pages/New Reg - OTC to RO/Special Case - All Related Objects/Click Search' (Root cause: org.openqa.selenium.WebDriverException: unknown error: Element <a validatesubmit="" href="https://assist2-uat.perkeso.gov.my/web/base/myassist?p_auth=jR2tkRLS&amp;p_p_id=myassist_WAR_baseportlet&amp;p_p_lifecycle=1&amp;p_p_state=normal&amp;p_p_mode=view&amp;p_p_col_id=column-1&amp;p_p_col_count=1&amp;_myassist_WAR_baseportlet_javax.portlet.action=exeAction" formid="_myassist_WAR_baseportlet_taskInboxFm" targets="baseMsgDivId" class="btn btn-lg blueBtn col-md-2 m-t-20 pull-right">...</a> is not clickable at point (1160, 42). Other element would receive the click: <a class="user-avatar-link dropdown-toggle" href="javascript:void(0);" id="" role="menuitem" title=" 

	 
		KLpkrbo3
	 ">...</a>
  (Session info: chrome=70.0.3538.110)
  (Driver info: chromedriver=2.43.600210 (68dcf5eebde37173d4027fa8635e332711d2874a),platform=Windows NT 6.1.7601 SP1 x86_64) (WARNING: The server did not provide any stacktrace information)
Command duration or timeout: 0 milliseconds
Build info: version: '3.7.1', revision: '8a0099a', time: '2017-11-06T21:07:36.161Z'
System info: host: 'WIN7TEST02', ip: '10.20.3.72', os.name: 'Windows 7', os.arch: 'amd64', os.version: '6.1', java.version: '1.8.0_181'
Driver info: com.kms.katalon.selenium.driver.CChromeDriver
Capabilities {acceptInsecureCerts: false, acceptSslCerts: false, applicationCacheEnabled: false, browserConnectionEnabled: false, browserName: chrome, chrome: {chromedriverVersion: 2.43.600210 (68dcf5eebde371..., userDataDir: C:\Users\Admin\AppData\Loca...}, cssSelectorsEnabled: true, databaseEnabled: false, goog:chromeOptions: {debuggerAddress: localhost:58431}, handlesAlerts: true, hasTouchScreen: false, javascriptEnabled: true, locationContextEnabled: true, mobileEmulationEnabled: false, nativeEvents: true, networkConnectionEnabled: false, pageLoadStrategy: normal, platform: XP, platformName: XP, rotatable: false, setWindowRect: true, takesHeapSnapshot: true, takesScreenshot: true, unexpectedAlertBehaviour: , unhandledPromptBehavior: , version: 70.0.3538.110, webStorageEnabled: true}
Session ID: 126e027c65aea306fb5e24d0905e3a02)

2018-12-11 15:12:45 - [MESSAGE][FAILED] - Unable to click on object 'Object Repository/Final Object Repo/New Registration - Registration Module Pages/New Reg - OTC to RO/Special Case - All Related Objects/Click Search' (Root cause: org.openqa.selenium.WebDriverException: unknown error: Element <a validatesubmit="" href="https://assist2-uat.perkeso.gov.my/web/base/myassist?p_auth=jR2tkRLS&amp;p_p_id=myassist_WAR_baseportlet&amp;p_p_lifecycle=1&amp;p_p_state=normal&amp;p_p_mode=view&amp;p_p_col_id=column-1&amp;p_p_col_count=1&amp;_myassist_WAR_baseportlet_javax.portlet.action=exeAction" formid="_myassist_WAR_baseportlet_taskInboxFm" targets="baseMsgDivId" class="btn btn-lg blueBtn col-md-2 m-t-20 pull-right">...</a> is not clickable at point (1160, 42). Other element would receive the click: <a class="user-avatar-link dropdown-toggle" href="javascript:void(0);" id="" role="menuitem" title=" 

	 
		KLpkrbo3
	 ">...</a>
  (Session info: chrome=70.0.3538.110)
  (Driver info: chromedriver=2.43.600210 (68dcf5eebde37173d4027fa8635e332711d2874a),platform=Windows NT 6.1.7601 SP1 x86_64) (WARNING: The server did not provide any stacktrace information)
Command duration or timeout: 0 milliseconds
Build info: version: '3.7.1', revision: '8a0099a', time: '2017-11-06T21:07:36.161Z'
System info: host: 'WIN7TEST02', ip: '10.20.3.72', os.name: 'Windows 7', os.arch: 'amd64', os.version: '6.1', java.version: '1.8.0_181'
Driver info: com.kms.katalon.selenium.driver.CChromeDriver
Capabilities {acceptInsecureCerts: false, acceptSslCerts: false, applicationCacheEnabled: false, browserConnectionEnabled: false, browserName: chrome, chrome: {chromedriverVersion: 2.43.600210 (68dcf5eebde371..., userDataDir: C:\Users\Admin\AppData\Loca...}, cssSelectorsEnabled: true, databaseEnabled: false, goog:chromeOptions: {debuggerAddress: localhost:58431}, handlesAlerts: true, hasTouchScreen: false, javascriptEnabled: true, locationContextEnabled: true, mobileEmulationEnabled: false, nativeEvents: true, networkConnectionEnabled: false, pageLoadStrategy: normal, platform: XP, platformName: XP, rotatable: false, setWindowRect: true, takesHeapSnapshot: true, takesScreenshot: true, unexpectedAlertBehaviour: , unhandledPromptBehavior: , version: 70.0.3538.110, webStorageEnabled: true}
Session ID: 126e027c65aea306fb5e24d0905e3a02)
[[ATTACHMENT|C:\\Users\\Admin\\Desktop\\PKS\\Perkeso Phase A\\Reports\\Workflow\\New Registration\\20181211_110147\\1544512364971.png]]

2018-12-11 15:12:45 - [TEST_STEP][PASSED] - delay: Delayed 2 second(s)

2018-12-11 15:12:47 - [MESSAGE][PASSED] - Delayed 2 second(s)

2018-12-11 15:12:47 - [TEST_STEP][PASSED] - click: Object: 'Object Repository/Final Object Repo/New Registration - Registration Module Pages/New Reg - OTC to RO/Special Case - All Related Objects/Click to Continue Workflow' is clicked on

2018-12-11 15:12:49 - [MESSAGE][PASSED] - Object: 'Object Repository/Final Object Repo/New Registration - Registration Module Pages/New Reg - OTC to RO/Special Case - All Related Objects/Click to Continue Workflow' is clicked on

2018-12-11 15:12:49 - [TEST_STEP][PASSED] - delay: Delayed 2 second(s)

2018-12-11 15:12:51 - [MESSAGE][PASSED] - Delayed 2 second(s)

2018-12-11 15:12:51 - [TEST_STEP][PASSED] - click: Object: 'Object Repository/Final Object Repo/New Registration - Registration Module Pages/New Reg - OTC to RO/Special Case - All Related Objects/Form 1 Save n Continue' is clicked on

2018-12-11 15:12:51 - [MESSAGE][PASSED] - Object: 'Object Repository/Final Object Repo/New Registration - Registration Module Pages/New Reg - OTC to RO/Special Case - All Related Objects/Form 1 Save n Continue' is clicked on

2018-12-11 15:12:51 - [TEST_STEP][PASSED] - delay: Delayed 5 second(s)

2018-12-11 15:12:56 - [MESSAGE][PASSED] - Delayed 5 second(s)

2018-12-11 15:12:56 - [TEST_STEP][PASSED] - click: Object: 'Object Repository/Final Object Repo/New Registration - Registration Module Pages/New Reg - OTC to RO/Special Case - OTC - Form 1/Confirm No Flagging as Branch' is clicked on

2018-12-11 15:12:56 - [MESSAGE][PASSED] - Object: 'Object Repository/Final Object Repo/New Registration - Registration Module Pages/New Reg - OTC to RO/Special Case - OTC - Form 1/Confirm No Flagging as Branch' is clicked on

2018-12-11 15:12:56 - [TEST_STEP][PASSED] - delay: Delayed 2 second(s)

2018-12-11 15:12:58 - [MESSAGE][PASSED] - Delayed 2 second(s)

2018-12-11 15:12:58 - [TEST_STEP][PASSED] - click: Object: 'Object Repository/Final Object Repo/New Registration - Registration Module Pages/New Reg - OTC to RO/Special Case - All Related Objects/Form 2 Save n Continue' is clicked on

2018-12-11 15:12:58 - [MESSAGE][PASSED] - Object: 'Object Repository/Final Object Repo/New Registration - Registration Module Pages/New Reg - OTC to RO/Special Case - All Related Objects/Form 2 Save n Continue' is clicked on

2018-12-11 15:12:58 - [TEST_STEP][PASSED] - delay: Delayed 2 second(s)

2018-12-11 15:13:00 - [MESSAGE][PASSED] - Delayed 2 second(s)

2018-12-11 15:13:00 - [TEST_STEP][PASSED] - click: Object: 'Object Repository/Final Object Repo/New Registration - Registration Module Pages/New Reg - OTC to RO/Special Case - All Related Objects/Third Screen Save n Continue' is clicked on

2018-12-11 15:13:06 - [MESSAGE][PASSED] - Object: 'Object Repository/Final Object Repo/New Registration - Registration Module Pages/New Reg - OTC to RO/Special Case - All Related Objects/Third Screen Save n Continue' is clicked on

2018-12-11 15:13:06 - [TEST_STEP][PASSED] - delay: Delayed 5 second(s)

2018-12-11 15:13:11 - [MESSAGE][PASSED] - Delayed 5 second(s)

2018-12-11 15:13:11 - [TEST_STEP][PASSED] - click: Object: 'Object Repository/Final Object Repo/New Registration - Registration Module Pages/New Reg - OTC to RO/Special Case - All Related Objects/Upload Doc Page Save n Continue' is clicked on

2018-12-11 15:13:11 - [MESSAGE][PASSED] - Object: 'Object Repository/Final Object Repo/New Registration - Registration Module Pages/New Reg - OTC to RO/Special Case - All Related Objects/Upload Doc Page Save n Continue' is clicked on

2018-12-11 15:13:11 - [TEST_STEP][PASSED] - callTestCase: Call Test Case 'Test Cases/Final Aug 2018 - PKS Automation/Registration Module/New Registration/Submit and Screenshot/Submit Registration and Screenshot' successfully

2018-12-11 15:13:11 - [TEST_CASE][PASSED] - Test Cases/Final Aug 2018 - PKS Automation/Registration Module/New Registration/Submit and Screenshot/Submit Registration and Screenshot: Test Cases/Final Aug 2018 - PKS Automation/Registration Module/New Registration/Submit and Screenshot/Submit Registration and Screenshot

2018-12-11 15:13:11 - [TEST_STEP][PASSED] - delay: Delayed 6 second(s)

2018-12-11 15:13:17 - [MESSAGE][PASSED] - Delayed 6 second(s)

2018-12-11 15:13:17 - [TEST_STEP][PASSED] - click: Object: 'Object Repository/Final Object Repo/New Registration - Registration Module Pages/Third Screen - Upload Supporting Doc- Preview/Preview Submit Button' is clicked on

2018-12-11 15:13:17 - [MESSAGE][PASSED] - Object: 'Object Repository/Final Object Repo/New Registration - Registration Module Pages/Third Screen - Upload Supporting Doc- Preview/Preview Submit Button' is clicked on

2018-12-11 15:13:17 - [TEST_STEP][PASSED] - delay: Delayed 2 second(s)

2018-12-11 15:13:19 - [MESSAGE][PASSED] - Delayed 2 second(s)

2018-12-11 15:13:19 - [TEST_STEP][PASSED] - click: Object: 'Object Repository/Final Object Repo/New Registration - Registration Module Pages/Third Screen - Upload Supporting Doc- Preview/Preview Submit - Confirm' is clicked on

2018-12-11 15:13:19 - [MESSAGE][PASSED] - Object: 'Object Repository/Final Object Repo/New Registration - Registration Module Pages/Third Screen - Upload Supporting Doc- Preview/Preview Submit - Confirm' is clicked on

2018-12-11 15:13:19 - [TEST_STEP][PASSED] - delay: Delayed 15 second(s)

2018-12-11 15:13:34 - [MESSAGE][PASSED] - Delayed 15 second(s)

2018-12-11 15:13:34 - [TEST_STEP][PASSED] - Statement - driver = com.kms.katalon.core.webui.driver.DriverFactory.getWebDriver(): null

2018-12-11 15:13:34 - [TEST_STEP][PASSED] - Statement - driver.manage().timeouts().implicitlyWait(10, SECONDS): null

2018-12-11 15:13:34 - [TEST_STEP][PASSED] - Statement - PresavePath = KatalonScreenshots: null

2018-12-11 15:13:34 - [TEST_STEP][PASSED] - Statement - pathPrefix = "C:\Users\Public\Pictures\Sample Pictures\Katalon Screenshots\Automate Ending Screen": null

2018-12-11 15:13:34 - [TEST_STEP][PASSED] - Statement - finalPath = <not implemented yet for class: org.codehaus.groovy.ast.expr.EmptyExpression>: null

2018-12-11 15:13:34 - [TEST_STEP][PASSED] - Statement - scrFile = driver.getScreenshotAs(FILE): null

2018-12-11 15:13:35 - [TEST_STEP][PASSED] - Statement - PreSaveFile = new java.io.File(PresavePath): null

2018-12-11 15:13:35 - [TEST_STEP][PASSED] - Statement - counter = 0: null

2018-12-11 15:13:35 - [TEST_STEP][PASSED] - Statement - If (PreSaveFile.exists()): null

2018-12-11 15:13:35 - [TEST_STEP][PASSED] - Statement - While (PreSaveFile.exists()): null

2018-12-11 15:13:35 - [TEST_STEP][PASSED] - Statement - counter = counter + 1: null

2018-12-11 15:13:35 - [TEST_STEP][PASSED] - Statement - PreSaveFile = new java.io.File(((pathPrefix + java.lang.Integer.toString(counter)) + .png)): null

2018-12-11 15:13:35 - [TEST_STEP][PASSED] - Statement - counter = counter + 1: null

2018-12-11 15:13:35 - [TEST_STEP][PASSED] - Statement - PreSaveFile = new java.io.File(((pathPrefix + java.lang.Integer.toString(counter)) + .png)): null

2018-12-11 15:13:35 - [TEST_STEP][PASSED] - Statement - counter = counter + 1: null

2018-12-11 15:13:35 - [TEST_STEP][PASSED] - Statement - PreSaveFile = new java.io.File(((pathPrefix + java.lang.Integer.toString(counter)) + .png)): null

2018-12-11 15:13:35 - [TEST_STEP][PASSED] - Statement - counter = counter + 1: null

2018-12-11 15:13:35 - [TEST_STEP][PASSED] - Statement - PreSaveFile = new java.io.File(((pathPrefix + java.lang.Integer.toString(counter)) + .png)): null

2018-12-11 15:13:35 - [TEST_STEP][PASSED] - Statement - counter = counter + 1: null

2018-12-11 15:13:35 - [TEST_STEP][PASSED] - Statement - PreSaveFile = new java.io.File(((pathPrefix + java.lang.Integer.toString(counter)) + .png)): null

2018-12-11 15:13:35 - [TEST_STEP][PASSED] - Statement - counter = counter + 1: null

2018-12-11 15:13:35 - [TEST_STEP][PASSED] - Statement - PreSaveFile = new java.io.File(((pathPrefix + java.lang.Integer.toString(counter)) + .png)): null

2018-12-11 15:13:35 - [TEST_STEP][PASSED] - Statement - counter = counter + 1: null

2018-12-11 15:13:35 - [TEST_STEP][PASSED] - Statement - PreSaveFile = new java.io.File(((pathPrefix + java.lang.Integer.toString(counter)) + .png)): null

2018-12-11 15:13:35 - [TEST_STEP][PASSED] - Statement - counter = counter + 1: null

2018-12-11 15:13:35 - [TEST_STEP][PASSED] - Statement - PreSaveFile = new java.io.File(((pathPrefix + java.lang.Integer.toString(counter)) + .png)): null

2018-12-11 15:13:35 - [TEST_STEP][PASSED] - Statement - counter = counter + 1: null

2018-12-11 15:13:35 - [TEST_STEP][PASSED] - Statement - PreSaveFile = new java.io.File(((pathPrefix + java.lang.Integer.toString(counter)) + .png)): null

2018-12-11 15:13:35 - [TEST_STEP][PASSED] - Statement - counter = counter + 1: null

2018-12-11 15:13:35 - [TEST_STEP][PASSED] - Statement - PreSaveFile = new java.io.File(((pathPrefix + java.lang.Integer.toString(counter)) + .png)): null

2018-12-11 15:13:35 - [TEST_STEP][PASSED] - Statement - counter = counter + 1: null

2018-12-11 15:13:35 - [TEST_STEP][PASSED] - Statement - PreSaveFile = new java.io.File(((pathPrefix + java.lang.Integer.toString(counter)) + .png)): null

2018-12-11 15:13:35 - [TEST_STEP][PASSED] - Statement - counter = counter + 1: null

2018-12-11 15:13:35 - [TEST_STEP][PASSED] - Statement - PreSaveFile = new java.io.File(((pathPrefix + java.lang.Integer.toString(counter)) + .png)): null

2018-12-11 15:13:35 - [TEST_STEP][PASSED] - Statement - counter = counter + 1: null

2018-12-11 15:13:35 - [TEST_STEP][PASSED] - Statement - PreSaveFile = new java.io.File(((pathPrefix + java.lang.Integer.toString(counter)) + .png)): null

2018-12-11 15:13:35 - [TEST_STEP][PASSED] - Statement - counter = counter + 1: null

2018-12-11 15:13:35 - [TEST_STEP][PASSED] - Statement - PreSaveFile = new java.io.File(((pathPrefix + java.lang.Integer.toString(counter)) + .png)): null

2018-12-11 15:13:35 - [TEST_STEP][PASSED] - Statement - counter = counter + 1: null

2018-12-11 15:13:35 - [TEST_STEP][PASSED] - Statement - PreSaveFile = new java.io.File(((pathPrefix + java.lang.Integer.toString(counter)) + .png)): null

2018-12-11 15:13:35 - [TEST_STEP][PASSED] - Statement - counter = counter + 1: null

2018-12-11 15:13:35 - [TEST_STEP][PASSED] - Statement - PreSaveFile = new java.io.File(((pathPrefix + java.lang.Integer.toString(counter)) + .png)): null

2018-12-11 15:13:35 - [TEST_STEP][PASSED] - Statement - counter = counter + 1: null

2018-12-11 15:13:35 - [TEST_STEP][PASSED] - Statement - PreSaveFile = new java.io.File(((pathPrefix + java.lang.Integer.toString(counter)) + .png)): null

2018-12-11 15:13:35 - [TEST_STEP][PASSED] - Statement - counter = counter + 1: null

2018-12-11 15:13:35 - [TEST_STEP][PASSED] - Statement - PreSaveFile = new java.io.File(((pathPrefix + java.lang.Integer.toString(counter)) + .png)): null

2018-12-11 15:13:35 - [TEST_STEP][PASSED] - Statement - counter = counter + 1: null

2018-12-11 15:13:35 - [TEST_STEP][PASSED] - Statement - PreSaveFile = new java.io.File(((pathPrefix + java.lang.Integer.toString(counter)) + .png)): null

2018-12-11 15:13:35 - [TEST_STEP][PASSED] - Statement - counter = counter + 1: null

2018-12-11 15:13:35 - [TEST_STEP][PASSED] - Statement - PreSaveFile = new java.io.File(((pathPrefix + java.lang.Integer.toString(counter)) + .png)): null

2018-12-11 15:13:35 - [TEST_STEP][PASSED] - Statement - counter = counter + 1: null

2018-12-11 15:13:35 - [TEST_STEP][PASSED] - Statement - PreSaveFile = new java.io.File(((pathPrefix + java.lang.Integer.toString(counter)) + .png)): null

2018-12-11 15:13:35 - [TEST_STEP][PASSED] - Statement - counter = counter + 1: null

2018-12-11 15:13:35 - [TEST_STEP][PASSED] - Statement - PreSaveFile = new java.io.File(((pathPrefix + java.lang.Integer.toString(counter)) + .png)): null

2018-12-11 15:13:35 - [TEST_STEP][PASSED] - Statement - counter = counter + 1: null

2018-12-11 15:13:35 - [TEST_STEP][PASSED] - Statement - PreSaveFile = new java.io.File(((pathPrefix + java.lang.Integer.toString(counter)) + .png)): null

2018-12-11 15:13:35 - [TEST_STEP][PASSED] - Statement - counter = counter + 1: null

2018-12-11 15:13:35 - [TEST_STEP][PASSED] - Statement - PreSaveFile = new java.io.File(((pathPrefix + java.lang.Integer.toString(counter)) + .png)): null

2018-12-11 15:13:35 - [TEST_STEP][PASSED] - Statement - counter = counter + 1: null

2018-12-11 15:13:35 - [TEST_STEP][PASSED] - Statement - PreSaveFile = new java.io.File(((pathPrefix + java.lang.Integer.toString(counter)) + .png)): null

2018-12-11 15:13:35 - [TEST_STEP][PASSED] - Statement - counter = counter + 1: null

2018-12-11 15:13:35 - [TEST_STEP][PASSED] - Statement - PreSaveFile = new java.io.File(((pathPrefix + java.lang.Integer.toString(counter)) + .png)): null

2018-12-11 15:13:35 - [TEST_STEP][PASSED] - Statement - counter = counter + 1: null

2018-12-11 15:13:35 - [TEST_STEP][PASSED] - Statement - PreSaveFile = new java.io.File(((pathPrefix + java.lang.Integer.toString(counter)) + .png)): null

2018-12-11 15:13:35 - [TEST_STEP][PASSED] - Statement - counter = counter + 1: null

2018-12-11 15:13:35 - [TEST_STEP][PASSED] - Statement - PreSaveFile = new java.io.File(((pathPrefix + java.lang.Integer.toString(counter)) + .png)): null

2018-12-11 15:13:35 - [TEST_STEP][PASSED] - Statement - counter = counter + 1: null

2018-12-11 15:13:35 - [TEST_STEP][PASSED] - Statement - PreSaveFile = new java.io.File(((pathPrefix + java.lang.Integer.toString(counter)) + .png)): null

2018-12-11 15:13:35 - [TEST_STEP][PASSED] - Statement - counter = counter + 1: null

2018-12-11 15:13:35 - [TEST_STEP][PASSED] - Statement - PreSaveFile = new java.io.File(((pathPrefix + java.lang.Integer.toString(counter)) + .png)): null

2018-12-11 15:13:35 - [TEST_STEP][PASSED] - Statement - counter = counter + 1: null

2018-12-11 15:13:35 - [TEST_STEP][PASSED] - Statement - PreSaveFile = new java.io.File(((pathPrefix + java.lang.Integer.toString(counter)) + .png)): null

2018-12-11 15:13:35 - [TEST_STEP][PASSED] - Statement - counter = counter + 1: null

2018-12-11 15:13:35 - [TEST_STEP][PASSED] - Statement - PreSaveFile = new java.io.File(((pathPrefix + java.lang.Integer.toString(counter)) + .png)): null

2018-12-11 15:13:35 - [TEST_STEP][PASSED] - Statement - counter = counter + 1: null

2018-12-11 15:13:35 - [TEST_STEP][PASSED] - Statement - PreSaveFile = new java.io.File(((pathPrefix + java.lang.Integer.toString(counter)) + .png)): null

2018-12-11 15:13:35 - [TEST_STEP][PASSED] - Statement - counter = counter + 1: null

2018-12-11 15:13:35 - [TEST_STEP][PASSED] - Statement - PreSaveFile = new java.io.File(((pathPrefix + java.lang.Integer.toString(counter)) + .png)): null

2018-12-11 15:13:35 - [TEST_STEP][PASSED] - Statement - counter = counter + 1: null

2018-12-11 15:13:35 - [TEST_STEP][PASSED] - Statement - PreSaveFile = new java.io.File(((pathPrefix + java.lang.Integer.toString(counter)) + .png)): null

2018-12-11 15:13:35 - [TEST_STEP][PASSED] - Statement - counter = counter + 1: null

2018-12-11 15:13:35 - [TEST_STEP][PASSED] - Statement - PreSaveFile = new java.io.File(((pathPrefix + java.lang.Integer.toString(counter)) + .png)): null

2018-12-11 15:13:35 - [TEST_STEP][PASSED] - Statement - counter = counter + 1: null

2018-12-11 15:13:35 - [TEST_STEP][PASSED] - Statement - PreSaveFile = new java.io.File(((pathPrefix + java.lang.Integer.toString(counter)) + .png)): null

2018-12-11 15:13:35 - [TEST_STEP][PASSED] - Statement - counter = counter + 1: null

2018-12-11 15:13:35 - [TEST_STEP][PASSED] - Statement - PreSaveFile = new java.io.File(((pathPrefix + java.lang.Integer.toString(counter)) + .png)): null

2018-12-11 15:13:35 - [TEST_STEP][PASSED] - Statement - counter = counter + 1: null

2018-12-11 15:13:35 - [TEST_STEP][PASSED] - Statement - PreSaveFile = new java.io.File(((pathPrefix + java.lang.Integer.toString(counter)) + .png)): null

2018-12-11 15:13:35 - [TEST_STEP][PASSED] - Statement - counter = counter + 1: null

2018-12-11 15:13:35 - [TEST_STEP][PASSED] - Statement - PreSaveFile = new java.io.File(((pathPrefix + java.lang.Integer.toString(counter)) + .png)): null

2018-12-11 15:13:35 - [TEST_STEP][PASSED] - Statement - counter = counter + 1: null

2018-12-11 15:13:35 - [TEST_STEP][PASSED] - Statement - PreSaveFile = new java.io.File(((pathPrefix + java.lang.Integer.toString(counter)) + .png)): null

2018-12-11 15:13:35 - [TEST_STEP][PASSED] - Statement - counter = counter + 1: null

2018-12-11 15:13:35 - [TEST_STEP][PASSED] - Statement - PreSaveFile = new java.io.File(((pathPrefix + java.lang.Integer.toString(counter)) + .png)): null

2018-12-11 15:13:35 - [TEST_STEP][PASSED] - Statement - counter = counter + 1: null

2018-12-11 15:13:35 - [TEST_STEP][PASSED] - Statement - PreSaveFile = new java.io.File(((pathPrefix + java.lang.Integer.toString(counter)) + .png)): null

2018-12-11 15:13:35 - [TEST_STEP][PASSED] - Statement - counter = counter + 1: null

2018-12-11 15:13:35 - [TEST_STEP][PASSED] - Statement - PreSaveFile = new java.io.File(((pathPrefix + java.lang.Integer.toString(counter)) + .png)): null

2018-12-11 15:13:35 - [TEST_STEP][PASSED] - Statement - counter = counter + 1: null

2018-12-11 15:13:35 - [TEST_STEP][PASSED] - Statement - PreSaveFile = new java.io.File(((pathPrefix + java.lang.Integer.toString(counter)) + .png)): null

2018-12-11 15:13:35 - [TEST_STEP][PASSED] - Statement - counter = counter + 1: null

2018-12-11 15:13:35 - [TEST_STEP][PASSED] - Statement - PreSaveFile = new java.io.File(((pathPrefix + java.lang.Integer.toString(counter)) + .png)): null

2018-12-11 15:13:35 - [TEST_STEP][PASSED] - Statement - counter = counter + 1: null

2018-12-11 15:13:35 - [TEST_STEP][PASSED] - Statement - PreSaveFile = new java.io.File(((pathPrefix + java.lang.Integer.toString(counter)) + .png)): null

2018-12-11 15:13:35 - [TEST_STEP][PASSED] - Statement - counter = counter + 1: null

2018-12-11 15:13:35 - [TEST_STEP][PASSED] - Statement - PreSaveFile = new java.io.File(((pathPrefix + java.lang.Integer.toString(counter)) + .png)): null

2018-12-11 15:13:35 - [TEST_STEP][PASSED] - Statement - counter = counter + 1: null

2018-12-11 15:13:35 - [TEST_STEP][PASSED] - Statement - PreSaveFile = new java.io.File(((pathPrefix + java.lang.Integer.toString(counter)) + .png)): null

2018-12-11 15:13:35 - [TEST_STEP][PASSED] - Statement - counter = counter + 1: null

2018-12-11 15:13:35 - [TEST_STEP][PASSED] - Statement - PreSaveFile = new java.io.File(((pathPrefix + java.lang.Integer.toString(counter)) + .png)): null

2018-12-11 15:13:35 - [TEST_STEP][PASSED] - Statement - counter = counter + 1: null

2018-12-11 15:13:35 - [TEST_STEP][PASSED] - Statement - PreSaveFile = new java.io.File(((pathPrefix + java.lang.Integer.toString(counter)) + .png)): null

2018-12-11 15:13:35 - [TEST_STEP][PASSED] - Statement - counter = counter + 1: null

2018-12-11 15:13:35 - [TEST_STEP][PASSED] - Statement - PreSaveFile = new java.io.File(((pathPrefix + java.lang.Integer.toString(counter)) + .png)): null

2018-12-11 15:13:35 - [TEST_STEP][PASSED] - Statement - counter = counter + 1: null

2018-12-11 15:13:35 - [TEST_STEP][PASSED] - Statement - PreSaveFile = new java.io.File(((pathPrefix + java.lang.Integer.toString(counter)) + .png)): null

2018-12-11 15:13:35 - [TEST_STEP][PASSED] - Statement - counter = counter + 1: null

2018-12-11 15:13:35 - [TEST_STEP][PASSED] - Statement - PreSaveFile = new java.io.File(((pathPrefix + java.lang.Integer.toString(counter)) + .png)): null

2018-12-11 15:13:35 - [TEST_STEP][PASSED] - Statement - counter = counter + 1: null

2018-12-11 15:13:35 - [TEST_STEP][PASSED] - Statement - PreSaveFile = new java.io.File(((pathPrefix + java.lang.Integer.toString(counter)) + .png)): null

2018-12-11 15:13:35 - [TEST_STEP][PASSED] - Statement - counter = counter + 1: null

2018-12-11 15:13:35 - [TEST_STEP][PASSED] - Statement - PreSaveFile = new java.io.File(((pathPrefix + java.lang.Integer.toString(counter)) + .png)): null

2018-12-11 15:13:35 - [TEST_STEP][PASSED] - Statement - counter = counter + 1: null

2018-12-11 15:13:35 - [TEST_STEP][PASSED] - Statement - PreSaveFile = new java.io.File(((pathPrefix + java.lang.Integer.toString(counter)) + .png)): null

2018-12-11 15:13:35 - [TEST_STEP][PASSED] - Statement - counter = counter + 1: null

2018-12-11 15:13:35 - [TEST_STEP][PASSED] - Statement - PreSaveFile = new java.io.File(((pathPrefix + java.lang.Integer.toString(counter)) + .png)): null

2018-12-11 15:13:35 - [TEST_STEP][PASSED] - Statement - counter = counter + 1: null

2018-12-11 15:13:35 - [TEST_STEP][PASSED] - Statement - PreSaveFile = new java.io.File(((pathPrefix + java.lang.Integer.toString(counter)) + .png)): null

2018-12-11 15:13:35 - [TEST_STEP][PASSED] - Statement - counter = counter + 1: null

2018-12-11 15:13:35 - [TEST_STEP][PASSED] - Statement - PreSaveFile = new java.io.File(((pathPrefix + java.lang.Integer.toString(counter)) + .png)): null

2018-12-11 15:13:35 - [TEST_STEP][PASSED] - Statement - counter = counter + 1: null

2018-12-11 15:13:35 - [TEST_STEP][PASSED] - Statement - PreSaveFile = new java.io.File(((pathPrefix + java.lang.Integer.toString(counter)) + .png)): null

2018-12-11 15:13:35 - [TEST_STEP][PASSED] - Statement - counter = counter + 1: null

2018-12-11 15:13:35 - [TEST_STEP][PASSED] - Statement - PreSaveFile = new java.io.File(((pathPrefix + java.lang.Integer.toString(counter)) + .png)): null

2018-12-11 15:13:35 - [TEST_STEP][PASSED] - Statement - counter = counter + 1: null

2018-12-11 15:13:35 - [TEST_STEP][PASSED] - Statement - PreSaveFile = new java.io.File(((pathPrefix + java.lang.Integer.toString(counter)) + .png)): null

2018-12-11 15:13:35 - [TEST_STEP][PASSED] - Statement - counter = counter + 1: null

2018-12-11 15:13:35 - [TEST_STEP][PASSED] - Statement - PreSaveFile = new java.io.File(((pathPrefix + java.lang.Integer.toString(counter)) + .png)): null

2018-12-11 15:13:35 - [TEST_STEP][PASSED] - Statement - counter = counter + 1: null

2018-12-11 15:13:35 - [TEST_STEP][PASSED] - Statement - PreSaveFile = new java.io.File(((pathPrefix + java.lang.Integer.toString(counter)) + .png)): null

2018-12-11 15:13:35 - [TEST_STEP][PASSED] - Statement - finalPath = pathPrefix + java.lang.Integer.toString(counter) + ".png": null

2018-12-11 15:13:35 - [TEST_STEP][PASSED] - Statement - SaveFile = new java.io.File(finalPath): null

2018-12-11 15:13:35 - [TEST_STEP][PASSED] - Statement - Try: null

2018-12-11 15:13:35 - [TEST_STEP][PASSED] - Statement - org.apache.commons.io.FileUtils.copyFile(scrFile, SaveFile): null

2018-12-11 15:13:35 - [TEST_STEP][PASSED] - Statement - out.println("file kept"): null

2018-12-11 15:13:35 - [TEST_STEP][PASSED] - delay: Delayed 10 second(s)

2018-12-11 15:13:45 - [MESSAGE][PASSED] - Delayed 10 second(s)

2018-12-11 15:13:45 - [MESSAGE][PASSED] - Call Test Case 'Test Cases/Final Aug 2018 - PKS Automation/Registration Module/New Registration/Submit and Screenshot/Submit Registration and Screenshot' successfully

2018-12-11 15:13:45 - [TEST_STEP][PASSED] - delay: Delayed 5 second(s)

2018-12-11 15:13:50 - [MESSAGE][PASSED] - Delayed 5 second(s)

2018-12-11 15:13:50 - [TEST_STEP][PASSED] - callTestCase: Call Test Case 'Test Cases/Final Aug 2018 - PKS Automation/Registration Module/Log Out/log out avoiding katalon tagging' successfully

2018-12-11 15:13:50 - [TEST_CASE][PASSED] - Test Cases/Final Aug 2018 - PKS Automation/Registration Module/Log Out/log out avoiding katalon tagging: Test Cases/Final Aug 2018 - PKS Automation/Registration Module/Log Out/log out avoiding katalon tagging

2018-12-11 15:13:50 - [TEST_STEP][PASSED] - navigateToUrl: Navigate to 'https://assist2-uat.perkeso.gov.my/c/portal/logout' successfully

2018-12-11 15:13:51 - [MESSAGE][PASSED] - Navigate to 'https://assist2-uat.perkeso.gov.my/c/portal/logout' successfully

2018-12-11 15:13:51 - [MESSAGE][PASSED] - Call Test Case 'Test Cases/Final Aug 2018 - PKS Automation/Registration Module/Log Out/log out avoiding katalon tagging' successfully

2018-12-11 15:13:51 - [TEST_STEP][PASSED] - callTestCase: Call Test Case 'Test Cases/Final Aug 2018 - PKS Automation/Common/Workflow Owner Finder' successfully

2018-12-11 15:13:51 - [TEST_CASE][PASSED] - Test Cases/Final Aug 2018 - PKS Automation/Common/Workflow Owner Finder: Test Cases/Final Aug 2018 - PKS Automation/Common/Workflow Owner Finder

2018-12-11 15:13:51 - [TEST_STEP][PASSED] - openBrowser: Browser is opened with url: ''

2018-12-11 15:13:51 - [MESSAGE][WARNING] - A browser is already opened. Closing browser and opening a new one

2018-12-11 15:13:55 - [MESSAGE][PASSED] - Browser is opened with url: ''

2018-12-11 15:13:55 - [TEST_STEP][PASSED] - navigateToUrl: Navigate to 'https://assist2-uat.perkeso.gov.my/login' successfully

2018-12-11 15:13:56 - [MESSAGE][PASSED] - Navigate to 'https://assist2-uat.perkeso.gov.my/login' successfully

2018-12-11 15:13:56 - [TEST_STEP][PASSED] - delay: Delayed 5 second(s)

2018-12-11 15:14:01 - [MESSAGE][PASSED] - Delayed 5 second(s)

2018-12-11 15:14:01 - [TEST_STEP][PASSED] - setText: Text 'test@liferay.com' is set on object 'Object Repository/Final Object Repo/Login Page/Internal User/Email Address'

2018-12-11 15:14:01 - [MESSAGE][PASSED] - Text 'test@liferay.com' is set on object 'Object Repository/Final Object Repo/Login Page/Internal User/Email Address'

2018-12-11 15:14:01 - [TEST_STEP][PASSED] - click: Object: 'Object Repository/Final Object Repo/Login Page/Internal User/Next Button' is clicked on

2018-12-11 15:14:01 - [MESSAGE][PASSED] - Object: 'Object Repository/Final Object Repo/Login Page/Internal User/Next Button' is clicked on

2018-12-11 15:14:01 - [TEST_STEP][PASSED] - delay: Delayed 2 second(s)

2018-12-11 15:14:03 - [MESSAGE][PASSED] - Delayed 2 second(s)

2018-12-11 15:14:03 - [TEST_STEP][PASSED] - setText: Text 'test' is set on object 'Object Repository/Final Object Repo/Login Page/Internal User/Password'

2018-12-11 15:14:03 - [MESSAGE][PASSED] - Text 'test' is set on object 'Object Repository/Final Object Repo/Login Page/Internal User/Password'

2018-12-11 15:14:03 - [TEST_STEP][PASSED] - delay: Delayed 2 second(s)

2018-12-11 15:14:05 - [MESSAGE][PASSED] - Delayed 2 second(s)

2018-12-11 15:14:05 - [TEST_STEP][PASSED] - click: Object: 'Object Repository/Final Object Repo/Login Page/Internal User/Login Button' is clicked on

2018-12-11 15:14:06 - [MESSAGE][PASSED] - Object: 'Object Repository/Final Object Repo/Login Page/Internal User/Login Button' is clicked on

2018-12-11 15:14:06 - [TEST_STEP][PASSED] - Statement - tester = com.kms.katalon.core.testobject.ObjectRepository.findTestObject(Final Object Repo/Landing Page/Select to English): Finding Test Object with id 'Object Repository/Final Object Repo/Landing Page/Select to English'

2018-12-11 15:14:06 - [TEST_STEP][PASSED] - Statement - Try: Delayed 2 second(s)

2018-12-11 15:14:06 - [TEST_STEP][PASSED] - Statement - Checker = com.kms.katalon.core.webui.keyword.WebUiBuiltInKeywords.verifyElementNotPresent(tester, 3): Web element with id: 'Object Repository/Final Object Repo/Landing Page/Select to English' located by 'By.xpath: //a[@class = 'taglib-language-list-text' and @lang = 'en-US' and (contains(text(), 'EN') or contains(., 'EN'))]' is not present after '3' second(s)

2018-12-11 15:14:08 - [MESSAGE][PASSED] - Web element with id: 'Object Repository/Final Object Repo/Landing Page/Select to English' located by 'By.xpath: //a[@class = 'taglib-language-list-text' and @lang = 'en-US' and (contains(text(), 'EN') or contains(., 'EN'))]' is not present after '3' second(s)

2018-12-11 15:14:08 - [TEST_STEP][PASSED] - Statement - If (Checker == false): null

2018-12-11 15:14:08 - [TEST_STEP][PASSED] - delay: Delayed 2 second(s)

2018-12-11 15:14:10 - [MESSAGE][PASSED] - Delayed 2 second(s)

2018-12-11 15:14:10 - [TEST_STEP][PASSED] - delay: Delayed 5 second(s)

2018-12-11 15:14:15 - [MESSAGE][PASSED] - Delayed 5 second(s)

2018-12-11 15:14:15 - [TEST_STEP][PASSED] - mouseOver: Object: 'Object Repository/Final Object Repo/Landing Page/WorkFlow Menu' is hovered

2018-12-11 15:14:15 - [MESSAGE][PASSED] - Object: 'Object Repository/Final Object Repo/Landing Page/WorkFlow Menu' is hovered

2018-12-11 15:14:15 - [TEST_STEP][PASSED] - delay: Delayed 2 second(s)

2018-12-11 15:14:17 - [MESSAGE][PASSED] - Delayed 2 second(s)

2018-12-11 15:14:17 - [TEST_STEP][PASSED] - click: Object: 'Object Repository/Final Object Repo/Landing Page/Select to Workflow Listing' is clicked on

2018-12-11 15:14:18 - [MESSAGE][PASSED] - Object: 'Object Repository/Final Object Repo/Landing Page/Select to Workflow Listing' is clicked on

2018-12-11 15:14:18 - [TEST_STEP][PASSED] - delay: Delayed 2 second(s)

2018-12-11 15:14:20 - [MESSAGE][PASSED] - Delayed 2 second(s)

2018-12-11 15:14:20 - [TEST_STEP][PASSED] - click: Object: 'Object Repository/Final Object Repo/WorkFlow Listing Page/Search Information - To Put Ref No' is clicked on

2018-12-11 15:14:20 - [MESSAGE][PASSED] - Object: 'Object Repository/Final Object Repo/WorkFlow Listing Page/Search Information - To Put Ref No' is clicked on

2018-12-11 15:14:20 - [TEST_STEP][PASSED] - delay: Delayed 2 second(s)

2018-12-11 15:14:22 - [MESSAGE][PASSED] - Delayed 2 second(s)

2018-12-11 15:14:22 - [TEST_STEP][PASSED] - callTestCase: Call Test Case 'Test Cases/Final Aug 2018 - PKS Automation/Common/Reference Number Getter' successfully

2018-12-11 15:14:22 - [TEST_CASE][PASSED] - Test Cases/Final Aug 2018 - PKS Automation/Common/Reference Number Getter: Test Cases/Final Aug 2018 - PKS Automation/Common/Reference Number Getter

2018-12-11 15:14:22 - [TEST_STEP][PASSED] - Statement - Try: null

2018-12-11 15:14:22 - [TEST_STEP][PASSED] - Statement - RefNo = new java.io.File(C://Users//Admin//Desktop//PKS//Automation Reference Point//KatalonReference.txt): null

2018-12-11 15:14:22 - [TEST_STEP][PASSED] - Statement - bufferread = new java.io.BufferedReader(new java.io.FileReader(RefNo)): null

2018-12-11 15:14:22 - [TEST_STEP][PASSED] - Statement - readedVal = bufferread.readLine(): null

2018-12-11 15:14:22 - [TEST_STEP][PASSED] - Statement - out.println(CaseReferenceNo): null

2018-12-11 15:14:22 - [TEST_STEP][PASSED] - Statement - out.println(readedVal): null

2018-12-11 15:14:22 - [TEST_STEP][PASSED] - Statement - CaseReferenceNo = "": null

2018-12-11 15:14:22 - [TEST_STEP][PASSED] - Statement - CaseReferenceNo = readedVal: null

2018-12-11 15:14:22 - [MESSAGE][PASSED] - Call Test Case 'Test Cases/Final Aug 2018 - PKS Automation/Common/Reference Number Getter' successfully

2018-12-11 15:14:22 - [TEST_STEP][PASSED] - setText: Text 'CRN12201800123178' is set on object 'Object Repository/Final Object Repo/WorkFlow Listing Page/Ref No Set Text'

2018-12-11 15:14:22 - [MESSAGE][PASSED] - Text 'CRN12201800123178' is set on object 'Object Repository/Final Object Repo/WorkFlow Listing Page/Ref No Set Text'

2018-12-11 15:14:22 - [TEST_STEP][PASSED] - delay: Delayed 2 second(s)

2018-12-11 15:14:24 - [MESSAGE][PASSED] - Delayed 2 second(s)

2018-12-11 15:14:24 - [TEST_STEP][PASSED] - click: Object: 'Object Repository/Final Object Repo/WorkFlow Listing Page/Search Ref No Search Button' is clicked on

2018-12-11 15:14:25 - [MESSAGE][PASSED] - Object: 'Object Repository/Final Object Repo/WorkFlow Listing Page/Search Ref No Search Button' is clicked on

2018-12-11 15:14:25 - [TEST_STEP][PASSED] - delay: Delayed 6 second(s)

2018-12-11 15:14:31 - [MESSAGE][PASSED] - Delayed 6 second(s)

2018-12-11 15:14:31 - [TEST_STEP][PASSED] - click: Object: 'Object Repository/Final Object Repo/WorkFlow Listing Page/Click Continue Tooltip' is clicked on

2018-12-11 15:14:32 - [MESSAGE][PASSED] - Object: 'Object Repository/Final Object Repo/WorkFlow Listing Page/Click Continue Tooltip' is clicked on

2018-12-11 15:14:32 - [TEST_STEP][PASSED] - delay: Delayed 5 second(s)

2018-12-11 15:14:37 - [MESSAGE][PASSED] - Delayed 5 second(s)

2018-12-11 15:14:37 - [TEST_STEP][PASSED] - doubleClick: Object: 'Object Repository/Final Object Repo/WorkFlow Listing Page/Workflow Found - Listing 1' is double clicked on

2018-12-11 15:14:37 - [MESSAGE][PASSED] - Object: 'Object Repository/Final Object Repo/WorkFlow Listing Page/Workflow Found - Listing 1' is double clicked on

2018-12-11 15:14:37 - [TEST_STEP][PASSED] - Statement - println(OwnerID): null

2018-12-11 15:14:37 - [TEST_STEP][PASSED] - Statement - OwnerID = com.kms.katalon.core.webui.keyword.WebUiBuiltInKeywords.getText(com.kms.katalon.core.testobject.ObjectRepository.findTestObject(Final Object Repo/WorkFlow Listing Page/Workflow Found - Listing 1), STOP_ON_FAILURE): Text of object 'Object Repository/Final Object Repo/WorkFlow Listing Page/Workflow Found - Listing 1' is: 'JOHORro3'

2018-12-11 15:14:37 - [MESSAGE][PASSED] - Text of object 'Object Repository/Final Object Repo/WorkFlow Listing Page/Workflow Found - Listing 1' is: 'JOHORro3'

2018-12-11 15:14:37 - [TEST_STEP][PASSED] - Statement - OwnerID = OwnerID.toLowerCase() + "@gmail.com": null

2018-12-11 15:14:37 - [TEST_STEP][PASSED] - Statement - println(OwnerID): null

2018-12-11 15:14:37 - [TEST_STEP][PASSED] - delay: Delayed 2 second(s)

2018-12-11 15:14:39 - [MESSAGE][PASSED] - Delayed 2 second(s)

2018-12-11 15:14:39 - [MESSAGE][PASSED] - Call Test Case 'Test Cases/Final Aug 2018 - PKS Automation/Common/Workflow Owner Finder' successfully

2018-12-11 15:14:39 - [TEST_STEP][PASSED] - callTestCase: Call Test Case 'Test Cases/Final Aug 2018 - PKS Automation/Registration Module/Log Out/log out avoiding katalon tagging' successfully

2018-12-11 15:14:39 - [TEST_CASE][PASSED] - Test Cases/Final Aug 2018 - PKS Automation/Registration Module/Log Out/log out avoiding katalon tagging: Test Cases/Final Aug 2018 - PKS Automation/Registration Module/Log Out/log out avoiding katalon tagging

2018-12-11 15:14:39 - [TEST_STEP][PASSED] - navigateToUrl: Navigate to 'https://assist2-uat.perkeso.gov.my/c/portal/logout' successfully

2018-12-11 15:14:40 - [MESSAGE][PASSED] - Navigate to 'https://assist2-uat.perkeso.gov.my/c/portal/logout' successfully

2018-12-11 15:14:40 - [MESSAGE][PASSED] - Call Test Case 'Test Cases/Final Aug 2018 - PKS Automation/Registration Module/Log Out/log out avoiding katalon tagging' successfully

2018-12-11 15:14:40 - [TEST_STEP][PASSED] - delay: Delayed 2 second(s)

2018-12-11 15:14:42 - [MESSAGE][PASSED] - Delayed 2 second(s)

2018-12-11 15:14:42 - [TEST_STEP][PASSED] - setText: Text 'johorro3@gmail.com' is set on object 'Object Repository/Final Object Repo/New Registration - Registration Module Pages/New Reg - OTC to RO/Special Case - All Related Objects/Email TextBox'

2018-12-11 15:14:42 - [MESSAGE][PASSED] - Text 'johorro3@gmail.com' is set on object 'Object Repository/Final Object Repo/New Registration - Registration Module Pages/New Reg - OTC to RO/Special Case - All Related Objects/Email TextBox'

2018-12-11 15:14:42 - [TEST_STEP][PASSED] - click: Object: 'Object Repository/Final Object Repo/New Registration - Registration Module Pages/New Reg - OTC to RO/Special Case - All Related Objects/Next Button' is clicked on

2018-12-11 15:14:42 - [MESSAGE][PASSED] - Object: 'Object Repository/Final Object Repo/New Registration - Registration Module Pages/New Reg - OTC to RO/Special Case - All Related Objects/Next Button' is clicked on

2018-12-11 15:14:42 - [TEST_STEP][PASSED] - delay: Delayed 2 second(s)

2018-12-11 15:14:44 - [MESSAGE][PASSED] - Delayed 2 second(s)

2018-12-11 15:14:44 - [TEST_STEP][PASSED] - setText: Text 'Test1@3456789' is set on object 'Object Repository/Final Object Repo/New Registration - Registration Module Pages/New Reg - OTC to RO/Special Case - All Related Objects/Password TextBox'

2018-12-11 15:14:45 - [MESSAGE][PASSED] - Text 'Test1@3456789' is set on object 'Object Repository/Final Object Repo/New Registration - Registration Module Pages/New Reg - OTC to RO/Special Case - All Related Objects/Password TextBox'

2018-12-11 15:14:45 - [TEST_STEP][PASSED] - delay: Delayed 2 second(s)

2018-12-11 15:14:47 - [MESSAGE][PASSED] - Delayed 2 second(s)

2018-12-11 15:14:47 - [TEST_STEP][PASSED] - click: Object: 'Object Repository/Final Object Repo/New Registration - Registration Module Pages/New Reg - OTC to RO/Special Case - All Related Objects/Login Button' is clicked on

2018-12-11 15:14:47 - [MESSAGE][PASSED] - Object: 'Object Repository/Final Object Repo/New Registration - Registration Module Pages/New Reg - OTC to RO/Special Case - All Related Objects/Login Button' is clicked on

2018-12-11 15:14:47 - [TEST_STEP][PASSED] - delay: Delayed 2 second(s)

2018-12-11 15:14:49 - [MESSAGE][PASSED] - Delayed 2 second(s)

2018-12-11 15:14:49 - [TEST_STEP][PASSED] - Statement - Try: null

2018-12-11 15:14:49 - [TEST_STEP][PASSED] - Statement - Checker = com.kms.katalon.core.webui.keyword.WebUiBuiltInKeywords.verifyElementNotPresent("Final Object Repo/Landing Page/Select to English", 3): null

2018-12-11 15:14:49 - [TEST_STEP][PASSED] - Statement - Catch (Exception e): null

2018-12-11 15:14:49 - [TEST_STEP][PASSED] - Statement - e.printStackTrace(): null

2018-12-11 15:14:49 - [TEST_STEP][PASSED] - click: Object: 'Object Repository/Final Object Repo/New Registration - Registration Module Pages/New Reg - OTC to RO/Special Case - All Related Objects/Expand to Search' is clicked on

2018-12-11 15:14:49 - [MESSAGE][PASSED] - Object: 'Object Repository/Final Object Repo/New Registration - Registration Module Pages/New Reg - OTC to RO/Special Case - All Related Objects/Expand to Search' is clicked on

2018-12-11 15:14:49 - [TEST_STEP][PASSED] - delay: Delayed 2 second(s)

2018-12-11 15:14:51 - [MESSAGE][PASSED] - Delayed 2 second(s)

2018-12-11 15:14:51 - [TEST_STEP][PASSED] - setText: Text 'CRN12201800123178' is set on object 'Object Repository/Final Object Repo/New Registration - Registration Module Pages/New Reg - OTC to RO/Special Case - All Related Objects/TextBox RefNo in Workbasket'

2018-12-11 15:14:51 - [MESSAGE][PASSED] - Text 'CRN12201800123178' is set on object 'Object Repository/Final Object Repo/New Registration - Registration Module Pages/New Reg - OTC to RO/Special Case - All Related Objects/TextBox RefNo in Workbasket'

2018-12-11 15:14:51 - [TEST_STEP][PASSED] - delay: Delayed 2 second(s)

2018-12-11 15:14:53 - [MESSAGE][PASSED] - Delayed 2 second(s)

2018-12-11 15:14:53 - [TEST_STEP][PASSED] - click: Object: 'Object Repository/Final Object Repo/New Registration - Registration Module Pages/New Reg - OTC to RO/Special Case - All Related Objects/Click Search' is clicked on

2018-12-11 15:14:54 - [MESSAGE][PASSED] - Object: 'Object Repository/Final Object Repo/New Registration - Registration Module Pages/New Reg - OTC to RO/Special Case - All Related Objects/Click Search' is clicked on

2018-12-11 15:14:54 - [TEST_STEP][PASSED] - delay: Delayed 2 second(s)

2018-12-11 15:14:56 - [MESSAGE][PASSED] - Delayed 2 second(s)

2018-12-11 15:14:56 - [TEST_STEP][PASSED] - click: Object: 'Object Repository/Final Object Repo/New Registration - Registration Module Pages/New Reg - OTC to RO/Special Case - All Related Objects/Click to Continue Workflow' is clicked on

2018-12-11 15:14:59 - [MESSAGE][PASSED] - Object: 'Object Repository/Final Object Repo/New Registration - Registration Module Pages/New Reg - OTC to RO/Special Case - All Related Objects/Click to Continue Workflow' is clicked on

2018-12-11 15:14:59 - [TEST_STEP][PASSED] - delay: Delayed 8 second(s)

2018-12-11 15:15:07 - [MESSAGE][PASSED] - Delayed 8 second(s)

2018-12-11 15:15:07 - [TEST_STEP][PASSED] - click: Object: 'Object Repository/Final Object Repo/New Registration - Registration Module Pages/New Reg - OTC to RO/Special Case - All Related Objects/Continue Button in verifying case' is clicked on

2018-12-11 15:15:09 - [MESSAGE][PASSED] - Object: 'Object Repository/Final Object Repo/New Registration - Registration Module Pages/New Reg - OTC to RO/Special Case - All Related Objects/Continue Button in verifying case' is clicked on

2018-12-11 15:15:09 - [TEST_STEP][PASSED] - delay: Delayed 2 second(s)

2018-12-11 15:15:11 - [MESSAGE][PASSED] - Delayed 2 second(s)

2018-12-11 15:15:11 - [TEST_STEP][PASSED] - click: Object: 'Object Repository/Final Object Repo/New Registration - Registration Module Pages/Form 1/Registered As a Branch - Yes' is clicked on

2018-12-11 15:15:11 - [MESSAGE][PASSED] - Object: 'Object Repository/Final Object Repo/New Registration - Registration Module Pages/Form 1/Registered As a Branch - Yes' is clicked on

2018-12-11 15:15:11 - [TEST_STEP][PASSED] - delay: Delayed 2 second(s)

2018-12-11 15:15:13 - [MESSAGE][PASSED] - Delayed 2 second(s)

2018-12-11 15:15:13 - [TEST_STEP][PASSED] - click: Object: 'Object Repository/Final Object Repo/New Registration - Registration Module Pages/New Reg - OTC to RO/Special Case - All Related Objects/Form 1 Save n Continue' is clicked on

2018-12-11 15:15:13 - [MESSAGE][PASSED] - Object: 'Object Repository/Final Object Repo/New Registration - Registration Module Pages/New Reg - OTC to RO/Special Case - All Related Objects/Form 1 Save n Continue' is clicked on

2018-12-11 15:15:13 - [TEST_STEP][PASSED] - delay: Delayed 2 second(s)

2018-12-11 15:15:15 - [MESSAGE][PASSED] - Delayed 2 second(s)

2018-12-11 15:15:15 - [TEST_STEP][PASSED] - click: Object: 'Object Repository/Final Object Repo/New Registration - Registration Module Pages/New Reg - OTC to RO/Special Case - All Related Objects/Form 2 Save n Continue' is clicked on

2018-12-11 15:15:15 - [MESSAGE][PASSED] - Object: 'Object Repository/Final Object Repo/New Registration - Registration Module Pages/New Reg - OTC to RO/Special Case - All Related Objects/Form 2 Save n Continue' is clicked on

2018-12-11 15:15:15 - [TEST_STEP][PASSED] - delay: Delayed 2 second(s)

2018-12-11 15:15:17 - [MESSAGE][PASSED] - Delayed 2 second(s)

2018-12-11 15:15:17 - [TEST_STEP][PASSED] - click: Object: 'Object Repository/Final Object Repo/New Registration - Registration Module Pages/New Reg - OTC to RO/Special Case - All Related Objects/Third Screen Save n Continue' is clicked on

2018-12-11 15:15:23 - [MESSAGE][PASSED] - Object: 'Object Repository/Final Object Repo/New Registration - Registration Module Pages/New Reg - OTC to RO/Special Case - All Related Objects/Third Screen Save n Continue' is clicked on

2018-12-11 15:15:23 - [TEST_STEP][PASSED] - delay: Delayed 5 second(s)

2018-12-11 15:15:28 - [MESSAGE][PASSED] - Delayed 5 second(s)

2018-12-11 15:15:28 - [TEST_STEP][PASSED] - click: Object: 'Object Repository/Final Object Repo/New Registration - Registration Module Pages/New Reg - OTC to RO/Special Case - All Related Objects/Upload Doc Page Save n Continue' is clicked on

2018-12-11 15:15:28 - [MESSAGE][PASSED] - Object: 'Object Repository/Final Object Repo/New Registration - Registration Module Pages/New Reg - OTC to RO/Special Case - All Related Objects/Upload Doc Page Save n Continue' is clicked on

2018-12-11 15:15:28 - [TEST_STEP][PASSED] - delay: Delayed 5 second(s)

2018-12-11 15:15:33 - [MESSAGE][PASSED] - Delayed 5 second(s)

2018-12-11 15:15:33 - [TEST_STEP][PASSED] - click: Object: 'Object Repository/Final Object Repo/New Registration - Registration Module Pages/New Reg - OTC to RO/Special Case - All Related Objects/Under Enforcement Button at Preview Screen of RO' is clicked on

2018-12-11 15:15:33 - [MESSAGE][PASSED] - Object: 'Object Repository/Final Object Repo/New Registration - Registration Module Pages/New Reg - OTC to RO/Special Case - All Related Objects/Under Enforcement Button at Preview Screen of RO' is clicked on

2018-12-11 15:15:33 - [TEST_STEP][PASSED] - delay: Delayed 5 second(s)

2018-12-11 15:15:38 - [MESSAGE][PASSED] - Delayed 5 second(s)

2018-12-11 15:15:38 - [TEST_STEP][PASSED] - click: Object: 'Object Repository/Final Object Repo/New Registration - Registration Module Pages/New Reg - OTC to RO/Special Case - All Related Objects/Under Enforcement - inner form' is clicked on

2018-12-11 15:15:39 - [MESSAGE][PASSED] - Object: 'Object Repository/Final Object Repo/New Registration - Registration Module Pages/New Reg - OTC to RO/Special Case - All Related Objects/Under Enforcement - inner form' is clicked on

2018-12-11 15:15:39 - [TEST_STEP][PASSED] - callTestCase: Call Test Case 'Test Cases/Final Aug 2018 - PKS Automation/Common/Screenshoting tool' successfully

2018-12-11 15:15:39 - [TEST_CASE][PASSED] - Test Cases/Final Aug 2018 - PKS Automation/Common/Screenshoting tool: Test Cases/Final Aug 2018 - PKS Automation/Common/Screenshoting tool

2018-12-11 15:15:39 - [TEST_STEP][PASSED] - delay: Delayed 15 second(s)

2018-12-11 15:15:54 - [MESSAGE][PASSED] - Delayed 15 second(s)

2018-12-11 15:15:54 - [TEST_STEP][PASSED] - Statement - driver = com.kms.katalon.core.webui.driver.DriverFactory.getWebDriver(): null

2018-12-11 15:15:54 - [TEST_STEP][PASSED] - Statement - driver.manage().timeouts().implicitlyWait(10, SECONDS): null

2018-12-11 15:15:54 - [TEST_STEP][PASSED] - Statement - PresavePath = KatalonScreenshots: null

2018-12-11 15:15:54 - [TEST_STEP][PASSED] - Statement - pathPrefix = "C:\Users\Public\Pictures\Sample Pictures\Katalon Screenshots\Automate Ending Screen": null

2018-12-11 15:15:54 - [TEST_STEP][PASSED] - Statement - finalPath = <not implemented yet for class: org.codehaus.groovy.ast.expr.EmptyExpression>: null

2018-12-11 15:15:54 - [TEST_STEP][PASSED] - Statement - scrFile = driver.getScreenshotAs(FILE): null

2018-12-11 15:15:54 - [TEST_STEP][PASSED] - Statement - PreSaveFile = new java.io.File(PresavePath): null

2018-12-11 15:15:54 - [TEST_STEP][PASSED] - Statement - counter = 0: null

2018-12-11 15:15:54 - [TEST_STEP][PASSED] - Statement - If (PreSaveFile.exists()): null

2018-12-11 15:15:54 - [TEST_STEP][PASSED] - Statement - While (PreSaveFile.exists()): null

2018-12-11 15:15:54 - [TEST_STEP][PASSED] - Statement - counter = counter + 1: null

2018-12-11 15:15:54 - [TEST_STEP][PASSED] - Statement - PreSaveFile = new java.io.File(((pathPrefix + java.lang.Integer.toString(counter)) + .png)): null

2018-12-11 15:15:54 - [TEST_STEP][PASSED] - Statement - counter = counter + 1: null

2018-12-11 15:15:54 - [TEST_STEP][PASSED] - Statement - PreSaveFile = new java.io.File(((pathPrefix + java.lang.Integer.toString(counter)) + .png)): null

2018-12-11 15:15:54 - [TEST_STEP][PASSED] - Statement - counter = counter + 1: null

2018-12-11 15:15:54 - [TEST_STEP][PASSED] - Statement - PreSaveFile = new java.io.File(((pathPrefix + java.lang.Integer.toString(counter)) + .png)): null

2018-12-11 15:15:54 - [TEST_STEP][PASSED] - Statement - counter = counter + 1: null

2018-12-11 15:15:54 - [TEST_STEP][PASSED] - Statement - PreSaveFile = new java.io.File(((pathPrefix + java.lang.Integer.toString(counter)) + .png)): null

2018-12-11 15:15:54 - [TEST_STEP][PASSED] - Statement - counter = counter + 1: null

2018-12-11 15:15:54 - [TEST_STEP][PASSED] - Statement - PreSaveFile = new java.io.File(((pathPrefix + java.lang.Integer.toString(counter)) + .png)): null

2018-12-11 15:15:54 - [TEST_STEP][PASSED] - Statement - counter = counter + 1: null

2018-12-11 15:15:54 - [TEST_STEP][PASSED] - Statement - PreSaveFile = new java.io.File(((pathPrefix + java.lang.Integer.toString(counter)) + .png)): null

2018-12-11 15:15:54 - [TEST_STEP][PASSED] - Statement - counter = counter + 1: null

2018-12-11 15:15:54 - [TEST_STEP][PASSED] - Statement - PreSaveFile = new java.io.File(((pathPrefix + java.lang.Integer.toString(counter)) + .png)): null

2018-12-11 15:15:54 - [TEST_STEP][PASSED] - Statement - counter = counter + 1: null

2018-12-11 15:15:54 - [TEST_STEP][PASSED] - Statement - PreSaveFile = new java.io.File(((pathPrefix + java.lang.Integer.toString(counter)) + .png)): null

2018-12-11 15:15:54 - [TEST_STEP][PASSED] - Statement - counter = counter + 1: null

2018-12-11 15:15:54 - [TEST_STEP][PASSED] - Statement - PreSaveFile = new java.io.File(((pathPrefix + java.lang.Integer.toString(counter)) + .png)): null

2018-12-11 15:15:54 - [TEST_STEP][PASSED] - Statement - counter = counter + 1: null

2018-12-11 15:15:54 - [TEST_STEP][PASSED] - Statement - PreSaveFile = new java.io.File(((pathPrefix + java.lang.Integer.toString(counter)) + .png)): null

2018-12-11 15:15:54 - [TEST_STEP][PASSED] - Statement - counter = counter + 1: null

2018-12-11 15:15:54 - [TEST_STEP][PASSED] - Statement - PreSaveFile = new java.io.File(((pathPrefix + java.lang.Integer.toString(counter)) + .png)): null

2018-12-11 15:15:54 - [TEST_STEP][PASSED] - Statement - counter = counter + 1: null

2018-12-11 15:15:54 - [TEST_STEP][PASSED] - Statement - PreSaveFile = new java.io.File(((pathPrefix + java.lang.Integer.toString(counter)) + .png)): null

2018-12-11 15:15:54 - [TEST_STEP][PASSED] - Statement - counter = counter + 1: null

2018-12-11 15:15:54 - [TEST_STEP][PASSED] - Statement - PreSaveFile = new java.io.File(((pathPrefix + java.lang.Integer.toString(counter)) + .png)): null

2018-12-11 15:15:54 - [TEST_STEP][PASSED] - Statement - counter = counter + 1: null

2018-12-11 15:15:54 - [TEST_STEP][PASSED] - Statement - PreSaveFile = new java.io.File(((pathPrefix + java.lang.Integer.toString(counter)) + .png)): null

2018-12-11 15:15:54 - [TEST_STEP][PASSED] - Statement - counter = counter + 1: null

2018-12-11 15:15:54 - [TEST_STEP][PASSED] - Statement - PreSaveFile = new java.io.File(((pathPrefix + java.lang.Integer.toString(counter)) + .png)): null

2018-12-11 15:15:54 - [TEST_STEP][PASSED] - Statement - counter = counter + 1: null

2018-12-11 15:15:54 - [TEST_STEP][PASSED] - Statement - PreSaveFile = new java.io.File(((pathPrefix + java.lang.Integer.toString(counter)) + .png)): null

2018-12-11 15:15:54 - [TEST_STEP][PASSED] - Statement - counter = counter + 1: null

2018-12-11 15:15:54 - [TEST_STEP][PASSED] - Statement - PreSaveFile = new java.io.File(((pathPrefix + java.lang.Integer.toString(counter)) + .png)): null

2018-12-11 15:15:54 - [TEST_STEP][PASSED] - Statement - counter = counter + 1: null

2018-12-11 15:15:54 - [TEST_STEP][PASSED] - Statement - PreSaveFile = new java.io.File(((pathPrefix + java.lang.Integer.toString(counter)) + .png)): null

2018-12-11 15:15:54 - [TEST_STEP][PASSED] - Statement - counter = counter + 1: null

2018-12-11 15:15:54 - [TEST_STEP][PASSED] - Statement - PreSaveFile = new java.io.File(((pathPrefix + java.lang.Integer.toString(counter)) + .png)): null

2018-12-11 15:15:54 - [TEST_STEP][PASSED] - Statement - counter = counter + 1: null

2018-12-11 15:15:54 - [TEST_STEP][PASSED] - Statement - PreSaveFile = new java.io.File(((pathPrefix + java.lang.Integer.toString(counter)) + .png)): null

2018-12-11 15:15:54 - [TEST_STEP][PASSED] - Statement - counter = counter + 1: null

2018-12-11 15:15:54 - [TEST_STEP][PASSED] - Statement - PreSaveFile = new java.io.File(((pathPrefix + java.lang.Integer.toString(counter)) + .png)): null

2018-12-11 15:15:54 - [TEST_STEP][PASSED] - Statement - counter = counter + 1: null

2018-12-11 15:15:54 - [TEST_STEP][PASSED] - Statement - PreSaveFile = new java.io.File(((pathPrefix + java.lang.Integer.toString(counter)) + .png)): null

2018-12-11 15:15:54 - [TEST_STEP][PASSED] - Statement - counter = counter + 1: null

2018-12-11 15:15:54 - [TEST_STEP][PASSED] - Statement - PreSaveFile = new java.io.File(((pathPrefix + java.lang.Integer.toString(counter)) + .png)): null

2018-12-11 15:15:54 - [TEST_STEP][PASSED] - Statement - counter = counter + 1: null

2018-12-11 15:15:54 - [TEST_STEP][PASSED] - Statement - PreSaveFile = new java.io.File(((pathPrefix + java.lang.Integer.toString(counter)) + .png)): null

2018-12-11 15:15:54 - [TEST_STEP][PASSED] - Statement - counter = counter + 1: null

2018-12-11 15:15:54 - [TEST_STEP][PASSED] - Statement - PreSaveFile = new java.io.File(((pathPrefix + java.lang.Integer.toString(counter)) + .png)): null

2018-12-11 15:15:54 - [TEST_STEP][PASSED] - Statement - counter = counter + 1: null

2018-12-11 15:15:54 - [TEST_STEP][PASSED] - Statement - PreSaveFile = new java.io.File(((pathPrefix + java.lang.Integer.toString(counter)) + .png)): null

2018-12-11 15:15:54 - [TEST_STEP][PASSED] - Statement - counter = counter + 1: null

2018-12-11 15:15:54 - [TEST_STEP][PASSED] - Statement - PreSaveFile = new java.io.File(((pathPrefix + java.lang.Integer.toString(counter)) + .png)): null

2018-12-11 15:15:54 - [TEST_STEP][PASSED] - Statement - counter = counter + 1: null

2018-12-11 15:15:54 - [TEST_STEP][PASSED] - Statement - PreSaveFile = new java.io.File(((pathPrefix + java.lang.Integer.toString(counter)) + .png)): null

2018-12-11 15:15:54 - [TEST_STEP][PASSED] - Statement - counter = counter + 1: null

2018-12-11 15:15:54 - [TEST_STEP][PASSED] - Statement - PreSaveFile = new java.io.File(((pathPrefix + java.lang.Integer.toString(counter)) + .png)): null

2018-12-11 15:15:54 - [TEST_STEP][PASSED] - Statement - counter = counter + 1: null

2018-12-11 15:15:54 - [TEST_STEP][PASSED] - Statement - PreSaveFile = new java.io.File(((pathPrefix + java.lang.Integer.toString(counter)) + .png)): null

2018-12-11 15:15:54 - [TEST_STEP][PASSED] - Statement - counter = counter + 1: null

2018-12-11 15:15:54 - [TEST_STEP][PASSED] - Statement - PreSaveFile = new java.io.File(((pathPrefix + java.lang.Integer.toString(counter)) + .png)): null

2018-12-11 15:15:54 - [TEST_STEP][PASSED] - Statement - counter = counter + 1: null

2018-12-11 15:15:54 - [TEST_STEP][PASSED] - Statement - PreSaveFile = new java.io.File(((pathPrefix + java.lang.Integer.toString(counter)) + .png)): null

2018-12-11 15:15:54 - [TEST_STEP][PASSED] - Statement - counter = counter + 1: null

2018-12-11 15:15:54 - [TEST_STEP][PASSED] - Statement - PreSaveFile = new java.io.File(((pathPrefix + java.lang.Integer.toString(counter)) + .png)): null

2018-12-11 15:15:54 - [TEST_STEP][PASSED] - Statement - counter = counter + 1: null

2018-12-11 15:15:54 - [TEST_STEP][PASSED] - Statement - PreSaveFile = new java.io.File(((pathPrefix + java.lang.Integer.toString(counter)) + .png)): null

2018-12-11 15:15:54 - [TEST_STEP][PASSED] - Statement - counter = counter + 1: null

2018-12-11 15:15:54 - [TEST_STEP][PASSED] - Statement - PreSaveFile = new java.io.File(((pathPrefix + java.lang.Integer.toString(counter)) + .png)): null

2018-12-11 15:15:54 - [TEST_STEP][PASSED] - Statement - counter = counter + 1: null

2018-12-11 15:15:54 - [TEST_STEP][PASSED] - Statement - PreSaveFile = new java.io.File(((pathPrefix + java.lang.Integer.toString(counter)) + .png)): null

2018-12-11 15:15:54 - [TEST_STEP][PASSED] - Statement - counter = counter + 1: null

2018-12-11 15:15:54 - [TEST_STEP][PASSED] - Statement - PreSaveFile = new java.io.File(((pathPrefix + java.lang.Integer.toString(counter)) + .png)): null

2018-12-11 15:15:54 - [TEST_STEP][PASSED] - Statement - counter = counter + 1: null

2018-12-11 15:15:54 - [TEST_STEP][PASSED] - Statement - PreSaveFile = new java.io.File(((pathPrefix + java.lang.Integer.toString(counter)) + .png)): null

2018-12-11 15:15:54 - [TEST_STEP][PASSED] - Statement - counter = counter + 1: null

2018-12-11 15:15:54 - [TEST_STEP][PASSED] - Statement - PreSaveFile = new java.io.File(((pathPrefix + java.lang.Integer.toString(counter)) + .png)): null

2018-12-11 15:15:54 - [TEST_STEP][PASSED] - Statement - counter = counter + 1: null

2018-12-11 15:15:54 - [TEST_STEP][PASSED] - Statement - PreSaveFile = new java.io.File(((pathPrefix + java.lang.Integer.toString(counter)) + .png)): null

2018-12-11 15:15:54 - [TEST_STEP][PASSED] - Statement - counter = counter + 1: null

2018-12-11 15:15:54 - [TEST_STEP][PASSED] - Statement - PreSaveFile = new java.io.File(((pathPrefix + java.lang.Integer.toString(counter)) + .png)): null

2018-12-11 15:15:54 - [TEST_STEP][PASSED] - Statement - counter = counter + 1: null

2018-12-11 15:15:54 - [TEST_STEP][PASSED] - Statement - PreSaveFile = new java.io.File(((pathPrefix + java.lang.Integer.toString(counter)) + .png)): null

2018-12-11 15:15:54 - [TEST_STEP][PASSED] - Statement - counter = counter + 1: null

2018-12-11 15:15:54 - [TEST_STEP][PASSED] - Statement - PreSaveFile = new java.io.File(((pathPrefix + java.lang.Integer.toString(counter)) + .png)): null

2018-12-11 15:15:54 - [TEST_STEP][PASSED] - Statement - counter = counter + 1: null

2018-12-11 15:15:54 - [TEST_STEP][PASSED] - Statement - PreSaveFile = new java.io.File(((pathPrefix + java.lang.Integer.toString(counter)) + .png)): null

2018-12-11 15:15:54 - [TEST_STEP][PASSED] - Statement - counter = counter + 1: null

2018-12-11 15:15:54 - [TEST_STEP][PASSED] - Statement - PreSaveFile = new java.io.File(((pathPrefix + java.lang.Integer.toString(counter)) + .png)): null

2018-12-11 15:15:54 - [TEST_STEP][PASSED] - Statement - counter = counter + 1: null

2018-12-11 15:15:54 - [TEST_STEP][PASSED] - Statement - PreSaveFile = new java.io.File(((pathPrefix + java.lang.Integer.toString(counter)) + .png)): null

2018-12-11 15:15:54 - [TEST_STEP][PASSED] - Statement - counter = counter + 1: null

2018-12-11 15:15:54 - [TEST_STEP][PASSED] - Statement - PreSaveFile = new java.io.File(((pathPrefix + java.lang.Integer.toString(counter)) + .png)): null

2018-12-11 15:15:54 - [TEST_STEP][PASSED] - Statement - counter = counter + 1: null

2018-12-11 15:15:54 - [TEST_STEP][PASSED] - Statement - PreSaveFile = new java.io.File(((pathPrefix + java.lang.Integer.toString(counter)) + .png)): null

2018-12-11 15:15:54 - [TEST_STEP][PASSED] - Statement - counter = counter + 1: null

2018-12-11 15:15:54 - [TEST_STEP][PASSED] - Statement - PreSaveFile = new java.io.File(((pathPrefix + java.lang.Integer.toString(counter)) + .png)): null

2018-12-11 15:15:54 - [TEST_STEP][PASSED] - Statement - counter = counter + 1: null

2018-12-11 15:15:54 - [TEST_STEP][PASSED] - Statement - PreSaveFile = new java.io.File(((pathPrefix + java.lang.Integer.toString(counter)) + .png)): null

2018-12-11 15:15:54 - [TEST_STEP][PASSED] - Statement - counter = counter + 1: null

2018-12-11 15:15:54 - [TEST_STEP][PASSED] - Statement - PreSaveFile = new java.io.File(((pathPrefix + java.lang.Integer.toString(counter)) + .png)): null

2018-12-11 15:15:54 - [TEST_STEP][PASSED] - Statement - counter = counter + 1: null

2018-12-11 15:15:54 - [TEST_STEP][PASSED] - Statement - PreSaveFile = new java.io.File(((pathPrefix + java.lang.Integer.toString(counter)) + .png)): null

2018-12-11 15:15:54 - [TEST_STEP][PASSED] - Statement - counter = counter + 1: null

2018-12-11 15:15:54 - [TEST_STEP][PASSED] - Statement - PreSaveFile = new java.io.File(((pathPrefix + java.lang.Integer.toString(counter)) + .png)): null

2018-12-11 15:15:54 - [TEST_STEP][PASSED] - Statement - counter = counter + 1: null

2018-12-11 15:15:54 - [TEST_STEP][PASSED] - Statement - PreSaveFile = new java.io.File(((pathPrefix + java.lang.Integer.toString(counter)) + .png)): null

2018-12-11 15:15:54 - [TEST_STEP][PASSED] - Statement - counter = counter + 1: null

2018-12-11 15:15:54 - [TEST_STEP][PASSED] - Statement - PreSaveFile = new java.io.File(((pathPrefix + java.lang.Integer.toString(counter)) + .png)): null

2018-12-11 15:15:54 - [TEST_STEP][PASSED] - Statement - counter = counter + 1: null

2018-12-11 15:15:54 - [TEST_STEP][PASSED] - Statement - PreSaveFile = new java.io.File(((pathPrefix + java.lang.Integer.toString(counter)) + .png)): null

2018-12-11 15:15:54 - [TEST_STEP][PASSED] - Statement - counter = counter + 1: null

2018-12-11 15:15:54 - [TEST_STEP][PASSED] - Statement - PreSaveFile = new java.io.File(((pathPrefix + java.lang.Integer.toString(counter)) + .png)): null

2018-12-11 15:15:54 - [TEST_STEP][PASSED] - Statement - counter = counter + 1: null

2018-12-11 15:15:54 - [TEST_STEP][PASSED] - Statement - PreSaveFile = new java.io.File(((pathPrefix + java.lang.Integer.toString(counter)) + .png)): null

2018-12-11 15:15:54 - [TEST_STEP][PASSED] - Statement - counter = counter + 1: null

2018-12-11 15:15:54 - [TEST_STEP][PASSED] - Statement - PreSaveFile = new java.io.File(((pathPrefix + java.lang.Integer.toString(counter)) + .png)): null

2018-12-11 15:15:54 - [TEST_STEP][PASSED] - Statement - counter = counter + 1: null

2018-12-11 15:15:54 - [TEST_STEP][PASSED] - Statement - PreSaveFile = new java.io.File(((pathPrefix + java.lang.Integer.toString(counter)) + .png)): null

2018-12-11 15:15:54 - [TEST_STEP][PASSED] - Statement - counter = counter + 1: null

2018-12-11 15:15:54 - [TEST_STEP][PASSED] - Statement - PreSaveFile = new java.io.File(((pathPrefix + java.lang.Integer.toString(counter)) + .png)): null

2018-12-11 15:15:54 - [TEST_STEP][PASSED] - Statement - counter = counter + 1: null

2018-12-11 15:15:54 - [TEST_STEP][PASSED] - Statement - PreSaveFile = new java.io.File(((pathPrefix + java.lang.Integer.toString(counter)) + .png)): null

2018-12-11 15:15:54 - [TEST_STEP][PASSED] - Statement - counter = counter + 1: null

2018-12-11 15:15:54 - [TEST_STEP][PASSED] - Statement - PreSaveFile = new java.io.File(((pathPrefix + java.lang.Integer.toString(counter)) + .png)): null

2018-12-11 15:15:54 - [TEST_STEP][PASSED] - Statement - counter = counter + 1: null

2018-12-11 15:15:54 - [TEST_STEP][PASSED] - Statement - PreSaveFile = new java.io.File(((pathPrefix + java.lang.Integer.toString(counter)) + .png)): null

2018-12-11 15:15:54 - [TEST_STEP][PASSED] - Statement - counter = counter + 1: null

2018-12-11 15:15:54 - [TEST_STEP][PASSED] - Statement - PreSaveFile = new java.io.File(((pathPrefix + java.lang.Integer.toString(counter)) + .png)): null

2018-12-11 15:15:54 - [TEST_STEP][PASSED] - Statement - counter = counter + 1: null

2018-12-11 15:15:54 - [TEST_STEP][PASSED] - Statement - PreSaveFile = new java.io.File(((pathPrefix + java.lang.Integer.toString(counter)) + .png)): null

2018-12-11 15:15:54 - [TEST_STEP][PASSED] - Statement - finalPath = pathPrefix + java.lang.Integer.toString(counter) + ".png": null

2018-12-11 15:15:54 - [TEST_STEP][PASSED] - Statement - SaveFile = new java.io.File(finalPath): null

2018-12-11 15:15:54 - [TEST_STEP][PASSED] - Statement - Try: null

2018-12-11 15:15:54 - [TEST_STEP][PASSED] - Statement - org.apache.commons.io.FileUtils.copyFile(scrFile, SaveFile): null

2018-12-11 15:15:54 - [TEST_STEP][PASSED] - Statement - out.println("file kept"): null

2018-12-11 15:15:54 - [TEST_STEP][PASSED] - delay: Delayed 10 second(s)

2018-12-11 15:16:04 - [MESSAGE][PASSED] - Delayed 10 second(s)

2018-12-11 15:16:04 - [MESSAGE][PASSED] - Call Test Case 'Test Cases/Final Aug 2018 - PKS Automation/Common/Screenshoting tool' successfully

2018-12-11 15:16:04 - [TEST_STEP][PASSED] - callTestCase: Call Test Case 'Test Cases/Final Aug 2018 - PKS Automation/Registration Module/Log Out/log out avoiding katalon tagging' successfully

2018-12-11 15:16:04 - [TEST_CASE][PASSED] - Test Cases/Final Aug 2018 - PKS Automation/Registration Module/Log Out/log out avoiding katalon tagging: Test Cases/Final Aug 2018 - PKS Automation/Registration Module/Log Out/log out avoiding katalon tagging

2018-12-11 15:16:04 - [TEST_STEP][PASSED] - navigateToUrl: Navigate to 'https://assist2-uat.perkeso.gov.my/c/portal/logout' successfully

2018-12-11 15:16:05 - [MESSAGE][PASSED] - Navigate to 'https://assist2-uat.perkeso.gov.my/c/portal/logout' successfully

2018-12-11 15:16:05 - [MESSAGE][PASSED] - Call Test Case 'Test Cases/Final Aug 2018 - PKS Automation/Registration Module/Log Out/log out avoiding katalon tagging' successfully

2018-12-11 15:16:05 - [TEST_STEP][PASSED] - delay: Delayed 2 second(s)

2018-12-11 15:16:07 - [MESSAGE][PASSED] - Delayed 2 second(s)

2018-12-11 15:16:07 - [TEST_STEP][PASSED] - setText: Text 'johorro3@gmail.com' is set on object 'Object Repository/Final Object Repo/New Registration - Registration Module Pages/New Reg - OTC to RO/Special Case - All Related Objects/Email TextBox'

2018-12-11 15:16:07 - [MESSAGE][PASSED] - Text 'johorro3@gmail.com' is set on object 'Object Repository/Final Object Repo/New Registration - Registration Module Pages/New Reg - OTC to RO/Special Case - All Related Objects/Email TextBox'

2018-12-11 15:16:07 - [TEST_STEP][PASSED] - click: Object: 'Object Repository/Final Object Repo/New Registration - Registration Module Pages/New Reg - OTC to RO/Special Case - All Related Objects/Next Button' is clicked on

2018-12-11 15:16:08 - [MESSAGE][PASSED] - Object: 'Object Repository/Final Object Repo/New Registration - Registration Module Pages/New Reg - OTC to RO/Special Case - All Related Objects/Next Button' is clicked on

2018-12-11 15:16:08 - [TEST_STEP][PASSED] - delay: Delayed 2 second(s)

2018-12-11 15:16:10 - [MESSAGE][PASSED] - Delayed 2 second(s)

2018-12-11 15:16:10 - [TEST_STEP][PASSED] - setText: Text 'Test1@3456789' is set on object 'Object Repository/Final Object Repo/New Registration - Registration Module Pages/New Reg - OTC to RO/Special Case - All Related Objects/Password TextBox'

2018-12-11 15:16:10 - [MESSAGE][PASSED] - Text 'Test1@3456789' is set on object 'Object Repository/Final Object Repo/New Registration - Registration Module Pages/New Reg - OTC to RO/Special Case - All Related Objects/Password TextBox'

2018-12-11 15:16:10 - [TEST_STEP][PASSED] - delay: Delayed 2 second(s)

2018-12-11 15:16:12 - [MESSAGE][PASSED] - Delayed 2 second(s)

2018-12-11 15:16:12 - [TEST_STEP][PASSED] - click: Object: 'Object Repository/Final Object Repo/New Registration - Registration Module Pages/New Reg - OTC to RO/Special Case - All Related Objects/Login Button' is clicked on

2018-12-11 15:16:12 - [MESSAGE][PASSED] - Object: 'Object Repository/Final Object Repo/New Registration - Registration Module Pages/New Reg - OTC to RO/Special Case - All Related Objects/Login Button' is clicked on

2018-12-11 15:16:12 - [TEST_STEP][PASSED] - delay: Delayed 2 second(s)

2018-12-11 15:16:14 - [MESSAGE][PASSED] - Delayed 2 second(s)

2018-12-11 15:16:14 - [TEST_STEP][PASSED] - Statement - Try: null

2018-12-11 15:16:14 - [TEST_STEP][PASSED] - Statement - Checker = com.kms.katalon.core.webui.keyword.WebUiBuiltInKeywords.verifyElementNotPresent("Final Object Repo/Landing Page/Select to English", 3): null

2018-12-11 15:16:14 - [TEST_STEP][PASSED] - Statement - Catch (Exception e): null

2018-12-11 15:16:14 - [TEST_STEP][PASSED] - Statement - e.printStackTrace(): null

2018-12-11 15:16:14 - [TEST_STEP][PASSED] - click: Object: 'Object Repository/Final Object Repo/New Registration - Registration Module Pages/New Reg - OTC to RO/Special Case - All Related Objects/Expand to Search' is clicked on

2018-12-11 15:16:14 - [MESSAGE][PASSED] - Object: 'Object Repository/Final Object Repo/New Registration - Registration Module Pages/New Reg - OTC to RO/Special Case - All Related Objects/Expand to Search' is clicked on

2018-12-11 15:16:14 - [TEST_STEP][PASSED] - delay: Delayed 2 second(s)

2018-12-11 15:16:16 - [MESSAGE][PASSED] - Delayed 2 second(s)

2018-12-11 15:16:16 - [TEST_STEP][PASSED] - setText: Text 'CRN12201800123178' is set on object 'Object Repository/Final Object Repo/New Registration - Registration Module Pages/New Reg - OTC to RO/Special Case - All Related Objects/TextBox RefNo in Workbasket'

2018-12-11 15:16:16 - [MESSAGE][PASSED] - Text 'CRN12201800123178' is set on object 'Object Repository/Final Object Repo/New Registration - Registration Module Pages/New Reg - OTC to RO/Special Case - All Related Objects/TextBox RefNo in Workbasket'

2018-12-11 15:16:16 - [TEST_STEP][PASSED] - delay: Delayed 2 second(s)

2018-12-11 15:16:18 - [MESSAGE][PASSED] - Delayed 2 second(s)

2018-12-11 15:16:18 - [TEST_STEP][PASSED] - click: Object: 'Object Repository/Final Object Repo/New Registration - Registration Module Pages/New Reg - OTC to RO/Special Case - All Related Objects/Click Search' is clicked on

2018-12-11 15:16:19 - [MESSAGE][PASSED] - Object: 'Object Repository/Final Object Repo/New Registration - Registration Module Pages/New Reg - OTC to RO/Special Case - All Related Objects/Click Search' is clicked on

2018-12-11 15:16:19 - [TEST_STEP][PASSED] - delay: Delayed 2 second(s)

2018-12-11 15:16:21 - [MESSAGE][PASSED] - Delayed 2 second(s)

2018-12-11 15:16:21 - [TEST_STEP][PASSED] - click: Object: 'Object Repository/Final Object Repo/New Registration - Registration Module Pages/New Reg - OTC to RO/Special Case - All Related Objects/Click to Continue Workflow' is clicked on

2018-12-11 15:16:24 - [MESSAGE][PASSED] - Object: 'Object Repository/Final Object Repo/New Registration - Registration Module Pages/New Reg - OTC to RO/Special Case - All Related Objects/Click to Continue Workflow' is clicked on

2018-12-11 15:16:24 - [TEST_STEP][PASSED] - delay: Delayed 4 second(s)

2018-12-11 15:16:28 - [MESSAGE][PASSED] - Delayed 4 second(s)

2018-12-11 15:16:28 - [TEST_STEP][PASSED] - click: Object: 'Object Repository/Final Object Repo/New Registration - Registration Module Pages/New Reg - OTC to RO/Special Case - All Related Objects/Continue Button in verifying case' is clicked on

2018-12-11 15:16:30 - [MESSAGE][PASSED] - Object: 'Object Repository/Final Object Repo/New Registration - Registration Module Pages/New Reg - OTC to RO/Special Case - All Related Objects/Continue Button in verifying case' is clicked on

2018-12-11 15:16:30 - [TEST_STEP][PASSED] - delay: Delayed 2 second(s)

2018-12-11 15:16:32 - [MESSAGE][PASSED] - Delayed 2 second(s)

2018-12-11 15:16:32 - [TEST_STEP][PASSED] - click: Object: 'Object Repository/Final Object Repo/New Registration - Registration Module Pages/Form 1/Registered As a Branch - Yes' is clicked on

2018-12-11 15:16:32 - [MESSAGE][PASSED] - Object: 'Object Repository/Final Object Repo/New Registration - Registration Module Pages/Form 1/Registered As a Branch - Yes' is clicked on

2018-12-11 15:16:32 - [TEST_STEP][PASSED] - delay: Delayed 2 second(s)

2018-12-11 15:16:34 - [MESSAGE][PASSED] - Delayed 2 second(s)

2018-12-11 15:16:34 - [TEST_STEP][PASSED] - click: Object: 'Object Repository/Final Object Repo/New Registration - Registration Module Pages/New Reg - OTC to RO/Special Case - All Related Objects/Form 1 Save n Continue' is clicked on

2018-12-11 15:16:34 - [MESSAGE][PASSED] - Object: 'Object Repository/Final Object Repo/New Registration - Registration Module Pages/New Reg - OTC to RO/Special Case - All Related Objects/Form 1 Save n Continue' is clicked on

2018-12-11 15:16:34 - [TEST_STEP][PASSED] - delay: Delayed 2 second(s)

2018-12-11 15:16:36 - [MESSAGE][PASSED] - Delayed 2 second(s)

2018-12-11 15:16:36 - [TEST_STEP][PASSED] - click: Object: 'Object Repository/Final Object Repo/New Registration - Registration Module Pages/New Reg - OTC to RO/Special Case - All Related Objects/Form 2 Save n Continue' is clicked on

2018-12-11 15:16:36 - [MESSAGE][PASSED] - Object: 'Object Repository/Final Object Repo/New Registration - Registration Module Pages/New Reg - OTC to RO/Special Case - All Related Objects/Form 2 Save n Continue' is clicked on

2018-12-11 15:16:36 - [TEST_STEP][PASSED] - delay: Delayed 2 second(s)

2018-12-11 15:16:38 - [MESSAGE][PASSED] - Delayed 2 second(s)

2018-12-11 15:16:38 - [TEST_STEP][PASSED] - click: Object: 'Object Repository/Final Object Repo/New Registration - Registration Module Pages/New Reg - OTC to RO/Special Case - All Related Objects/Third Screen Save n Continue' is clicked on

2018-12-11 15:16:44 - [MESSAGE][PASSED] - Object: 'Object Repository/Final Object Repo/New Registration - Registration Module Pages/New Reg - OTC to RO/Special Case - All Related Objects/Third Screen Save n Continue' is clicked on

2018-12-11 15:16:44 - [TEST_STEP][PASSED] - delay: Delayed 5 second(s)

2018-12-11 15:16:49 - [MESSAGE][PASSED] - Delayed 5 second(s)

2018-12-11 15:16:49 - [TEST_STEP][PASSED] - click: Object: 'Object Repository/Final Object Repo/New Registration - Registration Module Pages/New Reg - OTC to RO/Special Case - All Related Objects/Upload Doc Page Save n Continue' is clicked on

2018-12-11 15:16:49 - [MESSAGE][PASSED] - Object: 'Object Repository/Final Object Repo/New Registration - Registration Module Pages/New Reg - OTC to RO/Special Case - All Related Objects/Upload Doc Page Save n Continue' is clicked on

2018-12-11 15:16:49 - [TEST_STEP][PASSED] - delay: Delayed 5 second(s)

2018-12-11 15:16:54 - [MESSAGE][PASSED] - Delayed 5 second(s)

2018-12-11 15:16:54 - [TEST_STEP][PASSED] - callTestCase: Call Test Case 'Test Cases/Final Aug 2018 - PKS Automation/Registration Module/New Registration/Submit and Screenshot/Submit Registration and Screenshot' successfully

2018-12-11 15:16:54 - [TEST_CASE][PASSED] - Test Cases/Final Aug 2018 - PKS Automation/Registration Module/New Registration/Submit and Screenshot/Submit Registration and Screenshot: Test Cases/Final Aug 2018 - PKS Automation/Registration Module/New Registration/Submit and Screenshot/Submit Registration and Screenshot

2018-12-11 15:16:54 - [TEST_STEP][PASSED] - delay: Delayed 6 second(s)

2018-12-11 15:17:00 - [MESSAGE][PASSED] - Delayed 6 second(s)

2018-12-11 15:17:00 - [TEST_STEP][PASSED] - click: Object: 'Object Repository/Final Object Repo/New Registration - Registration Module Pages/Third Screen - Upload Supporting Doc- Preview/Preview Submit Button' is clicked on

2018-12-11 15:17:01 - [MESSAGE][PASSED] - Object: 'Object Repository/Final Object Repo/New Registration - Registration Module Pages/Third Screen - Upload Supporting Doc- Preview/Preview Submit Button' is clicked on

2018-12-11 15:17:01 - [TEST_STEP][PASSED] - delay: Delayed 2 second(s)

2018-12-11 15:17:03 - [MESSAGE][PASSED] - Delayed 2 second(s)

2018-12-11 15:17:03 - [TEST_STEP][PASSED] - click: Object: 'Object Repository/Final Object Repo/New Registration - Registration Module Pages/Third Screen - Upload Supporting Doc- Preview/Preview Submit - Confirm' is clicked on

2018-12-11 15:17:03 - [MESSAGE][PASSED] - Object: 'Object Repository/Final Object Repo/New Registration - Registration Module Pages/Third Screen - Upload Supporting Doc- Preview/Preview Submit - Confirm' is clicked on

2018-12-11 15:17:03 - [TEST_STEP][PASSED] - delay: Delayed 15 second(s)

2018-12-11 15:17:18 - [MESSAGE][PASSED] - Delayed 15 second(s)

2018-12-11 15:17:18 - [TEST_STEP][PASSED] - Statement - driver = com.kms.katalon.core.webui.driver.DriverFactory.getWebDriver(): null

2018-12-11 15:17:18 - [TEST_STEP][PASSED] - Statement - driver.manage().timeouts().implicitlyWait(10, SECONDS): null

2018-12-11 15:17:18 - [TEST_STEP][PASSED] - Statement - PresavePath = KatalonScreenshots: null

2018-12-11 15:17:18 - [TEST_STEP][PASSED] - Statement - pathPrefix = "C:\Users\Public\Pictures\Sample Pictures\Katalon Screenshots\Automate Ending Screen": null

2018-12-11 15:17:18 - [TEST_STEP][PASSED] - Statement - finalPath = <not implemented yet for class: org.codehaus.groovy.ast.expr.EmptyExpression>: null

2018-12-11 15:17:18 - [TEST_STEP][PASSED] - Statement - scrFile = driver.getScreenshotAs(FILE): null

2018-12-11 15:17:18 - [TEST_STEP][PASSED] - Statement - PreSaveFile = new java.io.File(PresavePath): null

2018-12-11 15:17:18 - [TEST_STEP][PASSED] - Statement - counter = 0: null

2018-12-11 15:17:18 - [TEST_STEP][PASSED] - Statement - If (PreSaveFile.exists()): null

2018-12-11 15:17:18 - [TEST_STEP][PASSED] - Statement - While (PreSaveFile.exists()): null

2018-12-11 15:17:18 - [TEST_STEP][PASSED] - Statement - counter = counter + 1: null

2018-12-11 15:17:18 - [TEST_STEP][PASSED] - Statement - PreSaveFile = new java.io.File(((pathPrefix + java.lang.Integer.toString(counter)) + .png)): null

2018-12-11 15:17:18 - [TEST_STEP][PASSED] - Statement - counter = counter + 1: null

2018-12-11 15:17:18 - [TEST_STEP][PASSED] - Statement - PreSaveFile = new java.io.File(((pathPrefix + java.lang.Integer.toString(counter)) + .png)): null

2018-12-11 15:17:18 - [TEST_STEP][PASSED] - Statement - counter = counter + 1: null

2018-12-11 15:17:18 - [TEST_STEP][PASSED] - Statement - PreSaveFile = new java.io.File(((pathPrefix + java.lang.Integer.toString(counter)) + .png)): null

2018-12-11 15:17:18 - [TEST_STEP][PASSED] - Statement - counter = counter + 1: null

2018-12-11 15:17:18 - [TEST_STEP][PASSED] - Statement - PreSaveFile = new java.io.File(((pathPrefix + java.lang.Integer.toString(counter)) + .png)): null

2018-12-11 15:17:18 - [TEST_STEP][PASSED] - Statement - counter = counter + 1: null

2018-12-11 15:17:18 - [TEST_STEP][PASSED] - Statement - PreSaveFile = new java.io.File(((pathPrefix + java.lang.Integer.toString(counter)) + .png)): null

2018-12-11 15:17:18 - [TEST_STEP][PASSED] - Statement - counter = counter + 1: null

2018-12-11 15:17:18 - [TEST_STEP][PASSED] - Statement - PreSaveFile = new java.io.File(((pathPrefix + java.lang.Integer.toString(counter)) + .png)): null

2018-12-11 15:17:18 - [TEST_STEP][PASSED] - Statement - counter = counter + 1: null

2018-12-11 15:17:18 - [TEST_STEP][PASSED] - Statement - PreSaveFile = new java.io.File(((pathPrefix + java.lang.Integer.toString(counter)) + .png)): null

2018-12-11 15:17:18 - [TEST_STEP][PASSED] - Statement - counter = counter + 1: null

2018-12-11 15:17:18 - [TEST_STEP][PASSED] - Statement - PreSaveFile = new java.io.File(((pathPrefix + java.lang.Integer.toString(counter)) + .png)): null

2018-12-11 15:17:18 - [TEST_STEP][PASSED] - Statement - counter = counter + 1: null

2018-12-11 15:17:18 - [TEST_STEP][PASSED] - Statement - PreSaveFile = new java.io.File(((pathPrefix + java.lang.Integer.toString(counter)) + .png)): null

2018-12-11 15:17:18 - [TEST_STEP][PASSED] - Statement - counter = counter + 1: null

2018-12-11 15:17:18 - [TEST_STEP][PASSED] - Statement - PreSaveFile = new java.io.File(((pathPrefix + java.lang.Integer.toString(counter)) + .png)): null

2018-12-11 15:17:18 - [TEST_STEP][PASSED] - Statement - counter = counter + 1: null

2018-12-11 15:17:18 - [TEST_STEP][PASSED] - Statement - PreSaveFile = new java.io.File(((pathPrefix + java.lang.Integer.toString(counter)) + .png)): null

2018-12-11 15:17:18 - [TEST_STEP][PASSED] - Statement - counter = counter + 1: null

2018-12-11 15:17:18 - [TEST_STEP][PASSED] - Statement - PreSaveFile = new java.io.File(((pathPrefix + java.lang.Integer.toString(counter)) + .png)): null

2018-12-11 15:17:18 - [TEST_STEP][PASSED] - Statement - counter = counter + 1: null

2018-12-11 15:17:18 - [TEST_STEP][PASSED] - Statement - PreSaveFile = new java.io.File(((pathPrefix + java.lang.Integer.toString(counter)) + .png)): null

2018-12-11 15:17:18 - [TEST_STEP][PASSED] - Statement - counter = counter + 1: null

2018-12-11 15:17:18 - [TEST_STEP][PASSED] - Statement - PreSaveFile = new java.io.File(((pathPrefix + java.lang.Integer.toString(counter)) + .png)): null

2018-12-11 15:17:18 - [TEST_STEP][PASSED] - Statement - counter = counter + 1: null

2018-12-11 15:17:18 - [TEST_STEP][PASSED] - Statement - PreSaveFile = new java.io.File(((pathPrefix + java.lang.Integer.toString(counter)) + .png)): null

2018-12-11 15:17:18 - [TEST_STEP][PASSED] - Statement - counter = counter + 1: null

2018-12-11 15:17:18 - [TEST_STEP][PASSED] - Statement - PreSaveFile = new java.io.File(((pathPrefix + java.lang.Integer.toString(counter)) + .png)): null

2018-12-11 15:17:18 - [TEST_STEP][PASSED] - Statement - counter = counter + 1: null

2018-12-11 15:17:18 - [TEST_STEP][PASSED] - Statement - PreSaveFile = new java.io.File(((pathPrefix + java.lang.Integer.toString(counter)) + .png)): null

2018-12-11 15:17:18 - [TEST_STEP][PASSED] - Statement - counter = counter + 1: null

2018-12-11 15:17:18 - [TEST_STEP][PASSED] - Statement - PreSaveFile = new java.io.File(((pathPrefix + java.lang.Integer.toString(counter)) + .png)): null

2018-12-11 15:17:18 - [TEST_STEP][PASSED] - Statement - counter = counter + 1: null

2018-12-11 15:17:18 - [TEST_STEP][PASSED] - Statement - PreSaveFile = new java.io.File(((pathPrefix + java.lang.Integer.toString(counter)) + .png)): null

2018-12-11 15:17:18 - [TEST_STEP][PASSED] - Statement - counter = counter + 1: null

2018-12-11 15:17:18 - [TEST_STEP][PASSED] - Statement - PreSaveFile = new java.io.File(((pathPrefix + java.lang.Integer.toString(counter)) + .png)): null

2018-12-11 15:17:18 - [TEST_STEP][PASSED] - Statement - counter = counter + 1: null

2018-12-11 15:17:18 - [TEST_STEP][PASSED] - Statement - PreSaveFile = new java.io.File(((pathPrefix + java.lang.Integer.toString(counter)) + .png)): null

2018-12-11 15:17:18 - [TEST_STEP][PASSED] - Statement - counter = counter + 1: null

2018-12-11 15:17:18 - [TEST_STEP][PASSED] - Statement - PreSaveFile = new java.io.File(((pathPrefix + java.lang.Integer.toString(counter)) + .png)): null

2018-12-11 15:17:18 - [TEST_STEP][PASSED] - Statement - counter = counter + 1: null

2018-12-11 15:17:18 - [TEST_STEP][PASSED] - Statement - PreSaveFile = new java.io.File(((pathPrefix + java.lang.Integer.toString(counter)) + .png)): null

2018-12-11 15:17:18 - [TEST_STEP][PASSED] - Statement - counter = counter + 1: null

2018-12-11 15:17:18 - [TEST_STEP][PASSED] - Statement - PreSaveFile = new java.io.File(((pathPrefix + java.lang.Integer.toString(counter)) + .png)): null

2018-12-11 15:17:18 - [TEST_STEP][PASSED] - Statement - counter = counter + 1: null

2018-12-11 15:17:18 - [TEST_STEP][PASSED] - Statement - PreSaveFile = new java.io.File(((pathPrefix + java.lang.Integer.toString(counter)) + .png)): null

2018-12-11 15:17:18 - [TEST_STEP][PASSED] - Statement - counter = counter + 1: null

2018-12-11 15:17:18 - [TEST_STEP][PASSED] - Statement - PreSaveFile = new java.io.File(((pathPrefix + java.lang.Integer.toString(counter)) + .png)): null

2018-12-11 15:17:18 - [TEST_STEP][PASSED] - Statement - counter = counter + 1: null

2018-12-11 15:17:18 - [TEST_STEP][PASSED] - Statement - PreSaveFile = new java.io.File(((pathPrefix + java.lang.Integer.toString(counter)) + .png)): null

2018-12-11 15:17:18 - [TEST_STEP][PASSED] - Statement - counter = counter + 1: null

2018-12-11 15:17:18 - [TEST_STEP][PASSED] - Statement - PreSaveFile = new java.io.File(((pathPrefix + java.lang.Integer.toString(counter)) + .png)): null

2018-12-11 15:17:18 - [TEST_STEP][PASSED] - Statement - counter = counter + 1: null

2018-12-11 15:17:18 - [TEST_STEP][PASSED] - Statement - PreSaveFile = new java.io.File(((pathPrefix + java.lang.Integer.toString(counter)) + .png)): null

2018-12-11 15:17:18 - [TEST_STEP][PASSED] - Statement - counter = counter + 1: null

2018-12-11 15:17:18 - [TEST_STEP][PASSED] - Statement - PreSaveFile = new java.io.File(((pathPrefix + java.lang.Integer.toString(counter)) + .png)): null

2018-12-11 15:17:18 - [TEST_STEP][PASSED] - Statement - counter = counter + 1: null

2018-12-11 15:17:18 - [TEST_STEP][PASSED] - Statement - PreSaveFile = new java.io.File(((pathPrefix + java.lang.Integer.toString(counter)) + .png)): null

2018-12-11 15:17:18 - [TEST_STEP][PASSED] - Statement - counter = counter + 1: null

2018-12-11 15:17:18 - [TEST_STEP][PASSED] - Statement - PreSaveFile = new java.io.File(((pathPrefix + java.lang.Integer.toString(counter)) + .png)): null

2018-12-11 15:17:18 - [TEST_STEP][PASSED] - Statement - counter = counter + 1: null

2018-12-11 15:17:18 - [TEST_STEP][PASSED] - Statement - PreSaveFile = new java.io.File(((pathPrefix + java.lang.Integer.toString(counter)) + .png)): null

2018-12-11 15:17:18 - [TEST_STEP][PASSED] - Statement - counter = counter + 1: null

2018-12-11 15:17:18 - [TEST_STEP][PASSED] - Statement - PreSaveFile = new java.io.File(((pathPrefix + java.lang.Integer.toString(counter)) + .png)): null

2018-12-11 15:17:18 - [TEST_STEP][PASSED] - Statement - counter = counter + 1: null

2018-12-11 15:17:18 - [TEST_STEP][PASSED] - Statement - PreSaveFile = new java.io.File(((pathPrefix + java.lang.Integer.toString(counter)) + .png)): null

2018-12-11 15:17:18 - [TEST_STEP][PASSED] - Statement - counter = counter + 1: null

2018-12-11 15:17:18 - [TEST_STEP][PASSED] - Statement - PreSaveFile = new java.io.File(((pathPrefix + java.lang.Integer.toString(counter)) + .png)): null

2018-12-11 15:17:18 - [TEST_STEP][PASSED] - Statement - counter = counter + 1: null

2018-12-11 15:17:18 - [TEST_STEP][PASSED] - Statement - PreSaveFile = new java.io.File(((pathPrefix + java.lang.Integer.toString(counter)) + .png)): null

2018-12-11 15:17:18 - [TEST_STEP][PASSED] - Statement - counter = counter + 1: null

2018-12-11 15:17:18 - [TEST_STEP][PASSED] - Statement - PreSaveFile = new java.io.File(((pathPrefix + java.lang.Integer.toString(counter)) + .png)): null

2018-12-11 15:17:18 - [TEST_STEP][PASSED] - Statement - counter = counter + 1: null

2018-12-11 15:17:18 - [TEST_STEP][PASSED] - Statement - PreSaveFile = new java.io.File(((pathPrefix + java.lang.Integer.toString(counter)) + .png)): null

2018-12-11 15:17:18 - [TEST_STEP][PASSED] - Statement - counter = counter + 1: null

2018-12-11 15:17:18 - [TEST_STEP][PASSED] - Statement - PreSaveFile = new java.io.File(((pathPrefix + java.lang.Integer.toString(counter)) + .png)): null

2018-12-11 15:17:18 - [TEST_STEP][PASSED] - Statement - counter = counter + 1: null

2018-12-11 15:17:18 - [TEST_STEP][PASSED] - Statement - PreSaveFile = new java.io.File(((pathPrefix + java.lang.Integer.toString(counter)) + .png)): null

2018-12-11 15:17:18 - [TEST_STEP][PASSED] - Statement - counter = counter + 1: null

2018-12-11 15:17:18 - [TEST_STEP][PASSED] - Statement - PreSaveFile = new java.io.File(((pathPrefix + java.lang.Integer.toString(counter)) + .png)): null

2018-12-11 15:17:18 - [TEST_STEP][PASSED] - Statement - counter = counter + 1: null

2018-12-11 15:17:18 - [TEST_STEP][PASSED] - Statement - PreSaveFile = new java.io.File(((pathPrefix + java.lang.Integer.toString(counter)) + .png)): null

2018-12-11 15:17:18 - [TEST_STEP][PASSED] - Statement - counter = counter + 1: null

2018-12-11 15:17:18 - [TEST_STEP][PASSED] - Statement - PreSaveFile = new java.io.File(((pathPrefix + java.lang.Integer.toString(counter)) + .png)): null

2018-12-11 15:17:18 - [TEST_STEP][PASSED] - Statement - counter = counter + 1: null

2018-12-11 15:17:18 - [TEST_STEP][PASSED] - Statement - PreSaveFile = new java.io.File(((pathPrefix + java.lang.Integer.toString(counter)) + .png)): null

2018-12-11 15:17:18 - [TEST_STEP][PASSED] - Statement - counter = counter + 1: null

2018-12-11 15:17:18 - [TEST_STEP][PASSED] - Statement - PreSaveFile = new java.io.File(((pathPrefix + java.lang.Integer.toString(counter)) + .png)): null

2018-12-11 15:17:18 - [TEST_STEP][PASSED] - Statement - counter = counter + 1: null

2018-12-11 15:17:18 - [TEST_STEP][PASSED] - Statement - PreSaveFile = new java.io.File(((pathPrefix + java.lang.Integer.toString(counter)) + .png)): null

2018-12-11 15:17:18 - [TEST_STEP][PASSED] - Statement - counter = counter + 1: null

2018-12-11 15:17:18 - [TEST_STEP][PASSED] - Statement - PreSaveFile = new java.io.File(((pathPrefix + java.lang.Integer.toString(counter)) + .png)): null

2018-12-11 15:17:18 - [TEST_STEP][PASSED] - Statement - counter = counter + 1: null

2018-12-11 15:17:18 - [TEST_STEP][PASSED] - Statement - PreSaveFile = new java.io.File(((pathPrefix + java.lang.Integer.toString(counter)) + .png)): null

2018-12-11 15:17:18 - [TEST_STEP][PASSED] - Statement - counter = counter + 1: null

2018-12-11 15:17:18 - [TEST_STEP][PASSED] - Statement - PreSaveFile = new java.io.File(((pathPrefix + java.lang.Integer.toString(counter)) + .png)): null

2018-12-11 15:17:18 - [TEST_STEP][PASSED] - Statement - counter = counter + 1: null

2018-12-11 15:17:18 - [TEST_STEP][PASSED] - Statement - PreSaveFile = new java.io.File(((pathPrefix + java.lang.Integer.toString(counter)) + .png)): null

2018-12-11 15:17:18 - [TEST_STEP][PASSED] - Statement - counter = counter + 1: null

2018-12-11 15:17:18 - [TEST_STEP][PASSED] - Statement - PreSaveFile = new java.io.File(((pathPrefix + java.lang.Integer.toString(counter)) + .png)): null

2018-12-11 15:17:18 - [TEST_STEP][PASSED] - Statement - counter = counter + 1: null

2018-12-11 15:17:18 - [TEST_STEP][PASSED] - Statement - PreSaveFile = new java.io.File(((pathPrefix + java.lang.Integer.toString(counter)) + .png)): null

2018-12-11 15:17:18 - [TEST_STEP][PASSED] - Statement - counter = counter + 1: null

2018-12-11 15:17:18 - [TEST_STEP][PASSED] - Statement - PreSaveFile = new java.io.File(((pathPrefix + java.lang.Integer.toString(counter)) + .png)): null

2018-12-11 15:17:18 - [TEST_STEP][PASSED] - Statement - counter = counter + 1: null

2018-12-11 15:17:18 - [TEST_STEP][PASSED] - Statement - PreSaveFile = new java.io.File(((pathPrefix + java.lang.Integer.toString(counter)) + .png)): null

2018-12-11 15:17:18 - [TEST_STEP][PASSED] - Statement - counter = counter + 1: null

2018-12-11 15:17:18 - [TEST_STEP][PASSED] - Statement - PreSaveFile = new java.io.File(((pathPrefix + java.lang.Integer.toString(counter)) + .png)): null

2018-12-11 15:17:18 - [TEST_STEP][PASSED] - Statement - counter = counter + 1: null

2018-12-11 15:17:18 - [TEST_STEP][PASSED] - Statement - PreSaveFile = new java.io.File(((pathPrefix + java.lang.Integer.toString(counter)) + .png)): null

2018-12-11 15:17:18 - [TEST_STEP][PASSED] - Statement - counter = counter + 1: null

2018-12-11 15:17:18 - [TEST_STEP][PASSED] - Statement - PreSaveFile = new java.io.File(((pathPrefix + java.lang.Integer.toString(counter)) + .png)): null

2018-12-11 15:17:18 - [TEST_STEP][PASSED] - Statement - counter = counter + 1: null

2018-12-11 15:17:18 - [TEST_STEP][PASSED] - Statement - PreSaveFile = new java.io.File(((pathPrefix + java.lang.Integer.toString(counter)) + .png)): null

2018-12-11 15:17:18 - [TEST_STEP][PASSED] - Statement - counter = counter + 1: null

2018-12-11 15:17:18 - [TEST_STEP][PASSED] - Statement - PreSaveFile = new java.io.File(((pathPrefix + java.lang.Integer.toString(counter)) + .png)): null

2018-12-11 15:17:18 - [TEST_STEP][PASSED] - Statement - counter = counter + 1: null

2018-12-11 15:17:18 - [TEST_STEP][PASSED] - Statement - PreSaveFile = new java.io.File(((pathPrefix + java.lang.Integer.toString(counter)) + .png)): null

2018-12-11 15:17:18 - [TEST_STEP][PASSED] - Statement - counter = counter + 1: null

2018-12-11 15:17:18 - [TEST_STEP][PASSED] - Statement - PreSaveFile = new java.io.File(((pathPrefix + java.lang.Integer.toString(counter)) + .png)): null

2018-12-11 15:17:18 - [TEST_STEP][PASSED] - Statement - counter = counter + 1: null

2018-12-11 15:17:18 - [TEST_STEP][PASSED] - Statement - PreSaveFile = new java.io.File(((pathPrefix + java.lang.Integer.toString(counter)) + .png)): null

2018-12-11 15:17:18 - [TEST_STEP][PASSED] - Statement - counter = counter + 1: null

2018-12-11 15:17:18 - [TEST_STEP][PASSED] - Statement - PreSaveFile = new java.io.File(((pathPrefix + java.lang.Integer.toString(counter)) + .png)): null

2018-12-11 15:17:18 - [TEST_STEP][PASSED] - Statement - counter = counter + 1: null

2018-12-11 15:17:18 - [TEST_STEP][PASSED] - Statement - PreSaveFile = new java.io.File(((pathPrefix + java.lang.Integer.toString(counter)) + .png)): null

2018-12-11 15:17:18 - [TEST_STEP][PASSED] - Statement - counter = counter + 1: null

2018-12-11 15:17:18 - [TEST_STEP][PASSED] - Statement - PreSaveFile = new java.io.File(((pathPrefix + java.lang.Integer.toString(counter)) + .png)): null

2018-12-11 15:17:18 - [TEST_STEP][PASSED] - Statement - counter = counter + 1: null

2018-12-11 15:17:18 - [TEST_STEP][PASSED] - Statement - PreSaveFile = new java.io.File(((pathPrefix + java.lang.Integer.toString(counter)) + .png)): null

2018-12-11 15:17:18 - [TEST_STEP][PASSED] - Statement - finalPath = pathPrefix + java.lang.Integer.toString(counter) + ".png": null

2018-12-11 15:17:18 - [TEST_STEP][PASSED] - Statement - SaveFile = new java.io.File(finalPath): null

2018-12-11 15:17:18 - [TEST_STEP][PASSED] - Statement - Try: null

2018-12-11 15:17:18 - [TEST_STEP][PASSED] - Statement - org.apache.commons.io.FileUtils.copyFile(scrFile, SaveFile): null

2018-12-11 15:17:18 - [TEST_STEP][PASSED] - Statement - out.println("file kept"): null

2018-12-11 15:17:18 - [TEST_STEP][PASSED] - delay: Delayed 10 second(s)

2018-12-11 15:17:28 - [MESSAGE][PASSED] - Delayed 10 second(s)

2018-12-11 15:17:28 - [MESSAGE][PASSED] - Call Test Case 'Test Cases/Final Aug 2018 - PKS Automation/Registration Module/New Registration/Submit and Screenshot/Submit Registration and Screenshot' successfully

2018-12-11 15:17:28 - [TEST_STEP][PASSED] - callTestCase: Call Test Case 'Test Cases/Final Aug 2018 - PKS Automation/Registration Module/Log Out/log out avoiding katalon tagging' successfully

2018-12-11 15:17:28 - [TEST_CASE][PASSED] - Test Cases/Final Aug 2018 - PKS Automation/Registration Module/Log Out/log out avoiding katalon tagging: Test Cases/Final Aug 2018 - PKS Automation/Registration Module/Log Out/log out avoiding katalon tagging

2018-12-11 15:17:28 - [TEST_STEP][PASSED] - navigateToUrl: Navigate to 'https://assist2-uat.perkeso.gov.my/c/portal/logout' successfully

2018-12-11 15:17:29 - [MESSAGE][PASSED] - Navigate to 'https://assist2-uat.perkeso.gov.my/c/portal/logout' successfully

2018-12-11 15:17:29 - [MESSAGE][PASSED] - Call Test Case 'Test Cases/Final Aug 2018 - PKS Automation/Registration Module/Log Out/log out avoiding katalon tagging' successfully]]></system-out>
         <system-err><![CDATA[2018-12-11 15:06:20 - [TEST_CASE][FAILED] - Test Cases/Final Aug 2018 - PKS Automation/Registration Module/Workflow/New Registration/OTC - PKR BO - RO Under Enforcement(Routed 2 Time): Test Cases/Final Aug 2018 - PKS Automation/Registration Module/Workflow/New Registration/OTC - PKR BO - RO Under Enforcement(Routed 2 Time) FAILED because (of) (Stack trace: com.kms.katalon.core.exception.StepFailedException: Unable to click on object 'Object Repository/Final Object Repo/New Registration - Registration Module Pages/New Reg - OTC to RO/Special Case - All Related Objects/Click Search' (Root cause: org.openqa.selenium.WebDriverException: unknown error: Element <a validatesubmit="" href="https://assist2-uat.perkeso.gov.my/web/base/myassist?p_auth=jR2tkRLS&amp;p_p_id=myassist_WAR_baseportlet&amp;p_p_lifecycle=1&amp;p_p_state=normal&amp;p_p_mode=view&amp;p_p_col_id=column-1&amp;p_p_col_count=1&amp;_myassist_WAR_baseportlet_javax.portlet.action=exeAction" formid="_myassist_WAR_baseportlet_taskInboxFm" targets="baseMsgDivId" class="btn btn-lg blueBtn col-md-2 m-t-20 pull-right">...</a> is not clickable at point (1160, 42). Other element would receive the click: <a class="user-avatar-link dropdown-toggle" href="javascript:void(0);" id="" role="menuitem" title=" 

	 
		KLpkrbo3
	 ">...</a>
  (Session info: chrome=70.0.3538.110)
  (Driver info: chromedriver=2.43.600210 (68dcf5eebde37173d4027fa8635e332711d2874a),platform=Windows NT 6.1.7601 SP1 x86_64) (WARNING: The server did not provide any stacktrace information)
Command duration or timeout: 0 milliseconds
Build info: version: '3.7.1', revision: '8a0099a', time: '2017-11-06T21:07:36.161Z'
System info: host: 'WIN7TEST02', ip: '10.20.3.72', os.name: 'Windows 7', os.arch: 'amd64', os.version: '6.1', java.version: '1.8.0_181'
Driver info: com.kms.katalon.selenium.driver.CChromeDriver
Capabilities {acceptInsecureCerts: false, acceptSslCerts: false, applicationCacheEnabled: false, browserConnectionEnabled: false, browserName: chrome, chrome: {chromedriverVersion: 2.43.600210 (68dcf5eebde371..., userDataDir: C:\Users\Admin\AppData\Loca...}, cssSelectorsEnabled: true, databaseEnabled: false, goog:chromeOptions: {debuggerAddress: localhost:58431}, handlesAlerts: true, hasTouchScreen: false, javascriptEnabled: true, locationContextEnabled: true, mobileEmulationEnabled: false, nativeEvents: true, networkConnectionEnabled: false, pageLoadStrategy: normal, platform: XP, platformName: XP, rotatable: false, setWindowRect: true, takesHeapSnapshot: true, takesScreenshot: true, unexpectedAlertBehaviour: , unhandledPromptBehavior: , version: 70.0.3538.110, webStorageEnabled: true}
Session ID: 126e027c65aea306fb5e24d0905e3a02)
	at com.kms.katalon.core.keyword.internal.KeywordMain.stepFailed(KeywordMain.groovy:32)
	at com.kms.katalon.core.webui.keyword.internal.WebUIKeywordMain.stepFailed(WebUIKeywordMain.groovy:65)
	at com.kms.katalon.core.webui.keyword.internal.WebUIKeywordMain.runKeyword(WebUIKeywordMain.groovy:27)
	at com.kms.katalon.core.webui.keyword.builtin.ClickKeyword.click(ClickKeyword.groovy:86)
	at com.kms.katalon.core.webui.keyword.builtin.ClickKeyword.execute(ClickKeyword.groovy:67)
	at com.kms.katalon.core.keyword.internal.KeywordExecutor.executeKeywordForPlatform(KeywordExecutor.groovy:53)
	at com.kms.katalon.core.webui.keyword.WebUiBuiltInKeywords.click(WebUiBuiltInKeywords.groovy:616)
	at com.kms.katalon.core.webui.keyword.WebUiBuiltInKeywords$click$2.call(Unknown Source)
	at org.codehaus.groovy.runtime.callsite.CallSiteArray.defaultCall(CallSiteArray.java:48)
	at org.codehaus.groovy.runtime.callsite.AbstractCallSite.call(AbstractCallSite.java:113)
	at org.codehaus.groovy.runtime.callsite.AbstractCallSite.call(AbstractCallSite.java:125)
	at Script1535944782532.run(Script1535944782532.groovy:80)
	at com.kms.katalon.core.main.ScriptEngine.run(ScriptEngine.java:183)
	at com.kms.katalon.core.main.ScriptEngine.runScriptAsRawText(ScriptEngine.java:108)
	at com.kms.katalon.core.main.TestCaseExecutor.runScript(TestCaseExecutor.java:294)
	at com.kms.katalon.core.main.TestCaseExecutor.doExecute(TestCaseExecutor.java:285)
	at com.kms.katalon.core.main.TestCaseExecutor.processExecutionPhase(TestCaseExecutor.java:264)
	at com.kms.katalon.core.main.TestCaseExecutor.accessMainPhase(TestCaseExecutor.java:256)
	at com.kms.katalon.core.main.TestCaseExecutor.execute(TestCaseExecutor.java:200)
	at com.kms.katalon.core.main.TestSuiteExecutor.accessTestCaseMainPhase(TestSuiteExecutor.java:129)
	at com.kms.katalon.core.main.TestSuiteExecutor.accessTestSuiteMainPhase(TestSuiteExecutor.java:112)
	at com.kms.katalon.core.main.TestSuiteExecutor.execute(TestSuiteExecutor.java:81)
	at com.kms.katalon.core.main.TestCaseMain.startTestSuite(TestCaseMain.java:142)
	at com.kms.katalon.core.main.TestCaseMain$startTestSuite$0.call(Unknown Source)
	at org.codehaus.groovy.runtime.callsite.CallSiteArray.defaultCall(CallSiteArray.java:48)
	at org.codehaus.groovy.runtime.callsite.AbstractCallSite.call(AbstractCallSite.java:113)
	at org.codehaus.groovy.runtime.callsite.AbstractCallSite.call(AbstractCallSite.java:141)
	at TempTestSuite1544497307528.run(TempTestSuite1544497307528.groovy:36)
	at groovy.lang.GroovyShell.runScriptOrMainOrTestOrRunnable(GroovyShell.java:263)
	at groovy.lang.GroovyShell.run(GroovyShell.java:518)
	at groovy.lang.GroovyShell.run(GroovyShell.java:507)
	at groovy.ui.GroovyMain.processOnce(GroovyMain.java:653)
	at groovy.ui.GroovyMain.run(GroovyMain.java:384)
	at groovy.ui.GroovyMain.process(GroovyMain.java:370)
	at groovy.ui.GroovyMain.processArgs(GroovyMain.java:129)
	at groovy.ui.GroovyMain.main(GroovyMain.java:109)
	at sun.reflect.NativeMethodAccessorImpl.invoke0(Native Method)
	at sun.reflect.NativeMethodAccessorImpl.invoke(NativeMethodAccessorImpl.java:62)
	at sun.reflect.DelegatingMethodAccessorImpl.invoke(DelegatingMethodAccessorImpl.java:43)
	at java.lang.reflect.Method.invoke(Method.java:498)
	at org.codehaus.groovy.tools.GroovyStarter.rootLoader(GroovyStarter.java:109)
	at org.codehaus.groovy.tools.GroovyStarter.main(GroovyStarter.java:131)
)]]></system-err>
      </testcase>
      <system-out><![CDATA[2018-12-11 13:13:45 - [TEST_SUITE][FAILED] - New Registration: Test Cases/Final Aug 2018 - PKS Automation/Registration Module/Workflow/New Registration/Case PKR BO to RO - Query - Submit FAILED because (of) (Stack trace: com.kms.katalon.core.exception.StepFailedException: Unable to click on object 'Object Repository/Final Object Repo/New Registration - Registration Module Pages/New Reg - OTC to RO/Special Case - All Related Objects/Pending Case Exit' (Root cause: org.openqa.selenium.StaleElementReferenceException: stale element reference: element is not attached to the page document
  (Session info: chrome=70.0.3538.110)
  (Driver info: chromedriver=2.43.600210 (68dcf5eebde37173d4027fa8635e332711d2874a),platform=Windows NT 6.1.7601 SP1 x86_64) (WARNING: The server did not provide any stacktrace information)
Command duration or timeout: 0 milliseconds
For documentation on this error, please visit: http://seleniumhq.org/exceptions/stale_element_reference.html
Build info: version: '3.7.1', revision: '8a0099a', time: '2017-11-06T21:07:36.161Z'
System info: host: 'WIN7TEST02', ip: '10.20.3.72', os.name: 'Windows 7', os.arch: 'amd64', os.version: '6.1', java.version: '1.8.0_181'
Driver info: com.kms.katalon.selenium.driver.CChromeDriver
Capabilities {acceptInsecureCerts: false, acceptSslCerts: false, applicationCacheEnabled: false, browserConnectionEnabled: false, browserName: chrome, chrome: {chromedriverVersion: 2.43.600210 (68dcf5eebde371..., userDataDir: C:\Users\Admin\AppData\Loca...}, cssSelectorsEnabled: true, databaseEnabled: false, goog:chromeOptions: {debuggerAddress: localhost:57086}, handlesAlerts: true, hasTouchScreen: false, javascriptEnabled: true, locationContextEnabled: true, mobileEmulationEnabled: false, nativeEvents: true, networkConnectionEnabled: false, pageLoadStrategy: normal, platform: XP, platformName: XP, rotatable: false, setWindowRect: true, takesHeapSnapshot: true, takesScreenshot: true, unexpectedAlertBehaviour: , unhandledPromptBehavior: , version: 70.0.3538.110, webStorageEnabled: true}
Session ID: e422cb9eb852572083eac22b9f386810)
	at com.kms.katalon.core.keyword.internal.KeywordMain.stepFailed(KeywordMain.groovy:32)
	at com.kms.katalon.core.webui.keyword.internal.WebUIKeywordMain.stepFailed(WebUIKeywordMain.groovy:65)
	at com.kms.katalon.core.webui.keyword.internal.WebUIKeywordMain.runKeyword(WebUIKeywordMain.groovy:27)
	at com.kms.katalon.core.webui.keyword.builtin.ClickKeyword.click(ClickKeyword.groovy:86)
	at com.kms.katalon.core.webui.keyword.builtin.ClickKeyword.execute(ClickKeyword.groovy:67)
	at com.kms.katalon.core.keyword.internal.KeywordExecutor.executeKeywordForPlatform(KeywordExecutor.groovy:53)
	at com.kms.katalon.core.webui.keyword.WebUiBuiltInKeywords.click(WebUiBuiltInKeywords.groovy:616)
	at com.kms.katalon.core.webui.keyword.WebUiBuiltInKeywords$click$2.call(Unknown Source)
	at org.codehaus.groovy.runtime.callsite.CallSiteArray.defaultCall(CallSiteArray.java:48)
	at org.codehaus.groovy.runtime.callsite.AbstractCallSite.call(AbstractCallSite.java:113)
	at org.codehaus.groovy.runtime.callsite.AbstractCallSite.call(AbstractCallSite.java:125)
	at Script1535619019036.run(Script1535619019036.groovy:192)
	at com.kms.katalon.core.main.ScriptEngine.run(ScriptEngine.java:183)
	at com.kms.katalon.core.main.ScriptEngine.runScriptAsRawText(ScriptEngine.java:108)
	at com.kms.katalon.core.main.TestCaseExecutor.runScript(TestCaseExecutor.java:294)
	at com.kms.katalon.core.main.TestCaseExecutor.doExecute(TestCaseExecutor.java:285)
	at com.kms.katalon.core.main.TestCaseExecutor.processExecutionPhase(TestCaseExecutor.java:264)
	at com.kms.katalon.core.main.TestCaseExecutor.accessMainPhase(TestCaseExecutor.java:256)
	at com.kms.katalon.core.main.TestCaseExecutor.execute(TestCaseExecutor.java:200)
	at com.kms.katalon.core.main.TestSuiteExecutor.accessTestCaseMainPhase(TestSuiteExecutor.java:129)
	at com.kms.katalon.core.main.TestSuiteExecutor.accessTestSuiteMainPhase(TestSuiteExecutor.java:112)
	at com.kms.katalon.core.main.TestSuiteExecutor.execute(TestSuiteExecutor.java:81)
	at com.kms.katalon.core.main.TestCaseMain.startTestSuite(TestCaseMain.java:142)
	at com.kms.katalon.core.main.TestCaseMain$startTestSuite$0.call(Unknown Source)
	at org.codehaus.groovy.runtime.callsite.CallSiteArray.defaultCall(CallSiteArray.java:48)
	at org.codehaus.groovy.runtime.callsite.AbstractCallSite.call(AbstractCallSite.java:113)
	at org.codehaus.groovy.runtime.callsite.AbstractCallSite.call(AbstractCallSite.java:141)
	at TempTestSuite1544497307528.run(TempTestSuite1544497307528.groovy:36)
	at groovy.lang.GroovyShell.runScriptOrMainOrTestOrRunnable(GroovyShell.java:263)
	at groovy.lang.GroovyShell.run(GroovyShell.java:518)
	at groovy.lang.GroovyShell.run(GroovyShell.java:507)
	at groovy.ui.GroovyMain.processOnce(GroovyMain.java:653)
	at groovy.ui.GroovyMain.run(GroovyMain.java:384)
	at groovy.ui.GroovyMain.process(GroovyMain.java:370)
	at groovy.ui.GroovyMain.processArgs(GroovyMain.java:129)
	at groovy.ui.GroovyMain.main(GroovyMain.java:109)
	at sun.reflect.NativeMethodAccessorImpl.invoke0(Native Method)
	at sun.reflect.NativeMethodAccessorImpl.invoke(NativeMethodAccessorImpl.java:62)
	at sun.reflect.DelegatingMethodAccessorImpl.invoke(DelegatingMethodAccessorImpl.java:43)
	at java.lang.reflect.Method.invoke(Method.java:498)
	at org.codehaus.groovy.tools.GroovyStarter.rootLoader(GroovyStarter.java:109)
	at org.codehaus.groovy.tools.GroovyStarter.main(GroovyStarter.java:131)
)]]></system-out>
      <system-err><![CDATA[2018-12-11 13:13:45 - [TEST_SUITE][FAILED] - New Registration: Test Cases/Final Aug 2018 - PKS Automation/Registration Module/Workflow/New Registration/Case PKR BO to RO - Query - Submit FAILED because (of) (Stack trace: com.kms.katalon.core.exception.StepFailedException: Unable to click on object 'Object Repository/Final Object Repo/New Registration - Registration Module Pages/New Reg - OTC to RO/Special Case - All Related Objects/Pending Case Exit' (Root cause: org.openqa.selenium.StaleElementReferenceException: stale element reference: element is not attached to the page document
  (Session info: chrome=70.0.3538.110)
  (Driver info: chromedriver=2.43.600210 (68dcf5eebde37173d4027fa8635e332711d2874a),platform=Windows NT 6.1.7601 SP1 x86_64) (WARNING: The server did not provide any stacktrace information)
Command duration or timeout: 0 milliseconds
For documentation on this error, please visit: http://seleniumhq.org/exceptions/stale_element_reference.html
Build info: version: '3.7.1', revision: '8a0099a', time: '2017-11-06T21:07:36.161Z'
System info: host: 'WIN7TEST02', ip: '10.20.3.72', os.name: 'Windows 7', os.arch: 'amd64', os.version: '6.1', java.version: '1.8.0_181'
Driver info: com.kms.katalon.selenium.driver.CChromeDriver
Capabilities {acceptInsecureCerts: false, acceptSslCerts: false, applicationCacheEnabled: false, browserConnectionEnabled: false, browserName: chrome, chrome: {chromedriverVersion: 2.43.600210 (68dcf5eebde371..., userDataDir: C:\Users\Admin\AppData\Loca...}, cssSelectorsEnabled: true, databaseEnabled: false, goog:chromeOptions: {debuggerAddress: localhost:57086}, handlesAlerts: true, hasTouchScreen: false, javascriptEnabled: true, locationContextEnabled: true, mobileEmulationEnabled: false, nativeEvents: true, networkConnectionEnabled: false, pageLoadStrategy: normal, platform: XP, platformName: XP, rotatable: false, setWindowRect: true, takesHeapSnapshot: true, takesScreenshot: true, unexpectedAlertBehaviour: , unhandledPromptBehavior: , version: 70.0.3538.110, webStorageEnabled: true}
Session ID: e422cb9eb852572083eac22b9f386810)
	at com.kms.katalon.core.keyword.internal.KeywordMain.stepFailed(KeywordMain.groovy:32)
	at com.kms.katalon.core.webui.keyword.internal.WebUIKeywordMain.stepFailed(WebUIKeywordMain.groovy:65)
	at com.kms.katalon.core.webui.keyword.internal.WebUIKeywordMain.runKeyword(WebUIKeywordMain.groovy:27)
	at com.kms.katalon.core.webui.keyword.builtin.ClickKeyword.click(ClickKeyword.groovy:86)
	at com.kms.katalon.core.webui.keyword.builtin.ClickKeyword.execute(ClickKeyword.groovy:67)
	at com.kms.katalon.core.keyword.internal.KeywordExecutor.executeKeywordForPlatform(KeywordExecutor.groovy:53)
	at com.kms.katalon.core.webui.keyword.WebUiBuiltInKeywords.click(WebUiBuiltInKeywords.groovy:616)
	at com.kms.katalon.core.webui.keyword.WebUiBuiltInKeywords$click$2.call(Unknown Source)
	at org.codehaus.groovy.runtime.callsite.CallSiteArray.defaultCall(CallSiteArray.java:48)
	at org.codehaus.groovy.runtime.callsite.AbstractCallSite.call(AbstractCallSite.java:113)
	at org.codehaus.groovy.runtime.callsite.AbstractCallSite.call(AbstractCallSite.java:125)
	at Script1535619019036.run(Script1535619019036.groovy:192)
	at com.kms.katalon.core.main.ScriptEngine.run(ScriptEngine.java:183)
	at com.kms.katalon.core.main.ScriptEngine.runScriptAsRawText(ScriptEngine.java:108)
	at com.kms.katalon.core.main.TestCaseExecutor.runScript(TestCaseExecutor.java:294)
	at com.kms.katalon.core.main.TestCaseExecutor.doExecute(TestCaseExecutor.java:285)
	at com.kms.katalon.core.main.TestCaseExecutor.processExecutionPhase(TestCaseExecutor.java:264)
	at com.kms.katalon.core.main.TestCaseExecutor.accessMainPhase(TestCaseExecutor.java:256)
	at com.kms.katalon.core.main.TestCaseExecutor.execute(TestCaseExecutor.java:200)
	at com.kms.katalon.core.main.TestSuiteExecutor.accessTestCaseMainPhase(TestSuiteExecutor.java:129)
	at com.kms.katalon.core.main.TestSuiteExecutor.accessTestSuiteMainPhase(TestSuiteExecutor.java:112)
	at com.kms.katalon.core.main.TestSuiteExecutor.execute(TestSuiteExecutor.java:81)
	at com.kms.katalon.core.main.TestCaseMain.startTestSuite(TestCaseMain.java:142)
	at com.kms.katalon.core.main.TestCaseMain$startTestSuite$0.call(Unknown Source)
	at org.codehaus.groovy.runtime.callsite.CallSiteArray.defaultCall(CallSiteArray.java:48)
	at org.codehaus.groovy.runtime.callsite.AbstractCallSite.call(AbstractCallSite.java:113)
	at org.codehaus.groovy.runtime.callsite.AbstractCallSite.call(AbstractCallSite.java:141)
	at TempTestSuite1544497307528.run(TempTestSuite1544497307528.groovy:36)
	at groovy.lang.GroovyShell.runScriptOrMainOrTestOrRunnable(GroovyShell.java:263)
	at groovy.lang.GroovyShell.run(GroovyShell.java:518)
	at groovy.lang.GroovyShell.run(GroovyShell.java:507)
	at groovy.ui.GroovyMain.processOnce(GroovyMain.java:653)
	at groovy.ui.GroovyMain.run(GroovyMain.java:384)
	at groovy.ui.GroovyMain.process(GroovyMain.java:370)
	at groovy.ui.GroovyMain.processArgs(GroovyMain.java:129)
	at groovy.ui.GroovyMain.main(GroovyMain.java:109)
	at sun.reflect.NativeMethodAccessorImpl.invoke0(Native Method)
	at sun.reflect.NativeMethodAccessorImpl.invoke(NativeMethodAccessorImpl.java:62)
	at sun.reflect.DelegatingMethodAccessorImpl.invoke(DelegatingMethodAccessorImpl.java:43)
	at java.lang.reflect.Method.invoke(Method.java:498)
	at org.codehaus.groovy.tools.GroovyStarter.rootLoader(GroovyStarter.java:109)
	at org.codehaus.groovy.tools.GroovyStarter.main(GroovyStarter.java:131)
)]]></system-err>
   </testsuite>
</testsuites>
