<?xml version="1.0" encoding="UTF-8"?>
<testsuites name="Update Add New Employee" time="5983" tests="0" failures="6" errors="0">
   <testsuite name="Update Add New Employee" tests="0" failures="6" errors="0" time="5983" timestamp="2018-12-14 00:51:46" hostname="Admin - Win7Test02" id="Test Suites/Workflow/Update Add New Employee">
      <properties>
         <property name="deviceName" value=""/>
         <property name="devicePlatform" value=""/>
         <property name="logFolder" value="C:\\Users\\Admin\\Desktop\\PKS\\Perkeso Phase A\\Reports\\Workflow\\Update Add New Employee\\20181213_225844"/>
         <property name="logFiles" value="C:\\Users\\Admin\\Desktop\\PKS\\Perkeso Phase A\\Reports\\Workflow\\Update Add New Employee\\20181213_225844\\execution0.log, C:\\Users\\Admin\\Desktop\\PKS\\Perkeso Phase A\\Reports\\Workflow\\Update Add New Employee\\20181213_225844\\execution1.log, C:\\Users\\Admin\\Desktop\\PKS\\Perkeso Phase A\\Reports\\Workflow\\Update Add New Employee\\20181213_225844\\execution2.log"/>
         <property name="attachments" value="C:\\Users\\Admin\\Desktop\\PKS\\Perkeso Phase A\\Reports\\Workflow\\Update Add New Employee\\20181213_225844\\1544720816094.png, C:\\Users\\Admin\\Desktop\\PKS\\Perkeso Phase A\\Reports\\Workflow\\Update Add New Employee\\20181213_225844\\1544721611438.png, C:\\Users\\Admin\\Desktop\\PKS\\Perkeso Phase A\\Reports\\Workflow\\Update Add New Employee\\20181213_225844\\1544722684708.png, C:\\Users\\Admin\\Desktop\\PKS\\Perkeso Phase A\\Reports\\Workflow\\Update Add New Employee\\20181213_225844\\1544723600762.png, C:\\Users\\Admin\\Desktop\\PKS\\Perkeso Phase A\\Reports\\Workflow\\Update Add New Employee\\20181213_225844\\1544723742572.png, C:\\Users\\Admin\\Desktop\\PKS\\Perkeso Phase A\\Reports\\Workflow\\Update Add New Employee\\20181213_225844\\1544724640659.png, C:\\Users\\Admin\\Desktop\\PKS\\Perkeso Phase A\\Reports\\Workflow\\Update Add New Employee\\20181213_225844\\1544724852919.png, C:\\Users\\Admin\\Desktop\\PKS\\Perkeso Phase A\\Reports\\Workflow\\Update Add New Employee\\20181213_225844\\1544725796574.png"/>
         <property name="hostName" value="Admin - Win7Test02"/>
         <property name="os" value="Windows 7 64bit"/>
         <property name="katalonVersion" value="5.8.6.1"/>
         <property name="browser" value="Chrome 70.0.3538.110"/>
         <property name="hostAddress" value="10.20.3.72"/>
         <property name="sessionId" value="775e244019c0f5714bd1d64e01239bdf"/>
         <property name="seleniumVersion" value="3.7.1"/>
         <property name="proxyInformation" value="ProxyInformation{proxyOption=NO_PROXY, proxyServerType=HTTP, password=, proxyServerAddress=, proxyServerPort=0}"/>
         <property name="platform" value="Windows 7"/>
      </properties>
      <testcase name="Test Cases/Final Aug 2018 - PKS Automation/Registration Module/Workflow/Update Add New Employee/Special Case (Employer - RO Query - OTC Upload Pending Case - RO Approve)" classname="Test Cases/Final Aug 2018 - PKS Automation/Registration Module/Workflow/Update Add New Employee/Special Case (Employer - RO Query - OTC Upload Pending Case - RO Approve)" status="FAILED">
         <failure type="FAILED" message="(Stack trace: com.kms.katalon.core.exception.StepFailedException: Unable to set text 'CAN12201800002350' of object 'Object Repository/Final Object Repo/New Registration - Registration Module Pages/New Reg - OTC to RO/Special Case - All Related Objects/TextBox RefNo in Workbasket' (Root cause: org.openqa.selenium.ElementNotVisibleException: element not interactable
  (Session info: chrome=70.0.3538.110)
  (Driver info: chromedriver=2.43.600210 (68dcf5eebde37173d4027fa8635e332711d2874a),platform=Windows NT 6.1.7601 SP1 x86_64) (WARNING: The server did not provide any stacktrace information)
Command duration or timeout: 0 milliseconds
Build info: version: '3.7.1', revision: '8a0099a', time: '2017-11-06T21:07:36.161Z'
System info: host: 'WIN7TEST02', ip: '10.20.3.72', os.name: 'Windows 7', os.arch: 'amd64', os.version: '6.1', java.version: '1.8.0_181'
Driver info: com.kms.katalon.selenium.driver.CChromeDriver
Capabilities {acceptInsecureCerts: false, acceptSslCerts: false, applicationCacheEnabled: false, browserConnectionEnabled: false, browserName: chrome, chrome: {chromedriverVersion: 2.43.600210 (68dcf5eebde371..., userDataDir: C:\Users\Admin\AppData\Loca...}, cssSelectorsEnabled: true, databaseEnabled: false, goog:chromeOptions: {debuggerAddress: localhost:63398}, handlesAlerts: true, hasTouchScreen: false, javascriptEnabled: true, locationContextEnabled: true, mobileEmulationEnabled: false, nativeEvents: true, networkConnectionEnabled: false, pageLoadStrategy: normal, platform: XP, platformName: XP, rotatable: false, setWindowRect: true, takesHeapSnapshot: true, takesScreenshot: true, unexpectedAlertBehaviour: , unhandledPromptBehavior: , version: 70.0.3538.110, webStorageEnabled: true}
Session ID: 6822dbe55f4b104c542910faf862c606)
	at com.kms.katalon.core.keyword.internal.KeywordMain.stepFailed(KeywordMain.groovy:32)
	at com.kms.katalon.core.webui.keyword.internal.WebUIKeywordMain.stepFailed(WebUIKeywordMain.groovy:65)
	at com.kms.katalon.core.webui.keyword.internal.WebUIKeywordMain.runKeyword(WebUIKeywordMain.groovy:27)
	at com.kms.katalon.core.webui.keyword.builtin.SetTextKeyword.setText(SetTextKeyword.groovy:65)
	at com.kms.katalon.core.webui.keyword.builtin.SetTextKeyword.execute(SetTextKeyword.groovy:37)
	at com.kms.katalon.core.keyword.internal.KeywordExecutor.executeKeywordForPlatform(KeywordExecutor.groovy:53)
	at com.kms.katalon.core.webui.keyword.WebUiBuiltInKeywords.setText(WebUiBuiltInKeywords.groovy:950)
	at com.kms.katalon.core.webui.keyword.WebUiBuiltInKeywords$setText$1.call(Unknown Source)
	at org.codehaus.groovy.runtime.callsite.CallSiteArray.defaultCall(CallSiteArray.java:48)
	at org.codehaus.groovy.runtime.callsite.AbstractCallSite.call(AbstractCallSite.java:113)
	at org.codehaus.groovy.runtime.callsite.AbstractCallSite.call(AbstractCallSite.java:133)
	at Script1537330388665.run(Script1537330388665.groovy:332)
	at com.kms.katalon.core.main.ScriptEngine.run(ScriptEngine.java:183)
	at com.kms.katalon.core.main.ScriptEngine.runScriptAsRawText(ScriptEngine.java:108)
	at com.kms.katalon.core.main.TestCaseExecutor.runScript(TestCaseExecutor.java:294)
	at com.kms.katalon.core.main.TestCaseExecutor.doExecute(TestCaseExecutor.java:285)
	at com.kms.katalon.core.main.TestCaseExecutor.processExecutionPhase(TestCaseExecutor.java:264)
	at com.kms.katalon.core.main.TestCaseExecutor.accessMainPhase(TestCaseExecutor.java:256)
	at com.kms.katalon.core.main.TestCaseExecutor.execute(TestCaseExecutor.java:200)
	at com.kms.katalon.core.main.TestSuiteExecutor.accessTestCaseMainPhase(TestSuiteExecutor.java:129)
	at com.kms.katalon.core.main.TestSuiteExecutor.accessTestSuiteMainPhase(TestSuiteExecutor.java:112)
	at com.kms.katalon.core.main.TestSuiteExecutor.execute(TestSuiteExecutor.java:81)
	at com.kms.katalon.core.main.TestCaseMain.startTestSuite(TestCaseMain.java:142)
	at com.kms.katalon.core.main.TestCaseMain$startTestSuite$0.call(Unknown Source)
	at org.codehaus.groovy.runtime.callsite.CallSiteArray.defaultCall(CallSiteArray.java:48)
	at org.codehaus.groovy.runtime.callsite.AbstractCallSite.call(AbstractCallSite.java:113)
	at org.codehaus.groovy.runtime.callsite.AbstractCallSite.call(AbstractCallSite.java:141)
	at TempTestSuite1544713124582.run(TempTestSuite1544713124582.groovy:36)
	at groovy.lang.GroovyShell.runScriptOrMainOrTestOrRunnable(GroovyShell.java:263)
	at groovy.lang.GroovyShell.run(GroovyShell.java:518)
	at groovy.lang.GroovyShell.run(GroovyShell.java:507)
	at groovy.ui.GroovyMain.processOnce(GroovyMain.java:653)
	at groovy.ui.GroovyMain.run(GroovyMain.java:384)
	at groovy.ui.GroovyMain.process(GroovyMain.java:370)
	at groovy.ui.GroovyMain.processArgs(GroovyMain.java:129)
	at groovy.ui.GroovyMain.main(GroovyMain.java:109)
	at sun.reflect.NativeMethodAccessorImpl.invoke0(Native Method)
	at sun.reflect.NativeMethodAccessorImpl.invoke(NativeMethodAccessorImpl.java:62)
	at sun.reflect.DelegatingMethodAccessorImpl.invoke(DelegatingMethodAccessorImpl.java:43)
	at java.lang.reflect.Method.invoke(Method.java:498)
	at org.codehaus.groovy.tools.GroovyStarter.rootLoader(GroovyStarter.java:109)
	at org.codehaus.groovy.tools.GroovyStarter.main(GroovyStarter.java:131)
)"/>
         <system-out><![CDATA[2018-12-14 00:51:47 - [TEST_CASE][FAILED] - Test Cases/Final Aug 2018 - PKS Automation/Registration Module/Workflow/Update Add New Employee/Special Case (Employer - RO Query - OTC Upload Pending Case - RO Approve): Test Cases/Final Aug 2018 - PKS Automation/Registration Module/Workflow/Update Add New Employee/Special Case (Employer - RO Query - OTC Upload Pending Case - RO Approve) FAILED because (of) (Stack trace: com.kms.katalon.core.exception.StepFailedException: Unable to set text 'CAN12201800002350' of object 'Object Repository/Final Object Repo/New Registration - Registration Module Pages/New Reg - OTC to RO/Special Case - All Related Objects/TextBox RefNo in Workbasket' (Root cause: org.openqa.selenium.ElementNotVisibleException: element not interactable
  (Session info: chrome=70.0.3538.110)
  (Driver info: chromedriver=2.43.600210 (68dcf5eebde37173d4027fa8635e332711d2874a),platform=Windows NT 6.1.7601 SP1 x86_64) (WARNING: The server did not provide any stacktrace information)
Command duration or timeout: 0 milliseconds
Build info: version: '3.7.1', revision: '8a0099a', time: '2017-11-06T21:07:36.161Z'
System info: host: 'WIN7TEST02', ip: '10.20.3.72', os.name: 'Windows 7', os.arch: 'amd64', os.version: '6.1', java.version: '1.8.0_181'
Driver info: com.kms.katalon.selenium.driver.CChromeDriver
Capabilities {acceptInsecureCerts: false, acceptSslCerts: false, applicationCacheEnabled: false, browserConnectionEnabled: false, browserName: chrome, chrome: {chromedriverVersion: 2.43.600210 (68dcf5eebde371..., userDataDir: C:\Users\Admin\AppData\Loca...}, cssSelectorsEnabled: true, databaseEnabled: false, goog:chromeOptions: {debuggerAddress: localhost:63398}, handlesAlerts: true, hasTouchScreen: false, javascriptEnabled: true, locationContextEnabled: true, mobileEmulationEnabled: false, nativeEvents: true, networkConnectionEnabled: false, pageLoadStrategy: normal, platform: XP, platformName: XP, rotatable: false, setWindowRect: true, takesHeapSnapshot: true, takesScreenshot: true, unexpectedAlertBehaviour: , unhandledPromptBehavior: , version: 70.0.3538.110, webStorageEnabled: true}
Session ID: 6822dbe55f4b104c542910faf862c606)
	at com.kms.katalon.core.keyword.internal.KeywordMain.stepFailed(KeywordMain.groovy:32)
	at com.kms.katalon.core.webui.keyword.internal.WebUIKeywordMain.stepFailed(WebUIKeywordMain.groovy:65)
	at com.kms.katalon.core.webui.keyword.internal.WebUIKeywordMain.runKeyword(WebUIKeywordMain.groovy:27)
	at com.kms.katalon.core.webui.keyword.builtin.SetTextKeyword.setText(SetTextKeyword.groovy:65)
	at com.kms.katalon.core.webui.keyword.builtin.SetTextKeyword.execute(SetTextKeyword.groovy:37)
	at com.kms.katalon.core.keyword.internal.KeywordExecutor.executeKeywordForPlatform(KeywordExecutor.groovy:53)
	at com.kms.katalon.core.webui.keyword.WebUiBuiltInKeywords.setText(WebUiBuiltInKeywords.groovy:950)
	at com.kms.katalon.core.webui.keyword.WebUiBuiltInKeywords$setText$1.call(Unknown Source)
	at org.codehaus.groovy.runtime.callsite.CallSiteArray.defaultCall(CallSiteArray.java:48)
	at org.codehaus.groovy.runtime.callsite.AbstractCallSite.call(AbstractCallSite.java:113)
	at org.codehaus.groovy.runtime.callsite.AbstractCallSite.call(AbstractCallSite.java:133)
	at Script1537330388665.run(Script1537330388665.groovy:332)
	at com.kms.katalon.core.main.ScriptEngine.run(ScriptEngine.java:183)
	at com.kms.katalon.core.main.ScriptEngine.runScriptAsRawText(ScriptEngine.java:108)
	at com.kms.katalon.core.main.TestCaseExecutor.runScript(TestCaseExecutor.java:294)
	at com.kms.katalon.core.main.TestCaseExecutor.doExecute(TestCaseExecutor.java:285)
	at com.kms.katalon.core.main.TestCaseExecutor.processExecutionPhase(TestCaseExecutor.java:264)
	at com.kms.katalon.core.main.TestCaseExecutor.accessMainPhase(TestCaseExecutor.java:256)
	at com.kms.katalon.core.main.TestCaseExecutor.execute(TestCaseExecutor.java:200)
	at com.kms.katalon.core.main.TestSuiteExecutor.accessTestCaseMainPhase(TestSuiteExecutor.java:129)
	at com.kms.katalon.core.main.TestSuiteExecutor.accessTestSuiteMainPhase(TestSuiteExecutor.java:112)
	at com.kms.katalon.core.main.TestSuiteExecutor.execute(TestSuiteExecutor.java:81)
	at com.kms.katalon.core.main.TestCaseMain.startTestSuite(TestCaseMain.java:142)
	at com.kms.katalon.core.main.TestCaseMain$startTestSuite$0.call(Unknown Source)
	at org.codehaus.groovy.runtime.callsite.CallSiteArray.defaultCall(CallSiteArray.java:48)
	at org.codehaus.groovy.runtime.callsite.AbstractCallSite.call(AbstractCallSite.java:113)
	at org.codehaus.groovy.runtime.callsite.AbstractCallSite.call(AbstractCallSite.java:141)
	at TempTestSuite1544713124582.run(TempTestSuite1544713124582.groovy:36)
	at groovy.lang.GroovyShell.runScriptOrMainOrTestOrRunnable(GroovyShell.java:263)
	at groovy.lang.GroovyShell.run(GroovyShell.java:518)
	at groovy.lang.GroovyShell.run(GroovyShell.java:507)
	at groovy.ui.GroovyMain.processOnce(GroovyMain.java:653)
	at groovy.ui.GroovyMain.run(GroovyMain.java:384)
	at groovy.ui.GroovyMain.process(GroovyMain.java:370)
	at groovy.ui.GroovyMain.processArgs(GroovyMain.java:129)
	at groovy.ui.GroovyMain.main(GroovyMain.java:109)
	at sun.reflect.NativeMethodAccessorImpl.invoke0(Native Method)
	at sun.reflect.NativeMethodAccessorImpl.invoke(NativeMethodAccessorImpl.java:62)
	at sun.reflect.DelegatingMethodAccessorImpl.invoke(DelegatingMethodAccessorImpl.java:43)
	at java.lang.reflect.Method.invoke(Method.java:498)
	at org.codehaus.groovy.tools.GroovyStarter.rootLoader(GroovyStarter.java:109)
	at org.codehaus.groovy.tools.GroovyStarter.main(GroovyStarter.java:131)
)

2018-12-14 00:51:47 - [TEST_STEP][PASSED] - callTestCase: Call Test Case 'Test Cases/Final Aug 2018 - PKS Automation/Registration Module/Workflow/Update Add New Employee/Template/New Company for Update Add New - Employer' successfully

2018-12-14 00:51:48 - [TEST_CASE][PASSED] - Test Cases/Final Aug 2018 - PKS Automation/Registration Module/Workflow/Update Add New Employee/Template/New Company for Update Add New - Employer: Test Cases/Final Aug 2018 - PKS Automation/Registration Module/Workflow/Update Add New Employee/Template/New Company for Update Add New - Employer

2018-12-14 00:51:48 - [TEST_STEP][PASSED] - callTestCase: Call Test Case 'Test Cases/Final Aug 2018 - PKS Automation/Create Employer Acc/Create Employer Account' successfully

2018-12-14 00:51:48 - [TEST_CASE][PASSED] - Test Cases/Final Aug 2018 - PKS Automation/Create Employer Acc/Create Employer Account: Test Cases/Final Aug 2018 - PKS Automation/Create Employer Acc/Create Employer Account

2018-12-14 00:51:48 - [TEST_STEP][PASSED] - callTestCase: Call Test Case 'Test Cases/Final Aug 2018 - PKS Automation/Create Employer Acc/Template/Register Employer' successfully

2018-12-14 00:51:48 - [TEST_CASE][PASSED] - Test Cases/Final Aug 2018 - PKS Automation/Create Employer Acc/Template/Register Employer: Test Cases/Final Aug 2018 - PKS Automation/Create Employer Acc/Template/Register Employer

2018-12-14 00:51:49 - [TEST_STEP][PASSED] - openBrowser: Browser is opened with url: ''

2018-12-14 00:51:53 - [MESSAGE][PASSED] - Browser is opened with url: ''

2018-12-14 00:51:53 - [TEST_STEP][PASSED] - navigateToUrl: Navigate to 'https://assist2-uat.perkeso.gov.my/login' successfully

2018-12-14 00:51:54 - [MESSAGE][PASSED] - Navigate to 'https://assist2-uat.perkeso.gov.my/login' successfully

2018-12-14 00:51:54 - [TEST_STEP][PASSED] - setText: Text 'johorotc1@gmail.com' is set on object 'Object Repository/Final Object Repo/Login Page/Internal User/Email Address'

2018-12-14 00:51:55 - [MESSAGE][PASSED] - Text 'johorotc1@gmail.com' is set on object 'Object Repository/Final Object Repo/Login Page/Internal User/Email Address'

2018-12-14 00:51:55 - [TEST_STEP][PASSED] - click: Object: 'Object Repository/Final Object Repo/Login Page/Internal User/Next Button' is clicked on

2018-12-14 00:51:55 - [MESSAGE][PASSED] - Object: 'Object Repository/Final Object Repo/Login Page/Internal User/Next Button' is clicked on

2018-12-14 00:51:55 - [TEST_STEP][PASSED] - delay: Delayed 1 second(s)

2018-12-14 00:51:56 - [MESSAGE][PASSED] - Delayed 1 second(s)

2018-12-14 00:51:56 - [TEST_STEP][PASSED] - setEncryptedText: Text ****** has been set on object 'Object Repository/Final Object Repo/Login Page/Internal User/Password'

2018-12-14 00:51:56 - [MESSAGE][PASSED] - Text ****** has been set on object 'Object Repository/Final Object Repo/Login Page/Internal User/Password'

2018-12-14 00:51:57 - [TEST_STEP][PASSED] - click: Object: 'Object Repository/Final Object Repo/Login Page/Internal User/Login Button' is clicked on

2018-12-14 00:51:57 - [MESSAGE][PASSED] - Object: 'Object Repository/Final Object Repo/Login Page/Internal User/Login Button' is clicked on

2018-12-14 00:51:57 - [TEST_STEP][PASSED] - delay: Delayed 1 second(s)

2018-12-14 00:51:58 - [MESSAGE][PASSED] - Delayed 1 second(s)

2018-12-14 00:51:58 - [TEST_STEP][PASSED] - navigateToUrl: Navigate to 'https://assist2-uat.perkeso.gov.my/web/base/portal-id/registration' successfully

2018-12-14 00:51:59 - [MESSAGE][PASSED] - Navigate to 'https://assist2-uat.perkeso.gov.my/web/base/portal-id/registration' successfully

2018-12-14 00:51:59 - [TEST_STEP][PASSED] - setText: Text 'AUTOMATION EMPLOYER' is set on object 'Object Repository/Final Object Repo/Creating Employer Account/Page_Registration - ASSIST (Base)/Employer Name'

2018-12-14 00:52:00 - [MESSAGE][PASSED] - Text 'AUTOMATION EMPLOYER' is set on object 'Object Repository/Final Object Repo/Creating Employer Account/Page_Registration - ASSIST (Base)/Employer Name'

2018-12-14 00:52:00 - [TEST_STEP][PASSED] - delay: Delayed 2 second(s)

2018-12-14 00:52:02 - [MESSAGE][PASSED] - Delayed 2 second(s)

2018-12-14 00:52:02 - [TEST_STEP][PASSED] - click: Object: 'Object Repository/Final Object Repo/Creating Employer Account/Page_Registration - ASSIST (Base)/Registration Type' is clicked on

2018-12-14 00:52:02 - [MESSAGE][PASSED] - Object: 'Object Repository/Final Object Repo/Creating Employer Account/Page_Registration - ASSIST (Base)/Registration Type' is clicked on

2018-12-14 00:52:02 - [TEST_STEP][PASSED] - delay: Delayed 2 second(s)

2018-12-14 00:52:04 - [MESSAGE][PASSED] - Delayed 2 second(s)

2018-12-14 00:52:04 - [TEST_STEP][PASSED] - click: Object: 'Object Repository/Final Object Repo/Creating Employer Account/Page_Registration - ASSIST (Base)/Registration Type - Registration No' is clicked on

2018-12-14 00:52:04 - [MESSAGE][PASSED] - Object: 'Object Repository/Final Object Repo/Creating Employer Account/Page_Registration - ASSIST (Base)/Registration Type - Registration No' is clicked on

2018-12-14 00:52:04 - [TEST_STEP][PASSED] - delay: Delayed 2 second(s)

2018-12-14 00:52:06 - [MESSAGE][PASSED] - Delayed 2 second(s)

2018-12-14 00:52:06 - [TEST_STEP][PASSED] - setText: Text 'AUTOMATE001' is set on object 'Object Repository/Final Object Repo/Creating Employer Account/Page_Registration - ASSIST (Base)/Registration Number'

2018-12-14 00:52:07 - [MESSAGE][PASSED] - Text 'AUTOMATE001' is set on object 'Object Repository/Final Object Repo/Creating Employer Account/Page_Registration - ASSIST (Base)/Registration Number'

2018-12-14 00:52:07 - [TEST_STEP][PASSED] - delay: Delayed 2 second(s)

2018-12-14 00:52:09 - [MESSAGE][PASSED] - Delayed 2 second(s)

2018-12-14 00:52:09 - [TEST_STEP][PASSED] - setText: Text 'ADDRESS 1' is set on object 'Object Repository/Final Object Repo/Creating Employer Account/Page_Registration - ASSIST (Base)/Postal Address 1'

2018-12-14 00:52:09 - [MESSAGE][PASSED] - Text 'ADDRESS 1' is set on object 'Object Repository/Final Object Repo/Creating Employer Account/Page_Registration - ASSIST (Base)/Postal Address 1'

2018-12-14 00:52:09 - [TEST_STEP][PASSED] - setText: Text 'ADDRESS 2' is set on object 'Object Repository/Final Object Repo/Creating Employer Account/Page_Registration - ASSIST (Base)/Postal Address 2'

2018-12-14 00:52:09 - [MESSAGE][PASSED] - Text 'ADDRESS 2' is set on object 'Object Repository/Final Object Repo/Creating Employer Account/Page_Registration - ASSIST (Base)/Postal Address 2'

2018-12-14 00:52:09 - [TEST_STEP][PASSED] - click: Object: 'Object Repository/Final Object Repo/Creating Employer Account/Page_Registration - ASSIST (Base)/State' is clicked on

2018-12-14 00:52:09 - [MESSAGE][PASSED] - Object: 'Object Repository/Final Object Repo/Creating Employer Account/Page_Registration - ASSIST (Base)/State' is clicked on

2018-12-14 00:52:09 - [TEST_STEP][PASSED] - delay: Delayed 2 second(s)

2018-12-14 00:52:11 - [MESSAGE][PASSED] - Delayed 2 second(s)

2018-12-14 00:52:11 - [TEST_STEP][PASSED] - click: Object: 'Object Repository/Final Object Repo/Creating Employer Account/Page_Registration - ASSIST (Base)/State - Johor' is clicked on

2018-12-14 00:52:12 - [MESSAGE][PASSED] - Object: 'Object Repository/Final Object Repo/Creating Employer Account/Page_Registration - ASSIST (Base)/State - Johor' is clicked on

2018-12-14 00:52:12 - [TEST_STEP][PASSED] - delay: Delayed 2 second(s)

2018-12-14 00:52:14 - [MESSAGE][PASSED] - Delayed 2 second(s)

2018-12-14 00:52:14 - [TEST_STEP][PASSED] - click: Object: 'Object Repository/Final Object Repo/Creating Employer Account/Page_Registration - ASSIST (Base)/City' is clicked on

2018-12-14 00:52:14 - [MESSAGE][PASSED] - Object: 'Object Repository/Final Object Repo/Creating Employer Account/Page_Registration - ASSIST (Base)/City' is clicked on

2018-12-14 00:52:14 - [TEST_STEP][PASSED] - delay: Delayed 2 second(s)

2018-12-14 00:52:16 - [MESSAGE][PASSED] - Delayed 2 second(s)

2018-12-14 00:52:16 - [TEST_STEP][PASSED] - setText: Text 'joh' is set on object 'Object Repository/Final Object Repo/Creating Employer Account/Page_Registration - ASSIST (Base)/City - joh'

2018-12-14 00:52:16 - [MESSAGE][PASSED] - Text 'joh' is set on object 'Object Repository/Final Object Repo/Creating Employer Account/Page_Registration - ASSIST (Base)/City - joh'

2018-12-14 00:52:16 - [TEST_STEP][PASSED] - delay: Delayed 2 second(s)

2018-12-14 00:52:18 - [MESSAGE][PASSED] - Delayed 2 second(s)

2018-12-14 00:52:18 - [TEST_STEP][PASSED] - click: Object: 'Object Repository/Final Object Repo/Creating Employer Account/Page_Registration - ASSIST (Base)/City - Johor Bharu' is clicked on

2018-12-14 00:52:18 - [MESSAGE][PASSED] - Object: 'Object Repository/Final Object Repo/Creating Employer Account/Page_Registration - ASSIST (Base)/City - Johor Bharu' is clicked on

2018-12-14 00:52:18 - [TEST_STEP][PASSED] - delay: Delayed 2 second(s)

2018-12-14 00:52:20 - [MESSAGE][PASSED] - Delayed 2 second(s)

2018-12-14 00:52:20 - [TEST_STEP][PASSED] - click: Object: 'Object Repository/Final Object Repo/Creating Employer Account/Page_Registration - ASSIST (Base)/Post Code' is clicked on

2018-12-14 00:52:21 - [MESSAGE][PASSED] - Object: 'Object Repository/Final Object Repo/Creating Employer Account/Page_Registration - ASSIST (Base)/Post Code' is clicked on

2018-12-14 00:52:21 - [TEST_STEP][PASSED] - delay: Delayed 2 second(s)

2018-12-14 00:52:23 - [MESSAGE][PASSED] - Delayed 2 second(s)

2018-12-14 00:52:23 - [TEST_STEP][PASSED] - setText: Text '810' is set on object 'Object Repository/Final Object Repo/Creating Employer Account/Page_Registration - ASSIST (Base)/Post Code - 810'

2018-12-14 00:52:23 - [MESSAGE][PASSED] - Text '810' is set on object 'Object Repository/Final Object Repo/Creating Employer Account/Page_Registration - ASSIST (Base)/Post Code - 810'

2018-12-14 00:52:23 - [TEST_STEP][PASSED] - delay: Delayed 2 second(s)

2018-12-14 00:52:25 - [MESSAGE][PASSED] - Delayed 2 second(s)

2018-12-14 00:52:25 - [TEST_STEP][PASSED] - click: Object: 'Object Repository/Final Object Repo/Creating Employer Account/Page_Registration - ASSIST (Base)/Post Code - 81000' is clicked on

2018-12-14 00:52:25 - [MESSAGE][PASSED] - Object: 'Object Repository/Final Object Repo/Creating Employer Account/Page_Registration - ASSIST (Base)/Post Code - 81000' is clicked on

2018-12-14 00:52:25 - [TEST_STEP][PASSED] - delay: Delayed 2 second(s)

2018-12-14 00:52:27 - [MESSAGE][PASSED] - Delayed 2 second(s)

2018-12-14 00:52:27 - [TEST_STEP][PASSED] - setText: Text 'PERKESO' is set on object 'Object Repository/Final Object Repo/Creating Employer Account/Page_Registration - ASSIST (Base)/Full Name'

2018-12-14 00:52:27 - [MESSAGE][PASSED] - Text 'PERKESO' is set on object 'Object Repository/Final Object Repo/Creating Employer Account/Page_Registration - ASSIST (Base)/Full Name'

2018-12-14 00:52:27 - [TEST_STEP][PASSED] - Statement - rnd = new java.util.Random(): null

2018-12-14 00:52:27 - [TEST_STEP][PASSED] - Statement - snum = rnd.nextInt(899999 + 1) + 100000: null

2018-12-14 00:52:27 - [TEST_STEP][PASSED] - Statement - tnum = rnd.nextInt(899999 + 1) + 100000: null

2018-12-14 00:52:27 - [TEST_STEP][PASSED] - Statement - IC = java.lang.Integer.toString(snum) + java.lang.Integer.toString(tnum): null

2018-12-14 00:52:27 - [TEST_STEP][PASSED] - Statement - out.println(IC): null

2018-12-14 00:52:27 - [TEST_STEP][PASSED] - setText: Text '281305748231' is set on object 'Object Repository/Final Object Repo/Creating Employer Account/Page_Registration - ASSIST (Base)/Identification Number'

2018-12-14 00:52:28 - [MESSAGE][PASSED] - Text '281305748231' is set on object 'Object Repository/Final Object Repo/Creating Employer Account/Page_Registration - ASSIST (Base)/Identification Number'

2018-12-14 00:52:28 - [TEST_STEP][PASSED] - delay: Delayed 2 second(s)

2018-12-14 00:52:30 - [MESSAGE][PASSED] - Delayed 2 second(s)

2018-12-14 00:52:30 - [TEST_STEP][PASSED] - setText: Text '123456789012' is set on object 'Object Repository/Final Object Repo/Creating Employer Account/Page_Registration - ASSIST (Base)/Contact Number'

2018-12-14 00:52:30 - [MESSAGE][PASSED] - Text '123456789012' is set on object 'Object Repository/Final Object Repo/Creating Employer Account/Page_Registration - ASSIST (Base)/Contact Number'

2018-12-14 00:52:30 - [TEST_STEP][PASSED] - Statement - Email = "perkeso" + IC + "@gmail.com": null

2018-12-14 00:52:30 - [TEST_STEP][PASSED] - delay: Delayed 2 second(s)

2018-12-14 00:52:32 - [MESSAGE][PASSED] - Delayed 2 second(s)

2018-12-14 00:52:32 - [TEST_STEP][PASSED] - callTestCase: Call Test Case 'Test Cases/Final Aug 2018 - PKS Automation/Create Employer Acc/Template/Employer Email Settler' successfully

2018-12-14 00:52:32 - [TEST_CASE][PASSED] - Test Cases/Final Aug 2018 - PKS Automation/Create Employer Acc/Template/Employer Email Settler: Test Cases/Final Aug 2018 - PKS Automation/Create Employer Acc/Template/Employer Email Settler

2018-12-14 00:52:32 - [TEST_STEP][PASSED] - Statement - EmpEmailOld = new java.io.File(C://Users//Admin//Desktop//PKS//Automation Reference Point//EmpEmail.txt): null

2018-12-14 00:52:32 - [TEST_STEP][PASSED] - Statement - EmpEmailOld.delete(): null

2018-12-14 00:52:32 - [TEST_STEP][PASSED] - delay: Delayed 5 second(s)

2018-12-14 00:52:37 - [MESSAGE][PASSED] - Delayed 5 second(s)

2018-12-14 00:52:37 - [TEST_STEP][PASSED] - Statement - EmpEmail = new java.io.File(C://Users//Admin//Desktop//PKS//Automation Reference Point//EmpEmail.txt): null

2018-12-14 00:52:37 - [TEST_STEP][PASSED] - Statement - f2 = new java.io.FileWriter(EmpEmail, false): null

2018-12-14 00:52:37 - [TEST_STEP][PASSED] - Statement - f2.write(Email): null

2018-12-14 00:52:37 - [TEST_STEP][PASSED] - Statement - f2.close(): null

2018-12-14 00:52:37 - [TEST_STEP][PASSED] - Statement - out.println(Email): null

2018-12-14 00:52:37 - [MESSAGE][PASSED] - Call Test Case 'Test Cases/Final Aug 2018 - PKS Automation/Create Employer Acc/Template/Employer Email Settler' successfully

2018-12-14 00:52:37 - [TEST_STEP][PASSED] - delay: Delayed 2 second(s)

2018-12-14 00:52:39 - [MESSAGE][PASSED] - Delayed 2 second(s)

2018-12-14 00:52:39 - [TEST_STEP][PASSED] - setText: Text 'perkeso281305748231@gmail.com' is set on object 'Object Repository/Final Object Repo/Creating Employer Account/Page_Registration - ASSIST (Base)/Email'

2018-12-14 00:52:40 - [MESSAGE][PASSED] - Text 'perkeso281305748231@gmail.com' is set on object 'Object Repository/Final Object Repo/Creating Employer Account/Page_Registration - ASSIST (Base)/Email'

2018-12-14 00:52:40 - [TEST_STEP][PASSED] - setText: Text '123' is set on object 'Object Repository/Final Object Repo/Creating Employer Account/Page_Registration - ASSIST (Base)/Security Phase'

2018-12-14 00:52:40 - [MESSAGE][PASSED] - Text '123' is set on object 'Object Repository/Final Object Repo/Creating Employer Account/Page_Registration - ASSIST (Base)/Security Phase'

2018-12-14 00:52:40 - [TEST_STEP][PASSED] - click: Object: 'Object Repository/Final Object Repo/Creating Employer Account/Page_Registration - ASSIST (Base)/Save  Continue' is clicked on

2018-12-14 00:52:40 - [MESSAGE][PASSED] - Object: 'Object Repository/Final Object Repo/Creating Employer Account/Page_Registration - ASSIST (Base)/Save  Continue' is clicked on

2018-12-14 00:52:40 - [TEST_STEP][PASSED] - delay: Delayed 2 second(s)

2018-12-14 00:52:42 - [MESSAGE][PASSED] - Delayed 2 second(s)

2018-12-14 00:52:42 - [TEST_STEP][PASSED] - click: Object: 'Object Repository/Final Object Repo/Creating Employer Account/Page_Registration - ASSIST (Base)/Add Document' is clicked on

2018-12-14 00:52:42 - [MESSAGE][PASSED] - Object: 'Object Repository/Final Object Repo/Creating Employer Account/Page_Registration - ASSIST (Base)/Add Document' is clicked on

2018-12-14 00:52:42 - [TEST_STEP][PASSED] - delay: Delayed 2 second(s)

2018-12-14 00:52:44 - [MESSAGE][PASSED] - Delayed 2 second(s)

2018-12-14 00:52:44 - [TEST_STEP][PASSED] - click: Object: 'Object Repository/Final Object Repo/Creating Employer Account/Page_Registration - ASSIST (Base)/Document Type' is clicked on

2018-12-14 00:52:45 - [MESSAGE][PASSED] - Object: 'Object Repository/Final Object Repo/Creating Employer Account/Page_Registration - ASSIST (Base)/Document Type' is clicked on

2018-12-14 00:52:45 - [TEST_STEP][PASSED] - delay: Delayed 2 second(s)

2018-12-14 00:52:47 - [MESSAGE][PASSED] - Delayed 2 second(s)

2018-12-14 00:52:47 - [TEST_STEP][PASSED] - click: Object: 'Object Repository/Final Object Repo/Creating Employer Account/Page_Registration - ASSIST (Base)/Document Type - Letter of Authorization' is clicked on

2018-12-14 00:52:47 - [MESSAGE][PASSED] - Object: 'Object Repository/Final Object Repo/Creating Employer Account/Page_Registration - ASSIST (Base)/Document Type - Letter of Authorization' is clicked on

2018-12-14 00:52:47 - [TEST_STEP][PASSED] - delay: Delayed 2 second(s)

2018-12-14 00:52:49 - [MESSAGE][PASSED] - Delayed 2 second(s)

2018-12-14 00:52:49 - [TEST_STEP][PASSED] - sendKeys: Keys 'C:\Users\Public\Pictures\Sample Pictures\Koala.jpg' sent to object: 'Object Repository/Final Object Repo/Creating Employer Account/Page_Registration - ASSIST (Base)/Uploading File'

2018-12-14 00:52:49 - [MESSAGE][PASSED] - Keys 'C:\Users\Public\Pictures\Sample Pictures\Koala.jpg' sent to object: 'Object Repository/Final Object Repo/Creating Employer Account/Page_Registration - ASSIST (Base)/Uploading File'

2018-12-14 00:52:49 - [TEST_STEP][PASSED] - delay: Delayed 2 second(s)

2018-12-14 00:52:51 - [MESSAGE][PASSED] - Delayed 2 second(s)

2018-12-14 00:52:51 - [TEST_STEP][PASSED] - click: Object: 'Object Repository/Final Object Repo/Creating Employer Account/Page_Registration - ASSIST (Base)/Add Document in Uploading File' is clicked on

2018-12-14 00:52:51 - [MESSAGE][PASSED] - Object: 'Object Repository/Final Object Repo/Creating Employer Account/Page_Registration - ASSIST (Base)/Add Document in Uploading File' is clicked on

2018-12-14 00:52:51 - [TEST_STEP][PASSED] - delay: Delayed 2 second(s)

2018-12-14 00:52:53 - [MESSAGE][PASSED] - Delayed 2 second(s)

2018-12-14 00:52:53 - [TEST_STEP][PASSED] - click: Object: 'Object Repository/Final Object Repo/Creating Employer Account/Page_Registration - ASSIST (Base)/Save' is clicked on

2018-12-14 00:52:53 - [MESSAGE][PASSED] - Object: 'Object Repository/Final Object Repo/Creating Employer Account/Page_Registration - ASSIST (Base)/Save' is clicked on

2018-12-14 00:52:53 - [TEST_STEP][PASSED] - delay: Delayed 2 second(s)

2018-12-14 00:52:55 - [MESSAGE][PASSED] - Delayed 2 second(s)

2018-12-14 00:52:55 - [TEST_STEP][PASSED] - click: Object: 'Object Repository/Final Object Repo/Creating Employer Account/Page_Registration - ASSIST (Base)/Submit' is clicked on

2018-12-14 00:52:55 - [MESSAGE][PASSED] - Object: 'Object Repository/Final Object Repo/Creating Employer Account/Page_Registration - ASSIST (Base)/Submit' is clicked on

2018-12-14 00:52:55 - [TEST_STEP][PASSED] - delay: Delayed 2 second(s)

2018-12-14 00:52:58 - [MESSAGE][PASSED] - Delayed 2 second(s)

2018-12-14 00:52:58 - [TEST_STEP][PASSED] - click: Object: 'Object Repository/Final Object Repo/Creating Employer Account/Page_Registration - ASSIST (Base)/Confirm' is clicked on

2018-12-14 00:52:58 - [MESSAGE][PASSED] - Object: 'Object Repository/Final Object Repo/Creating Employer Account/Page_Registration - ASSIST (Base)/Confirm' is clicked on

2018-12-14 00:52:58 - [MESSAGE][PASSED] - Call Test Case 'Test Cases/Final Aug 2018 - PKS Automation/Create Employer Acc/Template/Register Employer' successfully

2018-12-14 00:52:58 - [TEST_STEP][PASSED] - delay: Delayed 1 second(s)

2018-12-14 00:52:59 - [MESSAGE][PASSED] - Delayed 1 second(s)

2018-12-14 00:52:59 - [TEST_STEP][PASSED] - navigateToUrl: Navigate to 'https://assist2-uat.perkeso.gov.my/c/portal/logout' successfully

2018-12-14 00:53:00 - [MESSAGE][PASSED] - Navigate to 'https://assist2-uat.perkeso.gov.my/c/portal/logout' successfully

2018-12-14 00:53:00 - [TEST_STEP][PASSED] - delay: Delayed 1 second(s)

2018-12-14 00:53:01 - [MESSAGE][PASSED] - Delayed 1 second(s)

2018-12-14 00:53:01 - [TEST_STEP][PASSED] - callTestCase: Call Test Case 'Test Cases/Final Aug 2018 - PKS Automation/Create Employer Acc/Template/Change Password of Employer' successfully

2018-12-14 00:53:02 - [TEST_CASE][PASSED] - Test Cases/Final Aug 2018 - PKS Automation/Create Employer Acc/Template/Change Password of Employer: Test Cases/Final Aug 2018 - PKS Automation/Create Employer Acc/Template/Change Password of Employer

2018-12-14 00:53:02 - [TEST_STEP][PASSED] - openBrowser: Browser is opened with url: ''

2018-12-14 00:53:02 - [MESSAGE][WARNING] - A browser is already opened. Closing browser and opening a new one

2018-12-14 00:53:06 - [MESSAGE][PASSED] - Browser is opened with url: ''

2018-12-14 00:53:06 - [TEST_STEP][PASSED] - navigateToUrl: Navigate to 'https://assist2-uat.perkeso.gov.my/login' successfully

2018-12-14 00:53:07 - [MESSAGE][PASSED] - Navigate to 'https://assist2-uat.perkeso.gov.my/login' successfully

2018-12-14 00:53:07 - [TEST_STEP][PASSED] - delay: Delayed 5 second(s)

2018-12-14 00:53:12 - [MESSAGE][PASSED] - Delayed 5 second(s)

2018-12-14 00:53:12 - [TEST_STEP][PASSED] - setText: Text 'test@liferay.com' is set on object 'Object Repository/Final Object Repo/Login Page/Internal User/Email Address'

2018-12-14 00:53:12 - [MESSAGE][PASSED] - Text 'test@liferay.com' is set on object 'Object Repository/Final Object Repo/Login Page/Internal User/Email Address'

2018-12-14 00:53:12 - [TEST_STEP][PASSED] - click: Object: 'Object Repository/Final Object Repo/Login Page/Internal User/Next Button' is clicked on

2018-12-14 00:53:12 - [MESSAGE][PASSED] - Object: 'Object Repository/Final Object Repo/Login Page/Internal User/Next Button' is clicked on

2018-12-14 00:53:12 - [TEST_STEP][PASSED] - delay: Delayed 2 second(s)

2018-12-14 00:53:14 - [MESSAGE][PASSED] - Delayed 2 second(s)

2018-12-14 00:53:14 - [TEST_STEP][PASSED] - setText: Text 'test' is set on object 'Object Repository/Final Object Repo/Login Page/Internal User/Password'

2018-12-14 00:53:15 - [MESSAGE][PASSED] - Text 'test' is set on object 'Object Repository/Final Object Repo/Login Page/Internal User/Password'

2018-12-14 00:53:15 - [TEST_STEP][PASSED] - delay: Delayed 2 second(s)

2018-12-14 00:53:17 - [MESSAGE][PASSED] - Delayed 2 second(s)

2018-12-14 00:53:17 - [TEST_STEP][PASSED] - click: Object: 'Object Repository/Final Object Repo/Login Page/Internal User/Login Button' is clicked on

2018-12-14 00:53:17 - [MESSAGE][PASSED] - Object: 'Object Repository/Final Object Repo/Login Page/Internal User/Login Button' is clicked on

2018-12-14 00:53:17 - [TEST_STEP][PASSED] - delay: Delayed 3 second(s)

2018-12-14 00:53:20 - [MESSAGE][PASSED] - Delayed 3 second(s)

2018-12-14 00:53:20 - [TEST_STEP][PASSED] - navigateToUrl: Navigate to 'https://assist2-uat.perkeso.gov.my/group/control_panel/manage?p_p_id=125&p_p_lifecycle=0&p_p_state=maximized&p_p_mode=view&refererPlid=20455&_125_usersListView=flat-users&_125_toolbarItem=view-all-users&_125_saveUsersListView=true&_125_struts_action=%2Fusers_admin%2Fview' successfully

2018-12-14 00:53:21 - [MESSAGE][PASSED] - Navigate to 'https://assist2-uat.perkeso.gov.my/group/control_panel/manage?p_p_id=125&p_p_lifecycle=0&p_p_state=maximized&p_p_mode=view&refererPlid=20455&_125_usersListView=flat-users&_125_toolbarItem=view-all-users&_125_saveUsersListView=true&_125_struts_action=%2Fusers_admin%2Fview' successfully

2018-12-14 00:53:21 - [TEST_STEP][PASSED] - delay: Delayed 3 second(s)

2018-12-14 00:53:24 - [MESSAGE][PASSED] - Delayed 3 second(s)

2018-12-14 00:53:24 - [TEST_STEP][PASSED] - setText: Text 'perkeso281305748231@gmail.com' is set on object 'Object Repository/Final Object Repo/Creating Employer Account/Page_Users and Organizations - ASSIST/Employer name'

2018-12-14 00:53:25 - [MESSAGE][PASSED] - Text 'perkeso281305748231@gmail.com' is set on object 'Object Repository/Final Object Repo/Creating Employer Account/Page_Users and Organizations - ASSIST/Employer name'

2018-12-14 00:53:25 - [TEST_STEP][PASSED] - delay: Delayed 3 second(s)

2018-12-14 00:53:28 - [MESSAGE][PASSED] - Delayed 3 second(s)

2018-12-14 00:53:28 - [TEST_STEP][PASSED] - click: Object: 'Object Repository/Final Object Repo/Creating Employer Account/Page_Users and Organizations - ASSIST/Search' is clicked on

2018-12-14 00:53:28 - [MESSAGE][PASSED] - Object: 'Object Repository/Final Object Repo/Creating Employer Account/Page_Users and Organizations - ASSIST/Search' is clicked on

2018-12-14 00:53:28 - [TEST_STEP][PASSED] - delay: Delayed 3 second(s)

2018-12-14 00:53:31 - [MESSAGE][PASSED] - Delayed 3 second(s)

2018-12-14 00:53:31 - [TEST_STEP][PASSED] - click: Object: 'Object Repository/Final Object Repo/Creating Employer Account/Page_Users and Organizations - ASSIST/Action' is clicked on

2018-12-14 00:53:32 - [MESSAGE][PASSED] - Object: 'Object Repository/Final Object Repo/Creating Employer Account/Page_Users and Organizations - ASSIST/Action' is clicked on

2018-12-14 00:53:32 - [TEST_STEP][PASSED] - delay: Delayed 3 second(s)

2018-12-14 00:53:35 - [MESSAGE][PASSED] - Delayed 3 second(s)

2018-12-14 00:53:35 - [TEST_STEP][PASSED] - click: Object: 'Object Repository/Final Object Repo/Creating Employer Account/Page_Users and Organizations - ASSIST/Edit' is clicked on

2018-12-14 00:53:36 - [MESSAGE][PASSED] - Object: 'Object Repository/Final Object Repo/Creating Employer Account/Page_Users and Organizations - ASSIST/Edit' is clicked on

2018-12-14 00:53:36 - [TEST_STEP][PASSED] - delay: Delayed 3 second(s)

2018-12-14 00:53:39 - [MESSAGE][PASSED] - Delayed 3 second(s)

2018-12-14 00:53:39 - [TEST_STEP][PASSED] - click: Object: 'Object Repository/Final Object Repo/Creating Employer Account/Page_PERKESO - Users and Organizati/a_Password (Modified)' is clicked on

2018-12-14 00:53:39 - [MESSAGE][PASSED] - Object: 'Object Repository/Final Object Repo/Creating Employer Account/Page_PERKESO - Users and Organizati/a_Password (Modified)' is clicked on

2018-12-14 00:53:39 - [TEST_STEP][PASSED] - delay: Delayed 3 second(s)

2018-12-14 00:53:42 - [MESSAGE][PASSED] - Delayed 3 second(s)

2018-12-14 00:53:42 - [TEST_STEP][PASSED] - setEncryptedText: Text ****** has been set on object 'Object Repository/Final Object Repo/Creating Employer Account/Page_PERKESO - Users and Organizati/input__125_password1'

2018-12-14 00:53:42 - [MESSAGE][PASSED] - Text ****** has been set on object 'Object Repository/Final Object Repo/Creating Employer Account/Page_PERKESO - Users and Organizati/input__125_password1'

2018-12-14 00:53:42 - [TEST_STEP][PASSED] - delay: Delayed 3 second(s)

2018-12-14 00:53:45 - [MESSAGE][PASSED] - Delayed 3 second(s)

2018-12-14 00:53:45 - [TEST_STEP][PASSED] - setEncryptedText: Text ****** has been set on object 'Object Repository/Final Object Repo/Creating Employer Account/Page_PERKESO - Users and Organizati/input__125_password2'

2018-12-14 00:53:45 - [MESSAGE][PASSED] - Text ****** has been set on object 'Object Repository/Final Object Repo/Creating Employer Account/Page_PERKESO - Users and Organizati/input__125_password2'

2018-12-14 00:53:45 - [TEST_STEP][PASSED] - delay: Delayed 3 second(s)

2018-12-14 00:53:48 - [MESSAGE][PASSED] - Delayed 3 second(s)

2018-12-14 00:53:48 - [TEST_STEP][PASSED] - click: Object: 'Object Repository/Final Object Repo/Creating Employer Account/Page_PERKESO - Users and Organizati/Save' is clicked on

2018-12-14 00:53:50 - [MESSAGE][PASSED] - Object: 'Object Repository/Final Object Repo/Creating Employer Account/Page_PERKESO - Users and Organizati/Save' is clicked on

2018-12-14 00:53:50 - [MESSAGE][PASSED] - Call Test Case 'Test Cases/Final Aug 2018 - PKS Automation/Create Employer Acc/Template/Change Password of Employer' successfully

2018-12-14 00:53:50 - [TEST_STEP][PASSED] - delay: Delayed 1 second(s)

2018-12-14 00:53:51 - [MESSAGE][PASSED] - Delayed 1 second(s)

2018-12-14 00:53:51 - [TEST_STEP][PASSED] - navigateToUrl: Navigate to 'https://assist2-uat.perkeso.gov.my/c/portal/logout' successfully

2018-12-14 00:53:52 - [MESSAGE][PASSED] - Navigate to 'https://assist2-uat.perkeso.gov.my/c/portal/logout' successfully

2018-12-14 00:53:52 - [TEST_STEP][PASSED] - delay: Delayed 1 second(s)

2018-12-14 00:53:53 - [MESSAGE][PASSED] - Delayed 1 second(s)

2018-12-14 00:53:53 - [TEST_STEP][PASSED] - callTestCase: Call Test Case 'Test Cases/Final Aug 2018 - PKS Automation/Create Employer Acc/Template/Login to Employer Account (First Time)' successfully

2018-12-14 00:53:53 - [TEST_CASE][PASSED] - Test Cases/Final Aug 2018 - PKS Automation/Create Employer Acc/Template/Login to Employer Account (First Time): Test Cases/Final Aug 2018 - PKS Automation/Create Employer Acc/Template/Login to Employer Account (First Time)

2018-12-14 00:53:53 - [TEST_STEP][PASSED] - openBrowser: Browser is opened with url: ''

2018-12-14 00:53:53 - [MESSAGE][WARNING] - A browser is already opened. Closing browser and opening a new one

2018-12-14 00:53:57 - [MESSAGE][PASSED] - Browser is opened with url: ''

2018-12-14 00:53:57 - [TEST_STEP][PASSED] - navigateToUrl: Navigate to 'https://assist2-uat.perkeso.gov.my/employer/login' successfully

2018-12-14 00:53:58 - [MESSAGE][PASSED] - Navigate to 'https://assist2-uat.perkeso.gov.my/employer/login' successfully

2018-12-14 00:53:58 - [TEST_STEP][PASSED] - delay: Delayed 3 second(s)

2018-12-14 00:54:01 - [MESSAGE][PASSED] - Delayed 3 second(s)

2018-12-14 00:54:01 - [TEST_STEP][PASSED] - callTestCase: Call Test Case 'Test Cases/Final Aug 2018 - PKS Automation/Create Employer Acc/Template/Employer Email Getter' successfully

2018-12-14 00:54:01 - [TEST_CASE][PASSED] - Test Cases/Final Aug 2018 - PKS Automation/Create Employer Acc/Template/Employer Email Getter: Test Cases/Final Aug 2018 - PKS Automation/Create Employer Acc/Template/Employer Email Getter

2018-12-14 00:54:02 - [TEST_STEP][PASSED] - Statement - Try: null

2018-12-14 00:54:02 - [TEST_STEP][PASSED] - Statement - EmpEmail = new java.io.File(C://Users//Admin//Desktop//PKS//Automation Reference Point//EmpEmail.txt): null

2018-12-14 00:54:02 - [TEST_STEP][PASSED] - Statement - bufferread = new java.io.BufferedReader(new java.io.FileReader(EmpEmail)): null

2018-12-14 00:54:02 - [TEST_STEP][PASSED] - Statement - readedVal = bufferread.readLine(): null

2018-12-14 00:54:02 - [TEST_STEP][PASSED] - Statement - out.println(readedVal): null

2018-12-14 00:54:02 - [TEST_STEP][PASSED] - Statement - Email = readedVal: null

2018-12-14 00:54:02 - [MESSAGE][PASSED] - Call Test Case 'Test Cases/Final Aug 2018 - PKS Automation/Create Employer Acc/Template/Employer Email Getter' successfully

2018-12-14 00:54:02 - [TEST_STEP][PASSED] - setText: Text 'perkeso281305748231@gmail.com' is set on object 'Object Repository/Final Object Repo/Login Page/External Login Page/Email'

2018-12-14 00:54:02 - [MESSAGE][PASSED] - Text 'perkeso281305748231@gmail.com' is set on object 'Object Repository/Final Object Repo/Login Page/External Login Page/Email'

2018-12-14 00:54:02 - [TEST_STEP][PASSED] - click: Object: 'Object Repository/Final Object Repo/Login Page/External Login Page/Next' is clicked on

2018-12-14 00:54:02 - [MESSAGE][PASSED] - Object: 'Object Repository/Final Object Repo/Login Page/External Login Page/Next' is clicked on

2018-12-14 00:54:02 - [TEST_STEP][PASSED] - delay: Delayed 3 second(s)

2018-12-14 00:54:05 - [MESSAGE][PASSED] - Delayed 3 second(s)

2018-12-14 00:54:05 - [TEST_STEP][PASSED] - setEncryptedText: Text ****** has been set on object 'Object Repository/Final Object Repo/Login Page/External Login Page/Password'

2018-12-14 00:54:05 - [MESSAGE][PASSED] - Text ****** has been set on object 'Object Repository/Final Object Repo/Login Page/External Login Page/Password'

2018-12-14 00:54:05 - [TEST_STEP][PASSED] - click: Object: 'Object Repository/Final Object Repo/Login Page/External Login Page/Login' is clicked on

2018-12-14 00:54:05 - [MESSAGE][PASSED] - Object: 'Object Repository/Final Object Repo/Login Page/External Login Page/Login' is clicked on

2018-12-14 00:54:05 - [TEST_STEP][PASSED] - delay: Delayed 3 second(s)

2018-12-14 00:54:08 - [MESSAGE][PASSED] - Delayed 3 second(s)

2018-12-14 00:54:08 - [TEST_STEP][PASSED] - click: Object: 'Object Repository/Final Object Repo/Creating Employer Account/Page_Terms of Use - ASSIST/button_I Agree' is clicked on

2018-12-14 00:54:09 - [MESSAGE][PASSED] - Object: 'Object Repository/Final Object Repo/Creating Employer Account/Page_Terms of Use - ASSIST/button_I Agree' is clicked on

2018-12-14 00:54:09 - [TEST_STEP][PASSED] - delay: Delayed 2 second(s)

2018-12-14 00:54:11 - [MESSAGE][PASSED] - Delayed 2 second(s)

2018-12-14 00:54:11 - [TEST_STEP][PASSED] - setEncryptedText: Text ****** has been set on object 'Object Repository/Final Object Repo/Creating Employer Account/Page_New Password - ASSIST/input_password1'

2018-12-14 00:54:11 - [MESSAGE][PASSED] - Text ****** has been set on object 'Object Repository/Final Object Repo/Creating Employer Account/Page_New Password - ASSIST/input_password1'

2018-12-14 00:54:11 - [TEST_STEP][PASSED] - setEncryptedText: Text ****** has been set on object 'Object Repository/Final Object Repo/Creating Employer Account/Page_New Password - ASSIST/input_password2'

2018-12-14 00:54:11 - [MESSAGE][PASSED] - Text ****** has been set on object 'Object Repository/Final Object Repo/Creating Employer Account/Page_New Password - ASSIST/input_password2'

2018-12-14 00:54:11 - [TEST_STEP][PASSED] - delay: Delayed 2 second(s)

2018-12-14 00:54:13 - [MESSAGE][PASSED] - Delayed 2 second(s)

2018-12-14 00:54:13 - [TEST_STEP][PASSED] - click: Object: 'Object Repository/Final Object Repo/Creating Employer Account/Page_New Password - ASSIST/Save' is clicked on

2018-12-14 00:54:13 - [MESSAGE][PASSED] - Object: 'Object Repository/Final Object Repo/Creating Employer Account/Page_New Password - ASSIST/Save' is clicked on

2018-12-14 00:54:13 - [TEST_STEP][PASSED] - delay: Delayed 2 second(s)

2018-12-14 00:54:15 - [MESSAGE][PASSED] - Delayed 2 second(s)

2018-12-14 00:54:15 - [TEST_STEP][PASSED] - setText: Text 'test' is set on object 'Object Repository/Final Object Repo/Creating Employer Account/Page_Password Reminder - ASSIST/Reminder Query Answer'

2018-12-14 00:54:16 - [MESSAGE][PASSED] - Text 'test' is set on object 'Object Repository/Final Object Repo/Creating Employer Account/Page_Password Reminder - ASSIST/Reminder Query Answer'

2018-12-14 00:54:16 - [TEST_STEP][PASSED] - delay: Delayed 2 second(s)

2018-12-14 00:54:18 - [MESSAGE][PASSED] - Delayed 2 second(s)

2018-12-14 00:54:18 - [TEST_STEP][PASSED] - doubleClick: Object: 'Object Repository/Final Object Repo/Creating Employer Account/Page_Password Reminder - ASSIST/Save' is double clicked on

2018-12-14 00:54:18 - [MESSAGE][PASSED] - Object: 'Object Repository/Final Object Repo/Creating Employer Account/Page_Password Reminder - ASSIST/Save' is double clicked on

2018-12-14 00:54:18 - [MESSAGE][PASSED] - Call Test Case 'Test Cases/Final Aug 2018 - PKS Automation/Create Employer Acc/Template/Login to Employer Account (First Time)' successfully

2018-12-14 00:54:18 - [MESSAGE][PASSED] - Call Test Case 'Test Cases/Final Aug 2018 - PKS Automation/Create Employer Acc/Create Employer Account' successfully

2018-12-14 00:54:18 - [TEST_STEP][PASSED] - callTestCase: Call Test Case 'Test Cases/Final Aug 2018 - PKS Automation/Registration Module/Log Out/log out avoiding katalon tagging' successfully

2018-12-14 00:54:18 - [TEST_CASE][PASSED] - Test Cases/Final Aug 2018 - PKS Automation/Registration Module/Log Out/log out avoiding katalon tagging: Test Cases/Final Aug 2018 - PKS Automation/Registration Module/Log Out/log out avoiding katalon tagging

2018-12-14 00:54:18 - [TEST_STEP][PASSED] - navigateToUrl: Navigate to 'https://assist2-uat.perkeso.gov.my/c/portal/logout' successfully

2018-12-14 00:54:21 - [MESSAGE][PASSED] - Navigate to 'https://assist2-uat.perkeso.gov.my/c/portal/logout' successfully

2018-12-14 00:54:21 - [MESSAGE][PASSED] - Call Test Case 'Test Cases/Final Aug 2018 - PKS Automation/Registration Module/Log Out/log out avoiding katalon tagging' successfully

2018-12-14 00:54:21 - [TEST_STEP][PASSED] - callTestCase: Call Test Case 'Test Cases/Final Aug 2018 - PKS Automation/Create Employer Acc/Login to Employer Account (Second time)' successfully

2018-12-14 00:54:21 - [TEST_CASE][PASSED] - Test Cases/Final Aug 2018 - PKS Automation/Create Employer Acc/Login to Employer Account (Second time): Test Cases/Final Aug 2018 - PKS Automation/Create Employer Acc/Login to Employer Account (Second time)

2018-12-14 00:54:21 - [TEST_STEP][PASSED] - openBrowser: Browser is opened with url: ''

2018-12-14 00:54:21 - [MESSAGE][WARNING] - A browser is already opened. Closing browser and opening a new one

2018-12-14 00:54:25 - [MESSAGE][PASSED] - Browser is opened with url: ''

2018-12-14 00:54:25 - [TEST_STEP][PASSED] - navigateToUrl: Navigate to 'https://assist2-uat.perkeso.gov.my/employer/login' successfully

2018-12-14 00:54:26 - [MESSAGE][PASSED] - Navigate to 'https://assist2-uat.perkeso.gov.my/employer/login' successfully

2018-12-14 00:54:26 - [TEST_STEP][PASSED] - delay: Delayed 3 second(s)

2018-12-14 00:54:29 - [MESSAGE][PASSED] - Delayed 3 second(s)

2018-12-14 00:54:29 - [TEST_STEP][PASSED] - callTestCase: Call Test Case 'Test Cases/Final Aug 2018 - PKS Automation/Create Employer Acc/Template/Employer Email Getter' successfully

2018-12-14 00:54:29 - [TEST_CASE][PASSED] - Test Cases/Final Aug 2018 - PKS Automation/Create Employer Acc/Template/Employer Email Getter: Test Cases/Final Aug 2018 - PKS Automation/Create Employer Acc/Template/Employer Email Getter

2018-12-14 00:54:29 - [TEST_STEP][PASSED] - Statement - Try: null

2018-12-14 00:54:29 - [TEST_STEP][PASSED] - Statement - EmpEmail = new java.io.File(C://Users//Admin//Desktop//PKS//Automation Reference Point//EmpEmail.txt): null

2018-12-14 00:54:29 - [TEST_STEP][PASSED] - Statement - bufferread = new java.io.BufferedReader(new java.io.FileReader(EmpEmail)): null

2018-12-14 00:54:29 - [TEST_STEP][PASSED] - Statement - readedVal = bufferread.readLine(): null

2018-12-14 00:54:29 - [TEST_STEP][PASSED] - Statement - out.println(readedVal): null

2018-12-14 00:54:29 - [TEST_STEP][PASSED] - Statement - Email = readedVal: null

2018-12-14 00:54:29 - [MESSAGE][PASSED] - Call Test Case 'Test Cases/Final Aug 2018 - PKS Automation/Create Employer Acc/Template/Employer Email Getter' successfully

2018-12-14 00:54:29 - [TEST_STEP][PASSED] - setText: Text 'perkeso281305748231@gmail.com' is set on object 'Object Repository/Final Object Repo/Login Page/External Login Page/Email'

2018-12-14 00:54:30 - [MESSAGE][PASSED] - Text 'perkeso281305748231@gmail.com' is set on object 'Object Repository/Final Object Repo/Login Page/External Login Page/Email'

2018-12-14 00:54:30 - [TEST_STEP][PASSED] - click: Object: 'Object Repository/Final Object Repo/Login Page/External Login Page/Next' is clicked on

2018-12-14 00:54:30 - [MESSAGE][PASSED] - Object: 'Object Repository/Final Object Repo/Login Page/External Login Page/Next' is clicked on

2018-12-14 00:54:30 - [TEST_STEP][PASSED] - delay: Delayed 3 second(s)

2018-12-14 00:54:33 - [MESSAGE][PASSED] - Delayed 3 second(s)

2018-12-14 00:54:33 - [TEST_STEP][PASSED] - setEncryptedText: Text ****** has been set on object 'Object Repository/Final Object Repo/Login Page/External Login Page/Password'

2018-12-14 00:54:33 - [MESSAGE][PASSED] - Text ****** has been set on object 'Object Repository/Final Object Repo/Login Page/External Login Page/Password'

2018-12-14 00:54:33 - [TEST_STEP][PASSED] - click: Object: 'Object Repository/Final Object Repo/Login Page/External Login Page/Login' is clicked on

2018-12-14 00:54:33 - [MESSAGE][PASSED] - Object: 'Object Repository/Final Object Repo/Login Page/External Login Page/Login' is clicked on

2018-12-14 00:54:33 - [TEST_STEP][PASSED] - delay: Delayed 5 second(s)

2018-12-14 00:54:38 - [MESSAGE][PASSED] - Delayed 5 second(s)

2018-12-14 00:54:38 - [MESSAGE][PASSED] - Call Test Case 'Test Cases/Final Aug 2018 - PKS Automation/Create Employer Acc/Login to Employer Account (Second time)' successfully

2018-12-14 00:54:38 - [TEST_STEP][PASSED] - delay: Delayed 4 second(s)

2018-12-14 00:54:42 - [MESSAGE][PASSED] - Delayed 4 second(s)

2018-12-14 00:54:42 - [TEST_STEP][PASSED] - Statement - Try: Delayed 2 second(s)

2018-12-14 00:54:42 - [TEST_STEP][PASSED] - Statement - Checker = false: null

2018-12-14 00:54:42 - [TEST_STEP][PASSED] - Statement - Checker = com.kms.katalon.core.webui.keyword.WebUiBuiltInKeywords.verifyElementHasAttribute(com.kms.katalon.core.testobject.ObjectRepository.findTestObject(Final Object Repo/Landing Page/BM Detecting), "href", 20, OPTIONAL): Object 'Object Repository/Final Object Repo/Landing Page/BM Detecting' has attribute 'href'

2018-12-14 00:54:42 - [MESSAGE][PASSED] - Object 'Object Repository/Final Object Repo/Landing Page/BM Detecting' has attribute 'href'

2018-12-14 00:54:42 - [TEST_STEP][PASSED] - Statement - out.println(Checker): null

2018-12-14 00:54:42 - [TEST_STEP][PASSED] - Statement - If (Checker == false): null

2018-12-14 00:54:42 - [TEST_STEP][PASSED] - Statement - Else: null

2018-12-14 00:54:42 - [TEST_STEP][PASSED] - delay: Delayed 2 second(s)

2018-12-14 00:54:44 - [MESSAGE][PASSED] - Delayed 2 second(s)

2018-12-14 00:54:44 - [TEST_STEP][PASSED] - delay: Delayed 4 second(s)

2018-12-14 00:54:48 - [MESSAGE][PASSED] - Delayed 4 second(s)

2018-12-14 00:54:48 - [TEST_STEP][PASSED] - click: Object: 'Object Repository/Final Object Repo/Landing Page/My Sites Drop Down' is clicked on

2018-12-14 00:54:48 - [MESSAGE][PASSED] - Object: 'Object Repository/Final Object Repo/Landing Page/My Sites Drop Down' is clicked on

2018-12-14 00:54:48 - [TEST_STEP][PASSED] - click: Object: 'Object Repository/Final Object Repo/Landing Page/Select to Registration Module' is clicked on

2018-12-14 00:54:51 - [MESSAGE][PASSED] - Object: 'Object Repository/Final Object Repo/Landing Page/Select to Registration Module' is clicked on

2018-12-14 00:54:51 - [TEST_STEP][PASSED] - click: Object: 'Object Repository/Final Object Repo/Landing Page/Registration Button' is clicked on

2018-12-14 00:54:52 - [MESSAGE][PASSED] - Object: 'Object Repository/Final Object Repo/Landing Page/Registration Button' is clicked on

2018-12-14 00:54:52 - [TEST_STEP][PASSED] - delay: Delayed 2 second(s)

2018-12-14 00:54:54 - [MESSAGE][PASSED] - Delayed 2 second(s)

2018-12-14 00:54:54 - [TEST_STEP][PASSED] - click: Object: 'Object Repository/Final Object Repo/New Registration - Registration Module Pages/New Reg - OTC to RO/Special Case - OTC - Form 1/AEC NO' is clicked on

2018-12-14 00:54:54 - [MESSAGE][PASSED] - Object: 'Object Repository/Final Object Repo/New Registration - Registration Module Pages/New Reg - OTC to RO/Special Case - OTC - Form 1/AEC NO' is clicked on

2018-12-14 00:54:54 - [TEST_STEP][PASSED] - click: Object: 'Object Repository/Final Object Repo/New Registration - Registration Module Pages/New Reg - OTC to RO/Special Case - OTC - Form 1/Business Entity - Please Select' is clicked on

2018-12-14 00:54:54 - [MESSAGE][PASSED] - Object: 'Object Repository/Final Object Repo/New Registration - Registration Module Pages/New Reg - OTC to RO/Special Case - OTC - Form 1/Business Entity - Please Select' is clicked on

2018-12-14 00:54:54 - [TEST_STEP][PASSED] - click: Object: 'Object Repository/Final Object Repo/New Registration - Registration Module Pages/New Reg - OTC to RO/Special Case - OTC - Form 1/Selected - Corporation' is clicked on

2018-12-14 00:54:55 - [MESSAGE][PASSED] - Object: 'Object Repository/Final Object Repo/New Registration - Registration Module Pages/New Reg - OTC to RO/Special Case - OTC - Form 1/Selected - Corporation' is clicked on

2018-12-14 00:54:55 - [TEST_STEP][PASSED] - delay: Delayed 2 second(s)

2018-12-14 00:54:57 - [MESSAGE][PASSED] - Delayed 2 second(s)

2018-12-14 00:54:57 - [TEST_STEP][PASSED] - click: Object: 'Object Repository/Final Object Repo/New Registration - Registration Module Pages/New Reg - OTC to RO/Special Case - OTC - Form 1/Sub Business Entity - Please Select' is clicked on

2018-12-14 00:54:57 - [MESSAGE][PASSED] - Object: 'Object Repository/Final Object Repo/New Registration - Registration Module Pages/New Reg - OTC to RO/Special Case - OTC - Form 1/Sub Business Entity - Please Select' is clicked on

2018-12-14 00:54:57 - [TEST_STEP][PASSED] - delay: Delayed 2 second(s)

2018-12-14 00:54:59 - [MESSAGE][PASSED] - Delayed 2 second(s)

2018-12-14 00:54:59 - [TEST_STEP][PASSED] - click: Object: 'Object Repository/Final Object Repo/New Registration - Registration Module Pages/New Reg - OTC to RO/Special Case - OTC - Form 1/Selected - Sendirian Berhad' is clicked on

2018-12-14 00:54:59 - [MESSAGE][PASSED] - Object: 'Object Repository/Final Object Repo/New Registration - Registration Module Pages/New Reg - OTC to RO/Special Case - OTC - Form 1/Selected - Sendirian Berhad' is clicked on

2018-12-14 00:54:59 - [TEST_STEP][PASSED] - setText: Text 'AUTOMATE001' is set on object 'Object Repository/Final Object Repo/New Registration - Registration Module Pages/New Reg - OTC to RO/Special Case - OTC - Form 1/Input BRN Number'

2018-12-14 00:55:00 - [MESSAGE][PASSED] - Text 'AUTOMATE001' is set on object 'Object Repository/Final Object Repo/New Registration - Registration Module Pages/New Reg - OTC to RO/Special Case - OTC - Form 1/Input BRN Number'

2018-12-14 00:55:00 - [TEST_STEP][PASSED] - delay: Delayed 2 second(s)

2018-12-14 00:55:02 - [MESSAGE][PASSED] - Delayed 2 second(s)

2018-12-14 00:55:02 - [TEST_STEP][PASSED] - click: Object: 'Object Repository/Final Object Repo/New Registration - Registration Module Pages/New Reg - OTC to RO/Special Case - OTC - Form 1/BRN Search' is clicked on

2018-12-14 00:55:02 - [MESSAGE][PASSED] - Object: 'Object Repository/Final Object Repo/New Registration - Registration Module Pages/New Reg - OTC to RO/Special Case - OTC - Form 1/BRN Search' is clicked on

2018-12-14 00:55:02 - [TEST_STEP][PASSED] - delay: Delayed 4 second(s)

2018-12-14 00:55:06 - [MESSAGE][PASSED] - Delayed 4 second(s)

2018-12-14 00:55:06 - [TEST_STEP][PASSED] - click: Object: 'Object Repository/Final Object Repo/New Registration - Registration Module Pages/New Reg - OTC to RO/Special Case - OTC - Form 1/Registered with SSM - After Feb 2017' is clicked on

2018-12-14 00:55:06 - [MESSAGE][PASSED] - Object: 'Object Repository/Final Object Repo/New Registration - Registration Module Pages/New Reg - OTC to RO/Special Case - OTC - Form 1/Registered with SSM - After Feb 2017' is clicked on

2018-12-14 00:55:06 - [TEST_STEP][PASSED] - delay: Delayed 2 second(s)

2018-12-14 00:55:08 - [MESSAGE][PASSED] - Delayed 2 second(s)

2018-12-14 00:55:08 - [TEST_STEP][PASSED] - click: Object: 'Object Repository/Final Object Repo/New Registration - Registration Module Pages/Form 1/Registered As a Branch - Yes' is clicked on

2018-12-14 00:55:08 - [MESSAGE][PASSED] - Object: 'Object Repository/Final Object Repo/New Registration - Registration Module Pages/Form 1/Registered As a Branch - Yes' is clicked on

2018-12-14 00:55:08 - [TEST_STEP][PASSED] - click: Object: 'Object Repository/Final Object Repo/New Registration - Registration Module Pages/New Reg - OTC to RO/Special Case - OTC - Form 1/Acknowledgement Ticked' is clicked on

2018-12-14 00:55:08 - [MESSAGE][PASSED] - Object: 'Object Repository/Final Object Repo/New Registration - Registration Module Pages/New Reg - OTC to RO/Special Case - OTC - Form 1/Acknowledgement Ticked' is clicked on

2018-12-14 00:55:08 - [TEST_STEP][PASSED] - setText: Text 'perkeso281305748231@gmail.com' is set on object 'Object Repository/Final Object Repo/New Registration - Registration Module Pages/Form 1/Email'

2018-12-14 00:55:09 - [MESSAGE][PASSED] - Text 'perkeso281305748231@gmail.com' is set on object 'Object Repository/Final Object Repo/New Registration - Registration Module Pages/Form 1/Email'

2018-12-14 00:55:09 - [TEST_STEP][PASSED] - click: Object: 'Object Repository/Final Object Repo/New Registration - Registration Module Pages/New Reg - OTC to RO/Special Case - OTC - Form 1/Submit Button' is clicked on

2018-12-14 00:55:09 - [MESSAGE][PASSED] - Object: 'Object Repository/Final Object Repo/New Registration - Registration Module Pages/New Reg - OTC to RO/Special Case - OTC - Form 1/Submit Button' is clicked on

2018-12-14 00:55:09 - [TEST_STEP][PASSED] - callTestCase: Call Test Case 'Test Cases/Final Aug 2018 - PKS Automation/Registration Module/New Registration/Form 2/Add 1 Eligible - Employer Account Use' successfully

2018-12-14 00:55:09 - [TEST_CASE][PASSED] - Test Cases/Final Aug 2018 - PKS Automation/Registration Module/New Registration/Form 2/Add 1 Eligible - Employer Account Use: Test Cases/Final Aug 2018 - PKS Automation/Registration Module/New Registration/Form 2/Add 1 Eligible - Employer Account Use

2018-12-14 00:55:10 - [TEST_STEP][PASSED] - delay: Delayed 2 second(s)

2018-12-14 00:55:12 - [MESSAGE][PASSED] - Delayed 2 second(s)

2018-12-14 00:55:12 - [TEST_STEP][PASSED] - callTestCase: Call Test Case 'Test Cases/Final Aug 2018 - PKS Automation/Registration Module/New Registration/Form 2/Date Updater' successfully

2018-12-14 00:55:12 - [TEST_CASE][PASSED] - Test Cases/Final Aug 2018 - PKS Automation/Registration Module/New Registration/Form 2/Date Updater: Test Cases/Final Aug 2018 - PKS Automation/Registration Module/New Registration/Form 2/Date Updater

2018-12-14 00:55:12 - [TEST_STEP][PASSED] - Statement - TodayDate = new java.util.Date(): null

2018-12-14 00:55:12 - [TEST_STEP][PASSED] - Statement - CurrentDateNoFilter = new java.text.SimpleDateFormat(): null

2018-12-14 00:55:12 - [TEST_STEP][PASSED] - Statement - CurrentDateNoFilter.applyPattern("MM"): null

2018-12-14 00:55:12 - [TEST_STEP][PASSED] - Statement - monthContainerMatcher = java.lang.Integer.parseInt(CurrentDateNoFilter.format(TodayDate)): null

2018-12-14 00:55:12 - [TEST_STEP][PASSED] - Statement - monthContainerMatcher = monthContainerMatcher - 1: null

2018-12-14 00:55:12 - [TEST_STEP][PASSED] - Statement - CurrentMonth = monthContainerMatcher.toString(): null

2018-12-14 00:55:12 - [TEST_STEP][PASSED] - Statement - CurrentMonth = CurrentMonth: null

2018-12-14 00:55:12 - [TEST_STEP][PASSED] - Statement - CurrentDateNoFilter.applyPattern("yyyy"): null

2018-12-14 00:55:12 - [TEST_STEP][PASSED] - Statement - CurrentYear = CurrentDateNoFilter.format(TodayDate): null

2018-12-14 00:55:12 - [TEST_STEP][PASSED] - Statement - CurrentYear = CurrentYear: null

2018-12-14 00:55:12 - [TEST_STEP][PASSED] - Statement - intCurrentYear = java.lang.Integer.parseInt(CurrentDateNoFilter.format(TodayDate)): null

2018-12-14 00:55:12 - [TEST_STEP][PASSED] - Statement - eighteenYrsAgo = intCurrentYear - 18: null

2018-12-14 00:55:12 - [TEST_STEP][PASSED] - Statement - eighteenYrsBeforeThisYr = eighteenYrsAgo.toString(): null

2018-12-14 00:55:12 - [TEST_STEP][PASSED] - Statement - EighteenYrsBefore = eighteenYrsBeforeThisYr: null

2018-12-14 00:55:12 - [TEST_STEP][PASSED] - Statement - fiftysevenYrsAgo = intCurrentYear - 57: null

2018-12-14 00:55:12 - [TEST_STEP][PASSED] - Statement - fiftysevenYrsBeforeThisYr = fiftysevenYrsAgo.toString(): null

2018-12-14 00:55:12 - [TEST_STEP][PASSED] - Statement - FiftysevenYrsBefore = fiftysevenYrsBeforeThisYr: null

2018-12-14 00:55:12 - [TEST_STEP][PASSED] - Statement - leapYear = false: null

2018-12-14 00:55:12 - [TEST_STEP][PASSED] - Statement - leapYear = intCurrentYear % 4 == 0: null

2018-12-14 00:55:12 - [TEST_STEP][PASSED] - Statement - CurrentDateNoFilter.applyPattern("dd"): null

2018-12-14 00:55:12 - [TEST_STEP][PASSED] - Statement - CurrentDate = CurrentDateNoFilter.format(TodayDate): null

2018-12-14 00:55:12 - [TEST_STEP][PASSED] - Statement - CurrentDate = java.lang.Integer.parseInt(CurrentDate): null

2018-12-14 00:55:12 - [TEST_STEP][PASSED] - Statement - CurrentDate = CurrentDate: null

2018-12-14 00:55:12 - [TEST_STEP][PASSED] - Statement - CurrentDay = java.lang.Integer.parseInt(CurrentDate): null

2018-12-14 00:55:12 - [TEST_STEP][PASSED] - Statement - ConfAdder = <not implemented yet for class: org.codehaus.groovy.ast.expr.EmptyExpression>: null

2018-12-14 00:55:12 - [TEST_STEP][PASSED] - Statement - out.println(CurrentMonth): null

2018-12-14 00:55:12 - [TEST_STEP][PASSED] - Statement - out.println(CurrentDate): null

2018-12-14 00:55:12 - [TEST_STEP][PASSED] - Statement - switch (CurrentDate): null

2018-12-14 00:55:12 - [TEST_STEP][PASSED] - Statement - Default: null

2018-12-14 00:55:12 - [TEST_STEP][PASSED] - Statement - ConfAdder = true: null

2018-12-14 00:55:12 - [TEST_STEP][PASSED] - Statement - Break: null

2018-12-14 00:55:12 - [TEST_STEP][PASSED] - Statement - aDayBefore = <not implemented yet for class: org.codehaus.groovy.ast.expr.EmptyExpression>: null

2018-12-14 00:55:12 - [TEST_STEP][PASSED] - Statement - out.println(ConfAdder): null

2018-12-14 00:55:12 - [TEST_STEP][PASSED] - Statement - If (ConfAdder == true): null

2018-12-14 00:55:12 - [TEST_STEP][PASSED] - Statement - aDayBefore = CurrentDay + 1: null

2018-12-14 00:55:12 - [TEST_STEP][PASSED] - Statement - out.println(aDayBefore): null

2018-12-14 00:55:12 - [TEST_STEP][PASSED] - Statement - If (aDayBefore == 1 && CurrentMonth == 11): null

2018-12-14 00:55:12 - [TEST_STEP][PASSED] - Statement - DayBefore = aDayBefore.toString(): null

2018-12-14 00:55:12 - [TEST_STEP][PASSED] - Statement - OneDayBefore = DayBefore: null

2018-12-14 00:55:12 - [MESSAGE][PASSED] - Call Test Case 'Test Cases/Final Aug 2018 - PKS Automation/Registration Module/New Registration/Form 2/Date Updater' successfully

2018-12-14 00:55:12 - [TEST_STEP][PASSED] - delay: Delayed 1 second(s)

2018-12-14 00:55:13 - [MESSAGE][PASSED] - Delayed 1 second(s)

2018-12-14 00:55:13 - [TEST_STEP][PASSED] - Statement - CaseReferenceNo = com.kms.katalon.core.webui.keyword.WebUiBuiltInKeywords.getText(com.kms.katalon.core.testobject.ObjectRepository.findTestObject(Final Object Repo/New Registration - Registration Module Pages/Form 2/RefNo Acquiring)): Text of object 'Object Repository/Final Object Repo/New Registration - Registration Module Pages/Form 2/RefNo Acquiring' is: 'CRN12201800123324'

2018-12-14 00:55:13 - [MESSAGE][PASSED] - Text of object 'Object Repository/Final Object Repo/New Registration - Registration Module Pages/Form 2/RefNo Acquiring' is: 'CRN12201800123324'

2018-12-14 00:55:13 - [TEST_STEP][PASSED] - delay: Delayed 1 second(s)

2018-12-14 00:55:14 - [MESSAGE][PASSED] - Delayed 1 second(s)

2018-12-14 00:55:14 - [TEST_STEP][PASSED] - click: Object: 'Object Repository/Final Object Repo/New Registration - Registration Module Pages/Form 2/Add Employee Button' is clicked on

2018-12-14 00:55:14 - [MESSAGE][PASSED] - Object: 'Object Repository/Final Object Repo/New Registration - Registration Module Pages/Form 2/Add Employee Button' is clicked on

2018-12-14 00:55:14 - [TEST_STEP][PASSED] - delay: Delayed 1 second(s)

2018-12-14 00:55:15 - [MESSAGE][PASSED] - Delayed 1 second(s)

2018-12-14 00:55:15 - [TEST_STEP][PASSED] - setText: Text '010903091948' is set on object 'Object Repository/Final Object Repo/New Registration - Registration Module Pages/Form 2/NRIC Input'

2018-12-14 00:55:16 - [MESSAGE][PASSED] - Text '010903091948' is set on object 'Object Repository/Final Object Repo/New Registration - Registration Module Pages/Form 2/NRIC Input'

2018-12-14 00:55:16 - [TEST_STEP][PASSED] - delay: Delayed 2 second(s)

2018-12-14 00:55:18 - [MESSAGE][PASSED] - Delayed 2 second(s)

2018-12-14 00:55:18 - [TEST_STEP][PASSED] - setText: Text 'Automate001 eligible 1' is set on object 'Object Repository/Final Object Repo/New Registration - Registration Module Pages/Form 2/Employee Name Input'

2018-12-14 00:55:18 - [MESSAGE][PASSED] - Text 'Automate001 eligible 1' is set on object 'Object Repository/Final Object Repo/New Registration - Registration Module Pages/Form 2/Employee Name Input'

2018-12-14 00:55:18 - [TEST_STEP][PASSED] - delay: Delayed 2 second(s)

2018-12-14 00:55:20 - [MESSAGE][PASSED] - Delayed 2 second(s)

2018-12-14 00:55:20 - [TEST_STEP][PASSED] - click: Object: 'Object Repository/Final Object Repo/New Registration - Registration Module Pages/Form 2/DatePicker Pop Up' is clicked on

2018-12-14 00:55:21 - [MESSAGE][PASSED] - Object: 'Object Repository/Final Object Repo/New Registration - Registration Module Pages/Form 2/DatePicker Pop Up' is clicked on

2018-12-14 00:55:21 - [TEST_STEP][PASSED] - click: Object: 'Object Repository/Final Object Repo/New Registration - Registration Module Pages/Form 2/DOB Month' is clicked on

2018-12-14 00:55:21 - [MESSAGE][PASSED] - Object: 'Object Repository/Final Object Repo/New Registration - Registration Module Pages/Form 2/DOB Month' is clicked on

2018-12-14 00:55:21 - [TEST_STEP][PASSED] - Statement - CurrentMonth = CurrentMonth: null

2018-12-14 00:55:21 - [TEST_STEP][PASSED] - Statement - selectMonth = new com.kms.katalon.core.testobject.TestObject(): null

2018-12-14 00:55:21 - [TEST_STEP][PASSED] - Statement - selectMonth.addProperty("xpath", EQUALS, "//body/div/div/div/select/option[@value='" + CurrentMonth + "']", true): null

2018-12-14 00:55:21 - [TEST_STEP][PASSED] - click: Object: '' is clicked on

2018-12-14 00:55:21 - [MESSAGE][PASSED] - Object: '' is clicked on

2018-12-14 00:55:21 - [TEST_STEP][PASSED] - click: Object: 'Object Repository/Final Object Repo/New Registration - Registration Module Pages/Form 2/DOB Year' is clicked on

2018-12-14 00:55:21 - [MESSAGE][PASSED] - Object: 'Object Repository/Final Object Repo/New Registration - Registration Module Pages/Form 2/DOB Year' is clicked on

2018-12-14 00:55:21 - [TEST_STEP][PASSED] - Statement - Eyearsbf = EighteenYrsBefore: null

2018-12-14 00:55:21 - [TEST_STEP][PASSED] - Statement - selectYear = new com.kms.katalon.core.testobject.TestObject(): null

2018-12-14 00:55:21 - [TEST_STEP][PASSED] - Statement - selectYear.addProperty("xpath", EQUALS, "//div/div/div/select/option[@value='" + Eyearsbf + "']", true): null

2018-12-14 00:55:21 - [TEST_STEP][PASSED] - click: Object: '' is clicked on

2018-12-14 00:55:21 - [MESSAGE][PASSED] - Object: '' is clicked on

2018-12-14 00:55:21 - [TEST_STEP][PASSED] - Statement - UpdatedSelectDate = com.kms.katalon.core.webui.keyword.WebUiBuiltInKeywords.modifyObjectProperty(com.kms.katalon.core.testobject.ObjectRepository.findTestObject(Final Object Repo/New Registration - Registration Module Pages/Form 2/DOB Date), "xpath", "equals", "//body/div/table/tbody/tr/td/a[text()="" + CurrentDate + ""]", true): Modify property of object successfully

2018-12-14 00:55:21 - [MESSAGE][PASSED] - Modify property of object successfully

2018-12-14 00:55:21 - [TEST_STEP][PASSED] - delay: Delayed 3 second(s)

2018-12-14 00:55:24 - [MESSAGE][PASSED] - Delayed 3 second(s)

2018-12-14 00:55:24 - [TEST_STEP][PASSED] - click: Object: 'Object Repository/Final Object Repo/New Registration - Registration Module Pages/Form 2/DOB Date' is clicked on

2018-12-14 00:55:24 - [MESSAGE][PASSED] - Object: 'Object Repository/Final Object Repo/New Registration - Registration Module Pages/Form 2/DOB Date' is clicked on

2018-12-14 00:55:24 - [TEST_STEP][PASSED] - delay: Delayed 2 second(s)

2018-12-14 00:55:26 - [MESSAGE][PASSED] - Delayed 2 second(s)

2018-12-14 00:55:26 - [TEST_STEP][PASSED] - click: Object: 'Object Repository/Final Object Repo/New Registration - Registration Module Pages/Form 2/EmploymentStartDate Pop Up' is clicked on

2018-12-14 00:55:27 - [MESSAGE][PASSED] - Object: 'Object Repository/Final Object Repo/New Registration - Registration Module Pages/Form 2/EmploymentStartDate Pop Up' is clicked on

2018-12-14 00:55:27 - [TEST_STEP][PASSED] - delay: Delayed 2 second(s)

2018-12-14 00:55:29 - [MESSAGE][PASSED] - Delayed 2 second(s)

2018-12-14 00:55:29 - [TEST_STEP][PASSED] - click: Object: 'Object Repository/Final Object Repo/New Registration - Registration Module Pages/Form 2/Socso Employment StartDate Month' is clicked on

2018-12-14 00:55:29 - [MESSAGE][PASSED] - Object: 'Object Repository/Final Object Repo/New Registration - Registration Module Pages/Form 2/Socso Employment StartDate Month' is clicked on

2018-12-14 00:55:29 - [TEST_STEP][PASSED] - delay: Delayed 1 second(s)

2018-12-14 00:55:30 - [MESSAGE][PASSED] - Delayed 1 second(s)

2018-12-14 00:55:30 - [TEST_STEP][PASSED] - click: Object: 'Object Repository/Final Object Repo/New Registration - Registration Module Pages/Form 2/Select Socso Employement Startdate Month' is clicked on

2018-12-14 00:55:30 - [MESSAGE][PASSED] - Object: 'Object Repository/Final Object Repo/New Registration - Registration Module Pages/Form 2/Select Socso Employement Startdate Month' is clicked on

2018-12-14 00:55:30 - [TEST_STEP][PASSED] - delay: Delayed 2 second(s)

2018-12-14 00:55:32 - [MESSAGE][PASSED] - Delayed 2 second(s)

2018-12-14 00:55:32 - [TEST_STEP][PASSED] - click: Object: 'Object Repository/Final Object Repo/New Registration - Registration Module Pages/Form 2/Socso Employment StartDate Year' is clicked on

2018-12-14 00:55:32 - [MESSAGE][PASSED] - Object: 'Object Repository/Final Object Repo/New Registration - Registration Module Pages/Form 2/Socso Employment StartDate Year' is clicked on

2018-12-14 00:55:32 - [TEST_STEP][PASSED] - delay: Delayed 1 second(s)

2018-12-14 00:55:33 - [MESSAGE][PASSED] - Delayed 1 second(s)

2018-12-14 00:55:33 - [TEST_STEP][PASSED] - click: Object: 'Object Repository/Final Object Repo/New Registration - Registration Module Pages/Form 2/Select Socso Employment Startdate Year' is clicked on

2018-12-14 00:55:33 - [MESSAGE][PASSED] - Object: 'Object Repository/Final Object Repo/New Registration - Registration Module Pages/Form 2/Select Socso Employment Startdate Year' is clicked on

2018-12-14 00:55:33 - [TEST_STEP][PASSED] - delay: Delayed 2 second(s)

2018-12-14 00:55:35 - [MESSAGE][PASSED] - Delayed 2 second(s)

2018-12-14 00:55:35 - [TEST_STEP][PASSED] - click: Object: 'Object Repository/Final Object Repo/New Registration - Registration Module Pages/Form 2/Socso Employment Start Date Day' is clicked on

2018-12-14 00:55:35 - [MESSAGE][PASSED] - Object: 'Object Repository/Final Object Repo/New Registration - Registration Module Pages/Form 2/Socso Employment Start Date Day' is clicked on

2018-12-14 00:55:35 - [TEST_STEP][PASSED] - delay: Delayed 2 second(s)

2018-12-14 00:55:37 - [MESSAGE][PASSED] - Delayed 2 second(s)

2018-12-14 00:55:37 - [TEST_STEP][PASSED] - click: Object: 'Object Repository/Final Object Repo/New Registration - Registration Module Pages/Form 2/Save Button for Add Employee' is clicked on

2018-12-14 00:55:38 - [MESSAGE][PASSED] - Object: 'Object Repository/Final Object Repo/New Registration - Registration Module Pages/Form 2/Save Button for Add Employee' is clicked on

2018-12-14 00:55:38 - [TEST_STEP][PASSED] - delay: Delayed 6 second(s)

2018-12-14 00:55:44 - [MESSAGE][PASSED] - Delayed 6 second(s)

2018-12-14 00:55:44 - [TEST_STEP][PASSED] - click: Object: 'Object Repository/Final Object Repo/New Registration - Registration Module Pages/Form 2/Save and Continue Form 2' is clicked on

2018-12-14 00:55:44 - [MESSAGE][PASSED] - Object: 'Object Repository/Final Object Repo/New Registration - Registration Module Pages/Form 2/Save and Continue Form 2' is clicked on

2018-12-14 00:55:44 - [MESSAGE][PASSED] - Call Test Case 'Test Cases/Final Aug 2018 - PKS Automation/Registration Module/New Registration/Form 2/Add 1 Eligible - Employer Account Use' successfully

2018-12-14 00:55:44 - [TEST_STEP][PASSED] - callTestCase: Call Test Case 'Test Cases/Final Aug 2018 - PKS Automation/Registration Module/New Registration/Flow of New Registration/Third Screen - Upload Supporting Doc - Preview' successfully

2018-12-14 00:55:44 - [TEST_CASE][PASSED] - Test Cases/Final Aug 2018 - PKS Automation/Registration Module/New Registration/Flow of New Registration/Third Screen - Upload Supporting Doc - Preview: Test Cases/Final Aug 2018 - PKS Automation/Registration Module/New Registration/Flow of New Registration/Third Screen - Upload Supporting Doc - Preview

2018-12-14 00:55:44 - [TEST_STEP][PASSED] - waitForPageLoad: Wait for page load successfully

2018-12-14 00:55:45 - [MESSAGE][PASSED] - Wait for page load successfully

2018-12-14 00:55:45 - [TEST_STEP][PASSED] - Statement - CaseReferenceNo = com.kms.katalon.core.webui.keyword.WebUiBuiltInKeywords.getText(com.kms.katalon.core.testobject.ObjectRepository.findTestObject(Final Object Repo/New Registration - Registration Module Pages/Third Screen - Upload Supporting Doc- Preview/RefNo Acquiring)): Text of object 'Object Repository/Final Object Repo/New Registration - Registration Module Pages/Third Screen - Upload Supporting Doc- Preview/RefNo Acquiring' is: 'CRN12201800123324'

2018-12-14 00:55:45 - [MESSAGE][PASSED] - Text of object 'Object Repository/Final Object Repo/New Registration - Registration Module Pages/Third Screen - Upload Supporting Doc- Preview/RefNo Acquiring' is: 'CRN12201800123324'

2018-12-14 00:55:45 - [TEST_STEP][PASSED] - delay: Delayed 2 second(s)

2018-12-14 00:55:47 - [MESSAGE][PASSED] - Delayed 2 second(s)

2018-12-14 00:55:47 - [TEST_STEP][PASSED] - callTestCase: Call Test Case 'Test Cases/Final Aug 2018 - PKS Automation/Common/Reference Number Setter' successfully

2018-12-14 00:55:47 - [TEST_CASE][PASSED] - Test Cases/Final Aug 2018 - PKS Automation/Common/Reference Number Setter: Test Cases/Final Aug 2018 - PKS Automation/Common/Reference Number Setter

2018-12-14 00:55:47 - [TEST_STEP][PASSED] - Statement - RefNoOldFile = new java.io.File(C://Users//Admin//Desktop//PKS//Automation Reference Point//KatalonReference.txt): null

2018-12-14 00:55:47 - [TEST_STEP][PASSED] - Statement - RefNoOldFile.delete(): null

2018-12-14 00:55:47 - [TEST_STEP][PASSED] - delay: Delayed 5 second(s)

2018-12-14 00:55:52 - [MESSAGE][PASSED] - Delayed 5 second(s)

2018-12-14 00:55:52 - [TEST_STEP][PASSED] - Statement - RefNo = new java.io.File(C://Users//Admin//Desktop//PKS//Automation Reference Point//KatalonReference.txt): null

2018-12-14 00:55:52 - [TEST_STEP][PASSED] - Statement - f2 = new java.io.FileWriter(RefNo, false): null

2018-12-14 00:55:52 - [TEST_STEP][PASSED] - Statement - f2.write(CaseReferenceNo): null

2018-12-14 00:55:52 - [TEST_STEP][PASSED] - Statement - f2.close(): null

2018-12-14 00:55:52 - [TEST_STEP][PASSED] - Statement - out.println("


" + CaseReferenceNo + "


"): null

2018-12-14 00:55:52 - [MESSAGE][PASSED] - Call Test Case 'Test Cases/Final Aug 2018 - PKS Automation/Common/Reference Number Setter' successfully

2018-12-14 00:55:52 - [TEST_STEP][PASSED] - waitForElementClickable: Object 'Object Repository/Final Object Repo/New Registration - Registration Module Pages/Third Screen - Upload Supporting Doc- Preview/Save n Continue in SIP Employee Listing Page' is clickable

2018-12-14 00:55:52 - [MESSAGE][PASSED] - Object 'Object Repository/Final Object Repo/New Registration - Registration Module Pages/Third Screen - Upload Supporting Doc- Preview/Save n Continue in SIP Employee Listing Page' is clickable

2018-12-14 00:55:52 - [TEST_STEP][PASSED] - click: Object: 'Object Repository/Final Object Repo/New Registration - Registration Module Pages/Third Screen - Upload Supporting Doc- Preview/Save n Continue in SIP Employee Listing Page' is clicked on

2018-12-14 00:55:58 - [MESSAGE][PASSED] - Object: 'Object Repository/Final Object Repo/New Registration - Registration Module Pages/Third Screen - Upload Supporting Doc- Preview/Save n Continue in SIP Employee Listing Page' is clicked on

2018-12-14 00:55:58 - [TEST_STEP][PASSED] - delay: Delayed 7 second(s)

2018-12-14 00:56:05 - [MESSAGE][PASSED] - Delayed 7 second(s)

2018-12-14 00:56:05 - [TEST_STEP][PASSED] - click: Object: 'Object Repository/Final Object Repo/New Registration - Registration Module Pages/Third Screen - Upload Supporting Doc- Preview/Add Document Button' is clicked on

2018-12-14 00:56:05 - [MESSAGE][PASSED] - Object: 'Object Repository/Final Object Repo/New Registration - Registration Module Pages/Third Screen - Upload Supporting Doc- Preview/Add Document Button' is clicked on

2018-12-14 00:56:05 - [TEST_STEP][PASSED] - delay: Delayed 30 second(s)

2018-12-14 00:56:35 - [MESSAGE][PASSED] - Delayed 30 second(s)

2018-12-14 00:56:35 - [TEST_STEP][PASSED] - click: Object: 'Object Repository/Final Object Repo/New Registration - Registration Module Pages/Third Screen - Upload Supporting Doc- Preview/Supporting Doc Please Select Drop Down' is clicked on

2018-12-14 00:56:35 - [MESSAGE][PASSED] - Object: 'Object Repository/Final Object Repo/New Registration - Registration Module Pages/Third Screen - Upload Supporting Doc- Preview/Supporting Doc Please Select Drop Down' is clicked on

2018-12-14 00:56:35 - [TEST_STEP][PASSED] - delay: Delayed 2 second(s)

2018-12-14 00:56:37 - [MESSAGE][PASSED] - Delayed 2 second(s)

2018-12-14 00:56:37 - [TEST_STEP][PASSED] - click: Object: 'Object Repository/Final Object Repo/New Registration - Registration Module Pages/Third Screen - Upload Supporting Doc- Preview/Select to Upload Form 1' is clicked on

2018-12-14 00:56:37 - [MESSAGE][PASSED] - Object: 'Object Repository/Final Object Repo/New Registration - Registration Module Pages/Third Screen - Upload Supporting Doc- Preview/Select to Upload Form 1' is clicked on

2018-12-14 00:56:37 - [TEST_STEP][PASSED] - delay: Delayed 2 second(s)

2018-12-14 00:56:39 - [MESSAGE][PASSED] - Delayed 2 second(s)

2018-12-14 00:56:39 - [TEST_STEP][PASSED] - uploadFile: File 'C:\Users\Public\Pictures\Sample Pictures\Koala.jpg' sent to object: 'Object Repository/Final Object Repo/New Registration - Registration Module Pages/Third Screen - Upload Supporting Doc- Preview/Upload File Adding'

2018-12-14 00:56:39 - [MESSAGE][PASSED] - File 'C:\Users\Public\Pictures\Sample Pictures\Koala.jpg' sent to object: 'Object Repository/Final Object Repo/New Registration - Registration Module Pages/Third Screen - Upload Supporting Doc- Preview/Upload File Adding'

2018-12-14 00:56:39 - [TEST_STEP][PASSED] - delay: Delayed 5 second(s)

2018-12-14 00:56:44 - [MESSAGE][PASSED] - Delayed 5 second(s)

2018-12-14 00:56:44 - [TEST_STEP][PASSED] - click: Object: 'Object Repository/Final Object Repo/New Registration - Registration Module Pages/Third Screen - Upload Supporting Doc- Preview/Inner Form Add Document Button' is clicked on

2018-12-14 00:56:44 - [MESSAGE][PASSED] - Object: 'Object Repository/Final Object Repo/New Registration - Registration Module Pages/Third Screen - Upload Supporting Doc- Preview/Inner Form Add Document Button' is clicked on

2018-12-14 00:56:44 - [TEST_STEP][PASSED] - delay: Delayed 3 second(s)

2018-12-14 00:56:47 - [MESSAGE][PASSED] - Delayed 3 second(s)

2018-12-14 00:56:47 - [TEST_STEP][PASSED] - click: Object: 'Object Repository/Final Object Repo/New Registration - Registration Module Pages/Third Screen - Upload Supporting Doc- Preview/Add Document Button' is clicked on

2018-12-14 00:56:49 - [MESSAGE][PASSED] - Object: 'Object Repository/Final Object Repo/New Registration - Registration Module Pages/Third Screen - Upload Supporting Doc- Preview/Add Document Button' is clicked on

2018-12-14 00:56:49 - [TEST_STEP][PASSED] - delay: Delayed 30 second(s)

2018-12-14 00:57:19 - [MESSAGE][PASSED] - Delayed 30 second(s)

2018-12-14 00:57:19 - [TEST_STEP][PASSED] - click: Object: 'Object Repository/Final Object Repo/New Registration - Registration Module Pages/Third Screen - Upload Supporting Doc- Preview/Supporting Doc Please Select Drop Down' is clicked on

2018-12-14 00:57:19 - [MESSAGE][PASSED] - Object: 'Object Repository/Final Object Repo/New Registration - Registration Module Pages/Third Screen - Upload Supporting Doc- Preview/Supporting Doc Please Select Drop Down' is clicked on

2018-12-14 00:57:19 - [TEST_STEP][PASSED] - delay: Delayed 4 second(s)

2018-12-14 00:57:23 - [MESSAGE][PASSED] - Delayed 4 second(s)

2018-12-14 00:57:23 - [TEST_STEP][PASSED] - click: Object: 'Object Repository/Final Object Repo/New Registration - Registration Module Pages/Third Screen - Upload Supporting Doc- Preview/Select to Upload Form 2' is clicked on

2018-12-14 00:57:23 - [MESSAGE][PASSED] - Object: 'Object Repository/Final Object Repo/New Registration - Registration Module Pages/Third Screen - Upload Supporting Doc- Preview/Select to Upload Form 2' is clicked on

2018-12-14 00:57:23 - [TEST_STEP][PASSED] - delay: Delayed 2 second(s)

2018-12-14 00:57:25 - [MESSAGE][PASSED] - Delayed 2 second(s)

2018-12-14 00:57:25 - [TEST_STEP][PASSED] - uploadFile: File 'C:\Users\Public\Pictures\Sample Pictures\Koala.jpg' sent to object: 'Object Repository/Final Object Repo/New Registration - Registration Module Pages/Third Screen - Upload Supporting Doc- Preview/Upload File Adding'

2018-12-14 00:57:26 - [MESSAGE][PASSED] - File 'C:\Users\Public\Pictures\Sample Pictures\Koala.jpg' sent to object: 'Object Repository/Final Object Repo/New Registration - Registration Module Pages/Third Screen - Upload Supporting Doc- Preview/Upload File Adding'

2018-12-14 00:57:26 - [TEST_STEP][PASSED] - click: Object: 'Object Repository/Final Object Repo/New Registration - Registration Module Pages/Third Screen - Upload Supporting Doc- Preview/Inner Form Add Document Button' is clicked on

2018-12-14 00:57:26 - [MESSAGE][PASSED] - Object: 'Object Repository/Final Object Repo/New Registration - Registration Module Pages/Third Screen - Upload Supporting Doc- Preview/Inner Form Add Document Button' is clicked on

2018-12-14 00:57:26 - [TEST_STEP][PASSED] - delay: Delayed 5 second(s)

2018-12-14 00:57:31 - [MESSAGE][PASSED] - Delayed 5 second(s)

2018-12-14 00:57:31 - [TEST_STEP][PASSED] - click: Object: 'Object Repository/Final Object Repo/New Registration - Registration Module Pages/Third Screen - Upload Supporting Doc- Preview/Add Document Button' is clicked on

2018-12-14 00:57:31 - [MESSAGE][PASSED] - Object: 'Object Repository/Final Object Repo/New Registration - Registration Module Pages/Third Screen - Upload Supporting Doc- Preview/Add Document Button' is clicked on

2018-12-14 00:57:31 - [TEST_STEP][PASSED] - delay: Delayed 30 second(s)

2018-12-14 00:58:01 - [MESSAGE][PASSED] - Delayed 30 second(s)

2018-12-14 00:58:01 - [TEST_STEP][PASSED] - click: Object: 'Object Repository/Final Object Repo/New Registration - Registration Module Pages/Third Screen - Upload Supporting Doc- Preview/Supporting Doc Please Select Drop Down' is clicked on

2018-12-14 00:58:01 - [MESSAGE][PASSED] - Object: 'Object Repository/Final Object Repo/New Registration - Registration Module Pages/Third Screen - Upload Supporting Doc- Preview/Supporting Doc Please Select Drop Down' is clicked on

2018-12-14 00:58:01 - [TEST_STEP][PASSED] - click: Object: 'Object Repository/Final Object Repo/New Registration - Registration Module Pages/Third Screen - Upload Supporting Doc- Preview/Select to Upload Borang SIP 1' is clicked on

2018-12-14 00:58:01 - [MESSAGE][PASSED] - Object: 'Object Repository/Final Object Repo/New Registration - Registration Module Pages/Third Screen - Upload Supporting Doc- Preview/Select to Upload Borang SIP 1' is clicked on

2018-12-14 00:58:01 - [TEST_STEP][PASSED] - delay: Delayed 2 second(s)

2018-12-14 00:58:03 - [MESSAGE][PASSED] - Delayed 2 second(s)

2018-12-14 00:58:03 - [TEST_STEP][PASSED] - uploadFile: File 'C:\Users\Public\Pictures\Sample Pictures\Koala.jpg' sent to object: 'Object Repository/Final Object Repo/New Registration - Registration Module Pages/Third Screen - Upload Supporting Doc- Preview/Upload File Adding'

2018-12-14 00:58:03 - [MESSAGE][PASSED] - File 'C:\Users\Public\Pictures\Sample Pictures\Koala.jpg' sent to object: 'Object Repository/Final Object Repo/New Registration - Registration Module Pages/Third Screen - Upload Supporting Doc- Preview/Upload File Adding'

2018-12-14 00:58:03 - [TEST_STEP][PASSED] - click: Object: 'Object Repository/Final Object Repo/New Registration - Registration Module Pages/Third Screen - Upload Supporting Doc- Preview/Inner Form Add Document Button' is clicked on

2018-12-14 00:58:04 - [MESSAGE][PASSED] - Object: 'Object Repository/Final Object Repo/New Registration - Registration Module Pages/Third Screen - Upload Supporting Doc- Preview/Inner Form Add Document Button' is clicked on

2018-12-14 00:58:04 - [TEST_STEP][PASSED] - delay: Delayed 5 second(s)

2018-12-14 00:58:09 - [MESSAGE][PASSED] - Delayed 5 second(s)

2018-12-14 00:58:09 - [TEST_STEP][PASSED] - click: Object: 'Object Repository/Final Object Repo/New Registration - Registration Module Pages/Third Screen - Upload Supporting Doc- Preview/Add Document Button' is clicked on

2018-12-14 00:58:09 - [MESSAGE][PASSED] - Object: 'Object Repository/Final Object Repo/New Registration - Registration Module Pages/Third Screen - Upload Supporting Doc- Preview/Add Document Button' is clicked on

2018-12-14 00:58:09 - [TEST_STEP][PASSED] - delay: Delayed 30 second(s)

2018-12-14 00:58:39 - [MESSAGE][PASSED] - Delayed 30 second(s)

2018-12-14 00:58:39 - [TEST_STEP][PASSED] - click: Object: 'Object Repository/Final Object Repo/New Registration - Registration Module Pages/Third Screen - Upload Supporting Doc- Preview/Supporting Doc Please Select Drop Down' is clicked on

2018-12-14 00:58:39 - [MESSAGE][PASSED] - Object: 'Object Repository/Final Object Repo/New Registration - Registration Module Pages/Third Screen - Upload Supporting Doc- Preview/Supporting Doc Please Select Drop Down' is clicked on

2018-12-14 00:58:39 - [TEST_STEP][PASSED] - delay: Delayed 3 second(s)

2018-12-14 00:58:42 - [MESSAGE][PASSED] - Delayed 3 second(s)

2018-12-14 00:58:42 - [TEST_STEP][PASSED] - click: Object: 'Object Repository/Final Object Repo/New Registration - Registration Module Pages/Third Screen - Upload Supporting Doc- Preview/Select to Upload Borang SIP 2' is clicked on

2018-12-14 00:58:42 - [MESSAGE][PASSED] - Object: 'Object Repository/Final Object Repo/New Registration - Registration Module Pages/Third Screen - Upload Supporting Doc- Preview/Select to Upload Borang SIP 2' is clicked on

2018-12-14 00:58:42 - [TEST_STEP][PASSED] - delay: Delayed 2 second(s)

2018-12-14 00:58:44 - [MESSAGE][PASSED] - Delayed 2 second(s)

2018-12-14 00:58:44 - [TEST_STEP][PASSED] - uploadFile: File 'C:\Users\Public\Pictures\Sample Pictures\Koala.jpg' sent to object: 'Object Repository/Final Object Repo/New Registration - Registration Module Pages/Third Screen - Upload Supporting Doc- Preview/Upload File Adding'

2018-12-14 00:58:44 - [MESSAGE][PASSED] - File 'C:\Users\Public\Pictures\Sample Pictures\Koala.jpg' sent to object: 'Object Repository/Final Object Repo/New Registration - Registration Module Pages/Third Screen - Upload Supporting Doc- Preview/Upload File Adding'

2018-12-14 00:58:44 - [TEST_STEP][PASSED] - delay: Delayed 5 second(s)

2018-12-14 00:58:49 - [MESSAGE][PASSED] - Delayed 5 second(s)

2018-12-14 00:58:49 - [TEST_STEP][PASSED] - click: Object: 'Object Repository/Final Object Repo/New Registration - Registration Module Pages/Third Screen - Upload Supporting Doc- Preview/Inner Form Add Document Button' is clicked on

2018-12-14 00:58:49 - [MESSAGE][PASSED] - Object: 'Object Repository/Final Object Repo/New Registration - Registration Module Pages/Third Screen - Upload Supporting Doc- Preview/Inner Form Add Document Button' is clicked on

2018-12-14 00:58:49 - [TEST_STEP][PASSED] - delay: Delayed 3 second(s)

2018-12-14 00:58:52 - [MESSAGE][PASSED] - Delayed 3 second(s)

2018-12-14 00:58:52 - [TEST_STEP][PASSED] - waitForElementClickable: Object 'Object Repository/Final Object Repo/New Registration - Registration Module Pages/Third Screen - Upload Supporting Doc- Preview/Save n Continue in Uploading Supporting Doc Page' is clickable

2018-12-14 00:58:54 - [MESSAGE][PASSED] - Object 'Object Repository/Final Object Repo/New Registration - Registration Module Pages/Third Screen - Upload Supporting Doc- Preview/Save n Continue in Uploading Supporting Doc Page' is clickable

2018-12-14 00:58:54 - [TEST_STEP][PASSED] - click: Object: 'Object Repository/Final Object Repo/New Registration - Registration Module Pages/Third Screen - Upload Supporting Doc- Preview/Save n Continue in Uploading Supporting Doc Page' is clicked on

2018-12-14 00:58:54 - [MESSAGE][PASSED] - Object: 'Object Repository/Final Object Repo/New Registration - Registration Module Pages/Third Screen - Upload Supporting Doc- Preview/Save n Continue in Uploading Supporting Doc Page' is clicked on

2018-12-14 00:58:54 - [MESSAGE][PASSED] - Call Test Case 'Test Cases/Final Aug 2018 - PKS Automation/Registration Module/New Registration/Flow of New Registration/Third Screen - Upload Supporting Doc - Preview' successfully

2018-12-14 00:58:54 - [TEST_STEP][PASSED] - setText: Text 'Tester' is set on object 'Object Repository/Final Object Repo/New Registration - Registration Module Pages/New Reg - OTC to RO/Special Case - All Related Objects/Employer Preview Name'

2018-12-14 00:58:59 - [MESSAGE][PASSED] - Text 'Tester' is set on object 'Object Repository/Final Object Repo/New Registration - Registration Module Pages/New Reg - OTC to RO/Special Case - All Related Objects/Employer Preview Name'

2018-12-14 00:58:59 - [TEST_STEP][PASSED] - click: Object: 'Object Repository/Final Object Repo/New Registration - Registration Module Pages/New Reg - OTC to RO/Special Case - All Related Objects/IC Type Drop Down' is clicked on

2018-12-14 00:58:59 - [MESSAGE][PASSED] - Object: 'Object Repository/Final Object Repo/New Registration - Registration Module Pages/New Reg - OTC to RO/Special Case - All Related Objects/IC Type Drop Down' is clicked on

2018-12-14 00:58:59 - [TEST_STEP][PASSED] - click: Object: 'Object Repository/Final Object Repo/New Registration - Registration Module Pages/New Reg - OTC to RO/Special Case - All Related Objects/Select to NRIC' is clicked on

2018-12-14 00:58:59 - [MESSAGE][PASSED] - Object: 'Object Repository/Final Object Repo/New Registration - Registration Module Pages/New Reg - OTC to RO/Special Case - All Related Objects/Select to NRIC' is clicked on

2018-12-14 00:58:59 - [TEST_STEP][PASSED] - setText: Text '133245561223' is set on object 'Object Repository/Final Object Repo/New Registration - Registration Module Pages/New Reg - OTC to RO/Special Case - All Related Objects/IC Value'

2018-12-14 00:58:59 - [MESSAGE][PASSED] - Text '133245561223' is set on object 'Object Repository/Final Object Repo/New Registration - Registration Module Pages/New Reg - OTC to RO/Special Case - All Related Objects/IC Value'

2018-12-14 00:58:59 - [TEST_STEP][PASSED] - setText: Text 'Auto' is set on object 'Object Repository/Final Object Repo/New Registration - Registration Module Pages/New Reg - OTC to RO/Special Case - All Related Objects/Designation'

2018-12-14 00:58:59 - [MESSAGE][PASSED] - Text 'Auto' is set on object 'Object Repository/Final Object Repo/New Registration - Registration Module Pages/New Reg - OTC to RO/Special Case - All Related Objects/Designation'

2018-12-14 00:58:59 - [TEST_STEP][PASSED] - callTestCase: Call Test Case 'Test Cases/Final Aug 2018 - PKS Automation/Registration Module/New Registration/Submit and Screenshot/Submit Registration and Screenshot - Copy' successfully

2018-12-14 00:58:59 - [TEST_CASE][PASSED] - Test Cases/Final Aug 2018 - PKS Automation/Registration Module/New Registration/Submit and Screenshot/Submit Registration and Screenshot - Copy: Test Cases/Final Aug 2018 - PKS Automation/Registration Module/New Registration/Submit and Screenshot/Submit Registration and Screenshot - Copy

2018-12-14 00:59:00 - [TEST_STEP][PASSED] - delay: Delayed 6 second(s)

2018-12-14 00:59:06 - [MESSAGE][PASSED] - Delayed 6 second(s)

2018-12-14 00:59:06 - [TEST_STEP][PASSED] - click: Object: 'Object Repository/Final Object Repo/New Registration - Registration Module Pages/Third Screen - Upload Supporting Doc- Preview/Preview Submit Button' is clicked on

2018-12-14 00:59:06 - [MESSAGE][PASSED] - Object: 'Object Repository/Final Object Repo/New Registration - Registration Module Pages/Third Screen - Upload Supporting Doc- Preview/Preview Submit Button' is clicked on

2018-12-14 00:59:06 - [TEST_STEP][PASSED] - delay: Delayed 2 second(s)

2018-12-14 00:59:08 - [MESSAGE][PASSED] - Delayed 2 second(s)

2018-12-14 00:59:08 - [TEST_STEP][PASSED] - click: Object: 'Object Repository/Final Object Repo/New Registration - Registration Module Pages/Third Screen - Upload Supporting Doc- Preview/Preview Submit - Confirm' is clicked on

2018-12-14 00:59:08 - [MESSAGE][PASSED] - Object: 'Object Repository/Final Object Repo/New Registration - Registration Module Pages/Third Screen - Upload Supporting Doc- Preview/Preview Submit - Confirm' is clicked on

2018-12-14 00:59:08 - [TEST_STEP][PASSED] - delay: Delayed 15 second(s)

2018-12-14 00:59:23 - [MESSAGE][PASSED] - Delayed 15 second(s)

2018-12-14 00:59:23 - [TEST_STEP][PASSED] - Statement - driver = com.kms.katalon.core.webui.driver.DriverFactory.getWebDriver(): null

2018-12-14 00:59:23 - [TEST_STEP][PASSED] - Statement - driver.manage().timeouts().implicitlyWait(10, SECONDS): null

2018-12-14 00:59:23 - [TEST_STEP][PASSED] - Statement - PresavePath = KatalonScreenshots: null

2018-12-14 00:59:23 - [TEST_STEP][PASSED] - Statement - pathPrefix = "C:\Users\Public\Pictures\Sample Pictures\Katalon Screenshots\Automate Ending Screen": null

2018-12-14 00:59:23 - [TEST_STEP][PASSED] - Statement - finalPath = <not implemented yet for class: org.codehaus.groovy.ast.expr.EmptyExpression>: null

2018-12-14 00:59:23 - [TEST_STEP][PASSED] - Statement - scrFile = driver.getScreenshotAs(FILE): null

2018-12-14 00:59:24 - [TEST_STEP][PASSED] - Statement - PreSaveFile = new java.io.File(PresavePath): null

2018-12-14 00:59:24 - [TEST_STEP][PASSED] - Statement - counter = 0: null

2018-12-14 00:59:24 - [TEST_STEP][PASSED] - Statement - If (PreSaveFile.exists()): null

2018-12-14 00:59:24 - [TEST_STEP][PASSED] - Statement - While (PreSaveFile.exists()): null

2018-12-14 00:59:24 - [TEST_STEP][PASSED] - Statement - counter = counter + 1: null

2018-12-14 00:59:24 - [TEST_STEP][PASSED] - Statement - PreSaveFile = new java.io.File(((pathPrefix + java.lang.Integer.toString(counter)) + .png)): null

2018-12-14 00:59:24 - [TEST_STEP][PASSED] - Statement - counter = counter + 1: null

2018-12-14 00:59:24 - [TEST_STEP][PASSED] - Statement - PreSaveFile = new java.io.File(((pathPrefix + java.lang.Integer.toString(counter)) + .png)): null

2018-12-14 00:59:24 - [TEST_STEP][PASSED] - Statement - counter = counter + 1: null

2018-12-14 00:59:24 - [TEST_STEP][PASSED] - Statement - PreSaveFile = new java.io.File(((pathPrefix + java.lang.Integer.toString(counter)) + .png)): null

2018-12-14 00:59:24 - [TEST_STEP][PASSED] - Statement - counter = counter + 1: null

2018-12-14 00:59:24 - [TEST_STEP][PASSED] - Statement - PreSaveFile = new java.io.File(((pathPrefix + java.lang.Integer.toString(counter)) + .png)): null

2018-12-14 00:59:24 - [TEST_STEP][PASSED] - Statement - counter = counter + 1: null

2018-12-14 00:59:24 - [TEST_STEP][PASSED] - Statement - PreSaveFile = new java.io.File(((pathPrefix + java.lang.Integer.toString(counter)) + .png)): null

2018-12-14 00:59:24 - [TEST_STEP][PASSED] - Statement - counter = counter + 1: null

2018-12-14 00:59:24 - [TEST_STEP][PASSED] - Statement - PreSaveFile = new java.io.File(((pathPrefix + java.lang.Integer.toString(counter)) + .png)): null

2018-12-14 00:59:24 - [TEST_STEP][PASSED] - Statement - counter = counter + 1: null

2018-12-14 00:59:24 - [TEST_STEP][PASSED] - Statement - PreSaveFile = new java.io.File(((pathPrefix + java.lang.Integer.toString(counter)) + .png)): null

2018-12-14 00:59:24 - [TEST_STEP][PASSED] - Statement - counter = counter + 1: null

2018-12-14 00:59:24 - [TEST_STEP][PASSED] - Statement - PreSaveFile = new java.io.File(((pathPrefix + java.lang.Integer.toString(counter)) + .png)): null

2018-12-14 00:59:24 - [TEST_STEP][PASSED] - Statement - counter = counter + 1: null

2018-12-14 00:59:24 - [TEST_STEP][PASSED] - Statement - PreSaveFile = new java.io.File(((pathPrefix + java.lang.Integer.toString(counter)) + .png)): null

2018-12-14 00:59:24 - [TEST_STEP][PASSED] - Statement - counter = counter + 1: null

2018-12-14 00:59:24 - [TEST_STEP][PASSED] - Statement - PreSaveFile = new java.io.File(((pathPrefix + java.lang.Integer.toString(counter)) + .png)): null

2018-12-14 00:59:24 - [TEST_STEP][PASSED] - Statement - counter = counter + 1: null

2018-12-14 00:59:24 - [TEST_STEP][PASSED] - Statement - PreSaveFile = new java.io.File(((pathPrefix + java.lang.Integer.toString(counter)) + .png)): null

2018-12-14 00:59:24 - [TEST_STEP][PASSED] - Statement - counter = counter + 1: null

2018-12-14 00:59:24 - [TEST_STEP][PASSED] - Statement - PreSaveFile = new java.io.File(((pathPrefix + java.lang.Integer.toString(counter)) + .png)): null

2018-12-14 00:59:24 - [TEST_STEP][PASSED] - Statement - counter = counter + 1: null

2018-12-14 00:59:24 - [TEST_STEP][PASSED] - Statement - PreSaveFile = new java.io.File(((pathPrefix + java.lang.Integer.toString(counter)) + .png)): null

2018-12-14 00:59:24 - [TEST_STEP][PASSED] - Statement - counter = counter + 1: null

2018-12-14 00:59:24 - [TEST_STEP][PASSED] - Statement - PreSaveFile = new java.io.File(((pathPrefix + java.lang.Integer.toString(counter)) + .png)): null

2018-12-14 00:59:24 - [TEST_STEP][PASSED] - Statement - counter = counter + 1: null

2018-12-14 00:59:24 - [TEST_STEP][PASSED] - Statement - PreSaveFile = new java.io.File(((pathPrefix + java.lang.Integer.toString(counter)) + .png)): null

2018-12-14 00:59:24 - [TEST_STEP][PASSED] - Statement - counter = counter + 1: null

2018-12-14 00:59:24 - [TEST_STEP][PASSED] - Statement - PreSaveFile = new java.io.File(((pathPrefix + java.lang.Integer.toString(counter)) + .png)): null

2018-12-14 00:59:24 - [TEST_STEP][PASSED] - Statement - counter = counter + 1: null

2018-12-14 00:59:24 - [TEST_STEP][PASSED] - Statement - PreSaveFile = new java.io.File(((pathPrefix + java.lang.Integer.toString(counter)) + .png)): null

2018-12-14 00:59:24 - [TEST_STEP][PASSED] - Statement - counter = counter + 1: null

2018-12-14 00:59:24 - [TEST_STEP][PASSED] - Statement - PreSaveFile = new java.io.File(((pathPrefix + java.lang.Integer.toString(counter)) + .png)): null

2018-12-14 00:59:24 - [TEST_STEP][PASSED] - Statement - counter = counter + 1: null

2018-12-14 00:59:24 - [TEST_STEP][PASSED] - Statement - PreSaveFile = new java.io.File(((pathPrefix + java.lang.Integer.toString(counter)) + .png)): null

2018-12-14 00:59:24 - [TEST_STEP][PASSED] - Statement - counter = counter + 1: null

2018-12-14 00:59:24 - [TEST_STEP][PASSED] - Statement - PreSaveFile = new java.io.File(((pathPrefix + java.lang.Integer.toString(counter)) + .png)): null

2018-12-14 00:59:24 - [TEST_STEP][PASSED] - Statement - counter = counter + 1: null

2018-12-14 00:59:24 - [TEST_STEP][PASSED] - Statement - PreSaveFile = new java.io.File(((pathPrefix + java.lang.Integer.toString(counter)) + .png)): null

2018-12-14 00:59:24 - [TEST_STEP][PASSED] - Statement - counter = counter + 1: null

2018-12-14 00:59:24 - [TEST_STEP][PASSED] - Statement - PreSaveFile = new java.io.File(((pathPrefix + java.lang.Integer.toString(counter)) + .png)): null

2018-12-14 00:59:24 - [TEST_STEP][PASSED] - Statement - counter = counter + 1: null

2018-12-14 00:59:24 - [TEST_STEP][PASSED] - Statement - PreSaveFile = new java.io.File(((pathPrefix + java.lang.Integer.toString(counter)) + .png)): null

2018-12-14 00:59:24 - [TEST_STEP][PASSED] - Statement - counter = counter + 1: null

2018-12-14 00:59:24 - [TEST_STEP][PASSED] - Statement - PreSaveFile = new java.io.File(((pathPrefix + java.lang.Integer.toString(counter)) + .png)): null

2018-12-14 00:59:24 - [TEST_STEP][PASSED] - Statement - counter = counter + 1: null

2018-12-14 00:59:24 - [TEST_STEP][PASSED] - Statement - PreSaveFile = new java.io.File(((pathPrefix + java.lang.Integer.toString(counter)) + .png)): null

2018-12-14 00:59:24 - [TEST_STEP][PASSED] - Statement - counter = counter + 1: null

2018-12-14 00:59:24 - [TEST_STEP][PASSED] - Statement - PreSaveFile = new java.io.File(((pathPrefix + java.lang.Integer.toString(counter)) + .png)): null

2018-12-14 00:59:24 - [TEST_STEP][PASSED] - Statement - counter = counter + 1: null

2018-12-14 00:59:24 - [TEST_STEP][PASSED] - Statement - PreSaveFile = new java.io.File(((pathPrefix + java.lang.Integer.toString(counter)) + .png)): null

2018-12-14 00:59:24 - [TEST_STEP][PASSED] - Statement - counter = counter + 1: null

2018-12-14 00:59:24 - [TEST_STEP][PASSED] - Statement - PreSaveFile = new java.io.File(((pathPrefix + java.lang.Integer.toString(counter)) + .png)): null

2018-12-14 00:59:24 - [TEST_STEP][PASSED] - Statement - counter = counter + 1: null

2018-12-14 00:59:24 - [TEST_STEP][PASSED] - Statement - PreSaveFile = new java.io.File(((pathPrefix + java.lang.Integer.toString(counter)) + .png)): null

2018-12-14 00:59:24 - [TEST_STEP][PASSED] - Statement - counter = counter + 1: null

2018-12-14 00:59:24 - [TEST_STEP][PASSED] - Statement - PreSaveFile = new java.io.File(((pathPrefix + java.lang.Integer.toString(counter)) + .png)): null

2018-12-14 00:59:24 - [TEST_STEP][PASSED] - Statement - counter = counter + 1: null

2018-12-14 00:59:24 - [TEST_STEP][PASSED] - Statement - PreSaveFile = new java.io.File(((pathPrefix + java.lang.Integer.toString(counter)) + .png)): null

2018-12-14 00:59:24 - [TEST_STEP][PASSED] - Statement - counter = counter + 1: null

2018-12-14 00:59:24 - [TEST_STEP][PASSED] - Statement - PreSaveFile = new java.io.File(((pathPrefix + java.lang.Integer.toString(counter)) + .png)): null

2018-12-14 00:59:24 - [TEST_STEP][PASSED] - Statement - counter = counter + 1: null

2018-12-14 00:59:24 - [TEST_STEP][PASSED] - Statement - PreSaveFile = new java.io.File(((pathPrefix + java.lang.Integer.toString(counter)) + .png)): null

2018-12-14 00:59:24 - [TEST_STEP][PASSED] - Statement - counter = counter + 1: null

2018-12-14 00:59:24 - [TEST_STEP][PASSED] - Statement - PreSaveFile = new java.io.File(((pathPrefix + java.lang.Integer.toString(counter)) + .png)): null

2018-12-14 00:59:24 - [TEST_STEP][PASSED] - Statement - counter = counter + 1: null

2018-12-14 00:59:24 - [TEST_STEP][PASSED] - Statement - PreSaveFile = new java.io.File(((pathPrefix + java.lang.Integer.toString(counter)) + .png)): null

2018-12-14 00:59:24 - [TEST_STEP][PASSED] - Statement - counter = counter + 1: null

2018-12-14 00:59:24 - [TEST_STEP][PASSED] - Statement - PreSaveFile = new java.io.File(((pathPrefix + java.lang.Integer.toString(counter)) + .png)): null

2018-12-14 00:59:24 - [TEST_STEP][PASSED] - Statement - counter = counter + 1: null

2018-12-14 00:59:24 - [TEST_STEP][PASSED] - Statement - PreSaveFile = new java.io.File(((pathPrefix + java.lang.Integer.toString(counter)) + .png)): null

2018-12-14 00:59:24 - [TEST_STEP][PASSED] - Statement - counter = counter + 1: null

2018-12-14 00:59:24 - [TEST_STEP][PASSED] - Statement - PreSaveFile = new java.io.File(((pathPrefix + java.lang.Integer.toString(counter)) + .png)): null

2018-12-14 00:59:24 - [TEST_STEP][PASSED] - Statement - counter = counter + 1: null

2018-12-14 00:59:24 - [TEST_STEP][PASSED] - Statement - PreSaveFile = new java.io.File(((pathPrefix + java.lang.Integer.toString(counter)) + .png)): null

2018-12-14 00:59:24 - [TEST_STEP][PASSED] - Statement - counter = counter + 1: null

2018-12-14 00:59:24 - [TEST_STEP][PASSED] - Statement - PreSaveFile = new java.io.File(((pathPrefix + java.lang.Integer.toString(counter)) + .png)): null

2018-12-14 00:59:24 - [TEST_STEP][PASSED] - Statement - counter = counter + 1: null

2018-12-14 00:59:24 - [TEST_STEP][PASSED] - Statement - PreSaveFile = new java.io.File(((pathPrefix + java.lang.Integer.toString(counter)) + .png)): null

2018-12-14 00:59:24 - [TEST_STEP][PASSED] - Statement - counter = counter + 1: null

2018-12-14 00:59:24 - [TEST_STEP][PASSED] - Statement - PreSaveFile = new java.io.File(((pathPrefix + java.lang.Integer.toString(counter)) + .png)): null

2018-12-14 00:59:24 - [TEST_STEP][PASSED] - Statement - counter = counter + 1: null

2018-12-14 00:59:24 - [TEST_STEP][PASSED] - Statement - PreSaveFile = new java.io.File(((pathPrefix + java.lang.Integer.toString(counter)) + .png)): null

2018-12-14 00:59:24 - [TEST_STEP][PASSED] - Statement - counter = counter + 1: null

2018-12-14 00:59:24 - [TEST_STEP][PASSED] - Statement - PreSaveFile = new java.io.File(((pathPrefix + java.lang.Integer.toString(counter)) + .png)): null

2018-12-14 00:59:24 - [TEST_STEP][PASSED] - Statement - counter = counter + 1: null

2018-12-14 00:59:24 - [TEST_STEP][PASSED] - Statement - PreSaveFile = new java.io.File(((pathPrefix + java.lang.Integer.toString(counter)) + .png)): null

2018-12-14 00:59:24 - [TEST_STEP][PASSED] - Statement - counter = counter + 1: null

2018-12-14 00:59:24 - [TEST_STEP][PASSED] - Statement - PreSaveFile = new java.io.File(((pathPrefix + java.lang.Integer.toString(counter)) + .png)): null

2018-12-14 00:59:24 - [TEST_STEP][PASSED] - Statement - counter = counter + 1: null

2018-12-14 00:59:24 - [TEST_STEP][PASSED] - Statement - PreSaveFile = new java.io.File(((pathPrefix + java.lang.Integer.toString(counter)) + .png)): null

2018-12-14 00:59:24 - [TEST_STEP][PASSED] - Statement - counter = counter + 1: null

2018-12-14 00:59:24 - [TEST_STEP][PASSED] - Statement - PreSaveFile = new java.io.File(((pathPrefix + java.lang.Integer.toString(counter)) + .png)): null

2018-12-14 00:59:24 - [TEST_STEP][PASSED] - Statement - counter = counter + 1: null

2018-12-14 00:59:24 - [TEST_STEP][PASSED] - Statement - PreSaveFile = new java.io.File(((pathPrefix + java.lang.Integer.toString(counter)) + .png)): null

2018-12-14 00:59:24 - [TEST_STEP][PASSED] - Statement - counter = counter + 1: null

2018-12-14 00:59:24 - [TEST_STEP][PASSED] - Statement - PreSaveFile = new java.io.File(((pathPrefix + java.lang.Integer.toString(counter)) + .png)): null

2018-12-14 00:59:24 - [TEST_STEP][PASSED] - Statement - counter = counter + 1: null

2018-12-14 00:59:24 - [TEST_STEP][PASSED] - Statement - PreSaveFile = new java.io.File(((pathPrefix + java.lang.Integer.toString(counter)) + .png)): null

2018-12-14 00:59:24 - [TEST_STEP][PASSED] - Statement - counter = counter + 1: null

2018-12-14 00:59:24 - [TEST_STEP][PASSED] - Statement - PreSaveFile = new java.io.File(((pathPrefix + java.lang.Integer.toString(counter)) + .png)): null

2018-12-14 00:59:24 - [TEST_STEP][PASSED] - Statement - counter = counter + 1: null

2018-12-14 00:59:24 - [TEST_STEP][PASSED] - Statement - PreSaveFile = new java.io.File(((pathPrefix + java.lang.Integer.toString(counter)) + .png)): null

2018-12-14 00:59:24 - [TEST_STEP][PASSED] - Statement - counter = counter + 1: null

2018-12-14 00:59:24 - [TEST_STEP][PASSED] - Statement - PreSaveFile = new java.io.File(((pathPrefix + java.lang.Integer.toString(counter)) + .png)): null

2018-12-14 00:59:24 - [TEST_STEP][PASSED] - Statement - counter = counter + 1: null

2018-12-14 00:59:24 - [TEST_STEP][PASSED] - Statement - PreSaveFile = new java.io.File(((pathPrefix + java.lang.Integer.toString(counter)) + .png)): null

2018-12-14 00:59:24 - [TEST_STEP][PASSED] - Statement - counter = counter + 1: null

2018-12-14 00:59:24 - [TEST_STEP][PASSED] - Statement - PreSaveFile = new java.io.File(((pathPrefix + java.lang.Integer.toString(counter)) + .png)): null

2018-12-14 00:59:24 - [TEST_STEP][PASSED] - Statement - counter = counter + 1: null

2018-12-14 00:59:24 - [TEST_STEP][PASSED] - Statement - PreSaveFile = new java.io.File(((pathPrefix + java.lang.Integer.toString(counter)) + .png)): null

2018-12-14 00:59:24 - [TEST_STEP][PASSED] - Statement - counter = counter + 1: null

2018-12-14 00:59:24 - [TEST_STEP][PASSED] - Statement - PreSaveFile = new java.io.File(((pathPrefix + java.lang.Integer.toString(counter)) + .png)): null

2018-12-14 00:59:24 - [TEST_STEP][PASSED] - Statement - counter = counter + 1: null

2018-12-14 00:59:24 - [TEST_STEP][PASSED] - Statement - PreSaveFile = new java.io.File(((pathPrefix + java.lang.Integer.toString(counter)) + .png)): null

2018-12-14 00:59:24 - [TEST_STEP][PASSED] - Statement - counter = counter + 1: null

2018-12-14 00:59:24 - [TEST_STEP][PASSED] - Statement - PreSaveFile = new java.io.File(((pathPrefix + java.lang.Integer.toString(counter)) + .png)): null

2018-12-14 00:59:24 - [TEST_STEP][PASSED] - Statement - counter = counter + 1: null

2018-12-14 00:59:24 - [TEST_STEP][PASSED] - Statement - PreSaveFile = new java.io.File(((pathPrefix + java.lang.Integer.toString(counter)) + .png)): null

2018-12-14 00:59:24 - [TEST_STEP][PASSED] - Statement - counter = counter + 1: null

2018-12-14 00:59:24 - [TEST_STEP][PASSED] - Statement - PreSaveFile = new java.io.File(((pathPrefix + java.lang.Integer.toString(counter)) + .png)): null

2018-12-14 00:59:24 - [TEST_STEP][PASSED] - Statement - counter = counter + 1: null

2018-12-14 00:59:24 - [TEST_STEP][PASSED] - Statement - PreSaveFile = new java.io.File(((pathPrefix + java.lang.Integer.toString(counter)) + .png)): null

2018-12-14 00:59:24 - [TEST_STEP][PASSED] - Statement - counter = counter + 1: null

2018-12-14 00:59:24 - [TEST_STEP][PASSED] - Statement - PreSaveFile = new java.io.File(((pathPrefix + java.lang.Integer.toString(counter)) + .png)): null

2018-12-14 00:59:24 - [TEST_STEP][PASSED] - Statement - counter = counter + 1: null

2018-12-14 00:59:24 - [TEST_STEP][PASSED] - Statement - PreSaveFile = new java.io.File(((pathPrefix + java.lang.Integer.toString(counter)) + .png)): null

2018-12-14 00:59:24 - [TEST_STEP][PASSED] - Statement - counter = counter + 1: null

2018-12-14 00:59:24 - [TEST_STEP][PASSED] - Statement - PreSaveFile = new java.io.File(((pathPrefix + java.lang.Integer.toString(counter)) + .png)): null

2018-12-14 00:59:24 - [TEST_STEP][PASSED] - Statement - counter = counter + 1: null

2018-12-14 00:59:24 - [TEST_STEP][PASSED] - Statement - PreSaveFile = new java.io.File(((pathPrefix + java.lang.Integer.toString(counter)) + .png)): null

2018-12-14 00:59:24 - [TEST_STEP][PASSED] - Statement - counter = counter + 1: null

2018-12-14 00:59:24 - [TEST_STEP][PASSED] - Statement - PreSaveFile = new java.io.File(((pathPrefix + java.lang.Integer.toString(counter)) + .png)): null

2018-12-14 00:59:24 - [TEST_STEP][PASSED] - Statement - counter = counter + 1: null

2018-12-14 00:59:24 - [TEST_STEP][PASSED] - Statement - PreSaveFile = new java.io.File(((pathPrefix + java.lang.Integer.toString(counter)) + .png)): null

2018-12-14 00:59:24 - [TEST_STEP][PASSED] - Statement - counter = counter + 1: null

2018-12-14 00:59:24 - [TEST_STEP][PASSED] - Statement - PreSaveFile = new java.io.File(((pathPrefix + java.lang.Integer.toString(counter)) + .png)): null

2018-12-14 00:59:24 - [TEST_STEP][PASSED] - Statement - counter = counter + 1: null

2018-12-14 00:59:24 - [TEST_STEP][PASSED] - Statement - PreSaveFile = new java.io.File(((pathPrefix + java.lang.Integer.toString(counter)) + .png)): null

2018-12-14 00:59:24 - [TEST_STEP][PASSED] - Statement - counter = counter + 1: null

2018-12-14 00:59:24 - [TEST_STEP][PASSED] - Statement - PreSaveFile = new java.io.File(((pathPrefix + java.lang.Integer.toString(counter)) + .png)): null

2018-12-14 00:59:24 - [TEST_STEP][PASSED] - Statement - counter = counter + 1: null

2018-12-14 00:59:24 - [TEST_STEP][PASSED] - Statement - PreSaveFile = new java.io.File(((pathPrefix + java.lang.Integer.toString(counter)) + .png)): null

2018-12-14 00:59:24 - [TEST_STEP][PASSED] - Statement - counter = counter + 1: null

2018-12-14 00:59:24 - [TEST_STEP][PASSED] - Statement - PreSaveFile = new java.io.File(((pathPrefix + java.lang.Integer.toString(counter)) + .png)): null

2018-12-14 00:59:24 - [TEST_STEP][PASSED] - Statement - counter = counter + 1: null

2018-12-14 00:59:24 - [TEST_STEP][PASSED] - Statement - PreSaveFile = new java.io.File(((pathPrefix + java.lang.Integer.toString(counter)) + .png)): null

2018-12-14 00:59:24 - [TEST_STEP][PASSED] - Statement - counter = counter + 1: null

2018-12-14 00:59:24 - [TEST_STEP][PASSED] - Statement - PreSaveFile = new java.io.File(((pathPrefix + java.lang.Integer.toString(counter)) + .png)): null

2018-12-14 00:59:24 - [TEST_STEP][PASSED] - Statement - counter = counter + 1: null

2018-12-14 00:59:24 - [TEST_STEP][PASSED] - Statement - PreSaveFile = new java.io.File(((pathPrefix + java.lang.Integer.toString(counter)) + .png)): null

2018-12-14 00:59:24 - [TEST_STEP][PASSED] - Statement - counter = counter + 1: null

2018-12-14 00:59:24 - [TEST_STEP][PASSED] - Statement - PreSaveFile = new java.io.File(((pathPrefix + java.lang.Integer.toString(counter)) + .png)): null

2018-12-14 00:59:24 - [TEST_STEP][PASSED] - Statement - counter = counter + 1: null

2018-12-14 00:59:24 - [TEST_STEP][PASSED] - Statement - PreSaveFile = new java.io.File(((pathPrefix + java.lang.Integer.toString(counter)) + .png)): null

2018-12-14 00:59:24 - [TEST_STEP][PASSED] - Statement - counter = counter + 1: null

2018-12-14 00:59:24 - [TEST_STEP][PASSED] - Statement - PreSaveFile = new java.io.File(((pathPrefix + java.lang.Integer.toString(counter)) + .png)): null

2018-12-14 00:59:24 - [TEST_STEP][PASSED] - Statement - counter = counter + 1: null

2018-12-14 00:59:24 - [TEST_STEP][PASSED] - Statement - PreSaveFile = new java.io.File(((pathPrefix + java.lang.Integer.toString(counter)) + .png)): null

2018-12-14 00:59:24 - [TEST_STEP][PASSED] - Statement - counter = counter + 1: null

2018-12-14 00:59:24 - [TEST_STEP][PASSED] - Statement - PreSaveFile = new java.io.File(((pathPrefix + java.lang.Integer.toString(counter)) + .png)): null

2018-12-14 00:59:24 - [TEST_STEP][PASSED] - Statement - counter = counter + 1: null

2018-12-14 00:59:24 - [TEST_STEP][PASSED] - Statement - PreSaveFile = new java.io.File(((pathPrefix + java.lang.Integer.toString(counter)) + .png)): null

2018-12-14 00:59:24 - [TEST_STEP][PASSED] - Statement - counter = counter + 1: null

2018-12-14 00:59:24 - [TEST_STEP][PASSED] - Statement - PreSaveFile = new java.io.File(((pathPrefix + java.lang.Integer.toString(counter)) + .png)): null

2018-12-14 00:59:24 - [TEST_STEP][PASSED] - Statement - counter = counter + 1: null

2018-12-14 00:59:24 - [TEST_STEP][PASSED] - Statement - PreSaveFile = new java.io.File(((pathPrefix + java.lang.Integer.toString(counter)) + .png)): null

2018-12-14 00:59:24 - [TEST_STEP][PASSED] - Statement - counter = counter + 1: null

2018-12-14 00:59:24 - [TEST_STEP][PASSED] - Statement - PreSaveFile = new java.io.File(((pathPrefix + java.lang.Integer.toString(counter)) + .png)): null

2018-12-14 00:59:24 - [TEST_STEP][PASSED] - Statement - counter = counter + 1: null

2018-12-14 00:59:24 - [TEST_STEP][PASSED] - Statement - PreSaveFile = new java.io.File(((pathPrefix + java.lang.Integer.toString(counter)) + .png)): null

2018-12-14 00:59:24 - [TEST_STEP][PASSED] - Statement - counter = counter + 1: null

2018-12-14 00:59:24 - [TEST_STEP][PASSED] - Statement - PreSaveFile = new java.io.File(((pathPrefix + java.lang.Integer.toString(counter)) + .png)): null

2018-12-14 00:59:24 - [TEST_STEP][PASSED] - Statement - counter = counter + 1: null

2018-12-14 00:59:24 - [TEST_STEP][PASSED] - Statement - PreSaveFile = new java.io.File(((pathPrefix + java.lang.Integer.toString(counter)) + .png)): null

2018-12-14 00:59:24 - [TEST_STEP][PASSED] - Statement - counter = counter + 1: null

2018-12-14 00:59:24 - [TEST_STEP][PASSED] - Statement - PreSaveFile = new java.io.File(((pathPrefix + java.lang.Integer.toString(counter)) + .png)): null

2018-12-14 00:59:24 - [TEST_STEP][PASSED] - Statement - counter = counter + 1: null

2018-12-14 00:59:24 - [TEST_STEP][PASSED] - Statement - PreSaveFile = new java.io.File(((pathPrefix + java.lang.Integer.toString(counter)) + .png)): null

2018-12-14 00:59:24 - [TEST_STEP][PASSED] - Statement - counter = counter + 1: null

2018-12-14 00:59:24 - [TEST_STEP][PASSED] - Statement - PreSaveFile = new java.io.File(((pathPrefix + java.lang.Integer.toString(counter)) + .png)): null

2018-12-14 00:59:24 - [TEST_STEP][PASSED] - Statement - counter = counter + 1: null

2018-12-14 00:59:24 - [TEST_STEP][PASSED] - Statement - PreSaveFile = new java.io.File(((pathPrefix + java.lang.Integer.toString(counter)) + .png)): null

2018-12-14 00:59:24 - [TEST_STEP][PASSED] - Statement - counter = counter + 1: null

2018-12-14 00:59:24 - [TEST_STEP][PASSED] - Statement - PreSaveFile = new java.io.File(((pathPrefix + java.lang.Integer.toString(counter)) + .png)): null

2018-12-14 00:59:24 - [TEST_STEP][PASSED] - Statement - counter = counter + 1: null

2018-12-14 00:59:24 - [TEST_STEP][PASSED] - Statement - PreSaveFile = new java.io.File(((pathPrefix + java.lang.Integer.toString(counter)) + .png)): null

2018-12-14 00:59:24 - [TEST_STEP][PASSED] - Statement - counter = counter + 1: null

2018-12-14 00:59:24 - [TEST_STEP][PASSED] - Statement - PreSaveFile = new java.io.File(((pathPrefix + java.lang.Integer.toString(counter)) + .png)): null

2018-12-14 00:59:24 - [TEST_STEP][PASSED] - Statement - counter = counter + 1: null

2018-12-14 00:59:24 - [TEST_STEP][PASSED] - Statement - PreSaveFile = new java.io.File(((pathPrefix + java.lang.Integer.toString(counter)) + .png)): null

2018-12-14 00:59:24 - [TEST_STEP][PASSED] - Statement - counter = counter + 1: null

2018-12-14 00:59:24 - [TEST_STEP][PASSED] - Statement - PreSaveFile = new java.io.File(((pathPrefix + java.lang.Integer.toString(counter)) + .png)): null

2018-12-14 00:59:24 - [TEST_STEP][PASSED] - Statement - counter = counter + 1: null

2018-12-14 00:59:24 - [TEST_STEP][PASSED] - Statement - PreSaveFile = new java.io.File(((pathPrefix + java.lang.Integer.toString(counter)) + .png)): null

2018-12-14 00:59:24 - [TEST_STEP][PASSED] - Statement - counter = counter + 1: null

2018-12-14 00:59:24 - [TEST_STEP][PASSED] - Statement - PreSaveFile = new java.io.File(((pathPrefix + java.lang.Integer.toString(counter)) + .png)): null

2018-12-14 00:59:24 - [TEST_STEP][PASSED] - Statement - counter = counter + 1: null

2018-12-14 00:59:24 - [TEST_STEP][PASSED] - Statement - PreSaveFile = new java.io.File(((pathPrefix + java.lang.Integer.toString(counter)) + .png)): null

2018-12-14 00:59:24 - [TEST_STEP][PASSED] - Statement - counter = counter + 1: null

2018-12-14 00:59:24 - [TEST_STEP][PASSED] - Statement - PreSaveFile = new java.io.File(((pathPrefix + java.lang.Integer.toString(counter)) + .png)): null

2018-12-14 00:59:24 - [TEST_STEP][PASSED] - Statement - counter = counter + 1: null

2018-12-14 00:59:24 - [TEST_STEP][PASSED] - Statement - PreSaveFile = new java.io.File(((pathPrefix + java.lang.Integer.toString(counter)) + .png)): null

2018-12-14 00:59:24 - [TEST_STEP][PASSED] - Statement - counter = counter + 1: null

2018-12-14 00:59:24 - [TEST_STEP][PASSED] - Statement - PreSaveFile = new java.io.File(((pathPrefix + java.lang.Integer.toString(counter)) + .png)): null

2018-12-14 00:59:24 - [TEST_STEP][PASSED] - Statement - counter = counter + 1: null

2018-12-14 00:59:24 - [TEST_STEP][PASSED] - Statement - PreSaveFile = new java.io.File(((pathPrefix + java.lang.Integer.toString(counter)) + .png)): null

2018-12-14 00:59:24 - [TEST_STEP][PASSED] - Statement - counter = counter + 1: null

2018-12-14 00:59:24 - [TEST_STEP][PASSED] - Statement - PreSaveFile = new java.io.File(((pathPrefix + java.lang.Integer.toString(counter)) + .png)): null

2018-12-14 00:59:24 - [TEST_STEP][PASSED] - Statement - counter = counter + 1: null

2018-12-14 00:59:24 - [TEST_STEP][PASSED] - Statement - PreSaveFile = new java.io.File(((pathPrefix + java.lang.Integer.toString(counter)) + .png)): null

2018-12-14 00:59:24 - [TEST_STEP][PASSED] - Statement - counter = counter + 1: null

2018-12-14 00:59:24 - [TEST_STEP][PASSED] - Statement - PreSaveFile = new java.io.File(((pathPrefix + java.lang.Integer.toString(counter)) + .png)): null

2018-12-14 00:59:24 - [TEST_STEP][PASSED] - Statement - counter = counter + 1: null

2018-12-14 00:59:24 - [TEST_STEP][PASSED] - Statement - PreSaveFile = new java.io.File(((pathPrefix + java.lang.Integer.toString(counter)) + .png)): null

2018-12-14 00:59:24 - [TEST_STEP][PASSED] - Statement - counter = counter + 1: null

2018-12-14 00:59:24 - [TEST_STEP][PASSED] - Statement - PreSaveFile = new java.io.File(((pathPrefix + java.lang.Integer.toString(counter)) + .png)): null

2018-12-14 00:59:24 - [TEST_STEP][PASSED] - Statement - counter = counter + 1: null

2018-12-14 00:59:24 - [TEST_STEP][PASSED] - Statement - PreSaveFile = new java.io.File(((pathPrefix + java.lang.Integer.toString(counter)) + .png)): null

2018-12-14 00:59:24 - [TEST_STEP][PASSED] - Statement - counter = counter + 1: null

2018-12-14 00:59:24 - [TEST_STEP][PASSED] - Statement - PreSaveFile = new java.io.File(((pathPrefix + java.lang.Integer.toString(counter)) + .png)): null

2018-12-14 00:59:24 - [TEST_STEP][PASSED] - Statement - counter = counter + 1: null

2018-12-14 00:59:24 - [TEST_STEP][PASSED] - Statement - PreSaveFile = new java.io.File(((pathPrefix + java.lang.Integer.toString(counter)) + .png)): null

2018-12-14 00:59:24 - [TEST_STEP][PASSED] - Statement - counter = counter + 1: null

2018-12-14 00:59:24 - [TEST_STEP][PASSED] - Statement - PreSaveFile = new java.io.File(((pathPrefix + java.lang.Integer.toString(counter)) + .png)): null

2018-12-14 00:59:24 - [TEST_STEP][PASSED] - Statement - counter = counter + 1: null

2018-12-14 00:59:24 - [TEST_STEP][PASSED] - Statement - PreSaveFile = new java.io.File(((pathPrefix + java.lang.Integer.toString(counter)) + .png)): null

2018-12-14 00:59:24 - [TEST_STEP][PASSED] - Statement - counter = counter + 1: null

2018-12-14 00:59:24 - [TEST_STEP][PASSED] - Statement - PreSaveFile = new java.io.File(((pathPrefix + java.lang.Integer.toString(counter)) + .png)): null

2018-12-14 00:59:24 - [TEST_STEP][PASSED] - Statement - counter = counter + 1: null

2018-12-14 00:59:24 - [TEST_STEP][PASSED] - Statement - PreSaveFile = new java.io.File(((pathPrefix + java.lang.Integer.toString(counter)) + .png)): null

2018-12-14 00:59:24 - [TEST_STEP][PASSED] - Statement - counter = counter + 1: null

2018-12-14 00:59:24 - [TEST_STEP][PASSED] - Statement - PreSaveFile = new java.io.File(((pathPrefix + java.lang.Integer.toString(counter)) + .png)): null

2018-12-14 00:59:24 - [TEST_STEP][PASSED] - Statement - counter = counter + 1: null

2018-12-14 00:59:24 - [TEST_STEP][PASSED] - Statement - PreSaveFile = new java.io.File(((pathPrefix + java.lang.Integer.toString(counter)) + .png)): null

2018-12-14 00:59:24 - [TEST_STEP][PASSED] - Statement - counter = counter + 1: null

2018-12-14 00:59:24 - [TEST_STEP][PASSED] - Statement - PreSaveFile = new java.io.File(((pathPrefix + java.lang.Integer.toString(counter)) + .png)): null

2018-12-14 00:59:24 - [TEST_STEP][PASSED] - Statement - counter = counter + 1: null

2018-12-14 00:59:24 - [TEST_STEP][PASSED] - Statement - PreSaveFile = new java.io.File(((pathPrefix + java.lang.Integer.toString(counter)) + .png)): null

2018-12-14 00:59:24 - [TEST_STEP][PASSED] - Statement - counter = counter + 1: null

2018-12-14 00:59:24 - [TEST_STEP][PASSED] - Statement - PreSaveFile = new java.io.File(((pathPrefix + java.lang.Integer.toString(counter)) + .png)): null

2018-12-14 00:59:24 - [TEST_STEP][PASSED] - Statement - counter = counter + 1: null

2018-12-14 00:59:24 - [TEST_STEP][PASSED] - Statement - PreSaveFile = new java.io.File(((pathPrefix + java.lang.Integer.toString(counter)) + .png)): null

2018-12-14 00:59:24 - [TEST_STEP][PASSED] - Statement - counter = counter + 1: null

2018-12-14 00:59:24 - [TEST_STEP][PASSED] - Statement - PreSaveFile = new java.io.File(((pathPrefix + java.lang.Integer.toString(counter)) + .png)): null

2018-12-14 00:59:24 - [TEST_STEP][PASSED] - Statement - counter = counter + 1: null

2018-12-14 00:59:24 - [TEST_STEP][PASSED] - Statement - PreSaveFile = new java.io.File(((pathPrefix + java.lang.Integer.toString(counter)) + .png)): null

2018-12-14 00:59:24 - [TEST_STEP][PASSED] - Statement - counter = counter + 1: null

2018-12-14 00:59:24 - [TEST_STEP][PASSED] - Statement - PreSaveFile = new java.io.File(((pathPrefix + java.lang.Integer.toString(counter)) + .png)): null

2018-12-14 00:59:24 - [TEST_STEP][PASSED] - Statement - counter = counter + 1: null

2018-12-14 00:59:24 - [TEST_STEP][PASSED] - Statement - PreSaveFile = new java.io.File(((pathPrefix + java.lang.Integer.toString(counter)) + .png)): null

2018-12-14 00:59:24 - [TEST_STEP][PASSED] - Statement - counter = counter + 1: null

2018-12-14 00:59:24 - [TEST_STEP][PASSED] - Statement - PreSaveFile = new java.io.File(((pathPrefix + java.lang.Integer.toString(counter)) + .png)): null

2018-12-14 00:59:24 - [TEST_STEP][PASSED] - Statement - counter = counter + 1: null

2018-12-14 00:59:24 - [TEST_STEP][PASSED] - Statement - PreSaveFile = new java.io.File(((pathPrefix + java.lang.Integer.toString(counter)) + .png)): null

2018-12-14 00:59:24 - [TEST_STEP][PASSED] - Statement - counter = counter + 1: null

2018-12-14 00:59:24 - [TEST_STEP][PASSED] - Statement - PreSaveFile = new java.io.File(((pathPrefix + java.lang.Integer.toString(counter)) + .png)): null

2018-12-14 00:59:24 - [TEST_STEP][PASSED] - Statement - counter = counter + 1: null

2018-12-14 00:59:24 - [TEST_STEP][PASSED] - Statement - PreSaveFile = new java.io.File(((pathPrefix + java.lang.Integer.toString(counter)) + .png)): null

2018-12-14 00:59:24 - [TEST_STEP][PASSED] - Statement - counter = counter + 1: null

2018-12-14 00:59:24 - [TEST_STEP][PASSED] - Statement - PreSaveFile = new java.io.File(((pathPrefix + java.lang.Integer.toString(counter)) + .png)): null

2018-12-14 00:59:24 - [TEST_STEP][PASSED] - Statement - counter = counter + 1: null

2018-12-14 00:59:24 - [TEST_STEP][PASSED] - Statement - PreSaveFile = new java.io.File(((pathPrefix + java.lang.Integer.toString(counter)) + .png)): null

2018-12-14 00:59:24 - [TEST_STEP][PASSED] - Statement - counter = counter + 1: null

2018-12-14 00:59:24 - [TEST_STEP][PASSED] - Statement - PreSaveFile = new java.io.File(((pathPrefix + java.lang.Integer.toString(counter)) + .png)): null

2018-12-14 00:59:24 - [TEST_STEP][PASSED] - Statement - counter = counter + 1: null

2018-12-14 00:59:24 - [TEST_STEP][PASSED] - Statement - PreSaveFile = new java.io.File(((pathPrefix + java.lang.Integer.toString(counter)) + .png)): null

2018-12-14 00:59:24 - [TEST_STEP][PASSED] - Statement - counter = counter + 1: null

2018-12-14 00:59:24 - [TEST_STEP][PASSED] - Statement - PreSaveFile = new java.io.File(((pathPrefix + java.lang.Integer.toString(counter)) + .png)): null

2018-12-14 00:59:24 - [TEST_STEP][PASSED] - Statement - counter = counter + 1: null

2018-12-14 00:59:24 - [TEST_STEP][PASSED] - Statement - PreSaveFile = new java.io.File(((pathPrefix + java.lang.Integer.toString(counter)) + .png)): null

2018-12-14 00:59:24 - [TEST_STEP][PASSED] - Statement - counter = counter + 1: null

2018-12-14 00:59:24 - [TEST_STEP][PASSED] - Statement - PreSaveFile = new java.io.File(((pathPrefix + java.lang.Integer.toString(counter)) + .png)): null

2018-12-14 00:59:24 - [TEST_STEP][PASSED] - Statement - counter = counter + 1: null

2018-12-14 00:59:24 - [TEST_STEP][PASSED] - Statement - PreSaveFile = new java.io.File(((pathPrefix + java.lang.Integer.toString(counter)) + .png)): null

2018-12-14 00:59:24 - [TEST_STEP][PASSED] - Statement - counter = counter + 1: null

2018-12-14 00:59:24 - [TEST_STEP][PASSED] - Statement - PreSaveFile = new java.io.File(((pathPrefix + java.lang.Integer.toString(counter)) + .png)): null

2018-12-14 00:59:24 - [TEST_STEP][PASSED] - Statement - counter = counter + 1: null

2018-12-14 00:59:24 - [TEST_STEP][PASSED] - Statement - PreSaveFile = new java.io.File(((pathPrefix + java.lang.Integer.toString(counter)) + .png)): null

2018-12-14 00:59:24 - [TEST_STEP][PASSED] - Statement - counter = counter + 1: null

2018-12-14 00:59:24 - [TEST_STEP][PASSED] - Statement - PreSaveFile = new java.io.File(((pathPrefix + java.lang.Integer.toString(counter)) + .png)): null

2018-12-14 00:59:24 - [TEST_STEP][PASSED] - Statement - counter = counter + 1: null

2018-12-14 00:59:24 - [TEST_STEP][PASSED] - Statement - PreSaveFile = new java.io.File(((pathPrefix + java.lang.Integer.toString(counter)) + .png)): null

2018-12-14 00:59:24 - [TEST_STEP][PASSED] - Statement - counter = counter + 1: null

2018-12-14 00:59:24 - [TEST_STEP][PASSED] - Statement - PreSaveFile = new java.io.File(((pathPrefix + java.lang.Integer.toString(counter)) + .png)): null

2018-12-14 00:59:24 - [TEST_STEP][PASSED] - Statement - counter = counter + 1: null

2018-12-14 00:59:24 - [TEST_STEP][PASSED] - Statement - PreSaveFile = new java.io.File(((pathPrefix + java.lang.Integer.toString(counter)) + .png)): null

2018-12-14 00:59:24 - [TEST_STEP][PASSED] - Statement - counter = counter + 1: null

2018-12-14 00:59:24 - [TEST_STEP][PASSED] - Statement - PreSaveFile = new java.io.File(((pathPrefix + java.lang.Integer.toString(counter)) + .png)): null

2018-12-14 00:59:24 - [TEST_STEP][PASSED] - Statement - counter = counter + 1: null

2018-12-14 00:59:24 - [TEST_STEP][PASSED] - Statement - PreSaveFile = new java.io.File(((pathPrefix + java.lang.Integer.toString(counter)) + .png)): null

2018-12-14 00:59:24 - [TEST_STEP][PASSED] - Statement - counter = counter + 1: null

2018-12-14 00:59:24 - [TEST_STEP][PASSED] - Statement - PreSaveFile = new java.io.File(((pathPrefix + java.lang.Integer.toString(counter)) + .png)): null

2018-12-14 00:59:24 - [TEST_STEP][PASSED] - Statement - counter = counter + 1: null

2018-12-14 00:59:24 - [TEST_STEP][PASSED] - Statement - PreSaveFile = new java.io.File(((pathPrefix + java.lang.Integer.toString(counter)) + .png)): null

2018-12-14 00:59:24 - [TEST_STEP][PASSED] - Statement - counter = counter + 1: null

2018-12-14 00:59:25 - [TEST_STEP][PASSED] - Statement - PreSaveFile = new java.io.File(((pathPrefix + java.lang.Integer.toString(counter)) + .png)): null

2018-12-14 00:59:25 - [TEST_STEP][PASSED] - Statement - counter = counter + 1: null

2018-12-14 00:59:25 - [TEST_STEP][PASSED] - Statement - PreSaveFile = new java.io.File(((pathPrefix + java.lang.Integer.toString(counter)) + .png)): null

2018-12-14 00:59:25 - [TEST_STEP][PASSED] - Statement - counter = counter + 1: null

2018-12-14 00:59:25 - [TEST_STEP][PASSED] - Statement - PreSaveFile = new java.io.File(((pathPrefix + java.lang.Integer.toString(counter)) + .png)): null

2018-12-14 00:59:25 - [TEST_STEP][PASSED] - Statement - counter = counter + 1: null

2018-12-14 00:59:25 - [TEST_STEP][PASSED] - Statement - PreSaveFile = new java.io.File(((pathPrefix + java.lang.Integer.toString(counter)) + .png)): null

2018-12-14 00:59:25 - [TEST_STEP][PASSED] - Statement - counter = counter + 1: null

2018-12-14 00:59:25 - [TEST_STEP][PASSED] - Statement - PreSaveFile = new java.io.File(((pathPrefix + java.lang.Integer.toString(counter)) + .png)): null

2018-12-14 00:59:25 - [TEST_STEP][PASSED] - Statement - counter = counter + 1: null

2018-12-14 00:59:25 - [TEST_STEP][PASSED] - Statement - PreSaveFile = new java.io.File(((pathPrefix + java.lang.Integer.toString(counter)) + .png)): null

2018-12-14 00:59:25 - [TEST_STEP][PASSED] - Statement - counter = counter + 1: null

2018-12-14 00:59:25 - [TEST_STEP][PASSED] - Statement - PreSaveFile = new java.io.File(((pathPrefix + java.lang.Integer.toString(counter)) + .png)): null

2018-12-14 00:59:25 - [TEST_STEP][PASSED] - Statement - counter = counter + 1: null

2018-12-14 00:59:25 - [TEST_STEP][PASSED] - Statement - PreSaveFile = new java.io.File(((pathPrefix + java.lang.Integer.toString(counter)) + .png)): null

2018-12-14 00:59:25 - [TEST_STEP][PASSED] - Statement - counter = counter + 1: null

2018-12-14 00:59:25 - [TEST_STEP][PASSED] - Statement - PreSaveFile = new java.io.File(((pathPrefix + java.lang.Integer.toString(counter)) + .png)): null

2018-12-14 00:59:25 - [TEST_STEP][PASSED] - Statement - counter = counter + 1: null

2018-12-14 00:59:25 - [TEST_STEP][PASSED] - Statement - PreSaveFile = new java.io.File(((pathPrefix + java.lang.Integer.toString(counter)) + .png)): null

2018-12-14 00:59:25 - [TEST_STEP][PASSED] - Statement - counter = counter + 1: null

2018-12-14 00:59:25 - [TEST_STEP][PASSED] - Statement - PreSaveFile = new java.io.File(((pathPrefix + java.lang.Integer.toString(counter)) + .png)): null

2018-12-14 00:59:25 - [TEST_STEP][PASSED] - Statement - counter = counter + 1: null

2018-12-14 00:59:25 - [TEST_STEP][PASSED] - Statement - PreSaveFile = new java.io.File(((pathPrefix + java.lang.Integer.toString(counter)) + .png)): null

2018-12-14 00:59:25 - [TEST_STEP][PASSED] - Statement - counter = counter + 1: null

2018-12-14 00:59:25 - [TEST_STEP][PASSED] - Statement - PreSaveFile = new java.io.File(((pathPrefix + java.lang.Integer.toString(counter)) + .png)): null

2018-12-14 00:59:25 - [TEST_STEP][PASSED] - Statement - counter = counter + 1: null

2018-12-14 00:59:25 - [TEST_STEP][PASSED] - Statement - PreSaveFile = new java.io.File(((pathPrefix + java.lang.Integer.toString(counter)) + .png)): null

2018-12-14 00:59:25 - [TEST_STEP][PASSED] - Statement - counter = counter + 1: null

2018-12-14 00:59:25 - [TEST_STEP][PASSED] - Statement - PreSaveFile = new java.io.File(((pathPrefix + java.lang.Integer.toString(counter)) + .png)): null

2018-12-14 00:59:25 - [TEST_STEP][PASSED] - Statement - counter = counter + 1: null

2018-12-14 00:59:25 - [TEST_STEP][PASSED] - Statement - PreSaveFile = new java.io.File(((pathPrefix + java.lang.Integer.toString(counter)) + .png)): null

2018-12-14 00:59:25 - [TEST_STEP][PASSED] - Statement - counter = counter + 1: null

2018-12-14 00:59:25 - [TEST_STEP][PASSED] - Statement - PreSaveFile = new java.io.File(((pathPrefix + java.lang.Integer.toString(counter)) + .png)): null

2018-12-14 00:59:25 - [TEST_STEP][PASSED] - Statement - counter = counter + 1: null

2018-12-14 00:59:25 - [TEST_STEP][PASSED] - Statement - PreSaveFile = new java.io.File(((pathPrefix + java.lang.Integer.toString(counter)) + .png)): null

2018-12-14 00:59:25 - [TEST_STEP][PASSED] - Statement - counter = counter + 1: null

2018-12-14 00:59:25 - [TEST_STEP][PASSED] - Statement - PreSaveFile = new java.io.File(((pathPrefix + java.lang.Integer.toString(counter)) + .png)): null

2018-12-14 00:59:25 - [TEST_STEP][PASSED] - Statement - counter = counter + 1: null

2018-12-14 00:59:25 - [TEST_STEP][PASSED] - Statement - PreSaveFile = new java.io.File(((pathPrefix + java.lang.Integer.toString(counter)) + .png)): null

2018-12-14 00:59:25 - [TEST_STEP][PASSED] - Statement - counter = counter + 1: null

2018-12-14 00:59:25 - [TEST_STEP][PASSED] - Statement - PreSaveFile = new java.io.File(((pathPrefix + java.lang.Integer.toString(counter)) + .png)): null

2018-12-14 00:59:25 - [TEST_STEP][PASSED] - Statement - counter = counter + 1: null

2018-12-14 00:59:25 - [TEST_STEP][PASSED] - Statement - PreSaveFile = new java.io.File(((pathPrefix + java.lang.Integer.toString(counter)) + .png)): null

2018-12-14 00:59:25 - [TEST_STEP][PASSED] - Statement - counter = counter + 1: null

2018-12-14 00:59:25 - [TEST_STEP][PASSED] - Statement - PreSaveFile = new java.io.File(((pathPrefix + java.lang.Integer.toString(counter)) + .png)): null

2018-12-14 00:59:25 - [TEST_STEP][PASSED] - Statement - counter = counter + 1: null

2018-12-14 00:59:25 - [TEST_STEP][PASSED] - Statement - PreSaveFile = new java.io.File(((pathPrefix + java.lang.Integer.toString(counter)) + .png)): null

2018-12-14 00:59:25 - [TEST_STEP][PASSED] - Statement - counter = counter + 1: null

2018-12-14 00:59:25 - [TEST_STEP][PASSED] - Statement - PreSaveFile = new java.io.File(((pathPrefix + java.lang.Integer.toString(counter)) + .png)): null

2018-12-14 00:59:25 - [TEST_STEP][PASSED] - Statement - counter = counter + 1: null

2018-12-14 00:59:25 - [TEST_STEP][PASSED] - Statement - PreSaveFile = new java.io.File(((pathPrefix + java.lang.Integer.toString(counter)) + .png)): null

2018-12-14 00:59:25 - [TEST_STEP][PASSED] - Statement - counter = counter + 1: null

2018-12-14 00:59:25 - [TEST_STEP][PASSED] - Statement - PreSaveFile = new java.io.File(((pathPrefix + java.lang.Integer.toString(counter)) + .png)): null

2018-12-14 00:59:25 - [TEST_STEP][PASSED] - Statement - counter = counter + 1: null

2018-12-14 00:59:25 - [TEST_STEP][PASSED] - Statement - PreSaveFile = new java.io.File(((pathPrefix + java.lang.Integer.toString(counter)) + .png)): null

2018-12-14 00:59:25 - [TEST_STEP][PASSED] - Statement - counter = counter + 1: null

2018-12-14 00:59:25 - [TEST_STEP][PASSED] - Statement - PreSaveFile = new java.io.File(((pathPrefix + java.lang.Integer.toString(counter)) + .png)): null

2018-12-14 00:59:25 - [TEST_STEP][PASSED] - Statement - counter = counter + 1: null

2018-12-14 00:59:25 - [TEST_STEP][PASSED] - Statement - PreSaveFile = new java.io.File(((pathPrefix + java.lang.Integer.toString(counter)) + .png)): null

2018-12-14 00:59:25 - [TEST_STEP][PASSED] - Statement - counter = counter + 1: null

2018-12-14 00:59:25 - [TEST_STEP][PASSED] - Statement - PreSaveFile = new java.io.File(((pathPrefix + java.lang.Integer.toString(counter)) + .png)): null

2018-12-14 00:59:25 - [TEST_STEP][PASSED] - Statement - counter = counter + 1: null

2018-12-14 00:59:25 - [TEST_STEP][PASSED] - Statement - PreSaveFile = new java.io.File(((pathPrefix + java.lang.Integer.toString(counter)) + .png)): null

2018-12-14 00:59:25 - [TEST_STEP][PASSED] - Statement - counter = counter + 1: null

2018-12-14 00:59:25 - [TEST_STEP][PASSED] - Statement - PreSaveFile = new java.io.File(((pathPrefix + java.lang.Integer.toString(counter)) + .png)): null

2018-12-14 00:59:25 - [TEST_STEP][PASSED] - Statement - counter = counter + 1: null

2018-12-14 00:59:25 - [TEST_STEP][PASSED] - Statement - PreSaveFile = new java.io.File(((pathPrefix + java.lang.Integer.toString(counter)) + .png)): null

2018-12-14 00:59:25 - [TEST_STEP][PASSED] - Statement - counter = counter + 1: null

2018-12-14 00:59:25 - [TEST_STEP][PASSED] - Statement - PreSaveFile = new java.io.File(((pathPrefix + java.lang.Integer.toString(counter)) + .png)): null

2018-12-14 00:59:25 - [TEST_STEP][PASSED] - Statement - counter = counter + 1: null

2018-12-14 00:59:25 - [TEST_STEP][PASSED] - Statement - PreSaveFile = new java.io.File(((pathPrefix + java.lang.Integer.toString(counter)) + .png)): null

2018-12-14 00:59:25 - [TEST_STEP][PASSED] - Statement - counter = counter + 1: null

2018-12-14 00:59:25 - [TEST_STEP][PASSED] - Statement - PreSaveFile = new java.io.File(((pathPrefix + java.lang.Integer.toString(counter)) + .png)): null

2018-12-14 00:59:25 - [TEST_STEP][PASSED] - Statement - counter = counter + 1: null

2018-12-14 00:59:25 - [TEST_STEP][PASSED] - Statement - PreSaveFile = new java.io.File(((pathPrefix + java.lang.Integer.toString(counter)) + .png)): null

2018-12-14 00:59:25 - [TEST_STEP][PASSED] - Statement - counter = counter + 1: null

2018-12-14 00:59:25 - [TEST_STEP][PASSED] - Statement - PreSaveFile = new java.io.File(((pathPrefix + java.lang.Integer.toString(counter)) + .png)): null

2018-12-14 00:59:25 - [TEST_STEP][PASSED] - Statement - counter = counter + 1: null

2018-12-14 00:59:25 - [TEST_STEP][PASSED] - Statement - PreSaveFile = new java.io.File(((pathPrefix + java.lang.Integer.toString(counter)) + .png)): null

2018-12-14 00:59:25 - [TEST_STEP][PASSED] - Statement - counter = counter + 1: null

2018-12-14 00:59:25 - [TEST_STEP][PASSED] - Statement - PreSaveFile = new java.io.File(((pathPrefix + java.lang.Integer.toString(counter)) + .png)): null

2018-12-14 00:59:25 - [TEST_STEP][PASSED] - Statement - counter = counter + 1: null

2018-12-14 00:59:25 - [TEST_STEP][PASSED] - Statement - PreSaveFile = new java.io.File(((pathPrefix + java.lang.Integer.toString(counter)) + .png)): null

2018-12-14 00:59:25 - [TEST_STEP][PASSED] - Statement - counter = counter + 1: null

2018-12-14 00:59:25 - [TEST_STEP][PASSED] - Statement - PreSaveFile = new java.io.File(((pathPrefix + java.lang.Integer.toString(counter)) + .png)): null

2018-12-14 00:59:25 - [TEST_STEP][PASSED] - Statement - counter = counter + 1: null

2018-12-14 00:59:25 - [TEST_STEP][PASSED] - Statement - PreSaveFile = new java.io.File(((pathPrefix + java.lang.Integer.toString(counter)) + .png)): null

2018-12-14 00:59:25 - [TEST_STEP][PASSED] - Statement - counter = counter + 1: null

2018-12-14 00:59:25 - [TEST_STEP][PASSED] - Statement - PreSaveFile = new java.io.File(((pathPrefix + java.lang.Integer.toString(counter)) + .png)): null

2018-12-14 00:59:25 - [TEST_STEP][PASSED] - Statement - counter = counter + 1: null

2018-12-14 00:59:25 - [TEST_STEP][PASSED] - Statement - PreSaveFile = new java.io.File(((pathPrefix + java.lang.Integer.toString(counter)) + .png)): null

2018-12-14 00:59:25 - [TEST_STEP][PASSED] - Statement - counter = counter + 1: null

2018-12-14 00:59:25 - [TEST_STEP][PASSED] - Statement - PreSaveFile = new java.io.File(((pathPrefix + java.lang.Integer.toString(counter)) + .png)): null

2018-12-14 00:59:25 - [TEST_STEP][PASSED] - Statement - counter = counter + 1: null

2018-12-14 00:59:25 - [TEST_STEP][PASSED] - Statement - PreSaveFile = new java.io.File(((pathPrefix + java.lang.Integer.toString(counter)) + .png)): null

2018-12-14 00:59:25 - [TEST_STEP][PASSED] - Statement - counter = counter + 1: null

2018-12-14 00:59:25 - [TEST_STEP][PASSED] - Statement - PreSaveFile = new java.io.File(((pathPrefix + java.lang.Integer.toString(counter)) + .png)): null

2018-12-14 00:59:25 - [TEST_STEP][PASSED] - Statement - counter = counter + 1: null

2018-12-14 00:59:25 - [TEST_STEP][PASSED] - Statement - PreSaveFile = new java.io.File(((pathPrefix + java.lang.Integer.toString(counter)) + .png)): null

2018-12-14 00:59:25 - [TEST_STEP][PASSED] - Statement - counter = counter + 1: null

2018-12-14 00:59:25 - [TEST_STEP][PASSED] - Statement - PreSaveFile = new java.io.File(((pathPrefix + java.lang.Integer.toString(counter)) + .png)): null

2018-12-14 00:59:25 - [TEST_STEP][PASSED] - Statement - counter = counter + 1: null

2018-12-14 00:59:25 - [TEST_STEP][PASSED] - Statement - PreSaveFile = new java.io.File(((pathPrefix + java.lang.Integer.toString(counter)) + .png)): null

2018-12-14 00:59:25 - [TEST_STEP][PASSED] - Statement - counter = counter + 1: null

2018-12-14 00:59:25 - [TEST_STEP][PASSED] - Statement - PreSaveFile = new java.io.File(((pathPrefix + java.lang.Integer.toString(counter)) + .png)): null

2018-12-14 00:59:25 - [TEST_STEP][PASSED] - Statement - counter = counter + 1: null

2018-12-14 00:59:25 - [TEST_STEP][PASSED] - Statement - PreSaveFile = new java.io.File(((pathPrefix + java.lang.Integer.toString(counter)) + .png)): null

2018-12-14 00:59:25 - [TEST_STEP][PASSED] - Statement - counter = counter + 1: null

2018-12-14 00:59:25 - [TEST_STEP][PASSED] - Statement - PreSaveFile = new java.io.File(((pathPrefix + java.lang.Integer.toString(counter)) + .png)): null

2018-12-14 00:59:25 - [TEST_STEP][PASSED] - Statement - counter = counter + 1: null

2018-12-14 00:59:25 - [TEST_STEP][PASSED] - Statement - PreSaveFile = new java.io.File(((pathPrefix + java.lang.Integer.toString(counter)) + .png)): null

2018-12-14 00:59:25 - [TEST_STEP][PASSED] - Statement - counter = counter + 1: null

2018-12-14 00:59:25 - [TEST_STEP][PASSED] - Statement - PreSaveFile = new java.io.File(((pathPrefix + java.lang.Integer.toString(counter)) + .png)): null

2018-12-14 00:59:25 - [TEST_STEP][PASSED] - Statement - counter = counter + 1: null

2018-12-14 00:59:25 - [TEST_STEP][PASSED] - Statement - PreSaveFile = new java.io.File(((pathPrefix + java.lang.Integer.toString(counter)) + .png)): null

2018-12-14 00:59:25 - [TEST_STEP][PASSED] - Statement - counter = counter + 1: null

2018-12-14 00:59:25 - [TEST_STEP][PASSED] - Statement - PreSaveFile = new java.io.File(((pathPrefix + java.lang.Integer.toString(counter)) + .png)): null

2018-12-14 00:59:25 - [TEST_STEP][PASSED] - Statement - counter = counter + 1: null

2018-12-14 00:59:25 - [TEST_STEP][PASSED] - Statement - PreSaveFile = new java.io.File(((pathPrefix + java.lang.Integer.toString(counter)) + .png)): null

2018-12-14 00:59:25 - [TEST_STEP][PASSED] - Statement - counter = counter + 1: null

2018-12-14 00:59:25 - [TEST_STEP][PASSED] - Statement - PreSaveFile = new java.io.File(((pathPrefix + java.lang.Integer.toString(counter)) + .png)): null

2018-12-14 00:59:25 - [TEST_STEP][PASSED] - Statement - counter = counter + 1: null

2018-12-14 00:59:25 - [TEST_STEP][PASSED] - Statement - PreSaveFile = new java.io.File(((pathPrefix + java.lang.Integer.toString(counter)) + .png)): null

2018-12-14 00:59:25 - [TEST_STEP][PASSED] - Statement - counter = counter + 1: null

2018-12-14 00:59:25 - [TEST_STEP][PASSED] - Statement - PreSaveFile = new java.io.File(((pathPrefix + java.lang.Integer.toString(counter)) + .png)): null

2018-12-14 00:59:25 - [TEST_STEP][PASSED] - Statement - counter = counter + 1: null

2018-12-14 00:59:25 - [TEST_STEP][PASSED] - Statement - PreSaveFile = new java.io.File(((pathPrefix + java.lang.Integer.toString(counter)) + .png)): null

2018-12-14 00:59:25 - [TEST_STEP][PASSED] - Statement - counter = counter + 1: null

2018-12-14 00:59:25 - [TEST_STEP][PASSED] - Statement - PreSaveFile = new java.io.File(((pathPrefix + java.lang.Integer.toString(counter)) + .png)): null

2018-12-14 00:59:25 - [TEST_STEP][PASSED] - Statement - counter = counter + 1: null

2018-12-14 00:59:25 - [TEST_STEP][PASSED] - Statement - PreSaveFile = new java.io.File(((pathPrefix + java.lang.Integer.toString(counter)) + .png)): null

2018-12-14 00:59:25 - [TEST_STEP][PASSED] - Statement - counter = counter + 1: null

2018-12-14 00:59:25 - [TEST_STEP][PASSED] - Statement - PreSaveFile = new java.io.File(((pathPrefix + java.lang.Integer.toString(counter)) + .png)): null

2018-12-14 00:59:25 - [TEST_STEP][PASSED] - Statement - counter = counter + 1: null

2018-12-14 00:59:25 - [TEST_STEP][PASSED] - Statement - PreSaveFile = new java.io.File(((pathPrefix + java.lang.Integer.toString(counter)) + .png)): null

2018-12-14 00:59:25 - [TEST_STEP][PASSED] - Statement - counter = counter + 1: null

2018-12-14 00:59:25 - [TEST_STEP][PASSED] - Statement - PreSaveFile = new java.io.File(((pathPrefix + java.lang.Integer.toString(counter)) + .png)): null

2018-12-14 00:59:25 - [TEST_STEP][PASSED] - Statement - counter = counter + 1: null

2018-12-14 00:59:25 - [TEST_STEP][PASSED] - Statement - PreSaveFile = new java.io.File(((pathPrefix + java.lang.Integer.toString(counter)) + .png)): null

2018-12-14 00:59:25 - [TEST_STEP][PASSED] - Statement - counter = counter + 1: null

2018-12-14 00:59:25 - [TEST_STEP][PASSED] - Statement - PreSaveFile = new java.io.File(((pathPrefix + java.lang.Integer.toString(counter)) + .png)): null

2018-12-14 00:59:25 - [TEST_STEP][PASSED] - Statement - counter = counter + 1: null

2018-12-14 00:59:25 - [TEST_STEP][PASSED] - Statement - PreSaveFile = new java.io.File(((pathPrefix + java.lang.Integer.toString(counter)) + .png)): null

2018-12-14 00:59:25 - [TEST_STEP][PASSED] - Statement - counter = counter + 1: null

2018-12-14 00:59:25 - [TEST_STEP][PASSED] - Statement - PreSaveFile = new java.io.File(((pathPrefix + java.lang.Integer.toString(counter)) + .png)): null

2018-12-14 00:59:25 - [TEST_STEP][PASSED] - Statement - counter = counter + 1: null

2018-12-14 00:59:25 - [TEST_STEP][PASSED] - Statement - PreSaveFile = new java.io.File(((pathPrefix + java.lang.Integer.toString(counter)) + .png)): null

2018-12-14 00:59:25 - [TEST_STEP][PASSED] - Statement - counter = counter + 1: null

2018-12-14 00:59:25 - [TEST_STEP][PASSED] - Statement - PreSaveFile = new java.io.File(((pathPrefix + java.lang.Integer.toString(counter)) + .png)): null

2018-12-14 00:59:25 - [TEST_STEP][PASSED] - Statement - counter = counter + 1: null

2018-12-14 00:59:25 - [TEST_STEP][PASSED] - Statement - PreSaveFile = new java.io.File(((pathPrefix + java.lang.Integer.toString(counter)) + .png)): null

2018-12-14 00:59:25 - [TEST_STEP][PASSED] - Statement - counter = counter + 1: null

2018-12-14 00:59:25 - [TEST_STEP][PASSED] - Statement - PreSaveFile = new java.io.File(((pathPrefix + java.lang.Integer.toString(counter)) + .png)): null

2018-12-14 00:59:25 - [TEST_STEP][PASSED] - Statement - counter = counter + 1: null

2018-12-14 00:59:25 - [TEST_STEP][PASSED] - Statement - PreSaveFile = new java.io.File(((pathPrefix + java.lang.Integer.toString(counter)) + .png)): null

2018-12-14 00:59:25 - [TEST_STEP][PASSED] - Statement - counter = counter + 1: null

2018-12-14 00:59:25 - [TEST_STEP][PASSED] - Statement - PreSaveFile = new java.io.File(((pathPrefix + java.lang.Integer.toString(counter)) + .png)): null

2018-12-14 00:59:25 - [TEST_STEP][PASSED] - Statement - counter = counter + 1: null

2018-12-14 00:59:25 - [TEST_STEP][PASSED] - Statement - PreSaveFile = new java.io.File(((pathPrefix + java.lang.Integer.toString(counter)) + .png)): null

2018-12-14 00:59:25 - [TEST_STEP][PASSED] - Statement - counter = counter + 1: null

2018-12-14 00:59:25 - [TEST_STEP][PASSED] - Statement - PreSaveFile = new java.io.File(((pathPrefix + java.lang.Integer.toString(counter)) + .png)): null

2018-12-14 00:59:25 - [TEST_STEP][PASSED] - Statement - counter = counter + 1: null

2018-12-14 00:59:25 - [TEST_STEP][PASSED] - Statement - PreSaveFile = new java.io.File(((pathPrefix + java.lang.Integer.toString(counter)) + .png)): null

2018-12-14 00:59:25 - [TEST_STEP][PASSED] - Statement - counter = counter + 1: null

2018-12-14 00:59:25 - [TEST_STEP][PASSED] - Statement - PreSaveFile = new java.io.File(((pathPrefix + java.lang.Integer.toString(counter)) + .png)): null

2018-12-14 00:59:25 - [TEST_STEP][PASSED] - Statement - counter = counter + 1: null

2018-12-14 00:59:25 - [TEST_STEP][PASSED] - Statement - PreSaveFile = new java.io.File(((pathPrefix + java.lang.Integer.toString(counter)) + .png)): null

2018-12-14 00:59:25 - [TEST_STEP][PASSED] - Statement - counter = counter + 1: null

2018-12-14 00:59:25 - [TEST_STEP][PASSED] - Statement - PreSaveFile = new java.io.File(((pathPrefix + java.lang.Integer.toString(counter)) + .png)): null

2018-12-14 00:59:25 - [TEST_STEP][PASSED] - Statement - counter = counter + 1: null

2018-12-14 00:59:25 - [TEST_STEP][PASSED] - Statement - PreSaveFile = new java.io.File(((pathPrefix + java.lang.Integer.toString(counter)) + .png)): null

2018-12-14 00:59:25 - [TEST_STEP][PASSED] - Statement - counter = counter + 1: null

2018-12-14 00:59:25 - [TEST_STEP][PASSED] - Statement - PreSaveFile = new java.io.File(((pathPrefix + java.lang.Integer.toString(counter)) + .png)): null

2018-12-14 00:59:25 - [TEST_STEP][PASSED] - Statement - counter = counter + 1: null

2018-12-14 00:59:25 - [TEST_STEP][PASSED] - Statement - PreSaveFile = new java.io.File(((pathPrefix + java.lang.Integer.toString(counter)) + .png)): null

2018-12-14 00:59:25 - [TEST_STEP][PASSED] - Statement - counter = counter + 1: null

2018-12-14 00:59:25 - [TEST_STEP][PASSED] - Statement - PreSaveFile = new java.io.File(((pathPrefix + java.lang.Integer.toString(counter)) + .png)): null

2018-12-14 00:59:25 - [TEST_STEP][PASSED] - Statement - counter = counter + 1: null

2018-12-14 00:59:25 - [TEST_STEP][PASSED] - Statement - PreSaveFile = new java.io.File(((pathPrefix + java.lang.Integer.toString(counter)) + .png)): null

2018-12-14 00:59:25 - [TEST_STEP][PASSED] - Statement - counter = counter + 1: null

2018-12-14 00:59:25 - [TEST_STEP][PASSED] - Statement - PreSaveFile = new java.io.File(((pathPrefix + java.lang.Integer.toString(counter)) + .png)): null

2018-12-14 00:59:25 - [TEST_STEP][PASSED] - Statement - counter = counter + 1: null

2018-12-14 00:59:25 - [TEST_STEP][PASSED] - Statement - PreSaveFile = new java.io.File(((pathPrefix + java.lang.Integer.toString(counter)) + .png)): null

2018-12-14 00:59:25 - [TEST_STEP][PASSED] - Statement - counter = counter + 1: null

2018-12-14 00:59:25 - [TEST_STEP][PASSED] - Statement - PreSaveFile = new java.io.File(((pathPrefix + java.lang.Integer.toString(counter)) + .png)): null

2018-12-14 00:59:25 - [TEST_STEP][PASSED] - Statement - counter = counter + 1: null

2018-12-14 00:59:25 - [TEST_STEP][PASSED] - Statement - PreSaveFile = new java.io.File(((pathPrefix + java.lang.Integer.toString(counter)) + .png)): null

2018-12-14 00:59:25 - [TEST_STEP][PASSED] - Statement - counter = counter + 1: null

2018-12-14 00:59:25 - [TEST_STEP][PASSED] - Statement - PreSaveFile = new java.io.File(((pathPrefix + java.lang.Integer.toString(counter)) + .png)): null

2018-12-14 00:59:25 - [TEST_STEP][PASSED] - Statement - counter = counter + 1: null

2018-12-14 00:59:25 - [TEST_STEP][PASSED] - Statement - PreSaveFile = new java.io.File(((pathPrefix + java.lang.Integer.toString(counter)) + .png)): null

2018-12-14 00:59:25 - [TEST_STEP][PASSED] - Statement - counter = counter + 1: null

2018-12-14 00:59:25 - [TEST_STEP][PASSED] - Statement - PreSaveFile = new java.io.File(((pathPrefix + java.lang.Integer.toString(counter)) + .png)): null

2018-12-14 00:59:25 - [TEST_STEP][PASSED] - Statement - counter = counter + 1: null

2018-12-14 00:59:25 - [TEST_STEP][PASSED] - Statement - PreSaveFile = new java.io.File(((pathPrefix + java.lang.Integer.toString(counter)) + .png)): null

2018-12-14 00:59:25 - [TEST_STEP][PASSED] - Statement - counter = counter + 1: null

2018-12-14 00:59:25 - [TEST_STEP][PASSED] - Statement - PreSaveFile = new java.io.File(((pathPrefix + java.lang.Integer.toString(counter)) + .png)): null

2018-12-14 00:59:25 - [TEST_STEP][PASSED] - Statement - counter = counter + 1: null

2018-12-14 00:59:25 - [TEST_STEP][PASSED] - Statement - PreSaveFile = new java.io.File(((pathPrefix + java.lang.Integer.toString(counter)) + .png)): null

2018-12-14 00:59:25 - [TEST_STEP][PASSED] - Statement - counter = counter + 1: null

2018-12-14 00:59:25 - [TEST_STEP][PASSED] - Statement - PreSaveFile = new java.io.File(((pathPrefix + java.lang.Integer.toString(counter)) + .png)): null

2018-12-14 00:59:25 - [TEST_STEP][PASSED] - Statement - counter = counter + 1: null

2018-12-14 00:59:25 - [TEST_STEP][PASSED] - Statement - PreSaveFile = new java.io.File(((pathPrefix + java.lang.Integer.toString(counter)) + .png)): null

2018-12-14 00:59:25 - [TEST_STEP][PASSED] - Statement - counter = counter + 1: null

2018-12-14 00:59:25 - [TEST_STEP][PASSED] - Statement - PreSaveFile = new java.io.File(((pathPrefix + java.lang.Integer.toString(counter)) + .png)): null

2018-12-14 00:59:25 - [TEST_STEP][PASSED] - Statement - counter = counter + 1: null

2018-12-14 00:59:25 - [TEST_STEP][PASSED] - Statement - PreSaveFile = new java.io.File(((pathPrefix + java.lang.Integer.toString(counter)) + .png)): null

2018-12-14 00:59:25 - [TEST_STEP][PASSED] - Statement - counter = counter + 1: null

2018-12-14 00:59:25 - [TEST_STEP][PASSED] - Statement - PreSaveFile = new java.io.File(((pathPrefix + java.lang.Integer.toString(counter)) + .png)): null

2018-12-14 00:59:25 - [TEST_STEP][PASSED] - Statement - counter = counter + 1: null

2018-12-14 00:59:25 - [TEST_STEP][PASSED] - Statement - PreSaveFile = new java.io.File(((pathPrefix + java.lang.Integer.toString(counter)) + .png)): null

2018-12-14 00:59:25 - [TEST_STEP][PASSED] - Statement - counter = counter + 1: null

2018-12-14 00:59:25 - [TEST_STEP][PASSED] - Statement - PreSaveFile = new java.io.File(((pathPrefix + java.lang.Integer.toString(counter)) + .png)): null

2018-12-14 00:59:25 - [TEST_STEP][PASSED] - Statement - counter = counter + 1: null

2018-12-14 00:59:25 - [TEST_STEP][PASSED] - Statement - PreSaveFile = new java.io.File(((pathPrefix + java.lang.Integer.toString(counter)) + .png)): null

2018-12-14 00:59:25 - [TEST_STEP][PASSED] - Statement - counter = counter + 1: null

2018-12-14 00:59:25 - [TEST_STEP][PASSED] - Statement - PreSaveFile = new java.io.File(((pathPrefix + java.lang.Integer.toString(counter)) + .png)): null

2018-12-14 00:59:25 - [TEST_STEP][PASSED] - Statement - counter = counter + 1: null

2018-12-14 00:59:25 - [TEST_STEP][PASSED] - Statement - PreSaveFile = new java.io.File(((pathPrefix + java.lang.Integer.toString(counter)) + .png)): null

2018-12-14 00:59:25 - [TEST_STEP][PASSED] - Statement - counter = counter + 1: null

2018-12-14 00:59:25 - [TEST_STEP][PASSED] - Statement - PreSaveFile = new java.io.File(((pathPrefix + java.lang.Integer.toString(counter)) + .png)): null

2018-12-14 00:59:25 - [TEST_STEP][PASSED] - Statement - counter = counter + 1: null

2018-12-14 00:59:25 - [TEST_STEP][PASSED] - Statement - PreSaveFile = new java.io.File(((pathPrefix + java.lang.Integer.toString(counter)) + .png)): null

2018-12-14 00:59:25 - [TEST_STEP][PASSED] - Statement - counter = counter + 1: null

2018-12-14 00:59:25 - [TEST_STEP][PASSED] - Statement - PreSaveFile = new java.io.File(((pathPrefix + java.lang.Integer.toString(counter)) + .png)): null

2018-12-14 00:59:25 - [TEST_STEP][PASSED] - Statement - counter = counter + 1: null

2018-12-14 00:59:25 - [TEST_STEP][PASSED] - Statement - PreSaveFile = new java.io.File(((pathPrefix + java.lang.Integer.toString(counter)) + .png)): null

2018-12-14 00:59:25 - [TEST_STEP][PASSED] - Statement - counter = counter + 1: null

2018-12-14 00:59:25 - [TEST_STEP][PASSED] - Statement - PreSaveFile = new java.io.File(((pathPrefix + java.lang.Integer.toString(counter)) + .png)): null

2018-12-14 00:59:25 - [TEST_STEP][PASSED] - Statement - counter = counter + 1: null

2018-12-14 00:59:25 - [TEST_STEP][PASSED] - Statement - PreSaveFile = new java.io.File(((pathPrefix + java.lang.Integer.toString(counter)) + .png)): null

2018-12-14 00:59:25 - [TEST_STEP][PASSED] - Statement - counter = counter + 1: null

2018-12-14 00:59:25 - [TEST_STEP][PASSED] - Statement - PreSaveFile = new java.io.File(((pathPrefix + java.lang.Integer.toString(counter)) + .png)): null

2018-12-14 00:59:25 - [TEST_STEP][PASSED] - Statement - counter = counter + 1: null

2018-12-14 00:59:25 - [TEST_STEP][PASSED] - Statement - PreSaveFile = new java.io.File(((pathPrefix + java.lang.Integer.toString(counter)) + .png)): null

2018-12-14 00:59:25 - [TEST_STEP][PASSED] - Statement - counter = counter + 1: null

2018-12-14 00:59:25 - [TEST_STEP][PASSED] - Statement - PreSaveFile = new java.io.File(((pathPrefix + java.lang.Integer.toString(counter)) + .png)): null

2018-12-14 00:59:25 - [TEST_STEP][PASSED] - Statement - counter = counter + 1: null

2018-12-14 00:59:25 - [TEST_STEP][PASSED] - Statement - PreSaveFile = new java.io.File(((pathPrefix + java.lang.Integer.toString(counter)) + .png)): null

2018-12-14 00:59:25 - [TEST_STEP][PASSED] - Statement - counter = counter + 1: null

2018-12-14 00:59:25 - [TEST_STEP][PASSED] - Statement - PreSaveFile = new java.io.File(((pathPrefix + java.lang.Integer.toString(counter)) + .png)): null

2018-12-14 00:59:25 - [TEST_STEP][PASSED] - Statement - counter = counter + 1: null

2018-12-14 00:59:25 - [TEST_STEP][PASSED] - Statement - PreSaveFile = new java.io.File(((pathPrefix + java.lang.Integer.toString(counter)) + .png)): null

2018-12-14 00:59:25 - [TEST_STEP][PASSED] - Statement - counter = counter + 1: null

2018-12-14 00:59:25 - [TEST_STEP][PASSED] - Statement - PreSaveFile = new java.io.File(((pathPrefix + java.lang.Integer.toString(counter)) + .png)): null

2018-12-14 00:59:25 - [TEST_STEP][PASSED] - Statement - counter = counter + 1: null

2018-12-14 00:59:25 - [TEST_STEP][PASSED] - Statement - PreSaveFile = new java.io.File(((pathPrefix + java.lang.Integer.toString(counter)) + .png)): null

2018-12-14 00:59:25 - [TEST_STEP][PASSED] - Statement - counter = counter + 1: null

2018-12-14 00:59:25 - [TEST_STEP][PASSED] - Statement - PreSaveFile = new java.io.File(((pathPrefix + java.lang.Integer.toString(counter)) + .png)): null

2018-12-14 00:59:25 - [TEST_STEP][PASSED] - Statement - counter = counter + 1: null

2018-12-14 00:59:25 - [TEST_STEP][PASSED] - Statement - PreSaveFile = new java.io.File(((pathPrefix + java.lang.Integer.toString(counter)) + .png)): null

2018-12-14 00:59:25 - [TEST_STEP][PASSED] - Statement - counter = counter + 1: null

2018-12-14 00:59:25 - [TEST_STEP][PASSED] - Statement - PreSaveFile = new java.io.File(((pathPrefix + java.lang.Integer.toString(counter)) + .png)): null

2018-12-14 00:59:25 - [TEST_STEP][PASSED] - Statement - counter = counter + 1: null

2018-12-14 00:59:25 - [TEST_STEP][PASSED] - Statement - PreSaveFile = new java.io.File(((pathPrefix + java.lang.Integer.toString(counter)) + .png)): null

2018-12-14 00:59:25 - [TEST_STEP][PASSED] - Statement - counter = counter + 1: null

2018-12-14 00:59:25 - [TEST_STEP][PASSED] - Statement - PreSaveFile = new java.io.File(((pathPrefix + java.lang.Integer.toString(counter)) + .png)): null

2018-12-14 00:59:25 - [TEST_STEP][PASSED] - Statement - counter = counter + 1: null

2018-12-14 00:59:25 - [TEST_STEP][PASSED] - Statement - PreSaveFile = new java.io.File(((pathPrefix + java.lang.Integer.toString(counter)) + .png)): null

2018-12-14 00:59:25 - [TEST_STEP][PASSED] - Statement - counter = counter + 1: null

2018-12-14 00:59:25 - [TEST_STEP][PASSED] - Statement - PreSaveFile = new java.io.File(((pathPrefix + java.lang.Integer.toString(counter)) + .png)): null

2018-12-14 00:59:25 - [TEST_STEP][PASSED] - Statement - counter = counter + 1: null

2018-12-14 00:59:25 - [TEST_STEP][PASSED] - Statement - PreSaveFile = new java.io.File(((pathPrefix + java.lang.Integer.toString(counter)) + .png)): null

2018-12-14 00:59:25 - [TEST_STEP][PASSED] - Statement - counter = counter + 1: null

2018-12-14 00:59:25 - [TEST_STEP][PASSED] - Statement - PreSaveFile = new java.io.File(((pathPrefix + java.lang.Integer.toString(counter)) + .png)): null

2018-12-14 00:59:25 - [TEST_STEP][PASSED] - Statement - counter = counter + 1: null

2018-12-14 00:59:25 - [TEST_STEP][PASSED] - Statement - PreSaveFile = new java.io.File(((pathPrefix + java.lang.Integer.toString(counter)) + .png)): null

2018-12-14 00:59:25 - [TEST_STEP][PASSED] - Statement - counter = counter + 1: null

2018-12-14 00:59:25 - [TEST_STEP][PASSED] - Statement - PreSaveFile = new java.io.File(((pathPrefix + java.lang.Integer.toString(counter)) + .png)): null

2018-12-14 00:59:25 - [TEST_STEP][PASSED] - Statement - counter = counter + 1: null

2018-12-14 00:59:25 - [TEST_STEP][PASSED] - Statement - PreSaveFile = new java.io.File(((pathPrefix + java.lang.Integer.toString(counter)) + .png)): null

2018-12-14 00:59:25 - [TEST_STEP][PASSED] - Statement - counter = counter + 1: null

2018-12-14 00:59:25 - [TEST_STEP][PASSED] - Statement - PreSaveFile = new java.io.File(((pathPrefix + java.lang.Integer.toString(counter)) + .png)): null

2018-12-14 00:59:25 - [TEST_STEP][PASSED] - Statement - counter = counter + 1: null

2018-12-14 00:59:25 - [TEST_STEP][PASSED] - Statement - PreSaveFile = new java.io.File(((pathPrefix + java.lang.Integer.toString(counter)) + .png)): null

2018-12-14 00:59:25 - [TEST_STEP][PASSED] - Statement - counter = counter + 1: null

2018-12-14 00:59:25 - [TEST_STEP][PASSED] - Statement - PreSaveFile = new java.io.File(((pathPrefix + java.lang.Integer.toString(counter)) + .png)): null

2018-12-14 00:59:25 - [TEST_STEP][PASSED] - Statement - counter = counter + 1: null

2018-12-14 00:59:25 - [TEST_STEP][PASSED] - Statement - PreSaveFile = new java.io.File(((pathPrefix + java.lang.Integer.toString(counter)) + .png)): null

2018-12-14 00:59:25 - [TEST_STEP][PASSED] - Statement - counter = counter + 1: null

2018-12-14 00:59:25 - [TEST_STEP][PASSED] - Statement - PreSaveFile = new java.io.File(((pathPrefix + java.lang.Integer.toString(counter)) + .png)): null

2018-12-14 00:59:25 - [TEST_STEP][PASSED] - Statement - counter = counter + 1: null

2018-12-14 00:59:25 - [TEST_STEP][PASSED] - Statement - PreSaveFile = new java.io.File(((pathPrefix + java.lang.Integer.toString(counter)) + .png)): null

2018-12-14 00:59:25 - [TEST_STEP][PASSED] - Statement - counter = counter + 1: null

2018-12-14 00:59:25 - [TEST_STEP][PASSED] - Statement - PreSaveFile = new java.io.File(((pathPrefix + java.lang.Integer.toString(counter)) + .png)): null

2018-12-14 00:59:25 - [TEST_STEP][PASSED] - Statement - counter = counter + 1: null

2018-12-14 00:59:25 - [TEST_STEP][PASSED] - Statement - PreSaveFile = new java.io.File(((pathPrefix + java.lang.Integer.toString(counter)) + .png)): null

2018-12-14 00:59:25 - [TEST_STEP][PASSED] - Statement - counter = counter + 1: null

2018-12-14 00:59:25 - [TEST_STEP][PASSED] - Statement - PreSaveFile = new java.io.File(((pathPrefix + java.lang.Integer.toString(counter)) + .png)): null

2018-12-14 00:59:25 - [TEST_STEP][PASSED] - Statement - counter = counter + 1: null

2018-12-14 00:59:25 - [TEST_STEP][PASSED] - Statement - PreSaveFile = new java.io.File(((pathPrefix + java.lang.Integer.toString(counter)) + .png)): null

2018-12-14 00:59:25 - [TEST_STEP][PASSED] - Statement - counter = counter + 1: null

2018-12-14 00:59:25 - [TEST_STEP][PASSED] - Statement - PreSaveFile = new java.io.File(((pathPrefix + java.lang.Integer.toString(counter)) + .png)): null

2018-12-14 00:59:25 - [TEST_STEP][PASSED] - Statement - counter = counter + 1: null

2018-12-14 00:59:25 - [TEST_STEP][PASSED] - Statement - PreSaveFile = new java.io.File(((pathPrefix + java.lang.Integer.toString(counter)) + .png)): null

2018-12-14 00:59:25 - [TEST_STEP][PASSED] - Statement - counter = counter + 1: null

2018-12-14 00:59:25 - [TEST_STEP][PASSED] - Statement - PreSaveFile = new java.io.File(((pathPrefix + java.lang.Integer.toString(counter)) + .png)): null

2018-12-14 00:59:25 - [TEST_STEP][PASSED] - Statement - counter = counter + 1: null

2018-12-14 00:59:25 - [TEST_STEP][PASSED] - Statement - PreSaveFile = new java.io.File(((pathPrefix + java.lang.Integer.toString(counter)) + .png)): null

2018-12-14 00:59:25 - [TEST_STEP][PASSED] - Statement - counter = counter + 1: null

2018-12-14 00:59:25 - [TEST_STEP][PASSED] - Statement - PreSaveFile = new java.io.File(((pathPrefix + java.lang.Integer.toString(counter)) + .png)): null

2018-12-14 00:59:25 - [TEST_STEP][PASSED] - Statement - counter = counter + 1: null

2018-12-14 00:59:25 - [TEST_STEP][PASSED] - Statement - PreSaveFile = new java.io.File(((pathPrefix + java.lang.Integer.toString(counter)) + .png)): null

2018-12-14 00:59:25 - [TEST_STEP][PASSED] - Statement - counter = counter + 1: null

2018-12-14 00:59:25 - [TEST_STEP][PASSED] - Statement - PreSaveFile = new java.io.File(((pathPrefix + java.lang.Integer.toString(counter)) + .png)): null

2018-12-14 00:59:25 - [TEST_STEP][PASSED] - Statement - counter = counter + 1: null

2018-12-14 00:59:25 - [TEST_STEP][PASSED] - Statement - PreSaveFile = new java.io.File(((pathPrefix + java.lang.Integer.toString(counter)) + .png)): null

2018-12-14 00:59:25 - [TEST_STEP][PASSED] - Statement - counter = counter + 1: null

2018-12-14 00:59:25 - [TEST_STEP][PASSED] - Statement - PreSaveFile = new java.io.File(((pathPrefix + java.lang.Integer.toString(counter)) + .png)): null

2018-12-14 00:59:25 - [TEST_STEP][PASSED] - Statement - counter = counter + 1: null

2018-12-14 00:59:25 - [TEST_STEP][PASSED] - Statement - PreSaveFile = new java.io.File(((pathPrefix + java.lang.Integer.toString(counter)) + .png)): null

2018-12-14 00:59:25 - [TEST_STEP][PASSED] - Statement - counter = counter + 1: null

2018-12-14 00:59:25 - [TEST_STEP][PASSED] - Statement - PreSaveFile = new java.io.File(((pathPrefix + java.lang.Integer.toString(counter)) + .png)): null

2018-12-14 00:59:25 - [TEST_STEP][PASSED] - Statement - counter = counter + 1: null

2018-12-14 00:59:25 - [TEST_STEP][PASSED] - Statement - PreSaveFile = new java.io.File(((pathPrefix + java.lang.Integer.toString(counter)) + .png)): null

2018-12-14 00:59:25 - [TEST_STEP][PASSED] - Statement - counter = counter + 1: null

2018-12-14 00:59:25 - [TEST_STEP][PASSED] - Statement - PreSaveFile = new java.io.File(((pathPrefix + java.lang.Integer.toString(counter)) + .png)): null

2018-12-14 00:59:25 - [TEST_STEP][PASSED] - Statement - counter = counter + 1: null

2018-12-14 00:59:25 - [TEST_STEP][PASSED] - Statement - PreSaveFile = new java.io.File(((pathPrefix + java.lang.Integer.toString(counter)) + .png)): null

2018-12-14 00:59:25 - [TEST_STEP][PASSED] - Statement - counter = counter + 1: null

2018-12-14 00:59:25 - [TEST_STEP][PASSED] - Statement - PreSaveFile = new java.io.File(((pathPrefix + java.lang.Integer.toString(counter)) + .png)): null

2018-12-14 00:59:25 - [TEST_STEP][PASSED] - Statement - counter = counter + 1: null

2018-12-14 00:59:25 - [TEST_STEP][PASSED] - Statement - PreSaveFile = new java.io.File(((pathPrefix + java.lang.Integer.toString(counter)) + .png)): null

2018-12-14 00:59:25 - [TEST_STEP][PASSED] - Statement - counter = counter + 1: null

2018-12-14 00:59:25 - [TEST_STEP][PASSED] - Statement - PreSaveFile = new java.io.File(((pathPrefix + java.lang.Integer.toString(counter)) + .png)): null

2018-12-14 00:59:25 - [TEST_STEP][PASSED] - Statement - counter = counter + 1: null

2018-12-14 00:59:25 - [TEST_STEP][PASSED] - Statement - PreSaveFile = new java.io.File(((pathPrefix + java.lang.Integer.toString(counter)) + .png)): null

2018-12-14 00:59:25 - [TEST_STEP][PASSED] - Statement - counter = counter + 1: null

2018-12-14 00:59:25 - [TEST_STEP][PASSED] - Statement - PreSaveFile = new java.io.File(((pathPrefix + java.lang.Integer.toString(counter)) + .png)): null

2018-12-14 00:59:25 - [TEST_STEP][PASSED] - Statement - counter = counter + 1: null

2018-12-14 00:59:25 - [TEST_STEP][PASSED] - Statement - PreSaveFile = new java.io.File(((pathPrefix + java.lang.Integer.toString(counter)) + .png)): null

2018-12-14 00:59:25 - [TEST_STEP][PASSED] - Statement - counter = counter + 1: null

2018-12-14 00:59:25 - [TEST_STEP][PASSED] - Statement - PreSaveFile = new java.io.File(((pathPrefix + java.lang.Integer.toString(counter)) + .png)): null

2018-12-14 00:59:25 - [TEST_STEP][PASSED] - Statement - counter = counter + 1: null

2018-12-14 00:59:25 - [TEST_STEP][PASSED] - Statement - PreSaveFile = new java.io.File(((pathPrefix + java.lang.Integer.toString(counter)) + .png)): null

2018-12-14 00:59:25 - [TEST_STEP][PASSED] - Statement - counter = counter + 1: null

2018-12-14 00:59:25 - [TEST_STEP][PASSED] - Statement - PreSaveFile = new java.io.File(((pathPrefix + java.lang.Integer.toString(counter)) + .png)): null

2018-12-14 00:59:25 - [TEST_STEP][PASSED] - Statement - counter = counter + 1: null

2018-12-14 00:59:25 - [TEST_STEP][PASSED] - Statement - PreSaveFile = new java.io.File(((pathPrefix + java.lang.Integer.toString(counter)) + .png)): null

2018-12-14 00:59:25 - [TEST_STEP][PASSED] - Statement - counter = counter + 1: null

2018-12-14 00:59:25 - [TEST_STEP][PASSED] - Statement - PreSaveFile = new java.io.File(((pathPrefix + java.lang.Integer.toString(counter)) + .png)): null

2018-12-14 00:59:25 - [TEST_STEP][PASSED] - Statement - counter = counter + 1: null

2018-12-14 00:59:25 - [TEST_STEP][PASSED] - Statement - PreSaveFile = new java.io.File(((pathPrefix + java.lang.Integer.toString(counter)) + .png)): null

2018-12-14 00:59:25 - [TEST_STEP][PASSED] - Statement - counter = counter + 1: null

2018-12-14 00:59:25 - [TEST_STEP][PASSED] - Statement - PreSaveFile = new java.io.File(((pathPrefix + java.lang.Integer.toString(counter)) + .png)): null

2018-12-14 00:59:25 - [TEST_STEP][PASSED] - Statement - counter = counter + 1: null

2018-12-14 00:59:25 - [TEST_STEP][PASSED] - Statement - PreSaveFile = new java.io.File(((pathPrefix + java.lang.Integer.toString(counter)) + .png)): null

2018-12-14 00:59:25 - [TEST_STEP][PASSED] - Statement - counter = counter + 1: null

2018-12-14 00:59:25 - [TEST_STEP][PASSED] - Statement - PreSaveFile = new java.io.File(((pathPrefix + java.lang.Integer.toString(counter)) + .png)): null

2018-12-14 00:59:25 - [TEST_STEP][PASSED] - Statement - counter = counter + 1: null

2018-12-14 00:59:25 - [TEST_STEP][PASSED] - Statement - PreSaveFile = new java.io.File(((pathPrefix + java.lang.Integer.toString(counter)) + .png)): null

2018-12-14 00:59:25 - [TEST_STEP][PASSED] - Statement - counter = counter + 1: null

2018-12-14 00:59:25 - [TEST_STEP][PASSED] - Statement - PreSaveFile = new java.io.File(((pathPrefix + java.lang.Integer.toString(counter)) + .png)): null

2018-12-14 00:59:25 - [TEST_STEP][PASSED] - Statement - counter = counter + 1: null

2018-12-14 00:59:25 - [TEST_STEP][PASSED] - Statement - PreSaveFile = new java.io.File(((pathPrefix + java.lang.Integer.toString(counter)) + .png)): null

2018-12-14 00:59:25 - [TEST_STEP][PASSED] - Statement - counter = counter + 1: null

2018-12-14 00:59:25 - [TEST_STEP][PASSED] - Statement - PreSaveFile = new java.io.File(((pathPrefix + java.lang.Integer.toString(counter)) + .png)): null

2018-12-14 00:59:25 - [TEST_STEP][PASSED] - Statement - counter = counter + 1: null

2018-12-14 00:59:25 - [TEST_STEP][PASSED] - Statement - PreSaveFile = new java.io.File(((pathPrefix + java.lang.Integer.toString(counter)) + .png)): null

2018-12-14 00:59:25 - [TEST_STEP][PASSED] - Statement - counter = counter + 1: null

2018-12-14 00:59:25 - [TEST_STEP][PASSED] - Statement - PreSaveFile = new java.io.File(((pathPrefix + java.lang.Integer.toString(counter)) + .png)): null

2018-12-14 00:59:25 - [TEST_STEP][PASSED] - Statement - counter = counter + 1: null

2018-12-14 00:59:25 - [TEST_STEP][PASSED] - Statement - PreSaveFile = new java.io.File(((pathPrefix + java.lang.Integer.toString(counter)) + .png)): null

2018-12-14 00:59:25 - [TEST_STEP][PASSED] - Statement - counter = counter + 1: null

2018-12-14 00:59:25 - [TEST_STEP][PASSED] - Statement - PreSaveFile = new java.io.File(((pathPrefix + java.lang.Integer.toString(counter)) + .png)): null

2018-12-14 00:59:25 - [TEST_STEP][PASSED] - Statement - counter = counter + 1: null

2018-12-14 00:59:25 - [TEST_STEP][PASSED] - Statement - PreSaveFile = new java.io.File(((pathPrefix + java.lang.Integer.toString(counter)) + .png)): null

2018-12-14 00:59:25 - [TEST_STEP][PASSED] - Statement - counter = counter + 1: null

2018-12-14 00:59:25 - [TEST_STEP][PASSED] - Statement - PreSaveFile = new java.io.File(((pathPrefix + java.lang.Integer.toString(counter)) + .png)): null

2018-12-14 00:59:25 - [TEST_STEP][PASSED] - Statement - counter = counter + 1: null

2018-12-14 00:59:25 - [TEST_STEP][PASSED] - Statement - PreSaveFile = new java.io.File(((pathPrefix + java.lang.Integer.toString(counter)) + .png)): null

2018-12-14 00:59:25 - [TEST_STEP][PASSED] - Statement - counter = counter + 1: null

2018-12-14 00:59:25 - [TEST_STEP][PASSED] - Statement - PreSaveFile = new java.io.File(((pathPrefix + java.lang.Integer.toString(counter)) + .png)): null

2018-12-14 00:59:25 - [TEST_STEP][PASSED] - Statement - counter = counter + 1: null

2018-12-14 00:59:25 - [TEST_STEP][PASSED] - Statement - PreSaveFile = new java.io.File(((pathPrefix + java.lang.Integer.toString(counter)) + .png)): null

2018-12-14 00:59:25 - [TEST_STEP][PASSED] - Statement - counter = counter + 1: null

2018-12-14 00:59:25 - [TEST_STEP][PASSED] - Statement - PreSaveFile = new java.io.File(((pathPrefix + java.lang.Integer.toString(counter)) + .png)): null

2018-12-14 00:59:25 - [TEST_STEP][PASSED] - Statement - counter = counter + 1: null

2018-12-14 00:59:25 - [TEST_STEP][PASSED] - Statement - PreSaveFile = new java.io.File(((pathPrefix + java.lang.Integer.toString(counter)) + .png)): null

2018-12-14 00:59:25 - [TEST_STEP][PASSED] - Statement - counter = counter + 1: null

2018-12-14 00:59:25 - [TEST_STEP][PASSED] - Statement - PreSaveFile = new java.io.File(((pathPrefix + java.lang.Integer.toString(counter)) + .png)): null

2018-12-14 00:59:25 - [TEST_STEP][PASSED] - Statement - counter = counter + 1: null

2018-12-14 00:59:25 - [TEST_STEP][PASSED] - Statement - PreSaveFile = new java.io.File(((pathPrefix + java.lang.Integer.toString(counter)) + .png)): null

2018-12-14 00:59:25 - [TEST_STEP][PASSED] - Statement - counter = counter + 1: null

2018-12-14 00:59:25 - [TEST_STEP][PASSED] - Statement - PreSaveFile = new java.io.File(((pathPrefix + java.lang.Integer.toString(counter)) + .png)): null

2018-12-14 00:59:25 - [TEST_STEP][PASSED] - Statement - counter = counter + 1: null

2018-12-14 00:59:25 - [TEST_STEP][PASSED] - Statement - PreSaveFile = new java.io.File(((pathPrefix + java.lang.Integer.toString(counter)) + .png)): null

2018-12-14 00:59:25 - [TEST_STEP][PASSED] - Statement - counter = counter + 1: null

2018-12-14 00:59:25 - [TEST_STEP][PASSED] - Statement - PreSaveFile = new java.io.File(((pathPrefix + java.lang.Integer.toString(counter)) + .png)): null

2018-12-14 00:59:25 - [TEST_STEP][PASSED] - Statement - counter = counter + 1: null

2018-12-14 00:59:25 - [TEST_STEP][PASSED] - Statement - PreSaveFile = new java.io.File(((pathPrefix + java.lang.Integer.toString(counter)) + .png)): null

2018-12-14 00:59:25 - [TEST_STEP][PASSED] - Statement - counter = counter + 1: null

2018-12-14 00:59:25 - [TEST_STEP][PASSED] - Statement - PreSaveFile = new java.io.File(((pathPrefix + java.lang.Integer.toString(counter)) + .png)): null

2018-12-14 00:59:25 - [TEST_STEP][PASSED] - Statement - counter = counter + 1: null

2018-12-14 00:59:25 - [TEST_STEP][PASSED] - Statement - PreSaveFile = new java.io.File(((pathPrefix + java.lang.Integer.toString(counter)) + .png)): null

2018-12-14 00:59:25 - [TEST_STEP][PASSED] - Statement - counter = counter + 1: null

2018-12-14 00:59:25 - [TEST_STEP][PASSED] - Statement - PreSaveFile = new java.io.File(((pathPrefix + java.lang.Integer.toString(counter)) + .png)): null

2018-12-14 00:59:25 - [TEST_STEP][PASSED] - Statement - counter = counter + 1: null

2018-12-14 00:59:25 - [TEST_STEP][PASSED] - Statement - PreSaveFile = new java.io.File(((pathPrefix + java.lang.Integer.toString(counter)) + .png)): null

2018-12-14 00:59:25 - [TEST_STEP][PASSED] - Statement - counter = counter + 1: null

2018-12-14 00:59:25 - [TEST_STEP][PASSED] - Statement - PreSaveFile = new java.io.File(((pathPrefix + java.lang.Integer.toString(counter)) + .png)): null

2018-12-14 00:59:25 - [TEST_STEP][PASSED] - Statement - counter = counter + 1: null

2018-12-14 00:59:25 - [TEST_STEP][PASSED] - Statement - PreSaveFile = new java.io.File(((pathPrefix + java.lang.Integer.toString(counter)) + .png)): null

2018-12-14 00:59:25 - [TEST_STEP][PASSED] - Statement - counter = counter + 1: null

2018-12-14 00:59:25 - [TEST_STEP][PASSED] - Statement - PreSaveFile = new java.io.File(((pathPrefix + java.lang.Integer.toString(counter)) + .png)): null

2018-12-14 00:59:25 - [TEST_STEP][PASSED] - Statement - counter = counter + 1: null

2018-12-14 00:59:25 - [TEST_STEP][PASSED] - Statement - PreSaveFile = new java.io.File(((pathPrefix + java.lang.Integer.toString(counter)) + .png)): null

2018-12-14 00:59:25 - [TEST_STEP][PASSED] - Statement - counter = counter + 1: null

2018-12-14 00:59:25 - [TEST_STEP][PASSED] - Statement - PreSaveFile = new java.io.File(((pathPrefix + java.lang.Integer.toString(counter)) + .png)): null

2018-12-14 00:59:25 - [TEST_STEP][PASSED] - Statement - counter = counter + 1: null

2018-12-14 00:59:25 - [TEST_STEP][PASSED] - Statement - PreSaveFile = new java.io.File(((pathPrefix + java.lang.Integer.toString(counter)) + .png)): null

2018-12-14 00:59:25 - [TEST_STEP][PASSED] - Statement - counter = counter + 1: null

2018-12-14 00:59:25 - [TEST_STEP][PASSED] - Statement - PreSaveFile = new java.io.File(((pathPrefix + java.lang.Integer.toString(counter)) + .png)): null

2018-12-14 00:59:25 - [TEST_STEP][PASSED] - Statement - counter = counter + 1: null

2018-12-14 00:59:25 - [TEST_STEP][PASSED] - Statement - PreSaveFile = new java.io.File(((pathPrefix + java.lang.Integer.toString(counter)) + .png)): null

2018-12-14 00:59:25 - [TEST_STEP][PASSED] - Statement - counter = counter + 1: null

2018-12-14 00:59:25 - [TEST_STEP][PASSED] - Statement - PreSaveFile = new java.io.File(((pathPrefix + java.lang.Integer.toString(counter)) + .png)): null

2018-12-14 00:59:25 - [TEST_STEP][PASSED] - Statement - counter = counter + 1: null

2018-12-14 00:59:25 - [TEST_STEP][PASSED] - Statement - PreSaveFile = new java.io.File(((pathPrefix + java.lang.Integer.toString(counter)) + .png)): null

2018-12-14 00:59:25 - [TEST_STEP][PASSED] - Statement - counter = counter + 1: null

2018-12-14 00:59:25 - [TEST_STEP][PASSED] - Statement - PreSaveFile = new java.io.File(((pathPrefix + java.lang.Integer.toString(counter)) + .png)): null

2018-12-14 00:59:25 - [TEST_STEP][PASSED] - Statement - counter = counter + 1: null

2018-12-14 00:59:25 - [TEST_STEP][PASSED] - Statement - PreSaveFile = new java.io.File(((pathPrefix + java.lang.Integer.toString(counter)) + .png)): null

2018-12-14 00:59:25 - [TEST_STEP][PASSED] - Statement - counter = counter + 1: null

2018-12-14 00:59:25 - [TEST_STEP][PASSED] - Statement - PreSaveFile = new java.io.File(((pathPrefix + java.lang.Integer.toString(counter)) + .png)): null

2018-12-14 00:59:25 - [TEST_STEP][PASSED] - Statement - counter = counter + 1: null

2018-12-14 00:59:25 - [TEST_STEP][PASSED] - Statement - PreSaveFile = new java.io.File(((pathPrefix + java.lang.Integer.toString(counter)) + .png)): null

2018-12-14 00:59:25 - [TEST_STEP][PASSED] - Statement - counter = counter + 1: null

2018-12-14 00:59:25 - [TEST_STEP][PASSED] - Statement - PreSaveFile = new java.io.File(((pathPrefix + java.lang.Integer.toString(counter)) + .png)): null

2018-12-14 00:59:25 - [TEST_STEP][PASSED] - Statement - counter = counter + 1: null

2018-12-14 00:59:25 - [TEST_STEP][PASSED] - Statement - PreSaveFile = new java.io.File(((pathPrefix + java.lang.Integer.toString(counter)) + .png)): null

2018-12-14 00:59:25 - [TEST_STEP][PASSED] - Statement - counter = counter + 1: null

2018-12-14 00:59:25 - [TEST_STEP][PASSED] - Statement - PreSaveFile = new java.io.File(((pathPrefix + java.lang.Integer.toString(counter)) + .png)): null

2018-12-14 00:59:25 - [TEST_STEP][PASSED] - Statement - counter = counter + 1: null

2018-12-14 00:59:25 - [TEST_STEP][PASSED] - Statement - PreSaveFile = new java.io.File(((pathPrefix + java.lang.Integer.toString(counter)) + .png)): null

2018-12-14 00:59:25 - [TEST_STEP][PASSED] - Statement - counter = counter + 1: null

2018-12-14 00:59:25 - [TEST_STEP][PASSED] - Statement - PreSaveFile = new java.io.File(((pathPrefix + java.lang.Integer.toString(counter)) + .png)): null

2018-12-14 00:59:25 - [TEST_STEP][PASSED] - Statement - counter = counter + 1: null

2018-12-14 00:59:25 - [TEST_STEP][PASSED] - Statement - PreSaveFile = new java.io.File(((pathPrefix + java.lang.Integer.toString(counter)) + .png)): null

2018-12-14 00:59:25 - [TEST_STEP][PASSED] - Statement - counter = counter + 1: null

2018-12-14 00:59:25 - [TEST_STEP][PASSED] - Statement - PreSaveFile = new java.io.File(((pathPrefix + java.lang.Integer.toString(counter)) + .png)): null

2018-12-14 00:59:25 - [TEST_STEP][PASSED] - Statement - counter = counter + 1: null

2018-12-14 00:59:25 - [TEST_STEP][PASSED] - Statement - PreSaveFile = new java.io.File(((pathPrefix + java.lang.Integer.toString(counter)) + .png)): null

2018-12-14 00:59:25 - [TEST_STEP][PASSED] - Statement - counter = counter + 1: null

2018-12-14 00:59:25 - [TEST_STEP][PASSED] - Statement - PreSaveFile = new java.io.File(((pathPrefix + java.lang.Integer.toString(counter)) + .png)): null

2018-12-14 00:59:25 - [TEST_STEP][PASSED] - Statement - counter = counter + 1: null

2018-12-14 00:59:25 - [TEST_STEP][PASSED] - Statement - PreSaveFile = new java.io.File(((pathPrefix + java.lang.Integer.toString(counter)) + .png)): null

2018-12-14 00:59:25 - [TEST_STEP][PASSED] - Statement - counter = counter + 1: null

2018-12-14 00:59:25 - [TEST_STEP][PASSED] - Statement - PreSaveFile = new java.io.File(((pathPrefix + java.lang.Integer.toString(counter)) + .png)): null

2018-12-14 00:59:25 - [TEST_STEP][PASSED] - Statement - counter = counter + 1: null

2018-12-14 00:59:25 - [TEST_STEP][PASSED] - Statement - PreSaveFile = new java.io.File(((pathPrefix + java.lang.Integer.toString(counter)) + .png)): null

2018-12-14 00:59:25 - [TEST_STEP][PASSED] - Statement - counter = counter + 1: null

2018-12-14 00:59:25 - [TEST_STEP][PASSED] - Statement - PreSaveFile = new java.io.File(((pathPrefix + java.lang.Integer.toString(counter)) + .png)): null

2018-12-14 00:59:25 - [TEST_STEP][PASSED] - Statement - counter = counter + 1: null

2018-12-14 00:59:25 - [TEST_STEP][PASSED] - Statement - PreSaveFile = new java.io.File(((pathPrefix + java.lang.Integer.toString(counter)) + .png)): null

2018-12-14 00:59:25 - [TEST_STEP][PASSED] - Statement - counter = counter + 1: null

2018-12-14 00:59:25 - [TEST_STEP][PASSED] - Statement - PreSaveFile = new java.io.File(((pathPrefix + java.lang.Integer.toString(counter)) + .png)): null

2018-12-14 00:59:25 - [TEST_STEP][PASSED] - Statement - counter = counter + 1: null

2018-12-14 00:59:25 - [TEST_STEP][PASSED] - Statement - PreSaveFile = new java.io.File(((pathPrefix + java.lang.Integer.toString(counter)) + .png)): null

2018-12-14 00:59:25 - [TEST_STEP][PASSED] - Statement - counter = counter + 1: null

2018-12-14 00:59:25 - [TEST_STEP][PASSED] - Statement - PreSaveFile = new java.io.File(((pathPrefix + java.lang.Integer.toString(counter)) + .png)): null

2018-12-14 00:59:25 - [TEST_STEP][PASSED] - Statement - counter = counter + 1: null

2018-12-14 00:59:25 - [TEST_STEP][PASSED] - Statement - PreSaveFile = new java.io.File(((pathPrefix + java.lang.Integer.toString(counter)) + .png)): null

2018-12-14 00:59:25 - [TEST_STEP][PASSED] - Statement - counter = counter + 1: null

2018-12-14 00:59:25 - [TEST_STEP][PASSED] - Statement - PreSaveFile = new java.io.File(((pathPrefix + java.lang.Integer.toString(counter)) + .png)): null

2018-12-14 00:59:25 - [TEST_STEP][PASSED] - Statement - counter = counter + 1: null

2018-12-14 00:59:25 - [TEST_STEP][PASSED] - Statement - PreSaveFile = new java.io.File(((pathPrefix + java.lang.Integer.toString(counter)) + .png)): null

2018-12-14 00:59:25 - [TEST_STEP][PASSED] - Statement - counter = counter + 1: null

2018-12-14 00:59:25 - [TEST_STEP][PASSED] - Statement - PreSaveFile = new java.io.File(((pathPrefix + java.lang.Integer.toString(counter)) + .png)): null

2018-12-14 00:59:25 - [TEST_STEP][PASSED] - Statement - counter = counter + 1: null

2018-12-14 00:59:25 - [TEST_STEP][PASSED] - Statement - PreSaveFile = new java.io.File(((pathPrefix + java.lang.Integer.toString(counter)) + .png)): null

2018-12-14 00:59:25 - [TEST_STEP][PASSED] - Statement - counter = counter + 1: null

2018-12-14 00:59:25 - [TEST_STEP][PASSED] - Statement - PreSaveFile = new java.io.File(((pathPrefix + java.lang.Integer.toString(counter)) + .png)): null

2018-12-14 00:59:25 - [TEST_STEP][PASSED] - Statement - counter = counter + 1: null

2018-12-14 00:59:25 - [TEST_STEP][PASSED] - Statement - PreSaveFile = new java.io.File(((pathPrefix + java.lang.Integer.toString(counter)) + .png)): null

2018-12-14 00:59:25 - [TEST_STEP][PASSED] - Statement - counter = counter + 1: null

2018-12-14 00:59:25 - [TEST_STEP][PASSED] - Statement - PreSaveFile = new java.io.File(((pathPrefix + java.lang.Integer.toString(counter)) + .png)): null

2018-12-14 00:59:25 - [TEST_STEP][PASSED] - Statement - counter = counter + 1: null

2018-12-14 00:59:25 - [TEST_STEP][PASSED] - Statement - PreSaveFile = new java.io.File(((pathPrefix + java.lang.Integer.toString(counter)) + .png)): null

2018-12-14 00:59:25 - [TEST_STEP][PASSED] - Statement - counter = counter + 1: null

2018-12-14 00:59:25 - [TEST_STEP][PASSED] - Statement - PreSaveFile = new java.io.File(((pathPrefix + java.lang.Integer.toString(counter)) + .png)): null

2018-12-14 00:59:25 - [TEST_STEP][PASSED] - Statement - counter = counter + 1: null

2018-12-14 00:59:25 - [TEST_STEP][PASSED] - Statement - PreSaveFile = new java.io.File(((pathPrefix + java.lang.Integer.toString(counter)) + .png)): null

2018-12-14 00:59:25 - [TEST_STEP][PASSED] - Statement - counter = counter + 1: null

2018-12-14 00:59:25 - [TEST_STEP][PASSED] - Statement - PreSaveFile = new java.io.File(((pathPrefix + java.lang.Integer.toString(counter)) + .png)): null

2018-12-14 00:59:25 - [TEST_STEP][PASSED] - Statement - counter = counter + 1: null

2018-12-14 00:59:25 - [TEST_STEP][PASSED] - Statement - PreSaveFile = new java.io.File(((pathPrefix + java.lang.Integer.toString(counter)) + .png)): null

2018-12-14 00:59:25 - [TEST_STEP][PASSED] - Statement - counter = counter + 1: null

2018-12-14 00:59:25 - [TEST_STEP][PASSED] - Statement - PreSaveFile = new java.io.File(((pathPrefix + java.lang.Integer.toString(counter)) + .png)): null

2018-12-14 00:59:25 - [TEST_STEP][PASSED] - Statement - counter = counter + 1: null

2018-12-14 00:59:25 - [TEST_STEP][PASSED] - Statement - PreSaveFile = new java.io.File(((pathPrefix + java.lang.Integer.toString(counter)) + .png)): null

2018-12-14 00:59:25 - [TEST_STEP][PASSED] - Statement - counter = counter + 1: null

2018-12-14 00:59:25 - [TEST_STEP][PASSED] - Statement - PreSaveFile = new java.io.File(((pathPrefix + java.lang.Integer.toString(counter)) + .png)): null

2018-12-14 00:59:25 - [TEST_STEP][PASSED] - Statement - counter = counter + 1: null

2018-12-14 00:59:25 - [TEST_STEP][PASSED] - Statement - PreSaveFile = new java.io.File(((pathPrefix + java.lang.Integer.toString(counter)) + .png)): null

2018-12-14 00:59:25 - [TEST_STEP][PASSED] - Statement - counter = counter + 1: null

2018-12-14 00:59:25 - [TEST_STEP][PASSED] - Statement - PreSaveFile = new java.io.File(((pathPrefix + java.lang.Integer.toString(counter)) + .png)): null

2018-12-14 00:59:25 - [TEST_STEP][PASSED] - Statement - counter = counter + 1: null

2018-12-14 00:59:25 - [TEST_STEP][PASSED] - Statement - PreSaveFile = new java.io.File(((pathPrefix + java.lang.Integer.toString(counter)) + .png)): null

2018-12-14 00:59:26 - [TEST_STEP][PASSED] - Statement - counter = counter + 1: null

2018-12-14 00:59:26 - [TEST_STEP][PASSED] - Statement - PreSaveFile = new java.io.File(((pathPrefix + java.lang.Integer.toString(counter)) + .png)): null

2018-12-14 00:59:26 - [TEST_STEP][PASSED] - Statement - counter = counter + 1: null

2018-12-14 00:59:26 - [TEST_STEP][PASSED] - Statement - PreSaveFile = new java.io.File(((pathPrefix + java.lang.Integer.toString(counter)) + .png)): null

2018-12-14 00:59:26 - [TEST_STEP][PASSED] - Statement - counter = counter + 1: null

2018-12-14 00:59:26 - [TEST_STEP][PASSED] - Statement - PreSaveFile = new java.io.File(((pathPrefix + java.lang.Integer.toString(counter)) + .png)): null

2018-12-14 00:59:26 - [TEST_STEP][PASSED] - Statement - counter = counter + 1: null

2018-12-14 00:59:26 - [TEST_STEP][PASSED] - Statement - PreSaveFile = new java.io.File(((pathPrefix + java.lang.Integer.toString(counter)) + .png)): null

2018-12-14 00:59:26 - [TEST_STEP][PASSED] - Statement - counter = counter + 1: null

2018-12-14 00:59:26 - [TEST_STEP][PASSED] - Statement - PreSaveFile = new java.io.File(((pathPrefix + java.lang.Integer.toString(counter)) + .png)): null

2018-12-14 00:59:26 - [TEST_STEP][PASSED] - Statement - counter = counter + 1: null

2018-12-14 00:59:26 - [TEST_STEP][PASSED] - Statement - PreSaveFile = new java.io.File(((pathPrefix + java.lang.Integer.toString(counter)) + .png)): null

2018-12-14 00:59:26 - [TEST_STEP][PASSED] - Statement - counter = counter + 1: null

2018-12-14 00:59:26 - [TEST_STEP][PASSED] - Statement - PreSaveFile = new java.io.File(((pathPrefix + java.lang.Integer.toString(counter)) + .png)): null

2018-12-14 00:59:26 - [TEST_STEP][PASSED] - Statement - counter = counter + 1: null

2018-12-14 00:59:26 - [TEST_STEP][PASSED] - Statement - PreSaveFile = new java.io.File(((pathPrefix + java.lang.Integer.toString(counter)) + .png)): null

2018-12-14 00:59:26 - [TEST_STEP][PASSED] - Statement - counter = counter + 1: null

2018-12-14 00:59:26 - [TEST_STEP][PASSED] - Statement - PreSaveFile = new java.io.File(((pathPrefix + java.lang.Integer.toString(counter)) + .png)): null

2018-12-14 00:59:26 - [TEST_STEP][PASSED] - Statement - counter = counter + 1: null

2018-12-14 00:59:26 - [TEST_STEP][PASSED] - Statement - PreSaveFile = new java.io.File(((pathPrefix + java.lang.Integer.toString(counter)) + .png)): null

2018-12-14 00:59:26 - [TEST_STEP][PASSED] - Statement - counter = counter + 1: null

2018-12-14 00:59:26 - [TEST_STEP][PASSED] - Statement - PreSaveFile = new java.io.File(((pathPrefix + java.lang.Integer.toString(counter)) + .png)): null

2018-12-14 00:59:26 - [TEST_STEP][PASSED] - Statement - counter = counter + 1: null

2018-12-14 00:59:26 - [TEST_STEP][PASSED] - Statement - PreSaveFile = new java.io.File(((pathPrefix + java.lang.Integer.toString(counter)) + .png)): null

2018-12-14 00:59:26 - [TEST_STEP][PASSED] - Statement - counter = counter + 1: null

2018-12-14 00:59:26 - [TEST_STEP][PASSED] - Statement - PreSaveFile = new java.io.File(((pathPrefix + java.lang.Integer.toString(counter)) + .png)): null

2018-12-14 00:59:26 - [TEST_STEP][PASSED] - Statement - counter = counter + 1: null

2018-12-14 00:59:26 - [TEST_STEP][PASSED] - Statement - PreSaveFile = new java.io.File(((pathPrefix + java.lang.Integer.toString(counter)) + .png)): null

2018-12-14 00:59:26 - [TEST_STEP][PASSED] - Statement - counter = counter + 1: null

2018-12-14 00:59:26 - [TEST_STEP][PASSED] - Statement - PreSaveFile = new java.io.File(((pathPrefix + java.lang.Integer.toString(counter)) + .png)): null

2018-12-14 00:59:26 - [TEST_STEP][PASSED] - Statement - counter = counter + 1: null

2018-12-14 00:59:26 - [TEST_STEP][PASSED] - Statement - PreSaveFile = new java.io.File(((pathPrefix + java.lang.Integer.toString(counter)) + .png)): null

2018-12-14 00:59:26 - [TEST_STEP][PASSED] - Statement - counter = counter + 1: null

2018-12-14 00:59:26 - [TEST_STEP][PASSED] - Statement - PreSaveFile = new java.io.File(((pathPrefix + java.lang.Integer.toString(counter)) + .png)): null

2018-12-14 00:59:26 - [TEST_STEP][PASSED] - Statement - counter = counter + 1: null

2018-12-14 00:59:26 - [TEST_STEP][PASSED] - Statement - PreSaveFile = new java.io.File(((pathPrefix + java.lang.Integer.toString(counter)) + .png)): null

2018-12-14 00:59:26 - [TEST_STEP][PASSED] - Statement - counter = counter + 1: null

2018-12-14 00:59:26 - [TEST_STEP][PASSED] - Statement - PreSaveFile = new java.io.File(((pathPrefix + java.lang.Integer.toString(counter)) + .png)): null

2018-12-14 00:59:26 - [TEST_STEP][PASSED] - Statement - counter = counter + 1: null

2018-12-14 00:59:26 - [TEST_STEP][PASSED] - Statement - PreSaveFile = new java.io.File(((pathPrefix + java.lang.Integer.toString(counter)) + .png)): null

2018-12-14 00:59:26 - [TEST_STEP][PASSED] - Statement - counter = counter + 1: null

2018-12-14 00:59:26 - [TEST_STEP][PASSED] - Statement - PreSaveFile = new java.io.File(((pathPrefix + java.lang.Integer.toString(counter)) + .png)): null

2018-12-14 00:59:26 - [TEST_STEP][PASSED] - Statement - counter = counter + 1: null

2018-12-14 00:59:26 - [TEST_STEP][PASSED] - Statement - PreSaveFile = new java.io.File(((pathPrefix + java.lang.Integer.toString(counter)) + .png)): null

2018-12-14 00:59:26 - [TEST_STEP][PASSED] - Statement - counter = counter + 1: null

2018-12-14 00:59:26 - [TEST_STEP][PASSED] - Statement - PreSaveFile = new java.io.File(((pathPrefix + java.lang.Integer.toString(counter)) + .png)): null

2018-12-14 00:59:26 - [TEST_STEP][PASSED] - Statement - counter = counter + 1: null

2018-12-14 00:59:26 - [TEST_STEP][PASSED] - Statement - PreSaveFile = new java.io.File(((pathPrefix + java.lang.Integer.toString(counter)) + .png)): null

2018-12-14 00:59:26 - [TEST_STEP][PASSED] - Statement - counter = counter + 1: null

2018-12-14 00:59:26 - [TEST_STEP][PASSED] - Statement - PreSaveFile = new java.io.File(((pathPrefix + java.lang.Integer.toString(counter)) + .png)): null

2018-12-14 00:59:26 - [TEST_STEP][PASSED] - Statement - finalPath = pathPrefix + java.lang.Integer.toString(counter) + ".png": null

2018-12-14 00:59:26 - [TEST_STEP][PASSED] - Statement - SaveFile = new java.io.File(finalPath): null

2018-12-14 00:59:26 - [TEST_STEP][PASSED] - Statement - Try: null

2018-12-14 00:59:26 - [TEST_STEP][PASSED] - Statement - org.apache.commons.io.FileUtils.copyFile(scrFile, SaveFile): null

2018-12-14 00:59:26 - [TEST_STEP][PASSED] - Statement - out.println("file kept"): null

2018-12-14 00:59:26 - [TEST_STEP][PASSED] - delay: Delayed 10 second(s)

2018-12-14 00:59:36 - [MESSAGE][PASSED] - Delayed 10 second(s)

2018-12-14 00:59:36 - [MESSAGE][PASSED] - Call Test Case 'Test Cases/Final Aug 2018 - PKS Automation/Registration Module/New Registration/Submit and Screenshot/Submit Registration and Screenshot - Copy' successfully

2018-12-14 00:59:36 - [TEST_STEP][PASSED] - Statement - UpdateAddNewECode = com.kms.katalon.core.webui.keyword.WebUiBuiltInKeywords.getText(com.kms.katalon.core.testobject.ObjectRepository.findTestObject(Object Repository/Final Object Repo/Page_Update Add New Employee - ASSIST/getEmpCode)): Text of object 'Object Repository/Final Object Repo/Page_Update Add New Employee - ASSIST/getEmpCode' is: 'E1102070878Z'

2018-12-14 00:59:36 - [MESSAGE][PASSED] - Text of object 'Object Repository/Final Object Repo/Page_Update Add New Employee - ASSIST/getEmpCode' is: 'E1102070878Z'

2018-12-14 00:59:36 - [TEST_STEP][PASSED] - callTestCase: Call Test Case 'Test Cases/Final Aug 2018 - PKS Automation/Common/Emp Code Setter' successfully

2018-12-14 00:59:36 - [TEST_CASE][PASSED] - Test Cases/Final Aug 2018 - PKS Automation/Common/Emp Code Setter: Test Cases/Final Aug 2018 - PKS Automation/Common/Emp Code Setter

2018-12-14 00:59:36 - [TEST_STEP][PASSED] - Statement - EmpCodeOld = new java.io.File(C://Users//Admin//Desktop//PKS//Automation Reference Point//EmpCode.txt): null

2018-12-14 00:59:36 - [TEST_STEP][PASSED] - Statement - EmpCodeOld.delete(): null

2018-12-14 00:59:36 - [TEST_STEP][PASSED] - Statement - EmpCode = new java.io.File(C://Users//Admin//Desktop//PKS//Automation Reference Point//EmpCode.txt): null

2018-12-14 00:59:36 - [TEST_STEP][PASSED] - Statement - f2 = new java.io.FileWriter(EmpCode, false): null

2018-12-14 00:59:36 - [TEST_STEP][PASSED] - Statement - f2.write(UpdateAddNewECode): null

2018-12-14 00:59:36 - [TEST_STEP][PASSED] - Statement - f2.close(): null

2018-12-14 00:59:36 - [TEST_STEP][PASSED] - Statement - out.println("


" + UpdateAddNewECode + "


"): null

2018-12-14 00:59:36 - [MESSAGE][PASSED] - Call Test Case 'Test Cases/Final Aug 2018 - PKS Automation/Common/Emp Code Setter' successfully

2018-12-14 00:59:36 - [MESSAGE][PASSED] - Call Test Case 'Test Cases/Final Aug 2018 - PKS Automation/Registration Module/Workflow/Update Add New Employee/Template/New Company for Update Add New - Employer' successfully

2018-12-14 00:59:36 - [TEST_STEP][PASSED] - callTestCase: Call Test Case 'Test Cases/Final Aug 2018 - PKS Automation/Registration Module/Log Out/log out avoiding katalon tagging' successfully

2018-12-14 00:59:36 - [TEST_CASE][PASSED] - Test Cases/Final Aug 2018 - PKS Automation/Registration Module/Log Out/log out avoiding katalon tagging: Test Cases/Final Aug 2018 - PKS Automation/Registration Module/Log Out/log out avoiding katalon tagging

2018-12-14 00:59:36 - [TEST_STEP][PASSED] - navigateToUrl: Navigate to 'https://assist2-uat.perkeso.gov.my/c/portal/logout' successfully

2018-12-14 00:59:37 - [MESSAGE][PASSED] - Navigate to 'https://assist2-uat.perkeso.gov.my/c/portal/logout' successfully

2018-12-14 00:59:37 - [MESSAGE][PASSED] - Call Test Case 'Test Cases/Final Aug 2018 - PKS Automation/Registration Module/Log Out/log out avoiding katalon tagging' successfully

2018-12-14 00:59:37 - [TEST_STEP][PASSED] - callTestCase: Call Test Case 'Test Cases/Final Aug 2018 - PKS Automation/Registration Module/New Registration/Form 2/Date Updater' successfully

2018-12-14 00:59:37 - [TEST_CASE][PASSED] - Test Cases/Final Aug 2018 - PKS Automation/Registration Module/New Registration/Form 2/Date Updater: Test Cases/Final Aug 2018 - PKS Automation/Registration Module/New Registration/Form 2/Date Updater

2018-12-14 00:59:37 - [TEST_STEP][PASSED] - Statement - TodayDate = new java.util.Date(): null

2018-12-14 00:59:37 - [TEST_STEP][PASSED] - Statement - CurrentDateNoFilter = new java.text.SimpleDateFormat(): null

2018-12-14 00:59:37 - [TEST_STEP][PASSED] - Statement - CurrentDateNoFilter.applyPattern("MM"): null

2018-12-14 00:59:37 - [TEST_STEP][PASSED] - Statement - monthContainerMatcher = java.lang.Integer.parseInt(CurrentDateNoFilter.format(TodayDate)): null

2018-12-14 00:59:37 - [TEST_STEP][PASSED] - Statement - monthContainerMatcher = monthContainerMatcher - 1: null

2018-12-14 00:59:37 - [TEST_STEP][PASSED] - Statement - CurrentMonth = monthContainerMatcher.toString(): null

2018-12-14 00:59:37 - [TEST_STEP][PASSED] - Statement - CurrentMonth = CurrentMonth: null

2018-12-14 00:59:37 - [TEST_STEP][PASSED] - Statement - CurrentDateNoFilter.applyPattern("yyyy"): null

2018-12-14 00:59:37 - [TEST_STEP][PASSED] - Statement - CurrentYear = CurrentDateNoFilter.format(TodayDate): null

2018-12-14 00:59:37 - [TEST_STEP][PASSED] - Statement - CurrentYear = CurrentYear: null

2018-12-14 00:59:37 - [TEST_STEP][PASSED] - Statement - intCurrentYear = java.lang.Integer.parseInt(CurrentDateNoFilter.format(TodayDate)): null

2018-12-14 00:59:37 - [TEST_STEP][PASSED] - Statement - eighteenYrsAgo = intCurrentYear - 18: null

2018-12-14 00:59:37 - [TEST_STEP][PASSED] - Statement - eighteenYrsBeforeThisYr = eighteenYrsAgo.toString(): null

2018-12-14 00:59:37 - [TEST_STEP][PASSED] - Statement - EighteenYrsBefore = eighteenYrsBeforeThisYr: null

2018-12-14 00:59:37 - [TEST_STEP][PASSED] - Statement - fiftysevenYrsAgo = intCurrentYear - 57: null

2018-12-14 00:59:37 - [TEST_STEP][PASSED] - Statement - fiftysevenYrsBeforeThisYr = fiftysevenYrsAgo.toString(): null

2018-12-14 00:59:37 - [TEST_STEP][PASSED] - Statement - FiftysevenYrsBefore = fiftysevenYrsBeforeThisYr: null

2018-12-14 00:59:37 - [TEST_STEP][PASSED] - Statement - leapYear = false: null

2018-12-14 00:59:37 - [TEST_STEP][PASSED] - Statement - leapYear = intCurrentYear % 4 == 0: null

2018-12-14 00:59:37 - [TEST_STEP][PASSED] - Statement - CurrentDateNoFilter.applyPattern("dd"): null

2018-12-14 00:59:37 - [TEST_STEP][PASSED] - Statement - CurrentDate = CurrentDateNoFilter.format(TodayDate): null

2018-12-14 00:59:37 - [TEST_STEP][PASSED] - Statement - CurrentDate = java.lang.Integer.parseInt(CurrentDate): null

2018-12-14 00:59:37 - [TEST_STEP][PASSED] - Statement - CurrentDate = CurrentDate: null

2018-12-14 00:59:37 - [TEST_STEP][PASSED] - Statement - CurrentDay = java.lang.Integer.parseInt(CurrentDate): null

2018-12-14 00:59:37 - [TEST_STEP][PASSED] - Statement - ConfAdder = <not implemented yet for class: org.codehaus.groovy.ast.expr.EmptyExpression>: null

2018-12-14 00:59:37 - [TEST_STEP][PASSED] - Statement - out.println(CurrentMonth): null

2018-12-14 00:59:37 - [TEST_STEP][PASSED] - Statement - out.println(CurrentDate): null

2018-12-14 00:59:37 - [TEST_STEP][PASSED] - Statement - switch (CurrentDate): null

2018-12-14 00:59:37 - [TEST_STEP][PASSED] - Statement - Default: null

2018-12-14 00:59:37 - [TEST_STEP][PASSED] - Statement - ConfAdder = true: null

2018-12-14 00:59:37 - [TEST_STEP][PASSED] - Statement - Break: null

2018-12-14 00:59:37 - [TEST_STEP][PASSED] - Statement - aDayBefore = <not implemented yet for class: org.codehaus.groovy.ast.expr.EmptyExpression>: null

2018-12-14 00:59:37 - [TEST_STEP][PASSED] - Statement - out.println(ConfAdder): null

2018-12-14 00:59:37 - [TEST_STEP][PASSED] - Statement - If (ConfAdder == true): null

2018-12-14 00:59:37 - [TEST_STEP][PASSED] - Statement - aDayBefore = CurrentDay + 1: null

2018-12-14 00:59:37 - [TEST_STEP][PASSED] - Statement - out.println(aDayBefore): null

2018-12-14 00:59:37 - [TEST_STEP][PASSED] - Statement - If (aDayBefore == 1 && CurrentMonth == 11): null

2018-12-14 00:59:37 - [TEST_STEP][PASSED] - Statement - DayBefore = aDayBefore.toString(): null

2018-12-14 00:59:37 - [TEST_STEP][PASSED] - Statement - OneDayBefore = DayBefore: null

2018-12-14 00:59:37 - [MESSAGE][PASSED] - Call Test Case 'Test Cases/Final Aug 2018 - PKS Automation/Registration Module/New Registration/Form 2/Date Updater' successfully

2018-12-14 00:59:37 - [TEST_STEP][PASSED] - delay: Delayed 2 second(s)

2018-12-14 00:59:39 - [MESSAGE][PASSED] - Delayed 2 second(s)

2018-12-14 00:59:39 - [TEST_STEP][PASSED] - callTestCase: Call Test Case 'Test Cases/Final Aug 2018 - PKS Automation/Create Employer Acc/Login to Employer Account (Second time)' successfully

2018-12-14 00:59:39 - [TEST_CASE][PASSED] - Test Cases/Final Aug 2018 - PKS Automation/Create Employer Acc/Login to Employer Account (Second time): Test Cases/Final Aug 2018 - PKS Automation/Create Employer Acc/Login to Employer Account (Second time)

2018-12-14 00:59:39 - [TEST_STEP][PASSED] - openBrowser: Browser is opened with url: ''

2018-12-14 00:59:39 - [MESSAGE][WARNING] - A browser is already opened. Closing browser and opening a new one

2018-12-14 00:59:43 - [MESSAGE][PASSED] - Browser is opened with url: ''

2018-12-14 00:59:43 - [TEST_STEP][PASSED] - navigateToUrl: Navigate to 'https://assist2-uat.perkeso.gov.my/employer/login' successfully

2018-12-14 00:59:44 - [MESSAGE][PASSED] - Navigate to 'https://assist2-uat.perkeso.gov.my/employer/login' successfully

2018-12-14 00:59:44 - [TEST_STEP][PASSED] - delay: Delayed 3 second(s)

2018-12-14 00:59:47 - [MESSAGE][PASSED] - Delayed 3 second(s)

2018-12-14 00:59:47 - [TEST_STEP][PASSED] - callTestCase: Call Test Case 'Test Cases/Final Aug 2018 - PKS Automation/Create Employer Acc/Template/Employer Email Getter' successfully

2018-12-14 00:59:47 - [TEST_CASE][PASSED] - Test Cases/Final Aug 2018 - PKS Automation/Create Employer Acc/Template/Employer Email Getter: Test Cases/Final Aug 2018 - PKS Automation/Create Employer Acc/Template/Employer Email Getter

2018-12-14 00:59:47 - [TEST_STEP][PASSED] - Statement - Try: null

2018-12-14 00:59:47 - [TEST_STEP][PASSED] - Statement - EmpEmail = new java.io.File(C://Users//Admin//Desktop//PKS//Automation Reference Point//EmpEmail.txt): null

2018-12-14 00:59:47 - [TEST_STEP][PASSED] - Statement - bufferread = new java.io.BufferedReader(new java.io.FileReader(EmpEmail)): null

2018-12-14 00:59:47 - [TEST_STEP][PASSED] - Statement - readedVal = bufferread.readLine(): null

2018-12-14 00:59:47 - [TEST_STEP][PASSED] - Statement - out.println(readedVal): null

2018-12-14 00:59:47 - [TEST_STEP][PASSED] - Statement - Email = readedVal: null

2018-12-14 00:59:47 - [MESSAGE][PASSED] - Call Test Case 'Test Cases/Final Aug 2018 - PKS Automation/Create Employer Acc/Template/Employer Email Getter' successfully

2018-12-14 00:59:47 - [TEST_STEP][PASSED] - setText: Text 'perkeso281305748231@gmail.com' is set on object 'Object Repository/Final Object Repo/Login Page/External Login Page/Email'

2018-12-14 00:59:48 - [MESSAGE][PASSED] - Text 'perkeso281305748231@gmail.com' is set on object 'Object Repository/Final Object Repo/Login Page/External Login Page/Email'

2018-12-14 00:59:48 - [TEST_STEP][PASSED] - click: Object: 'Object Repository/Final Object Repo/Login Page/External Login Page/Next' is clicked on

2018-12-14 00:59:48 - [MESSAGE][PASSED] - Object: 'Object Repository/Final Object Repo/Login Page/External Login Page/Next' is clicked on

2018-12-14 00:59:48 - [TEST_STEP][PASSED] - delay: Delayed 3 second(s)

2018-12-14 00:59:51 - [MESSAGE][PASSED] - Delayed 3 second(s)

2018-12-14 00:59:51 - [TEST_STEP][PASSED] - setEncryptedText: Text ****** has been set on object 'Object Repository/Final Object Repo/Login Page/External Login Page/Password'

2018-12-14 00:59:51 - [MESSAGE][PASSED] - Text ****** has been set on object 'Object Repository/Final Object Repo/Login Page/External Login Page/Password'

2018-12-14 00:59:51 - [TEST_STEP][PASSED] - click: Object: 'Object Repository/Final Object Repo/Login Page/External Login Page/Login' is clicked on

2018-12-14 00:59:51 - [MESSAGE][PASSED] - Object: 'Object Repository/Final Object Repo/Login Page/External Login Page/Login' is clicked on

2018-12-14 00:59:51 - [TEST_STEP][PASSED] - delay: Delayed 5 second(s)

2018-12-14 00:59:56 - [MESSAGE][PASSED] - Delayed 5 second(s)

2018-12-14 00:59:56 - [MESSAGE][PASSED] - Call Test Case 'Test Cases/Final Aug 2018 - PKS Automation/Create Employer Acc/Login to Employer Account (Second time)' successfully

2018-12-14 00:59:56 - [TEST_STEP][PASSED] - delay: Delayed 4 second(s)

2018-12-14 01:00:00 - [MESSAGE][PASSED] - Delayed 4 second(s)

2018-12-14 01:00:00 - [TEST_STEP][PASSED] - Statement - Try: Delayed 2 second(s)

2018-12-14 01:00:00 - [TEST_STEP][PASSED] - Statement - Checker = false: null

2018-12-14 01:00:00 - [TEST_STEP][PASSED] - Statement - Checker = com.kms.katalon.core.webui.keyword.WebUiBuiltInKeywords.verifyElementHasAttribute(com.kms.katalon.core.testobject.ObjectRepository.findTestObject(Final Object Repo/Landing Page/BM Detecting), "href", 20, OPTIONAL): Object 'Object Repository/Final Object Repo/Landing Page/BM Detecting' has attribute 'href'

2018-12-14 01:00:00 - [MESSAGE][PASSED] - Object 'Object Repository/Final Object Repo/Landing Page/BM Detecting' has attribute 'href'

2018-12-14 01:00:00 - [TEST_STEP][PASSED] - Statement - out.println(Checker): null

2018-12-14 01:00:00 - [TEST_STEP][PASSED] - Statement - If (Checker == false): null

2018-12-14 01:00:00 - [TEST_STEP][PASSED] - Statement - Else: null

2018-12-14 01:00:00 - [TEST_STEP][PASSED] - delay: Delayed 2 second(s)

2018-12-14 01:00:02 - [MESSAGE][PASSED] - Delayed 2 second(s)

2018-12-14 01:00:02 - [TEST_STEP][PASSED] - delay: Delayed 4 second(s)

2018-12-14 01:00:06 - [MESSAGE][PASSED] - Delayed 4 second(s)

2018-12-14 01:00:06 - [TEST_STEP][PASSED] - click: Object: 'Object Repository/Final Object Repo/Page_Update Add New Employee - ASSIST/My Sites Drop Down' is clicked on

2018-12-14 01:00:06 - [MESSAGE][PASSED] - Object: 'Object Repository/Final Object Repo/Page_Update Add New Employee - ASSIST/My Sites Drop Down' is clicked on

2018-12-14 01:00:06 - [TEST_STEP][PASSED] - click: Object: 'Object Repository/Final Object Repo/Page_Update Add New Employee - ASSIST/Select to Registration Module' is clicked on

2018-12-14 01:00:11 - [MESSAGE][PASSED] - Object: 'Object Repository/Final Object Repo/Page_Update Add New Employee - ASSIST/Select to Registration Module' is clicked on

2018-12-14 01:00:11 - [TEST_STEP][NOT_RUN] - navigateToUrl: NOT_RUN: navigateToUrl

2018-12-14 01:00:11 - [MESSAGE][NOT_RUN] - NOT_RUN: navigateToUrl

2018-12-14 01:00:11 - [TEST_STEP][PASSED] - mouseOver: Object: 'Object Repository/Final Object Repo/Page_Update Add New Employee - ASSIST/Select to Update Akta 4 Tab' is hovered

2018-12-14 01:00:11 - [MESSAGE][PASSED] - Object: 'Object Repository/Final Object Repo/Page_Update Add New Employee - ASSIST/Select to Update Akta 4 Tab' is hovered

2018-12-14 01:00:11 - [TEST_STEP][PASSED] - delay: Delayed 2 second(s)

2018-12-14 01:00:13 - [MESSAGE][PASSED] - Delayed 2 second(s)

2018-12-14 01:00:13 - [TEST_STEP][PASSED] - click: Object: 'Object Repository/Final Object Repo/Page_Update Add New Employee - ASSIST/Select to Update Add New Employee' is clicked on

2018-12-14 01:00:14 - [MESSAGE][PASSED] - Object: 'Object Repository/Final Object Repo/Page_Update Add New Employee - ASSIST/Select to Update Add New Employee' is clicked on

2018-12-14 01:00:14 - [TEST_STEP][PASSED] - delay: Delayed 2 second(s)

2018-12-14 01:00:16 - [MESSAGE][PASSED] - Delayed 2 second(s)

2018-12-14 01:00:16 - [TEST_STEP][PASSED] - setText: Text 'E1102070878Z' is set on object 'Object Repository/Final Object Repo/Page_Update Add New Employee - ASSIST/Employer Code input textbox'

2018-12-14 01:00:16 - [MESSAGE][PASSED] - Text 'E1102070878Z' is set on object 'Object Repository/Final Object Repo/Page_Update Add New Employee - ASSIST/Employer Code input textbox'

2018-12-14 01:00:16 - [TEST_STEP][PASSED] - delay: Delayed 2 second(s)

2018-12-14 01:00:18 - [MESSAGE][PASSED] - Delayed 2 second(s)

2018-12-14 01:00:18 - [TEST_STEP][PASSED] - click: Object: 'Object Repository/Final Object Repo/Page_Update Add New Employee - ASSIST/Search Button for Employer Code' is clicked on

2018-12-14 01:00:18 - [MESSAGE][PASSED] - Object: 'Object Repository/Final Object Repo/Page_Update Add New Employee - ASSIST/Search Button for Employer Code' is clicked on

2018-12-14 01:00:18 - [TEST_STEP][PASSED] - delay: Delayed 4 second(s)

2018-12-14 01:00:22 - [MESSAGE][PASSED] - Delayed 4 second(s)

2018-12-14 01:00:22 - [TEST_STEP][PASSED] - click: Object: 'Object Repository/Final Object Repo/Page_Update Add New Employee - ASSIST/Click to Edit Case' is clicked on

2018-12-14 01:00:25 - [MESSAGE][PASSED] - Object: 'Object Repository/Final Object Repo/Page_Update Add New Employee - ASSIST/Click to Edit Case' is clicked on

2018-12-14 01:00:25 - [TEST_STEP][PASSED] - callTestCase: Call Test Case 'Test Cases/Final Aug 2018 - PKS Automation/Registration Module/Workflow/Update Add New Employee/Template/Employee Adding/Employee Adding Action liability date change - Employer Access' successfully

2018-12-14 01:00:25 - [TEST_CASE][PASSED] - Test Cases/Final Aug 2018 - PKS Automation/Registration Module/Workflow/Update Add New Employee/Template/Employee Adding/Employee Adding Action liability date change - Employer Access: Test Cases/Final Aug 2018 - PKS Automation/Registration Module/Workflow/Update Add New Employee/Template/Employee Adding/Employee Adding Action liability date change - Employer Access

2018-12-14 01:00:25 - [TEST_STEP][PASSED] - delay: Delayed 4 second(s)

2018-12-14 01:00:29 - [MESSAGE][PASSED] - Delayed 4 second(s)

2018-12-14 01:00:29 - [TEST_STEP][PASSED] - click: Object: 'Object Repository/Final Object Repo/Page_Update Add New Employee - ASSIST/Add Employee Button' is clicked on

2018-12-14 01:00:29 - [MESSAGE][PASSED] - Object: 'Object Repository/Final Object Repo/Page_Update Add New Employee - ASSIST/Add Employee Button' is clicked on

2018-12-14 01:00:29 - [TEST_STEP][PASSED] - delay: Delayed 3 second(s)

2018-12-14 01:00:32 - [MESSAGE][PASSED] - Delayed 3 second(s)

2018-12-14 01:00:32 - [TEST_STEP][PASSED] - setText: Text '830081009219' is set on object 'Object Repository/Final Object Repo/Page_Update Add New Employee - ASSIST/NRIC Input'

2018-12-14 01:00:33 - [MESSAGE][PASSED] - Text '830081009219' is set on object 'Object Repository/Final Object Repo/Page_Update Add New Employee - ASSIST/NRIC Input'

2018-12-14 01:00:33 - [TEST_STEP][PASSED] - delay: Delayed 2 second(s)

2018-12-14 01:00:35 - [MESSAGE][PASSED] - Delayed 2 second(s)

2018-12-14 01:00:35 - [TEST_STEP][PASSED] - setText: Text 'Automate002 Employee eligible 1' is set on object 'Object Repository/Final Object Repo/Page_Update Add New Employee - ASSIST/Employee Name Input'

2018-12-14 01:00:35 - [MESSAGE][PASSED] - Text 'Automate002 Employee eligible 1' is set on object 'Object Repository/Final Object Repo/Page_Update Add New Employee - ASSIST/Employee Name Input'

2018-12-14 01:00:35 - [TEST_STEP][PASSED] - delay: Delayed 2 second(s)

2018-12-14 01:00:37 - [MESSAGE][PASSED] - Delayed 2 second(s)

2018-12-14 01:00:37 - [TEST_STEP][PASSED] - click: Object: 'Object Repository/Final Object Repo/Page_Update Add New Employee - ASSIST/DatePicker Pop Up' is clicked on

2018-12-14 01:00:37 - [MESSAGE][PASSED] - Object: 'Object Repository/Final Object Repo/Page_Update Add New Employee - ASSIST/DatePicker Pop Up' is clicked on

2018-12-14 01:00:37 - [TEST_STEP][PASSED] - click: Object: 'Object Repository/Final Object Repo/Page_Update Add New Employee - ASSIST/DOB Month' is clicked on

2018-12-14 01:00:38 - [MESSAGE][PASSED] - Object: 'Object Repository/Final Object Repo/Page_Update Add New Employee - ASSIST/DOB Month' is clicked on

2018-12-14 01:00:38 - [TEST_STEP][PASSED] - Statement - CurrentMonth = CurrentMonth: null

2018-12-14 01:00:38 - [TEST_STEP][PASSED] - Statement - selectMonth = new com.kms.katalon.core.testobject.TestObject(): null

2018-12-14 01:00:38 - [TEST_STEP][PASSED] - Statement - selectMonth.addProperty("xpath", EQUALS, "//body/div/div/div/select/option[@value='" + CurrentMonth + "']", true): null

2018-12-14 01:00:38 - [TEST_STEP][PASSED] - click: Object: '' is clicked on

2018-12-14 01:00:38 - [MESSAGE][PASSED] - Object: '' is clicked on

2018-12-14 01:00:38 - [TEST_STEP][PASSED] - click: Object: 'Object Repository/Final Object Repo/Page_Update Add New Employee - ASSIST/DOB Year' is clicked on

2018-12-14 01:00:38 - [MESSAGE][PASSED] - Object: 'Object Repository/Final Object Repo/Page_Update Add New Employee - ASSIST/DOB Year' is clicked on

2018-12-14 01:00:38 - [TEST_STEP][PASSED] - Statement - Eyearsbf = EighteenYrsBefore: null

2018-12-14 01:00:38 - [TEST_STEP][PASSED] - Statement - selectYear = new com.kms.katalon.core.testobject.TestObject(): null

2018-12-14 01:00:38 - [TEST_STEP][PASSED] - Statement - selectYear.addProperty("xpath", EQUALS, "//div/div/div/select/option[@value='" + Eyearsbf + "']", true): null

2018-12-14 01:00:38 - [TEST_STEP][PASSED] - click: Object: '' is clicked on

2018-12-14 01:00:38 - [MESSAGE][PASSED] - Object: '' is clicked on

2018-12-14 01:00:38 - [TEST_STEP][PASSED] - Statement - UpdatedSelectDate = com.kms.katalon.core.webui.keyword.WebUiBuiltInKeywords.modifyObjectProperty(com.kms.katalon.core.testobject.ObjectRepository.findTestObject(Final Object Repo/Page_Update Add New Employee - ASSIST/DOB Date), "xpath", "equals", "//body/div/table/tbody/tr/td/a[text()="" + CurrentDate + ""]", true): Modify property of object successfully

2018-12-14 01:00:38 - [MESSAGE][PASSED] - Modify property of object successfully

2018-12-14 01:00:38 - [TEST_STEP][PASSED] - delay: Delayed 3 second(s)

2018-12-14 01:00:41 - [MESSAGE][PASSED] - Delayed 3 second(s)

2018-12-14 01:00:41 - [TEST_STEP][PASSED] - click: Object: 'Object Repository/Final Object Repo/Page_Update Add New Employee - ASSIST/DOB Date' is clicked on

2018-12-14 01:00:41 - [MESSAGE][PASSED] - Object: 'Object Repository/Final Object Repo/Page_Update Add New Employee - ASSIST/DOB Date' is clicked on

2018-12-14 01:00:41 - [TEST_STEP][PASSED] - delay: Delayed 2 second(s)

2018-12-14 01:00:43 - [MESSAGE][PASSED] - Delayed 2 second(s)

2018-12-14 01:00:43 - [TEST_STEP][PASSED] - click: Object: 'Object Repository/Final Object Repo/Page_Update Add New Employee - ASSIST/EmploymentStartDate Pop Up' is clicked on

2018-12-14 01:00:43 - [MESSAGE][PASSED] - Object: 'Object Repository/Final Object Repo/Page_Update Add New Employee - ASSIST/EmploymentStartDate Pop Up' is clicked on

2018-12-14 01:00:43 - [TEST_STEP][PASSED] - delay: Delayed 2 second(s)

2018-12-14 01:00:45 - [MESSAGE][PASSED] - Delayed 2 second(s)

2018-12-14 01:00:45 - [TEST_STEP][PASSED] - click: Object: 'Object Repository/Final Object Repo/Page_Update Add New Employee - ASSIST/Socso Employment StartDate Month' is clicked on

2018-12-14 01:00:46 - [MESSAGE][PASSED] - Object: 'Object Repository/Final Object Repo/Page_Update Add New Employee - ASSIST/Socso Employment StartDate Month' is clicked on

2018-12-14 01:00:46 - [TEST_STEP][PASSED] - delay: Delayed 1 second(s)

2018-12-14 01:00:47 - [MESSAGE][PASSED] - Delayed 1 second(s)

2018-12-14 01:00:47 - [TEST_STEP][PASSED] - click: Object: 'Object Repository/Final Object Repo/Page_Update Add New Employee - ASSIST/Select Socso Employement Startdate Month' is clicked on

2018-12-14 01:00:47 - [MESSAGE][PASSED] - Object: 'Object Repository/Final Object Repo/Page_Update Add New Employee - ASSIST/Select Socso Employement Startdate Month' is clicked on

2018-12-14 01:00:47 - [TEST_STEP][PASSED] - delay: Delayed 2 second(s)

2018-12-14 01:00:49 - [MESSAGE][PASSED] - Delayed 2 second(s)

2018-12-14 01:00:49 - [TEST_STEP][PASSED] - click: Object: 'Object Repository/Final Object Repo/Page_Update Add New Employee - ASSIST/Socso Employment StartDate Year' is clicked on

2018-12-14 01:00:49 - [MESSAGE][PASSED] - Object: 'Object Repository/Final Object Repo/Page_Update Add New Employee - ASSIST/Socso Employment StartDate Year' is clicked on

2018-12-14 01:00:49 - [TEST_STEP][PASSED] - delay: Delayed 1 second(s)

2018-12-14 01:00:50 - [MESSAGE][PASSED] - Delayed 1 second(s)

2018-12-14 01:00:50 - [TEST_STEP][PASSED] - click: Object: 'Object Repository/Final Object Repo/Page_Update Add New Employee - ASSIST/Select Socso Employment Startdate Year - Emp Update Add New' is clicked on

2018-12-14 01:00:50 - [MESSAGE][PASSED] - Object: 'Object Repository/Final Object Repo/Page_Update Add New Employee - ASSIST/Select Socso Employment Startdate Year - Emp Update Add New' is clicked on

2018-12-14 01:00:50 - [TEST_STEP][PASSED] - delay: Delayed 2 second(s)

2018-12-14 01:00:52 - [MESSAGE][PASSED] - Delayed 2 second(s)

2018-12-14 01:00:52 - [TEST_STEP][PASSED] - click: Object: 'Object Repository/Final Object Repo/Page_Update Add New Employee - ASSIST/Socso Employment Start Date Day' is clicked on

2018-12-14 01:00:52 - [MESSAGE][PASSED] - Object: 'Object Repository/Final Object Repo/Page_Update Add New Employee - ASSIST/Socso Employment Start Date Day' is clicked on

2018-12-14 01:00:52 - [TEST_STEP][PASSED] - delay: Delayed 2 second(s)

2018-12-14 01:00:54 - [MESSAGE][PASSED] - Delayed 2 second(s)

2018-12-14 01:00:54 - [TEST_STEP][PASSED] - click: Object: 'Object Repository/Final Object Repo/Page_Update Add New Employee - ASSIST/Save Button for Add Employee' is clicked on

2018-12-14 01:00:54 - [MESSAGE][PASSED] - Object: 'Object Repository/Final Object Repo/Page_Update Add New Employee - ASSIST/Save Button for Add Employee' is clicked on

2018-12-14 01:00:54 - [MESSAGE][PASSED] - Call Test Case 'Test Cases/Final Aug 2018 - PKS Automation/Registration Module/Workflow/Update Add New Employee/Template/Employee Adding/Employee Adding Action liability date change - Employer Access' successfully

2018-12-14 01:00:54 - [TEST_STEP][PASSED] - delay: Delayed 4 second(s)

2018-12-14 01:00:58 - [MESSAGE][PASSED] - Delayed 4 second(s)

2018-12-14 01:00:58 - [TEST_STEP][PASSED] - Statement - CaseReferenceNo = com.kms.katalon.core.webui.keyword.WebUiBuiltInKeywords.getText(com.kms.katalon.core.testobject.ObjectRepository.findTestObject(Final Object Repo/Page_Update Add New Employee - ASSIST/RefNo)): Text of object 'Object Repository/Final Object Repo/Page_Update Add New Employee - ASSIST/RefNo' is: 'CAN12201800002350'

2018-12-14 01:00:59 - [MESSAGE][PASSED] - Text of object 'Object Repository/Final Object Repo/Page_Update Add New Employee - ASSIST/RefNo' is: 'CAN12201800002350'

2018-12-14 01:00:59 - [TEST_STEP][PASSED] - callTestCase: Call Test Case 'Test Cases/Final Aug 2018 - PKS Automation/Common/Reference Number Setter' successfully

2018-12-14 01:00:59 - [TEST_CASE][PASSED] - Test Cases/Final Aug 2018 - PKS Automation/Common/Reference Number Setter: Test Cases/Final Aug 2018 - PKS Automation/Common/Reference Number Setter

2018-12-14 01:00:59 - [TEST_STEP][PASSED] - Statement - RefNoOldFile = new java.io.File(C://Users//Admin//Desktop//PKS//Automation Reference Point//KatalonReference.txt): null

2018-12-14 01:00:59 - [TEST_STEP][PASSED] - Statement - RefNoOldFile.delete(): null

2018-12-14 01:00:59 - [TEST_STEP][PASSED] - delay: Delayed 5 second(s)

2018-12-14 01:01:04 - [MESSAGE][PASSED] - Delayed 5 second(s)

2018-12-14 01:01:04 - [TEST_STEP][PASSED] - Statement - RefNo = new java.io.File(C://Users//Admin//Desktop//PKS//Automation Reference Point//KatalonReference.txt): null

2018-12-14 01:01:04 - [TEST_STEP][PASSED] - Statement - f2 = new java.io.FileWriter(RefNo, false): null

2018-12-14 01:01:04 - [TEST_STEP][PASSED] - Statement - f2.write(CaseReferenceNo): null

2018-12-14 01:01:04 - [TEST_STEP][PASSED] - Statement - f2.close(): null

2018-12-14 01:01:04 - [TEST_STEP][PASSED] - Statement - out.println("


" + CaseReferenceNo + "


"): null

2018-12-14 01:01:04 - [MESSAGE][PASSED] - Call Test Case 'Test Cases/Final Aug 2018 - PKS Automation/Common/Reference Number Setter' successfully

2018-12-14 01:01:04 - [TEST_STEP][PASSED] - delay: Delayed 5 second(s)

2018-12-14 01:01:09 - [MESSAGE][PASSED] - Delayed 5 second(s)

2018-12-14 01:01:09 - [TEST_STEP][PASSED] - click: Object: 'Object Repository/Final Object Repo/Page_Update Add New Employee - ASSIST/Save  Continue Button' is clicked on

2018-12-14 01:01:09 - [MESSAGE][PASSED] - Object: 'Object Repository/Final Object Repo/Page_Update Add New Employee - ASSIST/Save  Continue Button' is clicked on

2018-12-14 01:01:09 - [TEST_STEP][PASSED] - delay: Delayed 4 second(s)

2018-12-14 01:01:13 - [MESSAGE][PASSED] - Delayed 4 second(s)

2018-12-14 01:01:13 - [TEST_STEP][PASSED] - callTestCase: Call Test Case 'Test Cases/Final Aug 2018 - PKS Automation/Common/Reference Number Getter' successfully

2018-12-14 01:01:13 - [TEST_CASE][PASSED] - Test Cases/Final Aug 2018 - PKS Automation/Common/Reference Number Getter: Test Cases/Final Aug 2018 - PKS Automation/Common/Reference Number Getter

2018-12-14 01:01:13 - [TEST_STEP][PASSED] - Statement - Try: null

2018-12-14 01:01:13 - [TEST_STEP][PASSED] - Statement - RefNo = new java.io.File(C://Users//Admin//Desktop//PKS//Automation Reference Point//KatalonReference.txt): null

2018-12-14 01:01:13 - [TEST_STEP][PASSED] - Statement - bufferread = new java.io.BufferedReader(new java.io.FileReader(RefNo)): null

2018-12-14 01:01:13 - [TEST_STEP][PASSED] - Statement - readedVal = bufferread.readLine(): null

2018-12-14 01:01:13 - [TEST_STEP][PASSED] - Statement - out.println(CaseReferenceNo): null

2018-12-14 01:01:13 - [TEST_STEP][PASSED] - Statement - out.println(readedVal): null

2018-12-14 01:01:13 - [TEST_STEP][PASSED] - Statement - CaseReferenceNo = "": null

2018-12-14 01:01:13 - [TEST_STEP][PASSED] - Statement - CaseReferenceNo = readedVal: null

2018-12-14 01:01:13 - [MESSAGE][PASSED] - Call Test Case 'Test Cases/Final Aug 2018 - PKS Automation/Common/Reference Number Getter' successfully

2018-12-14 01:01:13 - [TEST_STEP][PASSED] - click: Object: 'Object Repository/Final Object Repo/Page_Update Add New Employee - ASSIST/Save  Continue Third Screen' is clicked on

2018-12-14 01:01:16 - [MESSAGE][PASSED] - Object: 'Object Repository/Final Object Repo/Page_Update Add New Employee - ASSIST/Save  Continue Third Screen' is clicked on

2018-12-14 01:01:16 - [TEST_STEP][PASSED] - delay: Delayed 4 second(s)

2018-12-14 01:01:20 - [MESSAGE][PASSED] - Delayed 4 second(s)

2018-12-14 01:01:20 - [TEST_STEP][PASSED] - click: Object: 'Object Repository/Final Object Repo/Page_Update Add New Employee - ASSIST/Save   Continue Supporting Doc Page' is clicked on

2018-12-14 01:01:20 - [MESSAGE][PASSED] - Object: 'Object Repository/Final Object Repo/Page_Update Add New Employee - ASSIST/Save   Continue Supporting Doc Page' is clicked on

2018-12-14 01:01:20 - [TEST_STEP][PASSED] - delay: Delayed 4 second(s)

2018-12-14 01:01:24 - [MESSAGE][PASSED] - Delayed 4 second(s)

2018-12-14 01:01:24 - [TEST_STEP][PASSED] - click: Object: 'Object Repository/Final Object Repo/Page_Update Add New Employee - ASSIST/Submit Button' is clicked on

2018-12-14 01:01:25 - [MESSAGE][PASSED] - Object: 'Object Repository/Final Object Repo/Page_Update Add New Employee - ASSIST/Submit Button' is clicked on

2018-12-14 01:01:25 - [TEST_STEP][PASSED] - delay: Delayed 4 second(s)

2018-12-14 01:01:29 - [MESSAGE][PASSED] - Delayed 4 second(s)

2018-12-14 01:01:29 - [TEST_STEP][PASSED] - click: Object: 'Object Repository/Final Object Repo/Page_Update Add New Employee - ASSIST/Confirm Submit Button' is clicked on

2018-12-14 01:01:29 - [MESSAGE][PASSED] - Object: 'Object Repository/Final Object Repo/Page_Update Add New Employee - ASSIST/Confirm Submit Button' is clicked on

2018-12-14 01:01:29 - [TEST_STEP][PASSED] - delay: Delayed 20 second(s)

2018-12-14 01:01:49 - [MESSAGE][PASSED] - Delayed 20 second(s)

2018-12-14 01:01:49 - [TEST_STEP][PASSED] - callTestCase: Call Test Case 'Test Cases/Final Aug 2018 - PKS Automation/Common/Screenshoting tool' successfully

2018-12-14 01:01:49 - [TEST_CASE][PASSED] - Test Cases/Final Aug 2018 - PKS Automation/Common/Screenshoting tool: Test Cases/Final Aug 2018 - PKS Automation/Common/Screenshoting tool

2018-12-14 01:01:49 - [TEST_STEP][PASSED] - delay: Delayed 15 second(s)

2018-12-14 01:02:04 - [MESSAGE][PASSED] - Delayed 15 second(s)

2018-12-14 01:02:04 - [TEST_STEP][PASSED] - Statement - driver = com.kms.katalon.core.webui.driver.DriverFactory.getWebDriver(): null

2018-12-14 01:02:04 - [TEST_STEP][PASSED] - Statement - driver.manage().timeouts().implicitlyWait(10, SECONDS): null

2018-12-14 01:02:04 - [TEST_STEP][PASSED] - Statement - PresavePath = KatalonScreenshots: null

2018-12-14 01:02:04 - [TEST_STEP][PASSED] - Statement - pathPrefix = "C:\Users\Public\Pictures\Sample Pictures\Katalon Screenshots\Automate Ending Screen": null

2018-12-14 01:02:04 - [TEST_STEP][PASSED] - Statement - finalPath = <not implemented yet for class: org.codehaus.groovy.ast.expr.EmptyExpression>: null

2018-12-14 01:02:04 - [TEST_STEP][PASSED] - Statement - scrFile = driver.getScreenshotAs(FILE): null

2018-12-14 01:02:05 - [TEST_STEP][PASSED] - Statement - PreSaveFile = new java.io.File(PresavePath): null

2018-12-14 01:02:05 - [TEST_STEP][PASSED] - Statement - counter = 0: null

2018-12-14 01:02:05 - [TEST_STEP][PASSED] - Statement - If (PreSaveFile.exists()): null

2018-12-14 01:02:05 - [TEST_STEP][PASSED] - Statement - While (PreSaveFile.exists()): null

2018-12-14 01:02:05 - [TEST_STEP][PASSED] - Statement - counter = counter + 1: null

2018-12-14 01:02:05 - [TEST_STEP][PASSED] - Statement - PreSaveFile = new java.io.File(((pathPrefix + java.lang.Integer.toString(counter)) + .png)): null

2018-12-14 01:02:05 - [TEST_STEP][PASSED] - Statement - counter = counter + 1: null

2018-12-14 01:02:05 - [TEST_STEP][PASSED] - Statement - PreSaveFile = new java.io.File(((pathPrefix + java.lang.Integer.toString(counter)) + .png)): null

2018-12-14 01:02:05 - [TEST_STEP][PASSED] - Statement - counter = counter + 1: null

2018-12-14 01:02:05 - [TEST_STEP][PASSED] - Statement - PreSaveFile = new java.io.File(((pathPrefix + java.lang.Integer.toString(counter)) + .png)): null

2018-12-14 01:02:05 - [TEST_STEP][PASSED] - Statement - counter = counter + 1: null

2018-12-14 01:02:05 - [TEST_STEP][PASSED] - Statement - PreSaveFile = new java.io.File(((pathPrefix + java.lang.Integer.toString(counter)) + .png)): null

2018-12-14 01:02:05 - [TEST_STEP][PASSED] - Statement - counter = counter + 1: null

2018-12-14 01:02:05 - [TEST_STEP][PASSED] - Statement - PreSaveFile = new java.io.File(((pathPrefix + java.lang.Integer.toString(counter)) + .png)): null

2018-12-14 01:02:05 - [TEST_STEP][PASSED] - Statement - counter = counter + 1: null

2018-12-14 01:02:05 - [TEST_STEP][PASSED] - Statement - PreSaveFile = new java.io.File(((pathPrefix + java.lang.Integer.toString(counter)) + .png)): null

2018-12-14 01:02:05 - [TEST_STEP][PASSED] - Statement - counter = counter + 1: null

2018-12-14 01:02:05 - [TEST_STEP][PASSED] - Statement - PreSaveFile = new java.io.File(((pathPrefix + java.lang.Integer.toString(counter)) + .png)): null

2018-12-14 01:02:05 - [TEST_STEP][PASSED] - Statement - counter = counter + 1: null

2018-12-14 01:02:05 - [TEST_STEP][PASSED] - Statement - PreSaveFile = new java.io.File(((pathPrefix + java.lang.Integer.toString(counter)) + .png)): null

2018-12-14 01:02:05 - [TEST_STEP][PASSED] - Statement - counter = counter + 1: null

2018-12-14 01:02:05 - [TEST_STEP][PASSED] - Statement - PreSaveFile = new java.io.File(((pathPrefix + java.lang.Integer.toString(counter)) + .png)): null

2018-12-14 01:02:05 - [TEST_STEP][PASSED] - Statement - counter = counter + 1: null

2018-12-14 01:02:05 - [TEST_STEP][PASSED] - Statement - PreSaveFile = new java.io.File(((pathPrefix + java.lang.Integer.toString(counter)) + .png)): null

2018-12-14 01:02:05 - [TEST_STEP][PASSED] - Statement - counter = counter + 1: null

2018-12-14 01:02:05 - [TEST_STEP][PASSED] - Statement - PreSaveFile = new java.io.File(((pathPrefix + java.lang.Integer.toString(counter)) + .png)): null

2018-12-14 01:02:05 - [TEST_STEP][PASSED] - Statement - counter = counter + 1: null

2018-12-14 01:02:05 - [TEST_STEP][PASSED] - Statement - PreSaveFile = new java.io.File(((pathPrefix + java.lang.Integer.toString(counter)) + .png)): null

2018-12-14 01:02:05 - [TEST_STEP][PASSED] - Statement - counter = counter + 1: null

2018-12-14 01:02:05 - [TEST_STEP][PASSED] - Statement - PreSaveFile = new java.io.File(((pathPrefix + java.lang.Integer.toString(counter)) + .png)): null

2018-12-14 01:02:05 - [TEST_STEP][PASSED] - Statement - counter = counter + 1: null

2018-12-14 01:02:05 - [TEST_STEP][PASSED] - Statement - PreSaveFile = new java.io.File(((pathPrefix + java.lang.Integer.toString(counter)) + .png)): null

2018-12-14 01:02:05 - [TEST_STEP][PASSED] - Statement - counter = counter + 1: null

2018-12-14 01:02:05 - [TEST_STEP][PASSED] - Statement - PreSaveFile = new java.io.File(((pathPrefix + java.lang.Integer.toString(counter)) + .png)): null

2018-12-14 01:02:05 - [TEST_STEP][PASSED] - Statement - counter = counter + 1: null

2018-12-14 01:02:05 - [TEST_STEP][PASSED] - Statement - PreSaveFile = new java.io.File(((pathPrefix + java.lang.Integer.toString(counter)) + .png)): null

2018-12-14 01:02:05 - [TEST_STEP][PASSED] - Statement - counter = counter + 1: null

2018-12-14 01:02:05 - [TEST_STEP][PASSED] - Statement - PreSaveFile = new java.io.File(((pathPrefix + java.lang.Integer.toString(counter)) + .png)): null

2018-12-14 01:02:05 - [TEST_STEP][PASSED] - Statement - counter = counter + 1: null

2018-12-14 01:02:05 - [TEST_STEP][PASSED] - Statement - PreSaveFile = new java.io.File(((pathPrefix + java.lang.Integer.toString(counter)) + .png)): null

2018-12-14 01:02:05 - [TEST_STEP][PASSED] - Statement - counter = counter + 1: null

2018-12-14 01:02:05 - [TEST_STEP][PASSED] - Statement - PreSaveFile = new java.io.File(((pathPrefix + java.lang.Integer.toString(counter)) + .png)): null

2018-12-14 01:02:05 - [TEST_STEP][PASSED] - Statement - counter = counter + 1: null

2018-12-14 01:02:05 - [TEST_STEP][PASSED] - Statement - PreSaveFile = new java.io.File(((pathPrefix + java.lang.Integer.toString(counter)) + .png)): null

2018-12-14 01:02:05 - [TEST_STEP][PASSED] - Statement - counter = counter + 1: null

2018-12-14 01:02:05 - [TEST_STEP][PASSED] - Statement - PreSaveFile = new java.io.File(((pathPrefix + java.lang.Integer.toString(counter)) + .png)): null

2018-12-14 01:02:05 - [TEST_STEP][PASSED] - Statement - counter = counter + 1: null

2018-12-14 01:02:05 - [TEST_STEP][PASSED] - Statement - PreSaveFile = new java.io.File(((pathPrefix + java.lang.Integer.toString(counter)) + .png)): null

2018-12-14 01:02:05 - [TEST_STEP][PASSED] - Statement - counter = counter + 1: null

2018-12-14 01:02:05 - [TEST_STEP][PASSED] - Statement - PreSaveFile = new java.io.File(((pathPrefix + java.lang.Integer.toString(counter)) + .png)): null

2018-12-14 01:02:05 - [TEST_STEP][PASSED] - Statement - counter = counter + 1: null

2018-12-14 01:02:05 - [TEST_STEP][PASSED] - Statement - PreSaveFile = new java.io.File(((pathPrefix + java.lang.Integer.toString(counter)) + .png)): null

2018-12-14 01:02:05 - [TEST_STEP][PASSED] - Statement - counter = counter + 1: null

2018-12-14 01:02:05 - [TEST_STEP][PASSED] - Statement - PreSaveFile = new java.io.File(((pathPrefix + java.lang.Integer.toString(counter)) + .png)): null

2018-12-14 01:02:05 - [TEST_STEP][PASSED] - Statement - counter = counter + 1: null

2018-12-14 01:02:05 - [TEST_STEP][PASSED] - Statement - PreSaveFile = new java.io.File(((pathPrefix + java.lang.Integer.toString(counter)) + .png)): null

2018-12-14 01:02:05 - [TEST_STEP][PASSED] - Statement - counter = counter + 1: null

2018-12-14 01:02:05 - [TEST_STEP][PASSED] - Statement - PreSaveFile = new java.io.File(((pathPrefix + java.lang.Integer.toString(counter)) + .png)): null

2018-12-14 01:02:05 - [TEST_STEP][PASSED] - Statement - counter = counter + 1: null

2018-12-14 01:02:05 - [TEST_STEP][PASSED] - Statement - PreSaveFile = new java.io.File(((pathPrefix + java.lang.Integer.toString(counter)) + .png)): null

2018-12-14 01:02:05 - [TEST_STEP][PASSED] - Statement - counter = counter + 1: null

2018-12-14 01:02:05 - [TEST_STEP][PASSED] - Statement - PreSaveFile = new java.io.File(((pathPrefix + java.lang.Integer.toString(counter)) + .png)): null

2018-12-14 01:02:05 - [TEST_STEP][PASSED] - Statement - counter = counter + 1: null

2018-12-14 01:02:05 - [TEST_STEP][PASSED] - Statement - PreSaveFile = new java.io.File(((pathPrefix + java.lang.Integer.toString(counter)) + .png)): null

2018-12-14 01:02:05 - [TEST_STEP][PASSED] - Statement - counter = counter + 1: null

2018-12-14 01:02:05 - [TEST_STEP][PASSED] - Statement - PreSaveFile = new java.io.File(((pathPrefix + java.lang.Integer.toString(counter)) + .png)): null

2018-12-14 01:02:05 - [TEST_STEP][PASSED] - Statement - counter = counter + 1: null

2018-12-14 01:02:05 - [TEST_STEP][PASSED] - Statement - PreSaveFile = new java.io.File(((pathPrefix + java.lang.Integer.toString(counter)) + .png)): null

2018-12-14 01:02:05 - [TEST_STEP][PASSED] - Statement - counter = counter + 1: null

2018-12-14 01:02:05 - [TEST_STEP][PASSED] - Statement - PreSaveFile = new java.io.File(((pathPrefix + java.lang.Integer.toString(counter)) + .png)): null

2018-12-14 01:02:05 - [TEST_STEP][PASSED] - Statement - counter = counter + 1: null

2018-12-14 01:02:05 - [TEST_STEP][PASSED] - Statement - PreSaveFile = new java.io.File(((pathPrefix + java.lang.Integer.toString(counter)) + .png)): null

2018-12-14 01:02:05 - [TEST_STEP][PASSED] - Statement - counter = counter + 1: null

2018-12-14 01:02:05 - [TEST_STEP][PASSED] - Statement - PreSaveFile = new java.io.File(((pathPrefix + java.lang.Integer.toString(counter)) + .png)): null

2018-12-14 01:02:05 - [TEST_STEP][PASSED] - Statement - counter = counter + 1: null

2018-12-14 01:02:05 - [TEST_STEP][PASSED] - Statement - PreSaveFile = new java.io.File(((pathPrefix + java.lang.Integer.toString(counter)) + .png)): null

2018-12-14 01:02:05 - [TEST_STEP][PASSED] - Statement - counter = counter + 1: null

2018-12-14 01:02:05 - [TEST_STEP][PASSED] - Statement - PreSaveFile = new java.io.File(((pathPrefix + java.lang.Integer.toString(counter)) + .png)): null

2018-12-14 01:02:05 - [TEST_STEP][PASSED] - Statement - counter = counter + 1: null

2018-12-14 01:02:05 - [TEST_STEP][PASSED] - Statement - PreSaveFile = new java.io.File(((pathPrefix + java.lang.Integer.toString(counter)) + .png)): null

2018-12-14 01:02:05 - [TEST_STEP][PASSED] - Statement - counter = counter + 1: null

2018-12-14 01:02:05 - [TEST_STEP][PASSED] - Statement - PreSaveFile = new java.io.File(((pathPrefix + java.lang.Integer.toString(counter)) + .png)): null

2018-12-14 01:02:05 - [TEST_STEP][PASSED] - Statement - counter = counter + 1: null

2018-12-14 01:02:05 - [TEST_STEP][PASSED] - Statement - PreSaveFile = new java.io.File(((pathPrefix + java.lang.Integer.toString(counter)) + .png)): null

2018-12-14 01:02:05 - [TEST_STEP][PASSED] - Statement - counter = counter + 1: null

2018-12-14 01:02:05 - [TEST_STEP][PASSED] - Statement - PreSaveFile = new java.io.File(((pathPrefix + java.lang.Integer.toString(counter)) + .png)): null

2018-12-14 01:02:05 - [TEST_STEP][PASSED] - Statement - counter = counter + 1: null

2018-12-14 01:02:05 - [TEST_STEP][PASSED] - Statement - PreSaveFile = new java.io.File(((pathPrefix + java.lang.Integer.toString(counter)) + .png)): null

2018-12-14 01:02:05 - [TEST_STEP][PASSED] - Statement - counter = counter + 1: null

2018-12-14 01:02:05 - [TEST_STEP][PASSED] - Statement - PreSaveFile = new java.io.File(((pathPrefix + java.lang.Integer.toString(counter)) + .png)): null

2018-12-14 01:02:05 - [TEST_STEP][PASSED] - Statement - counter = counter + 1: null

2018-12-14 01:02:05 - [TEST_STEP][PASSED] - Statement - PreSaveFile = new java.io.File(((pathPrefix + java.lang.Integer.toString(counter)) + .png)): null

2018-12-14 01:02:05 - [TEST_STEP][PASSED] - Statement - counter = counter + 1: null

2018-12-14 01:02:05 - [TEST_STEP][PASSED] - Statement - PreSaveFile = new java.io.File(((pathPrefix + java.lang.Integer.toString(counter)) + .png)): null

2018-12-14 01:02:05 - [TEST_STEP][PASSED] - Statement - counter = counter + 1: null

2018-12-14 01:02:05 - [TEST_STEP][PASSED] - Statement - PreSaveFile = new java.io.File(((pathPrefix + java.lang.Integer.toString(counter)) + .png)): null

2018-12-14 01:02:05 - [TEST_STEP][PASSED] - Statement - counter = counter + 1: null

2018-12-14 01:02:05 - [TEST_STEP][PASSED] - Statement - PreSaveFile = new java.io.File(((pathPrefix + java.lang.Integer.toString(counter)) + .png)): null

2018-12-14 01:02:05 - [TEST_STEP][PASSED] - Statement - counter = counter + 1: null

2018-12-14 01:02:05 - [TEST_STEP][PASSED] - Statement - PreSaveFile = new java.io.File(((pathPrefix + java.lang.Integer.toString(counter)) + .png)): null

2018-12-14 01:02:05 - [TEST_STEP][PASSED] - Statement - counter = counter + 1: null

2018-12-14 01:02:05 - [TEST_STEP][PASSED] - Statement - PreSaveFile = new java.io.File(((pathPrefix + java.lang.Integer.toString(counter)) + .png)): null

2018-12-14 01:02:05 - [TEST_STEP][PASSED] - Statement - counter = counter + 1: null

2018-12-14 01:02:05 - [TEST_STEP][PASSED] - Statement - PreSaveFile = new java.io.File(((pathPrefix + java.lang.Integer.toString(counter)) + .png)): null

2018-12-14 01:02:05 - [TEST_STEP][PASSED] - Statement - counter = counter + 1: null

2018-12-14 01:02:05 - [TEST_STEP][PASSED] - Statement - PreSaveFile = new java.io.File(((pathPrefix + java.lang.Integer.toString(counter)) + .png)): null

2018-12-14 01:02:05 - [TEST_STEP][PASSED] - Statement - counter = counter + 1: null

2018-12-14 01:02:05 - [TEST_STEP][PASSED] - Statement - PreSaveFile = new java.io.File(((pathPrefix + java.lang.Integer.toString(counter)) + .png)): null

2018-12-14 01:02:05 - [TEST_STEP][PASSED] - Statement - counter = counter + 1: null

2018-12-14 01:02:05 - [TEST_STEP][PASSED] - Statement - PreSaveFile = new java.io.File(((pathPrefix + java.lang.Integer.toString(counter)) + .png)): null

2018-12-14 01:02:05 - [TEST_STEP][PASSED] - Statement - counter = counter + 1: null

2018-12-14 01:02:05 - [TEST_STEP][PASSED] - Statement - PreSaveFile = new java.io.File(((pathPrefix + java.lang.Integer.toString(counter)) + .png)): null

2018-12-14 01:02:05 - [TEST_STEP][PASSED] - Statement - counter = counter + 1: null

2018-12-14 01:02:05 - [TEST_STEP][PASSED] - Statement - PreSaveFile = new java.io.File(((pathPrefix + java.lang.Integer.toString(counter)) + .png)): null

2018-12-14 01:02:05 - [TEST_STEP][PASSED] - Statement - counter = counter + 1: null

2018-12-14 01:02:05 - [TEST_STEP][PASSED] - Statement - PreSaveFile = new java.io.File(((pathPrefix + java.lang.Integer.toString(counter)) + .png)): null

2018-12-14 01:02:05 - [TEST_STEP][PASSED] - Statement - counter = counter + 1: null

2018-12-14 01:02:05 - [TEST_STEP][PASSED] - Statement - PreSaveFile = new java.io.File(((pathPrefix + java.lang.Integer.toString(counter)) + .png)): null

2018-12-14 01:02:05 - [TEST_STEP][PASSED] - Statement - counter = counter + 1: null

2018-12-14 01:02:05 - [TEST_STEP][PASSED] - Statement - PreSaveFile = new java.io.File(((pathPrefix + java.lang.Integer.toString(counter)) + .png)): null

2018-12-14 01:02:05 - [TEST_STEP][PASSED] - Statement - counter = counter + 1: null

2018-12-14 01:02:05 - [TEST_STEP][PASSED] - Statement - PreSaveFile = new java.io.File(((pathPrefix + java.lang.Integer.toString(counter)) + .png)): null

2018-12-14 01:02:05 - [TEST_STEP][PASSED] - Statement - counter = counter + 1: null

2018-12-14 01:02:05 - [TEST_STEP][PASSED] - Statement - PreSaveFile = new java.io.File(((pathPrefix + java.lang.Integer.toString(counter)) + .png)): null

2018-12-14 01:02:05 - [TEST_STEP][PASSED] - Statement - counter = counter + 1: null

2018-12-14 01:02:05 - [TEST_STEP][PASSED] - Statement - PreSaveFile = new java.io.File(((pathPrefix + java.lang.Integer.toString(counter)) + .png)): null

2018-12-14 01:02:05 - [TEST_STEP][PASSED] - Statement - counter = counter + 1: null

2018-12-14 01:02:05 - [TEST_STEP][PASSED] - Statement - PreSaveFile = new java.io.File(((pathPrefix + java.lang.Integer.toString(counter)) + .png)): null

2018-12-14 01:02:05 - [TEST_STEP][PASSED] - Statement - counter = counter + 1: null

2018-12-14 01:02:05 - [TEST_STEP][PASSED] - Statement - PreSaveFile = new java.io.File(((pathPrefix + java.lang.Integer.toString(counter)) + .png)): null

2018-12-14 01:02:05 - [TEST_STEP][PASSED] - Statement - counter = counter + 1: null

2018-12-14 01:02:05 - [TEST_STEP][PASSED] - Statement - PreSaveFile = new java.io.File(((pathPrefix + java.lang.Integer.toString(counter)) + .png)): null

2018-12-14 01:02:05 - [TEST_STEP][PASSED] - Statement - counter = counter + 1: null

2018-12-14 01:02:05 - [TEST_STEP][PASSED] - Statement - PreSaveFile = new java.io.File(((pathPrefix + java.lang.Integer.toString(counter)) + .png)): null

2018-12-14 01:02:05 - [TEST_STEP][PASSED] - Statement - counter = counter + 1: null

2018-12-14 01:02:05 - [TEST_STEP][PASSED] - Statement - PreSaveFile = new java.io.File(((pathPrefix + java.lang.Integer.toString(counter)) + .png)): null

2018-12-14 01:02:05 - [TEST_STEP][PASSED] - Statement - counter = counter + 1: null

2018-12-14 01:02:05 - [TEST_STEP][PASSED] - Statement - PreSaveFile = new java.io.File(((pathPrefix + java.lang.Integer.toString(counter)) + .png)): null

2018-12-14 01:02:05 - [TEST_STEP][PASSED] - Statement - counter = counter + 1: null

2018-12-14 01:02:05 - [TEST_STEP][PASSED] - Statement - PreSaveFile = new java.io.File(((pathPrefix + java.lang.Integer.toString(counter)) + .png)): null

2018-12-14 01:02:05 - [TEST_STEP][PASSED] - Statement - counter = counter + 1: null

2018-12-14 01:02:05 - [TEST_STEP][PASSED] - Statement - PreSaveFile = new java.io.File(((pathPrefix + java.lang.Integer.toString(counter)) + .png)): null

2018-12-14 01:02:05 - [TEST_STEP][PASSED] - Statement - counter = counter + 1: null

2018-12-14 01:02:05 - [TEST_STEP][PASSED] - Statement - PreSaveFile = new java.io.File(((pathPrefix + java.lang.Integer.toString(counter)) + .png)): null

2018-12-14 01:02:05 - [TEST_STEP][PASSED] - Statement - counter = counter + 1: null

2018-12-14 01:02:05 - [TEST_STEP][PASSED] - Statement - PreSaveFile = new java.io.File(((pathPrefix + java.lang.Integer.toString(counter)) + .png)): null

2018-12-14 01:02:05 - [TEST_STEP][PASSED] - Statement - counter = counter + 1: null

2018-12-14 01:02:05 - [TEST_STEP][PASSED] - Statement - PreSaveFile = new java.io.File(((pathPrefix + java.lang.Integer.toString(counter)) + .png)): null

2018-12-14 01:02:05 - [TEST_STEP][PASSED] - Statement - counter = counter + 1: null

2018-12-14 01:02:05 - [TEST_STEP][PASSED] - Statement - PreSaveFile = new java.io.File(((pathPrefix + java.lang.Integer.toString(counter)) + .png)): null

2018-12-14 01:02:05 - [TEST_STEP][PASSED] - Statement - counter = counter + 1: null

2018-12-14 01:02:05 - [TEST_STEP][PASSED] - Statement - PreSaveFile = new java.io.File(((pathPrefix + java.lang.Integer.toString(counter)) + .png)): null

2018-12-14 01:02:05 - [TEST_STEP][PASSED] - Statement - counter = counter + 1: null

2018-12-14 01:02:05 - [TEST_STEP][PASSED] - Statement - PreSaveFile = new java.io.File(((pathPrefix + java.lang.Integer.toString(counter)) + .png)): null

2018-12-14 01:02:05 - [TEST_STEP][PASSED] - Statement - counter = counter + 1: null

2018-12-14 01:02:05 - [TEST_STEP][PASSED] - Statement - PreSaveFile = new java.io.File(((pathPrefix + java.lang.Integer.toString(counter)) + .png)): null

2018-12-14 01:02:05 - [TEST_STEP][PASSED] - Statement - counter = counter + 1: null

2018-12-14 01:02:05 - [TEST_STEP][PASSED] - Statement - PreSaveFile = new java.io.File(((pathPrefix + java.lang.Integer.toString(counter)) + .png)): null

2018-12-14 01:02:05 - [TEST_STEP][PASSED] - Statement - counter = counter + 1: null

2018-12-14 01:02:05 - [TEST_STEP][PASSED] - Statement - PreSaveFile = new java.io.File(((pathPrefix + java.lang.Integer.toString(counter)) + .png)): null

2018-12-14 01:02:05 - [TEST_STEP][PASSED] - Statement - counter = counter + 1: null

2018-12-14 01:02:05 - [TEST_STEP][PASSED] - Statement - PreSaveFile = new java.io.File(((pathPrefix + java.lang.Integer.toString(counter)) + .png)): null

2018-12-14 01:02:05 - [TEST_STEP][PASSED] - Statement - counter = counter + 1: null

2018-12-14 01:02:05 - [TEST_STEP][PASSED] - Statement - PreSaveFile = new java.io.File(((pathPrefix + java.lang.Integer.toString(counter)) + .png)): null

2018-12-14 01:02:05 - [TEST_STEP][PASSED] - Statement - counter = counter + 1: null

2018-12-14 01:02:05 - [TEST_STEP][PASSED] - Statement - PreSaveFile = new java.io.File(((pathPrefix + java.lang.Integer.toString(counter)) + .png)): null

2018-12-14 01:02:05 - [TEST_STEP][PASSED] - Statement - counter = counter + 1: null

2018-12-14 01:02:05 - [TEST_STEP][PASSED] - Statement - PreSaveFile = new java.io.File(((pathPrefix + java.lang.Integer.toString(counter)) + .png)): null

2018-12-14 01:02:05 - [TEST_STEP][PASSED] - Statement - counter = counter + 1: null

2018-12-14 01:02:05 - [TEST_STEP][PASSED] - Statement - PreSaveFile = new java.io.File(((pathPrefix + java.lang.Integer.toString(counter)) + .png)): null

2018-12-14 01:02:05 - [TEST_STEP][PASSED] - Statement - counter = counter + 1: null

2018-12-14 01:02:05 - [TEST_STEP][PASSED] - Statement - PreSaveFile = new java.io.File(((pathPrefix + java.lang.Integer.toString(counter)) + .png)): null

2018-12-14 01:02:05 - [TEST_STEP][PASSED] - Statement - counter = counter + 1: null

2018-12-14 01:02:05 - [TEST_STEP][PASSED] - Statement - PreSaveFile = new java.io.File(((pathPrefix + java.lang.Integer.toString(counter)) + .png)): null

2018-12-14 01:02:05 - [TEST_STEP][PASSED] - Statement - counter = counter + 1: null

2018-12-14 01:02:05 - [TEST_STEP][PASSED] - Statement - PreSaveFile = new java.io.File(((pathPrefix + java.lang.Integer.toString(counter)) + .png)): null

2018-12-14 01:02:05 - [TEST_STEP][PASSED] - Statement - counter = counter + 1: null

2018-12-14 01:02:05 - [TEST_STEP][PASSED] - Statement - PreSaveFile = new java.io.File(((pathPrefix + java.lang.Integer.toString(counter)) + .png)): null

2018-12-14 01:02:05 - [TEST_STEP][PASSED] - Statement - counter = counter + 1: null

2018-12-14 01:02:05 - [TEST_STEP][PASSED] - Statement - PreSaveFile = new java.io.File(((pathPrefix + java.lang.Integer.toString(counter)) + .png)): null

2018-12-14 01:02:05 - [TEST_STEP][PASSED] - Statement - counter = counter + 1: null

2018-12-14 01:02:05 - [TEST_STEP][PASSED] - Statement - PreSaveFile = new java.io.File(((pathPrefix + java.lang.Integer.toString(counter)) + .png)): null

2018-12-14 01:02:05 - [TEST_STEP][PASSED] - Statement - counter = counter + 1: null

2018-12-14 01:02:05 - [TEST_STEP][PASSED] - Statement - PreSaveFile = new java.io.File(((pathPrefix + java.lang.Integer.toString(counter)) + .png)): null

2018-12-14 01:02:05 - [TEST_STEP][PASSED] - Statement - counter = counter + 1: null

2018-12-14 01:02:05 - [TEST_STEP][PASSED] - Statement - PreSaveFile = new java.io.File(((pathPrefix + java.lang.Integer.toString(counter)) + .png)): null

2018-12-14 01:02:05 - [TEST_STEP][PASSED] - Statement - counter = counter + 1: null

2018-12-14 01:02:05 - [TEST_STEP][PASSED] - Statement - PreSaveFile = new java.io.File(((pathPrefix + java.lang.Integer.toString(counter)) + .png)): null

2018-12-14 01:02:05 - [TEST_STEP][PASSED] - Statement - counter = counter + 1: null

2018-12-14 01:02:05 - [TEST_STEP][PASSED] - Statement - PreSaveFile = new java.io.File(((pathPrefix + java.lang.Integer.toString(counter)) + .png)): null

2018-12-14 01:02:05 - [TEST_STEP][PASSED] - Statement - counter = counter + 1: null

2018-12-14 01:02:05 - [TEST_STEP][PASSED] - Statement - PreSaveFile = new java.io.File(((pathPrefix + java.lang.Integer.toString(counter)) + .png)): null

2018-12-14 01:02:05 - [TEST_STEP][PASSED] - Statement - counter = counter + 1: null

2018-12-14 01:02:05 - [TEST_STEP][PASSED] - Statement - PreSaveFile = new java.io.File(((pathPrefix + java.lang.Integer.toString(counter)) + .png)): null

2018-12-14 01:02:05 - [TEST_STEP][PASSED] - Statement - counter = counter + 1: null

2018-12-14 01:02:05 - [TEST_STEP][PASSED] - Statement - PreSaveFile = new java.io.File(((pathPrefix + java.lang.Integer.toString(counter)) + .png)): null

2018-12-14 01:02:05 - [TEST_STEP][PASSED] - Statement - counter = counter + 1: null

2018-12-14 01:02:05 - [TEST_STEP][PASSED] - Statement - PreSaveFile = new java.io.File(((pathPrefix + java.lang.Integer.toString(counter)) + .png)): null

2018-12-14 01:02:05 - [TEST_STEP][PASSED] - Statement - counter = counter + 1: null

2018-12-14 01:02:05 - [TEST_STEP][PASSED] - Statement - PreSaveFile = new java.io.File(((pathPrefix + java.lang.Integer.toString(counter)) + .png)): null

2018-12-14 01:02:05 - [TEST_STEP][PASSED] - Statement - counter = counter + 1: null

2018-12-14 01:02:05 - [TEST_STEP][PASSED] - Statement - PreSaveFile = new java.io.File(((pathPrefix + java.lang.Integer.toString(counter)) + .png)): null

2018-12-14 01:02:05 - [TEST_STEP][PASSED] - Statement - counter = counter + 1: null

2018-12-14 01:02:05 - [TEST_STEP][PASSED] - Statement - PreSaveFile = new java.io.File(((pathPrefix + java.lang.Integer.toString(counter)) + .png)): null

2018-12-14 01:02:05 - [TEST_STEP][PASSED] - Statement - counter = counter + 1: null

2018-12-14 01:02:05 - [TEST_STEP][PASSED] - Statement - PreSaveFile = new java.io.File(((pathPrefix + java.lang.Integer.toString(counter)) + .png)): null

2018-12-14 01:02:05 - [TEST_STEP][PASSED] - Statement - counter = counter + 1: null

2018-12-14 01:02:05 - [TEST_STEP][PASSED] - Statement - PreSaveFile = new java.io.File(((pathPrefix + java.lang.Integer.toString(counter)) + .png)): null

2018-12-14 01:02:05 - [TEST_STEP][PASSED] - Statement - counter = counter + 1: null

2018-12-14 01:02:05 - [TEST_STEP][PASSED] - Statement - PreSaveFile = new java.io.File(((pathPrefix + java.lang.Integer.toString(counter)) + .png)): null

2018-12-14 01:02:05 - [TEST_STEP][PASSED] - Statement - counter = counter + 1: null

2018-12-14 01:02:05 - [TEST_STEP][PASSED] - Statement - PreSaveFile = new java.io.File(((pathPrefix + java.lang.Integer.toString(counter)) + .png)): null

2018-12-14 01:02:05 - [TEST_STEP][PASSED] - Statement - counter = counter + 1: null

2018-12-14 01:02:05 - [TEST_STEP][PASSED] - Statement - PreSaveFile = new java.io.File(((pathPrefix + java.lang.Integer.toString(counter)) + .png)): null

2018-12-14 01:02:05 - [TEST_STEP][PASSED] - Statement - counter = counter + 1: null

2018-12-14 01:02:05 - [TEST_STEP][PASSED] - Statement - PreSaveFile = new java.io.File(((pathPrefix + java.lang.Integer.toString(counter)) + .png)): null

2018-12-14 01:02:05 - [TEST_STEP][PASSED] - Statement - counter = counter + 1: null

2018-12-14 01:02:05 - [TEST_STEP][PASSED] - Statement - PreSaveFile = new java.io.File(((pathPrefix + java.lang.Integer.toString(counter)) + .png)): null

2018-12-14 01:02:05 - [TEST_STEP][PASSED] - Statement - counter = counter + 1: null

2018-12-14 01:02:05 - [TEST_STEP][PASSED] - Statement - PreSaveFile = new java.io.File(((pathPrefix + java.lang.Integer.toString(counter)) + .png)): null

2018-12-14 01:02:05 - [TEST_STEP][PASSED] - Statement - counter = counter + 1: null

2018-12-14 01:02:05 - [TEST_STEP][PASSED] - Statement - PreSaveFile = new java.io.File(((pathPrefix + java.lang.Integer.toString(counter)) + .png)): null

2018-12-14 01:02:05 - [TEST_STEP][PASSED] - Statement - counter = counter + 1: null

2018-12-14 01:02:05 - [TEST_STEP][PASSED] - Statement - PreSaveFile = new java.io.File(((pathPrefix + java.lang.Integer.toString(counter)) + .png)): null

2018-12-14 01:02:05 - [TEST_STEP][PASSED] - Statement - counter = counter + 1: null

2018-12-14 01:02:05 - [TEST_STEP][PASSED] - Statement - PreSaveFile = new java.io.File(((pathPrefix + java.lang.Integer.toString(counter)) + .png)): null

2018-12-14 01:02:05 - [TEST_STEP][PASSED] - Statement - counter = counter + 1: null

2018-12-14 01:02:05 - [TEST_STEP][PASSED] - Statement - PreSaveFile = new java.io.File(((pathPrefix + java.lang.Integer.toString(counter)) + .png)): null

2018-12-14 01:02:05 - [TEST_STEP][PASSED] - Statement - counter = counter + 1: null

2018-12-14 01:02:05 - [TEST_STEP][PASSED] - Statement - PreSaveFile = new java.io.File(((pathPrefix + java.lang.Integer.toString(counter)) + .png)): null

2018-12-14 01:02:05 - [TEST_STEP][PASSED] - Statement - counter = counter + 1: null

2018-12-14 01:02:05 - [TEST_STEP][PASSED] - Statement - PreSaveFile = new java.io.File(((pathPrefix + java.lang.Integer.toString(counter)) + .png)): null

2018-12-14 01:02:05 - [TEST_STEP][PASSED] - Statement - counter = counter + 1: null

2018-12-14 01:02:05 - [TEST_STEP][PASSED] - Statement - PreSaveFile = new java.io.File(((pathPrefix + java.lang.Integer.toString(counter)) + .png)): null

2018-12-14 01:02:05 - [TEST_STEP][PASSED] - Statement - counter = counter + 1: null

2018-12-14 01:02:05 - [TEST_STEP][PASSED] - Statement - PreSaveFile = new java.io.File(((pathPrefix + java.lang.Integer.toString(counter)) + .png)): null

2018-12-14 01:02:05 - [TEST_STEP][PASSED] - Statement - counter = counter + 1: null

2018-12-14 01:02:05 - [TEST_STEP][PASSED] - Statement - PreSaveFile = new java.io.File(((pathPrefix + java.lang.Integer.toString(counter)) + .png)): null

2018-12-14 01:02:05 - [TEST_STEP][PASSED] - Statement - counter = counter + 1: null

2018-12-14 01:02:05 - [TEST_STEP][PASSED] - Statement - PreSaveFile = new java.io.File(((pathPrefix + java.lang.Integer.toString(counter)) + .png)): null

2018-12-14 01:02:05 - [TEST_STEP][PASSED] - Statement - counter = counter + 1: null

2018-12-14 01:02:05 - [TEST_STEP][PASSED] - Statement - PreSaveFile = new java.io.File(((pathPrefix + java.lang.Integer.toString(counter)) + .png)): null

2018-12-14 01:02:05 - [TEST_STEP][PASSED] - Statement - counter = counter + 1: null

2018-12-14 01:02:05 - [TEST_STEP][PASSED] - Statement - PreSaveFile = new java.io.File(((pathPrefix + java.lang.Integer.toString(counter)) + .png)): null

2018-12-14 01:02:05 - [TEST_STEP][PASSED] - Statement - counter = counter + 1: null

2018-12-14 01:02:05 - [TEST_STEP][PASSED] - Statement - PreSaveFile = new java.io.File(((pathPrefix + java.lang.Integer.toString(counter)) + .png)): null

2018-12-14 01:02:05 - [TEST_STEP][PASSED] - Statement - counter = counter + 1: null

2018-12-14 01:02:05 - [TEST_STEP][PASSED] - Statement - PreSaveFile = new java.io.File(((pathPrefix + java.lang.Integer.toString(counter)) + .png)): null

2018-12-14 01:02:05 - [TEST_STEP][PASSED] - Statement - counter = counter + 1: null

2018-12-14 01:02:05 - [TEST_STEP][PASSED] - Statement - PreSaveFile = new java.io.File(((pathPrefix + java.lang.Integer.toString(counter)) + .png)): null

2018-12-14 01:02:05 - [TEST_STEP][PASSED] - Statement - counter = counter + 1: null

2018-12-14 01:02:05 - [TEST_STEP][PASSED] - Statement - PreSaveFile = new java.io.File(((pathPrefix + java.lang.Integer.toString(counter)) + .png)): null

2018-12-14 01:02:05 - [TEST_STEP][PASSED] - Statement - counter = counter + 1: null

2018-12-14 01:02:05 - [TEST_STEP][PASSED] - Statement - PreSaveFile = new java.io.File(((pathPrefix + java.lang.Integer.toString(counter)) + .png)): null

2018-12-14 01:02:05 - [TEST_STEP][PASSED] - Statement - counter = counter + 1: null

2018-12-14 01:02:05 - [TEST_STEP][PASSED] - Statement - PreSaveFile = new java.io.File(((pathPrefix + java.lang.Integer.toString(counter)) + .png)): null

2018-12-14 01:02:05 - [TEST_STEP][PASSED] - Statement - counter = counter + 1: null

2018-12-14 01:02:05 - [TEST_STEP][PASSED] - Statement - PreSaveFile = new java.io.File(((pathPrefix + java.lang.Integer.toString(counter)) + .png)): null

2018-12-14 01:02:05 - [TEST_STEP][PASSED] - Statement - counter = counter + 1: null

2018-12-14 01:02:05 - [TEST_STEP][PASSED] - Statement - PreSaveFile = new java.io.File(((pathPrefix + java.lang.Integer.toString(counter)) + .png)): null

2018-12-14 01:02:05 - [TEST_STEP][PASSED] - Statement - counter = counter + 1: null

2018-12-14 01:02:05 - [TEST_STEP][PASSED] - Statement - PreSaveFile = new java.io.File(((pathPrefix + java.lang.Integer.toString(counter)) + .png)): null

2018-12-14 01:02:05 - [TEST_STEP][PASSED] - Statement - counter = counter + 1: null

2018-12-14 01:02:05 - [TEST_STEP][PASSED] - Statement - PreSaveFile = new java.io.File(((pathPrefix + java.lang.Integer.toString(counter)) + .png)): null

2018-12-14 01:02:05 - [TEST_STEP][PASSED] - Statement - counter = counter + 1: null

2018-12-14 01:02:05 - [TEST_STEP][PASSED] - Statement - PreSaveFile = new java.io.File(((pathPrefix + java.lang.Integer.toString(counter)) + .png)): null

2018-12-14 01:02:05 - [TEST_STEP][PASSED] - Statement - counter = counter + 1: null

2018-12-14 01:02:05 - [TEST_STEP][PASSED] - Statement - PreSaveFile = new java.io.File(((pathPrefix + java.lang.Integer.toString(counter)) + .png)): null

2018-12-14 01:02:05 - [TEST_STEP][PASSED] - Statement - counter = counter + 1: null

2018-12-14 01:02:05 - [TEST_STEP][PASSED] - Statement - PreSaveFile = new java.io.File(((pathPrefix + java.lang.Integer.toString(counter)) + .png)): null

2018-12-14 01:02:05 - [TEST_STEP][PASSED] - Statement - counter = counter + 1: null

2018-12-14 01:02:05 - [TEST_STEP][PASSED] - Statement - PreSaveFile = new java.io.File(((pathPrefix + java.lang.Integer.toString(counter)) + .png)): null

2018-12-14 01:02:05 - [TEST_STEP][PASSED] - Statement - counter = counter + 1: null

2018-12-14 01:02:05 - [TEST_STEP][PASSED] - Statement - PreSaveFile = new java.io.File(((pathPrefix + java.lang.Integer.toString(counter)) + .png)): null

2018-12-14 01:02:05 - [TEST_STEP][PASSED] - Statement - counter = counter + 1: null

2018-12-14 01:02:05 - [TEST_STEP][PASSED] - Statement - PreSaveFile = new java.io.File(((pathPrefix + java.lang.Integer.toString(counter)) + .png)): null

2018-12-14 01:02:05 - [TEST_STEP][PASSED] - Statement - counter = counter + 1: null

2018-12-14 01:02:05 - [TEST_STEP][PASSED] - Statement - PreSaveFile = new java.io.File(((pathPrefix + java.lang.Integer.toString(counter)) + .png)): null

2018-12-14 01:02:05 - [TEST_STEP][PASSED] - Statement - counter = counter + 1: null

2018-12-14 01:02:05 - [TEST_STEP][PASSED] - Statement - PreSaveFile = new java.io.File(((pathPrefix + java.lang.Integer.toString(counter)) + .png)): null

2018-12-14 01:02:05 - [TEST_STEP][PASSED] - Statement - counter = counter + 1: null

2018-12-14 01:02:05 - [TEST_STEP][PASSED] - Statement - PreSaveFile = new java.io.File(((pathPrefix + java.lang.Integer.toString(counter)) + .png)): null

2018-12-14 01:02:05 - [TEST_STEP][PASSED] - Statement - counter = counter + 1: null

2018-12-14 01:02:05 - [TEST_STEP][PASSED] - Statement - PreSaveFile = new java.io.File(((pathPrefix + java.lang.Integer.toString(counter)) + .png)): null

2018-12-14 01:02:05 - [TEST_STEP][PASSED] - Statement - counter = counter + 1: null

2018-12-14 01:02:05 - [TEST_STEP][PASSED] - Statement - PreSaveFile = new java.io.File(((pathPrefix + java.lang.Integer.toString(counter)) + .png)): null

2018-12-14 01:02:05 - [TEST_STEP][PASSED] - Statement - counter = counter + 1: null

2018-12-14 01:02:05 - [TEST_STEP][PASSED] - Statement - PreSaveFile = new java.io.File(((pathPrefix + java.lang.Integer.toString(counter)) + .png)): null

2018-12-14 01:02:05 - [TEST_STEP][PASSED] - Statement - counter = counter + 1: null

2018-12-14 01:02:05 - [TEST_STEP][PASSED] - Statement - PreSaveFile = new java.io.File(((pathPrefix + java.lang.Integer.toString(counter)) + .png)): null

2018-12-14 01:02:05 - [TEST_STEP][PASSED] - Statement - counter = counter + 1: null

2018-12-14 01:02:05 - [TEST_STEP][PASSED] - Statement - PreSaveFile = new java.io.File(((pathPrefix + java.lang.Integer.toString(counter)) + .png)): null

2018-12-14 01:02:05 - [TEST_STEP][PASSED] - Statement - counter = counter + 1: null

2018-12-14 01:02:05 - [TEST_STEP][PASSED] - Statement - PreSaveFile = new java.io.File(((pathPrefix + java.lang.Integer.toString(counter)) + .png)): null

2018-12-14 01:02:05 - [TEST_STEP][PASSED] - Statement - counter = counter + 1: null

2018-12-14 01:02:05 - [TEST_STEP][PASSED] - Statement - PreSaveFile = new java.io.File(((pathPrefix + java.lang.Integer.toString(counter)) + .png)): null

2018-12-14 01:02:05 - [TEST_STEP][PASSED] - Statement - counter = counter + 1: null

2018-12-14 01:02:05 - [TEST_STEP][PASSED] - Statement - PreSaveFile = new java.io.File(((pathPrefix + java.lang.Integer.toString(counter)) + .png)): null

2018-12-14 01:02:05 - [TEST_STEP][PASSED] - Statement - counter = counter + 1: null

2018-12-14 01:02:05 - [TEST_STEP][PASSED] - Statement - PreSaveFile = new java.io.File(((pathPrefix + java.lang.Integer.toString(counter)) + .png)): null

2018-12-14 01:02:05 - [TEST_STEP][PASSED] - Statement - counter = counter + 1: null

2018-12-14 01:02:05 - [TEST_STEP][PASSED] - Statement - PreSaveFile = new java.io.File(((pathPrefix + java.lang.Integer.toString(counter)) + .png)): null

2018-12-14 01:02:05 - [TEST_STEP][PASSED] - Statement - counter = counter + 1: null

2018-12-14 01:02:05 - [TEST_STEP][PASSED] - Statement - PreSaveFile = new java.io.File(((pathPrefix + java.lang.Integer.toString(counter)) + .png)): null

2018-12-14 01:02:05 - [TEST_STEP][PASSED] - Statement - counter = counter + 1: null

2018-12-14 01:02:05 - [TEST_STEP][PASSED] - Statement - PreSaveFile = new java.io.File(((pathPrefix + java.lang.Integer.toString(counter)) + .png)): null

2018-12-14 01:02:05 - [TEST_STEP][PASSED] - Statement - counter = counter + 1: null

2018-12-14 01:02:05 - [TEST_STEP][PASSED] - Statement - PreSaveFile = new java.io.File(((pathPrefix + java.lang.Integer.toString(counter)) + .png)): null

2018-12-14 01:02:05 - [TEST_STEP][PASSED] - Statement - counter = counter + 1: null

2018-12-14 01:02:05 - [TEST_STEP][PASSED] - Statement - PreSaveFile = new java.io.File(((pathPrefix + java.lang.Integer.toString(counter)) + .png)): null

2018-12-14 01:02:05 - [TEST_STEP][PASSED] - Statement - counter = counter + 1: null

2018-12-14 01:02:05 - [TEST_STEP][PASSED] - Statement - PreSaveFile = new java.io.File(((pathPrefix + java.lang.Integer.toString(counter)) + .png)): null

2018-12-14 01:02:05 - [TEST_STEP][PASSED] - Statement - counter = counter + 1: null

2018-12-14 01:02:05 - [TEST_STEP][PASSED] - Statement - PreSaveFile = new java.io.File(((pathPrefix + java.lang.Integer.toString(counter)) + .png)): null

2018-12-14 01:02:05 - [TEST_STEP][PASSED] - Statement - counter = counter + 1: null

2018-12-14 01:02:05 - [TEST_STEP][PASSED] - Statement - PreSaveFile = new java.io.File(((pathPrefix + java.lang.Integer.toString(counter)) + .png)): null

2018-12-14 01:02:05 - [TEST_STEP][PASSED] - Statement - counter = counter + 1: null

2018-12-14 01:02:05 - [TEST_STEP][PASSED] - Statement - PreSaveFile = new java.io.File(((pathPrefix + java.lang.Integer.toString(counter)) + .png)): null

2018-12-14 01:02:05 - [TEST_STEP][PASSED] - Statement - counter = counter + 1: null

2018-12-14 01:02:05 - [TEST_STEP][PASSED] - Statement - PreSaveFile = new java.io.File(((pathPrefix + java.lang.Integer.toString(counter)) + .png)): null

2018-12-14 01:02:05 - [TEST_STEP][PASSED] - Statement - counter = counter + 1: null

2018-12-14 01:02:05 - [TEST_STEP][PASSED] - Statement - PreSaveFile = new java.io.File(((pathPrefix + java.lang.Integer.toString(counter)) + .png)): null

2018-12-14 01:02:05 - [TEST_STEP][PASSED] - Statement - counter = counter + 1: null

2018-12-14 01:02:05 - [TEST_STEP][PASSED] - Statement - PreSaveFile = new java.io.File(((pathPrefix + java.lang.Integer.toString(counter)) + .png)): null

2018-12-14 01:02:05 - [TEST_STEP][PASSED] - Statement - counter = counter + 1: null

2018-12-14 01:02:05 - [TEST_STEP][PASSED] - Statement - PreSaveFile = new java.io.File(((pathPrefix + java.lang.Integer.toString(counter)) + .png)): null

2018-12-14 01:02:05 - [TEST_STEP][PASSED] - Statement - counter = counter + 1: null

2018-12-14 01:02:05 - [TEST_STEP][PASSED] - Statement - PreSaveFile = new java.io.File(((pathPrefix + java.lang.Integer.toString(counter)) + .png)): null

2018-12-14 01:02:05 - [TEST_STEP][PASSED] - Statement - counter = counter + 1: null

2018-12-14 01:02:05 - [TEST_STEP][PASSED] - Statement - PreSaveFile = new java.io.File(((pathPrefix + java.lang.Integer.toString(counter)) + .png)): null

2018-12-14 01:02:05 - [TEST_STEP][PASSED] - Statement - counter = counter + 1: null

2018-12-14 01:02:05 - [TEST_STEP][PASSED] - Statement - PreSaveFile = new java.io.File(((pathPrefix + java.lang.Integer.toString(counter)) + .png)): null

2018-12-14 01:02:05 - [TEST_STEP][PASSED] - Statement - counter = counter + 1: null

2018-12-14 01:02:05 - [TEST_STEP][PASSED] - Statement - PreSaveFile = new java.io.File(((pathPrefix + java.lang.Integer.toString(counter)) + .png)): null

2018-12-14 01:02:05 - [TEST_STEP][PASSED] - Statement - counter = counter + 1: null

2018-12-14 01:02:05 - [TEST_STEP][PASSED] - Statement - PreSaveFile = new java.io.File(((pathPrefix + java.lang.Integer.toString(counter)) + .png)): null

2018-12-14 01:02:05 - [TEST_STEP][PASSED] - Statement - counter = counter + 1: null

2018-12-14 01:02:05 - [TEST_STEP][PASSED] - Statement - PreSaveFile = new java.io.File(((pathPrefix + java.lang.Integer.toString(counter)) + .png)): null

2018-12-14 01:02:05 - [TEST_STEP][PASSED] - Statement - counter = counter + 1: null

2018-12-14 01:02:05 - [TEST_STEP][PASSED] - Statement - PreSaveFile = new java.io.File(((pathPrefix + java.lang.Integer.toString(counter)) + .png)): null

2018-12-14 01:02:05 - [TEST_STEP][PASSED] - Statement - counter = counter + 1: null

2018-12-14 01:02:05 - [TEST_STEP][PASSED] - Statement - PreSaveFile = new java.io.File(((pathPrefix + java.lang.Integer.toString(counter)) + .png)): null

2018-12-14 01:02:05 - [TEST_STEP][PASSED] - Statement - counter = counter + 1: null

2018-12-14 01:02:05 - [TEST_STEP][PASSED] - Statement - PreSaveFile = new java.io.File(((pathPrefix + java.lang.Integer.toString(counter)) + .png)): null

2018-12-14 01:02:05 - [TEST_STEP][PASSED] - Statement - counter = counter + 1: null

2018-12-14 01:02:05 - [TEST_STEP][PASSED] - Statement - PreSaveFile = new java.io.File(((pathPrefix + java.lang.Integer.toString(counter)) + .png)): null

2018-12-14 01:02:05 - [TEST_STEP][PASSED] - Statement - counter = counter + 1: null

2018-12-14 01:02:05 - [TEST_STEP][PASSED] - Statement - PreSaveFile = new java.io.File(((pathPrefix + java.lang.Integer.toString(counter)) + .png)): null

2018-12-14 01:02:05 - [TEST_STEP][PASSED] - Statement - counter = counter + 1: null

2018-12-14 01:02:05 - [TEST_STEP][PASSED] - Statement - PreSaveFile = new java.io.File(((pathPrefix + java.lang.Integer.toString(counter)) + .png)): null

2018-12-14 01:02:05 - [TEST_STEP][PASSED] - Statement - counter = counter + 1: null

2018-12-14 01:02:05 - [TEST_STEP][PASSED] - Statement - PreSaveFile = new java.io.File(((pathPrefix + java.lang.Integer.toString(counter)) + .png)): null

2018-12-14 01:02:05 - [TEST_STEP][PASSED] - Statement - counter = counter + 1: null

2018-12-14 01:02:05 - [TEST_STEP][PASSED] - Statement - PreSaveFile = new java.io.File(((pathPrefix + java.lang.Integer.toString(counter)) + .png)): null

2018-12-14 01:02:05 - [TEST_STEP][PASSED] - Statement - counter = counter + 1: null

2018-12-14 01:02:05 - [TEST_STEP][PASSED] - Statement - PreSaveFile = new java.io.File(((pathPrefix + java.lang.Integer.toString(counter)) + .png)): null

2018-12-14 01:02:05 - [TEST_STEP][PASSED] - Statement - counter = counter + 1: null

2018-12-14 01:02:05 - [TEST_STEP][PASSED] - Statement - PreSaveFile = new java.io.File(((pathPrefix + java.lang.Integer.toString(counter)) + .png)): null

2018-12-14 01:02:05 - [TEST_STEP][PASSED] - Statement - counter = counter + 1: null

2018-12-14 01:02:05 - [TEST_STEP][PASSED] - Statement - PreSaveFile = new java.io.File(((pathPrefix + java.lang.Integer.toString(counter)) + .png)): null

2018-12-14 01:02:05 - [TEST_STEP][PASSED] - Statement - counter = counter + 1: null

2018-12-14 01:02:05 - [TEST_STEP][PASSED] - Statement - PreSaveFile = new java.io.File(((pathPrefix + java.lang.Integer.toString(counter)) + .png)): null

2018-12-14 01:02:05 - [TEST_STEP][PASSED] - Statement - counter = counter + 1: null

2018-12-14 01:02:05 - [TEST_STEP][PASSED] - Statement - PreSaveFile = new java.io.File(((pathPrefix + java.lang.Integer.toString(counter)) + .png)): null

2018-12-14 01:02:05 - [TEST_STEP][PASSED] - Statement - counter = counter + 1: null

2018-12-14 01:02:05 - [TEST_STEP][PASSED] - Statement - PreSaveFile = new java.io.File(((pathPrefix + java.lang.Integer.toString(counter)) + .png)): null

2018-12-14 01:02:05 - [TEST_STEP][PASSED] - Statement - counter = counter + 1: null

2018-12-14 01:02:05 - [TEST_STEP][PASSED] - Statement - PreSaveFile = new java.io.File(((pathPrefix + java.lang.Integer.toString(counter)) + .png)): null

2018-12-14 01:02:05 - [TEST_STEP][PASSED] - Statement - counter = counter + 1: null

2018-12-14 01:02:05 - [TEST_STEP][PASSED] - Statement - PreSaveFile = new java.io.File(((pathPrefix + java.lang.Integer.toString(counter)) + .png)): null

2018-12-14 01:02:05 - [TEST_STEP][PASSED] - Statement - counter = counter + 1: null

2018-12-14 01:02:05 - [TEST_STEP][PASSED] - Statement - PreSaveFile = new java.io.File(((pathPrefix + java.lang.Integer.toString(counter)) + .png)): null

2018-12-14 01:02:05 - [TEST_STEP][PASSED] - Statement - counter = counter + 1: null

2018-12-14 01:02:05 - [TEST_STEP][PASSED] - Statement - PreSaveFile = new java.io.File(((pathPrefix + java.lang.Integer.toString(counter)) + .png)): null

2018-12-14 01:02:05 - [TEST_STEP][PASSED] - Statement - counter = counter + 1: null

2018-12-14 01:02:05 - [TEST_STEP][PASSED] - Statement - PreSaveFile = new java.io.File(((pathPrefix + java.lang.Integer.toString(counter)) + .png)): null

2018-12-14 01:02:05 - [TEST_STEP][PASSED] - Statement - counter = counter + 1: null

2018-12-14 01:02:05 - [TEST_STEP][PASSED] - Statement - PreSaveFile = new java.io.File(((pathPrefix + java.lang.Integer.toString(counter)) + .png)): null

2018-12-14 01:02:05 - [TEST_STEP][PASSED] - Statement - counter = counter + 1: null

2018-12-14 01:02:05 - [TEST_STEP][PASSED] - Statement - PreSaveFile = new java.io.File(((pathPrefix + java.lang.Integer.toString(counter)) + .png)): null

2018-12-14 01:02:05 - [TEST_STEP][PASSED] - Statement - counter = counter + 1: null

2018-12-14 01:02:05 - [TEST_STEP][PASSED] - Statement - PreSaveFile = new java.io.File(((pathPrefix + java.lang.Integer.toString(counter)) + .png)): null

2018-12-14 01:02:05 - [TEST_STEP][PASSED] - Statement - counter = counter + 1: null

2018-12-14 01:02:05 - [TEST_STEP][PASSED] - Statement - PreSaveFile = new java.io.File(((pathPrefix + java.lang.Integer.toString(counter)) + .png)): null

2018-12-14 01:02:05 - [TEST_STEP][PASSED] - Statement - counter = counter + 1: null

2018-12-14 01:02:05 - [TEST_STEP][PASSED] - Statement - PreSaveFile = new java.io.File(((pathPrefix + java.lang.Integer.toString(counter)) + .png)): null

2018-12-14 01:02:05 - [TEST_STEP][PASSED] - Statement - counter = counter + 1: null

2018-12-14 01:02:05 - [TEST_STEP][PASSED] - Statement - PreSaveFile = new java.io.File(((pathPrefix + java.lang.Integer.toString(counter)) + .png)): null

2018-12-14 01:02:05 - [TEST_STEP][PASSED] - Statement - counter = counter + 1: null

2018-12-14 01:02:05 - [TEST_STEP][PASSED] - Statement - PreSaveFile = new java.io.File(((pathPrefix + java.lang.Integer.toString(counter)) + .png)): null

2018-12-14 01:02:05 - [TEST_STEP][PASSED] - Statement - counter = counter + 1: null

2018-12-14 01:02:05 - [TEST_STEP][PASSED] - Statement - PreSaveFile = new java.io.File(((pathPrefix + java.lang.Integer.toString(counter)) + .png)): null

2018-12-14 01:02:05 - [TEST_STEP][PASSED] - Statement - counter = counter + 1: null

2018-12-14 01:02:05 - [TEST_STEP][PASSED] - Statement - PreSaveFile = new java.io.File(((pathPrefix + java.lang.Integer.toString(counter)) + .png)): null

2018-12-14 01:02:05 - [TEST_STEP][PASSED] - Statement - counter = counter + 1: null

2018-12-14 01:02:05 - [TEST_STEP][PASSED] - Statement - PreSaveFile = new java.io.File(((pathPrefix + java.lang.Integer.toString(counter)) + .png)): null

2018-12-14 01:02:05 - [TEST_STEP][PASSED] - Statement - counter = counter + 1: null

2018-12-14 01:02:05 - [TEST_STEP][PASSED] - Statement - PreSaveFile = new java.io.File(((pathPrefix + java.lang.Integer.toString(counter)) + .png)): null

2018-12-14 01:02:05 - [TEST_STEP][PASSED] - Statement - counter = counter + 1: null

2018-12-14 01:02:05 - [TEST_STEP][PASSED] - Statement - PreSaveFile = new java.io.File(((pathPrefix + java.lang.Integer.toString(counter)) + .png)): null

2018-12-14 01:02:05 - [TEST_STEP][PASSED] - Statement - counter = counter + 1: null

2018-12-14 01:02:05 - [TEST_STEP][PASSED] - Statement - PreSaveFile = new java.io.File(((pathPrefix + java.lang.Integer.toString(counter)) + .png)): null

2018-12-14 01:02:05 - [TEST_STEP][PASSED] - Statement - counter = counter + 1: null

2018-12-14 01:02:05 - [TEST_STEP][PASSED] - Statement - PreSaveFile = new java.io.File(((pathPrefix + java.lang.Integer.toString(counter)) + .png)): null

2018-12-14 01:02:05 - [TEST_STEP][PASSED] - Statement - counter = counter + 1: null

2018-12-14 01:02:05 - [TEST_STEP][PASSED] - Statement - PreSaveFile = new java.io.File(((pathPrefix + java.lang.Integer.toString(counter)) + .png)): null

2018-12-14 01:02:05 - [TEST_STEP][PASSED] - Statement - counter = counter + 1: null

2018-12-14 01:02:05 - [TEST_STEP][PASSED] - Statement - PreSaveFile = new java.io.File(((pathPrefix + java.lang.Integer.toString(counter)) + .png)): null

2018-12-14 01:02:05 - [TEST_STEP][PASSED] - Statement - counter = counter + 1: null

2018-12-14 01:02:05 - [TEST_STEP][PASSED] - Statement - PreSaveFile = new java.io.File(((pathPrefix + java.lang.Integer.toString(counter)) + .png)): null

2018-12-14 01:02:05 - [TEST_STEP][PASSED] - Statement - counter = counter + 1: null

2018-12-14 01:02:05 - [TEST_STEP][PASSED] - Statement - PreSaveFile = new java.io.File(((pathPrefix + java.lang.Integer.toString(counter)) + .png)): null

2018-12-14 01:02:05 - [TEST_STEP][PASSED] - Statement - counter = counter + 1: null

2018-12-14 01:02:05 - [TEST_STEP][PASSED] - Statement - PreSaveFile = new java.io.File(((pathPrefix + java.lang.Integer.toString(counter)) + .png)): null

2018-12-14 01:02:05 - [TEST_STEP][PASSED] - Statement - counter = counter + 1: null

2018-12-14 01:02:05 - [TEST_STEP][PASSED] - Statement - PreSaveFile = new java.io.File(((pathPrefix + java.lang.Integer.toString(counter)) + .png)): null

2018-12-14 01:02:05 - [TEST_STEP][PASSED] - Statement - counter = counter + 1: null

2018-12-14 01:02:05 - [TEST_STEP][PASSED] - Statement - PreSaveFile = new java.io.File(((pathPrefix + java.lang.Integer.toString(counter)) + .png)): null

2018-12-14 01:02:05 - [TEST_STEP][PASSED] - Statement - counter = counter + 1: null

2018-12-14 01:02:05 - [TEST_STEP][PASSED] - Statement - PreSaveFile = new java.io.File(((pathPrefix + java.lang.Integer.toString(counter)) + .png)): null

2018-12-14 01:02:05 - [TEST_STEP][PASSED] - Statement - counter = counter + 1: null

2018-12-14 01:02:05 - [TEST_STEP][PASSED] - Statement - PreSaveFile = new java.io.File(((pathPrefix + java.lang.Integer.toString(counter)) + .png)): null

2018-12-14 01:02:05 - [TEST_STEP][PASSED] - Statement - counter = counter + 1: null

2018-12-14 01:02:05 - [TEST_STEP][PASSED] - Statement - PreSaveFile = new java.io.File(((pathPrefix + java.lang.Integer.toString(counter)) + .png)): null

2018-12-14 01:02:05 - [TEST_STEP][PASSED] - Statement - counter = counter + 1: null

2018-12-14 01:02:05 - [TEST_STEP][PASSED] - Statement - PreSaveFile = new java.io.File(((pathPrefix + java.lang.Integer.toString(counter)) + .png)): null

2018-12-14 01:02:05 - [TEST_STEP][PASSED] - Statement - counter = counter + 1: null

2018-12-14 01:02:05 - [TEST_STEP][PASSED] - Statement - PreSaveFile = new java.io.File(((pathPrefix + java.lang.Integer.toString(counter)) + .png)): null

2018-12-14 01:02:05 - [TEST_STEP][PASSED] - Statement - counter = counter + 1: null

2018-12-14 01:02:05 - [TEST_STEP][PASSED] - Statement - PreSaveFile = new java.io.File(((pathPrefix + java.lang.Integer.toString(counter)) + .png)): null

2018-12-14 01:02:05 - [TEST_STEP][PASSED] - Statement - counter = counter + 1: null

2018-12-14 01:02:05 - [TEST_STEP][PASSED] - Statement - PreSaveFile = new java.io.File(((pathPrefix + java.lang.Integer.toString(counter)) + .png)): null

2018-12-14 01:02:05 - [TEST_STEP][PASSED] - Statement - counter = counter + 1: null

2018-12-14 01:02:05 - [TEST_STEP][PASSED] - Statement - PreSaveFile = new java.io.File(((pathPrefix + java.lang.Integer.toString(counter)) + .png)): null

2018-12-14 01:02:05 - [TEST_STEP][PASSED] - Statement - counter = counter + 1: null

2018-12-14 01:02:05 - [TEST_STEP][PASSED] - Statement - PreSaveFile = new java.io.File(((pathPrefix + java.lang.Integer.toString(counter)) + .png)): null

2018-12-14 01:02:05 - [TEST_STEP][PASSED] - Statement - counter = counter + 1: null

2018-12-14 01:02:05 - [TEST_STEP][PASSED] - Statement - PreSaveFile = new java.io.File(((pathPrefix + java.lang.Integer.toString(counter)) + .png)): null

2018-12-14 01:02:05 - [TEST_STEP][PASSED] - Statement - counter = counter + 1: null

2018-12-14 01:02:05 - [TEST_STEP][PASSED] - Statement - PreSaveFile = new java.io.File(((pathPrefix + java.lang.Integer.toString(counter)) + .png)): null

2018-12-14 01:02:05 - [TEST_STEP][PASSED] - Statement - counter = counter + 1: null

2018-12-14 01:02:05 - [TEST_STEP][PASSED] - Statement - PreSaveFile = new java.io.File(((pathPrefix + java.lang.Integer.toString(counter)) + .png)): null

2018-12-14 01:02:05 - [TEST_STEP][PASSED] - Statement - counter = counter + 1: null

2018-12-14 01:02:05 - [TEST_STEP][PASSED] - Statement - PreSaveFile = new java.io.File(((pathPrefix + java.lang.Integer.toString(counter)) + .png)): null

2018-12-14 01:02:05 - [TEST_STEP][PASSED] - Statement - counter = counter + 1: null

2018-12-14 01:02:05 - [TEST_STEP][PASSED] - Statement - PreSaveFile = new java.io.File(((pathPrefix + java.lang.Integer.toString(counter)) + .png)): null

2018-12-14 01:02:05 - [TEST_STEP][PASSED] - Statement - counter = counter + 1: null

2018-12-14 01:02:05 - [TEST_STEP][PASSED] - Statement - PreSaveFile = new java.io.File(((pathPrefix + java.lang.Integer.toString(counter)) + .png)): null

2018-12-14 01:02:05 - [TEST_STEP][PASSED] - Statement - counter = counter + 1: null

2018-12-14 01:02:05 - [TEST_STEP][PASSED] - Statement - PreSaveFile = new java.io.File(((pathPrefix + java.lang.Integer.toString(counter)) + .png)): null

2018-12-14 01:02:05 - [TEST_STEP][PASSED] - Statement - counter = counter + 1: null

2018-12-14 01:02:05 - [TEST_STEP][PASSED] - Statement - PreSaveFile = new java.io.File(((pathPrefix + java.lang.Integer.toString(counter)) + .png)): null

2018-12-14 01:02:05 - [TEST_STEP][PASSED] - Statement - counter = counter + 1: null

2018-12-14 01:02:05 - [TEST_STEP][PASSED] - Statement - PreSaveFile = new java.io.File(((pathPrefix + java.lang.Integer.toString(counter)) + .png)): null

2018-12-14 01:02:05 - [TEST_STEP][PASSED] - Statement - counter = counter + 1: null

2018-12-14 01:02:05 - [TEST_STEP][PASSED] - Statement - PreSaveFile = new java.io.File(((pathPrefix + java.lang.Integer.toString(counter)) + .png)): null

2018-12-14 01:02:05 - [TEST_STEP][PASSED] - Statement - counter = counter + 1: null

2018-12-14 01:02:05 - [TEST_STEP][PASSED] - Statement - PreSaveFile = new java.io.File(((pathPrefix + java.lang.Integer.toString(counter)) + .png)): null

2018-12-14 01:02:05 - [TEST_STEP][PASSED] - Statement - counter = counter + 1: null

2018-12-14 01:02:05 - [TEST_STEP][PASSED] - Statement - PreSaveFile = new java.io.File(((pathPrefix + java.lang.Integer.toString(counter)) + .png)): null

2018-12-14 01:02:05 - [TEST_STEP][PASSED] - Statement - counter = counter + 1: null

2018-12-14 01:02:05 - [TEST_STEP][PASSED] - Statement - PreSaveFile = new java.io.File(((pathPrefix + java.lang.Integer.toString(counter)) + .png)): null

2018-12-14 01:02:05 - [TEST_STEP][PASSED] - Statement - counter = counter + 1: null

2018-12-14 01:02:05 - [TEST_STEP][PASSED] - Statement - PreSaveFile = new java.io.File(((pathPrefix + java.lang.Integer.toString(counter)) + .png)): null

2018-12-14 01:02:05 - [TEST_STEP][PASSED] - Statement - counter = counter + 1: null

2018-12-14 01:02:05 - [TEST_STEP][PASSED] - Statement - PreSaveFile = new java.io.File(((pathPrefix + java.lang.Integer.toString(counter)) + .png)): null

2018-12-14 01:02:05 - [TEST_STEP][PASSED] - Statement - counter = counter + 1: null

2018-12-14 01:02:05 - [TEST_STEP][PASSED] - Statement - PreSaveFile = new java.io.File(((pathPrefix + java.lang.Integer.toString(counter)) + .png)): null

2018-12-14 01:02:05 - [TEST_STEP][PASSED] - Statement - counter = counter + 1: null

2018-12-14 01:02:05 - [TEST_STEP][PASSED] - Statement - PreSaveFile = new java.io.File(((pathPrefix + java.lang.Integer.toString(counter)) + .png)): null

2018-12-14 01:02:05 - [TEST_STEP][PASSED] - Statement - counter = counter + 1: null

2018-12-14 01:02:05 - [TEST_STEP][PASSED] - Statement - PreSaveFile = new java.io.File(((pathPrefix + java.lang.Integer.toString(counter)) + .png)): null

2018-12-14 01:02:05 - [TEST_STEP][PASSED] - Statement - counter = counter + 1: null

2018-12-14 01:02:05 - [TEST_STEP][PASSED] - Statement - PreSaveFile = new java.io.File(((pathPrefix + java.lang.Integer.toString(counter)) + .png)): null

2018-12-14 01:02:05 - [TEST_STEP][PASSED] - Statement - counter = counter + 1: null

2018-12-14 01:02:05 - [TEST_STEP][PASSED] - Statement - PreSaveFile = new java.io.File(((pathPrefix + java.lang.Integer.toString(counter)) + .png)): null

2018-12-14 01:02:05 - [TEST_STEP][PASSED] - Statement - counter = counter + 1: null

2018-12-14 01:02:05 - [TEST_STEP][PASSED] - Statement - PreSaveFile = new java.io.File(((pathPrefix + java.lang.Integer.toString(counter)) + .png)): null

2018-12-14 01:02:05 - [TEST_STEP][PASSED] - Statement - counter = counter + 1: null

2018-12-14 01:02:05 - [TEST_STEP][PASSED] - Statement - PreSaveFile = new java.io.File(((pathPrefix + java.lang.Integer.toString(counter)) + .png)): null

2018-12-14 01:02:05 - [TEST_STEP][PASSED] - Statement - counter = counter + 1: null

2018-12-14 01:02:05 - [TEST_STEP][PASSED] - Statement - PreSaveFile = new java.io.File(((pathPrefix + java.lang.Integer.toString(counter)) + .png)): null

2018-12-14 01:02:05 - [TEST_STEP][PASSED] - Statement - counter = counter + 1: null

2018-12-14 01:02:05 - [TEST_STEP][PASSED] - Statement - PreSaveFile = new java.io.File(((pathPrefix + java.lang.Integer.toString(counter)) + .png)): null

2018-12-14 01:02:05 - [TEST_STEP][PASSED] - Statement - counter = counter + 1: null

2018-12-14 01:02:05 - [TEST_STEP][PASSED] - Statement - PreSaveFile = new java.io.File(((pathPrefix + java.lang.Integer.toString(counter)) + .png)): null

2018-12-14 01:02:05 - [TEST_STEP][PASSED] - Statement - counter = counter + 1: null

2018-12-14 01:02:05 - [TEST_STEP][PASSED] - Statement - PreSaveFile = new java.io.File(((pathPrefix + java.lang.Integer.toString(counter)) + .png)): null

2018-12-14 01:02:05 - [TEST_STEP][PASSED] - Statement - counter = counter + 1: null

2018-12-14 01:02:05 - [TEST_STEP][PASSED] - Statement - PreSaveFile = new java.io.File(((pathPrefix + java.lang.Integer.toString(counter)) + .png)): null

2018-12-14 01:02:05 - [TEST_STEP][PASSED] - Statement - counter = counter + 1: null

2018-12-14 01:02:05 - [TEST_STEP][PASSED] - Statement - PreSaveFile = new java.io.File(((pathPrefix + java.lang.Integer.toString(counter)) + .png)): null

2018-12-14 01:02:05 - [TEST_STEP][PASSED] - Statement - counter = counter + 1: null

2018-12-14 01:02:05 - [TEST_STEP][PASSED] - Statement - PreSaveFile = new java.io.File(((pathPrefix + java.lang.Integer.toString(counter)) + .png)): null

2018-12-14 01:02:05 - [TEST_STEP][PASSED] - Statement - counter = counter + 1: null

2018-12-14 01:02:05 - [TEST_STEP][PASSED] - Statement - PreSaveFile = new java.io.File(((pathPrefix + java.lang.Integer.toString(counter)) + .png)): null

2018-12-14 01:02:05 - [TEST_STEP][PASSED] - Statement - counter = counter + 1: null

2018-12-14 01:02:05 - [TEST_STEP][PASSED] - Statement - PreSaveFile = new java.io.File(((pathPrefix + java.lang.Integer.toString(counter)) + .png)): null

2018-12-14 01:02:05 - [TEST_STEP][PASSED] - Statement - counter = counter + 1: null

2018-12-14 01:02:06 - [TEST_STEP][PASSED] - Statement - PreSaveFile = new java.io.File(((pathPrefix + java.lang.Integer.toString(counter)) + .png)): null

2018-12-14 01:02:06 - [TEST_STEP][PASSED] - Statement - counter = counter + 1: null

2018-12-14 01:02:06 - [TEST_STEP][PASSED] - Statement - PreSaveFile = new java.io.File(((pathPrefix + java.lang.Integer.toString(counter)) + .png)): null

2018-12-14 01:02:06 - [TEST_STEP][PASSED] - Statement - counter = counter + 1: null

2018-12-14 01:02:06 - [TEST_STEP][PASSED] - Statement - PreSaveFile = new java.io.File(((pathPrefix + java.lang.Integer.toString(counter)) + .png)): null

2018-12-14 01:02:06 - [TEST_STEP][PASSED] - Statement - counter = counter + 1: null

2018-12-14 01:02:06 - [TEST_STEP][PASSED] - Statement - PreSaveFile = new java.io.File(((pathPrefix + java.lang.Integer.toString(counter)) + .png)): null

2018-12-14 01:02:06 - [TEST_STEP][PASSED] - Statement - counter = counter + 1: null

2018-12-14 01:02:06 - [TEST_STEP][PASSED] - Statement - PreSaveFile = new java.io.File(((pathPrefix + java.lang.Integer.toString(counter)) + .png)): null

2018-12-14 01:02:06 - [TEST_STEP][PASSED] - Statement - counter = counter + 1: null

2018-12-14 01:02:06 - [TEST_STEP][PASSED] - Statement - PreSaveFile = new java.io.File(((pathPrefix + java.lang.Integer.toString(counter)) + .png)): null

2018-12-14 01:02:06 - [TEST_STEP][PASSED] - Statement - counter = counter + 1: null

2018-12-14 01:02:06 - [TEST_STEP][PASSED] - Statement - PreSaveFile = new java.io.File(((pathPrefix + java.lang.Integer.toString(counter)) + .png)): null

2018-12-14 01:02:06 - [TEST_STEP][PASSED] - Statement - counter = counter + 1: null

2018-12-14 01:02:06 - [TEST_STEP][PASSED] - Statement - PreSaveFile = new java.io.File(((pathPrefix + java.lang.Integer.toString(counter)) + .png)): null

2018-12-14 01:02:06 - [TEST_STEP][PASSED] - Statement - counter = counter + 1: null

2018-12-14 01:02:06 - [TEST_STEP][PASSED] - Statement - PreSaveFile = new java.io.File(((pathPrefix + java.lang.Integer.toString(counter)) + .png)): null

2018-12-14 01:02:06 - [TEST_STEP][PASSED] - Statement - counter = counter + 1: null

2018-12-14 01:02:06 - [TEST_STEP][PASSED] - Statement - PreSaveFile = new java.io.File(((pathPrefix + java.lang.Integer.toString(counter)) + .png)): null

2018-12-14 01:02:06 - [TEST_STEP][PASSED] - Statement - counter = counter + 1: null

2018-12-14 01:02:06 - [TEST_STEP][PASSED] - Statement - PreSaveFile = new java.io.File(((pathPrefix + java.lang.Integer.toString(counter)) + .png)): null

2018-12-14 01:02:06 - [TEST_STEP][PASSED] - Statement - counter = counter + 1: null

2018-12-14 01:02:06 - [TEST_STEP][PASSED] - Statement - PreSaveFile = new java.io.File(((pathPrefix + java.lang.Integer.toString(counter)) + .png)): null

2018-12-14 01:02:06 - [TEST_STEP][PASSED] - Statement - counter = counter + 1: null

2018-12-14 01:02:06 - [TEST_STEP][PASSED] - Statement - PreSaveFile = new java.io.File(((pathPrefix + java.lang.Integer.toString(counter)) + .png)): null

2018-12-14 01:02:06 - [TEST_STEP][PASSED] - Statement - counter = counter + 1: null

2018-12-14 01:02:06 - [TEST_STEP][PASSED] - Statement - PreSaveFile = new java.io.File(((pathPrefix + java.lang.Integer.toString(counter)) + .png)): null

2018-12-14 01:02:06 - [TEST_STEP][PASSED] - Statement - counter = counter + 1: null

2018-12-14 01:02:06 - [TEST_STEP][PASSED] - Statement - PreSaveFile = new java.io.File(((pathPrefix + java.lang.Integer.toString(counter)) + .png)): null

2018-12-14 01:02:06 - [TEST_STEP][PASSED] - Statement - counter = counter + 1: null

2018-12-14 01:02:06 - [TEST_STEP][PASSED] - Statement - PreSaveFile = new java.io.File(((pathPrefix + java.lang.Integer.toString(counter)) + .png)): null

2018-12-14 01:02:06 - [TEST_STEP][PASSED] - Statement - counter = counter + 1: null

2018-12-14 01:02:06 - [TEST_STEP][PASSED] - Statement - PreSaveFile = new java.io.File(((pathPrefix + java.lang.Integer.toString(counter)) + .png)): null

2018-12-14 01:02:06 - [TEST_STEP][PASSED] - Statement - counter = counter + 1: null

2018-12-14 01:02:06 - [TEST_STEP][PASSED] - Statement - PreSaveFile = new java.io.File(((pathPrefix + java.lang.Integer.toString(counter)) + .png)): null

2018-12-14 01:02:06 - [TEST_STEP][PASSED] - Statement - counter = counter + 1: null

2018-12-14 01:02:06 - [TEST_STEP][PASSED] - Statement - PreSaveFile = new java.io.File(((pathPrefix + java.lang.Integer.toString(counter)) + .png)): null

2018-12-14 01:02:06 - [TEST_STEP][PASSED] - Statement - counter = counter + 1: null

2018-12-14 01:02:06 - [TEST_STEP][PASSED] - Statement - PreSaveFile = new java.io.File(((pathPrefix + java.lang.Integer.toString(counter)) + .png)): null

2018-12-14 01:02:06 - [TEST_STEP][PASSED] - Statement - counter = counter + 1: null

2018-12-14 01:02:06 - [TEST_STEP][PASSED] - Statement - PreSaveFile = new java.io.File(((pathPrefix + java.lang.Integer.toString(counter)) + .png)): null

2018-12-14 01:02:06 - [TEST_STEP][PASSED] - Statement - counter = counter + 1: null

2018-12-14 01:02:06 - [TEST_STEP][PASSED] - Statement - PreSaveFile = new java.io.File(((pathPrefix + java.lang.Integer.toString(counter)) + .png)): null

2018-12-14 01:02:06 - [TEST_STEP][PASSED] - Statement - counter = counter + 1: null

2018-12-14 01:02:06 - [TEST_STEP][PASSED] - Statement - PreSaveFile = new java.io.File(((pathPrefix + java.lang.Integer.toString(counter)) + .png)): null

2018-12-14 01:02:06 - [TEST_STEP][PASSED] - Statement - counter = counter + 1: null

2018-12-14 01:02:06 - [TEST_STEP][PASSED] - Statement - PreSaveFile = new java.io.File(((pathPrefix + java.lang.Integer.toString(counter)) + .png)): null

2018-12-14 01:02:06 - [TEST_STEP][PASSED] - Statement - counter = counter + 1: null

2018-12-14 01:02:06 - [TEST_STEP][PASSED] - Statement - PreSaveFile = new java.io.File(((pathPrefix + java.lang.Integer.toString(counter)) + .png)): null

2018-12-14 01:02:06 - [TEST_STEP][PASSED] - Statement - counter = counter + 1: null

2018-12-14 01:02:06 - [TEST_STEP][PASSED] - Statement - PreSaveFile = new java.io.File(((pathPrefix + java.lang.Integer.toString(counter)) + .png)): null

2018-12-14 01:02:06 - [TEST_STEP][PASSED] - Statement - counter = counter + 1: null

2018-12-14 01:02:06 - [TEST_STEP][PASSED] - Statement - PreSaveFile = new java.io.File(((pathPrefix + java.lang.Integer.toString(counter)) + .png)): null

2018-12-14 01:02:06 - [TEST_STEP][PASSED] - Statement - counter = counter + 1: null

2018-12-14 01:02:06 - [TEST_STEP][PASSED] - Statement - PreSaveFile = new java.io.File(((pathPrefix + java.lang.Integer.toString(counter)) + .png)): null

2018-12-14 01:02:06 - [TEST_STEP][PASSED] - Statement - counter = counter + 1: null

2018-12-14 01:02:06 - [TEST_STEP][PASSED] - Statement - PreSaveFile = new java.io.File(((pathPrefix + java.lang.Integer.toString(counter)) + .png)): null

2018-12-14 01:02:06 - [TEST_STEP][PASSED] - Statement - counter = counter + 1: null

2018-12-14 01:02:06 - [TEST_STEP][PASSED] - Statement - PreSaveFile = new java.io.File(((pathPrefix + java.lang.Integer.toString(counter)) + .png)): null

2018-12-14 01:02:06 - [TEST_STEP][PASSED] - Statement - counter = counter + 1: null

2018-12-14 01:02:06 - [TEST_STEP][PASSED] - Statement - PreSaveFile = new java.io.File(((pathPrefix + java.lang.Integer.toString(counter)) + .png)): null

2018-12-14 01:02:06 - [TEST_STEP][PASSED] - Statement - counter = counter + 1: null

2018-12-14 01:02:06 - [TEST_STEP][PASSED] - Statement - PreSaveFile = new java.io.File(((pathPrefix + java.lang.Integer.toString(counter)) + .png)): null

2018-12-14 01:02:06 - [TEST_STEP][PASSED] - Statement - counter = counter + 1: null

2018-12-14 01:02:06 - [TEST_STEP][PASSED] - Statement - PreSaveFile = new java.io.File(((pathPrefix + java.lang.Integer.toString(counter)) + .png)): null

2018-12-14 01:02:06 - [TEST_STEP][PASSED] - Statement - counter = counter + 1: null

2018-12-14 01:02:06 - [TEST_STEP][PASSED] - Statement - PreSaveFile = new java.io.File(((pathPrefix + java.lang.Integer.toString(counter)) + .png)): null

2018-12-14 01:02:06 - [TEST_STEP][PASSED] - Statement - counter = counter + 1: null

2018-12-14 01:02:06 - [TEST_STEP][PASSED] - Statement - PreSaveFile = new java.io.File(((pathPrefix + java.lang.Integer.toString(counter)) + .png)): null

2018-12-14 01:02:06 - [TEST_STEP][PASSED] - Statement - counter = counter + 1: null

2018-12-14 01:02:06 - [TEST_STEP][PASSED] - Statement - PreSaveFile = new java.io.File(((pathPrefix + java.lang.Integer.toString(counter)) + .png)): null

2018-12-14 01:02:06 - [TEST_STEP][PASSED] - Statement - counter = counter + 1: null

2018-12-14 01:02:06 - [TEST_STEP][PASSED] - Statement - PreSaveFile = new java.io.File(((pathPrefix + java.lang.Integer.toString(counter)) + .png)): null

2018-12-14 01:02:06 - [TEST_STEP][PASSED] - Statement - counter = counter + 1: null

2018-12-14 01:02:06 - [TEST_STEP][PASSED] - Statement - PreSaveFile = new java.io.File(((pathPrefix + java.lang.Integer.toString(counter)) + .png)): null

2018-12-14 01:02:06 - [TEST_STEP][PASSED] - Statement - counter = counter + 1: null

2018-12-14 01:02:06 - [TEST_STEP][PASSED] - Statement - PreSaveFile = new java.io.File(((pathPrefix + java.lang.Integer.toString(counter)) + .png)): null

2018-12-14 01:02:06 - [TEST_STEP][PASSED] - Statement - counter = counter + 1: null

2018-12-14 01:02:06 - [TEST_STEP][PASSED] - Statement - PreSaveFile = new java.io.File(((pathPrefix + java.lang.Integer.toString(counter)) + .png)): null

2018-12-14 01:02:06 - [TEST_STEP][PASSED] - Statement - counter = counter + 1: null

2018-12-14 01:02:06 - [TEST_STEP][PASSED] - Statement - PreSaveFile = new java.io.File(((pathPrefix + java.lang.Integer.toString(counter)) + .png)): null

2018-12-14 01:02:06 - [TEST_STEP][PASSED] - Statement - counter = counter + 1: null

2018-12-14 01:02:06 - [TEST_STEP][PASSED] - Statement - PreSaveFile = new java.io.File(((pathPrefix + java.lang.Integer.toString(counter)) + .png)): null

2018-12-14 01:02:06 - [TEST_STEP][PASSED] - Statement - counter = counter + 1: null

2018-12-14 01:02:06 - [TEST_STEP][PASSED] - Statement - PreSaveFile = new java.io.File(((pathPrefix + java.lang.Integer.toString(counter)) + .png)): null

2018-12-14 01:02:06 - [TEST_STEP][PASSED] - Statement - counter = counter + 1: null

2018-12-14 01:02:06 - [TEST_STEP][PASSED] - Statement - PreSaveFile = new java.io.File(((pathPrefix + java.lang.Integer.toString(counter)) + .png)): null

2018-12-14 01:02:06 - [TEST_STEP][PASSED] - Statement - counter = counter + 1: null

2018-12-14 01:02:06 - [TEST_STEP][PASSED] - Statement - PreSaveFile = new java.io.File(((pathPrefix + java.lang.Integer.toString(counter)) + .png)): null

2018-12-14 01:02:06 - [TEST_STEP][PASSED] - Statement - counter = counter + 1: null

2018-12-14 01:02:06 - [TEST_STEP][PASSED] - Statement - PreSaveFile = new java.io.File(((pathPrefix + java.lang.Integer.toString(counter)) + .png)): null

2018-12-14 01:02:06 - [TEST_STEP][PASSED] - Statement - counter = counter + 1: null

2018-12-14 01:02:06 - [TEST_STEP][PASSED] - Statement - PreSaveFile = new java.io.File(((pathPrefix + java.lang.Integer.toString(counter)) + .png)): null

2018-12-14 01:02:06 - [TEST_STEP][PASSED] - Statement - counter = counter + 1: null

2018-12-14 01:02:06 - [TEST_STEP][PASSED] - Statement - PreSaveFile = new java.io.File(((pathPrefix + java.lang.Integer.toString(counter)) + .png)): null

2018-12-14 01:02:06 - [TEST_STEP][PASSED] - Statement - counter = counter + 1: null

2018-12-14 01:02:06 - [TEST_STEP][PASSED] - Statement - PreSaveFile = new java.io.File(((pathPrefix + java.lang.Integer.toString(counter)) + .png)): null

2018-12-14 01:02:06 - [TEST_STEP][PASSED] - Statement - counter = counter + 1: null

2018-12-14 01:02:06 - [TEST_STEP][PASSED] - Statement - PreSaveFile = new java.io.File(((pathPrefix + java.lang.Integer.toString(counter)) + .png)): null

2018-12-14 01:02:06 - [TEST_STEP][PASSED] - Statement - counter = counter + 1: null

2018-12-14 01:02:06 - [TEST_STEP][PASSED] - Statement - PreSaveFile = new java.io.File(((pathPrefix + java.lang.Integer.toString(counter)) + .png)): null

2018-12-14 01:02:06 - [TEST_STEP][PASSED] - Statement - counter = counter + 1: null

2018-12-14 01:02:06 - [TEST_STEP][PASSED] - Statement - PreSaveFile = new java.io.File(((pathPrefix + java.lang.Integer.toString(counter)) + .png)): null

2018-12-14 01:02:06 - [TEST_STEP][PASSED] - Statement - counter = counter + 1: null

2018-12-14 01:02:06 - [TEST_STEP][PASSED] - Statement - PreSaveFile = new java.io.File(((pathPrefix + java.lang.Integer.toString(counter)) + .png)): null

2018-12-14 01:02:06 - [TEST_STEP][PASSED] - Statement - counter = counter + 1: null

2018-12-14 01:02:06 - [TEST_STEP][PASSED] - Statement - PreSaveFile = new java.io.File(((pathPrefix + java.lang.Integer.toString(counter)) + .png)): null

2018-12-14 01:02:06 - [TEST_STEP][PASSED] - Statement - counter = counter + 1: null

2018-12-14 01:02:06 - [TEST_STEP][PASSED] - Statement - PreSaveFile = new java.io.File(((pathPrefix + java.lang.Integer.toString(counter)) + .png)): null

2018-12-14 01:02:06 - [TEST_STEP][PASSED] - Statement - counter = counter + 1: null

2018-12-14 01:02:06 - [TEST_STEP][PASSED] - Statement - PreSaveFile = new java.io.File(((pathPrefix + java.lang.Integer.toString(counter)) + .png)): null

2018-12-14 01:02:06 - [TEST_STEP][PASSED] - Statement - counter = counter + 1: null

2018-12-14 01:02:06 - [TEST_STEP][PASSED] - Statement - PreSaveFile = new java.io.File(((pathPrefix + java.lang.Integer.toString(counter)) + .png)): null

2018-12-14 01:02:06 - [TEST_STEP][PASSED] - Statement - counter = counter + 1: null

2018-12-14 01:02:06 - [TEST_STEP][PASSED] - Statement - PreSaveFile = new java.io.File(((pathPrefix + java.lang.Integer.toString(counter)) + .png)): null

2018-12-14 01:02:06 - [TEST_STEP][PASSED] - Statement - counter = counter + 1: null

2018-12-14 01:02:06 - [TEST_STEP][PASSED] - Statement - PreSaveFile = new java.io.File(((pathPrefix + java.lang.Integer.toString(counter)) + .png)): null

2018-12-14 01:02:06 - [TEST_STEP][PASSED] - Statement - counter = counter + 1: null

2018-12-14 01:02:06 - [TEST_STEP][PASSED] - Statement - PreSaveFile = new java.io.File(((pathPrefix + java.lang.Integer.toString(counter)) + .png)): null

2018-12-14 01:02:06 - [TEST_STEP][PASSED] - Statement - counter = counter + 1: null

2018-12-14 01:02:06 - [TEST_STEP][PASSED] - Statement - PreSaveFile = new java.io.File(((pathPrefix + java.lang.Integer.toString(counter)) + .png)): null

2018-12-14 01:02:06 - [TEST_STEP][PASSED] - Statement - counter = counter + 1: null

2018-12-14 01:02:06 - [TEST_STEP][PASSED] - Statement - PreSaveFile = new java.io.File(((pathPrefix + java.lang.Integer.toString(counter)) + .png)): null

2018-12-14 01:02:06 - [TEST_STEP][PASSED] - Statement - counter = counter + 1: null

2018-12-14 01:02:06 - [TEST_STEP][PASSED] - Statement - PreSaveFile = new java.io.File(((pathPrefix + java.lang.Integer.toString(counter)) + .png)): null

2018-12-14 01:02:06 - [TEST_STEP][PASSED] - Statement - counter = counter + 1: null

2018-12-14 01:02:06 - [TEST_STEP][PASSED] - Statement - PreSaveFile = new java.io.File(((pathPrefix + java.lang.Integer.toString(counter)) + .png)): null

2018-12-14 01:02:06 - [TEST_STEP][PASSED] - Statement - counter = counter + 1: null

2018-12-14 01:02:06 - [TEST_STEP][PASSED] - Statement - PreSaveFile = new java.io.File(((pathPrefix + java.lang.Integer.toString(counter)) + .png)): null

2018-12-14 01:02:06 - [TEST_STEP][PASSED] - Statement - counter = counter + 1: null

2018-12-14 01:02:06 - [TEST_STEP][PASSED] - Statement - PreSaveFile = new java.io.File(((pathPrefix + java.lang.Integer.toString(counter)) + .png)): null

2018-12-14 01:02:06 - [TEST_STEP][PASSED] - Statement - counter = counter + 1: null

2018-12-14 01:02:06 - [TEST_STEP][PASSED] - Statement - PreSaveFile = new java.io.File(((pathPrefix + java.lang.Integer.toString(counter)) + .png)): null

2018-12-14 01:02:06 - [TEST_STEP][PASSED] - Statement - counter = counter + 1: null

2018-12-14 01:02:06 - [TEST_STEP][PASSED] - Statement - PreSaveFile = new java.io.File(((pathPrefix + java.lang.Integer.toString(counter)) + .png)): null

2018-12-14 01:02:06 - [TEST_STEP][PASSED] - Statement - counter = counter + 1: null

2018-12-14 01:02:06 - [TEST_STEP][PASSED] - Statement - PreSaveFile = new java.io.File(((pathPrefix + java.lang.Integer.toString(counter)) + .png)): null

2018-12-14 01:02:06 - [TEST_STEP][PASSED] - Statement - counter = counter + 1: null

2018-12-14 01:02:06 - [TEST_STEP][PASSED] - Statement - PreSaveFile = new java.io.File(((pathPrefix + java.lang.Integer.toString(counter)) + .png)): null

2018-12-14 01:02:06 - [TEST_STEP][PASSED] - Statement - counter = counter + 1: null

2018-12-14 01:02:06 - [TEST_STEP][PASSED] - Statement - PreSaveFile = new java.io.File(((pathPrefix + java.lang.Integer.toString(counter)) + .png)): null

2018-12-14 01:02:06 - [TEST_STEP][PASSED] - Statement - counter = counter + 1: null

2018-12-14 01:02:06 - [TEST_STEP][PASSED] - Statement - PreSaveFile = new java.io.File(((pathPrefix + java.lang.Integer.toString(counter)) + .png)): null

2018-12-14 01:02:06 - [TEST_STEP][PASSED] - Statement - counter = counter + 1: null

2018-12-14 01:02:06 - [TEST_STEP][PASSED] - Statement - PreSaveFile = new java.io.File(((pathPrefix + java.lang.Integer.toString(counter)) + .png)): null

2018-12-14 01:02:06 - [TEST_STEP][PASSED] - Statement - counter = counter + 1: null

2018-12-14 01:02:06 - [TEST_STEP][PASSED] - Statement - PreSaveFile = new java.io.File(((pathPrefix + java.lang.Integer.toString(counter)) + .png)): null

2018-12-14 01:02:06 - [TEST_STEP][PASSED] - Statement - counter = counter + 1: null

2018-12-14 01:02:06 - [TEST_STEP][PASSED] - Statement - PreSaveFile = new java.io.File(((pathPrefix + java.lang.Integer.toString(counter)) + .png)): null

2018-12-14 01:02:06 - [TEST_STEP][PASSED] - Statement - counter = counter + 1: null

2018-12-14 01:02:06 - [TEST_STEP][PASSED] - Statement - PreSaveFile = new java.io.File(((pathPrefix + java.lang.Integer.toString(counter)) + .png)): null

2018-12-14 01:02:06 - [TEST_STEP][PASSED] - Statement - counter = counter + 1: null

2018-12-14 01:02:06 - [TEST_STEP][PASSED] - Statement - PreSaveFile = new java.io.File(((pathPrefix + java.lang.Integer.toString(counter)) + .png)): null

2018-12-14 01:02:06 - [TEST_STEP][PASSED] - Statement - counter = counter + 1: null

2018-12-14 01:02:06 - [TEST_STEP][PASSED] - Statement - PreSaveFile = new java.io.File(((pathPrefix + java.lang.Integer.toString(counter)) + .png)): null

2018-12-14 01:02:06 - [TEST_STEP][PASSED] - Statement - counter = counter + 1: null

2018-12-14 01:02:06 - [TEST_STEP][PASSED] - Statement - PreSaveFile = new java.io.File(((pathPrefix + java.lang.Integer.toString(counter)) + .png)): null

2018-12-14 01:02:06 - [TEST_STEP][PASSED] - Statement - counter = counter + 1: null

2018-12-14 01:02:06 - [TEST_STEP][PASSED] - Statement - PreSaveFile = new java.io.File(((pathPrefix + java.lang.Integer.toString(counter)) + .png)): null

2018-12-14 01:02:06 - [TEST_STEP][PASSED] - Statement - counter = counter + 1: null

2018-12-14 01:02:06 - [TEST_STEP][PASSED] - Statement - PreSaveFile = new java.io.File(((pathPrefix + java.lang.Integer.toString(counter)) + .png)): null

2018-12-14 01:02:06 - [TEST_STEP][PASSED] - Statement - counter = counter + 1: null

2018-12-14 01:02:06 - [TEST_STEP][PASSED] - Statement - PreSaveFile = new java.io.File(((pathPrefix + java.lang.Integer.toString(counter)) + .png)): null

2018-12-14 01:02:06 - [TEST_STEP][PASSED] - Statement - counter = counter + 1: null

2018-12-14 01:02:06 - [TEST_STEP][PASSED] - Statement - PreSaveFile = new java.io.File(((pathPrefix + java.lang.Integer.toString(counter)) + .png)): null

2018-12-14 01:02:06 - [TEST_STEP][PASSED] - Statement - counter = counter + 1: null

2018-12-14 01:02:06 - [TEST_STEP][PASSED] - Statement - PreSaveFile = new java.io.File(((pathPrefix + java.lang.Integer.toString(counter)) + .png)): null

2018-12-14 01:02:06 - [TEST_STEP][PASSED] - Statement - counter = counter + 1: null

2018-12-14 01:02:06 - [TEST_STEP][PASSED] - Statement - PreSaveFile = new java.io.File(((pathPrefix + java.lang.Integer.toString(counter)) + .png)): null

2018-12-14 01:02:06 - [TEST_STEP][PASSED] - Statement - counter = counter + 1: null

2018-12-14 01:02:06 - [TEST_STEP][PASSED] - Statement - PreSaveFile = new java.io.File(((pathPrefix + java.lang.Integer.toString(counter)) + .png)): null

2018-12-14 01:02:06 - [TEST_STEP][PASSED] - Statement - counter = counter + 1: null

2018-12-14 01:02:06 - [TEST_STEP][PASSED] - Statement - PreSaveFile = new java.io.File(((pathPrefix + java.lang.Integer.toString(counter)) + .png)): null

2018-12-14 01:02:06 - [TEST_STEP][PASSED] - Statement - counter = counter + 1: null

2018-12-14 01:02:06 - [TEST_STEP][PASSED] - Statement - PreSaveFile = new java.io.File(((pathPrefix + java.lang.Integer.toString(counter)) + .png)): null

2018-12-14 01:02:06 - [TEST_STEP][PASSED] - Statement - counter = counter + 1: null

2018-12-14 01:02:06 - [TEST_STEP][PASSED] - Statement - PreSaveFile = new java.io.File(((pathPrefix + java.lang.Integer.toString(counter)) + .png)): null

2018-12-14 01:02:06 - [TEST_STEP][PASSED] - Statement - counter = counter + 1: null

2018-12-14 01:02:06 - [TEST_STEP][PASSED] - Statement - PreSaveFile = new java.io.File(((pathPrefix + java.lang.Integer.toString(counter)) + .png)): null

2018-12-14 01:02:06 - [TEST_STEP][PASSED] - Statement - counter = counter + 1: null

2018-12-14 01:02:06 - [TEST_STEP][PASSED] - Statement - PreSaveFile = new java.io.File(((pathPrefix + java.lang.Integer.toString(counter)) + .png)): null

2018-12-14 01:02:06 - [TEST_STEP][PASSED] - Statement - counter = counter + 1: null

2018-12-14 01:02:06 - [TEST_STEP][PASSED] - Statement - PreSaveFile = new java.io.File(((pathPrefix + java.lang.Integer.toString(counter)) + .png)): null

2018-12-14 01:02:06 - [TEST_STEP][PASSED] - Statement - counter = counter + 1: null

2018-12-14 01:02:06 - [TEST_STEP][PASSED] - Statement - PreSaveFile = new java.io.File(((pathPrefix + java.lang.Integer.toString(counter)) + .png)): null

2018-12-14 01:02:06 - [TEST_STEP][PASSED] - Statement - counter = counter + 1: null

2018-12-14 01:02:06 - [TEST_STEP][PASSED] - Statement - PreSaveFile = new java.io.File(((pathPrefix + java.lang.Integer.toString(counter)) + .png)): null

2018-12-14 01:02:06 - [TEST_STEP][PASSED] - Statement - counter = counter + 1: null

2018-12-14 01:02:06 - [TEST_STEP][PASSED] - Statement - PreSaveFile = new java.io.File(((pathPrefix + java.lang.Integer.toString(counter)) + .png)): null

2018-12-14 01:02:06 - [TEST_STEP][PASSED] - Statement - counter = counter + 1: null

2018-12-14 01:02:06 - [TEST_STEP][PASSED] - Statement - PreSaveFile = new java.io.File(((pathPrefix + java.lang.Integer.toString(counter)) + .png)): null

2018-12-14 01:02:06 - [TEST_STEP][PASSED] - Statement - counter = counter + 1: null

2018-12-14 01:02:06 - [TEST_STEP][PASSED] - Statement - PreSaveFile = new java.io.File(((pathPrefix + java.lang.Integer.toString(counter)) + .png)): null

2018-12-14 01:02:06 - [TEST_STEP][PASSED] - Statement - counter = counter + 1: null

2018-12-14 01:02:06 - [TEST_STEP][PASSED] - Statement - PreSaveFile = new java.io.File(((pathPrefix + java.lang.Integer.toString(counter)) + .png)): null

2018-12-14 01:02:06 - [TEST_STEP][PASSED] - Statement - counter = counter + 1: null

2018-12-14 01:02:06 - [TEST_STEP][PASSED] - Statement - PreSaveFile = new java.io.File(((pathPrefix + java.lang.Integer.toString(counter)) + .png)): null

2018-12-14 01:02:06 - [TEST_STEP][PASSED] - Statement - counter = counter + 1: null

2018-12-14 01:02:06 - [TEST_STEP][PASSED] - Statement - PreSaveFile = new java.io.File(((pathPrefix + java.lang.Integer.toString(counter)) + .png)): null

2018-12-14 01:02:06 - [TEST_STEP][PASSED] - Statement - counter = counter + 1: null

2018-12-14 01:02:06 - [TEST_STEP][PASSED] - Statement - PreSaveFile = new java.io.File(((pathPrefix + java.lang.Integer.toString(counter)) + .png)): null

2018-12-14 01:02:06 - [TEST_STEP][PASSED] - Statement - counter = counter + 1: null

2018-12-14 01:02:06 - [TEST_STEP][PASSED] - Statement - PreSaveFile = new java.io.File(((pathPrefix + java.lang.Integer.toString(counter)) + .png)): null

2018-12-14 01:02:06 - [TEST_STEP][PASSED] - Statement - counter = counter + 1: null

2018-12-14 01:02:06 - [TEST_STEP][PASSED] - Statement - PreSaveFile = new java.io.File(((pathPrefix + java.lang.Integer.toString(counter)) + .png)): null

2018-12-14 01:02:06 - [TEST_STEP][PASSED] - Statement - counter = counter + 1: null

2018-12-14 01:02:06 - [TEST_STEP][PASSED] - Statement - PreSaveFile = new java.io.File(((pathPrefix + java.lang.Integer.toString(counter)) + .png)): null

2018-12-14 01:02:06 - [TEST_STEP][PASSED] - Statement - counter = counter + 1: null

2018-12-14 01:02:06 - [TEST_STEP][PASSED] - Statement - PreSaveFile = new java.io.File(((pathPrefix + java.lang.Integer.toString(counter)) + .png)): null

2018-12-14 01:02:06 - [TEST_STEP][PASSED] - Statement - counter = counter + 1: null

2018-12-14 01:02:06 - [TEST_STEP][PASSED] - Statement - PreSaveFile = new java.io.File(((pathPrefix + java.lang.Integer.toString(counter)) + .png)): null

2018-12-14 01:02:06 - [TEST_STEP][PASSED] - Statement - counter = counter + 1: null

2018-12-14 01:02:06 - [TEST_STEP][PASSED] - Statement - PreSaveFile = new java.io.File(((pathPrefix + java.lang.Integer.toString(counter)) + .png)): null

2018-12-14 01:02:06 - [TEST_STEP][PASSED] - Statement - counter = counter + 1: null

2018-12-14 01:02:06 - [TEST_STEP][PASSED] - Statement - PreSaveFile = new java.io.File(((pathPrefix + java.lang.Integer.toString(counter)) + .png)): null

2018-12-14 01:02:06 - [TEST_STEP][PASSED] - Statement - counter = counter + 1: null

2018-12-14 01:02:06 - [TEST_STEP][PASSED] - Statement - PreSaveFile = new java.io.File(((pathPrefix + java.lang.Integer.toString(counter)) + .png)): null

2018-12-14 01:02:06 - [TEST_STEP][PASSED] - Statement - counter = counter + 1: null

2018-12-14 01:02:06 - [TEST_STEP][PASSED] - Statement - PreSaveFile = new java.io.File(((pathPrefix + java.lang.Integer.toString(counter)) + .png)): null

2018-12-14 01:02:06 - [TEST_STEP][PASSED] - Statement - counter = counter + 1: null

2018-12-14 01:02:06 - [TEST_STEP][PASSED] - Statement - PreSaveFile = new java.io.File(((pathPrefix + java.lang.Integer.toString(counter)) + .png)): null

2018-12-14 01:02:06 - [TEST_STEP][PASSED] - Statement - counter = counter + 1: null

2018-12-14 01:02:06 - [TEST_STEP][PASSED] - Statement - PreSaveFile = new java.io.File(((pathPrefix + java.lang.Integer.toString(counter)) + .png)): null

2018-12-14 01:02:06 - [TEST_STEP][PASSED] - Statement - counter = counter + 1: null

2018-12-14 01:02:06 - [TEST_STEP][PASSED] - Statement - PreSaveFile = new java.io.File(((pathPrefix + java.lang.Integer.toString(counter)) + .png)): null

2018-12-14 01:02:06 - [TEST_STEP][PASSED] - Statement - counter = counter + 1: null

2018-12-14 01:02:06 - [TEST_STEP][PASSED] - Statement - PreSaveFile = new java.io.File(((pathPrefix + java.lang.Integer.toString(counter)) + .png)): null

2018-12-14 01:02:06 - [TEST_STEP][PASSED] - Statement - counter = counter + 1: null

2018-12-14 01:02:06 - [TEST_STEP][PASSED] - Statement - PreSaveFile = new java.io.File(((pathPrefix + java.lang.Integer.toString(counter)) + .png)): null

2018-12-14 01:02:06 - [TEST_STEP][PASSED] - Statement - counter = counter + 1: null

2018-12-14 01:02:06 - [TEST_STEP][PASSED] - Statement - PreSaveFile = new java.io.File(((pathPrefix + java.lang.Integer.toString(counter)) + .png)): null

2018-12-14 01:02:06 - [TEST_STEP][PASSED] - Statement - counter = counter + 1: null

2018-12-14 01:02:06 - [TEST_STEP][PASSED] - Statement - PreSaveFile = new java.io.File(((pathPrefix + java.lang.Integer.toString(counter)) + .png)): null

2018-12-14 01:02:06 - [TEST_STEP][PASSED] - Statement - counter = counter + 1: null

2018-12-14 01:02:06 - [TEST_STEP][PASSED] - Statement - PreSaveFile = new java.io.File(((pathPrefix + java.lang.Integer.toString(counter)) + .png)): null

2018-12-14 01:02:06 - [TEST_STEP][PASSED] - Statement - counter = counter + 1: null

2018-12-14 01:02:06 - [TEST_STEP][PASSED] - Statement - PreSaveFile = new java.io.File(((pathPrefix + java.lang.Integer.toString(counter)) + .png)): null

2018-12-14 01:02:06 - [TEST_STEP][PASSED] - Statement - counter = counter + 1: null

2018-12-14 01:02:06 - [TEST_STEP][PASSED] - Statement - PreSaveFile = new java.io.File(((pathPrefix + java.lang.Integer.toString(counter)) + .png)): null

2018-12-14 01:02:06 - [TEST_STEP][PASSED] - Statement - counter = counter + 1: null

2018-12-14 01:02:06 - [TEST_STEP][PASSED] - Statement - PreSaveFile = new java.io.File(((pathPrefix + java.lang.Integer.toString(counter)) + .png)): null

2018-12-14 01:02:06 - [TEST_STEP][PASSED] - Statement - counter = counter + 1: null

2018-12-14 01:02:06 - [TEST_STEP][PASSED] - Statement - PreSaveFile = new java.io.File(((pathPrefix + java.lang.Integer.toString(counter)) + .png)): null

2018-12-14 01:02:06 - [TEST_STEP][PASSED] - Statement - counter = counter + 1: null

2018-12-14 01:02:06 - [TEST_STEP][PASSED] - Statement - PreSaveFile = new java.io.File(((pathPrefix + java.lang.Integer.toString(counter)) + .png)): null

2018-12-14 01:02:06 - [TEST_STEP][PASSED] - Statement - counter = counter + 1: null

2018-12-14 01:02:06 - [TEST_STEP][PASSED] - Statement - PreSaveFile = new java.io.File(((pathPrefix + java.lang.Integer.toString(counter)) + .png)): null

2018-12-14 01:02:06 - [TEST_STEP][PASSED] - Statement - counter = counter + 1: null

2018-12-14 01:02:06 - [TEST_STEP][PASSED] - Statement - PreSaveFile = new java.io.File(((pathPrefix + java.lang.Integer.toString(counter)) + .png)): null

2018-12-14 01:02:06 - [TEST_STEP][PASSED] - Statement - counter = counter + 1: null

2018-12-14 01:02:06 - [TEST_STEP][PASSED] - Statement - PreSaveFile = new java.io.File(((pathPrefix + java.lang.Integer.toString(counter)) + .png)): null

2018-12-14 01:02:06 - [TEST_STEP][PASSED] - Statement - counter = counter + 1: null

2018-12-14 01:02:06 - [TEST_STEP][PASSED] - Statement - PreSaveFile = new java.io.File(((pathPrefix + java.lang.Integer.toString(counter)) + .png)): null

2018-12-14 01:02:06 - [TEST_STEP][PASSED] - Statement - counter = counter + 1: null

2018-12-14 01:02:06 - [TEST_STEP][PASSED] - Statement - PreSaveFile = new java.io.File(((pathPrefix + java.lang.Integer.toString(counter)) + .png)): null

2018-12-14 01:02:06 - [TEST_STEP][PASSED] - Statement - counter = counter + 1: null

2018-12-14 01:02:06 - [TEST_STEP][PASSED] - Statement - PreSaveFile = new java.io.File(((pathPrefix + java.lang.Integer.toString(counter)) + .png)): null

2018-12-14 01:02:06 - [TEST_STEP][PASSED] - Statement - counter = counter + 1: null

2018-12-14 01:02:06 - [TEST_STEP][PASSED] - Statement - PreSaveFile = new java.io.File(((pathPrefix + java.lang.Integer.toString(counter)) + .png)): null

2018-12-14 01:02:06 - [TEST_STEP][PASSED] - Statement - counter = counter + 1: null

2018-12-14 01:02:06 - [TEST_STEP][PASSED] - Statement - PreSaveFile = new java.io.File(((pathPrefix + java.lang.Integer.toString(counter)) + .png)): null

2018-12-14 01:02:06 - [TEST_STEP][PASSED] - Statement - counter = counter + 1: null

2018-12-14 01:02:06 - [TEST_STEP][PASSED] - Statement - PreSaveFile = new java.io.File(((pathPrefix + java.lang.Integer.toString(counter)) + .png)): null

2018-12-14 01:02:06 - [TEST_STEP][PASSED] - Statement - counter = counter + 1: null

2018-12-14 01:02:06 - [TEST_STEP][PASSED] - Statement - PreSaveFile = new java.io.File(((pathPrefix + java.lang.Integer.toString(counter)) + .png)): null

2018-12-14 01:02:06 - [TEST_STEP][PASSED] - Statement - counter = counter + 1: null

2018-12-14 01:02:06 - [TEST_STEP][PASSED] - Statement - PreSaveFile = new java.io.File(((pathPrefix + java.lang.Integer.toString(counter)) + .png)): null

2018-12-14 01:02:06 - [TEST_STEP][PASSED] - Statement - counter = counter + 1: null

2018-12-14 01:02:06 - [TEST_STEP][PASSED] - Statement - PreSaveFile = new java.io.File(((pathPrefix + java.lang.Integer.toString(counter)) + .png)): null

2018-12-14 01:02:06 - [TEST_STEP][PASSED] - Statement - counter = counter + 1: null

2018-12-14 01:02:06 - [TEST_STEP][PASSED] - Statement - PreSaveFile = new java.io.File(((pathPrefix + java.lang.Integer.toString(counter)) + .png)): null

2018-12-14 01:02:06 - [TEST_STEP][PASSED] - Statement - counter = counter + 1: null

2018-12-14 01:02:06 - [TEST_STEP][PASSED] - Statement - PreSaveFile = new java.io.File(((pathPrefix + java.lang.Integer.toString(counter)) + .png)): null

2018-12-14 01:02:06 - [TEST_STEP][PASSED] - Statement - counter = counter + 1: null

2018-12-14 01:02:06 - [TEST_STEP][PASSED] - Statement - PreSaveFile = new java.io.File(((pathPrefix + java.lang.Integer.toString(counter)) + .png)): null

2018-12-14 01:02:06 - [TEST_STEP][PASSED] - Statement - counter = counter + 1: null

2018-12-14 01:02:06 - [TEST_STEP][PASSED] - Statement - PreSaveFile = new java.io.File(((pathPrefix + java.lang.Integer.toString(counter)) + .png)): null

2018-12-14 01:02:06 - [TEST_STEP][PASSED] - Statement - counter = counter + 1: null

2018-12-14 01:02:06 - [TEST_STEP][PASSED] - Statement - PreSaveFile = new java.io.File(((pathPrefix + java.lang.Integer.toString(counter)) + .png)): null

2018-12-14 01:02:06 - [TEST_STEP][PASSED] - Statement - counter = counter + 1: null

2018-12-14 01:02:06 - [TEST_STEP][PASSED] - Statement - PreSaveFile = new java.io.File(((pathPrefix + java.lang.Integer.toString(counter)) + .png)): null

2018-12-14 01:02:06 - [TEST_STEP][PASSED] - Statement - counter = counter + 1: null

2018-12-14 01:02:06 - [TEST_STEP][PASSED] - Statement - PreSaveFile = new java.io.File(((pathPrefix + java.lang.Integer.toString(counter)) + .png)): null

2018-12-14 01:02:06 - [TEST_STEP][PASSED] - Statement - counter = counter + 1: null

2018-12-14 01:02:06 - [TEST_STEP][PASSED] - Statement - PreSaveFile = new java.io.File(((pathPrefix + java.lang.Integer.toString(counter)) + .png)): null

2018-12-14 01:02:06 - [TEST_STEP][PASSED] - Statement - counter = counter + 1: null

2018-12-14 01:02:06 - [TEST_STEP][PASSED] - Statement - PreSaveFile = new java.io.File(((pathPrefix + java.lang.Integer.toString(counter)) + .png)): null

2018-12-14 01:02:06 - [TEST_STEP][PASSED] - Statement - counter = counter + 1: null

2018-12-14 01:02:06 - [TEST_STEP][PASSED] - Statement - PreSaveFile = new java.io.File(((pathPrefix + java.lang.Integer.toString(counter)) + .png)): null

2018-12-14 01:02:06 - [TEST_STEP][PASSED] - Statement - counter = counter + 1: null

2018-12-14 01:02:06 - [TEST_STEP][PASSED] - Statement - PreSaveFile = new java.io.File(((pathPrefix + java.lang.Integer.toString(counter)) + .png)): null

2018-12-14 01:02:06 - [TEST_STEP][PASSED] - Statement - counter = counter + 1: null

2018-12-14 01:02:06 - [TEST_STEP][PASSED] - Statement - PreSaveFile = new java.io.File(((pathPrefix + java.lang.Integer.toString(counter)) + .png)): null

2018-12-14 01:02:06 - [TEST_STEP][PASSED] - Statement - counter = counter + 1: null

2018-12-14 01:02:06 - [TEST_STEP][PASSED] - Statement - PreSaveFile = new java.io.File(((pathPrefix + java.lang.Integer.toString(counter)) + .png)): null

2018-12-14 01:02:06 - [TEST_STEP][PASSED] - Statement - counter = counter + 1: null

2018-12-14 01:02:06 - [TEST_STEP][PASSED] - Statement - PreSaveFile = new java.io.File(((pathPrefix + java.lang.Integer.toString(counter)) + .png)): null

2018-12-14 01:02:06 - [TEST_STEP][PASSED] - Statement - counter = counter + 1: null

2018-12-14 01:02:06 - [TEST_STEP][PASSED] - Statement - PreSaveFile = new java.io.File(((pathPrefix + java.lang.Integer.toString(counter)) + .png)): null

2018-12-14 01:02:06 - [TEST_STEP][PASSED] - Statement - counter = counter + 1: null

2018-12-14 01:02:06 - [TEST_STEP][PASSED] - Statement - PreSaveFile = new java.io.File(((pathPrefix + java.lang.Integer.toString(counter)) + .png)): null

2018-12-14 01:02:06 - [TEST_STEP][PASSED] - Statement - counter = counter + 1: null

2018-12-14 01:02:06 - [TEST_STEP][PASSED] - Statement - PreSaveFile = new java.io.File(((pathPrefix + java.lang.Integer.toString(counter)) + .png)): null

2018-12-14 01:02:06 - [TEST_STEP][PASSED] - Statement - counter = counter + 1: null

2018-12-14 01:02:06 - [TEST_STEP][PASSED] - Statement - PreSaveFile = new java.io.File(((pathPrefix + java.lang.Integer.toString(counter)) + .png)): null

2018-12-14 01:02:06 - [TEST_STEP][PASSED] - Statement - counter = counter + 1: null

2018-12-14 01:02:06 - [TEST_STEP][PASSED] - Statement - PreSaveFile = new java.io.File(((pathPrefix + java.lang.Integer.toString(counter)) + .png)): null

2018-12-14 01:02:06 - [TEST_STEP][PASSED] - Statement - counter = counter + 1: null

2018-12-14 01:02:06 - [TEST_STEP][PASSED] - Statement - PreSaveFile = new java.io.File(((pathPrefix + java.lang.Integer.toString(counter)) + .png)): null

2018-12-14 01:02:06 - [TEST_STEP][PASSED] - Statement - counter = counter + 1: null

2018-12-14 01:02:06 - [TEST_STEP][PASSED] - Statement - PreSaveFile = new java.io.File(((pathPrefix + java.lang.Integer.toString(counter)) + .png)): null

2018-12-14 01:02:06 - [TEST_STEP][PASSED] - Statement - counter = counter + 1: null

2018-12-14 01:02:06 - [TEST_STEP][PASSED] - Statement - PreSaveFile = new java.io.File(((pathPrefix + java.lang.Integer.toString(counter)) + .png)): null

2018-12-14 01:02:06 - [TEST_STEP][PASSED] - Statement - counter = counter + 1: null

2018-12-14 01:02:06 - [TEST_STEP][PASSED] - Statement - PreSaveFile = new java.io.File(((pathPrefix + java.lang.Integer.toString(counter)) + .png)): null

2018-12-14 01:02:06 - [TEST_STEP][PASSED] - Statement - counter = counter + 1: null

2018-12-14 01:02:06 - [TEST_STEP][PASSED] - Statement - PreSaveFile = new java.io.File(((pathPrefix + java.lang.Integer.toString(counter)) + .png)): null

2018-12-14 01:02:06 - [TEST_STEP][PASSED] - Statement - counter = counter + 1: null

2018-12-14 01:02:06 - [TEST_STEP][PASSED] - Statement - PreSaveFile = new java.io.File(((pathPrefix + java.lang.Integer.toString(counter)) + .png)): null

2018-12-14 01:02:06 - [TEST_STEP][PASSED] - Statement - counter = counter + 1: null

2018-12-14 01:02:06 - [TEST_STEP][PASSED] - Statement - PreSaveFile = new java.io.File(((pathPrefix + java.lang.Integer.toString(counter)) + .png)): null

2018-12-14 01:02:06 - [TEST_STEP][PASSED] - Statement - counter = counter + 1: null

2018-12-14 01:02:06 - [TEST_STEP][PASSED] - Statement - PreSaveFile = new java.io.File(((pathPrefix + java.lang.Integer.toString(counter)) + .png)): null

2018-12-14 01:02:06 - [TEST_STEP][PASSED] - Statement - counter = counter + 1: null

2018-12-14 01:02:06 - [TEST_STEP][PASSED] - Statement - PreSaveFile = new java.io.File(((pathPrefix + java.lang.Integer.toString(counter)) + .png)): null

2018-12-14 01:02:06 - [TEST_STEP][PASSED] - Statement - counter = counter + 1: null

2018-12-14 01:02:06 - [TEST_STEP][PASSED] - Statement - PreSaveFile = new java.io.File(((pathPrefix + java.lang.Integer.toString(counter)) + .png)): null

2018-12-14 01:02:06 - [TEST_STEP][PASSED] - Statement - counter = counter + 1: null

2018-12-14 01:02:06 - [TEST_STEP][PASSED] - Statement - PreSaveFile = new java.io.File(((pathPrefix + java.lang.Integer.toString(counter)) + .png)): null

2018-12-14 01:02:06 - [TEST_STEP][PASSED] - Statement - counter = counter + 1: null

2018-12-14 01:02:06 - [TEST_STEP][PASSED] - Statement - PreSaveFile = new java.io.File(((pathPrefix + java.lang.Integer.toString(counter)) + .png)): null

2018-12-14 01:02:06 - [TEST_STEP][PASSED] - Statement - counter = counter + 1: null

2018-12-14 01:02:06 - [TEST_STEP][PASSED] - Statement - PreSaveFile = new java.io.File(((pathPrefix + java.lang.Integer.toString(counter)) + .png)): null

2018-12-14 01:02:06 - [TEST_STEP][PASSED] - Statement - counter = counter + 1: null

2018-12-14 01:02:06 - [TEST_STEP][PASSED] - Statement - PreSaveFile = new java.io.File(((pathPrefix + java.lang.Integer.toString(counter)) + .png)): null

2018-12-14 01:02:06 - [TEST_STEP][PASSED] - Statement - counter = counter + 1: null

2018-12-14 01:02:06 - [TEST_STEP][PASSED] - Statement - PreSaveFile = new java.io.File(((pathPrefix + java.lang.Integer.toString(counter)) + .png)): null

2018-12-14 01:02:06 - [TEST_STEP][PASSED] - Statement - counter = counter + 1: null

2018-12-14 01:02:06 - [TEST_STEP][PASSED] - Statement - PreSaveFile = new java.io.File(((pathPrefix + java.lang.Integer.toString(counter)) + .png)): null

2018-12-14 01:02:06 - [TEST_STEP][PASSED] - Statement - counter = counter + 1: null

2018-12-14 01:02:06 - [TEST_STEP][PASSED] - Statement - PreSaveFile = new java.io.File(((pathPrefix + java.lang.Integer.toString(counter)) + .png)): null

2018-12-14 01:02:06 - [TEST_STEP][PASSED] - Statement - counter = counter + 1: null

2018-12-14 01:02:06 - [TEST_STEP][PASSED] - Statement - PreSaveFile = new java.io.File(((pathPrefix + java.lang.Integer.toString(counter)) + .png)): null

2018-12-14 01:02:06 - [TEST_STEP][PASSED] - Statement - counter = counter + 1: null

2018-12-14 01:02:06 - [TEST_STEP][PASSED] - Statement - PreSaveFile = new java.io.File(((pathPrefix + java.lang.Integer.toString(counter)) + .png)): null

2018-12-14 01:02:06 - [TEST_STEP][PASSED] - Statement - counter = counter + 1: null

2018-12-14 01:02:06 - [TEST_STEP][PASSED] - Statement - PreSaveFile = new java.io.File(((pathPrefix + java.lang.Integer.toString(counter)) + .png)): null

2018-12-14 01:02:06 - [TEST_STEP][PASSED] - Statement - counter = counter + 1: null

2018-12-14 01:02:06 - [TEST_STEP][PASSED] - Statement - PreSaveFile = new java.io.File(((pathPrefix + java.lang.Integer.toString(counter)) + .png)): null

2018-12-14 01:02:06 - [TEST_STEP][PASSED] - Statement - counter = counter + 1: null

2018-12-14 01:02:06 - [TEST_STEP][PASSED] - Statement - PreSaveFile = new java.io.File(((pathPrefix + java.lang.Integer.toString(counter)) + .png)): null

2018-12-14 01:02:06 - [TEST_STEP][PASSED] - Statement - counter = counter + 1: null

2018-12-14 01:02:06 - [TEST_STEP][PASSED] - Statement - PreSaveFile = new java.io.File(((pathPrefix + java.lang.Integer.toString(counter)) + .png)): null

2018-12-14 01:02:06 - [TEST_STEP][PASSED] - Statement - counter = counter + 1: null

2018-12-14 01:02:06 - [TEST_STEP][PASSED] - Statement - PreSaveFile = new java.io.File(((pathPrefix + java.lang.Integer.toString(counter)) + .png)): null

2018-12-14 01:02:06 - [TEST_STEP][PASSED] - Statement - finalPath = pathPrefix + java.lang.Integer.toString(counter) + ".png": null

2018-12-14 01:02:06 - [TEST_STEP][PASSED] - Statement - SaveFile = new java.io.File(finalPath): null

2018-12-14 01:02:06 - [TEST_STEP][PASSED] - Statement - Try: null

2018-12-14 01:02:06 - [TEST_STEP][PASSED] - Statement - org.apache.commons.io.FileUtils.copyFile(scrFile, SaveFile): null

2018-12-14 01:02:06 - [TEST_STEP][PASSED] - Statement - out.println("file kept"): null

2018-12-14 01:02:06 - [TEST_STEP][PASSED] - delay: Delayed 10 second(s)

2018-12-14 01:02:16 - [MESSAGE][PASSED] - Delayed 10 second(s)

2018-12-14 01:02:16 - [MESSAGE][PASSED] - Call Test Case 'Test Cases/Final Aug 2018 - PKS Automation/Common/Screenshoting tool' successfully

2018-12-14 01:02:16 - [TEST_STEP][PASSED] - callTestCase: Call Test Case 'Test Cases/Final Aug 2018 - PKS Automation/Registration Module/Log Out/log out avoiding katalon tagging' successfully

2018-12-14 01:02:16 - [TEST_CASE][PASSED] - Test Cases/Final Aug 2018 - PKS Automation/Registration Module/Log Out/log out avoiding katalon tagging: Test Cases/Final Aug 2018 - PKS Automation/Registration Module/Log Out/log out avoiding katalon tagging

2018-12-14 01:02:16 - [TEST_STEP][PASSED] - navigateToUrl: Navigate to 'https://assist2-uat.perkeso.gov.my/c/portal/logout' successfully

2018-12-14 01:02:17 - [MESSAGE][PASSED] - Navigate to 'https://assist2-uat.perkeso.gov.my/c/portal/logout' successfully

2018-12-14 01:02:17 - [MESSAGE][PASSED] - Call Test Case 'Test Cases/Final Aug 2018 - PKS Automation/Registration Module/Log Out/log out avoiding katalon tagging' successfully

2018-12-14 01:02:17 - [TEST_STEP][PASSED] - callTestCase: Call Test Case 'Test Cases/Final Aug 2018 - PKS Automation/Common/Workflow Owner Finder' successfully

2018-12-14 01:02:17 - [TEST_CASE][PASSED] - Test Cases/Final Aug 2018 - PKS Automation/Common/Workflow Owner Finder: Test Cases/Final Aug 2018 - PKS Automation/Common/Workflow Owner Finder

2018-12-14 01:02:18 - [TEST_STEP][PASSED] - openBrowser: Browser is opened with url: ''

2018-12-14 01:02:18 - [MESSAGE][WARNING] - A browser is already opened. Closing browser and opening a new one

2018-12-14 01:02:22 - [MESSAGE][PASSED] - Browser is opened with url: ''

2018-12-14 01:02:22 - [TEST_STEP][PASSED] - navigateToUrl: Navigate to 'https://assist2-uat.perkeso.gov.my/login' successfully

2018-12-14 01:02:23 - [MESSAGE][PASSED] - Navigate to 'https://assist2-uat.perkeso.gov.my/login' successfully

2018-12-14 01:02:23 - [TEST_STEP][PASSED] - delay: Delayed 5 second(s)

2018-12-14 01:02:28 - [MESSAGE][PASSED] - Delayed 5 second(s)

2018-12-14 01:02:28 - [TEST_STEP][PASSED] - setText: Text 'test@liferay.com' is set on object 'Object Repository/Final Object Repo/Login Page/Internal User/Email Address'

2018-12-14 01:02:28 - [MESSAGE][PASSED] - Text 'test@liferay.com' is set on object 'Object Repository/Final Object Repo/Login Page/Internal User/Email Address'

2018-12-14 01:02:28 - [TEST_STEP][PASSED] - click: Object: 'Object Repository/Final Object Repo/Login Page/Internal User/Next Button' is clicked on

2018-12-14 01:02:28 - [MESSAGE][PASSED] - Object: 'Object Repository/Final Object Repo/Login Page/Internal User/Next Button' is clicked on

2018-12-14 01:02:28 - [TEST_STEP][PASSED] - delay: Delayed 2 second(s)

2018-12-14 01:02:30 - [MESSAGE][PASSED] - Delayed 2 second(s)

2018-12-14 01:02:30 - [TEST_STEP][PASSED] - setText: Text 'test' is set on object 'Object Repository/Final Object Repo/Login Page/Internal User/Password'

2018-12-14 01:02:30 - [MESSAGE][PASSED] - Text 'test' is set on object 'Object Repository/Final Object Repo/Login Page/Internal User/Password'

2018-12-14 01:02:30 - [TEST_STEP][PASSED] - delay: Delayed 2 second(s)

2018-12-14 01:02:32 - [MESSAGE][PASSED] - Delayed 2 second(s)

2018-12-14 01:02:32 - [TEST_STEP][PASSED] - click: Object: 'Object Repository/Final Object Repo/Login Page/Internal User/Login Button' is clicked on

2018-12-14 01:02:33 - [MESSAGE][PASSED] - Object: 'Object Repository/Final Object Repo/Login Page/Internal User/Login Button' is clicked on

2018-12-14 01:02:33 - [TEST_STEP][PASSED] - Statement - tester = com.kms.katalon.core.testobject.ObjectRepository.findTestObject(Final Object Repo/Landing Page/Select to English): Finding Test Object with id 'Object Repository/Final Object Repo/Landing Page/Select to English'

2018-12-14 01:02:33 - [TEST_STEP][PASSED] - Statement - Try: Delayed 2 second(s)

2018-12-14 01:02:33 - [TEST_STEP][PASSED] - Statement - Checker = com.kms.katalon.core.webui.keyword.WebUiBuiltInKeywords.verifyElementNotPresent(tester, 3): Web element with id: 'Object Repository/Final Object Repo/Landing Page/Select to English' located by 'By.xpath: //a[@class = 'taglib-language-list-text' and @lang = 'en-US' and (contains(text(), 'EN') or contains(., 'EN'))]' is not present after '3' second(s)

2018-12-14 01:02:34 - [MESSAGE][PASSED] - Web element with id: 'Object Repository/Final Object Repo/Landing Page/Select to English' located by 'By.xpath: //a[@class = 'taglib-language-list-text' and @lang = 'en-US' and (contains(text(), 'EN') or contains(., 'EN'))]' is not present after '3' second(s)

2018-12-14 01:02:34 - [TEST_STEP][PASSED] - Statement - If (Checker == false): null

2018-12-14 01:02:34 - [TEST_STEP][PASSED] - delay: Delayed 2 second(s)

2018-12-14 01:02:36 - [MESSAGE][PASSED] - Delayed 2 second(s)

2018-12-14 01:02:36 - [TEST_STEP][PASSED] - delay: Delayed 5 second(s)

2018-12-14 01:02:41 - [MESSAGE][PASSED] - Delayed 5 second(s)

2018-12-14 01:02:41 - [TEST_STEP][PASSED] - mouseOver: Object: 'Object Repository/Final Object Repo/Landing Page/WorkFlow Menu' is hovered

2018-12-14 01:02:42 - [MESSAGE][PASSED] - Object: 'Object Repository/Final Object Repo/Landing Page/WorkFlow Menu' is hovered

2018-12-14 01:02:42 - [TEST_STEP][PASSED] - delay: Delayed 2 second(s)

2018-12-14 01:02:44 - [MESSAGE][PASSED] - Delayed 2 second(s)

2018-12-14 01:02:44 - [TEST_STEP][PASSED] - click: Object: 'Object Repository/Final Object Repo/Landing Page/Select to Workflow Listing' is clicked on

2018-12-14 01:02:45 - [MESSAGE][PASSED] - Object: 'Object Repository/Final Object Repo/Landing Page/Select to Workflow Listing' is clicked on

2018-12-14 01:02:45 - [TEST_STEP][PASSED] - delay: Delayed 2 second(s)

2018-12-14 01:02:47 - [MESSAGE][PASSED] - Delayed 2 second(s)

2018-12-14 01:02:47 - [TEST_STEP][PASSED] - click: Object: 'Object Repository/Final Object Repo/WorkFlow Listing Page/Search Information - To Put Ref No' is clicked on

2018-12-14 01:02:47 - [MESSAGE][PASSED] - Object: 'Object Repository/Final Object Repo/WorkFlow Listing Page/Search Information - To Put Ref No' is clicked on

2018-12-14 01:02:47 - [TEST_STEP][PASSED] - delay: Delayed 2 second(s)

2018-12-14 01:02:49 - [MESSAGE][PASSED] - Delayed 2 second(s)

2018-12-14 01:02:49 - [TEST_STEP][PASSED] - callTestCase: Call Test Case 'Test Cases/Final Aug 2018 - PKS Automation/Common/Reference Number Getter' successfully

2018-12-14 01:02:49 - [TEST_CASE][PASSED] - Test Cases/Final Aug 2018 - PKS Automation/Common/Reference Number Getter: Test Cases/Final Aug 2018 - PKS Automation/Common/Reference Number Getter

2018-12-14 01:02:49 - [TEST_STEP][PASSED] - Statement - Try: null

2018-12-14 01:02:49 - [TEST_STEP][PASSED] - Statement - RefNo = new java.io.File(C://Users//Admin//Desktop//PKS//Automation Reference Point//KatalonReference.txt): null

2018-12-14 01:02:49 - [TEST_STEP][PASSED] - Statement - bufferread = new java.io.BufferedReader(new java.io.FileReader(RefNo)): null

2018-12-14 01:02:49 - [TEST_STEP][PASSED] - Statement - readedVal = bufferread.readLine(): null

2018-12-14 01:02:49 - [TEST_STEP][PASSED] - Statement - out.println(CaseReferenceNo): null

2018-12-14 01:02:49 - [TEST_STEP][PASSED] - Statement - out.println(readedVal): null

2018-12-14 01:02:49 - [TEST_STEP][PASSED] - Statement - CaseReferenceNo = "": null

2018-12-14 01:02:49 - [TEST_STEP][PASSED] - Statement - CaseReferenceNo = readedVal: null

2018-12-14 01:02:49 - [MESSAGE][PASSED] - Call Test Case 'Test Cases/Final Aug 2018 - PKS Automation/Common/Reference Number Getter' successfully

2018-12-14 01:02:49 - [TEST_STEP][PASSED] - setText: Text 'CAN12201800002350' is set on object 'Object Repository/Final Object Repo/WorkFlow Listing Page/Ref No Set Text'

2018-12-14 01:02:49 - [MESSAGE][PASSED] - Text 'CAN12201800002350' is set on object 'Object Repository/Final Object Repo/WorkFlow Listing Page/Ref No Set Text'

2018-12-14 01:02:49 - [TEST_STEP][PASSED] - delay: Delayed 2 second(s)

2018-12-14 01:02:51 - [MESSAGE][PASSED] - Delayed 2 second(s)

2018-12-14 01:02:51 - [TEST_STEP][PASSED] - click: Object: 'Object Repository/Final Object Repo/WorkFlow Listing Page/Search Ref No Search Button' is clicked on

2018-12-14 01:02:51 - [MESSAGE][PASSED] - Object: 'Object Repository/Final Object Repo/WorkFlow Listing Page/Search Ref No Search Button' is clicked on

2018-12-14 01:02:51 - [TEST_STEP][PASSED] - delay: Delayed 6 second(s)

2018-12-14 01:02:57 - [MESSAGE][PASSED] - Delayed 6 second(s)

2018-12-14 01:02:57 - [TEST_STEP][PASSED] - click: Object: 'Object Repository/Final Object Repo/WorkFlow Listing Page/Click Continue Tooltip' is clicked on

2018-12-14 01:02:58 - [MESSAGE][PASSED] - Object: 'Object Repository/Final Object Repo/WorkFlow Listing Page/Click Continue Tooltip' is clicked on

2018-12-14 01:02:58 - [TEST_STEP][PASSED] - delay: Delayed 5 second(s)

2018-12-14 01:03:03 - [MESSAGE][PASSED] - Delayed 5 second(s)

2018-12-14 01:03:03 - [TEST_STEP][PASSED] - doubleClick: Object: 'Object Repository/Final Object Repo/WorkFlow Listing Page/Workflow Found - Listing 1' is double clicked on

2018-12-14 01:03:03 - [MESSAGE][PASSED] - Object: 'Object Repository/Final Object Repo/WorkFlow Listing Page/Workflow Found - Listing 1' is double clicked on

2018-12-14 01:03:03 - [TEST_STEP][PASSED] - Statement - println(OwnerID): null

2018-12-14 01:03:03 - [TEST_STEP][PASSED] - Statement - OwnerID = com.kms.katalon.core.webui.keyword.WebUiBuiltInKeywords.getText(com.kms.katalon.core.testobject.ObjectRepository.findTestObject(Final Object Repo/WorkFlow Listing Page/Workflow Found - Listing 1), STOP_ON_FAILURE): Text of object 'Object Repository/Final Object Repo/WorkFlow Listing Page/Workflow Found - Listing 1' is: 'JOHORro1'

2018-12-14 01:03:03 - [MESSAGE][PASSED] - Text of object 'Object Repository/Final Object Repo/WorkFlow Listing Page/Workflow Found - Listing 1' is: 'JOHORro1'

2018-12-14 01:03:03 - [TEST_STEP][PASSED] - Statement - OwnerID = OwnerID.toLowerCase() + "@gmail.com": null

2018-12-14 01:03:03 - [TEST_STEP][PASSED] - Statement - println(OwnerID): null

2018-12-14 01:03:03 - [TEST_STEP][PASSED] - delay: Delayed 2 second(s)

2018-12-14 01:03:05 - [MESSAGE][PASSED] - Delayed 2 second(s)

2018-12-14 01:03:05 - [MESSAGE][PASSED] - Call Test Case 'Test Cases/Final Aug 2018 - PKS Automation/Common/Workflow Owner Finder' successfully

2018-12-14 01:03:05 - [TEST_STEP][PASSED] - callTestCase: Call Test Case 'Test Cases/Final Aug 2018 - PKS Automation/Registration Module/Log Out/log out avoiding katalon tagging' successfully

2018-12-14 01:03:06 - [TEST_CASE][PASSED] - Test Cases/Final Aug 2018 - PKS Automation/Registration Module/Log Out/log out avoiding katalon tagging: Test Cases/Final Aug 2018 - PKS Automation/Registration Module/Log Out/log out avoiding katalon tagging

2018-12-14 01:03:06 - [TEST_STEP][PASSED] - navigateToUrl: Navigate to 'https://assist2-uat.perkeso.gov.my/c/portal/logout' successfully

2018-12-14 01:03:06 - [MESSAGE][PASSED] - Navigate to 'https://assist2-uat.perkeso.gov.my/c/portal/logout' successfully

2018-12-14 01:03:06 - [MESSAGE][PASSED] - Call Test Case 'Test Cases/Final Aug 2018 - PKS Automation/Registration Module/Log Out/log out avoiding katalon tagging' successfully

2018-12-14 01:03:06 - [TEST_STEP][PASSED] - delay: Delayed 2 second(s)

2018-12-14 01:03:08 - [MESSAGE][PASSED] - Delayed 2 second(s)

2018-12-14 01:03:08 - [TEST_STEP][PASSED] - setText: Text 'johorro1@gmail.com' is set on object 'Object Repository/Final Object Repo/Page_Update Add New Employee - ASSIST/Email TextBox'

2018-12-14 01:03:09 - [MESSAGE][PASSED] - Text 'johorro1@gmail.com' is set on object 'Object Repository/Final Object Repo/Page_Update Add New Employee - ASSIST/Email TextBox'

2018-12-14 01:03:09 - [TEST_STEP][PASSED] - click: Object: 'Object Repository/Final Object Repo/Page_Update Add New Employee - ASSIST/Next Button' is clicked on

2018-12-14 01:03:09 - [MESSAGE][PASSED] - Object: 'Object Repository/Final Object Repo/Page_Update Add New Employee - ASSIST/Next Button' is clicked on

2018-12-14 01:03:09 - [TEST_STEP][PASSED] - delay: Delayed 2 second(s)

2018-12-14 01:03:11 - [MESSAGE][PASSED] - Delayed 2 second(s)

2018-12-14 01:03:11 - [TEST_STEP][PASSED] - setText: Text 'Test1@3456789' is set on object 'Object Repository/Final Object Repo/Page_Update Add New Employee - ASSIST/Password TextBox'

2018-12-14 01:03:11 - [MESSAGE][PASSED] - Text 'Test1@3456789' is set on object 'Object Repository/Final Object Repo/Page_Update Add New Employee - ASSIST/Password TextBox'

2018-12-14 01:03:11 - [TEST_STEP][PASSED] - delay: Delayed 2 second(s)

2018-12-14 01:03:13 - [MESSAGE][PASSED] - Delayed 2 second(s)

2018-12-14 01:03:13 - [TEST_STEP][PASSED] - click: Object: 'Object Repository/Final Object Repo/Page_Update Add New Employee - ASSIST/Login Button' is clicked on

2018-12-14 01:03:13 - [MESSAGE][PASSED] - Object: 'Object Repository/Final Object Repo/Page_Update Add New Employee - ASSIST/Login Button' is clicked on

2018-12-14 01:03:13 - [TEST_STEP][PASSED] - delay: Delayed 4 second(s)

2018-12-14 01:03:17 - [MESSAGE][PASSED] - Delayed 4 second(s)

2018-12-14 01:03:17 - [TEST_STEP][PASSED] - Statement - Try: Delayed 2 second(s)

2018-12-14 01:03:17 - [TEST_STEP][PASSED] - Statement - Checker = false: null

2018-12-14 01:03:17 - [TEST_STEP][PASSED] - Statement - Checker = com.kms.katalon.core.webui.keyword.WebUiBuiltInKeywords.verifyElementHasAttribute(com.kms.katalon.core.testobject.ObjectRepository.findTestObject(Final Object Repo/Landing Page/BM Detecting), "href", 20, OPTIONAL): Object 'Object Repository/Final Object Repo/Landing Page/BM Detecting' has attribute 'href'

2018-12-14 01:03:17 - [MESSAGE][PASSED] - Object 'Object Repository/Final Object Repo/Landing Page/BM Detecting' has attribute 'href'

2018-12-14 01:03:17 - [TEST_STEP][PASSED] - Statement - out.println(Checker): null

2018-12-14 01:03:17 - [TEST_STEP][PASSED] - Statement - If (Checker == false): null

2018-12-14 01:03:17 - [TEST_STEP][PASSED] - Statement - Else: null

2018-12-14 01:03:17 - [TEST_STEP][PASSED] - delay: Delayed 2 second(s)

2018-12-14 01:03:19 - [MESSAGE][PASSED] - Delayed 2 second(s)

2018-12-14 01:03:19 - [TEST_STEP][PASSED] - delay: Delayed 4 second(s)

2018-12-14 01:03:23 - [MESSAGE][PASSED] - Delayed 4 second(s)

2018-12-14 01:03:23 - [TEST_STEP][PASSED] - click: Object: 'Object Repository/Final Object Repo/New Registration - Registration Module Pages/New Reg - OTC to RO/Special Case - All Related Objects/Expand to Search' is clicked on

2018-12-14 01:03:23 - [MESSAGE][PASSED] - Object: 'Object Repository/Final Object Repo/New Registration - Registration Module Pages/New Reg - OTC to RO/Special Case - All Related Objects/Expand to Search' is clicked on

2018-12-14 01:03:23 - [TEST_STEP][PASSED] - delay: Delayed 2 second(s)

2018-12-14 01:03:25 - [MESSAGE][PASSED] - Delayed 2 second(s)

2018-12-14 01:03:25 - [TEST_STEP][PASSED] - setText: Text 'CAN12201800002350' is set on object 'Object Repository/Final Object Repo/New Registration - Registration Module Pages/New Reg - OTC to RO/Special Case - All Related Objects/TextBox RefNo in Workbasket'

2018-12-14 01:03:26 - [MESSAGE][PASSED] - Text 'CAN12201800002350' is set on object 'Object Repository/Final Object Repo/New Registration - Registration Module Pages/New Reg - OTC to RO/Special Case - All Related Objects/TextBox RefNo in Workbasket'

2018-12-14 01:03:26 - [TEST_STEP][PASSED] - delay: Delayed 2 second(s)

2018-12-14 01:03:28 - [MESSAGE][PASSED] - Delayed 2 second(s)

2018-12-14 01:03:28 - [TEST_STEP][PASSED] - click: Object: 'Object Repository/Final Object Repo/New Registration - Registration Module Pages/New Reg - OTC to RO/Special Case - All Related Objects/Click Search' is clicked on

2018-12-14 01:03:28 - [MESSAGE][PASSED] - Object: 'Object Repository/Final Object Repo/New Registration - Registration Module Pages/New Reg - OTC to RO/Special Case - All Related Objects/Click Search' is clicked on

2018-12-14 01:03:28 - [TEST_STEP][PASSED] - delay: Delayed 2 second(s)

2018-12-14 01:03:30 - [MESSAGE][PASSED] - Delayed 2 second(s)

2018-12-14 01:03:30 - [TEST_STEP][PASSED] - click: Object: 'Object Repository/Final Object Repo/New Registration - Registration Module Pages/New Reg - OTC to RO/Special Case - All Related Objects/Click to Continue Workflow' is clicked on

2018-12-14 01:03:34 - [MESSAGE][PASSED] - Object: 'Object Repository/Final Object Repo/New Registration - Registration Module Pages/New Reg - OTC to RO/Special Case - All Related Objects/Click to Continue Workflow' is clicked on

2018-12-14 01:03:34 - [TEST_STEP][PASSED] - delay: Delayed 10 second(s)

2018-12-14 01:03:44 - [MESSAGE][PASSED] - Delayed 10 second(s)

2018-12-14 01:03:44 - [TEST_STEP][PASSED] - click: Object: 'Object Repository/Final Object Repo/New Registration - Registration Module Pages/New Reg - OTC to RO/Special Case - All Related Objects/Continue Button in verifying case' is clicked on

2018-12-14 01:03:47 - [MESSAGE][PASSED] - Object: 'Object Repository/Final Object Repo/New Registration - Registration Module Pages/New Reg - OTC to RO/Special Case - All Related Objects/Continue Button in verifying case' is clicked on

2018-12-14 01:03:47 - [TEST_STEP][PASSED] - delay: Delayed 2 second(s)

2018-12-14 01:03:49 - [MESSAGE][PASSED] - Delayed 2 second(s)

2018-12-14 01:03:49 - [TEST_STEP][PASSED] - click: Object: 'Object Repository/Final Object Repo/Page_Update Add New Employee - ASSIST/Save  Continue Button' is clicked on

2018-12-14 01:03:49 - [MESSAGE][PASSED] - Object: 'Object Repository/Final Object Repo/Page_Update Add New Employee - ASSIST/Save  Continue Button' is clicked on

2018-12-14 01:03:49 - [TEST_STEP][PASSED] - delay: Delayed 4 second(s)

2018-12-14 01:03:53 - [MESSAGE][PASSED] - Delayed 4 second(s)

2018-12-14 01:03:53 - [TEST_STEP][PASSED] - click: Object: 'Object Repository/Final Object Repo/Page_Update Add New Employee - ASSIST/Save  Continue Third Screen' is clicked on

2018-12-14 01:03:56 - [MESSAGE][PASSED] - Object: 'Object Repository/Final Object Repo/Page_Update Add New Employee - ASSIST/Save  Continue Third Screen' is clicked on

2018-12-14 01:03:56 - [TEST_STEP][PASSED] - delay: Delayed 4 second(s)

2018-12-14 01:04:00 - [MESSAGE][PASSED] - Delayed 4 second(s)

2018-12-14 01:04:00 - [TEST_STEP][PASSED] - setText: Text 'Query the Case' is set on object 'Object Repository/Final Object Repo/Page_Update Add New Employee - ASSIST/Query Text Input'

2018-12-14 01:04:01 - [MESSAGE][PASSED] - Text 'Query the Case' is set on object 'Object Repository/Final Object Repo/Page_Update Add New Employee - ASSIST/Query Text Input'

2018-12-14 01:04:01 - [TEST_STEP][PASSED] - delay: Delayed 4 second(s)

2018-12-14 01:04:05 - [MESSAGE][PASSED] - Delayed 4 second(s)

2018-12-14 01:04:05 - [TEST_STEP][PASSED] - click: Object: 'Object Repository/Final Object Repo/Page_Update Add New Employee - ASSIST/Save   Continue Supporting Doc Page' is clicked on

2018-12-14 01:04:05 - [MESSAGE][PASSED] - Object: 'Object Repository/Final Object Repo/Page_Update Add New Employee - ASSIST/Save   Continue Supporting Doc Page' is clicked on

2018-12-14 01:04:05 - [TEST_STEP][PASSED] - delay: Delayed 4 second(s)

2018-12-14 01:04:09 - [MESSAGE][PASSED] - Delayed 4 second(s)

2018-12-14 01:04:09 - [TEST_STEP][PASSED] - click: Object: 'Object Repository/Final Object Repo/Page_Update Add New Employee - ASSIST/Query Button' is clicked on

2018-12-14 01:04:09 - [MESSAGE][PASSED] - Object: 'Object Repository/Final Object Repo/Page_Update Add New Employee - ASSIST/Query Button' is clicked on

2018-12-14 01:04:09 - [TEST_STEP][PASSED] - delay: Delayed 4 second(s)

2018-12-14 01:04:13 - [MESSAGE][PASSED] - Delayed 4 second(s)

2018-12-14 01:04:13 - [TEST_STEP][PASSED] - click: Object: 'Object Repository/Final Object Repo/Page_Update Add New Employee - ASSIST/Confirm to Query' is clicked on

2018-12-14 01:04:13 - [MESSAGE][PASSED] - Object: 'Object Repository/Final Object Repo/Page_Update Add New Employee - ASSIST/Confirm to Query' is clicked on

2018-12-14 01:04:13 - [TEST_STEP][PASSED] - delay: Delayed 20 second(s)

2018-12-14 01:04:33 - [MESSAGE][PASSED] - Delayed 20 second(s)

2018-12-14 01:04:33 - [TEST_STEP][PASSED] - callTestCase: Call Test Case 'Test Cases/Final Aug 2018 - PKS Automation/Common/Screenshoting tool' successfully

2018-12-14 01:04:33 - [TEST_CASE][PASSED] - Test Cases/Final Aug 2018 - PKS Automation/Common/Screenshoting tool: Test Cases/Final Aug 2018 - PKS Automation/Common/Screenshoting tool

2018-12-14 01:04:33 - [TEST_STEP][PASSED] - delay: Delayed 15 second(s)

2018-12-14 01:04:48 - [MESSAGE][PASSED] - Delayed 15 second(s)

2018-12-14 01:04:48 - [TEST_STEP][PASSED] - Statement - driver = com.kms.katalon.core.webui.driver.DriverFactory.getWebDriver(): null

2018-12-14 01:04:48 - [TEST_STEP][PASSED] - Statement - driver.manage().timeouts().implicitlyWait(10, SECONDS): null

2018-12-14 01:04:48 - [TEST_STEP][PASSED] - Statement - PresavePath = KatalonScreenshots: null

2018-12-14 01:04:48 - [TEST_STEP][PASSED] - Statement - pathPrefix = "C:\Users\Public\Pictures\Sample Pictures\Katalon Screenshots\Automate Ending Screen": null

2018-12-14 01:04:48 - [TEST_STEP][PASSED] - Statement - finalPath = <not implemented yet for class: org.codehaus.groovy.ast.expr.EmptyExpression>: null

2018-12-14 01:04:48 - [TEST_STEP][PASSED] - Statement - scrFile = driver.getScreenshotAs(FILE): null

2018-12-14 01:04:49 - [TEST_STEP][PASSED] - Statement - PreSaveFile = new java.io.File(PresavePath): null

2018-12-14 01:04:49 - [TEST_STEP][PASSED] - Statement - counter = 0: null

2018-12-14 01:04:49 - [TEST_STEP][PASSED] - Statement - If (PreSaveFile.exists()): null

2018-12-14 01:04:49 - [TEST_STEP][PASSED] - Statement - While (PreSaveFile.exists()): null

2018-12-14 01:04:49 - [TEST_STEP][PASSED] - Statement - counter = counter + 1: null

2018-12-14 01:04:49 - [TEST_STEP][PASSED] - Statement - PreSaveFile = new java.io.File(((pathPrefix + java.lang.Integer.toString(counter)) + .png)): null

2018-12-14 01:04:49 - [TEST_STEP][PASSED] - Statement - counter = counter + 1: null

2018-12-14 01:04:49 - [TEST_STEP][PASSED] - Statement - PreSaveFile = new java.io.File(((pathPrefix + java.lang.Integer.toString(counter)) + .png)): null

2018-12-14 01:04:49 - [TEST_STEP][PASSED] - Statement - counter = counter + 1: null

2018-12-14 01:04:49 - [TEST_STEP][PASSED] - Statement - PreSaveFile = new java.io.File(((pathPrefix + java.lang.Integer.toString(counter)) + .png)): null

2018-12-14 01:04:49 - [TEST_STEP][PASSED] - Statement - counter = counter + 1: null

2018-12-14 01:04:49 - [TEST_STEP][PASSED] - Statement - PreSaveFile = new java.io.File(((pathPrefix + java.lang.Integer.toString(counter)) + .png)): null

2018-12-14 01:04:49 - [TEST_STEP][PASSED] - Statement - counter = counter + 1: null

2018-12-14 01:04:49 - [TEST_STEP][PASSED] - Statement - PreSaveFile = new java.io.File(((pathPrefix + java.lang.Integer.toString(counter)) + .png)): null

2018-12-14 01:04:49 - [TEST_STEP][PASSED] - Statement - counter = counter + 1: null

2018-12-14 01:04:49 - [TEST_STEP][PASSED] - Statement - PreSaveFile = new java.io.File(((pathPrefix + java.lang.Integer.toString(counter)) + .png)): null

2018-12-14 01:04:49 - [TEST_STEP][PASSED] - Statement - counter = counter + 1: null

2018-12-14 01:04:49 - [TEST_STEP][PASSED] - Statement - PreSaveFile = new java.io.File(((pathPrefix + java.lang.Integer.toString(counter)) + .png)): null

2018-12-14 01:04:49 - [TEST_STEP][PASSED] - Statement - counter = counter + 1: null

2018-12-14 01:04:49 - [TEST_STEP][PASSED] - Statement - PreSaveFile = new java.io.File(((pathPrefix + java.lang.Integer.toString(counter)) + .png)): null

2018-12-14 01:04:49 - [TEST_STEP][PASSED] - Statement - counter = counter + 1: null

2018-12-14 01:04:49 - [TEST_STEP][PASSED] - Statement - PreSaveFile = new java.io.File(((pathPrefix + java.lang.Integer.toString(counter)) + .png)): null

2018-12-14 01:04:49 - [TEST_STEP][PASSED] - Statement - counter = counter + 1: null

2018-12-14 01:04:49 - [TEST_STEP][PASSED] - Statement - PreSaveFile = new java.io.File(((pathPrefix + java.lang.Integer.toString(counter)) + .png)): null

2018-12-14 01:04:49 - [TEST_STEP][PASSED] - Statement - counter = counter + 1: null

2018-12-14 01:04:49 - [TEST_STEP][PASSED] - Statement - PreSaveFile = new java.io.File(((pathPrefix + java.lang.Integer.toString(counter)) + .png)): null

2018-12-14 01:04:49 - [TEST_STEP][PASSED] - Statement - counter = counter + 1: null

2018-12-14 01:04:49 - [TEST_STEP][PASSED] - Statement - PreSaveFile = new java.io.File(((pathPrefix + java.lang.Integer.toString(counter)) + .png)): null

2018-12-14 01:04:49 - [TEST_STEP][PASSED] - Statement - counter = counter + 1: null

2018-12-14 01:04:49 - [TEST_STEP][PASSED] - Statement - PreSaveFile = new java.io.File(((pathPrefix + java.lang.Integer.toString(counter)) + .png)): null

2018-12-14 01:04:49 - [TEST_STEP][PASSED] - Statement - counter = counter + 1: null

2018-12-14 01:04:49 - [TEST_STEP][PASSED] - Statement - PreSaveFile = new java.io.File(((pathPrefix + java.lang.Integer.toString(counter)) + .png)): null

2018-12-14 01:04:49 - [TEST_STEP][PASSED] - Statement - counter = counter + 1: null

2018-12-14 01:04:49 - [TEST_STEP][PASSED] - Statement - PreSaveFile = new java.io.File(((pathPrefix + java.lang.Integer.toString(counter)) + .png)): null

2018-12-14 01:04:49 - [TEST_STEP][PASSED] - Statement - counter = counter + 1: null

2018-12-14 01:04:49 - [TEST_STEP][PASSED] - Statement - PreSaveFile = new java.io.File(((pathPrefix + java.lang.Integer.toString(counter)) + .png)): null

2018-12-14 01:04:49 - [TEST_STEP][PASSED] - Statement - counter = counter + 1: null

2018-12-14 01:04:49 - [TEST_STEP][PASSED] - Statement - PreSaveFile = new java.io.File(((pathPrefix + java.lang.Integer.toString(counter)) + .png)): null

2018-12-14 01:04:49 - [TEST_STEP][PASSED] - Statement - counter = counter + 1: null

2018-12-14 01:04:49 - [TEST_STEP][PASSED] - Statement - PreSaveFile = new java.io.File(((pathPrefix + java.lang.Integer.toString(counter)) + .png)): null

2018-12-14 01:04:49 - [TEST_STEP][PASSED] - Statement - counter = counter + 1: null

2018-12-14 01:04:49 - [TEST_STEP][PASSED] - Statement - PreSaveFile = new java.io.File(((pathPrefix + java.lang.Integer.toString(counter)) + .png)): null

2018-12-14 01:04:49 - [TEST_STEP][PASSED] - Statement - counter = counter + 1: null

2018-12-14 01:04:49 - [TEST_STEP][PASSED] - Statement - PreSaveFile = new java.io.File(((pathPrefix + java.lang.Integer.toString(counter)) + .png)): null

2018-12-14 01:04:49 - [TEST_STEP][PASSED] - Statement - counter = counter + 1: null

2018-12-14 01:04:49 - [TEST_STEP][PASSED] - Statement - PreSaveFile = new java.io.File(((pathPrefix + java.lang.Integer.toString(counter)) + .png)): null

2018-12-14 01:04:49 - [TEST_STEP][PASSED] - Statement - counter = counter + 1: null

2018-12-14 01:04:49 - [TEST_STEP][PASSED] - Statement - PreSaveFile = new java.io.File(((pathPrefix + java.lang.Integer.toString(counter)) + .png)): null

2018-12-14 01:04:49 - [TEST_STEP][PASSED] - Statement - counter = counter + 1: null

2018-12-14 01:04:49 - [TEST_STEP][PASSED] - Statement - PreSaveFile = new java.io.File(((pathPrefix + java.lang.Integer.toString(counter)) + .png)): null

2018-12-14 01:04:49 - [TEST_STEP][PASSED] - Statement - counter = counter + 1: null

2018-12-14 01:04:49 - [TEST_STEP][PASSED] - Statement - PreSaveFile = new java.io.File(((pathPrefix + java.lang.Integer.toString(counter)) + .png)): null

2018-12-14 01:04:49 - [TEST_STEP][PASSED] - Statement - counter = counter + 1: null

2018-12-14 01:04:49 - [TEST_STEP][PASSED] - Statement - PreSaveFile = new java.io.File(((pathPrefix + java.lang.Integer.toString(counter)) + .png)): null

2018-12-14 01:04:49 - [TEST_STEP][PASSED] - Statement - counter = counter + 1: null

2018-12-14 01:04:49 - [TEST_STEP][PASSED] - Statement - PreSaveFile = new java.io.File(((pathPrefix + java.lang.Integer.toString(counter)) + .png)): null

2018-12-14 01:04:49 - [TEST_STEP][PASSED] - Statement - counter = counter + 1: null

2018-12-14 01:04:49 - [TEST_STEP][PASSED] - Statement - PreSaveFile = new java.io.File(((pathPrefix + java.lang.Integer.toString(counter)) + .png)): null

2018-12-14 01:04:49 - [TEST_STEP][PASSED] - Statement - counter = counter + 1: null

2018-12-14 01:04:49 - [TEST_STEP][PASSED] - Statement - PreSaveFile = new java.io.File(((pathPrefix + java.lang.Integer.toString(counter)) + .png)): null

2018-12-14 01:04:49 - [TEST_STEP][PASSED] - Statement - counter = counter + 1: null

2018-12-14 01:04:49 - [TEST_STEP][PASSED] - Statement - PreSaveFile = new java.io.File(((pathPrefix + java.lang.Integer.toString(counter)) + .png)): null

2018-12-14 01:04:49 - [TEST_STEP][PASSED] - Statement - counter = counter + 1: null

2018-12-14 01:04:49 - [TEST_STEP][PASSED] - Statement - PreSaveFile = new java.io.File(((pathPrefix + java.lang.Integer.toString(counter)) + .png)): null

2018-12-14 01:04:49 - [TEST_STEP][PASSED] - Statement - counter = counter + 1: null

2018-12-14 01:04:49 - [TEST_STEP][PASSED] - Statement - PreSaveFile = new java.io.File(((pathPrefix + java.lang.Integer.toString(counter)) + .png)): null

2018-12-14 01:04:49 - [TEST_STEP][PASSED] - Statement - counter = counter + 1: null

2018-12-14 01:04:49 - [TEST_STEP][PASSED] - Statement - PreSaveFile = new java.io.File(((pathPrefix + java.lang.Integer.toString(counter)) + .png)): null

2018-12-14 01:04:49 - [TEST_STEP][PASSED] - Statement - counter = counter + 1: null

2018-12-14 01:04:49 - [TEST_STEP][PASSED] - Statement - PreSaveFile = new java.io.File(((pathPrefix + java.lang.Integer.toString(counter)) + .png)): null

2018-12-14 01:04:49 - [TEST_STEP][PASSED] - Statement - counter = counter + 1: null

2018-12-14 01:04:49 - [TEST_STEP][PASSED] - Statement - PreSaveFile = new java.io.File(((pathPrefix + java.lang.Integer.toString(counter)) + .png)): null

2018-12-14 01:04:49 - [TEST_STEP][PASSED] - Statement - counter = counter + 1: null

2018-12-14 01:04:49 - [TEST_STEP][PASSED] - Statement - PreSaveFile = new java.io.File(((pathPrefix + java.lang.Integer.toString(counter)) + .png)): null

2018-12-14 01:04:49 - [TEST_STEP][PASSED] - Statement - counter = counter + 1: null

2018-12-14 01:04:49 - [TEST_STEP][PASSED] - Statement - PreSaveFile = new java.io.File(((pathPrefix + java.lang.Integer.toString(counter)) + .png)): null

2018-12-14 01:04:49 - [TEST_STEP][PASSED] - Statement - counter = counter + 1: null

2018-12-14 01:04:49 - [TEST_STEP][PASSED] - Statement - PreSaveFile = new java.io.File(((pathPrefix + java.lang.Integer.toString(counter)) + .png)): null

2018-12-14 01:04:49 - [TEST_STEP][PASSED] - Statement - counter = counter + 1: null

2018-12-14 01:04:49 - [TEST_STEP][PASSED] - Statement - PreSaveFile = new java.io.File(((pathPrefix + java.lang.Integer.toString(counter)) + .png)): null

2018-12-14 01:04:49 - [TEST_STEP][PASSED] - Statement - counter = counter + 1: null

2018-12-14 01:04:49 - [TEST_STEP][PASSED] - Statement - PreSaveFile = new java.io.File(((pathPrefix + java.lang.Integer.toString(counter)) + .png)): null

2018-12-14 01:04:49 - [TEST_STEP][PASSED] - Statement - counter = counter + 1: null

2018-12-14 01:04:49 - [TEST_STEP][PASSED] - Statement - PreSaveFile = new java.io.File(((pathPrefix + java.lang.Integer.toString(counter)) + .png)): null

2018-12-14 01:04:49 - [TEST_STEP][PASSED] - Statement - counter = counter + 1: null

2018-12-14 01:04:49 - [TEST_STEP][PASSED] - Statement - PreSaveFile = new java.io.File(((pathPrefix + java.lang.Integer.toString(counter)) + .png)): null

2018-12-14 01:04:49 - [TEST_STEP][PASSED] - Statement - counter = counter + 1: null

2018-12-14 01:04:49 - [TEST_STEP][PASSED] - Statement - PreSaveFile = new java.io.File(((pathPrefix + java.lang.Integer.toString(counter)) + .png)): null

2018-12-14 01:04:49 - [TEST_STEP][PASSED] - Statement - counter = counter + 1: null

2018-12-14 01:04:49 - [TEST_STEP][PASSED] - Statement - PreSaveFile = new java.io.File(((pathPrefix + java.lang.Integer.toString(counter)) + .png)): null

2018-12-14 01:04:49 - [TEST_STEP][PASSED] - Statement - counter = counter + 1: null

2018-12-14 01:04:49 - [TEST_STEP][PASSED] - Statement - PreSaveFile = new java.io.File(((pathPrefix + java.lang.Integer.toString(counter)) + .png)): null

2018-12-14 01:04:49 - [TEST_STEP][PASSED] - Statement - counter = counter + 1: null

2018-12-14 01:04:49 - [TEST_STEP][PASSED] - Statement - PreSaveFile = new java.io.File(((pathPrefix + java.lang.Integer.toString(counter)) + .png)): null

2018-12-14 01:04:49 - [TEST_STEP][PASSED] - Statement - counter = counter + 1: null

2018-12-14 01:04:49 - [TEST_STEP][PASSED] - Statement - PreSaveFile = new java.io.File(((pathPrefix + java.lang.Integer.toString(counter)) + .png)): null

2018-12-14 01:04:49 - [TEST_STEP][PASSED] - Statement - counter = counter + 1: null

2018-12-14 01:04:49 - [TEST_STEP][PASSED] - Statement - PreSaveFile = new java.io.File(((pathPrefix + java.lang.Integer.toString(counter)) + .png)): null

2018-12-14 01:04:49 - [TEST_STEP][PASSED] - Statement - counter = counter + 1: null

2018-12-14 01:04:49 - [TEST_STEP][PASSED] - Statement - PreSaveFile = new java.io.File(((pathPrefix + java.lang.Integer.toString(counter)) + .png)): null

2018-12-14 01:04:49 - [TEST_STEP][PASSED] - Statement - counter = counter + 1: null

2018-12-14 01:04:49 - [TEST_STEP][PASSED] - Statement - PreSaveFile = new java.io.File(((pathPrefix + java.lang.Integer.toString(counter)) + .png)): null

2018-12-14 01:04:49 - [TEST_STEP][PASSED] - Statement - counter = counter + 1: null

2018-12-14 01:04:49 - [TEST_STEP][PASSED] - Statement - PreSaveFile = new java.io.File(((pathPrefix + java.lang.Integer.toString(counter)) + .png)): null

2018-12-14 01:04:49 - [TEST_STEP][PASSED] - Statement - counter = counter + 1: null

2018-12-14 01:04:49 - [TEST_STEP][PASSED] - Statement - PreSaveFile = new java.io.File(((pathPrefix + java.lang.Integer.toString(counter)) + .png)): null

2018-12-14 01:04:49 - [TEST_STEP][PASSED] - Statement - counter = counter + 1: null

2018-12-14 01:04:49 - [TEST_STEP][PASSED] - Statement - PreSaveFile = new java.io.File(((pathPrefix + java.lang.Integer.toString(counter)) + .png)): null

2018-12-14 01:04:49 - [TEST_STEP][PASSED] - Statement - counter = counter + 1: null

2018-12-14 01:04:49 - [TEST_STEP][PASSED] - Statement - PreSaveFile = new java.io.File(((pathPrefix + java.lang.Integer.toString(counter)) + .png)): null

2018-12-14 01:04:49 - [TEST_STEP][PASSED] - Statement - counter = counter + 1: null

2018-12-14 01:04:49 - [TEST_STEP][PASSED] - Statement - PreSaveFile = new java.io.File(((pathPrefix + java.lang.Integer.toString(counter)) + .png)): null

2018-12-14 01:04:49 - [TEST_STEP][PASSED] - Statement - counter = counter + 1: null

2018-12-14 01:04:49 - [TEST_STEP][PASSED] - Statement - PreSaveFile = new java.io.File(((pathPrefix + java.lang.Integer.toString(counter)) + .png)): null

2018-12-14 01:04:49 - [TEST_STEP][PASSED] - Statement - counter = counter + 1: null

2018-12-14 01:04:49 - [TEST_STEP][PASSED] - Statement - PreSaveFile = new java.io.File(((pathPrefix + java.lang.Integer.toString(counter)) + .png)): null

2018-12-14 01:04:49 - [TEST_STEP][PASSED] - Statement - counter = counter + 1: null

2018-12-14 01:04:49 - [TEST_STEP][PASSED] - Statement - PreSaveFile = new java.io.File(((pathPrefix + java.lang.Integer.toString(counter)) + .png)): null

2018-12-14 01:04:49 - [TEST_STEP][PASSED] - Statement - counter = counter + 1: null

2018-12-14 01:04:49 - [TEST_STEP][PASSED] - Statement - PreSaveFile = new java.io.File(((pathPrefix + java.lang.Integer.toString(counter)) + .png)): null

2018-12-14 01:04:49 - [TEST_STEP][PASSED] - Statement - counter = counter + 1: null

2018-12-14 01:04:49 - [TEST_STEP][PASSED] - Statement - PreSaveFile = new java.io.File(((pathPrefix + java.lang.Integer.toString(counter)) + .png)): null

2018-12-14 01:04:49 - [TEST_STEP][PASSED] - Statement - counter = counter + 1: null

2018-12-14 01:04:49 - [TEST_STEP][PASSED] - Statement - PreSaveFile = new java.io.File(((pathPrefix + java.lang.Integer.toString(counter)) + .png)): null

2018-12-14 01:04:49 - [TEST_STEP][PASSED] - Statement - counter = counter + 1: null

2018-12-14 01:04:49 - [TEST_STEP][PASSED] - Statement - PreSaveFile = new java.io.File(((pathPrefix + java.lang.Integer.toString(counter)) + .png)): null

2018-12-14 01:04:49 - [TEST_STEP][PASSED] - Statement - counter = counter + 1: null

2018-12-14 01:04:49 - [TEST_STEP][PASSED] - Statement - PreSaveFile = new java.io.File(((pathPrefix + java.lang.Integer.toString(counter)) + .png)): null

2018-12-14 01:04:49 - [TEST_STEP][PASSED] - Statement - counter = counter + 1: null

2018-12-14 01:04:49 - [TEST_STEP][PASSED] - Statement - PreSaveFile = new java.io.File(((pathPrefix + java.lang.Integer.toString(counter)) + .png)): null

2018-12-14 01:04:49 - [TEST_STEP][PASSED] - Statement - counter = counter + 1: null

2018-12-14 01:04:49 - [TEST_STEP][PASSED] - Statement - PreSaveFile = new java.io.File(((pathPrefix + java.lang.Integer.toString(counter)) + .png)): null

2018-12-14 01:04:49 - [TEST_STEP][PASSED] - Statement - counter = counter + 1: null

2018-12-14 01:04:49 - [TEST_STEP][PASSED] - Statement - PreSaveFile = new java.io.File(((pathPrefix + java.lang.Integer.toString(counter)) + .png)): null

2018-12-14 01:04:49 - [TEST_STEP][PASSED] - Statement - counter = counter + 1: null

2018-12-14 01:04:49 - [TEST_STEP][PASSED] - Statement - PreSaveFile = new java.io.File(((pathPrefix + java.lang.Integer.toString(counter)) + .png)): null

2018-12-14 01:04:49 - [TEST_STEP][PASSED] - Statement - counter = counter + 1: null

2018-12-14 01:04:49 - [TEST_STEP][PASSED] - Statement - PreSaveFile = new java.io.File(((pathPrefix + java.lang.Integer.toString(counter)) + .png)): null

2018-12-14 01:04:49 - [TEST_STEP][PASSED] - Statement - counter = counter + 1: null

2018-12-14 01:04:49 - [TEST_STEP][PASSED] - Statement - PreSaveFile = new java.io.File(((pathPrefix + java.lang.Integer.toString(counter)) + .png)): null

2018-12-14 01:04:49 - [TEST_STEP][PASSED] - Statement - counter = counter + 1: null

2018-12-14 01:04:49 - [TEST_STEP][PASSED] - Statement - PreSaveFile = new java.io.File(((pathPrefix + java.lang.Integer.toString(counter)) + .png)): null

2018-12-14 01:04:49 - [TEST_STEP][PASSED] - Statement - counter = counter + 1: null

2018-12-14 01:04:49 - [TEST_STEP][PASSED] - Statement - PreSaveFile = new java.io.File(((pathPrefix + java.lang.Integer.toString(counter)) + .png)): null

2018-12-14 01:04:49 - [TEST_STEP][PASSED] - Statement - counter = counter + 1: null

2018-12-14 01:04:49 - [TEST_STEP][PASSED] - Statement - PreSaveFile = new java.io.File(((pathPrefix + java.lang.Integer.toString(counter)) + .png)): null

2018-12-14 01:04:49 - [TEST_STEP][PASSED] - Statement - counter = counter + 1: null

2018-12-14 01:04:49 - [TEST_STEP][PASSED] - Statement - PreSaveFile = new java.io.File(((pathPrefix + java.lang.Integer.toString(counter)) + .png)): null

2018-12-14 01:04:49 - [TEST_STEP][PASSED] - Statement - counter = counter + 1: null

2018-12-14 01:04:49 - [TEST_STEP][PASSED] - Statement - PreSaveFile = new java.io.File(((pathPrefix + java.lang.Integer.toString(counter)) + .png)): null

2018-12-14 01:04:49 - [TEST_STEP][PASSED] - Statement - counter = counter + 1: null

2018-12-14 01:04:49 - [TEST_STEP][PASSED] - Statement - PreSaveFile = new java.io.File(((pathPrefix + java.lang.Integer.toString(counter)) + .png)): null

2018-12-14 01:04:49 - [TEST_STEP][PASSED] - Statement - counter = counter + 1: null

2018-12-14 01:04:49 - [TEST_STEP][PASSED] - Statement - PreSaveFile = new java.io.File(((pathPrefix + java.lang.Integer.toString(counter)) + .png)): null

2018-12-14 01:04:49 - [TEST_STEP][PASSED] - Statement - counter = counter + 1: null

2018-12-14 01:04:49 - [TEST_STEP][PASSED] - Statement - PreSaveFile = new java.io.File(((pathPrefix + java.lang.Integer.toString(counter)) + .png)): null

2018-12-14 01:04:49 - [TEST_STEP][PASSED] - Statement - counter = counter + 1: null

2018-12-14 01:04:49 - [TEST_STEP][PASSED] - Statement - PreSaveFile = new java.io.File(((pathPrefix + java.lang.Integer.toString(counter)) + .png)): null

2018-12-14 01:04:49 - [TEST_STEP][PASSED] - Statement - counter = counter + 1: null

2018-12-14 01:04:49 - [TEST_STEP][PASSED] - Statement - PreSaveFile = new java.io.File(((pathPrefix + java.lang.Integer.toString(counter)) + .png)): null

2018-12-14 01:04:49 - [TEST_STEP][PASSED] - Statement - counter = counter + 1: null

2018-12-14 01:04:49 - [TEST_STEP][PASSED] - Statement - PreSaveFile = new java.io.File(((pathPrefix + java.lang.Integer.toString(counter)) + .png)): null

2018-12-14 01:04:49 - [TEST_STEP][PASSED] - Statement - counter = counter + 1: null

2018-12-14 01:04:49 - [TEST_STEP][PASSED] - Statement - PreSaveFile = new java.io.File(((pathPrefix + java.lang.Integer.toString(counter)) + .png)): null

2018-12-14 01:04:49 - [TEST_STEP][PASSED] - Statement - counter = counter + 1: null

2018-12-14 01:04:49 - [TEST_STEP][PASSED] - Statement - PreSaveFile = new java.io.File(((pathPrefix + java.lang.Integer.toString(counter)) + .png)): null

2018-12-14 01:04:49 - [TEST_STEP][PASSED] - Statement - counter = counter + 1: null

2018-12-14 01:04:49 - [TEST_STEP][PASSED] - Statement - PreSaveFile = new java.io.File(((pathPrefix + java.lang.Integer.toString(counter)) + .png)): null

2018-12-14 01:04:49 - [TEST_STEP][PASSED] - Statement - counter = counter + 1: null

2018-12-14 01:04:49 - [TEST_STEP][PASSED] - Statement - PreSaveFile = new java.io.File(((pathPrefix + java.lang.Integer.toString(counter)) + .png)): null

2018-12-14 01:04:49 - [TEST_STEP][PASSED] - Statement - counter = counter + 1: null

2018-12-14 01:04:49 - [TEST_STEP][PASSED] - Statement - PreSaveFile = new java.io.File(((pathPrefix + java.lang.Integer.toString(counter)) + .png)): null

2018-12-14 01:04:49 - [TEST_STEP][PASSED] - Statement - counter = counter + 1: null

2018-12-14 01:04:49 - [TEST_STEP][PASSED] - Statement - PreSaveFile = new java.io.File(((pathPrefix + java.lang.Integer.toString(counter)) + .png)): null

2018-12-14 01:04:49 - [TEST_STEP][PASSED] - Statement - counter = counter + 1: null

2018-12-14 01:04:49 - [TEST_STEP][PASSED] - Statement - PreSaveFile = new java.io.File(((pathPrefix + java.lang.Integer.toString(counter)) + .png)): null

2018-12-14 01:04:49 - [TEST_STEP][PASSED] - Statement - counter = counter + 1: null

2018-12-14 01:04:49 - [TEST_STEP][PASSED] - Statement - PreSaveFile = new java.io.File(((pathPrefix + java.lang.Integer.toString(counter)) + .png)): null

2018-12-14 01:04:49 - [TEST_STEP][PASSED] - Statement - counter = counter + 1: null

2018-12-14 01:04:49 - [TEST_STEP][PASSED] - Statement - PreSaveFile = new java.io.File(((pathPrefix + java.lang.Integer.toString(counter)) + .png)): null

2018-12-14 01:04:49 - [TEST_STEP][PASSED] - Statement - counter = counter + 1: null

2018-12-14 01:04:49 - [TEST_STEP][PASSED] - Statement - PreSaveFile = new java.io.File(((pathPrefix + java.lang.Integer.toString(counter)) + .png)): null

2018-12-14 01:04:49 - [TEST_STEP][PASSED] - Statement - counter = counter + 1: null

2018-12-14 01:04:49 - [TEST_STEP][PASSED] - Statement - PreSaveFile = new java.io.File(((pathPrefix + java.lang.Integer.toString(counter)) + .png)): null

2018-12-14 01:04:49 - [TEST_STEP][PASSED] - Statement - counter = counter + 1: null

2018-12-14 01:04:49 - [TEST_STEP][PASSED] - Statement - PreSaveFile = new java.io.File(((pathPrefix + java.lang.Integer.toString(counter)) + .png)): null

2018-12-14 01:04:49 - [TEST_STEP][PASSED] - Statement - counter = counter + 1: null

2018-12-14 01:04:49 - [TEST_STEP][PASSED] - Statement - PreSaveFile = new java.io.File(((pathPrefix + java.lang.Integer.toString(counter)) + .png)): null

2018-12-14 01:04:49 - [TEST_STEP][PASSED] - Statement - counter = counter + 1: null

2018-12-14 01:04:49 - [TEST_STEP][PASSED] - Statement - PreSaveFile = new java.io.File(((pathPrefix + java.lang.Integer.toString(counter)) + .png)): null

2018-12-14 01:04:49 - [TEST_STEP][PASSED] - Statement - counter = counter + 1: null

2018-12-14 01:04:49 - [TEST_STEP][PASSED] - Statement - PreSaveFile = new java.io.File(((pathPrefix + java.lang.Integer.toString(counter)) + .png)): null

2018-12-14 01:04:49 - [TEST_STEP][PASSED] - Statement - counter = counter + 1: null

2018-12-14 01:04:49 - [TEST_STEP][PASSED] - Statement - PreSaveFile = new java.io.File(((pathPrefix + java.lang.Integer.toString(counter)) + .png)): null

2018-12-14 01:04:49 - [TEST_STEP][PASSED] - Statement - counter = counter + 1: null

2018-12-14 01:04:49 - [TEST_STEP][PASSED] - Statement - PreSaveFile = new java.io.File(((pathPrefix + java.lang.Integer.toString(counter)) + .png)): null

2018-12-14 01:04:49 - [TEST_STEP][PASSED] - Statement - counter = counter + 1: null

2018-12-14 01:04:49 - [TEST_STEP][PASSED] - Statement - PreSaveFile = new java.io.File(((pathPrefix + java.lang.Integer.toString(counter)) + .png)): null

2018-12-14 01:04:49 - [TEST_STEP][PASSED] - Statement - counter = counter + 1: null

2018-12-14 01:04:49 - [TEST_STEP][PASSED] - Statement - PreSaveFile = new java.io.File(((pathPrefix + java.lang.Integer.toString(counter)) + .png)): null

2018-12-14 01:04:49 - [TEST_STEP][PASSED] - Statement - counter = counter + 1: null

2018-12-14 01:04:49 - [TEST_STEP][PASSED] - Statement - PreSaveFile = new java.io.File(((pathPrefix + java.lang.Integer.toString(counter)) + .png)): null

2018-12-14 01:04:49 - [TEST_STEP][PASSED] - Statement - counter = counter + 1: null

2018-12-14 01:04:49 - [TEST_STEP][PASSED] - Statement - PreSaveFile = new java.io.File(((pathPrefix + java.lang.Integer.toString(counter)) + .png)): null

2018-12-14 01:04:49 - [TEST_STEP][PASSED] - Statement - counter = counter + 1: null

2018-12-14 01:04:49 - [TEST_STEP][PASSED] - Statement - PreSaveFile = new java.io.File(((pathPrefix + java.lang.Integer.toString(counter)) + .png)): null

2018-12-14 01:04:49 - [TEST_STEP][PASSED] - Statement - counter = counter + 1: null

2018-12-14 01:04:49 - [TEST_STEP][PASSED] - Statement - PreSaveFile = new java.io.File(((pathPrefix + java.lang.Integer.toString(counter)) + .png)): null

2018-12-14 01:04:49 - [TEST_STEP][PASSED] - Statement - counter = counter + 1: null

2018-12-14 01:04:49 - [TEST_STEP][PASSED] - Statement - PreSaveFile = new java.io.File(((pathPrefix + java.lang.Integer.toString(counter)) + .png)): null

2018-12-14 01:04:49 - [TEST_STEP][PASSED] - Statement - counter = counter + 1: null

2018-12-14 01:04:49 - [TEST_STEP][PASSED] - Statement - PreSaveFile = new java.io.File(((pathPrefix + java.lang.Integer.toString(counter)) + .png)): null

2018-12-14 01:04:49 - [TEST_STEP][PASSED] - Statement - counter = counter + 1: null

2018-12-14 01:04:49 - [TEST_STEP][PASSED] - Statement - PreSaveFile = new java.io.File(((pathPrefix + java.lang.Integer.toString(counter)) + .png)): null

2018-12-14 01:04:49 - [TEST_STEP][PASSED] - Statement - counter = counter + 1: null

2018-12-14 01:04:49 - [TEST_STEP][PASSED] - Statement - PreSaveFile = new java.io.File(((pathPrefix + java.lang.Integer.toString(counter)) + .png)): null

2018-12-14 01:04:49 - [TEST_STEP][PASSED] - Statement - counter = counter + 1: null

2018-12-14 01:04:49 - [TEST_STEP][PASSED] - Statement - PreSaveFile = new java.io.File(((pathPrefix + java.lang.Integer.toString(counter)) + .png)): null

2018-12-14 01:04:49 - [TEST_STEP][PASSED] - Statement - counter = counter + 1: null

2018-12-14 01:04:49 - [TEST_STEP][PASSED] - Statement - PreSaveFile = new java.io.File(((pathPrefix + java.lang.Integer.toString(counter)) + .png)): null

2018-12-14 01:04:49 - [TEST_STEP][PASSED] - Statement - counter = counter + 1: null

2018-12-14 01:04:49 - [TEST_STEP][PASSED] - Statement - PreSaveFile = new java.io.File(((pathPrefix + java.lang.Integer.toString(counter)) + .png)): null

2018-12-14 01:04:49 - [TEST_STEP][PASSED] - Statement - counter = counter + 1: null

2018-12-14 01:04:49 - [TEST_STEP][PASSED] - Statement - PreSaveFile = new java.io.File(((pathPrefix + java.lang.Integer.toString(counter)) + .png)): null

2018-12-14 01:04:49 - [TEST_STEP][PASSED] - Statement - counter = counter + 1: null

2018-12-14 01:04:49 - [TEST_STEP][PASSED] - Statement - PreSaveFile = new java.io.File(((pathPrefix + java.lang.Integer.toString(counter)) + .png)): null

2018-12-14 01:04:49 - [TEST_STEP][PASSED] - Statement - counter = counter + 1: null

2018-12-14 01:04:49 - [TEST_STEP][PASSED] - Statement - PreSaveFile = new java.io.File(((pathPrefix + java.lang.Integer.toString(counter)) + .png)): null

2018-12-14 01:04:49 - [TEST_STEP][PASSED] - Statement - counter = counter + 1: null

2018-12-14 01:04:49 - [TEST_STEP][PASSED] - Statement - PreSaveFile = new java.io.File(((pathPrefix + java.lang.Integer.toString(counter)) + .png)): null

2018-12-14 01:04:49 - [TEST_STEP][PASSED] - Statement - counter = counter + 1: null

2018-12-14 01:04:49 - [TEST_STEP][PASSED] - Statement - PreSaveFile = new java.io.File(((pathPrefix + java.lang.Integer.toString(counter)) + .png)): null

2018-12-14 01:04:49 - [TEST_STEP][PASSED] - Statement - counter = counter + 1: null

2018-12-14 01:04:49 - [TEST_STEP][PASSED] - Statement - PreSaveFile = new java.io.File(((pathPrefix + java.lang.Integer.toString(counter)) + .png)): null

2018-12-14 01:04:49 - [TEST_STEP][PASSED] - Statement - counter = counter + 1: null

2018-12-14 01:04:49 - [TEST_STEP][PASSED] - Statement - PreSaveFile = new java.io.File(((pathPrefix + java.lang.Integer.toString(counter)) + .png)): null

2018-12-14 01:04:49 - [TEST_STEP][PASSED] - Statement - counter = counter + 1: null

2018-12-14 01:04:49 - [TEST_STEP][PASSED] - Statement - PreSaveFile = new java.io.File(((pathPrefix + java.lang.Integer.toString(counter)) + .png)): null

2018-12-14 01:04:49 - [TEST_STEP][PASSED] - Statement - counter = counter + 1: null

2018-12-14 01:04:49 - [TEST_STEP][PASSED] - Statement - PreSaveFile = new java.io.File(((pathPrefix + java.lang.Integer.toString(counter)) + .png)): null

2018-12-14 01:04:49 - [TEST_STEP][PASSED] - Statement - counter = counter + 1: null

2018-12-14 01:04:49 - [TEST_STEP][PASSED] - Statement - PreSaveFile = new java.io.File(((pathPrefix + java.lang.Integer.toString(counter)) + .png)): null

2018-12-14 01:04:49 - [TEST_STEP][PASSED] - Statement - counter = counter + 1: null

2018-12-14 01:04:49 - [TEST_STEP][PASSED] - Statement - PreSaveFile = new java.io.File(((pathPrefix + java.lang.Integer.toString(counter)) + .png)): null

2018-12-14 01:04:49 - [TEST_STEP][PASSED] - Statement - counter = counter + 1: null

2018-12-14 01:04:49 - [TEST_STEP][PASSED] - Statement - PreSaveFile = new java.io.File(((pathPrefix + java.lang.Integer.toString(counter)) + .png)): null

2018-12-14 01:04:49 - [TEST_STEP][PASSED] - Statement - counter = counter + 1: null

2018-12-14 01:04:49 - [TEST_STEP][PASSED] - Statement - PreSaveFile = new java.io.File(((pathPrefix + java.lang.Integer.toString(counter)) + .png)): null

2018-12-14 01:04:49 - [TEST_STEP][PASSED] - Statement - counter = counter + 1: null

2018-12-14 01:04:49 - [TEST_STEP][PASSED] - Statement - PreSaveFile = new java.io.File(((pathPrefix + java.lang.Integer.toString(counter)) + .png)): null

2018-12-14 01:04:49 - [TEST_STEP][PASSED] - Statement - counter = counter + 1: null

2018-12-14 01:04:49 - [TEST_STEP][PASSED] - Statement - PreSaveFile = new java.io.File(((pathPrefix + java.lang.Integer.toString(counter)) + .png)): null

2018-12-14 01:04:49 - [TEST_STEP][PASSED] - Statement - counter = counter + 1: null

2018-12-14 01:04:49 - [TEST_STEP][PASSED] - Statement - PreSaveFile = new java.io.File(((pathPrefix + java.lang.Integer.toString(counter)) + .png)): null

2018-12-14 01:04:49 - [TEST_STEP][PASSED] - Statement - counter = counter + 1: null

2018-12-14 01:04:49 - [TEST_STEP][PASSED] - Statement - PreSaveFile = new java.io.File(((pathPrefix + java.lang.Integer.toString(counter)) + .png)): null

2018-12-14 01:04:49 - [TEST_STEP][PASSED] - Statement - counter = counter + 1: null

2018-12-14 01:04:49 - [TEST_STEP][PASSED] - Statement - PreSaveFile = new java.io.File(((pathPrefix + java.lang.Integer.toString(counter)) + .png)): null

2018-12-14 01:04:49 - [TEST_STEP][PASSED] - Statement - counter = counter + 1: null

2018-12-14 01:04:49 - [TEST_STEP][PASSED] - Statement - PreSaveFile = new java.io.File(((pathPrefix + java.lang.Integer.toString(counter)) + .png)): null

2018-12-14 01:04:49 - [TEST_STEP][PASSED] - Statement - counter = counter + 1: null

2018-12-14 01:04:49 - [TEST_STEP][PASSED] - Statement - PreSaveFile = new java.io.File(((pathPrefix + java.lang.Integer.toString(counter)) + .png)): null

2018-12-14 01:04:49 - [TEST_STEP][PASSED] - Statement - counter = counter + 1: null

2018-12-14 01:04:49 - [TEST_STEP][PASSED] - Statement - PreSaveFile = new java.io.File(((pathPrefix + java.lang.Integer.toString(counter)) + .png)): null

2018-12-14 01:04:49 - [TEST_STEP][PASSED] - Statement - counter = counter + 1: null

2018-12-14 01:04:49 - [TEST_STEP][PASSED] - Statement - PreSaveFile = new java.io.File(((pathPrefix + java.lang.Integer.toString(counter)) + .png)): null

2018-12-14 01:04:49 - [TEST_STEP][PASSED] - Statement - counter = counter + 1: null

2018-12-14 01:04:49 - [TEST_STEP][PASSED] - Statement - PreSaveFile = new java.io.File(((pathPrefix + java.lang.Integer.toString(counter)) + .png)): null

2018-12-14 01:04:49 - [TEST_STEP][PASSED] - Statement - counter = counter + 1: null

2018-12-14 01:04:49 - [TEST_STEP][PASSED] - Statement - PreSaveFile = new java.io.File(((pathPrefix + java.lang.Integer.toString(counter)) + .png)): null

2018-12-14 01:04:49 - [TEST_STEP][PASSED] - Statement - counter = counter + 1: null

2018-12-14 01:04:49 - [TEST_STEP][PASSED] - Statement - PreSaveFile = new java.io.File(((pathPrefix + java.lang.Integer.toString(counter)) + .png)): null

2018-12-14 01:04:49 - [TEST_STEP][PASSED] - Statement - counter = counter + 1: null

2018-12-14 01:04:49 - [TEST_STEP][PASSED] - Statement - PreSaveFile = new java.io.File(((pathPrefix + java.lang.Integer.toString(counter)) + .png)): null

2018-12-14 01:04:49 - [TEST_STEP][PASSED] - Statement - counter = counter + 1: null

2018-12-14 01:04:49 - [TEST_STEP][PASSED] - Statement - PreSaveFile = new java.io.File(((pathPrefix + java.lang.Integer.toString(counter)) + .png)): null

2018-12-14 01:04:49 - [TEST_STEP][PASSED] - Statement - counter = counter + 1: null

2018-12-14 01:04:49 - [TEST_STEP][PASSED] - Statement - PreSaveFile = new java.io.File(((pathPrefix + java.lang.Integer.toString(counter)) + .png)): null

2018-12-14 01:04:49 - [TEST_STEP][PASSED] - Statement - counter = counter + 1: null

2018-12-14 01:04:49 - [TEST_STEP][PASSED] - Statement - PreSaveFile = new java.io.File(((pathPrefix + java.lang.Integer.toString(counter)) + .png)): null

2018-12-14 01:04:49 - [TEST_STEP][PASSED] - Statement - counter = counter + 1: null

2018-12-14 01:04:49 - [TEST_STEP][PASSED] - Statement - PreSaveFile = new java.io.File(((pathPrefix + java.lang.Integer.toString(counter)) + .png)): null

2018-12-14 01:04:49 - [TEST_STEP][PASSED] - Statement - counter = counter + 1: null

2018-12-14 01:04:49 - [TEST_STEP][PASSED] - Statement - PreSaveFile = new java.io.File(((pathPrefix + java.lang.Integer.toString(counter)) + .png)): null

2018-12-14 01:04:49 - [TEST_STEP][PASSED] - Statement - counter = counter + 1: null

2018-12-14 01:04:49 - [TEST_STEP][PASSED] - Statement - PreSaveFile = new java.io.File(((pathPrefix + java.lang.Integer.toString(counter)) + .png)): null

2018-12-14 01:04:49 - [TEST_STEP][PASSED] - Statement - counter = counter + 1: null

2018-12-14 01:04:49 - [TEST_STEP][PASSED] - Statement - PreSaveFile = new java.io.File(((pathPrefix + java.lang.Integer.toString(counter)) + .png)): null

2018-12-14 01:04:49 - [TEST_STEP][PASSED] - Statement - counter = counter + 1: null

2018-12-14 01:04:49 - [TEST_STEP][PASSED] - Statement - PreSaveFile = new java.io.File(((pathPrefix + java.lang.Integer.toString(counter)) + .png)): null

2018-12-14 01:04:49 - [TEST_STEP][PASSED] - Statement - counter = counter + 1: null

2018-12-14 01:04:49 - [TEST_STEP][PASSED] - Statement - PreSaveFile = new java.io.File(((pathPrefix + java.lang.Integer.toString(counter)) + .png)): null

2018-12-14 01:04:49 - [TEST_STEP][PASSED] - Statement - counter = counter + 1: null

2018-12-14 01:04:49 - [TEST_STEP][PASSED] - Statement - PreSaveFile = new java.io.File(((pathPrefix + java.lang.Integer.toString(counter)) + .png)): null

2018-12-14 01:04:49 - [TEST_STEP][PASSED] - Statement - counter = counter + 1: null

2018-12-14 01:04:49 - [TEST_STEP][PASSED] - Statement - PreSaveFile = new java.io.File(((pathPrefix + java.lang.Integer.toString(counter)) + .png)): null

2018-12-14 01:04:49 - [TEST_STEP][PASSED] - Statement - counter = counter + 1: null

2018-12-14 01:04:49 - [TEST_STEP][PASSED] - Statement - PreSaveFile = new java.io.File(((pathPrefix + java.lang.Integer.toString(counter)) + .png)): null

2018-12-14 01:04:49 - [TEST_STEP][PASSED] - Statement - counter = counter + 1: null

2018-12-14 01:04:49 - [TEST_STEP][PASSED] - Statement - PreSaveFile = new java.io.File(((pathPrefix + java.lang.Integer.toString(counter)) + .png)): null

2018-12-14 01:04:49 - [TEST_STEP][PASSED] - Statement - counter = counter + 1: null

2018-12-14 01:04:49 - [TEST_STEP][PASSED] - Statement - PreSaveFile = new java.io.File(((pathPrefix + java.lang.Integer.toString(counter)) + .png)): null

2018-12-14 01:04:49 - [TEST_STEP][PASSED] - Statement - counter = counter + 1: null

2018-12-14 01:04:49 - [TEST_STEP][PASSED] - Statement - PreSaveFile = new java.io.File(((pathPrefix + java.lang.Integer.toString(counter)) + .png)): null

2018-12-14 01:04:49 - [TEST_STEP][PASSED] - Statement - counter = counter + 1: null

2018-12-14 01:04:49 - [TEST_STEP][PASSED] - Statement - PreSaveFile = new java.io.File(((pathPrefix + java.lang.Integer.toString(counter)) + .png)): null

2018-12-14 01:04:49 - [TEST_STEP][PASSED] - Statement - counter = counter + 1: null

2018-12-14 01:04:49 - [TEST_STEP][PASSED] - Statement - PreSaveFile = new java.io.File(((pathPrefix + java.lang.Integer.toString(counter)) + .png)): null

2018-12-14 01:04:49 - [TEST_STEP][PASSED] - Statement - counter = counter + 1: null

2018-12-14 01:04:49 - [TEST_STEP][PASSED] - Statement - PreSaveFile = new java.io.File(((pathPrefix + java.lang.Integer.toString(counter)) + .png)): null

2018-12-14 01:04:49 - [TEST_STEP][PASSED] - Statement - counter = counter + 1: null

2018-12-14 01:04:49 - [TEST_STEP][PASSED] - Statement - PreSaveFile = new java.io.File(((pathPrefix + java.lang.Integer.toString(counter)) + .png)): null

2018-12-14 01:04:49 - [TEST_STEP][PASSED] - Statement - counter = counter + 1: null

2018-12-14 01:04:49 - [TEST_STEP][PASSED] - Statement - PreSaveFile = new java.io.File(((pathPrefix + java.lang.Integer.toString(counter)) + .png)): null

2018-12-14 01:04:49 - [TEST_STEP][PASSED] - Statement - counter = counter + 1: null

2018-12-14 01:04:49 - [TEST_STEP][PASSED] - Statement - PreSaveFile = new java.io.File(((pathPrefix + java.lang.Integer.toString(counter)) + .png)): null

2018-12-14 01:04:49 - [TEST_STEP][PASSED] - Statement - counter = counter + 1: null

2018-12-14 01:04:49 - [TEST_STEP][PASSED] - Statement - PreSaveFile = new java.io.File(((pathPrefix + java.lang.Integer.toString(counter)) + .png)): null

2018-12-14 01:04:49 - [TEST_STEP][PASSED] - Statement - counter = counter + 1: null

2018-12-14 01:04:49 - [TEST_STEP][PASSED] - Statement - PreSaveFile = new java.io.File(((pathPrefix + java.lang.Integer.toString(counter)) + .png)): null

2018-12-14 01:04:49 - [TEST_STEP][PASSED] - Statement - counter = counter + 1: null

2018-12-14 01:04:49 - [TEST_STEP][PASSED] - Statement - PreSaveFile = new java.io.File(((pathPrefix + java.lang.Integer.toString(counter)) + .png)): null

2018-12-14 01:04:49 - [TEST_STEP][PASSED] - Statement - counter = counter + 1: null

2018-12-14 01:04:49 - [TEST_STEP][PASSED] - Statement - PreSaveFile = new java.io.File(((pathPrefix + java.lang.Integer.toString(counter)) + .png)): null

2018-12-14 01:04:49 - [TEST_STEP][PASSED] - Statement - counter = counter + 1: null

2018-12-14 01:04:49 - [TEST_STEP][PASSED] - Statement - PreSaveFile = new java.io.File(((pathPrefix + java.lang.Integer.toString(counter)) + .png)): null

2018-12-14 01:04:49 - [TEST_STEP][PASSED] - Statement - counter = counter + 1: null

2018-12-14 01:04:49 - [TEST_STEP][PASSED] - Statement - PreSaveFile = new java.io.File(((pathPrefix + java.lang.Integer.toString(counter)) + .png)): null

2018-12-14 01:04:49 - [TEST_STEP][PASSED] - Statement - counter = counter + 1: null

2018-12-14 01:04:49 - [TEST_STEP][PASSED] - Statement - PreSaveFile = new java.io.File(((pathPrefix + java.lang.Integer.toString(counter)) + .png)): null

2018-12-14 01:04:49 - [TEST_STEP][PASSED] - Statement - counter = counter + 1: null

2018-12-14 01:04:49 - [TEST_STEP][PASSED] - Statement - PreSaveFile = new java.io.File(((pathPrefix + java.lang.Integer.toString(counter)) + .png)): null

2018-12-14 01:04:49 - [TEST_STEP][PASSED] - Statement - counter = counter + 1: null

2018-12-14 01:04:49 - [TEST_STEP][PASSED] - Statement - PreSaveFile = new java.io.File(((pathPrefix + java.lang.Integer.toString(counter)) + .png)): null

2018-12-14 01:04:49 - [TEST_STEP][PASSED] - Statement - counter = counter + 1: null

2018-12-14 01:04:49 - [TEST_STEP][PASSED] - Statement - PreSaveFile = new java.io.File(((pathPrefix + java.lang.Integer.toString(counter)) + .png)): null

2018-12-14 01:04:49 - [TEST_STEP][PASSED] - Statement - counter = counter + 1: null

2018-12-14 01:04:49 - [TEST_STEP][PASSED] - Statement - PreSaveFile = new java.io.File(((pathPrefix + java.lang.Integer.toString(counter)) + .png)): null

2018-12-14 01:04:49 - [TEST_STEP][PASSED] - Statement - counter = counter + 1: null

2018-12-14 01:04:49 - [TEST_STEP][PASSED] - Statement - PreSaveFile = new java.io.File(((pathPrefix + java.lang.Integer.toString(counter)) + .png)): null

2018-12-14 01:04:49 - [TEST_STEP][PASSED] - Statement - counter = counter + 1: null

2018-12-14 01:04:49 - [TEST_STEP][PASSED] - Statement - PreSaveFile = new java.io.File(((pathPrefix + java.lang.Integer.toString(counter)) + .png)): null

2018-12-14 01:04:49 - [TEST_STEP][PASSED] - Statement - counter = counter + 1: null

2018-12-14 01:04:49 - [TEST_STEP][PASSED] - Statement - PreSaveFile = new java.io.File(((pathPrefix + java.lang.Integer.toString(counter)) + .png)): null

2018-12-14 01:04:49 - [TEST_STEP][PASSED] - Statement - counter = counter + 1: null

2018-12-14 01:04:49 - [TEST_STEP][PASSED] - Statement - PreSaveFile = new java.io.File(((pathPrefix + java.lang.Integer.toString(counter)) + .png)): null

2018-12-14 01:04:49 - [TEST_STEP][PASSED] - Statement - counter = counter + 1: null

2018-12-14 01:04:49 - [TEST_STEP][PASSED] - Statement - PreSaveFile = new java.io.File(((pathPrefix + java.lang.Integer.toString(counter)) + .png)): null

2018-12-14 01:04:49 - [TEST_STEP][PASSED] - Statement - counter = counter + 1: null

2018-12-14 01:04:49 - [TEST_STEP][PASSED] - Statement - PreSaveFile = new java.io.File(((pathPrefix + java.lang.Integer.toString(counter)) + .png)): null

2018-12-14 01:04:49 - [TEST_STEP][PASSED] - Statement - counter = counter + 1: null

2018-12-14 01:04:49 - [TEST_STEP][PASSED] - Statement - PreSaveFile = new java.io.File(((pathPrefix + java.lang.Integer.toString(counter)) + .png)): null

2018-12-14 01:04:49 - [TEST_STEP][PASSED] - Statement - counter = counter + 1: null

2018-12-14 01:04:49 - [TEST_STEP][PASSED] - Statement - PreSaveFile = new java.io.File(((pathPrefix + java.lang.Integer.toString(counter)) + .png)): null

2018-12-14 01:04:49 - [TEST_STEP][PASSED] - Statement - counter = counter + 1: null

2018-12-14 01:04:49 - [TEST_STEP][PASSED] - Statement - PreSaveFile = new java.io.File(((pathPrefix + java.lang.Integer.toString(counter)) + .png)): null

2018-12-14 01:04:49 - [TEST_STEP][PASSED] - Statement - counter = counter + 1: null

2018-12-14 01:04:49 - [TEST_STEP][PASSED] - Statement - PreSaveFile = new java.io.File(((pathPrefix + java.lang.Integer.toString(counter)) + .png)): null

2018-12-14 01:04:49 - [TEST_STEP][PASSED] - Statement - counter = counter + 1: null

2018-12-14 01:04:49 - [TEST_STEP][PASSED] - Statement - PreSaveFile = new java.io.File(((pathPrefix + java.lang.Integer.toString(counter)) + .png)): null

2018-12-14 01:04:49 - [TEST_STEP][PASSED] - Statement - counter = counter + 1: null

2018-12-14 01:04:49 - [TEST_STEP][PASSED] - Statement - PreSaveFile = new java.io.File(((pathPrefix + java.lang.Integer.toString(counter)) + .png)): null

2018-12-14 01:04:49 - [TEST_STEP][PASSED] - Statement - counter = counter + 1: null

2018-12-14 01:04:49 - [TEST_STEP][PASSED] - Statement - PreSaveFile = new java.io.File(((pathPrefix + java.lang.Integer.toString(counter)) + .png)): null

2018-12-14 01:04:49 - [TEST_STEP][PASSED] - Statement - counter = counter + 1: null

2018-12-14 01:04:49 - [TEST_STEP][PASSED] - Statement - PreSaveFile = new java.io.File(((pathPrefix + java.lang.Integer.toString(counter)) + .png)): null

2018-12-14 01:04:49 - [TEST_STEP][PASSED] - Statement - counter = counter + 1: null

2018-12-14 01:04:49 - [TEST_STEP][PASSED] - Statement - PreSaveFile = new java.io.File(((pathPrefix + java.lang.Integer.toString(counter)) + .png)): null

2018-12-14 01:04:49 - [TEST_STEP][PASSED] - Statement - counter = counter + 1: null

2018-12-14 01:04:49 - [TEST_STEP][PASSED] - Statement - PreSaveFile = new java.io.File(((pathPrefix + java.lang.Integer.toString(counter)) + .png)): null

2018-12-14 01:04:49 - [TEST_STEP][PASSED] - Statement - counter = counter + 1: null

2018-12-14 01:04:49 - [TEST_STEP][PASSED] - Statement - PreSaveFile = new java.io.File(((pathPrefix + java.lang.Integer.toString(counter)) + .png)): null

2018-12-14 01:04:49 - [TEST_STEP][PASSED] - Statement - counter = counter + 1: null

2018-12-14 01:04:49 - [TEST_STEP][PASSED] - Statement - PreSaveFile = new java.io.File(((pathPrefix + java.lang.Integer.toString(counter)) + .png)): null

2018-12-14 01:04:49 - [TEST_STEP][PASSED] - Statement - counter = counter + 1: null

2018-12-14 01:04:49 - [TEST_STEP][PASSED] - Statement - PreSaveFile = new java.io.File(((pathPrefix + java.lang.Integer.toString(counter)) + .png)): null

2018-12-14 01:04:49 - [TEST_STEP][PASSED] - Statement - counter = counter + 1: null

2018-12-14 01:04:49 - [TEST_STEP][PASSED] - Statement - PreSaveFile = new java.io.File(((pathPrefix + java.lang.Integer.toString(counter)) + .png)): null

2018-12-14 01:04:49 - [TEST_STEP][PASSED] - Statement - counter = counter + 1: null

2018-12-14 01:04:49 - [TEST_STEP][PASSED] - Statement - PreSaveFile = new java.io.File(((pathPrefix + java.lang.Integer.toString(counter)) + .png)): null

2018-12-14 01:04:49 - [TEST_STEP][PASSED] - Statement - counter = counter + 1: null

2018-12-14 01:04:49 - [TEST_STEP][PASSED] - Statement - PreSaveFile = new java.io.File(((pathPrefix + java.lang.Integer.toString(counter)) + .png)): null

2018-12-14 01:04:49 - [TEST_STEP][PASSED] - Statement - counter = counter + 1: null

2018-12-14 01:04:49 - [TEST_STEP][PASSED] - Statement - PreSaveFile = new java.io.File(((pathPrefix + java.lang.Integer.toString(counter)) + .png)): null

2018-12-14 01:04:49 - [TEST_STEP][PASSED] - Statement - counter = counter + 1: null

2018-12-14 01:04:49 - [TEST_STEP][PASSED] - Statement - PreSaveFile = new java.io.File(((pathPrefix + java.lang.Integer.toString(counter)) + .png)): null

2018-12-14 01:04:49 - [TEST_STEP][PASSED] - Statement - counter = counter + 1: null

2018-12-14 01:04:49 - [TEST_STEP][PASSED] - Statement - PreSaveFile = new java.io.File(((pathPrefix + java.lang.Integer.toString(counter)) + .png)): null

2018-12-14 01:04:49 - [TEST_STEP][PASSED] - Statement - counter = counter + 1: null

2018-12-14 01:04:49 - [TEST_STEP][PASSED] - Statement - PreSaveFile = new java.io.File(((pathPrefix + java.lang.Integer.toString(counter)) + .png)): null

2018-12-14 01:04:49 - [TEST_STEP][PASSED] - Statement - counter = counter + 1: null

2018-12-14 01:04:49 - [TEST_STEP][PASSED] - Statement - PreSaveFile = new java.io.File(((pathPrefix + java.lang.Integer.toString(counter)) + .png)): null

2018-12-14 01:04:49 - [TEST_STEP][PASSED] - Statement - counter = counter + 1: null

2018-12-14 01:04:49 - [TEST_STEP][PASSED] - Statement - PreSaveFile = new java.io.File(((pathPrefix + java.lang.Integer.toString(counter)) + .png)): null

2018-12-14 01:04:49 - [TEST_STEP][PASSED] - Statement - counter = counter + 1: null

2018-12-14 01:04:49 - [TEST_STEP][PASSED] - Statement - PreSaveFile = new java.io.File(((pathPrefix + java.lang.Integer.toString(counter)) + .png)): null

2018-12-14 01:04:49 - [TEST_STEP][PASSED] - Statement - counter = counter + 1: null

2018-12-14 01:04:49 - [TEST_STEP][PASSED] - Statement - PreSaveFile = new java.io.File(((pathPrefix + java.lang.Integer.toString(counter)) + .png)): null

2018-12-14 01:04:49 - [TEST_STEP][PASSED] - Statement - counter = counter + 1: null

2018-12-14 01:04:49 - [TEST_STEP][PASSED] - Statement - PreSaveFile = new java.io.File(((pathPrefix + java.lang.Integer.toString(counter)) + .png)): null

2018-12-14 01:04:49 - [TEST_STEP][PASSED] - Statement - counter = counter + 1: null

2018-12-14 01:04:49 - [TEST_STEP][PASSED] - Statement - PreSaveFile = new java.io.File(((pathPrefix + java.lang.Integer.toString(counter)) + .png)): null

2018-12-14 01:04:49 - [TEST_STEP][PASSED] - Statement - counter = counter + 1: null

2018-12-14 01:04:49 - [TEST_STEP][PASSED] - Statement - PreSaveFile = new java.io.File(((pathPrefix + java.lang.Integer.toString(counter)) + .png)): null

2018-12-14 01:04:49 - [TEST_STEP][PASSED] - Statement - counter = counter + 1: null

2018-12-14 01:04:49 - [TEST_STEP][PASSED] - Statement - PreSaveFile = new java.io.File(((pathPrefix + java.lang.Integer.toString(counter)) + .png)): null

2018-12-14 01:04:49 - [TEST_STEP][PASSED] - Statement - counter = counter + 1: null

2018-12-14 01:04:49 - [TEST_STEP][PASSED] - Statement - PreSaveFile = new java.io.File(((pathPrefix + java.lang.Integer.toString(counter)) + .png)): null

2018-12-14 01:04:49 - [TEST_STEP][PASSED] - Statement - counter = counter + 1: null

2018-12-14 01:04:49 - [TEST_STEP][PASSED] - Statement - PreSaveFile = new java.io.File(((pathPrefix + java.lang.Integer.toString(counter)) + .png)): null

2018-12-14 01:04:49 - [TEST_STEP][PASSED] - Statement - counter = counter + 1: null

2018-12-14 01:04:49 - [TEST_STEP][PASSED] - Statement - PreSaveFile = new java.io.File(((pathPrefix + java.lang.Integer.toString(counter)) + .png)): null

2018-12-14 01:04:49 - [TEST_STEP][PASSED] - Statement - counter = counter + 1: null

2018-12-14 01:04:49 - [TEST_STEP][PASSED] - Statement - PreSaveFile = new java.io.File(((pathPrefix + java.lang.Integer.toString(counter)) + .png)): null

2018-12-14 01:04:49 - [TEST_STEP][PASSED] - Statement - counter = counter + 1: null

2018-12-14 01:04:49 - [TEST_STEP][PASSED] - Statement - PreSaveFile = new java.io.File(((pathPrefix + java.lang.Integer.toString(counter)) + .png)): null

2018-12-14 01:04:49 - [TEST_STEP][PASSED] - Statement - counter = counter + 1: null

2018-12-14 01:04:49 - [TEST_STEP][PASSED] - Statement - PreSaveFile = new java.io.File(((pathPrefix + java.lang.Integer.toString(counter)) + .png)): null

2018-12-14 01:04:49 - [TEST_STEP][PASSED] - Statement - counter = counter + 1: null

2018-12-14 01:04:49 - [TEST_STEP][PASSED] - Statement - PreSaveFile = new java.io.File(((pathPrefix + java.lang.Integer.toString(counter)) + .png)): null

2018-12-14 01:04:49 - [TEST_STEP][PASSED] - Statement - counter = counter + 1: null

2018-12-14 01:04:49 - [TEST_STEP][PASSED] - Statement - PreSaveFile = new java.io.File(((pathPrefix + java.lang.Integer.toString(counter)) + .png)): null

2018-12-14 01:04:49 - [TEST_STEP][PASSED] - Statement - counter = counter + 1: null

2018-12-14 01:04:49 - [TEST_STEP][PASSED] - Statement - PreSaveFile = new java.io.File(((pathPrefix + java.lang.Integer.toString(counter)) + .png)): null

2018-12-14 01:04:49 - [TEST_STEP][PASSED] - Statement - counter = counter + 1: null

2018-12-14 01:04:49 - [TEST_STEP][PASSED] - Statement - PreSaveFile = new java.io.File(((pathPrefix + java.lang.Integer.toString(counter)) + .png)): null

2018-12-14 01:04:49 - [TEST_STEP][PASSED] - Statement - counter = counter + 1: null

2018-12-14 01:04:49 - [TEST_STEP][PASSED] - Statement - PreSaveFile = new java.io.File(((pathPrefix + java.lang.Integer.toString(counter)) + .png)): null

2018-12-14 01:04:49 - [TEST_STEP][PASSED] - Statement - counter = counter + 1: null

2018-12-14 01:04:49 - [TEST_STEP][PASSED] - Statement - PreSaveFile = new java.io.File(((pathPrefix + java.lang.Integer.toString(counter)) + .png)): null

2018-12-14 01:04:49 - [TEST_STEP][PASSED] - Statement - counter = counter + 1: null

2018-12-14 01:04:49 - [TEST_STEP][PASSED] - Statement - PreSaveFile = new java.io.File(((pathPrefix + java.lang.Integer.toString(counter)) + .png)): null

2018-12-14 01:04:49 - [TEST_STEP][PASSED] - Statement - counter = counter + 1: null

2018-12-14 01:04:49 - [TEST_STEP][PASSED] - Statement - PreSaveFile = new java.io.File(((pathPrefix + java.lang.Integer.toString(counter)) + .png)): null

2018-12-14 01:04:49 - [TEST_STEP][PASSED] - Statement - counter = counter + 1: null

2018-12-14 01:04:49 - [TEST_STEP][PASSED] - Statement - PreSaveFile = new java.io.File(((pathPrefix + java.lang.Integer.toString(counter)) + .png)): null

2018-12-14 01:04:49 - [TEST_STEP][PASSED] - Statement - counter = counter + 1: null

2018-12-14 01:04:49 - [TEST_STEP][PASSED] - Statement - PreSaveFile = new java.io.File(((pathPrefix + java.lang.Integer.toString(counter)) + .png)): null

2018-12-14 01:04:49 - [TEST_STEP][PASSED] - Statement - counter = counter + 1: null

2018-12-14 01:04:49 - [TEST_STEP][PASSED] - Statement - PreSaveFile = new java.io.File(((pathPrefix + java.lang.Integer.toString(counter)) + .png)): null

2018-12-14 01:04:49 - [TEST_STEP][PASSED] - Statement - counter = counter + 1: null

2018-12-14 01:04:49 - [TEST_STEP][PASSED] - Statement - PreSaveFile = new java.io.File(((pathPrefix + java.lang.Integer.toString(counter)) + .png)): null

2018-12-14 01:04:49 - [TEST_STEP][PASSED] - Statement - counter = counter + 1: null

2018-12-14 01:04:49 - [TEST_STEP][PASSED] - Statement - PreSaveFile = new java.io.File(((pathPrefix + java.lang.Integer.toString(counter)) + .png)): null

2018-12-14 01:04:49 - [TEST_STEP][PASSED] - Statement - counter = counter + 1: null

2018-12-14 01:04:49 - [TEST_STEP][PASSED] - Statement - PreSaveFile = new java.io.File(((pathPrefix + java.lang.Integer.toString(counter)) + .png)): null

2018-12-14 01:04:49 - [TEST_STEP][PASSED] - Statement - counter = counter + 1: null

2018-12-14 01:04:49 - [TEST_STEP][PASSED] - Statement - PreSaveFile = new java.io.File(((pathPrefix + java.lang.Integer.toString(counter)) + .png)): null

2018-12-14 01:04:49 - [TEST_STEP][PASSED] - Statement - counter = counter + 1: null

2018-12-14 01:04:49 - [TEST_STEP][PASSED] - Statement - PreSaveFile = new java.io.File(((pathPrefix + java.lang.Integer.toString(counter)) + .png)): null

2018-12-14 01:04:49 - [TEST_STEP][PASSED] - Statement - counter = counter + 1: null

2018-12-14 01:04:49 - [TEST_STEP][PASSED] - Statement - PreSaveFile = new java.io.File(((pathPrefix + java.lang.Integer.toString(counter)) + .png)): null

2018-12-14 01:04:49 - [TEST_STEP][PASSED] - Statement - counter = counter + 1: null

2018-12-14 01:04:50 - [TEST_STEP][PASSED] - Statement - PreSaveFile = new java.io.File(((pathPrefix + java.lang.Integer.toString(counter)) + .png)): null

2018-12-14 01:04:50 - [TEST_STEP][PASSED] - Statement - counter = counter + 1: null

2018-12-14 01:04:50 - [TEST_STEP][PASSED] - Statement - PreSaveFile = new java.io.File(((pathPrefix + java.lang.Integer.toString(counter)) + .png)): null

2018-12-14 01:04:50 - [TEST_STEP][PASSED] - Statement - counter = counter + 1: null

2018-12-14 01:04:50 - [TEST_STEP][PASSED] - Statement - PreSaveFile = new java.io.File(((pathPrefix + java.lang.Integer.toString(counter)) + .png)): null

2018-12-14 01:04:50 - [TEST_STEP][PASSED] - Statement - counter = counter + 1: null

2018-12-14 01:04:50 - [TEST_STEP][PASSED] - Statement - PreSaveFile = new java.io.File(((pathPrefix + java.lang.Integer.toString(counter)) + .png)): null

2018-12-14 01:04:50 - [TEST_STEP][PASSED] - Statement - counter = counter + 1: null

2018-12-14 01:04:50 - [TEST_STEP][PASSED] - Statement - PreSaveFile = new java.io.File(((pathPrefix + java.lang.Integer.toString(counter)) + .png)): null

2018-12-14 01:04:50 - [TEST_STEP][PASSED] - Statement - counter = counter + 1: null

2018-12-14 01:04:50 - [TEST_STEP][PASSED] - Statement - PreSaveFile = new java.io.File(((pathPrefix + java.lang.Integer.toString(counter)) + .png)): null

2018-12-14 01:04:50 - [TEST_STEP][PASSED] - Statement - counter = counter + 1: null

2018-12-14 01:04:50 - [TEST_STEP][PASSED] - Statement - PreSaveFile = new java.io.File(((pathPrefix + java.lang.Integer.toString(counter)) + .png)): null

2018-12-14 01:04:50 - [TEST_STEP][PASSED] - Statement - counter = counter + 1: null

2018-12-14 01:04:50 - [TEST_STEP][PASSED] - Statement - PreSaveFile = new java.io.File(((pathPrefix + java.lang.Integer.toString(counter)) + .png)): null

2018-12-14 01:04:50 - [TEST_STEP][PASSED] - Statement - counter = counter + 1: null

2018-12-14 01:04:50 - [TEST_STEP][PASSED] - Statement - PreSaveFile = new java.io.File(((pathPrefix + java.lang.Integer.toString(counter)) + .png)): null

2018-12-14 01:04:50 - [TEST_STEP][PASSED] - Statement - counter = counter + 1: null

2018-12-14 01:04:50 - [TEST_STEP][PASSED] - Statement - PreSaveFile = new java.io.File(((pathPrefix + java.lang.Integer.toString(counter)) + .png)): null

2018-12-14 01:04:50 - [TEST_STEP][PASSED] - Statement - counter = counter + 1: null

2018-12-14 01:04:50 - [TEST_STEP][PASSED] - Statement - PreSaveFile = new java.io.File(((pathPrefix + java.lang.Integer.toString(counter)) + .png)): null

2018-12-14 01:04:50 - [TEST_STEP][PASSED] - Statement - counter = counter + 1: null

2018-12-14 01:04:50 - [TEST_STEP][PASSED] - Statement - PreSaveFile = new java.io.File(((pathPrefix + java.lang.Integer.toString(counter)) + .png)): null

2018-12-14 01:04:50 - [TEST_STEP][PASSED] - Statement - counter = counter + 1: null

2018-12-14 01:04:50 - [TEST_STEP][PASSED] - Statement - PreSaveFile = new java.io.File(((pathPrefix + java.lang.Integer.toString(counter)) + .png)): null

2018-12-14 01:04:50 - [TEST_STEP][PASSED] - Statement - counter = counter + 1: null

2018-12-14 01:04:50 - [TEST_STEP][PASSED] - Statement - PreSaveFile = new java.io.File(((pathPrefix + java.lang.Integer.toString(counter)) + .png)): null

2018-12-14 01:04:50 - [TEST_STEP][PASSED] - Statement - counter = counter + 1: null

2018-12-14 01:04:50 - [TEST_STEP][PASSED] - Statement - PreSaveFile = new java.io.File(((pathPrefix + java.lang.Integer.toString(counter)) + .png)): null

2018-12-14 01:04:50 - [TEST_STEP][PASSED] - Statement - counter = counter + 1: null

2018-12-14 01:04:50 - [TEST_STEP][PASSED] - Statement - PreSaveFile = new java.io.File(((pathPrefix + java.lang.Integer.toString(counter)) + .png)): null

2018-12-14 01:04:50 - [TEST_STEP][PASSED] - Statement - counter = counter + 1: null

2018-12-14 01:04:50 - [TEST_STEP][PASSED] - Statement - PreSaveFile = new java.io.File(((pathPrefix + java.lang.Integer.toString(counter)) + .png)): null

2018-12-14 01:04:50 - [TEST_STEP][PASSED] - Statement - counter = counter + 1: null

2018-12-14 01:04:50 - [TEST_STEP][PASSED] - Statement - PreSaveFile = new java.io.File(((pathPrefix + java.lang.Integer.toString(counter)) + .png)): null

2018-12-14 01:04:50 - [TEST_STEP][PASSED] - Statement - counter = counter + 1: null

2018-12-14 01:04:50 - [TEST_STEP][PASSED] - Statement - PreSaveFile = new java.io.File(((pathPrefix + java.lang.Integer.toString(counter)) + .png)): null

2018-12-14 01:04:50 - [TEST_STEP][PASSED] - Statement - counter = counter + 1: null

2018-12-14 01:04:50 - [TEST_STEP][PASSED] - Statement - PreSaveFile = new java.io.File(((pathPrefix + java.lang.Integer.toString(counter)) + .png)): null

2018-12-14 01:04:50 - [TEST_STEP][PASSED] - Statement - counter = counter + 1: null

2018-12-14 01:04:50 - [TEST_STEP][PASSED] - Statement - PreSaveFile = new java.io.File(((pathPrefix + java.lang.Integer.toString(counter)) + .png)): null

2018-12-14 01:04:50 - [TEST_STEP][PASSED] - Statement - counter = counter + 1: null

2018-12-14 01:04:50 - [TEST_STEP][PASSED] - Statement - PreSaveFile = new java.io.File(((pathPrefix + java.lang.Integer.toString(counter)) + .png)): null

2018-12-14 01:04:50 - [TEST_STEP][PASSED] - Statement - counter = counter + 1: null

2018-12-14 01:04:50 - [TEST_STEP][PASSED] - Statement - PreSaveFile = new java.io.File(((pathPrefix + java.lang.Integer.toString(counter)) + .png)): null

2018-12-14 01:04:50 - [TEST_STEP][PASSED] - Statement - counter = counter + 1: null

2018-12-14 01:04:50 - [TEST_STEP][PASSED] - Statement - PreSaveFile = new java.io.File(((pathPrefix + java.lang.Integer.toString(counter)) + .png)): null

2018-12-14 01:04:50 - [TEST_STEP][PASSED] - Statement - counter = counter + 1: null

2018-12-14 01:04:50 - [TEST_STEP][PASSED] - Statement - PreSaveFile = new java.io.File(((pathPrefix + java.lang.Integer.toString(counter)) + .png)): null

2018-12-14 01:04:50 - [TEST_STEP][PASSED] - Statement - counter = counter + 1: null

2018-12-14 01:04:50 - [TEST_STEP][PASSED] - Statement - PreSaveFile = new java.io.File(((pathPrefix + java.lang.Integer.toString(counter)) + .png)): null

2018-12-14 01:04:50 - [TEST_STEP][PASSED] - Statement - counter = counter + 1: null

2018-12-14 01:04:50 - [TEST_STEP][PASSED] - Statement - PreSaveFile = new java.io.File(((pathPrefix + java.lang.Integer.toString(counter)) + .png)): null

2018-12-14 01:04:50 - [TEST_STEP][PASSED] - Statement - counter = counter + 1: null

2018-12-14 01:04:50 - [TEST_STEP][PASSED] - Statement - PreSaveFile = new java.io.File(((pathPrefix + java.lang.Integer.toString(counter)) + .png)): null

2018-12-14 01:04:50 - [TEST_STEP][PASSED] - Statement - counter = counter + 1: null

2018-12-14 01:04:50 - [TEST_STEP][PASSED] - Statement - PreSaveFile = new java.io.File(((pathPrefix + java.lang.Integer.toString(counter)) + .png)): null

2018-12-14 01:04:50 - [TEST_STEP][PASSED] - Statement - counter = counter + 1: null

2018-12-14 01:04:50 - [TEST_STEP][PASSED] - Statement - PreSaveFile = new java.io.File(((pathPrefix + java.lang.Integer.toString(counter)) + .png)): null

2018-12-14 01:04:50 - [TEST_STEP][PASSED] - Statement - counter = counter + 1: null

2018-12-14 01:04:50 - [TEST_STEP][PASSED] - Statement - PreSaveFile = new java.io.File(((pathPrefix + java.lang.Integer.toString(counter)) + .png)): null

2018-12-14 01:04:50 - [TEST_STEP][PASSED] - Statement - counter = counter + 1: null

2018-12-14 01:04:50 - [TEST_STEP][PASSED] - Statement - PreSaveFile = new java.io.File(((pathPrefix + java.lang.Integer.toString(counter)) + .png)): null

2018-12-14 01:04:50 - [TEST_STEP][PASSED] - Statement - counter = counter + 1: null

2018-12-14 01:04:50 - [TEST_STEP][PASSED] - Statement - PreSaveFile = new java.io.File(((pathPrefix + java.lang.Integer.toString(counter)) + .png)): null

2018-12-14 01:04:50 - [TEST_STEP][PASSED] - Statement - counter = counter + 1: null

2018-12-14 01:04:50 - [TEST_STEP][PASSED] - Statement - PreSaveFile = new java.io.File(((pathPrefix + java.lang.Integer.toString(counter)) + .png)): null

2018-12-14 01:04:50 - [TEST_STEP][PASSED] - Statement - counter = counter + 1: null

2018-12-14 01:04:50 - [TEST_STEP][PASSED] - Statement - PreSaveFile = new java.io.File(((pathPrefix + java.lang.Integer.toString(counter)) + .png)): null

2018-12-14 01:04:50 - [TEST_STEP][PASSED] - Statement - counter = counter + 1: null

2018-12-14 01:04:50 - [TEST_STEP][PASSED] - Statement - PreSaveFile = new java.io.File(((pathPrefix + java.lang.Integer.toString(counter)) + .png)): null

2018-12-14 01:04:50 - [TEST_STEP][PASSED] - Statement - counter = counter + 1: null

2018-12-14 01:04:50 - [TEST_STEP][PASSED] - Statement - PreSaveFile = new java.io.File(((pathPrefix + java.lang.Integer.toString(counter)) + .png)): null

2018-12-14 01:04:50 - [TEST_STEP][PASSED] - Statement - counter = counter + 1: null

2018-12-14 01:04:50 - [TEST_STEP][PASSED] - Statement - PreSaveFile = new java.io.File(((pathPrefix + java.lang.Integer.toString(counter)) + .png)): null

2018-12-14 01:04:50 - [TEST_STEP][PASSED] - Statement - counter = counter + 1: null

2018-12-14 01:04:50 - [TEST_STEP][PASSED] - Statement - PreSaveFile = new java.io.File(((pathPrefix + java.lang.Integer.toString(counter)) + .png)): null

2018-12-14 01:04:50 - [TEST_STEP][PASSED] - Statement - counter = counter + 1: null

2018-12-14 01:04:50 - [TEST_STEP][PASSED] - Statement - PreSaveFile = new java.io.File(((pathPrefix + java.lang.Integer.toString(counter)) + .png)): null

2018-12-14 01:04:50 - [TEST_STEP][PASSED] - Statement - counter = counter + 1: null

2018-12-14 01:04:50 - [TEST_STEP][PASSED] - Statement - PreSaveFile = new java.io.File(((pathPrefix + java.lang.Integer.toString(counter)) + .png)): null

2018-12-14 01:04:50 - [TEST_STEP][PASSED] - Statement - counter = counter + 1: null

2018-12-14 01:04:50 - [TEST_STEP][PASSED] - Statement - PreSaveFile = new java.io.File(((pathPrefix + java.lang.Integer.toString(counter)) + .png)): null

2018-12-14 01:04:50 - [TEST_STEP][PASSED] - Statement - counter = counter + 1: null

2018-12-14 01:04:50 - [TEST_STEP][PASSED] - Statement - PreSaveFile = new java.io.File(((pathPrefix + java.lang.Integer.toString(counter)) + .png)): null

2018-12-14 01:04:50 - [TEST_STEP][PASSED] - Statement - counter = counter + 1: null

2018-12-14 01:04:50 - [TEST_STEP][PASSED] - Statement - PreSaveFile = new java.io.File(((pathPrefix + java.lang.Integer.toString(counter)) + .png)): null

2018-12-14 01:04:50 - [TEST_STEP][PASSED] - Statement - counter = counter + 1: null

2018-12-14 01:04:50 - [TEST_STEP][PASSED] - Statement - PreSaveFile = new java.io.File(((pathPrefix + java.lang.Integer.toString(counter)) + .png)): null

2018-12-14 01:04:50 - [TEST_STEP][PASSED] - Statement - counter = counter + 1: null

2018-12-14 01:04:50 - [TEST_STEP][PASSED] - Statement - PreSaveFile = new java.io.File(((pathPrefix + java.lang.Integer.toString(counter)) + .png)): null

2018-12-14 01:04:50 - [TEST_STEP][PASSED] - Statement - counter = counter + 1: null

2018-12-14 01:04:50 - [TEST_STEP][PASSED] - Statement - PreSaveFile = new java.io.File(((pathPrefix + java.lang.Integer.toString(counter)) + .png)): null

2018-12-14 01:04:50 - [TEST_STEP][PASSED] - Statement - counter = counter + 1: null

2018-12-14 01:04:50 - [TEST_STEP][PASSED] - Statement - PreSaveFile = new java.io.File(((pathPrefix + java.lang.Integer.toString(counter)) + .png)): null

2018-12-14 01:04:50 - [TEST_STEP][PASSED] - Statement - counter = counter + 1: null

2018-12-14 01:04:50 - [TEST_STEP][PASSED] - Statement - PreSaveFile = new java.io.File(((pathPrefix + java.lang.Integer.toString(counter)) + .png)): null

2018-12-14 01:04:50 - [TEST_STEP][PASSED] - Statement - counter = counter + 1: null

2018-12-14 01:04:50 - [TEST_STEP][PASSED] - Statement - PreSaveFile = new java.io.File(((pathPrefix + java.lang.Integer.toString(counter)) + .png)): null

2018-12-14 01:04:50 - [TEST_STEP][PASSED] - Statement - counter = counter + 1: null

2018-12-14 01:04:50 - [TEST_STEP][PASSED] - Statement - PreSaveFile = new java.io.File(((pathPrefix + java.lang.Integer.toString(counter)) + .png)): null

2018-12-14 01:04:50 - [TEST_STEP][PASSED] - Statement - counter = counter + 1: null

2018-12-14 01:04:50 - [TEST_STEP][PASSED] - Statement - PreSaveFile = new java.io.File(((pathPrefix + java.lang.Integer.toString(counter)) + .png)): null

2018-12-14 01:04:50 - [TEST_STEP][PASSED] - Statement - counter = counter + 1: null

2018-12-14 01:04:50 - [TEST_STEP][PASSED] - Statement - PreSaveFile = new java.io.File(((pathPrefix + java.lang.Integer.toString(counter)) + .png)): null

2018-12-14 01:04:50 - [TEST_STEP][PASSED] - Statement - counter = counter + 1: null

2018-12-14 01:04:50 - [TEST_STEP][PASSED] - Statement - PreSaveFile = new java.io.File(((pathPrefix + java.lang.Integer.toString(counter)) + .png)): null

2018-12-14 01:04:50 - [TEST_STEP][PASSED] - Statement - counter = counter + 1: null

2018-12-14 01:04:50 - [TEST_STEP][PASSED] - Statement - PreSaveFile = new java.io.File(((pathPrefix + java.lang.Integer.toString(counter)) + .png)): null

2018-12-14 01:04:50 - [TEST_STEP][PASSED] - Statement - counter = counter + 1: null

2018-12-14 01:04:50 - [TEST_STEP][PASSED] - Statement - PreSaveFile = new java.io.File(((pathPrefix + java.lang.Integer.toString(counter)) + .png)): null

2018-12-14 01:04:50 - [TEST_STEP][PASSED] - Statement - counter = counter + 1: null

2018-12-14 01:04:50 - [TEST_STEP][PASSED] - Statement - PreSaveFile = new java.io.File(((pathPrefix + java.lang.Integer.toString(counter)) + .png)): null

2018-12-14 01:04:50 - [TEST_STEP][PASSED] - Statement - counter = counter + 1: null

2018-12-14 01:04:50 - [TEST_STEP][PASSED] - Statement - PreSaveFile = new java.io.File(((pathPrefix + java.lang.Integer.toString(counter)) + .png)): null

2018-12-14 01:04:50 - [TEST_STEP][PASSED] - Statement - counter = counter + 1: null

2018-12-14 01:04:50 - [TEST_STEP][PASSED] - Statement - PreSaveFile = new java.io.File(((pathPrefix + java.lang.Integer.toString(counter)) + .png)): null

2018-12-14 01:04:50 - [TEST_STEP][PASSED] - Statement - counter = counter + 1: null

2018-12-14 01:04:50 - [TEST_STEP][PASSED] - Statement - PreSaveFile = new java.io.File(((pathPrefix + java.lang.Integer.toString(counter)) + .png)): null

2018-12-14 01:04:50 - [TEST_STEP][PASSED] - Statement - counter = counter + 1: null

2018-12-14 01:04:50 - [TEST_STEP][PASSED] - Statement - PreSaveFile = new java.io.File(((pathPrefix + java.lang.Integer.toString(counter)) + .png)): null

2018-12-14 01:04:50 - [TEST_STEP][PASSED] - Statement - counter = counter + 1: null

2018-12-14 01:04:50 - [TEST_STEP][PASSED] - Statement - PreSaveFile = new java.io.File(((pathPrefix + java.lang.Integer.toString(counter)) + .png)): null

2018-12-14 01:04:50 - [TEST_STEP][PASSED] - Statement - counter = counter + 1: null

2018-12-14 01:04:50 - [TEST_STEP][PASSED] - Statement - PreSaveFile = new java.io.File(((pathPrefix + java.lang.Integer.toString(counter)) + .png)): null

2018-12-14 01:04:50 - [TEST_STEP][PASSED] - Statement - counter = counter + 1: null

2018-12-14 01:04:50 - [TEST_STEP][PASSED] - Statement - PreSaveFile = new java.io.File(((pathPrefix + java.lang.Integer.toString(counter)) + .png)): null

2018-12-14 01:04:50 - [TEST_STEP][PASSED] - Statement - counter = counter + 1: null

2018-12-14 01:04:50 - [TEST_STEP][PASSED] - Statement - PreSaveFile = new java.io.File(((pathPrefix + java.lang.Integer.toString(counter)) + .png)): null

2018-12-14 01:04:50 - [TEST_STEP][PASSED] - Statement - counter = counter + 1: null

2018-12-14 01:04:50 - [TEST_STEP][PASSED] - Statement - PreSaveFile = new java.io.File(((pathPrefix + java.lang.Integer.toString(counter)) + .png)): null

2018-12-14 01:04:50 - [TEST_STEP][PASSED] - Statement - counter = counter + 1: null

2018-12-14 01:04:50 - [TEST_STEP][PASSED] - Statement - PreSaveFile = new java.io.File(((pathPrefix + java.lang.Integer.toString(counter)) + .png)): null

2018-12-14 01:04:50 - [TEST_STEP][PASSED] - Statement - counter = counter + 1: null

2018-12-14 01:04:50 - [TEST_STEP][PASSED] - Statement - PreSaveFile = new java.io.File(((pathPrefix + java.lang.Integer.toString(counter)) + .png)): null

2018-12-14 01:04:50 - [TEST_STEP][PASSED] - Statement - counter = counter + 1: null

2018-12-14 01:04:50 - [TEST_STEP][PASSED] - Statement - PreSaveFile = new java.io.File(((pathPrefix + java.lang.Integer.toString(counter)) + .png)): null

2018-12-14 01:04:50 - [TEST_STEP][PASSED] - Statement - counter = counter + 1: null

2018-12-14 01:04:50 - [TEST_STEP][PASSED] - Statement - PreSaveFile = new java.io.File(((pathPrefix + java.lang.Integer.toString(counter)) + .png)): null

2018-12-14 01:04:50 - [TEST_STEP][PASSED] - Statement - counter = counter + 1: null

2018-12-14 01:04:50 - [TEST_STEP][PASSED] - Statement - PreSaveFile = new java.io.File(((pathPrefix + java.lang.Integer.toString(counter)) + .png)): null

2018-12-14 01:04:50 - [TEST_STEP][PASSED] - Statement - counter = counter + 1: null

2018-12-14 01:04:50 - [TEST_STEP][PASSED] - Statement - PreSaveFile = new java.io.File(((pathPrefix + java.lang.Integer.toString(counter)) + .png)): null

2018-12-14 01:04:50 - [TEST_STEP][PASSED] - Statement - counter = counter + 1: null

2018-12-14 01:04:50 - [TEST_STEP][PASSED] - Statement - PreSaveFile = new java.io.File(((pathPrefix + java.lang.Integer.toString(counter)) + .png)): null

2018-12-14 01:04:50 - [TEST_STEP][PASSED] - Statement - counter = counter + 1: null

2018-12-14 01:04:50 - [TEST_STEP][PASSED] - Statement - PreSaveFile = new java.io.File(((pathPrefix + java.lang.Integer.toString(counter)) + .png)): null

2018-12-14 01:04:50 - [TEST_STEP][PASSED] - Statement - counter = counter + 1: null

2018-12-14 01:04:50 - [TEST_STEP][PASSED] - Statement - PreSaveFile = new java.io.File(((pathPrefix + java.lang.Integer.toString(counter)) + .png)): null

2018-12-14 01:04:50 - [TEST_STEP][PASSED] - Statement - counter = counter + 1: null

2018-12-14 01:04:50 - [TEST_STEP][PASSED] - Statement - PreSaveFile = new java.io.File(((pathPrefix + java.lang.Integer.toString(counter)) + .png)): null

2018-12-14 01:04:50 - [TEST_STEP][PASSED] - Statement - counter = counter + 1: null

2018-12-14 01:04:50 - [TEST_STEP][PASSED] - Statement - PreSaveFile = new java.io.File(((pathPrefix + java.lang.Integer.toString(counter)) + .png)): null

2018-12-14 01:04:50 - [TEST_STEP][PASSED] - Statement - counter = counter + 1: null

2018-12-14 01:04:50 - [TEST_STEP][PASSED] - Statement - PreSaveFile = new java.io.File(((pathPrefix + java.lang.Integer.toString(counter)) + .png)): null

2018-12-14 01:04:50 - [TEST_STEP][PASSED] - Statement - counter = counter + 1: null

2018-12-14 01:04:50 - [TEST_STEP][PASSED] - Statement - PreSaveFile = new java.io.File(((pathPrefix + java.lang.Integer.toString(counter)) + .png)): null

2018-12-14 01:04:50 - [TEST_STEP][PASSED] - Statement - counter = counter + 1: null

2018-12-14 01:04:50 - [TEST_STEP][PASSED] - Statement - PreSaveFile = new java.io.File(((pathPrefix + java.lang.Integer.toString(counter)) + .png)): null

2018-12-14 01:04:50 - [TEST_STEP][PASSED] - Statement - counter = counter + 1: null

2018-12-14 01:04:50 - [TEST_STEP][PASSED] - Statement - PreSaveFile = new java.io.File(((pathPrefix + java.lang.Integer.toString(counter)) + .png)): null

2018-12-14 01:04:50 - [TEST_STEP][PASSED] - Statement - counter = counter + 1: null

2018-12-14 01:04:50 - [TEST_STEP][PASSED] - Statement - PreSaveFile = new java.io.File(((pathPrefix + java.lang.Integer.toString(counter)) + .png)): null

2018-12-14 01:04:50 - [TEST_STEP][PASSED] - Statement - counter = counter + 1: null

2018-12-14 01:04:50 - [TEST_STEP][PASSED] - Statement - PreSaveFile = new java.io.File(((pathPrefix + java.lang.Integer.toString(counter)) + .png)): null

2018-12-14 01:04:50 - [TEST_STEP][PASSED] - Statement - counter = counter + 1: null

2018-12-14 01:04:50 - [TEST_STEP][PASSED] - Statement - PreSaveFile = new java.io.File(((pathPrefix + java.lang.Integer.toString(counter)) + .png)): null

2018-12-14 01:04:50 - [TEST_STEP][PASSED] - Statement - counter = counter + 1: null

2018-12-14 01:04:50 - [TEST_STEP][PASSED] - Statement - PreSaveFile = new java.io.File(((pathPrefix + java.lang.Integer.toString(counter)) + .png)): null

2018-12-14 01:04:50 - [TEST_STEP][PASSED] - Statement - counter = counter + 1: null

2018-12-14 01:04:50 - [TEST_STEP][PASSED] - Statement - PreSaveFile = new java.io.File(((pathPrefix + java.lang.Integer.toString(counter)) + .png)): null

2018-12-14 01:04:50 - [TEST_STEP][PASSED] - Statement - counter = counter + 1: null

2018-12-14 01:04:50 - [TEST_STEP][PASSED] - Statement - PreSaveFile = new java.io.File(((pathPrefix + java.lang.Integer.toString(counter)) + .png)): null

2018-12-14 01:04:50 - [TEST_STEP][PASSED] - Statement - counter = counter + 1: null

2018-12-14 01:04:50 - [TEST_STEP][PASSED] - Statement - PreSaveFile = new java.io.File(((pathPrefix + java.lang.Integer.toString(counter)) + .png)): null

2018-12-14 01:04:50 - [TEST_STEP][PASSED] - Statement - counter = counter + 1: null

2018-12-14 01:04:50 - [TEST_STEP][PASSED] - Statement - PreSaveFile = new java.io.File(((pathPrefix + java.lang.Integer.toString(counter)) + .png)): null

2018-12-14 01:04:50 - [TEST_STEP][PASSED] - Statement - counter = counter + 1: null

2018-12-14 01:04:50 - [TEST_STEP][PASSED] - Statement - PreSaveFile = new java.io.File(((pathPrefix + java.lang.Integer.toString(counter)) + .png)): null

2018-12-14 01:04:50 - [TEST_STEP][PASSED] - Statement - counter = counter + 1: null

2018-12-14 01:04:50 - [TEST_STEP][PASSED] - Statement - PreSaveFile = new java.io.File(((pathPrefix + java.lang.Integer.toString(counter)) + .png)): null

2018-12-14 01:04:50 - [TEST_STEP][PASSED] - Statement - counter = counter + 1: null

2018-12-14 01:04:50 - [TEST_STEP][PASSED] - Statement - PreSaveFile = new java.io.File(((pathPrefix + java.lang.Integer.toString(counter)) + .png)): null

2018-12-14 01:04:50 - [TEST_STEP][PASSED] - Statement - counter = counter + 1: null

2018-12-14 01:04:50 - [TEST_STEP][PASSED] - Statement - PreSaveFile = new java.io.File(((pathPrefix + java.lang.Integer.toString(counter)) + .png)): null

2018-12-14 01:04:50 - [TEST_STEP][PASSED] - Statement - counter = counter + 1: null

2018-12-14 01:04:50 - [TEST_STEP][PASSED] - Statement - PreSaveFile = new java.io.File(((pathPrefix + java.lang.Integer.toString(counter)) + .png)): null

2018-12-14 01:04:50 - [TEST_STEP][PASSED] - Statement - counter = counter + 1: null

2018-12-14 01:04:50 - [TEST_STEP][PASSED] - Statement - PreSaveFile = new java.io.File(((pathPrefix + java.lang.Integer.toString(counter)) + .png)): null

2018-12-14 01:04:50 - [TEST_STEP][PASSED] - Statement - counter = counter + 1: null

2018-12-14 01:04:50 - [TEST_STEP][PASSED] - Statement - PreSaveFile = new java.io.File(((pathPrefix + java.lang.Integer.toString(counter)) + .png)): null

2018-12-14 01:04:50 - [TEST_STEP][PASSED] - Statement - counter = counter + 1: null

2018-12-14 01:04:50 - [TEST_STEP][PASSED] - Statement - PreSaveFile = new java.io.File(((pathPrefix + java.lang.Integer.toString(counter)) + .png)): null

2018-12-14 01:04:50 - [TEST_STEP][PASSED] - Statement - counter = counter + 1: null

2018-12-14 01:04:50 - [TEST_STEP][PASSED] - Statement - PreSaveFile = new java.io.File(((pathPrefix + java.lang.Integer.toString(counter)) + .png)): null

2018-12-14 01:04:50 - [TEST_STEP][PASSED] - Statement - counter = counter + 1: null

2018-12-14 01:04:50 - [TEST_STEP][PASSED] - Statement - PreSaveFile = new java.io.File(((pathPrefix + java.lang.Integer.toString(counter)) + .png)): null

2018-12-14 01:04:50 - [TEST_STEP][PASSED] - Statement - counter = counter + 1: null

2018-12-14 01:04:50 - [TEST_STEP][PASSED] - Statement - PreSaveFile = new java.io.File(((pathPrefix + java.lang.Integer.toString(counter)) + .png)): null

2018-12-14 01:04:50 - [TEST_STEP][PASSED] - Statement - counter = counter + 1: null

2018-12-14 01:04:50 - [TEST_STEP][PASSED] - Statement - PreSaveFile = new java.io.File(((pathPrefix + java.lang.Integer.toString(counter)) + .png)): null

2018-12-14 01:04:50 - [TEST_STEP][PASSED] - Statement - counter = counter + 1: null

2018-12-14 01:04:50 - [TEST_STEP][PASSED] - Statement - PreSaveFile = new java.io.File(((pathPrefix + java.lang.Integer.toString(counter)) + .png)): null

2018-12-14 01:04:50 - [TEST_STEP][PASSED] - Statement - counter = counter + 1: null

2018-12-14 01:04:50 - [TEST_STEP][PASSED] - Statement - PreSaveFile = new java.io.File(((pathPrefix + java.lang.Integer.toString(counter)) + .png)): null

2018-12-14 01:04:50 - [TEST_STEP][PASSED] - Statement - counter = counter + 1: null

2018-12-14 01:04:50 - [TEST_STEP][PASSED] - Statement - PreSaveFile = new java.io.File(((pathPrefix + java.lang.Integer.toString(counter)) + .png)): null

2018-12-14 01:04:50 - [TEST_STEP][PASSED] - Statement - counter = counter + 1: null

2018-12-14 01:04:50 - [TEST_STEP][PASSED] - Statement - PreSaveFile = new java.io.File(((pathPrefix + java.lang.Integer.toString(counter)) + .png)): null

2018-12-14 01:04:50 - [TEST_STEP][PASSED] - Statement - counter = counter + 1: null

2018-12-14 01:04:50 - [TEST_STEP][PASSED] - Statement - PreSaveFile = new java.io.File(((pathPrefix + java.lang.Integer.toString(counter)) + .png)): null

2018-12-14 01:04:50 - [TEST_STEP][PASSED] - Statement - counter = counter + 1: null

2018-12-14 01:04:50 - [TEST_STEP][PASSED] - Statement - PreSaveFile = new java.io.File(((pathPrefix + java.lang.Integer.toString(counter)) + .png)): null

2018-12-14 01:04:50 - [TEST_STEP][PASSED] - Statement - counter = counter + 1: null

2018-12-14 01:04:50 - [TEST_STEP][PASSED] - Statement - PreSaveFile = new java.io.File(((pathPrefix + java.lang.Integer.toString(counter)) + .png)): null

2018-12-14 01:04:50 - [TEST_STEP][PASSED] - Statement - counter = counter + 1: null

2018-12-14 01:04:50 - [TEST_STEP][PASSED] - Statement - PreSaveFile = new java.io.File(((pathPrefix + java.lang.Integer.toString(counter)) + .png)): null

2018-12-14 01:04:50 - [TEST_STEP][PASSED] - Statement - counter = counter + 1: null

2018-12-14 01:04:50 - [TEST_STEP][PASSED] - Statement - PreSaveFile = new java.io.File(((pathPrefix + java.lang.Integer.toString(counter)) + .png)): null

2018-12-14 01:04:50 - [TEST_STEP][PASSED] - Statement - counter = counter + 1: null

2018-12-14 01:04:50 - [TEST_STEP][PASSED] - Statement - PreSaveFile = new java.io.File(((pathPrefix + java.lang.Integer.toString(counter)) + .png)): null

2018-12-14 01:04:50 - [TEST_STEP][PASSED] - Statement - counter = counter + 1: null

2018-12-14 01:04:50 - [TEST_STEP][PASSED] - Statement - PreSaveFile = new java.io.File(((pathPrefix + java.lang.Integer.toString(counter)) + .png)): null

2018-12-14 01:04:50 - [TEST_STEP][PASSED] - Statement - counter = counter + 1: null

2018-12-14 01:04:50 - [TEST_STEP][PASSED] - Statement - PreSaveFile = new java.io.File(((pathPrefix + java.lang.Integer.toString(counter)) + .png)): null

2018-12-14 01:04:50 - [TEST_STEP][PASSED] - Statement - counter = counter + 1: null

2018-12-14 01:04:50 - [TEST_STEP][PASSED] - Statement - PreSaveFile = new java.io.File(((pathPrefix + java.lang.Integer.toString(counter)) + .png)): null

2018-12-14 01:04:50 - [TEST_STEP][PASSED] - Statement - counter = counter + 1: null

2018-12-14 01:04:50 - [TEST_STEP][PASSED] - Statement - PreSaveFile = new java.io.File(((pathPrefix + java.lang.Integer.toString(counter)) + .png)): null

2018-12-14 01:04:50 - [TEST_STEP][PASSED] - Statement - counter = counter + 1: null

2018-12-14 01:04:50 - [TEST_STEP][PASSED] - Statement - PreSaveFile = new java.io.File(((pathPrefix + java.lang.Integer.toString(counter)) + .png)): null

2018-12-14 01:04:50 - [TEST_STEP][PASSED] - Statement - counter = counter + 1: null

2018-12-14 01:04:50 - [TEST_STEP][PASSED] - Statement - PreSaveFile = new java.io.File(((pathPrefix + java.lang.Integer.toString(counter)) + .png)): null

2018-12-14 01:04:50 - [TEST_STEP][PASSED] - Statement - counter = counter + 1: null

2018-12-14 01:04:50 - [TEST_STEP][PASSED] - Statement - PreSaveFile = new java.io.File(((pathPrefix + java.lang.Integer.toString(counter)) + .png)): null

2018-12-14 01:04:50 - [TEST_STEP][PASSED] - Statement - counter = counter + 1: null

2018-12-14 01:04:50 - [TEST_STEP][PASSED] - Statement - PreSaveFile = new java.io.File(((pathPrefix + java.lang.Integer.toString(counter)) + .png)): null

2018-12-14 01:04:50 - [TEST_STEP][PASSED] - Statement - counter = counter + 1: null

2018-12-14 01:04:50 - [TEST_STEP][PASSED] - Statement - PreSaveFile = new java.io.File(((pathPrefix + java.lang.Integer.toString(counter)) + .png)): null

2018-12-14 01:04:50 - [TEST_STEP][PASSED] - Statement - counter = counter + 1: null

2018-12-14 01:04:50 - [TEST_STEP][PASSED] - Statement - PreSaveFile = new java.io.File(((pathPrefix + java.lang.Integer.toString(counter)) + .png)): null

2018-12-14 01:04:50 - [TEST_STEP][PASSED] - Statement - counter = counter + 1: null

2018-12-14 01:04:50 - [TEST_STEP][PASSED] - Statement - PreSaveFile = new java.io.File(((pathPrefix + java.lang.Integer.toString(counter)) + .png)): null

2018-12-14 01:04:50 - [TEST_STEP][PASSED] - Statement - counter = counter + 1: null

2018-12-14 01:04:50 - [TEST_STEP][PASSED] - Statement - PreSaveFile = new java.io.File(((pathPrefix + java.lang.Integer.toString(counter)) + .png)): null

2018-12-14 01:04:50 - [TEST_STEP][PASSED] - Statement - counter = counter + 1: null

2018-12-14 01:04:50 - [TEST_STEP][PASSED] - Statement - PreSaveFile = new java.io.File(((pathPrefix + java.lang.Integer.toString(counter)) + .png)): null

2018-12-14 01:04:50 - [TEST_STEP][PASSED] - Statement - counter = counter + 1: null

2018-12-14 01:04:50 - [TEST_STEP][PASSED] - Statement - PreSaveFile = new java.io.File(((pathPrefix + java.lang.Integer.toString(counter)) + .png)): null

2018-12-14 01:04:50 - [TEST_STEP][PASSED] - Statement - counter = counter + 1: null

2018-12-14 01:04:50 - [TEST_STEP][PASSED] - Statement - PreSaveFile = new java.io.File(((pathPrefix + java.lang.Integer.toString(counter)) + .png)): null

2018-12-14 01:04:50 - [TEST_STEP][PASSED] - Statement - counter = counter + 1: null

2018-12-14 01:04:50 - [TEST_STEP][PASSED] - Statement - PreSaveFile = new java.io.File(((pathPrefix + java.lang.Integer.toString(counter)) + .png)): null

2018-12-14 01:04:50 - [TEST_STEP][PASSED] - Statement - counter = counter + 1: null

2018-12-14 01:04:50 - [TEST_STEP][PASSED] - Statement - PreSaveFile = new java.io.File(((pathPrefix + java.lang.Integer.toString(counter)) + .png)): null

2018-12-14 01:04:50 - [TEST_STEP][PASSED] - Statement - counter = counter + 1: null

2018-12-14 01:04:50 - [TEST_STEP][PASSED] - Statement - PreSaveFile = new java.io.File(((pathPrefix + java.lang.Integer.toString(counter)) + .png)): null

2018-12-14 01:04:50 - [TEST_STEP][PASSED] - Statement - counter = counter + 1: null

2018-12-14 01:04:50 - [TEST_STEP][PASSED] - Statement - PreSaveFile = new java.io.File(((pathPrefix + java.lang.Integer.toString(counter)) + .png)): null

2018-12-14 01:04:50 - [TEST_STEP][PASSED] - Statement - counter = counter + 1: null

2018-12-14 01:04:50 - [TEST_STEP][PASSED] - Statement - PreSaveFile = new java.io.File(((pathPrefix + java.lang.Integer.toString(counter)) + .png)): null

2018-12-14 01:04:50 - [TEST_STEP][PASSED] - Statement - counter = counter + 1: null

2018-12-14 01:04:50 - [TEST_STEP][PASSED] - Statement - PreSaveFile = new java.io.File(((pathPrefix + java.lang.Integer.toString(counter)) + .png)): null

2018-12-14 01:04:50 - [TEST_STEP][PASSED] - Statement - counter = counter + 1: null

2018-12-14 01:04:50 - [TEST_STEP][PASSED] - Statement - PreSaveFile = new java.io.File(((pathPrefix + java.lang.Integer.toString(counter)) + .png)): null

2018-12-14 01:04:50 - [TEST_STEP][PASSED] - Statement - counter = counter + 1: null

2018-12-14 01:04:50 - [TEST_STEP][PASSED] - Statement - PreSaveFile = new java.io.File(((pathPrefix + java.lang.Integer.toString(counter)) + .png)): null

2018-12-14 01:04:50 - [TEST_STEP][PASSED] - Statement - counter = counter + 1: null

2018-12-14 01:04:50 - [TEST_STEP][PASSED] - Statement - PreSaveFile = new java.io.File(((pathPrefix + java.lang.Integer.toString(counter)) + .png)): null

2018-12-14 01:04:50 - [TEST_STEP][PASSED] - Statement - counter = counter + 1: null

2018-12-14 01:04:50 - [TEST_STEP][PASSED] - Statement - PreSaveFile = new java.io.File(((pathPrefix + java.lang.Integer.toString(counter)) + .png)): null

2018-12-14 01:04:50 - [TEST_STEP][PASSED] - Statement - counter = counter + 1: null

2018-12-14 01:04:50 - [TEST_STEP][PASSED] - Statement - PreSaveFile = new java.io.File(((pathPrefix + java.lang.Integer.toString(counter)) + .png)): null

2018-12-14 01:04:50 - [TEST_STEP][PASSED] - Statement - counter = counter + 1: null

2018-12-14 01:04:50 - [TEST_STEP][PASSED] - Statement - PreSaveFile = new java.io.File(((pathPrefix + java.lang.Integer.toString(counter)) + .png)): null

2018-12-14 01:04:50 - [TEST_STEP][PASSED] - Statement - counter = counter + 1: null

2018-12-14 01:04:50 - [TEST_STEP][PASSED] - Statement - PreSaveFile = new java.io.File(((pathPrefix + java.lang.Integer.toString(counter)) + .png)): null

2018-12-14 01:04:50 - [TEST_STEP][PASSED] - Statement - counter = counter + 1: null

2018-12-14 01:04:50 - [TEST_STEP][PASSED] - Statement - PreSaveFile = new java.io.File(((pathPrefix + java.lang.Integer.toString(counter)) + .png)): null

2018-12-14 01:04:50 - [TEST_STEP][PASSED] - Statement - counter = counter + 1: null

2018-12-14 01:04:50 - [TEST_STEP][PASSED] - Statement - PreSaveFile = new java.io.File(((pathPrefix + java.lang.Integer.toString(counter)) + .png)): null

2018-12-14 01:04:50 - [TEST_STEP][PASSED] - Statement - counter = counter + 1: null

2018-12-14 01:04:50 - [TEST_STEP][PASSED] - Statement - PreSaveFile = new java.io.File(((pathPrefix + java.lang.Integer.toString(counter)) + .png)): null

2018-12-14 01:04:50 - [TEST_STEP][PASSED] - Statement - counter = counter + 1: null

2018-12-14 01:04:50 - [TEST_STEP][PASSED] - Statement - PreSaveFile = new java.io.File(((pathPrefix + java.lang.Integer.toString(counter)) + .png)): null

2018-12-14 01:04:50 - [TEST_STEP][PASSED] - Statement - counter = counter + 1: null

2018-12-14 01:04:50 - [TEST_STEP][PASSED] - Statement - PreSaveFile = new java.io.File(((pathPrefix + java.lang.Integer.toString(counter)) + .png)): null

2018-12-14 01:04:50 - [TEST_STEP][PASSED] - Statement - counter = counter + 1: null

2018-12-14 01:04:50 - [TEST_STEP][PASSED] - Statement - PreSaveFile = new java.io.File(((pathPrefix + java.lang.Integer.toString(counter)) + .png)): null

2018-12-14 01:04:50 - [TEST_STEP][PASSED] - Statement - counter = counter + 1: null

2018-12-14 01:04:50 - [TEST_STEP][PASSED] - Statement - PreSaveFile = new java.io.File(((pathPrefix + java.lang.Integer.toString(counter)) + .png)): null

2018-12-14 01:04:50 - [TEST_STEP][PASSED] - Statement - counter = counter + 1: null

2018-12-14 01:04:50 - [TEST_STEP][PASSED] - Statement - PreSaveFile = new java.io.File(((pathPrefix + java.lang.Integer.toString(counter)) + .png)): null

2018-12-14 01:04:50 - [TEST_STEP][PASSED] - Statement - counter = counter + 1: null

2018-12-14 01:04:50 - [TEST_STEP][PASSED] - Statement - PreSaveFile = new java.io.File(((pathPrefix + java.lang.Integer.toString(counter)) + .png)): null

2018-12-14 01:04:50 - [TEST_STEP][PASSED] - Statement - counter = counter + 1: null

2018-12-14 01:04:50 - [TEST_STEP][PASSED] - Statement - PreSaveFile = new java.io.File(((pathPrefix + java.lang.Integer.toString(counter)) + .png)): null

2018-12-14 01:04:50 - [TEST_STEP][PASSED] - Statement - counter = counter + 1: null

2018-12-14 01:04:50 - [TEST_STEP][PASSED] - Statement - PreSaveFile = new java.io.File(((pathPrefix + java.lang.Integer.toString(counter)) + .png)): null

2018-12-14 01:04:50 - [TEST_STEP][PASSED] - Statement - counter = counter + 1: null

2018-12-14 01:04:50 - [TEST_STEP][PASSED] - Statement - PreSaveFile = new java.io.File(((pathPrefix + java.lang.Integer.toString(counter)) + .png)): null

2018-12-14 01:04:50 - [TEST_STEP][PASSED] - Statement - counter = counter + 1: null

2018-12-14 01:04:50 - [TEST_STEP][PASSED] - Statement - PreSaveFile = new java.io.File(((pathPrefix + java.lang.Integer.toString(counter)) + .png)): null

2018-12-14 01:04:50 - [TEST_STEP][PASSED] - Statement - counter = counter + 1: null

2018-12-14 01:04:50 - [TEST_STEP][PASSED] - Statement - PreSaveFile = new java.io.File(((pathPrefix + java.lang.Integer.toString(counter)) + .png)): null

2018-12-14 01:04:50 - [TEST_STEP][PASSED] - Statement - counter = counter + 1: null

2018-12-14 01:04:50 - [TEST_STEP][PASSED] - Statement - PreSaveFile = new java.io.File(((pathPrefix + java.lang.Integer.toString(counter)) + .png)): null

2018-12-14 01:04:50 - [TEST_STEP][PASSED] - Statement - counter = counter + 1: null

2018-12-14 01:04:50 - [TEST_STEP][PASSED] - Statement - PreSaveFile = new java.io.File(((pathPrefix + java.lang.Integer.toString(counter)) + .png)): null

2018-12-14 01:04:50 - [TEST_STEP][PASSED] - Statement - counter = counter + 1: null

2018-12-14 01:04:50 - [TEST_STEP][PASSED] - Statement - PreSaveFile = new java.io.File(((pathPrefix + java.lang.Integer.toString(counter)) + .png)): null

2018-12-14 01:04:50 - [TEST_STEP][PASSED] - Statement - counter = counter + 1: null

2018-12-14 01:04:50 - [TEST_STEP][PASSED] - Statement - PreSaveFile = new java.io.File(((pathPrefix + java.lang.Integer.toString(counter)) + .png)): null

2018-12-14 01:04:50 - [TEST_STEP][PASSED] - Statement - counter = counter + 1: null

2018-12-14 01:04:50 - [TEST_STEP][PASSED] - Statement - PreSaveFile = new java.io.File(((pathPrefix + java.lang.Integer.toString(counter)) + .png)): null

2018-12-14 01:04:50 - [TEST_STEP][PASSED] - Statement - counter = counter + 1: null

2018-12-14 01:04:50 - [TEST_STEP][PASSED] - Statement - PreSaveFile = new java.io.File(((pathPrefix + java.lang.Integer.toString(counter)) + .png)): null

2018-12-14 01:04:50 - [TEST_STEP][PASSED] - Statement - counter = counter + 1: null

2018-12-14 01:04:50 - [TEST_STEP][PASSED] - Statement - PreSaveFile = new java.io.File(((pathPrefix + java.lang.Integer.toString(counter)) + .png)): null

2018-12-14 01:04:50 - [TEST_STEP][PASSED] - Statement - counter = counter + 1: null

2018-12-14 01:04:50 - [TEST_STEP][PASSED] - Statement - PreSaveFile = new java.io.File(((pathPrefix + java.lang.Integer.toString(counter)) + .png)): null

2018-12-14 01:04:50 - [TEST_STEP][PASSED] - Statement - counter = counter + 1: null

2018-12-14 01:04:50 - [TEST_STEP][PASSED] - Statement - PreSaveFile = new java.io.File(((pathPrefix + java.lang.Integer.toString(counter)) + .png)): null

2018-12-14 01:04:50 - [TEST_STEP][PASSED] - Statement - counter = counter + 1: null

2018-12-14 01:04:50 - [TEST_STEP][PASSED] - Statement - PreSaveFile = new java.io.File(((pathPrefix + java.lang.Integer.toString(counter)) + .png)): null

2018-12-14 01:04:50 - [TEST_STEP][PASSED] - Statement - counter = counter + 1: null

2018-12-14 01:04:50 - [TEST_STEP][PASSED] - Statement - PreSaveFile = new java.io.File(((pathPrefix + java.lang.Integer.toString(counter)) + .png)): null

2018-12-14 01:04:50 - [TEST_STEP][PASSED] - Statement - counter = counter + 1: null

2018-12-14 01:04:50 - [TEST_STEP][PASSED] - Statement - PreSaveFile = new java.io.File(((pathPrefix + java.lang.Integer.toString(counter)) + .png)): null

2018-12-14 01:04:50 - [TEST_STEP][PASSED] - Statement - counter = counter + 1: null

2018-12-14 01:04:50 - [TEST_STEP][PASSED] - Statement - PreSaveFile = new java.io.File(((pathPrefix + java.lang.Integer.toString(counter)) + .png)): null

2018-12-14 01:04:50 - [TEST_STEP][PASSED] - Statement - counter = counter + 1: null

2018-12-14 01:04:50 - [TEST_STEP][PASSED] - Statement - PreSaveFile = new java.io.File(((pathPrefix + java.lang.Integer.toString(counter)) + .png)): null

2018-12-14 01:04:50 - [TEST_STEP][PASSED] - Statement - counter = counter + 1: null

2018-12-14 01:04:50 - [TEST_STEP][PASSED] - Statement - PreSaveFile = new java.io.File(((pathPrefix + java.lang.Integer.toString(counter)) + .png)): null

2018-12-14 01:04:50 - [TEST_STEP][PASSED] - Statement - counter = counter + 1: null

2018-12-14 01:04:50 - [TEST_STEP][PASSED] - Statement - PreSaveFile = new java.io.File(((pathPrefix + java.lang.Integer.toString(counter)) + .png)): null

2018-12-14 01:04:50 - [TEST_STEP][PASSED] - Statement - counter = counter + 1: null

2018-12-14 01:04:50 - [TEST_STEP][PASSED] - Statement - PreSaveFile = new java.io.File(((pathPrefix + java.lang.Integer.toString(counter)) + .png)): null

2018-12-14 01:04:50 - [TEST_STEP][PASSED] - Statement - counter = counter + 1: null

2018-12-14 01:04:50 - [TEST_STEP][PASSED] - Statement - PreSaveFile = new java.io.File(((pathPrefix + java.lang.Integer.toString(counter)) + .png)): null

2018-12-14 01:04:50 - [TEST_STEP][PASSED] - Statement - counter = counter + 1: null

2018-12-14 01:04:50 - [TEST_STEP][PASSED] - Statement - PreSaveFile = new java.io.File(((pathPrefix + java.lang.Integer.toString(counter)) + .png)): null

2018-12-14 01:04:50 - [TEST_STEP][PASSED] - Statement - counter = counter + 1: null

2018-12-14 01:04:50 - [TEST_STEP][PASSED] - Statement - PreSaveFile = new java.io.File(((pathPrefix + java.lang.Integer.toString(counter)) + .png)): null

2018-12-14 01:04:50 - [TEST_STEP][PASSED] - Statement - counter = counter + 1: null

2018-12-14 01:04:50 - [TEST_STEP][PASSED] - Statement - PreSaveFile = new java.io.File(((pathPrefix + java.lang.Integer.toString(counter)) + .png)): null

2018-12-14 01:04:50 - [TEST_STEP][PASSED] - Statement - counter = counter + 1: null

2018-12-14 01:04:50 - [TEST_STEP][PASSED] - Statement - PreSaveFile = new java.io.File(((pathPrefix + java.lang.Integer.toString(counter)) + .png)): null

2018-12-14 01:04:50 - [TEST_STEP][PASSED] - Statement - counter = counter + 1: null

2018-12-14 01:04:50 - [TEST_STEP][PASSED] - Statement - PreSaveFile = new java.io.File(((pathPrefix + java.lang.Integer.toString(counter)) + .png)): null

2018-12-14 01:04:50 - [TEST_STEP][PASSED] - Statement - counter = counter + 1: null

2018-12-14 01:04:50 - [TEST_STEP][PASSED] - Statement - PreSaveFile = new java.io.File(((pathPrefix + java.lang.Integer.toString(counter)) + .png)): null

2018-12-14 01:04:50 - [TEST_STEP][PASSED] - Statement - counter = counter + 1: null

2018-12-14 01:04:50 - [TEST_STEP][PASSED] - Statement - PreSaveFile = new java.io.File(((pathPrefix + java.lang.Integer.toString(counter)) + .png)): null

2018-12-14 01:04:50 - [TEST_STEP][PASSED] - Statement - counter = counter + 1: null

2018-12-14 01:04:50 - [TEST_STEP][PASSED] - Statement - PreSaveFile = new java.io.File(((pathPrefix + java.lang.Integer.toString(counter)) + .png)): null

2018-12-14 01:04:50 - [TEST_STEP][PASSED] - Statement - counter = counter + 1: null

2018-12-14 01:04:50 - [TEST_STEP][PASSED] - Statement - PreSaveFile = new java.io.File(((pathPrefix + java.lang.Integer.toString(counter)) + .png)): null

2018-12-14 01:04:50 - [TEST_STEP][PASSED] - Statement - counter = counter + 1: null

2018-12-14 01:04:50 - [TEST_STEP][PASSED] - Statement - PreSaveFile = new java.io.File(((pathPrefix + java.lang.Integer.toString(counter)) + .png)): null

2018-12-14 01:04:50 - [TEST_STEP][PASSED] - Statement - counter = counter + 1: null

2018-12-14 01:04:50 - [TEST_STEP][PASSED] - Statement - PreSaveFile = new java.io.File(((pathPrefix + java.lang.Integer.toString(counter)) + .png)): null

2018-12-14 01:04:50 - [TEST_STEP][PASSED] - Statement - counter = counter + 1: null

2018-12-14 01:04:50 - [TEST_STEP][PASSED] - Statement - PreSaveFile = new java.io.File(((pathPrefix + java.lang.Integer.toString(counter)) + .png)): null

2018-12-14 01:04:50 - [TEST_STEP][PASSED] - Statement - counter = counter + 1: null

2018-12-14 01:04:50 - [TEST_STEP][PASSED] - Statement - PreSaveFile = new java.io.File(((pathPrefix + java.lang.Integer.toString(counter)) + .png)): null

2018-12-14 01:04:50 - [TEST_STEP][PASSED] - Statement - counter = counter + 1: null

2018-12-14 01:04:50 - [TEST_STEP][PASSED] - Statement - PreSaveFile = new java.io.File(((pathPrefix + java.lang.Integer.toString(counter)) + .png)): null

2018-12-14 01:04:50 - [TEST_STEP][PASSED] - Statement - counter = counter + 1: null

2018-12-14 01:04:50 - [TEST_STEP][PASSED] - Statement - PreSaveFile = new java.io.File(((pathPrefix + java.lang.Integer.toString(counter)) + .png)): null

2018-12-14 01:04:50 - [TEST_STEP][PASSED] - Statement - counter = counter + 1: null

2018-12-14 01:04:50 - [TEST_STEP][PASSED] - Statement - PreSaveFile = new java.io.File(((pathPrefix + java.lang.Integer.toString(counter)) + .png)): null

2018-12-14 01:04:50 - [TEST_STEP][PASSED] - Statement - counter = counter + 1: null

2018-12-14 01:04:50 - [TEST_STEP][PASSED] - Statement - PreSaveFile = new java.io.File(((pathPrefix + java.lang.Integer.toString(counter)) + .png)): null

2018-12-14 01:04:50 - [TEST_STEP][PASSED] - Statement - counter = counter + 1: null

2018-12-14 01:04:50 - [TEST_STEP][PASSED] - Statement - PreSaveFile = new java.io.File(((pathPrefix + java.lang.Integer.toString(counter)) + .png)): null

2018-12-14 01:04:50 - [TEST_STEP][PASSED] - Statement - counter = counter + 1: null

2018-12-14 01:04:50 - [TEST_STEP][PASSED] - Statement - PreSaveFile = new java.io.File(((pathPrefix + java.lang.Integer.toString(counter)) + .png)): null

2018-12-14 01:04:50 - [TEST_STEP][PASSED] - Statement - counter = counter + 1: null

2018-12-14 01:04:50 - [TEST_STEP][PASSED] - Statement - PreSaveFile = new java.io.File(((pathPrefix + java.lang.Integer.toString(counter)) + .png)): null

2018-12-14 01:04:50 - [TEST_STEP][PASSED] - Statement - counter = counter + 1: null

2018-12-14 01:04:50 - [TEST_STEP][PASSED] - Statement - PreSaveFile = new java.io.File(((pathPrefix + java.lang.Integer.toString(counter)) + .png)): null

2018-12-14 01:04:50 - [TEST_STEP][PASSED] - Statement - counter = counter + 1: null

2018-12-14 01:04:50 - [TEST_STEP][PASSED] - Statement - PreSaveFile = new java.io.File(((pathPrefix + java.lang.Integer.toString(counter)) + .png)): null

2018-12-14 01:04:50 - [TEST_STEP][PASSED] - Statement - counter = counter + 1: null

2018-12-14 01:04:50 - [TEST_STEP][PASSED] - Statement - PreSaveFile = new java.io.File(((pathPrefix + java.lang.Integer.toString(counter)) + .png)): null

2018-12-14 01:04:50 - [TEST_STEP][PASSED] - Statement - counter = counter + 1: null

2018-12-14 01:04:50 - [TEST_STEP][PASSED] - Statement - PreSaveFile = new java.io.File(((pathPrefix + java.lang.Integer.toString(counter)) + .png)): null

2018-12-14 01:04:50 - [TEST_STEP][PASSED] - Statement - counter = counter + 1: null

2018-12-14 01:04:50 - [TEST_STEP][PASSED] - Statement - PreSaveFile = new java.io.File(((pathPrefix + java.lang.Integer.toString(counter)) + .png)): null

2018-12-14 01:04:50 - [TEST_STEP][PASSED] - Statement - counter = counter + 1: null

2018-12-14 01:04:50 - [TEST_STEP][PASSED] - Statement - PreSaveFile = new java.io.File(((pathPrefix + java.lang.Integer.toString(counter)) + .png)): null

2018-12-14 01:04:50 - [TEST_STEP][PASSED] - Statement - counter = counter + 1: null

2018-12-14 01:04:50 - [TEST_STEP][PASSED] - Statement - PreSaveFile = new java.io.File(((pathPrefix + java.lang.Integer.toString(counter)) + .png)): null

2018-12-14 01:04:50 - [TEST_STEP][PASSED] - Statement - counter = counter + 1: null

2018-12-14 01:04:50 - [TEST_STEP][PASSED] - Statement - PreSaveFile = new java.io.File(((pathPrefix + java.lang.Integer.toString(counter)) + .png)): null

2018-12-14 01:04:50 - [TEST_STEP][PASSED] - Statement - counter = counter + 1: null

2018-12-14 01:04:50 - [TEST_STEP][PASSED] - Statement - PreSaveFile = new java.io.File(((pathPrefix + java.lang.Integer.toString(counter)) + .png)): null

2018-12-14 01:04:50 - [TEST_STEP][PASSED] - Statement - counter = counter + 1: null

2018-12-14 01:04:50 - [TEST_STEP][PASSED] - Statement - PreSaveFile = new java.io.File(((pathPrefix + java.lang.Integer.toString(counter)) + .png)): null

2018-12-14 01:04:50 - [TEST_STEP][PASSED] - Statement - counter = counter + 1: null

2018-12-14 01:04:50 - [TEST_STEP][PASSED] - Statement - PreSaveFile = new java.io.File(((pathPrefix + java.lang.Integer.toString(counter)) + .png)): null

2018-12-14 01:04:50 - [TEST_STEP][PASSED] - Statement - finalPath = pathPrefix + java.lang.Integer.toString(counter) + ".png": null

2018-12-14 01:04:50 - [TEST_STEP][PASSED] - Statement - SaveFile = new java.io.File(finalPath): null

2018-12-14 01:04:50 - [TEST_STEP][PASSED] - Statement - Try: null

2018-12-14 01:04:50 - [TEST_STEP][PASSED] - Statement - org.apache.commons.io.FileUtils.copyFile(scrFile, SaveFile): null

2018-12-14 01:04:50 - [TEST_STEP][PASSED] - Statement - out.println("file kept"): null

2018-12-14 01:04:50 - [TEST_STEP][PASSED] - delay: Delayed 10 second(s)

2018-12-14 01:05:00 - [MESSAGE][PASSED] - Delayed 10 second(s)

2018-12-14 01:05:00 - [MESSAGE][PASSED] - Call Test Case 'Test Cases/Final Aug 2018 - PKS Automation/Common/Screenshoting tool' successfully

2018-12-14 01:05:00 - [TEST_STEP][PASSED] - callTestCase: Call Test Case 'Test Cases/Final Aug 2018 - PKS Automation/Registration Module/Log Out/log out avoiding katalon tagging' successfully

2018-12-14 01:05:00 - [TEST_CASE][PASSED] - Test Cases/Final Aug 2018 - PKS Automation/Registration Module/Log Out/log out avoiding katalon tagging: Test Cases/Final Aug 2018 - PKS Automation/Registration Module/Log Out/log out avoiding katalon tagging

2018-12-14 01:05:00 - [TEST_STEP][PASSED] - navigateToUrl: Navigate to 'https://assist2-uat.perkeso.gov.my/c/portal/logout' successfully

2018-12-14 01:05:01 - [MESSAGE][PASSED] - Navigate to 'https://assist2-uat.perkeso.gov.my/c/portal/logout' successfully

2018-12-14 01:05:01 - [MESSAGE][PASSED] - Call Test Case 'Test Cases/Final Aug 2018 - PKS Automation/Registration Module/Log Out/log out avoiding katalon tagging' successfully

2018-12-14 01:05:01 - [TEST_STEP][PASSED] - delay: Delayed 4 second(s)

2018-12-14 01:05:05 - [MESSAGE][PASSED] - Delayed 4 second(s)

2018-12-14 01:05:05 - [TEST_STEP][PASSED] - setText: Text 'klpkrbo2@gmail.com' is set on object 'Object Repository/Final Object Repo/Login Page/Internal User/Email Address'

2018-12-14 01:05:06 - [MESSAGE][PASSED] - Text 'klpkrbo2@gmail.com' is set on object 'Object Repository/Final Object Repo/Login Page/Internal User/Email Address'

2018-12-14 01:05:06 - [TEST_STEP][PASSED] - click: Object: 'Object Repository/Final Object Repo/Login Page/Internal User/Next Button' is clicked on

2018-12-14 01:05:06 - [MESSAGE][PASSED] - Object: 'Object Repository/Final Object Repo/Login Page/Internal User/Next Button' is clicked on

2018-12-14 01:05:06 - [TEST_STEP][PASSED] - delay: Delayed 2 second(s)

2018-12-14 01:05:08 - [MESSAGE][PASSED] - Delayed 2 second(s)

2018-12-14 01:05:08 - [TEST_STEP][PASSED] - setText: Text 'Test1@3456789' is set on object 'Object Repository/Final Object Repo/Login Page/Internal User/Password'

2018-12-14 01:05:08 - [MESSAGE][PASSED] - Text 'Test1@3456789' is set on object 'Object Repository/Final Object Repo/Login Page/Internal User/Password'

2018-12-14 01:05:08 - [TEST_STEP][PASSED] - delay: Delayed 2 second(s)

2018-12-14 01:05:10 - [MESSAGE][PASSED] - Delayed 2 second(s)

2018-12-14 01:05:10 - [TEST_STEP][PASSED] - click: Object: 'Object Repository/Final Object Repo/Login Page/Internal User/Login Button' is clicked on

2018-12-14 01:05:10 - [MESSAGE][PASSED] - Object: 'Object Repository/Final Object Repo/Login Page/Internal User/Login Button' is clicked on

2018-12-14 01:05:10 - [TEST_STEP][PASSED] - delay: Delayed 4 second(s)

2018-12-14 01:05:14 - [MESSAGE][PASSED] - Delayed 4 second(s)

2018-12-14 01:05:14 - [TEST_STEP][PASSED] - Statement - Try: Delayed 2 second(s)

2018-12-14 01:05:14 - [TEST_STEP][PASSED] - Statement - Checker = false: null

2018-12-14 01:05:14 - [TEST_STEP][PASSED] - Statement - Checker = com.kms.katalon.core.webui.keyword.WebUiBuiltInKeywords.verifyElementHasAttribute(com.kms.katalon.core.testobject.ObjectRepository.findTestObject(Final Object Repo/Landing Page/BM Detecting), "href", 20, OPTIONAL): Object 'Object Repository/Final Object Repo/Landing Page/BM Detecting' has attribute 'href'

2018-12-14 01:05:14 - [MESSAGE][PASSED] - Object 'Object Repository/Final Object Repo/Landing Page/BM Detecting' has attribute 'href'

2018-12-14 01:05:14 - [TEST_STEP][PASSED] - Statement - out.println(Checker): null

2018-12-14 01:05:14 - [TEST_STEP][PASSED] - Statement - If (Checker == false): null

2018-12-14 01:05:14 - [TEST_STEP][PASSED] - Statement - Else: null

2018-12-14 01:05:14 - [TEST_STEP][PASSED] - delay: Delayed 2 second(s)

2018-12-14 01:05:16 - [MESSAGE][PASSED] - Delayed 2 second(s)

2018-12-14 01:05:16 - [TEST_STEP][PASSED] - delay: Delayed 4 second(s)

2018-12-14 01:05:20 - [MESSAGE][PASSED] - Delayed 4 second(s)

2018-12-14 01:05:20 - [TEST_STEP][PASSED] - click: Object: 'Object Repository/Final Object Repo/Landing Page/My Sites Drop Down' is clicked on

2018-12-14 01:05:20 - [MESSAGE][PASSED] - Object: 'Object Repository/Final Object Repo/Landing Page/My Sites Drop Down' is clicked on

2018-12-14 01:05:20 - [TEST_STEP][PASSED] - click: Object: 'Object Repository/Final Object Repo/Landing Page/Select to Registration Module' is clicked on

2018-12-14 01:05:21 - [MESSAGE][PASSED] - Object: 'Object Repository/Final Object Repo/Landing Page/Select to Registration Module' is clicked on

2018-12-14 01:05:21 - [TEST_STEP][PASSED] - delay: Delayed 2 second(s)

2018-12-14 01:05:23 - [MESSAGE][PASSED] - Delayed 2 second(s)

2018-12-14 01:05:23 - [TEST_STEP][PASSED] - mouseOver: Object: 'Object Repository/Final Object Repo/Page_Update Add New Employee - ASSIST/Hover Over Search Drop Down' is hovered

2018-12-14 01:05:24 - [MESSAGE][PASSED] - Object: 'Object Repository/Final Object Repo/Page_Update Add New Employee - ASSIST/Hover Over Search Drop Down' is hovered

2018-12-14 01:05:24 - [TEST_STEP][PASSED] - click: Object: 'Object Repository/Final Object Repo/Page_Update Add New Employee - ASSIST/Select Search Pending Case' is clicked on

2018-12-14 01:05:24 - [MESSAGE][PASSED] - Object: 'Object Repository/Final Object Repo/Page_Update Add New Employee - ASSIST/Select Search Pending Case' is clicked on

2018-12-14 01:05:24 - [TEST_STEP][PASSED] - click: Object: 'Object Repository/Final Object Repo/Page_Update Add New Employee - ASSIST/Select Searching Method (Employer Code)' is clicked on

2018-12-14 01:05:24 - [MESSAGE][PASSED] - Object: 'Object Repository/Final Object Repo/Page_Update Add New Employee - ASSIST/Select Searching Method (Employer Code)' is clicked on

2018-12-14 01:05:24 - [TEST_STEP][PASSED] - click: Object: 'Object Repository/Final Object Repo/Page_Update Add New Employee - ASSIST/Select Searching Method to Reference ID' is clicked on

2018-12-14 01:05:25 - [MESSAGE][PASSED] - Object: 'Object Repository/Final Object Repo/Page_Update Add New Employee - ASSIST/Select Searching Method to Reference ID' is clicked on

2018-12-14 01:05:25 - [TEST_STEP][PASSED] - setText: Text 'CAN12201800002350' is set on object 'Object Repository/Final Object Repo/Page_Update Add New Employee - ASSIST/Pending Case Ref NO'

2018-12-14 01:05:25 - [MESSAGE][PASSED] - Text 'CAN12201800002350' is set on object 'Object Repository/Final Object Repo/Page_Update Add New Employee - ASSIST/Pending Case Ref NO'

2018-12-14 01:05:25 - [TEST_STEP][PASSED] - click: Object: 'Object Repository/Final Object Repo/Page_Update Add New Employee - ASSIST/Search Pending Case Based on Ref No' is clicked on

2018-12-14 01:05:25 - [MESSAGE][PASSED] - Object: 'Object Repository/Final Object Repo/Page_Update Add New Employee - ASSIST/Search Pending Case Based on Ref No' is clicked on

2018-12-14 01:05:25 - [TEST_STEP][PASSED] - click: Object: 'Object Repository/Final Object Repo/Page_Update Add New Employee - ASSIST/Action Button after found case' is clicked on

2018-12-14 01:05:29 - [MESSAGE][PASSED] - Object: 'Object Repository/Final Object Repo/Page_Update Add New Employee - ASSIST/Action Button after found case' is clicked on

2018-12-14 01:05:29 - [TEST_STEP][PASSED] - click: Object: 'Object Repository/Final Object Repo/Page_Update Add New Employee - ASSIST/Next Button in Pending Case First Page' is clicked on

2018-12-14 01:05:30 - [MESSAGE][PASSED] - Object: 'Object Repository/Final Object Repo/Page_Update Add New Employee - ASSIST/Next Button in Pending Case First Page' is clicked on

2018-12-14 01:05:30 - [TEST_STEP][PASSED] - click: Object: 'Object Repository/Final Object Repo/Page_Update Add New Employee - ASSIST/Next Button in Third Screen' is clicked on

2018-12-14 01:05:33 - [MESSAGE][PASSED] - Object: 'Object Repository/Final Object Repo/Page_Update Add New Employee - ASSIST/Next Button in Third Screen' is clicked on

2018-12-14 01:05:33 - [TEST_STEP][PASSED] - click: Object: 'Object Repository/Final Object Repo/Page_Update Add New Employee - ASSIST/Add Document for Pending Case' is clicked on

2018-12-14 01:05:33 - [MESSAGE][PASSED] - Object: 'Object Repository/Final Object Repo/Page_Update Add New Employee - ASSIST/Add Document for Pending Case' is clicked on

2018-12-14 01:05:33 - [TEST_STEP][PASSED] - delay: Delayed 10 second(s)

2018-12-14 01:05:43 - [MESSAGE][PASSED] - Delayed 10 second(s)

2018-12-14 01:05:43 - [TEST_STEP][PASSED] - click: Object: 'Object Repository/Final Object Repo/Page_Update Add New Employee - ASSIST/Upload Pending Doc - Please Select' is clicked on

2018-12-14 01:05:43 - [MESSAGE][PASSED] - Object: 'Object Repository/Final Object Repo/Page_Update Add New Employee - ASSIST/Upload Pending Doc - Please Select' is clicked on

2018-12-14 01:05:43 - [TEST_STEP][PASSED] - click: Object: 'Object Repository/Final Object Repo/Page_Update Add New Employee - ASSIST/Select to Others to Upload' is clicked on

2018-12-14 01:05:43 - [MESSAGE][PASSED] - Object: 'Object Repository/Final Object Repo/Page_Update Add New Employee - ASSIST/Select to Others to Upload' is clicked on

2018-12-14 01:05:43 - [TEST_STEP][PASSED] - uploadFile: File 'C:\Users\Public\Pictures\Sample Pictures\Koala.jpg' sent to object: 'Object Repository/Final Object Repo/Page_Update Add New Employee - ASSIST/Uploading Pending Case Action'

2018-12-14 01:05:44 - [MESSAGE][PASSED] - File 'C:\Users\Public\Pictures\Sample Pictures\Koala.jpg' sent to object: 'Object Repository/Final Object Repo/Page_Update Add New Employee - ASSIST/Uploading Pending Case Action'

2018-12-14 01:05:44 - [TEST_STEP][PASSED] - click: Object: 'Object Repository/Final Object Repo/Page_Update Add New Employee - ASSIST/Inner form Add Document Button Pending Case' is clicked on

2018-12-14 01:05:44 - [MESSAGE][PASSED] - Object: 'Object Repository/Final Object Repo/Page_Update Add New Employee - ASSIST/Inner form Add Document Button Pending Case' is clicked on

2018-12-14 01:05:44 - [TEST_STEP][PASSED] - delay: Delayed 2 second(s)

2018-12-14 01:05:46 - [MESSAGE][PASSED] - Delayed 2 second(s)

2018-12-14 01:05:46 - [TEST_STEP][PASSED] - click: Object: 'Object Repository/Final Object Repo/Page_Update Add New Employee - ASSIST/Pending Case Exit' is clicked on

2018-12-14 01:05:49 - [MESSAGE][PASSED] - Object: 'Object Repository/Final Object Repo/Page_Update Add New Employee - ASSIST/Pending Case Exit' is clicked on

2018-12-14 01:05:49 - [TEST_STEP][PASSED] - callTestCase: Call Test Case 'Test Cases/Final Aug 2018 - PKS Automation/Registration Module/Log Out/log out avoiding katalon tagging' successfully

2018-12-14 01:05:49 - [TEST_CASE][PASSED] - Test Cases/Final Aug 2018 - PKS Automation/Registration Module/Log Out/log out avoiding katalon tagging: Test Cases/Final Aug 2018 - PKS Automation/Registration Module/Log Out/log out avoiding katalon tagging

2018-12-14 01:05:49 - [TEST_STEP][PASSED] - navigateToUrl: Navigate to 'https://assist2-uat.perkeso.gov.my/c/portal/logout' successfully

2018-12-14 01:05:50 - [MESSAGE][PASSED] - Navigate to 'https://assist2-uat.perkeso.gov.my/c/portal/logout' successfully

2018-12-14 01:05:50 - [MESSAGE][PASSED] - Call Test Case 'Test Cases/Final Aug 2018 - PKS Automation/Registration Module/Log Out/log out avoiding katalon tagging' successfully

2018-12-14 01:05:50 - [TEST_STEP][PASSED] - callTestCase: Call Test Case 'Test Cases/Final Aug 2018 - PKS Automation/Common/Workflow Owner Finder' successfully

2018-12-14 01:05:50 - [TEST_CASE][PASSED] - Test Cases/Final Aug 2018 - PKS Automation/Common/Workflow Owner Finder: Test Cases/Final Aug 2018 - PKS Automation/Common/Workflow Owner Finder

2018-12-14 01:05:50 - [TEST_STEP][PASSED] - openBrowser: Browser is opened with url: ''

2018-12-14 01:05:50 - [MESSAGE][WARNING] - A browser is already opened. Closing browser and opening a new one

2018-12-14 01:05:53 - [MESSAGE][PASSED] - Browser is opened with url: ''

2018-12-14 01:05:53 - [TEST_STEP][PASSED] - navigateToUrl: Navigate to 'https://assist2-uat.perkeso.gov.my/login' successfully

2018-12-14 01:05:55 - [MESSAGE][PASSED] - Navigate to 'https://assist2-uat.perkeso.gov.my/login' successfully

2018-12-14 01:05:55 - [TEST_STEP][PASSED] - delay: Delayed 5 second(s)

2018-12-14 01:06:00 - [MESSAGE][PASSED] - Delayed 5 second(s)

2018-12-14 01:06:00 - [TEST_STEP][PASSED] - setText: Text 'test@liferay.com' is set on object 'Object Repository/Final Object Repo/Login Page/Internal User/Email Address'

2018-12-14 01:06:00 - [MESSAGE][PASSED] - Text 'test@liferay.com' is set on object 'Object Repository/Final Object Repo/Login Page/Internal User/Email Address'

2018-12-14 01:06:00 - [TEST_STEP][PASSED] - click: Object: 'Object Repository/Final Object Repo/Login Page/Internal User/Next Button' is clicked on

2018-12-14 01:06:00 - [MESSAGE][PASSED] - Object: 'Object Repository/Final Object Repo/Login Page/Internal User/Next Button' is clicked on

2018-12-14 01:06:00 - [TEST_STEP][PASSED] - delay: Delayed 2 second(s)

2018-12-14 01:06:02 - [MESSAGE][PASSED] - Delayed 2 second(s)

2018-12-14 01:06:02 - [TEST_STEP][PASSED] - setText: Text 'test' is set on object 'Object Repository/Final Object Repo/Login Page/Internal User/Password'

2018-12-14 01:06:02 - [MESSAGE][PASSED] - Text 'test' is set on object 'Object Repository/Final Object Repo/Login Page/Internal User/Password'

2018-12-14 01:06:02 - [TEST_STEP][PASSED] - delay: Delayed 2 second(s)

2018-12-14 01:06:04 - [MESSAGE][PASSED] - Delayed 2 second(s)

2018-12-14 01:06:04 - [TEST_STEP][PASSED] - click: Object: 'Object Repository/Final Object Repo/Login Page/Internal User/Login Button' is clicked on

2018-12-14 01:06:04 - [MESSAGE][PASSED] - Object: 'Object Repository/Final Object Repo/Login Page/Internal User/Login Button' is clicked on

2018-12-14 01:06:04 - [TEST_STEP][PASSED] - Statement - tester = com.kms.katalon.core.testobject.ObjectRepository.findTestObject(Final Object Repo/Landing Page/Select to English): Finding Test Object with id 'Object Repository/Final Object Repo/Landing Page/Select to English'

2018-12-14 01:06:04 - [TEST_STEP][PASSED] - Statement - Try: Delayed 2 second(s)

2018-12-14 01:06:04 - [TEST_STEP][PASSED] - Statement - Checker = com.kms.katalon.core.webui.keyword.WebUiBuiltInKeywords.verifyElementNotPresent(tester, 3): Web element with id: 'Object Repository/Final Object Repo/Landing Page/Select to English' located by 'By.xpath: //a[@class = 'taglib-language-list-text' and @lang = 'en-US' and (contains(text(), 'EN') or contains(., 'EN'))]' is not present after '3' second(s)

2018-12-14 01:06:06 - [MESSAGE][PASSED] - Web element with id: 'Object Repository/Final Object Repo/Landing Page/Select to English' located by 'By.xpath: //a[@class = 'taglib-language-list-text' and @lang = 'en-US' and (contains(text(), 'EN') or contains(., 'EN'))]' is not present after '3' second(s)

2018-12-14 01:06:06 - [TEST_STEP][PASSED] - Statement - If (Checker == false): null

2018-12-14 01:06:06 - [TEST_STEP][PASSED] - delay: Delayed 2 second(s)

2018-12-14 01:06:08 - [MESSAGE][PASSED] - Delayed 2 second(s)

2018-12-14 01:06:08 - [TEST_STEP][PASSED] - delay: Delayed 5 second(s)

2018-12-14 01:06:13 - [MESSAGE][PASSED] - Delayed 5 second(s)

2018-12-14 01:06:13 - [TEST_STEP][PASSED] - mouseOver: Object: 'Object Repository/Final Object Repo/Landing Page/WorkFlow Menu' is hovered

2018-12-14 01:06:13 - [MESSAGE][PASSED] - Object: 'Object Repository/Final Object Repo/Landing Page/WorkFlow Menu' is hovered

2018-12-14 01:06:13 - [TEST_STEP][PASSED] - delay: Delayed 2 second(s)

2018-12-14 01:06:15 - [MESSAGE][PASSED] - Delayed 2 second(s)

2018-12-14 01:06:15 - [TEST_STEP][PASSED] - click: Object: 'Object Repository/Final Object Repo/Landing Page/Select to Workflow Listing' is clicked on

2018-12-14 01:06:16 - [MESSAGE][PASSED] - Object: 'Object Repository/Final Object Repo/Landing Page/Select to Workflow Listing' is clicked on

2018-12-14 01:06:16 - [TEST_STEP][PASSED] - delay: Delayed 2 second(s)

2018-12-14 01:06:18 - [MESSAGE][PASSED] - Delayed 2 second(s)

2018-12-14 01:06:18 - [TEST_STEP][PASSED] - click: Object: 'Object Repository/Final Object Repo/WorkFlow Listing Page/Search Information - To Put Ref No' is clicked on

2018-12-14 01:06:19 - [MESSAGE][PASSED] - Object: 'Object Repository/Final Object Repo/WorkFlow Listing Page/Search Information - To Put Ref No' is clicked on

2018-12-14 01:06:19 - [TEST_STEP][PASSED] - delay: Delayed 2 second(s)

2018-12-14 01:06:21 - [MESSAGE][PASSED] - Delayed 2 second(s)

2018-12-14 01:06:21 - [TEST_STEP][PASSED] - callTestCase: Call Test Case 'Test Cases/Final Aug 2018 - PKS Automation/Common/Reference Number Getter' successfully

2018-12-14 01:06:21 - [TEST_CASE][PASSED] - Test Cases/Final Aug 2018 - PKS Automation/Common/Reference Number Getter: Test Cases/Final Aug 2018 - PKS Automation/Common/Reference Number Getter

2018-12-14 01:06:21 - [TEST_STEP][PASSED] - Statement - Try: null

2018-12-14 01:06:21 - [TEST_STEP][PASSED] - Statement - RefNo = new java.io.File(C://Users//Admin//Desktop//PKS//Automation Reference Point//KatalonReference.txt): null

2018-12-14 01:06:21 - [TEST_STEP][PASSED] - Statement - bufferread = new java.io.BufferedReader(new java.io.FileReader(RefNo)): null

2018-12-14 01:06:21 - [TEST_STEP][PASSED] - Statement - readedVal = bufferread.readLine(): null

2018-12-14 01:06:21 - [TEST_STEP][PASSED] - Statement - out.println(CaseReferenceNo): null

2018-12-14 01:06:21 - [TEST_STEP][PASSED] - Statement - out.println(readedVal): null

2018-12-14 01:06:21 - [TEST_STEP][PASSED] - Statement - CaseReferenceNo = "": null

2018-12-14 01:06:21 - [TEST_STEP][PASSED] - Statement - CaseReferenceNo = readedVal: null

2018-12-14 01:06:21 - [MESSAGE][PASSED] - Call Test Case 'Test Cases/Final Aug 2018 - PKS Automation/Common/Reference Number Getter' successfully

2018-12-14 01:06:21 - [TEST_STEP][PASSED] - setText: Text 'CAN12201800002350' is set on object 'Object Repository/Final Object Repo/WorkFlow Listing Page/Ref No Set Text'

2018-12-14 01:06:21 - [MESSAGE][PASSED] - Text 'CAN12201800002350' is set on object 'Object Repository/Final Object Repo/WorkFlow Listing Page/Ref No Set Text'

2018-12-14 01:06:21 - [TEST_STEP][PASSED] - delay: Delayed 2 second(s)

2018-12-14 01:06:23 - [MESSAGE][PASSED] - Delayed 2 second(s)

2018-12-14 01:06:23 - [TEST_STEP][PASSED] - click: Object: 'Object Repository/Final Object Repo/WorkFlow Listing Page/Search Ref No Search Button' is clicked on

2018-12-14 01:06:23 - [MESSAGE][PASSED] - Object: 'Object Repository/Final Object Repo/WorkFlow Listing Page/Search Ref No Search Button' is clicked on

2018-12-14 01:06:23 - [TEST_STEP][PASSED] - delay: Delayed 6 second(s)

2018-12-14 01:06:29 - [MESSAGE][PASSED] - Delayed 6 second(s)

2018-12-14 01:06:29 - [TEST_STEP][PASSED] - click: Object: 'Object Repository/Final Object Repo/WorkFlow Listing Page/Click Continue Tooltip' is clicked on

2018-12-14 01:06:30 - [MESSAGE][PASSED] - Object: 'Object Repository/Final Object Repo/WorkFlow Listing Page/Click Continue Tooltip' is clicked on

2018-12-14 01:06:30 - [TEST_STEP][PASSED] - delay: Delayed 5 second(s)

2018-12-14 01:06:35 - [MESSAGE][PASSED] - Delayed 5 second(s)

2018-12-14 01:06:35 - [TEST_STEP][PASSED] - doubleClick: Object: 'Object Repository/Final Object Repo/WorkFlow Listing Page/Workflow Found - Listing 1' is double clicked on

2018-12-14 01:06:35 - [MESSAGE][PASSED] - Object: 'Object Repository/Final Object Repo/WorkFlow Listing Page/Workflow Found - Listing 1' is double clicked on

2018-12-14 01:06:35 - [TEST_STEP][PASSED] - Statement - println(OwnerID): null

2018-12-14 01:06:35 - [TEST_STEP][PASSED] - Statement - OwnerID = com.kms.katalon.core.webui.keyword.WebUiBuiltInKeywords.getText(com.kms.katalon.core.testobject.ObjectRepository.findTestObject(Final Object Repo/WorkFlow Listing Page/Workflow Found - Listing 1), STOP_ON_FAILURE): Text of object 'Object Repository/Final Object Repo/WorkFlow Listing Page/Workflow Found - Listing 1' is: 'JOHORro1'

2018-12-14 01:06:35 - [MESSAGE][PASSED] - Text of object 'Object Repository/Final Object Repo/WorkFlow Listing Page/Workflow Found - Listing 1' is: 'JOHORro1'

2018-12-14 01:06:35 - [TEST_STEP][PASSED] - Statement - OwnerID = OwnerID.toLowerCase() + "@gmail.com": null

2018-12-14 01:06:35 - [TEST_STEP][PASSED] - Statement - println(OwnerID): null

2018-12-14 01:06:35 - [TEST_STEP][PASSED] - delay: Delayed 2 second(s)

2018-12-14 01:06:37 - [MESSAGE][PASSED] - Delayed 2 second(s)

2018-12-14 01:06:37 - [MESSAGE][PASSED] - Call Test Case 'Test Cases/Final Aug 2018 - PKS Automation/Common/Workflow Owner Finder' successfully

2018-12-14 01:06:37 - [TEST_STEP][PASSED] - callTestCase: Call Test Case 'Test Cases/Final Aug 2018 - PKS Automation/Registration Module/Log Out/log out avoiding katalon tagging' successfully

2018-12-14 01:06:38 - [TEST_CASE][PASSED] - Test Cases/Final Aug 2018 - PKS Automation/Registration Module/Log Out/log out avoiding katalon tagging: Test Cases/Final Aug 2018 - PKS Automation/Registration Module/Log Out/log out avoiding katalon tagging

2018-12-14 01:06:38 - [TEST_STEP][PASSED] - navigateToUrl: Navigate to 'https://assist2-uat.perkeso.gov.my/c/portal/logout' successfully

2018-12-14 01:06:38 - [MESSAGE][PASSED] - Navigate to 'https://assist2-uat.perkeso.gov.my/c/portal/logout' successfully

2018-12-14 01:06:38 - [MESSAGE][PASSED] - Call Test Case 'Test Cases/Final Aug 2018 - PKS Automation/Registration Module/Log Out/log out avoiding katalon tagging' successfully

2018-12-14 01:06:38 - [TEST_STEP][PASSED] - delay: Delayed 2 second(s)

2018-12-14 01:06:40 - [MESSAGE][PASSED] - Delayed 2 second(s)

2018-12-14 01:06:40 - [TEST_STEP][PASSED] - setText: Text 'johorro1@gmail.com' is set on object 'Object Repository/Final Object Repo/Page_Update Add New Employee - ASSIST/Email TextBox'

2018-12-14 01:06:41 - [MESSAGE][PASSED] - Text 'johorro1@gmail.com' is set on object 'Object Repository/Final Object Repo/Page_Update Add New Employee - ASSIST/Email TextBox'

2018-12-14 01:06:41 - [TEST_STEP][PASSED] - click: Object: 'Object Repository/Final Object Repo/Page_Update Add New Employee - ASSIST/Next Button' is clicked on

2018-12-14 01:06:41 - [MESSAGE][PASSED] - Object: 'Object Repository/Final Object Repo/Page_Update Add New Employee - ASSIST/Next Button' is clicked on

2018-12-14 01:06:41 - [TEST_STEP][PASSED] - delay: Delayed 2 second(s)

2018-12-14 01:06:43 - [MESSAGE][PASSED] - Delayed 2 second(s)

2018-12-14 01:06:43 - [TEST_STEP][PASSED] - setText: Text 'Test1@3456789' is set on object 'Object Repository/Final Object Repo/Page_Update Add New Employee - ASSIST/Password TextBox'

2018-12-14 01:06:43 - [MESSAGE][PASSED] - Text 'Test1@3456789' is set on object 'Object Repository/Final Object Repo/Page_Update Add New Employee - ASSIST/Password TextBox'

2018-12-14 01:06:43 - [TEST_STEP][PASSED] - delay: Delayed 2 second(s)

2018-12-14 01:06:45 - [MESSAGE][PASSED] - Delayed 2 second(s)

2018-12-14 01:06:45 - [TEST_STEP][PASSED] - click: Object: 'Object Repository/Final Object Repo/Page_Update Add New Employee - ASSIST/Login Button' is clicked on

2018-12-14 01:06:45 - [MESSAGE][PASSED] - Object: 'Object Repository/Final Object Repo/Page_Update Add New Employee - ASSIST/Login Button' is clicked on

2018-12-14 01:06:45 - [TEST_STEP][PASSED] - delay: Delayed 4 second(s)

2018-12-14 01:06:49 - [MESSAGE][PASSED] - Delayed 4 second(s)

2018-12-14 01:06:49 - [TEST_STEP][PASSED] - Statement - Try: Delayed 2 second(s)

2018-12-14 01:06:49 - [TEST_STEP][PASSED] - Statement - Checker = false: null

2018-12-14 01:06:49 - [TEST_STEP][PASSED] - Statement - Checker = com.kms.katalon.core.webui.keyword.WebUiBuiltInKeywords.verifyElementHasAttribute(com.kms.katalon.core.testobject.ObjectRepository.findTestObject(Final Object Repo/Landing Page/BM Detecting), "href", 20, OPTIONAL): Object 'Object Repository/Final Object Repo/Landing Page/BM Detecting' has attribute 'href'

2018-12-14 01:06:49 - [MESSAGE][PASSED] - Object 'Object Repository/Final Object Repo/Landing Page/BM Detecting' has attribute 'href'

2018-12-14 01:06:49 - [TEST_STEP][PASSED] - Statement - out.println(Checker): null

2018-12-14 01:06:49 - [TEST_STEP][PASSED] - Statement - If (Checker == false): null

2018-12-14 01:06:49 - [TEST_STEP][PASSED] - Statement - Else: null

2018-12-14 01:06:49 - [TEST_STEP][PASSED] - delay: Delayed 2 second(s)

2018-12-14 01:06:51 - [MESSAGE][PASSED] - Delayed 2 second(s)

2018-12-14 01:06:51 - [TEST_STEP][PASSED] - delay: Delayed 4 second(s)

2018-12-14 01:06:55 - [MESSAGE][PASSED] - Delayed 4 second(s)

2018-12-14 01:06:55 - [TEST_STEP][PASSED] - click: Object: 'Object Repository/Final Object Repo/New Registration - Registration Module Pages/New Reg - OTC to RO/Special Case - All Related Objects/Expand to Search' is clicked on

2018-12-14 01:06:55 - [MESSAGE][PASSED] - Object: 'Object Repository/Final Object Repo/New Registration - Registration Module Pages/New Reg - OTC to RO/Special Case - All Related Objects/Expand to Search' is clicked on

2018-12-14 01:06:55 - [TEST_STEP][FAILED] - setText: Unable to set text 'CAN12201800002350' of object 'Object Repository/Final Object Repo/New Registration - Registration Module Pages/New Reg - OTC to RO/Special Case - All Related Objects/TextBox RefNo in Workbasket' (Root cause: org.openqa.selenium.ElementNotVisibleException: element not interactable
  (Session info: chrome=70.0.3538.110)
  (Driver info: chromedriver=2.43.600210 (68dcf5eebde37173d4027fa8635e332711d2874a),platform=Windows NT 6.1.7601 SP1 x86_64) (WARNING: The server did not provide any stacktrace information)
Command duration or timeout: 0 milliseconds
Build info: version: '3.7.1', revision: '8a0099a', time: '2017-11-06T21:07:36.161Z'
System info: host: 'WIN7TEST02', ip: '10.20.3.72', os.name: 'Windows 7', os.arch: 'amd64', os.version: '6.1', java.version: '1.8.0_181'
Driver info: com.kms.katalon.selenium.driver.CChromeDriver
Capabilities {acceptInsecureCerts: false, acceptSslCerts: false, applicationCacheEnabled: false, browserConnectionEnabled: false, browserName: chrome, chrome: {chromedriverVersion: 2.43.600210 (68dcf5eebde371..., userDataDir: C:\Users\Admin\AppData\Loca...}, cssSelectorsEnabled: true, databaseEnabled: false, goog:chromeOptions: {debuggerAddress: localhost:63398}, handlesAlerts: true, hasTouchScreen: false, javascriptEnabled: true, locationContextEnabled: true, mobileEmulationEnabled: false, nativeEvents: true, networkConnectionEnabled: false, pageLoadStrategy: normal, platform: XP, platformName: XP, rotatable: false, setWindowRect: true, takesHeapSnapshot: true, takesScreenshot: true, unexpectedAlertBehaviour: , unhandledPromptBehavior: , version: 70.0.3538.110, webStorageEnabled: true}
Session ID: 6822dbe55f4b104c542910faf862c606)

2018-12-14 01:06:56 - [MESSAGE][FAILED] - Unable to set text 'CAN12201800002350' of object 'Object Repository/Final Object Repo/New Registration - Registration Module Pages/New Reg - OTC to RO/Special Case - All Related Objects/TextBox RefNo in Workbasket' (Root cause: org.openqa.selenium.ElementNotVisibleException: element not interactable
  (Session info: chrome=70.0.3538.110)
  (Driver info: chromedriver=2.43.600210 (68dcf5eebde37173d4027fa8635e332711d2874a),platform=Windows NT 6.1.7601 SP1 x86_64) (WARNING: The server did not provide any stacktrace information)
Command duration or timeout: 0 milliseconds
Build info: version: '3.7.1', revision: '8a0099a', time: '2017-11-06T21:07:36.161Z'
System info: host: 'WIN7TEST02', ip: '10.20.3.72', os.name: 'Windows 7', os.arch: 'amd64', os.version: '6.1', java.version: '1.8.0_181'
Driver info: com.kms.katalon.selenium.driver.CChromeDriver
Capabilities {acceptInsecureCerts: false, acceptSslCerts: false, applicationCacheEnabled: false, browserConnectionEnabled: false, browserName: chrome, chrome: {chromedriverVersion: 2.43.600210 (68dcf5eebde371..., userDataDir: C:\Users\Admin\AppData\Loca...}, cssSelectorsEnabled: true, databaseEnabled: false, goog:chromeOptions: {debuggerAddress: localhost:63398}, handlesAlerts: true, hasTouchScreen: false, javascriptEnabled: true, locationContextEnabled: true, mobileEmulationEnabled: false, nativeEvents: true, networkConnectionEnabled: false, pageLoadStrategy: normal, platform: XP, platformName: XP, rotatable: false, setWindowRect: true, takesHeapSnapshot: true, takesScreenshot: true, unexpectedAlertBehaviour: , unhandledPromptBehavior: , version: 70.0.3538.110, webStorageEnabled: true}
Session ID: 6822dbe55f4b104c542910faf862c606)
[[ATTACHMENT|C:\\Users\\Admin\\Desktop\\PKS\\Perkeso Phase A\\Reports\\Workflow\\Update Add New Employee\\20181213_225844\\1544720816094.png]]

2018-12-14 01:06:56 - [TEST_STEP][PASSED] - delay: Delayed 2 second(s)

2018-12-14 01:06:58 - [MESSAGE][PASSED] - Delayed 2 second(s)

2018-12-14 01:06:58 - [TEST_STEP][PASSED] - click: Object: 'Object Repository/Final Object Repo/New Registration - Registration Module Pages/New Reg - OTC to RO/Special Case - All Related Objects/Click Search' is clicked on

2018-12-14 01:06:58 - [MESSAGE][PASSED] - Object: 'Object Repository/Final Object Repo/New Registration - Registration Module Pages/New Reg - OTC to RO/Special Case - All Related Objects/Click Search' is clicked on

2018-12-14 01:06:58 - [TEST_STEP][PASSED] - delay: Delayed 2 second(s)

2018-12-14 01:07:00 - [MESSAGE][PASSED] - Delayed 2 second(s)

2018-12-14 01:07:00 - [TEST_STEP][PASSED] - click: Object: 'Object Repository/Final Object Repo/New Registration - Registration Module Pages/New Reg - OTC to RO/Special Case - All Related Objects/Click to Continue Workflow' is clicked on

2018-12-14 01:07:04 - [MESSAGE][PASSED] - Object: 'Object Repository/Final Object Repo/New Registration - Registration Module Pages/New Reg - OTC to RO/Special Case - All Related Objects/Click to Continue Workflow' is clicked on

2018-12-14 01:07:04 - [TEST_STEP][PASSED] - delay: Delayed 2 second(s)

2018-12-14 01:07:06 - [MESSAGE][PASSED] - Delayed 2 second(s)

2018-12-14 01:07:06 - [TEST_STEP][PASSED] - click: Object: 'Object Repository/Final Object Repo/New Registration - Registration Module Pages/New Reg - OTC to RO/Special Case - All Related Objects/Continue Button in verifying case' is clicked on

2018-12-14 01:07:10 - [MESSAGE][PASSED] - Object: 'Object Repository/Final Object Repo/New Registration - Registration Module Pages/New Reg - OTC to RO/Special Case - All Related Objects/Continue Button in verifying case' is clicked on

2018-12-14 01:07:10 - [TEST_STEP][PASSED] - delay: Delayed 2 second(s)

2018-12-14 01:07:12 - [MESSAGE][PASSED] - Delayed 2 second(s)

2018-12-14 01:07:12 - [TEST_STEP][PASSED] - click: Object: 'Object Repository/Final Object Repo/Page_Update Add New Employee - ASSIST/Save  Continue Button' is clicked on

2018-12-14 01:07:12 - [MESSAGE][PASSED] - Object: 'Object Repository/Final Object Repo/Page_Update Add New Employee - ASSIST/Save  Continue Button' is clicked on

2018-12-14 01:07:12 - [TEST_STEP][PASSED] - delay: Delayed 4 second(s)

2018-12-14 01:07:16 - [MESSAGE][PASSED] - Delayed 4 second(s)

2018-12-14 01:07:16 - [TEST_STEP][PASSED] - click: Object: 'Object Repository/Final Object Repo/Page_Update Add New Employee - ASSIST/Save  Continue Third Screen' is clicked on

2018-12-14 01:07:19 - [MESSAGE][PASSED] - Object: 'Object Repository/Final Object Repo/Page_Update Add New Employee - ASSIST/Save  Continue Third Screen' is clicked on

2018-12-14 01:07:19 - [TEST_STEP][PASSED] - delay: Delayed 4 second(s)

2018-12-14 01:07:23 - [MESSAGE][PASSED] - Delayed 4 second(s)

2018-12-14 01:07:23 - [TEST_STEP][PASSED] - click: Object: 'Object Repository/Final Object Repo/Page_Update Add New Employee - ASSIST/Save   Continue Supporting Doc Page' is clicked on

2018-12-14 01:07:23 - [MESSAGE][PASSED] - Object: 'Object Repository/Final Object Repo/Page_Update Add New Employee - ASSIST/Save   Continue Supporting Doc Page' is clicked on

2018-12-14 01:07:23 - [TEST_STEP][PASSED] - delay: Delayed 4 second(s)

2018-12-14 01:07:27 - [MESSAGE][PASSED] - Delayed 4 second(s)

2018-12-14 01:07:27 - [TEST_STEP][PASSED] - click: Object: 'Object Repository/Final Object Repo/Page_Update Add New Employee - ASSIST/Submit Button' is clicked on

2018-12-14 01:07:27 - [MESSAGE][PASSED] - Object: 'Object Repository/Final Object Repo/Page_Update Add New Employee - ASSIST/Submit Button' is clicked on

2018-12-14 01:07:27 - [TEST_STEP][PASSED] - delay: Delayed 4 second(s)

2018-12-14 01:07:31 - [MESSAGE][PASSED] - Delayed 4 second(s)

2018-12-14 01:07:31 - [TEST_STEP][PASSED] - click: Object: 'Object Repository/Final Object Repo/Page_Update Add New Employee - ASSIST/Confirm Submit Button' is clicked on

2018-12-14 01:07:31 - [MESSAGE][PASSED] - Object: 'Object Repository/Final Object Repo/Page_Update Add New Employee - ASSIST/Confirm Submit Button' is clicked on

2018-12-14 01:07:31 - [TEST_STEP][PASSED] - delay: Delayed 30 second(s)

2018-12-14 01:08:01 - [MESSAGE][PASSED] - Delayed 30 second(s)

2018-12-14 01:08:01 - [TEST_STEP][PASSED] - callTestCase: Call Test Case 'Test Cases/Final Aug 2018 - PKS Automation/Common/Screenshoting tool' successfully

2018-12-14 01:08:01 - [TEST_CASE][PASSED] - Test Cases/Final Aug 2018 - PKS Automation/Common/Screenshoting tool: Test Cases/Final Aug 2018 - PKS Automation/Common/Screenshoting tool

2018-12-14 01:08:01 - [TEST_STEP][PASSED] - delay: Delayed 15 second(s)

2018-12-14 01:08:16 - [MESSAGE][PASSED] - Delayed 15 second(s)

2018-12-14 01:08:16 - [TEST_STEP][PASSED] - Statement - driver = com.kms.katalon.core.webui.driver.DriverFactory.getWebDriver(): null

2018-12-14 01:08:16 - [TEST_STEP][PASSED] - Statement - driver.manage().timeouts().implicitlyWait(10, SECONDS): null

2018-12-14 01:08:16 - [TEST_STEP][PASSED] - Statement - PresavePath = KatalonScreenshots: null

2018-12-14 01:08:16 - [TEST_STEP][PASSED] - Statement - pathPrefix = "C:\Users\Public\Pictures\Sample Pictures\Katalon Screenshots\Automate Ending Screen": null

2018-12-14 01:08:16 - [TEST_STEP][PASSED] - Statement - finalPath = <not implemented yet for class: org.codehaus.groovy.ast.expr.EmptyExpression>: null

2018-12-14 01:08:16 - [TEST_STEP][PASSED] - Statement - scrFile = driver.getScreenshotAs(FILE): null

2018-12-14 01:08:17 - [TEST_STEP][PASSED] - Statement - PreSaveFile = new java.io.File(PresavePath): null

2018-12-14 01:08:17 - [TEST_STEP][PASSED] - Statement - counter = 0: null

2018-12-14 01:08:17 - [TEST_STEP][PASSED] - Statement - If (PreSaveFile.exists()): null

2018-12-14 01:08:17 - [TEST_STEP][PASSED] - Statement - While (PreSaveFile.exists()): null

2018-12-14 01:08:17 - [TEST_STEP][PASSED] - Statement - counter = counter + 1: null

2018-12-14 01:08:17 - [TEST_STEP][PASSED] - Statement - PreSaveFile = new java.io.File(((pathPrefix + java.lang.Integer.toString(counter)) + .png)): null

2018-12-14 01:08:17 - [TEST_STEP][PASSED] - Statement - counter = counter + 1: null

2018-12-14 01:08:17 - [TEST_STEP][PASSED] - Statement - PreSaveFile = new java.io.File(((pathPrefix + java.lang.Integer.toString(counter)) + .png)): null

2018-12-14 01:08:17 - [TEST_STEP][PASSED] - Statement - counter = counter + 1: null

2018-12-14 01:08:17 - [TEST_STEP][PASSED] - Statement - PreSaveFile = new java.io.File(((pathPrefix + java.lang.Integer.toString(counter)) + .png)): null

2018-12-14 01:08:17 - [TEST_STEP][PASSED] - Statement - counter = counter + 1: null

2018-12-14 01:08:17 - [TEST_STEP][PASSED] - Statement - PreSaveFile = new java.io.File(((pathPrefix + java.lang.Integer.toString(counter)) + .png)): null

2018-12-14 01:08:17 - [TEST_STEP][PASSED] - Statement - counter = counter + 1: null

2018-12-14 01:08:17 - [TEST_STEP][PASSED] - Statement - PreSaveFile = new java.io.File(((pathPrefix + java.lang.Integer.toString(counter)) + .png)): null

2018-12-14 01:08:17 - [TEST_STEP][PASSED] - Statement - counter = counter + 1: null

2018-12-14 01:08:17 - [TEST_STEP][PASSED] - Statement - PreSaveFile = new java.io.File(((pathPrefix + java.lang.Integer.toString(counter)) + .png)): null

2018-12-14 01:08:17 - [TEST_STEP][PASSED] - Statement - counter = counter + 1: null

2018-12-14 01:08:17 - [TEST_STEP][PASSED] - Statement - PreSaveFile = new java.io.File(((pathPrefix + java.lang.Integer.toString(counter)) + .png)): null

2018-12-14 01:08:17 - [TEST_STEP][PASSED] - Statement - counter = counter + 1: null

2018-12-14 01:08:17 - [TEST_STEP][PASSED] - Statement - PreSaveFile = new java.io.File(((pathPrefix + java.lang.Integer.toString(counter)) + .png)): null

2018-12-14 01:08:17 - [TEST_STEP][PASSED] - Statement - counter = counter + 1: null

2018-12-14 01:08:17 - [TEST_STEP][PASSED] - Statement - PreSaveFile = new java.io.File(((pathPrefix + java.lang.Integer.toString(counter)) + .png)): null

2018-12-14 01:08:17 - [TEST_STEP][PASSED] - Statement - counter = counter + 1: null

2018-12-14 01:08:17 - [TEST_STEP][PASSED] - Statement - PreSaveFile = new java.io.File(((pathPrefix + java.lang.Integer.toString(counter)) + .png)): null

2018-12-14 01:08:17 - [TEST_STEP][PASSED] - Statement - counter = counter + 1: null

2018-12-14 01:08:17 - [TEST_STEP][PASSED] - Statement - PreSaveFile = new java.io.File(((pathPrefix + java.lang.Integer.toString(counter)) + .png)): null

2018-12-14 01:08:17 - [TEST_STEP][PASSED] - Statement - counter = counter + 1: null

2018-12-14 01:08:17 - [TEST_STEP][PASSED] - Statement - PreSaveFile = new java.io.File(((pathPrefix + java.lang.Integer.toString(counter)) + .png)): null

2018-12-14 01:08:17 - [TEST_STEP][PASSED] - Statement - counter = counter + 1: null

2018-12-14 01:08:17 - [TEST_STEP][PASSED] - Statement - PreSaveFile = new java.io.File(((pathPrefix + java.lang.Integer.toString(counter)) + .png)): null

2018-12-14 01:08:17 - [TEST_STEP][PASSED] - Statement - counter = counter + 1: null

2018-12-14 01:08:17 - [TEST_STEP][PASSED] - Statement - PreSaveFile = new java.io.File(((pathPrefix + java.lang.Integer.toString(counter)) + .png)): null

2018-12-14 01:08:17 - [TEST_STEP][PASSED] - Statement - counter = counter + 1: null

2018-12-14 01:08:17 - [TEST_STEP][PASSED] - Statement - PreSaveFile = new java.io.File(((pathPrefix + java.lang.Integer.toString(counter)) + .png)): null

2018-12-14 01:08:17 - [TEST_STEP][PASSED] - Statement - counter = counter + 1: null

2018-12-14 01:08:17 - [TEST_STEP][PASSED] - Statement - PreSaveFile = new java.io.File(((pathPrefix + java.lang.Integer.toString(counter)) + .png)): null

2018-12-14 01:08:17 - [TEST_STEP][PASSED] - Statement - counter = counter + 1: null

2018-12-14 01:08:17 - [TEST_STEP][PASSED] - Statement - PreSaveFile = new java.io.File(((pathPrefix + java.lang.Integer.toString(counter)) + .png)): null

2018-12-14 01:08:17 - [TEST_STEP][PASSED] - Statement - counter = counter + 1: null

2018-12-14 01:08:17 - [TEST_STEP][PASSED] - Statement - PreSaveFile = new java.io.File(((pathPrefix + java.lang.Integer.toString(counter)) + .png)): null

2018-12-14 01:08:17 - [TEST_STEP][PASSED] - Statement - counter = counter + 1: null

2018-12-14 01:08:17 - [TEST_STEP][PASSED] - Statement - PreSaveFile = new java.io.File(((pathPrefix + java.lang.Integer.toString(counter)) + .png)): null

2018-12-14 01:08:17 - [TEST_STEP][PASSED] - Statement - counter = counter + 1: null

2018-12-14 01:08:17 - [TEST_STEP][PASSED] - Statement - PreSaveFile = new java.io.File(((pathPrefix + java.lang.Integer.toString(counter)) + .png)): null

2018-12-14 01:08:17 - [TEST_STEP][PASSED] - Statement - counter = counter + 1: null

2018-12-14 01:08:17 - [TEST_STEP][PASSED] - Statement - PreSaveFile = new java.io.File(((pathPrefix + java.lang.Integer.toString(counter)) + .png)): null

2018-12-14 01:08:17 - [TEST_STEP][PASSED] - Statement - counter = counter + 1: null

2018-12-14 01:08:17 - [TEST_STEP][PASSED] - Statement - PreSaveFile = new java.io.File(((pathPrefix + java.lang.Integer.toString(counter)) + .png)): null

2018-12-14 01:08:17 - [TEST_STEP][PASSED] - Statement - counter = counter + 1: null

2018-12-14 01:08:17 - [TEST_STEP][PASSED] - Statement - PreSaveFile = new java.io.File(((pathPrefix + java.lang.Integer.toString(counter)) + .png)): null

2018-12-14 01:08:17 - [TEST_STEP][PASSED] - Statement - counter = counter + 1: null

2018-12-14 01:08:17 - [TEST_STEP][PASSED] - Statement - PreSaveFile = new java.io.File(((pathPrefix + java.lang.Integer.toString(counter)) + .png)): null

2018-12-14 01:08:17 - [TEST_STEP][PASSED] - Statement - counter = counter + 1: null

2018-12-14 01:08:17 - [TEST_STEP][PASSED] - Statement - PreSaveFile = new java.io.File(((pathPrefix + java.lang.Integer.toString(counter)) + .png)): null

2018-12-14 01:08:17 - [TEST_STEP][PASSED] - Statement - counter = counter + 1: null

2018-12-14 01:08:17 - [TEST_STEP][PASSED] - Statement - PreSaveFile = new java.io.File(((pathPrefix + java.lang.Integer.toString(counter)) + .png)): null

2018-12-14 01:08:17 - [TEST_STEP][PASSED] - Statement - counter = counter + 1: null

2018-12-14 01:08:17 - [TEST_STEP][PASSED] - Statement - PreSaveFile = new java.io.File(((pathPrefix + java.lang.Integer.toString(counter)) + .png)): null

2018-12-14 01:08:17 - [TEST_STEP][PASSED] - Statement - counter = counter + 1: null

2018-12-14 01:08:17 - [TEST_STEP][PASSED] - Statement - PreSaveFile = new java.io.File(((pathPrefix + java.lang.Integer.toString(counter)) + .png)): null

2018-12-14 01:08:17 - [TEST_STEP][PASSED] - Statement - counter = counter + 1: null

2018-12-14 01:08:17 - [TEST_STEP][PASSED] - Statement - PreSaveFile = new java.io.File(((pathPrefix + java.lang.Integer.toString(counter)) + .png)): null

2018-12-14 01:08:17 - [TEST_STEP][PASSED] - Statement - counter = counter + 1: null

2018-12-14 01:08:17 - [TEST_STEP][PASSED] - Statement - PreSaveFile = new java.io.File(((pathPrefix + java.lang.Integer.toString(counter)) + .png)): null

2018-12-14 01:08:17 - [TEST_STEP][PASSED] - Statement - counter = counter + 1: null

2018-12-14 01:08:17 - [TEST_STEP][PASSED] - Statement - PreSaveFile = new java.io.File(((pathPrefix + java.lang.Integer.toString(counter)) + .png)): null

2018-12-14 01:08:17 - [TEST_STEP][PASSED] - Statement - counter = counter + 1: null

2018-12-14 01:08:17 - [TEST_STEP][PASSED] - Statement - PreSaveFile = new java.io.File(((pathPrefix + java.lang.Integer.toString(counter)) + .png)): null

2018-12-14 01:08:17 - [TEST_STEP][PASSED] - Statement - counter = counter + 1: null

2018-12-14 01:08:17 - [TEST_STEP][PASSED] - Statement - PreSaveFile = new java.io.File(((pathPrefix + java.lang.Integer.toString(counter)) + .png)): null

2018-12-14 01:08:17 - [TEST_STEP][PASSED] - Statement - counter = counter + 1: null

2018-12-14 01:08:17 - [TEST_STEP][PASSED] - Statement - PreSaveFile = new java.io.File(((pathPrefix + java.lang.Integer.toString(counter)) + .png)): null

2018-12-14 01:08:17 - [TEST_STEP][PASSED] - Statement - counter = counter + 1: null

2018-12-14 01:08:17 - [TEST_STEP][PASSED] - Statement - PreSaveFile = new java.io.File(((pathPrefix + java.lang.Integer.toString(counter)) + .png)): null

2018-12-14 01:08:17 - [TEST_STEP][PASSED] - Statement - counter = counter + 1: null

2018-12-14 01:08:17 - [TEST_STEP][PASSED] - Statement - PreSaveFile = new java.io.File(((pathPrefix + java.lang.Integer.toString(counter)) + .png)): null

2018-12-14 01:08:17 - [TEST_STEP][PASSED] - Statement - counter = counter + 1: null

2018-12-14 01:08:17 - [TEST_STEP][PASSED] - Statement - PreSaveFile = new java.io.File(((pathPrefix + java.lang.Integer.toString(counter)) + .png)): null

2018-12-14 01:08:17 - [TEST_STEP][PASSED] - Statement - counter = counter + 1: null

2018-12-14 01:08:17 - [TEST_STEP][PASSED] - Statement - PreSaveFile = new java.io.File(((pathPrefix + java.lang.Integer.toString(counter)) + .png)): null

2018-12-14 01:08:17 - [TEST_STEP][PASSED] - Statement - counter = counter + 1: null

2018-12-14 01:08:17 - [TEST_STEP][PASSED] - Statement - PreSaveFile = new java.io.File(((pathPrefix + java.lang.Integer.toString(counter)) + .png)): null

2018-12-14 01:08:17 - [TEST_STEP][PASSED] - Statement - counter = counter + 1: null

2018-12-14 01:08:17 - [TEST_STEP][PASSED] - Statement - PreSaveFile = new java.io.File(((pathPrefix + java.lang.Integer.toString(counter)) + .png)): null

2018-12-14 01:08:17 - [TEST_STEP][PASSED] - Statement - counter = counter + 1: null

2018-12-14 01:08:17 - [TEST_STEP][PASSED] - Statement - PreSaveFile = new java.io.File(((pathPrefix + java.lang.Integer.toString(counter)) + .png)): null

2018-12-14 01:08:17 - [TEST_STEP][PASSED] - Statement - counter = counter + 1: null

2018-12-14 01:08:17 - [TEST_STEP][PASSED] - Statement - PreSaveFile = new java.io.File(((pathPrefix + java.lang.Integer.toString(counter)) + .png)): null

2018-12-14 01:08:17 - [TEST_STEP][PASSED] - Statement - counter = counter + 1: null

2018-12-14 01:08:17 - [TEST_STEP][PASSED] - Statement - PreSaveFile = new java.io.File(((pathPrefix + java.lang.Integer.toString(counter)) + .png)): null

2018-12-14 01:08:17 - [TEST_STEP][PASSED] - Statement - counter = counter + 1: null

2018-12-14 01:08:17 - [TEST_STEP][PASSED] - Statement - PreSaveFile = new java.io.File(((pathPrefix + java.lang.Integer.toString(counter)) + .png)): null

2018-12-14 01:08:17 - [TEST_STEP][PASSED] - Statement - counter = counter + 1: null

2018-12-14 01:08:17 - [TEST_STEP][PASSED] - Statement - PreSaveFile = new java.io.File(((pathPrefix + java.lang.Integer.toString(counter)) + .png)): null

2018-12-14 01:08:17 - [TEST_STEP][PASSED] - Statement - counter = counter + 1: null

2018-12-14 01:08:17 - [TEST_STEP][PASSED] - Statement - PreSaveFile = new java.io.File(((pathPrefix + java.lang.Integer.toString(counter)) + .png)): null

2018-12-14 01:08:17 - [TEST_STEP][PASSED] - Statement - counter = counter + 1: null

2018-12-14 01:08:17 - [TEST_STEP][PASSED] - Statement - PreSaveFile = new java.io.File(((pathPrefix + java.lang.Integer.toString(counter)) + .png)): null

2018-12-14 01:08:17 - [TEST_STEP][PASSED] - Statement - counter = counter + 1: null

2018-12-14 01:08:17 - [TEST_STEP][PASSED] - Statement - PreSaveFile = new java.io.File(((pathPrefix + java.lang.Integer.toString(counter)) + .png)): null

2018-12-14 01:08:17 - [TEST_STEP][PASSED] - Statement - counter = counter + 1: null

2018-12-14 01:08:17 - [TEST_STEP][PASSED] - Statement - PreSaveFile = new java.io.File(((pathPrefix + java.lang.Integer.toString(counter)) + .png)): null

2018-12-14 01:08:17 - [TEST_STEP][PASSED] - Statement - counter = counter + 1: null

2018-12-14 01:08:17 - [TEST_STEP][PASSED] - Statement - PreSaveFile = new java.io.File(((pathPrefix + java.lang.Integer.toString(counter)) + .png)): null

2018-12-14 01:08:17 - [TEST_STEP][PASSED] - Statement - counter = counter + 1: null

2018-12-14 01:08:17 - [TEST_STEP][PASSED] - Statement - PreSaveFile = new java.io.File(((pathPrefix + java.lang.Integer.toString(counter)) + .png)): null

2018-12-14 01:08:17 - [TEST_STEP][PASSED] - Statement - counter = counter + 1: null

2018-12-14 01:08:17 - [TEST_STEP][PASSED] - Statement - PreSaveFile = new java.io.File(((pathPrefix + java.lang.Integer.toString(counter)) + .png)): null

2018-12-14 01:08:17 - [TEST_STEP][PASSED] - Statement - counter = counter + 1: null

2018-12-14 01:08:17 - [TEST_STEP][PASSED] - Statement - PreSaveFile = new java.io.File(((pathPrefix + java.lang.Integer.toString(counter)) + .png)): null

2018-12-14 01:08:17 - [TEST_STEP][PASSED] - Statement - counter = counter + 1: null

2018-12-14 01:08:17 - [TEST_STEP][PASSED] - Statement - PreSaveFile = new java.io.File(((pathPrefix + java.lang.Integer.toString(counter)) + .png)): null

2018-12-14 01:08:17 - [TEST_STEP][PASSED] - Statement - counter = counter + 1: null

2018-12-14 01:08:17 - [TEST_STEP][PASSED] - Statement - PreSaveFile = new java.io.File(((pathPrefix + java.lang.Integer.toString(counter)) + .png)): null

2018-12-14 01:08:17 - [TEST_STEP][PASSED] - Statement - counter = counter + 1: null

2018-12-14 01:08:17 - [TEST_STEP][PASSED] - Statement - PreSaveFile = new java.io.File(((pathPrefix + java.lang.Integer.toString(counter)) + .png)): null

2018-12-14 01:08:17 - [TEST_STEP][PASSED] - Statement - counter = counter + 1: null

2018-12-14 01:08:17 - [TEST_STEP][PASSED] - Statement - PreSaveFile = new java.io.File(((pathPrefix + java.lang.Integer.toString(counter)) + .png)): null

2018-12-14 01:08:17 - [TEST_STEP][PASSED] - Statement - counter = counter + 1: null

2018-12-14 01:08:17 - [TEST_STEP][PASSED] - Statement - PreSaveFile = new java.io.File(((pathPrefix + java.lang.Integer.toString(counter)) + .png)): null

2018-12-14 01:08:17 - [TEST_STEP][PASSED] - Statement - counter = counter + 1: null

2018-12-14 01:08:17 - [TEST_STEP][PASSED] - Statement - PreSaveFile = new java.io.File(((pathPrefix + java.lang.Integer.toString(counter)) + .png)): null

2018-12-14 01:08:17 - [TEST_STEP][PASSED] - Statement - counter = counter + 1: null

2018-12-14 01:08:17 - [TEST_STEP][PASSED] - Statement - PreSaveFile = new java.io.File(((pathPrefix + java.lang.Integer.toString(counter)) + .png)): null

2018-12-14 01:08:17 - [TEST_STEP][PASSED] - Statement - counter = counter + 1: null

2018-12-14 01:08:17 - [TEST_STEP][PASSED] - Statement - PreSaveFile = new java.io.File(((pathPrefix + java.lang.Integer.toString(counter)) + .png)): null

2018-12-14 01:08:17 - [TEST_STEP][PASSED] - Statement - counter = counter + 1: null

2018-12-14 01:08:17 - [TEST_STEP][PASSED] - Statement - PreSaveFile = new java.io.File(((pathPrefix + java.lang.Integer.toString(counter)) + .png)): null

2018-12-14 01:08:17 - [TEST_STEP][PASSED] - Statement - counter = counter + 1: null

2018-12-14 01:08:17 - [TEST_STEP][PASSED] - Statement - PreSaveFile = new java.io.File(((pathPrefix + java.lang.Integer.toString(counter)) + .png)): null

2018-12-14 01:08:17 - [TEST_STEP][PASSED] - Statement - counter = counter + 1: null

2018-12-14 01:08:17 - [TEST_STEP][PASSED] - Statement - PreSaveFile = new java.io.File(((pathPrefix + java.lang.Integer.toString(counter)) + .png)): null

2018-12-14 01:08:17 - [TEST_STEP][PASSED] - Statement - counter = counter + 1: null

2018-12-14 01:08:17 - [TEST_STEP][PASSED] - Statement - PreSaveFile = new java.io.File(((pathPrefix + java.lang.Integer.toString(counter)) + .png)): null

2018-12-14 01:08:17 - [TEST_STEP][PASSED] - Statement - counter = counter + 1: null

2018-12-14 01:08:17 - [TEST_STEP][PASSED] - Statement - PreSaveFile = new java.io.File(((pathPrefix + java.lang.Integer.toString(counter)) + .png)): null

2018-12-14 01:08:17 - [TEST_STEP][PASSED] - Statement - counter = counter + 1: null

2018-12-14 01:08:17 - [TEST_STEP][PASSED] - Statement - PreSaveFile = new java.io.File(((pathPrefix + java.lang.Integer.toString(counter)) + .png)): null

2018-12-14 01:08:17 - [TEST_STEP][PASSED] - Statement - counter = counter + 1: null

2018-12-14 01:08:17 - [TEST_STEP][PASSED] - Statement - PreSaveFile = new java.io.File(((pathPrefix + java.lang.Integer.toString(counter)) + .png)): null

2018-12-14 01:08:17 - [TEST_STEP][PASSED] - Statement - counter = counter + 1: null

2018-12-14 01:08:17 - [TEST_STEP][PASSED] - Statement - PreSaveFile = new java.io.File(((pathPrefix + java.lang.Integer.toString(counter)) + .png)): null

2018-12-14 01:08:17 - [TEST_STEP][PASSED] - Statement - counter = counter + 1: null

2018-12-14 01:08:17 - [TEST_STEP][PASSED] - Statement - PreSaveFile = new java.io.File(((pathPrefix + java.lang.Integer.toString(counter)) + .png)): null

2018-12-14 01:08:17 - [TEST_STEP][PASSED] - Statement - counter = counter + 1: null

2018-12-14 01:08:17 - [TEST_STEP][PASSED] - Statement - PreSaveFile = new java.io.File(((pathPrefix + java.lang.Integer.toString(counter)) + .png)): null

2018-12-14 01:08:17 - [TEST_STEP][PASSED] - Statement - counter = counter + 1: null

2018-12-14 01:08:17 - [TEST_STEP][PASSED] - Statement - PreSaveFile = new java.io.File(((pathPrefix + java.lang.Integer.toString(counter)) + .png)): null

2018-12-14 01:08:17 - [TEST_STEP][PASSED] - Statement - counter = counter + 1: null

2018-12-14 01:08:17 - [TEST_STEP][PASSED] - Statement - PreSaveFile = new java.io.File(((pathPrefix + java.lang.Integer.toString(counter)) + .png)): null

2018-12-14 01:08:17 - [TEST_STEP][PASSED] - Statement - counter = counter + 1: null

2018-12-14 01:08:17 - [TEST_STEP][PASSED] - Statement - PreSaveFile = new java.io.File(((pathPrefix + java.lang.Integer.toString(counter)) + .png)): null

2018-12-14 01:08:17 - [TEST_STEP][PASSED] - Statement - counter = counter + 1: null

2018-12-14 01:08:17 - [TEST_STEP][PASSED] - Statement - PreSaveFile = new java.io.File(((pathPrefix + java.lang.Integer.toString(counter)) + .png)): null

2018-12-14 01:08:17 - [TEST_STEP][PASSED] - Statement - counter = counter + 1: null

2018-12-14 01:08:17 - [TEST_STEP][PASSED] - Statement - PreSaveFile = new java.io.File(((pathPrefix + java.lang.Integer.toString(counter)) + .png)): null

2018-12-14 01:08:17 - [TEST_STEP][PASSED] - Statement - counter = counter + 1: null

2018-12-14 01:08:17 - [TEST_STEP][PASSED] - Statement - PreSaveFile = new java.io.File(((pathPrefix + java.lang.Integer.toString(counter)) + .png)): null

2018-12-14 01:08:17 - [TEST_STEP][PASSED] - Statement - counter = counter + 1: null

2018-12-14 01:08:17 - [TEST_STEP][PASSED] - Statement - PreSaveFile = new java.io.File(((pathPrefix + java.lang.Integer.toString(counter)) + .png)): null

2018-12-14 01:08:17 - [TEST_STEP][PASSED] - Statement - counter = counter + 1: null

2018-12-14 01:08:17 - [TEST_STEP][PASSED] - Statement - PreSaveFile = new java.io.File(((pathPrefix + java.lang.Integer.toString(counter)) + .png)): null

2018-12-14 01:08:17 - [TEST_STEP][PASSED] - Statement - counter = counter + 1: null

2018-12-14 01:08:17 - [TEST_STEP][PASSED] - Statement - PreSaveFile = new java.io.File(((pathPrefix + java.lang.Integer.toString(counter)) + .png)): null

2018-12-14 01:08:17 - [TEST_STEP][PASSED] - Statement - counter = counter + 1: null

2018-12-14 01:08:17 - [TEST_STEP][PASSED] - Statement - PreSaveFile = new java.io.File(((pathPrefix + java.lang.Integer.toString(counter)) + .png)): null

2018-12-14 01:08:17 - [TEST_STEP][PASSED] - Statement - counter = counter + 1: null

2018-12-14 01:08:17 - [TEST_STEP][PASSED] - Statement - PreSaveFile = new java.io.File(((pathPrefix + java.lang.Integer.toString(counter)) + .png)): null

2018-12-14 01:08:17 - [TEST_STEP][PASSED] - Statement - counter = counter + 1: null

2018-12-14 01:08:17 - [TEST_STEP][PASSED] - Statement - PreSaveFile = new java.io.File(((pathPrefix + java.lang.Integer.toString(counter)) + .png)): null

2018-12-14 01:08:17 - [TEST_STEP][PASSED] - Statement - counter = counter + 1: null

2018-12-14 01:08:17 - [TEST_STEP][PASSED] - Statement - PreSaveFile = new java.io.File(((pathPrefix + java.lang.Integer.toString(counter)) + .png)): null

2018-12-14 01:08:17 - [TEST_STEP][PASSED] - Statement - counter = counter + 1: null

2018-12-14 01:08:17 - [TEST_STEP][PASSED] - Statement - PreSaveFile = new java.io.File(((pathPrefix + java.lang.Integer.toString(counter)) + .png)): null

2018-12-14 01:08:17 - [TEST_STEP][PASSED] - Statement - counter = counter + 1: null

2018-12-14 01:08:17 - [TEST_STEP][PASSED] - Statement - PreSaveFile = new java.io.File(((pathPrefix + java.lang.Integer.toString(counter)) + .png)): null

2018-12-14 01:08:17 - [TEST_STEP][PASSED] - Statement - counter = counter + 1: null

2018-12-14 01:08:17 - [TEST_STEP][PASSED] - Statement - PreSaveFile = new java.io.File(((pathPrefix + java.lang.Integer.toString(counter)) + .png)): null

2018-12-14 01:08:17 - [TEST_STEP][PASSED] - Statement - counter = counter + 1: null

2018-12-14 01:08:17 - [TEST_STEP][PASSED] - Statement - PreSaveFile = new java.io.File(((pathPrefix + java.lang.Integer.toString(counter)) + .png)): null

2018-12-14 01:08:17 - [TEST_STEP][PASSED] - Statement - counter = counter + 1: null

2018-12-14 01:08:17 - [TEST_STEP][PASSED] - Statement - PreSaveFile = new java.io.File(((pathPrefix + java.lang.Integer.toString(counter)) + .png)): null

2018-12-14 01:08:17 - [TEST_STEP][PASSED] - Statement - counter = counter + 1: null

2018-12-14 01:08:17 - [TEST_STEP][PASSED] - Statement - PreSaveFile = new java.io.File(((pathPrefix + java.lang.Integer.toString(counter)) + .png)): null

2018-12-14 01:08:17 - [TEST_STEP][PASSED] - Statement - counter = counter + 1: null

2018-12-14 01:08:17 - [TEST_STEP][PASSED] - Statement - PreSaveFile = new java.io.File(((pathPrefix + java.lang.Integer.toString(counter)) + .png)): null

2018-12-14 01:08:17 - [TEST_STEP][PASSED] - Statement - counter = counter + 1: null

2018-12-14 01:08:17 - [TEST_STEP][PASSED] - Statement - PreSaveFile = new java.io.File(((pathPrefix + java.lang.Integer.toString(counter)) + .png)): null

2018-12-14 01:08:17 - [TEST_STEP][PASSED] - Statement - counter = counter + 1: null

2018-12-14 01:08:17 - [TEST_STEP][PASSED] - Statement - PreSaveFile = new java.io.File(((pathPrefix + java.lang.Integer.toString(counter)) + .png)): null

2018-12-14 01:08:17 - [TEST_STEP][PASSED] - Statement - counter = counter + 1: null

2018-12-14 01:08:17 - [TEST_STEP][PASSED] - Statement - PreSaveFile = new java.io.File(((pathPrefix + java.lang.Integer.toString(counter)) + .png)): null

2018-12-14 01:08:17 - [TEST_STEP][PASSED] - Statement - counter = counter + 1: null

2018-12-14 01:08:17 - [TEST_STEP][PASSED] - Statement - PreSaveFile = new java.io.File(((pathPrefix + java.lang.Integer.toString(counter)) + .png)): null

2018-12-14 01:08:17 - [TEST_STEP][PASSED] - Statement - counter = counter + 1: null

2018-12-14 01:08:17 - [TEST_STEP][PASSED] - Statement - PreSaveFile = new java.io.File(((pathPrefix + java.lang.Integer.toString(counter)) + .png)): null

2018-12-14 01:08:17 - [TEST_STEP][PASSED] - Statement - counter = counter + 1: null

2018-12-14 01:08:17 - [TEST_STEP][PASSED] - Statement - PreSaveFile = new java.io.File(((pathPrefix + java.lang.Integer.toString(counter)) + .png)): null

2018-12-14 01:08:17 - [TEST_STEP][PASSED] - Statement - counter = counter + 1: null

2018-12-14 01:08:17 - [TEST_STEP][PASSED] - Statement - PreSaveFile = new java.io.File(((pathPrefix + java.lang.Integer.toString(counter)) + .png)): null

2018-12-14 01:08:17 - [TEST_STEP][PASSED] - Statement - counter = counter + 1: null

2018-12-14 01:08:17 - [TEST_STEP][PASSED] - Statement - PreSaveFile = new java.io.File(((pathPrefix + java.lang.Integer.toString(counter)) + .png)): null

2018-12-14 01:08:17 - [TEST_STEP][PASSED] - Statement - counter = counter + 1: null

2018-12-14 01:08:17 - [TEST_STEP][PASSED] - Statement - PreSaveFile = new java.io.File(((pathPrefix + java.lang.Integer.toString(counter)) + .png)): null

2018-12-14 01:08:17 - [TEST_STEP][PASSED] - Statement - counter = counter + 1: null

2018-12-14 01:08:17 - [TEST_STEP][PASSED] - Statement - PreSaveFile = new java.io.File(((pathPrefix + java.lang.Integer.toString(counter)) + .png)): null

2018-12-14 01:08:17 - [TEST_STEP][PASSED] - Statement - counter = counter + 1: null

2018-12-14 01:08:17 - [TEST_STEP][PASSED] - Statement - PreSaveFile = new java.io.File(((pathPrefix + java.lang.Integer.toString(counter)) + .png)): null

2018-12-14 01:08:17 - [TEST_STEP][PASSED] - Statement - counter = counter + 1: null

2018-12-14 01:08:17 - [TEST_STEP][PASSED] - Statement - PreSaveFile = new java.io.File(((pathPrefix + java.lang.Integer.toString(counter)) + .png)): null

2018-12-14 01:08:17 - [TEST_STEP][PASSED] - Statement - counter = counter + 1: null

2018-12-14 01:08:17 - [TEST_STEP][PASSED] - Statement - PreSaveFile = new java.io.File(((pathPrefix + java.lang.Integer.toString(counter)) + .png)): null

2018-12-14 01:08:17 - [TEST_STEP][PASSED] - Statement - counter = counter + 1: null

2018-12-14 01:08:17 - [TEST_STEP][PASSED] - Statement - PreSaveFile = new java.io.File(((pathPrefix + java.lang.Integer.toString(counter)) + .png)): null

2018-12-14 01:08:17 - [TEST_STEP][PASSED] - Statement - counter = counter + 1: null

2018-12-14 01:08:17 - [TEST_STEP][PASSED] - Statement - PreSaveFile = new java.io.File(((pathPrefix + java.lang.Integer.toString(counter)) + .png)): null

2018-12-14 01:08:17 - [TEST_STEP][PASSED] - Statement - counter = counter + 1: null

2018-12-14 01:08:17 - [TEST_STEP][PASSED] - Statement - PreSaveFile = new java.io.File(((pathPrefix + java.lang.Integer.toString(counter)) + .png)): null

2018-12-14 01:08:17 - [TEST_STEP][PASSED] - Statement - counter = counter + 1: null

2018-12-14 01:08:17 - [TEST_STEP][PASSED] - Statement - PreSaveFile = new java.io.File(((pathPrefix + java.lang.Integer.toString(counter)) + .png)): null

2018-12-14 01:08:17 - [TEST_STEP][PASSED] - Statement - counter = counter + 1: null

2018-12-14 01:08:17 - [TEST_STEP][PASSED] - Statement - PreSaveFile = new java.io.File(((pathPrefix + java.lang.Integer.toString(counter)) + .png)): null

2018-12-14 01:08:17 - [TEST_STEP][PASSED] - Statement - counter = counter + 1: null

2018-12-14 01:08:17 - [TEST_STEP][PASSED] - Statement - PreSaveFile = new java.io.File(((pathPrefix + java.lang.Integer.toString(counter)) + .png)): null

2018-12-14 01:08:17 - [TEST_STEP][PASSED] - Statement - counter = counter + 1: null

2018-12-14 01:08:17 - [TEST_STEP][PASSED] - Statement - PreSaveFile = new java.io.File(((pathPrefix + java.lang.Integer.toString(counter)) + .png)): null

2018-12-14 01:08:17 - [TEST_STEP][PASSED] - Statement - counter = counter + 1: null

2018-12-14 01:08:17 - [TEST_STEP][PASSED] - Statement - PreSaveFile = new java.io.File(((pathPrefix + java.lang.Integer.toString(counter)) + .png)): null

2018-12-14 01:08:17 - [TEST_STEP][PASSED] - Statement - counter = counter + 1: null

2018-12-14 01:08:17 - [TEST_STEP][PASSED] - Statement - PreSaveFile = new java.io.File(((pathPrefix + java.lang.Integer.toString(counter)) + .png)): null

2018-12-14 01:08:17 - [TEST_STEP][PASSED] - Statement - counter = counter + 1: null

2018-12-14 01:08:17 - [TEST_STEP][PASSED] - Statement - PreSaveFile = new java.io.File(((pathPrefix + java.lang.Integer.toString(counter)) + .png)): null

2018-12-14 01:08:17 - [TEST_STEP][PASSED] - Statement - counter = counter + 1: null

2018-12-14 01:08:17 - [TEST_STEP][PASSED] - Statement - PreSaveFile = new java.io.File(((pathPrefix + java.lang.Integer.toString(counter)) + .png)): null

2018-12-14 01:08:17 - [TEST_STEP][PASSED] - Statement - counter = counter + 1: null

2018-12-14 01:08:17 - [TEST_STEP][PASSED] - Statement - PreSaveFile = new java.io.File(((pathPrefix + java.lang.Integer.toString(counter)) + .png)): null

2018-12-14 01:08:17 - [TEST_STEP][PASSED] - Statement - counter = counter + 1: null

2018-12-14 01:08:17 - [TEST_STEP][PASSED] - Statement - PreSaveFile = new java.io.File(((pathPrefix + java.lang.Integer.toString(counter)) + .png)): null

2018-12-14 01:08:17 - [TEST_STEP][PASSED] - Statement - counter = counter + 1: null

2018-12-14 01:08:17 - [TEST_STEP][PASSED] - Statement - PreSaveFile = new java.io.File(((pathPrefix + java.lang.Integer.toString(counter)) + .png)): null

2018-12-14 01:08:17 - [TEST_STEP][PASSED] - Statement - counter = counter + 1: null

2018-12-14 01:08:17 - [TEST_STEP][PASSED] - Statement - PreSaveFile = new java.io.File(((pathPrefix + java.lang.Integer.toString(counter)) + .png)): null

2018-12-14 01:08:17 - [TEST_STEP][PASSED] - Statement - counter = counter + 1: null

2018-12-14 01:08:17 - [TEST_STEP][PASSED] - Statement - PreSaveFile = new java.io.File(((pathPrefix + java.lang.Integer.toString(counter)) + .png)): null

2018-12-14 01:08:17 - [TEST_STEP][PASSED] - Statement - counter = counter + 1: null

2018-12-14 01:08:17 - [TEST_STEP][PASSED] - Statement - PreSaveFile = new java.io.File(((pathPrefix + java.lang.Integer.toString(counter)) + .png)): null

2018-12-14 01:08:17 - [TEST_STEP][PASSED] - Statement - counter = counter + 1: null

2018-12-14 01:08:17 - [TEST_STEP][PASSED] - Statement - PreSaveFile = new java.io.File(((pathPrefix + java.lang.Integer.toString(counter)) + .png)): null

2018-12-14 01:08:17 - [TEST_STEP][PASSED] - Statement - counter = counter + 1: null

2018-12-14 01:08:17 - [TEST_STEP][PASSED] - Statement - PreSaveFile = new java.io.File(((pathPrefix + java.lang.Integer.toString(counter)) + .png)): null

2018-12-14 01:08:17 - [TEST_STEP][PASSED] - Statement - counter = counter + 1: null

2018-12-14 01:08:17 - [TEST_STEP][PASSED] - Statement - PreSaveFile = new java.io.File(((pathPrefix + java.lang.Integer.toString(counter)) + .png)): null

2018-12-14 01:08:17 - [TEST_STEP][PASSED] - Statement - counter = counter + 1: null

2018-12-14 01:08:17 - [TEST_STEP][PASSED] - Statement - PreSaveFile = new java.io.File(((pathPrefix + java.lang.Integer.toString(counter)) + .png)): null

2018-12-14 01:08:17 - [TEST_STEP][PASSED] - Statement - counter = counter + 1: null

2018-12-14 01:08:17 - [TEST_STEP][PASSED] - Statement - PreSaveFile = new java.io.File(((pathPrefix + java.lang.Integer.toString(counter)) + .png)): null

2018-12-14 01:08:17 - [TEST_STEP][PASSED] - Statement - counter = counter + 1: null

2018-12-14 01:08:17 - [TEST_STEP][PASSED] - Statement - PreSaveFile = new java.io.File(((pathPrefix + java.lang.Integer.toString(counter)) + .png)): null

2018-12-14 01:08:17 - [TEST_STEP][PASSED] - Statement - counter = counter + 1: null

2018-12-14 01:08:17 - [TEST_STEP][PASSED] - Statement - PreSaveFile = new java.io.File(((pathPrefix + java.lang.Integer.toString(counter)) + .png)): null

2018-12-14 01:08:17 - [TEST_STEP][PASSED] - Statement - counter = counter + 1: null

2018-12-14 01:08:17 - [TEST_STEP][PASSED] - Statement - PreSaveFile = new java.io.File(((pathPrefix + java.lang.Integer.toString(counter)) + .png)): null

2018-12-14 01:08:17 - [TEST_STEP][PASSED] - Statement - counter = counter + 1: null

2018-12-14 01:08:17 - [TEST_STEP][PASSED] - Statement - PreSaveFile = new java.io.File(((pathPrefix + java.lang.Integer.toString(counter)) + .png)): null

2018-12-14 01:08:17 - [TEST_STEP][PASSED] - Statement - counter = counter + 1: null

2018-12-14 01:08:17 - [TEST_STEP][PASSED] - Statement - PreSaveFile = new java.io.File(((pathPrefix + java.lang.Integer.toString(counter)) + .png)): null

2018-12-14 01:08:17 - [TEST_STEP][PASSED] - Statement - counter = counter + 1: null

2018-12-14 01:08:17 - [TEST_STEP][PASSED] - Statement - PreSaveFile = new java.io.File(((pathPrefix + java.lang.Integer.toString(counter)) + .png)): null

2018-12-14 01:08:17 - [TEST_STEP][PASSED] - Statement - counter = counter + 1: null

2018-12-14 01:08:17 - [TEST_STEP][PASSED] - Statement - PreSaveFile = new java.io.File(((pathPrefix + java.lang.Integer.toString(counter)) + .png)): null

2018-12-14 01:08:17 - [TEST_STEP][PASSED] - Statement - counter = counter + 1: null

2018-12-14 01:08:17 - [TEST_STEP][PASSED] - Statement - PreSaveFile = new java.io.File(((pathPrefix + java.lang.Integer.toString(counter)) + .png)): null

2018-12-14 01:08:17 - [TEST_STEP][PASSED] - Statement - counter = counter + 1: null

2018-12-14 01:08:17 - [TEST_STEP][PASSED] - Statement - PreSaveFile = new java.io.File(((pathPrefix + java.lang.Integer.toString(counter)) + .png)): null

2018-12-14 01:08:17 - [TEST_STEP][PASSED] - Statement - counter = counter + 1: null

2018-12-14 01:08:17 - [TEST_STEP][PASSED] - Statement - PreSaveFile = new java.io.File(((pathPrefix + java.lang.Integer.toString(counter)) + .png)): null

2018-12-14 01:08:17 - [TEST_STEP][PASSED] - Statement - counter = counter + 1: null

2018-12-14 01:08:17 - [TEST_STEP][PASSED] - Statement - PreSaveFile = new java.io.File(((pathPrefix + java.lang.Integer.toString(counter)) + .png)): null

2018-12-14 01:08:17 - [TEST_STEP][PASSED] - Statement - counter = counter + 1: null

2018-12-14 01:08:17 - [TEST_STEP][PASSED] - Statement - PreSaveFile = new java.io.File(((pathPrefix + java.lang.Integer.toString(counter)) + .png)): null

2018-12-14 01:08:17 - [TEST_STEP][PASSED] - Statement - counter = counter + 1: null

2018-12-14 01:08:17 - [TEST_STEP][PASSED] - Statement - PreSaveFile = new java.io.File(((pathPrefix + java.lang.Integer.toString(counter)) + .png)): null

2018-12-14 01:08:17 - [TEST_STEP][PASSED] - Statement - counter = counter + 1: null

2018-12-14 01:08:17 - [TEST_STEP][PASSED] - Statement - PreSaveFile = new java.io.File(((pathPrefix + java.lang.Integer.toString(counter)) + .png)): null

2018-12-14 01:08:17 - [TEST_STEP][PASSED] - Statement - counter = counter + 1: null

2018-12-14 01:08:17 - [TEST_STEP][PASSED] - Statement - PreSaveFile = new java.io.File(((pathPrefix + java.lang.Integer.toString(counter)) + .png)): null

2018-12-14 01:08:17 - [TEST_STEP][PASSED] - Statement - counter = counter + 1: null

2018-12-14 01:08:17 - [TEST_STEP][PASSED] - Statement - PreSaveFile = new java.io.File(((pathPrefix + java.lang.Integer.toString(counter)) + .png)): null

2018-12-14 01:08:17 - [TEST_STEP][PASSED] - Statement - counter = counter + 1: null

2018-12-14 01:08:17 - [TEST_STEP][PASSED] - Statement - PreSaveFile = new java.io.File(((pathPrefix + java.lang.Integer.toString(counter)) + .png)): null

2018-12-14 01:08:17 - [TEST_STEP][PASSED] - Statement - counter = counter + 1: null

2018-12-14 01:08:17 - [TEST_STEP][PASSED] - Statement - PreSaveFile = new java.io.File(((pathPrefix + java.lang.Integer.toString(counter)) + .png)): null

2018-12-14 01:08:17 - [TEST_STEP][PASSED] - Statement - counter = counter + 1: null

2018-12-14 01:08:17 - [TEST_STEP][PASSED] - Statement - PreSaveFile = new java.io.File(((pathPrefix + java.lang.Integer.toString(counter)) + .png)): null

2018-12-14 01:08:17 - [TEST_STEP][PASSED] - Statement - counter = counter + 1: null

2018-12-14 01:08:17 - [TEST_STEP][PASSED] - Statement - PreSaveFile = new java.io.File(((pathPrefix + java.lang.Integer.toString(counter)) + .png)): null

2018-12-14 01:08:17 - [TEST_STEP][PASSED] - Statement - counter = counter + 1: null

2018-12-14 01:08:17 - [TEST_STEP][PASSED] - Statement - PreSaveFile = new java.io.File(((pathPrefix + java.lang.Integer.toString(counter)) + .png)): null

2018-12-14 01:08:17 - [TEST_STEP][PASSED] - Statement - counter = counter + 1: null

2018-12-14 01:08:17 - [TEST_STEP][PASSED] - Statement - PreSaveFile = new java.io.File(((pathPrefix + java.lang.Integer.toString(counter)) + .png)): null

2018-12-14 01:08:17 - [TEST_STEP][PASSED] - Statement - counter = counter + 1: null

2018-12-14 01:08:17 - [TEST_STEP][PASSED] - Statement - PreSaveFile = new java.io.File(((pathPrefix + java.lang.Integer.toString(counter)) + .png)): null

2018-12-14 01:08:17 - [TEST_STEP][PASSED] - Statement - counter = counter + 1: null

2018-12-14 01:08:17 - [TEST_STEP][PASSED] - Statement - PreSaveFile = new java.io.File(((pathPrefix + java.lang.Integer.toString(counter)) + .png)): null

2018-12-14 01:08:17 - [TEST_STEP][PASSED] - Statement - counter = counter + 1: null

2018-12-14 01:08:17 - [TEST_STEP][PASSED] - Statement - PreSaveFile = new java.io.File(((pathPrefix + java.lang.Integer.toString(counter)) + .png)): null

2018-12-14 01:08:17 - [TEST_STEP][PASSED] - Statement - counter = counter + 1: null

2018-12-14 01:08:17 - [TEST_STEP][PASSED] - Statement - PreSaveFile = new java.io.File(((pathPrefix + java.lang.Integer.toString(counter)) + .png)): null

2018-12-14 01:08:17 - [TEST_STEP][PASSED] - Statement - counter = counter + 1: null

2018-12-14 01:08:17 - [TEST_STEP][PASSED] - Statement - PreSaveFile = new java.io.File(((pathPrefix + java.lang.Integer.toString(counter)) + .png)): null

2018-12-14 01:08:17 - [TEST_STEP][PASSED] - Statement - counter = counter + 1: null

2018-12-14 01:08:17 - [TEST_STEP][PASSED] - Statement - PreSaveFile = new java.io.File(((pathPrefix + java.lang.Integer.toString(counter)) + .png)): null

2018-12-14 01:08:17 - [TEST_STEP][PASSED] - Statement - counter = counter + 1: null

2018-12-14 01:08:17 - [TEST_STEP][PASSED] - Statement - PreSaveFile = new java.io.File(((pathPrefix + java.lang.Integer.toString(counter)) + .png)): null

2018-12-14 01:08:17 - [TEST_STEP][PASSED] - Statement - counter = counter + 1: null

2018-12-14 01:08:17 - [TEST_STEP][PASSED] - Statement - PreSaveFile = new java.io.File(((pathPrefix + java.lang.Integer.toString(counter)) + .png)): null

2018-12-14 01:08:17 - [TEST_STEP][PASSED] - Statement - counter = counter + 1: null

2018-12-14 01:08:17 - [TEST_STEP][PASSED] - Statement - PreSaveFile = new java.io.File(((pathPrefix + java.lang.Integer.toString(counter)) + .png)): null

2018-12-14 01:08:17 - [TEST_STEP][PASSED] - Statement - counter = counter + 1: null

2018-12-14 01:08:17 - [TEST_STEP][PASSED] - Statement - PreSaveFile = new java.io.File(((pathPrefix + java.lang.Integer.toString(counter)) + .png)): null

2018-12-14 01:08:17 - [TEST_STEP][PASSED] - Statement - counter = counter + 1: null

2018-12-14 01:08:17 - [TEST_STEP][PASSED] - Statement - PreSaveFile = new java.io.File(((pathPrefix + java.lang.Integer.toString(counter)) + .png)): null

2018-12-14 01:08:17 - [TEST_STEP][PASSED] - Statement - counter = counter + 1: null

2018-12-14 01:08:17 - [TEST_STEP][PASSED] - Statement - PreSaveFile = new java.io.File(((pathPrefix + java.lang.Integer.toString(counter)) + .png)): null

2018-12-14 01:08:17 - [TEST_STEP][PASSED] - Statement - counter = counter + 1: null

2018-12-14 01:08:17 - [TEST_STEP][PASSED] - Statement - PreSaveFile = new java.io.File(((pathPrefix + java.lang.Integer.toString(counter)) + .png)): null

2018-12-14 01:08:17 - [TEST_STEP][PASSED] - Statement - counter = counter + 1: null

2018-12-14 01:08:17 - [TEST_STEP][PASSED] - Statement - PreSaveFile = new java.io.File(((pathPrefix + java.lang.Integer.toString(counter)) + .png)): null

2018-12-14 01:08:17 - [TEST_STEP][PASSED] - Statement - counter = counter + 1: null

2018-12-14 01:08:17 - [TEST_STEP][PASSED] - Statement - PreSaveFile = new java.io.File(((pathPrefix + java.lang.Integer.toString(counter)) + .png)): null

2018-12-14 01:08:17 - [TEST_STEP][PASSED] - Statement - counter = counter + 1: null

2018-12-14 01:08:17 - [TEST_STEP][PASSED] - Statement - PreSaveFile = new java.io.File(((pathPrefix + java.lang.Integer.toString(counter)) + .png)): null

2018-12-14 01:08:17 - [TEST_STEP][PASSED] - Statement - counter = counter + 1: null

2018-12-14 01:08:17 - [TEST_STEP][PASSED] - Statement - PreSaveFile = new java.io.File(((pathPrefix + java.lang.Integer.toString(counter)) + .png)): null

2018-12-14 01:08:17 - [TEST_STEP][PASSED] - Statement - counter = counter + 1: null

2018-12-14 01:08:17 - [TEST_STEP][PASSED] - Statement - PreSaveFile = new java.io.File(((pathPrefix + java.lang.Integer.toString(counter)) + .png)): null

2018-12-14 01:08:17 - [TEST_STEP][PASSED] - Statement - counter = counter + 1: null

2018-12-14 01:08:17 - [TEST_STEP][PASSED] - Statement - PreSaveFile = new java.io.File(((pathPrefix + java.lang.Integer.toString(counter)) + .png)): null

2018-12-14 01:08:17 - [TEST_STEP][PASSED] - Statement - counter = counter + 1: null

2018-12-14 01:08:17 - [TEST_STEP][PASSED] - Statement - PreSaveFile = new java.io.File(((pathPrefix + java.lang.Integer.toString(counter)) + .png)): null

2018-12-14 01:08:17 - [TEST_STEP][PASSED] - Statement - counter = counter + 1: null

2018-12-14 01:08:17 - [TEST_STEP][PASSED] - Statement - PreSaveFile = new java.io.File(((pathPrefix + java.lang.Integer.toString(counter)) + .png)): null

2018-12-14 01:08:17 - [TEST_STEP][PASSED] - Statement - counter = counter + 1: null

2018-12-14 01:08:17 - [TEST_STEP][PASSED] - Statement - PreSaveFile = new java.io.File(((pathPrefix + java.lang.Integer.toString(counter)) + .png)): null

2018-12-14 01:08:17 - [TEST_STEP][PASSED] - Statement - counter = counter + 1: null

2018-12-14 01:08:17 - [TEST_STEP][PASSED] - Statement - PreSaveFile = new java.io.File(((pathPrefix + java.lang.Integer.toString(counter)) + .png)): null

2018-12-14 01:08:17 - [TEST_STEP][PASSED] - Statement - counter = counter + 1: null

2018-12-14 01:08:17 - [TEST_STEP][PASSED] - Statement - PreSaveFile = new java.io.File(((pathPrefix + java.lang.Integer.toString(counter)) + .png)): null

2018-12-14 01:08:17 - [TEST_STEP][PASSED] - Statement - counter = counter + 1: null

2018-12-14 01:08:17 - [TEST_STEP][PASSED] - Statement - PreSaveFile = new java.io.File(((pathPrefix + java.lang.Integer.toString(counter)) + .png)): null

2018-12-14 01:08:17 - [TEST_STEP][PASSED] - Statement - counter = counter + 1: null

2018-12-14 01:08:17 - [TEST_STEP][PASSED] - Statement - PreSaveFile = new java.io.File(((pathPrefix + java.lang.Integer.toString(counter)) + .png)): null

2018-12-14 01:08:17 - [TEST_STEP][PASSED] - Statement - counter = counter + 1: null

2018-12-14 01:08:17 - [TEST_STEP][PASSED] - Statement - PreSaveFile = new java.io.File(((pathPrefix + java.lang.Integer.toString(counter)) + .png)): null

2018-12-14 01:08:17 - [TEST_STEP][PASSED] - Statement - counter = counter + 1: null

2018-12-14 01:08:17 - [TEST_STEP][PASSED] - Statement - PreSaveFile = new java.io.File(((pathPrefix + java.lang.Integer.toString(counter)) + .png)): null

2018-12-14 01:08:17 - [TEST_STEP][PASSED] - Statement - counter = counter + 1: null

2018-12-14 01:08:17 - [TEST_STEP][PASSED] - Statement - PreSaveFile = new java.io.File(((pathPrefix + java.lang.Integer.toString(counter)) + .png)): null

2018-12-14 01:08:17 - [TEST_STEP][PASSED] - Statement - counter = counter + 1: null

2018-12-14 01:08:17 - [TEST_STEP][PASSED] - Statement - PreSaveFile = new java.io.File(((pathPrefix + java.lang.Integer.toString(counter)) + .png)): null

2018-12-14 01:08:17 - [TEST_STEP][PASSED] - Statement - counter = counter + 1: null

2018-12-14 01:08:17 - [TEST_STEP][PASSED] - Statement - PreSaveFile = new java.io.File(((pathPrefix + java.lang.Integer.toString(counter)) + .png)): null

2018-12-14 01:08:17 - [TEST_STEP][PASSED] - Statement - counter = counter + 1: null

2018-12-14 01:08:17 - [TEST_STEP][PASSED] - Statement - PreSaveFile = new java.io.File(((pathPrefix + java.lang.Integer.toString(counter)) + .png)): null

2018-12-14 01:08:17 - [TEST_STEP][PASSED] - Statement - counter = counter + 1: null

2018-12-14 01:08:17 - [TEST_STEP][PASSED] - Statement - PreSaveFile = new java.io.File(((pathPrefix + java.lang.Integer.toString(counter)) + .png)): null

2018-12-14 01:08:17 - [TEST_STEP][PASSED] - Statement - counter = counter + 1: null

2018-12-14 01:08:17 - [TEST_STEP][PASSED] - Statement - PreSaveFile = new java.io.File(((pathPrefix + java.lang.Integer.toString(counter)) + .png)): null

2018-12-14 01:08:17 - [TEST_STEP][PASSED] - Statement - counter = counter + 1: null

2018-12-14 01:08:17 - [TEST_STEP][PASSED] - Statement - PreSaveFile = new java.io.File(((pathPrefix + java.lang.Integer.toString(counter)) + .png)): null

2018-12-14 01:08:17 - [TEST_STEP][PASSED] - Statement - counter = counter + 1: null

2018-12-14 01:08:17 - [TEST_STEP][PASSED] - Statement - PreSaveFile = new java.io.File(((pathPrefix + java.lang.Integer.toString(counter)) + .png)): null

2018-12-14 01:08:17 - [TEST_STEP][PASSED] - Statement - counter = counter + 1: null

2018-12-14 01:08:17 - [TEST_STEP][PASSED] - Statement - PreSaveFile = new java.io.File(((pathPrefix + java.lang.Integer.toString(counter)) + .png)): null

2018-12-14 01:08:17 - [TEST_STEP][PASSED] - Statement - counter = counter + 1: null

2018-12-14 01:08:17 - [TEST_STEP][PASSED] - Statement - PreSaveFile = new java.io.File(((pathPrefix + java.lang.Integer.toString(counter)) + .png)): null

2018-12-14 01:08:17 - [TEST_STEP][PASSED] - Statement - counter = counter + 1: null

2018-12-14 01:08:17 - [TEST_STEP][PASSED] - Statement - PreSaveFile = new java.io.File(((pathPrefix + java.lang.Integer.toString(counter)) + .png)): null

2018-12-14 01:08:17 - [TEST_STEP][PASSED] - Statement - counter = counter + 1: null

2018-12-14 01:08:17 - [TEST_STEP][PASSED] - Statement - PreSaveFile = new java.io.File(((pathPrefix + java.lang.Integer.toString(counter)) + .png)): null

2018-12-14 01:08:17 - [TEST_STEP][PASSED] - Statement - counter = counter + 1: null

2018-12-14 01:08:17 - [TEST_STEP][PASSED] - Statement - PreSaveFile = new java.io.File(((pathPrefix + java.lang.Integer.toString(counter)) + .png)): null

2018-12-14 01:08:17 - [TEST_STEP][PASSED] - Statement - counter = counter + 1: null

2018-12-14 01:08:17 - [TEST_STEP][PASSED] - Statement - PreSaveFile = new java.io.File(((pathPrefix + java.lang.Integer.toString(counter)) + .png)): null

2018-12-14 01:08:17 - [TEST_STEP][PASSED] - Statement - counter = counter + 1: null

2018-12-14 01:08:17 - [TEST_STEP][PASSED] - Statement - PreSaveFile = new java.io.File(((pathPrefix + java.lang.Integer.toString(counter)) + .png)): null

2018-12-14 01:08:17 - [TEST_STEP][PASSED] - Statement - counter = counter + 1: null

2018-12-14 01:08:17 - [TEST_STEP][PASSED] - Statement - PreSaveFile = new java.io.File(((pathPrefix + java.lang.Integer.toString(counter)) + .png)): null

2018-12-14 01:08:17 - [TEST_STEP][PASSED] - Statement - counter = counter + 1: null

2018-12-14 01:08:17 - [TEST_STEP][PASSED] - Statement - PreSaveFile = new java.io.File(((pathPrefix + java.lang.Integer.toString(counter)) + .png)): null

2018-12-14 01:08:17 - [TEST_STEP][PASSED] - Statement - counter = counter + 1: null

2018-12-14 01:08:17 - [TEST_STEP][PASSED] - Statement - PreSaveFile = new java.io.File(((pathPrefix + java.lang.Integer.toString(counter)) + .png)): null

2018-12-14 01:08:17 - [TEST_STEP][PASSED] - Statement - counter = counter + 1: null

2018-12-14 01:08:17 - [TEST_STEP][PASSED] - Statement - PreSaveFile = new java.io.File(((pathPrefix + java.lang.Integer.toString(counter)) + .png)): null

2018-12-14 01:08:17 - [TEST_STEP][PASSED] - Statement - counter = counter + 1: null

2018-12-14 01:08:17 - [TEST_STEP][PASSED] - Statement - PreSaveFile = new java.io.File(((pathPrefix + java.lang.Integer.toString(counter)) + .png)): null

2018-12-14 01:08:17 - [TEST_STEP][PASSED] - Statement - counter = counter + 1: null

2018-12-14 01:08:17 - [TEST_STEP][PASSED] - Statement - PreSaveFile = new java.io.File(((pathPrefix + java.lang.Integer.toString(counter)) + .png)): null

2018-12-14 01:08:17 - [TEST_STEP][PASSED] - Statement - counter = counter + 1: null

2018-12-14 01:08:17 - [TEST_STEP][PASSED] - Statement - PreSaveFile = new java.io.File(((pathPrefix + java.lang.Integer.toString(counter)) + .png)): null

2018-12-14 01:08:17 - [TEST_STEP][PASSED] - Statement - counter = counter + 1: null

2018-12-14 01:08:17 - [TEST_STEP][PASSED] - Statement - PreSaveFile = new java.io.File(((pathPrefix + java.lang.Integer.toString(counter)) + .png)): null

2018-12-14 01:08:17 - [TEST_STEP][PASSED] - Statement - counter = counter + 1: null

2018-12-14 01:08:17 - [TEST_STEP][PASSED] - Statement - PreSaveFile = new java.io.File(((pathPrefix + java.lang.Integer.toString(counter)) + .png)): null

2018-12-14 01:08:17 - [TEST_STEP][PASSED] - Statement - counter = counter + 1: null

2018-12-14 01:08:17 - [TEST_STEP][PASSED] - Statement - PreSaveFile = new java.io.File(((pathPrefix + java.lang.Integer.toString(counter)) + .png)): null

2018-12-14 01:08:17 - [TEST_STEP][PASSED] - Statement - counter = counter + 1: null

2018-12-14 01:08:17 - [TEST_STEP][PASSED] - Statement - PreSaveFile = new java.io.File(((pathPrefix + java.lang.Integer.toString(counter)) + .png)): null

2018-12-14 01:08:17 - [TEST_STEP][PASSED] - Statement - counter = counter + 1: null

2018-12-14 01:08:17 - [TEST_STEP][PASSED] - Statement - PreSaveFile = new java.io.File(((pathPrefix + java.lang.Integer.toString(counter)) + .png)): null

2018-12-14 01:08:17 - [TEST_STEP][PASSED] - Statement - counter = counter + 1: null

2018-12-14 01:08:17 - [TEST_STEP][PASSED] - Statement - PreSaveFile = new java.io.File(((pathPrefix + java.lang.Integer.toString(counter)) + .png)): null

2018-12-14 01:08:17 - [TEST_STEP][PASSED] - Statement - counter = counter + 1: null

2018-12-14 01:08:17 - [TEST_STEP][PASSED] - Statement - PreSaveFile = new java.io.File(((pathPrefix + java.lang.Integer.toString(counter)) + .png)): null

2018-12-14 01:08:18 - [TEST_STEP][PASSED] - Statement - counter = counter + 1: null

2018-12-14 01:08:18 - [TEST_STEP][PASSED] - Statement - PreSaveFile = new java.io.File(((pathPrefix + java.lang.Integer.toString(counter)) + .png)): null

2018-12-14 01:08:18 - [TEST_STEP][PASSED] - Statement - counter = counter + 1: null

2018-12-14 01:08:18 - [TEST_STEP][PASSED] - Statement - PreSaveFile = new java.io.File(((pathPrefix + java.lang.Integer.toString(counter)) + .png)): null

2018-12-14 01:08:18 - [TEST_STEP][PASSED] - Statement - counter = counter + 1: null

2018-12-14 01:08:18 - [TEST_STEP][PASSED] - Statement - PreSaveFile = new java.io.File(((pathPrefix + java.lang.Integer.toString(counter)) + .png)): null

2018-12-14 01:08:18 - [TEST_STEP][PASSED] - Statement - counter = counter + 1: null

2018-12-14 01:08:18 - [TEST_STEP][PASSED] - Statement - PreSaveFile = new java.io.File(((pathPrefix + java.lang.Integer.toString(counter)) + .png)): null

2018-12-14 01:08:18 - [TEST_STEP][PASSED] - Statement - counter = counter + 1: null

2018-12-14 01:08:18 - [TEST_STEP][PASSED] - Statement - PreSaveFile = new java.io.File(((pathPrefix + java.lang.Integer.toString(counter)) + .png)): null

2018-12-14 01:08:18 - [TEST_STEP][PASSED] - Statement - counter = counter + 1: null

2018-12-14 01:08:18 - [TEST_STEP][PASSED] - Statement - PreSaveFile = new java.io.File(((pathPrefix + java.lang.Integer.toString(counter)) + .png)): null

2018-12-14 01:08:18 - [TEST_STEP][PASSED] - Statement - counter = counter + 1: null

2018-12-14 01:08:18 - [TEST_STEP][PASSED] - Statement - PreSaveFile = new java.io.File(((pathPrefix + java.lang.Integer.toString(counter)) + .png)): null

2018-12-14 01:08:18 - [TEST_STEP][PASSED] - Statement - counter = counter + 1: null

2018-12-14 01:08:18 - [TEST_STEP][PASSED] - Statement - PreSaveFile = new java.io.File(((pathPrefix + java.lang.Integer.toString(counter)) + .png)): null

2018-12-14 01:08:18 - [TEST_STEP][PASSED] - Statement - counter = counter + 1: null

2018-12-14 01:08:18 - [TEST_STEP][PASSED] - Statement - PreSaveFile = new java.io.File(((pathPrefix + java.lang.Integer.toString(counter)) + .png)): null

2018-12-14 01:08:18 - [TEST_STEP][PASSED] - Statement - counter = counter + 1: null

2018-12-14 01:08:18 - [TEST_STEP][PASSED] - Statement - PreSaveFile = new java.io.File(((pathPrefix + java.lang.Integer.toString(counter)) + .png)): null

2018-12-14 01:08:18 - [TEST_STEP][PASSED] - Statement - counter = counter + 1: null

2018-12-14 01:08:18 - [TEST_STEP][PASSED] - Statement - PreSaveFile = new java.io.File(((pathPrefix + java.lang.Integer.toString(counter)) + .png)): null

2018-12-14 01:08:18 - [TEST_STEP][PASSED] - Statement - counter = counter + 1: null

2018-12-14 01:08:18 - [TEST_STEP][PASSED] - Statement - PreSaveFile = new java.io.File(((pathPrefix + java.lang.Integer.toString(counter)) + .png)): null

2018-12-14 01:08:18 - [TEST_STEP][PASSED] - Statement - counter = counter + 1: null

2018-12-14 01:08:18 - [TEST_STEP][PASSED] - Statement - PreSaveFile = new java.io.File(((pathPrefix + java.lang.Integer.toString(counter)) + .png)): null

2018-12-14 01:08:18 - [TEST_STEP][PASSED] - Statement - counter = counter + 1: null

2018-12-14 01:08:18 - [TEST_STEP][PASSED] - Statement - PreSaveFile = new java.io.File(((pathPrefix + java.lang.Integer.toString(counter)) + .png)): null

2018-12-14 01:08:18 - [TEST_STEP][PASSED] - Statement - counter = counter + 1: null

2018-12-14 01:08:18 - [TEST_STEP][PASSED] - Statement - PreSaveFile = new java.io.File(((pathPrefix + java.lang.Integer.toString(counter)) + .png)): null

2018-12-14 01:08:18 - [TEST_STEP][PASSED] - Statement - counter = counter + 1: null

2018-12-14 01:08:18 - [TEST_STEP][PASSED] - Statement - PreSaveFile = new java.io.File(((pathPrefix + java.lang.Integer.toString(counter)) + .png)): null

2018-12-14 01:08:18 - [TEST_STEP][PASSED] - Statement - counter = counter + 1: null

2018-12-14 01:08:18 - [TEST_STEP][PASSED] - Statement - PreSaveFile = new java.io.File(((pathPrefix + java.lang.Integer.toString(counter)) + .png)): null

2018-12-14 01:08:18 - [TEST_STEP][PASSED] - Statement - counter = counter + 1: null

2018-12-14 01:08:18 - [TEST_STEP][PASSED] - Statement - PreSaveFile = new java.io.File(((pathPrefix + java.lang.Integer.toString(counter)) + .png)): null

2018-12-14 01:08:18 - [TEST_STEP][PASSED] - Statement - counter = counter + 1: null

2018-12-14 01:08:18 - [TEST_STEP][PASSED] - Statement - PreSaveFile = new java.io.File(((pathPrefix + java.lang.Integer.toString(counter)) + .png)): null

2018-12-14 01:08:18 - [TEST_STEP][PASSED] - Statement - counter = counter + 1: null

2018-12-14 01:08:18 - [TEST_STEP][PASSED] - Statement - PreSaveFile = new java.io.File(((pathPrefix + java.lang.Integer.toString(counter)) + .png)): null

2018-12-14 01:08:18 - [TEST_STEP][PASSED] - Statement - counter = counter + 1: null

2018-12-14 01:08:18 - [TEST_STEP][PASSED] - Statement - PreSaveFile = new java.io.File(((pathPrefix + java.lang.Integer.toString(counter)) + .png)): null

2018-12-14 01:08:18 - [TEST_STEP][PASSED] - Statement - counter = counter + 1: null

2018-12-14 01:08:18 - [TEST_STEP][PASSED] - Statement - PreSaveFile = new java.io.File(((pathPrefix + java.lang.Integer.toString(counter)) + .png)): null

2018-12-14 01:08:18 - [TEST_STEP][PASSED] - Statement - counter = counter + 1: null

2018-12-14 01:08:18 - [TEST_STEP][PASSED] - Statement - PreSaveFile = new java.io.File(((pathPrefix + java.lang.Integer.toString(counter)) + .png)): null

2018-12-14 01:08:18 - [TEST_STEP][PASSED] - Statement - counter = counter + 1: null

2018-12-14 01:08:18 - [TEST_STEP][PASSED] - Statement - PreSaveFile = new java.io.File(((pathPrefix + java.lang.Integer.toString(counter)) + .png)): null

2018-12-14 01:08:18 - [TEST_STEP][PASSED] - Statement - counter = counter + 1: null

2018-12-14 01:08:18 - [TEST_STEP][PASSED] - Statement - PreSaveFile = new java.io.File(((pathPrefix + java.lang.Integer.toString(counter)) + .png)): null

2018-12-14 01:08:18 - [TEST_STEP][PASSED] - Statement - counter = counter + 1: null

2018-12-14 01:08:18 - [TEST_STEP][PASSED] - Statement - PreSaveFile = new java.io.File(((pathPrefix + java.lang.Integer.toString(counter)) + .png)): null

2018-12-14 01:08:18 - [TEST_STEP][PASSED] - Statement - counter = counter + 1: null

2018-12-14 01:08:18 - [TEST_STEP][PASSED] - Statement - PreSaveFile = new java.io.File(((pathPrefix + java.lang.Integer.toString(counter)) + .png)): null

2018-12-14 01:08:18 - [TEST_STEP][PASSED] - Statement - counter = counter + 1: null

2018-12-14 01:08:18 - [TEST_STEP][PASSED] - Statement - PreSaveFile = new java.io.File(((pathPrefix + java.lang.Integer.toString(counter)) + .png)): null

2018-12-14 01:08:18 - [TEST_STEP][PASSED] - Statement - counter = counter + 1: null

2018-12-14 01:08:18 - [TEST_STEP][PASSED] - Statement - PreSaveFile = new java.io.File(((pathPrefix + java.lang.Integer.toString(counter)) + .png)): null

2018-12-14 01:08:18 - [TEST_STEP][PASSED] - Statement - counter = counter + 1: null

2018-12-14 01:08:18 - [TEST_STEP][PASSED] - Statement - PreSaveFile = new java.io.File(((pathPrefix + java.lang.Integer.toString(counter)) + .png)): null

2018-12-14 01:08:18 - [TEST_STEP][PASSED] - Statement - counter = counter + 1: null

2018-12-14 01:08:18 - [TEST_STEP][PASSED] - Statement - PreSaveFile = new java.io.File(((pathPrefix + java.lang.Integer.toString(counter)) + .png)): null

2018-12-14 01:08:18 - [TEST_STEP][PASSED] - Statement - counter = counter + 1: null

2018-12-14 01:08:18 - [TEST_STEP][PASSED] - Statement - PreSaveFile = new java.io.File(((pathPrefix + java.lang.Integer.toString(counter)) + .png)): null

2018-12-14 01:08:18 - [TEST_STEP][PASSED] - Statement - counter = counter + 1: null

2018-12-14 01:08:18 - [TEST_STEP][PASSED] - Statement - PreSaveFile = new java.io.File(((pathPrefix + java.lang.Integer.toString(counter)) + .png)): null

2018-12-14 01:08:18 - [TEST_STEP][PASSED] - Statement - counter = counter + 1: null

2018-12-14 01:08:18 - [TEST_STEP][PASSED] - Statement - PreSaveFile = new java.io.File(((pathPrefix + java.lang.Integer.toString(counter)) + .png)): null

2018-12-14 01:08:18 - [TEST_STEP][PASSED] - Statement - counter = counter + 1: null

2018-12-14 01:08:18 - [TEST_STEP][PASSED] - Statement - PreSaveFile = new java.io.File(((pathPrefix + java.lang.Integer.toString(counter)) + .png)): null

2018-12-14 01:08:18 - [TEST_STEP][PASSED] - Statement - counter = counter + 1: null

2018-12-14 01:08:18 - [TEST_STEP][PASSED] - Statement - PreSaveFile = new java.io.File(((pathPrefix + java.lang.Integer.toString(counter)) + .png)): null

2018-12-14 01:08:18 - [TEST_STEP][PASSED] - Statement - counter = counter + 1: null

2018-12-14 01:08:18 - [TEST_STEP][PASSED] - Statement - PreSaveFile = new java.io.File(((pathPrefix + java.lang.Integer.toString(counter)) + .png)): null

2018-12-14 01:08:18 - [TEST_STEP][PASSED] - Statement - counter = counter + 1: null

2018-12-14 01:08:18 - [TEST_STEP][PASSED] - Statement - PreSaveFile = new java.io.File(((pathPrefix + java.lang.Integer.toString(counter)) + .png)): null

2018-12-14 01:08:18 - [TEST_STEP][PASSED] - Statement - counter = counter + 1: null

2018-12-14 01:08:18 - [TEST_STEP][PASSED] - Statement - PreSaveFile = new java.io.File(((pathPrefix + java.lang.Integer.toString(counter)) + .png)): null

2018-12-14 01:08:18 - [TEST_STEP][PASSED] - Statement - counter = counter + 1: null

2018-12-14 01:08:18 - [TEST_STEP][PASSED] - Statement - PreSaveFile = new java.io.File(((pathPrefix + java.lang.Integer.toString(counter)) + .png)): null

2018-12-14 01:08:18 - [TEST_STEP][PASSED] - Statement - counter = counter + 1: null

2018-12-14 01:08:18 - [TEST_STEP][PASSED] - Statement - PreSaveFile = new java.io.File(((pathPrefix + java.lang.Integer.toString(counter)) + .png)): null

2018-12-14 01:08:18 - [TEST_STEP][PASSED] - Statement - counter = counter + 1: null

2018-12-14 01:08:18 - [TEST_STEP][PASSED] - Statement - PreSaveFile = new java.io.File(((pathPrefix + java.lang.Integer.toString(counter)) + .png)): null

2018-12-14 01:08:18 - [TEST_STEP][PASSED] - Statement - counter = counter + 1: null

2018-12-14 01:08:18 - [TEST_STEP][PASSED] - Statement - PreSaveFile = new java.io.File(((pathPrefix + java.lang.Integer.toString(counter)) + .png)): null

2018-12-14 01:08:18 - [TEST_STEP][PASSED] - Statement - counter = counter + 1: null

2018-12-14 01:08:18 - [TEST_STEP][PASSED] - Statement - PreSaveFile = new java.io.File(((pathPrefix + java.lang.Integer.toString(counter)) + .png)): null

2018-12-14 01:08:18 - [TEST_STEP][PASSED] - Statement - counter = counter + 1: null

2018-12-14 01:08:18 - [TEST_STEP][PASSED] - Statement - PreSaveFile = new java.io.File(((pathPrefix + java.lang.Integer.toString(counter)) + .png)): null

2018-12-14 01:08:18 - [TEST_STEP][PASSED] - Statement - counter = counter + 1: null

2018-12-14 01:08:18 - [TEST_STEP][PASSED] - Statement - PreSaveFile = new java.io.File(((pathPrefix + java.lang.Integer.toString(counter)) + .png)): null

2018-12-14 01:08:18 - [TEST_STEP][PASSED] - Statement - counter = counter + 1: null

2018-12-14 01:08:18 - [TEST_STEP][PASSED] - Statement - PreSaveFile = new java.io.File(((pathPrefix + java.lang.Integer.toString(counter)) + .png)): null

2018-12-14 01:08:18 - [TEST_STEP][PASSED] - Statement - counter = counter + 1: null

2018-12-14 01:08:18 - [TEST_STEP][PASSED] - Statement - PreSaveFile = new java.io.File(((pathPrefix + java.lang.Integer.toString(counter)) + .png)): null

2018-12-14 01:08:18 - [TEST_STEP][PASSED] - Statement - counter = counter + 1: null

2018-12-14 01:08:18 - [TEST_STEP][PASSED] - Statement - PreSaveFile = new java.io.File(((pathPrefix + java.lang.Integer.toString(counter)) + .png)): null

2018-12-14 01:08:18 - [TEST_STEP][PASSED] - Statement - counter = counter + 1: null

2018-12-14 01:08:18 - [TEST_STEP][PASSED] - Statement - PreSaveFile = new java.io.File(((pathPrefix + java.lang.Integer.toString(counter)) + .png)): null

2018-12-14 01:08:18 - [TEST_STEP][PASSED] - Statement - counter = counter + 1: null

2018-12-14 01:08:18 - [TEST_STEP][PASSED] - Statement - PreSaveFile = new java.io.File(((pathPrefix + java.lang.Integer.toString(counter)) + .png)): null

2018-12-14 01:08:18 - [TEST_STEP][PASSED] - Statement - counter = counter + 1: null

2018-12-14 01:08:18 - [TEST_STEP][PASSED] - Statement - PreSaveFile = new java.io.File(((pathPrefix + java.lang.Integer.toString(counter)) + .png)): null

2018-12-14 01:08:18 - [TEST_STEP][PASSED] - Statement - counter = counter + 1: null

2018-12-14 01:08:18 - [TEST_STEP][PASSED] - Statement - PreSaveFile = new java.io.File(((pathPrefix + java.lang.Integer.toString(counter)) + .png)): null

2018-12-14 01:08:18 - [TEST_STEP][PASSED] - Statement - counter = counter + 1: null

2018-12-14 01:08:18 - [TEST_STEP][PASSED] - Statement - PreSaveFile = new java.io.File(((pathPrefix + java.lang.Integer.toString(counter)) + .png)): null

2018-12-14 01:08:18 - [TEST_STEP][PASSED] - Statement - counter = counter + 1: null

2018-12-14 01:08:18 - [TEST_STEP][PASSED] - Statement - PreSaveFile = new java.io.File(((pathPrefix + java.lang.Integer.toString(counter)) + .png)): null

2018-12-14 01:08:18 - [TEST_STEP][PASSED] - Statement - counter = counter + 1: null

2018-12-14 01:08:18 - [TEST_STEP][PASSED] - Statement - PreSaveFile = new java.io.File(((pathPrefix + java.lang.Integer.toString(counter)) + .png)): null

2018-12-14 01:08:18 - [TEST_STEP][PASSED] - Statement - counter = counter + 1: null

2018-12-14 01:08:18 - [TEST_STEP][PASSED] - Statement - PreSaveFile = new java.io.File(((pathPrefix + java.lang.Integer.toString(counter)) + .png)): null

2018-12-14 01:08:18 - [TEST_STEP][PASSED] - Statement - counter = counter + 1: null

2018-12-14 01:08:18 - [TEST_STEP][PASSED] - Statement - PreSaveFile = new java.io.File(((pathPrefix + java.lang.Integer.toString(counter)) + .png)): null

2018-12-14 01:08:18 - [TEST_STEP][PASSED] - Statement - counter = counter + 1: null

2018-12-14 01:08:18 - [TEST_STEP][PASSED] - Statement - PreSaveFile = new java.io.File(((pathPrefix + java.lang.Integer.toString(counter)) + .png)): null

2018-12-14 01:08:18 - [TEST_STEP][PASSED] - Statement - counter = counter + 1: null

2018-12-14 01:08:18 - [TEST_STEP][PASSED] - Statement - PreSaveFile = new java.io.File(((pathPrefix + java.lang.Integer.toString(counter)) + .png)): null

2018-12-14 01:08:18 - [TEST_STEP][PASSED] - Statement - counter = counter + 1: null

2018-12-14 01:08:18 - [TEST_STEP][PASSED] - Statement - PreSaveFile = new java.io.File(((pathPrefix + java.lang.Integer.toString(counter)) + .png)): null

2018-12-14 01:08:18 - [TEST_STEP][PASSED] - Statement - counter = counter + 1: null

2018-12-14 01:08:18 - [TEST_STEP][PASSED] - Statement - PreSaveFile = new java.io.File(((pathPrefix + java.lang.Integer.toString(counter)) + .png)): null

2018-12-14 01:08:18 - [TEST_STEP][PASSED] - Statement - counter = counter + 1: null

2018-12-14 01:08:18 - [TEST_STEP][PASSED] - Statement - PreSaveFile = new java.io.File(((pathPrefix + java.lang.Integer.toString(counter)) + .png)): null

2018-12-14 01:08:18 - [TEST_STEP][PASSED] - Statement - counter = counter + 1: null

2018-12-14 01:08:18 - [TEST_STEP][PASSED] - Statement - PreSaveFile = new java.io.File(((pathPrefix + java.lang.Integer.toString(counter)) + .png)): null

2018-12-14 01:08:18 - [TEST_STEP][PASSED] - Statement - counter = counter + 1: null

2018-12-14 01:08:18 - [TEST_STEP][PASSED] - Statement - PreSaveFile = new java.io.File(((pathPrefix + java.lang.Integer.toString(counter)) + .png)): null

2018-12-14 01:08:18 - [TEST_STEP][PASSED] - Statement - counter = counter + 1: null

2018-12-14 01:08:18 - [TEST_STEP][PASSED] - Statement - PreSaveFile = new java.io.File(((pathPrefix + java.lang.Integer.toString(counter)) + .png)): null

2018-12-14 01:08:18 - [TEST_STEP][PASSED] - Statement - counter = counter + 1: null

2018-12-14 01:08:18 - [TEST_STEP][PASSED] - Statement - PreSaveFile = new java.io.File(((pathPrefix + java.lang.Integer.toString(counter)) + .png)): null

2018-12-14 01:08:18 - [TEST_STEP][PASSED] - Statement - counter = counter + 1: null

2018-12-14 01:08:18 - [TEST_STEP][PASSED] - Statement - PreSaveFile = new java.io.File(((pathPrefix + java.lang.Integer.toString(counter)) + .png)): null

2018-12-14 01:08:18 - [TEST_STEP][PASSED] - Statement - counter = counter + 1: null

2018-12-14 01:08:18 - [TEST_STEP][PASSED] - Statement - PreSaveFile = new java.io.File(((pathPrefix + java.lang.Integer.toString(counter)) + .png)): null

2018-12-14 01:08:18 - [TEST_STEP][PASSED] - Statement - counter = counter + 1: null

2018-12-14 01:08:18 - [TEST_STEP][PASSED] - Statement - PreSaveFile = new java.io.File(((pathPrefix + java.lang.Integer.toString(counter)) + .png)): null

2018-12-14 01:08:18 - [TEST_STEP][PASSED] - Statement - counter = counter + 1: null

2018-12-14 01:08:18 - [TEST_STEP][PASSED] - Statement - PreSaveFile = new java.io.File(((pathPrefix + java.lang.Integer.toString(counter)) + .png)): null

2018-12-14 01:08:18 - [TEST_STEP][PASSED] - Statement - counter = counter + 1: null

2018-12-14 01:08:18 - [TEST_STEP][PASSED] - Statement - PreSaveFile = new java.io.File(((pathPrefix + java.lang.Integer.toString(counter)) + .png)): null

2018-12-14 01:08:18 - [TEST_STEP][PASSED] - Statement - counter = counter + 1: null

2018-12-14 01:08:18 - [TEST_STEP][PASSED] - Statement - PreSaveFile = new java.io.File(((pathPrefix + java.lang.Integer.toString(counter)) + .png)): null

2018-12-14 01:08:18 - [TEST_STEP][PASSED] - Statement - counter = counter + 1: null

2018-12-14 01:08:18 - [TEST_STEP][PASSED] - Statement - PreSaveFile = new java.io.File(((pathPrefix + java.lang.Integer.toString(counter)) + .png)): null

2018-12-14 01:08:18 - [TEST_STEP][PASSED] - Statement - counter = counter + 1: null

2018-12-14 01:08:18 - [TEST_STEP][PASSED] - Statement - PreSaveFile = new java.io.File(((pathPrefix + java.lang.Integer.toString(counter)) + .png)): null

2018-12-14 01:08:18 - [TEST_STEP][PASSED] - Statement - counter = counter + 1: null

2018-12-14 01:08:18 - [TEST_STEP][PASSED] - Statement - PreSaveFile = new java.io.File(((pathPrefix + java.lang.Integer.toString(counter)) + .png)): null

2018-12-14 01:08:18 - [TEST_STEP][PASSED] - Statement - counter = counter + 1: null

2018-12-14 01:08:18 - [TEST_STEP][PASSED] - Statement - PreSaveFile = new java.io.File(((pathPrefix + java.lang.Integer.toString(counter)) + .png)): null

2018-12-14 01:08:18 - [TEST_STEP][PASSED] - Statement - counter = counter + 1: null

2018-12-14 01:08:18 - [TEST_STEP][PASSED] - Statement - PreSaveFile = new java.io.File(((pathPrefix + java.lang.Integer.toString(counter)) + .png)): null

2018-12-14 01:08:18 - [TEST_STEP][PASSED] - Statement - counter = counter + 1: null

2018-12-14 01:08:18 - [TEST_STEP][PASSED] - Statement - PreSaveFile = new java.io.File(((pathPrefix + java.lang.Integer.toString(counter)) + .png)): null

2018-12-14 01:08:18 - [TEST_STEP][PASSED] - Statement - counter = counter + 1: null

2018-12-14 01:08:18 - [TEST_STEP][PASSED] - Statement - PreSaveFile = new java.io.File(((pathPrefix + java.lang.Integer.toString(counter)) + .png)): null

2018-12-14 01:08:18 - [TEST_STEP][PASSED] - Statement - counter = counter + 1: null

2018-12-14 01:08:18 - [TEST_STEP][PASSED] - Statement - PreSaveFile = new java.io.File(((pathPrefix + java.lang.Integer.toString(counter)) + .png)): null

2018-12-14 01:08:18 - [TEST_STEP][PASSED] - Statement - counter = counter + 1: null

2018-12-14 01:08:18 - [TEST_STEP][PASSED] - Statement - PreSaveFile = new java.io.File(((pathPrefix + java.lang.Integer.toString(counter)) + .png)): null

2018-12-14 01:08:18 - [TEST_STEP][PASSED] - Statement - counter = counter + 1: null

2018-12-14 01:08:18 - [TEST_STEP][PASSED] - Statement - PreSaveFile = new java.io.File(((pathPrefix + java.lang.Integer.toString(counter)) + .png)): null

2018-12-14 01:08:18 - [TEST_STEP][PASSED] - Statement - counter = counter + 1: null

2018-12-14 01:08:18 - [TEST_STEP][PASSED] - Statement - PreSaveFile = new java.io.File(((pathPrefix + java.lang.Integer.toString(counter)) + .png)): null

2018-12-14 01:08:18 - [TEST_STEP][PASSED] - Statement - counter = counter + 1: null

2018-12-14 01:08:18 - [TEST_STEP][PASSED] - Statement - PreSaveFile = new java.io.File(((pathPrefix + java.lang.Integer.toString(counter)) + .png)): null

2018-12-14 01:08:18 - [TEST_STEP][PASSED] - Statement - counter = counter + 1: null

2018-12-14 01:08:18 - [TEST_STEP][PASSED] - Statement - PreSaveFile = new java.io.File(((pathPrefix + java.lang.Integer.toString(counter)) + .png)): null

2018-12-14 01:08:18 - [TEST_STEP][PASSED] - Statement - counter = counter + 1: null

2018-12-14 01:08:18 - [TEST_STEP][PASSED] - Statement - PreSaveFile = new java.io.File(((pathPrefix + java.lang.Integer.toString(counter)) + .png)): null

2018-12-14 01:08:18 - [TEST_STEP][PASSED] - Statement - counter = counter + 1: null

2018-12-14 01:08:18 - [TEST_STEP][PASSED] - Statement - PreSaveFile = new java.io.File(((pathPrefix + java.lang.Integer.toString(counter)) + .png)): null

2018-12-14 01:08:18 - [TEST_STEP][PASSED] - Statement - counter = counter + 1: null

2018-12-14 01:08:18 - [TEST_STEP][PASSED] - Statement - PreSaveFile = new java.io.File(((pathPrefix + java.lang.Integer.toString(counter)) + .png)): null

2018-12-14 01:08:18 - [TEST_STEP][PASSED] - Statement - counter = counter + 1: null

2018-12-14 01:08:18 - [TEST_STEP][PASSED] - Statement - PreSaveFile = new java.io.File(((pathPrefix + java.lang.Integer.toString(counter)) + .png)): null

2018-12-14 01:08:18 - [TEST_STEP][PASSED] - Statement - counter = counter + 1: null

2018-12-14 01:08:18 - [TEST_STEP][PASSED] - Statement - PreSaveFile = new java.io.File(((pathPrefix + java.lang.Integer.toString(counter)) + .png)): null

2018-12-14 01:08:18 - [TEST_STEP][PASSED] - Statement - counter = counter + 1: null

2018-12-14 01:08:18 - [TEST_STEP][PASSED] - Statement - PreSaveFile = new java.io.File(((pathPrefix + java.lang.Integer.toString(counter)) + .png)): null

2018-12-14 01:08:18 - [TEST_STEP][PASSED] - Statement - counter = counter + 1: null

2018-12-14 01:08:18 - [TEST_STEP][PASSED] - Statement - PreSaveFile = new java.io.File(((pathPrefix + java.lang.Integer.toString(counter)) + .png)): null

2018-12-14 01:08:18 - [TEST_STEP][PASSED] - Statement - counter = counter + 1: null

2018-12-14 01:08:18 - [TEST_STEP][PASSED] - Statement - PreSaveFile = new java.io.File(((pathPrefix + java.lang.Integer.toString(counter)) + .png)): null

2018-12-14 01:08:18 - [TEST_STEP][PASSED] - Statement - counter = counter + 1: null

2018-12-14 01:08:18 - [TEST_STEP][PASSED] - Statement - PreSaveFile = new java.io.File(((pathPrefix + java.lang.Integer.toString(counter)) + .png)): null

2018-12-14 01:08:18 - [TEST_STEP][PASSED] - Statement - counter = counter + 1: null

2018-12-14 01:08:18 - [TEST_STEP][PASSED] - Statement - PreSaveFile = new java.io.File(((pathPrefix + java.lang.Integer.toString(counter)) + .png)): null

2018-12-14 01:08:18 - [TEST_STEP][PASSED] - Statement - counter = counter + 1: null

2018-12-14 01:08:18 - [TEST_STEP][PASSED] - Statement - PreSaveFile = new java.io.File(((pathPrefix + java.lang.Integer.toString(counter)) + .png)): null

2018-12-14 01:08:18 - [TEST_STEP][PASSED] - Statement - counter = counter + 1: null

2018-12-14 01:08:18 - [TEST_STEP][PASSED] - Statement - PreSaveFile = new java.io.File(((pathPrefix + java.lang.Integer.toString(counter)) + .png)): null

2018-12-14 01:08:18 - [TEST_STEP][PASSED] - Statement - counter = counter + 1: null

2018-12-14 01:08:18 - [TEST_STEP][PASSED] - Statement - PreSaveFile = new java.io.File(((pathPrefix + java.lang.Integer.toString(counter)) + .png)): null

2018-12-14 01:08:18 - [TEST_STEP][PASSED] - Statement - counter = counter + 1: null

2018-12-14 01:08:18 - [TEST_STEP][PASSED] - Statement - PreSaveFile = new java.io.File(((pathPrefix + java.lang.Integer.toString(counter)) + .png)): null

2018-12-14 01:08:18 - [TEST_STEP][PASSED] - Statement - counter = counter + 1: null

2018-12-14 01:08:18 - [TEST_STEP][PASSED] - Statement - PreSaveFile = new java.io.File(((pathPrefix + java.lang.Integer.toString(counter)) + .png)): null

2018-12-14 01:08:18 - [TEST_STEP][PASSED] - Statement - counter = counter + 1: null

2018-12-14 01:08:18 - [TEST_STEP][PASSED] - Statement - PreSaveFile = new java.io.File(((pathPrefix + java.lang.Integer.toString(counter)) + .png)): null

2018-12-14 01:08:18 - [TEST_STEP][PASSED] - Statement - counter = counter + 1: null

2018-12-14 01:08:18 - [TEST_STEP][PASSED] - Statement - PreSaveFile = new java.io.File(((pathPrefix + java.lang.Integer.toString(counter)) + .png)): null

2018-12-14 01:08:18 - [TEST_STEP][PASSED] - Statement - counter = counter + 1: null

2018-12-14 01:08:18 - [TEST_STEP][PASSED] - Statement - PreSaveFile = new java.io.File(((pathPrefix + java.lang.Integer.toString(counter)) + .png)): null

2018-12-14 01:08:18 - [TEST_STEP][PASSED] - Statement - counter = counter + 1: null

2018-12-14 01:08:18 - [TEST_STEP][PASSED] - Statement - PreSaveFile = new java.io.File(((pathPrefix + java.lang.Integer.toString(counter)) + .png)): null

2018-12-14 01:08:18 - [TEST_STEP][PASSED] - Statement - counter = counter + 1: null

2018-12-14 01:08:18 - [TEST_STEP][PASSED] - Statement - PreSaveFile = new java.io.File(((pathPrefix + java.lang.Integer.toString(counter)) + .png)): null

2018-12-14 01:08:18 - [TEST_STEP][PASSED] - Statement - counter = counter + 1: null

2018-12-14 01:08:18 - [TEST_STEP][PASSED] - Statement - PreSaveFile = new java.io.File(((pathPrefix + java.lang.Integer.toString(counter)) + .png)): null

2018-12-14 01:08:18 - [TEST_STEP][PASSED] - Statement - counter = counter + 1: null

2018-12-14 01:08:18 - [TEST_STEP][PASSED] - Statement - PreSaveFile = new java.io.File(((pathPrefix + java.lang.Integer.toString(counter)) + .png)): null

2018-12-14 01:08:18 - [TEST_STEP][PASSED] - Statement - counter = counter + 1: null

2018-12-14 01:08:18 - [TEST_STEP][PASSED] - Statement - PreSaveFile = new java.io.File(((pathPrefix + java.lang.Integer.toString(counter)) + .png)): null

2018-12-14 01:08:18 - [TEST_STEP][PASSED] - Statement - counter = counter + 1: null

2018-12-14 01:08:18 - [TEST_STEP][PASSED] - Statement - PreSaveFile = new java.io.File(((pathPrefix + java.lang.Integer.toString(counter)) + .png)): null

2018-12-14 01:08:18 - [TEST_STEP][PASSED] - Statement - counter = counter + 1: null

2018-12-14 01:08:18 - [TEST_STEP][PASSED] - Statement - PreSaveFile = new java.io.File(((pathPrefix + java.lang.Integer.toString(counter)) + .png)): null

2018-12-14 01:08:18 - [TEST_STEP][PASSED] - Statement - counter = counter + 1: null

2018-12-14 01:08:18 - [TEST_STEP][PASSED] - Statement - PreSaveFile = new java.io.File(((pathPrefix + java.lang.Integer.toString(counter)) + .png)): null

2018-12-14 01:08:18 - [TEST_STEP][PASSED] - Statement - counter = counter + 1: null

2018-12-14 01:08:18 - [TEST_STEP][PASSED] - Statement - PreSaveFile = new java.io.File(((pathPrefix + java.lang.Integer.toString(counter)) + .png)): null

2018-12-14 01:08:18 - [TEST_STEP][PASSED] - Statement - counter = counter + 1: null

2018-12-14 01:08:18 - [TEST_STEP][PASSED] - Statement - PreSaveFile = new java.io.File(((pathPrefix + java.lang.Integer.toString(counter)) + .png)): null

2018-12-14 01:08:18 - [TEST_STEP][PASSED] - Statement - counter = counter + 1: null

2018-12-14 01:08:18 - [TEST_STEP][PASSED] - Statement - PreSaveFile = new java.io.File(((pathPrefix + java.lang.Integer.toString(counter)) + .png)): null

2018-12-14 01:08:18 - [TEST_STEP][PASSED] - Statement - counter = counter + 1: null

2018-12-14 01:08:18 - [TEST_STEP][PASSED] - Statement - PreSaveFile = new java.io.File(((pathPrefix + java.lang.Integer.toString(counter)) + .png)): null

2018-12-14 01:08:18 - [TEST_STEP][PASSED] - Statement - counter = counter + 1: null

2018-12-14 01:08:18 - [TEST_STEP][PASSED] - Statement - PreSaveFile = new java.io.File(((pathPrefix + java.lang.Integer.toString(counter)) + .png)): null

2018-12-14 01:08:18 - [TEST_STEP][PASSED] - Statement - counter = counter + 1: null

2018-12-14 01:08:18 - [TEST_STEP][PASSED] - Statement - PreSaveFile = new java.io.File(((pathPrefix + java.lang.Integer.toString(counter)) + .png)): null

2018-12-14 01:08:18 - [TEST_STEP][PASSED] - Statement - counter = counter + 1: null

2018-12-14 01:08:18 - [TEST_STEP][PASSED] - Statement - PreSaveFile = new java.io.File(((pathPrefix + java.lang.Integer.toString(counter)) + .png)): null

2018-12-14 01:08:18 - [TEST_STEP][PASSED] - Statement - counter = counter + 1: null

2018-12-14 01:08:18 - [TEST_STEP][PASSED] - Statement - PreSaveFile = new java.io.File(((pathPrefix + java.lang.Integer.toString(counter)) + .png)): null

2018-12-14 01:08:18 - [TEST_STEP][PASSED] - Statement - counter = counter + 1: null

2018-12-14 01:08:18 - [TEST_STEP][PASSED] - Statement - PreSaveFile = new java.io.File(((pathPrefix + java.lang.Integer.toString(counter)) + .png)): null

2018-12-14 01:08:18 - [TEST_STEP][PASSED] - Statement - counter = counter + 1: null

2018-12-14 01:08:18 - [TEST_STEP][PASSED] - Statement - PreSaveFile = new java.io.File(((pathPrefix + java.lang.Integer.toString(counter)) + .png)): null

2018-12-14 01:08:18 - [TEST_STEP][PASSED] - Statement - counter = counter + 1: null

2018-12-14 01:08:18 - [TEST_STEP][PASSED] - Statement - PreSaveFile = new java.io.File(((pathPrefix + java.lang.Integer.toString(counter)) + .png)): null

2018-12-14 01:08:18 - [TEST_STEP][PASSED] - Statement - counter = counter + 1: null

2018-12-14 01:08:18 - [TEST_STEP][PASSED] - Statement - PreSaveFile = new java.io.File(((pathPrefix + java.lang.Integer.toString(counter)) + .png)): null

2018-12-14 01:08:18 - [TEST_STEP][PASSED] - Statement - counter = counter + 1: null

2018-12-14 01:08:18 - [TEST_STEP][PASSED] - Statement - PreSaveFile = new java.io.File(((pathPrefix + java.lang.Integer.toString(counter)) + .png)): null

2018-12-14 01:08:18 - [TEST_STEP][PASSED] - Statement - counter = counter + 1: null

2018-12-14 01:08:18 - [TEST_STEP][PASSED] - Statement - PreSaveFile = new java.io.File(((pathPrefix + java.lang.Integer.toString(counter)) + .png)): null

2018-12-14 01:08:18 - [TEST_STEP][PASSED] - Statement - counter = counter + 1: null

2018-12-14 01:08:18 - [TEST_STEP][PASSED] - Statement - PreSaveFile = new java.io.File(((pathPrefix + java.lang.Integer.toString(counter)) + .png)): null

2018-12-14 01:08:18 - [TEST_STEP][PASSED] - Statement - counter = counter + 1: null

2018-12-14 01:08:18 - [TEST_STEP][PASSED] - Statement - PreSaveFile = new java.io.File(((pathPrefix + java.lang.Integer.toString(counter)) + .png)): null

2018-12-14 01:08:18 - [TEST_STEP][PASSED] - Statement - counter = counter + 1: null

2018-12-14 01:08:18 - [TEST_STEP][PASSED] - Statement - PreSaveFile = new java.io.File(((pathPrefix + java.lang.Integer.toString(counter)) + .png)): null

2018-12-14 01:08:18 - [TEST_STEP][PASSED] - Statement - counter = counter + 1: null

2018-12-14 01:08:18 - [TEST_STEP][PASSED] - Statement - PreSaveFile = new java.io.File(((pathPrefix + java.lang.Integer.toString(counter)) + .png)): null

2018-12-14 01:08:18 - [TEST_STEP][PASSED] - Statement - counter = counter + 1: null

2018-12-14 01:08:18 - [TEST_STEP][PASSED] - Statement - PreSaveFile = new java.io.File(((pathPrefix + java.lang.Integer.toString(counter)) + .png)): null

2018-12-14 01:08:18 - [TEST_STEP][PASSED] - Statement - counter = counter + 1: null

2018-12-14 01:08:18 - [TEST_STEP][PASSED] - Statement - PreSaveFile = new java.io.File(((pathPrefix + java.lang.Integer.toString(counter)) + .png)): null

2018-12-14 01:08:18 - [TEST_STEP][PASSED] - Statement - counter = counter + 1: null

2018-12-14 01:08:18 - [TEST_STEP][PASSED] - Statement - PreSaveFile = new java.io.File(((pathPrefix + java.lang.Integer.toString(counter)) + .png)): null

2018-12-14 01:08:18 - [TEST_STEP][PASSED] - Statement - counter = counter + 1: null

2018-12-14 01:08:18 - [TEST_STEP][PASSED] - Statement - PreSaveFile = new java.io.File(((pathPrefix + java.lang.Integer.toString(counter)) + .png)): null

2018-12-14 01:08:18 - [TEST_STEP][PASSED] - Statement - counter = counter + 1: null

2018-12-14 01:08:18 - [TEST_STEP][PASSED] - Statement - PreSaveFile = new java.io.File(((pathPrefix + java.lang.Integer.toString(counter)) + .png)): null

2018-12-14 01:08:18 - [TEST_STEP][PASSED] - Statement - counter = counter + 1: null

2018-12-14 01:08:18 - [TEST_STEP][PASSED] - Statement - PreSaveFile = new java.io.File(((pathPrefix + java.lang.Integer.toString(counter)) + .png)): null

2018-12-14 01:08:18 - [TEST_STEP][PASSED] - Statement - counter = counter + 1: null

2018-12-14 01:08:18 - [TEST_STEP][PASSED] - Statement - PreSaveFile = new java.io.File(((pathPrefix + java.lang.Integer.toString(counter)) + .png)): null

2018-12-14 01:08:18 - [TEST_STEP][PASSED] - Statement - counter = counter + 1: null

2018-12-14 01:08:18 - [TEST_STEP][PASSED] - Statement - PreSaveFile = new java.io.File(((pathPrefix + java.lang.Integer.toString(counter)) + .png)): null

2018-12-14 01:08:18 - [TEST_STEP][PASSED] - Statement - counter = counter + 1: null

2018-12-14 01:08:18 - [TEST_STEP][PASSED] - Statement - PreSaveFile = new java.io.File(((pathPrefix + java.lang.Integer.toString(counter)) + .png)): null

2018-12-14 01:08:18 - [TEST_STEP][PASSED] - Statement - counter = counter + 1: null

2018-12-14 01:08:18 - [TEST_STEP][PASSED] - Statement - PreSaveFile = new java.io.File(((pathPrefix + java.lang.Integer.toString(counter)) + .png)): null

2018-12-14 01:08:18 - [TEST_STEP][PASSED] - Statement - counter = counter + 1: null

2018-12-14 01:08:18 - [TEST_STEP][PASSED] - Statement - PreSaveFile = new java.io.File(((pathPrefix + java.lang.Integer.toString(counter)) + .png)): null

2018-12-14 01:08:18 - [TEST_STEP][PASSED] - Statement - counter = counter + 1: null

2018-12-14 01:08:18 - [TEST_STEP][PASSED] - Statement - PreSaveFile = new java.io.File(((pathPrefix + java.lang.Integer.toString(counter)) + .png)): null

2018-12-14 01:08:18 - [TEST_STEP][PASSED] - Statement - counter = counter + 1: null

2018-12-14 01:08:18 - [TEST_STEP][PASSED] - Statement - PreSaveFile = new java.io.File(((pathPrefix + java.lang.Integer.toString(counter)) + .png)): null

2018-12-14 01:08:18 - [TEST_STEP][PASSED] - Statement - counter = counter + 1: null

2018-12-14 01:08:18 - [TEST_STEP][PASSED] - Statement - PreSaveFile = new java.io.File(((pathPrefix + java.lang.Integer.toString(counter)) + .png)): null

2018-12-14 01:08:18 - [TEST_STEP][PASSED] - Statement - counter = counter + 1: null

2018-12-14 01:08:18 - [TEST_STEP][PASSED] - Statement - PreSaveFile = new java.io.File(((pathPrefix + java.lang.Integer.toString(counter)) + .png)): null

2018-12-14 01:08:18 - [TEST_STEP][PASSED] - Statement - counter = counter + 1: null

2018-12-14 01:08:18 - [TEST_STEP][PASSED] - Statement - PreSaveFile = new java.io.File(((pathPrefix + java.lang.Integer.toString(counter)) + .png)): null

2018-12-14 01:08:18 - [TEST_STEP][PASSED] - Statement - counter = counter + 1: null

2018-12-14 01:08:18 - [TEST_STEP][PASSED] - Statement - PreSaveFile = new java.io.File(((pathPrefix + java.lang.Integer.toString(counter)) + .png)): null

2018-12-14 01:08:18 - [TEST_STEP][PASSED] - Statement - counter = counter + 1: null

2018-12-14 01:08:18 - [TEST_STEP][PASSED] - Statement - PreSaveFile = new java.io.File(((pathPrefix + java.lang.Integer.toString(counter)) + .png)): null

2018-12-14 01:08:18 - [TEST_STEP][PASSED] - Statement - counter = counter + 1: null

2018-12-14 01:08:18 - [TEST_STEP][PASSED] - Statement - PreSaveFile = new java.io.File(((pathPrefix + java.lang.Integer.toString(counter)) + .png)): null

2018-12-14 01:08:18 - [TEST_STEP][PASSED] - Statement - counter = counter + 1: null

2018-12-14 01:08:18 - [TEST_STEP][PASSED] - Statement - PreSaveFile = new java.io.File(((pathPrefix + java.lang.Integer.toString(counter)) + .png)): null

2018-12-14 01:08:18 - [TEST_STEP][PASSED] - Statement - counter = counter + 1: null

2018-12-14 01:08:18 - [TEST_STEP][PASSED] - Statement - PreSaveFile = new java.io.File(((pathPrefix + java.lang.Integer.toString(counter)) + .png)): null

2018-12-14 01:08:18 - [TEST_STEP][PASSED] - Statement - counter = counter + 1: null

2018-12-14 01:08:18 - [TEST_STEP][PASSED] - Statement - PreSaveFile = new java.io.File(((pathPrefix + java.lang.Integer.toString(counter)) + .png)): null

2018-12-14 01:08:18 - [TEST_STEP][PASSED] - Statement - counter = counter + 1: null

2018-12-14 01:08:18 - [TEST_STEP][PASSED] - Statement - PreSaveFile = new java.io.File(((pathPrefix + java.lang.Integer.toString(counter)) + .png)): null

2018-12-14 01:08:18 - [TEST_STEP][PASSED] - Statement - counter = counter + 1: null

2018-12-14 01:08:18 - [TEST_STEP][PASSED] - Statement - PreSaveFile = new java.io.File(((pathPrefix + java.lang.Integer.toString(counter)) + .png)): null

2018-12-14 01:08:18 - [TEST_STEP][PASSED] - Statement - counter = counter + 1: null

2018-12-14 01:08:18 - [TEST_STEP][PASSED] - Statement - PreSaveFile = new java.io.File(((pathPrefix + java.lang.Integer.toString(counter)) + .png)): null

2018-12-14 01:08:18 - [TEST_STEP][PASSED] - Statement - counter = counter + 1: null

2018-12-14 01:08:18 - [TEST_STEP][PASSED] - Statement - PreSaveFile = new java.io.File(((pathPrefix + java.lang.Integer.toString(counter)) + .png)): null

2018-12-14 01:08:18 - [TEST_STEP][PASSED] - Statement - counter = counter + 1: null

2018-12-14 01:08:18 - [TEST_STEP][PASSED] - Statement - PreSaveFile = new java.io.File(((pathPrefix + java.lang.Integer.toString(counter)) + .png)): null

2018-12-14 01:08:18 - [TEST_STEP][PASSED] - Statement - counter = counter + 1: null

2018-12-14 01:08:18 - [TEST_STEP][PASSED] - Statement - PreSaveFile = new java.io.File(((pathPrefix + java.lang.Integer.toString(counter)) + .png)): null

2018-12-14 01:08:18 - [TEST_STEP][PASSED] - Statement - counter = counter + 1: null

2018-12-14 01:08:18 - [TEST_STEP][PASSED] - Statement - PreSaveFile = new java.io.File(((pathPrefix + java.lang.Integer.toString(counter)) + .png)): null

2018-12-14 01:08:18 - [TEST_STEP][PASSED] - Statement - counter = counter + 1: null

2018-12-14 01:08:18 - [TEST_STEP][PASSED] - Statement - PreSaveFile = new java.io.File(((pathPrefix + java.lang.Integer.toString(counter)) + .png)): null

2018-12-14 01:08:18 - [TEST_STEP][PASSED] - Statement - counter = counter + 1: null

2018-12-14 01:08:18 - [TEST_STEP][PASSED] - Statement - PreSaveFile = new java.io.File(((pathPrefix + java.lang.Integer.toString(counter)) + .png)): null

2018-12-14 01:08:18 - [TEST_STEP][PASSED] - Statement - counter = counter + 1: null

2018-12-14 01:08:18 - [TEST_STEP][PASSED] - Statement - PreSaveFile = new java.io.File(((pathPrefix + java.lang.Integer.toString(counter)) + .png)): null

2018-12-14 01:08:18 - [TEST_STEP][PASSED] - Statement - counter = counter + 1: null

2018-12-14 01:08:18 - [TEST_STEP][PASSED] - Statement - PreSaveFile = new java.io.File(((pathPrefix + java.lang.Integer.toString(counter)) + .png)): null

2018-12-14 01:08:18 - [TEST_STEP][PASSED] - Statement - counter = counter + 1: null

2018-12-14 01:08:18 - [TEST_STEP][PASSED] - Statement - PreSaveFile = new java.io.File(((pathPrefix + java.lang.Integer.toString(counter)) + .png)): null

2018-12-14 01:08:18 - [TEST_STEP][PASSED] - Statement - counter = counter + 1: null

2018-12-14 01:08:18 - [TEST_STEP][PASSED] - Statement - PreSaveFile = new java.io.File(((pathPrefix + java.lang.Integer.toString(counter)) + .png)): null

2018-12-14 01:08:18 - [TEST_STEP][PASSED] - Statement - counter = counter + 1: null

2018-12-14 01:08:18 - [TEST_STEP][PASSED] - Statement - PreSaveFile = new java.io.File(((pathPrefix + java.lang.Integer.toString(counter)) + .png)): null

2018-12-14 01:08:18 - [TEST_STEP][PASSED] - Statement - counter = counter + 1: null

2018-12-14 01:08:18 - [TEST_STEP][PASSED] - Statement - PreSaveFile = new java.io.File(((pathPrefix + java.lang.Integer.toString(counter)) + .png)): null

2018-12-14 01:08:18 - [TEST_STEP][PASSED] - Statement - counter = counter + 1: null

2018-12-14 01:08:18 - [TEST_STEP][PASSED] - Statement - PreSaveFile = new java.io.File(((pathPrefix + java.lang.Integer.toString(counter)) + .png)): null

2018-12-14 01:08:18 - [TEST_STEP][PASSED] - Statement - counter = counter + 1: null

2018-12-14 01:08:18 - [TEST_STEP][PASSED] - Statement - PreSaveFile = new java.io.File(((pathPrefix + java.lang.Integer.toString(counter)) + .png)): null

2018-12-14 01:08:18 - [TEST_STEP][PASSED] - Statement - counter = counter + 1: null

2018-12-14 01:08:18 - [TEST_STEP][PASSED] - Statement - PreSaveFile = new java.io.File(((pathPrefix + java.lang.Integer.toString(counter)) + .png)): null

2018-12-14 01:08:18 - [TEST_STEP][PASSED] - Statement - counter = counter + 1: null

2018-12-14 01:08:18 - [TEST_STEP][PASSED] - Statement - PreSaveFile = new java.io.File(((pathPrefix + java.lang.Integer.toString(counter)) + .png)): null

2018-12-14 01:08:18 - [TEST_STEP][PASSED] - Statement - counter = counter + 1: null

2018-12-14 01:08:18 - [TEST_STEP][PASSED] - Statement - PreSaveFile = new java.io.File(((pathPrefix + java.lang.Integer.toString(counter)) + .png)): null

2018-12-14 01:08:18 - [TEST_STEP][PASSED] - Statement - counter = counter + 1: null

2018-12-14 01:08:18 - [TEST_STEP][PASSED] - Statement - PreSaveFile = new java.io.File(((pathPrefix + java.lang.Integer.toString(counter)) + .png)): null

2018-12-14 01:08:18 - [TEST_STEP][PASSED] - Statement - counter = counter + 1: null

2018-12-14 01:08:18 - [TEST_STEP][PASSED] - Statement - PreSaveFile = new java.io.File(((pathPrefix + java.lang.Integer.toString(counter)) + .png)): null

2018-12-14 01:08:18 - [TEST_STEP][PASSED] - Statement - counter = counter + 1: null

2018-12-14 01:08:18 - [TEST_STEP][PASSED] - Statement - PreSaveFile = new java.io.File(((pathPrefix + java.lang.Integer.toString(counter)) + .png)): null

2018-12-14 01:08:18 - [TEST_STEP][PASSED] - Statement - counter = counter + 1: null

2018-12-14 01:08:18 - [TEST_STEP][PASSED] - Statement - PreSaveFile = new java.io.File(((pathPrefix + java.lang.Integer.toString(counter)) + .png)): null

2018-12-14 01:08:18 - [TEST_STEP][PASSED] - Statement - counter = counter + 1: null

2018-12-14 01:08:18 - [TEST_STEP][PASSED] - Statement - PreSaveFile = new java.io.File(((pathPrefix + java.lang.Integer.toString(counter)) + .png)): null

2018-12-14 01:08:18 - [TEST_STEP][PASSED] - Statement - counter = counter + 1: null

2018-12-14 01:08:18 - [TEST_STEP][PASSED] - Statement - PreSaveFile = new java.io.File(((pathPrefix + java.lang.Integer.toString(counter)) + .png)): null

2018-12-14 01:08:18 - [TEST_STEP][PASSED] - Statement - counter = counter + 1: null

2018-12-14 01:08:18 - [TEST_STEP][PASSED] - Statement - PreSaveFile = new java.io.File(((pathPrefix + java.lang.Integer.toString(counter)) + .png)): null

2018-12-14 01:08:18 - [TEST_STEP][PASSED] - Statement - counter = counter + 1: null

2018-12-14 01:08:18 - [TEST_STEP][PASSED] - Statement - PreSaveFile = new java.io.File(((pathPrefix + java.lang.Integer.toString(counter)) + .png)): null

2018-12-14 01:08:18 - [TEST_STEP][PASSED] - Statement - counter = counter + 1: null

2018-12-14 01:08:18 - [TEST_STEP][PASSED] - Statement - PreSaveFile = new java.io.File(((pathPrefix + java.lang.Integer.toString(counter)) + .png)): null

2018-12-14 01:08:18 - [TEST_STEP][PASSED] - Statement - counter = counter + 1: null

2018-12-14 01:08:18 - [TEST_STEP][PASSED] - Statement - PreSaveFile = new java.io.File(((pathPrefix + java.lang.Integer.toString(counter)) + .png)): null

2018-12-14 01:08:18 - [TEST_STEP][PASSED] - Statement - counter = counter + 1: null

2018-12-14 01:08:18 - [TEST_STEP][PASSED] - Statement - PreSaveFile = new java.io.File(((pathPrefix + java.lang.Integer.toString(counter)) + .png)): null

2018-12-14 01:08:18 - [TEST_STEP][PASSED] - Statement - counter = counter + 1: null

2018-12-14 01:08:18 - [TEST_STEP][PASSED] - Statement - PreSaveFile = new java.io.File(((pathPrefix + java.lang.Integer.toString(counter)) + .png)): null

2018-12-14 01:08:18 - [TEST_STEP][PASSED] - Statement - counter = counter + 1: null

2018-12-14 01:08:18 - [TEST_STEP][PASSED] - Statement - PreSaveFile = new java.io.File(((pathPrefix + java.lang.Integer.toString(counter)) + .png)): null

2018-12-14 01:08:18 - [TEST_STEP][PASSED] - Statement - counter = counter + 1: null

2018-12-14 01:08:18 - [TEST_STEP][PASSED] - Statement - PreSaveFile = new java.io.File(((pathPrefix + java.lang.Integer.toString(counter)) + .png)): null

2018-12-14 01:08:18 - [TEST_STEP][PASSED] - Statement - counter = counter + 1: null

2018-12-14 01:08:18 - [TEST_STEP][PASSED] - Statement - PreSaveFile = new java.io.File(((pathPrefix + java.lang.Integer.toString(counter)) + .png)): null

2018-12-14 01:08:18 - [TEST_STEP][PASSED] - Statement - counter = counter + 1: null

2018-12-14 01:08:18 - [TEST_STEP][PASSED] - Statement - PreSaveFile = new java.io.File(((pathPrefix + java.lang.Integer.toString(counter)) + .png)): null

2018-12-14 01:08:18 - [TEST_STEP][PASSED] - Statement - counter = counter + 1: null

2018-12-14 01:08:18 - [TEST_STEP][PASSED] - Statement - PreSaveFile = new java.io.File(((pathPrefix + java.lang.Integer.toString(counter)) + .png)): null

2018-12-14 01:08:18 - [TEST_STEP][PASSED] - Statement - counter = counter + 1: null

2018-12-14 01:08:18 - [TEST_STEP][PASSED] - Statement - PreSaveFile = new java.io.File(((pathPrefix + java.lang.Integer.toString(counter)) + .png)): null

2018-12-14 01:08:18 - [TEST_STEP][PASSED] - Statement - counter = counter + 1: null

2018-12-14 01:08:18 - [TEST_STEP][PASSED] - Statement - PreSaveFile = new java.io.File(((pathPrefix + java.lang.Integer.toString(counter)) + .png)): null

2018-12-14 01:08:18 - [TEST_STEP][PASSED] - Statement - counter = counter + 1: null

2018-12-14 01:08:18 - [TEST_STEP][PASSED] - Statement - PreSaveFile = new java.io.File(((pathPrefix + java.lang.Integer.toString(counter)) + .png)): null

2018-12-14 01:08:18 - [TEST_STEP][PASSED] - Statement - counter = counter + 1: null

2018-12-14 01:08:18 - [TEST_STEP][PASSED] - Statement - PreSaveFile = new java.io.File(((pathPrefix + java.lang.Integer.toString(counter)) + .png)): null

2018-12-14 01:08:18 - [TEST_STEP][PASSED] - Statement - counter = counter + 1: null

2018-12-14 01:08:18 - [TEST_STEP][PASSED] - Statement - PreSaveFile = new java.io.File(((pathPrefix + java.lang.Integer.toString(counter)) + .png)): null

2018-12-14 01:08:18 - [TEST_STEP][PASSED] - Statement - counter = counter + 1: null

2018-12-14 01:08:18 - [TEST_STEP][PASSED] - Statement - PreSaveFile = new java.io.File(((pathPrefix + java.lang.Integer.toString(counter)) + .png)): null

2018-12-14 01:08:18 - [TEST_STEP][PASSED] - Statement - counter = counter + 1: null

2018-12-14 01:08:18 - [TEST_STEP][PASSED] - Statement - PreSaveFile = new java.io.File(((pathPrefix + java.lang.Integer.toString(counter)) + .png)): null

2018-12-14 01:08:18 - [TEST_STEP][PASSED] - Statement - counter = counter + 1: null

2018-12-14 01:08:18 - [TEST_STEP][PASSED] - Statement - PreSaveFile = new java.io.File(((pathPrefix + java.lang.Integer.toString(counter)) + .png)): null

2018-12-14 01:08:18 - [TEST_STEP][PASSED] - Statement - counter = counter + 1: null

2018-12-14 01:08:18 - [TEST_STEP][PASSED] - Statement - PreSaveFile = new java.io.File(((pathPrefix + java.lang.Integer.toString(counter)) + .png)): null

2018-12-14 01:08:18 - [TEST_STEP][PASSED] - Statement - counter = counter + 1: null

2018-12-14 01:08:18 - [TEST_STEP][PASSED] - Statement - PreSaveFile = new java.io.File(((pathPrefix + java.lang.Integer.toString(counter)) + .png)): null

2018-12-14 01:08:18 - [TEST_STEP][PASSED] - Statement - counter = counter + 1: null

2018-12-14 01:08:18 - [TEST_STEP][PASSED] - Statement - PreSaveFile = new java.io.File(((pathPrefix + java.lang.Integer.toString(counter)) + .png)): null

2018-12-14 01:08:18 - [TEST_STEP][PASSED] - Statement - counter = counter + 1: null

2018-12-14 01:08:18 - [TEST_STEP][PASSED] - Statement - PreSaveFile = new java.io.File(((pathPrefix + java.lang.Integer.toString(counter)) + .png)): null

2018-12-14 01:08:18 - [TEST_STEP][PASSED] - Statement - counter = counter + 1: null

2018-12-14 01:08:18 - [TEST_STEP][PASSED] - Statement - PreSaveFile = new java.io.File(((pathPrefix + java.lang.Integer.toString(counter)) + .png)): null

2018-12-14 01:08:18 - [TEST_STEP][PASSED] - Statement - counter = counter + 1: null

2018-12-14 01:08:18 - [TEST_STEP][PASSED] - Statement - PreSaveFile = new java.io.File(((pathPrefix + java.lang.Integer.toString(counter)) + .png)): null

2018-12-14 01:08:18 - [TEST_STEP][PASSED] - Statement - counter = counter + 1: null

2018-12-14 01:08:18 - [TEST_STEP][PASSED] - Statement - PreSaveFile = new java.io.File(((pathPrefix + java.lang.Integer.toString(counter)) + .png)): null

2018-12-14 01:08:18 - [TEST_STEP][PASSED] - Statement - counter = counter + 1: null

2018-12-14 01:08:18 - [TEST_STEP][PASSED] - Statement - PreSaveFile = new java.io.File(((pathPrefix + java.lang.Integer.toString(counter)) + .png)): null

2018-12-14 01:08:18 - [TEST_STEP][PASSED] - Statement - counter = counter + 1: null

2018-12-14 01:08:18 - [TEST_STEP][PASSED] - Statement - PreSaveFile = new java.io.File(((pathPrefix + java.lang.Integer.toString(counter)) + .png)): null

2018-12-14 01:08:18 - [TEST_STEP][PASSED] - Statement - counter = counter + 1: null

2018-12-14 01:08:18 - [TEST_STEP][PASSED] - Statement - PreSaveFile = new java.io.File(((pathPrefix + java.lang.Integer.toString(counter)) + .png)): null

2018-12-14 01:08:18 - [TEST_STEP][PASSED] - Statement - counter = counter + 1: null

2018-12-14 01:08:18 - [TEST_STEP][PASSED] - Statement - PreSaveFile = new java.io.File(((pathPrefix + java.lang.Integer.toString(counter)) + .png)): null

2018-12-14 01:08:18 - [TEST_STEP][PASSED] - Statement - counter = counter + 1: null

2018-12-14 01:08:18 - [TEST_STEP][PASSED] - Statement - PreSaveFile = new java.io.File(((pathPrefix + java.lang.Integer.toString(counter)) + .png)): null

2018-12-14 01:08:18 - [TEST_STEP][PASSED] - Statement - counter = counter + 1: null

2018-12-14 01:08:18 - [TEST_STEP][PASSED] - Statement - PreSaveFile = new java.io.File(((pathPrefix + java.lang.Integer.toString(counter)) + .png)): null

2018-12-14 01:08:18 - [TEST_STEP][PASSED] - Statement - counter = counter + 1: null

2018-12-14 01:08:18 - [TEST_STEP][PASSED] - Statement - PreSaveFile = new java.io.File(((pathPrefix + java.lang.Integer.toString(counter)) + .png)): null

2018-12-14 01:08:18 - [TEST_STEP][PASSED] - Statement - counter = counter + 1: null

2018-12-14 01:08:18 - [TEST_STEP][PASSED] - Statement - PreSaveFile = new java.io.File(((pathPrefix + java.lang.Integer.toString(counter)) + .png)): null

2018-12-14 01:08:18 - [TEST_STEP][PASSED] - Statement - counter = counter + 1: null

2018-12-14 01:08:18 - [TEST_STEP][PASSED] - Statement - PreSaveFile = new java.io.File(((pathPrefix + java.lang.Integer.toString(counter)) + .png)): null

2018-12-14 01:08:18 - [TEST_STEP][PASSED] - Statement - counter = counter + 1: null

2018-12-14 01:08:18 - [TEST_STEP][PASSED] - Statement - PreSaveFile = new java.io.File(((pathPrefix + java.lang.Integer.toString(counter)) + .png)): null

2018-12-14 01:08:18 - [TEST_STEP][PASSED] - Statement - counter = counter + 1: null

2018-12-14 01:08:18 - [TEST_STEP][PASSED] - Statement - PreSaveFile = new java.io.File(((pathPrefix + java.lang.Integer.toString(counter)) + .png)): null

2018-12-14 01:08:18 - [TEST_STEP][PASSED] - Statement - counter = counter + 1: null

2018-12-14 01:08:18 - [TEST_STEP][PASSED] - Statement - PreSaveFile = new java.io.File(((pathPrefix + java.lang.Integer.toString(counter)) + .png)): null

2018-12-14 01:08:18 - [TEST_STEP][PASSED] - Statement - counter = counter + 1: null

2018-12-14 01:08:18 - [TEST_STEP][PASSED] - Statement - PreSaveFile = new java.io.File(((pathPrefix + java.lang.Integer.toString(counter)) + .png)): null

2018-12-14 01:08:18 - [TEST_STEP][PASSED] - Statement - counter = counter + 1: null

2018-12-14 01:08:18 - [TEST_STEP][PASSED] - Statement - PreSaveFile = new java.io.File(((pathPrefix + java.lang.Integer.toString(counter)) + .png)): null

2018-12-14 01:08:18 - [TEST_STEP][PASSED] - Statement - counter = counter + 1: null

2018-12-14 01:08:18 - [TEST_STEP][PASSED] - Statement - PreSaveFile = new java.io.File(((pathPrefix + java.lang.Integer.toString(counter)) + .png)): null

2018-12-14 01:08:18 - [TEST_STEP][PASSED] - Statement - counter = counter + 1: null

2018-12-14 01:08:18 - [TEST_STEP][PASSED] - Statement - PreSaveFile = new java.io.File(((pathPrefix + java.lang.Integer.toString(counter)) + .png)): null

2018-12-14 01:08:18 - [TEST_STEP][PASSED] - Statement - counter = counter + 1: null

2018-12-14 01:08:18 - [TEST_STEP][PASSED] - Statement - PreSaveFile = new java.io.File(((pathPrefix + java.lang.Integer.toString(counter)) + .png)): null

2018-12-14 01:08:18 - [TEST_STEP][PASSED] - Statement - counter = counter + 1: null

2018-12-14 01:08:18 - [TEST_STEP][PASSED] - Statement - PreSaveFile = new java.io.File(((pathPrefix + java.lang.Integer.toString(counter)) + .png)): null

2018-12-14 01:08:18 - [TEST_STEP][PASSED] - Statement - finalPath = pathPrefix + java.lang.Integer.toString(counter) + ".png": null

2018-12-14 01:08:18 - [TEST_STEP][PASSED] - Statement - SaveFile = new java.io.File(finalPath): null

2018-12-14 01:08:18 - [TEST_STEP][PASSED] - Statement - Try: null

2018-12-14 01:08:18 - [TEST_STEP][PASSED] - Statement - org.apache.commons.io.FileUtils.copyFile(scrFile, SaveFile): null

2018-12-14 01:08:18 - [TEST_STEP][PASSED] - Statement - out.println("file kept"): null

2018-12-14 01:08:18 - [TEST_STEP][PASSED] - delay: Delayed 10 second(s)

2018-12-14 01:08:28 - [MESSAGE][PASSED] - Delayed 10 second(s)

2018-12-14 01:08:28 - [MESSAGE][PASSED] - Call Test Case 'Test Cases/Final Aug 2018 - PKS Automation/Common/Screenshoting tool' successfully]]></system-out>
         <system-err><![CDATA[2018-12-14 00:51:47 - [TEST_CASE][FAILED] - Test Cases/Final Aug 2018 - PKS Automation/Registration Module/Workflow/Update Add New Employee/Special Case (Employer - RO Query - OTC Upload Pending Case - RO Approve): Test Cases/Final Aug 2018 - PKS Automation/Registration Module/Workflow/Update Add New Employee/Special Case (Employer - RO Query - OTC Upload Pending Case - RO Approve) FAILED because (of) (Stack trace: com.kms.katalon.core.exception.StepFailedException: Unable to set text 'CAN12201800002350' of object 'Object Repository/Final Object Repo/New Registration - Registration Module Pages/New Reg - OTC to RO/Special Case - All Related Objects/TextBox RefNo in Workbasket' (Root cause: org.openqa.selenium.ElementNotVisibleException: element not interactable
  (Session info: chrome=70.0.3538.110)
  (Driver info: chromedriver=2.43.600210 (68dcf5eebde37173d4027fa8635e332711d2874a),platform=Windows NT 6.1.7601 SP1 x86_64) (WARNING: The server did not provide any stacktrace information)
Command duration or timeout: 0 milliseconds
Build info: version: '3.7.1', revision: '8a0099a', time: '2017-11-06T21:07:36.161Z'
System info: host: 'WIN7TEST02', ip: '10.20.3.72', os.name: 'Windows 7', os.arch: 'amd64', os.version: '6.1', java.version: '1.8.0_181'
Driver info: com.kms.katalon.selenium.driver.CChromeDriver
Capabilities {acceptInsecureCerts: false, acceptSslCerts: false, applicationCacheEnabled: false, browserConnectionEnabled: false, browserName: chrome, chrome: {chromedriverVersion: 2.43.600210 (68dcf5eebde371..., userDataDir: C:\Users\Admin\AppData\Loca...}, cssSelectorsEnabled: true, databaseEnabled: false, goog:chromeOptions: {debuggerAddress: localhost:63398}, handlesAlerts: true, hasTouchScreen: false, javascriptEnabled: true, locationContextEnabled: true, mobileEmulationEnabled: false, nativeEvents: true, networkConnectionEnabled: false, pageLoadStrategy: normal, platform: XP, platformName: XP, rotatable: false, setWindowRect: true, takesHeapSnapshot: true, takesScreenshot: true, unexpectedAlertBehaviour: , unhandledPromptBehavior: , version: 70.0.3538.110, webStorageEnabled: true}
Session ID: 6822dbe55f4b104c542910faf862c606)
	at com.kms.katalon.core.keyword.internal.KeywordMain.stepFailed(KeywordMain.groovy:32)
	at com.kms.katalon.core.webui.keyword.internal.WebUIKeywordMain.stepFailed(WebUIKeywordMain.groovy:65)
	at com.kms.katalon.core.webui.keyword.internal.WebUIKeywordMain.runKeyword(WebUIKeywordMain.groovy:27)
	at com.kms.katalon.core.webui.keyword.builtin.SetTextKeyword.setText(SetTextKeyword.groovy:65)
	at com.kms.katalon.core.webui.keyword.builtin.SetTextKeyword.execute(SetTextKeyword.groovy:37)
	at com.kms.katalon.core.keyword.internal.KeywordExecutor.executeKeywordForPlatform(KeywordExecutor.groovy:53)
	at com.kms.katalon.core.webui.keyword.WebUiBuiltInKeywords.setText(WebUiBuiltInKeywords.groovy:950)
	at com.kms.katalon.core.webui.keyword.WebUiBuiltInKeywords$setText$1.call(Unknown Source)
	at org.codehaus.groovy.runtime.callsite.CallSiteArray.defaultCall(CallSiteArray.java:48)
	at org.codehaus.groovy.runtime.callsite.AbstractCallSite.call(AbstractCallSite.java:113)
	at org.codehaus.groovy.runtime.callsite.AbstractCallSite.call(AbstractCallSite.java:133)
	at Script1537330388665.run(Script1537330388665.groovy:332)
	at com.kms.katalon.core.main.ScriptEngine.run(ScriptEngine.java:183)
	at com.kms.katalon.core.main.ScriptEngine.runScriptAsRawText(ScriptEngine.java:108)
	at com.kms.katalon.core.main.TestCaseExecutor.runScript(TestCaseExecutor.java:294)
	at com.kms.katalon.core.main.TestCaseExecutor.doExecute(TestCaseExecutor.java:285)
	at com.kms.katalon.core.main.TestCaseExecutor.processExecutionPhase(TestCaseExecutor.java:264)
	at com.kms.katalon.core.main.TestCaseExecutor.accessMainPhase(TestCaseExecutor.java:256)
	at com.kms.katalon.core.main.TestCaseExecutor.execute(TestCaseExecutor.java:200)
	at com.kms.katalon.core.main.TestSuiteExecutor.accessTestCaseMainPhase(TestSuiteExecutor.java:129)
	at com.kms.katalon.core.main.TestSuiteExecutor.accessTestSuiteMainPhase(TestSuiteExecutor.java:112)
	at com.kms.katalon.core.main.TestSuiteExecutor.execute(TestSuiteExecutor.java:81)
	at com.kms.katalon.core.main.TestCaseMain.startTestSuite(TestCaseMain.java:142)
	at com.kms.katalon.core.main.TestCaseMain$startTestSuite$0.call(Unknown Source)
	at org.codehaus.groovy.runtime.callsite.CallSiteArray.defaultCall(CallSiteArray.java:48)
	at org.codehaus.groovy.runtime.callsite.AbstractCallSite.call(AbstractCallSite.java:113)
	at org.codehaus.groovy.runtime.callsite.AbstractCallSite.call(AbstractCallSite.java:141)
	at TempTestSuite1544713124582.run(TempTestSuite1544713124582.groovy:36)
	at groovy.lang.GroovyShell.runScriptOrMainOrTestOrRunnable(GroovyShell.java:263)
	at groovy.lang.GroovyShell.run(GroovyShell.java:518)
	at groovy.lang.GroovyShell.run(GroovyShell.java:507)
	at groovy.ui.GroovyMain.processOnce(GroovyMain.java:653)
	at groovy.ui.GroovyMain.run(GroovyMain.java:384)
	at groovy.ui.GroovyMain.process(GroovyMain.java:370)
	at groovy.ui.GroovyMain.processArgs(GroovyMain.java:129)
	at groovy.ui.GroovyMain.main(GroovyMain.java:109)
	at sun.reflect.NativeMethodAccessorImpl.invoke0(Native Method)
	at sun.reflect.NativeMethodAccessorImpl.invoke(NativeMethodAccessorImpl.java:62)
	at sun.reflect.DelegatingMethodAccessorImpl.invoke(DelegatingMethodAccessorImpl.java:43)
	at java.lang.reflect.Method.invoke(Method.java:498)
	at org.codehaus.groovy.tools.GroovyStarter.rootLoader(GroovyStarter.java:109)
	at org.codehaus.groovy.tools.GroovyStarter.main(GroovyStarter.java:131)
)]]></system-err>
      </testcase>
      <testcase name="Test Cases/Final Aug 2018 - PKS Automation/Registration Module/Workflow/Update Add New Employee/Special Case (Employer - RO Under Enforcement)" classname="Test Cases/Final Aug 2018 - PKS Automation/Registration Module/Workflow/Update Add New Employee/Special Case (Employer - RO Under Enforcement)" status="FAILED">
         <failure type="FAILED" message="(Stack trace: com.kms.katalon.core.exception.StepFailedException: Unable to set text 'CAN12201800002351' of object 'Object Repository/Final Object Repo/New Registration - Registration Module Pages/New Reg - OTC to RO/Special Case - All Related Objects/TextBox RefNo in Workbasket' (Root cause: org.openqa.selenium.ElementNotVisibleException: element not interactable
  (Session info: chrome=70.0.3538.110)
  (Driver info: chromedriver=2.43.600210 (68dcf5eebde37173d4027fa8635e332711d2874a),platform=Windows NT 6.1.7601 SP1 x86_64) (WARNING: The server did not provide any stacktrace information)
Command duration or timeout: 0 milliseconds
Build info: version: '3.7.1', revision: '8a0099a', time: '2017-11-06T21:07:36.161Z'
System info: host: 'WIN7TEST02', ip: '10.20.3.72', os.name: 'Windows 7', os.arch: 'amd64', os.version: '6.1', java.version: '1.8.0_181'
Driver info: com.kms.katalon.selenium.driver.CChromeDriver
Capabilities {acceptInsecureCerts: false, acceptSslCerts: false, applicationCacheEnabled: false, browserConnectionEnabled: false, browserName: chrome, chrome: {chromedriverVersion: 2.43.600210 (68dcf5eebde371..., userDataDir: C:\Users\Admin\AppData\Loca...}, cssSelectorsEnabled: true, databaseEnabled: false, goog:chromeOptions: {debuggerAddress: localhost:63638}, handlesAlerts: true, hasTouchScreen: false, javascriptEnabled: true, locationContextEnabled: true, mobileEmulationEnabled: false, nativeEvents: true, networkConnectionEnabled: false, pageLoadStrategy: normal, platform: XP, platformName: XP, rotatable: false, setWindowRect: true, takesHeapSnapshot: true, takesScreenshot: true, unexpectedAlertBehaviour: , unhandledPromptBehavior: , version: 70.0.3538.110, webStorageEnabled: true}
Session ID: 8df03e7460e53697c697ead2f103541d)
	at com.kms.katalon.core.keyword.internal.KeywordMain.stepFailed(KeywordMain.groovy:32)
	at com.kms.katalon.core.webui.keyword.internal.WebUIKeywordMain.stepFailed(WebUIKeywordMain.groovy:65)
	at com.kms.katalon.core.webui.keyword.internal.WebUIKeywordMain.runKeyword(WebUIKeywordMain.groovy:27)
	at com.kms.katalon.core.webui.keyword.builtin.SetTextKeyword.setText(SetTextKeyword.groovy:65)
	at com.kms.katalon.core.webui.keyword.builtin.SetTextKeyword.execute(SetTextKeyword.groovy:37)
	at com.kms.katalon.core.keyword.internal.KeywordExecutor.executeKeywordForPlatform(KeywordExecutor.groovy:53)
	at com.kms.katalon.core.webui.keyword.WebUiBuiltInKeywords.setText(WebUiBuiltInKeywords.groovy:950)
	at com.kms.katalon.core.webui.keyword.WebUiBuiltInKeywords$setText$1.call(Unknown Source)
	at org.codehaus.groovy.runtime.callsite.CallSiteArray.defaultCall(CallSiteArray.java:48)
	at org.codehaus.groovy.runtime.callsite.AbstractCallSite.call(AbstractCallSite.java:113)
	at org.codehaus.groovy.runtime.callsite.AbstractCallSite.call(AbstractCallSite.java:133)
	at Script1537333843549.run(Script1537333843549.groovy:156)
	at com.kms.katalon.core.main.ScriptEngine.run(ScriptEngine.java:183)
	at com.kms.katalon.core.main.ScriptEngine.runScriptAsRawText(ScriptEngine.java:108)
	at com.kms.katalon.core.main.TestCaseExecutor.runScript(TestCaseExecutor.java:294)
	at com.kms.katalon.core.main.TestCaseExecutor.doExecute(TestCaseExecutor.java:285)
	at com.kms.katalon.core.main.TestCaseExecutor.processExecutionPhase(TestCaseExecutor.java:264)
	at com.kms.katalon.core.main.TestCaseExecutor.accessMainPhase(TestCaseExecutor.java:256)
	at com.kms.katalon.core.main.TestCaseExecutor.execute(TestCaseExecutor.java:200)
	at com.kms.katalon.core.main.TestSuiteExecutor.accessTestCaseMainPhase(TestSuiteExecutor.java:129)
	at com.kms.katalon.core.main.TestSuiteExecutor.accessTestSuiteMainPhase(TestSuiteExecutor.java:112)
	at com.kms.katalon.core.main.TestSuiteExecutor.execute(TestSuiteExecutor.java:81)
	at com.kms.katalon.core.main.TestCaseMain.startTestSuite(TestCaseMain.java:142)
	at com.kms.katalon.core.main.TestCaseMain$startTestSuite$0.call(Unknown Source)
	at org.codehaus.groovy.runtime.callsite.CallSiteArray.defaultCall(CallSiteArray.java:48)
	at org.codehaus.groovy.runtime.callsite.AbstractCallSite.call(AbstractCallSite.java:113)
	at org.codehaus.groovy.runtime.callsite.AbstractCallSite.call(AbstractCallSite.java:141)
	at TempTestSuite1544713124582.run(TempTestSuite1544713124582.groovy:36)
	at groovy.lang.GroovyShell.runScriptOrMainOrTestOrRunnable(GroovyShell.java:263)
	at groovy.lang.GroovyShell.run(GroovyShell.java:518)
	at groovy.lang.GroovyShell.run(GroovyShell.java:507)
	at groovy.ui.GroovyMain.processOnce(GroovyMain.java:653)
	at groovy.ui.GroovyMain.run(GroovyMain.java:384)
	at groovy.ui.GroovyMain.process(GroovyMain.java:370)
	at groovy.ui.GroovyMain.processArgs(GroovyMain.java:129)
	at groovy.ui.GroovyMain.main(GroovyMain.java:109)
	at sun.reflect.NativeMethodAccessorImpl.invoke0(Native Method)
	at sun.reflect.NativeMethodAccessorImpl.invoke(NativeMethodAccessorImpl.java:62)
	at sun.reflect.DelegatingMethodAccessorImpl.invoke(DelegatingMethodAccessorImpl.java:43)
	at java.lang.reflect.Method.invoke(Method.java:498)
	at org.codehaus.groovy.tools.GroovyStarter.rootLoader(GroovyStarter.java:109)
	at org.codehaus.groovy.tools.GroovyStarter.main(GroovyStarter.java:131)
)"/>
         <system-out><![CDATA[2018-12-14 01:08:28 - [TEST_CASE][FAILED] - Test Cases/Final Aug 2018 - PKS Automation/Registration Module/Workflow/Update Add New Employee/Special Case (Employer - RO Under Enforcement): Test Cases/Final Aug 2018 - PKS Automation/Registration Module/Workflow/Update Add New Employee/Special Case (Employer - RO Under Enforcement) FAILED because (of) (Stack trace: com.kms.katalon.core.exception.StepFailedException: Unable to set text 'CAN12201800002351' of object 'Object Repository/Final Object Repo/New Registration - Registration Module Pages/New Reg - OTC to RO/Special Case - All Related Objects/TextBox RefNo in Workbasket' (Root cause: org.openqa.selenium.ElementNotVisibleException: element not interactable
  (Session info: chrome=70.0.3538.110)
  (Driver info: chromedriver=2.43.600210 (68dcf5eebde37173d4027fa8635e332711d2874a),platform=Windows NT 6.1.7601 SP1 x86_64) (WARNING: The server did not provide any stacktrace information)
Command duration or timeout: 0 milliseconds
Build info: version: '3.7.1', revision: '8a0099a', time: '2017-11-06T21:07:36.161Z'
System info: host: 'WIN7TEST02', ip: '10.20.3.72', os.name: 'Windows 7', os.arch: 'amd64', os.version: '6.1', java.version: '1.8.0_181'
Driver info: com.kms.katalon.selenium.driver.CChromeDriver
Capabilities {acceptInsecureCerts: false, acceptSslCerts: false, applicationCacheEnabled: false, browserConnectionEnabled: false, browserName: chrome, chrome: {chromedriverVersion: 2.43.600210 (68dcf5eebde371..., userDataDir: C:\Users\Admin\AppData\Loca...}, cssSelectorsEnabled: true, databaseEnabled: false, goog:chromeOptions: {debuggerAddress: localhost:63638}, handlesAlerts: true, hasTouchScreen: false, javascriptEnabled: true, locationContextEnabled: true, mobileEmulationEnabled: false, nativeEvents: true, networkConnectionEnabled: false, pageLoadStrategy: normal, platform: XP, platformName: XP, rotatable: false, setWindowRect: true, takesHeapSnapshot: true, takesScreenshot: true, unexpectedAlertBehaviour: , unhandledPromptBehavior: , version: 70.0.3538.110, webStorageEnabled: true}
Session ID: 8df03e7460e53697c697ead2f103541d)
	at com.kms.katalon.core.keyword.internal.KeywordMain.stepFailed(KeywordMain.groovy:32)
	at com.kms.katalon.core.webui.keyword.internal.WebUIKeywordMain.stepFailed(WebUIKeywordMain.groovy:65)
	at com.kms.katalon.core.webui.keyword.internal.WebUIKeywordMain.runKeyword(WebUIKeywordMain.groovy:27)
	at com.kms.katalon.core.webui.keyword.builtin.SetTextKeyword.setText(SetTextKeyword.groovy:65)
	at com.kms.katalon.core.webui.keyword.builtin.SetTextKeyword.execute(SetTextKeyword.groovy:37)
	at com.kms.katalon.core.keyword.internal.KeywordExecutor.executeKeywordForPlatform(KeywordExecutor.groovy:53)
	at com.kms.katalon.core.webui.keyword.WebUiBuiltInKeywords.setText(WebUiBuiltInKeywords.groovy:950)
	at com.kms.katalon.core.webui.keyword.WebUiBuiltInKeywords$setText$1.call(Unknown Source)
	at org.codehaus.groovy.runtime.callsite.CallSiteArray.defaultCall(CallSiteArray.java:48)
	at org.codehaus.groovy.runtime.callsite.AbstractCallSite.call(AbstractCallSite.java:113)
	at org.codehaus.groovy.runtime.callsite.AbstractCallSite.call(AbstractCallSite.java:133)
	at Script1537333843549.run(Script1537333843549.groovy:156)
	at com.kms.katalon.core.main.ScriptEngine.run(ScriptEngine.java:183)
	at com.kms.katalon.core.main.ScriptEngine.runScriptAsRawText(ScriptEngine.java:108)
	at com.kms.katalon.core.main.TestCaseExecutor.runScript(TestCaseExecutor.java:294)
	at com.kms.katalon.core.main.TestCaseExecutor.doExecute(TestCaseExecutor.java:285)
	at com.kms.katalon.core.main.TestCaseExecutor.processExecutionPhase(TestCaseExecutor.java:264)
	at com.kms.katalon.core.main.TestCaseExecutor.accessMainPhase(TestCaseExecutor.java:256)
	at com.kms.katalon.core.main.TestCaseExecutor.execute(TestCaseExecutor.java:200)
	at com.kms.katalon.core.main.TestSuiteExecutor.accessTestCaseMainPhase(TestSuiteExecutor.java:129)
	at com.kms.katalon.core.main.TestSuiteExecutor.accessTestSuiteMainPhase(TestSuiteExecutor.java:112)
	at com.kms.katalon.core.main.TestSuiteExecutor.execute(TestSuiteExecutor.java:81)
	at com.kms.katalon.core.main.TestCaseMain.startTestSuite(TestCaseMain.java:142)
	at com.kms.katalon.core.main.TestCaseMain$startTestSuite$0.call(Unknown Source)
	at org.codehaus.groovy.runtime.callsite.CallSiteArray.defaultCall(CallSiteArray.java:48)
	at org.codehaus.groovy.runtime.callsite.AbstractCallSite.call(AbstractCallSite.java:113)
	at org.codehaus.groovy.runtime.callsite.AbstractCallSite.call(AbstractCallSite.java:141)
	at TempTestSuite1544713124582.run(TempTestSuite1544713124582.groovy:36)
	at groovy.lang.GroovyShell.runScriptOrMainOrTestOrRunnable(GroovyShell.java:263)
	at groovy.lang.GroovyShell.run(GroovyShell.java:518)
	at groovy.lang.GroovyShell.run(GroovyShell.java:507)
	at groovy.ui.GroovyMain.processOnce(GroovyMain.java:653)
	at groovy.ui.GroovyMain.run(GroovyMain.java:384)
	at groovy.ui.GroovyMain.process(GroovyMain.java:370)
	at groovy.ui.GroovyMain.processArgs(GroovyMain.java:129)
	at groovy.ui.GroovyMain.main(GroovyMain.java:109)
	at sun.reflect.NativeMethodAccessorImpl.invoke0(Native Method)
	at sun.reflect.NativeMethodAccessorImpl.invoke(NativeMethodAccessorImpl.java:62)
	at sun.reflect.DelegatingMethodAccessorImpl.invoke(DelegatingMethodAccessorImpl.java:43)
	at java.lang.reflect.Method.invoke(Method.java:498)
	at org.codehaus.groovy.tools.GroovyStarter.rootLoader(GroovyStarter.java:109)
	at org.codehaus.groovy.tools.GroovyStarter.main(GroovyStarter.java:131)
)

2018-12-14 01:08:29 - [TEST_STEP][PASSED] - callTestCase: Call Test Case 'Test Cases/Final Aug 2018 - PKS Automation/Registration Module/Workflow/Update Add New Employee/Template/New Company for Update Add New - Employer' successfully

2018-12-14 01:08:29 - [TEST_CASE][PASSED] - Test Cases/Final Aug 2018 - PKS Automation/Registration Module/Workflow/Update Add New Employee/Template/New Company for Update Add New - Employer: Test Cases/Final Aug 2018 - PKS Automation/Registration Module/Workflow/Update Add New Employee/Template/New Company for Update Add New - Employer

2018-12-14 01:08:29 - [TEST_STEP][PASSED] - callTestCase: Call Test Case 'Test Cases/Final Aug 2018 - PKS Automation/Create Employer Acc/Create Employer Account' successfully

2018-12-14 01:08:29 - [TEST_CASE][PASSED] - Test Cases/Final Aug 2018 - PKS Automation/Create Employer Acc/Create Employer Account: Test Cases/Final Aug 2018 - PKS Automation/Create Employer Acc/Create Employer Account

2018-12-14 01:08:29 - [TEST_STEP][PASSED] - callTestCase: Call Test Case 'Test Cases/Final Aug 2018 - PKS Automation/Create Employer Acc/Template/Register Employer' successfully

2018-12-14 01:08:29 - [TEST_CASE][PASSED] - Test Cases/Final Aug 2018 - PKS Automation/Create Employer Acc/Template/Register Employer: Test Cases/Final Aug 2018 - PKS Automation/Create Employer Acc/Template/Register Employer

2018-12-14 01:08:29 - [TEST_STEP][PASSED] - openBrowser: Browser is opened with url: ''

2018-12-14 01:08:29 - [MESSAGE][WARNING] - A browser is already opened. Closing browser and opening a new one

2018-12-14 01:08:33 - [MESSAGE][PASSED] - Browser is opened with url: ''

2018-12-14 01:08:33 - [TEST_STEP][PASSED] - navigateToUrl: Navigate to 'https://assist2-uat.perkeso.gov.my/login' successfully

2018-12-14 01:08:34 - [MESSAGE][PASSED] - Navigate to 'https://assist2-uat.perkeso.gov.my/login' successfully

2018-12-14 01:08:34 - [TEST_STEP][PASSED] - setText: Text 'johorotc1@gmail.com' is set on object 'Object Repository/Final Object Repo/Login Page/Internal User/Email Address'

2018-12-14 01:08:35 - [MESSAGE][PASSED] - Text 'johorotc1@gmail.com' is set on object 'Object Repository/Final Object Repo/Login Page/Internal User/Email Address'

2018-12-14 01:08:35 - [TEST_STEP][PASSED] - click: Object: 'Object Repository/Final Object Repo/Login Page/Internal User/Next Button' is clicked on

2018-12-14 01:08:35 - [MESSAGE][PASSED] - Object: 'Object Repository/Final Object Repo/Login Page/Internal User/Next Button' is clicked on

2018-12-14 01:08:35 - [TEST_STEP][PASSED] - delay: Delayed 1 second(s)

2018-12-14 01:08:36 - [MESSAGE][PASSED] - Delayed 1 second(s)

2018-12-14 01:08:36 - [TEST_STEP][PASSED] - setEncryptedText: Text ****** has been set on object 'Object Repository/Final Object Repo/Login Page/Internal User/Password'

2018-12-14 01:08:36 - [MESSAGE][PASSED] - Text ****** has been set on object 'Object Repository/Final Object Repo/Login Page/Internal User/Password'

2018-12-14 01:08:36 - [TEST_STEP][PASSED] - click: Object: 'Object Repository/Final Object Repo/Login Page/Internal User/Login Button' is clicked on

2018-12-14 01:08:36 - [MESSAGE][PASSED] - Object: 'Object Repository/Final Object Repo/Login Page/Internal User/Login Button' is clicked on

2018-12-14 01:08:36 - [TEST_STEP][PASSED] - delay: Delayed 1 second(s)

2018-12-14 01:08:37 - [MESSAGE][PASSED] - Delayed 1 second(s)

2018-12-14 01:08:37 - [TEST_STEP][PASSED] - navigateToUrl: Navigate to 'https://assist2-uat.perkeso.gov.my/web/base/portal-id/registration' successfully

2018-12-14 01:08:39 - [MESSAGE][PASSED] - Navigate to 'https://assist2-uat.perkeso.gov.my/web/base/portal-id/registration' successfully

2018-12-14 01:08:39 - [TEST_STEP][PASSED] - setText: Text 'AUTOMATION EMPLOYER' is set on object 'Object Repository/Final Object Repo/Creating Employer Account/Page_Registration - ASSIST (Base)/Employer Name'

2018-12-14 01:08:40 - [MESSAGE][PASSED] - Text 'AUTOMATION EMPLOYER' is set on object 'Object Repository/Final Object Repo/Creating Employer Account/Page_Registration - ASSIST (Base)/Employer Name'

2018-12-14 01:08:40 - [TEST_STEP][PASSED] - delay: Delayed 2 second(s)

2018-12-14 01:08:42 - [MESSAGE][PASSED] - Delayed 2 second(s)

2018-12-14 01:08:42 - [TEST_STEP][PASSED] - click: Object: 'Object Repository/Final Object Repo/Creating Employer Account/Page_Registration - ASSIST (Base)/Registration Type' is clicked on

2018-12-14 01:08:42 - [MESSAGE][PASSED] - Object: 'Object Repository/Final Object Repo/Creating Employer Account/Page_Registration - ASSIST (Base)/Registration Type' is clicked on

2018-12-14 01:08:42 - [TEST_STEP][PASSED] - delay: Delayed 2 second(s)

2018-12-14 01:08:44 - [MESSAGE][PASSED] - Delayed 2 second(s)

2018-12-14 01:08:44 - [TEST_STEP][PASSED] - click: Object: 'Object Repository/Final Object Repo/Creating Employer Account/Page_Registration - ASSIST (Base)/Registration Type - Registration No' is clicked on

2018-12-14 01:08:44 - [MESSAGE][PASSED] - Object: 'Object Repository/Final Object Repo/Creating Employer Account/Page_Registration - ASSIST (Base)/Registration Type - Registration No' is clicked on

2018-12-14 01:08:44 - [TEST_STEP][PASSED] - delay: Delayed 2 second(s)

2018-12-14 01:08:46 - [MESSAGE][PASSED] - Delayed 2 second(s)

2018-12-14 01:08:46 - [TEST_STEP][PASSED] - setText: Text 'AUTOMATE001' is set on object 'Object Repository/Final Object Repo/Creating Employer Account/Page_Registration - ASSIST (Base)/Registration Number'

2018-12-14 01:08:46 - [MESSAGE][PASSED] - Text 'AUTOMATE001' is set on object 'Object Repository/Final Object Repo/Creating Employer Account/Page_Registration - ASSIST (Base)/Registration Number'

2018-12-14 01:08:46 - [TEST_STEP][PASSED] - delay: Delayed 2 second(s)

2018-12-14 01:08:48 - [MESSAGE][PASSED] - Delayed 2 second(s)

2018-12-14 01:08:48 - [TEST_STEP][PASSED] - setText: Text 'ADDRESS 1' is set on object 'Object Repository/Final Object Repo/Creating Employer Account/Page_Registration - ASSIST (Base)/Postal Address 1'

2018-12-14 01:08:49 - [MESSAGE][PASSED] - Text 'ADDRESS 1' is set on object 'Object Repository/Final Object Repo/Creating Employer Account/Page_Registration - ASSIST (Base)/Postal Address 1'

2018-12-14 01:08:49 - [TEST_STEP][PASSED] - setText: Text 'ADDRESS 2' is set on object 'Object Repository/Final Object Repo/Creating Employer Account/Page_Registration - ASSIST (Base)/Postal Address 2'

2018-12-14 01:08:49 - [MESSAGE][PASSED] - Text 'ADDRESS 2' is set on object 'Object Repository/Final Object Repo/Creating Employer Account/Page_Registration - ASSIST (Base)/Postal Address 2'

2018-12-14 01:08:49 - [TEST_STEP][PASSED] - click: Object: 'Object Repository/Final Object Repo/Creating Employer Account/Page_Registration - ASSIST (Base)/State' is clicked on

2018-12-14 01:08:49 - [MESSAGE][PASSED] - Object: 'Object Repository/Final Object Repo/Creating Employer Account/Page_Registration - ASSIST (Base)/State' is clicked on

2018-12-14 01:08:49 - [TEST_STEP][PASSED] - delay: Delayed 2 second(s)

2018-12-14 01:08:51 - [MESSAGE][PASSED] - Delayed 2 second(s)

2018-12-14 01:08:51 - [TEST_STEP][PASSED] - click: Object: 'Object Repository/Final Object Repo/Creating Employer Account/Page_Registration - ASSIST (Base)/State - Johor' is clicked on

2018-12-14 01:08:51 - [MESSAGE][PASSED] - Object: 'Object Repository/Final Object Repo/Creating Employer Account/Page_Registration - ASSIST (Base)/State - Johor' is clicked on

2018-12-14 01:08:51 - [TEST_STEP][PASSED] - delay: Delayed 2 second(s)

2018-12-14 01:08:53 - [MESSAGE][PASSED] - Delayed 2 second(s)

2018-12-14 01:08:53 - [TEST_STEP][PASSED] - click: Object: 'Object Repository/Final Object Repo/Creating Employer Account/Page_Registration - ASSIST (Base)/City' is clicked on

2018-12-14 01:08:53 - [MESSAGE][PASSED] - Object: 'Object Repository/Final Object Repo/Creating Employer Account/Page_Registration - ASSIST (Base)/City' is clicked on

2018-12-14 01:08:53 - [TEST_STEP][PASSED] - delay: Delayed 2 second(s)

2018-12-14 01:08:55 - [MESSAGE][PASSED] - Delayed 2 second(s)

2018-12-14 01:08:55 - [TEST_STEP][PASSED] - setText: Text 'joh' is set on object 'Object Repository/Final Object Repo/Creating Employer Account/Page_Registration - ASSIST (Base)/City - joh'

2018-12-14 01:08:56 - [MESSAGE][PASSED] - Text 'joh' is set on object 'Object Repository/Final Object Repo/Creating Employer Account/Page_Registration - ASSIST (Base)/City - joh'

2018-12-14 01:08:56 - [TEST_STEP][PASSED] - delay: Delayed 2 second(s)

2018-12-14 01:08:58 - [MESSAGE][PASSED] - Delayed 2 second(s)

2018-12-14 01:08:58 - [TEST_STEP][PASSED] - click: Object: 'Object Repository/Final Object Repo/Creating Employer Account/Page_Registration - ASSIST (Base)/City - Johor Bharu' is clicked on

2018-12-14 01:08:58 - [MESSAGE][PASSED] - Object: 'Object Repository/Final Object Repo/Creating Employer Account/Page_Registration - ASSIST (Base)/City - Johor Bharu' is clicked on

2018-12-14 01:08:58 - [TEST_STEP][PASSED] - delay: Delayed 2 second(s)

2018-12-14 01:09:00 - [MESSAGE][PASSED] - Delayed 2 second(s)

2018-12-14 01:09:00 - [TEST_STEP][PASSED] - click: Object: 'Object Repository/Final Object Repo/Creating Employer Account/Page_Registration - ASSIST (Base)/Post Code' is clicked on

2018-12-14 01:09:00 - [MESSAGE][PASSED] - Object: 'Object Repository/Final Object Repo/Creating Employer Account/Page_Registration - ASSIST (Base)/Post Code' is clicked on

2018-12-14 01:09:00 - [TEST_STEP][PASSED] - delay: Delayed 2 second(s)

2018-12-14 01:09:02 - [MESSAGE][PASSED] - Delayed 2 second(s)

2018-12-14 01:09:02 - [TEST_STEP][PASSED] - setText: Text '810' is set on object 'Object Repository/Final Object Repo/Creating Employer Account/Page_Registration - ASSIST (Base)/Post Code - 810'

2018-12-14 01:09:02 - [MESSAGE][PASSED] - Text '810' is set on object 'Object Repository/Final Object Repo/Creating Employer Account/Page_Registration - ASSIST (Base)/Post Code - 810'

2018-12-14 01:09:02 - [TEST_STEP][PASSED] - delay: Delayed 2 second(s)

2018-12-14 01:09:04 - [MESSAGE][PASSED] - Delayed 2 second(s)

2018-12-14 01:09:04 - [TEST_STEP][PASSED] - click: Object: 'Object Repository/Final Object Repo/Creating Employer Account/Page_Registration - ASSIST (Base)/Post Code - 81000' is clicked on

2018-12-14 01:09:04 - [MESSAGE][PASSED] - Object: 'Object Repository/Final Object Repo/Creating Employer Account/Page_Registration - ASSIST (Base)/Post Code - 81000' is clicked on

2018-12-14 01:09:04 - [TEST_STEP][PASSED] - delay: Delayed 2 second(s)

2018-12-14 01:09:06 - [MESSAGE][PASSED] - Delayed 2 second(s)

2018-12-14 01:09:06 - [TEST_STEP][PASSED] - setText: Text 'PERKESO' is set on object 'Object Repository/Final Object Repo/Creating Employer Account/Page_Registration - ASSIST (Base)/Full Name'

2018-12-14 01:09:07 - [MESSAGE][PASSED] - Text 'PERKESO' is set on object 'Object Repository/Final Object Repo/Creating Employer Account/Page_Registration - ASSIST (Base)/Full Name'

2018-12-14 01:09:07 - [TEST_STEP][PASSED] - Statement - rnd = new java.util.Random(): null

2018-12-14 01:09:07 - [TEST_STEP][PASSED] - Statement - snum = rnd.nextInt(899999 + 1) + 100000: null

2018-12-14 01:09:07 - [TEST_STEP][PASSED] - Statement - tnum = rnd.nextInt(899999 + 1) + 100000: null

2018-12-14 01:09:07 - [TEST_STEP][PASSED] - Statement - IC = java.lang.Integer.toString(snum) + java.lang.Integer.toString(tnum): null

2018-12-14 01:09:07 - [TEST_STEP][PASSED] - Statement - out.println(IC): null

2018-12-14 01:09:07 - [TEST_STEP][PASSED] - setText: Text '387435991936' is set on object 'Object Repository/Final Object Repo/Creating Employer Account/Page_Registration - ASSIST (Base)/Identification Number'

2018-12-14 01:09:07 - [MESSAGE][PASSED] - Text '387435991936' is set on object 'Object Repository/Final Object Repo/Creating Employer Account/Page_Registration - ASSIST (Base)/Identification Number'

2018-12-14 01:09:07 - [TEST_STEP][PASSED] - delay: Delayed 2 second(s)

2018-12-14 01:09:09 - [MESSAGE][PASSED] - Delayed 2 second(s)

2018-12-14 01:09:09 - [TEST_STEP][PASSED] - setText: Text '123456789012' is set on object 'Object Repository/Final Object Repo/Creating Employer Account/Page_Registration - ASSIST (Base)/Contact Number'

2018-12-14 01:09:09 - [MESSAGE][PASSED] - Text '123456789012' is set on object 'Object Repository/Final Object Repo/Creating Employer Account/Page_Registration - ASSIST (Base)/Contact Number'

2018-12-14 01:09:09 - [TEST_STEP][PASSED] - Statement - Email = "perkeso" + IC + "@gmail.com": null

2018-12-14 01:09:09 - [TEST_STEP][PASSED] - delay: Delayed 2 second(s)

2018-12-14 01:09:11 - [MESSAGE][PASSED] - Delayed 2 second(s)

2018-12-14 01:09:11 - [TEST_STEP][PASSED] - callTestCase: Call Test Case 'Test Cases/Final Aug 2018 - PKS Automation/Create Employer Acc/Template/Employer Email Settler' successfully

2018-12-14 01:09:11 - [TEST_CASE][PASSED] - Test Cases/Final Aug 2018 - PKS Automation/Create Employer Acc/Template/Employer Email Settler: Test Cases/Final Aug 2018 - PKS Automation/Create Employer Acc/Template/Employer Email Settler

2018-12-14 01:09:11 - [TEST_STEP][PASSED] - Statement - EmpEmailOld = new java.io.File(C://Users//Admin//Desktop//PKS//Automation Reference Point//EmpEmail.txt): null

2018-12-14 01:09:11 - [TEST_STEP][PASSED] - Statement - EmpEmailOld.delete(): null

2018-12-14 01:09:11 - [TEST_STEP][PASSED] - delay: Delayed 5 second(s)

2018-12-14 01:09:16 - [MESSAGE][PASSED] - Delayed 5 second(s)

2018-12-14 01:09:16 - [TEST_STEP][PASSED] - Statement - EmpEmail = new java.io.File(C://Users//Admin//Desktop//PKS//Automation Reference Point//EmpEmail.txt): null

2018-12-14 01:09:16 - [TEST_STEP][PASSED] - Statement - f2 = new java.io.FileWriter(EmpEmail, false): null

2018-12-14 01:09:16 - [TEST_STEP][PASSED] - Statement - f2.write(Email): null

2018-12-14 01:09:16 - [TEST_STEP][PASSED] - Statement - f2.close(): null

2018-12-14 01:09:16 - [TEST_STEP][PASSED] - Statement - out.println(Email): null

2018-12-14 01:09:16 - [MESSAGE][PASSED] - Call Test Case 'Test Cases/Final Aug 2018 - PKS Automation/Create Employer Acc/Template/Employer Email Settler' successfully

2018-12-14 01:09:16 - [TEST_STEP][PASSED] - delay: Delayed 2 second(s)

2018-12-14 01:09:18 - [MESSAGE][PASSED] - Delayed 2 second(s)

2018-12-14 01:09:18 - [TEST_STEP][PASSED] - setText: Text 'perkeso387435991936@gmail.com' is set on object 'Object Repository/Final Object Repo/Creating Employer Account/Page_Registration - ASSIST (Base)/Email'

2018-12-14 01:09:19 - [MESSAGE][PASSED] - Text 'perkeso387435991936@gmail.com' is set on object 'Object Repository/Final Object Repo/Creating Employer Account/Page_Registration - ASSIST (Base)/Email'

2018-12-14 01:09:19 - [TEST_STEP][PASSED] - setText: Text '123' is set on object 'Object Repository/Final Object Repo/Creating Employer Account/Page_Registration - ASSIST (Base)/Security Phase'

2018-12-14 01:09:19 - [MESSAGE][PASSED] - Text '123' is set on object 'Object Repository/Final Object Repo/Creating Employer Account/Page_Registration - ASSIST (Base)/Security Phase'

2018-12-14 01:09:19 - [TEST_STEP][PASSED] - click: Object: 'Object Repository/Final Object Repo/Creating Employer Account/Page_Registration - ASSIST (Base)/Save  Continue' is clicked on

2018-12-14 01:09:19 - [MESSAGE][PASSED] - Object: 'Object Repository/Final Object Repo/Creating Employer Account/Page_Registration - ASSIST (Base)/Save  Continue' is clicked on

2018-12-14 01:09:19 - [TEST_STEP][PASSED] - delay: Delayed 2 second(s)

2018-12-14 01:09:21 - [MESSAGE][PASSED] - Delayed 2 second(s)

2018-12-14 01:09:21 - [TEST_STEP][PASSED] - click: Object: 'Object Repository/Final Object Repo/Creating Employer Account/Page_Registration - ASSIST (Base)/Add Document' is clicked on

2018-12-14 01:09:21 - [MESSAGE][PASSED] - Object: 'Object Repository/Final Object Repo/Creating Employer Account/Page_Registration - ASSIST (Base)/Add Document' is clicked on

2018-12-14 01:09:21 - [TEST_STEP][PASSED] - delay: Delayed 2 second(s)

2018-12-14 01:09:23 - [MESSAGE][PASSED] - Delayed 2 second(s)

2018-12-14 01:09:23 - [TEST_STEP][PASSED] - click: Object: 'Object Repository/Final Object Repo/Creating Employer Account/Page_Registration - ASSIST (Base)/Document Type' is clicked on

2018-12-14 01:09:24 - [MESSAGE][PASSED] - Object: 'Object Repository/Final Object Repo/Creating Employer Account/Page_Registration - ASSIST (Base)/Document Type' is clicked on

2018-12-14 01:09:24 - [TEST_STEP][PASSED] - delay: Delayed 2 second(s)

2018-12-14 01:09:26 - [MESSAGE][PASSED] - Delayed 2 second(s)

2018-12-14 01:09:26 - [TEST_STEP][PASSED] - click: Object: 'Object Repository/Final Object Repo/Creating Employer Account/Page_Registration - ASSIST (Base)/Document Type - Letter of Authorization' is clicked on

2018-12-14 01:09:26 - [MESSAGE][PASSED] - Object: 'Object Repository/Final Object Repo/Creating Employer Account/Page_Registration - ASSIST (Base)/Document Type - Letter of Authorization' is clicked on

2018-12-14 01:09:26 - [TEST_STEP][PASSED] - delay: Delayed 2 second(s)

2018-12-14 01:09:28 - [MESSAGE][PASSED] - Delayed 2 second(s)

2018-12-14 01:09:28 - [TEST_STEP][PASSED] - sendKeys: Keys 'C:\Users\Public\Pictures\Sample Pictures\Koala.jpg' sent to object: 'Object Repository/Final Object Repo/Creating Employer Account/Page_Registration - ASSIST (Base)/Uploading File'

2018-12-14 01:09:28 - [MESSAGE][PASSED] - Keys 'C:\Users\Public\Pictures\Sample Pictures\Koala.jpg' sent to object: 'Object Repository/Final Object Repo/Creating Employer Account/Page_Registration - ASSIST (Base)/Uploading File'

2018-12-14 01:09:28 - [TEST_STEP][PASSED] - delay: Delayed 2 second(s)

2018-12-14 01:09:30 - [MESSAGE][PASSED] - Delayed 2 second(s)

2018-12-14 01:09:30 - [TEST_STEP][PASSED] - click: Object: 'Object Repository/Final Object Repo/Creating Employer Account/Page_Registration - ASSIST (Base)/Add Document in Uploading File' is clicked on

2018-12-14 01:09:30 - [MESSAGE][PASSED] - Object: 'Object Repository/Final Object Repo/Creating Employer Account/Page_Registration - ASSIST (Base)/Add Document in Uploading File' is clicked on

2018-12-14 01:09:30 - [TEST_STEP][PASSED] - delay: Delayed 2 second(s)

2018-12-14 01:09:32 - [MESSAGE][PASSED] - Delayed 2 second(s)

2018-12-14 01:09:32 - [TEST_STEP][PASSED] - click: Object: 'Object Repository/Final Object Repo/Creating Employer Account/Page_Registration - ASSIST (Base)/Save' is clicked on

2018-12-14 01:09:32 - [MESSAGE][PASSED] - Object: 'Object Repository/Final Object Repo/Creating Employer Account/Page_Registration - ASSIST (Base)/Save' is clicked on

2018-12-14 01:09:32 - [TEST_STEP][PASSED] - delay: Delayed 2 second(s)

2018-12-14 01:09:34 - [MESSAGE][PASSED] - Delayed 2 second(s)

2018-12-14 01:09:34 - [TEST_STEP][PASSED] - click: Object: 'Object Repository/Final Object Repo/Creating Employer Account/Page_Registration - ASSIST (Base)/Submit' is clicked on

2018-12-14 01:09:34 - [MESSAGE][PASSED] - Object: 'Object Repository/Final Object Repo/Creating Employer Account/Page_Registration - ASSIST (Base)/Submit' is clicked on

2018-12-14 01:09:34 - [TEST_STEP][PASSED] - delay: Delayed 2 second(s)

2018-12-14 01:09:36 - [MESSAGE][PASSED] - Delayed 2 second(s)

2018-12-14 01:09:36 - [TEST_STEP][PASSED] - click: Object: 'Object Repository/Final Object Repo/Creating Employer Account/Page_Registration - ASSIST (Base)/Confirm' is clicked on

2018-12-14 01:09:36 - [MESSAGE][PASSED] - Object: 'Object Repository/Final Object Repo/Creating Employer Account/Page_Registration - ASSIST (Base)/Confirm' is clicked on

2018-12-14 01:09:36 - [MESSAGE][PASSED] - Call Test Case 'Test Cases/Final Aug 2018 - PKS Automation/Create Employer Acc/Template/Register Employer' successfully

2018-12-14 01:09:36 - [TEST_STEP][PASSED] - delay: Delayed 1 second(s)

2018-12-14 01:09:37 - [MESSAGE][PASSED] - Delayed 1 second(s)

2018-12-14 01:09:37 - [TEST_STEP][PASSED] - navigateToUrl: Navigate to 'https://assist2-uat.perkeso.gov.my/c/portal/logout' successfully

2018-12-14 01:09:39 - [MESSAGE][PASSED] - Navigate to 'https://assist2-uat.perkeso.gov.my/c/portal/logout' successfully

2018-12-14 01:09:39 - [TEST_STEP][PASSED] - delay: Delayed 1 second(s)

2018-12-14 01:09:40 - [MESSAGE][PASSED] - Delayed 1 second(s)

2018-12-14 01:09:40 - [TEST_STEP][PASSED] - callTestCase: Call Test Case 'Test Cases/Final Aug 2018 - PKS Automation/Create Employer Acc/Template/Change Password of Employer' successfully

2018-12-14 01:09:40 - [TEST_CASE][PASSED] - Test Cases/Final Aug 2018 - PKS Automation/Create Employer Acc/Template/Change Password of Employer: Test Cases/Final Aug 2018 - PKS Automation/Create Employer Acc/Template/Change Password of Employer

2018-12-14 01:09:40 - [TEST_STEP][PASSED] - openBrowser: Browser is opened with url: ''

2018-12-14 01:09:40 - [MESSAGE][WARNING] - A browser is already opened. Closing browser and opening a new one

2018-12-14 01:09:44 - [MESSAGE][PASSED] - Browser is opened with url: ''

2018-12-14 01:09:44 - [TEST_STEP][PASSED] - navigateToUrl: Navigate to 'https://assist2-uat.perkeso.gov.my/login' successfully

2018-12-14 01:09:45 - [MESSAGE][PASSED] - Navigate to 'https://assist2-uat.perkeso.gov.my/login' successfully

2018-12-14 01:09:45 - [TEST_STEP][PASSED] - delay: Delayed 5 second(s)

2018-12-14 01:09:50 - [MESSAGE][PASSED] - Delayed 5 second(s)

2018-12-14 01:09:50 - [TEST_STEP][PASSED] - setText: Text 'test@liferay.com' is set on object 'Object Repository/Final Object Repo/Login Page/Internal User/Email Address'

2018-12-14 01:09:50 - [MESSAGE][PASSED] - Text 'test@liferay.com' is set on object 'Object Repository/Final Object Repo/Login Page/Internal User/Email Address'

2018-12-14 01:09:50 - [TEST_STEP][PASSED] - click: Object: 'Object Repository/Final Object Repo/Login Page/Internal User/Next Button' is clicked on

2018-12-14 01:09:51 - [MESSAGE][PASSED] - Object: 'Object Repository/Final Object Repo/Login Page/Internal User/Next Button' is clicked on

2018-12-14 01:09:51 - [TEST_STEP][PASSED] - delay: Delayed 2 second(s)

2018-12-14 01:09:53 - [MESSAGE][PASSED] - Delayed 2 second(s)

2018-12-14 01:09:53 - [TEST_STEP][PASSED] - setText: Text 'test' is set on object 'Object Repository/Final Object Repo/Login Page/Internal User/Password'

2018-12-14 01:09:53 - [MESSAGE][PASSED] - Text 'test' is set on object 'Object Repository/Final Object Repo/Login Page/Internal User/Password'

2018-12-14 01:09:53 - [TEST_STEP][PASSED] - delay: Delayed 2 second(s)

2018-12-14 01:09:55 - [MESSAGE][PASSED] - Delayed 2 second(s)

2018-12-14 01:09:55 - [TEST_STEP][PASSED] - click: Object: 'Object Repository/Final Object Repo/Login Page/Internal User/Login Button' is clicked on

2018-12-14 01:09:55 - [MESSAGE][PASSED] - Object: 'Object Repository/Final Object Repo/Login Page/Internal User/Login Button' is clicked on

2018-12-14 01:09:55 - [TEST_STEP][PASSED] - delay: Delayed 3 second(s)

2018-12-14 01:09:58 - [MESSAGE][PASSED] - Delayed 3 second(s)

2018-12-14 01:09:58 - [TEST_STEP][PASSED] - navigateToUrl: Navigate to 'https://assist2-uat.perkeso.gov.my/group/control_panel/manage?p_p_id=125&p_p_lifecycle=0&p_p_state=maximized&p_p_mode=view&refererPlid=20455&_125_usersListView=flat-users&_125_toolbarItem=view-all-users&_125_saveUsersListView=true&_125_struts_action=%2Fusers_admin%2Fview' successfully

2018-12-14 01:10:00 - [MESSAGE][PASSED] - Navigate to 'https://assist2-uat.perkeso.gov.my/group/control_panel/manage?p_p_id=125&p_p_lifecycle=0&p_p_state=maximized&p_p_mode=view&refererPlid=20455&_125_usersListView=flat-users&_125_toolbarItem=view-all-users&_125_saveUsersListView=true&_125_struts_action=%2Fusers_admin%2Fview' successfully

2018-12-14 01:10:00 - [TEST_STEP][PASSED] - delay: Delayed 3 second(s)

2018-12-14 01:10:03 - [MESSAGE][PASSED] - Delayed 3 second(s)

2018-12-14 01:10:03 - [TEST_STEP][PASSED] - setText: Text 'perkeso387435991936@gmail.com' is set on object 'Object Repository/Final Object Repo/Creating Employer Account/Page_Users and Organizations - ASSIST/Employer name'

2018-12-14 01:10:03 - [MESSAGE][PASSED] - Text 'perkeso387435991936@gmail.com' is set on object 'Object Repository/Final Object Repo/Creating Employer Account/Page_Users and Organizations - ASSIST/Employer name'

2018-12-14 01:10:03 - [TEST_STEP][PASSED] - delay: Delayed 3 second(s)

2018-12-14 01:10:06 - [MESSAGE][PASSED] - Delayed 3 second(s)

2018-12-14 01:10:06 - [TEST_STEP][PASSED] - click: Object: 'Object Repository/Final Object Repo/Creating Employer Account/Page_Users and Organizations - ASSIST/Search' is clicked on

2018-12-14 01:10:06 - [MESSAGE][PASSED] - Object: 'Object Repository/Final Object Repo/Creating Employer Account/Page_Users and Organizations - ASSIST/Search' is clicked on

2018-12-14 01:10:06 - [TEST_STEP][PASSED] - delay: Delayed 3 second(s)

2018-12-14 01:10:09 - [MESSAGE][PASSED] - Delayed 3 second(s)

2018-12-14 01:10:09 - [TEST_STEP][PASSED] - click: Object: 'Object Repository/Final Object Repo/Creating Employer Account/Page_Users and Organizations - ASSIST/Action' is clicked on

2018-12-14 01:10:10 - [MESSAGE][PASSED] - Object: 'Object Repository/Final Object Repo/Creating Employer Account/Page_Users and Organizations - ASSIST/Action' is clicked on

2018-12-14 01:10:10 - [TEST_STEP][PASSED] - delay: Delayed 3 second(s)

2018-12-14 01:10:13 - [MESSAGE][PASSED] - Delayed 3 second(s)

2018-12-14 01:10:13 - [TEST_STEP][PASSED] - click: Object: 'Object Repository/Final Object Repo/Creating Employer Account/Page_Users and Organizations - ASSIST/Edit' is clicked on

2018-12-14 01:10:14 - [MESSAGE][PASSED] - Object: 'Object Repository/Final Object Repo/Creating Employer Account/Page_Users and Organizations - ASSIST/Edit' is clicked on

2018-12-14 01:10:14 - [TEST_STEP][PASSED] - delay: Delayed 3 second(s)

2018-12-14 01:10:17 - [MESSAGE][PASSED] - Delayed 3 second(s)

2018-12-14 01:10:17 - [TEST_STEP][PASSED] - click: Object: 'Object Repository/Final Object Repo/Creating Employer Account/Page_PERKESO - Users and Organizati/a_Password (Modified)' is clicked on

2018-12-14 01:10:17 - [MESSAGE][PASSED] - Object: 'Object Repository/Final Object Repo/Creating Employer Account/Page_PERKESO - Users and Organizati/a_Password (Modified)' is clicked on

2018-12-14 01:10:17 - [TEST_STEP][PASSED] - delay: Delayed 3 second(s)

2018-12-14 01:10:20 - [MESSAGE][PASSED] - Delayed 3 second(s)

2018-12-14 01:10:20 - [TEST_STEP][PASSED] - setEncryptedText: Text ****** has been set on object 'Object Repository/Final Object Repo/Creating Employer Account/Page_PERKESO - Users and Organizati/input__125_password1'

2018-12-14 01:10:20 - [MESSAGE][PASSED] - Text ****** has been set on object 'Object Repository/Final Object Repo/Creating Employer Account/Page_PERKESO - Users and Organizati/input__125_password1'

2018-12-14 01:10:20 - [TEST_STEP][PASSED] - delay: Delayed 3 second(s)

2018-12-14 01:10:23 - [MESSAGE][PASSED] - Delayed 3 second(s)

2018-12-14 01:10:23 - [TEST_STEP][PASSED] - setEncryptedText: Text ****** has been set on object 'Object Repository/Final Object Repo/Creating Employer Account/Page_PERKESO - Users and Organizati/input__125_password2'

2018-12-14 01:10:24 - [MESSAGE][PASSED] - Text ****** has been set on object 'Object Repository/Final Object Repo/Creating Employer Account/Page_PERKESO - Users and Organizati/input__125_password2'

2018-12-14 01:10:24 - [TEST_STEP][PASSED] - delay: Delayed 3 second(s)

2018-12-14 01:10:27 - [MESSAGE][PASSED] - Delayed 3 second(s)

2018-12-14 01:10:27 - [TEST_STEP][PASSED] - click: Object: 'Object Repository/Final Object Repo/Creating Employer Account/Page_PERKESO - Users and Organizati/Save' is clicked on

2018-12-14 01:10:28 - [MESSAGE][PASSED] - Object: 'Object Repository/Final Object Repo/Creating Employer Account/Page_PERKESO - Users and Organizati/Save' is clicked on

2018-12-14 01:10:28 - [MESSAGE][PASSED] - Call Test Case 'Test Cases/Final Aug 2018 - PKS Automation/Create Employer Acc/Template/Change Password of Employer' successfully

2018-12-14 01:10:28 - [TEST_STEP][PASSED] - delay: Delayed 1 second(s)

2018-12-14 01:10:29 - [MESSAGE][PASSED] - Delayed 1 second(s)

2018-12-14 01:10:29 - [TEST_STEP][PASSED] - navigateToUrl: Navigate to 'https://assist2-uat.perkeso.gov.my/c/portal/logout' successfully

2018-12-14 01:10:30 - [MESSAGE][PASSED] - Navigate to 'https://assist2-uat.perkeso.gov.my/c/portal/logout' successfully

2018-12-14 01:10:30 - [TEST_STEP][PASSED] - delay: Delayed 1 second(s)

2018-12-14 01:10:31 - [MESSAGE][PASSED] - Delayed 1 second(s)

2018-12-14 01:10:31 - [TEST_STEP][PASSED] - callTestCase: Call Test Case 'Test Cases/Final Aug 2018 - PKS Automation/Create Employer Acc/Template/Login to Employer Account (First Time)' successfully

2018-12-14 01:10:31 - [TEST_CASE][PASSED] - Test Cases/Final Aug 2018 - PKS Automation/Create Employer Acc/Template/Login to Employer Account (First Time): Test Cases/Final Aug 2018 - PKS Automation/Create Employer Acc/Template/Login to Employer Account (First Time)

2018-12-14 01:10:31 - [TEST_STEP][PASSED] - openBrowser: Browser is opened with url: ''

2018-12-14 01:10:31 - [MESSAGE][WARNING] - A browser is already opened. Closing browser and opening a new one

2018-12-14 01:10:35 - [MESSAGE][PASSED] - Browser is opened with url: ''

2018-12-14 01:10:35 - [TEST_STEP][PASSED] - navigateToUrl: Navigate to 'https://assist2-uat.perkeso.gov.my/employer/login' successfully

2018-12-14 01:10:36 - [MESSAGE][PASSED] - Navigate to 'https://assist2-uat.perkeso.gov.my/employer/login' successfully

2018-12-14 01:10:36 - [TEST_STEP][PASSED] - delay: Delayed 3 second(s)

2018-12-14 01:10:39 - [MESSAGE][PASSED] - Delayed 3 second(s)

2018-12-14 01:10:39 - [TEST_STEP][PASSED] - callTestCase: Call Test Case 'Test Cases/Final Aug 2018 - PKS Automation/Create Employer Acc/Template/Employer Email Getter' successfully

2018-12-14 01:10:39 - [TEST_CASE][PASSED] - Test Cases/Final Aug 2018 - PKS Automation/Create Employer Acc/Template/Employer Email Getter: Test Cases/Final Aug 2018 - PKS Automation/Create Employer Acc/Template/Employer Email Getter

2018-12-14 01:10:39 - [TEST_STEP][PASSED] - Statement - Try: null

2018-12-14 01:10:39 - [TEST_STEP][PASSED] - Statement - EmpEmail = new java.io.File(C://Users//Admin//Desktop//PKS//Automation Reference Point//EmpEmail.txt): null

2018-12-14 01:10:39 - [TEST_STEP][PASSED] - Statement - bufferread = new java.io.BufferedReader(new java.io.FileReader(EmpEmail)): null

2018-12-14 01:10:39 - [TEST_STEP][PASSED] - Statement - readedVal = bufferread.readLine(): null

2018-12-14 01:10:39 - [TEST_STEP][PASSED] - Statement - out.println(readedVal): null

2018-12-14 01:10:39 - [TEST_STEP][PASSED] - Statement - Email = readedVal: null

2018-12-14 01:10:39 - [MESSAGE][PASSED] - Call Test Case 'Test Cases/Final Aug 2018 - PKS Automation/Create Employer Acc/Template/Employer Email Getter' successfully

2018-12-14 01:10:39 - [TEST_STEP][PASSED] - setText: Text 'perkeso387435991936@gmail.com' is set on object 'Object Repository/Final Object Repo/Login Page/External Login Page/Email'

2018-12-14 01:10:40 - [MESSAGE][PASSED] - Text 'perkeso387435991936@gmail.com' is set on object 'Object Repository/Final Object Repo/Login Page/External Login Page/Email'

2018-12-14 01:10:40 - [TEST_STEP][PASSED] - click: Object: 'Object Repository/Final Object Repo/Login Page/External Login Page/Next' is clicked on

2018-12-14 01:10:40 - [MESSAGE][PASSED] - Object: 'Object Repository/Final Object Repo/Login Page/External Login Page/Next' is clicked on

2018-12-14 01:10:40 - [TEST_STEP][PASSED] - delay: Delayed 3 second(s)

2018-12-14 01:10:43 - [MESSAGE][PASSED] - Delayed 3 second(s)

2018-12-14 01:10:43 - [TEST_STEP][PASSED] - setEncryptedText: Text ****** has been set on object 'Object Repository/Final Object Repo/Login Page/External Login Page/Password'

2018-12-14 01:10:43 - [MESSAGE][PASSED] - Text ****** has been set on object 'Object Repository/Final Object Repo/Login Page/External Login Page/Password'

2018-12-14 01:10:43 - [TEST_STEP][PASSED] - click: Object: 'Object Repository/Final Object Repo/Login Page/External Login Page/Login' is clicked on

2018-12-14 01:10:43 - [MESSAGE][PASSED] - Object: 'Object Repository/Final Object Repo/Login Page/External Login Page/Login' is clicked on

2018-12-14 01:10:43 - [TEST_STEP][PASSED] - delay: Delayed 3 second(s)

2018-12-14 01:10:46 - [MESSAGE][PASSED] - Delayed 3 second(s)

2018-12-14 01:10:46 - [TEST_STEP][PASSED] - click: Object: 'Object Repository/Final Object Repo/Creating Employer Account/Page_Terms of Use - ASSIST/button_I Agree' is clicked on

2018-12-14 01:10:47 - [MESSAGE][PASSED] - Object: 'Object Repository/Final Object Repo/Creating Employer Account/Page_Terms of Use - ASSIST/button_I Agree' is clicked on

2018-12-14 01:10:47 - [TEST_STEP][PASSED] - delay: Delayed 2 second(s)

2018-12-14 01:10:49 - [MESSAGE][PASSED] - Delayed 2 second(s)

2018-12-14 01:10:49 - [TEST_STEP][PASSED] - setEncryptedText: Text ****** has been set on object 'Object Repository/Final Object Repo/Creating Employer Account/Page_New Password - ASSIST/input_password1'

2018-12-14 01:10:49 - [MESSAGE][PASSED] - Text ****** has been set on object 'Object Repository/Final Object Repo/Creating Employer Account/Page_New Password - ASSIST/input_password1'

2018-12-14 01:10:49 - [TEST_STEP][PASSED] - setEncryptedText: Text ****** has been set on object 'Object Repository/Final Object Repo/Creating Employer Account/Page_New Password - ASSIST/input_password2'

2018-12-14 01:10:49 - [MESSAGE][PASSED] - Text ****** has been set on object 'Object Repository/Final Object Repo/Creating Employer Account/Page_New Password - ASSIST/input_password2'

2018-12-14 01:10:49 - [TEST_STEP][PASSED] - delay: Delayed 2 second(s)

2018-12-14 01:10:51 - [MESSAGE][PASSED] - Delayed 2 second(s)

2018-12-14 01:10:51 - [TEST_STEP][PASSED] - click: Object: 'Object Repository/Final Object Repo/Creating Employer Account/Page_New Password - ASSIST/Save' is clicked on

2018-12-14 01:10:52 - [MESSAGE][PASSED] - Object: 'Object Repository/Final Object Repo/Creating Employer Account/Page_New Password - ASSIST/Save' is clicked on

2018-12-14 01:10:52 - [TEST_STEP][PASSED] - delay: Delayed 2 second(s)

2018-12-14 01:10:54 - [MESSAGE][PASSED] - Delayed 2 second(s)

2018-12-14 01:10:54 - [TEST_STEP][PASSED] - setText: Text 'test' is set on object 'Object Repository/Final Object Repo/Creating Employer Account/Page_Password Reminder - ASSIST/Reminder Query Answer'

2018-12-14 01:10:54 - [MESSAGE][PASSED] - Text 'test' is set on object 'Object Repository/Final Object Repo/Creating Employer Account/Page_Password Reminder - ASSIST/Reminder Query Answer'

2018-12-14 01:10:54 - [TEST_STEP][PASSED] - delay: Delayed 2 second(s)

2018-12-14 01:10:56 - [MESSAGE][PASSED] - Delayed 2 second(s)

2018-12-14 01:10:56 - [TEST_STEP][PASSED] - doubleClick: Object: 'Object Repository/Final Object Repo/Creating Employer Account/Page_Password Reminder - ASSIST/Save' is double clicked on

2018-12-14 01:10:56 - [MESSAGE][PASSED] - Object: 'Object Repository/Final Object Repo/Creating Employer Account/Page_Password Reminder - ASSIST/Save' is double clicked on

2018-12-14 01:10:56 - [MESSAGE][PASSED] - Call Test Case 'Test Cases/Final Aug 2018 - PKS Automation/Create Employer Acc/Template/Login to Employer Account (First Time)' successfully

2018-12-14 01:10:56 - [MESSAGE][PASSED] - Call Test Case 'Test Cases/Final Aug 2018 - PKS Automation/Create Employer Acc/Create Employer Account' successfully

2018-12-14 01:10:56 - [TEST_STEP][PASSED] - callTestCase: Call Test Case 'Test Cases/Final Aug 2018 - PKS Automation/Registration Module/Log Out/log out avoiding katalon tagging' successfully

2018-12-14 01:10:56 - [TEST_CASE][PASSED] - Test Cases/Final Aug 2018 - PKS Automation/Registration Module/Log Out/log out avoiding katalon tagging: Test Cases/Final Aug 2018 - PKS Automation/Registration Module/Log Out/log out avoiding katalon tagging

2018-12-14 01:10:56 - [TEST_STEP][PASSED] - navigateToUrl: Navigate to 'https://assist2-uat.perkeso.gov.my/c/portal/logout' successfully

2018-12-14 01:10:59 - [MESSAGE][PASSED] - Navigate to 'https://assist2-uat.perkeso.gov.my/c/portal/logout' successfully

2018-12-14 01:10:59 - [MESSAGE][PASSED] - Call Test Case 'Test Cases/Final Aug 2018 - PKS Automation/Registration Module/Log Out/log out avoiding katalon tagging' successfully

2018-12-14 01:10:59 - [TEST_STEP][PASSED] - callTestCase: Call Test Case 'Test Cases/Final Aug 2018 - PKS Automation/Create Employer Acc/Login to Employer Account (Second time)' successfully

2018-12-14 01:10:59 - [TEST_CASE][PASSED] - Test Cases/Final Aug 2018 - PKS Automation/Create Employer Acc/Login to Employer Account (Second time): Test Cases/Final Aug 2018 - PKS Automation/Create Employer Acc/Login to Employer Account (Second time)

2018-12-14 01:10:59 - [TEST_STEP][PASSED] - openBrowser: Browser is opened with url: ''

2018-12-14 01:10:59 - [MESSAGE][WARNING] - A browser is already opened. Closing browser and opening a new one

2018-12-14 01:11:03 - [MESSAGE][PASSED] - Browser is opened with url: ''

2018-12-14 01:11:03 - [TEST_STEP][PASSED] - navigateToUrl: Navigate to 'https://assist2-uat.perkeso.gov.my/employer/login' successfully

2018-12-14 01:11:04 - [MESSAGE][PASSED] - Navigate to 'https://assist2-uat.perkeso.gov.my/employer/login' successfully

2018-12-14 01:11:04 - [TEST_STEP][PASSED] - delay: Delayed 3 second(s)

2018-12-14 01:11:07 - [MESSAGE][PASSED] - Delayed 3 second(s)

2018-12-14 01:11:07 - [TEST_STEP][PASSED] - callTestCase: Call Test Case 'Test Cases/Final Aug 2018 - PKS Automation/Create Employer Acc/Template/Employer Email Getter' successfully

2018-12-14 01:11:07 - [TEST_CASE][PASSED] - Test Cases/Final Aug 2018 - PKS Automation/Create Employer Acc/Template/Employer Email Getter: Test Cases/Final Aug 2018 - PKS Automation/Create Employer Acc/Template/Employer Email Getter

2018-12-14 01:11:07 - [TEST_STEP][PASSED] - Statement - Try: null

2018-12-14 01:11:07 - [TEST_STEP][PASSED] - Statement - EmpEmail = new java.io.File(C://Users//Admin//Desktop//PKS//Automation Reference Point//EmpEmail.txt): null

2018-12-14 01:11:07 - [TEST_STEP][PASSED] - Statement - bufferread = new java.io.BufferedReader(new java.io.FileReader(EmpEmail)): null

2018-12-14 01:11:07 - [TEST_STEP][PASSED] - Statement - readedVal = bufferread.readLine(): null

2018-12-14 01:11:07 - [TEST_STEP][PASSED] - Statement - out.println(readedVal): null

2018-12-14 01:11:07 - [TEST_STEP][PASSED] - Statement - Email = readedVal: null

2018-12-14 01:11:07 - [MESSAGE][PASSED] - Call Test Case 'Test Cases/Final Aug 2018 - PKS Automation/Create Employer Acc/Template/Employer Email Getter' successfully

2018-12-14 01:11:07 - [TEST_STEP][PASSED] - setText: Text 'perkeso387435991936@gmail.com' is set on object 'Object Repository/Final Object Repo/Login Page/External Login Page/Email'

2018-12-14 01:11:08 - [MESSAGE][PASSED] - Text 'perkeso387435991936@gmail.com' is set on object 'Object Repository/Final Object Repo/Login Page/External Login Page/Email'

2018-12-14 01:11:08 - [TEST_STEP][PASSED] - click: Object: 'Object Repository/Final Object Repo/Login Page/External Login Page/Next' is clicked on

2018-12-14 01:11:08 - [MESSAGE][PASSED] - Object: 'Object Repository/Final Object Repo/Login Page/External Login Page/Next' is clicked on

2018-12-14 01:11:08 - [TEST_STEP][PASSED] - delay: Delayed 3 second(s)

2018-12-14 01:11:11 - [MESSAGE][PASSED] - Delayed 3 second(s)

2018-12-14 01:11:11 - [TEST_STEP][PASSED] - setEncryptedText: Text ****** has been set on object 'Object Repository/Final Object Repo/Login Page/External Login Page/Password'

2018-12-14 01:11:11 - [MESSAGE][PASSED] - Text ****** has been set on object 'Object Repository/Final Object Repo/Login Page/External Login Page/Password'

2018-12-14 01:11:11 - [TEST_STEP][PASSED] - click: Object: 'Object Repository/Final Object Repo/Login Page/External Login Page/Login' is clicked on

2018-12-14 01:11:11 - [MESSAGE][PASSED] - Object: 'Object Repository/Final Object Repo/Login Page/External Login Page/Login' is clicked on

2018-12-14 01:11:11 - [TEST_STEP][PASSED] - delay: Delayed 5 second(s)

2018-12-14 01:11:16 - [MESSAGE][PASSED] - Delayed 5 second(s)

2018-12-14 01:11:16 - [MESSAGE][PASSED] - Call Test Case 'Test Cases/Final Aug 2018 - PKS Automation/Create Employer Acc/Login to Employer Account (Second time)' successfully

2018-12-14 01:11:16 - [TEST_STEP][PASSED] - delay: Delayed 4 second(s)

2018-12-14 01:11:20 - [MESSAGE][PASSED] - Delayed 4 second(s)

2018-12-14 01:11:20 - [TEST_STEP][PASSED] - Statement - Try: Delayed 2 second(s)

2018-12-14 01:11:20 - [TEST_STEP][PASSED] - Statement - Checker = false: null

2018-12-14 01:11:20 - [TEST_STEP][PASSED] - Statement - Checker = com.kms.katalon.core.webui.keyword.WebUiBuiltInKeywords.verifyElementHasAttribute(com.kms.katalon.core.testobject.ObjectRepository.findTestObject(Final Object Repo/Landing Page/BM Detecting), "href", 20, OPTIONAL): Object 'Object Repository/Final Object Repo/Landing Page/BM Detecting' has attribute 'href'

2018-12-14 01:11:20 - [MESSAGE][PASSED] - Object 'Object Repository/Final Object Repo/Landing Page/BM Detecting' has attribute 'href'

2018-12-14 01:11:20 - [TEST_STEP][PASSED] - Statement - out.println(Checker): null

2018-12-14 01:11:20 - [TEST_STEP][PASSED] - Statement - If (Checker == false): null

2018-12-14 01:11:20 - [TEST_STEP][PASSED] - Statement - Else: null

2018-12-14 01:11:20 - [TEST_STEP][PASSED] - delay: Delayed 2 second(s)

2018-12-14 01:11:22 - [MESSAGE][PASSED] - Delayed 2 second(s)

2018-12-14 01:11:22 - [TEST_STEP][PASSED] - delay: Delayed 4 second(s)

2018-12-14 01:11:26 - [MESSAGE][PASSED] - Delayed 4 second(s)

2018-12-14 01:11:26 - [TEST_STEP][PASSED] - click: Object: 'Object Repository/Final Object Repo/Landing Page/My Sites Drop Down' is clicked on

2018-12-14 01:11:26 - [MESSAGE][PASSED] - Object: 'Object Repository/Final Object Repo/Landing Page/My Sites Drop Down' is clicked on

2018-12-14 01:11:26 - [TEST_STEP][PASSED] - click: Object: 'Object Repository/Final Object Repo/Landing Page/Select to Registration Module' is clicked on

2018-12-14 01:11:29 - [MESSAGE][PASSED] - Object: 'Object Repository/Final Object Repo/Landing Page/Select to Registration Module' is clicked on

2018-12-14 01:11:29 - [TEST_STEP][PASSED] - click: Object: 'Object Repository/Final Object Repo/Landing Page/Registration Button' is clicked on

2018-12-14 01:11:30 - [MESSAGE][PASSED] - Object: 'Object Repository/Final Object Repo/Landing Page/Registration Button' is clicked on

2018-12-14 01:11:30 - [TEST_STEP][PASSED] - delay: Delayed 2 second(s)

2018-12-14 01:11:32 - [MESSAGE][PASSED] - Delayed 2 second(s)

2018-12-14 01:11:32 - [TEST_STEP][PASSED] - click: Object: 'Object Repository/Final Object Repo/New Registration - Registration Module Pages/New Reg - OTC to RO/Special Case - OTC - Form 1/AEC NO' is clicked on

2018-12-14 01:11:32 - [MESSAGE][PASSED] - Object: 'Object Repository/Final Object Repo/New Registration - Registration Module Pages/New Reg - OTC to RO/Special Case - OTC - Form 1/AEC NO' is clicked on

2018-12-14 01:11:32 - [TEST_STEP][PASSED] - click: Object: 'Object Repository/Final Object Repo/New Registration - Registration Module Pages/New Reg - OTC to RO/Special Case - OTC - Form 1/Business Entity - Please Select' is clicked on

2018-12-14 01:11:33 - [MESSAGE][PASSED] - Object: 'Object Repository/Final Object Repo/New Registration - Registration Module Pages/New Reg - OTC to RO/Special Case - OTC - Form 1/Business Entity - Please Select' is clicked on

2018-12-14 01:11:33 - [TEST_STEP][PASSED] - click: Object: 'Object Repository/Final Object Repo/New Registration - Registration Module Pages/New Reg - OTC to RO/Special Case - OTC - Form 1/Selected - Corporation' is clicked on

2018-12-14 01:11:33 - [MESSAGE][PASSED] - Object: 'Object Repository/Final Object Repo/New Registration - Registration Module Pages/New Reg - OTC to RO/Special Case - OTC - Form 1/Selected - Corporation' is clicked on

2018-12-14 01:11:33 - [TEST_STEP][PASSED] - delay: Delayed 2 second(s)

2018-12-14 01:11:35 - [MESSAGE][PASSED] - Delayed 2 second(s)

2018-12-14 01:11:35 - [TEST_STEP][PASSED] - click: Object: 'Object Repository/Final Object Repo/New Registration - Registration Module Pages/New Reg - OTC to RO/Special Case - OTC - Form 1/Sub Business Entity - Please Select' is clicked on

2018-12-14 01:11:35 - [MESSAGE][PASSED] - Object: 'Object Repository/Final Object Repo/New Registration - Registration Module Pages/New Reg - OTC to RO/Special Case - OTC - Form 1/Sub Business Entity - Please Select' is clicked on

2018-12-14 01:11:35 - [TEST_STEP][PASSED] - delay: Delayed 2 second(s)

2018-12-14 01:11:37 - [MESSAGE][PASSED] - Delayed 2 second(s)

2018-12-14 01:11:37 - [TEST_STEP][PASSED] - click: Object: 'Object Repository/Final Object Repo/New Registration - Registration Module Pages/New Reg - OTC to RO/Special Case - OTC - Form 1/Selected - Sendirian Berhad' is clicked on

2018-12-14 01:11:37 - [MESSAGE][PASSED] - Object: 'Object Repository/Final Object Repo/New Registration - Registration Module Pages/New Reg - OTC to RO/Special Case - OTC - Form 1/Selected - Sendirian Berhad' is clicked on

2018-12-14 01:11:37 - [TEST_STEP][PASSED] - setText: Text 'AUTOMATE001' is set on object 'Object Repository/Final Object Repo/New Registration - Registration Module Pages/New Reg - OTC to RO/Special Case - OTC - Form 1/Input BRN Number'

2018-12-14 01:11:38 - [MESSAGE][PASSED] - Text 'AUTOMATE001' is set on object 'Object Repository/Final Object Repo/New Registration - Registration Module Pages/New Reg - OTC to RO/Special Case - OTC - Form 1/Input BRN Number'

2018-12-14 01:11:38 - [TEST_STEP][PASSED] - delay: Delayed 2 second(s)

2018-12-14 01:11:40 - [MESSAGE][PASSED] - Delayed 2 second(s)

2018-12-14 01:11:40 - [TEST_STEP][PASSED] - click: Object: 'Object Repository/Final Object Repo/New Registration - Registration Module Pages/New Reg - OTC to RO/Special Case - OTC - Form 1/BRN Search' is clicked on

2018-12-14 01:11:40 - [MESSAGE][PASSED] - Object: 'Object Repository/Final Object Repo/New Registration - Registration Module Pages/New Reg - OTC to RO/Special Case - OTC - Form 1/BRN Search' is clicked on

2018-12-14 01:11:40 - [TEST_STEP][PASSED] - delay: Delayed 4 second(s)

2018-12-14 01:11:44 - [MESSAGE][PASSED] - Delayed 4 second(s)

2018-12-14 01:11:44 - [TEST_STEP][PASSED] - click: Object: 'Object Repository/Final Object Repo/New Registration - Registration Module Pages/New Reg - OTC to RO/Special Case - OTC - Form 1/Registered with SSM - After Feb 2017' is clicked on

2018-12-14 01:11:44 - [MESSAGE][PASSED] - Object: 'Object Repository/Final Object Repo/New Registration - Registration Module Pages/New Reg - OTC to RO/Special Case - OTC - Form 1/Registered with SSM - After Feb 2017' is clicked on

2018-12-14 01:11:44 - [TEST_STEP][PASSED] - delay: Delayed 2 second(s)

2018-12-14 01:11:46 - [MESSAGE][PASSED] - Delayed 2 second(s)

2018-12-14 01:11:46 - [TEST_STEP][PASSED] - click: Object: 'Object Repository/Final Object Repo/New Registration - Registration Module Pages/Form 1/Registered As a Branch - Yes' is clicked on

2018-12-14 01:11:46 - [MESSAGE][PASSED] - Object: 'Object Repository/Final Object Repo/New Registration - Registration Module Pages/Form 1/Registered As a Branch - Yes' is clicked on

2018-12-14 01:11:46 - [TEST_STEP][PASSED] - click: Object: 'Object Repository/Final Object Repo/New Registration - Registration Module Pages/New Reg - OTC to RO/Special Case - OTC - Form 1/Acknowledgement Ticked' is clicked on

2018-12-14 01:11:46 - [MESSAGE][PASSED] - Object: 'Object Repository/Final Object Repo/New Registration - Registration Module Pages/New Reg - OTC to RO/Special Case - OTC - Form 1/Acknowledgement Ticked' is clicked on

2018-12-14 01:11:46 - [TEST_STEP][PASSED] - setText: Text 'perkeso387435991936@gmail.com' is set on object 'Object Repository/Final Object Repo/New Registration - Registration Module Pages/Form 1/Email'

2018-12-14 01:11:47 - [MESSAGE][PASSED] - Text 'perkeso387435991936@gmail.com' is set on object 'Object Repository/Final Object Repo/New Registration - Registration Module Pages/Form 1/Email'

2018-12-14 01:11:47 - [TEST_STEP][PASSED] - click: Object: 'Object Repository/Final Object Repo/New Registration - Registration Module Pages/New Reg - OTC to RO/Special Case - OTC - Form 1/Submit Button' is clicked on

2018-12-14 01:11:47 - [MESSAGE][PASSED] - Object: 'Object Repository/Final Object Repo/New Registration - Registration Module Pages/New Reg - OTC to RO/Special Case - OTC - Form 1/Submit Button' is clicked on

2018-12-14 01:11:47 - [TEST_STEP][PASSED] - callTestCase: Call Test Case 'Test Cases/Final Aug 2018 - PKS Automation/Registration Module/New Registration/Form 2/Add 1 Eligible - Employer Account Use' successfully

2018-12-14 01:11:47 - [TEST_CASE][PASSED] - Test Cases/Final Aug 2018 - PKS Automation/Registration Module/New Registration/Form 2/Add 1 Eligible - Employer Account Use: Test Cases/Final Aug 2018 - PKS Automation/Registration Module/New Registration/Form 2/Add 1 Eligible - Employer Account Use

2018-12-14 01:11:47 - [TEST_STEP][PASSED] - delay: Delayed 2 second(s)

2018-12-14 01:11:49 - [MESSAGE][PASSED] - Delayed 2 second(s)

2018-12-14 01:11:49 - [TEST_STEP][PASSED] - callTestCase: Call Test Case 'Test Cases/Final Aug 2018 - PKS Automation/Registration Module/New Registration/Form 2/Date Updater' successfully

2018-12-14 01:11:49 - [TEST_CASE][PASSED] - Test Cases/Final Aug 2018 - PKS Automation/Registration Module/New Registration/Form 2/Date Updater: Test Cases/Final Aug 2018 - PKS Automation/Registration Module/New Registration/Form 2/Date Updater

2018-12-14 01:11:49 - [TEST_STEP][PASSED] - Statement - TodayDate = new java.util.Date(): null

2018-12-14 01:11:49 - [TEST_STEP][PASSED] - Statement - CurrentDateNoFilter = new java.text.SimpleDateFormat(): null

2018-12-14 01:11:49 - [TEST_STEP][PASSED] - Statement - CurrentDateNoFilter.applyPattern("MM"): null

2018-12-14 01:11:49 - [TEST_STEP][PASSED] - Statement - monthContainerMatcher = java.lang.Integer.parseInt(CurrentDateNoFilter.format(TodayDate)): null

2018-12-14 01:11:49 - [TEST_STEP][PASSED] - Statement - monthContainerMatcher = monthContainerMatcher - 1: null

2018-12-14 01:11:49 - [TEST_STEP][PASSED] - Statement - CurrentMonth = monthContainerMatcher.toString(): null

2018-12-14 01:11:49 - [TEST_STEP][PASSED] - Statement - CurrentMonth = CurrentMonth: null

2018-12-14 01:11:49 - [TEST_STEP][PASSED] - Statement - CurrentDateNoFilter.applyPattern("yyyy"): null

2018-12-14 01:11:49 - [TEST_STEP][PASSED] - Statement - CurrentYear = CurrentDateNoFilter.format(TodayDate): null

2018-12-14 01:11:49 - [TEST_STEP][PASSED] - Statement - CurrentYear = CurrentYear: null

2018-12-14 01:11:49 - [TEST_STEP][PASSED] - Statement - intCurrentYear = java.lang.Integer.parseInt(CurrentDateNoFilter.format(TodayDate)): null

2018-12-14 01:11:49 - [TEST_STEP][PASSED] - Statement - eighteenYrsAgo = intCurrentYear - 18: null

2018-12-14 01:11:49 - [TEST_STEP][PASSED] - Statement - eighteenYrsBeforeThisYr = eighteenYrsAgo.toString(): null

2018-12-14 01:11:49 - [TEST_STEP][PASSED] - Statement - EighteenYrsBefore = eighteenYrsBeforeThisYr: null

2018-12-14 01:11:49 - [TEST_STEP][PASSED] - Statement - fiftysevenYrsAgo = intCurrentYear - 57: null

2018-12-14 01:11:49 - [TEST_STEP][PASSED] - Statement - fiftysevenYrsBeforeThisYr = fiftysevenYrsAgo.toString(): null

2018-12-14 01:11:49 - [TEST_STEP][PASSED] - Statement - FiftysevenYrsBefore = fiftysevenYrsBeforeThisYr: null

2018-12-14 01:11:49 - [TEST_STEP][PASSED] - Statement - leapYear = false: null

2018-12-14 01:11:49 - [TEST_STEP][PASSED] - Statement - leapYear = intCurrentYear % 4 == 0: null

2018-12-14 01:11:49 - [TEST_STEP][PASSED] - Statement - CurrentDateNoFilter.applyPattern("dd"): null

2018-12-14 01:11:49 - [TEST_STEP][PASSED] - Statement - CurrentDate = CurrentDateNoFilter.format(TodayDate): null

2018-12-14 01:11:49 - [TEST_STEP][PASSED] - Statement - CurrentDate = java.lang.Integer.parseInt(CurrentDate): null

2018-12-14 01:11:49 - [TEST_STEP][PASSED] - Statement - CurrentDate = CurrentDate: null

2018-12-14 01:11:49 - [TEST_STEP][PASSED] - Statement - CurrentDay = java.lang.Integer.parseInt(CurrentDate): null

2018-12-14 01:11:49 - [TEST_STEP][PASSED] - Statement - ConfAdder = <not implemented yet for class: org.codehaus.groovy.ast.expr.EmptyExpression>: null

2018-12-14 01:11:49 - [TEST_STEP][PASSED] - Statement - out.println(CurrentMonth): null

2018-12-14 01:11:49 - [TEST_STEP][PASSED] - Statement - out.println(CurrentDate): null

2018-12-14 01:11:49 - [TEST_STEP][PASSED] - Statement - switch (CurrentDate): null

2018-12-14 01:11:49 - [TEST_STEP][PASSED] - Statement - Default: null

2018-12-14 01:11:49 - [TEST_STEP][PASSED] - Statement - ConfAdder = true: null

2018-12-14 01:11:49 - [TEST_STEP][PASSED] - Statement - Break: null

2018-12-14 01:11:49 - [TEST_STEP][PASSED] - Statement - aDayBefore = <not implemented yet for class: org.codehaus.groovy.ast.expr.EmptyExpression>: null

2018-12-14 01:11:49 - [TEST_STEP][PASSED] - Statement - out.println(ConfAdder): null

2018-12-14 01:11:49 - [TEST_STEP][PASSED] - Statement - If (ConfAdder == true): null

2018-12-14 01:11:49 - [TEST_STEP][PASSED] - Statement - aDayBefore = CurrentDay + 1: null

2018-12-14 01:11:49 - [TEST_STEP][PASSED] - Statement - out.println(aDayBefore): null

2018-12-14 01:11:49 - [TEST_STEP][PASSED] - Statement - If (aDayBefore == 1 && CurrentMonth == 11): null

2018-12-14 01:11:49 - [TEST_STEP][PASSED] - Statement - DayBefore = aDayBefore.toString(): null

2018-12-14 01:11:49 - [TEST_STEP][PASSED] - Statement - OneDayBefore = DayBefore: null

2018-12-14 01:11:49 - [MESSAGE][PASSED] - Call Test Case 'Test Cases/Final Aug 2018 - PKS Automation/Registration Module/New Registration/Form 2/Date Updater' successfully

2018-12-14 01:11:49 - [TEST_STEP][PASSED] - delay: Delayed 1 second(s)

2018-12-14 01:11:50 - [MESSAGE][PASSED] - Delayed 1 second(s)

2018-12-14 01:11:50 - [TEST_STEP][PASSED] - Statement - CaseReferenceNo = com.kms.katalon.core.webui.keyword.WebUiBuiltInKeywords.getText(com.kms.katalon.core.testobject.ObjectRepository.findTestObject(Final Object Repo/New Registration - Registration Module Pages/Form 2/RefNo Acquiring)): Text of object 'Object Repository/Final Object Repo/New Registration - Registration Module Pages/Form 2/RefNo Acquiring' is: 'CRN12201800123325'

2018-12-14 01:11:50 - [MESSAGE][PASSED] - Text of object 'Object Repository/Final Object Repo/New Registration - Registration Module Pages/Form 2/RefNo Acquiring' is: 'CRN12201800123325'

2018-12-14 01:11:50 - [TEST_STEP][PASSED] - delay: Delayed 1 second(s)

2018-12-14 01:11:51 - [MESSAGE][PASSED] - Delayed 1 second(s)

2018-12-14 01:11:51 - [TEST_STEP][PASSED] - click: Object: 'Object Repository/Final Object Repo/New Registration - Registration Module Pages/Form 2/Add Employee Button' is clicked on

2018-12-14 01:11:52 - [MESSAGE][PASSED] - Object: 'Object Repository/Final Object Repo/New Registration - Registration Module Pages/Form 2/Add Employee Button' is clicked on

2018-12-14 01:11:52 - [TEST_STEP][PASSED] - delay: Delayed 1 second(s)

2018-12-14 01:11:53 - [MESSAGE][PASSED] - Delayed 1 second(s)

2018-12-14 01:11:53 - [TEST_STEP][PASSED] - setText: Text '010903091948' is set on object 'Object Repository/Final Object Repo/New Registration - Registration Module Pages/Form 2/NRIC Input'

2018-12-14 01:11:53 - [MESSAGE][PASSED] - Text '010903091948' is set on object 'Object Repository/Final Object Repo/New Registration - Registration Module Pages/Form 2/NRIC Input'

2018-12-14 01:11:53 - [TEST_STEP][PASSED] - delay: Delayed 2 second(s)

2018-12-14 01:11:55 - [MESSAGE][PASSED] - Delayed 2 second(s)

2018-12-14 01:11:55 - [TEST_STEP][PASSED] - setText: Text 'Automate001 eligible 1' is set on object 'Object Repository/Final Object Repo/New Registration - Registration Module Pages/Form 2/Employee Name Input'

2018-12-14 01:11:55 - [MESSAGE][PASSED] - Text 'Automate001 eligible 1' is set on object 'Object Repository/Final Object Repo/New Registration - Registration Module Pages/Form 2/Employee Name Input'

2018-12-14 01:11:55 - [TEST_STEP][PASSED] - delay: Delayed 2 second(s)

2018-12-14 01:11:57 - [MESSAGE][PASSED] - Delayed 2 second(s)

2018-12-14 01:11:57 - [TEST_STEP][PASSED] - click: Object: 'Object Repository/Final Object Repo/New Registration - Registration Module Pages/Form 2/DatePicker Pop Up' is clicked on

2018-12-14 01:11:58 - [MESSAGE][PASSED] - Object: 'Object Repository/Final Object Repo/New Registration - Registration Module Pages/Form 2/DatePicker Pop Up' is clicked on

2018-12-14 01:11:58 - [TEST_STEP][PASSED] - click: Object: 'Object Repository/Final Object Repo/New Registration - Registration Module Pages/Form 2/DOB Month' is clicked on

2018-12-14 01:11:58 - [MESSAGE][PASSED] - Object: 'Object Repository/Final Object Repo/New Registration - Registration Module Pages/Form 2/DOB Month' is clicked on

2018-12-14 01:11:58 - [TEST_STEP][PASSED] - Statement - CurrentMonth = CurrentMonth: null

2018-12-14 01:11:58 - [TEST_STEP][PASSED] - Statement - selectMonth = new com.kms.katalon.core.testobject.TestObject(): null

2018-12-14 01:11:58 - [TEST_STEP][PASSED] - Statement - selectMonth.addProperty("xpath", EQUALS, "//body/div/div/div/select/option[@value='" + CurrentMonth + "']", true): null

2018-12-14 01:11:58 - [TEST_STEP][PASSED] - click: Object: '' is clicked on

2018-12-14 01:11:58 - [MESSAGE][PASSED] - Object: '' is clicked on

2018-12-14 01:11:58 - [TEST_STEP][PASSED] - click: Object: 'Object Repository/Final Object Repo/New Registration - Registration Module Pages/Form 2/DOB Year' is clicked on

2018-12-14 01:11:58 - [MESSAGE][PASSED] - Object: 'Object Repository/Final Object Repo/New Registration - Registration Module Pages/Form 2/DOB Year' is clicked on

2018-12-14 01:11:58 - [TEST_STEP][PASSED] - Statement - Eyearsbf = EighteenYrsBefore: null

2018-12-14 01:11:58 - [TEST_STEP][PASSED] - Statement - selectYear = new com.kms.katalon.core.testobject.TestObject(): null

2018-12-14 01:11:58 - [TEST_STEP][PASSED] - Statement - selectYear.addProperty("xpath", EQUALS, "//div/div/div/select/option[@value='" + Eyearsbf + "']", true): null

2018-12-14 01:11:58 - [TEST_STEP][PASSED] - click: Object: '' is clicked on

2018-12-14 01:11:58 - [MESSAGE][PASSED] - Object: '' is clicked on

2018-12-14 01:11:58 - [TEST_STEP][PASSED] - Statement - UpdatedSelectDate = com.kms.katalon.core.webui.keyword.WebUiBuiltInKeywords.modifyObjectProperty(com.kms.katalon.core.testobject.ObjectRepository.findTestObject(Final Object Repo/New Registration - Registration Module Pages/Form 2/DOB Date), "xpath", "equals", "//body/div/table/tbody/tr/td/a[text()="" + CurrentDate + ""]", true): Modify property of object successfully

2018-12-14 01:11:58 - [MESSAGE][PASSED] - Modify property of object successfully

2018-12-14 01:11:58 - [TEST_STEP][PASSED] - delay: Delayed 3 second(s)

2018-12-14 01:12:01 - [MESSAGE][PASSED] - Delayed 3 second(s)

2018-12-14 01:12:01 - [TEST_STEP][PASSED] - click: Object: 'Object Repository/Final Object Repo/New Registration - Registration Module Pages/Form 2/DOB Date' is clicked on

2018-12-14 01:12:01 - [MESSAGE][PASSED] - Object: 'Object Repository/Final Object Repo/New Registration - Registration Module Pages/Form 2/DOB Date' is clicked on

2018-12-14 01:12:01 - [TEST_STEP][PASSED] - delay: Delayed 2 second(s)

2018-12-14 01:12:03 - [MESSAGE][PASSED] - Delayed 2 second(s)

2018-12-14 01:12:03 - [TEST_STEP][PASSED] - click: Object: 'Object Repository/Final Object Repo/New Registration - Registration Module Pages/Form 2/EmploymentStartDate Pop Up' is clicked on

2018-12-14 01:12:04 - [MESSAGE][PASSED] - Object: 'Object Repository/Final Object Repo/New Registration - Registration Module Pages/Form 2/EmploymentStartDate Pop Up' is clicked on

2018-12-14 01:12:04 - [TEST_STEP][PASSED] - delay: Delayed 2 second(s)

2018-12-14 01:12:06 - [MESSAGE][PASSED] - Delayed 2 second(s)

2018-12-14 01:12:06 - [TEST_STEP][PASSED] - click: Object: 'Object Repository/Final Object Repo/New Registration - Registration Module Pages/Form 2/Socso Employment StartDate Month' is clicked on

2018-12-14 01:12:06 - [MESSAGE][PASSED] - Object: 'Object Repository/Final Object Repo/New Registration - Registration Module Pages/Form 2/Socso Employment StartDate Month' is clicked on

2018-12-14 01:12:06 - [TEST_STEP][PASSED] - delay: Delayed 1 second(s)

2018-12-14 01:12:07 - [MESSAGE][PASSED] - Delayed 1 second(s)

2018-12-14 01:12:07 - [TEST_STEP][PASSED] - click: Object: 'Object Repository/Final Object Repo/New Registration - Registration Module Pages/Form 2/Select Socso Employement Startdate Month' is clicked on

2018-12-14 01:12:07 - [MESSAGE][PASSED] - Object: 'Object Repository/Final Object Repo/New Registration - Registration Module Pages/Form 2/Select Socso Employement Startdate Month' is clicked on

2018-12-14 01:12:07 - [TEST_STEP][PASSED] - delay: Delayed 2 second(s)

2018-12-14 01:12:09 - [MESSAGE][PASSED] - Delayed 2 second(s)

2018-12-14 01:12:09 - [TEST_STEP][PASSED] - click: Object: 'Object Repository/Final Object Repo/New Registration - Registration Module Pages/Form 2/Socso Employment StartDate Year' is clicked on

2018-12-14 01:12:09 - [MESSAGE][PASSED] - Object: 'Object Repository/Final Object Repo/New Registration - Registration Module Pages/Form 2/Socso Employment StartDate Year' is clicked on

2018-12-14 01:12:09 - [TEST_STEP][PASSED] - delay: Delayed 1 second(s)

2018-12-14 01:12:10 - [MESSAGE][PASSED] - Delayed 1 second(s)

2018-12-14 01:12:10 - [TEST_STEP][PASSED] - click: Object: 'Object Repository/Final Object Repo/New Registration - Registration Module Pages/Form 2/Select Socso Employment Startdate Year' is clicked on

2018-12-14 01:12:10 - [MESSAGE][PASSED] - Object: 'Object Repository/Final Object Repo/New Registration - Registration Module Pages/Form 2/Select Socso Employment Startdate Year' is clicked on

2018-12-14 01:12:10 - [TEST_STEP][PASSED] - delay: Delayed 2 second(s)

2018-12-14 01:12:12 - [MESSAGE][PASSED] - Delayed 2 second(s)

2018-12-14 01:12:12 - [TEST_STEP][PASSED] - click: Object: 'Object Repository/Final Object Repo/New Registration - Registration Module Pages/Form 2/Socso Employment Start Date Day' is clicked on

2018-12-14 01:12:12 - [MESSAGE][PASSED] - Object: 'Object Repository/Final Object Repo/New Registration - Registration Module Pages/Form 2/Socso Employment Start Date Day' is clicked on

2018-12-14 01:12:12 - [TEST_STEP][PASSED] - delay: Delayed 2 second(s)

2018-12-14 01:12:14 - [MESSAGE][PASSED] - Delayed 2 second(s)

2018-12-14 01:12:14 - [TEST_STEP][PASSED] - click: Object: 'Object Repository/Final Object Repo/New Registration - Registration Module Pages/Form 2/Save Button for Add Employee' is clicked on

2018-12-14 01:12:15 - [MESSAGE][PASSED] - Object: 'Object Repository/Final Object Repo/New Registration - Registration Module Pages/Form 2/Save Button for Add Employee' is clicked on

2018-12-14 01:12:15 - [TEST_STEP][PASSED] - delay: Delayed 6 second(s)

2018-12-14 01:12:21 - [MESSAGE][PASSED] - Delayed 6 second(s)

2018-12-14 01:12:21 - [TEST_STEP][PASSED] - click: Object: 'Object Repository/Final Object Repo/New Registration - Registration Module Pages/Form 2/Save and Continue Form 2' is clicked on

2018-12-14 01:12:21 - [MESSAGE][PASSED] - Object: 'Object Repository/Final Object Repo/New Registration - Registration Module Pages/Form 2/Save and Continue Form 2' is clicked on

2018-12-14 01:12:21 - [MESSAGE][PASSED] - Call Test Case 'Test Cases/Final Aug 2018 - PKS Automation/Registration Module/New Registration/Form 2/Add 1 Eligible - Employer Account Use' successfully

2018-12-14 01:12:21 - [TEST_STEP][PASSED] - callTestCase: Call Test Case 'Test Cases/Final Aug 2018 - PKS Automation/Registration Module/New Registration/Flow of New Registration/Third Screen - Upload Supporting Doc - Preview' successfully

2018-12-14 01:12:21 - [TEST_CASE][PASSED] - Test Cases/Final Aug 2018 - PKS Automation/Registration Module/New Registration/Flow of New Registration/Third Screen - Upload Supporting Doc - Preview: Test Cases/Final Aug 2018 - PKS Automation/Registration Module/New Registration/Flow of New Registration/Third Screen - Upload Supporting Doc - Preview

2018-12-14 01:12:21 - [TEST_STEP][PASSED] - waitForPageLoad: Wait for page load successfully

2018-12-14 01:12:22 - [MESSAGE][PASSED] - Wait for page load successfully

2018-12-14 01:12:22 - [TEST_STEP][PASSED] - Statement - CaseReferenceNo = com.kms.katalon.core.webui.keyword.WebUiBuiltInKeywords.getText(com.kms.katalon.core.testobject.ObjectRepository.findTestObject(Final Object Repo/New Registration - Registration Module Pages/Third Screen - Upload Supporting Doc- Preview/RefNo Acquiring)): Text of object 'Object Repository/Final Object Repo/New Registration - Registration Module Pages/Third Screen - Upload Supporting Doc- Preview/RefNo Acquiring' is: 'CRN12201800123325'

2018-12-14 01:12:22 - [MESSAGE][PASSED] - Text of object 'Object Repository/Final Object Repo/New Registration - Registration Module Pages/Third Screen - Upload Supporting Doc- Preview/RefNo Acquiring' is: 'CRN12201800123325'

2018-12-14 01:12:22 - [TEST_STEP][PASSED] - delay: Delayed 2 second(s)

2018-12-14 01:12:24 - [MESSAGE][PASSED] - Delayed 2 second(s)

2018-12-14 01:12:24 - [TEST_STEP][PASSED] - callTestCase: Call Test Case 'Test Cases/Final Aug 2018 - PKS Automation/Common/Reference Number Setter' successfully

2018-12-14 01:12:24 - [TEST_CASE][PASSED] - Test Cases/Final Aug 2018 - PKS Automation/Common/Reference Number Setter: Test Cases/Final Aug 2018 - PKS Automation/Common/Reference Number Setter

2018-12-14 01:12:24 - [TEST_STEP][PASSED] - Statement - RefNoOldFile = new java.io.File(C://Users//Admin//Desktop//PKS//Automation Reference Point//KatalonReference.txt): null

2018-12-14 01:12:24 - [TEST_STEP][PASSED] - Statement - RefNoOldFile.delete(): null

2018-12-14 01:12:24 - [TEST_STEP][PASSED] - delay: Delayed 5 second(s)

2018-12-14 01:12:29 - [MESSAGE][PASSED] - Delayed 5 second(s)

2018-12-14 01:12:29 - [TEST_STEP][PASSED] - Statement - RefNo = new java.io.File(C://Users//Admin//Desktop//PKS//Automation Reference Point//KatalonReference.txt): null

2018-12-14 01:12:29 - [TEST_STEP][PASSED] - Statement - f2 = new java.io.FileWriter(RefNo, false): null

2018-12-14 01:12:29 - [TEST_STEP][PASSED] - Statement - f2.write(CaseReferenceNo): null

2018-12-14 01:12:29 - [TEST_STEP][PASSED] - Statement - f2.close(): null

2018-12-14 01:12:29 - [TEST_STEP][PASSED] - Statement - out.println("


" + CaseReferenceNo + "


"): null

2018-12-14 01:12:29 - [MESSAGE][PASSED] - Call Test Case 'Test Cases/Final Aug 2018 - PKS Automation/Common/Reference Number Setter' successfully

2018-12-14 01:12:29 - [TEST_STEP][PASSED] - waitForElementClickable: Object 'Object Repository/Final Object Repo/New Registration - Registration Module Pages/Third Screen - Upload Supporting Doc- Preview/Save n Continue in SIP Employee Listing Page' is clickable

2018-12-14 01:12:29 - [MESSAGE][PASSED] - Object 'Object Repository/Final Object Repo/New Registration - Registration Module Pages/Third Screen - Upload Supporting Doc- Preview/Save n Continue in SIP Employee Listing Page' is clickable

2018-12-14 01:12:29 - [TEST_STEP][PASSED] - click: Object: 'Object Repository/Final Object Repo/New Registration - Registration Module Pages/Third Screen - Upload Supporting Doc- Preview/Save n Continue in SIP Employee Listing Page' is clicked on

2018-12-14 01:12:34 - [MESSAGE][PASSED] - Object: 'Object Repository/Final Object Repo/New Registration - Registration Module Pages/Third Screen - Upload Supporting Doc- Preview/Save n Continue in SIP Employee Listing Page' is clicked on

2018-12-14 01:12:34 - [TEST_STEP][PASSED] - delay: Delayed 7 second(s)

2018-12-14 01:12:41 - [MESSAGE][PASSED] - Delayed 7 second(s)

2018-12-14 01:12:41 - [TEST_STEP][PASSED] - click: Object: 'Object Repository/Final Object Repo/New Registration - Registration Module Pages/Third Screen - Upload Supporting Doc- Preview/Add Document Button' is clicked on

2018-12-14 01:12:41 - [MESSAGE][PASSED] - Object: 'Object Repository/Final Object Repo/New Registration - Registration Module Pages/Third Screen - Upload Supporting Doc- Preview/Add Document Button' is clicked on

2018-12-14 01:12:41 - [TEST_STEP][PASSED] - delay: Delayed 30 second(s)

2018-12-14 01:13:11 - [MESSAGE][PASSED] - Delayed 30 second(s)

2018-12-14 01:13:11 - [TEST_STEP][PASSED] - click: Object: 'Object Repository/Final Object Repo/New Registration - Registration Module Pages/Third Screen - Upload Supporting Doc- Preview/Supporting Doc Please Select Drop Down' is clicked on

2018-12-14 01:13:11 - [MESSAGE][PASSED] - Object: 'Object Repository/Final Object Repo/New Registration - Registration Module Pages/Third Screen - Upload Supporting Doc- Preview/Supporting Doc Please Select Drop Down' is clicked on

2018-12-14 01:13:11 - [TEST_STEP][PASSED] - delay: Delayed 2 second(s)

2018-12-14 01:13:13 - [MESSAGE][PASSED] - Delayed 2 second(s)

2018-12-14 01:13:13 - [TEST_STEP][PASSED] - click: Object: 'Object Repository/Final Object Repo/New Registration - Registration Module Pages/Third Screen - Upload Supporting Doc- Preview/Select to Upload Form 1' is clicked on

2018-12-14 01:13:13 - [MESSAGE][PASSED] - Object: 'Object Repository/Final Object Repo/New Registration - Registration Module Pages/Third Screen - Upload Supporting Doc- Preview/Select to Upload Form 1' is clicked on

2018-12-14 01:13:13 - [TEST_STEP][PASSED] - delay: Delayed 2 second(s)

2018-12-14 01:13:15 - [MESSAGE][PASSED] - Delayed 2 second(s)

2018-12-14 01:13:15 - [TEST_STEP][PASSED] - uploadFile: File 'C:\Users\Public\Pictures\Sample Pictures\Koala.jpg' sent to object: 'Object Repository/Final Object Repo/New Registration - Registration Module Pages/Third Screen - Upload Supporting Doc- Preview/Upload File Adding'

2018-12-14 01:13:16 - [MESSAGE][PASSED] - File 'C:\Users\Public\Pictures\Sample Pictures\Koala.jpg' sent to object: 'Object Repository/Final Object Repo/New Registration - Registration Module Pages/Third Screen - Upload Supporting Doc- Preview/Upload File Adding'

2018-12-14 01:13:16 - [TEST_STEP][PASSED] - delay: Delayed 5 second(s)

2018-12-14 01:13:21 - [MESSAGE][PASSED] - Delayed 5 second(s)

2018-12-14 01:13:21 - [TEST_STEP][PASSED] - click: Object: 'Object Repository/Final Object Repo/New Registration - Registration Module Pages/Third Screen - Upload Supporting Doc- Preview/Inner Form Add Document Button' is clicked on

2018-12-14 01:13:21 - [MESSAGE][PASSED] - Object: 'Object Repository/Final Object Repo/New Registration - Registration Module Pages/Third Screen - Upload Supporting Doc- Preview/Inner Form Add Document Button' is clicked on

2018-12-14 01:13:21 - [TEST_STEP][PASSED] - delay: Delayed 3 second(s)

2018-12-14 01:13:24 - [MESSAGE][PASSED] - Delayed 3 second(s)

2018-12-14 01:13:24 - [TEST_STEP][PASSED] - click: Object: 'Object Repository/Final Object Repo/New Registration - Registration Module Pages/Third Screen - Upload Supporting Doc- Preview/Add Document Button' is clicked on

2018-12-14 01:13:25 - [MESSAGE][PASSED] - Object: 'Object Repository/Final Object Repo/New Registration - Registration Module Pages/Third Screen - Upload Supporting Doc- Preview/Add Document Button' is clicked on

2018-12-14 01:13:25 - [TEST_STEP][PASSED] - delay: Delayed 30 second(s)

2018-12-14 01:13:55 - [MESSAGE][PASSED] - Delayed 30 second(s)

2018-12-14 01:13:55 - [TEST_STEP][PASSED] - click: Object: 'Object Repository/Final Object Repo/New Registration - Registration Module Pages/Third Screen - Upload Supporting Doc- Preview/Supporting Doc Please Select Drop Down' is clicked on

2018-12-14 01:13:55 - [MESSAGE][PASSED] - Object: 'Object Repository/Final Object Repo/New Registration - Registration Module Pages/Third Screen - Upload Supporting Doc- Preview/Supporting Doc Please Select Drop Down' is clicked on

2018-12-14 01:13:55 - [TEST_STEP][PASSED] - delay: Delayed 4 second(s)

2018-12-14 01:13:59 - [MESSAGE][PASSED] - Delayed 4 second(s)

2018-12-14 01:13:59 - [TEST_STEP][PASSED] - click: Object: 'Object Repository/Final Object Repo/New Registration - Registration Module Pages/Third Screen - Upload Supporting Doc- Preview/Select to Upload Form 2' is clicked on

2018-12-14 01:13:59 - [MESSAGE][PASSED] - Object: 'Object Repository/Final Object Repo/New Registration - Registration Module Pages/Third Screen - Upload Supporting Doc- Preview/Select to Upload Form 2' is clicked on

2018-12-14 01:13:59 - [TEST_STEP][PASSED] - delay: Delayed 2 second(s)

2018-12-14 01:14:01 - [MESSAGE][PASSED] - Delayed 2 second(s)

2018-12-14 01:14:01 - [TEST_STEP][PASSED] - uploadFile: File 'C:\Users\Public\Pictures\Sample Pictures\Koala.jpg' sent to object: 'Object Repository/Final Object Repo/New Registration - Registration Module Pages/Third Screen - Upload Supporting Doc- Preview/Upload File Adding'

2018-12-14 01:14:01 - [MESSAGE][PASSED] - File 'C:\Users\Public\Pictures\Sample Pictures\Koala.jpg' sent to object: 'Object Repository/Final Object Repo/New Registration - Registration Module Pages/Third Screen - Upload Supporting Doc- Preview/Upload File Adding'

2018-12-14 01:14:01 - [TEST_STEP][PASSED] - click: Object: 'Object Repository/Final Object Repo/New Registration - Registration Module Pages/Third Screen - Upload Supporting Doc- Preview/Inner Form Add Document Button' is clicked on

2018-12-14 01:14:02 - [MESSAGE][PASSED] - Object: 'Object Repository/Final Object Repo/New Registration - Registration Module Pages/Third Screen - Upload Supporting Doc- Preview/Inner Form Add Document Button' is clicked on

2018-12-14 01:14:02 - [TEST_STEP][PASSED] - delay: Delayed 5 second(s)

2018-12-14 01:14:07 - [MESSAGE][PASSED] - Delayed 5 second(s)

2018-12-14 01:14:07 - [TEST_STEP][PASSED] - click: Object: 'Object Repository/Final Object Repo/New Registration - Registration Module Pages/Third Screen - Upload Supporting Doc- Preview/Add Document Button' is clicked on

2018-12-14 01:14:07 - [MESSAGE][PASSED] - Object: 'Object Repository/Final Object Repo/New Registration - Registration Module Pages/Third Screen - Upload Supporting Doc- Preview/Add Document Button' is clicked on

2018-12-14 01:14:07 - [TEST_STEP][PASSED] - delay: Delayed 30 second(s)

2018-12-14 01:14:37 - [MESSAGE][PASSED] - Delayed 30 second(s)

2018-12-14 01:14:37 - [TEST_STEP][PASSED] - click: Object: 'Object Repository/Final Object Repo/New Registration - Registration Module Pages/Third Screen - Upload Supporting Doc- Preview/Supporting Doc Please Select Drop Down' is clicked on

2018-12-14 01:14:37 - [MESSAGE][PASSED] - Object: 'Object Repository/Final Object Repo/New Registration - Registration Module Pages/Third Screen - Upload Supporting Doc- Preview/Supporting Doc Please Select Drop Down' is clicked on

2018-12-14 01:14:37 - [TEST_STEP][PASSED] - click: Object: 'Object Repository/Final Object Repo/New Registration - Registration Module Pages/Third Screen - Upload Supporting Doc- Preview/Select to Upload Borang SIP 1' is clicked on

2018-12-14 01:14:37 - [MESSAGE][PASSED] - Object: 'Object Repository/Final Object Repo/New Registration - Registration Module Pages/Third Screen - Upload Supporting Doc- Preview/Select to Upload Borang SIP 1' is clicked on

2018-12-14 01:14:37 - [TEST_STEP][PASSED] - delay: Delayed 2 second(s)

2018-12-14 01:14:39 - [MESSAGE][PASSED] - Delayed 2 second(s)

2018-12-14 01:14:39 - [TEST_STEP][PASSED] - uploadFile: File 'C:\Users\Public\Pictures\Sample Pictures\Koala.jpg' sent to object: 'Object Repository/Final Object Repo/New Registration - Registration Module Pages/Third Screen - Upload Supporting Doc- Preview/Upload File Adding'

2018-12-14 01:14:39 - [MESSAGE][PASSED] - File 'C:\Users\Public\Pictures\Sample Pictures\Koala.jpg' sent to object: 'Object Repository/Final Object Repo/New Registration - Registration Module Pages/Third Screen - Upload Supporting Doc- Preview/Upload File Adding'

2018-12-14 01:14:39 - [TEST_STEP][PASSED] - click: Object: 'Object Repository/Final Object Repo/New Registration - Registration Module Pages/Third Screen - Upload Supporting Doc- Preview/Inner Form Add Document Button' is clicked on

2018-12-14 01:14:39 - [MESSAGE][PASSED] - Object: 'Object Repository/Final Object Repo/New Registration - Registration Module Pages/Third Screen - Upload Supporting Doc- Preview/Inner Form Add Document Button' is clicked on

2018-12-14 01:14:39 - [TEST_STEP][PASSED] - delay: Delayed 5 second(s)

2018-12-14 01:14:44 - [MESSAGE][PASSED] - Delayed 5 second(s)

2018-12-14 01:14:44 - [TEST_STEP][PASSED] - click: Object: 'Object Repository/Final Object Repo/New Registration - Registration Module Pages/Third Screen - Upload Supporting Doc- Preview/Add Document Button' is clicked on

2018-12-14 01:14:45 - [MESSAGE][PASSED] - Object: 'Object Repository/Final Object Repo/New Registration - Registration Module Pages/Third Screen - Upload Supporting Doc- Preview/Add Document Button' is clicked on

2018-12-14 01:14:45 - [TEST_STEP][PASSED] - delay: Delayed 30 second(s)

2018-12-14 01:15:15 - [MESSAGE][PASSED] - Delayed 30 second(s)

2018-12-14 01:15:15 - [TEST_STEP][PASSED] - click: Object: 'Object Repository/Final Object Repo/New Registration - Registration Module Pages/Third Screen - Upload Supporting Doc- Preview/Supporting Doc Please Select Drop Down' is clicked on

2018-12-14 01:15:15 - [MESSAGE][PASSED] - Object: 'Object Repository/Final Object Repo/New Registration - Registration Module Pages/Third Screen - Upload Supporting Doc- Preview/Supporting Doc Please Select Drop Down' is clicked on

2018-12-14 01:15:15 - [TEST_STEP][PASSED] - delay: Delayed 3 second(s)

2018-12-14 01:15:18 - [MESSAGE][PASSED] - Delayed 3 second(s)

2018-12-14 01:15:18 - [TEST_STEP][PASSED] - click: Object: 'Object Repository/Final Object Repo/New Registration - Registration Module Pages/Third Screen - Upload Supporting Doc- Preview/Select to Upload Borang SIP 2' is clicked on

2018-12-14 01:15:18 - [MESSAGE][PASSED] - Object: 'Object Repository/Final Object Repo/New Registration - Registration Module Pages/Third Screen - Upload Supporting Doc- Preview/Select to Upload Borang SIP 2' is clicked on

2018-12-14 01:15:18 - [TEST_STEP][PASSED] - delay: Delayed 2 second(s)

2018-12-14 01:15:20 - [MESSAGE][PASSED] - Delayed 2 second(s)

2018-12-14 01:15:20 - [TEST_STEP][PASSED] - uploadFile: File 'C:\Users\Public\Pictures\Sample Pictures\Koala.jpg' sent to object: 'Object Repository/Final Object Repo/New Registration - Registration Module Pages/Third Screen - Upload Supporting Doc- Preview/Upload File Adding'

2018-12-14 01:15:20 - [MESSAGE][PASSED] - File 'C:\Users\Public\Pictures\Sample Pictures\Koala.jpg' sent to object: 'Object Repository/Final Object Repo/New Registration - Registration Module Pages/Third Screen - Upload Supporting Doc- Preview/Upload File Adding'

2018-12-14 01:15:20 - [TEST_STEP][PASSED] - delay: Delayed 5 second(s)

2018-12-14 01:15:25 - [MESSAGE][PASSED] - Delayed 5 second(s)

2018-12-14 01:15:25 - [TEST_STEP][PASSED] - click: Object: 'Object Repository/Final Object Repo/New Registration - Registration Module Pages/Third Screen - Upload Supporting Doc- Preview/Inner Form Add Document Button' is clicked on

2018-12-14 01:15:25 - [MESSAGE][PASSED] - Object: 'Object Repository/Final Object Repo/New Registration - Registration Module Pages/Third Screen - Upload Supporting Doc- Preview/Inner Form Add Document Button' is clicked on

2018-12-14 01:15:25 - [TEST_STEP][PASSED] - delay: Delayed 3 second(s)

2018-12-14 01:15:28 - [MESSAGE][PASSED] - Delayed 3 second(s)

2018-12-14 01:15:28 - [TEST_STEP][PASSED] - waitForElementClickable: Object 'Object Repository/Final Object Repo/New Registration - Registration Module Pages/Third Screen - Upload Supporting Doc- Preview/Save n Continue in Uploading Supporting Doc Page' is clickable

2018-12-14 01:15:29 - [MESSAGE][PASSED] - Object 'Object Repository/Final Object Repo/New Registration - Registration Module Pages/Third Screen - Upload Supporting Doc- Preview/Save n Continue in Uploading Supporting Doc Page' is clickable

2018-12-14 01:15:29 - [TEST_STEP][PASSED] - click: Object: 'Object Repository/Final Object Repo/New Registration - Registration Module Pages/Third Screen - Upload Supporting Doc- Preview/Save n Continue in Uploading Supporting Doc Page' is clicked on

2018-12-14 01:15:30 - [MESSAGE][PASSED] - Object: 'Object Repository/Final Object Repo/New Registration - Registration Module Pages/Third Screen - Upload Supporting Doc- Preview/Save n Continue in Uploading Supporting Doc Page' is clicked on

2018-12-14 01:15:30 - [MESSAGE][PASSED] - Call Test Case 'Test Cases/Final Aug 2018 - PKS Automation/Registration Module/New Registration/Flow of New Registration/Third Screen - Upload Supporting Doc - Preview' successfully

2018-12-14 01:15:30 - [TEST_STEP][PASSED] - setText: Text 'Tester' is set on object 'Object Repository/Final Object Repo/New Registration - Registration Module Pages/New Reg - OTC to RO/Special Case - All Related Objects/Employer Preview Name'

2018-12-14 01:15:34 - [MESSAGE][PASSED] - Text 'Tester' is set on object 'Object Repository/Final Object Repo/New Registration - Registration Module Pages/New Reg - OTC to RO/Special Case - All Related Objects/Employer Preview Name'

2018-12-14 01:15:34 - [TEST_STEP][PASSED] - click: Object: 'Object Repository/Final Object Repo/New Registration - Registration Module Pages/New Reg - OTC to RO/Special Case - All Related Objects/IC Type Drop Down' is clicked on

2018-12-14 01:15:34 - [MESSAGE][PASSED] - Object: 'Object Repository/Final Object Repo/New Registration - Registration Module Pages/New Reg - OTC to RO/Special Case - All Related Objects/IC Type Drop Down' is clicked on

2018-12-14 01:15:34 - [TEST_STEP][PASSED] - click: Object: 'Object Repository/Final Object Repo/New Registration - Registration Module Pages/New Reg - OTC to RO/Special Case - All Related Objects/Select to NRIC' is clicked on

2018-12-14 01:15:34 - [MESSAGE][PASSED] - Object: 'Object Repository/Final Object Repo/New Registration - Registration Module Pages/New Reg - OTC to RO/Special Case - All Related Objects/Select to NRIC' is clicked on

2018-12-14 01:15:34 - [TEST_STEP][PASSED] - setText: Text '133245561223' is set on object 'Object Repository/Final Object Repo/New Registration - Registration Module Pages/New Reg - OTC to RO/Special Case - All Related Objects/IC Value'

2018-12-14 01:15:35 - [MESSAGE][PASSED] - Text '133245561223' is set on object 'Object Repository/Final Object Repo/New Registration - Registration Module Pages/New Reg - OTC to RO/Special Case - All Related Objects/IC Value'

2018-12-14 01:15:35 - [TEST_STEP][PASSED] - setText: Text 'Auto' is set on object 'Object Repository/Final Object Repo/New Registration - Registration Module Pages/New Reg - OTC to RO/Special Case - All Related Objects/Designation'

2018-12-14 01:15:35 - [MESSAGE][PASSED] - Text 'Auto' is set on object 'Object Repository/Final Object Repo/New Registration - Registration Module Pages/New Reg - OTC to RO/Special Case - All Related Objects/Designation'

2018-12-14 01:15:35 - [TEST_STEP][PASSED] - callTestCase: Call Test Case 'Test Cases/Final Aug 2018 - PKS Automation/Registration Module/New Registration/Submit and Screenshot/Submit Registration and Screenshot - Copy' successfully

2018-12-14 01:15:35 - [TEST_CASE][PASSED] - Test Cases/Final Aug 2018 - PKS Automation/Registration Module/New Registration/Submit and Screenshot/Submit Registration and Screenshot - Copy: Test Cases/Final Aug 2018 - PKS Automation/Registration Module/New Registration/Submit and Screenshot/Submit Registration and Screenshot - Copy

2018-12-14 01:15:35 - [TEST_STEP][PASSED] - delay: Delayed 6 second(s)

2018-12-14 01:15:41 - [MESSAGE][PASSED] - Delayed 6 second(s)

2018-12-14 01:15:41 - [TEST_STEP][PASSED] - click: Object: 'Object Repository/Final Object Repo/New Registration - Registration Module Pages/Third Screen - Upload Supporting Doc- Preview/Preview Submit Button' is clicked on

2018-12-14 01:15:41 - [MESSAGE][PASSED] - Object: 'Object Repository/Final Object Repo/New Registration - Registration Module Pages/Third Screen - Upload Supporting Doc- Preview/Preview Submit Button' is clicked on

2018-12-14 01:15:41 - [TEST_STEP][PASSED] - delay: Delayed 2 second(s)

2018-12-14 01:15:43 - [MESSAGE][PASSED] - Delayed 2 second(s)

2018-12-14 01:15:43 - [TEST_STEP][PASSED] - click: Object: 'Object Repository/Final Object Repo/New Registration - Registration Module Pages/Third Screen - Upload Supporting Doc- Preview/Preview Submit - Confirm' is clicked on

2018-12-14 01:15:43 - [MESSAGE][PASSED] - Object: 'Object Repository/Final Object Repo/New Registration - Registration Module Pages/Third Screen - Upload Supporting Doc- Preview/Preview Submit - Confirm' is clicked on

2018-12-14 01:15:43 - [TEST_STEP][PASSED] - delay: Delayed 15 second(s)

2018-12-14 01:15:58 - [MESSAGE][PASSED] - Delayed 15 second(s)

2018-12-14 01:15:58 - [TEST_STEP][PASSED] - Statement - driver = com.kms.katalon.core.webui.driver.DriverFactory.getWebDriver(): null

2018-12-14 01:15:58 - [TEST_STEP][PASSED] - Statement - driver.manage().timeouts().implicitlyWait(10, SECONDS): null

2018-12-14 01:15:58 - [TEST_STEP][PASSED] - Statement - PresavePath = KatalonScreenshots: null

2018-12-14 01:15:58 - [TEST_STEP][PASSED] - Statement - pathPrefix = "C:\Users\Public\Pictures\Sample Pictures\Katalon Screenshots\Automate Ending Screen": null

2018-12-14 01:15:58 - [TEST_STEP][PASSED] - Statement - finalPath = <not implemented yet for class: org.codehaus.groovy.ast.expr.EmptyExpression>: null

2018-12-14 01:15:58 - [TEST_STEP][PASSED] - Statement - scrFile = driver.getScreenshotAs(FILE): null

2018-12-14 01:15:58 - [TEST_STEP][PASSED] - Statement - PreSaveFile = new java.io.File(PresavePath): null

2018-12-14 01:15:58 - [TEST_STEP][PASSED] - Statement - counter = 0: null

2018-12-14 01:15:58 - [TEST_STEP][PASSED] - Statement - If (PreSaveFile.exists()): null

2018-12-14 01:15:58 - [TEST_STEP][PASSED] - Statement - While (PreSaveFile.exists()): null

2018-12-14 01:15:58 - [TEST_STEP][PASSED] - Statement - counter = counter + 1: null

2018-12-14 01:15:58 - [TEST_STEP][PASSED] - Statement - PreSaveFile = new java.io.File(((pathPrefix + java.lang.Integer.toString(counter)) + .png)): null

2018-12-14 01:15:58 - [TEST_STEP][PASSED] - Statement - counter = counter + 1: null

2018-12-14 01:15:58 - [TEST_STEP][PASSED] - Statement - PreSaveFile = new java.io.File(((pathPrefix + java.lang.Integer.toString(counter)) + .png)): null

2018-12-14 01:15:58 - [TEST_STEP][PASSED] - Statement - counter = counter + 1: null

2018-12-14 01:15:58 - [TEST_STEP][PASSED] - Statement - PreSaveFile = new java.io.File(((pathPrefix + java.lang.Integer.toString(counter)) + .png)): null

2018-12-14 01:15:58 - [TEST_STEP][PASSED] - Statement - counter = counter + 1: null

2018-12-14 01:15:58 - [TEST_STEP][PASSED] - Statement - PreSaveFile = new java.io.File(((pathPrefix + java.lang.Integer.toString(counter)) + .png)): null

2018-12-14 01:15:58 - [TEST_STEP][PASSED] - Statement - counter = counter + 1: null

2018-12-14 01:15:58 - [TEST_STEP][PASSED] - Statement - PreSaveFile = new java.io.File(((pathPrefix + java.lang.Integer.toString(counter)) + .png)): null

2018-12-14 01:15:58 - [TEST_STEP][PASSED] - Statement - counter = counter + 1: null

2018-12-14 01:15:58 - [TEST_STEP][PASSED] - Statement - PreSaveFile = new java.io.File(((pathPrefix + java.lang.Integer.toString(counter)) + .png)): null

2018-12-14 01:15:58 - [TEST_STEP][PASSED] - Statement - counter = counter + 1: null

2018-12-14 01:15:58 - [TEST_STEP][PASSED] - Statement - PreSaveFile = new java.io.File(((pathPrefix + java.lang.Integer.toString(counter)) + .png)): null

2018-12-14 01:15:58 - [TEST_STEP][PASSED] - Statement - counter = counter + 1: null

2018-12-14 01:15:58 - [TEST_STEP][PASSED] - Statement - PreSaveFile = new java.io.File(((pathPrefix + java.lang.Integer.toString(counter)) + .png)): null

2018-12-14 01:15:58 - [TEST_STEP][PASSED] - Statement - counter = counter + 1: null

2018-12-14 01:15:58 - [TEST_STEP][PASSED] - Statement - PreSaveFile = new java.io.File(((pathPrefix + java.lang.Integer.toString(counter)) + .png)): null

2018-12-14 01:15:58 - [TEST_STEP][PASSED] - Statement - counter = counter + 1: null

2018-12-14 01:15:58 - [TEST_STEP][PASSED] - Statement - PreSaveFile = new java.io.File(((pathPrefix + java.lang.Integer.toString(counter)) + .png)): null

2018-12-14 01:15:58 - [TEST_STEP][PASSED] - Statement - counter = counter + 1: null

2018-12-14 01:15:58 - [TEST_STEP][PASSED] - Statement - PreSaveFile = new java.io.File(((pathPrefix + java.lang.Integer.toString(counter)) + .png)): null

2018-12-14 01:15:58 - [TEST_STEP][PASSED] - Statement - counter = counter + 1: null

2018-12-14 01:15:58 - [TEST_STEP][PASSED] - Statement - PreSaveFile = new java.io.File(((pathPrefix + java.lang.Integer.toString(counter)) + .png)): null

2018-12-14 01:15:58 - [TEST_STEP][PASSED] - Statement - counter = counter + 1: null

2018-12-14 01:15:58 - [TEST_STEP][PASSED] - Statement - PreSaveFile = new java.io.File(((pathPrefix + java.lang.Integer.toString(counter)) + .png)): null

2018-12-14 01:15:58 - [TEST_STEP][PASSED] - Statement - counter = counter + 1: null

2018-12-14 01:15:58 - [TEST_STEP][PASSED] - Statement - PreSaveFile = new java.io.File(((pathPrefix + java.lang.Integer.toString(counter)) + .png)): null

2018-12-14 01:15:58 - [TEST_STEP][PASSED] - Statement - counter = counter + 1: null

2018-12-14 01:15:58 - [TEST_STEP][PASSED] - Statement - PreSaveFile = new java.io.File(((pathPrefix + java.lang.Integer.toString(counter)) + .png)): null

2018-12-14 01:15:58 - [TEST_STEP][PASSED] - Statement - counter = counter + 1: null

2018-12-14 01:15:58 - [TEST_STEP][PASSED] - Statement - PreSaveFile = new java.io.File(((pathPrefix + java.lang.Integer.toString(counter)) + .png)): null

2018-12-14 01:15:58 - [TEST_STEP][PASSED] - Statement - counter = counter + 1: null

2018-12-14 01:15:59 - [TEST_STEP][PASSED] - Statement - PreSaveFile = new java.io.File(((pathPrefix + java.lang.Integer.toString(counter)) + .png)): null

2018-12-14 01:15:59 - [TEST_STEP][PASSED] - Statement - counter = counter + 1: null

2018-12-14 01:15:59 - [TEST_STEP][PASSED] - Statement - PreSaveFile = new java.io.File(((pathPrefix + java.lang.Integer.toString(counter)) + .png)): null

2018-12-14 01:15:59 - [TEST_STEP][PASSED] - Statement - counter = counter + 1: null

2018-12-14 01:15:59 - [TEST_STEP][PASSED] - Statement - PreSaveFile = new java.io.File(((pathPrefix + java.lang.Integer.toString(counter)) + .png)): null

2018-12-14 01:15:59 - [TEST_STEP][PASSED] - Statement - counter = counter + 1: null

2018-12-14 01:15:59 - [TEST_STEP][PASSED] - Statement - PreSaveFile = new java.io.File(((pathPrefix + java.lang.Integer.toString(counter)) + .png)): null

2018-12-14 01:15:59 - [TEST_STEP][PASSED] - Statement - counter = counter + 1: null

2018-12-14 01:15:59 - [TEST_STEP][PASSED] - Statement - PreSaveFile = new java.io.File(((pathPrefix + java.lang.Integer.toString(counter)) + .png)): null

2018-12-14 01:15:59 - [TEST_STEP][PASSED] - Statement - counter = counter + 1: null

2018-12-14 01:15:59 - [TEST_STEP][PASSED] - Statement - PreSaveFile = new java.io.File(((pathPrefix + java.lang.Integer.toString(counter)) + .png)): null

2018-12-14 01:15:59 - [TEST_STEP][PASSED] - Statement - counter = counter + 1: null

2018-12-14 01:15:59 - [TEST_STEP][PASSED] - Statement - PreSaveFile = new java.io.File(((pathPrefix + java.lang.Integer.toString(counter)) + .png)): null

2018-12-14 01:15:59 - [TEST_STEP][PASSED] - Statement - counter = counter + 1: null

2018-12-14 01:15:59 - [TEST_STEP][PASSED] - Statement - PreSaveFile = new java.io.File(((pathPrefix + java.lang.Integer.toString(counter)) + .png)): null

2018-12-14 01:15:59 - [TEST_STEP][PASSED] - Statement - counter = counter + 1: null

2018-12-14 01:15:59 - [TEST_STEP][PASSED] - Statement - PreSaveFile = new java.io.File(((pathPrefix + java.lang.Integer.toString(counter)) + .png)): null

2018-12-14 01:15:59 - [TEST_STEP][PASSED] - Statement - counter = counter + 1: null

2018-12-14 01:15:59 - [TEST_STEP][PASSED] - Statement - PreSaveFile = new java.io.File(((pathPrefix + java.lang.Integer.toString(counter)) + .png)): null

2018-12-14 01:15:59 - [TEST_STEP][PASSED] - Statement - counter = counter + 1: null

2018-12-14 01:15:59 - [TEST_STEP][PASSED] - Statement - PreSaveFile = new java.io.File(((pathPrefix + java.lang.Integer.toString(counter)) + .png)): null

2018-12-14 01:15:59 - [TEST_STEP][PASSED] - Statement - counter = counter + 1: null

2018-12-14 01:15:59 - [TEST_STEP][PASSED] - Statement - PreSaveFile = new java.io.File(((pathPrefix + java.lang.Integer.toString(counter)) + .png)): null

2018-12-14 01:15:59 - [TEST_STEP][PASSED] - Statement - counter = counter + 1: null

2018-12-14 01:15:59 - [TEST_STEP][PASSED] - Statement - PreSaveFile = new java.io.File(((pathPrefix + java.lang.Integer.toString(counter)) + .png)): null

2018-12-14 01:15:59 - [TEST_STEP][PASSED] - Statement - counter = counter + 1: null

2018-12-14 01:15:59 - [TEST_STEP][PASSED] - Statement - PreSaveFile = new java.io.File(((pathPrefix + java.lang.Integer.toString(counter)) + .png)): null

2018-12-14 01:15:59 - [TEST_STEP][PASSED] - Statement - counter = counter + 1: null

2018-12-14 01:15:59 - [TEST_STEP][PASSED] - Statement - PreSaveFile = new java.io.File(((pathPrefix + java.lang.Integer.toString(counter)) + .png)): null

2018-12-14 01:15:59 - [TEST_STEP][PASSED] - Statement - counter = counter + 1: null

2018-12-14 01:15:59 - [TEST_STEP][PASSED] - Statement - PreSaveFile = new java.io.File(((pathPrefix + java.lang.Integer.toString(counter)) + .png)): null

2018-12-14 01:15:59 - [TEST_STEP][PASSED] - Statement - counter = counter + 1: null

2018-12-14 01:15:59 - [TEST_STEP][PASSED] - Statement - PreSaveFile = new java.io.File(((pathPrefix + java.lang.Integer.toString(counter)) + .png)): null

2018-12-14 01:15:59 - [TEST_STEP][PASSED] - Statement - counter = counter + 1: null

2018-12-14 01:15:59 - [TEST_STEP][PASSED] - Statement - PreSaveFile = new java.io.File(((pathPrefix + java.lang.Integer.toString(counter)) + .png)): null

2018-12-14 01:15:59 - [TEST_STEP][PASSED] - Statement - counter = counter + 1: null

2018-12-14 01:15:59 - [TEST_STEP][PASSED] - Statement - PreSaveFile = new java.io.File(((pathPrefix + java.lang.Integer.toString(counter)) + .png)): null

2018-12-14 01:15:59 - [TEST_STEP][PASSED] - Statement - counter = counter + 1: null

2018-12-14 01:15:59 - [TEST_STEP][PASSED] - Statement - PreSaveFile = new java.io.File(((pathPrefix + java.lang.Integer.toString(counter)) + .png)): null

2018-12-14 01:15:59 - [TEST_STEP][PASSED] - Statement - counter = counter + 1: null

2018-12-14 01:15:59 - [TEST_STEP][PASSED] - Statement - PreSaveFile = new java.io.File(((pathPrefix + java.lang.Integer.toString(counter)) + .png)): null

2018-12-14 01:15:59 - [TEST_STEP][PASSED] - Statement - counter = counter + 1: null

2018-12-14 01:15:59 - [TEST_STEP][PASSED] - Statement - PreSaveFile = new java.io.File(((pathPrefix + java.lang.Integer.toString(counter)) + .png)): null

2018-12-14 01:15:59 - [TEST_STEP][PASSED] - Statement - counter = counter + 1: null

2018-12-14 01:15:59 - [TEST_STEP][PASSED] - Statement - PreSaveFile = new java.io.File(((pathPrefix + java.lang.Integer.toString(counter)) + .png)): null

2018-12-14 01:15:59 - [TEST_STEP][PASSED] - Statement - counter = counter + 1: null

2018-12-14 01:15:59 - [TEST_STEP][PASSED] - Statement - PreSaveFile = new java.io.File(((pathPrefix + java.lang.Integer.toString(counter)) + .png)): null

2018-12-14 01:15:59 - [TEST_STEP][PASSED] - Statement - counter = counter + 1: null

2018-12-14 01:15:59 - [TEST_STEP][PASSED] - Statement - PreSaveFile = new java.io.File(((pathPrefix + java.lang.Integer.toString(counter)) + .png)): null

2018-12-14 01:15:59 - [TEST_STEP][PASSED] - Statement - counter = counter + 1: null

2018-12-14 01:15:59 - [TEST_STEP][PASSED] - Statement - PreSaveFile = new java.io.File(((pathPrefix + java.lang.Integer.toString(counter)) + .png)): null

2018-12-14 01:15:59 - [TEST_STEP][PASSED] - Statement - counter = counter + 1: null

2018-12-14 01:15:59 - [TEST_STEP][PASSED] - Statement - PreSaveFile = new java.io.File(((pathPrefix + java.lang.Integer.toString(counter)) + .png)): null

2018-12-14 01:15:59 - [TEST_STEP][PASSED] - Statement - counter = counter + 1: null

2018-12-14 01:15:59 - [TEST_STEP][PASSED] - Statement - PreSaveFile = new java.io.File(((pathPrefix + java.lang.Integer.toString(counter)) + .png)): null

2018-12-14 01:15:59 - [TEST_STEP][PASSED] - Statement - counter = counter + 1: null

2018-12-14 01:15:59 - [TEST_STEP][PASSED] - Statement - PreSaveFile = new java.io.File(((pathPrefix + java.lang.Integer.toString(counter)) + .png)): null

2018-12-14 01:15:59 - [TEST_STEP][PASSED] - Statement - counter = counter + 1: null

2018-12-14 01:15:59 - [TEST_STEP][PASSED] - Statement - PreSaveFile = new java.io.File(((pathPrefix + java.lang.Integer.toString(counter)) + .png)): null

2018-12-14 01:15:59 - [TEST_STEP][PASSED] - Statement - counter = counter + 1: null

2018-12-14 01:15:59 - [TEST_STEP][PASSED] - Statement - PreSaveFile = new java.io.File(((pathPrefix + java.lang.Integer.toString(counter)) + .png)): null

2018-12-14 01:15:59 - [TEST_STEP][PASSED] - Statement - counter = counter + 1: null

2018-12-14 01:15:59 - [TEST_STEP][PASSED] - Statement - PreSaveFile = new java.io.File(((pathPrefix + java.lang.Integer.toString(counter)) + .png)): null

2018-12-14 01:15:59 - [TEST_STEP][PASSED] - Statement - counter = counter + 1: null

2018-12-14 01:15:59 - [TEST_STEP][PASSED] - Statement - PreSaveFile = new java.io.File(((pathPrefix + java.lang.Integer.toString(counter)) + .png)): null

2018-12-14 01:15:59 - [TEST_STEP][PASSED] - Statement - counter = counter + 1: null

2018-12-14 01:15:59 - [TEST_STEP][PASSED] - Statement - PreSaveFile = new java.io.File(((pathPrefix + java.lang.Integer.toString(counter)) + .png)): null

2018-12-14 01:15:59 - [TEST_STEP][PASSED] - Statement - counter = counter + 1: null

2018-12-14 01:15:59 - [TEST_STEP][PASSED] - Statement - PreSaveFile = new java.io.File(((pathPrefix + java.lang.Integer.toString(counter)) + .png)): null

2018-12-14 01:15:59 - [TEST_STEP][PASSED] - Statement - counter = counter + 1: null

2018-12-14 01:15:59 - [TEST_STEP][PASSED] - Statement - PreSaveFile = new java.io.File(((pathPrefix + java.lang.Integer.toString(counter)) + .png)): null

2018-12-14 01:15:59 - [TEST_STEP][PASSED] - Statement - counter = counter + 1: null

2018-12-14 01:15:59 - [TEST_STEP][PASSED] - Statement - PreSaveFile = new java.io.File(((pathPrefix + java.lang.Integer.toString(counter)) + .png)): null

2018-12-14 01:15:59 - [TEST_STEP][PASSED] - Statement - counter = counter + 1: null

2018-12-14 01:15:59 - [TEST_STEP][PASSED] - Statement - PreSaveFile = new java.io.File(((pathPrefix + java.lang.Integer.toString(counter)) + .png)): null

2018-12-14 01:15:59 - [TEST_STEP][PASSED] - Statement - counter = counter + 1: null

2018-12-14 01:15:59 - [TEST_STEP][PASSED] - Statement - PreSaveFile = new java.io.File(((pathPrefix + java.lang.Integer.toString(counter)) + .png)): null

2018-12-14 01:15:59 - [TEST_STEP][PASSED] - Statement - counter = counter + 1: null

2018-12-14 01:15:59 - [TEST_STEP][PASSED] - Statement - PreSaveFile = new java.io.File(((pathPrefix + java.lang.Integer.toString(counter)) + .png)): null

2018-12-14 01:15:59 - [TEST_STEP][PASSED] - Statement - counter = counter + 1: null

2018-12-14 01:15:59 - [TEST_STEP][PASSED] - Statement - PreSaveFile = new java.io.File(((pathPrefix + java.lang.Integer.toString(counter)) + .png)): null

2018-12-14 01:15:59 - [TEST_STEP][PASSED] - Statement - counter = counter + 1: null

2018-12-14 01:15:59 - [TEST_STEP][PASSED] - Statement - PreSaveFile = new java.io.File(((pathPrefix + java.lang.Integer.toString(counter)) + .png)): null

2018-12-14 01:15:59 - [TEST_STEP][PASSED] - Statement - counter = counter + 1: null

2018-12-14 01:15:59 - [TEST_STEP][PASSED] - Statement - PreSaveFile = new java.io.File(((pathPrefix + java.lang.Integer.toString(counter)) + .png)): null

2018-12-14 01:15:59 - [TEST_STEP][PASSED] - Statement - counter = counter + 1: null

2018-12-14 01:15:59 - [TEST_STEP][PASSED] - Statement - PreSaveFile = new java.io.File(((pathPrefix + java.lang.Integer.toString(counter)) + .png)): null

2018-12-14 01:15:59 - [TEST_STEP][PASSED] - Statement - counter = counter + 1: null

2018-12-14 01:15:59 - [TEST_STEP][PASSED] - Statement - PreSaveFile = new java.io.File(((pathPrefix + java.lang.Integer.toString(counter)) + .png)): null

2018-12-14 01:15:59 - [TEST_STEP][PASSED] - Statement - counter = counter + 1: null

2018-12-14 01:15:59 - [TEST_STEP][PASSED] - Statement - PreSaveFile = new java.io.File(((pathPrefix + java.lang.Integer.toString(counter)) + .png)): null

2018-12-14 01:15:59 - [TEST_STEP][PASSED] - Statement - counter = counter + 1: null

2018-12-14 01:15:59 - [TEST_STEP][PASSED] - Statement - PreSaveFile = new java.io.File(((pathPrefix + java.lang.Integer.toString(counter)) + .png)): null

2018-12-14 01:15:59 - [TEST_STEP][PASSED] - Statement - counter = counter + 1: null

2018-12-14 01:15:59 - [TEST_STEP][PASSED] - Statement - PreSaveFile = new java.io.File(((pathPrefix + java.lang.Integer.toString(counter)) + .png)): null

2018-12-14 01:15:59 - [TEST_STEP][PASSED] - Statement - counter = counter + 1: null

2018-12-14 01:15:59 - [TEST_STEP][PASSED] - Statement - PreSaveFile = new java.io.File(((pathPrefix + java.lang.Integer.toString(counter)) + .png)): null

2018-12-14 01:15:59 - [TEST_STEP][PASSED] - Statement - counter = counter + 1: null

2018-12-14 01:15:59 - [TEST_STEP][PASSED] - Statement - PreSaveFile = new java.io.File(((pathPrefix + java.lang.Integer.toString(counter)) + .png)): null

2018-12-14 01:15:59 - [TEST_STEP][PASSED] - Statement - counter = counter + 1: null

2018-12-14 01:15:59 - [TEST_STEP][PASSED] - Statement - PreSaveFile = new java.io.File(((pathPrefix + java.lang.Integer.toString(counter)) + .png)): null

2018-12-14 01:15:59 - [TEST_STEP][PASSED] - Statement - counter = counter + 1: null

2018-12-14 01:15:59 - [TEST_STEP][PASSED] - Statement - PreSaveFile = new java.io.File(((pathPrefix + java.lang.Integer.toString(counter)) + .png)): null

2018-12-14 01:15:59 - [TEST_STEP][PASSED] - Statement - counter = counter + 1: null

2018-12-14 01:15:59 - [TEST_STEP][PASSED] - Statement - PreSaveFile = new java.io.File(((pathPrefix + java.lang.Integer.toString(counter)) + .png)): null

2018-12-14 01:15:59 - [TEST_STEP][PASSED] - Statement - counter = counter + 1: null

2018-12-14 01:15:59 - [TEST_STEP][PASSED] - Statement - PreSaveFile = new java.io.File(((pathPrefix + java.lang.Integer.toString(counter)) + .png)): null

2018-12-14 01:15:59 - [TEST_STEP][PASSED] - Statement - counter = counter + 1: null

2018-12-14 01:15:59 - [TEST_STEP][PASSED] - Statement - PreSaveFile = new java.io.File(((pathPrefix + java.lang.Integer.toString(counter)) + .png)): null

2018-12-14 01:15:59 - [TEST_STEP][PASSED] - Statement - counter = counter + 1: null

2018-12-14 01:15:59 - [TEST_STEP][PASSED] - Statement - PreSaveFile = new java.io.File(((pathPrefix + java.lang.Integer.toString(counter)) + .png)): null

2018-12-14 01:15:59 - [TEST_STEP][PASSED] - Statement - counter = counter + 1: null

2018-12-14 01:15:59 - [TEST_STEP][PASSED] - Statement - PreSaveFile = new java.io.File(((pathPrefix + java.lang.Integer.toString(counter)) + .png)): null

2018-12-14 01:15:59 - [TEST_STEP][PASSED] - Statement - counter = counter + 1: null

2018-12-14 01:15:59 - [TEST_STEP][PASSED] - Statement - PreSaveFile = new java.io.File(((pathPrefix + java.lang.Integer.toString(counter)) + .png)): null

2018-12-14 01:15:59 - [TEST_STEP][PASSED] - Statement - counter = counter + 1: null

2018-12-14 01:15:59 - [TEST_STEP][PASSED] - Statement - PreSaveFile = new java.io.File(((pathPrefix + java.lang.Integer.toString(counter)) + .png)): null

2018-12-14 01:15:59 - [TEST_STEP][PASSED] - Statement - counter = counter + 1: null

2018-12-14 01:15:59 - [TEST_STEP][PASSED] - Statement - PreSaveFile = new java.io.File(((pathPrefix + java.lang.Integer.toString(counter)) + .png)): null

2018-12-14 01:15:59 - [TEST_STEP][PASSED] - Statement - counter = counter + 1: null

2018-12-14 01:15:59 - [TEST_STEP][PASSED] - Statement - PreSaveFile = new java.io.File(((pathPrefix + java.lang.Integer.toString(counter)) + .png)): null

2018-12-14 01:15:59 - [TEST_STEP][PASSED] - Statement - counter = counter + 1: null

2018-12-14 01:15:59 - [TEST_STEP][PASSED] - Statement - PreSaveFile = new java.io.File(((pathPrefix + java.lang.Integer.toString(counter)) + .png)): null

2018-12-14 01:15:59 - [TEST_STEP][PASSED] - Statement - counter = counter + 1: null

2018-12-14 01:15:59 - [TEST_STEP][PASSED] - Statement - PreSaveFile = new java.io.File(((pathPrefix + java.lang.Integer.toString(counter)) + .png)): null

2018-12-14 01:15:59 - [TEST_STEP][PASSED] - Statement - counter = counter + 1: null

2018-12-14 01:15:59 - [TEST_STEP][PASSED] - Statement - PreSaveFile = new java.io.File(((pathPrefix + java.lang.Integer.toString(counter)) + .png)): null

2018-12-14 01:15:59 - [TEST_STEP][PASSED] - Statement - counter = counter + 1: null

2018-12-14 01:15:59 - [TEST_STEP][PASSED] - Statement - PreSaveFile = new java.io.File(((pathPrefix + java.lang.Integer.toString(counter)) + .png)): null

2018-12-14 01:15:59 - [TEST_STEP][PASSED] - Statement - counter = counter + 1: null

2018-12-14 01:15:59 - [TEST_STEP][PASSED] - Statement - PreSaveFile = new java.io.File(((pathPrefix + java.lang.Integer.toString(counter)) + .png)): null

2018-12-14 01:15:59 - [TEST_STEP][PASSED] - Statement - counter = counter + 1: null

2018-12-14 01:15:59 - [TEST_STEP][PASSED] - Statement - PreSaveFile = new java.io.File(((pathPrefix + java.lang.Integer.toString(counter)) + .png)): null

2018-12-14 01:15:59 - [TEST_STEP][PASSED] - Statement - counter = counter + 1: null

2018-12-14 01:15:59 - [TEST_STEP][PASSED] - Statement - PreSaveFile = new java.io.File(((pathPrefix + java.lang.Integer.toString(counter)) + .png)): null

2018-12-14 01:15:59 - [TEST_STEP][PASSED] - Statement - counter = counter + 1: null

2018-12-14 01:15:59 - [TEST_STEP][PASSED] - Statement - PreSaveFile = new java.io.File(((pathPrefix + java.lang.Integer.toString(counter)) + .png)): null

2018-12-14 01:15:59 - [TEST_STEP][PASSED] - Statement - counter = counter + 1: null

2018-12-14 01:15:59 - [TEST_STEP][PASSED] - Statement - PreSaveFile = new java.io.File(((pathPrefix + java.lang.Integer.toString(counter)) + .png)): null

2018-12-14 01:15:59 - [TEST_STEP][PASSED] - Statement - counter = counter + 1: null

2018-12-14 01:15:59 - [TEST_STEP][PASSED] - Statement - PreSaveFile = new java.io.File(((pathPrefix + java.lang.Integer.toString(counter)) + .png)): null

2018-12-14 01:15:59 - [TEST_STEP][PASSED] - Statement - counter = counter + 1: null

2018-12-14 01:15:59 - [TEST_STEP][PASSED] - Statement - PreSaveFile = new java.io.File(((pathPrefix + java.lang.Integer.toString(counter)) + .png)): null

2018-12-14 01:15:59 - [TEST_STEP][PASSED] - Statement - counter = counter + 1: null

2018-12-14 01:15:59 - [TEST_STEP][PASSED] - Statement - PreSaveFile = new java.io.File(((pathPrefix + java.lang.Integer.toString(counter)) + .png)): null

2018-12-14 01:15:59 - [TEST_STEP][PASSED] - Statement - counter = counter + 1: null

2018-12-14 01:15:59 - [TEST_STEP][PASSED] - Statement - PreSaveFile = new java.io.File(((pathPrefix + java.lang.Integer.toString(counter)) + .png)): null

2018-12-14 01:15:59 - [TEST_STEP][PASSED] - Statement - counter = counter + 1: null

2018-12-14 01:15:59 - [TEST_STEP][PASSED] - Statement - PreSaveFile = new java.io.File(((pathPrefix + java.lang.Integer.toString(counter)) + .png)): null

2018-12-14 01:15:59 - [TEST_STEP][PASSED] - Statement - counter = counter + 1: null

2018-12-14 01:15:59 - [TEST_STEP][PASSED] - Statement - PreSaveFile = new java.io.File(((pathPrefix + java.lang.Integer.toString(counter)) + .png)): null

2018-12-14 01:15:59 - [TEST_STEP][PASSED] - Statement - counter = counter + 1: null

2018-12-14 01:15:59 - [TEST_STEP][PASSED] - Statement - PreSaveFile = new java.io.File(((pathPrefix + java.lang.Integer.toString(counter)) + .png)): null

2018-12-14 01:15:59 - [TEST_STEP][PASSED] - Statement - counter = counter + 1: null

2018-12-14 01:15:59 - [TEST_STEP][PASSED] - Statement - PreSaveFile = new java.io.File(((pathPrefix + java.lang.Integer.toString(counter)) + .png)): null

2018-12-14 01:15:59 - [TEST_STEP][PASSED] - Statement - counter = counter + 1: null

2018-12-14 01:15:59 - [TEST_STEP][PASSED] - Statement - PreSaveFile = new java.io.File(((pathPrefix + java.lang.Integer.toString(counter)) + .png)): null

2018-12-14 01:15:59 - [TEST_STEP][PASSED] - Statement - counter = counter + 1: null

2018-12-14 01:15:59 - [TEST_STEP][PASSED] - Statement - PreSaveFile = new java.io.File(((pathPrefix + java.lang.Integer.toString(counter)) + .png)): null

2018-12-14 01:15:59 - [TEST_STEP][PASSED] - Statement - counter = counter + 1: null

2018-12-14 01:15:59 - [TEST_STEP][PASSED] - Statement - PreSaveFile = new java.io.File(((pathPrefix + java.lang.Integer.toString(counter)) + .png)): null

2018-12-14 01:15:59 - [TEST_STEP][PASSED] - Statement - counter = counter + 1: null

2018-12-14 01:15:59 - [TEST_STEP][PASSED] - Statement - PreSaveFile = new java.io.File(((pathPrefix + java.lang.Integer.toString(counter)) + .png)): null

2018-12-14 01:15:59 - [TEST_STEP][PASSED] - Statement - counter = counter + 1: null

2018-12-14 01:15:59 - [TEST_STEP][PASSED] - Statement - PreSaveFile = new java.io.File(((pathPrefix + java.lang.Integer.toString(counter)) + .png)): null

2018-12-14 01:15:59 - [TEST_STEP][PASSED] - Statement - counter = counter + 1: null

2018-12-14 01:15:59 - [TEST_STEP][PASSED] - Statement - PreSaveFile = new java.io.File(((pathPrefix + java.lang.Integer.toString(counter)) + .png)): null

2018-12-14 01:15:59 - [TEST_STEP][PASSED] - Statement - counter = counter + 1: null

2018-12-14 01:15:59 - [TEST_STEP][PASSED] - Statement - PreSaveFile = new java.io.File(((pathPrefix + java.lang.Integer.toString(counter)) + .png)): null

2018-12-14 01:15:59 - [TEST_STEP][PASSED] - Statement - counter = counter + 1: null

2018-12-14 01:15:59 - [TEST_STEP][PASSED] - Statement - PreSaveFile = new java.io.File(((pathPrefix + java.lang.Integer.toString(counter)) + .png)): null

2018-12-14 01:15:59 - [TEST_STEP][PASSED] - Statement - counter = counter + 1: null

2018-12-14 01:15:59 - [TEST_STEP][PASSED] - Statement - PreSaveFile = new java.io.File(((pathPrefix + java.lang.Integer.toString(counter)) + .png)): null

2018-12-14 01:15:59 - [TEST_STEP][PASSED] - Statement - counter = counter + 1: null

2018-12-14 01:15:59 - [TEST_STEP][PASSED] - Statement - PreSaveFile = new java.io.File(((pathPrefix + java.lang.Integer.toString(counter)) + .png)): null

2018-12-14 01:15:59 - [TEST_STEP][PASSED] - Statement - counter = counter + 1: null

2018-12-14 01:15:59 - [TEST_STEP][PASSED] - Statement - PreSaveFile = new java.io.File(((pathPrefix + java.lang.Integer.toString(counter)) + .png)): null

2018-12-14 01:15:59 - [TEST_STEP][PASSED] - Statement - counter = counter + 1: null

2018-12-14 01:15:59 - [TEST_STEP][PASSED] - Statement - PreSaveFile = new java.io.File(((pathPrefix + java.lang.Integer.toString(counter)) + .png)): null

2018-12-14 01:15:59 - [TEST_STEP][PASSED] - Statement - counter = counter + 1: null

2018-12-14 01:15:59 - [TEST_STEP][PASSED] - Statement - PreSaveFile = new java.io.File(((pathPrefix + java.lang.Integer.toString(counter)) + .png)): null

2018-12-14 01:15:59 - [TEST_STEP][PASSED] - Statement - counter = counter + 1: null

2018-12-14 01:15:59 - [TEST_STEP][PASSED] - Statement - PreSaveFile = new java.io.File(((pathPrefix + java.lang.Integer.toString(counter)) + .png)): null

2018-12-14 01:15:59 - [TEST_STEP][PASSED] - Statement - counter = counter + 1: null

2018-12-14 01:15:59 - [TEST_STEP][PASSED] - Statement - PreSaveFile = new java.io.File(((pathPrefix + java.lang.Integer.toString(counter)) + .png)): null

2018-12-14 01:15:59 - [TEST_STEP][PASSED] - Statement - counter = counter + 1: null

2018-12-14 01:15:59 - [TEST_STEP][PASSED] - Statement - PreSaveFile = new java.io.File(((pathPrefix + java.lang.Integer.toString(counter)) + .png)): null

2018-12-14 01:15:59 - [TEST_STEP][PASSED] - Statement - counter = counter + 1: null

2018-12-14 01:15:59 - [TEST_STEP][PASSED] - Statement - PreSaveFile = new java.io.File(((pathPrefix + java.lang.Integer.toString(counter)) + .png)): null

2018-12-14 01:15:59 - [TEST_STEP][PASSED] - Statement - counter = counter + 1: null

2018-12-14 01:15:59 - [TEST_STEP][PASSED] - Statement - PreSaveFile = new java.io.File(((pathPrefix + java.lang.Integer.toString(counter)) + .png)): null

2018-12-14 01:15:59 - [TEST_STEP][PASSED] - Statement - counter = counter + 1: null

2018-12-14 01:15:59 - [TEST_STEP][PASSED] - Statement - PreSaveFile = new java.io.File(((pathPrefix + java.lang.Integer.toString(counter)) + .png)): null

2018-12-14 01:15:59 - [TEST_STEP][PASSED] - Statement - counter = counter + 1: null

2018-12-14 01:15:59 - [TEST_STEP][PASSED] - Statement - PreSaveFile = new java.io.File(((pathPrefix + java.lang.Integer.toString(counter)) + .png)): null

2018-12-14 01:15:59 - [TEST_STEP][PASSED] - Statement - counter = counter + 1: null

2018-12-14 01:15:59 - [TEST_STEP][PASSED] - Statement - PreSaveFile = new java.io.File(((pathPrefix + java.lang.Integer.toString(counter)) + .png)): null

2018-12-14 01:15:59 - [TEST_STEP][PASSED] - Statement - counter = counter + 1: null

2018-12-14 01:15:59 - [TEST_STEP][PASSED] - Statement - PreSaveFile = new java.io.File(((pathPrefix + java.lang.Integer.toString(counter)) + .png)): null

2018-12-14 01:15:59 - [TEST_STEP][PASSED] - Statement - counter = counter + 1: null

2018-12-14 01:15:59 - [TEST_STEP][PASSED] - Statement - PreSaveFile = new java.io.File(((pathPrefix + java.lang.Integer.toString(counter)) + .png)): null

2018-12-14 01:15:59 - [TEST_STEP][PASSED] - Statement - counter = counter + 1: null

2018-12-14 01:15:59 - [TEST_STEP][PASSED] - Statement - PreSaveFile = new java.io.File(((pathPrefix + java.lang.Integer.toString(counter)) + .png)): null

2018-12-14 01:15:59 - [TEST_STEP][PASSED] - Statement - counter = counter + 1: null

2018-12-14 01:15:59 - [TEST_STEP][PASSED] - Statement - PreSaveFile = new java.io.File(((pathPrefix + java.lang.Integer.toString(counter)) + .png)): null

2018-12-14 01:15:59 - [TEST_STEP][PASSED] - Statement - counter = counter + 1: null

2018-12-14 01:15:59 - [TEST_STEP][PASSED] - Statement - PreSaveFile = new java.io.File(((pathPrefix + java.lang.Integer.toString(counter)) + .png)): null

2018-12-14 01:15:59 - [TEST_STEP][PASSED] - Statement - counter = counter + 1: null

2018-12-14 01:15:59 - [TEST_STEP][PASSED] - Statement - PreSaveFile = new java.io.File(((pathPrefix + java.lang.Integer.toString(counter)) + .png)): null

2018-12-14 01:15:59 - [TEST_STEP][PASSED] - Statement - counter = counter + 1: null

2018-12-14 01:15:59 - [TEST_STEP][PASSED] - Statement - PreSaveFile = new java.io.File(((pathPrefix + java.lang.Integer.toString(counter)) + .png)): null

2018-12-14 01:15:59 - [TEST_STEP][PASSED] - Statement - counter = counter + 1: null

2018-12-14 01:15:59 - [TEST_STEP][PASSED] - Statement - PreSaveFile = new java.io.File(((pathPrefix + java.lang.Integer.toString(counter)) + .png)): null

2018-12-14 01:15:59 - [TEST_STEP][PASSED] - Statement - counter = counter + 1: null

2018-12-14 01:15:59 - [TEST_STEP][PASSED] - Statement - PreSaveFile = new java.io.File(((pathPrefix + java.lang.Integer.toString(counter)) + .png)): null

2018-12-14 01:15:59 - [TEST_STEP][PASSED] - Statement - counter = counter + 1: null

2018-12-14 01:15:59 - [TEST_STEP][PASSED] - Statement - PreSaveFile = new java.io.File(((pathPrefix + java.lang.Integer.toString(counter)) + .png)): null

2018-12-14 01:15:59 - [TEST_STEP][PASSED] - Statement - counter = counter + 1: null

2018-12-14 01:15:59 - [TEST_STEP][PASSED] - Statement - PreSaveFile = new java.io.File(((pathPrefix + java.lang.Integer.toString(counter)) + .png)): null

2018-12-14 01:15:59 - [TEST_STEP][PASSED] - Statement - counter = counter + 1: null

2018-12-14 01:15:59 - [TEST_STEP][PASSED] - Statement - PreSaveFile = new java.io.File(((pathPrefix + java.lang.Integer.toString(counter)) + .png)): null

2018-12-14 01:15:59 - [TEST_STEP][PASSED] - Statement - counter = counter + 1: null

2018-12-14 01:15:59 - [TEST_STEP][PASSED] - Statement - PreSaveFile = new java.io.File(((pathPrefix + java.lang.Integer.toString(counter)) + .png)): null

2018-12-14 01:15:59 - [TEST_STEP][PASSED] - Statement - counter = counter + 1: null

2018-12-14 01:15:59 - [TEST_STEP][PASSED] - Statement - PreSaveFile = new java.io.File(((pathPrefix + java.lang.Integer.toString(counter)) + .png)): null

2018-12-14 01:15:59 - [TEST_STEP][PASSED] - Statement - counter = counter + 1: null

2018-12-14 01:15:59 - [TEST_STEP][PASSED] - Statement - PreSaveFile = new java.io.File(((pathPrefix + java.lang.Integer.toString(counter)) + .png)): null

2018-12-14 01:15:59 - [TEST_STEP][PASSED] - Statement - counter = counter + 1: null

2018-12-14 01:15:59 - [TEST_STEP][PASSED] - Statement - PreSaveFile = new java.io.File(((pathPrefix + java.lang.Integer.toString(counter)) + .png)): null

2018-12-14 01:15:59 - [TEST_STEP][PASSED] - Statement - counter = counter + 1: null

2018-12-14 01:15:59 - [TEST_STEP][PASSED] - Statement - PreSaveFile = new java.io.File(((pathPrefix + java.lang.Integer.toString(counter)) + .png)): null

2018-12-14 01:15:59 - [TEST_STEP][PASSED] - Statement - counter = counter + 1: null

2018-12-14 01:15:59 - [TEST_STEP][PASSED] - Statement - PreSaveFile = new java.io.File(((pathPrefix + java.lang.Integer.toString(counter)) + .png)): null

2018-12-14 01:15:59 - [TEST_STEP][PASSED] - Statement - counter = counter + 1: null

2018-12-14 01:15:59 - [TEST_STEP][PASSED] - Statement - PreSaveFile = new java.io.File(((pathPrefix + java.lang.Integer.toString(counter)) + .png)): null

2018-12-14 01:15:59 - [TEST_STEP][PASSED] - Statement - counter = counter + 1: null

2018-12-14 01:15:59 - [TEST_STEP][PASSED] - Statement - PreSaveFile = new java.io.File(((pathPrefix + java.lang.Integer.toString(counter)) + .png)): null

2018-12-14 01:15:59 - [TEST_STEP][PASSED] - Statement - counter = counter + 1: null

2018-12-14 01:15:59 - [TEST_STEP][PASSED] - Statement - PreSaveFile = new java.io.File(((pathPrefix + java.lang.Integer.toString(counter)) + .png)): null

2018-12-14 01:15:59 - [TEST_STEP][PASSED] - Statement - counter = counter + 1: null

2018-12-14 01:15:59 - [TEST_STEP][PASSED] - Statement - PreSaveFile = new java.io.File(((pathPrefix + java.lang.Integer.toString(counter)) + .png)): null

2018-12-14 01:15:59 - [TEST_STEP][PASSED] - Statement - counter = counter + 1: null

2018-12-14 01:15:59 - [TEST_STEP][PASSED] - Statement - PreSaveFile = new java.io.File(((pathPrefix + java.lang.Integer.toString(counter)) + .png)): null

2018-12-14 01:15:59 - [TEST_STEP][PASSED] - Statement - counter = counter + 1: null

2018-12-14 01:15:59 - [TEST_STEP][PASSED] - Statement - PreSaveFile = new java.io.File(((pathPrefix + java.lang.Integer.toString(counter)) + .png)): null

2018-12-14 01:15:59 - [TEST_STEP][PASSED] - Statement - counter = counter + 1: null

2018-12-14 01:15:59 - [TEST_STEP][PASSED] - Statement - PreSaveFile = new java.io.File(((pathPrefix + java.lang.Integer.toString(counter)) + .png)): null

2018-12-14 01:15:59 - [TEST_STEP][PASSED] - Statement - counter = counter + 1: null

2018-12-14 01:15:59 - [TEST_STEP][PASSED] - Statement - PreSaveFile = new java.io.File(((pathPrefix + java.lang.Integer.toString(counter)) + .png)): null

2018-12-14 01:15:59 - [TEST_STEP][PASSED] - Statement - counter = counter + 1: null

2018-12-14 01:15:59 - [TEST_STEP][PASSED] - Statement - PreSaveFile = new java.io.File(((pathPrefix + java.lang.Integer.toString(counter)) + .png)): null

2018-12-14 01:15:59 - [TEST_STEP][PASSED] - Statement - counter = counter + 1: null

2018-12-14 01:15:59 - [TEST_STEP][PASSED] - Statement - PreSaveFile = new java.io.File(((pathPrefix + java.lang.Integer.toString(counter)) + .png)): null

2018-12-14 01:15:59 - [TEST_STEP][PASSED] - Statement - counter = counter + 1: null

2018-12-14 01:15:59 - [TEST_STEP][PASSED] - Statement - PreSaveFile = new java.io.File(((pathPrefix + java.lang.Integer.toString(counter)) + .png)): null

2018-12-14 01:15:59 - [TEST_STEP][PASSED] - Statement - counter = counter + 1: null

2018-12-14 01:15:59 - [TEST_STEP][PASSED] - Statement - PreSaveFile = new java.io.File(((pathPrefix + java.lang.Integer.toString(counter)) + .png)): null

2018-12-14 01:15:59 - [TEST_STEP][PASSED] - Statement - counter = counter + 1: null

2018-12-14 01:15:59 - [TEST_STEP][PASSED] - Statement - PreSaveFile = new java.io.File(((pathPrefix + java.lang.Integer.toString(counter)) + .png)): null

2018-12-14 01:15:59 - [TEST_STEP][PASSED] - Statement - counter = counter + 1: null

2018-12-14 01:15:59 - [TEST_STEP][PASSED] - Statement - PreSaveFile = new java.io.File(((pathPrefix + java.lang.Integer.toString(counter)) + .png)): null

2018-12-14 01:15:59 - [TEST_STEP][PASSED] - Statement - counter = counter + 1: null

2018-12-14 01:15:59 - [TEST_STEP][PASSED] - Statement - PreSaveFile = new java.io.File(((pathPrefix + java.lang.Integer.toString(counter)) + .png)): null

2018-12-14 01:15:59 - [TEST_STEP][PASSED] - Statement - counter = counter + 1: null

2018-12-14 01:15:59 - [TEST_STEP][PASSED] - Statement - PreSaveFile = new java.io.File(((pathPrefix + java.lang.Integer.toString(counter)) + .png)): null

2018-12-14 01:15:59 - [TEST_STEP][PASSED] - Statement - counter = counter + 1: null

2018-12-14 01:15:59 - [TEST_STEP][PASSED] - Statement - PreSaveFile = new java.io.File(((pathPrefix + java.lang.Integer.toString(counter)) + .png)): null

2018-12-14 01:15:59 - [TEST_STEP][PASSED] - Statement - counter = counter + 1: null

2018-12-14 01:15:59 - [TEST_STEP][PASSED] - Statement - PreSaveFile = new java.io.File(((pathPrefix + java.lang.Integer.toString(counter)) + .png)): null

2018-12-14 01:15:59 - [TEST_STEP][PASSED] - Statement - counter = counter + 1: null

2018-12-14 01:15:59 - [TEST_STEP][PASSED] - Statement - PreSaveFile = new java.io.File(((pathPrefix + java.lang.Integer.toString(counter)) + .png)): null

2018-12-14 01:15:59 - [TEST_STEP][PASSED] - Statement - counter = counter + 1: null

2018-12-14 01:15:59 - [TEST_STEP][PASSED] - Statement - PreSaveFile = new java.io.File(((pathPrefix + java.lang.Integer.toString(counter)) + .png)): null

2018-12-14 01:15:59 - [TEST_STEP][PASSED] - Statement - counter = counter + 1: null

2018-12-14 01:15:59 - [TEST_STEP][PASSED] - Statement - PreSaveFile = new java.io.File(((pathPrefix + java.lang.Integer.toString(counter)) + .png)): null

2018-12-14 01:15:59 - [TEST_STEP][PASSED] - Statement - counter = counter + 1: null

2018-12-14 01:15:59 - [TEST_STEP][PASSED] - Statement - PreSaveFile = new java.io.File(((pathPrefix + java.lang.Integer.toString(counter)) + .png)): null

2018-12-14 01:15:59 - [TEST_STEP][PASSED] - Statement - counter = counter + 1: null

2018-12-14 01:15:59 - [TEST_STEP][PASSED] - Statement - PreSaveFile = new java.io.File(((pathPrefix + java.lang.Integer.toString(counter)) + .png)): null

2018-12-14 01:15:59 - [TEST_STEP][PASSED] - Statement - counter = counter + 1: null

2018-12-14 01:15:59 - [TEST_STEP][PASSED] - Statement - PreSaveFile = new java.io.File(((pathPrefix + java.lang.Integer.toString(counter)) + .png)): null

2018-12-14 01:15:59 - [TEST_STEP][PASSED] - Statement - counter = counter + 1: null

2018-12-14 01:15:59 - [TEST_STEP][PASSED] - Statement - PreSaveFile = new java.io.File(((pathPrefix + java.lang.Integer.toString(counter)) + .png)): null

2018-12-14 01:15:59 - [TEST_STEP][PASSED] - Statement - counter = counter + 1: null

2018-12-14 01:15:59 - [TEST_STEP][PASSED] - Statement - PreSaveFile = new java.io.File(((pathPrefix + java.lang.Integer.toString(counter)) + .png)): null

2018-12-14 01:15:59 - [TEST_STEP][PASSED] - Statement - counter = counter + 1: null

2018-12-14 01:15:59 - [TEST_STEP][PASSED] - Statement - PreSaveFile = new java.io.File(((pathPrefix + java.lang.Integer.toString(counter)) + .png)): null

2018-12-14 01:15:59 - [TEST_STEP][PASSED] - Statement - counter = counter + 1: null

2018-12-14 01:15:59 - [TEST_STEP][PASSED] - Statement - PreSaveFile = new java.io.File(((pathPrefix + java.lang.Integer.toString(counter)) + .png)): null

2018-12-14 01:15:59 - [TEST_STEP][PASSED] - Statement - counter = counter + 1: null

2018-12-14 01:15:59 - [TEST_STEP][PASSED] - Statement - PreSaveFile = new java.io.File(((pathPrefix + java.lang.Integer.toString(counter)) + .png)): null

2018-12-14 01:15:59 - [TEST_STEP][PASSED] - Statement - counter = counter + 1: null

2018-12-14 01:15:59 - [TEST_STEP][PASSED] - Statement - PreSaveFile = new java.io.File(((pathPrefix + java.lang.Integer.toString(counter)) + .png)): null

2018-12-14 01:15:59 - [TEST_STEP][PASSED] - Statement - counter = counter + 1: null

2018-12-14 01:15:59 - [TEST_STEP][PASSED] - Statement - PreSaveFile = new java.io.File(((pathPrefix + java.lang.Integer.toString(counter)) + .png)): null

2018-12-14 01:15:59 - [TEST_STEP][PASSED] - Statement - counter = counter + 1: null

2018-12-14 01:15:59 - [TEST_STEP][PASSED] - Statement - PreSaveFile = new java.io.File(((pathPrefix + java.lang.Integer.toString(counter)) + .png)): null

2018-12-14 01:15:59 - [TEST_STEP][PASSED] - Statement - counter = counter + 1: null

2018-12-14 01:15:59 - [TEST_STEP][PASSED] - Statement - PreSaveFile = new java.io.File(((pathPrefix + java.lang.Integer.toString(counter)) + .png)): null

2018-12-14 01:15:59 - [TEST_STEP][PASSED] - Statement - counter = counter + 1: null

2018-12-14 01:15:59 - [TEST_STEP][PASSED] - Statement - PreSaveFile = new java.io.File(((pathPrefix + java.lang.Integer.toString(counter)) + .png)): null

2018-12-14 01:15:59 - [TEST_STEP][PASSED] - Statement - counter = counter + 1: null

2018-12-14 01:15:59 - [TEST_STEP][PASSED] - Statement - PreSaveFile = new java.io.File(((pathPrefix + java.lang.Integer.toString(counter)) + .png)): null

2018-12-14 01:15:59 - [TEST_STEP][PASSED] - Statement - counter = counter + 1: null

2018-12-14 01:15:59 - [TEST_STEP][PASSED] - Statement - PreSaveFile = new java.io.File(((pathPrefix + java.lang.Integer.toString(counter)) + .png)): null

2018-12-14 01:15:59 - [TEST_STEP][PASSED] - Statement - counter = counter + 1: null

2018-12-14 01:15:59 - [TEST_STEP][PASSED] - Statement - PreSaveFile = new java.io.File(((pathPrefix + java.lang.Integer.toString(counter)) + .png)): null

2018-12-14 01:15:59 - [TEST_STEP][PASSED] - Statement - counter = counter + 1: null

2018-12-14 01:15:59 - [TEST_STEP][PASSED] - Statement - PreSaveFile = new java.io.File(((pathPrefix + java.lang.Integer.toString(counter)) + .png)): null

2018-12-14 01:15:59 - [TEST_STEP][PASSED] - Statement - counter = counter + 1: null

2018-12-14 01:15:59 - [TEST_STEP][PASSED] - Statement - PreSaveFile = new java.io.File(((pathPrefix + java.lang.Integer.toString(counter)) + .png)): null

2018-12-14 01:15:59 - [TEST_STEP][PASSED] - Statement - counter = counter + 1: null

2018-12-14 01:15:59 - [TEST_STEP][PASSED] - Statement - PreSaveFile = new java.io.File(((pathPrefix + java.lang.Integer.toString(counter)) + .png)): null

2018-12-14 01:15:59 - [TEST_STEP][PASSED] - Statement - counter = counter + 1: null

2018-12-14 01:15:59 - [TEST_STEP][PASSED] - Statement - PreSaveFile = new java.io.File(((pathPrefix + java.lang.Integer.toString(counter)) + .png)): null

2018-12-14 01:15:59 - [TEST_STEP][PASSED] - Statement - counter = counter + 1: null

2018-12-14 01:15:59 - [TEST_STEP][PASSED] - Statement - PreSaveFile = new java.io.File(((pathPrefix + java.lang.Integer.toString(counter)) + .png)): null

2018-12-14 01:15:59 - [TEST_STEP][PASSED] - Statement - counter = counter + 1: null

2018-12-14 01:15:59 - [TEST_STEP][PASSED] - Statement - PreSaveFile = new java.io.File(((pathPrefix + java.lang.Integer.toString(counter)) + .png)): null

2018-12-14 01:15:59 - [TEST_STEP][PASSED] - Statement - counter = counter + 1: null

2018-12-14 01:15:59 - [TEST_STEP][PASSED] - Statement - PreSaveFile = new java.io.File(((pathPrefix + java.lang.Integer.toString(counter)) + .png)): null

2018-12-14 01:15:59 - [TEST_STEP][PASSED] - Statement - counter = counter + 1: null

2018-12-14 01:15:59 - [TEST_STEP][PASSED] - Statement - PreSaveFile = new java.io.File(((pathPrefix + java.lang.Integer.toString(counter)) + .png)): null

2018-12-14 01:15:59 - [TEST_STEP][PASSED] - Statement - counter = counter + 1: null

2018-12-14 01:15:59 - [TEST_STEP][PASSED] - Statement - PreSaveFile = new java.io.File(((pathPrefix + java.lang.Integer.toString(counter)) + .png)): null

2018-12-14 01:15:59 - [TEST_STEP][PASSED] - Statement - counter = counter + 1: null

2018-12-14 01:15:59 - [TEST_STEP][PASSED] - Statement - PreSaveFile = new java.io.File(((pathPrefix + java.lang.Integer.toString(counter)) + .png)): null

2018-12-14 01:15:59 - [TEST_STEP][PASSED] - Statement - counter = counter + 1: null

2018-12-14 01:15:59 - [TEST_STEP][PASSED] - Statement - PreSaveFile = new java.io.File(((pathPrefix + java.lang.Integer.toString(counter)) + .png)): null

2018-12-14 01:15:59 - [TEST_STEP][PASSED] - Statement - counter = counter + 1: null

2018-12-14 01:15:59 - [TEST_STEP][PASSED] - Statement - PreSaveFile = new java.io.File(((pathPrefix + java.lang.Integer.toString(counter)) + .png)): null

2018-12-14 01:15:59 - [TEST_STEP][PASSED] - Statement - counter = counter + 1: null

2018-12-14 01:15:59 - [TEST_STEP][PASSED] - Statement - PreSaveFile = new java.io.File(((pathPrefix + java.lang.Integer.toString(counter)) + .png)): null

2018-12-14 01:15:59 - [TEST_STEP][PASSED] - Statement - counter = counter + 1: null

2018-12-14 01:15:59 - [TEST_STEP][PASSED] - Statement - PreSaveFile = new java.io.File(((pathPrefix + java.lang.Integer.toString(counter)) + .png)): null

2018-12-14 01:15:59 - [TEST_STEP][PASSED] - Statement - counter = counter + 1: null

2018-12-14 01:15:59 - [TEST_STEP][PASSED] - Statement - PreSaveFile = new java.io.File(((pathPrefix + java.lang.Integer.toString(counter)) + .png)): null

2018-12-14 01:15:59 - [TEST_STEP][PASSED] - Statement - counter = counter + 1: null

2018-12-14 01:15:59 - [TEST_STEP][PASSED] - Statement - PreSaveFile = new java.io.File(((pathPrefix + java.lang.Integer.toString(counter)) + .png)): null

2018-12-14 01:15:59 - [TEST_STEP][PASSED] - Statement - counter = counter + 1: null

2018-12-14 01:15:59 - [TEST_STEP][PASSED] - Statement - PreSaveFile = new java.io.File(((pathPrefix + java.lang.Integer.toString(counter)) + .png)): null

2018-12-14 01:15:59 - [TEST_STEP][PASSED] - Statement - counter = counter + 1: null

2018-12-14 01:15:59 - [TEST_STEP][PASSED] - Statement - PreSaveFile = new java.io.File(((pathPrefix + java.lang.Integer.toString(counter)) + .png)): null

2018-12-14 01:15:59 - [TEST_STEP][PASSED] - Statement - counter = counter + 1: null

2018-12-14 01:15:59 - [TEST_STEP][PASSED] - Statement - PreSaveFile = new java.io.File(((pathPrefix + java.lang.Integer.toString(counter)) + .png)): null

2018-12-14 01:15:59 - [TEST_STEP][PASSED] - Statement - counter = counter + 1: null

2018-12-14 01:15:59 - [TEST_STEP][PASSED] - Statement - PreSaveFile = new java.io.File(((pathPrefix + java.lang.Integer.toString(counter)) + .png)): null

2018-12-14 01:15:59 - [TEST_STEP][PASSED] - Statement - counter = counter + 1: null

2018-12-14 01:15:59 - [TEST_STEP][PASSED] - Statement - PreSaveFile = new java.io.File(((pathPrefix + java.lang.Integer.toString(counter)) + .png)): null

2018-12-14 01:15:59 - [TEST_STEP][PASSED] - Statement - counter = counter + 1: null

2018-12-14 01:15:59 - [TEST_STEP][PASSED] - Statement - PreSaveFile = new java.io.File(((pathPrefix + java.lang.Integer.toString(counter)) + .png)): null

2018-12-14 01:15:59 - [TEST_STEP][PASSED] - Statement - counter = counter + 1: null

2018-12-14 01:15:59 - [TEST_STEP][PASSED] - Statement - PreSaveFile = new java.io.File(((pathPrefix + java.lang.Integer.toString(counter)) + .png)): null

2018-12-14 01:15:59 - [TEST_STEP][PASSED] - Statement - counter = counter + 1: null

2018-12-14 01:15:59 - [TEST_STEP][PASSED] - Statement - PreSaveFile = new java.io.File(((pathPrefix + java.lang.Integer.toString(counter)) + .png)): null

2018-12-14 01:15:59 - [TEST_STEP][PASSED] - Statement - counter = counter + 1: null

2018-12-14 01:15:59 - [TEST_STEP][PASSED] - Statement - PreSaveFile = new java.io.File(((pathPrefix + java.lang.Integer.toString(counter)) + .png)): null

2018-12-14 01:15:59 - [TEST_STEP][PASSED] - Statement - counter = counter + 1: null

2018-12-14 01:15:59 - [TEST_STEP][PASSED] - Statement - PreSaveFile = new java.io.File(((pathPrefix + java.lang.Integer.toString(counter)) + .png)): null

2018-12-14 01:15:59 - [TEST_STEP][PASSED] - Statement - counter = counter + 1: null

2018-12-14 01:15:59 - [TEST_STEP][PASSED] - Statement - PreSaveFile = new java.io.File(((pathPrefix + java.lang.Integer.toString(counter)) + .png)): null

2018-12-14 01:15:59 - [TEST_STEP][PASSED] - Statement - counter = counter + 1: null

2018-12-14 01:15:59 - [TEST_STEP][PASSED] - Statement - PreSaveFile = new java.io.File(((pathPrefix + java.lang.Integer.toString(counter)) + .png)): null

2018-12-14 01:15:59 - [TEST_STEP][PASSED] - Statement - counter = counter + 1: null

2018-12-14 01:15:59 - [TEST_STEP][PASSED] - Statement - PreSaveFile = new java.io.File(((pathPrefix + java.lang.Integer.toString(counter)) + .png)): null

2018-12-14 01:15:59 - [TEST_STEP][PASSED] - Statement - counter = counter + 1: null

2018-12-14 01:15:59 - [TEST_STEP][PASSED] - Statement - PreSaveFile = new java.io.File(((pathPrefix + java.lang.Integer.toString(counter)) + .png)): null

2018-12-14 01:15:59 - [TEST_STEP][PASSED] - Statement - counter = counter + 1: null

2018-12-14 01:15:59 - [TEST_STEP][PASSED] - Statement - PreSaveFile = new java.io.File(((pathPrefix + java.lang.Integer.toString(counter)) + .png)): null

2018-12-14 01:15:59 - [TEST_STEP][PASSED] - Statement - counter = counter + 1: null

2018-12-14 01:15:59 - [TEST_STEP][PASSED] - Statement - PreSaveFile = new java.io.File(((pathPrefix + java.lang.Integer.toString(counter)) + .png)): null

2018-12-14 01:15:59 - [TEST_STEP][PASSED] - Statement - counter = counter + 1: null

2018-12-14 01:15:59 - [TEST_STEP][PASSED] - Statement - PreSaveFile = new java.io.File(((pathPrefix + java.lang.Integer.toString(counter)) + .png)): null

2018-12-14 01:15:59 - [TEST_STEP][PASSED] - Statement - counter = counter + 1: null

2018-12-14 01:15:59 - [TEST_STEP][PASSED] - Statement - PreSaveFile = new java.io.File(((pathPrefix + java.lang.Integer.toString(counter)) + .png)): null

2018-12-14 01:15:59 - [TEST_STEP][PASSED] - Statement - counter = counter + 1: null

2018-12-14 01:15:59 - [TEST_STEP][PASSED] - Statement - PreSaveFile = new java.io.File(((pathPrefix + java.lang.Integer.toString(counter)) + .png)): null

2018-12-14 01:15:59 - [TEST_STEP][PASSED] - Statement - counter = counter + 1: null

2018-12-14 01:15:59 - [TEST_STEP][PASSED] - Statement - PreSaveFile = new java.io.File(((pathPrefix + java.lang.Integer.toString(counter)) + .png)): null

2018-12-14 01:15:59 - [TEST_STEP][PASSED] - Statement - counter = counter + 1: null

2018-12-14 01:15:59 - [TEST_STEP][PASSED] - Statement - PreSaveFile = new java.io.File(((pathPrefix + java.lang.Integer.toString(counter)) + .png)): null

2018-12-14 01:15:59 - [TEST_STEP][PASSED] - Statement - counter = counter + 1: null

2018-12-14 01:15:59 - [TEST_STEP][PASSED] - Statement - PreSaveFile = new java.io.File(((pathPrefix + java.lang.Integer.toString(counter)) + .png)): null

2018-12-14 01:15:59 - [TEST_STEP][PASSED] - Statement - counter = counter + 1: null

2018-12-14 01:15:59 - [TEST_STEP][PASSED] - Statement - PreSaveFile = new java.io.File(((pathPrefix + java.lang.Integer.toString(counter)) + .png)): null

2018-12-14 01:15:59 - [TEST_STEP][PASSED] - Statement - counter = counter + 1: null

2018-12-14 01:15:59 - [TEST_STEP][PASSED] - Statement - PreSaveFile = new java.io.File(((pathPrefix + java.lang.Integer.toString(counter)) + .png)): null

2018-12-14 01:15:59 - [TEST_STEP][PASSED] - Statement - counter = counter + 1: null

2018-12-14 01:15:59 - [TEST_STEP][PASSED] - Statement - PreSaveFile = new java.io.File(((pathPrefix + java.lang.Integer.toString(counter)) + .png)): null

2018-12-14 01:15:59 - [TEST_STEP][PASSED] - Statement - counter = counter + 1: null

2018-12-14 01:15:59 - [TEST_STEP][PASSED] - Statement - PreSaveFile = new java.io.File(((pathPrefix + java.lang.Integer.toString(counter)) + .png)): null

2018-12-14 01:15:59 - [TEST_STEP][PASSED] - Statement - counter = counter + 1: null

2018-12-14 01:15:59 - [TEST_STEP][PASSED] - Statement - PreSaveFile = new java.io.File(((pathPrefix + java.lang.Integer.toString(counter)) + .png)): null

2018-12-14 01:15:59 - [TEST_STEP][PASSED] - Statement - counter = counter + 1: null

2018-12-14 01:15:59 - [TEST_STEP][PASSED] - Statement - PreSaveFile = new java.io.File(((pathPrefix + java.lang.Integer.toString(counter)) + .png)): null

2018-12-14 01:15:59 - [TEST_STEP][PASSED] - Statement - counter = counter + 1: null

2018-12-14 01:15:59 - [TEST_STEP][PASSED] - Statement - PreSaveFile = new java.io.File(((pathPrefix + java.lang.Integer.toString(counter)) + .png)): null

2018-12-14 01:15:59 - [TEST_STEP][PASSED] - Statement - counter = counter + 1: null

2018-12-14 01:15:59 - [TEST_STEP][PASSED] - Statement - PreSaveFile = new java.io.File(((pathPrefix + java.lang.Integer.toString(counter)) + .png)): null

2018-12-14 01:15:59 - [TEST_STEP][PASSED] - Statement - counter = counter + 1: null

2018-12-14 01:15:59 - [TEST_STEP][PASSED] - Statement - PreSaveFile = new java.io.File(((pathPrefix + java.lang.Integer.toString(counter)) + .png)): null

2018-12-14 01:15:59 - [TEST_STEP][PASSED] - Statement - counter = counter + 1: null

2018-12-14 01:15:59 - [TEST_STEP][PASSED] - Statement - PreSaveFile = new java.io.File(((pathPrefix + java.lang.Integer.toString(counter)) + .png)): null

2018-12-14 01:15:59 - [TEST_STEP][PASSED] - Statement - counter = counter + 1: null

2018-12-14 01:15:59 - [TEST_STEP][PASSED] - Statement - PreSaveFile = new java.io.File(((pathPrefix + java.lang.Integer.toString(counter)) + .png)): null

2018-12-14 01:15:59 - [TEST_STEP][PASSED] - Statement - counter = counter + 1: null

2018-12-14 01:15:59 - [TEST_STEP][PASSED] - Statement - PreSaveFile = new java.io.File(((pathPrefix + java.lang.Integer.toString(counter)) + .png)): null

2018-12-14 01:15:59 - [TEST_STEP][PASSED] - Statement - counter = counter + 1: null

2018-12-14 01:15:59 - [TEST_STEP][PASSED] - Statement - PreSaveFile = new java.io.File(((pathPrefix + java.lang.Integer.toString(counter)) + .png)): null

2018-12-14 01:15:59 - [TEST_STEP][PASSED] - Statement - counter = counter + 1: null

2018-12-14 01:15:59 - [TEST_STEP][PASSED] - Statement - PreSaveFile = new java.io.File(((pathPrefix + java.lang.Integer.toString(counter)) + .png)): null

2018-12-14 01:15:59 - [TEST_STEP][PASSED] - Statement - counter = counter + 1: null

2018-12-14 01:15:59 - [TEST_STEP][PASSED] - Statement - PreSaveFile = new java.io.File(((pathPrefix + java.lang.Integer.toString(counter)) + .png)): null

2018-12-14 01:15:59 - [TEST_STEP][PASSED] - Statement - counter = counter + 1: null

2018-12-14 01:15:59 - [TEST_STEP][PASSED] - Statement - PreSaveFile = new java.io.File(((pathPrefix + java.lang.Integer.toString(counter)) + .png)): null

2018-12-14 01:15:59 - [TEST_STEP][PASSED] - Statement - counter = counter + 1: null

2018-12-14 01:15:59 - [TEST_STEP][PASSED] - Statement - PreSaveFile = new java.io.File(((pathPrefix + java.lang.Integer.toString(counter)) + .png)): null

2018-12-14 01:15:59 - [TEST_STEP][PASSED] - Statement - counter = counter + 1: null

2018-12-14 01:15:59 - [TEST_STEP][PASSED] - Statement - PreSaveFile = new java.io.File(((pathPrefix + java.lang.Integer.toString(counter)) + .png)): null

2018-12-14 01:15:59 - [TEST_STEP][PASSED] - Statement - counter = counter + 1: null

2018-12-14 01:15:59 - [TEST_STEP][PASSED] - Statement - PreSaveFile = new java.io.File(((pathPrefix + java.lang.Integer.toString(counter)) + .png)): null

2018-12-14 01:15:59 - [TEST_STEP][PASSED] - Statement - counter = counter + 1: null

2018-12-14 01:15:59 - [TEST_STEP][PASSED] - Statement - PreSaveFile = new java.io.File(((pathPrefix + java.lang.Integer.toString(counter)) + .png)): null

2018-12-14 01:15:59 - [TEST_STEP][PASSED] - Statement - counter = counter + 1: null

2018-12-14 01:15:59 - [TEST_STEP][PASSED] - Statement - PreSaveFile = new java.io.File(((pathPrefix + java.lang.Integer.toString(counter)) + .png)): null

2018-12-14 01:15:59 - [TEST_STEP][PASSED] - Statement - counter = counter + 1: null

2018-12-14 01:15:59 - [TEST_STEP][PASSED] - Statement - PreSaveFile = new java.io.File(((pathPrefix + java.lang.Integer.toString(counter)) + .png)): null

2018-12-14 01:15:59 - [TEST_STEP][PASSED] - Statement - counter = counter + 1: null

2018-12-14 01:15:59 - [TEST_STEP][PASSED] - Statement - PreSaveFile = new java.io.File(((pathPrefix + java.lang.Integer.toString(counter)) + .png)): null

2018-12-14 01:15:59 - [TEST_STEP][PASSED] - Statement - counter = counter + 1: null

2018-12-14 01:15:59 - [TEST_STEP][PASSED] - Statement - PreSaveFile = new java.io.File(((pathPrefix + java.lang.Integer.toString(counter)) + .png)): null

2018-12-14 01:15:59 - [TEST_STEP][PASSED] - Statement - counter = counter + 1: null

2018-12-14 01:15:59 - [TEST_STEP][PASSED] - Statement - PreSaveFile = new java.io.File(((pathPrefix + java.lang.Integer.toString(counter)) + .png)): null

2018-12-14 01:15:59 - [TEST_STEP][PASSED] - Statement - counter = counter + 1: null

2018-12-14 01:15:59 - [TEST_STEP][PASSED] - Statement - PreSaveFile = new java.io.File(((pathPrefix + java.lang.Integer.toString(counter)) + .png)): null

2018-12-14 01:15:59 - [TEST_STEP][PASSED] - Statement - counter = counter + 1: null

2018-12-14 01:15:59 - [TEST_STEP][PASSED] - Statement - PreSaveFile = new java.io.File(((pathPrefix + java.lang.Integer.toString(counter)) + .png)): null

2018-12-14 01:15:59 - [TEST_STEP][PASSED] - Statement - counter = counter + 1: null

2018-12-14 01:15:59 - [TEST_STEP][PASSED] - Statement - PreSaveFile = new java.io.File(((pathPrefix + java.lang.Integer.toString(counter)) + .png)): null

2018-12-14 01:15:59 - [TEST_STEP][PASSED] - Statement - counter = counter + 1: null

2018-12-14 01:15:59 - [TEST_STEP][PASSED] - Statement - PreSaveFile = new java.io.File(((pathPrefix + java.lang.Integer.toString(counter)) + .png)): null

2018-12-14 01:15:59 - [TEST_STEP][PASSED] - Statement - counter = counter + 1: null

2018-12-14 01:15:59 - [TEST_STEP][PASSED] - Statement - PreSaveFile = new java.io.File(((pathPrefix + java.lang.Integer.toString(counter)) + .png)): null

2018-12-14 01:15:59 - [TEST_STEP][PASSED] - Statement - counter = counter + 1: null

2018-12-14 01:15:59 - [TEST_STEP][PASSED] - Statement - PreSaveFile = new java.io.File(((pathPrefix + java.lang.Integer.toString(counter)) + .png)): null

2018-12-14 01:15:59 - [TEST_STEP][PASSED] - Statement - counter = counter + 1: null

2018-12-14 01:15:59 - [TEST_STEP][PASSED] - Statement - PreSaveFile = new java.io.File(((pathPrefix + java.lang.Integer.toString(counter)) + .png)): null

2018-12-14 01:15:59 - [TEST_STEP][PASSED] - Statement - counter = counter + 1: null

2018-12-14 01:15:59 - [TEST_STEP][PASSED] - Statement - PreSaveFile = new java.io.File(((pathPrefix + java.lang.Integer.toString(counter)) + .png)): null

2018-12-14 01:15:59 - [TEST_STEP][PASSED] - Statement - counter = counter + 1: null

2018-12-14 01:15:59 - [TEST_STEP][PASSED] - Statement - PreSaveFile = new java.io.File(((pathPrefix + java.lang.Integer.toString(counter)) + .png)): null

2018-12-14 01:15:59 - [TEST_STEP][PASSED] - Statement - counter = counter + 1: null

2018-12-14 01:15:59 - [TEST_STEP][PASSED] - Statement - PreSaveFile = new java.io.File(((pathPrefix + java.lang.Integer.toString(counter)) + .png)): null

2018-12-14 01:15:59 - [TEST_STEP][PASSED] - Statement - counter = counter + 1: null

2018-12-14 01:15:59 - [TEST_STEP][PASSED] - Statement - PreSaveFile = new java.io.File(((pathPrefix + java.lang.Integer.toString(counter)) + .png)): null

2018-12-14 01:15:59 - [TEST_STEP][PASSED] - Statement - counter = counter + 1: null

2018-12-14 01:15:59 - [TEST_STEP][PASSED] - Statement - PreSaveFile = new java.io.File(((pathPrefix + java.lang.Integer.toString(counter)) + .png)): null

2018-12-14 01:15:59 - [TEST_STEP][PASSED] - Statement - counter = counter + 1: null

2018-12-14 01:15:59 - [TEST_STEP][PASSED] - Statement - PreSaveFile = new java.io.File(((pathPrefix + java.lang.Integer.toString(counter)) + .png)): null

2018-12-14 01:15:59 - [TEST_STEP][PASSED] - Statement - counter = counter + 1: null

2018-12-14 01:15:59 - [TEST_STEP][PASSED] - Statement - PreSaveFile = new java.io.File(((pathPrefix + java.lang.Integer.toString(counter)) + .png)): null

2018-12-14 01:15:59 - [TEST_STEP][PASSED] - Statement - counter = counter + 1: null

2018-12-14 01:15:59 - [TEST_STEP][PASSED] - Statement - PreSaveFile = new java.io.File(((pathPrefix + java.lang.Integer.toString(counter)) + .png)): null

2018-12-14 01:15:59 - [TEST_STEP][PASSED] - Statement - counter = counter + 1: null

2018-12-14 01:15:59 - [TEST_STEP][PASSED] - Statement - PreSaveFile = new java.io.File(((pathPrefix + java.lang.Integer.toString(counter)) + .png)): null

2018-12-14 01:15:59 - [TEST_STEP][PASSED] - Statement - counter = counter + 1: null

2018-12-14 01:15:59 - [TEST_STEP][PASSED] - Statement - PreSaveFile = new java.io.File(((pathPrefix + java.lang.Integer.toString(counter)) + .png)): null

2018-12-14 01:15:59 - [TEST_STEP][PASSED] - Statement - counter = counter + 1: null

2018-12-14 01:15:59 - [TEST_STEP][PASSED] - Statement - PreSaveFile = new java.io.File(((pathPrefix + java.lang.Integer.toString(counter)) + .png)): null

2018-12-14 01:15:59 - [TEST_STEP][PASSED] - Statement - counter = counter + 1: null

2018-12-14 01:15:59 - [TEST_STEP][PASSED] - Statement - PreSaveFile = new java.io.File(((pathPrefix + java.lang.Integer.toString(counter)) + .png)): null

2018-12-14 01:15:59 - [TEST_STEP][PASSED] - Statement - counter = counter + 1: null

2018-12-14 01:15:59 - [TEST_STEP][PASSED] - Statement - PreSaveFile = new java.io.File(((pathPrefix + java.lang.Integer.toString(counter)) + .png)): null

2018-12-14 01:15:59 - [TEST_STEP][PASSED] - Statement - counter = counter + 1: null

2018-12-14 01:15:59 - [TEST_STEP][PASSED] - Statement - PreSaveFile = new java.io.File(((pathPrefix + java.lang.Integer.toString(counter)) + .png)): null

2018-12-14 01:15:59 - [TEST_STEP][PASSED] - Statement - counter = counter + 1: null

2018-12-14 01:15:59 - [TEST_STEP][PASSED] - Statement - PreSaveFile = new java.io.File(((pathPrefix + java.lang.Integer.toString(counter)) + .png)): null

2018-12-14 01:15:59 - [TEST_STEP][PASSED] - Statement - counter = counter + 1: null

2018-12-14 01:15:59 - [TEST_STEP][PASSED] - Statement - PreSaveFile = new java.io.File(((pathPrefix + java.lang.Integer.toString(counter)) + .png)): null

2018-12-14 01:15:59 - [TEST_STEP][PASSED] - Statement - counter = counter + 1: null

2018-12-14 01:15:59 - [TEST_STEP][PASSED] - Statement - PreSaveFile = new java.io.File(((pathPrefix + java.lang.Integer.toString(counter)) + .png)): null

2018-12-14 01:15:59 - [TEST_STEP][PASSED] - Statement - counter = counter + 1: null

2018-12-14 01:15:59 - [TEST_STEP][PASSED] - Statement - PreSaveFile = new java.io.File(((pathPrefix + java.lang.Integer.toString(counter)) + .png)): null

2018-12-14 01:15:59 - [TEST_STEP][PASSED] - Statement - counter = counter + 1: null

2018-12-14 01:15:59 - [TEST_STEP][PASSED] - Statement - PreSaveFile = new java.io.File(((pathPrefix + java.lang.Integer.toString(counter)) + .png)): null

2018-12-14 01:15:59 - [TEST_STEP][PASSED] - Statement - counter = counter + 1: null

2018-12-14 01:15:59 - [TEST_STEP][PASSED] - Statement - PreSaveFile = new java.io.File(((pathPrefix + java.lang.Integer.toString(counter)) + .png)): null

2018-12-14 01:15:59 - [TEST_STEP][PASSED] - Statement - counter = counter + 1: null

2018-12-14 01:15:59 - [TEST_STEP][PASSED] - Statement - PreSaveFile = new java.io.File(((pathPrefix + java.lang.Integer.toString(counter)) + .png)): null

2018-12-14 01:15:59 - [TEST_STEP][PASSED] - Statement - counter = counter + 1: null

2018-12-14 01:15:59 - [TEST_STEP][PASSED] - Statement - PreSaveFile = new java.io.File(((pathPrefix + java.lang.Integer.toString(counter)) + .png)): null

2018-12-14 01:15:59 - [TEST_STEP][PASSED] - Statement - counter = counter + 1: null

2018-12-14 01:15:59 - [TEST_STEP][PASSED] - Statement - PreSaveFile = new java.io.File(((pathPrefix + java.lang.Integer.toString(counter)) + .png)): null

2018-12-14 01:15:59 - [TEST_STEP][PASSED] - Statement - counter = counter + 1: null

2018-12-14 01:15:59 - [TEST_STEP][PASSED] - Statement - PreSaveFile = new java.io.File(((pathPrefix + java.lang.Integer.toString(counter)) + .png)): null

2018-12-14 01:15:59 - [TEST_STEP][PASSED] - Statement - counter = counter + 1: null

2018-12-14 01:15:59 - [TEST_STEP][PASSED] - Statement - PreSaveFile = new java.io.File(((pathPrefix + java.lang.Integer.toString(counter)) + .png)): null

2018-12-14 01:15:59 - [TEST_STEP][PASSED] - Statement - counter = counter + 1: null

2018-12-14 01:15:59 - [TEST_STEP][PASSED] - Statement - PreSaveFile = new java.io.File(((pathPrefix + java.lang.Integer.toString(counter)) + .png)): null

2018-12-14 01:15:59 - [TEST_STEP][PASSED] - Statement - counter = counter + 1: null

2018-12-14 01:15:59 - [TEST_STEP][PASSED] - Statement - PreSaveFile = new java.io.File(((pathPrefix + java.lang.Integer.toString(counter)) + .png)): null

2018-12-14 01:15:59 - [TEST_STEP][PASSED] - Statement - counter = counter + 1: null

2018-12-14 01:15:59 - [TEST_STEP][PASSED] - Statement - PreSaveFile = new java.io.File(((pathPrefix + java.lang.Integer.toString(counter)) + .png)): null

2018-12-14 01:15:59 - [TEST_STEP][PASSED] - Statement - counter = counter + 1: null

2018-12-14 01:15:59 - [TEST_STEP][PASSED] - Statement - PreSaveFile = new java.io.File(((pathPrefix + java.lang.Integer.toString(counter)) + .png)): null

2018-12-14 01:15:59 - [TEST_STEP][PASSED] - Statement - counter = counter + 1: null

2018-12-14 01:16:00 - [TEST_STEP][PASSED] - Statement - PreSaveFile = new java.io.File(((pathPrefix + java.lang.Integer.toString(counter)) + .png)): null

2018-12-14 01:16:00 - [TEST_STEP][PASSED] - Statement - counter = counter + 1: null

2018-12-14 01:16:00 - [TEST_STEP][PASSED] - Statement - PreSaveFile = new java.io.File(((pathPrefix + java.lang.Integer.toString(counter)) + .png)): null

2018-12-14 01:16:00 - [TEST_STEP][PASSED] - Statement - counter = counter + 1: null

2018-12-14 01:16:00 - [TEST_STEP][PASSED] - Statement - PreSaveFile = new java.io.File(((pathPrefix + java.lang.Integer.toString(counter)) + .png)): null

2018-12-14 01:16:00 - [TEST_STEP][PASSED] - Statement - counter = counter + 1: null

2018-12-14 01:16:00 - [TEST_STEP][PASSED] - Statement - PreSaveFile = new java.io.File(((pathPrefix + java.lang.Integer.toString(counter)) + .png)): null

2018-12-14 01:16:00 - [TEST_STEP][PASSED] - Statement - counter = counter + 1: null

2018-12-14 01:16:00 - [TEST_STEP][PASSED] - Statement - PreSaveFile = new java.io.File(((pathPrefix + java.lang.Integer.toString(counter)) + .png)): null

2018-12-14 01:16:00 - [TEST_STEP][PASSED] - Statement - counter = counter + 1: null

2018-12-14 01:16:00 - [TEST_STEP][PASSED] - Statement - PreSaveFile = new java.io.File(((pathPrefix + java.lang.Integer.toString(counter)) + .png)): null

2018-12-14 01:16:00 - [TEST_STEP][PASSED] - Statement - counter = counter + 1: null

2018-12-14 01:16:00 - [TEST_STEP][PASSED] - Statement - PreSaveFile = new java.io.File(((pathPrefix + java.lang.Integer.toString(counter)) + .png)): null

2018-12-14 01:16:00 - [TEST_STEP][PASSED] - Statement - counter = counter + 1: null

2018-12-14 01:16:00 - [TEST_STEP][PASSED] - Statement - PreSaveFile = new java.io.File(((pathPrefix + java.lang.Integer.toString(counter)) + .png)): null

2018-12-14 01:16:00 - [TEST_STEP][PASSED] - Statement - counter = counter + 1: null

2018-12-14 01:16:00 - [TEST_STEP][PASSED] - Statement - PreSaveFile = new java.io.File(((pathPrefix + java.lang.Integer.toString(counter)) + .png)): null

2018-12-14 01:16:00 - [TEST_STEP][PASSED] - Statement - counter = counter + 1: null

2018-12-14 01:16:00 - [TEST_STEP][PASSED] - Statement - PreSaveFile = new java.io.File(((pathPrefix + java.lang.Integer.toString(counter)) + .png)): null

2018-12-14 01:16:00 - [TEST_STEP][PASSED] - Statement - counter = counter + 1: null

2018-12-14 01:16:00 - [TEST_STEP][PASSED] - Statement - PreSaveFile = new java.io.File(((pathPrefix + java.lang.Integer.toString(counter)) + .png)): null

2018-12-14 01:16:00 - [TEST_STEP][PASSED] - Statement - counter = counter + 1: null

2018-12-14 01:16:00 - [TEST_STEP][PASSED] - Statement - PreSaveFile = new java.io.File(((pathPrefix + java.lang.Integer.toString(counter)) + .png)): null

2018-12-14 01:16:00 - [TEST_STEP][PASSED] - Statement - counter = counter + 1: null

2018-12-14 01:16:00 - [TEST_STEP][PASSED] - Statement - PreSaveFile = new java.io.File(((pathPrefix + java.lang.Integer.toString(counter)) + .png)): null

2018-12-14 01:16:00 - [TEST_STEP][PASSED] - Statement - counter = counter + 1: null

2018-12-14 01:16:00 - [TEST_STEP][PASSED] - Statement - PreSaveFile = new java.io.File(((pathPrefix + java.lang.Integer.toString(counter)) + .png)): null

2018-12-14 01:16:00 - [TEST_STEP][PASSED] - Statement - counter = counter + 1: null

2018-12-14 01:16:00 - [TEST_STEP][PASSED] - Statement - PreSaveFile = new java.io.File(((pathPrefix + java.lang.Integer.toString(counter)) + .png)): null

2018-12-14 01:16:00 - [TEST_STEP][PASSED] - Statement - counter = counter + 1: null

2018-12-14 01:16:00 - [TEST_STEP][PASSED] - Statement - PreSaveFile = new java.io.File(((pathPrefix + java.lang.Integer.toString(counter)) + .png)): null

2018-12-14 01:16:00 - [TEST_STEP][PASSED] - Statement - counter = counter + 1: null

2018-12-14 01:16:00 - [TEST_STEP][PASSED] - Statement - PreSaveFile = new java.io.File(((pathPrefix + java.lang.Integer.toString(counter)) + .png)): null

2018-12-14 01:16:00 - [TEST_STEP][PASSED] - Statement - counter = counter + 1: null

2018-12-14 01:16:00 - [TEST_STEP][PASSED] - Statement - PreSaveFile = new java.io.File(((pathPrefix + java.lang.Integer.toString(counter)) + .png)): null

2018-12-14 01:16:00 - [TEST_STEP][PASSED] - Statement - counter = counter + 1: null

2018-12-14 01:16:00 - [TEST_STEP][PASSED] - Statement - PreSaveFile = new java.io.File(((pathPrefix + java.lang.Integer.toString(counter)) + .png)): null

2018-12-14 01:16:00 - [TEST_STEP][PASSED] - Statement - counter = counter + 1: null

2018-12-14 01:16:00 - [TEST_STEP][PASSED] - Statement - PreSaveFile = new java.io.File(((pathPrefix + java.lang.Integer.toString(counter)) + .png)): null

2018-12-14 01:16:00 - [TEST_STEP][PASSED] - Statement - counter = counter + 1: null

2018-12-14 01:16:00 - [TEST_STEP][PASSED] - Statement - PreSaveFile = new java.io.File(((pathPrefix + java.lang.Integer.toString(counter)) + .png)): null

2018-12-14 01:16:00 - [TEST_STEP][PASSED] - Statement - counter = counter + 1: null

2018-12-14 01:16:00 - [TEST_STEP][PASSED] - Statement - PreSaveFile = new java.io.File(((pathPrefix + java.lang.Integer.toString(counter)) + .png)): null

2018-12-14 01:16:00 - [TEST_STEP][PASSED] - Statement - counter = counter + 1: null

2018-12-14 01:16:00 - [TEST_STEP][PASSED] - Statement - PreSaveFile = new java.io.File(((pathPrefix + java.lang.Integer.toString(counter)) + .png)): null

2018-12-14 01:16:00 - [TEST_STEP][PASSED] - Statement - counter = counter + 1: null

2018-12-14 01:16:00 - [TEST_STEP][PASSED] - Statement - PreSaveFile = new java.io.File(((pathPrefix + java.lang.Integer.toString(counter)) + .png)): null

2018-12-14 01:16:00 - [TEST_STEP][PASSED] - Statement - counter = counter + 1: null

2018-12-14 01:16:00 - [TEST_STEP][PASSED] - Statement - PreSaveFile = new java.io.File(((pathPrefix + java.lang.Integer.toString(counter)) + .png)): null

2018-12-14 01:16:00 - [TEST_STEP][PASSED] - Statement - counter = counter + 1: null

2018-12-14 01:16:00 - [TEST_STEP][PASSED] - Statement - PreSaveFile = new java.io.File(((pathPrefix + java.lang.Integer.toString(counter)) + .png)): null

2018-12-14 01:16:00 - [TEST_STEP][PASSED] - Statement - counter = counter + 1: null

2018-12-14 01:16:00 - [TEST_STEP][PASSED] - Statement - PreSaveFile = new java.io.File(((pathPrefix + java.lang.Integer.toString(counter)) + .png)): null

2018-12-14 01:16:00 - [TEST_STEP][PASSED] - Statement - counter = counter + 1: null

2018-12-14 01:16:00 - [TEST_STEP][PASSED] - Statement - PreSaveFile = new java.io.File(((pathPrefix + java.lang.Integer.toString(counter)) + .png)): null

2018-12-14 01:16:00 - [TEST_STEP][PASSED] - Statement - counter = counter + 1: null

2018-12-14 01:16:00 - [TEST_STEP][PASSED] - Statement - PreSaveFile = new java.io.File(((pathPrefix + java.lang.Integer.toString(counter)) + .png)): null

2018-12-14 01:16:00 - [TEST_STEP][PASSED] - Statement - counter = counter + 1: null

2018-12-14 01:16:00 - [TEST_STEP][PASSED] - Statement - PreSaveFile = new java.io.File(((pathPrefix + java.lang.Integer.toString(counter)) + .png)): null

2018-12-14 01:16:00 - [TEST_STEP][PASSED] - Statement - counter = counter + 1: null

2018-12-14 01:16:00 - [TEST_STEP][PASSED] - Statement - PreSaveFile = new java.io.File(((pathPrefix + java.lang.Integer.toString(counter)) + .png)): null

2018-12-14 01:16:00 - [TEST_STEP][PASSED] - Statement - counter = counter + 1: null

2018-12-14 01:16:00 - [TEST_STEP][PASSED] - Statement - PreSaveFile = new java.io.File(((pathPrefix + java.lang.Integer.toString(counter)) + .png)): null

2018-12-14 01:16:00 - [TEST_STEP][PASSED] - Statement - counter = counter + 1: null

2018-12-14 01:16:00 - [TEST_STEP][PASSED] - Statement - PreSaveFile = new java.io.File(((pathPrefix + java.lang.Integer.toString(counter)) + .png)): null

2018-12-14 01:16:00 - [TEST_STEP][PASSED] - Statement - counter = counter + 1: null

2018-12-14 01:16:00 - [TEST_STEP][PASSED] - Statement - PreSaveFile = new java.io.File(((pathPrefix + java.lang.Integer.toString(counter)) + .png)): null

2018-12-14 01:16:00 - [TEST_STEP][PASSED] - Statement - counter = counter + 1: null

2018-12-14 01:16:00 - [TEST_STEP][PASSED] - Statement - PreSaveFile = new java.io.File(((pathPrefix + java.lang.Integer.toString(counter)) + .png)): null

2018-12-14 01:16:00 - [TEST_STEP][PASSED] - Statement - counter = counter + 1: null

2018-12-14 01:16:00 - [TEST_STEP][PASSED] - Statement - PreSaveFile = new java.io.File(((pathPrefix + java.lang.Integer.toString(counter)) + .png)): null

2018-12-14 01:16:00 - [TEST_STEP][PASSED] - Statement - counter = counter + 1: null

2018-12-14 01:16:00 - [TEST_STEP][PASSED] - Statement - PreSaveFile = new java.io.File(((pathPrefix + java.lang.Integer.toString(counter)) + .png)): null

2018-12-14 01:16:00 - [TEST_STEP][PASSED] - Statement - counter = counter + 1: null

2018-12-14 01:16:00 - [TEST_STEP][PASSED] - Statement - PreSaveFile = new java.io.File(((pathPrefix + java.lang.Integer.toString(counter)) + .png)): null

2018-12-14 01:16:00 - [TEST_STEP][PASSED] - Statement - counter = counter + 1: null

2018-12-14 01:16:00 - [TEST_STEP][PASSED] - Statement - PreSaveFile = new java.io.File(((pathPrefix + java.lang.Integer.toString(counter)) + .png)): null

2018-12-14 01:16:00 - [TEST_STEP][PASSED] - Statement - counter = counter + 1: null

2018-12-14 01:16:00 - [TEST_STEP][PASSED] - Statement - PreSaveFile = new java.io.File(((pathPrefix + java.lang.Integer.toString(counter)) + .png)): null

2018-12-14 01:16:00 - [TEST_STEP][PASSED] - Statement - counter = counter + 1: null

2018-12-14 01:16:00 - [TEST_STEP][PASSED] - Statement - PreSaveFile = new java.io.File(((pathPrefix + java.lang.Integer.toString(counter)) + .png)): null

2018-12-14 01:16:00 - [TEST_STEP][PASSED] - Statement - counter = counter + 1: null

2018-12-14 01:16:00 - [TEST_STEP][PASSED] - Statement - PreSaveFile = new java.io.File(((pathPrefix + java.lang.Integer.toString(counter)) + .png)): null

2018-12-14 01:16:00 - [TEST_STEP][PASSED] - Statement - counter = counter + 1: null

2018-12-14 01:16:00 - [TEST_STEP][PASSED] - Statement - PreSaveFile = new java.io.File(((pathPrefix + java.lang.Integer.toString(counter)) + .png)): null

2018-12-14 01:16:00 - [TEST_STEP][PASSED] - Statement - counter = counter + 1: null

2018-12-14 01:16:00 - [TEST_STEP][PASSED] - Statement - PreSaveFile = new java.io.File(((pathPrefix + java.lang.Integer.toString(counter)) + .png)): null

2018-12-14 01:16:00 - [TEST_STEP][PASSED] - Statement - counter = counter + 1: null

2018-12-14 01:16:00 - [TEST_STEP][PASSED] - Statement - PreSaveFile = new java.io.File(((pathPrefix + java.lang.Integer.toString(counter)) + .png)): null

2018-12-14 01:16:00 - [TEST_STEP][PASSED] - Statement - counter = counter + 1: null

2018-12-14 01:16:00 - [TEST_STEP][PASSED] - Statement - PreSaveFile = new java.io.File(((pathPrefix + java.lang.Integer.toString(counter)) + .png)): null

2018-12-14 01:16:00 - [TEST_STEP][PASSED] - Statement - counter = counter + 1: null

2018-12-14 01:16:00 - [TEST_STEP][PASSED] - Statement - PreSaveFile = new java.io.File(((pathPrefix + java.lang.Integer.toString(counter)) + .png)): null

2018-12-14 01:16:00 - [TEST_STEP][PASSED] - Statement - counter = counter + 1: null

2018-12-14 01:16:00 - [TEST_STEP][PASSED] - Statement - PreSaveFile = new java.io.File(((pathPrefix + java.lang.Integer.toString(counter)) + .png)): null

2018-12-14 01:16:00 - [TEST_STEP][PASSED] - Statement - counter = counter + 1: null

2018-12-14 01:16:00 - [TEST_STEP][PASSED] - Statement - PreSaveFile = new java.io.File(((pathPrefix + java.lang.Integer.toString(counter)) + .png)): null

2018-12-14 01:16:00 - [TEST_STEP][PASSED] - Statement - counter = counter + 1: null

2018-12-14 01:16:00 - [TEST_STEP][PASSED] - Statement - PreSaveFile = new java.io.File(((pathPrefix + java.lang.Integer.toString(counter)) + .png)): null

2018-12-14 01:16:00 - [TEST_STEP][PASSED] - Statement - counter = counter + 1: null

2018-12-14 01:16:00 - [TEST_STEP][PASSED] - Statement - PreSaveFile = new java.io.File(((pathPrefix + java.lang.Integer.toString(counter)) + .png)): null

2018-12-14 01:16:00 - [TEST_STEP][PASSED] - Statement - counter = counter + 1: null

2018-12-14 01:16:00 - [TEST_STEP][PASSED] - Statement - PreSaveFile = new java.io.File(((pathPrefix + java.lang.Integer.toString(counter)) + .png)): null

2018-12-14 01:16:00 - [TEST_STEP][PASSED] - Statement - counter = counter + 1: null

2018-12-14 01:16:00 - [TEST_STEP][PASSED] - Statement - PreSaveFile = new java.io.File(((pathPrefix + java.lang.Integer.toString(counter)) + .png)): null

2018-12-14 01:16:00 - [TEST_STEP][PASSED] - Statement - counter = counter + 1: null

2018-12-14 01:16:00 - [TEST_STEP][PASSED] - Statement - PreSaveFile = new java.io.File(((pathPrefix + java.lang.Integer.toString(counter)) + .png)): null

2018-12-14 01:16:00 - [TEST_STEP][PASSED] - Statement - counter = counter + 1: null

2018-12-14 01:16:00 - [TEST_STEP][PASSED] - Statement - PreSaveFile = new java.io.File(((pathPrefix + java.lang.Integer.toString(counter)) + .png)): null

2018-12-14 01:16:00 - [TEST_STEP][PASSED] - Statement - counter = counter + 1: null

2018-12-14 01:16:00 - [TEST_STEP][PASSED] - Statement - PreSaveFile = new java.io.File(((pathPrefix + java.lang.Integer.toString(counter)) + .png)): null

2018-12-14 01:16:00 - [TEST_STEP][PASSED] - Statement - counter = counter + 1: null

2018-12-14 01:16:00 - [TEST_STEP][PASSED] - Statement - PreSaveFile = new java.io.File(((pathPrefix + java.lang.Integer.toString(counter)) + .png)): null

2018-12-14 01:16:00 - [TEST_STEP][PASSED] - Statement - counter = counter + 1: null

2018-12-14 01:16:00 - [TEST_STEP][PASSED] - Statement - PreSaveFile = new java.io.File(((pathPrefix + java.lang.Integer.toString(counter)) + .png)): null

2018-12-14 01:16:00 - [TEST_STEP][PASSED] - Statement - counter = counter + 1: null

2018-12-14 01:16:00 - [TEST_STEP][PASSED] - Statement - PreSaveFile = new java.io.File(((pathPrefix + java.lang.Integer.toString(counter)) + .png)): null

2018-12-14 01:16:00 - [TEST_STEP][PASSED] - Statement - counter = counter + 1: null

2018-12-14 01:16:00 - [TEST_STEP][PASSED] - Statement - PreSaveFile = new java.io.File(((pathPrefix + java.lang.Integer.toString(counter)) + .png)): null

2018-12-14 01:16:00 - [TEST_STEP][PASSED] - Statement - counter = counter + 1: null

2018-12-14 01:16:00 - [TEST_STEP][PASSED] - Statement - PreSaveFile = new java.io.File(((pathPrefix + java.lang.Integer.toString(counter)) + .png)): null

2018-12-14 01:16:00 - [TEST_STEP][PASSED] - Statement - counter = counter + 1: null

2018-12-14 01:16:00 - [TEST_STEP][PASSED] - Statement - PreSaveFile = new java.io.File(((pathPrefix + java.lang.Integer.toString(counter)) + .png)): null

2018-12-14 01:16:00 - [TEST_STEP][PASSED] - Statement - counter = counter + 1: null

2018-12-14 01:16:00 - [TEST_STEP][PASSED] - Statement - PreSaveFile = new java.io.File(((pathPrefix + java.lang.Integer.toString(counter)) + .png)): null

2018-12-14 01:16:00 - [TEST_STEP][PASSED] - Statement - counter = counter + 1: null

2018-12-14 01:16:00 - [TEST_STEP][PASSED] - Statement - PreSaveFile = new java.io.File(((pathPrefix + java.lang.Integer.toString(counter)) + .png)): null

2018-12-14 01:16:00 - [TEST_STEP][PASSED] - Statement - counter = counter + 1: null

2018-12-14 01:16:00 - [TEST_STEP][PASSED] - Statement - PreSaveFile = new java.io.File(((pathPrefix + java.lang.Integer.toString(counter)) + .png)): null

2018-12-14 01:16:00 - [TEST_STEP][PASSED] - Statement - counter = counter + 1: null

2018-12-14 01:16:00 - [TEST_STEP][PASSED] - Statement - PreSaveFile = new java.io.File(((pathPrefix + java.lang.Integer.toString(counter)) + .png)): null

2018-12-14 01:16:00 - [TEST_STEP][PASSED] - Statement - counter = counter + 1: null

2018-12-14 01:16:00 - [TEST_STEP][PASSED] - Statement - PreSaveFile = new java.io.File(((pathPrefix + java.lang.Integer.toString(counter)) + .png)): null

2018-12-14 01:16:00 - [TEST_STEP][PASSED] - Statement - counter = counter + 1: null

2018-12-14 01:16:00 - [TEST_STEP][PASSED] - Statement - PreSaveFile = new java.io.File(((pathPrefix + java.lang.Integer.toString(counter)) + .png)): null

2018-12-14 01:16:00 - [TEST_STEP][PASSED] - Statement - counter = counter + 1: null

2018-12-14 01:16:00 - [TEST_STEP][PASSED] - Statement - PreSaveFile = new java.io.File(((pathPrefix + java.lang.Integer.toString(counter)) + .png)): null

2018-12-14 01:16:00 - [TEST_STEP][PASSED] - Statement - counter = counter + 1: null

2018-12-14 01:16:00 - [TEST_STEP][PASSED] - Statement - PreSaveFile = new java.io.File(((pathPrefix + java.lang.Integer.toString(counter)) + .png)): null

2018-12-14 01:16:00 - [TEST_STEP][PASSED] - Statement - counter = counter + 1: null

2018-12-14 01:16:00 - [TEST_STEP][PASSED] - Statement - PreSaveFile = new java.io.File(((pathPrefix + java.lang.Integer.toString(counter)) + .png)): null

2018-12-14 01:16:00 - [TEST_STEP][PASSED] - Statement - counter = counter + 1: null

2018-12-14 01:16:00 - [TEST_STEP][PASSED] - Statement - PreSaveFile = new java.io.File(((pathPrefix + java.lang.Integer.toString(counter)) + .png)): null

2018-12-14 01:16:00 - [TEST_STEP][PASSED] - Statement - counter = counter + 1: null

2018-12-14 01:16:00 - [TEST_STEP][PASSED] - Statement - PreSaveFile = new java.io.File(((pathPrefix + java.lang.Integer.toString(counter)) + .png)): null

2018-12-14 01:16:00 - [TEST_STEP][PASSED] - Statement - counter = counter + 1: null

2018-12-14 01:16:00 - [TEST_STEP][PASSED] - Statement - PreSaveFile = new java.io.File(((pathPrefix + java.lang.Integer.toString(counter)) + .png)): null

2018-12-14 01:16:00 - [TEST_STEP][PASSED] - Statement - counter = counter + 1: null

2018-12-14 01:16:00 - [TEST_STEP][PASSED] - Statement - PreSaveFile = new java.io.File(((pathPrefix + java.lang.Integer.toString(counter)) + .png)): null

2018-12-14 01:16:00 - [TEST_STEP][PASSED] - Statement - counter = counter + 1: null

2018-12-14 01:16:00 - [TEST_STEP][PASSED] - Statement - PreSaveFile = new java.io.File(((pathPrefix + java.lang.Integer.toString(counter)) + .png)): null

2018-12-14 01:16:00 - [TEST_STEP][PASSED] - Statement - counter = counter + 1: null

2018-12-14 01:16:00 - [TEST_STEP][PASSED] - Statement - PreSaveFile = new java.io.File(((pathPrefix + java.lang.Integer.toString(counter)) + .png)): null

2018-12-14 01:16:00 - [TEST_STEP][PASSED] - Statement - counter = counter + 1: null

2018-12-14 01:16:00 - [TEST_STEP][PASSED] - Statement - PreSaveFile = new java.io.File(((pathPrefix + java.lang.Integer.toString(counter)) + .png)): null

2018-12-14 01:16:00 - [TEST_STEP][PASSED] - Statement - counter = counter + 1: null

2018-12-14 01:16:00 - [TEST_STEP][PASSED] - Statement - PreSaveFile = new java.io.File(((pathPrefix + java.lang.Integer.toString(counter)) + .png)): null

2018-12-14 01:16:00 - [TEST_STEP][PASSED] - Statement - counter = counter + 1: null

2018-12-14 01:16:00 - [TEST_STEP][PASSED] - Statement - PreSaveFile = new java.io.File(((pathPrefix + java.lang.Integer.toString(counter)) + .png)): null

2018-12-14 01:16:00 - [TEST_STEP][PASSED] - Statement - counter = counter + 1: null

2018-12-14 01:16:00 - [TEST_STEP][PASSED] - Statement - PreSaveFile = new java.io.File(((pathPrefix + java.lang.Integer.toString(counter)) + .png)): null

2018-12-14 01:16:00 - [TEST_STEP][PASSED] - Statement - counter = counter + 1: null

2018-12-14 01:16:00 - [TEST_STEP][PASSED] - Statement - PreSaveFile = new java.io.File(((pathPrefix + java.lang.Integer.toString(counter)) + .png)): null

2018-12-14 01:16:00 - [TEST_STEP][PASSED] - Statement - counter = counter + 1: null

2018-12-14 01:16:00 - [TEST_STEP][PASSED] - Statement - PreSaveFile = new java.io.File(((pathPrefix + java.lang.Integer.toString(counter)) + .png)): null

2018-12-14 01:16:00 - [TEST_STEP][PASSED] - Statement - counter = counter + 1: null

2018-12-14 01:16:00 - [TEST_STEP][PASSED] - Statement - PreSaveFile = new java.io.File(((pathPrefix + java.lang.Integer.toString(counter)) + .png)): null

2018-12-14 01:16:00 - [TEST_STEP][PASSED] - Statement - counter = counter + 1: null

2018-12-14 01:16:00 - [TEST_STEP][PASSED] - Statement - PreSaveFile = new java.io.File(((pathPrefix + java.lang.Integer.toString(counter)) + .png)): null

2018-12-14 01:16:00 - [TEST_STEP][PASSED] - Statement - counter = counter + 1: null

2018-12-14 01:16:00 - [TEST_STEP][PASSED] - Statement - PreSaveFile = new java.io.File(((pathPrefix + java.lang.Integer.toString(counter)) + .png)): null

2018-12-14 01:16:00 - [TEST_STEP][PASSED] - Statement - counter = counter + 1: null

2018-12-14 01:16:00 - [TEST_STEP][PASSED] - Statement - PreSaveFile = new java.io.File(((pathPrefix + java.lang.Integer.toString(counter)) + .png)): null

2018-12-14 01:16:00 - [TEST_STEP][PASSED] - Statement - counter = counter + 1: null

2018-12-14 01:16:00 - [TEST_STEP][PASSED] - Statement - PreSaveFile = new java.io.File(((pathPrefix + java.lang.Integer.toString(counter)) + .png)): null

2018-12-14 01:16:00 - [TEST_STEP][PASSED] - Statement - counter = counter + 1: null

2018-12-14 01:16:00 - [TEST_STEP][PASSED] - Statement - PreSaveFile = new java.io.File(((pathPrefix + java.lang.Integer.toString(counter)) + .png)): null

2018-12-14 01:16:00 - [TEST_STEP][PASSED] - Statement - counter = counter + 1: null

2018-12-14 01:16:00 - [TEST_STEP][PASSED] - Statement - PreSaveFile = new java.io.File(((pathPrefix + java.lang.Integer.toString(counter)) + .png)): null

2018-12-14 01:16:00 - [TEST_STEP][PASSED] - Statement - counter = counter + 1: null

2018-12-14 01:16:00 - [TEST_STEP][PASSED] - Statement - PreSaveFile = new java.io.File(((pathPrefix + java.lang.Integer.toString(counter)) + .png)): null

2018-12-14 01:16:00 - [TEST_STEP][PASSED] - Statement - counter = counter + 1: null

2018-12-14 01:16:00 - [TEST_STEP][PASSED] - Statement - PreSaveFile = new java.io.File(((pathPrefix + java.lang.Integer.toString(counter)) + .png)): null

2018-12-14 01:16:00 - [TEST_STEP][PASSED] - Statement - counter = counter + 1: null

2018-12-14 01:16:00 - [TEST_STEP][PASSED] - Statement - PreSaveFile = new java.io.File(((pathPrefix + java.lang.Integer.toString(counter)) + .png)): null

2018-12-14 01:16:00 - [TEST_STEP][PASSED] - Statement - counter = counter + 1: null

2018-12-14 01:16:00 - [TEST_STEP][PASSED] - Statement - PreSaveFile = new java.io.File(((pathPrefix + java.lang.Integer.toString(counter)) + .png)): null

2018-12-14 01:16:00 - [TEST_STEP][PASSED] - Statement - counter = counter + 1: null

2018-12-14 01:16:00 - [TEST_STEP][PASSED] - Statement - PreSaveFile = new java.io.File(((pathPrefix + java.lang.Integer.toString(counter)) + .png)): null

2018-12-14 01:16:00 - [TEST_STEP][PASSED] - Statement - counter = counter + 1: null

2018-12-14 01:16:00 - [TEST_STEP][PASSED] - Statement - PreSaveFile = new java.io.File(((pathPrefix + java.lang.Integer.toString(counter)) + .png)): null

2018-12-14 01:16:00 - [TEST_STEP][PASSED] - Statement - counter = counter + 1: null

2018-12-14 01:16:00 - [TEST_STEP][PASSED] - Statement - PreSaveFile = new java.io.File(((pathPrefix + java.lang.Integer.toString(counter)) + .png)): null

2018-12-14 01:16:00 - [TEST_STEP][PASSED] - Statement - counter = counter + 1: null

2018-12-14 01:16:00 - [TEST_STEP][PASSED] - Statement - PreSaveFile = new java.io.File(((pathPrefix + java.lang.Integer.toString(counter)) + .png)): null

2018-12-14 01:16:00 - [TEST_STEP][PASSED] - Statement - counter = counter + 1: null

2018-12-14 01:16:00 - [TEST_STEP][PASSED] - Statement - PreSaveFile = new java.io.File(((pathPrefix + java.lang.Integer.toString(counter)) + .png)): null

2018-12-14 01:16:00 - [TEST_STEP][PASSED] - Statement - counter = counter + 1: null

2018-12-14 01:16:00 - [TEST_STEP][PASSED] - Statement - PreSaveFile = new java.io.File(((pathPrefix + java.lang.Integer.toString(counter)) + .png)): null

2018-12-14 01:16:00 - [TEST_STEP][PASSED] - Statement - counter = counter + 1: null

2018-12-14 01:16:00 - [TEST_STEP][PASSED] - Statement - PreSaveFile = new java.io.File(((pathPrefix + java.lang.Integer.toString(counter)) + .png)): null

2018-12-14 01:16:00 - [TEST_STEP][PASSED] - Statement - counter = counter + 1: null

2018-12-14 01:16:00 - [TEST_STEP][PASSED] - Statement - PreSaveFile = new java.io.File(((pathPrefix + java.lang.Integer.toString(counter)) + .png)): null

2018-12-14 01:16:00 - [TEST_STEP][PASSED] - Statement - counter = counter + 1: null

2018-12-14 01:16:00 - [TEST_STEP][PASSED] - Statement - PreSaveFile = new java.io.File(((pathPrefix + java.lang.Integer.toString(counter)) + .png)): null

2018-12-14 01:16:00 - [TEST_STEP][PASSED] - Statement - counter = counter + 1: null

2018-12-14 01:16:00 - [TEST_STEP][PASSED] - Statement - PreSaveFile = new java.io.File(((pathPrefix + java.lang.Integer.toString(counter)) + .png)): null

2018-12-14 01:16:00 - [TEST_STEP][PASSED] - Statement - counter = counter + 1: null

2018-12-14 01:16:00 - [TEST_STEP][PASSED] - Statement - PreSaveFile = new java.io.File(((pathPrefix + java.lang.Integer.toString(counter)) + .png)): null

2018-12-14 01:16:00 - [TEST_STEP][PASSED] - Statement - counter = counter + 1: null

2018-12-14 01:16:00 - [TEST_STEP][PASSED] - Statement - PreSaveFile = new java.io.File(((pathPrefix + java.lang.Integer.toString(counter)) + .png)): null

2018-12-14 01:16:00 - [TEST_STEP][PASSED] - Statement - counter = counter + 1: null

2018-12-14 01:16:00 - [TEST_STEP][PASSED] - Statement - PreSaveFile = new java.io.File(((pathPrefix + java.lang.Integer.toString(counter)) + .png)): null

2018-12-14 01:16:00 - [TEST_STEP][PASSED] - Statement - counter = counter + 1: null

2018-12-14 01:16:00 - [TEST_STEP][PASSED] - Statement - PreSaveFile = new java.io.File(((pathPrefix + java.lang.Integer.toString(counter)) + .png)): null

2018-12-14 01:16:00 - [TEST_STEP][PASSED] - Statement - counter = counter + 1: null

2018-12-14 01:16:00 - [TEST_STEP][PASSED] - Statement - PreSaveFile = new java.io.File(((pathPrefix + java.lang.Integer.toString(counter)) + .png)): null

2018-12-14 01:16:00 - [TEST_STEP][PASSED] - Statement - counter = counter + 1: null

2018-12-14 01:16:00 - [TEST_STEP][PASSED] - Statement - PreSaveFile = new java.io.File(((pathPrefix + java.lang.Integer.toString(counter)) + .png)): null

2018-12-14 01:16:00 - [TEST_STEP][PASSED] - Statement - counter = counter + 1: null

2018-12-14 01:16:00 - [TEST_STEP][PASSED] - Statement - PreSaveFile = new java.io.File(((pathPrefix + java.lang.Integer.toString(counter)) + .png)): null

2018-12-14 01:16:00 - [TEST_STEP][PASSED] - Statement - counter = counter + 1: null

2018-12-14 01:16:00 - [TEST_STEP][PASSED] - Statement - PreSaveFile = new java.io.File(((pathPrefix + java.lang.Integer.toString(counter)) + .png)): null

2018-12-14 01:16:00 - [TEST_STEP][PASSED] - Statement - counter = counter + 1: null

2018-12-14 01:16:00 - [TEST_STEP][PASSED] - Statement - PreSaveFile = new java.io.File(((pathPrefix + java.lang.Integer.toString(counter)) + .png)): null

2018-12-14 01:16:00 - [TEST_STEP][PASSED] - Statement - counter = counter + 1: null

2018-12-14 01:16:00 - [TEST_STEP][PASSED] - Statement - PreSaveFile = new java.io.File(((pathPrefix + java.lang.Integer.toString(counter)) + .png)): null

2018-12-14 01:16:00 - [TEST_STEP][PASSED] - Statement - counter = counter + 1: null

2018-12-14 01:16:00 - [TEST_STEP][PASSED] - Statement - PreSaveFile = new java.io.File(((pathPrefix + java.lang.Integer.toString(counter)) + .png)): null

2018-12-14 01:16:00 - [TEST_STEP][PASSED] - Statement - counter = counter + 1: null

2018-12-14 01:16:00 - [TEST_STEP][PASSED] - Statement - PreSaveFile = new java.io.File(((pathPrefix + java.lang.Integer.toString(counter)) + .png)): null

2018-12-14 01:16:00 - [TEST_STEP][PASSED] - Statement - counter = counter + 1: null

2018-12-14 01:16:00 - [TEST_STEP][PASSED] - Statement - PreSaveFile = new java.io.File(((pathPrefix + java.lang.Integer.toString(counter)) + .png)): null

2018-12-14 01:16:00 - [TEST_STEP][PASSED] - Statement - counter = counter + 1: null

2018-12-14 01:16:00 - [TEST_STEP][PASSED] - Statement - PreSaveFile = new java.io.File(((pathPrefix + java.lang.Integer.toString(counter)) + .png)): null

2018-12-14 01:16:00 - [TEST_STEP][PASSED] - Statement - counter = counter + 1: null

2018-12-14 01:16:00 - [TEST_STEP][PASSED] - Statement - PreSaveFile = new java.io.File(((pathPrefix + java.lang.Integer.toString(counter)) + .png)): null

2018-12-14 01:16:00 - [TEST_STEP][PASSED] - Statement - counter = counter + 1: null

2018-12-14 01:16:00 - [TEST_STEP][PASSED] - Statement - PreSaveFile = new java.io.File(((pathPrefix + java.lang.Integer.toString(counter)) + .png)): null

2018-12-14 01:16:00 - [TEST_STEP][PASSED] - Statement - counter = counter + 1: null

2018-12-14 01:16:00 - [TEST_STEP][PASSED] - Statement - PreSaveFile = new java.io.File(((pathPrefix + java.lang.Integer.toString(counter)) + .png)): null

2018-12-14 01:16:00 - [TEST_STEP][PASSED] - Statement - counter = counter + 1: null

2018-12-14 01:16:00 - [TEST_STEP][PASSED] - Statement - PreSaveFile = new java.io.File(((pathPrefix + java.lang.Integer.toString(counter)) + .png)): null

2018-12-14 01:16:00 - [TEST_STEP][PASSED] - Statement - counter = counter + 1: null

2018-12-14 01:16:00 - [TEST_STEP][PASSED] - Statement - PreSaveFile = new java.io.File(((pathPrefix + java.lang.Integer.toString(counter)) + .png)): null

2018-12-14 01:16:00 - [TEST_STEP][PASSED] - Statement - counter = counter + 1: null

2018-12-14 01:16:00 - [TEST_STEP][PASSED] - Statement - PreSaveFile = new java.io.File(((pathPrefix + java.lang.Integer.toString(counter)) + .png)): null

2018-12-14 01:16:00 - [TEST_STEP][PASSED] - Statement - counter = counter + 1: null

2018-12-14 01:16:00 - [TEST_STEP][PASSED] - Statement - PreSaveFile = new java.io.File(((pathPrefix + java.lang.Integer.toString(counter)) + .png)): null

2018-12-14 01:16:00 - [TEST_STEP][PASSED] - Statement - counter = counter + 1: null

2018-12-14 01:16:00 - [TEST_STEP][PASSED] - Statement - PreSaveFile = new java.io.File(((pathPrefix + java.lang.Integer.toString(counter)) + .png)): null

2018-12-14 01:16:00 - [TEST_STEP][PASSED] - Statement - counter = counter + 1: null

2018-12-14 01:16:00 - [TEST_STEP][PASSED] - Statement - PreSaveFile = new java.io.File(((pathPrefix + java.lang.Integer.toString(counter)) + .png)): null

2018-12-14 01:16:00 - [TEST_STEP][PASSED] - Statement - counter = counter + 1: null

2018-12-14 01:16:00 - [TEST_STEP][PASSED] - Statement - PreSaveFile = new java.io.File(((pathPrefix + java.lang.Integer.toString(counter)) + .png)): null

2018-12-14 01:16:00 - [TEST_STEP][PASSED] - Statement - counter = counter + 1: null

2018-12-14 01:16:00 - [TEST_STEP][PASSED] - Statement - PreSaveFile = new java.io.File(((pathPrefix + java.lang.Integer.toString(counter)) + .png)): null

2018-12-14 01:16:00 - [TEST_STEP][PASSED] - Statement - counter = counter + 1: null

2018-12-14 01:16:00 - [TEST_STEP][PASSED] - Statement - PreSaveFile = new java.io.File(((pathPrefix + java.lang.Integer.toString(counter)) + .png)): null

2018-12-14 01:16:00 - [TEST_STEP][PASSED] - Statement - counter = counter + 1: null

2018-12-14 01:16:00 - [TEST_STEP][PASSED] - Statement - PreSaveFile = new java.io.File(((pathPrefix + java.lang.Integer.toString(counter)) + .png)): null

2018-12-14 01:16:00 - [TEST_STEP][PASSED] - Statement - counter = counter + 1: null

2018-12-14 01:16:00 - [TEST_STEP][PASSED] - Statement - PreSaveFile = new java.io.File(((pathPrefix + java.lang.Integer.toString(counter)) + .png)): null

2018-12-14 01:16:00 - [TEST_STEP][PASSED] - Statement - counter = counter + 1: null

2018-12-14 01:16:00 - [TEST_STEP][PASSED] - Statement - PreSaveFile = new java.io.File(((pathPrefix + java.lang.Integer.toString(counter)) + .png)): null

2018-12-14 01:16:00 - [TEST_STEP][PASSED] - Statement - counter = counter + 1: null

2018-12-14 01:16:00 - [TEST_STEP][PASSED] - Statement - PreSaveFile = new java.io.File(((pathPrefix + java.lang.Integer.toString(counter)) + .png)): null

2018-12-14 01:16:00 - [TEST_STEP][PASSED] - Statement - counter = counter + 1: null

2018-12-14 01:16:00 - [TEST_STEP][PASSED] - Statement - PreSaveFile = new java.io.File(((pathPrefix + java.lang.Integer.toString(counter)) + .png)): null

2018-12-14 01:16:00 - [TEST_STEP][PASSED] - Statement - counter = counter + 1: null

2018-12-14 01:16:00 - [TEST_STEP][PASSED] - Statement - PreSaveFile = new java.io.File(((pathPrefix + java.lang.Integer.toString(counter)) + .png)): null

2018-12-14 01:16:00 - [TEST_STEP][PASSED] - Statement - counter = counter + 1: null

2018-12-14 01:16:00 - [TEST_STEP][PASSED] - Statement - PreSaveFile = new java.io.File(((pathPrefix + java.lang.Integer.toString(counter)) + .png)): null

2018-12-14 01:16:00 - [TEST_STEP][PASSED] - Statement - counter = counter + 1: null

2018-12-14 01:16:00 - [TEST_STEP][PASSED] - Statement - PreSaveFile = new java.io.File(((pathPrefix + java.lang.Integer.toString(counter)) + .png)): null

2018-12-14 01:16:00 - [TEST_STEP][PASSED] - Statement - counter = counter + 1: null

2018-12-14 01:16:00 - [TEST_STEP][PASSED] - Statement - PreSaveFile = new java.io.File(((pathPrefix + java.lang.Integer.toString(counter)) + .png)): null

2018-12-14 01:16:00 - [TEST_STEP][PASSED] - Statement - counter = counter + 1: null

2018-12-14 01:16:00 - [TEST_STEP][PASSED] - Statement - PreSaveFile = new java.io.File(((pathPrefix + java.lang.Integer.toString(counter)) + .png)): null

2018-12-14 01:16:00 - [TEST_STEP][PASSED] - Statement - counter = counter + 1: null

2018-12-14 01:16:00 - [TEST_STEP][PASSED] - Statement - PreSaveFile = new java.io.File(((pathPrefix + java.lang.Integer.toString(counter)) + .png)): null

2018-12-14 01:16:00 - [TEST_STEP][PASSED] - Statement - counter = counter + 1: null

2018-12-14 01:16:00 - [TEST_STEP][PASSED] - Statement - PreSaveFile = new java.io.File(((pathPrefix + java.lang.Integer.toString(counter)) + .png)): null

2018-12-14 01:16:00 - [TEST_STEP][PASSED] - Statement - counter = counter + 1: null

2018-12-14 01:16:00 - [TEST_STEP][PASSED] - Statement - PreSaveFile = new java.io.File(((pathPrefix + java.lang.Integer.toString(counter)) + .png)): null

2018-12-14 01:16:00 - [TEST_STEP][PASSED] - Statement - counter = counter + 1: null

2018-12-14 01:16:00 - [TEST_STEP][PASSED] - Statement - PreSaveFile = new java.io.File(((pathPrefix + java.lang.Integer.toString(counter)) + .png)): null

2018-12-14 01:16:00 - [TEST_STEP][PASSED] - Statement - counter = counter + 1: null

2018-12-14 01:16:00 - [TEST_STEP][PASSED] - Statement - PreSaveFile = new java.io.File(((pathPrefix + java.lang.Integer.toString(counter)) + .png)): null

2018-12-14 01:16:00 - [TEST_STEP][PASSED] - Statement - counter = counter + 1: null

2018-12-14 01:16:00 - [TEST_STEP][PASSED] - Statement - PreSaveFile = new java.io.File(((pathPrefix + java.lang.Integer.toString(counter)) + .png)): null

2018-12-14 01:16:00 - [TEST_STEP][PASSED] - Statement - counter = counter + 1: null

2018-12-14 01:16:00 - [TEST_STEP][PASSED] - Statement - PreSaveFile = new java.io.File(((pathPrefix + java.lang.Integer.toString(counter)) + .png)): null

2018-12-14 01:16:00 - [TEST_STEP][PASSED] - Statement - counter = counter + 1: null

2018-12-14 01:16:00 - [TEST_STEP][PASSED] - Statement - PreSaveFile = new java.io.File(((pathPrefix + java.lang.Integer.toString(counter)) + .png)): null

2018-12-14 01:16:00 - [TEST_STEP][PASSED] - Statement - counter = counter + 1: null

2018-12-14 01:16:00 - [TEST_STEP][PASSED] - Statement - PreSaveFile = new java.io.File(((pathPrefix + java.lang.Integer.toString(counter)) + .png)): null

2018-12-14 01:16:00 - [TEST_STEP][PASSED] - Statement - counter = counter + 1: null

2018-12-14 01:16:00 - [TEST_STEP][PASSED] - Statement - PreSaveFile = new java.io.File(((pathPrefix + java.lang.Integer.toString(counter)) + .png)): null

2018-12-14 01:16:00 - [TEST_STEP][PASSED] - Statement - counter = counter + 1: null

2018-12-14 01:16:00 - [TEST_STEP][PASSED] - Statement - PreSaveFile = new java.io.File(((pathPrefix + java.lang.Integer.toString(counter)) + .png)): null

2018-12-14 01:16:00 - [TEST_STEP][PASSED] - Statement - counter = counter + 1: null

2018-12-14 01:16:00 - [TEST_STEP][PASSED] - Statement - PreSaveFile = new java.io.File(((pathPrefix + java.lang.Integer.toString(counter)) + .png)): null

2018-12-14 01:16:00 - [TEST_STEP][PASSED] - Statement - counter = counter + 1: null

2018-12-14 01:16:00 - [TEST_STEP][PASSED] - Statement - PreSaveFile = new java.io.File(((pathPrefix + java.lang.Integer.toString(counter)) + .png)): null

2018-12-14 01:16:00 - [TEST_STEP][PASSED] - Statement - counter = counter + 1: null

2018-12-14 01:16:00 - [TEST_STEP][PASSED] - Statement - PreSaveFile = new java.io.File(((pathPrefix + java.lang.Integer.toString(counter)) + .png)): null

2018-12-14 01:16:00 - [TEST_STEP][PASSED] - Statement - counter = counter + 1: null

2018-12-14 01:16:00 - [TEST_STEP][PASSED] - Statement - PreSaveFile = new java.io.File(((pathPrefix + java.lang.Integer.toString(counter)) + .png)): null

2018-12-14 01:16:00 - [TEST_STEP][PASSED] - Statement - counter = counter + 1: null

2018-12-14 01:16:00 - [TEST_STEP][PASSED] - Statement - PreSaveFile = new java.io.File(((pathPrefix + java.lang.Integer.toString(counter)) + .png)): null

2018-12-14 01:16:00 - [TEST_STEP][PASSED] - Statement - counter = counter + 1: null

2018-12-14 01:16:00 - [TEST_STEP][PASSED] - Statement - PreSaveFile = new java.io.File(((pathPrefix + java.lang.Integer.toString(counter)) + .png)): null

2018-12-14 01:16:00 - [TEST_STEP][PASSED] - Statement - counter = counter + 1: null

2018-12-14 01:16:00 - [TEST_STEP][PASSED] - Statement - PreSaveFile = new java.io.File(((pathPrefix + java.lang.Integer.toString(counter)) + .png)): null

2018-12-14 01:16:00 - [TEST_STEP][PASSED] - Statement - counter = counter + 1: null

2018-12-14 01:16:00 - [TEST_STEP][PASSED] - Statement - PreSaveFile = new java.io.File(((pathPrefix + java.lang.Integer.toString(counter)) + .png)): null

2018-12-14 01:16:00 - [TEST_STEP][PASSED] - Statement - finalPath = pathPrefix + java.lang.Integer.toString(counter) + ".png": null

2018-12-14 01:16:00 - [TEST_STEP][PASSED] - Statement - SaveFile = new java.io.File(finalPath): null

2018-12-14 01:16:00 - [TEST_STEP][PASSED] - Statement - Try: null

2018-12-14 01:16:00 - [TEST_STEP][PASSED] - Statement - org.apache.commons.io.FileUtils.copyFile(scrFile, SaveFile): null

2018-12-14 01:16:00 - [TEST_STEP][PASSED] - Statement - out.println("file kept"): null

2018-12-14 01:16:00 - [TEST_STEP][PASSED] - delay: Delayed 10 second(s)

2018-12-14 01:16:10 - [MESSAGE][PASSED] - Delayed 10 second(s)

2018-12-14 01:16:10 - [MESSAGE][PASSED] - Call Test Case 'Test Cases/Final Aug 2018 - PKS Automation/Registration Module/New Registration/Submit and Screenshot/Submit Registration and Screenshot - Copy' successfully

2018-12-14 01:16:10 - [TEST_STEP][PASSED] - Statement - UpdateAddNewECode = com.kms.katalon.core.webui.keyword.WebUiBuiltInKeywords.getText(com.kms.katalon.core.testobject.ObjectRepository.findTestObject(Object Repository/Final Object Repo/Page_Update Add New Employee - ASSIST/getEmpCode)): Text of object 'Object Repository/Final Object Repo/Page_Update Add New Employee - ASSIST/getEmpCode' is: 'E1102070879X'

2018-12-14 01:16:10 - [MESSAGE][PASSED] - Text of object 'Object Repository/Final Object Repo/Page_Update Add New Employee - ASSIST/getEmpCode' is: 'E1102070879X'

2018-12-14 01:16:10 - [TEST_STEP][PASSED] - callTestCase: Call Test Case 'Test Cases/Final Aug 2018 - PKS Automation/Common/Emp Code Setter' successfully

2018-12-14 01:16:10 - [TEST_CASE][PASSED] - Test Cases/Final Aug 2018 - PKS Automation/Common/Emp Code Setter: Test Cases/Final Aug 2018 - PKS Automation/Common/Emp Code Setter

2018-12-14 01:16:10 - [TEST_STEP][PASSED] - Statement - EmpCodeOld = new java.io.File(C://Users//Admin//Desktop//PKS//Automation Reference Point//EmpCode.txt): null

2018-12-14 01:16:10 - [TEST_STEP][PASSED] - Statement - EmpCodeOld.delete(): null

2018-12-14 01:16:10 - [TEST_STEP][PASSED] - Statement - EmpCode = new java.io.File(C://Users//Admin//Desktop//PKS//Automation Reference Point//EmpCode.txt): null

2018-12-14 01:16:10 - [TEST_STEP][PASSED] - Statement - f2 = new java.io.FileWriter(EmpCode, false): null

2018-12-14 01:16:10 - [TEST_STEP][PASSED] - Statement - f2.write(UpdateAddNewECode): null

2018-12-14 01:16:10 - [TEST_STEP][PASSED] - Statement - f2.close(): null

2018-12-14 01:16:10 - [TEST_STEP][PASSED] - Statement - out.println("


" + UpdateAddNewECode + "


"): null

2018-12-14 01:16:10 - [MESSAGE][PASSED] - Call Test Case 'Test Cases/Final Aug 2018 - PKS Automation/Common/Emp Code Setter' successfully

2018-12-14 01:16:10 - [MESSAGE][PASSED] - Call Test Case 'Test Cases/Final Aug 2018 - PKS Automation/Registration Module/Workflow/Update Add New Employee/Template/New Company for Update Add New - Employer' successfully

2018-12-14 01:16:10 - [TEST_STEP][PASSED] - callTestCase: Call Test Case 'Test Cases/Final Aug 2018 - PKS Automation/Registration Module/Log Out/log out avoiding katalon tagging' successfully

2018-12-14 01:16:10 - [TEST_CASE][PASSED] - Test Cases/Final Aug 2018 - PKS Automation/Registration Module/Log Out/log out avoiding katalon tagging: Test Cases/Final Aug 2018 - PKS Automation/Registration Module/Log Out/log out avoiding katalon tagging

2018-12-14 01:16:10 - [TEST_STEP][PASSED] - navigateToUrl: Navigate to 'https://assist2-uat.perkeso.gov.my/c/portal/logout' successfully

2018-12-14 01:16:11 - [MESSAGE][PASSED] - Navigate to 'https://assist2-uat.perkeso.gov.my/c/portal/logout' successfully

2018-12-14 01:16:11 - [MESSAGE][PASSED] - Call Test Case 'Test Cases/Final Aug 2018 - PKS Automation/Registration Module/Log Out/log out avoiding katalon tagging' successfully

2018-12-14 01:16:11 - [TEST_STEP][PASSED] - callTestCase: Call Test Case 'Test Cases/Final Aug 2018 - PKS Automation/Registration Module/New Registration/Form 2/Date Updater' successfully

2018-12-14 01:16:11 - [TEST_CASE][PASSED] - Test Cases/Final Aug 2018 - PKS Automation/Registration Module/New Registration/Form 2/Date Updater: Test Cases/Final Aug 2018 - PKS Automation/Registration Module/New Registration/Form 2/Date Updater

2018-12-14 01:16:11 - [TEST_STEP][PASSED] - Statement - TodayDate = new java.util.Date(): null

2018-12-14 01:16:11 - [TEST_STEP][PASSED] - Statement - CurrentDateNoFilter = new java.text.SimpleDateFormat(): null

2018-12-14 01:16:11 - [TEST_STEP][PASSED] - Statement - CurrentDateNoFilter.applyPattern("MM"): null

2018-12-14 01:16:11 - [TEST_STEP][PASSED] - Statement - monthContainerMatcher = java.lang.Integer.parseInt(CurrentDateNoFilter.format(TodayDate)): null

2018-12-14 01:16:11 - [TEST_STEP][PASSED] - Statement - monthContainerMatcher = monthContainerMatcher - 1: null

2018-12-14 01:16:11 - [TEST_STEP][PASSED] - Statement - CurrentMonth = monthContainerMatcher.toString(): null

2018-12-14 01:16:11 - [TEST_STEP][PASSED] - Statement - CurrentMonth = CurrentMonth: null

2018-12-14 01:16:11 - [TEST_STEP][PASSED] - Statement - CurrentDateNoFilter.applyPattern("yyyy"): null

2018-12-14 01:16:11 - [TEST_STEP][PASSED] - Statement - CurrentYear = CurrentDateNoFilter.format(TodayDate): null

2018-12-14 01:16:11 - [TEST_STEP][PASSED] - Statement - CurrentYear = CurrentYear: null

2018-12-14 01:16:11 - [TEST_STEP][PASSED] - Statement - intCurrentYear = java.lang.Integer.parseInt(CurrentDateNoFilter.format(TodayDate)): null

2018-12-14 01:16:11 - [TEST_STEP][PASSED] - Statement - eighteenYrsAgo = intCurrentYear - 18: null

2018-12-14 01:16:11 - [TEST_STEP][PASSED] - Statement - eighteenYrsBeforeThisYr = eighteenYrsAgo.toString(): null

2018-12-14 01:16:11 - [TEST_STEP][PASSED] - Statement - EighteenYrsBefore = eighteenYrsBeforeThisYr: null

2018-12-14 01:16:11 - [TEST_STEP][PASSED] - Statement - fiftysevenYrsAgo = intCurrentYear - 57: null

2018-12-14 01:16:11 - [TEST_STEP][PASSED] - Statement - fiftysevenYrsBeforeThisYr = fiftysevenYrsAgo.toString(): null

2018-12-14 01:16:11 - [TEST_STEP][PASSED] - Statement - FiftysevenYrsBefore = fiftysevenYrsBeforeThisYr: null

2018-12-14 01:16:11 - [TEST_STEP][PASSED] - Statement - leapYear = false: null

2018-12-14 01:16:11 - [TEST_STEP][PASSED] - Statement - leapYear = intCurrentYear % 4 == 0: null

2018-12-14 01:16:11 - [TEST_STEP][PASSED] - Statement - CurrentDateNoFilter.applyPattern("dd"): null

2018-12-14 01:16:11 - [TEST_STEP][PASSED] - Statement - CurrentDate = CurrentDateNoFilter.format(TodayDate): null

2018-12-14 01:16:11 - [TEST_STEP][PASSED] - Statement - CurrentDate = java.lang.Integer.parseInt(CurrentDate): null

2018-12-14 01:16:11 - [TEST_STEP][PASSED] - Statement - CurrentDate = CurrentDate: null

2018-12-14 01:16:11 - [TEST_STEP][PASSED] - Statement - CurrentDay = java.lang.Integer.parseInt(CurrentDate): null

2018-12-14 01:16:11 - [TEST_STEP][PASSED] - Statement - ConfAdder = <not implemented yet for class: org.codehaus.groovy.ast.expr.EmptyExpression>: null

2018-12-14 01:16:11 - [TEST_STEP][PASSED] - Statement - out.println(CurrentMonth): null

2018-12-14 01:16:11 - [TEST_STEP][PASSED] - Statement - out.println(CurrentDate): null

2018-12-14 01:16:11 - [TEST_STEP][PASSED] - Statement - switch (CurrentDate): null

2018-12-14 01:16:11 - [TEST_STEP][PASSED] - Statement - Default: null

2018-12-14 01:16:11 - [TEST_STEP][PASSED] - Statement - ConfAdder = true: null

2018-12-14 01:16:11 - [TEST_STEP][PASSED] - Statement - Break: null

2018-12-14 01:16:11 - [TEST_STEP][PASSED] - Statement - aDayBefore = <not implemented yet for class: org.codehaus.groovy.ast.expr.EmptyExpression>: null

2018-12-14 01:16:11 - [TEST_STEP][PASSED] - Statement - out.println(ConfAdder): null

2018-12-14 01:16:11 - [TEST_STEP][PASSED] - Statement - If (ConfAdder == true): null

2018-12-14 01:16:11 - [TEST_STEP][PASSED] - Statement - aDayBefore = CurrentDay + 1: null

2018-12-14 01:16:11 - [TEST_STEP][PASSED] - Statement - out.println(aDayBefore): null

2018-12-14 01:16:11 - [TEST_STEP][PASSED] - Statement - If (aDayBefore == 1 && CurrentMonth == 11): null

2018-12-14 01:16:11 - [TEST_STEP][PASSED] - Statement - DayBefore = aDayBefore.toString(): null

2018-12-14 01:16:11 - [TEST_STEP][PASSED] - Statement - OneDayBefore = DayBefore: null

2018-12-14 01:16:11 - [MESSAGE][PASSED] - Call Test Case 'Test Cases/Final Aug 2018 - PKS Automation/Registration Module/New Registration/Form 2/Date Updater' successfully

2018-12-14 01:16:11 - [TEST_STEP][PASSED] - delay: Delayed 2 second(s)

2018-12-14 01:16:13 - [MESSAGE][PASSED] - Delayed 2 second(s)

2018-12-14 01:16:13 - [TEST_STEP][PASSED] - callTestCase: Call Test Case 'Test Cases/Final Aug 2018 - PKS Automation/Create Employer Acc/Login to Employer Account (Second time)' successfully

2018-12-14 01:16:13 - [TEST_CASE][PASSED] - Test Cases/Final Aug 2018 - PKS Automation/Create Employer Acc/Login to Employer Account (Second time): Test Cases/Final Aug 2018 - PKS Automation/Create Employer Acc/Login to Employer Account (Second time)

2018-12-14 01:16:13 - [TEST_STEP][PASSED] - openBrowser: Browser is opened with url: ''

2018-12-14 01:16:13 - [MESSAGE][WARNING] - A browser is already opened. Closing browser and opening a new one

2018-12-14 01:16:17 - [MESSAGE][PASSED] - Browser is opened with url: ''

2018-12-14 01:16:17 - [TEST_STEP][PASSED] - navigateToUrl: Navigate to 'https://assist2-uat.perkeso.gov.my/employer/login' successfully

2018-12-14 01:16:18 - [MESSAGE][PASSED] - Navigate to 'https://assist2-uat.perkeso.gov.my/employer/login' successfully

2018-12-14 01:16:18 - [TEST_STEP][PASSED] - delay: Delayed 3 second(s)

2018-12-14 01:16:21 - [MESSAGE][PASSED] - Delayed 3 second(s)

2018-12-14 01:16:21 - [TEST_STEP][PASSED] - callTestCase: Call Test Case 'Test Cases/Final Aug 2018 - PKS Automation/Create Employer Acc/Template/Employer Email Getter' successfully

2018-12-14 01:16:21 - [TEST_CASE][PASSED] - Test Cases/Final Aug 2018 - PKS Automation/Create Employer Acc/Template/Employer Email Getter: Test Cases/Final Aug 2018 - PKS Automation/Create Employer Acc/Template/Employer Email Getter

2018-12-14 01:16:21 - [TEST_STEP][PASSED] - Statement - Try: null

2018-12-14 01:16:21 - [TEST_STEP][PASSED] - Statement - EmpEmail = new java.io.File(C://Users//Admin//Desktop//PKS//Automation Reference Point//EmpEmail.txt): null

2018-12-14 01:16:21 - [TEST_STEP][PASSED] - Statement - bufferread = new java.io.BufferedReader(new java.io.FileReader(EmpEmail)): null

2018-12-14 01:16:21 - [TEST_STEP][PASSED] - Statement - readedVal = bufferread.readLine(): null

2018-12-14 01:16:21 - [TEST_STEP][PASSED] - Statement - out.println(readedVal): null

2018-12-14 01:16:21 - [TEST_STEP][PASSED] - Statement - Email = readedVal: null

2018-12-14 01:16:21 - [MESSAGE][PASSED] - Call Test Case 'Test Cases/Final Aug 2018 - PKS Automation/Create Employer Acc/Template/Employer Email Getter' successfully

2018-12-14 01:16:21 - [TEST_STEP][PASSED] - setText: Text 'perkeso387435991936@gmail.com' is set on object 'Object Repository/Final Object Repo/Login Page/External Login Page/Email'

2018-12-14 01:16:22 - [MESSAGE][PASSED] - Text 'perkeso387435991936@gmail.com' is set on object 'Object Repository/Final Object Repo/Login Page/External Login Page/Email'

2018-12-14 01:16:22 - [TEST_STEP][PASSED] - click: Object: 'Object Repository/Final Object Repo/Login Page/External Login Page/Next' is clicked on

2018-12-14 01:16:22 - [MESSAGE][PASSED] - Object: 'Object Repository/Final Object Repo/Login Page/External Login Page/Next' is clicked on

2018-12-14 01:16:22 - [TEST_STEP][PASSED] - delay: Delayed 3 second(s)

2018-12-14 01:16:25 - [MESSAGE][PASSED] - Delayed 3 second(s)

2018-12-14 01:16:25 - [TEST_STEP][PASSED] - setEncryptedText: Text ****** has been set on object 'Object Repository/Final Object Repo/Login Page/External Login Page/Password'

2018-12-14 01:16:25 - [MESSAGE][PASSED] - Text ****** has been set on object 'Object Repository/Final Object Repo/Login Page/External Login Page/Password'

2018-12-14 01:16:25 - [TEST_STEP][PASSED] - click: Object: 'Object Repository/Final Object Repo/Login Page/External Login Page/Login' is clicked on

2018-12-14 01:16:25 - [MESSAGE][PASSED] - Object: 'Object Repository/Final Object Repo/Login Page/External Login Page/Login' is clicked on

2018-12-14 01:16:25 - [TEST_STEP][PASSED] - delay: Delayed 5 second(s)

2018-12-14 01:16:30 - [MESSAGE][PASSED] - Delayed 5 second(s)

2018-12-14 01:16:30 - [MESSAGE][PASSED] - Call Test Case 'Test Cases/Final Aug 2018 - PKS Automation/Create Employer Acc/Login to Employer Account (Second time)' successfully

2018-12-14 01:16:30 - [TEST_STEP][PASSED] - delay: Delayed 4 second(s)

2018-12-14 01:16:34 - [MESSAGE][PASSED] - Delayed 4 second(s)

2018-12-14 01:16:34 - [TEST_STEP][PASSED] - Statement - Try: Delayed 2 second(s)

2018-12-14 01:16:34 - [TEST_STEP][PASSED] - Statement - Checker = false: null

2018-12-14 01:16:34 - [TEST_STEP][PASSED] - Statement - Checker = com.kms.katalon.core.webui.keyword.WebUiBuiltInKeywords.verifyElementHasAttribute(com.kms.katalon.core.testobject.ObjectRepository.findTestObject(Final Object Repo/Landing Page/BM Detecting), "href", 20, OPTIONAL): Object 'Object Repository/Final Object Repo/Landing Page/BM Detecting' has attribute 'href'

2018-12-14 01:16:34 - [MESSAGE][PASSED] - Object 'Object Repository/Final Object Repo/Landing Page/BM Detecting' has attribute 'href'

2018-12-14 01:16:34 - [TEST_STEP][PASSED] - Statement - out.println(Checker): null

2018-12-14 01:16:34 - [TEST_STEP][PASSED] - Statement - If (Checker == false): null

2018-12-14 01:16:34 - [TEST_STEP][PASSED] - Statement - Else: null

2018-12-14 01:16:34 - [TEST_STEP][PASSED] - delay: Delayed 2 second(s)

2018-12-14 01:16:36 - [MESSAGE][PASSED] - Delayed 2 second(s)

2018-12-14 01:16:36 - [TEST_STEP][PASSED] - delay: Delayed 4 second(s)

2018-12-14 01:16:40 - [MESSAGE][PASSED] - Delayed 4 second(s)

2018-12-14 01:16:40 - [TEST_STEP][PASSED] - click: Object: 'Object Repository/Final Object Repo/Page_Update Add New Employee - ASSIST/My Sites Drop Down' is clicked on

2018-12-14 01:16:41 - [MESSAGE][PASSED] - Object: 'Object Repository/Final Object Repo/Page_Update Add New Employee - ASSIST/My Sites Drop Down' is clicked on

2018-12-14 01:16:41 - [TEST_STEP][PASSED] - click: Object: 'Object Repository/Final Object Repo/Page_Update Add New Employee - ASSIST/Select to Registration Module' is clicked on

2018-12-14 01:16:45 - [MESSAGE][PASSED] - Object: 'Object Repository/Final Object Repo/Page_Update Add New Employee - ASSIST/Select to Registration Module' is clicked on

2018-12-14 01:16:45 - [TEST_STEP][PASSED] - navigateToUrl: Navigate to 'https://assist2-uat.perkeso.gov.my/web/registration/myassist' successfully

2018-12-14 01:16:49 - [MESSAGE][PASSED] - Navigate to 'https://assist2-uat.perkeso.gov.my/web/registration/myassist' successfully

2018-12-14 01:16:49 - [TEST_STEP][PASSED] - mouseOver: Object: 'Object Repository/Final Object Repo/Page_Update Add New Employee - ASSIST/Select to Update Akta 4 Tab' is hovered

2018-12-14 01:16:49 - [MESSAGE][PASSED] - Object: 'Object Repository/Final Object Repo/Page_Update Add New Employee - ASSIST/Select to Update Akta 4 Tab' is hovered

2018-12-14 01:16:49 - [TEST_STEP][PASSED] - delay: Delayed 2 second(s)

2018-12-14 01:16:51 - [MESSAGE][PASSED] - Delayed 2 second(s)

2018-12-14 01:16:51 - [TEST_STEP][PASSED] - click: Object: 'Object Repository/Final Object Repo/Page_Update Add New Employee - ASSIST/Select to Update Add New Employee' is clicked on

2018-12-14 01:16:52 - [MESSAGE][PASSED] - Object: 'Object Repository/Final Object Repo/Page_Update Add New Employee - ASSIST/Select to Update Add New Employee' is clicked on

2018-12-14 01:16:52 - [TEST_STEP][PASSED] - delay: Delayed 2 second(s)

2018-12-14 01:16:54 - [MESSAGE][PASSED] - Delayed 2 second(s)

2018-12-14 01:16:54 - [TEST_STEP][PASSED] - setText: Text 'E1102070879X' is set on object 'Object Repository/Final Object Repo/Page_Update Add New Employee - ASSIST/Employer Code input textbox'

2018-12-14 01:16:54 - [MESSAGE][PASSED] - Text 'E1102070879X' is set on object 'Object Repository/Final Object Repo/Page_Update Add New Employee - ASSIST/Employer Code input textbox'

2018-12-14 01:16:54 - [TEST_STEP][PASSED] - delay: Delayed 2 second(s)

2018-12-14 01:16:56 - [MESSAGE][PASSED] - Delayed 2 second(s)

2018-12-14 01:16:56 - [TEST_STEP][PASSED] - click: Object: 'Object Repository/Final Object Repo/Page_Update Add New Employee - ASSIST/Search Button for Employer Code' is clicked on

2018-12-14 01:16:56 - [MESSAGE][PASSED] - Object: 'Object Repository/Final Object Repo/Page_Update Add New Employee - ASSIST/Search Button for Employer Code' is clicked on

2018-12-14 01:16:56 - [TEST_STEP][PASSED] - delay: Delayed 4 second(s)

2018-12-14 01:17:00 - [MESSAGE][PASSED] - Delayed 4 second(s)

2018-12-14 01:17:00 - [TEST_STEP][PASSED] - click: Object: 'Object Repository/Final Object Repo/Page_Update Add New Employee - ASSIST/Click to Edit Case' is clicked on

2018-12-14 01:17:02 - [MESSAGE][PASSED] - Object: 'Object Repository/Final Object Repo/Page_Update Add New Employee - ASSIST/Click to Edit Case' is clicked on

2018-12-14 01:17:02 - [TEST_STEP][PASSED] - callTestCase: Call Test Case 'Test Cases/Final Aug 2018 - PKS Automation/Registration Module/Workflow/Update Add New Employee/Template/Employee Adding/Employee Adding Action liability date change - Employer Access' successfully

2018-12-14 01:17:02 - [TEST_CASE][PASSED] - Test Cases/Final Aug 2018 - PKS Automation/Registration Module/Workflow/Update Add New Employee/Template/Employee Adding/Employee Adding Action liability date change - Employer Access: Test Cases/Final Aug 2018 - PKS Automation/Registration Module/Workflow/Update Add New Employee/Template/Employee Adding/Employee Adding Action liability date change - Employer Access

2018-12-14 01:17:02 - [TEST_STEP][PASSED] - delay: Delayed 4 second(s)

2018-12-14 01:17:06 - [MESSAGE][PASSED] - Delayed 4 second(s)

2018-12-14 01:17:06 - [TEST_STEP][PASSED] - click: Object: 'Object Repository/Final Object Repo/Page_Update Add New Employee - ASSIST/Add Employee Button' is clicked on

2018-12-14 01:17:07 - [MESSAGE][PASSED] - Object: 'Object Repository/Final Object Repo/Page_Update Add New Employee - ASSIST/Add Employee Button' is clicked on

2018-12-14 01:17:07 - [TEST_STEP][PASSED] - delay: Delayed 3 second(s)

2018-12-14 01:17:10 - [MESSAGE][PASSED] - Delayed 3 second(s)

2018-12-14 01:17:10 - [TEST_STEP][PASSED] - setText: Text '830081009219' is set on object 'Object Repository/Final Object Repo/Page_Update Add New Employee - ASSIST/NRIC Input'

2018-12-14 01:17:10 - [MESSAGE][PASSED] - Text '830081009219' is set on object 'Object Repository/Final Object Repo/Page_Update Add New Employee - ASSIST/NRIC Input'

2018-12-14 01:17:10 - [TEST_STEP][PASSED] - delay: Delayed 2 second(s)

2018-12-14 01:17:12 - [MESSAGE][PASSED] - Delayed 2 second(s)

2018-12-14 01:17:12 - [TEST_STEP][PASSED] - setText: Text 'Automate002 Employee eligible 1' is set on object 'Object Repository/Final Object Repo/Page_Update Add New Employee - ASSIST/Employee Name Input'

2018-12-14 01:17:13 - [MESSAGE][PASSED] - Text 'Automate002 Employee eligible 1' is set on object 'Object Repository/Final Object Repo/Page_Update Add New Employee - ASSIST/Employee Name Input'

2018-12-14 01:17:13 - [TEST_STEP][PASSED] - delay: Delayed 2 second(s)

2018-12-14 01:17:15 - [MESSAGE][PASSED] - Delayed 2 second(s)

2018-12-14 01:17:15 - [TEST_STEP][PASSED] - click: Object: 'Object Repository/Final Object Repo/Page_Update Add New Employee - ASSIST/DatePicker Pop Up' is clicked on

2018-12-14 01:17:15 - [MESSAGE][PASSED] - Object: 'Object Repository/Final Object Repo/Page_Update Add New Employee - ASSIST/DatePicker Pop Up' is clicked on

2018-12-14 01:17:15 - [TEST_STEP][PASSED] - click: Object: 'Object Repository/Final Object Repo/Page_Update Add New Employee - ASSIST/DOB Month' is clicked on

2018-12-14 01:17:15 - [MESSAGE][PASSED] - Object: 'Object Repository/Final Object Repo/Page_Update Add New Employee - ASSIST/DOB Month' is clicked on

2018-12-14 01:17:15 - [TEST_STEP][PASSED] - Statement - CurrentMonth = CurrentMonth: null

2018-12-14 01:17:15 - [TEST_STEP][PASSED] - Statement - selectMonth = new com.kms.katalon.core.testobject.TestObject(): null

2018-12-14 01:17:15 - [TEST_STEP][PASSED] - Statement - selectMonth.addProperty("xpath", EQUALS, "//body/div/div/div/select/option[@value='" + CurrentMonth + "']", true): null

2018-12-14 01:17:15 - [TEST_STEP][PASSED] - click: Object: '' is clicked on

2018-12-14 01:17:15 - [MESSAGE][PASSED] - Object: '' is clicked on

2018-12-14 01:17:15 - [TEST_STEP][PASSED] - click: Object: 'Object Repository/Final Object Repo/Page_Update Add New Employee - ASSIST/DOB Year' is clicked on

2018-12-14 01:17:15 - [MESSAGE][PASSED] - Object: 'Object Repository/Final Object Repo/Page_Update Add New Employee - ASSIST/DOB Year' is clicked on

2018-12-14 01:17:15 - [TEST_STEP][PASSED] - Statement - Eyearsbf = EighteenYrsBefore: null

2018-12-14 01:17:15 - [TEST_STEP][PASSED] - Statement - selectYear = new com.kms.katalon.core.testobject.TestObject(): null

2018-12-14 01:17:15 - [TEST_STEP][PASSED] - Statement - selectYear.addProperty("xpath", EQUALS, "//div/div/div/select/option[@value='" + Eyearsbf + "']", true): null

2018-12-14 01:17:15 - [TEST_STEP][PASSED] - click: Object: '' is clicked on

2018-12-14 01:17:15 - [MESSAGE][PASSED] - Object: '' is clicked on

2018-12-14 01:17:15 - [TEST_STEP][PASSED] - Statement - UpdatedSelectDate = com.kms.katalon.core.webui.keyword.WebUiBuiltInKeywords.modifyObjectProperty(com.kms.katalon.core.testobject.ObjectRepository.findTestObject(Final Object Repo/Page_Update Add New Employee - ASSIST/DOB Date), "xpath", "equals", "//body/div/table/tbody/tr/td/a[text()="" + CurrentDate + ""]", true): Modify property of object successfully

2018-12-14 01:17:15 - [MESSAGE][PASSED] - Modify property of object successfully

2018-12-14 01:17:15 - [TEST_STEP][PASSED] - delay: Delayed 3 second(s)

2018-12-14 01:17:18 - [MESSAGE][PASSED] - Delayed 3 second(s)

2018-12-14 01:17:18 - [TEST_STEP][PASSED] - click: Object: 'Object Repository/Final Object Repo/Page_Update Add New Employee - ASSIST/DOB Date' is clicked on

2018-12-14 01:17:19 - [MESSAGE][PASSED] - Object: 'Object Repository/Final Object Repo/Page_Update Add New Employee - ASSIST/DOB Date' is clicked on

2018-12-14 01:17:19 - [TEST_STEP][PASSED] - delay: Delayed 2 second(s)

2018-12-14 01:17:21 - [MESSAGE][PASSED] - Delayed 2 second(s)

2018-12-14 01:17:21 - [TEST_STEP][PASSED] - click: Object: 'Object Repository/Final Object Repo/Page_Update Add New Employee - ASSIST/EmploymentStartDate Pop Up' is clicked on

2018-12-14 01:17:21 - [MESSAGE][PASSED] - Object: 'Object Repository/Final Object Repo/Page_Update Add New Employee - ASSIST/EmploymentStartDate Pop Up' is clicked on

2018-12-14 01:17:21 - [TEST_STEP][PASSED] - delay: Delayed 2 second(s)

2018-12-14 01:17:23 - [MESSAGE][PASSED] - Delayed 2 second(s)

2018-12-14 01:17:23 - [TEST_STEP][PASSED] - click: Object: 'Object Repository/Final Object Repo/Page_Update Add New Employee - ASSIST/Socso Employment StartDate Month' is clicked on

2018-12-14 01:17:23 - [MESSAGE][PASSED] - Object: 'Object Repository/Final Object Repo/Page_Update Add New Employee - ASSIST/Socso Employment StartDate Month' is clicked on

2018-12-14 01:17:23 - [TEST_STEP][PASSED] - delay: Delayed 1 second(s)

2018-12-14 01:17:24 - [MESSAGE][PASSED] - Delayed 1 second(s)

2018-12-14 01:17:24 - [TEST_STEP][PASSED] - click: Object: 'Object Repository/Final Object Repo/Page_Update Add New Employee - ASSIST/Select Socso Employement Startdate Month' is clicked on

2018-12-14 01:17:24 - [MESSAGE][PASSED] - Object: 'Object Repository/Final Object Repo/Page_Update Add New Employee - ASSIST/Select Socso Employement Startdate Month' is clicked on

2018-12-14 01:17:24 - [TEST_STEP][PASSED] - delay: Delayed 2 second(s)

2018-12-14 01:17:26 - [MESSAGE][PASSED] - Delayed 2 second(s)

2018-12-14 01:17:26 - [TEST_STEP][PASSED] - click: Object: 'Object Repository/Final Object Repo/Page_Update Add New Employee - ASSIST/Socso Employment StartDate Year' is clicked on

2018-12-14 01:17:26 - [MESSAGE][PASSED] - Object: 'Object Repository/Final Object Repo/Page_Update Add New Employee - ASSIST/Socso Employment StartDate Year' is clicked on

2018-12-14 01:17:26 - [TEST_STEP][PASSED] - delay: Delayed 1 second(s)

2018-12-14 01:17:27 - [MESSAGE][PASSED] - Delayed 1 second(s)

2018-12-14 01:17:27 - [TEST_STEP][PASSED] - click: Object: 'Object Repository/Final Object Repo/Page_Update Add New Employee - ASSIST/Select Socso Employment Startdate Year - Emp Update Add New' is clicked on

2018-12-14 01:17:27 - [MESSAGE][PASSED] - Object: 'Object Repository/Final Object Repo/Page_Update Add New Employee - ASSIST/Select Socso Employment Startdate Year - Emp Update Add New' is clicked on

2018-12-14 01:17:27 - [TEST_STEP][PASSED] - delay: Delayed 2 second(s)

2018-12-14 01:17:29 - [MESSAGE][PASSED] - Delayed 2 second(s)

2018-12-14 01:17:29 - [TEST_STEP][PASSED] - click: Object: 'Object Repository/Final Object Repo/Page_Update Add New Employee - ASSIST/Socso Employment Start Date Day' is clicked on

2018-12-14 01:17:30 - [MESSAGE][PASSED] - Object: 'Object Repository/Final Object Repo/Page_Update Add New Employee - ASSIST/Socso Employment Start Date Day' is clicked on

2018-12-14 01:17:30 - [TEST_STEP][PASSED] - delay: Delayed 2 second(s)

2018-12-14 01:17:32 - [MESSAGE][PASSED] - Delayed 2 second(s)

2018-12-14 01:17:32 - [TEST_STEP][PASSED] - click: Object: 'Object Repository/Final Object Repo/Page_Update Add New Employee - ASSIST/Save Button for Add Employee' is clicked on

2018-12-14 01:17:32 - [MESSAGE][PASSED] - Object: 'Object Repository/Final Object Repo/Page_Update Add New Employee - ASSIST/Save Button for Add Employee' is clicked on

2018-12-14 01:17:32 - [MESSAGE][PASSED] - Call Test Case 'Test Cases/Final Aug 2018 - PKS Automation/Registration Module/Workflow/Update Add New Employee/Template/Employee Adding/Employee Adding Action liability date change - Employer Access' successfully

2018-12-14 01:17:32 - [TEST_STEP][PASSED] - delay: Delayed 4 second(s)

2018-12-14 01:17:36 - [MESSAGE][PASSED] - Delayed 4 second(s)

2018-12-14 01:17:36 - [TEST_STEP][PASSED] - Statement - CaseReferenceNo = com.kms.katalon.core.webui.keyword.WebUiBuiltInKeywords.getText(com.kms.katalon.core.testobject.ObjectRepository.findTestObject(Final Object Repo/Page_Update Add New Employee - ASSIST/RefNo)): Text of object 'Object Repository/Final Object Repo/Page_Update Add New Employee - ASSIST/RefNo' is: 'CAN12201800002351'

2018-12-14 01:17:36 - [MESSAGE][PASSED] - Text of object 'Object Repository/Final Object Repo/Page_Update Add New Employee - ASSIST/RefNo' is: 'CAN12201800002351'

2018-12-14 01:17:36 - [TEST_STEP][PASSED] - callTestCase: Call Test Case 'Test Cases/Final Aug 2018 - PKS Automation/Common/Reference Number Setter' successfully

2018-12-14 01:17:36 - [TEST_CASE][PASSED] - Test Cases/Final Aug 2018 - PKS Automation/Common/Reference Number Setter: Test Cases/Final Aug 2018 - PKS Automation/Common/Reference Number Setter

2018-12-14 01:17:36 - [TEST_STEP][PASSED] - Statement - RefNoOldFile = new java.io.File(C://Users//Admin//Desktop//PKS//Automation Reference Point//KatalonReference.txt): null

2018-12-14 01:17:36 - [TEST_STEP][PASSED] - Statement - RefNoOldFile.delete(): null

2018-12-14 01:17:36 - [TEST_STEP][PASSED] - delay: Delayed 5 second(s)

2018-12-14 01:17:41 - [MESSAGE][PASSED] - Delayed 5 second(s)

2018-12-14 01:17:41 - [TEST_STEP][PASSED] - Statement - RefNo = new java.io.File(C://Users//Admin//Desktop//PKS//Automation Reference Point//KatalonReference.txt): null

2018-12-14 01:17:41 - [TEST_STEP][PASSED] - Statement - f2 = new java.io.FileWriter(RefNo, false): null

2018-12-14 01:17:41 - [TEST_STEP][PASSED] - Statement - f2.write(CaseReferenceNo): null

2018-12-14 01:17:41 - [TEST_STEP][PASSED] - Statement - f2.close(): null

2018-12-14 01:17:41 - [TEST_STEP][PASSED] - Statement - out.println("


" + CaseReferenceNo + "


"): null

2018-12-14 01:17:41 - [MESSAGE][PASSED] - Call Test Case 'Test Cases/Final Aug 2018 - PKS Automation/Common/Reference Number Setter' successfully

2018-12-14 01:17:41 - [TEST_STEP][PASSED] - delay: Delayed 5 second(s)

2018-12-14 01:17:46 - [MESSAGE][PASSED] - Delayed 5 second(s)

2018-12-14 01:17:46 - [TEST_STEP][PASSED] - click: Object: 'Object Repository/Final Object Repo/Page_Update Add New Employee - ASSIST/Save  Continue Button' is clicked on

2018-12-14 01:17:46 - [MESSAGE][PASSED] - Object: 'Object Repository/Final Object Repo/Page_Update Add New Employee - ASSIST/Save  Continue Button' is clicked on

2018-12-14 01:17:46 - [TEST_STEP][PASSED] - delay: Delayed 5 second(s)

2018-12-14 01:17:51 - [MESSAGE][PASSED] - Delayed 5 second(s)

2018-12-14 01:17:51 - [TEST_STEP][PASSED] - click: Object: 'Object Repository/Final Object Repo/Page_Update Add New Employee - ASSIST/Save  Continue Third Screen' is clicked on

2018-12-14 01:17:54 - [MESSAGE][PASSED] - Object: 'Object Repository/Final Object Repo/Page_Update Add New Employee - ASSIST/Save  Continue Third Screen' is clicked on

2018-12-14 01:17:54 - [TEST_STEP][PASSED] - delay: Delayed 4 second(s)

2018-12-14 01:17:58 - [MESSAGE][PASSED] - Delayed 4 second(s)

2018-12-14 01:17:58 - [TEST_STEP][PASSED] - click: Object: 'Object Repository/Final Object Repo/Page_Update Add New Employee - ASSIST/Save   Continue Supporting Doc Page' is clicked on

2018-12-14 01:17:58 - [MESSAGE][PASSED] - Object: 'Object Repository/Final Object Repo/Page_Update Add New Employee - ASSIST/Save   Continue Supporting Doc Page' is clicked on

2018-12-14 01:17:58 - [TEST_STEP][PASSED] - delay: Delayed 4 second(s)

2018-12-14 01:18:02 - [MESSAGE][PASSED] - Delayed 4 second(s)

2018-12-14 01:18:02 - [TEST_STEP][PASSED] - click: Object: 'Object Repository/Final Object Repo/Page_Update Add New Employee - ASSIST/Submit Button' is clicked on

2018-12-14 01:18:02 - [MESSAGE][PASSED] - Object: 'Object Repository/Final Object Repo/Page_Update Add New Employee - ASSIST/Submit Button' is clicked on

2018-12-14 01:18:02 - [TEST_STEP][PASSED] - delay: Delayed 4 second(s)

2018-12-14 01:18:06 - [MESSAGE][PASSED] - Delayed 4 second(s)

2018-12-14 01:18:06 - [TEST_STEP][PASSED] - click: Object: 'Object Repository/Final Object Repo/Page_Update Add New Employee - ASSIST/Confirm Submit Button' is clicked on

2018-12-14 01:18:07 - [MESSAGE][PASSED] - Object: 'Object Repository/Final Object Repo/Page_Update Add New Employee - ASSIST/Confirm Submit Button' is clicked on

2018-12-14 01:18:07 - [TEST_STEP][PASSED] - delay: Delayed 30 second(s)

2018-12-14 01:18:37 - [MESSAGE][PASSED] - Delayed 30 second(s)

2018-12-14 01:18:37 - [TEST_STEP][PASSED] - callTestCase: Call Test Case 'Test Cases/Final Aug 2018 - PKS Automation/Common/Screenshoting tool' successfully

2018-12-14 01:18:37 - [TEST_CASE][PASSED] - Test Cases/Final Aug 2018 - PKS Automation/Common/Screenshoting tool: Test Cases/Final Aug 2018 - PKS Automation/Common/Screenshoting tool

2018-12-14 01:18:37 - [TEST_STEP][PASSED] - delay: Delayed 15 second(s)

2018-12-14 01:18:52 - [MESSAGE][PASSED] - Delayed 15 second(s)

2018-12-14 01:18:52 - [TEST_STEP][PASSED] - Statement - driver = com.kms.katalon.core.webui.driver.DriverFactory.getWebDriver(): null

2018-12-14 01:18:52 - [TEST_STEP][PASSED] - Statement - driver.manage().timeouts().implicitlyWait(10, SECONDS): null

2018-12-14 01:18:52 - [TEST_STEP][PASSED] - Statement - PresavePath = KatalonScreenshots: null

2018-12-14 01:18:52 - [TEST_STEP][PASSED] - Statement - pathPrefix = "C:\Users\Public\Pictures\Sample Pictures\Katalon Screenshots\Automate Ending Screen": null

2018-12-14 01:18:52 - [TEST_STEP][PASSED] - Statement - finalPath = <not implemented yet for class: org.codehaus.groovy.ast.expr.EmptyExpression>: null

2018-12-14 01:18:52 - [TEST_STEP][PASSED] - Statement - scrFile = driver.getScreenshotAs(FILE): null

2018-12-14 01:18:52 - [TEST_STEP][PASSED] - Statement - PreSaveFile = new java.io.File(PresavePath): null

2018-12-14 01:18:52 - [TEST_STEP][PASSED] - Statement - counter = 0: null

2018-12-14 01:18:52 - [TEST_STEP][PASSED] - Statement - If (PreSaveFile.exists()): null

2018-12-14 01:18:52 - [TEST_STEP][PASSED] - Statement - While (PreSaveFile.exists()): null

2018-12-14 01:18:52 - [TEST_STEP][PASSED] - Statement - counter = counter + 1: null

2018-12-14 01:18:52 - [TEST_STEP][PASSED] - Statement - PreSaveFile = new java.io.File(((pathPrefix + java.lang.Integer.toString(counter)) + .png)): null

2018-12-14 01:18:52 - [TEST_STEP][PASSED] - Statement - counter = counter + 1: null

2018-12-14 01:18:52 - [TEST_STEP][PASSED] - Statement - PreSaveFile = new java.io.File(((pathPrefix + java.lang.Integer.toString(counter)) + .png)): null

2018-12-14 01:18:52 - [TEST_STEP][PASSED] - Statement - counter = counter + 1: null

2018-12-14 01:18:52 - [TEST_STEP][PASSED] - Statement - PreSaveFile = new java.io.File(((pathPrefix + java.lang.Integer.toString(counter)) + .png)): null

2018-12-14 01:18:52 - [TEST_STEP][PASSED] - Statement - counter = counter + 1: null

2018-12-14 01:18:52 - [TEST_STEP][PASSED] - Statement - PreSaveFile = new java.io.File(((pathPrefix + java.lang.Integer.toString(counter)) + .png)): null

2018-12-14 01:18:52 - [TEST_STEP][PASSED] - Statement - counter = counter + 1: null

2018-12-14 01:18:52 - [TEST_STEP][PASSED] - Statement - PreSaveFile = new java.io.File(((pathPrefix + java.lang.Integer.toString(counter)) + .png)): null

2018-12-14 01:18:52 - [TEST_STEP][PASSED] - Statement - counter = counter + 1: null

2018-12-14 01:18:52 - [TEST_STEP][PASSED] - Statement - PreSaveFile = new java.io.File(((pathPrefix + java.lang.Integer.toString(counter)) + .png)): null

2018-12-14 01:18:52 - [TEST_STEP][PASSED] - Statement - counter = counter + 1: null

2018-12-14 01:18:52 - [TEST_STEP][PASSED] - Statement - PreSaveFile = new java.io.File(((pathPrefix + java.lang.Integer.toString(counter)) + .png)): null

2018-12-14 01:18:52 - [TEST_STEP][PASSED] - Statement - counter = counter + 1: null

2018-12-14 01:18:52 - [TEST_STEP][PASSED] - Statement - PreSaveFile = new java.io.File(((pathPrefix + java.lang.Integer.toString(counter)) + .png)): null

2018-12-14 01:18:52 - [TEST_STEP][PASSED] - Statement - counter = counter + 1: null

2018-12-14 01:18:52 - [TEST_STEP][PASSED] - Statement - PreSaveFile = new java.io.File(((pathPrefix + java.lang.Integer.toString(counter)) + .png)): null

2018-12-14 01:18:52 - [TEST_STEP][PASSED] - Statement - counter = counter + 1: null

2018-12-14 01:18:52 - [TEST_STEP][PASSED] - Statement - PreSaveFile = new java.io.File(((pathPrefix + java.lang.Integer.toString(counter)) + .png)): null

2018-12-14 01:18:52 - [TEST_STEP][PASSED] - Statement - counter = counter + 1: null

2018-12-14 01:18:52 - [TEST_STEP][PASSED] - Statement - PreSaveFile = new java.io.File(((pathPrefix + java.lang.Integer.toString(counter)) + .png)): null

2018-12-14 01:18:52 - [TEST_STEP][PASSED] - Statement - counter = counter + 1: null

2018-12-14 01:18:52 - [TEST_STEP][PASSED] - Statement - PreSaveFile = new java.io.File(((pathPrefix + java.lang.Integer.toString(counter)) + .png)): null

2018-12-14 01:18:52 - [TEST_STEP][PASSED] - Statement - counter = counter + 1: null

2018-12-14 01:18:52 - [TEST_STEP][PASSED] - Statement - PreSaveFile = new java.io.File(((pathPrefix + java.lang.Integer.toString(counter)) + .png)): null

2018-12-14 01:18:52 - [TEST_STEP][PASSED] - Statement - counter = counter + 1: null

2018-12-14 01:18:52 - [TEST_STEP][PASSED] - Statement - PreSaveFile = new java.io.File(((pathPrefix + java.lang.Integer.toString(counter)) + .png)): null

2018-12-14 01:18:52 - [TEST_STEP][PASSED] - Statement - counter = counter + 1: null

2018-12-14 01:18:52 - [TEST_STEP][PASSED] - Statement - PreSaveFile = new java.io.File(((pathPrefix + java.lang.Integer.toString(counter)) + .png)): null

2018-12-14 01:18:52 - [TEST_STEP][PASSED] - Statement - counter = counter + 1: null

2018-12-14 01:18:52 - [TEST_STEP][PASSED] - Statement - PreSaveFile = new java.io.File(((pathPrefix + java.lang.Integer.toString(counter)) + .png)): null

2018-12-14 01:18:52 - [TEST_STEP][PASSED] - Statement - counter = counter + 1: null

2018-12-14 01:18:52 - [TEST_STEP][PASSED] - Statement - PreSaveFile = new java.io.File(((pathPrefix + java.lang.Integer.toString(counter)) + .png)): null

2018-12-14 01:18:52 - [TEST_STEP][PASSED] - Statement - counter = counter + 1: null

2018-12-14 01:18:52 - [TEST_STEP][PASSED] - Statement - PreSaveFile = new java.io.File(((pathPrefix + java.lang.Integer.toString(counter)) + .png)): null

2018-12-14 01:18:52 - [TEST_STEP][PASSED] - Statement - counter = counter + 1: null

2018-12-14 01:18:52 - [TEST_STEP][PASSED] - Statement - PreSaveFile = new java.io.File(((pathPrefix + java.lang.Integer.toString(counter)) + .png)): null

2018-12-14 01:18:52 - [TEST_STEP][PASSED] - Statement - counter = counter + 1: null

2018-12-14 01:18:52 - [TEST_STEP][PASSED] - Statement - PreSaveFile = new java.io.File(((pathPrefix + java.lang.Integer.toString(counter)) + .png)): null

2018-12-14 01:18:52 - [TEST_STEP][PASSED] - Statement - counter = counter + 1: null

2018-12-14 01:18:52 - [TEST_STEP][PASSED] - Statement - PreSaveFile = new java.io.File(((pathPrefix + java.lang.Integer.toString(counter)) + .png)): null

2018-12-14 01:18:52 - [TEST_STEP][PASSED] - Statement - counter = counter + 1: null

2018-12-14 01:18:52 - [TEST_STEP][PASSED] - Statement - PreSaveFile = new java.io.File(((pathPrefix + java.lang.Integer.toString(counter)) + .png)): null

2018-12-14 01:18:52 - [TEST_STEP][PASSED] - Statement - counter = counter + 1: null

2018-12-14 01:18:52 - [TEST_STEP][PASSED] - Statement - PreSaveFile = new java.io.File(((pathPrefix + java.lang.Integer.toString(counter)) + .png)): null

2018-12-14 01:18:52 - [TEST_STEP][PASSED] - Statement - counter = counter + 1: null

2018-12-14 01:18:52 - [TEST_STEP][PASSED] - Statement - PreSaveFile = new java.io.File(((pathPrefix + java.lang.Integer.toString(counter)) + .png)): null

2018-12-14 01:18:52 - [TEST_STEP][PASSED] - Statement - counter = counter + 1: null

2018-12-14 01:18:52 - [TEST_STEP][PASSED] - Statement - PreSaveFile = new java.io.File(((pathPrefix + java.lang.Integer.toString(counter)) + .png)): null

2018-12-14 01:18:52 - [TEST_STEP][PASSED] - Statement - counter = counter + 1: null

2018-12-14 01:18:52 - [TEST_STEP][PASSED] - Statement - PreSaveFile = new java.io.File(((pathPrefix + java.lang.Integer.toString(counter)) + .png)): null

2018-12-14 01:18:52 - [TEST_STEP][PASSED] - Statement - counter = counter + 1: null

2018-12-14 01:18:52 - [TEST_STEP][PASSED] - Statement - PreSaveFile = new java.io.File(((pathPrefix + java.lang.Integer.toString(counter)) + .png)): null

2018-12-14 01:18:52 - [TEST_STEP][PASSED] - Statement - counter = counter + 1: null

2018-12-14 01:18:52 - [TEST_STEP][PASSED] - Statement - PreSaveFile = new java.io.File(((pathPrefix + java.lang.Integer.toString(counter)) + .png)): null

2018-12-14 01:18:52 - [TEST_STEP][PASSED] - Statement - counter = counter + 1: null

2018-12-14 01:18:52 - [TEST_STEP][PASSED] - Statement - PreSaveFile = new java.io.File(((pathPrefix + java.lang.Integer.toString(counter)) + .png)): null

2018-12-14 01:18:52 - [TEST_STEP][PASSED] - Statement - counter = counter + 1: null

2018-12-14 01:18:52 - [TEST_STEP][PASSED] - Statement - PreSaveFile = new java.io.File(((pathPrefix + java.lang.Integer.toString(counter)) + .png)): null

2018-12-14 01:18:52 - [TEST_STEP][PASSED] - Statement - counter = counter + 1: null

2018-12-14 01:18:52 - [TEST_STEP][PASSED] - Statement - PreSaveFile = new java.io.File(((pathPrefix + java.lang.Integer.toString(counter)) + .png)): null

2018-12-14 01:18:52 - [TEST_STEP][PASSED] - Statement - counter = counter + 1: null

2018-12-14 01:18:52 - [TEST_STEP][PASSED] - Statement - PreSaveFile = new java.io.File(((pathPrefix + java.lang.Integer.toString(counter)) + .png)): null

2018-12-14 01:18:52 - [TEST_STEP][PASSED] - Statement - counter = counter + 1: null

2018-12-14 01:18:52 - [TEST_STEP][PASSED] - Statement - PreSaveFile = new java.io.File(((pathPrefix + java.lang.Integer.toString(counter)) + .png)): null

2018-12-14 01:18:52 - [TEST_STEP][PASSED] - Statement - counter = counter + 1: null

2018-12-14 01:18:52 - [TEST_STEP][PASSED] - Statement - PreSaveFile = new java.io.File(((pathPrefix + java.lang.Integer.toString(counter)) + .png)): null

2018-12-14 01:18:52 - [TEST_STEP][PASSED] - Statement - counter = counter + 1: null

2018-12-14 01:18:52 - [TEST_STEP][PASSED] - Statement - PreSaveFile = new java.io.File(((pathPrefix + java.lang.Integer.toString(counter)) + .png)): null

2018-12-14 01:18:52 - [TEST_STEP][PASSED] - Statement - counter = counter + 1: null

2018-12-14 01:18:52 - [TEST_STEP][PASSED] - Statement - PreSaveFile = new java.io.File(((pathPrefix + java.lang.Integer.toString(counter)) + .png)): null

2018-12-14 01:18:52 - [TEST_STEP][PASSED] - Statement - counter = counter + 1: null

2018-12-14 01:18:52 - [TEST_STEP][PASSED] - Statement - PreSaveFile = new java.io.File(((pathPrefix + java.lang.Integer.toString(counter)) + .png)): null

2018-12-14 01:18:52 - [TEST_STEP][PASSED] - Statement - counter = counter + 1: null

2018-12-14 01:18:52 - [TEST_STEP][PASSED] - Statement - PreSaveFile = new java.io.File(((pathPrefix + java.lang.Integer.toString(counter)) + .png)): null

2018-12-14 01:18:52 - [TEST_STEP][PASSED] - Statement - counter = counter + 1: null

2018-12-14 01:18:52 - [TEST_STEP][PASSED] - Statement - PreSaveFile = new java.io.File(((pathPrefix + java.lang.Integer.toString(counter)) + .png)): null

2018-12-14 01:18:52 - [TEST_STEP][PASSED] - Statement - counter = counter + 1: null

2018-12-14 01:18:52 - [TEST_STEP][PASSED] - Statement - PreSaveFile = new java.io.File(((pathPrefix + java.lang.Integer.toString(counter)) + .png)): null

2018-12-14 01:18:52 - [TEST_STEP][PASSED] - Statement - counter = counter + 1: null

2018-12-14 01:18:52 - [TEST_STEP][PASSED] - Statement - PreSaveFile = new java.io.File(((pathPrefix + java.lang.Integer.toString(counter)) + .png)): null

2018-12-14 01:18:52 - [TEST_STEP][PASSED] - Statement - counter = counter + 1: null

2018-12-14 01:18:52 - [TEST_STEP][PASSED] - Statement - PreSaveFile = new java.io.File(((pathPrefix + java.lang.Integer.toString(counter)) + .png)): null

2018-12-14 01:18:52 - [TEST_STEP][PASSED] - Statement - counter = counter + 1: null

2018-12-14 01:18:52 - [TEST_STEP][PASSED] - Statement - PreSaveFile = new java.io.File(((pathPrefix + java.lang.Integer.toString(counter)) + .png)): null

2018-12-14 01:18:52 - [TEST_STEP][PASSED] - Statement - counter = counter + 1: null

2018-12-14 01:18:52 - [TEST_STEP][PASSED] - Statement - PreSaveFile = new java.io.File(((pathPrefix + java.lang.Integer.toString(counter)) + .png)): null

2018-12-14 01:18:52 - [TEST_STEP][PASSED] - Statement - counter = counter + 1: null

2018-12-14 01:18:52 - [TEST_STEP][PASSED] - Statement - PreSaveFile = new java.io.File(((pathPrefix + java.lang.Integer.toString(counter)) + .png)): null

2018-12-14 01:18:52 - [TEST_STEP][PASSED] - Statement - counter = counter + 1: null

2018-12-14 01:18:52 - [TEST_STEP][PASSED] - Statement - PreSaveFile = new java.io.File(((pathPrefix + java.lang.Integer.toString(counter)) + .png)): null

2018-12-14 01:18:52 - [TEST_STEP][PASSED] - Statement - counter = counter + 1: null

2018-12-14 01:18:52 - [TEST_STEP][PASSED] - Statement - PreSaveFile = new java.io.File(((pathPrefix + java.lang.Integer.toString(counter)) + .png)): null

2018-12-14 01:18:52 - [TEST_STEP][PASSED] - Statement - counter = counter + 1: null

2018-12-14 01:18:52 - [TEST_STEP][PASSED] - Statement - PreSaveFile = new java.io.File(((pathPrefix + java.lang.Integer.toString(counter)) + .png)): null

2018-12-14 01:18:52 - [TEST_STEP][PASSED] - Statement - counter = counter + 1: null

2018-12-14 01:18:52 - [TEST_STEP][PASSED] - Statement - PreSaveFile = new java.io.File(((pathPrefix + java.lang.Integer.toString(counter)) + .png)): null

2018-12-14 01:18:52 - [TEST_STEP][PASSED] - Statement - counter = counter + 1: null

2018-12-14 01:18:52 - [TEST_STEP][PASSED] - Statement - PreSaveFile = new java.io.File(((pathPrefix + java.lang.Integer.toString(counter)) + .png)): null

2018-12-14 01:18:52 - [TEST_STEP][PASSED] - Statement - counter = counter + 1: null

2018-12-14 01:18:52 - [TEST_STEP][PASSED] - Statement - PreSaveFile = new java.io.File(((pathPrefix + java.lang.Integer.toString(counter)) + .png)): null

2018-12-14 01:18:52 - [TEST_STEP][PASSED] - Statement - counter = counter + 1: null

2018-12-14 01:18:52 - [TEST_STEP][PASSED] - Statement - PreSaveFile = new java.io.File(((pathPrefix + java.lang.Integer.toString(counter)) + .png)): null

2018-12-14 01:18:52 - [TEST_STEP][PASSED] - Statement - counter = counter + 1: null

2018-12-14 01:18:52 - [TEST_STEP][PASSED] - Statement - PreSaveFile = new java.io.File(((pathPrefix + java.lang.Integer.toString(counter)) + .png)): null

2018-12-14 01:18:52 - [TEST_STEP][PASSED] - Statement - counter = counter + 1: null

2018-12-14 01:18:52 - [TEST_STEP][PASSED] - Statement - PreSaveFile = new java.io.File(((pathPrefix + java.lang.Integer.toString(counter)) + .png)): null

2018-12-14 01:18:52 - [TEST_STEP][PASSED] - Statement - counter = counter + 1: null

2018-12-14 01:18:52 - [TEST_STEP][PASSED] - Statement - PreSaveFile = new java.io.File(((pathPrefix + java.lang.Integer.toString(counter)) + .png)): null

2018-12-14 01:18:52 - [TEST_STEP][PASSED] - Statement - counter = counter + 1: null

2018-12-14 01:18:52 - [TEST_STEP][PASSED] - Statement - PreSaveFile = new java.io.File(((pathPrefix + java.lang.Integer.toString(counter)) + .png)): null

2018-12-14 01:18:52 - [TEST_STEP][PASSED] - Statement - counter = counter + 1: null

2018-12-14 01:18:52 - [TEST_STEP][PASSED] - Statement - PreSaveFile = new java.io.File(((pathPrefix + java.lang.Integer.toString(counter)) + .png)): null

2018-12-14 01:18:52 - [TEST_STEP][PASSED] - Statement - counter = counter + 1: null

2018-12-14 01:18:52 - [TEST_STEP][PASSED] - Statement - PreSaveFile = new java.io.File(((pathPrefix + java.lang.Integer.toString(counter)) + .png)): null

2018-12-14 01:18:52 - [TEST_STEP][PASSED] - Statement - counter = counter + 1: null

2018-12-14 01:18:52 - [TEST_STEP][PASSED] - Statement - PreSaveFile = new java.io.File(((pathPrefix + java.lang.Integer.toString(counter)) + .png)): null

2018-12-14 01:18:52 - [TEST_STEP][PASSED] - Statement - counter = counter + 1: null

2018-12-14 01:18:52 - [TEST_STEP][PASSED] - Statement - PreSaveFile = new java.io.File(((pathPrefix + java.lang.Integer.toString(counter)) + .png)): null

2018-12-14 01:18:52 - [TEST_STEP][PASSED] - Statement - counter = counter + 1: null

2018-12-14 01:18:52 - [TEST_STEP][PASSED] - Statement - PreSaveFile = new java.io.File(((pathPrefix + java.lang.Integer.toString(counter)) + .png)): null

2018-12-14 01:18:52 - [TEST_STEP][PASSED] - Statement - counter = counter + 1: null

2018-12-14 01:18:52 - [TEST_STEP][PASSED] - Statement - PreSaveFile = new java.io.File(((pathPrefix + java.lang.Integer.toString(counter)) + .png)): null

2018-12-14 01:18:52 - [TEST_STEP][PASSED] - Statement - counter = counter + 1: null

2018-12-14 01:18:52 - [TEST_STEP][PASSED] - Statement - PreSaveFile = new java.io.File(((pathPrefix + java.lang.Integer.toString(counter)) + .png)): null

2018-12-14 01:18:52 - [TEST_STEP][PASSED] - Statement - counter = counter + 1: null

2018-12-14 01:18:52 - [TEST_STEP][PASSED] - Statement - PreSaveFile = new java.io.File(((pathPrefix + java.lang.Integer.toString(counter)) + .png)): null

2018-12-14 01:18:52 - [TEST_STEP][PASSED] - Statement - counter = counter + 1: null

2018-12-14 01:18:52 - [TEST_STEP][PASSED] - Statement - PreSaveFile = new java.io.File(((pathPrefix + java.lang.Integer.toString(counter)) + .png)): null

2018-12-14 01:18:52 - [TEST_STEP][PASSED] - Statement - counter = counter + 1: null

2018-12-14 01:18:52 - [TEST_STEP][PASSED] - Statement - PreSaveFile = new java.io.File(((pathPrefix + java.lang.Integer.toString(counter)) + .png)): null

2018-12-14 01:18:52 - [TEST_STEP][PASSED] - Statement - counter = counter + 1: null

2018-12-14 01:18:52 - [TEST_STEP][PASSED] - Statement - PreSaveFile = new java.io.File(((pathPrefix + java.lang.Integer.toString(counter)) + .png)): null

2018-12-14 01:18:52 - [TEST_STEP][PASSED] - Statement - counter = counter + 1: null

2018-12-14 01:18:52 - [TEST_STEP][PASSED] - Statement - PreSaveFile = new java.io.File(((pathPrefix + java.lang.Integer.toString(counter)) + .png)): null

2018-12-14 01:18:52 - [TEST_STEP][PASSED] - Statement - counter = counter + 1: null

2018-12-14 01:18:52 - [TEST_STEP][PASSED] - Statement - PreSaveFile = new java.io.File(((pathPrefix + java.lang.Integer.toString(counter)) + .png)): null

2018-12-14 01:18:52 - [TEST_STEP][PASSED] - Statement - counter = counter + 1: null

2018-12-14 01:18:52 - [TEST_STEP][PASSED] - Statement - PreSaveFile = new java.io.File(((pathPrefix + java.lang.Integer.toString(counter)) + .png)): null

2018-12-14 01:18:52 - [TEST_STEP][PASSED] - Statement - counter = counter + 1: null

2018-12-14 01:18:52 - [TEST_STEP][PASSED] - Statement - PreSaveFile = new java.io.File(((pathPrefix + java.lang.Integer.toString(counter)) + .png)): null

2018-12-14 01:18:52 - [TEST_STEP][PASSED] - Statement - counter = counter + 1: null

2018-12-14 01:18:52 - [TEST_STEP][PASSED] - Statement - PreSaveFile = new java.io.File(((pathPrefix + java.lang.Integer.toString(counter)) + .png)): null

2018-12-14 01:18:52 - [TEST_STEP][PASSED] - Statement - counter = counter + 1: null

2018-12-14 01:18:52 - [TEST_STEP][PASSED] - Statement - PreSaveFile = new java.io.File(((pathPrefix + java.lang.Integer.toString(counter)) + .png)): null

2018-12-14 01:18:52 - [TEST_STEP][PASSED] - Statement - counter = counter + 1: null

2018-12-14 01:18:52 - [TEST_STEP][PASSED] - Statement - PreSaveFile = new java.io.File(((pathPrefix + java.lang.Integer.toString(counter)) + .png)): null

2018-12-14 01:18:52 - [TEST_STEP][PASSED] - Statement - counter = counter + 1: null

2018-12-14 01:18:52 - [TEST_STEP][PASSED] - Statement - PreSaveFile = new java.io.File(((pathPrefix + java.lang.Integer.toString(counter)) + .png)): null

2018-12-14 01:18:52 - [TEST_STEP][PASSED] - Statement - counter = counter + 1: null

2018-12-14 01:18:52 - [TEST_STEP][PASSED] - Statement - PreSaveFile = new java.io.File(((pathPrefix + java.lang.Integer.toString(counter)) + .png)): null

2018-12-14 01:18:52 - [TEST_STEP][PASSED] - Statement - counter = counter + 1: null

2018-12-14 01:18:52 - [TEST_STEP][PASSED] - Statement - PreSaveFile = new java.io.File(((pathPrefix + java.lang.Integer.toString(counter)) + .png)): null

2018-12-14 01:18:52 - [TEST_STEP][PASSED] - Statement - counter = counter + 1: null

2018-12-14 01:18:52 - [TEST_STEP][PASSED] - Statement - PreSaveFile = new java.io.File(((pathPrefix + java.lang.Integer.toString(counter)) + .png)): null

2018-12-14 01:18:52 - [TEST_STEP][PASSED] - Statement - counter = counter + 1: null

2018-12-14 01:18:52 - [TEST_STEP][PASSED] - Statement - PreSaveFile = new java.io.File(((pathPrefix + java.lang.Integer.toString(counter)) + .png)): null

2018-12-14 01:18:52 - [TEST_STEP][PASSED] - Statement - counter = counter + 1: null

2018-12-14 01:18:52 - [TEST_STEP][PASSED] - Statement - PreSaveFile = new java.io.File(((pathPrefix + java.lang.Integer.toString(counter)) + .png)): null

2018-12-14 01:18:52 - [TEST_STEP][PASSED] - Statement - counter = counter + 1: null

2018-12-14 01:18:52 - [TEST_STEP][PASSED] - Statement - PreSaveFile = new java.io.File(((pathPrefix + java.lang.Integer.toString(counter)) + .png)): null

2018-12-14 01:18:52 - [TEST_STEP][PASSED] - Statement - counter = counter + 1: null

2018-12-14 01:18:52 - [TEST_STEP][PASSED] - Statement - PreSaveFile = new java.io.File(((pathPrefix + java.lang.Integer.toString(counter)) + .png)): null

2018-12-14 01:18:52 - [TEST_STEP][PASSED] - Statement - counter = counter + 1: null

2018-12-14 01:18:52 - [TEST_STEP][PASSED] - Statement - PreSaveFile = new java.io.File(((pathPrefix + java.lang.Integer.toString(counter)) + .png)): null

2018-12-14 01:18:52 - [TEST_STEP][PASSED] - Statement - counter = counter + 1: null

2018-12-14 01:18:52 - [TEST_STEP][PASSED] - Statement - PreSaveFile = new java.io.File(((pathPrefix + java.lang.Integer.toString(counter)) + .png)): null

2018-12-14 01:18:52 - [TEST_STEP][PASSED] - Statement - counter = counter + 1: null

2018-12-14 01:18:52 - [TEST_STEP][PASSED] - Statement - PreSaveFile = new java.io.File(((pathPrefix + java.lang.Integer.toString(counter)) + .png)): null

2018-12-14 01:18:52 - [TEST_STEP][PASSED] - Statement - counter = counter + 1: null

2018-12-14 01:18:52 - [TEST_STEP][PASSED] - Statement - PreSaveFile = new java.io.File(((pathPrefix + java.lang.Integer.toString(counter)) + .png)): null

2018-12-14 01:18:52 - [TEST_STEP][PASSED] - Statement - counter = counter + 1: null

2018-12-14 01:18:52 - [TEST_STEP][PASSED] - Statement - PreSaveFile = new java.io.File(((pathPrefix + java.lang.Integer.toString(counter)) + .png)): null

2018-12-14 01:18:52 - [TEST_STEP][PASSED] - Statement - counter = counter + 1: null

2018-12-14 01:18:52 - [TEST_STEP][PASSED] - Statement - PreSaveFile = new java.io.File(((pathPrefix + java.lang.Integer.toString(counter)) + .png)): null

2018-12-14 01:18:52 - [TEST_STEP][PASSED] - Statement - counter = counter + 1: null

2018-12-14 01:18:52 - [TEST_STEP][PASSED] - Statement - PreSaveFile = new java.io.File(((pathPrefix + java.lang.Integer.toString(counter)) + .png)): null

2018-12-14 01:18:52 - [TEST_STEP][PASSED] - Statement - counter = counter + 1: null

2018-12-14 01:18:52 - [TEST_STEP][PASSED] - Statement - PreSaveFile = new java.io.File(((pathPrefix + java.lang.Integer.toString(counter)) + .png)): null

2018-12-14 01:18:52 - [TEST_STEP][PASSED] - Statement - counter = counter + 1: null

2018-12-14 01:18:52 - [TEST_STEP][PASSED] - Statement - PreSaveFile = new java.io.File(((pathPrefix + java.lang.Integer.toString(counter)) + .png)): null

2018-12-14 01:18:52 - [TEST_STEP][PASSED] - Statement - counter = counter + 1: null

2018-12-14 01:18:52 - [TEST_STEP][PASSED] - Statement - PreSaveFile = new java.io.File(((pathPrefix + java.lang.Integer.toString(counter)) + .png)): null

2018-12-14 01:18:52 - [TEST_STEP][PASSED] - Statement - counter = counter + 1: null

2018-12-14 01:18:52 - [TEST_STEP][PASSED] - Statement - PreSaveFile = new java.io.File(((pathPrefix + java.lang.Integer.toString(counter)) + .png)): null

2018-12-14 01:18:52 - [TEST_STEP][PASSED] - Statement - counter = counter + 1: null

2018-12-14 01:18:52 - [TEST_STEP][PASSED] - Statement - PreSaveFile = new java.io.File(((pathPrefix + java.lang.Integer.toString(counter)) + .png)): null

2018-12-14 01:18:52 - [TEST_STEP][PASSED] - Statement - counter = counter + 1: null

2018-12-14 01:18:52 - [TEST_STEP][PASSED] - Statement - PreSaveFile = new java.io.File(((pathPrefix + java.lang.Integer.toString(counter)) + .png)): null

2018-12-14 01:18:52 - [TEST_STEP][PASSED] - Statement - counter = counter + 1: null

2018-12-14 01:18:52 - [TEST_STEP][PASSED] - Statement - PreSaveFile = new java.io.File(((pathPrefix + java.lang.Integer.toString(counter)) + .png)): null

2018-12-14 01:18:52 - [TEST_STEP][PASSED] - Statement - counter = counter + 1: null

2018-12-14 01:18:52 - [TEST_STEP][PASSED] - Statement - PreSaveFile = new java.io.File(((pathPrefix + java.lang.Integer.toString(counter)) + .png)): null

2018-12-14 01:18:52 - [TEST_STEP][PASSED] - Statement - counter = counter + 1: null

2018-12-14 01:18:52 - [TEST_STEP][PASSED] - Statement - PreSaveFile = new java.io.File(((pathPrefix + java.lang.Integer.toString(counter)) + .png)): null

2018-12-14 01:18:52 - [TEST_STEP][PASSED] - Statement - counter = counter + 1: null

2018-12-14 01:18:52 - [TEST_STEP][PASSED] - Statement - PreSaveFile = new java.io.File(((pathPrefix + java.lang.Integer.toString(counter)) + .png)): null

2018-12-14 01:18:52 - [TEST_STEP][PASSED] - Statement - counter = counter + 1: null

2018-12-14 01:18:52 - [TEST_STEP][PASSED] - Statement - PreSaveFile = new java.io.File(((pathPrefix + java.lang.Integer.toString(counter)) + .png)): null

2018-12-14 01:18:52 - [TEST_STEP][PASSED] - Statement - counter = counter + 1: null

2018-12-14 01:18:52 - [TEST_STEP][PASSED] - Statement - PreSaveFile = new java.io.File(((pathPrefix + java.lang.Integer.toString(counter)) + .png)): null

2018-12-14 01:18:52 - [TEST_STEP][PASSED] - Statement - counter = counter + 1: null

2018-12-14 01:18:52 - [TEST_STEP][PASSED] - Statement - PreSaveFile = new java.io.File(((pathPrefix + java.lang.Integer.toString(counter)) + .png)): null

2018-12-14 01:18:52 - [TEST_STEP][PASSED] - Statement - counter = counter + 1: null

2018-12-14 01:18:52 - [TEST_STEP][PASSED] - Statement - PreSaveFile = new java.io.File(((pathPrefix + java.lang.Integer.toString(counter)) + .png)): null

2018-12-14 01:18:52 - [TEST_STEP][PASSED] - Statement - counter = counter + 1: null

2018-12-14 01:18:52 - [TEST_STEP][PASSED] - Statement - PreSaveFile = new java.io.File(((pathPrefix + java.lang.Integer.toString(counter)) + .png)): null

2018-12-14 01:18:52 - [TEST_STEP][PASSED] - Statement - counter = counter + 1: null

2018-12-14 01:18:52 - [TEST_STEP][PASSED] - Statement - PreSaveFile = new java.io.File(((pathPrefix + java.lang.Integer.toString(counter)) + .png)): null

2018-12-14 01:18:52 - [TEST_STEP][PASSED] - Statement - counter = counter + 1: null

2018-12-14 01:18:52 - [TEST_STEP][PASSED] - Statement - PreSaveFile = new java.io.File(((pathPrefix + java.lang.Integer.toString(counter)) + .png)): null

2018-12-14 01:18:52 - [TEST_STEP][PASSED] - Statement - counter = counter + 1: null

2018-12-14 01:18:52 - [TEST_STEP][PASSED] - Statement - PreSaveFile = new java.io.File(((pathPrefix + java.lang.Integer.toString(counter)) + .png)): null

2018-12-14 01:18:52 - [TEST_STEP][PASSED] - Statement - counter = counter + 1: null

2018-12-14 01:18:52 - [TEST_STEP][PASSED] - Statement - PreSaveFile = new java.io.File(((pathPrefix + java.lang.Integer.toString(counter)) + .png)): null

2018-12-14 01:18:52 - [TEST_STEP][PASSED] - Statement - counter = counter + 1: null

2018-12-14 01:18:52 - [TEST_STEP][PASSED] - Statement - PreSaveFile = new java.io.File(((pathPrefix + java.lang.Integer.toString(counter)) + .png)): null

2018-12-14 01:18:52 - [TEST_STEP][PASSED] - Statement - counter = counter + 1: null

2018-12-14 01:18:52 - [TEST_STEP][PASSED] - Statement - PreSaveFile = new java.io.File(((pathPrefix + java.lang.Integer.toString(counter)) + .png)): null

2018-12-14 01:18:52 - [TEST_STEP][PASSED] - Statement - counter = counter + 1: null

2018-12-14 01:18:52 - [TEST_STEP][PASSED] - Statement - PreSaveFile = new java.io.File(((pathPrefix + java.lang.Integer.toString(counter)) + .png)): null

2018-12-14 01:18:52 - [TEST_STEP][PASSED] - Statement - counter = counter + 1: null

2018-12-14 01:18:52 - [TEST_STEP][PASSED] - Statement - PreSaveFile = new java.io.File(((pathPrefix + java.lang.Integer.toString(counter)) + .png)): null

2018-12-14 01:18:52 - [TEST_STEP][PASSED] - Statement - counter = counter + 1: null

2018-12-14 01:18:52 - [TEST_STEP][PASSED] - Statement - PreSaveFile = new java.io.File(((pathPrefix + java.lang.Integer.toString(counter)) + .png)): null

2018-12-14 01:18:52 - [TEST_STEP][PASSED] - Statement - counter = counter + 1: null

2018-12-14 01:18:52 - [TEST_STEP][PASSED] - Statement - PreSaveFile = new java.io.File(((pathPrefix + java.lang.Integer.toString(counter)) + .png)): null

2018-12-14 01:18:52 - [TEST_STEP][PASSED] - Statement - counter = counter + 1: null

2018-12-14 01:18:52 - [TEST_STEP][PASSED] - Statement - PreSaveFile = new java.io.File(((pathPrefix + java.lang.Integer.toString(counter)) + .png)): null

2018-12-14 01:18:52 - [TEST_STEP][PASSED] - Statement - counter = counter + 1: null

2018-12-14 01:18:52 - [TEST_STEP][PASSED] - Statement - PreSaveFile = new java.io.File(((pathPrefix + java.lang.Integer.toString(counter)) + .png)): null

2018-12-14 01:18:52 - [TEST_STEP][PASSED] - Statement - counter = counter + 1: null

2018-12-14 01:18:52 - [TEST_STEP][PASSED] - Statement - PreSaveFile = new java.io.File(((pathPrefix + java.lang.Integer.toString(counter)) + .png)): null

2018-12-14 01:18:52 - [TEST_STEP][PASSED] - Statement - counter = counter + 1: null

2018-12-14 01:18:52 - [TEST_STEP][PASSED] - Statement - PreSaveFile = new java.io.File(((pathPrefix + java.lang.Integer.toString(counter)) + .png)): null

2018-12-14 01:18:52 - [TEST_STEP][PASSED] - Statement - counter = counter + 1: null

2018-12-14 01:18:52 - [TEST_STEP][PASSED] - Statement - PreSaveFile = new java.io.File(((pathPrefix + java.lang.Integer.toString(counter)) + .png)): null

2018-12-14 01:18:52 - [TEST_STEP][PASSED] - Statement - counter = counter + 1: null

2018-12-14 01:18:52 - [TEST_STEP][PASSED] - Statement - PreSaveFile = new java.io.File(((pathPrefix + java.lang.Integer.toString(counter)) + .png)): null

2018-12-14 01:18:52 - [TEST_STEP][PASSED] - Statement - counter = counter + 1: null

2018-12-14 01:18:52 - [TEST_STEP][PASSED] - Statement - PreSaveFile = new java.io.File(((pathPrefix + java.lang.Integer.toString(counter)) + .png)): null

2018-12-14 01:18:52 - [TEST_STEP][PASSED] - Statement - counter = counter + 1: null

2018-12-14 01:18:52 - [TEST_STEP][PASSED] - Statement - PreSaveFile = new java.io.File(((pathPrefix + java.lang.Integer.toString(counter)) + .png)): null

2018-12-14 01:18:52 - [TEST_STEP][PASSED] - Statement - counter = counter + 1: null

2018-12-14 01:18:52 - [TEST_STEP][PASSED] - Statement - PreSaveFile = new java.io.File(((pathPrefix + java.lang.Integer.toString(counter)) + .png)): null

2018-12-14 01:18:52 - [TEST_STEP][PASSED] - Statement - counter = counter + 1: null

2018-12-14 01:18:52 - [TEST_STEP][PASSED] - Statement - PreSaveFile = new java.io.File(((pathPrefix + java.lang.Integer.toString(counter)) + .png)): null

2018-12-14 01:18:52 - [TEST_STEP][PASSED] - Statement - counter = counter + 1: null

2018-12-14 01:18:52 - [TEST_STEP][PASSED] - Statement - PreSaveFile = new java.io.File(((pathPrefix + java.lang.Integer.toString(counter)) + .png)): null

2018-12-14 01:18:52 - [TEST_STEP][PASSED] - Statement - counter = counter + 1: null

2018-12-14 01:18:52 - [TEST_STEP][PASSED] - Statement - PreSaveFile = new java.io.File(((pathPrefix + java.lang.Integer.toString(counter)) + .png)): null

2018-12-14 01:18:52 - [TEST_STEP][PASSED] - Statement - counter = counter + 1: null

2018-12-14 01:18:52 - [TEST_STEP][PASSED] - Statement - PreSaveFile = new java.io.File(((pathPrefix + java.lang.Integer.toString(counter)) + .png)): null

2018-12-14 01:18:52 - [TEST_STEP][PASSED] - Statement - counter = counter + 1: null

2018-12-14 01:18:52 - [TEST_STEP][PASSED] - Statement - PreSaveFile = new java.io.File(((pathPrefix + java.lang.Integer.toString(counter)) + .png)): null

2018-12-14 01:18:52 - [TEST_STEP][PASSED] - Statement - counter = counter + 1: null

2018-12-14 01:18:52 - [TEST_STEP][PASSED] - Statement - PreSaveFile = new java.io.File(((pathPrefix + java.lang.Integer.toString(counter)) + .png)): null

2018-12-14 01:18:52 - [TEST_STEP][PASSED] - Statement - counter = counter + 1: null

2018-12-14 01:18:52 - [TEST_STEP][PASSED] - Statement - PreSaveFile = new java.io.File(((pathPrefix + java.lang.Integer.toString(counter)) + .png)): null

2018-12-14 01:18:52 - [TEST_STEP][PASSED] - Statement - counter = counter + 1: null

2018-12-14 01:18:52 - [TEST_STEP][PASSED] - Statement - PreSaveFile = new java.io.File(((pathPrefix + java.lang.Integer.toString(counter)) + .png)): null

2018-12-14 01:18:52 - [TEST_STEP][PASSED] - Statement - counter = counter + 1: null

2018-12-14 01:18:52 - [TEST_STEP][PASSED] - Statement - PreSaveFile = new java.io.File(((pathPrefix + java.lang.Integer.toString(counter)) + .png)): null

2018-12-14 01:18:52 - [TEST_STEP][PASSED] - Statement - counter = counter + 1: null

2018-12-14 01:18:52 - [TEST_STEP][PASSED] - Statement - PreSaveFile = new java.io.File(((pathPrefix + java.lang.Integer.toString(counter)) + .png)): null

2018-12-14 01:18:52 - [TEST_STEP][PASSED] - Statement - counter = counter + 1: null

2018-12-14 01:18:52 - [TEST_STEP][PASSED] - Statement - PreSaveFile = new java.io.File(((pathPrefix + java.lang.Integer.toString(counter)) + .png)): null

2018-12-14 01:18:52 - [TEST_STEP][PASSED] - Statement - counter = counter + 1: null

2018-12-14 01:18:52 - [TEST_STEP][PASSED] - Statement - PreSaveFile = new java.io.File(((pathPrefix + java.lang.Integer.toString(counter)) + .png)): null

2018-12-14 01:18:52 - [TEST_STEP][PASSED] - Statement - counter = counter + 1: null

2018-12-14 01:18:52 - [TEST_STEP][PASSED] - Statement - PreSaveFile = new java.io.File(((pathPrefix + java.lang.Integer.toString(counter)) + .png)): null

2018-12-14 01:18:52 - [TEST_STEP][PASSED] - Statement - counter = counter + 1: null

2018-12-14 01:18:52 - [TEST_STEP][PASSED] - Statement - PreSaveFile = new java.io.File(((pathPrefix + java.lang.Integer.toString(counter)) + .png)): null

2018-12-14 01:18:52 - [TEST_STEP][PASSED] - Statement - counter = counter + 1: null

2018-12-14 01:18:52 - [TEST_STEP][PASSED] - Statement - PreSaveFile = new java.io.File(((pathPrefix + java.lang.Integer.toString(counter)) + .png)): null

2018-12-14 01:18:52 - [TEST_STEP][PASSED] - Statement - counter = counter + 1: null

2018-12-14 01:18:52 - [TEST_STEP][PASSED] - Statement - PreSaveFile = new java.io.File(((pathPrefix + java.lang.Integer.toString(counter)) + .png)): null

2018-12-14 01:18:52 - [TEST_STEP][PASSED] - Statement - counter = counter + 1: null

2018-12-14 01:18:52 - [TEST_STEP][PASSED] - Statement - PreSaveFile = new java.io.File(((pathPrefix + java.lang.Integer.toString(counter)) + .png)): null

2018-12-14 01:18:52 - [TEST_STEP][PASSED] - Statement - counter = counter + 1: null

2018-12-14 01:18:53 - [TEST_STEP][PASSED] - Statement - PreSaveFile = new java.io.File(((pathPrefix + java.lang.Integer.toString(counter)) + .png)): null

2018-12-14 01:18:53 - [TEST_STEP][PASSED] - Statement - counter = counter + 1: null

2018-12-14 01:18:53 - [TEST_STEP][PASSED] - Statement - PreSaveFile = new java.io.File(((pathPrefix + java.lang.Integer.toString(counter)) + .png)): null

2018-12-14 01:18:53 - [TEST_STEP][PASSED] - Statement - counter = counter + 1: null

2018-12-14 01:18:53 - [TEST_STEP][PASSED] - Statement - PreSaveFile = new java.io.File(((pathPrefix + java.lang.Integer.toString(counter)) + .png)): null

2018-12-14 01:18:53 - [TEST_STEP][PASSED] - Statement - counter = counter + 1: null

2018-12-14 01:18:53 - [TEST_STEP][PASSED] - Statement - PreSaveFile = new java.io.File(((pathPrefix + java.lang.Integer.toString(counter)) + .png)): null

2018-12-14 01:18:53 - [TEST_STEP][PASSED] - Statement - counter = counter + 1: null

2018-12-14 01:18:53 - [TEST_STEP][PASSED] - Statement - PreSaveFile = new java.io.File(((pathPrefix + java.lang.Integer.toString(counter)) + .png)): null

2018-12-14 01:18:53 - [TEST_STEP][PASSED] - Statement - counter = counter + 1: null

2018-12-14 01:18:53 - [TEST_STEP][PASSED] - Statement - PreSaveFile = new java.io.File(((pathPrefix + java.lang.Integer.toString(counter)) + .png)): null

2018-12-14 01:18:53 - [TEST_STEP][PASSED] - Statement - counter = counter + 1: null

2018-12-14 01:18:53 - [TEST_STEP][PASSED] - Statement - PreSaveFile = new java.io.File(((pathPrefix + java.lang.Integer.toString(counter)) + .png)): null

2018-12-14 01:18:53 - [TEST_STEP][PASSED] - Statement - counter = counter + 1: null

2018-12-14 01:18:53 - [TEST_STEP][PASSED] - Statement - PreSaveFile = new java.io.File(((pathPrefix + java.lang.Integer.toString(counter)) + .png)): null

2018-12-14 01:18:53 - [TEST_STEP][PASSED] - Statement - counter = counter + 1: null

2018-12-14 01:18:53 - [TEST_STEP][PASSED] - Statement - PreSaveFile = new java.io.File(((pathPrefix + java.lang.Integer.toString(counter)) + .png)): null

2018-12-14 01:18:53 - [TEST_STEP][PASSED] - Statement - counter = counter + 1: null

2018-12-14 01:18:53 - [TEST_STEP][PASSED] - Statement - PreSaveFile = new java.io.File(((pathPrefix + java.lang.Integer.toString(counter)) + .png)): null

2018-12-14 01:18:53 - [TEST_STEP][PASSED] - Statement - counter = counter + 1: null

2018-12-14 01:18:53 - [TEST_STEP][PASSED] - Statement - PreSaveFile = new java.io.File(((pathPrefix + java.lang.Integer.toString(counter)) + .png)): null

2018-12-14 01:18:53 - [TEST_STEP][PASSED] - Statement - counter = counter + 1: null

2018-12-14 01:18:53 - [TEST_STEP][PASSED] - Statement - PreSaveFile = new java.io.File(((pathPrefix + java.lang.Integer.toString(counter)) + .png)): null

2018-12-14 01:18:53 - [TEST_STEP][PASSED] - Statement - counter = counter + 1: null

2018-12-14 01:18:53 - [TEST_STEP][PASSED] - Statement - PreSaveFile = new java.io.File(((pathPrefix + java.lang.Integer.toString(counter)) + .png)): null

2018-12-14 01:18:53 - [TEST_STEP][PASSED] - Statement - counter = counter + 1: null

2018-12-14 01:18:53 - [TEST_STEP][PASSED] - Statement - PreSaveFile = new java.io.File(((pathPrefix + java.lang.Integer.toString(counter)) + .png)): null

2018-12-14 01:18:53 - [TEST_STEP][PASSED] - Statement - counter = counter + 1: null

2018-12-14 01:18:53 - [TEST_STEP][PASSED] - Statement - PreSaveFile = new java.io.File(((pathPrefix + java.lang.Integer.toString(counter)) + .png)): null

2018-12-14 01:18:53 - [TEST_STEP][PASSED] - Statement - counter = counter + 1: null

2018-12-14 01:18:53 - [TEST_STEP][PASSED] - Statement - PreSaveFile = new java.io.File(((pathPrefix + java.lang.Integer.toString(counter)) + .png)): null

2018-12-14 01:18:53 - [TEST_STEP][PASSED] - Statement - counter = counter + 1: null

2018-12-14 01:18:53 - [TEST_STEP][PASSED] - Statement - PreSaveFile = new java.io.File(((pathPrefix + java.lang.Integer.toString(counter)) + .png)): null

2018-12-14 01:18:53 - [TEST_STEP][PASSED] - Statement - counter = counter + 1: null

2018-12-14 01:18:53 - [TEST_STEP][PASSED] - Statement - PreSaveFile = new java.io.File(((pathPrefix + java.lang.Integer.toString(counter)) + .png)): null

2018-12-14 01:18:53 - [TEST_STEP][PASSED] - Statement - counter = counter + 1: null

2018-12-14 01:18:53 - [TEST_STEP][PASSED] - Statement - PreSaveFile = new java.io.File(((pathPrefix + java.lang.Integer.toString(counter)) + .png)): null

2018-12-14 01:18:53 - [TEST_STEP][PASSED] - Statement - counter = counter + 1: null

2018-12-14 01:18:53 - [TEST_STEP][PASSED] - Statement - PreSaveFile = new java.io.File(((pathPrefix + java.lang.Integer.toString(counter)) + .png)): null

2018-12-14 01:18:53 - [TEST_STEP][PASSED] - Statement - counter = counter + 1: null

2018-12-14 01:18:53 - [TEST_STEP][PASSED] - Statement - PreSaveFile = new java.io.File(((pathPrefix + java.lang.Integer.toString(counter)) + .png)): null

2018-12-14 01:18:53 - [TEST_STEP][PASSED] - Statement - counter = counter + 1: null

2018-12-14 01:18:53 - [TEST_STEP][PASSED] - Statement - PreSaveFile = new java.io.File(((pathPrefix + java.lang.Integer.toString(counter)) + .png)): null

2018-12-14 01:18:53 - [TEST_STEP][PASSED] - Statement - counter = counter + 1: null

2018-12-14 01:18:53 - [TEST_STEP][PASSED] - Statement - PreSaveFile = new java.io.File(((pathPrefix + java.lang.Integer.toString(counter)) + .png)): null

2018-12-14 01:18:53 - [TEST_STEP][PASSED] - Statement - counter = counter + 1: null

2018-12-14 01:18:53 - [TEST_STEP][PASSED] - Statement - PreSaveFile = new java.io.File(((pathPrefix + java.lang.Integer.toString(counter)) + .png)): null

2018-12-14 01:18:53 - [TEST_STEP][PASSED] - Statement - counter = counter + 1: null

2018-12-14 01:18:53 - [TEST_STEP][PASSED] - Statement - PreSaveFile = new java.io.File(((pathPrefix + java.lang.Integer.toString(counter)) + .png)): null

2018-12-14 01:18:53 - [TEST_STEP][PASSED] - Statement - counter = counter + 1: null

2018-12-14 01:18:53 - [TEST_STEP][PASSED] - Statement - PreSaveFile = new java.io.File(((pathPrefix + java.lang.Integer.toString(counter)) + .png)): null

2018-12-14 01:18:53 - [TEST_STEP][PASSED] - Statement - counter = counter + 1: null

2018-12-14 01:18:53 - [TEST_STEP][PASSED] - Statement - PreSaveFile = new java.io.File(((pathPrefix + java.lang.Integer.toString(counter)) + .png)): null

2018-12-14 01:18:53 - [TEST_STEP][PASSED] - Statement - counter = counter + 1: null

2018-12-14 01:18:53 - [TEST_STEP][PASSED] - Statement - PreSaveFile = new java.io.File(((pathPrefix + java.lang.Integer.toString(counter)) + .png)): null

2018-12-14 01:18:53 - [TEST_STEP][PASSED] - Statement - counter = counter + 1: null

2018-12-14 01:18:53 - [TEST_STEP][PASSED] - Statement - PreSaveFile = new java.io.File(((pathPrefix + java.lang.Integer.toString(counter)) + .png)): null

2018-12-14 01:18:53 - [TEST_STEP][PASSED] - Statement - counter = counter + 1: null

2018-12-14 01:18:53 - [TEST_STEP][PASSED] - Statement - PreSaveFile = new java.io.File(((pathPrefix + java.lang.Integer.toString(counter)) + .png)): null

2018-12-14 01:18:53 - [TEST_STEP][PASSED] - Statement - counter = counter + 1: null

2018-12-14 01:18:53 - [TEST_STEP][PASSED] - Statement - PreSaveFile = new java.io.File(((pathPrefix + java.lang.Integer.toString(counter)) + .png)): null

2018-12-14 01:18:53 - [TEST_STEP][PASSED] - Statement - counter = counter + 1: null

2018-12-14 01:18:53 - [TEST_STEP][PASSED] - Statement - PreSaveFile = new java.io.File(((pathPrefix + java.lang.Integer.toString(counter)) + .png)): null

2018-12-14 01:18:53 - [TEST_STEP][PASSED] - Statement - counter = counter + 1: null

2018-12-14 01:18:53 - [TEST_STEP][PASSED] - Statement - PreSaveFile = new java.io.File(((pathPrefix + java.lang.Integer.toString(counter)) + .png)): null

2018-12-14 01:18:53 - [TEST_STEP][PASSED] - Statement - counter = counter + 1: null

2018-12-14 01:18:53 - [TEST_STEP][PASSED] - Statement - PreSaveFile = new java.io.File(((pathPrefix + java.lang.Integer.toString(counter)) + .png)): null

2018-12-14 01:18:53 - [TEST_STEP][PASSED] - Statement - counter = counter + 1: null

2018-12-14 01:18:53 - [TEST_STEP][PASSED] - Statement - PreSaveFile = new java.io.File(((pathPrefix + java.lang.Integer.toString(counter)) + .png)): null

2018-12-14 01:18:53 - [TEST_STEP][PASSED] - Statement - counter = counter + 1: null

2018-12-14 01:18:53 - [TEST_STEP][PASSED] - Statement - PreSaveFile = new java.io.File(((pathPrefix + java.lang.Integer.toString(counter)) + .png)): null

2018-12-14 01:18:53 - [TEST_STEP][PASSED] - Statement - counter = counter + 1: null

2018-12-14 01:18:53 - [TEST_STEP][PASSED] - Statement - PreSaveFile = new java.io.File(((pathPrefix + java.lang.Integer.toString(counter)) + .png)): null

2018-12-14 01:18:53 - [TEST_STEP][PASSED] - Statement - counter = counter + 1: null

2018-12-14 01:18:53 - [TEST_STEP][PASSED] - Statement - PreSaveFile = new java.io.File(((pathPrefix + java.lang.Integer.toString(counter)) + .png)): null

2018-12-14 01:18:53 - [TEST_STEP][PASSED] - Statement - counter = counter + 1: null

2018-12-14 01:18:53 - [TEST_STEP][PASSED] - Statement - PreSaveFile = new java.io.File(((pathPrefix + java.lang.Integer.toString(counter)) + .png)): null

2018-12-14 01:18:53 - [TEST_STEP][PASSED] - Statement - counter = counter + 1: null

2018-12-14 01:18:53 - [TEST_STEP][PASSED] - Statement - PreSaveFile = new java.io.File(((pathPrefix + java.lang.Integer.toString(counter)) + .png)): null

2018-12-14 01:18:53 - [TEST_STEP][PASSED] - Statement - counter = counter + 1: null

2018-12-14 01:18:53 - [TEST_STEP][PASSED] - Statement - PreSaveFile = new java.io.File(((pathPrefix + java.lang.Integer.toString(counter)) + .png)): null

2018-12-14 01:18:53 - [TEST_STEP][PASSED] - Statement - counter = counter + 1: null

2018-12-14 01:18:53 - [TEST_STEP][PASSED] - Statement - PreSaveFile = new java.io.File(((pathPrefix + java.lang.Integer.toString(counter)) + .png)): null

2018-12-14 01:18:53 - [TEST_STEP][PASSED] - Statement - counter = counter + 1: null

2018-12-14 01:18:53 - [TEST_STEP][PASSED] - Statement - PreSaveFile = new java.io.File(((pathPrefix + java.lang.Integer.toString(counter)) + .png)): null

2018-12-14 01:18:53 - [TEST_STEP][PASSED] - Statement - counter = counter + 1: null

2018-12-14 01:18:53 - [TEST_STEP][PASSED] - Statement - PreSaveFile = new java.io.File(((pathPrefix + java.lang.Integer.toString(counter)) + .png)): null

2018-12-14 01:18:53 - [TEST_STEP][PASSED] - Statement - counter = counter + 1: null

2018-12-14 01:18:53 - [TEST_STEP][PASSED] - Statement - PreSaveFile = new java.io.File(((pathPrefix + java.lang.Integer.toString(counter)) + .png)): null

2018-12-14 01:18:53 - [TEST_STEP][PASSED] - Statement - counter = counter + 1: null

2018-12-14 01:18:53 - [TEST_STEP][PASSED] - Statement - PreSaveFile = new java.io.File(((pathPrefix + java.lang.Integer.toString(counter)) + .png)): null

2018-12-14 01:18:53 - [TEST_STEP][PASSED] - Statement - counter = counter + 1: null

2018-12-14 01:18:53 - [TEST_STEP][PASSED] - Statement - PreSaveFile = new java.io.File(((pathPrefix + java.lang.Integer.toString(counter)) + .png)): null

2018-12-14 01:18:53 - [TEST_STEP][PASSED] - Statement - counter = counter + 1: null

2018-12-14 01:18:53 - [TEST_STEP][PASSED] - Statement - PreSaveFile = new java.io.File(((pathPrefix + java.lang.Integer.toString(counter)) + .png)): null

2018-12-14 01:18:53 - [TEST_STEP][PASSED] - Statement - counter = counter + 1: null

2018-12-14 01:18:53 - [TEST_STEP][PASSED] - Statement - PreSaveFile = new java.io.File(((pathPrefix + java.lang.Integer.toString(counter)) + .png)): null

2018-12-14 01:18:53 - [TEST_STEP][PASSED] - Statement - counter = counter + 1: null

2018-12-14 01:18:53 - [TEST_STEP][PASSED] - Statement - PreSaveFile = new java.io.File(((pathPrefix + java.lang.Integer.toString(counter)) + .png)): null

2018-12-14 01:18:53 - [TEST_STEP][PASSED] - Statement - counter = counter + 1: null

2018-12-14 01:18:53 - [TEST_STEP][PASSED] - Statement - PreSaveFile = new java.io.File(((pathPrefix + java.lang.Integer.toString(counter)) + .png)): null

2018-12-14 01:18:53 - [TEST_STEP][PASSED] - Statement - counter = counter + 1: null

2018-12-14 01:18:53 - [TEST_STEP][PASSED] - Statement - PreSaveFile = new java.io.File(((pathPrefix + java.lang.Integer.toString(counter)) + .png)): null

2018-12-14 01:18:53 - [TEST_STEP][PASSED] - Statement - counter = counter + 1: null

2018-12-14 01:18:53 - [TEST_STEP][PASSED] - Statement - PreSaveFile = new java.io.File(((pathPrefix + java.lang.Integer.toString(counter)) + .png)): null

2018-12-14 01:18:53 - [TEST_STEP][PASSED] - Statement - counter = counter + 1: null

2018-12-14 01:18:53 - [TEST_STEP][PASSED] - Statement - PreSaveFile = new java.io.File(((pathPrefix + java.lang.Integer.toString(counter)) + .png)): null

2018-12-14 01:18:53 - [TEST_STEP][PASSED] - Statement - counter = counter + 1: null

2018-12-14 01:18:53 - [TEST_STEP][PASSED] - Statement - PreSaveFile = new java.io.File(((pathPrefix + java.lang.Integer.toString(counter)) + .png)): null

2018-12-14 01:18:53 - [TEST_STEP][PASSED] - Statement - counter = counter + 1: null

2018-12-14 01:18:53 - [TEST_STEP][PASSED] - Statement - PreSaveFile = new java.io.File(((pathPrefix + java.lang.Integer.toString(counter)) + .png)): null

2018-12-14 01:18:53 - [TEST_STEP][PASSED] - Statement - counter = counter + 1: null

2018-12-14 01:18:53 - [TEST_STEP][PASSED] - Statement - PreSaveFile = new java.io.File(((pathPrefix + java.lang.Integer.toString(counter)) + .png)): null

2018-12-14 01:18:53 - [TEST_STEP][PASSED] - Statement - counter = counter + 1: null

2018-12-14 01:18:53 - [TEST_STEP][PASSED] - Statement - PreSaveFile = new java.io.File(((pathPrefix + java.lang.Integer.toString(counter)) + .png)): null

2018-12-14 01:18:53 - [TEST_STEP][PASSED] - Statement - counter = counter + 1: null

2018-12-14 01:18:53 - [TEST_STEP][PASSED] - Statement - PreSaveFile = new java.io.File(((pathPrefix + java.lang.Integer.toString(counter)) + .png)): null

2018-12-14 01:18:53 - [TEST_STEP][PASSED] - Statement - counter = counter + 1: null

2018-12-14 01:18:53 - [TEST_STEP][PASSED] - Statement - PreSaveFile = new java.io.File(((pathPrefix + java.lang.Integer.toString(counter)) + .png)): null

2018-12-14 01:18:53 - [TEST_STEP][PASSED] - Statement - counter = counter + 1: null

2018-12-14 01:18:53 - [TEST_STEP][PASSED] - Statement - PreSaveFile = new java.io.File(((pathPrefix + java.lang.Integer.toString(counter)) + .png)): null

2018-12-14 01:18:53 - [TEST_STEP][PASSED] - Statement - counter = counter + 1: null

2018-12-14 01:18:53 - [TEST_STEP][PASSED] - Statement - PreSaveFile = new java.io.File(((pathPrefix + java.lang.Integer.toString(counter)) + .png)): null

2018-12-14 01:18:53 - [TEST_STEP][PASSED] - Statement - counter = counter + 1: null

2018-12-14 01:18:53 - [TEST_STEP][PASSED] - Statement - PreSaveFile = new java.io.File(((pathPrefix + java.lang.Integer.toString(counter)) + .png)): null

2018-12-14 01:18:53 - [TEST_STEP][PASSED] - Statement - counter = counter + 1: null

2018-12-14 01:18:53 - [TEST_STEP][PASSED] - Statement - PreSaveFile = new java.io.File(((pathPrefix + java.lang.Integer.toString(counter)) + .png)): null

2018-12-14 01:18:53 - [TEST_STEP][PASSED] - Statement - counter = counter + 1: null

2018-12-14 01:18:53 - [TEST_STEP][PASSED] - Statement - PreSaveFile = new java.io.File(((pathPrefix + java.lang.Integer.toString(counter)) + .png)): null

2018-12-14 01:18:53 - [TEST_STEP][PASSED] - Statement - counter = counter + 1: null

2018-12-14 01:18:53 - [TEST_STEP][PASSED] - Statement - PreSaveFile = new java.io.File(((pathPrefix + java.lang.Integer.toString(counter)) + .png)): null

2018-12-14 01:18:53 - [TEST_STEP][PASSED] - Statement - counter = counter + 1: null

2018-12-14 01:18:53 - [TEST_STEP][PASSED] - Statement - PreSaveFile = new java.io.File(((pathPrefix + java.lang.Integer.toString(counter)) + .png)): null

2018-12-14 01:18:53 - [TEST_STEP][PASSED] - Statement - counter = counter + 1: null

2018-12-14 01:18:53 - [TEST_STEP][PASSED] - Statement - PreSaveFile = new java.io.File(((pathPrefix + java.lang.Integer.toString(counter)) + .png)): null

2018-12-14 01:18:53 - [TEST_STEP][PASSED] - Statement - counter = counter + 1: null

2018-12-14 01:18:53 - [TEST_STEP][PASSED] - Statement - PreSaveFile = new java.io.File(((pathPrefix + java.lang.Integer.toString(counter)) + .png)): null

2018-12-14 01:18:53 - [TEST_STEP][PASSED] - Statement - counter = counter + 1: null

2018-12-14 01:18:53 - [TEST_STEP][PASSED] - Statement - PreSaveFile = new java.io.File(((pathPrefix + java.lang.Integer.toString(counter)) + .png)): null

2018-12-14 01:18:53 - [TEST_STEP][PASSED] - Statement - counter = counter + 1: null

2018-12-14 01:18:53 - [TEST_STEP][PASSED] - Statement - PreSaveFile = new java.io.File(((pathPrefix + java.lang.Integer.toString(counter)) + .png)): null

2018-12-14 01:18:53 - [TEST_STEP][PASSED] - Statement - counter = counter + 1: null

2018-12-14 01:18:53 - [TEST_STEP][PASSED] - Statement - PreSaveFile = new java.io.File(((pathPrefix + java.lang.Integer.toString(counter)) + .png)): null

2018-12-14 01:18:53 - [TEST_STEP][PASSED] - Statement - counter = counter + 1: null

2018-12-14 01:18:53 - [TEST_STEP][PASSED] - Statement - PreSaveFile = new java.io.File(((pathPrefix + java.lang.Integer.toString(counter)) + .png)): null

2018-12-14 01:18:53 - [TEST_STEP][PASSED] - Statement - counter = counter + 1: null

2018-12-14 01:18:53 - [TEST_STEP][PASSED] - Statement - PreSaveFile = new java.io.File(((pathPrefix + java.lang.Integer.toString(counter)) + .png)): null

2018-12-14 01:18:53 - [TEST_STEP][PASSED] - Statement - counter = counter + 1: null

2018-12-14 01:18:53 - [TEST_STEP][PASSED] - Statement - PreSaveFile = new java.io.File(((pathPrefix + java.lang.Integer.toString(counter)) + .png)): null

2018-12-14 01:18:53 - [TEST_STEP][PASSED] - Statement - counter = counter + 1: null

2018-12-14 01:18:53 - [TEST_STEP][PASSED] - Statement - PreSaveFile = new java.io.File(((pathPrefix + java.lang.Integer.toString(counter)) + .png)): null

2018-12-14 01:18:53 - [TEST_STEP][PASSED] - Statement - counter = counter + 1: null

2018-12-14 01:18:53 - [TEST_STEP][PASSED] - Statement - PreSaveFile = new java.io.File(((pathPrefix + java.lang.Integer.toString(counter)) + .png)): null

2018-12-14 01:18:53 - [TEST_STEP][PASSED] - Statement - counter = counter + 1: null

2018-12-14 01:18:53 - [TEST_STEP][PASSED] - Statement - PreSaveFile = new java.io.File(((pathPrefix + java.lang.Integer.toString(counter)) + .png)): null

2018-12-14 01:18:53 - [TEST_STEP][PASSED] - Statement - counter = counter + 1: null

2018-12-14 01:18:53 - [TEST_STEP][PASSED] - Statement - PreSaveFile = new java.io.File(((pathPrefix + java.lang.Integer.toString(counter)) + .png)): null

2018-12-14 01:18:53 - [TEST_STEP][PASSED] - Statement - counter = counter + 1: null

2018-12-14 01:18:53 - [TEST_STEP][PASSED] - Statement - PreSaveFile = new java.io.File(((pathPrefix + java.lang.Integer.toString(counter)) + .png)): null

2018-12-14 01:18:53 - [TEST_STEP][PASSED] - Statement - counter = counter + 1: null

2018-12-14 01:18:53 - [TEST_STEP][PASSED] - Statement - PreSaveFile = new java.io.File(((pathPrefix + java.lang.Integer.toString(counter)) + .png)): null

2018-12-14 01:18:53 - [TEST_STEP][PASSED] - Statement - counter = counter + 1: null

2018-12-14 01:18:53 - [TEST_STEP][PASSED] - Statement - PreSaveFile = new java.io.File(((pathPrefix + java.lang.Integer.toString(counter)) + .png)): null

2018-12-14 01:18:53 - [TEST_STEP][PASSED] - Statement - counter = counter + 1: null

2018-12-14 01:18:53 - [TEST_STEP][PASSED] - Statement - PreSaveFile = new java.io.File(((pathPrefix + java.lang.Integer.toString(counter)) + .png)): null

2018-12-14 01:18:53 - [TEST_STEP][PASSED] - Statement - counter = counter + 1: null

2018-12-14 01:18:53 - [TEST_STEP][PASSED] - Statement - PreSaveFile = new java.io.File(((pathPrefix + java.lang.Integer.toString(counter)) + .png)): null

2018-12-14 01:18:53 - [TEST_STEP][PASSED] - Statement - counter = counter + 1: null

2018-12-14 01:18:53 - [TEST_STEP][PASSED] - Statement - PreSaveFile = new java.io.File(((pathPrefix + java.lang.Integer.toString(counter)) + .png)): null

2018-12-14 01:18:53 - [TEST_STEP][PASSED] - Statement - counter = counter + 1: null

2018-12-14 01:18:53 - [TEST_STEP][PASSED] - Statement - PreSaveFile = new java.io.File(((pathPrefix + java.lang.Integer.toString(counter)) + .png)): null

2018-12-14 01:18:53 - [TEST_STEP][PASSED] - Statement - counter = counter + 1: null

2018-12-14 01:18:53 - [TEST_STEP][PASSED] - Statement - PreSaveFile = new java.io.File(((pathPrefix + java.lang.Integer.toString(counter)) + .png)): null

2018-12-14 01:18:53 - [TEST_STEP][PASSED] - Statement - counter = counter + 1: null

2018-12-14 01:18:53 - [TEST_STEP][PASSED] - Statement - PreSaveFile = new java.io.File(((pathPrefix + java.lang.Integer.toString(counter)) + .png)): null

2018-12-14 01:18:53 - [TEST_STEP][PASSED] - Statement - counter = counter + 1: null

2018-12-14 01:18:53 - [TEST_STEP][PASSED] - Statement - PreSaveFile = new java.io.File(((pathPrefix + java.lang.Integer.toString(counter)) + .png)): null

2018-12-14 01:18:53 - [TEST_STEP][PASSED] - Statement - counter = counter + 1: null

2018-12-14 01:18:53 - [TEST_STEP][PASSED] - Statement - PreSaveFile = new java.io.File(((pathPrefix + java.lang.Integer.toString(counter)) + .png)): null

2018-12-14 01:18:53 - [TEST_STEP][PASSED] - Statement - counter = counter + 1: null

2018-12-14 01:18:53 - [TEST_STEP][PASSED] - Statement - PreSaveFile = new java.io.File(((pathPrefix + java.lang.Integer.toString(counter)) + .png)): null

2018-12-14 01:18:53 - [TEST_STEP][PASSED] - Statement - counter = counter + 1: null

2018-12-14 01:18:53 - [TEST_STEP][PASSED] - Statement - PreSaveFile = new java.io.File(((pathPrefix + java.lang.Integer.toString(counter)) + .png)): null

2018-12-14 01:18:53 - [TEST_STEP][PASSED] - Statement - counter = counter + 1: null

2018-12-14 01:18:53 - [TEST_STEP][PASSED] - Statement - PreSaveFile = new java.io.File(((pathPrefix + java.lang.Integer.toString(counter)) + .png)): null

2018-12-14 01:18:53 - [TEST_STEP][PASSED] - Statement - counter = counter + 1: null

2018-12-14 01:18:53 - [TEST_STEP][PASSED] - Statement - PreSaveFile = new java.io.File(((pathPrefix + java.lang.Integer.toString(counter)) + .png)): null

2018-12-14 01:18:53 - [TEST_STEP][PASSED] - Statement - counter = counter + 1: null

2018-12-14 01:18:53 - [TEST_STEP][PASSED] - Statement - PreSaveFile = new java.io.File(((pathPrefix + java.lang.Integer.toString(counter)) + .png)): null

2018-12-14 01:18:53 - [TEST_STEP][PASSED] - Statement - counter = counter + 1: null

2018-12-14 01:18:53 - [TEST_STEP][PASSED] - Statement - PreSaveFile = new java.io.File(((pathPrefix + java.lang.Integer.toString(counter)) + .png)): null

2018-12-14 01:18:53 - [TEST_STEP][PASSED] - Statement - counter = counter + 1: null

2018-12-14 01:18:53 - [TEST_STEP][PASSED] - Statement - PreSaveFile = new java.io.File(((pathPrefix + java.lang.Integer.toString(counter)) + .png)): null

2018-12-14 01:18:53 - [TEST_STEP][PASSED] - Statement - counter = counter + 1: null

2018-12-14 01:18:53 - [TEST_STEP][PASSED] - Statement - PreSaveFile = new java.io.File(((pathPrefix + java.lang.Integer.toString(counter)) + .png)): null

2018-12-14 01:18:53 - [TEST_STEP][PASSED] - Statement - counter = counter + 1: null

2018-12-14 01:18:53 - [TEST_STEP][PASSED] - Statement - PreSaveFile = new java.io.File(((pathPrefix + java.lang.Integer.toString(counter)) + .png)): null

2018-12-14 01:18:53 - [TEST_STEP][PASSED] - Statement - counter = counter + 1: null

2018-12-14 01:18:53 - [TEST_STEP][PASSED] - Statement - PreSaveFile = new java.io.File(((pathPrefix + java.lang.Integer.toString(counter)) + .png)): null

2018-12-14 01:18:53 - [TEST_STEP][PASSED] - Statement - counter = counter + 1: null

2018-12-14 01:18:53 - [TEST_STEP][PASSED] - Statement - PreSaveFile = new java.io.File(((pathPrefix + java.lang.Integer.toString(counter)) + .png)): null

2018-12-14 01:18:53 - [TEST_STEP][PASSED] - Statement - counter = counter + 1: null

2018-12-14 01:18:53 - [TEST_STEP][PASSED] - Statement - PreSaveFile = new java.io.File(((pathPrefix + java.lang.Integer.toString(counter)) + .png)): null

2018-12-14 01:18:53 - [TEST_STEP][PASSED] - Statement - counter = counter + 1: null

2018-12-14 01:18:53 - [TEST_STEP][PASSED] - Statement - PreSaveFile = new java.io.File(((pathPrefix + java.lang.Integer.toString(counter)) + .png)): null

2018-12-14 01:18:53 - [TEST_STEP][PASSED] - Statement - counter = counter + 1: null

2018-12-14 01:18:53 - [TEST_STEP][PASSED] - Statement - PreSaveFile = new java.io.File(((pathPrefix + java.lang.Integer.toString(counter)) + .png)): null

2018-12-14 01:18:53 - [TEST_STEP][PASSED] - Statement - counter = counter + 1: null

2018-12-14 01:18:53 - [TEST_STEP][PASSED] - Statement - PreSaveFile = new java.io.File(((pathPrefix + java.lang.Integer.toString(counter)) + .png)): null

2018-12-14 01:18:53 - [TEST_STEP][PASSED] - Statement - counter = counter + 1: null

2018-12-14 01:18:53 - [TEST_STEP][PASSED] - Statement - PreSaveFile = new java.io.File(((pathPrefix + java.lang.Integer.toString(counter)) + .png)): null

2018-12-14 01:18:53 - [TEST_STEP][PASSED] - Statement - counter = counter + 1: null

2018-12-14 01:18:53 - [TEST_STEP][PASSED] - Statement - PreSaveFile = new java.io.File(((pathPrefix + java.lang.Integer.toString(counter)) + .png)): null

2018-12-14 01:18:53 - [TEST_STEP][PASSED] - Statement - counter = counter + 1: null

2018-12-14 01:18:53 - [TEST_STEP][PASSED] - Statement - PreSaveFile = new java.io.File(((pathPrefix + java.lang.Integer.toString(counter)) + .png)): null

2018-12-14 01:18:53 - [TEST_STEP][PASSED] - Statement - counter = counter + 1: null

2018-12-14 01:18:53 - [TEST_STEP][PASSED] - Statement - PreSaveFile = new java.io.File(((pathPrefix + java.lang.Integer.toString(counter)) + .png)): null

2018-12-14 01:18:53 - [TEST_STEP][PASSED] - Statement - counter = counter + 1: null

2018-12-14 01:18:53 - [TEST_STEP][PASSED] - Statement - PreSaveFile = new java.io.File(((pathPrefix + java.lang.Integer.toString(counter)) + .png)): null

2018-12-14 01:18:53 - [TEST_STEP][PASSED] - Statement - counter = counter + 1: null

2018-12-14 01:18:53 - [TEST_STEP][PASSED] - Statement - PreSaveFile = new java.io.File(((pathPrefix + java.lang.Integer.toString(counter)) + .png)): null

2018-12-14 01:18:53 - [TEST_STEP][PASSED] - Statement - counter = counter + 1: null

2018-12-14 01:18:53 - [TEST_STEP][PASSED] - Statement - PreSaveFile = new java.io.File(((pathPrefix + java.lang.Integer.toString(counter)) + .png)): null

2018-12-14 01:18:53 - [TEST_STEP][PASSED] - Statement - counter = counter + 1: null

2018-12-14 01:18:53 - [TEST_STEP][PASSED] - Statement - PreSaveFile = new java.io.File(((pathPrefix + java.lang.Integer.toString(counter)) + .png)): null

2018-12-14 01:18:53 - [TEST_STEP][PASSED] - Statement - counter = counter + 1: null

2018-12-14 01:18:53 - [TEST_STEP][PASSED] - Statement - PreSaveFile = new java.io.File(((pathPrefix + java.lang.Integer.toString(counter)) + .png)): null

2018-12-14 01:18:53 - [TEST_STEP][PASSED] - Statement - counter = counter + 1: null

2018-12-14 01:18:53 - [TEST_STEP][PASSED] - Statement - PreSaveFile = new java.io.File(((pathPrefix + java.lang.Integer.toString(counter)) + .png)): null

2018-12-14 01:18:53 - [TEST_STEP][PASSED] - Statement - counter = counter + 1: null

2018-12-14 01:18:53 - [TEST_STEP][PASSED] - Statement - PreSaveFile = new java.io.File(((pathPrefix + java.lang.Integer.toString(counter)) + .png)): null

2018-12-14 01:18:53 - [TEST_STEP][PASSED] - Statement - counter = counter + 1: null

2018-12-14 01:18:53 - [TEST_STEP][PASSED] - Statement - PreSaveFile = new java.io.File(((pathPrefix + java.lang.Integer.toString(counter)) + .png)): null

2018-12-14 01:18:53 - [TEST_STEP][PASSED] - Statement - counter = counter + 1: null

2018-12-14 01:18:53 - [TEST_STEP][PASSED] - Statement - PreSaveFile = new java.io.File(((pathPrefix + java.lang.Integer.toString(counter)) + .png)): null

2018-12-14 01:18:53 - [TEST_STEP][PASSED] - Statement - counter = counter + 1: null

2018-12-14 01:18:53 - [TEST_STEP][PASSED] - Statement - PreSaveFile = new java.io.File(((pathPrefix + java.lang.Integer.toString(counter)) + .png)): null

2018-12-14 01:18:53 - [TEST_STEP][PASSED] - Statement - counter = counter + 1: null

2018-12-14 01:18:53 - [TEST_STEP][PASSED] - Statement - PreSaveFile = new java.io.File(((pathPrefix + java.lang.Integer.toString(counter)) + .png)): null

2018-12-14 01:18:53 - [TEST_STEP][PASSED] - Statement - counter = counter + 1: null

2018-12-14 01:18:53 - [TEST_STEP][PASSED] - Statement - PreSaveFile = new java.io.File(((pathPrefix + java.lang.Integer.toString(counter)) + .png)): null

2018-12-14 01:18:53 - [TEST_STEP][PASSED] - Statement - counter = counter + 1: null

2018-12-14 01:18:53 - [TEST_STEP][PASSED] - Statement - PreSaveFile = new java.io.File(((pathPrefix + java.lang.Integer.toString(counter)) + .png)): null

2018-12-14 01:18:53 - [TEST_STEP][PASSED] - Statement - counter = counter + 1: null

2018-12-14 01:18:53 - [TEST_STEP][PASSED] - Statement - PreSaveFile = new java.io.File(((pathPrefix + java.lang.Integer.toString(counter)) + .png)): null

2018-12-14 01:18:53 - [TEST_STEP][PASSED] - Statement - counter = counter + 1: null

2018-12-14 01:18:53 - [TEST_STEP][PASSED] - Statement - PreSaveFile = new java.io.File(((pathPrefix + java.lang.Integer.toString(counter)) + .png)): null

2018-12-14 01:18:53 - [TEST_STEP][PASSED] - Statement - counter = counter + 1: null

2018-12-14 01:18:53 - [TEST_STEP][PASSED] - Statement - PreSaveFile = new java.io.File(((pathPrefix + java.lang.Integer.toString(counter)) + .png)): null

2018-12-14 01:18:53 - [TEST_STEP][PASSED] - Statement - counter = counter + 1: null

2018-12-14 01:18:53 - [TEST_STEP][PASSED] - Statement - PreSaveFile = new java.io.File(((pathPrefix + java.lang.Integer.toString(counter)) + .png)): null

2018-12-14 01:18:53 - [TEST_STEP][PASSED] - Statement - counter = counter + 1: null

2018-12-14 01:18:53 - [TEST_STEP][PASSED] - Statement - PreSaveFile = new java.io.File(((pathPrefix + java.lang.Integer.toString(counter)) + .png)): null

2018-12-14 01:18:53 - [TEST_STEP][PASSED] - Statement - counter = counter + 1: null

2018-12-14 01:18:53 - [TEST_STEP][PASSED] - Statement - PreSaveFile = new java.io.File(((pathPrefix + java.lang.Integer.toString(counter)) + .png)): null

2018-12-14 01:18:53 - [TEST_STEP][PASSED] - Statement - counter = counter + 1: null

2018-12-14 01:18:53 - [TEST_STEP][PASSED] - Statement - PreSaveFile = new java.io.File(((pathPrefix + java.lang.Integer.toString(counter)) + .png)): null

2018-12-14 01:18:53 - [TEST_STEP][PASSED] - Statement - counter = counter + 1: null

2018-12-14 01:18:53 - [TEST_STEP][PASSED] - Statement - PreSaveFile = new java.io.File(((pathPrefix + java.lang.Integer.toString(counter)) + .png)): null

2018-12-14 01:18:53 - [TEST_STEP][PASSED] - Statement - counter = counter + 1: null

2018-12-14 01:18:53 - [TEST_STEP][PASSED] - Statement - PreSaveFile = new java.io.File(((pathPrefix + java.lang.Integer.toString(counter)) + .png)): null

2018-12-14 01:18:53 - [TEST_STEP][PASSED] - Statement - counter = counter + 1: null

2018-12-14 01:18:53 - [TEST_STEP][PASSED] - Statement - PreSaveFile = new java.io.File(((pathPrefix + java.lang.Integer.toString(counter)) + .png)): null

2018-12-14 01:18:53 - [TEST_STEP][PASSED] - Statement - counter = counter + 1: null

2018-12-14 01:18:53 - [TEST_STEP][PASSED] - Statement - PreSaveFile = new java.io.File(((pathPrefix + java.lang.Integer.toString(counter)) + .png)): null

2018-12-14 01:18:53 - [TEST_STEP][PASSED] - Statement - counter = counter + 1: null

2018-12-14 01:18:53 - [TEST_STEP][PASSED] - Statement - PreSaveFile = new java.io.File(((pathPrefix + java.lang.Integer.toString(counter)) + .png)): null

2018-12-14 01:18:53 - [TEST_STEP][PASSED] - Statement - counter = counter + 1: null

2018-12-14 01:18:53 - [TEST_STEP][PASSED] - Statement - PreSaveFile = new java.io.File(((pathPrefix + java.lang.Integer.toString(counter)) + .png)): null

2018-12-14 01:18:53 - [TEST_STEP][PASSED] - Statement - counter = counter + 1: null

2018-12-14 01:18:53 - [TEST_STEP][PASSED] - Statement - PreSaveFile = new java.io.File(((pathPrefix + java.lang.Integer.toString(counter)) + .png)): null

2018-12-14 01:18:53 - [TEST_STEP][PASSED] - Statement - counter = counter + 1: null

2018-12-14 01:18:53 - [TEST_STEP][PASSED] - Statement - PreSaveFile = new java.io.File(((pathPrefix + java.lang.Integer.toString(counter)) + .png)): null

2018-12-14 01:18:53 - [TEST_STEP][PASSED] - Statement - counter = counter + 1: null

2018-12-14 01:18:53 - [TEST_STEP][PASSED] - Statement - PreSaveFile = new java.io.File(((pathPrefix + java.lang.Integer.toString(counter)) + .png)): null

2018-12-14 01:18:53 - [TEST_STEP][PASSED] - Statement - counter = counter + 1: null

2018-12-14 01:18:53 - [TEST_STEP][PASSED] - Statement - PreSaveFile = new java.io.File(((pathPrefix + java.lang.Integer.toString(counter)) + .png)): null

2018-12-14 01:18:53 - [TEST_STEP][PASSED] - Statement - counter = counter + 1: null

2018-12-14 01:18:53 - [TEST_STEP][PASSED] - Statement - PreSaveFile = new java.io.File(((pathPrefix + java.lang.Integer.toString(counter)) + .png)): null

2018-12-14 01:18:53 - [TEST_STEP][PASSED] - Statement - counter = counter + 1: null

2018-12-14 01:18:53 - [TEST_STEP][PASSED] - Statement - PreSaveFile = new java.io.File(((pathPrefix + java.lang.Integer.toString(counter)) + .png)): null

2018-12-14 01:18:53 - [TEST_STEP][PASSED] - Statement - counter = counter + 1: null

2018-12-14 01:18:53 - [TEST_STEP][PASSED] - Statement - PreSaveFile = new java.io.File(((pathPrefix + java.lang.Integer.toString(counter)) + .png)): null

2018-12-14 01:18:53 - [TEST_STEP][PASSED] - Statement - counter = counter + 1: null

2018-12-14 01:18:53 - [TEST_STEP][PASSED] - Statement - PreSaveFile = new java.io.File(((pathPrefix + java.lang.Integer.toString(counter)) + .png)): null

2018-12-14 01:18:53 - [TEST_STEP][PASSED] - Statement - counter = counter + 1: null

2018-12-14 01:18:53 - [TEST_STEP][PASSED] - Statement - PreSaveFile = new java.io.File(((pathPrefix + java.lang.Integer.toString(counter)) + .png)): null

2018-12-14 01:18:53 - [TEST_STEP][PASSED] - Statement - counter = counter + 1: null

2018-12-14 01:18:53 - [TEST_STEP][PASSED] - Statement - PreSaveFile = new java.io.File(((pathPrefix + java.lang.Integer.toString(counter)) + .png)): null

2018-12-14 01:18:53 - [TEST_STEP][PASSED] - Statement - counter = counter + 1: null

2018-12-14 01:18:53 - [TEST_STEP][PASSED] - Statement - PreSaveFile = new java.io.File(((pathPrefix + java.lang.Integer.toString(counter)) + .png)): null

2018-12-14 01:18:53 - [TEST_STEP][PASSED] - Statement - counter = counter + 1: null

2018-12-14 01:18:53 - [TEST_STEP][PASSED] - Statement - PreSaveFile = new java.io.File(((pathPrefix + java.lang.Integer.toString(counter)) + .png)): null

2018-12-14 01:18:53 - [TEST_STEP][PASSED] - Statement - counter = counter + 1: null

2018-12-14 01:18:53 - [TEST_STEP][PASSED] - Statement - PreSaveFile = new java.io.File(((pathPrefix + java.lang.Integer.toString(counter)) + .png)): null

2018-12-14 01:18:53 - [TEST_STEP][PASSED] - Statement - counter = counter + 1: null

2018-12-14 01:18:53 - [TEST_STEP][PASSED] - Statement - PreSaveFile = new java.io.File(((pathPrefix + java.lang.Integer.toString(counter)) + .png)): null

2018-12-14 01:18:53 - [TEST_STEP][PASSED] - Statement - counter = counter + 1: null

2018-12-14 01:18:53 - [TEST_STEP][PASSED] - Statement - PreSaveFile = new java.io.File(((pathPrefix + java.lang.Integer.toString(counter)) + .png)): null

2018-12-14 01:18:53 - [TEST_STEP][PASSED] - Statement - counter = counter + 1: null

2018-12-14 01:18:53 - [TEST_STEP][PASSED] - Statement - PreSaveFile = new java.io.File(((pathPrefix + java.lang.Integer.toString(counter)) + .png)): null

2018-12-14 01:18:53 - [TEST_STEP][PASSED] - Statement - counter = counter + 1: null

2018-12-14 01:18:53 - [TEST_STEP][PASSED] - Statement - PreSaveFile = new java.io.File(((pathPrefix + java.lang.Integer.toString(counter)) + .png)): null

2018-12-14 01:18:53 - [TEST_STEP][PASSED] - Statement - counter = counter + 1: null

2018-12-14 01:18:53 - [TEST_STEP][PASSED] - Statement - PreSaveFile = new java.io.File(((pathPrefix + java.lang.Integer.toString(counter)) + .png)): null

2018-12-14 01:18:53 - [TEST_STEP][PASSED] - Statement - counter = counter + 1: null

2018-12-14 01:18:53 - [TEST_STEP][PASSED] - Statement - PreSaveFile = new java.io.File(((pathPrefix + java.lang.Integer.toString(counter)) + .png)): null

2018-12-14 01:18:53 - [TEST_STEP][PASSED] - Statement - counter = counter + 1: null

2018-12-14 01:18:53 - [TEST_STEP][PASSED] - Statement - PreSaveFile = new java.io.File(((pathPrefix + java.lang.Integer.toString(counter)) + .png)): null

2018-12-14 01:18:53 - [TEST_STEP][PASSED] - Statement - counter = counter + 1: null

2018-12-14 01:18:53 - [TEST_STEP][PASSED] - Statement - PreSaveFile = new java.io.File(((pathPrefix + java.lang.Integer.toString(counter)) + .png)): null

2018-12-14 01:18:53 - [TEST_STEP][PASSED] - Statement - counter = counter + 1: null

2018-12-14 01:18:53 - [TEST_STEP][PASSED] - Statement - PreSaveFile = new java.io.File(((pathPrefix + java.lang.Integer.toString(counter)) + .png)): null

2018-12-14 01:18:53 - [TEST_STEP][PASSED] - Statement - counter = counter + 1: null

2018-12-14 01:18:53 - [TEST_STEP][PASSED] - Statement - PreSaveFile = new java.io.File(((pathPrefix + java.lang.Integer.toString(counter)) + .png)): null

2018-12-14 01:18:53 - [TEST_STEP][PASSED] - Statement - counter = counter + 1: null

2018-12-14 01:18:53 - [TEST_STEP][PASSED] - Statement - PreSaveFile = new java.io.File(((pathPrefix + java.lang.Integer.toString(counter)) + .png)): null

2018-12-14 01:18:53 - [TEST_STEP][PASSED] - Statement - counter = counter + 1: null

2018-12-14 01:18:53 - [TEST_STEP][PASSED] - Statement - PreSaveFile = new java.io.File(((pathPrefix + java.lang.Integer.toString(counter)) + .png)): null

2018-12-14 01:18:53 - [TEST_STEP][PASSED] - Statement - counter = counter + 1: null

2018-12-14 01:18:53 - [TEST_STEP][PASSED] - Statement - PreSaveFile = new java.io.File(((pathPrefix + java.lang.Integer.toString(counter)) + .png)): null

2018-12-14 01:18:53 - [TEST_STEP][PASSED] - Statement - counter = counter + 1: null

2018-12-14 01:18:53 - [TEST_STEP][PASSED] - Statement - PreSaveFile = new java.io.File(((pathPrefix + java.lang.Integer.toString(counter)) + .png)): null

2018-12-14 01:18:53 - [TEST_STEP][PASSED] - Statement - counter = counter + 1: null

2018-12-14 01:18:53 - [TEST_STEP][PASSED] - Statement - PreSaveFile = new java.io.File(((pathPrefix + java.lang.Integer.toString(counter)) + .png)): null

2018-12-14 01:18:53 - [TEST_STEP][PASSED] - Statement - counter = counter + 1: null

2018-12-14 01:18:53 - [TEST_STEP][PASSED] - Statement - PreSaveFile = new java.io.File(((pathPrefix + java.lang.Integer.toString(counter)) + .png)): null

2018-12-14 01:18:53 - [TEST_STEP][PASSED] - Statement - counter = counter + 1: null

2018-12-14 01:18:53 - [TEST_STEP][PASSED] - Statement - PreSaveFile = new java.io.File(((pathPrefix + java.lang.Integer.toString(counter)) + .png)): null

2018-12-14 01:18:53 - [TEST_STEP][PASSED] - Statement - counter = counter + 1: null

2018-12-14 01:18:53 - [TEST_STEP][PASSED] - Statement - PreSaveFile = new java.io.File(((pathPrefix + java.lang.Integer.toString(counter)) + .png)): null

2018-12-14 01:18:53 - [TEST_STEP][PASSED] - Statement - counter = counter + 1: null

2018-12-14 01:18:53 - [TEST_STEP][PASSED] - Statement - PreSaveFile = new java.io.File(((pathPrefix + java.lang.Integer.toString(counter)) + .png)): null

2018-12-14 01:18:53 - [TEST_STEP][PASSED] - Statement - counter = counter + 1: null

2018-12-14 01:18:53 - [TEST_STEP][PASSED] - Statement - PreSaveFile = new java.io.File(((pathPrefix + java.lang.Integer.toString(counter)) + .png)): null

2018-12-14 01:18:53 - [TEST_STEP][PASSED] - Statement - counter = counter + 1: null

2018-12-14 01:18:53 - [TEST_STEP][PASSED] - Statement - PreSaveFile = new java.io.File(((pathPrefix + java.lang.Integer.toString(counter)) + .png)): null

2018-12-14 01:18:53 - [TEST_STEP][PASSED] - Statement - counter = counter + 1: null

2018-12-14 01:18:53 - [TEST_STEP][PASSED] - Statement - PreSaveFile = new java.io.File(((pathPrefix + java.lang.Integer.toString(counter)) + .png)): null

2018-12-14 01:18:53 - [TEST_STEP][PASSED] - Statement - counter = counter + 1: null

2018-12-14 01:18:53 - [TEST_STEP][PASSED] - Statement - PreSaveFile = new java.io.File(((pathPrefix + java.lang.Integer.toString(counter)) + .png)): null

2018-12-14 01:18:53 - [TEST_STEP][PASSED] - Statement - counter = counter + 1: null

2018-12-14 01:18:53 - [TEST_STEP][PASSED] - Statement - PreSaveFile = new java.io.File(((pathPrefix + java.lang.Integer.toString(counter)) + .png)): null

2018-12-14 01:18:53 - [TEST_STEP][PASSED] - Statement - counter = counter + 1: null

2018-12-14 01:18:53 - [TEST_STEP][PASSED] - Statement - PreSaveFile = new java.io.File(((pathPrefix + java.lang.Integer.toString(counter)) + .png)): null

2018-12-14 01:18:53 - [TEST_STEP][PASSED] - Statement - counter = counter + 1: null

2018-12-14 01:18:53 - [TEST_STEP][PASSED] - Statement - PreSaveFile = new java.io.File(((pathPrefix + java.lang.Integer.toString(counter)) + .png)): null

2018-12-14 01:18:53 - [TEST_STEP][PASSED] - Statement - counter = counter + 1: null

2018-12-14 01:18:53 - [TEST_STEP][PASSED] - Statement - PreSaveFile = new java.io.File(((pathPrefix + java.lang.Integer.toString(counter)) + .png)): null

2018-12-14 01:18:53 - [TEST_STEP][PASSED] - Statement - counter = counter + 1: null

2018-12-14 01:18:53 - [TEST_STEP][PASSED] - Statement - PreSaveFile = new java.io.File(((pathPrefix + java.lang.Integer.toString(counter)) + .png)): null

2018-12-14 01:18:53 - [TEST_STEP][PASSED] - Statement - counter = counter + 1: null

2018-12-14 01:18:53 - [TEST_STEP][PASSED] - Statement - PreSaveFile = new java.io.File(((pathPrefix + java.lang.Integer.toString(counter)) + .png)): null

2018-12-14 01:18:53 - [TEST_STEP][PASSED] - Statement - counter = counter + 1: null

2018-12-14 01:18:53 - [TEST_STEP][PASSED] - Statement - PreSaveFile = new java.io.File(((pathPrefix + java.lang.Integer.toString(counter)) + .png)): null

2018-12-14 01:18:53 - [TEST_STEP][PASSED] - Statement - counter = counter + 1: null

2018-12-14 01:18:53 - [TEST_STEP][PASSED] - Statement - PreSaveFile = new java.io.File(((pathPrefix + java.lang.Integer.toString(counter)) + .png)): null

2018-12-14 01:18:53 - [TEST_STEP][PASSED] - Statement - counter = counter + 1: null

2018-12-14 01:18:53 - [TEST_STEP][PASSED] - Statement - PreSaveFile = new java.io.File(((pathPrefix + java.lang.Integer.toString(counter)) + .png)): null

2018-12-14 01:18:53 - [TEST_STEP][PASSED] - Statement - counter = counter + 1: null

2018-12-14 01:18:53 - [TEST_STEP][PASSED] - Statement - PreSaveFile = new java.io.File(((pathPrefix + java.lang.Integer.toString(counter)) + .png)): null

2018-12-14 01:18:53 - [TEST_STEP][PASSED] - Statement - counter = counter + 1: null

2018-12-14 01:18:53 - [TEST_STEP][PASSED] - Statement - PreSaveFile = new java.io.File(((pathPrefix + java.lang.Integer.toString(counter)) + .png)): null

2018-12-14 01:18:53 - [TEST_STEP][PASSED] - Statement - counter = counter + 1: null

2018-12-14 01:18:53 - [TEST_STEP][PASSED] - Statement - PreSaveFile = new java.io.File(((pathPrefix + java.lang.Integer.toString(counter)) + .png)): null

2018-12-14 01:18:53 - [TEST_STEP][PASSED] - Statement - counter = counter + 1: null

2018-12-14 01:18:53 - [TEST_STEP][PASSED] - Statement - PreSaveFile = new java.io.File(((pathPrefix + java.lang.Integer.toString(counter)) + .png)): null

2018-12-14 01:18:53 - [TEST_STEP][PASSED] - Statement - counter = counter + 1: null

2018-12-14 01:18:53 - [TEST_STEP][PASSED] - Statement - PreSaveFile = new java.io.File(((pathPrefix + java.lang.Integer.toString(counter)) + .png)): null

2018-12-14 01:18:53 - [TEST_STEP][PASSED] - Statement - counter = counter + 1: null

2018-12-14 01:18:53 - [TEST_STEP][PASSED] - Statement - PreSaveFile = new java.io.File(((pathPrefix + java.lang.Integer.toString(counter)) + .png)): null

2018-12-14 01:18:53 - [TEST_STEP][PASSED] - Statement - counter = counter + 1: null

2018-12-14 01:18:53 - [TEST_STEP][PASSED] - Statement - PreSaveFile = new java.io.File(((pathPrefix + java.lang.Integer.toString(counter)) + .png)): null

2018-12-14 01:18:53 - [TEST_STEP][PASSED] - Statement - counter = counter + 1: null

2018-12-14 01:18:53 - [TEST_STEP][PASSED] - Statement - PreSaveFile = new java.io.File(((pathPrefix + java.lang.Integer.toString(counter)) + .png)): null

2018-12-14 01:18:53 - [TEST_STEP][PASSED] - Statement - counter = counter + 1: null

2018-12-14 01:18:53 - [TEST_STEP][PASSED] - Statement - PreSaveFile = new java.io.File(((pathPrefix + java.lang.Integer.toString(counter)) + .png)): null

2018-12-14 01:18:53 - [TEST_STEP][PASSED] - Statement - counter = counter + 1: null

2018-12-14 01:18:53 - [TEST_STEP][PASSED] - Statement - PreSaveFile = new java.io.File(((pathPrefix + java.lang.Integer.toString(counter)) + .png)): null

2018-12-14 01:18:53 - [TEST_STEP][PASSED] - Statement - counter = counter + 1: null

2018-12-14 01:18:53 - [TEST_STEP][PASSED] - Statement - PreSaveFile = new java.io.File(((pathPrefix + java.lang.Integer.toString(counter)) + .png)): null

2018-12-14 01:18:53 - [TEST_STEP][PASSED] - Statement - counter = counter + 1: null

2018-12-14 01:18:53 - [TEST_STEP][PASSED] - Statement - PreSaveFile = new java.io.File(((pathPrefix + java.lang.Integer.toString(counter)) + .png)): null

2018-12-14 01:18:53 - [TEST_STEP][PASSED] - Statement - counter = counter + 1: null

2018-12-14 01:18:53 - [TEST_STEP][PASSED] - Statement - PreSaveFile = new java.io.File(((pathPrefix + java.lang.Integer.toString(counter)) + .png)): null

2018-12-14 01:18:53 - [TEST_STEP][PASSED] - Statement - counter = counter + 1: null

2018-12-14 01:18:53 - [TEST_STEP][PASSED] - Statement - PreSaveFile = new java.io.File(((pathPrefix + java.lang.Integer.toString(counter)) + .png)): null

2018-12-14 01:18:53 - [TEST_STEP][PASSED] - Statement - counter = counter + 1: null

2018-12-14 01:18:53 - [TEST_STEP][PASSED] - Statement - PreSaveFile = new java.io.File(((pathPrefix + java.lang.Integer.toString(counter)) + .png)): null

2018-12-14 01:18:53 - [TEST_STEP][PASSED] - Statement - counter = counter + 1: null

2018-12-14 01:18:53 - [TEST_STEP][PASSED] - Statement - PreSaveFile = new java.io.File(((pathPrefix + java.lang.Integer.toString(counter)) + .png)): null

2018-12-14 01:18:53 - [TEST_STEP][PASSED] - Statement - counter = counter + 1: null

2018-12-14 01:18:53 - [TEST_STEP][PASSED] - Statement - PreSaveFile = new java.io.File(((pathPrefix + java.lang.Integer.toString(counter)) + .png)): null

2018-12-14 01:18:53 - [TEST_STEP][PASSED] - Statement - counter = counter + 1: null

2018-12-14 01:18:53 - [TEST_STEP][PASSED] - Statement - PreSaveFile = new java.io.File(((pathPrefix + java.lang.Integer.toString(counter)) + .png)): null

2018-12-14 01:18:53 - [TEST_STEP][PASSED] - Statement - counter = counter + 1: null

2018-12-14 01:18:53 - [TEST_STEP][PASSED] - Statement - PreSaveFile = new java.io.File(((pathPrefix + java.lang.Integer.toString(counter)) + .png)): null

2018-12-14 01:18:53 - [TEST_STEP][PASSED] - Statement - counter = counter + 1: null

2018-12-14 01:18:53 - [TEST_STEP][PASSED] - Statement - PreSaveFile = new java.io.File(((pathPrefix + java.lang.Integer.toString(counter)) + .png)): null

2018-12-14 01:18:53 - [TEST_STEP][PASSED] - Statement - counter = counter + 1: null

2018-12-14 01:18:53 - [TEST_STEP][PASSED] - Statement - PreSaveFile = new java.io.File(((pathPrefix + java.lang.Integer.toString(counter)) + .png)): null

2018-12-14 01:18:53 - [TEST_STEP][PASSED] - Statement - counter = counter + 1: null

2018-12-14 01:18:53 - [TEST_STEP][PASSED] - Statement - PreSaveFile = new java.io.File(((pathPrefix + java.lang.Integer.toString(counter)) + .png)): null

2018-12-14 01:18:53 - [TEST_STEP][PASSED] - Statement - counter = counter + 1: null

2018-12-14 01:18:53 - [TEST_STEP][PASSED] - Statement - PreSaveFile = new java.io.File(((pathPrefix + java.lang.Integer.toString(counter)) + .png)): null

2018-12-14 01:18:53 - [TEST_STEP][PASSED] - Statement - counter = counter + 1: null

2018-12-14 01:18:53 - [TEST_STEP][PASSED] - Statement - PreSaveFile = new java.io.File(((pathPrefix + java.lang.Integer.toString(counter)) + .png)): null

2018-12-14 01:18:53 - [TEST_STEP][PASSED] - Statement - counter = counter + 1: null

2018-12-14 01:18:53 - [TEST_STEP][PASSED] - Statement - PreSaveFile = new java.io.File(((pathPrefix + java.lang.Integer.toString(counter)) + .png)): null

2018-12-14 01:18:53 - [TEST_STEP][PASSED] - Statement - counter = counter + 1: null

2018-12-14 01:18:53 - [TEST_STEP][PASSED] - Statement - PreSaveFile = new java.io.File(((pathPrefix + java.lang.Integer.toString(counter)) + .png)): null

2018-12-14 01:18:53 - [TEST_STEP][PASSED] - Statement - counter = counter + 1: null

2018-12-14 01:18:53 - [TEST_STEP][PASSED] - Statement - PreSaveFile = new java.io.File(((pathPrefix + java.lang.Integer.toString(counter)) + .png)): null

2018-12-14 01:18:53 - [TEST_STEP][PASSED] - Statement - counter = counter + 1: null

2018-12-14 01:18:53 - [TEST_STEP][PASSED] - Statement - PreSaveFile = new java.io.File(((pathPrefix + java.lang.Integer.toString(counter)) + .png)): null

2018-12-14 01:18:53 - [TEST_STEP][PASSED] - Statement - counter = counter + 1: null

2018-12-14 01:18:53 - [TEST_STEP][PASSED] - Statement - PreSaveFile = new java.io.File(((pathPrefix + java.lang.Integer.toString(counter)) + .png)): null

2018-12-14 01:18:53 - [TEST_STEP][PASSED] - Statement - counter = counter + 1: null

2018-12-14 01:18:53 - [TEST_STEP][PASSED] - Statement - PreSaveFile = new java.io.File(((pathPrefix + java.lang.Integer.toString(counter)) + .png)): null

2018-12-14 01:18:53 - [TEST_STEP][PASSED] - Statement - counter = counter + 1: null

2018-12-14 01:18:53 - [TEST_STEP][PASSED] - Statement - PreSaveFile = new java.io.File(((pathPrefix + java.lang.Integer.toString(counter)) + .png)): null

2018-12-14 01:18:53 - [TEST_STEP][PASSED] - Statement - counter = counter + 1: null

2018-12-14 01:18:53 - [TEST_STEP][PASSED] - Statement - PreSaveFile = new java.io.File(((pathPrefix + java.lang.Integer.toString(counter)) + .png)): null

2018-12-14 01:18:53 - [TEST_STEP][PASSED] - Statement - counter = counter + 1: null

2018-12-14 01:18:53 - [TEST_STEP][PASSED] - Statement - PreSaveFile = new java.io.File(((pathPrefix + java.lang.Integer.toString(counter)) + .png)): null

2018-12-14 01:18:53 - [TEST_STEP][PASSED] - Statement - counter = counter + 1: null

2018-12-14 01:18:53 - [TEST_STEP][PASSED] - Statement - PreSaveFile = new java.io.File(((pathPrefix + java.lang.Integer.toString(counter)) + .png)): null

2018-12-14 01:18:53 - [TEST_STEP][PASSED] - Statement - counter = counter + 1: null

2018-12-14 01:18:53 - [TEST_STEP][PASSED] - Statement - PreSaveFile = new java.io.File(((pathPrefix + java.lang.Integer.toString(counter)) + .png)): null

2018-12-14 01:18:53 - [TEST_STEP][PASSED] - Statement - counter = counter + 1: null

2018-12-14 01:18:53 - [TEST_STEP][PASSED] - Statement - PreSaveFile = new java.io.File(((pathPrefix + java.lang.Integer.toString(counter)) + .png)): null

2018-12-14 01:18:53 - [TEST_STEP][PASSED] - Statement - counter = counter + 1: null

2018-12-14 01:18:53 - [TEST_STEP][PASSED] - Statement - PreSaveFile = new java.io.File(((pathPrefix + java.lang.Integer.toString(counter)) + .png)): null

2018-12-14 01:18:53 - [TEST_STEP][PASSED] - Statement - counter = counter + 1: null

2018-12-14 01:18:53 - [TEST_STEP][PASSED] - Statement - PreSaveFile = new java.io.File(((pathPrefix + java.lang.Integer.toString(counter)) + .png)): null

2018-12-14 01:18:53 - [TEST_STEP][PASSED] - Statement - counter = counter + 1: null

2018-12-14 01:18:53 - [TEST_STEP][PASSED] - Statement - PreSaveFile = new java.io.File(((pathPrefix + java.lang.Integer.toString(counter)) + .png)): null

2018-12-14 01:18:53 - [TEST_STEP][PASSED] - Statement - counter = counter + 1: null

2018-12-14 01:18:53 - [TEST_STEP][PASSED] - Statement - PreSaveFile = new java.io.File(((pathPrefix + java.lang.Integer.toString(counter)) + .png)): null

2018-12-14 01:18:53 - [TEST_STEP][PASSED] - Statement - counter = counter + 1: null

2018-12-14 01:18:53 - [TEST_STEP][PASSED] - Statement - PreSaveFile = new java.io.File(((pathPrefix + java.lang.Integer.toString(counter)) + .png)): null

2018-12-14 01:18:53 - [TEST_STEP][PASSED] - Statement - counter = counter + 1: null

2018-12-14 01:18:53 - [TEST_STEP][PASSED] - Statement - PreSaveFile = new java.io.File(((pathPrefix + java.lang.Integer.toString(counter)) + .png)): null

2018-12-14 01:18:53 - [TEST_STEP][PASSED] - Statement - counter = counter + 1: null

2018-12-14 01:18:53 - [TEST_STEP][PASSED] - Statement - PreSaveFile = new java.io.File(((pathPrefix + java.lang.Integer.toString(counter)) + .png)): null

2018-12-14 01:18:53 - [TEST_STEP][PASSED] - Statement - counter = counter + 1: null

2018-12-14 01:18:53 - [TEST_STEP][PASSED] - Statement - PreSaveFile = new java.io.File(((pathPrefix + java.lang.Integer.toString(counter)) + .png)): null

2018-12-14 01:18:53 - [TEST_STEP][PASSED] - Statement - counter = counter + 1: null

2018-12-14 01:18:53 - [TEST_STEP][PASSED] - Statement - PreSaveFile = new java.io.File(((pathPrefix + java.lang.Integer.toString(counter)) + .png)): null

2018-12-14 01:18:53 - [TEST_STEP][PASSED] - Statement - counter = counter + 1: null

2018-12-14 01:18:53 - [TEST_STEP][PASSED] - Statement - PreSaveFile = new java.io.File(((pathPrefix + java.lang.Integer.toString(counter)) + .png)): null

2018-12-14 01:18:53 - [TEST_STEP][PASSED] - Statement - counter = counter + 1: null

2018-12-14 01:18:53 - [TEST_STEP][PASSED] - Statement - PreSaveFile = new java.io.File(((pathPrefix + java.lang.Integer.toString(counter)) + .png)): null

2018-12-14 01:18:53 - [TEST_STEP][PASSED] - Statement - counter = counter + 1: null

2018-12-14 01:18:53 - [TEST_STEP][PASSED] - Statement - PreSaveFile = new java.io.File(((pathPrefix + java.lang.Integer.toString(counter)) + .png)): null

2018-12-14 01:18:53 - [TEST_STEP][PASSED] - Statement - counter = counter + 1: null

2018-12-14 01:18:53 - [TEST_STEP][PASSED] - Statement - PreSaveFile = new java.io.File(((pathPrefix + java.lang.Integer.toString(counter)) + .png)): null

2018-12-14 01:18:53 - [TEST_STEP][PASSED] - Statement - counter = counter + 1: null

2018-12-14 01:18:53 - [TEST_STEP][PASSED] - Statement - PreSaveFile = new java.io.File(((pathPrefix + java.lang.Integer.toString(counter)) + .png)): null

2018-12-14 01:18:53 - [TEST_STEP][PASSED] - Statement - counter = counter + 1: null

2018-12-14 01:18:53 - [TEST_STEP][PASSED] - Statement - PreSaveFile = new java.io.File(((pathPrefix + java.lang.Integer.toString(counter)) + .png)): null

2018-12-14 01:18:53 - [TEST_STEP][PASSED] - Statement - counter = counter + 1: null

2018-12-14 01:18:53 - [TEST_STEP][PASSED] - Statement - PreSaveFile = new java.io.File(((pathPrefix + java.lang.Integer.toString(counter)) + .png)): null

2018-12-14 01:18:53 - [TEST_STEP][PASSED] - Statement - counter = counter + 1: null

2018-12-14 01:18:53 - [TEST_STEP][PASSED] - Statement - PreSaveFile = new java.io.File(((pathPrefix + java.lang.Integer.toString(counter)) + .png)): null

2018-12-14 01:18:53 - [TEST_STEP][PASSED] - Statement - counter = counter + 1: null

2018-12-14 01:18:53 - [TEST_STEP][PASSED] - Statement - PreSaveFile = new java.io.File(((pathPrefix + java.lang.Integer.toString(counter)) + .png)): null

2018-12-14 01:18:53 - [TEST_STEP][PASSED] - Statement - counter = counter + 1: null

2018-12-14 01:18:53 - [TEST_STEP][PASSED] - Statement - PreSaveFile = new java.io.File(((pathPrefix + java.lang.Integer.toString(counter)) + .png)): null

2018-12-14 01:18:53 - [TEST_STEP][PASSED] - Statement - counter = counter + 1: null

2018-12-14 01:18:53 - [TEST_STEP][PASSED] - Statement - PreSaveFile = new java.io.File(((pathPrefix + java.lang.Integer.toString(counter)) + .png)): null

2018-12-14 01:18:53 - [TEST_STEP][PASSED] - Statement - counter = counter + 1: null

2018-12-14 01:18:53 - [TEST_STEP][PASSED] - Statement - PreSaveFile = new java.io.File(((pathPrefix + java.lang.Integer.toString(counter)) + .png)): null

2018-12-14 01:18:53 - [TEST_STEP][PASSED] - Statement - counter = counter + 1: null

2018-12-14 01:18:53 - [TEST_STEP][PASSED] - Statement - PreSaveFile = new java.io.File(((pathPrefix + java.lang.Integer.toString(counter)) + .png)): null

2018-12-14 01:18:53 - [TEST_STEP][PASSED] - Statement - counter = counter + 1: null

2018-12-14 01:18:53 - [TEST_STEP][PASSED] - Statement - PreSaveFile = new java.io.File(((pathPrefix + java.lang.Integer.toString(counter)) + .png)): null

2018-12-14 01:18:53 - [TEST_STEP][PASSED] - Statement - counter = counter + 1: null

2018-12-14 01:18:53 - [TEST_STEP][PASSED] - Statement - PreSaveFile = new java.io.File(((pathPrefix + java.lang.Integer.toString(counter)) + .png)): null

2018-12-14 01:18:53 - [TEST_STEP][PASSED] - Statement - counter = counter + 1: null

2018-12-14 01:18:53 - [TEST_STEP][PASSED] - Statement - PreSaveFile = new java.io.File(((pathPrefix + java.lang.Integer.toString(counter)) + .png)): null

2018-12-14 01:18:53 - [TEST_STEP][PASSED] - Statement - counter = counter + 1: null

2018-12-14 01:18:53 - [TEST_STEP][PASSED] - Statement - PreSaveFile = new java.io.File(((pathPrefix + java.lang.Integer.toString(counter)) + .png)): null

2018-12-14 01:18:53 - [TEST_STEP][PASSED] - Statement - counter = counter + 1: null

2018-12-14 01:18:53 - [TEST_STEP][PASSED] - Statement - PreSaveFile = new java.io.File(((pathPrefix + java.lang.Integer.toString(counter)) + .png)): null

2018-12-14 01:18:53 - [TEST_STEP][PASSED] - Statement - counter = counter + 1: null

2018-12-14 01:18:53 - [TEST_STEP][PASSED] - Statement - PreSaveFile = new java.io.File(((pathPrefix + java.lang.Integer.toString(counter)) + .png)): null

2018-12-14 01:18:53 - [TEST_STEP][PASSED] - Statement - counter = counter + 1: null

2018-12-14 01:18:53 - [TEST_STEP][PASSED] - Statement - PreSaveFile = new java.io.File(((pathPrefix + java.lang.Integer.toString(counter)) + .png)): null

2018-12-14 01:18:53 - [TEST_STEP][PASSED] - Statement - counter = counter + 1: null

2018-12-14 01:18:53 - [TEST_STEP][PASSED] - Statement - PreSaveFile = new java.io.File(((pathPrefix + java.lang.Integer.toString(counter)) + .png)): null

2018-12-14 01:18:53 - [TEST_STEP][PASSED] - Statement - counter = counter + 1: null

2018-12-14 01:18:53 - [TEST_STEP][PASSED] - Statement - PreSaveFile = new java.io.File(((pathPrefix + java.lang.Integer.toString(counter)) + .png)): null

2018-12-14 01:18:53 - [TEST_STEP][PASSED] - Statement - counter = counter + 1: null

2018-12-14 01:18:53 - [TEST_STEP][PASSED] - Statement - PreSaveFile = new java.io.File(((pathPrefix + java.lang.Integer.toString(counter)) + .png)): null

2018-12-14 01:18:53 - [TEST_STEP][PASSED] - Statement - counter = counter + 1: null

2018-12-14 01:18:53 - [TEST_STEP][PASSED] - Statement - PreSaveFile = new java.io.File(((pathPrefix + java.lang.Integer.toString(counter)) + .png)): null

2018-12-14 01:18:53 - [TEST_STEP][PASSED] - Statement - counter = counter + 1: null

2018-12-14 01:18:53 - [TEST_STEP][PASSED] - Statement - PreSaveFile = new java.io.File(((pathPrefix + java.lang.Integer.toString(counter)) + .png)): null

2018-12-14 01:18:53 - [TEST_STEP][PASSED] - Statement - counter = counter + 1: null

2018-12-14 01:18:53 - [TEST_STEP][PASSED] - Statement - PreSaveFile = new java.io.File(((pathPrefix + java.lang.Integer.toString(counter)) + .png)): null

2018-12-14 01:18:53 - [TEST_STEP][PASSED] - Statement - counter = counter + 1: null

2018-12-14 01:18:53 - [TEST_STEP][PASSED] - Statement - PreSaveFile = new java.io.File(((pathPrefix + java.lang.Integer.toString(counter)) + .png)): null

2018-12-14 01:18:53 - [TEST_STEP][PASSED] - Statement - counter = counter + 1: null

2018-12-14 01:18:54 - [TEST_STEP][PASSED] - Statement - PreSaveFile = new java.io.File(((pathPrefix + java.lang.Integer.toString(counter)) + .png)): null

2018-12-14 01:18:54 - [TEST_STEP][PASSED] - Statement - counter = counter + 1: null

2018-12-14 01:18:54 - [TEST_STEP][PASSED] - Statement - PreSaveFile = new java.io.File(((pathPrefix + java.lang.Integer.toString(counter)) + .png)): null

2018-12-14 01:18:54 - [TEST_STEP][PASSED] - Statement - counter = counter + 1: null

2018-12-14 01:18:54 - [TEST_STEP][PASSED] - Statement - PreSaveFile = new java.io.File(((pathPrefix + java.lang.Integer.toString(counter)) + .png)): null

2018-12-14 01:18:54 - [TEST_STEP][PASSED] - Statement - counter = counter + 1: null

2018-12-14 01:18:54 - [TEST_STEP][PASSED] - Statement - PreSaveFile = new java.io.File(((pathPrefix + java.lang.Integer.toString(counter)) + .png)): null

2018-12-14 01:18:54 - [TEST_STEP][PASSED] - Statement - counter = counter + 1: null

2018-12-14 01:18:54 - [TEST_STEP][PASSED] - Statement - PreSaveFile = new java.io.File(((pathPrefix + java.lang.Integer.toString(counter)) + .png)): null

2018-12-14 01:18:54 - [TEST_STEP][PASSED] - Statement - counter = counter + 1: null

2018-12-14 01:18:54 - [TEST_STEP][PASSED] - Statement - PreSaveFile = new java.io.File(((pathPrefix + java.lang.Integer.toString(counter)) + .png)): null

2018-12-14 01:18:54 - [TEST_STEP][PASSED] - Statement - counter = counter + 1: null

2018-12-14 01:18:54 - [TEST_STEP][PASSED] - Statement - PreSaveFile = new java.io.File(((pathPrefix + java.lang.Integer.toString(counter)) + .png)): null

2018-12-14 01:18:54 - [TEST_STEP][PASSED] - Statement - counter = counter + 1: null

2018-12-14 01:18:54 - [TEST_STEP][PASSED] - Statement - PreSaveFile = new java.io.File(((pathPrefix + java.lang.Integer.toString(counter)) + .png)): null

2018-12-14 01:18:54 - [TEST_STEP][PASSED] - Statement - counter = counter + 1: null

2018-12-14 01:18:54 - [TEST_STEP][PASSED] - Statement - PreSaveFile = new java.io.File(((pathPrefix + java.lang.Integer.toString(counter)) + .png)): null

2018-12-14 01:18:54 - [TEST_STEP][PASSED] - Statement - counter = counter + 1: null

2018-12-14 01:18:54 - [TEST_STEP][PASSED] - Statement - PreSaveFile = new java.io.File(((pathPrefix + java.lang.Integer.toString(counter)) + .png)): null

2018-12-14 01:18:54 - [TEST_STEP][PASSED] - Statement - counter = counter + 1: null

2018-12-14 01:18:54 - [TEST_STEP][PASSED] - Statement - PreSaveFile = new java.io.File(((pathPrefix + java.lang.Integer.toString(counter)) + .png)): null

2018-12-14 01:18:54 - [TEST_STEP][PASSED] - Statement - counter = counter + 1: null

2018-12-14 01:18:54 - [TEST_STEP][PASSED] - Statement - PreSaveFile = new java.io.File(((pathPrefix + java.lang.Integer.toString(counter)) + .png)): null

2018-12-14 01:18:54 - [TEST_STEP][PASSED] - Statement - counter = counter + 1: null

2018-12-14 01:18:54 - [TEST_STEP][PASSED] - Statement - PreSaveFile = new java.io.File(((pathPrefix + java.lang.Integer.toString(counter)) + .png)): null

2018-12-14 01:18:54 - [TEST_STEP][PASSED] - Statement - counter = counter + 1: null

2018-12-14 01:18:54 - [TEST_STEP][PASSED] - Statement - PreSaveFile = new java.io.File(((pathPrefix + java.lang.Integer.toString(counter)) + .png)): null

2018-12-14 01:18:54 - [TEST_STEP][PASSED] - Statement - counter = counter + 1: null

2018-12-14 01:18:54 - [TEST_STEP][PASSED] - Statement - PreSaveFile = new java.io.File(((pathPrefix + java.lang.Integer.toString(counter)) + .png)): null

2018-12-14 01:18:54 - [TEST_STEP][PASSED] - Statement - counter = counter + 1: null

2018-12-14 01:18:54 - [TEST_STEP][PASSED] - Statement - PreSaveFile = new java.io.File(((pathPrefix + java.lang.Integer.toString(counter)) + .png)): null

2018-12-14 01:18:54 - [TEST_STEP][PASSED] - Statement - counter = counter + 1: null

2018-12-14 01:18:54 - [TEST_STEP][PASSED] - Statement - PreSaveFile = new java.io.File(((pathPrefix + java.lang.Integer.toString(counter)) + .png)): null

2018-12-14 01:18:54 - [TEST_STEP][PASSED] - Statement - counter = counter + 1: null

2018-12-14 01:18:54 - [TEST_STEP][PASSED] - Statement - PreSaveFile = new java.io.File(((pathPrefix + java.lang.Integer.toString(counter)) + .png)): null

2018-12-14 01:18:54 - [TEST_STEP][PASSED] - Statement - counter = counter + 1: null

2018-12-14 01:18:54 - [TEST_STEP][PASSED] - Statement - PreSaveFile = new java.io.File(((pathPrefix + java.lang.Integer.toString(counter)) + .png)): null

2018-12-14 01:18:54 - [TEST_STEP][PASSED] - Statement - counter = counter + 1: null

2018-12-14 01:18:54 - [TEST_STEP][PASSED] - Statement - PreSaveFile = new java.io.File(((pathPrefix + java.lang.Integer.toString(counter)) + .png)): null

2018-12-14 01:18:54 - [TEST_STEP][PASSED] - Statement - counter = counter + 1: null

2018-12-14 01:18:54 - [TEST_STEP][PASSED] - Statement - PreSaveFile = new java.io.File(((pathPrefix + java.lang.Integer.toString(counter)) + .png)): null

2018-12-14 01:18:54 - [TEST_STEP][PASSED] - Statement - counter = counter + 1: null

2018-12-14 01:18:54 - [TEST_STEP][PASSED] - Statement - PreSaveFile = new java.io.File(((pathPrefix + java.lang.Integer.toString(counter)) + .png)): null

2018-12-14 01:18:54 - [TEST_STEP][PASSED] - Statement - counter = counter + 1: null

2018-12-14 01:18:54 - [TEST_STEP][PASSED] - Statement - PreSaveFile = new java.io.File(((pathPrefix + java.lang.Integer.toString(counter)) + .png)): null

2018-12-14 01:18:54 - [TEST_STEP][PASSED] - Statement - counter = counter + 1: null

2018-12-14 01:18:54 - [TEST_STEP][PASSED] - Statement - PreSaveFile = new java.io.File(((pathPrefix + java.lang.Integer.toString(counter)) + .png)): null

2018-12-14 01:18:54 - [TEST_STEP][PASSED] - Statement - counter = counter + 1: null

2018-12-14 01:18:54 - [TEST_STEP][PASSED] - Statement - PreSaveFile = new java.io.File(((pathPrefix + java.lang.Integer.toString(counter)) + .png)): null

2018-12-14 01:18:54 - [TEST_STEP][PASSED] - Statement - counter = counter + 1: null

2018-12-14 01:18:54 - [TEST_STEP][PASSED] - Statement - PreSaveFile = new java.io.File(((pathPrefix + java.lang.Integer.toString(counter)) + .png)): null

2018-12-14 01:18:54 - [TEST_STEP][PASSED] - Statement - counter = counter + 1: null

2018-12-14 01:18:54 - [TEST_STEP][PASSED] - Statement - PreSaveFile = new java.io.File(((pathPrefix + java.lang.Integer.toString(counter)) + .png)): null

2018-12-14 01:18:54 - [TEST_STEP][PASSED] - Statement - counter = counter + 1: null

2018-12-14 01:18:54 - [TEST_STEP][PASSED] - Statement - PreSaveFile = new java.io.File(((pathPrefix + java.lang.Integer.toString(counter)) + .png)): null

2018-12-14 01:18:54 - [TEST_STEP][PASSED] - Statement - counter = counter + 1: null

2018-12-14 01:18:54 - [TEST_STEP][PASSED] - Statement - PreSaveFile = new java.io.File(((pathPrefix + java.lang.Integer.toString(counter)) + .png)): null

2018-12-14 01:18:54 - [TEST_STEP][PASSED] - Statement - counter = counter + 1: null

2018-12-14 01:18:54 - [TEST_STEP][PASSED] - Statement - PreSaveFile = new java.io.File(((pathPrefix + java.lang.Integer.toString(counter)) + .png)): null

2018-12-14 01:18:54 - [TEST_STEP][PASSED] - Statement - counter = counter + 1: null

2018-12-14 01:18:54 - [TEST_STEP][PASSED] - Statement - PreSaveFile = new java.io.File(((pathPrefix + java.lang.Integer.toString(counter)) + .png)): null

2018-12-14 01:18:54 - [TEST_STEP][PASSED] - Statement - counter = counter + 1: null

2018-12-14 01:18:54 - [TEST_STEP][PASSED] - Statement - PreSaveFile = new java.io.File(((pathPrefix + java.lang.Integer.toString(counter)) + .png)): null

2018-12-14 01:18:54 - [TEST_STEP][PASSED] - Statement - counter = counter + 1: null

2018-12-14 01:18:54 - [TEST_STEP][PASSED] - Statement - PreSaveFile = new java.io.File(((pathPrefix + java.lang.Integer.toString(counter)) + .png)): null

2018-12-14 01:18:54 - [TEST_STEP][PASSED] - Statement - counter = counter + 1: null

2018-12-14 01:18:54 - [TEST_STEP][PASSED] - Statement - PreSaveFile = new java.io.File(((pathPrefix + java.lang.Integer.toString(counter)) + .png)): null

2018-12-14 01:18:54 - [TEST_STEP][PASSED] - Statement - counter = counter + 1: null

2018-12-14 01:18:54 - [TEST_STEP][PASSED] - Statement - PreSaveFile = new java.io.File(((pathPrefix + java.lang.Integer.toString(counter)) + .png)): null

2018-12-14 01:18:54 - [TEST_STEP][PASSED] - Statement - counter = counter + 1: null

2018-12-14 01:18:54 - [TEST_STEP][PASSED] - Statement - PreSaveFile = new java.io.File(((pathPrefix + java.lang.Integer.toString(counter)) + .png)): null

2018-12-14 01:18:54 - [TEST_STEP][PASSED] - Statement - counter = counter + 1: null

2018-12-14 01:18:54 - [TEST_STEP][PASSED] - Statement - PreSaveFile = new java.io.File(((pathPrefix + java.lang.Integer.toString(counter)) + .png)): null

2018-12-14 01:18:54 - [TEST_STEP][PASSED] - Statement - finalPath = pathPrefix + java.lang.Integer.toString(counter) + ".png": null

2018-12-14 01:18:54 - [TEST_STEP][PASSED] - Statement - SaveFile = new java.io.File(finalPath): null

2018-12-14 01:18:54 - [TEST_STEP][PASSED] - Statement - Try: null

2018-12-14 01:18:54 - [TEST_STEP][PASSED] - Statement - org.apache.commons.io.FileUtils.copyFile(scrFile, SaveFile): null

2018-12-14 01:18:54 - [TEST_STEP][PASSED] - Statement - out.println("file kept"): null

2018-12-14 01:18:54 - [TEST_STEP][PASSED] - delay: Delayed 10 second(s)

2018-12-14 01:19:04 - [MESSAGE][PASSED] - Delayed 10 second(s)

2018-12-14 01:19:04 - [MESSAGE][PASSED] - Call Test Case 'Test Cases/Final Aug 2018 - PKS Automation/Common/Screenshoting tool' successfully

2018-12-14 01:19:04 - [TEST_STEP][PASSED] - callTestCase: Call Test Case 'Test Cases/Final Aug 2018 - PKS Automation/Registration Module/Log Out/log out avoiding katalon tagging' successfully

2018-12-14 01:19:04 - [TEST_CASE][PASSED] - Test Cases/Final Aug 2018 - PKS Automation/Registration Module/Log Out/log out avoiding katalon tagging: Test Cases/Final Aug 2018 - PKS Automation/Registration Module/Log Out/log out avoiding katalon tagging

2018-12-14 01:19:04 - [TEST_STEP][PASSED] - navigateToUrl: Navigate to 'https://assist2-uat.perkeso.gov.my/c/portal/logout' successfully

2018-12-14 01:19:05 - [MESSAGE][PASSED] - Navigate to 'https://assist2-uat.perkeso.gov.my/c/portal/logout' successfully

2018-12-14 01:19:05 - [MESSAGE][PASSED] - Call Test Case 'Test Cases/Final Aug 2018 - PKS Automation/Registration Module/Log Out/log out avoiding katalon tagging' successfully

2018-12-14 01:19:05 - [TEST_STEP][PASSED] - callTestCase: Call Test Case 'Test Cases/Final Aug 2018 - PKS Automation/Common/Workflow Owner Finder' successfully

2018-12-14 01:19:05 - [TEST_CASE][PASSED] - Test Cases/Final Aug 2018 - PKS Automation/Common/Workflow Owner Finder: Test Cases/Final Aug 2018 - PKS Automation/Common/Workflow Owner Finder

2018-12-14 01:19:05 - [TEST_STEP][PASSED] - openBrowser: Browser is opened with url: ''

2018-12-14 01:19:05 - [MESSAGE][WARNING] - A browser is already opened. Closing browser and opening a new one

2018-12-14 01:19:09 - [MESSAGE][PASSED] - Browser is opened with url: ''

2018-12-14 01:19:09 - [TEST_STEP][PASSED] - navigateToUrl: Navigate to 'https://assist2-uat.perkeso.gov.my/login' successfully

2018-12-14 01:19:10 - [MESSAGE][PASSED] - Navigate to 'https://assist2-uat.perkeso.gov.my/login' successfully

2018-12-14 01:19:10 - [TEST_STEP][PASSED] - delay: Delayed 5 second(s)

2018-12-14 01:19:15 - [MESSAGE][PASSED] - Delayed 5 second(s)

2018-12-14 01:19:15 - [TEST_STEP][PASSED] - setText: Text 'test@liferay.com' is set on object 'Object Repository/Final Object Repo/Login Page/Internal User/Email Address'

2018-12-14 01:19:15 - [MESSAGE][PASSED] - Text 'test@liferay.com' is set on object 'Object Repository/Final Object Repo/Login Page/Internal User/Email Address'

2018-12-14 01:19:15 - [TEST_STEP][PASSED] - click: Object: 'Object Repository/Final Object Repo/Login Page/Internal User/Next Button' is clicked on

2018-12-14 01:19:15 - [MESSAGE][PASSED] - Object: 'Object Repository/Final Object Repo/Login Page/Internal User/Next Button' is clicked on

2018-12-14 01:19:15 - [TEST_STEP][PASSED] - delay: Delayed 2 second(s)

2018-12-14 01:19:17 - [MESSAGE][PASSED] - Delayed 2 second(s)

2018-12-14 01:19:17 - [TEST_STEP][PASSED] - setText: Text 'test' is set on object 'Object Repository/Final Object Repo/Login Page/Internal User/Password'

2018-12-14 01:19:17 - [MESSAGE][PASSED] - Text 'test' is set on object 'Object Repository/Final Object Repo/Login Page/Internal User/Password'

2018-12-14 01:19:17 - [TEST_STEP][PASSED] - delay: Delayed 2 second(s)

2018-12-14 01:19:19 - [MESSAGE][PASSED] - Delayed 2 second(s)

2018-12-14 01:19:19 - [TEST_STEP][PASSED] - click: Object: 'Object Repository/Final Object Repo/Login Page/Internal User/Login Button' is clicked on

2018-12-14 01:19:20 - [MESSAGE][PASSED] - Object: 'Object Repository/Final Object Repo/Login Page/Internal User/Login Button' is clicked on

2018-12-14 01:19:20 - [TEST_STEP][PASSED] - Statement - tester = com.kms.katalon.core.testobject.ObjectRepository.findTestObject(Final Object Repo/Landing Page/Select to English): Finding Test Object with id 'Object Repository/Final Object Repo/Landing Page/Select to English'

2018-12-14 01:19:20 - [TEST_STEP][PASSED] - Statement - Try: Delayed 2 second(s)

2018-12-14 01:19:20 - [TEST_STEP][PASSED] - Statement - Checker = com.kms.katalon.core.webui.keyword.WebUiBuiltInKeywords.verifyElementNotPresent(tester, 3): Web element with id: 'Object Repository/Final Object Repo/Landing Page/Select to English' located by 'By.xpath: //a[@class = 'taglib-language-list-text' and @lang = 'en-US' and (contains(text(), 'EN') or contains(., 'EN'))]' is not present after '3' second(s)

2018-12-14 01:19:21 - [MESSAGE][PASSED] - Web element with id: 'Object Repository/Final Object Repo/Landing Page/Select to English' located by 'By.xpath: //a[@class = 'taglib-language-list-text' and @lang = 'en-US' and (contains(text(), 'EN') or contains(., 'EN'))]' is not present after '3' second(s)

2018-12-14 01:19:21 - [TEST_STEP][PASSED] - Statement - If (Checker == false): null

2018-12-14 01:19:21 - [TEST_STEP][PASSED] - delay: Delayed 2 second(s)

2018-12-14 01:19:23 - [MESSAGE][PASSED] - Delayed 2 second(s)

2018-12-14 01:19:23 - [TEST_STEP][PASSED] - delay: Delayed 5 second(s)

2018-12-14 01:19:28 - [MESSAGE][PASSED] - Delayed 5 second(s)

2018-12-14 01:19:28 - [TEST_STEP][PASSED] - mouseOver: Object: 'Object Repository/Final Object Repo/Landing Page/WorkFlow Menu' is hovered

2018-12-14 01:19:28 - [MESSAGE][PASSED] - Object: 'Object Repository/Final Object Repo/Landing Page/WorkFlow Menu' is hovered

2018-12-14 01:19:28 - [TEST_STEP][PASSED] - delay: Delayed 2 second(s)

2018-12-14 01:19:30 - [MESSAGE][PASSED] - Delayed 2 second(s)

2018-12-14 01:19:30 - [TEST_STEP][PASSED] - click: Object: 'Object Repository/Final Object Repo/Landing Page/Select to Workflow Listing' is clicked on

2018-12-14 01:19:32 - [MESSAGE][PASSED] - Object: 'Object Repository/Final Object Repo/Landing Page/Select to Workflow Listing' is clicked on

2018-12-14 01:19:32 - [TEST_STEP][PASSED] - delay: Delayed 2 second(s)

2018-12-14 01:19:34 - [MESSAGE][PASSED] - Delayed 2 second(s)

2018-12-14 01:19:34 - [TEST_STEP][PASSED] - click: Object: 'Object Repository/Final Object Repo/WorkFlow Listing Page/Search Information - To Put Ref No' is clicked on

2018-12-14 01:19:34 - [MESSAGE][PASSED] - Object: 'Object Repository/Final Object Repo/WorkFlow Listing Page/Search Information - To Put Ref No' is clicked on

2018-12-14 01:19:34 - [TEST_STEP][PASSED] - delay: Delayed 2 second(s)

2018-12-14 01:19:36 - [MESSAGE][PASSED] - Delayed 2 second(s)

2018-12-14 01:19:36 - [TEST_STEP][PASSED] - callTestCase: Call Test Case 'Test Cases/Final Aug 2018 - PKS Automation/Common/Reference Number Getter' successfully

2018-12-14 01:19:36 - [TEST_CASE][PASSED] - Test Cases/Final Aug 2018 - PKS Automation/Common/Reference Number Getter: Test Cases/Final Aug 2018 - PKS Automation/Common/Reference Number Getter

2018-12-14 01:19:36 - [TEST_STEP][PASSED] - Statement - Try: null

2018-12-14 01:19:36 - [TEST_STEP][PASSED] - Statement - RefNo = new java.io.File(C://Users//Admin//Desktop//PKS//Automation Reference Point//KatalonReference.txt): null

2018-12-14 01:19:36 - [TEST_STEP][PASSED] - Statement - bufferread = new java.io.BufferedReader(new java.io.FileReader(RefNo)): null

2018-12-14 01:19:36 - [TEST_STEP][PASSED] - Statement - readedVal = bufferread.readLine(): null

2018-12-14 01:19:36 - [TEST_STEP][PASSED] - Statement - out.println(CaseReferenceNo): null

2018-12-14 01:19:36 - [TEST_STEP][PASSED] - Statement - out.println(readedVal): null

2018-12-14 01:19:36 - [TEST_STEP][PASSED] - Statement - CaseReferenceNo = "": null

2018-12-14 01:19:36 - [TEST_STEP][PASSED] - Statement - CaseReferenceNo = readedVal: null

2018-12-14 01:19:36 - [MESSAGE][PASSED] - Call Test Case 'Test Cases/Final Aug 2018 - PKS Automation/Common/Reference Number Getter' successfully

2018-12-14 01:19:36 - [TEST_STEP][PASSED] - setText: Text 'CAN12201800002351' is set on object 'Object Repository/Final Object Repo/WorkFlow Listing Page/Ref No Set Text'

2018-12-14 01:19:36 - [MESSAGE][PASSED] - Text 'CAN12201800002351' is set on object 'Object Repository/Final Object Repo/WorkFlow Listing Page/Ref No Set Text'

2018-12-14 01:19:36 - [TEST_STEP][PASSED] - delay: Delayed 2 second(s)

2018-12-14 01:19:38 - [MESSAGE][PASSED] - Delayed 2 second(s)

2018-12-14 01:19:38 - [TEST_STEP][PASSED] - click: Object: 'Object Repository/Final Object Repo/WorkFlow Listing Page/Search Ref No Search Button' is clicked on

2018-12-14 01:19:38 - [MESSAGE][PASSED] - Object: 'Object Repository/Final Object Repo/WorkFlow Listing Page/Search Ref No Search Button' is clicked on

2018-12-14 01:19:38 - [TEST_STEP][PASSED] - delay: Delayed 6 second(s)

2018-12-14 01:19:44 - [MESSAGE][PASSED] - Delayed 6 second(s)

2018-12-14 01:19:44 - [TEST_STEP][PASSED] - click: Object: 'Object Repository/Final Object Repo/WorkFlow Listing Page/Click Continue Tooltip' is clicked on

2018-12-14 01:19:45 - [MESSAGE][PASSED] - Object: 'Object Repository/Final Object Repo/WorkFlow Listing Page/Click Continue Tooltip' is clicked on

2018-12-14 01:19:45 - [TEST_STEP][PASSED] - delay: Delayed 5 second(s)

2018-12-14 01:19:50 - [MESSAGE][PASSED] - Delayed 5 second(s)

2018-12-14 01:19:50 - [TEST_STEP][PASSED] - doubleClick: Object: 'Object Repository/Final Object Repo/WorkFlow Listing Page/Workflow Found - Listing 1' is double clicked on

2018-12-14 01:19:51 - [MESSAGE][PASSED] - Object: 'Object Repository/Final Object Repo/WorkFlow Listing Page/Workflow Found - Listing 1' is double clicked on

2018-12-14 01:19:51 - [TEST_STEP][PASSED] - Statement - println(OwnerID): null

2018-12-14 01:19:51 - [TEST_STEP][PASSED] - Statement - OwnerID = com.kms.katalon.core.webui.keyword.WebUiBuiltInKeywords.getText(com.kms.katalon.core.testobject.ObjectRepository.findTestObject(Final Object Repo/WorkFlow Listing Page/Workflow Found - Listing 1), STOP_ON_FAILURE): Text of object 'Object Repository/Final Object Repo/WorkFlow Listing Page/Workflow Found - Listing 1' is: 'JOHORro2'

2018-12-14 01:19:51 - [MESSAGE][PASSED] - Text of object 'Object Repository/Final Object Repo/WorkFlow Listing Page/Workflow Found - Listing 1' is: 'JOHORro2'

2018-12-14 01:19:51 - [TEST_STEP][PASSED] - Statement - OwnerID = OwnerID.toLowerCase() + "@gmail.com": null

2018-12-14 01:19:51 - [TEST_STEP][PASSED] - Statement - println(OwnerID): null

2018-12-14 01:19:51 - [TEST_STEP][PASSED] - delay: Delayed 2 second(s)

2018-12-14 01:19:53 - [MESSAGE][PASSED] - Delayed 2 second(s)

2018-12-14 01:19:53 - [MESSAGE][PASSED] - Call Test Case 'Test Cases/Final Aug 2018 - PKS Automation/Common/Workflow Owner Finder' successfully

2018-12-14 01:19:53 - [TEST_STEP][PASSED] - callTestCase: Call Test Case 'Test Cases/Final Aug 2018 - PKS Automation/Registration Module/Log Out/log out avoiding katalon tagging' successfully

2018-12-14 01:19:53 - [TEST_CASE][PASSED] - Test Cases/Final Aug 2018 - PKS Automation/Registration Module/Log Out/log out avoiding katalon tagging: Test Cases/Final Aug 2018 - PKS Automation/Registration Module/Log Out/log out avoiding katalon tagging

2018-12-14 01:19:53 - [TEST_STEP][PASSED] - navigateToUrl: Navigate to 'https://assist2-uat.perkeso.gov.my/c/portal/logout' successfully

2018-12-14 01:19:54 - [MESSAGE][PASSED] - Navigate to 'https://assist2-uat.perkeso.gov.my/c/portal/logout' successfully

2018-12-14 01:19:54 - [MESSAGE][PASSED] - Call Test Case 'Test Cases/Final Aug 2018 - PKS Automation/Registration Module/Log Out/log out avoiding katalon tagging' successfully

2018-12-14 01:19:54 - [TEST_STEP][PASSED] - delay: Delayed 2 second(s)

2018-12-14 01:19:56 - [MESSAGE][PASSED] - Delayed 2 second(s)

2018-12-14 01:19:56 - [TEST_STEP][PASSED] - setText: Text 'johorro2@gmail.com' is set on object 'Object Repository/Final Object Repo/Page_Update Add New Employee - ASSIST/Email TextBox'

2018-12-14 01:19:56 - [MESSAGE][PASSED] - Text 'johorro2@gmail.com' is set on object 'Object Repository/Final Object Repo/Page_Update Add New Employee - ASSIST/Email TextBox'

2018-12-14 01:19:56 - [TEST_STEP][PASSED] - click: Object: 'Object Repository/Final Object Repo/Page_Update Add New Employee - ASSIST/Next Button' is clicked on

2018-12-14 01:19:56 - [MESSAGE][PASSED] - Object: 'Object Repository/Final Object Repo/Page_Update Add New Employee - ASSIST/Next Button' is clicked on

2018-12-14 01:19:56 - [TEST_STEP][PASSED] - delay: Delayed 2 second(s)

2018-12-14 01:19:58 - [MESSAGE][PASSED] - Delayed 2 second(s)

2018-12-14 01:19:58 - [TEST_STEP][PASSED] - setText: Text 'Test1@3456789' is set on object 'Object Repository/Final Object Repo/Page_Update Add New Employee - ASSIST/Password TextBox'

2018-12-14 01:19:58 - [MESSAGE][PASSED] - Text 'Test1@3456789' is set on object 'Object Repository/Final Object Repo/Page_Update Add New Employee - ASSIST/Password TextBox'

2018-12-14 01:19:58 - [TEST_STEP][PASSED] - delay: Delayed 2 second(s)

2018-12-14 01:20:00 - [MESSAGE][PASSED] - Delayed 2 second(s)

2018-12-14 01:20:00 - [TEST_STEP][PASSED] - click: Object: 'Object Repository/Final Object Repo/Page_Update Add New Employee - ASSIST/Login Button' is clicked on

2018-12-14 01:20:01 - [MESSAGE][PASSED] - Object: 'Object Repository/Final Object Repo/Page_Update Add New Employee - ASSIST/Login Button' is clicked on

2018-12-14 01:20:01 - [TEST_STEP][PASSED] - delay: Delayed 4 second(s)

2018-12-14 01:20:05 - [MESSAGE][PASSED] - Delayed 4 second(s)

2018-12-14 01:20:05 - [TEST_STEP][PASSED] - Statement - Try: Delayed 2 second(s)

2018-12-14 01:20:05 - [TEST_STEP][PASSED] - Statement - Checker = false: null

2018-12-14 01:20:05 - [TEST_STEP][PASSED] - Statement - Checker = com.kms.katalon.core.webui.keyword.WebUiBuiltInKeywords.verifyElementHasAttribute(com.kms.katalon.core.testobject.ObjectRepository.findTestObject(Final Object Repo/Landing Page/BM Detecting), "href", 20, OPTIONAL): Object 'Object Repository/Final Object Repo/Landing Page/BM Detecting' has attribute 'href'

2018-12-14 01:20:05 - [MESSAGE][PASSED] - Object 'Object Repository/Final Object Repo/Landing Page/BM Detecting' has attribute 'href'

2018-12-14 01:20:05 - [TEST_STEP][PASSED] - Statement - out.println(Checker): null

2018-12-14 01:20:05 - [TEST_STEP][PASSED] - Statement - If (Checker == false): null

2018-12-14 01:20:05 - [TEST_STEP][PASSED] - Statement - Else: null

2018-12-14 01:20:05 - [TEST_STEP][PASSED] - delay: Delayed 2 second(s)

2018-12-14 01:20:07 - [MESSAGE][PASSED] - Delayed 2 second(s)

2018-12-14 01:20:07 - [TEST_STEP][PASSED] - delay: Delayed 4 second(s)

2018-12-14 01:20:11 - [MESSAGE][PASSED] - Delayed 4 second(s)

2018-12-14 01:20:11 - [TEST_STEP][PASSED] - click: Object: 'Object Repository/Final Object Repo/New Registration - Registration Module Pages/New Reg - OTC to RO/Special Case - All Related Objects/Expand to Search' is clicked on

2018-12-14 01:20:11 - [MESSAGE][PASSED] - Object: 'Object Repository/Final Object Repo/New Registration - Registration Module Pages/New Reg - OTC to RO/Special Case - All Related Objects/Expand to Search' is clicked on

2018-12-14 01:20:11 - [TEST_STEP][FAILED] - setText: Unable to set text 'CAN12201800002351' of object 'Object Repository/Final Object Repo/New Registration - Registration Module Pages/New Reg - OTC to RO/Special Case - All Related Objects/TextBox RefNo in Workbasket' (Root cause: org.openqa.selenium.ElementNotVisibleException: element not interactable
  (Session info: chrome=70.0.3538.110)
  (Driver info: chromedriver=2.43.600210 (68dcf5eebde37173d4027fa8635e332711d2874a),platform=Windows NT 6.1.7601 SP1 x86_64) (WARNING: The server did not provide any stacktrace information)
Command duration or timeout: 0 milliseconds
Build info: version: '3.7.1', revision: '8a0099a', time: '2017-11-06T21:07:36.161Z'
System info: host: 'WIN7TEST02', ip: '10.20.3.72', os.name: 'Windows 7', os.arch: 'amd64', os.version: '6.1', java.version: '1.8.0_181'
Driver info: com.kms.katalon.selenium.driver.CChromeDriver
Capabilities {acceptInsecureCerts: false, acceptSslCerts: false, applicationCacheEnabled: false, browserConnectionEnabled: false, browserName: chrome, chrome: {chromedriverVersion: 2.43.600210 (68dcf5eebde371..., userDataDir: C:\Users\Admin\AppData\Loca...}, cssSelectorsEnabled: true, databaseEnabled: false, goog:chromeOptions: {debuggerAddress: localhost:63638}, handlesAlerts: true, hasTouchScreen: false, javascriptEnabled: true, locationContextEnabled: true, mobileEmulationEnabled: false, nativeEvents: true, networkConnectionEnabled: false, pageLoadStrategy: normal, platform: XP, platformName: XP, rotatable: false, setWindowRect: true, takesHeapSnapshot: true, takesScreenshot: true, unexpectedAlertBehaviour: , unhandledPromptBehavior: , version: 70.0.3538.110, webStorageEnabled: true}
Session ID: 8df03e7460e53697c697ead2f103541d)

2018-12-14 01:20:11 - [MESSAGE][FAILED] - Unable to set text 'CAN12201800002351' of object 'Object Repository/Final Object Repo/New Registration - Registration Module Pages/New Reg - OTC to RO/Special Case - All Related Objects/TextBox RefNo in Workbasket' (Root cause: org.openqa.selenium.ElementNotVisibleException: element not interactable
  (Session info: chrome=70.0.3538.110)
  (Driver info: chromedriver=2.43.600210 (68dcf5eebde37173d4027fa8635e332711d2874a),platform=Windows NT 6.1.7601 SP1 x86_64) (WARNING: The server did not provide any stacktrace information)
Command duration or timeout: 0 milliseconds
Build info: version: '3.7.1', revision: '8a0099a', time: '2017-11-06T21:07:36.161Z'
System info: host: 'WIN7TEST02', ip: '10.20.3.72', os.name: 'Windows 7', os.arch: 'amd64', os.version: '6.1', java.version: '1.8.0_181'
Driver info: com.kms.katalon.selenium.driver.CChromeDriver
Capabilities {acceptInsecureCerts: false, acceptSslCerts: false, applicationCacheEnabled: false, browserConnectionEnabled: false, browserName: chrome, chrome: {chromedriverVersion: 2.43.600210 (68dcf5eebde371..., userDataDir: C:\Users\Admin\AppData\Loca...}, cssSelectorsEnabled: true, databaseEnabled: false, goog:chromeOptions: {debuggerAddress: localhost:63638}, handlesAlerts: true, hasTouchScreen: false, javascriptEnabled: true, locationContextEnabled: true, mobileEmulationEnabled: false, nativeEvents: true, networkConnectionEnabled: false, pageLoadStrategy: normal, platform: XP, platformName: XP, rotatable: false, setWindowRect: true, takesHeapSnapshot: true, takesScreenshot: true, unexpectedAlertBehaviour: , unhandledPromptBehavior: , version: 70.0.3538.110, webStorageEnabled: true}
Session ID: 8df03e7460e53697c697ead2f103541d)
[[ATTACHMENT|C:\\Users\\Admin\\Desktop\\PKS\\Perkeso Phase A\\Reports\\Workflow\\Update Add New Employee\\20181213_225844\\1544721611438.png]]

2018-12-14 01:20:11 - [TEST_STEP][PASSED] - delay: Delayed 2 second(s)

2018-12-14 01:20:13 - [MESSAGE][PASSED] - Delayed 2 second(s)

2018-12-14 01:20:13 - [TEST_STEP][PASSED] - click: Object: 'Object Repository/Final Object Repo/New Registration - Registration Module Pages/New Reg - OTC to RO/Special Case - All Related Objects/Click Search' is clicked on

2018-12-14 01:20:14 - [MESSAGE][PASSED] - Object: 'Object Repository/Final Object Repo/New Registration - Registration Module Pages/New Reg - OTC to RO/Special Case - All Related Objects/Click Search' is clicked on

2018-12-14 01:20:14 - [TEST_STEP][PASSED] - delay: Delayed 10 second(s)

2018-12-14 01:20:24 - [MESSAGE][PASSED] - Delayed 10 second(s)

2018-12-14 01:20:24 - [TEST_STEP][PASSED] - click: Object: 'Object Repository/Final Object Repo/New Registration - Registration Module Pages/New Reg - OTC to RO/Special Case - All Related Objects/Click to Continue Workflow' is clicked on

2018-12-14 01:20:28 - [MESSAGE][PASSED] - Object: 'Object Repository/Final Object Repo/New Registration - Registration Module Pages/New Reg - OTC to RO/Special Case - All Related Objects/Click to Continue Workflow' is clicked on

2018-12-14 01:20:28 - [TEST_STEP][PASSED] - delay: Delayed 10 second(s)

2018-12-14 01:20:38 - [MESSAGE][PASSED] - Delayed 10 second(s)

2018-12-14 01:20:38 - [TEST_STEP][PASSED] - click: Object: 'Object Repository/Final Object Repo/New Registration - Registration Module Pages/New Reg - OTC to RO/Special Case - All Related Objects/Continue Button in verifying case' is clicked on

2018-12-14 01:20:41 - [MESSAGE][PASSED] - Object: 'Object Repository/Final Object Repo/New Registration - Registration Module Pages/New Reg - OTC to RO/Special Case - All Related Objects/Continue Button in verifying case' is clicked on

2018-12-14 01:20:41 - [TEST_STEP][PASSED] - delay: Delayed 2 second(s)

2018-12-14 01:20:43 - [MESSAGE][PASSED] - Delayed 2 second(s)

2018-12-14 01:20:43 - [TEST_STEP][PASSED] - click: Object: 'Object Repository/Final Object Repo/Page_Update Add New Employee - ASSIST/Save  Continue Button' is clicked on

2018-12-14 01:20:43 - [MESSAGE][PASSED] - Object: 'Object Repository/Final Object Repo/Page_Update Add New Employee - ASSIST/Save  Continue Button' is clicked on

2018-12-14 01:20:43 - [TEST_STEP][PASSED] - delay: Delayed 8 second(s)

2018-12-14 01:20:51 - [MESSAGE][PASSED] - Delayed 8 second(s)

2018-12-14 01:20:51 - [TEST_STEP][PASSED] - click: Object: 'Object Repository/Final Object Repo/Page_Update Add New Employee - ASSIST/Save  Continue Third Screen' is clicked on

2018-12-14 01:20:55 - [MESSAGE][PASSED] - Object: 'Object Repository/Final Object Repo/Page_Update Add New Employee - ASSIST/Save  Continue Third Screen' is clicked on

2018-12-14 01:20:55 - [TEST_STEP][PASSED] - delay: Delayed 4 second(s)

2018-12-14 01:20:59 - [MESSAGE][PASSED] - Delayed 4 second(s)

2018-12-14 01:20:59 - [TEST_STEP][PASSED] - click: Object: 'Object Repository/Final Object Repo/Page_Update Add New Employee - ASSIST/Save   Continue Supporting Doc Page' is clicked on

2018-12-14 01:20:59 - [MESSAGE][PASSED] - Object: 'Object Repository/Final Object Repo/Page_Update Add New Employee - ASSIST/Save   Continue Supporting Doc Page' is clicked on

2018-12-14 01:20:59 - [TEST_STEP][PASSED] - delay: Delayed 4 second(s)

2018-12-14 01:21:03 - [MESSAGE][PASSED] - Delayed 4 second(s)

2018-12-14 01:21:03 - [TEST_STEP][PASSED] - click: Object: 'Object Repository/Final Object Repo/Page_Update Add New Employee - ASSIST/Under Enforcement Button at Preview Screen of RO' is clicked on

2018-12-14 01:21:03 - [MESSAGE][PASSED] - Object: 'Object Repository/Final Object Repo/Page_Update Add New Employee - ASSIST/Under Enforcement Button at Preview Screen of RO' is clicked on

2018-12-14 01:21:03 - [TEST_STEP][PASSED] - delay: Delayed 4 second(s)

2018-12-14 01:21:07 - [MESSAGE][PASSED] - Delayed 4 second(s)

2018-12-14 01:21:07 - [TEST_STEP][PASSED] - click: Object: 'Object Repository/Final Object Repo/Page_Update Add New Employee - ASSIST/Under Enforcement - inner form' is clicked on

2018-12-14 01:21:07 - [MESSAGE][PASSED] - Object: 'Object Repository/Final Object Repo/Page_Update Add New Employee - ASSIST/Under Enforcement - inner form' is clicked on

2018-12-14 01:21:07 - [TEST_STEP][PASSED] - delay: Delayed 4 second(s)

2018-12-14 01:21:11 - [MESSAGE][PASSED] - Delayed 4 second(s)

2018-12-14 01:21:11 - [TEST_STEP][PASSED] - callTestCase: Call Test Case 'Test Cases/Final Aug 2018 - PKS Automation/Common/Screenshoting tool' successfully

2018-12-14 01:21:11 - [TEST_CASE][PASSED] - Test Cases/Final Aug 2018 - PKS Automation/Common/Screenshoting tool: Test Cases/Final Aug 2018 - PKS Automation/Common/Screenshoting tool

2018-12-14 01:21:11 - [TEST_STEP][PASSED] - delay: Delayed 15 second(s)

2018-12-14 01:21:26 - [MESSAGE][PASSED] - Delayed 15 second(s)

2018-12-14 01:21:26 - [TEST_STEP][PASSED] - Statement - driver = com.kms.katalon.core.webui.driver.DriverFactory.getWebDriver(): null

2018-12-14 01:21:26 - [TEST_STEP][PASSED] - Statement - driver.manage().timeouts().implicitlyWait(10, SECONDS): null

2018-12-14 01:21:26 - [TEST_STEP][PASSED] - Statement - PresavePath = KatalonScreenshots: null

2018-12-14 01:21:26 - [TEST_STEP][PASSED] - Statement - pathPrefix = "C:\Users\Public\Pictures\Sample Pictures\Katalon Screenshots\Automate Ending Screen": null

2018-12-14 01:21:26 - [TEST_STEP][PASSED] - Statement - finalPath = <not implemented yet for class: org.codehaus.groovy.ast.expr.EmptyExpression>: null

2018-12-14 01:21:26 - [TEST_STEP][PASSED] - Statement - scrFile = driver.getScreenshotAs(FILE): null

2018-12-14 01:21:26 - [TEST_STEP][PASSED] - Statement - PreSaveFile = new java.io.File(PresavePath): null

2018-12-14 01:21:26 - [TEST_STEP][PASSED] - Statement - counter = 0: null

2018-12-14 01:21:26 - [TEST_STEP][PASSED] - Statement - If (PreSaveFile.exists()): null

2018-12-14 01:21:26 - [TEST_STEP][PASSED] - Statement - While (PreSaveFile.exists()): null

2018-12-14 01:21:26 - [TEST_STEP][PASSED] - Statement - counter = counter + 1: null

2018-12-14 01:21:26 - [TEST_STEP][PASSED] - Statement - PreSaveFile = new java.io.File(((pathPrefix + java.lang.Integer.toString(counter)) + .png)): null

2018-12-14 01:21:26 - [TEST_STEP][PASSED] - Statement - counter = counter + 1: null

2018-12-14 01:21:26 - [TEST_STEP][PASSED] - Statement - PreSaveFile = new java.io.File(((pathPrefix + java.lang.Integer.toString(counter)) + .png)): null

2018-12-14 01:21:26 - [TEST_STEP][PASSED] - Statement - counter = counter + 1: null

2018-12-14 01:21:26 - [TEST_STEP][PASSED] - Statement - PreSaveFile = new java.io.File(((pathPrefix + java.lang.Integer.toString(counter)) + .png)): null

2018-12-14 01:21:26 - [TEST_STEP][PASSED] - Statement - counter = counter + 1: null

2018-12-14 01:21:26 - [TEST_STEP][PASSED] - Statement - PreSaveFile = new java.io.File(((pathPrefix + java.lang.Integer.toString(counter)) + .png)): null

2018-12-14 01:21:26 - [TEST_STEP][PASSED] - Statement - counter = counter + 1: null

2018-12-14 01:21:26 - [TEST_STEP][PASSED] - Statement - PreSaveFile = new java.io.File(((pathPrefix + java.lang.Integer.toString(counter)) + .png)): null

2018-12-14 01:21:26 - [TEST_STEP][PASSED] - Statement - counter = counter + 1: null

2018-12-14 01:21:26 - [TEST_STEP][PASSED] - Statement - PreSaveFile = new java.io.File(((pathPrefix + java.lang.Integer.toString(counter)) + .png)): null

2018-12-14 01:21:26 - [TEST_STEP][PASSED] - Statement - counter = counter + 1: null

2018-12-14 01:21:26 - [TEST_STEP][PASSED] - Statement - PreSaveFile = new java.io.File(((pathPrefix + java.lang.Integer.toString(counter)) + .png)): null

2018-12-14 01:21:26 - [TEST_STEP][PASSED] - Statement - counter = counter + 1: null

2018-12-14 01:21:26 - [TEST_STEP][PASSED] - Statement - PreSaveFile = new java.io.File(((pathPrefix + java.lang.Integer.toString(counter)) + .png)): null

2018-12-14 01:21:26 - [TEST_STEP][PASSED] - Statement - counter = counter + 1: null

2018-12-14 01:21:26 - [TEST_STEP][PASSED] - Statement - PreSaveFile = new java.io.File(((pathPrefix + java.lang.Integer.toString(counter)) + .png)): null

2018-12-14 01:21:26 - [TEST_STEP][PASSED] - Statement - counter = counter + 1: null

2018-12-14 01:21:26 - [TEST_STEP][PASSED] - Statement - PreSaveFile = new java.io.File(((pathPrefix + java.lang.Integer.toString(counter)) + .png)): null

2018-12-14 01:21:26 - [TEST_STEP][PASSED] - Statement - counter = counter + 1: null

2018-12-14 01:21:26 - [TEST_STEP][PASSED] - Statement - PreSaveFile = new java.io.File(((pathPrefix + java.lang.Integer.toString(counter)) + .png)): null

2018-12-14 01:21:26 - [TEST_STEP][PASSED] - Statement - counter = counter + 1: null

2018-12-14 01:21:26 - [TEST_STEP][PASSED] - Statement - PreSaveFile = new java.io.File(((pathPrefix + java.lang.Integer.toString(counter)) + .png)): null

2018-12-14 01:21:26 - [TEST_STEP][PASSED] - Statement - counter = counter + 1: null

2018-12-14 01:21:26 - [TEST_STEP][PASSED] - Statement - PreSaveFile = new java.io.File(((pathPrefix + java.lang.Integer.toString(counter)) + .png)): null

2018-12-14 01:21:26 - [TEST_STEP][PASSED] - Statement - counter = counter + 1: null

2018-12-14 01:21:26 - [TEST_STEP][PASSED] - Statement - PreSaveFile = new java.io.File(((pathPrefix + java.lang.Integer.toString(counter)) + .png)): null

2018-12-14 01:21:26 - [TEST_STEP][PASSED] - Statement - counter = counter + 1: null

2018-12-14 01:21:26 - [TEST_STEP][PASSED] - Statement - PreSaveFile = new java.io.File(((pathPrefix + java.lang.Integer.toString(counter)) + .png)): null

2018-12-14 01:21:26 - [TEST_STEP][PASSED] - Statement - counter = counter + 1: null

2018-12-14 01:21:26 - [TEST_STEP][PASSED] - Statement - PreSaveFile = new java.io.File(((pathPrefix + java.lang.Integer.toString(counter)) + .png)): null

2018-12-14 01:21:26 - [TEST_STEP][PASSED] - Statement - counter = counter + 1: null

2018-12-14 01:21:26 - [TEST_STEP][PASSED] - Statement - PreSaveFile = new java.io.File(((pathPrefix + java.lang.Integer.toString(counter)) + .png)): null

2018-12-14 01:21:26 - [TEST_STEP][PASSED] - Statement - counter = counter + 1: null

2018-12-14 01:21:26 - [TEST_STEP][PASSED] - Statement - PreSaveFile = new java.io.File(((pathPrefix + java.lang.Integer.toString(counter)) + .png)): null

2018-12-14 01:21:26 - [TEST_STEP][PASSED] - Statement - counter = counter + 1: null

2018-12-14 01:21:26 - [TEST_STEP][PASSED] - Statement - PreSaveFile = new java.io.File(((pathPrefix + java.lang.Integer.toString(counter)) + .png)): null

2018-12-14 01:21:26 - [TEST_STEP][PASSED] - Statement - counter = counter + 1: null

2018-12-14 01:21:26 - [TEST_STEP][PASSED] - Statement - PreSaveFile = new java.io.File(((pathPrefix + java.lang.Integer.toString(counter)) + .png)): null

2018-12-14 01:21:26 - [TEST_STEP][PASSED] - Statement - counter = counter + 1: null

2018-12-14 01:21:26 - [TEST_STEP][PASSED] - Statement - PreSaveFile = new java.io.File(((pathPrefix + java.lang.Integer.toString(counter)) + .png)): null

2018-12-14 01:21:26 - [TEST_STEP][PASSED] - Statement - counter = counter + 1: null

2018-12-14 01:21:26 - [TEST_STEP][PASSED] - Statement - PreSaveFile = new java.io.File(((pathPrefix + java.lang.Integer.toString(counter)) + .png)): null

2018-12-14 01:21:26 - [TEST_STEP][PASSED] - Statement - counter = counter + 1: null

2018-12-14 01:21:26 - [TEST_STEP][PASSED] - Statement - PreSaveFile = new java.io.File(((pathPrefix + java.lang.Integer.toString(counter)) + .png)): null

2018-12-14 01:21:27 - [TEST_STEP][PASSED] - Statement - counter = counter + 1: null

2018-12-14 01:21:27 - [TEST_STEP][PASSED] - Statement - PreSaveFile = new java.io.File(((pathPrefix + java.lang.Integer.toString(counter)) + .png)): null

2018-12-14 01:21:27 - [TEST_STEP][PASSED] - Statement - counter = counter + 1: null

2018-12-14 01:21:27 - [TEST_STEP][PASSED] - Statement - PreSaveFile = new java.io.File(((pathPrefix + java.lang.Integer.toString(counter)) + .png)): null

2018-12-14 01:21:27 - [TEST_STEP][PASSED] - Statement - counter = counter + 1: null

2018-12-14 01:21:27 - [TEST_STEP][PASSED] - Statement - PreSaveFile = new java.io.File(((pathPrefix + java.lang.Integer.toString(counter)) + .png)): null

2018-12-14 01:21:27 - [TEST_STEP][PASSED] - Statement - counter = counter + 1: null

2018-12-14 01:21:27 - [TEST_STEP][PASSED] - Statement - PreSaveFile = new java.io.File(((pathPrefix + java.lang.Integer.toString(counter)) + .png)): null

2018-12-14 01:21:27 - [TEST_STEP][PASSED] - Statement - counter = counter + 1: null

2018-12-14 01:21:27 - [TEST_STEP][PASSED] - Statement - PreSaveFile = new java.io.File(((pathPrefix + java.lang.Integer.toString(counter)) + .png)): null

2018-12-14 01:21:27 - [TEST_STEP][PASSED] - Statement - counter = counter + 1: null

2018-12-14 01:21:27 - [TEST_STEP][PASSED] - Statement - PreSaveFile = new java.io.File(((pathPrefix + java.lang.Integer.toString(counter)) + .png)): null

2018-12-14 01:21:27 - [TEST_STEP][PASSED] - Statement - counter = counter + 1: null

2018-12-14 01:21:27 - [TEST_STEP][PASSED] - Statement - PreSaveFile = new java.io.File(((pathPrefix + java.lang.Integer.toString(counter)) + .png)): null

2018-12-14 01:21:27 - [TEST_STEP][PASSED] - Statement - counter = counter + 1: null

2018-12-14 01:21:27 - [TEST_STEP][PASSED] - Statement - PreSaveFile = new java.io.File(((pathPrefix + java.lang.Integer.toString(counter)) + .png)): null

2018-12-14 01:21:27 - [TEST_STEP][PASSED] - Statement - counter = counter + 1: null

2018-12-14 01:21:27 - [TEST_STEP][PASSED] - Statement - PreSaveFile = new java.io.File(((pathPrefix + java.lang.Integer.toString(counter)) + .png)): null

2018-12-14 01:21:27 - [TEST_STEP][PASSED] - Statement - counter = counter + 1: null

2018-12-14 01:21:27 - [TEST_STEP][PASSED] - Statement - PreSaveFile = new java.io.File(((pathPrefix + java.lang.Integer.toString(counter)) + .png)): null

2018-12-14 01:21:27 - [TEST_STEP][PASSED] - Statement - counter = counter + 1: null

2018-12-14 01:21:27 - [TEST_STEP][PASSED] - Statement - PreSaveFile = new java.io.File(((pathPrefix + java.lang.Integer.toString(counter)) + .png)): null

2018-12-14 01:21:27 - [TEST_STEP][PASSED] - Statement - counter = counter + 1: null

2018-12-14 01:21:27 - [TEST_STEP][PASSED] - Statement - PreSaveFile = new java.io.File(((pathPrefix + java.lang.Integer.toString(counter)) + .png)): null

2018-12-14 01:21:27 - [TEST_STEP][PASSED] - Statement - counter = counter + 1: null

2018-12-14 01:21:27 - [TEST_STEP][PASSED] - Statement - PreSaveFile = new java.io.File(((pathPrefix + java.lang.Integer.toString(counter)) + .png)): null

2018-12-14 01:21:27 - [TEST_STEP][PASSED] - Statement - counter = counter + 1: null

2018-12-14 01:21:27 - [TEST_STEP][PASSED] - Statement - PreSaveFile = new java.io.File(((pathPrefix + java.lang.Integer.toString(counter)) + .png)): null

2018-12-14 01:21:27 - [TEST_STEP][PASSED] - Statement - counter = counter + 1: null

2018-12-14 01:21:27 - [TEST_STEP][PASSED] - Statement - PreSaveFile = new java.io.File(((pathPrefix + java.lang.Integer.toString(counter)) + .png)): null

2018-12-14 01:21:27 - [TEST_STEP][PASSED] - Statement - counter = counter + 1: null

2018-12-14 01:21:27 - [TEST_STEP][PASSED] - Statement - PreSaveFile = new java.io.File(((pathPrefix + java.lang.Integer.toString(counter)) + .png)): null

2018-12-14 01:21:27 - [TEST_STEP][PASSED] - Statement - counter = counter + 1: null

2018-12-14 01:21:27 - [TEST_STEP][PASSED] - Statement - PreSaveFile = new java.io.File(((pathPrefix + java.lang.Integer.toString(counter)) + .png)): null

2018-12-14 01:21:27 - [TEST_STEP][PASSED] - Statement - counter = counter + 1: null

2018-12-14 01:21:27 - [TEST_STEP][PASSED] - Statement - PreSaveFile = new java.io.File(((pathPrefix + java.lang.Integer.toString(counter)) + .png)): null

2018-12-14 01:21:27 - [TEST_STEP][PASSED] - Statement - counter = counter + 1: null

2018-12-14 01:21:27 - [TEST_STEP][PASSED] - Statement - PreSaveFile = new java.io.File(((pathPrefix + java.lang.Integer.toString(counter)) + .png)): null

2018-12-14 01:21:27 - [TEST_STEP][PASSED] - Statement - counter = counter + 1: null

2018-12-14 01:21:27 - [TEST_STEP][PASSED] - Statement - PreSaveFile = new java.io.File(((pathPrefix + java.lang.Integer.toString(counter)) + .png)): null

2018-12-14 01:21:27 - [TEST_STEP][PASSED] - Statement - counter = counter + 1: null

2018-12-14 01:21:27 - [TEST_STEP][PASSED] - Statement - PreSaveFile = new java.io.File(((pathPrefix + java.lang.Integer.toString(counter)) + .png)): null

2018-12-14 01:21:27 - [TEST_STEP][PASSED] - Statement - counter = counter + 1: null

2018-12-14 01:21:27 - [TEST_STEP][PASSED] - Statement - PreSaveFile = new java.io.File(((pathPrefix + java.lang.Integer.toString(counter)) + .png)): null

2018-12-14 01:21:27 - [TEST_STEP][PASSED] - Statement - counter = counter + 1: null

2018-12-14 01:21:27 - [TEST_STEP][PASSED] - Statement - PreSaveFile = new java.io.File(((pathPrefix + java.lang.Integer.toString(counter)) + .png)): null

2018-12-14 01:21:27 - [TEST_STEP][PASSED] - Statement - counter = counter + 1: null

2018-12-14 01:21:27 - [TEST_STEP][PASSED] - Statement - PreSaveFile = new java.io.File(((pathPrefix + java.lang.Integer.toString(counter)) + .png)): null

2018-12-14 01:21:27 - [TEST_STEP][PASSED] - Statement - counter = counter + 1: null

2018-12-14 01:21:27 - [TEST_STEP][PASSED] - Statement - PreSaveFile = new java.io.File(((pathPrefix + java.lang.Integer.toString(counter)) + .png)): null

2018-12-14 01:21:27 - [TEST_STEP][PASSED] - Statement - counter = counter + 1: null

2018-12-14 01:21:27 - [TEST_STEP][PASSED] - Statement - PreSaveFile = new java.io.File(((pathPrefix + java.lang.Integer.toString(counter)) + .png)): null

2018-12-14 01:21:27 - [TEST_STEP][PASSED] - Statement - counter = counter + 1: null

2018-12-14 01:21:27 - [TEST_STEP][PASSED] - Statement - PreSaveFile = new java.io.File(((pathPrefix + java.lang.Integer.toString(counter)) + .png)): null

2018-12-14 01:21:27 - [TEST_STEP][PASSED] - Statement - counter = counter + 1: null

2018-12-14 01:21:27 - [TEST_STEP][PASSED] - Statement - PreSaveFile = new java.io.File(((pathPrefix + java.lang.Integer.toString(counter)) + .png)): null

2018-12-14 01:21:27 - [TEST_STEP][PASSED] - Statement - counter = counter + 1: null

2018-12-14 01:21:27 - [TEST_STEP][PASSED] - Statement - PreSaveFile = new java.io.File(((pathPrefix + java.lang.Integer.toString(counter)) + .png)): null

2018-12-14 01:21:27 - [TEST_STEP][PASSED] - Statement - counter = counter + 1: null

2018-12-14 01:21:27 - [TEST_STEP][PASSED] - Statement - PreSaveFile = new java.io.File(((pathPrefix + java.lang.Integer.toString(counter)) + .png)): null

2018-12-14 01:21:27 - [TEST_STEP][PASSED] - Statement - counter = counter + 1: null

2018-12-14 01:21:27 - [TEST_STEP][PASSED] - Statement - PreSaveFile = new java.io.File(((pathPrefix + java.lang.Integer.toString(counter)) + .png)): null

2018-12-14 01:21:27 - [TEST_STEP][PASSED] - Statement - counter = counter + 1: null

2018-12-14 01:21:27 - [TEST_STEP][PASSED] - Statement - PreSaveFile = new java.io.File(((pathPrefix + java.lang.Integer.toString(counter)) + .png)): null

2018-12-14 01:21:27 - [TEST_STEP][PASSED] - Statement - counter = counter + 1: null

2018-12-14 01:21:27 - [TEST_STEP][PASSED] - Statement - PreSaveFile = new java.io.File(((pathPrefix + java.lang.Integer.toString(counter)) + .png)): null

2018-12-14 01:21:27 - [TEST_STEP][PASSED] - Statement - counter = counter + 1: null

2018-12-14 01:21:27 - [TEST_STEP][PASSED] - Statement - PreSaveFile = new java.io.File(((pathPrefix + java.lang.Integer.toString(counter)) + .png)): null

2018-12-14 01:21:27 - [TEST_STEP][PASSED] - Statement - counter = counter + 1: null

2018-12-14 01:21:27 - [TEST_STEP][PASSED] - Statement - PreSaveFile = new java.io.File(((pathPrefix + java.lang.Integer.toString(counter)) + .png)): null

2018-12-14 01:21:27 - [TEST_STEP][PASSED] - Statement - counter = counter + 1: null

2018-12-14 01:21:27 - [TEST_STEP][PASSED] - Statement - PreSaveFile = new java.io.File(((pathPrefix + java.lang.Integer.toString(counter)) + .png)): null

2018-12-14 01:21:27 - [TEST_STEP][PASSED] - Statement - counter = counter + 1: null

2018-12-14 01:21:27 - [TEST_STEP][PASSED] - Statement - PreSaveFile = new java.io.File(((pathPrefix + java.lang.Integer.toString(counter)) + .png)): null

2018-12-14 01:21:27 - [TEST_STEP][PASSED] - Statement - counter = counter + 1: null

2018-12-14 01:21:27 - [TEST_STEP][PASSED] - Statement - PreSaveFile = new java.io.File(((pathPrefix + java.lang.Integer.toString(counter)) + .png)): null

2018-12-14 01:21:27 - [TEST_STEP][PASSED] - Statement - counter = counter + 1: null

2018-12-14 01:21:27 - [TEST_STEP][PASSED] - Statement - PreSaveFile = new java.io.File(((pathPrefix + java.lang.Integer.toString(counter)) + .png)): null

2018-12-14 01:21:27 - [TEST_STEP][PASSED] - Statement - counter = counter + 1: null

2018-12-14 01:21:27 - [TEST_STEP][PASSED] - Statement - PreSaveFile = new java.io.File(((pathPrefix + java.lang.Integer.toString(counter)) + .png)): null

2018-12-14 01:21:27 - [TEST_STEP][PASSED] - Statement - counter = counter + 1: null

2018-12-14 01:21:27 - [TEST_STEP][PASSED] - Statement - PreSaveFile = new java.io.File(((pathPrefix + java.lang.Integer.toString(counter)) + .png)): null

2018-12-14 01:21:27 - [TEST_STEP][PASSED] - Statement - counter = counter + 1: null

2018-12-14 01:21:27 - [TEST_STEP][PASSED] - Statement - PreSaveFile = new java.io.File(((pathPrefix + java.lang.Integer.toString(counter)) + .png)): null

2018-12-14 01:21:27 - [TEST_STEP][PASSED] - Statement - counter = counter + 1: null

2018-12-14 01:21:27 - [TEST_STEP][PASSED] - Statement - PreSaveFile = new java.io.File(((pathPrefix + java.lang.Integer.toString(counter)) + .png)): null

2018-12-14 01:21:27 - [TEST_STEP][PASSED] - Statement - counter = counter + 1: null

2018-12-14 01:21:27 - [TEST_STEP][PASSED] - Statement - PreSaveFile = new java.io.File(((pathPrefix + java.lang.Integer.toString(counter)) + .png)): null

2018-12-14 01:21:27 - [TEST_STEP][PASSED] - Statement - counter = counter + 1: null

2018-12-14 01:21:27 - [TEST_STEP][PASSED] - Statement - PreSaveFile = new java.io.File(((pathPrefix + java.lang.Integer.toString(counter)) + .png)): null

2018-12-14 01:21:27 - [TEST_STEP][PASSED] - Statement - counter = counter + 1: null

2018-12-14 01:21:27 - [TEST_STEP][PASSED] - Statement - PreSaveFile = new java.io.File(((pathPrefix + java.lang.Integer.toString(counter)) + .png)): null

2018-12-14 01:21:27 - [TEST_STEP][PASSED] - Statement - counter = counter + 1: null

2018-12-14 01:21:27 - [TEST_STEP][PASSED] - Statement - PreSaveFile = new java.io.File(((pathPrefix + java.lang.Integer.toString(counter)) + .png)): null

2018-12-14 01:21:27 - [TEST_STEP][PASSED] - Statement - counter = counter + 1: null

2018-12-14 01:21:27 - [TEST_STEP][PASSED] - Statement - PreSaveFile = new java.io.File(((pathPrefix + java.lang.Integer.toString(counter)) + .png)): null

2018-12-14 01:21:27 - [TEST_STEP][PASSED] - Statement - counter = counter + 1: null

2018-12-14 01:21:27 - [TEST_STEP][PASSED] - Statement - PreSaveFile = new java.io.File(((pathPrefix + java.lang.Integer.toString(counter)) + .png)): null

2018-12-14 01:21:27 - [TEST_STEP][PASSED] - Statement - counter = counter + 1: null

2018-12-14 01:21:27 - [TEST_STEP][PASSED] - Statement - PreSaveFile = new java.io.File(((pathPrefix + java.lang.Integer.toString(counter)) + .png)): null

2018-12-14 01:21:27 - [TEST_STEP][PASSED] - Statement - counter = counter + 1: null

2018-12-14 01:21:27 - [TEST_STEP][PASSED] - Statement - PreSaveFile = new java.io.File(((pathPrefix + java.lang.Integer.toString(counter)) + .png)): null

2018-12-14 01:21:27 - [TEST_STEP][PASSED] - Statement - counter = counter + 1: null

2018-12-14 01:21:27 - [TEST_STEP][PASSED] - Statement - PreSaveFile = new java.io.File(((pathPrefix + java.lang.Integer.toString(counter)) + .png)): null

2018-12-14 01:21:27 - [TEST_STEP][PASSED] - Statement - counter = counter + 1: null

2018-12-14 01:21:27 - [TEST_STEP][PASSED] - Statement - PreSaveFile = new java.io.File(((pathPrefix + java.lang.Integer.toString(counter)) + .png)): null

2018-12-14 01:21:27 - [TEST_STEP][PASSED] - Statement - counter = counter + 1: null

2018-12-14 01:21:27 - [TEST_STEP][PASSED] - Statement - PreSaveFile = new java.io.File(((pathPrefix + java.lang.Integer.toString(counter)) + .png)): null

2018-12-14 01:21:27 - [TEST_STEP][PASSED] - Statement - counter = counter + 1: null

2018-12-14 01:21:27 - [TEST_STEP][PASSED] - Statement - PreSaveFile = new java.io.File(((pathPrefix + java.lang.Integer.toString(counter)) + .png)): null

2018-12-14 01:21:27 - [TEST_STEP][PASSED] - Statement - counter = counter + 1: null

2018-12-14 01:21:27 - [TEST_STEP][PASSED] - Statement - PreSaveFile = new java.io.File(((pathPrefix + java.lang.Integer.toString(counter)) + .png)): null

2018-12-14 01:21:27 - [TEST_STEP][PASSED] - Statement - counter = counter + 1: null

2018-12-14 01:21:27 - [TEST_STEP][PASSED] - Statement - PreSaveFile = new java.io.File(((pathPrefix + java.lang.Integer.toString(counter)) + .png)): null

2018-12-14 01:21:27 - [TEST_STEP][PASSED] - Statement - counter = counter + 1: null

2018-12-14 01:21:27 - [TEST_STEP][PASSED] - Statement - PreSaveFile = new java.io.File(((pathPrefix + java.lang.Integer.toString(counter)) + .png)): null

2018-12-14 01:21:27 - [TEST_STEP][PASSED] - Statement - counter = counter + 1: null

2018-12-14 01:21:27 - [TEST_STEP][PASSED] - Statement - PreSaveFile = new java.io.File(((pathPrefix + java.lang.Integer.toString(counter)) + .png)): null

2018-12-14 01:21:27 - [TEST_STEP][PASSED] - Statement - counter = counter + 1: null

2018-12-14 01:21:27 - [TEST_STEP][PASSED] - Statement - PreSaveFile = new java.io.File(((pathPrefix + java.lang.Integer.toString(counter)) + .png)): null

2018-12-14 01:21:27 - [TEST_STEP][PASSED] - Statement - counter = counter + 1: null

2018-12-14 01:21:27 - [TEST_STEP][PASSED] - Statement - PreSaveFile = new java.io.File(((pathPrefix + java.lang.Integer.toString(counter)) + .png)): null

2018-12-14 01:21:27 - [TEST_STEP][PASSED] - Statement - counter = counter + 1: null

2018-12-14 01:21:27 - [TEST_STEP][PASSED] - Statement - PreSaveFile = new java.io.File(((pathPrefix + java.lang.Integer.toString(counter)) + .png)): null

2018-12-14 01:21:27 - [TEST_STEP][PASSED] - Statement - counter = counter + 1: null

2018-12-14 01:21:27 - [TEST_STEP][PASSED] - Statement - PreSaveFile = new java.io.File(((pathPrefix + java.lang.Integer.toString(counter)) + .png)): null

2018-12-14 01:21:27 - [TEST_STEP][PASSED] - Statement - counter = counter + 1: null

2018-12-14 01:21:27 - [TEST_STEP][PASSED] - Statement - PreSaveFile = new java.io.File(((pathPrefix + java.lang.Integer.toString(counter)) + .png)): null

2018-12-14 01:21:27 - [TEST_STEP][PASSED] - Statement - counter = counter + 1: null

2018-12-14 01:21:27 - [TEST_STEP][PASSED] - Statement - PreSaveFile = new java.io.File(((pathPrefix + java.lang.Integer.toString(counter)) + .png)): null

2018-12-14 01:21:27 - [TEST_STEP][PASSED] - Statement - counter = counter + 1: null

2018-12-14 01:21:27 - [TEST_STEP][PASSED] - Statement - PreSaveFile = new java.io.File(((pathPrefix + java.lang.Integer.toString(counter)) + .png)): null

2018-12-14 01:21:27 - [TEST_STEP][PASSED] - Statement - counter = counter + 1: null

2018-12-14 01:21:27 - [TEST_STEP][PASSED] - Statement - PreSaveFile = new java.io.File(((pathPrefix + java.lang.Integer.toString(counter)) + .png)): null

2018-12-14 01:21:27 - [TEST_STEP][PASSED] - Statement - counter = counter + 1: null

2018-12-14 01:21:27 - [TEST_STEP][PASSED] - Statement - PreSaveFile = new java.io.File(((pathPrefix + java.lang.Integer.toString(counter)) + .png)): null

2018-12-14 01:21:27 - [TEST_STEP][PASSED] - Statement - counter = counter + 1: null

2018-12-14 01:21:27 - [TEST_STEP][PASSED] - Statement - PreSaveFile = new java.io.File(((pathPrefix + java.lang.Integer.toString(counter)) + .png)): null

2018-12-14 01:21:27 - [TEST_STEP][PASSED] - Statement - counter = counter + 1: null

2018-12-14 01:21:27 - [TEST_STEP][PASSED] - Statement - PreSaveFile = new java.io.File(((pathPrefix + java.lang.Integer.toString(counter)) + .png)): null

2018-12-14 01:21:27 - [TEST_STEP][PASSED] - Statement - counter = counter + 1: null

2018-12-14 01:21:27 - [TEST_STEP][PASSED] - Statement - PreSaveFile = new java.io.File(((pathPrefix + java.lang.Integer.toString(counter)) + .png)): null

2018-12-14 01:21:27 - [TEST_STEP][PASSED] - Statement - counter = counter + 1: null

2018-12-14 01:21:27 - [TEST_STEP][PASSED] - Statement - PreSaveFile = new java.io.File(((pathPrefix + java.lang.Integer.toString(counter)) + .png)): null

2018-12-14 01:21:27 - [TEST_STEP][PASSED] - Statement - counter = counter + 1: null

2018-12-14 01:21:27 - [TEST_STEP][PASSED] - Statement - PreSaveFile = new java.io.File(((pathPrefix + java.lang.Integer.toString(counter)) + .png)): null

2018-12-14 01:21:27 - [TEST_STEP][PASSED] - Statement - counter = counter + 1: null

2018-12-14 01:21:27 - [TEST_STEP][PASSED] - Statement - PreSaveFile = new java.io.File(((pathPrefix + java.lang.Integer.toString(counter)) + .png)): null

2018-12-14 01:21:27 - [TEST_STEP][PASSED] - Statement - counter = counter + 1: null

2018-12-14 01:21:27 - [TEST_STEP][PASSED] - Statement - PreSaveFile = new java.io.File(((pathPrefix + java.lang.Integer.toString(counter)) + .png)): null

2018-12-14 01:21:27 - [TEST_STEP][PASSED] - Statement - counter = counter + 1: null

2018-12-14 01:21:27 - [TEST_STEP][PASSED] - Statement - PreSaveFile = new java.io.File(((pathPrefix + java.lang.Integer.toString(counter)) + .png)): null

2018-12-14 01:21:27 - [TEST_STEP][PASSED] - Statement - counter = counter + 1: null

2018-12-14 01:21:27 - [TEST_STEP][PASSED] - Statement - PreSaveFile = new java.io.File(((pathPrefix + java.lang.Integer.toString(counter)) + .png)): null

2018-12-14 01:21:27 - [TEST_STEP][PASSED] - Statement - counter = counter + 1: null

2018-12-14 01:21:27 - [TEST_STEP][PASSED] - Statement - PreSaveFile = new java.io.File(((pathPrefix + java.lang.Integer.toString(counter)) + .png)): null

2018-12-14 01:21:27 - [TEST_STEP][PASSED] - Statement - counter = counter + 1: null

2018-12-14 01:21:27 - [TEST_STEP][PASSED] - Statement - PreSaveFile = new java.io.File(((pathPrefix + java.lang.Integer.toString(counter)) + .png)): null

2018-12-14 01:21:27 - [TEST_STEP][PASSED] - Statement - counter = counter + 1: null

2018-12-14 01:21:27 - [TEST_STEP][PASSED] - Statement - PreSaveFile = new java.io.File(((pathPrefix + java.lang.Integer.toString(counter)) + .png)): null

2018-12-14 01:21:27 - [TEST_STEP][PASSED] - Statement - counter = counter + 1: null

2018-12-14 01:21:27 - [TEST_STEP][PASSED] - Statement - PreSaveFile = new java.io.File(((pathPrefix + java.lang.Integer.toString(counter)) + .png)): null

2018-12-14 01:21:27 - [TEST_STEP][PASSED] - Statement - counter = counter + 1: null

2018-12-14 01:21:27 - [TEST_STEP][PASSED] - Statement - PreSaveFile = new java.io.File(((pathPrefix + java.lang.Integer.toString(counter)) + .png)): null

2018-12-14 01:21:27 - [TEST_STEP][PASSED] - Statement - counter = counter + 1: null

2018-12-14 01:21:27 - [TEST_STEP][PASSED] - Statement - PreSaveFile = new java.io.File(((pathPrefix + java.lang.Integer.toString(counter)) + .png)): null

2018-12-14 01:21:27 - [TEST_STEP][PASSED] - Statement - counter = counter + 1: null

2018-12-14 01:21:27 - [TEST_STEP][PASSED] - Statement - PreSaveFile = new java.io.File(((pathPrefix + java.lang.Integer.toString(counter)) + .png)): null

2018-12-14 01:21:27 - [TEST_STEP][PASSED] - Statement - counter = counter + 1: null

2018-12-14 01:21:27 - [TEST_STEP][PASSED] - Statement - PreSaveFile = new java.io.File(((pathPrefix + java.lang.Integer.toString(counter)) + .png)): null

2018-12-14 01:21:27 - [TEST_STEP][PASSED] - Statement - counter = counter + 1: null

2018-12-14 01:21:27 - [TEST_STEP][PASSED] - Statement - PreSaveFile = new java.io.File(((pathPrefix + java.lang.Integer.toString(counter)) + .png)): null

2018-12-14 01:21:27 - [TEST_STEP][PASSED] - Statement - counter = counter + 1: null

2018-12-14 01:21:27 - [TEST_STEP][PASSED] - Statement - PreSaveFile = new java.io.File(((pathPrefix + java.lang.Integer.toString(counter)) + .png)): null

2018-12-14 01:21:27 - [TEST_STEP][PASSED] - Statement - counter = counter + 1: null

2018-12-14 01:21:27 - [TEST_STEP][PASSED] - Statement - PreSaveFile = new java.io.File(((pathPrefix + java.lang.Integer.toString(counter)) + .png)): null

2018-12-14 01:21:27 - [TEST_STEP][PASSED] - Statement - counter = counter + 1: null

2018-12-14 01:21:27 - [TEST_STEP][PASSED] - Statement - PreSaveFile = new java.io.File(((pathPrefix + java.lang.Integer.toString(counter)) + .png)): null

2018-12-14 01:21:27 - [TEST_STEP][PASSED] - Statement - counter = counter + 1: null

2018-12-14 01:21:27 - [TEST_STEP][PASSED] - Statement - PreSaveFile = new java.io.File(((pathPrefix + java.lang.Integer.toString(counter)) + .png)): null

2018-12-14 01:21:27 - [TEST_STEP][PASSED] - Statement - counter = counter + 1: null

2018-12-14 01:21:27 - [TEST_STEP][PASSED] - Statement - PreSaveFile = new java.io.File(((pathPrefix + java.lang.Integer.toString(counter)) + .png)): null

2018-12-14 01:21:27 - [TEST_STEP][PASSED] - Statement - counter = counter + 1: null

2018-12-14 01:21:27 - [TEST_STEP][PASSED] - Statement - PreSaveFile = new java.io.File(((pathPrefix + java.lang.Integer.toString(counter)) + .png)): null

2018-12-14 01:21:27 - [TEST_STEP][PASSED] - Statement - counter = counter + 1: null

2018-12-14 01:21:27 - [TEST_STEP][PASSED] - Statement - PreSaveFile = new java.io.File(((pathPrefix + java.lang.Integer.toString(counter)) + .png)): null

2018-12-14 01:21:27 - [TEST_STEP][PASSED] - Statement - counter = counter + 1: null

2018-12-14 01:21:27 - [TEST_STEP][PASSED] - Statement - PreSaveFile = new java.io.File(((pathPrefix + java.lang.Integer.toString(counter)) + .png)): null

2018-12-14 01:21:27 - [TEST_STEP][PASSED] - Statement - counter = counter + 1: null

2018-12-14 01:21:27 - [TEST_STEP][PASSED] - Statement - PreSaveFile = new java.io.File(((pathPrefix + java.lang.Integer.toString(counter)) + .png)): null

2018-12-14 01:21:27 - [TEST_STEP][PASSED] - Statement - counter = counter + 1: null

2018-12-14 01:21:27 - [TEST_STEP][PASSED] - Statement - PreSaveFile = new java.io.File(((pathPrefix + java.lang.Integer.toString(counter)) + .png)): null

2018-12-14 01:21:27 - [TEST_STEP][PASSED] - Statement - counter = counter + 1: null

2018-12-14 01:21:27 - [TEST_STEP][PASSED] - Statement - PreSaveFile = new java.io.File(((pathPrefix + java.lang.Integer.toString(counter)) + .png)): null

2018-12-14 01:21:27 - [TEST_STEP][PASSED] - Statement - counter = counter + 1: null

2018-12-14 01:21:27 - [TEST_STEP][PASSED] - Statement - PreSaveFile = new java.io.File(((pathPrefix + java.lang.Integer.toString(counter)) + .png)): null

2018-12-14 01:21:27 - [TEST_STEP][PASSED] - Statement - counter = counter + 1: null

2018-12-14 01:21:27 - [TEST_STEP][PASSED] - Statement - PreSaveFile = new java.io.File(((pathPrefix + java.lang.Integer.toString(counter)) + .png)): null

2018-12-14 01:21:27 - [TEST_STEP][PASSED] - Statement - counter = counter + 1: null

2018-12-14 01:21:27 - [TEST_STEP][PASSED] - Statement - PreSaveFile = new java.io.File(((pathPrefix + java.lang.Integer.toString(counter)) + .png)): null

2018-12-14 01:21:27 - [TEST_STEP][PASSED] - Statement - counter = counter + 1: null

2018-12-14 01:21:27 - [TEST_STEP][PASSED] - Statement - PreSaveFile = new java.io.File(((pathPrefix + java.lang.Integer.toString(counter)) + .png)): null

2018-12-14 01:21:27 - [TEST_STEP][PASSED] - Statement - counter = counter + 1: null

2018-12-14 01:21:27 - [TEST_STEP][PASSED] - Statement - PreSaveFile = new java.io.File(((pathPrefix + java.lang.Integer.toString(counter)) + .png)): null

2018-12-14 01:21:27 - [TEST_STEP][PASSED] - Statement - counter = counter + 1: null

2018-12-14 01:21:27 - [TEST_STEP][PASSED] - Statement - PreSaveFile = new java.io.File(((pathPrefix + java.lang.Integer.toString(counter)) + .png)): null

2018-12-14 01:21:27 - [TEST_STEP][PASSED] - Statement - counter = counter + 1: null

2018-12-14 01:21:27 - [TEST_STEP][PASSED] - Statement - PreSaveFile = new java.io.File(((pathPrefix + java.lang.Integer.toString(counter)) + .png)): null

2018-12-14 01:21:27 - [TEST_STEP][PASSED] - Statement - counter = counter + 1: null

2018-12-14 01:21:27 - [TEST_STEP][PASSED] - Statement - PreSaveFile = new java.io.File(((pathPrefix + java.lang.Integer.toString(counter)) + .png)): null

2018-12-14 01:21:27 - [TEST_STEP][PASSED] - Statement - counter = counter + 1: null

2018-12-14 01:21:27 - [TEST_STEP][PASSED] - Statement - PreSaveFile = new java.io.File(((pathPrefix + java.lang.Integer.toString(counter)) + .png)): null

2018-12-14 01:21:27 - [TEST_STEP][PASSED] - Statement - counter = counter + 1: null

2018-12-14 01:21:27 - [TEST_STEP][PASSED] - Statement - PreSaveFile = new java.io.File(((pathPrefix + java.lang.Integer.toString(counter)) + .png)): null

2018-12-14 01:21:27 - [TEST_STEP][PASSED] - Statement - counter = counter + 1: null

2018-12-14 01:21:27 - [TEST_STEP][PASSED] - Statement - PreSaveFile = new java.io.File(((pathPrefix + java.lang.Integer.toString(counter)) + .png)): null

2018-12-14 01:21:27 - [TEST_STEP][PASSED] - Statement - counter = counter + 1: null

2018-12-14 01:21:27 - [TEST_STEP][PASSED] - Statement - PreSaveFile = new java.io.File(((pathPrefix + java.lang.Integer.toString(counter)) + .png)): null

2018-12-14 01:21:27 - [TEST_STEP][PASSED] - Statement - counter = counter + 1: null

2018-12-14 01:21:27 - [TEST_STEP][PASSED] - Statement - PreSaveFile = new java.io.File(((pathPrefix + java.lang.Integer.toString(counter)) + .png)): null

2018-12-14 01:21:27 - [TEST_STEP][PASSED] - Statement - counter = counter + 1: null

2018-12-14 01:21:27 - [TEST_STEP][PASSED] - Statement - PreSaveFile = new java.io.File(((pathPrefix + java.lang.Integer.toString(counter)) + .png)): null

2018-12-14 01:21:27 - [TEST_STEP][PASSED] - Statement - counter = counter + 1: null

2018-12-14 01:21:27 - [TEST_STEP][PASSED] - Statement - PreSaveFile = new java.io.File(((pathPrefix + java.lang.Integer.toString(counter)) + .png)): null

2018-12-14 01:21:27 - [TEST_STEP][PASSED] - Statement - counter = counter + 1: null

2018-12-14 01:21:27 - [TEST_STEP][PASSED] - Statement - PreSaveFile = new java.io.File(((pathPrefix + java.lang.Integer.toString(counter)) + .png)): null

2018-12-14 01:21:27 - [TEST_STEP][PASSED] - Statement - counter = counter + 1: null

2018-12-14 01:21:27 - [TEST_STEP][PASSED] - Statement - PreSaveFile = new java.io.File(((pathPrefix + java.lang.Integer.toString(counter)) + .png)): null

2018-12-14 01:21:27 - [TEST_STEP][PASSED] - Statement - counter = counter + 1: null

2018-12-14 01:21:27 - [TEST_STEP][PASSED] - Statement - PreSaveFile = new java.io.File(((pathPrefix + java.lang.Integer.toString(counter)) + .png)): null

2018-12-14 01:21:27 - [TEST_STEP][PASSED] - Statement - counter = counter + 1: null

2018-12-14 01:21:27 - [TEST_STEP][PASSED] - Statement - PreSaveFile = new java.io.File(((pathPrefix + java.lang.Integer.toString(counter)) + .png)): null

2018-12-14 01:21:27 - [TEST_STEP][PASSED] - Statement - counter = counter + 1: null

2018-12-14 01:21:27 - [TEST_STEP][PASSED] - Statement - PreSaveFile = new java.io.File(((pathPrefix + java.lang.Integer.toString(counter)) + .png)): null

2018-12-14 01:21:27 - [TEST_STEP][PASSED] - Statement - counter = counter + 1: null

2018-12-14 01:21:27 - [TEST_STEP][PASSED] - Statement - PreSaveFile = new java.io.File(((pathPrefix + java.lang.Integer.toString(counter)) + .png)): null

2018-12-14 01:21:27 - [TEST_STEP][PASSED] - Statement - counter = counter + 1: null

2018-12-14 01:21:27 - [TEST_STEP][PASSED] - Statement - PreSaveFile = new java.io.File(((pathPrefix + java.lang.Integer.toString(counter)) + .png)): null

2018-12-14 01:21:27 - [TEST_STEP][PASSED] - Statement - counter = counter + 1: null

2018-12-14 01:21:27 - [TEST_STEP][PASSED] - Statement - PreSaveFile = new java.io.File(((pathPrefix + java.lang.Integer.toString(counter)) + .png)): null

2018-12-14 01:21:27 - [TEST_STEP][PASSED] - Statement - counter = counter + 1: null

2018-12-14 01:21:27 - [TEST_STEP][PASSED] - Statement - PreSaveFile = new java.io.File(((pathPrefix + java.lang.Integer.toString(counter)) + .png)): null

2018-12-14 01:21:27 - [TEST_STEP][PASSED] - Statement - counter = counter + 1: null

2018-12-14 01:21:27 - [TEST_STEP][PASSED] - Statement - PreSaveFile = new java.io.File(((pathPrefix + java.lang.Integer.toString(counter)) + .png)): null

2018-12-14 01:21:27 - [TEST_STEP][PASSED] - Statement - counter = counter + 1: null

2018-12-14 01:21:27 - [TEST_STEP][PASSED] - Statement - PreSaveFile = new java.io.File(((pathPrefix + java.lang.Integer.toString(counter)) + .png)): null

2018-12-14 01:21:27 - [TEST_STEP][PASSED] - Statement - counter = counter + 1: null

2018-12-14 01:21:27 - [TEST_STEP][PASSED] - Statement - PreSaveFile = new java.io.File(((pathPrefix + java.lang.Integer.toString(counter)) + .png)): null

2018-12-14 01:21:27 - [TEST_STEP][PASSED] - Statement - counter = counter + 1: null

2018-12-14 01:21:27 - [TEST_STEP][PASSED] - Statement - PreSaveFile = new java.io.File(((pathPrefix + java.lang.Integer.toString(counter)) + .png)): null

2018-12-14 01:21:27 - [TEST_STEP][PASSED] - Statement - counter = counter + 1: null

2018-12-14 01:21:27 - [TEST_STEP][PASSED] - Statement - PreSaveFile = new java.io.File(((pathPrefix + java.lang.Integer.toString(counter)) + .png)): null

2018-12-14 01:21:27 - [TEST_STEP][PASSED] - Statement - counter = counter + 1: null

2018-12-14 01:21:27 - [TEST_STEP][PASSED] - Statement - PreSaveFile = new java.io.File(((pathPrefix + java.lang.Integer.toString(counter)) + .png)): null

2018-12-14 01:21:27 - [TEST_STEP][PASSED] - Statement - counter = counter + 1: null

2018-12-14 01:21:27 - [TEST_STEP][PASSED] - Statement - PreSaveFile = new java.io.File(((pathPrefix + java.lang.Integer.toString(counter)) + .png)): null

2018-12-14 01:21:27 - [TEST_STEP][PASSED] - Statement - counter = counter + 1: null

2018-12-14 01:21:27 - [TEST_STEP][PASSED] - Statement - PreSaveFile = new java.io.File(((pathPrefix + java.lang.Integer.toString(counter)) + .png)): null

2018-12-14 01:21:27 - [TEST_STEP][PASSED] - Statement - counter = counter + 1: null

2018-12-14 01:21:27 - [TEST_STEP][PASSED] - Statement - PreSaveFile = new java.io.File(((pathPrefix + java.lang.Integer.toString(counter)) + .png)): null

2018-12-14 01:21:27 - [TEST_STEP][PASSED] - Statement - counter = counter + 1: null

2018-12-14 01:21:27 - [TEST_STEP][PASSED] - Statement - PreSaveFile = new java.io.File(((pathPrefix + java.lang.Integer.toString(counter)) + .png)): null

2018-12-14 01:21:27 - [TEST_STEP][PASSED] - Statement - counter = counter + 1: null

2018-12-14 01:21:27 - [TEST_STEP][PASSED] - Statement - PreSaveFile = new java.io.File(((pathPrefix + java.lang.Integer.toString(counter)) + .png)): null

2018-12-14 01:21:27 - [TEST_STEP][PASSED] - Statement - counter = counter + 1: null

2018-12-14 01:21:27 - [TEST_STEP][PASSED] - Statement - PreSaveFile = new java.io.File(((pathPrefix + java.lang.Integer.toString(counter)) + .png)): null

2018-12-14 01:21:27 - [TEST_STEP][PASSED] - Statement - counter = counter + 1: null

2018-12-14 01:21:27 - [TEST_STEP][PASSED] - Statement - PreSaveFile = new java.io.File(((pathPrefix + java.lang.Integer.toString(counter)) + .png)): null

2018-12-14 01:21:27 - [TEST_STEP][PASSED] - Statement - counter = counter + 1: null

2018-12-14 01:21:27 - [TEST_STEP][PASSED] - Statement - PreSaveFile = new java.io.File(((pathPrefix + java.lang.Integer.toString(counter)) + .png)): null

2018-12-14 01:21:27 - [TEST_STEP][PASSED] - Statement - counter = counter + 1: null

2018-12-14 01:21:27 - [TEST_STEP][PASSED] - Statement - PreSaveFile = new java.io.File(((pathPrefix + java.lang.Integer.toString(counter)) + .png)): null

2018-12-14 01:21:27 - [TEST_STEP][PASSED] - Statement - counter = counter + 1: null

2018-12-14 01:21:27 - [TEST_STEP][PASSED] - Statement - PreSaveFile = new java.io.File(((pathPrefix + java.lang.Integer.toString(counter)) + .png)): null

2018-12-14 01:21:27 - [TEST_STEP][PASSED] - Statement - counter = counter + 1: null

2018-12-14 01:21:27 - [TEST_STEP][PASSED] - Statement - PreSaveFile = new java.io.File(((pathPrefix + java.lang.Integer.toString(counter)) + .png)): null

2018-12-14 01:21:27 - [TEST_STEP][PASSED] - Statement - counter = counter + 1: null

2018-12-14 01:21:27 - [TEST_STEP][PASSED] - Statement - PreSaveFile = new java.io.File(((pathPrefix + java.lang.Integer.toString(counter)) + .png)): null

2018-12-14 01:21:27 - [TEST_STEP][PASSED] - Statement - counter = counter + 1: null

2018-12-14 01:21:27 - [TEST_STEP][PASSED] - Statement - PreSaveFile = new java.io.File(((pathPrefix + java.lang.Integer.toString(counter)) + .png)): null

2018-12-14 01:21:27 - [TEST_STEP][PASSED] - Statement - counter = counter + 1: null

2018-12-14 01:21:27 - [TEST_STEP][PASSED] - Statement - PreSaveFile = new java.io.File(((pathPrefix + java.lang.Integer.toString(counter)) + .png)): null

2018-12-14 01:21:27 - [TEST_STEP][PASSED] - Statement - counter = counter + 1: null

2018-12-14 01:21:27 - [TEST_STEP][PASSED] - Statement - PreSaveFile = new java.io.File(((pathPrefix + java.lang.Integer.toString(counter)) + .png)): null

2018-12-14 01:21:27 - [TEST_STEP][PASSED] - Statement - counter = counter + 1: null

2018-12-14 01:21:27 - [TEST_STEP][PASSED] - Statement - PreSaveFile = new java.io.File(((pathPrefix + java.lang.Integer.toString(counter)) + .png)): null

2018-12-14 01:21:27 - [TEST_STEP][PASSED] - Statement - counter = counter + 1: null

2018-12-14 01:21:27 - [TEST_STEP][PASSED] - Statement - PreSaveFile = new java.io.File(((pathPrefix + java.lang.Integer.toString(counter)) + .png)): null

2018-12-14 01:21:27 - [TEST_STEP][PASSED] - Statement - counter = counter + 1: null

2018-12-14 01:21:27 - [TEST_STEP][PASSED] - Statement - PreSaveFile = new java.io.File(((pathPrefix + java.lang.Integer.toString(counter)) + .png)): null

2018-12-14 01:21:27 - [TEST_STEP][PASSED] - Statement - counter = counter + 1: null

2018-12-14 01:21:27 - [TEST_STEP][PASSED] - Statement - PreSaveFile = new java.io.File(((pathPrefix + java.lang.Integer.toString(counter)) + .png)): null

2018-12-14 01:21:27 - [TEST_STEP][PASSED] - Statement - counter = counter + 1: null

2018-12-14 01:21:27 - [TEST_STEP][PASSED] - Statement - PreSaveFile = new java.io.File(((pathPrefix + java.lang.Integer.toString(counter)) + .png)): null

2018-12-14 01:21:27 - [TEST_STEP][PASSED] - Statement - counter = counter + 1: null

2018-12-14 01:21:27 - [TEST_STEP][PASSED] - Statement - PreSaveFile = new java.io.File(((pathPrefix + java.lang.Integer.toString(counter)) + .png)): null

2018-12-14 01:21:27 - [TEST_STEP][PASSED] - Statement - counter = counter + 1: null

2018-12-14 01:21:27 - [TEST_STEP][PASSED] - Statement - PreSaveFile = new java.io.File(((pathPrefix + java.lang.Integer.toString(counter)) + .png)): null

2018-12-14 01:21:27 - [TEST_STEP][PASSED] - Statement - counter = counter + 1: null

2018-12-14 01:21:27 - [TEST_STEP][PASSED] - Statement - PreSaveFile = new java.io.File(((pathPrefix + java.lang.Integer.toString(counter)) + .png)): null

2018-12-14 01:21:27 - [TEST_STEP][PASSED] - Statement - counter = counter + 1: null

2018-12-14 01:21:27 - [TEST_STEP][PASSED] - Statement - PreSaveFile = new java.io.File(((pathPrefix + java.lang.Integer.toString(counter)) + .png)): null

2018-12-14 01:21:27 - [TEST_STEP][PASSED] - Statement - counter = counter + 1: null

2018-12-14 01:21:27 - [TEST_STEP][PASSED] - Statement - PreSaveFile = new java.io.File(((pathPrefix + java.lang.Integer.toString(counter)) + .png)): null

2018-12-14 01:21:27 - [TEST_STEP][PASSED] - Statement - counter = counter + 1: null

2018-12-14 01:21:27 - [TEST_STEP][PASSED] - Statement - PreSaveFile = new java.io.File(((pathPrefix + java.lang.Integer.toString(counter)) + .png)): null

2018-12-14 01:21:27 - [TEST_STEP][PASSED] - Statement - counter = counter + 1: null

2018-12-14 01:21:27 - [TEST_STEP][PASSED] - Statement - PreSaveFile = new java.io.File(((pathPrefix + java.lang.Integer.toString(counter)) + .png)): null

2018-12-14 01:21:27 - [TEST_STEP][PASSED] - Statement - counter = counter + 1: null

2018-12-14 01:21:27 - [TEST_STEP][PASSED] - Statement - PreSaveFile = new java.io.File(((pathPrefix + java.lang.Integer.toString(counter)) + .png)): null

2018-12-14 01:21:27 - [TEST_STEP][PASSED] - Statement - counter = counter + 1: null

2018-12-14 01:21:27 - [TEST_STEP][PASSED] - Statement - PreSaveFile = new java.io.File(((pathPrefix + java.lang.Integer.toString(counter)) + .png)): null

2018-12-14 01:21:27 - [TEST_STEP][PASSED] - Statement - counter = counter + 1: null

2018-12-14 01:21:27 - [TEST_STEP][PASSED] - Statement - PreSaveFile = new java.io.File(((pathPrefix + java.lang.Integer.toString(counter)) + .png)): null

2018-12-14 01:21:27 - [TEST_STEP][PASSED] - Statement - counter = counter + 1: null

2018-12-14 01:21:27 - [TEST_STEP][PASSED] - Statement - PreSaveFile = new java.io.File(((pathPrefix + java.lang.Integer.toString(counter)) + .png)): null

2018-12-14 01:21:27 - [TEST_STEP][PASSED] - Statement - counter = counter + 1: null

2018-12-14 01:21:27 - [TEST_STEP][PASSED] - Statement - PreSaveFile = new java.io.File(((pathPrefix + java.lang.Integer.toString(counter)) + .png)): null

2018-12-14 01:21:27 - [TEST_STEP][PASSED] - Statement - counter = counter + 1: null

2018-12-14 01:21:27 - [TEST_STEP][PASSED] - Statement - PreSaveFile = new java.io.File(((pathPrefix + java.lang.Integer.toString(counter)) + .png)): null

2018-12-14 01:21:27 - [TEST_STEP][PASSED] - Statement - counter = counter + 1: null

2018-12-14 01:21:27 - [TEST_STEP][PASSED] - Statement - PreSaveFile = new java.io.File(((pathPrefix + java.lang.Integer.toString(counter)) + .png)): null

2018-12-14 01:21:27 - [TEST_STEP][PASSED] - Statement - counter = counter + 1: null

2018-12-14 01:21:27 - [TEST_STEP][PASSED] - Statement - PreSaveFile = new java.io.File(((pathPrefix + java.lang.Integer.toString(counter)) + .png)): null

2018-12-14 01:21:27 - [TEST_STEP][PASSED] - Statement - counter = counter + 1: null

2018-12-14 01:21:27 - [TEST_STEP][PASSED] - Statement - PreSaveFile = new java.io.File(((pathPrefix + java.lang.Integer.toString(counter)) + .png)): null

2018-12-14 01:21:27 - [TEST_STEP][PASSED] - Statement - counter = counter + 1: null

2018-12-14 01:21:27 - [TEST_STEP][PASSED] - Statement - PreSaveFile = new java.io.File(((pathPrefix + java.lang.Integer.toString(counter)) + .png)): null

2018-12-14 01:21:27 - [TEST_STEP][PASSED] - Statement - counter = counter + 1: null

2018-12-14 01:21:27 - [TEST_STEP][PASSED] - Statement - PreSaveFile = new java.io.File(((pathPrefix + java.lang.Integer.toString(counter)) + .png)): null

2018-12-14 01:21:27 - [TEST_STEP][PASSED] - Statement - counter = counter + 1: null

2018-12-14 01:21:27 - [TEST_STEP][PASSED] - Statement - PreSaveFile = new java.io.File(((pathPrefix + java.lang.Integer.toString(counter)) + .png)): null

2018-12-14 01:21:27 - [TEST_STEP][PASSED] - Statement - counter = counter + 1: null

2018-12-14 01:21:27 - [TEST_STEP][PASSED] - Statement - PreSaveFile = new java.io.File(((pathPrefix + java.lang.Integer.toString(counter)) + .png)): null

2018-12-14 01:21:27 - [TEST_STEP][PASSED] - Statement - counter = counter + 1: null

2018-12-14 01:21:27 - [TEST_STEP][PASSED] - Statement - PreSaveFile = new java.io.File(((pathPrefix + java.lang.Integer.toString(counter)) + .png)): null

2018-12-14 01:21:27 - [TEST_STEP][PASSED] - Statement - counter = counter + 1: null

2018-12-14 01:21:27 - [TEST_STEP][PASSED] - Statement - PreSaveFile = new java.io.File(((pathPrefix + java.lang.Integer.toString(counter)) + .png)): null

2018-12-14 01:21:27 - [TEST_STEP][PASSED] - Statement - counter = counter + 1: null

2018-12-14 01:21:27 - [TEST_STEP][PASSED] - Statement - PreSaveFile = new java.io.File(((pathPrefix + java.lang.Integer.toString(counter)) + .png)): null

2018-12-14 01:21:27 - [TEST_STEP][PASSED] - Statement - counter = counter + 1: null

2018-12-14 01:21:27 - [TEST_STEP][PASSED] - Statement - PreSaveFile = new java.io.File(((pathPrefix + java.lang.Integer.toString(counter)) + .png)): null

2018-12-14 01:21:27 - [TEST_STEP][PASSED] - Statement - counter = counter + 1: null

2018-12-14 01:21:27 - [TEST_STEP][PASSED] - Statement - PreSaveFile = new java.io.File(((pathPrefix + java.lang.Integer.toString(counter)) + .png)): null

2018-12-14 01:21:27 - [TEST_STEP][PASSED] - Statement - counter = counter + 1: null

2018-12-14 01:21:27 - [TEST_STEP][PASSED] - Statement - PreSaveFile = new java.io.File(((pathPrefix + java.lang.Integer.toString(counter)) + .png)): null

2018-12-14 01:21:27 - [TEST_STEP][PASSED] - Statement - counter = counter + 1: null

2018-12-14 01:21:27 - [TEST_STEP][PASSED] - Statement - PreSaveFile = new java.io.File(((pathPrefix + java.lang.Integer.toString(counter)) + .png)): null

2018-12-14 01:21:27 - [TEST_STEP][PASSED] - Statement - counter = counter + 1: null

2018-12-14 01:21:27 - [TEST_STEP][PASSED] - Statement - PreSaveFile = new java.io.File(((pathPrefix + java.lang.Integer.toString(counter)) + .png)): null

2018-12-14 01:21:27 - [TEST_STEP][PASSED] - Statement - counter = counter + 1: null

2018-12-14 01:21:27 - [TEST_STEP][PASSED] - Statement - PreSaveFile = new java.io.File(((pathPrefix + java.lang.Integer.toString(counter)) + .png)): null

2018-12-14 01:21:27 - [TEST_STEP][PASSED] - Statement - counter = counter + 1: null

2018-12-14 01:21:27 - [TEST_STEP][PASSED] - Statement - PreSaveFile = new java.io.File(((pathPrefix + java.lang.Integer.toString(counter)) + .png)): null

2018-12-14 01:21:27 - [TEST_STEP][PASSED] - Statement - counter = counter + 1: null

2018-12-14 01:21:27 - [TEST_STEP][PASSED] - Statement - PreSaveFile = new java.io.File(((pathPrefix + java.lang.Integer.toString(counter)) + .png)): null

2018-12-14 01:21:27 - [TEST_STEP][PASSED] - Statement - counter = counter + 1: null

2018-12-14 01:21:27 - [TEST_STEP][PASSED] - Statement - PreSaveFile = new java.io.File(((pathPrefix + java.lang.Integer.toString(counter)) + .png)): null

2018-12-14 01:21:27 - [TEST_STEP][PASSED] - Statement - counter = counter + 1: null

2018-12-14 01:21:27 - [TEST_STEP][PASSED] - Statement - PreSaveFile = new java.io.File(((pathPrefix + java.lang.Integer.toString(counter)) + .png)): null

2018-12-14 01:21:27 - [TEST_STEP][PASSED] - Statement - counter = counter + 1: null

2018-12-14 01:21:27 - [TEST_STEP][PASSED] - Statement - PreSaveFile = new java.io.File(((pathPrefix + java.lang.Integer.toString(counter)) + .png)): null

2018-12-14 01:21:27 - [TEST_STEP][PASSED] - Statement - counter = counter + 1: null

2018-12-14 01:21:27 - [TEST_STEP][PASSED] - Statement - PreSaveFile = new java.io.File(((pathPrefix + java.lang.Integer.toString(counter)) + .png)): null

2018-12-14 01:21:27 - [TEST_STEP][PASSED] - Statement - counter = counter + 1: null

2018-12-14 01:21:27 - [TEST_STEP][PASSED] - Statement - PreSaveFile = new java.io.File(((pathPrefix + java.lang.Integer.toString(counter)) + .png)): null

2018-12-14 01:21:27 - [TEST_STEP][PASSED] - Statement - counter = counter + 1: null

2018-12-14 01:21:27 - [TEST_STEP][PASSED] - Statement - PreSaveFile = new java.io.File(((pathPrefix + java.lang.Integer.toString(counter)) + .png)): null

2018-12-14 01:21:27 - [TEST_STEP][PASSED] - Statement - counter = counter + 1: null

2018-12-14 01:21:27 - [TEST_STEP][PASSED] - Statement - PreSaveFile = new java.io.File(((pathPrefix + java.lang.Integer.toString(counter)) + .png)): null

2018-12-14 01:21:27 - [TEST_STEP][PASSED] - Statement - counter = counter + 1: null

2018-12-14 01:21:27 - [TEST_STEP][PASSED] - Statement - PreSaveFile = new java.io.File(((pathPrefix + java.lang.Integer.toString(counter)) + .png)): null

2018-12-14 01:21:27 - [TEST_STEP][PASSED] - Statement - counter = counter + 1: null

2018-12-14 01:21:27 - [TEST_STEP][PASSED] - Statement - PreSaveFile = new java.io.File(((pathPrefix + java.lang.Integer.toString(counter)) + .png)): null

2018-12-14 01:21:27 - [TEST_STEP][PASSED] - Statement - counter = counter + 1: null

2018-12-14 01:21:27 - [TEST_STEP][PASSED] - Statement - PreSaveFile = new java.io.File(((pathPrefix + java.lang.Integer.toString(counter)) + .png)): null

2018-12-14 01:21:27 - [TEST_STEP][PASSED] - Statement - counter = counter + 1: null

2018-12-14 01:21:27 - [TEST_STEP][PASSED] - Statement - PreSaveFile = new java.io.File(((pathPrefix + java.lang.Integer.toString(counter)) + .png)): null

2018-12-14 01:21:27 - [TEST_STEP][PASSED] - Statement - counter = counter + 1: null

2018-12-14 01:21:27 - [TEST_STEP][PASSED] - Statement - PreSaveFile = new java.io.File(((pathPrefix + java.lang.Integer.toString(counter)) + .png)): null

2018-12-14 01:21:27 - [TEST_STEP][PASSED] - Statement - counter = counter + 1: null

2018-12-14 01:21:27 - [TEST_STEP][PASSED] - Statement - PreSaveFile = new java.io.File(((pathPrefix + java.lang.Integer.toString(counter)) + .png)): null

2018-12-14 01:21:27 - [TEST_STEP][PASSED] - Statement - counter = counter + 1: null

2018-12-14 01:21:27 - [TEST_STEP][PASSED] - Statement - PreSaveFile = new java.io.File(((pathPrefix + java.lang.Integer.toString(counter)) + .png)): null

2018-12-14 01:21:27 - [TEST_STEP][PASSED] - Statement - counter = counter + 1: null

2018-12-14 01:21:27 - [TEST_STEP][PASSED] - Statement - PreSaveFile = new java.io.File(((pathPrefix + java.lang.Integer.toString(counter)) + .png)): null

2018-12-14 01:21:27 - [TEST_STEP][PASSED] - Statement - counter = counter + 1: null

2018-12-14 01:21:27 - [TEST_STEP][PASSED] - Statement - PreSaveFile = new java.io.File(((pathPrefix + java.lang.Integer.toString(counter)) + .png)): null

2018-12-14 01:21:27 - [TEST_STEP][PASSED] - Statement - counter = counter + 1: null

2018-12-14 01:21:27 - [TEST_STEP][PASSED] - Statement - PreSaveFile = new java.io.File(((pathPrefix + java.lang.Integer.toString(counter)) + .png)): null

2018-12-14 01:21:27 - [TEST_STEP][PASSED] - Statement - counter = counter + 1: null

2018-12-14 01:21:27 - [TEST_STEP][PASSED] - Statement - PreSaveFile = new java.io.File(((pathPrefix + java.lang.Integer.toString(counter)) + .png)): null

2018-12-14 01:21:27 - [TEST_STEP][PASSED] - Statement - counter = counter + 1: null

2018-12-14 01:21:27 - [TEST_STEP][PASSED] - Statement - PreSaveFile = new java.io.File(((pathPrefix + java.lang.Integer.toString(counter)) + .png)): null

2018-12-14 01:21:27 - [TEST_STEP][PASSED] - Statement - counter = counter + 1: null

2018-12-14 01:21:27 - [TEST_STEP][PASSED] - Statement - PreSaveFile = new java.io.File(((pathPrefix + java.lang.Integer.toString(counter)) + .png)): null

2018-12-14 01:21:27 - [TEST_STEP][PASSED] - Statement - counter = counter + 1: null

2018-12-14 01:21:27 - [TEST_STEP][PASSED] - Statement - PreSaveFile = new java.io.File(((pathPrefix + java.lang.Integer.toString(counter)) + .png)): null

2018-12-14 01:21:27 - [TEST_STEP][PASSED] - Statement - counter = counter + 1: null

2018-12-14 01:21:27 - [TEST_STEP][PASSED] - Statement - PreSaveFile = new java.io.File(((pathPrefix + java.lang.Integer.toString(counter)) + .png)): null

2018-12-14 01:21:27 - [TEST_STEP][PASSED] - Statement - counter = counter + 1: null

2018-12-14 01:21:27 - [TEST_STEP][PASSED] - Statement - PreSaveFile = new java.io.File(((pathPrefix + java.lang.Integer.toString(counter)) + .png)): null

2018-12-14 01:21:27 - [TEST_STEP][PASSED] - Statement - counter = counter + 1: null

2018-12-14 01:21:27 - [TEST_STEP][PASSED] - Statement - PreSaveFile = new java.io.File(((pathPrefix + java.lang.Integer.toString(counter)) + .png)): null

2018-12-14 01:21:27 - [TEST_STEP][PASSED] - Statement - counter = counter + 1: null

2018-12-14 01:21:27 - [TEST_STEP][PASSED] - Statement - PreSaveFile = new java.io.File(((pathPrefix + java.lang.Integer.toString(counter)) + .png)): null

2018-12-14 01:21:27 - [TEST_STEP][PASSED] - Statement - counter = counter + 1: null

2018-12-14 01:21:27 - [TEST_STEP][PASSED] - Statement - PreSaveFile = new java.io.File(((pathPrefix + java.lang.Integer.toString(counter)) + .png)): null

2018-12-14 01:21:27 - [TEST_STEP][PASSED] - Statement - counter = counter + 1: null

2018-12-14 01:21:27 - [TEST_STEP][PASSED] - Statement - PreSaveFile = new java.io.File(((pathPrefix + java.lang.Integer.toString(counter)) + .png)): null

2018-12-14 01:21:27 - [TEST_STEP][PASSED] - Statement - counter = counter + 1: null

2018-12-14 01:21:27 - [TEST_STEP][PASSED] - Statement - PreSaveFile = new java.io.File(((pathPrefix + java.lang.Integer.toString(counter)) + .png)): null

2018-12-14 01:21:27 - [TEST_STEP][PASSED] - Statement - counter = counter + 1: null

2018-12-14 01:21:27 - [TEST_STEP][PASSED] - Statement - PreSaveFile = new java.io.File(((pathPrefix + java.lang.Integer.toString(counter)) + .png)): null

2018-12-14 01:21:27 - [TEST_STEP][PASSED] - Statement - counter = counter + 1: null

2018-12-14 01:21:27 - [TEST_STEP][PASSED] - Statement - PreSaveFile = new java.io.File(((pathPrefix + java.lang.Integer.toString(counter)) + .png)): null

2018-12-14 01:21:27 - [TEST_STEP][PASSED] - Statement - counter = counter + 1: null

2018-12-14 01:21:27 - [TEST_STEP][PASSED] - Statement - PreSaveFile = new java.io.File(((pathPrefix + java.lang.Integer.toString(counter)) + .png)): null

2018-12-14 01:21:27 - [TEST_STEP][PASSED] - Statement - counter = counter + 1: null

2018-12-14 01:21:27 - [TEST_STEP][PASSED] - Statement - PreSaveFile = new java.io.File(((pathPrefix + java.lang.Integer.toString(counter)) + .png)): null

2018-12-14 01:21:27 - [TEST_STEP][PASSED] - Statement - counter = counter + 1: null

2018-12-14 01:21:27 - [TEST_STEP][PASSED] - Statement - PreSaveFile = new java.io.File(((pathPrefix + java.lang.Integer.toString(counter)) + .png)): null

2018-12-14 01:21:27 - [TEST_STEP][PASSED] - Statement - counter = counter + 1: null

2018-12-14 01:21:27 - [TEST_STEP][PASSED] - Statement - PreSaveFile = new java.io.File(((pathPrefix + java.lang.Integer.toString(counter)) + .png)): null

2018-12-14 01:21:27 - [TEST_STEP][PASSED] - Statement - counter = counter + 1: null

2018-12-14 01:21:27 - [TEST_STEP][PASSED] - Statement - PreSaveFile = new java.io.File(((pathPrefix + java.lang.Integer.toString(counter)) + .png)): null

2018-12-14 01:21:27 - [TEST_STEP][PASSED] - Statement - counter = counter + 1: null

2018-12-14 01:21:27 - [TEST_STEP][PASSED] - Statement - PreSaveFile = new java.io.File(((pathPrefix + java.lang.Integer.toString(counter)) + .png)): null

2018-12-14 01:21:27 - [TEST_STEP][PASSED] - Statement - counter = counter + 1: null

2018-12-14 01:21:27 - [TEST_STEP][PASSED] - Statement - PreSaveFile = new java.io.File(((pathPrefix + java.lang.Integer.toString(counter)) + .png)): null

2018-12-14 01:21:27 - [TEST_STEP][PASSED] - Statement - counter = counter + 1: null

2018-12-14 01:21:27 - [TEST_STEP][PASSED] - Statement - PreSaveFile = new java.io.File(((pathPrefix + java.lang.Integer.toString(counter)) + .png)): null

2018-12-14 01:21:27 - [TEST_STEP][PASSED] - Statement - counter = counter + 1: null

2018-12-14 01:21:27 - [TEST_STEP][PASSED] - Statement - PreSaveFile = new java.io.File(((pathPrefix + java.lang.Integer.toString(counter)) + .png)): null

2018-12-14 01:21:27 - [TEST_STEP][PASSED] - Statement - counter = counter + 1: null

2018-12-14 01:21:27 - [TEST_STEP][PASSED] - Statement - PreSaveFile = new java.io.File(((pathPrefix + java.lang.Integer.toString(counter)) + .png)): null

2018-12-14 01:21:27 - [TEST_STEP][PASSED] - Statement - counter = counter + 1: null

2018-12-14 01:21:27 - [TEST_STEP][PASSED] - Statement - PreSaveFile = new java.io.File(((pathPrefix + java.lang.Integer.toString(counter)) + .png)): null

2018-12-14 01:21:27 - [TEST_STEP][PASSED] - Statement - counter = counter + 1: null

2018-12-14 01:21:27 - [TEST_STEP][PASSED] - Statement - PreSaveFile = new java.io.File(((pathPrefix + java.lang.Integer.toString(counter)) + .png)): null

2018-12-14 01:21:27 - [TEST_STEP][PASSED] - Statement - counter = counter + 1: null

2018-12-14 01:21:27 - [TEST_STEP][PASSED] - Statement - PreSaveFile = new java.io.File(((pathPrefix + java.lang.Integer.toString(counter)) + .png)): null

2018-12-14 01:21:27 - [TEST_STEP][PASSED] - Statement - counter = counter + 1: null

2018-12-14 01:21:27 - [TEST_STEP][PASSED] - Statement - PreSaveFile = new java.io.File(((pathPrefix + java.lang.Integer.toString(counter)) + .png)): null

2018-12-14 01:21:27 - [TEST_STEP][PASSED] - Statement - counter = counter + 1: null

2018-12-14 01:21:27 - [TEST_STEP][PASSED] - Statement - PreSaveFile = new java.io.File(((pathPrefix + java.lang.Integer.toString(counter)) + .png)): null

2018-12-14 01:21:27 - [TEST_STEP][PASSED] - Statement - counter = counter + 1: null

2018-12-14 01:21:27 - [TEST_STEP][PASSED] - Statement - PreSaveFile = new java.io.File(((pathPrefix + java.lang.Integer.toString(counter)) + .png)): null

2018-12-14 01:21:27 - [TEST_STEP][PASSED] - Statement - counter = counter + 1: null

2018-12-14 01:21:27 - [TEST_STEP][PASSED] - Statement - PreSaveFile = new java.io.File(((pathPrefix + java.lang.Integer.toString(counter)) + .png)): null

2018-12-14 01:21:27 - [TEST_STEP][PASSED] - Statement - counter = counter + 1: null

2018-12-14 01:21:27 - [TEST_STEP][PASSED] - Statement - PreSaveFile = new java.io.File(((pathPrefix + java.lang.Integer.toString(counter)) + .png)): null

2018-12-14 01:21:27 - [TEST_STEP][PASSED] - Statement - counter = counter + 1: null

2018-12-14 01:21:27 - [TEST_STEP][PASSED] - Statement - PreSaveFile = new java.io.File(((pathPrefix + java.lang.Integer.toString(counter)) + .png)): null

2018-12-14 01:21:27 - [TEST_STEP][PASSED] - Statement - counter = counter + 1: null

2018-12-14 01:21:27 - [TEST_STEP][PASSED] - Statement - PreSaveFile = new java.io.File(((pathPrefix + java.lang.Integer.toString(counter)) + .png)): null

2018-12-14 01:21:27 - [TEST_STEP][PASSED] - Statement - counter = counter + 1: null

2018-12-14 01:21:27 - [TEST_STEP][PASSED] - Statement - PreSaveFile = new java.io.File(((pathPrefix + java.lang.Integer.toString(counter)) + .png)): null

2018-12-14 01:21:27 - [TEST_STEP][PASSED] - Statement - counter = counter + 1: null

2018-12-14 01:21:27 - [TEST_STEP][PASSED] - Statement - PreSaveFile = new java.io.File(((pathPrefix + java.lang.Integer.toString(counter)) + .png)): null

2018-12-14 01:21:27 - [TEST_STEP][PASSED] - Statement - counter = counter + 1: null

2018-12-14 01:21:27 - [TEST_STEP][PASSED] - Statement - PreSaveFile = new java.io.File(((pathPrefix + java.lang.Integer.toString(counter)) + .png)): null

2018-12-14 01:21:27 - [TEST_STEP][PASSED] - Statement - counter = counter + 1: null

2018-12-14 01:21:27 - [TEST_STEP][PASSED] - Statement - PreSaveFile = new java.io.File(((pathPrefix + java.lang.Integer.toString(counter)) + .png)): null

2018-12-14 01:21:27 - [TEST_STEP][PASSED] - Statement - counter = counter + 1: null

2018-12-14 01:21:27 - [TEST_STEP][PASSED] - Statement - PreSaveFile = new java.io.File(((pathPrefix + java.lang.Integer.toString(counter)) + .png)): null

2018-12-14 01:21:27 - [TEST_STEP][PASSED] - Statement - counter = counter + 1: null

2018-12-14 01:21:27 - [TEST_STEP][PASSED] - Statement - PreSaveFile = new java.io.File(((pathPrefix + java.lang.Integer.toString(counter)) + .png)): null

2018-12-14 01:21:27 - [TEST_STEP][PASSED] - Statement - counter = counter + 1: null

2018-12-14 01:21:27 - [TEST_STEP][PASSED] - Statement - PreSaveFile = new java.io.File(((pathPrefix + java.lang.Integer.toString(counter)) + .png)): null

2018-12-14 01:21:27 - [TEST_STEP][PASSED] - Statement - counter = counter + 1: null

2018-12-14 01:21:27 - [TEST_STEP][PASSED] - Statement - PreSaveFile = new java.io.File(((pathPrefix + java.lang.Integer.toString(counter)) + .png)): null

2018-12-14 01:21:27 - [TEST_STEP][PASSED] - Statement - counter = counter + 1: null

2018-12-14 01:21:27 - [TEST_STEP][PASSED] - Statement - PreSaveFile = new java.io.File(((pathPrefix + java.lang.Integer.toString(counter)) + .png)): null

2018-12-14 01:21:27 - [TEST_STEP][PASSED] - Statement - counter = counter + 1: null

2018-12-14 01:21:27 - [TEST_STEP][PASSED] - Statement - PreSaveFile = new java.io.File(((pathPrefix + java.lang.Integer.toString(counter)) + .png)): null

2018-12-14 01:21:27 - [TEST_STEP][PASSED] - Statement - counter = counter + 1: null

2018-12-14 01:21:27 - [TEST_STEP][PASSED] - Statement - PreSaveFile = new java.io.File(((pathPrefix + java.lang.Integer.toString(counter)) + .png)): null

2018-12-14 01:21:27 - [TEST_STEP][PASSED] - Statement - counter = counter + 1: null

2018-12-14 01:21:27 - [TEST_STEP][PASSED] - Statement - PreSaveFile = new java.io.File(((pathPrefix + java.lang.Integer.toString(counter)) + .png)): null

2018-12-14 01:21:27 - [TEST_STEP][PASSED] - Statement - counter = counter + 1: null

2018-12-14 01:21:27 - [TEST_STEP][PASSED] - Statement - PreSaveFile = new java.io.File(((pathPrefix + java.lang.Integer.toString(counter)) + .png)): null

2018-12-14 01:21:27 - [TEST_STEP][PASSED] - Statement - counter = counter + 1: null

2018-12-14 01:21:27 - [TEST_STEP][PASSED] - Statement - PreSaveFile = new java.io.File(((pathPrefix + java.lang.Integer.toString(counter)) + .png)): null

2018-12-14 01:21:27 - [TEST_STEP][PASSED] - Statement - counter = counter + 1: null

2018-12-14 01:21:27 - [TEST_STEP][PASSED] - Statement - PreSaveFile = new java.io.File(((pathPrefix + java.lang.Integer.toString(counter)) + .png)): null

2018-12-14 01:21:27 - [TEST_STEP][PASSED] - Statement - counter = counter + 1: null

2018-12-14 01:21:27 - [TEST_STEP][PASSED] - Statement - PreSaveFile = new java.io.File(((pathPrefix + java.lang.Integer.toString(counter)) + .png)): null

2018-12-14 01:21:27 - [TEST_STEP][PASSED] - Statement - counter = counter + 1: null

2018-12-14 01:21:27 - [TEST_STEP][PASSED] - Statement - PreSaveFile = new java.io.File(((pathPrefix + java.lang.Integer.toString(counter)) + .png)): null

2018-12-14 01:21:27 - [TEST_STEP][PASSED] - Statement - counter = counter + 1: null

2018-12-14 01:21:27 - [TEST_STEP][PASSED] - Statement - PreSaveFile = new java.io.File(((pathPrefix + java.lang.Integer.toString(counter)) + .png)): null

2018-12-14 01:21:27 - [TEST_STEP][PASSED] - Statement - counter = counter + 1: null

2018-12-14 01:21:27 - [TEST_STEP][PASSED] - Statement - PreSaveFile = new java.io.File(((pathPrefix + java.lang.Integer.toString(counter)) + .png)): null

2018-12-14 01:21:27 - [TEST_STEP][PASSED] - Statement - counter = counter + 1: null

2018-12-14 01:21:27 - [TEST_STEP][PASSED] - Statement - PreSaveFile = new java.io.File(((pathPrefix + java.lang.Integer.toString(counter)) + .png)): null

2018-12-14 01:21:27 - [TEST_STEP][PASSED] - Statement - counter = counter + 1: null

2018-12-14 01:21:27 - [TEST_STEP][PASSED] - Statement - PreSaveFile = new java.io.File(((pathPrefix + java.lang.Integer.toString(counter)) + .png)): null

2018-12-14 01:21:27 - [TEST_STEP][PASSED] - Statement - counter = counter + 1: null

2018-12-14 01:21:27 - [TEST_STEP][PASSED] - Statement - PreSaveFile = new java.io.File(((pathPrefix + java.lang.Integer.toString(counter)) + .png)): null

2018-12-14 01:21:27 - [TEST_STEP][PASSED] - Statement - counter = counter + 1: null

2018-12-14 01:21:27 - [TEST_STEP][PASSED] - Statement - PreSaveFile = new java.io.File(((pathPrefix + java.lang.Integer.toString(counter)) + .png)): null

2018-12-14 01:21:27 - [TEST_STEP][PASSED] - Statement - counter = counter + 1: null

2018-12-14 01:21:27 - [TEST_STEP][PASSED] - Statement - PreSaveFile = new java.io.File(((pathPrefix + java.lang.Integer.toString(counter)) + .png)): null

2018-12-14 01:21:27 - [TEST_STEP][PASSED] - Statement - counter = counter + 1: null

2018-12-14 01:21:28 - [TEST_STEP][PASSED] - Statement - PreSaveFile = new java.io.File(((pathPrefix + java.lang.Integer.toString(counter)) + .png)): null

2018-12-14 01:21:28 - [TEST_STEP][PASSED] - Statement - counter = counter + 1: null

2018-12-14 01:21:28 - [TEST_STEP][PASSED] - Statement - PreSaveFile = new java.io.File(((pathPrefix + java.lang.Integer.toString(counter)) + .png)): null

2018-12-14 01:21:28 - [TEST_STEP][PASSED] - Statement - counter = counter + 1: null

2018-12-14 01:21:28 - [TEST_STEP][PASSED] - Statement - PreSaveFile = new java.io.File(((pathPrefix + java.lang.Integer.toString(counter)) + .png)): null

2018-12-14 01:21:28 - [TEST_STEP][PASSED] - Statement - counter = counter + 1: null

2018-12-14 01:21:28 - [TEST_STEP][PASSED] - Statement - PreSaveFile = new java.io.File(((pathPrefix + java.lang.Integer.toString(counter)) + .png)): null

2018-12-14 01:21:28 - [TEST_STEP][PASSED] - Statement - counter = counter + 1: null

2018-12-14 01:21:28 - [TEST_STEP][PASSED] - Statement - PreSaveFile = new java.io.File(((pathPrefix + java.lang.Integer.toString(counter)) + .png)): null

2018-12-14 01:21:28 - [TEST_STEP][PASSED] - Statement - counter = counter + 1: null

2018-12-14 01:21:28 - [TEST_STEP][PASSED] - Statement - PreSaveFile = new java.io.File(((pathPrefix + java.lang.Integer.toString(counter)) + .png)): null

2018-12-14 01:21:28 - [TEST_STEP][PASSED] - Statement - counter = counter + 1: null

2018-12-14 01:21:28 - [TEST_STEP][PASSED] - Statement - PreSaveFile = new java.io.File(((pathPrefix + java.lang.Integer.toString(counter)) + .png)): null

2018-12-14 01:21:28 - [TEST_STEP][PASSED] - Statement - counter = counter + 1: null

2018-12-14 01:21:28 - [TEST_STEP][PASSED] - Statement - PreSaveFile = new java.io.File(((pathPrefix + java.lang.Integer.toString(counter)) + .png)): null

2018-12-14 01:21:28 - [TEST_STEP][PASSED] - Statement - counter = counter + 1: null

2018-12-14 01:21:28 - [TEST_STEP][PASSED] - Statement - PreSaveFile = new java.io.File(((pathPrefix + java.lang.Integer.toString(counter)) + .png)): null

2018-12-14 01:21:28 - [TEST_STEP][PASSED] - Statement - counter = counter + 1: null

2018-12-14 01:21:28 - [TEST_STEP][PASSED] - Statement - PreSaveFile = new java.io.File(((pathPrefix + java.lang.Integer.toString(counter)) + .png)): null

2018-12-14 01:21:28 - [TEST_STEP][PASSED] - Statement - counter = counter + 1: null

2018-12-14 01:21:28 - [TEST_STEP][PASSED] - Statement - PreSaveFile = new java.io.File(((pathPrefix + java.lang.Integer.toString(counter)) + .png)): null

2018-12-14 01:21:28 - [TEST_STEP][PASSED] - Statement - counter = counter + 1: null

2018-12-14 01:21:28 - [TEST_STEP][PASSED] - Statement - PreSaveFile = new java.io.File(((pathPrefix + java.lang.Integer.toString(counter)) + .png)): null

2018-12-14 01:21:28 - [TEST_STEP][PASSED] - Statement - counter = counter + 1: null

2018-12-14 01:21:28 - [TEST_STEP][PASSED] - Statement - PreSaveFile = new java.io.File(((pathPrefix + java.lang.Integer.toString(counter)) + .png)): null

2018-12-14 01:21:28 - [TEST_STEP][PASSED] - Statement - counter = counter + 1: null

2018-12-14 01:21:28 - [TEST_STEP][PASSED] - Statement - PreSaveFile = new java.io.File(((pathPrefix + java.lang.Integer.toString(counter)) + .png)): null

2018-12-14 01:21:28 - [TEST_STEP][PASSED] - Statement - counter = counter + 1: null

2018-12-14 01:21:28 - [TEST_STEP][PASSED] - Statement - PreSaveFile = new java.io.File(((pathPrefix + java.lang.Integer.toString(counter)) + .png)): null

2018-12-14 01:21:28 - [TEST_STEP][PASSED] - Statement - counter = counter + 1: null

2018-12-14 01:21:28 - [TEST_STEP][PASSED] - Statement - PreSaveFile = new java.io.File(((pathPrefix + java.lang.Integer.toString(counter)) + .png)): null

2018-12-14 01:21:28 - [TEST_STEP][PASSED] - Statement - counter = counter + 1: null

2018-12-14 01:21:28 - [TEST_STEP][PASSED] - Statement - PreSaveFile = new java.io.File(((pathPrefix + java.lang.Integer.toString(counter)) + .png)): null

2018-12-14 01:21:28 - [TEST_STEP][PASSED] - Statement - counter = counter + 1: null

2018-12-14 01:21:28 - [TEST_STEP][PASSED] - Statement - PreSaveFile = new java.io.File(((pathPrefix + java.lang.Integer.toString(counter)) + .png)): null

2018-12-14 01:21:28 - [TEST_STEP][PASSED] - Statement - counter = counter + 1: null

2018-12-14 01:21:28 - [TEST_STEP][PASSED] - Statement - PreSaveFile = new java.io.File(((pathPrefix + java.lang.Integer.toString(counter)) + .png)): null

2018-12-14 01:21:28 - [TEST_STEP][PASSED] - Statement - counter = counter + 1: null

2018-12-14 01:21:28 - [TEST_STEP][PASSED] - Statement - PreSaveFile = new java.io.File(((pathPrefix + java.lang.Integer.toString(counter)) + .png)): null

2018-12-14 01:21:28 - [TEST_STEP][PASSED] - Statement - counter = counter + 1: null

2018-12-14 01:21:28 - [TEST_STEP][PASSED] - Statement - PreSaveFile = new java.io.File(((pathPrefix + java.lang.Integer.toString(counter)) + .png)): null

2018-12-14 01:21:28 - [TEST_STEP][PASSED] - Statement - counter = counter + 1: null

2018-12-14 01:21:28 - [TEST_STEP][PASSED] - Statement - PreSaveFile = new java.io.File(((pathPrefix + java.lang.Integer.toString(counter)) + .png)): null

2018-12-14 01:21:28 - [TEST_STEP][PASSED] - Statement - counter = counter + 1: null

2018-12-14 01:21:28 - [TEST_STEP][PASSED] - Statement - PreSaveFile = new java.io.File(((pathPrefix + java.lang.Integer.toString(counter)) + .png)): null

2018-12-14 01:21:28 - [TEST_STEP][PASSED] - Statement - counter = counter + 1: null

2018-12-14 01:21:28 - [TEST_STEP][PASSED] - Statement - PreSaveFile = new java.io.File(((pathPrefix + java.lang.Integer.toString(counter)) + .png)): null

2018-12-14 01:21:28 - [TEST_STEP][PASSED] - Statement - counter = counter + 1: null

2018-12-14 01:21:28 - [TEST_STEP][PASSED] - Statement - PreSaveFile = new java.io.File(((pathPrefix + java.lang.Integer.toString(counter)) + .png)): null

2018-12-14 01:21:28 - [TEST_STEP][PASSED] - Statement - counter = counter + 1: null

2018-12-14 01:21:28 - [TEST_STEP][PASSED] - Statement - PreSaveFile = new java.io.File(((pathPrefix + java.lang.Integer.toString(counter)) + .png)): null

2018-12-14 01:21:28 - [TEST_STEP][PASSED] - Statement - counter = counter + 1: null

2018-12-14 01:21:28 - [TEST_STEP][PASSED] - Statement - PreSaveFile = new java.io.File(((pathPrefix + java.lang.Integer.toString(counter)) + .png)): null

2018-12-14 01:21:28 - [TEST_STEP][PASSED] - Statement - counter = counter + 1: null

2018-12-14 01:21:28 - [TEST_STEP][PASSED] - Statement - PreSaveFile = new java.io.File(((pathPrefix + java.lang.Integer.toString(counter)) + .png)): null

2018-12-14 01:21:28 - [TEST_STEP][PASSED] - Statement - counter = counter + 1: null

2018-12-14 01:21:28 - [TEST_STEP][PASSED] - Statement - PreSaveFile = new java.io.File(((pathPrefix + java.lang.Integer.toString(counter)) + .png)): null

2018-12-14 01:21:28 - [TEST_STEP][PASSED] - Statement - counter = counter + 1: null

2018-12-14 01:21:28 - [TEST_STEP][PASSED] - Statement - PreSaveFile = new java.io.File(((pathPrefix + java.lang.Integer.toString(counter)) + .png)): null

2018-12-14 01:21:28 - [TEST_STEP][PASSED] - Statement - counter = counter + 1: null

2018-12-14 01:21:28 - [TEST_STEP][PASSED] - Statement - PreSaveFile = new java.io.File(((pathPrefix + java.lang.Integer.toString(counter)) + .png)): null

2018-12-14 01:21:28 - [TEST_STEP][PASSED] - Statement - counter = counter + 1: null

2018-12-14 01:21:28 - [TEST_STEP][PASSED] - Statement - PreSaveFile = new java.io.File(((pathPrefix + java.lang.Integer.toString(counter)) + .png)): null

2018-12-14 01:21:28 - [TEST_STEP][PASSED] - Statement - counter = counter + 1: null

2018-12-14 01:21:28 - [TEST_STEP][PASSED] - Statement - PreSaveFile = new java.io.File(((pathPrefix + java.lang.Integer.toString(counter)) + .png)): null

2018-12-14 01:21:28 - [TEST_STEP][PASSED] - Statement - counter = counter + 1: null

2018-12-14 01:21:28 - [TEST_STEP][PASSED] - Statement - PreSaveFile = new java.io.File(((pathPrefix + java.lang.Integer.toString(counter)) + .png)): null

2018-12-14 01:21:28 - [TEST_STEP][PASSED] - Statement - counter = counter + 1: null

2018-12-14 01:21:28 - [TEST_STEP][PASSED] - Statement - PreSaveFile = new java.io.File(((pathPrefix + java.lang.Integer.toString(counter)) + .png)): null

2018-12-14 01:21:28 - [TEST_STEP][PASSED] - Statement - counter = counter + 1: null

2018-12-14 01:21:28 - [TEST_STEP][PASSED] - Statement - PreSaveFile = new java.io.File(((pathPrefix + java.lang.Integer.toString(counter)) + .png)): null

2018-12-14 01:21:28 - [TEST_STEP][PASSED] - Statement - counter = counter + 1: null

2018-12-14 01:21:28 - [TEST_STEP][PASSED] - Statement - PreSaveFile = new java.io.File(((pathPrefix + java.lang.Integer.toString(counter)) + .png)): null

2018-12-14 01:21:28 - [TEST_STEP][PASSED] - Statement - counter = counter + 1: null

2018-12-14 01:21:28 - [TEST_STEP][PASSED] - Statement - PreSaveFile = new java.io.File(((pathPrefix + java.lang.Integer.toString(counter)) + .png)): null

2018-12-14 01:21:28 - [TEST_STEP][PASSED] - Statement - counter = counter + 1: null

2018-12-14 01:21:28 - [TEST_STEP][PASSED] - Statement - PreSaveFile = new java.io.File(((pathPrefix + java.lang.Integer.toString(counter)) + .png)): null

2018-12-14 01:21:28 - [TEST_STEP][PASSED] - Statement - counter = counter + 1: null

2018-12-14 01:21:28 - [TEST_STEP][PASSED] - Statement - PreSaveFile = new java.io.File(((pathPrefix + java.lang.Integer.toString(counter)) + .png)): null

2018-12-14 01:21:28 - [TEST_STEP][PASSED] - Statement - counter = counter + 1: null

2018-12-14 01:21:28 - [TEST_STEP][PASSED] - Statement - PreSaveFile = new java.io.File(((pathPrefix + java.lang.Integer.toString(counter)) + .png)): null

2018-12-14 01:21:28 - [TEST_STEP][PASSED] - Statement - counter = counter + 1: null

2018-12-14 01:21:28 - [TEST_STEP][PASSED] - Statement - PreSaveFile = new java.io.File(((pathPrefix + java.lang.Integer.toString(counter)) + .png)): null

2018-12-14 01:21:28 - [TEST_STEP][PASSED] - Statement - counter = counter + 1: null

2018-12-14 01:21:28 - [TEST_STEP][PASSED] - Statement - PreSaveFile = new java.io.File(((pathPrefix + java.lang.Integer.toString(counter)) + .png)): null

2018-12-14 01:21:28 - [TEST_STEP][PASSED] - Statement - counter = counter + 1: null

2018-12-14 01:21:28 - [TEST_STEP][PASSED] - Statement - PreSaveFile = new java.io.File(((pathPrefix + java.lang.Integer.toString(counter)) + .png)): null

2018-12-14 01:21:28 - [TEST_STEP][PASSED] - Statement - counter = counter + 1: null

2018-12-14 01:21:28 - [TEST_STEP][PASSED] - Statement - PreSaveFile = new java.io.File(((pathPrefix + java.lang.Integer.toString(counter)) + .png)): null

2018-12-14 01:21:28 - [TEST_STEP][PASSED] - Statement - counter = counter + 1: null

2018-12-14 01:21:28 - [TEST_STEP][PASSED] - Statement - PreSaveFile = new java.io.File(((pathPrefix + java.lang.Integer.toString(counter)) + .png)): null

2018-12-14 01:21:28 - [TEST_STEP][PASSED] - Statement - counter = counter + 1: null

2018-12-14 01:21:28 - [TEST_STEP][PASSED] - Statement - PreSaveFile = new java.io.File(((pathPrefix + java.lang.Integer.toString(counter)) + .png)): null

2018-12-14 01:21:28 - [TEST_STEP][PASSED] - Statement - counter = counter + 1: null

2018-12-14 01:21:28 - [TEST_STEP][PASSED] - Statement - PreSaveFile = new java.io.File(((pathPrefix + java.lang.Integer.toString(counter)) + .png)): null

2018-12-14 01:21:28 - [TEST_STEP][PASSED] - Statement - counter = counter + 1: null

2018-12-14 01:21:28 - [TEST_STEP][PASSED] - Statement - PreSaveFile = new java.io.File(((pathPrefix + java.lang.Integer.toString(counter)) + .png)): null

2018-12-14 01:21:28 - [TEST_STEP][PASSED] - Statement - counter = counter + 1: null

2018-12-14 01:21:28 - [TEST_STEP][PASSED] - Statement - PreSaveFile = new java.io.File(((pathPrefix + java.lang.Integer.toString(counter)) + .png)): null

2018-12-14 01:21:28 - [TEST_STEP][PASSED] - Statement - counter = counter + 1: null

2018-12-14 01:21:28 - [TEST_STEP][PASSED] - Statement - PreSaveFile = new java.io.File(((pathPrefix + java.lang.Integer.toString(counter)) + .png)): null

2018-12-14 01:21:28 - [TEST_STEP][PASSED] - Statement - counter = counter + 1: null

2018-12-14 01:21:28 - [TEST_STEP][PASSED] - Statement - PreSaveFile = new java.io.File(((pathPrefix + java.lang.Integer.toString(counter)) + .png)): null

2018-12-14 01:21:28 - [TEST_STEP][PASSED] - Statement - counter = counter + 1: null

2018-12-14 01:21:28 - [TEST_STEP][PASSED] - Statement - PreSaveFile = new java.io.File(((pathPrefix + java.lang.Integer.toString(counter)) + .png)): null

2018-12-14 01:21:28 - [TEST_STEP][PASSED] - Statement - counter = counter + 1: null

2018-12-14 01:21:28 - [TEST_STEP][PASSED] - Statement - PreSaveFile = new java.io.File(((pathPrefix + java.lang.Integer.toString(counter)) + .png)): null

2018-12-14 01:21:28 - [TEST_STEP][PASSED] - Statement - counter = counter + 1: null

2018-12-14 01:21:28 - [TEST_STEP][PASSED] - Statement - PreSaveFile = new java.io.File(((pathPrefix + java.lang.Integer.toString(counter)) + .png)): null

2018-12-14 01:21:28 - [TEST_STEP][PASSED] - Statement - counter = counter + 1: null

2018-12-14 01:21:28 - [TEST_STEP][PASSED] - Statement - PreSaveFile = new java.io.File(((pathPrefix + java.lang.Integer.toString(counter)) + .png)): null

2018-12-14 01:21:28 - [TEST_STEP][PASSED] - Statement - counter = counter + 1: null

2018-12-14 01:21:28 - [TEST_STEP][PASSED] - Statement - PreSaveFile = new java.io.File(((pathPrefix + java.lang.Integer.toString(counter)) + .png)): null

2018-12-14 01:21:28 - [TEST_STEP][PASSED] - Statement - counter = counter + 1: null

2018-12-14 01:21:28 - [TEST_STEP][PASSED] - Statement - PreSaveFile = new java.io.File(((pathPrefix + java.lang.Integer.toString(counter)) + .png)): null

2018-12-14 01:21:28 - [TEST_STEP][PASSED] - Statement - counter = counter + 1: null

2018-12-14 01:21:28 - [TEST_STEP][PASSED] - Statement - PreSaveFile = new java.io.File(((pathPrefix + java.lang.Integer.toString(counter)) + .png)): null

2018-12-14 01:21:28 - [TEST_STEP][PASSED] - Statement - counter = counter + 1: null

2018-12-14 01:21:28 - [TEST_STEP][PASSED] - Statement - PreSaveFile = new java.io.File(((pathPrefix + java.lang.Integer.toString(counter)) + .png)): null

2018-12-14 01:21:28 - [TEST_STEP][PASSED] - Statement - counter = counter + 1: null

2018-12-14 01:21:28 - [TEST_STEP][PASSED] - Statement - PreSaveFile = new java.io.File(((pathPrefix + java.lang.Integer.toString(counter)) + .png)): null

2018-12-14 01:21:28 - [TEST_STEP][PASSED] - Statement - counter = counter + 1: null

2018-12-14 01:21:28 - [TEST_STEP][PASSED] - Statement - PreSaveFile = new java.io.File(((pathPrefix + java.lang.Integer.toString(counter)) + .png)): null

2018-12-14 01:21:28 - [TEST_STEP][PASSED] - Statement - counter = counter + 1: null

2018-12-14 01:21:28 - [TEST_STEP][PASSED] - Statement - PreSaveFile = new java.io.File(((pathPrefix + java.lang.Integer.toString(counter)) + .png)): null

2018-12-14 01:21:28 - [TEST_STEP][PASSED] - Statement - counter = counter + 1: null

2018-12-14 01:21:28 - [TEST_STEP][PASSED] - Statement - PreSaveFile = new java.io.File(((pathPrefix + java.lang.Integer.toString(counter)) + .png)): null

2018-12-14 01:21:28 - [TEST_STEP][PASSED] - Statement - counter = counter + 1: null

2018-12-14 01:21:28 - [TEST_STEP][PASSED] - Statement - PreSaveFile = new java.io.File(((pathPrefix + java.lang.Integer.toString(counter)) + .png)): null

2018-12-14 01:21:28 - [TEST_STEP][PASSED] - Statement - counter = counter + 1: null

2018-12-14 01:21:28 - [TEST_STEP][PASSED] - Statement - PreSaveFile = new java.io.File(((pathPrefix + java.lang.Integer.toString(counter)) + .png)): null

2018-12-14 01:21:28 - [TEST_STEP][PASSED] - Statement - counter = counter + 1: null

2018-12-14 01:21:28 - [TEST_STEP][PASSED] - Statement - PreSaveFile = new java.io.File(((pathPrefix + java.lang.Integer.toString(counter)) + .png)): null

2018-12-14 01:21:28 - [TEST_STEP][PASSED] - Statement - counter = counter + 1: null

2018-12-14 01:21:28 - [TEST_STEP][PASSED] - Statement - PreSaveFile = new java.io.File(((pathPrefix + java.lang.Integer.toString(counter)) + .png)): null

2018-12-14 01:21:28 - [TEST_STEP][PASSED] - Statement - counter = counter + 1: null

2018-12-14 01:21:28 - [TEST_STEP][PASSED] - Statement - PreSaveFile = new java.io.File(((pathPrefix + java.lang.Integer.toString(counter)) + .png)): null

2018-12-14 01:21:28 - [TEST_STEP][PASSED] - Statement - counter = counter + 1: null

2018-12-14 01:21:28 - [TEST_STEP][PASSED] - Statement - PreSaveFile = new java.io.File(((pathPrefix + java.lang.Integer.toString(counter)) + .png)): null

2018-12-14 01:21:28 - [TEST_STEP][PASSED] - Statement - counter = counter + 1: null

2018-12-14 01:21:28 - [TEST_STEP][PASSED] - Statement - PreSaveFile = new java.io.File(((pathPrefix + java.lang.Integer.toString(counter)) + .png)): null

2018-12-14 01:21:28 - [TEST_STEP][PASSED] - Statement - counter = counter + 1: null

2018-12-14 01:21:28 - [TEST_STEP][PASSED] - Statement - PreSaveFile = new java.io.File(((pathPrefix + java.lang.Integer.toString(counter)) + .png)): null

2018-12-14 01:21:28 - [TEST_STEP][PASSED] - Statement - counter = counter + 1: null

2018-12-14 01:21:28 - [TEST_STEP][PASSED] - Statement - PreSaveFile = new java.io.File(((pathPrefix + java.lang.Integer.toString(counter)) + .png)): null

2018-12-14 01:21:28 - [TEST_STEP][PASSED] - Statement - counter = counter + 1: null

2018-12-14 01:21:28 - [TEST_STEP][PASSED] - Statement - PreSaveFile = new java.io.File(((pathPrefix + java.lang.Integer.toString(counter)) + .png)): null

2018-12-14 01:21:28 - [TEST_STEP][PASSED] - Statement - counter = counter + 1: null

2018-12-14 01:21:28 - [TEST_STEP][PASSED] - Statement - PreSaveFile = new java.io.File(((pathPrefix + java.lang.Integer.toString(counter)) + .png)): null

2018-12-14 01:21:28 - [TEST_STEP][PASSED] - Statement - counter = counter + 1: null

2018-12-14 01:21:28 - [TEST_STEP][PASSED] - Statement - PreSaveFile = new java.io.File(((pathPrefix + java.lang.Integer.toString(counter)) + .png)): null

2018-12-14 01:21:28 - [TEST_STEP][PASSED] - Statement - counter = counter + 1: null

2018-12-14 01:21:28 - [TEST_STEP][PASSED] - Statement - PreSaveFile = new java.io.File(((pathPrefix + java.lang.Integer.toString(counter)) + .png)): null

2018-12-14 01:21:28 - [TEST_STEP][PASSED] - Statement - counter = counter + 1: null

2018-12-14 01:21:28 - [TEST_STEP][PASSED] - Statement - PreSaveFile = new java.io.File(((pathPrefix + java.lang.Integer.toString(counter)) + .png)): null

2018-12-14 01:21:28 - [TEST_STEP][PASSED] - Statement - counter = counter + 1: null

2018-12-14 01:21:28 - [TEST_STEP][PASSED] - Statement - PreSaveFile = new java.io.File(((pathPrefix + java.lang.Integer.toString(counter)) + .png)): null

2018-12-14 01:21:28 - [TEST_STEP][PASSED] - Statement - counter = counter + 1: null

2018-12-14 01:21:28 - [TEST_STEP][PASSED] - Statement - PreSaveFile = new java.io.File(((pathPrefix + java.lang.Integer.toString(counter)) + .png)): null

2018-12-14 01:21:28 - [TEST_STEP][PASSED] - Statement - counter = counter + 1: null

2018-12-14 01:21:28 - [TEST_STEP][PASSED] - Statement - PreSaveFile = new java.io.File(((pathPrefix + java.lang.Integer.toString(counter)) + .png)): null

2018-12-14 01:21:28 - [TEST_STEP][PASSED] - Statement - counter = counter + 1: null

2018-12-14 01:21:28 - [TEST_STEP][PASSED] - Statement - PreSaveFile = new java.io.File(((pathPrefix + java.lang.Integer.toString(counter)) + .png)): null

2018-12-14 01:21:28 - [TEST_STEP][PASSED] - Statement - counter = counter + 1: null

2018-12-14 01:21:28 - [TEST_STEP][PASSED] - Statement - PreSaveFile = new java.io.File(((pathPrefix + java.lang.Integer.toString(counter)) + .png)): null

2018-12-14 01:21:28 - [TEST_STEP][PASSED] - Statement - counter = counter + 1: null

2018-12-14 01:21:28 - [TEST_STEP][PASSED] - Statement - PreSaveFile = new java.io.File(((pathPrefix + java.lang.Integer.toString(counter)) + .png)): null

2018-12-14 01:21:28 - [TEST_STEP][PASSED] - Statement - counter = counter + 1: null

2018-12-14 01:21:28 - [TEST_STEP][PASSED] - Statement - PreSaveFile = new java.io.File(((pathPrefix + java.lang.Integer.toString(counter)) + .png)): null

2018-12-14 01:21:28 - [TEST_STEP][PASSED] - Statement - counter = counter + 1: null

2018-12-14 01:21:28 - [TEST_STEP][PASSED] - Statement - PreSaveFile = new java.io.File(((pathPrefix + java.lang.Integer.toString(counter)) + .png)): null

2018-12-14 01:21:28 - [TEST_STEP][PASSED] - Statement - counter = counter + 1: null

2018-12-14 01:21:28 - [TEST_STEP][PASSED] - Statement - PreSaveFile = new java.io.File(((pathPrefix + java.lang.Integer.toString(counter)) + .png)): null

2018-12-14 01:21:28 - [TEST_STEP][PASSED] - Statement - counter = counter + 1: null

2018-12-14 01:21:28 - [TEST_STEP][PASSED] - Statement - PreSaveFile = new java.io.File(((pathPrefix + java.lang.Integer.toString(counter)) + .png)): null

2018-12-14 01:21:28 - [TEST_STEP][PASSED] - Statement - counter = counter + 1: null

2018-12-14 01:21:28 - [TEST_STEP][PASSED] - Statement - PreSaveFile = new java.io.File(((pathPrefix + java.lang.Integer.toString(counter)) + .png)): null

2018-12-14 01:21:28 - [TEST_STEP][PASSED] - Statement - counter = counter + 1: null

2018-12-14 01:21:28 - [TEST_STEP][PASSED] - Statement - PreSaveFile = new java.io.File(((pathPrefix + java.lang.Integer.toString(counter)) + .png)): null

2018-12-14 01:21:28 - [TEST_STEP][PASSED] - Statement - counter = counter + 1: null

2018-12-14 01:21:28 - [TEST_STEP][PASSED] - Statement - PreSaveFile = new java.io.File(((pathPrefix + java.lang.Integer.toString(counter)) + .png)): null

2018-12-14 01:21:28 - [TEST_STEP][PASSED] - Statement - counter = counter + 1: null

2018-12-14 01:21:28 - [TEST_STEP][PASSED] - Statement - PreSaveFile = new java.io.File(((pathPrefix + java.lang.Integer.toString(counter)) + .png)): null

2018-12-14 01:21:28 - [TEST_STEP][PASSED] - Statement - counter = counter + 1: null

2018-12-14 01:21:28 - [TEST_STEP][PASSED] - Statement - PreSaveFile = new java.io.File(((pathPrefix + java.lang.Integer.toString(counter)) + .png)): null

2018-12-14 01:21:28 - [TEST_STEP][PASSED] - Statement - counter = counter + 1: null

2018-12-14 01:21:28 - [TEST_STEP][PASSED] - Statement - PreSaveFile = new java.io.File(((pathPrefix + java.lang.Integer.toString(counter)) + .png)): null

2018-12-14 01:21:28 - [TEST_STEP][PASSED] - Statement - counter = counter + 1: null

2018-12-14 01:21:28 - [TEST_STEP][PASSED] - Statement - PreSaveFile = new java.io.File(((pathPrefix + java.lang.Integer.toString(counter)) + .png)): null

2018-12-14 01:21:28 - [TEST_STEP][PASSED] - Statement - counter = counter + 1: null

2018-12-14 01:21:28 - [TEST_STEP][PASSED] - Statement - PreSaveFile = new java.io.File(((pathPrefix + java.lang.Integer.toString(counter)) + .png)): null

2018-12-14 01:21:28 - [TEST_STEP][PASSED] - Statement - counter = counter + 1: null

2018-12-14 01:21:28 - [TEST_STEP][PASSED] - Statement - PreSaveFile = new java.io.File(((pathPrefix + java.lang.Integer.toString(counter)) + .png)): null

2018-12-14 01:21:28 - [TEST_STEP][PASSED] - Statement - counter = counter + 1: null

2018-12-14 01:21:28 - [TEST_STEP][PASSED] - Statement - PreSaveFile = new java.io.File(((pathPrefix + java.lang.Integer.toString(counter)) + .png)): null

2018-12-14 01:21:28 - [TEST_STEP][PASSED] - Statement - counter = counter + 1: null

2018-12-14 01:21:28 - [TEST_STEP][PASSED] - Statement - PreSaveFile = new java.io.File(((pathPrefix + java.lang.Integer.toString(counter)) + .png)): null

2018-12-14 01:21:28 - [TEST_STEP][PASSED] - Statement - counter = counter + 1: null

2018-12-14 01:21:28 - [TEST_STEP][PASSED] - Statement - PreSaveFile = new java.io.File(((pathPrefix + java.lang.Integer.toString(counter)) + .png)): null

2018-12-14 01:21:28 - [TEST_STEP][PASSED] - Statement - counter = counter + 1: null

2018-12-14 01:21:28 - [TEST_STEP][PASSED] - Statement - PreSaveFile = new java.io.File(((pathPrefix + java.lang.Integer.toString(counter)) + .png)): null

2018-12-14 01:21:28 - [TEST_STEP][PASSED] - Statement - counter = counter + 1: null

2018-12-14 01:21:28 - [TEST_STEP][PASSED] - Statement - PreSaveFile = new java.io.File(((pathPrefix + java.lang.Integer.toString(counter)) + .png)): null

2018-12-14 01:21:28 - [TEST_STEP][PASSED] - Statement - counter = counter + 1: null

2018-12-14 01:21:28 - [TEST_STEP][PASSED] - Statement - PreSaveFile = new java.io.File(((pathPrefix + java.lang.Integer.toString(counter)) + .png)): null

2018-12-14 01:21:28 - [TEST_STEP][PASSED] - Statement - counter = counter + 1: null

2018-12-14 01:21:28 - [TEST_STEP][PASSED] - Statement - PreSaveFile = new java.io.File(((pathPrefix + java.lang.Integer.toString(counter)) + .png)): null

2018-12-14 01:21:28 - [TEST_STEP][PASSED] - Statement - counter = counter + 1: null

2018-12-14 01:21:28 - [TEST_STEP][PASSED] - Statement - PreSaveFile = new java.io.File(((pathPrefix + java.lang.Integer.toString(counter)) + .png)): null

2018-12-14 01:21:28 - [TEST_STEP][PASSED] - Statement - counter = counter + 1: null

2018-12-14 01:21:28 - [TEST_STEP][PASSED] - Statement - PreSaveFile = new java.io.File(((pathPrefix + java.lang.Integer.toString(counter)) + .png)): null

2018-12-14 01:21:28 - [TEST_STEP][PASSED] - Statement - counter = counter + 1: null

2018-12-14 01:21:28 - [TEST_STEP][PASSED] - Statement - PreSaveFile = new java.io.File(((pathPrefix + java.lang.Integer.toString(counter)) + .png)): null

2018-12-14 01:21:28 - [TEST_STEP][PASSED] - Statement - counter = counter + 1: null

2018-12-14 01:21:28 - [TEST_STEP][PASSED] - Statement - PreSaveFile = new java.io.File(((pathPrefix + java.lang.Integer.toString(counter)) + .png)): null

2018-12-14 01:21:28 - [TEST_STEP][PASSED] - Statement - counter = counter + 1: null

2018-12-14 01:21:28 - [TEST_STEP][PASSED] - Statement - PreSaveFile = new java.io.File(((pathPrefix + java.lang.Integer.toString(counter)) + .png)): null

2018-12-14 01:21:28 - [TEST_STEP][PASSED] - Statement - counter = counter + 1: null

2018-12-14 01:21:28 - [TEST_STEP][PASSED] - Statement - PreSaveFile = new java.io.File(((pathPrefix + java.lang.Integer.toString(counter)) + .png)): null

2018-12-14 01:21:28 - [TEST_STEP][PASSED] - Statement - counter = counter + 1: null

2018-12-14 01:21:28 - [TEST_STEP][PASSED] - Statement - PreSaveFile = new java.io.File(((pathPrefix + java.lang.Integer.toString(counter)) + .png)): null

2018-12-14 01:21:28 - [TEST_STEP][PASSED] - Statement - counter = counter + 1: null

2018-12-14 01:21:28 - [TEST_STEP][PASSED] - Statement - PreSaveFile = new java.io.File(((pathPrefix + java.lang.Integer.toString(counter)) + .png)): null

2018-12-14 01:21:28 - [TEST_STEP][PASSED] - Statement - counter = counter + 1: null

2018-12-14 01:21:28 - [TEST_STEP][PASSED] - Statement - PreSaveFile = new java.io.File(((pathPrefix + java.lang.Integer.toString(counter)) + .png)): null

2018-12-14 01:21:28 - [TEST_STEP][PASSED] - Statement - counter = counter + 1: null

2018-12-14 01:21:28 - [TEST_STEP][PASSED] - Statement - PreSaveFile = new java.io.File(((pathPrefix + java.lang.Integer.toString(counter)) + .png)): null

2018-12-14 01:21:28 - [TEST_STEP][PASSED] - Statement - counter = counter + 1: null

2018-12-14 01:21:28 - [TEST_STEP][PASSED] - Statement - PreSaveFile = new java.io.File(((pathPrefix + java.lang.Integer.toString(counter)) + .png)): null

2018-12-14 01:21:28 - [TEST_STEP][PASSED] - Statement - counter = counter + 1: null

2018-12-14 01:21:28 - [TEST_STEP][PASSED] - Statement - PreSaveFile = new java.io.File(((pathPrefix + java.lang.Integer.toString(counter)) + .png)): null

2018-12-14 01:21:28 - [TEST_STEP][PASSED] - Statement - counter = counter + 1: null

2018-12-14 01:21:28 - [TEST_STEP][PASSED] - Statement - PreSaveFile = new java.io.File(((pathPrefix + java.lang.Integer.toString(counter)) + .png)): null

2018-12-14 01:21:28 - [TEST_STEP][PASSED] - Statement - counter = counter + 1: null

2018-12-14 01:21:28 - [TEST_STEP][PASSED] - Statement - PreSaveFile = new java.io.File(((pathPrefix + java.lang.Integer.toString(counter)) + .png)): null

2018-12-14 01:21:28 - [TEST_STEP][PASSED] - Statement - counter = counter + 1: null

2018-12-14 01:21:28 - [TEST_STEP][PASSED] - Statement - PreSaveFile = new java.io.File(((pathPrefix + java.lang.Integer.toString(counter)) + .png)): null

2018-12-14 01:21:28 - [TEST_STEP][PASSED] - Statement - counter = counter + 1: null

2018-12-14 01:21:28 - [TEST_STEP][PASSED] - Statement - PreSaveFile = new java.io.File(((pathPrefix + java.lang.Integer.toString(counter)) + .png)): null

2018-12-14 01:21:28 - [TEST_STEP][PASSED] - Statement - counter = counter + 1: null

2018-12-14 01:21:28 - [TEST_STEP][PASSED] - Statement - PreSaveFile = new java.io.File(((pathPrefix + java.lang.Integer.toString(counter)) + .png)): null

2018-12-14 01:21:28 - [TEST_STEP][PASSED] - Statement - counter = counter + 1: null

2018-12-14 01:21:28 - [TEST_STEP][PASSED] - Statement - PreSaveFile = new java.io.File(((pathPrefix + java.lang.Integer.toString(counter)) + .png)): null

2018-12-14 01:21:28 - [TEST_STEP][PASSED] - Statement - counter = counter + 1: null

2018-12-14 01:21:28 - [TEST_STEP][PASSED] - Statement - PreSaveFile = new java.io.File(((pathPrefix + java.lang.Integer.toString(counter)) + .png)): null

2018-12-14 01:21:28 - [TEST_STEP][PASSED] - Statement - counter = counter + 1: null

2018-12-14 01:21:28 - [TEST_STEP][PASSED] - Statement - PreSaveFile = new java.io.File(((pathPrefix + java.lang.Integer.toString(counter)) + .png)): null

2018-12-14 01:21:28 - [TEST_STEP][PASSED] - Statement - counter = counter + 1: null

2018-12-14 01:21:28 - [TEST_STEP][PASSED] - Statement - PreSaveFile = new java.io.File(((pathPrefix + java.lang.Integer.toString(counter)) + .png)): null

2018-12-14 01:21:28 - [TEST_STEP][PASSED] - Statement - counter = counter + 1: null

2018-12-14 01:21:28 - [TEST_STEP][PASSED] - Statement - PreSaveFile = new java.io.File(((pathPrefix + java.lang.Integer.toString(counter)) + .png)): null

2018-12-14 01:21:28 - [TEST_STEP][PASSED] - Statement - counter = counter + 1: null

2018-12-14 01:21:28 - [TEST_STEP][PASSED] - Statement - PreSaveFile = new java.io.File(((pathPrefix + java.lang.Integer.toString(counter)) + .png)): null

2018-12-14 01:21:28 - [TEST_STEP][PASSED] - Statement - counter = counter + 1: null

2018-12-14 01:21:28 - [TEST_STEP][PASSED] - Statement - PreSaveFile = new java.io.File(((pathPrefix + java.lang.Integer.toString(counter)) + .png)): null

2018-12-14 01:21:28 - [TEST_STEP][PASSED] - Statement - counter = counter + 1: null

2018-12-14 01:21:28 - [TEST_STEP][PASSED] - Statement - PreSaveFile = new java.io.File(((pathPrefix + java.lang.Integer.toString(counter)) + .png)): null

2018-12-14 01:21:28 - [TEST_STEP][PASSED] - Statement - counter = counter + 1: null

2018-12-14 01:21:28 - [TEST_STEP][PASSED] - Statement - PreSaveFile = new java.io.File(((pathPrefix + java.lang.Integer.toString(counter)) + .png)): null

2018-12-14 01:21:28 - [TEST_STEP][PASSED] - Statement - counter = counter + 1: null

2018-12-14 01:21:28 - [TEST_STEP][PASSED] - Statement - PreSaveFile = new java.io.File(((pathPrefix + java.lang.Integer.toString(counter)) + .png)): null

2018-12-14 01:21:28 - [TEST_STEP][PASSED] - Statement - counter = counter + 1: null

2018-12-14 01:21:28 - [TEST_STEP][PASSED] - Statement - PreSaveFile = new java.io.File(((pathPrefix + java.lang.Integer.toString(counter)) + .png)): null

2018-12-14 01:21:28 - [TEST_STEP][PASSED] - Statement - counter = counter + 1: null

2018-12-14 01:21:28 - [TEST_STEP][PASSED] - Statement - PreSaveFile = new java.io.File(((pathPrefix + java.lang.Integer.toString(counter)) + .png)): null

2018-12-14 01:21:28 - [TEST_STEP][PASSED] - Statement - counter = counter + 1: null

2018-12-14 01:21:28 - [TEST_STEP][PASSED] - Statement - PreSaveFile = new java.io.File(((pathPrefix + java.lang.Integer.toString(counter)) + .png)): null

2018-12-14 01:21:28 - [TEST_STEP][PASSED] - Statement - counter = counter + 1: null

2018-12-14 01:21:28 - [TEST_STEP][PASSED] - Statement - PreSaveFile = new java.io.File(((pathPrefix + java.lang.Integer.toString(counter)) + .png)): null

2018-12-14 01:21:28 - [TEST_STEP][PASSED] - Statement - counter = counter + 1: null

2018-12-14 01:21:28 - [TEST_STEP][PASSED] - Statement - PreSaveFile = new java.io.File(((pathPrefix + java.lang.Integer.toString(counter)) + .png)): null

2018-12-14 01:21:28 - [TEST_STEP][PASSED] - Statement - counter = counter + 1: null

2018-12-14 01:21:28 - [TEST_STEP][PASSED] - Statement - PreSaveFile = new java.io.File(((pathPrefix + java.lang.Integer.toString(counter)) + .png)): null

2018-12-14 01:21:28 - [TEST_STEP][PASSED] - Statement - counter = counter + 1: null

2018-12-14 01:21:28 - [TEST_STEP][PASSED] - Statement - PreSaveFile = new java.io.File(((pathPrefix + java.lang.Integer.toString(counter)) + .png)): null

2018-12-14 01:21:28 - [TEST_STEP][PASSED] - Statement - counter = counter + 1: null

2018-12-14 01:21:28 - [TEST_STEP][PASSED] - Statement - PreSaveFile = new java.io.File(((pathPrefix + java.lang.Integer.toString(counter)) + .png)): null

2018-12-14 01:21:28 - [TEST_STEP][PASSED] - Statement - counter = counter + 1: null

2018-12-14 01:21:28 - [TEST_STEP][PASSED] - Statement - PreSaveFile = new java.io.File(((pathPrefix + java.lang.Integer.toString(counter)) + .png)): null

2018-12-14 01:21:28 - [TEST_STEP][PASSED] - Statement - counter = counter + 1: null

2018-12-14 01:21:28 - [TEST_STEP][PASSED] - Statement - PreSaveFile = new java.io.File(((pathPrefix + java.lang.Integer.toString(counter)) + .png)): null

2018-12-14 01:21:28 - [TEST_STEP][PASSED] - Statement - counter = counter + 1: null

2018-12-14 01:21:28 - [TEST_STEP][PASSED] - Statement - PreSaveFile = new java.io.File(((pathPrefix + java.lang.Integer.toString(counter)) + .png)): null

2018-12-14 01:21:28 - [TEST_STEP][PASSED] - Statement - counter = counter + 1: null

2018-12-14 01:21:28 - [TEST_STEP][PASSED] - Statement - PreSaveFile = new java.io.File(((pathPrefix + java.lang.Integer.toString(counter)) + .png)): null

2018-12-14 01:21:28 - [TEST_STEP][PASSED] - Statement - counter = counter + 1: null

2018-12-14 01:21:28 - [TEST_STEP][PASSED] - Statement - PreSaveFile = new java.io.File(((pathPrefix + java.lang.Integer.toString(counter)) + .png)): null

2018-12-14 01:21:28 - [TEST_STEP][PASSED] - Statement - counter = counter + 1: null

2018-12-14 01:21:28 - [TEST_STEP][PASSED] - Statement - PreSaveFile = new java.io.File(((pathPrefix + java.lang.Integer.toString(counter)) + .png)): null

2018-12-14 01:21:28 - [TEST_STEP][PASSED] - Statement - counter = counter + 1: null

2018-12-14 01:21:28 - [TEST_STEP][PASSED] - Statement - PreSaveFile = new java.io.File(((pathPrefix + java.lang.Integer.toString(counter)) + .png)): null

2018-12-14 01:21:28 - [TEST_STEP][PASSED] - Statement - counter = counter + 1: null

2018-12-14 01:21:28 - [TEST_STEP][PASSED] - Statement - PreSaveFile = new java.io.File(((pathPrefix + java.lang.Integer.toString(counter)) + .png)): null

2018-12-14 01:21:28 - [TEST_STEP][PASSED] - Statement - counter = counter + 1: null

2018-12-14 01:21:28 - [TEST_STEP][PASSED] - Statement - PreSaveFile = new java.io.File(((pathPrefix + java.lang.Integer.toString(counter)) + .png)): null

2018-12-14 01:21:28 - [TEST_STEP][PASSED] - Statement - counter = counter + 1: null

2018-12-14 01:21:28 - [TEST_STEP][PASSED] - Statement - PreSaveFile = new java.io.File(((pathPrefix + java.lang.Integer.toString(counter)) + .png)): null

2018-12-14 01:21:28 - [TEST_STEP][PASSED] - Statement - counter = counter + 1: null

2018-12-14 01:21:28 - [TEST_STEP][PASSED] - Statement - PreSaveFile = new java.io.File(((pathPrefix + java.lang.Integer.toString(counter)) + .png)): null

2018-12-14 01:21:28 - [TEST_STEP][PASSED] - Statement - counter = counter + 1: null

2018-12-14 01:21:28 - [TEST_STEP][PASSED] - Statement - PreSaveFile = new java.io.File(((pathPrefix + java.lang.Integer.toString(counter)) + .png)): null

2018-12-14 01:21:28 - [TEST_STEP][PASSED] - Statement - counter = counter + 1: null

2018-12-14 01:21:28 - [TEST_STEP][PASSED] - Statement - PreSaveFile = new java.io.File(((pathPrefix + java.lang.Integer.toString(counter)) + .png)): null

2018-12-14 01:21:28 - [TEST_STEP][PASSED] - Statement - counter = counter + 1: null

2018-12-14 01:21:28 - [TEST_STEP][PASSED] - Statement - PreSaveFile = new java.io.File(((pathPrefix + java.lang.Integer.toString(counter)) + .png)): null

2018-12-14 01:21:28 - [TEST_STEP][PASSED] - Statement - counter = counter + 1: null

2018-12-14 01:21:28 - [TEST_STEP][PASSED] - Statement - PreSaveFile = new java.io.File(((pathPrefix + java.lang.Integer.toString(counter)) + .png)): null

2018-12-14 01:21:28 - [TEST_STEP][PASSED] - Statement - counter = counter + 1: null

2018-12-14 01:21:28 - [TEST_STEP][PASSED] - Statement - PreSaveFile = new java.io.File(((pathPrefix + java.lang.Integer.toString(counter)) + .png)): null

2018-12-14 01:21:28 - [TEST_STEP][PASSED] - Statement - finalPath = pathPrefix + java.lang.Integer.toString(counter) + ".png": null

2018-12-14 01:21:28 - [TEST_STEP][PASSED] - Statement - SaveFile = new java.io.File(finalPath): null

2018-12-14 01:21:28 - [TEST_STEP][PASSED] - Statement - Try: null

2018-12-14 01:21:28 - [TEST_STEP][PASSED] - Statement - org.apache.commons.io.FileUtils.copyFile(scrFile, SaveFile): null

2018-12-14 01:21:28 - [TEST_STEP][PASSED] - Statement - out.println("file kept"): null

2018-12-14 01:21:28 - [TEST_STEP][PASSED] - delay: Delayed 10 second(s)

2018-12-14 01:21:38 - [MESSAGE][PASSED] - Delayed 10 second(s)

2018-12-14 01:21:38 - [MESSAGE][PASSED] - Call Test Case 'Test Cases/Final Aug 2018 - PKS Automation/Common/Screenshoting tool' successfully

2018-12-14 01:21:38 - [TEST_STEP][PASSED] - callTestCase: Call Test Case 'Test Cases/Final Aug 2018 - PKS Automation/Registration Module/Log Out/log out avoiding katalon tagging' successfully

2018-12-14 01:21:38 - [TEST_CASE][PASSED] - Test Cases/Final Aug 2018 - PKS Automation/Registration Module/Log Out/log out avoiding katalon tagging: Test Cases/Final Aug 2018 - PKS Automation/Registration Module/Log Out/log out avoiding katalon tagging

2018-12-14 01:21:38 - [TEST_STEP][PASSED] - navigateToUrl: Navigate to 'https://assist2-uat.perkeso.gov.my/c/portal/logout' successfully

2018-12-14 01:21:39 - [MESSAGE][PASSED] - Navigate to 'https://assist2-uat.perkeso.gov.my/c/portal/logout' successfully

2018-12-14 01:21:39 - [MESSAGE][PASSED] - Call Test Case 'Test Cases/Final Aug 2018 - PKS Automation/Registration Module/Log Out/log out avoiding katalon tagging' successfully

2018-12-14 01:21:39 - [TEST_STEP][PASSED] - callTestCase: Call Test Case 'Test Cases/Final Aug 2018 - PKS Automation/Common/Workflow Owner Finder' successfully

2018-12-14 01:21:39 - [TEST_CASE][PASSED] - Test Cases/Final Aug 2018 - PKS Automation/Common/Workflow Owner Finder: Test Cases/Final Aug 2018 - PKS Automation/Common/Workflow Owner Finder

2018-12-14 01:21:39 - [TEST_STEP][PASSED] - openBrowser: Browser is opened with url: ''

2018-12-14 01:21:39 - [MESSAGE][WARNING] - A browser is already opened. Closing browser and opening a new one

2018-12-14 01:21:43 - [MESSAGE][PASSED] - Browser is opened with url: ''

2018-12-14 01:21:43 - [TEST_STEP][PASSED] - navigateToUrl: Navigate to 'https://assist2-uat.perkeso.gov.my/login' successfully

2018-12-14 01:21:44 - [MESSAGE][PASSED] - Navigate to 'https://assist2-uat.perkeso.gov.my/login' successfully

2018-12-14 01:21:44 - [TEST_STEP][PASSED] - delay: Delayed 5 second(s)

2018-12-14 01:21:49 - [MESSAGE][PASSED] - Delayed 5 second(s)

2018-12-14 01:21:49 - [TEST_STEP][PASSED] - setText: Text 'test@liferay.com' is set on object 'Object Repository/Final Object Repo/Login Page/Internal User/Email Address'

2018-12-14 01:21:49 - [MESSAGE][PASSED] - Text 'test@liferay.com' is set on object 'Object Repository/Final Object Repo/Login Page/Internal User/Email Address'

2018-12-14 01:21:49 - [TEST_STEP][PASSED] - click: Object: 'Object Repository/Final Object Repo/Login Page/Internal User/Next Button' is clicked on

2018-12-14 01:21:50 - [MESSAGE][PASSED] - Object: 'Object Repository/Final Object Repo/Login Page/Internal User/Next Button' is clicked on

2018-12-14 01:21:50 - [TEST_STEP][PASSED] - delay: Delayed 2 second(s)

2018-12-14 01:21:52 - [MESSAGE][PASSED] - Delayed 2 second(s)

2018-12-14 01:21:52 - [TEST_STEP][PASSED] - setText: Text 'test' is set on object 'Object Repository/Final Object Repo/Login Page/Internal User/Password'

2018-12-14 01:21:52 - [MESSAGE][PASSED] - Text 'test' is set on object 'Object Repository/Final Object Repo/Login Page/Internal User/Password'

2018-12-14 01:21:52 - [TEST_STEP][PASSED] - delay: Delayed 2 second(s)

2018-12-14 01:21:54 - [MESSAGE][PASSED] - Delayed 2 second(s)

2018-12-14 01:21:54 - [TEST_STEP][PASSED] - click: Object: 'Object Repository/Final Object Repo/Login Page/Internal User/Login Button' is clicked on

2018-12-14 01:21:54 - [MESSAGE][PASSED] - Object: 'Object Repository/Final Object Repo/Login Page/Internal User/Login Button' is clicked on

2018-12-14 01:21:54 - [TEST_STEP][PASSED] - Statement - tester = com.kms.katalon.core.testobject.ObjectRepository.findTestObject(Final Object Repo/Landing Page/Select to English): Finding Test Object with id 'Object Repository/Final Object Repo/Landing Page/Select to English'

2018-12-14 01:21:54 - [TEST_STEP][PASSED] - Statement - Try: Delayed 2 second(s)

2018-12-14 01:21:54 - [TEST_STEP][PASSED] - Statement - Checker = com.kms.katalon.core.webui.keyword.WebUiBuiltInKeywords.verifyElementNotPresent(tester, 3): Web element with id: 'Object Repository/Final Object Repo/Landing Page/Select to English' located by 'By.xpath: //a[@class = 'taglib-language-list-text' and @lang = 'en-US' and (contains(text(), 'EN') or contains(., 'EN'))]' is not present after '3' second(s)

2018-12-14 01:21:56 - [MESSAGE][PASSED] - Web element with id: 'Object Repository/Final Object Repo/Landing Page/Select to English' located by 'By.xpath: //a[@class = 'taglib-language-list-text' and @lang = 'en-US' and (contains(text(), 'EN') or contains(., 'EN'))]' is not present after '3' second(s)

2018-12-14 01:21:56 - [TEST_STEP][PASSED] - Statement - If (Checker == false): null

2018-12-14 01:21:56 - [TEST_STEP][PASSED] - delay: Delayed 2 second(s)

2018-12-14 01:21:58 - [MESSAGE][PASSED] - Delayed 2 second(s)

2018-12-14 01:21:58 - [TEST_STEP][PASSED] - delay: Delayed 5 second(s)

2018-12-14 01:22:03 - [MESSAGE][PASSED] - Delayed 5 second(s)

2018-12-14 01:22:03 - [TEST_STEP][PASSED] - mouseOver: Object: 'Object Repository/Final Object Repo/Landing Page/WorkFlow Menu' is hovered

2018-12-14 01:22:03 - [MESSAGE][PASSED] - Object: 'Object Repository/Final Object Repo/Landing Page/WorkFlow Menu' is hovered

2018-12-14 01:22:03 - [TEST_STEP][PASSED] - delay: Delayed 2 second(s)

2018-12-14 01:22:05 - [MESSAGE][PASSED] - Delayed 2 second(s)

2018-12-14 01:22:05 - [TEST_STEP][PASSED] - click: Object: 'Object Repository/Final Object Repo/Landing Page/Select to Workflow Listing' is clicked on

2018-12-14 01:22:06 - [MESSAGE][PASSED] - Object: 'Object Repository/Final Object Repo/Landing Page/Select to Workflow Listing' is clicked on

2018-12-14 01:22:06 - [TEST_STEP][PASSED] - delay: Delayed 2 second(s)

2018-12-14 01:22:08 - [MESSAGE][PASSED] - Delayed 2 second(s)

2018-12-14 01:22:08 - [TEST_STEP][PASSED] - click: Object: 'Object Repository/Final Object Repo/WorkFlow Listing Page/Search Information - To Put Ref No' is clicked on

2018-12-14 01:22:08 - [MESSAGE][PASSED] - Object: 'Object Repository/Final Object Repo/WorkFlow Listing Page/Search Information - To Put Ref No' is clicked on

2018-12-14 01:22:08 - [TEST_STEP][PASSED] - delay: Delayed 2 second(s)

2018-12-14 01:22:10 - [MESSAGE][PASSED] - Delayed 2 second(s)

2018-12-14 01:22:10 - [TEST_STEP][PASSED] - callTestCase: Call Test Case 'Test Cases/Final Aug 2018 - PKS Automation/Common/Reference Number Getter' successfully

2018-12-14 01:22:11 - [TEST_CASE][PASSED] - Test Cases/Final Aug 2018 - PKS Automation/Common/Reference Number Getter: Test Cases/Final Aug 2018 - PKS Automation/Common/Reference Number Getter

2018-12-14 01:22:11 - [TEST_STEP][PASSED] - Statement - Try: null

2018-12-14 01:22:11 - [TEST_STEP][PASSED] - Statement - RefNo = new java.io.File(C://Users//Admin//Desktop//PKS//Automation Reference Point//KatalonReference.txt): null

2018-12-14 01:22:11 - [TEST_STEP][PASSED] - Statement - bufferread = new java.io.BufferedReader(new java.io.FileReader(RefNo)): null

2018-12-14 01:22:11 - [TEST_STEP][PASSED] - Statement - readedVal = bufferread.readLine(): null

2018-12-14 01:22:11 - [TEST_STEP][PASSED] - Statement - out.println(CaseReferenceNo): null

2018-12-14 01:22:11 - [TEST_STEP][PASSED] - Statement - out.println(readedVal): null

2018-12-14 01:22:11 - [TEST_STEP][PASSED] - Statement - CaseReferenceNo = "": null

2018-12-14 01:22:11 - [TEST_STEP][PASSED] - Statement - CaseReferenceNo = readedVal: null

2018-12-14 01:22:11 - [MESSAGE][PASSED] - Call Test Case 'Test Cases/Final Aug 2018 - PKS Automation/Common/Reference Number Getter' successfully

2018-12-14 01:22:11 - [TEST_STEP][PASSED] - setText: Text 'CAN12201800002351' is set on object 'Object Repository/Final Object Repo/WorkFlow Listing Page/Ref No Set Text'

2018-12-14 01:22:11 - [MESSAGE][PASSED] - Text 'CAN12201800002351' is set on object 'Object Repository/Final Object Repo/WorkFlow Listing Page/Ref No Set Text'

2018-12-14 01:22:11 - [TEST_STEP][PASSED] - delay: Delayed 2 second(s)

2018-12-14 01:22:13 - [MESSAGE][PASSED] - Delayed 2 second(s)

2018-12-14 01:22:13 - [TEST_STEP][PASSED] - click: Object: 'Object Repository/Final Object Repo/WorkFlow Listing Page/Search Ref No Search Button' is clicked on

2018-12-14 01:22:13 - [MESSAGE][PASSED] - Object: 'Object Repository/Final Object Repo/WorkFlow Listing Page/Search Ref No Search Button' is clicked on

2018-12-14 01:22:13 - [TEST_STEP][PASSED] - delay: Delayed 6 second(s)

2018-12-14 01:22:19 - [MESSAGE][PASSED] - Delayed 6 second(s)

2018-12-14 01:22:19 - [TEST_STEP][PASSED] - click: Object: 'Object Repository/Final Object Repo/WorkFlow Listing Page/Click Continue Tooltip' is clicked on

2018-12-14 01:22:20 - [MESSAGE][PASSED] - Object: 'Object Repository/Final Object Repo/WorkFlow Listing Page/Click Continue Tooltip' is clicked on

2018-12-14 01:22:20 - [TEST_STEP][PASSED] - delay: Delayed 5 second(s)

2018-12-14 01:22:25 - [MESSAGE][PASSED] - Delayed 5 second(s)

2018-12-14 01:22:25 - [TEST_STEP][PASSED] - doubleClick: Object: 'Object Repository/Final Object Repo/WorkFlow Listing Page/Workflow Found - Listing 1' is double clicked on

2018-12-14 01:22:25 - [MESSAGE][PASSED] - Object: 'Object Repository/Final Object Repo/WorkFlow Listing Page/Workflow Found - Listing 1' is double clicked on

2018-12-14 01:22:25 - [TEST_STEP][PASSED] - Statement - println(OwnerID): null

2018-12-14 01:22:25 - [TEST_STEP][PASSED] - Statement - OwnerID = com.kms.katalon.core.webui.keyword.WebUiBuiltInKeywords.getText(com.kms.katalon.core.testobject.ObjectRepository.findTestObject(Final Object Repo/WorkFlow Listing Page/Workflow Found - Listing 1), STOP_ON_FAILURE): Text of object 'Object Repository/Final Object Repo/WorkFlow Listing Page/Workflow Found - Listing 1' is: 'JOHORro2'

2018-12-14 01:22:25 - [MESSAGE][PASSED] - Text of object 'Object Repository/Final Object Repo/WorkFlow Listing Page/Workflow Found - Listing 1' is: 'JOHORro2'

2018-12-14 01:22:25 - [TEST_STEP][PASSED] - Statement - OwnerID = OwnerID.toLowerCase() + "@gmail.com": null

2018-12-14 01:22:25 - [TEST_STEP][PASSED] - Statement - println(OwnerID): null

2018-12-14 01:22:25 - [TEST_STEP][PASSED] - delay: Delayed 2 second(s)

2018-12-14 01:22:27 - [MESSAGE][PASSED] - Delayed 2 second(s)

2018-12-14 01:22:27 - [MESSAGE][PASSED] - Call Test Case 'Test Cases/Final Aug 2018 - PKS Automation/Common/Workflow Owner Finder' successfully

2018-12-14 01:22:27 - [TEST_STEP][PASSED] - callTestCase: Call Test Case 'Test Cases/Final Aug 2018 - PKS Automation/Registration Module/Log Out/log out avoiding katalon tagging' successfully

2018-12-14 01:22:27 - [TEST_CASE][PASSED] - Test Cases/Final Aug 2018 - PKS Automation/Registration Module/Log Out/log out avoiding katalon tagging: Test Cases/Final Aug 2018 - PKS Automation/Registration Module/Log Out/log out avoiding katalon tagging

2018-12-14 01:22:27 - [TEST_STEP][PASSED] - navigateToUrl: Navigate to 'https://assist2-uat.perkeso.gov.my/c/portal/logout' successfully

2018-12-14 01:22:28 - [MESSAGE][PASSED] - Navigate to 'https://assist2-uat.perkeso.gov.my/c/portal/logout' successfully

2018-12-14 01:22:28 - [MESSAGE][PASSED] - Call Test Case 'Test Cases/Final Aug 2018 - PKS Automation/Registration Module/Log Out/log out avoiding katalon tagging' successfully

2018-12-14 01:22:28 - [TEST_STEP][PASSED] - delay: Delayed 2 second(s)

2018-12-14 01:22:30 - [MESSAGE][PASSED] - Delayed 2 second(s)

2018-12-14 01:22:30 - [TEST_STEP][PASSED] - setText: Text 'johorro2@gmail.com' is set on object 'Object Repository/Final Object Repo/Page_Update Add New Employee - ASSIST/Email TextBox'

2018-12-14 01:22:30 - [MESSAGE][PASSED] - Text 'johorro2@gmail.com' is set on object 'Object Repository/Final Object Repo/Page_Update Add New Employee - ASSIST/Email TextBox'

2018-12-14 01:22:30 - [TEST_STEP][PASSED] - click: Object: 'Object Repository/Final Object Repo/Page_Update Add New Employee - ASSIST/Next Button' is clicked on

2018-12-14 01:22:31 - [MESSAGE][PASSED] - Object: 'Object Repository/Final Object Repo/Page_Update Add New Employee - ASSIST/Next Button' is clicked on

2018-12-14 01:22:31 - [TEST_STEP][PASSED] - delay: Delayed 2 second(s)

2018-12-14 01:22:33 - [MESSAGE][PASSED] - Delayed 2 second(s)

2018-12-14 01:22:33 - [TEST_STEP][PASSED] - setText: Text 'Test1@3456789' is set on object 'Object Repository/Final Object Repo/Page_Update Add New Employee - ASSIST/Password TextBox'

2018-12-14 01:22:33 - [MESSAGE][PASSED] - Text 'Test1@3456789' is set on object 'Object Repository/Final Object Repo/Page_Update Add New Employee - ASSIST/Password TextBox'

2018-12-14 01:22:33 - [TEST_STEP][PASSED] - delay: Delayed 2 second(s)

2018-12-14 01:22:35 - [MESSAGE][PASSED] - Delayed 2 second(s)

2018-12-14 01:22:35 - [TEST_STEP][PASSED] - click: Object: 'Object Repository/Final Object Repo/Page_Update Add New Employee - ASSIST/Login Button' is clicked on

2018-12-14 01:22:35 - [MESSAGE][PASSED] - Object: 'Object Repository/Final Object Repo/Page_Update Add New Employee - ASSIST/Login Button' is clicked on

2018-12-14 01:22:35 - [TEST_STEP][PASSED] - delay: Delayed 4 second(s)

2018-12-14 01:22:39 - [MESSAGE][PASSED] - Delayed 4 second(s)

2018-12-14 01:22:39 - [TEST_STEP][PASSED] - Statement - Try: Delayed 2 second(s)

2018-12-14 01:22:39 - [TEST_STEP][PASSED] - Statement - Checker = false: null

2018-12-14 01:22:39 - [TEST_STEP][PASSED] - Statement - Checker = com.kms.katalon.core.webui.keyword.WebUiBuiltInKeywords.verifyElementHasAttribute(com.kms.katalon.core.testobject.ObjectRepository.findTestObject(Final Object Repo/Landing Page/BM Detecting), "href", 20, OPTIONAL): Object 'Object Repository/Final Object Repo/Landing Page/BM Detecting' has attribute 'href'

2018-12-14 01:22:39 - [MESSAGE][PASSED] - Object 'Object Repository/Final Object Repo/Landing Page/BM Detecting' has attribute 'href'

2018-12-14 01:22:39 - [TEST_STEP][PASSED] - Statement - out.println(Checker): null

2018-12-14 01:22:39 - [TEST_STEP][PASSED] - Statement - If (Checker == false): null

2018-12-14 01:22:39 - [TEST_STEP][PASSED] - Statement - Else: null

2018-12-14 01:22:39 - [TEST_STEP][PASSED] - delay: Delayed 2 second(s)

2018-12-14 01:22:41 - [MESSAGE][PASSED] - Delayed 2 second(s)

2018-12-14 01:22:41 - [TEST_STEP][PASSED] - delay: Delayed 4 second(s)

2018-12-14 01:22:45 - [MESSAGE][PASSED] - Delayed 4 second(s)

2018-12-14 01:22:45 - [TEST_STEP][PASSED] - click: Object: 'Object Repository/Final Object Repo/New Registration - Registration Module Pages/New Reg - OTC to RO/Special Case - All Related Objects/Expand to Search' is clicked on

2018-12-14 01:22:45 - [MESSAGE][PASSED] - Object: 'Object Repository/Final Object Repo/New Registration - Registration Module Pages/New Reg - OTC to RO/Special Case - All Related Objects/Expand to Search' is clicked on

2018-12-14 01:22:45 - [TEST_STEP][PASSED] - delay: Delayed 2 second(s)

2018-12-14 01:22:47 - [MESSAGE][PASSED] - Delayed 2 second(s)

2018-12-14 01:22:47 - [TEST_STEP][PASSED] - setText: Text 'CAN12201800002351' is set on object 'Object Repository/Final Object Repo/New Registration - Registration Module Pages/New Reg - OTC to RO/Special Case - All Related Objects/TextBox RefNo in Workbasket'

2018-12-14 01:22:48 - [MESSAGE][PASSED] - Text 'CAN12201800002351' is set on object 'Object Repository/Final Object Repo/New Registration - Registration Module Pages/New Reg - OTC to RO/Special Case - All Related Objects/TextBox RefNo in Workbasket'

2018-12-14 01:22:48 - [TEST_STEP][PASSED] - delay: Delayed 2 second(s)

2018-12-14 01:22:50 - [MESSAGE][PASSED] - Delayed 2 second(s)

2018-12-14 01:22:50 - [TEST_STEP][PASSED] - click: Object: 'Object Repository/Final Object Repo/New Registration - Registration Module Pages/New Reg - OTC to RO/Special Case - All Related Objects/Click Search' is clicked on

2018-12-14 01:22:50 - [MESSAGE][PASSED] - Object: 'Object Repository/Final Object Repo/New Registration - Registration Module Pages/New Reg - OTC to RO/Special Case - All Related Objects/Click Search' is clicked on

2018-12-14 01:22:50 - [TEST_STEP][PASSED] - delay: Delayed 2 second(s)

2018-12-14 01:22:52 - [MESSAGE][PASSED] - Delayed 2 second(s)

2018-12-14 01:22:52 - [TEST_STEP][PASSED] - click: Object: 'Object Repository/Final Object Repo/New Registration - Registration Module Pages/New Reg - OTC to RO/Special Case - All Related Objects/Click to Continue Workflow' is clicked on

2018-12-14 01:22:56 - [MESSAGE][PASSED] - Object: 'Object Repository/Final Object Repo/New Registration - Registration Module Pages/New Reg - OTC to RO/Special Case - All Related Objects/Click to Continue Workflow' is clicked on

2018-12-14 01:22:56 - [TEST_STEP][PASSED] - delay: Delayed 10 second(s)

2018-12-14 01:23:06 - [MESSAGE][PASSED] - Delayed 10 second(s)

2018-12-14 01:23:06 - [TEST_STEP][PASSED] - click: Object: 'Object Repository/Final Object Repo/New Registration - Registration Module Pages/New Reg - OTC to RO/Special Case - All Related Objects/Continue Button in verifying case' is clicked on

2018-12-14 01:23:09 - [MESSAGE][PASSED] - Object: 'Object Repository/Final Object Repo/New Registration - Registration Module Pages/New Reg - OTC to RO/Special Case - All Related Objects/Continue Button in verifying case' is clicked on

2018-12-14 01:23:09 - [TEST_STEP][PASSED] - delay: Delayed 2 second(s)

2018-12-14 01:23:11 - [MESSAGE][PASSED] - Delayed 2 second(s)

2018-12-14 01:23:11 - [TEST_STEP][PASSED] - click: Object: 'Object Repository/Final Object Repo/Page_Update Add New Employee - ASSIST/Save  Continue Button' is clicked on

2018-12-14 01:23:11 - [MESSAGE][PASSED] - Object: 'Object Repository/Final Object Repo/Page_Update Add New Employee - ASSIST/Save  Continue Button' is clicked on

2018-12-14 01:23:11 - [TEST_STEP][PASSED] - delay: Delayed 4 second(s)

2018-12-14 01:23:15 - [MESSAGE][PASSED] - Delayed 4 second(s)

2018-12-14 01:23:15 - [TEST_STEP][PASSED] - click: Object: 'Object Repository/Final Object Repo/Page_Update Add New Employee - ASSIST/Save  Continue Third Screen' is clicked on

2018-12-14 01:23:18 - [MESSAGE][PASSED] - Object: 'Object Repository/Final Object Repo/Page_Update Add New Employee - ASSIST/Save  Continue Third Screen' is clicked on

2018-12-14 01:23:18 - [TEST_STEP][PASSED] - delay: Delayed 4 second(s)

2018-12-14 01:23:22 - [MESSAGE][PASSED] - Delayed 4 second(s)

2018-12-14 01:23:22 - [TEST_STEP][PASSED] - click: Object: 'Object Repository/Final Object Repo/Page_Update Add New Employee - ASSIST/Save   Continue Supporting Doc Page' is clicked on

2018-12-14 01:23:22 - [MESSAGE][PASSED] - Object: 'Object Repository/Final Object Repo/Page_Update Add New Employee - ASSIST/Save   Continue Supporting Doc Page' is clicked on

2018-12-14 01:23:22 - [TEST_STEP][PASSED] - delay: Delayed 4 second(s)

2018-12-14 01:23:26 - [MESSAGE][PASSED] - Delayed 4 second(s)

2018-12-14 01:23:26 - [TEST_STEP][PASSED] - click: Object: 'Object Repository/Final Object Repo/Page_Update Add New Employee - ASSIST/Submit Button' is clicked on

2018-12-14 01:23:26 - [MESSAGE][PASSED] - Object: 'Object Repository/Final Object Repo/Page_Update Add New Employee - ASSIST/Submit Button' is clicked on

2018-12-14 01:23:26 - [TEST_STEP][PASSED] - delay: Delayed 4 second(s)

2018-12-14 01:23:30 - [MESSAGE][PASSED] - Delayed 4 second(s)

2018-12-14 01:23:30 - [TEST_STEP][PASSED] - click: Object: 'Object Repository/Final Object Repo/Page_Update Add New Employee - ASSIST/Confirm Submit Button' is clicked on

2018-12-14 01:23:31 - [MESSAGE][PASSED] - Object: 'Object Repository/Final Object Repo/Page_Update Add New Employee - ASSIST/Confirm Submit Button' is clicked on

2018-12-14 01:23:31 - [TEST_STEP][PASSED] - delay: Delayed 30 second(s)

2018-12-14 01:24:01 - [MESSAGE][PASSED] - Delayed 30 second(s)

2018-12-14 01:24:01 - [TEST_STEP][PASSED] - callTestCase: Call Test Case 'Test Cases/Final Aug 2018 - PKS Automation/Common/Screenshoting tool' successfully

2018-12-14 01:24:01 - [TEST_CASE][PASSED] - Test Cases/Final Aug 2018 - PKS Automation/Common/Screenshoting tool: Test Cases/Final Aug 2018 - PKS Automation/Common/Screenshoting tool

2018-12-14 01:24:01 - [TEST_STEP][PASSED] - delay: Delayed 15 second(s)

2018-12-14 01:24:16 - [MESSAGE][PASSED] - Delayed 15 second(s)

2018-12-14 01:24:16 - [TEST_STEP][PASSED] - Statement - driver = com.kms.katalon.core.webui.driver.DriverFactory.getWebDriver(): null

2018-12-14 01:24:16 - [TEST_STEP][PASSED] - Statement - driver.manage().timeouts().implicitlyWait(10, SECONDS): null

2018-12-14 01:24:16 - [TEST_STEP][PASSED] - Statement - PresavePath = KatalonScreenshots: null

2018-12-14 01:24:16 - [TEST_STEP][PASSED] - Statement - pathPrefix = "C:\Users\Public\Pictures\Sample Pictures\Katalon Screenshots\Automate Ending Screen": null

2018-12-14 01:24:16 - [TEST_STEP][PASSED] - Statement - finalPath = <not implemented yet for class: org.codehaus.groovy.ast.expr.EmptyExpression>: null

2018-12-14 01:24:16 - [TEST_STEP][PASSED] - Statement - scrFile = driver.getScreenshotAs(FILE): null

2018-12-14 01:24:16 - [TEST_STEP][PASSED] - Statement - PreSaveFile = new java.io.File(PresavePath): null

2018-12-14 01:24:16 - [TEST_STEP][PASSED] - Statement - counter = 0: null

2018-12-14 01:24:16 - [TEST_STEP][PASSED] - Statement - If (PreSaveFile.exists()): null

2018-12-14 01:24:16 - [TEST_STEP][PASSED] - Statement - While (PreSaveFile.exists()): null

2018-12-14 01:24:16 - [TEST_STEP][PASSED] - Statement - counter = counter + 1: null

2018-12-14 01:24:16 - [TEST_STEP][PASSED] - Statement - PreSaveFile = new java.io.File(((pathPrefix + java.lang.Integer.toString(counter)) + .png)): null

2018-12-14 01:24:16 - [TEST_STEP][PASSED] - Statement - counter = counter + 1: null

2018-12-14 01:24:16 - [TEST_STEP][PASSED] - Statement - PreSaveFile = new java.io.File(((pathPrefix + java.lang.Integer.toString(counter)) + .png)): null

2018-12-14 01:24:16 - [TEST_STEP][PASSED] - Statement - counter = counter + 1: null

2018-12-14 01:24:16 - [TEST_STEP][PASSED] - Statement - PreSaveFile = new java.io.File(((pathPrefix + java.lang.Integer.toString(counter)) + .png)): null

2018-12-14 01:24:16 - [TEST_STEP][PASSED] - Statement - counter = counter + 1: null

2018-12-14 01:24:16 - [TEST_STEP][PASSED] - Statement - PreSaveFile = new java.io.File(((pathPrefix + java.lang.Integer.toString(counter)) + .png)): null

2018-12-14 01:24:16 - [TEST_STEP][PASSED] - Statement - counter = counter + 1: null

2018-12-14 01:24:16 - [TEST_STEP][PASSED] - Statement - PreSaveFile = new java.io.File(((pathPrefix + java.lang.Integer.toString(counter)) + .png)): null

2018-12-14 01:24:16 - [TEST_STEP][PASSED] - Statement - counter = counter + 1: null

2018-12-14 01:24:16 - [TEST_STEP][PASSED] - Statement - PreSaveFile = new java.io.File(((pathPrefix + java.lang.Integer.toString(counter)) + .png)): null

2018-12-14 01:24:16 - [TEST_STEP][PASSED] - Statement - counter = counter + 1: null

2018-12-14 01:24:16 - [TEST_STEP][PASSED] - Statement - PreSaveFile = new java.io.File(((pathPrefix + java.lang.Integer.toString(counter)) + .png)): null

2018-12-14 01:24:16 - [TEST_STEP][PASSED] - Statement - counter = counter + 1: null

2018-12-14 01:24:16 - [TEST_STEP][PASSED] - Statement - PreSaveFile = new java.io.File(((pathPrefix + java.lang.Integer.toString(counter)) + .png)): null

2018-12-14 01:24:16 - [TEST_STEP][PASSED] - Statement - counter = counter + 1: null

2018-12-14 01:24:16 - [TEST_STEP][PASSED] - Statement - PreSaveFile = new java.io.File(((pathPrefix + java.lang.Integer.toString(counter)) + .png)): null

2018-12-14 01:24:16 - [TEST_STEP][PASSED] - Statement - counter = counter + 1: null

2018-12-14 01:24:16 - [TEST_STEP][PASSED] - Statement - PreSaveFile = new java.io.File(((pathPrefix + java.lang.Integer.toString(counter)) + .png)): null

2018-12-14 01:24:16 - [TEST_STEP][PASSED] - Statement - counter = counter + 1: null

2018-12-14 01:24:16 - [TEST_STEP][PASSED] - Statement - PreSaveFile = new java.io.File(((pathPrefix + java.lang.Integer.toString(counter)) + .png)): null

2018-12-14 01:24:16 - [TEST_STEP][PASSED] - Statement - counter = counter + 1: null

2018-12-14 01:24:16 - [TEST_STEP][PASSED] - Statement - PreSaveFile = new java.io.File(((pathPrefix + java.lang.Integer.toString(counter)) + .png)): null

2018-12-14 01:24:16 - [TEST_STEP][PASSED] - Statement - counter = counter + 1: null

2018-12-14 01:24:16 - [TEST_STEP][PASSED] - Statement - PreSaveFile = new java.io.File(((pathPrefix + java.lang.Integer.toString(counter)) + .png)): null

2018-12-14 01:24:16 - [TEST_STEP][PASSED] - Statement - counter = counter + 1: null

2018-12-14 01:24:16 - [TEST_STEP][PASSED] - Statement - PreSaveFile = new java.io.File(((pathPrefix + java.lang.Integer.toString(counter)) + .png)): null

2018-12-14 01:24:16 - [TEST_STEP][PASSED] - Statement - counter = counter + 1: null

2018-12-14 01:24:16 - [TEST_STEP][PASSED] - Statement - PreSaveFile = new java.io.File(((pathPrefix + java.lang.Integer.toString(counter)) + .png)): null

2018-12-14 01:24:16 - [TEST_STEP][PASSED] - Statement - counter = counter + 1: null

2018-12-14 01:24:16 - [TEST_STEP][PASSED] - Statement - PreSaveFile = new java.io.File(((pathPrefix + java.lang.Integer.toString(counter)) + .png)): null

2018-12-14 01:24:16 - [TEST_STEP][PASSED] - Statement - counter = counter + 1: null

2018-12-14 01:24:16 - [TEST_STEP][PASSED] - Statement - PreSaveFile = new java.io.File(((pathPrefix + java.lang.Integer.toString(counter)) + .png)): null

2018-12-14 01:24:16 - [TEST_STEP][PASSED] - Statement - counter = counter + 1: null

2018-12-14 01:24:16 - [TEST_STEP][PASSED] - Statement - PreSaveFile = new java.io.File(((pathPrefix + java.lang.Integer.toString(counter)) + .png)): null

2018-12-14 01:24:16 - [TEST_STEP][PASSED] - Statement - counter = counter + 1: null

2018-12-14 01:24:16 - [TEST_STEP][PASSED] - Statement - PreSaveFile = new java.io.File(((pathPrefix + java.lang.Integer.toString(counter)) + .png)): null

2018-12-14 01:24:16 - [TEST_STEP][PASSED] - Statement - counter = counter + 1: null

2018-12-14 01:24:16 - [TEST_STEP][PASSED] - Statement - PreSaveFile = new java.io.File(((pathPrefix + java.lang.Integer.toString(counter)) + .png)): null

2018-12-14 01:24:16 - [TEST_STEP][PASSED] - Statement - counter = counter + 1: null

2018-12-14 01:24:16 - [TEST_STEP][PASSED] - Statement - PreSaveFile = new java.io.File(((pathPrefix + java.lang.Integer.toString(counter)) + .png)): null

2018-12-14 01:24:16 - [TEST_STEP][PASSED] - Statement - counter = counter + 1: null

2018-12-14 01:24:16 - [TEST_STEP][PASSED] - Statement - PreSaveFile = new java.io.File(((pathPrefix + java.lang.Integer.toString(counter)) + .png)): null

2018-12-14 01:24:16 - [TEST_STEP][PASSED] - Statement - counter = counter + 1: null

2018-12-14 01:24:16 - [TEST_STEP][PASSED] - Statement - PreSaveFile = new java.io.File(((pathPrefix + java.lang.Integer.toString(counter)) + .png)): null

2018-12-14 01:24:16 - [TEST_STEP][PASSED] - Statement - counter = counter + 1: null

2018-12-14 01:24:16 - [TEST_STEP][PASSED] - Statement - PreSaveFile = new java.io.File(((pathPrefix + java.lang.Integer.toString(counter)) + .png)): null

2018-12-14 01:24:16 - [TEST_STEP][PASSED] - Statement - counter = counter + 1: null

2018-12-14 01:24:16 - [TEST_STEP][PASSED] - Statement - PreSaveFile = new java.io.File(((pathPrefix + java.lang.Integer.toString(counter)) + .png)): null

2018-12-14 01:24:16 - [TEST_STEP][PASSED] - Statement - counter = counter + 1: null

2018-12-14 01:24:16 - [TEST_STEP][PASSED] - Statement - PreSaveFile = new java.io.File(((pathPrefix + java.lang.Integer.toString(counter)) + .png)): null

2018-12-14 01:24:16 - [TEST_STEP][PASSED] - Statement - counter = counter + 1: null

2018-12-14 01:24:16 - [TEST_STEP][PASSED] - Statement - PreSaveFile = new java.io.File(((pathPrefix + java.lang.Integer.toString(counter)) + .png)): null

2018-12-14 01:24:16 - [TEST_STEP][PASSED] - Statement - counter = counter + 1: null

2018-12-14 01:24:16 - [TEST_STEP][PASSED] - Statement - PreSaveFile = new java.io.File(((pathPrefix + java.lang.Integer.toString(counter)) + .png)): null

2018-12-14 01:24:16 - [TEST_STEP][PASSED] - Statement - counter = counter + 1: null

2018-12-14 01:24:16 - [TEST_STEP][PASSED] - Statement - PreSaveFile = new java.io.File(((pathPrefix + java.lang.Integer.toString(counter)) + .png)): null

2018-12-14 01:24:16 - [TEST_STEP][PASSED] - Statement - counter = counter + 1: null

2018-12-14 01:24:16 - [TEST_STEP][PASSED] - Statement - PreSaveFile = new java.io.File(((pathPrefix + java.lang.Integer.toString(counter)) + .png)): null

2018-12-14 01:24:16 - [TEST_STEP][PASSED] - Statement - counter = counter + 1: null

2018-12-14 01:24:16 - [TEST_STEP][PASSED] - Statement - PreSaveFile = new java.io.File(((pathPrefix + java.lang.Integer.toString(counter)) + .png)): null

2018-12-14 01:24:16 - [TEST_STEP][PASSED] - Statement - counter = counter + 1: null

2018-12-14 01:24:16 - [TEST_STEP][PASSED] - Statement - PreSaveFile = new java.io.File(((pathPrefix + java.lang.Integer.toString(counter)) + .png)): null

2018-12-14 01:24:16 - [TEST_STEP][PASSED] - Statement - counter = counter + 1: null

2018-12-14 01:24:16 - [TEST_STEP][PASSED] - Statement - PreSaveFile = new java.io.File(((pathPrefix + java.lang.Integer.toString(counter)) + .png)): null

2018-12-14 01:24:16 - [TEST_STEP][PASSED] - Statement - counter = counter + 1: null

2018-12-14 01:24:16 - [TEST_STEP][PASSED] - Statement - PreSaveFile = new java.io.File(((pathPrefix + java.lang.Integer.toString(counter)) + .png)): null

2018-12-14 01:24:16 - [TEST_STEP][PASSED] - Statement - counter = counter + 1: null

2018-12-14 01:24:16 - [TEST_STEP][PASSED] - Statement - PreSaveFile = new java.io.File(((pathPrefix + java.lang.Integer.toString(counter)) + .png)): null

2018-12-14 01:24:16 - [TEST_STEP][PASSED] - Statement - counter = counter + 1: null

2018-12-14 01:24:16 - [TEST_STEP][PASSED] - Statement - PreSaveFile = new java.io.File(((pathPrefix + java.lang.Integer.toString(counter)) + .png)): null

2018-12-14 01:24:16 - [TEST_STEP][PASSED] - Statement - counter = counter + 1: null

2018-12-14 01:24:16 - [TEST_STEP][PASSED] - Statement - PreSaveFile = new java.io.File(((pathPrefix + java.lang.Integer.toString(counter)) + .png)): null

2018-12-14 01:24:16 - [TEST_STEP][PASSED] - Statement - counter = counter + 1: null

2018-12-14 01:24:16 - [TEST_STEP][PASSED] - Statement - PreSaveFile = new java.io.File(((pathPrefix + java.lang.Integer.toString(counter)) + .png)): null

2018-12-14 01:24:16 - [TEST_STEP][PASSED] - Statement - counter = counter + 1: null

2018-12-14 01:24:16 - [TEST_STEP][PASSED] - Statement - PreSaveFile = new java.io.File(((pathPrefix + java.lang.Integer.toString(counter)) + .png)): null

2018-12-14 01:24:16 - [TEST_STEP][PASSED] - Statement - counter = counter + 1: null

2018-12-14 01:24:16 - [TEST_STEP][PASSED] - Statement - PreSaveFile = new java.io.File(((pathPrefix + java.lang.Integer.toString(counter)) + .png)): null

2018-12-14 01:24:16 - [TEST_STEP][PASSED] - Statement - counter = counter + 1: null

2018-12-14 01:24:16 - [TEST_STEP][PASSED] - Statement - PreSaveFile = new java.io.File(((pathPrefix + java.lang.Integer.toString(counter)) + .png)): null

2018-12-14 01:24:16 - [TEST_STEP][PASSED] - Statement - counter = counter + 1: null

2018-12-14 01:24:16 - [TEST_STEP][PASSED] - Statement - PreSaveFile = new java.io.File(((pathPrefix + java.lang.Integer.toString(counter)) + .png)): null

2018-12-14 01:24:16 - [TEST_STEP][PASSED] - Statement - counter = counter + 1: null

2018-12-14 01:24:16 - [TEST_STEP][PASSED] - Statement - PreSaveFile = new java.io.File(((pathPrefix + java.lang.Integer.toString(counter)) + .png)): null

2018-12-14 01:24:16 - [TEST_STEP][PASSED] - Statement - counter = counter + 1: null

2018-12-14 01:24:16 - [TEST_STEP][PASSED] - Statement - PreSaveFile = new java.io.File(((pathPrefix + java.lang.Integer.toString(counter)) + .png)): null

2018-12-14 01:24:16 - [TEST_STEP][PASSED] - Statement - counter = counter + 1: null

2018-12-14 01:24:16 - [TEST_STEP][PASSED] - Statement - PreSaveFile = new java.io.File(((pathPrefix + java.lang.Integer.toString(counter)) + .png)): null

2018-12-14 01:24:16 - [TEST_STEP][PASSED] - Statement - counter = counter + 1: null

2018-12-14 01:24:16 - [TEST_STEP][PASSED] - Statement - PreSaveFile = new java.io.File(((pathPrefix + java.lang.Integer.toString(counter)) + .png)): null

2018-12-14 01:24:16 - [TEST_STEP][PASSED] - Statement - counter = counter + 1: null

2018-12-14 01:24:16 - [TEST_STEP][PASSED] - Statement - PreSaveFile = new java.io.File(((pathPrefix + java.lang.Integer.toString(counter)) + .png)): null

2018-12-14 01:24:16 - [TEST_STEP][PASSED] - Statement - counter = counter + 1: null

2018-12-14 01:24:16 - [TEST_STEP][PASSED] - Statement - PreSaveFile = new java.io.File(((pathPrefix + java.lang.Integer.toString(counter)) + .png)): null

2018-12-14 01:24:16 - [TEST_STEP][PASSED] - Statement - counter = counter + 1: null

2018-12-14 01:24:16 - [TEST_STEP][PASSED] - Statement - PreSaveFile = new java.io.File(((pathPrefix + java.lang.Integer.toString(counter)) + .png)): null

2018-12-14 01:24:16 - [TEST_STEP][PASSED] - Statement - counter = counter + 1: null

2018-12-14 01:24:16 - [TEST_STEP][PASSED] - Statement - PreSaveFile = new java.io.File(((pathPrefix + java.lang.Integer.toString(counter)) + .png)): null

2018-12-14 01:24:16 - [TEST_STEP][PASSED] - Statement - counter = counter + 1: null

2018-12-14 01:24:16 - [TEST_STEP][PASSED] - Statement - PreSaveFile = new java.io.File(((pathPrefix + java.lang.Integer.toString(counter)) + .png)): null

2018-12-14 01:24:16 - [TEST_STEP][PASSED] - Statement - counter = counter + 1: null

2018-12-14 01:24:16 - [TEST_STEP][PASSED] - Statement - PreSaveFile = new java.io.File(((pathPrefix + java.lang.Integer.toString(counter)) + .png)): null

2018-12-14 01:24:16 - [TEST_STEP][PASSED] - Statement - counter = counter + 1: null

2018-12-14 01:24:16 - [TEST_STEP][PASSED] - Statement - PreSaveFile = new java.io.File(((pathPrefix + java.lang.Integer.toString(counter)) + .png)): null

2018-12-14 01:24:16 - [TEST_STEP][PASSED] - Statement - counter = counter + 1: null

2018-12-14 01:24:16 - [TEST_STEP][PASSED] - Statement - PreSaveFile = new java.io.File(((pathPrefix + java.lang.Integer.toString(counter)) + .png)): null

2018-12-14 01:24:16 - [TEST_STEP][PASSED] - Statement - counter = counter + 1: null

2018-12-14 01:24:16 - [TEST_STEP][PASSED] - Statement - PreSaveFile = new java.io.File(((pathPrefix + java.lang.Integer.toString(counter)) + .png)): null

2018-12-14 01:24:16 - [TEST_STEP][PASSED] - Statement - counter = counter + 1: null

2018-12-14 01:24:16 - [TEST_STEP][PASSED] - Statement - PreSaveFile = new java.io.File(((pathPrefix + java.lang.Integer.toString(counter)) + .png)): null

2018-12-14 01:24:16 - [TEST_STEP][PASSED] - Statement - counter = counter + 1: null

2018-12-14 01:24:16 - [TEST_STEP][PASSED] - Statement - PreSaveFile = new java.io.File(((pathPrefix + java.lang.Integer.toString(counter)) + .png)): null

2018-12-14 01:24:16 - [TEST_STEP][PASSED] - Statement - counter = counter + 1: null

2018-12-14 01:24:16 - [TEST_STEP][PASSED] - Statement - PreSaveFile = new java.io.File(((pathPrefix + java.lang.Integer.toString(counter)) + .png)): null

2018-12-14 01:24:16 - [TEST_STEP][PASSED] - Statement - counter = counter + 1: null

2018-12-14 01:24:16 - [TEST_STEP][PASSED] - Statement - PreSaveFile = new java.io.File(((pathPrefix + java.lang.Integer.toString(counter)) + .png)): null

2018-12-14 01:24:16 - [TEST_STEP][PASSED] - Statement - counter = counter + 1: null

2018-12-14 01:24:16 - [TEST_STEP][PASSED] - Statement - PreSaveFile = new java.io.File(((pathPrefix + java.lang.Integer.toString(counter)) + .png)): null

2018-12-14 01:24:16 - [TEST_STEP][PASSED] - Statement - counter = counter + 1: null

2018-12-14 01:24:16 - [TEST_STEP][PASSED] - Statement - PreSaveFile = new java.io.File(((pathPrefix + java.lang.Integer.toString(counter)) + .png)): null

2018-12-14 01:24:16 - [TEST_STEP][PASSED] - Statement - counter = counter + 1: null

2018-12-14 01:24:16 - [TEST_STEP][PASSED] - Statement - PreSaveFile = new java.io.File(((pathPrefix + java.lang.Integer.toString(counter)) + .png)): null

2018-12-14 01:24:16 - [TEST_STEP][PASSED] - Statement - counter = counter + 1: null

2018-12-14 01:24:16 - [TEST_STEP][PASSED] - Statement - PreSaveFile = new java.io.File(((pathPrefix + java.lang.Integer.toString(counter)) + .png)): null

2018-12-14 01:24:16 - [TEST_STEP][PASSED] - Statement - counter = counter + 1: null

2018-12-14 01:24:16 - [TEST_STEP][PASSED] - Statement - PreSaveFile = new java.io.File(((pathPrefix + java.lang.Integer.toString(counter)) + .png)): null

2018-12-14 01:24:16 - [TEST_STEP][PASSED] - Statement - counter = counter + 1: null

2018-12-14 01:24:16 - [TEST_STEP][PASSED] - Statement - PreSaveFile = new java.io.File(((pathPrefix + java.lang.Integer.toString(counter)) + .png)): null

2018-12-14 01:24:16 - [TEST_STEP][PASSED] - Statement - counter = counter + 1: null

2018-12-14 01:24:16 - [TEST_STEP][PASSED] - Statement - PreSaveFile = new java.io.File(((pathPrefix + java.lang.Integer.toString(counter)) + .png)): null

2018-12-14 01:24:16 - [TEST_STEP][PASSED] - Statement - counter = counter + 1: null

2018-12-14 01:24:16 - [TEST_STEP][PASSED] - Statement - PreSaveFile = new java.io.File(((pathPrefix + java.lang.Integer.toString(counter)) + .png)): null

2018-12-14 01:24:16 - [TEST_STEP][PASSED] - Statement - counter = counter + 1: null

2018-12-14 01:24:16 - [TEST_STEP][PASSED] - Statement - PreSaveFile = new java.io.File(((pathPrefix + java.lang.Integer.toString(counter)) + .png)): null

2018-12-14 01:24:16 - [TEST_STEP][PASSED] - Statement - counter = counter + 1: null

2018-12-14 01:24:16 - [TEST_STEP][PASSED] - Statement - PreSaveFile = new java.io.File(((pathPrefix + java.lang.Integer.toString(counter)) + .png)): null

2018-12-14 01:24:16 - [TEST_STEP][PASSED] - Statement - counter = counter + 1: null

2018-12-14 01:24:16 - [TEST_STEP][PASSED] - Statement - PreSaveFile = new java.io.File(((pathPrefix + java.lang.Integer.toString(counter)) + .png)): null

2018-12-14 01:24:16 - [TEST_STEP][PASSED] - Statement - counter = counter + 1: null

2018-12-14 01:24:16 - [TEST_STEP][PASSED] - Statement - PreSaveFile = new java.io.File(((pathPrefix + java.lang.Integer.toString(counter)) + .png)): null

2018-12-14 01:24:16 - [TEST_STEP][PASSED] - Statement - counter = counter + 1: null

2018-12-14 01:24:16 - [TEST_STEP][PASSED] - Statement - PreSaveFile = new java.io.File(((pathPrefix + java.lang.Integer.toString(counter)) + .png)): null

2018-12-14 01:24:16 - [TEST_STEP][PASSED] - Statement - counter = counter + 1: null

2018-12-14 01:24:16 - [TEST_STEP][PASSED] - Statement - PreSaveFile = new java.io.File(((pathPrefix + java.lang.Integer.toString(counter)) + .png)): null

2018-12-14 01:24:16 - [TEST_STEP][PASSED] - Statement - counter = counter + 1: null

2018-12-14 01:24:16 - [TEST_STEP][PASSED] - Statement - PreSaveFile = new java.io.File(((pathPrefix + java.lang.Integer.toString(counter)) + .png)): null

2018-12-14 01:24:16 - [TEST_STEP][PASSED] - Statement - counter = counter + 1: null

2018-12-14 01:24:16 - [TEST_STEP][PASSED] - Statement - PreSaveFile = new java.io.File(((pathPrefix + java.lang.Integer.toString(counter)) + .png)): null

2018-12-14 01:24:16 - [TEST_STEP][PASSED] - Statement - counter = counter + 1: null

2018-12-14 01:24:16 - [TEST_STEP][PASSED] - Statement - PreSaveFile = new java.io.File(((pathPrefix + java.lang.Integer.toString(counter)) + .png)): null

2018-12-14 01:24:16 - [TEST_STEP][PASSED] - Statement - counter = counter + 1: null

2018-12-14 01:24:16 - [TEST_STEP][PASSED] - Statement - PreSaveFile = new java.io.File(((pathPrefix + java.lang.Integer.toString(counter)) + .png)): null

2018-12-14 01:24:16 - [TEST_STEP][PASSED] - Statement - counter = counter + 1: null

2018-12-14 01:24:16 - [TEST_STEP][PASSED] - Statement - PreSaveFile = new java.io.File(((pathPrefix + java.lang.Integer.toString(counter)) + .png)): null

2018-12-14 01:24:16 - [TEST_STEP][PASSED] - Statement - counter = counter + 1: null

2018-12-14 01:24:16 - [TEST_STEP][PASSED] - Statement - PreSaveFile = new java.io.File(((pathPrefix + java.lang.Integer.toString(counter)) + .png)): null

2018-12-14 01:24:16 - [TEST_STEP][PASSED] - Statement - counter = counter + 1: null

2018-12-14 01:24:16 - [TEST_STEP][PASSED] - Statement - PreSaveFile = new java.io.File(((pathPrefix + java.lang.Integer.toString(counter)) + .png)): null

2018-12-14 01:24:16 - [TEST_STEP][PASSED] - Statement - counter = counter + 1: null

2018-12-14 01:24:16 - [TEST_STEP][PASSED] - Statement - PreSaveFile = new java.io.File(((pathPrefix + java.lang.Integer.toString(counter)) + .png)): null

2018-12-14 01:24:16 - [TEST_STEP][PASSED] - Statement - counter = counter + 1: null

2018-12-14 01:24:16 - [TEST_STEP][PASSED] - Statement - PreSaveFile = new java.io.File(((pathPrefix + java.lang.Integer.toString(counter)) + .png)): null

2018-12-14 01:24:16 - [TEST_STEP][PASSED] - Statement - counter = counter + 1: null

2018-12-14 01:24:16 - [TEST_STEP][PASSED] - Statement - PreSaveFile = new java.io.File(((pathPrefix + java.lang.Integer.toString(counter)) + .png)): null

2018-12-14 01:24:16 - [TEST_STEP][PASSED] - Statement - counter = counter + 1: null

2018-12-14 01:24:16 - [TEST_STEP][PASSED] - Statement - PreSaveFile = new java.io.File(((pathPrefix + java.lang.Integer.toString(counter)) + .png)): null

2018-12-14 01:24:16 - [TEST_STEP][PASSED] - Statement - counter = counter + 1: null

2018-12-14 01:24:16 - [TEST_STEP][PASSED] - Statement - PreSaveFile = new java.io.File(((pathPrefix + java.lang.Integer.toString(counter)) + .png)): null

2018-12-14 01:24:16 - [TEST_STEP][PASSED] - Statement - counter = counter + 1: null

2018-12-14 01:24:16 - [TEST_STEP][PASSED] - Statement - PreSaveFile = new java.io.File(((pathPrefix + java.lang.Integer.toString(counter)) + .png)): null

2018-12-14 01:24:16 - [TEST_STEP][PASSED] - Statement - counter = counter + 1: null

2018-12-14 01:24:16 - [TEST_STEP][PASSED] - Statement - PreSaveFile = new java.io.File(((pathPrefix + java.lang.Integer.toString(counter)) + .png)): null

2018-12-14 01:24:16 - [TEST_STEP][PASSED] - Statement - counter = counter + 1: null

2018-12-14 01:24:16 - [TEST_STEP][PASSED] - Statement - PreSaveFile = new java.io.File(((pathPrefix + java.lang.Integer.toString(counter)) + .png)): null

2018-12-14 01:24:16 - [TEST_STEP][PASSED] - Statement - counter = counter + 1: null

2018-12-14 01:24:16 - [TEST_STEP][PASSED] - Statement - PreSaveFile = new java.io.File(((pathPrefix + java.lang.Integer.toString(counter)) + .png)): null

2018-12-14 01:24:16 - [TEST_STEP][PASSED] - Statement - counter = counter + 1: null

2018-12-14 01:24:16 - [TEST_STEP][PASSED] - Statement - PreSaveFile = new java.io.File(((pathPrefix + java.lang.Integer.toString(counter)) + .png)): null

2018-12-14 01:24:16 - [TEST_STEP][PASSED] - Statement - counter = counter + 1: null

2018-12-14 01:24:16 - [TEST_STEP][PASSED] - Statement - PreSaveFile = new java.io.File(((pathPrefix + java.lang.Integer.toString(counter)) + .png)): null

2018-12-14 01:24:16 - [TEST_STEP][PASSED] - Statement - counter = counter + 1: null

2018-12-14 01:24:16 - [TEST_STEP][PASSED] - Statement - PreSaveFile = new java.io.File(((pathPrefix + java.lang.Integer.toString(counter)) + .png)): null

2018-12-14 01:24:16 - [TEST_STEP][PASSED] - Statement - counter = counter + 1: null

2018-12-14 01:24:16 - [TEST_STEP][PASSED] - Statement - PreSaveFile = new java.io.File(((pathPrefix + java.lang.Integer.toString(counter)) + .png)): null

2018-12-14 01:24:16 - [TEST_STEP][PASSED] - Statement - counter = counter + 1: null

2018-12-14 01:24:16 - [TEST_STEP][PASSED] - Statement - PreSaveFile = new java.io.File(((pathPrefix + java.lang.Integer.toString(counter)) + .png)): null

2018-12-14 01:24:16 - [TEST_STEP][PASSED] - Statement - counter = counter + 1: null

2018-12-14 01:24:16 - [TEST_STEP][PASSED] - Statement - PreSaveFile = new java.io.File(((pathPrefix + java.lang.Integer.toString(counter)) + .png)): null

2018-12-14 01:24:16 - [TEST_STEP][PASSED] - Statement - counter = counter + 1: null

2018-12-14 01:24:16 - [TEST_STEP][PASSED] - Statement - PreSaveFile = new java.io.File(((pathPrefix + java.lang.Integer.toString(counter)) + .png)): null

2018-12-14 01:24:16 - [TEST_STEP][PASSED] - Statement - counter = counter + 1: null

2018-12-14 01:24:16 - [TEST_STEP][PASSED] - Statement - PreSaveFile = new java.io.File(((pathPrefix + java.lang.Integer.toString(counter)) + .png)): null

2018-12-14 01:24:16 - [TEST_STEP][PASSED] - Statement - counter = counter + 1: null

2018-12-14 01:24:16 - [TEST_STEP][PASSED] - Statement - PreSaveFile = new java.io.File(((pathPrefix + java.lang.Integer.toString(counter)) + .png)): null

2018-12-14 01:24:16 - [TEST_STEP][PASSED] - Statement - counter = counter + 1: null

2018-12-14 01:24:16 - [TEST_STEP][PASSED] - Statement - PreSaveFile = new java.io.File(((pathPrefix + java.lang.Integer.toString(counter)) + .png)): null

2018-12-14 01:24:16 - [TEST_STEP][PASSED] - Statement - counter = counter + 1: null

2018-12-14 01:24:16 - [TEST_STEP][PASSED] - Statement - PreSaveFile = new java.io.File(((pathPrefix + java.lang.Integer.toString(counter)) + .png)): null

2018-12-14 01:24:16 - [TEST_STEP][PASSED] - Statement - counter = counter + 1: null

2018-12-14 01:24:16 - [TEST_STEP][PASSED] - Statement - PreSaveFile = new java.io.File(((pathPrefix + java.lang.Integer.toString(counter)) + .png)): null

2018-12-14 01:24:16 - [TEST_STEP][PASSED] - Statement - counter = counter + 1: null

2018-12-14 01:24:16 - [TEST_STEP][PASSED] - Statement - PreSaveFile = new java.io.File(((pathPrefix + java.lang.Integer.toString(counter)) + .png)): null

2018-12-14 01:24:16 - [TEST_STEP][PASSED] - Statement - counter = counter + 1: null

2018-12-14 01:24:16 - [TEST_STEP][PASSED] - Statement - PreSaveFile = new java.io.File(((pathPrefix + java.lang.Integer.toString(counter)) + .png)): null

2018-12-14 01:24:16 - [TEST_STEP][PASSED] - Statement - counter = counter + 1: null

2018-12-14 01:24:16 - [TEST_STEP][PASSED] - Statement - PreSaveFile = new java.io.File(((pathPrefix + java.lang.Integer.toString(counter)) + .png)): null

2018-12-14 01:24:16 - [TEST_STEP][PASSED] - Statement - counter = counter + 1: null

2018-12-14 01:24:16 - [TEST_STEP][PASSED] - Statement - PreSaveFile = new java.io.File(((pathPrefix + java.lang.Integer.toString(counter)) + .png)): null

2018-12-14 01:24:16 - [TEST_STEP][PASSED] - Statement - counter = counter + 1: null

2018-12-14 01:24:16 - [TEST_STEP][PASSED] - Statement - PreSaveFile = new java.io.File(((pathPrefix + java.lang.Integer.toString(counter)) + .png)): null

2018-12-14 01:24:16 - [TEST_STEP][PASSED] - Statement - counter = counter + 1: null

2018-12-14 01:24:16 - [TEST_STEP][PASSED] - Statement - PreSaveFile = new java.io.File(((pathPrefix + java.lang.Integer.toString(counter)) + .png)): null

2018-12-14 01:24:16 - [TEST_STEP][PASSED] - Statement - counter = counter + 1: null

2018-12-14 01:24:16 - [TEST_STEP][PASSED] - Statement - PreSaveFile = new java.io.File(((pathPrefix + java.lang.Integer.toString(counter)) + .png)): null

2018-12-14 01:24:16 - [TEST_STEP][PASSED] - Statement - counter = counter + 1: null

2018-12-14 01:24:16 - [TEST_STEP][PASSED] - Statement - PreSaveFile = new java.io.File(((pathPrefix + java.lang.Integer.toString(counter)) + .png)): null

2018-12-14 01:24:16 - [TEST_STEP][PASSED] - Statement - counter = counter + 1: null

2018-12-14 01:24:16 - [TEST_STEP][PASSED] - Statement - PreSaveFile = new java.io.File(((pathPrefix + java.lang.Integer.toString(counter)) + .png)): null

2018-12-14 01:24:16 - [TEST_STEP][PASSED] - Statement - counter = counter + 1: null

2018-12-14 01:24:16 - [TEST_STEP][PASSED] - Statement - PreSaveFile = new java.io.File(((pathPrefix + java.lang.Integer.toString(counter)) + .png)): null

2018-12-14 01:24:16 - [TEST_STEP][PASSED] - Statement - counter = counter + 1: null

2018-12-14 01:24:16 - [TEST_STEP][PASSED] - Statement - PreSaveFile = new java.io.File(((pathPrefix + java.lang.Integer.toString(counter)) + .png)): null

2018-12-14 01:24:16 - [TEST_STEP][PASSED] - Statement - counter = counter + 1: null

2018-12-14 01:24:16 - [TEST_STEP][PASSED] - Statement - PreSaveFile = new java.io.File(((pathPrefix + java.lang.Integer.toString(counter)) + .png)): null

2018-12-14 01:24:16 - [TEST_STEP][PASSED] - Statement - counter = counter + 1: null

2018-12-14 01:24:16 - [TEST_STEP][PASSED] - Statement - PreSaveFile = new java.io.File(((pathPrefix + java.lang.Integer.toString(counter)) + .png)): null

2018-12-14 01:24:16 - [TEST_STEP][PASSED] - Statement - counter = counter + 1: null

2018-12-14 01:24:16 - [TEST_STEP][PASSED] - Statement - PreSaveFile = new java.io.File(((pathPrefix + java.lang.Integer.toString(counter)) + .png)): null

2018-12-14 01:24:16 - [TEST_STEP][PASSED] - Statement - counter = counter + 1: null

2018-12-14 01:24:16 - [TEST_STEP][PASSED] - Statement - PreSaveFile = new java.io.File(((pathPrefix + java.lang.Integer.toString(counter)) + .png)): null

2018-12-14 01:24:16 - [TEST_STEP][PASSED] - Statement - counter = counter + 1: null

2018-12-14 01:24:16 - [TEST_STEP][PASSED] - Statement - PreSaveFile = new java.io.File(((pathPrefix + java.lang.Integer.toString(counter)) + .png)): null

2018-12-14 01:24:16 - [TEST_STEP][PASSED] - Statement - counter = counter + 1: null

2018-12-14 01:24:16 - [TEST_STEP][PASSED] - Statement - PreSaveFile = new java.io.File(((pathPrefix + java.lang.Integer.toString(counter)) + .png)): null

2018-12-14 01:24:16 - [TEST_STEP][PASSED] - Statement - counter = counter + 1: null

2018-12-14 01:24:16 - [TEST_STEP][PASSED] - Statement - PreSaveFile = new java.io.File(((pathPrefix + java.lang.Integer.toString(counter)) + .png)): null

2018-12-14 01:24:16 - [TEST_STEP][PASSED] - Statement - counter = counter + 1: null

2018-12-14 01:24:16 - [TEST_STEP][PASSED] - Statement - PreSaveFile = new java.io.File(((pathPrefix + java.lang.Integer.toString(counter)) + .png)): null

2018-12-14 01:24:16 - [TEST_STEP][PASSED] - Statement - counter = counter + 1: null

2018-12-14 01:24:16 - [TEST_STEP][PASSED] - Statement - PreSaveFile = new java.io.File(((pathPrefix + java.lang.Integer.toString(counter)) + .png)): null

2018-12-14 01:24:16 - [TEST_STEP][PASSED] - Statement - counter = counter + 1: null

2018-12-14 01:24:16 - [TEST_STEP][PASSED] - Statement - PreSaveFile = new java.io.File(((pathPrefix + java.lang.Integer.toString(counter)) + .png)): null

2018-12-14 01:24:16 - [TEST_STEP][PASSED] - Statement - counter = counter + 1: null

2018-12-14 01:24:16 - [TEST_STEP][PASSED] - Statement - PreSaveFile = new java.io.File(((pathPrefix + java.lang.Integer.toString(counter)) + .png)): null

2018-12-14 01:24:16 - [TEST_STEP][PASSED] - Statement - counter = counter + 1: null

2018-12-14 01:24:16 - [TEST_STEP][PASSED] - Statement - PreSaveFile = new java.io.File(((pathPrefix + java.lang.Integer.toString(counter)) + .png)): null

2018-12-14 01:24:16 - [TEST_STEP][PASSED] - Statement - counter = counter + 1: null

2018-12-14 01:24:16 - [TEST_STEP][PASSED] - Statement - PreSaveFile = new java.io.File(((pathPrefix + java.lang.Integer.toString(counter)) + .png)): null

2018-12-14 01:24:16 - [TEST_STEP][PASSED] - Statement - counter = counter + 1: null

2018-12-14 01:24:16 - [TEST_STEP][PASSED] - Statement - PreSaveFile = new java.io.File(((pathPrefix + java.lang.Integer.toString(counter)) + .png)): null

2018-12-14 01:24:16 - [TEST_STEP][PASSED] - Statement - counter = counter + 1: null

2018-12-14 01:24:16 - [TEST_STEP][PASSED] - Statement - PreSaveFile = new java.io.File(((pathPrefix + java.lang.Integer.toString(counter)) + .png)): null

2018-12-14 01:24:16 - [TEST_STEP][PASSED] - Statement - counter = counter + 1: null

2018-12-14 01:24:16 - [TEST_STEP][PASSED] - Statement - PreSaveFile = new java.io.File(((pathPrefix + java.lang.Integer.toString(counter)) + .png)): null

2018-12-14 01:24:16 - [TEST_STEP][PASSED] - Statement - counter = counter + 1: null

2018-12-14 01:24:16 - [TEST_STEP][PASSED] - Statement - PreSaveFile = new java.io.File(((pathPrefix + java.lang.Integer.toString(counter)) + .png)): null

2018-12-14 01:24:16 - [TEST_STEP][PASSED] - Statement - counter = counter + 1: null

2018-12-14 01:24:16 - [TEST_STEP][PASSED] - Statement - PreSaveFile = new java.io.File(((pathPrefix + java.lang.Integer.toString(counter)) + .png)): null

2018-12-14 01:24:16 - [TEST_STEP][PASSED] - Statement - counter = counter + 1: null

2018-12-14 01:24:16 - [TEST_STEP][PASSED] - Statement - PreSaveFile = new java.io.File(((pathPrefix + java.lang.Integer.toString(counter)) + .png)): null

2018-12-14 01:24:16 - [TEST_STEP][PASSED] - Statement - counter = counter + 1: null

2018-12-14 01:24:16 - [TEST_STEP][PASSED] - Statement - PreSaveFile = new java.io.File(((pathPrefix + java.lang.Integer.toString(counter)) + .png)): null

2018-12-14 01:24:16 - [TEST_STEP][PASSED] - Statement - counter = counter + 1: null

2018-12-14 01:24:16 - [TEST_STEP][PASSED] - Statement - PreSaveFile = new java.io.File(((pathPrefix + java.lang.Integer.toString(counter)) + .png)): null

2018-12-14 01:24:16 - [TEST_STEP][PASSED] - Statement - counter = counter + 1: null

2018-12-14 01:24:16 - [TEST_STEP][PASSED] - Statement - PreSaveFile = new java.io.File(((pathPrefix + java.lang.Integer.toString(counter)) + .png)): null

2018-12-14 01:24:16 - [TEST_STEP][PASSED] - Statement - counter = counter + 1: null

2018-12-14 01:24:16 - [TEST_STEP][PASSED] - Statement - PreSaveFile = new java.io.File(((pathPrefix + java.lang.Integer.toString(counter)) + .png)): null

2018-12-14 01:24:16 - [TEST_STEP][PASSED] - Statement - counter = counter + 1: null

2018-12-14 01:24:16 - [TEST_STEP][PASSED] - Statement - PreSaveFile = new java.io.File(((pathPrefix + java.lang.Integer.toString(counter)) + .png)): null

2018-12-14 01:24:16 - [TEST_STEP][PASSED] - Statement - counter = counter + 1: null

2018-12-14 01:24:16 - [TEST_STEP][PASSED] - Statement - PreSaveFile = new java.io.File(((pathPrefix + java.lang.Integer.toString(counter)) + .png)): null

2018-12-14 01:24:16 - [TEST_STEP][PASSED] - Statement - counter = counter + 1: null

2018-12-14 01:24:16 - [TEST_STEP][PASSED] - Statement - PreSaveFile = new java.io.File(((pathPrefix + java.lang.Integer.toString(counter)) + .png)): null

2018-12-14 01:24:16 - [TEST_STEP][PASSED] - Statement - counter = counter + 1: null

2018-12-14 01:24:16 - [TEST_STEP][PASSED] - Statement - PreSaveFile = new java.io.File(((pathPrefix + java.lang.Integer.toString(counter)) + .png)): null

2018-12-14 01:24:16 - [TEST_STEP][PASSED] - Statement - counter = counter + 1: null

2018-12-14 01:24:16 - [TEST_STEP][PASSED] - Statement - PreSaveFile = new java.io.File(((pathPrefix + java.lang.Integer.toString(counter)) + .png)): null

2018-12-14 01:24:16 - [TEST_STEP][PASSED] - Statement - counter = counter + 1: null

2018-12-14 01:24:16 - [TEST_STEP][PASSED] - Statement - PreSaveFile = new java.io.File(((pathPrefix + java.lang.Integer.toString(counter)) + .png)): null

2018-12-14 01:24:16 - [TEST_STEP][PASSED] - Statement - counter = counter + 1: null

2018-12-14 01:24:16 - [TEST_STEP][PASSED] - Statement - PreSaveFile = new java.io.File(((pathPrefix + java.lang.Integer.toString(counter)) + .png)): null

2018-12-14 01:24:16 - [TEST_STEP][PASSED] - Statement - counter = counter + 1: null

2018-12-14 01:24:16 - [TEST_STEP][PASSED] - Statement - PreSaveFile = new java.io.File(((pathPrefix + java.lang.Integer.toString(counter)) + .png)): null

2018-12-14 01:24:16 - [TEST_STEP][PASSED] - Statement - counter = counter + 1: null

2018-12-14 01:24:16 - [TEST_STEP][PASSED] - Statement - PreSaveFile = new java.io.File(((pathPrefix + java.lang.Integer.toString(counter)) + .png)): null

2018-12-14 01:24:16 - [TEST_STEP][PASSED] - Statement - counter = counter + 1: null

2018-12-14 01:24:16 - [TEST_STEP][PASSED] - Statement - PreSaveFile = new java.io.File(((pathPrefix + java.lang.Integer.toString(counter)) + .png)): null

2018-12-14 01:24:16 - [TEST_STEP][PASSED] - Statement - counter = counter + 1: null

2018-12-14 01:24:16 - [TEST_STEP][PASSED] - Statement - PreSaveFile = new java.io.File(((pathPrefix + java.lang.Integer.toString(counter)) + .png)): null

2018-12-14 01:24:16 - [TEST_STEP][PASSED] - Statement - counter = counter + 1: null

2018-12-14 01:24:16 - [TEST_STEP][PASSED] - Statement - PreSaveFile = new java.io.File(((pathPrefix + java.lang.Integer.toString(counter)) + .png)): null

2018-12-14 01:24:16 - [TEST_STEP][PASSED] - Statement - counter = counter + 1: null

2018-12-14 01:24:16 - [TEST_STEP][PASSED] - Statement - PreSaveFile = new java.io.File(((pathPrefix + java.lang.Integer.toString(counter)) + .png)): null

2018-12-14 01:24:16 - [TEST_STEP][PASSED] - Statement - counter = counter + 1: null

2018-12-14 01:24:17 - [TEST_STEP][PASSED] - Statement - PreSaveFile = new java.io.File(((pathPrefix + java.lang.Integer.toString(counter)) + .png)): null

2018-12-14 01:24:17 - [TEST_STEP][PASSED] - Statement - counter = counter + 1: null

2018-12-14 01:24:17 - [TEST_STEP][PASSED] - Statement - PreSaveFile = new java.io.File(((pathPrefix + java.lang.Integer.toString(counter)) + .png)): null

2018-12-14 01:24:17 - [TEST_STEP][PASSED] - Statement - counter = counter + 1: null

2018-12-14 01:24:17 - [TEST_STEP][PASSED] - Statement - PreSaveFile = new java.io.File(((pathPrefix + java.lang.Integer.toString(counter)) + .png)): null

2018-12-14 01:24:17 - [TEST_STEP][PASSED] - Statement - counter = counter + 1: null

2018-12-14 01:24:17 - [TEST_STEP][PASSED] - Statement - PreSaveFile = new java.io.File(((pathPrefix + java.lang.Integer.toString(counter)) + .png)): null

2018-12-14 01:24:17 - [TEST_STEP][PASSED] - Statement - counter = counter + 1: null

2018-12-14 01:24:17 - [TEST_STEP][PASSED] - Statement - PreSaveFile = new java.io.File(((pathPrefix + java.lang.Integer.toString(counter)) + .png)): null

2018-12-14 01:24:17 - [TEST_STEP][PASSED] - Statement - counter = counter + 1: null

2018-12-14 01:24:17 - [TEST_STEP][PASSED] - Statement - PreSaveFile = new java.io.File(((pathPrefix + java.lang.Integer.toString(counter)) + .png)): null

2018-12-14 01:24:17 - [TEST_STEP][PASSED] - Statement - counter = counter + 1: null

2018-12-14 01:24:17 - [TEST_STEP][PASSED] - Statement - PreSaveFile = new java.io.File(((pathPrefix + java.lang.Integer.toString(counter)) + .png)): null

2018-12-14 01:24:17 - [TEST_STEP][PASSED] - Statement - counter = counter + 1: null

2018-12-14 01:24:17 - [TEST_STEP][PASSED] - Statement - PreSaveFile = new java.io.File(((pathPrefix + java.lang.Integer.toString(counter)) + .png)): null

2018-12-14 01:24:17 - [TEST_STEP][PASSED] - Statement - counter = counter + 1: null

2018-12-14 01:24:17 - [TEST_STEP][PASSED] - Statement - PreSaveFile = new java.io.File(((pathPrefix + java.lang.Integer.toString(counter)) + .png)): null

2018-12-14 01:24:17 - [TEST_STEP][PASSED] - Statement - counter = counter + 1: null

2018-12-14 01:24:17 - [TEST_STEP][PASSED] - Statement - PreSaveFile = new java.io.File(((pathPrefix + java.lang.Integer.toString(counter)) + .png)): null

2018-12-14 01:24:17 - [TEST_STEP][PASSED] - Statement - counter = counter + 1: null

2018-12-14 01:24:17 - [TEST_STEP][PASSED] - Statement - PreSaveFile = new java.io.File(((pathPrefix + java.lang.Integer.toString(counter)) + .png)): null

2018-12-14 01:24:17 - [TEST_STEP][PASSED] - Statement - counter = counter + 1: null

2018-12-14 01:24:17 - [TEST_STEP][PASSED] - Statement - PreSaveFile = new java.io.File(((pathPrefix + java.lang.Integer.toString(counter)) + .png)): null

2018-12-14 01:24:17 - [TEST_STEP][PASSED] - Statement - counter = counter + 1: null

2018-12-14 01:24:17 - [TEST_STEP][PASSED] - Statement - PreSaveFile = new java.io.File(((pathPrefix + java.lang.Integer.toString(counter)) + .png)): null

2018-12-14 01:24:17 - [TEST_STEP][PASSED] - Statement - counter = counter + 1: null

2018-12-14 01:24:17 - [TEST_STEP][PASSED] - Statement - PreSaveFile = new java.io.File(((pathPrefix + java.lang.Integer.toString(counter)) + .png)): null

2018-12-14 01:24:17 - [TEST_STEP][PASSED] - Statement - counter = counter + 1: null

2018-12-14 01:24:17 - [TEST_STEP][PASSED] - Statement - PreSaveFile = new java.io.File(((pathPrefix + java.lang.Integer.toString(counter)) + .png)): null

2018-12-14 01:24:17 - [TEST_STEP][PASSED] - Statement - counter = counter + 1: null

2018-12-14 01:24:17 - [TEST_STEP][PASSED] - Statement - PreSaveFile = new java.io.File(((pathPrefix + java.lang.Integer.toString(counter)) + .png)): null

2018-12-14 01:24:17 - [TEST_STEP][PASSED] - Statement - counter = counter + 1: null

2018-12-14 01:24:17 - [TEST_STEP][PASSED] - Statement - PreSaveFile = new java.io.File(((pathPrefix + java.lang.Integer.toString(counter)) + .png)): null

2018-12-14 01:24:17 - [TEST_STEP][PASSED] - Statement - counter = counter + 1: null

2018-12-14 01:24:17 - [TEST_STEP][PASSED] - Statement - PreSaveFile = new java.io.File(((pathPrefix + java.lang.Integer.toString(counter)) + .png)): null

2018-12-14 01:24:17 - [TEST_STEP][PASSED] - Statement - counter = counter + 1: null

2018-12-14 01:24:17 - [TEST_STEP][PASSED] - Statement - PreSaveFile = new java.io.File(((pathPrefix + java.lang.Integer.toString(counter)) + .png)): null

2018-12-14 01:24:17 - [TEST_STEP][PASSED] - Statement - counter = counter + 1: null

2018-12-14 01:24:17 - [TEST_STEP][PASSED] - Statement - PreSaveFile = new java.io.File(((pathPrefix + java.lang.Integer.toString(counter)) + .png)): null

2018-12-14 01:24:17 - [TEST_STEP][PASSED] - Statement - counter = counter + 1: null

2018-12-14 01:24:17 - [TEST_STEP][PASSED] - Statement - PreSaveFile = new java.io.File(((pathPrefix + java.lang.Integer.toString(counter)) + .png)): null

2018-12-14 01:24:17 - [TEST_STEP][PASSED] - Statement - counter = counter + 1: null

2018-12-14 01:24:17 - [TEST_STEP][PASSED] - Statement - PreSaveFile = new java.io.File(((pathPrefix + java.lang.Integer.toString(counter)) + .png)): null

2018-12-14 01:24:17 - [TEST_STEP][PASSED] - Statement - counter = counter + 1: null

2018-12-14 01:24:17 - [TEST_STEP][PASSED] - Statement - PreSaveFile = new java.io.File(((pathPrefix + java.lang.Integer.toString(counter)) + .png)): null

2018-12-14 01:24:17 - [TEST_STEP][PASSED] - Statement - counter = counter + 1: null

2018-12-14 01:24:17 - [TEST_STEP][PASSED] - Statement - PreSaveFile = new java.io.File(((pathPrefix + java.lang.Integer.toString(counter)) + .png)): null

2018-12-14 01:24:17 - [TEST_STEP][PASSED] - Statement - counter = counter + 1: null

2018-12-14 01:24:17 - [TEST_STEP][PASSED] - Statement - PreSaveFile = new java.io.File(((pathPrefix + java.lang.Integer.toString(counter)) + .png)): null

2018-12-14 01:24:17 - [TEST_STEP][PASSED] - Statement - counter = counter + 1: null

2018-12-14 01:24:17 - [TEST_STEP][PASSED] - Statement - PreSaveFile = new java.io.File(((pathPrefix + java.lang.Integer.toString(counter)) + .png)): null

2018-12-14 01:24:17 - [TEST_STEP][PASSED] - Statement - counter = counter + 1: null

2018-12-14 01:24:17 - [TEST_STEP][PASSED] - Statement - PreSaveFile = new java.io.File(((pathPrefix + java.lang.Integer.toString(counter)) + .png)): null

2018-12-14 01:24:17 - [TEST_STEP][PASSED] - Statement - counter = counter + 1: null

2018-12-14 01:24:17 - [TEST_STEP][PASSED] - Statement - PreSaveFile = new java.io.File(((pathPrefix + java.lang.Integer.toString(counter)) + .png)): null

2018-12-14 01:24:17 - [TEST_STEP][PASSED] - Statement - counter = counter + 1: null

2018-12-14 01:24:17 - [TEST_STEP][PASSED] - Statement - PreSaveFile = new java.io.File(((pathPrefix + java.lang.Integer.toString(counter)) + .png)): null

2018-12-14 01:24:17 - [TEST_STEP][PASSED] - Statement - counter = counter + 1: null

2018-12-14 01:24:17 - [TEST_STEP][PASSED] - Statement - PreSaveFile = new java.io.File(((pathPrefix + java.lang.Integer.toString(counter)) + .png)): null

2018-12-14 01:24:17 - [TEST_STEP][PASSED] - Statement - counter = counter + 1: null

2018-12-14 01:24:17 - [TEST_STEP][PASSED] - Statement - PreSaveFile = new java.io.File(((pathPrefix + java.lang.Integer.toString(counter)) + .png)): null

2018-12-14 01:24:17 - [TEST_STEP][PASSED] - Statement - counter = counter + 1: null

2018-12-14 01:24:17 - [TEST_STEP][PASSED] - Statement - PreSaveFile = new java.io.File(((pathPrefix + java.lang.Integer.toString(counter)) + .png)): null

2018-12-14 01:24:17 - [TEST_STEP][PASSED] - Statement - counter = counter + 1: null

2018-12-14 01:24:17 - [TEST_STEP][PASSED] - Statement - PreSaveFile = new java.io.File(((pathPrefix + java.lang.Integer.toString(counter)) + .png)): null

2018-12-14 01:24:17 - [TEST_STEP][PASSED] - Statement - counter = counter + 1: null

2018-12-14 01:24:17 - [TEST_STEP][PASSED] - Statement - PreSaveFile = new java.io.File(((pathPrefix + java.lang.Integer.toString(counter)) + .png)): null

2018-12-14 01:24:17 - [TEST_STEP][PASSED] - Statement - counter = counter + 1: null

2018-12-14 01:24:17 - [TEST_STEP][PASSED] - Statement - PreSaveFile = new java.io.File(((pathPrefix + java.lang.Integer.toString(counter)) + .png)): null

2018-12-14 01:24:17 - [TEST_STEP][PASSED] - Statement - counter = counter + 1: null

2018-12-14 01:24:17 - [TEST_STEP][PASSED] - Statement - PreSaveFile = new java.io.File(((pathPrefix + java.lang.Integer.toString(counter)) + .png)): null

2018-12-14 01:24:17 - [TEST_STEP][PASSED] - Statement - counter = counter + 1: null

2018-12-14 01:24:17 - [TEST_STEP][PASSED] - Statement - PreSaveFile = new java.io.File(((pathPrefix + java.lang.Integer.toString(counter)) + .png)): null

2018-12-14 01:24:17 - [TEST_STEP][PASSED] - Statement - counter = counter + 1: null

2018-12-14 01:24:17 - [TEST_STEP][PASSED] - Statement - PreSaveFile = new java.io.File(((pathPrefix + java.lang.Integer.toString(counter)) + .png)): null

2018-12-14 01:24:17 - [TEST_STEP][PASSED] - Statement - counter = counter + 1: null

2018-12-14 01:24:17 - [TEST_STEP][PASSED] - Statement - PreSaveFile = new java.io.File(((pathPrefix + java.lang.Integer.toString(counter)) + .png)): null

2018-12-14 01:24:17 - [TEST_STEP][PASSED] - Statement - counter = counter + 1: null

2018-12-14 01:24:17 - [TEST_STEP][PASSED] - Statement - PreSaveFile = new java.io.File(((pathPrefix + java.lang.Integer.toString(counter)) + .png)): null

2018-12-14 01:24:17 - [TEST_STEP][PASSED] - Statement - counter = counter + 1: null

2018-12-14 01:24:17 - [TEST_STEP][PASSED] - Statement - PreSaveFile = new java.io.File(((pathPrefix + java.lang.Integer.toString(counter)) + .png)): null

2018-12-14 01:24:17 - [TEST_STEP][PASSED] - Statement - counter = counter + 1: null

2018-12-14 01:24:17 - [TEST_STEP][PASSED] - Statement - PreSaveFile = new java.io.File(((pathPrefix + java.lang.Integer.toString(counter)) + .png)): null

2018-12-14 01:24:17 - [TEST_STEP][PASSED] - Statement - counter = counter + 1: null

2018-12-14 01:24:17 - [TEST_STEP][PASSED] - Statement - PreSaveFile = new java.io.File(((pathPrefix + java.lang.Integer.toString(counter)) + .png)): null

2018-12-14 01:24:17 - [TEST_STEP][PASSED] - Statement - counter = counter + 1: null

2018-12-14 01:24:17 - [TEST_STEP][PASSED] - Statement - PreSaveFile = new java.io.File(((pathPrefix + java.lang.Integer.toString(counter)) + .png)): null

2018-12-14 01:24:17 - [TEST_STEP][PASSED] - Statement - counter = counter + 1: null

2018-12-14 01:24:17 - [TEST_STEP][PASSED] - Statement - PreSaveFile = new java.io.File(((pathPrefix + java.lang.Integer.toString(counter)) + .png)): null

2018-12-14 01:24:17 - [TEST_STEP][PASSED] - Statement - counter = counter + 1: null

2018-12-14 01:24:17 - [TEST_STEP][PASSED] - Statement - PreSaveFile = new java.io.File(((pathPrefix + java.lang.Integer.toString(counter)) + .png)): null

2018-12-14 01:24:17 - [TEST_STEP][PASSED] - Statement - counter = counter + 1: null

2018-12-14 01:24:17 - [TEST_STEP][PASSED] - Statement - PreSaveFile = new java.io.File(((pathPrefix + java.lang.Integer.toString(counter)) + .png)): null

2018-12-14 01:24:17 - [TEST_STEP][PASSED] - Statement - counter = counter + 1: null

2018-12-14 01:24:17 - [TEST_STEP][PASSED] - Statement - PreSaveFile = new java.io.File(((pathPrefix + java.lang.Integer.toString(counter)) + .png)): null

2018-12-14 01:24:17 - [TEST_STEP][PASSED] - Statement - counter = counter + 1: null

2018-12-14 01:24:17 - [TEST_STEP][PASSED] - Statement - PreSaveFile = new java.io.File(((pathPrefix + java.lang.Integer.toString(counter)) + .png)): null

2018-12-14 01:24:17 - [TEST_STEP][PASSED] - Statement - counter = counter + 1: null

2018-12-14 01:24:17 - [TEST_STEP][PASSED] - Statement - PreSaveFile = new java.io.File(((pathPrefix + java.lang.Integer.toString(counter)) + .png)): null

2018-12-14 01:24:17 - [TEST_STEP][PASSED] - Statement - counter = counter + 1: null

2018-12-14 01:24:17 - [TEST_STEP][PASSED] - Statement - PreSaveFile = new java.io.File(((pathPrefix + java.lang.Integer.toString(counter)) + .png)): null

2018-12-14 01:24:17 - [TEST_STEP][PASSED] - Statement - counter = counter + 1: null

2018-12-14 01:24:17 - [TEST_STEP][PASSED] - Statement - PreSaveFile = new java.io.File(((pathPrefix + java.lang.Integer.toString(counter)) + .png)): null

2018-12-14 01:24:17 - [TEST_STEP][PASSED] - Statement - counter = counter + 1: null

2018-12-14 01:24:17 - [TEST_STEP][PASSED] - Statement - PreSaveFile = new java.io.File(((pathPrefix + java.lang.Integer.toString(counter)) + .png)): null

2018-12-14 01:24:17 - [TEST_STEP][PASSED] - Statement - counter = counter + 1: null

2018-12-14 01:24:17 - [TEST_STEP][PASSED] - Statement - PreSaveFile = new java.io.File(((pathPrefix + java.lang.Integer.toString(counter)) + .png)): null

2018-12-14 01:24:17 - [TEST_STEP][PASSED] - Statement - counter = counter + 1: null

2018-12-14 01:24:17 - [TEST_STEP][PASSED] - Statement - PreSaveFile = new java.io.File(((pathPrefix + java.lang.Integer.toString(counter)) + .png)): null

2018-12-14 01:24:17 - [TEST_STEP][PASSED] - Statement - counter = counter + 1: null

2018-12-14 01:24:17 - [TEST_STEP][PASSED] - Statement - PreSaveFile = new java.io.File(((pathPrefix + java.lang.Integer.toString(counter)) + .png)): null

2018-12-14 01:24:17 - [TEST_STEP][PASSED] - Statement - counter = counter + 1: null

2018-12-14 01:24:17 - [TEST_STEP][PASSED] - Statement - PreSaveFile = new java.io.File(((pathPrefix + java.lang.Integer.toString(counter)) + .png)): null

2018-12-14 01:24:17 - [TEST_STEP][PASSED] - Statement - counter = counter + 1: null

2018-12-14 01:24:17 - [TEST_STEP][PASSED] - Statement - PreSaveFile = new java.io.File(((pathPrefix + java.lang.Integer.toString(counter)) + .png)): null

2018-12-14 01:24:17 - [TEST_STEP][PASSED] - Statement - counter = counter + 1: null

2018-12-14 01:24:17 - [TEST_STEP][PASSED] - Statement - PreSaveFile = new java.io.File(((pathPrefix + java.lang.Integer.toString(counter)) + .png)): null

2018-12-14 01:24:17 - [TEST_STEP][PASSED] - Statement - counter = counter + 1: null

2018-12-14 01:24:17 - [TEST_STEP][PASSED] - Statement - PreSaveFile = new java.io.File(((pathPrefix + java.lang.Integer.toString(counter)) + .png)): null

2018-12-14 01:24:17 - [TEST_STEP][PASSED] - Statement - counter = counter + 1: null

2018-12-14 01:24:17 - [TEST_STEP][PASSED] - Statement - PreSaveFile = new java.io.File(((pathPrefix + java.lang.Integer.toString(counter)) + .png)): null

2018-12-14 01:24:17 - [TEST_STEP][PASSED] - Statement - counter = counter + 1: null

2018-12-14 01:24:17 - [TEST_STEP][PASSED] - Statement - PreSaveFile = new java.io.File(((pathPrefix + java.lang.Integer.toString(counter)) + .png)): null

2018-12-14 01:24:17 - [TEST_STEP][PASSED] - Statement - counter = counter + 1: null

2018-12-14 01:24:17 - [TEST_STEP][PASSED] - Statement - PreSaveFile = new java.io.File(((pathPrefix + java.lang.Integer.toString(counter)) + .png)): null

2018-12-14 01:24:17 - [TEST_STEP][PASSED] - Statement - counter = counter + 1: null

2018-12-14 01:24:17 - [TEST_STEP][PASSED] - Statement - PreSaveFile = new java.io.File(((pathPrefix + java.lang.Integer.toString(counter)) + .png)): null

2018-12-14 01:24:17 - [TEST_STEP][PASSED] - Statement - counter = counter + 1: null

2018-12-14 01:24:17 - [TEST_STEP][PASSED] - Statement - PreSaveFile = new java.io.File(((pathPrefix + java.lang.Integer.toString(counter)) + .png)): null

2018-12-14 01:24:17 - [TEST_STEP][PASSED] - Statement - counter = counter + 1: null

2018-12-14 01:24:17 - [TEST_STEP][PASSED] - Statement - PreSaveFile = new java.io.File(((pathPrefix + java.lang.Integer.toString(counter)) + .png)): null

2018-12-14 01:24:17 - [TEST_STEP][PASSED] - Statement - counter = counter + 1: null

2018-12-14 01:24:17 - [TEST_STEP][PASSED] - Statement - PreSaveFile = new java.io.File(((pathPrefix + java.lang.Integer.toString(counter)) + .png)): null

2018-12-14 01:24:17 - [TEST_STEP][PASSED] - Statement - counter = counter + 1: null

2018-12-14 01:24:17 - [TEST_STEP][PASSED] - Statement - PreSaveFile = new java.io.File(((pathPrefix + java.lang.Integer.toString(counter)) + .png)): null

2018-12-14 01:24:17 - [TEST_STEP][PASSED] - Statement - counter = counter + 1: null

2018-12-14 01:24:17 - [TEST_STEP][PASSED] - Statement - PreSaveFile = new java.io.File(((pathPrefix + java.lang.Integer.toString(counter)) + .png)): null

2018-12-14 01:24:17 - [TEST_STEP][PASSED] - Statement - counter = counter + 1: null

2018-12-14 01:24:17 - [TEST_STEP][PASSED] - Statement - PreSaveFile = new java.io.File(((pathPrefix + java.lang.Integer.toString(counter)) + .png)): null

2018-12-14 01:24:17 - [TEST_STEP][PASSED] - Statement - counter = counter + 1: null

2018-12-14 01:24:17 - [TEST_STEP][PASSED] - Statement - PreSaveFile = new java.io.File(((pathPrefix + java.lang.Integer.toString(counter)) + .png)): null

2018-12-14 01:24:17 - [TEST_STEP][PASSED] - Statement - counter = counter + 1: null

2018-12-14 01:24:17 - [TEST_STEP][PASSED] - Statement - PreSaveFile = new java.io.File(((pathPrefix + java.lang.Integer.toString(counter)) + .png)): null

2018-12-14 01:24:17 - [TEST_STEP][PASSED] - Statement - counter = counter + 1: null

2018-12-14 01:24:17 - [TEST_STEP][PASSED] - Statement - PreSaveFile = new java.io.File(((pathPrefix + java.lang.Integer.toString(counter)) + .png)): null

2018-12-14 01:24:17 - [TEST_STEP][PASSED] - Statement - counter = counter + 1: null

2018-12-14 01:24:17 - [TEST_STEP][PASSED] - Statement - PreSaveFile = new java.io.File(((pathPrefix + java.lang.Integer.toString(counter)) + .png)): null

2018-12-14 01:24:17 - [TEST_STEP][PASSED] - Statement - counter = counter + 1: null

2018-12-14 01:24:17 - [TEST_STEP][PASSED] - Statement - PreSaveFile = new java.io.File(((pathPrefix + java.lang.Integer.toString(counter)) + .png)): null

2018-12-14 01:24:17 - [TEST_STEP][PASSED] - Statement - counter = counter + 1: null

2018-12-14 01:24:17 - [TEST_STEP][PASSED] - Statement - PreSaveFile = new java.io.File(((pathPrefix + java.lang.Integer.toString(counter)) + .png)): null

2018-12-14 01:24:17 - [TEST_STEP][PASSED] - Statement - counter = counter + 1: null

2018-12-14 01:24:17 - [TEST_STEP][PASSED] - Statement - PreSaveFile = new java.io.File(((pathPrefix + java.lang.Integer.toString(counter)) + .png)): null

2018-12-14 01:24:17 - [TEST_STEP][PASSED] - Statement - counter = counter + 1: null

2018-12-14 01:24:17 - [TEST_STEP][PASSED] - Statement - PreSaveFile = new java.io.File(((pathPrefix + java.lang.Integer.toString(counter)) + .png)): null

2018-12-14 01:24:17 - [TEST_STEP][PASSED] - Statement - counter = counter + 1: null

2018-12-14 01:24:17 - [TEST_STEP][PASSED] - Statement - PreSaveFile = new java.io.File(((pathPrefix + java.lang.Integer.toString(counter)) + .png)): null

2018-12-14 01:24:17 - [TEST_STEP][PASSED] - Statement - counter = counter + 1: null

2018-12-14 01:24:17 - [TEST_STEP][PASSED] - Statement - PreSaveFile = new java.io.File(((pathPrefix + java.lang.Integer.toString(counter)) + .png)): null

2018-12-14 01:24:17 - [TEST_STEP][PASSED] - Statement - counter = counter + 1: null

2018-12-14 01:24:17 - [TEST_STEP][PASSED] - Statement - PreSaveFile = new java.io.File(((pathPrefix + java.lang.Integer.toString(counter)) + .png)): null

2018-12-14 01:24:17 - [TEST_STEP][PASSED] - Statement - counter = counter + 1: null

2018-12-14 01:24:17 - [TEST_STEP][PASSED] - Statement - PreSaveFile = new java.io.File(((pathPrefix + java.lang.Integer.toString(counter)) + .png)): null

2018-12-14 01:24:17 - [TEST_STEP][PASSED] - Statement - counter = counter + 1: null

2018-12-14 01:24:17 - [TEST_STEP][PASSED] - Statement - PreSaveFile = new java.io.File(((pathPrefix + java.lang.Integer.toString(counter)) + .png)): null

2018-12-14 01:24:17 - [TEST_STEP][PASSED] - Statement - counter = counter + 1: null

2018-12-14 01:24:17 - [TEST_STEP][PASSED] - Statement - PreSaveFile = new java.io.File(((pathPrefix + java.lang.Integer.toString(counter)) + .png)): null

2018-12-14 01:24:17 - [TEST_STEP][PASSED] - Statement - counter = counter + 1: null

2018-12-14 01:24:17 - [TEST_STEP][PASSED] - Statement - PreSaveFile = new java.io.File(((pathPrefix + java.lang.Integer.toString(counter)) + .png)): null

2018-12-14 01:24:17 - [TEST_STEP][PASSED] - Statement - counter = counter + 1: null

2018-12-14 01:24:17 - [TEST_STEP][PASSED] - Statement - PreSaveFile = new java.io.File(((pathPrefix + java.lang.Integer.toString(counter)) + .png)): null

2018-12-14 01:24:17 - [TEST_STEP][PASSED] - Statement - counter = counter + 1: null

2018-12-14 01:24:17 - [TEST_STEP][PASSED] - Statement - PreSaveFile = new java.io.File(((pathPrefix + java.lang.Integer.toString(counter)) + .png)): null

2018-12-14 01:24:17 - [TEST_STEP][PASSED] - Statement - counter = counter + 1: null

2018-12-14 01:24:17 - [TEST_STEP][PASSED] - Statement - PreSaveFile = new java.io.File(((pathPrefix + java.lang.Integer.toString(counter)) + .png)): null

2018-12-14 01:24:17 - [TEST_STEP][PASSED] - Statement - counter = counter + 1: null

2018-12-14 01:24:17 - [TEST_STEP][PASSED] - Statement - PreSaveFile = new java.io.File(((pathPrefix + java.lang.Integer.toString(counter)) + .png)): null

2018-12-14 01:24:17 - [TEST_STEP][PASSED] - Statement - counter = counter + 1: null

2018-12-14 01:24:17 - [TEST_STEP][PASSED] - Statement - PreSaveFile = new java.io.File(((pathPrefix + java.lang.Integer.toString(counter)) + .png)): null

2018-12-14 01:24:17 - [TEST_STEP][PASSED] - Statement - counter = counter + 1: null

2018-12-14 01:24:17 - [TEST_STEP][PASSED] - Statement - PreSaveFile = new java.io.File(((pathPrefix + java.lang.Integer.toString(counter)) + .png)): null

2018-12-14 01:24:17 - [TEST_STEP][PASSED] - Statement - counter = counter + 1: null

2018-12-14 01:24:17 - [TEST_STEP][PASSED] - Statement - PreSaveFile = new java.io.File(((pathPrefix + java.lang.Integer.toString(counter)) + .png)): null

2018-12-14 01:24:17 - [TEST_STEP][PASSED] - Statement - counter = counter + 1: null

2018-12-14 01:24:17 - [TEST_STEP][PASSED] - Statement - PreSaveFile = new java.io.File(((pathPrefix + java.lang.Integer.toString(counter)) + .png)): null

2018-12-14 01:24:17 - [TEST_STEP][PASSED] - Statement - counter = counter + 1: null

2018-12-14 01:24:17 - [TEST_STEP][PASSED] - Statement - PreSaveFile = new java.io.File(((pathPrefix + java.lang.Integer.toString(counter)) + .png)): null

2018-12-14 01:24:17 - [TEST_STEP][PASSED] - Statement - counter = counter + 1: null

2018-12-14 01:24:17 - [TEST_STEP][PASSED] - Statement - PreSaveFile = new java.io.File(((pathPrefix + java.lang.Integer.toString(counter)) + .png)): null

2018-12-14 01:24:17 - [TEST_STEP][PASSED] - Statement - counter = counter + 1: null

2018-12-14 01:24:17 - [TEST_STEP][PASSED] - Statement - PreSaveFile = new java.io.File(((pathPrefix + java.lang.Integer.toString(counter)) + .png)): null

2018-12-14 01:24:17 - [TEST_STEP][PASSED] - Statement - counter = counter + 1: null

2018-12-14 01:24:17 - [TEST_STEP][PASSED] - Statement - PreSaveFile = new java.io.File(((pathPrefix + java.lang.Integer.toString(counter)) + .png)): null

2018-12-14 01:24:17 - [TEST_STEP][PASSED] - Statement - counter = counter + 1: null

2018-12-14 01:24:17 - [TEST_STEP][PASSED] - Statement - PreSaveFile = new java.io.File(((pathPrefix + java.lang.Integer.toString(counter)) + .png)): null

2018-12-14 01:24:17 - [TEST_STEP][PASSED] - Statement - counter = counter + 1: null

2018-12-14 01:24:17 - [TEST_STEP][PASSED] - Statement - PreSaveFile = new java.io.File(((pathPrefix + java.lang.Integer.toString(counter)) + .png)): null

2018-12-14 01:24:17 - [TEST_STEP][PASSED] - Statement - counter = counter + 1: null

2018-12-14 01:24:17 - [TEST_STEP][PASSED] - Statement - PreSaveFile = new java.io.File(((pathPrefix + java.lang.Integer.toString(counter)) + .png)): null

2018-12-14 01:24:17 - [TEST_STEP][PASSED] - Statement - counter = counter + 1: null

2018-12-14 01:24:17 - [TEST_STEP][PASSED] - Statement - PreSaveFile = new java.io.File(((pathPrefix + java.lang.Integer.toString(counter)) + .png)): null

2018-12-14 01:24:17 - [TEST_STEP][PASSED] - Statement - counter = counter + 1: null

2018-12-14 01:24:17 - [TEST_STEP][PASSED] - Statement - PreSaveFile = new java.io.File(((pathPrefix + java.lang.Integer.toString(counter)) + .png)): null

2018-12-14 01:24:17 - [TEST_STEP][PASSED] - Statement - counter = counter + 1: null

2018-12-14 01:24:17 - [TEST_STEP][PASSED] - Statement - PreSaveFile = new java.io.File(((pathPrefix + java.lang.Integer.toString(counter)) + .png)): null

2018-12-14 01:24:17 - [TEST_STEP][PASSED] - Statement - counter = counter + 1: null

2018-12-14 01:24:17 - [TEST_STEP][PASSED] - Statement - PreSaveFile = new java.io.File(((pathPrefix + java.lang.Integer.toString(counter)) + .png)): null

2018-12-14 01:24:17 - [TEST_STEP][PASSED] - Statement - counter = counter + 1: null

2018-12-14 01:24:17 - [TEST_STEP][PASSED] - Statement - PreSaveFile = new java.io.File(((pathPrefix + java.lang.Integer.toString(counter)) + .png)): null

2018-12-14 01:24:17 - [TEST_STEP][PASSED] - Statement - counter = counter + 1: null

2018-12-14 01:24:17 - [TEST_STEP][PASSED] - Statement - PreSaveFile = new java.io.File(((pathPrefix + java.lang.Integer.toString(counter)) + .png)): null

2018-12-14 01:24:17 - [TEST_STEP][PASSED] - Statement - counter = counter + 1: null

2018-12-14 01:24:17 - [TEST_STEP][PASSED] - Statement - PreSaveFile = new java.io.File(((pathPrefix + java.lang.Integer.toString(counter)) + .png)): null

2018-12-14 01:24:17 - [TEST_STEP][PASSED] - Statement - counter = counter + 1: null

2018-12-14 01:24:17 - [TEST_STEP][PASSED] - Statement - PreSaveFile = new java.io.File(((pathPrefix + java.lang.Integer.toString(counter)) + .png)): null

2018-12-14 01:24:17 - [TEST_STEP][PASSED] - Statement - counter = counter + 1: null

2018-12-14 01:24:17 - [TEST_STEP][PASSED] - Statement - PreSaveFile = new java.io.File(((pathPrefix + java.lang.Integer.toString(counter)) + .png)): null

2018-12-14 01:24:17 - [TEST_STEP][PASSED] - Statement - counter = counter + 1: null

2018-12-14 01:24:17 - [TEST_STEP][PASSED] - Statement - PreSaveFile = new java.io.File(((pathPrefix + java.lang.Integer.toString(counter)) + .png)): null

2018-12-14 01:24:17 - [TEST_STEP][PASSED] - Statement - counter = counter + 1: null

2018-12-14 01:24:17 - [TEST_STEP][PASSED] - Statement - PreSaveFile = new java.io.File(((pathPrefix + java.lang.Integer.toString(counter)) + .png)): null

2018-12-14 01:24:17 - [TEST_STEP][PASSED] - Statement - counter = counter + 1: null

2018-12-14 01:24:17 - [TEST_STEP][PASSED] - Statement - PreSaveFile = new java.io.File(((pathPrefix + java.lang.Integer.toString(counter)) + .png)): null

2018-12-14 01:24:17 - [TEST_STEP][PASSED] - Statement - counter = counter + 1: null

2018-12-14 01:24:17 - [TEST_STEP][PASSED] - Statement - PreSaveFile = new java.io.File(((pathPrefix + java.lang.Integer.toString(counter)) + .png)): null

2018-12-14 01:24:17 - [TEST_STEP][PASSED] - Statement - counter = counter + 1: null

2018-12-14 01:24:17 - [TEST_STEP][PASSED] - Statement - PreSaveFile = new java.io.File(((pathPrefix + java.lang.Integer.toString(counter)) + .png)): null

2018-12-14 01:24:17 - [TEST_STEP][PASSED] - Statement - counter = counter + 1: null

2018-12-14 01:24:17 - [TEST_STEP][PASSED] - Statement - PreSaveFile = new java.io.File(((pathPrefix + java.lang.Integer.toString(counter)) + .png)): null

2018-12-14 01:24:17 - [TEST_STEP][PASSED] - Statement - counter = counter + 1: null

2018-12-14 01:24:17 - [TEST_STEP][PASSED] - Statement - PreSaveFile = new java.io.File(((pathPrefix + java.lang.Integer.toString(counter)) + .png)): null

2018-12-14 01:24:17 - [TEST_STEP][PASSED] - Statement - counter = counter + 1: null

2018-12-14 01:24:17 - [TEST_STEP][PASSED] - Statement - PreSaveFile = new java.io.File(((pathPrefix + java.lang.Integer.toString(counter)) + .png)): null

2018-12-14 01:24:17 - [TEST_STEP][PASSED] - Statement - counter = counter + 1: null

2018-12-14 01:24:17 - [TEST_STEP][PASSED] - Statement - PreSaveFile = new java.io.File(((pathPrefix + java.lang.Integer.toString(counter)) + .png)): null

2018-12-14 01:24:17 - [TEST_STEP][PASSED] - Statement - counter = counter + 1: null

2018-12-14 01:24:17 - [TEST_STEP][PASSED] - Statement - PreSaveFile = new java.io.File(((pathPrefix + java.lang.Integer.toString(counter)) + .png)): null

2018-12-14 01:24:17 - [TEST_STEP][PASSED] - Statement - counter = counter + 1: null

2018-12-14 01:24:17 - [TEST_STEP][PASSED] - Statement - PreSaveFile = new java.io.File(((pathPrefix + java.lang.Integer.toString(counter)) + .png)): null

2018-12-14 01:24:17 - [TEST_STEP][PASSED] - Statement - counter = counter + 1: null

2018-12-14 01:24:17 - [TEST_STEP][PASSED] - Statement - PreSaveFile = new java.io.File(((pathPrefix + java.lang.Integer.toString(counter)) + .png)): null

2018-12-14 01:24:17 - [TEST_STEP][PASSED] - Statement - counter = counter + 1: null

2018-12-14 01:24:17 - [TEST_STEP][PASSED] - Statement - PreSaveFile = new java.io.File(((pathPrefix + java.lang.Integer.toString(counter)) + .png)): null

2018-12-14 01:24:17 - [TEST_STEP][PASSED] - Statement - counter = counter + 1: null

2018-12-14 01:24:17 - [TEST_STEP][PASSED] - Statement - PreSaveFile = new java.io.File(((pathPrefix + java.lang.Integer.toString(counter)) + .png)): null

2018-12-14 01:24:17 - [TEST_STEP][PASSED] - Statement - counter = counter + 1: null

2018-12-14 01:24:17 - [TEST_STEP][PASSED] - Statement - PreSaveFile = new java.io.File(((pathPrefix + java.lang.Integer.toString(counter)) + .png)): null

2018-12-14 01:24:17 - [TEST_STEP][PASSED] - Statement - counter = counter + 1: null

2018-12-14 01:24:17 - [TEST_STEP][PASSED] - Statement - PreSaveFile = new java.io.File(((pathPrefix + java.lang.Integer.toString(counter)) + .png)): null

2018-12-14 01:24:17 - [TEST_STEP][PASSED] - Statement - counter = counter + 1: null

2018-12-14 01:24:17 - [TEST_STEP][PASSED] - Statement - PreSaveFile = new java.io.File(((pathPrefix + java.lang.Integer.toString(counter)) + .png)): null

2018-12-14 01:24:17 - [TEST_STEP][PASSED] - Statement - counter = counter + 1: null

2018-12-14 01:24:17 - [TEST_STEP][PASSED] - Statement - PreSaveFile = new java.io.File(((pathPrefix + java.lang.Integer.toString(counter)) + .png)): null

2018-12-14 01:24:17 - [TEST_STEP][PASSED] - Statement - counter = counter + 1: null

2018-12-14 01:24:17 - [TEST_STEP][PASSED] - Statement - PreSaveFile = new java.io.File(((pathPrefix + java.lang.Integer.toString(counter)) + .png)): null

2018-12-14 01:24:17 - [TEST_STEP][PASSED] - Statement - counter = counter + 1: null

2018-12-14 01:24:17 - [TEST_STEP][PASSED] - Statement - PreSaveFile = new java.io.File(((pathPrefix + java.lang.Integer.toString(counter)) + .png)): null

2018-12-14 01:24:17 - [TEST_STEP][PASSED] - Statement - counter = counter + 1: null

2018-12-14 01:24:17 - [TEST_STEP][PASSED] - Statement - PreSaveFile = new java.io.File(((pathPrefix + java.lang.Integer.toString(counter)) + .png)): null

2018-12-14 01:24:17 - [TEST_STEP][PASSED] - Statement - counter = counter + 1: null

2018-12-14 01:24:17 - [TEST_STEP][PASSED] - Statement - PreSaveFile = new java.io.File(((pathPrefix + java.lang.Integer.toString(counter)) + .png)): null

2018-12-14 01:24:17 - [TEST_STEP][PASSED] - Statement - counter = counter + 1: null

2018-12-14 01:24:17 - [TEST_STEP][PASSED] - Statement - PreSaveFile = new java.io.File(((pathPrefix + java.lang.Integer.toString(counter)) + .png)): null

2018-12-14 01:24:17 - [TEST_STEP][PASSED] - Statement - counter = counter + 1: null

2018-12-14 01:24:17 - [TEST_STEP][PASSED] - Statement - PreSaveFile = new java.io.File(((pathPrefix + java.lang.Integer.toString(counter)) + .png)): null

2018-12-14 01:24:17 - [TEST_STEP][PASSED] - Statement - counter = counter + 1: null

2018-12-14 01:24:17 - [TEST_STEP][PASSED] - Statement - PreSaveFile = new java.io.File(((pathPrefix + java.lang.Integer.toString(counter)) + .png)): null

2018-12-14 01:24:17 - [TEST_STEP][PASSED] - Statement - counter = counter + 1: null

2018-12-14 01:24:17 - [TEST_STEP][PASSED] - Statement - PreSaveFile = new java.io.File(((pathPrefix + java.lang.Integer.toString(counter)) + .png)): null

2018-12-14 01:24:17 - [TEST_STEP][PASSED] - Statement - counter = counter + 1: null

2018-12-14 01:24:17 - [TEST_STEP][PASSED] - Statement - PreSaveFile = new java.io.File(((pathPrefix + java.lang.Integer.toString(counter)) + .png)): null

2018-12-14 01:24:17 - [TEST_STEP][PASSED] - Statement - counter = counter + 1: null

2018-12-14 01:24:17 - [TEST_STEP][PASSED] - Statement - PreSaveFile = new java.io.File(((pathPrefix + java.lang.Integer.toString(counter)) + .png)): null

2018-12-14 01:24:17 - [TEST_STEP][PASSED] - Statement - counter = counter + 1: null

2018-12-14 01:24:17 - [TEST_STEP][PASSED] - Statement - PreSaveFile = new java.io.File(((pathPrefix + java.lang.Integer.toString(counter)) + .png)): null

2018-12-14 01:24:17 - [TEST_STEP][PASSED] - Statement - counter = counter + 1: null

2018-12-14 01:24:17 - [TEST_STEP][PASSED] - Statement - PreSaveFile = new java.io.File(((pathPrefix + java.lang.Integer.toString(counter)) + .png)): null

2018-12-14 01:24:17 - [TEST_STEP][PASSED] - Statement - counter = counter + 1: null

2018-12-14 01:24:17 - [TEST_STEP][PASSED] - Statement - PreSaveFile = new java.io.File(((pathPrefix + java.lang.Integer.toString(counter)) + .png)): null

2018-12-14 01:24:17 - [TEST_STEP][PASSED] - Statement - counter = counter + 1: null

2018-12-14 01:24:17 - [TEST_STEP][PASSED] - Statement - PreSaveFile = new java.io.File(((pathPrefix + java.lang.Integer.toString(counter)) + .png)): null

2018-12-14 01:24:17 - [TEST_STEP][PASSED] - Statement - counter = counter + 1: null

2018-12-14 01:24:17 - [TEST_STEP][PASSED] - Statement - PreSaveFile = new java.io.File(((pathPrefix + java.lang.Integer.toString(counter)) + .png)): null

2018-12-14 01:24:17 - [TEST_STEP][PASSED] - Statement - counter = counter + 1: null

2018-12-14 01:24:17 - [TEST_STEP][PASSED] - Statement - PreSaveFile = new java.io.File(((pathPrefix + java.lang.Integer.toString(counter)) + .png)): null

2018-12-14 01:24:17 - [TEST_STEP][PASSED] - Statement - counter = counter + 1: null

2018-12-14 01:24:17 - [TEST_STEP][PASSED] - Statement - PreSaveFile = new java.io.File(((pathPrefix + java.lang.Integer.toString(counter)) + .png)): null

2018-12-14 01:24:17 - [TEST_STEP][PASSED] - Statement - counter = counter + 1: null

2018-12-14 01:24:17 - [TEST_STEP][PASSED] - Statement - PreSaveFile = new java.io.File(((pathPrefix + java.lang.Integer.toString(counter)) + .png)): null

2018-12-14 01:24:17 - [TEST_STEP][PASSED] - Statement - counter = counter + 1: null

2018-12-14 01:24:17 - [TEST_STEP][PASSED] - Statement - PreSaveFile = new java.io.File(((pathPrefix + java.lang.Integer.toString(counter)) + .png)): null

2018-12-14 01:24:17 - [TEST_STEP][PASSED] - Statement - counter = counter + 1: null

2018-12-14 01:24:17 - [TEST_STEP][PASSED] - Statement - PreSaveFile = new java.io.File(((pathPrefix + java.lang.Integer.toString(counter)) + .png)): null

2018-12-14 01:24:17 - [TEST_STEP][PASSED] - Statement - counter = counter + 1: null

2018-12-14 01:24:17 - [TEST_STEP][PASSED] - Statement - PreSaveFile = new java.io.File(((pathPrefix + java.lang.Integer.toString(counter)) + .png)): null

2018-12-14 01:24:17 - [TEST_STEP][PASSED] - Statement - counter = counter + 1: null

2018-12-14 01:24:17 - [TEST_STEP][PASSED] - Statement - PreSaveFile = new java.io.File(((pathPrefix + java.lang.Integer.toString(counter)) + .png)): null

2018-12-14 01:24:17 - [TEST_STEP][PASSED] - Statement - counter = counter + 1: null

2018-12-14 01:24:17 - [TEST_STEP][PASSED] - Statement - PreSaveFile = new java.io.File(((pathPrefix + java.lang.Integer.toString(counter)) + .png)): null

2018-12-14 01:24:17 - [TEST_STEP][PASSED] - Statement - counter = counter + 1: null

2018-12-14 01:24:17 - [TEST_STEP][PASSED] - Statement - PreSaveFile = new java.io.File(((pathPrefix + java.lang.Integer.toString(counter)) + .png)): null

2018-12-14 01:24:17 - [TEST_STEP][PASSED] - Statement - counter = counter + 1: null

2018-12-14 01:24:17 - [TEST_STEP][PASSED] - Statement - PreSaveFile = new java.io.File(((pathPrefix + java.lang.Integer.toString(counter)) + .png)): null

2018-12-14 01:24:17 - [TEST_STEP][PASSED] - Statement - counter = counter + 1: null

2018-12-14 01:24:17 - [TEST_STEP][PASSED] - Statement - PreSaveFile = new java.io.File(((pathPrefix + java.lang.Integer.toString(counter)) + .png)): null

2018-12-14 01:24:17 - [TEST_STEP][PASSED] - Statement - counter = counter + 1: null

2018-12-14 01:24:17 - [TEST_STEP][PASSED] - Statement - PreSaveFile = new java.io.File(((pathPrefix + java.lang.Integer.toString(counter)) + .png)): null

2018-12-14 01:24:17 - [TEST_STEP][PASSED] - Statement - counter = counter + 1: null

2018-12-14 01:24:17 - [TEST_STEP][PASSED] - Statement - PreSaveFile = new java.io.File(((pathPrefix + java.lang.Integer.toString(counter)) + .png)): null

2018-12-14 01:24:17 - [TEST_STEP][PASSED] - Statement - counter = counter + 1: null

2018-12-14 01:24:17 - [TEST_STEP][PASSED] - Statement - PreSaveFile = new java.io.File(((pathPrefix + java.lang.Integer.toString(counter)) + .png)): null

2018-12-14 01:24:17 - [TEST_STEP][PASSED] - Statement - counter = counter + 1: null

2018-12-14 01:24:17 - [TEST_STEP][PASSED] - Statement - PreSaveFile = new java.io.File(((pathPrefix + java.lang.Integer.toString(counter)) + .png)): null

2018-12-14 01:24:17 - [TEST_STEP][PASSED] - Statement - counter = counter + 1: null

2018-12-14 01:24:17 - [TEST_STEP][PASSED] - Statement - PreSaveFile = new java.io.File(((pathPrefix + java.lang.Integer.toString(counter)) + .png)): null

2018-12-14 01:24:17 - [TEST_STEP][PASSED] - Statement - counter = counter + 1: null

2018-12-14 01:24:17 - [TEST_STEP][PASSED] - Statement - PreSaveFile = new java.io.File(((pathPrefix + java.lang.Integer.toString(counter)) + .png)): null

2018-12-14 01:24:17 - [TEST_STEP][PASSED] - Statement - counter = counter + 1: null

2018-12-14 01:24:17 - [TEST_STEP][PASSED] - Statement - PreSaveFile = new java.io.File(((pathPrefix + java.lang.Integer.toString(counter)) + .png)): null

2018-12-14 01:24:17 - [TEST_STEP][PASSED] - Statement - counter = counter + 1: null

2018-12-14 01:24:17 - [TEST_STEP][PASSED] - Statement - PreSaveFile = new java.io.File(((pathPrefix + java.lang.Integer.toString(counter)) + .png)): null

2018-12-14 01:24:17 - [TEST_STEP][PASSED] - Statement - counter = counter + 1: null

2018-12-14 01:24:17 - [TEST_STEP][PASSED] - Statement - PreSaveFile = new java.io.File(((pathPrefix + java.lang.Integer.toString(counter)) + .png)): null

2018-12-14 01:24:17 - [TEST_STEP][PASSED] - Statement - counter = counter + 1: null

2018-12-14 01:24:17 - [TEST_STEP][PASSED] - Statement - PreSaveFile = new java.io.File(((pathPrefix + java.lang.Integer.toString(counter)) + .png)): null

2018-12-14 01:24:17 - [TEST_STEP][PASSED] - Statement - counter = counter + 1: null

2018-12-14 01:24:17 - [TEST_STEP][PASSED] - Statement - PreSaveFile = new java.io.File(((pathPrefix + java.lang.Integer.toString(counter)) + .png)): null

2018-12-14 01:24:17 - [TEST_STEP][PASSED] - Statement - counter = counter + 1: null

2018-12-14 01:24:17 - [TEST_STEP][PASSED] - Statement - PreSaveFile = new java.io.File(((pathPrefix + java.lang.Integer.toString(counter)) + .png)): null

2018-12-14 01:24:17 - [TEST_STEP][PASSED] - Statement - counter = counter + 1: null

2018-12-14 01:24:17 - [TEST_STEP][PASSED] - Statement - PreSaveFile = new java.io.File(((pathPrefix + java.lang.Integer.toString(counter)) + .png)): null

2018-12-14 01:24:17 - [TEST_STEP][PASSED] - Statement - counter = counter + 1: null

2018-12-14 01:24:17 - [TEST_STEP][PASSED] - Statement - PreSaveFile = new java.io.File(((pathPrefix + java.lang.Integer.toString(counter)) + .png)): null

2018-12-14 01:24:17 - [TEST_STEP][PASSED] - Statement - counter = counter + 1: null

2018-12-14 01:24:17 - [TEST_STEP][PASSED] - Statement - PreSaveFile = new java.io.File(((pathPrefix + java.lang.Integer.toString(counter)) + .png)): null

2018-12-14 01:24:17 - [TEST_STEP][PASSED] - Statement - counter = counter + 1: null

2018-12-14 01:24:17 - [TEST_STEP][PASSED] - Statement - PreSaveFile = new java.io.File(((pathPrefix + java.lang.Integer.toString(counter)) + .png)): null

2018-12-14 01:24:17 - [TEST_STEP][PASSED] - Statement - counter = counter + 1: null

2018-12-14 01:24:17 - [TEST_STEP][PASSED] - Statement - PreSaveFile = new java.io.File(((pathPrefix + java.lang.Integer.toString(counter)) + .png)): null

2018-12-14 01:24:17 - [TEST_STEP][PASSED] - Statement - counter = counter + 1: null

2018-12-14 01:24:17 - [TEST_STEP][PASSED] - Statement - PreSaveFile = new java.io.File(((pathPrefix + java.lang.Integer.toString(counter)) + .png)): null

2018-12-14 01:24:17 - [TEST_STEP][PASSED] - Statement - counter = counter + 1: null

2018-12-14 01:24:17 - [TEST_STEP][PASSED] - Statement - PreSaveFile = new java.io.File(((pathPrefix + java.lang.Integer.toString(counter)) + .png)): null

2018-12-14 01:24:17 - [TEST_STEP][PASSED] - Statement - counter = counter + 1: null

2018-12-14 01:24:17 - [TEST_STEP][PASSED] - Statement - PreSaveFile = new java.io.File(((pathPrefix + java.lang.Integer.toString(counter)) + .png)): null

2018-12-14 01:24:17 - [TEST_STEP][PASSED] - Statement - counter = counter + 1: null

2018-12-14 01:24:17 - [TEST_STEP][PASSED] - Statement - PreSaveFile = new java.io.File(((pathPrefix + java.lang.Integer.toString(counter)) + .png)): null

2018-12-14 01:24:17 - [TEST_STEP][PASSED] - Statement - counter = counter + 1: null

2018-12-14 01:24:17 - [TEST_STEP][PASSED] - Statement - PreSaveFile = new java.io.File(((pathPrefix + java.lang.Integer.toString(counter)) + .png)): null

2018-12-14 01:24:17 - [TEST_STEP][PASSED] - Statement - counter = counter + 1: null

2018-12-14 01:24:17 - [TEST_STEP][PASSED] - Statement - PreSaveFile = new java.io.File(((pathPrefix + java.lang.Integer.toString(counter)) + .png)): null

2018-12-14 01:24:17 - [TEST_STEP][PASSED] - Statement - counter = counter + 1: null

2018-12-14 01:24:17 - [TEST_STEP][PASSED] - Statement - PreSaveFile = new java.io.File(((pathPrefix + java.lang.Integer.toString(counter)) + .png)): null

2018-12-14 01:24:17 - [TEST_STEP][PASSED] - Statement - counter = counter + 1: null

2018-12-14 01:24:17 - [TEST_STEP][PASSED] - Statement - PreSaveFile = new java.io.File(((pathPrefix + java.lang.Integer.toString(counter)) + .png)): null

2018-12-14 01:24:17 - [TEST_STEP][PASSED] - Statement - counter = counter + 1: null

2018-12-14 01:24:17 - [TEST_STEP][PASSED] - Statement - PreSaveFile = new java.io.File(((pathPrefix + java.lang.Integer.toString(counter)) + .png)): null

2018-12-14 01:24:17 - [TEST_STEP][PASSED] - Statement - counter = counter + 1: null

2018-12-14 01:24:17 - [TEST_STEP][PASSED] - Statement - PreSaveFile = new java.io.File(((pathPrefix + java.lang.Integer.toString(counter)) + .png)): null

2018-12-14 01:24:17 - [TEST_STEP][PASSED] - Statement - counter = counter + 1: null

2018-12-14 01:24:17 - [TEST_STEP][PASSED] - Statement - PreSaveFile = new java.io.File(((pathPrefix + java.lang.Integer.toString(counter)) + .png)): null

2018-12-14 01:24:17 - [TEST_STEP][PASSED] - Statement - counter = counter + 1: null

2018-12-14 01:24:17 - [TEST_STEP][PASSED] - Statement - PreSaveFile = new java.io.File(((pathPrefix + java.lang.Integer.toString(counter)) + .png)): null

2018-12-14 01:24:17 - [TEST_STEP][PASSED] - Statement - counter = counter + 1: null

2018-12-14 01:24:17 - [TEST_STEP][PASSED] - Statement - PreSaveFile = new java.io.File(((pathPrefix + java.lang.Integer.toString(counter)) + .png)): null

2018-12-14 01:24:17 - [TEST_STEP][PASSED] - Statement - counter = counter + 1: null

2018-12-14 01:24:17 - [TEST_STEP][PASSED] - Statement - PreSaveFile = new java.io.File(((pathPrefix + java.lang.Integer.toString(counter)) + .png)): null

2018-12-14 01:24:17 - [TEST_STEP][PASSED] - Statement - counter = counter + 1: null

2018-12-14 01:24:17 - [TEST_STEP][PASSED] - Statement - PreSaveFile = new java.io.File(((pathPrefix + java.lang.Integer.toString(counter)) + .png)): null

2018-12-14 01:24:17 - [TEST_STEP][PASSED] - Statement - counter = counter + 1: null

2018-12-14 01:24:17 - [TEST_STEP][PASSED] - Statement - PreSaveFile = new java.io.File(((pathPrefix + java.lang.Integer.toString(counter)) + .png)): null

2018-12-14 01:24:17 - [TEST_STEP][PASSED] - Statement - counter = counter + 1: null

2018-12-14 01:24:17 - [TEST_STEP][PASSED] - Statement - PreSaveFile = new java.io.File(((pathPrefix + java.lang.Integer.toString(counter)) + .png)): null

2018-12-14 01:24:17 - [TEST_STEP][PASSED] - Statement - counter = counter + 1: null

2018-12-14 01:24:17 - [TEST_STEP][PASSED] - Statement - PreSaveFile = new java.io.File(((pathPrefix + java.lang.Integer.toString(counter)) + .png)): null

2018-12-14 01:24:17 - [TEST_STEP][PASSED] - Statement - counter = counter + 1: null

2018-12-14 01:24:17 - [TEST_STEP][PASSED] - Statement - PreSaveFile = new java.io.File(((pathPrefix + java.lang.Integer.toString(counter)) + .png)): null

2018-12-14 01:24:17 - [TEST_STEP][PASSED] - Statement - counter = counter + 1: null

2018-12-14 01:24:17 - [TEST_STEP][PASSED] - Statement - PreSaveFile = new java.io.File(((pathPrefix + java.lang.Integer.toString(counter)) + .png)): null

2018-12-14 01:24:17 - [TEST_STEP][PASSED] - Statement - counter = counter + 1: null

2018-12-14 01:24:17 - [TEST_STEP][PASSED] - Statement - PreSaveFile = new java.io.File(((pathPrefix + java.lang.Integer.toString(counter)) + .png)): null

2018-12-14 01:24:17 - [TEST_STEP][PASSED] - Statement - counter = counter + 1: null

2018-12-14 01:24:17 - [TEST_STEP][PASSED] - Statement - PreSaveFile = new java.io.File(((pathPrefix + java.lang.Integer.toString(counter)) + .png)): null

2018-12-14 01:24:17 - [TEST_STEP][PASSED] - Statement - counter = counter + 1: null

2018-12-14 01:24:17 - [TEST_STEP][PASSED] - Statement - PreSaveFile = new java.io.File(((pathPrefix + java.lang.Integer.toString(counter)) + .png)): null

2018-12-14 01:24:17 - [TEST_STEP][PASSED] - Statement - counter = counter + 1: null

2018-12-14 01:24:17 - [TEST_STEP][PASSED] - Statement - PreSaveFile = new java.io.File(((pathPrefix + java.lang.Integer.toString(counter)) + .png)): null

2018-12-14 01:24:17 - [TEST_STEP][PASSED] - Statement - counter = counter + 1: null

2018-12-14 01:24:17 - [TEST_STEP][PASSED] - Statement - PreSaveFile = new java.io.File(((pathPrefix + java.lang.Integer.toString(counter)) + .png)): null

2018-12-14 01:24:17 - [TEST_STEP][PASSED] - Statement - counter = counter + 1: null

2018-12-14 01:24:17 - [TEST_STEP][PASSED] - Statement - PreSaveFile = new java.io.File(((pathPrefix + java.lang.Integer.toString(counter)) + .png)): null

2018-12-14 01:24:17 - [TEST_STEP][PASSED] - Statement - counter = counter + 1: null

2018-12-14 01:24:17 - [TEST_STEP][PASSED] - Statement - PreSaveFile = new java.io.File(((pathPrefix + java.lang.Integer.toString(counter)) + .png)): null

2018-12-14 01:24:17 - [TEST_STEP][PASSED] - Statement - counter = counter + 1: null

2018-12-14 01:24:17 - [TEST_STEP][PASSED] - Statement - PreSaveFile = new java.io.File(((pathPrefix + java.lang.Integer.toString(counter)) + .png)): null

2018-12-14 01:24:17 - [TEST_STEP][PASSED] - Statement - counter = counter + 1: null

2018-12-14 01:24:17 - [TEST_STEP][PASSED] - Statement - PreSaveFile = new java.io.File(((pathPrefix + java.lang.Integer.toString(counter)) + .png)): null

2018-12-14 01:24:17 - [TEST_STEP][PASSED] - Statement - counter = counter + 1: null

2018-12-14 01:24:17 - [TEST_STEP][PASSED] - Statement - PreSaveFile = new java.io.File(((pathPrefix + java.lang.Integer.toString(counter)) + .png)): null

2018-12-14 01:24:17 - [TEST_STEP][PASSED] - Statement - counter = counter + 1: null

2018-12-14 01:24:17 - [TEST_STEP][PASSED] - Statement - PreSaveFile = new java.io.File(((pathPrefix + java.lang.Integer.toString(counter)) + .png)): null

2018-12-14 01:24:17 - [TEST_STEP][PASSED] - Statement - counter = counter + 1: null

2018-12-14 01:24:17 - [TEST_STEP][PASSED] - Statement - PreSaveFile = new java.io.File(((pathPrefix + java.lang.Integer.toString(counter)) + .png)): null

2018-12-14 01:24:17 - [TEST_STEP][PASSED] - Statement - counter = counter + 1: null

2018-12-14 01:24:17 - [TEST_STEP][PASSED] - Statement - PreSaveFile = new java.io.File(((pathPrefix + java.lang.Integer.toString(counter)) + .png)): null

2018-12-14 01:24:17 - [TEST_STEP][PASSED] - Statement - counter = counter + 1: null

2018-12-14 01:24:17 - [TEST_STEP][PASSED] - Statement - PreSaveFile = new java.io.File(((pathPrefix + java.lang.Integer.toString(counter)) + .png)): null

2018-12-14 01:24:17 - [TEST_STEP][PASSED] - Statement - counter = counter + 1: null

2018-12-14 01:24:17 - [TEST_STEP][PASSED] - Statement - PreSaveFile = new java.io.File(((pathPrefix + java.lang.Integer.toString(counter)) + .png)): null

2018-12-14 01:24:17 - [TEST_STEP][PASSED] - Statement - counter = counter + 1: null

2018-12-14 01:24:17 - [TEST_STEP][PASSED] - Statement - PreSaveFile = new java.io.File(((pathPrefix + java.lang.Integer.toString(counter)) + .png)): null

2018-12-14 01:24:17 - [TEST_STEP][PASSED] - Statement - counter = counter + 1: null

2018-12-14 01:24:17 - [TEST_STEP][PASSED] - Statement - PreSaveFile = new java.io.File(((pathPrefix + java.lang.Integer.toString(counter)) + .png)): null

2018-12-14 01:24:17 - [TEST_STEP][PASSED] - Statement - counter = counter + 1: null

2018-12-14 01:24:17 - [TEST_STEP][PASSED] - Statement - PreSaveFile = new java.io.File(((pathPrefix + java.lang.Integer.toString(counter)) + .png)): null

2018-12-14 01:24:17 - [TEST_STEP][PASSED] - Statement - counter = counter + 1: null

2018-12-14 01:24:17 - [TEST_STEP][PASSED] - Statement - PreSaveFile = new java.io.File(((pathPrefix + java.lang.Integer.toString(counter)) + .png)): null

2018-12-14 01:24:17 - [TEST_STEP][PASSED] - Statement - counter = counter + 1: null

2018-12-14 01:24:17 - [TEST_STEP][PASSED] - Statement - PreSaveFile = new java.io.File(((pathPrefix + java.lang.Integer.toString(counter)) + .png)): null

2018-12-14 01:24:17 - [TEST_STEP][PASSED] - Statement - counter = counter + 1: null

2018-12-14 01:24:17 - [TEST_STEP][PASSED] - Statement - PreSaveFile = new java.io.File(((pathPrefix + java.lang.Integer.toString(counter)) + .png)): null

2018-12-14 01:24:17 - [TEST_STEP][PASSED] - Statement - counter = counter + 1: null

2018-12-14 01:24:17 - [TEST_STEP][PASSED] - Statement - PreSaveFile = new java.io.File(((pathPrefix + java.lang.Integer.toString(counter)) + .png)): null

2018-12-14 01:24:17 - [TEST_STEP][PASSED] - Statement - counter = counter + 1: null

2018-12-14 01:24:17 - [TEST_STEP][PASSED] - Statement - PreSaveFile = new java.io.File(((pathPrefix + java.lang.Integer.toString(counter)) + .png)): null

2018-12-14 01:24:17 - [TEST_STEP][PASSED] - Statement - counter = counter + 1: null

2018-12-14 01:24:17 - [TEST_STEP][PASSED] - Statement - PreSaveFile = new java.io.File(((pathPrefix + java.lang.Integer.toString(counter)) + .png)): null

2018-12-14 01:24:17 - [TEST_STEP][PASSED] - Statement - counter = counter + 1: null

2018-12-14 01:24:17 - [TEST_STEP][PASSED] - Statement - PreSaveFile = new java.io.File(((pathPrefix + java.lang.Integer.toString(counter)) + .png)): null

2018-12-14 01:24:17 - [TEST_STEP][PASSED] - Statement - counter = counter + 1: null

2018-12-14 01:24:17 - [TEST_STEP][PASSED] - Statement - PreSaveFile = new java.io.File(((pathPrefix + java.lang.Integer.toString(counter)) + .png)): null

2018-12-14 01:24:17 - [TEST_STEP][PASSED] - Statement - counter = counter + 1: null

2018-12-14 01:24:17 - [TEST_STEP][PASSED] - Statement - PreSaveFile = new java.io.File(((pathPrefix + java.lang.Integer.toString(counter)) + .png)): null

2018-12-14 01:24:17 - [TEST_STEP][PASSED] - Statement - counter = counter + 1: null

2018-12-14 01:24:17 - [TEST_STEP][PASSED] - Statement - PreSaveFile = new java.io.File(((pathPrefix + java.lang.Integer.toString(counter)) + .png)): null

2018-12-14 01:24:17 - [TEST_STEP][PASSED] - Statement - counter = counter + 1: null

2018-12-14 01:24:17 - [TEST_STEP][PASSED] - Statement - PreSaveFile = new java.io.File(((pathPrefix + java.lang.Integer.toString(counter)) + .png)): null

2018-12-14 01:24:17 - [TEST_STEP][PASSED] - Statement - counter = counter + 1: null

2018-12-14 01:24:17 - [TEST_STEP][PASSED] - Statement - PreSaveFile = new java.io.File(((pathPrefix + java.lang.Integer.toString(counter)) + .png)): null

2018-12-14 01:24:17 - [TEST_STEP][PASSED] - Statement - counter = counter + 1: null

2018-12-14 01:24:17 - [TEST_STEP][PASSED] - Statement - PreSaveFile = new java.io.File(((pathPrefix + java.lang.Integer.toString(counter)) + .png)): null

2018-12-14 01:24:17 - [TEST_STEP][PASSED] - Statement - counter = counter + 1: null

2018-12-14 01:24:17 - [TEST_STEP][PASSED] - Statement - PreSaveFile = new java.io.File(((pathPrefix + java.lang.Integer.toString(counter)) + .png)): null

2018-12-14 01:24:17 - [TEST_STEP][PASSED] - Statement - counter = counter + 1: null

2018-12-14 01:24:17 - [TEST_STEP][PASSED] - Statement - PreSaveFile = new java.io.File(((pathPrefix + java.lang.Integer.toString(counter)) + .png)): null

2018-12-14 01:24:17 - [TEST_STEP][PASSED] - Statement - counter = counter + 1: null

2018-12-14 01:24:17 - [TEST_STEP][PASSED] - Statement - PreSaveFile = new java.io.File(((pathPrefix + java.lang.Integer.toString(counter)) + .png)): null

2018-12-14 01:24:17 - [TEST_STEP][PASSED] - Statement - counter = counter + 1: null

2018-12-14 01:24:17 - [TEST_STEP][PASSED] - Statement - PreSaveFile = new java.io.File(((pathPrefix + java.lang.Integer.toString(counter)) + .png)): null

2018-12-14 01:24:17 - [TEST_STEP][PASSED] - Statement - counter = counter + 1: null

2018-12-14 01:24:17 - [TEST_STEP][PASSED] - Statement - PreSaveFile = new java.io.File(((pathPrefix + java.lang.Integer.toString(counter)) + .png)): null

2018-12-14 01:24:17 - [TEST_STEP][PASSED] - Statement - counter = counter + 1: null

2018-12-14 01:24:17 - [TEST_STEP][PASSED] - Statement - PreSaveFile = new java.io.File(((pathPrefix + java.lang.Integer.toString(counter)) + .png)): null

2018-12-14 01:24:17 - [TEST_STEP][PASSED] - Statement - counter = counter + 1: null

2018-12-14 01:24:17 - [TEST_STEP][PASSED] - Statement - PreSaveFile = new java.io.File(((pathPrefix + java.lang.Integer.toString(counter)) + .png)): null

2018-12-14 01:24:17 - [TEST_STEP][PASSED] - Statement - counter = counter + 1: null

2018-12-14 01:24:17 - [TEST_STEP][PASSED] - Statement - PreSaveFile = new java.io.File(((pathPrefix + java.lang.Integer.toString(counter)) + .png)): null

2018-12-14 01:24:17 - [TEST_STEP][PASSED] - Statement - counter = counter + 1: null

2018-12-14 01:24:17 - [TEST_STEP][PASSED] - Statement - PreSaveFile = new java.io.File(((pathPrefix + java.lang.Integer.toString(counter)) + .png)): null

2018-12-14 01:24:17 - [TEST_STEP][PASSED] - Statement - counter = counter + 1: null

2018-12-14 01:24:17 - [TEST_STEP][PASSED] - Statement - PreSaveFile = new java.io.File(((pathPrefix + java.lang.Integer.toString(counter)) + .png)): null

2018-12-14 01:24:17 - [TEST_STEP][PASSED] - Statement - counter = counter + 1: null

2018-12-14 01:24:17 - [TEST_STEP][PASSED] - Statement - PreSaveFile = new java.io.File(((pathPrefix + java.lang.Integer.toString(counter)) + .png)): null

2018-12-14 01:24:17 - [TEST_STEP][PASSED] - Statement - counter = counter + 1: null

2018-12-14 01:24:17 - [TEST_STEP][PASSED] - Statement - PreSaveFile = new java.io.File(((pathPrefix + java.lang.Integer.toString(counter)) + .png)): null

2018-12-14 01:24:17 - [TEST_STEP][PASSED] - Statement - counter = counter + 1: null

2018-12-14 01:24:17 - [TEST_STEP][PASSED] - Statement - PreSaveFile = new java.io.File(((pathPrefix + java.lang.Integer.toString(counter)) + .png)): null

2018-12-14 01:24:17 - [TEST_STEP][PASSED] - Statement - counter = counter + 1: null

2018-12-14 01:24:17 - [TEST_STEP][PASSED] - Statement - PreSaveFile = new java.io.File(((pathPrefix + java.lang.Integer.toString(counter)) + .png)): null

2018-12-14 01:24:17 - [TEST_STEP][PASSED] - Statement - counter = counter + 1: null

2018-12-14 01:24:17 - [TEST_STEP][PASSED] - Statement - PreSaveFile = new java.io.File(((pathPrefix + java.lang.Integer.toString(counter)) + .png)): null

2018-12-14 01:24:17 - [TEST_STEP][PASSED] - Statement - counter = counter + 1: null

2018-12-14 01:24:17 - [TEST_STEP][PASSED] - Statement - PreSaveFile = new java.io.File(((pathPrefix + java.lang.Integer.toString(counter)) + .png)): null

2018-12-14 01:24:17 - [TEST_STEP][PASSED] - Statement - counter = counter + 1: null

2018-12-14 01:24:17 - [TEST_STEP][PASSED] - Statement - PreSaveFile = new java.io.File(((pathPrefix + java.lang.Integer.toString(counter)) + .png)): null

2018-12-14 01:24:17 - [TEST_STEP][PASSED] - Statement - counter = counter + 1: null

2018-12-14 01:24:17 - [TEST_STEP][PASSED] - Statement - PreSaveFile = new java.io.File(((pathPrefix + java.lang.Integer.toString(counter)) + .png)): null

2018-12-14 01:24:17 - [TEST_STEP][PASSED] - Statement - counter = counter + 1: null

2018-12-14 01:24:17 - [TEST_STEP][PASSED] - Statement - PreSaveFile = new java.io.File(((pathPrefix + java.lang.Integer.toString(counter)) + .png)): null

2018-12-14 01:24:17 - [TEST_STEP][PASSED] - Statement - counter = counter + 1: null

2018-12-14 01:24:17 - [TEST_STEP][PASSED] - Statement - PreSaveFile = new java.io.File(((pathPrefix + java.lang.Integer.toString(counter)) + .png)): null

2018-12-14 01:24:17 - [TEST_STEP][PASSED] - Statement - counter = counter + 1: null

2018-12-14 01:24:17 - [TEST_STEP][PASSED] - Statement - PreSaveFile = new java.io.File(((pathPrefix + java.lang.Integer.toString(counter)) + .png)): null

2018-12-14 01:24:17 - [TEST_STEP][PASSED] - Statement - counter = counter + 1: null

2018-12-14 01:24:17 - [TEST_STEP][PASSED] - Statement - PreSaveFile = new java.io.File(((pathPrefix + java.lang.Integer.toString(counter)) + .png)): null

2018-12-14 01:24:17 - [TEST_STEP][PASSED] - Statement - counter = counter + 1: null

2018-12-14 01:24:17 - [TEST_STEP][PASSED] - Statement - PreSaveFile = new java.io.File(((pathPrefix + java.lang.Integer.toString(counter)) + .png)): null

2018-12-14 01:24:17 - [TEST_STEP][PASSED] - Statement - counter = counter + 1: null

2018-12-14 01:24:17 - [TEST_STEP][PASSED] - Statement - PreSaveFile = new java.io.File(((pathPrefix + java.lang.Integer.toString(counter)) + .png)): null

2018-12-14 01:24:17 - [TEST_STEP][PASSED] - Statement - counter = counter + 1: null

2018-12-14 01:24:17 - [TEST_STEP][PASSED] - Statement - PreSaveFile = new java.io.File(((pathPrefix + java.lang.Integer.toString(counter)) + .png)): null

2018-12-14 01:24:17 - [TEST_STEP][PASSED] - Statement - counter = counter + 1: null

2018-12-14 01:24:17 - [TEST_STEP][PASSED] - Statement - PreSaveFile = new java.io.File(((pathPrefix + java.lang.Integer.toString(counter)) + .png)): null

2018-12-14 01:24:17 - [TEST_STEP][PASSED] - Statement - counter = counter + 1: null

2018-12-14 01:24:17 - [TEST_STEP][PASSED] - Statement - PreSaveFile = new java.io.File(((pathPrefix + java.lang.Integer.toString(counter)) + .png)): null

2018-12-14 01:24:17 - [TEST_STEP][PASSED] - Statement - counter = counter + 1: null

2018-12-14 01:24:17 - [TEST_STEP][PASSED] - Statement - PreSaveFile = new java.io.File(((pathPrefix + java.lang.Integer.toString(counter)) + .png)): null

2018-12-14 01:24:17 - [TEST_STEP][PASSED] - Statement - counter = counter + 1: null

2018-12-14 01:24:18 - [TEST_STEP][PASSED] - Statement - PreSaveFile = new java.io.File(((pathPrefix + java.lang.Integer.toString(counter)) + .png)): null

2018-12-14 01:24:18 - [TEST_STEP][PASSED] - Statement - counter = counter + 1: null

2018-12-14 01:24:18 - [TEST_STEP][PASSED] - Statement - PreSaveFile = new java.io.File(((pathPrefix + java.lang.Integer.toString(counter)) + .png)): null

2018-12-14 01:24:18 - [TEST_STEP][PASSED] - Statement - counter = counter + 1: null

2018-12-14 01:24:18 - [TEST_STEP][PASSED] - Statement - PreSaveFile = new java.io.File(((pathPrefix + java.lang.Integer.toString(counter)) + .png)): null

2018-12-14 01:24:18 - [TEST_STEP][PASSED] - Statement - counter = counter + 1: null

2018-12-14 01:24:18 - [TEST_STEP][PASSED] - Statement - PreSaveFile = new java.io.File(((pathPrefix + java.lang.Integer.toString(counter)) + .png)): null

2018-12-14 01:24:18 - [TEST_STEP][PASSED] - Statement - counter = counter + 1: null

2018-12-14 01:24:18 - [TEST_STEP][PASSED] - Statement - PreSaveFile = new java.io.File(((pathPrefix + java.lang.Integer.toString(counter)) + .png)): null

2018-12-14 01:24:18 - [TEST_STEP][PASSED] - Statement - counter = counter + 1: null

2018-12-14 01:24:18 - [TEST_STEP][PASSED] - Statement - PreSaveFile = new java.io.File(((pathPrefix + java.lang.Integer.toString(counter)) + .png)): null

2018-12-14 01:24:18 - [TEST_STEP][PASSED] - Statement - counter = counter + 1: null

2018-12-14 01:24:18 - [TEST_STEP][PASSED] - Statement - PreSaveFile = new java.io.File(((pathPrefix + java.lang.Integer.toString(counter)) + .png)): null

2018-12-14 01:24:18 - [TEST_STEP][PASSED] - Statement - counter = counter + 1: null

2018-12-14 01:24:18 - [TEST_STEP][PASSED] - Statement - PreSaveFile = new java.io.File(((pathPrefix + java.lang.Integer.toString(counter)) + .png)): null

2018-12-14 01:24:18 - [TEST_STEP][PASSED] - Statement - counter = counter + 1: null

2018-12-14 01:24:18 - [TEST_STEP][PASSED] - Statement - PreSaveFile = new java.io.File(((pathPrefix + java.lang.Integer.toString(counter)) + .png)): null

2018-12-14 01:24:18 - [TEST_STEP][PASSED] - Statement - counter = counter + 1: null

2018-12-14 01:24:18 - [TEST_STEP][PASSED] - Statement - PreSaveFile = new java.io.File(((pathPrefix + java.lang.Integer.toString(counter)) + .png)): null

2018-12-14 01:24:18 - [TEST_STEP][PASSED] - Statement - counter = counter + 1: null

2018-12-14 01:24:18 - [TEST_STEP][PASSED] - Statement - PreSaveFile = new java.io.File(((pathPrefix + java.lang.Integer.toString(counter)) + .png)): null

2018-12-14 01:24:18 - [TEST_STEP][PASSED] - Statement - counter = counter + 1: null

2018-12-14 01:24:18 - [TEST_STEP][PASSED] - Statement - PreSaveFile = new java.io.File(((pathPrefix + java.lang.Integer.toString(counter)) + .png)): null

2018-12-14 01:24:18 - [TEST_STEP][PASSED] - Statement - counter = counter + 1: null

2018-12-14 01:24:18 - [TEST_STEP][PASSED] - Statement - PreSaveFile = new java.io.File(((pathPrefix + java.lang.Integer.toString(counter)) + .png)): null

2018-12-14 01:24:18 - [TEST_STEP][PASSED] - Statement - counter = counter + 1: null

2018-12-14 01:24:18 - [TEST_STEP][PASSED] - Statement - PreSaveFile = new java.io.File(((pathPrefix + java.lang.Integer.toString(counter)) + .png)): null

2018-12-14 01:24:18 - [TEST_STEP][PASSED] - Statement - counter = counter + 1: null

2018-12-14 01:24:18 - [TEST_STEP][PASSED] - Statement - PreSaveFile = new java.io.File(((pathPrefix + java.lang.Integer.toString(counter)) + .png)): null

2018-12-14 01:24:18 - [TEST_STEP][PASSED] - Statement - counter = counter + 1: null

2018-12-14 01:24:18 - [TEST_STEP][PASSED] - Statement - PreSaveFile = new java.io.File(((pathPrefix + java.lang.Integer.toString(counter)) + .png)): null

2018-12-14 01:24:18 - [TEST_STEP][PASSED] - Statement - counter = counter + 1: null

2018-12-14 01:24:18 - [TEST_STEP][PASSED] - Statement - PreSaveFile = new java.io.File(((pathPrefix + java.lang.Integer.toString(counter)) + .png)): null

2018-12-14 01:24:18 - [TEST_STEP][PASSED] - Statement - counter = counter + 1: null

2018-12-14 01:24:18 - [TEST_STEP][PASSED] - Statement - PreSaveFile = new java.io.File(((pathPrefix + java.lang.Integer.toString(counter)) + .png)): null

2018-12-14 01:24:18 - [TEST_STEP][PASSED] - Statement - counter = counter + 1: null

2018-12-14 01:24:18 - [TEST_STEP][PASSED] - Statement - PreSaveFile = new java.io.File(((pathPrefix + java.lang.Integer.toString(counter)) + .png)): null

2018-12-14 01:24:18 - [TEST_STEP][PASSED] - Statement - counter = counter + 1: null

2018-12-14 01:24:18 - [TEST_STEP][PASSED] - Statement - PreSaveFile = new java.io.File(((pathPrefix + java.lang.Integer.toString(counter)) + .png)): null

2018-12-14 01:24:18 - [TEST_STEP][PASSED] - Statement - counter = counter + 1: null

2018-12-14 01:24:18 - [TEST_STEP][PASSED] - Statement - PreSaveFile = new java.io.File(((pathPrefix + java.lang.Integer.toString(counter)) + .png)): null

2018-12-14 01:24:18 - [TEST_STEP][PASSED] - Statement - counter = counter + 1: null

2018-12-14 01:24:18 - [TEST_STEP][PASSED] - Statement - PreSaveFile = new java.io.File(((pathPrefix + java.lang.Integer.toString(counter)) + .png)): null

2018-12-14 01:24:18 - [TEST_STEP][PASSED] - Statement - counter = counter + 1: null

2018-12-14 01:24:18 - [TEST_STEP][PASSED] - Statement - PreSaveFile = new java.io.File(((pathPrefix + java.lang.Integer.toString(counter)) + .png)): null

2018-12-14 01:24:18 - [TEST_STEP][PASSED] - Statement - counter = counter + 1: null

2018-12-14 01:24:18 - [TEST_STEP][PASSED] - Statement - PreSaveFile = new java.io.File(((pathPrefix + java.lang.Integer.toString(counter)) + .png)): null

2018-12-14 01:24:18 - [TEST_STEP][PASSED] - Statement - counter = counter + 1: null

2018-12-14 01:24:18 - [TEST_STEP][PASSED] - Statement - PreSaveFile = new java.io.File(((pathPrefix + java.lang.Integer.toString(counter)) + .png)): null

2018-12-14 01:24:18 - [TEST_STEP][PASSED] - Statement - counter = counter + 1: null

2018-12-14 01:24:18 - [TEST_STEP][PASSED] - Statement - PreSaveFile = new java.io.File(((pathPrefix + java.lang.Integer.toString(counter)) + .png)): null

2018-12-14 01:24:18 - [TEST_STEP][PASSED] - Statement - counter = counter + 1: null

2018-12-14 01:24:18 - [TEST_STEP][PASSED] - Statement - PreSaveFile = new java.io.File(((pathPrefix + java.lang.Integer.toString(counter)) + .png)): null

2018-12-14 01:24:18 - [TEST_STEP][PASSED] - Statement - counter = counter + 1: null

2018-12-14 01:24:18 - [TEST_STEP][PASSED] - Statement - PreSaveFile = new java.io.File(((pathPrefix + java.lang.Integer.toString(counter)) + .png)): null

2018-12-14 01:24:18 - [TEST_STEP][PASSED] - Statement - counter = counter + 1: null

2018-12-14 01:24:18 - [TEST_STEP][PASSED] - Statement - PreSaveFile = new java.io.File(((pathPrefix + java.lang.Integer.toString(counter)) + .png)): null

2018-12-14 01:24:18 - [TEST_STEP][PASSED] - Statement - counter = counter + 1: null

2018-12-14 01:24:18 - [TEST_STEP][PASSED] - Statement - PreSaveFile = new java.io.File(((pathPrefix + java.lang.Integer.toString(counter)) + .png)): null

2018-12-14 01:24:18 - [TEST_STEP][PASSED] - Statement - counter = counter + 1: null

2018-12-14 01:24:18 - [TEST_STEP][PASSED] - Statement - PreSaveFile = new java.io.File(((pathPrefix + java.lang.Integer.toString(counter)) + .png)): null

2018-12-14 01:24:18 - [TEST_STEP][PASSED] - Statement - counter = counter + 1: null

2018-12-14 01:24:18 - [TEST_STEP][PASSED] - Statement - PreSaveFile = new java.io.File(((pathPrefix + java.lang.Integer.toString(counter)) + .png)): null

2018-12-14 01:24:18 - [TEST_STEP][PASSED] - Statement - counter = counter + 1: null

2018-12-14 01:24:18 - [TEST_STEP][PASSED] - Statement - PreSaveFile = new java.io.File(((pathPrefix + java.lang.Integer.toString(counter)) + .png)): null

2018-12-14 01:24:18 - [TEST_STEP][PASSED] - Statement - counter = counter + 1: null

2018-12-14 01:24:18 - [TEST_STEP][PASSED] - Statement - PreSaveFile = new java.io.File(((pathPrefix + java.lang.Integer.toString(counter)) + .png)): null

2018-12-14 01:24:18 - [TEST_STEP][PASSED] - Statement - finalPath = pathPrefix + java.lang.Integer.toString(counter) + ".png": null

2018-12-14 01:24:18 - [TEST_STEP][PASSED] - Statement - SaveFile = new java.io.File(finalPath): null

2018-12-14 01:24:18 - [TEST_STEP][PASSED] - Statement - Try: null

2018-12-14 01:24:18 - [TEST_STEP][PASSED] - Statement - org.apache.commons.io.FileUtils.copyFile(scrFile, SaveFile): null

2018-12-14 01:24:18 - [TEST_STEP][PASSED] - Statement - out.println("file kept"): null

2018-12-14 01:24:18 - [TEST_STEP][PASSED] - delay: Delayed 10 second(s)

2018-12-14 01:24:28 - [MESSAGE][PASSED] - Delayed 10 second(s)

2018-12-14 01:24:28 - [MESSAGE][PASSED] - Call Test Case 'Test Cases/Final Aug 2018 - PKS Automation/Common/Screenshoting tool' successfully]]></system-out>
         <system-err><![CDATA[2018-12-14 01:08:28 - [TEST_CASE][FAILED] - Test Cases/Final Aug 2018 - PKS Automation/Registration Module/Workflow/Update Add New Employee/Special Case (Employer - RO Under Enforcement): Test Cases/Final Aug 2018 - PKS Automation/Registration Module/Workflow/Update Add New Employee/Special Case (Employer - RO Under Enforcement) FAILED because (of) (Stack trace: com.kms.katalon.core.exception.StepFailedException: Unable to set text 'CAN12201800002351' of object 'Object Repository/Final Object Repo/New Registration - Registration Module Pages/New Reg - OTC to RO/Special Case - All Related Objects/TextBox RefNo in Workbasket' (Root cause: org.openqa.selenium.ElementNotVisibleException: element not interactable
  (Session info: chrome=70.0.3538.110)
  (Driver info: chromedriver=2.43.600210 (68dcf5eebde37173d4027fa8635e332711d2874a),platform=Windows NT 6.1.7601 SP1 x86_64) (WARNING: The server did not provide any stacktrace information)
Command duration or timeout: 0 milliseconds
Build info: version: '3.7.1', revision: '8a0099a', time: '2017-11-06T21:07:36.161Z'
System info: host: 'WIN7TEST02', ip: '10.20.3.72', os.name: 'Windows 7', os.arch: 'amd64', os.version: '6.1', java.version: '1.8.0_181'
Driver info: com.kms.katalon.selenium.driver.CChromeDriver
Capabilities {acceptInsecureCerts: false, acceptSslCerts: false, applicationCacheEnabled: false, browserConnectionEnabled: false, browserName: chrome, chrome: {chromedriverVersion: 2.43.600210 (68dcf5eebde371..., userDataDir: C:\Users\Admin\AppData\Loca...}, cssSelectorsEnabled: true, databaseEnabled: false, goog:chromeOptions: {debuggerAddress: localhost:63638}, handlesAlerts: true, hasTouchScreen: false, javascriptEnabled: true, locationContextEnabled: true, mobileEmulationEnabled: false, nativeEvents: true, networkConnectionEnabled: false, pageLoadStrategy: normal, platform: XP, platformName: XP, rotatable: false, setWindowRect: true, takesHeapSnapshot: true, takesScreenshot: true, unexpectedAlertBehaviour: , unhandledPromptBehavior: , version: 70.0.3538.110, webStorageEnabled: true}
Session ID: 8df03e7460e53697c697ead2f103541d)
	at com.kms.katalon.core.keyword.internal.KeywordMain.stepFailed(KeywordMain.groovy:32)
	at com.kms.katalon.core.webui.keyword.internal.WebUIKeywordMain.stepFailed(WebUIKeywordMain.groovy:65)
	at com.kms.katalon.core.webui.keyword.internal.WebUIKeywordMain.runKeyword(WebUIKeywordMain.groovy:27)
	at com.kms.katalon.core.webui.keyword.builtin.SetTextKeyword.setText(SetTextKeyword.groovy:65)
	at com.kms.katalon.core.webui.keyword.builtin.SetTextKeyword.execute(SetTextKeyword.groovy:37)
	at com.kms.katalon.core.keyword.internal.KeywordExecutor.executeKeywordForPlatform(KeywordExecutor.groovy:53)
	at com.kms.katalon.core.webui.keyword.WebUiBuiltInKeywords.setText(WebUiBuiltInKeywords.groovy:950)
	at com.kms.katalon.core.webui.keyword.WebUiBuiltInKeywords$setText$1.call(Unknown Source)
	at org.codehaus.groovy.runtime.callsite.CallSiteArray.defaultCall(CallSiteArray.java:48)
	at org.codehaus.groovy.runtime.callsite.AbstractCallSite.call(AbstractCallSite.java:113)
	at org.codehaus.groovy.runtime.callsite.AbstractCallSite.call(AbstractCallSite.java:133)
	at Script1537333843549.run(Script1537333843549.groovy:156)
	at com.kms.katalon.core.main.ScriptEngine.run(ScriptEngine.java:183)
	at com.kms.katalon.core.main.ScriptEngine.runScriptAsRawText(ScriptEngine.java:108)
	at com.kms.katalon.core.main.TestCaseExecutor.runScript(TestCaseExecutor.java:294)
	at com.kms.katalon.core.main.TestCaseExecutor.doExecute(TestCaseExecutor.java:285)
	at com.kms.katalon.core.main.TestCaseExecutor.processExecutionPhase(TestCaseExecutor.java:264)
	at com.kms.katalon.core.main.TestCaseExecutor.accessMainPhase(TestCaseExecutor.java:256)
	at com.kms.katalon.core.main.TestCaseExecutor.execute(TestCaseExecutor.java:200)
	at com.kms.katalon.core.main.TestSuiteExecutor.accessTestCaseMainPhase(TestSuiteExecutor.java:129)
	at com.kms.katalon.core.main.TestSuiteExecutor.accessTestSuiteMainPhase(TestSuiteExecutor.java:112)
	at com.kms.katalon.core.main.TestSuiteExecutor.execute(TestSuiteExecutor.java:81)
	at com.kms.katalon.core.main.TestCaseMain.startTestSuite(TestCaseMain.java:142)
	at com.kms.katalon.core.main.TestCaseMain$startTestSuite$0.call(Unknown Source)
	at org.codehaus.groovy.runtime.callsite.CallSiteArray.defaultCall(CallSiteArray.java:48)
	at org.codehaus.groovy.runtime.callsite.AbstractCallSite.call(AbstractCallSite.java:113)
	at org.codehaus.groovy.runtime.callsite.AbstractCallSite.call(AbstractCallSite.java:141)
	at TempTestSuite1544713124582.run(TempTestSuite1544713124582.groovy:36)
	at groovy.lang.GroovyShell.runScriptOrMainOrTestOrRunnable(GroovyShell.java:263)
	at groovy.lang.GroovyShell.run(GroovyShell.java:518)
	at groovy.lang.GroovyShell.run(GroovyShell.java:507)
	at groovy.ui.GroovyMain.processOnce(GroovyMain.java:653)
	at groovy.ui.GroovyMain.run(GroovyMain.java:384)
	at groovy.ui.GroovyMain.process(GroovyMain.java:370)
	at groovy.ui.GroovyMain.processArgs(GroovyMain.java:129)
	at groovy.ui.GroovyMain.main(GroovyMain.java:109)
	at sun.reflect.NativeMethodAccessorImpl.invoke0(Native Method)
	at sun.reflect.NativeMethodAccessorImpl.invoke(NativeMethodAccessorImpl.java:62)
	at sun.reflect.DelegatingMethodAccessorImpl.invoke(DelegatingMethodAccessorImpl.java:43)
	at java.lang.reflect.Method.invoke(Method.java:498)
	at org.codehaus.groovy.tools.GroovyStarter.rootLoader(GroovyStarter.java:109)
	at org.codehaus.groovy.tools.GroovyStarter.main(GroovyStarter.java:131)
)]]></system-err>
      </testcase>
      <testcase name="Test Cases/Final Aug 2018 - PKS Automation/Registration Module/Workflow/Update Add New Employee/Special Case (OTC - PKR BO -  RO Approve)" classname="Test Cases/Final Aug 2018 - PKS Automation/Registration Module/Workflow/Update Add New Employee/Special Case (OTC - PKR BO -  RO Approve)" status="FAILED">
         <failure type="FAILED" message="(Stack trace: com.kms.katalon.core.exception.StepFailedException: Unable to set text 'CAN12201800002352' of object 'Object Repository/Final Object Repo/New Registration - Registration Module Pages/New Reg - OTC to RO/Special Case - All Related Objects/TextBox RefNo in Workbasket' (Root cause: org.openqa.selenium.ElementNotVisibleException: element not interactable
  (Session info: chrome=70.0.3538.110)
  (Driver info: chromedriver=2.43.600210 (68dcf5eebde37173d4027fa8635e332711d2874a),platform=Windows NT 6.1.7601 SP1 x86_64) (WARNING: The server did not provide any stacktrace information)
Command duration or timeout: 0 milliseconds
Build info: version: '3.7.1', revision: '8a0099a', time: '2017-11-06T21:07:36.161Z'
System info: host: 'WIN7TEST02', ip: '10.20.3.72', os.name: 'Windows 7', os.arch: 'amd64', os.version: '6.1', java.version: '1.8.0_181'
Driver info: com.kms.katalon.selenium.driver.CChromeDriver
Capabilities {acceptInsecureCerts: false, acceptSslCerts: false, applicationCacheEnabled: false, browserConnectionEnabled: false, browserName: chrome, chrome: {chromedriverVersion: 2.43.600210 (68dcf5eebde371..., userDataDir: C:\Users\Admin\AppData\Loca...}, cssSelectorsEnabled: true, databaseEnabled: false, goog:chromeOptions: {debuggerAddress: localhost:63859}, handlesAlerts: true, hasTouchScreen: false, javascriptEnabled: true, locationContextEnabled: true, mobileEmulationEnabled: false, nativeEvents: true, networkConnectionEnabled: false, pageLoadStrategy: normal, platform: XP, platformName: XP, rotatable: false, setWindowRect: true, takesHeapSnapshot: true, takesScreenshot: true, unexpectedAlertBehaviour: , unhandledPromptBehavior: , version: 70.0.3538.110, webStorageEnabled: true}
Session ID: f36e03365a9439ec7945cfc60cce6307)
	at com.kms.katalon.core.keyword.internal.KeywordMain.stepFailed(KeywordMain.groovy:32)
	at com.kms.katalon.core.webui.keyword.internal.WebUIKeywordMain.stepFailed(WebUIKeywordMain.groovy:65)
	at com.kms.katalon.core.webui.keyword.internal.WebUIKeywordMain.runKeyword(WebUIKeywordMain.groovy:27)
	at com.kms.katalon.core.webui.keyword.builtin.SetTextKeyword.setText(SetTextKeyword.groovy:65)
	at com.kms.katalon.core.webui.keyword.builtin.SetTextKeyword.execute(SetTextKeyword.groovy:37)
	at com.kms.katalon.core.keyword.internal.KeywordExecutor.executeKeywordForPlatform(KeywordExecutor.groovy:53)
	at com.kms.katalon.core.webui.keyword.WebUiBuiltInKeywords.setText(WebUiBuiltInKeywords.groovy:950)
	at com.kms.katalon.core.webui.keyword.WebUiBuiltInKeywords$setText$1.call(Unknown Source)
	at org.codehaus.groovy.runtime.callsite.CallSiteArray.defaultCall(CallSiteArray.java:48)
	at org.codehaus.groovy.runtime.callsite.AbstractCallSite.call(AbstractCallSite.java:113)
	at org.codehaus.groovy.runtime.callsite.AbstractCallSite.call(AbstractCallSite.java:133)
	at Script1536290785236.run(Script1536290785236.groovy:253)
	at com.kms.katalon.core.main.ScriptEngine.run(ScriptEngine.java:183)
	at com.kms.katalon.core.main.ScriptEngine.runScriptAsRawText(ScriptEngine.java:108)
	at com.kms.katalon.core.main.TestCaseExecutor.runScript(TestCaseExecutor.java:294)
	at com.kms.katalon.core.main.TestCaseExecutor.doExecute(TestCaseExecutor.java:285)
	at com.kms.katalon.core.main.TestCaseExecutor.processExecutionPhase(TestCaseExecutor.java:264)
	at com.kms.katalon.core.main.TestCaseExecutor.accessMainPhase(TestCaseExecutor.java:256)
	at com.kms.katalon.core.main.TestCaseExecutor.execute(TestCaseExecutor.java:200)
	at com.kms.katalon.core.main.TestSuiteExecutor.accessTestCaseMainPhase(TestSuiteExecutor.java:129)
	at com.kms.katalon.core.main.TestSuiteExecutor.accessTestSuiteMainPhase(TestSuiteExecutor.java:112)
	at com.kms.katalon.core.main.TestSuiteExecutor.execute(TestSuiteExecutor.java:81)
	at com.kms.katalon.core.main.TestCaseMain.startTestSuite(TestCaseMain.java:142)
	at com.kms.katalon.core.main.TestCaseMain$startTestSuite$0.call(Unknown Source)
	at org.codehaus.groovy.runtime.callsite.CallSiteArray.defaultCall(CallSiteArray.java:48)
	at org.codehaus.groovy.runtime.callsite.AbstractCallSite.call(AbstractCallSite.java:113)
	at org.codehaus.groovy.runtime.callsite.AbstractCallSite.call(AbstractCallSite.java:141)
	at TempTestSuite1544713124582.run(TempTestSuite1544713124582.groovy:36)
	at groovy.lang.GroovyShell.runScriptOrMainOrTestOrRunnable(GroovyShell.java:263)
	at groovy.lang.GroovyShell.run(GroovyShell.java:518)
	at groovy.lang.GroovyShell.run(GroovyShell.java:507)
	at groovy.ui.GroovyMain.processOnce(GroovyMain.java:653)
	at groovy.ui.GroovyMain.run(GroovyMain.java:384)
	at groovy.ui.GroovyMain.process(GroovyMain.java:370)
	at groovy.ui.GroovyMain.processArgs(GroovyMain.java:129)
	at groovy.ui.GroovyMain.main(GroovyMain.java:109)
	at sun.reflect.NativeMethodAccessorImpl.invoke0(Native Method)
	at sun.reflect.NativeMethodAccessorImpl.invoke(NativeMethodAccessorImpl.java:62)
	at sun.reflect.DelegatingMethodAccessorImpl.invoke(DelegatingMethodAccessorImpl.java:43)
	at java.lang.reflect.Method.invoke(Method.java:498)
	at org.codehaus.groovy.tools.GroovyStarter.rootLoader(GroovyStarter.java:109)
	at org.codehaus.groovy.tools.GroovyStarter.main(GroovyStarter.java:131)
)"/>
         <system-out><![CDATA[2018-12-14 01:24:28 - [TEST_CASE][FAILED] - Test Cases/Final Aug 2018 - PKS Automation/Registration Module/Workflow/Update Add New Employee/Special Case (OTC - PKR BO -  RO Approve): Test Cases/Final Aug 2018 - PKS Automation/Registration Module/Workflow/Update Add New Employee/Special Case (OTC - PKR BO -  RO Approve) FAILED because (of) (Stack trace: com.kms.katalon.core.exception.StepFailedException: Unable to set text 'CAN12201800002352' of object 'Object Repository/Final Object Repo/New Registration - Registration Module Pages/New Reg - OTC to RO/Special Case - All Related Objects/TextBox RefNo in Workbasket' (Root cause: org.openqa.selenium.ElementNotVisibleException: element not interactable
  (Session info: chrome=70.0.3538.110)
  (Driver info: chromedriver=2.43.600210 (68dcf5eebde37173d4027fa8635e332711d2874a),platform=Windows NT 6.1.7601 SP1 x86_64) (WARNING: The server did not provide any stacktrace information)
Command duration or timeout: 0 milliseconds
Build info: version: '3.7.1', revision: '8a0099a', time: '2017-11-06T21:07:36.161Z'
System info: host: 'WIN7TEST02', ip: '10.20.3.72', os.name: 'Windows 7', os.arch: 'amd64', os.version: '6.1', java.version: '1.8.0_181'
Driver info: com.kms.katalon.selenium.driver.CChromeDriver
Capabilities {acceptInsecureCerts: false, acceptSslCerts: false, applicationCacheEnabled: false, browserConnectionEnabled: false, browserName: chrome, chrome: {chromedriverVersion: 2.43.600210 (68dcf5eebde371..., userDataDir: C:\Users\Admin\AppData\Loca...}, cssSelectorsEnabled: true, databaseEnabled: false, goog:chromeOptions: {debuggerAddress: localhost:63859}, handlesAlerts: true, hasTouchScreen: false, javascriptEnabled: true, locationContextEnabled: true, mobileEmulationEnabled: false, nativeEvents: true, networkConnectionEnabled: false, pageLoadStrategy: normal, platform: XP, platformName: XP, rotatable: false, setWindowRect: true, takesHeapSnapshot: true, takesScreenshot: true, unexpectedAlertBehaviour: , unhandledPromptBehavior: , version: 70.0.3538.110, webStorageEnabled: true}
Session ID: f36e03365a9439ec7945cfc60cce6307)
	at com.kms.katalon.core.keyword.internal.KeywordMain.stepFailed(KeywordMain.groovy:32)
	at com.kms.katalon.core.webui.keyword.internal.WebUIKeywordMain.stepFailed(WebUIKeywordMain.groovy:65)
	at com.kms.katalon.core.webui.keyword.internal.WebUIKeywordMain.runKeyword(WebUIKeywordMain.groovy:27)
	at com.kms.katalon.core.webui.keyword.builtin.SetTextKeyword.setText(SetTextKeyword.groovy:65)
	at com.kms.katalon.core.webui.keyword.builtin.SetTextKeyword.execute(SetTextKeyword.groovy:37)
	at com.kms.katalon.core.keyword.internal.KeywordExecutor.executeKeywordForPlatform(KeywordExecutor.groovy:53)
	at com.kms.katalon.core.webui.keyword.WebUiBuiltInKeywords.setText(WebUiBuiltInKeywords.groovy:950)
	at com.kms.katalon.core.webui.keyword.WebUiBuiltInKeywords$setText$1.call(Unknown Source)
	at org.codehaus.groovy.runtime.callsite.CallSiteArray.defaultCall(CallSiteArray.java:48)
	at org.codehaus.groovy.runtime.callsite.AbstractCallSite.call(AbstractCallSite.java:113)
	at org.codehaus.groovy.runtime.callsite.AbstractCallSite.call(AbstractCallSite.java:133)
	at Script1536290785236.run(Script1536290785236.groovy:253)
	at com.kms.katalon.core.main.ScriptEngine.run(ScriptEngine.java:183)
	at com.kms.katalon.core.main.ScriptEngine.runScriptAsRawText(ScriptEngine.java:108)
	at com.kms.katalon.core.main.TestCaseExecutor.runScript(TestCaseExecutor.java:294)
	at com.kms.katalon.core.main.TestCaseExecutor.doExecute(TestCaseExecutor.java:285)
	at com.kms.katalon.core.main.TestCaseExecutor.processExecutionPhase(TestCaseExecutor.java:264)
	at com.kms.katalon.core.main.TestCaseExecutor.accessMainPhase(TestCaseExecutor.java:256)
	at com.kms.katalon.core.main.TestCaseExecutor.execute(TestCaseExecutor.java:200)
	at com.kms.katalon.core.main.TestSuiteExecutor.accessTestCaseMainPhase(TestSuiteExecutor.java:129)
	at com.kms.katalon.core.main.TestSuiteExecutor.accessTestSuiteMainPhase(TestSuiteExecutor.java:112)
	at com.kms.katalon.core.main.TestSuiteExecutor.execute(TestSuiteExecutor.java:81)
	at com.kms.katalon.core.main.TestCaseMain.startTestSuite(TestCaseMain.java:142)
	at com.kms.katalon.core.main.TestCaseMain$startTestSuite$0.call(Unknown Source)
	at org.codehaus.groovy.runtime.callsite.CallSiteArray.defaultCall(CallSiteArray.java:48)
	at org.codehaus.groovy.runtime.callsite.AbstractCallSite.call(AbstractCallSite.java:113)
	at org.codehaus.groovy.runtime.callsite.AbstractCallSite.call(AbstractCallSite.java:141)
	at TempTestSuite1544713124582.run(TempTestSuite1544713124582.groovy:36)
	at groovy.lang.GroovyShell.runScriptOrMainOrTestOrRunnable(GroovyShell.java:263)
	at groovy.lang.GroovyShell.run(GroovyShell.java:518)
	at groovy.lang.GroovyShell.run(GroovyShell.java:507)
	at groovy.ui.GroovyMain.processOnce(GroovyMain.java:653)
	at groovy.ui.GroovyMain.run(GroovyMain.java:384)
	at groovy.ui.GroovyMain.process(GroovyMain.java:370)
	at groovy.ui.GroovyMain.processArgs(GroovyMain.java:129)
	at groovy.ui.GroovyMain.main(GroovyMain.java:109)
	at sun.reflect.NativeMethodAccessorImpl.invoke0(Native Method)
	at sun.reflect.NativeMethodAccessorImpl.invoke(NativeMethodAccessorImpl.java:62)
	at sun.reflect.DelegatingMethodAccessorImpl.invoke(DelegatingMethodAccessorImpl.java:43)
	at java.lang.reflect.Method.invoke(Method.java:498)
	at org.codehaus.groovy.tools.GroovyStarter.rootLoader(GroovyStarter.java:109)
	at org.codehaus.groovy.tools.GroovyStarter.main(GroovyStarter.java:131)
)

2018-12-14 01:24:28 - [TEST_STEP][PASSED] - callTestCase: Call Test Case 'Test Cases/Final Aug 2018 - PKS Automation/Registration Module/Workflow/Update Add New Employee/Template/New Company for Update Add New' successfully

2018-12-14 01:24:28 - [TEST_CASE][PASSED] - Test Cases/Final Aug 2018 - PKS Automation/Registration Module/Workflow/Update Add New Employee/Template/New Company for Update Add New: Test Cases/Final Aug 2018 - PKS Automation/Registration Module/Workflow/Update Add New Employee/Template/New Company for Update Add New

2018-12-14 01:24:28 - [TEST_STEP][PASSED] - callTestCase: Call Test Case 'Test Cases/Final Aug 2018 - PKS Automation/Registration Module/New Registration/Form 1/Form 1 - Corporation - BHD' successfully

2018-12-14 01:24:28 - [TEST_CASE][PASSED] - Test Cases/Final Aug 2018 - PKS Automation/Registration Module/New Registration/Form 1/Form 1 - Corporation - BHD: Test Cases/Final Aug 2018 - PKS Automation/Registration Module/New Registration/Form 1/Form 1 - Corporation - BHD

2018-12-14 01:24:29 - [TEST_STEP][PASSED] - openBrowser: Browser is opened with url: ''

2018-12-14 01:24:29 - [MESSAGE][WARNING] - A browser is already opened. Closing browser and opening a new one

2018-12-14 01:24:33 - [MESSAGE][PASSED] - Browser is opened with url: ''

2018-12-14 01:24:33 - [TEST_STEP][PASSED] - navigateToUrl: Navigate to 'https://assist2-uat.perkeso.gov.my/login' successfully

2018-12-14 01:24:34 - [MESSAGE][PASSED] - Navigate to 'https://assist2-uat.perkeso.gov.my/login' successfully

2018-12-14 01:24:34 - [TEST_STEP][PASSED] - setText: Text 'johorotc1@gmail.com' is set on object 'Object Repository/Final Object Repo/Login Page/Internal User/Email Address'

2018-12-14 01:24:34 - [MESSAGE][PASSED] - Text 'johorotc1@gmail.com' is set on object 'Object Repository/Final Object Repo/Login Page/Internal User/Email Address'

2018-12-14 01:24:34 - [TEST_STEP][PASSED] - click: Object: 'Object Repository/Final Object Repo/Login Page/Internal User/Next Button' is clicked on

2018-12-14 01:24:34 - [MESSAGE][PASSED] - Object: 'Object Repository/Final Object Repo/Login Page/Internal User/Next Button' is clicked on

2018-12-14 01:24:34 - [TEST_STEP][PASSED] - delay: Delayed 1 second(s)

2018-12-14 01:24:35 - [MESSAGE][PASSED] - Delayed 1 second(s)

2018-12-14 01:24:35 - [TEST_STEP][PASSED] - setEncryptedText: Text ****** has been set on object 'Object Repository/Final Object Repo/Login Page/Internal User/Password'

2018-12-14 01:24:36 - [MESSAGE][PASSED] - Text ****** has been set on object 'Object Repository/Final Object Repo/Login Page/Internal User/Password'

2018-12-14 01:24:36 - [TEST_STEP][PASSED] - click: Object: 'Object Repository/Final Object Repo/Login Page/Internal User/Login Button' is clicked on

2018-12-14 01:24:36 - [MESSAGE][PASSED] - Object: 'Object Repository/Final Object Repo/Login Page/Internal User/Login Button' is clicked on

2018-12-14 01:24:36 - [TEST_STEP][PASSED] - delay: Delayed 1 second(s)

2018-12-14 01:24:37 - [MESSAGE][PASSED] - Delayed 1 second(s)

2018-12-14 01:24:37 - [TEST_STEP][PASSED] - Statement - Try: Delayed 2 second(s)

2018-12-14 01:24:37 - [TEST_STEP][PASSED] - Statement - Checker = false: null

2018-12-14 01:24:37 - [TEST_STEP][PASSED] - Statement - Checker = com.kms.katalon.core.webui.keyword.WebUiBuiltInKeywords.verifyElementHasAttribute(com.kms.katalon.core.testobject.ObjectRepository.findTestObject(Final Object Repo/Landing Page/BM Detecting), "href", 20, OPTIONAL): Object 'Object Repository/Final Object Repo/Landing Page/BM Detecting' has attribute 'href'

2018-12-14 01:24:38 - [MESSAGE][PASSED] - Object 'Object Repository/Final Object Repo/Landing Page/BM Detecting' has attribute 'href'

2018-12-14 01:24:38 - [TEST_STEP][PASSED] - Statement - out.println(Checker): null

2018-12-14 01:24:38 - [TEST_STEP][PASSED] - Statement - If (Checker == false): null

2018-12-14 01:24:38 - [TEST_STEP][PASSED] - Statement - Else: null

2018-12-14 01:24:38 - [TEST_STEP][PASSED] - delay: Delayed 2 second(s)

2018-12-14 01:24:40 - [MESSAGE][PASSED] - Delayed 2 second(s)

2018-12-14 01:24:40 - [TEST_STEP][PASSED] - navigateToUrl: Navigate to 'https://assist2-uat.perkeso.gov.my/web/registration/registration' successfully

2018-12-14 01:24:41 - [MESSAGE][PASSED] - Navigate to 'https://assist2-uat.perkeso.gov.my/web/registration/registration' successfully

2018-12-14 01:24:41 - [TEST_STEP][PASSED] - click: Object: 'Object Repository/Final Object Repo/New Registration - Registration Module Pages/Form 1/AEC - No' is clicked on

2018-12-14 01:24:42 - [MESSAGE][PASSED] - Object: 'Object Repository/Final Object Repo/New Registration - Registration Module Pages/Form 1/AEC - No' is clicked on

2018-12-14 01:24:42 - [TEST_STEP][PASSED] - click: Object: 'Object Repository/Final Object Repo/New Registration - Registration Module Pages/Form 1/Business Entity' is clicked on

2018-12-14 01:24:42 - [MESSAGE][PASSED] - Object: 'Object Repository/Final Object Repo/New Registration - Registration Module Pages/Form 1/Business Entity' is clicked on

2018-12-14 01:24:42 - [TEST_STEP][PASSED] - click: Object: 'Object Repository/Final Object Repo/New Registration - Registration Module Pages/Form 1/Businees Entity - Corporation' is clicked on

2018-12-14 01:24:42 - [MESSAGE][PASSED] - Object: 'Object Repository/Final Object Repo/New Registration - Registration Module Pages/Form 1/Businees Entity - Corporation' is clicked on

2018-12-14 01:24:42 - [TEST_STEP][PASSED] - delay: Delayed 1 second(s)

2018-12-14 01:24:43 - [MESSAGE][PASSED] - Delayed 1 second(s)

2018-12-14 01:24:43 - [TEST_STEP][PASSED] - click: Object: 'Object Repository/Final Object Repo/New Registration - Registration Module Pages/Form 1/Sub Business Entity' is clicked on

2018-12-14 01:24:43 - [MESSAGE][PASSED] - Object: 'Object Repository/Final Object Repo/New Registration - Registration Module Pages/Form 1/Sub Business Entity' is clicked on

2018-12-14 01:24:43 - [TEST_STEP][PASSED] - click: Object: 'Object Repository/Final Object Repo/New Registration - Registration Module Pages/Form 1/Sub Business Entity - Berhad' is clicked on

2018-12-14 01:24:43 - [MESSAGE][PASSED] - Object: 'Object Repository/Final Object Repo/New Registration - Registration Module Pages/Form 1/Sub Business Entity - Berhad' is clicked on

2018-12-14 01:24:43 - [TEST_STEP][PASSED] - delay: Delayed 1 second(s)

2018-12-14 01:24:44 - [MESSAGE][PASSED] - Delayed 1 second(s)

2018-12-14 01:24:44 - [TEST_STEP][PASSED] - setText: Text '123' is set on object 'Object Repository/Final Object Repo/New Registration - Registration Module Pages/Form 1/Registration Number'

2018-12-14 01:24:45 - [MESSAGE][PASSED] - Text '123' is set on object 'Object Repository/Final Object Repo/New Registration - Registration Module Pages/Form 1/Registration Number'

2018-12-14 01:24:45 - [TEST_STEP][PASSED] - click: Object: 'Object Repository/Final Object Repo/New Registration - Registration Module Pages/Form 1/Registred with SSM - Before Feb' is clicked on

2018-12-14 01:24:45 - [MESSAGE][PASSED] - Object: 'Object Repository/Final Object Repo/New Registration - Registration Module Pages/Form 1/Registred with SSM - Before Feb' is clicked on

2018-12-14 01:24:45 - [TEST_STEP][PASSED] - click: Object: 'Object Repository/Final Object Repo/New Registration - Registration Module Pages/Form 1/Registered As a Branch - Yes' is clicked on

2018-12-14 01:24:45 - [MESSAGE][PASSED] - Object: 'Object Repository/Final Object Repo/New Registration - Registration Module Pages/Form 1/Registered As a Branch - Yes' is clicked on

2018-12-14 01:24:45 - [TEST_STEP][PASSED] - click: Object: 'Object Repository/Final Object Repo/New Registration - Registration Module Pages/Form 1/Acknowledgement' is clicked on

2018-12-14 01:24:45 - [MESSAGE][PASSED] - Object: 'Object Repository/Final Object Repo/New Registration - Registration Module Pages/Form 1/Acknowledgement' is clicked on

2018-12-14 01:24:45 - [TEST_STEP][PASSED] - setText: Text 'perkeso' is set on object 'Object Repository/Final Object Repo/New Registration - Registration Module Pages/Form 1/Industry name'

2018-12-14 01:24:45 - [MESSAGE][PASSED] - Text 'perkeso' is set on object 'Object Repository/Final Object Repo/New Registration - Registration Module Pages/Form 1/Industry name'

2018-12-14 01:24:45 - [TEST_STEP][PASSED] - setText: Text 'perkeso1' is set on object 'Object Repository/Final Object Repo/New Registration - Registration Module Pages/Form 1/Postal Address1'

2018-12-14 01:24:46 - [MESSAGE][PASSED] - Text 'perkeso1' is set on object 'Object Repository/Final Object Repo/New Registration - Registration Module Pages/Form 1/Postal Address1'

2018-12-14 01:24:46 - [TEST_STEP][PASSED] - setText: Text 'perkeso2' is set on object 'Object Repository/Final Object Repo/New Registration - Registration Module Pages/Form 1/Postal Address2'

2018-12-14 01:24:46 - [MESSAGE][PASSED] - Text 'perkeso2' is set on object 'Object Repository/Final Object Repo/New Registration - Registration Module Pages/Form 1/Postal Address2'

2018-12-14 01:24:46 - [TEST_STEP][PASSED] - setText: Text 'perkeso3' is set on object 'Object Repository/Final Object Repo/New Registration - Registration Module Pages/Form 1/Postal Address3'

2018-12-14 01:24:46 - [MESSAGE][PASSED] - Text 'perkeso3' is set on object 'Object Repository/Final Object Repo/New Registration - Registration Module Pages/Form 1/Postal Address3'

2018-12-14 01:24:46 - [TEST_STEP][PASSED] - click: Object: 'Object Repository/Final Object Repo/New Registration - Registration Module Pages/Form 1/State' is clicked on

2018-12-14 01:24:47 - [MESSAGE][PASSED] - Object: 'Object Repository/Final Object Repo/New Registration - Registration Module Pages/Form 1/State' is clicked on

2018-12-14 01:24:47 - [TEST_STEP][PASSED] - click: Object: 'Object Repository/Final Object Repo/New Registration - Registration Module Pages/Form 1/State - Johor' is clicked on

2018-12-14 01:24:47 - [MESSAGE][PASSED] - Object: 'Object Repository/Final Object Repo/New Registration - Registration Module Pages/Form 1/State - Johor' is clicked on

2018-12-14 01:24:47 - [TEST_STEP][PASSED] - delay: Delayed 1 second(s)

2018-12-14 01:24:48 - [MESSAGE][PASSED] - Delayed 1 second(s)

2018-12-14 01:24:48 - [TEST_STEP][PASSED] - click: Object: 'Object Repository/Final Object Repo/New Registration - Registration Module Pages/Form 1/City' is clicked on

2018-12-14 01:24:48 - [MESSAGE][PASSED] - Object: 'Object Repository/Final Object Repo/New Registration - Registration Module Pages/Form 1/City' is clicked on

2018-12-14 01:24:48 - [TEST_STEP][PASSED] - setText: Text 'joh' is set on object 'Object Repository/Final Object Repo/New Registration - Registration Module Pages/Form 1/Postcode - 810'

2018-12-14 01:24:48 - [MESSAGE][PASSED] - Text 'joh' is set on object 'Object Repository/Final Object Repo/New Registration - Registration Module Pages/Form 1/Postcode - 810'

2018-12-14 01:24:48 - [TEST_STEP][PASSED] - delay: Delayed 1 second(s)

2018-12-14 01:24:49 - [MESSAGE][PASSED] - Delayed 1 second(s)

2018-12-14 01:24:49 - [TEST_STEP][PASSED] - click: Object: 'Object Repository/Final Object Repo/New Registration - Registration Module Pages/Form 1/City - Johor Bharu' is clicked on

2018-12-14 01:24:49 - [MESSAGE][PASSED] - Object: 'Object Repository/Final Object Repo/New Registration - Registration Module Pages/Form 1/City - Johor Bharu' is clicked on

2018-12-14 01:24:49 - [TEST_STEP][PASSED] - delay: Delayed 1 second(s)

2018-12-14 01:24:50 - [MESSAGE][PASSED] - Delayed 1 second(s)

2018-12-14 01:24:50 - [TEST_STEP][PASSED] - click: Object: 'Object Repository/Final Object Repo/New Registration - Registration Module Pages/Form 1/Postcode' is clicked on

2018-12-14 01:24:51 - [MESSAGE][PASSED] - Object: 'Object Repository/Final Object Repo/New Registration - Registration Module Pages/Form 1/Postcode' is clicked on

2018-12-14 01:24:51 - [TEST_STEP][PASSED] - delay: Delayed 1 second(s)

2018-12-14 01:24:52 - [MESSAGE][PASSED] - Delayed 1 second(s)

2018-12-14 01:24:52 - [TEST_STEP][PASSED] - setText: Text '810' is set on object 'Object Repository/Final Object Repo/New Registration - Registration Module Pages/Form 1/Postcode - 810'

2018-12-14 01:24:52 - [MESSAGE][PASSED] - Text '810' is set on object 'Object Repository/Final Object Repo/New Registration - Registration Module Pages/Form 1/Postcode - 810'

2018-12-14 01:24:52 - [TEST_STEP][PASSED] - delay: Delayed 3 second(s)

2018-12-14 01:24:55 - [MESSAGE][PASSED] - Delayed 3 second(s)

2018-12-14 01:24:55 - [TEST_STEP][PASSED] - click: Object: 'Object Repository/Final Object Repo/New Registration - Registration Module Pages/Form 1/Postcode - 81000' is clicked on

2018-12-14 01:24:55 - [MESSAGE][PASSED] - Object: 'Object Repository/Final Object Repo/New Registration - Registration Module Pages/Form 1/Postcode - 81000' is clicked on

2018-12-14 01:24:55 - [TEST_STEP][PASSED] - delay: Delayed 1 second(s)

2018-12-14 01:24:56 - [MESSAGE][PASSED] - Delayed 1 second(s)

2018-12-14 01:24:56 - [TEST_STEP][PASSED] - setText: Text '100' is set on object 'Object Repository/Final Object Repo/New Registration - Registration Module Pages/Form 1/P.O.BOX'

2018-12-14 01:24:56 - [MESSAGE][PASSED] - Text '100' is set on object 'Object Repository/Final Object Repo/New Registration - Registration Module Pages/Form 1/P.O.BOX'

2018-12-14 01:24:56 - [TEST_STEP][PASSED] - setText: Text '100' is set on object 'Object Repository/Final Object Repo/New Registration - Registration Module Pages/Form 1/Locked Bag No'

2018-12-14 01:24:57 - [MESSAGE][PASSED] - Text '100' is set on object 'Object Repository/Final Object Repo/New Registration - Registration Module Pages/Form 1/Locked Bag No'

2018-12-14 01:24:57 - [TEST_STEP][PASSED] - click: Object: 'Object Repository/Final Object Repo/New Registration - Registration Module Pages/Form 1/SOCSO Office Location' is clicked on

2018-12-14 01:24:57 - [MESSAGE][PASSED] - Object: 'Object Repository/Final Object Repo/New Registration - Registration Module Pages/Form 1/SOCSO Office Location' is clicked on

2018-12-14 01:24:57 - [TEST_STEP][PASSED] - click: Object: 'Object Repository/Final Object Repo/New Registration - Registration Module Pages/Form 1/SOCSO Office Location - Pejabat PERKESO Negeri Johor' is clicked on

2018-12-14 01:24:57 - [MESSAGE][PASSED] - Object: 'Object Repository/Final Object Repo/New Registration - Registration Module Pages/Form 1/SOCSO Office Location - Pejabat PERKESO Negeri Johor' is clicked on

2018-12-14 01:24:57 - [TEST_STEP][PASSED] - delay: Delayed 1 second(s)

2018-12-14 01:24:58 - [MESSAGE][PASSED] - Delayed 1 second(s)

2018-12-14 01:24:58 - [TEST_STEP][PASSED] - check: Object 'Object Repository/Final Object Repo/New Registration - Registration Module Pages/Form 1/Indusrty Address Same As Postal Address' is checked

2018-12-14 01:24:58 - [MESSAGE][PASSED] - Object 'Object Repository/Final Object Repo/New Registration - Registration Module Pages/Form 1/Indusrty Address Same As Postal Address' is checked

2018-12-14 01:24:58 - [TEST_STEP][PASSED] - delay: Delayed 3 second(s)

2018-12-14 01:25:01 - [MESSAGE][PASSED] - Delayed 3 second(s)

2018-12-14 01:25:01 - [TEST_STEP][PASSED] - click: Object: 'Object Repository/Final Object Repo/New Registration - Registration Module Pages/Form 1/Indusry Address Same As Postal Address False' is clicked on

2018-12-14 01:25:01 - [MESSAGE][PASSED] - Object: 'Object Repository/Final Object Repo/New Registration - Registration Module Pages/Form 1/Indusry Address Same As Postal Address False' is clicked on

2018-12-14 01:25:01 - [TEST_STEP][PASSED] - delay: Delayed 1 second(s)

2018-12-14 01:25:02 - [MESSAGE][PASSED] - Delayed 1 second(s)

2018-12-14 01:25:02 - [TEST_STEP][PASSED] - setText: Text 'perkeso1' is set on object 'Object Repository/Final Object Repo/New Registration - Registration Module Pages/Form 1/Industry Address1'

2018-12-14 01:25:03 - [MESSAGE][PASSED] - Text 'perkeso1' is set on object 'Object Repository/Final Object Repo/New Registration - Registration Module Pages/Form 1/Industry Address1'

2018-12-14 01:25:03 - [TEST_STEP][PASSED] - setText: Text 'perkeso2' is set on object 'Object Repository/Final Object Repo/New Registration - Registration Module Pages/Form 1/Industry Address2'

2018-12-14 01:25:03 - [MESSAGE][PASSED] - Text 'perkeso2' is set on object 'Object Repository/Final Object Repo/New Registration - Registration Module Pages/Form 1/Industry Address2'

2018-12-14 01:25:03 - [TEST_STEP][PASSED] - setText: Text 'perkeso3' is set on object 'Object Repository/Final Object Repo/New Registration - Registration Module Pages/Form 1/Industry Address3'

2018-12-14 01:25:04 - [MESSAGE][PASSED] - Text 'perkeso3' is set on object 'Object Repository/Final Object Repo/New Registration - Registration Module Pages/Form 1/Industry Address3'

2018-12-14 01:25:04 - [TEST_STEP][PASSED] - click: Object: 'Object Repository/Final Object Repo/New Registration - Registration Module Pages/Form 1/Industry State' is clicked on

2018-12-14 01:25:04 - [MESSAGE][PASSED] - Object: 'Object Repository/Final Object Repo/New Registration - Registration Module Pages/Form 1/Industry State' is clicked on

2018-12-14 01:25:04 - [TEST_STEP][PASSED] - delay: Delayed 2 second(s)

2018-12-14 01:25:06 - [MESSAGE][PASSED] - Delayed 2 second(s)

2018-12-14 01:25:06 - [TEST_STEP][PASSED] - click: Object: 'Object Repository/Final Object Repo/New Registration - Registration Module Pages/Form 1/Industry State - Johor' is clicked on

2018-12-14 01:25:06 - [MESSAGE][PASSED] - Object: 'Object Repository/Final Object Repo/New Registration - Registration Module Pages/Form 1/Industry State - Johor' is clicked on

2018-12-14 01:25:06 - [TEST_STEP][PASSED] - delay: Delayed 2 second(s)

2018-12-14 01:25:08 - [MESSAGE][PASSED] - Delayed 2 second(s)

2018-12-14 01:25:08 - [TEST_STEP][PASSED] - click: Object: 'Object Repository/Final Object Repo/New Registration - Registration Module Pages/Form 1/Industry Ciry' is clicked on

2018-12-14 01:25:08 - [MESSAGE][PASSED] - Object: 'Object Repository/Final Object Repo/New Registration - Registration Module Pages/Form 1/Industry Ciry' is clicked on

2018-12-14 01:25:08 - [TEST_STEP][PASSED] - setText: Text 'joh' is set on object 'Object Repository/Final Object Repo/New Registration - Registration Module Pages/Form 1/Industry Ciry - joh'

2018-12-14 01:25:08 - [MESSAGE][PASSED] - Text 'joh' is set on object 'Object Repository/Final Object Repo/New Registration - Registration Module Pages/Form 1/Industry Ciry - joh'

2018-12-14 01:25:08 - [TEST_STEP][PASSED] - delay: Delayed 2 second(s)

2018-12-14 01:25:10 - [MESSAGE][PASSED] - Delayed 2 second(s)

2018-12-14 01:25:10 - [TEST_STEP][PASSED] - click: Object: 'Object Repository/Final Object Repo/New Registration - Registration Module Pages/Form 1/Industy State - Johor Bharu' is clicked on

2018-12-14 01:25:11 - [MESSAGE][PASSED] - Object: 'Object Repository/Final Object Repo/New Registration - Registration Module Pages/Form 1/Industy State - Johor Bharu' is clicked on

2018-12-14 01:25:11 - [TEST_STEP][PASSED] - delay: Delayed 1 second(s)

2018-12-14 01:25:12 - [MESSAGE][PASSED] - Delayed 1 second(s)

2018-12-14 01:25:12 - [TEST_STEP][PASSED] - click: Object: 'Object Repository/Final Object Repo/New Registration - Registration Module Pages/Form 1/Indusry PostCode' is clicked on

2018-12-14 01:25:12 - [MESSAGE][PASSED] - Object: 'Object Repository/Final Object Repo/New Registration - Registration Module Pages/Form 1/Indusry PostCode' is clicked on

2018-12-14 01:25:12 - [TEST_STEP][PASSED] - delay: Delayed 1 second(s)

2018-12-14 01:25:13 - [MESSAGE][PASSED] - Delayed 1 second(s)

2018-12-14 01:25:13 - [TEST_STEP][PASSED] - setText: Text '810' is set on object 'Object Repository/Final Object Repo/New Registration - Registration Module Pages/Form 1/Insutry Post Code - 810'

2018-12-14 01:25:13 - [MESSAGE][PASSED] - Text '810' is set on object 'Object Repository/Final Object Repo/New Registration - Registration Module Pages/Form 1/Insutry Post Code - 810'

2018-12-14 01:25:13 - [TEST_STEP][PASSED] - delay: Delayed 1 second(s)

2018-12-14 01:25:14 - [MESSAGE][PASSED] - Delayed 1 second(s)

2018-12-14 01:25:14 - [TEST_STEP][PASSED] - click: Object: 'Object Repository/Final Object Repo/New Registration - Registration Module Pages/Form 1/Insutry Post Code - 81000' is clicked on

2018-12-14 01:25:14 - [MESSAGE][PASSED] - Object: 'Object Repository/Final Object Repo/New Registration - Registration Module Pages/Form 1/Insutry Post Code - 81000' is clicked on

2018-12-14 01:25:14 - [TEST_STEP][PASSED] - delay: Delayed 1 second(s)

2018-12-14 01:25:15 - [MESSAGE][PASSED] - Delayed 1 second(s)

2018-12-14 01:25:15 - [TEST_STEP][PASSED] - setText: Text '100' is set on object 'Object Repository/Final Object Repo/New Registration - Registration Module Pages/Form 1/Industry P.O.BOX'

2018-12-14 01:25:15 - [MESSAGE][PASSED] - Text '100' is set on object 'Object Repository/Final Object Repo/New Registration - Registration Module Pages/Form 1/Industry P.O.BOX'

2018-12-14 01:25:15 - [TEST_STEP][PASSED] - setText: Text '100' is set on object 'Object Repository/Final Object Repo/New Registration - Registration Module Pages/Form 1/Industry Locked Bag No'

2018-12-14 01:25:16 - [MESSAGE][PASSED] - Text '100' is set on object 'Object Repository/Final Object Repo/New Registration - Registration Module Pages/Form 1/Industry Locked Bag No'

2018-12-14 01:25:16 - [TEST_STEP][PASSED] - setText: Text '123456789' is set on object 'Object Repository/Final Object Repo/New Registration - Registration Module Pages/Form 1/Telephone No'

2018-12-14 01:25:16 - [MESSAGE][PASSED] - Text '123456789' is set on object 'Object Repository/Final Object Repo/New Registration - Registration Module Pages/Form 1/Telephone No'

2018-12-14 01:25:16 - [TEST_STEP][PASSED] - setText: Text '123456789' is set on object 'Object Repository/Final Object Repo/New Registration - Registration Module Pages/Form 1/Mobile No'

2018-12-14 01:25:16 - [MESSAGE][PASSED] - Text '123456789' is set on object 'Object Repository/Final Object Repo/New Registration - Registration Module Pages/Form 1/Mobile No'

2018-12-14 01:25:16 - [TEST_STEP][PASSED] - setText: Text '123456789' is set on object 'Object Repository/Final Object Repo/New Registration - Registration Module Pages/Form 1/Fax No'

2018-12-14 01:25:17 - [MESSAGE][PASSED] - Text '123456789' is set on object 'Object Repository/Final Object Repo/New Registration - Registration Module Pages/Form 1/Fax No'

2018-12-14 01:25:17 - [TEST_STEP][PASSED] - click: Object: 'Object Repository/Final Object Repo/New Registration - Registration Module Pages/Form 1/Industry Code' is clicked on

2018-12-14 01:25:17 - [MESSAGE][PASSED] - Object: 'Object Repository/Final Object Repo/New Registration - Registration Module Pages/Form 1/Industry Code' is clicked on

2018-12-14 01:25:17 - [TEST_STEP][PASSED] - click: Object: 'Object Repository/Final Object Repo/New Registration - Registration Module Pages/Form 1/Indudustry Code - Crops and Animal' is clicked on

2018-12-14 01:25:17 - [MESSAGE][PASSED] - Object: 'Object Repository/Final Object Repo/New Registration - Registration Module Pages/Form 1/Indudustry Code - Crops and Animal' is clicked on

2018-12-14 01:25:17 - [TEST_STEP][PASSED] - delay: Delayed 1 second(s)

2018-12-14 01:25:18 - [MESSAGE][PASSED] - Delayed 1 second(s)

2018-12-14 01:25:18 - [TEST_STEP][PASSED] - click: Object: 'Object Repository/Final Object Repo/New Registration - Registration Module Pages/Form 1/Sub Industry Code List' is clicked on

2018-12-14 01:25:18 - [MESSAGE][PASSED] - Object: 'Object Repository/Final Object Repo/New Registration - Registration Module Pages/Form 1/Sub Industry Code List' is clicked on

2018-12-14 01:25:18 - [TEST_STEP][PASSED] - click: Object: 'Object Repository/Final Object Repo/New Registration - Registration Module Pages/Form 1/Sub Industry Code List - Growing of Maize' is clicked on

2018-12-14 01:25:19 - [MESSAGE][PASSED] - Object: 'Object Repository/Final Object Repo/New Registration - Registration Module Pages/Form 1/Sub Industry Code List - Growing of Maize' is clicked on

2018-12-14 01:25:19 - [TEST_STEP][PASSED] - setText: Text 'perkeso123@gmail.com' is set on object 'Object Repository/Final Object Repo/New Registration - Registration Module Pages/Form 1/Email'

2018-12-14 01:25:19 - [MESSAGE][PASSED] - Text 'perkeso123@gmail.com' is set on object 'Object Repository/Final Object Repo/New Registration - Registration Module Pages/Form 1/Email'

2018-12-14 01:25:19 - [TEST_STEP][PASSED] - click: Object: 'Object Repository/Final Object Repo/New Registration - Registration Module Pages/Form 1/Method of Contribution Payment' is clicked on

2018-12-14 01:25:19 - [MESSAGE][PASSED] - Object: 'Object Repository/Final Object Repo/New Registration - Registration Module Pages/Form 1/Method of Contribution Payment' is clicked on

2018-12-14 01:25:19 - [TEST_STEP][PASSED] - click: Object: 'Object Repository/Final Object Repo/New Registration - Registration Module Pages/Form 1/Method of Contribution Payment - Portal' is clicked on

2018-12-14 01:25:20 - [MESSAGE][PASSED] - Object: 'Object Repository/Final Object Repo/New Registration - Registration Module Pages/Form 1/Method of Contribution Payment - Portal' is clicked on

2018-12-14 01:25:20 - [TEST_STEP][PASSED] - click: Object: 'Object Repository/Final Object Repo/New Registration - Registration Module Pages/Form 1/Servide Type' is clicked on

2018-12-14 01:25:20 - [MESSAGE][PASSED] - Object: 'Object Repository/Final Object Repo/New Registration - Registration Module Pages/Form 1/Servide Type' is clicked on

2018-12-14 01:25:20 - [TEST_STEP][PASSED] - click: Object: 'Object Repository/Final Object Repo/New Registration - Registration Module Pages/Form 1/Servide Type - Professional Bodies' is clicked on

2018-12-14 01:25:20 - [MESSAGE][PASSED] - Object: 'Object Repository/Final Object Repo/New Registration - Registration Module Pages/Form 1/Servide Type - Professional Bodies' is clicked on

2018-12-14 01:25:20 - [TEST_STEP][PASSED] - click: Object: 'Object Repository/Final Object Repo/New Registration - Registration Module Pages/Form 1/Industry Venue' is clicked on

2018-12-14 01:25:20 - [MESSAGE][PASSED] - Object: 'Object Repository/Final Object Repo/New Registration - Registration Module Pages/Form 1/Industry Venue' is clicked on

2018-12-14 01:25:20 - [TEST_STEP][PASSED] - click: Object: 'Object Repository/Final Object Repo/New Registration - Registration Module Pages/Form 1/Industry Venue -  PPN JOHOR' is clicked on

2018-12-14 01:25:20 - [MESSAGE][PASSED] - Object: 'Object Repository/Final Object Repo/New Registration - Registration Module Pages/Form 1/Industry Venue -  PPN JOHOR' is clicked on

2018-12-14 01:25:20 - [TEST_STEP][PASSED] - click: Object: 'Object Repository/Final Object Repo/New Registration - Registration Module Pages/Form 1/Save  Continue' is clicked on

2018-12-14 01:25:21 - [MESSAGE][PASSED] - Object: 'Object Repository/Final Object Repo/New Registration - Registration Module Pages/Form 1/Save  Continue' is clicked on

2018-12-14 01:25:21 - [MESSAGE][PASSED] - Call Test Case 'Test Cases/Final Aug 2018 - PKS Automation/Registration Module/New Registration/Form 1/Form 1 - Corporation - BHD' successfully

2018-12-14 01:25:21 - [TEST_STEP][PASSED] - callTestCase: Call Test Case 'Test Cases/Final Aug 2018 - PKS Automation/Registration Module/New Registration/Form 2/Add 1 Eligible' successfully

2018-12-14 01:25:21 - [TEST_CASE][PASSED] - Test Cases/Final Aug 2018 - PKS Automation/Registration Module/New Registration/Form 2/Add 1 Eligible: Test Cases/Final Aug 2018 - PKS Automation/Registration Module/New Registration/Form 2/Add 1 Eligible

2018-12-14 01:25:21 - [TEST_STEP][PASSED] - delay: Delayed 2 second(s)

2018-12-14 01:25:23 - [MESSAGE][PASSED] - Delayed 2 second(s)

2018-12-14 01:25:23 - [TEST_STEP][PASSED] - callTestCase: Call Test Case 'Test Cases/Final Aug 2018 - PKS Automation/Registration Module/New Registration/Form 2/Date Updater' successfully

2018-12-14 01:25:23 - [TEST_CASE][PASSED] - Test Cases/Final Aug 2018 - PKS Automation/Registration Module/New Registration/Form 2/Date Updater: Test Cases/Final Aug 2018 - PKS Automation/Registration Module/New Registration/Form 2/Date Updater

2018-12-14 01:25:23 - [TEST_STEP][PASSED] - Statement - TodayDate = new java.util.Date(): null

2018-12-14 01:25:23 - [TEST_STEP][PASSED] - Statement - CurrentDateNoFilter = new java.text.SimpleDateFormat(): null

2018-12-14 01:25:23 - [TEST_STEP][PASSED] - Statement - CurrentDateNoFilter.applyPattern("MM"): null

2018-12-14 01:25:23 - [TEST_STEP][PASSED] - Statement - monthContainerMatcher = java.lang.Integer.parseInt(CurrentDateNoFilter.format(TodayDate)): null

2018-12-14 01:25:23 - [TEST_STEP][PASSED] - Statement - monthContainerMatcher = monthContainerMatcher - 1: null

2018-12-14 01:25:23 - [TEST_STEP][PASSED] - Statement - CurrentMonth = monthContainerMatcher.toString(): null

2018-12-14 01:25:23 - [TEST_STEP][PASSED] - Statement - CurrentMonth = CurrentMonth: null

2018-12-14 01:25:23 - [TEST_STEP][PASSED] - Statement - CurrentDateNoFilter.applyPattern("yyyy"): null

2018-12-14 01:25:23 - [TEST_STEP][PASSED] - Statement - CurrentYear = CurrentDateNoFilter.format(TodayDate): null

2018-12-14 01:25:23 - [TEST_STEP][PASSED] - Statement - CurrentYear = CurrentYear: null

2018-12-14 01:25:23 - [TEST_STEP][PASSED] - Statement - intCurrentYear = java.lang.Integer.parseInt(CurrentDateNoFilter.format(TodayDate)): null

2018-12-14 01:25:23 - [TEST_STEP][PASSED] - Statement - eighteenYrsAgo = intCurrentYear - 18: null

2018-12-14 01:25:23 - [TEST_STEP][PASSED] - Statement - eighteenYrsBeforeThisYr = eighteenYrsAgo.toString(): null

2018-12-14 01:25:23 - [TEST_STEP][PASSED] - Statement - EighteenYrsBefore = eighteenYrsBeforeThisYr: null

2018-12-14 01:25:23 - [TEST_STEP][PASSED] - Statement - fiftysevenYrsAgo = intCurrentYear - 57: null

2018-12-14 01:25:23 - [TEST_STEP][PASSED] - Statement - fiftysevenYrsBeforeThisYr = fiftysevenYrsAgo.toString(): null

2018-12-14 01:25:23 - [TEST_STEP][PASSED] - Statement - FiftysevenYrsBefore = fiftysevenYrsBeforeThisYr: null

2018-12-14 01:25:23 - [TEST_STEP][PASSED] - Statement - leapYear = false: null

2018-12-14 01:25:23 - [TEST_STEP][PASSED] - Statement - leapYear = intCurrentYear % 4 == 0: null

2018-12-14 01:25:23 - [TEST_STEP][PASSED] - Statement - CurrentDateNoFilter.applyPattern("dd"): null

2018-12-14 01:25:23 - [TEST_STEP][PASSED] - Statement - CurrentDate = CurrentDateNoFilter.format(TodayDate): null

2018-12-14 01:25:23 - [TEST_STEP][PASSED] - Statement - CurrentDate = java.lang.Integer.parseInt(CurrentDate): null

2018-12-14 01:25:23 - [TEST_STEP][PASSED] - Statement - CurrentDate = CurrentDate: null

2018-12-14 01:25:23 - [TEST_STEP][PASSED] - Statement - CurrentDay = java.lang.Integer.parseInt(CurrentDate): null

2018-12-14 01:25:23 - [TEST_STEP][PASSED] - Statement - ConfAdder = <not implemented yet for class: org.codehaus.groovy.ast.expr.EmptyExpression>: null

2018-12-14 01:25:23 - [TEST_STEP][PASSED] - Statement - out.println(CurrentMonth): null

2018-12-14 01:25:23 - [TEST_STEP][PASSED] - Statement - out.println(CurrentDate): null

2018-12-14 01:25:23 - [TEST_STEP][PASSED] - Statement - switch (CurrentDate): null

2018-12-14 01:25:23 - [TEST_STEP][PASSED] - Statement - Default: null

2018-12-14 01:25:23 - [TEST_STEP][PASSED] - Statement - ConfAdder = true: null

2018-12-14 01:25:23 - [TEST_STEP][PASSED] - Statement - Break: null

2018-12-14 01:25:23 - [TEST_STEP][PASSED] - Statement - aDayBefore = <not implemented yet for class: org.codehaus.groovy.ast.expr.EmptyExpression>: null

2018-12-14 01:25:23 - [TEST_STEP][PASSED] - Statement - out.println(ConfAdder): null

2018-12-14 01:25:23 - [TEST_STEP][PASSED] - Statement - If (ConfAdder == true): null

2018-12-14 01:25:23 - [TEST_STEP][PASSED] - Statement - aDayBefore = CurrentDay + 1: null

2018-12-14 01:25:23 - [TEST_STEP][PASSED] - Statement - out.println(aDayBefore): null

2018-12-14 01:25:23 - [TEST_STEP][PASSED] - Statement - If (aDayBefore == 1 && CurrentMonth == 11): null

2018-12-14 01:25:23 - [TEST_STEP][PASSED] - Statement - DayBefore = aDayBefore.toString(): null

2018-12-14 01:25:23 - [TEST_STEP][PASSED] - Statement - OneDayBefore = DayBefore: null

2018-12-14 01:25:23 - [MESSAGE][PASSED] - Call Test Case 'Test Cases/Final Aug 2018 - PKS Automation/Registration Module/New Registration/Form 2/Date Updater' successfully

2018-12-14 01:25:23 - [TEST_STEP][PASSED] - delay: Delayed 1 second(s)

2018-12-14 01:25:24 - [MESSAGE][PASSED] - Delayed 1 second(s)

2018-12-14 01:25:24 - [TEST_STEP][PASSED] - Statement - CaseReferenceNo = com.kms.katalon.core.webui.keyword.WebUiBuiltInKeywords.getText(com.kms.katalon.core.testobject.ObjectRepository.findTestObject(Final Object Repo/New Registration - Registration Module Pages/Form 2/RefNo Acquiring)): Text of object 'Object Repository/Final Object Repo/New Registration - Registration Module Pages/Form 2/RefNo Acquiring' is: 'CRN12201800123326'

2018-12-14 01:25:24 - [MESSAGE][PASSED] - Text of object 'Object Repository/Final Object Repo/New Registration - Registration Module Pages/Form 2/RefNo Acquiring' is: 'CRN12201800123326'

2018-12-14 01:25:24 - [TEST_STEP][PASSED] - delay: Delayed 1 second(s)

2018-12-14 01:25:25 - [MESSAGE][PASSED] - Delayed 1 second(s)

2018-12-14 01:25:25 - [TEST_STEP][PASSED] - click: Object: 'Object Repository/Final Object Repo/New Registration - Registration Module Pages/Form 2/Add Employee Button' is clicked on

2018-12-14 01:25:25 - [MESSAGE][PASSED] - Object: 'Object Repository/Final Object Repo/New Registration - Registration Module Pages/Form 2/Add Employee Button' is clicked on

2018-12-14 01:25:25 - [TEST_STEP][PASSED] - delay: Delayed 1 second(s)

2018-12-14 01:25:26 - [MESSAGE][PASSED] - Delayed 1 second(s)

2018-12-14 01:25:26 - [TEST_STEP][PASSED] - setText: Text '010903091963' is set on object 'Object Repository/Final Object Repo/New Registration - Registration Module Pages/Form 2/NRIC Input'

2018-12-14 01:25:27 - [MESSAGE][PASSED] - Text '010903091963' is set on object 'Object Repository/Final Object Repo/New Registration - Registration Module Pages/Form 2/NRIC Input'

2018-12-14 01:25:27 - [TEST_STEP][PASSED] - click: Object: 'Object Repository/Final Object Repo/New Registration - Registration Module Pages/Form 2/button for search for IC' is clicked on

2018-12-14 01:25:27 - [MESSAGE][PASSED] - Object: 'Object Repository/Final Object Repo/New Registration - Registration Module Pages/Form 2/button for search for IC' is clicked on

2018-12-14 01:25:27 - [TEST_STEP][PASSED] - delay: Delayed 2 second(s)

2018-12-14 01:25:29 - [MESSAGE][PASSED] - Delayed 2 second(s)

2018-12-14 01:25:29 - [TEST_STEP][PASSED] - setText: Text 'Automate001 eligible 1' is set on object 'Object Repository/Final Object Repo/New Registration - Registration Module Pages/Form 2/Employee Name Input'

2018-12-14 01:25:29 - [MESSAGE][PASSED] - Text 'Automate001 eligible 1' is set on object 'Object Repository/Final Object Repo/New Registration - Registration Module Pages/Form 2/Employee Name Input'

2018-12-14 01:25:29 - [TEST_STEP][PASSED] - delay: Delayed 2 second(s)

2018-12-14 01:25:31 - [MESSAGE][PASSED] - Delayed 2 second(s)

2018-12-14 01:25:31 - [TEST_STEP][PASSED] - click: Object: 'Object Repository/Final Object Repo/New Registration - Registration Module Pages/Form 2/DatePicker Pop Up' is clicked on

2018-12-14 01:25:32 - [MESSAGE][PASSED] - Object: 'Object Repository/Final Object Repo/New Registration - Registration Module Pages/Form 2/DatePicker Pop Up' is clicked on

2018-12-14 01:25:32 - [TEST_STEP][PASSED] - click: Object: 'Object Repository/Final Object Repo/New Registration - Registration Module Pages/Form 2/DOB Month' is clicked on

2018-12-14 01:25:32 - [MESSAGE][PASSED] - Object: 'Object Repository/Final Object Repo/New Registration - Registration Module Pages/Form 2/DOB Month' is clicked on

2018-12-14 01:25:32 - [TEST_STEP][PASSED] - Statement - CurrentMonth = CurrentMonth: null

2018-12-14 01:25:32 - [TEST_STEP][PASSED] - Statement - selectMonth = new com.kms.katalon.core.testobject.TestObject(): null

2018-12-14 01:25:32 - [TEST_STEP][PASSED] - Statement - selectMonth.addProperty("xpath", EQUALS, "//body/div/div/div/select/option[@value='" + CurrentMonth + "']", true): null

2018-12-14 01:25:32 - [TEST_STEP][PASSED] - click: Object: '' is clicked on

2018-12-14 01:25:32 - [MESSAGE][PASSED] - Object: '' is clicked on

2018-12-14 01:25:32 - [TEST_STEP][PASSED] - click: Object: 'Object Repository/Final Object Repo/New Registration - Registration Module Pages/Form 2/DOB Year' is clicked on

2018-12-14 01:25:32 - [MESSAGE][PASSED] - Object: 'Object Repository/Final Object Repo/New Registration - Registration Module Pages/Form 2/DOB Year' is clicked on

2018-12-14 01:25:32 - [TEST_STEP][PASSED] - Statement - Eyearsbf = EighteenYrsBefore: null

2018-12-14 01:25:32 - [TEST_STEP][PASSED] - Statement - selectYear = new com.kms.katalon.core.testobject.TestObject(): null

2018-12-14 01:25:32 - [TEST_STEP][PASSED] - Statement - selectYear.addProperty("xpath", EQUALS, "//div/div/div/select/option[@value='" + Eyearsbf + "']", true): null

2018-12-14 01:25:32 - [TEST_STEP][PASSED] - click: Object: '' is clicked on

2018-12-14 01:25:32 - [MESSAGE][PASSED] - Object: '' is clicked on

2018-12-14 01:25:32 - [TEST_STEP][PASSED] - Statement - UpdatedSelectDate = com.kms.katalon.core.webui.keyword.WebUiBuiltInKeywords.modifyObjectProperty(com.kms.katalon.core.testobject.ObjectRepository.findTestObject(Final Object Repo/New Registration - Registration Module Pages/Form 2/DOB Date), "xpath", "equals", "//body/div/table/tbody/tr/td/a[text()="" + CurrentDate + ""]", true): Modify property of object successfully

2018-12-14 01:25:32 - [MESSAGE][PASSED] - Modify property of object successfully

2018-12-14 01:25:32 - [TEST_STEP][PASSED] - delay: Delayed 3 second(s)

2018-12-14 01:25:35 - [MESSAGE][PASSED] - Delayed 3 second(s)

2018-12-14 01:25:35 - [TEST_STEP][PASSED] - click: Object: 'Object Repository/Final Object Repo/New Registration - Registration Module Pages/Form 2/DOB Date' is clicked on

2018-12-14 01:25:35 - [MESSAGE][PASSED] - Object: 'Object Repository/Final Object Repo/New Registration - Registration Module Pages/Form 2/DOB Date' is clicked on

2018-12-14 01:25:35 - [TEST_STEP][PASSED] - delay: Delayed 2 second(s)

2018-12-14 01:25:37 - [MESSAGE][PASSED] - Delayed 2 second(s)

2018-12-14 01:25:37 - [TEST_STEP][PASSED] - click: Object: 'Object Repository/Final Object Repo/New Registration - Registration Module Pages/Form 2/EmploymentStartDate Pop Up' is clicked on

2018-12-14 01:25:38 - [MESSAGE][PASSED] - Object: 'Object Repository/Final Object Repo/New Registration - Registration Module Pages/Form 2/EmploymentStartDate Pop Up' is clicked on

2018-12-14 01:25:38 - [TEST_STEP][PASSED] - delay: Delayed 2 second(s)

2018-12-14 01:25:40 - [MESSAGE][PASSED] - Delayed 2 second(s)

2018-12-14 01:25:40 - [TEST_STEP][PASSED] - click: Object: 'Object Repository/Final Object Repo/New Registration - Registration Module Pages/Form 2/Socso Employment StartDate Month' is clicked on

2018-12-14 01:25:40 - [MESSAGE][PASSED] - Object: 'Object Repository/Final Object Repo/New Registration - Registration Module Pages/Form 2/Socso Employment StartDate Month' is clicked on

2018-12-14 01:25:40 - [TEST_STEP][PASSED] - delay: Delayed 1 second(s)

2018-12-14 01:25:41 - [MESSAGE][PASSED] - Delayed 1 second(s)

2018-12-14 01:25:41 - [TEST_STEP][PASSED] - click: Object: 'Object Repository/Final Object Repo/New Registration - Registration Module Pages/Form 2/Select Socso Employement Startdate Month' is clicked on

2018-12-14 01:25:41 - [MESSAGE][PASSED] - Object: 'Object Repository/Final Object Repo/New Registration - Registration Module Pages/Form 2/Select Socso Employement Startdate Month' is clicked on

2018-12-14 01:25:41 - [TEST_STEP][PASSED] - delay: Delayed 2 second(s)

2018-12-14 01:25:43 - [MESSAGE][PASSED] - Delayed 2 second(s)

2018-12-14 01:25:43 - [TEST_STEP][PASSED] - click: Object: 'Object Repository/Final Object Repo/New Registration - Registration Module Pages/Form 2/Socso Employment StartDate Year' is clicked on

2018-12-14 01:25:43 - [MESSAGE][PASSED] - Object: 'Object Repository/Final Object Repo/New Registration - Registration Module Pages/Form 2/Socso Employment StartDate Year' is clicked on

2018-12-14 01:25:43 - [TEST_STEP][PASSED] - delay: Delayed 1 second(s)

2018-12-14 01:25:44 - [MESSAGE][PASSED] - Delayed 1 second(s)

2018-12-14 01:25:44 - [TEST_STEP][PASSED] - click: Object: 'Object Repository/Final Object Repo/New Registration - Registration Module Pages/Form 2/Select Socso Employment Startdate Year' is clicked on

2018-12-14 01:25:44 - [MESSAGE][PASSED] - Object: 'Object Repository/Final Object Repo/New Registration - Registration Module Pages/Form 2/Select Socso Employment Startdate Year' is clicked on

2018-12-14 01:25:44 - [TEST_STEP][PASSED] - delay: Delayed 2 second(s)

2018-12-14 01:25:46 - [MESSAGE][PASSED] - Delayed 2 second(s)

2018-12-14 01:25:46 - [TEST_STEP][PASSED] - click: Object: 'Object Repository/Final Object Repo/New Registration - Registration Module Pages/Form 2/Socso Employment Start Date Day' is clicked on

2018-12-14 01:25:46 - [MESSAGE][PASSED] - Object: 'Object Repository/Final Object Repo/New Registration - Registration Module Pages/Form 2/Socso Employment Start Date Day' is clicked on

2018-12-14 01:25:46 - [TEST_STEP][PASSED] - delay: Delayed 2 second(s)

2018-12-14 01:25:48 - [MESSAGE][PASSED] - Delayed 2 second(s)

2018-12-14 01:25:48 - [TEST_STEP][PASSED] - click: Object: 'Object Repository/Final Object Repo/New Registration - Registration Module Pages/Form 2/Save Button for Add Employee' is clicked on

2018-12-14 01:25:49 - [MESSAGE][PASSED] - Object: 'Object Repository/Final Object Repo/New Registration - Registration Module Pages/Form 2/Save Button for Add Employee' is clicked on

2018-12-14 01:25:49 - [TEST_STEP][PASSED] - delay: Delayed 6 second(s)

2018-12-14 01:25:55 - [MESSAGE][PASSED] - Delayed 6 second(s)

2018-12-14 01:25:55 - [TEST_STEP][PASSED] - click: Object: 'Object Repository/Final Object Repo/New Registration - Registration Module Pages/Form 2/Save and Continue Form 2' is clicked on

2018-12-14 01:25:55 - [MESSAGE][PASSED] - Object: 'Object Repository/Final Object Repo/New Registration - Registration Module Pages/Form 2/Save and Continue Form 2' is clicked on

2018-12-14 01:25:55 - [MESSAGE][PASSED] - Call Test Case 'Test Cases/Final Aug 2018 - PKS Automation/Registration Module/New Registration/Form 2/Add 1 Eligible' successfully

2018-12-14 01:25:55 - [TEST_STEP][PASSED] - callTestCase: Call Test Case 'Test Cases/Final Aug 2018 - PKS Automation/Registration Module/New Registration/Flow of New Registration/Third Screen - Upload Supporting Doc - Preview' successfully

2018-12-14 01:25:55 - [TEST_CASE][PASSED] - Test Cases/Final Aug 2018 - PKS Automation/Registration Module/New Registration/Flow of New Registration/Third Screen - Upload Supporting Doc - Preview: Test Cases/Final Aug 2018 - PKS Automation/Registration Module/New Registration/Flow of New Registration/Third Screen - Upload Supporting Doc - Preview

2018-12-14 01:25:55 - [TEST_STEP][PASSED] - waitForPageLoad: Wait for page load successfully

2018-12-14 01:25:56 - [MESSAGE][PASSED] - Wait for page load successfully

2018-12-14 01:25:56 - [TEST_STEP][PASSED] - Statement - CaseReferenceNo = com.kms.katalon.core.webui.keyword.WebUiBuiltInKeywords.getText(com.kms.katalon.core.testobject.ObjectRepository.findTestObject(Final Object Repo/New Registration - Registration Module Pages/Third Screen - Upload Supporting Doc- Preview/RefNo Acquiring)): Text of object 'Object Repository/Final Object Repo/New Registration - Registration Module Pages/Third Screen - Upload Supporting Doc- Preview/RefNo Acquiring' is: 'CRN12201800123326'

2018-12-14 01:25:56 - [MESSAGE][PASSED] - Text of object 'Object Repository/Final Object Repo/New Registration - Registration Module Pages/Third Screen - Upload Supporting Doc- Preview/RefNo Acquiring' is: 'CRN12201800123326'

2018-12-14 01:25:56 - [TEST_STEP][PASSED] - delay: Delayed 2 second(s)

2018-12-14 01:25:58 - [MESSAGE][PASSED] - Delayed 2 second(s)

2018-12-14 01:25:58 - [TEST_STEP][PASSED] - callTestCase: Call Test Case 'Test Cases/Final Aug 2018 - PKS Automation/Common/Reference Number Setter' successfully

2018-12-14 01:25:58 - [TEST_CASE][PASSED] - Test Cases/Final Aug 2018 - PKS Automation/Common/Reference Number Setter: Test Cases/Final Aug 2018 - PKS Automation/Common/Reference Number Setter

2018-12-14 01:25:58 - [TEST_STEP][PASSED] - Statement - RefNoOldFile = new java.io.File(C://Users//Admin//Desktop//PKS//Automation Reference Point//KatalonReference.txt): null

2018-12-14 01:25:58 - [TEST_STEP][PASSED] - Statement - RefNoOldFile.delete(): null

2018-12-14 01:25:58 - [TEST_STEP][PASSED] - delay: Delayed 5 second(s)

2018-12-14 01:26:03 - [MESSAGE][PASSED] - Delayed 5 second(s)

2018-12-14 01:26:03 - [TEST_STEP][PASSED] - Statement - RefNo = new java.io.File(C://Users//Admin//Desktop//PKS//Automation Reference Point//KatalonReference.txt): null

2018-12-14 01:26:03 - [TEST_STEP][PASSED] - Statement - f2 = new java.io.FileWriter(RefNo, false): null

2018-12-14 01:26:03 - [TEST_STEP][PASSED] - Statement - f2.write(CaseReferenceNo): null

2018-12-14 01:26:03 - [TEST_STEP][PASSED] - Statement - f2.close(): null

2018-12-14 01:26:03 - [TEST_STEP][PASSED] - Statement - out.println("


" + CaseReferenceNo + "


"): null

2018-12-14 01:26:03 - [MESSAGE][PASSED] - Call Test Case 'Test Cases/Final Aug 2018 - PKS Automation/Common/Reference Number Setter' successfully

2018-12-14 01:26:03 - [TEST_STEP][PASSED] - waitForElementClickable: Object 'Object Repository/Final Object Repo/New Registration - Registration Module Pages/Third Screen - Upload Supporting Doc- Preview/Save n Continue in SIP Employee Listing Page' is clickable

2018-12-14 01:26:03 - [MESSAGE][PASSED] - Object 'Object Repository/Final Object Repo/New Registration - Registration Module Pages/Third Screen - Upload Supporting Doc- Preview/Save n Continue in SIP Employee Listing Page' is clickable

2018-12-14 01:26:03 - [TEST_STEP][PASSED] - click: Object: 'Object Repository/Final Object Repo/New Registration - Registration Module Pages/Third Screen - Upload Supporting Doc- Preview/Save n Continue in SIP Employee Listing Page' is clicked on

2018-12-14 01:26:08 - [MESSAGE][PASSED] - Object: 'Object Repository/Final Object Repo/New Registration - Registration Module Pages/Third Screen - Upload Supporting Doc- Preview/Save n Continue in SIP Employee Listing Page' is clicked on

2018-12-14 01:26:08 - [TEST_STEP][PASSED] - delay: Delayed 7 second(s)

2018-12-14 01:26:15 - [MESSAGE][PASSED] - Delayed 7 second(s)

2018-12-14 01:26:15 - [TEST_STEP][PASSED] - click: Object: 'Object Repository/Final Object Repo/New Registration - Registration Module Pages/Third Screen - Upload Supporting Doc- Preview/Add Document Button' is clicked on

2018-12-14 01:26:15 - [MESSAGE][PASSED] - Object: 'Object Repository/Final Object Repo/New Registration - Registration Module Pages/Third Screen - Upload Supporting Doc- Preview/Add Document Button' is clicked on

2018-12-14 01:26:15 - [TEST_STEP][PASSED] - delay: Delayed 30 second(s)

2018-12-14 01:26:45 - [MESSAGE][PASSED] - Delayed 30 second(s)

2018-12-14 01:26:45 - [TEST_STEP][PASSED] - click: Object: 'Object Repository/Final Object Repo/New Registration - Registration Module Pages/Third Screen - Upload Supporting Doc- Preview/Supporting Doc Please Select Drop Down' is clicked on

2018-12-14 01:26:46 - [MESSAGE][PASSED] - Object: 'Object Repository/Final Object Repo/New Registration - Registration Module Pages/Third Screen - Upload Supporting Doc- Preview/Supporting Doc Please Select Drop Down' is clicked on

2018-12-14 01:26:46 - [TEST_STEP][PASSED] - delay: Delayed 2 second(s)

2018-12-14 01:26:48 - [MESSAGE][PASSED] - Delayed 2 second(s)

2018-12-14 01:26:48 - [TEST_STEP][PASSED] - click: Object: 'Object Repository/Final Object Repo/New Registration - Registration Module Pages/Third Screen - Upload Supporting Doc- Preview/Select to Upload Form 1' is clicked on

2018-12-14 01:26:48 - [MESSAGE][PASSED] - Object: 'Object Repository/Final Object Repo/New Registration - Registration Module Pages/Third Screen - Upload Supporting Doc- Preview/Select to Upload Form 1' is clicked on

2018-12-14 01:26:48 - [TEST_STEP][PASSED] - delay: Delayed 2 second(s)

2018-12-14 01:26:50 - [MESSAGE][PASSED] - Delayed 2 second(s)

2018-12-14 01:26:50 - [TEST_STEP][PASSED] - uploadFile: File 'C:\Users\Public\Pictures\Sample Pictures\Koala.jpg' sent to object: 'Object Repository/Final Object Repo/New Registration - Registration Module Pages/Third Screen - Upload Supporting Doc- Preview/Upload File Adding'

2018-12-14 01:26:50 - [MESSAGE][PASSED] - File 'C:\Users\Public\Pictures\Sample Pictures\Koala.jpg' sent to object: 'Object Repository/Final Object Repo/New Registration - Registration Module Pages/Third Screen - Upload Supporting Doc- Preview/Upload File Adding'

2018-12-14 01:26:50 - [TEST_STEP][PASSED] - delay: Delayed 5 second(s)

2018-12-14 01:26:55 - [MESSAGE][PASSED] - Delayed 5 second(s)

2018-12-14 01:26:55 - [TEST_STEP][PASSED] - click: Object: 'Object Repository/Final Object Repo/New Registration - Registration Module Pages/Third Screen - Upload Supporting Doc- Preview/Inner Form Add Document Button' is clicked on

2018-12-14 01:26:55 - [MESSAGE][PASSED] - Object: 'Object Repository/Final Object Repo/New Registration - Registration Module Pages/Third Screen - Upload Supporting Doc- Preview/Inner Form Add Document Button' is clicked on

2018-12-14 01:26:55 - [TEST_STEP][PASSED] - delay: Delayed 3 second(s)

2018-12-14 01:26:58 - [MESSAGE][PASSED] - Delayed 3 second(s)

2018-12-14 01:26:58 - [TEST_STEP][PASSED] - click: Object: 'Object Repository/Final Object Repo/New Registration - Registration Module Pages/Third Screen - Upload Supporting Doc- Preview/Add Document Button' is clicked on

2018-12-14 01:27:00 - [MESSAGE][PASSED] - Object: 'Object Repository/Final Object Repo/New Registration - Registration Module Pages/Third Screen - Upload Supporting Doc- Preview/Add Document Button' is clicked on

2018-12-14 01:27:00 - [TEST_STEP][PASSED] - delay: Delayed 30 second(s)

2018-12-14 01:27:30 - [MESSAGE][PASSED] - Delayed 30 second(s)

2018-12-14 01:27:30 - [TEST_STEP][PASSED] - click: Object: 'Object Repository/Final Object Repo/New Registration - Registration Module Pages/Third Screen - Upload Supporting Doc- Preview/Supporting Doc Please Select Drop Down' is clicked on

2018-12-14 01:27:30 - [MESSAGE][PASSED] - Object: 'Object Repository/Final Object Repo/New Registration - Registration Module Pages/Third Screen - Upload Supporting Doc- Preview/Supporting Doc Please Select Drop Down' is clicked on

2018-12-14 01:27:30 - [TEST_STEP][PASSED] - delay: Delayed 4 second(s)

2018-12-14 01:27:34 - [MESSAGE][PASSED] - Delayed 4 second(s)

2018-12-14 01:27:34 - [TEST_STEP][PASSED] - click: Object: 'Object Repository/Final Object Repo/New Registration - Registration Module Pages/Third Screen - Upload Supporting Doc- Preview/Select to Upload Form 2' is clicked on

2018-12-14 01:27:34 - [MESSAGE][PASSED] - Object: 'Object Repository/Final Object Repo/New Registration - Registration Module Pages/Third Screen - Upload Supporting Doc- Preview/Select to Upload Form 2' is clicked on

2018-12-14 01:27:34 - [TEST_STEP][PASSED] - delay: Delayed 2 second(s)

2018-12-14 01:27:36 - [MESSAGE][PASSED] - Delayed 2 second(s)

2018-12-14 01:27:36 - [TEST_STEP][PASSED] - uploadFile: File 'C:\Users\Public\Pictures\Sample Pictures\Koala.jpg' sent to object: 'Object Repository/Final Object Repo/New Registration - Registration Module Pages/Third Screen - Upload Supporting Doc- Preview/Upload File Adding'

2018-12-14 01:27:36 - [MESSAGE][PASSED] - File 'C:\Users\Public\Pictures\Sample Pictures\Koala.jpg' sent to object: 'Object Repository/Final Object Repo/New Registration - Registration Module Pages/Third Screen - Upload Supporting Doc- Preview/Upload File Adding'

2018-12-14 01:27:36 - [TEST_STEP][PASSED] - click: Object: 'Object Repository/Final Object Repo/New Registration - Registration Module Pages/Third Screen - Upload Supporting Doc- Preview/Inner Form Add Document Button' is clicked on

2018-12-14 01:27:36 - [MESSAGE][PASSED] - Object: 'Object Repository/Final Object Repo/New Registration - Registration Module Pages/Third Screen - Upload Supporting Doc- Preview/Inner Form Add Document Button' is clicked on

2018-12-14 01:27:36 - [TEST_STEP][PASSED] - delay: Delayed 5 second(s)

2018-12-14 01:27:41 - [MESSAGE][PASSED] - Delayed 5 second(s)

2018-12-14 01:27:41 - [TEST_STEP][PASSED] - click: Object: 'Object Repository/Final Object Repo/New Registration - Registration Module Pages/Third Screen - Upload Supporting Doc- Preview/Add Document Button' is clicked on

2018-12-14 01:27:41 - [MESSAGE][PASSED] - Object: 'Object Repository/Final Object Repo/New Registration - Registration Module Pages/Third Screen - Upload Supporting Doc- Preview/Add Document Button' is clicked on

2018-12-14 01:27:41 - [TEST_STEP][PASSED] - delay: Delayed 30 second(s)

2018-12-14 01:28:11 - [MESSAGE][PASSED] - Delayed 30 second(s)

2018-12-14 01:28:11 - [TEST_STEP][PASSED] - click: Object: 'Object Repository/Final Object Repo/New Registration - Registration Module Pages/Third Screen - Upload Supporting Doc- Preview/Supporting Doc Please Select Drop Down' is clicked on

2018-12-14 01:28:12 - [MESSAGE][PASSED] - Object: 'Object Repository/Final Object Repo/New Registration - Registration Module Pages/Third Screen - Upload Supporting Doc- Preview/Supporting Doc Please Select Drop Down' is clicked on

2018-12-14 01:28:12 - [TEST_STEP][PASSED] - click: Object: 'Object Repository/Final Object Repo/New Registration - Registration Module Pages/Third Screen - Upload Supporting Doc- Preview/Select to Upload Borang SIP 1' is clicked on

2018-12-14 01:28:12 - [MESSAGE][PASSED] - Object: 'Object Repository/Final Object Repo/New Registration - Registration Module Pages/Third Screen - Upload Supporting Doc- Preview/Select to Upload Borang SIP 1' is clicked on

2018-12-14 01:28:12 - [TEST_STEP][PASSED] - delay: Delayed 2 second(s)

2018-12-14 01:28:14 - [MESSAGE][PASSED] - Delayed 2 second(s)

2018-12-14 01:28:14 - [TEST_STEP][PASSED] - uploadFile: File 'C:\Users\Public\Pictures\Sample Pictures\Koala.jpg' sent to object: 'Object Repository/Final Object Repo/New Registration - Registration Module Pages/Third Screen - Upload Supporting Doc- Preview/Upload File Adding'

2018-12-14 01:28:14 - [MESSAGE][PASSED] - File 'C:\Users\Public\Pictures\Sample Pictures\Koala.jpg' sent to object: 'Object Repository/Final Object Repo/New Registration - Registration Module Pages/Third Screen - Upload Supporting Doc- Preview/Upload File Adding'

2018-12-14 01:28:14 - [TEST_STEP][PASSED] - click: Object: 'Object Repository/Final Object Repo/New Registration - Registration Module Pages/Third Screen - Upload Supporting Doc- Preview/Inner Form Add Document Button' is clicked on

2018-12-14 01:28:14 - [MESSAGE][PASSED] - Object: 'Object Repository/Final Object Repo/New Registration - Registration Module Pages/Third Screen - Upload Supporting Doc- Preview/Inner Form Add Document Button' is clicked on

2018-12-14 01:28:14 - [TEST_STEP][PASSED] - delay: Delayed 5 second(s)

2018-12-14 01:28:19 - [MESSAGE][PASSED] - Delayed 5 second(s)

2018-12-14 01:28:19 - [TEST_STEP][PASSED] - click: Object: 'Object Repository/Final Object Repo/New Registration - Registration Module Pages/Third Screen - Upload Supporting Doc- Preview/Add Document Button' is clicked on

2018-12-14 01:28:20 - [MESSAGE][PASSED] - Object: 'Object Repository/Final Object Repo/New Registration - Registration Module Pages/Third Screen - Upload Supporting Doc- Preview/Add Document Button' is clicked on

2018-12-14 01:28:20 - [TEST_STEP][PASSED] - delay: Delayed 30 second(s)

2018-12-14 01:28:50 - [MESSAGE][PASSED] - Delayed 30 second(s)

2018-12-14 01:28:50 - [TEST_STEP][PASSED] - click: Object: 'Object Repository/Final Object Repo/New Registration - Registration Module Pages/Third Screen - Upload Supporting Doc- Preview/Supporting Doc Please Select Drop Down' is clicked on

2018-12-14 01:28:50 - [MESSAGE][PASSED] - Object: 'Object Repository/Final Object Repo/New Registration - Registration Module Pages/Third Screen - Upload Supporting Doc- Preview/Supporting Doc Please Select Drop Down' is clicked on

2018-12-14 01:28:50 - [TEST_STEP][PASSED] - delay: Delayed 3 second(s)

2018-12-14 01:28:53 - [MESSAGE][PASSED] - Delayed 3 second(s)

2018-12-14 01:28:53 - [TEST_STEP][PASSED] - click: Object: 'Object Repository/Final Object Repo/New Registration - Registration Module Pages/Third Screen - Upload Supporting Doc- Preview/Select to Upload Borang SIP 2' is clicked on

2018-12-14 01:28:53 - [MESSAGE][PASSED] - Object: 'Object Repository/Final Object Repo/New Registration - Registration Module Pages/Third Screen - Upload Supporting Doc- Preview/Select to Upload Borang SIP 2' is clicked on

2018-12-14 01:28:53 - [TEST_STEP][PASSED] - delay: Delayed 2 second(s)

2018-12-14 01:28:55 - [MESSAGE][PASSED] - Delayed 2 second(s)

2018-12-14 01:28:55 - [TEST_STEP][PASSED] - uploadFile: File 'C:\Users\Public\Pictures\Sample Pictures\Koala.jpg' sent to object: 'Object Repository/Final Object Repo/New Registration - Registration Module Pages/Third Screen - Upload Supporting Doc- Preview/Upload File Adding'

2018-12-14 01:28:55 - [MESSAGE][PASSED] - File 'C:\Users\Public\Pictures\Sample Pictures\Koala.jpg' sent to object: 'Object Repository/Final Object Repo/New Registration - Registration Module Pages/Third Screen - Upload Supporting Doc- Preview/Upload File Adding'

2018-12-14 01:28:55 - [TEST_STEP][PASSED] - delay: Delayed 5 second(s)

2018-12-14 01:29:00 - [MESSAGE][PASSED] - Delayed 5 second(s)

2018-12-14 01:29:00 - [TEST_STEP][PASSED] - click: Object: 'Object Repository/Final Object Repo/New Registration - Registration Module Pages/Third Screen - Upload Supporting Doc- Preview/Inner Form Add Document Button' is clicked on

2018-12-14 01:29:00 - [MESSAGE][PASSED] - Object: 'Object Repository/Final Object Repo/New Registration - Registration Module Pages/Third Screen - Upload Supporting Doc- Preview/Inner Form Add Document Button' is clicked on

2018-12-14 01:29:00 - [TEST_STEP][PASSED] - delay: Delayed 3 second(s)

2018-12-14 01:29:03 - [MESSAGE][PASSED] - Delayed 3 second(s)

2018-12-14 01:29:03 - [TEST_STEP][PASSED] - waitForElementClickable: Object 'Object Repository/Final Object Repo/New Registration - Registration Module Pages/Third Screen - Upload Supporting Doc- Preview/Save n Continue in Uploading Supporting Doc Page' is clickable

2018-12-14 01:29:05 - [MESSAGE][PASSED] - Object 'Object Repository/Final Object Repo/New Registration - Registration Module Pages/Third Screen - Upload Supporting Doc- Preview/Save n Continue in Uploading Supporting Doc Page' is clickable

2018-12-14 01:29:05 - [TEST_STEP][PASSED] - click: Object: 'Object Repository/Final Object Repo/New Registration - Registration Module Pages/Third Screen - Upload Supporting Doc- Preview/Save n Continue in Uploading Supporting Doc Page' is clicked on

2018-12-14 01:29:05 - [MESSAGE][PASSED] - Object: 'Object Repository/Final Object Repo/New Registration - Registration Module Pages/Third Screen - Upload Supporting Doc- Preview/Save n Continue in Uploading Supporting Doc Page' is clicked on

2018-12-14 01:29:05 - [MESSAGE][PASSED] - Call Test Case 'Test Cases/Final Aug 2018 - PKS Automation/Registration Module/New Registration/Flow of New Registration/Third Screen - Upload Supporting Doc - Preview' successfully

2018-12-14 01:29:05 - [TEST_STEP][PASSED] - callTestCase: Call Test Case 'Test Cases/Final Aug 2018 - PKS Automation/Registration Module/New Registration/Submit and Screenshot/Submit Registration and Screenshot - Copy' successfully

2018-12-14 01:29:05 - [TEST_CASE][PASSED] - Test Cases/Final Aug 2018 - PKS Automation/Registration Module/New Registration/Submit and Screenshot/Submit Registration and Screenshot - Copy: Test Cases/Final Aug 2018 - PKS Automation/Registration Module/New Registration/Submit and Screenshot/Submit Registration and Screenshot - Copy

2018-12-14 01:29:05 - [TEST_STEP][PASSED] - delay: Delayed 6 second(s)

2018-12-14 01:29:11 - [MESSAGE][PASSED] - Delayed 6 second(s)

2018-12-14 01:29:11 - [TEST_STEP][PASSED] - click: Object: 'Object Repository/Final Object Repo/New Registration - Registration Module Pages/Third Screen - Upload Supporting Doc- Preview/Preview Submit Button' is clicked on

2018-12-14 01:29:11 - [MESSAGE][PASSED] - Object: 'Object Repository/Final Object Repo/New Registration - Registration Module Pages/Third Screen - Upload Supporting Doc- Preview/Preview Submit Button' is clicked on

2018-12-14 01:29:11 - [TEST_STEP][PASSED] - delay: Delayed 2 second(s)

2018-12-14 01:29:13 - [MESSAGE][PASSED] - Delayed 2 second(s)

2018-12-14 01:29:13 - [TEST_STEP][PASSED] - click: Object: 'Object Repository/Final Object Repo/New Registration - Registration Module Pages/Third Screen - Upload Supporting Doc- Preview/Preview Submit - Confirm' is clicked on

2018-12-14 01:29:13 - [MESSAGE][PASSED] - Object: 'Object Repository/Final Object Repo/New Registration - Registration Module Pages/Third Screen - Upload Supporting Doc- Preview/Preview Submit - Confirm' is clicked on

2018-12-14 01:29:13 - [TEST_STEP][PASSED] - delay: Delayed 15 second(s)

2018-12-14 01:29:28 - [MESSAGE][PASSED] - Delayed 15 second(s)

2018-12-14 01:29:28 - [TEST_STEP][PASSED] - Statement - driver = com.kms.katalon.core.webui.driver.DriverFactory.getWebDriver(): null

2018-12-14 01:29:28 - [TEST_STEP][PASSED] - Statement - driver.manage().timeouts().implicitlyWait(10, SECONDS): null

2018-12-14 01:29:28 - [TEST_STEP][PASSED] - Statement - PresavePath = KatalonScreenshots: null

2018-12-14 01:29:28 - [TEST_STEP][PASSED] - Statement - pathPrefix = "C:\Users\Public\Pictures\Sample Pictures\Katalon Screenshots\Automate Ending Screen": null

2018-12-14 01:29:28 - [TEST_STEP][PASSED] - Statement - finalPath = <not implemented yet for class: org.codehaus.groovy.ast.expr.EmptyExpression>: null

2018-12-14 01:29:28 - [TEST_STEP][PASSED] - Statement - scrFile = driver.getScreenshotAs(FILE): null

2018-12-14 01:29:29 - [TEST_STEP][PASSED] - Statement - PreSaveFile = new java.io.File(PresavePath): null

2018-12-14 01:29:29 - [TEST_STEP][PASSED] - Statement - counter = 0: null

2018-12-14 01:29:29 - [TEST_STEP][PASSED] - Statement - If (PreSaveFile.exists()): null

2018-12-14 01:29:29 - [TEST_STEP][PASSED] - Statement - While (PreSaveFile.exists()): null

2018-12-14 01:29:29 - [TEST_STEP][PASSED] - Statement - counter = counter + 1: null

2018-12-14 01:29:29 - [TEST_STEP][PASSED] - Statement - PreSaveFile = new java.io.File(((pathPrefix + java.lang.Integer.toString(counter)) + .png)): null

2018-12-14 01:29:29 - [TEST_STEP][PASSED] - Statement - counter = counter + 1: null

2018-12-14 01:29:29 - [TEST_STEP][PASSED] - Statement - PreSaveFile = new java.io.File(((pathPrefix + java.lang.Integer.toString(counter)) + .png)): null

2018-12-14 01:29:29 - [TEST_STEP][PASSED] - Statement - counter = counter + 1: null

2018-12-14 01:29:29 - [TEST_STEP][PASSED] - Statement - PreSaveFile = new java.io.File(((pathPrefix + java.lang.Integer.toString(counter)) + .png)): null

2018-12-14 01:29:29 - [TEST_STEP][PASSED] - Statement - counter = counter + 1: null

2018-12-14 01:29:29 - [TEST_STEP][PASSED] - Statement - PreSaveFile = new java.io.File(((pathPrefix + java.lang.Integer.toString(counter)) + .png)): null

2018-12-14 01:29:29 - [TEST_STEP][PASSED] - Statement - counter = counter + 1: null

2018-12-14 01:29:29 - [TEST_STEP][PASSED] - Statement - PreSaveFile = new java.io.File(((pathPrefix + java.lang.Integer.toString(counter)) + .png)): null

2018-12-14 01:29:29 - [TEST_STEP][PASSED] - Statement - counter = counter + 1: null

2018-12-14 01:29:29 - [TEST_STEP][PASSED] - Statement - PreSaveFile = new java.io.File(((pathPrefix + java.lang.Integer.toString(counter)) + .png)): null

2018-12-14 01:29:29 - [TEST_STEP][PASSED] - Statement - counter = counter + 1: null

2018-12-14 01:29:29 - [TEST_STEP][PASSED] - Statement - PreSaveFile = new java.io.File(((pathPrefix + java.lang.Integer.toString(counter)) + .png)): null

2018-12-14 01:29:29 - [TEST_STEP][PASSED] - Statement - counter = counter + 1: null

2018-12-14 01:29:29 - [TEST_STEP][PASSED] - Statement - PreSaveFile = new java.io.File(((pathPrefix + java.lang.Integer.toString(counter)) + .png)): null

2018-12-14 01:29:29 - [TEST_STEP][PASSED] - Statement - counter = counter + 1: null

2018-12-14 01:29:29 - [TEST_STEP][PASSED] - Statement - PreSaveFile = new java.io.File(((pathPrefix + java.lang.Integer.toString(counter)) + .png)): null

2018-12-14 01:29:29 - [TEST_STEP][PASSED] - Statement - counter = counter + 1: null

2018-12-14 01:29:29 - [TEST_STEP][PASSED] - Statement - PreSaveFile = new java.io.File(((pathPrefix + java.lang.Integer.toString(counter)) + .png)): null

2018-12-14 01:29:29 - [TEST_STEP][PASSED] - Statement - counter = counter + 1: null

2018-12-14 01:29:29 - [TEST_STEP][PASSED] - Statement - PreSaveFile = new java.io.File(((pathPrefix + java.lang.Integer.toString(counter)) + .png)): null

2018-12-14 01:29:29 - [TEST_STEP][PASSED] - Statement - counter = counter + 1: null

2018-12-14 01:29:29 - [TEST_STEP][PASSED] - Statement - PreSaveFile = new java.io.File(((pathPrefix + java.lang.Integer.toString(counter)) + .png)): null

2018-12-14 01:29:29 - [TEST_STEP][PASSED] - Statement - counter = counter + 1: null

2018-12-14 01:29:29 - [TEST_STEP][PASSED] - Statement - PreSaveFile = new java.io.File(((pathPrefix + java.lang.Integer.toString(counter)) + .png)): null

2018-12-14 01:29:29 - [TEST_STEP][PASSED] - Statement - counter = counter + 1: null

2018-12-14 01:29:29 - [TEST_STEP][PASSED] - Statement - PreSaveFile = new java.io.File(((pathPrefix + java.lang.Integer.toString(counter)) + .png)): null

2018-12-14 01:29:29 - [TEST_STEP][PASSED] - Statement - counter = counter + 1: null

2018-12-14 01:29:29 - [TEST_STEP][PASSED] - Statement - PreSaveFile = new java.io.File(((pathPrefix + java.lang.Integer.toString(counter)) + .png)): null

2018-12-14 01:29:29 - [TEST_STEP][PASSED] - Statement - counter = counter + 1: null

2018-12-14 01:29:29 - [TEST_STEP][PASSED] - Statement - PreSaveFile = new java.io.File(((pathPrefix + java.lang.Integer.toString(counter)) + .png)): null

2018-12-14 01:29:29 - [TEST_STEP][PASSED] - Statement - counter = counter + 1: null

2018-12-14 01:29:29 - [TEST_STEP][PASSED] - Statement - PreSaveFile = new java.io.File(((pathPrefix + java.lang.Integer.toString(counter)) + .png)): null

2018-12-14 01:29:29 - [TEST_STEP][PASSED] - Statement - counter = counter + 1: null

2018-12-14 01:29:29 - [TEST_STEP][PASSED] - Statement - PreSaveFile = new java.io.File(((pathPrefix + java.lang.Integer.toString(counter)) + .png)): null

2018-12-14 01:29:29 - [TEST_STEP][PASSED] - Statement - counter = counter + 1: null

2018-12-14 01:29:29 - [TEST_STEP][PASSED] - Statement - PreSaveFile = new java.io.File(((pathPrefix + java.lang.Integer.toString(counter)) + .png)): null

2018-12-14 01:29:29 - [TEST_STEP][PASSED] - Statement - counter = counter + 1: null

2018-12-14 01:29:29 - [TEST_STEP][PASSED] - Statement - PreSaveFile = new java.io.File(((pathPrefix + java.lang.Integer.toString(counter)) + .png)): null

2018-12-14 01:29:29 - [TEST_STEP][PASSED] - Statement - counter = counter + 1: null

2018-12-14 01:29:29 - [TEST_STEP][PASSED] - Statement - PreSaveFile = new java.io.File(((pathPrefix + java.lang.Integer.toString(counter)) + .png)): null

2018-12-14 01:29:29 - [TEST_STEP][PASSED] - Statement - counter = counter + 1: null

2018-12-14 01:29:29 - [TEST_STEP][PASSED] - Statement - PreSaveFile = new java.io.File(((pathPrefix + java.lang.Integer.toString(counter)) + .png)): null

2018-12-14 01:29:29 - [TEST_STEP][PASSED] - Statement - counter = counter + 1: null

2018-12-14 01:29:29 - [TEST_STEP][PASSED] - Statement - PreSaveFile = new java.io.File(((pathPrefix + java.lang.Integer.toString(counter)) + .png)): null

2018-12-14 01:29:29 - [TEST_STEP][PASSED] - Statement - counter = counter + 1: null

2018-12-14 01:29:29 - [TEST_STEP][PASSED] - Statement - PreSaveFile = new java.io.File(((pathPrefix + java.lang.Integer.toString(counter)) + .png)): null

2018-12-14 01:29:29 - [TEST_STEP][PASSED] - Statement - counter = counter + 1: null

2018-12-14 01:29:29 - [TEST_STEP][PASSED] - Statement - PreSaveFile = new java.io.File(((pathPrefix + java.lang.Integer.toString(counter)) + .png)): null

2018-12-14 01:29:29 - [TEST_STEP][PASSED] - Statement - counter = counter + 1: null

2018-12-14 01:29:29 - [TEST_STEP][PASSED] - Statement - PreSaveFile = new java.io.File(((pathPrefix + java.lang.Integer.toString(counter)) + .png)): null

2018-12-14 01:29:29 - [TEST_STEP][PASSED] - Statement - counter = counter + 1: null

2018-12-14 01:29:29 - [TEST_STEP][PASSED] - Statement - PreSaveFile = new java.io.File(((pathPrefix + java.lang.Integer.toString(counter)) + .png)): null

2018-12-14 01:29:29 - [TEST_STEP][PASSED] - Statement - counter = counter + 1: null

2018-12-14 01:29:29 - [TEST_STEP][PASSED] - Statement - PreSaveFile = new java.io.File(((pathPrefix + java.lang.Integer.toString(counter)) + .png)): null

2018-12-14 01:29:29 - [TEST_STEP][PASSED] - Statement - counter = counter + 1: null

2018-12-14 01:29:29 - [TEST_STEP][PASSED] - Statement - PreSaveFile = new java.io.File(((pathPrefix + java.lang.Integer.toString(counter)) + .png)): null

2018-12-14 01:29:29 - [TEST_STEP][PASSED] - Statement - counter = counter + 1: null

2018-12-14 01:29:29 - [TEST_STEP][PASSED] - Statement - PreSaveFile = new java.io.File(((pathPrefix + java.lang.Integer.toString(counter)) + .png)): null

2018-12-14 01:29:29 - [TEST_STEP][PASSED] - Statement - counter = counter + 1: null

2018-12-14 01:29:29 - [TEST_STEP][PASSED] - Statement - PreSaveFile = new java.io.File(((pathPrefix + java.lang.Integer.toString(counter)) + .png)): null

2018-12-14 01:29:29 - [TEST_STEP][PASSED] - Statement - counter = counter + 1: null

2018-12-14 01:29:29 - [TEST_STEP][PASSED] - Statement - PreSaveFile = new java.io.File(((pathPrefix + java.lang.Integer.toString(counter)) + .png)): null

2018-12-14 01:29:29 - [TEST_STEP][PASSED] - Statement - counter = counter + 1: null

2018-12-14 01:29:29 - [TEST_STEP][PASSED] - Statement - PreSaveFile = new java.io.File(((pathPrefix + java.lang.Integer.toString(counter)) + .png)): null

2018-12-14 01:29:29 - [TEST_STEP][PASSED] - Statement - counter = counter + 1: null

2018-12-14 01:29:29 - [TEST_STEP][PASSED] - Statement - PreSaveFile = new java.io.File(((pathPrefix + java.lang.Integer.toString(counter)) + .png)): null

2018-12-14 01:29:29 - [TEST_STEP][PASSED] - Statement - counter = counter + 1: null

2018-12-14 01:29:29 - [TEST_STEP][PASSED] - Statement - PreSaveFile = new java.io.File(((pathPrefix + java.lang.Integer.toString(counter)) + .png)): null

2018-12-14 01:29:29 - [TEST_STEP][PASSED] - Statement - counter = counter + 1: null

2018-12-14 01:29:29 - [TEST_STEP][PASSED] - Statement - PreSaveFile = new java.io.File(((pathPrefix + java.lang.Integer.toString(counter)) + .png)): null

2018-12-14 01:29:29 - [TEST_STEP][PASSED] - Statement - counter = counter + 1: null

2018-12-14 01:29:29 - [TEST_STEP][PASSED] - Statement - PreSaveFile = new java.io.File(((pathPrefix + java.lang.Integer.toString(counter)) + .png)): null

2018-12-14 01:29:29 - [TEST_STEP][PASSED] - Statement - counter = counter + 1: null

2018-12-14 01:29:29 - [TEST_STEP][PASSED] - Statement - PreSaveFile = new java.io.File(((pathPrefix + java.lang.Integer.toString(counter)) + .png)): null

2018-12-14 01:29:29 - [TEST_STEP][PASSED] - Statement - counter = counter + 1: null

2018-12-14 01:29:29 - [TEST_STEP][PASSED] - Statement - PreSaveFile = new java.io.File(((pathPrefix + java.lang.Integer.toString(counter)) + .png)): null

2018-12-14 01:29:29 - [TEST_STEP][PASSED] - Statement - counter = counter + 1: null

2018-12-14 01:29:29 - [TEST_STEP][PASSED] - Statement - PreSaveFile = new java.io.File(((pathPrefix + java.lang.Integer.toString(counter)) + .png)): null

2018-12-14 01:29:29 - [TEST_STEP][PASSED] - Statement - counter = counter + 1: null

2018-12-14 01:29:29 - [TEST_STEP][PASSED] - Statement - PreSaveFile = new java.io.File(((pathPrefix + java.lang.Integer.toString(counter)) + .png)): null

2018-12-14 01:29:29 - [TEST_STEP][PASSED] - Statement - counter = counter + 1: null

2018-12-14 01:29:29 - [TEST_STEP][PASSED] - Statement - PreSaveFile = new java.io.File(((pathPrefix + java.lang.Integer.toString(counter)) + .png)): null

2018-12-14 01:29:29 - [TEST_STEP][PASSED] - Statement - counter = counter + 1: null

2018-12-14 01:29:29 - [TEST_STEP][PASSED] - Statement - PreSaveFile = new java.io.File(((pathPrefix + java.lang.Integer.toString(counter)) + .png)): null

2018-12-14 01:29:29 - [TEST_STEP][PASSED] - Statement - counter = counter + 1: null

2018-12-14 01:29:29 - [TEST_STEP][PASSED] - Statement - PreSaveFile = new java.io.File(((pathPrefix + java.lang.Integer.toString(counter)) + .png)): null

2018-12-14 01:29:29 - [TEST_STEP][PASSED] - Statement - counter = counter + 1: null

2018-12-14 01:29:29 - [TEST_STEP][PASSED] - Statement - PreSaveFile = new java.io.File(((pathPrefix + java.lang.Integer.toString(counter)) + .png)): null

2018-12-14 01:29:29 - [TEST_STEP][PASSED] - Statement - counter = counter + 1: null

2018-12-14 01:29:29 - [TEST_STEP][PASSED] - Statement - PreSaveFile = new java.io.File(((pathPrefix + java.lang.Integer.toString(counter)) + .png)): null

2018-12-14 01:29:29 - [TEST_STEP][PASSED] - Statement - counter = counter + 1: null

2018-12-14 01:29:29 - [TEST_STEP][PASSED] - Statement - PreSaveFile = new java.io.File(((pathPrefix + java.lang.Integer.toString(counter)) + .png)): null

2018-12-14 01:29:29 - [TEST_STEP][PASSED] - Statement - counter = counter + 1: null

2018-12-14 01:29:29 - [TEST_STEP][PASSED] - Statement - PreSaveFile = new java.io.File(((pathPrefix + java.lang.Integer.toString(counter)) + .png)): null

2018-12-14 01:29:29 - [TEST_STEP][PASSED] - Statement - counter = counter + 1: null

2018-12-14 01:29:29 - [TEST_STEP][PASSED] - Statement - PreSaveFile = new java.io.File(((pathPrefix + java.lang.Integer.toString(counter)) + .png)): null

2018-12-14 01:29:29 - [TEST_STEP][PASSED] - Statement - counter = counter + 1: null

2018-12-14 01:29:29 - [TEST_STEP][PASSED] - Statement - PreSaveFile = new java.io.File(((pathPrefix + java.lang.Integer.toString(counter)) + .png)): null

2018-12-14 01:29:29 - [TEST_STEP][PASSED] - Statement - counter = counter + 1: null

2018-12-14 01:29:29 - [TEST_STEP][PASSED] - Statement - PreSaveFile = new java.io.File(((pathPrefix + java.lang.Integer.toString(counter)) + .png)): null

2018-12-14 01:29:29 - [TEST_STEP][PASSED] - Statement - counter = counter + 1: null

2018-12-14 01:29:29 - [TEST_STEP][PASSED] - Statement - PreSaveFile = new java.io.File(((pathPrefix + java.lang.Integer.toString(counter)) + .png)): null

2018-12-14 01:29:29 - [TEST_STEP][PASSED] - Statement - counter = counter + 1: null

2018-12-14 01:29:29 - [TEST_STEP][PASSED] - Statement - PreSaveFile = new java.io.File(((pathPrefix + java.lang.Integer.toString(counter)) + .png)): null

2018-12-14 01:29:29 - [TEST_STEP][PASSED] - Statement - counter = counter + 1: null

2018-12-14 01:29:29 - [TEST_STEP][PASSED] - Statement - PreSaveFile = new java.io.File(((pathPrefix + java.lang.Integer.toString(counter)) + .png)): null

2018-12-14 01:29:29 - [TEST_STEP][PASSED] - Statement - counter = counter + 1: null

2018-12-14 01:29:29 - [TEST_STEP][PASSED] - Statement - PreSaveFile = new java.io.File(((pathPrefix + java.lang.Integer.toString(counter)) + .png)): null

2018-12-14 01:29:29 - [TEST_STEP][PASSED] - Statement - counter = counter + 1: null

2018-12-14 01:29:29 - [TEST_STEP][PASSED] - Statement - PreSaveFile = new java.io.File(((pathPrefix + java.lang.Integer.toString(counter)) + .png)): null

2018-12-14 01:29:29 - [TEST_STEP][PASSED] - Statement - counter = counter + 1: null

2018-12-14 01:29:29 - [TEST_STEP][PASSED] - Statement - PreSaveFile = new java.io.File(((pathPrefix + java.lang.Integer.toString(counter)) + .png)): null

2018-12-14 01:29:29 - [TEST_STEP][PASSED] - Statement - counter = counter + 1: null

2018-12-14 01:29:29 - [TEST_STEP][PASSED] - Statement - PreSaveFile = new java.io.File(((pathPrefix + java.lang.Integer.toString(counter)) + .png)): null

2018-12-14 01:29:29 - [TEST_STEP][PASSED] - Statement - counter = counter + 1: null

2018-12-14 01:29:29 - [TEST_STEP][PASSED] - Statement - PreSaveFile = new java.io.File(((pathPrefix + java.lang.Integer.toString(counter)) + .png)): null

2018-12-14 01:29:29 - [TEST_STEP][PASSED] - Statement - counter = counter + 1: null

2018-12-14 01:29:29 - [TEST_STEP][PASSED] - Statement - PreSaveFile = new java.io.File(((pathPrefix + java.lang.Integer.toString(counter)) + .png)): null

2018-12-14 01:29:29 - [TEST_STEP][PASSED] - Statement - counter = counter + 1: null

2018-12-14 01:29:29 - [TEST_STEP][PASSED] - Statement - PreSaveFile = new java.io.File(((pathPrefix + java.lang.Integer.toString(counter)) + .png)): null

2018-12-14 01:29:29 - [TEST_STEP][PASSED] - Statement - counter = counter + 1: null

2018-12-14 01:29:29 - [TEST_STEP][PASSED] - Statement - PreSaveFile = new java.io.File(((pathPrefix + java.lang.Integer.toString(counter)) + .png)): null

2018-12-14 01:29:29 - [TEST_STEP][PASSED] - Statement - counter = counter + 1: null

2018-12-14 01:29:29 - [TEST_STEP][PASSED] - Statement - PreSaveFile = new java.io.File(((pathPrefix + java.lang.Integer.toString(counter)) + .png)): null

2018-12-14 01:29:29 - [TEST_STEP][PASSED] - Statement - counter = counter + 1: null

2018-12-14 01:29:29 - [TEST_STEP][PASSED] - Statement - PreSaveFile = new java.io.File(((pathPrefix + java.lang.Integer.toString(counter)) + .png)): null

2018-12-14 01:29:29 - [TEST_STEP][PASSED] - Statement - counter = counter + 1: null

2018-12-14 01:29:29 - [TEST_STEP][PASSED] - Statement - PreSaveFile = new java.io.File(((pathPrefix + java.lang.Integer.toString(counter)) + .png)): null

2018-12-14 01:29:29 - [TEST_STEP][PASSED] - Statement - counter = counter + 1: null

2018-12-14 01:29:29 - [TEST_STEP][PASSED] - Statement - PreSaveFile = new java.io.File(((pathPrefix + java.lang.Integer.toString(counter)) + .png)): null

2018-12-14 01:29:29 - [TEST_STEP][PASSED] - Statement - counter = counter + 1: null

2018-12-14 01:29:29 - [TEST_STEP][PASSED] - Statement - PreSaveFile = new java.io.File(((pathPrefix + java.lang.Integer.toString(counter)) + .png)): null

2018-12-14 01:29:29 - [TEST_STEP][PASSED] - Statement - counter = counter + 1: null

2018-12-14 01:29:29 - [TEST_STEP][PASSED] - Statement - PreSaveFile = new java.io.File(((pathPrefix + java.lang.Integer.toString(counter)) + .png)): null

2018-12-14 01:29:29 - [TEST_STEP][PASSED] - Statement - counter = counter + 1: null

2018-12-14 01:29:29 - [TEST_STEP][PASSED] - Statement - PreSaveFile = new java.io.File(((pathPrefix + java.lang.Integer.toString(counter)) + .png)): null

2018-12-14 01:29:29 - [TEST_STEP][PASSED] - Statement - counter = counter + 1: null

2018-12-14 01:29:29 - [TEST_STEP][PASSED] - Statement - PreSaveFile = new java.io.File(((pathPrefix + java.lang.Integer.toString(counter)) + .png)): null

2018-12-14 01:29:29 - [TEST_STEP][PASSED] - Statement - counter = counter + 1: null

2018-12-14 01:29:29 - [TEST_STEP][PASSED] - Statement - PreSaveFile = new java.io.File(((pathPrefix + java.lang.Integer.toString(counter)) + .png)): null

2018-12-14 01:29:29 - [TEST_STEP][PASSED] - Statement - counter = counter + 1: null

2018-12-14 01:29:29 - [TEST_STEP][PASSED] - Statement - PreSaveFile = new java.io.File(((pathPrefix + java.lang.Integer.toString(counter)) + .png)): null

2018-12-14 01:29:29 - [TEST_STEP][PASSED] - Statement - counter = counter + 1: null

2018-12-14 01:29:29 - [TEST_STEP][PASSED] - Statement - PreSaveFile = new java.io.File(((pathPrefix + java.lang.Integer.toString(counter)) + .png)): null

2018-12-14 01:29:29 - [TEST_STEP][PASSED] - Statement - counter = counter + 1: null

2018-12-14 01:29:29 - [TEST_STEP][PASSED] - Statement - PreSaveFile = new java.io.File(((pathPrefix + java.lang.Integer.toString(counter)) + .png)): null

2018-12-14 01:29:29 - [TEST_STEP][PASSED] - Statement - counter = counter + 1: null

2018-12-14 01:29:29 - [TEST_STEP][PASSED] - Statement - PreSaveFile = new java.io.File(((pathPrefix + java.lang.Integer.toString(counter)) + .png)): null

2018-12-14 01:29:29 - [TEST_STEP][PASSED] - Statement - counter = counter + 1: null

2018-12-14 01:29:29 - [TEST_STEP][PASSED] - Statement - PreSaveFile = new java.io.File(((pathPrefix + java.lang.Integer.toString(counter)) + .png)): null

2018-12-14 01:29:29 - [TEST_STEP][PASSED] - Statement - counter = counter + 1: null

2018-12-14 01:29:29 - [TEST_STEP][PASSED] - Statement - PreSaveFile = new java.io.File(((pathPrefix + java.lang.Integer.toString(counter)) + .png)): null

2018-12-14 01:29:29 - [TEST_STEP][PASSED] - Statement - counter = counter + 1: null

2018-12-14 01:29:29 - [TEST_STEP][PASSED] - Statement - PreSaveFile = new java.io.File(((pathPrefix + java.lang.Integer.toString(counter)) + .png)): null

2018-12-14 01:29:29 - [TEST_STEP][PASSED] - Statement - counter = counter + 1: null

2018-12-14 01:29:29 - [TEST_STEP][PASSED] - Statement - PreSaveFile = new java.io.File(((pathPrefix + java.lang.Integer.toString(counter)) + .png)): null

2018-12-14 01:29:29 - [TEST_STEP][PASSED] - Statement - counter = counter + 1: null

2018-12-14 01:29:29 - [TEST_STEP][PASSED] - Statement - PreSaveFile = new java.io.File(((pathPrefix + java.lang.Integer.toString(counter)) + .png)): null

2018-12-14 01:29:29 - [TEST_STEP][PASSED] - Statement - counter = counter + 1: null

2018-12-14 01:29:29 - [TEST_STEP][PASSED] - Statement - PreSaveFile = new java.io.File(((pathPrefix + java.lang.Integer.toString(counter)) + .png)): null

2018-12-14 01:29:29 - [TEST_STEP][PASSED] - Statement - counter = counter + 1: null

2018-12-14 01:29:29 - [TEST_STEP][PASSED] - Statement - PreSaveFile = new java.io.File(((pathPrefix + java.lang.Integer.toString(counter)) + .png)): null

2018-12-14 01:29:29 - [TEST_STEP][PASSED] - Statement - counter = counter + 1: null

2018-12-14 01:29:29 - [TEST_STEP][PASSED] - Statement - PreSaveFile = new java.io.File(((pathPrefix + java.lang.Integer.toString(counter)) + .png)): null

2018-12-14 01:29:29 - [TEST_STEP][PASSED] - Statement - counter = counter + 1: null

2018-12-14 01:29:29 - [TEST_STEP][PASSED] - Statement - PreSaveFile = new java.io.File(((pathPrefix + java.lang.Integer.toString(counter)) + .png)): null

2018-12-14 01:29:29 - [TEST_STEP][PASSED] - Statement - counter = counter + 1: null

2018-12-14 01:29:29 - [TEST_STEP][PASSED] - Statement - PreSaveFile = new java.io.File(((pathPrefix + java.lang.Integer.toString(counter)) + .png)): null

2018-12-14 01:29:29 - [TEST_STEP][PASSED] - Statement - counter = counter + 1: null

2018-12-14 01:29:29 - [TEST_STEP][PASSED] - Statement - PreSaveFile = new java.io.File(((pathPrefix + java.lang.Integer.toString(counter)) + .png)): null

2018-12-14 01:29:29 - [TEST_STEP][PASSED] - Statement - counter = counter + 1: null

2018-12-14 01:29:29 - [TEST_STEP][PASSED] - Statement - PreSaveFile = new java.io.File(((pathPrefix + java.lang.Integer.toString(counter)) + .png)): null

2018-12-14 01:29:29 - [TEST_STEP][PASSED] - Statement - counter = counter + 1: null

2018-12-14 01:29:29 - [TEST_STEP][PASSED] - Statement - PreSaveFile = new java.io.File(((pathPrefix + java.lang.Integer.toString(counter)) + .png)): null

2018-12-14 01:29:29 - [TEST_STEP][PASSED] - Statement - counter = counter + 1: null

2018-12-14 01:29:29 - [TEST_STEP][PASSED] - Statement - PreSaveFile = new java.io.File(((pathPrefix + java.lang.Integer.toString(counter)) + .png)): null

2018-12-14 01:29:29 - [TEST_STEP][PASSED] - Statement - counter = counter + 1: null

2018-12-14 01:29:29 - [TEST_STEP][PASSED] - Statement - PreSaveFile = new java.io.File(((pathPrefix + java.lang.Integer.toString(counter)) + .png)): null

2018-12-14 01:29:29 - [TEST_STEP][PASSED] - Statement - counter = counter + 1: null

2018-12-14 01:29:29 - [TEST_STEP][PASSED] - Statement - PreSaveFile = new java.io.File(((pathPrefix + java.lang.Integer.toString(counter)) + .png)): null

2018-12-14 01:29:29 - [TEST_STEP][PASSED] - Statement - counter = counter + 1: null

2018-12-14 01:29:29 - [TEST_STEP][PASSED] - Statement - PreSaveFile = new java.io.File(((pathPrefix + java.lang.Integer.toString(counter)) + .png)): null

2018-12-14 01:29:29 - [TEST_STEP][PASSED] - Statement - counter = counter + 1: null

2018-12-14 01:29:29 - [TEST_STEP][PASSED] - Statement - PreSaveFile = new java.io.File(((pathPrefix + java.lang.Integer.toString(counter)) + .png)): null

2018-12-14 01:29:29 - [TEST_STEP][PASSED] - Statement - counter = counter + 1: null

2018-12-14 01:29:29 - [TEST_STEP][PASSED] - Statement - PreSaveFile = new java.io.File(((pathPrefix + java.lang.Integer.toString(counter)) + .png)): null

2018-12-14 01:29:29 - [TEST_STEP][PASSED] - Statement - counter = counter + 1: null

2018-12-14 01:29:29 - [TEST_STEP][PASSED] - Statement - PreSaveFile = new java.io.File(((pathPrefix + java.lang.Integer.toString(counter)) + .png)): null

2018-12-14 01:29:29 - [TEST_STEP][PASSED] - Statement - counter = counter + 1: null

2018-12-14 01:29:29 - [TEST_STEP][PASSED] - Statement - PreSaveFile = new java.io.File(((pathPrefix + java.lang.Integer.toString(counter)) + .png)): null

2018-12-14 01:29:29 - [TEST_STEP][PASSED] - Statement - counter = counter + 1: null

2018-12-14 01:29:29 - [TEST_STEP][PASSED] - Statement - PreSaveFile = new java.io.File(((pathPrefix + java.lang.Integer.toString(counter)) + .png)): null

2018-12-14 01:29:29 - [TEST_STEP][PASSED] - Statement - counter = counter + 1: null

2018-12-14 01:29:29 - [TEST_STEP][PASSED] - Statement - PreSaveFile = new java.io.File(((pathPrefix + java.lang.Integer.toString(counter)) + .png)): null

2018-12-14 01:29:29 - [TEST_STEP][PASSED] - Statement - counter = counter + 1: null

2018-12-14 01:29:29 - [TEST_STEP][PASSED] - Statement - PreSaveFile = new java.io.File(((pathPrefix + java.lang.Integer.toString(counter)) + .png)): null

2018-12-14 01:29:29 - [TEST_STEP][PASSED] - Statement - counter = counter + 1: null

2018-12-14 01:29:29 - [TEST_STEP][PASSED] - Statement - PreSaveFile = new java.io.File(((pathPrefix + java.lang.Integer.toString(counter)) + .png)): null

2018-12-14 01:29:29 - [TEST_STEP][PASSED] - Statement - counter = counter + 1: null

2018-12-14 01:29:29 - [TEST_STEP][PASSED] - Statement - PreSaveFile = new java.io.File(((pathPrefix + java.lang.Integer.toString(counter)) + .png)): null

2018-12-14 01:29:29 - [TEST_STEP][PASSED] - Statement - counter = counter + 1: null

2018-12-14 01:29:29 - [TEST_STEP][PASSED] - Statement - PreSaveFile = new java.io.File(((pathPrefix + java.lang.Integer.toString(counter)) + .png)): null

2018-12-14 01:29:29 - [TEST_STEP][PASSED] - Statement - counter = counter + 1: null

2018-12-14 01:29:29 - [TEST_STEP][PASSED] - Statement - PreSaveFile = new java.io.File(((pathPrefix + java.lang.Integer.toString(counter)) + .png)): null

2018-12-14 01:29:29 - [TEST_STEP][PASSED] - Statement - counter = counter + 1: null

2018-12-14 01:29:29 - [TEST_STEP][PASSED] - Statement - PreSaveFile = new java.io.File(((pathPrefix + java.lang.Integer.toString(counter)) + .png)): null

2018-12-14 01:29:29 - [TEST_STEP][PASSED] - Statement - counter = counter + 1: null

2018-12-14 01:29:29 - [TEST_STEP][PASSED] - Statement - PreSaveFile = new java.io.File(((pathPrefix + java.lang.Integer.toString(counter)) + .png)): null

2018-12-14 01:29:29 - [TEST_STEP][PASSED] - Statement - counter = counter + 1: null

2018-12-14 01:29:29 - [TEST_STEP][PASSED] - Statement - PreSaveFile = new java.io.File(((pathPrefix + java.lang.Integer.toString(counter)) + .png)): null

2018-12-14 01:29:29 - [TEST_STEP][PASSED] - Statement - counter = counter + 1: null

2018-12-14 01:29:29 - [TEST_STEP][PASSED] - Statement - PreSaveFile = new java.io.File(((pathPrefix + java.lang.Integer.toString(counter)) + .png)): null

2018-12-14 01:29:29 - [TEST_STEP][PASSED] - Statement - counter = counter + 1: null

2018-12-14 01:29:29 - [TEST_STEP][PASSED] - Statement - PreSaveFile = new java.io.File(((pathPrefix + java.lang.Integer.toString(counter)) + .png)): null

2018-12-14 01:29:29 - [TEST_STEP][PASSED] - Statement - counter = counter + 1: null

2018-12-14 01:29:29 - [TEST_STEP][PASSED] - Statement - PreSaveFile = new java.io.File(((pathPrefix + java.lang.Integer.toString(counter)) + .png)): null

2018-12-14 01:29:29 - [TEST_STEP][PASSED] - Statement - counter = counter + 1: null

2018-12-14 01:29:29 - [TEST_STEP][PASSED] - Statement - PreSaveFile = new java.io.File(((pathPrefix + java.lang.Integer.toString(counter)) + .png)): null

2018-12-14 01:29:29 - [TEST_STEP][PASSED] - Statement - counter = counter + 1: null

2018-12-14 01:29:29 - [TEST_STEP][PASSED] - Statement - PreSaveFile = new java.io.File(((pathPrefix + java.lang.Integer.toString(counter)) + .png)): null

2018-12-14 01:29:29 - [TEST_STEP][PASSED] - Statement - counter = counter + 1: null

2018-12-14 01:29:29 - [TEST_STEP][PASSED] - Statement - PreSaveFile = new java.io.File(((pathPrefix + java.lang.Integer.toString(counter)) + .png)): null

2018-12-14 01:29:29 - [TEST_STEP][PASSED] - Statement - counter = counter + 1: null

2018-12-14 01:29:29 - [TEST_STEP][PASSED] - Statement - PreSaveFile = new java.io.File(((pathPrefix + java.lang.Integer.toString(counter)) + .png)): null

2018-12-14 01:29:29 - [TEST_STEP][PASSED] - Statement - counter = counter + 1: null

2018-12-14 01:29:29 - [TEST_STEP][PASSED] - Statement - PreSaveFile = new java.io.File(((pathPrefix + java.lang.Integer.toString(counter)) + .png)): null

2018-12-14 01:29:29 - [TEST_STEP][PASSED] - Statement - counter = counter + 1: null

2018-12-14 01:29:29 - [TEST_STEP][PASSED] - Statement - PreSaveFile = new java.io.File(((pathPrefix + java.lang.Integer.toString(counter)) + .png)): null

2018-12-14 01:29:29 - [TEST_STEP][PASSED] - Statement - counter = counter + 1: null

2018-12-14 01:29:29 - [TEST_STEP][PASSED] - Statement - PreSaveFile = new java.io.File(((pathPrefix + java.lang.Integer.toString(counter)) + .png)): null

2018-12-14 01:29:29 - [TEST_STEP][PASSED] - Statement - counter = counter + 1: null

2018-12-14 01:29:29 - [TEST_STEP][PASSED] - Statement - PreSaveFile = new java.io.File(((pathPrefix + java.lang.Integer.toString(counter)) + .png)): null

2018-12-14 01:29:29 - [TEST_STEP][PASSED] - Statement - counter = counter + 1: null

2018-12-14 01:29:29 - [TEST_STEP][PASSED] - Statement - PreSaveFile = new java.io.File(((pathPrefix + java.lang.Integer.toString(counter)) + .png)): null

2018-12-14 01:29:29 - [TEST_STEP][PASSED] - Statement - counter = counter + 1: null

2018-12-14 01:29:29 - [TEST_STEP][PASSED] - Statement - PreSaveFile = new java.io.File(((pathPrefix + java.lang.Integer.toString(counter)) + .png)): null

2018-12-14 01:29:29 - [TEST_STEP][PASSED] - Statement - counter = counter + 1: null

2018-12-14 01:29:29 - [TEST_STEP][PASSED] - Statement - PreSaveFile = new java.io.File(((pathPrefix + java.lang.Integer.toString(counter)) + .png)): null

2018-12-14 01:29:29 - [TEST_STEP][PASSED] - Statement - counter = counter + 1: null

2018-12-14 01:29:29 - [TEST_STEP][PASSED] - Statement - PreSaveFile = new java.io.File(((pathPrefix + java.lang.Integer.toString(counter)) + .png)): null

2018-12-14 01:29:29 - [TEST_STEP][PASSED] - Statement - counter = counter + 1: null

2018-12-14 01:29:29 - [TEST_STEP][PASSED] - Statement - PreSaveFile = new java.io.File(((pathPrefix + java.lang.Integer.toString(counter)) + .png)): null

2018-12-14 01:29:29 - [TEST_STEP][PASSED] - Statement - counter = counter + 1: null

2018-12-14 01:29:29 - [TEST_STEP][PASSED] - Statement - PreSaveFile = new java.io.File(((pathPrefix + java.lang.Integer.toString(counter)) + .png)): null

2018-12-14 01:29:29 - [TEST_STEP][PASSED] - Statement - counter = counter + 1: null

2018-12-14 01:29:29 - [TEST_STEP][PASSED] - Statement - PreSaveFile = new java.io.File(((pathPrefix + java.lang.Integer.toString(counter)) + .png)): null

2018-12-14 01:29:29 - [TEST_STEP][PASSED] - Statement - counter = counter + 1: null

2018-12-14 01:29:29 - [TEST_STEP][PASSED] - Statement - PreSaveFile = new java.io.File(((pathPrefix + java.lang.Integer.toString(counter)) + .png)): null

2018-12-14 01:29:29 - [TEST_STEP][PASSED] - Statement - counter = counter + 1: null

2018-12-14 01:29:29 - [TEST_STEP][PASSED] - Statement - PreSaveFile = new java.io.File(((pathPrefix + java.lang.Integer.toString(counter)) + .png)): null

2018-12-14 01:29:29 - [TEST_STEP][PASSED] - Statement - counter = counter + 1: null

2018-12-14 01:29:29 - [TEST_STEP][PASSED] - Statement - PreSaveFile = new java.io.File(((pathPrefix + java.lang.Integer.toString(counter)) + .png)): null

2018-12-14 01:29:29 - [TEST_STEP][PASSED] - Statement - counter = counter + 1: null

2018-12-14 01:29:29 - [TEST_STEP][PASSED] - Statement - PreSaveFile = new java.io.File(((pathPrefix + java.lang.Integer.toString(counter)) + .png)): null

2018-12-14 01:29:29 - [TEST_STEP][PASSED] - Statement - counter = counter + 1: null

2018-12-14 01:29:29 - [TEST_STEP][PASSED] - Statement - PreSaveFile = new java.io.File(((pathPrefix + java.lang.Integer.toString(counter)) + .png)): null

2018-12-14 01:29:29 - [TEST_STEP][PASSED] - Statement - counter = counter + 1: null

2018-12-14 01:29:29 - [TEST_STEP][PASSED] - Statement - PreSaveFile = new java.io.File(((pathPrefix + java.lang.Integer.toString(counter)) + .png)): null

2018-12-14 01:29:29 - [TEST_STEP][PASSED] - Statement - counter = counter + 1: null

2018-12-14 01:29:29 - [TEST_STEP][PASSED] - Statement - PreSaveFile = new java.io.File(((pathPrefix + java.lang.Integer.toString(counter)) + .png)): null

2018-12-14 01:29:29 - [TEST_STEP][PASSED] - Statement - counter = counter + 1: null

2018-12-14 01:29:29 - [TEST_STEP][PASSED] - Statement - PreSaveFile = new java.io.File(((pathPrefix + java.lang.Integer.toString(counter)) + .png)): null

2018-12-14 01:29:29 - [TEST_STEP][PASSED] - Statement - counter = counter + 1: null

2018-12-14 01:29:29 - [TEST_STEP][PASSED] - Statement - PreSaveFile = new java.io.File(((pathPrefix + java.lang.Integer.toString(counter)) + .png)): null

2018-12-14 01:29:29 - [TEST_STEP][PASSED] - Statement - counter = counter + 1: null

2018-12-14 01:29:29 - [TEST_STEP][PASSED] - Statement - PreSaveFile = new java.io.File(((pathPrefix + java.lang.Integer.toString(counter)) + .png)): null

2018-12-14 01:29:29 - [TEST_STEP][PASSED] - Statement - counter = counter + 1: null

2018-12-14 01:29:29 - [TEST_STEP][PASSED] - Statement - PreSaveFile = new java.io.File(((pathPrefix + java.lang.Integer.toString(counter)) + .png)): null

2018-12-14 01:29:29 - [TEST_STEP][PASSED] - Statement - counter = counter + 1: null

2018-12-14 01:29:29 - [TEST_STEP][PASSED] - Statement - PreSaveFile = new java.io.File(((pathPrefix + java.lang.Integer.toString(counter)) + .png)): null

2018-12-14 01:29:29 - [TEST_STEP][PASSED] - Statement - counter = counter + 1: null

2018-12-14 01:29:29 - [TEST_STEP][PASSED] - Statement - PreSaveFile = new java.io.File(((pathPrefix + java.lang.Integer.toString(counter)) + .png)): null

2018-12-14 01:29:29 - [TEST_STEP][PASSED] - Statement - counter = counter + 1: null

2018-12-14 01:29:29 - [TEST_STEP][PASSED] - Statement - PreSaveFile = new java.io.File(((pathPrefix + java.lang.Integer.toString(counter)) + .png)): null

2018-12-14 01:29:29 - [TEST_STEP][PASSED] - Statement - counter = counter + 1: null

2018-12-14 01:29:29 - [TEST_STEP][PASSED] - Statement - PreSaveFile = new java.io.File(((pathPrefix + java.lang.Integer.toString(counter)) + .png)): null

2018-12-14 01:29:29 - [TEST_STEP][PASSED] - Statement - counter = counter + 1: null

2018-12-14 01:29:29 - [TEST_STEP][PASSED] - Statement - PreSaveFile = new java.io.File(((pathPrefix + java.lang.Integer.toString(counter)) + .png)): null

2018-12-14 01:29:29 - [TEST_STEP][PASSED] - Statement - counter = counter + 1: null

2018-12-14 01:29:29 - [TEST_STEP][PASSED] - Statement - PreSaveFile = new java.io.File(((pathPrefix + java.lang.Integer.toString(counter)) + .png)): null

2018-12-14 01:29:29 - [TEST_STEP][PASSED] - Statement - counter = counter + 1: null

2018-12-14 01:29:29 - [TEST_STEP][PASSED] - Statement - PreSaveFile = new java.io.File(((pathPrefix + java.lang.Integer.toString(counter)) + .png)): null

2018-12-14 01:29:29 - [TEST_STEP][PASSED] - Statement - counter = counter + 1: null

2018-12-14 01:29:29 - [TEST_STEP][PASSED] - Statement - PreSaveFile = new java.io.File(((pathPrefix + java.lang.Integer.toString(counter)) + .png)): null

2018-12-14 01:29:29 - [TEST_STEP][PASSED] - Statement - counter = counter + 1: null

2018-12-14 01:29:29 - [TEST_STEP][PASSED] - Statement - PreSaveFile = new java.io.File(((pathPrefix + java.lang.Integer.toString(counter)) + .png)): null

2018-12-14 01:29:29 - [TEST_STEP][PASSED] - Statement - counter = counter + 1: null

2018-12-14 01:29:29 - [TEST_STEP][PASSED] - Statement - PreSaveFile = new java.io.File(((pathPrefix + java.lang.Integer.toString(counter)) + .png)): null

2018-12-14 01:29:29 - [TEST_STEP][PASSED] - Statement - counter = counter + 1: null

2018-12-14 01:29:29 - [TEST_STEP][PASSED] - Statement - PreSaveFile = new java.io.File(((pathPrefix + java.lang.Integer.toString(counter)) + .png)): null

2018-12-14 01:29:29 - [TEST_STEP][PASSED] - Statement - counter = counter + 1: null

2018-12-14 01:29:29 - [TEST_STEP][PASSED] - Statement - PreSaveFile = new java.io.File(((pathPrefix + java.lang.Integer.toString(counter)) + .png)): null

2018-12-14 01:29:29 - [TEST_STEP][PASSED] - Statement - counter = counter + 1: null

2018-12-14 01:29:29 - [TEST_STEP][PASSED] - Statement - PreSaveFile = new java.io.File(((pathPrefix + java.lang.Integer.toString(counter)) + .png)): null

2018-12-14 01:29:29 - [TEST_STEP][PASSED] - Statement - counter = counter + 1: null

2018-12-14 01:29:29 - [TEST_STEP][PASSED] - Statement - PreSaveFile = new java.io.File(((pathPrefix + java.lang.Integer.toString(counter)) + .png)): null

2018-12-14 01:29:29 - [TEST_STEP][PASSED] - Statement - counter = counter + 1: null

2018-12-14 01:29:29 - [TEST_STEP][PASSED] - Statement - PreSaveFile = new java.io.File(((pathPrefix + java.lang.Integer.toString(counter)) + .png)): null

2018-12-14 01:29:29 - [TEST_STEP][PASSED] - Statement - counter = counter + 1: null

2018-12-14 01:29:29 - [TEST_STEP][PASSED] - Statement - PreSaveFile = new java.io.File(((pathPrefix + java.lang.Integer.toString(counter)) + .png)): null

2018-12-14 01:29:29 - [TEST_STEP][PASSED] - Statement - counter = counter + 1: null

2018-12-14 01:29:29 - [TEST_STEP][PASSED] - Statement - PreSaveFile = new java.io.File(((pathPrefix + java.lang.Integer.toString(counter)) + .png)): null

2018-12-14 01:29:29 - [TEST_STEP][PASSED] - Statement - counter = counter + 1: null

2018-12-14 01:29:29 - [TEST_STEP][PASSED] - Statement - PreSaveFile = new java.io.File(((pathPrefix + java.lang.Integer.toString(counter)) + .png)): null

2018-12-14 01:29:29 - [TEST_STEP][PASSED] - Statement - counter = counter + 1: null

2018-12-14 01:29:29 - [TEST_STEP][PASSED] - Statement - PreSaveFile = new java.io.File(((pathPrefix + java.lang.Integer.toString(counter)) + .png)): null

2018-12-14 01:29:29 - [TEST_STEP][PASSED] - Statement - counter = counter + 1: null

2018-12-14 01:29:29 - [TEST_STEP][PASSED] - Statement - PreSaveFile = new java.io.File(((pathPrefix + java.lang.Integer.toString(counter)) + .png)): null

2018-12-14 01:29:29 - [TEST_STEP][PASSED] - Statement - counter = counter + 1: null

2018-12-14 01:29:29 - [TEST_STEP][PASSED] - Statement - PreSaveFile = new java.io.File(((pathPrefix + java.lang.Integer.toString(counter)) + .png)): null

2018-12-14 01:29:29 - [TEST_STEP][PASSED] - Statement - counter = counter + 1: null

2018-12-14 01:29:29 - [TEST_STEP][PASSED] - Statement - PreSaveFile = new java.io.File(((pathPrefix + java.lang.Integer.toString(counter)) + .png)): null

2018-12-14 01:29:29 - [TEST_STEP][PASSED] - Statement - counter = counter + 1: null

2018-12-14 01:29:29 - [TEST_STEP][PASSED] - Statement - PreSaveFile = new java.io.File(((pathPrefix + java.lang.Integer.toString(counter)) + .png)): null

2018-12-14 01:29:29 - [TEST_STEP][PASSED] - Statement - counter = counter + 1: null

2018-12-14 01:29:29 - [TEST_STEP][PASSED] - Statement - PreSaveFile = new java.io.File(((pathPrefix + java.lang.Integer.toString(counter)) + .png)): null

2018-12-14 01:29:29 - [TEST_STEP][PASSED] - Statement - counter = counter + 1: null

2018-12-14 01:29:29 - [TEST_STEP][PASSED] - Statement - PreSaveFile = new java.io.File(((pathPrefix + java.lang.Integer.toString(counter)) + .png)): null

2018-12-14 01:29:29 - [TEST_STEP][PASSED] - Statement - counter = counter + 1: null

2018-12-14 01:29:29 - [TEST_STEP][PASSED] - Statement - PreSaveFile = new java.io.File(((pathPrefix + java.lang.Integer.toString(counter)) + .png)): null

2018-12-14 01:29:29 - [TEST_STEP][PASSED] - Statement - counter = counter + 1: null

2018-12-14 01:29:29 - [TEST_STEP][PASSED] - Statement - PreSaveFile = new java.io.File(((pathPrefix + java.lang.Integer.toString(counter)) + .png)): null

2018-12-14 01:29:29 - [TEST_STEP][PASSED] - Statement - counter = counter + 1: null

2018-12-14 01:29:29 - [TEST_STEP][PASSED] - Statement - PreSaveFile = new java.io.File(((pathPrefix + java.lang.Integer.toString(counter)) + .png)): null

2018-12-14 01:29:29 - [TEST_STEP][PASSED] - Statement - counter = counter + 1: null

2018-12-14 01:29:29 - [TEST_STEP][PASSED] - Statement - PreSaveFile = new java.io.File(((pathPrefix + java.lang.Integer.toString(counter)) + .png)): null

2018-12-14 01:29:29 - [TEST_STEP][PASSED] - Statement - counter = counter + 1: null

2018-12-14 01:29:29 - [TEST_STEP][PASSED] - Statement - PreSaveFile = new java.io.File(((pathPrefix + java.lang.Integer.toString(counter)) + .png)): null

2018-12-14 01:29:29 - [TEST_STEP][PASSED] - Statement - counter = counter + 1: null

2018-12-14 01:29:29 - [TEST_STEP][PASSED] - Statement - PreSaveFile = new java.io.File(((pathPrefix + java.lang.Integer.toString(counter)) + .png)): null

2018-12-14 01:29:29 - [TEST_STEP][PASSED] - Statement - counter = counter + 1: null

2018-12-14 01:29:29 - [TEST_STEP][PASSED] - Statement - PreSaveFile = new java.io.File(((pathPrefix + java.lang.Integer.toString(counter)) + .png)): null

2018-12-14 01:29:29 - [TEST_STEP][PASSED] - Statement - counter = counter + 1: null

2018-12-14 01:29:29 - [TEST_STEP][PASSED] - Statement - PreSaveFile = new java.io.File(((pathPrefix + java.lang.Integer.toString(counter)) + .png)): null

2018-12-14 01:29:29 - [TEST_STEP][PASSED] - Statement - counter = counter + 1: null

2018-12-14 01:29:29 - [TEST_STEP][PASSED] - Statement - PreSaveFile = new java.io.File(((pathPrefix + java.lang.Integer.toString(counter)) + .png)): null

2018-12-14 01:29:29 - [TEST_STEP][PASSED] - Statement - counter = counter + 1: null

2018-12-14 01:29:29 - [TEST_STEP][PASSED] - Statement - PreSaveFile = new java.io.File(((pathPrefix + java.lang.Integer.toString(counter)) + .png)): null

2018-12-14 01:29:29 - [TEST_STEP][PASSED] - Statement - counter = counter + 1: null

2018-12-14 01:29:29 - [TEST_STEP][PASSED] - Statement - PreSaveFile = new java.io.File(((pathPrefix + java.lang.Integer.toString(counter)) + .png)): null

2018-12-14 01:29:29 - [TEST_STEP][PASSED] - Statement - counter = counter + 1: null

2018-12-14 01:29:29 - [TEST_STEP][PASSED] - Statement - PreSaveFile = new java.io.File(((pathPrefix + java.lang.Integer.toString(counter)) + .png)): null

2018-12-14 01:29:29 - [TEST_STEP][PASSED] - Statement - counter = counter + 1: null

2018-12-14 01:29:29 - [TEST_STEP][PASSED] - Statement - PreSaveFile = new java.io.File(((pathPrefix + java.lang.Integer.toString(counter)) + .png)): null

2018-12-14 01:29:29 - [TEST_STEP][PASSED] - Statement - counter = counter + 1: null

2018-12-14 01:29:29 - [TEST_STEP][PASSED] - Statement - PreSaveFile = new java.io.File(((pathPrefix + java.lang.Integer.toString(counter)) + .png)): null

2018-12-14 01:29:29 - [TEST_STEP][PASSED] - Statement - counter = counter + 1: null

2018-12-14 01:29:29 - [TEST_STEP][PASSED] - Statement - PreSaveFile = new java.io.File(((pathPrefix + java.lang.Integer.toString(counter)) + .png)): null

2018-12-14 01:29:29 - [TEST_STEP][PASSED] - Statement - counter = counter + 1: null

2018-12-14 01:29:29 - [TEST_STEP][PASSED] - Statement - PreSaveFile = new java.io.File(((pathPrefix + java.lang.Integer.toString(counter)) + .png)): null

2018-12-14 01:29:29 - [TEST_STEP][PASSED] - Statement - counter = counter + 1: null

2018-12-14 01:29:29 - [TEST_STEP][PASSED] - Statement - PreSaveFile = new java.io.File(((pathPrefix + java.lang.Integer.toString(counter)) + .png)): null

2018-12-14 01:29:29 - [TEST_STEP][PASSED] - Statement - counter = counter + 1: null

2018-12-14 01:29:29 - [TEST_STEP][PASSED] - Statement - PreSaveFile = new java.io.File(((pathPrefix + java.lang.Integer.toString(counter)) + .png)): null

2018-12-14 01:29:29 - [TEST_STEP][PASSED] - Statement - counter = counter + 1: null

2018-12-14 01:29:29 - [TEST_STEP][PASSED] - Statement - PreSaveFile = new java.io.File(((pathPrefix + java.lang.Integer.toString(counter)) + .png)): null

2018-12-14 01:29:29 - [TEST_STEP][PASSED] - Statement - counter = counter + 1: null

2018-12-14 01:29:29 - [TEST_STEP][PASSED] - Statement - PreSaveFile = new java.io.File(((pathPrefix + java.lang.Integer.toString(counter)) + .png)): null

2018-12-14 01:29:29 - [TEST_STEP][PASSED] - Statement - counter = counter + 1: null

2018-12-14 01:29:29 - [TEST_STEP][PASSED] - Statement - PreSaveFile = new java.io.File(((pathPrefix + java.lang.Integer.toString(counter)) + .png)): null

2018-12-14 01:29:29 - [TEST_STEP][PASSED] - Statement - counter = counter + 1: null

2018-12-14 01:29:29 - [TEST_STEP][PASSED] - Statement - PreSaveFile = new java.io.File(((pathPrefix + java.lang.Integer.toString(counter)) + .png)): null

2018-12-14 01:29:29 - [TEST_STEP][PASSED] - Statement - counter = counter + 1: null

2018-12-14 01:29:29 - [TEST_STEP][PASSED] - Statement - PreSaveFile = new java.io.File(((pathPrefix + java.lang.Integer.toString(counter)) + .png)): null

2018-12-14 01:29:29 - [TEST_STEP][PASSED] - Statement - counter = counter + 1: null

2018-12-14 01:29:29 - [TEST_STEP][PASSED] - Statement - PreSaveFile = new java.io.File(((pathPrefix + java.lang.Integer.toString(counter)) + .png)): null

2018-12-14 01:29:29 - [TEST_STEP][PASSED] - Statement - counter = counter + 1: null

2018-12-14 01:29:29 - [TEST_STEP][PASSED] - Statement - PreSaveFile = new java.io.File(((pathPrefix + java.lang.Integer.toString(counter)) + .png)): null

2018-12-14 01:29:29 - [TEST_STEP][PASSED] - Statement - counter = counter + 1: null

2018-12-14 01:29:29 - [TEST_STEP][PASSED] - Statement - PreSaveFile = new java.io.File(((pathPrefix + java.lang.Integer.toString(counter)) + .png)): null

2018-12-14 01:29:29 - [TEST_STEP][PASSED] - Statement - counter = counter + 1: null

2018-12-14 01:29:29 - [TEST_STEP][PASSED] - Statement - PreSaveFile = new java.io.File(((pathPrefix + java.lang.Integer.toString(counter)) + .png)): null

2018-12-14 01:29:29 - [TEST_STEP][PASSED] - Statement - counter = counter + 1: null

2018-12-14 01:29:29 - [TEST_STEP][PASSED] - Statement - PreSaveFile = new java.io.File(((pathPrefix + java.lang.Integer.toString(counter)) + .png)): null

2018-12-14 01:29:29 - [TEST_STEP][PASSED] - Statement - counter = counter + 1: null

2018-12-14 01:29:29 - [TEST_STEP][PASSED] - Statement - PreSaveFile = new java.io.File(((pathPrefix + java.lang.Integer.toString(counter)) + .png)): null

2018-12-14 01:29:29 - [TEST_STEP][PASSED] - Statement - counter = counter + 1: null

2018-12-14 01:29:29 - [TEST_STEP][PASSED] - Statement - PreSaveFile = new java.io.File(((pathPrefix + java.lang.Integer.toString(counter)) + .png)): null

2018-12-14 01:29:29 - [TEST_STEP][PASSED] - Statement - counter = counter + 1: null

2018-12-14 01:29:29 - [TEST_STEP][PASSED] - Statement - PreSaveFile = new java.io.File(((pathPrefix + java.lang.Integer.toString(counter)) + .png)): null

2018-12-14 01:29:29 - [TEST_STEP][PASSED] - Statement - counter = counter + 1: null

2018-12-14 01:29:29 - [TEST_STEP][PASSED] - Statement - PreSaveFile = new java.io.File(((pathPrefix + java.lang.Integer.toString(counter)) + .png)): null

2018-12-14 01:29:29 - [TEST_STEP][PASSED] - Statement - counter = counter + 1: null

2018-12-14 01:29:29 - [TEST_STEP][PASSED] - Statement - PreSaveFile = new java.io.File(((pathPrefix + java.lang.Integer.toString(counter)) + .png)): null

2018-12-14 01:29:29 - [TEST_STEP][PASSED] - Statement - counter = counter + 1: null

2018-12-14 01:29:29 - [TEST_STEP][PASSED] - Statement - PreSaveFile = new java.io.File(((pathPrefix + java.lang.Integer.toString(counter)) + .png)): null

2018-12-14 01:29:29 - [TEST_STEP][PASSED] - Statement - counter = counter + 1: null

2018-12-14 01:29:29 - [TEST_STEP][PASSED] - Statement - PreSaveFile = new java.io.File(((pathPrefix + java.lang.Integer.toString(counter)) + .png)): null

2018-12-14 01:29:29 - [TEST_STEP][PASSED] - Statement - counter = counter + 1: null

2018-12-14 01:29:29 - [TEST_STEP][PASSED] - Statement - PreSaveFile = new java.io.File(((pathPrefix + java.lang.Integer.toString(counter)) + .png)): null

2018-12-14 01:29:29 - [TEST_STEP][PASSED] - Statement - counter = counter + 1: null

2018-12-14 01:29:29 - [TEST_STEP][PASSED] - Statement - PreSaveFile = new java.io.File(((pathPrefix + java.lang.Integer.toString(counter)) + .png)): null

2018-12-14 01:29:29 - [TEST_STEP][PASSED] - Statement - counter = counter + 1: null

2018-12-14 01:29:29 - [TEST_STEP][PASSED] - Statement - PreSaveFile = new java.io.File(((pathPrefix + java.lang.Integer.toString(counter)) + .png)): null

2018-12-14 01:29:29 - [TEST_STEP][PASSED] - Statement - counter = counter + 1: null

2018-12-14 01:29:29 - [TEST_STEP][PASSED] - Statement - PreSaveFile = new java.io.File(((pathPrefix + java.lang.Integer.toString(counter)) + .png)): null

2018-12-14 01:29:29 - [TEST_STEP][PASSED] - Statement - counter = counter + 1: null

2018-12-14 01:29:29 - [TEST_STEP][PASSED] - Statement - PreSaveFile = new java.io.File(((pathPrefix + java.lang.Integer.toString(counter)) + .png)): null

2018-12-14 01:29:29 - [TEST_STEP][PASSED] - Statement - counter = counter + 1: null

2018-12-14 01:29:29 - [TEST_STEP][PASSED] - Statement - PreSaveFile = new java.io.File(((pathPrefix + java.lang.Integer.toString(counter)) + .png)): null

2018-12-14 01:29:29 - [TEST_STEP][PASSED] - Statement - counter = counter + 1: null

2018-12-14 01:29:29 - [TEST_STEP][PASSED] - Statement - PreSaveFile = new java.io.File(((pathPrefix + java.lang.Integer.toString(counter)) + .png)): null

2018-12-14 01:29:29 - [TEST_STEP][PASSED] - Statement - counter = counter + 1: null

2018-12-14 01:29:29 - [TEST_STEP][PASSED] - Statement - PreSaveFile = new java.io.File(((pathPrefix + java.lang.Integer.toString(counter)) + .png)): null

2018-12-14 01:29:29 - [TEST_STEP][PASSED] - Statement - counter = counter + 1: null

2018-12-14 01:29:29 - [TEST_STEP][PASSED] - Statement - PreSaveFile = new java.io.File(((pathPrefix + java.lang.Integer.toString(counter)) + .png)): null

2018-12-14 01:29:29 - [TEST_STEP][PASSED] - Statement - counter = counter + 1: null

2018-12-14 01:29:29 - [TEST_STEP][PASSED] - Statement - PreSaveFile = new java.io.File(((pathPrefix + java.lang.Integer.toString(counter)) + .png)): null

2018-12-14 01:29:29 - [TEST_STEP][PASSED] - Statement - counter = counter + 1: null

2018-12-14 01:29:29 - [TEST_STEP][PASSED] - Statement - PreSaveFile = new java.io.File(((pathPrefix + java.lang.Integer.toString(counter)) + .png)): null

2018-12-14 01:29:29 - [TEST_STEP][PASSED] - Statement - counter = counter + 1: null

2018-12-14 01:29:29 - [TEST_STEP][PASSED] - Statement - PreSaveFile = new java.io.File(((pathPrefix + java.lang.Integer.toString(counter)) + .png)): null

2018-12-14 01:29:29 - [TEST_STEP][PASSED] - Statement - counter = counter + 1: null

2018-12-14 01:29:29 - [TEST_STEP][PASSED] - Statement - PreSaveFile = new java.io.File(((pathPrefix + java.lang.Integer.toString(counter)) + .png)): null

2018-12-14 01:29:29 - [TEST_STEP][PASSED] - Statement - counter = counter + 1: null

2018-12-14 01:29:29 - [TEST_STEP][PASSED] - Statement - PreSaveFile = new java.io.File(((pathPrefix + java.lang.Integer.toString(counter)) + .png)): null

2018-12-14 01:29:29 - [TEST_STEP][PASSED] - Statement - counter = counter + 1: null

2018-12-14 01:29:29 - [TEST_STEP][PASSED] - Statement - PreSaveFile = new java.io.File(((pathPrefix + java.lang.Integer.toString(counter)) + .png)): null

2018-12-14 01:29:29 - [TEST_STEP][PASSED] - Statement - counter = counter + 1: null

2018-12-14 01:29:29 - [TEST_STEP][PASSED] - Statement - PreSaveFile = new java.io.File(((pathPrefix + java.lang.Integer.toString(counter)) + .png)): null

2018-12-14 01:29:29 - [TEST_STEP][PASSED] - Statement - counter = counter + 1: null

2018-12-14 01:29:29 - [TEST_STEP][PASSED] - Statement - PreSaveFile = new java.io.File(((pathPrefix + java.lang.Integer.toString(counter)) + .png)): null

2018-12-14 01:29:29 - [TEST_STEP][PASSED] - Statement - counter = counter + 1: null

2018-12-14 01:29:29 - [TEST_STEP][PASSED] - Statement - PreSaveFile = new java.io.File(((pathPrefix + java.lang.Integer.toString(counter)) + .png)): null

2018-12-14 01:29:29 - [TEST_STEP][PASSED] - Statement - counter = counter + 1: null

2018-12-14 01:29:29 - [TEST_STEP][PASSED] - Statement - PreSaveFile = new java.io.File(((pathPrefix + java.lang.Integer.toString(counter)) + .png)): null

2018-12-14 01:29:29 - [TEST_STEP][PASSED] - Statement - counter = counter + 1: null

2018-12-14 01:29:29 - [TEST_STEP][PASSED] - Statement - PreSaveFile = new java.io.File(((pathPrefix + java.lang.Integer.toString(counter)) + .png)): null

2018-12-14 01:29:29 - [TEST_STEP][PASSED] - Statement - counter = counter + 1: null

2018-12-14 01:29:29 - [TEST_STEP][PASSED] - Statement - PreSaveFile = new java.io.File(((pathPrefix + java.lang.Integer.toString(counter)) + .png)): null

2018-12-14 01:29:29 - [TEST_STEP][PASSED] - Statement - counter = counter + 1: null

2018-12-14 01:29:29 - [TEST_STEP][PASSED] - Statement - PreSaveFile = new java.io.File(((pathPrefix + java.lang.Integer.toString(counter)) + .png)): null

2018-12-14 01:29:29 - [TEST_STEP][PASSED] - Statement - counter = counter + 1: null

2018-12-14 01:29:29 - [TEST_STEP][PASSED] - Statement - PreSaveFile = new java.io.File(((pathPrefix + java.lang.Integer.toString(counter)) + .png)): null

2018-12-14 01:29:29 - [TEST_STEP][PASSED] - Statement - counter = counter + 1: null

2018-12-14 01:29:29 - [TEST_STEP][PASSED] - Statement - PreSaveFile = new java.io.File(((pathPrefix + java.lang.Integer.toString(counter)) + .png)): null

2018-12-14 01:29:29 - [TEST_STEP][PASSED] - Statement - counter = counter + 1: null

2018-12-14 01:29:29 - [TEST_STEP][PASSED] - Statement - PreSaveFile = new java.io.File(((pathPrefix + java.lang.Integer.toString(counter)) + .png)): null

2018-12-14 01:29:29 - [TEST_STEP][PASSED] - Statement - counter = counter + 1: null

2018-12-14 01:29:29 - [TEST_STEP][PASSED] - Statement - PreSaveFile = new java.io.File(((pathPrefix + java.lang.Integer.toString(counter)) + .png)): null

2018-12-14 01:29:29 - [TEST_STEP][PASSED] - Statement - counter = counter + 1: null

2018-12-14 01:29:29 - [TEST_STEP][PASSED] - Statement - PreSaveFile = new java.io.File(((pathPrefix + java.lang.Integer.toString(counter)) + .png)): null

2018-12-14 01:29:29 - [TEST_STEP][PASSED] - Statement - counter = counter + 1: null

2018-12-14 01:29:29 - [TEST_STEP][PASSED] - Statement - PreSaveFile = new java.io.File(((pathPrefix + java.lang.Integer.toString(counter)) + .png)): null

2018-12-14 01:29:29 - [TEST_STEP][PASSED] - Statement - counter = counter + 1: null

2018-12-14 01:29:29 - [TEST_STEP][PASSED] - Statement - PreSaveFile = new java.io.File(((pathPrefix + java.lang.Integer.toString(counter)) + .png)): null

2018-12-14 01:29:29 - [TEST_STEP][PASSED] - Statement - counter = counter + 1: null

2018-12-14 01:29:29 - [TEST_STEP][PASSED] - Statement - PreSaveFile = new java.io.File(((pathPrefix + java.lang.Integer.toString(counter)) + .png)): null

2018-12-14 01:29:29 - [TEST_STEP][PASSED] - Statement - counter = counter + 1: null

2018-12-14 01:29:29 - [TEST_STEP][PASSED] - Statement - PreSaveFile = new java.io.File(((pathPrefix + java.lang.Integer.toString(counter)) + .png)): null

2018-12-14 01:29:29 - [TEST_STEP][PASSED] - Statement - counter = counter + 1: null

2018-12-14 01:29:29 - [TEST_STEP][PASSED] - Statement - PreSaveFile = new java.io.File(((pathPrefix + java.lang.Integer.toString(counter)) + .png)): null

2018-12-14 01:29:29 - [TEST_STEP][PASSED] - Statement - counter = counter + 1: null

2018-12-14 01:29:29 - [TEST_STEP][PASSED] - Statement - PreSaveFile = new java.io.File(((pathPrefix + java.lang.Integer.toString(counter)) + .png)): null

2018-12-14 01:29:29 - [TEST_STEP][PASSED] - Statement - counter = counter + 1: null

2018-12-14 01:29:29 - [TEST_STEP][PASSED] - Statement - PreSaveFile = new java.io.File(((pathPrefix + java.lang.Integer.toString(counter)) + .png)): null

2018-12-14 01:29:29 - [TEST_STEP][PASSED] - Statement - counter = counter + 1: null

2018-12-14 01:29:29 - [TEST_STEP][PASSED] - Statement - PreSaveFile = new java.io.File(((pathPrefix + java.lang.Integer.toString(counter)) + .png)): null

2018-12-14 01:29:29 - [TEST_STEP][PASSED] - Statement - counter = counter + 1: null

2018-12-14 01:29:29 - [TEST_STEP][PASSED] - Statement - PreSaveFile = new java.io.File(((pathPrefix + java.lang.Integer.toString(counter)) + .png)): null

2018-12-14 01:29:29 - [TEST_STEP][PASSED] - Statement - counter = counter + 1: null

2018-12-14 01:29:29 - [TEST_STEP][PASSED] - Statement - PreSaveFile = new java.io.File(((pathPrefix + java.lang.Integer.toString(counter)) + .png)): null

2018-12-14 01:29:29 - [TEST_STEP][PASSED] - Statement - counter = counter + 1: null

2018-12-14 01:29:29 - [TEST_STEP][PASSED] - Statement - PreSaveFile = new java.io.File(((pathPrefix + java.lang.Integer.toString(counter)) + .png)): null

2018-12-14 01:29:29 - [TEST_STEP][PASSED] - Statement - counter = counter + 1: null

2018-12-14 01:29:29 - [TEST_STEP][PASSED] - Statement - PreSaveFile = new java.io.File(((pathPrefix + java.lang.Integer.toString(counter)) + .png)): null

2018-12-14 01:29:29 - [TEST_STEP][PASSED] - Statement - counter = counter + 1: null

2018-12-14 01:29:29 - [TEST_STEP][PASSED] - Statement - PreSaveFile = new java.io.File(((pathPrefix + java.lang.Integer.toString(counter)) + .png)): null

2018-12-14 01:29:29 - [TEST_STEP][PASSED] - Statement - counter = counter + 1: null

2018-12-14 01:29:29 - [TEST_STEP][PASSED] - Statement - PreSaveFile = new java.io.File(((pathPrefix + java.lang.Integer.toString(counter)) + .png)): null

2018-12-14 01:29:29 - [TEST_STEP][PASSED] - Statement - counter = counter + 1: null

2018-12-14 01:29:29 - [TEST_STEP][PASSED] - Statement - PreSaveFile = new java.io.File(((pathPrefix + java.lang.Integer.toString(counter)) + .png)): null

2018-12-14 01:29:29 - [TEST_STEP][PASSED] - Statement - counter = counter + 1: null

2018-12-14 01:29:29 - [TEST_STEP][PASSED] - Statement - PreSaveFile = new java.io.File(((pathPrefix + java.lang.Integer.toString(counter)) + .png)): null

2018-12-14 01:29:29 - [TEST_STEP][PASSED] - Statement - counter = counter + 1: null

2018-12-14 01:29:29 - [TEST_STEP][PASSED] - Statement - PreSaveFile = new java.io.File(((pathPrefix + java.lang.Integer.toString(counter)) + .png)): null

2018-12-14 01:29:29 - [TEST_STEP][PASSED] - Statement - counter = counter + 1: null

2018-12-14 01:29:29 - [TEST_STEP][PASSED] - Statement - PreSaveFile = new java.io.File(((pathPrefix + java.lang.Integer.toString(counter)) + .png)): null

2018-12-14 01:29:29 - [TEST_STEP][PASSED] - Statement - counter = counter + 1: null

2018-12-14 01:29:29 - [TEST_STEP][PASSED] - Statement - PreSaveFile = new java.io.File(((pathPrefix + java.lang.Integer.toString(counter)) + .png)): null

2018-12-14 01:29:29 - [TEST_STEP][PASSED] - Statement - counter = counter + 1: null

2018-12-14 01:29:29 - [TEST_STEP][PASSED] - Statement - PreSaveFile = new java.io.File(((pathPrefix + java.lang.Integer.toString(counter)) + .png)): null

2018-12-14 01:29:29 - [TEST_STEP][PASSED] - Statement - counter = counter + 1: null

2018-12-14 01:29:29 - [TEST_STEP][PASSED] - Statement - PreSaveFile = new java.io.File(((pathPrefix + java.lang.Integer.toString(counter)) + .png)): null

2018-12-14 01:29:29 - [TEST_STEP][PASSED] - Statement - counter = counter + 1: null

2018-12-14 01:29:29 - [TEST_STEP][PASSED] - Statement - PreSaveFile = new java.io.File(((pathPrefix + java.lang.Integer.toString(counter)) + .png)): null

2018-12-14 01:29:29 - [TEST_STEP][PASSED] - Statement - counter = counter + 1: null

2018-12-14 01:29:29 - [TEST_STEP][PASSED] - Statement - PreSaveFile = new java.io.File(((pathPrefix + java.lang.Integer.toString(counter)) + .png)): null

2018-12-14 01:29:29 - [TEST_STEP][PASSED] - Statement - counter = counter + 1: null

2018-12-14 01:29:29 - [TEST_STEP][PASSED] - Statement - PreSaveFile = new java.io.File(((pathPrefix + java.lang.Integer.toString(counter)) + .png)): null

2018-12-14 01:29:29 - [TEST_STEP][PASSED] - Statement - counter = counter + 1: null

2018-12-14 01:29:29 - [TEST_STEP][PASSED] - Statement - PreSaveFile = new java.io.File(((pathPrefix + java.lang.Integer.toString(counter)) + .png)): null

2018-12-14 01:29:29 - [TEST_STEP][PASSED] - Statement - counter = counter + 1: null

2018-12-14 01:29:29 - [TEST_STEP][PASSED] - Statement - PreSaveFile = new java.io.File(((pathPrefix + java.lang.Integer.toString(counter)) + .png)): null

2018-12-14 01:29:29 - [TEST_STEP][PASSED] - Statement - counter = counter + 1: null

2018-12-14 01:29:29 - [TEST_STEP][PASSED] - Statement - PreSaveFile = new java.io.File(((pathPrefix + java.lang.Integer.toString(counter)) + .png)): null

2018-12-14 01:29:29 - [TEST_STEP][PASSED] - Statement - counter = counter + 1: null

2018-12-14 01:29:30 - [TEST_STEP][PASSED] - Statement - PreSaveFile = new java.io.File(((pathPrefix + java.lang.Integer.toString(counter)) + .png)): null

2018-12-14 01:29:30 - [TEST_STEP][PASSED] - Statement - counter = counter + 1: null

2018-12-14 01:29:30 - [TEST_STEP][PASSED] - Statement - PreSaveFile = new java.io.File(((pathPrefix + java.lang.Integer.toString(counter)) + .png)): null

2018-12-14 01:29:30 - [TEST_STEP][PASSED] - Statement - counter = counter + 1: null

2018-12-14 01:29:30 - [TEST_STEP][PASSED] - Statement - PreSaveFile = new java.io.File(((pathPrefix + java.lang.Integer.toString(counter)) + .png)): null

2018-12-14 01:29:30 - [TEST_STEP][PASSED] - Statement - counter = counter + 1: null

2018-12-14 01:29:30 - [TEST_STEP][PASSED] - Statement - PreSaveFile = new java.io.File(((pathPrefix + java.lang.Integer.toString(counter)) + .png)): null

2018-12-14 01:29:30 - [TEST_STEP][PASSED] - Statement - counter = counter + 1: null

2018-12-14 01:29:30 - [TEST_STEP][PASSED] - Statement - PreSaveFile = new java.io.File(((pathPrefix + java.lang.Integer.toString(counter)) + .png)): null

2018-12-14 01:29:30 - [TEST_STEP][PASSED] - Statement - counter = counter + 1: null

2018-12-14 01:29:30 - [TEST_STEP][PASSED] - Statement - PreSaveFile = new java.io.File(((pathPrefix + java.lang.Integer.toString(counter)) + .png)): null

2018-12-14 01:29:30 - [TEST_STEP][PASSED] - Statement - counter = counter + 1: null

2018-12-14 01:29:30 - [TEST_STEP][PASSED] - Statement - PreSaveFile = new java.io.File(((pathPrefix + java.lang.Integer.toString(counter)) + .png)): null

2018-12-14 01:29:30 - [TEST_STEP][PASSED] - Statement - counter = counter + 1: null

2018-12-14 01:29:30 - [TEST_STEP][PASSED] - Statement - PreSaveFile = new java.io.File(((pathPrefix + java.lang.Integer.toString(counter)) + .png)): null

2018-12-14 01:29:30 - [TEST_STEP][PASSED] - Statement - counter = counter + 1: null

2018-12-14 01:29:30 - [TEST_STEP][PASSED] - Statement - PreSaveFile = new java.io.File(((pathPrefix + java.lang.Integer.toString(counter)) + .png)): null

2018-12-14 01:29:30 - [TEST_STEP][PASSED] - Statement - counter = counter + 1: null

2018-12-14 01:29:30 - [TEST_STEP][PASSED] - Statement - PreSaveFile = new java.io.File(((pathPrefix + java.lang.Integer.toString(counter)) + .png)): null

2018-12-14 01:29:30 - [TEST_STEP][PASSED] - Statement - counter = counter + 1: null

2018-12-14 01:29:30 - [TEST_STEP][PASSED] - Statement - PreSaveFile = new java.io.File(((pathPrefix + java.lang.Integer.toString(counter)) + .png)): null

2018-12-14 01:29:30 - [TEST_STEP][PASSED] - Statement - counter = counter + 1: null

2018-12-14 01:29:30 - [TEST_STEP][PASSED] - Statement - PreSaveFile = new java.io.File(((pathPrefix + java.lang.Integer.toString(counter)) + .png)): null

2018-12-14 01:29:30 - [TEST_STEP][PASSED] - Statement - counter = counter + 1: null

2018-12-14 01:29:30 - [TEST_STEP][PASSED] - Statement - PreSaveFile = new java.io.File(((pathPrefix + java.lang.Integer.toString(counter)) + .png)): null

2018-12-14 01:29:30 - [TEST_STEP][PASSED] - Statement - counter = counter + 1: null

2018-12-14 01:29:30 - [TEST_STEP][PASSED] - Statement - PreSaveFile = new java.io.File(((pathPrefix + java.lang.Integer.toString(counter)) + .png)): null

2018-12-14 01:29:30 - [TEST_STEP][PASSED] - Statement - counter = counter + 1: null

2018-12-14 01:29:30 - [TEST_STEP][PASSED] - Statement - PreSaveFile = new java.io.File(((pathPrefix + java.lang.Integer.toString(counter)) + .png)): null

2018-12-14 01:29:30 - [TEST_STEP][PASSED] - Statement - counter = counter + 1: null

2018-12-14 01:29:30 - [TEST_STEP][PASSED] - Statement - PreSaveFile = new java.io.File(((pathPrefix + java.lang.Integer.toString(counter)) + .png)): null

2018-12-14 01:29:30 - [TEST_STEP][PASSED] - Statement - counter = counter + 1: null

2018-12-14 01:29:30 - [TEST_STEP][PASSED] - Statement - PreSaveFile = new java.io.File(((pathPrefix + java.lang.Integer.toString(counter)) + .png)): null

2018-12-14 01:29:30 - [TEST_STEP][PASSED] - Statement - counter = counter + 1: null

2018-12-14 01:29:30 - [TEST_STEP][PASSED] - Statement - PreSaveFile = new java.io.File(((pathPrefix + java.lang.Integer.toString(counter)) + .png)): null

2018-12-14 01:29:30 - [TEST_STEP][PASSED] - Statement - counter = counter + 1: null

2018-12-14 01:29:30 - [TEST_STEP][PASSED] - Statement - PreSaveFile = new java.io.File(((pathPrefix + java.lang.Integer.toString(counter)) + .png)): null

2018-12-14 01:29:30 - [TEST_STEP][PASSED] - Statement - counter = counter + 1: null

2018-12-14 01:29:30 - [TEST_STEP][PASSED] - Statement - PreSaveFile = new java.io.File(((pathPrefix + java.lang.Integer.toString(counter)) + .png)): null

2018-12-14 01:29:30 - [TEST_STEP][PASSED] - Statement - counter = counter + 1: null

2018-12-14 01:29:30 - [TEST_STEP][PASSED] - Statement - PreSaveFile = new java.io.File(((pathPrefix + java.lang.Integer.toString(counter)) + .png)): null

2018-12-14 01:29:30 - [TEST_STEP][PASSED] - Statement - counter = counter + 1: null

2018-12-14 01:29:30 - [TEST_STEP][PASSED] - Statement - PreSaveFile = new java.io.File(((pathPrefix + java.lang.Integer.toString(counter)) + .png)): null

2018-12-14 01:29:30 - [TEST_STEP][PASSED] - Statement - counter = counter + 1: null

2018-12-14 01:29:30 - [TEST_STEP][PASSED] - Statement - PreSaveFile = new java.io.File(((pathPrefix + java.lang.Integer.toString(counter)) + .png)): null

2018-12-14 01:29:30 - [TEST_STEP][PASSED] - Statement - counter = counter + 1: null

2018-12-14 01:29:30 - [TEST_STEP][PASSED] - Statement - PreSaveFile = new java.io.File(((pathPrefix + java.lang.Integer.toString(counter)) + .png)): null

2018-12-14 01:29:30 - [TEST_STEP][PASSED] - Statement - counter = counter + 1: null

2018-12-14 01:29:30 - [TEST_STEP][PASSED] - Statement - PreSaveFile = new java.io.File(((pathPrefix + java.lang.Integer.toString(counter)) + .png)): null

2018-12-14 01:29:30 - [TEST_STEP][PASSED] - Statement - counter = counter + 1: null

2018-12-14 01:29:30 - [TEST_STEP][PASSED] - Statement - PreSaveFile = new java.io.File(((pathPrefix + java.lang.Integer.toString(counter)) + .png)): null

2018-12-14 01:29:30 - [TEST_STEP][PASSED] - Statement - counter = counter + 1: null

2018-12-14 01:29:30 - [TEST_STEP][PASSED] - Statement - PreSaveFile = new java.io.File(((pathPrefix + java.lang.Integer.toString(counter)) + .png)): null

2018-12-14 01:29:30 - [TEST_STEP][PASSED] - Statement - counter = counter + 1: null

2018-12-14 01:29:30 - [TEST_STEP][PASSED] - Statement - PreSaveFile = new java.io.File(((pathPrefix + java.lang.Integer.toString(counter)) + .png)): null

2018-12-14 01:29:30 - [TEST_STEP][PASSED] - Statement - counter = counter + 1: null

2018-12-14 01:29:30 - [TEST_STEP][PASSED] - Statement - PreSaveFile = new java.io.File(((pathPrefix + java.lang.Integer.toString(counter)) + .png)): null

2018-12-14 01:29:30 - [TEST_STEP][PASSED] - Statement - counter = counter + 1: null

2018-12-14 01:29:30 - [TEST_STEP][PASSED] - Statement - PreSaveFile = new java.io.File(((pathPrefix + java.lang.Integer.toString(counter)) + .png)): null

2018-12-14 01:29:30 - [TEST_STEP][PASSED] - Statement - counter = counter + 1: null

2018-12-14 01:29:30 - [TEST_STEP][PASSED] - Statement - PreSaveFile = new java.io.File(((pathPrefix + java.lang.Integer.toString(counter)) + .png)): null

2018-12-14 01:29:30 - [TEST_STEP][PASSED] - Statement - counter = counter + 1: null

2018-12-14 01:29:30 - [TEST_STEP][PASSED] - Statement - PreSaveFile = new java.io.File(((pathPrefix + java.lang.Integer.toString(counter)) + .png)): null

2018-12-14 01:29:30 - [TEST_STEP][PASSED] - Statement - counter = counter + 1: null

2018-12-14 01:29:30 - [TEST_STEP][PASSED] - Statement - PreSaveFile = new java.io.File(((pathPrefix + java.lang.Integer.toString(counter)) + .png)): null

2018-12-14 01:29:30 - [TEST_STEP][PASSED] - Statement - counter = counter + 1: null

2018-12-14 01:29:30 - [TEST_STEP][PASSED] - Statement - PreSaveFile = new java.io.File(((pathPrefix + java.lang.Integer.toString(counter)) + .png)): null

2018-12-14 01:29:30 - [TEST_STEP][PASSED] - Statement - counter = counter + 1: null

2018-12-14 01:29:30 - [TEST_STEP][PASSED] - Statement - PreSaveFile = new java.io.File(((pathPrefix + java.lang.Integer.toString(counter)) + .png)): null

2018-12-14 01:29:30 - [TEST_STEP][PASSED] - Statement - counter = counter + 1: null

2018-12-14 01:29:30 - [TEST_STEP][PASSED] - Statement - PreSaveFile = new java.io.File(((pathPrefix + java.lang.Integer.toString(counter)) + .png)): null

2018-12-14 01:29:30 - [TEST_STEP][PASSED] - Statement - counter = counter + 1: null

2018-12-14 01:29:30 - [TEST_STEP][PASSED] - Statement - PreSaveFile = new java.io.File(((pathPrefix + java.lang.Integer.toString(counter)) + .png)): null

2018-12-14 01:29:30 - [TEST_STEP][PASSED] - Statement - counter = counter + 1: null

2018-12-14 01:29:30 - [TEST_STEP][PASSED] - Statement - PreSaveFile = new java.io.File(((pathPrefix + java.lang.Integer.toString(counter)) + .png)): null

2018-12-14 01:29:30 - [TEST_STEP][PASSED] - Statement - counter = counter + 1: null

2018-12-14 01:29:30 - [TEST_STEP][PASSED] - Statement - PreSaveFile = new java.io.File(((pathPrefix + java.lang.Integer.toString(counter)) + .png)): null

2018-12-14 01:29:30 - [TEST_STEP][PASSED] - Statement - counter = counter + 1: null

2018-12-14 01:29:30 - [TEST_STEP][PASSED] - Statement - PreSaveFile = new java.io.File(((pathPrefix + java.lang.Integer.toString(counter)) + .png)): null

2018-12-14 01:29:30 - [TEST_STEP][PASSED] - Statement - counter = counter + 1: null

2018-12-14 01:29:30 - [TEST_STEP][PASSED] - Statement - PreSaveFile = new java.io.File(((pathPrefix + java.lang.Integer.toString(counter)) + .png)): null

2018-12-14 01:29:30 - [TEST_STEP][PASSED] - Statement - counter = counter + 1: null

2018-12-14 01:29:30 - [TEST_STEP][PASSED] - Statement - PreSaveFile = new java.io.File(((pathPrefix + java.lang.Integer.toString(counter)) + .png)): null

2018-12-14 01:29:30 - [TEST_STEP][PASSED] - Statement - counter = counter + 1: null

2018-12-14 01:29:30 - [TEST_STEP][PASSED] - Statement - PreSaveFile = new java.io.File(((pathPrefix + java.lang.Integer.toString(counter)) + .png)): null

2018-12-14 01:29:30 - [TEST_STEP][PASSED] - Statement - counter = counter + 1: null

2018-12-14 01:29:30 - [TEST_STEP][PASSED] - Statement - PreSaveFile = new java.io.File(((pathPrefix + java.lang.Integer.toString(counter)) + .png)): null

2018-12-14 01:29:30 - [TEST_STEP][PASSED] - Statement - counter = counter + 1: null

2018-12-14 01:29:30 - [TEST_STEP][PASSED] - Statement - PreSaveFile = new java.io.File(((pathPrefix + java.lang.Integer.toString(counter)) + .png)): null

2018-12-14 01:29:30 - [TEST_STEP][PASSED] - Statement - counter = counter + 1: null

2018-12-14 01:29:30 - [TEST_STEP][PASSED] - Statement - PreSaveFile = new java.io.File(((pathPrefix + java.lang.Integer.toString(counter)) + .png)): null

2018-12-14 01:29:30 - [TEST_STEP][PASSED] - Statement - counter = counter + 1: null

2018-12-14 01:29:30 - [TEST_STEP][PASSED] - Statement - PreSaveFile = new java.io.File(((pathPrefix + java.lang.Integer.toString(counter)) + .png)): null

2018-12-14 01:29:30 - [TEST_STEP][PASSED] - Statement - counter = counter + 1: null

2018-12-14 01:29:30 - [TEST_STEP][PASSED] - Statement - PreSaveFile = new java.io.File(((pathPrefix + java.lang.Integer.toString(counter)) + .png)): null

2018-12-14 01:29:30 - [TEST_STEP][PASSED] - Statement - counter = counter + 1: null

2018-12-14 01:29:30 - [TEST_STEP][PASSED] - Statement - PreSaveFile = new java.io.File(((pathPrefix + java.lang.Integer.toString(counter)) + .png)): null

2018-12-14 01:29:30 - [TEST_STEP][PASSED] - Statement - counter = counter + 1: null

2018-12-14 01:29:30 - [TEST_STEP][PASSED] - Statement - PreSaveFile = new java.io.File(((pathPrefix + java.lang.Integer.toString(counter)) + .png)): null

2018-12-14 01:29:30 - [TEST_STEP][PASSED] - Statement - counter = counter + 1: null

2018-12-14 01:29:30 - [TEST_STEP][PASSED] - Statement - PreSaveFile = new java.io.File(((pathPrefix + java.lang.Integer.toString(counter)) + .png)): null

2018-12-14 01:29:30 - [TEST_STEP][PASSED] - Statement - counter = counter + 1: null

2018-12-14 01:29:30 - [TEST_STEP][PASSED] - Statement - PreSaveFile = new java.io.File(((pathPrefix + java.lang.Integer.toString(counter)) + .png)): null

2018-12-14 01:29:30 - [TEST_STEP][PASSED] - Statement - counter = counter + 1: null

2018-12-14 01:29:30 - [TEST_STEP][PASSED] - Statement - PreSaveFile = new java.io.File(((pathPrefix + java.lang.Integer.toString(counter)) + .png)): null

2018-12-14 01:29:30 - [TEST_STEP][PASSED] - Statement - counter = counter + 1: null

2018-12-14 01:29:30 - [TEST_STEP][PASSED] - Statement - PreSaveFile = new java.io.File(((pathPrefix + java.lang.Integer.toString(counter)) + .png)): null

2018-12-14 01:29:30 - [TEST_STEP][PASSED] - Statement - counter = counter + 1: null

2018-12-14 01:29:30 - [TEST_STEP][PASSED] - Statement - PreSaveFile = new java.io.File(((pathPrefix + java.lang.Integer.toString(counter)) + .png)): null

2018-12-14 01:29:30 - [TEST_STEP][PASSED] - Statement - counter = counter + 1: null

2018-12-14 01:29:30 - [TEST_STEP][PASSED] - Statement - PreSaveFile = new java.io.File(((pathPrefix + java.lang.Integer.toString(counter)) + .png)): null

2018-12-14 01:29:30 - [TEST_STEP][PASSED] - Statement - counter = counter + 1: null

2018-12-14 01:29:30 - [TEST_STEP][PASSED] - Statement - PreSaveFile = new java.io.File(((pathPrefix + java.lang.Integer.toString(counter)) + .png)): null

2018-12-14 01:29:30 - [TEST_STEP][PASSED] - Statement - counter = counter + 1: null

2018-12-14 01:29:30 - [TEST_STEP][PASSED] - Statement - PreSaveFile = new java.io.File(((pathPrefix + java.lang.Integer.toString(counter)) + .png)): null

2018-12-14 01:29:30 - [TEST_STEP][PASSED] - Statement - counter = counter + 1: null

2018-12-14 01:29:30 - [TEST_STEP][PASSED] - Statement - PreSaveFile = new java.io.File(((pathPrefix + java.lang.Integer.toString(counter)) + .png)): null

2018-12-14 01:29:30 - [TEST_STEP][PASSED] - Statement - counter = counter + 1: null

2018-12-14 01:29:30 - [TEST_STEP][PASSED] - Statement - PreSaveFile = new java.io.File(((pathPrefix + java.lang.Integer.toString(counter)) + .png)): null

2018-12-14 01:29:30 - [TEST_STEP][PASSED] - Statement - counter = counter + 1: null

2018-12-14 01:29:30 - [TEST_STEP][PASSED] - Statement - PreSaveFile = new java.io.File(((pathPrefix + java.lang.Integer.toString(counter)) + .png)): null

2018-12-14 01:29:30 - [TEST_STEP][PASSED] - Statement - counter = counter + 1: null

2018-12-14 01:29:30 - [TEST_STEP][PASSED] - Statement - PreSaveFile = new java.io.File(((pathPrefix + java.lang.Integer.toString(counter)) + .png)): null

2018-12-14 01:29:30 - [TEST_STEP][PASSED] - Statement - counter = counter + 1: null

2018-12-14 01:29:30 - [TEST_STEP][PASSED] - Statement - PreSaveFile = new java.io.File(((pathPrefix + java.lang.Integer.toString(counter)) + .png)): null

2018-12-14 01:29:30 - [TEST_STEP][PASSED] - Statement - counter = counter + 1: null

2018-12-14 01:29:30 - [TEST_STEP][PASSED] - Statement - PreSaveFile = new java.io.File(((pathPrefix + java.lang.Integer.toString(counter)) + .png)): null

2018-12-14 01:29:30 - [TEST_STEP][PASSED] - Statement - counter = counter + 1: null

2018-12-14 01:29:30 - [TEST_STEP][PASSED] - Statement - PreSaveFile = new java.io.File(((pathPrefix + java.lang.Integer.toString(counter)) + .png)): null

2018-12-14 01:29:30 - [TEST_STEP][PASSED] - Statement - counter = counter + 1: null

2018-12-14 01:29:30 - [TEST_STEP][PASSED] - Statement - PreSaveFile = new java.io.File(((pathPrefix + java.lang.Integer.toString(counter)) + .png)): null

2018-12-14 01:29:30 - [TEST_STEP][PASSED] - Statement - counter = counter + 1: null

2018-12-14 01:29:30 - [TEST_STEP][PASSED] - Statement - PreSaveFile = new java.io.File(((pathPrefix + java.lang.Integer.toString(counter)) + .png)): null

2018-12-14 01:29:30 - [TEST_STEP][PASSED] - Statement - counter = counter + 1: null

2018-12-14 01:29:30 - [TEST_STEP][PASSED] - Statement - PreSaveFile = new java.io.File(((pathPrefix + java.lang.Integer.toString(counter)) + .png)): null

2018-12-14 01:29:30 - [TEST_STEP][PASSED] - Statement - counter = counter + 1: null

2018-12-14 01:29:30 - [TEST_STEP][PASSED] - Statement - PreSaveFile = new java.io.File(((pathPrefix + java.lang.Integer.toString(counter)) + .png)): null

2018-12-14 01:29:30 - [TEST_STEP][PASSED] - Statement - counter = counter + 1: null

2018-12-14 01:29:30 - [TEST_STEP][PASSED] - Statement - PreSaveFile = new java.io.File(((pathPrefix + java.lang.Integer.toString(counter)) + .png)): null

2018-12-14 01:29:30 - [TEST_STEP][PASSED] - Statement - counter = counter + 1: null

2018-12-14 01:29:30 - [TEST_STEP][PASSED] - Statement - PreSaveFile = new java.io.File(((pathPrefix + java.lang.Integer.toString(counter)) + .png)): null

2018-12-14 01:29:30 - [TEST_STEP][PASSED] - Statement - counter = counter + 1: null

2018-12-14 01:29:30 - [TEST_STEP][PASSED] - Statement - PreSaveFile = new java.io.File(((pathPrefix + java.lang.Integer.toString(counter)) + .png)): null

2018-12-14 01:29:30 - [TEST_STEP][PASSED] - Statement - counter = counter + 1: null

2018-12-14 01:29:30 - [TEST_STEP][PASSED] - Statement - PreSaveFile = new java.io.File(((pathPrefix + java.lang.Integer.toString(counter)) + .png)): null

2018-12-14 01:29:30 - [TEST_STEP][PASSED] - Statement - counter = counter + 1: null

2018-12-14 01:29:30 - [TEST_STEP][PASSED] - Statement - PreSaveFile = new java.io.File(((pathPrefix + java.lang.Integer.toString(counter)) + .png)): null

2018-12-14 01:29:30 - [TEST_STEP][PASSED] - Statement - counter = counter + 1: null

2018-12-14 01:29:30 - [TEST_STEP][PASSED] - Statement - PreSaveFile = new java.io.File(((pathPrefix + java.lang.Integer.toString(counter)) + .png)): null

2018-12-14 01:29:30 - [TEST_STEP][PASSED] - Statement - counter = counter + 1: null

2018-12-14 01:29:30 - [TEST_STEP][PASSED] - Statement - PreSaveFile = new java.io.File(((pathPrefix + java.lang.Integer.toString(counter)) + .png)): null

2018-12-14 01:29:30 - [TEST_STEP][PASSED] - Statement - counter = counter + 1: null

2018-12-14 01:29:30 - [TEST_STEP][PASSED] - Statement - PreSaveFile = new java.io.File(((pathPrefix + java.lang.Integer.toString(counter)) + .png)): null

2018-12-14 01:29:30 - [TEST_STEP][PASSED] - Statement - counter = counter + 1: null

2018-12-14 01:29:30 - [TEST_STEP][PASSED] - Statement - PreSaveFile = new java.io.File(((pathPrefix + java.lang.Integer.toString(counter)) + .png)): null

2018-12-14 01:29:30 - [TEST_STEP][PASSED] - Statement - counter = counter + 1: null

2018-12-14 01:29:30 - [TEST_STEP][PASSED] - Statement - PreSaveFile = new java.io.File(((pathPrefix + java.lang.Integer.toString(counter)) + .png)): null

2018-12-14 01:29:30 - [TEST_STEP][PASSED] - Statement - counter = counter + 1: null

2018-12-14 01:29:30 - [TEST_STEP][PASSED] - Statement - PreSaveFile = new java.io.File(((pathPrefix + java.lang.Integer.toString(counter)) + .png)): null

2018-12-14 01:29:30 - [TEST_STEP][PASSED] - Statement - counter = counter + 1: null

2018-12-14 01:29:30 - [TEST_STEP][PASSED] - Statement - PreSaveFile = new java.io.File(((pathPrefix + java.lang.Integer.toString(counter)) + .png)): null

2018-12-14 01:29:30 - [TEST_STEP][PASSED] - Statement - counter = counter + 1: null

2018-12-14 01:29:30 - [TEST_STEP][PASSED] - Statement - PreSaveFile = new java.io.File(((pathPrefix + java.lang.Integer.toString(counter)) + .png)): null

2018-12-14 01:29:30 - [TEST_STEP][PASSED] - Statement - counter = counter + 1: null

2018-12-14 01:29:30 - [TEST_STEP][PASSED] - Statement - PreSaveFile = new java.io.File(((pathPrefix + java.lang.Integer.toString(counter)) + .png)): null

2018-12-14 01:29:30 - [TEST_STEP][PASSED] - Statement - counter = counter + 1: null

2018-12-14 01:29:30 - [TEST_STEP][PASSED] - Statement - PreSaveFile = new java.io.File(((pathPrefix + java.lang.Integer.toString(counter)) + .png)): null

2018-12-14 01:29:30 - [TEST_STEP][PASSED] - Statement - counter = counter + 1: null

2018-12-14 01:29:30 - [TEST_STEP][PASSED] - Statement - PreSaveFile = new java.io.File(((pathPrefix + java.lang.Integer.toString(counter)) + .png)): null

2018-12-14 01:29:30 - [TEST_STEP][PASSED] - Statement - counter = counter + 1: null

2018-12-14 01:29:30 - [TEST_STEP][PASSED] - Statement - PreSaveFile = new java.io.File(((pathPrefix + java.lang.Integer.toString(counter)) + .png)): null

2018-12-14 01:29:30 - [TEST_STEP][PASSED] - Statement - counter = counter + 1: null

2018-12-14 01:29:30 - [TEST_STEP][PASSED] - Statement - PreSaveFile = new java.io.File(((pathPrefix + java.lang.Integer.toString(counter)) + .png)): null

2018-12-14 01:29:30 - [TEST_STEP][PASSED] - Statement - counter = counter + 1: null

2018-12-14 01:29:30 - [TEST_STEP][PASSED] - Statement - PreSaveFile = new java.io.File(((pathPrefix + java.lang.Integer.toString(counter)) + .png)): null

2018-12-14 01:29:30 - [TEST_STEP][PASSED] - Statement - counter = counter + 1: null

2018-12-14 01:29:30 - [TEST_STEP][PASSED] - Statement - PreSaveFile = new java.io.File(((pathPrefix + java.lang.Integer.toString(counter)) + .png)): null

2018-12-14 01:29:30 - [TEST_STEP][PASSED] - Statement - counter = counter + 1: null

2018-12-14 01:29:30 - [TEST_STEP][PASSED] - Statement - PreSaveFile = new java.io.File(((pathPrefix + java.lang.Integer.toString(counter)) + .png)): null

2018-12-14 01:29:30 - [TEST_STEP][PASSED] - Statement - counter = counter + 1: null

2018-12-14 01:29:30 - [TEST_STEP][PASSED] - Statement - PreSaveFile = new java.io.File(((pathPrefix + java.lang.Integer.toString(counter)) + .png)): null

2018-12-14 01:29:30 - [TEST_STEP][PASSED] - Statement - counter = counter + 1: null

2018-12-14 01:29:30 - [TEST_STEP][PASSED] - Statement - PreSaveFile = new java.io.File(((pathPrefix + java.lang.Integer.toString(counter)) + .png)): null

2018-12-14 01:29:30 - [TEST_STEP][PASSED] - Statement - counter = counter + 1: null

2018-12-14 01:29:30 - [TEST_STEP][PASSED] - Statement - PreSaveFile = new java.io.File(((pathPrefix + java.lang.Integer.toString(counter)) + .png)): null

2018-12-14 01:29:30 - [TEST_STEP][PASSED] - Statement - counter = counter + 1: null

2018-12-14 01:29:30 - [TEST_STEP][PASSED] - Statement - PreSaveFile = new java.io.File(((pathPrefix + java.lang.Integer.toString(counter)) + .png)): null

2018-12-14 01:29:30 - [TEST_STEP][PASSED] - Statement - counter = counter + 1: null

2018-12-14 01:29:30 - [TEST_STEP][PASSED] - Statement - PreSaveFile = new java.io.File(((pathPrefix + java.lang.Integer.toString(counter)) + .png)): null

2018-12-14 01:29:30 - [TEST_STEP][PASSED] - Statement - counter = counter + 1: null

2018-12-14 01:29:30 - [TEST_STEP][PASSED] - Statement - PreSaveFile = new java.io.File(((pathPrefix + java.lang.Integer.toString(counter)) + .png)): null

2018-12-14 01:29:30 - [TEST_STEP][PASSED] - Statement - counter = counter + 1: null

2018-12-14 01:29:30 - [TEST_STEP][PASSED] - Statement - PreSaveFile = new java.io.File(((pathPrefix + java.lang.Integer.toString(counter)) + .png)): null

2018-12-14 01:29:30 - [TEST_STEP][PASSED] - Statement - counter = counter + 1: null

2018-12-14 01:29:30 - [TEST_STEP][PASSED] - Statement - PreSaveFile = new java.io.File(((pathPrefix + java.lang.Integer.toString(counter)) + .png)): null

2018-12-14 01:29:30 - [TEST_STEP][PASSED] - Statement - counter = counter + 1: null

2018-12-14 01:29:30 - [TEST_STEP][PASSED] - Statement - PreSaveFile = new java.io.File(((pathPrefix + java.lang.Integer.toString(counter)) + .png)): null

2018-12-14 01:29:30 - [TEST_STEP][PASSED] - Statement - counter = counter + 1: null

2018-12-14 01:29:30 - [TEST_STEP][PASSED] - Statement - PreSaveFile = new java.io.File(((pathPrefix + java.lang.Integer.toString(counter)) + .png)): null

2018-12-14 01:29:30 - [TEST_STEP][PASSED] - Statement - counter = counter + 1: null

2018-12-14 01:29:30 - [TEST_STEP][PASSED] - Statement - PreSaveFile = new java.io.File(((pathPrefix + java.lang.Integer.toString(counter)) + .png)): null

2018-12-14 01:29:30 - [TEST_STEP][PASSED] - Statement - counter = counter + 1: null

2018-12-14 01:29:30 - [TEST_STEP][PASSED] - Statement - PreSaveFile = new java.io.File(((pathPrefix + java.lang.Integer.toString(counter)) + .png)): null

2018-12-14 01:29:30 - [TEST_STEP][PASSED] - Statement - counter = counter + 1: null

2018-12-14 01:29:30 - [TEST_STEP][PASSED] - Statement - PreSaveFile = new java.io.File(((pathPrefix + java.lang.Integer.toString(counter)) + .png)): null

2018-12-14 01:29:30 - [TEST_STEP][PASSED] - Statement - counter = counter + 1: null

2018-12-14 01:29:30 - [TEST_STEP][PASSED] - Statement - PreSaveFile = new java.io.File(((pathPrefix + java.lang.Integer.toString(counter)) + .png)): null

2018-12-14 01:29:30 - [TEST_STEP][PASSED] - Statement - counter = counter + 1: null

2018-12-14 01:29:30 - [TEST_STEP][PASSED] - Statement - PreSaveFile = new java.io.File(((pathPrefix + java.lang.Integer.toString(counter)) + .png)): null

2018-12-14 01:29:30 - [TEST_STEP][PASSED] - Statement - counter = counter + 1: null

2018-12-14 01:29:30 - [TEST_STEP][PASSED] - Statement - PreSaveFile = new java.io.File(((pathPrefix + java.lang.Integer.toString(counter)) + .png)): null

2018-12-14 01:29:30 - [TEST_STEP][PASSED] - Statement - counter = counter + 1: null

2018-12-14 01:29:30 - [TEST_STEP][PASSED] - Statement - PreSaveFile = new java.io.File(((pathPrefix + java.lang.Integer.toString(counter)) + .png)): null

2018-12-14 01:29:30 - [TEST_STEP][PASSED] - Statement - counter = counter + 1: null

2018-12-14 01:29:30 - [TEST_STEP][PASSED] - Statement - PreSaveFile = new java.io.File(((pathPrefix + java.lang.Integer.toString(counter)) + .png)): null

2018-12-14 01:29:30 - [TEST_STEP][PASSED] - Statement - counter = counter + 1: null

2018-12-14 01:29:30 - [TEST_STEP][PASSED] - Statement - PreSaveFile = new java.io.File(((pathPrefix + java.lang.Integer.toString(counter)) + .png)): null

2018-12-14 01:29:30 - [TEST_STEP][PASSED] - Statement - counter = counter + 1: null

2018-12-14 01:29:30 - [TEST_STEP][PASSED] - Statement - PreSaveFile = new java.io.File(((pathPrefix + java.lang.Integer.toString(counter)) + .png)): null

2018-12-14 01:29:30 - [TEST_STEP][PASSED] - Statement - counter = counter + 1: null

2018-12-14 01:29:30 - [TEST_STEP][PASSED] - Statement - PreSaveFile = new java.io.File(((pathPrefix + java.lang.Integer.toString(counter)) + .png)): null

2018-12-14 01:29:30 - [TEST_STEP][PASSED] - Statement - counter = counter + 1: null

2018-12-14 01:29:30 - [TEST_STEP][PASSED] - Statement - PreSaveFile = new java.io.File(((pathPrefix + java.lang.Integer.toString(counter)) + .png)): null

2018-12-14 01:29:30 - [TEST_STEP][PASSED] - Statement - counter = counter + 1: null

2018-12-14 01:29:30 - [TEST_STEP][PASSED] - Statement - PreSaveFile = new java.io.File(((pathPrefix + java.lang.Integer.toString(counter)) + .png)): null

2018-12-14 01:29:30 - [TEST_STEP][PASSED] - Statement - counter = counter + 1: null

2018-12-14 01:29:30 - [TEST_STEP][PASSED] - Statement - PreSaveFile = new java.io.File(((pathPrefix + java.lang.Integer.toString(counter)) + .png)): null

2018-12-14 01:29:30 - [TEST_STEP][PASSED] - Statement - counter = counter + 1: null

2018-12-14 01:29:30 - [TEST_STEP][PASSED] - Statement - PreSaveFile = new java.io.File(((pathPrefix + java.lang.Integer.toString(counter)) + .png)): null

2018-12-14 01:29:30 - [TEST_STEP][PASSED] - Statement - counter = counter + 1: null

2018-12-14 01:29:30 - [TEST_STEP][PASSED] - Statement - PreSaveFile = new java.io.File(((pathPrefix + java.lang.Integer.toString(counter)) + .png)): null

2018-12-14 01:29:30 - [TEST_STEP][PASSED] - Statement - counter = counter + 1: null

2018-12-14 01:29:30 - [TEST_STEP][PASSED] - Statement - PreSaveFile = new java.io.File(((pathPrefix + java.lang.Integer.toString(counter)) + .png)): null

2018-12-14 01:29:30 - [TEST_STEP][PASSED] - Statement - counter = counter + 1: null

2018-12-14 01:29:30 - [TEST_STEP][PASSED] - Statement - PreSaveFile = new java.io.File(((pathPrefix + java.lang.Integer.toString(counter)) + .png)): null

2018-12-14 01:29:30 - [TEST_STEP][PASSED] - Statement - counter = counter + 1: null

2018-12-14 01:29:30 - [TEST_STEP][PASSED] - Statement - PreSaveFile = new java.io.File(((pathPrefix + java.lang.Integer.toString(counter)) + .png)): null

2018-12-14 01:29:30 - [TEST_STEP][PASSED] - Statement - counter = counter + 1: null

2018-12-14 01:29:30 - [TEST_STEP][PASSED] - Statement - PreSaveFile = new java.io.File(((pathPrefix + java.lang.Integer.toString(counter)) + .png)): null

2018-12-14 01:29:30 - [TEST_STEP][PASSED] - Statement - counter = counter + 1: null

2018-12-14 01:29:30 - [TEST_STEP][PASSED] - Statement - PreSaveFile = new java.io.File(((pathPrefix + java.lang.Integer.toString(counter)) + .png)): null

2018-12-14 01:29:30 - [TEST_STEP][PASSED] - Statement - counter = counter + 1: null

2018-12-14 01:29:30 - [TEST_STEP][PASSED] - Statement - PreSaveFile = new java.io.File(((pathPrefix + java.lang.Integer.toString(counter)) + .png)): null

2018-12-14 01:29:30 - [TEST_STEP][PASSED] - Statement - counter = counter + 1: null

2018-12-14 01:29:30 - [TEST_STEP][PASSED] - Statement - PreSaveFile = new java.io.File(((pathPrefix + java.lang.Integer.toString(counter)) + .png)): null

2018-12-14 01:29:30 - [TEST_STEP][PASSED] - Statement - counter = counter + 1: null

2018-12-14 01:29:30 - [TEST_STEP][PASSED] - Statement - PreSaveFile = new java.io.File(((pathPrefix + java.lang.Integer.toString(counter)) + .png)): null

2018-12-14 01:29:30 - [TEST_STEP][PASSED] - Statement - counter = counter + 1: null

2018-12-14 01:29:30 - [TEST_STEP][PASSED] - Statement - PreSaveFile = new java.io.File(((pathPrefix + java.lang.Integer.toString(counter)) + .png)): null

2018-12-14 01:29:30 - [TEST_STEP][PASSED] - Statement - counter = counter + 1: null

2018-12-14 01:29:30 - [TEST_STEP][PASSED] - Statement - PreSaveFile = new java.io.File(((pathPrefix + java.lang.Integer.toString(counter)) + .png)): null

2018-12-14 01:29:30 - [TEST_STEP][PASSED] - Statement - counter = counter + 1: null

2018-12-14 01:29:30 - [TEST_STEP][PASSED] - Statement - PreSaveFile = new java.io.File(((pathPrefix + java.lang.Integer.toString(counter)) + .png)): null

2018-12-14 01:29:30 - [TEST_STEP][PASSED] - Statement - counter = counter + 1: null

2018-12-14 01:29:30 - [TEST_STEP][PASSED] - Statement - PreSaveFile = new java.io.File(((pathPrefix + java.lang.Integer.toString(counter)) + .png)): null

2018-12-14 01:29:30 - [TEST_STEP][PASSED] - Statement - counter = counter + 1: null

2018-12-14 01:29:30 - [TEST_STEP][PASSED] - Statement - PreSaveFile = new java.io.File(((pathPrefix + java.lang.Integer.toString(counter)) + .png)): null

2018-12-14 01:29:30 - [TEST_STEP][PASSED] - Statement - counter = counter + 1: null

2018-12-14 01:29:30 - [TEST_STEP][PASSED] - Statement - PreSaveFile = new java.io.File(((pathPrefix + java.lang.Integer.toString(counter)) + .png)): null

2018-12-14 01:29:30 - [TEST_STEP][PASSED] - Statement - counter = counter + 1: null

2018-12-14 01:29:30 - [TEST_STEP][PASSED] - Statement - PreSaveFile = new java.io.File(((pathPrefix + java.lang.Integer.toString(counter)) + .png)): null

2018-12-14 01:29:30 - [TEST_STEP][PASSED] - Statement - counter = counter + 1: null

2018-12-14 01:29:30 - [TEST_STEP][PASSED] - Statement - PreSaveFile = new java.io.File(((pathPrefix + java.lang.Integer.toString(counter)) + .png)): null

2018-12-14 01:29:30 - [TEST_STEP][PASSED] - Statement - counter = counter + 1: null

2018-12-14 01:29:30 - [TEST_STEP][PASSED] - Statement - PreSaveFile = new java.io.File(((pathPrefix + java.lang.Integer.toString(counter)) + .png)): null

2018-12-14 01:29:30 - [TEST_STEP][PASSED] - Statement - counter = counter + 1: null

2018-12-14 01:29:30 - [TEST_STEP][PASSED] - Statement - PreSaveFile = new java.io.File(((pathPrefix + java.lang.Integer.toString(counter)) + .png)): null

2018-12-14 01:29:30 - [TEST_STEP][PASSED] - Statement - counter = counter + 1: null

2018-12-14 01:29:30 - [TEST_STEP][PASSED] - Statement - PreSaveFile = new java.io.File(((pathPrefix + java.lang.Integer.toString(counter)) + .png)): null

2018-12-14 01:29:30 - [TEST_STEP][PASSED] - Statement - counter = counter + 1: null

2018-12-14 01:29:30 - [TEST_STEP][PASSED] - Statement - PreSaveFile = new java.io.File(((pathPrefix + java.lang.Integer.toString(counter)) + .png)): null

2018-12-14 01:29:30 - [TEST_STEP][PASSED] - Statement - counter = counter + 1: null

2018-12-14 01:29:30 - [TEST_STEP][PASSED] - Statement - PreSaveFile = new java.io.File(((pathPrefix + java.lang.Integer.toString(counter)) + .png)): null

2018-12-14 01:29:30 - [TEST_STEP][PASSED] - Statement - counter = counter + 1: null

2018-12-14 01:29:30 - [TEST_STEP][PASSED] - Statement - PreSaveFile = new java.io.File(((pathPrefix + java.lang.Integer.toString(counter)) + .png)): null

2018-12-14 01:29:30 - [TEST_STEP][PASSED] - Statement - counter = counter + 1: null

2018-12-14 01:29:30 - [TEST_STEP][PASSED] - Statement - PreSaveFile = new java.io.File(((pathPrefix + java.lang.Integer.toString(counter)) + .png)): null

2018-12-14 01:29:30 - [TEST_STEP][PASSED] - Statement - counter = counter + 1: null

2018-12-14 01:29:30 - [TEST_STEP][PASSED] - Statement - PreSaveFile = new java.io.File(((pathPrefix + java.lang.Integer.toString(counter)) + .png)): null

2018-12-14 01:29:30 - [TEST_STEP][PASSED] - Statement - counter = counter + 1: null

2018-12-14 01:29:30 - [TEST_STEP][PASSED] - Statement - PreSaveFile = new java.io.File(((pathPrefix + java.lang.Integer.toString(counter)) + .png)): null

2018-12-14 01:29:30 - [TEST_STEP][PASSED] - Statement - counter = counter + 1: null

2018-12-14 01:29:30 - [TEST_STEP][PASSED] - Statement - PreSaveFile = new java.io.File(((pathPrefix + java.lang.Integer.toString(counter)) + .png)): null

2018-12-14 01:29:30 - [TEST_STEP][PASSED] - Statement - counter = counter + 1: null

2018-12-14 01:29:30 - [TEST_STEP][PASSED] - Statement - PreSaveFile = new java.io.File(((pathPrefix + java.lang.Integer.toString(counter)) + .png)): null

2018-12-14 01:29:30 - [TEST_STEP][PASSED] - Statement - counter = counter + 1: null

2018-12-14 01:29:30 - [TEST_STEP][PASSED] - Statement - PreSaveFile = new java.io.File(((pathPrefix + java.lang.Integer.toString(counter)) + .png)): null

2018-12-14 01:29:30 - [TEST_STEP][PASSED] - Statement - counter = counter + 1: null

2018-12-14 01:29:30 - [TEST_STEP][PASSED] - Statement - PreSaveFile = new java.io.File(((pathPrefix + java.lang.Integer.toString(counter)) + .png)): null

2018-12-14 01:29:30 - [TEST_STEP][PASSED] - Statement - counter = counter + 1: null

2018-12-14 01:29:30 - [TEST_STEP][PASSED] - Statement - PreSaveFile = new java.io.File(((pathPrefix + java.lang.Integer.toString(counter)) + .png)): null

2018-12-14 01:29:30 - [TEST_STEP][PASSED] - Statement - counter = counter + 1: null

2018-12-14 01:29:30 - [TEST_STEP][PASSED] - Statement - PreSaveFile = new java.io.File(((pathPrefix + java.lang.Integer.toString(counter)) + .png)): null

2018-12-14 01:29:30 - [TEST_STEP][PASSED] - Statement - counter = counter + 1: null

2018-12-14 01:29:30 - [TEST_STEP][PASSED] - Statement - PreSaveFile = new java.io.File(((pathPrefix + java.lang.Integer.toString(counter)) + .png)): null

2018-12-14 01:29:30 - [TEST_STEP][PASSED] - Statement - counter = counter + 1: null

2018-12-14 01:29:30 - [TEST_STEP][PASSED] - Statement - PreSaveFile = new java.io.File(((pathPrefix + java.lang.Integer.toString(counter)) + .png)): null

2018-12-14 01:29:30 - [TEST_STEP][PASSED] - Statement - counter = counter + 1: null

2018-12-14 01:29:30 - [TEST_STEP][PASSED] - Statement - PreSaveFile = new java.io.File(((pathPrefix + java.lang.Integer.toString(counter)) + .png)): null

2018-12-14 01:29:30 - [TEST_STEP][PASSED] - Statement - counter = counter + 1: null

2018-12-14 01:29:30 - [TEST_STEP][PASSED] - Statement - PreSaveFile = new java.io.File(((pathPrefix + java.lang.Integer.toString(counter)) + .png)): null

2018-12-14 01:29:30 - [TEST_STEP][PASSED] - Statement - counter = counter + 1: null

2018-12-14 01:29:30 - [TEST_STEP][PASSED] - Statement - PreSaveFile = new java.io.File(((pathPrefix + java.lang.Integer.toString(counter)) + .png)): null

2018-12-14 01:29:30 - [TEST_STEP][PASSED] - Statement - counter = counter + 1: null

2018-12-14 01:29:30 - [TEST_STEP][PASSED] - Statement - PreSaveFile = new java.io.File(((pathPrefix + java.lang.Integer.toString(counter)) + .png)): null

2018-12-14 01:29:30 - [TEST_STEP][PASSED] - Statement - counter = counter + 1: null

2018-12-14 01:29:30 - [TEST_STEP][PASSED] - Statement - PreSaveFile = new java.io.File(((pathPrefix + java.lang.Integer.toString(counter)) + .png)): null

2018-12-14 01:29:30 - [TEST_STEP][PASSED] - Statement - counter = counter + 1: null

2018-12-14 01:29:30 - [TEST_STEP][PASSED] - Statement - PreSaveFile = new java.io.File(((pathPrefix + java.lang.Integer.toString(counter)) + .png)): null

2018-12-14 01:29:30 - [TEST_STEP][PASSED] - Statement - counter = counter + 1: null

2018-12-14 01:29:30 - [TEST_STEP][PASSED] - Statement - PreSaveFile = new java.io.File(((pathPrefix + java.lang.Integer.toString(counter)) + .png)): null

2018-12-14 01:29:30 - [TEST_STEP][PASSED] - Statement - counter = counter + 1: null

2018-12-14 01:29:30 - [TEST_STEP][PASSED] - Statement - PreSaveFile = new java.io.File(((pathPrefix + java.lang.Integer.toString(counter)) + .png)): null

2018-12-14 01:29:30 - [TEST_STEP][PASSED] - Statement - counter = counter + 1: null

2018-12-14 01:29:30 - [TEST_STEP][PASSED] - Statement - PreSaveFile = new java.io.File(((pathPrefix + java.lang.Integer.toString(counter)) + .png)): null

2018-12-14 01:29:30 - [TEST_STEP][PASSED] - Statement - counter = counter + 1: null

2018-12-14 01:29:30 - [TEST_STEP][PASSED] - Statement - PreSaveFile = new java.io.File(((pathPrefix + java.lang.Integer.toString(counter)) + .png)): null

2018-12-14 01:29:30 - [TEST_STEP][PASSED] - Statement - counter = counter + 1: null

2018-12-14 01:29:30 - [TEST_STEP][PASSED] - Statement - PreSaveFile = new java.io.File(((pathPrefix + java.lang.Integer.toString(counter)) + .png)): null

2018-12-14 01:29:30 - [TEST_STEP][PASSED] - Statement - counter = counter + 1: null

2018-12-14 01:29:30 - [TEST_STEP][PASSED] - Statement - PreSaveFile = new java.io.File(((pathPrefix + java.lang.Integer.toString(counter)) + .png)): null

2018-12-14 01:29:30 - [TEST_STEP][PASSED] - Statement - counter = counter + 1: null

2018-12-14 01:29:30 - [TEST_STEP][PASSED] - Statement - PreSaveFile = new java.io.File(((pathPrefix + java.lang.Integer.toString(counter)) + .png)): null

2018-12-14 01:29:30 - [TEST_STEP][PASSED] - Statement - counter = counter + 1: null

2018-12-14 01:29:30 - [TEST_STEP][PASSED] - Statement - PreSaveFile = new java.io.File(((pathPrefix + java.lang.Integer.toString(counter)) + .png)): null

2018-12-14 01:29:30 - [TEST_STEP][PASSED] - Statement - counter = counter + 1: null

2018-12-14 01:29:30 - [TEST_STEP][PASSED] - Statement - PreSaveFile = new java.io.File(((pathPrefix + java.lang.Integer.toString(counter)) + .png)): null

2018-12-14 01:29:30 - [TEST_STEP][PASSED] - Statement - counter = counter + 1: null

2018-12-14 01:29:30 - [TEST_STEP][PASSED] - Statement - PreSaveFile = new java.io.File(((pathPrefix + java.lang.Integer.toString(counter)) + .png)): null

2018-12-14 01:29:30 - [TEST_STEP][PASSED] - Statement - counter = counter + 1: null

2018-12-14 01:29:30 - [TEST_STEP][PASSED] - Statement - PreSaveFile = new java.io.File(((pathPrefix + java.lang.Integer.toString(counter)) + .png)): null

2018-12-14 01:29:30 - [TEST_STEP][PASSED] - Statement - counter = counter + 1: null

2018-12-14 01:29:30 - [TEST_STEP][PASSED] - Statement - PreSaveFile = new java.io.File(((pathPrefix + java.lang.Integer.toString(counter)) + .png)): null

2018-12-14 01:29:30 - [TEST_STEP][PASSED] - Statement - counter = counter + 1: null

2018-12-14 01:29:30 - [TEST_STEP][PASSED] - Statement - PreSaveFile = new java.io.File(((pathPrefix + java.lang.Integer.toString(counter)) + .png)): null

2018-12-14 01:29:30 - [TEST_STEP][PASSED] - Statement - counter = counter + 1: null

2018-12-14 01:29:30 - [TEST_STEP][PASSED] - Statement - PreSaveFile = new java.io.File(((pathPrefix + java.lang.Integer.toString(counter)) + .png)): null

2018-12-14 01:29:30 - [TEST_STEP][PASSED] - Statement - counter = counter + 1: null

2018-12-14 01:29:30 - [TEST_STEP][PASSED] - Statement - PreSaveFile = new java.io.File(((pathPrefix + java.lang.Integer.toString(counter)) + .png)): null

2018-12-14 01:29:30 - [TEST_STEP][PASSED] - Statement - counter = counter + 1: null

2018-12-14 01:29:30 - [TEST_STEP][PASSED] - Statement - PreSaveFile = new java.io.File(((pathPrefix + java.lang.Integer.toString(counter)) + .png)): null

2018-12-14 01:29:30 - [TEST_STEP][PASSED] - Statement - counter = counter + 1: null

2018-12-14 01:29:30 - [TEST_STEP][PASSED] - Statement - PreSaveFile = new java.io.File(((pathPrefix + java.lang.Integer.toString(counter)) + .png)): null

2018-12-14 01:29:30 - [TEST_STEP][PASSED] - Statement - counter = counter + 1: null

2018-12-14 01:29:30 - [TEST_STEP][PASSED] - Statement - PreSaveFile = new java.io.File(((pathPrefix + java.lang.Integer.toString(counter)) + .png)): null

2018-12-14 01:29:30 - [TEST_STEP][PASSED] - Statement - counter = counter + 1: null

2018-12-14 01:29:30 - [TEST_STEP][PASSED] - Statement - PreSaveFile = new java.io.File(((pathPrefix + java.lang.Integer.toString(counter)) + .png)): null

2018-12-14 01:29:30 - [TEST_STEP][PASSED] - Statement - counter = counter + 1: null

2018-12-14 01:29:30 - [TEST_STEP][PASSED] - Statement - PreSaveFile = new java.io.File(((pathPrefix + java.lang.Integer.toString(counter)) + .png)): null

2018-12-14 01:29:30 - [TEST_STEP][PASSED] - Statement - counter = counter + 1: null

2018-12-14 01:29:30 - [TEST_STEP][PASSED] - Statement - PreSaveFile = new java.io.File(((pathPrefix + java.lang.Integer.toString(counter)) + .png)): null

2018-12-14 01:29:30 - [TEST_STEP][PASSED] - Statement - counter = counter + 1: null

2018-12-14 01:29:30 - [TEST_STEP][PASSED] - Statement - PreSaveFile = new java.io.File(((pathPrefix + java.lang.Integer.toString(counter)) + .png)): null

2018-12-14 01:29:30 - [TEST_STEP][PASSED] - Statement - counter = counter + 1: null

2018-12-14 01:29:30 - [TEST_STEP][PASSED] - Statement - PreSaveFile = new java.io.File(((pathPrefix + java.lang.Integer.toString(counter)) + .png)): null

2018-12-14 01:29:30 - [TEST_STEP][PASSED] - Statement - counter = counter + 1: null

2018-12-14 01:29:30 - [TEST_STEP][PASSED] - Statement - PreSaveFile = new java.io.File(((pathPrefix + java.lang.Integer.toString(counter)) + .png)): null

2018-12-14 01:29:30 - [TEST_STEP][PASSED] - Statement - counter = counter + 1: null

2018-12-14 01:29:30 - [TEST_STEP][PASSED] - Statement - PreSaveFile = new java.io.File(((pathPrefix + java.lang.Integer.toString(counter)) + .png)): null

2018-12-14 01:29:30 - [TEST_STEP][PASSED] - Statement - counter = counter + 1: null

2018-12-14 01:29:30 - [TEST_STEP][PASSED] - Statement - PreSaveFile = new java.io.File(((pathPrefix + java.lang.Integer.toString(counter)) + .png)): null

2018-12-14 01:29:30 - [TEST_STEP][PASSED] - Statement - counter = counter + 1: null

2018-12-14 01:29:30 - [TEST_STEP][PASSED] - Statement - PreSaveFile = new java.io.File(((pathPrefix + java.lang.Integer.toString(counter)) + .png)): null

2018-12-14 01:29:30 - [TEST_STEP][PASSED] - Statement - counter = counter + 1: null

2018-12-14 01:29:30 - [TEST_STEP][PASSED] - Statement - PreSaveFile = new java.io.File(((pathPrefix + java.lang.Integer.toString(counter)) + .png)): null

2018-12-14 01:29:30 - [TEST_STEP][PASSED] - Statement - finalPath = pathPrefix + java.lang.Integer.toString(counter) + ".png": null

2018-12-14 01:29:30 - [TEST_STEP][PASSED] - Statement - SaveFile = new java.io.File(finalPath): null

2018-12-14 01:29:30 - [TEST_STEP][PASSED] - Statement - Try: null

2018-12-14 01:29:30 - [TEST_STEP][PASSED] - Statement - org.apache.commons.io.FileUtils.copyFile(scrFile, SaveFile): null

2018-12-14 01:29:30 - [TEST_STEP][PASSED] - Statement - out.println("file kept"): null

2018-12-14 01:29:30 - [TEST_STEP][PASSED] - delay: Delayed 10 second(s)

2018-12-14 01:29:40 - [MESSAGE][PASSED] - Delayed 10 second(s)

2018-12-14 01:29:40 - [MESSAGE][PASSED] - Call Test Case 'Test Cases/Final Aug 2018 - PKS Automation/Registration Module/New Registration/Submit and Screenshot/Submit Registration and Screenshot - Copy' successfully

2018-12-14 01:29:40 - [TEST_STEP][PASSED] - Statement - UpdateAddNewECode = com.kms.katalon.core.webui.keyword.WebUiBuiltInKeywords.getText(com.kms.katalon.core.testobject.ObjectRepository.findTestObject(Object Repository/Final Object Repo/Page_Update Add New Employee - ASSIST/getEmpCode)): Text of object 'Object Repository/Final Object Repo/Page_Update Add New Employee - ASSIST/getEmpCode' is: 'E1102070880A'

2018-12-14 01:29:40 - [MESSAGE][PASSED] - Text of object 'Object Repository/Final Object Repo/Page_Update Add New Employee - ASSIST/getEmpCode' is: 'E1102070880A'

2018-12-14 01:29:40 - [TEST_STEP][PASSED] - callTestCase: Call Test Case 'Test Cases/Final Aug 2018 - PKS Automation/Common/Emp Code Setter' successfully

2018-12-14 01:29:40 - [TEST_CASE][PASSED] - Test Cases/Final Aug 2018 - PKS Automation/Common/Emp Code Setter: Test Cases/Final Aug 2018 - PKS Automation/Common/Emp Code Setter

2018-12-14 01:29:40 - [TEST_STEP][PASSED] - Statement - EmpCodeOld = new java.io.File(C://Users//Admin//Desktop//PKS//Automation Reference Point//EmpCode.txt): null

2018-12-14 01:29:40 - [TEST_STEP][PASSED] - Statement - EmpCodeOld.delete(): null

2018-12-14 01:29:40 - [TEST_STEP][PASSED] - Statement - EmpCode = new java.io.File(C://Users//Admin//Desktop//PKS//Automation Reference Point//EmpCode.txt): null

2018-12-14 01:29:40 - [TEST_STEP][PASSED] - Statement - f2 = new java.io.FileWriter(EmpCode, false): null

2018-12-14 01:29:40 - [TEST_STEP][PASSED] - Statement - f2.write(UpdateAddNewECode): null

2018-12-14 01:29:40 - [TEST_STEP][PASSED] - Statement - f2.close(): null

2018-12-14 01:29:40 - [TEST_STEP][PASSED] - Statement - out.println("


" + UpdateAddNewECode + "


"): null

2018-12-14 01:29:40 - [MESSAGE][PASSED] - Call Test Case 'Test Cases/Final Aug 2018 - PKS Automation/Common/Emp Code Setter' successfully

2018-12-14 01:29:40 - [MESSAGE][PASSED] - Call Test Case 'Test Cases/Final Aug 2018 - PKS Automation/Registration Module/Workflow/Update Add New Employee/Template/New Company for Update Add New' successfully

2018-12-14 01:29:40 - [TEST_STEP][PASSED] - callTestCase: Call Test Case 'Test Cases/Final Aug 2018 - PKS Automation/Registration Module/Log Out/log out avoiding katalon tagging' successfully

2018-12-14 01:29:40 - [TEST_CASE][PASSED] - Test Cases/Final Aug 2018 - PKS Automation/Registration Module/Log Out/log out avoiding katalon tagging: Test Cases/Final Aug 2018 - PKS Automation/Registration Module/Log Out/log out avoiding katalon tagging

2018-12-14 01:29:40 - [TEST_STEP][PASSED] - navigateToUrl: Navigate to 'https://assist2-uat.perkeso.gov.my/c/portal/logout' successfully

2018-12-14 01:29:41 - [MESSAGE][PASSED] - Navigate to 'https://assist2-uat.perkeso.gov.my/c/portal/logout' successfully

2018-12-14 01:29:41 - [MESSAGE][PASSED] - Call Test Case 'Test Cases/Final Aug 2018 - PKS Automation/Registration Module/Log Out/log out avoiding katalon tagging' successfully

2018-12-14 01:29:41 - [TEST_STEP][PASSED] - callTestCase: Call Test Case 'Test Cases/Final Aug 2018 - PKS Automation/Registration Module/New Registration/Form 2/Date Updater' successfully

2018-12-14 01:29:41 - [TEST_CASE][PASSED] - Test Cases/Final Aug 2018 - PKS Automation/Registration Module/New Registration/Form 2/Date Updater: Test Cases/Final Aug 2018 - PKS Automation/Registration Module/New Registration/Form 2/Date Updater

2018-12-14 01:29:41 - [TEST_STEP][PASSED] - Statement - TodayDate = new java.util.Date(): null

2018-12-14 01:29:41 - [TEST_STEP][PASSED] - Statement - CurrentDateNoFilter = new java.text.SimpleDateFormat(): null

2018-12-14 01:29:41 - [TEST_STEP][PASSED] - Statement - CurrentDateNoFilter.applyPattern("MM"): null

2018-12-14 01:29:41 - [TEST_STEP][PASSED] - Statement - monthContainerMatcher = java.lang.Integer.parseInt(CurrentDateNoFilter.format(TodayDate)): null

2018-12-14 01:29:41 - [TEST_STEP][PASSED] - Statement - monthContainerMatcher = monthContainerMatcher - 1: null

2018-12-14 01:29:41 - [TEST_STEP][PASSED] - Statement - CurrentMonth = monthContainerMatcher.toString(): null

2018-12-14 01:29:41 - [TEST_STEP][PASSED] - Statement - CurrentMonth = CurrentMonth: null

2018-12-14 01:29:41 - [TEST_STEP][PASSED] - Statement - CurrentDateNoFilter.applyPattern("yyyy"): null

2018-12-14 01:29:41 - [TEST_STEP][PASSED] - Statement - CurrentYear = CurrentDateNoFilter.format(TodayDate): null

2018-12-14 01:29:41 - [TEST_STEP][PASSED] - Statement - CurrentYear = CurrentYear: null

2018-12-14 01:29:41 - [TEST_STEP][PASSED] - Statement - intCurrentYear = java.lang.Integer.parseInt(CurrentDateNoFilter.format(TodayDate)): null

2018-12-14 01:29:41 - [TEST_STEP][PASSED] - Statement - eighteenYrsAgo = intCurrentYear - 18: null

2018-12-14 01:29:41 - [TEST_STEP][PASSED] - Statement - eighteenYrsBeforeThisYr = eighteenYrsAgo.toString(): null

2018-12-14 01:29:41 - [TEST_STEP][PASSED] - Statement - EighteenYrsBefore = eighteenYrsBeforeThisYr: null

2018-12-14 01:29:41 - [TEST_STEP][PASSED] - Statement - fiftysevenYrsAgo = intCurrentYear - 57: null

2018-12-14 01:29:41 - [TEST_STEP][PASSED] - Statement - fiftysevenYrsBeforeThisYr = fiftysevenYrsAgo.toString(): null

2018-12-14 01:29:41 - [TEST_STEP][PASSED] - Statement - FiftysevenYrsBefore = fiftysevenYrsBeforeThisYr: null

2018-12-14 01:29:41 - [TEST_STEP][PASSED] - Statement - leapYear = false: null

2018-12-14 01:29:41 - [TEST_STEP][PASSED] - Statement - leapYear = intCurrentYear % 4 == 0: null

2018-12-14 01:29:41 - [TEST_STEP][PASSED] - Statement - CurrentDateNoFilter.applyPattern("dd"): null

2018-12-14 01:29:41 - [TEST_STEP][PASSED] - Statement - CurrentDate = CurrentDateNoFilter.format(TodayDate): null

2018-12-14 01:29:41 - [TEST_STEP][PASSED] - Statement - CurrentDate = java.lang.Integer.parseInt(CurrentDate): null

2018-12-14 01:29:41 - [TEST_STEP][PASSED] - Statement - CurrentDate = CurrentDate: null

2018-12-14 01:29:41 - [TEST_STEP][PASSED] - Statement - CurrentDay = java.lang.Integer.parseInt(CurrentDate): null

2018-12-14 01:29:41 - [TEST_STEP][PASSED] - Statement - ConfAdder = <not implemented yet for class: org.codehaus.groovy.ast.expr.EmptyExpression>: null

2018-12-14 01:29:41 - [TEST_STEP][PASSED] - Statement - out.println(CurrentMonth): null

2018-12-14 01:29:41 - [TEST_STEP][PASSED] - Statement - out.println(CurrentDate): null

2018-12-14 01:29:41 - [TEST_STEP][PASSED] - Statement - switch (CurrentDate): null

2018-12-14 01:29:41 - [TEST_STEP][PASSED] - Statement - Default: null

2018-12-14 01:29:41 - [TEST_STEP][PASSED] - Statement - ConfAdder = true: null

2018-12-14 01:29:41 - [TEST_STEP][PASSED] - Statement - Break: null

2018-12-14 01:29:41 - [TEST_STEP][PASSED] - Statement - aDayBefore = <not implemented yet for class: org.codehaus.groovy.ast.expr.EmptyExpression>: null

2018-12-14 01:29:41 - [TEST_STEP][PASSED] - Statement - out.println(ConfAdder): null

2018-12-14 01:29:41 - [TEST_STEP][PASSED] - Statement - If (ConfAdder == true): null

2018-12-14 01:29:41 - [TEST_STEP][PASSED] - Statement - aDayBefore = CurrentDay + 1: null

2018-12-14 01:29:41 - [TEST_STEP][PASSED] - Statement - out.println(aDayBefore): null

2018-12-14 01:29:41 - [TEST_STEP][PASSED] - Statement - If (aDayBefore == 1 && CurrentMonth == 11): null

2018-12-14 01:29:41 - [TEST_STEP][PASSED] - Statement - DayBefore = aDayBefore.toString(): null

2018-12-14 01:29:41 - [TEST_STEP][PASSED] - Statement - OneDayBefore = DayBefore: null

2018-12-14 01:29:41 - [MESSAGE][PASSED] - Call Test Case 'Test Cases/Final Aug 2018 - PKS Automation/Registration Module/New Registration/Form 2/Date Updater' successfully

2018-12-14 01:29:41 - [TEST_STEP][PASSED] - delay: Delayed 2 second(s)

2018-12-14 01:29:43 - [MESSAGE][PASSED] - Delayed 2 second(s)

2018-12-14 01:29:43 - [TEST_STEP][PASSED] - setText: Text 'klotc2@gmail.com' is set on object 'Object Repository/Final Object Repo/Page_Update Add New Employee - ASSIST/Email TextBox'

2018-12-14 01:29:44 - [MESSAGE][PASSED] - Text 'klotc2@gmail.com' is set on object 'Object Repository/Final Object Repo/Page_Update Add New Employee - ASSIST/Email TextBox'

2018-12-14 01:29:44 - [TEST_STEP][PASSED] - click: Object: 'Object Repository/Final Object Repo/Page_Update Add New Employee - ASSIST/Next Button' is clicked on

2018-12-14 01:29:44 - [MESSAGE][PASSED] - Object: 'Object Repository/Final Object Repo/Page_Update Add New Employee - ASSIST/Next Button' is clicked on

2018-12-14 01:29:44 - [TEST_STEP][PASSED] - delay: Delayed 2 second(s)

2018-12-14 01:29:46 - [MESSAGE][PASSED] - Delayed 2 second(s)

2018-12-14 01:29:46 - [TEST_STEP][PASSED] - setText: Text 'Test1@3456789' is set on object 'Object Repository/Final Object Repo/Page_Update Add New Employee - ASSIST/Password TextBox'

2018-12-14 01:29:46 - [MESSAGE][PASSED] - Text 'Test1@3456789' is set on object 'Object Repository/Final Object Repo/Page_Update Add New Employee - ASSIST/Password TextBox'

2018-12-14 01:29:46 - [TEST_STEP][PASSED] - delay: Delayed 2 second(s)

2018-12-14 01:29:48 - [MESSAGE][PASSED] - Delayed 2 second(s)

2018-12-14 01:29:48 - [TEST_STEP][PASSED] - click: Object: 'Object Repository/Final Object Repo/Page_Update Add New Employee - ASSIST/Login Button' is clicked on

2018-12-14 01:29:48 - [MESSAGE][PASSED] - Object: 'Object Repository/Final Object Repo/Page_Update Add New Employee - ASSIST/Login Button' is clicked on

2018-12-14 01:29:48 - [TEST_STEP][PASSED] - delay: Delayed 4 second(s)

2018-12-14 01:29:52 - [MESSAGE][PASSED] - Delayed 4 second(s)

2018-12-14 01:29:52 - [TEST_STEP][PASSED] - Statement - Try: Delayed 2 second(s)

2018-12-14 01:29:52 - [TEST_STEP][PASSED] - Statement - Checker = false: null

2018-12-14 01:29:52 - [TEST_STEP][PASSED] - Statement - Checker = com.kms.katalon.core.webui.keyword.WebUiBuiltInKeywords.verifyElementHasAttribute(com.kms.katalon.core.testobject.ObjectRepository.findTestObject(Final Object Repo/Landing Page/BM Detecting), "href", 20, OPTIONAL): Object 'Object Repository/Final Object Repo/Landing Page/BM Detecting' has attribute 'href'

2018-12-14 01:29:52 - [MESSAGE][PASSED] - Object 'Object Repository/Final Object Repo/Landing Page/BM Detecting' has attribute 'href'

2018-12-14 01:29:52 - [TEST_STEP][PASSED] - Statement - out.println(Checker): null

2018-12-14 01:29:52 - [TEST_STEP][PASSED] - Statement - If (Checker == false): null

2018-12-14 01:29:52 - [TEST_STEP][PASSED] - Statement - Else: null

2018-12-14 01:29:52 - [TEST_STEP][PASSED] - delay: Delayed 2 second(s)

2018-12-14 01:29:54 - [MESSAGE][PASSED] - Delayed 2 second(s)

2018-12-14 01:29:54 - [TEST_STEP][PASSED] - delay: Delayed 4 second(s)

2018-12-14 01:29:58 - [MESSAGE][PASSED] - Delayed 4 second(s)

2018-12-14 01:29:58 - [TEST_STEP][PASSED] - click: Object: 'Object Repository/Final Object Repo/Page_Update Add New Employee - ASSIST/My Sites Drop Down' is clicked on

2018-12-14 01:29:59 - [MESSAGE][PASSED] - Object: 'Object Repository/Final Object Repo/Page_Update Add New Employee - ASSIST/My Sites Drop Down' is clicked on

2018-12-14 01:29:59 - [TEST_STEP][PASSED] - click: Object: 'Object Repository/Final Object Repo/Page_Update Add New Employee - ASSIST/Select to Registration Module' is clicked on

2018-12-14 01:29:59 - [MESSAGE][PASSED] - Object: 'Object Repository/Final Object Repo/Page_Update Add New Employee - ASSIST/Select to Registration Module' is clicked on

2018-12-14 01:29:59 - [TEST_STEP][PASSED] - navigateToUrl: Navigate to 'https://assist2-uat.perkeso.gov.my/web/registration/myassist' successfully

2018-12-14 01:30:00 - [MESSAGE][PASSED] - Navigate to 'https://assist2-uat.perkeso.gov.my/web/registration/myassist' successfully

2018-12-14 01:30:00 - [TEST_STEP][PASSED] - mouseOver: Object: 'Object Repository/Final Object Repo/Page_Update Add New Employee - ASSIST/Select to Update Akta 4 Tab' is hovered

2018-12-14 01:30:00 - [MESSAGE][PASSED] - Object: 'Object Repository/Final Object Repo/Page_Update Add New Employee - ASSIST/Select to Update Akta 4 Tab' is hovered

2018-12-14 01:30:00 - [TEST_STEP][PASSED] - delay: Delayed 2 second(s)

2018-12-14 01:30:02 - [MESSAGE][PASSED] - Delayed 2 second(s)

2018-12-14 01:30:02 - [TEST_STEP][PASSED] - click: Object: 'Object Repository/Final Object Repo/Page_Update Add New Employee - ASSIST/Select to Update Add New Employee' is clicked on

2018-12-14 01:30:03 - [MESSAGE][PASSED] - Object: 'Object Repository/Final Object Repo/Page_Update Add New Employee - ASSIST/Select to Update Add New Employee' is clicked on

2018-12-14 01:30:03 - [TEST_STEP][PASSED] - delay: Delayed 2 second(s)

2018-12-14 01:30:05 - [MESSAGE][PASSED] - Delayed 2 second(s)

2018-12-14 01:30:05 - [TEST_STEP][PASSED] - setText: Text 'E1102070880A' is set on object 'Object Repository/Final Object Repo/Page_Update Add New Employee - ASSIST/Employer Code input textbox'

2018-12-14 01:30:05 - [MESSAGE][PASSED] - Text 'E1102070880A' is set on object 'Object Repository/Final Object Repo/Page_Update Add New Employee - ASSIST/Employer Code input textbox'

2018-12-14 01:30:05 - [TEST_STEP][PASSED] - delay: Delayed 2 second(s)

2018-12-14 01:30:07 - [MESSAGE][PASSED] - Delayed 2 second(s)

2018-12-14 01:30:07 - [TEST_STEP][PASSED] - click: Object: 'Object Repository/Final Object Repo/Page_Update Add New Employee - ASSIST/Search Button for Employer Code' is clicked on

2018-12-14 01:30:07 - [MESSAGE][PASSED] - Object: 'Object Repository/Final Object Repo/Page_Update Add New Employee - ASSIST/Search Button for Employer Code' is clicked on

2018-12-14 01:30:07 - [TEST_STEP][PASSED] - delay: Delayed 4 second(s)

2018-12-14 01:30:11 - [MESSAGE][PASSED] - Delayed 4 second(s)

2018-12-14 01:30:11 - [TEST_STEP][PASSED] - click: Object: 'Object Repository/Final Object Repo/Page_Update Add New Employee - ASSIST/Click to Edit Case' is clicked on

2018-12-14 01:30:14 - [MESSAGE][PASSED] - Object: 'Object Repository/Final Object Repo/Page_Update Add New Employee - ASSIST/Click to Edit Case' is clicked on

2018-12-14 01:30:14 - [TEST_STEP][PASSED] - callTestCase: Call Test Case 'Test Cases/Final Aug 2018 - PKS Automation/Registration Module/Workflow/Update Add New Employee/Template/Employee Adding/Employee Set Decider' successfully

2018-12-14 01:30:14 - [TEST_CASE][PASSED] - Test Cases/Final Aug 2018 - PKS Automation/Registration Module/Workflow/Update Add New Employee/Template/Employee Adding/Employee Set Decider: Test Cases/Final Aug 2018 - PKS Automation/Registration Module/Workflow/Update Add New Employee/Template/Employee Adding/Employee Set Decider

2018-12-14 01:30:14 - [TEST_STEP][PASSED] - delay: Delayed 4 second(s)

2018-12-14 01:30:18 - [MESSAGE][PASSED] - Delayed 4 second(s)

2018-12-14 01:30:18 - [TEST_STEP][PASSED] - click: Object: 'Object Repository/Final Object Repo/Page_Update Add New Employee - ASSIST/Add Employee Button' is clicked on

2018-12-14 01:30:18 - [MESSAGE][PASSED] - Object: 'Object Repository/Final Object Repo/Page_Update Add New Employee - ASSIST/Add Employee Button' is clicked on

2018-12-14 01:30:18 - [TEST_STEP][PASSED] - delay: Delayed 3 second(s)

2018-12-14 01:30:21 - [MESSAGE][PASSED] - Delayed 3 second(s)

2018-12-14 01:30:21 - [TEST_STEP][PASSED] - setText: Text '010903091920' is set on object 'Object Repository/Final Object Repo/Page_Update Add New Employee - ASSIST/NRIC Input'

2018-12-14 01:30:21 - [MESSAGE][PASSED] - Text '010903091920' is set on object 'Object Repository/Final Object Repo/Page_Update Add New Employee - ASSIST/NRIC Input'

2018-12-14 01:30:21 - [TEST_STEP][PASSED] - click: Object: 'Object Repository/Final Object Repo/Page_Update Add New Employee - ASSIST/button for search for IC' is clicked on

2018-12-14 01:30:22 - [MESSAGE][PASSED] - Object: 'Object Repository/Final Object Repo/Page_Update Add New Employee - ASSIST/button for search for IC' is clicked on

2018-12-14 01:30:22 - [TEST_STEP][PASSED] - delay: Delayed 2 second(s)

2018-12-14 01:30:24 - [MESSAGE][PASSED] - Delayed 2 second(s)

2018-12-14 01:30:24 - [TEST_STEP][PASSED] - sendKeys: Keys 'CONTROL + a' sent to object: 'Object Repository/Final Object Repo/Page_Update Add New Employee - ASSIST/Employee Name Input'

2018-12-14 01:30:24 - [MESSAGE][PASSED] - Keys 'CONTROL + a' sent to object: 'Object Repository/Final Object Repo/Page_Update Add New Employee - ASSIST/Employee Name Input'

2018-12-14 01:30:24 - [TEST_STEP][PASSED] - sendKeys: Keys 'CONTROL + c' sent to object: 'Object Repository/Final Object Repo/Page_Update Add New Employee - ASSIST/Employee Name Input'

2018-12-14 01:30:24 - [MESSAGE][PASSED] - Keys 'CONTROL + c' sent to object: 'Object Repository/Final Object Repo/Page_Update Add New Employee - ASSIST/Employee Name Input'

2018-12-14 01:30:24 - [TEST_STEP][PASSED] - Statement - toolkit = java.awt.Toolkit.getDefaultToolkit(): null

2018-12-14 01:30:24 - [TEST_STEP][PASSED] - Statement - clipboard = toolkit.getSystemClipboard(): null

2018-12-14 01:30:24 - [TEST_STEP][PASSED] - Statement - CurrentName = clipboard.getData(stringFlavor): null

2018-12-14 01:30:24 - [TEST_STEP][PASSED] - Statement - out.println("String from Clipboard:" + CurrentName): null

2018-12-14 01:30:24 - [TEST_STEP][PASSED] - Statement - If (CurrentName == "AUTOMATE002 ELIGIBLE 1"): Call Test Case 'Test Cases/Final Aug 2018 - PKS Automation/Registration Module/Workflow/Update Add New Employee/Template/Employee Adding/Employee Adding Action Repeat IC - set 1' successfully

2018-12-14 01:30:24 - [TEST_STEP][PASSED] - callTestCase: Call Test Case 'Test Cases/Final Aug 2018 - PKS Automation/Registration Module/Workflow/Update Add New Employee/Template/Employee Adding/Employee Adding Action Repeat IC - set 1' successfully

2018-12-14 01:30:24 - [TEST_CASE][PASSED] - Test Cases/Final Aug 2018 - PKS Automation/Registration Module/Workflow/Update Add New Employee/Template/Employee Adding/Employee Adding Action Repeat IC - set 1: Test Cases/Final Aug 2018 - PKS Automation/Registration Module/Workflow/Update Add New Employee/Template/Employee Adding/Employee Adding Action Repeat IC - set 1

2018-12-14 01:30:24 - [TEST_STEP][PASSED] - setText: Text 'Automate003 eligible 1' is set on object 'Object Repository/Final Object Repo/Page_Update Add New Employee - ASSIST/Employee Name Input'

2018-12-14 01:30:25 - [MESSAGE][PASSED] - Text 'Automate003 eligible 1' is set on object 'Object Repository/Final Object Repo/Page_Update Add New Employee - ASSIST/Employee Name Input'

2018-12-14 01:30:25 - [TEST_STEP][PASSED] - delay: Delayed 2 second(s)

2018-12-14 01:30:27 - [MESSAGE][PASSED] - Delayed 2 second(s)

2018-12-14 01:30:27 - [TEST_STEP][PASSED] - click: Object: 'Object Repository/Final Object Repo/Page_Update Add New Employee - ASSIST/DatePicker Pop Up' is clicked on

2018-12-14 01:30:27 - [MESSAGE][PASSED] - Object: 'Object Repository/Final Object Repo/Page_Update Add New Employee - ASSIST/DatePicker Pop Up' is clicked on

2018-12-14 01:30:27 - [TEST_STEP][PASSED] - click: Object: 'Object Repository/Final Object Repo/Page_Update Add New Employee - ASSIST/DOB Month' is clicked on

2018-12-14 01:30:27 - [MESSAGE][PASSED] - Object: 'Object Repository/Final Object Repo/Page_Update Add New Employee - ASSIST/DOB Month' is clicked on

2018-12-14 01:30:27 - [TEST_STEP][PASSED] - Statement - CurrentMonth = CurrentMonth: null

2018-12-14 01:30:27 - [TEST_STEP][PASSED] - Statement - selectMonth = new com.kms.katalon.core.testobject.TestObject(): null

2018-12-14 01:30:27 - [TEST_STEP][PASSED] - Statement - selectMonth.addProperty("xpath", EQUALS, "//body/div/div/div/select/option[@value='" + CurrentMonth + "']", true): null

2018-12-14 01:30:27 - [TEST_STEP][PASSED] - click: Object: '' is clicked on

2018-12-14 01:30:27 - [MESSAGE][PASSED] - Object: '' is clicked on

2018-12-14 01:30:27 - [TEST_STEP][PASSED] - click: Object: 'Object Repository/Final Object Repo/Page_Update Add New Employee - ASSIST/DOB Year' is clicked on

2018-12-14 01:30:28 - [MESSAGE][PASSED] - Object: 'Object Repository/Final Object Repo/Page_Update Add New Employee - ASSIST/DOB Year' is clicked on

2018-12-14 01:30:28 - [TEST_STEP][PASSED] - Statement - Eyearsbf = EighteenYrsBefore: null

2018-12-14 01:30:28 - [TEST_STEP][PASSED] - Statement - selectYear = new com.kms.katalon.core.testobject.TestObject(): null

2018-12-14 01:30:28 - [TEST_STEP][PASSED] - Statement - selectYear.addProperty("xpath", EQUALS, "//div/div/div/select/option[@value='" + Eyearsbf + "']", true): null

2018-12-14 01:30:28 - [TEST_STEP][PASSED] - click: Object: '' is clicked on

2018-12-14 01:30:28 - [MESSAGE][PASSED] - Object: '' is clicked on

2018-12-14 01:30:28 - [TEST_STEP][PASSED] - Statement - UpdatedSelectDate = com.kms.katalon.core.webui.keyword.WebUiBuiltInKeywords.modifyObjectProperty(com.kms.katalon.core.testobject.ObjectRepository.findTestObject(Final Object Repo/Page_Update Add New Employee - ASSIST/DOB Date), "xpath", "equals", "//body/div/table/tbody/tr/td/a[text()="" + CurrentDate + ""]", true): Modify property of object successfully

2018-12-14 01:30:28 - [MESSAGE][PASSED] - Modify property of object successfully

2018-12-14 01:30:28 - [TEST_STEP][PASSED] - delay: Delayed 3 second(s)

2018-12-14 01:30:31 - [MESSAGE][PASSED] - Delayed 3 second(s)

2018-12-14 01:30:31 - [TEST_STEP][PASSED] - click: Object: 'Object Repository/Final Object Repo/Page_Update Add New Employee - ASSIST/DOB Date' is clicked on

2018-12-14 01:30:31 - [MESSAGE][PASSED] - Object: 'Object Repository/Final Object Repo/Page_Update Add New Employee - ASSIST/DOB Date' is clicked on

2018-12-14 01:30:31 - [TEST_STEP][PASSED] - delay: Delayed 2 second(s)

2018-12-14 01:30:33 - [MESSAGE][PASSED] - Delayed 2 second(s)

2018-12-14 01:30:33 - [TEST_STEP][PASSED] - click: Object: 'Object Repository/Final Object Repo/Page_Update Add New Employee - ASSIST/EmploymentStartDate Pop Up' is clicked on

2018-12-14 01:30:33 - [MESSAGE][PASSED] - Object: 'Object Repository/Final Object Repo/Page_Update Add New Employee - ASSIST/EmploymentStartDate Pop Up' is clicked on

2018-12-14 01:30:33 - [TEST_STEP][PASSED] - delay: Delayed 2 second(s)

2018-12-14 01:30:35 - [MESSAGE][PASSED] - Delayed 2 second(s)

2018-12-14 01:30:35 - [TEST_STEP][PASSED] - click: Object: 'Object Repository/Final Object Repo/Page_Update Add New Employee - ASSIST/Socso Employment StartDate Month' is clicked on

2018-12-14 01:30:35 - [MESSAGE][PASSED] - Object: 'Object Repository/Final Object Repo/Page_Update Add New Employee - ASSIST/Socso Employment StartDate Month' is clicked on

2018-12-14 01:30:35 - [TEST_STEP][PASSED] - delay: Delayed 1 second(s)

2018-12-14 01:30:36 - [MESSAGE][PASSED] - Delayed 1 second(s)

2018-12-14 01:30:36 - [TEST_STEP][PASSED] - click: Object: 'Object Repository/Final Object Repo/Page_Update Add New Employee - ASSIST/Select Socso Employement Startdate Month' is clicked on

2018-12-14 01:30:36 - [MESSAGE][PASSED] - Object: 'Object Repository/Final Object Repo/Page_Update Add New Employee - ASSIST/Select Socso Employement Startdate Month' is clicked on

2018-12-14 01:30:36 - [TEST_STEP][PASSED] - delay: Delayed 2 second(s)

2018-12-14 01:30:38 - [MESSAGE][PASSED] - Delayed 2 second(s)

2018-12-14 01:30:38 - [TEST_STEP][PASSED] - click: Object: 'Object Repository/Final Object Repo/Page_Update Add New Employee - ASSIST/Socso Employment StartDate Year' is clicked on

2018-12-14 01:30:39 - [MESSAGE][PASSED] - Object: 'Object Repository/Final Object Repo/Page_Update Add New Employee - ASSIST/Socso Employment StartDate Year' is clicked on

2018-12-14 01:30:39 - [TEST_STEP][PASSED] - delay: Delayed 1 second(s)

2018-12-14 01:30:40 - [MESSAGE][PASSED] - Delayed 1 second(s)

2018-12-14 01:30:40 - [TEST_STEP][PASSED] - click: Object: 'Object Repository/Final Object Repo/Page_Update Add New Employee - ASSIST/Select Socso Employment Startdate Year' is clicked on

2018-12-14 01:30:40 - [MESSAGE][PASSED] - Object: 'Object Repository/Final Object Repo/Page_Update Add New Employee - ASSIST/Select Socso Employment Startdate Year' is clicked on

2018-12-14 01:30:40 - [TEST_STEP][PASSED] - delay: Delayed 2 second(s)

2018-12-14 01:30:42 - [MESSAGE][PASSED] - Delayed 2 second(s)

2018-12-14 01:30:42 - [TEST_STEP][PASSED] - click: Object: 'Object Repository/Final Object Repo/Page_Update Add New Employee - ASSIST/Socso Employment Start Date Day' is clicked on

2018-12-14 01:30:42 - [MESSAGE][PASSED] - Object: 'Object Repository/Final Object Repo/Page_Update Add New Employee - ASSIST/Socso Employment Start Date Day' is clicked on

2018-12-14 01:30:42 - [TEST_STEP][PASSED] - delay: Delayed 2 second(s)

2018-12-14 01:30:44 - [MESSAGE][PASSED] - Delayed 2 second(s)

2018-12-14 01:30:44 - [TEST_STEP][PASSED] - click: Object: 'Object Repository/Final Object Repo/Page_Update Add New Employee - ASSIST/Save Button for Add Employee' is clicked on

2018-12-14 01:30:44 - [MESSAGE][PASSED] - Object: 'Object Repository/Final Object Repo/Page_Update Add New Employee - ASSIST/Save Button for Add Employee' is clicked on

2018-12-14 01:30:44 - [TEST_STEP][PASSED] - delay: Delayed 6 second(s)

2018-12-14 01:30:50 - [MESSAGE][PASSED] - Delayed 6 second(s)

2018-12-14 01:30:50 - [TEST_STEP][PASSED] - click: Object: 'Object Repository/Final Object Repo/Page_Update Add New Employee - ASSIST/Add Employee Button' is clicked on

2018-12-14 01:30:50 - [MESSAGE][PASSED] - Object: 'Object Repository/Final Object Repo/Page_Update Add New Employee - ASSIST/Add Employee Button' is clicked on

2018-12-14 01:30:50 - [TEST_STEP][PASSED] - delay: Delayed 4 second(s)

2018-12-14 01:30:54 - [MESSAGE][PASSED] - Delayed 4 second(s)

2018-12-14 01:30:54 - [TEST_STEP][PASSED] - setText: Text '620904059600' is set on object 'Object Repository/Final Object Repo/Page_Update Add New Employee - ASSIST/NRIC Input'

2018-12-14 01:30:55 - [MESSAGE][PASSED] - Text '620904059600' is set on object 'Object Repository/Final Object Repo/Page_Update Add New Employee - ASSIST/NRIC Input'

2018-12-14 01:30:55 - [TEST_STEP][PASSED] - click: Object: 'Object Repository/Final Object Repo/Page_Update Add New Employee - ASSIST/button for search for IC' is clicked on

2018-12-14 01:30:55 - [MESSAGE][PASSED] - Object: 'Object Repository/Final Object Repo/Page_Update Add New Employee - ASSIST/button for search for IC' is clicked on

2018-12-14 01:30:55 - [TEST_STEP][PASSED] - delay: Delayed 2 second(s)

2018-12-14 01:30:57 - [MESSAGE][PASSED] - Delayed 2 second(s)

2018-12-14 01:30:57 - [TEST_STEP][PASSED] - setText: Text 'Automate003 eligible 2' is set on object 'Object Repository/Final Object Repo/Page_Update Add New Employee - ASSIST/Employee Name Input'

2018-12-14 01:30:57 - [MESSAGE][PASSED] - Text 'Automate003 eligible 2' is set on object 'Object Repository/Final Object Repo/Page_Update Add New Employee - ASSIST/Employee Name Input'

2018-12-14 01:30:57 - [TEST_STEP][PASSED] - delay: Delayed 2 second(s)

2018-12-14 01:30:59 - [MESSAGE][PASSED] - Delayed 2 second(s)

2018-12-14 01:30:59 - [TEST_STEP][PASSED] - click: Object: 'Object Repository/Final Object Repo/Page_Update Add New Employee - ASSIST/DatePicker Pop Up' is clicked on

2018-12-14 01:31:00 - [MESSAGE][PASSED] - Object: 'Object Repository/Final Object Repo/Page_Update Add New Employee - ASSIST/DatePicker Pop Up' is clicked on

2018-12-14 01:31:00 - [TEST_STEP][PASSED] - delay: Delayed 2 second(s)

2018-12-14 01:31:02 - [MESSAGE][PASSED] - Delayed 2 second(s)

2018-12-14 01:31:02 - [TEST_STEP][PASSED] - click: Object: 'Object Repository/Final Object Repo/Page_Update Add New Employee - ASSIST/DOB Month' is clicked on

2018-12-14 01:31:02 - [MESSAGE][PASSED] - Object: 'Object Repository/Final Object Repo/Page_Update Add New Employee - ASSIST/DOB Month' is clicked on

2018-12-14 01:31:02 - [TEST_STEP][PASSED] - Statement - selectMonth = com.kms.katalon.core.webui.keyword.WebUiBuiltInKeywords.modifyObjectProperty(selectMonth, "xpath", "equals", "//body/div/div/div/select/option[@value="" + CurrentMonth + ""]", true): Modify property of object successfully

2018-12-14 01:31:02 - [MESSAGE][PASSED] - Modify property of object successfully

2018-12-14 01:31:02 - [TEST_STEP][PASSED] - click: Object: '' is clicked on

2018-12-14 01:31:02 - [MESSAGE][PASSED] - Object: '' is clicked on

2018-12-14 01:31:02 - [TEST_STEP][PASSED] - click: Object: 'Object Repository/Final Object Repo/Page_Update Add New Employee - ASSIST/DOB Year' is clicked on

2018-12-14 01:31:02 - [MESSAGE][PASSED] - Object: 'Object Repository/Final Object Repo/Page_Update Add New Employee - ASSIST/DOB Year' is clicked on

2018-12-14 01:31:02 - [TEST_STEP][PASSED] - Statement - selectYear = com.kms.katalon.core.webui.keyword.WebUiBuiltInKeywords.modifyObjectProperty(selectYear, "xpath", "equals", "//div/div/div/select/option[@value="" + FiftysevenYrsBefore + ""]", true): Modify property of object successfully

2018-12-14 01:31:02 - [MESSAGE][PASSED] - Modify property of object successfully

2018-12-14 01:31:02 - [TEST_STEP][PASSED] - click: Object: '' is clicked on

2018-12-14 01:31:02 - [MESSAGE][PASSED] - Object: '' is clicked on

2018-12-14 01:31:02 - [TEST_STEP][PASSED] - Statement - UpdatedSelectDate = com.kms.katalon.core.webui.keyword.WebUiBuiltInKeywords.modifyObjectProperty(com.kms.katalon.core.testobject.ObjectRepository.findTestObject(Final Object Repo/Page_Update Add New Employee - ASSIST/DOB Date), "xpath", "equals", "//body/div/table/tbody/tr/td/a[text()="" + OneDayBefore + ""]", true): Modify property of object successfully

2018-12-14 01:31:02 - [MESSAGE][PASSED] - Modify property of object successfully

2018-12-14 01:31:02 - [TEST_STEP][PASSED] - click: Object: 'Object Repository/Final Object Repo/Page_Update Add New Employee - ASSIST/DOB Date' is clicked on

2018-12-14 01:31:02 - [MESSAGE][PASSED] - Object: 'Object Repository/Final Object Repo/Page_Update Add New Employee - ASSIST/DOB Date' is clicked on

2018-12-14 01:31:02 - [TEST_STEP][PASSED] - delay: Delayed 2 second(s)

2018-12-14 01:31:04 - [MESSAGE][PASSED] - Delayed 2 second(s)

2018-12-14 01:31:04 - [TEST_STEP][PASSED] - click: Object: 'Object Repository/Final Object Repo/Page_Update Add New Employee - ASSIST/EmploymentStartDate Pop Up' is clicked on

2018-12-14 01:31:05 - [MESSAGE][PASSED] - Object: 'Object Repository/Final Object Repo/Page_Update Add New Employee - ASSIST/EmploymentStartDate Pop Up' is clicked on

2018-12-14 01:31:05 - [TEST_STEP][PASSED] - delay: Delayed 2 second(s)

2018-12-14 01:31:07 - [MESSAGE][PASSED] - Delayed 2 second(s)

2018-12-14 01:31:07 - [TEST_STEP][PASSED] - click: Object: 'Object Repository/Final Object Repo/Page_Update Add New Employee - ASSIST/Socso Employment StartDate Month' is clicked on

2018-12-14 01:31:07 - [MESSAGE][PASSED] - Object: 'Object Repository/Final Object Repo/Page_Update Add New Employee - ASSIST/Socso Employment StartDate Month' is clicked on

2018-12-14 01:31:07 - [TEST_STEP][PASSED] - delay: Delayed 1 second(s)

2018-12-14 01:31:08 - [MESSAGE][PASSED] - Delayed 1 second(s)

2018-12-14 01:31:08 - [TEST_STEP][PASSED] - click: Object: 'Object Repository/Final Object Repo/Page_Update Add New Employee - ASSIST/Select Socso Employement Startdate Month' is clicked on

2018-12-14 01:31:08 - [MESSAGE][PASSED] - Object: 'Object Repository/Final Object Repo/Page_Update Add New Employee - ASSIST/Select Socso Employement Startdate Month' is clicked on

2018-12-14 01:31:08 - [TEST_STEP][PASSED] - delay: Delayed 2 second(s)

2018-12-14 01:31:10 - [MESSAGE][PASSED] - Delayed 2 second(s)

2018-12-14 01:31:10 - [TEST_STEP][PASSED] - click: Object: 'Object Repository/Final Object Repo/Page_Update Add New Employee - ASSIST/Socso Employment StartDate Year' is clicked on

2018-12-14 01:31:10 - [MESSAGE][PASSED] - Object: 'Object Repository/Final Object Repo/Page_Update Add New Employee - ASSIST/Socso Employment StartDate Year' is clicked on

2018-12-14 01:31:10 - [TEST_STEP][PASSED] - delay: Delayed 1 second(s)

2018-12-14 01:31:11 - [MESSAGE][PASSED] - Delayed 1 second(s)

2018-12-14 01:31:11 - [TEST_STEP][PASSED] - click: Object: 'Object Repository/Final Object Repo/Page_Update Add New Employee - ASSIST/Select Socso Employment Startdate Year' is clicked on

2018-12-14 01:31:11 - [MESSAGE][PASSED] - Object: 'Object Repository/Final Object Repo/Page_Update Add New Employee - ASSIST/Select Socso Employment Startdate Year' is clicked on

2018-12-14 01:31:11 - [TEST_STEP][PASSED] - delay: Delayed 2 second(s)

2018-12-14 01:31:13 - [MESSAGE][PASSED] - Delayed 2 second(s)

2018-12-14 01:31:13 - [TEST_STEP][PASSED] - click: Object: 'Object Repository/Final Object Repo/Page_Update Add New Employee - ASSIST/Socso Employment Start Date Day' is clicked on

2018-12-14 01:31:13 - [MESSAGE][PASSED] - Object: 'Object Repository/Final Object Repo/Page_Update Add New Employee - ASSIST/Socso Employment Start Date Day' is clicked on

2018-12-14 01:31:13 - [TEST_STEP][PASSED] - delay: Delayed 2 second(s)

2018-12-14 01:31:15 - [MESSAGE][PASSED] - Delayed 2 second(s)

2018-12-14 01:31:15 - [TEST_STEP][PASSED] - click: Object: 'Object Repository/Final Object Repo/Page_Update Add New Employee - ASSIST/Save Button for Add Employee' is clicked on

2018-12-14 01:31:16 - [MESSAGE][PASSED] - Object: 'Object Repository/Final Object Repo/Page_Update Add New Employee - ASSIST/Save Button for Add Employee' is clicked on

2018-12-14 01:31:16 - [TEST_STEP][PASSED] - delay: Delayed 10 second(s)

2018-12-14 01:31:26 - [MESSAGE][PASSED] - Delayed 10 second(s)

2018-12-14 01:31:26 - [TEST_STEP][PASSED] - waitForElementClickable: Object 'Object Repository/Final Object Repo/Page_Update Add New Employee - ASSIST/Add Employee Button' is clickable

2018-12-14 01:31:26 - [MESSAGE][PASSED] - Object 'Object Repository/Final Object Repo/Page_Update Add New Employee - ASSIST/Add Employee Button' is clickable

2018-12-14 01:31:26 - [TEST_STEP][PASSED] - click: Object: 'Object Repository/Final Object Repo/Page_Update Add New Employee - ASSIST/Add Employee Button' is clicked on

2018-12-14 01:31:26 - [MESSAGE][PASSED] - Object: 'Object Repository/Final Object Repo/Page_Update Add New Employee - ASSIST/Add Employee Button' is clicked on

2018-12-14 01:31:26 - [TEST_STEP][PASSED] - delay: Delayed 4 second(s)

2018-12-14 01:31:30 - [MESSAGE][PASSED] - Delayed 4 second(s)

2018-12-14 01:31:30 - [TEST_STEP][PASSED] - setText: Text '000209039100' is set on object 'Object Repository/Final Object Repo/Page_Update Add New Employee - ASSIST/NRIC Input'

2018-12-14 01:31:30 - [MESSAGE][PASSED] - Text '000209039100' is set on object 'Object Repository/Final Object Repo/Page_Update Add New Employee - ASSIST/NRIC Input'

2018-12-14 01:31:30 - [TEST_STEP][PASSED] - click: Object: 'Object Repository/Final Object Repo/Page_Update Add New Employee - ASSIST/button for search for IC' is clicked on

2018-12-14 01:31:30 - [MESSAGE][PASSED] - Object: 'Object Repository/Final Object Repo/Page_Update Add New Employee - ASSIST/button for search for IC' is clicked on

2018-12-14 01:31:30 - [TEST_STEP][PASSED] - delay: Delayed 2 second(s)

2018-12-14 01:31:32 - [MESSAGE][PASSED] - Delayed 2 second(s)

2018-12-14 01:31:32 - [TEST_STEP][PASSED] - setText: Text 'Automate003 not eligible 1' is set on object 'Object Repository/Final Object Repo/Page_Update Add New Employee - ASSIST/Employee Name Input'

2018-12-14 01:31:33 - [MESSAGE][PASSED] - Text 'Automate003 not eligible 1' is set on object 'Object Repository/Final Object Repo/Page_Update Add New Employee - ASSIST/Employee Name Input'

2018-12-14 01:31:33 - [TEST_STEP][PASSED] - delay: Delayed 2 second(s)

2018-12-14 01:31:35 - [MESSAGE][PASSED] - Delayed 2 second(s)

2018-12-14 01:31:35 - [TEST_STEP][PASSED] - click: Object: 'Object Repository/Final Object Repo/Page_Update Add New Employee - ASSIST/DatePicker Pop Up' is clicked on

2018-12-14 01:31:35 - [MESSAGE][PASSED] - Object: 'Object Repository/Final Object Repo/Page_Update Add New Employee - ASSIST/DatePicker Pop Up' is clicked on

2018-12-14 01:31:35 - [TEST_STEP][PASSED] - delay: Delayed 2 second(s)

2018-12-14 01:31:37 - [MESSAGE][PASSED] - Delayed 2 second(s)

2018-12-14 01:31:37 - [TEST_STEP][PASSED] - click: Object: 'Object Repository/Final Object Repo/Page_Update Add New Employee - ASSIST/DOB Month' is clicked on

2018-12-14 01:31:37 - [MESSAGE][PASSED] - Object: 'Object Repository/Final Object Repo/Page_Update Add New Employee - ASSIST/DOB Month' is clicked on

2018-12-14 01:31:37 - [TEST_STEP][PASSED] - Statement - selectMonth = com.kms.katalon.core.webui.keyword.WebUiBuiltInKeywords.modifyObjectProperty(selectMonth, "xpath", "equals", "//body/div/div/div/select/option[@value="" + CurrentMonth + ""]", true): Modify property of object successfully

2018-12-14 01:31:37 - [MESSAGE][PASSED] - Modify property of object successfully

2018-12-14 01:31:37 - [TEST_STEP][PASSED] - click: Object: '' is clicked on

2018-12-14 01:31:37 - [MESSAGE][PASSED] - Object: '' is clicked on

2018-12-14 01:31:37 - [TEST_STEP][PASSED] - click: Object: 'Object Repository/Final Object Repo/Page_Update Add New Employee - ASSIST/DOB Year' is clicked on

2018-12-14 01:31:38 - [MESSAGE][PASSED] - Object: 'Object Repository/Final Object Repo/Page_Update Add New Employee - ASSIST/DOB Year' is clicked on

2018-12-14 01:31:38 - [TEST_STEP][PASSED] - Statement - selectYear = com.kms.katalon.core.webui.keyword.WebUiBuiltInKeywords.modifyObjectProperty(selectYear, "xpath", "equals", "//div/div/div/select/option[@value="" + EighteenYrsBefore + ""]", true): Modify property of object successfully

2018-12-14 01:31:38 - [MESSAGE][PASSED] - Modify property of object successfully

2018-12-14 01:31:38 - [TEST_STEP][PASSED] - click: Object: '' is clicked on

2018-12-14 01:31:38 - [MESSAGE][PASSED] - Object: '' is clicked on

2018-12-14 01:31:38 - [TEST_STEP][PASSED] - Statement - UpdatedSelectDate = com.kms.katalon.core.webui.keyword.WebUiBuiltInKeywords.modifyObjectProperty(com.kms.katalon.core.testobject.ObjectRepository.findTestObject(Final Object Repo/Page_Update Add New Employee - ASSIST/DOB Date), "xpath", "equals", "//body/div/table/tbody/tr/td/a[text()="" + OneDayBefore + ""]", true): Modify property of object successfully

2018-12-14 01:31:38 - [MESSAGE][PASSED] - Modify property of object successfully

2018-12-14 01:31:38 - [TEST_STEP][PASSED] - click: Object: 'Object Repository/Final Object Repo/Page_Update Add New Employee - ASSIST/DOB Date' is clicked on

2018-12-14 01:31:38 - [MESSAGE][PASSED] - Object: 'Object Repository/Final Object Repo/Page_Update Add New Employee - ASSIST/DOB Date' is clicked on

2018-12-14 01:31:38 - [TEST_STEP][PASSED] - delay: Delayed 2 second(s)

2018-12-14 01:31:40 - [MESSAGE][PASSED] - Delayed 2 second(s)

2018-12-14 01:31:40 - [TEST_STEP][PASSED] - click: Object: 'Object Repository/Final Object Repo/Page_Update Add New Employee - ASSIST/EmploymentStartDate Pop Up' is clicked on

2018-12-14 01:31:40 - [MESSAGE][PASSED] - Object: 'Object Repository/Final Object Repo/Page_Update Add New Employee - ASSIST/EmploymentStartDate Pop Up' is clicked on

2018-12-14 01:31:40 - [TEST_STEP][PASSED] - delay: Delayed 2 second(s)

2018-12-14 01:31:42 - [MESSAGE][PASSED] - Delayed 2 second(s)

2018-12-14 01:31:42 - [TEST_STEP][PASSED] - click: Object: 'Object Repository/Final Object Repo/Page_Update Add New Employee - ASSIST/Socso Employment StartDate Month' is clicked on

2018-12-14 01:31:42 - [MESSAGE][PASSED] - Object: 'Object Repository/Final Object Repo/Page_Update Add New Employee - ASSIST/Socso Employment StartDate Month' is clicked on

2018-12-14 01:31:42 - [TEST_STEP][PASSED] - delay: Delayed 1 second(s)

2018-12-14 01:31:43 - [MESSAGE][PASSED] - Delayed 1 second(s)

2018-12-14 01:31:43 - [TEST_STEP][PASSED] - click: Object: 'Object Repository/Final Object Repo/Page_Update Add New Employee - ASSIST/Select Socso Employement Startdate Month' is clicked on

2018-12-14 01:31:43 - [MESSAGE][PASSED] - Object: 'Object Repository/Final Object Repo/Page_Update Add New Employee - ASSIST/Select Socso Employement Startdate Month' is clicked on

2018-12-14 01:31:43 - [TEST_STEP][PASSED] - delay: Delayed 2 second(s)

2018-12-14 01:31:45 - [MESSAGE][PASSED] - Delayed 2 second(s)

2018-12-14 01:31:45 - [TEST_STEP][PASSED] - click: Object: 'Object Repository/Final Object Repo/Page_Update Add New Employee - ASSIST/Socso Employment StartDate Year' is clicked on

2018-12-14 01:31:46 - [MESSAGE][PASSED] - Object: 'Object Repository/Final Object Repo/Page_Update Add New Employee - ASSIST/Socso Employment StartDate Year' is clicked on

2018-12-14 01:31:46 - [TEST_STEP][PASSED] - delay: Delayed 1 second(s)

2018-12-14 01:31:47 - [MESSAGE][PASSED] - Delayed 1 second(s)

2018-12-14 01:31:47 - [TEST_STEP][PASSED] - click: Object: 'Object Repository/Final Object Repo/Page_Update Add New Employee - ASSIST/Select Socso Employment Startdate Year' is clicked on

2018-12-14 01:31:47 - [MESSAGE][PASSED] - Object: 'Object Repository/Final Object Repo/Page_Update Add New Employee - ASSIST/Select Socso Employment Startdate Year' is clicked on

2018-12-14 01:31:47 - [TEST_STEP][PASSED] - delay: Delayed 2 second(s)

2018-12-14 01:31:49 - [MESSAGE][PASSED] - Delayed 2 second(s)

2018-12-14 01:31:49 - [TEST_STEP][PASSED] - click: Object: 'Object Repository/Final Object Repo/Page_Update Add New Employee - ASSIST/Socso Employment Start Date Day' is clicked on

2018-12-14 01:31:49 - [MESSAGE][PASSED] - Object: 'Object Repository/Final Object Repo/Page_Update Add New Employee - ASSIST/Socso Employment Start Date Day' is clicked on

2018-12-14 01:31:49 - [TEST_STEP][PASSED] - delay: Delayed 2 second(s)

2018-12-14 01:31:51 - [MESSAGE][PASSED] - Delayed 2 second(s)

2018-12-14 01:31:51 - [TEST_STEP][PASSED] - click: Object: 'Object Repository/Final Object Repo/Page_Update Add New Employee - ASSIST/Save Button for Add Employee' is clicked on

2018-12-14 01:31:51 - [MESSAGE][PASSED] - Object: 'Object Repository/Final Object Repo/Page_Update Add New Employee - ASSIST/Save Button for Add Employee' is clicked on

2018-12-14 01:31:51 - [TEST_STEP][PASSED] - delay: Delayed 20 second(s)

2018-12-14 01:32:11 - [MESSAGE][PASSED] - Delayed 20 second(s)

2018-12-14 01:32:11 - [TEST_STEP][PASSED] - click: Object: 'Object Repository/Final Object Repo/Page_Update Add New Employee - ASSIST/Add Employee Button' is clicked on

2018-12-14 01:32:11 - [MESSAGE][PASSED] - Object: 'Object Repository/Final Object Repo/Page_Update Add New Employee - ASSIST/Add Employee Button' is clicked on

2018-12-14 01:32:11 - [TEST_STEP][PASSED] - delay: Delayed 4 second(s)

2018-12-14 01:32:15 - [MESSAGE][PASSED] - Delayed 4 second(s)

2018-12-14 01:32:15 - [TEST_STEP][PASSED] - setText: Text '600203039104' is set on object 'Object Repository/Final Object Repo/Page_Update Add New Employee - ASSIST/NRIC Input'

2018-12-14 01:32:16 - [MESSAGE][PASSED] - Text '600203039104' is set on object 'Object Repository/Final Object Repo/Page_Update Add New Employee - ASSIST/NRIC Input'

2018-12-14 01:32:16 - [TEST_STEP][PASSED] - click: Object: 'Object Repository/Final Object Repo/Page_Update Add New Employee - ASSIST/button for search for IC' is clicked on

2018-12-14 01:32:16 - [MESSAGE][PASSED] - Object: 'Object Repository/Final Object Repo/Page_Update Add New Employee - ASSIST/button for search for IC' is clicked on

2018-12-14 01:32:16 - [TEST_STEP][PASSED] - delay: Delayed 2 second(s)

2018-12-14 01:32:18 - [MESSAGE][PASSED] - Delayed 2 second(s)

2018-12-14 01:32:18 - [TEST_STEP][PASSED] - setText: Text 'Automate003 not eligible 2' is set on object 'Object Repository/Final Object Repo/Page_Update Add New Employee - ASSIST/Employee Name Input'

2018-12-14 01:32:18 - [MESSAGE][PASSED] - Text 'Automate003 not eligible 2' is set on object 'Object Repository/Final Object Repo/Page_Update Add New Employee - ASSIST/Employee Name Input'

2018-12-14 01:32:18 - [TEST_STEP][PASSED] - delay: Delayed 2 second(s)

2018-12-14 01:32:20 - [MESSAGE][PASSED] - Delayed 2 second(s)

2018-12-14 01:32:20 - [TEST_STEP][PASSED] - click: Object: 'Object Repository/Final Object Repo/Page_Update Add New Employee - ASSIST/DatePicker Pop Up' is clicked on

2018-12-14 01:32:21 - [MESSAGE][PASSED] - Object: 'Object Repository/Final Object Repo/Page_Update Add New Employee - ASSIST/DatePicker Pop Up' is clicked on

2018-12-14 01:32:21 - [TEST_STEP][PASSED] - delay: Delayed 2 second(s)

2018-12-14 01:32:23 - [MESSAGE][PASSED] - Delayed 2 second(s)

2018-12-14 01:32:23 - [TEST_STEP][PASSED] - click: Object: 'Object Repository/Final Object Repo/Page_Update Add New Employee - ASSIST/DOB Month' is clicked on

2018-12-14 01:32:23 - [MESSAGE][PASSED] - Object: 'Object Repository/Final Object Repo/Page_Update Add New Employee - ASSIST/DOB Month' is clicked on

2018-12-14 01:32:23 - [TEST_STEP][PASSED] - Statement - selectMonth = com.kms.katalon.core.webui.keyword.WebUiBuiltInKeywords.modifyObjectProperty(selectMonth, "xpath", "equals", "//body/div/div/div/select/option[@value="" + CurrentMonth + ""]", true): Modify property of object successfully

2018-12-14 01:32:23 - [MESSAGE][PASSED] - Modify property of object successfully

2018-12-14 01:32:23 - [TEST_STEP][PASSED] - click: Object: '' is clicked on

2018-12-14 01:32:23 - [MESSAGE][PASSED] - Object: '' is clicked on

2018-12-14 01:32:23 - [TEST_STEP][PASSED] - click: Object: 'Object Repository/Final Object Repo/Page_Update Add New Employee - ASSIST/DOB Year' is clicked on

2018-12-14 01:32:23 - [MESSAGE][PASSED] - Object: 'Object Repository/Final Object Repo/Page_Update Add New Employee - ASSIST/DOB Year' is clicked on

2018-12-14 01:32:23 - [TEST_STEP][PASSED] - Statement - selectYear = com.kms.katalon.core.webui.keyword.WebUiBuiltInKeywords.modifyObjectProperty(selectYear, "xpath", "equals", "//div/div/div/select/option[@value="" + FiftysevenYrsBefore + ""]", true): Modify property of object successfully

2018-12-14 01:32:23 - [MESSAGE][PASSED] - Modify property of object successfully

2018-12-14 01:32:23 - [TEST_STEP][PASSED] - click: Object: '' is clicked on

2018-12-14 01:32:23 - [MESSAGE][PASSED] - Object: '' is clicked on

2018-12-14 01:32:23 - [TEST_STEP][PASSED] - Statement - UpdatedSelectDate = com.kms.katalon.core.webui.keyword.WebUiBuiltInKeywords.modifyObjectProperty(com.kms.katalon.core.testobject.ObjectRepository.findTestObject(Final Object Repo/Page_Update Add New Employee - ASSIST/DOB Date), "xpath", "equals", "//body/div/table/tbody/tr/td/a[text()="" + CurrentDate + ""]", true): Modify property of object successfully

2018-12-14 01:32:23 - [MESSAGE][PASSED] - Modify property of object successfully

2018-12-14 01:32:23 - [TEST_STEP][PASSED] - click: Object: 'Object Repository/Final Object Repo/Page_Update Add New Employee - ASSIST/DOB Date' is clicked on

2018-12-14 01:32:23 - [MESSAGE][PASSED] - Object: 'Object Repository/Final Object Repo/Page_Update Add New Employee - ASSIST/DOB Date' is clicked on

2018-12-14 01:32:23 - [TEST_STEP][PASSED] - click: Object: 'Object Repository/Final Object Repo/Page_Update Add New Employee - ASSIST/EmploymentStartDate Pop Up' is clicked on

2018-12-14 01:32:24 - [MESSAGE][PASSED] - Object: 'Object Repository/Final Object Repo/Page_Update Add New Employee - ASSIST/EmploymentStartDate Pop Up' is clicked on

2018-12-14 01:32:24 - [TEST_STEP][PASSED] - delay: Delayed 2 second(s)

2018-12-14 01:32:26 - [MESSAGE][PASSED] - Delayed 2 second(s)

2018-12-14 01:32:26 - [TEST_STEP][PASSED] - click: Object: 'Object Repository/Final Object Repo/Page_Update Add New Employee - ASSIST/Socso Employment StartDate Month' is clicked on

2018-12-14 01:32:26 - [MESSAGE][PASSED] - Object: 'Object Repository/Final Object Repo/Page_Update Add New Employee - ASSIST/Socso Employment StartDate Month' is clicked on

2018-12-14 01:32:26 - [TEST_STEP][PASSED] - delay: Delayed 1 second(s)

2018-12-14 01:32:27 - [MESSAGE][PASSED] - Delayed 1 second(s)

2018-12-14 01:32:27 - [TEST_STEP][PASSED] - click: Object: 'Object Repository/Final Object Repo/Page_Update Add New Employee - ASSIST/Select Socso Employement Startdate Month' is clicked on

2018-12-14 01:32:27 - [MESSAGE][PASSED] - Object: 'Object Repository/Final Object Repo/Page_Update Add New Employee - ASSIST/Select Socso Employement Startdate Month' is clicked on

2018-12-14 01:32:27 - [TEST_STEP][PASSED] - delay: Delayed 2 second(s)

2018-12-14 01:32:29 - [MESSAGE][PASSED] - Delayed 2 second(s)

2018-12-14 01:32:29 - [TEST_STEP][PASSED] - click: Object: 'Object Repository/Final Object Repo/Page_Update Add New Employee - ASSIST/Socso Employment StartDate Year' is clicked on

2018-12-14 01:32:29 - [MESSAGE][PASSED] - Object: 'Object Repository/Final Object Repo/Page_Update Add New Employee - ASSIST/Socso Employment StartDate Year' is clicked on

2018-12-14 01:32:29 - [TEST_STEP][PASSED] - delay: Delayed 1 second(s)

2018-12-14 01:32:30 - [MESSAGE][PASSED] - Delayed 1 second(s)

2018-12-14 01:32:30 - [TEST_STEP][PASSED] - click: Object: 'Object Repository/Final Object Repo/Page_Update Add New Employee - ASSIST/Select Socso Employment Startdate Year' is clicked on

2018-12-14 01:32:30 - [MESSAGE][PASSED] - Object: 'Object Repository/Final Object Repo/Page_Update Add New Employee - ASSIST/Select Socso Employment Startdate Year' is clicked on

2018-12-14 01:32:30 - [TEST_STEP][PASSED] - delay: Delayed 2 second(s)

2018-12-14 01:32:32 - [MESSAGE][PASSED] - Delayed 2 second(s)

2018-12-14 01:32:32 - [TEST_STEP][PASSED] - click: Object: 'Object Repository/Final Object Repo/Page_Update Add New Employee - ASSIST/Socso Employment Start Date Day' is clicked on

2018-12-14 01:32:32 - [MESSAGE][PASSED] - Object: 'Object Repository/Final Object Repo/Page_Update Add New Employee - ASSIST/Socso Employment Start Date Day' is clicked on

2018-12-14 01:32:32 - [TEST_STEP][PASSED] - delay: Delayed 2 second(s)

2018-12-14 01:32:34 - [MESSAGE][PASSED] - Delayed 2 second(s)

2018-12-14 01:32:34 - [TEST_STEP][PASSED] - click: Object: 'Object Repository/Final Object Repo/Page_Update Add New Employee - ASSIST/Save Button for Add Employee' is clicked on

2018-12-14 01:32:35 - [MESSAGE][PASSED] - Object: 'Object Repository/Final Object Repo/Page_Update Add New Employee - ASSIST/Save Button for Add Employee' is clicked on

2018-12-14 01:32:35 - [MESSAGE][PASSED] - Call Test Case 'Test Cases/Final Aug 2018 - PKS Automation/Registration Module/Workflow/Update Add New Employee/Template/Employee Adding/Employee Adding Action Repeat IC - set 1' successfully

2018-12-14 01:32:35 - [MESSAGE][PASSED] - Call Test Case 'Test Cases/Final Aug 2018 - PKS Automation/Registration Module/Workflow/Update Add New Employee/Template/Employee Adding/Employee Set Decider' successfully

2018-12-14 01:32:35 - [TEST_STEP][PASSED] - delay: Delayed 4 second(s)

2018-12-14 01:32:39 - [MESSAGE][PASSED] - Delayed 4 second(s)

2018-12-14 01:32:39 - [TEST_STEP][PASSED] - Statement - CaseReferenceNo = com.kms.katalon.core.webui.keyword.WebUiBuiltInKeywords.getText(com.kms.katalon.core.testobject.ObjectRepository.findTestObject(Final Object Repo/Page_Update Add New Employee - ASSIST/RefNo)): Text of object 'Object Repository/Final Object Repo/Page_Update Add New Employee - ASSIST/RefNo' is: 'CAN12201800002352'

2018-12-14 01:32:39 - [MESSAGE][PASSED] - Text of object 'Object Repository/Final Object Repo/Page_Update Add New Employee - ASSIST/RefNo' is: 'CAN12201800002352'

2018-12-14 01:32:39 - [TEST_STEP][PASSED] - callTestCase: Call Test Case 'Test Cases/Final Aug 2018 - PKS Automation/Common/Reference Number Setter' successfully

2018-12-14 01:32:39 - [TEST_CASE][PASSED] - Test Cases/Final Aug 2018 - PKS Automation/Common/Reference Number Setter: Test Cases/Final Aug 2018 - PKS Automation/Common/Reference Number Setter

2018-12-14 01:32:39 - [TEST_STEP][PASSED] - Statement - RefNoOldFile = new java.io.File(C://Users//Admin//Desktop//PKS//Automation Reference Point//KatalonReference.txt): null

2018-12-14 01:32:39 - [TEST_STEP][PASSED] - Statement - RefNoOldFile.delete(): null

2018-12-14 01:32:39 - [TEST_STEP][PASSED] - delay: Delayed 5 second(s)

2018-12-14 01:32:44 - [MESSAGE][PASSED] - Delayed 5 second(s)

2018-12-14 01:32:44 - [TEST_STEP][PASSED] - Statement - RefNo = new java.io.File(C://Users//Admin//Desktop//PKS//Automation Reference Point//KatalonReference.txt): null

2018-12-14 01:32:44 - [TEST_STEP][PASSED] - Statement - f2 = new java.io.FileWriter(RefNo, false): null

2018-12-14 01:32:44 - [TEST_STEP][PASSED] - Statement - f2.write(CaseReferenceNo): null

2018-12-14 01:32:44 - [TEST_STEP][PASSED] - Statement - f2.close(): null

2018-12-14 01:32:44 - [TEST_STEP][PASSED] - Statement - out.println("


" + CaseReferenceNo + "


"): null

2018-12-14 01:32:44 - [MESSAGE][PASSED] - Call Test Case 'Test Cases/Final Aug 2018 - PKS Automation/Common/Reference Number Setter' successfully

2018-12-14 01:32:44 - [TEST_STEP][PASSED] - delay: Delayed 5 second(s)

2018-12-14 01:32:49 - [MESSAGE][PASSED] - Delayed 5 second(s)

2018-12-14 01:32:49 - [TEST_STEP][PASSED] - click: Object: 'Object Repository/Final Object Repo/Page_Update Add New Employee - ASSIST/Incomplete Checkbox' is clicked on

2018-12-14 01:32:49 - [MESSAGE][PASSED] - Object: 'Object Repository/Final Object Repo/Page_Update Add New Employee - ASSIST/Incomplete Checkbox' is clicked on

2018-12-14 01:32:49 - [TEST_STEP][PASSED] - delay: Delayed 5 second(s)

2018-12-14 01:32:54 - [MESSAGE][PASSED] - Delayed 5 second(s)

2018-12-14 01:32:54 - [TEST_STEP][PASSED] - click: Object: 'Object Repository/Final Object Repo/Page_Update Add New Employee - ASSIST/Save  Continue Button' is clicked on

2018-12-14 01:32:54 - [MESSAGE][PASSED] - Object: 'Object Repository/Final Object Repo/Page_Update Add New Employee - ASSIST/Save  Continue Button' is clicked on

2018-12-14 01:32:54 - [TEST_STEP][PASSED] - delay: Delayed 6 second(s)

2018-12-14 01:33:00 - [MESSAGE][PASSED] - Delayed 6 second(s)

2018-12-14 01:33:00 - [TEST_STEP][PASSED] - click: Object: 'Object Repository/Final Object Repo/Page_Update Add New Employee - ASSIST/Save  Continue Third Screen' is clicked on

2018-12-14 01:33:03 - [MESSAGE][PASSED] - Object: 'Object Repository/Final Object Repo/Page_Update Add New Employee - ASSIST/Save  Continue Third Screen' is clicked on

2018-12-14 01:33:03 - [TEST_STEP][PASSED] - delay: Delayed 4 second(s)

2018-12-14 01:33:07 - [MESSAGE][PASSED] - Delayed 4 second(s)

2018-12-14 01:33:07 - [TEST_STEP][PASSED] - click: Object: 'Object Repository/Final Object Repo/Page_Update Add New Employee - ASSIST/Save   Continue Supporting Doc Page' is clicked on

2018-12-14 01:33:07 - [MESSAGE][PASSED] - Object: 'Object Repository/Final Object Repo/Page_Update Add New Employee - ASSIST/Save   Continue Supporting Doc Page' is clicked on

2018-12-14 01:33:07 - [TEST_STEP][PASSED] - delay: Delayed 4 second(s)

2018-12-14 01:33:11 - [MESSAGE][PASSED] - Delayed 4 second(s)

2018-12-14 01:33:11 - [TEST_STEP][PASSED] - click: Object: 'Object Repository/Final Object Repo/Page_Update Add New Employee - ASSIST/Submit Button' is clicked on

2018-12-14 01:33:12 - [MESSAGE][PASSED] - Object: 'Object Repository/Final Object Repo/Page_Update Add New Employee - ASSIST/Submit Button' is clicked on

2018-12-14 01:33:12 - [TEST_STEP][PASSED] - delay: Delayed 4 second(s)

2018-12-14 01:33:16 - [MESSAGE][PASSED] - Delayed 4 second(s)

2018-12-14 01:33:16 - [TEST_STEP][PASSED] - click: Object: 'Object Repository/Final Object Repo/Page_Update Add New Employee - ASSIST/Confirm Submit Button' is clicked on

2018-12-14 01:33:16 - [MESSAGE][PASSED] - Object: 'Object Repository/Final Object Repo/Page_Update Add New Employee - ASSIST/Confirm Submit Button' is clicked on

2018-12-14 01:33:16 - [TEST_STEP][PASSED] - delay: Delayed 30 second(s)

2018-12-14 01:33:46 - [MESSAGE][PASSED] - Delayed 30 second(s)

2018-12-14 01:33:46 - [TEST_STEP][PASSED] - callTestCase: Call Test Case 'Test Cases/Final Aug 2018 - PKS Automation/Common/Screenshoting tool' successfully

2018-12-14 01:33:46 - [TEST_CASE][PASSED] - Test Cases/Final Aug 2018 - PKS Automation/Common/Screenshoting tool: Test Cases/Final Aug 2018 - PKS Automation/Common/Screenshoting tool

2018-12-14 01:33:46 - [TEST_STEP][PASSED] - delay: Delayed 15 second(s)

2018-12-14 01:34:01 - [MESSAGE][PASSED] - Delayed 15 second(s)

2018-12-14 01:34:01 - [TEST_STEP][PASSED] - Statement - driver = com.kms.katalon.core.webui.driver.DriverFactory.getWebDriver(): null

2018-12-14 01:34:01 - [TEST_STEP][PASSED] - Statement - driver.manage().timeouts().implicitlyWait(10, SECONDS): null

2018-12-14 01:34:01 - [TEST_STEP][PASSED] - Statement - PresavePath = KatalonScreenshots: null

2018-12-14 01:34:01 - [TEST_STEP][PASSED] - Statement - pathPrefix = "C:\Users\Public\Pictures\Sample Pictures\Katalon Screenshots\Automate Ending Screen": null

2018-12-14 01:34:01 - [TEST_STEP][PASSED] - Statement - finalPath = <not implemented yet for class: org.codehaus.groovy.ast.expr.EmptyExpression>: null

2018-12-14 01:34:01 - [TEST_STEP][PASSED] - Statement - scrFile = driver.getScreenshotAs(FILE): null

2018-12-14 01:34:01 - [TEST_STEP][PASSED] - Statement - PreSaveFile = new java.io.File(PresavePath): null

2018-12-14 01:34:01 - [TEST_STEP][PASSED] - Statement - counter = 0: null

2018-12-14 01:34:01 - [TEST_STEP][PASSED] - Statement - If (PreSaveFile.exists()): null

2018-12-14 01:34:01 - [TEST_STEP][PASSED] - Statement - While (PreSaveFile.exists()): null

2018-12-14 01:34:01 - [TEST_STEP][PASSED] - Statement - counter = counter + 1: null

2018-12-14 01:34:01 - [TEST_STEP][PASSED] - Statement - PreSaveFile = new java.io.File(((pathPrefix + java.lang.Integer.toString(counter)) + .png)): null

2018-12-14 01:34:01 - [TEST_STEP][PASSED] - Statement - counter = counter + 1: null

2018-12-14 01:34:01 - [TEST_STEP][PASSED] - Statement - PreSaveFile = new java.io.File(((pathPrefix + java.lang.Integer.toString(counter)) + .png)): null

2018-12-14 01:34:01 - [TEST_STEP][PASSED] - Statement - counter = counter + 1: null

2018-12-14 01:34:01 - [TEST_STEP][PASSED] - Statement - PreSaveFile = new java.io.File(((pathPrefix + java.lang.Integer.toString(counter)) + .png)): null

2018-12-14 01:34:01 - [TEST_STEP][PASSED] - Statement - counter = counter + 1: null

2018-12-14 01:34:01 - [TEST_STEP][PASSED] - Statement - PreSaveFile = new java.io.File(((pathPrefix + java.lang.Integer.toString(counter)) + .png)): null

2018-12-14 01:34:01 - [TEST_STEP][PASSED] - Statement - counter = counter + 1: null

2018-12-14 01:34:01 - [TEST_STEP][PASSED] - Statement - PreSaveFile = new java.io.File(((pathPrefix + java.lang.Integer.toString(counter)) + .png)): null

2018-12-14 01:34:01 - [TEST_STEP][PASSED] - Statement - counter = counter + 1: null

2018-12-14 01:34:01 - [TEST_STEP][PASSED] - Statement - PreSaveFile = new java.io.File(((pathPrefix + java.lang.Integer.toString(counter)) + .png)): null

2018-12-14 01:34:01 - [TEST_STEP][PASSED] - Statement - counter = counter + 1: null

2018-12-14 01:34:01 - [TEST_STEP][PASSED] - Statement - PreSaveFile = new java.io.File(((pathPrefix + java.lang.Integer.toString(counter)) + .png)): null

2018-12-14 01:34:01 - [TEST_STEP][PASSED] - Statement - counter = counter + 1: null

2018-12-14 01:34:01 - [TEST_STEP][PASSED] - Statement - PreSaveFile = new java.io.File(((pathPrefix + java.lang.Integer.toString(counter)) + .png)): null

2018-12-14 01:34:01 - [TEST_STEP][PASSED] - Statement - counter = counter + 1: null

2018-12-14 01:34:01 - [TEST_STEP][PASSED] - Statement - PreSaveFile = new java.io.File(((pathPrefix + java.lang.Integer.toString(counter)) + .png)): null

2018-12-14 01:34:01 - [TEST_STEP][PASSED] - Statement - counter = counter + 1: null

2018-12-14 01:34:01 - [TEST_STEP][PASSED] - Statement - PreSaveFile = new java.io.File(((pathPrefix + java.lang.Integer.toString(counter)) + .png)): null

2018-12-14 01:34:01 - [TEST_STEP][PASSED] - Statement - counter = counter + 1: null

2018-12-14 01:34:01 - [TEST_STEP][PASSED] - Statement - PreSaveFile = new java.io.File(((pathPrefix + java.lang.Integer.toString(counter)) + .png)): null

2018-12-14 01:34:01 - [TEST_STEP][PASSED] - Statement - counter = counter + 1: null

2018-12-14 01:34:01 - [TEST_STEP][PASSED] - Statement - PreSaveFile = new java.io.File(((pathPrefix + java.lang.Integer.toString(counter)) + .png)): null

2018-12-14 01:34:01 - [TEST_STEP][PASSED] - Statement - counter = counter + 1: null

2018-12-14 01:34:01 - [TEST_STEP][PASSED] - Statement - PreSaveFile = new java.io.File(((pathPrefix + java.lang.Integer.toString(counter)) + .png)): null

2018-12-14 01:34:01 - [TEST_STEP][PASSED] - Statement - counter = counter + 1: null

2018-12-14 01:34:01 - [TEST_STEP][PASSED] - Statement - PreSaveFile = new java.io.File(((pathPrefix + java.lang.Integer.toString(counter)) + .png)): null

2018-12-14 01:34:01 - [TEST_STEP][PASSED] - Statement - counter = counter + 1: null

2018-12-14 01:34:01 - [TEST_STEP][PASSED] - Statement - PreSaveFile = new java.io.File(((pathPrefix + java.lang.Integer.toString(counter)) + .png)): null

2018-12-14 01:34:01 - [TEST_STEP][PASSED] - Statement - counter = counter + 1: null

2018-12-14 01:34:01 - [TEST_STEP][PASSED] - Statement - PreSaveFile = new java.io.File(((pathPrefix + java.lang.Integer.toString(counter)) + .png)): null

2018-12-14 01:34:01 - [TEST_STEP][PASSED] - Statement - counter = counter + 1: null

2018-12-14 01:34:01 - [TEST_STEP][PASSED] - Statement - PreSaveFile = new java.io.File(((pathPrefix + java.lang.Integer.toString(counter)) + .png)): null

2018-12-14 01:34:01 - [TEST_STEP][PASSED] - Statement - counter = counter + 1: null

2018-12-14 01:34:01 - [TEST_STEP][PASSED] - Statement - PreSaveFile = new java.io.File(((pathPrefix + java.lang.Integer.toString(counter)) + .png)): null

2018-12-14 01:34:01 - [TEST_STEP][PASSED] - Statement - counter = counter + 1: null

2018-12-14 01:34:01 - [TEST_STEP][PASSED] - Statement - PreSaveFile = new java.io.File(((pathPrefix + java.lang.Integer.toString(counter)) + .png)): null

2018-12-14 01:34:01 - [TEST_STEP][PASSED] - Statement - counter = counter + 1: null

2018-12-14 01:34:01 - [TEST_STEP][PASSED] - Statement - PreSaveFile = new java.io.File(((pathPrefix + java.lang.Integer.toString(counter)) + .png)): null

2018-12-14 01:34:01 - [TEST_STEP][PASSED] - Statement - counter = counter + 1: null

2018-12-14 01:34:01 - [TEST_STEP][PASSED] - Statement - PreSaveFile = new java.io.File(((pathPrefix + java.lang.Integer.toString(counter)) + .png)): null

2018-12-14 01:34:01 - [TEST_STEP][PASSED] - Statement - counter = counter + 1: null

2018-12-14 01:34:01 - [TEST_STEP][PASSED] - Statement - PreSaveFile = new java.io.File(((pathPrefix + java.lang.Integer.toString(counter)) + .png)): null

2018-12-14 01:34:01 - [TEST_STEP][PASSED] - Statement - counter = counter + 1: null

2018-12-14 01:34:01 - [TEST_STEP][PASSED] - Statement - PreSaveFile = new java.io.File(((pathPrefix + java.lang.Integer.toString(counter)) + .png)): null

2018-12-14 01:34:01 - [TEST_STEP][PASSED] - Statement - counter = counter + 1: null

2018-12-14 01:34:01 - [TEST_STEP][PASSED] - Statement - PreSaveFile = new java.io.File(((pathPrefix + java.lang.Integer.toString(counter)) + .png)): null

2018-12-14 01:34:01 - [TEST_STEP][PASSED] - Statement - counter = counter + 1: null

2018-12-14 01:34:01 - [TEST_STEP][PASSED] - Statement - PreSaveFile = new java.io.File(((pathPrefix + java.lang.Integer.toString(counter)) + .png)): null

2018-12-14 01:34:01 - [TEST_STEP][PASSED] - Statement - counter = counter + 1: null

2018-12-14 01:34:01 - [TEST_STEP][PASSED] - Statement - PreSaveFile = new java.io.File(((pathPrefix + java.lang.Integer.toString(counter)) + .png)): null

2018-12-14 01:34:01 - [TEST_STEP][PASSED] - Statement - counter = counter + 1: null

2018-12-14 01:34:01 - [TEST_STEP][PASSED] - Statement - PreSaveFile = new java.io.File(((pathPrefix + java.lang.Integer.toString(counter)) + .png)): null

2018-12-14 01:34:01 - [TEST_STEP][PASSED] - Statement - counter = counter + 1: null

2018-12-14 01:34:01 - [TEST_STEP][PASSED] - Statement - PreSaveFile = new java.io.File(((pathPrefix + java.lang.Integer.toString(counter)) + .png)): null

2018-12-14 01:34:01 - [TEST_STEP][PASSED] - Statement - counter = counter + 1: null

2018-12-14 01:34:01 - [TEST_STEP][PASSED] - Statement - PreSaveFile = new java.io.File(((pathPrefix + java.lang.Integer.toString(counter)) + .png)): null

2018-12-14 01:34:01 - [TEST_STEP][PASSED] - Statement - counter = counter + 1: null

2018-12-14 01:34:01 - [TEST_STEP][PASSED] - Statement - PreSaveFile = new java.io.File(((pathPrefix + java.lang.Integer.toString(counter)) + .png)): null

2018-12-14 01:34:01 - [TEST_STEP][PASSED] - Statement - counter = counter + 1: null

2018-12-14 01:34:01 - [TEST_STEP][PASSED] - Statement - PreSaveFile = new java.io.File(((pathPrefix + java.lang.Integer.toString(counter)) + .png)): null

2018-12-14 01:34:01 - [TEST_STEP][PASSED] - Statement - counter = counter + 1: null

2018-12-14 01:34:01 - [TEST_STEP][PASSED] - Statement - PreSaveFile = new java.io.File(((pathPrefix + java.lang.Integer.toString(counter)) + .png)): null

2018-12-14 01:34:01 - [TEST_STEP][PASSED] - Statement - counter = counter + 1: null

2018-12-14 01:34:01 - [TEST_STEP][PASSED] - Statement - PreSaveFile = new java.io.File(((pathPrefix + java.lang.Integer.toString(counter)) + .png)): null

2018-12-14 01:34:01 - [TEST_STEP][PASSED] - Statement - counter = counter + 1: null

2018-12-14 01:34:01 - [TEST_STEP][PASSED] - Statement - PreSaveFile = new java.io.File(((pathPrefix + java.lang.Integer.toString(counter)) + .png)): null

2018-12-14 01:34:01 - [TEST_STEP][PASSED] - Statement - counter = counter + 1: null

2018-12-14 01:34:01 - [TEST_STEP][PASSED] - Statement - PreSaveFile = new java.io.File(((pathPrefix + java.lang.Integer.toString(counter)) + .png)): null

2018-12-14 01:34:01 - [TEST_STEP][PASSED] - Statement - counter = counter + 1: null

2018-12-14 01:34:01 - [TEST_STEP][PASSED] - Statement - PreSaveFile = new java.io.File(((pathPrefix + java.lang.Integer.toString(counter)) + .png)): null

2018-12-14 01:34:01 - [TEST_STEP][PASSED] - Statement - counter = counter + 1: null

2018-12-14 01:34:01 - [TEST_STEP][PASSED] - Statement - PreSaveFile = new java.io.File(((pathPrefix + java.lang.Integer.toString(counter)) + .png)): null

2018-12-14 01:34:01 - [TEST_STEP][PASSED] - Statement - counter = counter + 1: null

2018-12-14 01:34:01 - [TEST_STEP][PASSED] - Statement - PreSaveFile = new java.io.File(((pathPrefix + java.lang.Integer.toString(counter)) + .png)): null

2018-12-14 01:34:01 - [TEST_STEP][PASSED] - Statement - counter = counter + 1: null

2018-12-14 01:34:01 - [TEST_STEP][PASSED] - Statement - PreSaveFile = new java.io.File(((pathPrefix + java.lang.Integer.toString(counter)) + .png)): null

2018-12-14 01:34:01 - [TEST_STEP][PASSED] - Statement - counter = counter + 1: null

2018-12-14 01:34:01 - [TEST_STEP][PASSED] - Statement - PreSaveFile = new java.io.File(((pathPrefix + java.lang.Integer.toString(counter)) + .png)): null

2018-12-14 01:34:01 - [TEST_STEP][PASSED] - Statement - counter = counter + 1: null

2018-12-14 01:34:01 - [TEST_STEP][PASSED] - Statement - PreSaveFile = new java.io.File(((pathPrefix + java.lang.Integer.toString(counter)) + .png)): null

2018-12-14 01:34:01 - [TEST_STEP][PASSED] - Statement - counter = counter + 1: null

2018-12-14 01:34:01 - [TEST_STEP][PASSED] - Statement - PreSaveFile = new java.io.File(((pathPrefix + java.lang.Integer.toString(counter)) + .png)): null

2018-12-14 01:34:01 - [TEST_STEP][PASSED] - Statement - counter = counter + 1: null

2018-12-14 01:34:01 - [TEST_STEP][PASSED] - Statement - PreSaveFile = new java.io.File(((pathPrefix + java.lang.Integer.toString(counter)) + .png)): null

2018-12-14 01:34:01 - [TEST_STEP][PASSED] - Statement - counter = counter + 1: null

2018-12-14 01:34:01 - [TEST_STEP][PASSED] - Statement - PreSaveFile = new java.io.File(((pathPrefix + java.lang.Integer.toString(counter)) + .png)): null

2018-12-14 01:34:01 - [TEST_STEP][PASSED] - Statement - counter = counter + 1: null

2018-12-14 01:34:01 - [TEST_STEP][PASSED] - Statement - PreSaveFile = new java.io.File(((pathPrefix + java.lang.Integer.toString(counter)) + .png)): null

2018-12-14 01:34:01 - [TEST_STEP][PASSED] - Statement - counter = counter + 1: null

2018-12-14 01:34:01 - [TEST_STEP][PASSED] - Statement - PreSaveFile = new java.io.File(((pathPrefix + java.lang.Integer.toString(counter)) + .png)): null

2018-12-14 01:34:01 - [TEST_STEP][PASSED] - Statement - counter = counter + 1: null

2018-12-14 01:34:01 - [TEST_STEP][PASSED] - Statement - PreSaveFile = new java.io.File(((pathPrefix + java.lang.Integer.toString(counter)) + .png)): null

2018-12-14 01:34:01 - [TEST_STEP][PASSED] - Statement - counter = counter + 1: null

2018-12-14 01:34:01 - [TEST_STEP][PASSED] - Statement - PreSaveFile = new java.io.File(((pathPrefix + java.lang.Integer.toString(counter)) + .png)): null

2018-12-14 01:34:01 - [TEST_STEP][PASSED] - Statement - counter = counter + 1: null

2018-12-14 01:34:01 - [TEST_STEP][PASSED] - Statement - PreSaveFile = new java.io.File(((pathPrefix + java.lang.Integer.toString(counter)) + .png)): null

2018-12-14 01:34:01 - [TEST_STEP][PASSED] - Statement - counter = counter + 1: null

2018-12-14 01:34:01 - [TEST_STEP][PASSED] - Statement - PreSaveFile = new java.io.File(((pathPrefix + java.lang.Integer.toString(counter)) + .png)): null

2018-12-14 01:34:01 - [TEST_STEP][PASSED] - Statement - counter = counter + 1: null

2018-12-14 01:34:01 - [TEST_STEP][PASSED] - Statement - PreSaveFile = new java.io.File(((pathPrefix + java.lang.Integer.toString(counter)) + .png)): null

2018-12-14 01:34:01 - [TEST_STEP][PASSED] - Statement - counter = counter + 1: null

2018-12-14 01:34:01 - [TEST_STEP][PASSED] - Statement - PreSaveFile = new java.io.File(((pathPrefix + java.lang.Integer.toString(counter)) + .png)): null

2018-12-14 01:34:01 - [TEST_STEP][PASSED] - Statement - counter = counter + 1: null

2018-12-14 01:34:01 - [TEST_STEP][PASSED] - Statement - PreSaveFile = new java.io.File(((pathPrefix + java.lang.Integer.toString(counter)) + .png)): null

2018-12-14 01:34:01 - [TEST_STEP][PASSED] - Statement - counter = counter + 1: null

2018-12-14 01:34:01 - [TEST_STEP][PASSED] - Statement - PreSaveFile = new java.io.File(((pathPrefix + java.lang.Integer.toString(counter)) + .png)): null

2018-12-14 01:34:01 - [TEST_STEP][PASSED] - Statement - counter = counter + 1: null

2018-12-14 01:34:01 - [TEST_STEP][PASSED] - Statement - PreSaveFile = new java.io.File(((pathPrefix + java.lang.Integer.toString(counter)) + .png)): null

2018-12-14 01:34:01 - [TEST_STEP][PASSED] - Statement - counter = counter + 1: null

2018-12-14 01:34:01 - [TEST_STEP][PASSED] - Statement - PreSaveFile = new java.io.File(((pathPrefix + java.lang.Integer.toString(counter)) + .png)): null

2018-12-14 01:34:01 - [TEST_STEP][PASSED] - Statement - counter = counter + 1: null

2018-12-14 01:34:01 - [TEST_STEP][PASSED] - Statement - PreSaveFile = new java.io.File(((pathPrefix + java.lang.Integer.toString(counter)) + .png)): null

2018-12-14 01:34:01 - [TEST_STEP][PASSED] - Statement - counter = counter + 1: null

2018-12-14 01:34:01 - [TEST_STEP][PASSED] - Statement - PreSaveFile = new java.io.File(((pathPrefix + java.lang.Integer.toString(counter)) + .png)): null

2018-12-14 01:34:01 - [TEST_STEP][PASSED] - Statement - counter = counter + 1: null

2018-12-14 01:34:01 - [TEST_STEP][PASSED] - Statement - PreSaveFile = new java.io.File(((pathPrefix + java.lang.Integer.toString(counter)) + .png)): null

2018-12-14 01:34:01 - [TEST_STEP][PASSED] - Statement - counter = counter + 1: null

2018-12-14 01:34:01 - [TEST_STEP][PASSED] - Statement - PreSaveFile = new java.io.File(((pathPrefix + java.lang.Integer.toString(counter)) + .png)): null

2018-12-14 01:34:01 - [TEST_STEP][PASSED] - Statement - counter = counter + 1: null

2018-12-14 01:34:01 - [TEST_STEP][PASSED] - Statement - PreSaveFile = new java.io.File(((pathPrefix + java.lang.Integer.toString(counter)) + .png)): null

2018-12-14 01:34:01 - [TEST_STEP][PASSED] - Statement - counter = counter + 1: null

2018-12-14 01:34:01 - [TEST_STEP][PASSED] - Statement - PreSaveFile = new java.io.File(((pathPrefix + java.lang.Integer.toString(counter)) + .png)): null

2018-12-14 01:34:01 - [TEST_STEP][PASSED] - Statement - counter = counter + 1: null

2018-12-14 01:34:01 - [TEST_STEP][PASSED] - Statement - PreSaveFile = new java.io.File(((pathPrefix + java.lang.Integer.toString(counter)) + .png)): null

2018-12-14 01:34:01 - [TEST_STEP][PASSED] - Statement - counter = counter + 1: null

2018-12-14 01:34:01 - [TEST_STEP][PASSED] - Statement - PreSaveFile = new java.io.File(((pathPrefix + java.lang.Integer.toString(counter)) + .png)): null

2018-12-14 01:34:01 - [TEST_STEP][PASSED] - Statement - counter = counter + 1: null

2018-12-14 01:34:01 - [TEST_STEP][PASSED] - Statement - PreSaveFile = new java.io.File(((pathPrefix + java.lang.Integer.toString(counter)) + .png)): null

2018-12-14 01:34:01 - [TEST_STEP][PASSED] - Statement - counter = counter + 1: null

2018-12-14 01:34:01 - [TEST_STEP][PASSED] - Statement - PreSaveFile = new java.io.File(((pathPrefix + java.lang.Integer.toString(counter)) + .png)): null

2018-12-14 01:34:01 - [TEST_STEP][PASSED] - Statement - counter = counter + 1: null

2018-12-14 01:34:01 - [TEST_STEP][PASSED] - Statement - PreSaveFile = new java.io.File(((pathPrefix + java.lang.Integer.toString(counter)) + .png)): null

2018-12-14 01:34:01 - [TEST_STEP][PASSED] - Statement - counter = counter + 1: null

2018-12-14 01:34:01 - [TEST_STEP][PASSED] - Statement - PreSaveFile = new java.io.File(((pathPrefix + java.lang.Integer.toString(counter)) + .png)): null

2018-12-14 01:34:01 - [TEST_STEP][PASSED] - Statement - counter = counter + 1: null

2018-12-14 01:34:01 - [TEST_STEP][PASSED] - Statement - PreSaveFile = new java.io.File(((pathPrefix + java.lang.Integer.toString(counter)) + .png)): null

2018-12-14 01:34:01 - [TEST_STEP][PASSED] - Statement - counter = counter + 1: null

2018-12-14 01:34:01 - [TEST_STEP][PASSED] - Statement - PreSaveFile = new java.io.File(((pathPrefix + java.lang.Integer.toString(counter)) + .png)): null

2018-12-14 01:34:01 - [TEST_STEP][PASSED] - Statement - counter = counter + 1: null

2018-12-14 01:34:01 - [TEST_STEP][PASSED] - Statement - PreSaveFile = new java.io.File(((pathPrefix + java.lang.Integer.toString(counter)) + .png)): null

2018-12-14 01:34:01 - [TEST_STEP][PASSED] - Statement - counter = counter + 1: null

2018-12-14 01:34:01 - [TEST_STEP][PASSED] - Statement - PreSaveFile = new java.io.File(((pathPrefix + java.lang.Integer.toString(counter)) + .png)): null

2018-12-14 01:34:01 - [TEST_STEP][PASSED] - Statement - counter = counter + 1: null

2018-12-14 01:34:01 - [TEST_STEP][PASSED] - Statement - PreSaveFile = new java.io.File(((pathPrefix + java.lang.Integer.toString(counter)) + .png)): null

2018-12-14 01:34:01 - [TEST_STEP][PASSED] - Statement - counter = counter + 1: null

2018-12-14 01:34:01 - [TEST_STEP][PASSED] - Statement - PreSaveFile = new java.io.File(((pathPrefix + java.lang.Integer.toString(counter)) + .png)): null

2018-12-14 01:34:01 - [TEST_STEP][PASSED] - Statement - counter = counter + 1: null

2018-12-14 01:34:01 - [TEST_STEP][PASSED] - Statement - PreSaveFile = new java.io.File(((pathPrefix + java.lang.Integer.toString(counter)) + .png)): null

2018-12-14 01:34:01 - [TEST_STEP][PASSED] - Statement - counter = counter + 1: null

2018-12-14 01:34:01 - [TEST_STEP][PASSED] - Statement - PreSaveFile = new java.io.File(((pathPrefix + java.lang.Integer.toString(counter)) + .png)): null

2018-12-14 01:34:01 - [TEST_STEP][PASSED] - Statement - counter = counter + 1: null

2018-12-14 01:34:01 - [TEST_STEP][PASSED] - Statement - PreSaveFile = new java.io.File(((pathPrefix + java.lang.Integer.toString(counter)) + .png)): null

2018-12-14 01:34:01 - [TEST_STEP][PASSED] - Statement - counter = counter + 1: null

2018-12-14 01:34:01 - [TEST_STEP][PASSED] - Statement - PreSaveFile = new java.io.File(((pathPrefix + java.lang.Integer.toString(counter)) + .png)): null

2018-12-14 01:34:01 - [TEST_STEP][PASSED] - Statement - counter = counter + 1: null

2018-12-14 01:34:01 - [TEST_STEP][PASSED] - Statement - PreSaveFile = new java.io.File(((pathPrefix + java.lang.Integer.toString(counter)) + .png)): null

2018-12-14 01:34:01 - [TEST_STEP][PASSED] - Statement - counter = counter + 1: null

2018-12-14 01:34:01 - [TEST_STEP][PASSED] - Statement - PreSaveFile = new java.io.File(((pathPrefix + java.lang.Integer.toString(counter)) + .png)): null

2018-12-14 01:34:01 - [TEST_STEP][PASSED] - Statement - counter = counter + 1: null

2018-12-14 01:34:01 - [TEST_STEP][PASSED] - Statement - PreSaveFile = new java.io.File(((pathPrefix + java.lang.Integer.toString(counter)) + .png)): null

2018-12-14 01:34:01 - [TEST_STEP][PASSED] - Statement - counter = counter + 1: null

2018-12-14 01:34:01 - [TEST_STEP][PASSED] - Statement - PreSaveFile = new java.io.File(((pathPrefix + java.lang.Integer.toString(counter)) + .png)): null

2018-12-14 01:34:01 - [TEST_STEP][PASSED] - Statement - counter = counter + 1: null

2018-12-14 01:34:01 - [TEST_STEP][PASSED] - Statement - PreSaveFile = new java.io.File(((pathPrefix + java.lang.Integer.toString(counter)) + .png)): null

2018-12-14 01:34:01 - [TEST_STEP][PASSED] - Statement - counter = counter + 1: null

2018-12-14 01:34:01 - [TEST_STEP][PASSED] - Statement - PreSaveFile = new java.io.File(((pathPrefix + java.lang.Integer.toString(counter)) + .png)): null

2018-12-14 01:34:01 - [TEST_STEP][PASSED] - Statement - counter = counter + 1: null

2018-12-14 01:34:01 - [TEST_STEP][PASSED] - Statement - PreSaveFile = new java.io.File(((pathPrefix + java.lang.Integer.toString(counter)) + .png)): null

2018-12-14 01:34:01 - [TEST_STEP][PASSED] - Statement - counter = counter + 1: null

2018-12-14 01:34:01 - [TEST_STEP][PASSED] - Statement - PreSaveFile = new java.io.File(((pathPrefix + java.lang.Integer.toString(counter)) + .png)): null

2018-12-14 01:34:01 - [TEST_STEP][PASSED] - Statement - counter = counter + 1: null

2018-12-14 01:34:01 - [TEST_STEP][PASSED] - Statement - PreSaveFile = new java.io.File(((pathPrefix + java.lang.Integer.toString(counter)) + .png)): null

2018-12-14 01:34:01 - [TEST_STEP][PASSED] - Statement - counter = counter + 1: null

2018-12-14 01:34:01 - [TEST_STEP][PASSED] - Statement - PreSaveFile = new java.io.File(((pathPrefix + java.lang.Integer.toString(counter)) + .png)): null

2018-12-14 01:34:01 - [TEST_STEP][PASSED] - Statement - counter = counter + 1: null

2018-12-14 01:34:01 - [TEST_STEP][PASSED] - Statement - PreSaveFile = new java.io.File(((pathPrefix + java.lang.Integer.toString(counter)) + .png)): null

2018-12-14 01:34:01 - [TEST_STEP][PASSED] - Statement - counter = counter + 1: null

2018-12-14 01:34:01 - [TEST_STEP][PASSED] - Statement - PreSaveFile = new java.io.File(((pathPrefix + java.lang.Integer.toString(counter)) + .png)): null

2018-12-14 01:34:01 - [TEST_STEP][PASSED] - Statement - counter = counter + 1: null

2018-12-14 01:34:01 - [TEST_STEP][PASSED] - Statement - PreSaveFile = new java.io.File(((pathPrefix + java.lang.Integer.toString(counter)) + .png)): null

2018-12-14 01:34:01 - [TEST_STEP][PASSED] - Statement - counter = counter + 1: null

2018-12-14 01:34:01 - [TEST_STEP][PASSED] - Statement - PreSaveFile = new java.io.File(((pathPrefix + java.lang.Integer.toString(counter)) + .png)): null

2018-12-14 01:34:01 - [TEST_STEP][PASSED] - Statement - counter = counter + 1: null

2018-12-14 01:34:01 - [TEST_STEP][PASSED] - Statement - PreSaveFile = new java.io.File(((pathPrefix + java.lang.Integer.toString(counter)) + .png)): null

2018-12-14 01:34:01 - [TEST_STEP][PASSED] - Statement - counter = counter + 1: null

2018-12-14 01:34:01 - [TEST_STEP][PASSED] - Statement - PreSaveFile = new java.io.File(((pathPrefix + java.lang.Integer.toString(counter)) + .png)): null

2018-12-14 01:34:01 - [TEST_STEP][PASSED] - Statement - counter = counter + 1: null

2018-12-14 01:34:01 - [TEST_STEP][PASSED] - Statement - PreSaveFile = new java.io.File(((pathPrefix + java.lang.Integer.toString(counter)) + .png)): null

2018-12-14 01:34:01 - [TEST_STEP][PASSED] - Statement - counter = counter + 1: null

2018-12-14 01:34:01 - [TEST_STEP][PASSED] - Statement - PreSaveFile = new java.io.File(((pathPrefix + java.lang.Integer.toString(counter)) + .png)): null

2018-12-14 01:34:01 - [TEST_STEP][PASSED] - Statement - counter = counter + 1: null

2018-12-14 01:34:01 - [TEST_STEP][PASSED] - Statement - PreSaveFile = new java.io.File(((pathPrefix + java.lang.Integer.toString(counter)) + .png)): null

2018-12-14 01:34:01 - [TEST_STEP][PASSED] - Statement - counter = counter + 1: null

2018-12-14 01:34:01 - [TEST_STEP][PASSED] - Statement - PreSaveFile = new java.io.File(((pathPrefix + java.lang.Integer.toString(counter)) + .png)): null

2018-12-14 01:34:01 - [TEST_STEP][PASSED] - Statement - counter = counter + 1: null

2018-12-14 01:34:01 - [TEST_STEP][PASSED] - Statement - PreSaveFile = new java.io.File(((pathPrefix + java.lang.Integer.toString(counter)) + .png)): null

2018-12-14 01:34:01 - [TEST_STEP][PASSED] - Statement - counter = counter + 1: null

2018-12-14 01:34:01 - [TEST_STEP][PASSED] - Statement - PreSaveFile = new java.io.File(((pathPrefix + java.lang.Integer.toString(counter)) + .png)): null

2018-12-14 01:34:01 - [TEST_STEP][PASSED] - Statement - counter = counter + 1: null

2018-12-14 01:34:01 - [TEST_STEP][PASSED] - Statement - PreSaveFile = new java.io.File(((pathPrefix + java.lang.Integer.toString(counter)) + .png)): null

2018-12-14 01:34:01 - [TEST_STEP][PASSED] - Statement - counter = counter + 1: null

2018-12-14 01:34:01 - [TEST_STEP][PASSED] - Statement - PreSaveFile = new java.io.File(((pathPrefix + java.lang.Integer.toString(counter)) + .png)): null

2018-12-14 01:34:01 - [TEST_STEP][PASSED] - Statement - counter = counter + 1: null

2018-12-14 01:34:01 - [TEST_STEP][PASSED] - Statement - PreSaveFile = new java.io.File(((pathPrefix + java.lang.Integer.toString(counter)) + .png)): null

2018-12-14 01:34:01 - [TEST_STEP][PASSED] - Statement - counter = counter + 1: null

2018-12-14 01:34:01 - [TEST_STEP][PASSED] - Statement - PreSaveFile = new java.io.File(((pathPrefix + java.lang.Integer.toString(counter)) + .png)): null

2018-12-14 01:34:01 - [TEST_STEP][PASSED] - Statement - counter = counter + 1: null

2018-12-14 01:34:01 - [TEST_STEP][PASSED] - Statement - PreSaveFile = new java.io.File(((pathPrefix + java.lang.Integer.toString(counter)) + .png)): null

2018-12-14 01:34:01 - [TEST_STEP][PASSED] - Statement - counter = counter + 1: null

2018-12-14 01:34:01 - [TEST_STEP][PASSED] - Statement - PreSaveFile = new java.io.File(((pathPrefix + java.lang.Integer.toString(counter)) + .png)): null

2018-12-14 01:34:01 - [TEST_STEP][PASSED] - Statement - counter = counter + 1: null

2018-12-14 01:34:01 - [TEST_STEP][PASSED] - Statement - PreSaveFile = new java.io.File(((pathPrefix + java.lang.Integer.toString(counter)) + .png)): null

2018-12-14 01:34:01 - [TEST_STEP][PASSED] - Statement - counter = counter + 1: null

2018-12-14 01:34:01 - [TEST_STEP][PASSED] - Statement - PreSaveFile = new java.io.File(((pathPrefix + java.lang.Integer.toString(counter)) + .png)): null

2018-12-14 01:34:01 - [TEST_STEP][PASSED] - Statement - counter = counter + 1: null

2018-12-14 01:34:01 - [TEST_STEP][PASSED] - Statement - PreSaveFile = new java.io.File(((pathPrefix + java.lang.Integer.toString(counter)) + .png)): null

2018-12-14 01:34:01 - [TEST_STEP][PASSED] - Statement - counter = counter + 1: null

2018-12-14 01:34:01 - [TEST_STEP][PASSED] - Statement - PreSaveFile = new java.io.File(((pathPrefix + java.lang.Integer.toString(counter)) + .png)): null

2018-12-14 01:34:01 - [TEST_STEP][PASSED] - Statement - counter = counter + 1: null

2018-12-14 01:34:01 - [TEST_STEP][PASSED] - Statement - PreSaveFile = new java.io.File(((pathPrefix + java.lang.Integer.toString(counter)) + .png)): null

2018-12-14 01:34:01 - [TEST_STEP][PASSED] - Statement - counter = counter + 1: null

2018-12-14 01:34:01 - [TEST_STEP][PASSED] - Statement - PreSaveFile = new java.io.File(((pathPrefix + java.lang.Integer.toString(counter)) + .png)): null

2018-12-14 01:34:01 - [TEST_STEP][PASSED] - Statement - counter = counter + 1: null

2018-12-14 01:34:01 - [TEST_STEP][PASSED] - Statement - PreSaveFile = new java.io.File(((pathPrefix + java.lang.Integer.toString(counter)) + .png)): null

2018-12-14 01:34:01 - [TEST_STEP][PASSED] - Statement - counter = counter + 1: null

2018-12-14 01:34:01 - [TEST_STEP][PASSED] - Statement - PreSaveFile = new java.io.File(((pathPrefix + java.lang.Integer.toString(counter)) + .png)): null

2018-12-14 01:34:01 - [TEST_STEP][PASSED] - Statement - counter = counter + 1: null

2018-12-14 01:34:02 - [TEST_STEP][PASSED] - Statement - PreSaveFile = new java.io.File(((pathPrefix + java.lang.Integer.toString(counter)) + .png)): null

2018-12-14 01:34:02 - [TEST_STEP][PASSED] - Statement - counter = counter + 1: null

2018-12-14 01:34:02 - [TEST_STEP][PASSED] - Statement - PreSaveFile = new java.io.File(((pathPrefix + java.lang.Integer.toString(counter)) + .png)): null

2018-12-14 01:34:02 - [TEST_STEP][PASSED] - Statement - counter = counter + 1: null

2018-12-14 01:34:02 - [TEST_STEP][PASSED] - Statement - PreSaveFile = new java.io.File(((pathPrefix + java.lang.Integer.toString(counter)) + .png)): null

2018-12-14 01:34:02 - [TEST_STEP][PASSED] - Statement - counter = counter + 1: null

2018-12-14 01:34:02 - [TEST_STEP][PASSED] - Statement - PreSaveFile = new java.io.File(((pathPrefix + java.lang.Integer.toString(counter)) + .png)): null

2018-12-14 01:34:02 - [TEST_STEP][PASSED] - Statement - counter = counter + 1: null

2018-12-14 01:34:02 - [TEST_STEP][PASSED] - Statement - PreSaveFile = new java.io.File(((pathPrefix + java.lang.Integer.toString(counter)) + .png)): null

2018-12-14 01:34:02 - [TEST_STEP][PASSED] - Statement - counter = counter + 1: null

2018-12-14 01:34:02 - [TEST_STEP][PASSED] - Statement - PreSaveFile = new java.io.File(((pathPrefix + java.lang.Integer.toString(counter)) + .png)): null

2018-12-14 01:34:02 - [TEST_STEP][PASSED] - Statement - counter = counter + 1: null

2018-12-14 01:34:02 - [TEST_STEP][PASSED] - Statement - PreSaveFile = new java.io.File(((pathPrefix + java.lang.Integer.toString(counter)) + .png)): null

2018-12-14 01:34:02 - [TEST_STEP][PASSED] - Statement - counter = counter + 1: null

2018-12-14 01:34:02 - [TEST_STEP][PASSED] - Statement - PreSaveFile = new java.io.File(((pathPrefix + java.lang.Integer.toString(counter)) + .png)): null

2018-12-14 01:34:02 - [TEST_STEP][PASSED] - Statement - counter = counter + 1: null

2018-12-14 01:34:02 - [TEST_STEP][PASSED] - Statement - PreSaveFile = new java.io.File(((pathPrefix + java.lang.Integer.toString(counter)) + .png)): null

2018-12-14 01:34:02 - [TEST_STEP][PASSED] - Statement - counter = counter + 1: null

2018-12-14 01:34:02 - [TEST_STEP][PASSED] - Statement - PreSaveFile = new java.io.File(((pathPrefix + java.lang.Integer.toString(counter)) + .png)): null

2018-12-14 01:34:02 - [TEST_STEP][PASSED] - Statement - counter = counter + 1: null

2018-12-14 01:34:02 - [TEST_STEP][PASSED] - Statement - PreSaveFile = new java.io.File(((pathPrefix + java.lang.Integer.toString(counter)) + .png)): null

2018-12-14 01:34:02 - [TEST_STEP][PASSED] - Statement - counter = counter + 1: null

2018-12-14 01:34:02 - [TEST_STEP][PASSED] - Statement - PreSaveFile = new java.io.File(((pathPrefix + java.lang.Integer.toString(counter)) + .png)): null

2018-12-14 01:34:02 - [TEST_STEP][PASSED] - Statement - counter = counter + 1: null

2018-12-14 01:34:02 - [TEST_STEP][PASSED] - Statement - PreSaveFile = new java.io.File(((pathPrefix + java.lang.Integer.toString(counter)) + .png)): null

2018-12-14 01:34:02 - [TEST_STEP][PASSED] - Statement - counter = counter + 1: null

2018-12-14 01:34:02 - [TEST_STEP][PASSED] - Statement - PreSaveFile = new java.io.File(((pathPrefix + java.lang.Integer.toString(counter)) + .png)): null

2018-12-14 01:34:02 - [TEST_STEP][PASSED] - Statement - counter = counter + 1: null

2018-12-14 01:34:02 - [TEST_STEP][PASSED] - Statement - PreSaveFile = new java.io.File(((pathPrefix + java.lang.Integer.toString(counter)) + .png)): null

2018-12-14 01:34:02 - [TEST_STEP][PASSED] - Statement - counter = counter + 1: null

2018-12-14 01:34:02 - [TEST_STEP][PASSED] - Statement - PreSaveFile = new java.io.File(((pathPrefix + java.lang.Integer.toString(counter)) + .png)): null

2018-12-14 01:34:02 - [TEST_STEP][PASSED] - Statement - counter = counter + 1: null

2018-12-14 01:34:02 - [TEST_STEP][PASSED] - Statement - PreSaveFile = new java.io.File(((pathPrefix + java.lang.Integer.toString(counter)) + .png)): null

2018-12-14 01:34:02 - [TEST_STEP][PASSED] - Statement - counter = counter + 1: null

2018-12-14 01:34:02 - [TEST_STEP][PASSED] - Statement - PreSaveFile = new java.io.File(((pathPrefix + java.lang.Integer.toString(counter)) + .png)): null

2018-12-14 01:34:02 - [TEST_STEP][PASSED] - Statement - counter = counter + 1: null

2018-12-14 01:34:02 - [TEST_STEP][PASSED] - Statement - PreSaveFile = new java.io.File(((pathPrefix + java.lang.Integer.toString(counter)) + .png)): null

2018-12-14 01:34:02 - [TEST_STEP][PASSED] - Statement - counter = counter + 1: null

2018-12-14 01:34:02 - [TEST_STEP][PASSED] - Statement - PreSaveFile = new java.io.File(((pathPrefix + java.lang.Integer.toString(counter)) + .png)): null

2018-12-14 01:34:02 - [TEST_STEP][PASSED] - Statement - counter = counter + 1: null

2018-12-14 01:34:02 - [TEST_STEP][PASSED] - Statement - PreSaveFile = new java.io.File(((pathPrefix + java.lang.Integer.toString(counter)) + .png)): null

2018-12-14 01:34:02 - [TEST_STEP][PASSED] - Statement - counter = counter + 1: null

2018-12-14 01:34:02 - [TEST_STEP][PASSED] - Statement - PreSaveFile = new java.io.File(((pathPrefix + java.lang.Integer.toString(counter)) + .png)): null

2018-12-14 01:34:02 - [TEST_STEP][PASSED] - Statement - counter = counter + 1: null

2018-12-14 01:34:02 - [TEST_STEP][PASSED] - Statement - PreSaveFile = new java.io.File(((pathPrefix + java.lang.Integer.toString(counter)) + .png)): null

2018-12-14 01:34:02 - [TEST_STEP][PASSED] - Statement - counter = counter + 1: null

2018-12-14 01:34:02 - [TEST_STEP][PASSED] - Statement - PreSaveFile = new java.io.File(((pathPrefix + java.lang.Integer.toString(counter)) + .png)): null

2018-12-14 01:34:02 - [TEST_STEP][PASSED] - Statement - counter = counter + 1: null

2018-12-14 01:34:02 - [TEST_STEP][PASSED] - Statement - PreSaveFile = new java.io.File(((pathPrefix + java.lang.Integer.toString(counter)) + .png)): null

2018-12-14 01:34:02 - [TEST_STEP][PASSED] - Statement - counter = counter + 1: null

2018-12-14 01:34:02 - [TEST_STEP][PASSED] - Statement - PreSaveFile = new java.io.File(((pathPrefix + java.lang.Integer.toString(counter)) + .png)): null

2018-12-14 01:34:02 - [TEST_STEP][PASSED] - Statement - counter = counter + 1: null

2018-12-14 01:34:02 - [TEST_STEP][PASSED] - Statement - PreSaveFile = new java.io.File(((pathPrefix + java.lang.Integer.toString(counter)) + .png)): null

2018-12-14 01:34:02 - [TEST_STEP][PASSED] - Statement - counter = counter + 1: null

2018-12-14 01:34:02 - [TEST_STEP][PASSED] - Statement - PreSaveFile = new java.io.File(((pathPrefix + java.lang.Integer.toString(counter)) + .png)): null

2018-12-14 01:34:02 - [TEST_STEP][PASSED] - Statement - counter = counter + 1: null

2018-12-14 01:34:02 - [TEST_STEP][PASSED] - Statement - PreSaveFile = new java.io.File(((pathPrefix + java.lang.Integer.toString(counter)) + .png)): null

2018-12-14 01:34:02 - [TEST_STEP][PASSED] - Statement - counter = counter + 1: null

2018-12-14 01:34:02 - [TEST_STEP][PASSED] - Statement - PreSaveFile = new java.io.File(((pathPrefix + java.lang.Integer.toString(counter)) + .png)): null

2018-12-14 01:34:02 - [TEST_STEP][PASSED] - Statement - counter = counter + 1: null

2018-12-14 01:34:02 - [TEST_STEP][PASSED] - Statement - PreSaveFile = new java.io.File(((pathPrefix + java.lang.Integer.toString(counter)) + .png)): null

2018-12-14 01:34:02 - [TEST_STEP][PASSED] - Statement - counter = counter + 1: null

2018-12-14 01:34:02 - [TEST_STEP][PASSED] - Statement - PreSaveFile = new java.io.File(((pathPrefix + java.lang.Integer.toString(counter)) + .png)): null

2018-12-14 01:34:02 - [TEST_STEP][PASSED] - Statement - counter = counter + 1: null

2018-12-14 01:34:02 - [TEST_STEP][PASSED] - Statement - PreSaveFile = new java.io.File(((pathPrefix + java.lang.Integer.toString(counter)) + .png)): null

2018-12-14 01:34:02 - [TEST_STEP][PASSED] - Statement - counter = counter + 1: null

2018-12-14 01:34:02 - [TEST_STEP][PASSED] - Statement - PreSaveFile = new java.io.File(((pathPrefix + java.lang.Integer.toString(counter)) + .png)): null

2018-12-14 01:34:02 - [TEST_STEP][PASSED] - Statement - counter = counter + 1: null

2018-12-14 01:34:02 - [TEST_STEP][PASSED] - Statement - PreSaveFile = new java.io.File(((pathPrefix + java.lang.Integer.toString(counter)) + .png)): null

2018-12-14 01:34:02 - [TEST_STEP][PASSED] - Statement - counter = counter + 1: null

2018-12-14 01:34:02 - [TEST_STEP][PASSED] - Statement - PreSaveFile = new java.io.File(((pathPrefix + java.lang.Integer.toString(counter)) + .png)): null

2018-12-14 01:34:02 - [TEST_STEP][PASSED] - Statement - counter = counter + 1: null

2018-12-14 01:34:02 - [TEST_STEP][PASSED] - Statement - PreSaveFile = new java.io.File(((pathPrefix + java.lang.Integer.toString(counter)) + .png)): null

2018-12-14 01:34:02 - [TEST_STEP][PASSED] - Statement - counter = counter + 1: null

2018-12-14 01:34:02 - [TEST_STEP][PASSED] - Statement - PreSaveFile = new java.io.File(((pathPrefix + java.lang.Integer.toString(counter)) + .png)): null

2018-12-14 01:34:02 - [TEST_STEP][PASSED] - Statement - counter = counter + 1: null

2018-12-14 01:34:02 - [TEST_STEP][PASSED] - Statement - PreSaveFile = new java.io.File(((pathPrefix + java.lang.Integer.toString(counter)) + .png)): null

2018-12-14 01:34:02 - [TEST_STEP][PASSED] - Statement - counter = counter + 1: null

2018-12-14 01:34:02 - [TEST_STEP][PASSED] - Statement - PreSaveFile = new java.io.File(((pathPrefix + java.lang.Integer.toString(counter)) + .png)): null

2018-12-14 01:34:02 - [TEST_STEP][PASSED] - Statement - counter = counter + 1: null

2018-12-14 01:34:02 - [TEST_STEP][PASSED] - Statement - PreSaveFile = new java.io.File(((pathPrefix + java.lang.Integer.toString(counter)) + .png)): null

2018-12-14 01:34:02 - [TEST_STEP][PASSED] - Statement - counter = counter + 1: null

2018-12-14 01:34:02 - [TEST_STEP][PASSED] - Statement - PreSaveFile = new java.io.File(((pathPrefix + java.lang.Integer.toString(counter)) + .png)): null

2018-12-14 01:34:02 - [TEST_STEP][PASSED] - Statement - counter = counter + 1: null

2018-12-14 01:34:02 - [TEST_STEP][PASSED] - Statement - PreSaveFile = new java.io.File(((pathPrefix + java.lang.Integer.toString(counter)) + .png)): null

2018-12-14 01:34:02 - [TEST_STEP][PASSED] - Statement - counter = counter + 1: null

2018-12-14 01:34:02 - [TEST_STEP][PASSED] - Statement - PreSaveFile = new java.io.File(((pathPrefix + java.lang.Integer.toString(counter)) + .png)): null

2018-12-14 01:34:02 - [TEST_STEP][PASSED] - Statement - counter = counter + 1: null

2018-12-14 01:34:02 - [TEST_STEP][PASSED] - Statement - PreSaveFile = new java.io.File(((pathPrefix + java.lang.Integer.toString(counter)) + .png)): null

2018-12-14 01:34:02 - [TEST_STEP][PASSED] - Statement - counter = counter + 1: null

2018-12-14 01:34:02 - [TEST_STEP][PASSED] - Statement - PreSaveFile = new java.io.File(((pathPrefix + java.lang.Integer.toString(counter)) + .png)): null

2018-12-14 01:34:02 - [TEST_STEP][PASSED] - Statement - counter = counter + 1: null

2018-12-14 01:34:02 - [TEST_STEP][PASSED] - Statement - PreSaveFile = new java.io.File(((pathPrefix + java.lang.Integer.toString(counter)) + .png)): null

2018-12-14 01:34:02 - [TEST_STEP][PASSED] - Statement - counter = counter + 1: null

2018-12-14 01:34:02 - [TEST_STEP][PASSED] - Statement - PreSaveFile = new java.io.File(((pathPrefix + java.lang.Integer.toString(counter)) + .png)): null

2018-12-14 01:34:02 - [TEST_STEP][PASSED] - Statement - counter = counter + 1: null

2018-12-14 01:34:02 - [TEST_STEP][PASSED] - Statement - PreSaveFile = new java.io.File(((pathPrefix + java.lang.Integer.toString(counter)) + .png)): null

2018-12-14 01:34:02 - [TEST_STEP][PASSED] - Statement - counter = counter + 1: null

2018-12-14 01:34:02 - [TEST_STEP][PASSED] - Statement - PreSaveFile = new java.io.File(((pathPrefix + java.lang.Integer.toString(counter)) + .png)): null

2018-12-14 01:34:02 - [TEST_STEP][PASSED] - Statement - counter = counter + 1: null

2018-12-14 01:34:02 - [TEST_STEP][PASSED] - Statement - PreSaveFile = new java.io.File(((pathPrefix + java.lang.Integer.toString(counter)) + .png)): null

2018-12-14 01:34:02 - [TEST_STEP][PASSED] - Statement - counter = counter + 1: null

2018-12-14 01:34:02 - [TEST_STEP][PASSED] - Statement - PreSaveFile = new java.io.File(((pathPrefix + java.lang.Integer.toString(counter)) + .png)): null

2018-12-14 01:34:02 - [TEST_STEP][PASSED] - Statement - counter = counter + 1: null

2018-12-14 01:34:02 - [TEST_STEP][PASSED] - Statement - PreSaveFile = new java.io.File(((pathPrefix + java.lang.Integer.toString(counter)) + .png)): null

2018-12-14 01:34:02 - [TEST_STEP][PASSED] - Statement - counter = counter + 1: null

2018-12-14 01:34:02 - [TEST_STEP][PASSED] - Statement - PreSaveFile = new java.io.File(((pathPrefix + java.lang.Integer.toString(counter)) + .png)): null

2018-12-14 01:34:02 - [TEST_STEP][PASSED] - Statement - counter = counter + 1: null

2018-12-14 01:34:02 - [TEST_STEP][PASSED] - Statement - PreSaveFile = new java.io.File(((pathPrefix + java.lang.Integer.toString(counter)) + .png)): null

2018-12-14 01:34:02 - [TEST_STEP][PASSED] - Statement - counter = counter + 1: null

2018-12-14 01:34:02 - [TEST_STEP][PASSED] - Statement - PreSaveFile = new java.io.File(((pathPrefix + java.lang.Integer.toString(counter)) + .png)): null

2018-12-14 01:34:02 - [TEST_STEP][PASSED] - Statement - counter = counter + 1: null

2018-12-14 01:34:02 - [TEST_STEP][PASSED] - Statement - PreSaveFile = new java.io.File(((pathPrefix + java.lang.Integer.toString(counter)) + .png)): null

2018-12-14 01:34:02 - [TEST_STEP][PASSED] - Statement - counter = counter + 1: null

2018-12-14 01:34:02 - [TEST_STEP][PASSED] - Statement - PreSaveFile = new java.io.File(((pathPrefix + java.lang.Integer.toString(counter)) + .png)): null

2018-12-14 01:34:02 - [TEST_STEP][PASSED] - Statement - counter = counter + 1: null

2018-12-14 01:34:02 - [TEST_STEP][PASSED] - Statement - PreSaveFile = new java.io.File(((pathPrefix + java.lang.Integer.toString(counter)) + .png)): null

2018-12-14 01:34:02 - [TEST_STEP][PASSED] - Statement - counter = counter + 1: null

2018-12-14 01:34:02 - [TEST_STEP][PASSED] - Statement - PreSaveFile = new java.io.File(((pathPrefix + java.lang.Integer.toString(counter)) + .png)): null

2018-12-14 01:34:02 - [TEST_STEP][PASSED] - Statement - counter = counter + 1: null

2018-12-14 01:34:02 - [TEST_STEP][PASSED] - Statement - PreSaveFile = new java.io.File(((pathPrefix + java.lang.Integer.toString(counter)) + .png)): null

2018-12-14 01:34:02 - [TEST_STEP][PASSED] - Statement - counter = counter + 1: null

2018-12-14 01:34:02 - [TEST_STEP][PASSED] - Statement - PreSaveFile = new java.io.File(((pathPrefix + java.lang.Integer.toString(counter)) + .png)): null

2018-12-14 01:34:02 - [TEST_STEP][PASSED] - Statement - counter = counter + 1: null

2018-12-14 01:34:02 - [TEST_STEP][PASSED] - Statement - PreSaveFile = new java.io.File(((pathPrefix + java.lang.Integer.toString(counter)) + .png)): null

2018-12-14 01:34:02 - [TEST_STEP][PASSED] - Statement - counter = counter + 1: null

2018-12-14 01:34:02 - [TEST_STEP][PASSED] - Statement - PreSaveFile = new java.io.File(((pathPrefix + java.lang.Integer.toString(counter)) + .png)): null

2018-12-14 01:34:02 - [TEST_STEP][PASSED] - Statement - counter = counter + 1: null

2018-12-14 01:34:02 - [TEST_STEP][PASSED] - Statement - PreSaveFile = new java.io.File(((pathPrefix + java.lang.Integer.toString(counter)) + .png)): null

2018-12-14 01:34:02 - [TEST_STEP][PASSED] - Statement - counter = counter + 1: null

2018-12-14 01:34:02 - [TEST_STEP][PASSED] - Statement - PreSaveFile = new java.io.File(((pathPrefix + java.lang.Integer.toString(counter)) + .png)): null

2018-12-14 01:34:02 - [TEST_STEP][PASSED] - Statement - counter = counter + 1: null

2018-12-14 01:34:02 - [TEST_STEP][PASSED] - Statement - PreSaveFile = new java.io.File(((pathPrefix + java.lang.Integer.toString(counter)) + .png)): null

2018-12-14 01:34:02 - [TEST_STEP][PASSED] - Statement - counter = counter + 1: null

2018-12-14 01:34:02 - [TEST_STEP][PASSED] - Statement - PreSaveFile = new java.io.File(((pathPrefix + java.lang.Integer.toString(counter)) + .png)): null

2018-12-14 01:34:02 - [TEST_STEP][PASSED] - Statement - counter = counter + 1: null

2018-12-14 01:34:02 - [TEST_STEP][PASSED] - Statement - PreSaveFile = new java.io.File(((pathPrefix + java.lang.Integer.toString(counter)) + .png)): null

2018-12-14 01:34:02 - [TEST_STEP][PASSED] - Statement - counter = counter + 1: null

2018-12-14 01:34:02 - [TEST_STEP][PASSED] - Statement - PreSaveFile = new java.io.File(((pathPrefix + java.lang.Integer.toString(counter)) + .png)): null

2018-12-14 01:34:02 - [TEST_STEP][PASSED] - Statement - counter = counter + 1: null

2018-12-14 01:34:02 - [TEST_STEP][PASSED] - Statement - PreSaveFile = new java.io.File(((pathPrefix + java.lang.Integer.toString(counter)) + .png)): null

2018-12-14 01:34:02 - [TEST_STEP][PASSED] - Statement - counter = counter + 1: null

2018-12-14 01:34:02 - [TEST_STEP][PASSED] - Statement - PreSaveFile = new java.io.File(((pathPrefix + java.lang.Integer.toString(counter)) + .png)): null

2018-12-14 01:34:02 - [TEST_STEP][PASSED] - Statement - counter = counter + 1: null

2018-12-14 01:34:02 - [TEST_STEP][PASSED] - Statement - PreSaveFile = new java.io.File(((pathPrefix + java.lang.Integer.toString(counter)) + .png)): null

2018-12-14 01:34:02 - [TEST_STEP][PASSED] - Statement - counter = counter + 1: null

2018-12-14 01:34:02 - [TEST_STEP][PASSED] - Statement - PreSaveFile = new java.io.File(((pathPrefix + java.lang.Integer.toString(counter)) + .png)): null

2018-12-14 01:34:02 - [TEST_STEP][PASSED] - Statement - counter = counter + 1: null

2018-12-14 01:34:02 - [TEST_STEP][PASSED] - Statement - PreSaveFile = new java.io.File(((pathPrefix + java.lang.Integer.toString(counter)) + .png)): null

2018-12-14 01:34:02 - [TEST_STEP][PASSED] - Statement - counter = counter + 1: null

2018-12-14 01:34:02 - [TEST_STEP][PASSED] - Statement - PreSaveFile = new java.io.File(((pathPrefix + java.lang.Integer.toString(counter)) + .png)): null

2018-12-14 01:34:02 - [TEST_STEP][PASSED] - Statement - counter = counter + 1: null

2018-12-14 01:34:02 - [TEST_STEP][PASSED] - Statement - PreSaveFile = new java.io.File(((pathPrefix + java.lang.Integer.toString(counter)) + .png)): null

2018-12-14 01:34:02 - [TEST_STEP][PASSED] - Statement - counter = counter + 1: null

2018-12-14 01:34:02 - [TEST_STEP][PASSED] - Statement - PreSaveFile = new java.io.File(((pathPrefix + java.lang.Integer.toString(counter)) + .png)): null

2018-12-14 01:34:02 - [TEST_STEP][PASSED] - Statement - counter = counter + 1: null

2018-12-14 01:34:02 - [TEST_STEP][PASSED] - Statement - PreSaveFile = new java.io.File(((pathPrefix + java.lang.Integer.toString(counter)) + .png)): null

2018-12-14 01:34:02 - [TEST_STEP][PASSED] - Statement - counter = counter + 1: null

2018-12-14 01:34:02 - [TEST_STEP][PASSED] - Statement - PreSaveFile = new java.io.File(((pathPrefix + java.lang.Integer.toString(counter)) + .png)): null

2018-12-14 01:34:02 - [TEST_STEP][PASSED] - Statement - counter = counter + 1: null

2018-12-14 01:34:02 - [TEST_STEP][PASSED] - Statement - PreSaveFile = new java.io.File(((pathPrefix + java.lang.Integer.toString(counter)) + .png)): null

2018-12-14 01:34:02 - [TEST_STEP][PASSED] - Statement - counter = counter + 1: null

2018-12-14 01:34:02 - [TEST_STEP][PASSED] - Statement - PreSaveFile = new java.io.File(((pathPrefix + java.lang.Integer.toString(counter)) + .png)): null

2018-12-14 01:34:02 - [TEST_STEP][PASSED] - Statement - counter = counter + 1: null

2018-12-14 01:34:02 - [TEST_STEP][PASSED] - Statement - PreSaveFile = new java.io.File(((pathPrefix + java.lang.Integer.toString(counter)) + .png)): null

2018-12-14 01:34:02 - [TEST_STEP][PASSED] - Statement - counter = counter + 1: null

2018-12-14 01:34:02 - [TEST_STEP][PASSED] - Statement - PreSaveFile = new java.io.File(((pathPrefix + java.lang.Integer.toString(counter)) + .png)): null

2018-12-14 01:34:02 - [TEST_STEP][PASSED] - Statement - counter = counter + 1: null

2018-12-14 01:34:02 - [TEST_STEP][PASSED] - Statement - PreSaveFile = new java.io.File(((pathPrefix + java.lang.Integer.toString(counter)) + .png)): null

2018-12-14 01:34:02 - [TEST_STEP][PASSED] - Statement - counter = counter + 1: null

2018-12-14 01:34:02 - [TEST_STEP][PASSED] - Statement - PreSaveFile = new java.io.File(((pathPrefix + java.lang.Integer.toString(counter)) + .png)): null

2018-12-14 01:34:02 - [TEST_STEP][PASSED] - Statement - counter = counter + 1: null

2018-12-14 01:34:02 - [TEST_STEP][PASSED] - Statement - PreSaveFile = new java.io.File(((pathPrefix + java.lang.Integer.toString(counter)) + .png)): null

2018-12-14 01:34:02 - [TEST_STEP][PASSED] - Statement - counter = counter + 1: null

2018-12-14 01:34:02 - [TEST_STEP][PASSED] - Statement - PreSaveFile = new java.io.File(((pathPrefix + java.lang.Integer.toString(counter)) + .png)): null

2018-12-14 01:34:02 - [TEST_STEP][PASSED] - Statement - counter = counter + 1: null

2018-12-14 01:34:02 - [TEST_STEP][PASSED] - Statement - PreSaveFile = new java.io.File(((pathPrefix + java.lang.Integer.toString(counter)) + .png)): null

2018-12-14 01:34:02 - [TEST_STEP][PASSED] - Statement - counter = counter + 1: null

2018-12-14 01:34:02 - [TEST_STEP][PASSED] - Statement - PreSaveFile = new java.io.File(((pathPrefix + java.lang.Integer.toString(counter)) + .png)): null

2018-12-14 01:34:02 - [TEST_STEP][PASSED] - Statement - counter = counter + 1: null

2018-12-14 01:34:02 - [TEST_STEP][PASSED] - Statement - PreSaveFile = new java.io.File(((pathPrefix + java.lang.Integer.toString(counter)) + .png)): null

2018-12-14 01:34:02 - [TEST_STEP][PASSED] - Statement - counter = counter + 1: null

2018-12-14 01:34:02 - [TEST_STEP][PASSED] - Statement - PreSaveFile = new java.io.File(((pathPrefix + java.lang.Integer.toString(counter)) + .png)): null

2018-12-14 01:34:02 - [TEST_STEP][PASSED] - Statement - counter = counter + 1: null

2018-12-14 01:34:02 - [TEST_STEP][PASSED] - Statement - PreSaveFile = new java.io.File(((pathPrefix + java.lang.Integer.toString(counter)) + .png)): null

2018-12-14 01:34:02 - [TEST_STEP][PASSED] - Statement - counter = counter + 1: null

2018-12-14 01:34:02 - [TEST_STEP][PASSED] - Statement - PreSaveFile = new java.io.File(((pathPrefix + java.lang.Integer.toString(counter)) + .png)): null

2018-12-14 01:34:02 - [TEST_STEP][PASSED] - Statement - counter = counter + 1: null

2018-12-14 01:34:02 - [TEST_STEP][PASSED] - Statement - PreSaveFile = new java.io.File(((pathPrefix + java.lang.Integer.toString(counter)) + .png)): null

2018-12-14 01:34:02 - [TEST_STEP][PASSED] - Statement - counter = counter + 1: null

2018-12-14 01:34:02 - [TEST_STEP][PASSED] - Statement - PreSaveFile = new java.io.File(((pathPrefix + java.lang.Integer.toString(counter)) + .png)): null

2018-12-14 01:34:02 - [TEST_STEP][PASSED] - Statement - counter = counter + 1: null

2018-12-14 01:34:02 - [TEST_STEP][PASSED] - Statement - PreSaveFile = new java.io.File(((pathPrefix + java.lang.Integer.toString(counter)) + .png)): null

2018-12-14 01:34:02 - [TEST_STEP][PASSED] - Statement - counter = counter + 1: null

2018-12-14 01:34:02 - [TEST_STEP][PASSED] - Statement - PreSaveFile = new java.io.File(((pathPrefix + java.lang.Integer.toString(counter)) + .png)): null

2018-12-14 01:34:02 - [TEST_STEP][PASSED] - Statement - counter = counter + 1: null

2018-12-14 01:34:02 - [TEST_STEP][PASSED] - Statement - PreSaveFile = new java.io.File(((pathPrefix + java.lang.Integer.toString(counter)) + .png)): null

2018-12-14 01:34:02 - [TEST_STEP][PASSED] - Statement - counter = counter + 1: null

2018-12-14 01:34:02 - [TEST_STEP][PASSED] - Statement - PreSaveFile = new java.io.File(((pathPrefix + java.lang.Integer.toString(counter)) + .png)): null

2018-12-14 01:34:02 - [TEST_STEP][PASSED] - Statement - counter = counter + 1: null

2018-12-14 01:34:02 - [TEST_STEP][PASSED] - Statement - PreSaveFile = new java.io.File(((pathPrefix + java.lang.Integer.toString(counter)) + .png)): null

2018-12-14 01:34:02 - [TEST_STEP][PASSED] - Statement - counter = counter + 1: null

2018-12-14 01:34:02 - [TEST_STEP][PASSED] - Statement - PreSaveFile = new java.io.File(((pathPrefix + java.lang.Integer.toString(counter)) + .png)): null

2018-12-14 01:34:02 - [TEST_STEP][PASSED] - Statement - counter = counter + 1: null

2018-12-14 01:34:02 - [TEST_STEP][PASSED] - Statement - PreSaveFile = new java.io.File(((pathPrefix + java.lang.Integer.toString(counter)) + .png)): null

2018-12-14 01:34:02 - [TEST_STEP][PASSED] - Statement - counter = counter + 1: null

2018-12-14 01:34:02 - [TEST_STEP][PASSED] - Statement - PreSaveFile = new java.io.File(((pathPrefix + java.lang.Integer.toString(counter)) + .png)): null

2018-12-14 01:34:02 - [TEST_STEP][PASSED] - Statement - counter = counter + 1: null

2018-12-14 01:34:02 - [TEST_STEP][PASSED] - Statement - PreSaveFile = new java.io.File(((pathPrefix + java.lang.Integer.toString(counter)) + .png)): null

2018-12-14 01:34:02 - [TEST_STEP][PASSED] - Statement - counter = counter + 1: null

2018-12-14 01:34:02 - [TEST_STEP][PASSED] - Statement - PreSaveFile = new java.io.File(((pathPrefix + java.lang.Integer.toString(counter)) + .png)): null

2018-12-14 01:34:02 - [TEST_STEP][PASSED] - Statement - counter = counter + 1: null

2018-12-14 01:34:02 - [TEST_STEP][PASSED] - Statement - PreSaveFile = new java.io.File(((pathPrefix + java.lang.Integer.toString(counter)) + .png)): null

2018-12-14 01:34:02 - [TEST_STEP][PASSED] - Statement - counter = counter + 1: null

2018-12-14 01:34:02 - [TEST_STEP][PASSED] - Statement - PreSaveFile = new java.io.File(((pathPrefix + java.lang.Integer.toString(counter)) + .png)): null

2018-12-14 01:34:02 - [TEST_STEP][PASSED] - Statement - counter = counter + 1: null

2018-12-14 01:34:02 - [TEST_STEP][PASSED] - Statement - PreSaveFile = new java.io.File(((pathPrefix + java.lang.Integer.toString(counter)) + .png)): null

2018-12-14 01:34:02 - [TEST_STEP][PASSED] - Statement - counter = counter + 1: null

2018-12-14 01:34:02 - [TEST_STEP][PASSED] - Statement - PreSaveFile = new java.io.File(((pathPrefix + java.lang.Integer.toString(counter)) + .png)): null

2018-12-14 01:34:02 - [TEST_STEP][PASSED] - Statement - counter = counter + 1: null

2018-12-14 01:34:02 - [TEST_STEP][PASSED] - Statement - PreSaveFile = new java.io.File(((pathPrefix + java.lang.Integer.toString(counter)) + .png)): null

2018-12-14 01:34:02 - [TEST_STEP][PASSED] - Statement - counter = counter + 1: null

2018-12-14 01:34:02 - [TEST_STEP][PASSED] - Statement - PreSaveFile = new java.io.File(((pathPrefix + java.lang.Integer.toString(counter)) + .png)): null

2018-12-14 01:34:02 - [TEST_STEP][PASSED] - Statement - counter = counter + 1: null

2018-12-14 01:34:02 - [TEST_STEP][PASSED] - Statement - PreSaveFile = new java.io.File(((pathPrefix + java.lang.Integer.toString(counter)) + .png)): null

2018-12-14 01:34:02 - [TEST_STEP][PASSED] - Statement - counter = counter + 1: null

2018-12-14 01:34:02 - [TEST_STEP][PASSED] - Statement - PreSaveFile = new java.io.File(((pathPrefix + java.lang.Integer.toString(counter)) + .png)): null

2018-12-14 01:34:02 - [TEST_STEP][PASSED] - Statement - counter = counter + 1: null

2018-12-14 01:34:02 - [TEST_STEP][PASSED] - Statement - PreSaveFile = new java.io.File(((pathPrefix + java.lang.Integer.toString(counter)) + .png)): null

2018-12-14 01:34:02 - [TEST_STEP][PASSED] - Statement - counter = counter + 1: null

2018-12-14 01:34:02 - [TEST_STEP][PASSED] - Statement - PreSaveFile = new java.io.File(((pathPrefix + java.lang.Integer.toString(counter)) + .png)): null

2018-12-14 01:34:02 - [TEST_STEP][PASSED] - Statement - counter = counter + 1: null

2018-12-14 01:34:02 - [TEST_STEP][PASSED] - Statement - PreSaveFile = new java.io.File(((pathPrefix + java.lang.Integer.toString(counter)) + .png)): null

2018-12-14 01:34:02 - [TEST_STEP][PASSED] - Statement - counter = counter + 1: null

2018-12-14 01:34:02 - [TEST_STEP][PASSED] - Statement - PreSaveFile = new java.io.File(((pathPrefix + java.lang.Integer.toString(counter)) + .png)): null

2018-12-14 01:34:02 - [TEST_STEP][PASSED] - Statement - counter = counter + 1: null

2018-12-14 01:34:02 - [TEST_STEP][PASSED] - Statement - PreSaveFile = new java.io.File(((pathPrefix + java.lang.Integer.toString(counter)) + .png)): null

2018-12-14 01:34:02 - [TEST_STEP][PASSED] - Statement - counter = counter + 1: null

2018-12-14 01:34:02 - [TEST_STEP][PASSED] - Statement - PreSaveFile = new java.io.File(((pathPrefix + java.lang.Integer.toString(counter)) + .png)): null

2018-12-14 01:34:02 - [TEST_STEP][PASSED] - Statement - counter = counter + 1: null

2018-12-14 01:34:02 - [TEST_STEP][PASSED] - Statement - PreSaveFile = new java.io.File(((pathPrefix + java.lang.Integer.toString(counter)) + .png)): null

2018-12-14 01:34:02 - [TEST_STEP][PASSED] - Statement - counter = counter + 1: null

2018-12-14 01:34:02 - [TEST_STEP][PASSED] - Statement - PreSaveFile = new java.io.File(((pathPrefix + java.lang.Integer.toString(counter)) + .png)): null

2018-12-14 01:34:02 - [TEST_STEP][PASSED] - Statement - counter = counter + 1: null

2018-12-14 01:34:02 - [TEST_STEP][PASSED] - Statement - PreSaveFile = new java.io.File(((pathPrefix + java.lang.Integer.toString(counter)) + .png)): null

2018-12-14 01:34:02 - [TEST_STEP][PASSED] - Statement - counter = counter + 1: null

2018-12-14 01:34:02 - [TEST_STEP][PASSED] - Statement - PreSaveFile = new java.io.File(((pathPrefix + java.lang.Integer.toString(counter)) + .png)): null

2018-12-14 01:34:02 - [TEST_STEP][PASSED] - Statement - counter = counter + 1: null

2018-12-14 01:34:02 - [TEST_STEP][PASSED] - Statement - PreSaveFile = new java.io.File(((pathPrefix + java.lang.Integer.toString(counter)) + .png)): null

2018-12-14 01:34:02 - [TEST_STEP][PASSED] - Statement - counter = counter + 1: null

2018-12-14 01:34:02 - [TEST_STEP][PASSED] - Statement - PreSaveFile = new java.io.File(((pathPrefix + java.lang.Integer.toString(counter)) + .png)): null

2018-12-14 01:34:02 - [TEST_STEP][PASSED] - Statement - counter = counter + 1: null

2018-12-14 01:34:02 - [TEST_STEP][PASSED] - Statement - PreSaveFile = new java.io.File(((pathPrefix + java.lang.Integer.toString(counter)) + .png)): null

2018-12-14 01:34:02 - [TEST_STEP][PASSED] - Statement - counter = counter + 1: null

2018-12-14 01:34:02 - [TEST_STEP][PASSED] - Statement - PreSaveFile = new java.io.File(((pathPrefix + java.lang.Integer.toString(counter)) + .png)): null

2018-12-14 01:34:02 - [TEST_STEP][PASSED] - Statement - counter = counter + 1: null

2018-12-14 01:34:02 - [TEST_STEP][PASSED] - Statement - PreSaveFile = new java.io.File(((pathPrefix + java.lang.Integer.toString(counter)) + .png)): null

2018-12-14 01:34:02 - [TEST_STEP][PASSED] - Statement - counter = counter + 1: null

2018-12-14 01:34:02 - [TEST_STEP][PASSED] - Statement - PreSaveFile = new java.io.File(((pathPrefix + java.lang.Integer.toString(counter)) + .png)): null

2018-12-14 01:34:02 - [TEST_STEP][PASSED] - Statement - counter = counter + 1: null

2018-12-14 01:34:02 - [TEST_STEP][PASSED] - Statement - PreSaveFile = new java.io.File(((pathPrefix + java.lang.Integer.toString(counter)) + .png)): null

2018-12-14 01:34:02 - [TEST_STEP][PASSED] - Statement - counter = counter + 1: null

2018-12-14 01:34:02 - [TEST_STEP][PASSED] - Statement - PreSaveFile = new java.io.File(((pathPrefix + java.lang.Integer.toString(counter)) + .png)): null

2018-12-14 01:34:02 - [TEST_STEP][PASSED] - Statement - counter = counter + 1: null

2018-12-14 01:34:02 - [TEST_STEP][PASSED] - Statement - PreSaveFile = new java.io.File(((pathPrefix + java.lang.Integer.toString(counter)) + .png)): null

2018-12-14 01:34:02 - [TEST_STEP][PASSED] - Statement - counter = counter + 1: null

2018-12-14 01:34:02 - [TEST_STEP][PASSED] - Statement - PreSaveFile = new java.io.File(((pathPrefix + java.lang.Integer.toString(counter)) + .png)): null

2018-12-14 01:34:02 - [TEST_STEP][PASSED] - Statement - counter = counter + 1: null

2018-12-14 01:34:02 - [TEST_STEP][PASSED] - Statement - PreSaveFile = new java.io.File(((pathPrefix + java.lang.Integer.toString(counter)) + .png)): null

2018-12-14 01:34:02 - [TEST_STEP][PASSED] - Statement - counter = counter + 1: null

2018-12-14 01:34:02 - [TEST_STEP][PASSED] - Statement - PreSaveFile = new java.io.File(((pathPrefix + java.lang.Integer.toString(counter)) + .png)): null

2018-12-14 01:34:02 - [TEST_STEP][PASSED] - Statement - counter = counter + 1: null

2018-12-14 01:34:02 - [TEST_STEP][PASSED] - Statement - PreSaveFile = new java.io.File(((pathPrefix + java.lang.Integer.toString(counter)) + .png)): null

2018-12-14 01:34:02 - [TEST_STEP][PASSED] - Statement - counter = counter + 1: null

2018-12-14 01:34:02 - [TEST_STEP][PASSED] - Statement - PreSaveFile = new java.io.File(((pathPrefix + java.lang.Integer.toString(counter)) + .png)): null

2018-12-14 01:34:02 - [TEST_STEP][PASSED] - Statement - counter = counter + 1: null

2018-12-14 01:34:02 - [TEST_STEP][PASSED] - Statement - PreSaveFile = new java.io.File(((pathPrefix + java.lang.Integer.toString(counter)) + .png)): null

2018-12-14 01:34:02 - [TEST_STEP][PASSED] - Statement - counter = counter + 1: null

2018-12-14 01:34:02 - [TEST_STEP][PASSED] - Statement - PreSaveFile = new java.io.File(((pathPrefix + java.lang.Integer.toString(counter)) + .png)): null

2018-12-14 01:34:02 - [TEST_STEP][PASSED] - Statement - counter = counter + 1: null

2018-12-14 01:34:02 - [TEST_STEP][PASSED] - Statement - PreSaveFile = new java.io.File(((pathPrefix + java.lang.Integer.toString(counter)) + .png)): null

2018-12-14 01:34:02 - [TEST_STEP][PASSED] - Statement - counter = counter + 1: null

2018-12-14 01:34:02 - [TEST_STEP][PASSED] - Statement - PreSaveFile = new java.io.File(((pathPrefix + java.lang.Integer.toString(counter)) + .png)): null

2018-12-14 01:34:02 - [TEST_STEP][PASSED] - Statement - counter = counter + 1: null

2018-12-14 01:34:02 - [TEST_STEP][PASSED] - Statement - PreSaveFile = new java.io.File(((pathPrefix + java.lang.Integer.toString(counter)) + .png)): null

2018-12-14 01:34:02 - [TEST_STEP][PASSED] - Statement - counter = counter + 1: null

2018-12-14 01:34:02 - [TEST_STEP][PASSED] - Statement - PreSaveFile = new java.io.File(((pathPrefix + java.lang.Integer.toString(counter)) + .png)): null

2018-12-14 01:34:02 - [TEST_STEP][PASSED] - Statement - counter = counter + 1: null

2018-12-14 01:34:02 - [TEST_STEP][PASSED] - Statement - PreSaveFile = new java.io.File(((pathPrefix + java.lang.Integer.toString(counter)) + .png)): null

2018-12-14 01:34:02 - [TEST_STEP][PASSED] - Statement - counter = counter + 1: null

2018-12-14 01:34:02 - [TEST_STEP][PASSED] - Statement - PreSaveFile = new java.io.File(((pathPrefix + java.lang.Integer.toString(counter)) + .png)): null

2018-12-14 01:34:02 - [TEST_STEP][PASSED] - Statement - counter = counter + 1: null

2018-12-14 01:34:02 - [TEST_STEP][PASSED] - Statement - PreSaveFile = new java.io.File(((pathPrefix + java.lang.Integer.toString(counter)) + .png)): null

2018-12-14 01:34:02 - [TEST_STEP][PASSED] - Statement - counter = counter + 1: null

2018-12-14 01:34:02 - [TEST_STEP][PASSED] - Statement - PreSaveFile = new java.io.File(((pathPrefix + java.lang.Integer.toString(counter)) + .png)): null

2018-12-14 01:34:02 - [TEST_STEP][PASSED] - Statement - counter = counter + 1: null

2018-12-14 01:34:02 - [TEST_STEP][PASSED] - Statement - PreSaveFile = new java.io.File(((pathPrefix + java.lang.Integer.toString(counter)) + .png)): null

2018-12-14 01:34:02 - [TEST_STEP][PASSED] - Statement - counter = counter + 1: null

2018-12-14 01:34:02 - [TEST_STEP][PASSED] - Statement - PreSaveFile = new java.io.File(((pathPrefix + java.lang.Integer.toString(counter)) + .png)): null

2018-12-14 01:34:02 - [TEST_STEP][PASSED] - Statement - counter = counter + 1: null

2018-12-14 01:34:02 - [TEST_STEP][PASSED] - Statement - PreSaveFile = new java.io.File(((pathPrefix + java.lang.Integer.toString(counter)) + .png)): null

2018-12-14 01:34:02 - [TEST_STEP][PASSED] - Statement - counter = counter + 1: null

2018-12-14 01:34:02 - [TEST_STEP][PASSED] - Statement - PreSaveFile = new java.io.File(((pathPrefix + java.lang.Integer.toString(counter)) + .png)): null

2018-12-14 01:34:02 - [TEST_STEP][PASSED] - Statement - counter = counter + 1: null

2018-12-14 01:34:02 - [TEST_STEP][PASSED] - Statement - PreSaveFile = new java.io.File(((pathPrefix + java.lang.Integer.toString(counter)) + .png)): null

2018-12-14 01:34:02 - [TEST_STEP][PASSED] - Statement - counter = counter + 1: null

2018-12-14 01:34:02 - [TEST_STEP][PASSED] - Statement - PreSaveFile = new java.io.File(((pathPrefix + java.lang.Integer.toString(counter)) + .png)): null

2018-12-14 01:34:02 - [TEST_STEP][PASSED] - Statement - counter = counter + 1: null

2018-12-14 01:34:02 - [TEST_STEP][PASSED] - Statement - PreSaveFile = new java.io.File(((pathPrefix + java.lang.Integer.toString(counter)) + .png)): null

2018-12-14 01:34:02 - [TEST_STEP][PASSED] - Statement - counter = counter + 1: null

2018-12-14 01:34:02 - [TEST_STEP][PASSED] - Statement - PreSaveFile = new java.io.File(((pathPrefix + java.lang.Integer.toString(counter)) + .png)): null

2018-12-14 01:34:02 - [TEST_STEP][PASSED] - Statement - counter = counter + 1: null

2018-12-14 01:34:02 - [TEST_STEP][PASSED] - Statement - PreSaveFile = new java.io.File(((pathPrefix + java.lang.Integer.toString(counter)) + .png)): null

2018-12-14 01:34:02 - [TEST_STEP][PASSED] - Statement - counter = counter + 1: null

2018-12-14 01:34:02 - [TEST_STEP][PASSED] - Statement - PreSaveFile = new java.io.File(((pathPrefix + java.lang.Integer.toString(counter)) + .png)): null

2018-12-14 01:34:02 - [TEST_STEP][PASSED] - Statement - counter = counter + 1: null

2018-12-14 01:34:02 - [TEST_STEP][PASSED] - Statement - PreSaveFile = new java.io.File(((pathPrefix + java.lang.Integer.toString(counter)) + .png)): null

2018-12-14 01:34:02 - [TEST_STEP][PASSED] - Statement - counter = counter + 1: null

2018-12-14 01:34:02 - [TEST_STEP][PASSED] - Statement - PreSaveFile = new java.io.File(((pathPrefix + java.lang.Integer.toString(counter)) + .png)): null

2018-12-14 01:34:02 - [TEST_STEP][PASSED] - Statement - counter = counter + 1: null

2018-12-14 01:34:02 - [TEST_STEP][PASSED] - Statement - PreSaveFile = new java.io.File(((pathPrefix + java.lang.Integer.toString(counter)) + .png)): null

2018-12-14 01:34:02 - [TEST_STEP][PASSED] - Statement - counter = counter + 1: null

2018-12-14 01:34:02 - [TEST_STEP][PASSED] - Statement - PreSaveFile = new java.io.File(((pathPrefix + java.lang.Integer.toString(counter)) + .png)): null

2018-12-14 01:34:02 - [TEST_STEP][PASSED] - Statement - counter = counter + 1: null

2018-12-14 01:34:02 - [TEST_STEP][PASSED] - Statement - PreSaveFile = new java.io.File(((pathPrefix + java.lang.Integer.toString(counter)) + .png)): null

2018-12-14 01:34:02 - [TEST_STEP][PASSED] - Statement - counter = counter + 1: null

2018-12-14 01:34:02 - [TEST_STEP][PASSED] - Statement - PreSaveFile = new java.io.File(((pathPrefix + java.lang.Integer.toString(counter)) + .png)): null

2018-12-14 01:34:02 - [TEST_STEP][PASSED] - Statement - counter = counter + 1: null

2018-12-14 01:34:02 - [TEST_STEP][PASSED] - Statement - PreSaveFile = new java.io.File(((pathPrefix + java.lang.Integer.toString(counter)) + .png)): null

2018-12-14 01:34:02 - [TEST_STEP][PASSED] - Statement - counter = counter + 1: null

2018-12-14 01:34:02 - [TEST_STEP][PASSED] - Statement - PreSaveFile = new java.io.File(((pathPrefix + java.lang.Integer.toString(counter)) + .png)): null

2018-12-14 01:34:02 - [TEST_STEP][PASSED] - Statement - counter = counter + 1: null

2018-12-14 01:34:02 - [TEST_STEP][PASSED] - Statement - PreSaveFile = new java.io.File(((pathPrefix + java.lang.Integer.toString(counter)) + .png)): null

2018-12-14 01:34:02 - [TEST_STEP][PASSED] - Statement - counter = counter + 1: null

2018-12-14 01:34:02 - [TEST_STEP][PASSED] - Statement - PreSaveFile = new java.io.File(((pathPrefix + java.lang.Integer.toString(counter)) + .png)): null

2018-12-14 01:34:02 - [TEST_STEP][PASSED] - Statement - counter = counter + 1: null

2018-12-14 01:34:02 - [TEST_STEP][PASSED] - Statement - PreSaveFile = new java.io.File(((pathPrefix + java.lang.Integer.toString(counter)) + .png)): null

2018-12-14 01:34:02 - [TEST_STEP][PASSED] - Statement - counter = counter + 1: null

2018-12-14 01:34:02 - [TEST_STEP][PASSED] - Statement - PreSaveFile = new java.io.File(((pathPrefix + java.lang.Integer.toString(counter)) + .png)): null

2018-12-14 01:34:02 - [TEST_STEP][PASSED] - Statement - counter = counter + 1: null

2018-12-14 01:34:02 - [TEST_STEP][PASSED] - Statement - PreSaveFile = new java.io.File(((pathPrefix + java.lang.Integer.toString(counter)) + .png)): null

2018-12-14 01:34:02 - [TEST_STEP][PASSED] - Statement - counter = counter + 1: null

2018-12-14 01:34:02 - [TEST_STEP][PASSED] - Statement - PreSaveFile = new java.io.File(((pathPrefix + java.lang.Integer.toString(counter)) + .png)): null

2018-12-14 01:34:02 - [TEST_STEP][PASSED] - Statement - counter = counter + 1: null

2018-12-14 01:34:02 - [TEST_STEP][PASSED] - Statement - PreSaveFile = new java.io.File(((pathPrefix + java.lang.Integer.toString(counter)) + .png)): null

2018-12-14 01:34:02 - [TEST_STEP][PASSED] - Statement - counter = counter + 1: null

2018-12-14 01:34:02 - [TEST_STEP][PASSED] - Statement - PreSaveFile = new java.io.File(((pathPrefix + java.lang.Integer.toString(counter)) + .png)): null

2018-12-14 01:34:02 - [TEST_STEP][PASSED] - Statement - counter = counter + 1: null

2018-12-14 01:34:02 - [TEST_STEP][PASSED] - Statement - PreSaveFile = new java.io.File(((pathPrefix + java.lang.Integer.toString(counter)) + .png)): null

2018-12-14 01:34:02 - [TEST_STEP][PASSED] - Statement - counter = counter + 1: null

2018-12-14 01:34:02 - [TEST_STEP][PASSED] - Statement - PreSaveFile = new java.io.File(((pathPrefix + java.lang.Integer.toString(counter)) + .png)): null

2018-12-14 01:34:02 - [TEST_STEP][PASSED] - Statement - counter = counter + 1: null

2018-12-14 01:34:02 - [TEST_STEP][PASSED] - Statement - PreSaveFile = new java.io.File(((pathPrefix + java.lang.Integer.toString(counter)) + .png)): null

2018-12-14 01:34:02 - [TEST_STEP][PASSED] - Statement - counter = counter + 1: null

2018-12-14 01:34:02 - [TEST_STEP][PASSED] - Statement - PreSaveFile = new java.io.File(((pathPrefix + java.lang.Integer.toString(counter)) + .png)): null

2018-12-14 01:34:02 - [TEST_STEP][PASSED] - Statement - counter = counter + 1: null

2018-12-14 01:34:02 - [TEST_STEP][PASSED] - Statement - PreSaveFile = new java.io.File(((pathPrefix + java.lang.Integer.toString(counter)) + .png)): null

2018-12-14 01:34:02 - [TEST_STEP][PASSED] - Statement - counter = counter + 1: null

2018-12-14 01:34:02 - [TEST_STEP][PASSED] - Statement - PreSaveFile = new java.io.File(((pathPrefix + java.lang.Integer.toString(counter)) + .png)): null

2018-12-14 01:34:02 - [TEST_STEP][PASSED] - Statement - counter = counter + 1: null

2018-12-14 01:34:02 - [TEST_STEP][PASSED] - Statement - PreSaveFile = new java.io.File(((pathPrefix + java.lang.Integer.toString(counter)) + .png)): null

2018-12-14 01:34:02 - [TEST_STEP][PASSED] - Statement - counter = counter + 1: null

2018-12-14 01:34:02 - [TEST_STEP][PASSED] - Statement - PreSaveFile = new java.io.File(((pathPrefix + java.lang.Integer.toString(counter)) + .png)): null

2018-12-14 01:34:02 - [TEST_STEP][PASSED] - Statement - counter = counter + 1: null

2018-12-14 01:34:02 - [TEST_STEP][PASSED] - Statement - PreSaveFile = new java.io.File(((pathPrefix + java.lang.Integer.toString(counter)) + .png)): null

2018-12-14 01:34:02 - [TEST_STEP][PASSED] - Statement - counter = counter + 1: null

2018-12-14 01:34:02 - [TEST_STEP][PASSED] - Statement - PreSaveFile = new java.io.File(((pathPrefix + java.lang.Integer.toString(counter)) + .png)): null

2018-12-14 01:34:02 - [TEST_STEP][PASSED] - Statement - counter = counter + 1: null

2018-12-14 01:34:02 - [TEST_STEP][PASSED] - Statement - PreSaveFile = new java.io.File(((pathPrefix + java.lang.Integer.toString(counter)) + .png)): null

2018-12-14 01:34:02 - [TEST_STEP][PASSED] - Statement - counter = counter + 1: null

2018-12-14 01:34:02 - [TEST_STEP][PASSED] - Statement - PreSaveFile = new java.io.File(((pathPrefix + java.lang.Integer.toString(counter)) + .png)): null

2018-12-14 01:34:02 - [TEST_STEP][PASSED] - Statement - counter = counter + 1: null

2018-12-14 01:34:02 - [TEST_STEP][PASSED] - Statement - PreSaveFile = new java.io.File(((pathPrefix + java.lang.Integer.toString(counter)) + .png)): null

2018-12-14 01:34:02 - [TEST_STEP][PASSED] - Statement - counter = counter + 1: null

2018-12-14 01:34:02 - [TEST_STEP][PASSED] - Statement - PreSaveFile = new java.io.File(((pathPrefix + java.lang.Integer.toString(counter)) + .png)): null

2018-12-14 01:34:02 - [TEST_STEP][PASSED] - Statement - counter = counter + 1: null

2018-12-14 01:34:02 - [TEST_STEP][PASSED] - Statement - PreSaveFile = new java.io.File(((pathPrefix + java.lang.Integer.toString(counter)) + .png)): null

2018-12-14 01:34:02 - [TEST_STEP][PASSED] - Statement - counter = counter + 1: null

2018-12-14 01:34:02 - [TEST_STEP][PASSED] - Statement - PreSaveFile = new java.io.File(((pathPrefix + java.lang.Integer.toString(counter)) + .png)): null

2018-12-14 01:34:02 - [TEST_STEP][PASSED] - Statement - counter = counter + 1: null

2018-12-14 01:34:02 - [TEST_STEP][PASSED] - Statement - PreSaveFile = new java.io.File(((pathPrefix + java.lang.Integer.toString(counter)) + .png)): null

2018-12-14 01:34:02 - [TEST_STEP][PASSED] - Statement - counter = counter + 1: null

2018-12-14 01:34:02 - [TEST_STEP][PASSED] - Statement - PreSaveFile = new java.io.File(((pathPrefix + java.lang.Integer.toString(counter)) + .png)): null

2018-12-14 01:34:02 - [TEST_STEP][PASSED] - Statement - counter = counter + 1: null

2018-12-14 01:34:02 - [TEST_STEP][PASSED] - Statement - PreSaveFile = new java.io.File(((pathPrefix + java.lang.Integer.toString(counter)) + .png)): null

2018-12-14 01:34:02 - [TEST_STEP][PASSED] - Statement - counter = counter + 1: null

2018-12-14 01:34:02 - [TEST_STEP][PASSED] - Statement - PreSaveFile = new java.io.File(((pathPrefix + java.lang.Integer.toString(counter)) + .png)): null

2018-12-14 01:34:02 - [TEST_STEP][PASSED] - Statement - counter = counter + 1: null

2018-12-14 01:34:02 - [TEST_STEP][PASSED] - Statement - PreSaveFile = new java.io.File(((pathPrefix + java.lang.Integer.toString(counter)) + .png)): null

2018-12-14 01:34:02 - [TEST_STEP][PASSED] - Statement - counter = counter + 1: null

2018-12-14 01:34:02 - [TEST_STEP][PASSED] - Statement - PreSaveFile = new java.io.File(((pathPrefix + java.lang.Integer.toString(counter)) + .png)): null

2018-12-14 01:34:02 - [TEST_STEP][PASSED] - Statement - counter = counter + 1: null

2018-12-14 01:34:02 - [TEST_STEP][PASSED] - Statement - PreSaveFile = new java.io.File(((pathPrefix + java.lang.Integer.toString(counter)) + .png)): null

2018-12-14 01:34:02 - [TEST_STEP][PASSED] - Statement - counter = counter + 1: null

2018-12-14 01:34:02 - [TEST_STEP][PASSED] - Statement - PreSaveFile = new java.io.File(((pathPrefix + java.lang.Integer.toString(counter)) + .png)): null

2018-12-14 01:34:02 - [TEST_STEP][PASSED] - Statement - counter = counter + 1: null

2018-12-14 01:34:02 - [TEST_STEP][PASSED] - Statement - PreSaveFile = new java.io.File(((pathPrefix + java.lang.Integer.toString(counter)) + .png)): null

2018-12-14 01:34:02 - [TEST_STEP][PASSED] - Statement - counter = counter + 1: null

2018-12-14 01:34:02 - [TEST_STEP][PASSED] - Statement - PreSaveFile = new java.io.File(((pathPrefix + java.lang.Integer.toString(counter)) + .png)): null

2018-12-14 01:34:02 - [TEST_STEP][PASSED] - Statement - counter = counter + 1: null

2018-12-14 01:34:02 - [TEST_STEP][PASSED] - Statement - PreSaveFile = new java.io.File(((pathPrefix + java.lang.Integer.toString(counter)) + .png)): null

2018-12-14 01:34:02 - [TEST_STEP][PASSED] - Statement - counter = counter + 1: null

2018-12-14 01:34:02 - [TEST_STEP][PASSED] - Statement - PreSaveFile = new java.io.File(((pathPrefix + java.lang.Integer.toString(counter)) + .png)): null

2018-12-14 01:34:02 - [TEST_STEP][PASSED] - Statement - counter = counter + 1: null

2018-12-14 01:34:02 - [TEST_STEP][PASSED] - Statement - PreSaveFile = new java.io.File(((pathPrefix + java.lang.Integer.toString(counter)) + .png)): null

2018-12-14 01:34:02 - [TEST_STEP][PASSED] - Statement - counter = counter + 1: null

2018-12-14 01:34:02 - [TEST_STEP][PASSED] - Statement - PreSaveFile = new java.io.File(((pathPrefix + java.lang.Integer.toString(counter)) + .png)): null

2018-12-14 01:34:02 - [TEST_STEP][PASSED] - Statement - counter = counter + 1: null

2018-12-14 01:34:02 - [TEST_STEP][PASSED] - Statement - PreSaveFile = new java.io.File(((pathPrefix + java.lang.Integer.toString(counter)) + .png)): null

2018-12-14 01:34:02 - [TEST_STEP][PASSED] - Statement - counter = counter + 1: null

2018-12-14 01:34:02 - [TEST_STEP][PASSED] - Statement - PreSaveFile = new java.io.File(((pathPrefix + java.lang.Integer.toString(counter)) + .png)): null

2018-12-14 01:34:02 - [TEST_STEP][PASSED] - Statement - counter = counter + 1: null

2018-12-14 01:34:02 - [TEST_STEP][PASSED] - Statement - PreSaveFile = new java.io.File(((pathPrefix + java.lang.Integer.toString(counter)) + .png)): null

2018-12-14 01:34:02 - [TEST_STEP][PASSED] - Statement - counter = counter + 1: null

2018-12-14 01:34:02 - [TEST_STEP][PASSED] - Statement - PreSaveFile = new java.io.File(((pathPrefix + java.lang.Integer.toString(counter)) + .png)): null

2018-12-14 01:34:02 - [TEST_STEP][PASSED] - Statement - counter = counter + 1: null

2018-12-14 01:34:02 - [TEST_STEP][PASSED] - Statement - PreSaveFile = new java.io.File(((pathPrefix + java.lang.Integer.toString(counter)) + .png)): null

2018-12-14 01:34:02 - [TEST_STEP][PASSED] - Statement - counter = counter + 1: null

2018-12-14 01:34:02 - [TEST_STEP][PASSED] - Statement - PreSaveFile = new java.io.File(((pathPrefix + java.lang.Integer.toString(counter)) + .png)): null

2018-12-14 01:34:02 - [TEST_STEP][PASSED] - Statement - counter = counter + 1: null

2018-12-14 01:34:02 - [TEST_STEP][PASSED] - Statement - PreSaveFile = new java.io.File(((pathPrefix + java.lang.Integer.toString(counter)) + .png)): null

2018-12-14 01:34:02 - [TEST_STEP][PASSED] - Statement - counter = counter + 1: null

2018-12-14 01:34:02 - [TEST_STEP][PASSED] - Statement - PreSaveFile = new java.io.File(((pathPrefix + java.lang.Integer.toString(counter)) + .png)): null

2018-12-14 01:34:02 - [TEST_STEP][PASSED] - Statement - counter = counter + 1: null

2018-12-14 01:34:02 - [TEST_STEP][PASSED] - Statement - PreSaveFile = new java.io.File(((pathPrefix + java.lang.Integer.toString(counter)) + .png)): null

2018-12-14 01:34:02 - [TEST_STEP][PASSED] - Statement - counter = counter + 1: null

2018-12-14 01:34:02 - [TEST_STEP][PASSED] - Statement - PreSaveFile = new java.io.File(((pathPrefix + java.lang.Integer.toString(counter)) + .png)): null

2018-12-14 01:34:02 - [TEST_STEP][PASSED] - Statement - counter = counter + 1: null

2018-12-14 01:34:02 - [TEST_STEP][PASSED] - Statement - PreSaveFile = new java.io.File(((pathPrefix + java.lang.Integer.toString(counter)) + .png)): null

2018-12-14 01:34:02 - [TEST_STEP][PASSED] - Statement - counter = counter + 1: null

2018-12-14 01:34:02 - [TEST_STEP][PASSED] - Statement - PreSaveFile = new java.io.File(((pathPrefix + java.lang.Integer.toString(counter)) + .png)): null

2018-12-14 01:34:02 - [TEST_STEP][PASSED] - Statement - counter = counter + 1: null

2018-12-14 01:34:02 - [TEST_STEP][PASSED] - Statement - PreSaveFile = new java.io.File(((pathPrefix + java.lang.Integer.toString(counter)) + .png)): null

2018-12-14 01:34:02 - [TEST_STEP][PASSED] - Statement - counter = counter + 1: null

2018-12-14 01:34:02 - [TEST_STEP][PASSED] - Statement - PreSaveFile = new java.io.File(((pathPrefix + java.lang.Integer.toString(counter)) + .png)): null

2018-12-14 01:34:02 - [TEST_STEP][PASSED] - Statement - counter = counter + 1: null

2018-12-14 01:34:02 - [TEST_STEP][PASSED] - Statement - PreSaveFile = new java.io.File(((pathPrefix + java.lang.Integer.toString(counter)) + .png)): null

2018-12-14 01:34:02 - [TEST_STEP][PASSED] - Statement - counter = counter + 1: null

2018-12-14 01:34:02 - [TEST_STEP][PASSED] - Statement - PreSaveFile = new java.io.File(((pathPrefix + java.lang.Integer.toString(counter)) + .png)): null

2018-12-14 01:34:02 - [TEST_STEP][PASSED] - Statement - counter = counter + 1: null

2018-12-14 01:34:02 - [TEST_STEP][PASSED] - Statement - PreSaveFile = new java.io.File(((pathPrefix + java.lang.Integer.toString(counter)) + .png)): null

2018-12-14 01:34:02 - [TEST_STEP][PASSED] - Statement - counter = counter + 1: null

2018-12-14 01:34:02 - [TEST_STEP][PASSED] - Statement - PreSaveFile = new java.io.File(((pathPrefix + java.lang.Integer.toString(counter)) + .png)): null

2018-12-14 01:34:02 - [TEST_STEP][PASSED] - Statement - counter = counter + 1: null

2018-12-14 01:34:02 - [TEST_STEP][PASSED] - Statement - PreSaveFile = new java.io.File(((pathPrefix + java.lang.Integer.toString(counter)) + .png)): null

2018-12-14 01:34:02 - [TEST_STEP][PASSED] - Statement - counter = counter + 1: null

2018-12-14 01:34:02 - [TEST_STEP][PASSED] - Statement - PreSaveFile = new java.io.File(((pathPrefix + java.lang.Integer.toString(counter)) + .png)): null

2018-12-14 01:34:02 - [TEST_STEP][PASSED] - Statement - counter = counter + 1: null

2018-12-14 01:34:02 - [TEST_STEP][PASSED] - Statement - PreSaveFile = new java.io.File(((pathPrefix + java.lang.Integer.toString(counter)) + .png)): null

2018-12-14 01:34:02 - [TEST_STEP][PASSED] - Statement - counter = counter + 1: null

2018-12-14 01:34:02 - [TEST_STEP][PASSED] - Statement - PreSaveFile = new java.io.File(((pathPrefix + java.lang.Integer.toString(counter)) + .png)): null

2018-12-14 01:34:02 - [TEST_STEP][PASSED] - Statement - counter = counter + 1: null

2018-12-14 01:34:02 - [TEST_STEP][PASSED] - Statement - PreSaveFile = new java.io.File(((pathPrefix + java.lang.Integer.toString(counter)) + .png)): null

2018-12-14 01:34:02 - [TEST_STEP][PASSED] - Statement - counter = counter + 1: null

2018-12-14 01:34:02 - [TEST_STEP][PASSED] - Statement - PreSaveFile = new java.io.File(((pathPrefix + java.lang.Integer.toString(counter)) + .png)): null

2018-12-14 01:34:02 - [TEST_STEP][PASSED] - Statement - counter = counter + 1: null

2018-12-14 01:34:02 - [TEST_STEP][PASSED] - Statement - PreSaveFile = new java.io.File(((pathPrefix + java.lang.Integer.toString(counter)) + .png)): null

2018-12-14 01:34:02 - [TEST_STEP][PASSED] - Statement - counter = counter + 1: null

2018-12-14 01:34:02 - [TEST_STEP][PASSED] - Statement - PreSaveFile = new java.io.File(((pathPrefix + java.lang.Integer.toString(counter)) + .png)): null

2018-12-14 01:34:02 - [TEST_STEP][PASSED] - Statement - counter = counter + 1: null

2018-12-14 01:34:02 - [TEST_STEP][PASSED] - Statement - PreSaveFile = new java.io.File(((pathPrefix + java.lang.Integer.toString(counter)) + .png)): null

2018-12-14 01:34:02 - [TEST_STEP][PASSED] - Statement - counter = counter + 1: null

2018-12-14 01:34:02 - [TEST_STEP][PASSED] - Statement - PreSaveFile = new java.io.File(((pathPrefix + java.lang.Integer.toString(counter)) + .png)): null

2018-12-14 01:34:02 - [TEST_STEP][PASSED] - Statement - counter = counter + 1: null

2018-12-14 01:34:02 - [TEST_STEP][PASSED] - Statement - PreSaveFile = new java.io.File(((pathPrefix + java.lang.Integer.toString(counter)) + .png)): null

2018-12-14 01:34:02 - [TEST_STEP][PASSED] - Statement - counter = counter + 1: null

2018-12-14 01:34:02 - [TEST_STEP][PASSED] - Statement - PreSaveFile = new java.io.File(((pathPrefix + java.lang.Integer.toString(counter)) + .png)): null

2018-12-14 01:34:02 - [TEST_STEP][PASSED] - Statement - counter = counter + 1: null

2018-12-14 01:34:02 - [TEST_STEP][PASSED] - Statement - PreSaveFile = new java.io.File(((pathPrefix + java.lang.Integer.toString(counter)) + .png)): null

2018-12-14 01:34:02 - [TEST_STEP][PASSED] - Statement - counter = counter + 1: null

2018-12-14 01:34:02 - [TEST_STEP][PASSED] - Statement - PreSaveFile = new java.io.File(((pathPrefix + java.lang.Integer.toString(counter)) + .png)): null

2018-12-14 01:34:02 - [TEST_STEP][PASSED] - Statement - counter = counter + 1: null

2018-12-14 01:34:02 - [TEST_STEP][PASSED] - Statement - PreSaveFile = new java.io.File(((pathPrefix + java.lang.Integer.toString(counter)) + .png)): null

2018-12-14 01:34:02 - [TEST_STEP][PASSED] - Statement - counter = counter + 1: null

2018-12-14 01:34:02 - [TEST_STEP][PASSED] - Statement - PreSaveFile = new java.io.File(((pathPrefix + java.lang.Integer.toString(counter)) + .png)): null

2018-12-14 01:34:02 - [TEST_STEP][PASSED] - Statement - counter = counter + 1: null

2018-12-14 01:34:02 - [TEST_STEP][PASSED] - Statement - PreSaveFile = new java.io.File(((pathPrefix + java.lang.Integer.toString(counter)) + .png)): null

2018-12-14 01:34:02 - [TEST_STEP][PASSED] - Statement - counter = counter + 1: null

2018-12-14 01:34:02 - [TEST_STEP][PASSED] - Statement - PreSaveFile = new java.io.File(((pathPrefix + java.lang.Integer.toString(counter)) + .png)): null

2018-12-14 01:34:02 - [TEST_STEP][PASSED] - Statement - counter = counter + 1: null

2018-12-14 01:34:02 - [TEST_STEP][PASSED] - Statement - PreSaveFile = new java.io.File(((pathPrefix + java.lang.Integer.toString(counter)) + .png)): null

2018-12-14 01:34:02 - [TEST_STEP][PASSED] - Statement - counter = counter + 1: null

2018-12-14 01:34:02 - [TEST_STEP][PASSED] - Statement - PreSaveFile = new java.io.File(((pathPrefix + java.lang.Integer.toString(counter)) + .png)): null

2018-12-14 01:34:02 - [TEST_STEP][PASSED] - Statement - counter = counter + 1: null

2018-12-14 01:34:02 - [TEST_STEP][PASSED] - Statement - PreSaveFile = new java.io.File(((pathPrefix + java.lang.Integer.toString(counter)) + .png)): null

2018-12-14 01:34:02 - [TEST_STEP][PASSED] - Statement - counter = counter + 1: null

2018-12-14 01:34:02 - [TEST_STEP][PASSED] - Statement - PreSaveFile = new java.io.File(((pathPrefix + java.lang.Integer.toString(counter)) + .png)): null

2018-12-14 01:34:02 - [TEST_STEP][PASSED] - Statement - counter = counter + 1: null

2018-12-14 01:34:02 - [TEST_STEP][PASSED] - Statement - PreSaveFile = new java.io.File(((pathPrefix + java.lang.Integer.toString(counter)) + .png)): null

2018-12-14 01:34:02 - [TEST_STEP][PASSED] - Statement - counter = counter + 1: null

2018-12-14 01:34:02 - [TEST_STEP][PASSED] - Statement - PreSaveFile = new java.io.File(((pathPrefix + java.lang.Integer.toString(counter)) + .png)): null

2018-12-14 01:34:02 - [TEST_STEP][PASSED] - Statement - counter = counter + 1: null

2018-12-14 01:34:02 - [TEST_STEP][PASSED] - Statement - PreSaveFile = new java.io.File(((pathPrefix + java.lang.Integer.toString(counter)) + .png)): null

2018-12-14 01:34:02 - [TEST_STEP][PASSED] - Statement - counter = counter + 1: null

2018-12-14 01:34:02 - [TEST_STEP][PASSED] - Statement - PreSaveFile = new java.io.File(((pathPrefix + java.lang.Integer.toString(counter)) + .png)): null

2018-12-14 01:34:02 - [TEST_STEP][PASSED] - Statement - counter = counter + 1: null

2018-12-14 01:34:02 - [TEST_STEP][PASSED] - Statement - PreSaveFile = new java.io.File(((pathPrefix + java.lang.Integer.toString(counter)) + .png)): null

2018-12-14 01:34:02 - [TEST_STEP][PASSED] - Statement - counter = counter + 1: null

2018-12-14 01:34:03 - [TEST_STEP][PASSED] - Statement - PreSaveFile = new java.io.File(((pathPrefix + java.lang.Integer.toString(counter)) + .png)): null

2018-12-14 01:34:03 - [TEST_STEP][PASSED] - Statement - counter = counter + 1: null

2018-12-14 01:34:03 - [TEST_STEP][PASSED] - Statement - PreSaveFile = new java.io.File(((pathPrefix + java.lang.Integer.toString(counter)) + .png)): null

2018-12-14 01:34:03 - [TEST_STEP][PASSED] - Statement - counter = counter + 1: null

2018-12-14 01:34:03 - [TEST_STEP][PASSED] - Statement - PreSaveFile = new java.io.File(((pathPrefix + java.lang.Integer.toString(counter)) + .png)): null

2018-12-14 01:34:03 - [TEST_STEP][PASSED] - Statement - counter = counter + 1: null

2018-12-14 01:34:03 - [TEST_STEP][PASSED] - Statement - PreSaveFile = new java.io.File(((pathPrefix + java.lang.Integer.toString(counter)) + .png)): null

2018-12-14 01:34:03 - [TEST_STEP][PASSED] - Statement - counter = counter + 1: null

2018-12-14 01:34:03 - [TEST_STEP][PASSED] - Statement - PreSaveFile = new java.io.File(((pathPrefix + java.lang.Integer.toString(counter)) + .png)): null

2018-12-14 01:34:03 - [TEST_STEP][PASSED] - Statement - counter = counter + 1: null

2018-12-14 01:34:03 - [TEST_STEP][PASSED] - Statement - PreSaveFile = new java.io.File(((pathPrefix + java.lang.Integer.toString(counter)) + .png)): null

2018-12-14 01:34:03 - [TEST_STEP][PASSED] - Statement - counter = counter + 1: null

2018-12-14 01:34:03 - [TEST_STEP][PASSED] - Statement - PreSaveFile = new java.io.File(((pathPrefix + java.lang.Integer.toString(counter)) + .png)): null

2018-12-14 01:34:03 - [TEST_STEP][PASSED] - Statement - counter = counter + 1: null

2018-12-14 01:34:03 - [TEST_STEP][PASSED] - Statement - PreSaveFile = new java.io.File(((pathPrefix + java.lang.Integer.toString(counter)) + .png)): null

2018-12-14 01:34:03 - [TEST_STEP][PASSED] - Statement - counter = counter + 1: null

2018-12-14 01:34:03 - [TEST_STEP][PASSED] - Statement - PreSaveFile = new java.io.File(((pathPrefix + java.lang.Integer.toString(counter)) + .png)): null

2018-12-14 01:34:03 - [TEST_STEP][PASSED] - Statement - counter = counter + 1: null

2018-12-14 01:34:03 - [TEST_STEP][PASSED] - Statement - PreSaveFile = new java.io.File(((pathPrefix + java.lang.Integer.toString(counter)) + .png)): null

2018-12-14 01:34:03 - [TEST_STEP][PASSED] - Statement - counter = counter + 1: null

2018-12-14 01:34:03 - [TEST_STEP][PASSED] - Statement - PreSaveFile = new java.io.File(((pathPrefix + java.lang.Integer.toString(counter)) + .png)): null

2018-12-14 01:34:03 - [TEST_STEP][PASSED] - Statement - counter = counter + 1: null

2018-12-14 01:34:03 - [TEST_STEP][PASSED] - Statement - PreSaveFile = new java.io.File(((pathPrefix + java.lang.Integer.toString(counter)) + .png)): null

2018-12-14 01:34:03 - [TEST_STEP][PASSED] - Statement - counter = counter + 1: null

2018-12-14 01:34:03 - [TEST_STEP][PASSED] - Statement - PreSaveFile = new java.io.File(((pathPrefix + java.lang.Integer.toString(counter)) + .png)): null

2018-12-14 01:34:03 - [TEST_STEP][PASSED] - Statement - counter = counter + 1: null

2018-12-14 01:34:03 - [TEST_STEP][PASSED] - Statement - PreSaveFile = new java.io.File(((pathPrefix + java.lang.Integer.toString(counter)) + .png)): null

2018-12-14 01:34:03 - [TEST_STEP][PASSED] - Statement - counter = counter + 1: null

2018-12-14 01:34:03 - [TEST_STEP][PASSED] - Statement - PreSaveFile = new java.io.File(((pathPrefix + java.lang.Integer.toString(counter)) + .png)): null

2018-12-14 01:34:03 - [TEST_STEP][PASSED] - Statement - counter = counter + 1: null

2018-12-14 01:34:03 - [TEST_STEP][PASSED] - Statement - PreSaveFile = new java.io.File(((pathPrefix + java.lang.Integer.toString(counter)) + .png)): null

2018-12-14 01:34:03 - [TEST_STEP][PASSED] - Statement - counter = counter + 1: null

2018-12-14 01:34:03 - [TEST_STEP][PASSED] - Statement - PreSaveFile = new java.io.File(((pathPrefix + java.lang.Integer.toString(counter)) + .png)): null

2018-12-14 01:34:03 - [TEST_STEP][PASSED] - Statement - counter = counter + 1: null

2018-12-14 01:34:03 - [TEST_STEP][PASSED] - Statement - PreSaveFile = new java.io.File(((pathPrefix + java.lang.Integer.toString(counter)) + .png)): null

2018-12-14 01:34:03 - [TEST_STEP][PASSED] - Statement - counter = counter + 1: null

2018-12-14 01:34:03 - [TEST_STEP][PASSED] - Statement - PreSaveFile = new java.io.File(((pathPrefix + java.lang.Integer.toString(counter)) + .png)): null

2018-12-14 01:34:03 - [TEST_STEP][PASSED] - Statement - counter = counter + 1: null

2018-12-14 01:34:03 - [TEST_STEP][PASSED] - Statement - PreSaveFile = new java.io.File(((pathPrefix + java.lang.Integer.toString(counter)) + .png)): null

2018-12-14 01:34:03 - [TEST_STEP][PASSED] - Statement - counter = counter + 1: null

2018-12-14 01:34:03 - [TEST_STEP][PASSED] - Statement - PreSaveFile = new java.io.File(((pathPrefix + java.lang.Integer.toString(counter)) + .png)): null

2018-12-14 01:34:03 - [TEST_STEP][PASSED] - Statement - counter = counter + 1: null

2018-12-14 01:34:03 - [TEST_STEP][PASSED] - Statement - PreSaveFile = new java.io.File(((pathPrefix + java.lang.Integer.toString(counter)) + .png)): null

2018-12-14 01:34:03 - [TEST_STEP][PASSED] - Statement - counter = counter + 1: null

2018-12-14 01:34:03 - [TEST_STEP][PASSED] - Statement - PreSaveFile = new java.io.File(((pathPrefix + java.lang.Integer.toString(counter)) + .png)): null

2018-12-14 01:34:03 - [TEST_STEP][PASSED] - Statement - counter = counter + 1: null

2018-12-14 01:34:03 - [TEST_STEP][PASSED] - Statement - PreSaveFile = new java.io.File(((pathPrefix + java.lang.Integer.toString(counter)) + .png)): null

2018-12-14 01:34:03 - [TEST_STEP][PASSED] - Statement - counter = counter + 1: null

2018-12-14 01:34:03 - [TEST_STEP][PASSED] - Statement - PreSaveFile = new java.io.File(((pathPrefix + java.lang.Integer.toString(counter)) + .png)): null

2018-12-14 01:34:03 - [TEST_STEP][PASSED] - Statement - counter = counter + 1: null

2018-12-14 01:34:03 - [TEST_STEP][PASSED] - Statement - PreSaveFile = new java.io.File(((pathPrefix + java.lang.Integer.toString(counter)) + .png)): null

2018-12-14 01:34:03 - [TEST_STEP][PASSED] - Statement - counter = counter + 1: null

2018-12-14 01:34:03 - [TEST_STEP][PASSED] - Statement - PreSaveFile = new java.io.File(((pathPrefix + java.lang.Integer.toString(counter)) + .png)): null

2018-12-14 01:34:03 - [TEST_STEP][PASSED] - Statement - counter = counter + 1: null

2018-12-14 01:34:03 - [TEST_STEP][PASSED] - Statement - PreSaveFile = new java.io.File(((pathPrefix + java.lang.Integer.toString(counter)) + .png)): null

2018-12-14 01:34:03 - [TEST_STEP][PASSED] - Statement - counter = counter + 1: null

2018-12-14 01:34:03 - [TEST_STEP][PASSED] - Statement - PreSaveFile = new java.io.File(((pathPrefix + java.lang.Integer.toString(counter)) + .png)): null

2018-12-14 01:34:03 - [TEST_STEP][PASSED] - Statement - counter = counter + 1: null

2018-12-14 01:34:03 - [TEST_STEP][PASSED] - Statement - PreSaveFile = new java.io.File(((pathPrefix + java.lang.Integer.toString(counter)) + .png)): null

2018-12-14 01:34:03 - [TEST_STEP][PASSED] - Statement - counter = counter + 1: null

2018-12-14 01:34:03 - [TEST_STEP][PASSED] - Statement - PreSaveFile = new java.io.File(((pathPrefix + java.lang.Integer.toString(counter)) + .png)): null

2018-12-14 01:34:03 - [TEST_STEP][PASSED] - Statement - counter = counter + 1: null

2018-12-14 01:34:03 - [TEST_STEP][PASSED] - Statement - PreSaveFile = new java.io.File(((pathPrefix + java.lang.Integer.toString(counter)) + .png)): null

2018-12-14 01:34:03 - [TEST_STEP][PASSED] - Statement - counter = counter + 1: null

2018-12-14 01:34:03 - [TEST_STEP][PASSED] - Statement - PreSaveFile = new java.io.File(((pathPrefix + java.lang.Integer.toString(counter)) + .png)): null

2018-12-14 01:34:03 - [TEST_STEP][PASSED] - Statement - counter = counter + 1: null

2018-12-14 01:34:03 - [TEST_STEP][PASSED] - Statement - PreSaveFile = new java.io.File(((pathPrefix + java.lang.Integer.toString(counter)) + .png)): null

2018-12-14 01:34:03 - [TEST_STEP][PASSED] - Statement - counter = counter + 1: null

2018-12-14 01:34:03 - [TEST_STEP][PASSED] - Statement - PreSaveFile = new java.io.File(((pathPrefix + java.lang.Integer.toString(counter)) + .png)): null

2018-12-14 01:34:03 - [TEST_STEP][PASSED] - Statement - counter = counter + 1: null

2018-12-14 01:34:03 - [TEST_STEP][PASSED] - Statement - PreSaveFile = new java.io.File(((pathPrefix + java.lang.Integer.toString(counter)) + .png)): null

2018-12-14 01:34:03 - [TEST_STEP][PASSED] - Statement - counter = counter + 1: null

2018-12-14 01:34:03 - [TEST_STEP][PASSED] - Statement - PreSaveFile = new java.io.File(((pathPrefix + java.lang.Integer.toString(counter)) + .png)): null

2018-12-14 01:34:03 - [TEST_STEP][PASSED] - Statement - counter = counter + 1: null

2018-12-14 01:34:03 - [TEST_STEP][PASSED] - Statement - PreSaveFile = new java.io.File(((pathPrefix + java.lang.Integer.toString(counter)) + .png)): null

2018-12-14 01:34:03 - [TEST_STEP][PASSED] - Statement - counter = counter + 1: null

2018-12-14 01:34:03 - [TEST_STEP][PASSED] - Statement - PreSaveFile = new java.io.File(((pathPrefix + java.lang.Integer.toString(counter)) + .png)): null

2018-12-14 01:34:03 - [TEST_STEP][PASSED] - Statement - counter = counter + 1: null

2018-12-14 01:34:03 - [TEST_STEP][PASSED] - Statement - PreSaveFile = new java.io.File(((pathPrefix + java.lang.Integer.toString(counter)) + .png)): null

2018-12-14 01:34:03 - [TEST_STEP][PASSED] - Statement - counter = counter + 1: null

2018-12-14 01:34:03 - [TEST_STEP][PASSED] - Statement - PreSaveFile = new java.io.File(((pathPrefix + java.lang.Integer.toString(counter)) + .png)): null

2018-12-14 01:34:03 - [TEST_STEP][PASSED] - Statement - counter = counter + 1: null

2018-12-14 01:34:03 - [TEST_STEP][PASSED] - Statement - PreSaveFile = new java.io.File(((pathPrefix + java.lang.Integer.toString(counter)) + .png)): null

2018-12-14 01:34:03 - [TEST_STEP][PASSED] - Statement - counter = counter + 1: null

2018-12-14 01:34:03 - [TEST_STEP][PASSED] - Statement - PreSaveFile = new java.io.File(((pathPrefix + java.lang.Integer.toString(counter)) + .png)): null

2018-12-14 01:34:03 - [TEST_STEP][PASSED] - Statement - counter = counter + 1: null

2018-12-14 01:34:03 - [TEST_STEP][PASSED] - Statement - PreSaveFile = new java.io.File(((pathPrefix + java.lang.Integer.toString(counter)) + .png)): null

2018-12-14 01:34:03 - [TEST_STEP][PASSED] - Statement - counter = counter + 1: null

2018-12-14 01:34:03 - [TEST_STEP][PASSED] - Statement - PreSaveFile = new java.io.File(((pathPrefix + java.lang.Integer.toString(counter)) + .png)): null

2018-12-14 01:34:03 - [TEST_STEP][PASSED] - Statement - counter = counter + 1: null

2018-12-14 01:34:03 - [TEST_STEP][PASSED] - Statement - PreSaveFile = new java.io.File(((pathPrefix + java.lang.Integer.toString(counter)) + .png)): null

2018-12-14 01:34:03 - [TEST_STEP][PASSED] - Statement - counter = counter + 1: null

2018-12-14 01:34:03 - [TEST_STEP][PASSED] - Statement - PreSaveFile = new java.io.File(((pathPrefix + java.lang.Integer.toString(counter)) + .png)): null

2018-12-14 01:34:03 - [TEST_STEP][PASSED] - Statement - counter = counter + 1: null

2018-12-14 01:34:03 - [TEST_STEP][PASSED] - Statement - PreSaveFile = new java.io.File(((pathPrefix + java.lang.Integer.toString(counter)) + .png)): null

2018-12-14 01:34:03 - [TEST_STEP][PASSED] - Statement - counter = counter + 1: null

2018-12-14 01:34:03 - [TEST_STEP][PASSED] - Statement - PreSaveFile = new java.io.File(((pathPrefix + java.lang.Integer.toString(counter)) + .png)): null

2018-12-14 01:34:03 - [TEST_STEP][PASSED] - Statement - counter = counter + 1: null

2018-12-14 01:34:03 - [TEST_STEP][PASSED] - Statement - PreSaveFile = new java.io.File(((pathPrefix + java.lang.Integer.toString(counter)) + .png)): null

2018-12-14 01:34:03 - [TEST_STEP][PASSED] - Statement - counter = counter + 1: null

2018-12-14 01:34:03 - [TEST_STEP][PASSED] - Statement - PreSaveFile = new java.io.File(((pathPrefix + java.lang.Integer.toString(counter)) + .png)): null

2018-12-14 01:34:03 - [TEST_STEP][PASSED] - Statement - counter = counter + 1: null

2018-12-14 01:34:03 - [TEST_STEP][PASSED] - Statement - PreSaveFile = new java.io.File(((pathPrefix + java.lang.Integer.toString(counter)) + .png)): null

2018-12-14 01:34:03 - [TEST_STEP][PASSED] - Statement - counter = counter + 1: null

2018-12-14 01:34:03 - [TEST_STEP][PASSED] - Statement - PreSaveFile = new java.io.File(((pathPrefix + java.lang.Integer.toString(counter)) + .png)): null

2018-12-14 01:34:03 - [TEST_STEP][PASSED] - Statement - counter = counter + 1: null

2018-12-14 01:34:03 - [TEST_STEP][PASSED] - Statement - PreSaveFile = new java.io.File(((pathPrefix + java.lang.Integer.toString(counter)) + .png)): null

2018-12-14 01:34:03 - [TEST_STEP][PASSED] - Statement - counter = counter + 1: null

2018-12-14 01:34:03 - [TEST_STEP][PASSED] - Statement - PreSaveFile = new java.io.File(((pathPrefix + java.lang.Integer.toString(counter)) + .png)): null

2018-12-14 01:34:03 - [TEST_STEP][PASSED] - Statement - counter = counter + 1: null

2018-12-14 01:34:03 - [TEST_STEP][PASSED] - Statement - PreSaveFile = new java.io.File(((pathPrefix + java.lang.Integer.toString(counter)) + .png)): null

2018-12-14 01:34:03 - [TEST_STEP][PASSED] - Statement - counter = counter + 1: null

2018-12-14 01:34:03 - [TEST_STEP][PASSED] - Statement - PreSaveFile = new java.io.File(((pathPrefix + java.lang.Integer.toString(counter)) + .png)): null

2018-12-14 01:34:03 - [TEST_STEP][PASSED] - Statement - counter = counter + 1: null

2018-12-14 01:34:03 - [TEST_STEP][PASSED] - Statement - PreSaveFile = new java.io.File(((pathPrefix + java.lang.Integer.toString(counter)) + .png)): null

2018-12-14 01:34:03 - [TEST_STEP][PASSED] - Statement - counter = counter + 1: null

2018-12-14 01:34:03 - [TEST_STEP][PASSED] - Statement - PreSaveFile = new java.io.File(((pathPrefix + java.lang.Integer.toString(counter)) + .png)): null

2018-12-14 01:34:03 - [TEST_STEP][PASSED] - Statement - counter = counter + 1: null

2018-12-14 01:34:03 - [TEST_STEP][PASSED] - Statement - PreSaveFile = new java.io.File(((pathPrefix + java.lang.Integer.toString(counter)) + .png)): null

2018-12-14 01:34:03 - [TEST_STEP][PASSED] - Statement - counter = counter + 1: null

2018-12-14 01:34:03 - [TEST_STEP][PASSED] - Statement - PreSaveFile = new java.io.File(((pathPrefix + java.lang.Integer.toString(counter)) + .png)): null

2018-12-14 01:34:03 - [TEST_STEP][PASSED] - Statement - counter = counter + 1: null

2018-12-14 01:34:03 - [TEST_STEP][PASSED] - Statement - PreSaveFile = new java.io.File(((pathPrefix + java.lang.Integer.toString(counter)) + .png)): null

2018-12-14 01:34:03 - [TEST_STEP][PASSED] - Statement - counter = counter + 1: null

2018-12-14 01:34:03 - [TEST_STEP][PASSED] - Statement - PreSaveFile = new java.io.File(((pathPrefix + java.lang.Integer.toString(counter)) + .png)): null

2018-12-14 01:34:03 - [TEST_STEP][PASSED] - Statement - counter = counter + 1: null

2018-12-14 01:34:03 - [TEST_STEP][PASSED] - Statement - PreSaveFile = new java.io.File(((pathPrefix + java.lang.Integer.toString(counter)) + .png)): null

2018-12-14 01:34:03 - [TEST_STEP][PASSED] - Statement - counter = counter + 1: null

2018-12-14 01:34:03 - [TEST_STEP][PASSED] - Statement - PreSaveFile = new java.io.File(((pathPrefix + java.lang.Integer.toString(counter)) + .png)): null

2018-12-14 01:34:03 - [TEST_STEP][PASSED] - Statement - counter = counter + 1: null

2018-12-14 01:34:03 - [TEST_STEP][PASSED] - Statement - PreSaveFile = new java.io.File(((pathPrefix + java.lang.Integer.toString(counter)) + .png)): null

2018-12-14 01:34:03 - [TEST_STEP][PASSED] - Statement - counter = counter + 1: null

2018-12-14 01:34:03 - [TEST_STEP][PASSED] - Statement - PreSaveFile = new java.io.File(((pathPrefix + java.lang.Integer.toString(counter)) + .png)): null

2018-12-14 01:34:03 - [TEST_STEP][PASSED] - Statement - counter = counter + 1: null

2018-12-14 01:34:03 - [TEST_STEP][PASSED] - Statement - PreSaveFile = new java.io.File(((pathPrefix + java.lang.Integer.toString(counter)) + .png)): null

2018-12-14 01:34:03 - [TEST_STEP][PASSED] - Statement - counter = counter + 1: null

2018-12-14 01:34:03 - [TEST_STEP][PASSED] - Statement - PreSaveFile = new java.io.File(((pathPrefix + java.lang.Integer.toString(counter)) + .png)): null

2018-12-14 01:34:03 - [TEST_STEP][PASSED] - Statement - counter = counter + 1: null

2018-12-14 01:34:03 - [TEST_STEP][PASSED] - Statement - PreSaveFile = new java.io.File(((pathPrefix + java.lang.Integer.toString(counter)) + .png)): null

2018-12-14 01:34:03 - [TEST_STEP][PASSED] - Statement - finalPath = pathPrefix + java.lang.Integer.toString(counter) + ".png": null

2018-12-14 01:34:03 - [TEST_STEP][PASSED] - Statement - SaveFile = new java.io.File(finalPath): null

2018-12-14 01:34:03 - [TEST_STEP][PASSED] - Statement - Try: null

2018-12-14 01:34:03 - [TEST_STEP][PASSED] - Statement - org.apache.commons.io.FileUtils.copyFile(scrFile, SaveFile): null

2018-12-14 01:34:03 - [TEST_STEP][PASSED] - Statement - out.println("file kept"): null

2018-12-14 01:34:03 - [TEST_STEP][PASSED] - delay: Delayed 10 second(s)

2018-12-14 01:34:13 - [MESSAGE][PASSED] - Delayed 10 second(s)

2018-12-14 01:34:13 - [MESSAGE][PASSED] - Call Test Case 'Test Cases/Final Aug 2018 - PKS Automation/Common/Screenshoting tool' successfully

2018-12-14 01:34:13 - [TEST_STEP][PASSED] - callTestCase: Call Test Case 'Test Cases/Final Aug 2018 - PKS Automation/Registration Module/Log Out/log out avoiding katalon tagging' successfully

2018-12-14 01:34:13 - [TEST_CASE][PASSED] - Test Cases/Final Aug 2018 - PKS Automation/Registration Module/Log Out/log out avoiding katalon tagging: Test Cases/Final Aug 2018 - PKS Automation/Registration Module/Log Out/log out avoiding katalon tagging

2018-12-14 01:34:13 - [TEST_STEP][PASSED] - navigateToUrl: Navigate to 'https://assist2-uat.perkeso.gov.my/c/portal/logout' successfully

2018-12-14 01:34:14 - [MESSAGE][PASSED] - Navigate to 'https://assist2-uat.perkeso.gov.my/c/portal/logout' successfully

2018-12-14 01:34:14 - [MESSAGE][PASSED] - Call Test Case 'Test Cases/Final Aug 2018 - PKS Automation/Registration Module/Log Out/log out avoiding katalon tagging' successfully

2018-12-14 01:34:14 - [TEST_STEP][PASSED] - callTestCase: Call Test Case 'Test Cases/Final Aug 2018 - PKS Automation/Common/Workflow Owner Finder' successfully

2018-12-14 01:34:14 - [TEST_CASE][PASSED] - Test Cases/Final Aug 2018 - PKS Automation/Common/Workflow Owner Finder: Test Cases/Final Aug 2018 - PKS Automation/Common/Workflow Owner Finder

2018-12-14 01:34:14 - [TEST_STEP][PASSED] - openBrowser: Browser is opened with url: ''

2018-12-14 01:34:14 - [MESSAGE][WARNING] - A browser is already opened. Closing browser and opening a new one

2018-12-14 01:34:18 - [MESSAGE][PASSED] - Browser is opened with url: ''

2018-12-14 01:34:18 - [TEST_STEP][PASSED] - navigateToUrl: Navigate to 'https://assist2-uat.perkeso.gov.my/login' successfully

2018-12-14 01:34:19 - [MESSAGE][PASSED] - Navigate to 'https://assist2-uat.perkeso.gov.my/login' successfully

2018-12-14 01:34:19 - [TEST_STEP][PASSED] - delay: Delayed 5 second(s)

2018-12-14 01:34:24 - [MESSAGE][PASSED] - Delayed 5 second(s)

2018-12-14 01:34:24 - [TEST_STEP][PASSED] - setText: Text 'test@liferay.com' is set on object 'Object Repository/Final Object Repo/Login Page/Internal User/Email Address'

2018-12-14 01:34:24 - [MESSAGE][PASSED] - Text 'test@liferay.com' is set on object 'Object Repository/Final Object Repo/Login Page/Internal User/Email Address'

2018-12-14 01:34:24 - [TEST_STEP][PASSED] - click: Object: 'Object Repository/Final Object Repo/Login Page/Internal User/Next Button' is clicked on

2018-12-14 01:34:24 - [MESSAGE][PASSED] - Object: 'Object Repository/Final Object Repo/Login Page/Internal User/Next Button' is clicked on

2018-12-14 01:34:24 - [TEST_STEP][PASSED] - delay: Delayed 2 second(s)

2018-12-14 01:34:26 - [MESSAGE][PASSED] - Delayed 2 second(s)

2018-12-14 01:34:26 - [TEST_STEP][PASSED] - setText: Text 'test' is set on object 'Object Repository/Final Object Repo/Login Page/Internal User/Password'

2018-12-14 01:34:26 - [MESSAGE][PASSED] - Text 'test' is set on object 'Object Repository/Final Object Repo/Login Page/Internal User/Password'

2018-12-14 01:34:26 - [TEST_STEP][PASSED] - delay: Delayed 2 second(s)

2018-12-14 01:34:28 - [MESSAGE][PASSED] - Delayed 2 second(s)

2018-12-14 01:34:28 - [TEST_STEP][PASSED] - click: Object: 'Object Repository/Final Object Repo/Login Page/Internal User/Login Button' is clicked on

2018-12-14 01:34:29 - [MESSAGE][PASSED] - Object: 'Object Repository/Final Object Repo/Login Page/Internal User/Login Button' is clicked on

2018-12-14 01:34:29 - [TEST_STEP][PASSED] - Statement - tester = com.kms.katalon.core.testobject.ObjectRepository.findTestObject(Final Object Repo/Landing Page/Select to English): Finding Test Object with id 'Object Repository/Final Object Repo/Landing Page/Select to English'

2018-12-14 01:34:29 - [TEST_STEP][PASSED] - Statement - Try: Delayed 2 second(s)

2018-12-14 01:34:29 - [TEST_STEP][PASSED] - Statement - Checker = com.kms.katalon.core.webui.keyword.WebUiBuiltInKeywords.verifyElementNotPresent(tester, 3): Web element with id: 'Object Repository/Final Object Repo/Landing Page/Select to English' located by 'By.xpath: //a[@class = 'taglib-language-list-text' and @lang = 'en-US' and (contains(text(), 'EN') or contains(., 'EN'))]' is not present after '3' second(s)

2018-12-14 01:34:31 - [MESSAGE][PASSED] - Web element with id: 'Object Repository/Final Object Repo/Landing Page/Select to English' located by 'By.xpath: //a[@class = 'taglib-language-list-text' and @lang = 'en-US' and (contains(text(), 'EN') or contains(., 'EN'))]' is not present after '3' second(s)

2018-12-14 01:34:31 - [TEST_STEP][PASSED] - Statement - If (Checker == false): null

2018-12-14 01:34:31 - [TEST_STEP][PASSED] - delay: Delayed 2 second(s)

2018-12-14 01:34:33 - [MESSAGE][PASSED] - Delayed 2 second(s)

2018-12-14 01:34:33 - [TEST_STEP][PASSED] - delay: Delayed 5 second(s)

2018-12-14 01:34:38 - [MESSAGE][PASSED] - Delayed 5 second(s)

2018-12-14 01:34:38 - [TEST_STEP][PASSED] - mouseOver: Object: 'Object Repository/Final Object Repo/Landing Page/WorkFlow Menu' is hovered

2018-12-14 01:34:38 - [MESSAGE][PASSED] - Object: 'Object Repository/Final Object Repo/Landing Page/WorkFlow Menu' is hovered

2018-12-14 01:34:38 - [TEST_STEP][PASSED] - delay: Delayed 2 second(s)

2018-12-14 01:34:40 - [MESSAGE][PASSED] - Delayed 2 second(s)

2018-12-14 01:34:40 - [TEST_STEP][PASSED] - click: Object: 'Object Repository/Final Object Repo/Landing Page/Select to Workflow Listing' is clicked on

2018-12-14 01:34:41 - [MESSAGE][PASSED] - Object: 'Object Repository/Final Object Repo/Landing Page/Select to Workflow Listing' is clicked on

2018-12-14 01:34:41 - [TEST_STEP][PASSED] - delay: Delayed 2 second(s)

2018-12-14 01:34:43 - [MESSAGE][PASSED] - Delayed 2 second(s)

2018-12-14 01:34:43 - [TEST_STEP][PASSED] - click: Object: 'Object Repository/Final Object Repo/WorkFlow Listing Page/Search Information - To Put Ref No' is clicked on

2018-12-14 01:34:44 - [MESSAGE][PASSED] - Object: 'Object Repository/Final Object Repo/WorkFlow Listing Page/Search Information - To Put Ref No' is clicked on

2018-12-14 01:34:44 - [TEST_STEP][PASSED] - delay: Delayed 2 second(s)

2018-12-14 01:34:46 - [MESSAGE][PASSED] - Delayed 2 second(s)

2018-12-14 01:34:46 - [TEST_STEP][PASSED] - callTestCase: Call Test Case 'Test Cases/Final Aug 2018 - PKS Automation/Common/Reference Number Getter' successfully

2018-12-14 01:34:46 - [TEST_CASE][PASSED] - Test Cases/Final Aug 2018 - PKS Automation/Common/Reference Number Getter: Test Cases/Final Aug 2018 - PKS Automation/Common/Reference Number Getter

2018-12-14 01:34:46 - [TEST_STEP][PASSED] - Statement - Try: null

2018-12-14 01:34:46 - [TEST_STEP][PASSED] - Statement - RefNo = new java.io.File(C://Users//Admin//Desktop//PKS//Automation Reference Point//KatalonReference.txt): null

2018-12-14 01:34:46 - [TEST_STEP][PASSED] - Statement - bufferread = new java.io.BufferedReader(new java.io.FileReader(RefNo)): null

2018-12-14 01:34:46 - [TEST_STEP][PASSED] - Statement - readedVal = bufferread.readLine(): null

2018-12-14 01:34:46 - [TEST_STEP][PASSED] - Statement - out.println(CaseReferenceNo): null

2018-12-14 01:34:46 - [TEST_STEP][PASSED] - Statement - out.println(readedVal): null

2018-12-14 01:34:46 - [TEST_STEP][PASSED] - Statement - CaseReferenceNo = "": null

2018-12-14 01:34:46 - [TEST_STEP][PASSED] - Statement - CaseReferenceNo = readedVal: null

2018-12-14 01:34:46 - [MESSAGE][PASSED] - Call Test Case 'Test Cases/Final Aug 2018 - PKS Automation/Common/Reference Number Getter' successfully

2018-12-14 01:34:46 - [TEST_STEP][PASSED] - setText: Text 'CAN12201800002352' is set on object 'Object Repository/Final Object Repo/WorkFlow Listing Page/Ref No Set Text'

2018-12-14 01:34:46 - [MESSAGE][PASSED] - Text 'CAN12201800002352' is set on object 'Object Repository/Final Object Repo/WorkFlow Listing Page/Ref No Set Text'

2018-12-14 01:34:46 - [TEST_STEP][PASSED] - delay: Delayed 2 second(s)

2018-12-14 01:34:48 - [MESSAGE][PASSED] - Delayed 2 second(s)

2018-12-14 01:34:48 - [TEST_STEP][PASSED] - click: Object: 'Object Repository/Final Object Repo/WorkFlow Listing Page/Search Ref No Search Button' is clicked on

2018-12-14 01:34:48 - [MESSAGE][PASSED] - Object: 'Object Repository/Final Object Repo/WorkFlow Listing Page/Search Ref No Search Button' is clicked on

2018-12-14 01:34:48 - [TEST_STEP][PASSED] - delay: Delayed 6 second(s)

2018-12-14 01:34:54 - [MESSAGE][PASSED] - Delayed 6 second(s)

2018-12-14 01:34:54 - [TEST_STEP][PASSED] - click: Object: 'Object Repository/Final Object Repo/WorkFlow Listing Page/Click Continue Tooltip' is clicked on

2018-12-14 01:34:55 - [MESSAGE][PASSED] - Object: 'Object Repository/Final Object Repo/WorkFlow Listing Page/Click Continue Tooltip' is clicked on

2018-12-14 01:34:55 - [TEST_STEP][PASSED] - delay: Delayed 5 second(s)

2018-12-14 01:35:00 - [MESSAGE][PASSED] - Delayed 5 second(s)

2018-12-14 01:35:00 - [TEST_STEP][PASSED] - doubleClick: Object: 'Object Repository/Final Object Repo/WorkFlow Listing Page/Workflow Found - Listing 1' is double clicked on

2018-12-14 01:35:00 - [MESSAGE][PASSED] - Object: 'Object Repository/Final Object Repo/WorkFlow Listing Page/Workflow Found - Listing 1' is double clicked on

2018-12-14 01:35:00 - [TEST_STEP][PASSED] - Statement - println(OwnerID): null

2018-12-14 01:35:00 - [TEST_STEP][PASSED] - Statement - OwnerID = com.kms.katalon.core.webui.keyword.WebUiBuiltInKeywords.getText(com.kms.katalon.core.testobject.ObjectRepository.findTestObject(Final Object Repo/WorkFlow Listing Page/Workflow Found - Listing 1), STOP_ON_FAILURE): Text of object 'Object Repository/Final Object Repo/WorkFlow Listing Page/Workflow Found - Listing 1' is: 'KLpkrbo1'

2018-12-14 01:35:00 - [MESSAGE][PASSED] - Text of object 'Object Repository/Final Object Repo/WorkFlow Listing Page/Workflow Found - Listing 1' is: 'KLpkrbo1'

2018-12-14 01:35:00 - [TEST_STEP][PASSED] - Statement - OwnerID = OwnerID.toLowerCase() + "@gmail.com": null

2018-12-14 01:35:00 - [TEST_STEP][PASSED] - Statement - println(OwnerID): null

2018-12-14 01:35:00 - [TEST_STEP][PASSED] - delay: Delayed 2 second(s)

2018-12-14 01:35:02 - [MESSAGE][PASSED] - Delayed 2 second(s)

2018-12-14 01:35:02 - [MESSAGE][PASSED] - Call Test Case 'Test Cases/Final Aug 2018 - PKS Automation/Common/Workflow Owner Finder' successfully

2018-12-14 01:35:02 - [TEST_STEP][PASSED] - callTestCase: Call Test Case 'Test Cases/Final Aug 2018 - PKS Automation/Registration Module/Log Out/log out avoiding katalon tagging' successfully

2018-12-14 01:35:02 - [TEST_CASE][PASSED] - Test Cases/Final Aug 2018 - PKS Automation/Registration Module/Log Out/log out avoiding katalon tagging: Test Cases/Final Aug 2018 - PKS Automation/Registration Module/Log Out/log out avoiding katalon tagging

2018-12-14 01:35:02 - [TEST_STEP][PASSED] - navigateToUrl: Navigate to 'https://assist2-uat.perkeso.gov.my/c/portal/logout' successfully

2018-12-14 01:35:03 - [MESSAGE][PASSED] - Navigate to 'https://assist2-uat.perkeso.gov.my/c/portal/logout' successfully

2018-12-14 01:35:03 - [MESSAGE][PASSED] - Call Test Case 'Test Cases/Final Aug 2018 - PKS Automation/Registration Module/Log Out/log out avoiding katalon tagging' successfully

2018-12-14 01:35:03 - [TEST_STEP][PASSED] - delay: Delayed 2 second(s)

2018-12-14 01:35:05 - [MESSAGE][PASSED] - Delayed 2 second(s)

2018-12-14 01:35:05 - [TEST_STEP][PASSED] - setText: Text 'klpkrbo1@gmail.com' is set on object 'Object Repository/Final Object Repo/Page_Update Add New Employee - ASSIST/Email TextBox'

2018-12-14 01:35:06 - [MESSAGE][PASSED] - Text 'klpkrbo1@gmail.com' is set on object 'Object Repository/Final Object Repo/Page_Update Add New Employee - ASSIST/Email TextBox'

2018-12-14 01:35:06 - [TEST_STEP][PASSED] - click: Object: 'Object Repository/Final Object Repo/Page_Update Add New Employee - ASSIST/Next Button' is clicked on

2018-12-14 01:35:06 - [MESSAGE][PASSED] - Object: 'Object Repository/Final Object Repo/Page_Update Add New Employee - ASSIST/Next Button' is clicked on

2018-12-14 01:35:06 - [TEST_STEP][PASSED] - delay: Delayed 2 second(s)

2018-12-14 01:35:08 - [MESSAGE][PASSED] - Delayed 2 second(s)

2018-12-14 01:35:08 - [TEST_STEP][PASSED] - setText: Text 'Test1@3456789' is set on object 'Object Repository/Final Object Repo/Page_Update Add New Employee - ASSIST/Password TextBox'

2018-12-14 01:35:08 - [MESSAGE][PASSED] - Text 'Test1@3456789' is set on object 'Object Repository/Final Object Repo/Page_Update Add New Employee - ASSIST/Password TextBox'

2018-12-14 01:35:08 - [TEST_STEP][PASSED] - delay: Delayed 2 second(s)

2018-12-14 01:35:10 - [MESSAGE][PASSED] - Delayed 2 second(s)

2018-12-14 01:35:10 - [TEST_STEP][PASSED] - click: Object: 'Object Repository/Final Object Repo/Page_Update Add New Employee - ASSIST/Login Button' is clicked on

2018-12-14 01:35:10 - [MESSAGE][PASSED] - Object: 'Object Repository/Final Object Repo/Page_Update Add New Employee - ASSIST/Login Button' is clicked on

2018-12-14 01:35:10 - [TEST_STEP][PASSED] - delay: Delayed 4 second(s)

2018-12-14 01:35:14 - [MESSAGE][PASSED] - Delayed 4 second(s)

2018-12-14 01:35:14 - [TEST_STEP][PASSED] - Statement - Try: Delayed 2 second(s)

2018-12-14 01:35:14 - [TEST_STEP][PASSED] - Statement - Checker = false: null

2018-12-14 01:35:14 - [TEST_STEP][PASSED] - Statement - Checker = com.kms.katalon.core.webui.keyword.WebUiBuiltInKeywords.verifyElementHasAttribute(com.kms.katalon.core.testobject.ObjectRepository.findTestObject(Final Object Repo/Landing Page/BM Detecting), "href", 20, OPTIONAL): Object 'Object Repository/Final Object Repo/Landing Page/BM Detecting' has attribute 'href'

2018-12-14 01:35:14 - [MESSAGE][PASSED] - Object 'Object Repository/Final Object Repo/Landing Page/BM Detecting' has attribute 'href'

2018-12-14 01:35:14 - [TEST_STEP][PASSED] - Statement - out.println(Checker): null

2018-12-14 01:35:14 - [TEST_STEP][PASSED] - Statement - If (Checker == false): null

2018-12-14 01:35:14 - [TEST_STEP][PASSED] - Statement - Else: null

2018-12-14 01:35:14 - [TEST_STEP][PASSED] - delay: Delayed 2 second(s)

2018-12-14 01:35:16 - [MESSAGE][PASSED] - Delayed 2 second(s)

2018-12-14 01:35:16 - [TEST_STEP][PASSED] - delay: Delayed 4 second(s)

2018-12-14 01:35:20 - [MESSAGE][PASSED] - Delayed 4 second(s)

2018-12-14 01:35:20 - [TEST_STEP][PASSED] - click: Object: 'Object Repository/Final Object Repo/New Registration - Registration Module Pages/New Reg - OTC to RO/Special Case - All Related Objects/Expand to Search' is clicked on

2018-12-14 01:35:20 - [MESSAGE][PASSED] - Object: 'Object Repository/Final Object Repo/New Registration - Registration Module Pages/New Reg - OTC to RO/Special Case - All Related Objects/Expand to Search' is clicked on

2018-12-14 01:35:20 - [TEST_STEP][PASSED] - delay: Delayed 2 second(s)

2018-12-14 01:35:22 - [MESSAGE][PASSED] - Delayed 2 second(s)

2018-12-14 01:35:22 - [TEST_STEP][PASSED] - setText: Text 'CAN12201800002352' is set on object 'Object Repository/Final Object Repo/New Registration - Registration Module Pages/New Reg - OTC to RO/Special Case - All Related Objects/TextBox RefNo in Workbasket'

2018-12-14 01:35:23 - [MESSAGE][PASSED] - Text 'CAN12201800002352' is set on object 'Object Repository/Final Object Repo/New Registration - Registration Module Pages/New Reg - OTC to RO/Special Case - All Related Objects/TextBox RefNo in Workbasket'

2018-12-14 01:35:23 - [TEST_STEP][PASSED] - delay: Delayed 2 second(s)

2018-12-14 01:35:25 - [MESSAGE][PASSED] - Delayed 2 second(s)

2018-12-14 01:35:25 - [TEST_STEP][PASSED] - click: Object: 'Object Repository/Final Object Repo/New Registration - Registration Module Pages/New Reg - OTC to RO/Special Case - All Related Objects/Click Search' is clicked on

2018-12-14 01:35:25 - [MESSAGE][PASSED] - Object: 'Object Repository/Final Object Repo/New Registration - Registration Module Pages/New Reg - OTC to RO/Special Case - All Related Objects/Click Search' is clicked on

2018-12-14 01:35:25 - [TEST_STEP][PASSED] - delay: Delayed 2 second(s)

2018-12-14 01:35:27 - [MESSAGE][PASSED] - Delayed 2 second(s)

2018-12-14 01:35:27 - [TEST_STEP][PASSED] - click: Object: 'Object Repository/Final Object Repo/New Registration - Registration Module Pages/New Reg - OTC to RO/Special Case - All Related Objects/Click to Continue Workflow' is clicked on

2018-12-14 01:35:30 - [MESSAGE][PASSED] - Object: 'Object Repository/Final Object Repo/New Registration - Registration Module Pages/New Reg - OTC to RO/Special Case - All Related Objects/Click to Continue Workflow' is clicked on

2018-12-14 01:35:30 - [TEST_STEP][PASSED] - delay: Delayed 10 second(s)

2018-12-14 01:35:40 - [MESSAGE][PASSED] - Delayed 10 second(s)

2018-12-14 01:35:40 - [TEST_STEP][PASSED] - click: Object: 'Object Repository/Final Object Repo/Page_Update Add New Employee - ASSIST/Save  Continue Button' is clicked on

2018-12-14 01:35:41 - [MESSAGE][PASSED] - Object: 'Object Repository/Final Object Repo/Page_Update Add New Employee - ASSIST/Save  Continue Button' is clicked on

2018-12-14 01:35:41 - [TEST_STEP][PASSED] - delay: Delayed 4 second(s)

2018-12-14 01:35:45 - [MESSAGE][PASSED] - Delayed 4 second(s)

2018-12-14 01:35:45 - [TEST_STEP][PASSED] - click: Object: 'Object Repository/Final Object Repo/Page_Update Add New Employee - ASSIST/Save  Continue Third Screen' is clicked on

2018-12-14 01:35:48 - [MESSAGE][PASSED] - Object: 'Object Repository/Final Object Repo/Page_Update Add New Employee - ASSIST/Save  Continue Third Screen' is clicked on

2018-12-14 01:35:48 - [TEST_STEP][PASSED] - delay: Delayed 4 second(s)

2018-12-14 01:35:52 - [MESSAGE][PASSED] - Delayed 4 second(s)

2018-12-14 01:35:52 - [TEST_STEP][PASSED] - click: Object: 'Object Repository/Final Object Repo/Page_Update Add New Employee - ASSIST/Save   Continue Supporting Doc Page' is clicked on

2018-12-14 01:35:52 - [MESSAGE][PASSED] - Object: 'Object Repository/Final Object Repo/Page_Update Add New Employee - ASSIST/Save   Continue Supporting Doc Page' is clicked on

2018-12-14 01:35:52 - [TEST_STEP][PASSED] - delay: Delayed 4 second(s)

2018-12-14 01:35:56 - [MESSAGE][PASSED] - Delayed 4 second(s)

2018-12-14 01:35:56 - [TEST_STEP][PASSED] - click: Object: 'Object Repository/Final Object Repo/Page_Update Add New Employee - ASSIST/Submit Button' is clicked on

2018-12-14 01:35:56 - [MESSAGE][PASSED] - Object: 'Object Repository/Final Object Repo/Page_Update Add New Employee - ASSIST/Submit Button' is clicked on

2018-12-14 01:35:56 - [TEST_STEP][PASSED] - delay: Delayed 4 second(s)

2018-12-14 01:36:00 - [MESSAGE][PASSED] - Delayed 4 second(s)

2018-12-14 01:36:00 - [TEST_STEP][PASSED] - click: Object: 'Object Repository/Final Object Repo/Page_Update Add New Employee - ASSIST/Confirm Submit Button' is clicked on

2018-12-14 01:36:00 - [MESSAGE][PASSED] - Object: 'Object Repository/Final Object Repo/Page_Update Add New Employee - ASSIST/Confirm Submit Button' is clicked on

2018-12-14 01:36:00 - [TEST_STEP][PASSED] - delay: Delayed 30 second(s)

2018-12-14 01:36:30 - [MESSAGE][PASSED] - Delayed 30 second(s)

2018-12-14 01:36:30 - [TEST_STEP][PASSED] - callTestCase: Call Test Case 'Test Cases/Final Aug 2018 - PKS Automation/Common/Screenshoting tool' successfully

2018-12-14 01:36:30 - [TEST_CASE][PASSED] - Test Cases/Final Aug 2018 - PKS Automation/Common/Screenshoting tool: Test Cases/Final Aug 2018 - PKS Automation/Common/Screenshoting tool

2018-12-14 01:36:30 - [TEST_STEP][PASSED] - delay: Delayed 15 second(s)

2018-12-14 01:36:45 - [MESSAGE][PASSED] - Delayed 15 second(s)

2018-12-14 01:36:45 - [TEST_STEP][PASSED] - Statement - driver = com.kms.katalon.core.webui.driver.DriverFactory.getWebDriver(): null

2018-12-14 01:36:45 - [TEST_STEP][PASSED] - Statement - driver.manage().timeouts().implicitlyWait(10, SECONDS): null

2018-12-14 01:36:45 - [TEST_STEP][PASSED] - Statement - PresavePath = KatalonScreenshots: null

2018-12-14 01:36:45 - [TEST_STEP][PASSED] - Statement - pathPrefix = "C:\Users\Public\Pictures\Sample Pictures\Katalon Screenshots\Automate Ending Screen": null

2018-12-14 01:36:45 - [TEST_STEP][PASSED] - Statement - finalPath = <not implemented yet for class: org.codehaus.groovy.ast.expr.EmptyExpression>: null

2018-12-14 01:36:45 - [TEST_STEP][PASSED] - Statement - scrFile = driver.getScreenshotAs(FILE): null

2018-12-14 01:36:46 - [TEST_STEP][PASSED] - Statement - PreSaveFile = new java.io.File(PresavePath): null

2018-12-14 01:36:46 - [TEST_STEP][PASSED] - Statement - counter = 0: null

2018-12-14 01:36:46 - [TEST_STEP][PASSED] - Statement - If (PreSaveFile.exists()): null

2018-12-14 01:36:46 - [TEST_STEP][PASSED] - Statement - While (PreSaveFile.exists()): null

2018-12-14 01:36:46 - [TEST_STEP][PASSED] - Statement - counter = counter + 1: null

2018-12-14 01:36:46 - [TEST_STEP][PASSED] - Statement - PreSaveFile = new java.io.File(((pathPrefix + java.lang.Integer.toString(counter)) + .png)): null

2018-12-14 01:36:46 - [TEST_STEP][PASSED] - Statement - counter = counter + 1: null

2018-12-14 01:36:46 - [TEST_STEP][PASSED] - Statement - PreSaveFile = new java.io.File(((pathPrefix + java.lang.Integer.toString(counter)) + .png)): null

2018-12-14 01:36:46 - [TEST_STEP][PASSED] - Statement - counter = counter + 1: null

2018-12-14 01:36:46 - [TEST_STEP][PASSED] - Statement - PreSaveFile = new java.io.File(((pathPrefix + java.lang.Integer.toString(counter)) + .png)): null

2018-12-14 01:36:46 - [TEST_STEP][PASSED] - Statement - counter = counter + 1: null

2018-12-14 01:36:46 - [TEST_STEP][PASSED] - Statement - PreSaveFile = new java.io.File(((pathPrefix + java.lang.Integer.toString(counter)) + .png)): null

2018-12-14 01:36:46 - [TEST_STEP][PASSED] - Statement - counter = counter + 1: null

2018-12-14 01:36:46 - [TEST_STEP][PASSED] - Statement - PreSaveFile = new java.io.File(((pathPrefix + java.lang.Integer.toString(counter)) + .png)): null

2018-12-14 01:36:46 - [TEST_STEP][PASSED] - Statement - counter = counter + 1: null

2018-12-14 01:36:46 - [TEST_STEP][PASSED] - Statement - PreSaveFile = new java.io.File(((pathPrefix + java.lang.Integer.toString(counter)) + .png)): null

2018-12-14 01:36:46 - [TEST_STEP][PASSED] - Statement - counter = counter + 1: null

2018-12-14 01:36:46 - [TEST_STEP][PASSED] - Statement - PreSaveFile = new java.io.File(((pathPrefix + java.lang.Integer.toString(counter)) + .png)): null

2018-12-14 01:36:46 - [TEST_STEP][PASSED] - Statement - counter = counter + 1: null

2018-12-14 01:36:46 - [TEST_STEP][PASSED] - Statement - PreSaveFile = new java.io.File(((pathPrefix + java.lang.Integer.toString(counter)) + .png)): null

2018-12-14 01:36:46 - [TEST_STEP][PASSED] - Statement - counter = counter + 1: null

2018-12-14 01:36:46 - [TEST_STEP][PASSED] - Statement - PreSaveFile = new java.io.File(((pathPrefix + java.lang.Integer.toString(counter)) + .png)): null

2018-12-14 01:36:46 - [TEST_STEP][PASSED] - Statement - counter = counter + 1: null

2018-12-14 01:36:46 - [TEST_STEP][PASSED] - Statement - PreSaveFile = new java.io.File(((pathPrefix + java.lang.Integer.toString(counter)) + .png)): null

2018-12-14 01:36:46 - [TEST_STEP][PASSED] - Statement - counter = counter + 1: null

2018-12-14 01:36:46 - [TEST_STEP][PASSED] - Statement - PreSaveFile = new java.io.File(((pathPrefix + java.lang.Integer.toString(counter)) + .png)): null

2018-12-14 01:36:46 - [TEST_STEP][PASSED] - Statement - counter = counter + 1: null

2018-12-14 01:36:46 - [TEST_STEP][PASSED] - Statement - PreSaveFile = new java.io.File(((pathPrefix + java.lang.Integer.toString(counter)) + .png)): null

2018-12-14 01:36:46 - [TEST_STEP][PASSED] - Statement - counter = counter + 1: null

2018-12-14 01:36:46 - [TEST_STEP][PASSED] - Statement - PreSaveFile = new java.io.File(((pathPrefix + java.lang.Integer.toString(counter)) + .png)): null

2018-12-14 01:36:46 - [TEST_STEP][PASSED] - Statement - counter = counter + 1: null

2018-12-14 01:36:46 - [TEST_STEP][PASSED] - Statement - PreSaveFile = new java.io.File(((pathPrefix + java.lang.Integer.toString(counter)) + .png)): null

2018-12-14 01:36:46 - [TEST_STEP][PASSED] - Statement - counter = counter + 1: null

2018-12-14 01:36:46 - [TEST_STEP][PASSED] - Statement - PreSaveFile = new java.io.File(((pathPrefix + java.lang.Integer.toString(counter)) + .png)): null

2018-12-14 01:36:46 - [TEST_STEP][PASSED] - Statement - counter = counter + 1: null

2018-12-14 01:36:46 - [TEST_STEP][PASSED] - Statement - PreSaveFile = new java.io.File(((pathPrefix + java.lang.Integer.toString(counter)) + .png)): null

2018-12-14 01:36:46 - [TEST_STEP][PASSED] - Statement - counter = counter + 1: null

2018-12-14 01:36:46 - [TEST_STEP][PASSED] - Statement - PreSaveFile = new java.io.File(((pathPrefix + java.lang.Integer.toString(counter)) + .png)): null

2018-12-14 01:36:46 - [TEST_STEP][PASSED] - Statement - counter = counter + 1: null

2018-12-14 01:36:46 - [TEST_STEP][PASSED] - Statement - PreSaveFile = new java.io.File(((pathPrefix + java.lang.Integer.toString(counter)) + .png)): null

2018-12-14 01:36:46 - [TEST_STEP][PASSED] - Statement - counter = counter + 1: null

2018-12-14 01:36:46 - [TEST_STEP][PASSED] - Statement - PreSaveFile = new java.io.File(((pathPrefix + java.lang.Integer.toString(counter)) + .png)): null

2018-12-14 01:36:46 - [TEST_STEP][PASSED] - Statement - counter = counter + 1: null

2018-12-14 01:36:46 - [TEST_STEP][PASSED] - Statement - PreSaveFile = new java.io.File(((pathPrefix + java.lang.Integer.toString(counter)) + .png)): null

2018-12-14 01:36:46 - [TEST_STEP][PASSED] - Statement - counter = counter + 1: null

2018-12-14 01:36:46 - [TEST_STEP][PASSED] - Statement - PreSaveFile = new java.io.File(((pathPrefix + java.lang.Integer.toString(counter)) + .png)): null

2018-12-14 01:36:46 - [TEST_STEP][PASSED] - Statement - counter = counter + 1: null

2018-12-14 01:36:46 - [TEST_STEP][PASSED] - Statement - PreSaveFile = new java.io.File(((pathPrefix + java.lang.Integer.toString(counter)) + .png)): null

2018-12-14 01:36:46 - [TEST_STEP][PASSED] - Statement - counter = counter + 1: null

2018-12-14 01:36:46 - [TEST_STEP][PASSED] - Statement - PreSaveFile = new java.io.File(((pathPrefix + java.lang.Integer.toString(counter)) + .png)): null

2018-12-14 01:36:46 - [TEST_STEP][PASSED] - Statement - counter = counter + 1: null

2018-12-14 01:36:46 - [TEST_STEP][PASSED] - Statement - PreSaveFile = new java.io.File(((pathPrefix + java.lang.Integer.toString(counter)) + .png)): null

2018-12-14 01:36:46 - [TEST_STEP][PASSED] - Statement - counter = counter + 1: null

2018-12-14 01:36:46 - [TEST_STEP][PASSED] - Statement - PreSaveFile = new java.io.File(((pathPrefix + java.lang.Integer.toString(counter)) + .png)): null

2018-12-14 01:36:46 - [TEST_STEP][PASSED] - Statement - counter = counter + 1: null

2018-12-14 01:36:46 - [TEST_STEP][PASSED] - Statement - PreSaveFile = new java.io.File(((pathPrefix + java.lang.Integer.toString(counter)) + .png)): null

2018-12-14 01:36:46 - [TEST_STEP][PASSED] - Statement - counter = counter + 1: null

2018-12-14 01:36:46 - [TEST_STEP][PASSED] - Statement - PreSaveFile = new java.io.File(((pathPrefix + java.lang.Integer.toString(counter)) + .png)): null

2018-12-14 01:36:46 - [TEST_STEP][PASSED] - Statement - counter = counter + 1: null

2018-12-14 01:36:46 - [TEST_STEP][PASSED] - Statement - PreSaveFile = new java.io.File(((pathPrefix + java.lang.Integer.toString(counter)) + .png)): null

2018-12-14 01:36:46 - [TEST_STEP][PASSED] - Statement - counter = counter + 1: null

2018-12-14 01:36:46 - [TEST_STEP][PASSED] - Statement - PreSaveFile = new java.io.File(((pathPrefix + java.lang.Integer.toString(counter)) + .png)): null

2018-12-14 01:36:46 - [TEST_STEP][PASSED] - Statement - counter = counter + 1: null

2018-12-14 01:36:46 - [TEST_STEP][PASSED] - Statement - PreSaveFile = new java.io.File(((pathPrefix + java.lang.Integer.toString(counter)) + .png)): null

2018-12-14 01:36:46 - [TEST_STEP][PASSED] - Statement - counter = counter + 1: null

2018-12-14 01:36:46 - [TEST_STEP][PASSED] - Statement - PreSaveFile = new java.io.File(((pathPrefix + java.lang.Integer.toString(counter)) + .png)): null

2018-12-14 01:36:46 - [TEST_STEP][PASSED] - Statement - counter = counter + 1: null

2018-12-14 01:36:46 - [TEST_STEP][PASSED] - Statement - PreSaveFile = new java.io.File(((pathPrefix + java.lang.Integer.toString(counter)) + .png)): null

2018-12-14 01:36:46 - [TEST_STEP][PASSED] - Statement - counter = counter + 1: null

2018-12-14 01:36:46 - [TEST_STEP][PASSED] - Statement - PreSaveFile = new java.io.File(((pathPrefix + java.lang.Integer.toString(counter)) + .png)): null

2018-12-14 01:36:46 - [TEST_STEP][PASSED] - Statement - counter = counter + 1: null

2018-12-14 01:36:46 - [TEST_STEP][PASSED] - Statement - PreSaveFile = new java.io.File(((pathPrefix + java.lang.Integer.toString(counter)) + .png)): null

2018-12-14 01:36:46 - [TEST_STEP][PASSED] - Statement - counter = counter + 1: null

2018-12-14 01:36:46 - [TEST_STEP][PASSED] - Statement - PreSaveFile = new java.io.File(((pathPrefix + java.lang.Integer.toString(counter)) + .png)): null

2018-12-14 01:36:46 - [TEST_STEP][PASSED] - Statement - counter = counter + 1: null

2018-12-14 01:36:46 - [TEST_STEP][PASSED] - Statement - PreSaveFile = new java.io.File(((pathPrefix + java.lang.Integer.toString(counter)) + .png)): null

2018-12-14 01:36:46 - [TEST_STEP][PASSED] - Statement - counter = counter + 1: null

2018-12-14 01:36:46 - [TEST_STEP][PASSED] - Statement - PreSaveFile = new java.io.File(((pathPrefix + java.lang.Integer.toString(counter)) + .png)): null

2018-12-14 01:36:46 - [TEST_STEP][PASSED] - Statement - counter = counter + 1: null

2018-12-14 01:36:46 - [TEST_STEP][PASSED] - Statement - PreSaveFile = new java.io.File(((pathPrefix + java.lang.Integer.toString(counter)) + .png)): null

2018-12-14 01:36:46 - [TEST_STEP][PASSED] - Statement - counter = counter + 1: null

2018-12-14 01:36:46 - [TEST_STEP][PASSED] - Statement - PreSaveFile = new java.io.File(((pathPrefix + java.lang.Integer.toString(counter)) + .png)): null

2018-12-14 01:36:46 - [TEST_STEP][PASSED] - Statement - counter = counter + 1: null

2018-12-14 01:36:46 - [TEST_STEP][PASSED] - Statement - PreSaveFile = new java.io.File(((pathPrefix + java.lang.Integer.toString(counter)) + .png)): null

2018-12-14 01:36:46 - [TEST_STEP][PASSED] - Statement - counter = counter + 1: null

2018-12-14 01:36:46 - [TEST_STEP][PASSED] - Statement - PreSaveFile = new java.io.File(((pathPrefix + java.lang.Integer.toString(counter)) + .png)): null

2018-12-14 01:36:46 - [TEST_STEP][PASSED] - Statement - counter = counter + 1: null

2018-12-14 01:36:46 - [TEST_STEP][PASSED] - Statement - PreSaveFile = new java.io.File(((pathPrefix + java.lang.Integer.toString(counter)) + .png)): null

2018-12-14 01:36:46 - [TEST_STEP][PASSED] - Statement - counter = counter + 1: null

2018-12-14 01:36:46 - [TEST_STEP][PASSED] - Statement - PreSaveFile = new java.io.File(((pathPrefix + java.lang.Integer.toString(counter)) + .png)): null

2018-12-14 01:36:46 - [TEST_STEP][PASSED] - Statement - counter = counter + 1: null

2018-12-14 01:36:46 - [TEST_STEP][PASSED] - Statement - PreSaveFile = new java.io.File(((pathPrefix + java.lang.Integer.toString(counter)) + .png)): null

2018-12-14 01:36:46 - [TEST_STEP][PASSED] - Statement - counter = counter + 1: null

2018-12-14 01:36:46 - [TEST_STEP][PASSED] - Statement - PreSaveFile = new java.io.File(((pathPrefix + java.lang.Integer.toString(counter)) + .png)): null

2018-12-14 01:36:46 - [TEST_STEP][PASSED] - Statement - counter = counter + 1: null

2018-12-14 01:36:46 - [TEST_STEP][PASSED] - Statement - PreSaveFile = new java.io.File(((pathPrefix + java.lang.Integer.toString(counter)) + .png)): null

2018-12-14 01:36:46 - [TEST_STEP][PASSED] - Statement - counter = counter + 1: null

2018-12-14 01:36:46 - [TEST_STEP][PASSED] - Statement - PreSaveFile = new java.io.File(((pathPrefix + java.lang.Integer.toString(counter)) + .png)): null

2018-12-14 01:36:46 - [TEST_STEP][PASSED] - Statement - counter = counter + 1: null

2018-12-14 01:36:46 - [TEST_STEP][PASSED] - Statement - PreSaveFile = new java.io.File(((pathPrefix + java.lang.Integer.toString(counter)) + .png)): null

2018-12-14 01:36:46 - [TEST_STEP][PASSED] - Statement - counter = counter + 1: null

2018-12-14 01:36:46 - [TEST_STEP][PASSED] - Statement - PreSaveFile = new java.io.File(((pathPrefix + java.lang.Integer.toString(counter)) + .png)): null

2018-12-14 01:36:46 - [TEST_STEP][PASSED] - Statement - counter = counter + 1: null

2018-12-14 01:36:46 - [TEST_STEP][PASSED] - Statement - PreSaveFile = new java.io.File(((pathPrefix + java.lang.Integer.toString(counter)) + .png)): null

2018-12-14 01:36:46 - [TEST_STEP][PASSED] - Statement - counter = counter + 1: null

2018-12-14 01:36:46 - [TEST_STEP][PASSED] - Statement - PreSaveFile = new java.io.File(((pathPrefix + java.lang.Integer.toString(counter)) + .png)): null

2018-12-14 01:36:46 - [TEST_STEP][PASSED] - Statement - counter = counter + 1: null

2018-12-14 01:36:46 - [TEST_STEP][PASSED] - Statement - PreSaveFile = new java.io.File(((pathPrefix + java.lang.Integer.toString(counter)) + .png)): null

2018-12-14 01:36:46 - [TEST_STEP][PASSED] - Statement - counter = counter + 1: null

2018-12-14 01:36:46 - [TEST_STEP][PASSED] - Statement - PreSaveFile = new java.io.File(((pathPrefix + java.lang.Integer.toString(counter)) + .png)): null

2018-12-14 01:36:46 - [TEST_STEP][PASSED] - Statement - counter = counter + 1: null

2018-12-14 01:36:46 - [TEST_STEP][PASSED] - Statement - PreSaveFile = new java.io.File(((pathPrefix + java.lang.Integer.toString(counter)) + .png)): null

2018-12-14 01:36:46 - [TEST_STEP][PASSED] - Statement - counter = counter + 1: null

2018-12-14 01:36:46 - [TEST_STEP][PASSED] - Statement - PreSaveFile = new java.io.File(((pathPrefix + java.lang.Integer.toString(counter)) + .png)): null

2018-12-14 01:36:46 - [TEST_STEP][PASSED] - Statement - counter = counter + 1: null

2018-12-14 01:36:46 - [TEST_STEP][PASSED] - Statement - PreSaveFile = new java.io.File(((pathPrefix + java.lang.Integer.toString(counter)) + .png)): null

2018-12-14 01:36:46 - [TEST_STEP][PASSED] - Statement - counter = counter + 1: null

2018-12-14 01:36:46 - [TEST_STEP][PASSED] - Statement - PreSaveFile = new java.io.File(((pathPrefix + java.lang.Integer.toString(counter)) + .png)): null

2018-12-14 01:36:46 - [TEST_STEP][PASSED] - Statement - counter = counter + 1: null

2018-12-14 01:36:46 - [TEST_STEP][PASSED] - Statement - PreSaveFile = new java.io.File(((pathPrefix + java.lang.Integer.toString(counter)) + .png)): null

2018-12-14 01:36:46 - [TEST_STEP][PASSED] - Statement - counter = counter + 1: null

2018-12-14 01:36:46 - [TEST_STEP][PASSED] - Statement - PreSaveFile = new java.io.File(((pathPrefix + java.lang.Integer.toString(counter)) + .png)): null

2018-12-14 01:36:46 - [TEST_STEP][PASSED] - Statement - counter = counter + 1: null

2018-12-14 01:36:46 - [TEST_STEP][PASSED] - Statement - PreSaveFile = new java.io.File(((pathPrefix + java.lang.Integer.toString(counter)) + .png)): null

2018-12-14 01:36:46 - [TEST_STEP][PASSED] - Statement - counter = counter + 1: null

2018-12-14 01:36:46 - [TEST_STEP][PASSED] - Statement - PreSaveFile = new java.io.File(((pathPrefix + java.lang.Integer.toString(counter)) + .png)): null

2018-12-14 01:36:46 - [TEST_STEP][PASSED] - Statement - counter = counter + 1: null

2018-12-14 01:36:46 - [TEST_STEP][PASSED] - Statement - PreSaveFile = new java.io.File(((pathPrefix + java.lang.Integer.toString(counter)) + .png)): null

2018-12-14 01:36:46 - [TEST_STEP][PASSED] - Statement - counter = counter + 1: null

2018-12-14 01:36:46 - [TEST_STEP][PASSED] - Statement - PreSaveFile = new java.io.File(((pathPrefix + java.lang.Integer.toString(counter)) + .png)): null

2018-12-14 01:36:46 - [TEST_STEP][PASSED] - Statement - counter = counter + 1: null

2018-12-14 01:36:46 - [TEST_STEP][PASSED] - Statement - PreSaveFile = new java.io.File(((pathPrefix + java.lang.Integer.toString(counter)) + .png)): null

2018-12-14 01:36:46 - [TEST_STEP][PASSED] - Statement - counter = counter + 1: null

2018-12-14 01:36:46 - [TEST_STEP][PASSED] - Statement - PreSaveFile = new java.io.File(((pathPrefix + java.lang.Integer.toString(counter)) + .png)): null

2018-12-14 01:36:46 - [TEST_STEP][PASSED] - Statement - counter = counter + 1: null

2018-12-14 01:36:46 - [TEST_STEP][PASSED] - Statement - PreSaveFile = new java.io.File(((pathPrefix + java.lang.Integer.toString(counter)) + .png)): null

2018-12-14 01:36:46 - [TEST_STEP][PASSED] - Statement - counter = counter + 1: null

2018-12-14 01:36:46 - [TEST_STEP][PASSED] - Statement - PreSaveFile = new java.io.File(((pathPrefix + java.lang.Integer.toString(counter)) + .png)): null

2018-12-14 01:36:46 - [TEST_STEP][PASSED] - Statement - counter = counter + 1: null

2018-12-14 01:36:46 - [TEST_STEP][PASSED] - Statement - PreSaveFile = new java.io.File(((pathPrefix + java.lang.Integer.toString(counter)) + .png)): null

2018-12-14 01:36:46 - [TEST_STEP][PASSED] - Statement - counter = counter + 1: null

2018-12-14 01:36:46 - [TEST_STEP][PASSED] - Statement - PreSaveFile = new java.io.File(((pathPrefix + java.lang.Integer.toString(counter)) + .png)): null

2018-12-14 01:36:46 - [TEST_STEP][PASSED] - Statement - counter = counter + 1: null

2018-12-14 01:36:46 - [TEST_STEP][PASSED] - Statement - PreSaveFile = new java.io.File(((pathPrefix + java.lang.Integer.toString(counter)) + .png)): null

2018-12-14 01:36:46 - [TEST_STEP][PASSED] - Statement - counter = counter + 1: null

2018-12-14 01:36:46 - [TEST_STEP][PASSED] - Statement - PreSaveFile = new java.io.File(((pathPrefix + java.lang.Integer.toString(counter)) + .png)): null

2018-12-14 01:36:46 - [TEST_STEP][PASSED] - Statement - counter = counter + 1: null

2018-12-14 01:36:46 - [TEST_STEP][PASSED] - Statement - PreSaveFile = new java.io.File(((pathPrefix + java.lang.Integer.toString(counter)) + .png)): null

2018-12-14 01:36:46 - [TEST_STEP][PASSED] - Statement - counter = counter + 1: null

2018-12-14 01:36:46 - [TEST_STEP][PASSED] - Statement - PreSaveFile = new java.io.File(((pathPrefix + java.lang.Integer.toString(counter)) + .png)): null

2018-12-14 01:36:46 - [TEST_STEP][PASSED] - Statement - counter = counter + 1: null

2018-12-14 01:36:46 - [TEST_STEP][PASSED] - Statement - PreSaveFile = new java.io.File(((pathPrefix + java.lang.Integer.toString(counter)) + .png)): null

2018-12-14 01:36:46 - [TEST_STEP][PASSED] - Statement - counter = counter + 1: null

2018-12-14 01:36:46 - [TEST_STEP][PASSED] - Statement - PreSaveFile = new java.io.File(((pathPrefix + java.lang.Integer.toString(counter)) + .png)): null

2018-12-14 01:36:46 - [TEST_STEP][PASSED] - Statement - counter = counter + 1: null

2018-12-14 01:36:46 - [TEST_STEP][PASSED] - Statement - PreSaveFile = new java.io.File(((pathPrefix + java.lang.Integer.toString(counter)) + .png)): null

2018-12-14 01:36:46 - [TEST_STEP][PASSED] - Statement - counter = counter + 1: null

2018-12-14 01:36:46 - [TEST_STEP][PASSED] - Statement - PreSaveFile = new java.io.File(((pathPrefix + java.lang.Integer.toString(counter)) + .png)): null

2018-12-14 01:36:46 - [TEST_STEP][PASSED] - Statement - counter = counter + 1: null

2018-12-14 01:36:46 - [TEST_STEP][PASSED] - Statement - PreSaveFile = new java.io.File(((pathPrefix + java.lang.Integer.toString(counter)) + .png)): null

2018-12-14 01:36:46 - [TEST_STEP][PASSED] - Statement - counter = counter + 1: null

2018-12-14 01:36:46 - [TEST_STEP][PASSED] - Statement - PreSaveFile = new java.io.File(((pathPrefix + java.lang.Integer.toString(counter)) + .png)): null

2018-12-14 01:36:46 - [TEST_STEP][PASSED] - Statement - counter = counter + 1: null

2018-12-14 01:36:46 - [TEST_STEP][PASSED] - Statement - PreSaveFile = new java.io.File(((pathPrefix + java.lang.Integer.toString(counter)) + .png)): null

2018-12-14 01:36:46 - [TEST_STEP][PASSED] - Statement - counter = counter + 1: null

2018-12-14 01:36:46 - [TEST_STEP][PASSED] - Statement - PreSaveFile = new java.io.File(((pathPrefix + java.lang.Integer.toString(counter)) + .png)): null

2018-12-14 01:36:46 - [TEST_STEP][PASSED] - Statement - counter = counter + 1: null

2018-12-14 01:36:46 - [TEST_STEP][PASSED] - Statement - PreSaveFile = new java.io.File(((pathPrefix + java.lang.Integer.toString(counter)) + .png)): null

2018-12-14 01:36:46 - [TEST_STEP][PASSED] - Statement - counter = counter + 1: null

2018-12-14 01:36:46 - [TEST_STEP][PASSED] - Statement - PreSaveFile = new java.io.File(((pathPrefix + java.lang.Integer.toString(counter)) + .png)): null

2018-12-14 01:36:46 - [TEST_STEP][PASSED] - Statement - counter = counter + 1: null

2018-12-14 01:36:46 - [TEST_STEP][PASSED] - Statement - PreSaveFile = new java.io.File(((pathPrefix + java.lang.Integer.toString(counter)) + .png)): null

2018-12-14 01:36:46 - [TEST_STEP][PASSED] - Statement - counter = counter + 1: null

2018-12-14 01:36:46 - [TEST_STEP][PASSED] - Statement - PreSaveFile = new java.io.File(((pathPrefix + java.lang.Integer.toString(counter)) + .png)): null

2018-12-14 01:36:46 - [TEST_STEP][PASSED] - Statement - counter = counter + 1: null

2018-12-14 01:36:46 - [TEST_STEP][PASSED] - Statement - PreSaveFile = new java.io.File(((pathPrefix + java.lang.Integer.toString(counter)) + .png)): null

2018-12-14 01:36:46 - [TEST_STEP][PASSED] - Statement - counter = counter + 1: null

2018-12-14 01:36:46 - [TEST_STEP][PASSED] - Statement - PreSaveFile = new java.io.File(((pathPrefix + java.lang.Integer.toString(counter)) + .png)): null

2018-12-14 01:36:46 - [TEST_STEP][PASSED] - Statement - counter = counter + 1: null

2018-12-14 01:36:46 - [TEST_STEP][PASSED] - Statement - PreSaveFile = new java.io.File(((pathPrefix + java.lang.Integer.toString(counter)) + .png)): null

2018-12-14 01:36:46 - [TEST_STEP][PASSED] - Statement - counter = counter + 1: null

2018-12-14 01:36:46 - [TEST_STEP][PASSED] - Statement - PreSaveFile = new java.io.File(((pathPrefix + java.lang.Integer.toString(counter)) + .png)): null

2018-12-14 01:36:46 - [TEST_STEP][PASSED] - Statement - counter = counter + 1: null

2018-12-14 01:36:46 - [TEST_STEP][PASSED] - Statement - PreSaveFile = new java.io.File(((pathPrefix + java.lang.Integer.toString(counter)) + .png)): null

2018-12-14 01:36:46 - [TEST_STEP][PASSED] - Statement - counter = counter + 1: null

2018-12-14 01:36:46 - [TEST_STEP][PASSED] - Statement - PreSaveFile = new java.io.File(((pathPrefix + java.lang.Integer.toString(counter)) + .png)): null

2018-12-14 01:36:46 - [TEST_STEP][PASSED] - Statement - counter = counter + 1: null

2018-12-14 01:36:46 - [TEST_STEP][PASSED] - Statement - PreSaveFile = new java.io.File(((pathPrefix + java.lang.Integer.toString(counter)) + .png)): null

2018-12-14 01:36:46 - [TEST_STEP][PASSED] - Statement - counter = counter + 1: null

2018-12-14 01:36:46 - [TEST_STEP][PASSED] - Statement - PreSaveFile = new java.io.File(((pathPrefix + java.lang.Integer.toString(counter)) + .png)): null

2018-12-14 01:36:46 - [TEST_STEP][PASSED] - Statement - counter = counter + 1: null

2018-12-14 01:36:46 - [TEST_STEP][PASSED] - Statement - PreSaveFile = new java.io.File(((pathPrefix + java.lang.Integer.toString(counter)) + .png)): null

2018-12-14 01:36:46 - [TEST_STEP][PASSED] - Statement - counter = counter + 1: null

2018-12-14 01:36:46 - [TEST_STEP][PASSED] - Statement - PreSaveFile = new java.io.File(((pathPrefix + java.lang.Integer.toString(counter)) + .png)): null

2018-12-14 01:36:46 - [TEST_STEP][PASSED] - Statement - counter = counter + 1: null

2018-12-14 01:36:46 - [TEST_STEP][PASSED] - Statement - PreSaveFile = new java.io.File(((pathPrefix + java.lang.Integer.toString(counter)) + .png)): null

2018-12-14 01:36:46 - [TEST_STEP][PASSED] - Statement - counter = counter + 1: null

2018-12-14 01:36:46 - [TEST_STEP][PASSED] - Statement - PreSaveFile = new java.io.File(((pathPrefix + java.lang.Integer.toString(counter)) + .png)): null

2018-12-14 01:36:46 - [TEST_STEP][PASSED] - Statement - counter = counter + 1: null

2018-12-14 01:36:46 - [TEST_STEP][PASSED] - Statement - PreSaveFile = new java.io.File(((pathPrefix + java.lang.Integer.toString(counter)) + .png)): null

2018-12-14 01:36:46 - [TEST_STEP][PASSED] - Statement - counter = counter + 1: null

2018-12-14 01:36:46 - [TEST_STEP][PASSED] - Statement - PreSaveFile = new java.io.File(((pathPrefix + java.lang.Integer.toString(counter)) + .png)): null

2018-12-14 01:36:46 - [TEST_STEP][PASSED] - Statement - counter = counter + 1: null

2018-12-14 01:36:46 - [TEST_STEP][PASSED] - Statement - PreSaveFile = new java.io.File(((pathPrefix + java.lang.Integer.toString(counter)) + .png)): null

2018-12-14 01:36:46 - [TEST_STEP][PASSED] - Statement - counter = counter + 1: null

2018-12-14 01:36:46 - [TEST_STEP][PASSED] - Statement - PreSaveFile = new java.io.File(((pathPrefix + java.lang.Integer.toString(counter)) + .png)): null

2018-12-14 01:36:46 - [TEST_STEP][PASSED] - Statement - counter = counter + 1: null

2018-12-14 01:36:46 - [TEST_STEP][PASSED] - Statement - PreSaveFile = new java.io.File(((pathPrefix + java.lang.Integer.toString(counter)) + .png)): null

2018-12-14 01:36:46 - [TEST_STEP][PASSED] - Statement - counter = counter + 1: null

2018-12-14 01:36:46 - [TEST_STEP][PASSED] - Statement - PreSaveFile = new java.io.File(((pathPrefix + java.lang.Integer.toString(counter)) + .png)): null

2018-12-14 01:36:46 - [TEST_STEP][PASSED] - Statement - counter = counter + 1: null

2018-12-14 01:36:46 - [TEST_STEP][PASSED] - Statement - PreSaveFile = new java.io.File(((pathPrefix + java.lang.Integer.toString(counter)) + .png)): null

2018-12-14 01:36:46 - [TEST_STEP][PASSED] - Statement - counter = counter + 1: null

2018-12-14 01:36:46 - [TEST_STEP][PASSED] - Statement - PreSaveFile = new java.io.File(((pathPrefix + java.lang.Integer.toString(counter)) + .png)): null

2018-12-14 01:36:46 - [TEST_STEP][PASSED] - Statement - counter = counter + 1: null

2018-12-14 01:36:46 - [TEST_STEP][PASSED] - Statement - PreSaveFile = new java.io.File(((pathPrefix + java.lang.Integer.toString(counter)) + .png)): null

2018-12-14 01:36:46 - [TEST_STEP][PASSED] - Statement - counter = counter + 1: null

2018-12-14 01:36:46 - [TEST_STEP][PASSED] - Statement - PreSaveFile = new java.io.File(((pathPrefix + java.lang.Integer.toString(counter)) + .png)): null

2018-12-14 01:36:46 - [TEST_STEP][PASSED] - Statement - counter = counter + 1: null

2018-12-14 01:36:46 - [TEST_STEP][PASSED] - Statement - PreSaveFile = new java.io.File(((pathPrefix + java.lang.Integer.toString(counter)) + .png)): null

2018-12-14 01:36:46 - [TEST_STEP][PASSED] - Statement - counter = counter + 1: null

2018-12-14 01:36:46 - [TEST_STEP][PASSED] - Statement - PreSaveFile = new java.io.File(((pathPrefix + java.lang.Integer.toString(counter)) + .png)): null

2018-12-14 01:36:46 - [TEST_STEP][PASSED] - Statement - counter = counter + 1: null

2018-12-14 01:36:46 - [TEST_STEP][PASSED] - Statement - PreSaveFile = new java.io.File(((pathPrefix + java.lang.Integer.toString(counter)) + .png)): null

2018-12-14 01:36:46 - [TEST_STEP][PASSED] - Statement - counter = counter + 1: null

2018-12-14 01:36:46 - [TEST_STEP][PASSED] - Statement - PreSaveFile = new java.io.File(((pathPrefix + java.lang.Integer.toString(counter)) + .png)): null

2018-12-14 01:36:46 - [TEST_STEP][PASSED] - Statement - counter = counter + 1: null

2018-12-14 01:36:46 - [TEST_STEP][PASSED] - Statement - PreSaveFile = new java.io.File(((pathPrefix + java.lang.Integer.toString(counter)) + .png)): null

2018-12-14 01:36:46 - [TEST_STEP][PASSED] - Statement - counter = counter + 1: null

2018-12-14 01:36:46 - [TEST_STEP][PASSED] - Statement - PreSaveFile = new java.io.File(((pathPrefix + java.lang.Integer.toString(counter)) + .png)): null

2018-12-14 01:36:46 - [TEST_STEP][PASSED] - Statement - counter = counter + 1: null

2018-12-14 01:36:46 - [TEST_STEP][PASSED] - Statement - PreSaveFile = new java.io.File(((pathPrefix + java.lang.Integer.toString(counter)) + .png)): null

2018-12-14 01:36:46 - [TEST_STEP][PASSED] - Statement - counter = counter + 1: null

2018-12-14 01:36:46 - [TEST_STEP][PASSED] - Statement - PreSaveFile = new java.io.File(((pathPrefix + java.lang.Integer.toString(counter)) + .png)): null

2018-12-14 01:36:46 - [TEST_STEP][PASSED] - Statement - counter = counter + 1: null

2018-12-14 01:36:46 - [TEST_STEP][PASSED] - Statement - PreSaveFile = new java.io.File(((pathPrefix + java.lang.Integer.toString(counter)) + .png)): null

2018-12-14 01:36:46 - [TEST_STEP][PASSED] - Statement - counter = counter + 1: null

2018-12-14 01:36:46 - [TEST_STEP][PASSED] - Statement - PreSaveFile = new java.io.File(((pathPrefix + java.lang.Integer.toString(counter)) + .png)): null

2018-12-14 01:36:46 - [TEST_STEP][PASSED] - Statement - counter = counter + 1: null

2018-12-14 01:36:46 - [TEST_STEP][PASSED] - Statement - PreSaveFile = new java.io.File(((pathPrefix + java.lang.Integer.toString(counter)) + .png)): null

2018-12-14 01:36:46 - [TEST_STEP][PASSED] - Statement - counter = counter + 1: null

2018-12-14 01:36:46 - [TEST_STEP][PASSED] - Statement - PreSaveFile = new java.io.File(((pathPrefix + java.lang.Integer.toString(counter)) + .png)): null

2018-12-14 01:36:46 - [TEST_STEP][PASSED] - Statement - counter = counter + 1: null

2018-12-14 01:36:46 - [TEST_STEP][PASSED] - Statement - PreSaveFile = new java.io.File(((pathPrefix + java.lang.Integer.toString(counter)) + .png)): null

2018-12-14 01:36:46 - [TEST_STEP][PASSED] - Statement - counter = counter + 1: null

2018-12-14 01:36:46 - [TEST_STEP][PASSED] - Statement - PreSaveFile = new java.io.File(((pathPrefix + java.lang.Integer.toString(counter)) + .png)): null

2018-12-14 01:36:46 - [TEST_STEP][PASSED] - Statement - counter = counter + 1: null

2018-12-14 01:36:46 - [TEST_STEP][PASSED] - Statement - PreSaveFile = new java.io.File(((pathPrefix + java.lang.Integer.toString(counter)) + .png)): null

2018-12-14 01:36:46 - [TEST_STEP][PASSED] - Statement - counter = counter + 1: null

2018-12-14 01:36:46 - [TEST_STEP][PASSED] - Statement - PreSaveFile = new java.io.File(((pathPrefix + java.lang.Integer.toString(counter)) + .png)): null

2018-12-14 01:36:46 - [TEST_STEP][PASSED] - Statement - counter = counter + 1: null

2018-12-14 01:36:46 - [TEST_STEP][PASSED] - Statement - PreSaveFile = new java.io.File(((pathPrefix + java.lang.Integer.toString(counter)) + .png)): null

2018-12-14 01:36:46 - [TEST_STEP][PASSED] - Statement - counter = counter + 1: null

2018-12-14 01:36:46 - [TEST_STEP][PASSED] - Statement - PreSaveFile = new java.io.File(((pathPrefix + java.lang.Integer.toString(counter)) + .png)): null

2018-12-14 01:36:46 - [TEST_STEP][PASSED] - Statement - counter = counter + 1: null

2018-12-14 01:36:46 - [TEST_STEP][PASSED] - Statement - PreSaveFile = new java.io.File(((pathPrefix + java.lang.Integer.toString(counter)) + .png)): null

2018-12-14 01:36:46 - [TEST_STEP][PASSED] - Statement - counter = counter + 1: null

2018-12-14 01:36:46 - [TEST_STEP][PASSED] - Statement - PreSaveFile = new java.io.File(((pathPrefix + java.lang.Integer.toString(counter)) + .png)): null

2018-12-14 01:36:46 - [TEST_STEP][PASSED] - Statement - counter = counter + 1: null

2018-12-14 01:36:46 - [TEST_STEP][PASSED] - Statement - PreSaveFile = new java.io.File(((pathPrefix + java.lang.Integer.toString(counter)) + .png)): null

2018-12-14 01:36:46 - [TEST_STEP][PASSED] - Statement - counter = counter + 1: null

2018-12-14 01:36:46 - [TEST_STEP][PASSED] - Statement - PreSaveFile = new java.io.File(((pathPrefix + java.lang.Integer.toString(counter)) + .png)): null

2018-12-14 01:36:46 - [TEST_STEP][PASSED] - Statement - counter = counter + 1: null

2018-12-14 01:36:46 - [TEST_STEP][PASSED] - Statement - PreSaveFile = new java.io.File(((pathPrefix + java.lang.Integer.toString(counter)) + .png)): null

2018-12-14 01:36:46 - [TEST_STEP][PASSED] - Statement - counter = counter + 1: null

2018-12-14 01:36:46 - [TEST_STEP][PASSED] - Statement - PreSaveFile = new java.io.File(((pathPrefix + java.lang.Integer.toString(counter)) + .png)): null

2018-12-14 01:36:46 - [TEST_STEP][PASSED] - Statement - counter = counter + 1: null

2018-12-14 01:36:46 - [TEST_STEP][PASSED] - Statement - PreSaveFile = new java.io.File(((pathPrefix + java.lang.Integer.toString(counter)) + .png)): null

2018-12-14 01:36:46 - [TEST_STEP][PASSED] - Statement - counter = counter + 1: null

2018-12-14 01:36:46 - [TEST_STEP][PASSED] - Statement - PreSaveFile = new java.io.File(((pathPrefix + java.lang.Integer.toString(counter)) + .png)): null

2018-12-14 01:36:46 - [TEST_STEP][PASSED] - Statement - counter = counter + 1: null

2018-12-14 01:36:46 - [TEST_STEP][PASSED] - Statement - PreSaveFile = new java.io.File(((pathPrefix + java.lang.Integer.toString(counter)) + .png)): null

2018-12-14 01:36:46 - [TEST_STEP][PASSED] - Statement - counter = counter + 1: null

2018-12-14 01:36:46 - [TEST_STEP][PASSED] - Statement - PreSaveFile = new java.io.File(((pathPrefix + java.lang.Integer.toString(counter)) + .png)): null

2018-12-14 01:36:46 - [TEST_STEP][PASSED] - Statement - counter = counter + 1: null

2018-12-14 01:36:46 - [TEST_STEP][PASSED] - Statement - PreSaveFile = new java.io.File(((pathPrefix + java.lang.Integer.toString(counter)) + .png)): null

2018-12-14 01:36:46 - [TEST_STEP][PASSED] - Statement - counter = counter + 1: null

2018-12-14 01:36:46 - [TEST_STEP][PASSED] - Statement - PreSaveFile = new java.io.File(((pathPrefix + java.lang.Integer.toString(counter)) + .png)): null

2018-12-14 01:36:46 - [TEST_STEP][PASSED] - Statement - counter = counter + 1: null

2018-12-14 01:36:46 - [TEST_STEP][PASSED] - Statement - PreSaveFile = new java.io.File(((pathPrefix + java.lang.Integer.toString(counter)) + .png)): null

2018-12-14 01:36:46 - [TEST_STEP][PASSED] - Statement - counter = counter + 1: null

2018-12-14 01:36:46 - [TEST_STEP][PASSED] - Statement - PreSaveFile = new java.io.File(((pathPrefix + java.lang.Integer.toString(counter)) + .png)): null

2018-12-14 01:36:46 - [TEST_STEP][PASSED] - Statement - counter = counter + 1: null

2018-12-14 01:36:46 - [TEST_STEP][PASSED] - Statement - PreSaveFile = new java.io.File(((pathPrefix + java.lang.Integer.toString(counter)) + .png)): null

2018-12-14 01:36:46 - [TEST_STEP][PASSED] - Statement - counter = counter + 1: null

2018-12-14 01:36:46 - [TEST_STEP][PASSED] - Statement - PreSaveFile = new java.io.File(((pathPrefix + java.lang.Integer.toString(counter)) + .png)): null

2018-12-14 01:36:46 - [TEST_STEP][PASSED] - Statement - counter = counter + 1: null

2018-12-14 01:36:46 - [TEST_STEP][PASSED] - Statement - PreSaveFile = new java.io.File(((pathPrefix + java.lang.Integer.toString(counter)) + .png)): null

2018-12-14 01:36:46 - [TEST_STEP][PASSED] - Statement - counter = counter + 1: null

2018-12-14 01:36:46 - [TEST_STEP][PASSED] - Statement - PreSaveFile = new java.io.File(((pathPrefix + java.lang.Integer.toString(counter)) + .png)): null

2018-12-14 01:36:46 - [TEST_STEP][PASSED] - Statement - counter = counter + 1: null

2018-12-14 01:36:46 - [TEST_STEP][PASSED] - Statement - PreSaveFile = new java.io.File(((pathPrefix + java.lang.Integer.toString(counter)) + .png)): null

2018-12-14 01:36:46 - [TEST_STEP][PASSED] - Statement - counter = counter + 1: null

2018-12-14 01:36:46 - [TEST_STEP][PASSED] - Statement - PreSaveFile = new java.io.File(((pathPrefix + java.lang.Integer.toString(counter)) + .png)): null

2018-12-14 01:36:46 - [TEST_STEP][PASSED] - Statement - counter = counter + 1: null

2018-12-14 01:36:46 - [TEST_STEP][PASSED] - Statement - PreSaveFile = new java.io.File(((pathPrefix + java.lang.Integer.toString(counter)) + .png)): null

2018-12-14 01:36:46 - [TEST_STEP][PASSED] - Statement - counter = counter + 1: null

2018-12-14 01:36:46 - [TEST_STEP][PASSED] - Statement - PreSaveFile = new java.io.File(((pathPrefix + java.lang.Integer.toString(counter)) + .png)): null

2018-12-14 01:36:46 - [TEST_STEP][PASSED] - Statement - counter = counter + 1: null

2018-12-14 01:36:46 - [TEST_STEP][PASSED] - Statement - PreSaveFile = new java.io.File(((pathPrefix + java.lang.Integer.toString(counter)) + .png)): null

2018-12-14 01:36:46 - [TEST_STEP][PASSED] - Statement - counter = counter + 1: null

2018-12-14 01:36:46 - [TEST_STEP][PASSED] - Statement - PreSaveFile = new java.io.File(((pathPrefix + java.lang.Integer.toString(counter)) + .png)): null

2018-12-14 01:36:46 - [TEST_STEP][PASSED] - Statement - counter = counter + 1: null

2018-12-14 01:36:46 - [TEST_STEP][PASSED] - Statement - PreSaveFile = new java.io.File(((pathPrefix + java.lang.Integer.toString(counter)) + .png)): null

2018-12-14 01:36:46 - [TEST_STEP][PASSED] - Statement - counter = counter + 1: null

2018-12-14 01:36:46 - [TEST_STEP][PASSED] - Statement - PreSaveFile = new java.io.File(((pathPrefix + java.lang.Integer.toString(counter)) + .png)): null

2018-12-14 01:36:46 - [TEST_STEP][PASSED] - Statement - counter = counter + 1: null

2018-12-14 01:36:46 - [TEST_STEP][PASSED] - Statement - PreSaveFile = new java.io.File(((pathPrefix + java.lang.Integer.toString(counter)) + .png)): null

2018-12-14 01:36:46 - [TEST_STEP][PASSED] - Statement - counter = counter + 1: null

2018-12-14 01:36:46 - [TEST_STEP][PASSED] - Statement - PreSaveFile = new java.io.File(((pathPrefix + java.lang.Integer.toString(counter)) + .png)): null

2018-12-14 01:36:46 - [TEST_STEP][PASSED] - Statement - counter = counter + 1: null

2018-12-14 01:36:46 - [TEST_STEP][PASSED] - Statement - PreSaveFile = new java.io.File(((pathPrefix + java.lang.Integer.toString(counter)) + .png)): null

2018-12-14 01:36:46 - [TEST_STEP][PASSED] - Statement - counter = counter + 1: null

2018-12-14 01:36:46 - [TEST_STEP][PASSED] - Statement - PreSaveFile = new java.io.File(((pathPrefix + java.lang.Integer.toString(counter)) + .png)): null

2018-12-14 01:36:46 - [TEST_STEP][PASSED] - Statement - counter = counter + 1: null

2018-12-14 01:36:46 - [TEST_STEP][PASSED] - Statement - PreSaveFile = new java.io.File(((pathPrefix + java.lang.Integer.toString(counter)) + .png)): null

2018-12-14 01:36:46 - [TEST_STEP][PASSED] - Statement - counter = counter + 1: null

2018-12-14 01:36:46 - [TEST_STEP][PASSED] - Statement - PreSaveFile = new java.io.File(((pathPrefix + java.lang.Integer.toString(counter)) + .png)): null

2018-12-14 01:36:46 - [TEST_STEP][PASSED] - Statement - counter = counter + 1: null

2018-12-14 01:36:46 - [TEST_STEP][PASSED] - Statement - PreSaveFile = new java.io.File(((pathPrefix + java.lang.Integer.toString(counter)) + .png)): null

2018-12-14 01:36:46 - [TEST_STEP][PASSED] - Statement - counter = counter + 1: null

2018-12-14 01:36:46 - [TEST_STEP][PASSED] - Statement - PreSaveFile = new java.io.File(((pathPrefix + java.lang.Integer.toString(counter)) + .png)): null

2018-12-14 01:36:46 - [TEST_STEP][PASSED] - Statement - counter = counter + 1: null

2018-12-14 01:36:46 - [TEST_STEP][PASSED] - Statement - PreSaveFile = new java.io.File(((pathPrefix + java.lang.Integer.toString(counter)) + .png)): null

2018-12-14 01:36:46 - [TEST_STEP][PASSED] - Statement - counter = counter + 1: null

2018-12-14 01:36:46 - [TEST_STEP][PASSED] - Statement - PreSaveFile = new java.io.File(((pathPrefix + java.lang.Integer.toString(counter)) + .png)): null

2018-12-14 01:36:46 - [TEST_STEP][PASSED] - Statement - counter = counter + 1: null

2018-12-14 01:36:46 - [TEST_STEP][PASSED] - Statement - PreSaveFile = new java.io.File(((pathPrefix + java.lang.Integer.toString(counter)) + .png)): null

2018-12-14 01:36:46 - [TEST_STEP][PASSED] - Statement - counter = counter + 1: null

2018-12-14 01:36:46 - [TEST_STEP][PASSED] - Statement - PreSaveFile = new java.io.File(((pathPrefix + java.lang.Integer.toString(counter)) + .png)): null

2018-12-14 01:36:46 - [TEST_STEP][PASSED] - Statement - counter = counter + 1: null

2018-12-14 01:36:46 - [TEST_STEP][PASSED] - Statement - PreSaveFile = new java.io.File(((pathPrefix + java.lang.Integer.toString(counter)) + .png)): null

2018-12-14 01:36:46 - [TEST_STEP][PASSED] - Statement - counter = counter + 1: null

2018-12-14 01:36:46 - [TEST_STEP][PASSED] - Statement - PreSaveFile = new java.io.File(((pathPrefix + java.lang.Integer.toString(counter)) + .png)): null

2018-12-14 01:36:46 - [TEST_STEP][PASSED] - Statement - counter = counter + 1: null

2018-12-14 01:36:46 - [TEST_STEP][PASSED] - Statement - PreSaveFile = new java.io.File(((pathPrefix + java.lang.Integer.toString(counter)) + .png)): null

2018-12-14 01:36:46 - [TEST_STEP][PASSED] - Statement - counter = counter + 1: null

2018-12-14 01:36:46 - [TEST_STEP][PASSED] - Statement - PreSaveFile = new java.io.File(((pathPrefix + java.lang.Integer.toString(counter)) + .png)): null

2018-12-14 01:36:46 - [TEST_STEP][PASSED] - Statement - counter = counter + 1: null

2018-12-14 01:36:46 - [TEST_STEP][PASSED] - Statement - PreSaveFile = new java.io.File(((pathPrefix + java.lang.Integer.toString(counter)) + .png)): null

2018-12-14 01:36:46 - [TEST_STEP][PASSED] - Statement - counter = counter + 1: null

2018-12-14 01:36:46 - [TEST_STEP][PASSED] - Statement - PreSaveFile = new java.io.File(((pathPrefix + java.lang.Integer.toString(counter)) + .png)): null

2018-12-14 01:36:46 - [TEST_STEP][PASSED] - Statement - counter = counter + 1: null

2018-12-14 01:36:46 - [TEST_STEP][PASSED] - Statement - PreSaveFile = new java.io.File(((pathPrefix + java.lang.Integer.toString(counter)) + .png)): null

2018-12-14 01:36:46 - [TEST_STEP][PASSED] - Statement - counter = counter + 1: null

2018-12-14 01:36:46 - [TEST_STEP][PASSED] - Statement - PreSaveFile = new java.io.File(((pathPrefix + java.lang.Integer.toString(counter)) + .png)): null

2018-12-14 01:36:46 - [TEST_STEP][PASSED] - Statement - counter = counter + 1: null

2018-12-14 01:36:46 - [TEST_STEP][PASSED] - Statement - PreSaveFile = new java.io.File(((pathPrefix + java.lang.Integer.toString(counter)) + .png)): null

2018-12-14 01:36:46 - [TEST_STEP][PASSED] - Statement - counter = counter + 1: null

2018-12-14 01:36:46 - [TEST_STEP][PASSED] - Statement - PreSaveFile = new java.io.File(((pathPrefix + java.lang.Integer.toString(counter)) + .png)): null

2018-12-14 01:36:46 - [TEST_STEP][PASSED] - Statement - counter = counter + 1: null

2018-12-14 01:36:46 - [TEST_STEP][PASSED] - Statement - PreSaveFile = new java.io.File(((pathPrefix + java.lang.Integer.toString(counter)) + .png)): null

2018-12-14 01:36:46 - [TEST_STEP][PASSED] - Statement - counter = counter + 1: null

2018-12-14 01:36:46 - [TEST_STEP][PASSED] - Statement - PreSaveFile = new java.io.File(((pathPrefix + java.lang.Integer.toString(counter)) + .png)): null

2018-12-14 01:36:46 - [TEST_STEP][PASSED] - Statement - counter = counter + 1: null

2018-12-14 01:36:46 - [TEST_STEP][PASSED] - Statement - PreSaveFile = new java.io.File(((pathPrefix + java.lang.Integer.toString(counter)) + .png)): null

2018-12-14 01:36:46 - [TEST_STEP][PASSED] - Statement - counter = counter + 1: null

2018-12-14 01:36:46 - [TEST_STEP][PASSED] - Statement - PreSaveFile = new java.io.File(((pathPrefix + java.lang.Integer.toString(counter)) + .png)): null

2018-12-14 01:36:46 - [TEST_STEP][PASSED] - Statement - counter = counter + 1: null

2018-12-14 01:36:46 - [TEST_STEP][PASSED] - Statement - PreSaveFile = new java.io.File(((pathPrefix + java.lang.Integer.toString(counter)) + .png)): null

2018-12-14 01:36:46 - [TEST_STEP][PASSED] - Statement - counter = counter + 1: null

2018-12-14 01:36:46 - [TEST_STEP][PASSED] - Statement - PreSaveFile = new java.io.File(((pathPrefix + java.lang.Integer.toString(counter)) + .png)): null

2018-12-14 01:36:46 - [TEST_STEP][PASSED] - Statement - counter = counter + 1: null

2018-12-14 01:36:46 - [TEST_STEP][PASSED] - Statement - PreSaveFile = new java.io.File(((pathPrefix + java.lang.Integer.toString(counter)) + .png)): null

2018-12-14 01:36:46 - [TEST_STEP][PASSED] - Statement - counter = counter + 1: null

2018-12-14 01:36:46 - [TEST_STEP][PASSED] - Statement - PreSaveFile = new java.io.File(((pathPrefix + java.lang.Integer.toString(counter)) + .png)): null

2018-12-14 01:36:46 - [TEST_STEP][PASSED] - Statement - counter = counter + 1: null

2018-12-14 01:36:46 - [TEST_STEP][PASSED] - Statement - PreSaveFile = new java.io.File(((pathPrefix + java.lang.Integer.toString(counter)) + .png)): null

2018-12-14 01:36:46 - [TEST_STEP][PASSED] - Statement - counter = counter + 1: null

2018-12-14 01:36:46 - [TEST_STEP][PASSED] - Statement - PreSaveFile = new java.io.File(((pathPrefix + java.lang.Integer.toString(counter)) + .png)): null

2018-12-14 01:36:46 - [TEST_STEP][PASSED] - Statement - counter = counter + 1: null

2018-12-14 01:36:46 - [TEST_STEP][PASSED] - Statement - PreSaveFile = new java.io.File(((pathPrefix + java.lang.Integer.toString(counter)) + .png)): null

2018-12-14 01:36:46 - [TEST_STEP][PASSED] - Statement - counter = counter + 1: null

2018-12-14 01:36:46 - [TEST_STEP][PASSED] - Statement - PreSaveFile = new java.io.File(((pathPrefix + java.lang.Integer.toString(counter)) + .png)): null

2018-12-14 01:36:46 - [TEST_STEP][PASSED] - Statement - counter = counter + 1: null

2018-12-14 01:36:46 - [TEST_STEP][PASSED] - Statement - PreSaveFile = new java.io.File(((pathPrefix + java.lang.Integer.toString(counter)) + .png)): null

2018-12-14 01:36:46 - [TEST_STEP][PASSED] - Statement - counter = counter + 1: null

2018-12-14 01:36:46 - [TEST_STEP][PASSED] - Statement - PreSaveFile = new java.io.File(((pathPrefix + java.lang.Integer.toString(counter)) + .png)): null

2018-12-14 01:36:46 - [TEST_STEP][PASSED] - Statement - counter = counter + 1: null

2018-12-14 01:36:46 - [TEST_STEP][PASSED] - Statement - PreSaveFile = new java.io.File(((pathPrefix + java.lang.Integer.toString(counter)) + .png)): null

2018-12-14 01:36:46 - [TEST_STEP][PASSED] - Statement - counter = counter + 1: null

2018-12-14 01:36:46 - [TEST_STEP][PASSED] - Statement - PreSaveFile = new java.io.File(((pathPrefix + java.lang.Integer.toString(counter)) + .png)): null

2018-12-14 01:36:46 - [TEST_STEP][PASSED] - Statement - counter = counter + 1: null

2018-12-14 01:36:46 - [TEST_STEP][PASSED] - Statement - PreSaveFile = new java.io.File(((pathPrefix + java.lang.Integer.toString(counter)) + .png)): null

2018-12-14 01:36:46 - [TEST_STEP][PASSED] - Statement - counter = counter + 1: null

2018-12-14 01:36:46 - [TEST_STEP][PASSED] - Statement - PreSaveFile = new java.io.File(((pathPrefix + java.lang.Integer.toString(counter)) + .png)): null

2018-12-14 01:36:46 - [TEST_STEP][PASSED] - Statement - counter = counter + 1: null

2018-12-14 01:36:46 - [TEST_STEP][PASSED] - Statement - PreSaveFile = new java.io.File(((pathPrefix + java.lang.Integer.toString(counter)) + .png)): null

2018-12-14 01:36:46 - [TEST_STEP][PASSED] - Statement - counter = counter + 1: null

2018-12-14 01:36:46 - [TEST_STEP][PASSED] - Statement - PreSaveFile = new java.io.File(((pathPrefix + java.lang.Integer.toString(counter)) + .png)): null

2018-12-14 01:36:46 - [TEST_STEP][PASSED] - Statement - counter = counter + 1: null

2018-12-14 01:36:46 - [TEST_STEP][PASSED] - Statement - PreSaveFile = new java.io.File(((pathPrefix + java.lang.Integer.toString(counter)) + .png)): null

2018-12-14 01:36:46 - [TEST_STEP][PASSED] - Statement - counter = counter + 1: null

2018-12-14 01:36:46 - [TEST_STEP][PASSED] - Statement - PreSaveFile = new java.io.File(((pathPrefix + java.lang.Integer.toString(counter)) + .png)): null

2018-12-14 01:36:46 - [TEST_STEP][PASSED] - Statement - counter = counter + 1: null

2018-12-14 01:36:46 - [TEST_STEP][PASSED] - Statement - PreSaveFile = new java.io.File(((pathPrefix + java.lang.Integer.toString(counter)) + .png)): null

2018-12-14 01:36:46 - [TEST_STEP][PASSED] - Statement - counter = counter + 1: null

2018-12-14 01:36:46 - [TEST_STEP][PASSED] - Statement - PreSaveFile = new java.io.File(((pathPrefix + java.lang.Integer.toString(counter)) + .png)): null

2018-12-14 01:36:46 - [TEST_STEP][PASSED] - Statement - counter = counter + 1: null

2018-12-14 01:36:46 - [TEST_STEP][PASSED] - Statement - PreSaveFile = new java.io.File(((pathPrefix + java.lang.Integer.toString(counter)) + .png)): null

2018-12-14 01:36:46 - [TEST_STEP][PASSED] - Statement - counter = counter + 1: null

2018-12-14 01:36:46 - [TEST_STEP][PASSED] - Statement - PreSaveFile = new java.io.File(((pathPrefix + java.lang.Integer.toString(counter)) + .png)): null

2018-12-14 01:36:46 - [TEST_STEP][PASSED] - Statement - counter = counter + 1: null

2018-12-14 01:36:46 - [TEST_STEP][PASSED] - Statement - PreSaveFile = new java.io.File(((pathPrefix + java.lang.Integer.toString(counter)) + .png)): null

2018-12-14 01:36:46 - [TEST_STEP][PASSED] - Statement - counter = counter + 1: null

2018-12-14 01:36:46 - [TEST_STEP][PASSED] - Statement - PreSaveFile = new java.io.File(((pathPrefix + java.lang.Integer.toString(counter)) + .png)): null

2018-12-14 01:36:46 - [TEST_STEP][PASSED] - Statement - counter = counter + 1: null

2018-12-14 01:36:46 - [TEST_STEP][PASSED] - Statement - PreSaveFile = new java.io.File(((pathPrefix + java.lang.Integer.toString(counter)) + .png)): null

2018-12-14 01:36:46 - [TEST_STEP][PASSED] - Statement - counter = counter + 1: null

2018-12-14 01:36:46 - [TEST_STEP][PASSED] - Statement - PreSaveFile = new java.io.File(((pathPrefix + java.lang.Integer.toString(counter)) + .png)): null

2018-12-14 01:36:46 - [TEST_STEP][PASSED] - Statement - counter = counter + 1: null

2018-12-14 01:36:46 - [TEST_STEP][PASSED] - Statement - PreSaveFile = new java.io.File(((pathPrefix + java.lang.Integer.toString(counter)) + .png)): null

2018-12-14 01:36:46 - [TEST_STEP][PASSED] - Statement - counter = counter + 1: null

2018-12-14 01:36:46 - [TEST_STEP][PASSED] - Statement - PreSaveFile = new java.io.File(((pathPrefix + java.lang.Integer.toString(counter)) + .png)): null

2018-12-14 01:36:46 - [TEST_STEP][PASSED] - Statement - counter = counter + 1: null

2018-12-14 01:36:46 - [TEST_STEP][PASSED] - Statement - PreSaveFile = new java.io.File(((pathPrefix + java.lang.Integer.toString(counter)) + .png)): null

2018-12-14 01:36:46 - [TEST_STEP][PASSED] - Statement - counter = counter + 1: null

2018-12-14 01:36:46 - [TEST_STEP][PASSED] - Statement - PreSaveFile = new java.io.File(((pathPrefix + java.lang.Integer.toString(counter)) + .png)): null

2018-12-14 01:36:46 - [TEST_STEP][PASSED] - Statement - counter = counter + 1: null

2018-12-14 01:36:46 - [TEST_STEP][PASSED] - Statement - PreSaveFile = new java.io.File(((pathPrefix + java.lang.Integer.toString(counter)) + .png)): null

2018-12-14 01:36:46 - [TEST_STEP][PASSED] - Statement - counter = counter + 1: null

2018-12-14 01:36:46 - [TEST_STEP][PASSED] - Statement - PreSaveFile = new java.io.File(((pathPrefix + java.lang.Integer.toString(counter)) + .png)): null

2018-12-14 01:36:46 - [TEST_STEP][PASSED] - Statement - counter = counter + 1: null

2018-12-14 01:36:46 - [TEST_STEP][PASSED] - Statement - PreSaveFile = new java.io.File(((pathPrefix + java.lang.Integer.toString(counter)) + .png)): null

2018-12-14 01:36:46 - [TEST_STEP][PASSED] - Statement - counter = counter + 1: null

2018-12-14 01:36:46 - [TEST_STEP][PASSED] - Statement - PreSaveFile = new java.io.File(((pathPrefix + java.lang.Integer.toString(counter)) + .png)): null

2018-12-14 01:36:46 - [TEST_STEP][PASSED] - Statement - counter = counter + 1: null

2018-12-14 01:36:46 - [TEST_STEP][PASSED] - Statement - PreSaveFile = new java.io.File(((pathPrefix + java.lang.Integer.toString(counter)) + .png)): null

2018-12-14 01:36:46 - [TEST_STEP][PASSED] - Statement - counter = counter + 1: null

2018-12-14 01:36:46 - [TEST_STEP][PASSED] - Statement - PreSaveFile = new java.io.File(((pathPrefix + java.lang.Integer.toString(counter)) + .png)): null

2018-12-14 01:36:46 - [TEST_STEP][PASSED] - Statement - counter = counter + 1: null

2018-12-14 01:36:46 - [TEST_STEP][PASSED] - Statement - PreSaveFile = new java.io.File(((pathPrefix + java.lang.Integer.toString(counter)) + .png)): null

2018-12-14 01:36:46 - [TEST_STEP][PASSED] - Statement - counter = counter + 1: null

2018-12-14 01:36:46 - [TEST_STEP][PASSED] - Statement - PreSaveFile = new java.io.File(((pathPrefix + java.lang.Integer.toString(counter)) + .png)): null

2018-12-14 01:36:46 - [TEST_STEP][PASSED] - Statement - counter = counter + 1: null

2018-12-14 01:36:46 - [TEST_STEP][PASSED] - Statement - PreSaveFile = new java.io.File(((pathPrefix + java.lang.Integer.toString(counter)) + .png)): null

2018-12-14 01:36:46 - [TEST_STEP][PASSED] - Statement - counter = counter + 1: null

2018-12-14 01:36:46 - [TEST_STEP][PASSED] - Statement - PreSaveFile = new java.io.File(((pathPrefix + java.lang.Integer.toString(counter)) + .png)): null

2018-12-14 01:36:46 - [TEST_STEP][PASSED] - Statement - counter = counter + 1: null

2018-12-14 01:36:46 - [TEST_STEP][PASSED] - Statement - PreSaveFile = new java.io.File(((pathPrefix + java.lang.Integer.toString(counter)) + .png)): null

2018-12-14 01:36:46 - [TEST_STEP][PASSED] - Statement - counter = counter + 1: null

2018-12-14 01:36:46 - [TEST_STEP][PASSED] - Statement - PreSaveFile = new java.io.File(((pathPrefix + java.lang.Integer.toString(counter)) + .png)): null

2018-12-14 01:36:46 - [TEST_STEP][PASSED] - Statement - counter = counter + 1: null

2018-12-14 01:36:46 - [TEST_STEP][PASSED] - Statement - PreSaveFile = new java.io.File(((pathPrefix + java.lang.Integer.toString(counter)) + .png)): null

2018-12-14 01:36:46 - [TEST_STEP][PASSED] - Statement - counter = counter + 1: null

2018-12-14 01:36:46 - [TEST_STEP][PASSED] - Statement - PreSaveFile = new java.io.File(((pathPrefix + java.lang.Integer.toString(counter)) + .png)): null

2018-12-14 01:36:46 - [TEST_STEP][PASSED] - Statement - counter = counter + 1: null

2018-12-14 01:36:46 - [TEST_STEP][PASSED] - Statement - PreSaveFile = new java.io.File(((pathPrefix + java.lang.Integer.toString(counter)) + .png)): null

2018-12-14 01:36:46 - [TEST_STEP][PASSED] - Statement - counter = counter + 1: null

2018-12-14 01:36:46 - [TEST_STEP][PASSED] - Statement - PreSaveFile = new java.io.File(((pathPrefix + java.lang.Integer.toString(counter)) + .png)): null

2018-12-14 01:36:46 - [TEST_STEP][PASSED] - Statement - counter = counter + 1: null

2018-12-14 01:36:46 - [TEST_STEP][PASSED] - Statement - PreSaveFile = new java.io.File(((pathPrefix + java.lang.Integer.toString(counter)) + .png)): null

2018-12-14 01:36:46 - [TEST_STEP][PASSED] - Statement - counter = counter + 1: null

2018-12-14 01:36:46 - [TEST_STEP][PASSED] - Statement - PreSaveFile = new java.io.File(((pathPrefix + java.lang.Integer.toString(counter)) + .png)): null

2018-12-14 01:36:46 - [TEST_STEP][PASSED] - Statement - counter = counter + 1: null

2018-12-14 01:36:46 - [TEST_STEP][PASSED] - Statement - PreSaveFile = new java.io.File(((pathPrefix + java.lang.Integer.toString(counter)) + .png)): null

2018-12-14 01:36:46 - [TEST_STEP][PASSED] - Statement - counter = counter + 1: null

2018-12-14 01:36:46 - [TEST_STEP][PASSED] - Statement - PreSaveFile = new java.io.File(((pathPrefix + java.lang.Integer.toString(counter)) + .png)): null

2018-12-14 01:36:46 - [TEST_STEP][PASSED] - Statement - counter = counter + 1: null

2018-12-14 01:36:46 - [TEST_STEP][PASSED] - Statement - PreSaveFile = new java.io.File(((pathPrefix + java.lang.Integer.toString(counter)) + .png)): null

2018-12-14 01:36:46 - [TEST_STEP][PASSED] - Statement - counter = counter + 1: null

2018-12-14 01:36:46 - [TEST_STEP][PASSED] - Statement - PreSaveFile = new java.io.File(((pathPrefix + java.lang.Integer.toString(counter)) + .png)): null

2018-12-14 01:36:46 - [TEST_STEP][PASSED] - Statement - counter = counter + 1: null

2018-12-14 01:36:46 - [TEST_STEP][PASSED] - Statement - PreSaveFile = new java.io.File(((pathPrefix + java.lang.Integer.toString(counter)) + .png)): null

2018-12-14 01:36:46 - [TEST_STEP][PASSED] - Statement - counter = counter + 1: null

2018-12-14 01:36:46 - [TEST_STEP][PASSED] - Statement - PreSaveFile = new java.io.File(((pathPrefix + java.lang.Integer.toString(counter)) + .png)): null

2018-12-14 01:36:46 - [TEST_STEP][PASSED] - Statement - counter = counter + 1: null

2018-12-14 01:36:46 - [TEST_STEP][PASSED] - Statement - PreSaveFile = new java.io.File(((pathPrefix + java.lang.Integer.toString(counter)) + .png)): null

2018-12-14 01:36:46 - [TEST_STEP][PASSED] - Statement - counter = counter + 1: null

2018-12-14 01:36:46 - [TEST_STEP][PASSED] - Statement - PreSaveFile = new java.io.File(((pathPrefix + java.lang.Integer.toString(counter)) + .png)): null

2018-12-14 01:36:46 - [TEST_STEP][PASSED] - Statement - counter = counter + 1: null

2018-12-14 01:36:46 - [TEST_STEP][PASSED] - Statement - PreSaveFile = new java.io.File(((pathPrefix + java.lang.Integer.toString(counter)) + .png)): null

2018-12-14 01:36:46 - [TEST_STEP][PASSED] - Statement - counter = counter + 1: null

2018-12-14 01:36:46 - [TEST_STEP][PASSED] - Statement - PreSaveFile = new java.io.File(((pathPrefix + java.lang.Integer.toString(counter)) + .png)): null

2018-12-14 01:36:46 - [TEST_STEP][PASSED] - Statement - counter = counter + 1: null

2018-12-14 01:36:46 - [TEST_STEP][PASSED] - Statement - PreSaveFile = new java.io.File(((pathPrefix + java.lang.Integer.toString(counter)) + .png)): null

2018-12-14 01:36:46 - [TEST_STEP][PASSED] - Statement - counter = counter + 1: null

2018-12-14 01:36:46 - [TEST_STEP][PASSED] - Statement - PreSaveFile = new java.io.File(((pathPrefix + java.lang.Integer.toString(counter)) + .png)): null

2018-12-14 01:36:46 - [TEST_STEP][PASSED] - Statement - counter = counter + 1: null

2018-12-14 01:36:47 - [TEST_STEP][PASSED] - Statement - PreSaveFile = new java.io.File(((pathPrefix + java.lang.Integer.toString(counter)) + .png)): null

2018-12-14 01:36:47 - [TEST_STEP][PASSED] - Statement - counter = counter + 1: null

2018-12-14 01:36:47 - [TEST_STEP][PASSED] - Statement - PreSaveFile = new java.io.File(((pathPrefix + java.lang.Integer.toString(counter)) + .png)): null

2018-12-14 01:36:47 - [TEST_STEP][PASSED] - Statement - counter = counter + 1: null

2018-12-14 01:36:47 - [TEST_STEP][PASSED] - Statement - PreSaveFile = new java.io.File(((pathPrefix + java.lang.Integer.toString(counter)) + .png)): null

2018-12-14 01:36:47 - [TEST_STEP][PASSED] - Statement - counter = counter + 1: null

2018-12-14 01:36:47 - [TEST_STEP][PASSED] - Statement - PreSaveFile = new java.io.File(((pathPrefix + java.lang.Integer.toString(counter)) + .png)): null

2018-12-14 01:36:47 - [TEST_STEP][PASSED] - Statement - counter = counter + 1: null

2018-12-14 01:36:47 - [TEST_STEP][PASSED] - Statement - PreSaveFile = new java.io.File(((pathPrefix + java.lang.Integer.toString(counter)) + .png)): null

2018-12-14 01:36:47 - [TEST_STEP][PASSED] - Statement - counter = counter + 1: null

2018-12-14 01:36:47 - [TEST_STEP][PASSED] - Statement - PreSaveFile = new java.io.File(((pathPrefix + java.lang.Integer.toString(counter)) + .png)): null

2018-12-14 01:36:47 - [TEST_STEP][PASSED] - Statement - counter = counter + 1: null

2018-12-14 01:36:47 - [TEST_STEP][PASSED] - Statement - PreSaveFile = new java.io.File(((pathPrefix + java.lang.Integer.toString(counter)) + .png)): null

2018-12-14 01:36:47 - [TEST_STEP][PASSED] - Statement - counter = counter + 1: null

2018-12-14 01:36:47 - [TEST_STEP][PASSED] - Statement - PreSaveFile = new java.io.File(((pathPrefix + java.lang.Integer.toString(counter)) + .png)): null

2018-12-14 01:36:47 - [TEST_STEP][PASSED] - Statement - counter = counter + 1: null

2018-12-14 01:36:47 - [TEST_STEP][PASSED] - Statement - PreSaveFile = new java.io.File(((pathPrefix + java.lang.Integer.toString(counter)) + .png)): null

2018-12-14 01:36:47 - [TEST_STEP][PASSED] - Statement - counter = counter + 1: null

2018-12-14 01:36:47 - [TEST_STEP][PASSED] - Statement - PreSaveFile = new java.io.File(((pathPrefix + java.lang.Integer.toString(counter)) + .png)): null

2018-12-14 01:36:47 - [TEST_STEP][PASSED] - Statement - counter = counter + 1: null

2018-12-14 01:36:47 - [TEST_STEP][PASSED] - Statement - PreSaveFile = new java.io.File(((pathPrefix + java.lang.Integer.toString(counter)) + .png)): null

2018-12-14 01:36:47 - [TEST_STEP][PASSED] - Statement - counter = counter + 1: null

2018-12-14 01:36:47 - [TEST_STEP][PASSED] - Statement - PreSaveFile = new java.io.File(((pathPrefix + java.lang.Integer.toString(counter)) + .png)): null

2018-12-14 01:36:47 - [TEST_STEP][PASSED] - Statement - counter = counter + 1: null

2018-12-14 01:36:47 - [TEST_STEP][PASSED] - Statement - PreSaveFile = new java.io.File(((pathPrefix + java.lang.Integer.toString(counter)) + .png)): null

2018-12-14 01:36:47 - [TEST_STEP][PASSED] - Statement - counter = counter + 1: null

2018-12-14 01:36:47 - [TEST_STEP][PASSED] - Statement - PreSaveFile = new java.io.File(((pathPrefix + java.lang.Integer.toString(counter)) + .png)): null

2018-12-14 01:36:47 - [TEST_STEP][PASSED] - Statement - counter = counter + 1: null

2018-12-14 01:36:47 - [TEST_STEP][PASSED] - Statement - PreSaveFile = new java.io.File(((pathPrefix + java.lang.Integer.toString(counter)) + .png)): null

2018-12-14 01:36:47 - [TEST_STEP][PASSED] - Statement - counter = counter + 1: null

2018-12-14 01:36:47 - [TEST_STEP][PASSED] - Statement - PreSaveFile = new java.io.File(((pathPrefix + java.lang.Integer.toString(counter)) + .png)): null

2018-12-14 01:36:47 - [TEST_STEP][PASSED] - Statement - counter = counter + 1: null

2018-12-14 01:36:47 - [TEST_STEP][PASSED] - Statement - PreSaveFile = new java.io.File(((pathPrefix + java.lang.Integer.toString(counter)) + .png)): null

2018-12-14 01:36:47 - [TEST_STEP][PASSED] - Statement - counter = counter + 1: null

2018-12-14 01:36:47 - [TEST_STEP][PASSED] - Statement - PreSaveFile = new java.io.File(((pathPrefix + java.lang.Integer.toString(counter)) + .png)): null

2018-12-14 01:36:47 - [TEST_STEP][PASSED] - Statement - counter = counter + 1: null

2018-12-14 01:36:47 - [TEST_STEP][PASSED] - Statement - PreSaveFile = new java.io.File(((pathPrefix + java.lang.Integer.toString(counter)) + .png)): null

2018-12-14 01:36:47 - [TEST_STEP][PASSED] - Statement - counter = counter + 1: null

2018-12-14 01:36:47 - [TEST_STEP][PASSED] - Statement - PreSaveFile = new java.io.File(((pathPrefix + java.lang.Integer.toString(counter)) + .png)): null

2018-12-14 01:36:47 - [TEST_STEP][PASSED] - Statement - counter = counter + 1: null

2018-12-14 01:36:47 - [TEST_STEP][PASSED] - Statement - PreSaveFile = new java.io.File(((pathPrefix + java.lang.Integer.toString(counter)) + .png)): null

2018-12-14 01:36:47 - [TEST_STEP][PASSED] - Statement - counter = counter + 1: null

2018-12-14 01:36:47 - [TEST_STEP][PASSED] - Statement - PreSaveFile = new java.io.File(((pathPrefix + java.lang.Integer.toString(counter)) + .png)): null

2018-12-14 01:36:47 - [TEST_STEP][PASSED] - Statement - counter = counter + 1: null

2018-12-14 01:36:47 - [TEST_STEP][PASSED] - Statement - PreSaveFile = new java.io.File(((pathPrefix + java.lang.Integer.toString(counter)) + .png)): null

2018-12-14 01:36:47 - [TEST_STEP][PASSED] - Statement - counter = counter + 1: null

2018-12-14 01:36:47 - [TEST_STEP][PASSED] - Statement - PreSaveFile = new java.io.File(((pathPrefix + java.lang.Integer.toString(counter)) + .png)): null

2018-12-14 01:36:47 - [TEST_STEP][PASSED] - Statement - counter = counter + 1: null

2018-12-14 01:36:47 - [TEST_STEP][PASSED] - Statement - PreSaveFile = new java.io.File(((pathPrefix + java.lang.Integer.toString(counter)) + .png)): null

2018-12-14 01:36:47 - [TEST_STEP][PASSED] - Statement - counter = counter + 1: null

2018-12-14 01:36:47 - [TEST_STEP][PASSED] - Statement - PreSaveFile = new java.io.File(((pathPrefix + java.lang.Integer.toString(counter)) + .png)): null

2018-12-14 01:36:47 - [TEST_STEP][PASSED] - Statement - counter = counter + 1: null

2018-12-14 01:36:47 - [TEST_STEP][PASSED] - Statement - PreSaveFile = new java.io.File(((pathPrefix + java.lang.Integer.toString(counter)) + .png)): null

2018-12-14 01:36:47 - [TEST_STEP][PASSED] - Statement - counter = counter + 1: null

2018-12-14 01:36:47 - [TEST_STEP][PASSED] - Statement - PreSaveFile = new java.io.File(((pathPrefix + java.lang.Integer.toString(counter)) + .png)): null

2018-12-14 01:36:47 - [TEST_STEP][PASSED] - Statement - counter = counter + 1: null

2018-12-14 01:36:47 - [TEST_STEP][PASSED] - Statement - PreSaveFile = new java.io.File(((pathPrefix + java.lang.Integer.toString(counter)) + .png)): null

2018-12-14 01:36:47 - [TEST_STEP][PASSED] - Statement - counter = counter + 1: null

2018-12-14 01:36:47 - [TEST_STEP][PASSED] - Statement - PreSaveFile = new java.io.File(((pathPrefix + java.lang.Integer.toString(counter)) + .png)): null

2018-12-14 01:36:47 - [TEST_STEP][PASSED] - Statement - counter = counter + 1: null

2018-12-14 01:36:47 - [TEST_STEP][PASSED] - Statement - PreSaveFile = new java.io.File(((pathPrefix + java.lang.Integer.toString(counter)) + .png)): null

2018-12-14 01:36:47 - [TEST_STEP][PASSED] - Statement - counter = counter + 1: null

2018-12-14 01:36:47 - [TEST_STEP][PASSED] - Statement - PreSaveFile = new java.io.File(((pathPrefix + java.lang.Integer.toString(counter)) + .png)): null

2018-12-14 01:36:47 - [TEST_STEP][PASSED] - Statement - counter = counter + 1: null

2018-12-14 01:36:47 - [TEST_STEP][PASSED] - Statement - PreSaveFile = new java.io.File(((pathPrefix + java.lang.Integer.toString(counter)) + .png)): null

2018-12-14 01:36:47 - [TEST_STEP][PASSED] - Statement - counter = counter + 1: null

2018-12-14 01:36:47 - [TEST_STEP][PASSED] - Statement - PreSaveFile = new java.io.File(((pathPrefix + java.lang.Integer.toString(counter)) + .png)): null

2018-12-14 01:36:47 - [TEST_STEP][PASSED] - Statement - counter = counter + 1: null

2018-12-14 01:36:47 - [TEST_STEP][PASSED] - Statement - PreSaveFile = new java.io.File(((pathPrefix + java.lang.Integer.toString(counter)) + .png)): null

2018-12-14 01:36:47 - [TEST_STEP][PASSED] - Statement - counter = counter + 1: null

2018-12-14 01:36:47 - [TEST_STEP][PASSED] - Statement - PreSaveFile = new java.io.File(((pathPrefix + java.lang.Integer.toString(counter)) + .png)): null

2018-12-14 01:36:47 - [TEST_STEP][PASSED] - Statement - counter = counter + 1: null

2018-12-14 01:36:47 - [TEST_STEP][PASSED] - Statement - PreSaveFile = new java.io.File(((pathPrefix + java.lang.Integer.toString(counter)) + .png)): null

2018-12-14 01:36:47 - [TEST_STEP][PASSED] - Statement - counter = counter + 1: null

2018-12-14 01:36:47 - [TEST_STEP][PASSED] - Statement - PreSaveFile = new java.io.File(((pathPrefix + java.lang.Integer.toString(counter)) + .png)): null

2018-12-14 01:36:47 - [TEST_STEP][PASSED] - Statement - counter = counter + 1: null

2018-12-14 01:36:47 - [TEST_STEP][PASSED] - Statement - PreSaveFile = new java.io.File(((pathPrefix + java.lang.Integer.toString(counter)) + .png)): null

2018-12-14 01:36:47 - [TEST_STEP][PASSED] - Statement - counter = counter + 1: null

2018-12-14 01:36:47 - [TEST_STEP][PASSED] - Statement - PreSaveFile = new java.io.File(((pathPrefix + java.lang.Integer.toString(counter)) + .png)): null

2018-12-14 01:36:47 - [TEST_STEP][PASSED] - Statement - counter = counter + 1: null

2018-12-14 01:36:47 - [TEST_STEP][PASSED] - Statement - PreSaveFile = new java.io.File(((pathPrefix + java.lang.Integer.toString(counter)) + .png)): null

2018-12-14 01:36:47 - [TEST_STEP][PASSED] - Statement - counter = counter + 1: null

2018-12-14 01:36:47 - [TEST_STEP][PASSED] - Statement - PreSaveFile = new java.io.File(((pathPrefix + java.lang.Integer.toString(counter)) + .png)): null

2018-12-14 01:36:47 - [TEST_STEP][PASSED] - Statement - counter = counter + 1: null

2018-12-14 01:36:47 - [TEST_STEP][PASSED] - Statement - PreSaveFile = new java.io.File(((pathPrefix + java.lang.Integer.toString(counter)) + .png)): null

2018-12-14 01:36:47 - [TEST_STEP][PASSED] - Statement - counter = counter + 1: null

2018-12-14 01:36:47 - [TEST_STEP][PASSED] - Statement - PreSaveFile = new java.io.File(((pathPrefix + java.lang.Integer.toString(counter)) + .png)): null

2018-12-14 01:36:47 - [TEST_STEP][PASSED] - Statement - counter = counter + 1: null

2018-12-14 01:36:47 - [TEST_STEP][PASSED] - Statement - PreSaveFile = new java.io.File(((pathPrefix + java.lang.Integer.toString(counter)) + .png)): null

2018-12-14 01:36:47 - [TEST_STEP][PASSED] - Statement - counter = counter + 1: null

2018-12-14 01:36:47 - [TEST_STEP][PASSED] - Statement - PreSaveFile = new java.io.File(((pathPrefix + java.lang.Integer.toString(counter)) + .png)): null

2018-12-14 01:36:47 - [TEST_STEP][PASSED] - Statement - counter = counter + 1: null

2018-12-14 01:36:47 - [TEST_STEP][PASSED] - Statement - PreSaveFile = new java.io.File(((pathPrefix + java.lang.Integer.toString(counter)) + .png)): null

2018-12-14 01:36:47 - [TEST_STEP][PASSED] - Statement - counter = counter + 1: null

2018-12-14 01:36:47 - [TEST_STEP][PASSED] - Statement - PreSaveFile = new java.io.File(((pathPrefix + java.lang.Integer.toString(counter)) + .png)): null

2018-12-14 01:36:47 - [TEST_STEP][PASSED] - Statement - counter = counter + 1: null

2018-12-14 01:36:47 - [TEST_STEP][PASSED] - Statement - PreSaveFile = new java.io.File(((pathPrefix + java.lang.Integer.toString(counter)) + .png)): null

2018-12-14 01:36:47 - [TEST_STEP][PASSED] - Statement - counter = counter + 1: null

2018-12-14 01:36:47 - [TEST_STEP][PASSED] - Statement - PreSaveFile = new java.io.File(((pathPrefix + java.lang.Integer.toString(counter)) + .png)): null

2018-12-14 01:36:47 - [TEST_STEP][PASSED] - Statement - counter = counter + 1: null

2018-12-14 01:36:47 - [TEST_STEP][PASSED] - Statement - PreSaveFile = new java.io.File(((pathPrefix + java.lang.Integer.toString(counter)) + .png)): null

2018-12-14 01:36:47 - [TEST_STEP][PASSED] - Statement - counter = counter + 1: null

2018-12-14 01:36:47 - [TEST_STEP][PASSED] - Statement - PreSaveFile = new java.io.File(((pathPrefix + java.lang.Integer.toString(counter)) + .png)): null

2018-12-14 01:36:47 - [TEST_STEP][PASSED] - Statement - counter = counter + 1: null

2018-12-14 01:36:47 - [TEST_STEP][PASSED] - Statement - PreSaveFile = new java.io.File(((pathPrefix + java.lang.Integer.toString(counter)) + .png)): null

2018-12-14 01:36:47 - [TEST_STEP][PASSED] - Statement - counter = counter + 1: null

2018-12-14 01:36:47 - [TEST_STEP][PASSED] - Statement - PreSaveFile = new java.io.File(((pathPrefix + java.lang.Integer.toString(counter)) + .png)): null

2018-12-14 01:36:47 - [TEST_STEP][PASSED] - Statement - counter = counter + 1: null

2018-12-14 01:36:47 - [TEST_STEP][PASSED] - Statement - PreSaveFile = new java.io.File(((pathPrefix + java.lang.Integer.toString(counter)) + .png)): null

2018-12-14 01:36:47 - [TEST_STEP][PASSED] - Statement - counter = counter + 1: null

2018-12-14 01:36:47 - [TEST_STEP][PASSED] - Statement - PreSaveFile = new java.io.File(((pathPrefix + java.lang.Integer.toString(counter)) + .png)): null

2018-12-14 01:36:47 - [TEST_STEP][PASSED] - Statement - counter = counter + 1: null

2018-12-14 01:36:47 - [TEST_STEP][PASSED] - Statement - PreSaveFile = new java.io.File(((pathPrefix + java.lang.Integer.toString(counter)) + .png)): null

2018-12-14 01:36:47 - [TEST_STEP][PASSED] - Statement - counter = counter + 1: null

2018-12-14 01:36:47 - [TEST_STEP][PASSED] - Statement - PreSaveFile = new java.io.File(((pathPrefix + java.lang.Integer.toString(counter)) + .png)): null

2018-12-14 01:36:47 - [TEST_STEP][PASSED] - Statement - counter = counter + 1: null

2018-12-14 01:36:47 - [TEST_STEP][PASSED] - Statement - PreSaveFile = new java.io.File(((pathPrefix + java.lang.Integer.toString(counter)) + .png)): null

2018-12-14 01:36:47 - [TEST_STEP][PASSED] - Statement - counter = counter + 1: null

2018-12-14 01:36:47 - [TEST_STEP][PASSED] - Statement - PreSaveFile = new java.io.File(((pathPrefix + java.lang.Integer.toString(counter)) + .png)): null

2018-12-14 01:36:47 - [TEST_STEP][PASSED] - Statement - counter = counter + 1: null

2018-12-14 01:36:47 - [TEST_STEP][PASSED] - Statement - PreSaveFile = new java.io.File(((pathPrefix + java.lang.Integer.toString(counter)) + .png)): null

2018-12-14 01:36:47 - [TEST_STEP][PASSED] - Statement - counter = counter + 1: null

2018-12-14 01:36:47 - [TEST_STEP][PASSED] - Statement - PreSaveFile = new java.io.File(((pathPrefix + java.lang.Integer.toString(counter)) + .png)): null

2018-12-14 01:36:47 - [TEST_STEP][PASSED] - Statement - counter = counter + 1: null

2018-12-14 01:36:47 - [TEST_STEP][PASSED] - Statement - PreSaveFile = new java.io.File(((pathPrefix + java.lang.Integer.toString(counter)) + .png)): null

2018-12-14 01:36:47 - [TEST_STEP][PASSED] - Statement - counter = counter + 1: null

2018-12-14 01:36:47 - [TEST_STEP][PASSED] - Statement - PreSaveFile = new java.io.File(((pathPrefix + java.lang.Integer.toString(counter)) + .png)): null

2018-12-14 01:36:47 - [TEST_STEP][PASSED] - Statement - counter = counter + 1: null

2018-12-14 01:36:47 - [TEST_STEP][PASSED] - Statement - PreSaveFile = new java.io.File(((pathPrefix + java.lang.Integer.toString(counter)) + .png)): null

2018-12-14 01:36:47 - [TEST_STEP][PASSED] - Statement - counter = counter + 1: null

2018-12-14 01:36:47 - [TEST_STEP][PASSED] - Statement - PreSaveFile = new java.io.File(((pathPrefix + java.lang.Integer.toString(counter)) + .png)): null

2018-12-14 01:36:47 - [TEST_STEP][PASSED] - Statement - counter = counter + 1: null

2018-12-14 01:36:47 - [TEST_STEP][PASSED] - Statement - PreSaveFile = new java.io.File(((pathPrefix + java.lang.Integer.toString(counter)) + .png)): null

2018-12-14 01:36:47 - [TEST_STEP][PASSED] - Statement - counter = counter + 1: null

2018-12-14 01:36:47 - [TEST_STEP][PASSED] - Statement - PreSaveFile = new java.io.File(((pathPrefix + java.lang.Integer.toString(counter)) + .png)): null

2018-12-14 01:36:47 - [TEST_STEP][PASSED] - Statement - counter = counter + 1: null

2018-12-14 01:36:47 - [TEST_STEP][PASSED] - Statement - PreSaveFile = new java.io.File(((pathPrefix + java.lang.Integer.toString(counter)) + .png)): null

2018-12-14 01:36:47 - [TEST_STEP][PASSED] - Statement - counter = counter + 1: null

2018-12-14 01:36:47 - [TEST_STEP][PASSED] - Statement - PreSaveFile = new java.io.File(((pathPrefix + java.lang.Integer.toString(counter)) + .png)): null

2018-12-14 01:36:47 - [TEST_STEP][PASSED] - Statement - counter = counter + 1: null

2018-12-14 01:36:47 - [TEST_STEP][PASSED] - Statement - PreSaveFile = new java.io.File(((pathPrefix + java.lang.Integer.toString(counter)) + .png)): null

2018-12-14 01:36:47 - [TEST_STEP][PASSED] - Statement - counter = counter + 1: null

2018-12-14 01:36:47 - [TEST_STEP][PASSED] - Statement - PreSaveFile = new java.io.File(((pathPrefix + java.lang.Integer.toString(counter)) + .png)): null

2018-12-14 01:36:47 - [TEST_STEP][PASSED] - Statement - counter = counter + 1: null

2018-12-14 01:36:47 - [TEST_STEP][PASSED] - Statement - PreSaveFile = new java.io.File(((pathPrefix + java.lang.Integer.toString(counter)) + .png)): null

2018-12-14 01:36:47 - [TEST_STEP][PASSED] - Statement - counter = counter + 1: null

2018-12-14 01:36:47 - [TEST_STEP][PASSED] - Statement - PreSaveFile = new java.io.File(((pathPrefix + java.lang.Integer.toString(counter)) + .png)): null

2018-12-14 01:36:47 - [TEST_STEP][PASSED] - Statement - counter = counter + 1: null

2018-12-14 01:36:47 - [TEST_STEP][PASSED] - Statement - PreSaveFile = new java.io.File(((pathPrefix + java.lang.Integer.toString(counter)) + .png)): null

2018-12-14 01:36:47 - [TEST_STEP][PASSED] - Statement - counter = counter + 1: null

2018-12-14 01:36:47 - [TEST_STEP][PASSED] - Statement - PreSaveFile = new java.io.File(((pathPrefix + java.lang.Integer.toString(counter)) + .png)): null

2018-12-14 01:36:47 - [TEST_STEP][PASSED] - Statement - counter = counter + 1: null

2018-12-14 01:36:47 - [TEST_STEP][PASSED] - Statement - PreSaveFile = new java.io.File(((pathPrefix + java.lang.Integer.toString(counter)) + .png)): null

2018-12-14 01:36:47 - [TEST_STEP][PASSED] - Statement - counter = counter + 1: null

2018-12-14 01:36:47 - [TEST_STEP][PASSED] - Statement - PreSaveFile = new java.io.File(((pathPrefix + java.lang.Integer.toString(counter)) + .png)): null

2018-12-14 01:36:47 - [TEST_STEP][PASSED] - Statement - counter = counter + 1: null

2018-12-14 01:36:47 - [TEST_STEP][PASSED] - Statement - PreSaveFile = new java.io.File(((pathPrefix + java.lang.Integer.toString(counter)) + .png)): null

2018-12-14 01:36:47 - [TEST_STEP][PASSED] - Statement - counter = counter + 1: null

2018-12-14 01:36:47 - [TEST_STEP][PASSED] - Statement - PreSaveFile = new java.io.File(((pathPrefix + java.lang.Integer.toString(counter)) + .png)): null

2018-12-14 01:36:47 - [TEST_STEP][PASSED] - Statement - counter = counter + 1: null

2018-12-14 01:36:47 - [TEST_STEP][PASSED] - Statement - PreSaveFile = new java.io.File(((pathPrefix + java.lang.Integer.toString(counter)) + .png)): null

2018-12-14 01:36:47 - [TEST_STEP][PASSED] - Statement - counter = counter + 1: null

2018-12-14 01:36:47 - [TEST_STEP][PASSED] - Statement - PreSaveFile = new java.io.File(((pathPrefix + java.lang.Integer.toString(counter)) + .png)): null

2018-12-14 01:36:47 - [TEST_STEP][PASSED] - Statement - counter = counter + 1: null

2018-12-14 01:36:47 - [TEST_STEP][PASSED] - Statement - PreSaveFile = new java.io.File(((pathPrefix + java.lang.Integer.toString(counter)) + .png)): null

2018-12-14 01:36:47 - [TEST_STEP][PASSED] - Statement - counter = counter + 1: null

2018-12-14 01:36:47 - [TEST_STEP][PASSED] - Statement - PreSaveFile = new java.io.File(((pathPrefix + java.lang.Integer.toString(counter)) + .png)): null

2018-12-14 01:36:47 - [TEST_STEP][PASSED] - Statement - counter = counter + 1: null

2018-12-14 01:36:47 - [TEST_STEP][PASSED] - Statement - PreSaveFile = new java.io.File(((pathPrefix + java.lang.Integer.toString(counter)) + .png)): null

2018-12-14 01:36:47 - [TEST_STEP][PASSED] - Statement - counter = counter + 1: null

2018-12-14 01:36:47 - [TEST_STEP][PASSED] - Statement - PreSaveFile = new java.io.File(((pathPrefix + java.lang.Integer.toString(counter)) + .png)): null

2018-12-14 01:36:47 - [TEST_STEP][PASSED] - Statement - counter = counter + 1: null

2018-12-14 01:36:47 - [TEST_STEP][PASSED] - Statement - PreSaveFile = new java.io.File(((pathPrefix + java.lang.Integer.toString(counter)) + .png)): null

2018-12-14 01:36:47 - [TEST_STEP][PASSED] - Statement - counter = counter + 1: null

2018-12-14 01:36:47 - [TEST_STEP][PASSED] - Statement - PreSaveFile = new java.io.File(((pathPrefix + java.lang.Integer.toString(counter)) + .png)): null

2018-12-14 01:36:47 - [TEST_STEP][PASSED] - Statement - counter = counter + 1: null

2018-12-14 01:36:47 - [TEST_STEP][PASSED] - Statement - PreSaveFile = new java.io.File(((pathPrefix + java.lang.Integer.toString(counter)) + .png)): null

2018-12-14 01:36:47 - [TEST_STEP][PASSED] - Statement - counter = counter + 1: null

2018-12-14 01:36:47 - [TEST_STEP][PASSED] - Statement - PreSaveFile = new java.io.File(((pathPrefix + java.lang.Integer.toString(counter)) + .png)): null

2018-12-14 01:36:47 - [TEST_STEP][PASSED] - Statement - counter = counter + 1: null

2018-12-14 01:36:47 - [TEST_STEP][PASSED] - Statement - PreSaveFile = new java.io.File(((pathPrefix + java.lang.Integer.toString(counter)) + .png)): null

2018-12-14 01:36:47 - [TEST_STEP][PASSED] - Statement - counter = counter + 1: null

2018-12-14 01:36:47 - [TEST_STEP][PASSED] - Statement - PreSaveFile = new java.io.File(((pathPrefix + java.lang.Integer.toString(counter)) + .png)): null

2018-12-14 01:36:47 - [TEST_STEP][PASSED] - Statement - counter = counter + 1: null

2018-12-14 01:36:47 - [TEST_STEP][PASSED] - Statement - PreSaveFile = new java.io.File(((pathPrefix + java.lang.Integer.toString(counter)) + .png)): null

2018-12-14 01:36:47 - [TEST_STEP][PASSED] - Statement - counter = counter + 1: null

2018-12-14 01:36:47 - [TEST_STEP][PASSED] - Statement - PreSaveFile = new java.io.File(((pathPrefix + java.lang.Integer.toString(counter)) + .png)): null

2018-12-14 01:36:47 - [TEST_STEP][PASSED] - Statement - counter = counter + 1: null

2018-12-14 01:36:47 - [TEST_STEP][PASSED] - Statement - PreSaveFile = new java.io.File(((pathPrefix + java.lang.Integer.toString(counter)) + .png)): null

2018-12-14 01:36:47 - [TEST_STEP][PASSED] - Statement - counter = counter + 1: null

2018-12-14 01:36:47 - [TEST_STEP][PASSED] - Statement - PreSaveFile = new java.io.File(((pathPrefix + java.lang.Integer.toString(counter)) + .png)): null

2018-12-14 01:36:47 - [TEST_STEP][PASSED] - Statement - counter = counter + 1: null

2018-12-14 01:36:47 - [TEST_STEP][PASSED] - Statement - PreSaveFile = new java.io.File(((pathPrefix + java.lang.Integer.toString(counter)) + .png)): null

2018-12-14 01:36:47 - [TEST_STEP][PASSED] - Statement - counter = counter + 1: null

2018-12-14 01:36:47 - [TEST_STEP][PASSED] - Statement - PreSaveFile = new java.io.File(((pathPrefix + java.lang.Integer.toString(counter)) + .png)): null

2018-12-14 01:36:47 - [TEST_STEP][PASSED] - Statement - counter = counter + 1: null

2018-12-14 01:36:47 - [TEST_STEP][PASSED] - Statement - PreSaveFile = new java.io.File(((pathPrefix + java.lang.Integer.toString(counter)) + .png)): null

2018-12-14 01:36:47 - [TEST_STEP][PASSED] - Statement - counter = counter + 1: null

2018-12-14 01:36:47 - [TEST_STEP][PASSED] - Statement - PreSaveFile = new java.io.File(((pathPrefix + java.lang.Integer.toString(counter)) + .png)): null

2018-12-14 01:36:47 - [TEST_STEP][PASSED] - Statement - counter = counter + 1: null

2018-12-14 01:36:47 - [TEST_STEP][PASSED] - Statement - PreSaveFile = new java.io.File(((pathPrefix + java.lang.Integer.toString(counter)) + .png)): null

2018-12-14 01:36:47 - [TEST_STEP][PASSED] - Statement - counter = counter + 1: null

2018-12-14 01:36:47 - [TEST_STEP][PASSED] - Statement - PreSaveFile = new java.io.File(((pathPrefix + java.lang.Integer.toString(counter)) + .png)): null

2018-12-14 01:36:47 - [TEST_STEP][PASSED] - Statement - counter = counter + 1: null

2018-12-14 01:36:47 - [TEST_STEP][PASSED] - Statement - PreSaveFile = new java.io.File(((pathPrefix + java.lang.Integer.toString(counter)) + .png)): null

2018-12-14 01:36:47 - [TEST_STEP][PASSED] - Statement - counter = counter + 1: null

2018-12-14 01:36:47 - [TEST_STEP][PASSED] - Statement - PreSaveFile = new java.io.File(((pathPrefix + java.lang.Integer.toString(counter)) + .png)): null

2018-12-14 01:36:47 - [TEST_STEP][PASSED] - Statement - counter = counter + 1: null

2018-12-14 01:36:47 - [TEST_STEP][PASSED] - Statement - PreSaveFile = new java.io.File(((pathPrefix + java.lang.Integer.toString(counter)) + .png)): null

2018-12-14 01:36:47 - [TEST_STEP][PASSED] - Statement - counter = counter + 1: null

2018-12-14 01:36:47 - [TEST_STEP][PASSED] - Statement - PreSaveFile = new java.io.File(((pathPrefix + java.lang.Integer.toString(counter)) + .png)): null

2018-12-14 01:36:47 - [TEST_STEP][PASSED] - Statement - counter = counter + 1: null

2018-12-14 01:36:47 - [TEST_STEP][PASSED] - Statement - PreSaveFile = new java.io.File(((pathPrefix + java.lang.Integer.toString(counter)) + .png)): null

2018-12-14 01:36:47 - [TEST_STEP][PASSED] - Statement - counter = counter + 1: null

2018-12-14 01:36:47 - [TEST_STEP][PASSED] - Statement - PreSaveFile = new java.io.File(((pathPrefix + java.lang.Integer.toString(counter)) + .png)): null

2018-12-14 01:36:47 - [TEST_STEP][PASSED] - Statement - counter = counter + 1: null

2018-12-14 01:36:47 - [TEST_STEP][PASSED] - Statement - PreSaveFile = new java.io.File(((pathPrefix + java.lang.Integer.toString(counter)) + .png)): null

2018-12-14 01:36:47 - [TEST_STEP][PASSED] - Statement - counter = counter + 1: null

2018-12-14 01:36:47 - [TEST_STEP][PASSED] - Statement - PreSaveFile = new java.io.File(((pathPrefix + java.lang.Integer.toString(counter)) + .png)): null

2018-12-14 01:36:47 - [TEST_STEP][PASSED] - Statement - counter = counter + 1: null

2018-12-14 01:36:47 - [TEST_STEP][PASSED] - Statement - PreSaveFile = new java.io.File(((pathPrefix + java.lang.Integer.toString(counter)) + .png)): null

2018-12-14 01:36:47 - [TEST_STEP][PASSED] - Statement - counter = counter + 1: null

2018-12-14 01:36:47 - [TEST_STEP][PASSED] - Statement - PreSaveFile = new java.io.File(((pathPrefix + java.lang.Integer.toString(counter)) + .png)): null

2018-12-14 01:36:47 - [TEST_STEP][PASSED] - Statement - counter = counter + 1: null

2018-12-14 01:36:47 - [TEST_STEP][PASSED] - Statement - PreSaveFile = new java.io.File(((pathPrefix + java.lang.Integer.toString(counter)) + .png)): null

2018-12-14 01:36:47 - [TEST_STEP][PASSED] - Statement - counter = counter + 1: null

2018-12-14 01:36:47 - [TEST_STEP][PASSED] - Statement - PreSaveFile = new java.io.File(((pathPrefix + java.lang.Integer.toString(counter)) + .png)): null

2018-12-14 01:36:47 - [TEST_STEP][PASSED] - Statement - counter = counter + 1: null

2018-12-14 01:36:47 - [TEST_STEP][PASSED] - Statement - PreSaveFile = new java.io.File(((pathPrefix + java.lang.Integer.toString(counter)) + .png)): null

2018-12-14 01:36:47 - [TEST_STEP][PASSED] - Statement - counter = counter + 1: null

2018-12-14 01:36:47 - [TEST_STEP][PASSED] - Statement - PreSaveFile = new java.io.File(((pathPrefix + java.lang.Integer.toString(counter)) + .png)): null

2018-12-14 01:36:47 - [TEST_STEP][PASSED] - Statement - counter = counter + 1: null

2018-12-14 01:36:47 - [TEST_STEP][PASSED] - Statement - PreSaveFile = new java.io.File(((pathPrefix + java.lang.Integer.toString(counter)) + .png)): null

2018-12-14 01:36:47 - [TEST_STEP][PASSED] - Statement - counter = counter + 1: null

2018-12-14 01:36:47 - [TEST_STEP][PASSED] - Statement - PreSaveFile = new java.io.File(((pathPrefix + java.lang.Integer.toString(counter)) + .png)): null

2018-12-14 01:36:47 - [TEST_STEP][PASSED] - Statement - counter = counter + 1: null

2018-12-14 01:36:47 - [TEST_STEP][PASSED] - Statement - PreSaveFile = new java.io.File(((pathPrefix + java.lang.Integer.toString(counter)) + .png)): null

2018-12-14 01:36:47 - [TEST_STEP][PASSED] - Statement - counter = counter + 1: null

2018-12-14 01:36:47 - [TEST_STEP][PASSED] - Statement - PreSaveFile = new java.io.File(((pathPrefix + java.lang.Integer.toString(counter)) + .png)): null

2018-12-14 01:36:47 - [TEST_STEP][PASSED] - Statement - counter = counter + 1: null

2018-12-14 01:36:47 - [TEST_STEP][PASSED] - Statement - PreSaveFile = new java.io.File(((pathPrefix + java.lang.Integer.toString(counter)) + .png)): null

2018-12-14 01:36:47 - [TEST_STEP][PASSED] - Statement - counter = counter + 1: null

2018-12-14 01:36:47 - [TEST_STEP][PASSED] - Statement - PreSaveFile = new java.io.File(((pathPrefix + java.lang.Integer.toString(counter)) + .png)): null

2018-12-14 01:36:47 - [TEST_STEP][PASSED] - Statement - counter = counter + 1: null

2018-12-14 01:36:47 - [TEST_STEP][PASSED] - Statement - PreSaveFile = new java.io.File(((pathPrefix + java.lang.Integer.toString(counter)) + .png)): null

2018-12-14 01:36:47 - [TEST_STEP][PASSED] - Statement - counter = counter + 1: null

2018-12-14 01:36:47 - [TEST_STEP][PASSED] - Statement - PreSaveFile = new java.io.File(((pathPrefix + java.lang.Integer.toString(counter)) + .png)): null

2018-12-14 01:36:47 - [TEST_STEP][PASSED] - Statement - counter = counter + 1: null

2018-12-14 01:36:47 - [TEST_STEP][PASSED] - Statement - PreSaveFile = new java.io.File(((pathPrefix + java.lang.Integer.toString(counter)) + .png)): null

2018-12-14 01:36:47 - [TEST_STEP][PASSED] - Statement - counter = counter + 1: null

2018-12-14 01:36:47 - [TEST_STEP][PASSED] - Statement - PreSaveFile = new java.io.File(((pathPrefix + java.lang.Integer.toString(counter)) + .png)): null

2018-12-14 01:36:47 - [TEST_STEP][PASSED] - Statement - counter = counter + 1: null

2018-12-14 01:36:47 - [TEST_STEP][PASSED] - Statement - PreSaveFile = new java.io.File(((pathPrefix + java.lang.Integer.toString(counter)) + .png)): null

2018-12-14 01:36:47 - [TEST_STEP][PASSED] - Statement - counter = counter + 1: null

2018-12-14 01:36:47 - [TEST_STEP][PASSED] - Statement - PreSaveFile = new java.io.File(((pathPrefix + java.lang.Integer.toString(counter)) + .png)): null

2018-12-14 01:36:47 - [TEST_STEP][PASSED] - Statement - counter = counter + 1: null

2018-12-14 01:36:47 - [TEST_STEP][PASSED] - Statement - PreSaveFile = new java.io.File(((pathPrefix + java.lang.Integer.toString(counter)) + .png)): null

2018-12-14 01:36:47 - [TEST_STEP][PASSED] - Statement - counter = counter + 1: null

2018-12-14 01:36:47 - [TEST_STEP][PASSED] - Statement - PreSaveFile = new java.io.File(((pathPrefix + java.lang.Integer.toString(counter)) + .png)): null

2018-12-14 01:36:47 - [TEST_STEP][PASSED] - Statement - counter = counter + 1: null

2018-12-14 01:36:47 - [TEST_STEP][PASSED] - Statement - PreSaveFile = new java.io.File(((pathPrefix + java.lang.Integer.toString(counter)) + .png)): null

2018-12-14 01:36:47 - [TEST_STEP][PASSED] - Statement - counter = counter + 1: null

2018-12-14 01:36:47 - [TEST_STEP][PASSED] - Statement - PreSaveFile = new java.io.File(((pathPrefix + java.lang.Integer.toString(counter)) + .png)): null

2018-12-14 01:36:47 - [TEST_STEP][PASSED] - Statement - counter = counter + 1: null

2018-12-14 01:36:47 - [TEST_STEP][PASSED] - Statement - PreSaveFile = new java.io.File(((pathPrefix + java.lang.Integer.toString(counter)) + .png)): null

2018-12-14 01:36:47 - [TEST_STEP][PASSED] - Statement - counter = counter + 1: null

2018-12-14 01:36:47 - [TEST_STEP][PASSED] - Statement - PreSaveFile = new java.io.File(((pathPrefix + java.lang.Integer.toString(counter)) + .png)): null

2018-12-14 01:36:47 - [TEST_STEP][PASSED] - Statement - counter = counter + 1: null

2018-12-14 01:36:47 - [TEST_STEP][PASSED] - Statement - PreSaveFile = new java.io.File(((pathPrefix + java.lang.Integer.toString(counter)) + .png)): null

2018-12-14 01:36:47 - [TEST_STEP][PASSED] - Statement - counter = counter + 1: null

2018-12-14 01:36:47 - [TEST_STEP][PASSED] - Statement - PreSaveFile = new java.io.File(((pathPrefix + java.lang.Integer.toString(counter)) + .png)): null

2018-12-14 01:36:47 - [TEST_STEP][PASSED] - Statement - counter = counter + 1: null

2018-12-14 01:36:47 - [TEST_STEP][PASSED] - Statement - PreSaveFile = new java.io.File(((pathPrefix + java.lang.Integer.toString(counter)) + .png)): null

2018-12-14 01:36:47 - [TEST_STEP][PASSED] - Statement - counter = counter + 1: null

2018-12-14 01:36:47 - [TEST_STEP][PASSED] - Statement - PreSaveFile = new java.io.File(((pathPrefix + java.lang.Integer.toString(counter)) + .png)): null

2018-12-14 01:36:47 - [TEST_STEP][PASSED] - Statement - counter = counter + 1: null

2018-12-14 01:36:47 - [TEST_STEP][PASSED] - Statement - PreSaveFile = new java.io.File(((pathPrefix + java.lang.Integer.toString(counter)) + .png)): null

2018-12-14 01:36:47 - [TEST_STEP][PASSED] - Statement - counter = counter + 1: null

2018-12-14 01:36:47 - [TEST_STEP][PASSED] - Statement - PreSaveFile = new java.io.File(((pathPrefix + java.lang.Integer.toString(counter)) + .png)): null

2018-12-14 01:36:47 - [TEST_STEP][PASSED] - Statement - counter = counter + 1: null

2018-12-14 01:36:47 - [TEST_STEP][PASSED] - Statement - PreSaveFile = new java.io.File(((pathPrefix + java.lang.Integer.toString(counter)) + .png)): null

2018-12-14 01:36:47 - [TEST_STEP][PASSED] - Statement - counter = counter + 1: null

2018-12-14 01:36:47 - [TEST_STEP][PASSED] - Statement - PreSaveFile = new java.io.File(((pathPrefix + java.lang.Integer.toString(counter)) + .png)): null

2018-12-14 01:36:47 - [TEST_STEP][PASSED] - Statement - counter = counter + 1: null

2018-12-14 01:36:47 - [TEST_STEP][PASSED] - Statement - PreSaveFile = new java.io.File(((pathPrefix + java.lang.Integer.toString(counter)) + .png)): null

2018-12-14 01:36:47 - [TEST_STEP][PASSED] - Statement - counter = counter + 1: null

2018-12-14 01:36:47 - [TEST_STEP][PASSED] - Statement - PreSaveFile = new java.io.File(((pathPrefix + java.lang.Integer.toString(counter)) + .png)): null

2018-12-14 01:36:47 - [TEST_STEP][PASSED] - Statement - counter = counter + 1: null

2018-12-14 01:36:47 - [TEST_STEP][PASSED] - Statement - PreSaveFile = new java.io.File(((pathPrefix + java.lang.Integer.toString(counter)) + .png)): null

2018-12-14 01:36:47 - [TEST_STEP][PASSED] - Statement - counter = counter + 1: null

2018-12-14 01:36:47 - [TEST_STEP][PASSED] - Statement - PreSaveFile = new java.io.File(((pathPrefix + java.lang.Integer.toString(counter)) + .png)): null

2018-12-14 01:36:47 - [TEST_STEP][PASSED] - Statement - counter = counter + 1: null

2018-12-14 01:36:47 - [TEST_STEP][PASSED] - Statement - PreSaveFile = new java.io.File(((pathPrefix + java.lang.Integer.toString(counter)) + .png)): null

2018-12-14 01:36:47 - [TEST_STEP][PASSED] - Statement - counter = counter + 1: null

2018-12-14 01:36:47 - [TEST_STEP][PASSED] - Statement - PreSaveFile = new java.io.File(((pathPrefix + java.lang.Integer.toString(counter)) + .png)): null

2018-12-14 01:36:47 - [TEST_STEP][PASSED] - Statement - counter = counter + 1: null

2018-12-14 01:36:47 - [TEST_STEP][PASSED] - Statement - PreSaveFile = new java.io.File(((pathPrefix + java.lang.Integer.toString(counter)) + .png)): null

2018-12-14 01:36:47 - [TEST_STEP][PASSED] - Statement - counter = counter + 1: null

2018-12-14 01:36:47 - [TEST_STEP][PASSED] - Statement - PreSaveFile = new java.io.File(((pathPrefix + java.lang.Integer.toString(counter)) + .png)): null

2018-12-14 01:36:47 - [TEST_STEP][PASSED] - Statement - counter = counter + 1: null

2018-12-14 01:36:47 - [TEST_STEP][PASSED] - Statement - PreSaveFile = new java.io.File(((pathPrefix + java.lang.Integer.toString(counter)) + .png)): null

2018-12-14 01:36:47 - [TEST_STEP][PASSED] - Statement - counter = counter + 1: null

2018-12-14 01:36:47 - [TEST_STEP][PASSED] - Statement - PreSaveFile = new java.io.File(((pathPrefix + java.lang.Integer.toString(counter)) + .png)): null

2018-12-14 01:36:47 - [TEST_STEP][PASSED] - Statement - counter = counter + 1: null

2018-12-14 01:36:47 - [TEST_STEP][PASSED] - Statement - PreSaveFile = new java.io.File(((pathPrefix + java.lang.Integer.toString(counter)) + .png)): null

2018-12-14 01:36:47 - [TEST_STEP][PASSED] - Statement - counter = counter + 1: null

2018-12-14 01:36:47 - [TEST_STEP][PASSED] - Statement - PreSaveFile = new java.io.File(((pathPrefix + java.lang.Integer.toString(counter)) + .png)): null

2018-12-14 01:36:47 - [TEST_STEP][PASSED] - Statement - counter = counter + 1: null

2018-12-14 01:36:47 - [TEST_STEP][PASSED] - Statement - PreSaveFile = new java.io.File(((pathPrefix + java.lang.Integer.toString(counter)) + .png)): null

2018-12-14 01:36:47 - [TEST_STEP][PASSED] - Statement - counter = counter + 1: null

2018-12-14 01:36:47 - [TEST_STEP][PASSED] - Statement - PreSaveFile = new java.io.File(((pathPrefix + java.lang.Integer.toString(counter)) + .png)): null

2018-12-14 01:36:47 - [TEST_STEP][PASSED] - Statement - counter = counter + 1: null

2018-12-14 01:36:47 - [TEST_STEP][PASSED] - Statement - PreSaveFile = new java.io.File(((pathPrefix + java.lang.Integer.toString(counter)) + .png)): null

2018-12-14 01:36:47 - [TEST_STEP][PASSED] - Statement - counter = counter + 1: null

2018-12-14 01:36:47 - [TEST_STEP][PASSED] - Statement - PreSaveFile = new java.io.File(((pathPrefix + java.lang.Integer.toString(counter)) + .png)): null

2018-12-14 01:36:47 - [TEST_STEP][PASSED] - Statement - counter = counter + 1: null

2018-12-14 01:36:47 - [TEST_STEP][PASSED] - Statement - PreSaveFile = new java.io.File(((pathPrefix + java.lang.Integer.toString(counter)) + .png)): null

2018-12-14 01:36:47 - [TEST_STEP][PASSED] - Statement - counter = counter + 1: null

2018-12-14 01:36:47 - [TEST_STEP][PASSED] - Statement - PreSaveFile = new java.io.File(((pathPrefix + java.lang.Integer.toString(counter)) + .png)): null

2018-12-14 01:36:47 - [TEST_STEP][PASSED] - Statement - counter = counter + 1: null

2018-12-14 01:36:47 - [TEST_STEP][PASSED] - Statement - PreSaveFile = new java.io.File(((pathPrefix + java.lang.Integer.toString(counter)) + .png)): null

2018-12-14 01:36:47 - [TEST_STEP][PASSED] - Statement - counter = counter + 1: null

2018-12-14 01:36:47 - [TEST_STEP][PASSED] - Statement - PreSaveFile = new java.io.File(((pathPrefix + java.lang.Integer.toString(counter)) + .png)): null

2018-12-14 01:36:47 - [TEST_STEP][PASSED] - Statement - counter = counter + 1: null

2018-12-14 01:36:47 - [TEST_STEP][PASSED] - Statement - PreSaveFile = new java.io.File(((pathPrefix + java.lang.Integer.toString(counter)) + .png)): null

2018-12-14 01:36:47 - [TEST_STEP][PASSED] - Statement - counter = counter + 1: null

2018-12-14 01:36:47 - [TEST_STEP][PASSED] - Statement - PreSaveFile = new java.io.File(((pathPrefix + java.lang.Integer.toString(counter)) + .png)): null

2018-12-14 01:36:47 - [TEST_STEP][PASSED] - Statement - counter = counter + 1: null

2018-12-14 01:36:47 - [TEST_STEP][PASSED] - Statement - PreSaveFile = new java.io.File(((pathPrefix + java.lang.Integer.toString(counter)) + .png)): null

2018-12-14 01:36:47 - [TEST_STEP][PASSED] - Statement - counter = counter + 1: null

2018-12-14 01:36:47 - [TEST_STEP][PASSED] - Statement - PreSaveFile = new java.io.File(((pathPrefix + java.lang.Integer.toString(counter)) + .png)): null

2018-12-14 01:36:47 - [TEST_STEP][PASSED] - Statement - counter = counter + 1: null

2018-12-14 01:36:47 - [TEST_STEP][PASSED] - Statement - PreSaveFile = new java.io.File(((pathPrefix + java.lang.Integer.toString(counter)) + .png)): null

2018-12-14 01:36:47 - [TEST_STEP][PASSED] - Statement - counter = counter + 1: null

2018-12-14 01:36:47 - [TEST_STEP][PASSED] - Statement - PreSaveFile = new java.io.File(((pathPrefix + java.lang.Integer.toString(counter)) + .png)): null

2018-12-14 01:36:47 - [TEST_STEP][PASSED] - Statement - counter = counter + 1: null

2018-12-14 01:36:47 - [TEST_STEP][PASSED] - Statement - PreSaveFile = new java.io.File(((pathPrefix + java.lang.Integer.toString(counter)) + .png)): null

2018-12-14 01:36:47 - [TEST_STEP][PASSED] - Statement - counter = counter + 1: null

2018-12-14 01:36:47 - [TEST_STEP][PASSED] - Statement - PreSaveFile = new java.io.File(((pathPrefix + java.lang.Integer.toString(counter)) + .png)): null

2018-12-14 01:36:47 - [TEST_STEP][PASSED] - Statement - counter = counter + 1: null

2018-12-14 01:36:47 - [TEST_STEP][PASSED] - Statement - PreSaveFile = new java.io.File(((pathPrefix + java.lang.Integer.toString(counter)) + .png)): null

2018-12-14 01:36:47 - [TEST_STEP][PASSED] - Statement - counter = counter + 1: null

2018-12-14 01:36:47 - [TEST_STEP][PASSED] - Statement - PreSaveFile = new java.io.File(((pathPrefix + java.lang.Integer.toString(counter)) + .png)): null

2018-12-14 01:36:47 - [TEST_STEP][PASSED] - Statement - counter = counter + 1: null

2018-12-14 01:36:47 - [TEST_STEP][PASSED] - Statement - PreSaveFile = new java.io.File(((pathPrefix + java.lang.Integer.toString(counter)) + .png)): null

2018-12-14 01:36:47 - [TEST_STEP][PASSED] - Statement - counter = counter + 1: null

2018-12-14 01:36:47 - [TEST_STEP][PASSED] - Statement - PreSaveFile = new java.io.File(((pathPrefix + java.lang.Integer.toString(counter)) + .png)): null

2018-12-14 01:36:47 - [TEST_STEP][PASSED] - Statement - counter = counter + 1: null

2018-12-14 01:36:47 - [TEST_STEP][PASSED] - Statement - PreSaveFile = new java.io.File(((pathPrefix + java.lang.Integer.toString(counter)) + .png)): null

2018-12-14 01:36:47 - [TEST_STEP][PASSED] - Statement - counter = counter + 1: null

2018-12-14 01:36:47 - [TEST_STEP][PASSED] - Statement - PreSaveFile = new java.io.File(((pathPrefix + java.lang.Integer.toString(counter)) + .png)): null

2018-12-14 01:36:47 - [TEST_STEP][PASSED] - Statement - counter = counter + 1: null

2018-12-14 01:36:47 - [TEST_STEP][PASSED] - Statement - PreSaveFile = new java.io.File(((pathPrefix + java.lang.Integer.toString(counter)) + .png)): null

2018-12-14 01:36:47 - [TEST_STEP][PASSED] - Statement - counter = counter + 1: null

2018-12-14 01:36:47 - [TEST_STEP][PASSED] - Statement - PreSaveFile = new java.io.File(((pathPrefix + java.lang.Integer.toString(counter)) + .png)): null

2018-12-14 01:36:47 - [TEST_STEP][PASSED] - Statement - counter = counter + 1: null

2018-12-14 01:36:47 - [TEST_STEP][PASSED] - Statement - PreSaveFile = new java.io.File(((pathPrefix + java.lang.Integer.toString(counter)) + .png)): null

2018-12-14 01:36:47 - [TEST_STEP][PASSED] - Statement - counter = counter + 1: null

2018-12-14 01:36:47 - [TEST_STEP][PASSED] - Statement - PreSaveFile = new java.io.File(((pathPrefix + java.lang.Integer.toString(counter)) + .png)): null

2018-12-14 01:36:47 - [TEST_STEP][PASSED] - Statement - counter = counter + 1: null

2018-12-14 01:36:47 - [TEST_STEP][PASSED] - Statement - PreSaveFile = new java.io.File(((pathPrefix + java.lang.Integer.toString(counter)) + .png)): null

2018-12-14 01:36:47 - [TEST_STEP][PASSED] - Statement - counter = counter + 1: null

2018-12-14 01:36:47 - [TEST_STEP][PASSED] - Statement - PreSaveFile = new java.io.File(((pathPrefix + java.lang.Integer.toString(counter)) + .png)): null

2018-12-14 01:36:47 - [TEST_STEP][PASSED] - Statement - counter = counter + 1: null

2018-12-14 01:36:47 - [TEST_STEP][PASSED] - Statement - PreSaveFile = new java.io.File(((pathPrefix + java.lang.Integer.toString(counter)) + .png)): null

2018-12-14 01:36:47 - [TEST_STEP][PASSED] - Statement - counter = counter + 1: null

2018-12-14 01:36:47 - [TEST_STEP][PASSED] - Statement - PreSaveFile = new java.io.File(((pathPrefix + java.lang.Integer.toString(counter)) + .png)): null

2018-12-14 01:36:47 - [TEST_STEP][PASSED] - Statement - counter = counter + 1: null

2018-12-14 01:36:47 - [TEST_STEP][PASSED] - Statement - PreSaveFile = new java.io.File(((pathPrefix + java.lang.Integer.toString(counter)) + .png)): null

2018-12-14 01:36:47 - [TEST_STEP][PASSED] - Statement - counter = counter + 1: null

2018-12-14 01:36:47 - [TEST_STEP][PASSED] - Statement - PreSaveFile = new java.io.File(((pathPrefix + java.lang.Integer.toString(counter)) + .png)): null

2018-12-14 01:36:47 - [TEST_STEP][PASSED] - Statement - counter = counter + 1: null

2018-12-14 01:36:47 - [TEST_STEP][PASSED] - Statement - PreSaveFile = new java.io.File(((pathPrefix + java.lang.Integer.toString(counter)) + .png)): null

2018-12-14 01:36:47 - [TEST_STEP][PASSED] - Statement - counter = counter + 1: null

2018-12-14 01:36:47 - [TEST_STEP][PASSED] - Statement - PreSaveFile = new java.io.File(((pathPrefix + java.lang.Integer.toString(counter)) + .png)): null

2018-12-14 01:36:47 - [TEST_STEP][PASSED] - Statement - counter = counter + 1: null

2018-12-14 01:36:47 - [TEST_STEP][PASSED] - Statement - PreSaveFile = new java.io.File(((pathPrefix + java.lang.Integer.toString(counter)) + .png)): null

2018-12-14 01:36:47 - [TEST_STEP][PASSED] - Statement - counter = counter + 1: null

2018-12-14 01:36:47 - [TEST_STEP][PASSED] - Statement - PreSaveFile = new java.io.File(((pathPrefix + java.lang.Integer.toString(counter)) + .png)): null

2018-12-14 01:36:47 - [TEST_STEP][PASSED] - Statement - counter = counter + 1: null

2018-12-14 01:36:47 - [TEST_STEP][PASSED] - Statement - PreSaveFile = new java.io.File(((pathPrefix + java.lang.Integer.toString(counter)) + .png)): null

2018-12-14 01:36:47 - [TEST_STEP][PASSED] - Statement - counter = counter + 1: null

2018-12-14 01:36:47 - [TEST_STEP][PASSED] - Statement - PreSaveFile = new java.io.File(((pathPrefix + java.lang.Integer.toString(counter)) + .png)): null

2018-12-14 01:36:47 - [TEST_STEP][PASSED] - Statement - counter = counter + 1: null

2018-12-14 01:36:47 - [TEST_STEP][PASSED] - Statement - PreSaveFile = new java.io.File(((pathPrefix + java.lang.Integer.toString(counter)) + .png)): null

2018-12-14 01:36:47 - [TEST_STEP][PASSED] - Statement - counter = counter + 1: null

2018-12-14 01:36:47 - [TEST_STEP][PASSED] - Statement - PreSaveFile = new java.io.File(((pathPrefix + java.lang.Integer.toString(counter)) + .png)): null

2018-12-14 01:36:47 - [TEST_STEP][PASSED] - Statement - counter = counter + 1: null

2018-12-14 01:36:47 - [TEST_STEP][PASSED] - Statement - PreSaveFile = new java.io.File(((pathPrefix + java.lang.Integer.toString(counter)) + .png)): null

2018-12-14 01:36:47 - [TEST_STEP][PASSED] - Statement - counter = counter + 1: null

2018-12-14 01:36:47 - [TEST_STEP][PASSED] - Statement - PreSaveFile = new java.io.File(((pathPrefix + java.lang.Integer.toString(counter)) + .png)): null

2018-12-14 01:36:47 - [TEST_STEP][PASSED] - Statement - counter = counter + 1: null

2018-12-14 01:36:47 - [TEST_STEP][PASSED] - Statement - PreSaveFile = new java.io.File(((pathPrefix + java.lang.Integer.toString(counter)) + .png)): null

2018-12-14 01:36:47 - [TEST_STEP][PASSED] - Statement - finalPath = pathPrefix + java.lang.Integer.toString(counter) + ".png": null

2018-12-14 01:36:47 - [TEST_STEP][PASSED] - Statement - SaveFile = new java.io.File(finalPath): null

2018-12-14 01:36:47 - [TEST_STEP][PASSED] - Statement - Try: null

2018-12-14 01:36:47 - [TEST_STEP][PASSED] - Statement - org.apache.commons.io.FileUtils.copyFile(scrFile, SaveFile): null

2018-12-14 01:36:47 - [TEST_STEP][PASSED] - Statement - out.println("file kept"): null

2018-12-14 01:36:47 - [TEST_STEP][PASSED] - delay: Delayed 10 second(s)

2018-12-14 01:36:57 - [MESSAGE][PASSED] - Delayed 10 second(s)

2018-12-14 01:36:57 - [MESSAGE][PASSED] - Call Test Case 'Test Cases/Final Aug 2018 - PKS Automation/Common/Screenshoting tool' successfully

2018-12-14 01:36:57 - [TEST_STEP][PASSED] - callTestCase: Call Test Case 'Test Cases/Final Aug 2018 - PKS Automation/Registration Module/Log Out/log out avoiding katalon tagging' successfully

2018-12-14 01:36:57 - [TEST_CASE][PASSED] - Test Cases/Final Aug 2018 - PKS Automation/Registration Module/Log Out/log out avoiding katalon tagging: Test Cases/Final Aug 2018 - PKS Automation/Registration Module/Log Out/log out avoiding katalon tagging

2018-12-14 01:36:57 - [TEST_STEP][PASSED] - navigateToUrl: Navigate to 'https://assist2-uat.perkeso.gov.my/c/portal/logout' successfully

2018-12-14 01:36:58 - [MESSAGE][PASSED] - Navigate to 'https://assist2-uat.perkeso.gov.my/c/portal/logout' successfully

2018-12-14 01:36:58 - [MESSAGE][PASSED] - Call Test Case 'Test Cases/Final Aug 2018 - PKS Automation/Registration Module/Log Out/log out avoiding katalon tagging' successfully

2018-12-14 01:36:58 - [TEST_STEP][PASSED] - callTestCase: Call Test Case 'Test Cases/Final Aug 2018 - PKS Automation/Common/Workflow Owner Finder' successfully

2018-12-14 01:36:58 - [TEST_CASE][PASSED] - Test Cases/Final Aug 2018 - PKS Automation/Common/Workflow Owner Finder: Test Cases/Final Aug 2018 - PKS Automation/Common/Workflow Owner Finder

2018-12-14 01:36:58 - [TEST_STEP][PASSED] - openBrowser: Browser is opened with url: ''

2018-12-14 01:36:58 - [MESSAGE][WARNING] - A browser is already opened. Closing browser and opening a new one

2018-12-14 01:37:02 - [MESSAGE][PASSED] - Browser is opened with url: ''

2018-12-14 01:37:02 - [TEST_STEP][PASSED] - navigateToUrl: Navigate to 'https://assist2-uat.perkeso.gov.my/login' successfully

2018-12-14 01:37:03 - [MESSAGE][PASSED] - Navigate to 'https://assist2-uat.perkeso.gov.my/login' successfully

2018-12-14 01:37:03 - [TEST_STEP][PASSED] - delay: Delayed 5 second(s)

2018-12-14 01:37:08 - [MESSAGE][PASSED] - Delayed 5 second(s)

2018-12-14 01:37:08 - [TEST_STEP][PASSED] - setText: Text 'test@liferay.com' is set on object 'Object Repository/Final Object Repo/Login Page/Internal User/Email Address'

2018-12-14 01:37:09 - [MESSAGE][PASSED] - Text 'test@liferay.com' is set on object 'Object Repository/Final Object Repo/Login Page/Internal User/Email Address'

2018-12-14 01:37:09 - [TEST_STEP][PASSED] - click: Object: 'Object Repository/Final Object Repo/Login Page/Internal User/Next Button' is clicked on

2018-12-14 01:37:09 - [MESSAGE][PASSED] - Object: 'Object Repository/Final Object Repo/Login Page/Internal User/Next Button' is clicked on

2018-12-14 01:37:09 - [TEST_STEP][PASSED] - delay: Delayed 2 second(s)

2018-12-14 01:37:11 - [MESSAGE][PASSED] - Delayed 2 second(s)

2018-12-14 01:37:11 - [TEST_STEP][PASSED] - setText: Text 'test' is set on object 'Object Repository/Final Object Repo/Login Page/Internal User/Password'

2018-12-14 01:37:11 - [MESSAGE][PASSED] - Text 'test' is set on object 'Object Repository/Final Object Repo/Login Page/Internal User/Password'

2018-12-14 01:37:11 - [TEST_STEP][PASSED] - delay: Delayed 2 second(s)

2018-12-14 01:37:13 - [MESSAGE][PASSED] - Delayed 2 second(s)

2018-12-14 01:37:13 - [TEST_STEP][PASSED] - click: Object: 'Object Repository/Final Object Repo/Login Page/Internal User/Login Button' is clicked on

2018-12-14 01:37:13 - [MESSAGE][PASSED] - Object: 'Object Repository/Final Object Repo/Login Page/Internal User/Login Button' is clicked on

2018-12-14 01:37:13 - [TEST_STEP][PASSED] - Statement - tester = com.kms.katalon.core.testobject.ObjectRepository.findTestObject(Final Object Repo/Landing Page/Select to English): Finding Test Object with id 'Object Repository/Final Object Repo/Landing Page/Select to English'

2018-12-14 01:37:13 - [TEST_STEP][PASSED] - Statement - Try: Delayed 2 second(s)

2018-12-14 01:37:13 - [TEST_STEP][PASSED] - Statement - Checker = com.kms.katalon.core.webui.keyword.WebUiBuiltInKeywords.verifyElementNotPresent(tester, 3): Web element with id: 'Object Repository/Final Object Repo/Landing Page/Select to English' located by 'By.xpath: //a[@class = 'taglib-language-list-text' and @lang = 'en-US' and (contains(text(), 'EN') or contains(., 'EN'))]' is not present after '3' second(s)

2018-12-14 01:37:15 - [MESSAGE][PASSED] - Web element with id: 'Object Repository/Final Object Repo/Landing Page/Select to English' located by 'By.xpath: //a[@class = 'taglib-language-list-text' and @lang = 'en-US' and (contains(text(), 'EN') or contains(., 'EN'))]' is not present after '3' second(s)

2018-12-14 01:37:15 - [TEST_STEP][PASSED] - Statement - If (Checker == false): null

2018-12-14 01:37:15 - [TEST_STEP][PASSED] - delay: Delayed 2 second(s)

2018-12-14 01:37:17 - [MESSAGE][PASSED] - Delayed 2 second(s)

2018-12-14 01:37:17 - [TEST_STEP][PASSED] - delay: Delayed 5 second(s)

2018-12-14 01:37:22 - [MESSAGE][PASSED] - Delayed 5 second(s)

2018-12-14 01:37:22 - [TEST_STEP][PASSED] - mouseOver: Object: 'Object Repository/Final Object Repo/Landing Page/WorkFlow Menu' is hovered

2018-12-14 01:37:22 - [MESSAGE][PASSED] - Object: 'Object Repository/Final Object Repo/Landing Page/WorkFlow Menu' is hovered

2018-12-14 01:37:22 - [TEST_STEP][PASSED] - delay: Delayed 2 second(s)

2018-12-14 01:37:24 - [MESSAGE][PASSED] - Delayed 2 second(s)

2018-12-14 01:37:24 - [TEST_STEP][PASSED] - click: Object: 'Object Repository/Final Object Repo/Landing Page/Select to Workflow Listing' is clicked on

2018-12-14 01:37:25 - [MESSAGE][PASSED] - Object: 'Object Repository/Final Object Repo/Landing Page/Select to Workflow Listing' is clicked on

2018-12-14 01:37:25 - [TEST_STEP][PASSED] - delay: Delayed 2 second(s)

2018-12-14 01:37:27 - [MESSAGE][PASSED] - Delayed 2 second(s)

2018-12-14 01:37:27 - [TEST_STEP][PASSED] - click: Object: 'Object Repository/Final Object Repo/WorkFlow Listing Page/Search Information - To Put Ref No' is clicked on

2018-12-14 01:37:27 - [MESSAGE][PASSED] - Object: 'Object Repository/Final Object Repo/WorkFlow Listing Page/Search Information - To Put Ref No' is clicked on

2018-12-14 01:37:27 - [TEST_STEP][PASSED] - delay: Delayed 2 second(s)

2018-12-14 01:37:29 - [MESSAGE][PASSED] - Delayed 2 second(s)

2018-12-14 01:37:29 - [TEST_STEP][PASSED] - callTestCase: Call Test Case 'Test Cases/Final Aug 2018 - PKS Automation/Common/Reference Number Getter' successfully

2018-12-14 01:37:30 - [TEST_CASE][PASSED] - Test Cases/Final Aug 2018 - PKS Automation/Common/Reference Number Getter: Test Cases/Final Aug 2018 - PKS Automation/Common/Reference Number Getter

2018-12-14 01:37:30 - [TEST_STEP][PASSED] - Statement - Try: null

2018-12-14 01:37:30 - [TEST_STEP][PASSED] - Statement - RefNo = new java.io.File(C://Users//Admin//Desktop//PKS//Automation Reference Point//KatalonReference.txt): null

2018-12-14 01:37:30 - [TEST_STEP][PASSED] - Statement - bufferread = new java.io.BufferedReader(new java.io.FileReader(RefNo)): null

2018-12-14 01:37:30 - [TEST_STEP][PASSED] - Statement - readedVal = bufferread.readLine(): null

2018-12-14 01:37:30 - [TEST_STEP][PASSED] - Statement - out.println(CaseReferenceNo): null

2018-12-14 01:37:30 - [TEST_STEP][PASSED] - Statement - out.println(readedVal): null

2018-12-14 01:37:30 - [TEST_STEP][PASSED] - Statement - CaseReferenceNo = "": null

2018-12-14 01:37:30 - [TEST_STEP][PASSED] - Statement - CaseReferenceNo = readedVal: null

2018-12-14 01:37:30 - [MESSAGE][PASSED] - Call Test Case 'Test Cases/Final Aug 2018 - PKS Automation/Common/Reference Number Getter' successfully

2018-12-14 01:37:30 - [TEST_STEP][PASSED] - setText: Text 'CAN12201800002352' is set on object 'Object Repository/Final Object Repo/WorkFlow Listing Page/Ref No Set Text'

2018-12-14 01:37:30 - [MESSAGE][PASSED] - Text 'CAN12201800002352' is set on object 'Object Repository/Final Object Repo/WorkFlow Listing Page/Ref No Set Text'

2018-12-14 01:37:30 - [TEST_STEP][PASSED] - delay: Delayed 2 second(s)

2018-12-14 01:37:32 - [MESSAGE][PASSED] - Delayed 2 second(s)

2018-12-14 01:37:32 - [TEST_STEP][PASSED] - click: Object: 'Object Repository/Final Object Repo/WorkFlow Listing Page/Search Ref No Search Button' is clicked on

2018-12-14 01:37:32 - [MESSAGE][PASSED] - Object: 'Object Repository/Final Object Repo/WorkFlow Listing Page/Search Ref No Search Button' is clicked on

2018-12-14 01:37:32 - [TEST_STEP][PASSED] - delay: Delayed 6 second(s)

2018-12-14 01:37:38 - [MESSAGE][PASSED] - Delayed 6 second(s)

2018-12-14 01:37:38 - [TEST_STEP][PASSED] - click: Object: 'Object Repository/Final Object Repo/WorkFlow Listing Page/Click Continue Tooltip' is clicked on

2018-12-14 01:37:39 - [MESSAGE][PASSED] - Object: 'Object Repository/Final Object Repo/WorkFlow Listing Page/Click Continue Tooltip' is clicked on

2018-12-14 01:37:39 - [TEST_STEP][PASSED] - delay: Delayed 5 second(s)

2018-12-14 01:37:44 - [MESSAGE][PASSED] - Delayed 5 second(s)

2018-12-14 01:37:44 - [TEST_STEP][PASSED] - doubleClick: Object: 'Object Repository/Final Object Repo/WorkFlow Listing Page/Workflow Found - Listing 1' is double clicked on

2018-12-14 01:37:44 - [MESSAGE][PASSED] - Object: 'Object Repository/Final Object Repo/WorkFlow Listing Page/Workflow Found - Listing 1' is double clicked on

2018-12-14 01:37:44 - [TEST_STEP][PASSED] - Statement - println(OwnerID): null

2018-12-14 01:37:44 - [TEST_STEP][PASSED] - Statement - OwnerID = com.kms.katalon.core.webui.keyword.WebUiBuiltInKeywords.getText(com.kms.katalon.core.testobject.ObjectRepository.findTestObject(Final Object Repo/WorkFlow Listing Page/Workflow Found - Listing 1), STOP_ON_FAILURE): Text of object 'Object Repository/Final Object Repo/WorkFlow Listing Page/Workflow Found - Listing 1' is: 'JOHORro3'

2018-12-14 01:37:44 - [MESSAGE][PASSED] - Text of object 'Object Repository/Final Object Repo/WorkFlow Listing Page/Workflow Found - Listing 1' is: 'JOHORro3'

2018-12-14 01:37:44 - [TEST_STEP][PASSED] - Statement - OwnerID = OwnerID.toLowerCase() + "@gmail.com": null

2018-12-14 01:37:44 - [TEST_STEP][PASSED] - Statement - println(OwnerID): null

2018-12-14 01:37:44 - [TEST_STEP][PASSED] - delay: Delayed 2 second(s)

2018-12-14 01:37:46 - [MESSAGE][PASSED] - Delayed 2 second(s)

2018-12-14 01:37:46 - [MESSAGE][PASSED] - Call Test Case 'Test Cases/Final Aug 2018 - PKS Automation/Common/Workflow Owner Finder' successfully

2018-12-14 01:37:46 - [TEST_STEP][PASSED] - callTestCase: Call Test Case 'Test Cases/Final Aug 2018 - PKS Automation/Registration Module/Log Out/log out avoiding katalon tagging' successfully

2018-12-14 01:37:46 - [TEST_CASE][PASSED] - Test Cases/Final Aug 2018 - PKS Automation/Registration Module/Log Out/log out avoiding katalon tagging: Test Cases/Final Aug 2018 - PKS Automation/Registration Module/Log Out/log out avoiding katalon tagging

2018-12-14 01:37:46 - [TEST_STEP][PASSED] - navigateToUrl: Navigate to 'https://assist2-uat.perkeso.gov.my/c/portal/logout' successfully

2018-12-14 01:37:47 - [MESSAGE][PASSED] - Navigate to 'https://assist2-uat.perkeso.gov.my/c/portal/logout' successfully

2018-12-14 01:37:47 - [MESSAGE][PASSED] - Call Test Case 'Test Cases/Final Aug 2018 - PKS Automation/Registration Module/Log Out/log out avoiding katalon tagging' successfully

2018-12-14 01:37:47 - [TEST_STEP][PASSED] - delay: Delayed 2 second(s)

2018-12-14 01:37:49 - [MESSAGE][PASSED] - Delayed 2 second(s)

2018-12-14 01:37:49 - [TEST_STEP][PASSED] - setText: Text 'johorro3@gmail.com' is set on object 'Object Repository/Final Object Repo/Page_Update Add New Employee - ASSIST/Email TextBox'

2018-12-14 01:37:49 - [MESSAGE][PASSED] - Text 'johorro3@gmail.com' is set on object 'Object Repository/Final Object Repo/Page_Update Add New Employee - ASSIST/Email TextBox'

2018-12-14 01:37:49 - [TEST_STEP][PASSED] - click: Object: 'Object Repository/Final Object Repo/Page_Update Add New Employee - ASSIST/Next Button' is clicked on

2018-12-14 01:37:49 - [MESSAGE][PASSED] - Object: 'Object Repository/Final Object Repo/Page_Update Add New Employee - ASSIST/Next Button' is clicked on

2018-12-14 01:37:49 - [TEST_STEP][PASSED] - delay: Delayed 2 second(s)

2018-12-14 01:37:51 - [MESSAGE][PASSED] - Delayed 2 second(s)

2018-12-14 01:37:51 - [TEST_STEP][PASSED] - setText: Text 'Test1@3456789' is set on object 'Object Repository/Final Object Repo/Page_Update Add New Employee - ASSIST/Password TextBox'

2018-12-14 01:37:52 - [MESSAGE][PASSED] - Text 'Test1@3456789' is set on object 'Object Repository/Final Object Repo/Page_Update Add New Employee - ASSIST/Password TextBox'

2018-12-14 01:37:52 - [TEST_STEP][PASSED] - delay: Delayed 2 second(s)

2018-12-14 01:37:54 - [MESSAGE][PASSED] - Delayed 2 second(s)

2018-12-14 01:37:54 - [TEST_STEP][PASSED] - click: Object: 'Object Repository/Final Object Repo/Page_Update Add New Employee - ASSIST/Login Button' is clicked on

2018-12-14 01:37:54 - [MESSAGE][PASSED] - Object: 'Object Repository/Final Object Repo/Page_Update Add New Employee - ASSIST/Login Button' is clicked on

2018-12-14 01:37:54 - [TEST_STEP][PASSED] - delay: Delayed 4 second(s)

2018-12-14 01:37:58 - [MESSAGE][PASSED] - Delayed 4 second(s)

2018-12-14 01:37:58 - [TEST_STEP][PASSED] - Statement - Try: Delayed 2 second(s)

2018-12-14 01:37:58 - [TEST_STEP][PASSED] - Statement - Checker = false: null

2018-12-14 01:37:58 - [TEST_STEP][PASSED] - Statement - Checker = com.kms.katalon.core.webui.keyword.WebUiBuiltInKeywords.verifyElementHasAttribute(com.kms.katalon.core.testobject.ObjectRepository.findTestObject(Final Object Repo/Landing Page/BM Detecting), "href", 20, OPTIONAL): Object 'Object Repository/Final Object Repo/Landing Page/BM Detecting' has attribute 'href'

2018-12-14 01:37:58 - [MESSAGE][PASSED] - Object 'Object Repository/Final Object Repo/Landing Page/BM Detecting' has attribute 'href'

2018-12-14 01:37:58 - [TEST_STEP][PASSED] - Statement - out.println(Checker): null

2018-12-14 01:37:58 - [TEST_STEP][PASSED] - Statement - If (Checker == false): null

2018-12-14 01:37:58 - [TEST_STEP][PASSED] - Statement - Else: null

2018-12-14 01:37:58 - [TEST_STEP][PASSED] - delay: Delayed 2 second(s)

2018-12-14 01:38:00 - [MESSAGE][PASSED] - Delayed 2 second(s)

2018-12-14 01:38:00 - [TEST_STEP][PASSED] - delay: Delayed 4 second(s)

2018-12-14 01:38:04 - [MESSAGE][PASSED] - Delayed 4 second(s)

2018-12-14 01:38:04 - [TEST_STEP][PASSED] - click: Object: 'Object Repository/Final Object Repo/New Registration - Registration Module Pages/New Reg - OTC to RO/Special Case - All Related Objects/Expand to Search' is clicked on

2018-12-14 01:38:04 - [MESSAGE][PASSED] - Object: 'Object Repository/Final Object Repo/New Registration - Registration Module Pages/New Reg - OTC to RO/Special Case - All Related Objects/Expand to Search' is clicked on

2018-12-14 01:38:04 - [TEST_STEP][FAILED] - setText: Unable to set text 'CAN12201800002352' of object 'Object Repository/Final Object Repo/New Registration - Registration Module Pages/New Reg - OTC to RO/Special Case - All Related Objects/TextBox RefNo in Workbasket' (Root cause: org.openqa.selenium.ElementNotVisibleException: element not interactable
  (Session info: chrome=70.0.3538.110)
  (Driver info: chromedriver=2.43.600210 (68dcf5eebde37173d4027fa8635e332711d2874a),platform=Windows NT 6.1.7601 SP1 x86_64) (WARNING: The server did not provide any stacktrace information)
Command duration or timeout: 0 milliseconds
Build info: version: '3.7.1', revision: '8a0099a', time: '2017-11-06T21:07:36.161Z'
System info: host: 'WIN7TEST02', ip: '10.20.3.72', os.name: 'Windows 7', os.arch: 'amd64', os.version: '6.1', java.version: '1.8.0_181'
Driver info: com.kms.katalon.selenium.driver.CChromeDriver
Capabilities {acceptInsecureCerts: false, acceptSslCerts: false, applicationCacheEnabled: false, browserConnectionEnabled: false, browserName: chrome, chrome: {chromedriverVersion: 2.43.600210 (68dcf5eebde371..., userDataDir: C:\Users\Admin\AppData\Loca...}, cssSelectorsEnabled: true, databaseEnabled: false, goog:chromeOptions: {debuggerAddress: localhost:63859}, handlesAlerts: true, hasTouchScreen: false, javascriptEnabled: true, locationContextEnabled: true, mobileEmulationEnabled: false, nativeEvents: true, networkConnectionEnabled: false, pageLoadStrategy: normal, platform: XP, platformName: XP, rotatable: false, setWindowRect: true, takesHeapSnapshot: true, takesScreenshot: true, unexpectedAlertBehaviour: , unhandledPromptBehavior: , version: 70.0.3538.110, webStorageEnabled: true}
Session ID: f36e03365a9439ec7945cfc60cce6307)

2018-12-14 01:38:05 - [MESSAGE][FAILED] - Unable to set text 'CAN12201800002352' of object 'Object Repository/Final Object Repo/New Registration - Registration Module Pages/New Reg - OTC to RO/Special Case - All Related Objects/TextBox RefNo in Workbasket' (Root cause: org.openqa.selenium.ElementNotVisibleException: element not interactable
  (Session info: chrome=70.0.3538.110)
  (Driver info: chromedriver=2.43.600210 (68dcf5eebde37173d4027fa8635e332711d2874a),platform=Windows NT 6.1.7601 SP1 x86_64) (WARNING: The server did not provide any stacktrace information)
Command duration or timeout: 0 milliseconds
Build info: version: '3.7.1', revision: '8a0099a', time: '2017-11-06T21:07:36.161Z'
System info: host: 'WIN7TEST02', ip: '10.20.3.72', os.name: 'Windows 7', os.arch: 'amd64', os.version: '6.1', java.version: '1.8.0_181'
Driver info: com.kms.katalon.selenium.driver.CChromeDriver
Capabilities {acceptInsecureCerts: false, acceptSslCerts: false, applicationCacheEnabled: false, browserConnectionEnabled: false, browserName: chrome, chrome: {chromedriverVersion: 2.43.600210 (68dcf5eebde371..., userDataDir: C:\Users\Admin\AppData\Loca...}, cssSelectorsEnabled: true, databaseEnabled: false, goog:chromeOptions: {debuggerAddress: localhost:63859}, handlesAlerts: true, hasTouchScreen: false, javascriptEnabled: true, locationContextEnabled: true, mobileEmulationEnabled: false, nativeEvents: true, networkConnectionEnabled: false, pageLoadStrategy: normal, platform: XP, platformName: XP, rotatable: false, setWindowRect: true, takesHeapSnapshot: true, takesScreenshot: true, unexpectedAlertBehaviour: , unhandledPromptBehavior: , version: 70.0.3538.110, webStorageEnabled: true}
Session ID: f36e03365a9439ec7945cfc60cce6307)
[[ATTACHMENT|C:\\Users\\Admin\\Desktop\\PKS\\Perkeso Phase A\\Reports\\Workflow\\Update Add New Employee\\20181213_225844\\1544722684708.png]]

2018-12-14 01:38:05 - [TEST_STEP][PASSED] - delay: Delayed 2 second(s)

2018-12-14 01:38:07 - [MESSAGE][PASSED] - Delayed 2 second(s)

2018-12-14 01:38:07 - [TEST_STEP][PASSED] - click: Object: 'Object Repository/Final Object Repo/New Registration - Registration Module Pages/New Reg - OTC to RO/Special Case - All Related Objects/Click Search' is clicked on

2018-12-14 01:38:07 - [MESSAGE][PASSED] - Object: 'Object Repository/Final Object Repo/New Registration - Registration Module Pages/New Reg - OTC to RO/Special Case - All Related Objects/Click Search' is clicked on

2018-12-14 01:38:07 - [TEST_STEP][PASSED] - delay: Delayed 2 second(s)

2018-12-14 01:38:09 - [MESSAGE][PASSED] - Delayed 2 second(s)

2018-12-14 01:38:09 - [TEST_STEP][PASSED] - click: Object: 'Object Repository/Final Object Repo/New Registration - Registration Module Pages/New Reg - OTC to RO/Special Case - All Related Objects/Click to Continue Workflow' is clicked on

2018-12-14 01:38:13 - [MESSAGE][PASSED] - Object: 'Object Repository/Final Object Repo/New Registration - Registration Module Pages/New Reg - OTC to RO/Special Case - All Related Objects/Click to Continue Workflow' is clicked on

2018-12-14 01:38:13 - [TEST_STEP][PASSED] - delay: Delayed 10 second(s)

2018-12-14 01:38:23 - [MESSAGE][PASSED] - Delayed 10 second(s)

2018-12-14 01:38:23 - [TEST_STEP][PASSED] - click: Object: 'Object Repository/Final Object Repo/New Registration - Registration Module Pages/New Reg - OTC to RO/Special Case - All Related Objects/Continue Button in verifying case' is clicked on

2018-12-14 01:38:26 - [MESSAGE][PASSED] - Object: 'Object Repository/Final Object Repo/New Registration - Registration Module Pages/New Reg - OTC to RO/Special Case - All Related Objects/Continue Button in verifying case' is clicked on

2018-12-14 01:38:26 - [TEST_STEP][PASSED] - delay: Delayed 2 second(s)

2018-12-14 01:38:28 - [MESSAGE][PASSED] - Delayed 2 second(s)

2018-12-14 01:38:28 - [TEST_STEP][PASSED] - click: Object: 'Object Repository/Final Object Repo/Page_Update Add New Employee - ASSIST/Save  Continue Button' is clicked on

2018-12-14 01:38:28 - [MESSAGE][PASSED] - Object: 'Object Repository/Final Object Repo/Page_Update Add New Employee - ASSIST/Save  Continue Button' is clicked on

2018-12-14 01:38:28 - [TEST_STEP][PASSED] - delay: Delayed 4 second(s)

2018-12-14 01:38:32 - [MESSAGE][PASSED] - Delayed 4 second(s)

2018-12-14 01:38:32 - [TEST_STEP][PASSED] - click: Object: 'Object Repository/Final Object Repo/Page_Update Add New Employee - ASSIST/Save  Continue Third Screen' is clicked on

2018-12-14 01:38:36 - [MESSAGE][PASSED] - Object: 'Object Repository/Final Object Repo/Page_Update Add New Employee - ASSIST/Save  Continue Third Screen' is clicked on

2018-12-14 01:38:36 - [TEST_STEP][PASSED] - delay: Delayed 4 second(s)

2018-12-14 01:38:40 - [MESSAGE][PASSED] - Delayed 4 second(s)

2018-12-14 01:38:40 - [TEST_STEP][PASSED] - click: Object: 'Object Repository/Final Object Repo/Page_Update Add New Employee - ASSIST/Save   Continue Supporting Doc Page' is clicked on

2018-12-14 01:38:40 - [MESSAGE][PASSED] - Object: 'Object Repository/Final Object Repo/Page_Update Add New Employee - ASSIST/Save   Continue Supporting Doc Page' is clicked on

2018-12-14 01:38:40 - [TEST_STEP][PASSED] - delay: Delayed 4 second(s)

2018-12-14 01:38:44 - [MESSAGE][PASSED] - Delayed 4 second(s)

2018-12-14 01:38:44 - [TEST_STEP][PASSED] - click: Object: 'Object Repository/Final Object Repo/Page_Update Add New Employee - ASSIST/Submit Button' is clicked on

2018-12-14 01:38:44 - [MESSAGE][PASSED] - Object: 'Object Repository/Final Object Repo/Page_Update Add New Employee - ASSIST/Submit Button' is clicked on

2018-12-14 01:38:44 - [TEST_STEP][PASSED] - delay: Delayed 4 second(s)

2018-12-14 01:38:48 - [MESSAGE][PASSED] - Delayed 4 second(s)

2018-12-14 01:38:48 - [TEST_STEP][PASSED] - click: Object: 'Object Repository/Final Object Repo/Page_Update Add New Employee - ASSIST/Confirm Submit Button' is clicked on

2018-12-14 01:38:48 - [MESSAGE][PASSED] - Object: 'Object Repository/Final Object Repo/Page_Update Add New Employee - ASSIST/Confirm Submit Button' is clicked on

2018-12-14 01:38:48 - [TEST_STEP][PASSED] - delay: Delayed 30 second(s)

2018-12-14 01:39:18 - [MESSAGE][PASSED] - Delayed 30 second(s)

2018-12-14 01:39:18 - [TEST_STEP][PASSED] - callTestCase: Call Test Case 'Test Cases/Final Aug 2018 - PKS Automation/Common/Screenshoting tool' successfully

2018-12-14 01:39:18 - [TEST_CASE][PASSED] - Test Cases/Final Aug 2018 - PKS Automation/Common/Screenshoting tool: Test Cases/Final Aug 2018 - PKS Automation/Common/Screenshoting tool

2018-12-14 01:39:18 - [TEST_STEP][PASSED] - delay: Delayed 15 second(s)

2018-12-14 01:39:33 - [MESSAGE][PASSED] - Delayed 15 second(s)

2018-12-14 01:39:33 - [TEST_STEP][PASSED] - Statement - driver = com.kms.katalon.core.webui.driver.DriverFactory.getWebDriver(): null

2018-12-14 01:39:33 - [TEST_STEP][PASSED] - Statement - driver.manage().timeouts().implicitlyWait(10, SECONDS): null

2018-12-14 01:39:33 - [TEST_STEP][PASSED] - Statement - PresavePath = KatalonScreenshots: null

2018-12-14 01:39:33 - [TEST_STEP][PASSED] - Statement - pathPrefix = "C:\Users\Public\Pictures\Sample Pictures\Katalon Screenshots\Automate Ending Screen": null

2018-12-14 01:39:33 - [TEST_STEP][PASSED] - Statement - finalPath = <not implemented yet for class: org.codehaus.groovy.ast.expr.EmptyExpression>: null

2018-12-14 01:39:33 - [TEST_STEP][PASSED] - Statement - scrFile = driver.getScreenshotAs(FILE): null

2018-12-14 01:39:33 - [TEST_STEP][PASSED] - Statement - PreSaveFile = new java.io.File(PresavePath): null

2018-12-14 01:39:33 - [TEST_STEP][PASSED] - Statement - counter = 0: null

2018-12-14 01:39:33 - [TEST_STEP][PASSED] - Statement - If (PreSaveFile.exists()): null

2018-12-14 01:39:33 - [TEST_STEP][PASSED] - Statement - While (PreSaveFile.exists()): null

2018-12-14 01:39:33 - [TEST_STEP][PASSED] - Statement - counter = counter + 1: null

2018-12-14 01:39:33 - [TEST_STEP][PASSED] - Statement - PreSaveFile = new java.io.File(((pathPrefix + java.lang.Integer.toString(counter)) + .png)): null

2018-12-14 01:39:33 - [TEST_STEP][PASSED] - Statement - counter = counter + 1: null

2018-12-14 01:39:33 - [TEST_STEP][PASSED] - Statement - PreSaveFile = new java.io.File(((pathPrefix + java.lang.Integer.toString(counter)) + .png)): null

2018-12-14 01:39:33 - [TEST_STEP][PASSED] - Statement - counter = counter + 1: null

2018-12-14 01:39:33 - [TEST_STEP][PASSED] - Statement - PreSaveFile = new java.io.File(((pathPrefix + java.lang.Integer.toString(counter)) + .png)): null

2018-12-14 01:39:33 - [TEST_STEP][PASSED] - Statement - counter = counter + 1: null

2018-12-14 01:39:33 - [TEST_STEP][PASSED] - Statement - PreSaveFile = new java.io.File(((pathPrefix + java.lang.Integer.toString(counter)) + .png)): null

2018-12-14 01:39:33 - [TEST_STEP][PASSED] - Statement - counter = counter + 1: null

2018-12-14 01:39:33 - [TEST_STEP][PASSED] - Statement - PreSaveFile = new java.io.File(((pathPrefix + java.lang.Integer.toString(counter)) + .png)): null

2018-12-14 01:39:33 - [TEST_STEP][PASSED] - Statement - counter = counter + 1: null

2018-12-14 01:39:33 - [TEST_STEP][PASSED] - Statement - PreSaveFile = new java.io.File(((pathPrefix + java.lang.Integer.toString(counter)) + .png)): null

2018-12-14 01:39:33 - [TEST_STEP][PASSED] - Statement - counter = counter + 1: null

2018-12-14 01:39:33 - [TEST_STEP][PASSED] - Statement - PreSaveFile = new java.io.File(((pathPrefix + java.lang.Integer.toString(counter)) + .png)): null

2018-12-14 01:39:33 - [TEST_STEP][PASSED] - Statement - counter = counter + 1: null

2018-12-14 01:39:33 - [TEST_STEP][PASSED] - Statement - PreSaveFile = new java.io.File(((pathPrefix + java.lang.Integer.toString(counter)) + .png)): null

2018-12-14 01:39:33 - [TEST_STEP][PASSED] - Statement - counter = counter + 1: null

2018-12-14 01:39:33 - [TEST_STEP][PASSED] - Statement - PreSaveFile = new java.io.File(((pathPrefix + java.lang.Integer.toString(counter)) + .png)): null

2018-12-14 01:39:33 - [TEST_STEP][PASSED] - Statement - counter = counter + 1: null

2018-12-14 01:39:33 - [TEST_STEP][PASSED] - Statement - PreSaveFile = new java.io.File(((pathPrefix + java.lang.Integer.toString(counter)) + .png)): null

2018-12-14 01:39:33 - [TEST_STEP][PASSED] - Statement - counter = counter + 1: null

2018-12-14 01:39:33 - [TEST_STEP][PASSED] - Statement - PreSaveFile = new java.io.File(((pathPrefix + java.lang.Integer.toString(counter)) + .png)): null

2018-12-14 01:39:33 - [TEST_STEP][PASSED] - Statement - counter = counter + 1: null

2018-12-14 01:39:33 - [TEST_STEP][PASSED] - Statement - PreSaveFile = new java.io.File(((pathPrefix + java.lang.Integer.toString(counter)) + .png)): null

2018-12-14 01:39:33 - [TEST_STEP][PASSED] - Statement - counter = counter + 1: null

2018-12-14 01:39:33 - [TEST_STEP][PASSED] - Statement - PreSaveFile = new java.io.File(((pathPrefix + java.lang.Integer.toString(counter)) + .png)): null

2018-12-14 01:39:33 - [TEST_STEP][PASSED] - Statement - counter = counter + 1: null

2018-12-14 01:39:33 - [TEST_STEP][PASSED] - Statement - PreSaveFile = new java.io.File(((pathPrefix + java.lang.Integer.toString(counter)) + .png)): null

2018-12-14 01:39:33 - [TEST_STEP][PASSED] - Statement - counter = counter + 1: null

2018-12-14 01:39:33 - [TEST_STEP][PASSED] - Statement - PreSaveFile = new java.io.File(((pathPrefix + java.lang.Integer.toString(counter)) + .png)): null

2018-12-14 01:39:33 - [TEST_STEP][PASSED] - Statement - counter = counter + 1: null

2018-12-14 01:39:33 - [TEST_STEP][PASSED] - Statement - PreSaveFile = new java.io.File(((pathPrefix + java.lang.Integer.toString(counter)) + .png)): null

2018-12-14 01:39:33 - [TEST_STEP][PASSED] - Statement - counter = counter + 1: null

2018-12-14 01:39:33 - [TEST_STEP][PASSED] - Statement - PreSaveFile = new java.io.File(((pathPrefix + java.lang.Integer.toString(counter)) + .png)): null

2018-12-14 01:39:33 - [TEST_STEP][PASSED] - Statement - counter = counter + 1: null

2018-12-14 01:39:33 - [TEST_STEP][PASSED] - Statement - PreSaveFile = new java.io.File(((pathPrefix + java.lang.Integer.toString(counter)) + .png)): null

2018-12-14 01:39:33 - [TEST_STEP][PASSED] - Statement - counter = counter + 1: null

2018-12-14 01:39:33 - [TEST_STEP][PASSED] - Statement - PreSaveFile = new java.io.File(((pathPrefix + java.lang.Integer.toString(counter)) + .png)): null

2018-12-14 01:39:33 - [TEST_STEP][PASSED] - Statement - counter = counter + 1: null

2018-12-14 01:39:33 - [TEST_STEP][PASSED] - Statement - PreSaveFile = new java.io.File(((pathPrefix + java.lang.Integer.toString(counter)) + .png)): null

2018-12-14 01:39:33 - [TEST_STEP][PASSED] - Statement - counter = counter + 1: null

2018-12-14 01:39:33 - [TEST_STEP][PASSED] - Statement - PreSaveFile = new java.io.File(((pathPrefix + java.lang.Integer.toString(counter)) + .png)): null

2018-12-14 01:39:33 - [TEST_STEP][PASSED] - Statement - counter = counter + 1: null

2018-12-14 01:39:33 - [TEST_STEP][PASSED] - Statement - PreSaveFile = new java.io.File(((pathPrefix + java.lang.Integer.toString(counter)) + .png)): null

2018-12-14 01:39:33 - [TEST_STEP][PASSED] - Statement - counter = counter + 1: null

2018-12-14 01:39:33 - [TEST_STEP][PASSED] - Statement - PreSaveFile = new java.io.File(((pathPrefix + java.lang.Integer.toString(counter)) + .png)): null

2018-12-14 01:39:33 - [TEST_STEP][PASSED] - Statement - counter = counter + 1: null

2018-12-14 01:39:34 - [TEST_STEP][PASSED] - Statement - PreSaveFile = new java.io.File(((pathPrefix + java.lang.Integer.toString(counter)) + .png)): null

2018-12-14 01:39:34 - [TEST_STEP][PASSED] - Statement - counter = counter + 1: null

2018-12-14 01:39:34 - [TEST_STEP][PASSED] - Statement - PreSaveFile = new java.io.File(((pathPrefix + java.lang.Integer.toString(counter)) + .png)): null

2018-12-14 01:39:34 - [TEST_STEP][PASSED] - Statement - counter = counter + 1: null

2018-12-14 01:39:34 - [TEST_STEP][PASSED] - Statement - PreSaveFile = new java.io.File(((pathPrefix + java.lang.Integer.toString(counter)) + .png)): null

2018-12-14 01:39:34 - [TEST_STEP][PASSED] - Statement - counter = counter + 1: null

2018-12-14 01:39:34 - [TEST_STEP][PASSED] - Statement - PreSaveFile = new java.io.File(((pathPrefix + java.lang.Integer.toString(counter)) + .png)): null

2018-12-14 01:39:34 - [TEST_STEP][PASSED] - Statement - counter = counter + 1: null

2018-12-14 01:39:34 - [TEST_STEP][PASSED] - Statement - PreSaveFile = new java.io.File(((pathPrefix + java.lang.Integer.toString(counter)) + .png)): null

2018-12-14 01:39:34 - [TEST_STEP][PASSED] - Statement - counter = counter + 1: null

2018-12-14 01:39:34 - [TEST_STEP][PASSED] - Statement - PreSaveFile = new java.io.File(((pathPrefix + java.lang.Integer.toString(counter)) + .png)): null

2018-12-14 01:39:34 - [TEST_STEP][PASSED] - Statement - counter = counter + 1: null

2018-12-14 01:39:34 - [TEST_STEP][PASSED] - Statement - PreSaveFile = new java.io.File(((pathPrefix + java.lang.Integer.toString(counter)) + .png)): null

2018-12-14 01:39:34 - [TEST_STEP][PASSED] - Statement - counter = counter + 1: null

2018-12-14 01:39:34 - [TEST_STEP][PASSED] - Statement - PreSaveFile = new java.io.File(((pathPrefix + java.lang.Integer.toString(counter)) + .png)): null

2018-12-14 01:39:34 - [TEST_STEP][PASSED] - Statement - counter = counter + 1: null

2018-12-14 01:39:34 - [TEST_STEP][PASSED] - Statement - PreSaveFile = new java.io.File(((pathPrefix + java.lang.Integer.toString(counter)) + .png)): null

2018-12-14 01:39:34 - [TEST_STEP][PASSED] - Statement - counter = counter + 1: null

2018-12-14 01:39:34 - [TEST_STEP][PASSED] - Statement - PreSaveFile = new java.io.File(((pathPrefix + java.lang.Integer.toString(counter)) + .png)): null

2018-12-14 01:39:34 - [TEST_STEP][PASSED] - Statement - counter = counter + 1: null

2018-12-14 01:39:34 - [TEST_STEP][PASSED] - Statement - PreSaveFile = new java.io.File(((pathPrefix + java.lang.Integer.toString(counter)) + .png)): null

2018-12-14 01:39:34 - [TEST_STEP][PASSED] - Statement - counter = counter + 1: null

2018-12-14 01:39:34 - [TEST_STEP][PASSED] - Statement - PreSaveFile = new java.io.File(((pathPrefix + java.lang.Integer.toString(counter)) + .png)): null

2018-12-14 01:39:34 - [TEST_STEP][PASSED] - Statement - counter = counter + 1: null

2018-12-14 01:39:34 - [TEST_STEP][PASSED] - Statement - PreSaveFile = new java.io.File(((pathPrefix + java.lang.Integer.toString(counter)) + .png)): null

2018-12-14 01:39:34 - [TEST_STEP][PASSED] - Statement - counter = counter + 1: null

2018-12-14 01:39:34 - [TEST_STEP][PASSED] - Statement - PreSaveFile = new java.io.File(((pathPrefix + java.lang.Integer.toString(counter)) + .png)): null

2018-12-14 01:39:34 - [TEST_STEP][PASSED] - Statement - counter = counter + 1: null

2018-12-14 01:39:34 - [TEST_STEP][PASSED] - Statement - PreSaveFile = new java.io.File(((pathPrefix + java.lang.Integer.toString(counter)) + .png)): null

2018-12-14 01:39:34 - [TEST_STEP][PASSED] - Statement - counter = counter + 1: null

2018-12-14 01:39:34 - [TEST_STEP][PASSED] - Statement - PreSaveFile = new java.io.File(((pathPrefix + java.lang.Integer.toString(counter)) + .png)): null

2018-12-14 01:39:34 - [TEST_STEP][PASSED] - Statement - counter = counter + 1: null

2018-12-14 01:39:34 - [TEST_STEP][PASSED] - Statement - PreSaveFile = new java.io.File(((pathPrefix + java.lang.Integer.toString(counter)) + .png)): null

2018-12-14 01:39:34 - [TEST_STEP][PASSED] - Statement - counter = counter + 1: null

2018-12-14 01:39:34 - [TEST_STEP][PASSED] - Statement - PreSaveFile = new java.io.File(((pathPrefix + java.lang.Integer.toString(counter)) + .png)): null

2018-12-14 01:39:34 - [TEST_STEP][PASSED] - Statement - counter = counter + 1: null

2018-12-14 01:39:34 - [TEST_STEP][PASSED] - Statement - PreSaveFile = new java.io.File(((pathPrefix + java.lang.Integer.toString(counter)) + .png)): null

2018-12-14 01:39:34 - [TEST_STEP][PASSED] - Statement - counter = counter + 1: null

2018-12-14 01:39:34 - [TEST_STEP][PASSED] - Statement - PreSaveFile = new java.io.File(((pathPrefix + java.lang.Integer.toString(counter)) + .png)): null

2018-12-14 01:39:34 - [TEST_STEP][PASSED] - Statement - counter = counter + 1: null

2018-12-14 01:39:34 - [TEST_STEP][PASSED] - Statement - PreSaveFile = new java.io.File(((pathPrefix + java.lang.Integer.toString(counter)) + .png)): null

2018-12-14 01:39:34 - [TEST_STEP][PASSED] - Statement - counter = counter + 1: null

2018-12-14 01:39:34 - [TEST_STEP][PASSED] - Statement - PreSaveFile = new java.io.File(((pathPrefix + java.lang.Integer.toString(counter)) + .png)): null

2018-12-14 01:39:34 - [TEST_STEP][PASSED] - Statement - counter = counter + 1: null

2018-12-14 01:39:34 - [TEST_STEP][PASSED] - Statement - PreSaveFile = new java.io.File(((pathPrefix + java.lang.Integer.toString(counter)) + .png)): null

2018-12-14 01:39:34 - [TEST_STEP][PASSED] - Statement - counter = counter + 1: null

2018-12-14 01:39:34 - [TEST_STEP][PASSED] - Statement - PreSaveFile = new java.io.File(((pathPrefix + java.lang.Integer.toString(counter)) + .png)): null

2018-12-14 01:39:34 - [TEST_STEP][PASSED] - Statement - counter = counter + 1: null

2018-12-14 01:39:34 - [TEST_STEP][PASSED] - Statement - PreSaveFile = new java.io.File(((pathPrefix + java.lang.Integer.toString(counter)) + .png)): null

2018-12-14 01:39:34 - [TEST_STEP][PASSED] - Statement - counter = counter + 1: null

2018-12-14 01:39:34 - [TEST_STEP][PASSED] - Statement - PreSaveFile = new java.io.File(((pathPrefix + java.lang.Integer.toString(counter)) + .png)): null

2018-12-14 01:39:34 - [TEST_STEP][PASSED] - Statement - counter = counter + 1: null

2018-12-14 01:39:34 - [TEST_STEP][PASSED] - Statement - PreSaveFile = new java.io.File(((pathPrefix + java.lang.Integer.toString(counter)) + .png)): null

2018-12-14 01:39:34 - [TEST_STEP][PASSED] - Statement - counter = counter + 1: null

2018-12-14 01:39:34 - [TEST_STEP][PASSED] - Statement - PreSaveFile = new java.io.File(((pathPrefix + java.lang.Integer.toString(counter)) + .png)): null

2018-12-14 01:39:34 - [TEST_STEP][PASSED] - Statement - counter = counter + 1: null

2018-12-14 01:39:34 - [TEST_STEP][PASSED] - Statement - PreSaveFile = new java.io.File(((pathPrefix + java.lang.Integer.toString(counter)) + .png)): null

2018-12-14 01:39:34 - [TEST_STEP][PASSED] - Statement - counter = counter + 1: null

2018-12-14 01:39:34 - [TEST_STEP][PASSED] - Statement - PreSaveFile = new java.io.File(((pathPrefix + java.lang.Integer.toString(counter)) + .png)): null

2018-12-14 01:39:34 - [TEST_STEP][PASSED] - Statement - counter = counter + 1: null

2018-12-14 01:39:34 - [TEST_STEP][PASSED] - Statement - PreSaveFile = new java.io.File(((pathPrefix + java.lang.Integer.toString(counter)) + .png)): null

2018-12-14 01:39:34 - [TEST_STEP][PASSED] - Statement - counter = counter + 1: null

2018-12-14 01:39:34 - [TEST_STEP][PASSED] - Statement - PreSaveFile = new java.io.File(((pathPrefix + java.lang.Integer.toString(counter)) + .png)): null

2018-12-14 01:39:34 - [TEST_STEP][PASSED] - Statement - counter = counter + 1: null

2018-12-14 01:39:34 - [TEST_STEP][PASSED] - Statement - PreSaveFile = new java.io.File(((pathPrefix + java.lang.Integer.toString(counter)) + .png)): null

2018-12-14 01:39:34 - [TEST_STEP][PASSED] - Statement - counter = counter + 1: null

2018-12-14 01:39:34 - [TEST_STEP][PASSED] - Statement - PreSaveFile = new java.io.File(((pathPrefix + java.lang.Integer.toString(counter)) + .png)): null

2018-12-14 01:39:34 - [TEST_STEP][PASSED] - Statement - counter = counter + 1: null

2018-12-14 01:39:34 - [TEST_STEP][PASSED] - Statement - PreSaveFile = new java.io.File(((pathPrefix + java.lang.Integer.toString(counter)) + .png)): null

2018-12-14 01:39:34 - [TEST_STEP][PASSED] - Statement - counter = counter + 1: null

2018-12-14 01:39:34 - [TEST_STEP][PASSED] - Statement - PreSaveFile = new java.io.File(((pathPrefix + java.lang.Integer.toString(counter)) + .png)): null

2018-12-14 01:39:34 - [TEST_STEP][PASSED] - Statement - counter = counter + 1: null

2018-12-14 01:39:34 - [TEST_STEP][PASSED] - Statement - PreSaveFile = new java.io.File(((pathPrefix + java.lang.Integer.toString(counter)) + .png)): null

2018-12-14 01:39:34 - [TEST_STEP][PASSED] - Statement - counter = counter + 1: null

2018-12-14 01:39:34 - [TEST_STEP][PASSED] - Statement - PreSaveFile = new java.io.File(((pathPrefix + java.lang.Integer.toString(counter)) + .png)): null

2018-12-14 01:39:34 - [TEST_STEP][PASSED] - Statement - counter = counter + 1: null

2018-12-14 01:39:34 - [TEST_STEP][PASSED] - Statement - PreSaveFile = new java.io.File(((pathPrefix + java.lang.Integer.toString(counter)) + .png)): null

2018-12-14 01:39:34 - [TEST_STEP][PASSED] - Statement - counter = counter + 1: null

2018-12-14 01:39:34 - [TEST_STEP][PASSED] - Statement - PreSaveFile = new java.io.File(((pathPrefix + java.lang.Integer.toString(counter)) + .png)): null

2018-12-14 01:39:34 - [TEST_STEP][PASSED] - Statement - counter = counter + 1: null

2018-12-14 01:39:34 - [TEST_STEP][PASSED] - Statement - PreSaveFile = new java.io.File(((pathPrefix + java.lang.Integer.toString(counter)) + .png)): null

2018-12-14 01:39:34 - [TEST_STEP][PASSED] - Statement - counter = counter + 1: null

2018-12-14 01:39:34 - [TEST_STEP][PASSED] - Statement - PreSaveFile = new java.io.File(((pathPrefix + java.lang.Integer.toString(counter)) + .png)): null

2018-12-14 01:39:34 - [TEST_STEP][PASSED] - Statement - counter = counter + 1: null

2018-12-14 01:39:34 - [TEST_STEP][PASSED] - Statement - PreSaveFile = new java.io.File(((pathPrefix + java.lang.Integer.toString(counter)) + .png)): null

2018-12-14 01:39:34 - [TEST_STEP][PASSED] - Statement - counter = counter + 1: null

2018-12-14 01:39:34 - [TEST_STEP][PASSED] - Statement - PreSaveFile = new java.io.File(((pathPrefix + java.lang.Integer.toString(counter)) + .png)): null

2018-12-14 01:39:34 - [TEST_STEP][PASSED] - Statement - counter = counter + 1: null

2018-12-14 01:39:34 - [TEST_STEP][PASSED] - Statement - PreSaveFile = new java.io.File(((pathPrefix + java.lang.Integer.toString(counter)) + .png)): null

2018-12-14 01:39:34 - [TEST_STEP][PASSED] - Statement - counter = counter + 1: null

2018-12-14 01:39:34 - [TEST_STEP][PASSED] - Statement - PreSaveFile = new java.io.File(((pathPrefix + java.lang.Integer.toString(counter)) + .png)): null

2018-12-14 01:39:34 - [TEST_STEP][PASSED] - Statement - counter = counter + 1: null

2018-12-14 01:39:34 - [TEST_STEP][PASSED] - Statement - PreSaveFile = new java.io.File(((pathPrefix + java.lang.Integer.toString(counter)) + .png)): null

2018-12-14 01:39:34 - [TEST_STEP][PASSED] - Statement - counter = counter + 1: null

2018-12-14 01:39:34 - [TEST_STEP][PASSED] - Statement - PreSaveFile = new java.io.File(((pathPrefix + java.lang.Integer.toString(counter)) + .png)): null

2018-12-14 01:39:34 - [TEST_STEP][PASSED] - Statement - counter = counter + 1: null

2018-12-14 01:39:34 - [TEST_STEP][PASSED] - Statement - PreSaveFile = new java.io.File(((pathPrefix + java.lang.Integer.toString(counter)) + .png)): null

2018-12-14 01:39:34 - [TEST_STEP][PASSED] - Statement - counter = counter + 1: null

2018-12-14 01:39:34 - [TEST_STEP][PASSED] - Statement - PreSaveFile = new java.io.File(((pathPrefix + java.lang.Integer.toString(counter)) + .png)): null

2018-12-14 01:39:34 - [TEST_STEP][PASSED] - Statement - counter = counter + 1: null

2018-12-14 01:39:34 - [TEST_STEP][PASSED] - Statement - PreSaveFile = new java.io.File(((pathPrefix + java.lang.Integer.toString(counter)) + .png)): null

2018-12-14 01:39:34 - [TEST_STEP][PASSED] - Statement - counter = counter + 1: null

2018-12-14 01:39:34 - [TEST_STEP][PASSED] - Statement - PreSaveFile = new java.io.File(((pathPrefix + java.lang.Integer.toString(counter)) + .png)): null

2018-12-14 01:39:34 - [TEST_STEP][PASSED] - Statement - counter = counter + 1: null

2018-12-14 01:39:34 - [TEST_STEP][PASSED] - Statement - PreSaveFile = new java.io.File(((pathPrefix + java.lang.Integer.toString(counter)) + .png)): null

2018-12-14 01:39:34 - [TEST_STEP][PASSED] - Statement - counter = counter + 1: null

2018-12-14 01:39:34 - [TEST_STEP][PASSED] - Statement - PreSaveFile = new java.io.File(((pathPrefix + java.lang.Integer.toString(counter)) + .png)): null

2018-12-14 01:39:34 - [TEST_STEP][PASSED] - Statement - counter = counter + 1: null

2018-12-14 01:39:34 - [TEST_STEP][PASSED] - Statement - PreSaveFile = new java.io.File(((pathPrefix + java.lang.Integer.toString(counter)) + .png)): null

2018-12-14 01:39:34 - [TEST_STEP][PASSED] - Statement - counter = counter + 1: null

2018-12-14 01:39:34 - [TEST_STEP][PASSED] - Statement - PreSaveFile = new java.io.File(((pathPrefix + java.lang.Integer.toString(counter)) + .png)): null

2018-12-14 01:39:34 - [TEST_STEP][PASSED] - Statement - counter = counter + 1: null

2018-12-14 01:39:34 - [TEST_STEP][PASSED] - Statement - PreSaveFile = new java.io.File(((pathPrefix + java.lang.Integer.toString(counter)) + .png)): null

2018-12-14 01:39:34 - [TEST_STEP][PASSED] - Statement - counter = counter + 1: null

2018-12-14 01:39:34 - [TEST_STEP][PASSED] - Statement - PreSaveFile = new java.io.File(((pathPrefix + java.lang.Integer.toString(counter)) + .png)): null

2018-12-14 01:39:34 - [TEST_STEP][PASSED] - Statement - counter = counter + 1: null

2018-12-14 01:39:34 - [TEST_STEP][PASSED] - Statement - PreSaveFile = new java.io.File(((pathPrefix + java.lang.Integer.toString(counter)) + .png)): null

2018-12-14 01:39:34 - [TEST_STEP][PASSED] - Statement - counter = counter + 1: null

2018-12-14 01:39:34 - [TEST_STEP][PASSED] - Statement - PreSaveFile = new java.io.File(((pathPrefix + java.lang.Integer.toString(counter)) + .png)): null

2018-12-14 01:39:34 - [TEST_STEP][PASSED] - Statement - counter = counter + 1: null

2018-12-14 01:39:34 - [TEST_STEP][PASSED] - Statement - PreSaveFile = new java.io.File(((pathPrefix + java.lang.Integer.toString(counter)) + .png)): null

2018-12-14 01:39:34 - [TEST_STEP][PASSED] - Statement - counter = counter + 1: null

2018-12-14 01:39:34 - [TEST_STEP][PASSED] - Statement - PreSaveFile = new java.io.File(((pathPrefix + java.lang.Integer.toString(counter)) + .png)): null

2018-12-14 01:39:34 - [TEST_STEP][PASSED] - Statement - counter = counter + 1: null

2018-12-14 01:39:34 - [TEST_STEP][PASSED] - Statement - PreSaveFile = new java.io.File(((pathPrefix + java.lang.Integer.toString(counter)) + .png)): null

2018-12-14 01:39:34 - [TEST_STEP][PASSED] - Statement - counter = counter + 1: null

2018-12-14 01:39:34 - [TEST_STEP][PASSED] - Statement - PreSaveFile = new java.io.File(((pathPrefix + java.lang.Integer.toString(counter)) + .png)): null

2018-12-14 01:39:34 - [TEST_STEP][PASSED] - Statement - counter = counter + 1: null

2018-12-14 01:39:34 - [TEST_STEP][PASSED] - Statement - PreSaveFile = new java.io.File(((pathPrefix + java.lang.Integer.toString(counter)) + .png)): null

2018-12-14 01:39:34 - [TEST_STEP][PASSED] - Statement - counter = counter + 1: null

2018-12-14 01:39:34 - [TEST_STEP][PASSED] - Statement - PreSaveFile = new java.io.File(((pathPrefix + java.lang.Integer.toString(counter)) + .png)): null

2018-12-14 01:39:34 - [TEST_STEP][PASSED] - Statement - counter = counter + 1: null

2018-12-14 01:39:34 - [TEST_STEP][PASSED] - Statement - PreSaveFile = new java.io.File(((pathPrefix + java.lang.Integer.toString(counter)) + .png)): null

2018-12-14 01:39:34 - [TEST_STEP][PASSED] - Statement - counter = counter + 1: null

2018-12-14 01:39:34 - [TEST_STEP][PASSED] - Statement - PreSaveFile = new java.io.File(((pathPrefix + java.lang.Integer.toString(counter)) + .png)): null

2018-12-14 01:39:34 - [TEST_STEP][PASSED] - Statement - counter = counter + 1: null

2018-12-14 01:39:34 - [TEST_STEP][PASSED] - Statement - PreSaveFile = new java.io.File(((pathPrefix + java.lang.Integer.toString(counter)) + .png)): null

2018-12-14 01:39:34 - [TEST_STEP][PASSED] - Statement - counter = counter + 1: null

2018-12-14 01:39:34 - [TEST_STEP][PASSED] - Statement - PreSaveFile = new java.io.File(((pathPrefix + java.lang.Integer.toString(counter)) + .png)): null

2018-12-14 01:39:34 - [TEST_STEP][PASSED] - Statement - counter = counter + 1: null

2018-12-14 01:39:34 - [TEST_STEP][PASSED] - Statement - PreSaveFile = new java.io.File(((pathPrefix + java.lang.Integer.toString(counter)) + .png)): null

2018-12-14 01:39:34 - [TEST_STEP][PASSED] - Statement - counter = counter + 1: null

2018-12-14 01:39:34 - [TEST_STEP][PASSED] - Statement - PreSaveFile = new java.io.File(((pathPrefix + java.lang.Integer.toString(counter)) + .png)): null

2018-12-14 01:39:34 - [TEST_STEP][PASSED] - Statement - counter = counter + 1: null

2018-12-14 01:39:34 - [TEST_STEP][PASSED] - Statement - PreSaveFile = new java.io.File(((pathPrefix + java.lang.Integer.toString(counter)) + .png)): null

2018-12-14 01:39:34 - [TEST_STEP][PASSED] - Statement - counter = counter + 1: null

2018-12-14 01:39:34 - [TEST_STEP][PASSED] - Statement - PreSaveFile = new java.io.File(((pathPrefix + java.lang.Integer.toString(counter)) + .png)): null

2018-12-14 01:39:34 - [TEST_STEP][PASSED] - Statement - counter = counter + 1: null

2018-12-14 01:39:34 - [TEST_STEP][PASSED] - Statement - PreSaveFile = new java.io.File(((pathPrefix + java.lang.Integer.toString(counter)) + .png)): null

2018-12-14 01:39:34 - [TEST_STEP][PASSED] - Statement - counter = counter + 1: null

2018-12-14 01:39:34 - [TEST_STEP][PASSED] - Statement - PreSaveFile = new java.io.File(((pathPrefix + java.lang.Integer.toString(counter)) + .png)): null

2018-12-14 01:39:34 - [TEST_STEP][PASSED] - Statement - counter = counter + 1: null

2018-12-14 01:39:34 - [TEST_STEP][PASSED] - Statement - PreSaveFile = new java.io.File(((pathPrefix + java.lang.Integer.toString(counter)) + .png)): null

2018-12-14 01:39:34 - [TEST_STEP][PASSED] - Statement - counter = counter + 1: null

2018-12-14 01:39:34 - [TEST_STEP][PASSED] - Statement - PreSaveFile = new java.io.File(((pathPrefix + java.lang.Integer.toString(counter)) + .png)): null

2018-12-14 01:39:34 - [TEST_STEP][PASSED] - Statement - counter = counter + 1: null

2018-12-14 01:39:34 - [TEST_STEP][PASSED] - Statement - PreSaveFile = new java.io.File(((pathPrefix + java.lang.Integer.toString(counter)) + .png)): null

2018-12-14 01:39:34 - [TEST_STEP][PASSED] - Statement - counter = counter + 1: null

2018-12-14 01:39:34 - [TEST_STEP][PASSED] - Statement - PreSaveFile = new java.io.File(((pathPrefix + java.lang.Integer.toString(counter)) + .png)): null

2018-12-14 01:39:34 - [TEST_STEP][PASSED] - Statement - counter = counter + 1: null

2018-12-14 01:39:34 - [TEST_STEP][PASSED] - Statement - PreSaveFile = new java.io.File(((pathPrefix + java.lang.Integer.toString(counter)) + .png)): null

2018-12-14 01:39:34 - [TEST_STEP][PASSED] - Statement - counter = counter + 1: null

2018-12-14 01:39:34 - [TEST_STEP][PASSED] - Statement - PreSaveFile = new java.io.File(((pathPrefix + java.lang.Integer.toString(counter)) + .png)): null

2018-12-14 01:39:34 - [TEST_STEP][PASSED] - Statement - counter = counter + 1: null

2018-12-14 01:39:34 - [TEST_STEP][PASSED] - Statement - PreSaveFile = new java.io.File(((pathPrefix + java.lang.Integer.toString(counter)) + .png)): null

2018-12-14 01:39:34 - [TEST_STEP][PASSED] - Statement - counter = counter + 1: null

2018-12-14 01:39:34 - [TEST_STEP][PASSED] - Statement - PreSaveFile = new java.io.File(((pathPrefix + java.lang.Integer.toString(counter)) + .png)): null

2018-12-14 01:39:34 - [TEST_STEP][PASSED] - Statement - counter = counter + 1: null

2018-12-14 01:39:34 - [TEST_STEP][PASSED] - Statement - PreSaveFile = new java.io.File(((pathPrefix + java.lang.Integer.toString(counter)) + .png)): null

2018-12-14 01:39:34 - [TEST_STEP][PASSED] - Statement - counter = counter + 1: null

2018-12-14 01:39:34 - [TEST_STEP][PASSED] - Statement - PreSaveFile = new java.io.File(((pathPrefix + java.lang.Integer.toString(counter)) + .png)): null

2018-12-14 01:39:34 - [TEST_STEP][PASSED] - Statement - counter = counter + 1: null

2018-12-14 01:39:34 - [TEST_STEP][PASSED] - Statement - PreSaveFile = new java.io.File(((pathPrefix + java.lang.Integer.toString(counter)) + .png)): null

2018-12-14 01:39:34 - [TEST_STEP][PASSED] - Statement - counter = counter + 1: null

2018-12-14 01:39:34 - [TEST_STEP][PASSED] - Statement - PreSaveFile = new java.io.File(((pathPrefix + java.lang.Integer.toString(counter)) + .png)): null

2018-12-14 01:39:34 - [TEST_STEP][PASSED] - Statement - counter = counter + 1: null

2018-12-14 01:39:34 - [TEST_STEP][PASSED] - Statement - PreSaveFile = new java.io.File(((pathPrefix + java.lang.Integer.toString(counter)) + .png)): null

2018-12-14 01:39:34 - [TEST_STEP][PASSED] - Statement - counter = counter + 1: null

2018-12-14 01:39:34 - [TEST_STEP][PASSED] - Statement - PreSaveFile = new java.io.File(((pathPrefix + java.lang.Integer.toString(counter)) + .png)): null

2018-12-14 01:39:34 - [TEST_STEP][PASSED] - Statement - counter = counter + 1: null

2018-12-14 01:39:34 - [TEST_STEP][PASSED] - Statement - PreSaveFile = new java.io.File(((pathPrefix + java.lang.Integer.toString(counter)) + .png)): null

2018-12-14 01:39:34 - [TEST_STEP][PASSED] - Statement - counter = counter + 1: null

2018-12-14 01:39:34 - [TEST_STEP][PASSED] - Statement - PreSaveFile = new java.io.File(((pathPrefix + java.lang.Integer.toString(counter)) + .png)): null

2018-12-14 01:39:34 - [TEST_STEP][PASSED] - Statement - counter = counter + 1: null

2018-12-14 01:39:34 - [TEST_STEP][PASSED] - Statement - PreSaveFile = new java.io.File(((pathPrefix + java.lang.Integer.toString(counter)) + .png)): null

2018-12-14 01:39:34 - [TEST_STEP][PASSED] - Statement - counter = counter + 1: null

2018-12-14 01:39:34 - [TEST_STEP][PASSED] - Statement - PreSaveFile = new java.io.File(((pathPrefix + java.lang.Integer.toString(counter)) + .png)): null

2018-12-14 01:39:34 - [TEST_STEP][PASSED] - Statement - counter = counter + 1: null

2018-12-14 01:39:34 - [TEST_STEP][PASSED] - Statement - PreSaveFile = new java.io.File(((pathPrefix + java.lang.Integer.toString(counter)) + .png)): null

2018-12-14 01:39:34 - [TEST_STEP][PASSED] - Statement - counter = counter + 1: null

2018-12-14 01:39:34 - [TEST_STEP][PASSED] - Statement - PreSaveFile = new java.io.File(((pathPrefix + java.lang.Integer.toString(counter)) + .png)): null

2018-12-14 01:39:34 - [TEST_STEP][PASSED] - Statement - counter = counter + 1: null

2018-12-14 01:39:34 - [TEST_STEP][PASSED] - Statement - PreSaveFile = new java.io.File(((pathPrefix + java.lang.Integer.toString(counter)) + .png)): null

2018-12-14 01:39:34 - [TEST_STEP][PASSED] - Statement - counter = counter + 1: null

2018-12-14 01:39:34 - [TEST_STEP][PASSED] - Statement - PreSaveFile = new java.io.File(((pathPrefix + java.lang.Integer.toString(counter)) + .png)): null

2018-12-14 01:39:34 - [TEST_STEP][PASSED] - Statement - counter = counter + 1: null

2018-12-14 01:39:34 - [TEST_STEP][PASSED] - Statement - PreSaveFile = new java.io.File(((pathPrefix + java.lang.Integer.toString(counter)) + .png)): null

2018-12-14 01:39:34 - [TEST_STEP][PASSED] - Statement - counter = counter + 1: null

2018-12-14 01:39:34 - [TEST_STEP][PASSED] - Statement - PreSaveFile = new java.io.File(((pathPrefix + java.lang.Integer.toString(counter)) + .png)): null

2018-12-14 01:39:34 - [TEST_STEP][PASSED] - Statement - counter = counter + 1: null

2018-12-14 01:39:34 - [TEST_STEP][PASSED] - Statement - PreSaveFile = new java.io.File(((pathPrefix + java.lang.Integer.toString(counter)) + .png)): null

2018-12-14 01:39:34 - [TEST_STEP][PASSED] - Statement - counter = counter + 1: null

2018-12-14 01:39:34 - [TEST_STEP][PASSED] - Statement - PreSaveFile = new java.io.File(((pathPrefix + java.lang.Integer.toString(counter)) + .png)): null

2018-12-14 01:39:34 - [TEST_STEP][PASSED] - Statement - counter = counter + 1: null

2018-12-14 01:39:34 - [TEST_STEP][PASSED] - Statement - PreSaveFile = new java.io.File(((pathPrefix + java.lang.Integer.toString(counter)) + .png)): null

2018-12-14 01:39:34 - [TEST_STEP][PASSED] - Statement - counter = counter + 1: null

2018-12-14 01:39:34 - [TEST_STEP][PASSED] - Statement - PreSaveFile = new java.io.File(((pathPrefix + java.lang.Integer.toString(counter)) + .png)): null

2018-12-14 01:39:34 - [TEST_STEP][PASSED] - Statement - counter = counter + 1: null

2018-12-14 01:39:34 - [TEST_STEP][PASSED] - Statement - PreSaveFile = new java.io.File(((pathPrefix + java.lang.Integer.toString(counter)) + .png)): null

2018-12-14 01:39:34 - [TEST_STEP][PASSED] - Statement - counter = counter + 1: null

2018-12-14 01:39:34 - [TEST_STEP][PASSED] - Statement - PreSaveFile = new java.io.File(((pathPrefix + java.lang.Integer.toString(counter)) + .png)): null

2018-12-14 01:39:34 - [TEST_STEP][PASSED] - Statement - counter = counter + 1: null

2018-12-14 01:39:34 - [TEST_STEP][PASSED] - Statement - PreSaveFile = new java.io.File(((pathPrefix + java.lang.Integer.toString(counter)) + .png)): null

2018-12-14 01:39:34 - [TEST_STEP][PASSED] - Statement - counter = counter + 1: null

2018-12-14 01:39:34 - [TEST_STEP][PASSED] - Statement - PreSaveFile = new java.io.File(((pathPrefix + java.lang.Integer.toString(counter)) + .png)): null

2018-12-14 01:39:34 - [TEST_STEP][PASSED] - Statement - counter = counter + 1: null

2018-12-14 01:39:34 - [TEST_STEP][PASSED] - Statement - PreSaveFile = new java.io.File(((pathPrefix + java.lang.Integer.toString(counter)) + .png)): null

2018-12-14 01:39:34 - [TEST_STEP][PASSED] - Statement - counter = counter + 1: null

2018-12-14 01:39:34 - [TEST_STEP][PASSED] - Statement - PreSaveFile = new java.io.File(((pathPrefix + java.lang.Integer.toString(counter)) + .png)): null

2018-12-14 01:39:34 - [TEST_STEP][PASSED] - Statement - counter = counter + 1: null

2018-12-14 01:39:34 - [TEST_STEP][PASSED] - Statement - PreSaveFile = new java.io.File(((pathPrefix + java.lang.Integer.toString(counter)) + .png)): null

2018-12-14 01:39:34 - [TEST_STEP][PASSED] - Statement - counter = counter + 1: null

2018-12-14 01:39:34 - [TEST_STEP][PASSED] - Statement - PreSaveFile = new java.io.File(((pathPrefix + java.lang.Integer.toString(counter)) + .png)): null

2018-12-14 01:39:34 - [TEST_STEP][PASSED] - Statement - counter = counter + 1: null

2018-12-14 01:39:34 - [TEST_STEP][PASSED] - Statement - PreSaveFile = new java.io.File(((pathPrefix + java.lang.Integer.toString(counter)) + .png)): null

2018-12-14 01:39:34 - [TEST_STEP][PASSED] - Statement - counter = counter + 1: null

2018-12-14 01:39:34 - [TEST_STEP][PASSED] - Statement - PreSaveFile = new java.io.File(((pathPrefix + java.lang.Integer.toString(counter)) + .png)): null

2018-12-14 01:39:34 - [TEST_STEP][PASSED] - Statement - counter = counter + 1: null

2018-12-14 01:39:34 - [TEST_STEP][PASSED] - Statement - PreSaveFile = new java.io.File(((pathPrefix + java.lang.Integer.toString(counter)) + .png)): null

2018-12-14 01:39:34 - [TEST_STEP][PASSED] - Statement - counter = counter + 1: null

2018-12-14 01:39:34 - [TEST_STEP][PASSED] - Statement - PreSaveFile = new java.io.File(((pathPrefix + java.lang.Integer.toString(counter)) + .png)): null

2018-12-14 01:39:34 - [TEST_STEP][PASSED] - Statement - counter = counter + 1: null

2018-12-14 01:39:34 - [TEST_STEP][PASSED] - Statement - PreSaveFile = new java.io.File(((pathPrefix + java.lang.Integer.toString(counter)) + .png)): null

2018-12-14 01:39:34 - [TEST_STEP][PASSED] - Statement - counter = counter + 1: null

2018-12-14 01:39:34 - [TEST_STEP][PASSED] - Statement - PreSaveFile = new java.io.File(((pathPrefix + java.lang.Integer.toString(counter)) + .png)): null

2018-12-14 01:39:34 - [TEST_STEP][PASSED] - Statement - counter = counter + 1: null

2018-12-14 01:39:34 - [TEST_STEP][PASSED] - Statement - PreSaveFile = new java.io.File(((pathPrefix + java.lang.Integer.toString(counter)) + .png)): null

2018-12-14 01:39:34 - [TEST_STEP][PASSED] - Statement - counter = counter + 1: null

2018-12-14 01:39:34 - [TEST_STEP][PASSED] - Statement - PreSaveFile = new java.io.File(((pathPrefix + java.lang.Integer.toString(counter)) + .png)): null

2018-12-14 01:39:34 - [TEST_STEP][PASSED] - Statement - counter = counter + 1: null

2018-12-14 01:39:34 - [TEST_STEP][PASSED] - Statement - PreSaveFile = new java.io.File(((pathPrefix + java.lang.Integer.toString(counter)) + .png)): null

2018-12-14 01:39:34 - [TEST_STEP][PASSED] - Statement - counter = counter + 1: null

2018-12-14 01:39:34 - [TEST_STEP][PASSED] - Statement - PreSaveFile = new java.io.File(((pathPrefix + java.lang.Integer.toString(counter)) + .png)): null

2018-12-14 01:39:34 - [TEST_STEP][PASSED] - Statement - counter = counter + 1: null

2018-12-14 01:39:34 - [TEST_STEP][PASSED] - Statement - PreSaveFile = new java.io.File(((pathPrefix + java.lang.Integer.toString(counter)) + .png)): null

2018-12-14 01:39:34 - [TEST_STEP][PASSED] - Statement - counter = counter + 1: null

2018-12-14 01:39:34 - [TEST_STEP][PASSED] - Statement - PreSaveFile = new java.io.File(((pathPrefix + java.lang.Integer.toString(counter)) + .png)): null

2018-12-14 01:39:34 - [TEST_STEP][PASSED] - Statement - counter = counter + 1: null

2018-12-14 01:39:34 - [TEST_STEP][PASSED] - Statement - PreSaveFile = new java.io.File(((pathPrefix + java.lang.Integer.toString(counter)) + .png)): null

2018-12-14 01:39:34 - [TEST_STEP][PASSED] - Statement - counter = counter + 1: null

2018-12-14 01:39:34 - [TEST_STEP][PASSED] - Statement - PreSaveFile = new java.io.File(((pathPrefix + java.lang.Integer.toString(counter)) + .png)): null

2018-12-14 01:39:34 - [TEST_STEP][PASSED] - Statement - counter = counter + 1: null

2018-12-14 01:39:34 - [TEST_STEP][PASSED] - Statement - PreSaveFile = new java.io.File(((pathPrefix + java.lang.Integer.toString(counter)) + .png)): null

2018-12-14 01:39:34 - [TEST_STEP][PASSED] - Statement - counter = counter + 1: null

2018-12-14 01:39:34 - [TEST_STEP][PASSED] - Statement - PreSaveFile = new java.io.File(((pathPrefix + java.lang.Integer.toString(counter)) + .png)): null

2018-12-14 01:39:34 - [TEST_STEP][PASSED] - Statement - counter = counter + 1: null

2018-12-14 01:39:34 - [TEST_STEP][PASSED] - Statement - PreSaveFile = new java.io.File(((pathPrefix + java.lang.Integer.toString(counter)) + .png)): null

2018-12-14 01:39:34 - [TEST_STEP][PASSED] - Statement - counter = counter + 1: null

2018-12-14 01:39:34 - [TEST_STEP][PASSED] - Statement - PreSaveFile = new java.io.File(((pathPrefix + java.lang.Integer.toString(counter)) + .png)): null

2018-12-14 01:39:34 - [TEST_STEP][PASSED] - Statement - counter = counter + 1: null

2018-12-14 01:39:34 - [TEST_STEP][PASSED] - Statement - PreSaveFile = new java.io.File(((pathPrefix + java.lang.Integer.toString(counter)) + .png)): null

2018-12-14 01:39:34 - [TEST_STEP][PASSED] - Statement - counter = counter + 1: null

2018-12-14 01:39:34 - [TEST_STEP][PASSED] - Statement - PreSaveFile = new java.io.File(((pathPrefix + java.lang.Integer.toString(counter)) + .png)): null

2018-12-14 01:39:34 - [TEST_STEP][PASSED] - Statement - counter = counter + 1: null

2018-12-14 01:39:34 - [TEST_STEP][PASSED] - Statement - PreSaveFile = new java.io.File(((pathPrefix + java.lang.Integer.toString(counter)) + .png)): null

2018-12-14 01:39:34 - [TEST_STEP][PASSED] - Statement - counter = counter + 1: null

2018-12-14 01:39:34 - [TEST_STEP][PASSED] - Statement - PreSaveFile = new java.io.File(((pathPrefix + java.lang.Integer.toString(counter)) + .png)): null

2018-12-14 01:39:34 - [TEST_STEP][PASSED] - Statement - counter = counter + 1: null

2018-12-14 01:39:34 - [TEST_STEP][PASSED] - Statement - PreSaveFile = new java.io.File(((pathPrefix + java.lang.Integer.toString(counter)) + .png)): null

2018-12-14 01:39:34 - [TEST_STEP][PASSED] - Statement - counter = counter + 1: null

2018-12-14 01:39:34 - [TEST_STEP][PASSED] - Statement - PreSaveFile = new java.io.File(((pathPrefix + java.lang.Integer.toString(counter)) + .png)): null

2018-12-14 01:39:34 - [TEST_STEP][PASSED] - Statement - counter = counter + 1: null

2018-12-14 01:39:34 - [TEST_STEP][PASSED] - Statement - PreSaveFile = new java.io.File(((pathPrefix + java.lang.Integer.toString(counter)) + .png)): null

2018-12-14 01:39:34 - [TEST_STEP][PASSED] - Statement - counter = counter + 1: null

2018-12-14 01:39:34 - [TEST_STEP][PASSED] - Statement - PreSaveFile = new java.io.File(((pathPrefix + java.lang.Integer.toString(counter)) + .png)): null

2018-12-14 01:39:34 - [TEST_STEP][PASSED] - Statement - counter = counter + 1: null

2018-12-14 01:39:34 - [TEST_STEP][PASSED] - Statement - PreSaveFile = new java.io.File(((pathPrefix + java.lang.Integer.toString(counter)) + .png)): null

2018-12-14 01:39:34 - [TEST_STEP][PASSED] - Statement - counter = counter + 1: null

2018-12-14 01:39:34 - [TEST_STEP][PASSED] - Statement - PreSaveFile = new java.io.File(((pathPrefix + java.lang.Integer.toString(counter)) + .png)): null

2018-12-14 01:39:34 - [TEST_STEP][PASSED] - Statement - counter = counter + 1: null

2018-12-14 01:39:34 - [TEST_STEP][PASSED] - Statement - PreSaveFile = new java.io.File(((pathPrefix + java.lang.Integer.toString(counter)) + .png)): null

2018-12-14 01:39:34 - [TEST_STEP][PASSED] - Statement - counter = counter + 1: null

2018-12-14 01:39:34 - [TEST_STEP][PASSED] - Statement - PreSaveFile = new java.io.File(((pathPrefix + java.lang.Integer.toString(counter)) + .png)): null

2018-12-14 01:39:34 - [TEST_STEP][PASSED] - Statement - counter = counter + 1: null

2018-12-14 01:39:34 - [TEST_STEP][PASSED] - Statement - PreSaveFile = new java.io.File(((pathPrefix + java.lang.Integer.toString(counter)) + .png)): null

2018-12-14 01:39:34 - [TEST_STEP][PASSED] - Statement - counter = counter + 1: null

2018-12-14 01:39:34 - [TEST_STEP][PASSED] - Statement - PreSaveFile = new java.io.File(((pathPrefix + java.lang.Integer.toString(counter)) + .png)): null

2018-12-14 01:39:34 - [TEST_STEP][PASSED] - Statement - counter = counter + 1: null

2018-12-14 01:39:34 - [TEST_STEP][PASSED] - Statement - PreSaveFile = new java.io.File(((pathPrefix + java.lang.Integer.toString(counter)) + .png)): null

2018-12-14 01:39:34 - [TEST_STEP][PASSED] - Statement - counter = counter + 1: null

2018-12-14 01:39:34 - [TEST_STEP][PASSED] - Statement - PreSaveFile = new java.io.File(((pathPrefix + java.lang.Integer.toString(counter)) + .png)): null

2018-12-14 01:39:34 - [TEST_STEP][PASSED] - Statement - counter = counter + 1: null

2018-12-14 01:39:34 - [TEST_STEP][PASSED] - Statement - PreSaveFile = new java.io.File(((pathPrefix + java.lang.Integer.toString(counter)) + .png)): null

2018-12-14 01:39:34 - [TEST_STEP][PASSED] - Statement - counter = counter + 1: null

2018-12-14 01:39:34 - [TEST_STEP][PASSED] - Statement - PreSaveFile = new java.io.File(((pathPrefix + java.lang.Integer.toString(counter)) + .png)): null

2018-12-14 01:39:34 - [TEST_STEP][PASSED] - Statement - counter = counter + 1: null

2018-12-14 01:39:34 - [TEST_STEP][PASSED] - Statement - PreSaveFile = new java.io.File(((pathPrefix + java.lang.Integer.toString(counter)) + .png)): null

2018-12-14 01:39:34 - [TEST_STEP][PASSED] - Statement - counter = counter + 1: null

2018-12-14 01:39:34 - [TEST_STEP][PASSED] - Statement - PreSaveFile = new java.io.File(((pathPrefix + java.lang.Integer.toString(counter)) + .png)): null

2018-12-14 01:39:34 - [TEST_STEP][PASSED] - Statement - counter = counter + 1: null

2018-12-14 01:39:34 - [TEST_STEP][PASSED] - Statement - PreSaveFile = new java.io.File(((pathPrefix + java.lang.Integer.toString(counter)) + .png)): null

2018-12-14 01:39:34 - [TEST_STEP][PASSED] - Statement - counter = counter + 1: null

2018-12-14 01:39:34 - [TEST_STEP][PASSED] - Statement - PreSaveFile = new java.io.File(((pathPrefix + java.lang.Integer.toString(counter)) + .png)): null

2018-12-14 01:39:34 - [TEST_STEP][PASSED] - Statement - counter = counter + 1: null

2018-12-14 01:39:34 - [TEST_STEP][PASSED] - Statement - PreSaveFile = new java.io.File(((pathPrefix + java.lang.Integer.toString(counter)) + .png)): null

2018-12-14 01:39:34 - [TEST_STEP][PASSED] - Statement - counter = counter + 1: null

2018-12-14 01:39:34 - [TEST_STEP][PASSED] - Statement - PreSaveFile = new java.io.File(((pathPrefix + java.lang.Integer.toString(counter)) + .png)): null

2018-12-14 01:39:34 - [TEST_STEP][PASSED] - Statement - counter = counter + 1: null

2018-12-14 01:39:34 - [TEST_STEP][PASSED] - Statement - PreSaveFile = new java.io.File(((pathPrefix + java.lang.Integer.toString(counter)) + .png)): null

2018-12-14 01:39:34 - [TEST_STEP][PASSED] - Statement - counter = counter + 1: null

2018-12-14 01:39:34 - [TEST_STEP][PASSED] - Statement - PreSaveFile = new java.io.File(((pathPrefix + java.lang.Integer.toString(counter)) + .png)): null

2018-12-14 01:39:34 - [TEST_STEP][PASSED] - Statement - counter = counter + 1: null

2018-12-14 01:39:34 - [TEST_STEP][PASSED] - Statement - PreSaveFile = new java.io.File(((pathPrefix + java.lang.Integer.toString(counter)) + .png)): null

2018-12-14 01:39:34 - [TEST_STEP][PASSED] - Statement - counter = counter + 1: null

2018-12-14 01:39:34 - [TEST_STEP][PASSED] - Statement - PreSaveFile = new java.io.File(((pathPrefix + java.lang.Integer.toString(counter)) + .png)): null

2018-12-14 01:39:34 - [TEST_STEP][PASSED] - Statement - counter = counter + 1: null

2018-12-14 01:39:34 - [TEST_STEP][PASSED] - Statement - PreSaveFile = new java.io.File(((pathPrefix + java.lang.Integer.toString(counter)) + .png)): null

2018-12-14 01:39:34 - [TEST_STEP][PASSED] - Statement - counter = counter + 1: null

2018-12-14 01:39:34 - [TEST_STEP][PASSED] - Statement - PreSaveFile = new java.io.File(((pathPrefix + java.lang.Integer.toString(counter)) + .png)): null

2018-12-14 01:39:34 - [TEST_STEP][PASSED] - Statement - counter = counter + 1: null

2018-12-14 01:39:34 - [TEST_STEP][PASSED] - Statement - PreSaveFile = new java.io.File(((pathPrefix + java.lang.Integer.toString(counter)) + .png)): null

2018-12-14 01:39:34 - [TEST_STEP][PASSED] - Statement - counter = counter + 1: null

2018-12-14 01:39:34 - [TEST_STEP][PASSED] - Statement - PreSaveFile = new java.io.File(((pathPrefix + java.lang.Integer.toString(counter)) + .png)): null

2018-12-14 01:39:34 - [TEST_STEP][PASSED] - Statement - counter = counter + 1: null

2018-12-14 01:39:34 - [TEST_STEP][PASSED] - Statement - PreSaveFile = new java.io.File(((pathPrefix + java.lang.Integer.toString(counter)) + .png)): null

2018-12-14 01:39:34 - [TEST_STEP][PASSED] - Statement - counter = counter + 1: null

2018-12-14 01:39:34 - [TEST_STEP][PASSED] - Statement - PreSaveFile = new java.io.File(((pathPrefix + java.lang.Integer.toString(counter)) + .png)): null

2018-12-14 01:39:34 - [TEST_STEP][PASSED] - Statement - counter = counter + 1: null

2018-12-14 01:39:34 - [TEST_STEP][PASSED] - Statement - PreSaveFile = new java.io.File(((pathPrefix + java.lang.Integer.toString(counter)) + .png)): null

2018-12-14 01:39:34 - [TEST_STEP][PASSED] - Statement - counter = counter + 1: null

2018-12-14 01:39:34 - [TEST_STEP][PASSED] - Statement - PreSaveFile = new java.io.File(((pathPrefix + java.lang.Integer.toString(counter)) + .png)): null

2018-12-14 01:39:34 - [TEST_STEP][PASSED] - Statement - counter = counter + 1: null

2018-12-14 01:39:34 - [TEST_STEP][PASSED] - Statement - PreSaveFile = new java.io.File(((pathPrefix + java.lang.Integer.toString(counter)) + .png)): null

2018-12-14 01:39:34 - [TEST_STEP][PASSED] - Statement - counter = counter + 1: null

2018-12-14 01:39:34 - [TEST_STEP][PASSED] - Statement - PreSaveFile = new java.io.File(((pathPrefix + java.lang.Integer.toString(counter)) + .png)): null

2018-12-14 01:39:34 - [TEST_STEP][PASSED] - Statement - counter = counter + 1: null

2018-12-14 01:39:34 - [TEST_STEP][PASSED] - Statement - PreSaveFile = new java.io.File(((pathPrefix + java.lang.Integer.toString(counter)) + .png)): null

2018-12-14 01:39:34 - [TEST_STEP][PASSED] - Statement - counter = counter + 1: null

2018-12-14 01:39:34 - [TEST_STEP][PASSED] - Statement - PreSaveFile = new java.io.File(((pathPrefix + java.lang.Integer.toString(counter)) + .png)): null

2018-12-14 01:39:34 - [TEST_STEP][PASSED] - Statement - counter = counter + 1: null

2018-12-14 01:39:34 - [TEST_STEP][PASSED] - Statement - PreSaveFile = new java.io.File(((pathPrefix + java.lang.Integer.toString(counter)) + .png)): null

2018-12-14 01:39:34 - [TEST_STEP][PASSED] - Statement - counter = counter + 1: null

2018-12-14 01:39:34 - [TEST_STEP][PASSED] - Statement - PreSaveFile = new java.io.File(((pathPrefix + java.lang.Integer.toString(counter)) + .png)): null

2018-12-14 01:39:34 - [TEST_STEP][PASSED] - Statement - counter = counter + 1: null

2018-12-14 01:39:34 - [TEST_STEP][PASSED] - Statement - PreSaveFile = new java.io.File(((pathPrefix + java.lang.Integer.toString(counter)) + .png)): null

2018-12-14 01:39:34 - [TEST_STEP][PASSED] - Statement - counter = counter + 1: null

2018-12-14 01:39:34 - [TEST_STEP][PASSED] - Statement - PreSaveFile = new java.io.File(((pathPrefix + java.lang.Integer.toString(counter)) + .png)): null

2018-12-14 01:39:34 - [TEST_STEP][PASSED] - Statement - counter = counter + 1: null

2018-12-14 01:39:34 - [TEST_STEP][PASSED] - Statement - PreSaveFile = new java.io.File(((pathPrefix + java.lang.Integer.toString(counter)) + .png)): null

2018-12-14 01:39:34 - [TEST_STEP][PASSED] - Statement - counter = counter + 1: null

2018-12-14 01:39:34 - [TEST_STEP][PASSED] - Statement - PreSaveFile = new java.io.File(((pathPrefix + java.lang.Integer.toString(counter)) + .png)): null

2018-12-14 01:39:34 - [TEST_STEP][PASSED] - Statement - counter = counter + 1: null

2018-12-14 01:39:34 - [TEST_STEP][PASSED] - Statement - PreSaveFile = new java.io.File(((pathPrefix + java.lang.Integer.toString(counter)) + .png)): null

2018-12-14 01:39:34 - [TEST_STEP][PASSED] - Statement - counter = counter + 1: null

2018-12-14 01:39:34 - [TEST_STEP][PASSED] - Statement - PreSaveFile = new java.io.File(((pathPrefix + java.lang.Integer.toString(counter)) + .png)): null

2018-12-14 01:39:34 - [TEST_STEP][PASSED] - Statement - counter = counter + 1: null

2018-12-14 01:39:34 - [TEST_STEP][PASSED] - Statement - PreSaveFile = new java.io.File(((pathPrefix + java.lang.Integer.toString(counter)) + .png)): null

2018-12-14 01:39:34 - [TEST_STEP][PASSED] - Statement - counter = counter + 1: null

2018-12-14 01:39:34 - [TEST_STEP][PASSED] - Statement - PreSaveFile = new java.io.File(((pathPrefix + java.lang.Integer.toString(counter)) + .png)): null

2018-12-14 01:39:34 - [TEST_STEP][PASSED] - Statement - counter = counter + 1: null

2018-12-14 01:39:34 - [TEST_STEP][PASSED] - Statement - PreSaveFile = new java.io.File(((pathPrefix + java.lang.Integer.toString(counter)) + .png)): null

2018-12-14 01:39:34 - [TEST_STEP][PASSED] - Statement - counter = counter + 1: null

2018-12-14 01:39:34 - [TEST_STEP][PASSED] - Statement - PreSaveFile = new java.io.File(((pathPrefix + java.lang.Integer.toString(counter)) + .png)): null

2018-12-14 01:39:34 - [TEST_STEP][PASSED] - Statement - counter = counter + 1: null

2018-12-14 01:39:34 - [TEST_STEP][PASSED] - Statement - PreSaveFile = new java.io.File(((pathPrefix + java.lang.Integer.toString(counter)) + .png)): null

2018-12-14 01:39:34 - [TEST_STEP][PASSED] - Statement - counter = counter + 1: null

2018-12-14 01:39:34 - [TEST_STEP][PASSED] - Statement - PreSaveFile = new java.io.File(((pathPrefix + java.lang.Integer.toString(counter)) + .png)): null

2018-12-14 01:39:34 - [TEST_STEP][PASSED] - Statement - counter = counter + 1: null

2018-12-14 01:39:34 - [TEST_STEP][PASSED] - Statement - PreSaveFile = new java.io.File(((pathPrefix + java.lang.Integer.toString(counter)) + .png)): null

2018-12-14 01:39:34 - [TEST_STEP][PASSED] - Statement - counter = counter + 1: null

2018-12-14 01:39:34 - [TEST_STEP][PASSED] - Statement - PreSaveFile = new java.io.File(((pathPrefix + java.lang.Integer.toString(counter)) + .png)): null

2018-12-14 01:39:34 - [TEST_STEP][PASSED] - Statement - counter = counter + 1: null

2018-12-14 01:39:34 - [TEST_STEP][PASSED] - Statement - PreSaveFile = new java.io.File(((pathPrefix + java.lang.Integer.toString(counter)) + .png)): null

2018-12-14 01:39:34 - [TEST_STEP][PASSED] - Statement - counter = counter + 1: null

2018-12-14 01:39:34 - [TEST_STEP][PASSED] - Statement - PreSaveFile = new java.io.File(((pathPrefix + java.lang.Integer.toString(counter)) + .png)): null

2018-12-14 01:39:34 - [TEST_STEP][PASSED] - Statement - counter = counter + 1: null

2018-12-14 01:39:34 - [TEST_STEP][PASSED] - Statement - PreSaveFile = new java.io.File(((pathPrefix + java.lang.Integer.toString(counter)) + .png)): null

2018-12-14 01:39:34 - [TEST_STEP][PASSED] - Statement - counter = counter + 1: null

2018-12-14 01:39:34 - [TEST_STEP][PASSED] - Statement - PreSaveFile = new java.io.File(((pathPrefix + java.lang.Integer.toString(counter)) + .png)): null

2018-12-14 01:39:34 - [TEST_STEP][PASSED] - Statement - counter = counter + 1: null

2018-12-14 01:39:34 - [TEST_STEP][PASSED] - Statement - PreSaveFile = new java.io.File(((pathPrefix + java.lang.Integer.toString(counter)) + .png)): null

2018-12-14 01:39:34 - [TEST_STEP][PASSED] - Statement - counter = counter + 1: null

2018-12-14 01:39:34 - [TEST_STEP][PASSED] - Statement - PreSaveFile = new java.io.File(((pathPrefix + java.lang.Integer.toString(counter)) + .png)): null

2018-12-14 01:39:34 - [TEST_STEP][PASSED] - Statement - counter = counter + 1: null

2018-12-14 01:39:34 - [TEST_STEP][PASSED] - Statement - PreSaveFile = new java.io.File(((pathPrefix + java.lang.Integer.toString(counter)) + .png)): null

2018-12-14 01:39:34 - [TEST_STEP][PASSED] - Statement - counter = counter + 1: null

2018-12-14 01:39:34 - [TEST_STEP][PASSED] - Statement - PreSaveFile = new java.io.File(((pathPrefix + java.lang.Integer.toString(counter)) + .png)): null

2018-12-14 01:39:34 - [TEST_STEP][PASSED] - Statement - counter = counter + 1: null

2018-12-14 01:39:34 - [TEST_STEP][PASSED] - Statement - PreSaveFile = new java.io.File(((pathPrefix + java.lang.Integer.toString(counter)) + .png)): null

2018-12-14 01:39:34 - [TEST_STEP][PASSED] - Statement - counter = counter + 1: null

2018-12-14 01:39:34 - [TEST_STEP][PASSED] - Statement - PreSaveFile = new java.io.File(((pathPrefix + java.lang.Integer.toString(counter)) + .png)): null

2018-12-14 01:39:34 - [TEST_STEP][PASSED] - Statement - counter = counter + 1: null

2018-12-14 01:39:34 - [TEST_STEP][PASSED] - Statement - PreSaveFile = new java.io.File(((pathPrefix + java.lang.Integer.toString(counter)) + .png)): null

2018-12-14 01:39:34 - [TEST_STEP][PASSED] - Statement - counter = counter + 1: null

2018-12-14 01:39:34 - [TEST_STEP][PASSED] - Statement - PreSaveFile = new java.io.File(((pathPrefix + java.lang.Integer.toString(counter)) + .png)): null

2018-12-14 01:39:34 - [TEST_STEP][PASSED] - Statement - counter = counter + 1: null

2018-12-14 01:39:34 - [TEST_STEP][PASSED] - Statement - PreSaveFile = new java.io.File(((pathPrefix + java.lang.Integer.toString(counter)) + .png)): null

2018-12-14 01:39:34 - [TEST_STEP][PASSED] - Statement - counter = counter + 1: null

2018-12-14 01:39:34 - [TEST_STEP][PASSED] - Statement - PreSaveFile = new java.io.File(((pathPrefix + java.lang.Integer.toString(counter)) + .png)): null

2018-12-14 01:39:34 - [TEST_STEP][PASSED] - Statement - counter = counter + 1: null

2018-12-14 01:39:34 - [TEST_STEP][PASSED] - Statement - PreSaveFile = new java.io.File(((pathPrefix + java.lang.Integer.toString(counter)) + .png)): null

2018-12-14 01:39:34 - [TEST_STEP][PASSED] - Statement - counter = counter + 1: null

2018-12-14 01:39:34 - [TEST_STEP][PASSED] - Statement - PreSaveFile = new java.io.File(((pathPrefix + java.lang.Integer.toString(counter)) + .png)): null

2018-12-14 01:39:34 - [TEST_STEP][PASSED] - Statement - counter = counter + 1: null

2018-12-14 01:39:34 - [TEST_STEP][PASSED] - Statement - PreSaveFile = new java.io.File(((pathPrefix + java.lang.Integer.toString(counter)) + .png)): null

2018-12-14 01:39:34 - [TEST_STEP][PASSED] - Statement - counter = counter + 1: null

2018-12-14 01:39:34 - [TEST_STEP][PASSED] - Statement - PreSaveFile = new java.io.File(((pathPrefix + java.lang.Integer.toString(counter)) + .png)): null

2018-12-14 01:39:34 - [TEST_STEP][PASSED] - Statement - counter = counter + 1: null

2018-12-14 01:39:34 - [TEST_STEP][PASSED] - Statement - PreSaveFile = new java.io.File(((pathPrefix + java.lang.Integer.toString(counter)) + .png)): null

2018-12-14 01:39:34 - [TEST_STEP][PASSED] - Statement - counter = counter + 1: null

2018-12-14 01:39:34 - [TEST_STEP][PASSED] - Statement - PreSaveFile = new java.io.File(((pathPrefix + java.lang.Integer.toString(counter)) + .png)): null

2018-12-14 01:39:34 - [TEST_STEP][PASSED] - Statement - counter = counter + 1: null

2018-12-14 01:39:34 - [TEST_STEP][PASSED] - Statement - PreSaveFile = new java.io.File(((pathPrefix + java.lang.Integer.toString(counter)) + .png)): null

2018-12-14 01:39:34 - [TEST_STEP][PASSED] - Statement - counter = counter + 1: null

2018-12-14 01:39:34 - [TEST_STEP][PASSED] - Statement - PreSaveFile = new java.io.File(((pathPrefix + java.lang.Integer.toString(counter)) + .png)): null

2018-12-14 01:39:34 - [TEST_STEP][PASSED] - Statement - counter = counter + 1: null

2018-12-14 01:39:34 - [TEST_STEP][PASSED] - Statement - PreSaveFile = new java.io.File(((pathPrefix + java.lang.Integer.toString(counter)) + .png)): null

2018-12-14 01:39:34 - [TEST_STEP][PASSED] - Statement - counter = counter + 1: null

2018-12-14 01:39:34 - [TEST_STEP][PASSED] - Statement - PreSaveFile = new java.io.File(((pathPrefix + java.lang.Integer.toString(counter)) + .png)): null

2018-12-14 01:39:34 - [TEST_STEP][PASSED] - Statement - counter = counter + 1: null

2018-12-14 01:39:34 - [TEST_STEP][PASSED] - Statement - PreSaveFile = new java.io.File(((pathPrefix + java.lang.Integer.toString(counter)) + .png)): null

2018-12-14 01:39:34 - [TEST_STEP][PASSED] - Statement - counter = counter + 1: null

2018-12-14 01:39:34 - [TEST_STEP][PASSED] - Statement - PreSaveFile = new java.io.File(((pathPrefix + java.lang.Integer.toString(counter)) + .png)): null

2018-12-14 01:39:34 - [TEST_STEP][PASSED] - Statement - counter = counter + 1: null

2018-12-14 01:39:34 - [TEST_STEP][PASSED] - Statement - PreSaveFile = new java.io.File(((pathPrefix + java.lang.Integer.toString(counter)) + .png)): null

2018-12-14 01:39:34 - [TEST_STEP][PASSED] - Statement - counter = counter + 1: null

2018-12-14 01:39:34 - [TEST_STEP][PASSED] - Statement - PreSaveFile = new java.io.File(((pathPrefix + java.lang.Integer.toString(counter)) + .png)): null

2018-12-14 01:39:34 - [TEST_STEP][PASSED] - Statement - counter = counter + 1: null

2018-12-14 01:39:34 - [TEST_STEP][PASSED] - Statement - PreSaveFile = new java.io.File(((pathPrefix + java.lang.Integer.toString(counter)) + .png)): null

2018-12-14 01:39:34 - [TEST_STEP][PASSED] - Statement - counter = counter + 1: null

2018-12-14 01:39:34 - [TEST_STEP][PASSED] - Statement - PreSaveFile = new java.io.File(((pathPrefix + java.lang.Integer.toString(counter)) + .png)): null

2018-12-14 01:39:34 - [TEST_STEP][PASSED] - Statement - counter = counter + 1: null

2018-12-14 01:39:34 - [TEST_STEP][PASSED] - Statement - PreSaveFile = new java.io.File(((pathPrefix + java.lang.Integer.toString(counter)) + .png)): null

2018-12-14 01:39:34 - [TEST_STEP][PASSED] - Statement - counter = counter + 1: null

2018-12-14 01:39:34 - [TEST_STEP][PASSED] - Statement - PreSaveFile = new java.io.File(((pathPrefix + java.lang.Integer.toString(counter)) + .png)): null

2018-12-14 01:39:34 - [TEST_STEP][PASSED] - Statement - counter = counter + 1: null

2018-12-14 01:39:34 - [TEST_STEP][PASSED] - Statement - PreSaveFile = new java.io.File(((pathPrefix + java.lang.Integer.toString(counter)) + .png)): null

2018-12-14 01:39:34 - [TEST_STEP][PASSED] - Statement - counter = counter + 1: null

2018-12-14 01:39:34 - [TEST_STEP][PASSED] - Statement - PreSaveFile = new java.io.File(((pathPrefix + java.lang.Integer.toString(counter)) + .png)): null

2018-12-14 01:39:34 - [TEST_STEP][PASSED] - Statement - counter = counter + 1: null

2018-12-14 01:39:34 - [TEST_STEP][PASSED] - Statement - PreSaveFile = new java.io.File(((pathPrefix + java.lang.Integer.toString(counter)) + .png)): null

2018-12-14 01:39:34 - [TEST_STEP][PASSED] - Statement - counter = counter + 1: null

2018-12-14 01:39:34 - [TEST_STEP][PASSED] - Statement - PreSaveFile = new java.io.File(((pathPrefix + java.lang.Integer.toString(counter)) + .png)): null

2018-12-14 01:39:34 - [TEST_STEP][PASSED] - Statement - counter = counter + 1: null

2018-12-14 01:39:34 - [TEST_STEP][PASSED] - Statement - PreSaveFile = new java.io.File(((pathPrefix + java.lang.Integer.toString(counter)) + .png)): null

2018-12-14 01:39:34 - [TEST_STEP][PASSED] - Statement - counter = counter + 1: null

2018-12-14 01:39:34 - [TEST_STEP][PASSED] - Statement - PreSaveFile = new java.io.File(((pathPrefix + java.lang.Integer.toString(counter)) + .png)): null

2018-12-14 01:39:34 - [TEST_STEP][PASSED] - Statement - counter = counter + 1: null

2018-12-14 01:39:34 - [TEST_STEP][PASSED] - Statement - PreSaveFile = new java.io.File(((pathPrefix + java.lang.Integer.toString(counter)) + .png)): null

2018-12-14 01:39:34 - [TEST_STEP][PASSED] - Statement - counter = counter + 1: null

2018-12-14 01:39:34 - [TEST_STEP][PASSED] - Statement - PreSaveFile = new java.io.File(((pathPrefix + java.lang.Integer.toString(counter)) + .png)): null

2018-12-14 01:39:34 - [TEST_STEP][PASSED] - Statement - counter = counter + 1: null

2018-12-14 01:39:34 - [TEST_STEP][PASSED] - Statement - PreSaveFile = new java.io.File(((pathPrefix + java.lang.Integer.toString(counter)) + .png)): null

2018-12-14 01:39:34 - [TEST_STEP][PASSED] - Statement - counter = counter + 1: null

2018-12-14 01:39:34 - [TEST_STEP][PASSED] - Statement - PreSaveFile = new java.io.File(((pathPrefix + java.lang.Integer.toString(counter)) + .png)): null

2018-12-14 01:39:34 - [TEST_STEP][PASSED] - Statement - counter = counter + 1: null

2018-12-14 01:39:34 - [TEST_STEP][PASSED] - Statement - PreSaveFile = new java.io.File(((pathPrefix + java.lang.Integer.toString(counter)) + .png)): null

2018-12-14 01:39:34 - [TEST_STEP][PASSED] - Statement - counter = counter + 1: null

2018-12-14 01:39:34 - [TEST_STEP][PASSED] - Statement - PreSaveFile = new java.io.File(((pathPrefix + java.lang.Integer.toString(counter)) + .png)): null

2018-12-14 01:39:34 - [TEST_STEP][PASSED] - Statement - counter = counter + 1: null

2018-12-14 01:39:34 - [TEST_STEP][PASSED] - Statement - PreSaveFile = new java.io.File(((pathPrefix + java.lang.Integer.toString(counter)) + .png)): null

2018-12-14 01:39:34 - [TEST_STEP][PASSED] - Statement - counter = counter + 1: null

2018-12-14 01:39:34 - [TEST_STEP][PASSED] - Statement - PreSaveFile = new java.io.File(((pathPrefix + java.lang.Integer.toString(counter)) + .png)): null

2018-12-14 01:39:34 - [TEST_STEP][PASSED] - Statement - counter = counter + 1: null

2018-12-14 01:39:34 - [TEST_STEP][PASSED] - Statement - PreSaveFile = new java.io.File(((pathPrefix + java.lang.Integer.toString(counter)) + .png)): null

2018-12-14 01:39:34 - [TEST_STEP][PASSED] - Statement - counter = counter + 1: null

2018-12-14 01:39:34 - [TEST_STEP][PASSED] - Statement - PreSaveFile = new java.io.File(((pathPrefix + java.lang.Integer.toString(counter)) + .png)): null

2018-12-14 01:39:34 - [TEST_STEP][PASSED] - Statement - counter = counter + 1: null

2018-12-14 01:39:34 - [TEST_STEP][PASSED] - Statement - PreSaveFile = new java.io.File(((pathPrefix + java.lang.Integer.toString(counter)) + .png)): null

2018-12-14 01:39:34 - [TEST_STEP][PASSED] - Statement - counter = counter + 1: null

2018-12-14 01:39:34 - [TEST_STEP][PASSED] - Statement - PreSaveFile = new java.io.File(((pathPrefix + java.lang.Integer.toString(counter)) + .png)): null

2018-12-14 01:39:34 - [TEST_STEP][PASSED] - Statement - counter = counter + 1: null

2018-12-14 01:39:34 - [TEST_STEP][PASSED] - Statement - PreSaveFile = new java.io.File(((pathPrefix + java.lang.Integer.toString(counter)) + .png)): null

2018-12-14 01:39:34 - [TEST_STEP][PASSED] - Statement - counter = counter + 1: null

2018-12-14 01:39:34 - [TEST_STEP][PASSED] - Statement - PreSaveFile = new java.io.File(((pathPrefix + java.lang.Integer.toString(counter)) + .png)): null

2018-12-14 01:39:34 - [TEST_STEP][PASSED] - Statement - counter = counter + 1: null

2018-12-14 01:39:34 - [TEST_STEP][PASSED] - Statement - PreSaveFile = new java.io.File(((pathPrefix + java.lang.Integer.toString(counter)) + .png)): null

2018-12-14 01:39:34 - [TEST_STEP][PASSED] - Statement - counter = counter + 1: null

2018-12-14 01:39:34 - [TEST_STEP][PASSED] - Statement - PreSaveFile = new java.io.File(((pathPrefix + java.lang.Integer.toString(counter)) + .png)): null

2018-12-14 01:39:34 - [TEST_STEP][PASSED] - Statement - counter = counter + 1: null

2018-12-14 01:39:34 - [TEST_STEP][PASSED] - Statement - PreSaveFile = new java.io.File(((pathPrefix + java.lang.Integer.toString(counter)) + .png)): null

2018-12-14 01:39:34 - [TEST_STEP][PASSED] - Statement - counter = counter + 1: null

2018-12-14 01:39:34 - [TEST_STEP][PASSED] - Statement - PreSaveFile = new java.io.File(((pathPrefix + java.lang.Integer.toString(counter)) + .png)): null

2018-12-14 01:39:34 - [TEST_STEP][PASSED] - Statement - counter = counter + 1: null

2018-12-14 01:39:34 - [TEST_STEP][PASSED] - Statement - PreSaveFile = new java.io.File(((pathPrefix + java.lang.Integer.toString(counter)) + .png)): null

2018-12-14 01:39:34 - [TEST_STEP][PASSED] - Statement - counter = counter + 1: null

2018-12-14 01:39:34 - [TEST_STEP][PASSED] - Statement - PreSaveFile = new java.io.File(((pathPrefix + java.lang.Integer.toString(counter)) + .png)): null

2018-12-14 01:39:34 - [TEST_STEP][PASSED] - Statement - counter = counter + 1: null

2018-12-14 01:39:34 - [TEST_STEP][PASSED] - Statement - PreSaveFile = new java.io.File(((pathPrefix + java.lang.Integer.toString(counter)) + .png)): null

2018-12-14 01:39:34 - [TEST_STEP][PASSED] - Statement - counter = counter + 1: null

2018-12-14 01:39:34 - [TEST_STEP][PASSED] - Statement - PreSaveFile = new java.io.File(((pathPrefix + java.lang.Integer.toString(counter)) + .png)): null

2018-12-14 01:39:34 - [TEST_STEP][PASSED] - Statement - counter = counter + 1: null

2018-12-14 01:39:34 - [TEST_STEP][PASSED] - Statement - PreSaveFile = new java.io.File(((pathPrefix + java.lang.Integer.toString(counter)) + .png)): null

2018-12-14 01:39:34 - [TEST_STEP][PASSED] - Statement - counter = counter + 1: null

2018-12-14 01:39:34 - [TEST_STEP][PASSED] - Statement - PreSaveFile = new java.io.File(((pathPrefix + java.lang.Integer.toString(counter)) + .png)): null

2018-12-14 01:39:34 - [TEST_STEP][PASSED] - Statement - counter = counter + 1: null

2018-12-14 01:39:34 - [TEST_STEP][PASSED] - Statement - PreSaveFile = new java.io.File(((pathPrefix + java.lang.Integer.toString(counter)) + .png)): null

2018-12-14 01:39:34 - [TEST_STEP][PASSED] - Statement - counter = counter + 1: null

2018-12-14 01:39:34 - [TEST_STEP][PASSED] - Statement - PreSaveFile = new java.io.File(((pathPrefix + java.lang.Integer.toString(counter)) + .png)): null

2018-12-14 01:39:34 - [TEST_STEP][PASSED] - Statement - counter = counter + 1: null

2018-12-14 01:39:34 - [TEST_STEP][PASSED] - Statement - PreSaveFile = new java.io.File(((pathPrefix + java.lang.Integer.toString(counter)) + .png)): null

2018-12-14 01:39:34 - [TEST_STEP][PASSED] - Statement - counter = counter + 1: null

2018-12-14 01:39:34 - [TEST_STEP][PASSED] - Statement - PreSaveFile = new java.io.File(((pathPrefix + java.lang.Integer.toString(counter)) + .png)): null

2018-12-14 01:39:34 - [TEST_STEP][PASSED] - Statement - counter = counter + 1: null

2018-12-14 01:39:34 - [TEST_STEP][PASSED] - Statement - PreSaveFile = new java.io.File(((pathPrefix + java.lang.Integer.toString(counter)) + .png)): null

2018-12-14 01:39:35 - [TEST_STEP][PASSED] - Statement - counter = counter + 1: null

2018-12-14 01:39:35 - [TEST_STEP][PASSED] - Statement - PreSaveFile = new java.io.File(((pathPrefix + java.lang.Integer.toString(counter)) + .png)): null

2018-12-14 01:39:35 - [TEST_STEP][PASSED] - Statement - counter = counter + 1: null

2018-12-14 01:39:35 - [TEST_STEP][PASSED] - Statement - PreSaveFile = new java.io.File(((pathPrefix + java.lang.Integer.toString(counter)) + .png)): null

2018-12-14 01:39:35 - [TEST_STEP][PASSED] - Statement - counter = counter + 1: null

2018-12-14 01:39:35 - [TEST_STEP][PASSED] - Statement - PreSaveFile = new java.io.File(((pathPrefix + java.lang.Integer.toString(counter)) + .png)): null

2018-12-14 01:39:35 - [TEST_STEP][PASSED] - Statement - counter = counter + 1: null

2018-12-14 01:39:35 - [TEST_STEP][PASSED] - Statement - PreSaveFile = new java.io.File(((pathPrefix + java.lang.Integer.toString(counter)) + .png)): null

2018-12-14 01:39:35 - [TEST_STEP][PASSED] - Statement - counter = counter + 1: null

2018-12-14 01:39:35 - [TEST_STEP][PASSED] - Statement - PreSaveFile = new java.io.File(((pathPrefix + java.lang.Integer.toString(counter)) + .png)): null

2018-12-14 01:39:35 - [TEST_STEP][PASSED] - Statement - counter = counter + 1: null

2018-12-14 01:39:35 - [TEST_STEP][PASSED] - Statement - PreSaveFile = new java.io.File(((pathPrefix + java.lang.Integer.toString(counter)) + .png)): null

2018-12-14 01:39:35 - [TEST_STEP][PASSED] - Statement - counter = counter + 1: null

2018-12-14 01:39:35 - [TEST_STEP][PASSED] - Statement - PreSaveFile = new java.io.File(((pathPrefix + java.lang.Integer.toString(counter)) + .png)): null

2018-12-14 01:39:35 - [TEST_STEP][PASSED] - Statement - counter = counter + 1: null

2018-12-14 01:39:35 - [TEST_STEP][PASSED] - Statement - PreSaveFile = new java.io.File(((pathPrefix + java.lang.Integer.toString(counter)) + .png)): null

2018-12-14 01:39:35 - [TEST_STEP][PASSED] - Statement - counter = counter + 1: null

2018-12-14 01:39:35 - [TEST_STEP][PASSED] - Statement - PreSaveFile = new java.io.File(((pathPrefix + java.lang.Integer.toString(counter)) + .png)): null

2018-12-14 01:39:35 - [TEST_STEP][PASSED] - Statement - counter = counter + 1: null

2018-12-14 01:39:35 - [TEST_STEP][PASSED] - Statement - PreSaveFile = new java.io.File(((pathPrefix + java.lang.Integer.toString(counter)) + .png)): null

2018-12-14 01:39:35 - [TEST_STEP][PASSED] - Statement - counter = counter + 1: null

2018-12-14 01:39:35 - [TEST_STEP][PASSED] - Statement - PreSaveFile = new java.io.File(((pathPrefix + java.lang.Integer.toString(counter)) + .png)): null

2018-12-14 01:39:35 - [TEST_STEP][PASSED] - Statement - counter = counter + 1: null

2018-12-14 01:39:35 - [TEST_STEP][PASSED] - Statement - PreSaveFile = new java.io.File(((pathPrefix + java.lang.Integer.toString(counter)) + .png)): null

2018-12-14 01:39:35 - [TEST_STEP][PASSED] - Statement - counter = counter + 1: null

2018-12-14 01:39:35 - [TEST_STEP][PASSED] - Statement - PreSaveFile = new java.io.File(((pathPrefix + java.lang.Integer.toString(counter)) + .png)): null

2018-12-14 01:39:35 - [TEST_STEP][PASSED] - Statement - counter = counter + 1: null

2018-12-14 01:39:35 - [TEST_STEP][PASSED] - Statement - PreSaveFile = new java.io.File(((pathPrefix + java.lang.Integer.toString(counter)) + .png)): null

2018-12-14 01:39:35 - [TEST_STEP][PASSED] - Statement - counter = counter + 1: null

2018-12-14 01:39:35 - [TEST_STEP][PASSED] - Statement - PreSaveFile = new java.io.File(((pathPrefix + java.lang.Integer.toString(counter)) + .png)): null

2018-12-14 01:39:35 - [TEST_STEP][PASSED] - Statement - counter = counter + 1: null

2018-12-14 01:39:35 - [TEST_STEP][PASSED] - Statement - PreSaveFile = new java.io.File(((pathPrefix + java.lang.Integer.toString(counter)) + .png)): null

2018-12-14 01:39:35 - [TEST_STEP][PASSED] - Statement - counter = counter + 1: null

2018-12-14 01:39:35 - [TEST_STEP][PASSED] - Statement - PreSaveFile = new java.io.File(((pathPrefix + java.lang.Integer.toString(counter)) + .png)): null

2018-12-14 01:39:35 - [TEST_STEP][PASSED] - Statement - counter = counter + 1: null

2018-12-14 01:39:35 - [TEST_STEP][PASSED] - Statement - PreSaveFile = new java.io.File(((pathPrefix + java.lang.Integer.toString(counter)) + .png)): null

2018-12-14 01:39:35 - [TEST_STEP][PASSED] - Statement - counter = counter + 1: null

2018-12-14 01:39:35 - [TEST_STEP][PASSED] - Statement - PreSaveFile = new java.io.File(((pathPrefix + java.lang.Integer.toString(counter)) + .png)): null

2018-12-14 01:39:35 - [TEST_STEP][PASSED] - Statement - counter = counter + 1: null

2018-12-14 01:39:35 - [TEST_STEP][PASSED] - Statement - PreSaveFile = new java.io.File(((pathPrefix + java.lang.Integer.toString(counter)) + .png)): null

2018-12-14 01:39:35 - [TEST_STEP][PASSED] - Statement - counter = counter + 1: null

2018-12-14 01:39:35 - [TEST_STEP][PASSED] - Statement - PreSaveFile = new java.io.File(((pathPrefix + java.lang.Integer.toString(counter)) + .png)): null

2018-12-14 01:39:35 - [TEST_STEP][PASSED] - Statement - counter = counter + 1: null

2018-12-14 01:39:35 - [TEST_STEP][PASSED] - Statement - PreSaveFile = new java.io.File(((pathPrefix + java.lang.Integer.toString(counter)) + .png)): null

2018-12-14 01:39:35 - [TEST_STEP][PASSED] - Statement - counter = counter + 1: null

2018-12-14 01:39:35 - [TEST_STEP][PASSED] - Statement - PreSaveFile = new java.io.File(((pathPrefix + java.lang.Integer.toString(counter)) + .png)): null

2018-12-14 01:39:35 - [TEST_STEP][PASSED] - Statement - counter = counter + 1: null

2018-12-14 01:39:35 - [TEST_STEP][PASSED] - Statement - PreSaveFile = new java.io.File(((pathPrefix + java.lang.Integer.toString(counter)) + .png)): null

2018-12-14 01:39:35 - [TEST_STEP][PASSED] - Statement - counter = counter + 1: null

2018-12-14 01:39:35 - [TEST_STEP][PASSED] - Statement - PreSaveFile = new java.io.File(((pathPrefix + java.lang.Integer.toString(counter)) + .png)): null

2018-12-14 01:39:35 - [TEST_STEP][PASSED] - Statement - counter = counter + 1: null

2018-12-14 01:39:35 - [TEST_STEP][PASSED] - Statement - PreSaveFile = new java.io.File(((pathPrefix + java.lang.Integer.toString(counter)) + .png)): null

2018-12-14 01:39:35 - [TEST_STEP][PASSED] - Statement - counter = counter + 1: null

2018-12-14 01:39:35 - [TEST_STEP][PASSED] - Statement - PreSaveFile = new java.io.File(((pathPrefix + java.lang.Integer.toString(counter)) + .png)): null

2018-12-14 01:39:35 - [TEST_STEP][PASSED] - Statement - counter = counter + 1: null

2018-12-14 01:39:35 - [TEST_STEP][PASSED] - Statement - PreSaveFile = new java.io.File(((pathPrefix + java.lang.Integer.toString(counter)) + .png)): null

2018-12-14 01:39:35 - [TEST_STEP][PASSED] - Statement - counter = counter + 1: null

2018-12-14 01:39:35 - [TEST_STEP][PASSED] - Statement - PreSaveFile = new java.io.File(((pathPrefix + java.lang.Integer.toString(counter)) + .png)): null

2018-12-14 01:39:35 - [TEST_STEP][PASSED] - Statement - counter = counter + 1: null

2018-12-14 01:39:35 - [TEST_STEP][PASSED] - Statement - PreSaveFile = new java.io.File(((pathPrefix + java.lang.Integer.toString(counter)) + .png)): null

2018-12-14 01:39:35 - [TEST_STEP][PASSED] - Statement - counter = counter + 1: null

2018-12-14 01:39:35 - [TEST_STEP][PASSED] - Statement - PreSaveFile = new java.io.File(((pathPrefix + java.lang.Integer.toString(counter)) + .png)): null

2018-12-14 01:39:35 - [TEST_STEP][PASSED] - Statement - counter = counter + 1: null

2018-12-14 01:39:35 - [TEST_STEP][PASSED] - Statement - PreSaveFile = new java.io.File(((pathPrefix + java.lang.Integer.toString(counter)) + .png)): null

2018-12-14 01:39:35 - [TEST_STEP][PASSED] - Statement - counter = counter + 1: null

2018-12-14 01:39:35 - [TEST_STEP][PASSED] - Statement - PreSaveFile = new java.io.File(((pathPrefix + java.lang.Integer.toString(counter)) + .png)): null

2018-12-14 01:39:35 - [TEST_STEP][PASSED] - Statement - counter = counter + 1: null

2018-12-14 01:39:35 - [TEST_STEP][PASSED] - Statement - PreSaveFile = new java.io.File(((pathPrefix + java.lang.Integer.toString(counter)) + .png)): null

2018-12-14 01:39:35 - [TEST_STEP][PASSED] - Statement - counter = counter + 1: null

2018-12-14 01:39:35 - [TEST_STEP][PASSED] - Statement - PreSaveFile = new java.io.File(((pathPrefix + java.lang.Integer.toString(counter)) + .png)): null

2018-12-14 01:39:35 - [TEST_STEP][PASSED] - Statement - counter = counter + 1: null

2018-12-14 01:39:35 - [TEST_STEP][PASSED] - Statement - PreSaveFile = new java.io.File(((pathPrefix + java.lang.Integer.toString(counter)) + .png)): null

2018-12-14 01:39:35 - [TEST_STEP][PASSED] - Statement - counter = counter + 1: null

2018-12-14 01:39:35 - [TEST_STEP][PASSED] - Statement - PreSaveFile = new java.io.File(((pathPrefix + java.lang.Integer.toString(counter)) + .png)): null

2018-12-14 01:39:35 - [TEST_STEP][PASSED] - Statement - counter = counter + 1: null

2018-12-14 01:39:35 - [TEST_STEP][PASSED] - Statement - PreSaveFile = new java.io.File(((pathPrefix + java.lang.Integer.toString(counter)) + .png)): null

2018-12-14 01:39:35 - [TEST_STEP][PASSED] - Statement - counter = counter + 1: null

2018-12-14 01:39:35 - [TEST_STEP][PASSED] - Statement - PreSaveFile = new java.io.File(((pathPrefix + java.lang.Integer.toString(counter)) + .png)): null

2018-12-14 01:39:35 - [TEST_STEP][PASSED] - Statement - counter = counter + 1: null

2018-12-14 01:39:35 - [TEST_STEP][PASSED] - Statement - PreSaveFile = new java.io.File(((pathPrefix + java.lang.Integer.toString(counter)) + .png)): null

2018-12-14 01:39:35 - [TEST_STEP][PASSED] - Statement - counter = counter + 1: null

2018-12-14 01:39:35 - [TEST_STEP][PASSED] - Statement - PreSaveFile = new java.io.File(((pathPrefix + java.lang.Integer.toString(counter)) + .png)): null

2018-12-14 01:39:35 - [TEST_STEP][PASSED] - Statement - counter = counter + 1: null

2018-12-14 01:39:35 - [TEST_STEP][PASSED] - Statement - PreSaveFile = new java.io.File(((pathPrefix + java.lang.Integer.toString(counter)) + .png)): null

2018-12-14 01:39:35 - [TEST_STEP][PASSED] - Statement - counter = counter + 1: null

2018-12-14 01:39:35 - [TEST_STEP][PASSED] - Statement - PreSaveFile = new java.io.File(((pathPrefix + java.lang.Integer.toString(counter)) + .png)): null

2018-12-14 01:39:35 - [TEST_STEP][PASSED] - Statement - counter = counter + 1: null

2018-12-14 01:39:35 - [TEST_STEP][PASSED] - Statement - PreSaveFile = new java.io.File(((pathPrefix + java.lang.Integer.toString(counter)) + .png)): null

2018-12-14 01:39:35 - [TEST_STEP][PASSED] - Statement - counter = counter + 1: null

2018-12-14 01:39:35 - [TEST_STEP][PASSED] - Statement - PreSaveFile = new java.io.File(((pathPrefix + java.lang.Integer.toString(counter)) + .png)): null

2018-12-14 01:39:35 - [TEST_STEP][PASSED] - Statement - counter = counter + 1: null

2018-12-14 01:39:35 - [TEST_STEP][PASSED] - Statement - PreSaveFile = new java.io.File(((pathPrefix + java.lang.Integer.toString(counter)) + .png)): null

2018-12-14 01:39:35 - [TEST_STEP][PASSED] - Statement - counter = counter + 1: null

2018-12-14 01:39:35 - [TEST_STEP][PASSED] - Statement - PreSaveFile = new java.io.File(((pathPrefix + java.lang.Integer.toString(counter)) + .png)): null

2018-12-14 01:39:35 - [TEST_STEP][PASSED] - Statement - counter = counter + 1: null

2018-12-14 01:39:35 - [TEST_STEP][PASSED] - Statement - PreSaveFile = new java.io.File(((pathPrefix + java.lang.Integer.toString(counter)) + .png)): null

2018-12-14 01:39:35 - [TEST_STEP][PASSED] - Statement - counter = counter + 1: null

2018-12-14 01:39:35 - [TEST_STEP][PASSED] - Statement - PreSaveFile = new java.io.File(((pathPrefix + java.lang.Integer.toString(counter)) + .png)): null

2018-12-14 01:39:35 - [TEST_STEP][PASSED] - Statement - counter = counter + 1: null

2018-12-14 01:39:35 - [TEST_STEP][PASSED] - Statement - PreSaveFile = new java.io.File(((pathPrefix + java.lang.Integer.toString(counter)) + .png)): null

2018-12-14 01:39:35 - [TEST_STEP][PASSED] - Statement - counter = counter + 1: null

2018-12-14 01:39:35 - [TEST_STEP][PASSED] - Statement - PreSaveFile = new java.io.File(((pathPrefix + java.lang.Integer.toString(counter)) + .png)): null

2018-12-14 01:39:35 - [TEST_STEP][PASSED] - Statement - counter = counter + 1: null

2018-12-14 01:39:35 - [TEST_STEP][PASSED] - Statement - PreSaveFile = new java.io.File(((pathPrefix + java.lang.Integer.toString(counter)) + .png)): null

2018-12-14 01:39:35 - [TEST_STEP][PASSED] - Statement - counter = counter + 1: null

2018-12-14 01:39:35 - [TEST_STEP][PASSED] - Statement - PreSaveFile = new java.io.File(((pathPrefix + java.lang.Integer.toString(counter)) + .png)): null

2018-12-14 01:39:35 - [TEST_STEP][PASSED] - Statement - counter = counter + 1: null

2018-12-14 01:39:35 - [TEST_STEP][PASSED] - Statement - PreSaveFile = new java.io.File(((pathPrefix + java.lang.Integer.toString(counter)) + .png)): null

2018-12-14 01:39:35 - [TEST_STEP][PASSED] - Statement - counter = counter + 1: null

2018-12-14 01:39:35 - [TEST_STEP][PASSED] - Statement - PreSaveFile = new java.io.File(((pathPrefix + java.lang.Integer.toString(counter)) + .png)): null

2018-12-14 01:39:35 - [TEST_STEP][PASSED] - Statement - counter = counter + 1: null

2018-12-14 01:39:35 - [TEST_STEP][PASSED] - Statement - PreSaveFile = new java.io.File(((pathPrefix + java.lang.Integer.toString(counter)) + .png)): null

2018-12-14 01:39:35 - [TEST_STEP][PASSED] - Statement - counter = counter + 1: null

2018-12-14 01:39:35 - [TEST_STEP][PASSED] - Statement - PreSaveFile = new java.io.File(((pathPrefix + java.lang.Integer.toString(counter)) + .png)): null

2018-12-14 01:39:35 - [TEST_STEP][PASSED] - Statement - counter = counter + 1: null

2018-12-14 01:39:35 - [TEST_STEP][PASSED] - Statement - PreSaveFile = new java.io.File(((pathPrefix + java.lang.Integer.toString(counter)) + .png)): null

2018-12-14 01:39:35 - [TEST_STEP][PASSED] - Statement - counter = counter + 1: null

2018-12-14 01:39:35 - [TEST_STEP][PASSED] - Statement - PreSaveFile = new java.io.File(((pathPrefix + java.lang.Integer.toString(counter)) + .png)): null

2018-12-14 01:39:35 - [TEST_STEP][PASSED] - Statement - counter = counter + 1: null

2018-12-14 01:39:35 - [TEST_STEP][PASSED] - Statement - PreSaveFile = new java.io.File(((pathPrefix + java.lang.Integer.toString(counter)) + .png)): null

2018-12-14 01:39:35 - [TEST_STEP][PASSED] - Statement - counter = counter + 1: null

2018-12-14 01:39:35 - [TEST_STEP][PASSED] - Statement - PreSaveFile = new java.io.File(((pathPrefix + java.lang.Integer.toString(counter)) + .png)): null

2018-12-14 01:39:35 - [TEST_STEP][PASSED] - Statement - counter = counter + 1: null

2018-12-14 01:39:35 - [TEST_STEP][PASSED] - Statement - PreSaveFile = new java.io.File(((pathPrefix + java.lang.Integer.toString(counter)) + .png)): null

2018-12-14 01:39:35 - [TEST_STEP][PASSED] - Statement - counter = counter + 1: null

2018-12-14 01:39:35 - [TEST_STEP][PASSED] - Statement - PreSaveFile = new java.io.File(((pathPrefix + java.lang.Integer.toString(counter)) + .png)): null

2018-12-14 01:39:35 - [TEST_STEP][PASSED] - Statement - counter = counter + 1: null

2018-12-14 01:39:35 - [TEST_STEP][PASSED] - Statement - PreSaveFile = new java.io.File(((pathPrefix + java.lang.Integer.toString(counter)) + .png)): null

2018-12-14 01:39:35 - [TEST_STEP][PASSED] - Statement - counter = counter + 1: null

2018-12-14 01:39:35 - [TEST_STEP][PASSED] - Statement - PreSaveFile = new java.io.File(((pathPrefix + java.lang.Integer.toString(counter)) + .png)): null

2018-12-14 01:39:35 - [TEST_STEP][PASSED] - Statement - counter = counter + 1: null

2018-12-14 01:39:35 - [TEST_STEP][PASSED] - Statement - PreSaveFile = new java.io.File(((pathPrefix + java.lang.Integer.toString(counter)) + .png)): null

2018-12-14 01:39:35 - [TEST_STEP][PASSED] - Statement - counter = counter + 1: null

2018-12-14 01:39:35 - [TEST_STEP][PASSED] - Statement - PreSaveFile = new java.io.File(((pathPrefix + java.lang.Integer.toString(counter)) + .png)): null

2018-12-14 01:39:35 - [TEST_STEP][PASSED] - Statement - counter = counter + 1: null

2018-12-14 01:39:35 - [TEST_STEP][PASSED] - Statement - PreSaveFile = new java.io.File(((pathPrefix + java.lang.Integer.toString(counter)) + .png)): null

2018-12-14 01:39:35 - [TEST_STEP][PASSED] - Statement - counter = counter + 1: null

2018-12-14 01:39:35 - [TEST_STEP][PASSED] - Statement - PreSaveFile = new java.io.File(((pathPrefix + java.lang.Integer.toString(counter)) + .png)): null

2018-12-14 01:39:35 - [TEST_STEP][PASSED] - Statement - counter = counter + 1: null

2018-12-14 01:39:35 - [TEST_STEP][PASSED] - Statement - PreSaveFile = new java.io.File(((pathPrefix + java.lang.Integer.toString(counter)) + .png)): null

2018-12-14 01:39:35 - [TEST_STEP][PASSED] - Statement - counter = counter + 1: null

2018-12-14 01:39:35 - [TEST_STEP][PASSED] - Statement - PreSaveFile = new java.io.File(((pathPrefix + java.lang.Integer.toString(counter)) + .png)): null

2018-12-14 01:39:35 - [TEST_STEP][PASSED] - Statement - counter = counter + 1: null

2018-12-14 01:39:35 - [TEST_STEP][PASSED] - Statement - PreSaveFile = new java.io.File(((pathPrefix + java.lang.Integer.toString(counter)) + .png)): null

2018-12-14 01:39:35 - [TEST_STEP][PASSED] - Statement - counter = counter + 1: null

2018-12-14 01:39:35 - [TEST_STEP][PASSED] - Statement - PreSaveFile = new java.io.File(((pathPrefix + java.lang.Integer.toString(counter)) + .png)): null

2018-12-14 01:39:35 - [TEST_STEP][PASSED] - Statement - counter = counter + 1: null

2018-12-14 01:39:35 - [TEST_STEP][PASSED] - Statement - PreSaveFile = new java.io.File(((pathPrefix + java.lang.Integer.toString(counter)) + .png)): null

2018-12-14 01:39:35 - [TEST_STEP][PASSED] - Statement - counter = counter + 1: null

2018-12-14 01:39:35 - [TEST_STEP][PASSED] - Statement - PreSaveFile = new java.io.File(((pathPrefix + java.lang.Integer.toString(counter)) + .png)): null

2018-12-14 01:39:35 - [TEST_STEP][PASSED] - Statement - counter = counter + 1: null

2018-12-14 01:39:35 - [TEST_STEP][PASSED] - Statement - PreSaveFile = new java.io.File(((pathPrefix + java.lang.Integer.toString(counter)) + .png)): null

2018-12-14 01:39:35 - [TEST_STEP][PASSED] - Statement - counter = counter + 1: null

2018-12-14 01:39:35 - [TEST_STEP][PASSED] - Statement - PreSaveFile = new java.io.File(((pathPrefix + java.lang.Integer.toString(counter)) + .png)): null

2018-12-14 01:39:35 - [TEST_STEP][PASSED] - Statement - counter = counter + 1: null

2018-12-14 01:39:35 - [TEST_STEP][PASSED] - Statement - PreSaveFile = new java.io.File(((pathPrefix + java.lang.Integer.toString(counter)) + .png)): null

2018-12-14 01:39:35 - [TEST_STEP][PASSED] - Statement - counter = counter + 1: null

2018-12-14 01:39:35 - [TEST_STEP][PASSED] - Statement - PreSaveFile = new java.io.File(((pathPrefix + java.lang.Integer.toString(counter)) + .png)): null

2018-12-14 01:39:35 - [TEST_STEP][PASSED] - Statement - counter = counter + 1: null

2018-12-14 01:39:35 - [TEST_STEP][PASSED] - Statement - PreSaveFile = new java.io.File(((pathPrefix + java.lang.Integer.toString(counter)) + .png)): null

2018-12-14 01:39:35 - [TEST_STEP][PASSED] - Statement - counter = counter + 1: null

2018-12-14 01:39:35 - [TEST_STEP][PASSED] - Statement - PreSaveFile = new java.io.File(((pathPrefix + java.lang.Integer.toString(counter)) + .png)): null

2018-12-14 01:39:35 - [TEST_STEP][PASSED] - Statement - counter = counter + 1: null

2018-12-14 01:39:35 - [TEST_STEP][PASSED] - Statement - PreSaveFile = new java.io.File(((pathPrefix + java.lang.Integer.toString(counter)) + .png)): null

2018-12-14 01:39:35 - [TEST_STEP][PASSED] - Statement - counter = counter + 1: null

2018-12-14 01:39:35 - [TEST_STEP][PASSED] - Statement - PreSaveFile = new java.io.File(((pathPrefix + java.lang.Integer.toString(counter)) + .png)): null

2018-12-14 01:39:35 - [TEST_STEP][PASSED] - Statement - counter = counter + 1: null

2018-12-14 01:39:35 - [TEST_STEP][PASSED] - Statement - PreSaveFile = new java.io.File(((pathPrefix + java.lang.Integer.toString(counter)) + .png)): null

2018-12-14 01:39:35 - [TEST_STEP][PASSED] - Statement - counter = counter + 1: null

2018-12-14 01:39:35 - [TEST_STEP][PASSED] - Statement - PreSaveFile = new java.io.File(((pathPrefix + java.lang.Integer.toString(counter)) + .png)): null

2018-12-14 01:39:35 - [TEST_STEP][PASSED] - Statement - counter = counter + 1: null

2018-12-14 01:39:35 - [TEST_STEP][PASSED] - Statement - PreSaveFile = new java.io.File(((pathPrefix + java.lang.Integer.toString(counter)) + .png)): null

2018-12-14 01:39:35 - [TEST_STEP][PASSED] - Statement - counter = counter + 1: null

2018-12-14 01:39:35 - [TEST_STEP][PASSED] - Statement - PreSaveFile = new java.io.File(((pathPrefix + java.lang.Integer.toString(counter)) + .png)): null

2018-12-14 01:39:35 - [TEST_STEP][PASSED] - Statement - counter = counter + 1: null

2018-12-14 01:39:35 - [TEST_STEP][PASSED] - Statement - PreSaveFile = new java.io.File(((pathPrefix + java.lang.Integer.toString(counter)) + .png)): null

2018-12-14 01:39:35 - [TEST_STEP][PASSED] - Statement - counter = counter + 1: null

2018-12-14 01:39:35 - [TEST_STEP][PASSED] - Statement - PreSaveFile = new java.io.File(((pathPrefix + java.lang.Integer.toString(counter)) + .png)): null

2018-12-14 01:39:35 - [TEST_STEP][PASSED] - Statement - counter = counter + 1: null

2018-12-14 01:39:35 - [TEST_STEP][PASSED] - Statement - PreSaveFile = new java.io.File(((pathPrefix + java.lang.Integer.toString(counter)) + .png)): null

2018-12-14 01:39:35 - [TEST_STEP][PASSED] - Statement - counter = counter + 1: null

2018-12-14 01:39:35 - [TEST_STEP][PASSED] - Statement - PreSaveFile = new java.io.File(((pathPrefix + java.lang.Integer.toString(counter)) + .png)): null

2018-12-14 01:39:35 - [TEST_STEP][PASSED] - Statement - counter = counter + 1: null

2018-12-14 01:39:35 - [TEST_STEP][PASSED] - Statement - PreSaveFile = new java.io.File(((pathPrefix + java.lang.Integer.toString(counter)) + .png)): null

2018-12-14 01:39:35 - [TEST_STEP][PASSED] - Statement - counter = counter + 1: null

2018-12-14 01:39:35 - [TEST_STEP][PASSED] - Statement - PreSaveFile = new java.io.File(((pathPrefix + java.lang.Integer.toString(counter)) + .png)): null

2018-12-14 01:39:35 - [TEST_STEP][PASSED] - Statement - counter = counter + 1: null

2018-12-14 01:39:35 - [TEST_STEP][PASSED] - Statement - PreSaveFile = new java.io.File(((pathPrefix + java.lang.Integer.toString(counter)) + .png)): null

2018-12-14 01:39:35 - [TEST_STEP][PASSED] - Statement - counter = counter + 1: null

2018-12-14 01:39:35 - [TEST_STEP][PASSED] - Statement - PreSaveFile = new java.io.File(((pathPrefix + java.lang.Integer.toString(counter)) + .png)): null

2018-12-14 01:39:35 - [TEST_STEP][PASSED] - Statement - counter = counter + 1: null

2018-12-14 01:39:35 - [TEST_STEP][PASSED] - Statement - PreSaveFile = new java.io.File(((pathPrefix + java.lang.Integer.toString(counter)) + .png)): null

2018-12-14 01:39:35 - [TEST_STEP][PASSED] - Statement - counter = counter + 1: null

2018-12-14 01:39:35 - [TEST_STEP][PASSED] - Statement - PreSaveFile = new java.io.File(((pathPrefix + java.lang.Integer.toString(counter)) + .png)): null

2018-12-14 01:39:35 - [TEST_STEP][PASSED] - Statement - counter = counter + 1: null

2018-12-14 01:39:35 - [TEST_STEP][PASSED] - Statement - PreSaveFile = new java.io.File(((pathPrefix + java.lang.Integer.toString(counter)) + .png)): null

2018-12-14 01:39:35 - [TEST_STEP][PASSED] - Statement - counter = counter + 1: null

2018-12-14 01:39:35 - [TEST_STEP][PASSED] - Statement - PreSaveFile = new java.io.File(((pathPrefix + java.lang.Integer.toString(counter)) + .png)): null

2018-12-14 01:39:35 - [TEST_STEP][PASSED] - Statement - counter = counter + 1: null

2018-12-14 01:39:35 - [TEST_STEP][PASSED] - Statement - PreSaveFile = new java.io.File(((pathPrefix + java.lang.Integer.toString(counter)) + .png)): null

2018-12-14 01:39:35 - [TEST_STEP][PASSED] - Statement - counter = counter + 1: null

2018-12-14 01:39:35 - [TEST_STEP][PASSED] - Statement - PreSaveFile = new java.io.File(((pathPrefix + java.lang.Integer.toString(counter)) + .png)): null

2018-12-14 01:39:35 - [TEST_STEP][PASSED] - Statement - counter = counter + 1: null

2018-12-14 01:39:35 - [TEST_STEP][PASSED] - Statement - PreSaveFile = new java.io.File(((pathPrefix + java.lang.Integer.toString(counter)) + .png)): null

2018-12-14 01:39:35 - [TEST_STEP][PASSED] - Statement - counter = counter + 1: null

2018-12-14 01:39:35 - [TEST_STEP][PASSED] - Statement - PreSaveFile = new java.io.File(((pathPrefix + java.lang.Integer.toString(counter)) + .png)): null

2018-12-14 01:39:35 - [TEST_STEP][PASSED] - Statement - counter = counter + 1: null

2018-12-14 01:39:35 - [TEST_STEP][PASSED] - Statement - PreSaveFile = new java.io.File(((pathPrefix + java.lang.Integer.toString(counter)) + .png)): null

2018-12-14 01:39:35 - [TEST_STEP][PASSED] - Statement - counter = counter + 1: null

2018-12-14 01:39:35 - [TEST_STEP][PASSED] - Statement - PreSaveFile = new java.io.File(((pathPrefix + java.lang.Integer.toString(counter)) + .png)): null

2018-12-14 01:39:35 - [TEST_STEP][PASSED] - Statement - counter = counter + 1: null

2018-12-14 01:39:35 - [TEST_STEP][PASSED] - Statement - PreSaveFile = new java.io.File(((pathPrefix + java.lang.Integer.toString(counter)) + .png)): null

2018-12-14 01:39:35 - [TEST_STEP][PASSED] - Statement - counter = counter + 1: null

2018-12-14 01:39:35 - [TEST_STEP][PASSED] - Statement - PreSaveFile = new java.io.File(((pathPrefix + java.lang.Integer.toString(counter)) + .png)): null

2018-12-14 01:39:35 - [TEST_STEP][PASSED] - Statement - counter = counter + 1: null

2018-12-14 01:39:35 - [TEST_STEP][PASSED] - Statement - PreSaveFile = new java.io.File(((pathPrefix + java.lang.Integer.toString(counter)) + .png)): null

2018-12-14 01:39:35 - [TEST_STEP][PASSED] - Statement - counter = counter + 1: null

2018-12-14 01:39:35 - [TEST_STEP][PASSED] - Statement - PreSaveFile = new java.io.File(((pathPrefix + java.lang.Integer.toString(counter)) + .png)): null

2018-12-14 01:39:35 - [TEST_STEP][PASSED] - Statement - counter = counter + 1: null

2018-12-14 01:39:35 - [TEST_STEP][PASSED] - Statement - PreSaveFile = new java.io.File(((pathPrefix + java.lang.Integer.toString(counter)) + .png)): null

2018-12-14 01:39:35 - [TEST_STEP][PASSED] - Statement - counter = counter + 1: null

2018-12-14 01:39:35 - [TEST_STEP][PASSED] - Statement - PreSaveFile = new java.io.File(((pathPrefix + java.lang.Integer.toString(counter)) + .png)): null

2018-12-14 01:39:35 - [TEST_STEP][PASSED] - Statement - counter = counter + 1: null

2018-12-14 01:39:35 - [TEST_STEP][PASSED] - Statement - PreSaveFile = new java.io.File(((pathPrefix + java.lang.Integer.toString(counter)) + .png)): null

2018-12-14 01:39:35 - [TEST_STEP][PASSED] - Statement - counter = counter + 1: null

2018-12-14 01:39:35 - [TEST_STEP][PASSED] - Statement - PreSaveFile = new java.io.File(((pathPrefix + java.lang.Integer.toString(counter)) + .png)): null

2018-12-14 01:39:35 - [TEST_STEP][PASSED] - Statement - counter = counter + 1: null

2018-12-14 01:39:35 - [TEST_STEP][PASSED] - Statement - PreSaveFile = new java.io.File(((pathPrefix + java.lang.Integer.toString(counter)) + .png)): null

2018-12-14 01:39:35 - [TEST_STEP][PASSED] - Statement - counter = counter + 1: null

2018-12-14 01:39:35 - [TEST_STEP][PASSED] - Statement - PreSaveFile = new java.io.File(((pathPrefix + java.lang.Integer.toString(counter)) + .png)): null

2018-12-14 01:39:35 - [TEST_STEP][PASSED] - Statement - counter = counter + 1: null

2018-12-14 01:39:35 - [TEST_STEP][PASSED] - Statement - PreSaveFile = new java.io.File(((pathPrefix + java.lang.Integer.toString(counter)) + .png)): null

2018-12-14 01:39:35 - [TEST_STEP][PASSED] - Statement - counter = counter + 1: null

2018-12-14 01:39:35 - [TEST_STEP][PASSED] - Statement - PreSaveFile = new java.io.File(((pathPrefix + java.lang.Integer.toString(counter)) + .png)): null

2018-12-14 01:39:35 - [TEST_STEP][PASSED] - Statement - counter = counter + 1: null

2018-12-14 01:39:35 - [TEST_STEP][PASSED] - Statement - PreSaveFile = new java.io.File(((pathPrefix + java.lang.Integer.toString(counter)) + .png)): null

2018-12-14 01:39:35 - [TEST_STEP][PASSED] - Statement - counter = counter + 1: null

2018-12-14 01:39:35 - [TEST_STEP][PASSED] - Statement - PreSaveFile = new java.io.File(((pathPrefix + java.lang.Integer.toString(counter)) + .png)): null

2018-12-14 01:39:35 - [TEST_STEP][PASSED] - Statement - counter = counter + 1: null

2018-12-14 01:39:35 - [TEST_STEP][PASSED] - Statement - PreSaveFile = new java.io.File(((pathPrefix + java.lang.Integer.toString(counter)) + .png)): null

2018-12-14 01:39:35 - [TEST_STEP][PASSED] - Statement - counter = counter + 1: null

2018-12-14 01:39:35 - [TEST_STEP][PASSED] - Statement - PreSaveFile = new java.io.File(((pathPrefix + java.lang.Integer.toString(counter)) + .png)): null

2018-12-14 01:39:35 - [TEST_STEP][PASSED] - Statement - counter = counter + 1: null

2018-12-14 01:39:35 - [TEST_STEP][PASSED] - Statement - PreSaveFile = new java.io.File(((pathPrefix + java.lang.Integer.toString(counter)) + .png)): null

2018-12-14 01:39:35 - [TEST_STEP][PASSED] - Statement - counter = counter + 1: null

2018-12-14 01:39:35 - [TEST_STEP][PASSED] - Statement - PreSaveFile = new java.io.File(((pathPrefix + java.lang.Integer.toString(counter)) + .png)): null

2018-12-14 01:39:35 - [TEST_STEP][PASSED] - Statement - counter = counter + 1: null

2018-12-14 01:39:35 - [TEST_STEP][PASSED] - Statement - PreSaveFile = new java.io.File(((pathPrefix + java.lang.Integer.toString(counter)) + .png)): null

2018-12-14 01:39:35 - [TEST_STEP][PASSED] - Statement - counter = counter + 1: null

2018-12-14 01:39:35 - [TEST_STEP][PASSED] - Statement - PreSaveFile = new java.io.File(((pathPrefix + java.lang.Integer.toString(counter)) + .png)): null

2018-12-14 01:39:35 - [TEST_STEP][PASSED] - Statement - counter = counter + 1: null

2018-12-14 01:39:35 - [TEST_STEP][PASSED] - Statement - PreSaveFile = new java.io.File(((pathPrefix + java.lang.Integer.toString(counter)) + .png)): null

2018-12-14 01:39:35 - [TEST_STEP][PASSED] - Statement - counter = counter + 1: null

2018-12-14 01:39:35 - [TEST_STEP][PASSED] - Statement - PreSaveFile = new java.io.File(((pathPrefix + java.lang.Integer.toString(counter)) + .png)): null

2018-12-14 01:39:35 - [TEST_STEP][PASSED] - Statement - counter = counter + 1: null

2018-12-14 01:39:35 - [TEST_STEP][PASSED] - Statement - PreSaveFile = new java.io.File(((pathPrefix + java.lang.Integer.toString(counter)) + .png)): null

2018-12-14 01:39:35 - [TEST_STEP][PASSED] - Statement - counter = counter + 1: null

2018-12-14 01:39:35 - [TEST_STEP][PASSED] - Statement - PreSaveFile = new java.io.File(((pathPrefix + java.lang.Integer.toString(counter)) + .png)): null

2018-12-14 01:39:35 - [TEST_STEP][PASSED] - Statement - counter = counter + 1: null

2018-12-14 01:39:35 - [TEST_STEP][PASSED] - Statement - PreSaveFile = new java.io.File(((pathPrefix + java.lang.Integer.toString(counter)) + .png)): null

2018-12-14 01:39:35 - [TEST_STEP][PASSED] - Statement - counter = counter + 1: null

2018-12-14 01:39:35 - [TEST_STEP][PASSED] - Statement - PreSaveFile = new java.io.File(((pathPrefix + java.lang.Integer.toString(counter)) + .png)): null

2018-12-14 01:39:35 - [TEST_STEP][PASSED] - Statement - counter = counter + 1: null

2018-12-14 01:39:35 - [TEST_STEP][PASSED] - Statement - PreSaveFile = new java.io.File(((pathPrefix + java.lang.Integer.toString(counter)) + .png)): null

2018-12-14 01:39:35 - [TEST_STEP][PASSED] - Statement - counter = counter + 1: null

2018-12-14 01:39:35 - [TEST_STEP][PASSED] - Statement - PreSaveFile = new java.io.File(((pathPrefix + java.lang.Integer.toString(counter)) + .png)): null

2018-12-14 01:39:35 - [TEST_STEP][PASSED] - Statement - counter = counter + 1: null

2018-12-14 01:39:35 - [TEST_STEP][PASSED] - Statement - PreSaveFile = new java.io.File(((pathPrefix + java.lang.Integer.toString(counter)) + .png)): null

2018-12-14 01:39:35 - [TEST_STEP][PASSED] - Statement - counter = counter + 1: null

2018-12-14 01:39:35 - [TEST_STEP][PASSED] - Statement - PreSaveFile = new java.io.File(((pathPrefix + java.lang.Integer.toString(counter)) + .png)): null

2018-12-14 01:39:35 - [TEST_STEP][PASSED] - Statement - counter = counter + 1: null

2018-12-14 01:39:35 - [TEST_STEP][PASSED] - Statement - PreSaveFile = new java.io.File(((pathPrefix + java.lang.Integer.toString(counter)) + .png)): null

2018-12-14 01:39:35 - [TEST_STEP][PASSED] - Statement - counter = counter + 1: null

2018-12-14 01:39:35 - [TEST_STEP][PASSED] - Statement - PreSaveFile = new java.io.File(((pathPrefix + java.lang.Integer.toString(counter)) + .png)): null

2018-12-14 01:39:35 - [TEST_STEP][PASSED] - Statement - counter = counter + 1: null

2018-12-14 01:39:35 - [TEST_STEP][PASSED] - Statement - PreSaveFile = new java.io.File(((pathPrefix + java.lang.Integer.toString(counter)) + .png)): null

2018-12-14 01:39:35 - [TEST_STEP][PASSED] - Statement - counter = counter + 1: null

2018-12-14 01:39:35 - [TEST_STEP][PASSED] - Statement - PreSaveFile = new java.io.File(((pathPrefix + java.lang.Integer.toString(counter)) + .png)): null

2018-12-14 01:39:35 - [TEST_STEP][PASSED] - Statement - counter = counter + 1: null

2018-12-14 01:39:35 - [TEST_STEP][PASSED] - Statement - PreSaveFile = new java.io.File(((pathPrefix + java.lang.Integer.toString(counter)) + .png)): null

2018-12-14 01:39:35 - [TEST_STEP][PASSED] - Statement - counter = counter + 1: null

2018-12-14 01:39:35 - [TEST_STEP][PASSED] - Statement - PreSaveFile = new java.io.File(((pathPrefix + java.lang.Integer.toString(counter)) + .png)): null

2018-12-14 01:39:35 - [TEST_STEP][PASSED] - Statement - counter = counter + 1: null

2018-12-14 01:39:35 - [TEST_STEP][PASSED] - Statement - PreSaveFile = new java.io.File(((pathPrefix + java.lang.Integer.toString(counter)) + .png)): null

2018-12-14 01:39:35 - [TEST_STEP][PASSED] - Statement - counter = counter + 1: null

2018-12-14 01:39:35 - [TEST_STEP][PASSED] - Statement - PreSaveFile = new java.io.File(((pathPrefix + java.lang.Integer.toString(counter)) + .png)): null

2018-12-14 01:39:35 - [TEST_STEP][PASSED] - Statement - counter = counter + 1: null

2018-12-14 01:39:35 - [TEST_STEP][PASSED] - Statement - PreSaveFile = new java.io.File(((pathPrefix + java.lang.Integer.toString(counter)) + .png)): null

2018-12-14 01:39:35 - [TEST_STEP][PASSED] - Statement - counter = counter + 1: null

2018-12-14 01:39:35 - [TEST_STEP][PASSED] - Statement - PreSaveFile = new java.io.File(((pathPrefix + java.lang.Integer.toString(counter)) + .png)): null

2018-12-14 01:39:35 - [TEST_STEP][PASSED] - Statement - counter = counter + 1: null

2018-12-14 01:39:35 - [TEST_STEP][PASSED] - Statement - PreSaveFile = new java.io.File(((pathPrefix + java.lang.Integer.toString(counter)) + .png)): null

2018-12-14 01:39:35 - [TEST_STEP][PASSED] - Statement - counter = counter + 1: null

2018-12-14 01:39:35 - [TEST_STEP][PASSED] - Statement - PreSaveFile = new java.io.File(((pathPrefix + java.lang.Integer.toString(counter)) + .png)): null

2018-12-14 01:39:35 - [TEST_STEP][PASSED] - Statement - counter = counter + 1: null

2018-12-14 01:39:35 - [TEST_STEP][PASSED] - Statement - PreSaveFile = new java.io.File(((pathPrefix + java.lang.Integer.toString(counter)) + .png)): null

2018-12-14 01:39:35 - [TEST_STEP][PASSED] - Statement - counter = counter + 1: null

2018-12-14 01:39:35 - [TEST_STEP][PASSED] - Statement - PreSaveFile = new java.io.File(((pathPrefix + java.lang.Integer.toString(counter)) + .png)): null

2018-12-14 01:39:35 - [TEST_STEP][PASSED] - Statement - counter = counter + 1: null

2018-12-14 01:39:35 - [TEST_STEP][PASSED] - Statement - PreSaveFile = new java.io.File(((pathPrefix + java.lang.Integer.toString(counter)) + .png)): null

2018-12-14 01:39:35 - [TEST_STEP][PASSED] - Statement - counter = counter + 1: null

2018-12-14 01:39:35 - [TEST_STEP][PASSED] - Statement - PreSaveFile = new java.io.File(((pathPrefix + java.lang.Integer.toString(counter)) + .png)): null

2018-12-14 01:39:35 - [TEST_STEP][PASSED] - Statement - counter = counter + 1: null

2018-12-14 01:39:35 - [TEST_STEP][PASSED] - Statement - PreSaveFile = new java.io.File(((pathPrefix + java.lang.Integer.toString(counter)) + .png)): null

2018-12-14 01:39:35 - [TEST_STEP][PASSED] - Statement - counter = counter + 1: null

2018-12-14 01:39:35 - [TEST_STEP][PASSED] - Statement - PreSaveFile = new java.io.File(((pathPrefix + java.lang.Integer.toString(counter)) + .png)): null

2018-12-14 01:39:35 - [TEST_STEP][PASSED] - Statement - counter = counter + 1: null

2018-12-14 01:39:35 - [TEST_STEP][PASSED] - Statement - PreSaveFile = new java.io.File(((pathPrefix + java.lang.Integer.toString(counter)) + .png)): null

2018-12-14 01:39:35 - [TEST_STEP][PASSED] - Statement - counter = counter + 1: null

2018-12-14 01:39:35 - [TEST_STEP][PASSED] - Statement - PreSaveFile = new java.io.File(((pathPrefix + java.lang.Integer.toString(counter)) + .png)): null

2018-12-14 01:39:35 - [TEST_STEP][PASSED] - Statement - counter = counter + 1: null

2018-12-14 01:39:35 - [TEST_STEP][PASSED] - Statement - PreSaveFile = new java.io.File(((pathPrefix + java.lang.Integer.toString(counter)) + .png)): null

2018-12-14 01:39:35 - [TEST_STEP][PASSED] - Statement - counter = counter + 1: null

2018-12-14 01:39:35 - [TEST_STEP][PASSED] - Statement - PreSaveFile = new java.io.File(((pathPrefix + java.lang.Integer.toString(counter)) + .png)): null

2018-12-14 01:39:35 - [TEST_STEP][PASSED] - Statement - counter = counter + 1: null

2018-12-14 01:39:35 - [TEST_STEP][PASSED] - Statement - PreSaveFile = new java.io.File(((pathPrefix + java.lang.Integer.toString(counter)) + .png)): null

2018-12-14 01:39:35 - [TEST_STEP][PASSED] - Statement - counter = counter + 1: null

2018-12-14 01:39:35 - [TEST_STEP][PASSED] - Statement - PreSaveFile = new java.io.File(((pathPrefix + java.lang.Integer.toString(counter)) + .png)): null

2018-12-14 01:39:35 - [TEST_STEP][PASSED] - Statement - finalPath = pathPrefix + java.lang.Integer.toString(counter) + ".png": null

2018-12-14 01:39:35 - [TEST_STEP][PASSED] - Statement - SaveFile = new java.io.File(finalPath): null

2018-12-14 01:39:35 - [TEST_STEP][PASSED] - Statement - Try: null

2018-12-14 01:39:35 - [TEST_STEP][PASSED] - Statement - org.apache.commons.io.FileUtils.copyFile(scrFile, SaveFile): null

2018-12-14 01:39:35 - [TEST_STEP][PASSED] - Statement - out.println("file kept"): null

2018-12-14 01:39:35 - [TEST_STEP][PASSED] - delay: Delayed 10 second(s)

2018-12-14 01:39:45 - [MESSAGE][PASSED] - Delayed 10 second(s)

2018-12-14 01:39:45 - [MESSAGE][PASSED] - Call Test Case 'Test Cases/Final Aug 2018 - PKS Automation/Common/Screenshoting tool' successfully]]></system-out>
         <system-err><![CDATA[2018-12-14 01:24:28 - [TEST_CASE][FAILED] - Test Cases/Final Aug 2018 - PKS Automation/Registration Module/Workflow/Update Add New Employee/Special Case (OTC - PKR BO -  RO Approve): Test Cases/Final Aug 2018 - PKS Automation/Registration Module/Workflow/Update Add New Employee/Special Case (OTC - PKR BO -  RO Approve) FAILED because (of) (Stack trace: com.kms.katalon.core.exception.StepFailedException: Unable to set text 'CAN12201800002352' of object 'Object Repository/Final Object Repo/New Registration - Registration Module Pages/New Reg - OTC to RO/Special Case - All Related Objects/TextBox RefNo in Workbasket' (Root cause: org.openqa.selenium.ElementNotVisibleException: element not interactable
  (Session info: chrome=70.0.3538.110)
  (Driver info: chromedriver=2.43.600210 (68dcf5eebde37173d4027fa8635e332711d2874a),platform=Windows NT 6.1.7601 SP1 x86_64) (WARNING: The server did not provide any stacktrace information)
Command duration or timeout: 0 milliseconds
Build info: version: '3.7.1', revision: '8a0099a', time: '2017-11-06T21:07:36.161Z'
System info: host: 'WIN7TEST02', ip: '10.20.3.72', os.name: 'Windows 7', os.arch: 'amd64', os.version: '6.1', java.version: '1.8.0_181'
Driver info: com.kms.katalon.selenium.driver.CChromeDriver
Capabilities {acceptInsecureCerts: false, acceptSslCerts: false, applicationCacheEnabled: false, browserConnectionEnabled: false, browserName: chrome, chrome: {chromedriverVersion: 2.43.600210 (68dcf5eebde371..., userDataDir: C:\Users\Admin\AppData\Loca...}, cssSelectorsEnabled: true, databaseEnabled: false, goog:chromeOptions: {debuggerAddress: localhost:63859}, handlesAlerts: true, hasTouchScreen: false, javascriptEnabled: true, locationContextEnabled: true, mobileEmulationEnabled: false, nativeEvents: true, networkConnectionEnabled: false, pageLoadStrategy: normal, platform: XP, platformName: XP, rotatable: false, setWindowRect: true, takesHeapSnapshot: true, takesScreenshot: true, unexpectedAlertBehaviour: , unhandledPromptBehavior: , version: 70.0.3538.110, webStorageEnabled: true}
Session ID: f36e03365a9439ec7945cfc60cce6307)
	at com.kms.katalon.core.keyword.internal.KeywordMain.stepFailed(KeywordMain.groovy:32)
	at com.kms.katalon.core.webui.keyword.internal.WebUIKeywordMain.stepFailed(WebUIKeywordMain.groovy:65)
	at com.kms.katalon.core.webui.keyword.internal.WebUIKeywordMain.runKeyword(WebUIKeywordMain.groovy:27)
	at com.kms.katalon.core.webui.keyword.builtin.SetTextKeyword.setText(SetTextKeyword.groovy:65)
	at com.kms.katalon.core.webui.keyword.builtin.SetTextKeyword.execute(SetTextKeyword.groovy:37)
	at com.kms.katalon.core.keyword.internal.KeywordExecutor.executeKeywordForPlatform(KeywordExecutor.groovy:53)
	at com.kms.katalon.core.webui.keyword.WebUiBuiltInKeywords.setText(WebUiBuiltInKeywords.groovy:950)
	at com.kms.katalon.core.webui.keyword.WebUiBuiltInKeywords$setText$1.call(Unknown Source)
	at org.codehaus.groovy.runtime.callsite.CallSiteArray.defaultCall(CallSiteArray.java:48)
	at org.codehaus.groovy.runtime.callsite.AbstractCallSite.call(AbstractCallSite.java:113)
	at org.codehaus.groovy.runtime.callsite.AbstractCallSite.call(AbstractCallSite.java:133)
	at Script1536290785236.run(Script1536290785236.groovy:253)
	at com.kms.katalon.core.main.ScriptEngine.run(ScriptEngine.java:183)
	at com.kms.katalon.core.main.ScriptEngine.runScriptAsRawText(ScriptEngine.java:108)
	at com.kms.katalon.core.main.TestCaseExecutor.runScript(TestCaseExecutor.java:294)
	at com.kms.katalon.core.main.TestCaseExecutor.doExecute(TestCaseExecutor.java:285)
	at com.kms.katalon.core.main.TestCaseExecutor.processExecutionPhase(TestCaseExecutor.java:264)
	at com.kms.katalon.core.main.TestCaseExecutor.accessMainPhase(TestCaseExecutor.java:256)
	at com.kms.katalon.core.main.TestCaseExecutor.execute(TestCaseExecutor.java:200)
	at com.kms.katalon.core.main.TestSuiteExecutor.accessTestCaseMainPhase(TestSuiteExecutor.java:129)
	at com.kms.katalon.core.main.TestSuiteExecutor.accessTestSuiteMainPhase(TestSuiteExecutor.java:112)
	at com.kms.katalon.core.main.TestSuiteExecutor.execute(TestSuiteExecutor.java:81)
	at com.kms.katalon.core.main.TestCaseMain.startTestSuite(TestCaseMain.java:142)
	at com.kms.katalon.core.main.TestCaseMain$startTestSuite$0.call(Unknown Source)
	at org.codehaus.groovy.runtime.callsite.CallSiteArray.defaultCall(CallSiteArray.java:48)
	at org.codehaus.groovy.runtime.callsite.AbstractCallSite.call(AbstractCallSite.java:113)
	at org.codehaus.groovy.runtime.callsite.AbstractCallSite.call(AbstractCallSite.java:141)
	at TempTestSuite1544713124582.run(TempTestSuite1544713124582.groovy:36)
	at groovy.lang.GroovyShell.runScriptOrMainOrTestOrRunnable(GroovyShell.java:263)
	at groovy.lang.GroovyShell.run(GroovyShell.java:518)
	at groovy.lang.GroovyShell.run(GroovyShell.java:507)
	at groovy.ui.GroovyMain.processOnce(GroovyMain.java:653)
	at groovy.ui.GroovyMain.run(GroovyMain.java:384)
	at groovy.ui.GroovyMain.process(GroovyMain.java:370)
	at groovy.ui.GroovyMain.processArgs(GroovyMain.java:129)
	at groovy.ui.GroovyMain.main(GroovyMain.java:109)
	at sun.reflect.NativeMethodAccessorImpl.invoke0(Native Method)
	at sun.reflect.NativeMethodAccessorImpl.invoke(NativeMethodAccessorImpl.java:62)
	at sun.reflect.DelegatingMethodAccessorImpl.invoke(DelegatingMethodAccessorImpl.java:43)
	at java.lang.reflect.Method.invoke(Method.java:498)
	at org.codehaus.groovy.tools.GroovyStarter.rootLoader(GroovyStarter.java:109)
	at org.codehaus.groovy.tools.GroovyStarter.main(GroovyStarter.java:131)
)]]></system-err>
      </testcase>
      <testcase name="Test Cases/Final Aug 2018 - PKS Automation/Registration Module/Workflow/Update Add New Employee/Special Case (OTC - PKR BO -  RO Under Enforcement)" classname="Test Cases/Final Aug 2018 - PKS Automation/Registration Module/Workflow/Update Add New Employee/Special Case (OTC - PKR BO -  RO Under Enforcement)" status="FAILED">
         <failure type="FAILED" message="(Stack trace: com.kms.katalon.core.exception.StepFailedException: Unable to set text 'CAN12201800002353' of object 'Object Repository/Final Object Repo/New Registration - Registration Module Pages/New Reg - OTC to RO/Special Case - All Related Objects/TextBox RefNo in Workbasket' (Root cause: org.openqa.selenium.ElementNotVisibleException: element not interactable
  (Session info: chrome=70.0.3538.110)
  (Driver info: chromedriver=2.43.600210 (68dcf5eebde37173d4027fa8635e332711d2874a),platform=Windows NT 6.1.7601 SP1 x86_64) (WARNING: The server did not provide any stacktrace information)
Command duration or timeout: 0 milliseconds
Build info: version: '3.7.1', revision: '8a0099a', time: '2017-11-06T21:07:36.161Z'
System info: host: 'WIN7TEST02', ip: '10.20.3.72', os.name: 'Windows 7', os.arch: 'amd64', os.version: '6.1', java.version: '1.8.0_181'
Driver info: com.kms.katalon.selenium.driver.CChromeDriver
Capabilities {acceptInsecureCerts: false, acceptSslCerts: false, applicationCacheEnabled: false, browserConnectionEnabled: false, browserName: chrome, chrome: {chromedriverVersion: 2.43.600210 (68dcf5eebde371..., userDataDir: C:\Users\Admin\AppData\Loca...}, cssSelectorsEnabled: true, databaseEnabled: false, goog:chromeOptions: {debuggerAddress: localhost:64030}, handlesAlerts: true, hasTouchScreen: false, javascriptEnabled: true, locationContextEnabled: true, mobileEmulationEnabled: false, nativeEvents: true, networkConnectionEnabled: false, pageLoadStrategy: normal, platform: XP, platformName: XP, rotatable: false, setWindowRect: true, takesHeapSnapshot: true, takesScreenshot: true, unexpectedAlertBehaviour: , unhandledPromptBehavior: , version: 70.0.3538.110, webStorageEnabled: true}
Session ID: d70461dcecc9484db3fa11e1d96055a4)
	at com.kms.katalon.core.keyword.internal.KeywordMain.stepFailed(KeywordMain.groovy:32)
	at com.kms.katalon.core.webui.keyword.internal.WebUIKeywordMain.stepFailed(WebUIKeywordMain.groovy:65)
	at com.kms.katalon.core.webui.keyword.internal.WebUIKeywordMain.runKeyword(WebUIKeywordMain.groovy:27)
	at com.kms.katalon.core.webui.keyword.builtin.SetTextKeyword.setText(SetTextKeyword.groovy:65)
	at com.kms.katalon.core.webui.keyword.builtin.SetTextKeyword.execute(SetTextKeyword.groovy:37)
	at com.kms.katalon.core.keyword.internal.KeywordExecutor.executeKeywordForPlatform(KeywordExecutor.groovy:53)
	at com.kms.katalon.core.webui.keyword.WebUiBuiltInKeywords.setText(WebUiBuiltInKeywords.groovy:950)
	at com.kms.katalon.core.webui.keyword.WebUiBuiltInKeywords$setText$1.call(Unknown Source)
	at org.codehaus.groovy.runtime.callsite.CallSiteArray.defaultCall(CallSiteArray.java:48)
	at org.codehaus.groovy.runtime.callsite.AbstractCallSite.call(AbstractCallSite.java:113)
	at org.codehaus.groovy.runtime.callsite.AbstractCallSite.call(AbstractCallSite.java:133)
	at Script1536307034674.run(Script1536307034674.groovy:253)
	at com.kms.katalon.core.main.ScriptEngine.run(ScriptEngine.java:183)
	at com.kms.katalon.core.main.ScriptEngine.runScriptAsRawText(ScriptEngine.java:108)
	at com.kms.katalon.core.main.TestCaseExecutor.runScript(TestCaseExecutor.java:294)
	at com.kms.katalon.core.main.TestCaseExecutor.doExecute(TestCaseExecutor.java:285)
	at com.kms.katalon.core.main.TestCaseExecutor.processExecutionPhase(TestCaseExecutor.java:264)
	at com.kms.katalon.core.main.TestCaseExecutor.accessMainPhase(TestCaseExecutor.java:256)
	at com.kms.katalon.core.main.TestCaseExecutor.execute(TestCaseExecutor.java:200)
	at com.kms.katalon.core.main.TestSuiteExecutor.accessTestCaseMainPhase(TestSuiteExecutor.java:129)
	at com.kms.katalon.core.main.TestSuiteExecutor.accessTestSuiteMainPhase(TestSuiteExecutor.java:112)
	at com.kms.katalon.core.main.TestSuiteExecutor.execute(TestSuiteExecutor.java:81)
	at com.kms.katalon.core.main.TestCaseMain.startTestSuite(TestCaseMain.java:142)
	at com.kms.katalon.core.main.TestCaseMain$startTestSuite$0.call(Unknown Source)
	at org.codehaus.groovy.runtime.callsite.CallSiteArray.defaultCall(CallSiteArray.java:48)
	at org.codehaus.groovy.runtime.callsite.AbstractCallSite.call(AbstractCallSite.java:113)
	at org.codehaus.groovy.runtime.callsite.AbstractCallSite.call(AbstractCallSite.java:141)
	at TempTestSuite1544713124582.run(TempTestSuite1544713124582.groovy:36)
	at groovy.lang.GroovyShell.runScriptOrMainOrTestOrRunnable(GroovyShell.java:263)
	at groovy.lang.GroovyShell.run(GroovyShell.java:518)
	at groovy.lang.GroovyShell.run(GroovyShell.java:507)
	at groovy.ui.GroovyMain.processOnce(GroovyMain.java:653)
	at groovy.ui.GroovyMain.run(GroovyMain.java:384)
	at groovy.ui.GroovyMain.process(GroovyMain.java:370)
	at groovy.ui.GroovyMain.processArgs(GroovyMain.java:129)
	at groovy.ui.GroovyMain.main(GroovyMain.java:109)
	at sun.reflect.NativeMethodAccessorImpl.invoke0(Native Method)
	at sun.reflect.NativeMethodAccessorImpl.invoke(NativeMethodAccessorImpl.java:62)
	at sun.reflect.DelegatingMethodAccessorImpl.invoke(DelegatingMethodAccessorImpl.java:43)
	at java.lang.reflect.Method.invoke(Method.java:498)
	at org.codehaus.groovy.tools.GroovyStarter.rootLoader(GroovyStarter.java:109)
	at org.codehaus.groovy.tools.GroovyStarter.main(GroovyStarter.java:131)
)"/>
         <system-out><![CDATA[2018-12-14 01:39:45 - [TEST_CASE][FAILED] - Test Cases/Final Aug 2018 - PKS Automation/Registration Module/Workflow/Update Add New Employee/Special Case (OTC - PKR BO -  RO Under Enforcement): Test Cases/Final Aug 2018 - PKS Automation/Registration Module/Workflow/Update Add New Employee/Special Case (OTC - PKR BO -  RO Under Enforcement) FAILED because (of) (Stack trace: com.kms.katalon.core.exception.StepFailedException: Unable to set text 'CAN12201800002353' of object 'Object Repository/Final Object Repo/New Registration - Registration Module Pages/New Reg - OTC to RO/Special Case - All Related Objects/TextBox RefNo in Workbasket' (Root cause: org.openqa.selenium.ElementNotVisibleException: element not interactable
  (Session info: chrome=70.0.3538.110)
  (Driver info: chromedriver=2.43.600210 (68dcf5eebde37173d4027fa8635e332711d2874a),platform=Windows NT 6.1.7601 SP1 x86_64) (WARNING: The server did not provide any stacktrace information)
Command duration or timeout: 0 milliseconds
Build info: version: '3.7.1', revision: '8a0099a', time: '2017-11-06T21:07:36.161Z'
System info: host: 'WIN7TEST02', ip: '10.20.3.72', os.name: 'Windows 7', os.arch: 'amd64', os.version: '6.1', java.version: '1.8.0_181'
Driver info: com.kms.katalon.selenium.driver.CChromeDriver
Capabilities {acceptInsecureCerts: false, acceptSslCerts: false, applicationCacheEnabled: false, browserConnectionEnabled: false, browserName: chrome, chrome: {chromedriverVersion: 2.43.600210 (68dcf5eebde371..., userDataDir: C:\Users\Admin\AppData\Loca...}, cssSelectorsEnabled: true, databaseEnabled: false, goog:chromeOptions: {debuggerAddress: localhost:64030}, handlesAlerts: true, hasTouchScreen: false, javascriptEnabled: true, locationContextEnabled: true, mobileEmulationEnabled: false, nativeEvents: true, networkConnectionEnabled: false, pageLoadStrategy: normal, platform: XP, platformName: XP, rotatable: false, setWindowRect: true, takesHeapSnapshot: true, takesScreenshot: true, unexpectedAlertBehaviour: , unhandledPromptBehavior: , version: 70.0.3538.110, webStorageEnabled: true}
Session ID: d70461dcecc9484db3fa11e1d96055a4)
	at com.kms.katalon.core.keyword.internal.KeywordMain.stepFailed(KeywordMain.groovy:32)
	at com.kms.katalon.core.webui.keyword.internal.WebUIKeywordMain.stepFailed(WebUIKeywordMain.groovy:65)
	at com.kms.katalon.core.webui.keyword.internal.WebUIKeywordMain.runKeyword(WebUIKeywordMain.groovy:27)
	at com.kms.katalon.core.webui.keyword.builtin.SetTextKeyword.setText(SetTextKeyword.groovy:65)
	at com.kms.katalon.core.webui.keyword.builtin.SetTextKeyword.execute(SetTextKeyword.groovy:37)
	at com.kms.katalon.core.keyword.internal.KeywordExecutor.executeKeywordForPlatform(KeywordExecutor.groovy:53)
	at com.kms.katalon.core.webui.keyword.WebUiBuiltInKeywords.setText(WebUiBuiltInKeywords.groovy:950)
	at com.kms.katalon.core.webui.keyword.WebUiBuiltInKeywords$setText$1.call(Unknown Source)
	at org.codehaus.groovy.runtime.callsite.CallSiteArray.defaultCall(CallSiteArray.java:48)
	at org.codehaus.groovy.runtime.callsite.AbstractCallSite.call(AbstractCallSite.java:113)
	at org.codehaus.groovy.runtime.callsite.AbstractCallSite.call(AbstractCallSite.java:133)
	at Script1536307034674.run(Script1536307034674.groovy:253)
	at com.kms.katalon.core.main.ScriptEngine.run(ScriptEngine.java:183)
	at com.kms.katalon.core.main.ScriptEngine.runScriptAsRawText(ScriptEngine.java:108)
	at com.kms.katalon.core.main.TestCaseExecutor.runScript(TestCaseExecutor.java:294)
	at com.kms.katalon.core.main.TestCaseExecutor.doExecute(TestCaseExecutor.java:285)
	at com.kms.katalon.core.main.TestCaseExecutor.processExecutionPhase(TestCaseExecutor.java:264)
	at com.kms.katalon.core.main.TestCaseExecutor.accessMainPhase(TestCaseExecutor.java:256)
	at com.kms.katalon.core.main.TestCaseExecutor.execute(TestCaseExecutor.java:200)
	at com.kms.katalon.core.main.TestSuiteExecutor.accessTestCaseMainPhase(TestSuiteExecutor.java:129)
	at com.kms.katalon.core.main.TestSuiteExecutor.accessTestSuiteMainPhase(TestSuiteExecutor.java:112)
	at com.kms.katalon.core.main.TestSuiteExecutor.execute(TestSuiteExecutor.java:81)
	at com.kms.katalon.core.main.TestCaseMain.startTestSuite(TestCaseMain.java:142)
	at com.kms.katalon.core.main.TestCaseMain$startTestSuite$0.call(Unknown Source)
	at org.codehaus.groovy.runtime.callsite.CallSiteArray.defaultCall(CallSiteArray.java:48)
	at org.codehaus.groovy.runtime.callsite.AbstractCallSite.call(AbstractCallSite.java:113)
	at org.codehaus.groovy.runtime.callsite.AbstractCallSite.call(AbstractCallSite.java:141)
	at TempTestSuite1544713124582.run(TempTestSuite1544713124582.groovy:36)
	at groovy.lang.GroovyShell.runScriptOrMainOrTestOrRunnable(GroovyShell.java:263)
	at groovy.lang.GroovyShell.run(GroovyShell.java:518)
	at groovy.lang.GroovyShell.run(GroovyShell.java:507)
	at groovy.ui.GroovyMain.processOnce(GroovyMain.java:653)
	at groovy.ui.GroovyMain.run(GroovyMain.java:384)
	at groovy.ui.GroovyMain.process(GroovyMain.java:370)
	at groovy.ui.GroovyMain.processArgs(GroovyMain.java:129)
	at groovy.ui.GroovyMain.main(GroovyMain.java:109)
	at sun.reflect.NativeMethodAccessorImpl.invoke0(Native Method)
	at sun.reflect.NativeMethodAccessorImpl.invoke(NativeMethodAccessorImpl.java:62)
	at sun.reflect.DelegatingMethodAccessorImpl.invoke(DelegatingMethodAccessorImpl.java:43)
	at java.lang.reflect.Method.invoke(Method.java:498)
	at org.codehaus.groovy.tools.GroovyStarter.rootLoader(GroovyStarter.java:109)
	at org.codehaus.groovy.tools.GroovyStarter.main(GroovyStarter.java:131)
)

2018-12-14 01:39:46 - [TEST_STEP][PASSED] - callTestCase: Call Test Case 'Test Cases/Final Aug 2018 - PKS Automation/Registration Module/Workflow/Update Add New Employee/Template/New Company for Update Add New' successfully

2018-12-14 01:39:46 - [TEST_CASE][PASSED] - Test Cases/Final Aug 2018 - PKS Automation/Registration Module/Workflow/Update Add New Employee/Template/New Company for Update Add New: Test Cases/Final Aug 2018 - PKS Automation/Registration Module/Workflow/Update Add New Employee/Template/New Company for Update Add New

2018-12-14 01:39:46 - [TEST_STEP][PASSED] - callTestCase: Call Test Case 'Test Cases/Final Aug 2018 - PKS Automation/Registration Module/New Registration/Form 1/Form 1 - Corporation - BHD' successfully

2018-12-14 01:39:46 - [TEST_CASE][PASSED] - Test Cases/Final Aug 2018 - PKS Automation/Registration Module/New Registration/Form 1/Form 1 - Corporation - BHD: Test Cases/Final Aug 2018 - PKS Automation/Registration Module/New Registration/Form 1/Form 1 - Corporation - BHD

2018-12-14 01:39:46 - [TEST_STEP][PASSED] - openBrowser: Browser is opened with url: ''

2018-12-14 01:39:46 - [MESSAGE][WARNING] - A browser is already opened. Closing browser and opening a new one

2018-12-14 01:39:50 - [MESSAGE][PASSED] - Browser is opened with url: ''

2018-12-14 01:39:50 - [TEST_STEP][PASSED] - navigateToUrl: Navigate to 'https://assist2-uat.perkeso.gov.my/login' successfully

2018-12-14 01:39:51 - [MESSAGE][PASSED] - Navigate to 'https://assist2-uat.perkeso.gov.my/login' successfully

2018-12-14 01:39:51 - [TEST_STEP][PASSED] - setText: Text 'johorotc1@gmail.com' is set on object 'Object Repository/Final Object Repo/Login Page/Internal User/Email Address'

2018-12-14 01:39:51 - [MESSAGE][PASSED] - Text 'johorotc1@gmail.com' is set on object 'Object Repository/Final Object Repo/Login Page/Internal User/Email Address'

2018-12-14 01:39:51 - [TEST_STEP][PASSED] - click: Object: 'Object Repository/Final Object Repo/Login Page/Internal User/Next Button' is clicked on

2018-12-14 01:39:52 - [MESSAGE][PASSED] - Object: 'Object Repository/Final Object Repo/Login Page/Internal User/Next Button' is clicked on

2018-12-14 01:39:52 - [TEST_STEP][PASSED] - delay: Delayed 1 second(s)

2018-12-14 01:39:53 - [MESSAGE][PASSED] - Delayed 1 second(s)

2018-12-14 01:39:53 - [TEST_STEP][PASSED] - setEncryptedText: Text ****** has been set on object 'Object Repository/Final Object Repo/Login Page/Internal User/Password'

2018-12-14 01:39:53 - [MESSAGE][PASSED] - Text ****** has been set on object 'Object Repository/Final Object Repo/Login Page/Internal User/Password'

2018-12-14 01:39:53 - [TEST_STEP][PASSED] - click: Object: 'Object Repository/Final Object Repo/Login Page/Internal User/Login Button' is clicked on

2018-12-14 01:39:53 - [MESSAGE][PASSED] - Object: 'Object Repository/Final Object Repo/Login Page/Internal User/Login Button' is clicked on

2018-12-14 01:39:53 - [TEST_STEP][PASSED] - delay: Delayed 1 second(s)

2018-12-14 01:39:54 - [MESSAGE][PASSED] - Delayed 1 second(s)

2018-12-14 01:39:54 - [TEST_STEP][PASSED] - Statement - Try: Delayed 2 second(s)

2018-12-14 01:39:54 - [TEST_STEP][PASSED] - Statement - Checker = false: null

2018-12-14 01:39:54 - [TEST_STEP][PASSED] - Statement - Checker = com.kms.katalon.core.webui.keyword.WebUiBuiltInKeywords.verifyElementHasAttribute(com.kms.katalon.core.testobject.ObjectRepository.findTestObject(Final Object Repo/Landing Page/BM Detecting), "href", 20, OPTIONAL): Object 'Object Repository/Final Object Repo/Landing Page/BM Detecting' has attribute 'href'

2018-12-14 01:39:55 - [MESSAGE][PASSED] - Object 'Object Repository/Final Object Repo/Landing Page/BM Detecting' has attribute 'href'

2018-12-14 01:39:55 - [TEST_STEP][PASSED] - Statement - out.println(Checker): null

2018-12-14 01:39:55 - [TEST_STEP][PASSED] - Statement - If (Checker == false): null

2018-12-14 01:39:55 - [TEST_STEP][PASSED] - Statement - Else: null

2018-12-14 01:39:55 - [TEST_STEP][PASSED] - delay: Delayed 2 second(s)

2018-12-14 01:39:57 - [MESSAGE][PASSED] - Delayed 2 second(s)

2018-12-14 01:39:57 - [TEST_STEP][PASSED] - navigateToUrl: Navigate to 'https://assist2-uat.perkeso.gov.my/web/registration/registration' successfully

2018-12-14 01:39:58 - [MESSAGE][PASSED] - Navigate to 'https://assist2-uat.perkeso.gov.my/web/registration/registration' successfully

2018-12-14 01:39:58 - [TEST_STEP][PASSED] - click: Object: 'Object Repository/Final Object Repo/New Registration - Registration Module Pages/Form 1/AEC - No' is clicked on

2018-12-14 01:39:59 - [MESSAGE][PASSED] - Object: 'Object Repository/Final Object Repo/New Registration - Registration Module Pages/Form 1/AEC - No' is clicked on

2018-12-14 01:39:59 - [TEST_STEP][PASSED] - click: Object: 'Object Repository/Final Object Repo/New Registration - Registration Module Pages/Form 1/Business Entity' is clicked on

2018-12-14 01:39:59 - [MESSAGE][PASSED] - Object: 'Object Repository/Final Object Repo/New Registration - Registration Module Pages/Form 1/Business Entity' is clicked on

2018-12-14 01:39:59 - [TEST_STEP][PASSED] - click: Object: 'Object Repository/Final Object Repo/New Registration - Registration Module Pages/Form 1/Businees Entity - Corporation' is clicked on

2018-12-14 01:39:59 - [MESSAGE][PASSED] - Object: 'Object Repository/Final Object Repo/New Registration - Registration Module Pages/Form 1/Businees Entity - Corporation' is clicked on

2018-12-14 01:39:59 - [TEST_STEP][PASSED] - delay: Delayed 1 second(s)

2018-12-14 01:40:00 - [MESSAGE][PASSED] - Delayed 1 second(s)

2018-12-14 01:40:00 - [TEST_STEP][PASSED] - click: Object: 'Object Repository/Final Object Repo/New Registration - Registration Module Pages/Form 1/Sub Business Entity' is clicked on

2018-12-14 01:40:00 - [MESSAGE][PASSED] - Object: 'Object Repository/Final Object Repo/New Registration - Registration Module Pages/Form 1/Sub Business Entity' is clicked on

2018-12-14 01:40:00 - [TEST_STEP][PASSED] - click: Object: 'Object Repository/Final Object Repo/New Registration - Registration Module Pages/Form 1/Sub Business Entity - Berhad' is clicked on

2018-12-14 01:40:00 - [MESSAGE][PASSED] - Object: 'Object Repository/Final Object Repo/New Registration - Registration Module Pages/Form 1/Sub Business Entity - Berhad' is clicked on

2018-12-14 01:40:00 - [TEST_STEP][PASSED] - delay: Delayed 1 second(s)

2018-12-14 01:40:01 - [MESSAGE][PASSED] - Delayed 1 second(s)

2018-12-14 01:40:01 - [TEST_STEP][PASSED] - setText: Text '123' is set on object 'Object Repository/Final Object Repo/New Registration - Registration Module Pages/Form 1/Registration Number'

2018-12-14 01:40:02 - [MESSAGE][PASSED] - Text '123' is set on object 'Object Repository/Final Object Repo/New Registration - Registration Module Pages/Form 1/Registration Number'

2018-12-14 01:40:02 - [TEST_STEP][PASSED] - click: Object: 'Object Repository/Final Object Repo/New Registration - Registration Module Pages/Form 1/Registred with SSM - Before Feb' is clicked on

2018-12-14 01:40:02 - [MESSAGE][PASSED] - Object: 'Object Repository/Final Object Repo/New Registration - Registration Module Pages/Form 1/Registred with SSM - Before Feb' is clicked on

2018-12-14 01:40:02 - [TEST_STEP][PASSED] - click: Object: 'Object Repository/Final Object Repo/New Registration - Registration Module Pages/Form 1/Registered As a Branch - Yes' is clicked on

2018-12-14 01:40:02 - [MESSAGE][PASSED] - Object: 'Object Repository/Final Object Repo/New Registration - Registration Module Pages/Form 1/Registered As a Branch - Yes' is clicked on

2018-12-14 01:40:02 - [TEST_STEP][PASSED] - click: Object: 'Object Repository/Final Object Repo/New Registration - Registration Module Pages/Form 1/Acknowledgement' is clicked on

2018-12-14 01:40:02 - [MESSAGE][PASSED] - Object: 'Object Repository/Final Object Repo/New Registration - Registration Module Pages/Form 1/Acknowledgement' is clicked on

2018-12-14 01:40:02 - [TEST_STEP][PASSED] - setText: Text 'perkeso' is set on object 'Object Repository/Final Object Repo/New Registration - Registration Module Pages/Form 1/Industry name'

2018-12-14 01:40:03 - [MESSAGE][PASSED] - Text 'perkeso' is set on object 'Object Repository/Final Object Repo/New Registration - Registration Module Pages/Form 1/Industry name'

2018-12-14 01:40:03 - [TEST_STEP][PASSED] - setText: Text 'perkeso1' is set on object 'Object Repository/Final Object Repo/New Registration - Registration Module Pages/Form 1/Postal Address1'

2018-12-14 01:40:03 - [MESSAGE][PASSED] - Text 'perkeso1' is set on object 'Object Repository/Final Object Repo/New Registration - Registration Module Pages/Form 1/Postal Address1'

2018-12-14 01:40:03 - [TEST_STEP][PASSED] - setText: Text 'perkeso2' is set on object 'Object Repository/Final Object Repo/New Registration - Registration Module Pages/Form 1/Postal Address2'

2018-12-14 01:40:03 - [MESSAGE][PASSED] - Text 'perkeso2' is set on object 'Object Repository/Final Object Repo/New Registration - Registration Module Pages/Form 1/Postal Address2'

2018-12-14 01:40:03 - [TEST_STEP][PASSED] - setText: Text 'perkeso3' is set on object 'Object Repository/Final Object Repo/New Registration - Registration Module Pages/Form 1/Postal Address3'

2018-12-14 01:40:04 - [MESSAGE][PASSED] - Text 'perkeso3' is set on object 'Object Repository/Final Object Repo/New Registration - Registration Module Pages/Form 1/Postal Address3'

2018-12-14 01:40:04 - [TEST_STEP][PASSED] - click: Object: 'Object Repository/Final Object Repo/New Registration - Registration Module Pages/Form 1/State' is clicked on

2018-12-14 01:40:04 - [MESSAGE][PASSED] - Object: 'Object Repository/Final Object Repo/New Registration - Registration Module Pages/Form 1/State' is clicked on

2018-12-14 01:40:04 - [TEST_STEP][PASSED] - click: Object: 'Object Repository/Final Object Repo/New Registration - Registration Module Pages/Form 1/State - Johor' is clicked on

2018-12-14 01:40:04 - [MESSAGE][PASSED] - Object: 'Object Repository/Final Object Repo/New Registration - Registration Module Pages/Form 1/State - Johor' is clicked on

2018-12-14 01:40:04 - [TEST_STEP][PASSED] - delay: Delayed 1 second(s)

2018-12-14 01:40:05 - [MESSAGE][PASSED] - Delayed 1 second(s)

2018-12-14 01:40:05 - [TEST_STEP][PASSED] - click: Object: 'Object Repository/Final Object Repo/New Registration - Registration Module Pages/Form 1/City' is clicked on

2018-12-14 01:40:05 - [MESSAGE][PASSED] - Object: 'Object Repository/Final Object Repo/New Registration - Registration Module Pages/Form 1/City' is clicked on

2018-12-14 01:40:05 - [TEST_STEP][PASSED] - setText: Text 'joh' is set on object 'Object Repository/Final Object Repo/New Registration - Registration Module Pages/Form 1/Postcode - 810'

2018-12-14 01:40:05 - [MESSAGE][PASSED] - Text 'joh' is set on object 'Object Repository/Final Object Repo/New Registration - Registration Module Pages/Form 1/Postcode - 810'

2018-12-14 01:40:05 - [TEST_STEP][PASSED] - delay: Delayed 1 second(s)

2018-12-14 01:40:06 - [MESSAGE][PASSED] - Delayed 1 second(s)

2018-12-14 01:40:06 - [TEST_STEP][PASSED] - click: Object: 'Object Repository/Final Object Repo/New Registration - Registration Module Pages/Form 1/City - Johor Bharu' is clicked on

2018-12-14 01:40:07 - [MESSAGE][PASSED] - Object: 'Object Repository/Final Object Repo/New Registration - Registration Module Pages/Form 1/City - Johor Bharu' is clicked on

2018-12-14 01:40:07 - [TEST_STEP][PASSED] - delay: Delayed 1 second(s)

2018-12-14 01:40:08 - [MESSAGE][PASSED] - Delayed 1 second(s)

2018-12-14 01:40:08 - [TEST_STEP][PASSED] - click: Object: 'Object Repository/Final Object Repo/New Registration - Registration Module Pages/Form 1/Postcode' is clicked on

2018-12-14 01:40:08 - [MESSAGE][PASSED] - Object: 'Object Repository/Final Object Repo/New Registration - Registration Module Pages/Form 1/Postcode' is clicked on

2018-12-14 01:40:08 - [TEST_STEP][PASSED] - delay: Delayed 1 second(s)

2018-12-14 01:40:09 - [MESSAGE][PASSED] - Delayed 1 second(s)

2018-12-14 01:40:09 - [TEST_STEP][PASSED] - setText: Text '810' is set on object 'Object Repository/Final Object Repo/New Registration - Registration Module Pages/Form 1/Postcode - 810'

2018-12-14 01:40:09 - [MESSAGE][PASSED] - Text '810' is set on object 'Object Repository/Final Object Repo/New Registration - Registration Module Pages/Form 1/Postcode - 810'

2018-12-14 01:40:09 - [TEST_STEP][PASSED] - delay: Delayed 3 second(s)

2018-12-14 01:40:12 - [MESSAGE][PASSED] - Delayed 3 second(s)

2018-12-14 01:40:12 - [TEST_STEP][PASSED] - click: Object: 'Object Repository/Final Object Repo/New Registration - Registration Module Pages/Form 1/Postcode - 81000' is clicked on

2018-12-14 01:40:12 - [MESSAGE][PASSED] - Object: 'Object Repository/Final Object Repo/New Registration - Registration Module Pages/Form 1/Postcode - 81000' is clicked on

2018-12-14 01:40:12 - [TEST_STEP][PASSED] - delay: Delayed 1 second(s)

2018-12-14 01:40:13 - [MESSAGE][PASSED] - Delayed 1 second(s)

2018-12-14 01:40:13 - [TEST_STEP][PASSED] - setText: Text '100' is set on object 'Object Repository/Final Object Repo/New Registration - Registration Module Pages/Form 1/P.O.BOX'

2018-12-14 01:40:13 - [MESSAGE][PASSED] - Text '100' is set on object 'Object Repository/Final Object Repo/New Registration - Registration Module Pages/Form 1/P.O.BOX'

2018-12-14 01:40:13 - [TEST_STEP][PASSED] - setText: Text '100' is set on object 'Object Repository/Final Object Repo/New Registration - Registration Module Pages/Form 1/Locked Bag No'

2018-12-14 01:40:14 - [MESSAGE][PASSED] - Text '100' is set on object 'Object Repository/Final Object Repo/New Registration - Registration Module Pages/Form 1/Locked Bag No'

2018-12-14 01:40:14 - [TEST_STEP][PASSED] - click: Object: 'Object Repository/Final Object Repo/New Registration - Registration Module Pages/Form 1/SOCSO Office Location' is clicked on

2018-12-14 01:40:14 - [MESSAGE][PASSED] - Object: 'Object Repository/Final Object Repo/New Registration - Registration Module Pages/Form 1/SOCSO Office Location' is clicked on

2018-12-14 01:40:14 - [TEST_STEP][PASSED] - click: Object: 'Object Repository/Final Object Repo/New Registration - Registration Module Pages/Form 1/SOCSO Office Location - Pejabat PERKESO Negeri Johor' is clicked on

2018-12-14 01:40:14 - [MESSAGE][PASSED] - Object: 'Object Repository/Final Object Repo/New Registration - Registration Module Pages/Form 1/SOCSO Office Location - Pejabat PERKESO Negeri Johor' is clicked on

2018-12-14 01:40:14 - [TEST_STEP][PASSED] - delay: Delayed 1 second(s)

2018-12-14 01:40:15 - [MESSAGE][PASSED] - Delayed 1 second(s)

2018-12-14 01:40:15 - [TEST_STEP][PASSED] - check: Object 'Object Repository/Final Object Repo/New Registration - Registration Module Pages/Form 1/Indusrty Address Same As Postal Address' is checked

2018-12-14 01:40:15 - [MESSAGE][PASSED] - Object 'Object Repository/Final Object Repo/New Registration - Registration Module Pages/Form 1/Indusrty Address Same As Postal Address' is checked

2018-12-14 01:40:15 - [TEST_STEP][PASSED] - delay: Delayed 3 second(s)

2018-12-14 01:40:18 - [MESSAGE][PASSED] - Delayed 3 second(s)

2018-12-14 01:40:18 - [TEST_STEP][PASSED] - click: Object: 'Object Repository/Final Object Repo/New Registration - Registration Module Pages/Form 1/Indusry Address Same As Postal Address False' is clicked on

2018-12-14 01:40:19 - [MESSAGE][PASSED] - Object: 'Object Repository/Final Object Repo/New Registration - Registration Module Pages/Form 1/Indusry Address Same As Postal Address False' is clicked on

2018-12-14 01:40:19 - [TEST_STEP][PASSED] - delay: Delayed 1 second(s)

2018-12-14 01:40:20 - [MESSAGE][PASSED] - Delayed 1 second(s)

2018-12-14 01:40:20 - [TEST_STEP][PASSED] - setText: Text 'perkeso1' is set on object 'Object Repository/Final Object Repo/New Registration - Registration Module Pages/Form 1/Industry Address1'

2018-12-14 01:40:20 - [MESSAGE][PASSED] - Text 'perkeso1' is set on object 'Object Repository/Final Object Repo/New Registration - Registration Module Pages/Form 1/Industry Address1'

2018-12-14 01:40:20 - [TEST_STEP][PASSED] - setText: Text 'perkeso2' is set on object 'Object Repository/Final Object Repo/New Registration - Registration Module Pages/Form 1/Industry Address2'

2018-12-14 01:40:20 - [MESSAGE][PASSED] - Text 'perkeso2' is set on object 'Object Repository/Final Object Repo/New Registration - Registration Module Pages/Form 1/Industry Address2'

2018-12-14 01:40:20 - [TEST_STEP][PASSED] - setText: Text 'perkeso3' is set on object 'Object Repository/Final Object Repo/New Registration - Registration Module Pages/Form 1/Industry Address3'

2018-12-14 01:40:21 - [MESSAGE][PASSED] - Text 'perkeso3' is set on object 'Object Repository/Final Object Repo/New Registration - Registration Module Pages/Form 1/Industry Address3'

2018-12-14 01:40:21 - [TEST_STEP][PASSED] - click: Object: 'Object Repository/Final Object Repo/New Registration - Registration Module Pages/Form 1/Industry State' is clicked on

2018-12-14 01:40:21 - [MESSAGE][PASSED] - Object: 'Object Repository/Final Object Repo/New Registration - Registration Module Pages/Form 1/Industry State' is clicked on

2018-12-14 01:40:21 - [TEST_STEP][PASSED] - delay: Delayed 2 second(s)

2018-12-14 01:40:23 - [MESSAGE][PASSED] - Delayed 2 second(s)

2018-12-14 01:40:23 - [TEST_STEP][PASSED] - click: Object: 'Object Repository/Final Object Repo/New Registration - Registration Module Pages/Form 1/Industry State - Johor' is clicked on

2018-12-14 01:40:23 - [MESSAGE][PASSED] - Object: 'Object Repository/Final Object Repo/New Registration - Registration Module Pages/Form 1/Industry State - Johor' is clicked on

2018-12-14 01:40:23 - [TEST_STEP][PASSED] - delay: Delayed 2 second(s)

2018-12-14 01:40:25 - [MESSAGE][PASSED] - Delayed 2 second(s)

2018-12-14 01:40:25 - [TEST_STEP][PASSED] - click: Object: 'Object Repository/Final Object Repo/New Registration - Registration Module Pages/Form 1/Industry Ciry' is clicked on

2018-12-14 01:40:25 - [MESSAGE][PASSED] - Object: 'Object Repository/Final Object Repo/New Registration - Registration Module Pages/Form 1/Industry Ciry' is clicked on

2018-12-14 01:40:25 - [TEST_STEP][PASSED] - setText: Text 'joh' is set on object 'Object Repository/Final Object Repo/New Registration - Registration Module Pages/Form 1/Industry Ciry - joh'

2018-12-14 01:40:25 - [MESSAGE][PASSED] - Text 'joh' is set on object 'Object Repository/Final Object Repo/New Registration - Registration Module Pages/Form 1/Industry Ciry - joh'

2018-12-14 01:40:25 - [TEST_STEP][PASSED] - delay: Delayed 2 second(s)

2018-12-14 01:40:27 - [MESSAGE][PASSED] - Delayed 2 second(s)

2018-12-14 01:40:27 - [TEST_STEP][PASSED] - click: Object: 'Object Repository/Final Object Repo/New Registration - Registration Module Pages/Form 1/Industy State - Johor Bharu' is clicked on

2018-12-14 01:40:28 - [MESSAGE][PASSED] - Object: 'Object Repository/Final Object Repo/New Registration - Registration Module Pages/Form 1/Industy State - Johor Bharu' is clicked on

2018-12-14 01:40:28 - [TEST_STEP][PASSED] - delay: Delayed 1 second(s)

2018-12-14 01:40:29 - [MESSAGE][PASSED] - Delayed 1 second(s)

2018-12-14 01:40:29 - [TEST_STEP][PASSED] - click: Object: 'Object Repository/Final Object Repo/New Registration - Registration Module Pages/Form 1/Indusry PostCode' is clicked on

2018-12-14 01:40:29 - [MESSAGE][PASSED] - Object: 'Object Repository/Final Object Repo/New Registration - Registration Module Pages/Form 1/Indusry PostCode' is clicked on

2018-12-14 01:40:29 - [TEST_STEP][PASSED] - delay: Delayed 1 second(s)

2018-12-14 01:40:30 - [MESSAGE][PASSED] - Delayed 1 second(s)

2018-12-14 01:40:30 - [TEST_STEP][PASSED] - setText: Text '810' is set on object 'Object Repository/Final Object Repo/New Registration - Registration Module Pages/Form 1/Insutry Post Code - 810'

2018-12-14 01:40:30 - [MESSAGE][PASSED] - Text '810' is set on object 'Object Repository/Final Object Repo/New Registration - Registration Module Pages/Form 1/Insutry Post Code - 810'

2018-12-14 01:40:30 - [TEST_STEP][PASSED] - delay: Delayed 1 second(s)

2018-12-14 01:40:31 - [MESSAGE][PASSED] - Delayed 1 second(s)

2018-12-14 01:40:31 - [TEST_STEP][PASSED] - click: Object: 'Object Repository/Final Object Repo/New Registration - Registration Module Pages/Form 1/Insutry Post Code - 81000' is clicked on

2018-12-14 01:40:31 - [MESSAGE][PASSED] - Object: 'Object Repository/Final Object Repo/New Registration - Registration Module Pages/Form 1/Insutry Post Code - 81000' is clicked on

2018-12-14 01:40:31 - [TEST_STEP][PASSED] - delay: Delayed 1 second(s)

2018-12-14 01:40:32 - [MESSAGE][PASSED] - Delayed 1 second(s)

2018-12-14 01:40:32 - [TEST_STEP][PASSED] - setText: Text '100' is set on object 'Object Repository/Final Object Repo/New Registration - Registration Module Pages/Form 1/Industry P.O.BOX'

2018-12-14 01:40:32 - [MESSAGE][PASSED] - Text '100' is set on object 'Object Repository/Final Object Repo/New Registration - Registration Module Pages/Form 1/Industry P.O.BOX'

2018-12-14 01:40:32 - [TEST_STEP][PASSED] - setText: Text '100' is set on object 'Object Repository/Final Object Repo/New Registration - Registration Module Pages/Form 1/Industry Locked Bag No'

2018-12-14 01:40:33 - [MESSAGE][PASSED] - Text '100' is set on object 'Object Repository/Final Object Repo/New Registration - Registration Module Pages/Form 1/Industry Locked Bag No'

2018-12-14 01:40:33 - [TEST_STEP][PASSED] - setText: Text '123456789' is set on object 'Object Repository/Final Object Repo/New Registration - Registration Module Pages/Form 1/Telephone No'

2018-12-14 01:40:33 - [MESSAGE][PASSED] - Text '123456789' is set on object 'Object Repository/Final Object Repo/New Registration - Registration Module Pages/Form 1/Telephone No'

2018-12-14 01:40:33 - [TEST_STEP][PASSED] - setText: Text '123456789' is set on object 'Object Repository/Final Object Repo/New Registration - Registration Module Pages/Form 1/Mobile No'

2018-12-14 01:40:33 - [MESSAGE][PASSED] - Text '123456789' is set on object 'Object Repository/Final Object Repo/New Registration - Registration Module Pages/Form 1/Mobile No'

2018-12-14 01:40:33 - [TEST_STEP][PASSED] - setText: Text '123456789' is set on object 'Object Repository/Final Object Repo/New Registration - Registration Module Pages/Form 1/Fax No'

2018-12-14 01:40:34 - [MESSAGE][PASSED] - Text '123456789' is set on object 'Object Repository/Final Object Repo/New Registration - Registration Module Pages/Form 1/Fax No'

2018-12-14 01:40:34 - [TEST_STEP][PASSED] - click: Object: 'Object Repository/Final Object Repo/New Registration - Registration Module Pages/Form 1/Industry Code' is clicked on

2018-12-14 01:40:34 - [MESSAGE][PASSED] - Object: 'Object Repository/Final Object Repo/New Registration - Registration Module Pages/Form 1/Industry Code' is clicked on

2018-12-14 01:40:34 - [TEST_STEP][PASSED] - click: Object: 'Object Repository/Final Object Repo/New Registration - Registration Module Pages/Form 1/Indudustry Code - Crops and Animal' is clicked on

2018-12-14 01:40:34 - [MESSAGE][PASSED] - Object: 'Object Repository/Final Object Repo/New Registration - Registration Module Pages/Form 1/Indudustry Code - Crops and Animal' is clicked on

2018-12-14 01:40:34 - [TEST_STEP][PASSED] - delay: Delayed 1 second(s)

2018-12-14 01:40:35 - [MESSAGE][PASSED] - Delayed 1 second(s)

2018-12-14 01:40:35 - [TEST_STEP][PASSED] - click: Object: 'Object Repository/Final Object Repo/New Registration - Registration Module Pages/Form 1/Sub Industry Code List' is clicked on

2018-12-14 01:40:35 - [MESSAGE][PASSED] - Object: 'Object Repository/Final Object Repo/New Registration - Registration Module Pages/Form 1/Sub Industry Code List' is clicked on

2018-12-14 01:40:35 - [TEST_STEP][PASSED] - click: Object: 'Object Repository/Final Object Repo/New Registration - Registration Module Pages/Form 1/Sub Industry Code List - Growing of Maize' is clicked on

2018-12-14 01:40:36 - [MESSAGE][PASSED] - Object: 'Object Repository/Final Object Repo/New Registration - Registration Module Pages/Form 1/Sub Industry Code List - Growing of Maize' is clicked on

2018-12-14 01:40:36 - [TEST_STEP][PASSED] - setText: Text 'perkeso123@gmail.com' is set on object 'Object Repository/Final Object Repo/New Registration - Registration Module Pages/Form 1/Email'

2018-12-14 01:40:36 - [MESSAGE][PASSED] - Text 'perkeso123@gmail.com' is set on object 'Object Repository/Final Object Repo/New Registration - Registration Module Pages/Form 1/Email'

2018-12-14 01:40:36 - [TEST_STEP][PASSED] - click: Object: 'Object Repository/Final Object Repo/New Registration - Registration Module Pages/Form 1/Method of Contribution Payment' is clicked on

2018-12-14 01:40:36 - [MESSAGE][PASSED] - Object: 'Object Repository/Final Object Repo/New Registration - Registration Module Pages/Form 1/Method of Contribution Payment' is clicked on

2018-12-14 01:40:36 - [TEST_STEP][PASSED] - click: Object: 'Object Repository/Final Object Repo/New Registration - Registration Module Pages/Form 1/Method of Contribution Payment - Portal' is clicked on

2018-12-14 01:40:37 - [MESSAGE][PASSED] - Object: 'Object Repository/Final Object Repo/New Registration - Registration Module Pages/Form 1/Method of Contribution Payment - Portal' is clicked on

2018-12-14 01:40:37 - [TEST_STEP][PASSED] - click: Object: 'Object Repository/Final Object Repo/New Registration - Registration Module Pages/Form 1/Servide Type' is clicked on

2018-12-14 01:40:37 - [MESSAGE][PASSED] - Object: 'Object Repository/Final Object Repo/New Registration - Registration Module Pages/Form 1/Servide Type' is clicked on

2018-12-14 01:40:37 - [TEST_STEP][PASSED] - click: Object: 'Object Repository/Final Object Repo/New Registration - Registration Module Pages/Form 1/Servide Type - Professional Bodies' is clicked on

2018-12-14 01:40:37 - [MESSAGE][PASSED] - Object: 'Object Repository/Final Object Repo/New Registration - Registration Module Pages/Form 1/Servide Type - Professional Bodies' is clicked on

2018-12-14 01:40:37 - [TEST_STEP][PASSED] - click: Object: 'Object Repository/Final Object Repo/New Registration - Registration Module Pages/Form 1/Industry Venue' is clicked on

2018-12-14 01:40:37 - [MESSAGE][PASSED] - Object: 'Object Repository/Final Object Repo/New Registration - Registration Module Pages/Form 1/Industry Venue' is clicked on

2018-12-14 01:40:37 - [TEST_STEP][PASSED] - click: Object: 'Object Repository/Final Object Repo/New Registration - Registration Module Pages/Form 1/Industry Venue -  PPN JOHOR' is clicked on

2018-12-14 01:40:37 - [MESSAGE][PASSED] - Object: 'Object Repository/Final Object Repo/New Registration - Registration Module Pages/Form 1/Industry Venue -  PPN JOHOR' is clicked on

2018-12-14 01:40:37 - [TEST_STEP][PASSED] - click: Object: 'Object Repository/Final Object Repo/New Registration - Registration Module Pages/Form 1/Save  Continue' is clicked on

2018-12-14 01:40:38 - [MESSAGE][PASSED] - Object: 'Object Repository/Final Object Repo/New Registration - Registration Module Pages/Form 1/Save  Continue' is clicked on

2018-12-14 01:40:38 - [MESSAGE][PASSED] - Call Test Case 'Test Cases/Final Aug 2018 - PKS Automation/Registration Module/New Registration/Form 1/Form 1 - Corporation - BHD' successfully

2018-12-14 01:40:38 - [TEST_STEP][PASSED] - callTestCase: Call Test Case 'Test Cases/Final Aug 2018 - PKS Automation/Registration Module/New Registration/Form 2/Add 1 Eligible' successfully

2018-12-14 01:40:38 - [TEST_CASE][PASSED] - Test Cases/Final Aug 2018 - PKS Automation/Registration Module/New Registration/Form 2/Add 1 Eligible: Test Cases/Final Aug 2018 - PKS Automation/Registration Module/New Registration/Form 2/Add 1 Eligible

2018-12-14 01:40:38 - [TEST_STEP][PASSED] - delay: Delayed 2 second(s)

2018-12-14 01:40:40 - [MESSAGE][PASSED] - Delayed 2 second(s)

2018-12-14 01:40:40 - [TEST_STEP][PASSED] - callTestCase: Call Test Case 'Test Cases/Final Aug 2018 - PKS Automation/Registration Module/New Registration/Form 2/Date Updater' successfully

2018-12-14 01:40:40 - [TEST_CASE][PASSED] - Test Cases/Final Aug 2018 - PKS Automation/Registration Module/New Registration/Form 2/Date Updater: Test Cases/Final Aug 2018 - PKS Automation/Registration Module/New Registration/Form 2/Date Updater

2018-12-14 01:40:40 - [TEST_STEP][PASSED] - Statement - TodayDate = new java.util.Date(): null

2018-12-14 01:40:40 - [TEST_STEP][PASSED] - Statement - CurrentDateNoFilter = new java.text.SimpleDateFormat(): null

2018-12-14 01:40:40 - [TEST_STEP][PASSED] - Statement - CurrentDateNoFilter.applyPattern("MM"): null

2018-12-14 01:40:40 - [TEST_STEP][PASSED] - Statement - monthContainerMatcher = java.lang.Integer.parseInt(CurrentDateNoFilter.format(TodayDate)): null

2018-12-14 01:40:40 - [TEST_STEP][PASSED] - Statement - monthContainerMatcher = monthContainerMatcher - 1: null

2018-12-14 01:40:40 - [TEST_STEP][PASSED] - Statement - CurrentMonth = monthContainerMatcher.toString(): null

2018-12-14 01:40:40 - [TEST_STEP][PASSED] - Statement - CurrentMonth = CurrentMonth: null

2018-12-14 01:40:40 - [TEST_STEP][PASSED] - Statement - CurrentDateNoFilter.applyPattern("yyyy"): null

2018-12-14 01:40:40 - [TEST_STEP][PASSED] - Statement - CurrentYear = CurrentDateNoFilter.format(TodayDate): null

2018-12-14 01:40:40 - [TEST_STEP][PASSED] - Statement - CurrentYear = CurrentYear: null

2018-12-14 01:40:40 - [TEST_STEP][PASSED] - Statement - intCurrentYear = java.lang.Integer.parseInt(CurrentDateNoFilter.format(TodayDate)): null

2018-12-14 01:40:40 - [TEST_STEP][PASSED] - Statement - eighteenYrsAgo = intCurrentYear - 18: null

2018-12-14 01:40:40 - [TEST_STEP][PASSED] - Statement - eighteenYrsBeforeThisYr = eighteenYrsAgo.toString(): null

2018-12-14 01:40:40 - [TEST_STEP][PASSED] - Statement - EighteenYrsBefore = eighteenYrsBeforeThisYr: null

2018-12-14 01:40:40 - [TEST_STEP][PASSED] - Statement - fiftysevenYrsAgo = intCurrentYear - 57: null

2018-12-14 01:40:40 - [TEST_STEP][PASSED] - Statement - fiftysevenYrsBeforeThisYr = fiftysevenYrsAgo.toString(): null

2018-12-14 01:40:40 - [TEST_STEP][PASSED] - Statement - FiftysevenYrsBefore = fiftysevenYrsBeforeThisYr: null

2018-12-14 01:40:40 - [TEST_STEP][PASSED] - Statement - leapYear = false: null

2018-12-14 01:40:40 - [TEST_STEP][PASSED] - Statement - leapYear = intCurrentYear % 4 == 0: null

2018-12-14 01:40:40 - [TEST_STEP][PASSED] - Statement - CurrentDateNoFilter.applyPattern("dd"): null

2018-12-14 01:40:40 - [TEST_STEP][PASSED] - Statement - CurrentDate = CurrentDateNoFilter.format(TodayDate): null

2018-12-14 01:40:40 - [TEST_STEP][PASSED] - Statement - CurrentDate = java.lang.Integer.parseInt(CurrentDate): null

2018-12-14 01:40:40 - [TEST_STEP][PASSED] - Statement - CurrentDate = CurrentDate: null

2018-12-14 01:40:40 - [TEST_STEP][PASSED] - Statement - CurrentDay = java.lang.Integer.parseInt(CurrentDate): null

2018-12-14 01:40:40 - [TEST_STEP][PASSED] - Statement - ConfAdder = <not implemented yet for class: org.codehaus.groovy.ast.expr.EmptyExpression>: null

2018-12-14 01:40:40 - [TEST_STEP][PASSED] - Statement - out.println(CurrentMonth): null

2018-12-14 01:40:40 - [TEST_STEP][PASSED] - Statement - out.println(CurrentDate): null

2018-12-14 01:40:40 - [TEST_STEP][PASSED] - Statement - switch (CurrentDate): null

2018-12-14 01:40:40 - [TEST_STEP][PASSED] - Statement - Default: null

2018-12-14 01:40:40 - [TEST_STEP][PASSED] - Statement - ConfAdder = true: null

2018-12-14 01:40:40 - [TEST_STEP][PASSED] - Statement - Break: null

2018-12-14 01:40:40 - [TEST_STEP][PASSED] - Statement - aDayBefore = <not implemented yet for class: org.codehaus.groovy.ast.expr.EmptyExpression>: null

2018-12-14 01:40:40 - [TEST_STEP][PASSED] - Statement - out.println(ConfAdder): null

2018-12-14 01:40:40 - [TEST_STEP][PASSED] - Statement - If (ConfAdder == true): null

2018-12-14 01:40:40 - [TEST_STEP][PASSED] - Statement - aDayBefore = CurrentDay + 1: null

2018-12-14 01:40:40 - [TEST_STEP][PASSED] - Statement - out.println(aDayBefore): null

2018-12-14 01:40:40 - [TEST_STEP][PASSED] - Statement - If (aDayBefore == 1 && CurrentMonth == 11): null

2018-12-14 01:40:40 - [TEST_STEP][PASSED] - Statement - DayBefore = aDayBefore.toString(): null

2018-12-14 01:40:40 - [TEST_STEP][PASSED] - Statement - OneDayBefore = DayBefore: null

2018-12-14 01:40:40 - [MESSAGE][PASSED] - Call Test Case 'Test Cases/Final Aug 2018 - PKS Automation/Registration Module/New Registration/Form 2/Date Updater' successfully

2018-12-14 01:40:40 - [TEST_STEP][PASSED] - delay: Delayed 1 second(s)

2018-12-14 01:40:41 - [MESSAGE][PASSED] - Delayed 1 second(s)

2018-12-14 01:40:41 - [TEST_STEP][PASSED] - Statement - CaseReferenceNo = com.kms.katalon.core.webui.keyword.WebUiBuiltInKeywords.getText(com.kms.katalon.core.testobject.ObjectRepository.findTestObject(Final Object Repo/New Registration - Registration Module Pages/Form 2/RefNo Acquiring)): Text of object 'Object Repository/Final Object Repo/New Registration - Registration Module Pages/Form 2/RefNo Acquiring' is: 'CRN12201800123327'

2018-12-14 01:40:41 - [MESSAGE][PASSED] - Text of object 'Object Repository/Final Object Repo/New Registration - Registration Module Pages/Form 2/RefNo Acquiring' is: 'CRN12201800123327'

2018-12-14 01:40:41 - [TEST_STEP][PASSED] - delay: Delayed 1 second(s)

2018-12-14 01:40:42 - [MESSAGE][PASSED] - Delayed 1 second(s)

2018-12-14 01:40:42 - [TEST_STEP][PASSED] - click: Object: 'Object Repository/Final Object Repo/New Registration - Registration Module Pages/Form 2/Add Employee Button' is clicked on

2018-12-14 01:40:42 - [MESSAGE][PASSED] - Object: 'Object Repository/Final Object Repo/New Registration - Registration Module Pages/Form 2/Add Employee Button' is clicked on

2018-12-14 01:40:42 - [TEST_STEP][PASSED] - delay: Delayed 1 second(s)

2018-12-14 01:40:43 - [MESSAGE][PASSED] - Delayed 1 second(s)

2018-12-14 01:40:43 - [TEST_STEP][PASSED] - setText: Text '010903091963' is set on object 'Object Repository/Final Object Repo/New Registration - Registration Module Pages/Form 2/NRIC Input'

2018-12-14 01:40:43 - [MESSAGE][PASSED] - Text '010903091963' is set on object 'Object Repository/Final Object Repo/New Registration - Registration Module Pages/Form 2/NRIC Input'

2018-12-14 01:40:43 - [TEST_STEP][PASSED] - click: Object: 'Object Repository/Final Object Repo/New Registration - Registration Module Pages/Form 2/button for search for IC' is clicked on

2018-12-14 01:40:44 - [MESSAGE][PASSED] - Object: 'Object Repository/Final Object Repo/New Registration - Registration Module Pages/Form 2/button for search for IC' is clicked on

2018-12-14 01:40:44 - [TEST_STEP][PASSED] - delay: Delayed 2 second(s)

2018-12-14 01:40:46 - [MESSAGE][PASSED] - Delayed 2 second(s)

2018-12-14 01:40:46 - [TEST_STEP][PASSED] - setText: Text 'Automate001 eligible 1' is set on object 'Object Repository/Final Object Repo/New Registration - Registration Module Pages/Form 2/Employee Name Input'

2018-12-14 01:40:46 - [MESSAGE][PASSED] - Text 'Automate001 eligible 1' is set on object 'Object Repository/Final Object Repo/New Registration - Registration Module Pages/Form 2/Employee Name Input'

2018-12-14 01:40:46 - [TEST_STEP][PASSED] - delay: Delayed 2 second(s)

2018-12-14 01:40:48 - [MESSAGE][PASSED] - Delayed 2 second(s)

2018-12-14 01:40:48 - [TEST_STEP][PASSED] - click: Object: 'Object Repository/Final Object Repo/New Registration - Registration Module Pages/Form 2/DatePicker Pop Up' is clicked on

2018-12-14 01:40:48 - [MESSAGE][PASSED] - Object: 'Object Repository/Final Object Repo/New Registration - Registration Module Pages/Form 2/DatePicker Pop Up' is clicked on

2018-12-14 01:40:48 - [TEST_STEP][PASSED] - click: Object: 'Object Repository/Final Object Repo/New Registration - Registration Module Pages/Form 2/DOB Month' is clicked on

2018-12-14 01:40:48 - [MESSAGE][PASSED] - Object: 'Object Repository/Final Object Repo/New Registration - Registration Module Pages/Form 2/DOB Month' is clicked on

2018-12-14 01:40:48 - [TEST_STEP][PASSED] - Statement - CurrentMonth = CurrentMonth: null

2018-12-14 01:40:48 - [TEST_STEP][PASSED] - Statement - selectMonth = new com.kms.katalon.core.testobject.TestObject(): null

2018-12-14 01:40:48 - [TEST_STEP][PASSED] - Statement - selectMonth.addProperty("xpath", EQUALS, "//body/div/div/div/select/option[@value='" + CurrentMonth + "']", true): null

2018-12-14 01:40:48 - [TEST_STEP][PASSED] - click: Object: '' is clicked on

2018-12-14 01:40:49 - [MESSAGE][PASSED] - Object: '' is clicked on

2018-12-14 01:40:49 - [TEST_STEP][PASSED] - click: Object: 'Object Repository/Final Object Repo/New Registration - Registration Module Pages/Form 2/DOB Year' is clicked on

2018-12-14 01:40:49 - [MESSAGE][PASSED] - Object: 'Object Repository/Final Object Repo/New Registration - Registration Module Pages/Form 2/DOB Year' is clicked on

2018-12-14 01:40:49 - [TEST_STEP][PASSED] - Statement - Eyearsbf = EighteenYrsBefore: null

2018-12-14 01:40:49 - [TEST_STEP][PASSED] - Statement - selectYear = new com.kms.katalon.core.testobject.TestObject(): null

2018-12-14 01:40:49 - [TEST_STEP][PASSED] - Statement - selectYear.addProperty("xpath", EQUALS, "//div/div/div/select/option[@value='" + Eyearsbf + "']", true): null

2018-12-14 01:40:49 - [TEST_STEP][PASSED] - click: Object: '' is clicked on

2018-12-14 01:40:49 - [MESSAGE][PASSED] - Object: '' is clicked on

2018-12-14 01:40:49 - [TEST_STEP][PASSED] - Statement - UpdatedSelectDate = com.kms.katalon.core.webui.keyword.WebUiBuiltInKeywords.modifyObjectProperty(com.kms.katalon.core.testobject.ObjectRepository.findTestObject(Final Object Repo/New Registration - Registration Module Pages/Form 2/DOB Date), "xpath", "equals", "//body/div/table/tbody/tr/td/a[text()="" + CurrentDate + ""]", true): Modify property of object successfully

2018-12-14 01:40:49 - [MESSAGE][PASSED] - Modify property of object successfully

2018-12-14 01:40:49 - [TEST_STEP][PASSED] - delay: Delayed 3 second(s)

2018-12-14 01:40:52 - [MESSAGE][PASSED] - Delayed 3 second(s)

2018-12-14 01:40:52 - [TEST_STEP][PASSED] - click: Object: 'Object Repository/Final Object Repo/New Registration - Registration Module Pages/Form 2/DOB Date' is clicked on

2018-12-14 01:40:52 - [MESSAGE][PASSED] - Object: 'Object Repository/Final Object Repo/New Registration - Registration Module Pages/Form 2/DOB Date' is clicked on

2018-12-14 01:40:52 - [TEST_STEP][PASSED] - delay: Delayed 2 second(s)

2018-12-14 01:40:54 - [MESSAGE][PASSED] - Delayed 2 second(s)

2018-12-14 01:40:54 - [TEST_STEP][PASSED] - click: Object: 'Object Repository/Final Object Repo/New Registration - Registration Module Pages/Form 2/EmploymentStartDate Pop Up' is clicked on

2018-12-14 01:40:54 - [MESSAGE][PASSED] - Object: 'Object Repository/Final Object Repo/New Registration - Registration Module Pages/Form 2/EmploymentStartDate Pop Up' is clicked on

2018-12-14 01:40:54 - [TEST_STEP][PASSED] - delay: Delayed 2 second(s)

2018-12-14 01:40:56 - [MESSAGE][PASSED] - Delayed 2 second(s)

2018-12-14 01:40:56 - [TEST_STEP][PASSED] - click: Object: 'Object Repository/Final Object Repo/New Registration - Registration Module Pages/Form 2/Socso Employment StartDate Month' is clicked on

2018-12-14 01:40:56 - [MESSAGE][PASSED] - Object: 'Object Repository/Final Object Repo/New Registration - Registration Module Pages/Form 2/Socso Employment StartDate Month' is clicked on

2018-12-14 01:40:56 - [TEST_STEP][PASSED] - delay: Delayed 1 second(s)

2018-12-14 01:40:57 - [MESSAGE][PASSED] - Delayed 1 second(s)

2018-12-14 01:40:57 - [TEST_STEP][PASSED] - click: Object: 'Object Repository/Final Object Repo/New Registration - Registration Module Pages/Form 2/Select Socso Employement Startdate Month' is clicked on

2018-12-14 01:40:58 - [MESSAGE][PASSED] - Object: 'Object Repository/Final Object Repo/New Registration - Registration Module Pages/Form 2/Select Socso Employement Startdate Month' is clicked on

2018-12-14 01:40:58 - [TEST_STEP][PASSED] - delay: Delayed 2 second(s)

2018-12-14 01:41:00 - [MESSAGE][PASSED] - Delayed 2 second(s)

2018-12-14 01:41:00 - [TEST_STEP][PASSED] - click: Object: 'Object Repository/Final Object Repo/New Registration - Registration Module Pages/Form 2/Socso Employment StartDate Year' is clicked on

2018-12-14 01:41:00 - [MESSAGE][PASSED] - Object: 'Object Repository/Final Object Repo/New Registration - Registration Module Pages/Form 2/Socso Employment StartDate Year' is clicked on

2018-12-14 01:41:00 - [TEST_STEP][PASSED] - delay: Delayed 1 second(s)

2018-12-14 01:41:01 - [MESSAGE][PASSED] - Delayed 1 second(s)

2018-12-14 01:41:01 - [TEST_STEP][PASSED] - click: Object: 'Object Repository/Final Object Repo/New Registration - Registration Module Pages/Form 2/Select Socso Employment Startdate Year' is clicked on

2018-12-14 01:41:01 - [MESSAGE][PASSED] - Object: 'Object Repository/Final Object Repo/New Registration - Registration Module Pages/Form 2/Select Socso Employment Startdate Year' is clicked on

2018-12-14 01:41:01 - [TEST_STEP][PASSED] - delay: Delayed 2 second(s)

2018-12-14 01:41:03 - [MESSAGE][PASSED] - Delayed 2 second(s)

2018-12-14 01:41:03 - [TEST_STEP][PASSED] - click: Object: 'Object Repository/Final Object Repo/New Registration - Registration Module Pages/Form 2/Socso Employment Start Date Day' is clicked on

2018-12-14 01:41:03 - [MESSAGE][PASSED] - Object: 'Object Repository/Final Object Repo/New Registration - Registration Module Pages/Form 2/Socso Employment Start Date Day' is clicked on

2018-12-14 01:41:03 - [TEST_STEP][PASSED] - delay: Delayed 2 second(s)

2018-12-14 01:41:05 - [MESSAGE][PASSED] - Delayed 2 second(s)

2018-12-14 01:41:05 - [TEST_STEP][PASSED] - click: Object: 'Object Repository/Final Object Repo/New Registration - Registration Module Pages/Form 2/Save Button for Add Employee' is clicked on

2018-12-14 01:41:05 - [MESSAGE][PASSED] - Object: 'Object Repository/Final Object Repo/New Registration - Registration Module Pages/Form 2/Save Button for Add Employee' is clicked on

2018-12-14 01:41:05 - [TEST_STEP][PASSED] - delay: Delayed 6 second(s)

2018-12-14 01:41:11 - [MESSAGE][PASSED] - Delayed 6 second(s)

2018-12-14 01:41:11 - [TEST_STEP][PASSED] - click: Object: 'Object Repository/Final Object Repo/New Registration - Registration Module Pages/Form 2/Save and Continue Form 2' is clicked on

2018-12-14 01:41:11 - [MESSAGE][PASSED] - Object: 'Object Repository/Final Object Repo/New Registration - Registration Module Pages/Form 2/Save and Continue Form 2' is clicked on

2018-12-14 01:41:11 - [MESSAGE][PASSED] - Call Test Case 'Test Cases/Final Aug 2018 - PKS Automation/Registration Module/New Registration/Form 2/Add 1 Eligible' successfully

2018-12-14 01:41:11 - [TEST_STEP][PASSED] - callTestCase: Call Test Case 'Test Cases/Final Aug 2018 - PKS Automation/Registration Module/New Registration/Flow of New Registration/Third Screen - Upload Supporting Doc - Preview' successfully

2018-12-14 01:41:12 - [TEST_CASE][PASSED] - Test Cases/Final Aug 2018 - PKS Automation/Registration Module/New Registration/Flow of New Registration/Third Screen - Upload Supporting Doc - Preview: Test Cases/Final Aug 2018 - PKS Automation/Registration Module/New Registration/Flow of New Registration/Third Screen - Upload Supporting Doc - Preview

2018-12-14 01:41:12 - [TEST_STEP][PASSED] - waitForPageLoad: Wait for page load successfully

2018-12-14 01:41:12 - [MESSAGE][PASSED] - Wait for page load successfully

2018-12-14 01:41:12 - [TEST_STEP][PASSED] - Statement - CaseReferenceNo = com.kms.katalon.core.webui.keyword.WebUiBuiltInKeywords.getText(com.kms.katalon.core.testobject.ObjectRepository.findTestObject(Final Object Repo/New Registration - Registration Module Pages/Third Screen - Upload Supporting Doc- Preview/RefNo Acquiring)): Text of object 'Object Repository/Final Object Repo/New Registration - Registration Module Pages/Third Screen - Upload Supporting Doc- Preview/RefNo Acquiring' is: 'CRN12201800123327'

2018-12-14 01:41:12 - [MESSAGE][PASSED] - Text of object 'Object Repository/Final Object Repo/New Registration - Registration Module Pages/Third Screen - Upload Supporting Doc- Preview/RefNo Acquiring' is: 'CRN12201800123327'

2018-12-14 01:41:12 - [TEST_STEP][PASSED] - delay: Delayed 2 second(s)

2018-12-14 01:41:14 - [MESSAGE][PASSED] - Delayed 2 second(s)

2018-12-14 01:41:14 - [TEST_STEP][PASSED] - callTestCase: Call Test Case 'Test Cases/Final Aug 2018 - PKS Automation/Common/Reference Number Setter' successfully

2018-12-14 01:41:14 - [TEST_CASE][PASSED] - Test Cases/Final Aug 2018 - PKS Automation/Common/Reference Number Setter: Test Cases/Final Aug 2018 - PKS Automation/Common/Reference Number Setter

2018-12-14 01:41:14 - [TEST_STEP][PASSED] - Statement - RefNoOldFile = new java.io.File(C://Users//Admin//Desktop//PKS//Automation Reference Point//KatalonReference.txt): null

2018-12-14 01:41:14 - [TEST_STEP][PASSED] - Statement - RefNoOldFile.delete(): null

2018-12-14 01:41:14 - [TEST_STEP][PASSED] - delay: Delayed 5 second(s)

2018-12-14 01:41:19 - [MESSAGE][PASSED] - Delayed 5 second(s)

2018-12-14 01:41:19 - [TEST_STEP][PASSED] - Statement - RefNo = new java.io.File(C://Users//Admin//Desktop//PKS//Automation Reference Point//KatalonReference.txt): null

2018-12-14 01:41:19 - [TEST_STEP][PASSED] - Statement - f2 = new java.io.FileWriter(RefNo, false): null

2018-12-14 01:41:19 - [TEST_STEP][PASSED] - Statement - f2.write(CaseReferenceNo): null

2018-12-14 01:41:19 - [TEST_STEP][PASSED] - Statement - f2.close(): null

2018-12-14 01:41:19 - [TEST_STEP][PASSED] - Statement - out.println("


" + CaseReferenceNo + "


"): null

2018-12-14 01:41:19 - [MESSAGE][PASSED] - Call Test Case 'Test Cases/Final Aug 2018 - PKS Automation/Common/Reference Number Setter' successfully

2018-12-14 01:41:19 - [TEST_STEP][PASSED] - waitForElementClickable: Object 'Object Repository/Final Object Repo/New Registration - Registration Module Pages/Third Screen - Upload Supporting Doc- Preview/Save n Continue in SIP Employee Listing Page' is clickable

2018-12-14 01:41:19 - [MESSAGE][PASSED] - Object 'Object Repository/Final Object Repo/New Registration - Registration Module Pages/Third Screen - Upload Supporting Doc- Preview/Save n Continue in SIP Employee Listing Page' is clickable

2018-12-14 01:41:19 - [TEST_STEP][PASSED] - click: Object: 'Object Repository/Final Object Repo/New Registration - Registration Module Pages/Third Screen - Upload Supporting Doc- Preview/Save n Continue in SIP Employee Listing Page' is clicked on

2018-12-14 01:41:25 - [MESSAGE][PASSED] - Object: 'Object Repository/Final Object Repo/New Registration - Registration Module Pages/Third Screen - Upload Supporting Doc- Preview/Save n Continue in SIP Employee Listing Page' is clicked on

2018-12-14 01:41:25 - [TEST_STEP][PASSED] - delay: Delayed 7 second(s)

2018-12-14 01:41:32 - [MESSAGE][PASSED] - Delayed 7 second(s)

2018-12-14 01:41:32 - [TEST_STEP][PASSED] - click: Object: 'Object Repository/Final Object Repo/New Registration - Registration Module Pages/Third Screen - Upload Supporting Doc- Preview/Add Document Button' is clicked on

2018-12-14 01:41:32 - [MESSAGE][PASSED] - Object: 'Object Repository/Final Object Repo/New Registration - Registration Module Pages/Third Screen - Upload Supporting Doc- Preview/Add Document Button' is clicked on

2018-12-14 01:41:32 - [TEST_STEP][PASSED] - delay: Delayed 30 second(s)

2018-12-14 01:42:02 - [MESSAGE][PASSED] - Delayed 30 second(s)

2018-12-14 01:42:02 - [TEST_STEP][PASSED] - click: Object: 'Object Repository/Final Object Repo/New Registration - Registration Module Pages/Third Screen - Upload Supporting Doc- Preview/Supporting Doc Please Select Drop Down' is clicked on

2018-12-14 01:42:03 - [MESSAGE][PASSED] - Object: 'Object Repository/Final Object Repo/New Registration - Registration Module Pages/Third Screen - Upload Supporting Doc- Preview/Supporting Doc Please Select Drop Down' is clicked on

2018-12-14 01:42:03 - [TEST_STEP][PASSED] - delay: Delayed 2 second(s)

2018-12-14 01:42:05 - [MESSAGE][PASSED] - Delayed 2 second(s)

2018-12-14 01:42:05 - [TEST_STEP][PASSED] - click: Object: 'Object Repository/Final Object Repo/New Registration - Registration Module Pages/Third Screen - Upload Supporting Doc- Preview/Select to Upload Form 1' is clicked on

2018-12-14 01:42:05 - [MESSAGE][PASSED] - Object: 'Object Repository/Final Object Repo/New Registration - Registration Module Pages/Third Screen - Upload Supporting Doc- Preview/Select to Upload Form 1' is clicked on

2018-12-14 01:42:05 - [TEST_STEP][PASSED] - delay: Delayed 2 second(s)

2018-12-14 01:42:07 - [MESSAGE][PASSED] - Delayed 2 second(s)

2018-12-14 01:42:07 - [TEST_STEP][PASSED] - uploadFile: File 'C:\Users\Public\Pictures\Sample Pictures\Koala.jpg' sent to object: 'Object Repository/Final Object Repo/New Registration - Registration Module Pages/Third Screen - Upload Supporting Doc- Preview/Upload File Adding'

2018-12-14 01:42:07 - [MESSAGE][PASSED] - File 'C:\Users\Public\Pictures\Sample Pictures\Koala.jpg' sent to object: 'Object Repository/Final Object Repo/New Registration - Registration Module Pages/Third Screen - Upload Supporting Doc- Preview/Upload File Adding'

2018-12-14 01:42:07 - [TEST_STEP][PASSED] - delay: Delayed 5 second(s)

2018-12-14 01:42:12 - [MESSAGE][PASSED] - Delayed 5 second(s)

2018-12-14 01:42:12 - [TEST_STEP][PASSED] - click: Object: 'Object Repository/Final Object Repo/New Registration - Registration Module Pages/Third Screen - Upload Supporting Doc- Preview/Inner Form Add Document Button' is clicked on

2018-12-14 01:42:12 - [MESSAGE][PASSED] - Object: 'Object Repository/Final Object Repo/New Registration - Registration Module Pages/Third Screen - Upload Supporting Doc- Preview/Inner Form Add Document Button' is clicked on

2018-12-14 01:42:12 - [TEST_STEP][PASSED] - delay: Delayed 3 second(s)

2018-12-14 01:42:15 - [MESSAGE][PASSED] - Delayed 3 second(s)

2018-12-14 01:42:15 - [TEST_STEP][PASSED] - click: Object: 'Object Repository/Final Object Repo/New Registration - Registration Module Pages/Third Screen - Upload Supporting Doc- Preview/Add Document Button' is clicked on

2018-12-14 01:42:16 - [MESSAGE][PASSED] - Object: 'Object Repository/Final Object Repo/New Registration - Registration Module Pages/Third Screen - Upload Supporting Doc- Preview/Add Document Button' is clicked on

2018-12-14 01:42:16 - [TEST_STEP][PASSED] - delay: Delayed 30 second(s)

2018-12-14 01:42:46 - [MESSAGE][PASSED] - Delayed 30 second(s)

2018-12-14 01:42:46 - [TEST_STEP][PASSED] - click: Object: 'Object Repository/Final Object Repo/New Registration - Registration Module Pages/Third Screen - Upload Supporting Doc- Preview/Supporting Doc Please Select Drop Down' is clicked on

2018-12-14 01:42:47 - [MESSAGE][PASSED] - Object: 'Object Repository/Final Object Repo/New Registration - Registration Module Pages/Third Screen - Upload Supporting Doc- Preview/Supporting Doc Please Select Drop Down' is clicked on

2018-12-14 01:42:47 - [TEST_STEP][PASSED] - delay: Delayed 4 second(s)

2018-12-14 01:42:51 - [MESSAGE][PASSED] - Delayed 4 second(s)

2018-12-14 01:42:51 - [TEST_STEP][PASSED] - click: Object: 'Object Repository/Final Object Repo/New Registration - Registration Module Pages/Third Screen - Upload Supporting Doc- Preview/Select to Upload Form 2' is clicked on

2018-12-14 01:42:51 - [MESSAGE][PASSED] - Object: 'Object Repository/Final Object Repo/New Registration - Registration Module Pages/Third Screen - Upload Supporting Doc- Preview/Select to Upload Form 2' is clicked on

2018-12-14 01:42:51 - [TEST_STEP][PASSED] - delay: Delayed 2 second(s)

2018-12-14 01:42:53 - [MESSAGE][PASSED] - Delayed 2 second(s)

2018-12-14 01:42:53 - [TEST_STEP][PASSED] - uploadFile: File 'C:\Users\Public\Pictures\Sample Pictures\Koala.jpg' sent to object: 'Object Repository/Final Object Repo/New Registration - Registration Module Pages/Third Screen - Upload Supporting Doc- Preview/Upload File Adding'

2018-12-14 01:42:53 - [MESSAGE][PASSED] - File 'C:\Users\Public\Pictures\Sample Pictures\Koala.jpg' sent to object: 'Object Repository/Final Object Repo/New Registration - Registration Module Pages/Third Screen - Upload Supporting Doc- Preview/Upload File Adding'

2018-12-14 01:42:53 - [TEST_STEP][PASSED] - click: Object: 'Object Repository/Final Object Repo/New Registration - Registration Module Pages/Third Screen - Upload Supporting Doc- Preview/Inner Form Add Document Button' is clicked on

2018-12-14 01:42:53 - [MESSAGE][PASSED] - Object: 'Object Repository/Final Object Repo/New Registration - Registration Module Pages/Third Screen - Upload Supporting Doc- Preview/Inner Form Add Document Button' is clicked on

2018-12-14 01:42:53 - [TEST_STEP][PASSED] - delay: Delayed 5 second(s)

2018-12-14 01:42:58 - [MESSAGE][PASSED] - Delayed 5 second(s)

2018-12-14 01:42:58 - [TEST_STEP][PASSED] - click: Object: 'Object Repository/Final Object Repo/New Registration - Registration Module Pages/Third Screen - Upload Supporting Doc- Preview/Add Document Button' is clicked on

2018-12-14 01:42:58 - [MESSAGE][PASSED] - Object: 'Object Repository/Final Object Repo/New Registration - Registration Module Pages/Third Screen - Upload Supporting Doc- Preview/Add Document Button' is clicked on

2018-12-14 01:42:58 - [TEST_STEP][PASSED] - delay: Delayed 30 second(s)

2018-12-14 01:43:28 - [MESSAGE][PASSED] - Delayed 30 second(s)

2018-12-14 01:43:28 - [TEST_STEP][PASSED] - click: Object: 'Object Repository/Final Object Repo/New Registration - Registration Module Pages/Third Screen - Upload Supporting Doc- Preview/Supporting Doc Please Select Drop Down' is clicked on

2018-12-14 01:43:28 - [MESSAGE][PASSED] - Object: 'Object Repository/Final Object Repo/New Registration - Registration Module Pages/Third Screen - Upload Supporting Doc- Preview/Supporting Doc Please Select Drop Down' is clicked on

2018-12-14 01:43:28 - [TEST_STEP][PASSED] - click: Object: 'Object Repository/Final Object Repo/New Registration - Registration Module Pages/Third Screen - Upload Supporting Doc- Preview/Select to Upload Borang SIP 1' is clicked on

2018-12-14 01:43:29 - [MESSAGE][PASSED] - Object: 'Object Repository/Final Object Repo/New Registration - Registration Module Pages/Third Screen - Upload Supporting Doc- Preview/Select to Upload Borang SIP 1' is clicked on

2018-12-14 01:43:29 - [TEST_STEP][PASSED] - delay: Delayed 2 second(s)

2018-12-14 01:43:31 - [MESSAGE][PASSED] - Delayed 2 second(s)

2018-12-14 01:43:31 - [TEST_STEP][PASSED] - uploadFile: File 'C:\Users\Public\Pictures\Sample Pictures\Koala.jpg' sent to object: 'Object Repository/Final Object Repo/New Registration - Registration Module Pages/Third Screen - Upload Supporting Doc- Preview/Upload File Adding'

2018-12-14 01:43:31 - [MESSAGE][PASSED] - File 'C:\Users\Public\Pictures\Sample Pictures\Koala.jpg' sent to object: 'Object Repository/Final Object Repo/New Registration - Registration Module Pages/Third Screen - Upload Supporting Doc- Preview/Upload File Adding'

2018-12-14 01:43:31 - [TEST_STEP][PASSED] - click: Object: 'Object Repository/Final Object Repo/New Registration - Registration Module Pages/Third Screen - Upload Supporting Doc- Preview/Inner Form Add Document Button' is clicked on

2018-12-14 01:43:31 - [MESSAGE][PASSED] - Object: 'Object Repository/Final Object Repo/New Registration - Registration Module Pages/Third Screen - Upload Supporting Doc- Preview/Inner Form Add Document Button' is clicked on

2018-12-14 01:43:31 - [TEST_STEP][PASSED] - delay: Delayed 5 second(s)

2018-12-14 01:43:36 - [MESSAGE][PASSED] - Delayed 5 second(s)

2018-12-14 01:43:36 - [TEST_STEP][PASSED] - click: Object: 'Object Repository/Final Object Repo/New Registration - Registration Module Pages/Third Screen - Upload Supporting Doc- Preview/Add Document Button' is clicked on

2018-12-14 01:43:36 - [MESSAGE][PASSED] - Object: 'Object Repository/Final Object Repo/New Registration - Registration Module Pages/Third Screen - Upload Supporting Doc- Preview/Add Document Button' is clicked on

2018-12-14 01:43:36 - [TEST_STEP][PASSED] - delay: Delayed 30 second(s)

2018-12-14 01:44:06 - [MESSAGE][PASSED] - Delayed 30 second(s)

2018-12-14 01:44:06 - [TEST_STEP][PASSED] - click: Object: 'Object Repository/Final Object Repo/New Registration - Registration Module Pages/Third Screen - Upload Supporting Doc- Preview/Supporting Doc Please Select Drop Down' is clicked on

2018-12-14 01:44:06 - [MESSAGE][PASSED] - Object: 'Object Repository/Final Object Repo/New Registration - Registration Module Pages/Third Screen - Upload Supporting Doc- Preview/Supporting Doc Please Select Drop Down' is clicked on

2018-12-14 01:44:06 - [TEST_STEP][PASSED] - delay: Delayed 3 second(s)

2018-12-14 01:44:09 - [MESSAGE][PASSED] - Delayed 3 second(s)

2018-12-14 01:44:09 - [TEST_STEP][PASSED] - click: Object: 'Object Repository/Final Object Repo/New Registration - Registration Module Pages/Third Screen - Upload Supporting Doc- Preview/Select to Upload Borang SIP 2' is clicked on

2018-12-14 01:44:09 - [MESSAGE][PASSED] - Object: 'Object Repository/Final Object Repo/New Registration - Registration Module Pages/Third Screen - Upload Supporting Doc- Preview/Select to Upload Borang SIP 2' is clicked on

2018-12-14 01:44:09 - [TEST_STEP][PASSED] - delay: Delayed 2 second(s)

2018-12-14 01:44:12 - [MESSAGE][PASSED] - Delayed 2 second(s)

2018-12-14 01:44:12 - [TEST_STEP][PASSED] - uploadFile: File 'C:\Users\Public\Pictures\Sample Pictures\Koala.jpg' sent to object: 'Object Repository/Final Object Repo/New Registration - Registration Module Pages/Third Screen - Upload Supporting Doc- Preview/Upload File Adding'

2018-12-14 01:44:12 - [MESSAGE][PASSED] - File 'C:\Users\Public\Pictures\Sample Pictures\Koala.jpg' sent to object: 'Object Repository/Final Object Repo/New Registration - Registration Module Pages/Third Screen - Upload Supporting Doc- Preview/Upload File Adding'

2018-12-14 01:44:12 - [TEST_STEP][PASSED] - delay: Delayed 5 second(s)

2018-12-14 01:44:17 - [MESSAGE][PASSED] - Delayed 5 second(s)

2018-12-14 01:44:17 - [TEST_STEP][PASSED] - click: Object: 'Object Repository/Final Object Repo/New Registration - Registration Module Pages/Third Screen - Upload Supporting Doc- Preview/Inner Form Add Document Button' is clicked on

2018-12-14 01:44:17 - [MESSAGE][PASSED] - Object: 'Object Repository/Final Object Repo/New Registration - Registration Module Pages/Third Screen - Upload Supporting Doc- Preview/Inner Form Add Document Button' is clicked on

2018-12-14 01:44:17 - [TEST_STEP][PASSED] - delay: Delayed 3 second(s)

2018-12-14 01:44:20 - [MESSAGE][PASSED] - Delayed 3 second(s)

2018-12-14 01:44:20 - [TEST_STEP][PASSED] - waitForElementClickable: Object 'Object Repository/Final Object Repo/New Registration - Registration Module Pages/Third Screen - Upload Supporting Doc- Preview/Save n Continue in Uploading Supporting Doc Page' is clickable

2018-12-14 01:44:21 - [MESSAGE][PASSED] - Object 'Object Repository/Final Object Repo/New Registration - Registration Module Pages/Third Screen - Upload Supporting Doc- Preview/Save n Continue in Uploading Supporting Doc Page' is clickable

2018-12-14 01:44:21 - [TEST_STEP][PASSED] - click: Object: 'Object Repository/Final Object Repo/New Registration - Registration Module Pages/Third Screen - Upload Supporting Doc- Preview/Save n Continue in Uploading Supporting Doc Page' is clicked on

2018-12-14 01:44:21 - [MESSAGE][PASSED] - Object: 'Object Repository/Final Object Repo/New Registration - Registration Module Pages/Third Screen - Upload Supporting Doc- Preview/Save n Continue in Uploading Supporting Doc Page' is clicked on

2018-12-14 01:44:21 - [MESSAGE][PASSED] - Call Test Case 'Test Cases/Final Aug 2018 - PKS Automation/Registration Module/New Registration/Flow of New Registration/Third Screen - Upload Supporting Doc - Preview' successfully

2018-12-14 01:44:21 - [TEST_STEP][PASSED] - callTestCase: Call Test Case 'Test Cases/Final Aug 2018 - PKS Automation/Registration Module/New Registration/Submit and Screenshot/Submit Registration and Screenshot - Copy' successfully

2018-12-14 01:44:21 - [TEST_CASE][PASSED] - Test Cases/Final Aug 2018 - PKS Automation/Registration Module/New Registration/Submit and Screenshot/Submit Registration and Screenshot - Copy: Test Cases/Final Aug 2018 - PKS Automation/Registration Module/New Registration/Submit and Screenshot/Submit Registration and Screenshot - Copy

2018-12-14 01:44:21 - [TEST_STEP][PASSED] - delay: Delayed 6 second(s)

2018-12-14 01:44:27 - [MESSAGE][PASSED] - Delayed 6 second(s)

2018-12-14 01:44:27 - [TEST_STEP][PASSED] - click: Object: 'Object Repository/Final Object Repo/New Registration - Registration Module Pages/Third Screen - Upload Supporting Doc- Preview/Preview Submit Button' is clicked on

2018-12-14 01:44:27 - [MESSAGE][PASSED] - Object: 'Object Repository/Final Object Repo/New Registration - Registration Module Pages/Third Screen - Upload Supporting Doc- Preview/Preview Submit Button' is clicked on

2018-12-14 01:44:27 - [TEST_STEP][PASSED] - delay: Delayed 2 second(s)

2018-12-14 01:44:29 - [MESSAGE][PASSED] - Delayed 2 second(s)

2018-12-14 01:44:29 - [TEST_STEP][PASSED] - click: Object: 'Object Repository/Final Object Repo/New Registration - Registration Module Pages/Third Screen - Upload Supporting Doc- Preview/Preview Submit - Confirm' is clicked on

2018-12-14 01:44:29 - [MESSAGE][PASSED] - Object: 'Object Repository/Final Object Repo/New Registration - Registration Module Pages/Third Screen - Upload Supporting Doc- Preview/Preview Submit - Confirm' is clicked on

2018-12-14 01:44:29 - [TEST_STEP][PASSED] - delay: Delayed 15 second(s)

2018-12-14 01:44:44 - [MESSAGE][PASSED] - Delayed 15 second(s)

2018-12-14 01:44:44 - [TEST_STEP][PASSED] - Statement - driver = com.kms.katalon.core.webui.driver.DriverFactory.getWebDriver(): null

2018-12-14 01:44:44 - [TEST_STEP][PASSED] - Statement - driver.manage().timeouts().implicitlyWait(10, SECONDS): null

2018-12-14 01:44:44 - [TEST_STEP][PASSED] - Statement - PresavePath = KatalonScreenshots: null

2018-12-14 01:44:44 - [TEST_STEP][PASSED] - Statement - pathPrefix = "C:\Users\Public\Pictures\Sample Pictures\Katalon Screenshots\Automate Ending Screen": null

2018-12-14 01:44:44 - [TEST_STEP][PASSED] - Statement - finalPath = <not implemented yet for class: org.codehaus.groovy.ast.expr.EmptyExpression>: null

2018-12-14 01:44:44 - [TEST_STEP][PASSED] - Statement - scrFile = driver.getScreenshotAs(FILE): null

2018-12-14 01:44:45 - [TEST_STEP][PASSED] - Statement - PreSaveFile = new java.io.File(PresavePath): null

2018-12-14 01:44:45 - [TEST_STEP][PASSED] - Statement - counter = 0: null

2018-12-14 01:44:45 - [TEST_STEP][PASSED] - Statement - If (PreSaveFile.exists()): null

2018-12-14 01:44:45 - [TEST_STEP][PASSED] - Statement - While (PreSaveFile.exists()): null

2018-12-14 01:44:45 - [TEST_STEP][PASSED] - Statement - counter = counter + 1: null

2018-12-14 01:44:45 - [TEST_STEP][PASSED] - Statement - PreSaveFile = new java.io.File(((pathPrefix + java.lang.Integer.toString(counter)) + .png)): null

2018-12-14 01:44:45 - [TEST_STEP][PASSED] - Statement - counter = counter + 1: null

2018-12-14 01:44:45 - [TEST_STEP][PASSED] - Statement - PreSaveFile = new java.io.File(((pathPrefix + java.lang.Integer.toString(counter)) + .png)): null

2018-12-14 01:44:45 - [TEST_STEP][PASSED] - Statement - counter = counter + 1: null

2018-12-14 01:44:45 - [TEST_STEP][PASSED] - Statement - PreSaveFile = new java.io.File(((pathPrefix + java.lang.Integer.toString(counter)) + .png)): null

2018-12-14 01:44:45 - [TEST_STEP][PASSED] - Statement - counter = counter + 1: null

2018-12-14 01:44:45 - [TEST_STEP][PASSED] - Statement - PreSaveFile = new java.io.File(((pathPrefix + java.lang.Integer.toString(counter)) + .png)): null

2018-12-14 01:44:45 - [TEST_STEP][PASSED] - Statement - counter = counter + 1: null

2018-12-14 01:44:45 - [TEST_STEP][PASSED] - Statement - PreSaveFile = new java.io.File(((pathPrefix + java.lang.Integer.toString(counter)) + .png)): null

2018-12-14 01:44:45 - [TEST_STEP][PASSED] - Statement - counter = counter + 1: null

2018-12-14 01:44:45 - [TEST_STEP][PASSED] - Statement - PreSaveFile = new java.io.File(((pathPrefix + java.lang.Integer.toString(counter)) + .png)): null

2018-12-14 01:44:45 - [TEST_STEP][PASSED] - Statement - counter = counter + 1: null

2018-12-14 01:44:45 - [TEST_STEP][PASSED] - Statement - PreSaveFile = new java.io.File(((pathPrefix + java.lang.Integer.toString(counter)) + .png)): null

2018-12-14 01:44:45 - [TEST_STEP][PASSED] - Statement - counter = counter + 1: null

2018-12-14 01:44:45 - [TEST_STEP][PASSED] - Statement - PreSaveFile = new java.io.File(((pathPrefix + java.lang.Integer.toString(counter)) + .png)): null

2018-12-14 01:44:45 - [TEST_STEP][PASSED] - Statement - counter = counter + 1: null

2018-12-14 01:44:45 - [TEST_STEP][PASSED] - Statement - PreSaveFile = new java.io.File(((pathPrefix + java.lang.Integer.toString(counter)) + .png)): null

2018-12-14 01:44:45 - [TEST_STEP][PASSED] - Statement - counter = counter + 1: null

2018-12-14 01:44:45 - [TEST_STEP][PASSED] - Statement - PreSaveFile = new java.io.File(((pathPrefix + java.lang.Integer.toString(counter)) + .png)): null

2018-12-14 01:44:45 - [TEST_STEP][PASSED] - Statement - counter = counter + 1: null

2018-12-14 01:44:45 - [TEST_STEP][PASSED] - Statement - PreSaveFile = new java.io.File(((pathPrefix + java.lang.Integer.toString(counter)) + .png)): null

2018-12-14 01:44:45 - [TEST_STEP][PASSED] - Statement - counter = counter + 1: null

2018-12-14 01:44:45 - [TEST_STEP][PASSED] - Statement - PreSaveFile = new java.io.File(((pathPrefix + java.lang.Integer.toString(counter)) + .png)): null

2018-12-14 01:44:45 - [TEST_STEP][PASSED] - Statement - counter = counter + 1: null

2018-12-14 01:44:45 - [TEST_STEP][PASSED] - Statement - PreSaveFile = new java.io.File(((pathPrefix + java.lang.Integer.toString(counter)) + .png)): null

2018-12-14 01:44:45 - [TEST_STEP][PASSED] - Statement - counter = counter + 1: null

2018-12-14 01:44:45 - [TEST_STEP][PASSED] - Statement - PreSaveFile = new java.io.File(((pathPrefix + java.lang.Integer.toString(counter)) + .png)): null

2018-12-14 01:44:45 - [TEST_STEP][PASSED] - Statement - counter = counter + 1: null

2018-12-14 01:44:45 - [TEST_STEP][PASSED] - Statement - PreSaveFile = new java.io.File(((pathPrefix + java.lang.Integer.toString(counter)) + .png)): null

2018-12-14 01:44:45 - [TEST_STEP][PASSED] - Statement - counter = counter + 1: null

2018-12-14 01:44:45 - [TEST_STEP][PASSED] - Statement - PreSaveFile = new java.io.File(((pathPrefix + java.lang.Integer.toString(counter)) + .png)): null

2018-12-14 01:44:45 - [TEST_STEP][PASSED] - Statement - counter = counter + 1: null

2018-12-14 01:44:45 - [TEST_STEP][PASSED] - Statement - PreSaveFile = new java.io.File(((pathPrefix + java.lang.Integer.toString(counter)) + .png)): null

2018-12-14 01:44:45 - [TEST_STEP][PASSED] - Statement - counter = counter + 1: null

2018-12-14 01:44:45 - [TEST_STEP][PASSED] - Statement - PreSaveFile = new java.io.File(((pathPrefix + java.lang.Integer.toString(counter)) + .png)): null

2018-12-14 01:44:45 - [TEST_STEP][PASSED] - Statement - counter = counter + 1: null

2018-12-14 01:44:45 - [TEST_STEP][PASSED] - Statement - PreSaveFile = new java.io.File(((pathPrefix + java.lang.Integer.toString(counter)) + .png)): null

2018-12-14 01:44:45 - [TEST_STEP][PASSED] - Statement - counter = counter + 1: null

2018-12-14 01:44:45 - [TEST_STEP][PASSED] - Statement - PreSaveFile = new java.io.File(((pathPrefix + java.lang.Integer.toString(counter)) + .png)): null

2018-12-14 01:44:45 - [TEST_STEP][PASSED] - Statement - counter = counter + 1: null

2018-12-14 01:44:45 - [TEST_STEP][PASSED] - Statement - PreSaveFile = new java.io.File(((pathPrefix + java.lang.Integer.toString(counter)) + .png)): null

2018-12-14 01:44:45 - [TEST_STEP][PASSED] - Statement - counter = counter + 1: null

2018-12-14 01:44:45 - [TEST_STEP][PASSED] - Statement - PreSaveFile = new java.io.File(((pathPrefix + java.lang.Integer.toString(counter)) + .png)): null

2018-12-14 01:44:45 - [TEST_STEP][PASSED] - Statement - counter = counter + 1: null

2018-12-14 01:44:45 - [TEST_STEP][PASSED] - Statement - PreSaveFile = new java.io.File(((pathPrefix + java.lang.Integer.toString(counter)) + .png)): null

2018-12-14 01:44:45 - [TEST_STEP][PASSED] - Statement - counter = counter + 1: null

2018-12-14 01:44:45 - [TEST_STEP][PASSED] - Statement - PreSaveFile = new java.io.File(((pathPrefix + java.lang.Integer.toString(counter)) + .png)): null

2018-12-14 01:44:45 - [TEST_STEP][PASSED] - Statement - counter = counter + 1: null

2018-12-14 01:44:45 - [TEST_STEP][PASSED] - Statement - PreSaveFile = new java.io.File(((pathPrefix + java.lang.Integer.toString(counter)) + .png)): null

2018-12-14 01:44:45 - [TEST_STEP][PASSED] - Statement - counter = counter + 1: null

2018-12-14 01:44:45 - [TEST_STEP][PASSED] - Statement - PreSaveFile = new java.io.File(((pathPrefix + java.lang.Integer.toString(counter)) + .png)): null

2018-12-14 01:44:45 - [TEST_STEP][PASSED] - Statement - counter = counter + 1: null

2018-12-14 01:44:45 - [TEST_STEP][PASSED] - Statement - PreSaveFile = new java.io.File(((pathPrefix + java.lang.Integer.toString(counter)) + .png)): null

2018-12-14 01:44:45 - [TEST_STEP][PASSED] - Statement - counter = counter + 1: null

2018-12-14 01:44:45 - [TEST_STEP][PASSED] - Statement - PreSaveFile = new java.io.File(((pathPrefix + java.lang.Integer.toString(counter)) + .png)): null

2018-12-14 01:44:45 - [TEST_STEP][PASSED] - Statement - counter = counter + 1: null

2018-12-14 01:44:45 - [TEST_STEP][PASSED] - Statement - PreSaveFile = new java.io.File(((pathPrefix + java.lang.Integer.toString(counter)) + .png)): null

2018-12-14 01:44:45 - [TEST_STEP][PASSED] - Statement - counter = counter + 1: null

2018-12-14 01:44:45 - [TEST_STEP][PASSED] - Statement - PreSaveFile = new java.io.File(((pathPrefix + java.lang.Integer.toString(counter)) + .png)): null

2018-12-14 01:44:45 - [TEST_STEP][PASSED] - Statement - counter = counter + 1: null

2018-12-14 01:44:45 - [TEST_STEP][PASSED] - Statement - PreSaveFile = new java.io.File(((pathPrefix + java.lang.Integer.toString(counter)) + .png)): null

2018-12-14 01:44:45 - [TEST_STEP][PASSED] - Statement - counter = counter + 1: null

2018-12-14 01:44:45 - [TEST_STEP][PASSED] - Statement - PreSaveFile = new java.io.File(((pathPrefix + java.lang.Integer.toString(counter)) + .png)): null

2018-12-14 01:44:45 - [TEST_STEP][PASSED] - Statement - counter = counter + 1: null

2018-12-14 01:44:45 - [TEST_STEP][PASSED] - Statement - PreSaveFile = new java.io.File(((pathPrefix + java.lang.Integer.toString(counter)) + .png)): null

2018-12-14 01:44:45 - [TEST_STEP][PASSED] - Statement - counter = counter + 1: null

2018-12-14 01:44:45 - [TEST_STEP][PASSED] - Statement - PreSaveFile = new java.io.File(((pathPrefix + java.lang.Integer.toString(counter)) + .png)): null

2018-12-14 01:44:45 - [TEST_STEP][PASSED] - Statement - counter = counter + 1: null

2018-12-14 01:44:45 - [TEST_STEP][PASSED] - Statement - PreSaveFile = new java.io.File(((pathPrefix + java.lang.Integer.toString(counter)) + .png)): null

2018-12-14 01:44:45 - [TEST_STEP][PASSED] - Statement - counter = counter + 1: null

2018-12-14 01:44:45 - [TEST_STEP][PASSED] - Statement - PreSaveFile = new java.io.File(((pathPrefix + java.lang.Integer.toString(counter)) + .png)): null

2018-12-14 01:44:45 - [TEST_STEP][PASSED] - Statement - counter = counter + 1: null

2018-12-14 01:44:45 - [TEST_STEP][PASSED] - Statement - PreSaveFile = new java.io.File(((pathPrefix + java.lang.Integer.toString(counter)) + .png)): null

2018-12-14 01:44:45 - [TEST_STEP][PASSED] - Statement - counter = counter + 1: null

2018-12-14 01:44:45 - [TEST_STEP][PASSED] - Statement - PreSaveFile = new java.io.File(((pathPrefix + java.lang.Integer.toString(counter)) + .png)): null

2018-12-14 01:44:45 - [TEST_STEP][PASSED] - Statement - counter = counter + 1: null

2018-12-14 01:44:45 - [TEST_STEP][PASSED] - Statement - PreSaveFile = new java.io.File(((pathPrefix + java.lang.Integer.toString(counter)) + .png)): null

2018-12-14 01:44:45 - [TEST_STEP][PASSED] - Statement - counter = counter + 1: null

2018-12-14 01:44:45 - [TEST_STEP][PASSED] - Statement - PreSaveFile = new java.io.File(((pathPrefix + java.lang.Integer.toString(counter)) + .png)): null

2018-12-14 01:44:45 - [TEST_STEP][PASSED] - Statement - counter = counter + 1: null

2018-12-14 01:44:45 - [TEST_STEP][PASSED] - Statement - PreSaveFile = new java.io.File(((pathPrefix + java.lang.Integer.toString(counter)) + .png)): null

2018-12-14 01:44:45 - [TEST_STEP][PASSED] - Statement - counter = counter + 1: null

2018-12-14 01:44:45 - [TEST_STEP][PASSED] - Statement - PreSaveFile = new java.io.File(((pathPrefix + java.lang.Integer.toString(counter)) + .png)): null

2018-12-14 01:44:45 - [TEST_STEP][PASSED] - Statement - counter = counter + 1: null

2018-12-14 01:44:45 - [TEST_STEP][PASSED] - Statement - PreSaveFile = new java.io.File(((pathPrefix + java.lang.Integer.toString(counter)) + .png)): null

2018-12-14 01:44:45 - [TEST_STEP][PASSED] - Statement - counter = counter + 1: null

2018-12-14 01:44:45 - [TEST_STEP][PASSED] - Statement - PreSaveFile = new java.io.File(((pathPrefix + java.lang.Integer.toString(counter)) + .png)): null

2018-12-14 01:44:45 - [TEST_STEP][PASSED] - Statement - counter = counter + 1: null

2018-12-14 01:44:45 - [TEST_STEP][PASSED] - Statement - PreSaveFile = new java.io.File(((pathPrefix + java.lang.Integer.toString(counter)) + .png)): null

2018-12-14 01:44:45 - [TEST_STEP][PASSED] - Statement - counter = counter + 1: null

2018-12-14 01:44:45 - [TEST_STEP][PASSED] - Statement - PreSaveFile = new java.io.File(((pathPrefix + java.lang.Integer.toString(counter)) + .png)): null

2018-12-14 01:44:45 - [TEST_STEP][PASSED] - Statement - counter = counter + 1: null

2018-12-14 01:44:45 - [TEST_STEP][PASSED] - Statement - PreSaveFile = new java.io.File(((pathPrefix + java.lang.Integer.toString(counter)) + .png)): null

2018-12-14 01:44:45 - [TEST_STEP][PASSED] - Statement - counter = counter + 1: null

2018-12-14 01:44:45 - [TEST_STEP][PASSED] - Statement - PreSaveFile = new java.io.File(((pathPrefix + java.lang.Integer.toString(counter)) + .png)): null

2018-12-14 01:44:45 - [TEST_STEP][PASSED] - Statement - counter = counter + 1: null

2018-12-14 01:44:45 - [TEST_STEP][PASSED] - Statement - PreSaveFile = new java.io.File(((pathPrefix + java.lang.Integer.toString(counter)) + .png)): null

2018-12-14 01:44:45 - [TEST_STEP][PASSED] - Statement - counter = counter + 1: null

2018-12-14 01:44:45 - [TEST_STEP][PASSED] - Statement - PreSaveFile = new java.io.File(((pathPrefix + java.lang.Integer.toString(counter)) + .png)): null

2018-12-14 01:44:45 - [TEST_STEP][PASSED] - Statement - counter = counter + 1: null

2018-12-14 01:44:45 - [TEST_STEP][PASSED] - Statement - PreSaveFile = new java.io.File(((pathPrefix + java.lang.Integer.toString(counter)) + .png)): null

2018-12-14 01:44:45 - [TEST_STEP][PASSED] - Statement - counter = counter + 1: null

2018-12-14 01:44:45 - [TEST_STEP][PASSED] - Statement - PreSaveFile = new java.io.File(((pathPrefix + java.lang.Integer.toString(counter)) + .png)): null

2018-12-14 01:44:45 - [TEST_STEP][PASSED] - Statement - counter = counter + 1: null

2018-12-14 01:44:45 - [TEST_STEP][PASSED] - Statement - PreSaveFile = new java.io.File(((pathPrefix + java.lang.Integer.toString(counter)) + .png)): null

2018-12-14 01:44:45 - [TEST_STEP][PASSED] - Statement - counter = counter + 1: null

2018-12-14 01:44:45 - [TEST_STEP][PASSED] - Statement - PreSaveFile = new java.io.File(((pathPrefix + java.lang.Integer.toString(counter)) + .png)): null

2018-12-14 01:44:45 - [TEST_STEP][PASSED] - Statement - counter = counter + 1: null

2018-12-14 01:44:45 - [TEST_STEP][PASSED] - Statement - PreSaveFile = new java.io.File(((pathPrefix + java.lang.Integer.toString(counter)) + .png)): null

2018-12-14 01:44:45 - [TEST_STEP][PASSED] - Statement - counter = counter + 1: null

2018-12-14 01:44:45 - [TEST_STEP][PASSED] - Statement - PreSaveFile = new java.io.File(((pathPrefix + java.lang.Integer.toString(counter)) + .png)): null

2018-12-14 01:44:45 - [TEST_STEP][PASSED] - Statement - counter = counter + 1: null

2018-12-14 01:44:45 - [TEST_STEP][PASSED] - Statement - PreSaveFile = new java.io.File(((pathPrefix + java.lang.Integer.toString(counter)) + .png)): null

2018-12-14 01:44:45 - [TEST_STEP][PASSED] - Statement - counter = counter + 1: null

2018-12-14 01:44:45 - [TEST_STEP][PASSED] - Statement - PreSaveFile = new java.io.File(((pathPrefix + java.lang.Integer.toString(counter)) + .png)): null

2018-12-14 01:44:45 - [TEST_STEP][PASSED] - Statement - counter = counter + 1: null

2018-12-14 01:44:45 - [TEST_STEP][PASSED] - Statement - PreSaveFile = new java.io.File(((pathPrefix + java.lang.Integer.toString(counter)) + .png)): null

2018-12-14 01:44:45 - [TEST_STEP][PASSED] - Statement - counter = counter + 1: null

2018-12-14 01:44:45 - [TEST_STEP][PASSED] - Statement - PreSaveFile = new java.io.File(((pathPrefix + java.lang.Integer.toString(counter)) + .png)): null

2018-12-14 01:44:45 - [TEST_STEP][PASSED] - Statement - counter = counter + 1: null

2018-12-14 01:44:45 - [TEST_STEP][PASSED] - Statement - PreSaveFile = new java.io.File(((pathPrefix + java.lang.Integer.toString(counter)) + .png)): null

2018-12-14 01:44:45 - [TEST_STEP][PASSED] - Statement - counter = counter + 1: null

2018-12-14 01:44:45 - [TEST_STEP][PASSED] - Statement - PreSaveFile = new java.io.File(((pathPrefix + java.lang.Integer.toString(counter)) + .png)): null

2018-12-14 01:44:45 - [TEST_STEP][PASSED] - Statement - counter = counter + 1: null

2018-12-14 01:44:45 - [TEST_STEP][PASSED] - Statement - PreSaveFile = new java.io.File(((pathPrefix + java.lang.Integer.toString(counter)) + .png)): null

2018-12-14 01:44:45 - [TEST_STEP][PASSED] - Statement - counter = counter + 1: null

2018-12-14 01:44:45 - [TEST_STEP][PASSED] - Statement - PreSaveFile = new java.io.File(((pathPrefix + java.lang.Integer.toString(counter)) + .png)): null

2018-12-14 01:44:45 - [TEST_STEP][PASSED] - Statement - counter = counter + 1: null

2018-12-14 01:44:45 - [TEST_STEP][PASSED] - Statement - PreSaveFile = new java.io.File(((pathPrefix + java.lang.Integer.toString(counter)) + .png)): null

2018-12-14 01:44:45 - [TEST_STEP][PASSED] - Statement - counter = counter + 1: null

2018-12-14 01:44:45 - [TEST_STEP][PASSED] - Statement - PreSaveFile = new java.io.File(((pathPrefix + java.lang.Integer.toString(counter)) + .png)): null

2018-12-14 01:44:45 - [TEST_STEP][PASSED] - Statement - counter = counter + 1: null

2018-12-14 01:44:45 - [TEST_STEP][PASSED] - Statement - PreSaveFile = new java.io.File(((pathPrefix + java.lang.Integer.toString(counter)) + .png)): null

2018-12-14 01:44:45 - [TEST_STEP][PASSED] - Statement - counter = counter + 1: null

2018-12-14 01:44:45 - [TEST_STEP][PASSED] - Statement - PreSaveFile = new java.io.File(((pathPrefix + java.lang.Integer.toString(counter)) + .png)): null

2018-12-14 01:44:45 - [TEST_STEP][PASSED] - Statement - counter = counter + 1: null

2018-12-14 01:44:45 - [TEST_STEP][PASSED] - Statement - PreSaveFile = new java.io.File(((pathPrefix + java.lang.Integer.toString(counter)) + .png)): null

2018-12-14 01:44:45 - [TEST_STEP][PASSED] - Statement - counter = counter + 1: null

2018-12-14 01:44:45 - [TEST_STEP][PASSED] - Statement - PreSaveFile = new java.io.File(((pathPrefix + java.lang.Integer.toString(counter)) + .png)): null

2018-12-14 01:44:45 - [TEST_STEP][PASSED] - Statement - counter = counter + 1: null

2018-12-14 01:44:45 - [TEST_STEP][PASSED] - Statement - PreSaveFile = new java.io.File(((pathPrefix + java.lang.Integer.toString(counter)) + .png)): null

2018-12-14 01:44:45 - [TEST_STEP][PASSED] - Statement - counter = counter + 1: null

2018-12-14 01:44:45 - [TEST_STEP][PASSED] - Statement - PreSaveFile = new java.io.File(((pathPrefix + java.lang.Integer.toString(counter)) + .png)): null

2018-12-14 01:44:45 - [TEST_STEP][PASSED] - Statement - counter = counter + 1: null

2018-12-14 01:44:45 - [TEST_STEP][PASSED] - Statement - PreSaveFile = new java.io.File(((pathPrefix + java.lang.Integer.toString(counter)) + .png)): null

2018-12-14 01:44:45 - [TEST_STEP][PASSED] - Statement - counter = counter + 1: null

2018-12-14 01:44:45 - [TEST_STEP][PASSED] - Statement - PreSaveFile = new java.io.File(((pathPrefix + java.lang.Integer.toString(counter)) + .png)): null

2018-12-14 01:44:45 - [TEST_STEP][PASSED] - Statement - counter = counter + 1: null

2018-12-14 01:44:45 - [TEST_STEP][PASSED] - Statement - PreSaveFile = new java.io.File(((pathPrefix + java.lang.Integer.toString(counter)) + .png)): null

2018-12-14 01:44:45 - [TEST_STEP][PASSED] - Statement - counter = counter + 1: null

2018-12-14 01:44:45 - [TEST_STEP][PASSED] - Statement - PreSaveFile = new java.io.File(((pathPrefix + java.lang.Integer.toString(counter)) + .png)): null

2018-12-14 01:44:45 - [TEST_STEP][PASSED] - Statement - counter = counter + 1: null

2018-12-14 01:44:45 - [TEST_STEP][PASSED] - Statement - PreSaveFile = new java.io.File(((pathPrefix + java.lang.Integer.toString(counter)) + .png)): null

2018-12-14 01:44:45 - [TEST_STEP][PASSED] - Statement - counter = counter + 1: null

2018-12-14 01:44:45 - [TEST_STEP][PASSED] - Statement - PreSaveFile = new java.io.File(((pathPrefix + java.lang.Integer.toString(counter)) + .png)): null

2018-12-14 01:44:45 - [TEST_STEP][PASSED] - Statement - counter = counter + 1: null

2018-12-14 01:44:45 - [TEST_STEP][PASSED] - Statement - PreSaveFile = new java.io.File(((pathPrefix + java.lang.Integer.toString(counter)) + .png)): null

2018-12-14 01:44:45 - [TEST_STEP][PASSED] - Statement - counter = counter + 1: null

2018-12-14 01:44:45 - [TEST_STEP][PASSED] - Statement - PreSaveFile = new java.io.File(((pathPrefix + java.lang.Integer.toString(counter)) + .png)): null

2018-12-14 01:44:45 - [TEST_STEP][PASSED] - Statement - counter = counter + 1: null

2018-12-14 01:44:45 - [TEST_STEP][PASSED] - Statement - PreSaveFile = new java.io.File(((pathPrefix + java.lang.Integer.toString(counter)) + .png)): null

2018-12-14 01:44:45 - [TEST_STEP][PASSED] - Statement - counter = counter + 1: null

2018-12-14 01:44:45 - [TEST_STEP][PASSED] - Statement - PreSaveFile = new java.io.File(((pathPrefix + java.lang.Integer.toString(counter)) + .png)): null

2018-12-14 01:44:45 - [TEST_STEP][PASSED] - Statement - counter = counter + 1: null

2018-12-14 01:44:45 - [TEST_STEP][PASSED] - Statement - PreSaveFile = new java.io.File(((pathPrefix + java.lang.Integer.toString(counter)) + .png)): null

2018-12-14 01:44:45 - [TEST_STEP][PASSED] - Statement - counter = counter + 1: null

2018-12-14 01:44:45 - [TEST_STEP][PASSED] - Statement - PreSaveFile = new java.io.File(((pathPrefix + java.lang.Integer.toString(counter)) + .png)): null

2018-12-14 01:44:45 - [TEST_STEP][PASSED] - Statement - counter = counter + 1: null

2018-12-14 01:44:45 - [TEST_STEP][PASSED] - Statement - PreSaveFile = new java.io.File(((pathPrefix + java.lang.Integer.toString(counter)) + .png)): null

2018-12-14 01:44:45 - [TEST_STEP][PASSED] - Statement - counter = counter + 1: null

2018-12-14 01:44:45 - [TEST_STEP][PASSED] - Statement - PreSaveFile = new java.io.File(((pathPrefix + java.lang.Integer.toString(counter)) + .png)): null

2018-12-14 01:44:45 - [TEST_STEP][PASSED] - Statement - counter = counter + 1: null

2018-12-14 01:44:45 - [TEST_STEP][PASSED] - Statement - PreSaveFile = new java.io.File(((pathPrefix + java.lang.Integer.toString(counter)) + .png)): null

2018-12-14 01:44:45 - [TEST_STEP][PASSED] - Statement - counter = counter + 1: null

2018-12-14 01:44:45 - [TEST_STEP][PASSED] - Statement - PreSaveFile = new java.io.File(((pathPrefix + java.lang.Integer.toString(counter)) + .png)): null

2018-12-14 01:44:45 - [TEST_STEP][PASSED] - Statement - counter = counter + 1: null

2018-12-14 01:44:45 - [TEST_STEP][PASSED] - Statement - PreSaveFile = new java.io.File(((pathPrefix + java.lang.Integer.toString(counter)) + .png)): null

2018-12-14 01:44:45 - [TEST_STEP][PASSED] - Statement - counter = counter + 1: null

2018-12-14 01:44:45 - [TEST_STEP][PASSED] - Statement - PreSaveFile = new java.io.File(((pathPrefix + java.lang.Integer.toString(counter)) + .png)): null

2018-12-14 01:44:45 - [TEST_STEP][PASSED] - Statement - counter = counter + 1: null

2018-12-14 01:44:45 - [TEST_STEP][PASSED] - Statement - PreSaveFile = new java.io.File(((pathPrefix + java.lang.Integer.toString(counter)) + .png)): null

2018-12-14 01:44:45 - [TEST_STEP][PASSED] - Statement - counter = counter + 1: null

2018-12-14 01:44:45 - [TEST_STEP][PASSED] - Statement - PreSaveFile = new java.io.File(((pathPrefix + java.lang.Integer.toString(counter)) + .png)): null

2018-12-14 01:44:45 - [TEST_STEP][PASSED] - Statement - counter = counter + 1: null

2018-12-14 01:44:45 - [TEST_STEP][PASSED] - Statement - PreSaveFile = new java.io.File(((pathPrefix + java.lang.Integer.toString(counter)) + .png)): null

2018-12-14 01:44:45 - [TEST_STEP][PASSED] - Statement - counter = counter + 1: null

2018-12-14 01:44:45 - [TEST_STEP][PASSED] - Statement - PreSaveFile = new java.io.File(((pathPrefix + java.lang.Integer.toString(counter)) + .png)): null

2018-12-14 01:44:45 - [TEST_STEP][PASSED] - Statement - counter = counter + 1: null

2018-12-14 01:44:45 - [TEST_STEP][PASSED] - Statement - PreSaveFile = new java.io.File(((pathPrefix + java.lang.Integer.toString(counter)) + .png)): null

2018-12-14 01:44:45 - [TEST_STEP][PASSED] - Statement - counter = counter + 1: null

2018-12-14 01:44:45 - [TEST_STEP][PASSED] - Statement - PreSaveFile = new java.io.File(((pathPrefix + java.lang.Integer.toString(counter)) + .png)): null

2018-12-14 01:44:45 - [TEST_STEP][PASSED] - Statement - counter = counter + 1: null

2018-12-14 01:44:45 - [TEST_STEP][PASSED] - Statement - PreSaveFile = new java.io.File(((pathPrefix + java.lang.Integer.toString(counter)) + .png)): null

2018-12-14 01:44:45 - [TEST_STEP][PASSED] - Statement - counter = counter + 1: null

2018-12-14 01:44:45 - [TEST_STEP][PASSED] - Statement - PreSaveFile = new java.io.File(((pathPrefix + java.lang.Integer.toString(counter)) + .png)): null

2018-12-14 01:44:45 - [TEST_STEP][PASSED] - Statement - counter = counter + 1: null

2018-12-14 01:44:45 - [TEST_STEP][PASSED] - Statement - PreSaveFile = new java.io.File(((pathPrefix + java.lang.Integer.toString(counter)) + .png)): null

2018-12-14 01:44:45 - [TEST_STEP][PASSED] - Statement - counter = counter + 1: null

2018-12-14 01:44:45 - [TEST_STEP][PASSED] - Statement - PreSaveFile = new java.io.File(((pathPrefix + java.lang.Integer.toString(counter)) + .png)): null

2018-12-14 01:44:45 - [TEST_STEP][PASSED] - Statement - counter = counter + 1: null

2018-12-14 01:44:45 - [TEST_STEP][PASSED] - Statement - PreSaveFile = new java.io.File(((pathPrefix + java.lang.Integer.toString(counter)) + .png)): null

2018-12-14 01:44:45 - [TEST_STEP][PASSED] - Statement - counter = counter + 1: null

2018-12-14 01:44:45 - [TEST_STEP][PASSED] - Statement - PreSaveFile = new java.io.File(((pathPrefix + java.lang.Integer.toString(counter)) + .png)): null

2018-12-14 01:44:45 - [TEST_STEP][PASSED] - Statement - counter = counter + 1: null

2018-12-14 01:44:45 - [TEST_STEP][PASSED] - Statement - PreSaveFile = new java.io.File(((pathPrefix + java.lang.Integer.toString(counter)) + .png)): null

2018-12-14 01:44:45 - [TEST_STEP][PASSED] - Statement - counter = counter + 1: null

2018-12-14 01:44:45 - [TEST_STEP][PASSED] - Statement - PreSaveFile = new java.io.File(((pathPrefix + java.lang.Integer.toString(counter)) + .png)): null

2018-12-14 01:44:45 - [TEST_STEP][PASSED] - Statement - counter = counter + 1: null

2018-12-14 01:44:45 - [TEST_STEP][PASSED] - Statement - PreSaveFile = new java.io.File(((pathPrefix + java.lang.Integer.toString(counter)) + .png)): null

2018-12-14 01:44:45 - [TEST_STEP][PASSED] - Statement - counter = counter + 1: null

2018-12-14 01:44:45 - [TEST_STEP][PASSED] - Statement - PreSaveFile = new java.io.File(((pathPrefix + java.lang.Integer.toString(counter)) + .png)): null

2018-12-14 01:44:45 - [TEST_STEP][PASSED] - Statement - counter = counter + 1: null

2018-12-14 01:44:45 - [TEST_STEP][PASSED] - Statement - PreSaveFile = new java.io.File(((pathPrefix + java.lang.Integer.toString(counter)) + .png)): null

2018-12-14 01:44:45 - [TEST_STEP][PASSED] - Statement - counter = counter + 1: null

2018-12-14 01:44:45 - [TEST_STEP][PASSED] - Statement - PreSaveFile = new java.io.File(((pathPrefix + java.lang.Integer.toString(counter)) + .png)): null

2018-12-14 01:44:45 - [TEST_STEP][PASSED] - Statement - counter = counter + 1: null

2018-12-14 01:44:45 - [TEST_STEP][PASSED] - Statement - PreSaveFile = new java.io.File(((pathPrefix + java.lang.Integer.toString(counter)) + .png)): null

2018-12-14 01:44:45 - [TEST_STEP][PASSED] - Statement - counter = counter + 1: null

2018-12-14 01:44:45 - [TEST_STEP][PASSED] - Statement - PreSaveFile = new java.io.File(((pathPrefix + java.lang.Integer.toString(counter)) + .png)): null

2018-12-14 01:44:45 - [TEST_STEP][PASSED] - Statement - counter = counter + 1: null

2018-12-14 01:44:45 - [TEST_STEP][PASSED] - Statement - PreSaveFile = new java.io.File(((pathPrefix + java.lang.Integer.toString(counter)) + .png)): null

2018-12-14 01:44:45 - [TEST_STEP][PASSED] - Statement - counter = counter + 1: null

2018-12-14 01:44:45 - [TEST_STEP][PASSED] - Statement - PreSaveFile = new java.io.File(((pathPrefix + java.lang.Integer.toString(counter)) + .png)): null

2018-12-14 01:44:45 - [TEST_STEP][PASSED] - Statement - counter = counter + 1: null

2018-12-14 01:44:45 - [TEST_STEP][PASSED] - Statement - PreSaveFile = new java.io.File(((pathPrefix + java.lang.Integer.toString(counter)) + .png)): null

2018-12-14 01:44:45 - [TEST_STEP][PASSED] - Statement - counter = counter + 1: null

2018-12-14 01:44:45 - [TEST_STEP][PASSED] - Statement - PreSaveFile = new java.io.File(((pathPrefix + java.lang.Integer.toString(counter)) + .png)): null

2018-12-14 01:44:45 - [TEST_STEP][PASSED] - Statement - counter = counter + 1: null

2018-12-14 01:44:45 - [TEST_STEP][PASSED] - Statement - PreSaveFile = new java.io.File(((pathPrefix + java.lang.Integer.toString(counter)) + .png)): null

2018-12-14 01:44:45 - [TEST_STEP][PASSED] - Statement - counter = counter + 1: null

2018-12-14 01:44:45 - [TEST_STEP][PASSED] - Statement - PreSaveFile = new java.io.File(((pathPrefix + java.lang.Integer.toString(counter)) + .png)): null

2018-12-14 01:44:45 - [TEST_STEP][PASSED] - Statement - counter = counter + 1: null

2018-12-14 01:44:45 - [TEST_STEP][PASSED] - Statement - PreSaveFile = new java.io.File(((pathPrefix + java.lang.Integer.toString(counter)) + .png)): null

2018-12-14 01:44:45 - [TEST_STEP][PASSED] - Statement - counter = counter + 1: null

2018-12-14 01:44:45 - [TEST_STEP][PASSED] - Statement - PreSaveFile = new java.io.File(((pathPrefix + java.lang.Integer.toString(counter)) + .png)): null

2018-12-14 01:44:45 - [TEST_STEP][PASSED] - Statement - counter = counter + 1: null

2018-12-14 01:44:45 - [TEST_STEP][PASSED] - Statement - PreSaveFile = new java.io.File(((pathPrefix + java.lang.Integer.toString(counter)) + .png)): null

2018-12-14 01:44:45 - [TEST_STEP][PASSED] - Statement - counter = counter + 1: null

2018-12-14 01:44:45 - [TEST_STEP][PASSED] - Statement - PreSaveFile = new java.io.File(((pathPrefix + java.lang.Integer.toString(counter)) + .png)): null

2018-12-14 01:44:45 - [TEST_STEP][PASSED] - Statement - counter = counter + 1: null

2018-12-14 01:44:45 - [TEST_STEP][PASSED] - Statement - PreSaveFile = new java.io.File(((pathPrefix + java.lang.Integer.toString(counter)) + .png)): null

2018-12-14 01:44:45 - [TEST_STEP][PASSED] - Statement - counter = counter + 1: null

2018-12-14 01:44:45 - [TEST_STEP][PASSED] - Statement - PreSaveFile = new java.io.File(((pathPrefix + java.lang.Integer.toString(counter)) + .png)): null

2018-12-14 01:44:45 - [TEST_STEP][PASSED] - Statement - counter = counter + 1: null

2018-12-14 01:44:45 - [TEST_STEP][PASSED] - Statement - PreSaveFile = new java.io.File(((pathPrefix + java.lang.Integer.toString(counter)) + .png)): null

2018-12-14 01:44:45 - [TEST_STEP][PASSED] - Statement - counter = counter + 1: null

2018-12-14 01:44:45 - [TEST_STEP][PASSED] - Statement - PreSaveFile = new java.io.File(((pathPrefix + java.lang.Integer.toString(counter)) + .png)): null

2018-12-14 01:44:45 - [TEST_STEP][PASSED] - Statement - counter = counter + 1: null

2018-12-14 01:44:45 - [TEST_STEP][PASSED] - Statement - PreSaveFile = new java.io.File(((pathPrefix + java.lang.Integer.toString(counter)) + .png)): null

2018-12-14 01:44:45 - [TEST_STEP][PASSED] - Statement - counter = counter + 1: null

2018-12-14 01:44:45 - [TEST_STEP][PASSED] - Statement - PreSaveFile = new java.io.File(((pathPrefix + java.lang.Integer.toString(counter)) + .png)): null

2018-12-14 01:44:45 - [TEST_STEP][PASSED] - Statement - counter = counter + 1: null

2018-12-14 01:44:45 - [TEST_STEP][PASSED] - Statement - PreSaveFile = new java.io.File(((pathPrefix + java.lang.Integer.toString(counter)) + .png)): null

2018-12-14 01:44:45 - [TEST_STEP][PASSED] - Statement - counter = counter + 1: null

2018-12-14 01:44:45 - [TEST_STEP][PASSED] - Statement - PreSaveFile = new java.io.File(((pathPrefix + java.lang.Integer.toString(counter)) + .png)): null

2018-12-14 01:44:45 - [TEST_STEP][PASSED] - Statement - counter = counter + 1: null

2018-12-14 01:44:45 - [TEST_STEP][PASSED] - Statement - PreSaveFile = new java.io.File(((pathPrefix + java.lang.Integer.toString(counter)) + .png)): null

2018-12-14 01:44:45 - [TEST_STEP][PASSED] - Statement - counter = counter + 1: null

2018-12-14 01:44:45 - [TEST_STEP][PASSED] - Statement - PreSaveFile = new java.io.File(((pathPrefix + java.lang.Integer.toString(counter)) + .png)): null

2018-12-14 01:44:45 - [TEST_STEP][PASSED] - Statement - counter = counter + 1: null

2018-12-14 01:44:45 - [TEST_STEP][PASSED] - Statement - PreSaveFile = new java.io.File(((pathPrefix + java.lang.Integer.toString(counter)) + .png)): null

2018-12-14 01:44:45 - [TEST_STEP][PASSED] - Statement - counter = counter + 1: null

2018-12-14 01:44:45 - [TEST_STEP][PASSED] - Statement - PreSaveFile = new java.io.File(((pathPrefix + java.lang.Integer.toString(counter)) + .png)): null

2018-12-14 01:44:45 - [TEST_STEP][PASSED] - Statement - counter = counter + 1: null

2018-12-14 01:44:45 - [TEST_STEP][PASSED] - Statement - PreSaveFile = new java.io.File(((pathPrefix + java.lang.Integer.toString(counter)) + .png)): null

2018-12-14 01:44:45 - [TEST_STEP][PASSED] - Statement - counter = counter + 1: null

2018-12-14 01:44:45 - [TEST_STEP][PASSED] - Statement - PreSaveFile = new java.io.File(((pathPrefix + java.lang.Integer.toString(counter)) + .png)): null

2018-12-14 01:44:45 - [TEST_STEP][PASSED] - Statement - counter = counter + 1: null

2018-12-14 01:44:45 - [TEST_STEP][PASSED] - Statement - PreSaveFile = new java.io.File(((pathPrefix + java.lang.Integer.toString(counter)) + .png)): null

2018-12-14 01:44:45 - [TEST_STEP][PASSED] - Statement - counter = counter + 1: null

2018-12-14 01:44:45 - [TEST_STEP][PASSED] - Statement - PreSaveFile = new java.io.File(((pathPrefix + java.lang.Integer.toString(counter)) + .png)): null

2018-12-14 01:44:45 - [TEST_STEP][PASSED] - Statement - counter = counter + 1: null

2018-12-14 01:44:45 - [TEST_STEP][PASSED] - Statement - PreSaveFile = new java.io.File(((pathPrefix + java.lang.Integer.toString(counter)) + .png)): null

2018-12-14 01:44:45 - [TEST_STEP][PASSED] - Statement - counter = counter + 1: null

2018-12-14 01:44:45 - [TEST_STEP][PASSED] - Statement - PreSaveFile = new java.io.File(((pathPrefix + java.lang.Integer.toString(counter)) + .png)): null

2018-12-14 01:44:45 - [TEST_STEP][PASSED] - Statement - counter = counter + 1: null

2018-12-14 01:44:45 - [TEST_STEP][PASSED] - Statement - PreSaveFile = new java.io.File(((pathPrefix + java.lang.Integer.toString(counter)) + .png)): null

2018-12-14 01:44:45 - [TEST_STEP][PASSED] - Statement - counter = counter + 1: null

2018-12-14 01:44:45 - [TEST_STEP][PASSED] - Statement - PreSaveFile = new java.io.File(((pathPrefix + java.lang.Integer.toString(counter)) + .png)): null

2018-12-14 01:44:45 - [TEST_STEP][PASSED] - Statement - counter = counter + 1: null

2018-12-14 01:44:45 - [TEST_STEP][PASSED] - Statement - PreSaveFile = new java.io.File(((pathPrefix + java.lang.Integer.toString(counter)) + .png)): null

2018-12-14 01:44:45 - [TEST_STEP][PASSED] - Statement - counter = counter + 1: null

2018-12-14 01:44:45 - [TEST_STEP][PASSED] - Statement - PreSaveFile = new java.io.File(((pathPrefix + java.lang.Integer.toString(counter)) + .png)): null

2018-12-14 01:44:45 - [TEST_STEP][PASSED] - Statement - counter = counter + 1: null

2018-12-14 01:44:45 - [TEST_STEP][PASSED] - Statement - PreSaveFile = new java.io.File(((pathPrefix + java.lang.Integer.toString(counter)) + .png)): null

2018-12-14 01:44:45 - [TEST_STEP][PASSED] - Statement - counter = counter + 1: null

2018-12-14 01:44:45 - [TEST_STEP][PASSED] - Statement - PreSaveFile = new java.io.File(((pathPrefix + java.lang.Integer.toString(counter)) + .png)): null

2018-12-14 01:44:45 - [TEST_STEP][PASSED] - Statement - counter = counter + 1: null

2018-12-14 01:44:45 - [TEST_STEP][PASSED] - Statement - PreSaveFile = new java.io.File(((pathPrefix + java.lang.Integer.toString(counter)) + .png)): null

2018-12-14 01:44:45 - [TEST_STEP][PASSED] - Statement - counter = counter + 1: null

2018-12-14 01:44:45 - [TEST_STEP][PASSED] - Statement - PreSaveFile = new java.io.File(((pathPrefix + java.lang.Integer.toString(counter)) + .png)): null

2018-12-14 01:44:45 - [TEST_STEP][PASSED] - Statement - counter = counter + 1: null

2018-12-14 01:44:45 - [TEST_STEP][PASSED] - Statement - PreSaveFile = new java.io.File(((pathPrefix + java.lang.Integer.toString(counter)) + .png)): null

2018-12-14 01:44:45 - [TEST_STEP][PASSED] - Statement - counter = counter + 1: null

2018-12-14 01:44:45 - [TEST_STEP][PASSED] - Statement - PreSaveFile = new java.io.File(((pathPrefix + java.lang.Integer.toString(counter)) + .png)): null

2018-12-14 01:44:45 - [TEST_STEP][PASSED] - Statement - counter = counter + 1: null

2018-12-14 01:44:45 - [TEST_STEP][PASSED] - Statement - PreSaveFile = new java.io.File(((pathPrefix + java.lang.Integer.toString(counter)) + .png)): null

2018-12-14 01:44:45 - [TEST_STEP][PASSED] - Statement - counter = counter + 1: null

2018-12-14 01:44:45 - [TEST_STEP][PASSED] - Statement - PreSaveFile = new java.io.File(((pathPrefix + java.lang.Integer.toString(counter)) + .png)): null

2018-12-14 01:44:45 - [TEST_STEP][PASSED] - Statement - counter = counter + 1: null

2018-12-14 01:44:45 - [TEST_STEP][PASSED] - Statement - PreSaveFile = new java.io.File(((pathPrefix + java.lang.Integer.toString(counter)) + .png)): null

2018-12-14 01:44:45 - [TEST_STEP][PASSED] - Statement - counter = counter + 1: null

2018-12-14 01:44:45 - [TEST_STEP][PASSED] - Statement - PreSaveFile = new java.io.File(((pathPrefix + java.lang.Integer.toString(counter)) + .png)): null

2018-12-14 01:44:45 - [TEST_STEP][PASSED] - Statement - counter = counter + 1: null

2018-12-14 01:44:45 - [TEST_STEP][PASSED] - Statement - PreSaveFile = new java.io.File(((pathPrefix + java.lang.Integer.toString(counter)) + .png)): null

2018-12-14 01:44:45 - [TEST_STEP][PASSED] - Statement - counter = counter + 1: null

2018-12-14 01:44:45 - [TEST_STEP][PASSED] - Statement - PreSaveFile = new java.io.File(((pathPrefix + java.lang.Integer.toString(counter)) + .png)): null

2018-12-14 01:44:45 - [TEST_STEP][PASSED] - Statement - counter = counter + 1: null

2018-12-14 01:44:45 - [TEST_STEP][PASSED] - Statement - PreSaveFile = new java.io.File(((pathPrefix + java.lang.Integer.toString(counter)) + .png)): null

2018-12-14 01:44:45 - [TEST_STEP][PASSED] - Statement - counter = counter + 1: null

2018-12-14 01:44:45 - [TEST_STEP][PASSED] - Statement - PreSaveFile = new java.io.File(((pathPrefix + java.lang.Integer.toString(counter)) + .png)): null

2018-12-14 01:44:45 - [TEST_STEP][PASSED] - Statement - counter = counter + 1: null

2018-12-14 01:44:45 - [TEST_STEP][PASSED] - Statement - PreSaveFile = new java.io.File(((pathPrefix + java.lang.Integer.toString(counter)) + .png)): null

2018-12-14 01:44:45 - [TEST_STEP][PASSED] - Statement - counter = counter + 1: null

2018-12-14 01:44:45 - [TEST_STEP][PASSED] - Statement - PreSaveFile = new java.io.File(((pathPrefix + java.lang.Integer.toString(counter)) + .png)): null

2018-12-14 01:44:45 - [TEST_STEP][PASSED] - Statement - counter = counter + 1: null

2018-12-14 01:44:45 - [TEST_STEP][PASSED] - Statement - PreSaveFile = new java.io.File(((pathPrefix + java.lang.Integer.toString(counter)) + .png)): null

2018-12-14 01:44:45 - [TEST_STEP][PASSED] - Statement - counter = counter + 1: null

2018-12-14 01:44:45 - [TEST_STEP][PASSED] - Statement - PreSaveFile = new java.io.File(((pathPrefix + java.lang.Integer.toString(counter)) + .png)): null

2018-12-14 01:44:45 - [TEST_STEP][PASSED] - Statement - counter = counter + 1: null

2018-12-14 01:44:45 - [TEST_STEP][PASSED] - Statement - PreSaveFile = new java.io.File(((pathPrefix + java.lang.Integer.toString(counter)) + .png)): null

2018-12-14 01:44:45 - [TEST_STEP][PASSED] - Statement - counter = counter + 1: null

2018-12-14 01:44:45 - [TEST_STEP][PASSED] - Statement - PreSaveFile = new java.io.File(((pathPrefix + java.lang.Integer.toString(counter)) + .png)): null

2018-12-14 01:44:45 - [TEST_STEP][PASSED] - Statement - counter = counter + 1: null

2018-12-14 01:44:45 - [TEST_STEP][PASSED] - Statement - PreSaveFile = new java.io.File(((pathPrefix + java.lang.Integer.toString(counter)) + .png)): null

2018-12-14 01:44:45 - [TEST_STEP][PASSED] - Statement - counter = counter + 1: null

2018-12-14 01:44:45 - [TEST_STEP][PASSED] - Statement - PreSaveFile = new java.io.File(((pathPrefix + java.lang.Integer.toString(counter)) + .png)): null

2018-12-14 01:44:45 - [TEST_STEP][PASSED] - Statement - counter = counter + 1: null

2018-12-14 01:44:45 - [TEST_STEP][PASSED] - Statement - PreSaveFile = new java.io.File(((pathPrefix + java.lang.Integer.toString(counter)) + .png)): null

2018-12-14 01:44:45 - [TEST_STEP][PASSED] - Statement - counter = counter + 1: null

2018-12-14 01:44:45 - [TEST_STEP][PASSED] - Statement - PreSaveFile = new java.io.File(((pathPrefix + java.lang.Integer.toString(counter)) + .png)): null

2018-12-14 01:44:45 - [TEST_STEP][PASSED] - Statement - counter = counter + 1: null

2018-12-14 01:44:45 - [TEST_STEP][PASSED] - Statement - PreSaveFile = new java.io.File(((pathPrefix + java.lang.Integer.toString(counter)) + .png)): null

2018-12-14 01:44:45 - [TEST_STEP][PASSED] - Statement - counter = counter + 1: null

2018-12-14 01:44:45 - [TEST_STEP][PASSED] - Statement - PreSaveFile = new java.io.File(((pathPrefix + java.lang.Integer.toString(counter)) + .png)): null

2018-12-14 01:44:45 - [TEST_STEP][PASSED] - Statement - counter = counter + 1: null

2018-12-14 01:44:45 - [TEST_STEP][PASSED] - Statement - PreSaveFile = new java.io.File(((pathPrefix + java.lang.Integer.toString(counter)) + .png)): null

2018-12-14 01:44:45 - [TEST_STEP][PASSED] - Statement - counter = counter + 1: null

2018-12-14 01:44:45 - [TEST_STEP][PASSED] - Statement - PreSaveFile = new java.io.File(((pathPrefix + java.lang.Integer.toString(counter)) + .png)): null

2018-12-14 01:44:45 - [TEST_STEP][PASSED] - Statement - counter = counter + 1: null

2018-12-14 01:44:45 - [TEST_STEP][PASSED] - Statement - PreSaveFile = new java.io.File(((pathPrefix + java.lang.Integer.toString(counter)) + .png)): null

2018-12-14 01:44:45 - [TEST_STEP][PASSED] - Statement - counter = counter + 1: null

2018-12-14 01:44:45 - [TEST_STEP][PASSED] - Statement - PreSaveFile = new java.io.File(((pathPrefix + java.lang.Integer.toString(counter)) + .png)): null

2018-12-14 01:44:45 - [TEST_STEP][PASSED] - Statement - counter = counter + 1: null

2018-12-14 01:44:45 - [TEST_STEP][PASSED] - Statement - PreSaveFile = new java.io.File(((pathPrefix + java.lang.Integer.toString(counter)) + .png)): null

2018-12-14 01:44:45 - [TEST_STEP][PASSED] - Statement - counter = counter + 1: null

2018-12-14 01:44:45 - [TEST_STEP][PASSED] - Statement - PreSaveFile = new java.io.File(((pathPrefix + java.lang.Integer.toString(counter)) + .png)): null

2018-12-14 01:44:45 - [TEST_STEP][PASSED] - Statement - counter = counter + 1: null

2018-12-14 01:44:45 - [TEST_STEP][PASSED] - Statement - PreSaveFile = new java.io.File(((pathPrefix + java.lang.Integer.toString(counter)) + .png)): null

2018-12-14 01:44:45 - [TEST_STEP][PASSED] - Statement - counter = counter + 1: null

2018-12-14 01:44:45 - [TEST_STEP][PASSED] - Statement - PreSaveFile = new java.io.File(((pathPrefix + java.lang.Integer.toString(counter)) + .png)): null

2018-12-14 01:44:45 - [TEST_STEP][PASSED] - Statement - counter = counter + 1: null

2018-12-14 01:44:45 - [TEST_STEP][PASSED] - Statement - PreSaveFile = new java.io.File(((pathPrefix + java.lang.Integer.toString(counter)) + .png)): null

2018-12-14 01:44:45 - [TEST_STEP][PASSED] - Statement - counter = counter + 1: null

2018-12-14 01:44:45 - [TEST_STEP][PASSED] - Statement - PreSaveFile = new java.io.File(((pathPrefix + java.lang.Integer.toString(counter)) + .png)): null

2018-12-14 01:44:45 - [TEST_STEP][PASSED] - Statement - counter = counter + 1: null

2018-12-14 01:44:45 - [TEST_STEP][PASSED] - Statement - PreSaveFile = new java.io.File(((pathPrefix + java.lang.Integer.toString(counter)) + .png)): null

2018-12-14 01:44:45 - [TEST_STEP][PASSED] - Statement - counter = counter + 1: null

2018-12-14 01:44:45 - [TEST_STEP][PASSED] - Statement - PreSaveFile = new java.io.File(((pathPrefix + java.lang.Integer.toString(counter)) + .png)): null

2018-12-14 01:44:45 - [TEST_STEP][PASSED] - Statement - counter = counter + 1: null

2018-12-14 01:44:45 - [TEST_STEP][PASSED] - Statement - PreSaveFile = new java.io.File(((pathPrefix + java.lang.Integer.toString(counter)) + .png)): null

2018-12-14 01:44:45 - [TEST_STEP][PASSED] - Statement - counter = counter + 1: null

2018-12-14 01:44:45 - [TEST_STEP][PASSED] - Statement - PreSaveFile = new java.io.File(((pathPrefix + java.lang.Integer.toString(counter)) + .png)): null

2018-12-14 01:44:45 - [TEST_STEP][PASSED] - Statement - counter = counter + 1: null

2018-12-14 01:44:45 - [TEST_STEP][PASSED] - Statement - PreSaveFile = new java.io.File(((pathPrefix + java.lang.Integer.toString(counter)) + .png)): null

2018-12-14 01:44:45 - [TEST_STEP][PASSED] - Statement - counter = counter + 1: null

2018-12-14 01:44:45 - [TEST_STEP][PASSED] - Statement - PreSaveFile = new java.io.File(((pathPrefix + java.lang.Integer.toString(counter)) + .png)): null

2018-12-14 01:44:45 - [TEST_STEP][PASSED] - Statement - counter = counter + 1: null

2018-12-14 01:44:45 - [TEST_STEP][PASSED] - Statement - PreSaveFile = new java.io.File(((pathPrefix + java.lang.Integer.toString(counter)) + .png)): null

2018-12-14 01:44:45 - [TEST_STEP][PASSED] - Statement - counter = counter + 1: null

2018-12-14 01:44:45 - [TEST_STEP][PASSED] - Statement - PreSaveFile = new java.io.File(((pathPrefix + java.lang.Integer.toString(counter)) + .png)): null

2018-12-14 01:44:45 - [TEST_STEP][PASSED] - Statement - counter = counter + 1: null

2018-12-14 01:44:45 - [TEST_STEP][PASSED] - Statement - PreSaveFile = new java.io.File(((pathPrefix + java.lang.Integer.toString(counter)) + .png)): null

2018-12-14 01:44:45 - [TEST_STEP][PASSED] - Statement - counter = counter + 1: null

2018-12-14 01:44:45 - [TEST_STEP][PASSED] - Statement - PreSaveFile = new java.io.File(((pathPrefix + java.lang.Integer.toString(counter)) + .png)): null

2018-12-14 01:44:45 - [TEST_STEP][PASSED] - Statement - counter = counter + 1: null

2018-12-14 01:44:45 - [TEST_STEP][PASSED] - Statement - PreSaveFile = new java.io.File(((pathPrefix + java.lang.Integer.toString(counter)) + .png)): null

2018-12-14 01:44:45 - [TEST_STEP][PASSED] - Statement - counter = counter + 1: null

2018-12-14 01:44:45 - [TEST_STEP][PASSED] - Statement - PreSaveFile = new java.io.File(((pathPrefix + java.lang.Integer.toString(counter)) + .png)): null

2018-12-14 01:44:45 - [TEST_STEP][PASSED] - Statement - counter = counter + 1: null

2018-12-14 01:44:45 - [TEST_STEP][PASSED] - Statement - PreSaveFile = new java.io.File(((pathPrefix + java.lang.Integer.toString(counter)) + .png)): null

2018-12-14 01:44:45 - [TEST_STEP][PASSED] - Statement - counter = counter + 1: null

2018-12-14 01:44:45 - [TEST_STEP][PASSED] - Statement - PreSaveFile = new java.io.File(((pathPrefix + java.lang.Integer.toString(counter)) + .png)): null

2018-12-14 01:44:45 - [TEST_STEP][PASSED] - Statement - counter = counter + 1: null

2018-12-14 01:44:45 - [TEST_STEP][PASSED] - Statement - PreSaveFile = new java.io.File(((pathPrefix + java.lang.Integer.toString(counter)) + .png)): null

2018-12-14 01:44:45 - [TEST_STEP][PASSED] - Statement - counter = counter + 1: null

2018-12-14 01:44:45 - [TEST_STEP][PASSED] - Statement - PreSaveFile = new java.io.File(((pathPrefix + java.lang.Integer.toString(counter)) + .png)): null

2018-12-14 01:44:45 - [TEST_STEP][PASSED] - Statement - counter = counter + 1: null

2018-12-14 01:44:45 - [TEST_STEP][PASSED] - Statement - PreSaveFile = new java.io.File(((pathPrefix + java.lang.Integer.toString(counter)) + .png)): null

2018-12-14 01:44:45 - [TEST_STEP][PASSED] - Statement - counter = counter + 1: null

2018-12-14 01:44:45 - [TEST_STEP][PASSED] - Statement - PreSaveFile = new java.io.File(((pathPrefix + java.lang.Integer.toString(counter)) + .png)): null

2018-12-14 01:44:45 - [TEST_STEP][PASSED] - Statement - counter = counter + 1: null

2018-12-14 01:44:45 - [TEST_STEP][PASSED] - Statement - PreSaveFile = new java.io.File(((pathPrefix + java.lang.Integer.toString(counter)) + .png)): null

2018-12-14 01:44:45 - [TEST_STEP][PASSED] - Statement - counter = counter + 1: null

2018-12-14 01:44:45 - [TEST_STEP][PASSED] - Statement - PreSaveFile = new java.io.File(((pathPrefix + java.lang.Integer.toString(counter)) + .png)): null

2018-12-14 01:44:45 - [TEST_STEP][PASSED] - Statement - counter = counter + 1: null

2018-12-14 01:44:45 - [TEST_STEP][PASSED] - Statement - PreSaveFile = new java.io.File(((pathPrefix + java.lang.Integer.toString(counter)) + .png)): null

2018-12-14 01:44:45 - [TEST_STEP][PASSED] - Statement - counter = counter + 1: null

2018-12-14 01:44:45 - [TEST_STEP][PASSED] - Statement - PreSaveFile = new java.io.File(((pathPrefix + java.lang.Integer.toString(counter)) + .png)): null

2018-12-14 01:44:45 - [TEST_STEP][PASSED] - Statement - counter = counter + 1: null

2018-12-14 01:44:45 - [TEST_STEP][PASSED] - Statement - PreSaveFile = new java.io.File(((pathPrefix + java.lang.Integer.toString(counter)) + .png)): null

2018-12-14 01:44:45 - [TEST_STEP][PASSED] - Statement - counter = counter + 1: null

2018-12-14 01:44:45 - [TEST_STEP][PASSED] - Statement - PreSaveFile = new java.io.File(((pathPrefix + java.lang.Integer.toString(counter)) + .png)): null

2018-12-14 01:44:45 - [TEST_STEP][PASSED] - Statement - counter = counter + 1: null

2018-12-14 01:44:45 - [TEST_STEP][PASSED] - Statement - PreSaveFile = new java.io.File(((pathPrefix + java.lang.Integer.toString(counter)) + .png)): null

2018-12-14 01:44:45 - [TEST_STEP][PASSED] - Statement - counter = counter + 1: null

2018-12-14 01:44:45 - [TEST_STEP][PASSED] - Statement - PreSaveFile = new java.io.File(((pathPrefix + java.lang.Integer.toString(counter)) + .png)): null

2018-12-14 01:44:45 - [TEST_STEP][PASSED] - Statement - counter = counter + 1: null

2018-12-14 01:44:45 - [TEST_STEP][PASSED] - Statement - PreSaveFile = new java.io.File(((pathPrefix + java.lang.Integer.toString(counter)) + .png)): null

2018-12-14 01:44:46 - [TEST_STEP][PASSED] - Statement - counter = counter + 1: null

2018-12-14 01:44:46 - [TEST_STEP][PASSED] - Statement - PreSaveFile = new java.io.File(((pathPrefix + java.lang.Integer.toString(counter)) + .png)): null

2018-12-14 01:44:46 - [TEST_STEP][PASSED] - Statement - counter = counter + 1: null

2018-12-14 01:44:46 - [TEST_STEP][PASSED] - Statement - PreSaveFile = new java.io.File(((pathPrefix + java.lang.Integer.toString(counter)) + .png)): null

2018-12-14 01:44:46 - [TEST_STEP][PASSED] - Statement - counter = counter + 1: null

2018-12-14 01:44:46 - [TEST_STEP][PASSED] - Statement - PreSaveFile = new java.io.File(((pathPrefix + java.lang.Integer.toString(counter)) + .png)): null

2018-12-14 01:44:46 - [TEST_STEP][PASSED] - Statement - counter = counter + 1: null

2018-12-14 01:44:46 - [TEST_STEP][PASSED] - Statement - PreSaveFile = new java.io.File(((pathPrefix + java.lang.Integer.toString(counter)) + .png)): null

2018-12-14 01:44:46 - [TEST_STEP][PASSED] - Statement - counter = counter + 1: null

2018-12-14 01:44:46 - [TEST_STEP][PASSED] - Statement - PreSaveFile = new java.io.File(((pathPrefix + java.lang.Integer.toString(counter)) + .png)): null

2018-12-14 01:44:46 - [TEST_STEP][PASSED] - Statement - counter = counter + 1: null

2018-12-14 01:44:46 - [TEST_STEP][PASSED] - Statement - PreSaveFile = new java.io.File(((pathPrefix + java.lang.Integer.toString(counter)) + .png)): null

2018-12-14 01:44:46 - [TEST_STEP][PASSED] - Statement - counter = counter + 1: null

2018-12-14 01:44:46 - [TEST_STEP][PASSED] - Statement - PreSaveFile = new java.io.File(((pathPrefix + java.lang.Integer.toString(counter)) + .png)): null

2018-12-14 01:44:46 - [TEST_STEP][PASSED] - Statement - counter = counter + 1: null

2018-12-14 01:44:46 - [TEST_STEP][PASSED] - Statement - PreSaveFile = new java.io.File(((pathPrefix + java.lang.Integer.toString(counter)) + .png)): null

2018-12-14 01:44:46 - [TEST_STEP][PASSED] - Statement - counter = counter + 1: null

2018-12-14 01:44:46 - [TEST_STEP][PASSED] - Statement - PreSaveFile = new java.io.File(((pathPrefix + java.lang.Integer.toString(counter)) + .png)): null

2018-12-14 01:44:46 - [TEST_STEP][PASSED] - Statement - counter = counter + 1: null

2018-12-14 01:44:46 - [TEST_STEP][PASSED] - Statement - PreSaveFile = new java.io.File(((pathPrefix + java.lang.Integer.toString(counter)) + .png)): null

2018-12-14 01:44:46 - [TEST_STEP][PASSED] - Statement - counter = counter + 1: null

2018-12-14 01:44:46 - [TEST_STEP][PASSED] - Statement - PreSaveFile = new java.io.File(((pathPrefix + java.lang.Integer.toString(counter)) + .png)): null

2018-12-14 01:44:46 - [TEST_STEP][PASSED] - Statement - counter = counter + 1: null

2018-12-14 01:44:46 - [TEST_STEP][PASSED] - Statement - PreSaveFile = new java.io.File(((pathPrefix + java.lang.Integer.toString(counter)) + .png)): null

2018-12-14 01:44:46 - [TEST_STEP][PASSED] - Statement - counter = counter + 1: null

2018-12-14 01:44:46 - [TEST_STEP][PASSED] - Statement - PreSaveFile = new java.io.File(((pathPrefix + java.lang.Integer.toString(counter)) + .png)): null

2018-12-14 01:44:46 - [TEST_STEP][PASSED] - Statement - counter = counter + 1: null

2018-12-14 01:44:46 - [TEST_STEP][PASSED] - Statement - PreSaveFile = new java.io.File(((pathPrefix + java.lang.Integer.toString(counter)) + .png)): null

2018-12-14 01:44:46 - [TEST_STEP][PASSED] - Statement - counter = counter + 1: null

2018-12-14 01:44:46 - [TEST_STEP][PASSED] - Statement - PreSaveFile = new java.io.File(((pathPrefix + java.lang.Integer.toString(counter)) + .png)): null

2018-12-14 01:44:46 - [TEST_STEP][PASSED] - Statement - counter = counter + 1: null

2018-12-14 01:44:46 - [TEST_STEP][PASSED] - Statement - PreSaveFile = new java.io.File(((pathPrefix + java.lang.Integer.toString(counter)) + .png)): null

2018-12-14 01:44:46 - [TEST_STEP][PASSED] - Statement - counter = counter + 1: null

2018-12-14 01:44:46 - [TEST_STEP][PASSED] - Statement - PreSaveFile = new java.io.File(((pathPrefix + java.lang.Integer.toString(counter)) + .png)): null

2018-12-14 01:44:46 - [TEST_STEP][PASSED] - Statement - counter = counter + 1: null

2018-12-14 01:44:46 - [TEST_STEP][PASSED] - Statement - PreSaveFile = new java.io.File(((pathPrefix + java.lang.Integer.toString(counter)) + .png)): null

2018-12-14 01:44:46 - [TEST_STEP][PASSED] - Statement - counter = counter + 1: null

2018-12-14 01:44:46 - [TEST_STEP][PASSED] - Statement - PreSaveFile = new java.io.File(((pathPrefix + java.lang.Integer.toString(counter)) + .png)): null

2018-12-14 01:44:46 - [TEST_STEP][PASSED] - Statement - counter = counter + 1: null

2018-12-14 01:44:46 - [TEST_STEP][PASSED] - Statement - PreSaveFile = new java.io.File(((pathPrefix + java.lang.Integer.toString(counter)) + .png)): null

2018-12-14 01:44:46 - [TEST_STEP][PASSED] - Statement - counter = counter + 1: null

2018-12-14 01:44:46 - [TEST_STEP][PASSED] - Statement - PreSaveFile = new java.io.File(((pathPrefix + java.lang.Integer.toString(counter)) + .png)): null

2018-12-14 01:44:46 - [TEST_STEP][PASSED] - Statement - counter = counter + 1: null

2018-12-14 01:44:46 - [TEST_STEP][PASSED] - Statement - PreSaveFile = new java.io.File(((pathPrefix + java.lang.Integer.toString(counter)) + .png)): null

2018-12-14 01:44:46 - [TEST_STEP][PASSED] - Statement - counter = counter + 1: null

2018-12-14 01:44:46 - [TEST_STEP][PASSED] - Statement - PreSaveFile = new java.io.File(((pathPrefix + java.lang.Integer.toString(counter)) + .png)): null

2018-12-14 01:44:46 - [TEST_STEP][PASSED] - Statement - counter = counter + 1: null

2018-12-14 01:44:46 - [TEST_STEP][PASSED] - Statement - PreSaveFile = new java.io.File(((pathPrefix + java.lang.Integer.toString(counter)) + .png)): null

2018-12-14 01:44:46 - [TEST_STEP][PASSED] - Statement - counter = counter + 1: null

2018-12-14 01:44:46 - [TEST_STEP][PASSED] - Statement - PreSaveFile = new java.io.File(((pathPrefix + java.lang.Integer.toString(counter)) + .png)): null

2018-12-14 01:44:46 - [TEST_STEP][PASSED] - Statement - counter = counter + 1: null

2018-12-14 01:44:46 - [TEST_STEP][PASSED] - Statement - PreSaveFile = new java.io.File(((pathPrefix + java.lang.Integer.toString(counter)) + .png)): null

2018-12-14 01:44:46 - [TEST_STEP][PASSED] - Statement - counter = counter + 1: null

2018-12-14 01:44:46 - [TEST_STEP][PASSED] - Statement - PreSaveFile = new java.io.File(((pathPrefix + java.lang.Integer.toString(counter)) + .png)): null

2018-12-14 01:44:46 - [TEST_STEP][PASSED] - Statement - counter = counter + 1: null

2018-12-14 01:44:46 - [TEST_STEP][PASSED] - Statement - PreSaveFile = new java.io.File(((pathPrefix + java.lang.Integer.toString(counter)) + .png)): null

2018-12-14 01:44:46 - [TEST_STEP][PASSED] - Statement - counter = counter + 1: null

2018-12-14 01:44:46 - [TEST_STEP][PASSED] - Statement - PreSaveFile = new java.io.File(((pathPrefix + java.lang.Integer.toString(counter)) + .png)): null

2018-12-14 01:44:46 - [TEST_STEP][PASSED] - Statement - counter = counter + 1: null

2018-12-14 01:44:46 - [TEST_STEP][PASSED] - Statement - PreSaveFile = new java.io.File(((pathPrefix + java.lang.Integer.toString(counter)) + .png)): null

2018-12-14 01:44:46 - [TEST_STEP][PASSED] - Statement - counter = counter + 1: null

2018-12-14 01:44:46 - [TEST_STEP][PASSED] - Statement - PreSaveFile = new java.io.File(((pathPrefix + java.lang.Integer.toString(counter)) + .png)): null

2018-12-14 01:44:46 - [TEST_STEP][PASSED] - Statement - counter = counter + 1: null

2018-12-14 01:44:46 - [TEST_STEP][PASSED] - Statement - PreSaveFile = new java.io.File(((pathPrefix + java.lang.Integer.toString(counter)) + .png)): null

2018-12-14 01:44:46 - [TEST_STEP][PASSED] - Statement - counter = counter + 1: null

2018-12-14 01:44:46 - [TEST_STEP][PASSED] - Statement - PreSaveFile = new java.io.File(((pathPrefix + java.lang.Integer.toString(counter)) + .png)): null

2018-12-14 01:44:46 - [TEST_STEP][PASSED] - Statement - counter = counter + 1: null

2018-12-14 01:44:46 - [TEST_STEP][PASSED] - Statement - PreSaveFile = new java.io.File(((pathPrefix + java.lang.Integer.toString(counter)) + .png)): null

2018-12-14 01:44:46 - [TEST_STEP][PASSED] - Statement - counter = counter + 1: null

2018-12-14 01:44:46 - [TEST_STEP][PASSED] - Statement - PreSaveFile = new java.io.File(((pathPrefix + java.lang.Integer.toString(counter)) + .png)): null

2018-12-14 01:44:46 - [TEST_STEP][PASSED] - Statement - counter = counter + 1: null

2018-12-14 01:44:46 - [TEST_STEP][PASSED] - Statement - PreSaveFile = new java.io.File(((pathPrefix + java.lang.Integer.toString(counter)) + .png)): null

2018-12-14 01:44:46 - [TEST_STEP][PASSED] - Statement - counter = counter + 1: null

2018-12-14 01:44:46 - [TEST_STEP][PASSED] - Statement - PreSaveFile = new java.io.File(((pathPrefix + java.lang.Integer.toString(counter)) + .png)): null

2018-12-14 01:44:46 - [TEST_STEP][PASSED] - Statement - counter = counter + 1: null

2018-12-14 01:44:46 - [TEST_STEP][PASSED] - Statement - PreSaveFile = new java.io.File(((pathPrefix + java.lang.Integer.toString(counter)) + .png)): null

2018-12-14 01:44:46 - [TEST_STEP][PASSED] - Statement - counter = counter + 1: null

2018-12-14 01:44:46 - [TEST_STEP][PASSED] - Statement - PreSaveFile = new java.io.File(((pathPrefix + java.lang.Integer.toString(counter)) + .png)): null

2018-12-14 01:44:46 - [TEST_STEP][PASSED] - Statement - counter = counter + 1: null

2018-12-14 01:44:46 - [TEST_STEP][PASSED] - Statement - PreSaveFile = new java.io.File(((pathPrefix + java.lang.Integer.toString(counter)) + .png)): null

2018-12-14 01:44:46 - [TEST_STEP][PASSED] - Statement - counter = counter + 1: null

2018-12-14 01:44:46 - [TEST_STEP][PASSED] - Statement - PreSaveFile = new java.io.File(((pathPrefix + java.lang.Integer.toString(counter)) + .png)): null

2018-12-14 01:44:46 - [TEST_STEP][PASSED] - Statement - counter = counter + 1: null

2018-12-14 01:44:46 - [TEST_STEP][PASSED] - Statement - PreSaveFile = new java.io.File(((pathPrefix + java.lang.Integer.toString(counter)) + .png)): null

2018-12-14 01:44:46 - [TEST_STEP][PASSED] - Statement - counter = counter + 1: null

2018-12-14 01:44:46 - [TEST_STEP][PASSED] - Statement - PreSaveFile = new java.io.File(((pathPrefix + java.lang.Integer.toString(counter)) + .png)): null

2018-12-14 01:44:46 - [TEST_STEP][PASSED] - Statement - counter = counter + 1: null

2018-12-14 01:44:46 - [TEST_STEP][PASSED] - Statement - PreSaveFile = new java.io.File(((pathPrefix + java.lang.Integer.toString(counter)) + .png)): null

2018-12-14 01:44:46 - [TEST_STEP][PASSED] - Statement - counter = counter + 1: null

2018-12-14 01:44:46 - [TEST_STEP][PASSED] - Statement - PreSaveFile = new java.io.File(((pathPrefix + java.lang.Integer.toString(counter)) + .png)): null

2018-12-14 01:44:46 - [TEST_STEP][PASSED] - Statement - counter = counter + 1: null

2018-12-14 01:44:46 - [TEST_STEP][PASSED] - Statement - PreSaveFile = new java.io.File(((pathPrefix + java.lang.Integer.toString(counter)) + .png)): null

2018-12-14 01:44:46 - [TEST_STEP][PASSED] - Statement - counter = counter + 1: null

2018-12-14 01:44:46 - [TEST_STEP][PASSED] - Statement - PreSaveFile = new java.io.File(((pathPrefix + java.lang.Integer.toString(counter)) + .png)): null

2018-12-14 01:44:46 - [TEST_STEP][PASSED] - Statement - counter = counter + 1: null

2018-12-14 01:44:46 - [TEST_STEP][PASSED] - Statement - PreSaveFile = new java.io.File(((pathPrefix + java.lang.Integer.toString(counter)) + .png)): null

2018-12-14 01:44:46 - [TEST_STEP][PASSED] - Statement - counter = counter + 1: null

2018-12-14 01:44:46 - [TEST_STEP][PASSED] - Statement - PreSaveFile = new java.io.File(((pathPrefix + java.lang.Integer.toString(counter)) + .png)): null

2018-12-14 01:44:46 - [TEST_STEP][PASSED] - Statement - counter = counter + 1: null

2018-12-14 01:44:46 - [TEST_STEP][PASSED] - Statement - PreSaveFile = new java.io.File(((pathPrefix + java.lang.Integer.toString(counter)) + .png)): null

2018-12-14 01:44:46 - [TEST_STEP][PASSED] - Statement - counter = counter + 1: null

2018-12-14 01:44:46 - [TEST_STEP][PASSED] - Statement - PreSaveFile = new java.io.File(((pathPrefix + java.lang.Integer.toString(counter)) + .png)): null

2018-12-14 01:44:46 - [TEST_STEP][PASSED] - Statement - counter = counter + 1: null

2018-12-14 01:44:46 - [TEST_STEP][PASSED] - Statement - PreSaveFile = new java.io.File(((pathPrefix + java.lang.Integer.toString(counter)) + .png)): null

2018-12-14 01:44:46 - [TEST_STEP][PASSED] - Statement - counter = counter + 1: null

2018-12-14 01:44:46 - [TEST_STEP][PASSED] - Statement - PreSaveFile = new java.io.File(((pathPrefix + java.lang.Integer.toString(counter)) + .png)): null

2018-12-14 01:44:46 - [TEST_STEP][PASSED] - Statement - counter = counter + 1: null

2018-12-14 01:44:46 - [TEST_STEP][PASSED] - Statement - PreSaveFile = new java.io.File(((pathPrefix + java.lang.Integer.toString(counter)) + .png)): null

2018-12-14 01:44:46 - [TEST_STEP][PASSED] - Statement - counter = counter + 1: null

2018-12-14 01:44:46 - [TEST_STEP][PASSED] - Statement - PreSaveFile = new java.io.File(((pathPrefix + java.lang.Integer.toString(counter)) + .png)): null

2018-12-14 01:44:46 - [TEST_STEP][PASSED] - Statement - counter = counter + 1: null

2018-12-14 01:44:46 - [TEST_STEP][PASSED] - Statement - PreSaveFile = new java.io.File(((pathPrefix + java.lang.Integer.toString(counter)) + .png)): null

2018-12-14 01:44:46 - [TEST_STEP][PASSED] - Statement - counter = counter + 1: null

2018-12-14 01:44:46 - [TEST_STEP][PASSED] - Statement - PreSaveFile = new java.io.File(((pathPrefix + java.lang.Integer.toString(counter)) + .png)): null

2018-12-14 01:44:46 - [TEST_STEP][PASSED] - Statement - counter = counter + 1: null

2018-12-14 01:44:46 - [TEST_STEP][PASSED] - Statement - PreSaveFile = new java.io.File(((pathPrefix + java.lang.Integer.toString(counter)) + .png)): null

2018-12-14 01:44:46 - [TEST_STEP][PASSED] - Statement - counter = counter + 1: null

2018-12-14 01:44:46 - [TEST_STEP][PASSED] - Statement - PreSaveFile = new java.io.File(((pathPrefix + java.lang.Integer.toString(counter)) + .png)): null

2018-12-14 01:44:46 - [TEST_STEP][PASSED] - Statement - counter = counter + 1: null

2018-12-14 01:44:46 - [TEST_STEP][PASSED] - Statement - PreSaveFile = new java.io.File(((pathPrefix + java.lang.Integer.toString(counter)) + .png)): null

2018-12-14 01:44:46 - [TEST_STEP][PASSED] - Statement - counter = counter + 1: null

2018-12-14 01:44:46 - [TEST_STEP][PASSED] - Statement - PreSaveFile = new java.io.File(((pathPrefix + java.lang.Integer.toString(counter)) + .png)): null

2018-12-14 01:44:46 - [TEST_STEP][PASSED] - Statement - counter = counter + 1: null

2018-12-14 01:44:46 - [TEST_STEP][PASSED] - Statement - PreSaveFile = new java.io.File(((pathPrefix + java.lang.Integer.toString(counter)) + .png)): null

2018-12-14 01:44:46 - [TEST_STEP][PASSED] - Statement - counter = counter + 1: null

2018-12-14 01:44:46 - [TEST_STEP][PASSED] - Statement - PreSaveFile = new java.io.File(((pathPrefix + java.lang.Integer.toString(counter)) + .png)): null

2018-12-14 01:44:46 - [TEST_STEP][PASSED] - Statement - counter = counter + 1: null

2018-12-14 01:44:46 - [TEST_STEP][PASSED] - Statement - PreSaveFile = new java.io.File(((pathPrefix + java.lang.Integer.toString(counter)) + .png)): null

2018-12-14 01:44:46 - [TEST_STEP][PASSED] - Statement - counter = counter + 1: null

2018-12-14 01:44:46 - [TEST_STEP][PASSED] - Statement - PreSaveFile = new java.io.File(((pathPrefix + java.lang.Integer.toString(counter)) + .png)): null

2018-12-14 01:44:46 - [TEST_STEP][PASSED] - Statement - counter = counter + 1: null

2018-12-14 01:44:46 - [TEST_STEP][PASSED] - Statement - PreSaveFile = new java.io.File(((pathPrefix + java.lang.Integer.toString(counter)) + .png)): null

2018-12-14 01:44:46 - [TEST_STEP][PASSED] - Statement - counter = counter + 1: null

2018-12-14 01:44:46 - [TEST_STEP][PASSED] - Statement - PreSaveFile = new java.io.File(((pathPrefix + java.lang.Integer.toString(counter)) + .png)): null

2018-12-14 01:44:46 - [TEST_STEP][PASSED] - Statement - counter = counter + 1: null

2018-12-14 01:44:46 - [TEST_STEP][PASSED] - Statement - PreSaveFile = new java.io.File(((pathPrefix + java.lang.Integer.toString(counter)) + .png)): null

2018-12-14 01:44:46 - [TEST_STEP][PASSED] - Statement - counter = counter + 1: null

2018-12-14 01:44:46 - [TEST_STEP][PASSED] - Statement - PreSaveFile = new java.io.File(((pathPrefix + java.lang.Integer.toString(counter)) + .png)): null

2018-12-14 01:44:46 - [TEST_STEP][PASSED] - Statement - counter = counter + 1: null

2018-12-14 01:44:46 - [TEST_STEP][PASSED] - Statement - PreSaveFile = new java.io.File(((pathPrefix + java.lang.Integer.toString(counter)) + .png)): null

2018-12-14 01:44:46 - [TEST_STEP][PASSED] - Statement - counter = counter + 1: null

2018-12-14 01:44:46 - [TEST_STEP][PASSED] - Statement - PreSaveFile = new java.io.File(((pathPrefix + java.lang.Integer.toString(counter)) + .png)): null

2018-12-14 01:44:46 - [TEST_STEP][PASSED] - Statement - counter = counter + 1: null

2018-12-14 01:44:46 - [TEST_STEP][PASSED] - Statement - PreSaveFile = new java.io.File(((pathPrefix + java.lang.Integer.toString(counter)) + .png)): null

2018-12-14 01:44:46 - [TEST_STEP][PASSED] - Statement - counter = counter + 1: null

2018-12-14 01:44:46 - [TEST_STEP][PASSED] - Statement - PreSaveFile = new java.io.File(((pathPrefix + java.lang.Integer.toString(counter)) + .png)): null

2018-12-14 01:44:46 - [TEST_STEP][PASSED] - Statement - counter = counter + 1: null

2018-12-14 01:44:46 - [TEST_STEP][PASSED] - Statement - PreSaveFile = new java.io.File(((pathPrefix + java.lang.Integer.toString(counter)) + .png)): null

2018-12-14 01:44:46 - [TEST_STEP][PASSED] - Statement - counter = counter + 1: null

2018-12-14 01:44:46 - [TEST_STEP][PASSED] - Statement - PreSaveFile = new java.io.File(((pathPrefix + java.lang.Integer.toString(counter)) + .png)): null

2018-12-14 01:44:46 - [TEST_STEP][PASSED] - Statement - counter = counter + 1: null

2018-12-14 01:44:46 - [TEST_STEP][PASSED] - Statement - PreSaveFile = new java.io.File(((pathPrefix + java.lang.Integer.toString(counter)) + .png)): null

2018-12-14 01:44:46 - [TEST_STEP][PASSED] - Statement - counter = counter + 1: null

2018-12-14 01:44:46 - [TEST_STEP][PASSED] - Statement - PreSaveFile = new java.io.File(((pathPrefix + java.lang.Integer.toString(counter)) + .png)): null

2018-12-14 01:44:46 - [TEST_STEP][PASSED] - Statement - counter = counter + 1: null

2018-12-14 01:44:46 - [TEST_STEP][PASSED] - Statement - PreSaveFile = new java.io.File(((pathPrefix + java.lang.Integer.toString(counter)) + .png)): null

2018-12-14 01:44:46 - [TEST_STEP][PASSED] - Statement - counter = counter + 1: null

2018-12-14 01:44:46 - [TEST_STEP][PASSED] - Statement - PreSaveFile = new java.io.File(((pathPrefix + java.lang.Integer.toString(counter)) + .png)): null

2018-12-14 01:44:46 - [TEST_STEP][PASSED] - Statement - counter = counter + 1: null

2018-12-14 01:44:46 - [TEST_STEP][PASSED] - Statement - PreSaveFile = new java.io.File(((pathPrefix + java.lang.Integer.toString(counter)) + .png)): null

2018-12-14 01:44:46 - [TEST_STEP][PASSED] - Statement - counter = counter + 1: null

2018-12-14 01:44:46 - [TEST_STEP][PASSED] - Statement - PreSaveFile = new java.io.File(((pathPrefix + java.lang.Integer.toString(counter)) + .png)): null

2018-12-14 01:44:46 - [TEST_STEP][PASSED] - Statement - counter = counter + 1: null

2018-12-14 01:44:46 - [TEST_STEP][PASSED] - Statement - PreSaveFile = new java.io.File(((pathPrefix + java.lang.Integer.toString(counter)) + .png)): null

2018-12-14 01:44:46 - [TEST_STEP][PASSED] - Statement - counter = counter + 1: null

2018-12-14 01:44:46 - [TEST_STEP][PASSED] - Statement - PreSaveFile = new java.io.File(((pathPrefix + java.lang.Integer.toString(counter)) + .png)): null

2018-12-14 01:44:46 - [TEST_STEP][PASSED] - Statement - counter = counter + 1: null

2018-12-14 01:44:46 - [TEST_STEP][PASSED] - Statement - PreSaveFile = new java.io.File(((pathPrefix + java.lang.Integer.toString(counter)) + .png)): null

2018-12-14 01:44:46 - [TEST_STEP][PASSED] - Statement - counter = counter + 1: null

2018-12-14 01:44:46 - [TEST_STEP][PASSED] - Statement - PreSaveFile = new java.io.File(((pathPrefix + java.lang.Integer.toString(counter)) + .png)): null

2018-12-14 01:44:46 - [TEST_STEP][PASSED] - Statement - counter = counter + 1: null

2018-12-14 01:44:46 - [TEST_STEP][PASSED] - Statement - PreSaveFile = new java.io.File(((pathPrefix + java.lang.Integer.toString(counter)) + .png)): null

2018-12-14 01:44:46 - [TEST_STEP][PASSED] - Statement - counter = counter + 1: null

2018-12-14 01:44:46 - [TEST_STEP][PASSED] - Statement - PreSaveFile = new java.io.File(((pathPrefix + java.lang.Integer.toString(counter)) + .png)): null

2018-12-14 01:44:46 - [TEST_STEP][PASSED] - Statement - counter = counter + 1: null

2018-12-14 01:44:46 - [TEST_STEP][PASSED] - Statement - PreSaveFile = new java.io.File(((pathPrefix + java.lang.Integer.toString(counter)) + .png)): null

2018-12-14 01:44:46 - [TEST_STEP][PASSED] - Statement - counter = counter + 1: null

2018-12-14 01:44:46 - [TEST_STEP][PASSED] - Statement - PreSaveFile = new java.io.File(((pathPrefix + java.lang.Integer.toString(counter)) + .png)): null

2018-12-14 01:44:46 - [TEST_STEP][PASSED] - Statement - counter = counter + 1: null

2018-12-14 01:44:46 - [TEST_STEP][PASSED] - Statement - PreSaveFile = new java.io.File(((pathPrefix + java.lang.Integer.toString(counter)) + .png)): null

2018-12-14 01:44:46 - [TEST_STEP][PASSED] - Statement - counter = counter + 1: null

2018-12-14 01:44:46 - [TEST_STEP][PASSED] - Statement - PreSaveFile = new java.io.File(((pathPrefix + java.lang.Integer.toString(counter)) + .png)): null

2018-12-14 01:44:46 - [TEST_STEP][PASSED] - Statement - counter = counter + 1: null

2018-12-14 01:44:46 - [TEST_STEP][PASSED] - Statement - PreSaveFile = new java.io.File(((pathPrefix + java.lang.Integer.toString(counter)) + .png)): null

2018-12-14 01:44:46 - [TEST_STEP][PASSED] - Statement - counter = counter + 1: null

2018-12-14 01:44:46 - [TEST_STEP][PASSED] - Statement - PreSaveFile = new java.io.File(((pathPrefix + java.lang.Integer.toString(counter)) + .png)): null

2018-12-14 01:44:46 - [TEST_STEP][PASSED] - Statement - counter = counter + 1: null

2018-12-14 01:44:46 - [TEST_STEP][PASSED] - Statement - PreSaveFile = new java.io.File(((pathPrefix + java.lang.Integer.toString(counter)) + .png)): null

2018-12-14 01:44:46 - [TEST_STEP][PASSED] - Statement - counter = counter + 1: null

2018-12-14 01:44:46 - [TEST_STEP][PASSED] - Statement - PreSaveFile = new java.io.File(((pathPrefix + java.lang.Integer.toString(counter)) + .png)): null

2018-12-14 01:44:46 - [TEST_STEP][PASSED] - Statement - counter = counter + 1: null

2018-12-14 01:44:46 - [TEST_STEP][PASSED] - Statement - PreSaveFile = new java.io.File(((pathPrefix + java.lang.Integer.toString(counter)) + .png)): null

2018-12-14 01:44:46 - [TEST_STEP][PASSED] - Statement - counter = counter + 1: null

2018-12-14 01:44:46 - [TEST_STEP][PASSED] - Statement - PreSaveFile = new java.io.File(((pathPrefix + java.lang.Integer.toString(counter)) + .png)): null

2018-12-14 01:44:46 - [TEST_STEP][PASSED] - Statement - counter = counter + 1: null

2018-12-14 01:44:46 - [TEST_STEP][PASSED] - Statement - PreSaveFile = new java.io.File(((pathPrefix + java.lang.Integer.toString(counter)) + .png)): null

2018-12-14 01:44:46 - [TEST_STEP][PASSED] - Statement - counter = counter + 1: null

2018-12-14 01:44:46 - [TEST_STEP][PASSED] - Statement - PreSaveFile = new java.io.File(((pathPrefix + java.lang.Integer.toString(counter)) + .png)): null

2018-12-14 01:44:46 - [TEST_STEP][PASSED] - Statement - counter = counter + 1: null

2018-12-14 01:44:46 - [TEST_STEP][PASSED] - Statement - PreSaveFile = new java.io.File(((pathPrefix + java.lang.Integer.toString(counter)) + .png)): null

2018-12-14 01:44:46 - [TEST_STEP][PASSED] - Statement - counter = counter + 1: null

2018-12-14 01:44:46 - [TEST_STEP][PASSED] - Statement - PreSaveFile = new java.io.File(((pathPrefix + java.lang.Integer.toString(counter)) + .png)): null

2018-12-14 01:44:46 - [TEST_STEP][PASSED] - Statement - counter = counter + 1: null

2018-12-14 01:44:46 - [TEST_STEP][PASSED] - Statement - PreSaveFile = new java.io.File(((pathPrefix + java.lang.Integer.toString(counter)) + .png)): null

2018-12-14 01:44:46 - [TEST_STEP][PASSED] - Statement - counter = counter + 1: null

2018-12-14 01:44:46 - [TEST_STEP][PASSED] - Statement - PreSaveFile = new java.io.File(((pathPrefix + java.lang.Integer.toString(counter)) + .png)): null

2018-12-14 01:44:46 - [TEST_STEP][PASSED] - Statement - counter = counter + 1: null

2018-12-14 01:44:46 - [TEST_STEP][PASSED] - Statement - PreSaveFile = new java.io.File(((pathPrefix + java.lang.Integer.toString(counter)) + .png)): null

2018-12-14 01:44:46 - [TEST_STEP][PASSED] - Statement - counter = counter + 1: null

2018-12-14 01:44:46 - [TEST_STEP][PASSED] - Statement - PreSaveFile = new java.io.File(((pathPrefix + java.lang.Integer.toString(counter)) + .png)): null

2018-12-14 01:44:46 - [TEST_STEP][PASSED] - Statement - counter = counter + 1: null

2018-12-14 01:44:46 - [TEST_STEP][PASSED] - Statement - PreSaveFile = new java.io.File(((pathPrefix + java.lang.Integer.toString(counter)) + .png)): null

2018-12-14 01:44:46 - [TEST_STEP][PASSED] - Statement - counter = counter + 1: null

2018-12-14 01:44:46 - [TEST_STEP][PASSED] - Statement - PreSaveFile = new java.io.File(((pathPrefix + java.lang.Integer.toString(counter)) + .png)): null

2018-12-14 01:44:46 - [TEST_STEP][PASSED] - Statement - counter = counter + 1: null

2018-12-14 01:44:46 - [TEST_STEP][PASSED] - Statement - PreSaveFile = new java.io.File(((pathPrefix + java.lang.Integer.toString(counter)) + .png)): null

2018-12-14 01:44:46 - [TEST_STEP][PASSED] - Statement - counter = counter + 1: null

2018-12-14 01:44:46 - [TEST_STEP][PASSED] - Statement - PreSaveFile = new java.io.File(((pathPrefix + java.lang.Integer.toString(counter)) + .png)): null

2018-12-14 01:44:46 - [TEST_STEP][PASSED] - Statement - counter = counter + 1: null

2018-12-14 01:44:46 - [TEST_STEP][PASSED] - Statement - PreSaveFile = new java.io.File(((pathPrefix + java.lang.Integer.toString(counter)) + .png)): null

2018-12-14 01:44:46 - [TEST_STEP][PASSED] - Statement - counter = counter + 1: null

2018-12-14 01:44:46 - [TEST_STEP][PASSED] - Statement - PreSaveFile = new java.io.File(((pathPrefix + java.lang.Integer.toString(counter)) + .png)): null

2018-12-14 01:44:46 - [TEST_STEP][PASSED] - Statement - counter = counter + 1: null

2018-12-14 01:44:46 - [TEST_STEP][PASSED] - Statement - PreSaveFile = new java.io.File(((pathPrefix + java.lang.Integer.toString(counter)) + .png)): null

2018-12-14 01:44:46 - [TEST_STEP][PASSED] - Statement - counter = counter + 1: null

2018-12-14 01:44:46 - [TEST_STEP][PASSED] - Statement - PreSaveFile = new java.io.File(((pathPrefix + java.lang.Integer.toString(counter)) + .png)): null

2018-12-14 01:44:46 - [TEST_STEP][PASSED] - Statement - counter = counter + 1: null

2018-12-14 01:44:46 - [TEST_STEP][PASSED] - Statement - PreSaveFile = new java.io.File(((pathPrefix + java.lang.Integer.toString(counter)) + .png)): null

2018-12-14 01:44:46 - [TEST_STEP][PASSED] - Statement - counter = counter + 1: null

2018-12-14 01:44:46 - [TEST_STEP][PASSED] - Statement - PreSaveFile = new java.io.File(((pathPrefix + java.lang.Integer.toString(counter)) + .png)): null

2018-12-14 01:44:46 - [TEST_STEP][PASSED] - Statement - counter = counter + 1: null

2018-12-14 01:44:46 - [TEST_STEP][PASSED] - Statement - PreSaveFile = new java.io.File(((pathPrefix + java.lang.Integer.toString(counter)) + .png)): null

2018-12-14 01:44:46 - [TEST_STEP][PASSED] - Statement - counter = counter + 1: null

2018-12-14 01:44:46 - [TEST_STEP][PASSED] - Statement - PreSaveFile = new java.io.File(((pathPrefix + java.lang.Integer.toString(counter)) + .png)): null

2018-12-14 01:44:46 - [TEST_STEP][PASSED] - Statement - counter = counter + 1: null

2018-12-14 01:44:46 - [TEST_STEP][PASSED] - Statement - PreSaveFile = new java.io.File(((pathPrefix + java.lang.Integer.toString(counter)) + .png)): null

2018-12-14 01:44:46 - [TEST_STEP][PASSED] - Statement - counter = counter + 1: null

2018-12-14 01:44:46 - [TEST_STEP][PASSED] - Statement - PreSaveFile = new java.io.File(((pathPrefix + java.lang.Integer.toString(counter)) + .png)): null

2018-12-14 01:44:46 - [TEST_STEP][PASSED] - Statement - counter = counter + 1: null

2018-12-14 01:44:46 - [TEST_STEP][PASSED] - Statement - PreSaveFile = new java.io.File(((pathPrefix + java.lang.Integer.toString(counter)) + .png)): null

2018-12-14 01:44:46 - [TEST_STEP][PASSED] - Statement - counter = counter + 1: null

2018-12-14 01:44:46 - [TEST_STEP][PASSED] - Statement - PreSaveFile = new java.io.File(((pathPrefix + java.lang.Integer.toString(counter)) + .png)): null

2018-12-14 01:44:46 - [TEST_STEP][PASSED] - Statement - counter = counter + 1: null

2018-12-14 01:44:46 - [TEST_STEP][PASSED] - Statement - PreSaveFile = new java.io.File(((pathPrefix + java.lang.Integer.toString(counter)) + .png)): null

2018-12-14 01:44:46 - [TEST_STEP][PASSED] - Statement - counter = counter + 1: null

2018-12-14 01:44:46 - [TEST_STEP][PASSED] - Statement - PreSaveFile = new java.io.File(((pathPrefix + java.lang.Integer.toString(counter)) + .png)): null

2018-12-14 01:44:46 - [TEST_STEP][PASSED] - Statement - counter = counter + 1: null

2018-12-14 01:44:46 - [TEST_STEP][PASSED] - Statement - PreSaveFile = new java.io.File(((pathPrefix + java.lang.Integer.toString(counter)) + .png)): null

2018-12-14 01:44:46 - [TEST_STEP][PASSED] - Statement - counter = counter + 1: null

2018-12-14 01:44:46 - [TEST_STEP][PASSED] - Statement - PreSaveFile = new java.io.File(((pathPrefix + java.lang.Integer.toString(counter)) + .png)): null

2018-12-14 01:44:46 - [TEST_STEP][PASSED] - Statement - counter = counter + 1: null

2018-12-14 01:44:46 - [TEST_STEP][PASSED] - Statement - PreSaveFile = new java.io.File(((pathPrefix + java.lang.Integer.toString(counter)) + .png)): null

2018-12-14 01:44:46 - [TEST_STEP][PASSED] - Statement - counter = counter + 1: null

2018-12-14 01:44:46 - [TEST_STEP][PASSED] - Statement - PreSaveFile = new java.io.File(((pathPrefix + java.lang.Integer.toString(counter)) + .png)): null

2018-12-14 01:44:46 - [TEST_STEP][PASSED] - Statement - counter = counter + 1: null

2018-12-14 01:44:46 - [TEST_STEP][PASSED] - Statement - PreSaveFile = new java.io.File(((pathPrefix + java.lang.Integer.toString(counter)) + .png)): null

2018-12-14 01:44:46 - [TEST_STEP][PASSED] - Statement - counter = counter + 1: null

2018-12-14 01:44:46 - [TEST_STEP][PASSED] - Statement - PreSaveFile = new java.io.File(((pathPrefix + java.lang.Integer.toString(counter)) + .png)): null

2018-12-14 01:44:46 - [TEST_STEP][PASSED] - Statement - counter = counter + 1: null

2018-12-14 01:44:46 - [TEST_STEP][PASSED] - Statement - PreSaveFile = new java.io.File(((pathPrefix + java.lang.Integer.toString(counter)) + .png)): null

2018-12-14 01:44:46 - [TEST_STEP][PASSED] - Statement - counter = counter + 1: null

2018-12-14 01:44:46 - [TEST_STEP][PASSED] - Statement - PreSaveFile = new java.io.File(((pathPrefix + java.lang.Integer.toString(counter)) + .png)): null

2018-12-14 01:44:46 - [TEST_STEP][PASSED] - Statement - counter = counter + 1: null

2018-12-14 01:44:46 - [TEST_STEP][PASSED] - Statement - PreSaveFile = new java.io.File(((pathPrefix + java.lang.Integer.toString(counter)) + .png)): null

2018-12-14 01:44:46 - [TEST_STEP][PASSED] - Statement - counter = counter + 1: null

2018-12-14 01:44:46 - [TEST_STEP][PASSED] - Statement - PreSaveFile = new java.io.File(((pathPrefix + java.lang.Integer.toString(counter)) + .png)): null

2018-12-14 01:44:46 - [TEST_STEP][PASSED] - Statement - counter = counter + 1: null

2018-12-14 01:44:46 - [TEST_STEP][PASSED] - Statement - PreSaveFile = new java.io.File(((pathPrefix + java.lang.Integer.toString(counter)) + .png)): null

2018-12-14 01:44:46 - [TEST_STEP][PASSED] - Statement - counter = counter + 1: null

2018-12-14 01:44:46 - [TEST_STEP][PASSED] - Statement - PreSaveFile = new java.io.File(((pathPrefix + java.lang.Integer.toString(counter)) + .png)): null

2018-12-14 01:44:46 - [TEST_STEP][PASSED] - Statement - counter = counter + 1: null

2018-12-14 01:44:46 - [TEST_STEP][PASSED] - Statement - PreSaveFile = new java.io.File(((pathPrefix + java.lang.Integer.toString(counter)) + .png)): null

2018-12-14 01:44:46 - [TEST_STEP][PASSED] - Statement - counter = counter + 1: null

2018-12-14 01:44:46 - [TEST_STEP][PASSED] - Statement - PreSaveFile = new java.io.File(((pathPrefix + java.lang.Integer.toString(counter)) + .png)): null

2018-12-14 01:44:46 - [TEST_STEP][PASSED] - Statement - counter = counter + 1: null

2018-12-14 01:44:46 - [TEST_STEP][PASSED] - Statement - PreSaveFile = new java.io.File(((pathPrefix + java.lang.Integer.toString(counter)) + .png)): null

2018-12-14 01:44:46 - [TEST_STEP][PASSED] - Statement - counter = counter + 1: null

2018-12-14 01:44:46 - [TEST_STEP][PASSED] - Statement - PreSaveFile = new java.io.File(((pathPrefix + java.lang.Integer.toString(counter)) + .png)): null

2018-12-14 01:44:46 - [TEST_STEP][PASSED] - Statement - counter = counter + 1: null

2018-12-14 01:44:46 - [TEST_STEP][PASSED] - Statement - PreSaveFile = new java.io.File(((pathPrefix + java.lang.Integer.toString(counter)) + .png)): null

2018-12-14 01:44:46 - [TEST_STEP][PASSED] - Statement - counter = counter + 1: null

2018-12-14 01:44:46 - [TEST_STEP][PASSED] - Statement - PreSaveFile = new java.io.File(((pathPrefix + java.lang.Integer.toString(counter)) + .png)): null

2018-12-14 01:44:46 - [TEST_STEP][PASSED] - Statement - counter = counter + 1: null

2018-12-14 01:44:46 - [TEST_STEP][PASSED] - Statement - PreSaveFile = new java.io.File(((pathPrefix + java.lang.Integer.toString(counter)) + .png)): null

2018-12-14 01:44:46 - [TEST_STEP][PASSED] - Statement - counter = counter + 1: null

2018-12-14 01:44:46 - [TEST_STEP][PASSED] - Statement - PreSaveFile = new java.io.File(((pathPrefix + java.lang.Integer.toString(counter)) + .png)): null

2018-12-14 01:44:46 - [TEST_STEP][PASSED] - Statement - counter = counter + 1: null

2018-12-14 01:44:46 - [TEST_STEP][PASSED] - Statement - PreSaveFile = new java.io.File(((pathPrefix + java.lang.Integer.toString(counter)) + .png)): null

2018-12-14 01:44:46 - [TEST_STEP][PASSED] - Statement - counter = counter + 1: null

2018-12-14 01:44:46 - [TEST_STEP][PASSED] - Statement - PreSaveFile = new java.io.File(((pathPrefix + java.lang.Integer.toString(counter)) + .png)): null

2018-12-14 01:44:46 - [TEST_STEP][PASSED] - Statement - counter = counter + 1: null

2018-12-14 01:44:46 - [TEST_STEP][PASSED] - Statement - PreSaveFile = new java.io.File(((pathPrefix + java.lang.Integer.toString(counter)) + .png)): null

2018-12-14 01:44:46 - [TEST_STEP][PASSED] - Statement - counter = counter + 1: null

2018-12-14 01:44:46 - [TEST_STEP][PASSED] - Statement - PreSaveFile = new java.io.File(((pathPrefix + java.lang.Integer.toString(counter)) + .png)): null

2018-12-14 01:44:46 - [TEST_STEP][PASSED] - Statement - counter = counter + 1: null

2018-12-14 01:44:46 - [TEST_STEP][PASSED] - Statement - PreSaveFile = new java.io.File(((pathPrefix + java.lang.Integer.toString(counter)) + .png)): null

2018-12-14 01:44:46 - [TEST_STEP][PASSED] - Statement - counter = counter + 1: null

2018-12-14 01:44:46 - [TEST_STEP][PASSED] - Statement - PreSaveFile = new java.io.File(((pathPrefix + java.lang.Integer.toString(counter)) + .png)): null

2018-12-14 01:44:46 - [TEST_STEP][PASSED] - Statement - counter = counter + 1: null

2018-12-14 01:44:46 - [TEST_STEP][PASSED] - Statement - PreSaveFile = new java.io.File(((pathPrefix + java.lang.Integer.toString(counter)) + .png)): null

2018-12-14 01:44:46 - [TEST_STEP][PASSED] - Statement - counter = counter + 1: null

2018-12-14 01:44:46 - [TEST_STEP][PASSED] - Statement - PreSaveFile = new java.io.File(((pathPrefix + java.lang.Integer.toString(counter)) + .png)): null

2018-12-14 01:44:46 - [TEST_STEP][PASSED] - Statement - counter = counter + 1: null

2018-12-14 01:44:46 - [TEST_STEP][PASSED] - Statement - PreSaveFile = new java.io.File(((pathPrefix + java.lang.Integer.toString(counter)) + .png)): null

2018-12-14 01:44:46 - [TEST_STEP][PASSED] - Statement - counter = counter + 1: null

2018-12-14 01:44:46 - [TEST_STEP][PASSED] - Statement - PreSaveFile = new java.io.File(((pathPrefix + java.lang.Integer.toString(counter)) + .png)): null

2018-12-14 01:44:46 - [TEST_STEP][PASSED] - Statement - counter = counter + 1: null

2018-12-14 01:44:46 - [TEST_STEP][PASSED] - Statement - PreSaveFile = new java.io.File(((pathPrefix + java.lang.Integer.toString(counter)) + .png)): null

2018-12-14 01:44:46 - [TEST_STEP][PASSED] - Statement - counter = counter + 1: null

2018-12-14 01:44:46 - [TEST_STEP][PASSED] - Statement - PreSaveFile = new java.io.File(((pathPrefix + java.lang.Integer.toString(counter)) + .png)): null

2018-12-14 01:44:46 - [TEST_STEP][PASSED] - Statement - counter = counter + 1: null

2018-12-14 01:44:46 - [TEST_STEP][PASSED] - Statement - PreSaveFile = new java.io.File(((pathPrefix + java.lang.Integer.toString(counter)) + .png)): null

2018-12-14 01:44:46 - [TEST_STEP][PASSED] - Statement - counter = counter + 1: null

2018-12-14 01:44:46 - [TEST_STEP][PASSED] - Statement - PreSaveFile = new java.io.File(((pathPrefix + java.lang.Integer.toString(counter)) + .png)): null

2018-12-14 01:44:46 - [TEST_STEP][PASSED] - Statement - counter = counter + 1: null

2018-12-14 01:44:46 - [TEST_STEP][PASSED] - Statement - PreSaveFile = new java.io.File(((pathPrefix + java.lang.Integer.toString(counter)) + .png)): null

2018-12-14 01:44:46 - [TEST_STEP][PASSED] - Statement - counter = counter + 1: null

2018-12-14 01:44:46 - [TEST_STEP][PASSED] - Statement - PreSaveFile = new java.io.File(((pathPrefix + java.lang.Integer.toString(counter)) + .png)): null

2018-12-14 01:44:46 - [TEST_STEP][PASSED] - Statement - counter = counter + 1: null

2018-12-14 01:44:46 - [TEST_STEP][PASSED] - Statement - PreSaveFile = new java.io.File(((pathPrefix + java.lang.Integer.toString(counter)) + .png)): null

2018-12-14 01:44:46 - [TEST_STEP][PASSED] - Statement - counter = counter + 1: null

2018-12-14 01:44:46 - [TEST_STEP][PASSED] - Statement - PreSaveFile = new java.io.File(((pathPrefix + java.lang.Integer.toString(counter)) + .png)): null

2018-12-14 01:44:46 - [TEST_STEP][PASSED] - Statement - counter = counter + 1: null

2018-12-14 01:44:46 - [TEST_STEP][PASSED] - Statement - PreSaveFile = new java.io.File(((pathPrefix + java.lang.Integer.toString(counter)) + .png)): null

2018-12-14 01:44:46 - [TEST_STEP][PASSED] - Statement - counter = counter + 1: null

2018-12-14 01:44:46 - [TEST_STEP][PASSED] - Statement - PreSaveFile = new java.io.File(((pathPrefix + java.lang.Integer.toString(counter)) + .png)): null

2018-12-14 01:44:46 - [TEST_STEP][PASSED] - Statement - counter = counter + 1: null

2018-12-14 01:44:46 - [TEST_STEP][PASSED] - Statement - PreSaveFile = new java.io.File(((pathPrefix + java.lang.Integer.toString(counter)) + .png)): null

2018-12-14 01:44:46 - [TEST_STEP][PASSED] - Statement - counter = counter + 1: null

2018-12-14 01:44:46 - [TEST_STEP][PASSED] - Statement - PreSaveFile = new java.io.File(((pathPrefix + java.lang.Integer.toString(counter)) + .png)): null

2018-12-14 01:44:46 - [TEST_STEP][PASSED] - Statement - counter = counter + 1: null

2018-12-14 01:44:46 - [TEST_STEP][PASSED] - Statement - PreSaveFile = new java.io.File(((pathPrefix + java.lang.Integer.toString(counter)) + .png)): null

2018-12-14 01:44:46 - [TEST_STEP][PASSED] - Statement - counter = counter + 1: null

2018-12-14 01:44:46 - [TEST_STEP][PASSED] - Statement - PreSaveFile = new java.io.File(((pathPrefix + java.lang.Integer.toString(counter)) + .png)): null

2018-12-14 01:44:46 - [TEST_STEP][PASSED] - Statement - counter = counter + 1: null

2018-12-14 01:44:46 - [TEST_STEP][PASSED] - Statement - PreSaveFile = new java.io.File(((pathPrefix + java.lang.Integer.toString(counter)) + .png)): null

2018-12-14 01:44:46 - [TEST_STEP][PASSED] - Statement - counter = counter + 1: null

2018-12-14 01:44:46 - [TEST_STEP][PASSED] - Statement - PreSaveFile = new java.io.File(((pathPrefix + java.lang.Integer.toString(counter)) + .png)): null

2018-12-14 01:44:46 - [TEST_STEP][PASSED] - Statement - counter = counter + 1: null

2018-12-14 01:44:46 - [TEST_STEP][PASSED] - Statement - PreSaveFile = new java.io.File(((pathPrefix + java.lang.Integer.toString(counter)) + .png)): null

2018-12-14 01:44:46 - [TEST_STEP][PASSED] - Statement - counter = counter + 1: null

2018-12-14 01:44:46 - [TEST_STEP][PASSED] - Statement - PreSaveFile = new java.io.File(((pathPrefix + java.lang.Integer.toString(counter)) + .png)): null

2018-12-14 01:44:46 - [TEST_STEP][PASSED] - Statement - counter = counter + 1: null

2018-12-14 01:44:46 - [TEST_STEP][PASSED] - Statement - PreSaveFile = new java.io.File(((pathPrefix + java.lang.Integer.toString(counter)) + .png)): null

2018-12-14 01:44:46 - [TEST_STEP][PASSED] - Statement - counter = counter + 1: null

2018-12-14 01:44:46 - [TEST_STEP][PASSED] - Statement - PreSaveFile = new java.io.File(((pathPrefix + java.lang.Integer.toString(counter)) + .png)): null

2018-12-14 01:44:46 - [TEST_STEP][PASSED] - Statement - counter = counter + 1: null

2018-12-14 01:44:46 - [TEST_STEP][PASSED] - Statement - PreSaveFile = new java.io.File(((pathPrefix + java.lang.Integer.toString(counter)) + .png)): null

2018-12-14 01:44:46 - [TEST_STEP][PASSED] - Statement - counter = counter + 1: null

2018-12-14 01:44:46 - [TEST_STEP][PASSED] - Statement - PreSaveFile = new java.io.File(((pathPrefix + java.lang.Integer.toString(counter)) + .png)): null

2018-12-14 01:44:46 - [TEST_STEP][PASSED] - Statement - counter = counter + 1: null

2018-12-14 01:44:46 - [TEST_STEP][PASSED] - Statement - PreSaveFile = new java.io.File(((pathPrefix + java.lang.Integer.toString(counter)) + .png)): null

2018-12-14 01:44:46 - [TEST_STEP][PASSED] - Statement - counter = counter + 1: null

2018-12-14 01:44:46 - [TEST_STEP][PASSED] - Statement - PreSaveFile = new java.io.File(((pathPrefix + java.lang.Integer.toString(counter)) + .png)): null

2018-12-14 01:44:46 - [TEST_STEP][PASSED] - Statement - counter = counter + 1: null

2018-12-14 01:44:46 - [TEST_STEP][PASSED] - Statement - PreSaveFile = new java.io.File(((pathPrefix + java.lang.Integer.toString(counter)) + .png)): null

2018-12-14 01:44:46 - [TEST_STEP][PASSED] - Statement - counter = counter + 1: null

2018-12-14 01:44:46 - [TEST_STEP][PASSED] - Statement - PreSaveFile = new java.io.File(((pathPrefix + java.lang.Integer.toString(counter)) + .png)): null

2018-12-14 01:44:46 - [TEST_STEP][PASSED] - Statement - counter = counter + 1: null

2018-12-14 01:44:46 - [TEST_STEP][PASSED] - Statement - PreSaveFile = new java.io.File(((pathPrefix + java.lang.Integer.toString(counter)) + .png)): null

2018-12-14 01:44:46 - [TEST_STEP][PASSED] - Statement - counter = counter + 1: null

2018-12-14 01:44:46 - [TEST_STEP][PASSED] - Statement - PreSaveFile = new java.io.File(((pathPrefix + java.lang.Integer.toString(counter)) + .png)): null

2018-12-14 01:44:46 - [TEST_STEP][PASSED] - Statement - counter = counter + 1: null

2018-12-14 01:44:46 - [TEST_STEP][PASSED] - Statement - PreSaveFile = new java.io.File(((pathPrefix + java.lang.Integer.toString(counter)) + .png)): null

2018-12-14 01:44:46 - [TEST_STEP][PASSED] - Statement - counter = counter + 1: null

2018-12-14 01:44:46 - [TEST_STEP][PASSED] - Statement - PreSaveFile = new java.io.File(((pathPrefix + java.lang.Integer.toString(counter)) + .png)): null

2018-12-14 01:44:46 - [TEST_STEP][PASSED] - Statement - counter = counter + 1: null

2018-12-14 01:44:46 - [TEST_STEP][PASSED] - Statement - PreSaveFile = new java.io.File(((pathPrefix + java.lang.Integer.toString(counter)) + .png)): null

2018-12-14 01:44:46 - [TEST_STEP][PASSED] - Statement - counter = counter + 1: null

2018-12-14 01:44:46 - [TEST_STEP][PASSED] - Statement - PreSaveFile = new java.io.File(((pathPrefix + java.lang.Integer.toString(counter)) + .png)): null

2018-12-14 01:44:46 - [TEST_STEP][PASSED] - Statement - counter = counter + 1: null

2018-12-14 01:44:46 - [TEST_STEP][PASSED] - Statement - PreSaveFile = new java.io.File(((pathPrefix + java.lang.Integer.toString(counter)) + .png)): null

2018-12-14 01:44:46 - [TEST_STEP][PASSED] - Statement - counter = counter + 1: null

2018-12-14 01:44:46 - [TEST_STEP][PASSED] - Statement - PreSaveFile = new java.io.File(((pathPrefix + java.lang.Integer.toString(counter)) + .png)): null

2018-12-14 01:44:46 - [TEST_STEP][PASSED] - Statement - counter = counter + 1: null

2018-12-14 01:44:46 - [TEST_STEP][PASSED] - Statement - PreSaveFile = new java.io.File(((pathPrefix + java.lang.Integer.toString(counter)) + .png)): null

2018-12-14 01:44:46 - [TEST_STEP][PASSED] - Statement - counter = counter + 1: null

2018-12-14 01:44:46 - [TEST_STEP][PASSED] - Statement - PreSaveFile = new java.io.File(((pathPrefix + java.lang.Integer.toString(counter)) + .png)): null

2018-12-14 01:44:46 - [TEST_STEP][PASSED] - Statement - counter = counter + 1: null

2018-12-14 01:44:46 - [TEST_STEP][PASSED] - Statement - PreSaveFile = new java.io.File(((pathPrefix + java.lang.Integer.toString(counter)) + .png)): null

2018-12-14 01:44:46 - [TEST_STEP][PASSED] - Statement - counter = counter + 1: null

2018-12-14 01:44:46 - [TEST_STEP][PASSED] - Statement - PreSaveFile = new java.io.File(((pathPrefix + java.lang.Integer.toString(counter)) + .png)): null

2018-12-14 01:44:46 - [TEST_STEP][PASSED] - Statement - counter = counter + 1: null

2018-12-14 01:44:46 - [TEST_STEP][PASSED] - Statement - PreSaveFile = new java.io.File(((pathPrefix + java.lang.Integer.toString(counter)) + .png)): null

2018-12-14 01:44:46 - [TEST_STEP][PASSED] - Statement - counter = counter + 1: null

2018-12-14 01:44:46 - [TEST_STEP][PASSED] - Statement - PreSaveFile = new java.io.File(((pathPrefix + java.lang.Integer.toString(counter)) + .png)): null

2018-12-14 01:44:46 - [TEST_STEP][PASSED] - Statement - counter = counter + 1: null

2018-12-14 01:44:46 - [TEST_STEP][PASSED] - Statement - PreSaveFile = new java.io.File(((pathPrefix + java.lang.Integer.toString(counter)) + .png)): null

2018-12-14 01:44:46 - [TEST_STEP][PASSED] - Statement - counter = counter + 1: null

2018-12-14 01:44:46 - [TEST_STEP][PASSED] - Statement - PreSaveFile = new java.io.File(((pathPrefix + java.lang.Integer.toString(counter)) + .png)): null

2018-12-14 01:44:46 - [TEST_STEP][PASSED] - Statement - counter = counter + 1: null

2018-12-14 01:44:46 - [TEST_STEP][PASSED] - Statement - PreSaveFile = new java.io.File(((pathPrefix + java.lang.Integer.toString(counter)) + .png)): null

2018-12-14 01:44:46 - [TEST_STEP][PASSED] - Statement - counter = counter + 1: null

2018-12-14 01:44:46 - [TEST_STEP][PASSED] - Statement - PreSaveFile = new java.io.File(((pathPrefix + java.lang.Integer.toString(counter)) + .png)): null

2018-12-14 01:44:46 - [TEST_STEP][PASSED] - Statement - counter = counter + 1: null

2018-12-14 01:44:46 - [TEST_STEP][PASSED] - Statement - PreSaveFile = new java.io.File(((pathPrefix + java.lang.Integer.toString(counter)) + .png)): null

2018-12-14 01:44:46 - [TEST_STEP][PASSED] - Statement - counter = counter + 1: null

2018-12-14 01:44:46 - [TEST_STEP][PASSED] - Statement - PreSaveFile = new java.io.File(((pathPrefix + java.lang.Integer.toString(counter)) + .png)): null

2018-12-14 01:44:46 - [TEST_STEP][PASSED] - Statement - counter = counter + 1: null

2018-12-14 01:44:46 - [TEST_STEP][PASSED] - Statement - PreSaveFile = new java.io.File(((pathPrefix + java.lang.Integer.toString(counter)) + .png)): null

2018-12-14 01:44:46 - [TEST_STEP][PASSED] - Statement - counter = counter + 1: null

2018-12-14 01:44:46 - [TEST_STEP][PASSED] - Statement - PreSaveFile = new java.io.File(((pathPrefix + java.lang.Integer.toString(counter)) + .png)): null

2018-12-14 01:44:46 - [TEST_STEP][PASSED] - Statement - counter = counter + 1: null

2018-12-14 01:44:46 - [TEST_STEP][PASSED] - Statement - PreSaveFile = new java.io.File(((pathPrefix + java.lang.Integer.toString(counter)) + .png)): null

2018-12-14 01:44:46 - [TEST_STEP][PASSED] - Statement - counter = counter + 1: null

2018-12-14 01:44:46 - [TEST_STEP][PASSED] - Statement - PreSaveFile = new java.io.File(((pathPrefix + java.lang.Integer.toString(counter)) + .png)): null

2018-12-14 01:44:46 - [TEST_STEP][PASSED] - Statement - counter = counter + 1: null

2018-12-14 01:44:46 - [TEST_STEP][PASSED] - Statement - PreSaveFile = new java.io.File(((pathPrefix + java.lang.Integer.toString(counter)) + .png)): null

2018-12-14 01:44:46 - [TEST_STEP][PASSED] - Statement - counter = counter + 1: null

2018-12-14 01:44:46 - [TEST_STEP][PASSED] - Statement - PreSaveFile = new java.io.File(((pathPrefix + java.lang.Integer.toString(counter)) + .png)): null

2018-12-14 01:44:46 - [TEST_STEP][PASSED] - Statement - counter = counter + 1: null

2018-12-14 01:44:46 - [TEST_STEP][PASSED] - Statement - PreSaveFile = new java.io.File(((pathPrefix + java.lang.Integer.toString(counter)) + .png)): null

2018-12-14 01:44:46 - [TEST_STEP][PASSED] - Statement - counter = counter + 1: null

2018-12-14 01:44:46 - [TEST_STEP][PASSED] - Statement - PreSaveFile = new java.io.File(((pathPrefix + java.lang.Integer.toString(counter)) + .png)): null

2018-12-14 01:44:46 - [TEST_STEP][PASSED] - Statement - counter = counter + 1: null

2018-12-14 01:44:46 - [TEST_STEP][PASSED] - Statement - PreSaveFile = new java.io.File(((pathPrefix + java.lang.Integer.toString(counter)) + .png)): null

2018-12-14 01:44:46 - [TEST_STEP][PASSED] - Statement - counter = counter + 1: null

2018-12-14 01:44:46 - [TEST_STEP][PASSED] - Statement - PreSaveFile = new java.io.File(((pathPrefix + java.lang.Integer.toString(counter)) + .png)): null

2018-12-14 01:44:46 - [TEST_STEP][PASSED] - Statement - counter = counter + 1: null

2018-12-14 01:44:46 - [TEST_STEP][PASSED] - Statement - PreSaveFile = new java.io.File(((pathPrefix + java.lang.Integer.toString(counter)) + .png)): null

2018-12-14 01:44:46 - [TEST_STEP][PASSED] - Statement - counter = counter + 1: null

2018-12-14 01:44:46 - [TEST_STEP][PASSED] - Statement - PreSaveFile = new java.io.File(((pathPrefix + java.lang.Integer.toString(counter)) + .png)): null

2018-12-14 01:44:46 - [TEST_STEP][PASSED] - Statement - counter = counter + 1: null

2018-12-14 01:44:46 - [TEST_STEP][PASSED] - Statement - PreSaveFile = new java.io.File(((pathPrefix + java.lang.Integer.toString(counter)) + .png)): null

2018-12-14 01:44:46 - [TEST_STEP][PASSED] - Statement - counter = counter + 1: null

2018-12-14 01:44:46 - [TEST_STEP][PASSED] - Statement - PreSaveFile = new java.io.File(((pathPrefix + java.lang.Integer.toString(counter)) + .png)): null

2018-12-14 01:44:46 - [TEST_STEP][PASSED] - Statement - counter = counter + 1: null

2018-12-14 01:44:46 - [TEST_STEP][PASSED] - Statement - PreSaveFile = new java.io.File(((pathPrefix + java.lang.Integer.toString(counter)) + .png)): null

2018-12-14 01:44:46 - [TEST_STEP][PASSED] - Statement - counter = counter + 1: null

2018-12-14 01:44:46 - [TEST_STEP][PASSED] - Statement - PreSaveFile = new java.io.File(((pathPrefix + java.lang.Integer.toString(counter)) + .png)): null

2018-12-14 01:44:46 - [TEST_STEP][PASSED] - Statement - counter = counter + 1: null

2018-12-14 01:44:46 - [TEST_STEP][PASSED] - Statement - PreSaveFile = new java.io.File(((pathPrefix + java.lang.Integer.toString(counter)) + .png)): null

2018-12-14 01:44:46 - [TEST_STEP][PASSED] - Statement - counter = counter + 1: null

2018-12-14 01:44:46 - [TEST_STEP][PASSED] - Statement - PreSaveFile = new java.io.File(((pathPrefix + java.lang.Integer.toString(counter)) + .png)): null

2018-12-14 01:44:46 - [TEST_STEP][PASSED] - Statement - counter = counter + 1: null

2018-12-14 01:44:46 - [TEST_STEP][PASSED] - Statement - PreSaveFile = new java.io.File(((pathPrefix + java.lang.Integer.toString(counter)) + .png)): null

2018-12-14 01:44:46 - [TEST_STEP][PASSED] - Statement - counter = counter + 1: null

2018-12-14 01:44:46 - [TEST_STEP][PASSED] - Statement - PreSaveFile = new java.io.File(((pathPrefix + java.lang.Integer.toString(counter)) + .png)): null

2018-12-14 01:44:46 - [TEST_STEP][PASSED] - Statement - counter = counter + 1: null

2018-12-14 01:44:46 - [TEST_STEP][PASSED] - Statement - PreSaveFile = new java.io.File(((pathPrefix + java.lang.Integer.toString(counter)) + .png)): null

2018-12-14 01:44:46 - [TEST_STEP][PASSED] - Statement - counter = counter + 1: null

2018-12-14 01:44:46 - [TEST_STEP][PASSED] - Statement - PreSaveFile = new java.io.File(((pathPrefix + java.lang.Integer.toString(counter)) + .png)): null

2018-12-14 01:44:46 - [TEST_STEP][PASSED] - Statement - counter = counter + 1: null

2018-12-14 01:44:46 - [TEST_STEP][PASSED] - Statement - PreSaveFile = new java.io.File(((pathPrefix + java.lang.Integer.toString(counter)) + .png)): null

2018-12-14 01:44:46 - [TEST_STEP][PASSED] - Statement - counter = counter + 1: null

2018-12-14 01:44:46 - [TEST_STEP][PASSED] - Statement - PreSaveFile = new java.io.File(((pathPrefix + java.lang.Integer.toString(counter)) + .png)): null

2018-12-14 01:44:46 - [TEST_STEP][PASSED] - Statement - counter = counter + 1: null

2018-12-14 01:44:46 - [TEST_STEP][PASSED] - Statement - PreSaveFile = new java.io.File(((pathPrefix + java.lang.Integer.toString(counter)) + .png)): null

2018-12-14 01:44:46 - [TEST_STEP][PASSED] - Statement - counter = counter + 1: null

2018-12-14 01:44:46 - [TEST_STEP][PASSED] - Statement - PreSaveFile = new java.io.File(((pathPrefix + java.lang.Integer.toString(counter)) + .png)): null

2018-12-14 01:44:46 - [TEST_STEP][PASSED] - Statement - counter = counter + 1: null

2018-12-14 01:44:46 - [TEST_STEP][PASSED] - Statement - PreSaveFile = new java.io.File(((pathPrefix + java.lang.Integer.toString(counter)) + .png)): null

2018-12-14 01:44:46 - [TEST_STEP][PASSED] - Statement - counter = counter + 1: null

2018-12-14 01:44:46 - [TEST_STEP][PASSED] - Statement - PreSaveFile = new java.io.File(((pathPrefix + java.lang.Integer.toString(counter)) + .png)): null

2018-12-14 01:44:46 - [TEST_STEP][PASSED] - Statement - counter = counter + 1: null

2018-12-14 01:44:46 - [TEST_STEP][PASSED] - Statement - PreSaveFile = new java.io.File(((pathPrefix + java.lang.Integer.toString(counter)) + .png)): null

2018-12-14 01:44:46 - [TEST_STEP][PASSED] - Statement - counter = counter + 1: null

2018-12-14 01:44:46 - [TEST_STEP][PASSED] - Statement - PreSaveFile = new java.io.File(((pathPrefix + java.lang.Integer.toString(counter)) + .png)): null

2018-12-14 01:44:46 - [TEST_STEP][PASSED] - Statement - counter = counter + 1: null

2018-12-14 01:44:46 - [TEST_STEP][PASSED] - Statement - PreSaveFile = new java.io.File(((pathPrefix + java.lang.Integer.toString(counter)) + .png)): null

2018-12-14 01:44:46 - [TEST_STEP][PASSED] - Statement - counter = counter + 1: null

2018-12-14 01:44:46 - [TEST_STEP][PASSED] - Statement - PreSaveFile = new java.io.File(((pathPrefix + java.lang.Integer.toString(counter)) + .png)): null

2018-12-14 01:44:46 - [TEST_STEP][PASSED] - Statement - finalPath = pathPrefix + java.lang.Integer.toString(counter) + ".png": null

2018-12-14 01:44:46 - [TEST_STEP][PASSED] - Statement - SaveFile = new java.io.File(finalPath): null

2018-12-14 01:44:46 - [TEST_STEP][PASSED] - Statement - Try: null

2018-12-14 01:44:46 - [TEST_STEP][PASSED] - Statement - org.apache.commons.io.FileUtils.copyFile(scrFile, SaveFile): null

2018-12-14 01:44:46 - [TEST_STEP][PASSED] - Statement - out.println("file kept"): null

2018-12-14 01:44:46 - [TEST_STEP][PASSED] - delay: Delayed 10 second(s)

2018-12-14 01:44:56 - [MESSAGE][PASSED] - Delayed 10 second(s)

2018-12-14 01:44:56 - [MESSAGE][PASSED] - Call Test Case 'Test Cases/Final Aug 2018 - PKS Automation/Registration Module/New Registration/Submit and Screenshot/Submit Registration and Screenshot - Copy' successfully

2018-12-14 01:44:56 - [TEST_STEP][PASSED] - Statement - UpdateAddNewECode = com.kms.katalon.core.webui.keyword.WebUiBuiltInKeywords.getText(com.kms.katalon.core.testobject.ObjectRepository.findTestObject(Object Repository/Final Object Repo/Page_Update Add New Employee - ASSIST/getEmpCode)): Text of object 'Object Repository/Final Object Repo/Page_Update Add New Employee - ASSIST/getEmpCode' is: 'E1102070881Y'

2018-12-14 01:44:57 - [MESSAGE][PASSED] - Text of object 'Object Repository/Final Object Repo/Page_Update Add New Employee - ASSIST/getEmpCode' is: 'E1102070881Y'

2018-12-14 01:44:57 - [TEST_STEP][PASSED] - callTestCase: Call Test Case 'Test Cases/Final Aug 2018 - PKS Automation/Common/Emp Code Setter' successfully

2018-12-14 01:44:57 - [TEST_CASE][PASSED] - Test Cases/Final Aug 2018 - PKS Automation/Common/Emp Code Setter: Test Cases/Final Aug 2018 - PKS Automation/Common/Emp Code Setter

2018-12-14 01:44:57 - [TEST_STEP][PASSED] - Statement - EmpCodeOld = new java.io.File(C://Users//Admin//Desktop//PKS//Automation Reference Point//EmpCode.txt): null

2018-12-14 01:44:57 - [TEST_STEP][PASSED] - Statement - EmpCodeOld.delete(): null

2018-12-14 01:44:57 - [TEST_STEP][PASSED] - Statement - EmpCode = new java.io.File(C://Users//Admin//Desktop//PKS//Automation Reference Point//EmpCode.txt): null

2018-12-14 01:44:57 - [TEST_STEP][PASSED] - Statement - f2 = new java.io.FileWriter(EmpCode, false): null

2018-12-14 01:44:57 - [TEST_STEP][PASSED] - Statement - f2.write(UpdateAddNewECode): null

2018-12-14 01:44:57 - [TEST_STEP][PASSED] - Statement - f2.close(): null

2018-12-14 01:44:57 - [TEST_STEP][PASSED] - Statement - out.println("


" + UpdateAddNewECode + "


"): null

2018-12-14 01:44:57 - [MESSAGE][PASSED] - Call Test Case 'Test Cases/Final Aug 2018 - PKS Automation/Common/Emp Code Setter' successfully

2018-12-14 01:44:57 - [MESSAGE][PASSED] - Call Test Case 'Test Cases/Final Aug 2018 - PKS Automation/Registration Module/Workflow/Update Add New Employee/Template/New Company for Update Add New' successfully

2018-12-14 01:44:57 - [TEST_STEP][PASSED] - callTestCase: Call Test Case 'Test Cases/Final Aug 2018 - PKS Automation/Registration Module/Log Out/log out avoiding katalon tagging' successfully

2018-12-14 01:44:57 - [TEST_CASE][PASSED] - Test Cases/Final Aug 2018 - PKS Automation/Registration Module/Log Out/log out avoiding katalon tagging: Test Cases/Final Aug 2018 - PKS Automation/Registration Module/Log Out/log out avoiding katalon tagging

2018-12-14 01:44:57 - [TEST_STEP][PASSED] - navigateToUrl: Navigate to 'https://assist2-uat.perkeso.gov.my/c/portal/logout' successfully

2018-12-14 01:44:58 - [MESSAGE][PASSED] - Navigate to 'https://assist2-uat.perkeso.gov.my/c/portal/logout' successfully

2018-12-14 01:44:58 - [MESSAGE][PASSED] - Call Test Case 'Test Cases/Final Aug 2018 - PKS Automation/Registration Module/Log Out/log out avoiding katalon tagging' successfully

2018-12-14 01:44:58 - [TEST_STEP][PASSED] - callTestCase: Call Test Case 'Test Cases/Final Aug 2018 - PKS Automation/Registration Module/New Registration/Form 2/Date Updater' successfully

2018-12-14 01:44:58 - [TEST_CASE][PASSED] - Test Cases/Final Aug 2018 - PKS Automation/Registration Module/New Registration/Form 2/Date Updater: Test Cases/Final Aug 2018 - PKS Automation/Registration Module/New Registration/Form 2/Date Updater

2018-12-14 01:44:58 - [TEST_STEP][PASSED] - Statement - TodayDate = new java.util.Date(): null

2018-12-14 01:44:58 - [TEST_STEP][PASSED] - Statement - CurrentDateNoFilter = new java.text.SimpleDateFormat(): null

2018-12-14 01:44:58 - [TEST_STEP][PASSED] - Statement - CurrentDateNoFilter.applyPattern("MM"): null

2018-12-14 01:44:58 - [TEST_STEP][PASSED] - Statement - monthContainerMatcher = java.lang.Integer.parseInt(CurrentDateNoFilter.format(TodayDate)): null

2018-12-14 01:44:58 - [TEST_STEP][PASSED] - Statement - monthContainerMatcher = monthContainerMatcher - 1: null

2018-12-14 01:44:58 - [TEST_STEP][PASSED] - Statement - CurrentMonth = monthContainerMatcher.toString(): null

2018-12-14 01:44:58 - [TEST_STEP][PASSED] - Statement - CurrentMonth = CurrentMonth: null

2018-12-14 01:44:58 - [TEST_STEP][PASSED] - Statement - CurrentDateNoFilter.applyPattern("yyyy"): null

2018-12-14 01:44:58 - [TEST_STEP][PASSED] - Statement - CurrentYear = CurrentDateNoFilter.format(TodayDate): null

2018-12-14 01:44:58 - [TEST_STEP][PASSED] - Statement - CurrentYear = CurrentYear: null

2018-12-14 01:44:58 - [TEST_STEP][PASSED] - Statement - intCurrentYear = java.lang.Integer.parseInt(CurrentDateNoFilter.format(TodayDate)): null

2018-12-14 01:44:58 - [TEST_STEP][PASSED] - Statement - eighteenYrsAgo = intCurrentYear - 18: null

2018-12-14 01:44:58 - [TEST_STEP][PASSED] - Statement - eighteenYrsBeforeThisYr = eighteenYrsAgo.toString(): null

2018-12-14 01:44:58 - [TEST_STEP][PASSED] - Statement - EighteenYrsBefore = eighteenYrsBeforeThisYr: null

2018-12-14 01:44:58 - [TEST_STEP][PASSED] - Statement - fiftysevenYrsAgo = intCurrentYear - 57: null

2018-12-14 01:44:58 - [TEST_STEP][PASSED] - Statement - fiftysevenYrsBeforeThisYr = fiftysevenYrsAgo.toString(): null

2018-12-14 01:44:58 - [TEST_STEP][PASSED] - Statement - FiftysevenYrsBefore = fiftysevenYrsBeforeThisYr: null

2018-12-14 01:44:58 - [TEST_STEP][PASSED] - Statement - leapYear = false: null

2018-12-14 01:44:58 - [TEST_STEP][PASSED] - Statement - leapYear = intCurrentYear % 4 == 0: null

2018-12-14 01:44:58 - [TEST_STEP][PASSED] - Statement - CurrentDateNoFilter.applyPattern("dd"): null

2018-12-14 01:44:58 - [TEST_STEP][PASSED] - Statement - CurrentDate = CurrentDateNoFilter.format(TodayDate): null

2018-12-14 01:44:58 - [TEST_STEP][PASSED] - Statement - CurrentDate = java.lang.Integer.parseInt(CurrentDate): null

2018-12-14 01:44:58 - [TEST_STEP][PASSED] - Statement - CurrentDate = CurrentDate: null

2018-12-14 01:44:58 - [TEST_STEP][PASSED] - Statement - CurrentDay = java.lang.Integer.parseInt(CurrentDate): null

2018-12-14 01:44:58 - [TEST_STEP][PASSED] - Statement - ConfAdder = <not implemented yet for class: org.codehaus.groovy.ast.expr.EmptyExpression>: null

2018-12-14 01:44:58 - [TEST_STEP][PASSED] - Statement - out.println(CurrentMonth): null

2018-12-14 01:44:58 - [TEST_STEP][PASSED] - Statement - out.println(CurrentDate): null

2018-12-14 01:44:58 - [TEST_STEP][PASSED] - Statement - switch (CurrentDate): null

2018-12-14 01:44:58 - [TEST_STEP][PASSED] - Statement - Default: null

2018-12-14 01:44:58 - [TEST_STEP][PASSED] - Statement - ConfAdder = true: null

2018-12-14 01:44:58 - [TEST_STEP][PASSED] - Statement - Break: null

2018-12-14 01:44:58 - [TEST_STEP][PASSED] - Statement - aDayBefore = <not implemented yet for class: org.codehaus.groovy.ast.expr.EmptyExpression>: null

2018-12-14 01:44:58 - [TEST_STEP][PASSED] - Statement - out.println(ConfAdder): null

2018-12-14 01:44:58 - [TEST_STEP][PASSED] - Statement - If (ConfAdder == true): null

2018-12-14 01:44:58 - [TEST_STEP][PASSED] - Statement - aDayBefore = CurrentDay + 1: null

2018-12-14 01:44:58 - [TEST_STEP][PASSED] - Statement - out.println(aDayBefore): null

2018-12-14 01:44:58 - [TEST_STEP][PASSED] - Statement - If (aDayBefore == 1 && CurrentMonth == 11): null

2018-12-14 01:44:58 - [TEST_STEP][PASSED] - Statement - DayBefore = aDayBefore.toString(): null

2018-12-14 01:44:58 - [TEST_STEP][PASSED] - Statement - OneDayBefore = DayBefore: null

2018-12-14 01:44:58 - [MESSAGE][PASSED] - Call Test Case 'Test Cases/Final Aug 2018 - PKS Automation/Registration Module/New Registration/Form 2/Date Updater' successfully

2018-12-14 01:44:58 - [TEST_STEP][PASSED] - delay: Delayed 2 second(s)

2018-12-14 01:45:00 - [MESSAGE][PASSED] - Delayed 2 second(s)

2018-12-14 01:45:00 - [TEST_STEP][PASSED] - setText: Text 'klotc2@gmail.com' is set on object 'Object Repository/Final Object Repo/Page_Update Add New Employee - ASSIST/Email TextBox'

2018-12-14 01:45:00 - [MESSAGE][PASSED] - Text 'klotc2@gmail.com' is set on object 'Object Repository/Final Object Repo/Page_Update Add New Employee - ASSIST/Email TextBox'

2018-12-14 01:45:00 - [TEST_STEP][PASSED] - click: Object: 'Object Repository/Final Object Repo/Page_Update Add New Employee - ASSIST/Next Button' is clicked on

2018-12-14 01:45:00 - [MESSAGE][PASSED] - Object: 'Object Repository/Final Object Repo/Page_Update Add New Employee - ASSIST/Next Button' is clicked on

2018-12-14 01:45:00 - [TEST_STEP][PASSED] - delay: Delayed 2 second(s)

2018-12-14 01:45:02 - [MESSAGE][PASSED] - Delayed 2 second(s)

2018-12-14 01:45:02 - [TEST_STEP][PASSED] - setText: Text 'Test1@3456789' is set on object 'Object Repository/Final Object Repo/Page_Update Add New Employee - ASSIST/Password TextBox'

2018-12-14 01:45:02 - [MESSAGE][PASSED] - Text 'Test1@3456789' is set on object 'Object Repository/Final Object Repo/Page_Update Add New Employee - ASSIST/Password TextBox'

2018-12-14 01:45:02 - [TEST_STEP][PASSED] - delay: Delayed 2 second(s)

2018-12-14 01:45:04 - [MESSAGE][PASSED] - Delayed 2 second(s)

2018-12-14 01:45:04 - [TEST_STEP][PASSED] - click: Object: 'Object Repository/Final Object Repo/Page_Update Add New Employee - ASSIST/Login Button' is clicked on

2018-12-14 01:45:05 - [MESSAGE][PASSED] - Object: 'Object Repository/Final Object Repo/Page_Update Add New Employee - ASSIST/Login Button' is clicked on

2018-12-14 01:45:05 - [TEST_STEP][PASSED] - delay: Delayed 4 second(s)

2018-12-14 01:45:09 - [MESSAGE][PASSED] - Delayed 4 second(s)

2018-12-14 01:45:09 - [TEST_STEP][PASSED] - Statement - Try: Delayed 2 second(s)

2018-12-14 01:45:09 - [TEST_STEP][PASSED] - Statement - Checker = false: null

2018-12-14 01:45:09 - [TEST_STEP][PASSED] - Statement - Checker = com.kms.katalon.core.webui.keyword.WebUiBuiltInKeywords.verifyElementHasAttribute(com.kms.katalon.core.testobject.ObjectRepository.findTestObject(Final Object Repo/Landing Page/BM Detecting), "href", 20, OPTIONAL): Object 'Object Repository/Final Object Repo/Landing Page/BM Detecting' has attribute 'href'

2018-12-14 01:45:09 - [MESSAGE][PASSED] - Object 'Object Repository/Final Object Repo/Landing Page/BM Detecting' has attribute 'href'

2018-12-14 01:45:09 - [TEST_STEP][PASSED] - Statement - out.println(Checker): null

2018-12-14 01:45:09 - [TEST_STEP][PASSED] - Statement - If (Checker == false): null

2018-12-14 01:45:09 - [TEST_STEP][PASSED] - Statement - Else: null

2018-12-14 01:45:09 - [TEST_STEP][PASSED] - delay: Delayed 2 second(s)

2018-12-14 01:45:11 - [MESSAGE][PASSED] - Delayed 2 second(s)

2018-12-14 01:45:11 - [TEST_STEP][PASSED] - delay: Delayed 4 second(s)

2018-12-14 01:45:15 - [MESSAGE][PASSED] - Delayed 4 second(s)

2018-12-14 01:45:15 - [TEST_STEP][PASSED] - click: Object: 'Object Repository/Final Object Repo/Page_Update Add New Employee - ASSIST/My Sites Drop Down' is clicked on

2018-12-14 01:45:15 - [MESSAGE][PASSED] - Object: 'Object Repository/Final Object Repo/Page_Update Add New Employee - ASSIST/My Sites Drop Down' is clicked on

2018-12-14 01:45:15 - [TEST_STEP][PASSED] - click: Object: 'Object Repository/Final Object Repo/Page_Update Add New Employee - ASSIST/Select to Registration Module' is clicked on

2018-12-14 01:45:16 - [MESSAGE][PASSED] - Object: 'Object Repository/Final Object Repo/Page_Update Add New Employee - ASSIST/Select to Registration Module' is clicked on

2018-12-14 01:45:16 - [TEST_STEP][PASSED] - navigateToUrl: Navigate to 'https://assist2-uat.perkeso.gov.my/web/registration/myassist' successfully

2018-12-14 01:45:16 - [MESSAGE][PASSED] - Navigate to 'https://assist2-uat.perkeso.gov.my/web/registration/myassist' successfully

2018-12-14 01:45:16 - [TEST_STEP][PASSED] - mouseOver: Object: 'Object Repository/Final Object Repo/Page_Update Add New Employee - ASSIST/Select to Update Akta 4 Tab' is hovered

2018-12-14 01:45:17 - [MESSAGE][PASSED] - Object: 'Object Repository/Final Object Repo/Page_Update Add New Employee - ASSIST/Select to Update Akta 4 Tab' is hovered

2018-12-14 01:45:17 - [TEST_STEP][PASSED] - delay: Delayed 2 second(s)

2018-12-14 01:45:19 - [MESSAGE][PASSED] - Delayed 2 second(s)

2018-12-14 01:45:19 - [TEST_STEP][PASSED] - click: Object: 'Object Repository/Final Object Repo/Page_Update Add New Employee - ASSIST/Select to Update Add New Employee' is clicked on

2018-12-14 01:45:19 - [MESSAGE][PASSED] - Object: 'Object Repository/Final Object Repo/Page_Update Add New Employee - ASSIST/Select to Update Add New Employee' is clicked on

2018-12-14 01:45:19 - [TEST_STEP][PASSED] - delay: Delayed 2 second(s)

2018-12-14 01:45:21 - [MESSAGE][PASSED] - Delayed 2 second(s)

2018-12-14 01:45:21 - [TEST_STEP][PASSED] - setText: Text 'E1102070881Y' is set on object 'Object Repository/Final Object Repo/Page_Update Add New Employee - ASSIST/Employer Code input textbox'

2018-12-14 01:45:22 - [MESSAGE][PASSED] - Text 'E1102070881Y' is set on object 'Object Repository/Final Object Repo/Page_Update Add New Employee - ASSIST/Employer Code input textbox'

2018-12-14 01:45:22 - [TEST_STEP][PASSED] - delay: Delayed 2 second(s)

2018-12-14 01:45:24 - [MESSAGE][PASSED] - Delayed 2 second(s)

2018-12-14 01:45:24 - [TEST_STEP][PASSED] - click: Object: 'Object Repository/Final Object Repo/Page_Update Add New Employee - ASSIST/Search Button for Employer Code' is clicked on

2018-12-14 01:45:24 - [MESSAGE][PASSED] - Object: 'Object Repository/Final Object Repo/Page_Update Add New Employee - ASSIST/Search Button for Employer Code' is clicked on

2018-12-14 01:45:24 - [TEST_STEP][PASSED] - delay: Delayed 4 second(s)

2018-12-14 01:45:28 - [MESSAGE][PASSED] - Delayed 4 second(s)

2018-12-14 01:45:28 - [TEST_STEP][PASSED] - click: Object: 'Object Repository/Final Object Repo/Page_Update Add New Employee - ASSIST/Click to Edit Case' is clicked on

2018-12-14 01:45:30 - [MESSAGE][PASSED] - Object: 'Object Repository/Final Object Repo/Page_Update Add New Employee - ASSIST/Click to Edit Case' is clicked on

2018-12-14 01:45:30 - [TEST_STEP][PASSED] - callTestCase: Call Test Case 'Test Cases/Final Aug 2018 - PKS Automation/Registration Module/Workflow/Update Add New Employee/Template/Employee Adding/Employee Set Decider' successfully

2018-12-14 01:45:30 - [TEST_CASE][PASSED] - Test Cases/Final Aug 2018 - PKS Automation/Registration Module/Workflow/Update Add New Employee/Template/Employee Adding/Employee Set Decider: Test Cases/Final Aug 2018 - PKS Automation/Registration Module/Workflow/Update Add New Employee/Template/Employee Adding/Employee Set Decider

2018-12-14 01:45:30 - [TEST_STEP][PASSED] - delay: Delayed 4 second(s)

2018-12-14 01:45:34 - [MESSAGE][PASSED] - Delayed 4 second(s)

2018-12-14 01:45:34 - [TEST_STEP][PASSED] - click: Object: 'Object Repository/Final Object Repo/Page_Update Add New Employee - ASSIST/Add Employee Button' is clicked on

2018-12-14 01:45:34 - [MESSAGE][PASSED] - Object: 'Object Repository/Final Object Repo/Page_Update Add New Employee - ASSIST/Add Employee Button' is clicked on

2018-12-14 01:45:34 - [TEST_STEP][PASSED] - delay: Delayed 3 second(s)

2018-12-14 01:45:37 - [MESSAGE][PASSED] - Delayed 3 second(s)

2018-12-14 01:45:37 - [TEST_STEP][PASSED] - setText: Text '010903091920' is set on object 'Object Repository/Final Object Repo/Page_Update Add New Employee - ASSIST/NRIC Input'

2018-12-14 01:45:38 - [MESSAGE][PASSED] - Text '010903091920' is set on object 'Object Repository/Final Object Repo/Page_Update Add New Employee - ASSIST/NRIC Input'

2018-12-14 01:45:38 - [TEST_STEP][PASSED] - click: Object: 'Object Repository/Final Object Repo/Page_Update Add New Employee - ASSIST/button for search for IC' is clicked on

2018-12-14 01:45:38 - [MESSAGE][PASSED] - Object: 'Object Repository/Final Object Repo/Page_Update Add New Employee - ASSIST/button for search for IC' is clicked on

2018-12-14 01:45:38 - [TEST_STEP][PASSED] - delay: Delayed 2 second(s)

2018-12-14 01:45:40 - [MESSAGE][PASSED] - Delayed 2 second(s)

2018-12-14 01:45:40 - [TEST_STEP][PASSED] - sendKeys: Keys 'CONTROL + a' sent to object: 'Object Repository/Final Object Repo/Page_Update Add New Employee - ASSIST/Employee Name Input'

2018-12-14 01:45:40 - [MESSAGE][PASSED] - Keys 'CONTROL + a' sent to object: 'Object Repository/Final Object Repo/Page_Update Add New Employee - ASSIST/Employee Name Input'

2018-12-14 01:45:40 - [TEST_STEP][PASSED] - sendKeys: Keys 'CONTROL + c' sent to object: 'Object Repository/Final Object Repo/Page_Update Add New Employee - ASSIST/Employee Name Input'

2018-12-14 01:45:40 - [MESSAGE][PASSED] - Keys 'CONTROL + c' sent to object: 'Object Repository/Final Object Repo/Page_Update Add New Employee - ASSIST/Employee Name Input'

2018-12-14 01:45:40 - [TEST_STEP][PASSED] - Statement - toolkit = java.awt.Toolkit.getDefaultToolkit(): null

2018-12-14 01:45:40 - [TEST_STEP][PASSED] - Statement - clipboard = toolkit.getSystemClipboard(): null

2018-12-14 01:45:40 - [TEST_STEP][PASSED] - Statement - CurrentName = clipboard.getData(stringFlavor): null

2018-12-14 01:45:40 - [TEST_STEP][PASSED] - Statement - out.println("String from Clipboard:" + CurrentName): null

2018-12-14 01:45:40 - [TEST_STEP][PASSED] - Statement - If (CurrentName == "AUTOMATE002 ELIGIBLE 1"): null

2018-12-14 01:45:40 - [TEST_STEP][PASSED] - Statement - Else If (CurrentName == "AUTOMATE003 ELIGIBLE 1"): Call Test Case 'Test Cases/Final Aug 2018 - PKS Automation/Registration Module/Workflow/Update Add New Employee/Template/Employee Adding/Employee Adding Action Repeat IC - set 2' successfully

2018-12-14 01:45:40 - [TEST_STEP][PASSED] - callTestCase: Call Test Case 'Test Cases/Final Aug 2018 - PKS Automation/Registration Module/Workflow/Update Add New Employee/Template/Employee Adding/Employee Adding Action Repeat IC - set 2' successfully

2018-12-14 01:45:40 - [TEST_CASE][PASSED] - Test Cases/Final Aug 2018 - PKS Automation/Registration Module/Workflow/Update Add New Employee/Template/Employee Adding/Employee Adding Action Repeat IC - set 2: Test Cases/Final Aug 2018 - PKS Automation/Registration Module/Workflow/Update Add New Employee/Template/Employee Adding/Employee Adding Action Repeat IC - set 2

2018-12-14 01:45:40 - [TEST_STEP][PASSED] - setText: Text 'Automate002 eligible 1' is set on object 'Object Repository/Final Object Repo/Page_Update Add New Employee - ASSIST/Employee Name Input'

2018-12-14 01:45:41 - [MESSAGE][PASSED] - Text 'Automate002 eligible 1' is set on object 'Object Repository/Final Object Repo/Page_Update Add New Employee - ASSIST/Employee Name Input'

2018-12-14 01:45:41 - [TEST_STEP][PASSED] - delay: Delayed 2 second(s)

2018-12-14 01:45:43 - [MESSAGE][PASSED] - Delayed 2 second(s)

2018-12-14 01:45:43 - [TEST_STEP][PASSED] - click: Object: 'Object Repository/Final Object Repo/Page_Update Add New Employee - ASSIST/DatePicker Pop Up' is clicked on

2018-12-14 01:45:43 - [MESSAGE][PASSED] - Object: 'Object Repository/Final Object Repo/Page_Update Add New Employee - ASSIST/DatePicker Pop Up' is clicked on

2018-12-14 01:45:43 - [TEST_STEP][PASSED] - click: Object: 'Object Repository/Final Object Repo/Page_Update Add New Employee - ASSIST/DOB Month' is clicked on

2018-12-14 01:45:43 - [MESSAGE][PASSED] - Object: 'Object Repository/Final Object Repo/Page_Update Add New Employee - ASSIST/DOB Month' is clicked on

2018-12-14 01:45:43 - [TEST_STEP][PASSED] - Statement - CurrentMonth = CurrentMonth: null

2018-12-14 01:45:43 - [TEST_STEP][PASSED] - Statement - selectMonth = new com.kms.katalon.core.testobject.TestObject(): null

2018-12-14 01:45:43 - [TEST_STEP][PASSED] - Statement - selectMonth.addProperty("xpath", EQUALS, "//body/div/div/div/select/option[@value='" + CurrentMonth + "']", true): null

2018-12-14 01:45:43 - [TEST_STEP][PASSED] - click: Object: '' is clicked on

2018-12-14 01:45:43 - [MESSAGE][PASSED] - Object: '' is clicked on

2018-12-14 01:45:43 - [TEST_STEP][PASSED] - click: Object: 'Object Repository/Final Object Repo/Page_Update Add New Employee - ASSIST/DOB Year' is clicked on

2018-12-14 01:45:44 - [MESSAGE][PASSED] - Object: 'Object Repository/Final Object Repo/Page_Update Add New Employee - ASSIST/DOB Year' is clicked on

2018-12-14 01:45:44 - [TEST_STEP][PASSED] - Statement - Eyearsbf = EighteenYrsBefore: null

2018-12-14 01:45:44 - [TEST_STEP][PASSED] - Statement - selectYear = new com.kms.katalon.core.testobject.TestObject(): null

2018-12-14 01:45:44 - [TEST_STEP][PASSED] - Statement - selectYear.addProperty("xpath", EQUALS, "//div/div/div/select/option[@value='" + Eyearsbf + "']", true): null

2018-12-14 01:45:44 - [TEST_STEP][PASSED] - click: Object: '' is clicked on

2018-12-14 01:45:44 - [MESSAGE][PASSED] - Object: '' is clicked on

2018-12-14 01:45:44 - [TEST_STEP][PASSED] - Statement - UpdatedSelectDate = com.kms.katalon.core.webui.keyword.WebUiBuiltInKeywords.modifyObjectProperty(com.kms.katalon.core.testobject.ObjectRepository.findTestObject(Final Object Repo/Page_Update Add New Employee - ASSIST/DOB Date), "xpath", "equals", "//body/div/table/tbody/tr/td/a[text()="" + CurrentDate + ""]", true): Modify property of object successfully

2018-12-14 01:45:44 - [MESSAGE][PASSED] - Modify property of object successfully

2018-12-14 01:45:44 - [TEST_STEP][PASSED] - delay: Delayed 3 second(s)

2018-12-14 01:45:47 - [MESSAGE][PASSED] - Delayed 3 second(s)

2018-12-14 01:45:47 - [TEST_STEP][PASSED] - click: Object: 'Object Repository/Final Object Repo/Page_Update Add New Employee - ASSIST/DOB Date' is clicked on

2018-12-14 01:45:47 - [MESSAGE][PASSED] - Object: 'Object Repository/Final Object Repo/Page_Update Add New Employee - ASSIST/DOB Date' is clicked on

2018-12-14 01:45:47 - [TEST_STEP][PASSED] - delay: Delayed 2 second(s)

2018-12-14 01:45:49 - [MESSAGE][PASSED] - Delayed 2 second(s)

2018-12-14 01:45:49 - [TEST_STEP][PASSED] - click: Object: 'Object Repository/Final Object Repo/Page_Update Add New Employee - ASSIST/EmploymentStartDate Pop Up' is clicked on

2018-12-14 01:45:49 - [MESSAGE][PASSED] - Object: 'Object Repository/Final Object Repo/Page_Update Add New Employee - ASSIST/EmploymentStartDate Pop Up' is clicked on

2018-12-14 01:45:49 - [TEST_STEP][PASSED] - delay: Delayed 2 second(s)

2018-12-14 01:45:51 - [MESSAGE][PASSED] - Delayed 2 second(s)

2018-12-14 01:45:51 - [TEST_STEP][PASSED] - click: Object: 'Object Repository/Final Object Repo/Page_Update Add New Employee - ASSIST/Socso Employment StartDate Month' is clicked on

2018-12-14 01:45:51 - [MESSAGE][PASSED] - Object: 'Object Repository/Final Object Repo/Page_Update Add New Employee - ASSIST/Socso Employment StartDate Month' is clicked on

2018-12-14 01:45:51 - [TEST_STEP][PASSED] - delay: Delayed 1 second(s)

2018-12-14 01:45:52 - [MESSAGE][PASSED] - Delayed 1 second(s)

2018-12-14 01:45:52 - [TEST_STEP][PASSED] - click: Object: 'Object Repository/Final Object Repo/Page_Update Add New Employee - ASSIST/Select Socso Employement Startdate Month' is clicked on

2018-12-14 01:45:52 - [MESSAGE][PASSED] - Object: 'Object Repository/Final Object Repo/Page_Update Add New Employee - ASSIST/Select Socso Employement Startdate Month' is clicked on

2018-12-14 01:45:52 - [TEST_STEP][PASSED] - delay: Delayed 2 second(s)

2018-12-14 01:45:54 - [MESSAGE][PASSED] - Delayed 2 second(s)

2018-12-14 01:45:54 - [TEST_STEP][PASSED] - click: Object: 'Object Repository/Final Object Repo/Page_Update Add New Employee - ASSIST/Socso Employment StartDate Year' is clicked on

2018-12-14 01:45:55 - [MESSAGE][PASSED] - Object: 'Object Repository/Final Object Repo/Page_Update Add New Employee - ASSIST/Socso Employment StartDate Year' is clicked on

2018-12-14 01:45:55 - [TEST_STEP][PASSED] - delay: Delayed 1 second(s)

2018-12-14 01:45:56 - [MESSAGE][PASSED] - Delayed 1 second(s)

2018-12-14 01:45:56 - [TEST_STEP][PASSED] - click: Object: 'Object Repository/Final Object Repo/Page_Update Add New Employee - ASSIST/Select Socso Employment Startdate Year' is clicked on

2018-12-14 01:45:56 - [MESSAGE][PASSED] - Object: 'Object Repository/Final Object Repo/Page_Update Add New Employee - ASSIST/Select Socso Employment Startdate Year' is clicked on

2018-12-14 01:45:56 - [TEST_STEP][PASSED] - delay: Delayed 2 second(s)

2018-12-14 01:45:58 - [MESSAGE][PASSED] - Delayed 2 second(s)

2018-12-14 01:45:58 - [TEST_STEP][PASSED] - click: Object: 'Object Repository/Final Object Repo/Page_Update Add New Employee - ASSIST/Socso Employment Start Date Day' is clicked on

2018-12-14 01:45:58 - [MESSAGE][PASSED] - Object: 'Object Repository/Final Object Repo/Page_Update Add New Employee - ASSIST/Socso Employment Start Date Day' is clicked on

2018-12-14 01:45:58 - [TEST_STEP][PASSED] - delay: Delayed 2 second(s)

2018-12-14 01:46:00 - [MESSAGE][PASSED] - Delayed 2 second(s)

2018-12-14 01:46:00 - [TEST_STEP][PASSED] - click: Object: 'Object Repository/Final Object Repo/Page_Update Add New Employee - ASSIST/Save Button for Add Employee' is clicked on

2018-12-14 01:46:00 - [MESSAGE][PASSED] - Object: 'Object Repository/Final Object Repo/Page_Update Add New Employee - ASSIST/Save Button for Add Employee' is clicked on

2018-12-14 01:46:00 - [TEST_STEP][PASSED] - delay: Delayed 10 second(s)

2018-12-14 01:46:10 - [MESSAGE][PASSED] - Delayed 10 second(s)

2018-12-14 01:46:10 - [TEST_STEP][PASSED] - click: Object: 'Object Repository/Final Object Repo/Page_Update Add New Employee - ASSIST/Add Employee Button' is clicked on

2018-12-14 01:46:10 - [MESSAGE][PASSED] - Object: 'Object Repository/Final Object Repo/Page_Update Add New Employee - ASSIST/Add Employee Button' is clicked on

2018-12-14 01:46:10 - [TEST_STEP][PASSED] - delay: Delayed 6 second(s)

2018-12-14 01:46:16 - [MESSAGE][PASSED] - Delayed 6 second(s)

2018-12-14 01:46:16 - [TEST_STEP][PASSED] - setText: Text '620904059600' is set on object 'Object Repository/Final Object Repo/Page_Update Add New Employee - ASSIST/NRIC Input'

2018-12-14 01:46:17 - [MESSAGE][PASSED] - Text '620904059600' is set on object 'Object Repository/Final Object Repo/Page_Update Add New Employee - ASSIST/NRIC Input'

2018-12-14 01:46:17 - [TEST_STEP][PASSED] - click: Object: 'Object Repository/Final Object Repo/Page_Update Add New Employee - ASSIST/button for search for IC' is clicked on

2018-12-14 01:46:17 - [MESSAGE][PASSED] - Object: 'Object Repository/Final Object Repo/Page_Update Add New Employee - ASSIST/button for search for IC' is clicked on

2018-12-14 01:46:17 - [TEST_STEP][PASSED] - delay: Delayed 2 second(s)

2018-12-14 01:46:19 - [MESSAGE][PASSED] - Delayed 2 second(s)

2018-12-14 01:46:19 - [TEST_STEP][PASSED] - setText: Text 'Automate002 eligible 2' is set on object 'Object Repository/Final Object Repo/Page_Update Add New Employee - ASSIST/Employee Name Input'

2018-12-14 01:46:19 - [MESSAGE][PASSED] - Text 'Automate002 eligible 2' is set on object 'Object Repository/Final Object Repo/Page_Update Add New Employee - ASSIST/Employee Name Input'

2018-12-14 01:46:19 - [TEST_STEP][PASSED] - delay: Delayed 2 second(s)

2018-12-14 01:46:21 - [MESSAGE][PASSED] - Delayed 2 second(s)

2018-12-14 01:46:21 - [TEST_STEP][PASSED] - click: Object: 'Object Repository/Final Object Repo/Page_Update Add New Employee - ASSIST/DatePicker Pop Up' is clicked on

2018-12-14 01:46:22 - [MESSAGE][PASSED] - Object: 'Object Repository/Final Object Repo/Page_Update Add New Employee - ASSIST/DatePicker Pop Up' is clicked on

2018-12-14 01:46:22 - [TEST_STEP][PASSED] - delay: Delayed 2 second(s)

2018-12-14 01:46:24 - [MESSAGE][PASSED] - Delayed 2 second(s)

2018-12-14 01:46:24 - [TEST_STEP][PASSED] - click: Object: 'Object Repository/Final Object Repo/Page_Update Add New Employee - ASSIST/DOB Month' is clicked on

2018-12-14 01:46:24 - [MESSAGE][PASSED] - Object: 'Object Repository/Final Object Repo/Page_Update Add New Employee - ASSIST/DOB Month' is clicked on

2018-12-14 01:46:24 - [TEST_STEP][PASSED] - Statement - selectMonth = com.kms.katalon.core.webui.keyword.WebUiBuiltInKeywords.modifyObjectProperty(selectMonth, "xpath", "equals", "//body/div/div/div/select/option[@value="" + CurrentMonth + ""]", true): Modify property of object successfully

2018-12-14 01:46:24 - [MESSAGE][PASSED] - Modify property of object successfully

2018-12-14 01:46:24 - [TEST_STEP][PASSED] - click: Object: '' is clicked on

2018-12-14 01:46:24 - [MESSAGE][PASSED] - Object: '' is clicked on

2018-12-14 01:46:24 - [TEST_STEP][PASSED] - click: Object: 'Object Repository/Final Object Repo/Page_Update Add New Employee - ASSIST/DOB Year' is clicked on

2018-12-14 01:46:24 - [MESSAGE][PASSED] - Object: 'Object Repository/Final Object Repo/Page_Update Add New Employee - ASSIST/DOB Year' is clicked on

2018-12-14 01:46:24 - [TEST_STEP][PASSED] - Statement - selectYear = com.kms.katalon.core.webui.keyword.WebUiBuiltInKeywords.modifyObjectProperty(selectYear, "xpath", "equals", "//div/div/div/select/option[@value="" + FiftysevenYrsBefore + ""]", true): Modify property of object successfully

2018-12-14 01:46:24 - [MESSAGE][PASSED] - Modify property of object successfully

2018-12-14 01:46:24 - [TEST_STEP][PASSED] - click: Object: '' is clicked on

2018-12-14 01:46:24 - [MESSAGE][PASSED] - Object: '' is clicked on

2018-12-14 01:46:24 - [TEST_STEP][PASSED] - Statement - UpdatedSelectDate = com.kms.katalon.core.webui.keyword.WebUiBuiltInKeywords.modifyObjectProperty(com.kms.katalon.core.testobject.ObjectRepository.findTestObject(Final Object Repo/Page_Update Add New Employee - ASSIST/DOB Date), "xpath", "equals", "//body/div/table/tbody/tr/td/a[text()="" + OneDayBefore + ""]", true): Modify property of object successfully

2018-12-14 01:46:24 - [MESSAGE][PASSED] - Modify property of object successfully

2018-12-14 01:46:24 - [TEST_STEP][PASSED] - click: Object: 'Object Repository/Final Object Repo/Page_Update Add New Employee - ASSIST/DOB Date' is clicked on

2018-12-14 01:46:24 - [MESSAGE][PASSED] - Object: 'Object Repository/Final Object Repo/Page_Update Add New Employee - ASSIST/DOB Date' is clicked on

2018-12-14 01:46:24 - [TEST_STEP][PASSED] - delay: Delayed 2 second(s)

2018-12-14 01:46:26 - [MESSAGE][PASSED] - Delayed 2 second(s)

2018-12-14 01:46:26 - [TEST_STEP][PASSED] - click: Object: 'Object Repository/Final Object Repo/Page_Update Add New Employee - ASSIST/EmploymentStartDate Pop Up' is clicked on

2018-12-14 01:46:27 - [MESSAGE][PASSED] - Object: 'Object Repository/Final Object Repo/Page_Update Add New Employee - ASSIST/EmploymentStartDate Pop Up' is clicked on

2018-12-14 01:46:27 - [TEST_STEP][PASSED] - delay: Delayed 2 second(s)

2018-12-14 01:46:29 - [MESSAGE][PASSED] - Delayed 2 second(s)

2018-12-14 01:46:29 - [TEST_STEP][PASSED] - click: Object: 'Object Repository/Final Object Repo/Page_Update Add New Employee - ASSIST/Socso Employment StartDate Month' is clicked on

2018-12-14 01:46:29 - [MESSAGE][PASSED] - Object: 'Object Repository/Final Object Repo/Page_Update Add New Employee - ASSIST/Socso Employment StartDate Month' is clicked on

2018-12-14 01:46:29 - [TEST_STEP][PASSED] - delay: Delayed 1 second(s)

2018-12-14 01:46:30 - [MESSAGE][PASSED] - Delayed 1 second(s)

2018-12-14 01:46:30 - [TEST_STEP][PASSED] - click: Object: 'Object Repository/Final Object Repo/Page_Update Add New Employee - ASSIST/Select Socso Employement Startdate Month' is clicked on

2018-12-14 01:46:30 - [MESSAGE][PASSED] - Object: 'Object Repository/Final Object Repo/Page_Update Add New Employee - ASSIST/Select Socso Employement Startdate Month' is clicked on

2018-12-14 01:46:30 - [TEST_STEP][PASSED] - delay: Delayed 2 second(s)

2018-12-14 01:46:32 - [MESSAGE][PASSED] - Delayed 2 second(s)

2018-12-14 01:46:32 - [TEST_STEP][PASSED] - click: Object: 'Object Repository/Final Object Repo/Page_Update Add New Employee - ASSIST/Socso Employment StartDate Year' is clicked on

2018-12-14 01:46:32 - [MESSAGE][PASSED] - Object: 'Object Repository/Final Object Repo/Page_Update Add New Employee - ASSIST/Socso Employment StartDate Year' is clicked on

2018-12-14 01:46:32 - [TEST_STEP][PASSED] - delay: Delayed 1 second(s)

2018-12-14 01:46:33 - [MESSAGE][PASSED] - Delayed 1 second(s)

2018-12-14 01:46:33 - [TEST_STEP][PASSED] - click: Object: 'Object Repository/Final Object Repo/Page_Update Add New Employee - ASSIST/Select Socso Employment Startdate Year' is clicked on

2018-12-14 01:46:33 - [MESSAGE][PASSED] - Object: 'Object Repository/Final Object Repo/Page_Update Add New Employee - ASSIST/Select Socso Employment Startdate Year' is clicked on

2018-12-14 01:46:33 - [TEST_STEP][PASSED] - delay: Delayed 2 second(s)

2018-12-14 01:46:35 - [MESSAGE][PASSED] - Delayed 2 second(s)

2018-12-14 01:46:35 - [TEST_STEP][PASSED] - click: Object: 'Object Repository/Final Object Repo/Page_Update Add New Employee - ASSIST/Socso Employment Start Date Day' is clicked on

2018-12-14 01:46:35 - [MESSAGE][PASSED] - Object: 'Object Repository/Final Object Repo/Page_Update Add New Employee - ASSIST/Socso Employment Start Date Day' is clicked on

2018-12-14 01:46:35 - [TEST_STEP][PASSED] - delay: Delayed 2 second(s)

2018-12-14 01:46:37 - [MESSAGE][PASSED] - Delayed 2 second(s)

2018-12-14 01:46:37 - [TEST_STEP][PASSED] - click: Object: 'Object Repository/Final Object Repo/Page_Update Add New Employee - ASSIST/Save Button for Add Employee' is clicked on

2018-12-14 01:46:38 - [MESSAGE][PASSED] - Object: 'Object Repository/Final Object Repo/Page_Update Add New Employee - ASSIST/Save Button for Add Employee' is clicked on

2018-12-14 01:46:38 - [TEST_STEP][PASSED] - delay: Delayed 5 second(s)

2018-12-14 01:46:43 - [MESSAGE][PASSED] - Delayed 5 second(s)

2018-12-14 01:46:43 - [TEST_STEP][PASSED] - waitForElementClickable: Object 'Object Repository/Final Object Repo/Page_Update Add New Employee - ASSIST/Add Employee Button' is clickable

2018-12-14 01:46:43 - [MESSAGE][PASSED] - Object 'Object Repository/Final Object Repo/Page_Update Add New Employee - ASSIST/Add Employee Button' is clickable

2018-12-14 01:46:43 - [TEST_STEP][PASSED] - click: Object: 'Object Repository/Final Object Repo/Page_Update Add New Employee - ASSIST/Add Employee Button' is clicked on

2018-12-14 01:46:43 - [MESSAGE][PASSED] - Object: 'Object Repository/Final Object Repo/Page_Update Add New Employee - ASSIST/Add Employee Button' is clicked on

2018-12-14 01:46:43 - [TEST_STEP][PASSED] - delay: Delayed 4 second(s)

2018-12-14 01:46:47 - [MESSAGE][PASSED] - Delayed 4 second(s)

2018-12-14 01:46:47 - [TEST_STEP][PASSED] - setText: Text '000209039100' is set on object 'Object Repository/Final Object Repo/Page_Update Add New Employee - ASSIST/NRIC Input'

2018-12-14 01:46:47 - [MESSAGE][PASSED] - Text '000209039100' is set on object 'Object Repository/Final Object Repo/Page_Update Add New Employee - ASSIST/NRIC Input'

2018-12-14 01:46:47 - [TEST_STEP][PASSED] - click: Object: 'Object Repository/Final Object Repo/Page_Update Add New Employee - ASSIST/button for search for IC' is clicked on

2018-12-14 01:46:47 - [MESSAGE][PASSED] - Object: 'Object Repository/Final Object Repo/Page_Update Add New Employee - ASSIST/button for search for IC' is clicked on

2018-12-14 01:46:47 - [TEST_STEP][PASSED] - delay: Delayed 2 second(s)

2018-12-14 01:46:49 - [MESSAGE][PASSED] - Delayed 2 second(s)

2018-12-14 01:46:49 - [TEST_STEP][PASSED] - setText: Text 'Automate002 not eligible 1' is set on object 'Object Repository/Final Object Repo/Page_Update Add New Employee - ASSIST/Employee Name Input'

2018-12-14 01:46:50 - [MESSAGE][PASSED] - Text 'Automate002 not eligible 1' is set on object 'Object Repository/Final Object Repo/Page_Update Add New Employee - ASSIST/Employee Name Input'

2018-12-14 01:46:50 - [TEST_STEP][PASSED] - delay: Delayed 2 second(s)

2018-12-14 01:46:52 - [MESSAGE][PASSED] - Delayed 2 second(s)

2018-12-14 01:46:52 - [TEST_STEP][PASSED] - click: Object: 'Object Repository/Final Object Repo/Page_Update Add New Employee - ASSIST/DatePicker Pop Up' is clicked on

2018-12-14 01:46:52 - [MESSAGE][PASSED] - Object: 'Object Repository/Final Object Repo/Page_Update Add New Employee - ASSIST/DatePicker Pop Up' is clicked on

2018-12-14 01:46:52 - [TEST_STEP][PASSED] - delay: Delayed 2 second(s)

2018-12-14 01:46:54 - [MESSAGE][PASSED] - Delayed 2 second(s)

2018-12-14 01:46:54 - [TEST_STEP][PASSED] - click: Object: 'Object Repository/Final Object Repo/Page_Update Add New Employee - ASSIST/DOB Month' is clicked on

2018-12-14 01:46:54 - [MESSAGE][PASSED] - Object: 'Object Repository/Final Object Repo/Page_Update Add New Employee - ASSIST/DOB Month' is clicked on

2018-12-14 01:46:54 - [TEST_STEP][PASSED] - Statement - selectMonth = com.kms.katalon.core.webui.keyword.WebUiBuiltInKeywords.modifyObjectProperty(selectMonth, "xpath", "equals", "//body/div/div/div/select/option[@value="" + CurrentMonth + ""]", true): Modify property of object successfully

2018-12-14 01:46:54 - [MESSAGE][PASSED] - Modify property of object successfully

2018-12-14 01:46:54 - [TEST_STEP][PASSED] - click: Object: '' is clicked on

2018-12-14 01:46:54 - [MESSAGE][PASSED] - Object: '' is clicked on

2018-12-14 01:46:54 - [TEST_STEP][PASSED] - click: Object: 'Object Repository/Final Object Repo/Page_Update Add New Employee - ASSIST/DOB Year' is clicked on

2018-12-14 01:46:55 - [MESSAGE][PASSED] - Object: 'Object Repository/Final Object Repo/Page_Update Add New Employee - ASSIST/DOB Year' is clicked on

2018-12-14 01:46:55 - [TEST_STEP][PASSED] - Statement - selectYear = com.kms.katalon.core.webui.keyword.WebUiBuiltInKeywords.modifyObjectProperty(selectYear, "xpath", "equals", "//div/div/div/select/option[@value="" + EighteenYrsBefore + ""]", true): Modify property of object successfully

2018-12-14 01:46:55 - [MESSAGE][PASSED] - Modify property of object successfully

2018-12-14 01:46:55 - [TEST_STEP][PASSED] - click: Object: '' is clicked on

2018-12-14 01:46:55 - [MESSAGE][PASSED] - Object: '' is clicked on

2018-12-14 01:46:55 - [TEST_STEP][PASSED] - Statement - UpdatedSelectDate = com.kms.katalon.core.webui.keyword.WebUiBuiltInKeywords.modifyObjectProperty(com.kms.katalon.core.testobject.ObjectRepository.findTestObject(Final Object Repo/Page_Update Add New Employee - ASSIST/DOB Date), "xpath", "equals", "//body/div/table/tbody/tr/td/a[text()="" + OneDayBefore + ""]", true): Modify property of object successfully

2018-12-14 01:46:55 - [MESSAGE][PASSED] - Modify property of object successfully

2018-12-14 01:46:55 - [TEST_STEP][PASSED] - click: Object: 'Object Repository/Final Object Repo/Page_Update Add New Employee - ASSIST/DOB Date' is clicked on

2018-12-14 01:46:55 - [MESSAGE][PASSED] - Object: 'Object Repository/Final Object Repo/Page_Update Add New Employee - ASSIST/DOB Date' is clicked on

2018-12-14 01:46:55 - [TEST_STEP][PASSED] - delay: Delayed 2 second(s)

2018-12-14 01:46:57 - [MESSAGE][PASSED] - Delayed 2 second(s)

2018-12-14 01:46:57 - [TEST_STEP][PASSED] - click: Object: 'Object Repository/Final Object Repo/Page_Update Add New Employee - ASSIST/EmploymentStartDate Pop Up' is clicked on

2018-12-14 01:46:57 - [MESSAGE][PASSED] - Object: 'Object Repository/Final Object Repo/Page_Update Add New Employee - ASSIST/EmploymentStartDate Pop Up' is clicked on

2018-12-14 01:46:57 - [TEST_STEP][PASSED] - delay: Delayed 2 second(s)

2018-12-14 01:46:59 - [MESSAGE][PASSED] - Delayed 2 second(s)

2018-12-14 01:46:59 - [TEST_STEP][PASSED] - click: Object: 'Object Repository/Final Object Repo/Page_Update Add New Employee - ASSIST/Socso Employment StartDate Month' is clicked on

2018-12-14 01:46:59 - [MESSAGE][PASSED] - Object: 'Object Repository/Final Object Repo/Page_Update Add New Employee - ASSIST/Socso Employment StartDate Month' is clicked on

2018-12-14 01:46:59 - [TEST_STEP][PASSED] - delay: Delayed 1 second(s)

2018-12-14 01:47:00 - [MESSAGE][PASSED] - Delayed 1 second(s)

2018-12-14 01:47:00 - [TEST_STEP][PASSED] - click: Object: 'Object Repository/Final Object Repo/Page_Update Add New Employee - ASSIST/Select Socso Employement Startdate Month' is clicked on

2018-12-14 01:47:00 - [MESSAGE][PASSED] - Object: 'Object Repository/Final Object Repo/Page_Update Add New Employee - ASSIST/Select Socso Employement Startdate Month' is clicked on

2018-12-14 01:47:00 - [TEST_STEP][PASSED] - delay: Delayed 2 second(s)

2018-12-14 01:47:02 - [MESSAGE][PASSED] - Delayed 2 second(s)

2018-12-14 01:47:02 - [TEST_STEP][PASSED] - click: Object: 'Object Repository/Final Object Repo/Page_Update Add New Employee - ASSIST/Socso Employment StartDate Year' is clicked on

2018-12-14 01:47:03 - [MESSAGE][PASSED] - Object: 'Object Repository/Final Object Repo/Page_Update Add New Employee - ASSIST/Socso Employment StartDate Year' is clicked on

2018-12-14 01:47:03 - [TEST_STEP][PASSED] - delay: Delayed 1 second(s)

2018-12-14 01:47:04 - [MESSAGE][PASSED] - Delayed 1 second(s)

2018-12-14 01:47:04 - [TEST_STEP][PASSED] - click: Object: 'Object Repository/Final Object Repo/Page_Update Add New Employee - ASSIST/Select Socso Employment Startdate Year' is clicked on

2018-12-14 01:47:04 - [MESSAGE][PASSED] - Object: 'Object Repository/Final Object Repo/Page_Update Add New Employee - ASSIST/Select Socso Employment Startdate Year' is clicked on

2018-12-14 01:47:04 - [TEST_STEP][PASSED] - delay: Delayed 2 second(s)

2018-12-14 01:47:06 - [MESSAGE][PASSED] - Delayed 2 second(s)

2018-12-14 01:47:06 - [TEST_STEP][PASSED] - click: Object: 'Object Repository/Final Object Repo/Page_Update Add New Employee - ASSIST/Socso Employment Start Date Day' is clicked on

2018-12-14 01:47:06 - [MESSAGE][PASSED] - Object: 'Object Repository/Final Object Repo/Page_Update Add New Employee - ASSIST/Socso Employment Start Date Day' is clicked on

2018-12-14 01:47:06 - [TEST_STEP][PASSED] - delay: Delayed 2 second(s)

2018-12-14 01:47:08 - [MESSAGE][PASSED] - Delayed 2 second(s)

2018-12-14 01:47:08 - [TEST_STEP][PASSED] - click: Object: 'Object Repository/Final Object Repo/Page_Update Add New Employee - ASSIST/Save Button for Add Employee' is clicked on

2018-12-14 01:47:08 - [MESSAGE][PASSED] - Object: 'Object Repository/Final Object Repo/Page_Update Add New Employee - ASSIST/Save Button for Add Employee' is clicked on

2018-12-14 01:47:08 - [TEST_STEP][PASSED] - delay: Delayed 20 second(s)

2018-12-14 01:47:28 - [MESSAGE][PASSED] - Delayed 20 second(s)

2018-12-14 01:47:28 - [TEST_STEP][PASSED] - click: Object: 'Object Repository/Final Object Repo/Page_Update Add New Employee - ASSIST/Add Employee Button' is clicked on

2018-12-14 01:47:28 - [MESSAGE][PASSED] - Object: 'Object Repository/Final Object Repo/Page_Update Add New Employee - ASSIST/Add Employee Button' is clicked on

2018-12-14 01:47:28 - [TEST_STEP][PASSED] - delay: Delayed 4 second(s)

2018-12-14 01:47:32 - [MESSAGE][PASSED] - Delayed 4 second(s)

2018-12-14 01:47:32 - [TEST_STEP][PASSED] - setText: Text '600203039104' is set on object 'Object Repository/Final Object Repo/Page_Update Add New Employee - ASSIST/NRIC Input'

2018-12-14 01:47:33 - [MESSAGE][PASSED] - Text '600203039104' is set on object 'Object Repository/Final Object Repo/Page_Update Add New Employee - ASSIST/NRIC Input'

2018-12-14 01:47:33 - [TEST_STEP][PASSED] - click: Object: 'Object Repository/Final Object Repo/Page_Update Add New Employee - ASSIST/button for search for IC' is clicked on

2018-12-14 01:47:33 - [MESSAGE][PASSED] - Object: 'Object Repository/Final Object Repo/Page_Update Add New Employee - ASSIST/button for search for IC' is clicked on

2018-12-14 01:47:33 - [TEST_STEP][PASSED] - delay: Delayed 2 second(s)

2018-12-14 01:47:35 - [MESSAGE][PASSED] - Delayed 2 second(s)

2018-12-14 01:47:35 - [TEST_STEP][PASSED] - setText: Text 'Automate002 not eligible 2' is set on object 'Object Repository/Final Object Repo/Page_Update Add New Employee - ASSIST/Employee Name Input'

2018-12-14 01:47:35 - [MESSAGE][PASSED] - Text 'Automate002 not eligible 2' is set on object 'Object Repository/Final Object Repo/Page_Update Add New Employee - ASSIST/Employee Name Input'

2018-12-14 01:47:35 - [TEST_STEP][PASSED] - delay: Delayed 2 second(s)

2018-12-14 01:47:37 - [MESSAGE][PASSED] - Delayed 2 second(s)

2018-12-14 01:47:37 - [TEST_STEP][PASSED] - click: Object: 'Object Repository/Final Object Repo/Page_Update Add New Employee - ASSIST/DatePicker Pop Up' is clicked on

2018-12-14 01:47:38 - [MESSAGE][PASSED] - Object: 'Object Repository/Final Object Repo/Page_Update Add New Employee - ASSIST/DatePicker Pop Up' is clicked on

2018-12-14 01:47:38 - [TEST_STEP][PASSED] - delay: Delayed 2 second(s)

2018-12-14 01:47:40 - [MESSAGE][PASSED] - Delayed 2 second(s)

2018-12-14 01:47:40 - [TEST_STEP][PASSED] - click: Object: 'Object Repository/Final Object Repo/Page_Update Add New Employee - ASSIST/DOB Month' is clicked on

2018-12-14 01:47:40 - [MESSAGE][PASSED] - Object: 'Object Repository/Final Object Repo/Page_Update Add New Employee - ASSIST/DOB Month' is clicked on

2018-12-14 01:47:40 - [TEST_STEP][PASSED] - Statement - selectMonth = com.kms.katalon.core.webui.keyword.WebUiBuiltInKeywords.modifyObjectProperty(selectMonth, "xpath", "equals", "//body/div/div/div/select/option[@value="" + CurrentMonth + ""]", true): Modify property of object successfully

2018-12-14 01:47:40 - [MESSAGE][PASSED] - Modify property of object successfully

2018-12-14 01:47:40 - [TEST_STEP][PASSED] - click: Object: '' is clicked on

2018-12-14 01:47:40 - [MESSAGE][PASSED] - Object: '' is clicked on

2018-12-14 01:47:40 - [TEST_STEP][PASSED] - click: Object: 'Object Repository/Final Object Repo/Page_Update Add New Employee - ASSIST/DOB Year' is clicked on

2018-12-14 01:47:40 - [MESSAGE][PASSED] - Object: 'Object Repository/Final Object Repo/Page_Update Add New Employee - ASSIST/DOB Year' is clicked on

2018-12-14 01:47:40 - [TEST_STEP][PASSED] - Statement - selectYear = com.kms.katalon.core.webui.keyword.WebUiBuiltInKeywords.modifyObjectProperty(selectYear, "xpath", "equals", "//div/div/div/select/option[@value="" + FiftysevenYrsBefore + ""]", true): Modify property of object successfully

2018-12-14 01:47:40 - [MESSAGE][PASSED] - Modify property of object successfully

2018-12-14 01:47:40 - [TEST_STEP][PASSED] - click: Object: '' is clicked on

2018-12-14 01:47:40 - [MESSAGE][PASSED] - Object: '' is clicked on

2018-12-14 01:47:40 - [TEST_STEP][PASSED] - Statement - UpdatedSelectDate = com.kms.katalon.core.webui.keyword.WebUiBuiltInKeywords.modifyObjectProperty(com.kms.katalon.core.testobject.ObjectRepository.findTestObject(Final Object Repo/Page_Update Add New Employee - ASSIST/DOB Date), "xpath", "equals", "//body/div/table/tbody/tr/td/a[text()="" + CurrentDate + ""]", true): Modify property of object successfully

2018-12-14 01:47:40 - [MESSAGE][PASSED] - Modify property of object successfully

2018-12-14 01:47:40 - [TEST_STEP][PASSED] - click: Object: 'Object Repository/Final Object Repo/Page_Update Add New Employee - ASSIST/DOB Date' is clicked on

2018-12-14 01:47:40 - [MESSAGE][PASSED] - Object: 'Object Repository/Final Object Repo/Page_Update Add New Employee - ASSIST/DOB Date' is clicked on

2018-12-14 01:47:40 - [TEST_STEP][PASSED] - click: Object: 'Object Repository/Final Object Repo/Page_Update Add New Employee - ASSIST/EmploymentStartDate Pop Up' is clicked on

2018-12-14 01:47:41 - [MESSAGE][PASSED] - Object: 'Object Repository/Final Object Repo/Page_Update Add New Employee - ASSIST/EmploymentStartDate Pop Up' is clicked on

2018-12-14 01:47:41 - [TEST_STEP][PASSED] - delay: Delayed 2 second(s)

2018-12-14 01:47:43 - [MESSAGE][PASSED] - Delayed 2 second(s)

2018-12-14 01:47:43 - [TEST_STEP][PASSED] - click: Object: 'Object Repository/Final Object Repo/Page_Update Add New Employee - ASSIST/Socso Employment StartDate Month' is clicked on

2018-12-14 01:47:43 - [MESSAGE][PASSED] - Object: 'Object Repository/Final Object Repo/Page_Update Add New Employee - ASSIST/Socso Employment StartDate Month' is clicked on

2018-12-14 01:47:43 - [TEST_STEP][PASSED] - delay: Delayed 1 second(s)

2018-12-14 01:47:44 - [MESSAGE][PASSED] - Delayed 1 second(s)

2018-12-14 01:47:44 - [TEST_STEP][PASSED] - click: Object: 'Object Repository/Final Object Repo/Page_Update Add New Employee - ASSIST/Select Socso Employement Startdate Month' is clicked on

2018-12-14 01:47:44 - [MESSAGE][PASSED] - Object: 'Object Repository/Final Object Repo/Page_Update Add New Employee - ASSIST/Select Socso Employement Startdate Month' is clicked on

2018-12-14 01:47:44 - [TEST_STEP][PASSED] - delay: Delayed 2 second(s)

2018-12-14 01:47:46 - [MESSAGE][PASSED] - Delayed 2 second(s)

2018-12-14 01:47:46 - [TEST_STEP][PASSED] - click: Object: 'Object Repository/Final Object Repo/Page_Update Add New Employee - ASSIST/Socso Employment StartDate Year' is clicked on

2018-12-14 01:47:46 - [MESSAGE][PASSED] - Object: 'Object Repository/Final Object Repo/Page_Update Add New Employee - ASSIST/Socso Employment StartDate Year' is clicked on

2018-12-14 01:47:46 - [TEST_STEP][PASSED] - delay: Delayed 1 second(s)

2018-12-14 01:47:47 - [MESSAGE][PASSED] - Delayed 1 second(s)

2018-12-14 01:47:47 - [TEST_STEP][PASSED] - click: Object: 'Object Repository/Final Object Repo/Page_Update Add New Employee - ASSIST/Select Socso Employment Startdate Year' is clicked on

2018-12-14 01:47:47 - [MESSAGE][PASSED] - Object: 'Object Repository/Final Object Repo/Page_Update Add New Employee - ASSIST/Select Socso Employment Startdate Year' is clicked on

2018-12-14 01:47:47 - [TEST_STEP][PASSED] - delay: Delayed 2 second(s)

2018-12-14 01:47:49 - [MESSAGE][PASSED] - Delayed 2 second(s)

2018-12-14 01:47:49 - [TEST_STEP][PASSED] - click: Object: 'Object Repository/Final Object Repo/Page_Update Add New Employee - ASSIST/Socso Employment Start Date Day' is clicked on

2018-12-14 01:47:49 - [MESSAGE][PASSED] - Object: 'Object Repository/Final Object Repo/Page_Update Add New Employee - ASSIST/Socso Employment Start Date Day' is clicked on

2018-12-14 01:47:49 - [TEST_STEP][PASSED] - delay: Delayed 2 second(s)

2018-12-14 01:47:51 - [MESSAGE][PASSED] - Delayed 2 second(s)

2018-12-14 01:47:51 - [TEST_STEP][PASSED] - click: Object: 'Object Repository/Final Object Repo/Page_Update Add New Employee - ASSIST/Save Button for Add Employee' is clicked on

2018-12-14 01:47:52 - [MESSAGE][PASSED] - Object: 'Object Repository/Final Object Repo/Page_Update Add New Employee - ASSIST/Save Button for Add Employee' is clicked on

2018-12-14 01:47:52 - [MESSAGE][PASSED] - Call Test Case 'Test Cases/Final Aug 2018 - PKS Automation/Registration Module/Workflow/Update Add New Employee/Template/Employee Adding/Employee Adding Action Repeat IC - set 2' successfully

2018-12-14 01:47:52 - [MESSAGE][PASSED] - Call Test Case 'Test Cases/Final Aug 2018 - PKS Automation/Registration Module/Workflow/Update Add New Employee/Template/Employee Adding/Employee Set Decider' successfully

2018-12-14 01:47:52 - [TEST_STEP][PASSED] - delay: Delayed 4 second(s)

2018-12-14 01:47:56 - [MESSAGE][PASSED] - Delayed 4 second(s)

2018-12-14 01:47:56 - [TEST_STEP][PASSED] - Statement - CaseReferenceNo = com.kms.katalon.core.webui.keyword.WebUiBuiltInKeywords.getText(com.kms.katalon.core.testobject.ObjectRepository.findTestObject(Final Object Repo/Page_Update Add New Employee - ASSIST/RefNo)): Text of object 'Object Repository/Final Object Repo/Page_Update Add New Employee - ASSIST/RefNo' is: 'CAN12201800002353'

2018-12-14 01:47:56 - [MESSAGE][PASSED] - Text of object 'Object Repository/Final Object Repo/Page_Update Add New Employee - ASSIST/RefNo' is: 'CAN12201800002353'

2018-12-14 01:47:56 - [TEST_STEP][PASSED] - callTestCase: Call Test Case 'Test Cases/Final Aug 2018 - PKS Automation/Common/Reference Number Setter' successfully

2018-12-14 01:47:56 - [TEST_CASE][PASSED] - Test Cases/Final Aug 2018 - PKS Automation/Common/Reference Number Setter: Test Cases/Final Aug 2018 - PKS Automation/Common/Reference Number Setter

2018-12-14 01:47:56 - [TEST_STEP][PASSED] - Statement - RefNoOldFile = new java.io.File(C://Users//Admin//Desktop//PKS//Automation Reference Point//KatalonReference.txt): null

2018-12-14 01:47:56 - [TEST_STEP][PASSED] - Statement - RefNoOldFile.delete(): null

2018-12-14 01:47:56 - [TEST_STEP][PASSED] - delay: Delayed 5 second(s)

2018-12-14 01:48:01 - [MESSAGE][PASSED] - Delayed 5 second(s)

2018-12-14 01:48:01 - [TEST_STEP][PASSED] - Statement - RefNo = new java.io.File(C://Users//Admin//Desktop//PKS//Automation Reference Point//KatalonReference.txt): null

2018-12-14 01:48:01 - [TEST_STEP][PASSED] - Statement - f2 = new java.io.FileWriter(RefNo, false): null

2018-12-14 01:48:01 - [TEST_STEP][PASSED] - Statement - f2.write(CaseReferenceNo): null

2018-12-14 01:48:01 - [TEST_STEP][PASSED] - Statement - f2.close(): null

2018-12-14 01:48:01 - [TEST_STEP][PASSED] - Statement - out.println("


" + CaseReferenceNo + "


"): null

2018-12-14 01:48:01 - [MESSAGE][PASSED] - Call Test Case 'Test Cases/Final Aug 2018 - PKS Automation/Common/Reference Number Setter' successfully

2018-12-14 01:48:01 - [TEST_STEP][PASSED] - delay: Delayed 5 second(s)

2018-12-14 01:48:06 - [MESSAGE][PASSED] - Delayed 5 second(s)

2018-12-14 01:48:06 - [TEST_STEP][PASSED] - click: Object: 'Object Repository/Final Object Repo/Page_Update Add New Employee - ASSIST/Incomplete Checkbox' is clicked on

2018-12-14 01:48:06 - [MESSAGE][PASSED] - Object: 'Object Repository/Final Object Repo/Page_Update Add New Employee - ASSIST/Incomplete Checkbox' is clicked on

2018-12-14 01:48:06 - [TEST_STEP][PASSED] - delay: Delayed 5 second(s)

2018-12-14 01:48:11 - [MESSAGE][PASSED] - Delayed 5 second(s)

2018-12-14 01:48:11 - [TEST_STEP][PASSED] - click: Object: 'Object Repository/Final Object Repo/Page_Update Add New Employee - ASSIST/Save  Continue Button' is clicked on

2018-12-14 01:48:11 - [MESSAGE][PASSED] - Object: 'Object Repository/Final Object Repo/Page_Update Add New Employee - ASSIST/Save  Continue Button' is clicked on

2018-12-14 01:48:11 - [TEST_STEP][PASSED] - delay: Delayed 6 second(s)

2018-12-14 01:48:17 - [MESSAGE][PASSED] - Delayed 6 second(s)

2018-12-14 01:48:17 - [TEST_STEP][PASSED] - click: Object: 'Object Repository/Final Object Repo/Page_Update Add New Employee - ASSIST/Save  Continue Third Screen' is clicked on

2018-12-14 01:48:20 - [MESSAGE][PASSED] - Object: 'Object Repository/Final Object Repo/Page_Update Add New Employee - ASSIST/Save  Continue Third Screen' is clicked on

2018-12-14 01:48:20 - [TEST_STEP][PASSED] - delay: Delayed 4 second(s)

2018-12-14 01:48:24 - [MESSAGE][PASSED] - Delayed 4 second(s)

2018-12-14 01:48:24 - [TEST_STEP][PASSED] - click: Object: 'Object Repository/Final Object Repo/Page_Update Add New Employee - ASSIST/Save   Continue Supporting Doc Page' is clicked on

2018-12-14 01:48:24 - [MESSAGE][PASSED] - Object: 'Object Repository/Final Object Repo/Page_Update Add New Employee - ASSIST/Save   Continue Supporting Doc Page' is clicked on

2018-12-14 01:48:24 - [TEST_STEP][PASSED] - delay: Delayed 4 second(s)

2018-12-14 01:48:28 - [MESSAGE][PASSED] - Delayed 4 second(s)

2018-12-14 01:48:28 - [TEST_STEP][PASSED] - click: Object: 'Object Repository/Final Object Repo/Page_Update Add New Employee - ASSIST/Submit Button' is clicked on

2018-12-14 01:48:28 - [MESSAGE][PASSED] - Object: 'Object Repository/Final Object Repo/Page_Update Add New Employee - ASSIST/Submit Button' is clicked on

2018-12-14 01:48:28 - [TEST_STEP][PASSED] - delay: Delayed 4 second(s)

2018-12-14 01:48:32 - [MESSAGE][PASSED] - Delayed 4 second(s)

2018-12-14 01:48:32 - [TEST_STEP][PASSED] - click: Object: 'Object Repository/Final Object Repo/Page_Update Add New Employee - ASSIST/Confirm Submit Button' is clicked on

2018-12-14 01:48:33 - [MESSAGE][PASSED] - Object: 'Object Repository/Final Object Repo/Page_Update Add New Employee - ASSIST/Confirm Submit Button' is clicked on

2018-12-14 01:48:33 - [TEST_STEP][PASSED] - delay: Delayed 30 second(s)

2018-12-14 01:49:03 - [MESSAGE][PASSED] - Delayed 30 second(s)

2018-12-14 01:49:03 - [TEST_STEP][PASSED] - callTestCase: Call Test Case 'Test Cases/Final Aug 2018 - PKS Automation/Common/Screenshoting tool' successfully

2018-12-14 01:49:03 - [TEST_CASE][PASSED] - Test Cases/Final Aug 2018 - PKS Automation/Common/Screenshoting tool: Test Cases/Final Aug 2018 - PKS Automation/Common/Screenshoting tool

2018-12-14 01:49:03 - [TEST_STEP][PASSED] - delay: Delayed 15 second(s)

2018-12-14 01:49:18 - [MESSAGE][PASSED] - Delayed 15 second(s)

2018-12-14 01:49:18 - [TEST_STEP][PASSED] - Statement - driver = com.kms.katalon.core.webui.driver.DriverFactory.getWebDriver(): null

2018-12-14 01:49:18 - [TEST_STEP][PASSED] - Statement - driver.manage().timeouts().implicitlyWait(10, SECONDS): null

2018-12-14 01:49:18 - [TEST_STEP][PASSED] - Statement - PresavePath = KatalonScreenshots: null

2018-12-14 01:49:18 - [TEST_STEP][PASSED] - Statement - pathPrefix = "C:\Users\Public\Pictures\Sample Pictures\Katalon Screenshots\Automate Ending Screen": null

2018-12-14 01:49:18 - [TEST_STEP][PASSED] - Statement - finalPath = <not implemented yet for class: org.codehaus.groovy.ast.expr.EmptyExpression>: null

2018-12-14 01:49:18 - [TEST_STEP][PASSED] - Statement - scrFile = driver.getScreenshotAs(FILE): null

2018-12-14 01:49:18 - [TEST_STEP][PASSED] - Statement - PreSaveFile = new java.io.File(PresavePath): null

2018-12-14 01:49:18 - [TEST_STEP][PASSED] - Statement - counter = 0: null

2018-12-14 01:49:18 - [TEST_STEP][PASSED] - Statement - If (PreSaveFile.exists()): null

2018-12-14 01:49:18 - [TEST_STEP][PASSED] - Statement - While (PreSaveFile.exists()): null

2018-12-14 01:49:18 - [TEST_STEP][PASSED] - Statement - counter = counter + 1: null

2018-12-14 01:49:18 - [TEST_STEP][PASSED] - Statement - PreSaveFile = new java.io.File(((pathPrefix + java.lang.Integer.toString(counter)) + .png)): null

2018-12-14 01:49:18 - [TEST_STEP][PASSED] - Statement - counter = counter + 1: null

2018-12-14 01:49:18 - [TEST_STEP][PASSED] - Statement - PreSaveFile = new java.io.File(((pathPrefix + java.lang.Integer.toString(counter)) + .png)): null

2018-12-14 01:49:18 - [TEST_STEP][PASSED] - Statement - counter = counter + 1: null

2018-12-14 01:49:18 - [TEST_STEP][PASSED] - Statement - PreSaveFile = new java.io.File(((pathPrefix + java.lang.Integer.toString(counter)) + .png)): null

2018-12-14 01:49:18 - [TEST_STEP][PASSED] - Statement - counter = counter + 1: null

2018-12-14 01:49:18 - [TEST_STEP][PASSED] - Statement - PreSaveFile = new java.io.File(((pathPrefix + java.lang.Integer.toString(counter)) + .png)): null

2018-12-14 01:49:18 - [TEST_STEP][PASSED] - Statement - counter = counter + 1: null

2018-12-14 01:49:18 - [TEST_STEP][PASSED] - Statement - PreSaveFile = new java.io.File(((pathPrefix + java.lang.Integer.toString(counter)) + .png)): null

2018-12-14 01:49:18 - [TEST_STEP][PASSED] - Statement - counter = counter + 1: null

2018-12-14 01:49:18 - [TEST_STEP][PASSED] - Statement - PreSaveFile = new java.io.File(((pathPrefix + java.lang.Integer.toString(counter)) + .png)): null

2018-12-14 01:49:18 - [TEST_STEP][PASSED] - Statement - counter = counter + 1: null

2018-12-14 01:49:18 - [TEST_STEP][PASSED] - Statement - PreSaveFile = new java.io.File(((pathPrefix + java.lang.Integer.toString(counter)) + .png)): null

2018-12-14 01:49:18 - [TEST_STEP][PASSED] - Statement - counter = counter + 1: null

2018-12-14 01:49:18 - [TEST_STEP][PASSED] - Statement - PreSaveFile = new java.io.File(((pathPrefix + java.lang.Integer.toString(counter)) + .png)): null

2018-12-14 01:49:18 - [TEST_STEP][PASSED] - Statement - counter = counter + 1: null

2018-12-14 01:49:18 - [TEST_STEP][PASSED] - Statement - PreSaveFile = new java.io.File(((pathPrefix + java.lang.Integer.toString(counter)) + .png)): null

2018-12-14 01:49:18 - [TEST_STEP][PASSED] - Statement - counter = counter + 1: null

2018-12-14 01:49:18 - [TEST_STEP][PASSED] - Statement - PreSaveFile = new java.io.File(((pathPrefix + java.lang.Integer.toString(counter)) + .png)): null

2018-12-14 01:49:18 - [TEST_STEP][PASSED] - Statement - counter = counter + 1: null

2018-12-14 01:49:18 - [TEST_STEP][PASSED] - Statement - PreSaveFile = new java.io.File(((pathPrefix + java.lang.Integer.toString(counter)) + .png)): null

2018-12-14 01:49:18 - [TEST_STEP][PASSED] - Statement - counter = counter + 1: null

2018-12-14 01:49:18 - [TEST_STEP][PASSED] - Statement - PreSaveFile = new java.io.File(((pathPrefix + java.lang.Integer.toString(counter)) + .png)): null

2018-12-14 01:49:18 - [TEST_STEP][PASSED] - Statement - counter = counter + 1: null

2018-12-14 01:49:18 - [TEST_STEP][PASSED] - Statement - PreSaveFile = new java.io.File(((pathPrefix + java.lang.Integer.toString(counter)) + .png)): null

2018-12-14 01:49:18 - [TEST_STEP][PASSED] - Statement - counter = counter + 1: null

2018-12-14 01:49:18 - [TEST_STEP][PASSED] - Statement - PreSaveFile = new java.io.File(((pathPrefix + java.lang.Integer.toString(counter)) + .png)): null

2018-12-14 01:49:18 - [TEST_STEP][PASSED] - Statement - counter = counter + 1: null

2018-12-14 01:49:18 - [TEST_STEP][PASSED] - Statement - PreSaveFile = new java.io.File(((pathPrefix + java.lang.Integer.toString(counter)) + .png)): null

2018-12-14 01:49:18 - [TEST_STEP][PASSED] - Statement - counter = counter + 1: null

2018-12-14 01:49:18 - [TEST_STEP][PASSED] - Statement - PreSaveFile = new java.io.File(((pathPrefix + java.lang.Integer.toString(counter)) + .png)): null

2018-12-14 01:49:18 - [TEST_STEP][PASSED] - Statement - counter = counter + 1: null

2018-12-14 01:49:18 - [TEST_STEP][PASSED] - Statement - PreSaveFile = new java.io.File(((pathPrefix + java.lang.Integer.toString(counter)) + .png)): null

2018-12-14 01:49:18 - [TEST_STEP][PASSED] - Statement - counter = counter + 1: null

2018-12-14 01:49:18 - [TEST_STEP][PASSED] - Statement - PreSaveFile = new java.io.File(((pathPrefix + java.lang.Integer.toString(counter)) + .png)): null

2018-12-14 01:49:18 - [TEST_STEP][PASSED] - Statement - counter = counter + 1: null

2018-12-14 01:49:18 - [TEST_STEP][PASSED] - Statement - PreSaveFile = new java.io.File(((pathPrefix + java.lang.Integer.toString(counter)) + .png)): null

2018-12-14 01:49:18 - [TEST_STEP][PASSED] - Statement - counter = counter + 1: null

2018-12-14 01:49:18 - [TEST_STEP][PASSED] - Statement - PreSaveFile = new java.io.File(((pathPrefix + java.lang.Integer.toString(counter)) + .png)): null

2018-12-14 01:49:18 - [TEST_STEP][PASSED] - Statement - counter = counter + 1: null

2018-12-14 01:49:18 - [TEST_STEP][PASSED] - Statement - PreSaveFile = new java.io.File(((pathPrefix + java.lang.Integer.toString(counter)) + .png)): null

2018-12-14 01:49:18 - [TEST_STEP][PASSED] - Statement - counter = counter + 1: null

2018-12-14 01:49:18 - [TEST_STEP][PASSED] - Statement - PreSaveFile = new java.io.File(((pathPrefix + java.lang.Integer.toString(counter)) + .png)): null

2018-12-14 01:49:18 - [TEST_STEP][PASSED] - Statement - counter = counter + 1: null

2018-12-14 01:49:18 - [TEST_STEP][PASSED] - Statement - PreSaveFile = new java.io.File(((pathPrefix + java.lang.Integer.toString(counter)) + .png)): null

2018-12-14 01:49:18 - [TEST_STEP][PASSED] - Statement - counter = counter + 1: null

2018-12-14 01:49:18 - [TEST_STEP][PASSED] - Statement - PreSaveFile = new java.io.File(((pathPrefix + java.lang.Integer.toString(counter)) + .png)): null

2018-12-14 01:49:18 - [TEST_STEP][PASSED] - Statement - counter = counter + 1: null

2018-12-14 01:49:18 - [TEST_STEP][PASSED] - Statement - PreSaveFile = new java.io.File(((pathPrefix + java.lang.Integer.toString(counter)) + .png)): null

2018-12-14 01:49:18 - [TEST_STEP][PASSED] - Statement - counter = counter + 1: null

2018-12-14 01:49:18 - [TEST_STEP][PASSED] - Statement - PreSaveFile = new java.io.File(((pathPrefix + java.lang.Integer.toString(counter)) + .png)): null

2018-12-14 01:49:18 - [TEST_STEP][PASSED] - Statement - counter = counter + 1: null

2018-12-14 01:49:18 - [TEST_STEP][PASSED] - Statement - PreSaveFile = new java.io.File(((pathPrefix + java.lang.Integer.toString(counter)) + .png)): null

2018-12-14 01:49:18 - [TEST_STEP][PASSED] - Statement - counter = counter + 1: null

2018-12-14 01:49:18 - [TEST_STEP][PASSED] - Statement - PreSaveFile = new java.io.File(((pathPrefix + java.lang.Integer.toString(counter)) + .png)): null

2018-12-14 01:49:18 - [TEST_STEP][PASSED] - Statement - counter = counter + 1: null

2018-12-14 01:49:18 - [TEST_STEP][PASSED] - Statement - PreSaveFile = new java.io.File(((pathPrefix + java.lang.Integer.toString(counter)) + .png)): null

2018-12-14 01:49:18 - [TEST_STEP][PASSED] - Statement - counter = counter + 1: null

2018-12-14 01:49:18 - [TEST_STEP][PASSED] - Statement - PreSaveFile = new java.io.File(((pathPrefix + java.lang.Integer.toString(counter)) + .png)): null

2018-12-14 01:49:18 - [TEST_STEP][PASSED] - Statement - counter = counter + 1: null

2018-12-14 01:49:18 - [TEST_STEP][PASSED] - Statement - PreSaveFile = new java.io.File(((pathPrefix + java.lang.Integer.toString(counter)) + .png)): null

2018-12-14 01:49:18 - [TEST_STEP][PASSED] - Statement - counter = counter + 1: null

2018-12-14 01:49:18 - [TEST_STEP][PASSED] - Statement - PreSaveFile = new java.io.File(((pathPrefix + java.lang.Integer.toString(counter)) + .png)): null

2018-12-14 01:49:18 - [TEST_STEP][PASSED] - Statement - counter = counter + 1: null

2018-12-14 01:49:18 - [TEST_STEP][PASSED] - Statement - PreSaveFile = new java.io.File(((pathPrefix + java.lang.Integer.toString(counter)) + .png)): null

2018-12-14 01:49:18 - [TEST_STEP][PASSED] - Statement - counter = counter + 1: null

2018-12-14 01:49:18 - [TEST_STEP][PASSED] - Statement - PreSaveFile = new java.io.File(((pathPrefix + java.lang.Integer.toString(counter)) + .png)): null

2018-12-14 01:49:18 - [TEST_STEP][PASSED] - Statement - counter = counter + 1: null

2018-12-14 01:49:18 - [TEST_STEP][PASSED] - Statement - PreSaveFile = new java.io.File(((pathPrefix + java.lang.Integer.toString(counter)) + .png)): null

2018-12-14 01:49:18 - [TEST_STEP][PASSED] - Statement - counter = counter + 1: null

2018-12-14 01:49:18 - [TEST_STEP][PASSED] - Statement - PreSaveFile = new java.io.File(((pathPrefix + java.lang.Integer.toString(counter)) + .png)): null

2018-12-14 01:49:18 - [TEST_STEP][PASSED] - Statement - counter = counter + 1: null

2018-12-14 01:49:18 - [TEST_STEP][PASSED] - Statement - PreSaveFile = new java.io.File(((pathPrefix + java.lang.Integer.toString(counter)) + .png)): null

2018-12-14 01:49:18 - [TEST_STEP][PASSED] - Statement - counter = counter + 1: null

2018-12-14 01:49:18 - [TEST_STEP][PASSED] - Statement - PreSaveFile = new java.io.File(((pathPrefix + java.lang.Integer.toString(counter)) + .png)): null

2018-12-14 01:49:18 - [TEST_STEP][PASSED] - Statement - counter = counter + 1: null

2018-12-14 01:49:18 - [TEST_STEP][PASSED] - Statement - PreSaveFile = new java.io.File(((pathPrefix + java.lang.Integer.toString(counter)) + .png)): null

2018-12-14 01:49:18 - [TEST_STEP][PASSED] - Statement - counter = counter + 1: null

2018-12-14 01:49:18 - [TEST_STEP][PASSED] - Statement - PreSaveFile = new java.io.File(((pathPrefix + java.lang.Integer.toString(counter)) + .png)): null

2018-12-14 01:49:18 - [TEST_STEP][PASSED] - Statement - counter = counter + 1: null

2018-12-14 01:49:18 - [TEST_STEP][PASSED] - Statement - PreSaveFile = new java.io.File(((pathPrefix + java.lang.Integer.toString(counter)) + .png)): null

2018-12-14 01:49:18 - [TEST_STEP][PASSED] - Statement - counter = counter + 1: null

2018-12-14 01:49:18 - [TEST_STEP][PASSED] - Statement - PreSaveFile = new java.io.File(((pathPrefix + java.lang.Integer.toString(counter)) + .png)): null

2018-12-14 01:49:18 - [TEST_STEP][PASSED] - Statement - counter = counter + 1: null

2018-12-14 01:49:18 - [TEST_STEP][PASSED] - Statement - PreSaveFile = new java.io.File(((pathPrefix + java.lang.Integer.toString(counter)) + .png)): null

2018-12-14 01:49:18 - [TEST_STEP][PASSED] - Statement - counter = counter + 1: null

2018-12-14 01:49:18 - [TEST_STEP][PASSED] - Statement - PreSaveFile = new java.io.File(((pathPrefix + java.lang.Integer.toString(counter)) + .png)): null

2018-12-14 01:49:18 - [TEST_STEP][PASSED] - Statement - counter = counter + 1: null

2018-12-14 01:49:18 - [TEST_STEP][PASSED] - Statement - PreSaveFile = new java.io.File(((pathPrefix + java.lang.Integer.toString(counter)) + .png)): null

2018-12-14 01:49:18 - [TEST_STEP][PASSED] - Statement - counter = counter + 1: null

2018-12-14 01:49:18 - [TEST_STEP][PASSED] - Statement - PreSaveFile = new java.io.File(((pathPrefix + java.lang.Integer.toString(counter)) + .png)): null

2018-12-14 01:49:18 - [TEST_STEP][PASSED] - Statement - counter = counter + 1: null

2018-12-14 01:49:18 - [TEST_STEP][PASSED] - Statement - PreSaveFile = new java.io.File(((pathPrefix + java.lang.Integer.toString(counter)) + .png)): null

2018-12-14 01:49:18 - [TEST_STEP][PASSED] - Statement - counter = counter + 1: null

2018-12-14 01:49:18 - [TEST_STEP][PASSED] - Statement - PreSaveFile = new java.io.File(((pathPrefix + java.lang.Integer.toString(counter)) + .png)): null

2018-12-14 01:49:18 - [TEST_STEP][PASSED] - Statement - counter = counter + 1: null

2018-12-14 01:49:18 - [TEST_STEP][PASSED] - Statement - PreSaveFile = new java.io.File(((pathPrefix + java.lang.Integer.toString(counter)) + .png)): null

2018-12-14 01:49:18 - [TEST_STEP][PASSED] - Statement - counter = counter + 1: null

2018-12-14 01:49:18 - [TEST_STEP][PASSED] - Statement - PreSaveFile = new java.io.File(((pathPrefix + java.lang.Integer.toString(counter)) + .png)): null

2018-12-14 01:49:18 - [TEST_STEP][PASSED] - Statement - counter = counter + 1: null

2018-12-14 01:49:18 - [TEST_STEP][PASSED] - Statement - PreSaveFile = new java.io.File(((pathPrefix + java.lang.Integer.toString(counter)) + .png)): null

2018-12-14 01:49:18 - [TEST_STEP][PASSED] - Statement - counter = counter + 1: null

2018-12-14 01:49:18 - [TEST_STEP][PASSED] - Statement - PreSaveFile = new java.io.File(((pathPrefix + java.lang.Integer.toString(counter)) + .png)): null

2018-12-14 01:49:18 - [TEST_STEP][PASSED] - Statement - counter = counter + 1: null

2018-12-14 01:49:18 - [TEST_STEP][PASSED] - Statement - PreSaveFile = new java.io.File(((pathPrefix + java.lang.Integer.toString(counter)) + .png)): null

2018-12-14 01:49:18 - [TEST_STEP][PASSED] - Statement - counter = counter + 1: null

2018-12-14 01:49:18 - [TEST_STEP][PASSED] - Statement - PreSaveFile = new java.io.File(((pathPrefix + java.lang.Integer.toString(counter)) + .png)): null

2018-12-14 01:49:18 - [TEST_STEP][PASSED] - Statement - counter = counter + 1: null

2018-12-14 01:49:18 - [TEST_STEP][PASSED] - Statement - PreSaveFile = new java.io.File(((pathPrefix + java.lang.Integer.toString(counter)) + .png)): null

2018-12-14 01:49:18 - [TEST_STEP][PASSED] - Statement - counter = counter + 1: null

2018-12-14 01:49:18 - [TEST_STEP][PASSED] - Statement - PreSaveFile = new java.io.File(((pathPrefix + java.lang.Integer.toString(counter)) + .png)): null

2018-12-14 01:49:18 - [TEST_STEP][PASSED] - Statement - counter = counter + 1: null

2018-12-14 01:49:18 - [TEST_STEP][PASSED] - Statement - PreSaveFile = new java.io.File(((pathPrefix + java.lang.Integer.toString(counter)) + .png)): null

2018-12-14 01:49:18 - [TEST_STEP][PASSED] - Statement - counter = counter + 1: null

2018-12-14 01:49:18 - [TEST_STEP][PASSED] - Statement - PreSaveFile = new java.io.File(((pathPrefix + java.lang.Integer.toString(counter)) + .png)): null

2018-12-14 01:49:18 - [TEST_STEP][PASSED] - Statement - counter = counter + 1: null

2018-12-14 01:49:18 - [TEST_STEP][PASSED] - Statement - PreSaveFile = new java.io.File(((pathPrefix + java.lang.Integer.toString(counter)) + .png)): null

2018-12-14 01:49:18 - [TEST_STEP][PASSED] - Statement - counter = counter + 1: null

2018-12-14 01:49:18 - [TEST_STEP][PASSED] - Statement - PreSaveFile = new java.io.File(((pathPrefix + java.lang.Integer.toString(counter)) + .png)): null

2018-12-14 01:49:18 - [TEST_STEP][PASSED] - Statement - counter = counter + 1: null

2018-12-14 01:49:18 - [TEST_STEP][PASSED] - Statement - PreSaveFile = new java.io.File(((pathPrefix + java.lang.Integer.toString(counter)) + .png)): null

2018-12-14 01:49:18 - [TEST_STEP][PASSED] - Statement - counter = counter + 1: null

2018-12-14 01:49:18 - [TEST_STEP][PASSED] - Statement - PreSaveFile = new java.io.File(((pathPrefix + java.lang.Integer.toString(counter)) + .png)): null

2018-12-14 01:49:18 - [TEST_STEP][PASSED] - Statement - counter = counter + 1: null

2018-12-14 01:49:18 - [TEST_STEP][PASSED] - Statement - PreSaveFile = new java.io.File(((pathPrefix + java.lang.Integer.toString(counter)) + .png)): null

2018-12-14 01:49:18 - [TEST_STEP][PASSED] - Statement - counter = counter + 1: null

2018-12-14 01:49:18 - [TEST_STEP][PASSED] - Statement - PreSaveFile = new java.io.File(((pathPrefix + java.lang.Integer.toString(counter)) + .png)): null

2018-12-14 01:49:18 - [TEST_STEP][PASSED] - Statement - counter = counter + 1: null

2018-12-14 01:49:18 - [TEST_STEP][PASSED] - Statement - PreSaveFile = new java.io.File(((pathPrefix + java.lang.Integer.toString(counter)) + .png)): null

2018-12-14 01:49:18 - [TEST_STEP][PASSED] - Statement - counter = counter + 1: null

2018-12-14 01:49:18 - [TEST_STEP][PASSED] - Statement - PreSaveFile = new java.io.File(((pathPrefix + java.lang.Integer.toString(counter)) + .png)): null

2018-12-14 01:49:18 - [TEST_STEP][PASSED] - Statement - counter = counter + 1: null

2018-12-14 01:49:18 - [TEST_STEP][PASSED] - Statement - PreSaveFile = new java.io.File(((pathPrefix + java.lang.Integer.toString(counter)) + .png)): null

2018-12-14 01:49:18 - [TEST_STEP][PASSED] - Statement - counter = counter + 1: null

2018-12-14 01:49:18 - [TEST_STEP][PASSED] - Statement - PreSaveFile = new java.io.File(((pathPrefix + java.lang.Integer.toString(counter)) + .png)): null

2018-12-14 01:49:18 - [TEST_STEP][PASSED] - Statement - counter = counter + 1: null

2018-12-14 01:49:18 - [TEST_STEP][PASSED] - Statement - PreSaveFile = new java.io.File(((pathPrefix + java.lang.Integer.toString(counter)) + .png)): null

2018-12-14 01:49:18 - [TEST_STEP][PASSED] - Statement - counter = counter + 1: null

2018-12-14 01:49:18 - [TEST_STEP][PASSED] - Statement - PreSaveFile = new java.io.File(((pathPrefix + java.lang.Integer.toString(counter)) + .png)): null

2018-12-14 01:49:18 - [TEST_STEP][PASSED] - Statement - counter = counter + 1: null

2018-12-14 01:49:18 - [TEST_STEP][PASSED] - Statement - PreSaveFile = new java.io.File(((pathPrefix + java.lang.Integer.toString(counter)) + .png)): null

2018-12-14 01:49:18 - [TEST_STEP][PASSED] - Statement - counter = counter + 1: null

2018-12-14 01:49:18 - [TEST_STEP][PASSED] - Statement - PreSaveFile = new java.io.File(((pathPrefix + java.lang.Integer.toString(counter)) + .png)): null

2018-12-14 01:49:18 - [TEST_STEP][PASSED] - Statement - counter = counter + 1: null

2018-12-14 01:49:18 - [TEST_STEP][PASSED] - Statement - PreSaveFile = new java.io.File(((pathPrefix + java.lang.Integer.toString(counter)) + .png)): null

2018-12-14 01:49:18 - [TEST_STEP][PASSED] - Statement - counter = counter + 1: null

2018-12-14 01:49:18 - [TEST_STEP][PASSED] - Statement - PreSaveFile = new java.io.File(((pathPrefix + java.lang.Integer.toString(counter)) + .png)): null

2018-12-14 01:49:18 - [TEST_STEP][PASSED] - Statement - counter = counter + 1: null

2018-12-14 01:49:18 - [TEST_STEP][PASSED] - Statement - PreSaveFile = new java.io.File(((pathPrefix + java.lang.Integer.toString(counter)) + .png)): null

2018-12-14 01:49:18 - [TEST_STEP][PASSED] - Statement - counter = counter + 1: null

2018-12-14 01:49:18 - [TEST_STEP][PASSED] - Statement - PreSaveFile = new java.io.File(((pathPrefix + java.lang.Integer.toString(counter)) + .png)): null

2018-12-14 01:49:18 - [TEST_STEP][PASSED] - Statement - counter = counter + 1: null

2018-12-14 01:49:18 - [TEST_STEP][PASSED] - Statement - PreSaveFile = new java.io.File(((pathPrefix + java.lang.Integer.toString(counter)) + .png)): null

2018-12-14 01:49:18 - [TEST_STEP][PASSED] - Statement - counter = counter + 1: null

2018-12-14 01:49:18 - [TEST_STEP][PASSED] - Statement - PreSaveFile = new java.io.File(((pathPrefix + java.lang.Integer.toString(counter)) + .png)): null

2018-12-14 01:49:18 - [TEST_STEP][PASSED] - Statement - counter = counter + 1: null

2018-12-14 01:49:18 - [TEST_STEP][PASSED] - Statement - PreSaveFile = new java.io.File(((pathPrefix + java.lang.Integer.toString(counter)) + .png)): null

2018-12-14 01:49:18 - [TEST_STEP][PASSED] - Statement - counter = counter + 1: null

2018-12-14 01:49:18 - [TEST_STEP][PASSED] - Statement - PreSaveFile = new java.io.File(((pathPrefix + java.lang.Integer.toString(counter)) + .png)): null

2018-12-14 01:49:18 - [TEST_STEP][PASSED] - Statement - counter = counter + 1: null

2018-12-14 01:49:18 - [TEST_STEP][PASSED] - Statement - PreSaveFile = new java.io.File(((pathPrefix + java.lang.Integer.toString(counter)) + .png)): null

2018-12-14 01:49:18 - [TEST_STEP][PASSED] - Statement - counter = counter + 1: null

2018-12-14 01:49:18 - [TEST_STEP][PASSED] - Statement - PreSaveFile = new java.io.File(((pathPrefix + java.lang.Integer.toString(counter)) + .png)): null

2018-12-14 01:49:18 - [TEST_STEP][PASSED] - Statement - counter = counter + 1: null

2018-12-14 01:49:18 - [TEST_STEP][PASSED] - Statement - PreSaveFile = new java.io.File(((pathPrefix + java.lang.Integer.toString(counter)) + .png)): null

2018-12-14 01:49:18 - [TEST_STEP][PASSED] - Statement - counter = counter + 1: null

2018-12-14 01:49:18 - [TEST_STEP][PASSED] - Statement - PreSaveFile = new java.io.File(((pathPrefix + java.lang.Integer.toString(counter)) + .png)): null

2018-12-14 01:49:18 - [TEST_STEP][PASSED] - Statement - counter = counter + 1: null

2018-12-14 01:49:18 - [TEST_STEP][PASSED] - Statement - PreSaveFile = new java.io.File(((pathPrefix + java.lang.Integer.toString(counter)) + .png)): null

2018-12-14 01:49:18 - [TEST_STEP][PASSED] - Statement - counter = counter + 1: null

2018-12-14 01:49:18 - [TEST_STEP][PASSED] - Statement - PreSaveFile = new java.io.File(((pathPrefix + java.lang.Integer.toString(counter)) + .png)): null

2018-12-14 01:49:18 - [TEST_STEP][PASSED] - Statement - counter = counter + 1: null

2018-12-14 01:49:18 - [TEST_STEP][PASSED] - Statement - PreSaveFile = new java.io.File(((pathPrefix + java.lang.Integer.toString(counter)) + .png)): null

2018-12-14 01:49:18 - [TEST_STEP][PASSED] - Statement - counter = counter + 1: null

2018-12-14 01:49:18 - [TEST_STEP][PASSED] - Statement - PreSaveFile = new java.io.File(((pathPrefix + java.lang.Integer.toString(counter)) + .png)): null

2018-12-14 01:49:18 - [TEST_STEP][PASSED] - Statement - counter = counter + 1: null

2018-12-14 01:49:18 - [TEST_STEP][PASSED] - Statement - PreSaveFile = new java.io.File(((pathPrefix + java.lang.Integer.toString(counter)) + .png)): null

2018-12-14 01:49:18 - [TEST_STEP][PASSED] - Statement - counter = counter + 1: null

2018-12-14 01:49:18 - [TEST_STEP][PASSED] - Statement - PreSaveFile = new java.io.File(((pathPrefix + java.lang.Integer.toString(counter)) + .png)): null

2018-12-14 01:49:18 - [TEST_STEP][PASSED] - Statement - counter = counter + 1: null

2018-12-14 01:49:18 - [TEST_STEP][PASSED] - Statement - PreSaveFile = new java.io.File(((pathPrefix + java.lang.Integer.toString(counter)) + .png)): null

2018-12-14 01:49:18 - [TEST_STEP][PASSED] - Statement - counter = counter + 1: null

2018-12-14 01:49:18 - [TEST_STEP][PASSED] - Statement - PreSaveFile = new java.io.File(((pathPrefix + java.lang.Integer.toString(counter)) + .png)): null

2018-12-14 01:49:18 - [TEST_STEP][PASSED] - Statement - counter = counter + 1: null

2018-12-14 01:49:18 - [TEST_STEP][PASSED] - Statement - PreSaveFile = new java.io.File(((pathPrefix + java.lang.Integer.toString(counter)) + .png)): null

2018-12-14 01:49:18 - [TEST_STEP][PASSED] - Statement - counter = counter + 1: null

2018-12-14 01:49:18 - [TEST_STEP][PASSED] - Statement - PreSaveFile = new java.io.File(((pathPrefix + java.lang.Integer.toString(counter)) + .png)): null

2018-12-14 01:49:18 - [TEST_STEP][PASSED] - Statement - counter = counter + 1: null

2018-12-14 01:49:18 - [TEST_STEP][PASSED] - Statement - PreSaveFile = new java.io.File(((pathPrefix + java.lang.Integer.toString(counter)) + .png)): null

2018-12-14 01:49:18 - [TEST_STEP][PASSED] - Statement - counter = counter + 1: null

2018-12-14 01:49:18 - [TEST_STEP][PASSED] - Statement - PreSaveFile = new java.io.File(((pathPrefix + java.lang.Integer.toString(counter)) + .png)): null

2018-12-14 01:49:18 - [TEST_STEP][PASSED] - Statement - counter = counter + 1: null

2018-12-14 01:49:18 - [TEST_STEP][PASSED] - Statement - PreSaveFile = new java.io.File(((pathPrefix + java.lang.Integer.toString(counter)) + .png)): null

2018-12-14 01:49:18 - [TEST_STEP][PASSED] - Statement - counter = counter + 1: null

2018-12-14 01:49:18 - [TEST_STEP][PASSED] - Statement - PreSaveFile = new java.io.File(((pathPrefix + java.lang.Integer.toString(counter)) + .png)): null

2018-12-14 01:49:18 - [TEST_STEP][PASSED] - Statement - counter = counter + 1: null

2018-12-14 01:49:18 - [TEST_STEP][PASSED] - Statement - PreSaveFile = new java.io.File(((pathPrefix + java.lang.Integer.toString(counter)) + .png)): null

2018-12-14 01:49:18 - [TEST_STEP][PASSED] - Statement - counter = counter + 1: null

2018-12-14 01:49:18 - [TEST_STEP][PASSED] - Statement - PreSaveFile = new java.io.File(((pathPrefix + java.lang.Integer.toString(counter)) + .png)): null

2018-12-14 01:49:18 - [TEST_STEP][PASSED] - Statement - counter = counter + 1: null

2018-12-14 01:49:18 - [TEST_STEP][PASSED] - Statement - PreSaveFile = new java.io.File(((pathPrefix + java.lang.Integer.toString(counter)) + .png)): null

2018-12-14 01:49:18 - [TEST_STEP][PASSED] - Statement - counter = counter + 1: null

2018-12-14 01:49:18 - [TEST_STEP][PASSED] - Statement - PreSaveFile = new java.io.File(((pathPrefix + java.lang.Integer.toString(counter)) + .png)): null

2018-12-14 01:49:18 - [TEST_STEP][PASSED] - Statement - counter = counter + 1: null

2018-12-14 01:49:18 - [TEST_STEP][PASSED] - Statement - PreSaveFile = new java.io.File(((pathPrefix + java.lang.Integer.toString(counter)) + .png)): null

2018-12-14 01:49:18 - [TEST_STEP][PASSED] - Statement - counter = counter + 1: null

2018-12-14 01:49:18 - [TEST_STEP][PASSED] - Statement - PreSaveFile = new java.io.File(((pathPrefix + java.lang.Integer.toString(counter)) + .png)): null

2018-12-14 01:49:18 - [TEST_STEP][PASSED] - Statement - counter = counter + 1: null

2018-12-14 01:49:18 - [TEST_STEP][PASSED] - Statement - PreSaveFile = new java.io.File(((pathPrefix + java.lang.Integer.toString(counter)) + .png)): null

2018-12-14 01:49:18 - [TEST_STEP][PASSED] - Statement - counter = counter + 1: null

2018-12-14 01:49:18 - [TEST_STEP][PASSED] - Statement - PreSaveFile = new java.io.File(((pathPrefix + java.lang.Integer.toString(counter)) + .png)): null

2018-12-14 01:49:18 - [TEST_STEP][PASSED] - Statement - counter = counter + 1: null

2018-12-14 01:49:18 - [TEST_STEP][PASSED] - Statement - PreSaveFile = new java.io.File(((pathPrefix + java.lang.Integer.toString(counter)) + .png)): null

2018-12-14 01:49:18 - [TEST_STEP][PASSED] - Statement - counter = counter + 1: null

2018-12-14 01:49:18 - [TEST_STEP][PASSED] - Statement - PreSaveFile = new java.io.File(((pathPrefix + java.lang.Integer.toString(counter)) + .png)): null

2018-12-14 01:49:18 - [TEST_STEP][PASSED] - Statement - counter = counter + 1: null

2018-12-14 01:49:18 - [TEST_STEP][PASSED] - Statement - PreSaveFile = new java.io.File(((pathPrefix + java.lang.Integer.toString(counter)) + .png)): null

2018-12-14 01:49:18 - [TEST_STEP][PASSED] - Statement - counter = counter + 1: null

2018-12-14 01:49:18 - [TEST_STEP][PASSED] - Statement - PreSaveFile = new java.io.File(((pathPrefix + java.lang.Integer.toString(counter)) + .png)): null

2018-12-14 01:49:18 - [TEST_STEP][PASSED] - Statement - counter = counter + 1: null

2018-12-14 01:49:18 - [TEST_STEP][PASSED] - Statement - PreSaveFile = new java.io.File(((pathPrefix + java.lang.Integer.toString(counter)) + .png)): null

2018-12-14 01:49:18 - [TEST_STEP][PASSED] - Statement - counter = counter + 1: null

2018-12-14 01:49:18 - [TEST_STEP][PASSED] - Statement - PreSaveFile = new java.io.File(((pathPrefix + java.lang.Integer.toString(counter)) + .png)): null

2018-12-14 01:49:18 - [TEST_STEP][PASSED] - Statement - counter = counter + 1: null

2018-12-14 01:49:18 - [TEST_STEP][PASSED] - Statement - PreSaveFile = new java.io.File(((pathPrefix + java.lang.Integer.toString(counter)) + .png)): null

2018-12-14 01:49:18 - [TEST_STEP][PASSED] - Statement - counter = counter + 1: null

2018-12-14 01:49:18 - [TEST_STEP][PASSED] - Statement - PreSaveFile = new java.io.File(((pathPrefix + java.lang.Integer.toString(counter)) + .png)): null

2018-12-14 01:49:18 - [TEST_STEP][PASSED] - Statement - counter = counter + 1: null

2018-12-14 01:49:18 - [TEST_STEP][PASSED] - Statement - PreSaveFile = new java.io.File(((pathPrefix + java.lang.Integer.toString(counter)) + .png)): null

2018-12-14 01:49:18 - [TEST_STEP][PASSED] - Statement - counter = counter + 1: null

2018-12-14 01:49:18 - [TEST_STEP][PASSED] - Statement - PreSaveFile = new java.io.File(((pathPrefix + java.lang.Integer.toString(counter)) + .png)): null

2018-12-14 01:49:18 - [TEST_STEP][PASSED] - Statement - counter = counter + 1: null

2018-12-14 01:49:18 - [TEST_STEP][PASSED] - Statement - PreSaveFile = new java.io.File(((pathPrefix + java.lang.Integer.toString(counter)) + .png)): null

2018-12-14 01:49:18 - [TEST_STEP][PASSED] - Statement - counter = counter + 1: null

2018-12-14 01:49:18 - [TEST_STEP][PASSED] - Statement - PreSaveFile = new java.io.File(((pathPrefix + java.lang.Integer.toString(counter)) + .png)): null

2018-12-14 01:49:18 - [TEST_STEP][PASSED] - Statement - counter = counter + 1: null

2018-12-14 01:49:18 - [TEST_STEP][PASSED] - Statement - PreSaveFile = new java.io.File(((pathPrefix + java.lang.Integer.toString(counter)) + .png)): null

2018-12-14 01:49:18 - [TEST_STEP][PASSED] - Statement - counter = counter + 1: null

2018-12-14 01:49:18 - [TEST_STEP][PASSED] - Statement - PreSaveFile = new java.io.File(((pathPrefix + java.lang.Integer.toString(counter)) + .png)): null

2018-12-14 01:49:18 - [TEST_STEP][PASSED] - Statement - counter = counter + 1: null

2018-12-14 01:49:19 - [TEST_STEP][PASSED] - Statement - PreSaveFile = new java.io.File(((pathPrefix + java.lang.Integer.toString(counter)) + .png)): null

2018-12-14 01:49:19 - [TEST_STEP][PASSED] - Statement - counter = counter + 1: null

2018-12-14 01:49:19 - [TEST_STEP][PASSED] - Statement - PreSaveFile = new java.io.File(((pathPrefix + java.lang.Integer.toString(counter)) + .png)): null

2018-12-14 01:49:19 - [TEST_STEP][PASSED] - Statement - counter = counter + 1: null

2018-12-14 01:49:19 - [TEST_STEP][PASSED] - Statement - PreSaveFile = new java.io.File(((pathPrefix + java.lang.Integer.toString(counter)) + .png)): null

2018-12-14 01:49:19 - [TEST_STEP][PASSED] - Statement - counter = counter + 1: null

2018-12-14 01:49:19 - [TEST_STEP][PASSED] - Statement - PreSaveFile = new java.io.File(((pathPrefix + java.lang.Integer.toString(counter)) + .png)): null

2018-12-14 01:49:19 - [TEST_STEP][PASSED] - Statement - counter = counter + 1: null

2018-12-14 01:49:19 - [TEST_STEP][PASSED] - Statement - PreSaveFile = new java.io.File(((pathPrefix + java.lang.Integer.toString(counter)) + .png)): null

2018-12-14 01:49:19 - [TEST_STEP][PASSED] - Statement - counter = counter + 1: null

2018-12-14 01:49:19 - [TEST_STEP][PASSED] - Statement - PreSaveFile = new java.io.File(((pathPrefix + java.lang.Integer.toString(counter)) + .png)): null

2018-12-14 01:49:19 - [TEST_STEP][PASSED] - Statement - counter = counter + 1: null

2018-12-14 01:49:19 - [TEST_STEP][PASSED] - Statement - PreSaveFile = new java.io.File(((pathPrefix + java.lang.Integer.toString(counter)) + .png)): null

2018-12-14 01:49:19 - [TEST_STEP][PASSED] - Statement - counter = counter + 1: null

2018-12-14 01:49:19 - [TEST_STEP][PASSED] - Statement - PreSaveFile = new java.io.File(((pathPrefix + java.lang.Integer.toString(counter)) + .png)): null

2018-12-14 01:49:19 - [TEST_STEP][PASSED] - Statement - counter = counter + 1: null

2018-12-14 01:49:19 - [TEST_STEP][PASSED] - Statement - PreSaveFile = new java.io.File(((pathPrefix + java.lang.Integer.toString(counter)) + .png)): null

2018-12-14 01:49:19 - [TEST_STEP][PASSED] - Statement - counter = counter + 1: null

2018-12-14 01:49:19 - [TEST_STEP][PASSED] - Statement - PreSaveFile = new java.io.File(((pathPrefix + java.lang.Integer.toString(counter)) + .png)): null

2018-12-14 01:49:19 - [TEST_STEP][PASSED] - Statement - counter = counter + 1: null

2018-12-14 01:49:19 - [TEST_STEP][PASSED] - Statement - PreSaveFile = new java.io.File(((pathPrefix + java.lang.Integer.toString(counter)) + .png)): null

2018-12-14 01:49:19 - [TEST_STEP][PASSED] - Statement - counter = counter + 1: null

2018-12-14 01:49:19 - [TEST_STEP][PASSED] - Statement - PreSaveFile = new java.io.File(((pathPrefix + java.lang.Integer.toString(counter)) + .png)): null

2018-12-14 01:49:19 - [TEST_STEP][PASSED] - Statement - counter = counter + 1: null

2018-12-14 01:49:19 - [TEST_STEP][PASSED] - Statement - PreSaveFile = new java.io.File(((pathPrefix + java.lang.Integer.toString(counter)) + .png)): null

2018-12-14 01:49:19 - [TEST_STEP][PASSED] - Statement - counter = counter + 1: null

2018-12-14 01:49:19 - [TEST_STEP][PASSED] - Statement - PreSaveFile = new java.io.File(((pathPrefix + java.lang.Integer.toString(counter)) + .png)): null

2018-12-14 01:49:19 - [TEST_STEP][PASSED] - Statement - counter = counter + 1: null

2018-12-14 01:49:19 - [TEST_STEP][PASSED] - Statement - PreSaveFile = new java.io.File(((pathPrefix + java.lang.Integer.toString(counter)) + .png)): null

2018-12-14 01:49:19 - [TEST_STEP][PASSED] - Statement - counter = counter + 1: null

2018-12-14 01:49:19 - [TEST_STEP][PASSED] - Statement - PreSaveFile = new java.io.File(((pathPrefix + java.lang.Integer.toString(counter)) + .png)): null

2018-12-14 01:49:19 - [TEST_STEP][PASSED] - Statement - counter = counter + 1: null

2018-12-14 01:49:19 - [TEST_STEP][PASSED] - Statement - PreSaveFile = new java.io.File(((pathPrefix + java.lang.Integer.toString(counter)) + .png)): null

2018-12-14 01:49:19 - [TEST_STEP][PASSED] - Statement - counter = counter + 1: null

2018-12-14 01:49:19 - [TEST_STEP][PASSED] - Statement - PreSaveFile = new java.io.File(((pathPrefix + java.lang.Integer.toString(counter)) + .png)): null

2018-12-14 01:49:19 - [TEST_STEP][PASSED] - Statement - counter = counter + 1: null

2018-12-14 01:49:19 - [TEST_STEP][PASSED] - Statement - PreSaveFile = new java.io.File(((pathPrefix + java.lang.Integer.toString(counter)) + .png)): null

2018-12-14 01:49:19 - [TEST_STEP][PASSED] - Statement - counter = counter + 1: null

2018-12-14 01:49:19 - [TEST_STEP][PASSED] - Statement - PreSaveFile = new java.io.File(((pathPrefix + java.lang.Integer.toString(counter)) + .png)): null

2018-12-14 01:49:19 - [TEST_STEP][PASSED] - Statement - counter = counter + 1: null

2018-12-14 01:49:19 - [TEST_STEP][PASSED] - Statement - PreSaveFile = new java.io.File(((pathPrefix + java.lang.Integer.toString(counter)) + .png)): null

2018-12-14 01:49:19 - [TEST_STEP][PASSED] - Statement - counter = counter + 1: null

2018-12-14 01:49:19 - [TEST_STEP][PASSED] - Statement - PreSaveFile = new java.io.File(((pathPrefix + java.lang.Integer.toString(counter)) + .png)): null

2018-12-14 01:49:19 - [TEST_STEP][PASSED] - Statement - counter = counter + 1: null

2018-12-14 01:49:19 - [TEST_STEP][PASSED] - Statement - PreSaveFile = new java.io.File(((pathPrefix + java.lang.Integer.toString(counter)) + .png)): null

2018-12-14 01:49:19 - [TEST_STEP][PASSED] - Statement - counter = counter + 1: null

2018-12-14 01:49:19 - [TEST_STEP][PASSED] - Statement - PreSaveFile = new java.io.File(((pathPrefix + java.lang.Integer.toString(counter)) + .png)): null

2018-12-14 01:49:19 - [TEST_STEP][PASSED] - Statement - counter = counter + 1: null

2018-12-14 01:49:19 - [TEST_STEP][PASSED] - Statement - PreSaveFile = new java.io.File(((pathPrefix + java.lang.Integer.toString(counter)) + .png)): null

2018-12-14 01:49:19 - [TEST_STEP][PASSED] - Statement - counter = counter + 1: null

2018-12-14 01:49:19 - [TEST_STEP][PASSED] - Statement - PreSaveFile = new java.io.File(((pathPrefix + java.lang.Integer.toString(counter)) + .png)): null

2018-12-14 01:49:19 - [TEST_STEP][PASSED] - Statement - counter = counter + 1: null

2018-12-14 01:49:19 - [TEST_STEP][PASSED] - Statement - PreSaveFile = new java.io.File(((pathPrefix + java.lang.Integer.toString(counter)) + .png)): null

2018-12-14 01:49:19 - [TEST_STEP][PASSED] - Statement - counter = counter + 1: null

2018-12-14 01:49:19 - [TEST_STEP][PASSED] - Statement - PreSaveFile = new java.io.File(((pathPrefix + java.lang.Integer.toString(counter)) + .png)): null

2018-12-14 01:49:19 - [TEST_STEP][PASSED] - Statement - counter = counter + 1: null

2018-12-14 01:49:19 - [TEST_STEP][PASSED] - Statement - PreSaveFile = new java.io.File(((pathPrefix + java.lang.Integer.toString(counter)) + .png)): null

2018-12-14 01:49:19 - [TEST_STEP][PASSED] - Statement - counter = counter + 1: null

2018-12-14 01:49:19 - [TEST_STEP][PASSED] - Statement - PreSaveFile = new java.io.File(((pathPrefix + java.lang.Integer.toString(counter)) + .png)): null

2018-12-14 01:49:19 - [TEST_STEP][PASSED] - Statement - counter = counter + 1: null

2018-12-14 01:49:19 - [TEST_STEP][PASSED] - Statement - PreSaveFile = new java.io.File(((pathPrefix + java.lang.Integer.toString(counter)) + .png)): null

2018-12-14 01:49:19 - [TEST_STEP][PASSED] - Statement - counter = counter + 1: null

2018-12-14 01:49:19 - [TEST_STEP][PASSED] - Statement - PreSaveFile = new java.io.File(((pathPrefix + java.lang.Integer.toString(counter)) + .png)): null

2018-12-14 01:49:19 - [TEST_STEP][PASSED] - Statement - counter = counter + 1: null

2018-12-14 01:49:19 - [TEST_STEP][PASSED] - Statement - PreSaveFile = new java.io.File(((pathPrefix + java.lang.Integer.toString(counter)) + .png)): null

2018-12-14 01:49:19 - [TEST_STEP][PASSED] - Statement - counter = counter + 1: null

2018-12-14 01:49:19 - [TEST_STEP][PASSED] - Statement - PreSaveFile = new java.io.File(((pathPrefix + java.lang.Integer.toString(counter)) + .png)): null

2018-12-14 01:49:19 - [TEST_STEP][PASSED] - Statement - counter = counter + 1: null

2018-12-14 01:49:19 - [TEST_STEP][PASSED] - Statement - PreSaveFile = new java.io.File(((pathPrefix + java.lang.Integer.toString(counter)) + .png)): null

2018-12-14 01:49:19 - [TEST_STEP][PASSED] - Statement - counter = counter + 1: null

2018-12-14 01:49:19 - [TEST_STEP][PASSED] - Statement - PreSaveFile = new java.io.File(((pathPrefix + java.lang.Integer.toString(counter)) + .png)): null

2018-12-14 01:49:19 - [TEST_STEP][PASSED] - Statement - counter = counter + 1: null

2018-12-14 01:49:19 - [TEST_STEP][PASSED] - Statement - PreSaveFile = new java.io.File(((pathPrefix + java.lang.Integer.toString(counter)) + .png)): null

2018-12-14 01:49:19 - [TEST_STEP][PASSED] - Statement - counter = counter + 1: null

2018-12-14 01:49:19 - [TEST_STEP][PASSED] - Statement - PreSaveFile = new java.io.File(((pathPrefix + java.lang.Integer.toString(counter)) + .png)): null

2018-12-14 01:49:19 - [TEST_STEP][PASSED] - Statement - counter = counter + 1: null

2018-12-14 01:49:19 - [TEST_STEP][PASSED] - Statement - PreSaveFile = new java.io.File(((pathPrefix + java.lang.Integer.toString(counter)) + .png)): null

2018-12-14 01:49:19 - [TEST_STEP][PASSED] - Statement - counter = counter + 1: null

2018-12-14 01:49:19 - [TEST_STEP][PASSED] - Statement - PreSaveFile = new java.io.File(((pathPrefix + java.lang.Integer.toString(counter)) + .png)): null

2018-12-14 01:49:19 - [TEST_STEP][PASSED] - Statement - counter = counter + 1: null

2018-12-14 01:49:19 - [TEST_STEP][PASSED] - Statement - PreSaveFile = new java.io.File(((pathPrefix + java.lang.Integer.toString(counter)) + .png)): null

2018-12-14 01:49:19 - [TEST_STEP][PASSED] - Statement - counter = counter + 1: null

2018-12-14 01:49:19 - [TEST_STEP][PASSED] - Statement - PreSaveFile = new java.io.File(((pathPrefix + java.lang.Integer.toString(counter)) + .png)): null

2018-12-14 01:49:19 - [TEST_STEP][PASSED] - Statement - counter = counter + 1: null

2018-12-14 01:49:19 - [TEST_STEP][PASSED] - Statement - PreSaveFile = new java.io.File(((pathPrefix + java.lang.Integer.toString(counter)) + .png)): null

2018-12-14 01:49:19 - [TEST_STEP][PASSED] - Statement - counter = counter + 1: null

2018-12-14 01:49:19 - [TEST_STEP][PASSED] - Statement - PreSaveFile = new java.io.File(((pathPrefix + java.lang.Integer.toString(counter)) + .png)): null

2018-12-14 01:49:19 - [TEST_STEP][PASSED] - Statement - counter = counter + 1: null

2018-12-14 01:49:19 - [TEST_STEP][PASSED] - Statement - PreSaveFile = new java.io.File(((pathPrefix + java.lang.Integer.toString(counter)) + .png)): null

2018-12-14 01:49:19 - [TEST_STEP][PASSED] - Statement - counter = counter + 1: null

2018-12-14 01:49:19 - [TEST_STEP][PASSED] - Statement - PreSaveFile = new java.io.File(((pathPrefix + java.lang.Integer.toString(counter)) + .png)): null

2018-12-14 01:49:19 - [TEST_STEP][PASSED] - Statement - counter = counter + 1: null

2018-12-14 01:49:19 - [TEST_STEP][PASSED] - Statement - PreSaveFile = new java.io.File(((pathPrefix + java.lang.Integer.toString(counter)) + .png)): null

2018-12-14 01:49:19 - [TEST_STEP][PASSED] - Statement - counter = counter + 1: null

2018-12-14 01:49:19 - [TEST_STEP][PASSED] - Statement - PreSaveFile = new java.io.File(((pathPrefix + java.lang.Integer.toString(counter)) + .png)): null

2018-12-14 01:49:19 - [TEST_STEP][PASSED] - Statement - counter = counter + 1: null

2018-12-14 01:49:19 - [TEST_STEP][PASSED] - Statement - PreSaveFile = new java.io.File(((pathPrefix + java.lang.Integer.toString(counter)) + .png)): null

2018-12-14 01:49:19 - [TEST_STEP][PASSED] - Statement - counter = counter + 1: null

2018-12-14 01:49:19 - [TEST_STEP][PASSED] - Statement - PreSaveFile = new java.io.File(((pathPrefix + java.lang.Integer.toString(counter)) + .png)): null

2018-12-14 01:49:19 - [TEST_STEP][PASSED] - Statement - counter = counter + 1: null

2018-12-14 01:49:19 - [TEST_STEP][PASSED] - Statement - PreSaveFile = new java.io.File(((pathPrefix + java.lang.Integer.toString(counter)) + .png)): null

2018-12-14 01:49:19 - [TEST_STEP][PASSED] - Statement - counter = counter + 1: null

2018-12-14 01:49:19 - [TEST_STEP][PASSED] - Statement - PreSaveFile = new java.io.File(((pathPrefix + java.lang.Integer.toString(counter)) + .png)): null

2018-12-14 01:49:19 - [TEST_STEP][PASSED] - Statement - counter = counter + 1: null

2018-12-14 01:49:19 - [TEST_STEP][PASSED] - Statement - PreSaveFile = new java.io.File(((pathPrefix + java.lang.Integer.toString(counter)) + .png)): null

2018-12-14 01:49:19 - [TEST_STEP][PASSED] - Statement - counter = counter + 1: null

2018-12-14 01:49:19 - [TEST_STEP][PASSED] - Statement - PreSaveFile = new java.io.File(((pathPrefix + java.lang.Integer.toString(counter)) + .png)): null

2018-12-14 01:49:19 - [TEST_STEP][PASSED] - Statement - counter = counter + 1: null

2018-12-14 01:49:19 - [TEST_STEP][PASSED] - Statement - PreSaveFile = new java.io.File(((pathPrefix + java.lang.Integer.toString(counter)) + .png)): null

2018-12-14 01:49:19 - [TEST_STEP][PASSED] - Statement - counter = counter + 1: null

2018-12-14 01:49:19 - [TEST_STEP][PASSED] - Statement - PreSaveFile = new java.io.File(((pathPrefix + java.lang.Integer.toString(counter)) + .png)): null

2018-12-14 01:49:19 - [TEST_STEP][PASSED] - Statement - counter = counter + 1: null

2018-12-14 01:49:19 - [TEST_STEP][PASSED] - Statement - PreSaveFile = new java.io.File(((pathPrefix + java.lang.Integer.toString(counter)) + .png)): null

2018-12-14 01:49:19 - [TEST_STEP][PASSED] - Statement - counter = counter + 1: null

2018-12-14 01:49:19 - [TEST_STEP][PASSED] - Statement - PreSaveFile = new java.io.File(((pathPrefix + java.lang.Integer.toString(counter)) + .png)): null

2018-12-14 01:49:19 - [TEST_STEP][PASSED] - Statement - counter = counter + 1: null

2018-12-14 01:49:19 - [TEST_STEP][PASSED] - Statement - PreSaveFile = new java.io.File(((pathPrefix + java.lang.Integer.toString(counter)) + .png)): null

2018-12-14 01:49:19 - [TEST_STEP][PASSED] - Statement - counter = counter + 1: null

2018-12-14 01:49:19 - [TEST_STEP][PASSED] - Statement - PreSaveFile = new java.io.File(((pathPrefix + java.lang.Integer.toString(counter)) + .png)): null

2018-12-14 01:49:19 - [TEST_STEP][PASSED] - Statement - counter = counter + 1: null

2018-12-14 01:49:19 - [TEST_STEP][PASSED] - Statement - PreSaveFile = new java.io.File(((pathPrefix + java.lang.Integer.toString(counter)) + .png)): null

2018-12-14 01:49:19 - [TEST_STEP][PASSED] - Statement - counter = counter + 1: null

2018-12-14 01:49:19 - [TEST_STEP][PASSED] - Statement - PreSaveFile = new java.io.File(((pathPrefix + java.lang.Integer.toString(counter)) + .png)): null

2018-12-14 01:49:19 - [TEST_STEP][PASSED] - Statement - counter = counter + 1: null

2018-12-14 01:49:19 - [TEST_STEP][PASSED] - Statement - PreSaveFile = new java.io.File(((pathPrefix + java.lang.Integer.toString(counter)) + .png)): null

2018-12-14 01:49:19 - [TEST_STEP][PASSED] - Statement - counter = counter + 1: null

2018-12-14 01:49:19 - [TEST_STEP][PASSED] - Statement - PreSaveFile = new java.io.File(((pathPrefix + java.lang.Integer.toString(counter)) + .png)): null

2018-12-14 01:49:19 - [TEST_STEP][PASSED] - Statement - counter = counter + 1: null

2018-12-14 01:49:19 - [TEST_STEP][PASSED] - Statement - PreSaveFile = new java.io.File(((pathPrefix + java.lang.Integer.toString(counter)) + .png)): null

2018-12-14 01:49:19 - [TEST_STEP][PASSED] - Statement - counter = counter + 1: null

2018-12-14 01:49:19 - [TEST_STEP][PASSED] - Statement - PreSaveFile = new java.io.File(((pathPrefix + java.lang.Integer.toString(counter)) + .png)): null

2018-12-14 01:49:19 - [TEST_STEP][PASSED] - Statement - counter = counter + 1: null

2018-12-14 01:49:19 - [TEST_STEP][PASSED] - Statement - PreSaveFile = new java.io.File(((pathPrefix + java.lang.Integer.toString(counter)) + .png)): null

2018-12-14 01:49:19 - [TEST_STEP][PASSED] - Statement - counter = counter + 1: null

2018-12-14 01:49:19 - [TEST_STEP][PASSED] - Statement - PreSaveFile = new java.io.File(((pathPrefix + java.lang.Integer.toString(counter)) + .png)): null

2018-12-14 01:49:19 - [TEST_STEP][PASSED] - Statement - counter = counter + 1: null

2018-12-14 01:49:19 - [TEST_STEP][PASSED] - Statement - PreSaveFile = new java.io.File(((pathPrefix + java.lang.Integer.toString(counter)) + .png)): null

2018-12-14 01:49:19 - [TEST_STEP][PASSED] - Statement - counter = counter + 1: null

2018-12-14 01:49:19 - [TEST_STEP][PASSED] - Statement - PreSaveFile = new java.io.File(((pathPrefix + java.lang.Integer.toString(counter)) + .png)): null

2018-12-14 01:49:19 - [TEST_STEP][PASSED] - Statement - counter = counter + 1: null

2018-12-14 01:49:19 - [TEST_STEP][PASSED] - Statement - PreSaveFile = new java.io.File(((pathPrefix + java.lang.Integer.toString(counter)) + .png)): null

2018-12-14 01:49:19 - [TEST_STEP][PASSED] - Statement - counter = counter + 1: null

2018-12-14 01:49:19 - [TEST_STEP][PASSED] - Statement - PreSaveFile = new java.io.File(((pathPrefix + java.lang.Integer.toString(counter)) + .png)): null

2018-12-14 01:49:19 - [TEST_STEP][PASSED] - Statement - counter = counter + 1: null

2018-12-14 01:49:19 - [TEST_STEP][PASSED] - Statement - PreSaveFile = new java.io.File(((pathPrefix + java.lang.Integer.toString(counter)) + .png)): null

2018-12-14 01:49:19 - [TEST_STEP][PASSED] - Statement - counter = counter + 1: null

2018-12-14 01:49:19 - [TEST_STEP][PASSED] - Statement - PreSaveFile = new java.io.File(((pathPrefix + java.lang.Integer.toString(counter)) + .png)): null

2018-12-14 01:49:19 - [TEST_STEP][PASSED] - Statement - counter = counter + 1: null

2018-12-14 01:49:19 - [TEST_STEP][PASSED] - Statement - PreSaveFile = new java.io.File(((pathPrefix + java.lang.Integer.toString(counter)) + .png)): null

2018-12-14 01:49:19 - [TEST_STEP][PASSED] - Statement - counter = counter + 1: null

2018-12-14 01:49:19 - [TEST_STEP][PASSED] - Statement - PreSaveFile = new java.io.File(((pathPrefix + java.lang.Integer.toString(counter)) + .png)): null

2018-12-14 01:49:19 - [TEST_STEP][PASSED] - Statement - counter = counter + 1: null

2018-12-14 01:49:19 - [TEST_STEP][PASSED] - Statement - PreSaveFile = new java.io.File(((pathPrefix + java.lang.Integer.toString(counter)) + .png)): null

2018-12-14 01:49:19 - [TEST_STEP][PASSED] - Statement - counter = counter + 1: null

2018-12-14 01:49:19 - [TEST_STEP][PASSED] - Statement - PreSaveFile = new java.io.File(((pathPrefix + java.lang.Integer.toString(counter)) + .png)): null

2018-12-14 01:49:19 - [TEST_STEP][PASSED] - Statement - counter = counter + 1: null

2018-12-14 01:49:19 - [TEST_STEP][PASSED] - Statement - PreSaveFile = new java.io.File(((pathPrefix + java.lang.Integer.toString(counter)) + .png)): null

2018-12-14 01:49:19 - [TEST_STEP][PASSED] - Statement - counter = counter + 1: null

2018-12-14 01:49:19 - [TEST_STEP][PASSED] - Statement - PreSaveFile = new java.io.File(((pathPrefix + java.lang.Integer.toString(counter)) + .png)): null

2018-12-14 01:49:19 - [TEST_STEP][PASSED] - Statement - counter = counter + 1: null

2018-12-14 01:49:19 - [TEST_STEP][PASSED] - Statement - PreSaveFile = new java.io.File(((pathPrefix + java.lang.Integer.toString(counter)) + .png)): null

2018-12-14 01:49:19 - [TEST_STEP][PASSED] - Statement - counter = counter + 1: null

2018-12-14 01:49:19 - [TEST_STEP][PASSED] - Statement - PreSaveFile = new java.io.File(((pathPrefix + java.lang.Integer.toString(counter)) + .png)): null

2018-12-14 01:49:19 - [TEST_STEP][PASSED] - Statement - counter = counter + 1: null

2018-12-14 01:49:19 - [TEST_STEP][PASSED] - Statement - PreSaveFile = new java.io.File(((pathPrefix + java.lang.Integer.toString(counter)) + .png)): null

2018-12-14 01:49:19 - [TEST_STEP][PASSED] - Statement - counter = counter + 1: null

2018-12-14 01:49:19 - [TEST_STEP][PASSED] - Statement - PreSaveFile = new java.io.File(((pathPrefix + java.lang.Integer.toString(counter)) + .png)): null

2018-12-14 01:49:19 - [TEST_STEP][PASSED] - Statement - counter = counter + 1: null

2018-12-14 01:49:19 - [TEST_STEP][PASSED] - Statement - PreSaveFile = new java.io.File(((pathPrefix + java.lang.Integer.toString(counter)) + .png)): null

2018-12-14 01:49:19 - [TEST_STEP][PASSED] - Statement - counter = counter + 1: null

2018-12-14 01:49:19 - [TEST_STEP][PASSED] - Statement - PreSaveFile = new java.io.File(((pathPrefix + java.lang.Integer.toString(counter)) + .png)): null

2018-12-14 01:49:19 - [TEST_STEP][PASSED] - Statement - counter = counter + 1: null

2018-12-14 01:49:19 - [TEST_STEP][PASSED] - Statement - PreSaveFile = new java.io.File(((pathPrefix + java.lang.Integer.toString(counter)) + .png)): null

2018-12-14 01:49:19 - [TEST_STEP][PASSED] - Statement - counter = counter + 1: null

2018-12-14 01:49:19 - [TEST_STEP][PASSED] - Statement - PreSaveFile = new java.io.File(((pathPrefix + java.lang.Integer.toString(counter)) + .png)): null

2018-12-14 01:49:19 - [TEST_STEP][PASSED] - Statement - counter = counter + 1: null

2018-12-14 01:49:19 - [TEST_STEP][PASSED] - Statement - PreSaveFile = new java.io.File(((pathPrefix + java.lang.Integer.toString(counter)) + .png)): null

2018-12-14 01:49:19 - [TEST_STEP][PASSED] - Statement - counter = counter + 1: null

2018-12-14 01:49:19 - [TEST_STEP][PASSED] - Statement - PreSaveFile = new java.io.File(((pathPrefix + java.lang.Integer.toString(counter)) + .png)): null

2018-12-14 01:49:19 - [TEST_STEP][PASSED] - Statement - counter = counter + 1: null

2018-12-14 01:49:19 - [TEST_STEP][PASSED] - Statement - PreSaveFile = new java.io.File(((pathPrefix + java.lang.Integer.toString(counter)) + .png)): null

2018-12-14 01:49:19 - [TEST_STEP][PASSED] - Statement - counter = counter + 1: null

2018-12-14 01:49:19 - [TEST_STEP][PASSED] - Statement - PreSaveFile = new java.io.File(((pathPrefix + java.lang.Integer.toString(counter)) + .png)): null

2018-12-14 01:49:19 - [TEST_STEP][PASSED] - Statement - counter = counter + 1: null

2018-12-14 01:49:19 - [TEST_STEP][PASSED] - Statement - PreSaveFile = new java.io.File(((pathPrefix + java.lang.Integer.toString(counter)) + .png)): null

2018-12-14 01:49:19 - [TEST_STEP][PASSED] - Statement - counter = counter + 1: null

2018-12-14 01:49:19 - [TEST_STEP][PASSED] - Statement - PreSaveFile = new java.io.File(((pathPrefix + java.lang.Integer.toString(counter)) + .png)): null

2018-12-14 01:49:19 - [TEST_STEP][PASSED] - Statement - counter = counter + 1: null

2018-12-14 01:49:19 - [TEST_STEP][PASSED] - Statement - PreSaveFile = new java.io.File(((pathPrefix + java.lang.Integer.toString(counter)) + .png)): null

2018-12-14 01:49:19 - [TEST_STEP][PASSED] - Statement - counter = counter + 1: null

2018-12-14 01:49:19 - [TEST_STEP][PASSED] - Statement - PreSaveFile = new java.io.File(((pathPrefix + java.lang.Integer.toString(counter)) + .png)): null

2018-12-14 01:49:19 - [TEST_STEP][PASSED] - Statement - counter = counter + 1: null

2018-12-14 01:49:19 - [TEST_STEP][PASSED] - Statement - PreSaveFile = new java.io.File(((pathPrefix + java.lang.Integer.toString(counter)) + .png)): null

2018-12-14 01:49:19 - [TEST_STEP][PASSED] - Statement - counter = counter + 1: null

2018-12-14 01:49:19 - [TEST_STEP][PASSED] - Statement - PreSaveFile = new java.io.File(((pathPrefix + java.lang.Integer.toString(counter)) + .png)): null

2018-12-14 01:49:19 - [TEST_STEP][PASSED] - Statement - counter = counter + 1: null

2018-12-14 01:49:19 - [TEST_STEP][PASSED] - Statement - PreSaveFile = new java.io.File(((pathPrefix + java.lang.Integer.toString(counter)) + .png)): null

2018-12-14 01:49:19 - [TEST_STEP][PASSED] - Statement - counter = counter + 1: null

2018-12-14 01:49:19 - [TEST_STEP][PASSED] - Statement - PreSaveFile = new java.io.File(((pathPrefix + java.lang.Integer.toString(counter)) + .png)): null

2018-12-14 01:49:19 - [TEST_STEP][PASSED] - Statement - counter = counter + 1: null

2018-12-14 01:49:19 - [TEST_STEP][PASSED] - Statement - PreSaveFile = new java.io.File(((pathPrefix + java.lang.Integer.toString(counter)) + .png)): null

2018-12-14 01:49:19 - [TEST_STEP][PASSED] - Statement - counter = counter + 1: null

2018-12-14 01:49:19 - [TEST_STEP][PASSED] - Statement - PreSaveFile = new java.io.File(((pathPrefix + java.lang.Integer.toString(counter)) + .png)): null

2018-12-14 01:49:19 - [TEST_STEP][PASSED] - Statement - counter = counter + 1: null

2018-12-14 01:49:19 - [TEST_STEP][PASSED] - Statement - PreSaveFile = new java.io.File(((pathPrefix + java.lang.Integer.toString(counter)) + .png)): null

2018-12-14 01:49:19 - [TEST_STEP][PASSED] - Statement - counter = counter + 1: null

2018-12-14 01:49:19 - [TEST_STEP][PASSED] - Statement - PreSaveFile = new java.io.File(((pathPrefix + java.lang.Integer.toString(counter)) + .png)): null

2018-12-14 01:49:19 - [TEST_STEP][PASSED] - Statement - counter = counter + 1: null

2018-12-14 01:49:19 - [TEST_STEP][PASSED] - Statement - PreSaveFile = new java.io.File(((pathPrefix + java.lang.Integer.toString(counter)) + .png)): null

2018-12-14 01:49:19 - [TEST_STEP][PASSED] - Statement - counter = counter + 1: null

2018-12-14 01:49:19 - [TEST_STEP][PASSED] - Statement - PreSaveFile = new java.io.File(((pathPrefix + java.lang.Integer.toString(counter)) + .png)): null

2018-12-14 01:49:19 - [TEST_STEP][PASSED] - Statement - counter = counter + 1: null

2018-12-14 01:49:19 - [TEST_STEP][PASSED] - Statement - PreSaveFile = new java.io.File(((pathPrefix + java.lang.Integer.toString(counter)) + .png)): null

2018-12-14 01:49:19 - [TEST_STEP][PASSED] - Statement - counter = counter + 1: null

2018-12-14 01:49:19 - [TEST_STEP][PASSED] - Statement - PreSaveFile = new java.io.File(((pathPrefix + java.lang.Integer.toString(counter)) + .png)): null

2018-12-14 01:49:19 - [TEST_STEP][PASSED] - Statement - counter = counter + 1: null

2018-12-14 01:49:19 - [TEST_STEP][PASSED] - Statement - PreSaveFile = new java.io.File(((pathPrefix + java.lang.Integer.toString(counter)) + .png)): null

2018-12-14 01:49:19 - [TEST_STEP][PASSED] - Statement - counter = counter + 1: null

2018-12-14 01:49:19 - [TEST_STEP][PASSED] - Statement - PreSaveFile = new java.io.File(((pathPrefix + java.lang.Integer.toString(counter)) + .png)): null

2018-12-14 01:49:19 - [TEST_STEP][PASSED] - Statement - counter = counter + 1: null

2018-12-14 01:49:19 - [TEST_STEP][PASSED] - Statement - PreSaveFile = new java.io.File(((pathPrefix + java.lang.Integer.toString(counter)) + .png)): null

2018-12-14 01:49:19 - [TEST_STEP][PASSED] - Statement - counter = counter + 1: null

2018-12-14 01:49:19 - [TEST_STEP][PASSED] - Statement - PreSaveFile = new java.io.File(((pathPrefix + java.lang.Integer.toString(counter)) + .png)): null

2018-12-14 01:49:19 - [TEST_STEP][PASSED] - Statement - counter = counter + 1: null

2018-12-14 01:49:19 - [TEST_STEP][PASSED] - Statement - PreSaveFile = new java.io.File(((pathPrefix + java.lang.Integer.toString(counter)) + .png)): null

2018-12-14 01:49:19 - [TEST_STEP][PASSED] - Statement - counter = counter + 1: null

2018-12-14 01:49:19 - [TEST_STEP][PASSED] - Statement - PreSaveFile = new java.io.File(((pathPrefix + java.lang.Integer.toString(counter)) + .png)): null

2018-12-14 01:49:19 - [TEST_STEP][PASSED] - Statement - counter = counter + 1: null

2018-12-14 01:49:19 - [TEST_STEP][PASSED] - Statement - PreSaveFile = new java.io.File(((pathPrefix + java.lang.Integer.toString(counter)) + .png)): null

2018-12-14 01:49:19 - [TEST_STEP][PASSED] - Statement - counter = counter + 1: null

2018-12-14 01:49:19 - [TEST_STEP][PASSED] - Statement - PreSaveFile = new java.io.File(((pathPrefix + java.lang.Integer.toString(counter)) + .png)): null

2018-12-14 01:49:19 - [TEST_STEP][PASSED] - Statement - counter = counter + 1: null

2018-12-14 01:49:19 - [TEST_STEP][PASSED] - Statement - PreSaveFile = new java.io.File(((pathPrefix + java.lang.Integer.toString(counter)) + .png)): null

2018-12-14 01:49:19 - [TEST_STEP][PASSED] - Statement - counter = counter + 1: null

2018-12-14 01:49:19 - [TEST_STEP][PASSED] - Statement - PreSaveFile = new java.io.File(((pathPrefix + java.lang.Integer.toString(counter)) + .png)): null

2018-12-14 01:49:19 - [TEST_STEP][PASSED] - Statement - counter = counter + 1: null

2018-12-14 01:49:19 - [TEST_STEP][PASSED] - Statement - PreSaveFile = new java.io.File(((pathPrefix + java.lang.Integer.toString(counter)) + .png)): null

2018-12-14 01:49:19 - [TEST_STEP][PASSED] - Statement - counter = counter + 1: null

2018-12-14 01:49:19 - [TEST_STEP][PASSED] - Statement - PreSaveFile = new java.io.File(((pathPrefix + java.lang.Integer.toString(counter)) + .png)): null

2018-12-14 01:49:19 - [TEST_STEP][PASSED] - Statement - counter = counter + 1: null

2018-12-14 01:49:19 - [TEST_STEP][PASSED] - Statement - PreSaveFile = new java.io.File(((pathPrefix + java.lang.Integer.toString(counter)) + .png)): null

2018-12-14 01:49:19 - [TEST_STEP][PASSED] - Statement - counter = counter + 1: null

2018-12-14 01:49:19 - [TEST_STEP][PASSED] - Statement - PreSaveFile = new java.io.File(((pathPrefix + java.lang.Integer.toString(counter)) + .png)): null

2018-12-14 01:49:19 - [TEST_STEP][PASSED] - Statement - counter = counter + 1: null

2018-12-14 01:49:19 - [TEST_STEP][PASSED] - Statement - PreSaveFile = new java.io.File(((pathPrefix + java.lang.Integer.toString(counter)) + .png)): null

2018-12-14 01:49:19 - [TEST_STEP][PASSED] - Statement - counter = counter + 1: null

2018-12-14 01:49:19 - [TEST_STEP][PASSED] - Statement - PreSaveFile = new java.io.File(((pathPrefix + java.lang.Integer.toString(counter)) + .png)): null

2018-12-14 01:49:19 - [TEST_STEP][PASSED] - Statement - counter = counter + 1: null

2018-12-14 01:49:19 - [TEST_STEP][PASSED] - Statement - PreSaveFile = new java.io.File(((pathPrefix + java.lang.Integer.toString(counter)) + .png)): null

2018-12-14 01:49:19 - [TEST_STEP][PASSED] - Statement - counter = counter + 1: null

2018-12-14 01:49:19 - [TEST_STEP][PASSED] - Statement - PreSaveFile = new java.io.File(((pathPrefix + java.lang.Integer.toString(counter)) + .png)): null

2018-12-14 01:49:19 - [TEST_STEP][PASSED] - Statement - counter = counter + 1: null

2018-12-14 01:49:19 - [TEST_STEP][PASSED] - Statement - PreSaveFile = new java.io.File(((pathPrefix + java.lang.Integer.toString(counter)) + .png)): null

2018-12-14 01:49:19 - [TEST_STEP][PASSED] - Statement - counter = counter + 1: null

2018-12-14 01:49:19 - [TEST_STEP][PASSED] - Statement - PreSaveFile = new java.io.File(((pathPrefix + java.lang.Integer.toString(counter)) + .png)): null

2018-12-14 01:49:19 - [TEST_STEP][PASSED] - Statement - counter = counter + 1: null

2018-12-14 01:49:19 - [TEST_STEP][PASSED] - Statement - PreSaveFile = new java.io.File(((pathPrefix + java.lang.Integer.toString(counter)) + .png)): null

2018-12-14 01:49:19 - [TEST_STEP][PASSED] - Statement - counter = counter + 1: null

2018-12-14 01:49:19 - [TEST_STEP][PASSED] - Statement - PreSaveFile = new java.io.File(((pathPrefix + java.lang.Integer.toString(counter)) + .png)): null

2018-12-14 01:49:19 - [TEST_STEP][PASSED] - Statement - counter = counter + 1: null

2018-12-14 01:49:19 - [TEST_STEP][PASSED] - Statement - PreSaveFile = new java.io.File(((pathPrefix + java.lang.Integer.toString(counter)) + .png)): null

2018-12-14 01:49:19 - [TEST_STEP][PASSED] - Statement - counter = counter + 1: null

2018-12-14 01:49:19 - [TEST_STEP][PASSED] - Statement - PreSaveFile = new java.io.File(((pathPrefix + java.lang.Integer.toString(counter)) + .png)): null

2018-12-14 01:49:19 - [TEST_STEP][PASSED] - Statement - counter = counter + 1: null

2018-12-14 01:49:19 - [TEST_STEP][PASSED] - Statement - PreSaveFile = new java.io.File(((pathPrefix + java.lang.Integer.toString(counter)) + .png)): null

2018-12-14 01:49:19 - [TEST_STEP][PASSED] - Statement - counter = counter + 1: null

2018-12-14 01:49:19 - [TEST_STEP][PASSED] - Statement - PreSaveFile = new java.io.File(((pathPrefix + java.lang.Integer.toString(counter)) + .png)): null

2018-12-14 01:49:19 - [TEST_STEP][PASSED] - Statement - counter = counter + 1: null

2018-12-14 01:49:19 - [TEST_STEP][PASSED] - Statement - PreSaveFile = new java.io.File(((pathPrefix + java.lang.Integer.toString(counter)) + .png)): null

2018-12-14 01:49:19 - [TEST_STEP][PASSED] - Statement - counter = counter + 1: null

2018-12-14 01:49:19 - [TEST_STEP][PASSED] - Statement - PreSaveFile = new java.io.File(((pathPrefix + java.lang.Integer.toString(counter)) + .png)): null

2018-12-14 01:49:19 - [TEST_STEP][PASSED] - Statement - counter = counter + 1: null

2018-12-14 01:49:19 - [TEST_STEP][PASSED] - Statement - PreSaveFile = new java.io.File(((pathPrefix + java.lang.Integer.toString(counter)) + .png)): null

2018-12-14 01:49:19 - [TEST_STEP][PASSED] - Statement - counter = counter + 1: null

2018-12-14 01:49:19 - [TEST_STEP][PASSED] - Statement - PreSaveFile = new java.io.File(((pathPrefix + java.lang.Integer.toString(counter)) + .png)): null

2018-12-14 01:49:19 - [TEST_STEP][PASSED] - Statement - counter = counter + 1: null

2018-12-14 01:49:19 - [TEST_STEP][PASSED] - Statement - PreSaveFile = new java.io.File(((pathPrefix + java.lang.Integer.toString(counter)) + .png)): null

2018-12-14 01:49:19 - [TEST_STEP][PASSED] - Statement - counter = counter + 1: null

2018-12-14 01:49:19 - [TEST_STEP][PASSED] - Statement - PreSaveFile = new java.io.File(((pathPrefix + java.lang.Integer.toString(counter)) + .png)): null

2018-12-14 01:49:19 - [TEST_STEP][PASSED] - Statement - counter = counter + 1: null

2018-12-14 01:49:19 - [TEST_STEP][PASSED] - Statement - PreSaveFile = new java.io.File(((pathPrefix + java.lang.Integer.toString(counter)) + .png)): null

2018-12-14 01:49:19 - [TEST_STEP][PASSED] - Statement - counter = counter + 1: null

2018-12-14 01:49:19 - [TEST_STEP][PASSED] - Statement - PreSaveFile = new java.io.File(((pathPrefix + java.lang.Integer.toString(counter)) + .png)): null

2018-12-14 01:49:19 - [TEST_STEP][PASSED] - Statement - counter = counter + 1: null

2018-12-14 01:49:19 - [TEST_STEP][PASSED] - Statement - PreSaveFile = new java.io.File(((pathPrefix + java.lang.Integer.toString(counter)) + .png)): null

2018-12-14 01:49:19 - [TEST_STEP][PASSED] - Statement - counter = counter + 1: null

2018-12-14 01:49:19 - [TEST_STEP][PASSED] - Statement - PreSaveFile = new java.io.File(((pathPrefix + java.lang.Integer.toString(counter)) + .png)): null

2018-12-14 01:49:19 - [TEST_STEP][PASSED] - Statement - counter = counter + 1: null

2018-12-14 01:49:19 - [TEST_STEP][PASSED] - Statement - PreSaveFile = new java.io.File(((pathPrefix + java.lang.Integer.toString(counter)) + .png)): null

2018-12-14 01:49:19 - [TEST_STEP][PASSED] - Statement - counter = counter + 1: null

2018-12-14 01:49:19 - [TEST_STEP][PASSED] - Statement - PreSaveFile = new java.io.File(((pathPrefix + java.lang.Integer.toString(counter)) + .png)): null

2018-12-14 01:49:19 - [TEST_STEP][PASSED] - Statement - counter = counter + 1: null

2018-12-14 01:49:19 - [TEST_STEP][PASSED] - Statement - PreSaveFile = new java.io.File(((pathPrefix + java.lang.Integer.toString(counter)) + .png)): null

2018-12-14 01:49:19 - [TEST_STEP][PASSED] - Statement - counter = counter + 1: null

2018-12-14 01:49:19 - [TEST_STEP][PASSED] - Statement - PreSaveFile = new java.io.File(((pathPrefix + java.lang.Integer.toString(counter)) + .png)): null

2018-12-14 01:49:19 - [TEST_STEP][PASSED] - Statement - counter = counter + 1: null

2018-12-14 01:49:19 - [TEST_STEP][PASSED] - Statement - PreSaveFile = new java.io.File(((pathPrefix + java.lang.Integer.toString(counter)) + .png)): null

2018-12-14 01:49:19 - [TEST_STEP][PASSED] - Statement - counter = counter + 1: null

2018-12-14 01:49:19 - [TEST_STEP][PASSED] - Statement - PreSaveFile = new java.io.File(((pathPrefix + java.lang.Integer.toString(counter)) + .png)): null

2018-12-14 01:49:19 - [TEST_STEP][PASSED] - Statement - counter = counter + 1: null

2018-12-14 01:49:19 - [TEST_STEP][PASSED] - Statement - PreSaveFile = new java.io.File(((pathPrefix + java.lang.Integer.toString(counter)) + .png)): null

2018-12-14 01:49:19 - [TEST_STEP][PASSED] - Statement - counter = counter + 1: null

2018-12-14 01:49:19 - [TEST_STEP][PASSED] - Statement - PreSaveFile = new java.io.File(((pathPrefix + java.lang.Integer.toString(counter)) + .png)): null

2018-12-14 01:49:19 - [TEST_STEP][PASSED] - Statement - counter = counter + 1: null

2018-12-14 01:49:19 - [TEST_STEP][PASSED] - Statement - PreSaveFile = new java.io.File(((pathPrefix + java.lang.Integer.toString(counter)) + .png)): null

2018-12-14 01:49:19 - [TEST_STEP][PASSED] - Statement - counter = counter + 1: null

2018-12-14 01:49:19 - [TEST_STEP][PASSED] - Statement - PreSaveFile = new java.io.File(((pathPrefix + java.lang.Integer.toString(counter)) + .png)): null

2018-12-14 01:49:19 - [TEST_STEP][PASSED] - Statement - counter = counter + 1: null

2018-12-14 01:49:19 - [TEST_STEP][PASSED] - Statement - PreSaveFile = new java.io.File(((pathPrefix + java.lang.Integer.toString(counter)) + .png)): null

2018-12-14 01:49:19 - [TEST_STEP][PASSED] - Statement - counter = counter + 1: null

2018-12-14 01:49:19 - [TEST_STEP][PASSED] - Statement - PreSaveFile = new java.io.File(((pathPrefix + java.lang.Integer.toString(counter)) + .png)): null

2018-12-14 01:49:19 - [TEST_STEP][PASSED] - Statement - counter = counter + 1: null

2018-12-14 01:49:19 - [TEST_STEP][PASSED] - Statement - PreSaveFile = new java.io.File(((pathPrefix + java.lang.Integer.toString(counter)) + .png)): null

2018-12-14 01:49:19 - [TEST_STEP][PASSED] - Statement - counter = counter + 1: null

2018-12-14 01:49:19 - [TEST_STEP][PASSED] - Statement - PreSaveFile = new java.io.File(((pathPrefix + java.lang.Integer.toString(counter)) + .png)): null

2018-12-14 01:49:19 - [TEST_STEP][PASSED] - Statement - counter = counter + 1: null

2018-12-14 01:49:19 - [TEST_STEP][PASSED] - Statement - PreSaveFile = new java.io.File(((pathPrefix + java.lang.Integer.toString(counter)) + .png)): null

2018-12-14 01:49:19 - [TEST_STEP][PASSED] - Statement - counter = counter + 1: null

2018-12-14 01:49:19 - [TEST_STEP][PASSED] - Statement - PreSaveFile = new java.io.File(((pathPrefix + java.lang.Integer.toString(counter)) + .png)): null

2018-12-14 01:49:19 - [TEST_STEP][PASSED] - Statement - counter = counter + 1: null

2018-12-14 01:49:19 - [TEST_STEP][PASSED] - Statement - PreSaveFile = new java.io.File(((pathPrefix + java.lang.Integer.toString(counter)) + .png)): null

2018-12-14 01:49:19 - [TEST_STEP][PASSED] - Statement - counter = counter + 1: null

2018-12-14 01:49:19 - [TEST_STEP][PASSED] - Statement - PreSaveFile = new java.io.File(((pathPrefix + java.lang.Integer.toString(counter)) + .png)): null

2018-12-14 01:49:19 - [TEST_STEP][PASSED] - Statement - counter = counter + 1: null

2018-12-14 01:49:19 - [TEST_STEP][PASSED] - Statement - PreSaveFile = new java.io.File(((pathPrefix + java.lang.Integer.toString(counter)) + .png)): null

2018-12-14 01:49:19 - [TEST_STEP][PASSED] - Statement - counter = counter + 1: null

2018-12-14 01:49:19 - [TEST_STEP][PASSED] - Statement - PreSaveFile = new java.io.File(((pathPrefix + java.lang.Integer.toString(counter)) + .png)): null

2018-12-14 01:49:19 - [TEST_STEP][PASSED] - Statement - counter = counter + 1: null

2018-12-14 01:49:19 - [TEST_STEP][PASSED] - Statement - PreSaveFile = new java.io.File(((pathPrefix + java.lang.Integer.toString(counter)) + .png)): null

2018-12-14 01:49:19 - [TEST_STEP][PASSED] - Statement - counter = counter + 1: null

2018-12-14 01:49:19 - [TEST_STEP][PASSED] - Statement - PreSaveFile = new java.io.File(((pathPrefix + java.lang.Integer.toString(counter)) + .png)): null

2018-12-14 01:49:19 - [TEST_STEP][PASSED] - Statement - counter = counter + 1: null

2018-12-14 01:49:19 - [TEST_STEP][PASSED] - Statement - PreSaveFile = new java.io.File(((pathPrefix + java.lang.Integer.toString(counter)) + .png)): null

2018-12-14 01:49:19 - [TEST_STEP][PASSED] - Statement - counter = counter + 1: null

2018-12-14 01:49:19 - [TEST_STEP][PASSED] - Statement - PreSaveFile = new java.io.File(((pathPrefix + java.lang.Integer.toString(counter)) + .png)): null

2018-12-14 01:49:19 - [TEST_STEP][PASSED] - Statement - counter = counter + 1: null

2018-12-14 01:49:19 - [TEST_STEP][PASSED] - Statement - PreSaveFile = new java.io.File(((pathPrefix + java.lang.Integer.toString(counter)) + .png)): null

2018-12-14 01:49:19 - [TEST_STEP][PASSED] - Statement - counter = counter + 1: null

2018-12-14 01:49:19 - [TEST_STEP][PASSED] - Statement - PreSaveFile = new java.io.File(((pathPrefix + java.lang.Integer.toString(counter)) + .png)): null

2018-12-14 01:49:19 - [TEST_STEP][PASSED] - Statement - counter = counter + 1: null

2018-12-14 01:49:19 - [TEST_STEP][PASSED] - Statement - PreSaveFile = new java.io.File(((pathPrefix + java.lang.Integer.toString(counter)) + .png)): null

2018-12-14 01:49:19 - [TEST_STEP][PASSED] - Statement - counter = counter + 1: null

2018-12-14 01:49:19 - [TEST_STEP][PASSED] - Statement - PreSaveFile = new java.io.File(((pathPrefix + java.lang.Integer.toString(counter)) + .png)): null

2018-12-14 01:49:19 - [TEST_STEP][PASSED] - Statement - counter = counter + 1: null

2018-12-14 01:49:19 - [TEST_STEP][PASSED] - Statement - PreSaveFile = new java.io.File(((pathPrefix + java.lang.Integer.toString(counter)) + .png)): null

2018-12-14 01:49:19 - [TEST_STEP][PASSED] - Statement - counter = counter + 1: null

2018-12-14 01:49:19 - [TEST_STEP][PASSED] - Statement - PreSaveFile = new java.io.File(((pathPrefix + java.lang.Integer.toString(counter)) + .png)): null

2018-12-14 01:49:19 - [TEST_STEP][PASSED] - Statement - counter = counter + 1: null

2018-12-14 01:49:19 - [TEST_STEP][PASSED] - Statement - PreSaveFile = new java.io.File(((pathPrefix + java.lang.Integer.toString(counter)) + .png)): null

2018-12-14 01:49:19 - [TEST_STEP][PASSED] - Statement - counter = counter + 1: null

2018-12-14 01:49:19 - [TEST_STEP][PASSED] - Statement - PreSaveFile = new java.io.File(((pathPrefix + java.lang.Integer.toString(counter)) + .png)): null

2018-12-14 01:49:19 - [TEST_STEP][PASSED] - Statement - counter = counter + 1: null

2018-12-14 01:49:19 - [TEST_STEP][PASSED] - Statement - PreSaveFile = new java.io.File(((pathPrefix + java.lang.Integer.toString(counter)) + .png)): null

2018-12-14 01:49:19 - [TEST_STEP][PASSED] - Statement - counter = counter + 1: null

2018-12-14 01:49:19 - [TEST_STEP][PASSED] - Statement - PreSaveFile = new java.io.File(((pathPrefix + java.lang.Integer.toString(counter)) + .png)): null

2018-12-14 01:49:19 - [TEST_STEP][PASSED] - Statement - counter = counter + 1: null

2018-12-14 01:49:19 - [TEST_STEP][PASSED] - Statement - PreSaveFile = new java.io.File(((pathPrefix + java.lang.Integer.toString(counter)) + .png)): null

2018-12-14 01:49:19 - [TEST_STEP][PASSED] - Statement - counter = counter + 1: null

2018-12-14 01:49:19 - [TEST_STEP][PASSED] - Statement - PreSaveFile = new java.io.File(((pathPrefix + java.lang.Integer.toString(counter)) + .png)): null

2018-12-14 01:49:19 - [TEST_STEP][PASSED] - Statement - counter = counter + 1: null

2018-12-14 01:49:19 - [TEST_STEP][PASSED] - Statement - PreSaveFile = new java.io.File(((pathPrefix + java.lang.Integer.toString(counter)) + .png)): null

2018-12-14 01:49:19 - [TEST_STEP][PASSED] - Statement - counter = counter + 1: null

2018-12-14 01:49:19 - [TEST_STEP][PASSED] - Statement - PreSaveFile = new java.io.File(((pathPrefix + java.lang.Integer.toString(counter)) + .png)): null

2018-12-14 01:49:19 - [TEST_STEP][PASSED] - Statement - counter = counter + 1: null

2018-12-14 01:49:19 - [TEST_STEP][PASSED] - Statement - PreSaveFile = new java.io.File(((pathPrefix + java.lang.Integer.toString(counter)) + .png)): null

2018-12-14 01:49:19 - [TEST_STEP][PASSED] - Statement - counter = counter + 1: null

2018-12-14 01:49:19 - [TEST_STEP][PASSED] - Statement - PreSaveFile = new java.io.File(((pathPrefix + java.lang.Integer.toString(counter)) + .png)): null

2018-12-14 01:49:19 - [TEST_STEP][PASSED] - Statement - counter = counter + 1: null

2018-12-14 01:49:19 - [TEST_STEP][PASSED] - Statement - PreSaveFile = new java.io.File(((pathPrefix + java.lang.Integer.toString(counter)) + .png)): null

2018-12-14 01:49:19 - [TEST_STEP][PASSED] - Statement - counter = counter + 1: null

2018-12-14 01:49:19 - [TEST_STEP][PASSED] - Statement - PreSaveFile = new java.io.File(((pathPrefix + java.lang.Integer.toString(counter)) + .png)): null

2018-12-14 01:49:19 - [TEST_STEP][PASSED] - Statement - counter = counter + 1: null

2018-12-14 01:49:19 - [TEST_STEP][PASSED] - Statement - PreSaveFile = new java.io.File(((pathPrefix + java.lang.Integer.toString(counter)) + .png)): null

2018-12-14 01:49:19 - [TEST_STEP][PASSED] - Statement - counter = counter + 1: null

2018-12-14 01:49:19 - [TEST_STEP][PASSED] - Statement - PreSaveFile = new java.io.File(((pathPrefix + java.lang.Integer.toString(counter)) + .png)): null

2018-12-14 01:49:19 - [TEST_STEP][PASSED] - Statement - counter = counter + 1: null

2018-12-14 01:49:19 - [TEST_STEP][PASSED] - Statement - PreSaveFile = new java.io.File(((pathPrefix + java.lang.Integer.toString(counter)) + .png)): null

2018-12-14 01:49:19 - [TEST_STEP][PASSED] - Statement - counter = counter + 1: null

2018-12-14 01:49:19 - [TEST_STEP][PASSED] - Statement - PreSaveFile = new java.io.File(((pathPrefix + java.lang.Integer.toString(counter)) + .png)): null

2018-12-14 01:49:19 - [TEST_STEP][PASSED] - Statement - counter = counter + 1: null

2018-12-14 01:49:19 - [TEST_STEP][PASSED] - Statement - PreSaveFile = new java.io.File(((pathPrefix + java.lang.Integer.toString(counter)) + .png)): null

2018-12-14 01:49:19 - [TEST_STEP][PASSED] - Statement - counter = counter + 1: null

2018-12-14 01:49:19 - [TEST_STEP][PASSED] - Statement - PreSaveFile = new java.io.File(((pathPrefix + java.lang.Integer.toString(counter)) + .png)): null

2018-12-14 01:49:19 - [TEST_STEP][PASSED] - Statement - counter = counter + 1: null

2018-12-14 01:49:19 - [TEST_STEP][PASSED] - Statement - PreSaveFile = new java.io.File(((pathPrefix + java.lang.Integer.toString(counter)) + .png)): null

2018-12-14 01:49:19 - [TEST_STEP][PASSED] - Statement - counter = counter + 1: null

2018-12-14 01:49:19 - [TEST_STEP][PASSED] - Statement - PreSaveFile = new java.io.File(((pathPrefix + java.lang.Integer.toString(counter)) + .png)): null

2018-12-14 01:49:19 - [TEST_STEP][PASSED] - Statement - counter = counter + 1: null

2018-12-14 01:49:19 - [TEST_STEP][PASSED] - Statement - PreSaveFile = new java.io.File(((pathPrefix + java.lang.Integer.toString(counter)) + .png)): null

2018-12-14 01:49:19 - [TEST_STEP][PASSED] - Statement - counter = counter + 1: null

2018-12-14 01:49:19 - [TEST_STEP][PASSED] - Statement - PreSaveFile = new java.io.File(((pathPrefix + java.lang.Integer.toString(counter)) + .png)): null

2018-12-14 01:49:19 - [TEST_STEP][PASSED] - Statement - counter = counter + 1: null

2018-12-14 01:49:19 - [TEST_STEP][PASSED] - Statement - PreSaveFile = new java.io.File(((pathPrefix + java.lang.Integer.toString(counter)) + .png)): null

2018-12-14 01:49:19 - [TEST_STEP][PASSED] - Statement - counter = counter + 1: null

2018-12-14 01:49:19 - [TEST_STEP][PASSED] - Statement - PreSaveFile = new java.io.File(((pathPrefix + java.lang.Integer.toString(counter)) + .png)): null

2018-12-14 01:49:19 - [TEST_STEP][PASSED] - Statement - counter = counter + 1: null

2018-12-14 01:49:19 - [TEST_STEP][PASSED] - Statement - PreSaveFile = new java.io.File(((pathPrefix + java.lang.Integer.toString(counter)) + .png)): null

2018-12-14 01:49:19 - [TEST_STEP][PASSED] - Statement - counter = counter + 1: null

2018-12-14 01:49:19 - [TEST_STEP][PASSED] - Statement - PreSaveFile = new java.io.File(((pathPrefix + java.lang.Integer.toString(counter)) + .png)): null

2018-12-14 01:49:19 - [TEST_STEP][PASSED] - Statement - counter = counter + 1: null

2018-12-14 01:49:19 - [TEST_STEP][PASSED] - Statement - PreSaveFile = new java.io.File(((pathPrefix + java.lang.Integer.toString(counter)) + .png)): null

2018-12-14 01:49:19 - [TEST_STEP][PASSED] - Statement - counter = counter + 1: null

2018-12-14 01:49:19 - [TEST_STEP][PASSED] - Statement - PreSaveFile = new java.io.File(((pathPrefix + java.lang.Integer.toString(counter)) + .png)): null

2018-12-14 01:49:19 - [TEST_STEP][PASSED] - Statement - counter = counter + 1: null

2018-12-14 01:49:19 - [TEST_STEP][PASSED] - Statement - PreSaveFile = new java.io.File(((pathPrefix + java.lang.Integer.toString(counter)) + .png)): null

2018-12-14 01:49:19 - [TEST_STEP][PASSED] - Statement - counter = counter + 1: null

2018-12-14 01:49:19 - [TEST_STEP][PASSED] - Statement - PreSaveFile = new java.io.File(((pathPrefix + java.lang.Integer.toString(counter)) + .png)): null

2018-12-14 01:49:19 - [TEST_STEP][PASSED] - Statement - counter = counter + 1: null

2018-12-14 01:49:19 - [TEST_STEP][PASSED] - Statement - PreSaveFile = new java.io.File(((pathPrefix + java.lang.Integer.toString(counter)) + .png)): null

2018-12-14 01:49:19 - [TEST_STEP][PASSED] - Statement - counter = counter + 1: null

2018-12-14 01:49:19 - [TEST_STEP][PASSED] - Statement - PreSaveFile = new java.io.File(((pathPrefix + java.lang.Integer.toString(counter)) + .png)): null

2018-12-14 01:49:19 - [TEST_STEP][PASSED] - Statement - counter = counter + 1: null

2018-12-14 01:49:19 - [TEST_STEP][PASSED] - Statement - PreSaveFile = new java.io.File(((pathPrefix + java.lang.Integer.toString(counter)) + .png)): null

2018-12-14 01:49:19 - [TEST_STEP][PASSED] - Statement - counter = counter + 1: null

2018-12-14 01:49:19 - [TEST_STEP][PASSED] - Statement - PreSaveFile = new java.io.File(((pathPrefix + java.lang.Integer.toString(counter)) + .png)): null

2018-12-14 01:49:19 - [TEST_STEP][PASSED] - Statement - counter = counter + 1: null

2018-12-14 01:49:19 - [TEST_STEP][PASSED] - Statement - PreSaveFile = new java.io.File(((pathPrefix + java.lang.Integer.toString(counter)) + .png)): null

2018-12-14 01:49:19 - [TEST_STEP][PASSED] - Statement - counter = counter + 1: null

2018-12-14 01:49:19 - [TEST_STEP][PASSED] - Statement - PreSaveFile = new java.io.File(((pathPrefix + java.lang.Integer.toString(counter)) + .png)): null

2018-12-14 01:49:19 - [TEST_STEP][PASSED] - Statement - counter = counter + 1: null

2018-12-14 01:49:19 - [TEST_STEP][PASSED] - Statement - PreSaveFile = new java.io.File(((pathPrefix + java.lang.Integer.toString(counter)) + .png)): null

2018-12-14 01:49:19 - [TEST_STEP][PASSED] - Statement - counter = counter + 1: null

2018-12-14 01:49:19 - [TEST_STEP][PASSED] - Statement - PreSaveFile = new java.io.File(((pathPrefix + java.lang.Integer.toString(counter)) + .png)): null

2018-12-14 01:49:19 - [TEST_STEP][PASSED] - Statement - counter = counter + 1: null

2018-12-14 01:49:19 - [TEST_STEP][PASSED] - Statement - PreSaveFile = new java.io.File(((pathPrefix + java.lang.Integer.toString(counter)) + .png)): null

2018-12-14 01:49:19 - [TEST_STEP][PASSED] - Statement - counter = counter + 1: null

2018-12-14 01:49:19 - [TEST_STEP][PASSED] - Statement - PreSaveFile = new java.io.File(((pathPrefix + java.lang.Integer.toString(counter)) + .png)): null

2018-12-14 01:49:19 - [TEST_STEP][PASSED] - Statement - counter = counter + 1: null

2018-12-14 01:49:19 - [TEST_STEP][PASSED] - Statement - PreSaveFile = new java.io.File(((pathPrefix + java.lang.Integer.toString(counter)) + .png)): null

2018-12-14 01:49:19 - [TEST_STEP][PASSED] - Statement - counter = counter + 1: null

2018-12-14 01:49:19 - [TEST_STEP][PASSED] - Statement - PreSaveFile = new java.io.File(((pathPrefix + java.lang.Integer.toString(counter)) + .png)): null

2018-12-14 01:49:19 - [TEST_STEP][PASSED] - Statement - counter = counter + 1: null

2018-12-14 01:49:19 - [TEST_STEP][PASSED] - Statement - PreSaveFile = new java.io.File(((pathPrefix + java.lang.Integer.toString(counter)) + .png)): null

2018-12-14 01:49:19 - [TEST_STEP][PASSED] - Statement - counter = counter + 1: null

2018-12-14 01:49:19 - [TEST_STEP][PASSED] - Statement - PreSaveFile = new java.io.File(((pathPrefix + java.lang.Integer.toString(counter)) + .png)): null

2018-12-14 01:49:19 - [TEST_STEP][PASSED] - Statement - counter = counter + 1: null

2018-12-14 01:49:19 - [TEST_STEP][PASSED] - Statement - PreSaveFile = new java.io.File(((pathPrefix + java.lang.Integer.toString(counter)) + .png)): null

2018-12-14 01:49:19 - [TEST_STEP][PASSED] - Statement - counter = counter + 1: null

2018-12-14 01:49:19 - [TEST_STEP][PASSED] - Statement - PreSaveFile = new java.io.File(((pathPrefix + java.lang.Integer.toString(counter)) + .png)): null

2018-12-14 01:49:19 - [TEST_STEP][PASSED] - Statement - counter = counter + 1: null

2018-12-14 01:49:19 - [TEST_STEP][PASSED] - Statement - PreSaveFile = new java.io.File(((pathPrefix + java.lang.Integer.toString(counter)) + .png)): null

2018-12-14 01:49:19 - [TEST_STEP][PASSED] - Statement - counter = counter + 1: null

2018-12-14 01:49:19 - [TEST_STEP][PASSED] - Statement - PreSaveFile = new java.io.File(((pathPrefix + java.lang.Integer.toString(counter)) + .png)): null

2018-12-14 01:49:19 - [TEST_STEP][PASSED] - Statement - counter = counter + 1: null

2018-12-14 01:49:19 - [TEST_STEP][PASSED] - Statement - PreSaveFile = new java.io.File(((pathPrefix + java.lang.Integer.toString(counter)) + .png)): null

2018-12-14 01:49:19 - [TEST_STEP][PASSED] - Statement - counter = counter + 1: null

2018-12-14 01:49:19 - [TEST_STEP][PASSED] - Statement - PreSaveFile = new java.io.File(((pathPrefix + java.lang.Integer.toString(counter)) + .png)): null

2018-12-14 01:49:19 - [TEST_STEP][PASSED] - Statement - counter = counter + 1: null

2018-12-14 01:49:19 - [TEST_STEP][PASSED] - Statement - PreSaveFile = new java.io.File(((pathPrefix + java.lang.Integer.toString(counter)) + .png)): null

2018-12-14 01:49:19 - [TEST_STEP][PASSED] - Statement - counter = counter + 1: null

2018-12-14 01:49:19 - [TEST_STEP][PASSED] - Statement - PreSaveFile = new java.io.File(((pathPrefix + java.lang.Integer.toString(counter)) + .png)): null

2018-12-14 01:49:19 - [TEST_STEP][PASSED] - Statement - counter = counter + 1: null

2018-12-14 01:49:19 - [TEST_STEP][PASSED] - Statement - PreSaveFile = new java.io.File(((pathPrefix + java.lang.Integer.toString(counter)) + .png)): null

2018-12-14 01:49:19 - [TEST_STEP][PASSED] - Statement - counter = counter + 1: null

2018-12-14 01:49:19 - [TEST_STEP][PASSED] - Statement - PreSaveFile = new java.io.File(((pathPrefix + java.lang.Integer.toString(counter)) + .png)): null

2018-12-14 01:49:19 - [TEST_STEP][PASSED] - Statement - counter = counter + 1: null

2018-12-14 01:49:19 - [TEST_STEP][PASSED] - Statement - PreSaveFile = new java.io.File(((pathPrefix + java.lang.Integer.toString(counter)) + .png)): null

2018-12-14 01:49:19 - [TEST_STEP][PASSED] - Statement - counter = counter + 1: null

2018-12-14 01:49:19 - [TEST_STEP][PASSED] - Statement - PreSaveFile = new java.io.File(((pathPrefix + java.lang.Integer.toString(counter)) + .png)): null

2018-12-14 01:49:19 - [TEST_STEP][PASSED] - Statement - counter = counter + 1: null

2018-12-14 01:49:19 - [TEST_STEP][PASSED] - Statement - PreSaveFile = new java.io.File(((pathPrefix + java.lang.Integer.toString(counter)) + .png)): null

2018-12-14 01:49:19 - [TEST_STEP][PASSED] - Statement - counter = counter + 1: null

2018-12-14 01:49:19 - [TEST_STEP][PASSED] - Statement - PreSaveFile = new java.io.File(((pathPrefix + java.lang.Integer.toString(counter)) + .png)): null

2018-12-14 01:49:19 - [TEST_STEP][PASSED] - Statement - counter = counter + 1: null

2018-12-14 01:49:19 - [TEST_STEP][PASSED] - Statement - PreSaveFile = new java.io.File(((pathPrefix + java.lang.Integer.toString(counter)) + .png)): null

2018-12-14 01:49:19 - [TEST_STEP][PASSED] - Statement - counter = counter + 1: null

2018-12-14 01:49:19 - [TEST_STEP][PASSED] - Statement - PreSaveFile = new java.io.File(((pathPrefix + java.lang.Integer.toString(counter)) + .png)): null

2018-12-14 01:49:19 - [TEST_STEP][PASSED] - Statement - counter = counter + 1: null

2018-12-14 01:49:19 - [TEST_STEP][PASSED] - Statement - PreSaveFile = new java.io.File(((pathPrefix + java.lang.Integer.toString(counter)) + .png)): null

2018-12-14 01:49:19 - [TEST_STEP][PASSED] - Statement - counter = counter + 1: null

2018-12-14 01:49:19 - [TEST_STEP][PASSED] - Statement - PreSaveFile = new java.io.File(((pathPrefix + java.lang.Integer.toString(counter)) + .png)): null

2018-12-14 01:49:19 - [TEST_STEP][PASSED] - Statement - counter = counter + 1: null

2018-12-14 01:49:19 - [TEST_STEP][PASSED] - Statement - PreSaveFile = new java.io.File(((pathPrefix + java.lang.Integer.toString(counter)) + .png)): null

2018-12-14 01:49:19 - [TEST_STEP][PASSED] - Statement - counter = counter + 1: null

2018-12-14 01:49:19 - [TEST_STEP][PASSED] - Statement - PreSaveFile = new java.io.File(((pathPrefix + java.lang.Integer.toString(counter)) + .png)): null

2018-12-14 01:49:19 - [TEST_STEP][PASSED] - Statement - counter = counter + 1: null

2018-12-14 01:49:19 - [TEST_STEP][PASSED] - Statement - PreSaveFile = new java.io.File(((pathPrefix + java.lang.Integer.toString(counter)) + .png)): null

2018-12-14 01:49:19 - [TEST_STEP][PASSED] - Statement - counter = counter + 1: null

2018-12-14 01:49:19 - [TEST_STEP][PASSED] - Statement - PreSaveFile = new java.io.File(((pathPrefix + java.lang.Integer.toString(counter)) + .png)): null

2018-12-14 01:49:19 - [TEST_STEP][PASSED] - Statement - counter = counter + 1: null

2018-12-14 01:49:19 - [TEST_STEP][PASSED] - Statement - PreSaveFile = new java.io.File(((pathPrefix + java.lang.Integer.toString(counter)) + .png)): null

2018-12-14 01:49:19 - [TEST_STEP][PASSED] - Statement - counter = counter + 1: null

2018-12-14 01:49:19 - [TEST_STEP][PASSED] - Statement - PreSaveFile = new java.io.File(((pathPrefix + java.lang.Integer.toString(counter)) + .png)): null

2018-12-14 01:49:19 - [TEST_STEP][PASSED] - Statement - counter = counter + 1: null

2018-12-14 01:49:19 - [TEST_STEP][PASSED] - Statement - PreSaveFile = new java.io.File(((pathPrefix + java.lang.Integer.toString(counter)) + .png)): null

2018-12-14 01:49:19 - [TEST_STEP][PASSED] - Statement - counter = counter + 1: null

2018-12-14 01:49:19 - [TEST_STEP][PASSED] - Statement - PreSaveFile = new java.io.File(((pathPrefix + java.lang.Integer.toString(counter)) + .png)): null

2018-12-14 01:49:19 - [TEST_STEP][PASSED] - Statement - counter = counter + 1: null

2018-12-14 01:49:19 - [TEST_STEP][PASSED] - Statement - PreSaveFile = new java.io.File(((pathPrefix + java.lang.Integer.toString(counter)) + .png)): null

2018-12-14 01:49:19 - [TEST_STEP][PASSED] - Statement - counter = counter + 1: null

2018-12-14 01:49:19 - [TEST_STEP][PASSED] - Statement - PreSaveFile = new java.io.File(((pathPrefix + java.lang.Integer.toString(counter)) + .png)): null

2018-12-14 01:49:19 - [TEST_STEP][PASSED] - Statement - counter = counter + 1: null

2018-12-14 01:49:19 - [TEST_STEP][PASSED] - Statement - PreSaveFile = new java.io.File(((pathPrefix + java.lang.Integer.toString(counter)) + .png)): null

2018-12-14 01:49:19 - [TEST_STEP][PASSED] - Statement - counter = counter + 1: null

2018-12-14 01:49:19 - [TEST_STEP][PASSED] - Statement - PreSaveFile = new java.io.File(((pathPrefix + java.lang.Integer.toString(counter)) + .png)): null

2018-12-14 01:49:19 - [TEST_STEP][PASSED] - Statement - counter = counter + 1: null

2018-12-14 01:49:19 - [TEST_STEP][PASSED] - Statement - PreSaveFile = new java.io.File(((pathPrefix + java.lang.Integer.toString(counter)) + .png)): null

2018-12-14 01:49:19 - [TEST_STEP][PASSED] - Statement - counter = counter + 1: null

2018-12-14 01:49:19 - [TEST_STEP][PASSED] - Statement - PreSaveFile = new java.io.File(((pathPrefix + java.lang.Integer.toString(counter)) + .png)): null

2018-12-14 01:49:19 - [TEST_STEP][PASSED] - Statement - counter = counter + 1: null

2018-12-14 01:49:19 - [TEST_STEP][PASSED] - Statement - PreSaveFile = new java.io.File(((pathPrefix + java.lang.Integer.toString(counter)) + .png)): null

2018-12-14 01:49:19 - [TEST_STEP][PASSED] - Statement - counter = counter + 1: null

2018-12-14 01:49:19 - [TEST_STEP][PASSED] - Statement - PreSaveFile = new java.io.File(((pathPrefix + java.lang.Integer.toString(counter)) + .png)): null

2018-12-14 01:49:19 - [TEST_STEP][PASSED] - Statement - counter = counter + 1: null

2018-12-14 01:49:20 - [TEST_STEP][PASSED] - Statement - PreSaveFile = new java.io.File(((pathPrefix + java.lang.Integer.toString(counter)) + .png)): null

2018-12-14 01:49:20 - [TEST_STEP][PASSED] - Statement - counter = counter + 1: null

2018-12-14 01:49:20 - [TEST_STEP][PASSED] - Statement - PreSaveFile = new java.io.File(((pathPrefix + java.lang.Integer.toString(counter)) + .png)): null

2018-12-14 01:49:20 - [TEST_STEP][PASSED] - Statement - counter = counter + 1: null

2018-12-14 01:49:20 - [TEST_STEP][PASSED] - Statement - PreSaveFile = new java.io.File(((pathPrefix + java.lang.Integer.toString(counter)) + .png)): null

2018-12-14 01:49:20 - [TEST_STEP][PASSED] - Statement - counter = counter + 1: null

2018-12-14 01:49:20 - [TEST_STEP][PASSED] - Statement - PreSaveFile = new java.io.File(((pathPrefix + java.lang.Integer.toString(counter)) + .png)): null

2018-12-14 01:49:20 - [TEST_STEP][PASSED] - Statement - counter = counter + 1: null

2018-12-14 01:49:20 - [TEST_STEP][PASSED] - Statement - PreSaveFile = new java.io.File(((pathPrefix + java.lang.Integer.toString(counter)) + .png)): null

2018-12-14 01:49:20 - [TEST_STEP][PASSED] - Statement - counter = counter + 1: null

2018-12-14 01:49:20 - [TEST_STEP][PASSED] - Statement - PreSaveFile = new java.io.File(((pathPrefix + java.lang.Integer.toString(counter)) + .png)): null

2018-12-14 01:49:20 - [TEST_STEP][PASSED] - Statement - counter = counter + 1: null

2018-12-14 01:49:20 - [TEST_STEP][PASSED] - Statement - PreSaveFile = new java.io.File(((pathPrefix + java.lang.Integer.toString(counter)) + .png)): null

2018-12-14 01:49:20 - [TEST_STEP][PASSED] - Statement - counter = counter + 1: null

2018-12-14 01:49:20 - [TEST_STEP][PASSED] - Statement - PreSaveFile = new java.io.File(((pathPrefix + java.lang.Integer.toString(counter)) + .png)): null

2018-12-14 01:49:20 - [TEST_STEP][PASSED] - Statement - counter = counter + 1: null

2018-12-14 01:49:20 - [TEST_STEP][PASSED] - Statement - PreSaveFile = new java.io.File(((pathPrefix + java.lang.Integer.toString(counter)) + .png)): null

2018-12-14 01:49:20 - [TEST_STEP][PASSED] - Statement - counter = counter + 1: null

2018-12-14 01:49:20 - [TEST_STEP][PASSED] - Statement - PreSaveFile = new java.io.File(((pathPrefix + java.lang.Integer.toString(counter)) + .png)): null

2018-12-14 01:49:20 - [TEST_STEP][PASSED] - Statement - counter = counter + 1: null

2018-12-14 01:49:20 - [TEST_STEP][PASSED] - Statement - PreSaveFile = new java.io.File(((pathPrefix + java.lang.Integer.toString(counter)) + .png)): null

2018-12-14 01:49:20 - [TEST_STEP][PASSED] - Statement - counter = counter + 1: null

2018-12-14 01:49:20 - [TEST_STEP][PASSED] - Statement - PreSaveFile = new java.io.File(((pathPrefix + java.lang.Integer.toString(counter)) + .png)): null

2018-12-14 01:49:20 - [TEST_STEP][PASSED] - Statement - counter = counter + 1: null

2018-12-14 01:49:20 - [TEST_STEP][PASSED] - Statement - PreSaveFile = new java.io.File(((pathPrefix + java.lang.Integer.toString(counter)) + .png)): null

2018-12-14 01:49:20 - [TEST_STEP][PASSED] - Statement - counter = counter + 1: null

2018-12-14 01:49:20 - [TEST_STEP][PASSED] - Statement - PreSaveFile = new java.io.File(((pathPrefix + java.lang.Integer.toString(counter)) + .png)): null

2018-12-14 01:49:20 - [TEST_STEP][PASSED] - Statement - counter = counter + 1: null

2018-12-14 01:49:20 - [TEST_STEP][PASSED] - Statement - PreSaveFile = new java.io.File(((pathPrefix + java.lang.Integer.toString(counter)) + .png)): null

2018-12-14 01:49:20 - [TEST_STEP][PASSED] - Statement - counter = counter + 1: null

2018-12-14 01:49:20 - [TEST_STEP][PASSED] - Statement - PreSaveFile = new java.io.File(((pathPrefix + java.lang.Integer.toString(counter)) + .png)): null

2018-12-14 01:49:20 - [TEST_STEP][PASSED] - Statement - counter = counter + 1: null

2018-12-14 01:49:20 - [TEST_STEP][PASSED] - Statement - PreSaveFile = new java.io.File(((pathPrefix + java.lang.Integer.toString(counter)) + .png)): null

2018-12-14 01:49:20 - [TEST_STEP][PASSED] - Statement - counter = counter + 1: null

2018-12-14 01:49:20 - [TEST_STEP][PASSED] - Statement - PreSaveFile = new java.io.File(((pathPrefix + java.lang.Integer.toString(counter)) + .png)): null

2018-12-14 01:49:20 - [TEST_STEP][PASSED] - Statement - counter = counter + 1: null

2018-12-14 01:49:20 - [TEST_STEP][PASSED] - Statement - PreSaveFile = new java.io.File(((pathPrefix + java.lang.Integer.toString(counter)) + .png)): null

2018-12-14 01:49:20 - [TEST_STEP][PASSED] - Statement - counter = counter + 1: null

2018-12-14 01:49:20 - [TEST_STEP][PASSED] - Statement - PreSaveFile = new java.io.File(((pathPrefix + java.lang.Integer.toString(counter)) + .png)): null

2018-12-14 01:49:20 - [TEST_STEP][PASSED] - Statement - counter = counter + 1: null

2018-12-14 01:49:20 - [TEST_STEP][PASSED] - Statement - PreSaveFile = new java.io.File(((pathPrefix + java.lang.Integer.toString(counter)) + .png)): null

2018-12-14 01:49:20 - [TEST_STEP][PASSED] - Statement - counter = counter + 1: null

2018-12-14 01:49:20 - [TEST_STEP][PASSED] - Statement - PreSaveFile = new java.io.File(((pathPrefix + java.lang.Integer.toString(counter)) + .png)): null

2018-12-14 01:49:20 - [TEST_STEP][PASSED] - Statement - counter = counter + 1: null

2018-12-14 01:49:20 - [TEST_STEP][PASSED] - Statement - PreSaveFile = new java.io.File(((pathPrefix + java.lang.Integer.toString(counter)) + .png)): null

2018-12-14 01:49:20 - [TEST_STEP][PASSED] - Statement - counter = counter + 1: null

2018-12-14 01:49:20 - [TEST_STEP][PASSED] - Statement - PreSaveFile = new java.io.File(((pathPrefix + java.lang.Integer.toString(counter)) + .png)): null

2018-12-14 01:49:20 - [TEST_STEP][PASSED] - Statement - counter = counter + 1: null

2018-12-14 01:49:20 - [TEST_STEP][PASSED] - Statement - PreSaveFile = new java.io.File(((pathPrefix + java.lang.Integer.toString(counter)) + .png)): null

2018-12-14 01:49:20 - [TEST_STEP][PASSED] - Statement - counter = counter + 1: null

2018-12-14 01:49:20 - [TEST_STEP][PASSED] - Statement - PreSaveFile = new java.io.File(((pathPrefix + java.lang.Integer.toString(counter)) + .png)): null

2018-12-14 01:49:20 - [TEST_STEP][PASSED] - Statement - counter = counter + 1: null

2018-12-14 01:49:20 - [TEST_STEP][PASSED] - Statement - PreSaveFile = new java.io.File(((pathPrefix + java.lang.Integer.toString(counter)) + .png)): null

2018-12-14 01:49:20 - [TEST_STEP][PASSED] - Statement - counter = counter + 1: null

2018-12-14 01:49:20 - [TEST_STEP][PASSED] - Statement - PreSaveFile = new java.io.File(((pathPrefix + java.lang.Integer.toString(counter)) + .png)): null

2018-12-14 01:49:20 - [TEST_STEP][PASSED] - Statement - counter = counter + 1: null

2018-12-14 01:49:20 - [TEST_STEP][PASSED] - Statement - PreSaveFile = new java.io.File(((pathPrefix + java.lang.Integer.toString(counter)) + .png)): null

2018-12-14 01:49:20 - [TEST_STEP][PASSED] - Statement - counter = counter + 1: null

2018-12-14 01:49:20 - [TEST_STEP][PASSED] - Statement - PreSaveFile = new java.io.File(((pathPrefix + java.lang.Integer.toString(counter)) + .png)): null

2018-12-14 01:49:20 - [TEST_STEP][PASSED] - Statement - counter = counter + 1: null

2018-12-14 01:49:20 - [TEST_STEP][PASSED] - Statement - PreSaveFile = new java.io.File(((pathPrefix + java.lang.Integer.toString(counter)) + .png)): null

2018-12-14 01:49:20 - [TEST_STEP][PASSED] - Statement - counter = counter + 1: null

2018-12-14 01:49:20 - [TEST_STEP][PASSED] - Statement - PreSaveFile = new java.io.File(((pathPrefix + java.lang.Integer.toString(counter)) + .png)): null

2018-12-14 01:49:20 - [TEST_STEP][PASSED] - Statement - counter = counter + 1: null

2018-12-14 01:49:20 - [TEST_STEP][PASSED] - Statement - PreSaveFile = new java.io.File(((pathPrefix + java.lang.Integer.toString(counter)) + .png)): null

2018-12-14 01:49:20 - [TEST_STEP][PASSED] - Statement - counter = counter + 1: null

2018-12-14 01:49:20 - [TEST_STEP][PASSED] - Statement - PreSaveFile = new java.io.File(((pathPrefix + java.lang.Integer.toString(counter)) + .png)): null

2018-12-14 01:49:20 - [TEST_STEP][PASSED] - Statement - counter = counter + 1: null

2018-12-14 01:49:20 - [TEST_STEP][PASSED] - Statement - PreSaveFile = new java.io.File(((pathPrefix + java.lang.Integer.toString(counter)) + .png)): null

2018-12-14 01:49:20 - [TEST_STEP][PASSED] - Statement - counter = counter + 1: null

2018-12-14 01:49:20 - [TEST_STEP][PASSED] - Statement - PreSaveFile = new java.io.File(((pathPrefix + java.lang.Integer.toString(counter)) + .png)): null

2018-12-14 01:49:20 - [TEST_STEP][PASSED] - Statement - counter = counter + 1: null

2018-12-14 01:49:20 - [TEST_STEP][PASSED] - Statement - PreSaveFile = new java.io.File(((pathPrefix + java.lang.Integer.toString(counter)) + .png)): null

2018-12-14 01:49:20 - [TEST_STEP][PASSED] - Statement - counter = counter + 1: null

2018-12-14 01:49:20 - [TEST_STEP][PASSED] - Statement - PreSaveFile = new java.io.File(((pathPrefix + java.lang.Integer.toString(counter)) + .png)): null

2018-12-14 01:49:20 - [TEST_STEP][PASSED] - Statement - counter = counter + 1: null

2018-12-14 01:49:20 - [TEST_STEP][PASSED] - Statement - PreSaveFile = new java.io.File(((pathPrefix + java.lang.Integer.toString(counter)) + .png)): null

2018-12-14 01:49:20 - [TEST_STEP][PASSED] - Statement - counter = counter + 1: null

2018-12-14 01:49:20 - [TEST_STEP][PASSED] - Statement - PreSaveFile = new java.io.File(((pathPrefix + java.lang.Integer.toString(counter)) + .png)): null

2018-12-14 01:49:20 - [TEST_STEP][PASSED] - Statement - counter = counter + 1: null

2018-12-14 01:49:20 - [TEST_STEP][PASSED] - Statement - PreSaveFile = new java.io.File(((pathPrefix + java.lang.Integer.toString(counter)) + .png)): null

2018-12-14 01:49:20 - [TEST_STEP][PASSED] - Statement - counter = counter + 1: null

2018-12-14 01:49:20 - [TEST_STEP][PASSED] - Statement - PreSaveFile = new java.io.File(((pathPrefix + java.lang.Integer.toString(counter)) + .png)): null

2018-12-14 01:49:20 - [TEST_STEP][PASSED] - Statement - counter = counter + 1: null

2018-12-14 01:49:20 - [TEST_STEP][PASSED] - Statement - PreSaveFile = new java.io.File(((pathPrefix + java.lang.Integer.toString(counter)) + .png)): null

2018-12-14 01:49:20 - [TEST_STEP][PASSED] - Statement - counter = counter + 1: null

2018-12-14 01:49:20 - [TEST_STEP][PASSED] - Statement - PreSaveFile = new java.io.File(((pathPrefix + java.lang.Integer.toString(counter)) + .png)): null

2018-12-14 01:49:20 - [TEST_STEP][PASSED] - Statement - counter = counter + 1: null

2018-12-14 01:49:20 - [TEST_STEP][PASSED] - Statement - PreSaveFile = new java.io.File(((pathPrefix + java.lang.Integer.toString(counter)) + .png)): null

2018-12-14 01:49:20 - [TEST_STEP][PASSED] - Statement - counter = counter + 1: null

2018-12-14 01:49:20 - [TEST_STEP][PASSED] - Statement - PreSaveFile = new java.io.File(((pathPrefix + java.lang.Integer.toString(counter)) + .png)): null

2018-12-14 01:49:20 - [TEST_STEP][PASSED] - Statement - counter = counter + 1: null

2018-12-14 01:49:20 - [TEST_STEP][PASSED] - Statement - PreSaveFile = new java.io.File(((pathPrefix + java.lang.Integer.toString(counter)) + .png)): null

2018-12-14 01:49:20 - [TEST_STEP][PASSED] - Statement - counter = counter + 1: null

2018-12-14 01:49:20 - [TEST_STEP][PASSED] - Statement - PreSaveFile = new java.io.File(((pathPrefix + java.lang.Integer.toString(counter)) + .png)): null

2018-12-14 01:49:20 - [TEST_STEP][PASSED] - Statement - counter = counter + 1: null

2018-12-14 01:49:20 - [TEST_STEP][PASSED] - Statement - PreSaveFile = new java.io.File(((pathPrefix + java.lang.Integer.toString(counter)) + .png)): null

2018-12-14 01:49:20 - [TEST_STEP][PASSED] - Statement - counter = counter + 1: null

2018-12-14 01:49:20 - [TEST_STEP][PASSED] - Statement - PreSaveFile = new java.io.File(((pathPrefix + java.lang.Integer.toString(counter)) + .png)): null

2018-12-14 01:49:20 - [TEST_STEP][PASSED] - Statement - counter = counter + 1: null

2018-12-14 01:49:20 - [TEST_STEP][PASSED] - Statement - PreSaveFile = new java.io.File(((pathPrefix + java.lang.Integer.toString(counter)) + .png)): null

2018-12-14 01:49:20 - [TEST_STEP][PASSED] - Statement - counter = counter + 1: null

2018-12-14 01:49:20 - [TEST_STEP][PASSED] - Statement - PreSaveFile = new java.io.File(((pathPrefix + java.lang.Integer.toString(counter)) + .png)): null

2018-12-14 01:49:20 - [TEST_STEP][PASSED] - Statement - counter = counter + 1: null

2018-12-14 01:49:20 - [TEST_STEP][PASSED] - Statement - PreSaveFile = new java.io.File(((pathPrefix + java.lang.Integer.toString(counter)) + .png)): null

2018-12-14 01:49:20 - [TEST_STEP][PASSED] - Statement - counter = counter + 1: null

2018-12-14 01:49:20 - [TEST_STEP][PASSED] - Statement - PreSaveFile = new java.io.File(((pathPrefix + java.lang.Integer.toString(counter)) + .png)): null

2018-12-14 01:49:20 - [TEST_STEP][PASSED] - Statement - counter = counter + 1: null

2018-12-14 01:49:20 - [TEST_STEP][PASSED] - Statement - PreSaveFile = new java.io.File(((pathPrefix + java.lang.Integer.toString(counter)) + .png)): null

2018-12-14 01:49:20 - [TEST_STEP][PASSED] - Statement - counter = counter + 1: null

2018-12-14 01:49:20 - [TEST_STEP][PASSED] - Statement - PreSaveFile = new java.io.File(((pathPrefix + java.lang.Integer.toString(counter)) + .png)): null

2018-12-14 01:49:20 - [TEST_STEP][PASSED] - Statement - counter = counter + 1: null

2018-12-14 01:49:20 - [TEST_STEP][PASSED] - Statement - PreSaveFile = new java.io.File(((pathPrefix + java.lang.Integer.toString(counter)) + .png)): null

2018-12-14 01:49:20 - [TEST_STEP][PASSED] - Statement - counter = counter + 1: null

2018-12-14 01:49:20 - [TEST_STEP][PASSED] - Statement - PreSaveFile = new java.io.File(((pathPrefix + java.lang.Integer.toString(counter)) + .png)): null

2018-12-14 01:49:20 - [TEST_STEP][PASSED] - Statement - counter = counter + 1: null

2018-12-14 01:49:20 - [TEST_STEP][PASSED] - Statement - PreSaveFile = new java.io.File(((pathPrefix + java.lang.Integer.toString(counter)) + .png)): null

2018-12-14 01:49:20 - [TEST_STEP][PASSED] - Statement - counter = counter + 1: null

2018-12-14 01:49:20 - [TEST_STEP][PASSED] - Statement - PreSaveFile = new java.io.File(((pathPrefix + java.lang.Integer.toString(counter)) + .png)): null

2018-12-14 01:49:20 - [TEST_STEP][PASSED] - Statement - counter = counter + 1: null

2018-12-14 01:49:20 - [TEST_STEP][PASSED] - Statement - PreSaveFile = new java.io.File(((pathPrefix + java.lang.Integer.toString(counter)) + .png)): null

2018-12-14 01:49:20 - [TEST_STEP][PASSED] - Statement - counter = counter + 1: null

2018-12-14 01:49:20 - [TEST_STEP][PASSED] - Statement - PreSaveFile = new java.io.File(((pathPrefix + java.lang.Integer.toString(counter)) + .png)): null

2018-12-14 01:49:20 - [TEST_STEP][PASSED] - Statement - counter = counter + 1: null

2018-12-14 01:49:20 - [TEST_STEP][PASSED] - Statement - PreSaveFile = new java.io.File(((pathPrefix + java.lang.Integer.toString(counter)) + .png)): null

2018-12-14 01:49:20 - [TEST_STEP][PASSED] - Statement - counter = counter + 1: null

2018-12-14 01:49:20 - [TEST_STEP][PASSED] - Statement - PreSaveFile = new java.io.File(((pathPrefix + java.lang.Integer.toString(counter)) + .png)): null

2018-12-14 01:49:20 - [TEST_STEP][PASSED] - Statement - counter = counter + 1: null

2018-12-14 01:49:20 - [TEST_STEP][PASSED] - Statement - PreSaveFile = new java.io.File(((pathPrefix + java.lang.Integer.toString(counter)) + .png)): null

2018-12-14 01:49:20 - [TEST_STEP][PASSED] - Statement - finalPath = pathPrefix + java.lang.Integer.toString(counter) + ".png": null

2018-12-14 01:49:20 - [TEST_STEP][PASSED] - Statement - SaveFile = new java.io.File(finalPath): null

2018-12-14 01:49:20 - [TEST_STEP][PASSED] - Statement - Try: null

2018-12-14 01:49:20 - [TEST_STEP][PASSED] - Statement - org.apache.commons.io.FileUtils.copyFile(scrFile, SaveFile): null

2018-12-14 01:49:20 - [TEST_STEP][PASSED] - Statement - out.println("file kept"): null

2018-12-14 01:49:20 - [TEST_STEP][PASSED] - delay: Delayed 10 second(s)

2018-12-14 01:49:30 - [MESSAGE][PASSED] - Delayed 10 second(s)

2018-12-14 01:49:30 - [MESSAGE][PASSED] - Call Test Case 'Test Cases/Final Aug 2018 - PKS Automation/Common/Screenshoting tool' successfully

2018-12-14 01:49:30 - [TEST_STEP][PASSED] - callTestCase: Call Test Case 'Test Cases/Final Aug 2018 - PKS Automation/Registration Module/Log Out/log out avoiding katalon tagging' successfully

2018-12-14 01:49:30 - [TEST_CASE][PASSED] - Test Cases/Final Aug 2018 - PKS Automation/Registration Module/Log Out/log out avoiding katalon tagging: Test Cases/Final Aug 2018 - PKS Automation/Registration Module/Log Out/log out avoiding katalon tagging

2018-12-14 01:49:30 - [TEST_STEP][PASSED] - navigateToUrl: Navigate to 'https://assist2-uat.perkeso.gov.my/c/portal/logout' successfully

2018-12-14 01:49:31 - [MESSAGE][PASSED] - Navigate to 'https://assist2-uat.perkeso.gov.my/c/portal/logout' successfully

2018-12-14 01:49:31 - [MESSAGE][PASSED] - Call Test Case 'Test Cases/Final Aug 2018 - PKS Automation/Registration Module/Log Out/log out avoiding katalon tagging' successfully

2018-12-14 01:49:31 - [TEST_STEP][PASSED] - callTestCase: Call Test Case 'Test Cases/Final Aug 2018 - PKS Automation/Common/Workflow Owner Finder' successfully

2018-12-14 01:49:31 - [TEST_CASE][PASSED] - Test Cases/Final Aug 2018 - PKS Automation/Common/Workflow Owner Finder: Test Cases/Final Aug 2018 - PKS Automation/Common/Workflow Owner Finder

2018-12-14 01:49:31 - [TEST_STEP][PASSED] - openBrowser: Browser is opened with url: ''

2018-12-14 01:49:31 - [MESSAGE][WARNING] - A browser is already opened. Closing browser and opening a new one

2018-12-14 01:49:35 - [MESSAGE][PASSED] - Browser is opened with url: ''

2018-12-14 01:49:35 - [TEST_STEP][PASSED] - navigateToUrl: Navigate to 'https://assist2-uat.perkeso.gov.my/login' successfully

2018-12-14 01:49:36 - [MESSAGE][PASSED] - Navigate to 'https://assist2-uat.perkeso.gov.my/login' successfully

2018-12-14 01:49:36 - [TEST_STEP][PASSED] - delay: Delayed 5 second(s)

2018-12-14 01:49:41 - [MESSAGE][PASSED] - Delayed 5 second(s)

2018-12-14 01:49:41 - [TEST_STEP][PASSED] - setText: Text 'test@liferay.com' is set on object 'Object Repository/Final Object Repo/Login Page/Internal User/Email Address'

2018-12-14 01:49:41 - [MESSAGE][PASSED] - Text 'test@liferay.com' is set on object 'Object Repository/Final Object Repo/Login Page/Internal User/Email Address'

2018-12-14 01:49:41 - [TEST_STEP][PASSED] - click: Object: 'Object Repository/Final Object Repo/Login Page/Internal User/Next Button' is clicked on

2018-12-14 01:49:41 - [MESSAGE][PASSED] - Object: 'Object Repository/Final Object Repo/Login Page/Internal User/Next Button' is clicked on

2018-12-14 01:49:41 - [TEST_STEP][PASSED] - delay: Delayed 2 second(s)

2018-12-14 01:49:43 - [MESSAGE][PASSED] - Delayed 2 second(s)

2018-12-14 01:49:43 - [TEST_STEP][PASSED] - setText: Text 'test' is set on object 'Object Repository/Final Object Repo/Login Page/Internal User/Password'

2018-12-14 01:49:43 - [MESSAGE][PASSED] - Text 'test' is set on object 'Object Repository/Final Object Repo/Login Page/Internal User/Password'

2018-12-14 01:49:43 - [TEST_STEP][PASSED] - delay: Delayed 2 second(s)

2018-12-14 01:49:45 - [MESSAGE][PASSED] - Delayed 2 second(s)

2018-12-14 01:49:45 - [TEST_STEP][PASSED] - click: Object: 'Object Repository/Final Object Repo/Login Page/Internal User/Login Button' is clicked on

2018-12-14 01:49:45 - [MESSAGE][PASSED] - Object: 'Object Repository/Final Object Repo/Login Page/Internal User/Login Button' is clicked on

2018-12-14 01:49:45 - [TEST_STEP][PASSED] - Statement - tester = com.kms.katalon.core.testobject.ObjectRepository.findTestObject(Final Object Repo/Landing Page/Select to English): Finding Test Object with id 'Object Repository/Final Object Repo/Landing Page/Select to English'

2018-12-14 01:49:45 - [TEST_STEP][PASSED] - Statement - Try: Delayed 2 second(s)

2018-12-14 01:49:45 - [TEST_STEP][PASSED] - Statement - Checker = com.kms.katalon.core.webui.keyword.WebUiBuiltInKeywords.verifyElementNotPresent(tester, 3): Web element with id: 'Object Repository/Final Object Repo/Landing Page/Select to English' located by 'By.xpath: //a[@class = 'taglib-language-list-text' and @lang = 'en-US' and (contains(text(), 'EN') or contains(., 'EN'))]' is not present after '3' second(s)

2018-12-14 01:49:47 - [MESSAGE][PASSED] - Web element with id: 'Object Repository/Final Object Repo/Landing Page/Select to English' located by 'By.xpath: //a[@class = 'taglib-language-list-text' and @lang = 'en-US' and (contains(text(), 'EN') or contains(., 'EN'))]' is not present after '3' second(s)

2018-12-14 01:49:47 - [TEST_STEP][PASSED] - Statement - If (Checker == false): null

2018-12-14 01:49:47 - [TEST_STEP][PASSED] - delay: Delayed 2 second(s)

2018-12-14 01:49:49 - [MESSAGE][PASSED] - Delayed 2 second(s)

2018-12-14 01:49:49 - [TEST_STEP][PASSED] - delay: Delayed 5 second(s)

2018-12-14 01:49:54 - [MESSAGE][PASSED] - Delayed 5 second(s)

2018-12-14 01:49:54 - [TEST_STEP][PASSED] - mouseOver: Object: 'Object Repository/Final Object Repo/Landing Page/WorkFlow Menu' is hovered

2018-12-14 01:49:55 - [MESSAGE][PASSED] - Object: 'Object Repository/Final Object Repo/Landing Page/WorkFlow Menu' is hovered

2018-12-14 01:49:55 - [TEST_STEP][PASSED] - delay: Delayed 2 second(s)

2018-12-14 01:49:57 - [MESSAGE][PASSED] - Delayed 2 second(s)

2018-12-14 01:49:57 - [TEST_STEP][PASSED] - click: Object: 'Object Repository/Final Object Repo/Landing Page/Select to Workflow Listing' is clicked on

2018-12-14 01:49:58 - [MESSAGE][PASSED] - Object: 'Object Repository/Final Object Repo/Landing Page/Select to Workflow Listing' is clicked on

2018-12-14 01:49:58 - [TEST_STEP][PASSED] - delay: Delayed 2 second(s)

2018-12-14 01:50:00 - [MESSAGE][PASSED] - Delayed 2 second(s)

2018-12-14 01:50:00 - [TEST_STEP][PASSED] - click: Object: 'Object Repository/Final Object Repo/WorkFlow Listing Page/Search Information - To Put Ref No' is clicked on

2018-12-14 01:50:00 - [MESSAGE][PASSED] - Object: 'Object Repository/Final Object Repo/WorkFlow Listing Page/Search Information - To Put Ref No' is clicked on

2018-12-14 01:50:00 - [TEST_STEP][PASSED] - delay: Delayed 2 second(s)

2018-12-14 01:50:02 - [MESSAGE][PASSED] - Delayed 2 second(s)

2018-12-14 01:50:02 - [TEST_STEP][PASSED] - callTestCase: Call Test Case 'Test Cases/Final Aug 2018 - PKS Automation/Common/Reference Number Getter' successfully

2018-12-14 01:50:02 - [TEST_CASE][PASSED] - Test Cases/Final Aug 2018 - PKS Automation/Common/Reference Number Getter: Test Cases/Final Aug 2018 - PKS Automation/Common/Reference Number Getter

2018-12-14 01:50:02 - [TEST_STEP][PASSED] - Statement - Try: null

2018-12-14 01:50:02 - [TEST_STEP][PASSED] - Statement - RefNo = new java.io.File(C://Users//Admin//Desktop//PKS//Automation Reference Point//KatalonReference.txt): null

2018-12-14 01:50:02 - [TEST_STEP][PASSED] - Statement - bufferread = new java.io.BufferedReader(new java.io.FileReader(RefNo)): null

2018-12-14 01:50:02 - [TEST_STEP][PASSED] - Statement - readedVal = bufferread.readLine(): null

2018-12-14 01:50:02 - [TEST_STEP][PASSED] - Statement - out.println(CaseReferenceNo): null

2018-12-14 01:50:02 - [TEST_STEP][PASSED] - Statement - out.println(readedVal): null

2018-12-14 01:50:02 - [TEST_STEP][PASSED] - Statement - CaseReferenceNo = "": null

2018-12-14 01:50:02 - [TEST_STEP][PASSED] - Statement - CaseReferenceNo = readedVal: null

2018-12-14 01:50:02 - [MESSAGE][PASSED] - Call Test Case 'Test Cases/Final Aug 2018 - PKS Automation/Common/Reference Number Getter' successfully

2018-12-14 01:50:02 - [TEST_STEP][PASSED] - setText: Text 'CAN12201800002353' is set on object 'Object Repository/Final Object Repo/WorkFlow Listing Page/Ref No Set Text'

2018-12-14 01:50:02 - [MESSAGE][PASSED] - Text 'CAN12201800002353' is set on object 'Object Repository/Final Object Repo/WorkFlow Listing Page/Ref No Set Text'

2018-12-14 01:50:02 - [TEST_STEP][PASSED] - delay: Delayed 2 second(s)

2018-12-14 01:50:04 - [MESSAGE][PASSED] - Delayed 2 second(s)

2018-12-14 01:50:04 - [TEST_STEP][PASSED] - click: Object: 'Object Repository/Final Object Repo/WorkFlow Listing Page/Search Ref No Search Button' is clicked on

2018-12-14 01:50:05 - [MESSAGE][PASSED] - Object: 'Object Repository/Final Object Repo/WorkFlow Listing Page/Search Ref No Search Button' is clicked on

2018-12-14 01:50:05 - [TEST_STEP][PASSED] - delay: Delayed 6 second(s)

2018-12-14 01:50:11 - [MESSAGE][PASSED] - Delayed 6 second(s)

2018-12-14 01:50:11 - [TEST_STEP][PASSED] - click: Object: 'Object Repository/Final Object Repo/WorkFlow Listing Page/Click Continue Tooltip' is clicked on

2018-12-14 01:50:12 - [MESSAGE][PASSED] - Object: 'Object Repository/Final Object Repo/WorkFlow Listing Page/Click Continue Tooltip' is clicked on

2018-12-14 01:50:12 - [TEST_STEP][PASSED] - delay: Delayed 5 second(s)

2018-12-14 01:50:17 - [MESSAGE][PASSED] - Delayed 5 second(s)

2018-12-14 01:50:17 - [TEST_STEP][PASSED] - doubleClick: Object: 'Object Repository/Final Object Repo/WorkFlow Listing Page/Workflow Found - Listing 1' is double clicked on

2018-12-14 01:50:17 - [MESSAGE][PASSED] - Object: 'Object Repository/Final Object Repo/WorkFlow Listing Page/Workflow Found - Listing 1' is double clicked on

2018-12-14 01:50:17 - [TEST_STEP][PASSED] - Statement - println(OwnerID): null

2018-12-14 01:50:17 - [TEST_STEP][PASSED] - Statement - OwnerID = com.kms.katalon.core.webui.keyword.WebUiBuiltInKeywords.getText(com.kms.katalon.core.testobject.ObjectRepository.findTestObject(Final Object Repo/WorkFlow Listing Page/Workflow Found - Listing 1), STOP_ON_FAILURE): Text of object 'Object Repository/Final Object Repo/WorkFlow Listing Page/Workflow Found - Listing 1' is: 'KLpkrbo2'

2018-12-14 01:50:17 - [MESSAGE][PASSED] - Text of object 'Object Repository/Final Object Repo/WorkFlow Listing Page/Workflow Found - Listing 1' is: 'KLpkrbo2'

2018-12-14 01:50:17 - [TEST_STEP][PASSED] - Statement - OwnerID = OwnerID.toLowerCase() + "@gmail.com": null

2018-12-14 01:50:17 - [TEST_STEP][PASSED] - Statement - println(OwnerID): null

2018-12-14 01:50:17 - [TEST_STEP][PASSED] - delay: Delayed 2 second(s)

2018-12-14 01:50:19 - [MESSAGE][PASSED] - Delayed 2 second(s)

2018-12-14 01:50:19 - [MESSAGE][PASSED] - Call Test Case 'Test Cases/Final Aug 2018 - PKS Automation/Common/Workflow Owner Finder' successfully

2018-12-14 01:50:19 - [TEST_STEP][PASSED] - callTestCase: Call Test Case 'Test Cases/Final Aug 2018 - PKS Automation/Registration Module/Log Out/log out avoiding katalon tagging' successfully

2018-12-14 01:50:19 - [TEST_CASE][PASSED] - Test Cases/Final Aug 2018 - PKS Automation/Registration Module/Log Out/log out avoiding katalon tagging: Test Cases/Final Aug 2018 - PKS Automation/Registration Module/Log Out/log out avoiding katalon tagging

2018-12-14 01:50:19 - [TEST_STEP][PASSED] - navigateToUrl: Navigate to 'https://assist2-uat.perkeso.gov.my/c/portal/logout' successfully

2018-12-14 01:50:20 - [MESSAGE][PASSED] - Navigate to 'https://assist2-uat.perkeso.gov.my/c/portal/logout' successfully

2018-12-14 01:50:20 - [MESSAGE][PASSED] - Call Test Case 'Test Cases/Final Aug 2018 - PKS Automation/Registration Module/Log Out/log out avoiding katalon tagging' successfully

2018-12-14 01:50:20 - [TEST_STEP][PASSED] - delay: Delayed 2 second(s)

2018-12-14 01:50:22 - [MESSAGE][PASSED] - Delayed 2 second(s)

2018-12-14 01:50:22 - [TEST_STEP][PASSED] - setText: Text 'klpkrbo2@gmail.com' is set on object 'Object Repository/Final Object Repo/Page_Update Add New Employee - ASSIST/Email TextBox'

2018-12-14 01:50:22 - [MESSAGE][PASSED] - Text 'klpkrbo2@gmail.com' is set on object 'Object Repository/Final Object Repo/Page_Update Add New Employee - ASSIST/Email TextBox'

2018-12-14 01:50:22 - [TEST_STEP][PASSED] - click: Object: 'Object Repository/Final Object Repo/Page_Update Add New Employee - ASSIST/Next Button' is clicked on

2018-12-14 01:50:22 - [MESSAGE][PASSED] - Object: 'Object Repository/Final Object Repo/Page_Update Add New Employee - ASSIST/Next Button' is clicked on

2018-12-14 01:50:22 - [TEST_STEP][PASSED] - delay: Delayed 2 second(s)

2018-12-14 01:50:24 - [MESSAGE][PASSED] - Delayed 2 second(s)

2018-12-14 01:50:24 - [TEST_STEP][PASSED] - setText: Text 'Test1@3456789' is set on object 'Object Repository/Final Object Repo/Page_Update Add New Employee - ASSIST/Password TextBox'

2018-12-14 01:50:24 - [MESSAGE][PASSED] - Text 'Test1@3456789' is set on object 'Object Repository/Final Object Repo/Page_Update Add New Employee - ASSIST/Password TextBox'

2018-12-14 01:50:24 - [TEST_STEP][PASSED] - delay: Delayed 2 second(s)

2018-12-14 01:50:26 - [MESSAGE][PASSED] - Delayed 2 second(s)

2018-12-14 01:50:26 - [TEST_STEP][PASSED] - click: Object: 'Object Repository/Final Object Repo/Page_Update Add New Employee - ASSIST/Login Button' is clicked on

2018-12-14 01:50:27 - [MESSAGE][PASSED] - Object: 'Object Repository/Final Object Repo/Page_Update Add New Employee - ASSIST/Login Button' is clicked on

2018-12-14 01:50:27 - [TEST_STEP][PASSED] - delay: Delayed 4 second(s)

2018-12-14 01:50:31 - [MESSAGE][PASSED] - Delayed 4 second(s)

2018-12-14 01:50:31 - [TEST_STEP][PASSED] - Statement - Try: Delayed 2 second(s)

2018-12-14 01:50:31 - [TEST_STEP][PASSED] - Statement - Checker = false: null

2018-12-14 01:50:31 - [TEST_STEP][PASSED] - Statement - Checker = com.kms.katalon.core.webui.keyword.WebUiBuiltInKeywords.verifyElementHasAttribute(com.kms.katalon.core.testobject.ObjectRepository.findTestObject(Final Object Repo/Landing Page/BM Detecting), "href", 20, OPTIONAL): Object 'Object Repository/Final Object Repo/Landing Page/BM Detecting' has attribute 'href'

2018-12-14 01:50:31 - [MESSAGE][PASSED] - Object 'Object Repository/Final Object Repo/Landing Page/BM Detecting' has attribute 'href'

2018-12-14 01:50:31 - [TEST_STEP][PASSED] - Statement - out.println(Checker): null

2018-12-14 01:50:31 - [TEST_STEP][PASSED] - Statement - If (Checker == false): null

2018-12-14 01:50:31 - [TEST_STEP][PASSED] - Statement - Else: null

2018-12-14 01:50:31 - [TEST_STEP][PASSED] - delay: Delayed 2 second(s)

2018-12-14 01:50:33 - [MESSAGE][PASSED] - Delayed 2 second(s)

2018-12-14 01:50:33 - [TEST_STEP][PASSED] - delay: Delayed 4 second(s)

2018-12-14 01:50:37 - [MESSAGE][PASSED] - Delayed 4 second(s)

2018-12-14 01:50:37 - [TEST_STEP][PASSED] - click: Object: 'Object Repository/Final Object Repo/New Registration - Registration Module Pages/New Reg - OTC to RO/Special Case - All Related Objects/Expand to Search' is clicked on

2018-12-14 01:50:37 - [MESSAGE][PASSED] - Object: 'Object Repository/Final Object Repo/New Registration - Registration Module Pages/New Reg - OTC to RO/Special Case - All Related Objects/Expand to Search' is clicked on

2018-12-14 01:50:37 - [TEST_STEP][PASSED] - delay: Delayed 2 second(s)

2018-12-14 01:50:39 - [MESSAGE][PASSED] - Delayed 2 second(s)

2018-12-14 01:50:39 - [TEST_STEP][PASSED] - setText: Text 'CAN12201800002353' is set on object 'Object Repository/Final Object Repo/New Registration - Registration Module Pages/New Reg - OTC to RO/Special Case - All Related Objects/TextBox RefNo in Workbasket'

2018-12-14 01:50:39 - [MESSAGE][PASSED] - Text 'CAN12201800002353' is set on object 'Object Repository/Final Object Repo/New Registration - Registration Module Pages/New Reg - OTC to RO/Special Case - All Related Objects/TextBox RefNo in Workbasket'

2018-12-14 01:50:39 - [TEST_STEP][PASSED] - delay: Delayed 2 second(s)

2018-12-14 01:50:41 - [MESSAGE][PASSED] - Delayed 2 second(s)

2018-12-14 01:50:41 - [TEST_STEP][PASSED] - click: Object: 'Object Repository/Final Object Repo/New Registration - Registration Module Pages/New Reg - OTC to RO/Special Case - All Related Objects/Click Search' is clicked on

2018-12-14 01:50:41 - [MESSAGE][PASSED] - Object: 'Object Repository/Final Object Repo/New Registration - Registration Module Pages/New Reg - OTC to RO/Special Case - All Related Objects/Click Search' is clicked on

2018-12-14 01:50:41 - [TEST_STEP][PASSED] - delay: Delayed 2 second(s)

2018-12-14 01:50:43 - [MESSAGE][PASSED] - Delayed 2 second(s)

2018-12-14 01:50:43 - [TEST_STEP][PASSED] - click: Object: 'Object Repository/Final Object Repo/New Registration - Registration Module Pages/New Reg - OTC to RO/Special Case - All Related Objects/Click to Continue Workflow' is clicked on

2018-12-14 01:50:46 - [MESSAGE][PASSED] - Object: 'Object Repository/Final Object Repo/New Registration - Registration Module Pages/New Reg - OTC to RO/Special Case - All Related Objects/Click to Continue Workflow' is clicked on

2018-12-14 01:50:46 - [TEST_STEP][PASSED] - delay: Delayed 10 second(s)

2018-12-14 01:50:56 - [MESSAGE][PASSED] - Delayed 10 second(s)

2018-12-14 01:50:56 - [TEST_STEP][PASSED] - click: Object: 'Object Repository/Final Object Repo/Page_Update Add New Employee - ASSIST/Save  Continue Button' is clicked on

2018-12-14 01:50:57 - [MESSAGE][PASSED] - Object: 'Object Repository/Final Object Repo/Page_Update Add New Employee - ASSIST/Save  Continue Button' is clicked on

2018-12-14 01:50:57 - [TEST_STEP][PASSED] - delay: Delayed 4 second(s)

2018-12-14 01:51:01 - [MESSAGE][PASSED] - Delayed 4 second(s)

2018-12-14 01:51:01 - [TEST_STEP][PASSED] - click: Object: 'Object Repository/Final Object Repo/Page_Update Add New Employee - ASSIST/Save  Continue Third Screen' is clicked on

2018-12-14 01:51:04 - [MESSAGE][PASSED] - Object: 'Object Repository/Final Object Repo/Page_Update Add New Employee - ASSIST/Save  Continue Third Screen' is clicked on

2018-12-14 01:51:04 - [TEST_STEP][PASSED] - delay: Delayed 4 second(s)

2018-12-14 01:51:08 - [MESSAGE][PASSED] - Delayed 4 second(s)

2018-12-14 01:51:08 - [TEST_STEP][PASSED] - click: Object: 'Object Repository/Final Object Repo/Page_Update Add New Employee - ASSIST/Save   Continue Supporting Doc Page' is clicked on

2018-12-14 01:51:08 - [MESSAGE][PASSED] - Object: 'Object Repository/Final Object Repo/Page_Update Add New Employee - ASSIST/Save   Continue Supporting Doc Page' is clicked on

2018-12-14 01:51:08 - [TEST_STEP][PASSED] - delay: Delayed 4 second(s)

2018-12-14 01:51:12 - [MESSAGE][PASSED] - Delayed 4 second(s)

2018-12-14 01:51:12 - [TEST_STEP][PASSED] - click: Object: 'Object Repository/Final Object Repo/Page_Update Add New Employee - ASSIST/Submit Button' is clicked on

2018-12-14 01:51:12 - [MESSAGE][PASSED] - Object: 'Object Repository/Final Object Repo/Page_Update Add New Employee - ASSIST/Submit Button' is clicked on

2018-12-14 01:51:12 - [TEST_STEP][PASSED] - delay: Delayed 4 second(s)

2018-12-14 01:51:16 - [MESSAGE][PASSED] - Delayed 4 second(s)

2018-12-14 01:51:16 - [TEST_STEP][PASSED] - click: Object: 'Object Repository/Final Object Repo/Page_Update Add New Employee - ASSIST/Confirm Submit Button' is clicked on

2018-12-14 01:51:16 - [MESSAGE][PASSED] - Object: 'Object Repository/Final Object Repo/Page_Update Add New Employee - ASSIST/Confirm Submit Button' is clicked on

2018-12-14 01:51:16 - [TEST_STEP][PASSED] - delay: Delayed 30 second(s)

2018-12-14 01:51:46 - [MESSAGE][PASSED] - Delayed 30 second(s)

2018-12-14 01:51:46 - [TEST_STEP][PASSED] - callTestCase: Call Test Case 'Test Cases/Final Aug 2018 - PKS Automation/Common/Screenshoting tool' successfully

2018-12-14 01:51:46 - [TEST_CASE][PASSED] - Test Cases/Final Aug 2018 - PKS Automation/Common/Screenshoting tool: Test Cases/Final Aug 2018 - PKS Automation/Common/Screenshoting tool

2018-12-14 01:51:46 - [TEST_STEP][PASSED] - delay: Delayed 15 second(s)

2018-12-14 01:52:01 - [MESSAGE][PASSED] - Delayed 15 second(s)

2018-12-14 01:52:01 - [TEST_STEP][PASSED] - Statement - driver = com.kms.katalon.core.webui.driver.DriverFactory.getWebDriver(): null

2018-12-14 01:52:01 - [TEST_STEP][PASSED] - Statement - driver.manage().timeouts().implicitlyWait(10, SECONDS): null

2018-12-14 01:52:01 - [TEST_STEP][PASSED] - Statement - PresavePath = KatalonScreenshots: null

2018-12-14 01:52:01 - [TEST_STEP][PASSED] - Statement - pathPrefix = "C:\Users\Public\Pictures\Sample Pictures\Katalon Screenshots\Automate Ending Screen": null

2018-12-14 01:52:01 - [TEST_STEP][PASSED] - Statement - finalPath = <not implemented yet for class: org.codehaus.groovy.ast.expr.EmptyExpression>: null

2018-12-14 01:52:01 - [TEST_STEP][PASSED] - Statement - scrFile = driver.getScreenshotAs(FILE): null

2018-12-14 01:52:02 - [TEST_STEP][PASSED] - Statement - PreSaveFile = new java.io.File(PresavePath): null

2018-12-14 01:52:02 - [TEST_STEP][PASSED] - Statement - counter = 0: null

2018-12-14 01:52:02 - [TEST_STEP][PASSED] - Statement - If (PreSaveFile.exists()): null

2018-12-14 01:52:02 - [TEST_STEP][PASSED] - Statement - While (PreSaveFile.exists()): null

2018-12-14 01:52:02 - [TEST_STEP][PASSED] - Statement - counter = counter + 1: null

2018-12-14 01:52:02 - [TEST_STEP][PASSED] - Statement - PreSaveFile = new java.io.File(((pathPrefix + java.lang.Integer.toString(counter)) + .png)): null

2018-12-14 01:52:02 - [TEST_STEP][PASSED] - Statement - counter = counter + 1: null

2018-12-14 01:52:02 - [TEST_STEP][PASSED] - Statement - PreSaveFile = new java.io.File(((pathPrefix + java.lang.Integer.toString(counter)) + .png)): null

2018-12-14 01:52:02 - [TEST_STEP][PASSED] - Statement - counter = counter + 1: null

2018-12-14 01:52:02 - [TEST_STEP][PASSED] - Statement - PreSaveFile = new java.io.File(((pathPrefix + java.lang.Integer.toString(counter)) + .png)): null

2018-12-14 01:52:02 - [TEST_STEP][PASSED] - Statement - counter = counter + 1: null

2018-12-14 01:52:02 - [TEST_STEP][PASSED] - Statement - PreSaveFile = new java.io.File(((pathPrefix + java.lang.Integer.toString(counter)) + .png)): null

2018-12-14 01:52:02 - [TEST_STEP][PASSED] - Statement - counter = counter + 1: null

2018-12-14 01:52:02 - [TEST_STEP][PASSED] - Statement - PreSaveFile = new java.io.File(((pathPrefix + java.lang.Integer.toString(counter)) + .png)): null

2018-12-14 01:52:02 - [TEST_STEP][PASSED] - Statement - counter = counter + 1: null

2018-12-14 01:52:02 - [TEST_STEP][PASSED] - Statement - PreSaveFile = new java.io.File(((pathPrefix + java.lang.Integer.toString(counter)) + .png)): null

2018-12-14 01:52:02 - [TEST_STEP][PASSED] - Statement - counter = counter + 1: null

2018-12-14 01:52:02 - [TEST_STEP][PASSED] - Statement - PreSaveFile = new java.io.File(((pathPrefix + java.lang.Integer.toString(counter)) + .png)): null

2018-12-14 01:52:02 - [TEST_STEP][PASSED] - Statement - counter = counter + 1: null

2018-12-14 01:52:02 - [TEST_STEP][PASSED] - Statement - PreSaveFile = new java.io.File(((pathPrefix + java.lang.Integer.toString(counter)) + .png)): null

2018-12-14 01:52:02 - [TEST_STEP][PASSED] - Statement - counter = counter + 1: null

2018-12-14 01:52:02 - [TEST_STEP][PASSED] - Statement - PreSaveFile = new java.io.File(((pathPrefix + java.lang.Integer.toString(counter)) + .png)): null

2018-12-14 01:52:02 - [TEST_STEP][PASSED] - Statement - counter = counter + 1: null

2018-12-14 01:52:02 - [TEST_STEP][PASSED] - Statement - PreSaveFile = new java.io.File(((pathPrefix + java.lang.Integer.toString(counter)) + .png)): null

2018-12-14 01:52:02 - [TEST_STEP][PASSED] - Statement - counter = counter + 1: null

2018-12-14 01:52:02 - [TEST_STEP][PASSED] - Statement - PreSaveFile = new java.io.File(((pathPrefix + java.lang.Integer.toString(counter)) + .png)): null

2018-12-14 01:52:02 - [TEST_STEP][PASSED] - Statement - counter = counter + 1: null

2018-12-14 01:52:02 - [TEST_STEP][PASSED] - Statement - PreSaveFile = new java.io.File(((pathPrefix + java.lang.Integer.toString(counter)) + .png)): null

2018-12-14 01:52:02 - [TEST_STEP][PASSED] - Statement - counter = counter + 1: null

2018-12-14 01:52:02 - [TEST_STEP][PASSED] - Statement - PreSaveFile = new java.io.File(((pathPrefix + java.lang.Integer.toString(counter)) + .png)): null

2018-12-14 01:52:02 - [TEST_STEP][PASSED] - Statement - counter = counter + 1: null

2018-12-14 01:52:02 - [TEST_STEP][PASSED] - Statement - PreSaveFile = new java.io.File(((pathPrefix + java.lang.Integer.toString(counter)) + .png)): null

2018-12-14 01:52:02 - [TEST_STEP][PASSED] - Statement - counter = counter + 1: null

2018-12-14 01:52:02 - [TEST_STEP][PASSED] - Statement - PreSaveFile = new java.io.File(((pathPrefix + java.lang.Integer.toString(counter)) + .png)): null

2018-12-14 01:52:02 - [TEST_STEP][PASSED] - Statement - counter = counter + 1: null

2018-12-14 01:52:02 - [TEST_STEP][PASSED] - Statement - PreSaveFile = new java.io.File(((pathPrefix + java.lang.Integer.toString(counter)) + .png)): null

2018-12-14 01:52:02 - [TEST_STEP][PASSED] - Statement - counter = counter + 1: null

2018-12-14 01:52:02 - [TEST_STEP][PASSED] - Statement - PreSaveFile = new java.io.File(((pathPrefix + java.lang.Integer.toString(counter)) + .png)): null

2018-12-14 01:52:02 - [TEST_STEP][PASSED] - Statement - counter = counter + 1: null

2018-12-14 01:52:02 - [TEST_STEP][PASSED] - Statement - PreSaveFile = new java.io.File(((pathPrefix + java.lang.Integer.toString(counter)) + .png)): null

2018-12-14 01:52:02 - [TEST_STEP][PASSED] - Statement - counter = counter + 1: null

2018-12-14 01:52:02 - [TEST_STEP][PASSED] - Statement - PreSaveFile = new java.io.File(((pathPrefix + java.lang.Integer.toString(counter)) + .png)): null

2018-12-14 01:52:02 - [TEST_STEP][PASSED] - Statement - counter = counter + 1: null

2018-12-14 01:52:02 - [TEST_STEP][PASSED] - Statement - PreSaveFile = new java.io.File(((pathPrefix + java.lang.Integer.toString(counter)) + .png)): null

2018-12-14 01:52:02 - [TEST_STEP][PASSED] - Statement - counter = counter + 1: null

2018-12-14 01:52:02 - [TEST_STEP][PASSED] - Statement - PreSaveFile = new java.io.File(((pathPrefix + java.lang.Integer.toString(counter)) + .png)): null

2018-12-14 01:52:02 - [TEST_STEP][PASSED] - Statement - counter = counter + 1: null

2018-12-14 01:52:02 - [TEST_STEP][PASSED] - Statement - PreSaveFile = new java.io.File(((pathPrefix + java.lang.Integer.toString(counter)) + .png)): null

2018-12-14 01:52:02 - [TEST_STEP][PASSED] - Statement - counter = counter + 1: null

2018-12-14 01:52:02 - [TEST_STEP][PASSED] - Statement - PreSaveFile = new java.io.File(((pathPrefix + java.lang.Integer.toString(counter)) + .png)): null

2018-12-14 01:52:02 - [TEST_STEP][PASSED] - Statement - counter = counter + 1: null

2018-12-14 01:52:02 - [TEST_STEP][PASSED] - Statement - PreSaveFile = new java.io.File(((pathPrefix + java.lang.Integer.toString(counter)) + .png)): null

2018-12-14 01:52:02 - [TEST_STEP][PASSED] - Statement - counter = counter + 1: null

2018-12-14 01:52:02 - [TEST_STEP][PASSED] - Statement - PreSaveFile = new java.io.File(((pathPrefix + java.lang.Integer.toString(counter)) + .png)): null

2018-12-14 01:52:02 - [TEST_STEP][PASSED] - Statement - counter = counter + 1: null

2018-12-14 01:52:02 - [TEST_STEP][PASSED] - Statement - PreSaveFile = new java.io.File(((pathPrefix + java.lang.Integer.toString(counter)) + .png)): null

2018-12-14 01:52:02 - [TEST_STEP][PASSED] - Statement - counter = counter + 1: null

2018-12-14 01:52:02 - [TEST_STEP][PASSED] - Statement - PreSaveFile = new java.io.File(((pathPrefix + java.lang.Integer.toString(counter)) + .png)): null

2018-12-14 01:52:02 - [TEST_STEP][PASSED] - Statement - counter = counter + 1: null

2018-12-14 01:52:02 - [TEST_STEP][PASSED] - Statement - PreSaveFile = new java.io.File(((pathPrefix + java.lang.Integer.toString(counter)) + .png)): null

2018-12-14 01:52:02 - [TEST_STEP][PASSED] - Statement - counter = counter + 1: null

2018-12-14 01:52:02 - [TEST_STEP][PASSED] - Statement - PreSaveFile = new java.io.File(((pathPrefix + java.lang.Integer.toString(counter)) + .png)): null

2018-12-14 01:52:02 - [TEST_STEP][PASSED] - Statement - counter = counter + 1: null

2018-12-14 01:52:02 - [TEST_STEP][PASSED] - Statement - PreSaveFile = new java.io.File(((pathPrefix + java.lang.Integer.toString(counter)) + .png)): null

2018-12-14 01:52:02 - [TEST_STEP][PASSED] - Statement - counter = counter + 1: null

2018-12-14 01:52:02 - [TEST_STEP][PASSED] - Statement - PreSaveFile = new java.io.File(((pathPrefix + java.lang.Integer.toString(counter)) + .png)): null

2018-12-14 01:52:02 - [TEST_STEP][PASSED] - Statement - counter = counter + 1: null

2018-12-14 01:52:02 - [TEST_STEP][PASSED] - Statement - PreSaveFile = new java.io.File(((pathPrefix + java.lang.Integer.toString(counter)) + .png)): null

2018-12-14 01:52:02 - [TEST_STEP][PASSED] - Statement - counter = counter + 1: null

2018-12-14 01:52:02 - [TEST_STEP][PASSED] - Statement - PreSaveFile = new java.io.File(((pathPrefix + java.lang.Integer.toString(counter)) + .png)): null

2018-12-14 01:52:02 - [TEST_STEP][PASSED] - Statement - counter = counter + 1: null

2018-12-14 01:52:02 - [TEST_STEP][PASSED] - Statement - PreSaveFile = new java.io.File(((pathPrefix + java.lang.Integer.toString(counter)) + .png)): null

2018-12-14 01:52:02 - [TEST_STEP][PASSED] - Statement - counter = counter + 1: null

2018-12-14 01:52:02 - [TEST_STEP][PASSED] - Statement - PreSaveFile = new java.io.File(((pathPrefix + java.lang.Integer.toString(counter)) + .png)): null

2018-12-14 01:52:02 - [TEST_STEP][PASSED] - Statement - counter = counter + 1: null

2018-12-14 01:52:02 - [TEST_STEP][PASSED] - Statement - PreSaveFile = new java.io.File(((pathPrefix + java.lang.Integer.toString(counter)) + .png)): null

2018-12-14 01:52:02 - [TEST_STEP][PASSED] - Statement - counter = counter + 1: null

2018-12-14 01:52:02 - [TEST_STEP][PASSED] - Statement - PreSaveFile = new java.io.File(((pathPrefix + java.lang.Integer.toString(counter)) + .png)): null

2018-12-14 01:52:02 - [TEST_STEP][PASSED] - Statement - counter = counter + 1: null

2018-12-14 01:52:02 - [TEST_STEP][PASSED] - Statement - PreSaveFile = new java.io.File(((pathPrefix + java.lang.Integer.toString(counter)) + .png)): null

2018-12-14 01:52:02 - [TEST_STEP][PASSED] - Statement - counter = counter + 1: null

2018-12-14 01:52:02 - [TEST_STEP][PASSED] - Statement - PreSaveFile = new java.io.File(((pathPrefix + java.lang.Integer.toString(counter)) + .png)): null

2018-12-14 01:52:02 - [TEST_STEP][PASSED] - Statement - counter = counter + 1: null

2018-12-14 01:52:02 - [TEST_STEP][PASSED] - Statement - PreSaveFile = new java.io.File(((pathPrefix + java.lang.Integer.toString(counter)) + .png)): null

2018-12-14 01:52:02 - [TEST_STEP][PASSED] - Statement - counter = counter + 1: null

2018-12-14 01:52:02 - [TEST_STEP][PASSED] - Statement - PreSaveFile = new java.io.File(((pathPrefix + java.lang.Integer.toString(counter)) + .png)): null

2018-12-14 01:52:02 - [TEST_STEP][PASSED] - Statement - counter = counter + 1: null

2018-12-14 01:52:02 - [TEST_STEP][PASSED] - Statement - PreSaveFile = new java.io.File(((pathPrefix + java.lang.Integer.toString(counter)) + .png)): null

2018-12-14 01:52:02 - [TEST_STEP][PASSED] - Statement - counter = counter + 1: null

2018-12-14 01:52:02 - [TEST_STEP][PASSED] - Statement - PreSaveFile = new java.io.File(((pathPrefix + java.lang.Integer.toString(counter)) + .png)): null

2018-12-14 01:52:02 - [TEST_STEP][PASSED] - Statement - counter = counter + 1: null

2018-12-14 01:52:02 - [TEST_STEP][PASSED] - Statement - PreSaveFile = new java.io.File(((pathPrefix + java.lang.Integer.toString(counter)) + .png)): null

2018-12-14 01:52:02 - [TEST_STEP][PASSED] - Statement - counter = counter + 1: null

2018-12-14 01:52:02 - [TEST_STEP][PASSED] - Statement - PreSaveFile = new java.io.File(((pathPrefix + java.lang.Integer.toString(counter)) + .png)): null

2018-12-14 01:52:02 - [TEST_STEP][PASSED] - Statement - counter = counter + 1: null

2018-12-14 01:52:02 - [TEST_STEP][PASSED] - Statement - PreSaveFile = new java.io.File(((pathPrefix + java.lang.Integer.toString(counter)) + .png)): null

2018-12-14 01:52:02 - [TEST_STEP][PASSED] - Statement - counter = counter + 1: null

2018-12-14 01:52:02 - [TEST_STEP][PASSED] - Statement - PreSaveFile = new java.io.File(((pathPrefix + java.lang.Integer.toString(counter)) + .png)): null

2018-12-14 01:52:02 - [TEST_STEP][PASSED] - Statement - counter = counter + 1: null

2018-12-14 01:52:02 - [TEST_STEP][PASSED] - Statement - PreSaveFile = new java.io.File(((pathPrefix + java.lang.Integer.toString(counter)) + .png)): null

2018-12-14 01:52:02 - [TEST_STEP][PASSED] - Statement - counter = counter + 1: null

2018-12-14 01:52:02 - [TEST_STEP][PASSED] - Statement - PreSaveFile = new java.io.File(((pathPrefix + java.lang.Integer.toString(counter)) + .png)): null

2018-12-14 01:52:02 - [TEST_STEP][PASSED] - Statement - counter = counter + 1: null

2018-12-14 01:52:02 - [TEST_STEP][PASSED] - Statement - PreSaveFile = new java.io.File(((pathPrefix + java.lang.Integer.toString(counter)) + .png)): null

2018-12-14 01:52:02 - [TEST_STEP][PASSED] - Statement - counter = counter + 1: null

2018-12-14 01:52:02 - [TEST_STEP][PASSED] - Statement - PreSaveFile = new java.io.File(((pathPrefix + java.lang.Integer.toString(counter)) + .png)): null

2018-12-14 01:52:02 - [TEST_STEP][PASSED] - Statement - counter = counter + 1: null

2018-12-14 01:52:02 - [TEST_STEP][PASSED] - Statement - PreSaveFile = new java.io.File(((pathPrefix + java.lang.Integer.toString(counter)) + .png)): null

2018-12-14 01:52:02 - [TEST_STEP][PASSED] - Statement - counter = counter + 1: null

2018-12-14 01:52:02 - [TEST_STEP][PASSED] - Statement - PreSaveFile = new java.io.File(((pathPrefix + java.lang.Integer.toString(counter)) + .png)): null

2018-12-14 01:52:02 - [TEST_STEP][PASSED] - Statement - counter = counter + 1: null

2018-12-14 01:52:02 - [TEST_STEP][PASSED] - Statement - PreSaveFile = new java.io.File(((pathPrefix + java.lang.Integer.toString(counter)) + .png)): null

2018-12-14 01:52:02 - [TEST_STEP][PASSED] - Statement - counter = counter + 1: null

2018-12-14 01:52:02 - [TEST_STEP][PASSED] - Statement - PreSaveFile = new java.io.File(((pathPrefix + java.lang.Integer.toString(counter)) + .png)): null

2018-12-14 01:52:02 - [TEST_STEP][PASSED] - Statement - counter = counter + 1: null

2018-12-14 01:52:02 - [TEST_STEP][PASSED] - Statement - PreSaveFile = new java.io.File(((pathPrefix + java.lang.Integer.toString(counter)) + .png)): null

2018-12-14 01:52:02 - [TEST_STEP][PASSED] - Statement - counter = counter + 1: null

2018-12-14 01:52:02 - [TEST_STEP][PASSED] - Statement - PreSaveFile = new java.io.File(((pathPrefix + java.lang.Integer.toString(counter)) + .png)): null

2018-12-14 01:52:02 - [TEST_STEP][PASSED] - Statement - counter = counter + 1: null

2018-12-14 01:52:02 - [TEST_STEP][PASSED] - Statement - PreSaveFile = new java.io.File(((pathPrefix + java.lang.Integer.toString(counter)) + .png)): null

2018-12-14 01:52:02 - [TEST_STEP][PASSED] - Statement - counter = counter + 1: null

2018-12-14 01:52:02 - [TEST_STEP][PASSED] - Statement - PreSaveFile = new java.io.File(((pathPrefix + java.lang.Integer.toString(counter)) + .png)): null

2018-12-14 01:52:02 - [TEST_STEP][PASSED] - Statement - counter = counter + 1: null

2018-12-14 01:52:02 - [TEST_STEP][PASSED] - Statement - PreSaveFile = new java.io.File(((pathPrefix + java.lang.Integer.toString(counter)) + .png)): null

2018-12-14 01:52:02 - [TEST_STEP][PASSED] - Statement - counter = counter + 1: null

2018-12-14 01:52:02 - [TEST_STEP][PASSED] - Statement - PreSaveFile = new java.io.File(((pathPrefix + java.lang.Integer.toString(counter)) + .png)): null

2018-12-14 01:52:02 - [TEST_STEP][PASSED] - Statement - counter = counter + 1: null

2018-12-14 01:52:02 - [TEST_STEP][PASSED] - Statement - PreSaveFile = new java.io.File(((pathPrefix + java.lang.Integer.toString(counter)) + .png)): null

2018-12-14 01:52:02 - [TEST_STEP][PASSED] - Statement - counter = counter + 1: null

2018-12-14 01:52:02 - [TEST_STEP][PASSED] - Statement - PreSaveFile = new java.io.File(((pathPrefix + java.lang.Integer.toString(counter)) + .png)): null

2018-12-14 01:52:02 - [TEST_STEP][PASSED] - Statement - counter = counter + 1: null

2018-12-14 01:52:02 - [TEST_STEP][PASSED] - Statement - PreSaveFile = new java.io.File(((pathPrefix + java.lang.Integer.toString(counter)) + .png)): null

2018-12-14 01:52:02 - [TEST_STEP][PASSED] - Statement - counter = counter + 1: null

2018-12-14 01:52:02 - [TEST_STEP][PASSED] - Statement - PreSaveFile = new java.io.File(((pathPrefix + java.lang.Integer.toString(counter)) + .png)): null

2018-12-14 01:52:02 - [TEST_STEP][PASSED] - Statement - counter = counter + 1: null

2018-12-14 01:52:02 - [TEST_STEP][PASSED] - Statement - PreSaveFile = new java.io.File(((pathPrefix + java.lang.Integer.toString(counter)) + .png)): null

2018-12-14 01:52:02 - [TEST_STEP][PASSED] - Statement - counter = counter + 1: null

2018-12-14 01:52:02 - [TEST_STEP][PASSED] - Statement - PreSaveFile = new java.io.File(((pathPrefix + java.lang.Integer.toString(counter)) + .png)): null

2018-12-14 01:52:02 - [TEST_STEP][PASSED] - Statement - counter = counter + 1: null

2018-12-14 01:52:02 - [TEST_STEP][PASSED] - Statement - PreSaveFile = new java.io.File(((pathPrefix + java.lang.Integer.toString(counter)) + .png)): null

2018-12-14 01:52:02 - [TEST_STEP][PASSED] - Statement - counter = counter + 1: null

2018-12-14 01:52:02 - [TEST_STEP][PASSED] - Statement - PreSaveFile = new java.io.File(((pathPrefix + java.lang.Integer.toString(counter)) + .png)): null

2018-12-14 01:52:02 - [TEST_STEP][PASSED] - Statement - counter = counter + 1: null

2018-12-14 01:52:02 - [TEST_STEP][PASSED] - Statement - PreSaveFile = new java.io.File(((pathPrefix + java.lang.Integer.toString(counter)) + .png)): null

2018-12-14 01:52:02 - [TEST_STEP][PASSED] - Statement - counter = counter + 1: null

2018-12-14 01:52:02 - [TEST_STEP][PASSED] - Statement - PreSaveFile = new java.io.File(((pathPrefix + java.lang.Integer.toString(counter)) + .png)): null

2018-12-14 01:52:02 - [TEST_STEP][PASSED] - Statement - counter = counter + 1: null

2018-12-14 01:52:02 - [TEST_STEP][PASSED] - Statement - PreSaveFile = new java.io.File(((pathPrefix + java.lang.Integer.toString(counter)) + .png)): null

2018-12-14 01:52:02 - [TEST_STEP][PASSED] - Statement - counter = counter + 1: null

2018-12-14 01:52:02 - [TEST_STEP][PASSED] - Statement - PreSaveFile = new java.io.File(((pathPrefix + java.lang.Integer.toString(counter)) + .png)): null

2018-12-14 01:52:02 - [TEST_STEP][PASSED] - Statement - counter = counter + 1: null

2018-12-14 01:52:02 - [TEST_STEP][PASSED] - Statement - PreSaveFile = new java.io.File(((pathPrefix + java.lang.Integer.toString(counter)) + .png)): null

2018-12-14 01:52:02 - [TEST_STEP][PASSED] - Statement - counter = counter + 1: null

2018-12-14 01:52:02 - [TEST_STEP][PASSED] - Statement - PreSaveFile = new java.io.File(((pathPrefix + java.lang.Integer.toString(counter)) + .png)): null

2018-12-14 01:52:02 - [TEST_STEP][PASSED] - Statement - counter = counter + 1: null

2018-12-14 01:52:02 - [TEST_STEP][PASSED] - Statement - PreSaveFile = new java.io.File(((pathPrefix + java.lang.Integer.toString(counter)) + .png)): null

2018-12-14 01:52:02 - [TEST_STEP][PASSED] - Statement - counter = counter + 1: null

2018-12-14 01:52:02 - [TEST_STEP][PASSED] - Statement - PreSaveFile = new java.io.File(((pathPrefix + java.lang.Integer.toString(counter)) + .png)): null

2018-12-14 01:52:02 - [TEST_STEP][PASSED] - Statement - counter = counter + 1: null

2018-12-14 01:52:02 - [TEST_STEP][PASSED] - Statement - PreSaveFile = new java.io.File(((pathPrefix + java.lang.Integer.toString(counter)) + .png)): null

2018-12-14 01:52:02 - [TEST_STEP][PASSED] - Statement - counter = counter + 1: null

2018-12-14 01:52:02 - [TEST_STEP][PASSED] - Statement - PreSaveFile = new java.io.File(((pathPrefix + java.lang.Integer.toString(counter)) + .png)): null

2018-12-14 01:52:02 - [TEST_STEP][PASSED] - Statement - counter = counter + 1: null

2018-12-14 01:52:02 - [TEST_STEP][PASSED] - Statement - PreSaveFile = new java.io.File(((pathPrefix + java.lang.Integer.toString(counter)) + .png)): null

2018-12-14 01:52:02 - [TEST_STEP][PASSED] - Statement - counter = counter + 1: null

2018-12-14 01:52:02 - [TEST_STEP][PASSED] - Statement - PreSaveFile = new java.io.File(((pathPrefix + java.lang.Integer.toString(counter)) + .png)): null

2018-12-14 01:52:02 - [TEST_STEP][PASSED] - Statement - counter = counter + 1: null

2018-12-14 01:52:02 - [TEST_STEP][PASSED] - Statement - PreSaveFile = new java.io.File(((pathPrefix + java.lang.Integer.toString(counter)) + .png)): null

2018-12-14 01:52:02 - [TEST_STEP][PASSED] - Statement - counter = counter + 1: null

2018-12-14 01:52:02 - [TEST_STEP][PASSED] - Statement - PreSaveFile = new java.io.File(((pathPrefix + java.lang.Integer.toString(counter)) + .png)): null

2018-12-14 01:52:02 - [TEST_STEP][PASSED] - Statement - counter = counter + 1: null

2018-12-14 01:52:02 - [TEST_STEP][PASSED] - Statement - PreSaveFile = new java.io.File(((pathPrefix + java.lang.Integer.toString(counter)) + .png)): null

2018-12-14 01:52:02 - [TEST_STEP][PASSED] - Statement - counter = counter + 1: null

2018-12-14 01:52:02 - [TEST_STEP][PASSED] - Statement - PreSaveFile = new java.io.File(((pathPrefix + java.lang.Integer.toString(counter)) + .png)): null

2018-12-14 01:52:02 - [TEST_STEP][PASSED] - Statement - counter = counter + 1: null

2018-12-14 01:52:02 - [TEST_STEP][PASSED] - Statement - PreSaveFile = new java.io.File(((pathPrefix + java.lang.Integer.toString(counter)) + .png)): null

2018-12-14 01:52:02 - [TEST_STEP][PASSED] - Statement - counter = counter + 1: null

2018-12-14 01:52:02 - [TEST_STEP][PASSED] - Statement - PreSaveFile = new java.io.File(((pathPrefix + java.lang.Integer.toString(counter)) + .png)): null

2018-12-14 01:52:02 - [TEST_STEP][PASSED] - Statement - counter = counter + 1: null

2018-12-14 01:52:02 - [TEST_STEP][PASSED] - Statement - PreSaveFile = new java.io.File(((pathPrefix + java.lang.Integer.toString(counter)) + .png)): null

2018-12-14 01:52:02 - [TEST_STEP][PASSED] - Statement - counter = counter + 1: null

2018-12-14 01:52:02 - [TEST_STEP][PASSED] - Statement - PreSaveFile = new java.io.File(((pathPrefix + java.lang.Integer.toString(counter)) + .png)): null

2018-12-14 01:52:02 - [TEST_STEP][PASSED] - Statement - counter = counter + 1: null

2018-12-14 01:52:02 - [TEST_STEP][PASSED] - Statement - PreSaveFile = new java.io.File(((pathPrefix + java.lang.Integer.toString(counter)) + .png)): null

2018-12-14 01:52:02 - [TEST_STEP][PASSED] - Statement - counter = counter + 1: null

2018-12-14 01:52:02 - [TEST_STEP][PASSED] - Statement - PreSaveFile = new java.io.File(((pathPrefix + java.lang.Integer.toString(counter)) + .png)): null

2018-12-14 01:52:02 - [TEST_STEP][PASSED] - Statement - counter = counter + 1: null

2018-12-14 01:52:02 - [TEST_STEP][PASSED] - Statement - PreSaveFile = new java.io.File(((pathPrefix + java.lang.Integer.toString(counter)) + .png)): null

2018-12-14 01:52:02 - [TEST_STEP][PASSED] - Statement - counter = counter + 1: null

2018-12-14 01:52:02 - [TEST_STEP][PASSED] - Statement - PreSaveFile = new java.io.File(((pathPrefix + java.lang.Integer.toString(counter)) + .png)): null

2018-12-14 01:52:02 - [TEST_STEP][PASSED] - Statement - counter = counter + 1: null

2018-12-14 01:52:02 - [TEST_STEP][PASSED] - Statement - PreSaveFile = new java.io.File(((pathPrefix + java.lang.Integer.toString(counter)) + .png)): null

2018-12-14 01:52:02 - [TEST_STEP][PASSED] - Statement - counter = counter + 1: null

2018-12-14 01:52:02 - [TEST_STEP][PASSED] - Statement - PreSaveFile = new java.io.File(((pathPrefix + java.lang.Integer.toString(counter)) + .png)): null

2018-12-14 01:52:02 - [TEST_STEP][PASSED] - Statement - counter = counter + 1: null

2018-12-14 01:52:02 - [TEST_STEP][PASSED] - Statement - PreSaveFile = new java.io.File(((pathPrefix + java.lang.Integer.toString(counter)) + .png)): null

2018-12-14 01:52:02 - [TEST_STEP][PASSED] - Statement - counter = counter + 1: null

2018-12-14 01:52:02 - [TEST_STEP][PASSED] - Statement - PreSaveFile = new java.io.File(((pathPrefix + java.lang.Integer.toString(counter)) + .png)): null

2018-12-14 01:52:02 - [TEST_STEP][PASSED] - Statement - counter = counter + 1: null

2018-12-14 01:52:02 - [TEST_STEP][PASSED] - Statement - PreSaveFile = new java.io.File(((pathPrefix + java.lang.Integer.toString(counter)) + .png)): null

2018-12-14 01:52:02 - [TEST_STEP][PASSED] - Statement - counter = counter + 1: null

2018-12-14 01:52:02 - [TEST_STEP][PASSED] - Statement - PreSaveFile = new java.io.File(((pathPrefix + java.lang.Integer.toString(counter)) + .png)): null

2018-12-14 01:52:02 - [TEST_STEP][PASSED] - Statement - counter = counter + 1: null

2018-12-14 01:52:02 - [TEST_STEP][PASSED] - Statement - PreSaveFile = new java.io.File(((pathPrefix + java.lang.Integer.toString(counter)) + .png)): null

2018-12-14 01:52:02 - [TEST_STEP][PASSED] - Statement - counter = counter + 1: null

2018-12-14 01:52:02 - [TEST_STEP][PASSED] - Statement - PreSaveFile = new java.io.File(((pathPrefix + java.lang.Integer.toString(counter)) + .png)): null

2018-12-14 01:52:02 - [TEST_STEP][PASSED] - Statement - counter = counter + 1: null

2018-12-14 01:52:02 - [TEST_STEP][PASSED] - Statement - PreSaveFile = new java.io.File(((pathPrefix + java.lang.Integer.toString(counter)) + .png)): null

2018-12-14 01:52:02 - [TEST_STEP][PASSED] - Statement - counter = counter + 1: null

2018-12-14 01:52:02 - [TEST_STEP][PASSED] - Statement - PreSaveFile = new java.io.File(((pathPrefix + java.lang.Integer.toString(counter)) + .png)): null

2018-12-14 01:52:02 - [TEST_STEP][PASSED] - Statement - counter = counter + 1: null

2018-12-14 01:52:02 - [TEST_STEP][PASSED] - Statement - PreSaveFile = new java.io.File(((pathPrefix + java.lang.Integer.toString(counter)) + .png)): null

2018-12-14 01:52:02 - [TEST_STEP][PASSED] - Statement - counter = counter + 1: null

2018-12-14 01:52:02 - [TEST_STEP][PASSED] - Statement - PreSaveFile = new java.io.File(((pathPrefix + java.lang.Integer.toString(counter)) + .png)): null

2018-12-14 01:52:02 - [TEST_STEP][PASSED] - Statement - counter = counter + 1: null

2018-12-14 01:52:02 - [TEST_STEP][PASSED] - Statement - PreSaveFile = new java.io.File(((pathPrefix + java.lang.Integer.toString(counter)) + .png)): null

2018-12-14 01:52:02 - [TEST_STEP][PASSED] - Statement - counter = counter + 1: null

2018-12-14 01:52:02 - [TEST_STEP][PASSED] - Statement - PreSaveFile = new java.io.File(((pathPrefix + java.lang.Integer.toString(counter)) + .png)): null

2018-12-14 01:52:02 - [TEST_STEP][PASSED] - Statement - counter = counter + 1: null

2018-12-14 01:52:02 - [TEST_STEP][PASSED] - Statement - PreSaveFile = new java.io.File(((pathPrefix + java.lang.Integer.toString(counter)) + .png)): null

2018-12-14 01:52:02 - [TEST_STEP][PASSED] - Statement - counter = counter + 1: null

2018-12-14 01:52:02 - [TEST_STEP][PASSED] - Statement - PreSaveFile = new java.io.File(((pathPrefix + java.lang.Integer.toString(counter)) + .png)): null

2018-12-14 01:52:02 - [TEST_STEP][PASSED] - Statement - counter = counter + 1: null

2018-12-14 01:52:02 - [TEST_STEP][PASSED] - Statement - PreSaveFile = new java.io.File(((pathPrefix + java.lang.Integer.toString(counter)) + .png)): null

2018-12-14 01:52:02 - [TEST_STEP][PASSED] - Statement - counter = counter + 1: null

2018-12-14 01:52:02 - [TEST_STEP][PASSED] - Statement - PreSaveFile = new java.io.File(((pathPrefix + java.lang.Integer.toString(counter)) + .png)): null

2018-12-14 01:52:02 - [TEST_STEP][PASSED] - Statement - counter = counter + 1: null

2018-12-14 01:52:02 - [TEST_STEP][PASSED] - Statement - PreSaveFile = new java.io.File(((pathPrefix + java.lang.Integer.toString(counter)) + .png)): null

2018-12-14 01:52:02 - [TEST_STEP][PASSED] - Statement - counter = counter + 1: null

2018-12-14 01:52:02 - [TEST_STEP][PASSED] - Statement - PreSaveFile = new java.io.File(((pathPrefix + java.lang.Integer.toString(counter)) + .png)): null

2018-12-14 01:52:02 - [TEST_STEP][PASSED] - Statement - counter = counter + 1: null

2018-12-14 01:52:02 - [TEST_STEP][PASSED] - Statement - PreSaveFile = new java.io.File(((pathPrefix + java.lang.Integer.toString(counter)) + .png)): null

2018-12-14 01:52:02 - [TEST_STEP][PASSED] - Statement - counter = counter + 1: null

2018-12-14 01:52:02 - [TEST_STEP][PASSED] - Statement - PreSaveFile = new java.io.File(((pathPrefix + java.lang.Integer.toString(counter)) + .png)): null

2018-12-14 01:52:02 - [TEST_STEP][PASSED] - Statement - counter = counter + 1: null

2018-12-14 01:52:02 - [TEST_STEP][PASSED] - Statement - PreSaveFile = new java.io.File(((pathPrefix + java.lang.Integer.toString(counter)) + .png)): null

2018-12-14 01:52:02 - [TEST_STEP][PASSED] - Statement - counter = counter + 1: null

2018-12-14 01:52:02 - [TEST_STEP][PASSED] - Statement - PreSaveFile = new java.io.File(((pathPrefix + java.lang.Integer.toString(counter)) + .png)): null

2018-12-14 01:52:02 - [TEST_STEP][PASSED] - Statement - counter = counter + 1: null

2018-12-14 01:52:02 - [TEST_STEP][PASSED] - Statement - PreSaveFile = new java.io.File(((pathPrefix + java.lang.Integer.toString(counter)) + .png)): null

2018-12-14 01:52:02 - [TEST_STEP][PASSED] - Statement - counter = counter + 1: null

2018-12-14 01:52:02 - [TEST_STEP][PASSED] - Statement - PreSaveFile = new java.io.File(((pathPrefix + java.lang.Integer.toString(counter)) + .png)): null

2018-12-14 01:52:02 - [TEST_STEP][PASSED] - Statement - counter = counter + 1: null

2018-12-14 01:52:02 - [TEST_STEP][PASSED] - Statement - PreSaveFile = new java.io.File(((pathPrefix + java.lang.Integer.toString(counter)) + .png)): null

2018-12-14 01:52:02 - [TEST_STEP][PASSED] - Statement - counter = counter + 1: null

2018-12-14 01:52:02 - [TEST_STEP][PASSED] - Statement - PreSaveFile = new java.io.File(((pathPrefix + java.lang.Integer.toString(counter)) + .png)): null

2018-12-14 01:52:02 - [TEST_STEP][PASSED] - Statement - counter = counter + 1: null

2018-12-14 01:52:02 - [TEST_STEP][PASSED] - Statement - PreSaveFile = new java.io.File(((pathPrefix + java.lang.Integer.toString(counter)) + .png)): null

2018-12-14 01:52:02 - [TEST_STEP][PASSED] - Statement - counter = counter + 1: null

2018-12-14 01:52:02 - [TEST_STEP][PASSED] - Statement - PreSaveFile = new java.io.File(((pathPrefix + java.lang.Integer.toString(counter)) + .png)): null

2018-12-14 01:52:02 - [TEST_STEP][PASSED] - Statement - counter = counter + 1: null

2018-12-14 01:52:02 - [TEST_STEP][PASSED] - Statement - PreSaveFile = new java.io.File(((pathPrefix + java.lang.Integer.toString(counter)) + .png)): null

2018-12-14 01:52:02 - [TEST_STEP][PASSED] - Statement - counter = counter + 1: null

2018-12-14 01:52:02 - [TEST_STEP][PASSED] - Statement - PreSaveFile = new java.io.File(((pathPrefix + java.lang.Integer.toString(counter)) + .png)): null

2018-12-14 01:52:02 - [TEST_STEP][PASSED] - Statement - counter = counter + 1: null

2018-12-14 01:52:02 - [TEST_STEP][PASSED] - Statement - PreSaveFile = new java.io.File(((pathPrefix + java.lang.Integer.toString(counter)) + .png)): null

2018-12-14 01:52:02 - [TEST_STEP][PASSED] - Statement - counter = counter + 1: null

2018-12-14 01:52:02 - [TEST_STEP][PASSED] - Statement - PreSaveFile = new java.io.File(((pathPrefix + java.lang.Integer.toString(counter)) + .png)): null

2018-12-14 01:52:02 - [TEST_STEP][PASSED] - Statement - counter = counter + 1: null

2018-12-14 01:52:02 - [TEST_STEP][PASSED] - Statement - PreSaveFile = new java.io.File(((pathPrefix + java.lang.Integer.toString(counter)) + .png)): null

2018-12-14 01:52:02 - [TEST_STEP][PASSED] - Statement - counter = counter + 1: null

2018-12-14 01:52:02 - [TEST_STEP][PASSED] - Statement - PreSaveFile = new java.io.File(((pathPrefix + java.lang.Integer.toString(counter)) + .png)): null

2018-12-14 01:52:02 - [TEST_STEP][PASSED] - Statement - counter = counter + 1: null

2018-12-14 01:52:02 - [TEST_STEP][PASSED] - Statement - PreSaveFile = new java.io.File(((pathPrefix + java.lang.Integer.toString(counter)) + .png)): null

2018-12-14 01:52:02 - [TEST_STEP][PASSED] - Statement - counter = counter + 1: null

2018-12-14 01:52:02 - [TEST_STEP][PASSED] - Statement - PreSaveFile = new java.io.File(((pathPrefix + java.lang.Integer.toString(counter)) + .png)): null

2018-12-14 01:52:02 - [TEST_STEP][PASSED] - Statement - counter = counter + 1: null

2018-12-14 01:52:02 - [TEST_STEP][PASSED] - Statement - PreSaveFile = new java.io.File(((pathPrefix + java.lang.Integer.toString(counter)) + .png)): null

2018-12-14 01:52:02 - [TEST_STEP][PASSED] - Statement - counter = counter + 1: null

2018-12-14 01:52:02 - [TEST_STEP][PASSED] - Statement - PreSaveFile = new java.io.File(((pathPrefix + java.lang.Integer.toString(counter)) + .png)): null

2018-12-14 01:52:02 - [TEST_STEP][PASSED] - Statement - counter = counter + 1: null

2018-12-14 01:52:02 - [TEST_STEP][PASSED] - Statement - PreSaveFile = new java.io.File(((pathPrefix + java.lang.Integer.toString(counter)) + .png)): null

2018-12-14 01:52:02 - [TEST_STEP][PASSED] - Statement - counter = counter + 1: null

2018-12-14 01:52:02 - [TEST_STEP][PASSED] - Statement - PreSaveFile = new java.io.File(((pathPrefix + java.lang.Integer.toString(counter)) + .png)): null

2018-12-14 01:52:02 - [TEST_STEP][PASSED] - Statement - counter = counter + 1: null

2018-12-14 01:52:02 - [TEST_STEP][PASSED] - Statement - PreSaveFile = new java.io.File(((pathPrefix + java.lang.Integer.toString(counter)) + .png)): null

2018-12-14 01:52:02 - [TEST_STEP][PASSED] - Statement - counter = counter + 1: null

2018-12-14 01:52:02 - [TEST_STEP][PASSED] - Statement - PreSaveFile = new java.io.File(((pathPrefix + java.lang.Integer.toString(counter)) + .png)): null

2018-12-14 01:52:02 - [TEST_STEP][PASSED] - Statement - counter = counter + 1: null

2018-12-14 01:52:02 - [TEST_STEP][PASSED] - Statement - PreSaveFile = new java.io.File(((pathPrefix + java.lang.Integer.toString(counter)) + .png)): null

2018-12-14 01:52:02 - [TEST_STEP][PASSED] - Statement - counter = counter + 1: null

2018-12-14 01:52:02 - [TEST_STEP][PASSED] - Statement - PreSaveFile = new java.io.File(((pathPrefix + java.lang.Integer.toString(counter)) + .png)): null

2018-12-14 01:52:02 - [TEST_STEP][PASSED] - Statement - counter = counter + 1: null

2018-12-14 01:52:02 - [TEST_STEP][PASSED] - Statement - PreSaveFile = new java.io.File(((pathPrefix + java.lang.Integer.toString(counter)) + .png)): null

2018-12-14 01:52:02 - [TEST_STEP][PASSED] - Statement - counter = counter + 1: null

2018-12-14 01:52:02 - [TEST_STEP][PASSED] - Statement - PreSaveFile = new java.io.File(((pathPrefix + java.lang.Integer.toString(counter)) + .png)): null

2018-12-14 01:52:02 - [TEST_STEP][PASSED] - Statement - counter = counter + 1: null

2018-12-14 01:52:02 - [TEST_STEP][PASSED] - Statement - PreSaveFile = new java.io.File(((pathPrefix + java.lang.Integer.toString(counter)) + .png)): null

2018-12-14 01:52:02 - [TEST_STEP][PASSED] - Statement - counter = counter + 1: null

2018-12-14 01:52:02 - [TEST_STEP][PASSED] - Statement - PreSaveFile = new java.io.File(((pathPrefix + java.lang.Integer.toString(counter)) + .png)): null

2018-12-14 01:52:02 - [TEST_STEP][PASSED] - Statement - counter = counter + 1: null

2018-12-14 01:52:02 - [TEST_STEP][PASSED] - Statement - PreSaveFile = new java.io.File(((pathPrefix + java.lang.Integer.toString(counter)) + .png)): null

2018-12-14 01:52:02 - [TEST_STEP][PASSED] - Statement - counter = counter + 1: null

2018-12-14 01:52:02 - [TEST_STEP][PASSED] - Statement - PreSaveFile = new java.io.File(((pathPrefix + java.lang.Integer.toString(counter)) + .png)): null

2018-12-14 01:52:02 - [TEST_STEP][PASSED] - Statement - counter = counter + 1: null

2018-12-14 01:52:02 - [TEST_STEP][PASSED] - Statement - PreSaveFile = new java.io.File(((pathPrefix + java.lang.Integer.toString(counter)) + .png)): null

2018-12-14 01:52:02 - [TEST_STEP][PASSED] - Statement - counter = counter + 1: null

2018-12-14 01:52:02 - [TEST_STEP][PASSED] - Statement - PreSaveFile = new java.io.File(((pathPrefix + java.lang.Integer.toString(counter)) + .png)): null

2018-12-14 01:52:02 - [TEST_STEP][PASSED] - Statement - counter = counter + 1: null

2018-12-14 01:52:02 - [TEST_STEP][PASSED] - Statement - PreSaveFile = new java.io.File(((pathPrefix + java.lang.Integer.toString(counter)) + .png)): null

2018-12-14 01:52:02 - [TEST_STEP][PASSED] - Statement - counter = counter + 1: null

2018-12-14 01:52:02 - [TEST_STEP][PASSED] - Statement - PreSaveFile = new java.io.File(((pathPrefix + java.lang.Integer.toString(counter)) + .png)): null

2018-12-14 01:52:02 - [TEST_STEP][PASSED] - Statement - counter = counter + 1: null

2018-12-14 01:52:02 - [TEST_STEP][PASSED] - Statement - PreSaveFile = new java.io.File(((pathPrefix + java.lang.Integer.toString(counter)) + .png)): null

2018-12-14 01:52:02 - [TEST_STEP][PASSED] - Statement - counter = counter + 1: null

2018-12-14 01:52:02 - [TEST_STEP][PASSED] - Statement - PreSaveFile = new java.io.File(((pathPrefix + java.lang.Integer.toString(counter)) + .png)): null

2018-12-14 01:52:02 - [TEST_STEP][PASSED] - Statement - counter = counter + 1: null

2018-12-14 01:52:02 - [TEST_STEP][PASSED] - Statement - PreSaveFile = new java.io.File(((pathPrefix + java.lang.Integer.toString(counter)) + .png)): null

2018-12-14 01:52:02 - [TEST_STEP][PASSED] - Statement - counter = counter + 1: null

2018-12-14 01:52:02 - [TEST_STEP][PASSED] - Statement - PreSaveFile = new java.io.File(((pathPrefix + java.lang.Integer.toString(counter)) + .png)): null

2018-12-14 01:52:02 - [TEST_STEP][PASSED] - Statement - counter = counter + 1: null

2018-12-14 01:52:02 - [TEST_STEP][PASSED] - Statement - PreSaveFile = new java.io.File(((pathPrefix + java.lang.Integer.toString(counter)) + .png)): null

2018-12-14 01:52:02 - [TEST_STEP][PASSED] - Statement - counter = counter + 1: null

2018-12-14 01:52:02 - [TEST_STEP][PASSED] - Statement - PreSaveFile = new java.io.File(((pathPrefix + java.lang.Integer.toString(counter)) + .png)): null

2018-12-14 01:52:02 - [TEST_STEP][PASSED] - Statement - counter = counter + 1: null

2018-12-14 01:52:02 - [TEST_STEP][PASSED] - Statement - PreSaveFile = new java.io.File(((pathPrefix + java.lang.Integer.toString(counter)) + .png)): null

2018-12-14 01:52:02 - [TEST_STEP][PASSED] - Statement - counter = counter + 1: null

2018-12-14 01:52:02 - [TEST_STEP][PASSED] - Statement - PreSaveFile = new java.io.File(((pathPrefix + java.lang.Integer.toString(counter)) + .png)): null

2018-12-14 01:52:02 - [TEST_STEP][PASSED] - Statement - counter = counter + 1: null

2018-12-14 01:52:02 - [TEST_STEP][PASSED] - Statement - PreSaveFile = new java.io.File(((pathPrefix + java.lang.Integer.toString(counter)) + .png)): null

2018-12-14 01:52:02 - [TEST_STEP][PASSED] - Statement - counter = counter + 1: null

2018-12-14 01:52:02 - [TEST_STEP][PASSED] - Statement - PreSaveFile = new java.io.File(((pathPrefix + java.lang.Integer.toString(counter)) + .png)): null

2018-12-14 01:52:02 - [TEST_STEP][PASSED] - Statement - counter = counter + 1: null

2018-12-14 01:52:02 - [TEST_STEP][PASSED] - Statement - PreSaveFile = new java.io.File(((pathPrefix + java.lang.Integer.toString(counter)) + .png)): null

2018-12-14 01:52:02 - [TEST_STEP][PASSED] - Statement - counter = counter + 1: null

2018-12-14 01:52:02 - [TEST_STEP][PASSED] - Statement - PreSaveFile = new java.io.File(((pathPrefix + java.lang.Integer.toString(counter)) + .png)): null

2018-12-14 01:52:02 - [TEST_STEP][PASSED] - Statement - counter = counter + 1: null

2018-12-14 01:52:02 - [TEST_STEP][PASSED] - Statement - PreSaveFile = new java.io.File(((pathPrefix + java.lang.Integer.toString(counter)) + .png)): null

2018-12-14 01:52:02 - [TEST_STEP][PASSED] - Statement - counter = counter + 1: null

2018-12-14 01:52:02 - [TEST_STEP][PASSED] - Statement - PreSaveFile = new java.io.File(((pathPrefix + java.lang.Integer.toString(counter)) + .png)): null

2018-12-14 01:52:02 - [TEST_STEP][PASSED] - Statement - counter = counter + 1: null

2018-12-14 01:52:02 - [TEST_STEP][PASSED] - Statement - PreSaveFile = new java.io.File(((pathPrefix + java.lang.Integer.toString(counter)) + .png)): null

2018-12-14 01:52:02 - [TEST_STEP][PASSED] - Statement - counter = counter + 1: null

2018-12-14 01:52:02 - [TEST_STEP][PASSED] - Statement - PreSaveFile = new java.io.File(((pathPrefix + java.lang.Integer.toString(counter)) + .png)): null

2018-12-14 01:52:02 - [TEST_STEP][PASSED] - Statement - counter = counter + 1: null

2018-12-14 01:52:02 - [TEST_STEP][PASSED] - Statement - PreSaveFile = new java.io.File(((pathPrefix + java.lang.Integer.toString(counter)) + .png)): null

2018-12-14 01:52:02 - [TEST_STEP][PASSED] - Statement - counter = counter + 1: null

2018-12-14 01:52:02 - [TEST_STEP][PASSED] - Statement - PreSaveFile = new java.io.File(((pathPrefix + java.lang.Integer.toString(counter)) + .png)): null

2018-12-14 01:52:02 - [TEST_STEP][PASSED] - Statement - counter = counter + 1: null

2018-12-14 01:52:02 - [TEST_STEP][PASSED] - Statement - PreSaveFile = new java.io.File(((pathPrefix + java.lang.Integer.toString(counter)) + .png)): null

2018-12-14 01:52:02 - [TEST_STEP][PASSED] - Statement - counter = counter + 1: null

2018-12-14 01:52:02 - [TEST_STEP][PASSED] - Statement - PreSaveFile = new java.io.File(((pathPrefix + java.lang.Integer.toString(counter)) + .png)): null

2018-12-14 01:52:02 - [TEST_STEP][PASSED] - Statement - counter = counter + 1: null

2018-12-14 01:52:02 - [TEST_STEP][PASSED] - Statement - PreSaveFile = new java.io.File(((pathPrefix + java.lang.Integer.toString(counter)) + .png)): null

2018-12-14 01:52:02 - [TEST_STEP][PASSED] - Statement - counter = counter + 1: null

2018-12-14 01:52:02 - [TEST_STEP][PASSED] - Statement - PreSaveFile = new java.io.File(((pathPrefix + java.lang.Integer.toString(counter)) + .png)): null

2018-12-14 01:52:02 - [TEST_STEP][PASSED] - Statement - counter = counter + 1: null

2018-12-14 01:52:02 - [TEST_STEP][PASSED] - Statement - PreSaveFile = new java.io.File(((pathPrefix + java.lang.Integer.toString(counter)) + .png)): null

2018-12-14 01:52:02 - [TEST_STEP][PASSED] - Statement - counter = counter + 1: null

2018-12-14 01:52:02 - [TEST_STEP][PASSED] - Statement - PreSaveFile = new java.io.File(((pathPrefix + java.lang.Integer.toString(counter)) + .png)): null

2018-12-14 01:52:02 - [TEST_STEP][PASSED] - Statement - counter = counter + 1: null

2018-12-14 01:52:02 - [TEST_STEP][PASSED] - Statement - PreSaveFile = new java.io.File(((pathPrefix + java.lang.Integer.toString(counter)) + .png)): null

2018-12-14 01:52:02 - [TEST_STEP][PASSED] - Statement - counter = counter + 1: null

2018-12-14 01:52:02 - [TEST_STEP][PASSED] - Statement - PreSaveFile = new java.io.File(((pathPrefix + java.lang.Integer.toString(counter)) + .png)): null

2018-12-14 01:52:02 - [TEST_STEP][PASSED] - Statement - counter = counter + 1: null

2018-12-14 01:52:02 - [TEST_STEP][PASSED] - Statement - PreSaveFile = new java.io.File(((pathPrefix + java.lang.Integer.toString(counter)) + .png)): null

2018-12-14 01:52:02 - [TEST_STEP][PASSED] - Statement - counter = counter + 1: null

2018-12-14 01:52:02 - [TEST_STEP][PASSED] - Statement - PreSaveFile = new java.io.File(((pathPrefix + java.lang.Integer.toString(counter)) + .png)): null

2018-12-14 01:52:02 - [TEST_STEP][PASSED] - Statement - counter = counter + 1: null

2018-12-14 01:52:02 - [TEST_STEP][PASSED] - Statement - PreSaveFile = new java.io.File(((pathPrefix + java.lang.Integer.toString(counter)) + .png)): null

2018-12-14 01:52:02 - [TEST_STEP][PASSED] - Statement - counter = counter + 1: null

2018-12-14 01:52:02 - [TEST_STEP][PASSED] - Statement - PreSaveFile = new java.io.File(((pathPrefix + java.lang.Integer.toString(counter)) + .png)): null

2018-12-14 01:52:02 - [TEST_STEP][PASSED] - Statement - counter = counter + 1: null

2018-12-14 01:52:02 - [TEST_STEP][PASSED] - Statement - PreSaveFile = new java.io.File(((pathPrefix + java.lang.Integer.toString(counter)) + .png)): null

2018-12-14 01:52:02 - [TEST_STEP][PASSED] - Statement - counter = counter + 1: null

2018-12-14 01:52:02 - [TEST_STEP][PASSED] - Statement - PreSaveFile = new java.io.File(((pathPrefix + java.lang.Integer.toString(counter)) + .png)): null

2018-12-14 01:52:02 - [TEST_STEP][PASSED] - Statement - counter = counter + 1: null

2018-12-14 01:52:02 - [TEST_STEP][PASSED] - Statement - PreSaveFile = new java.io.File(((pathPrefix + java.lang.Integer.toString(counter)) + .png)): null

2018-12-14 01:52:02 - [TEST_STEP][PASSED] - Statement - counter = counter + 1: null

2018-12-14 01:52:02 - [TEST_STEP][PASSED] - Statement - PreSaveFile = new java.io.File(((pathPrefix + java.lang.Integer.toString(counter)) + .png)): null

2018-12-14 01:52:02 - [TEST_STEP][PASSED] - Statement - counter = counter + 1: null

2018-12-14 01:52:02 - [TEST_STEP][PASSED] - Statement - PreSaveFile = new java.io.File(((pathPrefix + java.lang.Integer.toString(counter)) + .png)): null

2018-12-14 01:52:02 - [TEST_STEP][PASSED] - Statement - counter = counter + 1: null

2018-12-14 01:52:02 - [TEST_STEP][PASSED] - Statement - PreSaveFile = new java.io.File(((pathPrefix + java.lang.Integer.toString(counter)) + .png)): null

2018-12-14 01:52:02 - [TEST_STEP][PASSED] - Statement - counter = counter + 1: null

2018-12-14 01:52:02 - [TEST_STEP][PASSED] - Statement - PreSaveFile = new java.io.File(((pathPrefix + java.lang.Integer.toString(counter)) + .png)): null

2018-12-14 01:52:02 - [TEST_STEP][PASSED] - Statement - counter = counter + 1: null

2018-12-14 01:52:02 - [TEST_STEP][PASSED] - Statement - PreSaveFile = new java.io.File(((pathPrefix + java.lang.Integer.toString(counter)) + .png)): null

2018-12-14 01:52:02 - [TEST_STEP][PASSED] - Statement - counter = counter + 1: null

2018-12-14 01:52:02 - [TEST_STEP][PASSED] - Statement - PreSaveFile = new java.io.File(((pathPrefix + java.lang.Integer.toString(counter)) + .png)): null

2018-12-14 01:52:02 - [TEST_STEP][PASSED] - Statement - counter = counter + 1: null

2018-12-14 01:52:02 - [TEST_STEP][PASSED] - Statement - PreSaveFile = new java.io.File(((pathPrefix + java.lang.Integer.toString(counter)) + .png)): null

2018-12-14 01:52:02 - [TEST_STEP][PASSED] - Statement - counter = counter + 1: null

2018-12-14 01:52:02 - [TEST_STEP][PASSED] - Statement - PreSaveFile = new java.io.File(((pathPrefix + java.lang.Integer.toString(counter)) + .png)): null

2018-12-14 01:52:02 - [TEST_STEP][PASSED] - Statement - counter = counter + 1: null

2018-12-14 01:52:02 - [TEST_STEP][PASSED] - Statement - PreSaveFile = new java.io.File(((pathPrefix + java.lang.Integer.toString(counter)) + .png)): null

2018-12-14 01:52:02 - [TEST_STEP][PASSED] - Statement - counter = counter + 1: null

2018-12-14 01:52:02 - [TEST_STEP][PASSED] - Statement - PreSaveFile = new java.io.File(((pathPrefix + java.lang.Integer.toString(counter)) + .png)): null

2018-12-14 01:52:02 - [TEST_STEP][PASSED] - Statement - counter = counter + 1: null

2018-12-14 01:52:02 - [TEST_STEP][PASSED] - Statement - PreSaveFile = new java.io.File(((pathPrefix + java.lang.Integer.toString(counter)) + .png)): null

2018-12-14 01:52:02 - [TEST_STEP][PASSED] - Statement - counter = counter + 1: null

2018-12-14 01:52:02 - [TEST_STEP][PASSED] - Statement - PreSaveFile = new java.io.File(((pathPrefix + java.lang.Integer.toString(counter)) + .png)): null

2018-12-14 01:52:02 - [TEST_STEP][PASSED] - Statement - counter = counter + 1: null

2018-12-14 01:52:02 - [TEST_STEP][PASSED] - Statement - PreSaveFile = new java.io.File(((pathPrefix + java.lang.Integer.toString(counter)) + .png)): null

2018-12-14 01:52:02 - [TEST_STEP][PASSED] - Statement - counter = counter + 1: null

2018-12-14 01:52:02 - [TEST_STEP][PASSED] - Statement - PreSaveFile = new java.io.File(((pathPrefix + java.lang.Integer.toString(counter)) + .png)): null

2018-12-14 01:52:02 - [TEST_STEP][PASSED] - Statement - counter = counter + 1: null

2018-12-14 01:52:02 - [TEST_STEP][PASSED] - Statement - PreSaveFile = new java.io.File(((pathPrefix + java.lang.Integer.toString(counter)) + .png)): null

2018-12-14 01:52:02 - [TEST_STEP][PASSED] - Statement - counter = counter + 1: null

2018-12-14 01:52:02 - [TEST_STEP][PASSED] - Statement - PreSaveFile = new java.io.File(((pathPrefix + java.lang.Integer.toString(counter)) + .png)): null

2018-12-14 01:52:02 - [TEST_STEP][PASSED] - Statement - counter = counter + 1: null

2018-12-14 01:52:02 - [TEST_STEP][PASSED] - Statement - PreSaveFile = new java.io.File(((pathPrefix + java.lang.Integer.toString(counter)) + .png)): null

2018-12-14 01:52:02 - [TEST_STEP][PASSED] - Statement - counter = counter + 1: null

2018-12-14 01:52:02 - [TEST_STEP][PASSED] - Statement - PreSaveFile = new java.io.File(((pathPrefix + java.lang.Integer.toString(counter)) + .png)): null

2018-12-14 01:52:02 - [TEST_STEP][PASSED] - Statement - counter = counter + 1: null

2018-12-14 01:52:02 - [TEST_STEP][PASSED] - Statement - PreSaveFile = new java.io.File(((pathPrefix + java.lang.Integer.toString(counter)) + .png)): null

2018-12-14 01:52:02 - [TEST_STEP][PASSED] - Statement - counter = counter + 1: null

2018-12-14 01:52:02 - [TEST_STEP][PASSED] - Statement - PreSaveFile = new java.io.File(((pathPrefix + java.lang.Integer.toString(counter)) + .png)): null

2018-12-14 01:52:02 - [TEST_STEP][PASSED] - Statement - counter = counter + 1: null

2018-12-14 01:52:02 - [TEST_STEP][PASSED] - Statement - PreSaveFile = new java.io.File(((pathPrefix + java.lang.Integer.toString(counter)) + .png)): null

2018-12-14 01:52:02 - [TEST_STEP][PASSED] - Statement - counter = counter + 1: null

2018-12-14 01:52:02 - [TEST_STEP][PASSED] - Statement - PreSaveFile = new java.io.File(((pathPrefix + java.lang.Integer.toString(counter)) + .png)): null

2018-12-14 01:52:02 - [TEST_STEP][PASSED] - Statement - counter = counter + 1: null

2018-12-14 01:52:02 - [TEST_STEP][PASSED] - Statement - PreSaveFile = new java.io.File(((pathPrefix + java.lang.Integer.toString(counter)) + .png)): null

2018-12-14 01:52:02 - [TEST_STEP][PASSED] - Statement - counter = counter + 1: null

2018-12-14 01:52:02 - [TEST_STEP][PASSED] - Statement - PreSaveFile = new java.io.File(((pathPrefix + java.lang.Integer.toString(counter)) + .png)): null

2018-12-14 01:52:02 - [TEST_STEP][PASSED] - Statement - counter = counter + 1: null

2018-12-14 01:52:02 - [TEST_STEP][PASSED] - Statement - PreSaveFile = new java.io.File(((pathPrefix + java.lang.Integer.toString(counter)) + .png)): null

2018-12-14 01:52:02 - [TEST_STEP][PASSED] - Statement - counter = counter + 1: null

2018-12-14 01:52:02 - [TEST_STEP][PASSED] - Statement - PreSaveFile = new java.io.File(((pathPrefix + java.lang.Integer.toString(counter)) + .png)): null

2018-12-14 01:52:02 - [TEST_STEP][PASSED] - Statement - counter = counter + 1: null

2018-12-14 01:52:02 - [TEST_STEP][PASSED] - Statement - PreSaveFile = new java.io.File(((pathPrefix + java.lang.Integer.toString(counter)) + .png)): null

2018-12-14 01:52:02 - [TEST_STEP][PASSED] - Statement - counter = counter + 1: null

2018-12-14 01:52:02 - [TEST_STEP][PASSED] - Statement - PreSaveFile = new java.io.File(((pathPrefix + java.lang.Integer.toString(counter)) + .png)): null

2018-12-14 01:52:02 - [TEST_STEP][PASSED] - Statement - counter = counter + 1: null

2018-12-14 01:52:02 - [TEST_STEP][PASSED] - Statement - PreSaveFile = new java.io.File(((pathPrefix + java.lang.Integer.toString(counter)) + .png)): null

2018-12-14 01:52:02 - [TEST_STEP][PASSED] - Statement - counter = counter + 1: null

2018-12-14 01:52:02 - [TEST_STEP][PASSED] - Statement - PreSaveFile = new java.io.File(((pathPrefix + java.lang.Integer.toString(counter)) + .png)): null

2018-12-14 01:52:02 - [TEST_STEP][PASSED] - Statement - counter = counter + 1: null

2018-12-14 01:52:02 - [TEST_STEP][PASSED] - Statement - PreSaveFile = new java.io.File(((pathPrefix + java.lang.Integer.toString(counter)) + .png)): null

2018-12-14 01:52:02 - [TEST_STEP][PASSED] - Statement - counter = counter + 1: null

2018-12-14 01:52:02 - [TEST_STEP][PASSED] - Statement - PreSaveFile = new java.io.File(((pathPrefix + java.lang.Integer.toString(counter)) + .png)): null

2018-12-14 01:52:02 - [TEST_STEP][PASSED] - Statement - counter = counter + 1: null

2018-12-14 01:52:02 - [TEST_STEP][PASSED] - Statement - PreSaveFile = new java.io.File(((pathPrefix + java.lang.Integer.toString(counter)) + .png)): null

2018-12-14 01:52:02 - [TEST_STEP][PASSED] - Statement - counter = counter + 1: null

2018-12-14 01:52:02 - [TEST_STEP][PASSED] - Statement - PreSaveFile = new java.io.File(((pathPrefix + java.lang.Integer.toString(counter)) + .png)): null

2018-12-14 01:52:02 - [TEST_STEP][PASSED] - Statement - counter = counter + 1: null

2018-12-14 01:52:02 - [TEST_STEP][PASSED] - Statement - PreSaveFile = new java.io.File(((pathPrefix + java.lang.Integer.toString(counter)) + .png)): null

2018-12-14 01:52:02 - [TEST_STEP][PASSED] - Statement - counter = counter + 1: null

2018-12-14 01:52:02 - [TEST_STEP][PASSED] - Statement - PreSaveFile = new java.io.File(((pathPrefix + java.lang.Integer.toString(counter)) + .png)): null

2018-12-14 01:52:02 - [TEST_STEP][PASSED] - Statement - counter = counter + 1: null

2018-12-14 01:52:02 - [TEST_STEP][PASSED] - Statement - PreSaveFile = new java.io.File(((pathPrefix + java.lang.Integer.toString(counter)) + .png)): null

2018-12-14 01:52:02 - [TEST_STEP][PASSED] - Statement - counter = counter + 1: null

2018-12-14 01:52:02 - [TEST_STEP][PASSED] - Statement - PreSaveFile = new java.io.File(((pathPrefix + java.lang.Integer.toString(counter)) + .png)): null

2018-12-14 01:52:02 - [TEST_STEP][PASSED] - Statement - counter = counter + 1: null

2018-12-14 01:52:02 - [TEST_STEP][PASSED] - Statement - PreSaveFile = new java.io.File(((pathPrefix + java.lang.Integer.toString(counter)) + .png)): null

2018-12-14 01:52:02 - [TEST_STEP][PASSED] - Statement - counter = counter + 1: null

2018-12-14 01:52:02 - [TEST_STEP][PASSED] - Statement - PreSaveFile = new java.io.File(((pathPrefix + java.lang.Integer.toString(counter)) + .png)): null

2018-12-14 01:52:02 - [TEST_STEP][PASSED] - Statement - counter = counter + 1: null

2018-12-14 01:52:02 - [TEST_STEP][PASSED] - Statement - PreSaveFile = new java.io.File(((pathPrefix + java.lang.Integer.toString(counter)) + .png)): null

2018-12-14 01:52:03 - [TEST_STEP][PASSED] - Statement - counter = counter + 1: null

2018-12-14 01:52:03 - [TEST_STEP][PASSED] - Statement - PreSaveFile = new java.io.File(((pathPrefix + java.lang.Integer.toString(counter)) + .png)): null

2018-12-14 01:52:03 - [TEST_STEP][PASSED] - Statement - counter = counter + 1: null

2018-12-14 01:52:03 - [TEST_STEP][PASSED] - Statement - PreSaveFile = new java.io.File(((pathPrefix + java.lang.Integer.toString(counter)) + .png)): null

2018-12-14 01:52:03 - [TEST_STEP][PASSED] - Statement - counter = counter + 1: null

2018-12-14 01:52:03 - [TEST_STEP][PASSED] - Statement - PreSaveFile = new java.io.File(((pathPrefix + java.lang.Integer.toString(counter)) + .png)): null

2018-12-14 01:52:03 - [TEST_STEP][PASSED] - Statement - counter = counter + 1: null

2018-12-14 01:52:03 - [TEST_STEP][PASSED] - Statement - PreSaveFile = new java.io.File(((pathPrefix + java.lang.Integer.toString(counter)) + .png)): null

2018-12-14 01:52:03 - [TEST_STEP][PASSED] - Statement - counter = counter + 1: null

2018-12-14 01:52:03 - [TEST_STEP][PASSED] - Statement - PreSaveFile = new java.io.File(((pathPrefix + java.lang.Integer.toString(counter)) + .png)): null

2018-12-14 01:52:03 - [TEST_STEP][PASSED] - Statement - counter = counter + 1: null

2018-12-14 01:52:03 - [TEST_STEP][PASSED] - Statement - PreSaveFile = new java.io.File(((pathPrefix + java.lang.Integer.toString(counter)) + .png)): null

2018-12-14 01:52:03 - [TEST_STEP][PASSED] - Statement - counter = counter + 1: null

2018-12-14 01:52:03 - [TEST_STEP][PASSED] - Statement - PreSaveFile = new java.io.File(((pathPrefix + java.lang.Integer.toString(counter)) + .png)): null

2018-12-14 01:52:03 - [TEST_STEP][PASSED] - Statement - counter = counter + 1: null

2018-12-14 01:52:03 - [TEST_STEP][PASSED] - Statement - PreSaveFile = new java.io.File(((pathPrefix + java.lang.Integer.toString(counter)) + .png)): null

2018-12-14 01:52:03 - [TEST_STEP][PASSED] - Statement - counter = counter + 1: null

2018-12-14 01:52:03 - [TEST_STEP][PASSED] - Statement - PreSaveFile = new java.io.File(((pathPrefix + java.lang.Integer.toString(counter)) + .png)): null

2018-12-14 01:52:03 - [TEST_STEP][PASSED] - Statement - counter = counter + 1: null

2018-12-14 01:52:03 - [TEST_STEP][PASSED] - Statement - PreSaveFile = new java.io.File(((pathPrefix + java.lang.Integer.toString(counter)) + .png)): null

2018-12-14 01:52:03 - [TEST_STEP][PASSED] - Statement - counter = counter + 1: null

2018-12-14 01:52:03 - [TEST_STEP][PASSED] - Statement - PreSaveFile = new java.io.File(((pathPrefix + java.lang.Integer.toString(counter)) + .png)): null

2018-12-14 01:52:03 - [TEST_STEP][PASSED] - Statement - counter = counter + 1: null

2018-12-14 01:52:03 - [TEST_STEP][PASSED] - Statement - PreSaveFile = new java.io.File(((pathPrefix + java.lang.Integer.toString(counter)) + .png)): null

2018-12-14 01:52:03 - [TEST_STEP][PASSED] - Statement - counter = counter + 1: null

2018-12-14 01:52:03 - [TEST_STEP][PASSED] - Statement - PreSaveFile = new java.io.File(((pathPrefix + java.lang.Integer.toString(counter)) + .png)): null

2018-12-14 01:52:03 - [TEST_STEP][PASSED] - Statement - counter = counter + 1: null

2018-12-14 01:52:03 - [TEST_STEP][PASSED] - Statement - PreSaveFile = new java.io.File(((pathPrefix + java.lang.Integer.toString(counter)) + .png)): null

2018-12-14 01:52:03 - [TEST_STEP][PASSED] - Statement - counter = counter + 1: null

2018-12-14 01:52:03 - [TEST_STEP][PASSED] - Statement - PreSaveFile = new java.io.File(((pathPrefix + java.lang.Integer.toString(counter)) + .png)): null

2018-12-14 01:52:03 - [TEST_STEP][PASSED] - Statement - counter = counter + 1: null

2018-12-14 01:52:03 - [TEST_STEP][PASSED] - Statement - PreSaveFile = new java.io.File(((pathPrefix + java.lang.Integer.toString(counter)) + .png)): null

2018-12-14 01:52:03 - [TEST_STEP][PASSED] - Statement - counter = counter + 1: null

2018-12-14 01:52:03 - [TEST_STEP][PASSED] - Statement - PreSaveFile = new java.io.File(((pathPrefix + java.lang.Integer.toString(counter)) + .png)): null

2018-12-14 01:52:03 - [TEST_STEP][PASSED] - Statement - counter = counter + 1: null

2018-12-14 01:52:03 - [TEST_STEP][PASSED] - Statement - PreSaveFile = new java.io.File(((pathPrefix + java.lang.Integer.toString(counter)) + .png)): null

2018-12-14 01:52:03 - [TEST_STEP][PASSED] - Statement - counter = counter + 1: null

2018-12-14 01:52:03 - [TEST_STEP][PASSED] - Statement - PreSaveFile = new java.io.File(((pathPrefix + java.lang.Integer.toString(counter)) + .png)): null

2018-12-14 01:52:03 - [TEST_STEP][PASSED] - Statement - counter = counter + 1: null

2018-12-14 01:52:03 - [TEST_STEP][PASSED] - Statement - PreSaveFile = new java.io.File(((pathPrefix + java.lang.Integer.toString(counter)) + .png)): null

2018-12-14 01:52:03 - [TEST_STEP][PASSED] - Statement - counter = counter + 1: null

2018-12-14 01:52:03 - [TEST_STEP][PASSED] - Statement - PreSaveFile = new java.io.File(((pathPrefix + java.lang.Integer.toString(counter)) + .png)): null

2018-12-14 01:52:03 - [TEST_STEP][PASSED] - Statement - counter = counter + 1: null

2018-12-14 01:52:03 - [TEST_STEP][PASSED] - Statement - PreSaveFile = new java.io.File(((pathPrefix + java.lang.Integer.toString(counter)) + .png)): null

2018-12-14 01:52:03 - [TEST_STEP][PASSED] - Statement - counter = counter + 1: null

2018-12-14 01:52:03 - [TEST_STEP][PASSED] - Statement - PreSaveFile = new java.io.File(((pathPrefix + java.lang.Integer.toString(counter)) + .png)): null

2018-12-14 01:52:03 - [TEST_STEP][PASSED] - Statement - counter = counter + 1: null

2018-12-14 01:52:03 - [TEST_STEP][PASSED] - Statement - PreSaveFile = new java.io.File(((pathPrefix + java.lang.Integer.toString(counter)) + .png)): null

2018-12-14 01:52:03 - [TEST_STEP][PASSED] - Statement - counter = counter + 1: null

2018-12-14 01:52:03 - [TEST_STEP][PASSED] - Statement - PreSaveFile = new java.io.File(((pathPrefix + java.lang.Integer.toString(counter)) + .png)): null

2018-12-14 01:52:03 - [TEST_STEP][PASSED] - Statement - counter = counter + 1: null

2018-12-14 01:52:03 - [TEST_STEP][PASSED] - Statement - PreSaveFile = new java.io.File(((pathPrefix + java.lang.Integer.toString(counter)) + .png)): null

2018-12-14 01:52:03 - [TEST_STEP][PASSED] - Statement - counter = counter + 1: null

2018-12-14 01:52:03 - [TEST_STEP][PASSED] - Statement - PreSaveFile = new java.io.File(((pathPrefix + java.lang.Integer.toString(counter)) + .png)): null

2018-12-14 01:52:03 - [TEST_STEP][PASSED] - Statement - counter = counter + 1: null

2018-12-14 01:52:03 - [TEST_STEP][PASSED] - Statement - PreSaveFile = new java.io.File(((pathPrefix + java.lang.Integer.toString(counter)) + .png)): null

2018-12-14 01:52:03 - [TEST_STEP][PASSED] - Statement - counter = counter + 1: null

2018-12-14 01:52:03 - [TEST_STEP][PASSED] - Statement - PreSaveFile = new java.io.File(((pathPrefix + java.lang.Integer.toString(counter)) + .png)): null

2018-12-14 01:52:03 - [TEST_STEP][PASSED] - Statement - counter = counter + 1: null

2018-12-14 01:52:03 - [TEST_STEP][PASSED] - Statement - PreSaveFile = new java.io.File(((pathPrefix + java.lang.Integer.toString(counter)) + .png)): null

2018-12-14 01:52:03 - [TEST_STEP][PASSED] - Statement - counter = counter + 1: null

2018-12-14 01:52:03 - [TEST_STEP][PASSED] - Statement - PreSaveFile = new java.io.File(((pathPrefix + java.lang.Integer.toString(counter)) + .png)): null

2018-12-14 01:52:03 - [TEST_STEP][PASSED] - Statement - counter = counter + 1: null

2018-12-14 01:52:03 - [TEST_STEP][PASSED] - Statement - PreSaveFile = new java.io.File(((pathPrefix + java.lang.Integer.toString(counter)) + .png)): null

2018-12-14 01:52:03 - [TEST_STEP][PASSED] - Statement - counter = counter + 1: null

2018-12-14 01:52:03 - [TEST_STEP][PASSED] - Statement - PreSaveFile = new java.io.File(((pathPrefix + java.lang.Integer.toString(counter)) + .png)): null

2018-12-14 01:52:03 - [TEST_STEP][PASSED] - Statement - counter = counter + 1: null

2018-12-14 01:52:03 - [TEST_STEP][PASSED] - Statement - PreSaveFile = new java.io.File(((pathPrefix + java.lang.Integer.toString(counter)) + .png)): null

2018-12-14 01:52:03 - [TEST_STEP][PASSED] - Statement - counter = counter + 1: null

2018-12-14 01:52:03 - [TEST_STEP][PASSED] - Statement - PreSaveFile = new java.io.File(((pathPrefix + java.lang.Integer.toString(counter)) + .png)): null

2018-12-14 01:52:03 - [TEST_STEP][PASSED] - Statement - counter = counter + 1: null

2018-12-14 01:52:03 - [TEST_STEP][PASSED] - Statement - PreSaveFile = new java.io.File(((pathPrefix + java.lang.Integer.toString(counter)) + .png)): null

2018-12-14 01:52:03 - [TEST_STEP][PASSED] - Statement - counter = counter + 1: null

2018-12-14 01:52:03 - [TEST_STEP][PASSED] - Statement - PreSaveFile = new java.io.File(((pathPrefix + java.lang.Integer.toString(counter)) + .png)): null

2018-12-14 01:52:03 - [TEST_STEP][PASSED] - Statement - counter = counter + 1: null

2018-12-14 01:52:03 - [TEST_STEP][PASSED] - Statement - PreSaveFile = new java.io.File(((pathPrefix + java.lang.Integer.toString(counter)) + .png)): null

2018-12-14 01:52:03 - [TEST_STEP][PASSED] - Statement - counter = counter + 1: null

2018-12-14 01:52:03 - [TEST_STEP][PASSED] - Statement - PreSaveFile = new java.io.File(((pathPrefix + java.lang.Integer.toString(counter)) + .png)): null

2018-12-14 01:52:03 - [TEST_STEP][PASSED] - Statement - counter = counter + 1: null

2018-12-14 01:52:03 - [TEST_STEP][PASSED] - Statement - PreSaveFile = new java.io.File(((pathPrefix + java.lang.Integer.toString(counter)) + .png)): null

2018-12-14 01:52:03 - [TEST_STEP][PASSED] - Statement - counter = counter + 1: null

2018-12-14 01:52:03 - [TEST_STEP][PASSED] - Statement - PreSaveFile = new java.io.File(((pathPrefix + java.lang.Integer.toString(counter)) + .png)): null

2018-12-14 01:52:03 - [TEST_STEP][PASSED] - Statement - counter = counter + 1: null

2018-12-14 01:52:03 - [TEST_STEP][PASSED] - Statement - PreSaveFile = new java.io.File(((pathPrefix + java.lang.Integer.toString(counter)) + .png)): null

2018-12-14 01:52:03 - [TEST_STEP][PASSED] - Statement - counter = counter + 1: null

2018-12-14 01:52:03 - [TEST_STEP][PASSED] - Statement - PreSaveFile = new java.io.File(((pathPrefix + java.lang.Integer.toString(counter)) + .png)): null

2018-12-14 01:52:03 - [TEST_STEP][PASSED] - Statement - counter = counter + 1: null

2018-12-14 01:52:03 - [TEST_STEP][PASSED] - Statement - PreSaveFile = new java.io.File(((pathPrefix + java.lang.Integer.toString(counter)) + .png)): null

2018-12-14 01:52:03 - [TEST_STEP][PASSED] - Statement - counter = counter + 1: null

2018-12-14 01:52:03 - [TEST_STEP][PASSED] - Statement - PreSaveFile = new java.io.File(((pathPrefix + java.lang.Integer.toString(counter)) + .png)): null

2018-12-14 01:52:03 - [TEST_STEP][PASSED] - Statement - counter = counter + 1: null

2018-12-14 01:52:03 - [TEST_STEP][PASSED] - Statement - PreSaveFile = new java.io.File(((pathPrefix + java.lang.Integer.toString(counter)) + .png)): null

2018-12-14 01:52:03 - [TEST_STEP][PASSED] - Statement - counter = counter + 1: null

2018-12-14 01:52:03 - [TEST_STEP][PASSED] - Statement - PreSaveFile = new java.io.File(((pathPrefix + java.lang.Integer.toString(counter)) + .png)): null

2018-12-14 01:52:03 - [TEST_STEP][PASSED] - Statement - counter = counter + 1: null

2018-12-14 01:52:03 - [TEST_STEP][PASSED] - Statement - PreSaveFile = new java.io.File(((pathPrefix + java.lang.Integer.toString(counter)) + .png)): null

2018-12-14 01:52:03 - [TEST_STEP][PASSED] - Statement - counter = counter + 1: null

2018-12-14 01:52:03 - [TEST_STEP][PASSED] - Statement - PreSaveFile = new java.io.File(((pathPrefix + java.lang.Integer.toString(counter)) + .png)): null

2018-12-14 01:52:03 - [TEST_STEP][PASSED] - Statement - counter = counter + 1: null

2018-12-14 01:52:03 - [TEST_STEP][PASSED] - Statement - PreSaveFile = new java.io.File(((pathPrefix + java.lang.Integer.toString(counter)) + .png)): null

2018-12-14 01:52:03 - [TEST_STEP][PASSED] - Statement - counter = counter + 1: null

2018-12-14 01:52:03 - [TEST_STEP][PASSED] - Statement - PreSaveFile = new java.io.File(((pathPrefix + java.lang.Integer.toString(counter)) + .png)): null

2018-12-14 01:52:03 - [TEST_STEP][PASSED] - Statement - counter = counter + 1: null

2018-12-14 01:52:03 - [TEST_STEP][PASSED] - Statement - PreSaveFile = new java.io.File(((pathPrefix + java.lang.Integer.toString(counter)) + .png)): null

2018-12-14 01:52:03 - [TEST_STEP][PASSED] - Statement - counter = counter + 1: null

2018-12-14 01:52:03 - [TEST_STEP][PASSED] - Statement - PreSaveFile = new java.io.File(((pathPrefix + java.lang.Integer.toString(counter)) + .png)): null

2018-12-14 01:52:03 - [TEST_STEP][PASSED] - Statement - counter = counter + 1: null

2018-12-14 01:52:03 - [TEST_STEP][PASSED] - Statement - PreSaveFile = new java.io.File(((pathPrefix + java.lang.Integer.toString(counter)) + .png)): null

2018-12-14 01:52:03 - [TEST_STEP][PASSED] - Statement - counter = counter + 1: null

2018-12-14 01:52:03 - [TEST_STEP][PASSED] - Statement - PreSaveFile = new java.io.File(((pathPrefix + java.lang.Integer.toString(counter)) + .png)): null

2018-12-14 01:52:03 - [TEST_STEP][PASSED] - Statement - counter = counter + 1: null

2018-12-14 01:52:03 - [TEST_STEP][PASSED] - Statement - PreSaveFile = new java.io.File(((pathPrefix + java.lang.Integer.toString(counter)) + .png)): null

2018-12-14 01:52:03 - [TEST_STEP][PASSED] - Statement - counter = counter + 1: null

2018-12-14 01:52:03 - [TEST_STEP][PASSED] - Statement - PreSaveFile = new java.io.File(((pathPrefix + java.lang.Integer.toString(counter)) + .png)): null

2018-12-14 01:52:03 - [TEST_STEP][PASSED] - Statement - counter = counter + 1: null

2018-12-14 01:52:03 - [TEST_STEP][PASSED] - Statement - PreSaveFile = new java.io.File(((pathPrefix + java.lang.Integer.toString(counter)) + .png)): null

2018-12-14 01:52:03 - [TEST_STEP][PASSED] - Statement - counter = counter + 1: null

2018-12-14 01:52:03 - [TEST_STEP][PASSED] - Statement - PreSaveFile = new java.io.File(((pathPrefix + java.lang.Integer.toString(counter)) + .png)): null

2018-12-14 01:52:03 - [TEST_STEP][PASSED] - Statement - counter = counter + 1: null

2018-12-14 01:52:03 - [TEST_STEP][PASSED] - Statement - PreSaveFile = new java.io.File(((pathPrefix + java.lang.Integer.toString(counter)) + .png)): null

2018-12-14 01:52:03 - [TEST_STEP][PASSED] - Statement - counter = counter + 1: null

2018-12-14 01:52:03 - [TEST_STEP][PASSED] - Statement - PreSaveFile = new java.io.File(((pathPrefix + java.lang.Integer.toString(counter)) + .png)): null

2018-12-14 01:52:03 - [TEST_STEP][PASSED] - Statement - counter = counter + 1: null

2018-12-14 01:52:03 - [TEST_STEP][PASSED] - Statement - PreSaveFile = new java.io.File(((pathPrefix + java.lang.Integer.toString(counter)) + .png)): null

2018-12-14 01:52:03 - [TEST_STEP][PASSED] - Statement - counter = counter + 1: null

2018-12-14 01:52:03 - [TEST_STEP][PASSED] - Statement - PreSaveFile = new java.io.File(((pathPrefix + java.lang.Integer.toString(counter)) + .png)): null

2018-12-14 01:52:03 - [TEST_STEP][PASSED] - Statement - counter = counter + 1: null

2018-12-14 01:52:03 - [TEST_STEP][PASSED] - Statement - PreSaveFile = new java.io.File(((pathPrefix + java.lang.Integer.toString(counter)) + .png)): null

2018-12-14 01:52:03 - [TEST_STEP][PASSED] - Statement - counter = counter + 1: null

2018-12-14 01:52:03 - [TEST_STEP][PASSED] - Statement - PreSaveFile = new java.io.File(((pathPrefix + java.lang.Integer.toString(counter)) + .png)): null

2018-12-14 01:52:03 - [TEST_STEP][PASSED] - Statement - counter = counter + 1: null

2018-12-14 01:52:03 - [TEST_STEP][PASSED] - Statement - PreSaveFile = new java.io.File(((pathPrefix + java.lang.Integer.toString(counter)) + .png)): null

2018-12-14 01:52:03 - [TEST_STEP][PASSED] - Statement - counter = counter + 1: null

2018-12-14 01:52:03 - [TEST_STEP][PASSED] - Statement - PreSaveFile = new java.io.File(((pathPrefix + java.lang.Integer.toString(counter)) + .png)): null

2018-12-14 01:52:03 - [TEST_STEP][PASSED] - Statement - counter = counter + 1: null

2018-12-14 01:52:03 - [TEST_STEP][PASSED] - Statement - PreSaveFile = new java.io.File(((pathPrefix + java.lang.Integer.toString(counter)) + .png)): null

2018-12-14 01:52:03 - [TEST_STEP][PASSED] - Statement - counter = counter + 1: null

2018-12-14 01:52:03 - [TEST_STEP][PASSED] - Statement - PreSaveFile = new java.io.File(((pathPrefix + java.lang.Integer.toString(counter)) + .png)): null

2018-12-14 01:52:03 - [TEST_STEP][PASSED] - Statement - counter = counter + 1: null

2018-12-14 01:52:03 - [TEST_STEP][PASSED] - Statement - PreSaveFile = new java.io.File(((pathPrefix + java.lang.Integer.toString(counter)) + .png)): null

2018-12-14 01:52:03 - [TEST_STEP][PASSED] - Statement - counter = counter + 1: null

2018-12-14 01:52:03 - [TEST_STEP][PASSED] - Statement - PreSaveFile = new java.io.File(((pathPrefix + java.lang.Integer.toString(counter)) + .png)): null

2018-12-14 01:52:03 - [TEST_STEP][PASSED] - Statement - counter = counter + 1: null

2018-12-14 01:52:03 - [TEST_STEP][PASSED] - Statement - PreSaveFile = new java.io.File(((pathPrefix + java.lang.Integer.toString(counter)) + .png)): null

2018-12-14 01:52:03 - [TEST_STEP][PASSED] - Statement - counter = counter + 1: null

2018-12-14 01:52:03 - [TEST_STEP][PASSED] - Statement - PreSaveFile = new java.io.File(((pathPrefix + java.lang.Integer.toString(counter)) + .png)): null

2018-12-14 01:52:03 - [TEST_STEP][PASSED] - Statement - counter = counter + 1: null

2018-12-14 01:52:03 - [TEST_STEP][PASSED] - Statement - PreSaveFile = new java.io.File(((pathPrefix + java.lang.Integer.toString(counter)) + .png)): null

2018-12-14 01:52:03 - [TEST_STEP][PASSED] - Statement - counter = counter + 1: null

2018-12-14 01:52:03 - [TEST_STEP][PASSED] - Statement - PreSaveFile = new java.io.File(((pathPrefix + java.lang.Integer.toString(counter)) + .png)): null

2018-12-14 01:52:03 - [TEST_STEP][PASSED] - Statement - counter = counter + 1: null

2018-12-14 01:52:03 - [TEST_STEP][PASSED] - Statement - PreSaveFile = new java.io.File(((pathPrefix + java.lang.Integer.toString(counter)) + .png)): null

2018-12-14 01:52:03 - [TEST_STEP][PASSED] - Statement - counter = counter + 1: null

2018-12-14 01:52:03 - [TEST_STEP][PASSED] - Statement - PreSaveFile = new java.io.File(((pathPrefix + java.lang.Integer.toString(counter)) + .png)): null

2018-12-14 01:52:03 - [TEST_STEP][PASSED] - Statement - counter = counter + 1: null

2018-12-14 01:52:03 - [TEST_STEP][PASSED] - Statement - PreSaveFile = new java.io.File(((pathPrefix + java.lang.Integer.toString(counter)) + .png)): null

2018-12-14 01:52:03 - [TEST_STEP][PASSED] - Statement - counter = counter + 1: null

2018-12-14 01:52:03 - [TEST_STEP][PASSED] - Statement - PreSaveFile = new java.io.File(((pathPrefix + java.lang.Integer.toString(counter)) + .png)): null

2018-12-14 01:52:03 - [TEST_STEP][PASSED] - Statement - counter = counter + 1: null

2018-12-14 01:52:03 - [TEST_STEP][PASSED] - Statement - PreSaveFile = new java.io.File(((pathPrefix + java.lang.Integer.toString(counter)) + .png)): null

2018-12-14 01:52:03 - [TEST_STEP][PASSED] - Statement - counter = counter + 1: null

2018-12-14 01:52:03 - [TEST_STEP][PASSED] - Statement - PreSaveFile = new java.io.File(((pathPrefix + java.lang.Integer.toString(counter)) + .png)): null

2018-12-14 01:52:03 - [TEST_STEP][PASSED] - Statement - counter = counter + 1: null

2018-12-14 01:52:03 - [TEST_STEP][PASSED] - Statement - PreSaveFile = new java.io.File(((pathPrefix + java.lang.Integer.toString(counter)) + .png)): null

2018-12-14 01:52:03 - [TEST_STEP][PASSED] - Statement - counter = counter + 1: null

2018-12-14 01:52:03 - [TEST_STEP][PASSED] - Statement - PreSaveFile = new java.io.File(((pathPrefix + java.lang.Integer.toString(counter)) + .png)): null

2018-12-14 01:52:03 - [TEST_STEP][PASSED] - Statement - counter = counter + 1: null

2018-12-14 01:52:03 - [TEST_STEP][PASSED] - Statement - PreSaveFile = new java.io.File(((pathPrefix + java.lang.Integer.toString(counter)) + .png)): null

2018-12-14 01:52:03 - [TEST_STEP][PASSED] - Statement - counter = counter + 1: null

2018-12-14 01:52:03 - [TEST_STEP][PASSED] - Statement - PreSaveFile = new java.io.File(((pathPrefix + java.lang.Integer.toString(counter)) + .png)): null

2018-12-14 01:52:03 - [TEST_STEP][PASSED] - Statement - counter = counter + 1: null

2018-12-14 01:52:03 - [TEST_STEP][PASSED] - Statement - PreSaveFile = new java.io.File(((pathPrefix + java.lang.Integer.toString(counter)) + .png)): null

2018-12-14 01:52:03 - [TEST_STEP][PASSED] - Statement - counter = counter + 1: null

2018-12-14 01:52:03 - [TEST_STEP][PASSED] - Statement - PreSaveFile = new java.io.File(((pathPrefix + java.lang.Integer.toString(counter)) + .png)): null

2018-12-14 01:52:03 - [TEST_STEP][PASSED] - Statement - counter = counter + 1: null

2018-12-14 01:52:03 - [TEST_STEP][PASSED] - Statement - PreSaveFile = new java.io.File(((pathPrefix + java.lang.Integer.toString(counter)) + .png)): null

2018-12-14 01:52:03 - [TEST_STEP][PASSED] - Statement - counter = counter + 1: null

2018-12-14 01:52:03 - [TEST_STEP][PASSED] - Statement - PreSaveFile = new java.io.File(((pathPrefix + java.lang.Integer.toString(counter)) + .png)): null

2018-12-14 01:52:03 - [TEST_STEP][PASSED] - Statement - counter = counter + 1: null

2018-12-14 01:52:03 - [TEST_STEP][PASSED] - Statement - PreSaveFile = new java.io.File(((pathPrefix + java.lang.Integer.toString(counter)) + .png)): null

2018-12-14 01:52:03 - [TEST_STEP][PASSED] - Statement - counter = counter + 1: null

2018-12-14 01:52:03 - [TEST_STEP][PASSED] - Statement - PreSaveFile = new java.io.File(((pathPrefix + java.lang.Integer.toString(counter)) + .png)): null

2018-12-14 01:52:03 - [TEST_STEP][PASSED] - Statement - counter = counter + 1: null

2018-12-14 01:52:03 - [TEST_STEP][PASSED] - Statement - PreSaveFile = new java.io.File(((pathPrefix + java.lang.Integer.toString(counter)) + .png)): null

2018-12-14 01:52:03 - [TEST_STEP][PASSED] - Statement - counter = counter + 1: null

2018-12-14 01:52:03 - [TEST_STEP][PASSED] - Statement - PreSaveFile = new java.io.File(((pathPrefix + java.lang.Integer.toString(counter)) + .png)): null

2018-12-14 01:52:03 - [TEST_STEP][PASSED] - Statement - counter = counter + 1: null

2018-12-14 01:52:03 - [TEST_STEP][PASSED] - Statement - PreSaveFile = new java.io.File(((pathPrefix + java.lang.Integer.toString(counter)) + .png)): null

2018-12-14 01:52:03 - [TEST_STEP][PASSED] - Statement - counter = counter + 1: null

2018-12-14 01:52:03 - [TEST_STEP][PASSED] - Statement - PreSaveFile = new java.io.File(((pathPrefix + java.lang.Integer.toString(counter)) + .png)): null

2018-12-14 01:52:03 - [TEST_STEP][PASSED] - Statement - counter = counter + 1: null

2018-12-14 01:52:03 - [TEST_STEP][PASSED] - Statement - PreSaveFile = new java.io.File(((pathPrefix + java.lang.Integer.toString(counter)) + .png)): null

2018-12-14 01:52:03 - [TEST_STEP][PASSED] - Statement - counter = counter + 1: null

2018-12-14 01:52:03 - [TEST_STEP][PASSED] - Statement - PreSaveFile = new java.io.File(((pathPrefix + java.lang.Integer.toString(counter)) + .png)): null

2018-12-14 01:52:03 - [TEST_STEP][PASSED] - Statement - counter = counter + 1: null

2018-12-14 01:52:03 - [TEST_STEP][PASSED] - Statement - PreSaveFile = new java.io.File(((pathPrefix + java.lang.Integer.toString(counter)) + .png)): null

2018-12-14 01:52:03 - [TEST_STEP][PASSED] - Statement - counter = counter + 1: null

2018-12-14 01:52:03 - [TEST_STEP][PASSED] - Statement - PreSaveFile = new java.io.File(((pathPrefix + java.lang.Integer.toString(counter)) + .png)): null

2018-12-14 01:52:03 - [TEST_STEP][PASSED] - Statement - counter = counter + 1: null

2018-12-14 01:52:03 - [TEST_STEP][PASSED] - Statement - PreSaveFile = new java.io.File(((pathPrefix + java.lang.Integer.toString(counter)) + .png)): null

2018-12-14 01:52:03 - [TEST_STEP][PASSED] - Statement - counter = counter + 1: null

2018-12-14 01:52:03 - [TEST_STEP][PASSED] - Statement - PreSaveFile = new java.io.File(((pathPrefix + java.lang.Integer.toString(counter)) + .png)): null

2018-12-14 01:52:03 - [TEST_STEP][PASSED] - Statement - counter = counter + 1: null

2018-12-14 01:52:03 - [TEST_STEP][PASSED] - Statement - PreSaveFile = new java.io.File(((pathPrefix + java.lang.Integer.toString(counter)) + .png)): null

2018-12-14 01:52:03 - [TEST_STEP][PASSED] - Statement - counter = counter + 1: null

2018-12-14 01:52:03 - [TEST_STEP][PASSED] - Statement - PreSaveFile = new java.io.File(((pathPrefix + java.lang.Integer.toString(counter)) + .png)): null

2018-12-14 01:52:03 - [TEST_STEP][PASSED] - Statement - counter = counter + 1: null

2018-12-14 01:52:03 - [TEST_STEP][PASSED] - Statement - PreSaveFile = new java.io.File(((pathPrefix + java.lang.Integer.toString(counter)) + .png)): null

2018-12-14 01:52:03 - [TEST_STEP][PASSED] - Statement - counter = counter + 1: null

2018-12-14 01:52:03 - [TEST_STEP][PASSED] - Statement - PreSaveFile = new java.io.File(((pathPrefix + java.lang.Integer.toString(counter)) + .png)): null

2018-12-14 01:52:03 - [TEST_STEP][PASSED] - Statement - counter = counter + 1: null

2018-12-14 01:52:03 - [TEST_STEP][PASSED] - Statement - PreSaveFile = new java.io.File(((pathPrefix + java.lang.Integer.toString(counter)) + .png)): null

2018-12-14 01:52:03 - [TEST_STEP][PASSED] - Statement - counter = counter + 1: null

2018-12-14 01:52:03 - [TEST_STEP][PASSED] - Statement - PreSaveFile = new java.io.File(((pathPrefix + java.lang.Integer.toString(counter)) + .png)): null

2018-12-14 01:52:03 - [TEST_STEP][PASSED] - Statement - counter = counter + 1: null

2018-12-14 01:52:03 - [TEST_STEP][PASSED] - Statement - PreSaveFile = new java.io.File(((pathPrefix + java.lang.Integer.toString(counter)) + .png)): null

2018-12-14 01:52:03 - [TEST_STEP][PASSED] - Statement - counter = counter + 1: null

2018-12-14 01:52:03 - [TEST_STEP][PASSED] - Statement - PreSaveFile = new java.io.File(((pathPrefix + java.lang.Integer.toString(counter)) + .png)): null

2018-12-14 01:52:03 - [TEST_STEP][PASSED] - Statement - counter = counter + 1: null

2018-12-14 01:52:03 - [TEST_STEP][PASSED] - Statement - PreSaveFile = new java.io.File(((pathPrefix + java.lang.Integer.toString(counter)) + .png)): null

2018-12-14 01:52:03 - [TEST_STEP][PASSED] - Statement - counter = counter + 1: null

2018-12-14 01:52:03 - [TEST_STEP][PASSED] - Statement - PreSaveFile = new java.io.File(((pathPrefix + java.lang.Integer.toString(counter)) + .png)): null

2018-12-14 01:52:03 - [TEST_STEP][PASSED] - Statement - counter = counter + 1: null

2018-12-14 01:52:03 - [TEST_STEP][PASSED] - Statement - PreSaveFile = new java.io.File(((pathPrefix + java.lang.Integer.toString(counter)) + .png)): null

2018-12-14 01:52:03 - [TEST_STEP][PASSED] - Statement - counter = counter + 1: null

2018-12-14 01:52:03 - [TEST_STEP][PASSED] - Statement - PreSaveFile = new java.io.File(((pathPrefix + java.lang.Integer.toString(counter)) + .png)): null

2018-12-14 01:52:03 - [TEST_STEP][PASSED] - Statement - counter = counter + 1: null

2018-12-14 01:52:03 - [TEST_STEP][PASSED] - Statement - PreSaveFile = new java.io.File(((pathPrefix + java.lang.Integer.toString(counter)) + .png)): null

2018-12-14 01:52:03 - [TEST_STEP][PASSED] - Statement - counter = counter + 1: null

2018-12-14 01:52:03 - [TEST_STEP][PASSED] - Statement - PreSaveFile = new java.io.File(((pathPrefix + java.lang.Integer.toString(counter)) + .png)): null

2018-12-14 01:52:03 - [TEST_STEP][PASSED] - Statement - counter = counter + 1: null

2018-12-14 01:52:03 - [TEST_STEP][PASSED] - Statement - PreSaveFile = new java.io.File(((pathPrefix + java.lang.Integer.toString(counter)) + .png)): null

2018-12-14 01:52:03 - [TEST_STEP][PASSED] - Statement - counter = counter + 1: null

2018-12-14 01:52:03 - [TEST_STEP][PASSED] - Statement - PreSaveFile = new java.io.File(((pathPrefix + java.lang.Integer.toString(counter)) + .png)): null

2018-12-14 01:52:03 - [TEST_STEP][PASSED] - Statement - counter = counter + 1: null

2018-12-14 01:52:03 - [TEST_STEP][PASSED] - Statement - PreSaveFile = new java.io.File(((pathPrefix + java.lang.Integer.toString(counter)) + .png)): null

2018-12-14 01:52:03 - [TEST_STEP][PASSED] - Statement - counter = counter + 1: null

2018-12-14 01:52:03 - [TEST_STEP][PASSED] - Statement - PreSaveFile = new java.io.File(((pathPrefix + java.lang.Integer.toString(counter)) + .png)): null

2018-12-14 01:52:03 - [TEST_STEP][PASSED] - Statement - counter = counter + 1: null

2018-12-14 01:52:03 - [TEST_STEP][PASSED] - Statement - PreSaveFile = new java.io.File(((pathPrefix + java.lang.Integer.toString(counter)) + .png)): null

2018-12-14 01:52:03 - [TEST_STEP][PASSED] - Statement - counter = counter + 1: null

2018-12-14 01:52:03 - [TEST_STEP][PASSED] - Statement - PreSaveFile = new java.io.File(((pathPrefix + java.lang.Integer.toString(counter)) + .png)): null

2018-12-14 01:52:03 - [TEST_STEP][PASSED] - Statement - counter = counter + 1: null

2018-12-14 01:52:03 - [TEST_STEP][PASSED] - Statement - PreSaveFile = new java.io.File(((pathPrefix + java.lang.Integer.toString(counter)) + .png)): null

2018-12-14 01:52:03 - [TEST_STEP][PASSED] - Statement - counter = counter + 1: null

2018-12-14 01:52:03 - [TEST_STEP][PASSED] - Statement - PreSaveFile = new java.io.File(((pathPrefix + java.lang.Integer.toString(counter)) + .png)): null

2018-12-14 01:52:03 - [TEST_STEP][PASSED] - Statement - counter = counter + 1: null

2018-12-14 01:52:03 - [TEST_STEP][PASSED] - Statement - PreSaveFile = new java.io.File(((pathPrefix + java.lang.Integer.toString(counter)) + .png)): null

2018-12-14 01:52:03 - [TEST_STEP][PASSED] - Statement - counter = counter + 1: null

2018-12-14 01:52:03 - [TEST_STEP][PASSED] - Statement - PreSaveFile = new java.io.File(((pathPrefix + java.lang.Integer.toString(counter)) + .png)): null

2018-12-14 01:52:03 - [TEST_STEP][PASSED] - Statement - counter = counter + 1: null

2018-12-14 01:52:03 - [TEST_STEP][PASSED] - Statement - PreSaveFile = new java.io.File(((pathPrefix + java.lang.Integer.toString(counter)) + .png)): null

2018-12-14 01:52:03 - [TEST_STEP][PASSED] - Statement - counter = counter + 1: null

2018-12-14 01:52:03 - [TEST_STEP][PASSED] - Statement - PreSaveFile = new java.io.File(((pathPrefix + java.lang.Integer.toString(counter)) + .png)): null

2018-12-14 01:52:03 - [TEST_STEP][PASSED] - Statement - counter = counter + 1: null

2018-12-14 01:52:03 - [TEST_STEP][PASSED] - Statement - PreSaveFile = new java.io.File(((pathPrefix + java.lang.Integer.toString(counter)) + .png)): null

2018-12-14 01:52:03 - [TEST_STEP][PASSED] - Statement - counter = counter + 1: null

2018-12-14 01:52:03 - [TEST_STEP][PASSED] - Statement - PreSaveFile = new java.io.File(((pathPrefix + java.lang.Integer.toString(counter)) + .png)): null

2018-12-14 01:52:03 - [TEST_STEP][PASSED] - Statement - counter = counter + 1: null

2018-12-14 01:52:03 - [TEST_STEP][PASSED] - Statement - PreSaveFile = new java.io.File(((pathPrefix + java.lang.Integer.toString(counter)) + .png)): null

2018-12-14 01:52:03 - [TEST_STEP][PASSED] - Statement - counter = counter + 1: null

2018-12-14 01:52:03 - [TEST_STEP][PASSED] - Statement - PreSaveFile = new java.io.File(((pathPrefix + java.lang.Integer.toString(counter)) + .png)): null

2018-12-14 01:52:03 - [TEST_STEP][PASSED] - Statement - counter = counter + 1: null

2018-12-14 01:52:03 - [TEST_STEP][PASSED] - Statement - PreSaveFile = new java.io.File(((pathPrefix + java.lang.Integer.toString(counter)) + .png)): null

2018-12-14 01:52:03 - [TEST_STEP][PASSED] - Statement - counter = counter + 1: null

2018-12-14 01:52:03 - [TEST_STEP][PASSED] - Statement - PreSaveFile = new java.io.File(((pathPrefix + java.lang.Integer.toString(counter)) + .png)): null

2018-12-14 01:52:03 - [TEST_STEP][PASSED] - Statement - counter = counter + 1: null

2018-12-14 01:52:03 - [TEST_STEP][PASSED] - Statement - PreSaveFile = new java.io.File(((pathPrefix + java.lang.Integer.toString(counter)) + .png)): null

2018-12-14 01:52:03 - [TEST_STEP][PASSED] - Statement - counter = counter + 1: null

2018-12-14 01:52:03 - [TEST_STEP][PASSED] - Statement - PreSaveFile = new java.io.File(((pathPrefix + java.lang.Integer.toString(counter)) + .png)): null

2018-12-14 01:52:03 - [TEST_STEP][PASSED] - Statement - counter = counter + 1: null

2018-12-14 01:52:03 - [TEST_STEP][PASSED] - Statement - PreSaveFile = new java.io.File(((pathPrefix + java.lang.Integer.toString(counter)) + .png)): null

2018-12-14 01:52:03 - [TEST_STEP][PASSED] - Statement - counter = counter + 1: null

2018-12-14 01:52:03 - [TEST_STEP][PASSED] - Statement - PreSaveFile = new java.io.File(((pathPrefix + java.lang.Integer.toString(counter)) + .png)): null

2018-12-14 01:52:03 - [TEST_STEP][PASSED] - Statement - counter = counter + 1: null

2018-12-14 01:52:03 - [TEST_STEP][PASSED] - Statement - PreSaveFile = new java.io.File(((pathPrefix + java.lang.Integer.toString(counter)) + .png)): null

2018-12-14 01:52:03 - [TEST_STEP][PASSED] - Statement - counter = counter + 1: null

2018-12-14 01:52:03 - [TEST_STEP][PASSED] - Statement - PreSaveFile = new java.io.File(((pathPrefix + java.lang.Integer.toString(counter)) + .png)): null

2018-12-14 01:52:03 - [TEST_STEP][PASSED] - Statement - counter = counter + 1: null

2018-12-14 01:52:03 - [TEST_STEP][PASSED] - Statement - PreSaveFile = new java.io.File(((pathPrefix + java.lang.Integer.toString(counter)) + .png)): null

2018-12-14 01:52:03 - [TEST_STEP][PASSED] - Statement - counter = counter + 1: null

2018-12-14 01:52:03 - [TEST_STEP][PASSED] - Statement - PreSaveFile = new java.io.File(((pathPrefix + java.lang.Integer.toString(counter)) + .png)): null

2018-12-14 01:52:03 - [TEST_STEP][PASSED] - Statement - counter = counter + 1: null

2018-12-14 01:52:03 - [TEST_STEP][PASSED] - Statement - PreSaveFile = new java.io.File(((pathPrefix + java.lang.Integer.toString(counter)) + .png)): null

2018-12-14 01:52:03 - [TEST_STEP][PASSED] - Statement - counter = counter + 1: null

2018-12-14 01:52:03 - [TEST_STEP][PASSED] - Statement - PreSaveFile = new java.io.File(((pathPrefix + java.lang.Integer.toString(counter)) + .png)): null

2018-12-14 01:52:03 - [TEST_STEP][PASSED] - Statement - counter = counter + 1: null

2018-12-14 01:52:03 - [TEST_STEP][PASSED] - Statement - PreSaveFile = new java.io.File(((pathPrefix + java.lang.Integer.toString(counter)) + .png)): null

2018-12-14 01:52:03 - [TEST_STEP][PASSED] - Statement - counter = counter + 1: null

2018-12-14 01:52:03 - [TEST_STEP][PASSED] - Statement - PreSaveFile = new java.io.File(((pathPrefix + java.lang.Integer.toString(counter)) + .png)): null

2018-12-14 01:52:03 - [TEST_STEP][PASSED] - Statement - counter = counter + 1: null

2018-12-14 01:52:03 - [TEST_STEP][PASSED] - Statement - PreSaveFile = new java.io.File(((pathPrefix + java.lang.Integer.toString(counter)) + .png)): null

2018-12-14 01:52:03 - [TEST_STEP][PASSED] - Statement - counter = counter + 1: null

2018-12-14 01:52:03 - [TEST_STEP][PASSED] - Statement - PreSaveFile = new java.io.File(((pathPrefix + java.lang.Integer.toString(counter)) + .png)): null

2018-12-14 01:52:03 - [TEST_STEP][PASSED] - Statement - counter = counter + 1: null

2018-12-14 01:52:03 - [TEST_STEP][PASSED] - Statement - PreSaveFile = new java.io.File(((pathPrefix + java.lang.Integer.toString(counter)) + .png)): null

2018-12-14 01:52:03 - [TEST_STEP][PASSED] - Statement - counter = counter + 1: null

2018-12-14 01:52:03 - [TEST_STEP][PASSED] - Statement - PreSaveFile = new java.io.File(((pathPrefix + java.lang.Integer.toString(counter)) + .png)): null

2018-12-14 01:52:03 - [TEST_STEP][PASSED] - Statement - counter = counter + 1: null

2018-12-14 01:52:03 - [TEST_STEP][PASSED] - Statement - PreSaveFile = new java.io.File(((pathPrefix + java.lang.Integer.toString(counter)) + .png)): null

2018-12-14 01:52:03 - [TEST_STEP][PASSED] - Statement - counter = counter + 1: null

2018-12-14 01:52:03 - [TEST_STEP][PASSED] - Statement - PreSaveFile = new java.io.File(((pathPrefix + java.lang.Integer.toString(counter)) + .png)): null

2018-12-14 01:52:03 - [TEST_STEP][PASSED] - Statement - counter = counter + 1: null

2018-12-14 01:52:03 - [TEST_STEP][PASSED] - Statement - PreSaveFile = new java.io.File(((pathPrefix + java.lang.Integer.toString(counter)) + .png)): null

2018-12-14 01:52:03 - [TEST_STEP][PASSED] - Statement - counter = counter + 1: null

2018-12-14 01:52:03 - [TEST_STEP][PASSED] - Statement - PreSaveFile = new java.io.File(((pathPrefix + java.lang.Integer.toString(counter)) + .png)): null

2018-12-14 01:52:03 - [TEST_STEP][PASSED] - Statement - counter = counter + 1: null

2018-12-14 01:52:03 - [TEST_STEP][PASSED] - Statement - PreSaveFile = new java.io.File(((pathPrefix + java.lang.Integer.toString(counter)) + .png)): null

2018-12-14 01:52:03 - [TEST_STEP][PASSED] - Statement - counter = counter + 1: null

2018-12-14 01:52:03 - [TEST_STEP][PASSED] - Statement - PreSaveFile = new java.io.File(((pathPrefix + java.lang.Integer.toString(counter)) + .png)): null

2018-12-14 01:52:03 - [TEST_STEP][PASSED] - Statement - counter = counter + 1: null

2018-12-14 01:52:03 - [TEST_STEP][PASSED] - Statement - PreSaveFile = new java.io.File(((pathPrefix + java.lang.Integer.toString(counter)) + .png)): null

2018-12-14 01:52:03 - [TEST_STEP][PASSED] - Statement - counter = counter + 1: null

2018-12-14 01:52:03 - [TEST_STEP][PASSED] - Statement - PreSaveFile = new java.io.File(((pathPrefix + java.lang.Integer.toString(counter)) + .png)): null

2018-12-14 01:52:03 - [TEST_STEP][PASSED] - Statement - counter = counter + 1: null

2018-12-14 01:52:03 - [TEST_STEP][PASSED] - Statement - PreSaveFile = new java.io.File(((pathPrefix + java.lang.Integer.toString(counter)) + .png)): null

2018-12-14 01:52:03 - [TEST_STEP][PASSED] - Statement - counter = counter + 1: null

2018-12-14 01:52:03 - [TEST_STEP][PASSED] - Statement - PreSaveFile = new java.io.File(((pathPrefix + java.lang.Integer.toString(counter)) + .png)): null

2018-12-14 01:52:03 - [TEST_STEP][PASSED] - Statement - counter = counter + 1: null

2018-12-14 01:52:03 - [TEST_STEP][PASSED] - Statement - PreSaveFile = new java.io.File(((pathPrefix + java.lang.Integer.toString(counter)) + .png)): null

2018-12-14 01:52:03 - [TEST_STEP][PASSED] - Statement - counter = counter + 1: null

2018-12-14 01:52:03 - [TEST_STEP][PASSED] - Statement - PreSaveFile = new java.io.File(((pathPrefix + java.lang.Integer.toString(counter)) + .png)): null

2018-12-14 01:52:03 - [TEST_STEP][PASSED] - Statement - counter = counter + 1: null

2018-12-14 01:52:03 - [TEST_STEP][PASSED] - Statement - PreSaveFile = new java.io.File(((pathPrefix + java.lang.Integer.toString(counter)) + .png)): null

2018-12-14 01:52:03 - [TEST_STEP][PASSED] - Statement - counter = counter + 1: null

2018-12-14 01:52:03 - [TEST_STEP][PASSED] - Statement - PreSaveFile = new java.io.File(((pathPrefix + java.lang.Integer.toString(counter)) + .png)): null

2018-12-14 01:52:03 - [TEST_STEP][PASSED] - Statement - counter = counter + 1: null

2018-12-14 01:52:03 - [TEST_STEP][PASSED] - Statement - PreSaveFile = new java.io.File(((pathPrefix + java.lang.Integer.toString(counter)) + .png)): null

2018-12-14 01:52:03 - [TEST_STEP][PASSED] - Statement - counter = counter + 1: null

2018-12-14 01:52:03 - [TEST_STEP][PASSED] - Statement - PreSaveFile = new java.io.File(((pathPrefix + java.lang.Integer.toString(counter)) + .png)): null

2018-12-14 01:52:03 - [TEST_STEP][PASSED] - Statement - counter = counter + 1: null

2018-12-14 01:52:03 - [TEST_STEP][PASSED] - Statement - PreSaveFile = new java.io.File(((pathPrefix + java.lang.Integer.toString(counter)) + .png)): null

2018-12-14 01:52:03 - [TEST_STEP][PASSED] - Statement - counter = counter + 1: null

2018-12-14 01:52:03 - [TEST_STEP][PASSED] - Statement - PreSaveFile = new java.io.File(((pathPrefix + java.lang.Integer.toString(counter)) + .png)): null

2018-12-14 01:52:03 - [TEST_STEP][PASSED] - Statement - counter = counter + 1: null

2018-12-14 01:52:03 - [TEST_STEP][PASSED] - Statement - PreSaveFile = new java.io.File(((pathPrefix + java.lang.Integer.toString(counter)) + .png)): null

2018-12-14 01:52:03 - [TEST_STEP][PASSED] - Statement - counter = counter + 1: null

2018-12-14 01:52:03 - [TEST_STEP][PASSED] - Statement - PreSaveFile = new java.io.File(((pathPrefix + java.lang.Integer.toString(counter)) + .png)): null

2018-12-14 01:52:03 - [TEST_STEP][PASSED] - Statement - counter = counter + 1: null

2018-12-14 01:52:03 - [TEST_STEP][PASSED] - Statement - PreSaveFile = new java.io.File(((pathPrefix + java.lang.Integer.toString(counter)) + .png)): null

2018-12-14 01:52:03 - [TEST_STEP][PASSED] - Statement - counter = counter + 1: null

2018-12-14 01:52:03 - [TEST_STEP][PASSED] - Statement - PreSaveFile = new java.io.File(((pathPrefix + java.lang.Integer.toString(counter)) + .png)): null

2018-12-14 01:52:03 - [TEST_STEP][PASSED] - Statement - counter = counter + 1: null

2018-12-14 01:52:03 - [TEST_STEP][PASSED] - Statement - PreSaveFile = new java.io.File(((pathPrefix + java.lang.Integer.toString(counter)) + .png)): null

2018-12-14 01:52:03 - [TEST_STEP][PASSED] - Statement - counter = counter + 1: null

2018-12-14 01:52:03 - [TEST_STEP][PASSED] - Statement - PreSaveFile = new java.io.File(((pathPrefix + java.lang.Integer.toString(counter)) + .png)): null

2018-12-14 01:52:03 - [TEST_STEP][PASSED] - Statement - counter = counter + 1: null

2018-12-14 01:52:03 - [TEST_STEP][PASSED] - Statement - PreSaveFile = new java.io.File(((pathPrefix + java.lang.Integer.toString(counter)) + .png)): null

2018-12-14 01:52:03 - [TEST_STEP][PASSED] - Statement - counter = counter + 1: null

2018-12-14 01:52:03 - [TEST_STEP][PASSED] - Statement - PreSaveFile = new java.io.File(((pathPrefix + java.lang.Integer.toString(counter)) + .png)): null

2018-12-14 01:52:03 - [TEST_STEP][PASSED] - Statement - counter = counter + 1: null

2018-12-14 01:52:03 - [TEST_STEP][PASSED] - Statement - PreSaveFile = new java.io.File(((pathPrefix + java.lang.Integer.toString(counter)) + .png)): null

2018-12-14 01:52:03 - [TEST_STEP][PASSED] - Statement - counter = counter + 1: null

2018-12-14 01:52:03 - [TEST_STEP][PASSED] - Statement - PreSaveFile = new java.io.File(((pathPrefix + java.lang.Integer.toString(counter)) + .png)): null

2018-12-14 01:52:03 - [TEST_STEP][PASSED] - Statement - counter = counter + 1: null

2018-12-14 01:52:03 - [TEST_STEP][PASSED] - Statement - PreSaveFile = new java.io.File(((pathPrefix + java.lang.Integer.toString(counter)) + .png)): null

2018-12-14 01:52:03 - [TEST_STEP][PASSED] - Statement - counter = counter + 1: null

2018-12-14 01:52:03 - [TEST_STEP][PASSED] - Statement - PreSaveFile = new java.io.File(((pathPrefix + java.lang.Integer.toString(counter)) + .png)): null

2018-12-14 01:52:03 - [TEST_STEP][PASSED] - Statement - counter = counter + 1: null

2018-12-14 01:52:03 - [TEST_STEP][PASSED] - Statement - PreSaveFile = new java.io.File(((pathPrefix + java.lang.Integer.toString(counter)) + .png)): null

2018-12-14 01:52:03 - [TEST_STEP][PASSED] - Statement - counter = counter + 1: null

2018-12-14 01:52:03 - [TEST_STEP][PASSED] - Statement - PreSaveFile = new java.io.File(((pathPrefix + java.lang.Integer.toString(counter)) + .png)): null

2018-12-14 01:52:03 - [TEST_STEP][PASSED] - Statement - counter = counter + 1: null

2018-12-14 01:52:03 - [TEST_STEP][PASSED] - Statement - PreSaveFile = new java.io.File(((pathPrefix + java.lang.Integer.toString(counter)) + .png)): null

2018-12-14 01:52:03 - [TEST_STEP][PASSED] - Statement - counter = counter + 1: null

2018-12-14 01:52:03 - [TEST_STEP][PASSED] - Statement - PreSaveFile = new java.io.File(((pathPrefix + java.lang.Integer.toString(counter)) + .png)): null

2018-12-14 01:52:03 - [TEST_STEP][PASSED] - Statement - counter = counter + 1: null

2018-12-14 01:52:03 - [TEST_STEP][PASSED] - Statement - PreSaveFile = new java.io.File(((pathPrefix + java.lang.Integer.toString(counter)) + .png)): null

2018-12-14 01:52:03 - [TEST_STEP][PASSED] - Statement - counter = counter + 1: null

2018-12-14 01:52:03 - [TEST_STEP][PASSED] - Statement - PreSaveFile = new java.io.File(((pathPrefix + java.lang.Integer.toString(counter)) + .png)): null

2018-12-14 01:52:03 - [TEST_STEP][PASSED] - Statement - counter = counter + 1: null

2018-12-14 01:52:03 - [TEST_STEP][PASSED] - Statement - PreSaveFile = new java.io.File(((pathPrefix + java.lang.Integer.toString(counter)) + .png)): null

2018-12-14 01:52:03 - [TEST_STEP][PASSED] - Statement - counter = counter + 1: null

2018-12-14 01:52:03 - [TEST_STEP][PASSED] - Statement - PreSaveFile = new java.io.File(((pathPrefix + java.lang.Integer.toString(counter)) + .png)): null

2018-12-14 01:52:03 - [TEST_STEP][PASSED] - Statement - counter = counter + 1: null

2018-12-14 01:52:03 - [TEST_STEP][PASSED] - Statement - PreSaveFile = new java.io.File(((pathPrefix + java.lang.Integer.toString(counter)) + .png)): null

2018-12-14 01:52:03 - [TEST_STEP][PASSED] - Statement - counter = counter + 1: null

2018-12-14 01:52:03 - [TEST_STEP][PASSED] - Statement - PreSaveFile = new java.io.File(((pathPrefix + java.lang.Integer.toString(counter)) + .png)): null

2018-12-14 01:52:03 - [TEST_STEP][PASSED] - Statement - counter = counter + 1: null

2018-12-14 01:52:03 - [TEST_STEP][PASSED] - Statement - PreSaveFile = new java.io.File(((pathPrefix + java.lang.Integer.toString(counter)) + .png)): null

2018-12-14 01:52:03 - [TEST_STEP][PASSED] - Statement - counter = counter + 1: null

2018-12-14 01:52:03 - [TEST_STEP][PASSED] - Statement - PreSaveFile = new java.io.File(((pathPrefix + java.lang.Integer.toString(counter)) + .png)): null

2018-12-14 01:52:03 - [TEST_STEP][PASSED] - Statement - counter = counter + 1: null

2018-12-14 01:52:03 - [TEST_STEP][PASSED] - Statement - PreSaveFile = new java.io.File(((pathPrefix + java.lang.Integer.toString(counter)) + .png)): null

2018-12-14 01:52:03 - [TEST_STEP][PASSED] - Statement - counter = counter + 1: null

2018-12-14 01:52:03 - [TEST_STEP][PASSED] - Statement - PreSaveFile = new java.io.File(((pathPrefix + java.lang.Integer.toString(counter)) + .png)): null

2018-12-14 01:52:03 - [TEST_STEP][PASSED] - Statement - counter = counter + 1: null

2018-12-14 01:52:03 - [TEST_STEP][PASSED] - Statement - PreSaveFile = new java.io.File(((pathPrefix + java.lang.Integer.toString(counter)) + .png)): null

2018-12-14 01:52:03 - [TEST_STEP][PASSED] - Statement - counter = counter + 1: null

2018-12-14 01:52:03 - [TEST_STEP][PASSED] - Statement - PreSaveFile = new java.io.File(((pathPrefix + java.lang.Integer.toString(counter)) + .png)): null

2018-12-14 01:52:03 - [TEST_STEP][PASSED] - Statement - counter = counter + 1: null

2018-12-14 01:52:03 - [TEST_STEP][PASSED] - Statement - PreSaveFile = new java.io.File(((pathPrefix + java.lang.Integer.toString(counter)) + .png)): null

2018-12-14 01:52:03 - [TEST_STEP][PASSED] - Statement - counter = counter + 1: null

2018-12-14 01:52:03 - [TEST_STEP][PASSED] - Statement - PreSaveFile = new java.io.File(((pathPrefix + java.lang.Integer.toString(counter)) + .png)): null

2018-12-14 01:52:03 - [TEST_STEP][PASSED] - Statement - counter = counter + 1: null

2018-12-14 01:52:03 - [TEST_STEP][PASSED] - Statement - PreSaveFile = new java.io.File(((pathPrefix + java.lang.Integer.toString(counter)) + .png)): null

2018-12-14 01:52:03 - [TEST_STEP][PASSED] - Statement - counter = counter + 1: null

2018-12-14 01:52:03 - [TEST_STEP][PASSED] - Statement - PreSaveFile = new java.io.File(((pathPrefix + java.lang.Integer.toString(counter)) + .png)): null

2018-12-14 01:52:03 - [TEST_STEP][PASSED] - Statement - counter = counter + 1: null

2018-12-14 01:52:03 - [TEST_STEP][PASSED] - Statement - PreSaveFile = new java.io.File(((pathPrefix + java.lang.Integer.toString(counter)) + .png)): null

2018-12-14 01:52:03 - [TEST_STEP][PASSED] - Statement - counter = counter + 1: null

2018-12-14 01:52:03 - [TEST_STEP][PASSED] - Statement - PreSaveFile = new java.io.File(((pathPrefix + java.lang.Integer.toString(counter)) + .png)): null

2018-12-14 01:52:03 - [TEST_STEP][PASSED] - Statement - counter = counter + 1: null

2018-12-14 01:52:03 - [TEST_STEP][PASSED] - Statement - PreSaveFile = new java.io.File(((pathPrefix + java.lang.Integer.toString(counter)) + .png)): null

2018-12-14 01:52:03 - [TEST_STEP][PASSED] - Statement - counter = counter + 1: null

2018-12-14 01:52:03 - [TEST_STEP][PASSED] - Statement - PreSaveFile = new java.io.File(((pathPrefix + java.lang.Integer.toString(counter)) + .png)): null

2018-12-14 01:52:03 - [TEST_STEP][PASSED] - Statement - counter = counter + 1: null

2018-12-14 01:52:03 - [TEST_STEP][PASSED] - Statement - PreSaveFile = new java.io.File(((pathPrefix + java.lang.Integer.toString(counter)) + .png)): null

2018-12-14 01:52:03 - [TEST_STEP][PASSED] - Statement - counter = counter + 1: null

2018-12-14 01:52:03 - [TEST_STEP][PASSED] - Statement - PreSaveFile = new java.io.File(((pathPrefix + java.lang.Integer.toString(counter)) + .png)): null

2018-12-14 01:52:03 - [TEST_STEP][PASSED] - Statement - counter = counter + 1: null

2018-12-14 01:52:03 - [TEST_STEP][PASSED] - Statement - PreSaveFile = new java.io.File(((pathPrefix + java.lang.Integer.toString(counter)) + .png)): null

2018-12-14 01:52:03 - [TEST_STEP][PASSED] - Statement - counter = counter + 1: null

2018-12-14 01:52:03 - [TEST_STEP][PASSED] - Statement - PreSaveFile = new java.io.File(((pathPrefix + java.lang.Integer.toString(counter)) + .png)): null

2018-12-14 01:52:03 - [TEST_STEP][PASSED] - Statement - counter = counter + 1: null

2018-12-14 01:52:03 - [TEST_STEP][PASSED] - Statement - PreSaveFile = new java.io.File(((pathPrefix + java.lang.Integer.toString(counter)) + .png)): null

2018-12-14 01:52:03 - [TEST_STEP][PASSED] - Statement - counter = counter + 1: null

2018-12-14 01:52:03 - [TEST_STEP][PASSED] - Statement - PreSaveFile = new java.io.File(((pathPrefix + java.lang.Integer.toString(counter)) + .png)): null

2018-12-14 01:52:03 - [TEST_STEP][PASSED] - Statement - counter = counter + 1: null

2018-12-14 01:52:03 - [TEST_STEP][PASSED] - Statement - PreSaveFile = new java.io.File(((pathPrefix + java.lang.Integer.toString(counter)) + .png)): null

2018-12-14 01:52:03 - [TEST_STEP][PASSED] - Statement - counter = counter + 1: null

2018-12-14 01:52:03 - [TEST_STEP][PASSED] - Statement - PreSaveFile = new java.io.File(((pathPrefix + java.lang.Integer.toString(counter)) + .png)): null

2018-12-14 01:52:03 - [TEST_STEP][PASSED] - Statement - counter = counter + 1: null

2018-12-14 01:52:03 - [TEST_STEP][PASSED] - Statement - PreSaveFile = new java.io.File(((pathPrefix + java.lang.Integer.toString(counter)) + .png)): null

2018-12-14 01:52:03 - [TEST_STEP][PASSED] - Statement - counter = counter + 1: null

2018-12-14 01:52:03 - [TEST_STEP][PASSED] - Statement - PreSaveFile = new java.io.File(((pathPrefix + java.lang.Integer.toString(counter)) + .png)): null

2018-12-14 01:52:03 - [TEST_STEP][PASSED] - Statement - counter = counter + 1: null

2018-12-14 01:52:03 - [TEST_STEP][PASSED] - Statement - PreSaveFile = new java.io.File(((pathPrefix + java.lang.Integer.toString(counter)) + .png)): null

2018-12-14 01:52:03 - [TEST_STEP][PASSED] - Statement - counter = counter + 1: null

2018-12-14 01:52:03 - [TEST_STEP][PASSED] - Statement - PreSaveFile = new java.io.File(((pathPrefix + java.lang.Integer.toString(counter)) + .png)): null

2018-12-14 01:52:03 - [TEST_STEP][PASSED] - Statement - finalPath = pathPrefix + java.lang.Integer.toString(counter) + ".png": null

2018-12-14 01:52:03 - [TEST_STEP][PASSED] - Statement - SaveFile = new java.io.File(finalPath): null

2018-12-14 01:52:03 - [TEST_STEP][PASSED] - Statement - Try: null

2018-12-14 01:52:03 - [TEST_STEP][PASSED] - Statement - org.apache.commons.io.FileUtils.copyFile(scrFile, SaveFile): null

2018-12-14 01:52:03 - [TEST_STEP][PASSED] - Statement - out.println("file kept"): null

2018-12-14 01:52:03 - [TEST_STEP][PASSED] - delay: Delayed 10 second(s)

2018-12-14 01:52:13 - [MESSAGE][PASSED] - Delayed 10 second(s)

2018-12-14 01:52:13 - [MESSAGE][PASSED] - Call Test Case 'Test Cases/Final Aug 2018 - PKS Automation/Common/Screenshoting tool' successfully

2018-12-14 01:52:13 - [TEST_STEP][PASSED] - callTestCase: Call Test Case 'Test Cases/Final Aug 2018 - PKS Automation/Registration Module/Log Out/log out avoiding katalon tagging' successfully

2018-12-14 01:52:13 - [TEST_CASE][PASSED] - Test Cases/Final Aug 2018 - PKS Automation/Registration Module/Log Out/log out avoiding katalon tagging: Test Cases/Final Aug 2018 - PKS Automation/Registration Module/Log Out/log out avoiding katalon tagging

2018-12-14 01:52:13 - [TEST_STEP][PASSED] - navigateToUrl: Navigate to 'https://assist2-uat.perkeso.gov.my/c/portal/logout' successfully

2018-12-14 01:52:14 - [MESSAGE][PASSED] - Navigate to 'https://assist2-uat.perkeso.gov.my/c/portal/logout' successfully

2018-12-14 01:52:14 - [MESSAGE][PASSED] - Call Test Case 'Test Cases/Final Aug 2018 - PKS Automation/Registration Module/Log Out/log out avoiding katalon tagging' successfully

2018-12-14 01:52:14 - [TEST_STEP][PASSED] - callTestCase: Call Test Case 'Test Cases/Final Aug 2018 - PKS Automation/Common/Workflow Owner Finder' successfully

2018-12-14 01:52:14 - [TEST_CASE][PASSED] - Test Cases/Final Aug 2018 - PKS Automation/Common/Workflow Owner Finder: Test Cases/Final Aug 2018 - PKS Automation/Common/Workflow Owner Finder

2018-12-14 01:52:14 - [TEST_STEP][PASSED] - openBrowser: Browser is opened with url: ''

2018-12-14 01:52:14 - [MESSAGE][WARNING] - A browser is already opened. Closing browser and opening a new one

2018-12-14 01:52:18 - [MESSAGE][PASSED] - Browser is opened with url: ''

2018-12-14 01:52:18 - [TEST_STEP][PASSED] - navigateToUrl: Navigate to 'https://assist2-uat.perkeso.gov.my/login' successfully

2018-12-14 01:52:19 - [MESSAGE][PASSED] - Navigate to 'https://assist2-uat.perkeso.gov.my/login' successfully

2018-12-14 01:52:19 - [TEST_STEP][PASSED] - delay: Delayed 5 second(s)

2018-12-14 01:52:24 - [MESSAGE][PASSED] - Delayed 5 second(s)

2018-12-14 01:52:24 - [TEST_STEP][PASSED] - setText: Text 'test@liferay.com' is set on object 'Object Repository/Final Object Repo/Login Page/Internal User/Email Address'

2018-12-14 01:52:25 - [MESSAGE][PASSED] - Text 'test@liferay.com' is set on object 'Object Repository/Final Object Repo/Login Page/Internal User/Email Address'

2018-12-14 01:52:25 - [TEST_STEP][PASSED] - click: Object: 'Object Repository/Final Object Repo/Login Page/Internal User/Next Button' is clicked on

2018-12-14 01:52:25 - [MESSAGE][PASSED] - Object: 'Object Repository/Final Object Repo/Login Page/Internal User/Next Button' is clicked on

2018-12-14 01:52:25 - [TEST_STEP][PASSED] - delay: Delayed 2 second(s)

2018-12-14 01:52:27 - [MESSAGE][PASSED] - Delayed 2 second(s)

2018-12-14 01:52:27 - [TEST_STEP][PASSED] - setText: Text 'test' is set on object 'Object Repository/Final Object Repo/Login Page/Internal User/Password'

2018-12-14 01:52:27 - [MESSAGE][PASSED] - Text 'test' is set on object 'Object Repository/Final Object Repo/Login Page/Internal User/Password'

2018-12-14 01:52:27 - [TEST_STEP][PASSED] - delay: Delayed 2 second(s)

2018-12-14 01:52:29 - [MESSAGE][PASSED] - Delayed 2 second(s)

2018-12-14 01:52:29 - [TEST_STEP][PASSED] - click: Object: 'Object Repository/Final Object Repo/Login Page/Internal User/Login Button' is clicked on

2018-12-14 01:52:29 - [MESSAGE][PASSED] - Object: 'Object Repository/Final Object Repo/Login Page/Internal User/Login Button' is clicked on

2018-12-14 01:52:29 - [TEST_STEP][PASSED] - Statement - tester = com.kms.katalon.core.testobject.ObjectRepository.findTestObject(Final Object Repo/Landing Page/Select to English): Finding Test Object with id 'Object Repository/Final Object Repo/Landing Page/Select to English'

2018-12-14 01:52:29 - [TEST_STEP][PASSED] - Statement - Try: Delayed 2 second(s)

2018-12-14 01:52:29 - [TEST_STEP][PASSED] - Statement - Checker = com.kms.katalon.core.webui.keyword.WebUiBuiltInKeywords.verifyElementNotPresent(tester, 3): Web element with id: 'Object Repository/Final Object Repo/Landing Page/Select to English' located by 'By.xpath: //a[@class = 'taglib-language-list-text' and @lang = 'en-US' and (contains(text(), 'EN') or contains(., 'EN'))]' is not present after '3' second(s)

2018-12-14 01:52:31 - [MESSAGE][PASSED] - Web element with id: 'Object Repository/Final Object Repo/Landing Page/Select to English' located by 'By.xpath: //a[@class = 'taglib-language-list-text' and @lang = 'en-US' and (contains(text(), 'EN') or contains(., 'EN'))]' is not present after '3' second(s)

2018-12-14 01:52:31 - [TEST_STEP][PASSED] - Statement - If (Checker == false): null

2018-12-14 01:52:31 - [TEST_STEP][PASSED] - delay: Delayed 2 second(s)

2018-12-14 01:52:33 - [MESSAGE][PASSED] - Delayed 2 second(s)

2018-12-14 01:52:33 - [TEST_STEP][PASSED] - delay: Delayed 5 second(s)

2018-12-14 01:52:38 - [MESSAGE][PASSED] - Delayed 5 second(s)

2018-12-14 01:52:38 - [TEST_STEP][PASSED] - mouseOver: Object: 'Object Repository/Final Object Repo/Landing Page/WorkFlow Menu' is hovered

2018-12-14 01:52:38 - [MESSAGE][PASSED] - Object: 'Object Repository/Final Object Repo/Landing Page/WorkFlow Menu' is hovered

2018-12-14 01:52:38 - [TEST_STEP][PASSED] - delay: Delayed 2 second(s)

2018-12-14 01:52:40 - [MESSAGE][PASSED] - Delayed 2 second(s)

2018-12-14 01:52:40 - [TEST_STEP][PASSED] - click: Object: 'Object Repository/Final Object Repo/Landing Page/Select to Workflow Listing' is clicked on

2018-12-14 01:52:41 - [MESSAGE][PASSED] - Object: 'Object Repository/Final Object Repo/Landing Page/Select to Workflow Listing' is clicked on

2018-12-14 01:52:41 - [TEST_STEP][PASSED] - delay: Delayed 2 second(s)

2018-12-14 01:52:43 - [MESSAGE][PASSED] - Delayed 2 second(s)

2018-12-14 01:52:43 - [TEST_STEP][PASSED] - click: Object: 'Object Repository/Final Object Repo/WorkFlow Listing Page/Search Information - To Put Ref No' is clicked on

2018-12-14 01:52:44 - [MESSAGE][PASSED] - Object: 'Object Repository/Final Object Repo/WorkFlow Listing Page/Search Information - To Put Ref No' is clicked on

2018-12-14 01:52:44 - [TEST_STEP][PASSED] - delay: Delayed 2 second(s)

2018-12-14 01:52:46 - [MESSAGE][PASSED] - Delayed 2 second(s)

2018-12-14 01:52:46 - [TEST_STEP][PASSED] - callTestCase: Call Test Case 'Test Cases/Final Aug 2018 - PKS Automation/Common/Reference Number Getter' successfully

2018-12-14 01:52:46 - [TEST_CASE][PASSED] - Test Cases/Final Aug 2018 - PKS Automation/Common/Reference Number Getter: Test Cases/Final Aug 2018 - PKS Automation/Common/Reference Number Getter

2018-12-14 01:52:46 - [TEST_STEP][PASSED] - Statement - Try: null

2018-12-14 01:52:46 - [TEST_STEP][PASSED] - Statement - RefNo = new java.io.File(C://Users//Admin//Desktop//PKS//Automation Reference Point//KatalonReference.txt): null

2018-12-14 01:52:46 - [TEST_STEP][PASSED] - Statement - bufferread = new java.io.BufferedReader(new java.io.FileReader(RefNo)): null

2018-12-14 01:52:46 - [TEST_STEP][PASSED] - Statement - readedVal = bufferread.readLine(): null

2018-12-14 01:52:46 - [TEST_STEP][PASSED] - Statement - out.println(CaseReferenceNo): null

2018-12-14 01:52:46 - [TEST_STEP][PASSED] - Statement - out.println(readedVal): null

2018-12-14 01:52:46 - [TEST_STEP][PASSED] - Statement - CaseReferenceNo = "": null

2018-12-14 01:52:46 - [TEST_STEP][PASSED] - Statement - CaseReferenceNo = readedVal: null

2018-12-14 01:52:46 - [MESSAGE][PASSED] - Call Test Case 'Test Cases/Final Aug 2018 - PKS Automation/Common/Reference Number Getter' successfully

2018-12-14 01:52:46 - [TEST_STEP][PASSED] - setText: Text 'CAN12201800002353' is set on object 'Object Repository/Final Object Repo/WorkFlow Listing Page/Ref No Set Text'

2018-12-14 01:52:46 - [MESSAGE][PASSED] - Text 'CAN12201800002353' is set on object 'Object Repository/Final Object Repo/WorkFlow Listing Page/Ref No Set Text'

2018-12-14 01:52:46 - [TEST_STEP][PASSED] - delay: Delayed 2 second(s)

2018-12-14 01:52:48 - [MESSAGE][PASSED] - Delayed 2 second(s)

2018-12-14 01:52:48 - [TEST_STEP][PASSED] - click: Object: 'Object Repository/Final Object Repo/WorkFlow Listing Page/Search Ref No Search Button' is clicked on

2018-12-14 01:52:48 - [MESSAGE][PASSED] - Object: 'Object Repository/Final Object Repo/WorkFlow Listing Page/Search Ref No Search Button' is clicked on

2018-12-14 01:52:48 - [TEST_STEP][PASSED] - delay: Delayed 6 second(s)

2018-12-14 01:52:54 - [MESSAGE][PASSED] - Delayed 6 second(s)

2018-12-14 01:52:54 - [TEST_STEP][PASSED] - click: Object: 'Object Repository/Final Object Repo/WorkFlow Listing Page/Click Continue Tooltip' is clicked on

2018-12-14 01:52:55 - [MESSAGE][PASSED] - Object: 'Object Repository/Final Object Repo/WorkFlow Listing Page/Click Continue Tooltip' is clicked on

2018-12-14 01:52:55 - [TEST_STEP][PASSED] - delay: Delayed 5 second(s)

2018-12-14 01:53:00 - [MESSAGE][PASSED] - Delayed 5 second(s)

2018-12-14 01:53:00 - [TEST_STEP][PASSED] - doubleClick: Object: 'Object Repository/Final Object Repo/WorkFlow Listing Page/Workflow Found - Listing 1' is double clicked on

2018-12-14 01:53:00 - [MESSAGE][PASSED] - Object: 'Object Repository/Final Object Repo/WorkFlow Listing Page/Workflow Found - Listing 1' is double clicked on

2018-12-14 01:53:00 - [TEST_STEP][PASSED] - Statement - println(OwnerID): null

2018-12-14 01:53:00 - [TEST_STEP][PASSED] - Statement - OwnerID = com.kms.katalon.core.webui.keyword.WebUiBuiltInKeywords.getText(com.kms.katalon.core.testobject.ObjectRepository.findTestObject(Final Object Repo/WorkFlow Listing Page/Workflow Found - Listing 1), STOP_ON_FAILURE): Text of object 'Object Repository/Final Object Repo/WorkFlow Listing Page/Workflow Found - Listing 1' is: 'JOHORro1'

2018-12-14 01:53:00 - [MESSAGE][PASSED] - Text of object 'Object Repository/Final Object Repo/WorkFlow Listing Page/Workflow Found - Listing 1' is: 'JOHORro1'

2018-12-14 01:53:00 - [TEST_STEP][PASSED] - Statement - OwnerID = OwnerID.toLowerCase() + "@gmail.com": null

2018-12-14 01:53:00 - [TEST_STEP][PASSED] - Statement - println(OwnerID): null

2018-12-14 01:53:00 - [TEST_STEP][PASSED] - delay: Delayed 2 second(s)

2018-12-14 01:53:02 - [MESSAGE][PASSED] - Delayed 2 second(s)

2018-12-14 01:53:02 - [MESSAGE][PASSED] - Call Test Case 'Test Cases/Final Aug 2018 - PKS Automation/Common/Workflow Owner Finder' successfully

2018-12-14 01:53:02 - [TEST_STEP][PASSED] - callTestCase: Call Test Case 'Test Cases/Final Aug 2018 - PKS Automation/Registration Module/Log Out/log out avoiding katalon tagging' successfully

2018-12-14 01:53:02 - [TEST_CASE][PASSED] - Test Cases/Final Aug 2018 - PKS Automation/Registration Module/Log Out/log out avoiding katalon tagging: Test Cases/Final Aug 2018 - PKS Automation/Registration Module/Log Out/log out avoiding katalon tagging

2018-12-14 01:53:02 - [TEST_STEP][PASSED] - navigateToUrl: Navigate to 'https://assist2-uat.perkeso.gov.my/c/portal/logout' successfully

2018-12-14 01:53:03 - [MESSAGE][PASSED] - Navigate to 'https://assist2-uat.perkeso.gov.my/c/portal/logout' successfully

2018-12-14 01:53:03 - [MESSAGE][PASSED] - Call Test Case 'Test Cases/Final Aug 2018 - PKS Automation/Registration Module/Log Out/log out avoiding katalon tagging' successfully

2018-12-14 01:53:03 - [TEST_STEP][PASSED] - delay: Delayed 2 second(s)

2018-12-14 01:53:05 - [MESSAGE][PASSED] - Delayed 2 second(s)

2018-12-14 01:53:05 - [TEST_STEP][PASSED] - setText: Text 'johorro1@gmail.com' is set on object 'Object Repository/Final Object Repo/Page_Update Add New Employee - ASSIST/Email TextBox'

2018-12-14 01:53:05 - [MESSAGE][PASSED] - Text 'johorro1@gmail.com' is set on object 'Object Repository/Final Object Repo/Page_Update Add New Employee - ASSIST/Email TextBox'

2018-12-14 01:53:05 - [TEST_STEP][PASSED] - click: Object: 'Object Repository/Final Object Repo/Page_Update Add New Employee - ASSIST/Next Button' is clicked on

2018-12-14 01:53:06 - [MESSAGE][PASSED] - Object: 'Object Repository/Final Object Repo/Page_Update Add New Employee - ASSIST/Next Button' is clicked on

2018-12-14 01:53:06 - [TEST_STEP][PASSED] - delay: Delayed 2 second(s)

2018-12-14 01:53:08 - [MESSAGE][PASSED] - Delayed 2 second(s)

2018-12-14 01:53:08 - [TEST_STEP][PASSED] - setText: Text 'Test1@3456789' is set on object 'Object Repository/Final Object Repo/Page_Update Add New Employee - ASSIST/Password TextBox'

2018-12-14 01:53:08 - [MESSAGE][PASSED] - Text 'Test1@3456789' is set on object 'Object Repository/Final Object Repo/Page_Update Add New Employee - ASSIST/Password TextBox'

2018-12-14 01:53:08 - [TEST_STEP][PASSED] - delay: Delayed 2 second(s)

2018-12-14 01:53:10 - [MESSAGE][PASSED] - Delayed 2 second(s)

2018-12-14 01:53:10 - [TEST_STEP][PASSED] - click: Object: 'Object Repository/Final Object Repo/Page_Update Add New Employee - ASSIST/Login Button' is clicked on

2018-12-14 01:53:10 - [MESSAGE][PASSED] - Object: 'Object Repository/Final Object Repo/Page_Update Add New Employee - ASSIST/Login Button' is clicked on

2018-12-14 01:53:10 - [TEST_STEP][PASSED] - delay: Delayed 4 second(s)

2018-12-14 01:53:14 - [MESSAGE][PASSED] - Delayed 4 second(s)

2018-12-14 01:53:14 - [TEST_STEP][PASSED] - Statement - Try: Delayed 2 second(s)

2018-12-14 01:53:14 - [TEST_STEP][PASSED] - Statement - Checker = false: null

2018-12-14 01:53:14 - [TEST_STEP][PASSED] - Statement - Checker = com.kms.katalon.core.webui.keyword.WebUiBuiltInKeywords.verifyElementHasAttribute(com.kms.katalon.core.testobject.ObjectRepository.findTestObject(Final Object Repo/Landing Page/BM Detecting), "href", 20, OPTIONAL): Object 'Object Repository/Final Object Repo/Landing Page/BM Detecting' has attribute 'href'

2018-12-14 01:53:14 - [MESSAGE][PASSED] - Object 'Object Repository/Final Object Repo/Landing Page/BM Detecting' has attribute 'href'

2018-12-14 01:53:14 - [TEST_STEP][PASSED] - Statement - out.println(Checker): null

2018-12-14 01:53:14 - [TEST_STEP][PASSED] - Statement - If (Checker == false): null

2018-12-14 01:53:14 - [TEST_STEP][PASSED] - Statement - Else: null

2018-12-14 01:53:14 - [TEST_STEP][PASSED] - delay: Delayed 2 second(s)

2018-12-14 01:53:16 - [MESSAGE][PASSED] - Delayed 2 second(s)

2018-12-14 01:53:16 - [TEST_STEP][PASSED] - delay: Delayed 4 second(s)

2018-12-14 01:53:20 - [MESSAGE][PASSED] - Delayed 4 second(s)

2018-12-14 01:53:20 - [TEST_STEP][PASSED] - click: Object: 'Object Repository/Final Object Repo/New Registration - Registration Module Pages/New Reg - OTC to RO/Special Case - All Related Objects/Expand to Search' is clicked on

2018-12-14 01:53:20 - [MESSAGE][PASSED] - Object: 'Object Repository/Final Object Repo/New Registration - Registration Module Pages/New Reg - OTC to RO/Special Case - All Related Objects/Expand to Search' is clicked on

2018-12-14 01:53:20 - [TEST_STEP][FAILED] - setText: Unable to set text 'CAN12201800002353' of object 'Object Repository/Final Object Repo/New Registration - Registration Module Pages/New Reg - OTC to RO/Special Case - All Related Objects/TextBox RefNo in Workbasket' (Root cause: org.openqa.selenium.ElementNotVisibleException: element not interactable
  (Session info: chrome=70.0.3538.110)
  (Driver info: chromedriver=2.43.600210 (68dcf5eebde37173d4027fa8635e332711d2874a),platform=Windows NT 6.1.7601 SP1 x86_64) (WARNING: The server did not provide any stacktrace information)
Command duration or timeout: 0 milliseconds
Build info: version: '3.7.1', revision: '8a0099a', time: '2017-11-06T21:07:36.161Z'
System info: host: 'WIN7TEST02', ip: '10.20.3.72', os.name: 'Windows 7', os.arch: 'amd64', os.version: '6.1', java.version: '1.8.0_181'
Driver info: com.kms.katalon.selenium.driver.CChromeDriver
Capabilities {acceptInsecureCerts: false, acceptSslCerts: false, applicationCacheEnabled: false, browserConnectionEnabled: false, browserName: chrome, chrome: {chromedriverVersion: 2.43.600210 (68dcf5eebde371..., userDataDir: C:\Users\Admin\AppData\Loca...}, cssSelectorsEnabled: true, databaseEnabled: false, goog:chromeOptions: {debuggerAddress: localhost:64030}, handlesAlerts: true, hasTouchScreen: false, javascriptEnabled: true, locationContextEnabled: true, mobileEmulationEnabled: false, nativeEvents: true, networkConnectionEnabled: false, pageLoadStrategy: normal, platform: XP, platformName: XP, rotatable: false, setWindowRect: true, takesHeapSnapshot: true, takesScreenshot: true, unexpectedAlertBehaviour: , unhandledPromptBehavior: , version: 70.0.3538.110, webStorageEnabled: true}
Session ID: d70461dcecc9484db3fa11e1d96055a4)

2018-12-14 01:53:21 - [MESSAGE][FAILED] - Unable to set text 'CAN12201800002353' of object 'Object Repository/Final Object Repo/New Registration - Registration Module Pages/New Reg - OTC to RO/Special Case - All Related Objects/TextBox RefNo in Workbasket' (Root cause: org.openqa.selenium.ElementNotVisibleException: element not interactable
  (Session info: chrome=70.0.3538.110)
  (Driver info: chromedriver=2.43.600210 (68dcf5eebde37173d4027fa8635e332711d2874a),platform=Windows NT 6.1.7601 SP1 x86_64) (WARNING: The server did not provide any stacktrace information)
Command duration or timeout: 0 milliseconds
Build info: version: '3.7.1', revision: '8a0099a', time: '2017-11-06T21:07:36.161Z'
System info: host: 'WIN7TEST02', ip: '10.20.3.72', os.name: 'Windows 7', os.arch: 'amd64', os.version: '6.1', java.version: '1.8.0_181'
Driver info: com.kms.katalon.selenium.driver.CChromeDriver
Capabilities {acceptInsecureCerts: false, acceptSslCerts: false, applicationCacheEnabled: false, browserConnectionEnabled: false, browserName: chrome, chrome: {chromedriverVersion: 2.43.600210 (68dcf5eebde371..., userDataDir: C:\Users\Admin\AppData\Loca...}, cssSelectorsEnabled: true, databaseEnabled: false, goog:chromeOptions: {debuggerAddress: localhost:64030}, handlesAlerts: true, hasTouchScreen: false, javascriptEnabled: true, locationContextEnabled: true, mobileEmulationEnabled: false, nativeEvents: true, networkConnectionEnabled: false, pageLoadStrategy: normal, platform: XP, platformName: XP, rotatable: false, setWindowRect: true, takesHeapSnapshot: true, takesScreenshot: true, unexpectedAlertBehaviour: , unhandledPromptBehavior: , version: 70.0.3538.110, webStorageEnabled: true}
Session ID: d70461dcecc9484db3fa11e1d96055a4)
[[ATTACHMENT|C:\\Users\\Admin\\Desktop\\PKS\\Perkeso Phase A\\Reports\\Workflow\\Update Add New Employee\\20181213_225844\\1544723600762.png]]

2018-12-14 01:53:21 - [TEST_STEP][PASSED] - delay: Delayed 2 second(s)

2018-12-14 01:53:23 - [MESSAGE][PASSED] - Delayed 2 second(s)

2018-12-14 01:53:23 - [TEST_STEP][PASSED] - click: Object: 'Object Repository/Final Object Repo/New Registration - Registration Module Pages/New Reg - OTC to RO/Special Case - All Related Objects/Click Search' is clicked on

2018-12-14 01:53:23 - [MESSAGE][PASSED] - Object: 'Object Repository/Final Object Repo/New Registration - Registration Module Pages/New Reg - OTC to RO/Special Case - All Related Objects/Click Search' is clicked on

2018-12-14 01:53:23 - [TEST_STEP][PASSED] - delay: Delayed 2 second(s)

2018-12-14 01:53:25 - [MESSAGE][PASSED] - Delayed 2 second(s)

2018-12-14 01:53:25 - [TEST_STEP][PASSED] - click: Object: 'Object Repository/Final Object Repo/New Registration - Registration Module Pages/New Reg - OTC to RO/Special Case - All Related Objects/Click to Continue Workflow' is clicked on

2018-12-14 01:53:29 - [MESSAGE][PASSED] - Object: 'Object Repository/Final Object Repo/New Registration - Registration Module Pages/New Reg - OTC to RO/Special Case - All Related Objects/Click to Continue Workflow' is clicked on

2018-12-14 01:53:29 - [TEST_STEP][PASSED] - delay: Delayed 10 second(s)

2018-12-14 01:53:39 - [MESSAGE][PASSED] - Delayed 10 second(s)

2018-12-14 01:53:39 - [TEST_STEP][PASSED] - click: Object: 'Object Repository/Final Object Repo/New Registration - Registration Module Pages/New Reg - OTC to RO/Special Case - All Related Objects/Continue Button in verifying case' is clicked on

2018-12-14 01:53:42 - [MESSAGE][PASSED] - Object: 'Object Repository/Final Object Repo/New Registration - Registration Module Pages/New Reg - OTC to RO/Special Case - All Related Objects/Continue Button in verifying case' is clicked on

2018-12-14 01:53:42 - [TEST_STEP][PASSED] - delay: Delayed 2 second(s)

2018-12-14 01:53:44 - [MESSAGE][PASSED] - Delayed 2 second(s)

2018-12-14 01:53:44 - [TEST_STEP][PASSED] - click: Object: 'Object Repository/Final Object Repo/Page_Update Add New Employee - ASSIST/Save  Continue Button' is clicked on

2018-12-14 01:53:44 - [MESSAGE][PASSED] - Object: 'Object Repository/Final Object Repo/Page_Update Add New Employee - ASSIST/Save  Continue Button' is clicked on

2018-12-14 01:53:44 - [TEST_STEP][PASSED] - delay: Delayed 4 second(s)

2018-12-14 01:53:48 - [MESSAGE][PASSED] - Delayed 4 second(s)

2018-12-14 01:53:48 - [TEST_STEP][PASSED] - click: Object: 'Object Repository/Final Object Repo/Page_Update Add New Employee - ASSIST/Save  Continue Third Screen' is clicked on

2018-12-14 01:53:52 - [MESSAGE][PASSED] - Object: 'Object Repository/Final Object Repo/Page_Update Add New Employee - ASSIST/Save  Continue Third Screen' is clicked on

2018-12-14 01:53:52 - [TEST_STEP][PASSED] - delay: Delayed 4 second(s)

2018-12-14 01:53:56 - [MESSAGE][PASSED] - Delayed 4 second(s)

2018-12-14 01:53:56 - [TEST_STEP][PASSED] - click: Object: 'Object Repository/Final Object Repo/Page_Update Add New Employee - ASSIST/Save   Continue Supporting Doc Page' is clicked on

2018-12-14 01:53:56 - [MESSAGE][PASSED] - Object: 'Object Repository/Final Object Repo/Page_Update Add New Employee - ASSIST/Save   Continue Supporting Doc Page' is clicked on

2018-12-14 01:53:56 - [TEST_STEP][PASSED] - delay: Delayed 4 second(s)

2018-12-14 01:54:00 - [MESSAGE][PASSED] - Delayed 4 second(s)

2018-12-14 01:54:00 - [TEST_STEP][PASSED] - click: Object: 'Object Repository/Final Object Repo/Page_Update Add New Employee - ASSIST/Under Enforcement Button at Preview Screen of RO' is clicked on

2018-12-14 01:54:00 - [MESSAGE][PASSED] - Object: 'Object Repository/Final Object Repo/Page_Update Add New Employee - ASSIST/Under Enforcement Button at Preview Screen of RO' is clicked on

2018-12-14 01:54:00 - [TEST_STEP][PASSED] - delay: Delayed 4 second(s)

2018-12-14 01:54:04 - [MESSAGE][PASSED] - Delayed 4 second(s)

2018-12-14 01:54:04 - [TEST_STEP][PASSED] - click: Object: 'Object Repository/Final Object Repo/Page_Update Add New Employee - ASSIST/Under Enforcement - inner form' is clicked on

2018-12-14 01:54:04 - [MESSAGE][PASSED] - Object: 'Object Repository/Final Object Repo/Page_Update Add New Employee - ASSIST/Under Enforcement - inner form' is clicked on

2018-12-14 01:54:04 - [TEST_STEP][PASSED] - delay: Delayed 4 second(s)

2018-12-14 01:54:08 - [MESSAGE][PASSED] - Delayed 4 second(s)

2018-12-14 01:54:08 - [TEST_STEP][PASSED] - callTestCase: Call Test Case 'Test Cases/Final Aug 2018 - PKS Automation/Common/Screenshoting tool' successfully

2018-12-14 01:54:08 - [TEST_CASE][PASSED] - Test Cases/Final Aug 2018 - PKS Automation/Common/Screenshoting tool: Test Cases/Final Aug 2018 - PKS Automation/Common/Screenshoting tool

2018-12-14 01:54:08 - [TEST_STEP][PASSED] - delay: Delayed 15 second(s)

2018-12-14 01:54:23 - [MESSAGE][PASSED] - Delayed 15 second(s)

2018-12-14 01:54:23 - [TEST_STEP][PASSED] - Statement - driver = com.kms.katalon.core.webui.driver.DriverFactory.getWebDriver(): null

2018-12-14 01:54:23 - [TEST_STEP][PASSED] - Statement - driver.manage().timeouts().implicitlyWait(10, SECONDS): null

2018-12-14 01:54:23 - [TEST_STEP][PASSED] - Statement - PresavePath = KatalonScreenshots: null

2018-12-14 01:54:23 - [TEST_STEP][PASSED] - Statement - pathPrefix = "C:\Users\Public\Pictures\Sample Pictures\Katalon Screenshots\Automate Ending Screen": null

2018-12-14 01:54:23 - [TEST_STEP][PASSED] - Statement - finalPath = <not implemented yet for class: org.codehaus.groovy.ast.expr.EmptyExpression>: null

2018-12-14 01:54:23 - [TEST_STEP][PASSED] - Statement - scrFile = driver.getScreenshotAs(FILE): null

2018-12-14 01:54:24 - [TEST_STEP][PASSED] - Statement - PreSaveFile = new java.io.File(PresavePath): null

2018-12-14 01:54:24 - [TEST_STEP][PASSED] - Statement - counter = 0: null

2018-12-14 01:54:24 - [TEST_STEP][PASSED] - Statement - If (PreSaveFile.exists()): null

2018-12-14 01:54:24 - [TEST_STEP][PASSED] - Statement - While (PreSaveFile.exists()): null

2018-12-14 01:54:24 - [TEST_STEP][PASSED] - Statement - counter = counter + 1: null

2018-12-14 01:54:24 - [TEST_STEP][PASSED] - Statement - PreSaveFile = new java.io.File(((pathPrefix + java.lang.Integer.toString(counter)) + .png)): null

2018-12-14 01:54:24 - [TEST_STEP][PASSED] - Statement - counter = counter + 1: null

2018-12-14 01:54:24 - [TEST_STEP][PASSED] - Statement - PreSaveFile = new java.io.File(((pathPrefix + java.lang.Integer.toString(counter)) + .png)): null

2018-12-14 01:54:24 - [TEST_STEP][PASSED] - Statement - counter = counter + 1: null

2018-12-14 01:54:24 - [TEST_STEP][PASSED] - Statement - PreSaveFile = new java.io.File(((pathPrefix + java.lang.Integer.toString(counter)) + .png)): null

2018-12-14 01:54:24 - [TEST_STEP][PASSED] - Statement - counter = counter + 1: null

2018-12-14 01:54:24 - [TEST_STEP][PASSED] - Statement - PreSaveFile = new java.io.File(((pathPrefix + java.lang.Integer.toString(counter)) + .png)): null

2018-12-14 01:54:24 - [TEST_STEP][PASSED] - Statement - counter = counter + 1: null

2018-12-14 01:54:24 - [TEST_STEP][PASSED] - Statement - PreSaveFile = new java.io.File(((pathPrefix + java.lang.Integer.toString(counter)) + .png)): null

2018-12-14 01:54:24 - [TEST_STEP][PASSED] - Statement - counter = counter + 1: null

2018-12-14 01:54:24 - [TEST_STEP][PASSED] - Statement - PreSaveFile = new java.io.File(((pathPrefix + java.lang.Integer.toString(counter)) + .png)): null

2018-12-14 01:54:24 - [TEST_STEP][PASSED] - Statement - counter = counter + 1: null

2018-12-14 01:54:24 - [TEST_STEP][PASSED] - Statement - PreSaveFile = new java.io.File(((pathPrefix + java.lang.Integer.toString(counter)) + .png)): null

2018-12-14 01:54:24 - [TEST_STEP][PASSED] - Statement - counter = counter + 1: null

2018-12-14 01:54:24 - [TEST_STEP][PASSED] - Statement - PreSaveFile = new java.io.File(((pathPrefix + java.lang.Integer.toString(counter)) + .png)): null

2018-12-14 01:54:24 - [TEST_STEP][PASSED] - Statement - counter = counter + 1: null

2018-12-14 01:54:24 - [TEST_STEP][PASSED] - Statement - PreSaveFile = new java.io.File(((pathPrefix + java.lang.Integer.toString(counter)) + .png)): null

2018-12-14 01:54:24 - [TEST_STEP][PASSED] - Statement - counter = counter + 1: null

2018-12-14 01:54:24 - [TEST_STEP][PASSED] - Statement - PreSaveFile = new java.io.File(((pathPrefix + java.lang.Integer.toString(counter)) + .png)): null

2018-12-14 01:54:24 - [TEST_STEP][PASSED] - Statement - counter = counter + 1: null

2018-12-14 01:54:24 - [TEST_STEP][PASSED] - Statement - PreSaveFile = new java.io.File(((pathPrefix + java.lang.Integer.toString(counter)) + .png)): null

2018-12-14 01:54:24 - [TEST_STEP][PASSED] - Statement - counter = counter + 1: null

2018-12-14 01:54:24 - [TEST_STEP][PASSED] - Statement - PreSaveFile = new java.io.File(((pathPrefix + java.lang.Integer.toString(counter)) + .png)): null

2018-12-14 01:54:24 - [TEST_STEP][PASSED] - Statement - counter = counter + 1: null

2018-12-14 01:54:24 - [TEST_STEP][PASSED] - Statement - PreSaveFile = new java.io.File(((pathPrefix + java.lang.Integer.toString(counter)) + .png)): null

2018-12-14 01:54:24 - [TEST_STEP][PASSED] - Statement - counter = counter + 1: null

2018-12-14 01:54:24 - [TEST_STEP][PASSED] - Statement - PreSaveFile = new java.io.File(((pathPrefix + java.lang.Integer.toString(counter)) + .png)): null

2018-12-14 01:54:24 - [TEST_STEP][PASSED] - Statement - counter = counter + 1: null

2018-12-14 01:54:24 - [TEST_STEP][PASSED] - Statement - PreSaveFile = new java.io.File(((pathPrefix + java.lang.Integer.toString(counter)) + .png)): null

2018-12-14 01:54:24 - [TEST_STEP][PASSED] - Statement - counter = counter + 1: null

2018-12-14 01:54:24 - [TEST_STEP][PASSED] - Statement - PreSaveFile = new java.io.File(((pathPrefix + java.lang.Integer.toString(counter)) + .png)): null

2018-12-14 01:54:24 - [TEST_STEP][PASSED] - Statement - counter = counter + 1: null

2018-12-14 01:54:24 - [TEST_STEP][PASSED] - Statement - PreSaveFile = new java.io.File(((pathPrefix + java.lang.Integer.toString(counter)) + .png)): null

2018-12-14 01:54:24 - [TEST_STEP][PASSED] - Statement - counter = counter + 1: null

2018-12-14 01:54:24 - [TEST_STEP][PASSED] - Statement - PreSaveFile = new java.io.File(((pathPrefix + java.lang.Integer.toString(counter)) + .png)): null

2018-12-14 01:54:24 - [TEST_STEP][PASSED] - Statement - counter = counter + 1: null

2018-12-14 01:54:24 - [TEST_STEP][PASSED] - Statement - PreSaveFile = new java.io.File(((pathPrefix + java.lang.Integer.toString(counter)) + .png)): null

2018-12-14 01:54:24 - [TEST_STEP][PASSED] - Statement - counter = counter + 1: null

2018-12-14 01:54:24 - [TEST_STEP][PASSED] - Statement - PreSaveFile = new java.io.File(((pathPrefix + java.lang.Integer.toString(counter)) + .png)): null

2018-12-14 01:54:24 - [TEST_STEP][PASSED] - Statement - counter = counter + 1: null

2018-12-14 01:54:24 - [TEST_STEP][PASSED] - Statement - PreSaveFile = new java.io.File(((pathPrefix + java.lang.Integer.toString(counter)) + .png)): null

2018-12-14 01:54:24 - [TEST_STEP][PASSED] - Statement - counter = counter + 1: null

2018-12-14 01:54:24 - [TEST_STEP][PASSED] - Statement - PreSaveFile = new java.io.File(((pathPrefix + java.lang.Integer.toString(counter)) + .png)): null

2018-12-14 01:54:24 - [TEST_STEP][PASSED] - Statement - counter = counter + 1: null

2018-12-14 01:54:24 - [TEST_STEP][PASSED] - Statement - PreSaveFile = new java.io.File(((pathPrefix + java.lang.Integer.toString(counter)) + .png)): null

2018-12-14 01:54:24 - [TEST_STEP][PASSED] - Statement - counter = counter + 1: null

2018-12-14 01:54:24 - [TEST_STEP][PASSED] - Statement - PreSaveFile = new java.io.File(((pathPrefix + java.lang.Integer.toString(counter)) + .png)): null

2018-12-14 01:54:24 - [TEST_STEP][PASSED] - Statement - counter = counter + 1: null

2018-12-14 01:54:24 - [TEST_STEP][PASSED] - Statement - PreSaveFile = new java.io.File(((pathPrefix + java.lang.Integer.toString(counter)) + .png)): null

2018-12-14 01:54:24 - [TEST_STEP][PASSED] - Statement - counter = counter + 1: null

2018-12-14 01:54:24 - [TEST_STEP][PASSED] - Statement - PreSaveFile = new java.io.File(((pathPrefix + java.lang.Integer.toString(counter)) + .png)): null

2018-12-14 01:54:24 - [TEST_STEP][PASSED] - Statement - counter = counter + 1: null

2018-12-14 01:54:24 - [TEST_STEP][PASSED] - Statement - PreSaveFile = new java.io.File(((pathPrefix + java.lang.Integer.toString(counter)) + .png)): null

2018-12-14 01:54:24 - [TEST_STEP][PASSED] - Statement - counter = counter + 1: null

2018-12-14 01:54:24 - [TEST_STEP][PASSED] - Statement - PreSaveFile = new java.io.File(((pathPrefix + java.lang.Integer.toString(counter)) + .png)): null

2018-12-14 01:54:24 - [TEST_STEP][PASSED] - Statement - counter = counter + 1: null

2018-12-14 01:54:24 - [TEST_STEP][PASSED] - Statement - PreSaveFile = new java.io.File(((pathPrefix + java.lang.Integer.toString(counter)) + .png)): null

2018-12-14 01:54:24 - [TEST_STEP][PASSED] - Statement - counter = counter + 1: null

2018-12-14 01:54:24 - [TEST_STEP][PASSED] - Statement - PreSaveFile = new java.io.File(((pathPrefix + java.lang.Integer.toString(counter)) + .png)): null

2018-12-14 01:54:24 - [TEST_STEP][PASSED] - Statement - counter = counter + 1: null

2018-12-14 01:54:24 - [TEST_STEP][PASSED] - Statement - PreSaveFile = new java.io.File(((pathPrefix + java.lang.Integer.toString(counter)) + .png)): null

2018-12-14 01:54:24 - [TEST_STEP][PASSED] - Statement - counter = counter + 1: null

2018-12-14 01:54:24 - [TEST_STEP][PASSED] - Statement - PreSaveFile = new java.io.File(((pathPrefix + java.lang.Integer.toString(counter)) + .png)): null

2018-12-14 01:54:24 - [TEST_STEP][PASSED] - Statement - counter = counter + 1: null

2018-12-14 01:54:24 - [TEST_STEP][PASSED] - Statement - PreSaveFile = new java.io.File(((pathPrefix + java.lang.Integer.toString(counter)) + .png)): null

2018-12-14 01:54:24 - [TEST_STEP][PASSED] - Statement - counter = counter + 1: null

2018-12-14 01:54:24 - [TEST_STEP][PASSED] - Statement - PreSaveFile = new java.io.File(((pathPrefix + java.lang.Integer.toString(counter)) + .png)): null

2018-12-14 01:54:24 - [TEST_STEP][PASSED] - Statement - counter = counter + 1: null

2018-12-14 01:54:24 - [TEST_STEP][PASSED] - Statement - PreSaveFile = new java.io.File(((pathPrefix + java.lang.Integer.toString(counter)) + .png)): null

2018-12-14 01:54:24 - [TEST_STEP][PASSED] - Statement - counter = counter + 1: null

2018-12-14 01:54:24 - [TEST_STEP][PASSED] - Statement - PreSaveFile = new java.io.File(((pathPrefix + java.lang.Integer.toString(counter)) + .png)): null

2018-12-14 01:54:24 - [TEST_STEP][PASSED] - Statement - counter = counter + 1: null

2018-12-14 01:54:24 - [TEST_STEP][PASSED] - Statement - PreSaveFile = new java.io.File(((pathPrefix + java.lang.Integer.toString(counter)) + .png)): null

2018-12-14 01:54:24 - [TEST_STEP][PASSED] - Statement - counter = counter + 1: null

2018-12-14 01:54:24 - [TEST_STEP][PASSED] - Statement - PreSaveFile = new java.io.File(((pathPrefix + java.lang.Integer.toString(counter)) + .png)): null

2018-12-14 01:54:24 - [TEST_STEP][PASSED] - Statement - counter = counter + 1: null

2018-12-14 01:54:24 - [TEST_STEP][PASSED] - Statement - PreSaveFile = new java.io.File(((pathPrefix + java.lang.Integer.toString(counter)) + .png)): null

2018-12-14 01:54:24 - [TEST_STEP][PASSED] - Statement - counter = counter + 1: null

2018-12-14 01:54:24 - [TEST_STEP][PASSED] - Statement - PreSaveFile = new java.io.File(((pathPrefix + java.lang.Integer.toString(counter)) + .png)): null

2018-12-14 01:54:24 - [TEST_STEP][PASSED] - Statement - counter = counter + 1: null

2018-12-14 01:54:24 - [TEST_STEP][PASSED] - Statement - PreSaveFile = new java.io.File(((pathPrefix + java.lang.Integer.toString(counter)) + .png)): null

2018-12-14 01:54:24 - [TEST_STEP][PASSED] - Statement - counter = counter + 1: null

2018-12-14 01:54:24 - [TEST_STEP][PASSED] - Statement - PreSaveFile = new java.io.File(((pathPrefix + java.lang.Integer.toString(counter)) + .png)): null

2018-12-14 01:54:24 - [TEST_STEP][PASSED] - Statement - counter = counter + 1: null

2018-12-14 01:54:24 - [TEST_STEP][PASSED] - Statement - PreSaveFile = new java.io.File(((pathPrefix + java.lang.Integer.toString(counter)) + .png)): null

2018-12-14 01:54:24 - [TEST_STEP][PASSED] - Statement - counter = counter + 1: null

2018-12-14 01:54:24 - [TEST_STEP][PASSED] - Statement - PreSaveFile = new java.io.File(((pathPrefix + java.lang.Integer.toString(counter)) + .png)): null

2018-12-14 01:54:24 - [TEST_STEP][PASSED] - Statement - counter = counter + 1: null

2018-12-14 01:54:24 - [TEST_STEP][PASSED] - Statement - PreSaveFile = new java.io.File(((pathPrefix + java.lang.Integer.toString(counter)) + .png)): null

2018-12-14 01:54:24 - [TEST_STEP][PASSED] - Statement - counter = counter + 1: null

2018-12-14 01:54:24 - [TEST_STEP][PASSED] - Statement - PreSaveFile = new java.io.File(((pathPrefix + java.lang.Integer.toString(counter)) + .png)): null

2018-12-14 01:54:24 - [TEST_STEP][PASSED] - Statement - counter = counter + 1: null

2018-12-14 01:54:24 - [TEST_STEP][PASSED] - Statement - PreSaveFile = new java.io.File(((pathPrefix + java.lang.Integer.toString(counter)) + .png)): null

2018-12-14 01:54:24 - [TEST_STEP][PASSED] - Statement - counter = counter + 1: null

2018-12-14 01:54:24 - [TEST_STEP][PASSED] - Statement - PreSaveFile = new java.io.File(((pathPrefix + java.lang.Integer.toString(counter)) + .png)): null

2018-12-14 01:54:24 - [TEST_STEP][PASSED] - Statement - counter = counter + 1: null

2018-12-14 01:54:24 - [TEST_STEP][PASSED] - Statement - PreSaveFile = new java.io.File(((pathPrefix + java.lang.Integer.toString(counter)) + .png)): null

2018-12-14 01:54:24 - [TEST_STEP][PASSED] - Statement - counter = counter + 1: null

2018-12-14 01:54:24 - [TEST_STEP][PASSED] - Statement - PreSaveFile = new java.io.File(((pathPrefix + java.lang.Integer.toString(counter)) + .png)): null

2018-12-14 01:54:24 - [TEST_STEP][PASSED] - Statement - counter = counter + 1: null

2018-12-14 01:54:24 - [TEST_STEP][PASSED] - Statement - PreSaveFile = new java.io.File(((pathPrefix + java.lang.Integer.toString(counter)) + .png)): null

2018-12-14 01:54:24 - [TEST_STEP][PASSED] - Statement - counter = counter + 1: null

2018-12-14 01:54:24 - [TEST_STEP][PASSED] - Statement - PreSaveFile = new java.io.File(((pathPrefix + java.lang.Integer.toString(counter)) + .png)): null

2018-12-14 01:54:24 - [TEST_STEP][PASSED] - Statement - counter = counter + 1: null

2018-12-14 01:54:24 - [TEST_STEP][PASSED] - Statement - PreSaveFile = new java.io.File(((pathPrefix + java.lang.Integer.toString(counter)) + .png)): null

2018-12-14 01:54:24 - [TEST_STEP][PASSED] - Statement - counter = counter + 1: null

2018-12-14 01:54:24 - [TEST_STEP][PASSED] - Statement - PreSaveFile = new java.io.File(((pathPrefix + java.lang.Integer.toString(counter)) + .png)): null

2018-12-14 01:54:24 - [TEST_STEP][PASSED] - Statement - counter = counter + 1: null

2018-12-14 01:54:24 - [TEST_STEP][PASSED] - Statement - PreSaveFile = new java.io.File(((pathPrefix + java.lang.Integer.toString(counter)) + .png)): null

2018-12-14 01:54:24 - [TEST_STEP][PASSED] - Statement - counter = counter + 1: null

2018-12-14 01:54:24 - [TEST_STEP][PASSED] - Statement - PreSaveFile = new java.io.File(((pathPrefix + java.lang.Integer.toString(counter)) + .png)): null

2018-12-14 01:54:24 - [TEST_STEP][PASSED] - Statement - counter = counter + 1: null

2018-12-14 01:54:24 - [TEST_STEP][PASSED] - Statement - PreSaveFile = new java.io.File(((pathPrefix + java.lang.Integer.toString(counter)) + .png)): null

2018-12-14 01:54:24 - [TEST_STEP][PASSED] - Statement - counter = counter + 1: null

2018-12-14 01:54:24 - [TEST_STEP][PASSED] - Statement - PreSaveFile = new java.io.File(((pathPrefix + java.lang.Integer.toString(counter)) + .png)): null

2018-12-14 01:54:24 - [TEST_STEP][PASSED] - Statement - counter = counter + 1: null

2018-12-14 01:54:24 - [TEST_STEP][PASSED] - Statement - PreSaveFile = new java.io.File(((pathPrefix + java.lang.Integer.toString(counter)) + .png)): null

2018-12-14 01:54:24 - [TEST_STEP][PASSED] - Statement - counter = counter + 1: null

2018-12-14 01:54:24 - [TEST_STEP][PASSED] - Statement - PreSaveFile = new java.io.File(((pathPrefix + java.lang.Integer.toString(counter)) + .png)): null

2018-12-14 01:54:24 - [TEST_STEP][PASSED] - Statement - counter = counter + 1: null

2018-12-14 01:54:24 - [TEST_STEP][PASSED] - Statement - PreSaveFile = new java.io.File(((pathPrefix + java.lang.Integer.toString(counter)) + .png)): null

2018-12-14 01:54:24 - [TEST_STEP][PASSED] - Statement - counter = counter + 1: null

2018-12-14 01:54:24 - [TEST_STEP][PASSED] - Statement - PreSaveFile = new java.io.File(((pathPrefix + java.lang.Integer.toString(counter)) + .png)): null

2018-12-14 01:54:24 - [TEST_STEP][PASSED] - Statement - counter = counter + 1: null

2018-12-14 01:54:24 - [TEST_STEP][PASSED] - Statement - PreSaveFile = new java.io.File(((pathPrefix + java.lang.Integer.toString(counter)) + .png)): null

2018-12-14 01:54:24 - [TEST_STEP][PASSED] - Statement - counter = counter + 1: null

2018-12-14 01:54:24 - [TEST_STEP][PASSED] - Statement - PreSaveFile = new java.io.File(((pathPrefix + java.lang.Integer.toString(counter)) + .png)): null

2018-12-14 01:54:24 - [TEST_STEP][PASSED] - Statement - counter = counter + 1: null

2018-12-14 01:54:24 - [TEST_STEP][PASSED] - Statement - PreSaveFile = new java.io.File(((pathPrefix + java.lang.Integer.toString(counter)) + .png)): null

2018-12-14 01:54:24 - [TEST_STEP][PASSED] - Statement - counter = counter + 1: null

2018-12-14 01:54:24 - [TEST_STEP][PASSED] - Statement - PreSaveFile = new java.io.File(((pathPrefix + java.lang.Integer.toString(counter)) + .png)): null

2018-12-14 01:54:24 - [TEST_STEP][PASSED] - Statement - counter = counter + 1: null

2018-12-14 01:54:24 - [TEST_STEP][PASSED] - Statement - PreSaveFile = new java.io.File(((pathPrefix + java.lang.Integer.toString(counter)) + .png)): null

2018-12-14 01:54:24 - [TEST_STEP][PASSED] - Statement - counter = counter + 1: null

2018-12-14 01:54:24 - [TEST_STEP][PASSED] - Statement - PreSaveFile = new java.io.File(((pathPrefix + java.lang.Integer.toString(counter)) + .png)): null

2018-12-14 01:54:24 - [TEST_STEP][PASSED] - Statement - counter = counter + 1: null

2018-12-14 01:54:24 - [TEST_STEP][PASSED] - Statement - PreSaveFile = new java.io.File(((pathPrefix + java.lang.Integer.toString(counter)) + .png)): null

2018-12-14 01:54:24 - [TEST_STEP][PASSED] - Statement - counter = counter + 1: null

2018-12-14 01:54:24 - [TEST_STEP][PASSED] - Statement - PreSaveFile = new java.io.File(((pathPrefix + java.lang.Integer.toString(counter)) + .png)): null

2018-12-14 01:54:24 - [TEST_STEP][PASSED] - Statement - counter = counter + 1: null

2018-12-14 01:54:24 - [TEST_STEP][PASSED] - Statement - PreSaveFile = new java.io.File(((pathPrefix + java.lang.Integer.toString(counter)) + .png)): null

2018-12-14 01:54:24 - [TEST_STEP][PASSED] - Statement - counter = counter + 1: null

2018-12-14 01:54:24 - [TEST_STEP][PASSED] - Statement - PreSaveFile = new java.io.File(((pathPrefix + java.lang.Integer.toString(counter)) + .png)): null

2018-12-14 01:54:24 - [TEST_STEP][PASSED] - Statement - counter = counter + 1: null

2018-12-14 01:54:24 - [TEST_STEP][PASSED] - Statement - PreSaveFile = new java.io.File(((pathPrefix + java.lang.Integer.toString(counter)) + .png)): null

2018-12-14 01:54:24 - [TEST_STEP][PASSED] - Statement - counter = counter + 1: null

2018-12-14 01:54:24 - [TEST_STEP][PASSED] - Statement - PreSaveFile = new java.io.File(((pathPrefix + java.lang.Integer.toString(counter)) + .png)): null

2018-12-14 01:54:24 - [TEST_STEP][PASSED] - Statement - counter = counter + 1: null

2018-12-14 01:54:24 - [TEST_STEP][PASSED] - Statement - PreSaveFile = new java.io.File(((pathPrefix + java.lang.Integer.toString(counter)) + .png)): null

2018-12-14 01:54:24 - [TEST_STEP][PASSED] - Statement - counter = counter + 1: null

2018-12-14 01:54:24 - [TEST_STEP][PASSED] - Statement - PreSaveFile = new java.io.File(((pathPrefix + java.lang.Integer.toString(counter)) + .png)): null

2018-12-14 01:54:24 - [TEST_STEP][PASSED] - Statement - counter = counter + 1: null

2018-12-14 01:54:24 - [TEST_STEP][PASSED] - Statement - PreSaveFile = new java.io.File(((pathPrefix + java.lang.Integer.toString(counter)) + .png)): null

2018-12-14 01:54:24 - [TEST_STEP][PASSED] - Statement - counter = counter + 1: null

2018-12-14 01:54:24 - [TEST_STEP][PASSED] - Statement - PreSaveFile = new java.io.File(((pathPrefix + java.lang.Integer.toString(counter)) + .png)): null

2018-12-14 01:54:24 - [TEST_STEP][PASSED] - Statement - counter = counter + 1: null

2018-12-14 01:54:24 - [TEST_STEP][PASSED] - Statement - PreSaveFile = new java.io.File(((pathPrefix + java.lang.Integer.toString(counter)) + .png)): null

2018-12-14 01:54:24 - [TEST_STEP][PASSED] - Statement - counter = counter + 1: null

2018-12-14 01:54:24 - [TEST_STEP][PASSED] - Statement - PreSaveFile = new java.io.File(((pathPrefix + java.lang.Integer.toString(counter)) + .png)): null

2018-12-14 01:54:24 - [TEST_STEP][PASSED] - Statement - counter = counter + 1: null

2018-12-14 01:54:24 - [TEST_STEP][PASSED] - Statement - PreSaveFile = new java.io.File(((pathPrefix + java.lang.Integer.toString(counter)) + .png)): null

2018-12-14 01:54:24 - [TEST_STEP][PASSED] - Statement - counter = counter + 1: null

2018-12-14 01:54:24 - [TEST_STEP][PASSED] - Statement - PreSaveFile = new java.io.File(((pathPrefix + java.lang.Integer.toString(counter)) + .png)): null

2018-12-14 01:54:24 - [TEST_STEP][PASSED] - Statement - counter = counter + 1: null

2018-12-14 01:54:24 - [TEST_STEP][PASSED] - Statement - PreSaveFile = new java.io.File(((pathPrefix + java.lang.Integer.toString(counter)) + .png)): null

2018-12-14 01:54:24 - [TEST_STEP][PASSED] - Statement - counter = counter + 1: null

2018-12-14 01:54:24 - [TEST_STEP][PASSED] - Statement - PreSaveFile = new java.io.File(((pathPrefix + java.lang.Integer.toString(counter)) + .png)): null

2018-12-14 01:54:24 - [TEST_STEP][PASSED] - Statement - counter = counter + 1: null

2018-12-14 01:54:24 - [TEST_STEP][PASSED] - Statement - PreSaveFile = new java.io.File(((pathPrefix + java.lang.Integer.toString(counter)) + .png)): null

2018-12-14 01:54:24 - [TEST_STEP][PASSED] - Statement - counter = counter + 1: null

2018-12-14 01:54:24 - [TEST_STEP][PASSED] - Statement - PreSaveFile = new java.io.File(((pathPrefix + java.lang.Integer.toString(counter)) + .png)): null

2018-12-14 01:54:24 - [TEST_STEP][PASSED] - Statement - counter = counter + 1: null

2018-12-14 01:54:24 - [TEST_STEP][PASSED] - Statement - PreSaveFile = new java.io.File(((pathPrefix + java.lang.Integer.toString(counter)) + .png)): null

2018-12-14 01:54:24 - [TEST_STEP][PASSED] - Statement - counter = counter + 1: null

2018-12-14 01:54:24 - [TEST_STEP][PASSED] - Statement - PreSaveFile = new java.io.File(((pathPrefix + java.lang.Integer.toString(counter)) + .png)): null

2018-12-14 01:54:24 - [TEST_STEP][PASSED] - Statement - counter = counter + 1: null

2018-12-14 01:54:24 - [TEST_STEP][PASSED] - Statement - PreSaveFile = new java.io.File(((pathPrefix + java.lang.Integer.toString(counter)) + .png)): null

2018-12-14 01:54:24 - [TEST_STEP][PASSED] - Statement - counter = counter + 1: null

2018-12-14 01:54:24 - [TEST_STEP][PASSED] - Statement - PreSaveFile = new java.io.File(((pathPrefix + java.lang.Integer.toString(counter)) + .png)): null

2018-12-14 01:54:24 - [TEST_STEP][PASSED] - Statement - counter = counter + 1: null

2018-12-14 01:54:24 - [TEST_STEP][PASSED] - Statement - PreSaveFile = new java.io.File(((pathPrefix + java.lang.Integer.toString(counter)) + .png)): null

2018-12-14 01:54:24 - [TEST_STEP][PASSED] - Statement - counter = counter + 1: null

2018-12-14 01:54:24 - [TEST_STEP][PASSED] - Statement - PreSaveFile = new java.io.File(((pathPrefix + java.lang.Integer.toString(counter)) + .png)): null

2018-12-14 01:54:24 - [TEST_STEP][PASSED] - Statement - counter = counter + 1: null

2018-12-14 01:54:24 - [TEST_STEP][PASSED] - Statement - PreSaveFile = new java.io.File(((pathPrefix + java.lang.Integer.toString(counter)) + .png)): null

2018-12-14 01:54:24 - [TEST_STEP][PASSED] - Statement - counter = counter + 1: null

2018-12-14 01:54:24 - [TEST_STEP][PASSED] - Statement - PreSaveFile = new java.io.File(((pathPrefix + java.lang.Integer.toString(counter)) + .png)): null

2018-12-14 01:54:24 - [TEST_STEP][PASSED] - Statement - counter = counter + 1: null

2018-12-14 01:54:24 - [TEST_STEP][PASSED] - Statement - PreSaveFile = new java.io.File(((pathPrefix + java.lang.Integer.toString(counter)) + .png)): null

2018-12-14 01:54:24 - [TEST_STEP][PASSED] - Statement - counter = counter + 1: null

2018-12-14 01:54:24 - [TEST_STEP][PASSED] - Statement - PreSaveFile = new java.io.File(((pathPrefix + java.lang.Integer.toString(counter)) + .png)): null

2018-12-14 01:54:24 - [TEST_STEP][PASSED] - Statement - counter = counter + 1: null

2018-12-14 01:54:24 - [TEST_STEP][PASSED] - Statement - PreSaveFile = new java.io.File(((pathPrefix + java.lang.Integer.toString(counter)) + .png)): null

2018-12-14 01:54:24 - [TEST_STEP][PASSED] - Statement - counter = counter + 1: null

2018-12-14 01:54:24 - [TEST_STEP][PASSED] - Statement - PreSaveFile = new java.io.File(((pathPrefix + java.lang.Integer.toString(counter)) + .png)): null

2018-12-14 01:54:24 - [TEST_STEP][PASSED] - Statement - counter = counter + 1: null

2018-12-14 01:54:24 - [TEST_STEP][PASSED] - Statement - PreSaveFile = new java.io.File(((pathPrefix + java.lang.Integer.toString(counter)) + .png)): null

2018-12-14 01:54:24 - [TEST_STEP][PASSED] - Statement - counter = counter + 1: null

2018-12-14 01:54:24 - [TEST_STEP][PASSED] - Statement - PreSaveFile = new java.io.File(((pathPrefix + java.lang.Integer.toString(counter)) + .png)): null

2018-12-14 01:54:24 - [TEST_STEP][PASSED] - Statement - counter = counter + 1: null

2018-12-14 01:54:24 - [TEST_STEP][PASSED] - Statement - PreSaveFile = new java.io.File(((pathPrefix + java.lang.Integer.toString(counter)) + .png)): null

2018-12-14 01:54:24 - [TEST_STEP][PASSED] - Statement - counter = counter + 1: null

2018-12-14 01:54:24 - [TEST_STEP][PASSED] - Statement - PreSaveFile = new java.io.File(((pathPrefix + java.lang.Integer.toString(counter)) + .png)): null

2018-12-14 01:54:24 - [TEST_STEP][PASSED] - Statement - counter = counter + 1: null

2018-12-14 01:54:24 - [TEST_STEP][PASSED] - Statement - PreSaveFile = new java.io.File(((pathPrefix + java.lang.Integer.toString(counter)) + .png)): null

2018-12-14 01:54:24 - [TEST_STEP][PASSED] - Statement - counter = counter + 1: null

2018-12-14 01:54:24 - [TEST_STEP][PASSED] - Statement - PreSaveFile = new java.io.File(((pathPrefix + java.lang.Integer.toString(counter)) + .png)): null

2018-12-14 01:54:24 - [TEST_STEP][PASSED] - Statement - counter = counter + 1: null

2018-12-14 01:54:24 - [TEST_STEP][PASSED] - Statement - PreSaveFile = new java.io.File(((pathPrefix + java.lang.Integer.toString(counter)) + .png)): null

2018-12-14 01:54:24 - [TEST_STEP][PASSED] - Statement - counter = counter + 1: null

2018-12-14 01:54:24 - [TEST_STEP][PASSED] - Statement - PreSaveFile = new java.io.File(((pathPrefix + java.lang.Integer.toString(counter)) + .png)): null

2018-12-14 01:54:24 - [TEST_STEP][PASSED] - Statement - counter = counter + 1: null

2018-12-14 01:54:24 - [TEST_STEP][PASSED] - Statement - PreSaveFile = new java.io.File(((pathPrefix + java.lang.Integer.toString(counter)) + .png)): null

2018-12-14 01:54:24 - [TEST_STEP][PASSED] - Statement - counter = counter + 1: null

2018-12-14 01:54:24 - [TEST_STEP][PASSED] - Statement - PreSaveFile = new java.io.File(((pathPrefix + java.lang.Integer.toString(counter)) + .png)): null

2018-12-14 01:54:24 - [TEST_STEP][PASSED] - Statement - counter = counter + 1: null

2018-12-14 01:54:24 - [TEST_STEP][PASSED] - Statement - PreSaveFile = new java.io.File(((pathPrefix + java.lang.Integer.toString(counter)) + .png)): null

2018-12-14 01:54:24 - [TEST_STEP][PASSED] - Statement - counter = counter + 1: null

2018-12-14 01:54:24 - [TEST_STEP][PASSED] - Statement - PreSaveFile = new java.io.File(((pathPrefix + java.lang.Integer.toString(counter)) + .png)): null

2018-12-14 01:54:24 - [TEST_STEP][PASSED] - Statement - counter = counter + 1: null

2018-12-14 01:54:24 - [TEST_STEP][PASSED] - Statement - PreSaveFile = new java.io.File(((pathPrefix + java.lang.Integer.toString(counter)) + .png)): null

2018-12-14 01:54:24 - [TEST_STEP][PASSED] - Statement - counter = counter + 1: null

2018-12-14 01:54:24 - [TEST_STEP][PASSED] - Statement - PreSaveFile = new java.io.File(((pathPrefix + java.lang.Integer.toString(counter)) + .png)): null

2018-12-14 01:54:24 - [TEST_STEP][PASSED] - Statement - counter = counter + 1: null

2018-12-14 01:54:24 - [TEST_STEP][PASSED] - Statement - PreSaveFile = new java.io.File(((pathPrefix + java.lang.Integer.toString(counter)) + .png)): null

2018-12-14 01:54:24 - [TEST_STEP][PASSED] - Statement - counter = counter + 1: null

2018-12-14 01:54:24 - [TEST_STEP][PASSED] - Statement - PreSaveFile = new java.io.File(((pathPrefix + java.lang.Integer.toString(counter)) + .png)): null

2018-12-14 01:54:24 - [TEST_STEP][PASSED] - Statement - counter = counter + 1: null

2018-12-14 01:54:24 - [TEST_STEP][PASSED] - Statement - PreSaveFile = new java.io.File(((pathPrefix + java.lang.Integer.toString(counter)) + .png)): null

2018-12-14 01:54:24 - [TEST_STEP][PASSED] - Statement - counter = counter + 1: null

2018-12-14 01:54:24 - [TEST_STEP][PASSED] - Statement - PreSaveFile = new java.io.File(((pathPrefix + java.lang.Integer.toString(counter)) + .png)): null

2018-12-14 01:54:24 - [TEST_STEP][PASSED] - Statement - counter = counter + 1: null

2018-12-14 01:54:24 - [TEST_STEP][PASSED] - Statement - PreSaveFile = new java.io.File(((pathPrefix + java.lang.Integer.toString(counter)) + .png)): null

2018-12-14 01:54:24 - [TEST_STEP][PASSED] - Statement - counter = counter + 1: null

2018-12-14 01:54:24 - [TEST_STEP][PASSED] - Statement - PreSaveFile = new java.io.File(((pathPrefix + java.lang.Integer.toString(counter)) + .png)): null

2018-12-14 01:54:24 - [TEST_STEP][PASSED] - Statement - counter = counter + 1: null

2018-12-14 01:54:24 - [TEST_STEP][PASSED] - Statement - PreSaveFile = new java.io.File(((pathPrefix + java.lang.Integer.toString(counter)) + .png)): null

2018-12-14 01:54:24 - [TEST_STEP][PASSED] - Statement - counter = counter + 1: null

2018-12-14 01:54:24 - [TEST_STEP][PASSED] - Statement - PreSaveFile = new java.io.File(((pathPrefix + java.lang.Integer.toString(counter)) + .png)): null

2018-12-14 01:54:24 - [TEST_STEP][PASSED] - Statement - counter = counter + 1: null

2018-12-14 01:54:24 - [TEST_STEP][PASSED] - Statement - PreSaveFile = new java.io.File(((pathPrefix + java.lang.Integer.toString(counter)) + .png)): null

2018-12-14 01:54:24 - [TEST_STEP][PASSED] - Statement - counter = counter + 1: null

2018-12-14 01:54:24 - [TEST_STEP][PASSED] - Statement - PreSaveFile = new java.io.File(((pathPrefix + java.lang.Integer.toString(counter)) + .png)): null

2018-12-14 01:54:24 - [TEST_STEP][PASSED] - Statement - counter = counter + 1: null

2018-12-14 01:54:24 - [TEST_STEP][PASSED] - Statement - PreSaveFile = new java.io.File(((pathPrefix + java.lang.Integer.toString(counter)) + .png)): null

2018-12-14 01:54:24 - [TEST_STEP][PASSED] - Statement - counter = counter + 1: null

2018-12-14 01:54:24 - [TEST_STEP][PASSED] - Statement - PreSaveFile = new java.io.File(((pathPrefix + java.lang.Integer.toString(counter)) + .png)): null

2018-12-14 01:54:24 - [TEST_STEP][PASSED] - Statement - counter = counter + 1: null

2018-12-14 01:54:24 - [TEST_STEP][PASSED] - Statement - PreSaveFile = new java.io.File(((pathPrefix + java.lang.Integer.toString(counter)) + .png)): null

2018-12-14 01:54:24 - [TEST_STEP][PASSED] - Statement - counter = counter + 1: null

2018-12-14 01:54:24 - [TEST_STEP][PASSED] - Statement - PreSaveFile = new java.io.File(((pathPrefix + java.lang.Integer.toString(counter)) + .png)): null

2018-12-14 01:54:24 - [TEST_STEP][PASSED] - Statement - counter = counter + 1: null

2018-12-14 01:54:24 - [TEST_STEP][PASSED] - Statement - PreSaveFile = new java.io.File(((pathPrefix + java.lang.Integer.toString(counter)) + .png)): null

2018-12-14 01:54:24 - [TEST_STEP][PASSED] - Statement - counter = counter + 1: null

2018-12-14 01:54:24 - [TEST_STEP][PASSED] - Statement - PreSaveFile = new java.io.File(((pathPrefix + java.lang.Integer.toString(counter)) + .png)): null

2018-12-14 01:54:24 - [TEST_STEP][PASSED] - Statement - counter = counter + 1: null

2018-12-14 01:54:24 - [TEST_STEP][PASSED] - Statement - PreSaveFile = new java.io.File(((pathPrefix + java.lang.Integer.toString(counter)) + .png)): null

2018-12-14 01:54:24 - [TEST_STEP][PASSED] - Statement - counter = counter + 1: null

2018-12-14 01:54:24 - [TEST_STEP][PASSED] - Statement - PreSaveFile = new java.io.File(((pathPrefix + java.lang.Integer.toString(counter)) + .png)): null

2018-12-14 01:54:24 - [TEST_STEP][PASSED] - Statement - counter = counter + 1: null

2018-12-14 01:54:24 - [TEST_STEP][PASSED] - Statement - PreSaveFile = new java.io.File(((pathPrefix + java.lang.Integer.toString(counter)) + .png)): null

2018-12-14 01:54:24 - [TEST_STEP][PASSED] - Statement - counter = counter + 1: null

2018-12-14 01:54:24 - [TEST_STEP][PASSED] - Statement - PreSaveFile = new java.io.File(((pathPrefix + java.lang.Integer.toString(counter)) + .png)): null

2018-12-14 01:54:24 - [TEST_STEP][PASSED] - Statement - counter = counter + 1: null

2018-12-14 01:54:24 - [TEST_STEP][PASSED] - Statement - PreSaveFile = new java.io.File(((pathPrefix + java.lang.Integer.toString(counter)) + .png)): null

2018-12-14 01:54:24 - [TEST_STEP][PASSED] - Statement - counter = counter + 1: null

2018-12-14 01:54:24 - [TEST_STEP][PASSED] - Statement - PreSaveFile = new java.io.File(((pathPrefix + java.lang.Integer.toString(counter)) + .png)): null

2018-12-14 01:54:24 - [TEST_STEP][PASSED] - Statement - counter = counter + 1: null

2018-12-14 01:54:24 - [TEST_STEP][PASSED] - Statement - PreSaveFile = new java.io.File(((pathPrefix + java.lang.Integer.toString(counter)) + .png)): null

2018-12-14 01:54:24 - [TEST_STEP][PASSED] - Statement - counter = counter + 1: null

2018-12-14 01:54:24 - [TEST_STEP][PASSED] - Statement - PreSaveFile = new java.io.File(((pathPrefix + java.lang.Integer.toString(counter)) + .png)): null

2018-12-14 01:54:24 - [TEST_STEP][PASSED] - Statement - counter = counter + 1: null

2018-12-14 01:54:24 - [TEST_STEP][PASSED] - Statement - PreSaveFile = new java.io.File(((pathPrefix + java.lang.Integer.toString(counter)) + .png)): null

2018-12-14 01:54:24 - [TEST_STEP][PASSED] - Statement - counter = counter + 1: null

2018-12-14 01:54:24 - [TEST_STEP][PASSED] - Statement - PreSaveFile = new java.io.File(((pathPrefix + java.lang.Integer.toString(counter)) + .png)): null

2018-12-14 01:54:24 - [TEST_STEP][PASSED] - Statement - counter = counter + 1: null

2018-12-14 01:54:24 - [TEST_STEP][PASSED] - Statement - PreSaveFile = new java.io.File(((pathPrefix + java.lang.Integer.toString(counter)) + .png)): null

2018-12-14 01:54:24 - [TEST_STEP][PASSED] - Statement - counter = counter + 1: null

2018-12-14 01:54:24 - [TEST_STEP][PASSED] - Statement - PreSaveFile = new java.io.File(((pathPrefix + java.lang.Integer.toString(counter)) + .png)): null

2018-12-14 01:54:24 - [TEST_STEP][PASSED] - Statement - counter = counter + 1: null

2018-12-14 01:54:24 - [TEST_STEP][PASSED] - Statement - PreSaveFile = new java.io.File(((pathPrefix + java.lang.Integer.toString(counter)) + .png)): null

2018-12-14 01:54:24 - [TEST_STEP][PASSED] - Statement - counter = counter + 1: null

2018-12-14 01:54:24 - [TEST_STEP][PASSED] - Statement - PreSaveFile = new java.io.File(((pathPrefix + java.lang.Integer.toString(counter)) + .png)): null

2018-12-14 01:54:24 - [TEST_STEP][PASSED] - Statement - counter = counter + 1: null

2018-12-14 01:54:24 - [TEST_STEP][PASSED] - Statement - PreSaveFile = new java.io.File(((pathPrefix + java.lang.Integer.toString(counter)) + .png)): null

2018-12-14 01:54:24 - [TEST_STEP][PASSED] - Statement - counter = counter + 1: null

2018-12-14 01:54:24 - [TEST_STEP][PASSED] - Statement - PreSaveFile = new java.io.File(((pathPrefix + java.lang.Integer.toString(counter)) + .png)): null

2018-12-14 01:54:24 - [TEST_STEP][PASSED] - Statement - counter = counter + 1: null

2018-12-14 01:54:24 - [TEST_STEP][PASSED] - Statement - PreSaveFile = new java.io.File(((pathPrefix + java.lang.Integer.toString(counter)) + .png)): null

2018-12-14 01:54:24 - [TEST_STEP][PASSED] - Statement - counter = counter + 1: null

2018-12-14 01:54:24 - [TEST_STEP][PASSED] - Statement - PreSaveFile = new java.io.File(((pathPrefix + java.lang.Integer.toString(counter)) + .png)): null

2018-12-14 01:54:24 - [TEST_STEP][PASSED] - Statement - counter = counter + 1: null

2018-12-14 01:54:24 - [TEST_STEP][PASSED] - Statement - PreSaveFile = new java.io.File(((pathPrefix + java.lang.Integer.toString(counter)) + .png)): null

2018-12-14 01:54:24 - [TEST_STEP][PASSED] - Statement - counter = counter + 1: null

2018-12-14 01:54:24 - [TEST_STEP][PASSED] - Statement - PreSaveFile = new java.io.File(((pathPrefix + java.lang.Integer.toString(counter)) + .png)): null

2018-12-14 01:54:24 - [TEST_STEP][PASSED] - Statement - counter = counter + 1: null

2018-12-14 01:54:24 - [TEST_STEP][PASSED] - Statement - PreSaveFile = new java.io.File(((pathPrefix + java.lang.Integer.toString(counter)) + .png)): null

2018-12-14 01:54:24 - [TEST_STEP][PASSED] - Statement - counter = counter + 1: null

2018-12-14 01:54:24 - [TEST_STEP][PASSED] - Statement - PreSaveFile = new java.io.File(((pathPrefix + java.lang.Integer.toString(counter)) + .png)): null

2018-12-14 01:54:24 - [TEST_STEP][PASSED] - Statement - counter = counter + 1: null

2018-12-14 01:54:24 - [TEST_STEP][PASSED] - Statement - PreSaveFile = new java.io.File(((pathPrefix + java.lang.Integer.toString(counter)) + .png)): null

2018-12-14 01:54:24 - [TEST_STEP][PASSED] - Statement - counter = counter + 1: null

2018-12-14 01:54:24 - [TEST_STEP][PASSED] - Statement - PreSaveFile = new java.io.File(((pathPrefix + java.lang.Integer.toString(counter)) + .png)): null

2018-12-14 01:54:24 - [TEST_STEP][PASSED] - Statement - counter = counter + 1: null

2018-12-14 01:54:24 - [TEST_STEP][PASSED] - Statement - PreSaveFile = new java.io.File(((pathPrefix + java.lang.Integer.toString(counter)) + .png)): null

2018-12-14 01:54:24 - [TEST_STEP][PASSED] - Statement - counter = counter + 1: null

2018-12-14 01:54:24 - [TEST_STEP][PASSED] - Statement - PreSaveFile = new java.io.File(((pathPrefix + java.lang.Integer.toString(counter)) + .png)): null

2018-12-14 01:54:24 - [TEST_STEP][PASSED] - Statement - counter = counter + 1: null

2018-12-14 01:54:24 - [TEST_STEP][PASSED] - Statement - PreSaveFile = new java.io.File(((pathPrefix + java.lang.Integer.toString(counter)) + .png)): null

2018-12-14 01:54:24 - [TEST_STEP][PASSED] - Statement - counter = counter + 1: null

2018-12-14 01:54:24 - [TEST_STEP][PASSED] - Statement - PreSaveFile = new java.io.File(((pathPrefix + java.lang.Integer.toString(counter)) + .png)): null

2018-12-14 01:54:24 - [TEST_STEP][PASSED] - Statement - counter = counter + 1: null

2018-12-14 01:54:24 - [TEST_STEP][PASSED] - Statement - PreSaveFile = new java.io.File(((pathPrefix + java.lang.Integer.toString(counter)) + .png)): null

2018-12-14 01:54:24 - [TEST_STEP][PASSED] - Statement - counter = counter + 1: null

2018-12-14 01:54:24 - [TEST_STEP][PASSED] - Statement - PreSaveFile = new java.io.File(((pathPrefix + java.lang.Integer.toString(counter)) + .png)): null

2018-12-14 01:54:24 - [TEST_STEP][PASSED] - Statement - counter = counter + 1: null

2018-12-14 01:54:24 - [TEST_STEP][PASSED] - Statement - PreSaveFile = new java.io.File(((pathPrefix + java.lang.Integer.toString(counter)) + .png)): null

2018-12-14 01:54:24 - [TEST_STEP][PASSED] - Statement - counter = counter + 1: null

2018-12-14 01:54:24 - [TEST_STEP][PASSED] - Statement - PreSaveFile = new java.io.File(((pathPrefix + java.lang.Integer.toString(counter)) + .png)): null

2018-12-14 01:54:24 - [TEST_STEP][PASSED] - Statement - counter = counter + 1: null

2018-12-14 01:54:24 - [TEST_STEP][PASSED] - Statement - PreSaveFile = new java.io.File(((pathPrefix + java.lang.Integer.toString(counter)) + .png)): null

2018-12-14 01:54:24 - [TEST_STEP][PASSED] - Statement - counter = counter + 1: null

2018-12-14 01:54:24 - [TEST_STEP][PASSED] - Statement - PreSaveFile = new java.io.File(((pathPrefix + java.lang.Integer.toString(counter)) + .png)): null

2018-12-14 01:54:24 - [TEST_STEP][PASSED] - Statement - counter = counter + 1: null

2018-12-14 01:54:24 - [TEST_STEP][PASSED] - Statement - PreSaveFile = new java.io.File(((pathPrefix + java.lang.Integer.toString(counter)) + .png)): null

2018-12-14 01:54:24 - [TEST_STEP][PASSED] - Statement - counter = counter + 1: null

2018-12-14 01:54:24 - [TEST_STEP][PASSED] - Statement - PreSaveFile = new java.io.File(((pathPrefix + java.lang.Integer.toString(counter)) + .png)): null

2018-12-14 01:54:24 - [TEST_STEP][PASSED] - Statement - counter = counter + 1: null

2018-12-14 01:54:24 - [TEST_STEP][PASSED] - Statement - PreSaveFile = new java.io.File(((pathPrefix + java.lang.Integer.toString(counter)) + .png)): null

2018-12-14 01:54:24 - [TEST_STEP][PASSED] - Statement - counter = counter + 1: null

2018-12-14 01:54:24 - [TEST_STEP][PASSED] - Statement - PreSaveFile = new java.io.File(((pathPrefix + java.lang.Integer.toString(counter)) + .png)): null

2018-12-14 01:54:24 - [TEST_STEP][PASSED] - Statement - counter = counter + 1: null

2018-12-14 01:54:24 - [TEST_STEP][PASSED] - Statement - PreSaveFile = new java.io.File(((pathPrefix + java.lang.Integer.toString(counter)) + .png)): null

2018-12-14 01:54:24 - [TEST_STEP][PASSED] - Statement - counter = counter + 1: null

2018-12-14 01:54:24 - [TEST_STEP][PASSED] - Statement - PreSaveFile = new java.io.File(((pathPrefix + java.lang.Integer.toString(counter)) + .png)): null

2018-12-14 01:54:24 - [TEST_STEP][PASSED] - Statement - counter = counter + 1: null

2018-12-14 01:54:24 - [TEST_STEP][PASSED] - Statement - PreSaveFile = new java.io.File(((pathPrefix + java.lang.Integer.toString(counter)) + .png)): null

2018-12-14 01:54:24 - [TEST_STEP][PASSED] - Statement - counter = counter + 1: null

2018-12-14 01:54:24 - [TEST_STEP][PASSED] - Statement - PreSaveFile = new java.io.File(((pathPrefix + java.lang.Integer.toString(counter)) + .png)): null

2018-12-14 01:54:24 - [TEST_STEP][PASSED] - Statement - counter = counter + 1: null

2018-12-14 01:54:24 - [TEST_STEP][PASSED] - Statement - PreSaveFile = new java.io.File(((pathPrefix + java.lang.Integer.toString(counter)) + .png)): null

2018-12-14 01:54:24 - [TEST_STEP][PASSED] - Statement - counter = counter + 1: null

2018-12-14 01:54:24 - [TEST_STEP][PASSED] - Statement - PreSaveFile = new java.io.File(((pathPrefix + java.lang.Integer.toString(counter)) + .png)): null

2018-12-14 01:54:24 - [TEST_STEP][PASSED] - Statement - counter = counter + 1: null

2018-12-14 01:54:24 - [TEST_STEP][PASSED] - Statement - PreSaveFile = new java.io.File(((pathPrefix + java.lang.Integer.toString(counter)) + .png)): null

2018-12-14 01:54:24 - [TEST_STEP][PASSED] - Statement - counter = counter + 1: null

2018-12-14 01:54:24 - [TEST_STEP][PASSED] - Statement - PreSaveFile = new java.io.File(((pathPrefix + java.lang.Integer.toString(counter)) + .png)): null

2018-12-14 01:54:24 - [TEST_STEP][PASSED] - Statement - counter = counter + 1: null

2018-12-14 01:54:24 - [TEST_STEP][PASSED] - Statement - PreSaveFile = new java.io.File(((pathPrefix + java.lang.Integer.toString(counter)) + .png)): null

2018-12-14 01:54:24 - [TEST_STEP][PASSED] - Statement - counter = counter + 1: null

2018-12-14 01:54:24 - [TEST_STEP][PASSED] - Statement - PreSaveFile = new java.io.File(((pathPrefix + java.lang.Integer.toString(counter)) + .png)): null

2018-12-14 01:54:24 - [TEST_STEP][PASSED] - Statement - counter = counter + 1: null

2018-12-14 01:54:24 - [TEST_STEP][PASSED] - Statement - PreSaveFile = new java.io.File(((pathPrefix + java.lang.Integer.toString(counter)) + .png)): null

2018-12-14 01:54:24 - [TEST_STEP][PASSED] - Statement - counter = counter + 1: null

2018-12-14 01:54:24 - [TEST_STEP][PASSED] - Statement - PreSaveFile = new java.io.File(((pathPrefix + java.lang.Integer.toString(counter)) + .png)): null

2018-12-14 01:54:24 - [TEST_STEP][PASSED] - Statement - counter = counter + 1: null

2018-12-14 01:54:24 - [TEST_STEP][PASSED] - Statement - PreSaveFile = new java.io.File(((pathPrefix + java.lang.Integer.toString(counter)) + .png)): null

2018-12-14 01:54:24 - [TEST_STEP][PASSED] - Statement - counter = counter + 1: null

2018-12-14 01:54:24 - [TEST_STEP][PASSED] - Statement - PreSaveFile = new java.io.File(((pathPrefix + java.lang.Integer.toString(counter)) + .png)): null

2018-12-14 01:54:24 - [TEST_STEP][PASSED] - Statement - counter = counter + 1: null

2018-12-14 01:54:24 - [TEST_STEP][PASSED] - Statement - PreSaveFile = new java.io.File(((pathPrefix + java.lang.Integer.toString(counter)) + .png)): null

2018-12-14 01:54:24 - [TEST_STEP][PASSED] - Statement - counter = counter + 1: null

2018-12-14 01:54:24 - [TEST_STEP][PASSED] - Statement - PreSaveFile = new java.io.File(((pathPrefix + java.lang.Integer.toString(counter)) + .png)): null

2018-12-14 01:54:24 - [TEST_STEP][PASSED] - Statement - counter = counter + 1: null

2018-12-14 01:54:24 - [TEST_STEP][PASSED] - Statement - PreSaveFile = new java.io.File(((pathPrefix + java.lang.Integer.toString(counter)) + .png)): null

2018-12-14 01:54:24 - [TEST_STEP][PASSED] - Statement - counter = counter + 1: null

2018-12-14 01:54:24 - [TEST_STEP][PASSED] - Statement - PreSaveFile = new java.io.File(((pathPrefix + java.lang.Integer.toString(counter)) + .png)): null

2018-12-14 01:54:24 - [TEST_STEP][PASSED] - Statement - counter = counter + 1: null

2018-12-14 01:54:24 - [TEST_STEP][PASSED] - Statement - PreSaveFile = new java.io.File(((pathPrefix + java.lang.Integer.toString(counter)) + .png)): null

2018-12-14 01:54:24 - [TEST_STEP][PASSED] - Statement - counter = counter + 1: null

2018-12-14 01:54:24 - [TEST_STEP][PASSED] - Statement - PreSaveFile = new java.io.File(((pathPrefix + java.lang.Integer.toString(counter)) + .png)): null

2018-12-14 01:54:24 - [TEST_STEP][PASSED] - Statement - counter = counter + 1: null

2018-12-14 01:54:24 - [TEST_STEP][PASSED] - Statement - PreSaveFile = new java.io.File(((pathPrefix + java.lang.Integer.toString(counter)) + .png)): null

2018-12-14 01:54:24 - [TEST_STEP][PASSED] - Statement - counter = counter + 1: null

2018-12-14 01:54:24 - [TEST_STEP][PASSED] - Statement - PreSaveFile = new java.io.File(((pathPrefix + java.lang.Integer.toString(counter)) + .png)): null

2018-12-14 01:54:24 - [TEST_STEP][PASSED] - Statement - counter = counter + 1: null

2018-12-14 01:54:24 - [TEST_STEP][PASSED] - Statement - PreSaveFile = new java.io.File(((pathPrefix + java.lang.Integer.toString(counter)) + .png)): null

2018-12-14 01:54:24 - [TEST_STEP][PASSED] - Statement - counter = counter + 1: null

2018-12-14 01:54:24 - [TEST_STEP][PASSED] - Statement - PreSaveFile = new java.io.File(((pathPrefix + java.lang.Integer.toString(counter)) + .png)): null

2018-12-14 01:54:24 - [TEST_STEP][PASSED] - Statement - counter = counter + 1: null

2018-12-14 01:54:24 - [TEST_STEP][PASSED] - Statement - PreSaveFile = new java.io.File(((pathPrefix + java.lang.Integer.toString(counter)) + .png)): null

2018-12-14 01:54:24 - [TEST_STEP][PASSED] - Statement - counter = counter + 1: null

2018-12-14 01:54:24 - [TEST_STEP][PASSED] - Statement - PreSaveFile = new java.io.File(((pathPrefix + java.lang.Integer.toString(counter)) + .png)): null

2018-12-14 01:54:24 - [TEST_STEP][PASSED] - Statement - counter = counter + 1: null

2018-12-14 01:54:24 - [TEST_STEP][PASSED] - Statement - PreSaveFile = new java.io.File(((pathPrefix + java.lang.Integer.toString(counter)) + .png)): null

2018-12-14 01:54:24 - [TEST_STEP][PASSED] - Statement - counter = counter + 1: null

2018-12-14 01:54:24 - [TEST_STEP][PASSED] - Statement - PreSaveFile = new java.io.File(((pathPrefix + java.lang.Integer.toString(counter)) + .png)): null

2018-12-14 01:54:24 - [TEST_STEP][PASSED] - Statement - counter = counter + 1: null

2018-12-14 01:54:24 - [TEST_STEP][PASSED] - Statement - PreSaveFile = new java.io.File(((pathPrefix + java.lang.Integer.toString(counter)) + .png)): null

2018-12-14 01:54:24 - [TEST_STEP][PASSED] - Statement - counter = counter + 1: null

2018-12-14 01:54:24 - [TEST_STEP][PASSED] - Statement - PreSaveFile = new java.io.File(((pathPrefix + java.lang.Integer.toString(counter)) + .png)): null

2018-12-14 01:54:24 - [TEST_STEP][PASSED] - Statement - counter = counter + 1: null

2018-12-14 01:54:24 - [TEST_STEP][PASSED] - Statement - PreSaveFile = new java.io.File(((pathPrefix + java.lang.Integer.toString(counter)) + .png)): null

2018-12-14 01:54:24 - [TEST_STEP][PASSED] - Statement - counter = counter + 1: null

2018-12-14 01:54:24 - [TEST_STEP][PASSED] - Statement - PreSaveFile = new java.io.File(((pathPrefix + java.lang.Integer.toString(counter)) + .png)): null

2018-12-14 01:54:24 - [TEST_STEP][PASSED] - Statement - counter = counter + 1: null

2018-12-14 01:54:24 - [TEST_STEP][PASSED] - Statement - PreSaveFile = new java.io.File(((pathPrefix + java.lang.Integer.toString(counter)) + .png)): null

2018-12-14 01:54:24 - [TEST_STEP][PASSED] - Statement - counter = counter + 1: null

2018-12-14 01:54:24 - [TEST_STEP][PASSED] - Statement - PreSaveFile = new java.io.File(((pathPrefix + java.lang.Integer.toString(counter)) + .png)): null

2018-12-14 01:54:24 - [TEST_STEP][PASSED] - Statement - counter = counter + 1: null

2018-12-14 01:54:24 - [TEST_STEP][PASSED] - Statement - PreSaveFile = new java.io.File(((pathPrefix + java.lang.Integer.toString(counter)) + .png)): null

2018-12-14 01:54:24 - [TEST_STEP][PASSED] - Statement - counter = counter + 1: null

2018-12-14 01:54:24 - [TEST_STEP][PASSED] - Statement - PreSaveFile = new java.io.File(((pathPrefix + java.lang.Integer.toString(counter)) + .png)): null

2018-12-14 01:54:24 - [TEST_STEP][PASSED] - Statement - counter = counter + 1: null

2018-12-14 01:54:24 - [TEST_STEP][PASSED] - Statement - PreSaveFile = new java.io.File(((pathPrefix + java.lang.Integer.toString(counter)) + .png)): null

2018-12-14 01:54:24 - [TEST_STEP][PASSED] - Statement - counter = counter + 1: null

2018-12-14 01:54:24 - [TEST_STEP][PASSED] - Statement - PreSaveFile = new java.io.File(((pathPrefix + java.lang.Integer.toString(counter)) + .png)): null

2018-12-14 01:54:24 - [TEST_STEP][PASSED] - Statement - counter = counter + 1: null

2018-12-14 01:54:24 - [TEST_STEP][PASSED] - Statement - PreSaveFile = new java.io.File(((pathPrefix + java.lang.Integer.toString(counter)) + .png)): null

2018-12-14 01:54:24 - [TEST_STEP][PASSED] - Statement - counter = counter + 1: null

2018-12-14 01:54:24 - [TEST_STEP][PASSED] - Statement - PreSaveFile = new java.io.File(((pathPrefix + java.lang.Integer.toString(counter)) + .png)): null

2018-12-14 01:54:24 - [TEST_STEP][PASSED] - Statement - counter = counter + 1: null

2018-12-14 01:54:24 - [TEST_STEP][PASSED] - Statement - PreSaveFile = new java.io.File(((pathPrefix + java.lang.Integer.toString(counter)) + .png)): null

2018-12-14 01:54:24 - [TEST_STEP][PASSED] - Statement - counter = counter + 1: null

2018-12-14 01:54:24 - [TEST_STEP][PASSED] - Statement - PreSaveFile = new java.io.File(((pathPrefix + java.lang.Integer.toString(counter)) + .png)): null

2018-12-14 01:54:24 - [TEST_STEP][PASSED] - Statement - counter = counter + 1: null

2018-12-14 01:54:24 - [TEST_STEP][PASSED] - Statement - PreSaveFile = new java.io.File(((pathPrefix + java.lang.Integer.toString(counter)) + .png)): null

2018-12-14 01:54:24 - [TEST_STEP][PASSED] - Statement - counter = counter + 1: null

2018-12-14 01:54:24 - [TEST_STEP][PASSED] - Statement - PreSaveFile = new java.io.File(((pathPrefix + java.lang.Integer.toString(counter)) + .png)): null

2018-12-14 01:54:24 - [TEST_STEP][PASSED] - Statement - counter = counter + 1: null

2018-12-14 01:54:24 - [TEST_STEP][PASSED] - Statement - PreSaveFile = new java.io.File(((pathPrefix + java.lang.Integer.toString(counter)) + .png)): null

2018-12-14 01:54:24 - [TEST_STEP][PASSED] - Statement - counter = counter + 1: null

2018-12-14 01:54:24 - [TEST_STEP][PASSED] - Statement - PreSaveFile = new java.io.File(((pathPrefix + java.lang.Integer.toString(counter)) + .png)): null

2018-12-14 01:54:24 - [TEST_STEP][PASSED] - Statement - counter = counter + 1: null

2018-12-14 01:54:24 - [TEST_STEP][PASSED] - Statement - PreSaveFile = new java.io.File(((pathPrefix + java.lang.Integer.toString(counter)) + .png)): null

2018-12-14 01:54:24 - [TEST_STEP][PASSED] - Statement - counter = counter + 1: null

2018-12-14 01:54:24 - [TEST_STEP][PASSED] - Statement - PreSaveFile = new java.io.File(((pathPrefix + java.lang.Integer.toString(counter)) + .png)): null

2018-12-14 01:54:24 - [TEST_STEP][PASSED] - Statement - counter = counter + 1: null

2018-12-14 01:54:24 - [TEST_STEP][PASSED] - Statement - PreSaveFile = new java.io.File(((pathPrefix + java.lang.Integer.toString(counter)) + .png)): null

2018-12-14 01:54:24 - [TEST_STEP][PASSED] - Statement - counter = counter + 1: null

2018-12-14 01:54:24 - [TEST_STEP][PASSED] - Statement - PreSaveFile = new java.io.File(((pathPrefix + java.lang.Integer.toString(counter)) + .png)): null

2018-12-14 01:54:24 - [TEST_STEP][PASSED] - Statement - counter = counter + 1: null

2018-12-14 01:54:24 - [TEST_STEP][PASSED] - Statement - PreSaveFile = new java.io.File(((pathPrefix + java.lang.Integer.toString(counter)) + .png)): null

2018-12-14 01:54:24 - [TEST_STEP][PASSED] - Statement - counter = counter + 1: null

2018-12-14 01:54:24 - [TEST_STEP][PASSED] - Statement - PreSaveFile = new java.io.File(((pathPrefix + java.lang.Integer.toString(counter)) + .png)): null

2018-12-14 01:54:24 - [TEST_STEP][PASSED] - Statement - counter = counter + 1: null

2018-12-14 01:54:24 - [TEST_STEP][PASSED] - Statement - PreSaveFile = new java.io.File(((pathPrefix + java.lang.Integer.toString(counter)) + .png)): null

2018-12-14 01:54:24 - [TEST_STEP][PASSED] - Statement - counter = counter + 1: null

2018-12-14 01:54:24 - [TEST_STEP][PASSED] - Statement - PreSaveFile = new java.io.File(((pathPrefix + java.lang.Integer.toString(counter)) + .png)): null

2018-12-14 01:54:24 - [TEST_STEP][PASSED] - Statement - counter = counter + 1: null

2018-12-14 01:54:24 - [TEST_STEP][PASSED] - Statement - PreSaveFile = new java.io.File(((pathPrefix + java.lang.Integer.toString(counter)) + .png)): null

2018-12-14 01:54:24 - [TEST_STEP][PASSED] - Statement - counter = counter + 1: null

2018-12-14 01:54:24 - [TEST_STEP][PASSED] - Statement - PreSaveFile = new java.io.File(((pathPrefix + java.lang.Integer.toString(counter)) + .png)): null

2018-12-14 01:54:24 - [TEST_STEP][PASSED] - Statement - counter = counter + 1: null

2018-12-14 01:54:24 - [TEST_STEP][PASSED] - Statement - PreSaveFile = new java.io.File(((pathPrefix + java.lang.Integer.toString(counter)) + .png)): null

2018-12-14 01:54:24 - [TEST_STEP][PASSED] - Statement - counter = counter + 1: null

2018-12-14 01:54:24 - [TEST_STEP][PASSED] - Statement - PreSaveFile = new java.io.File(((pathPrefix + java.lang.Integer.toString(counter)) + .png)): null

2018-12-14 01:54:24 - [TEST_STEP][PASSED] - Statement - counter = counter + 1: null

2018-12-14 01:54:24 - [TEST_STEP][PASSED] - Statement - PreSaveFile = new java.io.File(((pathPrefix + java.lang.Integer.toString(counter)) + .png)): null

2018-12-14 01:54:24 - [TEST_STEP][PASSED] - Statement - counter = counter + 1: null

2018-12-14 01:54:24 - [TEST_STEP][PASSED] - Statement - PreSaveFile = new java.io.File(((pathPrefix + java.lang.Integer.toString(counter)) + .png)): null

2018-12-14 01:54:24 - [TEST_STEP][PASSED] - Statement - counter = counter + 1: null

2018-12-14 01:54:24 - [TEST_STEP][PASSED] - Statement - PreSaveFile = new java.io.File(((pathPrefix + java.lang.Integer.toString(counter)) + .png)): null

2018-12-14 01:54:24 - [TEST_STEP][PASSED] - Statement - counter = counter + 1: null

2018-12-14 01:54:24 - [TEST_STEP][PASSED] - Statement - PreSaveFile = new java.io.File(((pathPrefix + java.lang.Integer.toString(counter)) + .png)): null

2018-12-14 01:54:24 - [TEST_STEP][PASSED] - Statement - counter = counter + 1: null

2018-12-14 01:54:24 - [TEST_STEP][PASSED] - Statement - PreSaveFile = new java.io.File(((pathPrefix + java.lang.Integer.toString(counter)) + .png)): null

2018-12-14 01:54:24 - [TEST_STEP][PASSED] - Statement - counter = counter + 1: null

2018-12-14 01:54:24 - [TEST_STEP][PASSED] - Statement - PreSaveFile = new java.io.File(((pathPrefix + java.lang.Integer.toString(counter)) + .png)): null

2018-12-14 01:54:24 - [TEST_STEP][PASSED] - Statement - counter = counter + 1: null

2018-12-14 01:54:24 - [TEST_STEP][PASSED] - Statement - PreSaveFile = new java.io.File(((pathPrefix + java.lang.Integer.toString(counter)) + .png)): null

2018-12-14 01:54:24 - [TEST_STEP][PASSED] - Statement - counter = counter + 1: null

2018-12-14 01:54:24 - [TEST_STEP][PASSED] - Statement - PreSaveFile = new java.io.File(((pathPrefix + java.lang.Integer.toString(counter)) + .png)): null

2018-12-14 01:54:24 - [TEST_STEP][PASSED] - Statement - counter = counter + 1: null

2018-12-14 01:54:24 - [TEST_STEP][PASSED] - Statement - PreSaveFile = new java.io.File(((pathPrefix + java.lang.Integer.toString(counter)) + .png)): null

2018-12-14 01:54:24 - [TEST_STEP][PASSED] - Statement - counter = counter + 1: null

2018-12-14 01:54:24 - [TEST_STEP][PASSED] - Statement - PreSaveFile = new java.io.File(((pathPrefix + java.lang.Integer.toString(counter)) + .png)): null

2018-12-14 01:54:24 - [TEST_STEP][PASSED] - Statement - counter = counter + 1: null

2018-12-14 01:54:24 - [TEST_STEP][PASSED] - Statement - PreSaveFile = new java.io.File(((pathPrefix + java.lang.Integer.toString(counter)) + .png)): null

2018-12-14 01:54:24 - [TEST_STEP][PASSED] - Statement - counter = counter + 1: null

2018-12-14 01:54:24 - [TEST_STEP][PASSED] - Statement - PreSaveFile = new java.io.File(((pathPrefix + java.lang.Integer.toString(counter)) + .png)): null

2018-12-14 01:54:24 - [TEST_STEP][PASSED] - Statement - counter = counter + 1: null

2018-12-14 01:54:24 - [TEST_STEP][PASSED] - Statement - PreSaveFile = new java.io.File(((pathPrefix + java.lang.Integer.toString(counter)) + .png)): null

2018-12-14 01:54:24 - [TEST_STEP][PASSED] - Statement - counter = counter + 1: null

2018-12-14 01:54:24 - [TEST_STEP][PASSED] - Statement - PreSaveFile = new java.io.File(((pathPrefix + java.lang.Integer.toString(counter)) + .png)): null

2018-12-14 01:54:24 - [TEST_STEP][PASSED] - Statement - counter = counter + 1: null

2018-12-14 01:54:24 - [TEST_STEP][PASSED] - Statement - PreSaveFile = new java.io.File(((pathPrefix + java.lang.Integer.toString(counter)) + .png)): null

2018-12-14 01:54:24 - [TEST_STEP][PASSED] - Statement - counter = counter + 1: null

2018-12-14 01:54:24 - [TEST_STEP][PASSED] - Statement - PreSaveFile = new java.io.File(((pathPrefix + java.lang.Integer.toString(counter)) + .png)): null

2018-12-14 01:54:24 - [TEST_STEP][PASSED] - Statement - counter = counter + 1: null

2018-12-14 01:54:24 - [TEST_STEP][PASSED] - Statement - PreSaveFile = new java.io.File(((pathPrefix + java.lang.Integer.toString(counter)) + .png)): null

2018-12-14 01:54:24 - [TEST_STEP][PASSED] - Statement - counter = counter + 1: null

2018-12-14 01:54:24 - [TEST_STEP][PASSED] - Statement - PreSaveFile = new java.io.File(((pathPrefix + java.lang.Integer.toString(counter)) + .png)): null

2018-12-14 01:54:24 - [TEST_STEP][PASSED] - Statement - counter = counter + 1: null

2018-12-14 01:54:24 - [TEST_STEP][PASSED] - Statement - PreSaveFile = new java.io.File(((pathPrefix + java.lang.Integer.toString(counter)) + .png)): null

2018-12-14 01:54:24 - [TEST_STEP][PASSED] - Statement - counter = counter + 1: null

2018-12-14 01:54:24 - [TEST_STEP][PASSED] - Statement - PreSaveFile = new java.io.File(((pathPrefix + java.lang.Integer.toString(counter)) + .png)): null

2018-12-14 01:54:24 - [TEST_STEP][PASSED] - Statement - counter = counter + 1: null

2018-12-14 01:54:24 - [TEST_STEP][PASSED] - Statement - PreSaveFile = new java.io.File(((pathPrefix + java.lang.Integer.toString(counter)) + .png)): null

2018-12-14 01:54:24 - [TEST_STEP][PASSED] - Statement - counter = counter + 1: null

2018-12-14 01:54:24 - [TEST_STEP][PASSED] - Statement - PreSaveFile = new java.io.File(((pathPrefix + java.lang.Integer.toString(counter)) + .png)): null

2018-12-14 01:54:24 - [TEST_STEP][PASSED] - Statement - counter = counter + 1: null

2018-12-14 01:54:24 - [TEST_STEP][PASSED] - Statement - PreSaveFile = new java.io.File(((pathPrefix + java.lang.Integer.toString(counter)) + .png)): null

2018-12-14 01:54:24 - [TEST_STEP][PASSED] - Statement - counter = counter + 1: null

2018-12-14 01:54:24 - [TEST_STEP][PASSED] - Statement - PreSaveFile = new java.io.File(((pathPrefix + java.lang.Integer.toString(counter)) + .png)): null

2018-12-14 01:54:24 - [TEST_STEP][PASSED] - Statement - counter = counter + 1: null

2018-12-14 01:54:24 - [TEST_STEP][PASSED] - Statement - PreSaveFile = new java.io.File(((pathPrefix + java.lang.Integer.toString(counter)) + .png)): null

2018-12-14 01:54:24 - [TEST_STEP][PASSED] - Statement - counter = counter + 1: null

2018-12-14 01:54:24 - [TEST_STEP][PASSED] - Statement - PreSaveFile = new java.io.File(((pathPrefix + java.lang.Integer.toString(counter)) + .png)): null

2018-12-14 01:54:24 - [TEST_STEP][PASSED] - Statement - counter = counter + 1: null

2018-12-14 01:54:24 - [TEST_STEP][PASSED] - Statement - PreSaveFile = new java.io.File(((pathPrefix + java.lang.Integer.toString(counter)) + .png)): null

2018-12-14 01:54:24 - [TEST_STEP][PASSED] - Statement - counter = counter + 1: null

2018-12-14 01:54:24 - [TEST_STEP][PASSED] - Statement - PreSaveFile = new java.io.File(((pathPrefix + java.lang.Integer.toString(counter)) + .png)): null

2018-12-14 01:54:24 - [TEST_STEP][PASSED] - Statement - counter = counter + 1: null

2018-12-14 01:54:24 - [TEST_STEP][PASSED] - Statement - PreSaveFile = new java.io.File(((pathPrefix + java.lang.Integer.toString(counter)) + .png)): null

2018-12-14 01:54:24 - [TEST_STEP][PASSED] - Statement - counter = counter + 1: null

2018-12-14 01:54:24 - [TEST_STEP][PASSED] - Statement - PreSaveFile = new java.io.File(((pathPrefix + java.lang.Integer.toString(counter)) + .png)): null

2018-12-14 01:54:24 - [TEST_STEP][PASSED] - Statement - counter = counter + 1: null

2018-12-14 01:54:24 - [TEST_STEP][PASSED] - Statement - PreSaveFile = new java.io.File(((pathPrefix + java.lang.Integer.toString(counter)) + .png)): null

2018-12-14 01:54:24 - [TEST_STEP][PASSED] - Statement - counter = counter + 1: null

2018-12-14 01:54:24 - [TEST_STEP][PASSED] - Statement - PreSaveFile = new java.io.File(((pathPrefix + java.lang.Integer.toString(counter)) + .png)): null

2018-12-14 01:54:24 - [TEST_STEP][PASSED] - Statement - counter = counter + 1: null

2018-12-14 01:54:24 - [TEST_STEP][PASSED] - Statement - PreSaveFile = new java.io.File(((pathPrefix + java.lang.Integer.toString(counter)) + .png)): null

2018-12-14 01:54:24 - [TEST_STEP][PASSED] - Statement - counter = counter + 1: null

2018-12-14 01:54:24 - [TEST_STEP][PASSED] - Statement - PreSaveFile = new java.io.File(((pathPrefix + java.lang.Integer.toString(counter)) + .png)): null

2018-12-14 01:54:24 - [TEST_STEP][PASSED] - Statement - counter = counter + 1: null

2018-12-14 01:54:24 - [TEST_STEP][PASSED] - Statement - PreSaveFile = new java.io.File(((pathPrefix + java.lang.Integer.toString(counter)) + .png)): null

2018-12-14 01:54:24 - [TEST_STEP][PASSED] - Statement - counter = counter + 1: null

2018-12-14 01:54:25 - [TEST_STEP][PASSED] - Statement - PreSaveFile = new java.io.File(((pathPrefix + java.lang.Integer.toString(counter)) + .png)): null

2018-12-14 01:54:25 - [TEST_STEP][PASSED] - Statement - counter = counter + 1: null

2018-12-14 01:54:25 - [TEST_STEP][PASSED] - Statement - PreSaveFile = new java.io.File(((pathPrefix + java.lang.Integer.toString(counter)) + .png)): null

2018-12-14 01:54:25 - [TEST_STEP][PASSED] - Statement - counter = counter + 1: null

2018-12-14 01:54:25 - [TEST_STEP][PASSED] - Statement - PreSaveFile = new java.io.File(((pathPrefix + java.lang.Integer.toString(counter)) + .png)): null

2018-12-14 01:54:25 - [TEST_STEP][PASSED] - Statement - counter = counter + 1: null

2018-12-14 01:54:25 - [TEST_STEP][PASSED] - Statement - PreSaveFile = new java.io.File(((pathPrefix + java.lang.Integer.toString(counter)) + .png)): null

2018-12-14 01:54:25 - [TEST_STEP][PASSED] - Statement - counter = counter + 1: null

2018-12-14 01:54:25 - [TEST_STEP][PASSED] - Statement - PreSaveFile = new java.io.File(((pathPrefix + java.lang.Integer.toString(counter)) + .png)): null

2018-12-14 01:54:25 - [TEST_STEP][PASSED] - Statement - counter = counter + 1: null

2018-12-14 01:54:25 - [TEST_STEP][PASSED] - Statement - PreSaveFile = new java.io.File(((pathPrefix + java.lang.Integer.toString(counter)) + .png)): null

2018-12-14 01:54:25 - [TEST_STEP][PASSED] - Statement - counter = counter + 1: null

2018-12-14 01:54:25 - [TEST_STEP][PASSED] - Statement - PreSaveFile = new java.io.File(((pathPrefix + java.lang.Integer.toString(counter)) + .png)): null

2018-12-14 01:54:25 - [TEST_STEP][PASSED] - Statement - counter = counter + 1: null

2018-12-14 01:54:25 - [TEST_STEP][PASSED] - Statement - PreSaveFile = new java.io.File(((pathPrefix + java.lang.Integer.toString(counter)) + .png)): null

2018-12-14 01:54:25 - [TEST_STEP][PASSED] - Statement - counter = counter + 1: null

2018-12-14 01:54:25 - [TEST_STEP][PASSED] - Statement - PreSaveFile = new java.io.File(((pathPrefix + java.lang.Integer.toString(counter)) + .png)): null

2018-12-14 01:54:25 - [TEST_STEP][PASSED] - Statement - counter = counter + 1: null

2018-12-14 01:54:25 - [TEST_STEP][PASSED] - Statement - PreSaveFile = new java.io.File(((pathPrefix + java.lang.Integer.toString(counter)) + .png)): null

2018-12-14 01:54:25 - [TEST_STEP][PASSED] - Statement - counter = counter + 1: null

2018-12-14 01:54:25 - [TEST_STEP][PASSED] - Statement - PreSaveFile = new java.io.File(((pathPrefix + java.lang.Integer.toString(counter)) + .png)): null

2018-12-14 01:54:25 - [TEST_STEP][PASSED] - Statement - counter = counter + 1: null

2018-12-14 01:54:25 - [TEST_STEP][PASSED] - Statement - PreSaveFile = new java.io.File(((pathPrefix + java.lang.Integer.toString(counter)) + .png)): null

2018-12-14 01:54:25 - [TEST_STEP][PASSED] - Statement - counter = counter + 1: null

2018-12-14 01:54:25 - [TEST_STEP][PASSED] - Statement - PreSaveFile = new java.io.File(((pathPrefix + java.lang.Integer.toString(counter)) + .png)): null

2018-12-14 01:54:25 - [TEST_STEP][PASSED] - Statement - counter = counter + 1: null

2018-12-14 01:54:25 - [TEST_STEP][PASSED] - Statement - PreSaveFile = new java.io.File(((pathPrefix + java.lang.Integer.toString(counter)) + .png)): null

2018-12-14 01:54:25 - [TEST_STEP][PASSED] - Statement - counter = counter + 1: null

2018-12-14 01:54:25 - [TEST_STEP][PASSED] - Statement - PreSaveFile = new java.io.File(((pathPrefix + java.lang.Integer.toString(counter)) + .png)): null

2018-12-14 01:54:25 - [TEST_STEP][PASSED] - Statement - counter = counter + 1: null

2018-12-14 01:54:25 - [TEST_STEP][PASSED] - Statement - PreSaveFile = new java.io.File(((pathPrefix + java.lang.Integer.toString(counter)) + .png)): null

2018-12-14 01:54:25 - [TEST_STEP][PASSED] - Statement - counter = counter + 1: null

2018-12-14 01:54:25 - [TEST_STEP][PASSED] - Statement - PreSaveFile = new java.io.File(((pathPrefix + java.lang.Integer.toString(counter)) + .png)): null

2018-12-14 01:54:25 - [TEST_STEP][PASSED] - Statement - counter = counter + 1: null

2018-12-14 01:54:25 - [TEST_STEP][PASSED] - Statement - PreSaveFile = new java.io.File(((pathPrefix + java.lang.Integer.toString(counter)) + .png)): null

2018-12-14 01:54:25 - [TEST_STEP][PASSED] - Statement - counter = counter + 1: null

2018-12-14 01:54:25 - [TEST_STEP][PASSED] - Statement - PreSaveFile = new java.io.File(((pathPrefix + java.lang.Integer.toString(counter)) + .png)): null

2018-12-14 01:54:25 - [TEST_STEP][PASSED] - Statement - counter = counter + 1: null

2018-12-14 01:54:25 - [TEST_STEP][PASSED] - Statement - PreSaveFile = new java.io.File(((pathPrefix + java.lang.Integer.toString(counter)) + .png)): null

2018-12-14 01:54:25 - [TEST_STEP][PASSED] - Statement - counter = counter + 1: null

2018-12-14 01:54:25 - [TEST_STEP][PASSED] - Statement - PreSaveFile = new java.io.File(((pathPrefix + java.lang.Integer.toString(counter)) + .png)): null

2018-12-14 01:54:25 - [TEST_STEP][PASSED] - Statement - counter = counter + 1: null

2018-12-14 01:54:25 - [TEST_STEP][PASSED] - Statement - PreSaveFile = new java.io.File(((pathPrefix + java.lang.Integer.toString(counter)) + .png)): null

2018-12-14 01:54:25 - [TEST_STEP][PASSED] - Statement - counter = counter + 1: null

2018-12-14 01:54:25 - [TEST_STEP][PASSED] - Statement - PreSaveFile = new java.io.File(((pathPrefix + java.lang.Integer.toString(counter)) + .png)): null

2018-12-14 01:54:25 - [TEST_STEP][PASSED] - Statement - counter = counter + 1: null

2018-12-14 01:54:25 - [TEST_STEP][PASSED] - Statement - PreSaveFile = new java.io.File(((pathPrefix + java.lang.Integer.toString(counter)) + .png)): null

2018-12-14 01:54:25 - [TEST_STEP][PASSED] - Statement - counter = counter + 1: null

2018-12-14 01:54:25 - [TEST_STEP][PASSED] - Statement - PreSaveFile = new java.io.File(((pathPrefix + java.lang.Integer.toString(counter)) + .png)): null

2018-12-14 01:54:25 - [TEST_STEP][PASSED] - Statement - counter = counter + 1: null

2018-12-14 01:54:25 - [TEST_STEP][PASSED] - Statement - PreSaveFile = new java.io.File(((pathPrefix + java.lang.Integer.toString(counter)) + .png)): null

2018-12-14 01:54:25 - [TEST_STEP][PASSED] - Statement - counter = counter + 1: null

2018-12-14 01:54:25 - [TEST_STEP][PASSED] - Statement - PreSaveFile = new java.io.File(((pathPrefix + java.lang.Integer.toString(counter)) + .png)): null

2018-12-14 01:54:25 - [TEST_STEP][PASSED] - Statement - counter = counter + 1: null

2018-12-14 01:54:25 - [TEST_STEP][PASSED] - Statement - PreSaveFile = new java.io.File(((pathPrefix + java.lang.Integer.toString(counter)) + .png)): null

2018-12-14 01:54:25 - [TEST_STEP][PASSED] - Statement - counter = counter + 1: null

2018-12-14 01:54:25 - [TEST_STEP][PASSED] - Statement - PreSaveFile = new java.io.File(((pathPrefix + java.lang.Integer.toString(counter)) + .png)): null

2018-12-14 01:54:25 - [TEST_STEP][PASSED] - Statement - counter = counter + 1: null

2018-12-14 01:54:25 - [TEST_STEP][PASSED] - Statement - PreSaveFile = new java.io.File(((pathPrefix + java.lang.Integer.toString(counter)) + .png)): null

2018-12-14 01:54:25 - [TEST_STEP][PASSED] - Statement - counter = counter + 1: null

2018-12-14 01:54:25 - [TEST_STEP][PASSED] - Statement - PreSaveFile = new java.io.File(((pathPrefix + java.lang.Integer.toString(counter)) + .png)): null

2018-12-14 01:54:25 - [TEST_STEP][PASSED] - Statement - counter = counter + 1: null

2018-12-14 01:54:25 - [TEST_STEP][PASSED] - Statement - PreSaveFile = new java.io.File(((pathPrefix + java.lang.Integer.toString(counter)) + .png)): null

2018-12-14 01:54:25 - [TEST_STEP][PASSED] - Statement - counter = counter + 1: null

2018-12-14 01:54:25 - [TEST_STEP][PASSED] - Statement - PreSaveFile = new java.io.File(((pathPrefix + java.lang.Integer.toString(counter)) + .png)): null

2018-12-14 01:54:25 - [TEST_STEP][PASSED] - Statement - counter = counter + 1: null

2018-12-14 01:54:25 - [TEST_STEP][PASSED] - Statement - PreSaveFile = new java.io.File(((pathPrefix + java.lang.Integer.toString(counter)) + .png)): null

2018-12-14 01:54:25 - [TEST_STEP][PASSED] - Statement - counter = counter + 1: null

2018-12-14 01:54:25 - [TEST_STEP][PASSED] - Statement - PreSaveFile = new java.io.File(((pathPrefix + java.lang.Integer.toString(counter)) + .png)): null

2018-12-14 01:54:25 - [TEST_STEP][PASSED] - Statement - counter = counter + 1: null

2018-12-14 01:54:25 - [TEST_STEP][PASSED] - Statement - PreSaveFile = new java.io.File(((pathPrefix + java.lang.Integer.toString(counter)) + .png)): null

2018-12-14 01:54:25 - [TEST_STEP][PASSED] - Statement - counter = counter + 1: null

2018-12-14 01:54:25 - [TEST_STEP][PASSED] - Statement - PreSaveFile = new java.io.File(((pathPrefix + java.lang.Integer.toString(counter)) + .png)): null

2018-12-14 01:54:25 - [TEST_STEP][PASSED] - Statement - counter = counter + 1: null

2018-12-14 01:54:25 - [TEST_STEP][PASSED] - Statement - PreSaveFile = new java.io.File(((pathPrefix + java.lang.Integer.toString(counter)) + .png)): null

2018-12-14 01:54:25 - [TEST_STEP][PASSED] - Statement - counter = counter + 1: null

2018-12-14 01:54:25 - [TEST_STEP][PASSED] - Statement - PreSaveFile = new java.io.File(((pathPrefix + java.lang.Integer.toString(counter)) + .png)): null

2018-12-14 01:54:25 - [TEST_STEP][PASSED] - Statement - counter = counter + 1: null

2018-12-14 01:54:25 - [TEST_STEP][PASSED] - Statement - PreSaveFile = new java.io.File(((pathPrefix + java.lang.Integer.toString(counter)) + .png)): null

2018-12-14 01:54:25 - [TEST_STEP][PASSED] - Statement - counter = counter + 1: null

2018-12-14 01:54:25 - [TEST_STEP][PASSED] - Statement - PreSaveFile = new java.io.File(((pathPrefix + java.lang.Integer.toString(counter)) + .png)): null

2018-12-14 01:54:25 - [TEST_STEP][PASSED] - Statement - counter = counter + 1: null

2018-12-14 01:54:25 - [TEST_STEP][PASSED] - Statement - PreSaveFile = new java.io.File(((pathPrefix + java.lang.Integer.toString(counter)) + .png)): null

2018-12-14 01:54:25 - [TEST_STEP][PASSED] - Statement - counter = counter + 1: null

2018-12-14 01:54:25 - [TEST_STEP][PASSED] - Statement - PreSaveFile = new java.io.File(((pathPrefix + java.lang.Integer.toString(counter)) + .png)): null

2018-12-14 01:54:25 - [TEST_STEP][PASSED] - Statement - counter = counter + 1: null

2018-12-14 01:54:25 - [TEST_STEP][PASSED] - Statement - PreSaveFile = new java.io.File(((pathPrefix + java.lang.Integer.toString(counter)) + .png)): null

2018-12-14 01:54:25 - [TEST_STEP][PASSED] - Statement - counter = counter + 1: null

2018-12-14 01:54:25 - [TEST_STEP][PASSED] - Statement - PreSaveFile = new java.io.File(((pathPrefix + java.lang.Integer.toString(counter)) + .png)): null

2018-12-14 01:54:25 - [TEST_STEP][PASSED] - Statement - counter = counter + 1: null

2018-12-14 01:54:25 - [TEST_STEP][PASSED] - Statement - PreSaveFile = new java.io.File(((pathPrefix + java.lang.Integer.toString(counter)) + .png)): null

2018-12-14 01:54:25 - [TEST_STEP][PASSED] - Statement - counter = counter + 1: null

2018-12-14 01:54:25 - [TEST_STEP][PASSED] - Statement - PreSaveFile = new java.io.File(((pathPrefix + java.lang.Integer.toString(counter)) + .png)): null

2018-12-14 01:54:25 - [TEST_STEP][PASSED] - Statement - counter = counter + 1: null

2018-12-14 01:54:25 - [TEST_STEP][PASSED] - Statement - PreSaveFile = new java.io.File(((pathPrefix + java.lang.Integer.toString(counter)) + .png)): null

2018-12-14 01:54:25 - [TEST_STEP][PASSED] - Statement - counter = counter + 1: null

2018-12-14 01:54:25 - [TEST_STEP][PASSED] - Statement - PreSaveFile = new java.io.File(((pathPrefix + java.lang.Integer.toString(counter)) + .png)): null

2018-12-14 01:54:25 - [TEST_STEP][PASSED] - Statement - counter = counter + 1: null

2018-12-14 01:54:25 - [TEST_STEP][PASSED] - Statement - PreSaveFile = new java.io.File(((pathPrefix + java.lang.Integer.toString(counter)) + .png)): null

2018-12-14 01:54:25 - [TEST_STEP][PASSED] - Statement - counter = counter + 1: null

2018-12-14 01:54:25 - [TEST_STEP][PASSED] - Statement - PreSaveFile = new java.io.File(((pathPrefix + java.lang.Integer.toString(counter)) + .png)): null

2018-12-14 01:54:25 - [TEST_STEP][PASSED] - Statement - counter = counter + 1: null

2018-12-14 01:54:25 - [TEST_STEP][PASSED] - Statement - PreSaveFile = new java.io.File(((pathPrefix + java.lang.Integer.toString(counter)) + .png)): null

2018-12-14 01:54:25 - [TEST_STEP][PASSED] - Statement - counter = counter + 1: null

2018-12-14 01:54:25 - [TEST_STEP][PASSED] - Statement - PreSaveFile = new java.io.File(((pathPrefix + java.lang.Integer.toString(counter)) + .png)): null

2018-12-14 01:54:25 - [TEST_STEP][PASSED] - Statement - counter = counter + 1: null

2018-12-14 01:54:25 - [TEST_STEP][PASSED] - Statement - PreSaveFile = new java.io.File(((pathPrefix + java.lang.Integer.toString(counter)) + .png)): null

2018-12-14 01:54:25 - [TEST_STEP][PASSED] - Statement - counter = counter + 1: null

2018-12-14 01:54:25 - [TEST_STEP][PASSED] - Statement - PreSaveFile = new java.io.File(((pathPrefix + java.lang.Integer.toString(counter)) + .png)): null

2018-12-14 01:54:25 - [TEST_STEP][PASSED] - Statement - counter = counter + 1: null

2018-12-14 01:54:25 - [TEST_STEP][PASSED] - Statement - PreSaveFile = new java.io.File(((pathPrefix + java.lang.Integer.toString(counter)) + .png)): null

2018-12-14 01:54:25 - [TEST_STEP][PASSED] - Statement - counter = counter + 1: null

2018-12-14 01:54:25 - [TEST_STEP][PASSED] - Statement - PreSaveFile = new java.io.File(((pathPrefix + java.lang.Integer.toString(counter)) + .png)): null

2018-12-14 01:54:25 - [TEST_STEP][PASSED] - Statement - counter = counter + 1: null

2018-12-14 01:54:25 - [TEST_STEP][PASSED] - Statement - PreSaveFile = new java.io.File(((pathPrefix + java.lang.Integer.toString(counter)) + .png)): null

2018-12-14 01:54:25 - [TEST_STEP][PASSED] - Statement - counter = counter + 1: null

2018-12-14 01:54:25 - [TEST_STEP][PASSED] - Statement - PreSaveFile = new java.io.File(((pathPrefix + java.lang.Integer.toString(counter)) + .png)): null

2018-12-14 01:54:25 - [TEST_STEP][PASSED] - Statement - counter = counter + 1: null

2018-12-14 01:54:25 - [TEST_STEP][PASSED] - Statement - PreSaveFile = new java.io.File(((pathPrefix + java.lang.Integer.toString(counter)) + .png)): null

2018-12-14 01:54:25 - [TEST_STEP][PASSED] - Statement - counter = counter + 1: null

2018-12-14 01:54:25 - [TEST_STEP][PASSED] - Statement - PreSaveFile = new java.io.File(((pathPrefix + java.lang.Integer.toString(counter)) + .png)): null

2018-12-14 01:54:25 - [TEST_STEP][PASSED] - Statement - counter = counter + 1: null

2018-12-14 01:54:25 - [TEST_STEP][PASSED] - Statement - PreSaveFile = new java.io.File(((pathPrefix + java.lang.Integer.toString(counter)) + .png)): null

2018-12-14 01:54:25 - [TEST_STEP][PASSED] - Statement - counter = counter + 1: null

2018-12-14 01:54:25 - [TEST_STEP][PASSED] - Statement - PreSaveFile = new java.io.File(((pathPrefix + java.lang.Integer.toString(counter)) + .png)): null

2018-12-14 01:54:25 - [TEST_STEP][PASSED] - Statement - counter = counter + 1: null

2018-12-14 01:54:25 - [TEST_STEP][PASSED] - Statement - PreSaveFile = new java.io.File(((pathPrefix + java.lang.Integer.toString(counter)) + .png)): null

2018-12-14 01:54:25 - [TEST_STEP][PASSED] - Statement - counter = counter + 1: null

2018-12-14 01:54:25 - [TEST_STEP][PASSED] - Statement - PreSaveFile = new java.io.File(((pathPrefix + java.lang.Integer.toString(counter)) + .png)): null

2018-12-14 01:54:25 - [TEST_STEP][PASSED] - Statement - counter = counter + 1: null

2018-12-14 01:54:25 - [TEST_STEP][PASSED] - Statement - PreSaveFile = new java.io.File(((pathPrefix + java.lang.Integer.toString(counter)) + .png)): null

2018-12-14 01:54:25 - [TEST_STEP][PASSED] - Statement - counter = counter + 1: null

2018-12-14 01:54:25 - [TEST_STEP][PASSED] - Statement - PreSaveFile = new java.io.File(((pathPrefix + java.lang.Integer.toString(counter)) + .png)): null

2018-12-14 01:54:25 - [TEST_STEP][PASSED] - Statement - counter = counter + 1: null

2018-12-14 01:54:25 - [TEST_STEP][PASSED] - Statement - PreSaveFile = new java.io.File(((pathPrefix + java.lang.Integer.toString(counter)) + .png)): null

2018-12-14 01:54:25 - [TEST_STEP][PASSED] - Statement - counter = counter + 1: null

2018-12-14 01:54:25 - [TEST_STEP][PASSED] - Statement - PreSaveFile = new java.io.File(((pathPrefix + java.lang.Integer.toString(counter)) + .png)): null

2018-12-14 01:54:25 - [TEST_STEP][PASSED] - Statement - counter = counter + 1: null

2018-12-14 01:54:25 - [TEST_STEP][PASSED] - Statement - PreSaveFile = new java.io.File(((pathPrefix + java.lang.Integer.toString(counter)) + .png)): null

2018-12-14 01:54:25 - [TEST_STEP][PASSED] - Statement - counter = counter + 1: null

2018-12-14 01:54:25 - [TEST_STEP][PASSED] - Statement - PreSaveFile = new java.io.File(((pathPrefix + java.lang.Integer.toString(counter)) + .png)): null

2018-12-14 01:54:25 - [TEST_STEP][PASSED] - Statement - counter = counter + 1: null

2018-12-14 01:54:25 - [TEST_STEP][PASSED] - Statement - PreSaveFile = new java.io.File(((pathPrefix + java.lang.Integer.toString(counter)) + .png)): null

2018-12-14 01:54:25 - [TEST_STEP][PASSED] - Statement - counter = counter + 1: null

2018-12-14 01:54:25 - [TEST_STEP][PASSED] - Statement - PreSaveFile = new java.io.File(((pathPrefix + java.lang.Integer.toString(counter)) + .png)): null

2018-12-14 01:54:25 - [TEST_STEP][PASSED] - Statement - counter = counter + 1: null

2018-12-14 01:54:25 - [TEST_STEP][PASSED] - Statement - PreSaveFile = new java.io.File(((pathPrefix + java.lang.Integer.toString(counter)) + .png)): null

2018-12-14 01:54:25 - [TEST_STEP][PASSED] - Statement - counter = counter + 1: null

2018-12-14 01:54:25 - [TEST_STEP][PASSED] - Statement - PreSaveFile = new java.io.File(((pathPrefix + java.lang.Integer.toString(counter)) + .png)): null

2018-12-14 01:54:25 - [TEST_STEP][PASSED] - Statement - counter = counter + 1: null

2018-12-14 01:54:25 - [TEST_STEP][PASSED] - Statement - PreSaveFile = new java.io.File(((pathPrefix + java.lang.Integer.toString(counter)) + .png)): null

2018-12-14 01:54:25 - [TEST_STEP][PASSED] - Statement - counter = counter + 1: null

2018-12-14 01:54:25 - [TEST_STEP][PASSED] - Statement - PreSaveFile = new java.io.File(((pathPrefix + java.lang.Integer.toString(counter)) + .png)): null

2018-12-14 01:54:25 - [TEST_STEP][PASSED] - Statement - counter = counter + 1: null

2018-12-14 01:54:25 - [TEST_STEP][PASSED] - Statement - PreSaveFile = new java.io.File(((pathPrefix + java.lang.Integer.toString(counter)) + .png)): null

2018-12-14 01:54:25 - [TEST_STEP][PASSED] - Statement - counter = counter + 1: null

2018-12-14 01:54:25 - [TEST_STEP][PASSED] - Statement - PreSaveFile = new java.io.File(((pathPrefix + java.lang.Integer.toString(counter)) + .png)): null

2018-12-14 01:54:25 - [TEST_STEP][PASSED] - Statement - counter = counter + 1: null

2018-12-14 01:54:25 - [TEST_STEP][PASSED] - Statement - PreSaveFile = new java.io.File(((pathPrefix + java.lang.Integer.toString(counter)) + .png)): null

2018-12-14 01:54:25 - [TEST_STEP][PASSED] - Statement - counter = counter + 1: null

2018-12-14 01:54:25 - [TEST_STEP][PASSED] - Statement - PreSaveFile = new java.io.File(((pathPrefix + java.lang.Integer.toString(counter)) + .png)): null

2018-12-14 01:54:25 - [TEST_STEP][PASSED] - Statement - counter = counter + 1: null

2018-12-14 01:54:25 - [TEST_STEP][PASSED] - Statement - PreSaveFile = new java.io.File(((pathPrefix + java.lang.Integer.toString(counter)) + .png)): null

2018-12-14 01:54:25 - [TEST_STEP][PASSED] - Statement - counter = counter + 1: null

2018-12-14 01:54:25 - [TEST_STEP][PASSED] - Statement - PreSaveFile = new java.io.File(((pathPrefix + java.lang.Integer.toString(counter)) + .png)): null

2018-12-14 01:54:25 - [TEST_STEP][PASSED] - Statement - counter = counter + 1: null

2018-12-14 01:54:25 - [TEST_STEP][PASSED] - Statement - PreSaveFile = new java.io.File(((pathPrefix + java.lang.Integer.toString(counter)) + .png)): null

2018-12-14 01:54:25 - [TEST_STEP][PASSED] - Statement - counter = counter + 1: null

2018-12-14 01:54:25 - [TEST_STEP][PASSED] - Statement - PreSaveFile = new java.io.File(((pathPrefix + java.lang.Integer.toString(counter)) + .png)): null

2018-12-14 01:54:25 - [TEST_STEP][PASSED] - Statement - counter = counter + 1: null

2018-12-14 01:54:25 - [TEST_STEP][PASSED] - Statement - PreSaveFile = new java.io.File(((pathPrefix + java.lang.Integer.toString(counter)) + .png)): null

2018-12-14 01:54:25 - [TEST_STEP][PASSED] - Statement - counter = counter + 1: null

2018-12-14 01:54:25 - [TEST_STEP][PASSED] - Statement - PreSaveFile = new java.io.File(((pathPrefix + java.lang.Integer.toString(counter)) + .png)): null

2018-12-14 01:54:25 - [TEST_STEP][PASSED] - Statement - counter = counter + 1: null

2018-12-14 01:54:25 - [TEST_STEP][PASSED] - Statement - PreSaveFile = new java.io.File(((pathPrefix + java.lang.Integer.toString(counter)) + .png)): null

2018-12-14 01:54:25 - [TEST_STEP][PASSED] - Statement - counter = counter + 1: null

2018-12-14 01:54:25 - [TEST_STEP][PASSED] - Statement - PreSaveFile = new java.io.File(((pathPrefix + java.lang.Integer.toString(counter)) + .png)): null

2018-12-14 01:54:25 - [TEST_STEP][PASSED] - Statement - counter = counter + 1: null

2018-12-14 01:54:25 - [TEST_STEP][PASSED] - Statement - PreSaveFile = new java.io.File(((pathPrefix + java.lang.Integer.toString(counter)) + .png)): null

2018-12-14 01:54:25 - [TEST_STEP][PASSED] - Statement - counter = counter + 1: null

2018-12-14 01:54:25 - [TEST_STEP][PASSED] - Statement - PreSaveFile = new java.io.File(((pathPrefix + java.lang.Integer.toString(counter)) + .png)): null

2018-12-14 01:54:25 - [TEST_STEP][PASSED] - Statement - counter = counter + 1: null

2018-12-14 01:54:25 - [TEST_STEP][PASSED] - Statement - PreSaveFile = new java.io.File(((pathPrefix + java.lang.Integer.toString(counter)) + .png)): null

2018-12-14 01:54:25 - [TEST_STEP][PASSED] - Statement - counter = counter + 1: null

2018-12-14 01:54:25 - [TEST_STEP][PASSED] - Statement - PreSaveFile = new java.io.File(((pathPrefix + java.lang.Integer.toString(counter)) + .png)): null

2018-12-14 01:54:25 - [TEST_STEP][PASSED] - Statement - counter = counter + 1: null

2018-12-14 01:54:25 - [TEST_STEP][PASSED] - Statement - PreSaveFile = new java.io.File(((pathPrefix + java.lang.Integer.toString(counter)) + .png)): null

2018-12-14 01:54:25 - [TEST_STEP][PASSED] - Statement - counter = counter + 1: null

2018-12-14 01:54:25 - [TEST_STEP][PASSED] - Statement - PreSaveFile = new java.io.File(((pathPrefix + java.lang.Integer.toString(counter)) + .png)): null

2018-12-14 01:54:25 - [TEST_STEP][PASSED] - Statement - counter = counter + 1: null

2018-12-14 01:54:25 - [TEST_STEP][PASSED] - Statement - PreSaveFile = new java.io.File(((pathPrefix + java.lang.Integer.toString(counter)) + .png)): null

2018-12-14 01:54:25 - [TEST_STEP][PASSED] - Statement - counter = counter + 1: null

2018-12-14 01:54:25 - [TEST_STEP][PASSED] - Statement - PreSaveFile = new java.io.File(((pathPrefix + java.lang.Integer.toString(counter)) + .png)): null

2018-12-14 01:54:25 - [TEST_STEP][PASSED] - Statement - counter = counter + 1: null

2018-12-14 01:54:25 - [TEST_STEP][PASSED] - Statement - PreSaveFile = new java.io.File(((pathPrefix + java.lang.Integer.toString(counter)) + .png)): null

2018-12-14 01:54:25 - [TEST_STEP][PASSED] - Statement - counter = counter + 1: null

2018-12-14 01:54:25 - [TEST_STEP][PASSED] - Statement - PreSaveFile = new java.io.File(((pathPrefix + java.lang.Integer.toString(counter)) + .png)): null

2018-12-14 01:54:25 - [TEST_STEP][PASSED] - Statement - counter = counter + 1: null

2018-12-14 01:54:25 - [TEST_STEP][PASSED] - Statement - PreSaveFile = new java.io.File(((pathPrefix + java.lang.Integer.toString(counter)) + .png)): null

2018-12-14 01:54:25 - [TEST_STEP][PASSED] - Statement - counter = counter + 1: null

2018-12-14 01:54:25 - [TEST_STEP][PASSED] - Statement - PreSaveFile = new java.io.File(((pathPrefix + java.lang.Integer.toString(counter)) + .png)): null

2018-12-14 01:54:25 - [TEST_STEP][PASSED] - Statement - counter = counter + 1: null

2018-12-14 01:54:25 - [TEST_STEP][PASSED] - Statement - PreSaveFile = new java.io.File(((pathPrefix + java.lang.Integer.toString(counter)) + .png)): null

2018-12-14 01:54:25 - [TEST_STEP][PASSED] - Statement - counter = counter + 1: null

2018-12-14 01:54:25 - [TEST_STEP][PASSED] - Statement - PreSaveFile = new java.io.File(((pathPrefix + java.lang.Integer.toString(counter)) + .png)): null

2018-12-14 01:54:25 - [TEST_STEP][PASSED] - Statement - counter = counter + 1: null

2018-12-14 01:54:25 - [TEST_STEP][PASSED] - Statement - PreSaveFile = new java.io.File(((pathPrefix + java.lang.Integer.toString(counter)) + .png)): null

2018-12-14 01:54:25 - [TEST_STEP][PASSED] - Statement - counter = counter + 1: null

2018-12-14 01:54:25 - [TEST_STEP][PASSED] - Statement - PreSaveFile = new java.io.File(((pathPrefix + java.lang.Integer.toString(counter)) + .png)): null

2018-12-14 01:54:25 - [TEST_STEP][PASSED] - Statement - counter = counter + 1: null

2018-12-14 01:54:25 - [TEST_STEP][PASSED] - Statement - PreSaveFile = new java.io.File(((pathPrefix + java.lang.Integer.toString(counter)) + .png)): null

2018-12-14 01:54:25 - [TEST_STEP][PASSED] - Statement - counter = counter + 1: null

2018-12-14 01:54:25 - [TEST_STEP][PASSED] - Statement - PreSaveFile = new java.io.File(((pathPrefix + java.lang.Integer.toString(counter)) + .png)): null

2018-12-14 01:54:25 - [TEST_STEP][PASSED] - Statement - counter = counter + 1: null

2018-12-14 01:54:25 - [TEST_STEP][PASSED] - Statement - PreSaveFile = new java.io.File(((pathPrefix + java.lang.Integer.toString(counter)) + .png)): null

2018-12-14 01:54:25 - [TEST_STEP][PASSED] - Statement - counter = counter + 1: null

2018-12-14 01:54:25 - [TEST_STEP][PASSED] - Statement - PreSaveFile = new java.io.File(((pathPrefix + java.lang.Integer.toString(counter)) + .png)): null

2018-12-14 01:54:25 - [TEST_STEP][PASSED] - Statement - counter = counter + 1: null

2018-12-14 01:54:25 - [TEST_STEP][PASSED] - Statement - PreSaveFile = new java.io.File(((pathPrefix + java.lang.Integer.toString(counter)) + .png)): null

2018-12-14 01:54:25 - [TEST_STEP][PASSED] - Statement - counter = counter + 1: null

2018-12-14 01:54:25 - [TEST_STEP][PASSED] - Statement - PreSaveFile = new java.io.File(((pathPrefix + java.lang.Integer.toString(counter)) + .png)): null

2018-12-14 01:54:25 - [TEST_STEP][PASSED] - Statement - counter = counter + 1: null

2018-12-14 01:54:25 - [TEST_STEP][PASSED] - Statement - PreSaveFile = new java.io.File(((pathPrefix + java.lang.Integer.toString(counter)) + .png)): null

2018-12-14 01:54:25 - [TEST_STEP][PASSED] - Statement - counter = counter + 1: null

2018-12-14 01:54:25 - [TEST_STEP][PASSED] - Statement - PreSaveFile = new java.io.File(((pathPrefix + java.lang.Integer.toString(counter)) + .png)): null

2018-12-14 01:54:25 - [TEST_STEP][PASSED] - Statement - counter = counter + 1: null

2018-12-14 01:54:25 - [TEST_STEP][PASSED] - Statement - PreSaveFile = new java.io.File(((pathPrefix + java.lang.Integer.toString(counter)) + .png)): null

2018-12-14 01:54:25 - [TEST_STEP][PASSED] - Statement - counter = counter + 1: null

2018-12-14 01:54:25 - [TEST_STEP][PASSED] - Statement - PreSaveFile = new java.io.File(((pathPrefix + java.lang.Integer.toString(counter)) + .png)): null

2018-12-14 01:54:25 - [TEST_STEP][PASSED] - Statement - counter = counter + 1: null

2018-12-14 01:54:25 - [TEST_STEP][PASSED] - Statement - PreSaveFile = new java.io.File(((pathPrefix + java.lang.Integer.toString(counter)) + .png)): null

2018-12-14 01:54:25 - [TEST_STEP][PASSED] - Statement - counter = counter + 1: null

2018-12-14 01:54:25 - [TEST_STEP][PASSED] - Statement - PreSaveFile = new java.io.File(((pathPrefix + java.lang.Integer.toString(counter)) + .png)): null

2018-12-14 01:54:25 - [TEST_STEP][PASSED] - Statement - counter = counter + 1: null

2018-12-14 01:54:25 - [TEST_STEP][PASSED] - Statement - PreSaveFile = new java.io.File(((pathPrefix + java.lang.Integer.toString(counter)) + .png)): null

2018-12-14 01:54:25 - [TEST_STEP][PASSED] - Statement - counter = counter + 1: null

2018-12-14 01:54:25 - [TEST_STEP][PASSED] - Statement - PreSaveFile = new java.io.File(((pathPrefix + java.lang.Integer.toString(counter)) + .png)): null

2018-12-14 01:54:25 - [TEST_STEP][PASSED] - Statement - counter = counter + 1: null

2018-12-14 01:54:25 - [TEST_STEP][PASSED] - Statement - PreSaveFile = new java.io.File(((pathPrefix + java.lang.Integer.toString(counter)) + .png)): null

2018-12-14 01:54:25 - [TEST_STEP][PASSED] - Statement - counter = counter + 1: null

2018-12-14 01:54:25 - [TEST_STEP][PASSED] - Statement - PreSaveFile = new java.io.File(((pathPrefix + java.lang.Integer.toString(counter)) + .png)): null

2018-12-14 01:54:25 - [TEST_STEP][PASSED] - Statement - counter = counter + 1: null

2018-12-14 01:54:25 - [TEST_STEP][PASSED] - Statement - PreSaveFile = new java.io.File(((pathPrefix + java.lang.Integer.toString(counter)) + .png)): null

2018-12-14 01:54:25 - [TEST_STEP][PASSED] - Statement - counter = counter + 1: null

2018-12-14 01:54:25 - [TEST_STEP][PASSED] - Statement - PreSaveFile = new java.io.File(((pathPrefix + java.lang.Integer.toString(counter)) + .png)): null

2018-12-14 01:54:25 - [TEST_STEP][PASSED] - Statement - counter = counter + 1: null

2018-12-14 01:54:25 - [TEST_STEP][PASSED] - Statement - PreSaveFile = new java.io.File(((pathPrefix + java.lang.Integer.toString(counter)) + .png)): null

2018-12-14 01:54:25 - [TEST_STEP][PASSED] - Statement - counter = counter + 1: null

2018-12-14 01:54:25 - [TEST_STEP][PASSED] - Statement - PreSaveFile = new java.io.File(((pathPrefix + java.lang.Integer.toString(counter)) + .png)): null

2018-12-14 01:54:25 - [TEST_STEP][PASSED] - Statement - counter = counter + 1: null

2018-12-14 01:54:25 - [TEST_STEP][PASSED] - Statement - PreSaveFile = new java.io.File(((pathPrefix + java.lang.Integer.toString(counter)) + .png)): null

2018-12-14 01:54:25 - [TEST_STEP][PASSED] - Statement - counter = counter + 1: null

2018-12-14 01:54:25 - [TEST_STEP][PASSED] - Statement - PreSaveFile = new java.io.File(((pathPrefix + java.lang.Integer.toString(counter)) + .png)): null

2018-12-14 01:54:25 - [TEST_STEP][PASSED] - Statement - counter = counter + 1: null

2018-12-14 01:54:25 - [TEST_STEP][PASSED] - Statement - PreSaveFile = new java.io.File(((pathPrefix + java.lang.Integer.toString(counter)) + .png)): null

2018-12-14 01:54:25 - [TEST_STEP][PASSED] - Statement - counter = counter + 1: null

2018-12-14 01:54:25 - [TEST_STEP][PASSED] - Statement - PreSaveFile = new java.io.File(((pathPrefix + java.lang.Integer.toString(counter)) + .png)): null

2018-12-14 01:54:25 - [TEST_STEP][PASSED] - Statement - counter = counter + 1: null

2018-12-14 01:54:25 - [TEST_STEP][PASSED] - Statement - PreSaveFile = new java.io.File(((pathPrefix + java.lang.Integer.toString(counter)) + .png)): null

2018-12-14 01:54:25 - [TEST_STEP][PASSED] - Statement - counter = counter + 1: null

2018-12-14 01:54:25 - [TEST_STEP][PASSED] - Statement - PreSaveFile = new java.io.File(((pathPrefix + java.lang.Integer.toString(counter)) + .png)): null

2018-12-14 01:54:25 - [TEST_STEP][PASSED] - Statement - counter = counter + 1: null

2018-12-14 01:54:25 - [TEST_STEP][PASSED] - Statement - PreSaveFile = new java.io.File(((pathPrefix + java.lang.Integer.toString(counter)) + .png)): null

2018-12-14 01:54:25 - [TEST_STEP][PASSED] - Statement - counter = counter + 1: null

2018-12-14 01:54:25 - [TEST_STEP][PASSED] - Statement - PreSaveFile = new java.io.File(((pathPrefix + java.lang.Integer.toString(counter)) + .png)): null

2018-12-14 01:54:25 - [TEST_STEP][PASSED] - Statement - counter = counter + 1: null

2018-12-14 01:54:25 - [TEST_STEP][PASSED] - Statement - PreSaveFile = new java.io.File(((pathPrefix + java.lang.Integer.toString(counter)) + .png)): null

2018-12-14 01:54:25 - [TEST_STEP][PASSED] - Statement - counter = counter + 1: null

2018-12-14 01:54:25 - [TEST_STEP][PASSED] - Statement - PreSaveFile = new java.io.File(((pathPrefix + java.lang.Integer.toString(counter)) + .png)): null

2018-12-14 01:54:25 - [TEST_STEP][PASSED] - Statement - counter = counter + 1: null

2018-12-14 01:54:25 - [TEST_STEP][PASSED] - Statement - PreSaveFile = new java.io.File(((pathPrefix + java.lang.Integer.toString(counter)) + .png)): null

2018-12-14 01:54:25 - [TEST_STEP][PASSED] - Statement - counter = counter + 1: null

2018-12-14 01:54:25 - [TEST_STEP][PASSED] - Statement - PreSaveFile = new java.io.File(((pathPrefix + java.lang.Integer.toString(counter)) + .png)): null

2018-12-14 01:54:25 - [TEST_STEP][PASSED] - Statement - counter = counter + 1: null

2018-12-14 01:54:25 - [TEST_STEP][PASSED] - Statement - PreSaveFile = new java.io.File(((pathPrefix + java.lang.Integer.toString(counter)) + .png)): null

2018-12-14 01:54:25 - [TEST_STEP][PASSED] - Statement - counter = counter + 1: null

2018-12-14 01:54:25 - [TEST_STEP][PASSED] - Statement - PreSaveFile = new java.io.File(((pathPrefix + java.lang.Integer.toString(counter)) + .png)): null

2018-12-14 01:54:25 - [TEST_STEP][PASSED] - Statement - counter = counter + 1: null

2018-12-14 01:54:25 - [TEST_STEP][PASSED] - Statement - PreSaveFile = new java.io.File(((pathPrefix + java.lang.Integer.toString(counter)) + .png)): null

2018-12-14 01:54:25 - [TEST_STEP][PASSED] - Statement - counter = counter + 1: null

2018-12-14 01:54:25 - [TEST_STEP][PASSED] - Statement - PreSaveFile = new java.io.File(((pathPrefix + java.lang.Integer.toString(counter)) + .png)): null

2018-12-14 01:54:25 - [TEST_STEP][PASSED] - Statement - counter = counter + 1: null

2018-12-14 01:54:25 - [TEST_STEP][PASSED] - Statement - PreSaveFile = new java.io.File(((pathPrefix + java.lang.Integer.toString(counter)) + .png)): null

2018-12-14 01:54:25 - [TEST_STEP][PASSED] - Statement - counter = counter + 1: null

2018-12-14 01:54:25 - [TEST_STEP][PASSED] - Statement - PreSaveFile = new java.io.File(((pathPrefix + java.lang.Integer.toString(counter)) + .png)): null

2018-12-14 01:54:25 - [TEST_STEP][PASSED] - Statement - counter = counter + 1: null

2018-12-14 01:54:25 - [TEST_STEP][PASSED] - Statement - PreSaveFile = new java.io.File(((pathPrefix + java.lang.Integer.toString(counter)) + .png)): null

2018-12-14 01:54:25 - [TEST_STEP][PASSED] - Statement - counter = counter + 1: null

2018-12-14 01:54:25 - [TEST_STEP][PASSED] - Statement - PreSaveFile = new java.io.File(((pathPrefix + java.lang.Integer.toString(counter)) + .png)): null

2018-12-14 01:54:25 - [TEST_STEP][PASSED] - Statement - counter = counter + 1: null

2018-12-14 01:54:25 - [TEST_STEP][PASSED] - Statement - PreSaveFile = new java.io.File(((pathPrefix + java.lang.Integer.toString(counter)) + .png)): null

2018-12-14 01:54:25 - [TEST_STEP][PASSED] - Statement - counter = counter + 1: null

2018-12-14 01:54:25 - [TEST_STEP][PASSED] - Statement - PreSaveFile = new java.io.File(((pathPrefix + java.lang.Integer.toString(counter)) + .png)): null

2018-12-14 01:54:25 - [TEST_STEP][PASSED] - Statement - counter = counter + 1: null

2018-12-14 01:54:25 - [TEST_STEP][PASSED] - Statement - PreSaveFile = new java.io.File(((pathPrefix + java.lang.Integer.toString(counter)) + .png)): null

2018-12-14 01:54:25 - [TEST_STEP][PASSED] - Statement - counter = counter + 1: null

2018-12-14 01:54:25 - [TEST_STEP][PASSED] - Statement - PreSaveFile = new java.io.File(((pathPrefix + java.lang.Integer.toString(counter)) + .png)): null

2018-12-14 01:54:25 - [TEST_STEP][PASSED] - Statement - counter = counter + 1: null

2018-12-14 01:54:25 - [TEST_STEP][PASSED] - Statement - PreSaveFile = new java.io.File(((pathPrefix + java.lang.Integer.toString(counter)) + .png)): null

2018-12-14 01:54:25 - [TEST_STEP][PASSED] - Statement - counter = counter + 1: null

2018-12-14 01:54:25 - [TEST_STEP][PASSED] - Statement - PreSaveFile = new java.io.File(((pathPrefix + java.lang.Integer.toString(counter)) + .png)): null

2018-12-14 01:54:25 - [TEST_STEP][PASSED] - Statement - counter = counter + 1: null

2018-12-14 01:54:25 - [TEST_STEP][PASSED] - Statement - PreSaveFile = new java.io.File(((pathPrefix + java.lang.Integer.toString(counter)) + .png)): null

2018-12-14 01:54:25 - [TEST_STEP][PASSED] - Statement - counter = counter + 1: null

2018-12-14 01:54:25 - [TEST_STEP][PASSED] - Statement - PreSaveFile = new java.io.File(((pathPrefix + java.lang.Integer.toString(counter)) + .png)): null

2018-12-14 01:54:25 - [TEST_STEP][PASSED] - Statement - counter = counter + 1: null

2018-12-14 01:54:25 - [TEST_STEP][PASSED] - Statement - PreSaveFile = new java.io.File(((pathPrefix + java.lang.Integer.toString(counter)) + .png)): null

2018-12-14 01:54:25 - [TEST_STEP][PASSED] - Statement - counter = counter + 1: null

2018-12-14 01:54:25 - [TEST_STEP][PASSED] - Statement - PreSaveFile = new java.io.File(((pathPrefix + java.lang.Integer.toString(counter)) + .png)): null

2018-12-14 01:54:25 - [TEST_STEP][PASSED] - Statement - counter = counter + 1: null

2018-12-14 01:54:25 - [TEST_STEP][PASSED] - Statement - PreSaveFile = new java.io.File(((pathPrefix + java.lang.Integer.toString(counter)) + .png)): null

2018-12-14 01:54:25 - [TEST_STEP][PASSED] - Statement - counter = counter + 1: null

2018-12-14 01:54:25 - [TEST_STEP][PASSED] - Statement - PreSaveFile = new java.io.File(((pathPrefix + java.lang.Integer.toString(counter)) + .png)): null

2018-12-14 01:54:25 - [TEST_STEP][PASSED] - Statement - counter = counter + 1: null

2018-12-14 01:54:25 - [TEST_STEP][PASSED] - Statement - PreSaveFile = new java.io.File(((pathPrefix + java.lang.Integer.toString(counter)) + .png)): null

2018-12-14 01:54:25 - [TEST_STEP][PASSED] - Statement - counter = counter + 1: null

2018-12-14 01:54:25 - [TEST_STEP][PASSED] - Statement - PreSaveFile = new java.io.File(((pathPrefix + java.lang.Integer.toString(counter)) + .png)): null

2018-12-14 01:54:25 - [TEST_STEP][PASSED] - Statement - counter = counter + 1: null

2018-12-14 01:54:25 - [TEST_STEP][PASSED] - Statement - PreSaveFile = new java.io.File(((pathPrefix + java.lang.Integer.toString(counter)) + .png)): null

2018-12-14 01:54:25 - [TEST_STEP][PASSED] - Statement - counter = counter + 1: null

2018-12-14 01:54:25 - [TEST_STEP][PASSED] - Statement - PreSaveFile = new java.io.File(((pathPrefix + java.lang.Integer.toString(counter)) + .png)): null

2018-12-14 01:54:25 - [TEST_STEP][PASSED] - Statement - counter = counter + 1: null

2018-12-14 01:54:25 - [TEST_STEP][PASSED] - Statement - PreSaveFile = new java.io.File(((pathPrefix + java.lang.Integer.toString(counter)) + .png)): null

2018-12-14 01:54:25 - [TEST_STEP][PASSED] - Statement - counter = counter + 1: null

2018-12-14 01:54:25 - [TEST_STEP][PASSED] - Statement - PreSaveFile = new java.io.File(((pathPrefix + java.lang.Integer.toString(counter)) + .png)): null

2018-12-14 01:54:25 - [TEST_STEP][PASSED] - Statement - counter = counter + 1: null

2018-12-14 01:54:25 - [TEST_STEP][PASSED] - Statement - PreSaveFile = new java.io.File(((pathPrefix + java.lang.Integer.toString(counter)) + .png)): null

2018-12-14 01:54:25 - [TEST_STEP][PASSED] - Statement - counter = counter + 1: null

2018-12-14 01:54:25 - [TEST_STEP][PASSED] - Statement - PreSaveFile = new java.io.File(((pathPrefix + java.lang.Integer.toString(counter)) + .png)): null

2018-12-14 01:54:25 - [TEST_STEP][PASSED] - Statement - counter = counter + 1: null

2018-12-14 01:54:25 - [TEST_STEP][PASSED] - Statement - PreSaveFile = new java.io.File(((pathPrefix + java.lang.Integer.toString(counter)) + .png)): null

2018-12-14 01:54:25 - [TEST_STEP][PASSED] - Statement - counter = counter + 1: null

2018-12-14 01:54:25 - [TEST_STEP][PASSED] - Statement - PreSaveFile = new java.io.File(((pathPrefix + java.lang.Integer.toString(counter)) + .png)): null

2018-12-14 01:54:25 - [TEST_STEP][PASSED] - Statement - counter = counter + 1: null

2018-12-14 01:54:25 - [TEST_STEP][PASSED] - Statement - PreSaveFile = new java.io.File(((pathPrefix + java.lang.Integer.toString(counter)) + .png)): null

2018-12-14 01:54:25 - [TEST_STEP][PASSED] - Statement - counter = counter + 1: null

2018-12-14 01:54:25 - [TEST_STEP][PASSED] - Statement - PreSaveFile = new java.io.File(((pathPrefix + java.lang.Integer.toString(counter)) + .png)): null

2018-12-14 01:54:25 - [TEST_STEP][PASSED] - Statement - counter = counter + 1: null

2018-12-14 01:54:25 - [TEST_STEP][PASSED] - Statement - PreSaveFile = new java.io.File(((pathPrefix + java.lang.Integer.toString(counter)) + .png)): null

2018-12-14 01:54:25 - [TEST_STEP][PASSED] - Statement - counter = counter + 1: null

2018-12-14 01:54:25 - [TEST_STEP][PASSED] - Statement - PreSaveFile = new java.io.File(((pathPrefix + java.lang.Integer.toString(counter)) + .png)): null

2018-12-14 01:54:25 - [TEST_STEP][PASSED] - Statement - counter = counter + 1: null

2018-12-14 01:54:25 - [TEST_STEP][PASSED] - Statement - PreSaveFile = new java.io.File(((pathPrefix + java.lang.Integer.toString(counter)) + .png)): null

2018-12-14 01:54:25 - [TEST_STEP][PASSED] - Statement - counter = counter + 1: null

2018-12-14 01:54:25 - [TEST_STEP][PASSED] - Statement - PreSaveFile = new java.io.File(((pathPrefix + java.lang.Integer.toString(counter)) + .png)): null

2018-12-14 01:54:25 - [TEST_STEP][PASSED] - Statement - counter = counter + 1: null

2018-12-14 01:54:25 - [TEST_STEP][PASSED] - Statement - PreSaveFile = new java.io.File(((pathPrefix + java.lang.Integer.toString(counter)) + .png)): null

2018-12-14 01:54:25 - [TEST_STEP][PASSED] - Statement - counter = counter + 1: null

2018-12-14 01:54:25 - [TEST_STEP][PASSED] - Statement - PreSaveFile = new java.io.File(((pathPrefix + java.lang.Integer.toString(counter)) + .png)): null

2018-12-14 01:54:25 - [TEST_STEP][PASSED] - Statement - counter = counter + 1: null

2018-12-14 01:54:25 - [TEST_STEP][PASSED] - Statement - PreSaveFile = new java.io.File(((pathPrefix + java.lang.Integer.toString(counter)) + .png)): null

2018-12-14 01:54:25 - [TEST_STEP][PASSED] - Statement - counter = counter + 1: null

2018-12-14 01:54:25 - [TEST_STEP][PASSED] - Statement - PreSaveFile = new java.io.File(((pathPrefix + java.lang.Integer.toString(counter)) + .png)): null

2018-12-14 01:54:25 - [TEST_STEP][PASSED] - Statement - counter = counter + 1: null

2018-12-14 01:54:25 - [TEST_STEP][PASSED] - Statement - PreSaveFile = new java.io.File(((pathPrefix + java.lang.Integer.toString(counter)) + .png)): null

2018-12-14 01:54:25 - [TEST_STEP][PASSED] - Statement - counter = counter + 1: null

2018-12-14 01:54:25 - [TEST_STEP][PASSED] - Statement - PreSaveFile = new java.io.File(((pathPrefix + java.lang.Integer.toString(counter)) + .png)): null

2018-12-14 01:54:25 - [TEST_STEP][PASSED] - Statement - counter = counter + 1: null

2018-12-14 01:54:25 - [TEST_STEP][PASSED] - Statement - PreSaveFile = new java.io.File(((pathPrefix + java.lang.Integer.toString(counter)) + .png)): null

2018-12-14 01:54:25 - [TEST_STEP][PASSED] - Statement - finalPath = pathPrefix + java.lang.Integer.toString(counter) + ".png": null

2018-12-14 01:54:25 - [TEST_STEP][PASSED] - Statement - SaveFile = new java.io.File(finalPath): null

2018-12-14 01:54:25 - [TEST_STEP][PASSED] - Statement - Try: null

2018-12-14 01:54:25 - [TEST_STEP][PASSED] - Statement - org.apache.commons.io.FileUtils.copyFile(scrFile, SaveFile): null

2018-12-14 01:54:25 - [TEST_STEP][PASSED] - Statement - out.println("file kept"): null

2018-12-14 01:54:25 - [TEST_STEP][PASSED] - delay: Delayed 10 second(s)

2018-12-14 01:54:35 - [MESSAGE][PASSED] - Delayed 10 second(s)

2018-12-14 01:54:35 - [MESSAGE][PASSED] - Call Test Case 'Test Cases/Final Aug 2018 - PKS Automation/Common/Screenshoting tool' successfully

2018-12-14 01:54:35 - [TEST_STEP][PASSED] - callTestCase: Call Test Case 'Test Cases/Final Aug 2018 - PKS Automation/Registration Module/Log Out/log out avoiding katalon tagging' successfully

2018-12-14 01:54:35 - [TEST_CASE][PASSED] - Test Cases/Final Aug 2018 - PKS Automation/Registration Module/Log Out/log out avoiding katalon tagging: Test Cases/Final Aug 2018 - PKS Automation/Registration Module/Log Out/log out avoiding katalon tagging

2018-12-14 01:54:35 - [TEST_STEP][PASSED] - navigateToUrl: Navigate to 'https://assist2-uat.perkeso.gov.my/c/portal/logout' successfully

2018-12-14 01:54:36 - [MESSAGE][PASSED] - Navigate to 'https://assist2-uat.perkeso.gov.my/c/portal/logout' successfully

2018-12-14 01:54:36 - [MESSAGE][PASSED] - Call Test Case 'Test Cases/Final Aug 2018 - PKS Automation/Registration Module/Log Out/log out avoiding katalon tagging' successfully

2018-12-14 01:54:36 - [TEST_STEP][PASSED] - callTestCase: Call Test Case 'Test Cases/Final Aug 2018 - PKS Automation/Common/Workflow Owner Finder' successfully

2018-12-14 01:54:36 - [TEST_CASE][PASSED] - Test Cases/Final Aug 2018 - PKS Automation/Common/Workflow Owner Finder: Test Cases/Final Aug 2018 - PKS Automation/Common/Workflow Owner Finder

2018-12-14 01:54:36 - [TEST_STEP][PASSED] - openBrowser: Browser is opened with url: ''

2018-12-14 01:54:36 - [MESSAGE][WARNING] - A browser is already opened. Closing browser and opening a new one

2018-12-14 01:54:40 - [MESSAGE][PASSED] - Browser is opened with url: ''

2018-12-14 01:54:40 - [TEST_STEP][PASSED] - navigateToUrl: Navigate to 'https://assist2-uat.perkeso.gov.my/login' successfully

2018-12-14 01:54:41 - [MESSAGE][PASSED] - Navigate to 'https://assist2-uat.perkeso.gov.my/login' successfully

2018-12-14 01:54:41 - [TEST_STEP][PASSED] - delay: Delayed 5 second(s)

2018-12-14 01:54:46 - [MESSAGE][PASSED] - Delayed 5 second(s)

2018-12-14 01:54:46 - [TEST_STEP][PASSED] - setText: Text 'test@liferay.com' is set on object 'Object Repository/Final Object Repo/Login Page/Internal User/Email Address'

2018-12-14 01:54:46 - [MESSAGE][PASSED] - Text 'test@liferay.com' is set on object 'Object Repository/Final Object Repo/Login Page/Internal User/Email Address'

2018-12-14 01:54:46 - [TEST_STEP][PASSED] - click: Object: 'Object Repository/Final Object Repo/Login Page/Internal User/Next Button' is clicked on

2018-12-14 01:54:47 - [MESSAGE][PASSED] - Object: 'Object Repository/Final Object Repo/Login Page/Internal User/Next Button' is clicked on

2018-12-14 01:54:47 - [TEST_STEP][PASSED] - delay: Delayed 2 second(s)

2018-12-14 01:54:49 - [MESSAGE][PASSED] - Delayed 2 second(s)

2018-12-14 01:54:49 - [TEST_STEP][PASSED] - setText: Text 'test' is set on object 'Object Repository/Final Object Repo/Login Page/Internal User/Password'

2018-12-14 01:54:49 - [MESSAGE][PASSED] - Text 'test' is set on object 'Object Repository/Final Object Repo/Login Page/Internal User/Password'

2018-12-14 01:54:49 - [TEST_STEP][PASSED] - delay: Delayed 2 second(s)

2018-12-14 01:54:51 - [MESSAGE][PASSED] - Delayed 2 second(s)

2018-12-14 01:54:51 - [TEST_STEP][PASSED] - click: Object: 'Object Repository/Final Object Repo/Login Page/Internal User/Login Button' is clicked on

2018-12-14 01:54:51 - [MESSAGE][PASSED] - Object: 'Object Repository/Final Object Repo/Login Page/Internal User/Login Button' is clicked on

2018-12-14 01:54:51 - [TEST_STEP][PASSED] - Statement - tester = com.kms.katalon.core.testobject.ObjectRepository.findTestObject(Final Object Repo/Landing Page/Select to English): Finding Test Object with id 'Object Repository/Final Object Repo/Landing Page/Select to English'

2018-12-14 01:54:51 - [TEST_STEP][PASSED] - Statement - Try: Delayed 2 second(s)

2018-12-14 01:54:51 - [TEST_STEP][PASSED] - Statement - Checker = com.kms.katalon.core.webui.keyword.WebUiBuiltInKeywords.verifyElementNotPresent(tester, 3): Web element with id: 'Object Repository/Final Object Repo/Landing Page/Select to English' located by 'By.xpath: //a[@class = 'taglib-language-list-text' and @lang = 'en-US' and (contains(text(), 'EN') or contains(., 'EN'))]' is not present after '3' second(s)

2018-12-14 01:54:53 - [MESSAGE][PASSED] - Web element with id: 'Object Repository/Final Object Repo/Landing Page/Select to English' located by 'By.xpath: //a[@class = 'taglib-language-list-text' and @lang = 'en-US' and (contains(text(), 'EN') or contains(., 'EN'))]' is not present after '3' second(s)

2018-12-14 01:54:53 - [TEST_STEP][PASSED] - Statement - If (Checker == false): null

2018-12-14 01:54:53 - [TEST_STEP][PASSED] - delay: Delayed 2 second(s)

2018-12-14 01:54:55 - [MESSAGE][PASSED] - Delayed 2 second(s)

2018-12-14 01:54:55 - [TEST_STEP][PASSED] - delay: Delayed 5 second(s)

2018-12-14 01:55:00 - [MESSAGE][PASSED] - Delayed 5 second(s)

2018-12-14 01:55:00 - [TEST_STEP][PASSED] - mouseOver: Object: 'Object Repository/Final Object Repo/Landing Page/WorkFlow Menu' is hovered

2018-12-14 01:55:00 - [MESSAGE][PASSED] - Object: 'Object Repository/Final Object Repo/Landing Page/WorkFlow Menu' is hovered

2018-12-14 01:55:00 - [TEST_STEP][PASSED] - delay: Delayed 2 second(s)

2018-12-14 01:55:02 - [MESSAGE][PASSED] - Delayed 2 second(s)

2018-12-14 01:55:02 - [TEST_STEP][PASSED] - click: Object: 'Object Repository/Final Object Repo/Landing Page/Select to Workflow Listing' is clicked on

2018-12-14 01:55:03 - [MESSAGE][PASSED] - Object: 'Object Repository/Final Object Repo/Landing Page/Select to Workflow Listing' is clicked on

2018-12-14 01:55:03 - [TEST_STEP][PASSED] - delay: Delayed 2 second(s)

2018-12-14 01:55:05 - [MESSAGE][PASSED] - Delayed 2 second(s)

2018-12-14 01:55:05 - [TEST_STEP][PASSED] - click: Object: 'Object Repository/Final Object Repo/WorkFlow Listing Page/Search Information - To Put Ref No' is clicked on

2018-12-14 01:55:05 - [MESSAGE][PASSED] - Object: 'Object Repository/Final Object Repo/WorkFlow Listing Page/Search Information - To Put Ref No' is clicked on

2018-12-14 01:55:05 - [TEST_STEP][PASSED] - delay: Delayed 2 second(s)

2018-12-14 01:55:07 - [MESSAGE][PASSED] - Delayed 2 second(s)

2018-12-14 01:55:07 - [TEST_STEP][PASSED] - callTestCase: Call Test Case 'Test Cases/Final Aug 2018 - PKS Automation/Common/Reference Number Getter' successfully

2018-12-14 01:55:07 - [TEST_CASE][PASSED] - Test Cases/Final Aug 2018 - PKS Automation/Common/Reference Number Getter: Test Cases/Final Aug 2018 - PKS Automation/Common/Reference Number Getter

2018-12-14 01:55:07 - [TEST_STEP][PASSED] - Statement - Try: null

2018-12-14 01:55:07 - [TEST_STEP][PASSED] - Statement - RefNo = new java.io.File(C://Users//Admin//Desktop//PKS//Automation Reference Point//KatalonReference.txt): null

2018-12-14 01:55:07 - [TEST_STEP][PASSED] - Statement - bufferread = new java.io.BufferedReader(new java.io.FileReader(RefNo)): null

2018-12-14 01:55:07 - [TEST_STEP][PASSED] - Statement - readedVal = bufferread.readLine(): null

2018-12-14 01:55:07 - [TEST_STEP][PASSED] - Statement - out.println(CaseReferenceNo): null

2018-12-14 01:55:07 - [TEST_STEP][PASSED] - Statement - out.println(readedVal): null

2018-12-14 01:55:07 - [TEST_STEP][PASSED] - Statement - CaseReferenceNo = "": null

2018-12-14 01:55:07 - [TEST_STEP][PASSED] - Statement - CaseReferenceNo = readedVal: null

2018-12-14 01:55:07 - [MESSAGE][PASSED] - Call Test Case 'Test Cases/Final Aug 2018 - PKS Automation/Common/Reference Number Getter' successfully

2018-12-14 01:55:07 - [TEST_STEP][PASSED] - setText: Text 'CAN12201800002353' is set on object 'Object Repository/Final Object Repo/WorkFlow Listing Page/Ref No Set Text'

2018-12-14 01:55:08 - [MESSAGE][PASSED] - Text 'CAN12201800002353' is set on object 'Object Repository/Final Object Repo/WorkFlow Listing Page/Ref No Set Text'

2018-12-14 01:55:08 - [TEST_STEP][PASSED] - delay: Delayed 2 second(s)

2018-12-14 01:55:10 - [MESSAGE][PASSED] - Delayed 2 second(s)

2018-12-14 01:55:10 - [TEST_STEP][PASSED] - click: Object: 'Object Repository/Final Object Repo/WorkFlow Listing Page/Search Ref No Search Button' is clicked on

2018-12-14 01:55:10 - [MESSAGE][PASSED] - Object: 'Object Repository/Final Object Repo/WorkFlow Listing Page/Search Ref No Search Button' is clicked on

2018-12-14 01:55:10 - [TEST_STEP][PASSED] - delay: Delayed 6 second(s)

2018-12-14 01:55:16 - [MESSAGE][PASSED] - Delayed 6 second(s)

2018-12-14 01:55:16 - [TEST_STEP][PASSED] - click: Object: 'Object Repository/Final Object Repo/WorkFlow Listing Page/Click Continue Tooltip' is clicked on

2018-12-14 01:55:17 - [MESSAGE][PASSED] - Object: 'Object Repository/Final Object Repo/WorkFlow Listing Page/Click Continue Tooltip' is clicked on

2018-12-14 01:55:17 - [TEST_STEP][PASSED] - delay: Delayed 5 second(s)

2018-12-14 01:55:22 - [MESSAGE][PASSED] - Delayed 5 second(s)

2018-12-14 01:55:22 - [TEST_STEP][PASSED] - doubleClick: Object: 'Object Repository/Final Object Repo/WorkFlow Listing Page/Workflow Found - Listing 1' is double clicked on

2018-12-14 01:55:22 - [MESSAGE][PASSED] - Object: 'Object Repository/Final Object Repo/WorkFlow Listing Page/Workflow Found - Listing 1' is double clicked on

2018-12-14 01:55:22 - [TEST_STEP][PASSED] - Statement - println(OwnerID): null

2018-12-14 01:55:22 - [TEST_STEP][PASSED] - Statement - OwnerID = com.kms.katalon.core.webui.keyword.WebUiBuiltInKeywords.getText(com.kms.katalon.core.testobject.ObjectRepository.findTestObject(Final Object Repo/WorkFlow Listing Page/Workflow Found - Listing 1), STOP_ON_FAILURE): Text of object 'Object Repository/Final Object Repo/WorkFlow Listing Page/Workflow Found - Listing 1' is: 'JOHORro1'

2018-12-14 01:55:22 - [MESSAGE][PASSED] - Text of object 'Object Repository/Final Object Repo/WorkFlow Listing Page/Workflow Found - Listing 1' is: 'JOHORro1'

2018-12-14 01:55:22 - [TEST_STEP][PASSED] - Statement - OwnerID = OwnerID.toLowerCase() + "@gmail.com": null

2018-12-14 01:55:22 - [TEST_STEP][PASSED] - Statement - println(OwnerID): null

2018-12-14 01:55:22 - [TEST_STEP][PASSED] - delay: Delayed 2 second(s)

2018-12-14 01:55:24 - [MESSAGE][PASSED] - Delayed 2 second(s)

2018-12-14 01:55:24 - [MESSAGE][PASSED] - Call Test Case 'Test Cases/Final Aug 2018 - PKS Automation/Common/Workflow Owner Finder' successfully

2018-12-14 01:55:24 - [TEST_STEP][PASSED] - callTestCase: Call Test Case 'Test Cases/Final Aug 2018 - PKS Automation/Registration Module/Log Out/log out avoiding katalon tagging' successfully

2018-12-14 01:55:24 - [TEST_CASE][PASSED] - Test Cases/Final Aug 2018 - PKS Automation/Registration Module/Log Out/log out avoiding katalon tagging: Test Cases/Final Aug 2018 - PKS Automation/Registration Module/Log Out/log out avoiding katalon tagging

2018-12-14 01:55:24 - [TEST_STEP][PASSED] - navigateToUrl: Navigate to 'https://assist2-uat.perkeso.gov.my/c/portal/logout' successfully

2018-12-14 01:55:25 - [MESSAGE][PASSED] - Navigate to 'https://assist2-uat.perkeso.gov.my/c/portal/logout' successfully

2018-12-14 01:55:25 - [MESSAGE][PASSED] - Call Test Case 'Test Cases/Final Aug 2018 - PKS Automation/Registration Module/Log Out/log out avoiding katalon tagging' successfully

2018-12-14 01:55:25 - [TEST_STEP][PASSED] - delay: Delayed 2 second(s)

2018-12-14 01:55:27 - [MESSAGE][PASSED] - Delayed 2 second(s)

2018-12-14 01:55:27 - [TEST_STEP][PASSED] - setText: Text 'johorro1@gmail.com' is set on object 'Object Repository/Final Object Repo/Page_Update Add New Employee - ASSIST/Email TextBox'

2018-12-14 01:55:27 - [MESSAGE][PASSED] - Text 'johorro1@gmail.com' is set on object 'Object Repository/Final Object Repo/Page_Update Add New Employee - ASSIST/Email TextBox'

2018-12-14 01:55:27 - [TEST_STEP][PASSED] - click: Object: 'Object Repository/Final Object Repo/Page_Update Add New Employee - ASSIST/Next Button' is clicked on

2018-12-14 01:55:27 - [MESSAGE][PASSED] - Object: 'Object Repository/Final Object Repo/Page_Update Add New Employee - ASSIST/Next Button' is clicked on

2018-12-14 01:55:27 - [TEST_STEP][PASSED] - delay: Delayed 2 second(s)

2018-12-14 01:55:29 - [MESSAGE][PASSED] - Delayed 2 second(s)

2018-12-14 01:55:29 - [TEST_STEP][PASSED] - setText: Text 'Test1@3456789' is set on object 'Object Repository/Final Object Repo/Page_Update Add New Employee - ASSIST/Password TextBox'

2018-12-14 01:55:30 - [MESSAGE][PASSED] - Text 'Test1@3456789' is set on object 'Object Repository/Final Object Repo/Page_Update Add New Employee - ASSIST/Password TextBox'

2018-12-14 01:55:30 - [TEST_STEP][PASSED] - delay: Delayed 2 second(s)

2018-12-14 01:55:32 - [MESSAGE][PASSED] - Delayed 2 second(s)

2018-12-14 01:55:32 - [TEST_STEP][PASSED] - click: Object: 'Object Repository/Final Object Repo/Page_Update Add New Employee - ASSIST/Login Button' is clicked on

2018-12-14 01:55:32 - [MESSAGE][PASSED] - Object: 'Object Repository/Final Object Repo/Page_Update Add New Employee - ASSIST/Login Button' is clicked on

2018-12-14 01:55:32 - [TEST_STEP][PASSED] - delay: Delayed 4 second(s)

2018-12-14 01:55:36 - [MESSAGE][PASSED] - Delayed 4 second(s)

2018-12-14 01:55:36 - [TEST_STEP][PASSED] - Statement - Try: Delayed 2 second(s)

2018-12-14 01:55:36 - [TEST_STEP][PASSED] - Statement - Checker = false: null

2018-12-14 01:55:36 - [TEST_STEP][PASSED] - Statement - Checker = com.kms.katalon.core.webui.keyword.WebUiBuiltInKeywords.verifyElementHasAttribute(com.kms.katalon.core.testobject.ObjectRepository.findTestObject(Final Object Repo/Landing Page/BM Detecting), "href", 20, OPTIONAL): Object 'Object Repository/Final Object Repo/Landing Page/BM Detecting' has attribute 'href'

2018-12-14 01:55:36 - [MESSAGE][PASSED] - Object 'Object Repository/Final Object Repo/Landing Page/BM Detecting' has attribute 'href'

2018-12-14 01:55:36 - [TEST_STEP][PASSED] - Statement - out.println(Checker): null

2018-12-14 01:55:36 - [TEST_STEP][PASSED] - Statement - If (Checker == false): null

2018-12-14 01:55:36 - [TEST_STEP][PASSED] - Statement - Else: null

2018-12-14 01:55:36 - [TEST_STEP][PASSED] - delay: Delayed 2 second(s)

2018-12-14 01:55:38 - [MESSAGE][PASSED] - Delayed 2 second(s)

2018-12-14 01:55:38 - [TEST_STEP][PASSED] - delay: Delayed 4 second(s)

2018-12-14 01:55:42 - [MESSAGE][PASSED] - Delayed 4 second(s)

2018-12-14 01:55:42 - [TEST_STEP][PASSED] - click: Object: 'Object Repository/Final Object Repo/New Registration - Registration Module Pages/New Reg - OTC to RO/Special Case - All Related Objects/Expand to Search' is clicked on

2018-12-14 01:55:42 - [MESSAGE][PASSED] - Object: 'Object Repository/Final Object Repo/New Registration - Registration Module Pages/New Reg - OTC to RO/Special Case - All Related Objects/Expand to Search' is clicked on

2018-12-14 01:55:42 - [TEST_STEP][FAILED] - setText: Unable to set text 'CAN12201800002353' of object 'Object Repository/Final Object Repo/New Registration - Registration Module Pages/New Reg - OTC to RO/Special Case - All Related Objects/TextBox RefNo in Workbasket' (Root cause: org.openqa.selenium.ElementNotVisibleException: element not interactable
  (Session info: chrome=70.0.3538.110)
  (Driver info: chromedriver=2.43.600210 (68dcf5eebde37173d4027fa8635e332711d2874a),platform=Windows NT 6.1.7601 SP1 x86_64) (WARNING: The server did not provide any stacktrace information)
Command duration or timeout: 0 milliseconds
Build info: version: '3.7.1', revision: '8a0099a', time: '2017-11-06T21:07:36.161Z'
System info: host: 'WIN7TEST02', ip: '10.20.3.72', os.name: 'Windows 7', os.arch: 'amd64', os.version: '6.1', java.version: '1.8.0_181'
Driver info: com.kms.katalon.selenium.driver.CChromeDriver
Capabilities {acceptInsecureCerts: false, acceptSslCerts: false, applicationCacheEnabled: false, browserConnectionEnabled: false, browserName: chrome, chrome: {chromedriverVersion: 2.43.600210 (68dcf5eebde371..., userDataDir: C:\Users\Admin\AppData\Loca...}, cssSelectorsEnabled: true, databaseEnabled: false, goog:chromeOptions: {debuggerAddress: localhost:64076}, handlesAlerts: true, hasTouchScreen: false, javascriptEnabled: true, locationContextEnabled: true, mobileEmulationEnabled: false, nativeEvents: true, networkConnectionEnabled: false, pageLoadStrategy: normal, platform: XP, platformName: XP, rotatable: false, setWindowRect: true, takesHeapSnapshot: true, takesScreenshot: true, unexpectedAlertBehaviour: , unhandledPromptBehavior: , version: 70.0.3538.110, webStorageEnabled: true}
Session ID: 3badd0b3f927ebb48af82f9a69160c97)

2018-12-14 01:55:42 - [MESSAGE][FAILED] - Unable to set text 'CAN12201800002353' of object 'Object Repository/Final Object Repo/New Registration - Registration Module Pages/New Reg - OTC to RO/Special Case - All Related Objects/TextBox RefNo in Workbasket' (Root cause: org.openqa.selenium.ElementNotVisibleException: element not interactable
  (Session info: chrome=70.0.3538.110)
  (Driver info: chromedriver=2.43.600210 (68dcf5eebde37173d4027fa8635e332711d2874a),platform=Windows NT 6.1.7601 SP1 x86_64) (WARNING: The server did not provide any stacktrace information)
Command duration or timeout: 0 milliseconds
Build info: version: '3.7.1', revision: '8a0099a', time: '2017-11-06T21:07:36.161Z'
System info: host: 'WIN7TEST02', ip: '10.20.3.72', os.name: 'Windows 7', os.arch: 'amd64', os.version: '6.1', java.version: '1.8.0_181'
Driver info: com.kms.katalon.selenium.driver.CChromeDriver
Capabilities {acceptInsecureCerts: false, acceptSslCerts: false, applicationCacheEnabled: false, browserConnectionEnabled: false, browserName: chrome, chrome: {chromedriverVersion: 2.43.600210 (68dcf5eebde371..., userDataDir: C:\Users\Admin\AppData\Loca...}, cssSelectorsEnabled: true, databaseEnabled: false, goog:chromeOptions: {debuggerAddress: localhost:64076}, handlesAlerts: true, hasTouchScreen: false, javascriptEnabled: true, locationContextEnabled: true, mobileEmulationEnabled: false, nativeEvents: true, networkConnectionEnabled: false, pageLoadStrategy: normal, platform: XP, platformName: XP, rotatable: false, setWindowRect: true, takesHeapSnapshot: true, takesScreenshot: true, unexpectedAlertBehaviour: , unhandledPromptBehavior: , version: 70.0.3538.110, webStorageEnabled: true}
Session ID: 3badd0b3f927ebb48af82f9a69160c97)
[[ATTACHMENT|C:\\Users\\Admin\\Desktop\\PKS\\Perkeso Phase A\\Reports\\Workflow\\Update Add New Employee\\20181213_225844\\1544723742572.png]]

2018-12-14 01:55:42 - [TEST_STEP][PASSED] - delay: Delayed 2 second(s)

2018-12-14 01:55:44 - [MESSAGE][PASSED] - Delayed 2 second(s)

2018-12-14 01:55:44 - [TEST_STEP][PASSED] - click: Object: 'Object Repository/Final Object Repo/New Registration - Registration Module Pages/New Reg - OTC to RO/Special Case - All Related Objects/Click Search' is clicked on

2018-12-14 01:55:45 - [MESSAGE][PASSED] - Object: 'Object Repository/Final Object Repo/New Registration - Registration Module Pages/New Reg - OTC to RO/Special Case - All Related Objects/Click Search' is clicked on

2018-12-14 01:55:45 - [TEST_STEP][PASSED] - delay: Delayed 2 second(s)

2018-12-14 01:55:47 - [MESSAGE][PASSED] - Delayed 2 second(s)

2018-12-14 01:55:47 - [TEST_STEP][PASSED] - click: Object: 'Object Repository/Final Object Repo/New Registration - Registration Module Pages/New Reg - OTC to RO/Special Case - All Related Objects/Click to Continue Workflow' is clicked on

2018-12-14 01:55:51 - [MESSAGE][PASSED] - Object: 'Object Repository/Final Object Repo/New Registration - Registration Module Pages/New Reg - OTC to RO/Special Case - All Related Objects/Click to Continue Workflow' is clicked on

2018-12-14 01:55:51 - [TEST_STEP][PASSED] - delay: Delayed 10 second(s)

2018-12-14 01:56:01 - [MESSAGE][PASSED] - Delayed 10 second(s)

2018-12-14 01:56:01 - [TEST_STEP][PASSED] - click: Object: 'Object Repository/Final Object Repo/New Registration - Registration Module Pages/New Reg - OTC to RO/Special Case - All Related Objects/Continue Button in verifying case' is clicked on

2018-12-14 01:56:04 - [MESSAGE][PASSED] - Object: 'Object Repository/Final Object Repo/New Registration - Registration Module Pages/New Reg - OTC to RO/Special Case - All Related Objects/Continue Button in verifying case' is clicked on

2018-12-14 01:56:04 - [TEST_STEP][PASSED] - delay: Delayed 2 second(s)

2018-12-14 01:56:06 - [MESSAGE][PASSED] - Delayed 2 second(s)

2018-12-14 01:56:06 - [TEST_STEP][PASSED] - click: Object: 'Object Repository/Final Object Repo/Page_Update Add New Employee - ASSIST/Save  Continue Button' is clicked on

2018-12-14 01:56:07 - [MESSAGE][PASSED] - Object: 'Object Repository/Final Object Repo/Page_Update Add New Employee - ASSIST/Save  Continue Button' is clicked on

2018-12-14 01:56:07 - [TEST_STEP][PASSED] - delay: Delayed 4 second(s)

2018-12-14 01:56:11 - [MESSAGE][PASSED] - Delayed 4 second(s)

2018-12-14 01:56:11 - [TEST_STEP][PASSED] - click: Object: 'Object Repository/Final Object Repo/Page_Update Add New Employee - ASSIST/Save  Continue Third Screen' is clicked on

2018-12-14 01:56:14 - [MESSAGE][PASSED] - Object: 'Object Repository/Final Object Repo/Page_Update Add New Employee - ASSIST/Save  Continue Third Screen' is clicked on

2018-12-14 01:56:14 - [TEST_STEP][PASSED] - delay: Delayed 4 second(s)

2018-12-14 01:56:18 - [MESSAGE][PASSED] - Delayed 4 second(s)

2018-12-14 01:56:18 - [TEST_STEP][PASSED] - click: Object: 'Object Repository/Final Object Repo/Page_Update Add New Employee - ASSIST/Save   Continue Supporting Doc Page' is clicked on

2018-12-14 01:56:18 - [MESSAGE][PASSED] - Object: 'Object Repository/Final Object Repo/Page_Update Add New Employee - ASSIST/Save   Continue Supporting Doc Page' is clicked on

2018-12-14 01:56:18 - [TEST_STEP][PASSED] - delay: Delayed 4 second(s)

2018-12-14 01:56:22 - [MESSAGE][PASSED] - Delayed 4 second(s)

2018-12-14 01:56:22 - [TEST_STEP][PASSED] - click: Object: 'Object Repository/Final Object Repo/Page_Update Add New Employee - ASSIST/Submit Button' is clicked on

2018-12-14 01:56:22 - [MESSAGE][PASSED] - Object: 'Object Repository/Final Object Repo/Page_Update Add New Employee - ASSIST/Submit Button' is clicked on

2018-12-14 01:56:22 - [TEST_STEP][PASSED] - delay: Delayed 4 second(s)

2018-12-14 01:56:26 - [MESSAGE][PASSED] - Delayed 4 second(s)

2018-12-14 01:56:26 - [TEST_STEP][PASSED] - click: Object: 'Object Repository/Final Object Repo/Page_Update Add New Employee - ASSIST/Confirm Submit Button' is clicked on

2018-12-14 01:56:26 - [MESSAGE][PASSED] - Object: 'Object Repository/Final Object Repo/Page_Update Add New Employee - ASSIST/Confirm Submit Button' is clicked on

2018-12-14 01:56:26 - [TEST_STEP][PASSED] - delay: Delayed 30 second(s)

2018-12-14 01:56:56 - [MESSAGE][PASSED] - Delayed 30 second(s)

2018-12-14 01:56:56 - [TEST_STEP][PASSED] - callTestCase: Call Test Case 'Test Cases/Final Aug 2018 - PKS Automation/Common/Screenshoting tool' successfully

2018-12-14 01:56:56 - [TEST_CASE][PASSED] - Test Cases/Final Aug 2018 - PKS Automation/Common/Screenshoting tool: Test Cases/Final Aug 2018 - PKS Automation/Common/Screenshoting tool

2018-12-14 01:56:56 - [TEST_STEP][PASSED] - delay: Delayed 15 second(s)

2018-12-14 01:57:11 - [MESSAGE][PASSED] - Delayed 15 second(s)

2018-12-14 01:57:11 - [TEST_STEP][PASSED] - Statement - driver = com.kms.katalon.core.webui.driver.DriverFactory.getWebDriver(): null

2018-12-14 01:57:11 - [TEST_STEP][PASSED] - Statement - driver.manage().timeouts().implicitlyWait(10, SECONDS): null

2018-12-14 01:57:11 - [TEST_STEP][PASSED] - Statement - PresavePath = KatalonScreenshots: null

2018-12-14 01:57:11 - [TEST_STEP][PASSED] - Statement - pathPrefix = "C:\Users\Public\Pictures\Sample Pictures\Katalon Screenshots\Automate Ending Screen": null

2018-12-14 01:57:11 - [TEST_STEP][PASSED] - Statement - finalPath = <not implemented yet for class: org.codehaus.groovy.ast.expr.EmptyExpression>: null

2018-12-14 01:57:11 - [TEST_STEP][PASSED] - Statement - scrFile = driver.getScreenshotAs(FILE): null

2018-12-14 01:57:12 - [TEST_STEP][PASSED] - Statement - PreSaveFile = new java.io.File(PresavePath): null

2018-12-14 01:57:12 - [TEST_STEP][PASSED] - Statement - counter = 0: null

2018-12-14 01:57:12 - [TEST_STEP][PASSED] - Statement - If (PreSaveFile.exists()): null

2018-12-14 01:57:12 - [TEST_STEP][PASSED] - Statement - While (PreSaveFile.exists()): null

2018-12-14 01:57:12 - [TEST_STEP][PASSED] - Statement - counter = counter + 1: null

2018-12-14 01:57:12 - [TEST_STEP][PASSED] - Statement - PreSaveFile = new java.io.File(((pathPrefix + java.lang.Integer.toString(counter)) + .png)): null

2018-12-14 01:57:12 - [TEST_STEP][PASSED] - Statement - counter = counter + 1: null

2018-12-14 01:57:12 - [TEST_STEP][PASSED] - Statement - PreSaveFile = new java.io.File(((pathPrefix + java.lang.Integer.toString(counter)) + .png)): null

2018-12-14 01:57:12 - [TEST_STEP][PASSED] - Statement - counter = counter + 1: null

2018-12-14 01:57:12 - [TEST_STEP][PASSED] - Statement - PreSaveFile = new java.io.File(((pathPrefix + java.lang.Integer.toString(counter)) + .png)): null

2018-12-14 01:57:12 - [TEST_STEP][PASSED] - Statement - counter = counter + 1: null

2018-12-14 01:57:12 - [TEST_STEP][PASSED] - Statement - PreSaveFile = new java.io.File(((pathPrefix + java.lang.Integer.toString(counter)) + .png)): null

2018-12-14 01:57:12 - [TEST_STEP][PASSED] - Statement - counter = counter + 1: null

2018-12-14 01:57:12 - [TEST_STEP][PASSED] - Statement - PreSaveFile = new java.io.File(((pathPrefix + java.lang.Integer.toString(counter)) + .png)): null

2018-12-14 01:57:12 - [TEST_STEP][PASSED] - Statement - counter = counter + 1: null

2018-12-14 01:57:12 - [TEST_STEP][PASSED] - Statement - PreSaveFile = new java.io.File(((pathPrefix + java.lang.Integer.toString(counter)) + .png)): null

2018-12-14 01:57:12 - [TEST_STEP][PASSED] - Statement - counter = counter + 1: null

2018-12-14 01:57:12 - [TEST_STEP][PASSED] - Statement - PreSaveFile = new java.io.File(((pathPrefix + java.lang.Integer.toString(counter)) + .png)): null

2018-12-14 01:57:12 - [TEST_STEP][PASSED] - Statement - counter = counter + 1: null

2018-12-14 01:57:12 - [TEST_STEP][PASSED] - Statement - PreSaveFile = new java.io.File(((pathPrefix + java.lang.Integer.toString(counter)) + .png)): null

2018-12-14 01:57:12 - [TEST_STEP][PASSED] - Statement - counter = counter + 1: null

2018-12-14 01:57:12 - [TEST_STEP][PASSED] - Statement - PreSaveFile = new java.io.File(((pathPrefix + java.lang.Integer.toString(counter)) + .png)): null

2018-12-14 01:57:12 - [TEST_STEP][PASSED] - Statement - counter = counter + 1: null

2018-12-14 01:57:12 - [TEST_STEP][PASSED] - Statement - PreSaveFile = new java.io.File(((pathPrefix + java.lang.Integer.toString(counter)) + .png)): null

2018-12-14 01:57:12 - [TEST_STEP][PASSED] - Statement - counter = counter + 1: null

2018-12-14 01:57:12 - [TEST_STEP][PASSED] - Statement - PreSaveFile = new java.io.File(((pathPrefix + java.lang.Integer.toString(counter)) + .png)): null

2018-12-14 01:57:12 - [TEST_STEP][PASSED] - Statement - counter = counter + 1: null

2018-12-14 01:57:12 - [TEST_STEP][PASSED] - Statement - PreSaveFile = new java.io.File(((pathPrefix + java.lang.Integer.toString(counter)) + .png)): null

2018-12-14 01:57:12 - [TEST_STEP][PASSED] - Statement - counter = counter + 1: null

2018-12-14 01:57:12 - [TEST_STEP][PASSED] - Statement - PreSaveFile = new java.io.File(((pathPrefix + java.lang.Integer.toString(counter)) + .png)): null

2018-12-14 01:57:12 - [TEST_STEP][PASSED] - Statement - counter = counter + 1: null

2018-12-14 01:57:12 - [TEST_STEP][PASSED] - Statement - PreSaveFile = new java.io.File(((pathPrefix + java.lang.Integer.toString(counter)) + .png)): null

2018-12-14 01:57:12 - [TEST_STEP][PASSED] - Statement - counter = counter + 1: null

2018-12-14 01:57:12 - [TEST_STEP][PASSED] - Statement - PreSaveFile = new java.io.File(((pathPrefix + java.lang.Integer.toString(counter)) + .png)): null

2018-12-14 01:57:12 - [TEST_STEP][PASSED] - Statement - counter = counter + 1: null

2018-12-14 01:57:12 - [TEST_STEP][PASSED] - Statement - PreSaveFile = new java.io.File(((pathPrefix + java.lang.Integer.toString(counter)) + .png)): null

2018-12-14 01:57:12 - [TEST_STEP][PASSED] - Statement - counter = counter + 1: null

2018-12-14 01:57:12 - [TEST_STEP][PASSED] - Statement - PreSaveFile = new java.io.File(((pathPrefix + java.lang.Integer.toString(counter)) + .png)): null

2018-12-14 01:57:12 - [TEST_STEP][PASSED] - Statement - counter = counter + 1: null

2018-12-14 01:57:12 - [TEST_STEP][PASSED] - Statement - PreSaveFile = new java.io.File(((pathPrefix + java.lang.Integer.toString(counter)) + .png)): null

2018-12-14 01:57:12 - [TEST_STEP][PASSED] - Statement - counter = counter + 1: null

2018-12-14 01:57:12 - [TEST_STEP][PASSED] - Statement - PreSaveFile = new java.io.File(((pathPrefix + java.lang.Integer.toString(counter)) + .png)): null

2018-12-14 01:57:12 - [TEST_STEP][PASSED] - Statement - counter = counter + 1: null

2018-12-14 01:57:12 - [TEST_STEP][PASSED] - Statement - PreSaveFile = new java.io.File(((pathPrefix + java.lang.Integer.toString(counter)) + .png)): null

2018-12-14 01:57:12 - [TEST_STEP][PASSED] - Statement - counter = counter + 1: null

2018-12-14 01:57:12 - [TEST_STEP][PASSED] - Statement - PreSaveFile = new java.io.File(((pathPrefix + java.lang.Integer.toString(counter)) + .png)): null

2018-12-14 01:57:12 - [TEST_STEP][PASSED] - Statement - counter = counter + 1: null

2018-12-14 01:57:12 - [TEST_STEP][PASSED] - Statement - PreSaveFile = new java.io.File(((pathPrefix + java.lang.Integer.toString(counter)) + .png)): null

2018-12-14 01:57:12 - [TEST_STEP][PASSED] - Statement - counter = counter + 1: null

2018-12-14 01:57:12 - [TEST_STEP][PASSED] - Statement - PreSaveFile = new java.io.File(((pathPrefix + java.lang.Integer.toString(counter)) + .png)): null

2018-12-14 01:57:12 - [TEST_STEP][PASSED] - Statement - counter = counter + 1: null

2018-12-14 01:57:12 - [TEST_STEP][PASSED] - Statement - PreSaveFile = new java.io.File(((pathPrefix + java.lang.Integer.toString(counter)) + .png)): null

2018-12-14 01:57:12 - [TEST_STEP][PASSED] - Statement - counter = counter + 1: null

2018-12-14 01:57:12 - [TEST_STEP][PASSED] - Statement - PreSaveFile = new java.io.File(((pathPrefix + java.lang.Integer.toString(counter)) + .png)): null

2018-12-14 01:57:12 - [TEST_STEP][PASSED] - Statement - counter = counter + 1: null

2018-12-14 01:57:12 - [TEST_STEP][PASSED] - Statement - PreSaveFile = new java.io.File(((pathPrefix + java.lang.Integer.toString(counter)) + .png)): null

2018-12-14 01:57:12 - [TEST_STEP][PASSED] - Statement - counter = counter + 1: null

2018-12-14 01:57:12 - [TEST_STEP][PASSED] - Statement - PreSaveFile = new java.io.File(((pathPrefix + java.lang.Integer.toString(counter)) + .png)): null

2018-12-14 01:57:12 - [TEST_STEP][PASSED] - Statement - counter = counter + 1: null

2018-12-14 01:57:12 - [TEST_STEP][PASSED] - Statement - PreSaveFile = new java.io.File(((pathPrefix + java.lang.Integer.toString(counter)) + .png)): null

2018-12-14 01:57:12 - [TEST_STEP][PASSED] - Statement - counter = counter + 1: null

2018-12-14 01:57:12 - [TEST_STEP][PASSED] - Statement - PreSaveFile = new java.io.File(((pathPrefix + java.lang.Integer.toString(counter)) + .png)): null

2018-12-14 01:57:12 - [TEST_STEP][PASSED] - Statement - counter = counter + 1: null

2018-12-14 01:57:12 - [TEST_STEP][PASSED] - Statement - PreSaveFile = new java.io.File(((pathPrefix + java.lang.Integer.toString(counter)) + .png)): null

2018-12-14 01:57:12 - [TEST_STEP][PASSED] - Statement - counter = counter + 1: null

2018-12-14 01:57:12 - [TEST_STEP][PASSED] - Statement - PreSaveFile = new java.io.File(((pathPrefix + java.lang.Integer.toString(counter)) + .png)): null

2018-12-14 01:57:12 - [TEST_STEP][PASSED] - Statement - counter = counter + 1: null

2018-12-14 01:57:12 - [TEST_STEP][PASSED] - Statement - PreSaveFile = new java.io.File(((pathPrefix + java.lang.Integer.toString(counter)) + .png)): null

2018-12-14 01:57:12 - [TEST_STEP][PASSED] - Statement - counter = counter + 1: null

2018-12-14 01:57:12 - [TEST_STEP][PASSED] - Statement - PreSaveFile = new java.io.File(((pathPrefix + java.lang.Integer.toString(counter)) + .png)): null

2018-12-14 01:57:12 - [TEST_STEP][PASSED] - Statement - counter = counter + 1: null

2018-12-14 01:57:12 - [TEST_STEP][PASSED] - Statement - PreSaveFile = new java.io.File(((pathPrefix + java.lang.Integer.toString(counter)) + .png)): null

2018-12-14 01:57:12 - [TEST_STEP][PASSED] - Statement - counter = counter + 1: null

2018-12-14 01:57:12 - [TEST_STEP][PASSED] - Statement - PreSaveFile = new java.io.File(((pathPrefix + java.lang.Integer.toString(counter)) + .png)): null

2018-12-14 01:57:12 - [TEST_STEP][PASSED] - Statement - counter = counter + 1: null

2018-12-14 01:57:12 - [TEST_STEP][PASSED] - Statement - PreSaveFile = new java.io.File(((pathPrefix + java.lang.Integer.toString(counter)) + .png)): null

2018-12-14 01:57:12 - [TEST_STEP][PASSED] - Statement - counter = counter + 1: null

2018-12-14 01:57:12 - [TEST_STEP][PASSED] - Statement - PreSaveFile = new java.io.File(((pathPrefix + java.lang.Integer.toString(counter)) + .png)): null

2018-12-14 01:57:12 - [TEST_STEP][PASSED] - Statement - counter = counter + 1: null

2018-12-14 01:57:12 - [TEST_STEP][PASSED] - Statement - PreSaveFile = new java.io.File(((pathPrefix + java.lang.Integer.toString(counter)) + .png)): null

2018-12-14 01:57:12 - [TEST_STEP][PASSED] - Statement - counter = counter + 1: null

2018-12-14 01:57:12 - [TEST_STEP][PASSED] - Statement - PreSaveFile = new java.io.File(((pathPrefix + java.lang.Integer.toString(counter)) + .png)): null

2018-12-14 01:57:12 - [TEST_STEP][PASSED] - Statement - counter = counter + 1: null

2018-12-14 01:57:12 - [TEST_STEP][PASSED] - Statement - PreSaveFile = new java.io.File(((pathPrefix + java.lang.Integer.toString(counter)) + .png)): null

2018-12-14 01:57:12 - [TEST_STEP][PASSED] - Statement - counter = counter + 1: null

2018-12-14 01:57:12 - [TEST_STEP][PASSED] - Statement - PreSaveFile = new java.io.File(((pathPrefix + java.lang.Integer.toString(counter)) + .png)): null

2018-12-14 01:57:12 - [TEST_STEP][PASSED] - Statement - counter = counter + 1: null

2018-12-14 01:57:12 - [TEST_STEP][PASSED] - Statement - PreSaveFile = new java.io.File(((pathPrefix + java.lang.Integer.toString(counter)) + .png)): null

2018-12-14 01:57:12 - [TEST_STEP][PASSED] - Statement - counter = counter + 1: null

2018-12-14 01:57:12 - [TEST_STEP][PASSED] - Statement - PreSaveFile = new java.io.File(((pathPrefix + java.lang.Integer.toString(counter)) + .png)): null

2018-12-14 01:57:12 - [TEST_STEP][PASSED] - Statement - counter = counter + 1: null

2018-12-14 01:57:12 - [TEST_STEP][PASSED] - Statement - PreSaveFile = new java.io.File(((pathPrefix + java.lang.Integer.toString(counter)) + .png)): null

2018-12-14 01:57:12 - [TEST_STEP][PASSED] - Statement - counter = counter + 1: null

2018-12-14 01:57:12 - [TEST_STEP][PASSED] - Statement - PreSaveFile = new java.io.File(((pathPrefix + java.lang.Integer.toString(counter)) + .png)): null

2018-12-14 01:57:12 - [TEST_STEP][PASSED] - Statement - counter = counter + 1: null

2018-12-14 01:57:12 - [TEST_STEP][PASSED] - Statement - PreSaveFile = new java.io.File(((pathPrefix + java.lang.Integer.toString(counter)) + .png)): null

2018-12-14 01:57:12 - [TEST_STEP][PASSED] - Statement - counter = counter + 1: null

2018-12-14 01:57:12 - [TEST_STEP][PASSED] - Statement - PreSaveFile = new java.io.File(((pathPrefix + java.lang.Integer.toString(counter)) + .png)): null

2018-12-14 01:57:12 - [TEST_STEP][PASSED] - Statement - counter = counter + 1: null

2018-12-14 01:57:12 - [TEST_STEP][PASSED] - Statement - PreSaveFile = new java.io.File(((pathPrefix + java.lang.Integer.toString(counter)) + .png)): null

2018-12-14 01:57:12 - [TEST_STEP][PASSED] - Statement - counter = counter + 1: null

2018-12-14 01:57:12 - [TEST_STEP][PASSED] - Statement - PreSaveFile = new java.io.File(((pathPrefix + java.lang.Integer.toString(counter)) + .png)): null

2018-12-14 01:57:12 - [TEST_STEP][PASSED] - Statement - counter = counter + 1: null

2018-12-14 01:57:12 - [TEST_STEP][PASSED] - Statement - PreSaveFile = new java.io.File(((pathPrefix + java.lang.Integer.toString(counter)) + .png)): null

2018-12-14 01:57:12 - [TEST_STEP][PASSED] - Statement - counter = counter + 1: null

2018-12-14 01:57:12 - [TEST_STEP][PASSED] - Statement - PreSaveFile = new java.io.File(((pathPrefix + java.lang.Integer.toString(counter)) + .png)): null

2018-12-14 01:57:12 - [TEST_STEP][PASSED] - Statement - counter = counter + 1: null

2018-12-14 01:57:12 - [TEST_STEP][PASSED] - Statement - PreSaveFile = new java.io.File(((pathPrefix + java.lang.Integer.toString(counter)) + .png)): null

2018-12-14 01:57:12 - [TEST_STEP][PASSED] - Statement - counter = counter + 1: null

2018-12-14 01:57:12 - [TEST_STEP][PASSED] - Statement - PreSaveFile = new java.io.File(((pathPrefix + java.lang.Integer.toString(counter)) + .png)): null

2018-12-14 01:57:12 - [TEST_STEP][PASSED] - Statement - counter = counter + 1: null

2018-12-14 01:57:12 - [TEST_STEP][PASSED] - Statement - PreSaveFile = new java.io.File(((pathPrefix + java.lang.Integer.toString(counter)) + .png)): null

2018-12-14 01:57:12 - [TEST_STEP][PASSED] - Statement - counter = counter + 1: null

2018-12-14 01:57:12 - [TEST_STEP][PASSED] - Statement - PreSaveFile = new java.io.File(((pathPrefix + java.lang.Integer.toString(counter)) + .png)): null

2018-12-14 01:57:12 - [TEST_STEP][PASSED] - Statement - counter = counter + 1: null

2018-12-14 01:57:12 - [TEST_STEP][PASSED] - Statement - PreSaveFile = new java.io.File(((pathPrefix + java.lang.Integer.toString(counter)) + .png)): null

2018-12-14 01:57:12 - [TEST_STEP][PASSED] - Statement - counter = counter + 1: null

2018-12-14 01:57:12 - [TEST_STEP][PASSED] - Statement - PreSaveFile = new java.io.File(((pathPrefix + java.lang.Integer.toString(counter)) + .png)): null

2018-12-14 01:57:12 - [TEST_STEP][PASSED] - Statement - counter = counter + 1: null

2018-12-14 01:57:12 - [TEST_STEP][PASSED] - Statement - PreSaveFile = new java.io.File(((pathPrefix + java.lang.Integer.toString(counter)) + .png)): null

2018-12-14 01:57:12 - [TEST_STEP][PASSED] - Statement - counter = counter + 1: null

2018-12-14 01:57:12 - [TEST_STEP][PASSED] - Statement - PreSaveFile = new java.io.File(((pathPrefix + java.lang.Integer.toString(counter)) + .png)): null

2018-12-14 01:57:12 - [TEST_STEP][PASSED] - Statement - counter = counter + 1: null

2018-12-14 01:57:12 - [TEST_STEP][PASSED] - Statement - PreSaveFile = new java.io.File(((pathPrefix + java.lang.Integer.toString(counter)) + .png)): null

2018-12-14 01:57:12 - [TEST_STEP][PASSED] - Statement - counter = counter + 1: null

2018-12-14 01:57:12 - [TEST_STEP][PASSED] - Statement - PreSaveFile = new java.io.File(((pathPrefix + java.lang.Integer.toString(counter)) + .png)): null

2018-12-14 01:57:12 - [TEST_STEP][PASSED] - Statement - counter = counter + 1: null

2018-12-14 01:57:12 - [TEST_STEP][PASSED] - Statement - PreSaveFile = new java.io.File(((pathPrefix + java.lang.Integer.toString(counter)) + .png)): null

2018-12-14 01:57:12 - [TEST_STEP][PASSED] - Statement - counter = counter + 1: null

2018-12-14 01:57:12 - [TEST_STEP][PASSED] - Statement - PreSaveFile = new java.io.File(((pathPrefix + java.lang.Integer.toString(counter)) + .png)): null

2018-12-14 01:57:12 - [TEST_STEP][PASSED] - Statement - counter = counter + 1: null

2018-12-14 01:57:12 - [TEST_STEP][PASSED] - Statement - PreSaveFile = new java.io.File(((pathPrefix + java.lang.Integer.toString(counter)) + .png)): null

2018-12-14 01:57:12 - [TEST_STEP][PASSED] - Statement - counter = counter + 1: null

2018-12-14 01:57:12 - [TEST_STEP][PASSED] - Statement - PreSaveFile = new java.io.File(((pathPrefix + java.lang.Integer.toString(counter)) + .png)): null

2018-12-14 01:57:12 - [TEST_STEP][PASSED] - Statement - counter = counter + 1: null

2018-12-14 01:57:12 - [TEST_STEP][PASSED] - Statement - PreSaveFile = new java.io.File(((pathPrefix + java.lang.Integer.toString(counter)) + .png)): null

2018-12-14 01:57:12 - [TEST_STEP][PASSED] - Statement - counter = counter + 1: null

2018-12-14 01:57:12 - [TEST_STEP][PASSED] - Statement - PreSaveFile = new java.io.File(((pathPrefix + java.lang.Integer.toString(counter)) + .png)): null

2018-12-14 01:57:12 - [TEST_STEP][PASSED] - Statement - counter = counter + 1: null

2018-12-14 01:57:12 - [TEST_STEP][PASSED] - Statement - PreSaveFile = new java.io.File(((pathPrefix + java.lang.Integer.toString(counter)) + .png)): null

2018-12-14 01:57:12 - [TEST_STEP][PASSED] - Statement - counter = counter + 1: null

2018-12-14 01:57:12 - [TEST_STEP][PASSED] - Statement - PreSaveFile = new java.io.File(((pathPrefix + java.lang.Integer.toString(counter)) + .png)): null

2018-12-14 01:57:12 - [TEST_STEP][PASSED] - Statement - counter = counter + 1: null

2018-12-14 01:57:12 - [TEST_STEP][PASSED] - Statement - PreSaveFile = new java.io.File(((pathPrefix + java.lang.Integer.toString(counter)) + .png)): null

2018-12-14 01:57:12 - [TEST_STEP][PASSED] - Statement - counter = counter + 1: null

2018-12-14 01:57:12 - [TEST_STEP][PASSED] - Statement - PreSaveFile = new java.io.File(((pathPrefix + java.lang.Integer.toString(counter)) + .png)): null

2018-12-14 01:57:12 - [TEST_STEP][PASSED] - Statement - counter = counter + 1: null

2018-12-14 01:57:12 - [TEST_STEP][PASSED] - Statement - PreSaveFile = new java.io.File(((pathPrefix + java.lang.Integer.toString(counter)) + .png)): null

2018-12-14 01:57:12 - [TEST_STEP][PASSED] - Statement - counter = counter + 1: null

2018-12-14 01:57:12 - [TEST_STEP][PASSED] - Statement - PreSaveFile = new java.io.File(((pathPrefix + java.lang.Integer.toString(counter)) + .png)): null

2018-12-14 01:57:12 - [TEST_STEP][PASSED] - Statement - counter = counter + 1: null

2018-12-14 01:57:12 - [TEST_STEP][PASSED] - Statement - PreSaveFile = new java.io.File(((pathPrefix + java.lang.Integer.toString(counter)) + .png)): null

2018-12-14 01:57:12 - [TEST_STEP][PASSED] - Statement - counter = counter + 1: null

2018-12-14 01:57:12 - [TEST_STEP][PASSED] - Statement - PreSaveFile = new java.io.File(((pathPrefix + java.lang.Integer.toString(counter)) + .png)): null

2018-12-14 01:57:12 - [TEST_STEP][PASSED] - Statement - counter = counter + 1: null

2018-12-14 01:57:12 - [TEST_STEP][PASSED] - Statement - PreSaveFile = new java.io.File(((pathPrefix + java.lang.Integer.toString(counter)) + .png)): null

2018-12-14 01:57:12 - [TEST_STEP][PASSED] - Statement - counter = counter + 1: null

2018-12-14 01:57:12 - [TEST_STEP][PASSED] - Statement - PreSaveFile = new java.io.File(((pathPrefix + java.lang.Integer.toString(counter)) + .png)): null

2018-12-14 01:57:12 - [TEST_STEP][PASSED] - Statement - counter = counter + 1: null

2018-12-14 01:57:12 - [TEST_STEP][PASSED] - Statement - PreSaveFile = new java.io.File(((pathPrefix + java.lang.Integer.toString(counter)) + .png)): null

2018-12-14 01:57:12 - [TEST_STEP][PASSED] - Statement - counter = counter + 1: null

2018-12-14 01:57:12 - [TEST_STEP][PASSED] - Statement - PreSaveFile = new java.io.File(((pathPrefix + java.lang.Integer.toString(counter)) + .png)): null

2018-12-14 01:57:12 - [TEST_STEP][PASSED] - Statement - counter = counter + 1: null

2018-12-14 01:57:12 - [TEST_STEP][PASSED] - Statement - PreSaveFile = new java.io.File(((pathPrefix + java.lang.Integer.toString(counter)) + .png)): null

2018-12-14 01:57:12 - [TEST_STEP][PASSED] - Statement - counter = counter + 1: null

2018-12-14 01:57:12 - [TEST_STEP][PASSED] - Statement - PreSaveFile = new java.io.File(((pathPrefix + java.lang.Integer.toString(counter)) + .png)): null

2018-12-14 01:57:12 - [TEST_STEP][PASSED] - Statement - counter = counter + 1: null

2018-12-14 01:57:12 - [TEST_STEP][PASSED] - Statement - PreSaveFile = new java.io.File(((pathPrefix + java.lang.Integer.toString(counter)) + .png)): null

2018-12-14 01:57:12 - [TEST_STEP][PASSED] - Statement - counter = counter + 1: null

2018-12-14 01:57:12 - [TEST_STEP][PASSED] - Statement - PreSaveFile = new java.io.File(((pathPrefix + java.lang.Integer.toString(counter)) + .png)): null

2018-12-14 01:57:12 - [TEST_STEP][PASSED] - Statement - counter = counter + 1: null

2018-12-14 01:57:12 - [TEST_STEP][PASSED] - Statement - PreSaveFile = new java.io.File(((pathPrefix + java.lang.Integer.toString(counter)) + .png)): null

2018-12-14 01:57:12 - [TEST_STEP][PASSED] - Statement - counter = counter + 1: null

2018-12-14 01:57:12 - [TEST_STEP][PASSED] - Statement - PreSaveFile = new java.io.File(((pathPrefix + java.lang.Integer.toString(counter)) + .png)): null

2018-12-14 01:57:12 - [TEST_STEP][PASSED] - Statement - counter = counter + 1: null

2018-12-14 01:57:12 - [TEST_STEP][PASSED] - Statement - PreSaveFile = new java.io.File(((pathPrefix + java.lang.Integer.toString(counter)) + .png)): null

2018-12-14 01:57:12 - [TEST_STEP][PASSED] - Statement - counter = counter + 1: null

2018-12-14 01:57:12 - [TEST_STEP][PASSED] - Statement - PreSaveFile = new java.io.File(((pathPrefix + java.lang.Integer.toString(counter)) + .png)): null

2018-12-14 01:57:12 - [TEST_STEP][PASSED] - Statement - counter = counter + 1: null

2018-12-14 01:57:12 - [TEST_STEP][PASSED] - Statement - PreSaveFile = new java.io.File(((pathPrefix + java.lang.Integer.toString(counter)) + .png)): null

2018-12-14 01:57:12 - [TEST_STEP][PASSED] - Statement - counter = counter + 1: null

2018-12-14 01:57:12 - [TEST_STEP][PASSED] - Statement - PreSaveFile = new java.io.File(((pathPrefix + java.lang.Integer.toString(counter)) + .png)): null

2018-12-14 01:57:12 - [TEST_STEP][PASSED] - Statement - counter = counter + 1: null

2018-12-14 01:57:12 - [TEST_STEP][PASSED] - Statement - PreSaveFile = new java.io.File(((pathPrefix + java.lang.Integer.toString(counter)) + .png)): null

2018-12-14 01:57:12 - [TEST_STEP][PASSED] - Statement - counter = counter + 1: null

2018-12-14 01:57:12 - [TEST_STEP][PASSED] - Statement - PreSaveFile = new java.io.File(((pathPrefix + java.lang.Integer.toString(counter)) + .png)): null

2018-12-14 01:57:12 - [TEST_STEP][PASSED] - Statement - counter = counter + 1: null

2018-12-14 01:57:12 - [TEST_STEP][PASSED] - Statement - PreSaveFile = new java.io.File(((pathPrefix + java.lang.Integer.toString(counter)) + .png)): null

2018-12-14 01:57:12 - [TEST_STEP][PASSED] - Statement - counter = counter + 1: null

2018-12-14 01:57:12 - [TEST_STEP][PASSED] - Statement - PreSaveFile = new java.io.File(((pathPrefix + java.lang.Integer.toString(counter)) + .png)): null

2018-12-14 01:57:12 - [TEST_STEP][PASSED] - Statement - counter = counter + 1: null

2018-12-14 01:57:12 - [TEST_STEP][PASSED] - Statement - PreSaveFile = new java.io.File(((pathPrefix + java.lang.Integer.toString(counter)) + .png)): null

2018-12-14 01:57:12 - [TEST_STEP][PASSED] - Statement - counter = counter + 1: null

2018-12-14 01:57:12 - [TEST_STEP][PASSED] - Statement - PreSaveFile = new java.io.File(((pathPrefix + java.lang.Integer.toString(counter)) + .png)): null

2018-12-14 01:57:12 - [TEST_STEP][PASSED] - Statement - counter = counter + 1: null

2018-12-14 01:57:12 - [TEST_STEP][PASSED] - Statement - PreSaveFile = new java.io.File(((pathPrefix + java.lang.Integer.toString(counter)) + .png)): null

2018-12-14 01:57:12 - [TEST_STEP][PASSED] - Statement - counter = counter + 1: null

2018-12-14 01:57:12 - [TEST_STEP][PASSED] - Statement - PreSaveFile = new java.io.File(((pathPrefix + java.lang.Integer.toString(counter)) + .png)): null

2018-12-14 01:57:12 - [TEST_STEP][PASSED] - Statement - counter = counter + 1: null

2018-12-14 01:57:12 - [TEST_STEP][PASSED] - Statement - PreSaveFile = new java.io.File(((pathPrefix + java.lang.Integer.toString(counter)) + .png)): null

2018-12-14 01:57:12 - [TEST_STEP][PASSED] - Statement - counter = counter + 1: null

2018-12-14 01:57:12 - [TEST_STEP][PASSED] - Statement - PreSaveFile = new java.io.File(((pathPrefix + java.lang.Integer.toString(counter)) + .png)): null

2018-12-14 01:57:12 - [TEST_STEP][PASSED] - Statement - counter = counter + 1: null

2018-12-14 01:57:12 - [TEST_STEP][PASSED] - Statement - PreSaveFile = new java.io.File(((pathPrefix + java.lang.Integer.toString(counter)) + .png)): null

2018-12-14 01:57:12 - [TEST_STEP][PASSED] - Statement - counter = counter + 1: null

2018-12-14 01:57:12 - [TEST_STEP][PASSED] - Statement - PreSaveFile = new java.io.File(((pathPrefix + java.lang.Integer.toString(counter)) + .png)): null

2018-12-14 01:57:12 - [TEST_STEP][PASSED] - Statement - counter = counter + 1: null

2018-12-14 01:57:12 - [TEST_STEP][PASSED] - Statement - PreSaveFile = new java.io.File(((pathPrefix + java.lang.Integer.toString(counter)) + .png)): null

2018-12-14 01:57:12 - [TEST_STEP][PASSED] - Statement - counter = counter + 1: null

2018-12-14 01:57:12 - [TEST_STEP][PASSED] - Statement - PreSaveFile = new java.io.File(((pathPrefix + java.lang.Integer.toString(counter)) + .png)): null

2018-12-14 01:57:12 - [TEST_STEP][PASSED] - Statement - counter = counter + 1: null

2018-12-14 01:57:12 - [TEST_STEP][PASSED] - Statement - PreSaveFile = new java.io.File(((pathPrefix + java.lang.Integer.toString(counter)) + .png)): null

2018-12-14 01:57:12 - [TEST_STEP][PASSED] - Statement - counter = counter + 1: null

2018-12-14 01:57:12 - [TEST_STEP][PASSED] - Statement - PreSaveFile = new java.io.File(((pathPrefix + java.lang.Integer.toString(counter)) + .png)): null

2018-12-14 01:57:12 - [TEST_STEP][PASSED] - Statement - counter = counter + 1: null

2018-12-14 01:57:12 - [TEST_STEP][PASSED] - Statement - PreSaveFile = new java.io.File(((pathPrefix + java.lang.Integer.toString(counter)) + .png)): null

2018-12-14 01:57:12 - [TEST_STEP][PASSED] - Statement - counter = counter + 1: null

2018-12-14 01:57:12 - [TEST_STEP][PASSED] - Statement - PreSaveFile = new java.io.File(((pathPrefix + java.lang.Integer.toString(counter)) + .png)): null

2018-12-14 01:57:12 - [TEST_STEP][PASSED] - Statement - counter = counter + 1: null

2018-12-14 01:57:12 - [TEST_STEP][PASSED] - Statement - PreSaveFile = new java.io.File(((pathPrefix + java.lang.Integer.toString(counter)) + .png)): null

2018-12-14 01:57:12 - [TEST_STEP][PASSED] - Statement - counter = counter + 1: null

2018-12-14 01:57:12 - [TEST_STEP][PASSED] - Statement - PreSaveFile = new java.io.File(((pathPrefix + java.lang.Integer.toString(counter)) + .png)): null

2018-12-14 01:57:12 - [TEST_STEP][PASSED] - Statement - counter = counter + 1: null

2018-12-14 01:57:12 - [TEST_STEP][PASSED] - Statement - PreSaveFile = new java.io.File(((pathPrefix + java.lang.Integer.toString(counter)) + .png)): null

2018-12-14 01:57:12 - [TEST_STEP][PASSED] - Statement - counter = counter + 1: null

2018-12-14 01:57:12 - [TEST_STEP][PASSED] - Statement - PreSaveFile = new java.io.File(((pathPrefix + java.lang.Integer.toString(counter)) + .png)): null

2018-12-14 01:57:12 - [TEST_STEP][PASSED] - Statement - counter = counter + 1: null

2018-12-14 01:57:12 - [TEST_STEP][PASSED] - Statement - PreSaveFile = new java.io.File(((pathPrefix + java.lang.Integer.toString(counter)) + .png)): null

2018-12-14 01:57:12 - [TEST_STEP][PASSED] - Statement - counter = counter + 1: null

2018-12-14 01:57:12 - [TEST_STEP][PASSED] - Statement - PreSaveFile = new java.io.File(((pathPrefix + java.lang.Integer.toString(counter)) + .png)): null

2018-12-14 01:57:12 - [TEST_STEP][PASSED] - Statement - counter = counter + 1: null

2018-12-14 01:57:12 - [TEST_STEP][PASSED] - Statement - PreSaveFile = new java.io.File(((pathPrefix + java.lang.Integer.toString(counter)) + .png)): null

2018-12-14 01:57:12 - [TEST_STEP][PASSED] - Statement - counter = counter + 1: null

2018-12-14 01:57:12 - [TEST_STEP][PASSED] - Statement - PreSaveFile = new java.io.File(((pathPrefix + java.lang.Integer.toString(counter)) + .png)): null

2018-12-14 01:57:12 - [TEST_STEP][PASSED] - Statement - counter = counter + 1: null

2018-12-14 01:57:12 - [TEST_STEP][PASSED] - Statement - PreSaveFile = new java.io.File(((pathPrefix + java.lang.Integer.toString(counter)) + .png)): null

2018-12-14 01:57:12 - [TEST_STEP][PASSED] - Statement - counter = counter + 1: null

2018-12-14 01:57:12 - [TEST_STEP][PASSED] - Statement - PreSaveFile = new java.io.File(((pathPrefix + java.lang.Integer.toString(counter)) + .png)): null

2018-12-14 01:57:12 - [TEST_STEP][PASSED] - Statement - counter = counter + 1: null

2018-12-14 01:57:12 - [TEST_STEP][PASSED] - Statement - PreSaveFile = new java.io.File(((pathPrefix + java.lang.Integer.toString(counter)) + .png)): null

2018-12-14 01:57:12 - [TEST_STEP][PASSED] - Statement - counter = counter + 1: null

2018-12-14 01:57:12 - [TEST_STEP][PASSED] - Statement - PreSaveFile = new java.io.File(((pathPrefix + java.lang.Integer.toString(counter)) + .png)): null

2018-12-14 01:57:12 - [TEST_STEP][PASSED] - Statement - counter = counter + 1: null

2018-12-14 01:57:12 - [TEST_STEP][PASSED] - Statement - PreSaveFile = new java.io.File(((pathPrefix + java.lang.Integer.toString(counter)) + .png)): null

2018-12-14 01:57:12 - [TEST_STEP][PASSED] - Statement - counter = counter + 1: null

2018-12-14 01:57:12 - [TEST_STEP][PASSED] - Statement - PreSaveFile = new java.io.File(((pathPrefix + java.lang.Integer.toString(counter)) + .png)): null

2018-12-14 01:57:12 - [TEST_STEP][PASSED] - Statement - counter = counter + 1: null

2018-12-14 01:57:12 - [TEST_STEP][PASSED] - Statement - PreSaveFile = new java.io.File(((pathPrefix + java.lang.Integer.toString(counter)) + .png)): null

2018-12-14 01:57:12 - [TEST_STEP][PASSED] - Statement - counter = counter + 1: null

2018-12-14 01:57:12 - [TEST_STEP][PASSED] - Statement - PreSaveFile = new java.io.File(((pathPrefix + java.lang.Integer.toString(counter)) + .png)): null

2018-12-14 01:57:12 - [TEST_STEP][PASSED] - Statement - counter = counter + 1: null

2018-12-14 01:57:12 - [TEST_STEP][PASSED] - Statement - PreSaveFile = new java.io.File(((pathPrefix + java.lang.Integer.toString(counter)) + .png)): null

2018-12-14 01:57:12 - [TEST_STEP][PASSED] - Statement - counter = counter + 1: null

2018-12-14 01:57:12 - [TEST_STEP][PASSED] - Statement - PreSaveFile = new java.io.File(((pathPrefix + java.lang.Integer.toString(counter)) + .png)): null

2018-12-14 01:57:12 - [TEST_STEP][PASSED] - Statement - counter = counter + 1: null

2018-12-14 01:57:12 - [TEST_STEP][PASSED] - Statement - PreSaveFile = new java.io.File(((pathPrefix + java.lang.Integer.toString(counter)) + .png)): null

2018-12-14 01:57:12 - [TEST_STEP][PASSED] - Statement - counter = counter + 1: null

2018-12-14 01:57:12 - [TEST_STEP][PASSED] - Statement - PreSaveFile = new java.io.File(((pathPrefix + java.lang.Integer.toString(counter)) + .png)): null

2018-12-14 01:57:12 - [TEST_STEP][PASSED] - Statement - counter = counter + 1: null

2018-12-14 01:57:12 - [TEST_STEP][PASSED] - Statement - PreSaveFile = new java.io.File(((pathPrefix + java.lang.Integer.toString(counter)) + .png)): null

2018-12-14 01:57:12 - [TEST_STEP][PASSED] - Statement - counter = counter + 1: null

2018-12-14 01:57:12 - [TEST_STEP][PASSED] - Statement - PreSaveFile = new java.io.File(((pathPrefix + java.lang.Integer.toString(counter)) + .png)): null

2018-12-14 01:57:12 - [TEST_STEP][PASSED] - Statement - counter = counter + 1: null

2018-12-14 01:57:12 - [TEST_STEP][PASSED] - Statement - PreSaveFile = new java.io.File(((pathPrefix + java.lang.Integer.toString(counter)) + .png)): null

2018-12-14 01:57:12 - [TEST_STEP][PASSED] - Statement - counter = counter + 1: null

2018-12-14 01:57:12 - [TEST_STEP][PASSED] - Statement - PreSaveFile = new java.io.File(((pathPrefix + java.lang.Integer.toString(counter)) + .png)): null

2018-12-14 01:57:12 - [TEST_STEP][PASSED] - Statement - counter = counter + 1: null

2018-12-14 01:57:12 - [TEST_STEP][PASSED] - Statement - PreSaveFile = new java.io.File(((pathPrefix + java.lang.Integer.toString(counter)) + .png)): null

2018-12-14 01:57:12 - [TEST_STEP][PASSED] - Statement - counter = counter + 1: null

2018-12-14 01:57:12 - [TEST_STEP][PASSED] - Statement - PreSaveFile = new java.io.File(((pathPrefix + java.lang.Integer.toString(counter)) + .png)): null

2018-12-14 01:57:12 - [TEST_STEP][PASSED] - Statement - counter = counter + 1: null

2018-12-14 01:57:12 - [TEST_STEP][PASSED] - Statement - PreSaveFile = new java.io.File(((pathPrefix + java.lang.Integer.toString(counter)) + .png)): null

2018-12-14 01:57:12 - [TEST_STEP][PASSED] - Statement - counter = counter + 1: null

2018-12-14 01:57:12 - [TEST_STEP][PASSED] - Statement - PreSaveFile = new java.io.File(((pathPrefix + java.lang.Integer.toString(counter)) + .png)): null

2018-12-14 01:57:12 - [TEST_STEP][PASSED] - Statement - counter = counter + 1: null

2018-12-14 01:57:12 - [TEST_STEP][PASSED] - Statement - PreSaveFile = new java.io.File(((pathPrefix + java.lang.Integer.toString(counter)) + .png)): null

2018-12-14 01:57:12 - [TEST_STEP][PASSED] - Statement - counter = counter + 1: null

2018-12-14 01:57:12 - [TEST_STEP][PASSED] - Statement - PreSaveFile = new java.io.File(((pathPrefix + java.lang.Integer.toString(counter)) + .png)): null

2018-12-14 01:57:12 - [TEST_STEP][PASSED] - Statement - counter = counter + 1: null

2018-12-14 01:57:12 - [TEST_STEP][PASSED] - Statement - PreSaveFile = new java.io.File(((pathPrefix + java.lang.Integer.toString(counter)) + .png)): null

2018-12-14 01:57:12 - [TEST_STEP][PASSED] - Statement - counter = counter + 1: null

2018-12-14 01:57:12 - [TEST_STEP][PASSED] - Statement - PreSaveFile = new java.io.File(((pathPrefix + java.lang.Integer.toString(counter)) + .png)): null

2018-12-14 01:57:12 - [TEST_STEP][PASSED] - Statement - counter = counter + 1: null

2018-12-14 01:57:12 - [TEST_STEP][PASSED] - Statement - PreSaveFile = new java.io.File(((pathPrefix + java.lang.Integer.toString(counter)) + .png)): null

2018-12-14 01:57:12 - [TEST_STEP][PASSED] - Statement - counter = counter + 1: null

2018-12-14 01:57:12 - [TEST_STEP][PASSED] - Statement - PreSaveFile = new java.io.File(((pathPrefix + java.lang.Integer.toString(counter)) + .png)): null

2018-12-14 01:57:12 - [TEST_STEP][PASSED] - Statement - counter = counter + 1: null

2018-12-14 01:57:12 - [TEST_STEP][PASSED] - Statement - PreSaveFile = new java.io.File(((pathPrefix + java.lang.Integer.toString(counter)) + .png)): null

2018-12-14 01:57:12 - [TEST_STEP][PASSED] - Statement - counter = counter + 1: null

2018-12-14 01:57:12 - [TEST_STEP][PASSED] - Statement - PreSaveFile = new java.io.File(((pathPrefix + java.lang.Integer.toString(counter)) + .png)): null

2018-12-14 01:57:12 - [TEST_STEP][PASSED] - Statement - counter = counter + 1: null

2018-12-14 01:57:12 - [TEST_STEP][PASSED] - Statement - PreSaveFile = new java.io.File(((pathPrefix + java.lang.Integer.toString(counter)) + .png)): null

2018-12-14 01:57:12 - [TEST_STEP][PASSED] - Statement - counter = counter + 1: null

2018-12-14 01:57:12 - [TEST_STEP][PASSED] - Statement - PreSaveFile = new java.io.File(((pathPrefix + java.lang.Integer.toString(counter)) + .png)): null

2018-12-14 01:57:12 - [TEST_STEP][PASSED] - Statement - counter = counter + 1: null

2018-12-14 01:57:12 - [TEST_STEP][PASSED] - Statement - PreSaveFile = new java.io.File(((pathPrefix + java.lang.Integer.toString(counter)) + .png)): null

2018-12-14 01:57:12 - [TEST_STEP][PASSED] - Statement - counter = counter + 1: null

2018-12-14 01:57:12 - [TEST_STEP][PASSED] - Statement - PreSaveFile = new java.io.File(((pathPrefix + java.lang.Integer.toString(counter)) + .png)): null

2018-12-14 01:57:12 - [TEST_STEP][PASSED] - Statement - counter = counter + 1: null

2018-12-14 01:57:12 - [TEST_STEP][PASSED] - Statement - PreSaveFile = new java.io.File(((pathPrefix + java.lang.Integer.toString(counter)) + .png)): null

2018-12-14 01:57:12 - [TEST_STEP][PASSED] - Statement - counter = counter + 1: null

2018-12-14 01:57:12 - [TEST_STEP][PASSED] - Statement - PreSaveFile = new java.io.File(((pathPrefix + java.lang.Integer.toString(counter)) + .png)): null

2018-12-14 01:57:12 - [TEST_STEP][PASSED] - Statement - counter = counter + 1: null

2018-12-14 01:57:12 - [TEST_STEP][PASSED] - Statement - PreSaveFile = new java.io.File(((pathPrefix + java.lang.Integer.toString(counter)) + .png)): null

2018-12-14 01:57:12 - [TEST_STEP][PASSED] - Statement - counter = counter + 1: null

2018-12-14 01:57:12 - [TEST_STEP][PASSED] - Statement - PreSaveFile = new java.io.File(((pathPrefix + java.lang.Integer.toString(counter)) + .png)): null

2018-12-14 01:57:12 - [TEST_STEP][PASSED] - Statement - counter = counter + 1: null

2018-12-14 01:57:12 - [TEST_STEP][PASSED] - Statement - PreSaveFile = new java.io.File(((pathPrefix + java.lang.Integer.toString(counter)) + .png)): null

2018-12-14 01:57:12 - [TEST_STEP][PASSED] - Statement - counter = counter + 1: null

2018-12-14 01:57:12 - [TEST_STEP][PASSED] - Statement - PreSaveFile = new java.io.File(((pathPrefix + java.lang.Integer.toString(counter)) + .png)): null

2018-12-14 01:57:12 - [TEST_STEP][PASSED] - Statement - counter = counter + 1: null

2018-12-14 01:57:12 - [TEST_STEP][PASSED] - Statement - PreSaveFile = new java.io.File(((pathPrefix + java.lang.Integer.toString(counter)) + .png)): null

2018-12-14 01:57:12 - [TEST_STEP][PASSED] - Statement - counter = counter + 1: null

2018-12-14 01:57:12 - [TEST_STEP][PASSED] - Statement - PreSaveFile = new java.io.File(((pathPrefix + java.lang.Integer.toString(counter)) + .png)): null

2018-12-14 01:57:12 - [TEST_STEP][PASSED] - Statement - counter = counter + 1: null

2018-12-14 01:57:12 - [TEST_STEP][PASSED] - Statement - PreSaveFile = new java.io.File(((pathPrefix + java.lang.Integer.toString(counter)) + .png)): null

2018-12-14 01:57:12 - [TEST_STEP][PASSED] - Statement - counter = counter + 1: null

2018-12-14 01:57:12 - [TEST_STEP][PASSED] - Statement - PreSaveFile = new java.io.File(((pathPrefix + java.lang.Integer.toString(counter)) + .png)): null

2018-12-14 01:57:12 - [TEST_STEP][PASSED] - Statement - counter = counter + 1: null

2018-12-14 01:57:12 - [TEST_STEP][PASSED] - Statement - PreSaveFile = new java.io.File(((pathPrefix + java.lang.Integer.toString(counter)) + .png)): null

2018-12-14 01:57:12 - [TEST_STEP][PASSED] - Statement - counter = counter + 1: null

2018-12-14 01:57:12 - [TEST_STEP][PASSED] - Statement - PreSaveFile = new java.io.File(((pathPrefix + java.lang.Integer.toString(counter)) + .png)): null

2018-12-14 01:57:12 - [TEST_STEP][PASSED] - Statement - counter = counter + 1: null

2018-12-14 01:57:12 - [TEST_STEP][PASSED] - Statement - PreSaveFile = new java.io.File(((pathPrefix + java.lang.Integer.toString(counter)) + .png)): null

2018-12-14 01:57:12 - [TEST_STEP][PASSED] - Statement - counter = counter + 1: null

2018-12-14 01:57:12 - [TEST_STEP][PASSED] - Statement - PreSaveFile = new java.io.File(((pathPrefix + java.lang.Integer.toString(counter)) + .png)): null

2018-12-14 01:57:12 - [TEST_STEP][PASSED] - Statement - counter = counter + 1: null

2018-12-14 01:57:12 - [TEST_STEP][PASSED] - Statement - PreSaveFile = new java.io.File(((pathPrefix + java.lang.Integer.toString(counter)) + .png)): null

2018-12-14 01:57:12 - [TEST_STEP][PASSED] - Statement - counter = counter + 1: null

2018-12-14 01:57:12 - [TEST_STEP][PASSED] - Statement - PreSaveFile = new java.io.File(((pathPrefix + java.lang.Integer.toString(counter)) + .png)): null

2018-12-14 01:57:12 - [TEST_STEP][PASSED] - Statement - counter = counter + 1: null

2018-12-14 01:57:12 - [TEST_STEP][PASSED] - Statement - PreSaveFile = new java.io.File(((pathPrefix + java.lang.Integer.toString(counter)) + .png)): null

2018-12-14 01:57:12 - [TEST_STEP][PASSED] - Statement - counter = counter + 1: null

2018-12-14 01:57:12 - [TEST_STEP][PASSED] - Statement - PreSaveFile = new java.io.File(((pathPrefix + java.lang.Integer.toString(counter)) + .png)): null

2018-12-14 01:57:12 - [TEST_STEP][PASSED] - Statement - counter = counter + 1: null

2018-12-14 01:57:12 - [TEST_STEP][PASSED] - Statement - PreSaveFile = new java.io.File(((pathPrefix + java.lang.Integer.toString(counter)) + .png)): null

2018-12-14 01:57:12 - [TEST_STEP][PASSED] - Statement - counter = counter + 1: null

2018-12-14 01:57:12 - [TEST_STEP][PASSED] - Statement - PreSaveFile = new java.io.File(((pathPrefix + java.lang.Integer.toString(counter)) + .png)): null

2018-12-14 01:57:12 - [TEST_STEP][PASSED] - Statement - counter = counter + 1: null

2018-12-14 01:57:12 - [TEST_STEP][PASSED] - Statement - PreSaveFile = new java.io.File(((pathPrefix + java.lang.Integer.toString(counter)) + .png)): null

2018-12-14 01:57:12 - [TEST_STEP][PASSED] - Statement - counter = counter + 1: null

2018-12-14 01:57:12 - [TEST_STEP][PASSED] - Statement - PreSaveFile = new java.io.File(((pathPrefix + java.lang.Integer.toString(counter)) + .png)): null

2018-12-14 01:57:12 - [TEST_STEP][PASSED] - Statement - counter = counter + 1: null

2018-12-14 01:57:12 - [TEST_STEP][PASSED] - Statement - PreSaveFile = new java.io.File(((pathPrefix + java.lang.Integer.toString(counter)) + .png)): null

2018-12-14 01:57:12 - [TEST_STEP][PASSED] - Statement - counter = counter + 1: null

2018-12-14 01:57:12 - [TEST_STEP][PASSED] - Statement - PreSaveFile = new java.io.File(((pathPrefix + java.lang.Integer.toString(counter)) + .png)): null

2018-12-14 01:57:12 - [TEST_STEP][PASSED] - Statement - counter = counter + 1: null

2018-12-14 01:57:12 - [TEST_STEP][PASSED] - Statement - PreSaveFile = new java.io.File(((pathPrefix + java.lang.Integer.toString(counter)) + .png)): null

2018-12-14 01:57:12 - [TEST_STEP][PASSED] - Statement - counter = counter + 1: null

2018-12-14 01:57:12 - [TEST_STEP][PASSED] - Statement - PreSaveFile = new java.io.File(((pathPrefix + java.lang.Integer.toString(counter)) + .png)): null

2018-12-14 01:57:12 - [TEST_STEP][PASSED] - Statement - counter = counter + 1: null

2018-12-14 01:57:12 - [TEST_STEP][PASSED] - Statement - PreSaveFile = new java.io.File(((pathPrefix + java.lang.Integer.toString(counter)) + .png)): null

2018-12-14 01:57:12 - [TEST_STEP][PASSED] - Statement - counter = counter + 1: null

2018-12-14 01:57:12 - [TEST_STEP][PASSED] - Statement - PreSaveFile = new java.io.File(((pathPrefix + java.lang.Integer.toString(counter)) + .png)): null

2018-12-14 01:57:12 - [TEST_STEP][PASSED] - Statement - counter = counter + 1: null

2018-12-14 01:57:12 - [TEST_STEP][PASSED] - Statement - PreSaveFile = new java.io.File(((pathPrefix + java.lang.Integer.toString(counter)) + .png)): null

2018-12-14 01:57:12 - [TEST_STEP][PASSED] - Statement - counter = counter + 1: null

2018-12-14 01:57:12 - [TEST_STEP][PASSED] - Statement - PreSaveFile = new java.io.File(((pathPrefix + java.lang.Integer.toString(counter)) + .png)): null

2018-12-14 01:57:12 - [TEST_STEP][PASSED] - Statement - counter = counter + 1: null

2018-12-14 01:57:12 - [TEST_STEP][PASSED] - Statement - PreSaveFile = new java.io.File(((pathPrefix + java.lang.Integer.toString(counter)) + .png)): null

2018-12-14 01:57:12 - [TEST_STEP][PASSED] - Statement - counter = counter + 1: null

2018-12-14 01:57:12 - [TEST_STEP][PASSED] - Statement - PreSaveFile = new java.io.File(((pathPrefix + java.lang.Integer.toString(counter)) + .png)): null

2018-12-14 01:57:12 - [TEST_STEP][PASSED] - Statement - counter = counter + 1: null

2018-12-14 01:57:12 - [TEST_STEP][PASSED] - Statement - PreSaveFile = new java.io.File(((pathPrefix + java.lang.Integer.toString(counter)) + .png)): null

2018-12-14 01:57:12 - [TEST_STEP][PASSED] - Statement - counter = counter + 1: null

2018-12-14 01:57:12 - [TEST_STEP][PASSED] - Statement - PreSaveFile = new java.io.File(((pathPrefix + java.lang.Integer.toString(counter)) + .png)): null

2018-12-14 01:57:12 - [TEST_STEP][PASSED] - Statement - counter = counter + 1: null

2018-12-14 01:57:12 - [TEST_STEP][PASSED] - Statement - PreSaveFile = new java.io.File(((pathPrefix + java.lang.Integer.toString(counter)) + .png)): null

2018-12-14 01:57:12 - [TEST_STEP][PASSED] - Statement - counter = counter + 1: null

2018-12-14 01:57:12 - [TEST_STEP][PASSED] - Statement - PreSaveFile = new java.io.File(((pathPrefix + java.lang.Integer.toString(counter)) + .png)): null

2018-12-14 01:57:12 - [TEST_STEP][PASSED] - Statement - counter = counter + 1: null

2018-12-14 01:57:12 - [TEST_STEP][PASSED] - Statement - PreSaveFile = new java.io.File(((pathPrefix + java.lang.Integer.toString(counter)) + .png)): null

2018-12-14 01:57:12 - [TEST_STEP][PASSED] - Statement - counter = counter + 1: null

2018-12-14 01:57:12 - [TEST_STEP][PASSED] - Statement - PreSaveFile = new java.io.File(((pathPrefix + java.lang.Integer.toString(counter)) + .png)): null

2018-12-14 01:57:12 - [TEST_STEP][PASSED] - Statement - counter = counter + 1: null

2018-12-14 01:57:12 - [TEST_STEP][PASSED] - Statement - PreSaveFile = new java.io.File(((pathPrefix + java.lang.Integer.toString(counter)) + .png)): null

2018-12-14 01:57:12 - [TEST_STEP][PASSED] - Statement - counter = counter + 1: null

2018-12-14 01:57:12 - [TEST_STEP][PASSED] - Statement - PreSaveFile = new java.io.File(((pathPrefix + java.lang.Integer.toString(counter)) + .png)): null

2018-12-14 01:57:12 - [TEST_STEP][PASSED] - Statement - counter = counter + 1: null

2018-12-14 01:57:12 - [TEST_STEP][PASSED] - Statement - PreSaveFile = new java.io.File(((pathPrefix + java.lang.Integer.toString(counter)) + .png)): null

2018-12-14 01:57:12 - [TEST_STEP][PASSED] - Statement - counter = counter + 1: null

2018-12-14 01:57:12 - [TEST_STEP][PASSED] - Statement - PreSaveFile = new java.io.File(((pathPrefix + java.lang.Integer.toString(counter)) + .png)): null

2018-12-14 01:57:12 - [TEST_STEP][PASSED] - Statement - counter = counter + 1: null

2018-12-14 01:57:12 - [TEST_STEP][PASSED] - Statement - PreSaveFile = new java.io.File(((pathPrefix + java.lang.Integer.toString(counter)) + .png)): null

2018-12-14 01:57:12 - [TEST_STEP][PASSED] - Statement - counter = counter + 1: null

2018-12-14 01:57:12 - [TEST_STEP][PASSED] - Statement - PreSaveFile = new java.io.File(((pathPrefix + java.lang.Integer.toString(counter)) + .png)): null

2018-12-14 01:57:12 - [TEST_STEP][PASSED] - Statement - counter = counter + 1: null

2018-12-14 01:57:12 - [TEST_STEP][PASSED] - Statement - PreSaveFile = new java.io.File(((pathPrefix + java.lang.Integer.toString(counter)) + .png)): null

2018-12-14 01:57:12 - [TEST_STEP][PASSED] - Statement - counter = counter + 1: null

2018-12-14 01:57:12 - [TEST_STEP][PASSED] - Statement - PreSaveFile = new java.io.File(((pathPrefix + java.lang.Integer.toString(counter)) + .png)): null

2018-12-14 01:57:12 - [TEST_STEP][PASSED] - Statement - counter = counter + 1: null

2018-12-14 01:57:12 - [TEST_STEP][PASSED] - Statement - PreSaveFile = new java.io.File(((pathPrefix + java.lang.Integer.toString(counter)) + .png)): null

2018-12-14 01:57:12 - [TEST_STEP][PASSED] - Statement - counter = counter + 1: null

2018-12-14 01:57:12 - [TEST_STEP][PASSED] - Statement - PreSaveFile = new java.io.File(((pathPrefix + java.lang.Integer.toString(counter)) + .png)): null

2018-12-14 01:57:12 - [TEST_STEP][PASSED] - Statement - counter = counter + 1: null

2018-12-14 01:57:12 - [TEST_STEP][PASSED] - Statement - PreSaveFile = new java.io.File(((pathPrefix + java.lang.Integer.toString(counter)) + .png)): null

2018-12-14 01:57:12 - [TEST_STEP][PASSED] - Statement - counter = counter + 1: null

2018-12-14 01:57:12 - [TEST_STEP][PASSED] - Statement - PreSaveFile = new java.io.File(((pathPrefix + java.lang.Integer.toString(counter)) + .png)): null

2018-12-14 01:57:12 - [TEST_STEP][PASSED] - Statement - counter = counter + 1: null

2018-12-14 01:57:12 - [TEST_STEP][PASSED] - Statement - PreSaveFile = new java.io.File(((pathPrefix + java.lang.Integer.toString(counter)) + .png)): null

2018-12-14 01:57:12 - [TEST_STEP][PASSED] - Statement - counter = counter + 1: null

2018-12-14 01:57:12 - [TEST_STEP][PASSED] - Statement - PreSaveFile = new java.io.File(((pathPrefix + java.lang.Integer.toString(counter)) + .png)): null

2018-12-14 01:57:12 - [TEST_STEP][PASSED] - Statement - counter = counter + 1: null

2018-12-14 01:57:12 - [TEST_STEP][PASSED] - Statement - PreSaveFile = new java.io.File(((pathPrefix + java.lang.Integer.toString(counter)) + .png)): null

2018-12-14 01:57:12 - [TEST_STEP][PASSED] - Statement - counter = counter + 1: null

2018-12-14 01:57:12 - [TEST_STEP][PASSED] - Statement - PreSaveFile = new java.io.File(((pathPrefix + java.lang.Integer.toString(counter)) + .png)): null

2018-12-14 01:57:12 - [TEST_STEP][PASSED] - Statement - counter = counter + 1: null

2018-12-14 01:57:12 - [TEST_STEP][PASSED] - Statement - PreSaveFile = new java.io.File(((pathPrefix + java.lang.Integer.toString(counter)) + .png)): null

2018-12-14 01:57:12 - [TEST_STEP][PASSED] - Statement - counter = counter + 1: null

2018-12-14 01:57:12 - [TEST_STEP][PASSED] - Statement - PreSaveFile = new java.io.File(((pathPrefix + java.lang.Integer.toString(counter)) + .png)): null

2018-12-14 01:57:12 - [TEST_STEP][PASSED] - Statement - counter = counter + 1: null

2018-12-14 01:57:12 - [TEST_STEP][PASSED] - Statement - PreSaveFile = new java.io.File(((pathPrefix + java.lang.Integer.toString(counter)) + .png)): null

2018-12-14 01:57:12 - [TEST_STEP][PASSED] - Statement - counter = counter + 1: null

2018-12-14 01:57:12 - [TEST_STEP][PASSED] - Statement - PreSaveFile = new java.io.File(((pathPrefix + java.lang.Integer.toString(counter)) + .png)): null

2018-12-14 01:57:12 - [TEST_STEP][PASSED] - Statement - counter = counter + 1: null

2018-12-14 01:57:12 - [TEST_STEP][PASSED] - Statement - PreSaveFile = new java.io.File(((pathPrefix + java.lang.Integer.toString(counter)) + .png)): null

2018-12-14 01:57:12 - [TEST_STEP][PASSED] - Statement - counter = counter + 1: null

2018-12-14 01:57:12 - [TEST_STEP][PASSED] - Statement - PreSaveFile = new java.io.File(((pathPrefix + java.lang.Integer.toString(counter)) + .png)): null

2018-12-14 01:57:12 - [TEST_STEP][PASSED] - Statement - counter = counter + 1: null

2018-12-14 01:57:12 - [TEST_STEP][PASSED] - Statement - PreSaveFile = new java.io.File(((pathPrefix + java.lang.Integer.toString(counter)) + .png)): null

2018-12-14 01:57:12 - [TEST_STEP][PASSED] - Statement - counter = counter + 1: null

2018-12-14 01:57:12 - [TEST_STEP][PASSED] - Statement - PreSaveFile = new java.io.File(((pathPrefix + java.lang.Integer.toString(counter)) + .png)): null

2018-12-14 01:57:12 - [TEST_STEP][PASSED] - Statement - counter = counter + 1: null

2018-12-14 01:57:12 - [TEST_STEP][PASSED] - Statement - PreSaveFile = new java.io.File(((pathPrefix + java.lang.Integer.toString(counter)) + .png)): null

2018-12-14 01:57:12 - [TEST_STEP][PASSED] - Statement - counter = counter + 1: null

2018-12-14 01:57:12 - [TEST_STEP][PASSED] - Statement - PreSaveFile = new java.io.File(((pathPrefix + java.lang.Integer.toString(counter)) + .png)): null

2018-12-14 01:57:12 - [TEST_STEP][PASSED] - Statement - counter = counter + 1: null

2018-12-14 01:57:12 - [TEST_STEP][PASSED] - Statement - PreSaveFile = new java.io.File(((pathPrefix + java.lang.Integer.toString(counter)) + .png)): null

2018-12-14 01:57:12 - [TEST_STEP][PASSED] - Statement - counter = counter + 1: null

2018-12-14 01:57:12 - [TEST_STEP][PASSED] - Statement - PreSaveFile = new java.io.File(((pathPrefix + java.lang.Integer.toString(counter)) + .png)): null

2018-12-14 01:57:12 - [TEST_STEP][PASSED] - Statement - counter = counter + 1: null

2018-12-14 01:57:12 - [TEST_STEP][PASSED] - Statement - PreSaveFile = new java.io.File(((pathPrefix + java.lang.Integer.toString(counter)) + .png)): null

2018-12-14 01:57:12 - [TEST_STEP][PASSED] - Statement - counter = counter + 1: null

2018-12-14 01:57:12 - [TEST_STEP][PASSED] - Statement - PreSaveFile = new java.io.File(((pathPrefix + java.lang.Integer.toString(counter)) + .png)): null

2018-12-14 01:57:12 - [TEST_STEP][PASSED] - Statement - counter = counter + 1: null

2018-12-14 01:57:12 - [TEST_STEP][PASSED] - Statement - PreSaveFile = new java.io.File(((pathPrefix + java.lang.Integer.toString(counter)) + .png)): null

2018-12-14 01:57:12 - [TEST_STEP][PASSED] - Statement - counter = counter + 1: null

2018-12-14 01:57:12 - [TEST_STEP][PASSED] - Statement - PreSaveFile = new java.io.File(((pathPrefix + java.lang.Integer.toString(counter)) + .png)): null

2018-12-14 01:57:12 - [TEST_STEP][PASSED] - Statement - counter = counter + 1: null

2018-12-14 01:57:12 - [TEST_STEP][PASSED] - Statement - PreSaveFile = new java.io.File(((pathPrefix + java.lang.Integer.toString(counter)) + .png)): null

2018-12-14 01:57:12 - [TEST_STEP][PASSED] - Statement - counter = counter + 1: null

2018-12-14 01:57:12 - [TEST_STEP][PASSED] - Statement - PreSaveFile = new java.io.File(((pathPrefix + java.lang.Integer.toString(counter)) + .png)): null

2018-12-14 01:57:12 - [TEST_STEP][PASSED] - Statement - counter = counter + 1: null

2018-12-14 01:57:12 - [TEST_STEP][PASSED] - Statement - PreSaveFile = new java.io.File(((pathPrefix + java.lang.Integer.toString(counter)) + .png)): null

2018-12-14 01:57:12 - [TEST_STEP][PASSED] - Statement - counter = counter + 1: null

2018-12-14 01:57:12 - [TEST_STEP][PASSED] - Statement - PreSaveFile = new java.io.File(((pathPrefix + java.lang.Integer.toString(counter)) + .png)): null

2018-12-14 01:57:12 - [TEST_STEP][PASSED] - Statement - counter = counter + 1: null

2018-12-14 01:57:12 - [TEST_STEP][PASSED] - Statement - PreSaveFile = new java.io.File(((pathPrefix + java.lang.Integer.toString(counter)) + .png)): null

2018-12-14 01:57:12 - [TEST_STEP][PASSED] - Statement - counter = counter + 1: null

2018-12-14 01:57:12 - [TEST_STEP][PASSED] - Statement - PreSaveFile = new java.io.File(((pathPrefix + java.lang.Integer.toString(counter)) + .png)): null

2018-12-14 01:57:12 - [TEST_STEP][PASSED] - Statement - counter = counter + 1: null

2018-12-14 01:57:12 - [TEST_STEP][PASSED] - Statement - PreSaveFile = new java.io.File(((pathPrefix + java.lang.Integer.toString(counter)) + .png)): null

2018-12-14 01:57:12 - [TEST_STEP][PASSED] - Statement - counter = counter + 1: null

2018-12-14 01:57:12 - [TEST_STEP][PASSED] - Statement - PreSaveFile = new java.io.File(((pathPrefix + java.lang.Integer.toString(counter)) + .png)): null

2018-12-14 01:57:12 - [TEST_STEP][PASSED] - Statement - counter = counter + 1: null

2018-12-14 01:57:12 - [TEST_STEP][PASSED] - Statement - PreSaveFile = new java.io.File(((pathPrefix + java.lang.Integer.toString(counter)) + .png)): null

2018-12-14 01:57:12 - [TEST_STEP][PASSED] - Statement - counter = counter + 1: null

2018-12-14 01:57:12 - [TEST_STEP][PASSED] - Statement - PreSaveFile = new java.io.File(((pathPrefix + java.lang.Integer.toString(counter)) + .png)): null

2018-12-14 01:57:12 - [TEST_STEP][PASSED] - Statement - counter = counter + 1: null

2018-12-14 01:57:12 - [TEST_STEP][PASSED] - Statement - PreSaveFile = new java.io.File(((pathPrefix + java.lang.Integer.toString(counter)) + .png)): null

2018-12-14 01:57:12 - [TEST_STEP][PASSED] - Statement - counter = counter + 1: null

2018-12-14 01:57:12 - [TEST_STEP][PASSED] - Statement - PreSaveFile = new java.io.File(((pathPrefix + java.lang.Integer.toString(counter)) + .png)): null

2018-12-14 01:57:12 - [TEST_STEP][PASSED] - Statement - counter = counter + 1: null

2018-12-14 01:57:12 - [TEST_STEP][PASSED] - Statement - PreSaveFile = new java.io.File(((pathPrefix + java.lang.Integer.toString(counter)) + .png)): null

2018-12-14 01:57:12 - [TEST_STEP][PASSED] - Statement - counter = counter + 1: null

2018-12-14 01:57:12 - [TEST_STEP][PASSED] - Statement - PreSaveFile = new java.io.File(((pathPrefix + java.lang.Integer.toString(counter)) + .png)): null

2018-12-14 01:57:12 - [TEST_STEP][PASSED] - Statement - counter = counter + 1: null

2018-12-14 01:57:12 - [TEST_STEP][PASSED] - Statement - PreSaveFile = new java.io.File(((pathPrefix + java.lang.Integer.toString(counter)) + .png)): null

2018-12-14 01:57:12 - [TEST_STEP][PASSED] - Statement - counter = counter + 1: null

2018-12-14 01:57:12 - [TEST_STEP][PASSED] - Statement - PreSaveFile = new java.io.File(((pathPrefix + java.lang.Integer.toString(counter)) + .png)): null

2018-12-14 01:57:12 - [TEST_STEP][PASSED] - Statement - counter = counter + 1: null

2018-12-14 01:57:12 - [TEST_STEP][PASSED] - Statement - PreSaveFile = new java.io.File(((pathPrefix + java.lang.Integer.toString(counter)) + .png)): null

2018-12-14 01:57:12 - [TEST_STEP][PASSED] - Statement - counter = counter + 1: null

2018-12-14 01:57:12 - [TEST_STEP][PASSED] - Statement - PreSaveFile = new java.io.File(((pathPrefix + java.lang.Integer.toString(counter)) + .png)): null

2018-12-14 01:57:12 - [TEST_STEP][PASSED] - Statement - counter = counter + 1: null

2018-12-14 01:57:12 - [TEST_STEP][PASSED] - Statement - PreSaveFile = new java.io.File(((pathPrefix + java.lang.Integer.toString(counter)) + .png)): null

2018-12-14 01:57:12 - [TEST_STEP][PASSED] - Statement - counter = counter + 1: null

2018-12-14 01:57:12 - [TEST_STEP][PASSED] - Statement - PreSaveFile = new java.io.File(((pathPrefix + java.lang.Integer.toString(counter)) + .png)): null

2018-12-14 01:57:12 - [TEST_STEP][PASSED] - Statement - counter = counter + 1: null

2018-12-14 01:57:12 - [TEST_STEP][PASSED] - Statement - PreSaveFile = new java.io.File(((pathPrefix + java.lang.Integer.toString(counter)) + .png)): null

2018-12-14 01:57:12 - [TEST_STEP][PASSED] - Statement - counter = counter + 1: null

2018-12-14 01:57:12 - [TEST_STEP][PASSED] - Statement - PreSaveFile = new java.io.File(((pathPrefix + java.lang.Integer.toString(counter)) + .png)): null

2018-12-14 01:57:12 - [TEST_STEP][PASSED] - Statement - counter = counter + 1: null

2018-12-14 01:57:12 - [TEST_STEP][PASSED] - Statement - PreSaveFile = new java.io.File(((pathPrefix + java.lang.Integer.toString(counter)) + .png)): null

2018-12-14 01:57:12 - [TEST_STEP][PASSED] - Statement - counter = counter + 1: null

2018-12-14 01:57:12 - [TEST_STEP][PASSED] - Statement - PreSaveFile = new java.io.File(((pathPrefix + java.lang.Integer.toString(counter)) + .png)): null

2018-12-14 01:57:12 - [TEST_STEP][PASSED] - Statement - counter = counter + 1: null

2018-12-14 01:57:12 - [TEST_STEP][PASSED] - Statement - PreSaveFile = new java.io.File(((pathPrefix + java.lang.Integer.toString(counter)) + .png)): null

2018-12-14 01:57:12 - [TEST_STEP][PASSED] - Statement - counter = counter + 1: null

2018-12-14 01:57:12 - [TEST_STEP][PASSED] - Statement - PreSaveFile = new java.io.File(((pathPrefix + java.lang.Integer.toString(counter)) + .png)): null

2018-12-14 01:57:12 - [TEST_STEP][PASSED] - Statement - counter = counter + 1: null

2018-12-14 01:57:12 - [TEST_STEP][PASSED] - Statement - PreSaveFile = new java.io.File(((pathPrefix + java.lang.Integer.toString(counter)) + .png)): null

2018-12-14 01:57:12 - [TEST_STEP][PASSED] - Statement - counter = counter + 1: null

2018-12-14 01:57:12 - [TEST_STEP][PASSED] - Statement - PreSaveFile = new java.io.File(((pathPrefix + java.lang.Integer.toString(counter)) + .png)): null

2018-12-14 01:57:12 - [TEST_STEP][PASSED] - Statement - counter = counter + 1: null

2018-12-14 01:57:12 - [TEST_STEP][PASSED] - Statement - PreSaveFile = new java.io.File(((pathPrefix + java.lang.Integer.toString(counter)) + .png)): null

2018-12-14 01:57:12 - [TEST_STEP][PASSED] - Statement - counter = counter + 1: null

2018-12-14 01:57:12 - [TEST_STEP][PASSED] - Statement - PreSaveFile = new java.io.File(((pathPrefix + java.lang.Integer.toString(counter)) + .png)): null

2018-12-14 01:57:12 - [TEST_STEP][PASSED] - Statement - counter = counter + 1: null

2018-12-14 01:57:12 - [TEST_STEP][PASSED] - Statement - PreSaveFile = new java.io.File(((pathPrefix + java.lang.Integer.toString(counter)) + .png)): null

2018-12-14 01:57:12 - [TEST_STEP][PASSED] - Statement - counter = counter + 1: null

2018-12-14 01:57:12 - [TEST_STEP][PASSED] - Statement - PreSaveFile = new java.io.File(((pathPrefix + java.lang.Integer.toString(counter)) + .png)): null

2018-12-14 01:57:12 - [TEST_STEP][PASSED] - Statement - counter = counter + 1: null

2018-12-14 01:57:12 - [TEST_STEP][PASSED] - Statement - PreSaveFile = new java.io.File(((pathPrefix + java.lang.Integer.toString(counter)) + .png)): null

2018-12-14 01:57:12 - [TEST_STEP][PASSED] - Statement - counter = counter + 1: null

2018-12-14 01:57:12 - [TEST_STEP][PASSED] - Statement - PreSaveFile = new java.io.File(((pathPrefix + java.lang.Integer.toString(counter)) + .png)): null

2018-12-14 01:57:12 - [TEST_STEP][PASSED] - Statement - counter = counter + 1: null

2018-12-14 01:57:12 - [TEST_STEP][PASSED] - Statement - PreSaveFile = new java.io.File(((pathPrefix + java.lang.Integer.toString(counter)) + .png)): null

2018-12-14 01:57:12 - [TEST_STEP][PASSED] - Statement - counter = counter + 1: null

2018-12-14 01:57:13 - [TEST_STEP][PASSED] - Statement - PreSaveFile = new java.io.File(((pathPrefix + java.lang.Integer.toString(counter)) + .png)): null

2018-12-14 01:57:13 - [TEST_STEP][PASSED] - Statement - counter = counter + 1: null

2018-12-14 01:57:13 - [TEST_STEP][PASSED] - Statement - PreSaveFile = new java.io.File(((pathPrefix + java.lang.Integer.toString(counter)) + .png)): null

2018-12-14 01:57:13 - [TEST_STEP][PASSED] - Statement - counter = counter + 1: null

2018-12-14 01:57:13 - [TEST_STEP][PASSED] - Statement - PreSaveFile = new java.io.File(((pathPrefix + java.lang.Integer.toString(counter)) + .png)): null

2018-12-14 01:57:13 - [TEST_STEP][PASSED] - Statement - counter = counter + 1: null

2018-12-14 01:57:13 - [TEST_STEP][PASSED] - Statement - PreSaveFile = new java.io.File(((pathPrefix + java.lang.Integer.toString(counter)) + .png)): null

2018-12-14 01:57:13 - [TEST_STEP][PASSED] - Statement - counter = counter + 1: null

2018-12-14 01:57:13 - [TEST_STEP][PASSED] - Statement - PreSaveFile = new java.io.File(((pathPrefix + java.lang.Integer.toString(counter)) + .png)): null

2018-12-14 01:57:13 - [TEST_STEP][PASSED] - Statement - counter = counter + 1: null

2018-12-14 01:57:13 - [TEST_STEP][PASSED] - Statement - PreSaveFile = new java.io.File(((pathPrefix + java.lang.Integer.toString(counter)) + .png)): null

2018-12-14 01:57:13 - [TEST_STEP][PASSED] - Statement - counter = counter + 1: null

2018-12-14 01:57:13 - [TEST_STEP][PASSED] - Statement - PreSaveFile = new java.io.File(((pathPrefix + java.lang.Integer.toString(counter)) + .png)): null

2018-12-14 01:57:13 - [TEST_STEP][PASSED] - Statement - counter = counter + 1: null

2018-12-14 01:57:13 - [TEST_STEP][PASSED] - Statement - PreSaveFile = new java.io.File(((pathPrefix + java.lang.Integer.toString(counter)) + .png)): null

2018-12-14 01:57:13 - [TEST_STEP][PASSED] - Statement - counter = counter + 1: null

2018-12-14 01:57:13 - [TEST_STEP][PASSED] - Statement - PreSaveFile = new java.io.File(((pathPrefix + java.lang.Integer.toString(counter)) + .png)): null

2018-12-14 01:57:13 - [TEST_STEP][PASSED] - Statement - counter = counter + 1: null

2018-12-14 01:57:13 - [TEST_STEP][PASSED] - Statement - PreSaveFile = new java.io.File(((pathPrefix + java.lang.Integer.toString(counter)) + .png)): null

2018-12-14 01:57:13 - [TEST_STEP][PASSED] - Statement - counter = counter + 1: null

2018-12-14 01:57:13 - [TEST_STEP][PASSED] - Statement - PreSaveFile = new java.io.File(((pathPrefix + java.lang.Integer.toString(counter)) + .png)): null

2018-12-14 01:57:13 - [TEST_STEP][PASSED] - Statement - counter = counter + 1: null

2018-12-14 01:57:13 - [TEST_STEP][PASSED] - Statement - PreSaveFile = new java.io.File(((pathPrefix + java.lang.Integer.toString(counter)) + .png)): null

2018-12-14 01:57:13 - [TEST_STEP][PASSED] - Statement - counter = counter + 1: null

2018-12-14 01:57:13 - [TEST_STEP][PASSED] - Statement - PreSaveFile = new java.io.File(((pathPrefix + java.lang.Integer.toString(counter)) + .png)): null

2018-12-14 01:57:13 - [TEST_STEP][PASSED] - Statement - counter = counter + 1: null

2018-12-14 01:57:13 - [TEST_STEP][PASSED] - Statement - PreSaveFile = new java.io.File(((pathPrefix + java.lang.Integer.toString(counter)) + .png)): null

2018-12-14 01:57:13 - [TEST_STEP][PASSED] - Statement - counter = counter + 1: null

2018-12-14 01:57:13 - [TEST_STEP][PASSED] - Statement - PreSaveFile = new java.io.File(((pathPrefix + java.lang.Integer.toString(counter)) + .png)): null

2018-12-14 01:57:13 - [TEST_STEP][PASSED] - Statement - counter = counter + 1: null

2018-12-14 01:57:13 - [TEST_STEP][PASSED] - Statement - PreSaveFile = new java.io.File(((pathPrefix + java.lang.Integer.toString(counter)) + .png)): null

2018-12-14 01:57:13 - [TEST_STEP][PASSED] - Statement - counter = counter + 1: null

2018-12-14 01:57:13 - [TEST_STEP][PASSED] - Statement - PreSaveFile = new java.io.File(((pathPrefix + java.lang.Integer.toString(counter)) + .png)): null

2018-12-14 01:57:13 - [TEST_STEP][PASSED] - Statement - counter = counter + 1: null

2018-12-14 01:57:13 - [TEST_STEP][PASSED] - Statement - PreSaveFile = new java.io.File(((pathPrefix + java.lang.Integer.toString(counter)) + .png)): null

2018-12-14 01:57:13 - [TEST_STEP][PASSED] - Statement - counter = counter + 1: null

2018-12-14 01:57:13 - [TEST_STEP][PASSED] - Statement - PreSaveFile = new java.io.File(((pathPrefix + java.lang.Integer.toString(counter)) + .png)): null

2018-12-14 01:57:13 - [TEST_STEP][PASSED] - Statement - counter = counter + 1: null

2018-12-14 01:57:13 - [TEST_STEP][PASSED] - Statement - PreSaveFile = new java.io.File(((pathPrefix + java.lang.Integer.toString(counter)) + .png)): null

2018-12-14 01:57:13 - [TEST_STEP][PASSED] - Statement - counter = counter + 1: null

2018-12-14 01:57:13 - [TEST_STEP][PASSED] - Statement - PreSaveFile = new java.io.File(((pathPrefix + java.lang.Integer.toString(counter)) + .png)): null

2018-12-14 01:57:13 - [TEST_STEP][PASSED] - Statement - counter = counter + 1: null

2018-12-14 01:57:13 - [TEST_STEP][PASSED] - Statement - PreSaveFile = new java.io.File(((pathPrefix + java.lang.Integer.toString(counter)) + .png)): null

2018-12-14 01:57:13 - [TEST_STEP][PASSED] - Statement - counter = counter + 1: null

2018-12-14 01:57:13 - [TEST_STEP][PASSED] - Statement - PreSaveFile = new java.io.File(((pathPrefix + java.lang.Integer.toString(counter)) + .png)): null

2018-12-14 01:57:13 - [TEST_STEP][PASSED] - Statement - counter = counter + 1: null

2018-12-14 01:57:13 - [TEST_STEP][PASSED] - Statement - PreSaveFile = new java.io.File(((pathPrefix + java.lang.Integer.toString(counter)) + .png)): null

2018-12-14 01:57:13 - [TEST_STEP][PASSED] - Statement - counter = counter + 1: null

2018-12-14 01:57:13 - [TEST_STEP][PASSED] - Statement - PreSaveFile = new java.io.File(((pathPrefix + java.lang.Integer.toString(counter)) + .png)): null

2018-12-14 01:57:13 - [TEST_STEP][PASSED] - Statement - counter = counter + 1: null

2018-12-14 01:57:13 - [TEST_STEP][PASSED] - Statement - PreSaveFile = new java.io.File(((pathPrefix + java.lang.Integer.toString(counter)) + .png)): null

2018-12-14 01:57:13 - [TEST_STEP][PASSED] - Statement - counter = counter + 1: null

2018-12-14 01:57:13 - [TEST_STEP][PASSED] - Statement - PreSaveFile = new java.io.File(((pathPrefix + java.lang.Integer.toString(counter)) + .png)): null

2018-12-14 01:57:13 - [TEST_STEP][PASSED] - Statement - counter = counter + 1: null

2018-12-14 01:57:13 - [TEST_STEP][PASSED] - Statement - PreSaveFile = new java.io.File(((pathPrefix + java.lang.Integer.toString(counter)) + .png)): null

2018-12-14 01:57:13 - [TEST_STEP][PASSED] - Statement - counter = counter + 1: null

2018-12-14 01:57:13 - [TEST_STEP][PASSED] - Statement - PreSaveFile = new java.io.File(((pathPrefix + java.lang.Integer.toString(counter)) + .png)): null

2018-12-14 01:57:13 - [TEST_STEP][PASSED] - Statement - counter = counter + 1: null

2018-12-14 01:57:13 - [TEST_STEP][PASSED] - Statement - PreSaveFile = new java.io.File(((pathPrefix + java.lang.Integer.toString(counter)) + .png)): null

2018-12-14 01:57:13 - [TEST_STEP][PASSED] - Statement - counter = counter + 1: null

2018-12-14 01:57:13 - [TEST_STEP][PASSED] - Statement - PreSaveFile = new java.io.File(((pathPrefix + java.lang.Integer.toString(counter)) + .png)): null

2018-12-14 01:57:13 - [TEST_STEP][PASSED] - Statement - counter = counter + 1: null

2018-12-14 01:57:13 - [TEST_STEP][PASSED] - Statement - PreSaveFile = new java.io.File(((pathPrefix + java.lang.Integer.toString(counter)) + .png)): null

2018-12-14 01:57:13 - [TEST_STEP][PASSED] - Statement - counter = counter + 1: null

2018-12-14 01:57:13 - [TEST_STEP][PASSED] - Statement - PreSaveFile = new java.io.File(((pathPrefix + java.lang.Integer.toString(counter)) + .png)): null

2018-12-14 01:57:13 - [TEST_STEP][PASSED] - Statement - counter = counter + 1: null

2018-12-14 01:57:13 - [TEST_STEP][PASSED] - Statement - PreSaveFile = new java.io.File(((pathPrefix + java.lang.Integer.toString(counter)) + .png)): null

2018-12-14 01:57:13 - [TEST_STEP][PASSED] - Statement - counter = counter + 1: null

2018-12-14 01:57:13 - [TEST_STEP][PASSED] - Statement - PreSaveFile = new java.io.File(((pathPrefix + java.lang.Integer.toString(counter)) + .png)): null

2018-12-14 01:57:13 - [TEST_STEP][PASSED] - Statement - counter = counter + 1: null

2018-12-14 01:57:13 - [TEST_STEP][PASSED] - Statement - PreSaveFile = new java.io.File(((pathPrefix + java.lang.Integer.toString(counter)) + .png)): null

2018-12-14 01:57:13 - [TEST_STEP][PASSED] - Statement - counter = counter + 1: null

2018-12-14 01:57:13 - [TEST_STEP][PASSED] - Statement - PreSaveFile = new java.io.File(((pathPrefix + java.lang.Integer.toString(counter)) + .png)): null

2018-12-14 01:57:13 - [TEST_STEP][PASSED] - Statement - counter = counter + 1: null

2018-12-14 01:57:13 - [TEST_STEP][PASSED] - Statement - PreSaveFile = new java.io.File(((pathPrefix + java.lang.Integer.toString(counter)) + .png)): null

2018-12-14 01:57:13 - [TEST_STEP][PASSED] - Statement - counter = counter + 1: null

2018-12-14 01:57:13 - [TEST_STEP][PASSED] - Statement - PreSaveFile = new java.io.File(((pathPrefix + java.lang.Integer.toString(counter)) + .png)): null

2018-12-14 01:57:13 - [TEST_STEP][PASSED] - Statement - counter = counter + 1: null

2018-12-14 01:57:13 - [TEST_STEP][PASSED] - Statement - PreSaveFile = new java.io.File(((pathPrefix + java.lang.Integer.toString(counter)) + .png)): null

2018-12-14 01:57:13 - [TEST_STEP][PASSED] - Statement - counter = counter + 1: null

2018-12-14 01:57:13 - [TEST_STEP][PASSED] - Statement - PreSaveFile = new java.io.File(((pathPrefix + java.lang.Integer.toString(counter)) + .png)): null

2018-12-14 01:57:13 - [TEST_STEP][PASSED] - Statement - counter = counter + 1: null

2018-12-14 01:57:13 - [TEST_STEP][PASSED] - Statement - PreSaveFile = new java.io.File(((pathPrefix + java.lang.Integer.toString(counter)) + .png)): null

2018-12-14 01:57:13 - [TEST_STEP][PASSED] - Statement - counter = counter + 1: null

2018-12-14 01:57:13 - [TEST_STEP][PASSED] - Statement - PreSaveFile = new java.io.File(((pathPrefix + java.lang.Integer.toString(counter)) + .png)): null

2018-12-14 01:57:13 - [TEST_STEP][PASSED] - Statement - counter = counter + 1: null

2018-12-14 01:57:13 - [TEST_STEP][PASSED] - Statement - PreSaveFile = new java.io.File(((pathPrefix + java.lang.Integer.toString(counter)) + .png)): null

2018-12-14 01:57:13 - [TEST_STEP][PASSED] - Statement - counter = counter + 1: null

2018-12-14 01:57:13 - [TEST_STEP][PASSED] - Statement - PreSaveFile = new java.io.File(((pathPrefix + java.lang.Integer.toString(counter)) + .png)): null

2018-12-14 01:57:13 - [TEST_STEP][PASSED] - Statement - counter = counter + 1: null

2018-12-14 01:57:13 - [TEST_STEP][PASSED] - Statement - PreSaveFile = new java.io.File(((pathPrefix + java.lang.Integer.toString(counter)) + .png)): null

2018-12-14 01:57:13 - [TEST_STEP][PASSED] - Statement - counter = counter + 1: null

2018-12-14 01:57:13 - [TEST_STEP][PASSED] - Statement - PreSaveFile = new java.io.File(((pathPrefix + java.lang.Integer.toString(counter)) + .png)): null

2018-12-14 01:57:13 - [TEST_STEP][PASSED] - Statement - counter = counter + 1: null

2018-12-14 01:57:13 - [TEST_STEP][PASSED] - Statement - PreSaveFile = new java.io.File(((pathPrefix + java.lang.Integer.toString(counter)) + .png)): null

2018-12-14 01:57:13 - [TEST_STEP][PASSED] - Statement - counter = counter + 1: null

2018-12-14 01:57:13 - [TEST_STEP][PASSED] - Statement - PreSaveFile = new java.io.File(((pathPrefix + java.lang.Integer.toString(counter)) + .png)): null

2018-12-14 01:57:13 - [TEST_STEP][PASSED] - Statement - counter = counter + 1: null

2018-12-14 01:57:13 - [TEST_STEP][PASSED] - Statement - PreSaveFile = new java.io.File(((pathPrefix + java.lang.Integer.toString(counter)) + .png)): null

2018-12-14 01:57:13 - [TEST_STEP][PASSED] - Statement - counter = counter + 1: null

2018-12-14 01:57:13 - [TEST_STEP][PASSED] - Statement - PreSaveFile = new java.io.File(((pathPrefix + java.lang.Integer.toString(counter)) + .png)): null

2018-12-14 01:57:13 - [TEST_STEP][PASSED] - Statement - counter = counter + 1: null

2018-12-14 01:57:13 - [TEST_STEP][PASSED] - Statement - PreSaveFile = new java.io.File(((pathPrefix + java.lang.Integer.toString(counter)) + .png)): null

2018-12-14 01:57:13 - [TEST_STEP][PASSED] - Statement - counter = counter + 1: null

2018-12-14 01:57:13 - [TEST_STEP][PASSED] - Statement - PreSaveFile = new java.io.File(((pathPrefix + java.lang.Integer.toString(counter)) + .png)): null

2018-12-14 01:57:13 - [TEST_STEP][PASSED] - Statement - counter = counter + 1: null

2018-12-14 01:57:13 - [TEST_STEP][PASSED] - Statement - PreSaveFile = new java.io.File(((pathPrefix + java.lang.Integer.toString(counter)) + .png)): null

2018-12-14 01:57:13 - [TEST_STEP][PASSED] - Statement - counter = counter + 1: null

2018-12-14 01:57:13 - [TEST_STEP][PASSED] - Statement - PreSaveFile = new java.io.File(((pathPrefix + java.lang.Integer.toString(counter)) + .png)): null

2018-12-14 01:57:13 - [TEST_STEP][PASSED] - Statement - counter = counter + 1: null

2018-12-14 01:57:13 - [TEST_STEP][PASSED] - Statement - PreSaveFile = new java.io.File(((pathPrefix + java.lang.Integer.toString(counter)) + .png)): null

2018-12-14 01:57:13 - [TEST_STEP][PASSED] - Statement - counter = counter + 1: null

2018-12-14 01:57:13 - [TEST_STEP][PASSED] - Statement - PreSaveFile = new java.io.File(((pathPrefix + java.lang.Integer.toString(counter)) + .png)): null

2018-12-14 01:57:13 - [TEST_STEP][PASSED] - Statement - counter = counter + 1: null

2018-12-14 01:57:13 - [TEST_STEP][PASSED] - Statement - PreSaveFile = new java.io.File(((pathPrefix + java.lang.Integer.toString(counter)) + .png)): null

2018-12-14 01:57:13 - [TEST_STEP][PASSED] - Statement - counter = counter + 1: null

2018-12-14 01:57:13 - [TEST_STEP][PASSED] - Statement - PreSaveFile = new java.io.File(((pathPrefix + java.lang.Integer.toString(counter)) + .png)): null

2018-12-14 01:57:13 - [TEST_STEP][PASSED] - Statement - counter = counter + 1: null

2018-12-14 01:57:13 - [TEST_STEP][PASSED] - Statement - PreSaveFile = new java.io.File(((pathPrefix + java.lang.Integer.toString(counter)) + .png)): null

2018-12-14 01:57:13 - [TEST_STEP][PASSED] - Statement - counter = counter + 1: null

2018-12-14 01:57:13 - [TEST_STEP][PASSED] - Statement - PreSaveFile = new java.io.File(((pathPrefix + java.lang.Integer.toString(counter)) + .png)): null

2018-12-14 01:57:13 - [TEST_STEP][PASSED] - Statement - counter = counter + 1: null

2018-12-14 01:57:13 - [TEST_STEP][PASSED] - Statement - PreSaveFile = new java.io.File(((pathPrefix + java.lang.Integer.toString(counter)) + .png)): null

2018-12-14 01:57:13 - [TEST_STEP][PASSED] - Statement - counter = counter + 1: null

2018-12-14 01:57:13 - [TEST_STEP][PASSED] - Statement - PreSaveFile = new java.io.File(((pathPrefix + java.lang.Integer.toString(counter)) + .png)): null

2018-12-14 01:57:13 - [TEST_STEP][PASSED] - Statement - counter = counter + 1: null

2018-12-14 01:57:13 - [TEST_STEP][PASSED] - Statement - PreSaveFile = new java.io.File(((pathPrefix + java.lang.Integer.toString(counter)) + .png)): null

2018-12-14 01:57:13 - [TEST_STEP][PASSED] - Statement - counter = counter + 1: null

2018-12-14 01:57:13 - [TEST_STEP][PASSED] - Statement - PreSaveFile = new java.io.File(((pathPrefix + java.lang.Integer.toString(counter)) + .png)): null

2018-12-14 01:57:13 - [TEST_STEP][PASSED] - Statement - counter = counter + 1: null

2018-12-14 01:57:13 - [TEST_STEP][PASSED] - Statement - PreSaveFile = new java.io.File(((pathPrefix + java.lang.Integer.toString(counter)) + .png)): null

2018-12-14 01:57:13 - [TEST_STEP][PASSED] - Statement - counter = counter + 1: null

2018-12-14 01:57:13 - [TEST_STEP][PASSED] - Statement - PreSaveFile = new java.io.File(((pathPrefix + java.lang.Integer.toString(counter)) + .png)): null

2018-12-14 01:57:13 - [TEST_STEP][PASSED] - Statement - counter = counter + 1: null

2018-12-14 01:57:13 - [TEST_STEP][PASSED] - Statement - PreSaveFile = new java.io.File(((pathPrefix + java.lang.Integer.toString(counter)) + .png)): null

2018-12-14 01:57:13 - [TEST_STEP][PASSED] - Statement - counter = counter + 1: null

2018-12-14 01:57:13 - [TEST_STEP][PASSED] - Statement - PreSaveFile = new java.io.File(((pathPrefix + java.lang.Integer.toString(counter)) + .png)): null

2018-12-14 01:57:13 - [TEST_STEP][PASSED] - Statement - counter = counter + 1: null

2018-12-14 01:57:13 - [TEST_STEP][PASSED] - Statement - PreSaveFile = new java.io.File(((pathPrefix + java.lang.Integer.toString(counter)) + .png)): null

2018-12-14 01:57:13 - [TEST_STEP][PASSED] - Statement - counter = counter + 1: null

2018-12-14 01:57:13 - [TEST_STEP][PASSED] - Statement - PreSaveFile = new java.io.File(((pathPrefix + java.lang.Integer.toString(counter)) + .png)): null

2018-12-14 01:57:13 - [TEST_STEP][PASSED] - Statement - counter = counter + 1: null

2018-12-14 01:57:13 - [TEST_STEP][PASSED] - Statement - PreSaveFile = new java.io.File(((pathPrefix + java.lang.Integer.toString(counter)) + .png)): null

2018-12-14 01:57:13 - [TEST_STEP][PASSED] - Statement - counter = counter + 1: null

2018-12-14 01:57:13 - [TEST_STEP][PASSED] - Statement - PreSaveFile = new java.io.File(((pathPrefix + java.lang.Integer.toString(counter)) + .png)): null

2018-12-14 01:57:13 - [TEST_STEP][PASSED] - Statement - counter = counter + 1: null

2018-12-14 01:57:13 - [TEST_STEP][PASSED] - Statement - PreSaveFile = new java.io.File(((pathPrefix + java.lang.Integer.toString(counter)) + .png)): null

2018-12-14 01:57:13 - [TEST_STEP][PASSED] - Statement - counter = counter + 1: null

2018-12-14 01:57:13 - [TEST_STEP][PASSED] - Statement - PreSaveFile = new java.io.File(((pathPrefix + java.lang.Integer.toString(counter)) + .png)): null

2018-12-14 01:57:13 - [TEST_STEP][PASSED] - Statement - counter = counter + 1: null

2018-12-14 01:57:13 - [TEST_STEP][PASSED] - Statement - PreSaveFile = new java.io.File(((pathPrefix + java.lang.Integer.toString(counter)) + .png)): null

2018-12-14 01:57:13 - [TEST_STEP][PASSED] - Statement - counter = counter + 1: null

2018-12-14 01:57:13 - [TEST_STEP][PASSED] - Statement - PreSaveFile = new java.io.File(((pathPrefix + java.lang.Integer.toString(counter)) + .png)): null

2018-12-14 01:57:13 - [TEST_STEP][PASSED] - Statement - counter = counter + 1: null

2018-12-14 01:57:13 - [TEST_STEP][PASSED] - Statement - PreSaveFile = new java.io.File(((pathPrefix + java.lang.Integer.toString(counter)) + .png)): null

2018-12-14 01:57:13 - [TEST_STEP][PASSED] - Statement - counter = counter + 1: null

2018-12-14 01:57:13 - [TEST_STEP][PASSED] - Statement - PreSaveFile = new java.io.File(((pathPrefix + java.lang.Integer.toString(counter)) + .png)): null

2018-12-14 01:57:13 - [TEST_STEP][PASSED] - Statement - counter = counter + 1: null

2018-12-14 01:57:13 - [TEST_STEP][PASSED] - Statement - PreSaveFile = new java.io.File(((pathPrefix + java.lang.Integer.toString(counter)) + .png)): null

2018-12-14 01:57:13 - [TEST_STEP][PASSED] - Statement - counter = counter + 1: null

2018-12-14 01:57:13 - [TEST_STEP][PASSED] - Statement - PreSaveFile = new java.io.File(((pathPrefix + java.lang.Integer.toString(counter)) + .png)): null

2018-12-14 01:57:13 - [TEST_STEP][PASSED] - Statement - counter = counter + 1: null

2018-12-14 01:57:13 - [TEST_STEP][PASSED] - Statement - PreSaveFile = new java.io.File(((pathPrefix + java.lang.Integer.toString(counter)) + .png)): null

2018-12-14 01:57:13 - [TEST_STEP][PASSED] - Statement - counter = counter + 1: null

2018-12-14 01:57:13 - [TEST_STEP][PASSED] - Statement - PreSaveFile = new java.io.File(((pathPrefix + java.lang.Integer.toString(counter)) + .png)): null

2018-12-14 01:57:13 - [TEST_STEP][PASSED] - Statement - counter = counter + 1: null

2018-12-14 01:57:13 - [TEST_STEP][PASSED] - Statement - PreSaveFile = new java.io.File(((pathPrefix + java.lang.Integer.toString(counter)) + .png)): null

2018-12-14 01:57:13 - [TEST_STEP][PASSED] - Statement - counter = counter + 1: null

2018-12-14 01:57:13 - [TEST_STEP][PASSED] - Statement - PreSaveFile = new java.io.File(((pathPrefix + java.lang.Integer.toString(counter)) + .png)): null

2018-12-14 01:57:13 - [TEST_STEP][PASSED] - Statement - counter = counter + 1: null

2018-12-14 01:57:13 - [TEST_STEP][PASSED] - Statement - PreSaveFile = new java.io.File(((pathPrefix + java.lang.Integer.toString(counter)) + .png)): null

2018-12-14 01:57:13 - [TEST_STEP][PASSED] - Statement - counter = counter + 1: null

2018-12-14 01:57:13 - [TEST_STEP][PASSED] - Statement - PreSaveFile = new java.io.File(((pathPrefix + java.lang.Integer.toString(counter)) + .png)): null

2018-12-14 01:57:13 - [TEST_STEP][PASSED] - Statement - counter = counter + 1: null

2018-12-14 01:57:13 - [TEST_STEP][PASSED] - Statement - PreSaveFile = new java.io.File(((pathPrefix + java.lang.Integer.toString(counter)) + .png)): null

2018-12-14 01:57:13 - [TEST_STEP][PASSED] - Statement - counter = counter + 1: null

2018-12-14 01:57:13 - [TEST_STEP][PASSED] - Statement - PreSaveFile = new java.io.File(((pathPrefix + java.lang.Integer.toString(counter)) + .png)): null

2018-12-14 01:57:13 - [TEST_STEP][PASSED] - Statement - counter = counter + 1: null

2018-12-14 01:57:13 - [TEST_STEP][PASSED] - Statement - PreSaveFile = new java.io.File(((pathPrefix + java.lang.Integer.toString(counter)) + .png)): null

2018-12-14 01:57:13 - [TEST_STEP][PASSED] - Statement - counter = counter + 1: null

2018-12-14 01:57:13 - [TEST_STEP][PASSED] - Statement - PreSaveFile = new java.io.File(((pathPrefix + java.lang.Integer.toString(counter)) + .png)): null

2018-12-14 01:57:13 - [TEST_STEP][PASSED] - Statement - counter = counter + 1: null

2018-12-14 01:57:13 - [TEST_STEP][PASSED] - Statement - PreSaveFile = new java.io.File(((pathPrefix + java.lang.Integer.toString(counter)) + .png)): null

2018-12-14 01:57:13 - [TEST_STEP][PASSED] - Statement - counter = counter + 1: null

2018-12-14 01:57:13 - [TEST_STEP][PASSED] - Statement - PreSaveFile = new java.io.File(((pathPrefix + java.lang.Integer.toString(counter)) + .png)): null

2018-12-14 01:57:13 - [TEST_STEP][PASSED] - Statement - counter = counter + 1: null

2018-12-14 01:57:13 - [TEST_STEP][PASSED] - Statement - PreSaveFile = new java.io.File(((pathPrefix + java.lang.Integer.toString(counter)) + .png)): null

2018-12-14 01:57:13 - [TEST_STEP][PASSED] - Statement - counter = counter + 1: null

2018-12-14 01:57:13 - [TEST_STEP][PASSED] - Statement - PreSaveFile = new java.io.File(((pathPrefix + java.lang.Integer.toString(counter)) + .png)): null

2018-12-14 01:57:13 - [TEST_STEP][PASSED] - Statement - counter = counter + 1: null

2018-12-14 01:57:13 - [TEST_STEP][PASSED] - Statement - PreSaveFile = new java.io.File(((pathPrefix + java.lang.Integer.toString(counter)) + .png)): null

2018-12-14 01:57:13 - [TEST_STEP][PASSED] - Statement - counter = counter + 1: null

2018-12-14 01:57:13 - [TEST_STEP][PASSED] - Statement - PreSaveFile = new java.io.File(((pathPrefix + java.lang.Integer.toString(counter)) + .png)): null

2018-12-14 01:57:13 - [TEST_STEP][PASSED] - Statement - counter = counter + 1: null

2018-12-14 01:57:13 - [TEST_STEP][PASSED] - Statement - PreSaveFile = new java.io.File(((pathPrefix + java.lang.Integer.toString(counter)) + .png)): null

2018-12-14 01:57:13 - [TEST_STEP][PASSED] - Statement - counter = counter + 1: null

2018-12-14 01:57:13 - [TEST_STEP][PASSED] - Statement - PreSaveFile = new java.io.File(((pathPrefix + java.lang.Integer.toString(counter)) + .png)): null

2018-12-14 01:57:13 - [TEST_STEP][PASSED] - Statement - counter = counter + 1: null

2018-12-14 01:57:13 - [TEST_STEP][PASSED] - Statement - PreSaveFile = new java.io.File(((pathPrefix + java.lang.Integer.toString(counter)) + .png)): null

2018-12-14 01:57:13 - [TEST_STEP][PASSED] - Statement - counter = counter + 1: null

2018-12-14 01:57:13 - [TEST_STEP][PASSED] - Statement - PreSaveFile = new java.io.File(((pathPrefix + java.lang.Integer.toString(counter)) + .png)): null

2018-12-14 01:57:13 - [TEST_STEP][PASSED] - Statement - counter = counter + 1: null

2018-12-14 01:57:13 - [TEST_STEP][PASSED] - Statement - PreSaveFile = new java.io.File(((pathPrefix + java.lang.Integer.toString(counter)) + .png)): null

2018-12-14 01:57:13 - [TEST_STEP][PASSED] - Statement - counter = counter + 1: null

2018-12-14 01:57:13 - [TEST_STEP][PASSED] - Statement - PreSaveFile = new java.io.File(((pathPrefix + java.lang.Integer.toString(counter)) + .png)): null

2018-12-14 01:57:13 - [TEST_STEP][PASSED] - Statement - counter = counter + 1: null

2018-12-14 01:57:13 - [TEST_STEP][PASSED] - Statement - PreSaveFile = new java.io.File(((pathPrefix + java.lang.Integer.toString(counter)) + .png)): null

2018-12-14 01:57:13 - [TEST_STEP][PASSED] - Statement - counter = counter + 1: null

2018-12-14 01:57:13 - [TEST_STEP][PASSED] - Statement - PreSaveFile = new java.io.File(((pathPrefix + java.lang.Integer.toString(counter)) + .png)): null

2018-12-14 01:57:13 - [TEST_STEP][PASSED] - Statement - counter = counter + 1: null

2018-12-14 01:57:13 - [TEST_STEP][PASSED] - Statement - PreSaveFile = new java.io.File(((pathPrefix + java.lang.Integer.toString(counter)) + .png)): null

2018-12-14 01:57:13 - [TEST_STEP][PASSED] - Statement - counter = counter + 1: null

2018-12-14 01:57:13 - [TEST_STEP][PASSED] - Statement - PreSaveFile = new java.io.File(((pathPrefix + java.lang.Integer.toString(counter)) + .png)): null

2018-12-14 01:57:13 - [TEST_STEP][PASSED] - Statement - counter = counter + 1: null

2018-12-14 01:57:13 - [TEST_STEP][PASSED] - Statement - PreSaveFile = new java.io.File(((pathPrefix + java.lang.Integer.toString(counter)) + .png)): null

2018-12-14 01:57:13 - [TEST_STEP][PASSED] - Statement - counter = counter + 1: null

2018-12-14 01:57:13 - [TEST_STEP][PASSED] - Statement - PreSaveFile = new java.io.File(((pathPrefix + java.lang.Integer.toString(counter)) + .png)): null

2018-12-14 01:57:13 - [TEST_STEP][PASSED] - Statement - counter = counter + 1: null

2018-12-14 01:57:13 - [TEST_STEP][PASSED] - Statement - PreSaveFile = new java.io.File(((pathPrefix + java.lang.Integer.toString(counter)) + .png)): null

2018-12-14 01:57:13 - [TEST_STEP][PASSED] - Statement - counter = counter + 1: null

2018-12-14 01:57:13 - [TEST_STEP][PASSED] - Statement - PreSaveFile = new java.io.File(((pathPrefix + java.lang.Integer.toString(counter)) + .png)): null

2018-12-14 01:57:13 - [TEST_STEP][PASSED] - Statement - counter = counter + 1: null

2018-12-14 01:57:13 - [TEST_STEP][PASSED] - Statement - PreSaveFile = new java.io.File(((pathPrefix + java.lang.Integer.toString(counter)) + .png)): null

2018-12-14 01:57:13 - [TEST_STEP][PASSED] - Statement - counter = counter + 1: null

2018-12-14 01:57:13 - [TEST_STEP][PASSED] - Statement - PreSaveFile = new java.io.File(((pathPrefix + java.lang.Integer.toString(counter)) + .png)): null

2018-12-14 01:57:13 - [TEST_STEP][PASSED] - Statement - counter = counter + 1: null

2018-12-14 01:57:13 - [TEST_STEP][PASSED] - Statement - PreSaveFile = new java.io.File(((pathPrefix + java.lang.Integer.toString(counter)) + .png)): null

2018-12-14 01:57:13 - [TEST_STEP][PASSED] - Statement - counter = counter + 1: null

2018-12-14 01:57:13 - [TEST_STEP][PASSED] - Statement - PreSaveFile = new java.io.File(((pathPrefix + java.lang.Integer.toString(counter)) + .png)): null

2018-12-14 01:57:13 - [TEST_STEP][PASSED] - Statement - counter = counter + 1: null

2018-12-14 01:57:13 - [TEST_STEP][PASSED] - Statement - PreSaveFile = new java.io.File(((pathPrefix + java.lang.Integer.toString(counter)) + .png)): null

2018-12-14 01:57:13 - [TEST_STEP][PASSED] - Statement - counter = counter + 1: null

2018-12-14 01:57:13 - [TEST_STEP][PASSED] - Statement - PreSaveFile = new java.io.File(((pathPrefix + java.lang.Integer.toString(counter)) + .png)): null

2018-12-14 01:57:13 - [TEST_STEP][PASSED] - Statement - counter = counter + 1: null

2018-12-14 01:57:13 - [TEST_STEP][PASSED] - Statement - PreSaveFile = new java.io.File(((pathPrefix + java.lang.Integer.toString(counter)) + .png)): null

2018-12-14 01:57:13 - [TEST_STEP][PASSED] - Statement - counter = counter + 1: null

2018-12-14 01:57:13 - [TEST_STEP][PASSED] - Statement - PreSaveFile = new java.io.File(((pathPrefix + java.lang.Integer.toString(counter)) + .png)): null

2018-12-14 01:57:13 - [TEST_STEP][PASSED] - Statement - counter = counter + 1: null

2018-12-14 01:57:13 - [TEST_STEP][PASSED] - Statement - PreSaveFile = new java.io.File(((pathPrefix + java.lang.Integer.toString(counter)) + .png)): null

2018-12-14 01:57:13 - [TEST_STEP][PASSED] - Statement - counter = counter + 1: null

2018-12-14 01:57:13 - [TEST_STEP][PASSED] - Statement - PreSaveFile = new java.io.File(((pathPrefix + java.lang.Integer.toString(counter)) + .png)): null

2018-12-14 01:57:13 - [TEST_STEP][PASSED] - Statement - counter = counter + 1: null

2018-12-14 01:57:13 - [TEST_STEP][PASSED] - Statement - PreSaveFile = new java.io.File(((pathPrefix + java.lang.Integer.toString(counter)) + .png)): null

2018-12-14 01:57:13 - [TEST_STEP][PASSED] - Statement - counter = counter + 1: null

2018-12-14 01:57:13 - [TEST_STEP][PASSED] - Statement - PreSaveFile = new java.io.File(((pathPrefix + java.lang.Integer.toString(counter)) + .png)): null

2018-12-14 01:57:13 - [TEST_STEP][PASSED] - Statement - counter = counter + 1: null

2018-12-14 01:57:13 - [TEST_STEP][PASSED] - Statement - PreSaveFile = new java.io.File(((pathPrefix + java.lang.Integer.toString(counter)) + .png)): null

2018-12-14 01:57:13 - [TEST_STEP][PASSED] - Statement - counter = counter + 1: null

2018-12-14 01:57:13 - [TEST_STEP][PASSED] - Statement - PreSaveFile = new java.io.File(((pathPrefix + java.lang.Integer.toString(counter)) + .png)): null

2018-12-14 01:57:13 - [TEST_STEP][PASSED] - Statement - counter = counter + 1: null

2018-12-14 01:57:13 - [TEST_STEP][PASSED] - Statement - PreSaveFile = new java.io.File(((pathPrefix + java.lang.Integer.toString(counter)) + .png)): null

2018-12-14 01:57:13 - [TEST_STEP][PASSED] - Statement - counter = counter + 1: null

2018-12-14 01:57:13 - [TEST_STEP][PASSED] - Statement - PreSaveFile = new java.io.File(((pathPrefix + java.lang.Integer.toString(counter)) + .png)): null

2018-12-14 01:57:13 - [TEST_STEP][PASSED] - Statement - counter = counter + 1: null

2018-12-14 01:57:13 - [TEST_STEP][PASSED] - Statement - PreSaveFile = new java.io.File(((pathPrefix + java.lang.Integer.toString(counter)) + .png)): null

2018-12-14 01:57:13 - [TEST_STEP][PASSED] - Statement - counter = counter + 1: null

2018-12-14 01:57:13 - [TEST_STEP][PASSED] - Statement - PreSaveFile = new java.io.File(((pathPrefix + java.lang.Integer.toString(counter)) + .png)): null

2018-12-14 01:57:13 - [TEST_STEP][PASSED] - Statement - counter = counter + 1: null

2018-12-14 01:57:13 - [TEST_STEP][PASSED] - Statement - PreSaveFile = new java.io.File(((pathPrefix + java.lang.Integer.toString(counter)) + .png)): null

2018-12-14 01:57:13 - [TEST_STEP][PASSED] - Statement - counter = counter + 1: null

2018-12-14 01:57:13 - [TEST_STEP][PASSED] - Statement - PreSaveFile = new java.io.File(((pathPrefix + java.lang.Integer.toString(counter)) + .png)): null

2018-12-14 01:57:13 - [TEST_STEP][PASSED] - Statement - counter = counter + 1: null

2018-12-14 01:57:13 - [TEST_STEP][PASSED] - Statement - PreSaveFile = new java.io.File(((pathPrefix + java.lang.Integer.toString(counter)) + .png)): null

2018-12-14 01:57:13 - [TEST_STEP][PASSED] - Statement - counter = counter + 1: null

2018-12-14 01:57:13 - [TEST_STEP][PASSED] - Statement - PreSaveFile = new java.io.File(((pathPrefix + java.lang.Integer.toString(counter)) + .png)): null

2018-12-14 01:57:13 - [TEST_STEP][PASSED] - Statement - counter = counter + 1: null

2018-12-14 01:57:13 - [TEST_STEP][PASSED] - Statement - PreSaveFile = new java.io.File(((pathPrefix + java.lang.Integer.toString(counter)) + .png)): null

2018-12-14 01:57:13 - [TEST_STEP][PASSED] - Statement - counter = counter + 1: null

2018-12-14 01:57:13 - [TEST_STEP][PASSED] - Statement - PreSaveFile = new java.io.File(((pathPrefix + java.lang.Integer.toString(counter)) + .png)): null

2018-12-14 01:57:13 - [TEST_STEP][PASSED] - Statement - counter = counter + 1: null

2018-12-14 01:57:13 - [TEST_STEP][PASSED] - Statement - PreSaveFile = new java.io.File(((pathPrefix + java.lang.Integer.toString(counter)) + .png)): null

2018-12-14 01:57:13 - [TEST_STEP][PASSED] - Statement - counter = counter + 1: null

2018-12-14 01:57:13 - [TEST_STEP][PASSED] - Statement - PreSaveFile = new java.io.File(((pathPrefix + java.lang.Integer.toString(counter)) + .png)): null

2018-12-14 01:57:13 - [TEST_STEP][PASSED] - Statement - counter = counter + 1: null

2018-12-14 01:57:13 - [TEST_STEP][PASSED] - Statement - PreSaveFile = new java.io.File(((pathPrefix + java.lang.Integer.toString(counter)) + .png)): null

2018-12-14 01:57:13 - [TEST_STEP][PASSED] - Statement - counter = counter + 1: null

2018-12-14 01:57:13 - [TEST_STEP][PASSED] - Statement - PreSaveFile = new java.io.File(((pathPrefix + java.lang.Integer.toString(counter)) + .png)): null

2018-12-14 01:57:13 - [TEST_STEP][PASSED] - Statement - counter = counter + 1: null

2018-12-14 01:57:13 - [TEST_STEP][PASSED] - Statement - PreSaveFile = new java.io.File(((pathPrefix + java.lang.Integer.toString(counter)) + .png)): null

2018-12-14 01:57:13 - [TEST_STEP][PASSED] - Statement - counter = counter + 1: null

2018-12-14 01:57:13 - [TEST_STEP][PASSED] - Statement - PreSaveFile = new java.io.File(((pathPrefix + java.lang.Integer.toString(counter)) + .png)): null

2018-12-14 01:57:13 - [TEST_STEP][PASSED] - Statement - counter = counter + 1: null

2018-12-14 01:57:13 - [TEST_STEP][PASSED] - Statement - PreSaveFile = new java.io.File(((pathPrefix + java.lang.Integer.toString(counter)) + .png)): null

2018-12-14 01:57:13 - [TEST_STEP][PASSED] - Statement - counter = counter + 1: null

2018-12-14 01:57:13 - [TEST_STEP][PASSED] - Statement - PreSaveFile = new java.io.File(((pathPrefix + java.lang.Integer.toString(counter)) + .png)): null

2018-12-14 01:57:13 - [TEST_STEP][PASSED] - Statement - counter = counter + 1: null

2018-12-14 01:57:13 - [TEST_STEP][PASSED] - Statement - PreSaveFile = new java.io.File(((pathPrefix + java.lang.Integer.toString(counter)) + .png)): null

2018-12-14 01:57:13 - [TEST_STEP][PASSED] - Statement - counter = counter + 1: null

2018-12-14 01:57:13 - [TEST_STEP][PASSED] - Statement - PreSaveFile = new java.io.File(((pathPrefix + java.lang.Integer.toString(counter)) + .png)): null

2018-12-14 01:57:13 - [TEST_STEP][PASSED] - Statement - counter = counter + 1: null

2018-12-14 01:57:13 - [TEST_STEP][PASSED] - Statement - PreSaveFile = new java.io.File(((pathPrefix + java.lang.Integer.toString(counter)) + .png)): null

2018-12-14 01:57:13 - [TEST_STEP][PASSED] - Statement - counter = counter + 1: null

2018-12-14 01:57:13 - [TEST_STEP][PASSED] - Statement - PreSaveFile = new java.io.File(((pathPrefix + java.lang.Integer.toString(counter)) + .png)): null

2018-12-14 01:57:13 - [TEST_STEP][PASSED] - Statement - counter = counter + 1: null

2018-12-14 01:57:13 - [TEST_STEP][PASSED] - Statement - PreSaveFile = new java.io.File(((pathPrefix + java.lang.Integer.toString(counter)) + .png)): null

2018-12-14 01:57:13 - [TEST_STEP][PASSED] - Statement - counter = counter + 1: null

2018-12-14 01:57:13 - [TEST_STEP][PASSED] - Statement - PreSaveFile = new java.io.File(((pathPrefix + java.lang.Integer.toString(counter)) + .png)): null

2018-12-14 01:57:13 - [TEST_STEP][PASSED] - Statement - counter = counter + 1: null

2018-12-14 01:57:13 - [TEST_STEP][PASSED] - Statement - PreSaveFile = new java.io.File(((pathPrefix + java.lang.Integer.toString(counter)) + .png)): null

2018-12-14 01:57:13 - [TEST_STEP][PASSED] - Statement - counter = counter + 1: null

2018-12-14 01:57:13 - [TEST_STEP][PASSED] - Statement - PreSaveFile = new java.io.File(((pathPrefix + java.lang.Integer.toString(counter)) + .png)): null

2018-12-14 01:57:13 - [TEST_STEP][PASSED] - Statement - counter = counter + 1: null

2018-12-14 01:57:13 - [TEST_STEP][PASSED] - Statement - PreSaveFile = new java.io.File(((pathPrefix + java.lang.Integer.toString(counter)) + .png)): null

2018-12-14 01:57:13 - [TEST_STEP][PASSED] - Statement - counter = counter + 1: null

2018-12-14 01:57:13 - [TEST_STEP][PASSED] - Statement - PreSaveFile = new java.io.File(((pathPrefix + java.lang.Integer.toString(counter)) + .png)): null

2018-12-14 01:57:13 - [TEST_STEP][PASSED] - Statement - counter = counter + 1: null

2018-12-14 01:57:13 - [TEST_STEP][PASSED] - Statement - PreSaveFile = new java.io.File(((pathPrefix + java.lang.Integer.toString(counter)) + .png)): null

2018-12-14 01:57:13 - [TEST_STEP][PASSED] - Statement - counter = counter + 1: null

2018-12-14 01:57:13 - [TEST_STEP][PASSED] - Statement - PreSaveFile = new java.io.File(((pathPrefix + java.lang.Integer.toString(counter)) + .png)): null

2018-12-14 01:57:13 - [TEST_STEP][PASSED] - Statement - counter = counter + 1: null

2018-12-14 01:57:13 - [TEST_STEP][PASSED] - Statement - PreSaveFile = new java.io.File(((pathPrefix + java.lang.Integer.toString(counter)) + .png)): null

2018-12-14 01:57:13 - [TEST_STEP][PASSED] - Statement - counter = counter + 1: null

2018-12-14 01:57:13 - [TEST_STEP][PASSED] - Statement - PreSaveFile = new java.io.File(((pathPrefix + java.lang.Integer.toString(counter)) + .png)): null

2018-12-14 01:57:13 - [TEST_STEP][PASSED] - Statement - counter = counter + 1: null

2018-12-14 01:57:13 - [TEST_STEP][PASSED] - Statement - PreSaveFile = new java.io.File(((pathPrefix + java.lang.Integer.toString(counter)) + .png)): null

2018-12-14 01:57:13 - [TEST_STEP][PASSED] - Statement - counter = counter + 1: null

2018-12-14 01:57:13 - [TEST_STEP][PASSED] - Statement - PreSaveFile = new java.io.File(((pathPrefix + java.lang.Integer.toString(counter)) + .png)): null

2018-12-14 01:57:13 - [TEST_STEP][PASSED] - Statement - counter = counter + 1: null

2018-12-14 01:57:13 - [TEST_STEP][PASSED] - Statement - PreSaveFile = new java.io.File(((pathPrefix + java.lang.Integer.toString(counter)) + .png)): null

2018-12-14 01:57:13 - [TEST_STEP][PASSED] - Statement - counter = counter + 1: null

2018-12-14 01:57:13 - [TEST_STEP][PASSED] - Statement - PreSaveFile = new java.io.File(((pathPrefix + java.lang.Integer.toString(counter)) + .png)): null

2018-12-14 01:57:13 - [TEST_STEP][PASSED] - Statement - counter = counter + 1: null

2018-12-14 01:57:13 - [TEST_STEP][PASSED] - Statement - PreSaveFile = new java.io.File(((pathPrefix + java.lang.Integer.toString(counter)) + .png)): null

2018-12-14 01:57:13 - [TEST_STEP][PASSED] - Statement - counter = counter + 1: null

2018-12-14 01:57:13 - [TEST_STEP][PASSED] - Statement - PreSaveFile = new java.io.File(((pathPrefix + java.lang.Integer.toString(counter)) + .png)): null

2018-12-14 01:57:13 - [TEST_STEP][PASSED] - Statement - counter = counter + 1: null

2018-12-14 01:57:13 - [TEST_STEP][PASSED] - Statement - PreSaveFile = new java.io.File(((pathPrefix + java.lang.Integer.toString(counter)) + .png)): null

2018-12-14 01:57:13 - [TEST_STEP][PASSED] - Statement - counter = counter + 1: null

2018-12-14 01:57:13 - [TEST_STEP][PASSED] - Statement - PreSaveFile = new java.io.File(((pathPrefix + java.lang.Integer.toString(counter)) + .png)): null

2018-12-14 01:57:13 - [TEST_STEP][PASSED] - Statement - counter = counter + 1: null

2018-12-14 01:57:13 - [TEST_STEP][PASSED] - Statement - PreSaveFile = new java.io.File(((pathPrefix + java.lang.Integer.toString(counter)) + .png)): null

2018-12-14 01:57:13 - [TEST_STEP][PASSED] - Statement - counter = counter + 1: null

2018-12-14 01:57:13 - [TEST_STEP][PASSED] - Statement - PreSaveFile = new java.io.File(((pathPrefix + java.lang.Integer.toString(counter)) + .png)): null

2018-12-14 01:57:13 - [TEST_STEP][PASSED] - Statement - counter = counter + 1: null

2018-12-14 01:57:13 - [TEST_STEP][PASSED] - Statement - PreSaveFile = new java.io.File(((pathPrefix + java.lang.Integer.toString(counter)) + .png)): null

2018-12-14 01:57:13 - [TEST_STEP][PASSED] - Statement - counter = counter + 1: null

2018-12-14 01:57:13 - [TEST_STEP][PASSED] - Statement - PreSaveFile = new java.io.File(((pathPrefix + java.lang.Integer.toString(counter)) + .png)): null

2018-12-14 01:57:13 - [TEST_STEP][PASSED] - Statement - counter = counter + 1: null

2018-12-14 01:57:13 - [TEST_STEP][PASSED] - Statement - PreSaveFile = new java.io.File(((pathPrefix + java.lang.Integer.toString(counter)) + .png)): null

2018-12-14 01:57:13 - [TEST_STEP][PASSED] - Statement - counter = counter + 1: null

2018-12-14 01:57:13 - [TEST_STEP][PASSED] - Statement - PreSaveFile = new java.io.File(((pathPrefix + java.lang.Integer.toString(counter)) + .png)): null

2018-12-14 01:57:13 - [TEST_STEP][PASSED] - Statement - counter = counter + 1: null

2018-12-14 01:57:13 - [TEST_STEP][PASSED] - Statement - PreSaveFile = new java.io.File(((pathPrefix + java.lang.Integer.toString(counter)) + .png)): null

2018-12-14 01:57:13 - [TEST_STEP][PASSED] - Statement - counter = counter + 1: null

2018-12-14 01:57:13 - [TEST_STEP][PASSED] - Statement - PreSaveFile = new java.io.File(((pathPrefix + java.lang.Integer.toString(counter)) + .png)): null

2018-12-14 01:57:13 - [TEST_STEP][PASSED] - Statement - counter = counter + 1: null

2018-12-14 01:57:13 - [TEST_STEP][PASSED] - Statement - PreSaveFile = new java.io.File(((pathPrefix + java.lang.Integer.toString(counter)) + .png)): null

2018-12-14 01:57:13 - [TEST_STEP][PASSED] - Statement - counter = counter + 1: null

2018-12-14 01:57:13 - [TEST_STEP][PASSED] - Statement - PreSaveFile = new java.io.File(((pathPrefix + java.lang.Integer.toString(counter)) + .png)): null

2018-12-14 01:57:13 - [TEST_STEP][PASSED] - Statement - counter = counter + 1: null

2018-12-14 01:57:13 - [TEST_STEP][PASSED] - Statement - PreSaveFile = new java.io.File(((pathPrefix + java.lang.Integer.toString(counter)) + .png)): null

2018-12-14 01:57:13 - [TEST_STEP][PASSED] - Statement - counter = counter + 1: null

2018-12-14 01:57:13 - [TEST_STEP][PASSED] - Statement - PreSaveFile = new java.io.File(((pathPrefix + java.lang.Integer.toString(counter)) + .png)): null

2018-12-14 01:57:13 - [TEST_STEP][PASSED] - Statement - counter = counter + 1: null

2018-12-14 01:57:13 - [TEST_STEP][PASSED] - Statement - PreSaveFile = new java.io.File(((pathPrefix + java.lang.Integer.toString(counter)) + .png)): null

2018-12-14 01:57:13 - [TEST_STEP][PASSED] - Statement - counter = counter + 1: null

2018-12-14 01:57:13 - [TEST_STEP][PASSED] - Statement - PreSaveFile = new java.io.File(((pathPrefix + java.lang.Integer.toString(counter)) + .png)): null

2018-12-14 01:57:13 - [TEST_STEP][PASSED] - Statement - counter = counter + 1: null

2018-12-14 01:57:13 - [TEST_STEP][PASSED] - Statement - PreSaveFile = new java.io.File(((pathPrefix + java.lang.Integer.toString(counter)) + .png)): null

2018-12-14 01:57:13 - [TEST_STEP][PASSED] - Statement - counter = counter + 1: null

2018-12-14 01:57:13 - [TEST_STEP][PASSED] - Statement - PreSaveFile = new java.io.File(((pathPrefix + java.lang.Integer.toString(counter)) + .png)): null

2018-12-14 01:57:13 - [TEST_STEP][PASSED] - Statement - counter = counter + 1: null

2018-12-14 01:57:13 - [TEST_STEP][PASSED] - Statement - PreSaveFile = new java.io.File(((pathPrefix + java.lang.Integer.toString(counter)) + .png)): null

2018-12-14 01:57:13 - [TEST_STEP][PASSED] - Statement - counter = counter + 1: null

2018-12-14 01:57:13 - [TEST_STEP][PASSED] - Statement - PreSaveFile = new java.io.File(((pathPrefix + java.lang.Integer.toString(counter)) + .png)): null

2018-12-14 01:57:13 - [TEST_STEP][PASSED] - Statement - counter = counter + 1: null

2018-12-14 01:57:13 - [TEST_STEP][PASSED] - Statement - PreSaveFile = new java.io.File(((pathPrefix + java.lang.Integer.toString(counter)) + .png)): null

2018-12-14 01:57:13 - [TEST_STEP][PASSED] - Statement - counter = counter + 1: null

2018-12-14 01:57:13 - [TEST_STEP][PASSED] - Statement - PreSaveFile = new java.io.File(((pathPrefix + java.lang.Integer.toString(counter)) + .png)): null

2018-12-14 01:57:13 - [TEST_STEP][PASSED] - Statement - counter = counter + 1: null

2018-12-14 01:57:13 - [TEST_STEP][PASSED] - Statement - PreSaveFile = new java.io.File(((pathPrefix + java.lang.Integer.toString(counter)) + .png)): null

2018-12-14 01:57:13 - [TEST_STEP][PASSED] - Statement - counter = counter + 1: null

2018-12-14 01:57:13 - [TEST_STEP][PASSED] - Statement - PreSaveFile = new java.io.File(((pathPrefix + java.lang.Integer.toString(counter)) + .png)): null

2018-12-14 01:57:13 - [TEST_STEP][PASSED] - Statement - counter = counter + 1: null

2018-12-14 01:57:13 - [TEST_STEP][PASSED] - Statement - PreSaveFile = new java.io.File(((pathPrefix + java.lang.Integer.toString(counter)) + .png)): null

2018-12-14 01:57:13 - [TEST_STEP][PASSED] - Statement - finalPath = pathPrefix + java.lang.Integer.toString(counter) + ".png": null

2018-12-14 01:57:13 - [TEST_STEP][PASSED] - Statement - SaveFile = new java.io.File(finalPath): null

2018-12-14 01:57:13 - [TEST_STEP][PASSED] - Statement - Try: null

2018-12-14 01:57:13 - [TEST_STEP][PASSED] - Statement - org.apache.commons.io.FileUtils.copyFile(scrFile, SaveFile): null

2018-12-14 01:57:13 - [TEST_STEP][PASSED] - Statement - out.println("file kept"): null

2018-12-14 01:57:13 - [TEST_STEP][PASSED] - delay: Delayed 10 second(s)

2018-12-14 01:57:23 - [MESSAGE][PASSED] - Delayed 10 second(s)

2018-12-14 01:57:23 - [MESSAGE][PASSED] - Call Test Case 'Test Cases/Final Aug 2018 - PKS Automation/Common/Screenshoting tool' successfully]]></system-out>
         <system-err><![CDATA[2018-12-14 01:39:45 - [TEST_CASE][FAILED] - Test Cases/Final Aug 2018 - PKS Automation/Registration Module/Workflow/Update Add New Employee/Special Case (OTC - PKR BO -  RO Under Enforcement): Test Cases/Final Aug 2018 - PKS Automation/Registration Module/Workflow/Update Add New Employee/Special Case (OTC - PKR BO -  RO Under Enforcement) FAILED because (of) (Stack trace: com.kms.katalon.core.exception.StepFailedException: Unable to set text 'CAN12201800002353' of object 'Object Repository/Final Object Repo/New Registration - Registration Module Pages/New Reg - OTC to RO/Special Case - All Related Objects/TextBox RefNo in Workbasket' (Root cause: org.openqa.selenium.ElementNotVisibleException: element not interactable
  (Session info: chrome=70.0.3538.110)
  (Driver info: chromedriver=2.43.600210 (68dcf5eebde37173d4027fa8635e332711d2874a),platform=Windows NT 6.1.7601 SP1 x86_64) (WARNING: The server did not provide any stacktrace information)
Command duration or timeout: 0 milliseconds
Build info: version: '3.7.1', revision: '8a0099a', time: '2017-11-06T21:07:36.161Z'
System info: host: 'WIN7TEST02', ip: '10.20.3.72', os.name: 'Windows 7', os.arch: 'amd64', os.version: '6.1', java.version: '1.8.0_181'
Driver info: com.kms.katalon.selenium.driver.CChromeDriver
Capabilities {acceptInsecureCerts: false, acceptSslCerts: false, applicationCacheEnabled: false, browserConnectionEnabled: false, browserName: chrome, chrome: {chromedriverVersion: 2.43.600210 (68dcf5eebde371..., userDataDir: C:\Users\Admin\AppData\Loca...}, cssSelectorsEnabled: true, databaseEnabled: false, goog:chromeOptions: {debuggerAddress: localhost:64030}, handlesAlerts: true, hasTouchScreen: false, javascriptEnabled: true, locationContextEnabled: true, mobileEmulationEnabled: false, nativeEvents: true, networkConnectionEnabled: false, pageLoadStrategy: normal, platform: XP, platformName: XP, rotatable: false, setWindowRect: true, takesHeapSnapshot: true, takesScreenshot: true, unexpectedAlertBehaviour: , unhandledPromptBehavior: , version: 70.0.3538.110, webStorageEnabled: true}
Session ID: d70461dcecc9484db3fa11e1d96055a4)
	at com.kms.katalon.core.keyword.internal.KeywordMain.stepFailed(KeywordMain.groovy:32)
	at com.kms.katalon.core.webui.keyword.internal.WebUIKeywordMain.stepFailed(WebUIKeywordMain.groovy:65)
	at com.kms.katalon.core.webui.keyword.internal.WebUIKeywordMain.runKeyword(WebUIKeywordMain.groovy:27)
	at com.kms.katalon.core.webui.keyword.builtin.SetTextKeyword.setText(SetTextKeyword.groovy:65)
	at com.kms.katalon.core.webui.keyword.builtin.SetTextKeyword.execute(SetTextKeyword.groovy:37)
	at com.kms.katalon.core.keyword.internal.KeywordExecutor.executeKeywordForPlatform(KeywordExecutor.groovy:53)
	at com.kms.katalon.core.webui.keyword.WebUiBuiltInKeywords.setText(WebUiBuiltInKeywords.groovy:950)
	at com.kms.katalon.core.webui.keyword.WebUiBuiltInKeywords$setText$1.call(Unknown Source)
	at org.codehaus.groovy.runtime.callsite.CallSiteArray.defaultCall(CallSiteArray.java:48)
	at org.codehaus.groovy.runtime.callsite.AbstractCallSite.call(AbstractCallSite.java:113)
	at org.codehaus.groovy.runtime.callsite.AbstractCallSite.call(AbstractCallSite.java:133)
	at Script1536307034674.run(Script1536307034674.groovy:253)
	at com.kms.katalon.core.main.ScriptEngine.run(ScriptEngine.java:183)
	at com.kms.katalon.core.main.ScriptEngine.runScriptAsRawText(ScriptEngine.java:108)
	at com.kms.katalon.core.main.TestCaseExecutor.runScript(TestCaseExecutor.java:294)
	at com.kms.katalon.core.main.TestCaseExecutor.doExecute(TestCaseExecutor.java:285)
	at com.kms.katalon.core.main.TestCaseExecutor.processExecutionPhase(TestCaseExecutor.java:264)
	at com.kms.katalon.core.main.TestCaseExecutor.accessMainPhase(TestCaseExecutor.java:256)
	at com.kms.katalon.core.main.TestCaseExecutor.execute(TestCaseExecutor.java:200)
	at com.kms.katalon.core.main.TestSuiteExecutor.accessTestCaseMainPhase(TestSuiteExecutor.java:129)
	at com.kms.katalon.core.main.TestSuiteExecutor.accessTestSuiteMainPhase(TestSuiteExecutor.java:112)
	at com.kms.katalon.core.main.TestSuiteExecutor.execute(TestSuiteExecutor.java:81)
	at com.kms.katalon.core.main.TestCaseMain.startTestSuite(TestCaseMain.java:142)
	at com.kms.katalon.core.main.TestCaseMain$startTestSuite$0.call(Unknown Source)
	at org.codehaus.groovy.runtime.callsite.CallSiteArray.defaultCall(CallSiteArray.java:48)
	at org.codehaus.groovy.runtime.callsite.AbstractCallSite.call(AbstractCallSite.java:113)
	at org.codehaus.groovy.runtime.callsite.AbstractCallSite.call(AbstractCallSite.java:141)
	at TempTestSuite1544713124582.run(TempTestSuite1544713124582.groovy:36)
	at groovy.lang.GroovyShell.runScriptOrMainOrTestOrRunnable(GroovyShell.java:263)
	at groovy.lang.GroovyShell.run(GroovyShell.java:518)
	at groovy.lang.GroovyShell.run(GroovyShell.java:507)
	at groovy.ui.GroovyMain.processOnce(GroovyMain.java:653)
	at groovy.ui.GroovyMain.run(GroovyMain.java:384)
	at groovy.ui.GroovyMain.process(GroovyMain.java:370)
	at groovy.ui.GroovyMain.processArgs(GroovyMain.java:129)
	at groovy.ui.GroovyMain.main(GroovyMain.java:109)
	at sun.reflect.NativeMethodAccessorImpl.invoke0(Native Method)
	at sun.reflect.NativeMethodAccessorImpl.invoke(NativeMethodAccessorImpl.java:62)
	at sun.reflect.DelegatingMethodAccessorImpl.invoke(DelegatingMethodAccessorImpl.java:43)
	at java.lang.reflect.Method.invoke(Method.java:498)
	at org.codehaus.groovy.tools.GroovyStarter.rootLoader(GroovyStarter.java:109)
	at org.codehaus.groovy.tools.GroovyStarter.main(GroovyStarter.java:131)
)]]></system-err>
      </testcase>
      <testcase name="Test Cases/Final Aug 2018 - PKS Automation/Registration Module/Workflow/Update Add New Employee/Special Case (OTC - PKR BO - RO Query - PKR BO Upload Pending Case - RO Approve)" classname="Test Cases/Final Aug 2018 - PKS Automation/Registration Module/Workflow/Update Add New Employee/Special Case (OTC - PKR BO - RO Query - PKR BO Upload Pending Case - RO Approve)" status="FAILED">
         <failure type="FAILED" message="(Stack trace: com.kms.katalon.core.exception.StepFailedException: Unable to set text 'CAN12201800002354' of object 'Object Repository/Final Object Repo/New Registration - Registration Module Pages/New Reg - OTC to RO/Special Case - All Related Objects/TextBox RefNo in Workbasket' (Root cause: org.openqa.selenium.ElementNotVisibleException: element not interactable
  (Session info: chrome=70.0.3538.110)
  (Driver info: chromedriver=2.43.600210 (68dcf5eebde37173d4027fa8635e332711d2874a),platform=Windows NT 6.1.7601 SP1 x86_64) (WARNING: The server did not provide any stacktrace information)
Command duration or timeout: 0 milliseconds
Build info: version: '3.7.1', revision: '8a0099a', time: '2017-11-06T21:07:36.161Z'
System info: host: 'WIN7TEST02', ip: '10.20.3.72', os.name: 'Windows 7', os.arch: 'amd64', os.version: '6.1', java.version: '1.8.0_181'
Driver info: com.kms.katalon.selenium.driver.CChromeDriver
Capabilities {acceptInsecureCerts: false, acceptSslCerts: false, applicationCacheEnabled: false, browserConnectionEnabled: false, browserName: chrome, chrome: {chromedriverVersion: 2.43.600210 (68dcf5eebde371..., userDataDir: C:\Users\Admin\AppData\Loca...}, cssSelectorsEnabled: true, databaseEnabled: false, goog:chromeOptions: {debuggerAddress: localhost:64263}, handlesAlerts: true, hasTouchScreen: false, javascriptEnabled: true, locationContextEnabled: true, mobileEmulationEnabled: false, nativeEvents: true, networkConnectionEnabled: false, pageLoadStrategy: normal, platform: XP, platformName: XP, rotatable: false, setWindowRect: true, takesHeapSnapshot: true, takesScreenshot: true, unexpectedAlertBehaviour: , unhandledPromptBehavior: , version: 70.0.3538.110, webStorageEnabled: true}
Session ID: bdc88b027d16d773ab9ac36584bdb9db)
	at com.kms.katalon.core.keyword.internal.KeywordMain.stepFailed(KeywordMain.groovy:32)
	at com.kms.katalon.core.webui.keyword.internal.WebUIKeywordMain.stepFailed(WebUIKeywordMain.groovy:65)
	at com.kms.katalon.core.webui.keyword.internal.WebUIKeywordMain.runKeyword(WebUIKeywordMain.groovy:27)
	at com.kms.katalon.core.webui.keyword.builtin.SetTextKeyword.setText(SetTextKeyword.groovy:65)
	at com.kms.katalon.core.webui.keyword.builtin.SetTextKeyword.execute(SetTextKeyword.groovy:37)
	at com.kms.katalon.core.keyword.internal.KeywordExecutor.executeKeywordForPlatform(KeywordExecutor.groovy:53)
	at com.kms.katalon.core.webui.keyword.WebUiBuiltInKeywords.setText(WebUiBuiltInKeywords.groovy:950)
	at com.kms.katalon.core.webui.keyword.WebUiBuiltInKeywords$setText$1.call(Unknown Source)
	at org.codehaus.groovy.runtime.callsite.CallSiteArray.defaultCall(CallSiteArray.java:48)
	at org.codehaus.groovy.runtime.callsite.AbstractCallSite.call(AbstractCallSite.java:113)
	at org.codehaus.groovy.runtime.callsite.AbstractCallSite.call(AbstractCallSite.java:133)
	at Script1536223156094.run(Script1536223156094.groovy:253)
	at com.kms.katalon.core.main.ScriptEngine.run(ScriptEngine.java:183)
	at com.kms.katalon.core.main.ScriptEngine.runScriptAsRawText(ScriptEngine.java:108)
	at com.kms.katalon.core.main.TestCaseExecutor.runScript(TestCaseExecutor.java:294)
	at com.kms.katalon.core.main.TestCaseExecutor.doExecute(TestCaseExecutor.java:285)
	at com.kms.katalon.core.main.TestCaseExecutor.processExecutionPhase(TestCaseExecutor.java:264)
	at com.kms.katalon.core.main.TestCaseExecutor.accessMainPhase(TestCaseExecutor.java:256)
	at com.kms.katalon.core.main.TestCaseExecutor.execute(TestCaseExecutor.java:200)
	at com.kms.katalon.core.main.TestSuiteExecutor.accessTestCaseMainPhase(TestSuiteExecutor.java:129)
	at com.kms.katalon.core.main.TestSuiteExecutor.accessTestSuiteMainPhase(TestSuiteExecutor.java:112)
	at com.kms.katalon.core.main.TestSuiteExecutor.execute(TestSuiteExecutor.java:81)
	at com.kms.katalon.core.main.TestCaseMain.startTestSuite(TestCaseMain.java:142)
	at com.kms.katalon.core.main.TestCaseMain$startTestSuite$0.call(Unknown Source)
	at org.codehaus.groovy.runtime.callsite.CallSiteArray.defaultCall(CallSiteArray.java:48)
	at org.codehaus.groovy.runtime.callsite.AbstractCallSite.call(AbstractCallSite.java:113)
	at org.codehaus.groovy.runtime.callsite.AbstractCallSite.call(AbstractCallSite.java:141)
	at TempTestSuite1544713124582.run(TempTestSuite1544713124582.groovy:36)
	at groovy.lang.GroovyShell.runScriptOrMainOrTestOrRunnable(GroovyShell.java:263)
	at groovy.lang.GroovyShell.run(GroovyShell.java:518)
	at groovy.lang.GroovyShell.run(GroovyShell.java:507)
	at groovy.ui.GroovyMain.processOnce(GroovyMain.java:653)
	at groovy.ui.GroovyMain.run(GroovyMain.java:384)
	at groovy.ui.GroovyMain.process(GroovyMain.java:370)
	at groovy.ui.GroovyMain.processArgs(GroovyMain.java:129)
	at groovy.ui.GroovyMain.main(GroovyMain.java:109)
	at sun.reflect.NativeMethodAccessorImpl.invoke0(Native Method)
	at sun.reflect.NativeMethodAccessorImpl.invoke(NativeMethodAccessorImpl.java:62)
	at sun.reflect.DelegatingMethodAccessorImpl.invoke(DelegatingMethodAccessorImpl.java:43)
	at java.lang.reflect.Method.invoke(Method.java:498)
	at org.codehaus.groovy.tools.GroovyStarter.rootLoader(GroovyStarter.java:109)
	at org.codehaus.groovy.tools.GroovyStarter.main(GroovyStarter.java:131)
)"/>
         <system-out><![CDATA[2018-12-14 01:57:23 - [TEST_CASE][FAILED] - Test Cases/Final Aug 2018 - PKS Automation/Registration Module/Workflow/Update Add New Employee/Special Case (OTC - PKR BO - RO Query - PKR BO Upload Pending Case - RO Approve): Test Cases/Final Aug 2018 - PKS Automation/Registration Module/Workflow/Update Add New Employee/Special Case (OTC - PKR BO - RO Query - PKR BO Upload Pending Case - RO Approve) FAILED because (of) (Stack trace: com.kms.katalon.core.exception.StepFailedException: Unable to set text 'CAN12201800002354' of object 'Object Repository/Final Object Repo/New Registration - Registration Module Pages/New Reg - OTC to RO/Special Case - All Related Objects/TextBox RefNo in Workbasket' (Root cause: org.openqa.selenium.ElementNotVisibleException: element not interactable
  (Session info: chrome=70.0.3538.110)
  (Driver info: chromedriver=2.43.600210 (68dcf5eebde37173d4027fa8635e332711d2874a),platform=Windows NT 6.1.7601 SP1 x86_64) (WARNING: The server did not provide any stacktrace information)
Command duration or timeout: 0 milliseconds
Build info: version: '3.7.1', revision: '8a0099a', time: '2017-11-06T21:07:36.161Z'
System info: host: 'WIN7TEST02', ip: '10.20.3.72', os.name: 'Windows 7', os.arch: 'amd64', os.version: '6.1', java.version: '1.8.0_181'
Driver info: com.kms.katalon.selenium.driver.CChromeDriver
Capabilities {acceptInsecureCerts: false, acceptSslCerts: false, applicationCacheEnabled: false, browserConnectionEnabled: false, browserName: chrome, chrome: {chromedriverVersion: 2.43.600210 (68dcf5eebde371..., userDataDir: C:\Users\Admin\AppData\Loca...}, cssSelectorsEnabled: true, databaseEnabled: false, goog:chromeOptions: {debuggerAddress: localhost:64263}, handlesAlerts: true, hasTouchScreen: false, javascriptEnabled: true, locationContextEnabled: true, mobileEmulationEnabled: false, nativeEvents: true, networkConnectionEnabled: false, pageLoadStrategy: normal, platform: XP, platformName: XP, rotatable: false, setWindowRect: true, takesHeapSnapshot: true, takesScreenshot: true, unexpectedAlertBehaviour: , unhandledPromptBehavior: , version: 70.0.3538.110, webStorageEnabled: true}
Session ID: bdc88b027d16d773ab9ac36584bdb9db)
	at com.kms.katalon.core.keyword.internal.KeywordMain.stepFailed(KeywordMain.groovy:32)
	at com.kms.katalon.core.webui.keyword.internal.WebUIKeywordMain.stepFailed(WebUIKeywordMain.groovy:65)
	at com.kms.katalon.core.webui.keyword.internal.WebUIKeywordMain.runKeyword(WebUIKeywordMain.groovy:27)
	at com.kms.katalon.core.webui.keyword.builtin.SetTextKeyword.setText(SetTextKeyword.groovy:65)
	at com.kms.katalon.core.webui.keyword.builtin.SetTextKeyword.execute(SetTextKeyword.groovy:37)
	at com.kms.katalon.core.keyword.internal.KeywordExecutor.executeKeywordForPlatform(KeywordExecutor.groovy:53)
	at com.kms.katalon.core.webui.keyword.WebUiBuiltInKeywords.setText(WebUiBuiltInKeywords.groovy:950)
	at com.kms.katalon.core.webui.keyword.WebUiBuiltInKeywords$setText$1.call(Unknown Source)
	at org.codehaus.groovy.runtime.callsite.CallSiteArray.defaultCall(CallSiteArray.java:48)
	at org.codehaus.groovy.runtime.callsite.AbstractCallSite.call(AbstractCallSite.java:113)
	at org.codehaus.groovy.runtime.callsite.AbstractCallSite.call(AbstractCallSite.java:133)
	at Script1536223156094.run(Script1536223156094.groovy:253)
	at com.kms.katalon.core.main.ScriptEngine.run(ScriptEngine.java:183)
	at com.kms.katalon.core.main.ScriptEngine.runScriptAsRawText(ScriptEngine.java:108)
	at com.kms.katalon.core.main.TestCaseExecutor.runScript(TestCaseExecutor.java:294)
	at com.kms.katalon.core.main.TestCaseExecutor.doExecute(TestCaseExecutor.java:285)
	at com.kms.katalon.core.main.TestCaseExecutor.processExecutionPhase(TestCaseExecutor.java:264)
	at com.kms.katalon.core.main.TestCaseExecutor.accessMainPhase(TestCaseExecutor.java:256)
	at com.kms.katalon.core.main.TestCaseExecutor.execute(TestCaseExecutor.java:200)
	at com.kms.katalon.core.main.TestSuiteExecutor.accessTestCaseMainPhase(TestSuiteExecutor.java:129)
	at com.kms.katalon.core.main.TestSuiteExecutor.accessTestSuiteMainPhase(TestSuiteExecutor.java:112)
	at com.kms.katalon.core.main.TestSuiteExecutor.execute(TestSuiteExecutor.java:81)
	at com.kms.katalon.core.main.TestCaseMain.startTestSuite(TestCaseMain.java:142)
	at com.kms.katalon.core.main.TestCaseMain$startTestSuite$0.call(Unknown Source)
	at org.codehaus.groovy.runtime.callsite.CallSiteArray.defaultCall(CallSiteArray.java:48)
	at org.codehaus.groovy.runtime.callsite.AbstractCallSite.call(AbstractCallSite.java:113)
	at org.codehaus.groovy.runtime.callsite.AbstractCallSite.call(AbstractCallSite.java:141)
	at TempTestSuite1544713124582.run(TempTestSuite1544713124582.groovy:36)
	at groovy.lang.GroovyShell.runScriptOrMainOrTestOrRunnable(GroovyShell.java:263)
	at groovy.lang.GroovyShell.run(GroovyShell.java:518)
	at groovy.lang.GroovyShell.run(GroovyShell.java:507)
	at groovy.ui.GroovyMain.processOnce(GroovyMain.java:653)
	at groovy.ui.GroovyMain.run(GroovyMain.java:384)
	at groovy.ui.GroovyMain.process(GroovyMain.java:370)
	at groovy.ui.GroovyMain.processArgs(GroovyMain.java:129)
	at groovy.ui.GroovyMain.main(GroovyMain.java:109)
	at sun.reflect.NativeMethodAccessorImpl.invoke0(Native Method)
	at sun.reflect.NativeMethodAccessorImpl.invoke(NativeMethodAccessorImpl.java:62)
	at sun.reflect.DelegatingMethodAccessorImpl.invoke(DelegatingMethodAccessorImpl.java:43)
	at java.lang.reflect.Method.invoke(Method.java:498)
	at org.codehaus.groovy.tools.GroovyStarter.rootLoader(GroovyStarter.java:109)
	at org.codehaus.groovy.tools.GroovyStarter.main(GroovyStarter.java:131)
)

2018-12-14 01:57:24 - [TEST_STEP][PASSED] - callTestCase: Call Test Case 'Test Cases/Final Aug 2018 - PKS Automation/Registration Module/Workflow/Update Add New Employee/Template/New Company for Update Add New' successfully

2018-12-14 01:57:24 - [TEST_CASE][PASSED] - Test Cases/Final Aug 2018 - PKS Automation/Registration Module/Workflow/Update Add New Employee/Template/New Company for Update Add New: Test Cases/Final Aug 2018 - PKS Automation/Registration Module/Workflow/Update Add New Employee/Template/New Company for Update Add New

2018-12-14 01:57:24 - [TEST_STEP][PASSED] - callTestCase: Call Test Case 'Test Cases/Final Aug 2018 - PKS Automation/Registration Module/New Registration/Form 1/Form 1 - Corporation - BHD' successfully

2018-12-14 01:57:24 - [TEST_CASE][PASSED] - Test Cases/Final Aug 2018 - PKS Automation/Registration Module/New Registration/Form 1/Form 1 - Corporation - BHD: Test Cases/Final Aug 2018 - PKS Automation/Registration Module/New Registration/Form 1/Form 1 - Corporation - BHD

2018-12-14 01:57:24 - [TEST_STEP][PASSED] - openBrowser: Browser is opened with url: ''

2018-12-14 01:57:24 - [MESSAGE][WARNING] - A browser is already opened. Closing browser and opening a new one

2018-12-14 01:57:28 - [MESSAGE][PASSED] - Browser is opened with url: ''

2018-12-14 01:57:28 - [TEST_STEP][PASSED] - navigateToUrl: Navigate to 'https://assist2-uat.perkeso.gov.my/login' successfully

2018-12-14 01:57:29 - [MESSAGE][PASSED] - Navigate to 'https://assist2-uat.perkeso.gov.my/login' successfully

2018-12-14 01:57:29 - [TEST_STEP][PASSED] - setText: Text 'johorotc1@gmail.com' is set on object 'Object Repository/Final Object Repo/Login Page/Internal User/Email Address'

2018-12-14 01:57:29 - [MESSAGE][PASSED] - Text 'johorotc1@gmail.com' is set on object 'Object Repository/Final Object Repo/Login Page/Internal User/Email Address'

2018-12-14 01:57:29 - [TEST_STEP][PASSED] - click: Object: 'Object Repository/Final Object Repo/Login Page/Internal User/Next Button' is clicked on

2018-12-14 01:57:29 - [MESSAGE][PASSED] - Object: 'Object Repository/Final Object Repo/Login Page/Internal User/Next Button' is clicked on

2018-12-14 01:57:29 - [TEST_STEP][PASSED] - delay: Delayed 1 second(s)

2018-12-14 01:57:30 - [MESSAGE][PASSED] - Delayed 1 second(s)

2018-12-14 01:57:30 - [TEST_STEP][PASSED] - setEncryptedText: Text ****** has been set on object 'Object Repository/Final Object Repo/Login Page/Internal User/Password'

2018-12-14 01:57:31 - [MESSAGE][PASSED] - Text ****** has been set on object 'Object Repository/Final Object Repo/Login Page/Internal User/Password'

2018-12-14 01:57:31 - [TEST_STEP][PASSED] - click: Object: 'Object Repository/Final Object Repo/Login Page/Internal User/Login Button' is clicked on

2018-12-14 01:57:31 - [MESSAGE][PASSED] - Object: 'Object Repository/Final Object Repo/Login Page/Internal User/Login Button' is clicked on

2018-12-14 01:57:31 - [TEST_STEP][PASSED] - delay: Delayed 1 second(s)

2018-12-14 01:57:32 - [MESSAGE][PASSED] - Delayed 1 second(s)

2018-12-14 01:57:32 - [TEST_STEP][PASSED] - Statement - Try: Delayed 2 second(s)

2018-12-14 01:57:32 - [TEST_STEP][PASSED] - Statement - Checker = false: null

2018-12-14 01:57:32 - [TEST_STEP][PASSED] - Statement - Checker = com.kms.katalon.core.webui.keyword.WebUiBuiltInKeywords.verifyElementHasAttribute(com.kms.katalon.core.testobject.ObjectRepository.findTestObject(Final Object Repo/Landing Page/BM Detecting), "href", 20, OPTIONAL): Object 'Object Repository/Final Object Repo/Landing Page/BM Detecting' has attribute 'href'

2018-12-14 01:57:33 - [MESSAGE][PASSED] - Object 'Object Repository/Final Object Repo/Landing Page/BM Detecting' has attribute 'href'

2018-12-14 01:57:33 - [TEST_STEP][PASSED] - Statement - out.println(Checker): null

2018-12-14 01:57:33 - [TEST_STEP][PASSED] - Statement - If (Checker == false): null

2018-12-14 01:57:33 - [TEST_STEP][PASSED] - Statement - Else: null

2018-12-14 01:57:33 - [TEST_STEP][PASSED] - delay: Delayed 2 second(s)

2018-12-14 01:57:35 - [MESSAGE][PASSED] - Delayed 2 second(s)

2018-12-14 01:57:35 - [TEST_STEP][PASSED] - navigateToUrl: Navigate to 'https://assist2-uat.perkeso.gov.my/web/registration/registration' successfully

2018-12-14 01:57:36 - [MESSAGE][PASSED] - Navigate to 'https://assist2-uat.perkeso.gov.my/web/registration/registration' successfully

2018-12-14 01:57:36 - [TEST_STEP][PASSED] - click: Object: 'Object Repository/Final Object Repo/New Registration - Registration Module Pages/Form 1/AEC - No' is clicked on

2018-12-14 01:57:37 - [MESSAGE][PASSED] - Object: 'Object Repository/Final Object Repo/New Registration - Registration Module Pages/Form 1/AEC - No' is clicked on

2018-12-14 01:57:37 - [TEST_STEP][PASSED] - click: Object: 'Object Repository/Final Object Repo/New Registration - Registration Module Pages/Form 1/Business Entity' is clicked on

2018-12-14 01:57:37 - [MESSAGE][PASSED] - Object: 'Object Repository/Final Object Repo/New Registration - Registration Module Pages/Form 1/Business Entity' is clicked on

2018-12-14 01:57:37 - [TEST_STEP][PASSED] - click: Object: 'Object Repository/Final Object Repo/New Registration - Registration Module Pages/Form 1/Businees Entity - Corporation' is clicked on

2018-12-14 01:57:37 - [MESSAGE][PASSED] - Object: 'Object Repository/Final Object Repo/New Registration - Registration Module Pages/Form 1/Businees Entity - Corporation' is clicked on

2018-12-14 01:57:37 - [TEST_STEP][PASSED] - delay: Delayed 1 second(s)

2018-12-14 01:57:38 - [MESSAGE][PASSED] - Delayed 1 second(s)

2018-12-14 01:57:38 - [TEST_STEP][PASSED] - click: Object: 'Object Repository/Final Object Repo/New Registration - Registration Module Pages/Form 1/Sub Business Entity' is clicked on

2018-12-14 01:57:38 - [MESSAGE][PASSED] - Object: 'Object Repository/Final Object Repo/New Registration - Registration Module Pages/Form 1/Sub Business Entity' is clicked on

2018-12-14 01:57:38 - [TEST_STEP][PASSED] - click: Object: 'Object Repository/Final Object Repo/New Registration - Registration Module Pages/Form 1/Sub Business Entity - Berhad' is clicked on

2018-12-14 01:57:38 - [MESSAGE][PASSED] - Object: 'Object Repository/Final Object Repo/New Registration - Registration Module Pages/Form 1/Sub Business Entity - Berhad' is clicked on

2018-12-14 01:57:38 - [TEST_STEP][PASSED] - delay: Delayed 1 second(s)

2018-12-14 01:57:39 - [MESSAGE][PASSED] - Delayed 1 second(s)

2018-12-14 01:57:39 - [TEST_STEP][PASSED] - setText: Text '123' is set on object 'Object Repository/Final Object Repo/New Registration - Registration Module Pages/Form 1/Registration Number'

2018-12-14 01:57:40 - [MESSAGE][PASSED] - Text '123' is set on object 'Object Repository/Final Object Repo/New Registration - Registration Module Pages/Form 1/Registration Number'

2018-12-14 01:57:40 - [TEST_STEP][PASSED] - click: Object: 'Object Repository/Final Object Repo/New Registration - Registration Module Pages/Form 1/Registred with SSM - Before Feb' is clicked on

2018-12-14 01:57:40 - [MESSAGE][PASSED] - Object: 'Object Repository/Final Object Repo/New Registration - Registration Module Pages/Form 1/Registred with SSM - Before Feb' is clicked on

2018-12-14 01:57:40 - [TEST_STEP][PASSED] - click: Object: 'Object Repository/Final Object Repo/New Registration - Registration Module Pages/Form 1/Registered As a Branch - Yes' is clicked on

2018-12-14 01:57:40 - [MESSAGE][PASSED] - Object: 'Object Repository/Final Object Repo/New Registration - Registration Module Pages/Form 1/Registered As a Branch - Yes' is clicked on

2018-12-14 01:57:40 - [TEST_STEP][PASSED] - click: Object: 'Object Repository/Final Object Repo/New Registration - Registration Module Pages/Form 1/Acknowledgement' is clicked on

2018-12-14 01:57:40 - [MESSAGE][PASSED] - Object: 'Object Repository/Final Object Repo/New Registration - Registration Module Pages/Form 1/Acknowledgement' is clicked on

2018-12-14 01:57:40 - [TEST_STEP][PASSED] - setText: Text 'perkeso' is set on object 'Object Repository/Final Object Repo/New Registration - Registration Module Pages/Form 1/Industry name'

2018-12-14 01:57:40 - [MESSAGE][PASSED] - Text 'perkeso' is set on object 'Object Repository/Final Object Repo/New Registration - Registration Module Pages/Form 1/Industry name'

2018-12-14 01:57:40 - [TEST_STEP][PASSED] - setText: Text 'perkeso1' is set on object 'Object Repository/Final Object Repo/New Registration - Registration Module Pages/Form 1/Postal Address1'

2018-12-14 01:57:41 - [MESSAGE][PASSED] - Text 'perkeso1' is set on object 'Object Repository/Final Object Repo/New Registration - Registration Module Pages/Form 1/Postal Address1'

2018-12-14 01:57:41 - [TEST_STEP][PASSED] - setText: Text 'perkeso2' is set on object 'Object Repository/Final Object Repo/New Registration - Registration Module Pages/Form 1/Postal Address2'

2018-12-14 01:57:41 - [MESSAGE][PASSED] - Text 'perkeso2' is set on object 'Object Repository/Final Object Repo/New Registration - Registration Module Pages/Form 1/Postal Address2'

2018-12-14 01:57:41 - [TEST_STEP][PASSED] - setText: Text 'perkeso3' is set on object 'Object Repository/Final Object Repo/New Registration - Registration Module Pages/Form 1/Postal Address3'

2018-12-14 01:57:42 - [MESSAGE][PASSED] - Text 'perkeso3' is set on object 'Object Repository/Final Object Repo/New Registration - Registration Module Pages/Form 1/Postal Address3'

2018-12-14 01:57:42 - [TEST_STEP][PASSED] - click: Object: 'Object Repository/Final Object Repo/New Registration - Registration Module Pages/Form 1/State' is clicked on

2018-12-14 01:57:42 - [MESSAGE][PASSED] - Object: 'Object Repository/Final Object Repo/New Registration - Registration Module Pages/Form 1/State' is clicked on

2018-12-14 01:57:42 - [TEST_STEP][PASSED] - click: Object: 'Object Repository/Final Object Repo/New Registration - Registration Module Pages/Form 1/State - Johor' is clicked on

2018-12-14 01:57:42 - [MESSAGE][PASSED] - Object: 'Object Repository/Final Object Repo/New Registration - Registration Module Pages/Form 1/State - Johor' is clicked on

2018-12-14 01:57:42 - [TEST_STEP][PASSED] - delay: Delayed 1 second(s)

2018-12-14 01:57:43 - [MESSAGE][PASSED] - Delayed 1 second(s)

2018-12-14 01:57:43 - [TEST_STEP][PASSED] - click: Object: 'Object Repository/Final Object Repo/New Registration - Registration Module Pages/Form 1/City' is clicked on

2018-12-14 01:57:43 - [MESSAGE][PASSED] - Object: 'Object Repository/Final Object Repo/New Registration - Registration Module Pages/Form 1/City' is clicked on

2018-12-14 01:57:43 - [TEST_STEP][PASSED] - setText: Text 'joh' is set on object 'Object Repository/Final Object Repo/New Registration - Registration Module Pages/Form 1/Postcode - 810'

2018-12-14 01:57:43 - [MESSAGE][PASSED] - Text 'joh' is set on object 'Object Repository/Final Object Repo/New Registration - Registration Module Pages/Form 1/Postcode - 810'

2018-12-14 01:57:43 - [TEST_STEP][PASSED] - delay: Delayed 1 second(s)

2018-12-14 01:57:44 - [MESSAGE][PASSED] - Delayed 1 second(s)

2018-12-14 01:57:44 - [TEST_STEP][PASSED] - click: Object: 'Object Repository/Final Object Repo/New Registration - Registration Module Pages/Form 1/City - Johor Bharu' is clicked on

2018-12-14 01:57:45 - [MESSAGE][PASSED] - Object: 'Object Repository/Final Object Repo/New Registration - Registration Module Pages/Form 1/City - Johor Bharu' is clicked on

2018-12-14 01:57:45 - [TEST_STEP][PASSED] - delay: Delayed 1 second(s)

2018-12-14 01:57:46 - [MESSAGE][PASSED] - Delayed 1 second(s)

2018-12-14 01:57:46 - [TEST_STEP][PASSED] - click: Object: 'Object Repository/Final Object Repo/New Registration - Registration Module Pages/Form 1/Postcode' is clicked on

2018-12-14 01:57:46 - [MESSAGE][PASSED] - Object: 'Object Repository/Final Object Repo/New Registration - Registration Module Pages/Form 1/Postcode' is clicked on

2018-12-14 01:57:46 - [TEST_STEP][PASSED] - delay: Delayed 1 second(s)

2018-12-14 01:57:47 - [MESSAGE][PASSED] - Delayed 1 second(s)

2018-12-14 01:57:47 - [TEST_STEP][PASSED] - setText: Text '810' is set on object 'Object Repository/Final Object Repo/New Registration - Registration Module Pages/Form 1/Postcode - 810'

2018-12-14 01:57:47 - [MESSAGE][PASSED] - Text '810' is set on object 'Object Repository/Final Object Repo/New Registration - Registration Module Pages/Form 1/Postcode - 810'

2018-12-14 01:57:47 - [TEST_STEP][PASSED] - delay: Delayed 3 second(s)

2018-12-14 01:57:50 - [MESSAGE][PASSED] - Delayed 3 second(s)

2018-12-14 01:57:50 - [TEST_STEP][PASSED] - click: Object: 'Object Repository/Final Object Repo/New Registration - Registration Module Pages/Form 1/Postcode - 81000' is clicked on

2018-12-14 01:57:50 - [MESSAGE][PASSED] - Object: 'Object Repository/Final Object Repo/New Registration - Registration Module Pages/Form 1/Postcode - 81000' is clicked on

2018-12-14 01:57:50 - [TEST_STEP][PASSED] - delay: Delayed 1 second(s)

2018-12-14 01:57:51 - [MESSAGE][PASSED] - Delayed 1 second(s)

2018-12-14 01:57:51 - [TEST_STEP][PASSED] - setText: Text '100' is set on object 'Object Repository/Final Object Repo/New Registration - Registration Module Pages/Form 1/P.O.BOX'

2018-12-14 01:57:51 - [MESSAGE][PASSED] - Text '100' is set on object 'Object Repository/Final Object Repo/New Registration - Registration Module Pages/Form 1/P.O.BOX'

2018-12-14 01:57:51 - [TEST_STEP][PASSED] - setText: Text '100' is set on object 'Object Repository/Final Object Repo/New Registration - Registration Module Pages/Form 1/Locked Bag No'

2018-12-14 01:57:52 - [MESSAGE][PASSED] - Text '100' is set on object 'Object Repository/Final Object Repo/New Registration - Registration Module Pages/Form 1/Locked Bag No'

2018-12-14 01:57:52 - [TEST_STEP][PASSED] - click: Object: 'Object Repository/Final Object Repo/New Registration - Registration Module Pages/Form 1/SOCSO Office Location' is clicked on

2018-12-14 01:57:52 - [MESSAGE][PASSED] - Object: 'Object Repository/Final Object Repo/New Registration - Registration Module Pages/Form 1/SOCSO Office Location' is clicked on

2018-12-14 01:57:52 - [TEST_STEP][PASSED] - click: Object: 'Object Repository/Final Object Repo/New Registration - Registration Module Pages/Form 1/SOCSO Office Location - Pejabat PERKESO Negeri Johor' is clicked on

2018-12-14 01:57:52 - [MESSAGE][PASSED] - Object: 'Object Repository/Final Object Repo/New Registration - Registration Module Pages/Form 1/SOCSO Office Location - Pejabat PERKESO Negeri Johor' is clicked on

2018-12-14 01:57:52 - [TEST_STEP][PASSED] - delay: Delayed 1 second(s)

2018-12-14 01:57:53 - [MESSAGE][PASSED] - Delayed 1 second(s)

2018-12-14 01:57:53 - [TEST_STEP][PASSED] - check: Object 'Object Repository/Final Object Repo/New Registration - Registration Module Pages/Form 1/Indusrty Address Same As Postal Address' is checked

2018-12-14 01:57:53 - [MESSAGE][PASSED] - Object 'Object Repository/Final Object Repo/New Registration - Registration Module Pages/Form 1/Indusrty Address Same As Postal Address' is checked

2018-12-14 01:57:53 - [TEST_STEP][PASSED] - delay: Delayed 3 second(s)

2018-12-14 01:57:56 - [MESSAGE][PASSED] - Delayed 3 second(s)

2018-12-14 01:57:56 - [TEST_STEP][PASSED] - click: Object: 'Object Repository/Final Object Repo/New Registration - Registration Module Pages/Form 1/Indusry Address Same As Postal Address False' is clicked on

2018-12-14 01:57:56 - [MESSAGE][PASSED] - Object: 'Object Repository/Final Object Repo/New Registration - Registration Module Pages/Form 1/Indusry Address Same As Postal Address False' is clicked on

2018-12-14 01:57:56 - [TEST_STEP][PASSED] - delay: Delayed 1 second(s)

2018-12-14 01:57:57 - [MESSAGE][PASSED] - Delayed 1 second(s)

2018-12-14 01:57:57 - [TEST_STEP][PASSED] - setText: Text 'perkeso1' is set on object 'Object Repository/Final Object Repo/New Registration - Registration Module Pages/Form 1/Industry Address1'

2018-12-14 01:57:58 - [MESSAGE][PASSED] - Text 'perkeso1' is set on object 'Object Repository/Final Object Repo/New Registration - Registration Module Pages/Form 1/Industry Address1'

2018-12-14 01:57:58 - [TEST_STEP][PASSED] - setText: Text 'perkeso2' is set on object 'Object Repository/Final Object Repo/New Registration - Registration Module Pages/Form 1/Industry Address2'

2018-12-14 01:57:58 - [MESSAGE][PASSED] - Text 'perkeso2' is set on object 'Object Repository/Final Object Repo/New Registration - Registration Module Pages/Form 1/Industry Address2'

2018-12-14 01:57:58 - [TEST_STEP][PASSED] - setText: Text 'perkeso3' is set on object 'Object Repository/Final Object Repo/New Registration - Registration Module Pages/Form 1/Industry Address3'

2018-12-14 01:57:58 - [MESSAGE][PASSED] - Text 'perkeso3' is set on object 'Object Repository/Final Object Repo/New Registration - Registration Module Pages/Form 1/Industry Address3'

2018-12-14 01:57:58 - [TEST_STEP][PASSED] - click: Object: 'Object Repository/Final Object Repo/New Registration - Registration Module Pages/Form 1/Industry State' is clicked on

2018-12-14 01:57:59 - [MESSAGE][PASSED] - Object: 'Object Repository/Final Object Repo/New Registration - Registration Module Pages/Form 1/Industry State' is clicked on

2018-12-14 01:57:59 - [TEST_STEP][PASSED] - delay: Delayed 2 second(s)

2018-12-14 01:58:01 - [MESSAGE][PASSED] - Delayed 2 second(s)

2018-12-14 01:58:01 - [TEST_STEP][PASSED] - click: Object: 'Object Repository/Final Object Repo/New Registration - Registration Module Pages/Form 1/Industry State - Johor' is clicked on

2018-12-14 01:58:01 - [MESSAGE][PASSED] - Object: 'Object Repository/Final Object Repo/New Registration - Registration Module Pages/Form 1/Industry State - Johor' is clicked on

2018-12-14 01:58:01 - [TEST_STEP][PASSED] - delay: Delayed 2 second(s)

2018-12-14 01:58:03 - [MESSAGE][PASSED] - Delayed 2 second(s)

2018-12-14 01:58:03 - [TEST_STEP][PASSED] - click: Object: 'Object Repository/Final Object Repo/New Registration - Registration Module Pages/Form 1/Industry Ciry' is clicked on

2018-12-14 01:58:03 - [MESSAGE][PASSED] - Object: 'Object Repository/Final Object Repo/New Registration - Registration Module Pages/Form 1/Industry Ciry' is clicked on

2018-12-14 01:58:03 - [TEST_STEP][PASSED] - setText: Text 'joh' is set on object 'Object Repository/Final Object Repo/New Registration - Registration Module Pages/Form 1/Industry Ciry - joh'

2018-12-14 01:58:03 - [MESSAGE][PASSED] - Text 'joh' is set on object 'Object Repository/Final Object Repo/New Registration - Registration Module Pages/Form 1/Industry Ciry - joh'

2018-12-14 01:58:03 - [TEST_STEP][PASSED] - delay: Delayed 2 second(s)

2018-12-14 01:58:05 - [MESSAGE][PASSED] - Delayed 2 second(s)

2018-12-14 01:58:05 - [TEST_STEP][PASSED] - click: Object: 'Object Repository/Final Object Repo/New Registration - Registration Module Pages/Form 1/Industy State - Johor Bharu' is clicked on

2018-12-14 01:58:05 - [MESSAGE][PASSED] - Object: 'Object Repository/Final Object Repo/New Registration - Registration Module Pages/Form 1/Industy State - Johor Bharu' is clicked on

2018-12-14 01:58:05 - [TEST_STEP][PASSED] - delay: Delayed 1 second(s)

2018-12-14 01:58:06 - [MESSAGE][PASSED] - Delayed 1 second(s)

2018-12-14 01:58:06 - [TEST_STEP][PASSED] - click: Object: 'Object Repository/Final Object Repo/New Registration - Registration Module Pages/Form 1/Indusry PostCode' is clicked on

2018-12-14 01:58:07 - [MESSAGE][PASSED] - Object: 'Object Repository/Final Object Repo/New Registration - Registration Module Pages/Form 1/Indusry PostCode' is clicked on

2018-12-14 01:58:07 - [TEST_STEP][PASSED] - delay: Delayed 1 second(s)

2018-12-14 01:58:08 - [MESSAGE][PASSED] - Delayed 1 second(s)

2018-12-14 01:58:08 - [TEST_STEP][PASSED] - setText: Text '810' is set on object 'Object Repository/Final Object Repo/New Registration - Registration Module Pages/Form 1/Insutry Post Code - 810'

2018-12-14 01:58:08 - [MESSAGE][PASSED] - Text '810' is set on object 'Object Repository/Final Object Repo/New Registration - Registration Module Pages/Form 1/Insutry Post Code - 810'

2018-12-14 01:58:08 - [TEST_STEP][PASSED] - delay: Delayed 1 second(s)

2018-12-14 01:58:09 - [MESSAGE][PASSED] - Delayed 1 second(s)

2018-12-14 01:58:09 - [TEST_STEP][PASSED] - click: Object: 'Object Repository/Final Object Repo/New Registration - Registration Module Pages/Form 1/Insutry Post Code - 81000' is clicked on

2018-12-14 01:58:09 - [MESSAGE][PASSED] - Object: 'Object Repository/Final Object Repo/New Registration - Registration Module Pages/Form 1/Insutry Post Code - 81000' is clicked on

2018-12-14 01:58:09 - [TEST_STEP][PASSED] - delay: Delayed 1 second(s)

2018-12-14 01:58:10 - [MESSAGE][PASSED] - Delayed 1 second(s)

2018-12-14 01:58:10 - [TEST_STEP][PASSED] - setText: Text '100' is set on object 'Object Repository/Final Object Repo/New Registration - Registration Module Pages/Form 1/Industry P.O.BOX'

2018-12-14 01:58:10 - [MESSAGE][PASSED] - Text '100' is set on object 'Object Repository/Final Object Repo/New Registration - Registration Module Pages/Form 1/Industry P.O.BOX'

2018-12-14 01:58:10 - [TEST_STEP][PASSED] - setText: Text '100' is set on object 'Object Repository/Final Object Repo/New Registration - Registration Module Pages/Form 1/Industry Locked Bag No'

2018-12-14 01:58:11 - [MESSAGE][PASSED] - Text '100' is set on object 'Object Repository/Final Object Repo/New Registration - Registration Module Pages/Form 1/Industry Locked Bag No'

2018-12-14 01:58:11 - [TEST_STEP][PASSED] - setText: Text '123456789' is set on object 'Object Repository/Final Object Repo/New Registration - Registration Module Pages/Form 1/Telephone No'

2018-12-14 01:58:11 - [MESSAGE][PASSED] - Text '123456789' is set on object 'Object Repository/Final Object Repo/New Registration - Registration Module Pages/Form 1/Telephone No'

2018-12-14 01:58:11 - [TEST_STEP][PASSED] - setText: Text '123456789' is set on object 'Object Repository/Final Object Repo/New Registration - Registration Module Pages/Form 1/Mobile No'

2018-12-14 01:58:11 - [MESSAGE][PASSED] - Text '123456789' is set on object 'Object Repository/Final Object Repo/New Registration - Registration Module Pages/Form 1/Mobile No'

2018-12-14 01:58:11 - [TEST_STEP][PASSED] - setText: Text '123456789' is set on object 'Object Repository/Final Object Repo/New Registration - Registration Module Pages/Form 1/Fax No'

2018-12-14 01:58:12 - [MESSAGE][PASSED] - Text '123456789' is set on object 'Object Repository/Final Object Repo/New Registration - Registration Module Pages/Form 1/Fax No'

2018-12-14 01:58:12 - [TEST_STEP][PASSED] - click: Object: 'Object Repository/Final Object Repo/New Registration - Registration Module Pages/Form 1/Industry Code' is clicked on

2018-12-14 01:58:12 - [MESSAGE][PASSED] - Object: 'Object Repository/Final Object Repo/New Registration - Registration Module Pages/Form 1/Industry Code' is clicked on

2018-12-14 01:58:12 - [TEST_STEP][PASSED] - click: Object: 'Object Repository/Final Object Repo/New Registration - Registration Module Pages/Form 1/Indudustry Code - Crops and Animal' is clicked on

2018-12-14 01:58:12 - [MESSAGE][PASSED] - Object: 'Object Repository/Final Object Repo/New Registration - Registration Module Pages/Form 1/Indudustry Code - Crops and Animal' is clicked on

2018-12-14 01:58:12 - [TEST_STEP][PASSED] - delay: Delayed 1 second(s)

2018-12-14 01:58:13 - [MESSAGE][PASSED] - Delayed 1 second(s)

2018-12-14 01:58:13 - [TEST_STEP][PASSED] - click: Object: 'Object Repository/Final Object Repo/New Registration - Registration Module Pages/Form 1/Sub Industry Code List' is clicked on

2018-12-14 01:58:13 - [MESSAGE][PASSED] - Object: 'Object Repository/Final Object Repo/New Registration - Registration Module Pages/Form 1/Sub Industry Code List' is clicked on

2018-12-14 01:58:13 - [TEST_STEP][PASSED] - click: Object: 'Object Repository/Final Object Repo/New Registration - Registration Module Pages/Form 1/Sub Industry Code List - Growing of Maize' is clicked on

2018-12-14 01:58:14 - [MESSAGE][PASSED] - Object: 'Object Repository/Final Object Repo/New Registration - Registration Module Pages/Form 1/Sub Industry Code List - Growing of Maize' is clicked on

2018-12-14 01:58:14 - [TEST_STEP][PASSED] - setText: Text 'perkeso123@gmail.com' is set on object 'Object Repository/Final Object Repo/New Registration - Registration Module Pages/Form 1/Email'

2018-12-14 01:58:14 - [MESSAGE][PASSED] - Text 'perkeso123@gmail.com' is set on object 'Object Repository/Final Object Repo/New Registration - Registration Module Pages/Form 1/Email'

2018-12-14 01:58:14 - [TEST_STEP][PASSED] - click: Object: 'Object Repository/Final Object Repo/New Registration - Registration Module Pages/Form 1/Method of Contribution Payment' is clicked on

2018-12-14 01:58:14 - [MESSAGE][PASSED] - Object: 'Object Repository/Final Object Repo/New Registration - Registration Module Pages/Form 1/Method of Contribution Payment' is clicked on

2018-12-14 01:58:14 - [TEST_STEP][PASSED] - click: Object: 'Object Repository/Final Object Repo/New Registration - Registration Module Pages/Form 1/Method of Contribution Payment - Portal' is clicked on

2018-12-14 01:58:15 - [MESSAGE][PASSED] - Object: 'Object Repository/Final Object Repo/New Registration - Registration Module Pages/Form 1/Method of Contribution Payment - Portal' is clicked on

2018-12-14 01:58:15 - [TEST_STEP][PASSED] - click: Object: 'Object Repository/Final Object Repo/New Registration - Registration Module Pages/Form 1/Servide Type' is clicked on

2018-12-14 01:58:15 - [MESSAGE][PASSED] - Object: 'Object Repository/Final Object Repo/New Registration - Registration Module Pages/Form 1/Servide Type' is clicked on

2018-12-14 01:58:15 - [TEST_STEP][PASSED] - click: Object: 'Object Repository/Final Object Repo/New Registration - Registration Module Pages/Form 1/Servide Type - Professional Bodies' is clicked on

2018-12-14 01:58:15 - [MESSAGE][PASSED] - Object: 'Object Repository/Final Object Repo/New Registration - Registration Module Pages/Form 1/Servide Type - Professional Bodies' is clicked on

2018-12-14 01:58:15 - [TEST_STEP][PASSED] - click: Object: 'Object Repository/Final Object Repo/New Registration - Registration Module Pages/Form 1/Industry Venue' is clicked on

2018-12-14 01:58:15 - [MESSAGE][PASSED] - Object: 'Object Repository/Final Object Repo/New Registration - Registration Module Pages/Form 1/Industry Venue' is clicked on

2018-12-14 01:58:15 - [TEST_STEP][PASSED] - click: Object: 'Object Repository/Final Object Repo/New Registration - Registration Module Pages/Form 1/Industry Venue -  PPN JOHOR' is clicked on

2018-12-14 01:58:15 - [MESSAGE][PASSED] - Object: 'Object Repository/Final Object Repo/New Registration - Registration Module Pages/Form 1/Industry Venue -  PPN JOHOR' is clicked on

2018-12-14 01:58:15 - [TEST_STEP][PASSED] - click: Object: 'Object Repository/Final Object Repo/New Registration - Registration Module Pages/Form 1/Save  Continue' is clicked on

2018-12-14 01:58:16 - [MESSAGE][PASSED] - Object: 'Object Repository/Final Object Repo/New Registration - Registration Module Pages/Form 1/Save  Continue' is clicked on

2018-12-14 01:58:16 - [MESSAGE][PASSED] - Call Test Case 'Test Cases/Final Aug 2018 - PKS Automation/Registration Module/New Registration/Form 1/Form 1 - Corporation - BHD' successfully

2018-12-14 01:58:16 - [TEST_STEP][PASSED] - callTestCase: Call Test Case 'Test Cases/Final Aug 2018 - PKS Automation/Registration Module/New Registration/Form 2/Add 1 Eligible' successfully

2018-12-14 01:58:16 - [TEST_CASE][PASSED] - Test Cases/Final Aug 2018 - PKS Automation/Registration Module/New Registration/Form 2/Add 1 Eligible: Test Cases/Final Aug 2018 - PKS Automation/Registration Module/New Registration/Form 2/Add 1 Eligible

2018-12-14 01:58:16 - [TEST_STEP][PASSED] - delay: Delayed 2 second(s)

2018-12-14 01:58:18 - [MESSAGE][PASSED] - Delayed 2 second(s)

2018-12-14 01:58:18 - [TEST_STEP][PASSED] - callTestCase: Call Test Case 'Test Cases/Final Aug 2018 - PKS Automation/Registration Module/New Registration/Form 2/Date Updater' successfully

2018-12-14 01:58:18 - [TEST_CASE][PASSED] - Test Cases/Final Aug 2018 - PKS Automation/Registration Module/New Registration/Form 2/Date Updater: Test Cases/Final Aug 2018 - PKS Automation/Registration Module/New Registration/Form 2/Date Updater

2018-12-14 01:58:18 - [TEST_STEP][PASSED] - Statement - TodayDate = new java.util.Date(): null

2018-12-14 01:58:18 - [TEST_STEP][PASSED] - Statement - CurrentDateNoFilter = new java.text.SimpleDateFormat(): null

2018-12-14 01:58:18 - [TEST_STEP][PASSED] - Statement - CurrentDateNoFilter.applyPattern("MM"): null

2018-12-14 01:58:18 - [TEST_STEP][PASSED] - Statement - monthContainerMatcher = java.lang.Integer.parseInt(CurrentDateNoFilter.format(TodayDate)): null

2018-12-14 01:58:18 - [TEST_STEP][PASSED] - Statement - monthContainerMatcher = monthContainerMatcher - 1: null

2018-12-14 01:58:18 - [TEST_STEP][PASSED] - Statement - CurrentMonth = monthContainerMatcher.toString(): null

2018-12-14 01:58:18 - [TEST_STEP][PASSED] - Statement - CurrentMonth = CurrentMonth: null

2018-12-14 01:58:18 - [TEST_STEP][PASSED] - Statement - CurrentDateNoFilter.applyPattern("yyyy"): null

2018-12-14 01:58:18 - [TEST_STEP][PASSED] - Statement - CurrentYear = CurrentDateNoFilter.format(TodayDate): null

2018-12-14 01:58:18 - [TEST_STEP][PASSED] - Statement - CurrentYear = CurrentYear: null

2018-12-14 01:58:18 - [TEST_STEP][PASSED] - Statement - intCurrentYear = java.lang.Integer.parseInt(CurrentDateNoFilter.format(TodayDate)): null

2018-12-14 01:58:18 - [TEST_STEP][PASSED] - Statement - eighteenYrsAgo = intCurrentYear - 18: null

2018-12-14 01:58:18 - [TEST_STEP][PASSED] - Statement - eighteenYrsBeforeThisYr = eighteenYrsAgo.toString(): null

2018-12-14 01:58:18 - [TEST_STEP][PASSED] - Statement - EighteenYrsBefore = eighteenYrsBeforeThisYr: null

2018-12-14 01:58:18 - [TEST_STEP][PASSED] - Statement - fiftysevenYrsAgo = intCurrentYear - 57: null

2018-12-14 01:58:18 - [TEST_STEP][PASSED] - Statement - fiftysevenYrsBeforeThisYr = fiftysevenYrsAgo.toString(): null

2018-12-14 01:58:18 - [TEST_STEP][PASSED] - Statement - FiftysevenYrsBefore = fiftysevenYrsBeforeThisYr: null

2018-12-14 01:58:18 - [TEST_STEP][PASSED] - Statement - leapYear = false: null

2018-12-14 01:58:18 - [TEST_STEP][PASSED] - Statement - leapYear = intCurrentYear % 4 == 0: null

2018-12-14 01:58:18 - [TEST_STEP][PASSED] - Statement - CurrentDateNoFilter.applyPattern("dd"): null

2018-12-14 01:58:18 - [TEST_STEP][PASSED] - Statement - CurrentDate = CurrentDateNoFilter.format(TodayDate): null

2018-12-14 01:58:18 - [TEST_STEP][PASSED] - Statement - CurrentDate = java.lang.Integer.parseInt(CurrentDate): null

2018-12-14 01:58:18 - [TEST_STEP][PASSED] - Statement - CurrentDate = CurrentDate: null

2018-12-14 01:58:18 - [TEST_STEP][PASSED] - Statement - CurrentDay = java.lang.Integer.parseInt(CurrentDate): null

2018-12-14 01:58:18 - [TEST_STEP][PASSED] - Statement - ConfAdder = <not implemented yet for class: org.codehaus.groovy.ast.expr.EmptyExpression>: null

2018-12-14 01:58:18 - [TEST_STEP][PASSED] - Statement - out.println(CurrentMonth): null

2018-12-14 01:58:18 - [TEST_STEP][PASSED] - Statement - out.println(CurrentDate): null

2018-12-14 01:58:18 - [TEST_STEP][PASSED] - Statement - switch (CurrentDate): null

2018-12-14 01:58:18 - [TEST_STEP][PASSED] - Statement - Default: null

2018-12-14 01:58:18 - [TEST_STEP][PASSED] - Statement - ConfAdder = true: null

2018-12-14 01:58:18 - [TEST_STEP][PASSED] - Statement - Break: null

2018-12-14 01:58:18 - [TEST_STEP][PASSED] - Statement - aDayBefore = <not implemented yet for class: org.codehaus.groovy.ast.expr.EmptyExpression>: null

2018-12-14 01:58:18 - [TEST_STEP][PASSED] - Statement - out.println(ConfAdder): null

2018-12-14 01:58:18 - [TEST_STEP][PASSED] - Statement - If (ConfAdder == true): null

2018-12-14 01:58:18 - [TEST_STEP][PASSED] - Statement - aDayBefore = CurrentDay + 1: null

2018-12-14 01:58:18 - [TEST_STEP][PASSED] - Statement - out.println(aDayBefore): null

2018-12-14 01:58:18 - [TEST_STEP][PASSED] - Statement - If (aDayBefore == 1 && CurrentMonth == 11): null

2018-12-14 01:58:18 - [TEST_STEP][PASSED] - Statement - DayBefore = aDayBefore.toString(): null

2018-12-14 01:58:18 - [TEST_STEP][PASSED] - Statement - OneDayBefore = DayBefore: null

2018-12-14 01:58:18 - [MESSAGE][PASSED] - Call Test Case 'Test Cases/Final Aug 2018 - PKS Automation/Registration Module/New Registration/Form 2/Date Updater' successfully

2018-12-14 01:58:18 - [TEST_STEP][PASSED] - delay: Delayed 1 second(s)

2018-12-14 01:58:19 - [MESSAGE][PASSED] - Delayed 1 second(s)

2018-12-14 01:58:19 - [TEST_STEP][PASSED] - Statement - CaseReferenceNo = com.kms.katalon.core.webui.keyword.WebUiBuiltInKeywords.getText(com.kms.katalon.core.testobject.ObjectRepository.findTestObject(Final Object Repo/New Registration - Registration Module Pages/Form 2/RefNo Acquiring)): Text of object 'Object Repository/Final Object Repo/New Registration - Registration Module Pages/Form 2/RefNo Acquiring' is: 'CRN12201800123328'

2018-12-14 01:58:19 - [MESSAGE][PASSED] - Text of object 'Object Repository/Final Object Repo/New Registration - Registration Module Pages/Form 2/RefNo Acquiring' is: 'CRN12201800123328'

2018-12-14 01:58:19 - [TEST_STEP][PASSED] - delay: Delayed 1 second(s)

2018-12-14 01:58:20 - [MESSAGE][PASSED] - Delayed 1 second(s)

2018-12-14 01:58:20 - [TEST_STEP][PASSED] - click: Object: 'Object Repository/Final Object Repo/New Registration - Registration Module Pages/Form 2/Add Employee Button' is clicked on

2018-12-14 01:58:20 - [MESSAGE][PASSED] - Object: 'Object Repository/Final Object Repo/New Registration - Registration Module Pages/Form 2/Add Employee Button' is clicked on

2018-12-14 01:58:20 - [TEST_STEP][PASSED] - delay: Delayed 1 second(s)

2018-12-14 01:58:21 - [MESSAGE][PASSED] - Delayed 1 second(s)

2018-12-14 01:58:21 - [TEST_STEP][PASSED] - setText: Text '010903091963' is set on object 'Object Repository/Final Object Repo/New Registration - Registration Module Pages/Form 2/NRIC Input'

2018-12-14 01:58:21 - [MESSAGE][PASSED] - Text '010903091963' is set on object 'Object Repository/Final Object Repo/New Registration - Registration Module Pages/Form 2/NRIC Input'

2018-12-14 01:58:21 - [TEST_STEP][PASSED] - click: Object: 'Object Repository/Final Object Repo/New Registration - Registration Module Pages/Form 2/button for search for IC' is clicked on

2018-12-14 01:58:22 - [MESSAGE][PASSED] - Object: 'Object Repository/Final Object Repo/New Registration - Registration Module Pages/Form 2/button for search for IC' is clicked on

2018-12-14 01:58:22 - [TEST_STEP][PASSED] - delay: Delayed 2 second(s)

2018-12-14 01:58:24 - [MESSAGE][PASSED] - Delayed 2 second(s)

2018-12-14 01:58:24 - [TEST_STEP][PASSED] - setText: Text 'Automate001 eligible 1' is set on object 'Object Repository/Final Object Repo/New Registration - Registration Module Pages/Form 2/Employee Name Input'

2018-12-14 01:58:24 - [MESSAGE][PASSED] - Text 'Automate001 eligible 1' is set on object 'Object Repository/Final Object Repo/New Registration - Registration Module Pages/Form 2/Employee Name Input'

2018-12-14 01:58:24 - [TEST_STEP][PASSED] - delay: Delayed 2 second(s)

2018-12-14 01:58:26 - [MESSAGE][PASSED] - Delayed 2 second(s)

2018-12-14 01:58:26 - [TEST_STEP][PASSED] - click: Object: 'Object Repository/Final Object Repo/New Registration - Registration Module Pages/Form 2/DatePicker Pop Up' is clicked on

2018-12-14 01:58:26 - [MESSAGE][PASSED] - Object: 'Object Repository/Final Object Repo/New Registration - Registration Module Pages/Form 2/DatePicker Pop Up' is clicked on

2018-12-14 01:58:26 - [TEST_STEP][PASSED] - click: Object: 'Object Repository/Final Object Repo/New Registration - Registration Module Pages/Form 2/DOB Month' is clicked on

2018-12-14 01:58:26 - [MESSAGE][PASSED] - Object: 'Object Repository/Final Object Repo/New Registration - Registration Module Pages/Form 2/DOB Month' is clicked on

2018-12-14 01:58:26 - [TEST_STEP][PASSED] - Statement - CurrentMonth = CurrentMonth: null

2018-12-14 01:58:26 - [TEST_STEP][PASSED] - Statement - selectMonth = new com.kms.katalon.core.testobject.TestObject(): null

2018-12-14 01:58:26 - [TEST_STEP][PASSED] - Statement - selectMonth.addProperty("xpath", EQUALS, "//body/div/div/div/select/option[@value='" + CurrentMonth + "']", true): null

2018-12-14 01:58:26 - [TEST_STEP][PASSED] - click: Object: '' is clicked on

2018-12-14 01:58:27 - [MESSAGE][PASSED] - Object: '' is clicked on

2018-12-14 01:58:27 - [TEST_STEP][PASSED] - click: Object: 'Object Repository/Final Object Repo/New Registration - Registration Module Pages/Form 2/DOB Year' is clicked on

2018-12-14 01:58:27 - [MESSAGE][PASSED] - Object: 'Object Repository/Final Object Repo/New Registration - Registration Module Pages/Form 2/DOB Year' is clicked on

2018-12-14 01:58:27 - [TEST_STEP][PASSED] - Statement - Eyearsbf = EighteenYrsBefore: null

2018-12-14 01:58:27 - [TEST_STEP][PASSED] - Statement - selectYear = new com.kms.katalon.core.testobject.TestObject(): null

2018-12-14 01:58:27 - [TEST_STEP][PASSED] - Statement - selectYear.addProperty("xpath", EQUALS, "//div/div/div/select/option[@value='" + Eyearsbf + "']", true): null

2018-12-14 01:58:27 - [TEST_STEP][PASSED] - click: Object: '' is clicked on

2018-12-14 01:58:27 - [MESSAGE][PASSED] - Object: '' is clicked on

2018-12-14 01:58:27 - [TEST_STEP][PASSED] - Statement - UpdatedSelectDate = com.kms.katalon.core.webui.keyword.WebUiBuiltInKeywords.modifyObjectProperty(com.kms.katalon.core.testobject.ObjectRepository.findTestObject(Final Object Repo/New Registration - Registration Module Pages/Form 2/DOB Date), "xpath", "equals", "//body/div/table/tbody/tr/td/a[text()="" + CurrentDate + ""]", true): Modify property of object successfully

2018-12-14 01:58:27 - [MESSAGE][PASSED] - Modify property of object successfully

2018-12-14 01:58:27 - [TEST_STEP][PASSED] - delay: Delayed 3 second(s)

2018-12-14 01:58:30 - [MESSAGE][PASSED] - Delayed 3 second(s)

2018-12-14 01:58:30 - [TEST_STEP][PASSED] - click: Object: 'Object Repository/Final Object Repo/New Registration - Registration Module Pages/Form 2/DOB Date' is clicked on

2018-12-14 01:58:30 - [MESSAGE][PASSED] - Object: 'Object Repository/Final Object Repo/New Registration - Registration Module Pages/Form 2/DOB Date' is clicked on

2018-12-14 01:58:30 - [TEST_STEP][PASSED] - delay: Delayed 2 second(s)

2018-12-14 01:58:32 - [MESSAGE][PASSED] - Delayed 2 second(s)

2018-12-14 01:58:32 - [TEST_STEP][PASSED] - click: Object: 'Object Repository/Final Object Repo/New Registration - Registration Module Pages/Form 2/EmploymentStartDate Pop Up' is clicked on

2018-12-14 01:58:32 - [MESSAGE][PASSED] - Object: 'Object Repository/Final Object Repo/New Registration - Registration Module Pages/Form 2/EmploymentStartDate Pop Up' is clicked on

2018-12-14 01:58:32 - [TEST_STEP][PASSED] - delay: Delayed 2 second(s)

2018-12-14 01:58:34 - [MESSAGE][PASSED] - Delayed 2 second(s)

2018-12-14 01:58:34 - [TEST_STEP][PASSED] - click: Object: 'Object Repository/Final Object Repo/New Registration - Registration Module Pages/Form 2/Socso Employment StartDate Month' is clicked on

2018-12-14 01:58:34 - [MESSAGE][PASSED] - Object: 'Object Repository/Final Object Repo/New Registration - Registration Module Pages/Form 2/Socso Employment StartDate Month' is clicked on

2018-12-14 01:58:34 - [TEST_STEP][PASSED] - delay: Delayed 1 second(s)

2018-12-14 01:58:35 - [MESSAGE][PASSED] - Delayed 1 second(s)

2018-12-14 01:58:35 - [TEST_STEP][PASSED] - click: Object: 'Object Repository/Final Object Repo/New Registration - Registration Module Pages/Form 2/Select Socso Employement Startdate Month' is clicked on

2018-12-14 01:58:36 - [MESSAGE][PASSED] - Object: 'Object Repository/Final Object Repo/New Registration - Registration Module Pages/Form 2/Select Socso Employement Startdate Month' is clicked on

2018-12-14 01:58:36 - [TEST_STEP][PASSED] - delay: Delayed 2 second(s)

2018-12-14 01:58:38 - [MESSAGE][PASSED] - Delayed 2 second(s)

2018-12-14 01:58:38 - [TEST_STEP][PASSED] - click: Object: 'Object Repository/Final Object Repo/New Registration - Registration Module Pages/Form 2/Socso Employment StartDate Year' is clicked on

2018-12-14 01:58:38 - [MESSAGE][PASSED] - Object: 'Object Repository/Final Object Repo/New Registration - Registration Module Pages/Form 2/Socso Employment StartDate Year' is clicked on

2018-12-14 01:58:38 - [TEST_STEP][PASSED] - delay: Delayed 1 second(s)

2018-12-14 01:58:39 - [MESSAGE][PASSED] - Delayed 1 second(s)

2018-12-14 01:58:39 - [TEST_STEP][PASSED] - click: Object: 'Object Repository/Final Object Repo/New Registration - Registration Module Pages/Form 2/Select Socso Employment Startdate Year' is clicked on

2018-12-14 01:58:39 - [MESSAGE][PASSED] - Object: 'Object Repository/Final Object Repo/New Registration - Registration Module Pages/Form 2/Select Socso Employment Startdate Year' is clicked on

2018-12-14 01:58:39 - [TEST_STEP][PASSED] - delay: Delayed 2 second(s)

2018-12-14 01:58:41 - [MESSAGE][PASSED] - Delayed 2 second(s)

2018-12-14 01:58:41 - [TEST_STEP][PASSED] - click: Object: 'Object Repository/Final Object Repo/New Registration - Registration Module Pages/Form 2/Socso Employment Start Date Day' is clicked on

2018-12-14 01:58:41 - [MESSAGE][PASSED] - Object: 'Object Repository/Final Object Repo/New Registration - Registration Module Pages/Form 2/Socso Employment Start Date Day' is clicked on

2018-12-14 01:58:41 - [TEST_STEP][PASSED] - delay: Delayed 2 second(s)

2018-12-14 01:58:43 - [MESSAGE][PASSED] - Delayed 2 second(s)

2018-12-14 01:58:43 - [TEST_STEP][PASSED] - click: Object: 'Object Repository/Final Object Repo/New Registration - Registration Module Pages/Form 2/Save Button for Add Employee' is clicked on

2018-12-14 01:58:43 - [MESSAGE][PASSED] - Object: 'Object Repository/Final Object Repo/New Registration - Registration Module Pages/Form 2/Save Button for Add Employee' is clicked on

2018-12-14 01:58:43 - [TEST_STEP][PASSED] - delay: Delayed 6 second(s)

2018-12-14 01:58:49 - [MESSAGE][PASSED] - Delayed 6 second(s)

2018-12-14 01:58:49 - [TEST_STEP][PASSED] - click: Object: 'Object Repository/Final Object Repo/New Registration - Registration Module Pages/Form 2/Save and Continue Form 2' is clicked on

2018-12-14 01:58:49 - [MESSAGE][PASSED] - Object: 'Object Repository/Final Object Repo/New Registration - Registration Module Pages/Form 2/Save and Continue Form 2' is clicked on

2018-12-14 01:58:49 - [MESSAGE][PASSED] - Call Test Case 'Test Cases/Final Aug 2018 - PKS Automation/Registration Module/New Registration/Form 2/Add 1 Eligible' successfully

2018-12-14 01:58:49 - [TEST_STEP][PASSED] - callTestCase: Call Test Case 'Test Cases/Final Aug 2018 - PKS Automation/Registration Module/New Registration/Flow of New Registration/Third Screen - Upload Supporting Doc - Preview' successfully

2018-12-14 01:58:49 - [TEST_CASE][PASSED] - Test Cases/Final Aug 2018 - PKS Automation/Registration Module/New Registration/Flow of New Registration/Third Screen - Upload Supporting Doc - Preview: Test Cases/Final Aug 2018 - PKS Automation/Registration Module/New Registration/Flow of New Registration/Third Screen - Upload Supporting Doc - Preview

2018-12-14 01:58:49 - [TEST_STEP][PASSED] - waitForPageLoad: Wait for page load successfully

2018-12-14 01:58:50 - [MESSAGE][PASSED] - Wait for page load successfully

2018-12-14 01:58:50 - [TEST_STEP][PASSED] - Statement - CaseReferenceNo = com.kms.katalon.core.webui.keyword.WebUiBuiltInKeywords.getText(com.kms.katalon.core.testobject.ObjectRepository.findTestObject(Final Object Repo/New Registration - Registration Module Pages/Third Screen - Upload Supporting Doc- Preview/RefNo Acquiring)): Text of object 'Object Repository/Final Object Repo/New Registration - Registration Module Pages/Third Screen - Upload Supporting Doc- Preview/RefNo Acquiring' is: 'CRN12201800123328'

2018-12-14 01:58:50 - [MESSAGE][PASSED] - Text of object 'Object Repository/Final Object Repo/New Registration - Registration Module Pages/Third Screen - Upload Supporting Doc- Preview/RefNo Acquiring' is: 'CRN12201800123328'

2018-12-14 01:58:50 - [TEST_STEP][PASSED] - delay: Delayed 2 second(s)

2018-12-14 01:58:52 - [MESSAGE][PASSED] - Delayed 2 second(s)

2018-12-14 01:58:52 - [TEST_STEP][PASSED] - callTestCase: Call Test Case 'Test Cases/Final Aug 2018 - PKS Automation/Common/Reference Number Setter' successfully

2018-12-14 01:58:52 - [TEST_CASE][PASSED] - Test Cases/Final Aug 2018 - PKS Automation/Common/Reference Number Setter: Test Cases/Final Aug 2018 - PKS Automation/Common/Reference Number Setter

2018-12-14 01:58:52 - [TEST_STEP][PASSED] - Statement - RefNoOldFile = new java.io.File(C://Users//Admin//Desktop//PKS//Automation Reference Point//KatalonReference.txt): null

2018-12-14 01:58:52 - [TEST_STEP][PASSED] - Statement - RefNoOldFile.delete(): null

2018-12-14 01:58:52 - [TEST_STEP][PASSED] - delay: Delayed 5 second(s)

2018-12-14 01:58:57 - [MESSAGE][PASSED] - Delayed 5 second(s)

2018-12-14 01:58:57 - [TEST_STEP][PASSED] - Statement - RefNo = new java.io.File(C://Users//Admin//Desktop//PKS//Automation Reference Point//KatalonReference.txt): null

2018-12-14 01:58:57 - [TEST_STEP][PASSED] - Statement - f2 = new java.io.FileWriter(RefNo, false): null

2018-12-14 01:58:57 - [TEST_STEP][PASSED] - Statement - f2.write(CaseReferenceNo): null

2018-12-14 01:58:57 - [TEST_STEP][PASSED] - Statement - f2.close(): null

2018-12-14 01:58:57 - [TEST_STEP][PASSED] - Statement - out.println("


" + CaseReferenceNo + "


"): null

2018-12-14 01:58:57 - [MESSAGE][PASSED] - Call Test Case 'Test Cases/Final Aug 2018 - PKS Automation/Common/Reference Number Setter' successfully

2018-12-14 01:58:57 - [TEST_STEP][PASSED] - waitForElementClickable: Object 'Object Repository/Final Object Repo/New Registration - Registration Module Pages/Third Screen - Upload Supporting Doc- Preview/Save n Continue in SIP Employee Listing Page' is clickable

2018-12-14 01:58:57 - [MESSAGE][PASSED] - Object 'Object Repository/Final Object Repo/New Registration - Registration Module Pages/Third Screen - Upload Supporting Doc- Preview/Save n Continue in SIP Employee Listing Page' is clickable

2018-12-14 01:58:57 - [TEST_STEP][PASSED] - click: Object: 'Object Repository/Final Object Repo/New Registration - Registration Module Pages/Third Screen - Upload Supporting Doc- Preview/Save n Continue in SIP Employee Listing Page' is clicked on

2018-12-14 01:59:03 - [MESSAGE][PASSED] - Object: 'Object Repository/Final Object Repo/New Registration - Registration Module Pages/Third Screen - Upload Supporting Doc- Preview/Save n Continue in SIP Employee Listing Page' is clicked on

2018-12-14 01:59:03 - [TEST_STEP][PASSED] - delay: Delayed 7 second(s)

2018-12-14 01:59:10 - [MESSAGE][PASSED] - Delayed 7 second(s)

2018-12-14 01:59:10 - [TEST_STEP][PASSED] - click: Object: 'Object Repository/Final Object Repo/New Registration - Registration Module Pages/Third Screen - Upload Supporting Doc- Preview/Add Document Button' is clicked on

2018-12-14 01:59:10 - [MESSAGE][PASSED] - Object: 'Object Repository/Final Object Repo/New Registration - Registration Module Pages/Third Screen - Upload Supporting Doc- Preview/Add Document Button' is clicked on

2018-12-14 01:59:10 - [TEST_STEP][PASSED] - delay: Delayed 30 second(s)

2018-12-14 01:59:40 - [MESSAGE][PASSED] - Delayed 30 second(s)

2018-12-14 01:59:40 - [TEST_STEP][PASSED] - click: Object: 'Object Repository/Final Object Repo/New Registration - Registration Module Pages/Third Screen - Upload Supporting Doc- Preview/Supporting Doc Please Select Drop Down' is clicked on

2018-12-14 01:59:40 - [MESSAGE][PASSED] - Object: 'Object Repository/Final Object Repo/New Registration - Registration Module Pages/Third Screen - Upload Supporting Doc- Preview/Supporting Doc Please Select Drop Down' is clicked on

2018-12-14 01:59:40 - [TEST_STEP][PASSED] - delay: Delayed 2 second(s)

2018-12-14 01:59:42 - [MESSAGE][PASSED] - Delayed 2 second(s)

2018-12-14 01:59:42 - [TEST_STEP][PASSED] - click: Object: 'Object Repository/Final Object Repo/New Registration - Registration Module Pages/Third Screen - Upload Supporting Doc- Preview/Select to Upload Form 1' is clicked on

2018-12-14 01:59:42 - [MESSAGE][PASSED] - Object: 'Object Repository/Final Object Repo/New Registration - Registration Module Pages/Third Screen - Upload Supporting Doc- Preview/Select to Upload Form 1' is clicked on

2018-12-14 01:59:42 - [TEST_STEP][PASSED] - delay: Delayed 2 second(s)

2018-12-14 01:59:44 - [MESSAGE][PASSED] - Delayed 2 second(s)

2018-12-14 01:59:44 - [TEST_STEP][PASSED] - uploadFile: File 'C:\Users\Public\Pictures\Sample Pictures\Koala.jpg' sent to object: 'Object Repository/Final Object Repo/New Registration - Registration Module Pages/Third Screen - Upload Supporting Doc- Preview/Upload File Adding'

2018-12-14 01:59:44 - [MESSAGE][PASSED] - File 'C:\Users\Public\Pictures\Sample Pictures\Koala.jpg' sent to object: 'Object Repository/Final Object Repo/New Registration - Registration Module Pages/Third Screen - Upload Supporting Doc- Preview/Upload File Adding'

2018-12-14 01:59:44 - [TEST_STEP][PASSED] - delay: Delayed 5 second(s)

2018-12-14 01:59:49 - [MESSAGE][PASSED] - Delayed 5 second(s)

2018-12-14 01:59:49 - [TEST_STEP][PASSED] - click: Object: 'Object Repository/Final Object Repo/New Registration - Registration Module Pages/Third Screen - Upload Supporting Doc- Preview/Inner Form Add Document Button' is clicked on

2018-12-14 01:59:49 - [MESSAGE][PASSED] - Object: 'Object Repository/Final Object Repo/New Registration - Registration Module Pages/Third Screen - Upload Supporting Doc- Preview/Inner Form Add Document Button' is clicked on

2018-12-14 01:59:49 - [TEST_STEP][PASSED] - delay: Delayed 3 second(s)

2018-12-14 01:59:52 - [MESSAGE][PASSED] - Delayed 3 second(s)

2018-12-14 01:59:52 - [TEST_STEP][PASSED] - click: Object: 'Object Repository/Final Object Repo/New Registration - Registration Module Pages/Third Screen - Upload Supporting Doc- Preview/Add Document Button' is clicked on

2018-12-14 01:59:54 - [MESSAGE][PASSED] - Object: 'Object Repository/Final Object Repo/New Registration - Registration Module Pages/Third Screen - Upload Supporting Doc- Preview/Add Document Button' is clicked on

2018-12-14 01:59:54 - [TEST_STEP][PASSED] - delay: Delayed 30 second(s)

2018-12-14 02:00:24 - [MESSAGE][PASSED] - Delayed 30 second(s)

2018-12-14 02:00:24 - [TEST_STEP][PASSED] - click: Object: 'Object Repository/Final Object Repo/New Registration - Registration Module Pages/Third Screen - Upload Supporting Doc- Preview/Supporting Doc Please Select Drop Down' is clicked on

2018-12-14 02:00:24 - [MESSAGE][PASSED] - Object: 'Object Repository/Final Object Repo/New Registration - Registration Module Pages/Third Screen - Upload Supporting Doc- Preview/Supporting Doc Please Select Drop Down' is clicked on

2018-12-14 02:00:24 - [TEST_STEP][PASSED] - delay: Delayed 4 second(s)

2018-12-14 02:00:28 - [MESSAGE][PASSED] - Delayed 4 second(s)

2018-12-14 02:00:28 - [TEST_STEP][PASSED] - click: Object: 'Object Repository/Final Object Repo/New Registration - Registration Module Pages/Third Screen - Upload Supporting Doc- Preview/Select to Upload Form 2' is clicked on

2018-12-14 02:00:28 - [MESSAGE][PASSED] - Object: 'Object Repository/Final Object Repo/New Registration - Registration Module Pages/Third Screen - Upload Supporting Doc- Preview/Select to Upload Form 2' is clicked on

2018-12-14 02:00:28 - [TEST_STEP][PASSED] - delay: Delayed 2 second(s)

2018-12-14 02:00:30 - [MESSAGE][PASSED] - Delayed 2 second(s)

2018-12-14 02:00:30 - [TEST_STEP][PASSED] - uploadFile: File 'C:\Users\Public\Pictures\Sample Pictures\Koala.jpg' sent to object: 'Object Repository/Final Object Repo/New Registration - Registration Module Pages/Third Screen - Upload Supporting Doc- Preview/Upload File Adding'

2018-12-14 02:00:30 - [MESSAGE][PASSED] - File 'C:\Users\Public\Pictures\Sample Pictures\Koala.jpg' sent to object: 'Object Repository/Final Object Repo/New Registration - Registration Module Pages/Third Screen - Upload Supporting Doc- Preview/Upload File Adding'

2018-12-14 02:00:30 - [TEST_STEP][PASSED] - click: Object: 'Object Repository/Final Object Repo/New Registration - Registration Module Pages/Third Screen - Upload Supporting Doc- Preview/Inner Form Add Document Button' is clicked on

2018-12-14 02:00:30 - [MESSAGE][PASSED] - Object: 'Object Repository/Final Object Repo/New Registration - Registration Module Pages/Third Screen - Upload Supporting Doc- Preview/Inner Form Add Document Button' is clicked on

2018-12-14 02:00:30 - [TEST_STEP][PASSED] - delay: Delayed 5 second(s)

2018-12-14 02:00:35 - [MESSAGE][PASSED] - Delayed 5 second(s)

2018-12-14 02:00:35 - [TEST_STEP][PASSED] - click: Object: 'Object Repository/Final Object Repo/New Registration - Registration Module Pages/Third Screen - Upload Supporting Doc- Preview/Add Document Button' is clicked on

2018-12-14 02:00:35 - [MESSAGE][PASSED] - Object: 'Object Repository/Final Object Repo/New Registration - Registration Module Pages/Third Screen - Upload Supporting Doc- Preview/Add Document Button' is clicked on

2018-12-14 02:00:35 - [TEST_STEP][PASSED] - delay: Delayed 30 second(s)

2018-12-14 02:01:05 - [MESSAGE][PASSED] - Delayed 30 second(s)

2018-12-14 02:01:05 - [TEST_STEP][PASSED] - click: Object: 'Object Repository/Final Object Repo/New Registration - Registration Module Pages/Third Screen - Upload Supporting Doc- Preview/Supporting Doc Please Select Drop Down' is clicked on

2018-12-14 02:01:06 - [MESSAGE][PASSED] - Object: 'Object Repository/Final Object Repo/New Registration - Registration Module Pages/Third Screen - Upload Supporting Doc- Preview/Supporting Doc Please Select Drop Down' is clicked on

2018-12-14 02:01:06 - [TEST_STEP][PASSED] - click: Object: 'Object Repository/Final Object Repo/New Registration - Registration Module Pages/Third Screen - Upload Supporting Doc- Preview/Select to Upload Borang SIP 1' is clicked on

2018-12-14 02:01:06 - [MESSAGE][PASSED] - Object: 'Object Repository/Final Object Repo/New Registration - Registration Module Pages/Third Screen - Upload Supporting Doc- Preview/Select to Upload Borang SIP 1' is clicked on

2018-12-14 02:01:06 - [TEST_STEP][PASSED] - delay: Delayed 2 second(s)

2018-12-14 02:01:08 - [MESSAGE][PASSED] - Delayed 2 second(s)

2018-12-14 02:01:08 - [TEST_STEP][PASSED] - uploadFile: File 'C:\Users\Public\Pictures\Sample Pictures\Koala.jpg' sent to object: 'Object Repository/Final Object Repo/New Registration - Registration Module Pages/Third Screen - Upload Supporting Doc- Preview/Upload File Adding'

2018-12-14 02:01:08 - [MESSAGE][PASSED] - File 'C:\Users\Public\Pictures\Sample Pictures\Koala.jpg' sent to object: 'Object Repository/Final Object Repo/New Registration - Registration Module Pages/Third Screen - Upload Supporting Doc- Preview/Upload File Adding'

2018-12-14 02:01:08 - [TEST_STEP][PASSED] - click: Object: 'Object Repository/Final Object Repo/New Registration - Registration Module Pages/Third Screen - Upload Supporting Doc- Preview/Inner Form Add Document Button' is clicked on

2018-12-14 02:01:08 - [MESSAGE][PASSED] - Object: 'Object Repository/Final Object Repo/New Registration - Registration Module Pages/Third Screen - Upload Supporting Doc- Preview/Inner Form Add Document Button' is clicked on

2018-12-14 02:01:08 - [TEST_STEP][PASSED] - delay: Delayed 5 second(s)

2018-12-14 02:01:13 - [MESSAGE][PASSED] - Delayed 5 second(s)

2018-12-14 02:01:13 - [TEST_STEP][PASSED] - click: Object: 'Object Repository/Final Object Repo/New Registration - Registration Module Pages/Third Screen - Upload Supporting Doc- Preview/Add Document Button' is clicked on

2018-12-14 02:01:13 - [MESSAGE][PASSED] - Object: 'Object Repository/Final Object Repo/New Registration - Registration Module Pages/Third Screen - Upload Supporting Doc- Preview/Add Document Button' is clicked on

2018-12-14 02:01:13 - [TEST_STEP][PASSED] - delay: Delayed 30 second(s)

2018-12-14 02:01:43 - [MESSAGE][PASSED] - Delayed 30 second(s)

2018-12-14 02:01:43 - [TEST_STEP][PASSED] - click: Object: 'Object Repository/Final Object Repo/New Registration - Registration Module Pages/Third Screen - Upload Supporting Doc- Preview/Supporting Doc Please Select Drop Down' is clicked on

2018-12-14 02:01:43 - [MESSAGE][PASSED] - Object: 'Object Repository/Final Object Repo/New Registration - Registration Module Pages/Third Screen - Upload Supporting Doc- Preview/Supporting Doc Please Select Drop Down' is clicked on

2018-12-14 02:01:43 - [TEST_STEP][PASSED] - delay: Delayed 3 second(s)

2018-12-14 02:01:46 - [MESSAGE][PASSED] - Delayed 3 second(s)

2018-12-14 02:01:46 - [TEST_STEP][PASSED] - click: Object: 'Object Repository/Final Object Repo/New Registration - Registration Module Pages/Third Screen - Upload Supporting Doc- Preview/Select to Upload Borang SIP 2' is clicked on

2018-12-14 02:01:47 - [MESSAGE][PASSED] - Object: 'Object Repository/Final Object Repo/New Registration - Registration Module Pages/Third Screen - Upload Supporting Doc- Preview/Select to Upload Borang SIP 2' is clicked on

2018-12-14 02:01:47 - [TEST_STEP][PASSED] - delay: Delayed 2 second(s)

2018-12-14 02:01:49 - [MESSAGE][PASSED] - Delayed 2 second(s)

2018-12-14 02:01:49 - [TEST_STEP][PASSED] - uploadFile: File 'C:\Users\Public\Pictures\Sample Pictures\Koala.jpg' sent to object: 'Object Repository/Final Object Repo/New Registration - Registration Module Pages/Third Screen - Upload Supporting Doc- Preview/Upload File Adding'

2018-12-14 02:01:49 - [MESSAGE][PASSED] - File 'C:\Users\Public\Pictures\Sample Pictures\Koala.jpg' sent to object: 'Object Repository/Final Object Repo/New Registration - Registration Module Pages/Third Screen - Upload Supporting Doc- Preview/Upload File Adding'

2018-12-14 02:01:49 - [TEST_STEP][PASSED] - delay: Delayed 5 second(s)

2018-12-14 02:01:54 - [MESSAGE][PASSED] - Delayed 5 second(s)

2018-12-14 02:01:54 - [TEST_STEP][PASSED] - click: Object: 'Object Repository/Final Object Repo/New Registration - Registration Module Pages/Third Screen - Upload Supporting Doc- Preview/Inner Form Add Document Button' is clicked on

2018-12-14 02:01:54 - [MESSAGE][PASSED] - Object: 'Object Repository/Final Object Repo/New Registration - Registration Module Pages/Third Screen - Upload Supporting Doc- Preview/Inner Form Add Document Button' is clicked on

2018-12-14 02:01:54 - [TEST_STEP][PASSED] - delay: Delayed 3 second(s)

2018-12-14 02:01:57 - [MESSAGE][PASSED] - Delayed 3 second(s)

2018-12-14 02:01:57 - [TEST_STEP][PASSED] - waitForElementClickable: Object 'Object Repository/Final Object Repo/New Registration - Registration Module Pages/Third Screen - Upload Supporting Doc- Preview/Save n Continue in Uploading Supporting Doc Page' is clickable

2018-12-14 02:01:58 - [MESSAGE][PASSED] - Object 'Object Repository/Final Object Repo/New Registration - Registration Module Pages/Third Screen - Upload Supporting Doc- Preview/Save n Continue in Uploading Supporting Doc Page' is clickable

2018-12-14 02:01:58 - [TEST_STEP][PASSED] - click: Object: 'Object Repository/Final Object Repo/New Registration - Registration Module Pages/Third Screen - Upload Supporting Doc- Preview/Save n Continue in Uploading Supporting Doc Page' is clicked on

2018-12-14 02:01:58 - [MESSAGE][PASSED] - Object: 'Object Repository/Final Object Repo/New Registration - Registration Module Pages/Third Screen - Upload Supporting Doc- Preview/Save n Continue in Uploading Supporting Doc Page' is clicked on

2018-12-14 02:01:58 - [MESSAGE][PASSED] - Call Test Case 'Test Cases/Final Aug 2018 - PKS Automation/Registration Module/New Registration/Flow of New Registration/Third Screen - Upload Supporting Doc - Preview' successfully

2018-12-14 02:01:58 - [TEST_STEP][PASSED] - callTestCase: Call Test Case 'Test Cases/Final Aug 2018 - PKS Automation/Registration Module/New Registration/Submit and Screenshot/Submit Registration and Screenshot - Copy' successfully

2018-12-14 02:01:58 - [TEST_CASE][PASSED] - Test Cases/Final Aug 2018 - PKS Automation/Registration Module/New Registration/Submit and Screenshot/Submit Registration and Screenshot - Copy: Test Cases/Final Aug 2018 - PKS Automation/Registration Module/New Registration/Submit and Screenshot/Submit Registration and Screenshot - Copy

2018-12-14 02:01:58 - [TEST_STEP][PASSED] - delay: Delayed 6 second(s)

2018-12-14 02:02:04 - [MESSAGE][PASSED] - Delayed 6 second(s)

2018-12-14 02:02:04 - [TEST_STEP][PASSED] - click: Object: 'Object Repository/Final Object Repo/New Registration - Registration Module Pages/Third Screen - Upload Supporting Doc- Preview/Preview Submit Button' is clicked on

2018-12-14 02:02:04 - [MESSAGE][PASSED] - Object: 'Object Repository/Final Object Repo/New Registration - Registration Module Pages/Third Screen - Upload Supporting Doc- Preview/Preview Submit Button' is clicked on

2018-12-14 02:02:04 - [TEST_STEP][PASSED] - delay: Delayed 2 second(s)

2018-12-14 02:02:06 - [MESSAGE][PASSED] - Delayed 2 second(s)

2018-12-14 02:02:06 - [TEST_STEP][PASSED] - click: Object: 'Object Repository/Final Object Repo/New Registration - Registration Module Pages/Third Screen - Upload Supporting Doc- Preview/Preview Submit - Confirm' is clicked on

2018-12-14 02:02:06 - [MESSAGE][PASSED] - Object: 'Object Repository/Final Object Repo/New Registration - Registration Module Pages/Third Screen - Upload Supporting Doc- Preview/Preview Submit - Confirm' is clicked on

2018-12-14 02:02:06 - [TEST_STEP][PASSED] - delay: Delayed 15 second(s)

2018-12-14 02:02:21 - [MESSAGE][PASSED] - Delayed 15 second(s)

2018-12-14 02:02:21 - [TEST_STEP][PASSED] - Statement - driver = com.kms.katalon.core.webui.driver.DriverFactory.getWebDriver(): null

2018-12-14 02:02:21 - [TEST_STEP][PASSED] - Statement - driver.manage().timeouts().implicitlyWait(10, SECONDS): null

2018-12-14 02:02:21 - [TEST_STEP][PASSED] - Statement - PresavePath = KatalonScreenshots: null

2018-12-14 02:02:21 - [TEST_STEP][PASSED] - Statement - pathPrefix = "C:\Users\Public\Pictures\Sample Pictures\Katalon Screenshots\Automate Ending Screen": null

2018-12-14 02:02:21 - [TEST_STEP][PASSED] - Statement - finalPath = <not implemented yet for class: org.codehaus.groovy.ast.expr.EmptyExpression>: null

2018-12-14 02:02:21 - [TEST_STEP][PASSED] - Statement - scrFile = driver.getScreenshotAs(FILE): null

2018-12-14 02:02:22 - [TEST_STEP][PASSED] - Statement - PreSaveFile = new java.io.File(PresavePath): null

2018-12-14 02:02:22 - [TEST_STEP][PASSED] - Statement - counter = 0: null

2018-12-14 02:02:22 - [TEST_STEP][PASSED] - Statement - If (PreSaveFile.exists()): null

2018-12-14 02:02:22 - [TEST_STEP][PASSED] - Statement - While (PreSaveFile.exists()): null

2018-12-14 02:02:22 - [TEST_STEP][PASSED] - Statement - counter = counter + 1: null

2018-12-14 02:02:22 - [TEST_STEP][PASSED] - Statement - PreSaveFile = new java.io.File(((pathPrefix + java.lang.Integer.toString(counter)) + .png)): null

2018-12-14 02:02:22 - [TEST_STEP][PASSED] - Statement - counter = counter + 1: null

2018-12-14 02:02:22 - [TEST_STEP][PASSED] - Statement - PreSaveFile = new java.io.File(((pathPrefix + java.lang.Integer.toString(counter)) + .png)): null

2018-12-14 02:02:22 - [TEST_STEP][PASSED] - Statement - counter = counter + 1: null

2018-12-14 02:02:22 - [TEST_STEP][PASSED] - Statement - PreSaveFile = new java.io.File(((pathPrefix + java.lang.Integer.toString(counter)) + .png)): null

2018-12-14 02:02:22 - [TEST_STEP][PASSED] - Statement - counter = counter + 1: null

2018-12-14 02:02:22 - [TEST_STEP][PASSED] - Statement - PreSaveFile = new java.io.File(((pathPrefix + java.lang.Integer.toString(counter)) + .png)): null

2018-12-14 02:02:22 - [TEST_STEP][PASSED] - Statement - counter = counter + 1: null

2018-12-14 02:02:22 - [TEST_STEP][PASSED] - Statement - PreSaveFile = new java.io.File(((pathPrefix + java.lang.Integer.toString(counter)) + .png)): null

2018-12-14 02:02:22 - [TEST_STEP][PASSED] - Statement - counter = counter + 1: null

2018-12-14 02:02:22 - [TEST_STEP][PASSED] - Statement - PreSaveFile = new java.io.File(((pathPrefix + java.lang.Integer.toString(counter)) + .png)): null

2018-12-14 02:02:22 - [TEST_STEP][PASSED] - Statement - counter = counter + 1: null

2018-12-14 02:02:22 - [TEST_STEP][PASSED] - Statement - PreSaveFile = new java.io.File(((pathPrefix + java.lang.Integer.toString(counter)) + .png)): null

2018-12-14 02:02:22 - [TEST_STEP][PASSED] - Statement - counter = counter + 1: null

2018-12-14 02:02:22 - [TEST_STEP][PASSED] - Statement - PreSaveFile = new java.io.File(((pathPrefix + java.lang.Integer.toString(counter)) + .png)): null

2018-12-14 02:02:22 - [TEST_STEP][PASSED] - Statement - counter = counter + 1: null

2018-12-14 02:02:22 - [TEST_STEP][PASSED] - Statement - PreSaveFile = new java.io.File(((pathPrefix + java.lang.Integer.toString(counter)) + .png)): null

2018-12-14 02:02:22 - [TEST_STEP][PASSED] - Statement - counter = counter + 1: null

2018-12-14 02:02:22 - [TEST_STEP][PASSED] - Statement - PreSaveFile = new java.io.File(((pathPrefix + java.lang.Integer.toString(counter)) + .png)): null

2018-12-14 02:02:22 - [TEST_STEP][PASSED] - Statement - counter = counter + 1: null

2018-12-14 02:02:22 - [TEST_STEP][PASSED] - Statement - PreSaveFile = new java.io.File(((pathPrefix + java.lang.Integer.toString(counter)) + .png)): null

2018-12-14 02:02:22 - [TEST_STEP][PASSED] - Statement - counter = counter + 1: null

2018-12-14 02:02:22 - [TEST_STEP][PASSED] - Statement - PreSaveFile = new java.io.File(((pathPrefix + java.lang.Integer.toString(counter)) + .png)): null

2018-12-14 02:02:22 - [TEST_STEP][PASSED] - Statement - counter = counter + 1: null

2018-12-14 02:02:22 - [TEST_STEP][PASSED] - Statement - PreSaveFile = new java.io.File(((pathPrefix + java.lang.Integer.toString(counter)) + .png)): null

2018-12-14 02:02:22 - [TEST_STEP][PASSED] - Statement - counter = counter + 1: null

2018-12-14 02:02:22 - [TEST_STEP][PASSED] - Statement - PreSaveFile = new java.io.File(((pathPrefix + java.lang.Integer.toString(counter)) + .png)): null

2018-12-14 02:02:22 - [TEST_STEP][PASSED] - Statement - counter = counter + 1: null

2018-12-14 02:02:22 - [TEST_STEP][PASSED] - Statement - PreSaveFile = new java.io.File(((pathPrefix + java.lang.Integer.toString(counter)) + .png)): null

2018-12-14 02:02:22 - [TEST_STEP][PASSED] - Statement - counter = counter + 1: null

2018-12-14 02:02:22 - [TEST_STEP][PASSED] - Statement - PreSaveFile = new java.io.File(((pathPrefix + java.lang.Integer.toString(counter)) + .png)): null

2018-12-14 02:02:22 - [TEST_STEP][PASSED] - Statement - counter = counter + 1: null

2018-12-14 02:02:22 - [TEST_STEP][PASSED] - Statement - PreSaveFile = new java.io.File(((pathPrefix + java.lang.Integer.toString(counter)) + .png)): null

2018-12-14 02:02:22 - [TEST_STEP][PASSED] - Statement - counter = counter + 1: null

2018-12-14 02:02:22 - [TEST_STEP][PASSED] - Statement - PreSaveFile = new java.io.File(((pathPrefix + java.lang.Integer.toString(counter)) + .png)): null

2018-12-14 02:02:22 - [TEST_STEP][PASSED] - Statement - counter = counter + 1: null

2018-12-14 02:02:22 - [TEST_STEP][PASSED] - Statement - PreSaveFile = new java.io.File(((pathPrefix + java.lang.Integer.toString(counter)) + .png)): null

2018-12-14 02:02:22 - [TEST_STEP][PASSED] - Statement - counter = counter + 1: null

2018-12-14 02:02:22 - [TEST_STEP][PASSED] - Statement - PreSaveFile = new java.io.File(((pathPrefix + java.lang.Integer.toString(counter)) + .png)): null

2018-12-14 02:02:22 - [TEST_STEP][PASSED] - Statement - counter = counter + 1: null

2018-12-14 02:02:22 - [TEST_STEP][PASSED] - Statement - PreSaveFile = new java.io.File(((pathPrefix + java.lang.Integer.toString(counter)) + .png)): null

2018-12-14 02:02:22 - [TEST_STEP][PASSED] - Statement - counter = counter + 1: null

2018-12-14 02:02:22 - [TEST_STEP][PASSED] - Statement - PreSaveFile = new java.io.File(((pathPrefix + java.lang.Integer.toString(counter)) + .png)): null

2018-12-14 02:02:22 - [TEST_STEP][PASSED] - Statement - counter = counter + 1: null

2018-12-14 02:02:22 - [TEST_STEP][PASSED] - Statement - PreSaveFile = new java.io.File(((pathPrefix + java.lang.Integer.toString(counter)) + .png)): null

2018-12-14 02:02:22 - [TEST_STEP][PASSED] - Statement - counter = counter + 1: null

2018-12-14 02:02:22 - [TEST_STEP][PASSED] - Statement - PreSaveFile = new java.io.File(((pathPrefix + java.lang.Integer.toString(counter)) + .png)): null

2018-12-14 02:02:22 - [TEST_STEP][PASSED] - Statement - counter = counter + 1: null

2018-12-14 02:02:22 - [TEST_STEP][PASSED] - Statement - PreSaveFile = new java.io.File(((pathPrefix + java.lang.Integer.toString(counter)) + .png)): null

2018-12-14 02:02:22 - [TEST_STEP][PASSED] - Statement - counter = counter + 1: null

2018-12-14 02:02:22 - [TEST_STEP][PASSED] - Statement - PreSaveFile = new java.io.File(((pathPrefix + java.lang.Integer.toString(counter)) + .png)): null

2018-12-14 02:02:22 - [TEST_STEP][PASSED] - Statement - counter = counter + 1: null

2018-12-14 02:02:22 - [TEST_STEP][PASSED] - Statement - PreSaveFile = new java.io.File(((pathPrefix + java.lang.Integer.toString(counter)) + .png)): null

2018-12-14 02:02:22 - [TEST_STEP][PASSED] - Statement - counter = counter + 1: null

2018-12-14 02:02:22 - [TEST_STEP][PASSED] - Statement - PreSaveFile = new java.io.File(((pathPrefix + java.lang.Integer.toString(counter)) + .png)): null

2018-12-14 02:02:22 - [TEST_STEP][PASSED] - Statement - counter = counter + 1: null

2018-12-14 02:02:22 - [TEST_STEP][PASSED] - Statement - PreSaveFile = new java.io.File(((pathPrefix + java.lang.Integer.toString(counter)) + .png)): null

2018-12-14 02:02:22 - [TEST_STEP][PASSED] - Statement - counter = counter + 1: null

2018-12-14 02:02:22 - [TEST_STEP][PASSED] - Statement - PreSaveFile = new java.io.File(((pathPrefix + java.lang.Integer.toString(counter)) + .png)): null

2018-12-14 02:02:22 - [TEST_STEP][PASSED] - Statement - counter = counter + 1: null

2018-12-14 02:02:22 - [TEST_STEP][PASSED] - Statement - PreSaveFile = new java.io.File(((pathPrefix + java.lang.Integer.toString(counter)) + .png)): null

2018-12-14 02:02:22 - [TEST_STEP][PASSED] - Statement - counter = counter + 1: null

2018-12-14 02:02:22 - [TEST_STEP][PASSED] - Statement - PreSaveFile = new java.io.File(((pathPrefix + java.lang.Integer.toString(counter)) + .png)): null

2018-12-14 02:02:22 - [TEST_STEP][PASSED] - Statement - counter = counter + 1: null

2018-12-14 02:02:22 - [TEST_STEP][PASSED] - Statement - PreSaveFile = new java.io.File(((pathPrefix + java.lang.Integer.toString(counter)) + .png)): null

2018-12-14 02:02:22 - [TEST_STEP][PASSED] - Statement - counter = counter + 1: null

2018-12-14 02:02:22 - [TEST_STEP][PASSED] - Statement - PreSaveFile = new java.io.File(((pathPrefix + java.lang.Integer.toString(counter)) + .png)): null

2018-12-14 02:02:22 - [TEST_STEP][PASSED] - Statement - counter = counter + 1: null

2018-12-14 02:02:22 - [TEST_STEP][PASSED] - Statement - PreSaveFile = new java.io.File(((pathPrefix + java.lang.Integer.toString(counter)) + .png)): null

2018-12-14 02:02:22 - [TEST_STEP][PASSED] - Statement - counter = counter + 1: null

2018-12-14 02:02:22 - [TEST_STEP][PASSED] - Statement - PreSaveFile = new java.io.File(((pathPrefix + java.lang.Integer.toString(counter)) + .png)): null

2018-12-14 02:02:22 - [TEST_STEP][PASSED] - Statement - counter = counter + 1: null

2018-12-14 02:02:22 - [TEST_STEP][PASSED] - Statement - PreSaveFile = new java.io.File(((pathPrefix + java.lang.Integer.toString(counter)) + .png)): null

2018-12-14 02:02:22 - [TEST_STEP][PASSED] - Statement - counter = counter + 1: null

2018-12-14 02:02:22 - [TEST_STEP][PASSED] - Statement - PreSaveFile = new java.io.File(((pathPrefix + java.lang.Integer.toString(counter)) + .png)): null

2018-12-14 02:02:22 - [TEST_STEP][PASSED] - Statement - counter = counter + 1: null

2018-12-14 02:02:22 - [TEST_STEP][PASSED] - Statement - PreSaveFile = new java.io.File(((pathPrefix + java.lang.Integer.toString(counter)) + .png)): null

2018-12-14 02:02:22 - [TEST_STEP][PASSED] - Statement - counter = counter + 1: null

2018-12-14 02:02:22 - [TEST_STEP][PASSED] - Statement - PreSaveFile = new java.io.File(((pathPrefix + java.lang.Integer.toString(counter)) + .png)): null

2018-12-14 02:02:22 - [TEST_STEP][PASSED] - Statement - counter = counter + 1: null

2018-12-14 02:02:22 - [TEST_STEP][PASSED] - Statement - PreSaveFile = new java.io.File(((pathPrefix + java.lang.Integer.toString(counter)) + .png)): null

2018-12-14 02:02:22 - [TEST_STEP][PASSED] - Statement - counter = counter + 1: null

2018-12-14 02:02:22 - [TEST_STEP][PASSED] - Statement - PreSaveFile = new java.io.File(((pathPrefix + java.lang.Integer.toString(counter)) + .png)): null

2018-12-14 02:02:22 - [TEST_STEP][PASSED] - Statement - counter = counter + 1: null

2018-12-14 02:02:22 - [TEST_STEP][PASSED] - Statement - PreSaveFile = new java.io.File(((pathPrefix + java.lang.Integer.toString(counter)) + .png)): null

2018-12-14 02:02:22 - [TEST_STEP][PASSED] - Statement - counter = counter + 1: null

2018-12-14 02:02:22 - [TEST_STEP][PASSED] - Statement - PreSaveFile = new java.io.File(((pathPrefix + java.lang.Integer.toString(counter)) + .png)): null

2018-12-14 02:02:22 - [TEST_STEP][PASSED] - Statement - counter = counter + 1: null

2018-12-14 02:02:22 - [TEST_STEP][PASSED] - Statement - PreSaveFile = new java.io.File(((pathPrefix + java.lang.Integer.toString(counter)) + .png)): null

2018-12-14 02:02:22 - [TEST_STEP][PASSED] - Statement - counter = counter + 1: null

2018-12-14 02:02:22 - [TEST_STEP][PASSED] - Statement - PreSaveFile = new java.io.File(((pathPrefix + java.lang.Integer.toString(counter)) + .png)): null

2018-12-14 02:02:22 - [TEST_STEP][PASSED] - Statement - counter = counter + 1: null

2018-12-14 02:02:22 - [TEST_STEP][PASSED] - Statement - PreSaveFile = new java.io.File(((pathPrefix + java.lang.Integer.toString(counter)) + .png)): null

2018-12-14 02:02:22 - [TEST_STEP][PASSED] - Statement - counter = counter + 1: null

2018-12-14 02:02:22 - [TEST_STEP][PASSED] - Statement - PreSaveFile = new java.io.File(((pathPrefix + java.lang.Integer.toString(counter)) + .png)): null

2018-12-14 02:02:22 - [TEST_STEP][PASSED] - Statement - counter = counter + 1: null

2018-12-14 02:02:22 - [TEST_STEP][PASSED] - Statement - PreSaveFile = new java.io.File(((pathPrefix + java.lang.Integer.toString(counter)) + .png)): null

2018-12-14 02:02:22 - [TEST_STEP][PASSED] - Statement - counter = counter + 1: null

2018-12-14 02:02:22 - [TEST_STEP][PASSED] - Statement - PreSaveFile = new java.io.File(((pathPrefix + java.lang.Integer.toString(counter)) + .png)): null

2018-12-14 02:02:22 - [TEST_STEP][PASSED] - Statement - counter = counter + 1: null

2018-12-14 02:02:22 - [TEST_STEP][PASSED] - Statement - PreSaveFile = new java.io.File(((pathPrefix + java.lang.Integer.toString(counter)) + .png)): null

2018-12-14 02:02:22 - [TEST_STEP][PASSED] - Statement - counter = counter + 1: null

2018-12-14 02:02:22 - [TEST_STEP][PASSED] - Statement - PreSaveFile = new java.io.File(((pathPrefix + java.lang.Integer.toString(counter)) + .png)): null

2018-12-14 02:02:22 - [TEST_STEP][PASSED] - Statement - counter = counter + 1: null

2018-12-14 02:02:22 - [TEST_STEP][PASSED] - Statement - PreSaveFile = new java.io.File(((pathPrefix + java.lang.Integer.toString(counter)) + .png)): null

2018-12-14 02:02:22 - [TEST_STEP][PASSED] - Statement - counter = counter + 1: null

2018-12-14 02:02:22 - [TEST_STEP][PASSED] - Statement - PreSaveFile = new java.io.File(((pathPrefix + java.lang.Integer.toString(counter)) + .png)): null

2018-12-14 02:02:22 - [TEST_STEP][PASSED] - Statement - counter = counter + 1: null

2018-12-14 02:02:22 - [TEST_STEP][PASSED] - Statement - PreSaveFile = new java.io.File(((pathPrefix + java.lang.Integer.toString(counter)) + .png)): null

2018-12-14 02:02:22 - [TEST_STEP][PASSED] - Statement - counter = counter + 1: null

2018-12-14 02:02:22 - [TEST_STEP][PASSED] - Statement - PreSaveFile = new java.io.File(((pathPrefix + java.lang.Integer.toString(counter)) + .png)): null

2018-12-14 02:02:22 - [TEST_STEP][PASSED] - Statement - counter = counter + 1: null

2018-12-14 02:02:22 - [TEST_STEP][PASSED] - Statement - PreSaveFile = new java.io.File(((pathPrefix + java.lang.Integer.toString(counter)) + .png)): null

2018-12-14 02:02:22 - [TEST_STEP][PASSED] - Statement - counter = counter + 1: null

2018-12-14 02:02:22 - [TEST_STEP][PASSED] - Statement - PreSaveFile = new java.io.File(((pathPrefix + java.lang.Integer.toString(counter)) + .png)): null

2018-12-14 02:02:22 - [TEST_STEP][PASSED] - Statement - counter = counter + 1: null

2018-12-14 02:02:22 - [TEST_STEP][PASSED] - Statement - PreSaveFile = new java.io.File(((pathPrefix + java.lang.Integer.toString(counter)) + .png)): null

2018-12-14 02:02:22 - [TEST_STEP][PASSED] - Statement - counter = counter + 1: null

2018-12-14 02:02:22 - [TEST_STEP][PASSED] - Statement - PreSaveFile = new java.io.File(((pathPrefix + java.lang.Integer.toString(counter)) + .png)): null

2018-12-14 02:02:22 - [TEST_STEP][PASSED] - Statement - counter = counter + 1: null

2018-12-14 02:02:22 - [TEST_STEP][PASSED] - Statement - PreSaveFile = new java.io.File(((pathPrefix + java.lang.Integer.toString(counter)) + .png)): null

2018-12-14 02:02:22 - [TEST_STEP][PASSED] - Statement - counter = counter + 1: null

2018-12-14 02:02:22 - [TEST_STEP][PASSED] - Statement - PreSaveFile = new java.io.File(((pathPrefix + java.lang.Integer.toString(counter)) + .png)): null

2018-12-14 02:02:22 - [TEST_STEP][PASSED] - Statement - counter = counter + 1: null

2018-12-14 02:02:22 - [TEST_STEP][PASSED] - Statement - PreSaveFile = new java.io.File(((pathPrefix + java.lang.Integer.toString(counter)) + .png)): null

2018-12-14 02:02:22 - [TEST_STEP][PASSED] - Statement - counter = counter + 1: null

2018-12-14 02:02:22 - [TEST_STEP][PASSED] - Statement - PreSaveFile = new java.io.File(((pathPrefix + java.lang.Integer.toString(counter)) + .png)): null

2018-12-14 02:02:22 - [TEST_STEP][PASSED] - Statement - counter = counter + 1: null

2018-12-14 02:02:22 - [TEST_STEP][PASSED] - Statement - PreSaveFile = new java.io.File(((pathPrefix + java.lang.Integer.toString(counter)) + .png)): null

2018-12-14 02:02:22 - [TEST_STEP][PASSED] - Statement - counter = counter + 1: null

2018-12-14 02:02:22 - [TEST_STEP][PASSED] - Statement - PreSaveFile = new java.io.File(((pathPrefix + java.lang.Integer.toString(counter)) + .png)): null

2018-12-14 02:02:22 - [TEST_STEP][PASSED] - Statement - counter = counter + 1: null

2018-12-14 02:02:22 - [TEST_STEP][PASSED] - Statement - PreSaveFile = new java.io.File(((pathPrefix + java.lang.Integer.toString(counter)) + .png)): null

2018-12-14 02:02:22 - [TEST_STEP][PASSED] - Statement - counter = counter + 1: null

2018-12-14 02:02:22 - [TEST_STEP][PASSED] - Statement - PreSaveFile = new java.io.File(((pathPrefix + java.lang.Integer.toString(counter)) + .png)): null

2018-12-14 02:02:22 - [TEST_STEP][PASSED] - Statement - counter = counter + 1: null

2018-12-14 02:02:22 - [TEST_STEP][PASSED] - Statement - PreSaveFile = new java.io.File(((pathPrefix + java.lang.Integer.toString(counter)) + .png)): null

2018-12-14 02:02:22 - [TEST_STEP][PASSED] - Statement - counter = counter + 1: null

2018-12-14 02:02:22 - [TEST_STEP][PASSED] - Statement - PreSaveFile = new java.io.File(((pathPrefix + java.lang.Integer.toString(counter)) + .png)): null

2018-12-14 02:02:22 - [TEST_STEP][PASSED] - Statement - counter = counter + 1: null

2018-12-14 02:02:22 - [TEST_STEP][PASSED] - Statement - PreSaveFile = new java.io.File(((pathPrefix + java.lang.Integer.toString(counter)) + .png)): null

2018-12-14 02:02:22 - [TEST_STEP][PASSED] - Statement - counter = counter + 1: null

2018-12-14 02:02:22 - [TEST_STEP][PASSED] - Statement - PreSaveFile = new java.io.File(((pathPrefix + java.lang.Integer.toString(counter)) + .png)): null

2018-12-14 02:02:22 - [TEST_STEP][PASSED] - Statement - counter = counter + 1: null

2018-12-14 02:02:22 - [TEST_STEP][PASSED] - Statement - PreSaveFile = new java.io.File(((pathPrefix + java.lang.Integer.toString(counter)) + .png)): null

2018-12-14 02:02:22 - [TEST_STEP][PASSED] - Statement - counter = counter + 1: null

2018-12-14 02:02:22 - [TEST_STEP][PASSED] - Statement - PreSaveFile = new java.io.File(((pathPrefix + java.lang.Integer.toString(counter)) + .png)): null

2018-12-14 02:02:22 - [TEST_STEP][PASSED] - Statement - counter = counter + 1: null

2018-12-14 02:02:22 - [TEST_STEP][PASSED] - Statement - PreSaveFile = new java.io.File(((pathPrefix + java.lang.Integer.toString(counter)) + .png)): null

2018-12-14 02:02:22 - [TEST_STEP][PASSED] - Statement - counter = counter + 1: null

2018-12-14 02:02:22 - [TEST_STEP][PASSED] - Statement - PreSaveFile = new java.io.File(((pathPrefix + java.lang.Integer.toString(counter)) + .png)): null

2018-12-14 02:02:22 - [TEST_STEP][PASSED] - Statement - counter = counter + 1: null

2018-12-14 02:02:22 - [TEST_STEP][PASSED] - Statement - PreSaveFile = new java.io.File(((pathPrefix + java.lang.Integer.toString(counter)) + .png)): null

2018-12-14 02:02:22 - [TEST_STEP][PASSED] - Statement - counter = counter + 1: null

2018-12-14 02:02:22 - [TEST_STEP][PASSED] - Statement - PreSaveFile = new java.io.File(((pathPrefix + java.lang.Integer.toString(counter)) + .png)): null

2018-12-14 02:02:22 - [TEST_STEP][PASSED] - Statement - counter = counter + 1: null

2018-12-14 02:02:22 - [TEST_STEP][PASSED] - Statement - PreSaveFile = new java.io.File(((pathPrefix + java.lang.Integer.toString(counter)) + .png)): null

2018-12-14 02:02:22 - [TEST_STEP][PASSED] - Statement - counter = counter + 1: null

2018-12-14 02:02:22 - [TEST_STEP][PASSED] - Statement - PreSaveFile = new java.io.File(((pathPrefix + java.lang.Integer.toString(counter)) + .png)): null

2018-12-14 02:02:22 - [TEST_STEP][PASSED] - Statement - counter = counter + 1: null

2018-12-14 02:02:22 - [TEST_STEP][PASSED] - Statement - PreSaveFile = new java.io.File(((pathPrefix + java.lang.Integer.toString(counter)) + .png)): null

2018-12-14 02:02:22 - [TEST_STEP][PASSED] - Statement - counter = counter + 1: null

2018-12-14 02:02:22 - [TEST_STEP][PASSED] - Statement - PreSaveFile = new java.io.File(((pathPrefix + java.lang.Integer.toString(counter)) + .png)): null

2018-12-14 02:02:22 - [TEST_STEP][PASSED] - Statement - counter = counter + 1: null

2018-12-14 02:02:22 - [TEST_STEP][PASSED] - Statement - PreSaveFile = new java.io.File(((pathPrefix + java.lang.Integer.toString(counter)) + .png)): null

2018-12-14 02:02:22 - [TEST_STEP][PASSED] - Statement - counter = counter + 1: null

2018-12-14 02:02:22 - [TEST_STEP][PASSED] - Statement - PreSaveFile = new java.io.File(((pathPrefix + java.lang.Integer.toString(counter)) + .png)): null

2018-12-14 02:02:22 - [TEST_STEP][PASSED] - Statement - counter = counter + 1: null

2018-12-14 02:02:22 - [TEST_STEP][PASSED] - Statement - PreSaveFile = new java.io.File(((pathPrefix + java.lang.Integer.toString(counter)) + .png)): null

2018-12-14 02:02:22 - [TEST_STEP][PASSED] - Statement - counter = counter + 1: null

2018-12-14 02:02:22 - [TEST_STEP][PASSED] - Statement - PreSaveFile = new java.io.File(((pathPrefix + java.lang.Integer.toString(counter)) + .png)): null

2018-12-14 02:02:22 - [TEST_STEP][PASSED] - Statement - counter = counter + 1: null

2018-12-14 02:02:22 - [TEST_STEP][PASSED] - Statement - PreSaveFile = new java.io.File(((pathPrefix + java.lang.Integer.toString(counter)) + .png)): null

2018-12-14 02:02:22 - [TEST_STEP][PASSED] - Statement - counter = counter + 1: null

2018-12-14 02:02:22 - [TEST_STEP][PASSED] - Statement - PreSaveFile = new java.io.File(((pathPrefix + java.lang.Integer.toString(counter)) + .png)): null

2018-12-14 02:02:22 - [TEST_STEP][PASSED] - Statement - counter = counter + 1: null

2018-12-14 02:02:22 - [TEST_STEP][PASSED] - Statement - PreSaveFile = new java.io.File(((pathPrefix + java.lang.Integer.toString(counter)) + .png)): null

2018-12-14 02:02:22 - [TEST_STEP][PASSED] - Statement - counter = counter + 1: null

2018-12-14 02:02:22 - [TEST_STEP][PASSED] - Statement - PreSaveFile = new java.io.File(((pathPrefix + java.lang.Integer.toString(counter)) + .png)): null

2018-12-14 02:02:22 - [TEST_STEP][PASSED] - Statement - counter = counter + 1: null

2018-12-14 02:02:22 - [TEST_STEP][PASSED] - Statement - PreSaveFile = new java.io.File(((pathPrefix + java.lang.Integer.toString(counter)) + .png)): null

2018-12-14 02:02:22 - [TEST_STEP][PASSED] - Statement - counter = counter + 1: null

2018-12-14 02:02:22 - [TEST_STEP][PASSED] - Statement - PreSaveFile = new java.io.File(((pathPrefix + java.lang.Integer.toString(counter)) + .png)): null

2018-12-14 02:02:22 - [TEST_STEP][PASSED] - Statement - counter = counter + 1: null

2018-12-14 02:02:22 - [TEST_STEP][PASSED] - Statement - PreSaveFile = new java.io.File(((pathPrefix + java.lang.Integer.toString(counter)) + .png)): null

2018-12-14 02:02:22 - [TEST_STEP][PASSED] - Statement - counter = counter + 1: null

2018-12-14 02:02:22 - [TEST_STEP][PASSED] - Statement - PreSaveFile = new java.io.File(((pathPrefix + java.lang.Integer.toString(counter)) + .png)): null

2018-12-14 02:02:22 - [TEST_STEP][PASSED] - Statement - counter = counter + 1: null

2018-12-14 02:02:22 - [TEST_STEP][PASSED] - Statement - PreSaveFile = new java.io.File(((pathPrefix + java.lang.Integer.toString(counter)) + .png)): null

2018-12-14 02:02:22 - [TEST_STEP][PASSED] - Statement - counter = counter + 1: null

2018-12-14 02:02:22 - [TEST_STEP][PASSED] - Statement - PreSaveFile = new java.io.File(((pathPrefix + java.lang.Integer.toString(counter)) + .png)): null

2018-12-14 02:02:22 - [TEST_STEP][PASSED] - Statement - counter = counter + 1: null

2018-12-14 02:02:22 - [TEST_STEP][PASSED] - Statement - PreSaveFile = new java.io.File(((pathPrefix + java.lang.Integer.toString(counter)) + .png)): null

2018-12-14 02:02:22 - [TEST_STEP][PASSED] - Statement - counter = counter + 1: null

2018-12-14 02:02:22 - [TEST_STEP][PASSED] - Statement - PreSaveFile = new java.io.File(((pathPrefix + java.lang.Integer.toString(counter)) + .png)): null

2018-12-14 02:02:22 - [TEST_STEP][PASSED] - Statement - counter = counter + 1: null

2018-12-14 02:02:22 - [TEST_STEP][PASSED] - Statement - PreSaveFile = new java.io.File(((pathPrefix + java.lang.Integer.toString(counter)) + .png)): null

2018-12-14 02:02:22 - [TEST_STEP][PASSED] - Statement - counter = counter + 1: null

2018-12-14 02:02:22 - [TEST_STEP][PASSED] - Statement - PreSaveFile = new java.io.File(((pathPrefix + java.lang.Integer.toString(counter)) + .png)): null

2018-12-14 02:02:22 - [TEST_STEP][PASSED] - Statement - counter = counter + 1: null

2018-12-14 02:02:22 - [TEST_STEP][PASSED] - Statement - PreSaveFile = new java.io.File(((pathPrefix + java.lang.Integer.toString(counter)) + .png)): null

2018-12-14 02:02:22 - [TEST_STEP][PASSED] - Statement - counter = counter + 1: null

2018-12-14 02:02:22 - [TEST_STEP][PASSED] - Statement - PreSaveFile = new java.io.File(((pathPrefix + java.lang.Integer.toString(counter)) + .png)): null

2018-12-14 02:02:22 - [TEST_STEP][PASSED] - Statement - counter = counter + 1: null

2018-12-14 02:02:22 - [TEST_STEP][PASSED] - Statement - PreSaveFile = new java.io.File(((pathPrefix + java.lang.Integer.toString(counter)) + .png)): null

2018-12-14 02:02:22 - [TEST_STEP][PASSED] - Statement - counter = counter + 1: null

2018-12-14 02:02:22 - [TEST_STEP][PASSED] - Statement - PreSaveFile = new java.io.File(((pathPrefix + java.lang.Integer.toString(counter)) + .png)): null

2018-12-14 02:02:22 - [TEST_STEP][PASSED] - Statement - counter = counter + 1: null

2018-12-14 02:02:22 - [TEST_STEP][PASSED] - Statement - PreSaveFile = new java.io.File(((pathPrefix + java.lang.Integer.toString(counter)) + .png)): null

2018-12-14 02:02:22 - [TEST_STEP][PASSED] - Statement - counter = counter + 1: null

2018-12-14 02:02:22 - [TEST_STEP][PASSED] - Statement - PreSaveFile = new java.io.File(((pathPrefix + java.lang.Integer.toString(counter)) + .png)): null

2018-12-14 02:02:22 - [TEST_STEP][PASSED] - Statement - counter = counter + 1: null

2018-12-14 02:02:22 - [TEST_STEP][PASSED] - Statement - PreSaveFile = new java.io.File(((pathPrefix + java.lang.Integer.toString(counter)) + .png)): null

2018-12-14 02:02:22 - [TEST_STEP][PASSED] - Statement - counter = counter + 1: null

2018-12-14 02:02:22 - [TEST_STEP][PASSED] - Statement - PreSaveFile = new java.io.File(((pathPrefix + java.lang.Integer.toString(counter)) + .png)): null

2018-12-14 02:02:22 - [TEST_STEP][PASSED] - Statement - counter = counter + 1: null

2018-12-14 02:02:22 - [TEST_STEP][PASSED] - Statement - PreSaveFile = new java.io.File(((pathPrefix + java.lang.Integer.toString(counter)) + .png)): null

2018-12-14 02:02:22 - [TEST_STEP][PASSED] - Statement - counter = counter + 1: null

2018-12-14 02:02:22 - [TEST_STEP][PASSED] - Statement - PreSaveFile = new java.io.File(((pathPrefix + java.lang.Integer.toString(counter)) + .png)): null

2018-12-14 02:02:22 - [TEST_STEP][PASSED] - Statement - counter = counter + 1: null

2018-12-14 02:02:22 - [TEST_STEP][PASSED] - Statement - PreSaveFile = new java.io.File(((pathPrefix + java.lang.Integer.toString(counter)) + .png)): null

2018-12-14 02:02:22 - [TEST_STEP][PASSED] - Statement - counter = counter + 1: null

2018-12-14 02:02:22 - [TEST_STEP][PASSED] - Statement - PreSaveFile = new java.io.File(((pathPrefix + java.lang.Integer.toString(counter)) + .png)): null

2018-12-14 02:02:22 - [TEST_STEP][PASSED] - Statement - counter = counter + 1: null

2018-12-14 02:02:22 - [TEST_STEP][PASSED] - Statement - PreSaveFile = new java.io.File(((pathPrefix + java.lang.Integer.toString(counter)) + .png)): null

2018-12-14 02:02:22 - [TEST_STEP][PASSED] - Statement - counter = counter + 1: null

2018-12-14 02:02:22 - [TEST_STEP][PASSED] - Statement - PreSaveFile = new java.io.File(((pathPrefix + java.lang.Integer.toString(counter)) + .png)): null

2018-12-14 02:02:22 - [TEST_STEP][PASSED] - Statement - counter = counter + 1: null

2018-12-14 02:02:22 - [TEST_STEP][PASSED] - Statement - PreSaveFile = new java.io.File(((pathPrefix + java.lang.Integer.toString(counter)) + .png)): null

2018-12-14 02:02:22 - [TEST_STEP][PASSED] - Statement - counter = counter + 1: null

2018-12-14 02:02:22 - [TEST_STEP][PASSED] - Statement - PreSaveFile = new java.io.File(((pathPrefix + java.lang.Integer.toString(counter)) + .png)): null

2018-12-14 02:02:22 - [TEST_STEP][PASSED] - Statement - counter = counter + 1: null

2018-12-14 02:02:22 - [TEST_STEP][PASSED] - Statement - PreSaveFile = new java.io.File(((pathPrefix + java.lang.Integer.toString(counter)) + .png)): null

2018-12-14 02:02:22 - [TEST_STEP][PASSED] - Statement - counter = counter + 1: null

2018-12-14 02:02:22 - [TEST_STEP][PASSED] - Statement - PreSaveFile = new java.io.File(((pathPrefix + java.lang.Integer.toString(counter)) + .png)): null

2018-12-14 02:02:22 - [TEST_STEP][PASSED] - Statement - counter = counter + 1: null

2018-12-14 02:02:22 - [TEST_STEP][PASSED] - Statement - PreSaveFile = new java.io.File(((pathPrefix + java.lang.Integer.toString(counter)) + .png)): null

2018-12-14 02:02:22 - [TEST_STEP][PASSED] - Statement - counter = counter + 1: null

2018-12-14 02:02:22 - [TEST_STEP][PASSED] - Statement - PreSaveFile = new java.io.File(((pathPrefix + java.lang.Integer.toString(counter)) + .png)): null

2018-12-14 02:02:22 - [TEST_STEP][PASSED] - Statement - counter = counter + 1: null

2018-12-14 02:02:22 - [TEST_STEP][PASSED] - Statement - PreSaveFile = new java.io.File(((pathPrefix + java.lang.Integer.toString(counter)) + .png)): null

2018-12-14 02:02:22 - [TEST_STEP][PASSED] - Statement - counter = counter + 1: null

2018-12-14 02:02:22 - [TEST_STEP][PASSED] - Statement - PreSaveFile = new java.io.File(((pathPrefix + java.lang.Integer.toString(counter)) + .png)): null

2018-12-14 02:02:22 - [TEST_STEP][PASSED] - Statement - counter = counter + 1: null

2018-12-14 02:02:22 - [TEST_STEP][PASSED] - Statement - PreSaveFile = new java.io.File(((pathPrefix + java.lang.Integer.toString(counter)) + .png)): null

2018-12-14 02:02:22 - [TEST_STEP][PASSED] - Statement - counter = counter + 1: null

2018-12-14 02:02:22 - [TEST_STEP][PASSED] - Statement - PreSaveFile = new java.io.File(((pathPrefix + java.lang.Integer.toString(counter)) + .png)): null

2018-12-14 02:02:22 - [TEST_STEP][PASSED] - Statement - counter = counter + 1: null

2018-12-14 02:02:22 - [TEST_STEP][PASSED] - Statement - PreSaveFile = new java.io.File(((pathPrefix + java.lang.Integer.toString(counter)) + .png)): null

2018-12-14 02:02:22 - [TEST_STEP][PASSED] - Statement - counter = counter + 1: null

2018-12-14 02:02:22 - [TEST_STEP][PASSED] - Statement - PreSaveFile = new java.io.File(((pathPrefix + java.lang.Integer.toString(counter)) + .png)): null

2018-12-14 02:02:22 - [TEST_STEP][PASSED] - Statement - counter = counter + 1: null

2018-12-14 02:02:22 - [TEST_STEP][PASSED] - Statement - PreSaveFile = new java.io.File(((pathPrefix + java.lang.Integer.toString(counter)) + .png)): null

2018-12-14 02:02:22 - [TEST_STEP][PASSED] - Statement - counter = counter + 1: null

2018-12-14 02:02:22 - [TEST_STEP][PASSED] - Statement - PreSaveFile = new java.io.File(((pathPrefix + java.lang.Integer.toString(counter)) + .png)): null

2018-12-14 02:02:22 - [TEST_STEP][PASSED] - Statement - counter = counter + 1: null

2018-12-14 02:02:22 - [TEST_STEP][PASSED] - Statement - PreSaveFile = new java.io.File(((pathPrefix + java.lang.Integer.toString(counter)) + .png)): null

2018-12-14 02:02:22 - [TEST_STEP][PASSED] - Statement - counter = counter + 1: null

2018-12-14 02:02:22 - [TEST_STEP][PASSED] - Statement - PreSaveFile = new java.io.File(((pathPrefix + java.lang.Integer.toString(counter)) + .png)): null

2018-12-14 02:02:22 - [TEST_STEP][PASSED] - Statement - counter = counter + 1: null

2018-12-14 02:02:22 - [TEST_STEP][PASSED] - Statement - PreSaveFile = new java.io.File(((pathPrefix + java.lang.Integer.toString(counter)) + .png)): null

2018-12-14 02:02:22 - [TEST_STEP][PASSED] - Statement - counter = counter + 1: null

2018-12-14 02:02:22 - [TEST_STEP][PASSED] - Statement - PreSaveFile = new java.io.File(((pathPrefix + java.lang.Integer.toString(counter)) + .png)): null

2018-12-14 02:02:22 - [TEST_STEP][PASSED] - Statement - counter = counter + 1: null

2018-12-14 02:02:22 - [TEST_STEP][PASSED] - Statement - PreSaveFile = new java.io.File(((pathPrefix + java.lang.Integer.toString(counter)) + .png)): null

2018-12-14 02:02:22 - [TEST_STEP][PASSED] - Statement - counter = counter + 1: null

2018-12-14 02:02:22 - [TEST_STEP][PASSED] - Statement - PreSaveFile = new java.io.File(((pathPrefix + java.lang.Integer.toString(counter)) + .png)): null

2018-12-14 02:02:22 - [TEST_STEP][PASSED] - Statement - counter = counter + 1: null

2018-12-14 02:02:22 - [TEST_STEP][PASSED] - Statement - PreSaveFile = new java.io.File(((pathPrefix + java.lang.Integer.toString(counter)) + .png)): null

2018-12-14 02:02:22 - [TEST_STEP][PASSED] - Statement - counter = counter + 1: null

2018-12-14 02:02:22 - [TEST_STEP][PASSED] - Statement - PreSaveFile = new java.io.File(((pathPrefix + java.lang.Integer.toString(counter)) + .png)): null

2018-12-14 02:02:22 - [TEST_STEP][PASSED] - Statement - counter = counter + 1: null

2018-12-14 02:02:22 - [TEST_STEP][PASSED] - Statement - PreSaveFile = new java.io.File(((pathPrefix + java.lang.Integer.toString(counter)) + .png)): null

2018-12-14 02:02:22 - [TEST_STEP][PASSED] - Statement - counter = counter + 1: null

2018-12-14 02:02:22 - [TEST_STEP][PASSED] - Statement - PreSaveFile = new java.io.File(((pathPrefix + java.lang.Integer.toString(counter)) + .png)): null

2018-12-14 02:02:22 - [TEST_STEP][PASSED] - Statement - counter = counter + 1: null

2018-12-14 02:02:22 - [TEST_STEP][PASSED] - Statement - PreSaveFile = new java.io.File(((pathPrefix + java.lang.Integer.toString(counter)) + .png)): null

2018-12-14 02:02:22 - [TEST_STEP][PASSED] - Statement - counter = counter + 1: null

2018-12-14 02:02:22 - [TEST_STEP][PASSED] - Statement - PreSaveFile = new java.io.File(((pathPrefix + java.lang.Integer.toString(counter)) + .png)): null

2018-12-14 02:02:22 - [TEST_STEP][PASSED] - Statement - counter = counter + 1: null

2018-12-14 02:02:22 - [TEST_STEP][PASSED] - Statement - PreSaveFile = new java.io.File(((pathPrefix + java.lang.Integer.toString(counter)) + .png)): null

2018-12-14 02:02:22 - [TEST_STEP][PASSED] - Statement - counter = counter + 1: null

2018-12-14 02:02:22 - [TEST_STEP][PASSED] - Statement - PreSaveFile = new java.io.File(((pathPrefix + java.lang.Integer.toString(counter)) + .png)): null

2018-12-14 02:02:22 - [TEST_STEP][PASSED] - Statement - counter = counter + 1: null

2018-12-14 02:02:22 - [TEST_STEP][PASSED] - Statement - PreSaveFile = new java.io.File(((pathPrefix + java.lang.Integer.toString(counter)) + .png)): null

2018-12-14 02:02:22 - [TEST_STEP][PASSED] - Statement - counter = counter + 1: null

2018-12-14 02:02:22 - [TEST_STEP][PASSED] - Statement - PreSaveFile = new java.io.File(((pathPrefix + java.lang.Integer.toString(counter)) + .png)): null

2018-12-14 02:02:22 - [TEST_STEP][PASSED] - Statement - counter = counter + 1: null

2018-12-14 02:02:22 - [TEST_STEP][PASSED] - Statement - PreSaveFile = new java.io.File(((pathPrefix + java.lang.Integer.toString(counter)) + .png)): null

2018-12-14 02:02:22 - [TEST_STEP][PASSED] - Statement - counter = counter + 1: null

2018-12-14 02:02:22 - [TEST_STEP][PASSED] - Statement - PreSaveFile = new java.io.File(((pathPrefix + java.lang.Integer.toString(counter)) + .png)): null

2018-12-14 02:02:22 - [TEST_STEP][PASSED] - Statement - counter = counter + 1: null

2018-12-14 02:02:22 - [TEST_STEP][PASSED] - Statement - PreSaveFile = new java.io.File(((pathPrefix + java.lang.Integer.toString(counter)) + .png)): null

2018-12-14 02:02:22 - [TEST_STEP][PASSED] - Statement - counter = counter + 1: null

2018-12-14 02:02:22 - [TEST_STEP][PASSED] - Statement - PreSaveFile = new java.io.File(((pathPrefix + java.lang.Integer.toString(counter)) + .png)): null

2018-12-14 02:02:22 - [TEST_STEP][PASSED] - Statement - counter = counter + 1: null

2018-12-14 02:02:22 - [TEST_STEP][PASSED] - Statement - PreSaveFile = new java.io.File(((pathPrefix + java.lang.Integer.toString(counter)) + .png)): null

2018-12-14 02:02:22 - [TEST_STEP][PASSED] - Statement - counter = counter + 1: null

2018-12-14 02:02:22 - [TEST_STEP][PASSED] - Statement - PreSaveFile = new java.io.File(((pathPrefix + java.lang.Integer.toString(counter)) + .png)): null

2018-12-14 02:02:22 - [TEST_STEP][PASSED] - Statement - counter = counter + 1: null

2018-12-14 02:02:22 - [TEST_STEP][PASSED] - Statement - PreSaveFile = new java.io.File(((pathPrefix + java.lang.Integer.toString(counter)) + .png)): null

2018-12-14 02:02:22 - [TEST_STEP][PASSED] - Statement - counter = counter + 1: null

2018-12-14 02:02:22 - [TEST_STEP][PASSED] - Statement - PreSaveFile = new java.io.File(((pathPrefix + java.lang.Integer.toString(counter)) + .png)): null

2018-12-14 02:02:22 - [TEST_STEP][PASSED] - Statement - counter = counter + 1: null

2018-12-14 02:02:22 - [TEST_STEP][PASSED] - Statement - PreSaveFile = new java.io.File(((pathPrefix + java.lang.Integer.toString(counter)) + .png)): null

2018-12-14 02:02:22 - [TEST_STEP][PASSED] - Statement - counter = counter + 1: null

2018-12-14 02:02:22 - [TEST_STEP][PASSED] - Statement - PreSaveFile = new java.io.File(((pathPrefix + java.lang.Integer.toString(counter)) + .png)): null

2018-12-14 02:02:22 - [TEST_STEP][PASSED] - Statement - counter = counter + 1: null

2018-12-14 02:02:22 - [TEST_STEP][PASSED] - Statement - PreSaveFile = new java.io.File(((pathPrefix + java.lang.Integer.toString(counter)) + .png)): null

2018-12-14 02:02:22 - [TEST_STEP][PASSED] - Statement - counter = counter + 1: null

2018-12-14 02:02:22 - [TEST_STEP][PASSED] - Statement - PreSaveFile = new java.io.File(((pathPrefix + java.lang.Integer.toString(counter)) + .png)): null

2018-12-14 02:02:22 - [TEST_STEP][PASSED] - Statement - counter = counter + 1: null

2018-12-14 02:02:22 - [TEST_STEP][PASSED] - Statement - PreSaveFile = new java.io.File(((pathPrefix + java.lang.Integer.toString(counter)) + .png)): null

2018-12-14 02:02:22 - [TEST_STEP][PASSED] - Statement - counter = counter + 1: null

2018-12-14 02:02:22 - [TEST_STEP][PASSED] - Statement - PreSaveFile = new java.io.File(((pathPrefix + java.lang.Integer.toString(counter)) + .png)): null

2018-12-14 02:02:22 - [TEST_STEP][PASSED] - Statement - counter = counter + 1: null

2018-12-14 02:02:22 - [TEST_STEP][PASSED] - Statement - PreSaveFile = new java.io.File(((pathPrefix + java.lang.Integer.toString(counter)) + .png)): null

2018-12-14 02:02:22 - [TEST_STEP][PASSED] - Statement - counter = counter + 1: null

2018-12-14 02:02:22 - [TEST_STEP][PASSED] - Statement - PreSaveFile = new java.io.File(((pathPrefix + java.lang.Integer.toString(counter)) + .png)): null

2018-12-14 02:02:22 - [TEST_STEP][PASSED] - Statement - counter = counter + 1: null

2018-12-14 02:02:22 - [TEST_STEP][PASSED] - Statement - PreSaveFile = new java.io.File(((pathPrefix + java.lang.Integer.toString(counter)) + .png)): null

2018-12-14 02:02:22 - [TEST_STEP][PASSED] - Statement - counter = counter + 1: null

2018-12-14 02:02:22 - [TEST_STEP][PASSED] - Statement - PreSaveFile = new java.io.File(((pathPrefix + java.lang.Integer.toString(counter)) + .png)): null

2018-12-14 02:02:22 - [TEST_STEP][PASSED] - Statement - counter = counter + 1: null

2018-12-14 02:02:22 - [TEST_STEP][PASSED] - Statement - PreSaveFile = new java.io.File(((pathPrefix + java.lang.Integer.toString(counter)) + .png)): null

2018-12-14 02:02:22 - [TEST_STEP][PASSED] - Statement - counter = counter + 1: null

2018-12-14 02:02:22 - [TEST_STEP][PASSED] - Statement - PreSaveFile = new java.io.File(((pathPrefix + java.lang.Integer.toString(counter)) + .png)): null

2018-12-14 02:02:22 - [TEST_STEP][PASSED] - Statement - counter = counter + 1: null

2018-12-14 02:02:22 - [TEST_STEP][PASSED] - Statement - PreSaveFile = new java.io.File(((pathPrefix + java.lang.Integer.toString(counter)) + .png)): null

2018-12-14 02:02:22 - [TEST_STEP][PASSED] - Statement - counter = counter + 1: null

2018-12-14 02:02:22 - [TEST_STEP][PASSED] - Statement - PreSaveFile = new java.io.File(((pathPrefix + java.lang.Integer.toString(counter)) + .png)): null

2018-12-14 02:02:22 - [TEST_STEP][PASSED] - Statement - counter = counter + 1: null

2018-12-14 02:02:22 - [TEST_STEP][PASSED] - Statement - PreSaveFile = new java.io.File(((pathPrefix + java.lang.Integer.toString(counter)) + .png)): null

2018-12-14 02:02:22 - [TEST_STEP][PASSED] - Statement - counter = counter + 1: null

2018-12-14 02:02:22 - [TEST_STEP][PASSED] - Statement - PreSaveFile = new java.io.File(((pathPrefix + java.lang.Integer.toString(counter)) + .png)): null

2018-12-14 02:02:22 - [TEST_STEP][PASSED] - Statement - counter = counter + 1: null

2018-12-14 02:02:22 - [TEST_STEP][PASSED] - Statement - PreSaveFile = new java.io.File(((pathPrefix + java.lang.Integer.toString(counter)) + .png)): null

2018-12-14 02:02:22 - [TEST_STEP][PASSED] - Statement - counter = counter + 1: null

2018-12-14 02:02:22 - [TEST_STEP][PASSED] - Statement - PreSaveFile = new java.io.File(((pathPrefix + java.lang.Integer.toString(counter)) + .png)): null

2018-12-14 02:02:22 - [TEST_STEP][PASSED] - Statement - counter = counter + 1: null

2018-12-14 02:02:22 - [TEST_STEP][PASSED] - Statement - PreSaveFile = new java.io.File(((pathPrefix + java.lang.Integer.toString(counter)) + .png)): null

2018-12-14 02:02:22 - [TEST_STEP][PASSED] - Statement - counter = counter + 1: null

2018-12-14 02:02:22 - [TEST_STEP][PASSED] - Statement - PreSaveFile = new java.io.File(((pathPrefix + java.lang.Integer.toString(counter)) + .png)): null

2018-12-14 02:02:22 - [TEST_STEP][PASSED] - Statement - counter = counter + 1: null

2018-12-14 02:02:22 - [TEST_STEP][PASSED] - Statement - PreSaveFile = new java.io.File(((pathPrefix + java.lang.Integer.toString(counter)) + .png)): null

2018-12-14 02:02:22 - [TEST_STEP][PASSED] - Statement - counter = counter + 1: null

2018-12-14 02:02:22 - [TEST_STEP][PASSED] - Statement - PreSaveFile = new java.io.File(((pathPrefix + java.lang.Integer.toString(counter)) + .png)): null

2018-12-14 02:02:22 - [TEST_STEP][PASSED] - Statement - counter = counter + 1: null

2018-12-14 02:02:22 - [TEST_STEP][PASSED] - Statement - PreSaveFile = new java.io.File(((pathPrefix + java.lang.Integer.toString(counter)) + .png)): null

2018-12-14 02:02:22 - [TEST_STEP][PASSED] - Statement - counter = counter + 1: null

2018-12-14 02:02:22 - [TEST_STEP][PASSED] - Statement - PreSaveFile = new java.io.File(((pathPrefix + java.lang.Integer.toString(counter)) + .png)): null

2018-12-14 02:02:22 - [TEST_STEP][PASSED] - Statement - counter = counter + 1: null

2018-12-14 02:02:22 - [TEST_STEP][PASSED] - Statement - PreSaveFile = new java.io.File(((pathPrefix + java.lang.Integer.toString(counter)) + .png)): null

2018-12-14 02:02:22 - [TEST_STEP][PASSED] - Statement - counter = counter + 1: null

2018-12-14 02:02:22 - [TEST_STEP][PASSED] - Statement - PreSaveFile = new java.io.File(((pathPrefix + java.lang.Integer.toString(counter)) + .png)): null

2018-12-14 02:02:22 - [TEST_STEP][PASSED] - Statement - counter = counter + 1: null

2018-12-14 02:02:22 - [TEST_STEP][PASSED] - Statement - PreSaveFile = new java.io.File(((pathPrefix + java.lang.Integer.toString(counter)) + .png)): null

2018-12-14 02:02:22 - [TEST_STEP][PASSED] - Statement - counter = counter + 1: null

2018-12-14 02:02:22 - [TEST_STEP][PASSED] - Statement - PreSaveFile = new java.io.File(((pathPrefix + java.lang.Integer.toString(counter)) + .png)): null

2018-12-14 02:02:22 - [TEST_STEP][PASSED] - Statement - counter = counter + 1: null

2018-12-14 02:02:22 - [TEST_STEP][PASSED] - Statement - PreSaveFile = new java.io.File(((pathPrefix + java.lang.Integer.toString(counter)) + .png)): null

2018-12-14 02:02:22 - [TEST_STEP][PASSED] - Statement - counter = counter + 1: null

2018-12-14 02:02:22 - [TEST_STEP][PASSED] - Statement - PreSaveFile = new java.io.File(((pathPrefix + java.lang.Integer.toString(counter)) + .png)): null

2018-12-14 02:02:22 - [TEST_STEP][PASSED] - Statement - counter = counter + 1: null

2018-12-14 02:02:22 - [TEST_STEP][PASSED] - Statement - PreSaveFile = new java.io.File(((pathPrefix + java.lang.Integer.toString(counter)) + .png)): null

2018-12-14 02:02:22 - [TEST_STEP][PASSED] - Statement - counter = counter + 1: null

2018-12-14 02:02:22 - [TEST_STEP][PASSED] - Statement - PreSaveFile = new java.io.File(((pathPrefix + java.lang.Integer.toString(counter)) + .png)): null

2018-12-14 02:02:22 - [TEST_STEP][PASSED] - Statement - counter = counter + 1: null

2018-12-14 02:02:22 - [TEST_STEP][PASSED] - Statement - PreSaveFile = new java.io.File(((pathPrefix + java.lang.Integer.toString(counter)) + .png)): null

2018-12-14 02:02:22 - [TEST_STEP][PASSED] - Statement - counter = counter + 1: null

2018-12-14 02:02:22 - [TEST_STEP][PASSED] - Statement - PreSaveFile = new java.io.File(((pathPrefix + java.lang.Integer.toString(counter)) + .png)): null

2018-12-14 02:02:23 - [TEST_STEP][PASSED] - Statement - counter = counter + 1: null

2018-12-14 02:02:23 - [TEST_STEP][PASSED] - Statement - PreSaveFile = new java.io.File(((pathPrefix + java.lang.Integer.toString(counter)) + .png)): null

2018-12-14 02:02:23 - [TEST_STEP][PASSED] - Statement - counter = counter + 1: null

2018-12-14 02:02:23 - [TEST_STEP][PASSED] - Statement - PreSaveFile = new java.io.File(((pathPrefix + java.lang.Integer.toString(counter)) + .png)): null

2018-12-14 02:02:23 - [TEST_STEP][PASSED] - Statement - counter = counter + 1: null

2018-12-14 02:02:23 - [TEST_STEP][PASSED] - Statement - PreSaveFile = new java.io.File(((pathPrefix + java.lang.Integer.toString(counter)) + .png)): null

2018-12-14 02:02:23 - [TEST_STEP][PASSED] - Statement - counter = counter + 1: null

2018-12-14 02:02:23 - [TEST_STEP][PASSED] - Statement - PreSaveFile = new java.io.File(((pathPrefix + java.lang.Integer.toString(counter)) + .png)): null

2018-12-14 02:02:23 - [TEST_STEP][PASSED] - Statement - counter = counter + 1: null

2018-12-14 02:02:23 - [TEST_STEP][PASSED] - Statement - PreSaveFile = new java.io.File(((pathPrefix + java.lang.Integer.toString(counter)) + .png)): null

2018-12-14 02:02:23 - [TEST_STEP][PASSED] - Statement - counter = counter + 1: null

2018-12-14 02:02:23 - [TEST_STEP][PASSED] - Statement - PreSaveFile = new java.io.File(((pathPrefix + java.lang.Integer.toString(counter)) + .png)): null

2018-12-14 02:02:23 - [TEST_STEP][PASSED] - Statement - counter = counter + 1: null

2018-12-14 02:02:23 - [TEST_STEP][PASSED] - Statement - PreSaveFile = new java.io.File(((pathPrefix + java.lang.Integer.toString(counter)) + .png)): null

2018-12-14 02:02:23 - [TEST_STEP][PASSED] - Statement - counter = counter + 1: null

2018-12-14 02:02:23 - [TEST_STEP][PASSED] - Statement - PreSaveFile = new java.io.File(((pathPrefix + java.lang.Integer.toString(counter)) + .png)): null

2018-12-14 02:02:23 - [TEST_STEP][PASSED] - Statement - counter = counter + 1: null

2018-12-14 02:02:23 - [TEST_STEP][PASSED] - Statement - PreSaveFile = new java.io.File(((pathPrefix + java.lang.Integer.toString(counter)) + .png)): null

2018-12-14 02:02:23 - [TEST_STEP][PASSED] - Statement - counter = counter + 1: null

2018-12-14 02:02:23 - [TEST_STEP][PASSED] - Statement - PreSaveFile = new java.io.File(((pathPrefix + java.lang.Integer.toString(counter)) + .png)): null

2018-12-14 02:02:23 - [TEST_STEP][PASSED] - Statement - counter = counter + 1: null

2018-12-14 02:02:23 - [TEST_STEP][PASSED] - Statement - PreSaveFile = new java.io.File(((pathPrefix + java.lang.Integer.toString(counter)) + .png)): null

2018-12-14 02:02:23 - [TEST_STEP][PASSED] - Statement - counter = counter + 1: null

2018-12-14 02:02:23 - [TEST_STEP][PASSED] - Statement - PreSaveFile = new java.io.File(((pathPrefix + java.lang.Integer.toString(counter)) + .png)): null

2018-12-14 02:02:23 - [TEST_STEP][PASSED] - Statement - counter = counter + 1: null

2018-12-14 02:02:23 - [TEST_STEP][PASSED] - Statement - PreSaveFile = new java.io.File(((pathPrefix + java.lang.Integer.toString(counter)) + .png)): null

2018-12-14 02:02:23 - [TEST_STEP][PASSED] - Statement - counter = counter + 1: null

2018-12-14 02:02:23 - [TEST_STEP][PASSED] - Statement - PreSaveFile = new java.io.File(((pathPrefix + java.lang.Integer.toString(counter)) + .png)): null

2018-12-14 02:02:23 - [TEST_STEP][PASSED] - Statement - counter = counter + 1: null

2018-12-14 02:02:23 - [TEST_STEP][PASSED] - Statement - PreSaveFile = new java.io.File(((pathPrefix + java.lang.Integer.toString(counter)) + .png)): null

2018-12-14 02:02:23 - [TEST_STEP][PASSED] - Statement - counter = counter + 1: null

2018-12-14 02:02:23 - [TEST_STEP][PASSED] - Statement - PreSaveFile = new java.io.File(((pathPrefix + java.lang.Integer.toString(counter)) + .png)): null

2018-12-14 02:02:23 - [TEST_STEP][PASSED] - Statement - counter = counter + 1: null

2018-12-14 02:02:23 - [TEST_STEP][PASSED] - Statement - PreSaveFile = new java.io.File(((pathPrefix + java.lang.Integer.toString(counter)) + .png)): null

2018-12-14 02:02:23 - [TEST_STEP][PASSED] - Statement - counter = counter + 1: null

2018-12-14 02:02:23 - [TEST_STEP][PASSED] - Statement - PreSaveFile = new java.io.File(((pathPrefix + java.lang.Integer.toString(counter)) + .png)): null

2018-12-14 02:02:23 - [TEST_STEP][PASSED] - Statement - counter = counter + 1: null

2018-12-14 02:02:23 - [TEST_STEP][PASSED] - Statement - PreSaveFile = new java.io.File(((pathPrefix + java.lang.Integer.toString(counter)) + .png)): null

2018-12-14 02:02:23 - [TEST_STEP][PASSED] - Statement - counter = counter + 1: null

2018-12-14 02:02:23 - [TEST_STEP][PASSED] - Statement - PreSaveFile = new java.io.File(((pathPrefix + java.lang.Integer.toString(counter)) + .png)): null

2018-12-14 02:02:23 - [TEST_STEP][PASSED] - Statement - counter = counter + 1: null

2018-12-14 02:02:23 - [TEST_STEP][PASSED] - Statement - PreSaveFile = new java.io.File(((pathPrefix + java.lang.Integer.toString(counter)) + .png)): null

2018-12-14 02:02:23 - [TEST_STEP][PASSED] - Statement - counter = counter + 1: null

2018-12-14 02:02:23 - [TEST_STEP][PASSED] - Statement - PreSaveFile = new java.io.File(((pathPrefix + java.lang.Integer.toString(counter)) + .png)): null

2018-12-14 02:02:23 - [TEST_STEP][PASSED] - Statement - counter = counter + 1: null

2018-12-14 02:02:23 - [TEST_STEP][PASSED] - Statement - PreSaveFile = new java.io.File(((pathPrefix + java.lang.Integer.toString(counter)) + .png)): null

2018-12-14 02:02:23 - [TEST_STEP][PASSED] - Statement - counter = counter + 1: null

2018-12-14 02:02:23 - [TEST_STEP][PASSED] - Statement - PreSaveFile = new java.io.File(((pathPrefix + java.lang.Integer.toString(counter)) + .png)): null

2018-12-14 02:02:23 - [TEST_STEP][PASSED] - Statement - counter = counter + 1: null

2018-12-14 02:02:23 - [TEST_STEP][PASSED] - Statement - PreSaveFile = new java.io.File(((pathPrefix + java.lang.Integer.toString(counter)) + .png)): null

2018-12-14 02:02:23 - [TEST_STEP][PASSED] - Statement - counter = counter + 1: null

2018-12-14 02:02:23 - [TEST_STEP][PASSED] - Statement - PreSaveFile = new java.io.File(((pathPrefix + java.lang.Integer.toString(counter)) + .png)): null

2018-12-14 02:02:23 - [TEST_STEP][PASSED] - Statement - counter = counter + 1: null

2018-12-14 02:02:23 - [TEST_STEP][PASSED] - Statement - PreSaveFile = new java.io.File(((pathPrefix + java.lang.Integer.toString(counter)) + .png)): null

2018-12-14 02:02:23 - [TEST_STEP][PASSED] - Statement - counter = counter + 1: null

2018-12-14 02:02:23 - [TEST_STEP][PASSED] - Statement - PreSaveFile = new java.io.File(((pathPrefix + java.lang.Integer.toString(counter)) + .png)): null

2018-12-14 02:02:23 - [TEST_STEP][PASSED] - Statement - counter = counter + 1: null

2018-12-14 02:02:23 - [TEST_STEP][PASSED] - Statement - PreSaveFile = new java.io.File(((pathPrefix + java.lang.Integer.toString(counter)) + .png)): null

2018-12-14 02:02:23 - [TEST_STEP][PASSED] - Statement - counter = counter + 1: null

2018-12-14 02:02:23 - [TEST_STEP][PASSED] - Statement - PreSaveFile = new java.io.File(((pathPrefix + java.lang.Integer.toString(counter)) + .png)): null

2018-12-14 02:02:23 - [TEST_STEP][PASSED] - Statement - counter = counter + 1: null

2018-12-14 02:02:23 - [TEST_STEP][PASSED] - Statement - PreSaveFile = new java.io.File(((pathPrefix + java.lang.Integer.toString(counter)) + .png)): null

2018-12-14 02:02:23 - [TEST_STEP][PASSED] - Statement - counter = counter + 1: null

2018-12-14 02:02:23 - [TEST_STEP][PASSED] - Statement - PreSaveFile = new java.io.File(((pathPrefix + java.lang.Integer.toString(counter)) + .png)): null

2018-12-14 02:02:23 - [TEST_STEP][PASSED] - Statement - counter = counter + 1: null

2018-12-14 02:02:23 - [TEST_STEP][PASSED] - Statement - PreSaveFile = new java.io.File(((pathPrefix + java.lang.Integer.toString(counter)) + .png)): null

2018-12-14 02:02:23 - [TEST_STEP][PASSED] - Statement - counter = counter + 1: null

2018-12-14 02:02:23 - [TEST_STEP][PASSED] - Statement - PreSaveFile = new java.io.File(((pathPrefix + java.lang.Integer.toString(counter)) + .png)): null

2018-12-14 02:02:23 - [TEST_STEP][PASSED] - Statement - counter = counter + 1: null

2018-12-14 02:02:23 - [TEST_STEP][PASSED] - Statement - PreSaveFile = new java.io.File(((pathPrefix + java.lang.Integer.toString(counter)) + .png)): null

2018-12-14 02:02:23 - [TEST_STEP][PASSED] - Statement - counter = counter + 1: null

2018-12-14 02:02:23 - [TEST_STEP][PASSED] - Statement - PreSaveFile = new java.io.File(((pathPrefix + java.lang.Integer.toString(counter)) + .png)): null

2018-12-14 02:02:23 - [TEST_STEP][PASSED] - Statement - counter = counter + 1: null

2018-12-14 02:02:23 - [TEST_STEP][PASSED] - Statement - PreSaveFile = new java.io.File(((pathPrefix + java.lang.Integer.toString(counter)) + .png)): null

2018-12-14 02:02:23 - [TEST_STEP][PASSED] - Statement - counter = counter + 1: null

2018-12-14 02:02:23 - [TEST_STEP][PASSED] - Statement - PreSaveFile = new java.io.File(((pathPrefix + java.lang.Integer.toString(counter)) + .png)): null

2018-12-14 02:02:23 - [TEST_STEP][PASSED] - Statement - counter = counter + 1: null

2018-12-14 02:02:23 - [TEST_STEP][PASSED] - Statement - PreSaveFile = new java.io.File(((pathPrefix + java.lang.Integer.toString(counter)) + .png)): null

2018-12-14 02:02:23 - [TEST_STEP][PASSED] - Statement - counter = counter + 1: null

2018-12-14 02:02:23 - [TEST_STEP][PASSED] - Statement - PreSaveFile = new java.io.File(((pathPrefix + java.lang.Integer.toString(counter)) + .png)): null

2018-12-14 02:02:23 - [TEST_STEP][PASSED] - Statement - counter = counter + 1: null

2018-12-14 02:02:23 - [TEST_STEP][PASSED] - Statement - PreSaveFile = new java.io.File(((pathPrefix + java.lang.Integer.toString(counter)) + .png)): null

2018-12-14 02:02:23 - [TEST_STEP][PASSED] - Statement - counter = counter + 1: null

2018-12-14 02:02:23 - [TEST_STEP][PASSED] - Statement - PreSaveFile = new java.io.File(((pathPrefix + java.lang.Integer.toString(counter)) + .png)): null

2018-12-14 02:02:23 - [TEST_STEP][PASSED] - Statement - counter = counter + 1: null

2018-12-14 02:02:23 - [TEST_STEP][PASSED] - Statement - PreSaveFile = new java.io.File(((pathPrefix + java.lang.Integer.toString(counter)) + .png)): null

2018-12-14 02:02:23 - [TEST_STEP][PASSED] - Statement - counter = counter + 1: null

2018-12-14 02:02:23 - [TEST_STEP][PASSED] - Statement - PreSaveFile = new java.io.File(((pathPrefix + java.lang.Integer.toString(counter)) + .png)): null

2018-12-14 02:02:23 - [TEST_STEP][PASSED] - Statement - counter = counter + 1: null

2018-12-14 02:02:23 - [TEST_STEP][PASSED] - Statement - PreSaveFile = new java.io.File(((pathPrefix + java.lang.Integer.toString(counter)) + .png)): null

2018-12-14 02:02:23 - [TEST_STEP][PASSED] - Statement - counter = counter + 1: null

2018-12-14 02:02:23 - [TEST_STEP][PASSED] - Statement - PreSaveFile = new java.io.File(((pathPrefix + java.lang.Integer.toString(counter)) + .png)): null

2018-12-14 02:02:23 - [TEST_STEP][PASSED] - Statement - counter = counter + 1: null

2018-12-14 02:02:23 - [TEST_STEP][PASSED] - Statement - PreSaveFile = new java.io.File(((pathPrefix + java.lang.Integer.toString(counter)) + .png)): null

2018-12-14 02:02:23 - [TEST_STEP][PASSED] - Statement - counter = counter + 1: null

2018-12-14 02:02:23 - [TEST_STEP][PASSED] - Statement - PreSaveFile = new java.io.File(((pathPrefix + java.lang.Integer.toString(counter)) + .png)): null

2018-12-14 02:02:23 - [TEST_STEP][PASSED] - Statement - counter = counter + 1: null

2018-12-14 02:02:23 - [TEST_STEP][PASSED] - Statement - PreSaveFile = new java.io.File(((pathPrefix + java.lang.Integer.toString(counter)) + .png)): null

2018-12-14 02:02:23 - [TEST_STEP][PASSED] - Statement - counter = counter + 1: null

2018-12-14 02:02:23 - [TEST_STEP][PASSED] - Statement - PreSaveFile = new java.io.File(((pathPrefix + java.lang.Integer.toString(counter)) + .png)): null

2018-12-14 02:02:23 - [TEST_STEP][PASSED] - Statement - counter = counter + 1: null

2018-12-14 02:02:23 - [TEST_STEP][PASSED] - Statement - PreSaveFile = new java.io.File(((pathPrefix + java.lang.Integer.toString(counter)) + .png)): null

2018-12-14 02:02:23 - [TEST_STEP][PASSED] - Statement - counter = counter + 1: null

2018-12-14 02:02:23 - [TEST_STEP][PASSED] - Statement - PreSaveFile = new java.io.File(((pathPrefix + java.lang.Integer.toString(counter)) + .png)): null

2018-12-14 02:02:23 - [TEST_STEP][PASSED] - Statement - counter = counter + 1: null

2018-12-14 02:02:23 - [TEST_STEP][PASSED] - Statement - PreSaveFile = new java.io.File(((pathPrefix + java.lang.Integer.toString(counter)) + .png)): null

2018-12-14 02:02:23 - [TEST_STEP][PASSED] - Statement - counter = counter + 1: null

2018-12-14 02:02:23 - [TEST_STEP][PASSED] - Statement - PreSaveFile = new java.io.File(((pathPrefix + java.lang.Integer.toString(counter)) + .png)): null

2018-12-14 02:02:23 - [TEST_STEP][PASSED] - Statement - counter = counter + 1: null

2018-12-14 02:02:23 - [TEST_STEP][PASSED] - Statement - PreSaveFile = new java.io.File(((pathPrefix + java.lang.Integer.toString(counter)) + .png)): null

2018-12-14 02:02:23 - [TEST_STEP][PASSED] - Statement - counter = counter + 1: null

2018-12-14 02:02:23 - [TEST_STEP][PASSED] - Statement - PreSaveFile = new java.io.File(((pathPrefix + java.lang.Integer.toString(counter)) + .png)): null

2018-12-14 02:02:23 - [TEST_STEP][PASSED] - Statement - counter = counter + 1: null

2018-12-14 02:02:23 - [TEST_STEP][PASSED] - Statement - PreSaveFile = new java.io.File(((pathPrefix + java.lang.Integer.toString(counter)) + .png)): null

2018-12-14 02:02:23 - [TEST_STEP][PASSED] - Statement - counter = counter + 1: null

2018-12-14 02:02:23 - [TEST_STEP][PASSED] - Statement - PreSaveFile = new java.io.File(((pathPrefix + java.lang.Integer.toString(counter)) + .png)): null

2018-12-14 02:02:23 - [TEST_STEP][PASSED] - Statement - counter = counter + 1: null

2018-12-14 02:02:23 - [TEST_STEP][PASSED] - Statement - PreSaveFile = new java.io.File(((pathPrefix + java.lang.Integer.toString(counter)) + .png)): null

2018-12-14 02:02:23 - [TEST_STEP][PASSED] - Statement - counter = counter + 1: null

2018-12-14 02:02:23 - [TEST_STEP][PASSED] - Statement - PreSaveFile = new java.io.File(((pathPrefix + java.lang.Integer.toString(counter)) + .png)): null

2018-12-14 02:02:23 - [TEST_STEP][PASSED] - Statement - counter = counter + 1: null

2018-12-14 02:02:23 - [TEST_STEP][PASSED] - Statement - PreSaveFile = new java.io.File(((pathPrefix + java.lang.Integer.toString(counter)) + .png)): null

2018-12-14 02:02:23 - [TEST_STEP][PASSED] - Statement - counter = counter + 1: null

2018-12-14 02:02:23 - [TEST_STEP][PASSED] - Statement - PreSaveFile = new java.io.File(((pathPrefix + java.lang.Integer.toString(counter)) + .png)): null

2018-12-14 02:02:23 - [TEST_STEP][PASSED] - Statement - counter = counter + 1: null

2018-12-14 02:02:23 - [TEST_STEP][PASSED] - Statement - PreSaveFile = new java.io.File(((pathPrefix + java.lang.Integer.toString(counter)) + .png)): null

2018-12-14 02:02:23 - [TEST_STEP][PASSED] - Statement - counter = counter + 1: null

2018-12-14 02:02:23 - [TEST_STEP][PASSED] - Statement - PreSaveFile = new java.io.File(((pathPrefix + java.lang.Integer.toString(counter)) + .png)): null

2018-12-14 02:02:23 - [TEST_STEP][PASSED] - Statement - counter = counter + 1: null

2018-12-14 02:02:23 - [TEST_STEP][PASSED] - Statement - PreSaveFile = new java.io.File(((pathPrefix + java.lang.Integer.toString(counter)) + .png)): null

2018-12-14 02:02:23 - [TEST_STEP][PASSED] - Statement - counter = counter + 1: null

2018-12-14 02:02:23 - [TEST_STEP][PASSED] - Statement - PreSaveFile = new java.io.File(((pathPrefix + java.lang.Integer.toString(counter)) + .png)): null

2018-12-14 02:02:23 - [TEST_STEP][PASSED] - Statement - counter = counter + 1: null

2018-12-14 02:02:23 - [TEST_STEP][PASSED] - Statement - PreSaveFile = new java.io.File(((pathPrefix + java.lang.Integer.toString(counter)) + .png)): null

2018-12-14 02:02:23 - [TEST_STEP][PASSED] - Statement - counter = counter + 1: null

2018-12-14 02:02:23 - [TEST_STEP][PASSED] - Statement - PreSaveFile = new java.io.File(((pathPrefix + java.lang.Integer.toString(counter)) + .png)): null

2018-12-14 02:02:23 - [TEST_STEP][PASSED] - Statement - counter = counter + 1: null

2018-12-14 02:02:23 - [TEST_STEP][PASSED] - Statement - PreSaveFile = new java.io.File(((pathPrefix + java.lang.Integer.toString(counter)) + .png)): null

2018-12-14 02:02:23 - [TEST_STEP][PASSED] - Statement - counter = counter + 1: null

2018-12-14 02:02:23 - [TEST_STEP][PASSED] - Statement - PreSaveFile = new java.io.File(((pathPrefix + java.lang.Integer.toString(counter)) + .png)): null

2018-12-14 02:02:23 - [TEST_STEP][PASSED] - Statement - counter = counter + 1: null

2018-12-14 02:02:23 - [TEST_STEP][PASSED] - Statement - PreSaveFile = new java.io.File(((pathPrefix + java.lang.Integer.toString(counter)) + .png)): null

2018-12-14 02:02:23 - [TEST_STEP][PASSED] - Statement - counter = counter + 1: null

2018-12-14 02:02:23 - [TEST_STEP][PASSED] - Statement - PreSaveFile = new java.io.File(((pathPrefix + java.lang.Integer.toString(counter)) + .png)): null

2018-12-14 02:02:23 - [TEST_STEP][PASSED] - Statement - counter = counter + 1: null

2018-12-14 02:02:23 - [TEST_STEP][PASSED] - Statement - PreSaveFile = new java.io.File(((pathPrefix + java.lang.Integer.toString(counter)) + .png)): null

2018-12-14 02:02:23 - [TEST_STEP][PASSED] - Statement - counter = counter + 1: null

2018-12-14 02:02:23 - [TEST_STEP][PASSED] - Statement - PreSaveFile = new java.io.File(((pathPrefix + java.lang.Integer.toString(counter)) + .png)): null

2018-12-14 02:02:23 - [TEST_STEP][PASSED] - Statement - counter = counter + 1: null

2018-12-14 02:02:23 - [TEST_STEP][PASSED] - Statement - PreSaveFile = new java.io.File(((pathPrefix + java.lang.Integer.toString(counter)) + .png)): null

2018-12-14 02:02:23 - [TEST_STEP][PASSED] - Statement - counter = counter + 1: null

2018-12-14 02:02:23 - [TEST_STEP][PASSED] - Statement - PreSaveFile = new java.io.File(((pathPrefix + java.lang.Integer.toString(counter)) + .png)): null

2018-12-14 02:02:23 - [TEST_STEP][PASSED] - Statement - counter = counter + 1: null

2018-12-14 02:02:23 - [TEST_STEP][PASSED] - Statement - PreSaveFile = new java.io.File(((pathPrefix + java.lang.Integer.toString(counter)) + .png)): null

2018-12-14 02:02:23 - [TEST_STEP][PASSED] - Statement - counter = counter + 1: null

2018-12-14 02:02:23 - [TEST_STEP][PASSED] - Statement - PreSaveFile = new java.io.File(((pathPrefix + java.lang.Integer.toString(counter)) + .png)): null

2018-12-14 02:02:23 - [TEST_STEP][PASSED] - Statement - counter = counter + 1: null

2018-12-14 02:02:23 - [TEST_STEP][PASSED] - Statement - PreSaveFile = new java.io.File(((pathPrefix + java.lang.Integer.toString(counter)) + .png)): null

2018-12-14 02:02:23 - [TEST_STEP][PASSED] - Statement - counter = counter + 1: null

2018-12-14 02:02:23 - [TEST_STEP][PASSED] - Statement - PreSaveFile = new java.io.File(((pathPrefix + java.lang.Integer.toString(counter)) + .png)): null

2018-12-14 02:02:23 - [TEST_STEP][PASSED] - Statement - counter = counter + 1: null

2018-12-14 02:02:23 - [TEST_STEP][PASSED] - Statement - PreSaveFile = new java.io.File(((pathPrefix + java.lang.Integer.toString(counter)) + .png)): null

2018-12-14 02:02:23 - [TEST_STEP][PASSED] - Statement - counter = counter + 1: null

2018-12-14 02:02:23 - [TEST_STEP][PASSED] - Statement - PreSaveFile = new java.io.File(((pathPrefix + java.lang.Integer.toString(counter)) + .png)): null

2018-12-14 02:02:23 - [TEST_STEP][PASSED] - Statement - counter = counter + 1: null

2018-12-14 02:02:23 - [TEST_STEP][PASSED] - Statement - PreSaveFile = new java.io.File(((pathPrefix + java.lang.Integer.toString(counter)) + .png)): null

2018-12-14 02:02:23 - [TEST_STEP][PASSED] - Statement - counter = counter + 1: null

2018-12-14 02:02:23 - [TEST_STEP][PASSED] - Statement - PreSaveFile = new java.io.File(((pathPrefix + java.lang.Integer.toString(counter)) + .png)): null

2018-12-14 02:02:23 - [TEST_STEP][PASSED] - Statement - counter = counter + 1: null

2018-12-14 02:02:23 - [TEST_STEP][PASSED] - Statement - PreSaveFile = new java.io.File(((pathPrefix + java.lang.Integer.toString(counter)) + .png)): null

2018-12-14 02:02:23 - [TEST_STEP][PASSED] - Statement - counter = counter + 1: null

2018-12-14 02:02:23 - [TEST_STEP][PASSED] - Statement - PreSaveFile = new java.io.File(((pathPrefix + java.lang.Integer.toString(counter)) + .png)): null

2018-12-14 02:02:23 - [TEST_STEP][PASSED] - Statement - counter = counter + 1: null

2018-12-14 02:02:23 - [TEST_STEP][PASSED] - Statement - PreSaveFile = new java.io.File(((pathPrefix + java.lang.Integer.toString(counter)) + .png)): null

2018-12-14 02:02:23 - [TEST_STEP][PASSED] - Statement - counter = counter + 1: null

2018-12-14 02:02:23 - [TEST_STEP][PASSED] - Statement - PreSaveFile = new java.io.File(((pathPrefix + java.lang.Integer.toString(counter)) + .png)): null

2018-12-14 02:02:23 - [TEST_STEP][PASSED] - Statement - counter = counter + 1: null

2018-12-14 02:02:23 - [TEST_STEP][PASSED] - Statement - PreSaveFile = new java.io.File(((pathPrefix + java.lang.Integer.toString(counter)) + .png)): null

2018-12-14 02:02:23 - [TEST_STEP][PASSED] - Statement - counter = counter + 1: null

2018-12-14 02:02:23 - [TEST_STEP][PASSED] - Statement - PreSaveFile = new java.io.File(((pathPrefix + java.lang.Integer.toString(counter)) + .png)): null

2018-12-14 02:02:23 - [TEST_STEP][PASSED] - Statement - counter = counter + 1: null

2018-12-14 02:02:23 - [TEST_STEP][PASSED] - Statement - PreSaveFile = new java.io.File(((pathPrefix + java.lang.Integer.toString(counter)) + .png)): null

2018-12-14 02:02:23 - [TEST_STEP][PASSED] - Statement - counter = counter + 1: null

2018-12-14 02:02:23 - [TEST_STEP][PASSED] - Statement - PreSaveFile = new java.io.File(((pathPrefix + java.lang.Integer.toString(counter)) + .png)): null

2018-12-14 02:02:23 - [TEST_STEP][PASSED] - Statement - counter = counter + 1: null

2018-12-14 02:02:23 - [TEST_STEP][PASSED] - Statement - PreSaveFile = new java.io.File(((pathPrefix + java.lang.Integer.toString(counter)) + .png)): null

2018-12-14 02:02:23 - [TEST_STEP][PASSED] - Statement - counter = counter + 1: null

2018-12-14 02:02:23 - [TEST_STEP][PASSED] - Statement - PreSaveFile = new java.io.File(((pathPrefix + java.lang.Integer.toString(counter)) + .png)): null

2018-12-14 02:02:23 - [TEST_STEP][PASSED] - Statement - counter = counter + 1: null

2018-12-14 02:02:23 - [TEST_STEP][PASSED] - Statement - PreSaveFile = new java.io.File(((pathPrefix + java.lang.Integer.toString(counter)) + .png)): null

2018-12-14 02:02:23 - [TEST_STEP][PASSED] - Statement - counter = counter + 1: null

2018-12-14 02:02:23 - [TEST_STEP][PASSED] - Statement - PreSaveFile = new java.io.File(((pathPrefix + java.lang.Integer.toString(counter)) + .png)): null

2018-12-14 02:02:23 - [TEST_STEP][PASSED] - Statement - counter = counter + 1: null

2018-12-14 02:02:23 - [TEST_STEP][PASSED] - Statement - PreSaveFile = new java.io.File(((pathPrefix + java.lang.Integer.toString(counter)) + .png)): null

2018-12-14 02:02:23 - [TEST_STEP][PASSED] - Statement - counter = counter + 1: null

2018-12-14 02:02:23 - [TEST_STEP][PASSED] - Statement - PreSaveFile = new java.io.File(((pathPrefix + java.lang.Integer.toString(counter)) + .png)): null

2018-12-14 02:02:23 - [TEST_STEP][PASSED] - Statement - counter = counter + 1: null

2018-12-14 02:02:23 - [TEST_STEP][PASSED] - Statement - PreSaveFile = new java.io.File(((pathPrefix + java.lang.Integer.toString(counter)) + .png)): null

2018-12-14 02:02:23 - [TEST_STEP][PASSED] - Statement - counter = counter + 1: null

2018-12-14 02:02:23 - [TEST_STEP][PASSED] - Statement - PreSaveFile = new java.io.File(((pathPrefix + java.lang.Integer.toString(counter)) + .png)): null

2018-12-14 02:02:23 - [TEST_STEP][PASSED] - Statement - counter = counter + 1: null

2018-12-14 02:02:23 - [TEST_STEP][PASSED] - Statement - PreSaveFile = new java.io.File(((pathPrefix + java.lang.Integer.toString(counter)) + .png)): null

2018-12-14 02:02:23 - [TEST_STEP][PASSED] - Statement - counter = counter + 1: null

2018-12-14 02:02:23 - [TEST_STEP][PASSED] - Statement - PreSaveFile = new java.io.File(((pathPrefix + java.lang.Integer.toString(counter)) + .png)): null

2018-12-14 02:02:23 - [TEST_STEP][PASSED] - Statement - counter = counter + 1: null

2018-12-14 02:02:23 - [TEST_STEP][PASSED] - Statement - PreSaveFile = new java.io.File(((pathPrefix + java.lang.Integer.toString(counter)) + .png)): null

2018-12-14 02:02:23 - [TEST_STEP][PASSED] - Statement - counter = counter + 1: null

2018-12-14 02:02:23 - [TEST_STEP][PASSED] - Statement - PreSaveFile = new java.io.File(((pathPrefix + java.lang.Integer.toString(counter)) + .png)): null

2018-12-14 02:02:23 - [TEST_STEP][PASSED] - Statement - counter = counter + 1: null

2018-12-14 02:02:23 - [TEST_STEP][PASSED] - Statement - PreSaveFile = new java.io.File(((pathPrefix + java.lang.Integer.toString(counter)) + .png)): null

2018-12-14 02:02:23 - [TEST_STEP][PASSED] - Statement - counter = counter + 1: null

2018-12-14 02:02:23 - [TEST_STEP][PASSED] - Statement - PreSaveFile = new java.io.File(((pathPrefix + java.lang.Integer.toString(counter)) + .png)): null

2018-12-14 02:02:23 - [TEST_STEP][PASSED] - Statement - counter = counter + 1: null

2018-12-14 02:02:23 - [TEST_STEP][PASSED] - Statement - PreSaveFile = new java.io.File(((pathPrefix + java.lang.Integer.toString(counter)) + .png)): null

2018-12-14 02:02:23 - [TEST_STEP][PASSED] - Statement - counter = counter + 1: null

2018-12-14 02:02:23 - [TEST_STEP][PASSED] - Statement - PreSaveFile = new java.io.File(((pathPrefix + java.lang.Integer.toString(counter)) + .png)): null

2018-12-14 02:02:23 - [TEST_STEP][PASSED] - Statement - counter = counter + 1: null

2018-12-14 02:02:23 - [TEST_STEP][PASSED] - Statement - PreSaveFile = new java.io.File(((pathPrefix + java.lang.Integer.toString(counter)) + .png)): null

2018-12-14 02:02:23 - [TEST_STEP][PASSED] - Statement - counter = counter + 1: null

2018-12-14 02:02:23 - [TEST_STEP][PASSED] - Statement - PreSaveFile = new java.io.File(((pathPrefix + java.lang.Integer.toString(counter)) + .png)): null

2018-12-14 02:02:23 - [TEST_STEP][PASSED] - Statement - counter = counter + 1: null

2018-12-14 02:02:23 - [TEST_STEP][PASSED] - Statement - PreSaveFile = new java.io.File(((pathPrefix + java.lang.Integer.toString(counter)) + .png)): null

2018-12-14 02:02:23 - [TEST_STEP][PASSED] - Statement - counter = counter + 1: null

2018-12-14 02:02:23 - [TEST_STEP][PASSED] - Statement - PreSaveFile = new java.io.File(((pathPrefix + java.lang.Integer.toString(counter)) + .png)): null

2018-12-14 02:02:23 - [TEST_STEP][PASSED] - Statement - counter = counter + 1: null

2018-12-14 02:02:23 - [TEST_STEP][PASSED] - Statement - PreSaveFile = new java.io.File(((pathPrefix + java.lang.Integer.toString(counter)) + .png)): null

2018-12-14 02:02:23 - [TEST_STEP][PASSED] - Statement - counter = counter + 1: null

2018-12-14 02:02:23 - [TEST_STEP][PASSED] - Statement - PreSaveFile = new java.io.File(((pathPrefix + java.lang.Integer.toString(counter)) + .png)): null

2018-12-14 02:02:23 - [TEST_STEP][PASSED] - Statement - counter = counter + 1: null

2018-12-14 02:02:23 - [TEST_STEP][PASSED] - Statement - PreSaveFile = new java.io.File(((pathPrefix + java.lang.Integer.toString(counter)) + .png)): null

2018-12-14 02:02:23 - [TEST_STEP][PASSED] - Statement - counter = counter + 1: null

2018-12-14 02:02:23 - [TEST_STEP][PASSED] - Statement - PreSaveFile = new java.io.File(((pathPrefix + java.lang.Integer.toString(counter)) + .png)): null

2018-12-14 02:02:23 - [TEST_STEP][PASSED] - Statement - counter = counter + 1: null

2018-12-14 02:02:23 - [TEST_STEP][PASSED] - Statement - PreSaveFile = new java.io.File(((pathPrefix + java.lang.Integer.toString(counter)) + .png)): null

2018-12-14 02:02:23 - [TEST_STEP][PASSED] - Statement - counter = counter + 1: null

2018-12-14 02:02:23 - [TEST_STEP][PASSED] - Statement - PreSaveFile = new java.io.File(((pathPrefix + java.lang.Integer.toString(counter)) + .png)): null

2018-12-14 02:02:23 - [TEST_STEP][PASSED] - Statement - counter = counter + 1: null

2018-12-14 02:02:23 - [TEST_STEP][PASSED] - Statement - PreSaveFile = new java.io.File(((pathPrefix + java.lang.Integer.toString(counter)) + .png)): null

2018-12-14 02:02:23 - [TEST_STEP][PASSED] - Statement - counter = counter + 1: null

2018-12-14 02:02:23 - [TEST_STEP][PASSED] - Statement - PreSaveFile = new java.io.File(((pathPrefix + java.lang.Integer.toString(counter)) + .png)): null

2018-12-14 02:02:23 - [TEST_STEP][PASSED] - Statement - counter = counter + 1: null

2018-12-14 02:02:23 - [TEST_STEP][PASSED] - Statement - PreSaveFile = new java.io.File(((pathPrefix + java.lang.Integer.toString(counter)) + .png)): null

2018-12-14 02:02:23 - [TEST_STEP][PASSED] - Statement - counter = counter + 1: null

2018-12-14 02:02:23 - [TEST_STEP][PASSED] - Statement - PreSaveFile = new java.io.File(((pathPrefix + java.lang.Integer.toString(counter)) + .png)): null

2018-12-14 02:02:23 - [TEST_STEP][PASSED] - Statement - counter = counter + 1: null

2018-12-14 02:02:23 - [TEST_STEP][PASSED] - Statement - PreSaveFile = new java.io.File(((pathPrefix + java.lang.Integer.toString(counter)) + .png)): null

2018-12-14 02:02:23 - [TEST_STEP][PASSED] - Statement - counter = counter + 1: null

2018-12-14 02:02:23 - [TEST_STEP][PASSED] - Statement - PreSaveFile = new java.io.File(((pathPrefix + java.lang.Integer.toString(counter)) + .png)): null

2018-12-14 02:02:23 - [TEST_STEP][PASSED] - Statement - counter = counter + 1: null

2018-12-14 02:02:23 - [TEST_STEP][PASSED] - Statement - PreSaveFile = new java.io.File(((pathPrefix + java.lang.Integer.toString(counter)) + .png)): null

2018-12-14 02:02:23 - [TEST_STEP][PASSED] - Statement - counter = counter + 1: null

2018-12-14 02:02:23 - [TEST_STEP][PASSED] - Statement - PreSaveFile = new java.io.File(((pathPrefix + java.lang.Integer.toString(counter)) + .png)): null

2018-12-14 02:02:23 - [TEST_STEP][PASSED] - Statement - counter = counter + 1: null

2018-12-14 02:02:23 - [TEST_STEP][PASSED] - Statement - PreSaveFile = new java.io.File(((pathPrefix + java.lang.Integer.toString(counter)) + .png)): null

2018-12-14 02:02:23 - [TEST_STEP][PASSED] - Statement - counter = counter + 1: null

2018-12-14 02:02:23 - [TEST_STEP][PASSED] - Statement - PreSaveFile = new java.io.File(((pathPrefix + java.lang.Integer.toString(counter)) + .png)): null

2018-12-14 02:02:23 - [TEST_STEP][PASSED] - Statement - counter = counter + 1: null

2018-12-14 02:02:23 - [TEST_STEP][PASSED] - Statement - PreSaveFile = new java.io.File(((pathPrefix + java.lang.Integer.toString(counter)) + .png)): null

2018-12-14 02:02:23 - [TEST_STEP][PASSED] - Statement - counter = counter + 1: null

2018-12-14 02:02:23 - [TEST_STEP][PASSED] - Statement - PreSaveFile = new java.io.File(((pathPrefix + java.lang.Integer.toString(counter)) + .png)): null

2018-12-14 02:02:23 - [TEST_STEP][PASSED] - Statement - counter = counter + 1: null

2018-12-14 02:02:23 - [TEST_STEP][PASSED] - Statement - PreSaveFile = new java.io.File(((pathPrefix + java.lang.Integer.toString(counter)) + .png)): null

2018-12-14 02:02:23 - [TEST_STEP][PASSED] - Statement - counter = counter + 1: null

2018-12-14 02:02:23 - [TEST_STEP][PASSED] - Statement - PreSaveFile = new java.io.File(((pathPrefix + java.lang.Integer.toString(counter)) + .png)): null

2018-12-14 02:02:23 - [TEST_STEP][PASSED] - Statement - counter = counter + 1: null

2018-12-14 02:02:23 - [TEST_STEP][PASSED] - Statement - PreSaveFile = new java.io.File(((pathPrefix + java.lang.Integer.toString(counter)) + .png)): null

2018-12-14 02:02:23 - [TEST_STEP][PASSED] - Statement - counter = counter + 1: null

2018-12-14 02:02:23 - [TEST_STEP][PASSED] - Statement - PreSaveFile = new java.io.File(((pathPrefix + java.lang.Integer.toString(counter)) + .png)): null

2018-12-14 02:02:23 - [TEST_STEP][PASSED] - Statement - counter = counter + 1: null

2018-12-14 02:02:23 - [TEST_STEP][PASSED] - Statement - PreSaveFile = new java.io.File(((pathPrefix + java.lang.Integer.toString(counter)) + .png)): null

2018-12-14 02:02:23 - [TEST_STEP][PASSED] - Statement - counter = counter + 1: null

2018-12-14 02:02:23 - [TEST_STEP][PASSED] - Statement - PreSaveFile = new java.io.File(((pathPrefix + java.lang.Integer.toString(counter)) + .png)): null

2018-12-14 02:02:23 - [TEST_STEP][PASSED] - Statement - counter = counter + 1: null

2018-12-14 02:02:23 - [TEST_STEP][PASSED] - Statement - PreSaveFile = new java.io.File(((pathPrefix + java.lang.Integer.toString(counter)) + .png)): null

2018-12-14 02:02:23 - [TEST_STEP][PASSED] - Statement - counter = counter + 1: null

2018-12-14 02:02:23 - [TEST_STEP][PASSED] - Statement - PreSaveFile = new java.io.File(((pathPrefix + java.lang.Integer.toString(counter)) + .png)): null

2018-12-14 02:02:23 - [TEST_STEP][PASSED] - Statement - counter = counter + 1: null

2018-12-14 02:02:23 - [TEST_STEP][PASSED] - Statement - PreSaveFile = new java.io.File(((pathPrefix + java.lang.Integer.toString(counter)) + .png)): null

2018-12-14 02:02:23 - [TEST_STEP][PASSED] - Statement - counter = counter + 1: null

2018-12-14 02:02:23 - [TEST_STEP][PASSED] - Statement - PreSaveFile = new java.io.File(((pathPrefix + java.lang.Integer.toString(counter)) + .png)): null

2018-12-14 02:02:23 - [TEST_STEP][PASSED] - Statement - counter = counter + 1: null

2018-12-14 02:02:23 - [TEST_STEP][PASSED] - Statement - PreSaveFile = new java.io.File(((pathPrefix + java.lang.Integer.toString(counter)) + .png)): null

2018-12-14 02:02:23 - [TEST_STEP][PASSED] - Statement - counter = counter + 1: null

2018-12-14 02:02:23 - [TEST_STEP][PASSED] - Statement - PreSaveFile = new java.io.File(((pathPrefix + java.lang.Integer.toString(counter)) + .png)): null

2018-12-14 02:02:23 - [TEST_STEP][PASSED] - Statement - counter = counter + 1: null

2018-12-14 02:02:23 - [TEST_STEP][PASSED] - Statement - PreSaveFile = new java.io.File(((pathPrefix + java.lang.Integer.toString(counter)) + .png)): null

2018-12-14 02:02:23 - [TEST_STEP][PASSED] - Statement - counter = counter + 1: null

2018-12-14 02:02:23 - [TEST_STEP][PASSED] - Statement - PreSaveFile = new java.io.File(((pathPrefix + java.lang.Integer.toString(counter)) + .png)): null

2018-12-14 02:02:23 - [TEST_STEP][PASSED] - Statement - counter = counter + 1: null

2018-12-14 02:02:23 - [TEST_STEP][PASSED] - Statement - PreSaveFile = new java.io.File(((pathPrefix + java.lang.Integer.toString(counter)) + .png)): null

2018-12-14 02:02:23 - [TEST_STEP][PASSED] - Statement - counter = counter + 1: null

2018-12-14 02:02:23 - [TEST_STEP][PASSED] - Statement - PreSaveFile = new java.io.File(((pathPrefix + java.lang.Integer.toString(counter)) + .png)): null

2018-12-14 02:02:23 - [TEST_STEP][PASSED] - Statement - counter = counter + 1: null

2018-12-14 02:02:23 - [TEST_STEP][PASSED] - Statement - PreSaveFile = new java.io.File(((pathPrefix + java.lang.Integer.toString(counter)) + .png)): null

2018-12-14 02:02:23 - [TEST_STEP][PASSED] - Statement - counter = counter + 1: null

2018-12-14 02:02:23 - [TEST_STEP][PASSED] - Statement - PreSaveFile = new java.io.File(((pathPrefix + java.lang.Integer.toString(counter)) + .png)): null

2018-12-14 02:02:23 - [TEST_STEP][PASSED] - Statement - counter = counter + 1: null

2018-12-14 02:02:23 - [TEST_STEP][PASSED] - Statement - PreSaveFile = new java.io.File(((pathPrefix + java.lang.Integer.toString(counter)) + .png)): null

2018-12-14 02:02:23 - [TEST_STEP][PASSED] - Statement - counter = counter + 1: null

2018-12-14 02:02:23 - [TEST_STEP][PASSED] - Statement - PreSaveFile = new java.io.File(((pathPrefix + java.lang.Integer.toString(counter)) + .png)): null

2018-12-14 02:02:23 - [TEST_STEP][PASSED] - Statement - counter = counter + 1: null

2018-12-14 02:02:23 - [TEST_STEP][PASSED] - Statement - PreSaveFile = new java.io.File(((pathPrefix + java.lang.Integer.toString(counter)) + .png)): null

2018-12-14 02:02:23 - [TEST_STEP][PASSED] - Statement - counter = counter + 1: null

2018-12-14 02:02:23 - [TEST_STEP][PASSED] - Statement - PreSaveFile = new java.io.File(((pathPrefix + java.lang.Integer.toString(counter)) + .png)): null

2018-12-14 02:02:23 - [TEST_STEP][PASSED] - Statement - counter = counter + 1: null

2018-12-14 02:02:23 - [TEST_STEP][PASSED] - Statement - PreSaveFile = new java.io.File(((pathPrefix + java.lang.Integer.toString(counter)) + .png)): null

2018-12-14 02:02:23 - [TEST_STEP][PASSED] - Statement - counter = counter + 1: null

2018-12-14 02:02:23 - [TEST_STEP][PASSED] - Statement - PreSaveFile = new java.io.File(((pathPrefix + java.lang.Integer.toString(counter)) + .png)): null

2018-12-14 02:02:23 - [TEST_STEP][PASSED] - Statement - counter = counter + 1: null

2018-12-14 02:02:23 - [TEST_STEP][PASSED] - Statement - PreSaveFile = new java.io.File(((pathPrefix + java.lang.Integer.toString(counter)) + .png)): null

2018-12-14 02:02:23 - [TEST_STEP][PASSED] - Statement - counter = counter + 1: null

2018-12-14 02:02:23 - [TEST_STEP][PASSED] - Statement - PreSaveFile = new java.io.File(((pathPrefix + java.lang.Integer.toString(counter)) + .png)): null

2018-12-14 02:02:23 - [TEST_STEP][PASSED] - Statement - counter = counter + 1: null

2018-12-14 02:02:23 - [TEST_STEP][PASSED] - Statement - PreSaveFile = new java.io.File(((pathPrefix + java.lang.Integer.toString(counter)) + .png)): null

2018-12-14 02:02:23 - [TEST_STEP][PASSED] - Statement - counter = counter + 1: null

2018-12-14 02:02:23 - [TEST_STEP][PASSED] - Statement - PreSaveFile = new java.io.File(((pathPrefix + java.lang.Integer.toString(counter)) + .png)): null

2018-12-14 02:02:23 - [TEST_STEP][PASSED] - Statement - counter = counter + 1: null

2018-12-14 02:02:23 - [TEST_STEP][PASSED] - Statement - PreSaveFile = new java.io.File(((pathPrefix + java.lang.Integer.toString(counter)) + .png)): null

2018-12-14 02:02:23 - [TEST_STEP][PASSED] - Statement - counter = counter + 1: null

2018-12-14 02:02:23 - [TEST_STEP][PASSED] - Statement - PreSaveFile = new java.io.File(((pathPrefix + java.lang.Integer.toString(counter)) + .png)): null

2018-12-14 02:02:23 - [TEST_STEP][PASSED] - Statement - counter = counter + 1: null

2018-12-14 02:02:23 - [TEST_STEP][PASSED] - Statement - PreSaveFile = new java.io.File(((pathPrefix + java.lang.Integer.toString(counter)) + .png)): null

2018-12-14 02:02:23 - [TEST_STEP][PASSED] - Statement - counter = counter + 1: null

2018-12-14 02:02:23 - [TEST_STEP][PASSED] - Statement - PreSaveFile = new java.io.File(((pathPrefix + java.lang.Integer.toString(counter)) + .png)): null

2018-12-14 02:02:23 - [TEST_STEP][PASSED] - Statement - counter = counter + 1: null

2018-12-14 02:02:23 - [TEST_STEP][PASSED] - Statement - PreSaveFile = new java.io.File(((pathPrefix + java.lang.Integer.toString(counter)) + .png)): null

2018-12-14 02:02:23 - [TEST_STEP][PASSED] - Statement - counter = counter + 1: null

2018-12-14 02:02:23 - [TEST_STEP][PASSED] - Statement - PreSaveFile = new java.io.File(((pathPrefix + java.lang.Integer.toString(counter)) + .png)): null

2018-12-14 02:02:23 - [TEST_STEP][PASSED] - Statement - counter = counter + 1: null

2018-12-14 02:02:23 - [TEST_STEP][PASSED] - Statement - PreSaveFile = new java.io.File(((pathPrefix + java.lang.Integer.toString(counter)) + .png)): null

2018-12-14 02:02:23 - [TEST_STEP][PASSED] - Statement - counter = counter + 1: null

2018-12-14 02:02:23 - [TEST_STEP][PASSED] - Statement - PreSaveFile = new java.io.File(((pathPrefix + java.lang.Integer.toString(counter)) + .png)): null

2018-12-14 02:02:23 - [TEST_STEP][PASSED] - Statement - counter = counter + 1: null

2018-12-14 02:02:23 - [TEST_STEP][PASSED] - Statement - PreSaveFile = new java.io.File(((pathPrefix + java.lang.Integer.toString(counter)) + .png)): null

2018-12-14 02:02:23 - [TEST_STEP][PASSED] - Statement - counter = counter + 1: null

2018-12-14 02:02:23 - [TEST_STEP][PASSED] - Statement - PreSaveFile = new java.io.File(((pathPrefix + java.lang.Integer.toString(counter)) + .png)): null

2018-12-14 02:02:23 - [TEST_STEP][PASSED] - Statement - counter = counter + 1: null

2018-12-14 02:02:23 - [TEST_STEP][PASSED] - Statement - PreSaveFile = new java.io.File(((pathPrefix + java.lang.Integer.toString(counter)) + .png)): null

2018-12-14 02:02:23 - [TEST_STEP][PASSED] - Statement - counter = counter + 1: null

2018-12-14 02:02:23 - [TEST_STEP][PASSED] - Statement - PreSaveFile = new java.io.File(((pathPrefix + java.lang.Integer.toString(counter)) + .png)): null

2018-12-14 02:02:23 - [TEST_STEP][PASSED] - Statement - counter = counter + 1: null

2018-12-14 02:02:23 - [TEST_STEP][PASSED] - Statement - PreSaveFile = new java.io.File(((pathPrefix + java.lang.Integer.toString(counter)) + .png)): null

2018-12-14 02:02:23 - [TEST_STEP][PASSED] - Statement - counter = counter + 1: null

2018-12-14 02:02:23 - [TEST_STEP][PASSED] - Statement - PreSaveFile = new java.io.File(((pathPrefix + java.lang.Integer.toString(counter)) + .png)): null

2018-12-14 02:02:23 - [TEST_STEP][PASSED] - Statement - counter = counter + 1: null

2018-12-14 02:02:23 - [TEST_STEP][PASSED] - Statement - PreSaveFile = new java.io.File(((pathPrefix + java.lang.Integer.toString(counter)) + .png)): null

2018-12-14 02:02:23 - [TEST_STEP][PASSED] - Statement - counter = counter + 1: null

2018-12-14 02:02:23 - [TEST_STEP][PASSED] - Statement - PreSaveFile = new java.io.File(((pathPrefix + java.lang.Integer.toString(counter)) + .png)): null

2018-12-14 02:02:23 - [TEST_STEP][PASSED] - Statement - counter = counter + 1: null

2018-12-14 02:02:23 - [TEST_STEP][PASSED] - Statement - PreSaveFile = new java.io.File(((pathPrefix + java.lang.Integer.toString(counter)) + .png)): null

2018-12-14 02:02:23 - [TEST_STEP][PASSED] - Statement - counter = counter + 1: null

2018-12-14 02:02:23 - [TEST_STEP][PASSED] - Statement - PreSaveFile = new java.io.File(((pathPrefix + java.lang.Integer.toString(counter)) + .png)): null

2018-12-14 02:02:23 - [TEST_STEP][PASSED] - Statement - counter = counter + 1: null

2018-12-14 02:02:23 - [TEST_STEP][PASSED] - Statement - PreSaveFile = new java.io.File(((pathPrefix + java.lang.Integer.toString(counter)) + .png)): null

2018-12-14 02:02:23 - [TEST_STEP][PASSED] - Statement - counter = counter + 1: null

2018-12-14 02:02:23 - [TEST_STEP][PASSED] - Statement - PreSaveFile = new java.io.File(((pathPrefix + java.lang.Integer.toString(counter)) + .png)): null

2018-12-14 02:02:23 - [TEST_STEP][PASSED] - Statement - counter = counter + 1: null

2018-12-14 02:02:23 - [TEST_STEP][PASSED] - Statement - PreSaveFile = new java.io.File(((pathPrefix + java.lang.Integer.toString(counter)) + .png)): null

2018-12-14 02:02:23 - [TEST_STEP][PASSED] - Statement - counter = counter + 1: null

2018-12-14 02:02:23 - [TEST_STEP][PASSED] - Statement - PreSaveFile = new java.io.File(((pathPrefix + java.lang.Integer.toString(counter)) + .png)): null

2018-12-14 02:02:23 - [TEST_STEP][PASSED] - Statement - counter = counter + 1: null

2018-12-14 02:02:23 - [TEST_STEP][PASSED] - Statement - PreSaveFile = new java.io.File(((pathPrefix + java.lang.Integer.toString(counter)) + .png)): null

2018-12-14 02:02:23 - [TEST_STEP][PASSED] - Statement - counter = counter + 1: null

2018-12-14 02:02:23 - [TEST_STEP][PASSED] - Statement - PreSaveFile = new java.io.File(((pathPrefix + java.lang.Integer.toString(counter)) + .png)): null

2018-12-14 02:02:23 - [TEST_STEP][PASSED] - Statement - counter = counter + 1: null

2018-12-14 02:02:23 - [TEST_STEP][PASSED] - Statement - PreSaveFile = new java.io.File(((pathPrefix + java.lang.Integer.toString(counter)) + .png)): null

2018-12-14 02:02:23 - [TEST_STEP][PASSED] - Statement - counter = counter + 1: null

2018-12-14 02:02:23 - [TEST_STEP][PASSED] - Statement - PreSaveFile = new java.io.File(((pathPrefix + java.lang.Integer.toString(counter)) + .png)): null

2018-12-14 02:02:23 - [TEST_STEP][PASSED] - Statement - counter = counter + 1: null

2018-12-14 02:02:23 - [TEST_STEP][PASSED] - Statement - PreSaveFile = new java.io.File(((pathPrefix + java.lang.Integer.toString(counter)) + .png)): null

2018-12-14 02:02:23 - [TEST_STEP][PASSED] - Statement - counter = counter + 1: null

2018-12-14 02:02:23 - [TEST_STEP][PASSED] - Statement - PreSaveFile = new java.io.File(((pathPrefix + java.lang.Integer.toString(counter)) + .png)): null

2018-12-14 02:02:23 - [TEST_STEP][PASSED] - Statement - counter = counter + 1: null

2018-12-14 02:02:23 - [TEST_STEP][PASSED] - Statement - PreSaveFile = new java.io.File(((pathPrefix + java.lang.Integer.toString(counter)) + .png)): null

2018-12-14 02:02:23 - [TEST_STEP][PASSED] - Statement - counter = counter + 1: null

2018-12-14 02:02:23 - [TEST_STEP][PASSED] - Statement - PreSaveFile = new java.io.File(((pathPrefix + java.lang.Integer.toString(counter)) + .png)): null

2018-12-14 02:02:23 - [TEST_STEP][PASSED] - Statement - counter = counter + 1: null

2018-12-14 02:02:23 - [TEST_STEP][PASSED] - Statement - PreSaveFile = new java.io.File(((pathPrefix + java.lang.Integer.toString(counter)) + .png)): null

2018-12-14 02:02:23 - [TEST_STEP][PASSED] - Statement - counter = counter + 1: null

2018-12-14 02:02:23 - [TEST_STEP][PASSED] - Statement - PreSaveFile = new java.io.File(((pathPrefix + java.lang.Integer.toString(counter)) + .png)): null

2018-12-14 02:02:23 - [TEST_STEP][PASSED] - Statement - counter = counter + 1: null

2018-12-14 02:02:23 - [TEST_STEP][PASSED] - Statement - PreSaveFile = new java.io.File(((pathPrefix + java.lang.Integer.toString(counter)) + .png)): null

2018-12-14 02:02:23 - [TEST_STEP][PASSED] - Statement - counter = counter + 1: null

2018-12-14 02:02:23 - [TEST_STEP][PASSED] - Statement - PreSaveFile = new java.io.File(((pathPrefix + java.lang.Integer.toString(counter)) + .png)): null

2018-12-14 02:02:23 - [TEST_STEP][PASSED] - Statement - counter = counter + 1: null

2018-12-14 02:02:23 - [TEST_STEP][PASSED] - Statement - PreSaveFile = new java.io.File(((pathPrefix + java.lang.Integer.toString(counter)) + .png)): null

2018-12-14 02:02:23 - [TEST_STEP][PASSED] - Statement - counter = counter + 1: null

2018-12-14 02:02:23 - [TEST_STEP][PASSED] - Statement - PreSaveFile = new java.io.File(((pathPrefix + java.lang.Integer.toString(counter)) + .png)): null

2018-12-14 02:02:23 - [TEST_STEP][PASSED] - Statement - counter = counter + 1: null

2018-12-14 02:02:23 - [TEST_STEP][PASSED] - Statement - PreSaveFile = new java.io.File(((pathPrefix + java.lang.Integer.toString(counter)) + .png)): null

2018-12-14 02:02:23 - [TEST_STEP][PASSED] - Statement - counter = counter + 1: null

2018-12-14 02:02:23 - [TEST_STEP][PASSED] - Statement - PreSaveFile = new java.io.File(((pathPrefix + java.lang.Integer.toString(counter)) + .png)): null

2018-12-14 02:02:23 - [TEST_STEP][PASSED] - Statement - counter = counter + 1: null

2018-12-14 02:02:23 - [TEST_STEP][PASSED] - Statement - PreSaveFile = new java.io.File(((pathPrefix + java.lang.Integer.toString(counter)) + .png)): null

2018-12-14 02:02:23 - [TEST_STEP][PASSED] - Statement - counter = counter + 1: null

2018-12-14 02:02:23 - [TEST_STEP][PASSED] - Statement - PreSaveFile = new java.io.File(((pathPrefix + java.lang.Integer.toString(counter)) + .png)): null

2018-12-14 02:02:23 - [TEST_STEP][PASSED] - Statement - counter = counter + 1: null

2018-12-14 02:02:23 - [TEST_STEP][PASSED] - Statement - PreSaveFile = new java.io.File(((pathPrefix + java.lang.Integer.toString(counter)) + .png)): null

2018-12-14 02:02:23 - [TEST_STEP][PASSED] - Statement - counter = counter + 1: null

2018-12-14 02:02:23 - [TEST_STEP][PASSED] - Statement - PreSaveFile = new java.io.File(((pathPrefix + java.lang.Integer.toString(counter)) + .png)): null

2018-12-14 02:02:23 - [TEST_STEP][PASSED] - Statement - counter = counter + 1: null

2018-12-14 02:02:23 - [TEST_STEP][PASSED] - Statement - PreSaveFile = new java.io.File(((pathPrefix + java.lang.Integer.toString(counter)) + .png)): null

2018-12-14 02:02:23 - [TEST_STEP][PASSED] - Statement - counter = counter + 1: null

2018-12-14 02:02:23 - [TEST_STEP][PASSED] - Statement - PreSaveFile = new java.io.File(((pathPrefix + java.lang.Integer.toString(counter)) + .png)): null

2018-12-14 02:02:23 - [TEST_STEP][PASSED] - Statement - counter = counter + 1: null

2018-12-14 02:02:23 - [TEST_STEP][PASSED] - Statement - PreSaveFile = new java.io.File(((pathPrefix + java.lang.Integer.toString(counter)) + .png)): null

2018-12-14 02:02:23 - [TEST_STEP][PASSED] - Statement - counter = counter + 1: null

2018-12-14 02:02:23 - [TEST_STEP][PASSED] - Statement - PreSaveFile = new java.io.File(((pathPrefix + java.lang.Integer.toString(counter)) + .png)): null

2018-12-14 02:02:23 - [TEST_STEP][PASSED] - Statement - counter = counter + 1: null

2018-12-14 02:02:23 - [TEST_STEP][PASSED] - Statement - PreSaveFile = new java.io.File(((pathPrefix + java.lang.Integer.toString(counter)) + .png)): null

2018-12-14 02:02:23 - [TEST_STEP][PASSED] - Statement - counter = counter + 1: null

2018-12-14 02:02:23 - [TEST_STEP][PASSED] - Statement - PreSaveFile = new java.io.File(((pathPrefix + java.lang.Integer.toString(counter)) + .png)): null

2018-12-14 02:02:23 - [TEST_STEP][PASSED] - Statement - counter = counter + 1: null

2018-12-14 02:02:23 - [TEST_STEP][PASSED] - Statement - PreSaveFile = new java.io.File(((pathPrefix + java.lang.Integer.toString(counter)) + .png)): null

2018-12-14 02:02:23 - [TEST_STEP][PASSED] - Statement - counter = counter + 1: null

2018-12-14 02:02:23 - [TEST_STEP][PASSED] - Statement - PreSaveFile = new java.io.File(((pathPrefix + java.lang.Integer.toString(counter)) + .png)): null

2018-12-14 02:02:23 - [TEST_STEP][PASSED] - Statement - counter = counter + 1: null

2018-12-14 02:02:23 - [TEST_STEP][PASSED] - Statement - PreSaveFile = new java.io.File(((pathPrefix + java.lang.Integer.toString(counter)) + .png)): null

2018-12-14 02:02:23 - [TEST_STEP][PASSED] - Statement - counter = counter + 1: null

2018-12-14 02:02:23 - [TEST_STEP][PASSED] - Statement - PreSaveFile = new java.io.File(((pathPrefix + java.lang.Integer.toString(counter)) + .png)): null

2018-12-14 02:02:23 - [TEST_STEP][PASSED] - Statement - counter = counter + 1: null

2018-12-14 02:02:23 - [TEST_STEP][PASSED] - Statement - PreSaveFile = new java.io.File(((pathPrefix + java.lang.Integer.toString(counter)) + .png)): null

2018-12-14 02:02:23 - [TEST_STEP][PASSED] - Statement - counter = counter + 1: null

2018-12-14 02:02:23 - [TEST_STEP][PASSED] - Statement - PreSaveFile = new java.io.File(((pathPrefix + java.lang.Integer.toString(counter)) + .png)): null

2018-12-14 02:02:23 - [TEST_STEP][PASSED] - Statement - counter = counter + 1: null

2018-12-14 02:02:23 - [TEST_STEP][PASSED] - Statement - PreSaveFile = new java.io.File(((pathPrefix + java.lang.Integer.toString(counter)) + .png)): null

2018-12-14 02:02:23 - [TEST_STEP][PASSED] - Statement - counter = counter + 1: null

2018-12-14 02:02:23 - [TEST_STEP][PASSED] - Statement - PreSaveFile = new java.io.File(((pathPrefix + java.lang.Integer.toString(counter)) + .png)): null

2018-12-14 02:02:23 - [TEST_STEP][PASSED] - Statement - counter = counter + 1: null

2018-12-14 02:02:23 - [TEST_STEP][PASSED] - Statement - PreSaveFile = new java.io.File(((pathPrefix + java.lang.Integer.toString(counter)) + .png)): null

2018-12-14 02:02:23 - [TEST_STEP][PASSED] - Statement - counter = counter + 1: null

2018-12-14 02:02:23 - [TEST_STEP][PASSED] - Statement - PreSaveFile = new java.io.File(((pathPrefix + java.lang.Integer.toString(counter)) + .png)): null

2018-12-14 02:02:23 - [TEST_STEP][PASSED] - Statement - counter = counter + 1: null

2018-12-14 02:02:23 - [TEST_STEP][PASSED] - Statement - PreSaveFile = new java.io.File(((pathPrefix + java.lang.Integer.toString(counter)) + .png)): null

2018-12-14 02:02:23 - [TEST_STEP][PASSED] - Statement - counter = counter + 1: null

2018-12-14 02:02:23 - [TEST_STEP][PASSED] - Statement - PreSaveFile = new java.io.File(((pathPrefix + java.lang.Integer.toString(counter)) + .png)): null

2018-12-14 02:02:23 - [TEST_STEP][PASSED] - Statement - counter = counter + 1: null

2018-12-14 02:02:23 - [TEST_STEP][PASSED] - Statement - PreSaveFile = new java.io.File(((pathPrefix + java.lang.Integer.toString(counter)) + .png)): null

2018-12-14 02:02:23 - [TEST_STEP][PASSED] - Statement - counter = counter + 1: null

2018-12-14 02:02:23 - [TEST_STEP][PASSED] - Statement - PreSaveFile = new java.io.File(((pathPrefix + java.lang.Integer.toString(counter)) + .png)): null

2018-12-14 02:02:23 - [TEST_STEP][PASSED] - Statement - counter = counter + 1: null

2018-12-14 02:02:23 - [TEST_STEP][PASSED] - Statement - PreSaveFile = new java.io.File(((pathPrefix + java.lang.Integer.toString(counter)) + .png)): null

2018-12-14 02:02:23 - [TEST_STEP][PASSED] - Statement - counter = counter + 1: null

2018-12-14 02:02:23 - [TEST_STEP][PASSED] - Statement - PreSaveFile = new java.io.File(((pathPrefix + java.lang.Integer.toString(counter)) + .png)): null

2018-12-14 02:02:23 - [TEST_STEP][PASSED] - Statement - counter = counter + 1: null

2018-12-14 02:02:23 - [TEST_STEP][PASSED] - Statement - PreSaveFile = new java.io.File(((pathPrefix + java.lang.Integer.toString(counter)) + .png)): null

2018-12-14 02:02:23 - [TEST_STEP][PASSED] - Statement - counter = counter + 1: null

2018-12-14 02:02:23 - [TEST_STEP][PASSED] - Statement - PreSaveFile = new java.io.File(((pathPrefix + java.lang.Integer.toString(counter)) + .png)): null

2018-12-14 02:02:23 - [TEST_STEP][PASSED] - Statement - counter = counter + 1: null

2018-12-14 02:02:23 - [TEST_STEP][PASSED] - Statement - PreSaveFile = new java.io.File(((pathPrefix + java.lang.Integer.toString(counter)) + .png)): null

2018-12-14 02:02:23 - [TEST_STEP][PASSED] - Statement - counter = counter + 1: null

2018-12-14 02:02:23 - [TEST_STEP][PASSED] - Statement - PreSaveFile = new java.io.File(((pathPrefix + java.lang.Integer.toString(counter)) + .png)): null

2018-12-14 02:02:23 - [TEST_STEP][PASSED] - Statement - counter = counter + 1: null

2018-12-14 02:02:23 - [TEST_STEP][PASSED] - Statement - PreSaveFile = new java.io.File(((pathPrefix + java.lang.Integer.toString(counter)) + .png)): null

2018-12-14 02:02:23 - [TEST_STEP][PASSED] - Statement - counter = counter + 1: null

2018-12-14 02:02:23 - [TEST_STEP][PASSED] - Statement - PreSaveFile = new java.io.File(((pathPrefix + java.lang.Integer.toString(counter)) + .png)): null

2018-12-14 02:02:23 - [TEST_STEP][PASSED] - Statement - counter = counter + 1: null

2018-12-14 02:02:23 - [TEST_STEP][PASSED] - Statement - PreSaveFile = new java.io.File(((pathPrefix + java.lang.Integer.toString(counter)) + .png)): null

2018-12-14 02:02:23 - [TEST_STEP][PASSED] - Statement - counter = counter + 1: null

2018-12-14 02:02:23 - [TEST_STEP][PASSED] - Statement - PreSaveFile = new java.io.File(((pathPrefix + java.lang.Integer.toString(counter)) + .png)): null

2018-12-14 02:02:23 - [TEST_STEP][PASSED] - Statement - counter = counter + 1: null

2018-12-14 02:02:23 - [TEST_STEP][PASSED] - Statement - PreSaveFile = new java.io.File(((pathPrefix + java.lang.Integer.toString(counter)) + .png)): null

2018-12-14 02:02:23 - [TEST_STEP][PASSED] - Statement - counter = counter + 1: null

2018-12-14 02:02:23 - [TEST_STEP][PASSED] - Statement - PreSaveFile = new java.io.File(((pathPrefix + java.lang.Integer.toString(counter)) + .png)): null

2018-12-14 02:02:23 - [TEST_STEP][PASSED] - Statement - counter = counter + 1: null

2018-12-14 02:02:23 - [TEST_STEP][PASSED] - Statement - PreSaveFile = new java.io.File(((pathPrefix + java.lang.Integer.toString(counter)) + .png)): null

2018-12-14 02:02:23 - [TEST_STEP][PASSED] - Statement - counter = counter + 1: null

2018-12-14 02:02:23 - [TEST_STEP][PASSED] - Statement - PreSaveFile = new java.io.File(((pathPrefix + java.lang.Integer.toString(counter)) + .png)): null

2018-12-14 02:02:23 - [TEST_STEP][PASSED] - Statement - counter = counter + 1: null

2018-12-14 02:02:23 - [TEST_STEP][PASSED] - Statement - PreSaveFile = new java.io.File(((pathPrefix + java.lang.Integer.toString(counter)) + .png)): null

2018-12-14 02:02:23 - [TEST_STEP][PASSED] - Statement - counter = counter + 1: null

2018-12-14 02:02:23 - [TEST_STEP][PASSED] - Statement - PreSaveFile = new java.io.File(((pathPrefix + java.lang.Integer.toString(counter)) + .png)): null

2018-12-14 02:02:23 - [TEST_STEP][PASSED] - Statement - counter = counter + 1: null

2018-12-14 02:02:23 - [TEST_STEP][PASSED] - Statement - PreSaveFile = new java.io.File(((pathPrefix + java.lang.Integer.toString(counter)) + .png)): null

2018-12-14 02:02:23 - [TEST_STEP][PASSED] - Statement - counter = counter + 1: null

2018-12-14 02:02:23 - [TEST_STEP][PASSED] - Statement - PreSaveFile = new java.io.File(((pathPrefix + java.lang.Integer.toString(counter)) + .png)): null

2018-12-14 02:02:23 - [TEST_STEP][PASSED] - Statement - counter = counter + 1: null

2018-12-14 02:02:23 - [TEST_STEP][PASSED] - Statement - PreSaveFile = new java.io.File(((pathPrefix + java.lang.Integer.toString(counter)) + .png)): null

2018-12-14 02:02:23 - [TEST_STEP][PASSED] - Statement - counter = counter + 1: null

2018-12-14 02:02:23 - [TEST_STEP][PASSED] - Statement - PreSaveFile = new java.io.File(((pathPrefix + java.lang.Integer.toString(counter)) + .png)): null

2018-12-14 02:02:23 - [TEST_STEP][PASSED] - Statement - counter = counter + 1: null

2018-12-14 02:02:23 - [TEST_STEP][PASSED] - Statement - PreSaveFile = new java.io.File(((pathPrefix + java.lang.Integer.toString(counter)) + .png)): null

2018-12-14 02:02:23 - [TEST_STEP][PASSED] - Statement - counter = counter + 1: null

2018-12-14 02:02:23 - [TEST_STEP][PASSED] - Statement - PreSaveFile = new java.io.File(((pathPrefix + java.lang.Integer.toString(counter)) + .png)): null

2018-12-14 02:02:23 - [TEST_STEP][PASSED] - Statement - counter = counter + 1: null

2018-12-14 02:02:23 - [TEST_STEP][PASSED] - Statement - PreSaveFile = new java.io.File(((pathPrefix + java.lang.Integer.toString(counter)) + .png)): null

2018-12-14 02:02:23 - [TEST_STEP][PASSED] - Statement - counter = counter + 1: null

2018-12-14 02:02:23 - [TEST_STEP][PASSED] - Statement - PreSaveFile = new java.io.File(((pathPrefix + java.lang.Integer.toString(counter)) + .png)): null

2018-12-14 02:02:23 - [TEST_STEP][PASSED] - Statement - counter = counter + 1: null

2018-12-14 02:02:23 - [TEST_STEP][PASSED] - Statement - PreSaveFile = new java.io.File(((pathPrefix + java.lang.Integer.toString(counter)) + .png)): null

2018-12-14 02:02:23 - [TEST_STEP][PASSED] - Statement - counter = counter + 1: null

2018-12-14 02:02:23 - [TEST_STEP][PASSED] - Statement - PreSaveFile = new java.io.File(((pathPrefix + java.lang.Integer.toString(counter)) + .png)): null

2018-12-14 02:02:23 - [TEST_STEP][PASSED] - Statement - counter = counter + 1: null

2018-12-14 02:02:23 - [TEST_STEP][PASSED] - Statement - PreSaveFile = new java.io.File(((pathPrefix + java.lang.Integer.toString(counter)) + .png)): null

2018-12-14 02:02:23 - [TEST_STEP][PASSED] - Statement - counter = counter + 1: null

2018-12-14 02:02:23 - [TEST_STEP][PASSED] - Statement - PreSaveFile = new java.io.File(((pathPrefix + java.lang.Integer.toString(counter)) + .png)): null

2018-12-14 02:02:23 - [TEST_STEP][PASSED] - Statement - counter = counter + 1: null

2018-12-14 02:02:23 - [TEST_STEP][PASSED] - Statement - PreSaveFile = new java.io.File(((pathPrefix + java.lang.Integer.toString(counter)) + .png)): null

2018-12-14 02:02:23 - [TEST_STEP][PASSED] - Statement - counter = counter + 1: null

2018-12-14 02:02:23 - [TEST_STEP][PASSED] - Statement - PreSaveFile = new java.io.File(((pathPrefix + java.lang.Integer.toString(counter)) + .png)): null

2018-12-14 02:02:23 - [TEST_STEP][PASSED] - Statement - counter = counter + 1: null

2018-12-14 02:02:23 - [TEST_STEP][PASSED] - Statement - PreSaveFile = new java.io.File(((pathPrefix + java.lang.Integer.toString(counter)) + .png)): null

2018-12-14 02:02:23 - [TEST_STEP][PASSED] - Statement - counter = counter + 1: null

2018-12-14 02:02:24 - [TEST_STEP][PASSED] - Statement - PreSaveFile = new java.io.File(((pathPrefix + java.lang.Integer.toString(counter)) + .png)): null

2018-12-14 02:02:24 - [TEST_STEP][PASSED] - Statement - counter = counter + 1: null

2018-12-14 02:02:24 - [TEST_STEP][PASSED] - Statement - PreSaveFile = new java.io.File(((pathPrefix + java.lang.Integer.toString(counter)) + .png)): null

2018-12-14 02:02:24 - [TEST_STEP][PASSED] - Statement - counter = counter + 1: null

2018-12-14 02:02:24 - [TEST_STEP][PASSED] - Statement - PreSaveFile = new java.io.File(((pathPrefix + java.lang.Integer.toString(counter)) + .png)): null

2018-12-14 02:02:24 - [TEST_STEP][PASSED] - Statement - counter = counter + 1: null

2018-12-14 02:02:24 - [TEST_STEP][PASSED] - Statement - PreSaveFile = new java.io.File(((pathPrefix + java.lang.Integer.toString(counter)) + .png)): null

2018-12-14 02:02:24 - [TEST_STEP][PASSED] - Statement - finalPath = pathPrefix + java.lang.Integer.toString(counter) + ".png": null

2018-12-14 02:02:24 - [TEST_STEP][PASSED] - Statement - SaveFile = new java.io.File(finalPath): null

2018-12-14 02:02:24 - [TEST_STEP][PASSED] - Statement - Try: null

2018-12-14 02:02:24 - [TEST_STEP][PASSED] - Statement - org.apache.commons.io.FileUtils.copyFile(scrFile, SaveFile): null

2018-12-14 02:02:24 - [TEST_STEP][PASSED] - Statement - out.println("file kept"): null

2018-12-14 02:02:24 - [TEST_STEP][PASSED] - delay: Delayed 10 second(s)

2018-12-14 02:02:34 - [MESSAGE][PASSED] - Delayed 10 second(s)

2018-12-14 02:02:34 - [MESSAGE][PASSED] - Call Test Case 'Test Cases/Final Aug 2018 - PKS Automation/Registration Module/New Registration/Submit and Screenshot/Submit Registration and Screenshot - Copy' successfully

2018-12-14 02:02:34 - [TEST_STEP][PASSED] - Statement - UpdateAddNewECode = com.kms.katalon.core.webui.keyword.WebUiBuiltInKeywords.getText(com.kms.katalon.core.testobject.ObjectRepository.findTestObject(Object Repository/Final Object Repo/Page_Update Add New Employee - ASSIST/getEmpCode)): Text of object 'Object Repository/Final Object Repo/Page_Update Add New Employee - ASSIST/getEmpCode' is: 'E1102070882W'

2018-12-14 02:02:34 - [MESSAGE][PASSED] - Text of object 'Object Repository/Final Object Repo/Page_Update Add New Employee - ASSIST/getEmpCode' is: 'E1102070882W'

2018-12-14 02:02:34 - [TEST_STEP][PASSED] - callTestCase: Call Test Case 'Test Cases/Final Aug 2018 - PKS Automation/Common/Emp Code Setter' successfully

2018-12-14 02:02:34 - [TEST_CASE][PASSED] - Test Cases/Final Aug 2018 - PKS Automation/Common/Emp Code Setter: Test Cases/Final Aug 2018 - PKS Automation/Common/Emp Code Setter

2018-12-14 02:02:34 - [TEST_STEP][PASSED] - Statement - EmpCodeOld = new java.io.File(C://Users//Admin//Desktop//PKS//Automation Reference Point//EmpCode.txt): null

2018-12-14 02:02:34 - [TEST_STEP][PASSED] - Statement - EmpCodeOld.delete(): null

2018-12-14 02:02:34 - [TEST_STEP][PASSED] - Statement - EmpCode = new java.io.File(C://Users//Admin//Desktop//PKS//Automation Reference Point//EmpCode.txt): null

2018-12-14 02:02:34 - [TEST_STEP][PASSED] - Statement - f2 = new java.io.FileWriter(EmpCode, false): null

2018-12-14 02:02:34 - [TEST_STEP][PASSED] - Statement - f2.write(UpdateAddNewECode): null

2018-12-14 02:02:34 - [TEST_STEP][PASSED] - Statement - f2.close(): null

2018-12-14 02:02:34 - [TEST_STEP][PASSED] - Statement - out.println("


" + UpdateAddNewECode + "


"): null

2018-12-14 02:02:34 - [MESSAGE][PASSED] - Call Test Case 'Test Cases/Final Aug 2018 - PKS Automation/Common/Emp Code Setter' successfully

2018-12-14 02:02:34 - [MESSAGE][PASSED] - Call Test Case 'Test Cases/Final Aug 2018 - PKS Automation/Registration Module/Workflow/Update Add New Employee/Template/New Company for Update Add New' successfully

2018-12-14 02:02:34 - [TEST_STEP][PASSED] - callTestCase: Call Test Case 'Test Cases/Final Aug 2018 - PKS Automation/Registration Module/Log Out/log out avoiding katalon tagging' successfully

2018-12-14 02:02:34 - [TEST_CASE][PASSED] - Test Cases/Final Aug 2018 - PKS Automation/Registration Module/Log Out/log out avoiding katalon tagging: Test Cases/Final Aug 2018 - PKS Automation/Registration Module/Log Out/log out avoiding katalon tagging

2018-12-14 02:02:34 - [TEST_STEP][PASSED] - navigateToUrl: Navigate to 'https://assist2-uat.perkeso.gov.my/c/portal/logout' successfully

2018-12-14 02:02:35 - [MESSAGE][PASSED] - Navigate to 'https://assist2-uat.perkeso.gov.my/c/portal/logout' successfully

2018-12-14 02:02:35 - [MESSAGE][PASSED] - Call Test Case 'Test Cases/Final Aug 2018 - PKS Automation/Registration Module/Log Out/log out avoiding katalon tagging' successfully

2018-12-14 02:02:35 - [TEST_STEP][PASSED] - callTestCase: Call Test Case 'Test Cases/Final Aug 2018 - PKS Automation/Registration Module/New Registration/Form 2/Date Updater' successfully

2018-12-14 02:02:35 - [TEST_CASE][PASSED] - Test Cases/Final Aug 2018 - PKS Automation/Registration Module/New Registration/Form 2/Date Updater: Test Cases/Final Aug 2018 - PKS Automation/Registration Module/New Registration/Form 2/Date Updater

2018-12-14 02:02:35 - [TEST_STEP][PASSED] - Statement - TodayDate = new java.util.Date(): null

2018-12-14 02:02:35 - [TEST_STEP][PASSED] - Statement - CurrentDateNoFilter = new java.text.SimpleDateFormat(): null

2018-12-14 02:02:35 - [TEST_STEP][PASSED] - Statement - CurrentDateNoFilter.applyPattern("MM"): null

2018-12-14 02:02:35 - [TEST_STEP][PASSED] - Statement - monthContainerMatcher = java.lang.Integer.parseInt(CurrentDateNoFilter.format(TodayDate)): null

2018-12-14 02:02:35 - [TEST_STEP][PASSED] - Statement - monthContainerMatcher = monthContainerMatcher - 1: null

2018-12-14 02:02:35 - [TEST_STEP][PASSED] - Statement - CurrentMonth = monthContainerMatcher.toString(): null

2018-12-14 02:02:35 - [TEST_STEP][PASSED] - Statement - CurrentMonth = CurrentMonth: null

2018-12-14 02:02:35 - [TEST_STEP][PASSED] - Statement - CurrentDateNoFilter.applyPattern("yyyy"): null

2018-12-14 02:02:35 - [TEST_STEP][PASSED] - Statement - CurrentYear = CurrentDateNoFilter.format(TodayDate): null

2018-12-14 02:02:35 - [TEST_STEP][PASSED] - Statement - CurrentYear = CurrentYear: null

2018-12-14 02:02:35 - [TEST_STEP][PASSED] - Statement - intCurrentYear = java.lang.Integer.parseInt(CurrentDateNoFilter.format(TodayDate)): null

2018-12-14 02:02:35 - [TEST_STEP][PASSED] - Statement - eighteenYrsAgo = intCurrentYear - 18: null

2018-12-14 02:02:35 - [TEST_STEP][PASSED] - Statement - eighteenYrsBeforeThisYr = eighteenYrsAgo.toString(): null

2018-12-14 02:02:35 - [TEST_STEP][PASSED] - Statement - EighteenYrsBefore = eighteenYrsBeforeThisYr: null

2018-12-14 02:02:35 - [TEST_STEP][PASSED] - Statement - fiftysevenYrsAgo = intCurrentYear - 57: null

2018-12-14 02:02:35 - [TEST_STEP][PASSED] - Statement - fiftysevenYrsBeforeThisYr = fiftysevenYrsAgo.toString(): null

2018-12-14 02:02:35 - [TEST_STEP][PASSED] - Statement - FiftysevenYrsBefore = fiftysevenYrsBeforeThisYr: null

2018-12-14 02:02:35 - [TEST_STEP][PASSED] - Statement - leapYear = false: null

2018-12-14 02:02:35 - [TEST_STEP][PASSED] - Statement - leapYear = intCurrentYear % 4 == 0: null

2018-12-14 02:02:35 - [TEST_STEP][PASSED] - Statement - CurrentDateNoFilter.applyPattern("dd"): null

2018-12-14 02:02:35 - [TEST_STEP][PASSED] - Statement - CurrentDate = CurrentDateNoFilter.format(TodayDate): null

2018-12-14 02:02:35 - [TEST_STEP][PASSED] - Statement - CurrentDate = java.lang.Integer.parseInt(CurrentDate): null

2018-12-14 02:02:35 - [TEST_STEP][PASSED] - Statement - CurrentDate = CurrentDate: null

2018-12-14 02:02:35 - [TEST_STEP][PASSED] - Statement - CurrentDay = java.lang.Integer.parseInt(CurrentDate): null

2018-12-14 02:02:35 - [TEST_STEP][PASSED] - Statement - ConfAdder = <not implemented yet for class: org.codehaus.groovy.ast.expr.EmptyExpression>: null

2018-12-14 02:02:35 - [TEST_STEP][PASSED] - Statement - out.println(CurrentMonth): null

2018-12-14 02:02:35 - [TEST_STEP][PASSED] - Statement - out.println(CurrentDate): null

2018-12-14 02:02:35 - [TEST_STEP][PASSED] - Statement - switch (CurrentDate): null

2018-12-14 02:02:35 - [TEST_STEP][PASSED] - Statement - Default: null

2018-12-14 02:02:35 - [TEST_STEP][PASSED] - Statement - ConfAdder = true: null

2018-12-14 02:02:35 - [TEST_STEP][PASSED] - Statement - Break: null

2018-12-14 02:02:35 - [TEST_STEP][PASSED] - Statement - aDayBefore = <not implemented yet for class: org.codehaus.groovy.ast.expr.EmptyExpression>: null

2018-12-14 02:02:35 - [TEST_STEP][PASSED] - Statement - out.println(ConfAdder): null

2018-12-14 02:02:35 - [TEST_STEP][PASSED] - Statement - If (ConfAdder == true): null

2018-12-14 02:02:35 - [TEST_STEP][PASSED] - Statement - aDayBefore = CurrentDay + 1: null

2018-12-14 02:02:35 - [TEST_STEP][PASSED] - Statement - out.println(aDayBefore): null

2018-12-14 02:02:35 - [TEST_STEP][PASSED] - Statement - If (aDayBefore == 1 && CurrentMonth == 11): null

2018-12-14 02:02:35 - [TEST_STEP][PASSED] - Statement - DayBefore = aDayBefore.toString(): null

2018-12-14 02:02:35 - [TEST_STEP][PASSED] - Statement - OneDayBefore = DayBefore: null

2018-12-14 02:02:35 - [MESSAGE][PASSED] - Call Test Case 'Test Cases/Final Aug 2018 - PKS Automation/Registration Module/New Registration/Form 2/Date Updater' successfully

2018-12-14 02:02:35 - [TEST_STEP][PASSED] - delay: Delayed 2 second(s)

2018-12-14 02:02:37 - [MESSAGE][PASSED] - Delayed 2 second(s)

2018-12-14 02:02:37 - [TEST_STEP][PASSED] - setText: Text 'klotc2@gmail.com' is set on object 'Object Repository/Final Object Repo/Page_Update Add New Employee - ASSIST/Email TextBox'

2018-12-14 02:02:37 - [MESSAGE][PASSED] - Text 'klotc2@gmail.com' is set on object 'Object Repository/Final Object Repo/Page_Update Add New Employee - ASSIST/Email TextBox'

2018-12-14 02:02:37 - [TEST_STEP][PASSED] - click: Object: 'Object Repository/Final Object Repo/Page_Update Add New Employee - ASSIST/Next Button' is clicked on

2018-12-14 02:02:37 - [MESSAGE][PASSED] - Object: 'Object Repository/Final Object Repo/Page_Update Add New Employee - ASSIST/Next Button' is clicked on

2018-12-14 02:02:37 - [TEST_STEP][PASSED] - delay: Delayed 2 second(s)

2018-12-14 02:02:39 - [MESSAGE][PASSED] - Delayed 2 second(s)

2018-12-14 02:02:39 - [TEST_STEP][PASSED] - setText: Text 'Test1@3456789' is set on object 'Object Repository/Final Object Repo/Page_Update Add New Employee - ASSIST/Password TextBox'

2018-12-14 02:02:39 - [MESSAGE][PASSED] - Text 'Test1@3456789' is set on object 'Object Repository/Final Object Repo/Page_Update Add New Employee - ASSIST/Password TextBox'

2018-12-14 02:02:39 - [TEST_STEP][PASSED] - delay: Delayed 2 second(s)

2018-12-14 02:02:41 - [MESSAGE][PASSED] - Delayed 2 second(s)

2018-12-14 02:02:41 - [TEST_STEP][PASSED] - click: Object: 'Object Repository/Final Object Repo/Page_Update Add New Employee - ASSIST/Login Button' is clicked on

2018-12-14 02:02:42 - [MESSAGE][PASSED] - Object: 'Object Repository/Final Object Repo/Page_Update Add New Employee - ASSIST/Login Button' is clicked on

2018-12-14 02:02:42 - [TEST_STEP][PASSED] - delay: Delayed 4 second(s)

2018-12-14 02:02:46 - [MESSAGE][PASSED] - Delayed 4 second(s)

2018-12-14 02:02:46 - [TEST_STEP][PASSED] - Statement - Try: Delayed 2 second(s)

2018-12-14 02:02:46 - [TEST_STEP][PASSED] - Statement - Checker = false: null

2018-12-14 02:02:46 - [TEST_STEP][PASSED] - Statement - Checker = com.kms.katalon.core.webui.keyword.WebUiBuiltInKeywords.verifyElementHasAttribute(com.kms.katalon.core.testobject.ObjectRepository.findTestObject(Final Object Repo/Landing Page/BM Detecting), "href", 20, OPTIONAL): Object 'Object Repository/Final Object Repo/Landing Page/BM Detecting' has attribute 'href'

2018-12-14 02:02:46 - [MESSAGE][PASSED] - Object 'Object Repository/Final Object Repo/Landing Page/BM Detecting' has attribute 'href'

2018-12-14 02:02:46 - [TEST_STEP][PASSED] - Statement - out.println(Checker): null

2018-12-14 02:02:46 - [TEST_STEP][PASSED] - Statement - If (Checker == false): null

2018-12-14 02:02:46 - [TEST_STEP][PASSED] - Statement - Else: null

2018-12-14 02:02:46 - [TEST_STEP][PASSED] - delay: Delayed 2 second(s)

2018-12-14 02:02:48 - [MESSAGE][PASSED] - Delayed 2 second(s)

2018-12-14 02:02:48 - [TEST_STEP][PASSED] - delay: Delayed 4 second(s)

2018-12-14 02:02:52 - [MESSAGE][PASSED] - Delayed 4 second(s)

2018-12-14 02:02:52 - [TEST_STEP][PASSED] - click: Object: 'Object Repository/Final Object Repo/Page_Update Add New Employee - ASSIST/My Sites Drop Down' is clicked on

2018-12-14 02:02:52 - [MESSAGE][PASSED] - Object: 'Object Repository/Final Object Repo/Page_Update Add New Employee - ASSIST/My Sites Drop Down' is clicked on

2018-12-14 02:02:52 - [TEST_STEP][PASSED] - click: Object: 'Object Repository/Final Object Repo/Page_Update Add New Employee - ASSIST/Select to Registration Module' is clicked on

2018-12-14 02:02:53 - [MESSAGE][PASSED] - Object: 'Object Repository/Final Object Repo/Page_Update Add New Employee - ASSIST/Select to Registration Module' is clicked on

2018-12-14 02:02:53 - [TEST_STEP][PASSED] - navigateToUrl: Navigate to 'https://assist2-uat.perkeso.gov.my/web/registration/myassist' successfully

2018-12-14 02:02:53 - [MESSAGE][PASSED] - Navigate to 'https://assist2-uat.perkeso.gov.my/web/registration/myassist' successfully

2018-12-14 02:02:53 - [TEST_STEP][PASSED] - mouseOver: Object: 'Object Repository/Final Object Repo/Page_Update Add New Employee - ASSIST/Select to Update Akta 4 Tab' is hovered

2018-12-14 02:02:53 - [MESSAGE][PASSED] - Object: 'Object Repository/Final Object Repo/Page_Update Add New Employee - ASSIST/Select to Update Akta 4 Tab' is hovered

2018-12-14 02:02:53 - [TEST_STEP][PASSED] - delay: Delayed 2 second(s)

2018-12-14 02:02:55 - [MESSAGE][PASSED] - Delayed 2 second(s)

2018-12-14 02:02:55 - [TEST_STEP][PASSED] - click: Object: 'Object Repository/Final Object Repo/Page_Update Add New Employee - ASSIST/Select to Update Add New Employee' is clicked on

2018-12-14 02:02:56 - [MESSAGE][PASSED] - Object: 'Object Repository/Final Object Repo/Page_Update Add New Employee - ASSIST/Select to Update Add New Employee' is clicked on

2018-12-14 02:02:56 - [TEST_STEP][PASSED] - delay: Delayed 2 second(s)

2018-12-14 02:02:58 - [MESSAGE][PASSED] - Delayed 2 second(s)

2018-12-14 02:02:58 - [TEST_STEP][PASSED] - setText: Text 'E1102070882W' is set on object 'Object Repository/Final Object Repo/Page_Update Add New Employee - ASSIST/Employer Code input textbox'

2018-12-14 02:02:58 - [MESSAGE][PASSED] - Text 'E1102070882W' is set on object 'Object Repository/Final Object Repo/Page_Update Add New Employee - ASSIST/Employer Code input textbox'

2018-12-14 02:02:58 - [TEST_STEP][PASSED] - delay: Delayed 2 second(s)

2018-12-14 02:03:00 - [MESSAGE][PASSED] - Delayed 2 second(s)

2018-12-14 02:03:00 - [TEST_STEP][PASSED] - click: Object: 'Object Repository/Final Object Repo/Page_Update Add New Employee - ASSIST/Search Button for Employer Code' is clicked on

2018-12-14 02:03:00 - [MESSAGE][PASSED] - Object: 'Object Repository/Final Object Repo/Page_Update Add New Employee - ASSIST/Search Button for Employer Code' is clicked on

2018-12-14 02:03:00 - [TEST_STEP][PASSED] - delay: Delayed 4 second(s)

2018-12-14 02:03:04 - [MESSAGE][PASSED] - Delayed 4 second(s)

2018-12-14 02:03:04 - [TEST_STEP][PASSED] - click: Object: 'Object Repository/Final Object Repo/Page_Update Add New Employee - ASSIST/Click to Edit Case' is clicked on

2018-12-14 02:03:07 - [MESSAGE][PASSED] - Object: 'Object Repository/Final Object Repo/Page_Update Add New Employee - ASSIST/Click to Edit Case' is clicked on

2018-12-14 02:03:07 - [TEST_STEP][PASSED] - callTestCase: Call Test Case 'Test Cases/Final Aug 2018 - PKS Automation/Registration Module/Workflow/Update Add New Employee/Template/Employee Adding/Employee Set Decider' successfully

2018-12-14 02:03:07 - [TEST_CASE][PASSED] - Test Cases/Final Aug 2018 - PKS Automation/Registration Module/Workflow/Update Add New Employee/Template/Employee Adding/Employee Set Decider: Test Cases/Final Aug 2018 - PKS Automation/Registration Module/Workflow/Update Add New Employee/Template/Employee Adding/Employee Set Decider

2018-12-14 02:03:07 - [TEST_STEP][PASSED] - delay: Delayed 4 second(s)

2018-12-14 02:03:11 - [MESSAGE][PASSED] - Delayed 4 second(s)

2018-12-14 02:03:11 - [TEST_STEP][PASSED] - click: Object: 'Object Repository/Final Object Repo/Page_Update Add New Employee - ASSIST/Add Employee Button' is clicked on

2018-12-14 02:03:11 - [MESSAGE][PASSED] - Object: 'Object Repository/Final Object Repo/Page_Update Add New Employee - ASSIST/Add Employee Button' is clicked on

2018-12-14 02:03:11 - [TEST_STEP][PASSED] - delay: Delayed 3 second(s)

2018-12-14 02:03:14 - [MESSAGE][PASSED] - Delayed 3 second(s)

2018-12-14 02:03:14 - [TEST_STEP][PASSED] - setText: Text '010903091920' is set on object 'Object Repository/Final Object Repo/Page_Update Add New Employee - ASSIST/NRIC Input'

2018-12-14 02:03:14 - [MESSAGE][PASSED] - Text '010903091920' is set on object 'Object Repository/Final Object Repo/Page_Update Add New Employee - ASSIST/NRIC Input'

2018-12-14 02:03:14 - [TEST_STEP][PASSED] - click: Object: 'Object Repository/Final Object Repo/Page_Update Add New Employee - ASSIST/button for search for IC' is clicked on

2018-12-14 02:03:14 - [MESSAGE][PASSED] - Object: 'Object Repository/Final Object Repo/Page_Update Add New Employee - ASSIST/button for search for IC' is clicked on

2018-12-14 02:03:14 - [TEST_STEP][PASSED] - delay: Delayed 2 second(s)

2018-12-14 02:03:16 - [MESSAGE][PASSED] - Delayed 2 second(s)

2018-12-14 02:03:16 - [TEST_STEP][PASSED] - sendKeys: Keys 'CONTROL + a' sent to object: 'Object Repository/Final Object Repo/Page_Update Add New Employee - ASSIST/Employee Name Input'

2018-12-14 02:03:17 - [MESSAGE][PASSED] - Keys 'CONTROL + a' sent to object: 'Object Repository/Final Object Repo/Page_Update Add New Employee - ASSIST/Employee Name Input'

2018-12-14 02:03:17 - [TEST_STEP][PASSED] - sendKeys: Keys 'CONTROL + c' sent to object: 'Object Repository/Final Object Repo/Page_Update Add New Employee - ASSIST/Employee Name Input'

2018-12-14 02:03:17 - [MESSAGE][PASSED] - Keys 'CONTROL + c' sent to object: 'Object Repository/Final Object Repo/Page_Update Add New Employee - ASSIST/Employee Name Input'

2018-12-14 02:03:17 - [TEST_STEP][PASSED] - Statement - toolkit = java.awt.Toolkit.getDefaultToolkit(): null

2018-12-14 02:03:17 - [TEST_STEP][PASSED] - Statement - clipboard = toolkit.getSystemClipboard(): null

2018-12-14 02:03:17 - [TEST_STEP][PASSED] - Statement - CurrentName = clipboard.getData(stringFlavor): null

2018-12-14 02:03:17 - [TEST_STEP][PASSED] - Statement - out.println("String from Clipboard:" + CurrentName): null

2018-12-14 02:03:17 - [TEST_STEP][PASSED] - Statement - If (CurrentName == "AUTOMATE002 ELIGIBLE 1"): Call Test Case 'Test Cases/Final Aug 2018 - PKS Automation/Registration Module/Workflow/Update Add New Employee/Template/Employee Adding/Employee Adding Action Repeat IC - set 1' successfully

2018-12-14 02:03:17 - [TEST_STEP][PASSED] - callTestCase: Call Test Case 'Test Cases/Final Aug 2018 - PKS Automation/Registration Module/Workflow/Update Add New Employee/Template/Employee Adding/Employee Adding Action Repeat IC - set 1' successfully

2018-12-14 02:03:17 - [TEST_CASE][PASSED] - Test Cases/Final Aug 2018 - PKS Automation/Registration Module/Workflow/Update Add New Employee/Template/Employee Adding/Employee Adding Action Repeat IC - set 1: Test Cases/Final Aug 2018 - PKS Automation/Registration Module/Workflow/Update Add New Employee/Template/Employee Adding/Employee Adding Action Repeat IC - set 1

2018-12-14 02:03:17 - [TEST_STEP][PASSED] - setText: Text 'Automate003 eligible 1' is set on object 'Object Repository/Final Object Repo/Page_Update Add New Employee - ASSIST/Employee Name Input'

2018-12-14 02:03:17 - [MESSAGE][PASSED] - Text 'Automate003 eligible 1' is set on object 'Object Repository/Final Object Repo/Page_Update Add New Employee - ASSIST/Employee Name Input'

2018-12-14 02:03:17 - [TEST_STEP][PASSED] - delay: Delayed 2 second(s)

2018-12-14 02:03:19 - [MESSAGE][PASSED] - Delayed 2 second(s)

2018-12-14 02:03:19 - [TEST_STEP][PASSED] - click: Object: 'Object Repository/Final Object Repo/Page_Update Add New Employee - ASSIST/DatePicker Pop Up' is clicked on

2018-12-14 02:03:19 - [MESSAGE][PASSED] - Object: 'Object Repository/Final Object Repo/Page_Update Add New Employee - ASSIST/DatePicker Pop Up' is clicked on

2018-12-14 02:03:19 - [TEST_STEP][PASSED] - click: Object: 'Object Repository/Final Object Repo/Page_Update Add New Employee - ASSIST/DOB Month' is clicked on

2018-12-14 02:03:20 - [MESSAGE][PASSED] - Object: 'Object Repository/Final Object Repo/Page_Update Add New Employee - ASSIST/DOB Month' is clicked on

2018-12-14 02:03:20 - [TEST_STEP][PASSED] - Statement - CurrentMonth = CurrentMonth: null

2018-12-14 02:03:20 - [TEST_STEP][PASSED] - Statement - selectMonth = new com.kms.katalon.core.testobject.TestObject(): null

2018-12-14 02:03:20 - [TEST_STEP][PASSED] - Statement - selectMonth.addProperty("xpath", EQUALS, "//body/div/div/div/select/option[@value='" + CurrentMonth + "']", true): null

2018-12-14 02:03:20 - [TEST_STEP][PASSED] - click: Object: '' is clicked on

2018-12-14 02:03:20 - [MESSAGE][PASSED] - Object: '' is clicked on

2018-12-14 02:03:20 - [TEST_STEP][PASSED] - click: Object: 'Object Repository/Final Object Repo/Page_Update Add New Employee - ASSIST/DOB Year' is clicked on

2018-12-14 02:03:20 - [MESSAGE][PASSED] - Object: 'Object Repository/Final Object Repo/Page_Update Add New Employee - ASSIST/DOB Year' is clicked on

2018-12-14 02:03:20 - [TEST_STEP][PASSED] - Statement - Eyearsbf = EighteenYrsBefore: null

2018-12-14 02:03:20 - [TEST_STEP][PASSED] - Statement - selectYear = new com.kms.katalon.core.testobject.TestObject(): null

2018-12-14 02:03:20 - [TEST_STEP][PASSED] - Statement - selectYear.addProperty("xpath", EQUALS, "//div/div/div/select/option[@value='" + Eyearsbf + "']", true): null

2018-12-14 02:03:20 - [TEST_STEP][PASSED] - click: Object: '' is clicked on

2018-12-14 02:03:20 - [MESSAGE][PASSED] - Object: '' is clicked on

2018-12-14 02:03:20 - [TEST_STEP][PASSED] - Statement - UpdatedSelectDate = com.kms.katalon.core.webui.keyword.WebUiBuiltInKeywords.modifyObjectProperty(com.kms.katalon.core.testobject.ObjectRepository.findTestObject(Final Object Repo/Page_Update Add New Employee - ASSIST/DOB Date), "xpath", "equals", "//body/div/table/tbody/tr/td/a[text()="" + CurrentDate + ""]", true): Modify property of object successfully

2018-12-14 02:03:20 - [MESSAGE][PASSED] - Modify property of object successfully

2018-12-14 02:03:20 - [TEST_STEP][PASSED] - delay: Delayed 3 second(s)

2018-12-14 02:03:23 - [MESSAGE][PASSED] - Delayed 3 second(s)

2018-12-14 02:03:23 - [TEST_STEP][PASSED] - click: Object: 'Object Repository/Final Object Repo/Page_Update Add New Employee - ASSIST/DOB Date' is clicked on

2018-12-14 02:03:23 - [MESSAGE][PASSED] - Object: 'Object Repository/Final Object Repo/Page_Update Add New Employee - ASSIST/DOB Date' is clicked on

2018-12-14 02:03:23 - [TEST_STEP][PASSED] - delay: Delayed 2 second(s)

2018-12-14 02:03:25 - [MESSAGE][PASSED] - Delayed 2 second(s)

2018-12-14 02:03:25 - [TEST_STEP][PASSED] - click: Object: 'Object Repository/Final Object Repo/Page_Update Add New Employee - ASSIST/EmploymentStartDate Pop Up' is clicked on

2018-12-14 02:03:25 - [MESSAGE][PASSED] - Object: 'Object Repository/Final Object Repo/Page_Update Add New Employee - ASSIST/EmploymentStartDate Pop Up' is clicked on

2018-12-14 02:03:25 - [TEST_STEP][PASSED] - delay: Delayed 2 second(s)

2018-12-14 02:03:27 - [MESSAGE][PASSED] - Delayed 2 second(s)

2018-12-14 02:03:27 - [TEST_STEP][PASSED] - click: Object: 'Object Repository/Final Object Repo/Page_Update Add New Employee - ASSIST/Socso Employment StartDate Month' is clicked on

2018-12-14 02:03:28 - [MESSAGE][PASSED] - Object: 'Object Repository/Final Object Repo/Page_Update Add New Employee - ASSIST/Socso Employment StartDate Month' is clicked on

2018-12-14 02:03:28 - [TEST_STEP][PASSED] - delay: Delayed 1 second(s)

2018-12-14 02:03:29 - [MESSAGE][PASSED] - Delayed 1 second(s)

2018-12-14 02:03:29 - [TEST_STEP][PASSED] - click: Object: 'Object Repository/Final Object Repo/Page_Update Add New Employee - ASSIST/Select Socso Employement Startdate Month' is clicked on

2018-12-14 02:03:29 - [MESSAGE][PASSED] - Object: 'Object Repository/Final Object Repo/Page_Update Add New Employee - ASSIST/Select Socso Employement Startdate Month' is clicked on

2018-12-14 02:03:29 - [TEST_STEP][PASSED] - delay: Delayed 2 second(s)

2018-12-14 02:03:31 - [MESSAGE][PASSED] - Delayed 2 second(s)

2018-12-14 02:03:31 - [TEST_STEP][PASSED] - click: Object: 'Object Repository/Final Object Repo/Page_Update Add New Employee - ASSIST/Socso Employment StartDate Year' is clicked on

2018-12-14 02:03:31 - [MESSAGE][PASSED] - Object: 'Object Repository/Final Object Repo/Page_Update Add New Employee - ASSIST/Socso Employment StartDate Year' is clicked on

2018-12-14 02:03:31 - [TEST_STEP][PASSED] - delay: Delayed 1 second(s)

2018-12-14 02:03:32 - [MESSAGE][PASSED] - Delayed 1 second(s)

2018-12-14 02:03:32 - [TEST_STEP][PASSED] - click: Object: 'Object Repository/Final Object Repo/Page_Update Add New Employee - ASSIST/Select Socso Employment Startdate Year' is clicked on

2018-12-14 02:03:32 - [MESSAGE][PASSED] - Object: 'Object Repository/Final Object Repo/Page_Update Add New Employee - ASSIST/Select Socso Employment Startdate Year' is clicked on

2018-12-14 02:03:32 - [TEST_STEP][PASSED] - delay: Delayed 2 second(s)

2018-12-14 02:03:34 - [MESSAGE][PASSED] - Delayed 2 second(s)

2018-12-14 02:03:34 - [TEST_STEP][PASSED] - click: Object: 'Object Repository/Final Object Repo/Page_Update Add New Employee - ASSIST/Socso Employment Start Date Day' is clicked on

2018-12-14 02:03:34 - [MESSAGE][PASSED] - Object: 'Object Repository/Final Object Repo/Page_Update Add New Employee - ASSIST/Socso Employment Start Date Day' is clicked on

2018-12-14 02:03:34 - [TEST_STEP][PASSED] - delay: Delayed 2 second(s)

2018-12-14 02:03:36 - [MESSAGE][PASSED] - Delayed 2 second(s)

2018-12-14 02:03:36 - [TEST_STEP][PASSED] - click: Object: 'Object Repository/Final Object Repo/Page_Update Add New Employee - ASSIST/Save Button for Add Employee' is clicked on

2018-12-14 02:03:36 - [MESSAGE][PASSED] - Object: 'Object Repository/Final Object Repo/Page_Update Add New Employee - ASSIST/Save Button for Add Employee' is clicked on

2018-12-14 02:03:36 - [TEST_STEP][PASSED] - delay: Delayed 6 second(s)

2018-12-14 02:03:42 - [MESSAGE][PASSED] - Delayed 6 second(s)

2018-12-14 02:03:42 - [TEST_STEP][PASSED] - click: Object: 'Object Repository/Final Object Repo/Page_Update Add New Employee - ASSIST/Add Employee Button' is clicked on

2018-12-14 02:03:43 - [MESSAGE][PASSED] - Object: 'Object Repository/Final Object Repo/Page_Update Add New Employee - ASSIST/Add Employee Button' is clicked on

2018-12-14 02:03:43 - [TEST_STEP][PASSED] - delay: Delayed 4 second(s)

2018-12-14 02:03:47 - [MESSAGE][PASSED] - Delayed 4 second(s)

2018-12-14 02:03:47 - [TEST_STEP][PASSED] - setText: Text '620904059600' is set on object 'Object Repository/Final Object Repo/Page_Update Add New Employee - ASSIST/NRIC Input'

2018-12-14 02:03:47 - [MESSAGE][PASSED] - Text '620904059600' is set on object 'Object Repository/Final Object Repo/Page_Update Add New Employee - ASSIST/NRIC Input'

2018-12-14 02:03:47 - [TEST_STEP][PASSED] - click: Object: 'Object Repository/Final Object Repo/Page_Update Add New Employee - ASSIST/button for search for IC' is clicked on

2018-12-14 02:03:47 - [MESSAGE][PASSED] - Object: 'Object Repository/Final Object Repo/Page_Update Add New Employee - ASSIST/button for search for IC' is clicked on

2018-12-14 02:03:47 - [TEST_STEP][PASSED] - delay: Delayed 2 second(s)

2018-12-14 02:03:49 - [MESSAGE][PASSED] - Delayed 2 second(s)

2018-12-14 02:03:49 - [TEST_STEP][PASSED] - setText: Text 'Automate003 eligible 2' is set on object 'Object Repository/Final Object Repo/Page_Update Add New Employee - ASSIST/Employee Name Input'

2018-12-14 02:03:50 - [MESSAGE][PASSED] - Text 'Automate003 eligible 2' is set on object 'Object Repository/Final Object Repo/Page_Update Add New Employee - ASSIST/Employee Name Input'

2018-12-14 02:03:50 - [TEST_STEP][PASSED] - delay: Delayed 2 second(s)

2018-12-14 02:03:52 - [MESSAGE][PASSED] - Delayed 2 second(s)

2018-12-14 02:03:52 - [TEST_STEP][PASSED] - click: Object: 'Object Repository/Final Object Repo/Page_Update Add New Employee - ASSIST/DatePicker Pop Up' is clicked on

2018-12-14 02:03:52 - [MESSAGE][PASSED] - Object: 'Object Repository/Final Object Repo/Page_Update Add New Employee - ASSIST/DatePicker Pop Up' is clicked on

2018-12-14 02:03:52 - [TEST_STEP][PASSED] - delay: Delayed 2 second(s)

2018-12-14 02:03:54 - [MESSAGE][PASSED] - Delayed 2 second(s)

2018-12-14 02:03:54 - [TEST_STEP][PASSED] - click: Object: 'Object Repository/Final Object Repo/Page_Update Add New Employee - ASSIST/DOB Month' is clicked on

2018-12-14 02:03:54 - [MESSAGE][PASSED] - Object: 'Object Repository/Final Object Repo/Page_Update Add New Employee - ASSIST/DOB Month' is clicked on

2018-12-14 02:03:54 - [TEST_STEP][PASSED] - Statement - selectMonth = com.kms.katalon.core.webui.keyword.WebUiBuiltInKeywords.modifyObjectProperty(selectMonth, "xpath", "equals", "//body/div/div/div/select/option[@value="" + CurrentMonth + ""]", true): Modify property of object successfully

2018-12-14 02:03:54 - [MESSAGE][PASSED] - Modify property of object successfully

2018-12-14 02:03:54 - [TEST_STEP][PASSED] - click: Object: '' is clicked on

2018-12-14 02:03:54 - [MESSAGE][PASSED] - Object: '' is clicked on

2018-12-14 02:03:54 - [TEST_STEP][PASSED] - click: Object: 'Object Repository/Final Object Repo/Page_Update Add New Employee - ASSIST/DOB Year' is clicked on

2018-12-14 02:03:54 - [MESSAGE][PASSED] - Object: 'Object Repository/Final Object Repo/Page_Update Add New Employee - ASSIST/DOB Year' is clicked on

2018-12-14 02:03:54 - [TEST_STEP][PASSED] - Statement - selectYear = com.kms.katalon.core.webui.keyword.WebUiBuiltInKeywords.modifyObjectProperty(selectYear, "xpath", "equals", "//div/div/div/select/option[@value="" + FiftysevenYrsBefore + ""]", true): Modify property of object successfully

2018-12-14 02:03:54 - [MESSAGE][PASSED] - Modify property of object successfully

2018-12-14 02:03:54 - [TEST_STEP][PASSED] - click: Object: '' is clicked on

2018-12-14 02:03:54 - [MESSAGE][PASSED] - Object: '' is clicked on

2018-12-14 02:03:54 - [TEST_STEP][PASSED] - Statement - UpdatedSelectDate = com.kms.katalon.core.webui.keyword.WebUiBuiltInKeywords.modifyObjectProperty(com.kms.katalon.core.testobject.ObjectRepository.findTestObject(Final Object Repo/Page_Update Add New Employee - ASSIST/DOB Date), "xpath", "equals", "//body/div/table/tbody/tr/td/a[text()="" + OneDayBefore + ""]", true): Modify property of object successfully

2018-12-14 02:03:54 - [MESSAGE][PASSED] - Modify property of object successfully

2018-12-14 02:03:54 - [TEST_STEP][PASSED] - click: Object: 'Object Repository/Final Object Repo/Page_Update Add New Employee - ASSIST/DOB Date' is clicked on

2018-12-14 02:03:55 - [MESSAGE][PASSED] - Object: 'Object Repository/Final Object Repo/Page_Update Add New Employee - ASSIST/DOB Date' is clicked on

2018-12-14 02:03:55 - [TEST_STEP][PASSED] - delay: Delayed 2 second(s)

2018-12-14 02:03:57 - [MESSAGE][PASSED] - Delayed 2 second(s)

2018-12-14 02:03:57 - [TEST_STEP][PASSED] - click: Object: 'Object Repository/Final Object Repo/Page_Update Add New Employee - ASSIST/EmploymentStartDate Pop Up' is clicked on

2018-12-14 02:03:57 - [MESSAGE][PASSED] - Object: 'Object Repository/Final Object Repo/Page_Update Add New Employee - ASSIST/EmploymentStartDate Pop Up' is clicked on

2018-12-14 02:03:57 - [TEST_STEP][PASSED] - delay: Delayed 2 second(s)

2018-12-14 02:03:59 - [MESSAGE][PASSED] - Delayed 2 second(s)

2018-12-14 02:03:59 - [TEST_STEP][PASSED] - click: Object: 'Object Repository/Final Object Repo/Page_Update Add New Employee - ASSIST/Socso Employment StartDate Month' is clicked on

2018-12-14 02:03:59 - [MESSAGE][PASSED] - Object: 'Object Repository/Final Object Repo/Page_Update Add New Employee - ASSIST/Socso Employment StartDate Month' is clicked on

2018-12-14 02:03:59 - [TEST_STEP][PASSED] - delay: Delayed 1 second(s)

2018-12-14 02:04:00 - [MESSAGE][PASSED] - Delayed 1 second(s)

2018-12-14 02:04:00 - [TEST_STEP][PASSED] - click: Object: 'Object Repository/Final Object Repo/Page_Update Add New Employee - ASSIST/Select Socso Employement Startdate Month' is clicked on

2018-12-14 02:04:00 - [MESSAGE][PASSED] - Object: 'Object Repository/Final Object Repo/Page_Update Add New Employee - ASSIST/Select Socso Employement Startdate Month' is clicked on

2018-12-14 02:04:00 - [TEST_STEP][PASSED] - delay: Delayed 2 second(s)

2018-12-14 02:04:02 - [MESSAGE][PASSED] - Delayed 2 second(s)

2018-12-14 02:04:02 - [TEST_STEP][PASSED] - click: Object: 'Object Repository/Final Object Repo/Page_Update Add New Employee - ASSIST/Socso Employment StartDate Year' is clicked on

2018-12-14 02:04:02 - [MESSAGE][PASSED] - Object: 'Object Repository/Final Object Repo/Page_Update Add New Employee - ASSIST/Socso Employment StartDate Year' is clicked on

2018-12-14 02:04:02 - [TEST_STEP][PASSED] - delay: Delayed 1 second(s)

2018-12-14 02:04:03 - [MESSAGE][PASSED] - Delayed 1 second(s)

2018-12-14 02:04:03 - [TEST_STEP][PASSED] - click: Object: 'Object Repository/Final Object Repo/Page_Update Add New Employee - ASSIST/Select Socso Employment Startdate Year' is clicked on

2018-12-14 02:04:03 - [MESSAGE][PASSED] - Object: 'Object Repository/Final Object Repo/Page_Update Add New Employee - ASSIST/Select Socso Employment Startdate Year' is clicked on

2018-12-14 02:04:03 - [TEST_STEP][PASSED] - delay: Delayed 2 second(s)

2018-12-14 02:04:05 - [MESSAGE][PASSED] - Delayed 2 second(s)

2018-12-14 02:04:05 - [TEST_STEP][PASSED] - click: Object: 'Object Repository/Final Object Repo/Page_Update Add New Employee - ASSIST/Socso Employment Start Date Day' is clicked on

2018-12-14 02:04:06 - [MESSAGE][PASSED] - Object: 'Object Repository/Final Object Repo/Page_Update Add New Employee - ASSIST/Socso Employment Start Date Day' is clicked on

2018-12-14 02:04:06 - [TEST_STEP][PASSED] - delay: Delayed 2 second(s)

2018-12-14 02:04:08 - [MESSAGE][PASSED] - Delayed 2 second(s)

2018-12-14 02:04:08 - [TEST_STEP][PASSED] - click: Object: 'Object Repository/Final Object Repo/Page_Update Add New Employee - ASSIST/Save Button for Add Employee' is clicked on

2018-12-14 02:04:08 - [MESSAGE][PASSED] - Object: 'Object Repository/Final Object Repo/Page_Update Add New Employee - ASSIST/Save Button for Add Employee' is clicked on

2018-12-14 02:04:08 - [TEST_STEP][PASSED] - delay: Delayed 10 second(s)

2018-12-14 02:04:18 - [MESSAGE][PASSED] - Delayed 10 second(s)

2018-12-14 02:04:18 - [TEST_STEP][PASSED] - waitForElementClickable: Object 'Object Repository/Final Object Repo/Page_Update Add New Employee - ASSIST/Add Employee Button' is clickable

2018-12-14 02:04:18 - [MESSAGE][PASSED] - Object 'Object Repository/Final Object Repo/Page_Update Add New Employee - ASSIST/Add Employee Button' is clickable

2018-12-14 02:04:18 - [TEST_STEP][PASSED] - click: Object: 'Object Repository/Final Object Repo/Page_Update Add New Employee - ASSIST/Add Employee Button' is clicked on

2018-12-14 02:04:18 - [MESSAGE][PASSED] - Object: 'Object Repository/Final Object Repo/Page_Update Add New Employee - ASSIST/Add Employee Button' is clicked on

2018-12-14 02:04:18 - [TEST_STEP][PASSED] - delay: Delayed 4 second(s)

2018-12-14 02:04:22 - [MESSAGE][PASSED] - Delayed 4 second(s)

2018-12-14 02:04:22 - [TEST_STEP][PASSED] - setText: Text '000209039100' is set on object 'Object Repository/Final Object Repo/Page_Update Add New Employee - ASSIST/NRIC Input'

2018-12-14 02:04:22 - [MESSAGE][PASSED] - Text '000209039100' is set on object 'Object Repository/Final Object Repo/Page_Update Add New Employee - ASSIST/NRIC Input'

2018-12-14 02:04:22 - [TEST_STEP][PASSED] - click: Object: 'Object Repository/Final Object Repo/Page_Update Add New Employee - ASSIST/button for search for IC' is clicked on

2018-12-14 02:04:23 - [MESSAGE][PASSED] - Object: 'Object Repository/Final Object Repo/Page_Update Add New Employee - ASSIST/button for search for IC' is clicked on

2018-12-14 02:04:23 - [TEST_STEP][PASSED] - delay: Delayed 2 second(s)

2018-12-14 02:04:25 - [MESSAGE][PASSED] - Delayed 2 second(s)

2018-12-14 02:04:25 - [TEST_STEP][PASSED] - setText: Text 'Automate003 not eligible 1' is set on object 'Object Repository/Final Object Repo/Page_Update Add New Employee - ASSIST/Employee Name Input'

2018-12-14 02:04:25 - [MESSAGE][PASSED] - Text 'Automate003 not eligible 1' is set on object 'Object Repository/Final Object Repo/Page_Update Add New Employee - ASSIST/Employee Name Input'

2018-12-14 02:04:25 - [TEST_STEP][PASSED] - delay: Delayed 2 second(s)

2018-12-14 02:04:27 - [MESSAGE][PASSED] - Delayed 2 second(s)

2018-12-14 02:04:27 - [TEST_STEP][PASSED] - click: Object: 'Object Repository/Final Object Repo/Page_Update Add New Employee - ASSIST/DatePicker Pop Up' is clicked on

2018-12-14 02:04:27 - [MESSAGE][PASSED] - Object: 'Object Repository/Final Object Repo/Page_Update Add New Employee - ASSIST/DatePicker Pop Up' is clicked on

2018-12-14 02:04:27 - [TEST_STEP][PASSED] - delay: Delayed 2 second(s)

2018-12-14 02:04:29 - [MESSAGE][PASSED] - Delayed 2 second(s)

2018-12-14 02:04:29 - [TEST_STEP][PASSED] - click: Object: 'Object Repository/Final Object Repo/Page_Update Add New Employee - ASSIST/DOB Month' is clicked on

2018-12-14 02:04:29 - [MESSAGE][PASSED] - Object: 'Object Repository/Final Object Repo/Page_Update Add New Employee - ASSIST/DOB Month' is clicked on

2018-12-14 02:04:29 - [TEST_STEP][PASSED] - Statement - selectMonth = com.kms.katalon.core.webui.keyword.WebUiBuiltInKeywords.modifyObjectProperty(selectMonth, "xpath", "equals", "//body/div/div/div/select/option[@value="" + CurrentMonth + ""]", true): Modify property of object successfully

2018-12-14 02:04:29 - [MESSAGE][PASSED] - Modify property of object successfully

2018-12-14 02:04:29 - [TEST_STEP][PASSED] - click: Object: '' is clicked on

2018-12-14 02:04:30 - [MESSAGE][PASSED] - Object: '' is clicked on

2018-12-14 02:04:30 - [TEST_STEP][PASSED] - click: Object: 'Object Repository/Final Object Repo/Page_Update Add New Employee - ASSIST/DOB Year' is clicked on

2018-12-14 02:04:30 - [MESSAGE][PASSED] - Object: 'Object Repository/Final Object Repo/Page_Update Add New Employee - ASSIST/DOB Year' is clicked on

2018-12-14 02:04:30 - [TEST_STEP][PASSED] - Statement - selectYear = com.kms.katalon.core.webui.keyword.WebUiBuiltInKeywords.modifyObjectProperty(selectYear, "xpath", "equals", "//div/div/div/select/option[@value="" + EighteenYrsBefore + ""]", true): Modify property of object successfully

2018-12-14 02:04:30 - [MESSAGE][PASSED] - Modify property of object successfully

2018-12-14 02:04:30 - [TEST_STEP][PASSED] - click: Object: '' is clicked on

2018-12-14 02:04:30 - [MESSAGE][PASSED] - Object: '' is clicked on

2018-12-14 02:04:30 - [TEST_STEP][PASSED] - Statement - UpdatedSelectDate = com.kms.katalon.core.webui.keyword.WebUiBuiltInKeywords.modifyObjectProperty(com.kms.katalon.core.testobject.ObjectRepository.findTestObject(Final Object Repo/Page_Update Add New Employee - ASSIST/DOB Date), "xpath", "equals", "//body/div/table/tbody/tr/td/a[text()="" + OneDayBefore + ""]", true): Modify property of object successfully

2018-12-14 02:04:30 - [MESSAGE][PASSED] - Modify property of object successfully

2018-12-14 02:04:30 - [TEST_STEP][PASSED] - click: Object: 'Object Repository/Final Object Repo/Page_Update Add New Employee - ASSIST/DOB Date' is clicked on

2018-12-14 02:04:30 - [MESSAGE][PASSED] - Object: 'Object Repository/Final Object Repo/Page_Update Add New Employee - ASSIST/DOB Date' is clicked on

2018-12-14 02:04:30 - [TEST_STEP][PASSED] - delay: Delayed 2 second(s)

2018-12-14 02:04:32 - [MESSAGE][PASSED] - Delayed 2 second(s)

2018-12-14 02:04:32 - [TEST_STEP][PASSED] - click: Object: 'Object Repository/Final Object Repo/Page_Update Add New Employee - ASSIST/EmploymentStartDate Pop Up' is clicked on

2018-12-14 02:04:32 - [MESSAGE][PASSED] - Object: 'Object Repository/Final Object Repo/Page_Update Add New Employee - ASSIST/EmploymentStartDate Pop Up' is clicked on

2018-12-14 02:04:32 - [TEST_STEP][PASSED] - delay: Delayed 2 second(s)

2018-12-14 02:04:34 - [MESSAGE][PASSED] - Delayed 2 second(s)

2018-12-14 02:04:34 - [TEST_STEP][PASSED] - click: Object: 'Object Repository/Final Object Repo/Page_Update Add New Employee - ASSIST/Socso Employment StartDate Month' is clicked on

2018-12-14 02:04:34 - [MESSAGE][PASSED] - Object: 'Object Repository/Final Object Repo/Page_Update Add New Employee - ASSIST/Socso Employment StartDate Month' is clicked on

2018-12-14 02:04:34 - [TEST_STEP][PASSED] - delay: Delayed 1 second(s)

2018-12-14 02:04:35 - [MESSAGE][PASSED] - Delayed 1 second(s)

2018-12-14 02:04:35 - [TEST_STEP][PASSED] - click: Object: 'Object Repository/Final Object Repo/Page_Update Add New Employee - ASSIST/Select Socso Employement Startdate Month' is clicked on

2018-12-14 02:04:36 - [MESSAGE][PASSED] - Object: 'Object Repository/Final Object Repo/Page_Update Add New Employee - ASSIST/Select Socso Employement Startdate Month' is clicked on

2018-12-14 02:04:36 - [TEST_STEP][PASSED] - delay: Delayed 2 second(s)

2018-12-14 02:04:38 - [MESSAGE][PASSED] - Delayed 2 second(s)

2018-12-14 02:04:38 - [TEST_STEP][PASSED] - click: Object: 'Object Repository/Final Object Repo/Page_Update Add New Employee - ASSIST/Socso Employment StartDate Year' is clicked on

2018-12-14 02:04:38 - [MESSAGE][PASSED] - Object: 'Object Repository/Final Object Repo/Page_Update Add New Employee - ASSIST/Socso Employment StartDate Year' is clicked on

2018-12-14 02:04:38 - [TEST_STEP][PASSED] - delay: Delayed 1 second(s)

2018-12-14 02:04:39 - [MESSAGE][PASSED] - Delayed 1 second(s)

2018-12-14 02:04:39 - [TEST_STEP][PASSED] - click: Object: 'Object Repository/Final Object Repo/Page_Update Add New Employee - ASSIST/Select Socso Employment Startdate Year' is clicked on

2018-12-14 02:04:39 - [MESSAGE][PASSED] - Object: 'Object Repository/Final Object Repo/Page_Update Add New Employee - ASSIST/Select Socso Employment Startdate Year' is clicked on

2018-12-14 02:04:39 - [TEST_STEP][PASSED] - delay: Delayed 2 second(s)

2018-12-14 02:04:41 - [MESSAGE][PASSED] - Delayed 2 second(s)

2018-12-14 02:04:41 - [TEST_STEP][PASSED] - click: Object: 'Object Repository/Final Object Repo/Page_Update Add New Employee - ASSIST/Socso Employment Start Date Day' is clicked on

2018-12-14 02:04:41 - [MESSAGE][PASSED] - Object: 'Object Repository/Final Object Repo/Page_Update Add New Employee - ASSIST/Socso Employment Start Date Day' is clicked on

2018-12-14 02:04:41 - [TEST_STEP][PASSED] - delay: Delayed 2 second(s)

2018-12-14 02:04:43 - [MESSAGE][PASSED] - Delayed 2 second(s)

2018-12-14 02:04:43 - [TEST_STEP][PASSED] - click: Object: 'Object Repository/Final Object Repo/Page_Update Add New Employee - ASSIST/Save Button for Add Employee' is clicked on

2018-12-14 02:04:43 - [MESSAGE][PASSED] - Object: 'Object Repository/Final Object Repo/Page_Update Add New Employee - ASSIST/Save Button for Add Employee' is clicked on

2018-12-14 02:04:43 - [TEST_STEP][PASSED] - delay: Delayed 20 second(s)

2018-12-14 02:05:03 - [MESSAGE][PASSED] - Delayed 20 second(s)

2018-12-14 02:05:03 - [TEST_STEP][PASSED] - click: Object: 'Object Repository/Final Object Repo/Page_Update Add New Employee - ASSIST/Add Employee Button' is clicked on

2018-12-14 02:05:03 - [MESSAGE][PASSED] - Object: 'Object Repository/Final Object Repo/Page_Update Add New Employee - ASSIST/Add Employee Button' is clicked on

2018-12-14 02:05:03 - [TEST_STEP][PASSED] - delay: Delayed 4 second(s)

2018-12-14 02:05:07 - [MESSAGE][PASSED] - Delayed 4 second(s)

2018-12-14 02:05:07 - [TEST_STEP][PASSED] - setText: Text '600203039104' is set on object 'Object Repository/Final Object Repo/Page_Update Add New Employee - ASSIST/NRIC Input'

2018-12-14 02:05:08 - [MESSAGE][PASSED] - Text '600203039104' is set on object 'Object Repository/Final Object Repo/Page_Update Add New Employee - ASSIST/NRIC Input'

2018-12-14 02:05:08 - [TEST_STEP][PASSED] - click: Object: 'Object Repository/Final Object Repo/Page_Update Add New Employee - ASSIST/button for search for IC' is clicked on

2018-12-14 02:05:08 - [MESSAGE][PASSED] - Object: 'Object Repository/Final Object Repo/Page_Update Add New Employee - ASSIST/button for search for IC' is clicked on

2018-12-14 02:05:08 - [TEST_STEP][PASSED] - delay: Delayed 2 second(s)

2018-12-14 02:05:10 - [MESSAGE][PASSED] - Delayed 2 second(s)

2018-12-14 02:05:10 - [TEST_STEP][PASSED] - setText: Text 'Automate003 not eligible 2' is set on object 'Object Repository/Final Object Repo/Page_Update Add New Employee - ASSIST/Employee Name Input'

2018-12-14 02:05:11 - [MESSAGE][PASSED] - Text 'Automate003 not eligible 2' is set on object 'Object Repository/Final Object Repo/Page_Update Add New Employee - ASSIST/Employee Name Input'

2018-12-14 02:05:11 - [TEST_STEP][PASSED] - delay: Delayed 2 second(s)

2018-12-14 02:05:13 - [MESSAGE][PASSED] - Delayed 2 second(s)

2018-12-14 02:05:13 - [TEST_STEP][PASSED] - click: Object: 'Object Repository/Final Object Repo/Page_Update Add New Employee - ASSIST/DatePicker Pop Up' is clicked on

2018-12-14 02:05:13 - [MESSAGE][PASSED] - Object: 'Object Repository/Final Object Repo/Page_Update Add New Employee - ASSIST/DatePicker Pop Up' is clicked on

2018-12-14 02:05:13 - [TEST_STEP][PASSED] - delay: Delayed 2 second(s)

2018-12-14 02:05:15 - [MESSAGE][PASSED] - Delayed 2 second(s)

2018-12-14 02:05:15 - [TEST_STEP][PASSED] - click: Object: 'Object Repository/Final Object Repo/Page_Update Add New Employee - ASSIST/DOB Month' is clicked on

2018-12-14 02:05:15 - [MESSAGE][PASSED] - Object: 'Object Repository/Final Object Repo/Page_Update Add New Employee - ASSIST/DOB Month' is clicked on

2018-12-14 02:05:15 - [TEST_STEP][PASSED] - Statement - selectMonth = com.kms.katalon.core.webui.keyword.WebUiBuiltInKeywords.modifyObjectProperty(selectMonth, "xpath", "equals", "//body/div/div/div/select/option[@value="" + CurrentMonth + ""]", true): Modify property of object successfully

2018-12-14 02:05:15 - [MESSAGE][PASSED] - Modify property of object successfully

2018-12-14 02:05:15 - [TEST_STEP][PASSED] - click: Object: '' is clicked on

2018-12-14 02:05:15 - [MESSAGE][PASSED] - Object: '' is clicked on

2018-12-14 02:05:15 - [TEST_STEP][PASSED] - click: Object: 'Object Repository/Final Object Repo/Page_Update Add New Employee - ASSIST/DOB Year' is clicked on

2018-12-14 02:05:15 - [MESSAGE][PASSED] - Object: 'Object Repository/Final Object Repo/Page_Update Add New Employee - ASSIST/DOB Year' is clicked on

2018-12-14 02:05:15 - [TEST_STEP][PASSED] - Statement - selectYear = com.kms.katalon.core.webui.keyword.WebUiBuiltInKeywords.modifyObjectProperty(selectYear, "xpath", "equals", "//div/div/div/select/option[@value="" + FiftysevenYrsBefore + ""]", true): Modify property of object successfully

2018-12-14 02:05:15 - [MESSAGE][PASSED] - Modify property of object successfully

2018-12-14 02:05:15 - [TEST_STEP][PASSED] - click: Object: '' is clicked on

2018-12-14 02:05:15 - [MESSAGE][PASSED] - Object: '' is clicked on

2018-12-14 02:05:15 - [TEST_STEP][PASSED] - Statement - UpdatedSelectDate = com.kms.katalon.core.webui.keyword.WebUiBuiltInKeywords.modifyObjectProperty(com.kms.katalon.core.testobject.ObjectRepository.findTestObject(Final Object Repo/Page_Update Add New Employee - ASSIST/DOB Date), "xpath", "equals", "//body/div/table/tbody/tr/td/a[text()="" + CurrentDate + ""]", true): Modify property of object successfully

2018-12-14 02:05:15 - [MESSAGE][PASSED] - Modify property of object successfully

2018-12-14 02:05:15 - [TEST_STEP][PASSED] - click: Object: 'Object Repository/Final Object Repo/Page_Update Add New Employee - ASSIST/DOB Date' is clicked on

2018-12-14 02:05:16 - [MESSAGE][PASSED] - Object: 'Object Repository/Final Object Repo/Page_Update Add New Employee - ASSIST/DOB Date' is clicked on

2018-12-14 02:05:16 - [TEST_STEP][PASSED] - click: Object: 'Object Repository/Final Object Repo/Page_Update Add New Employee - ASSIST/EmploymentStartDate Pop Up' is clicked on

2018-12-14 02:05:16 - [MESSAGE][PASSED] - Object: 'Object Repository/Final Object Repo/Page_Update Add New Employee - ASSIST/EmploymentStartDate Pop Up' is clicked on

2018-12-14 02:05:16 - [TEST_STEP][PASSED] - delay: Delayed 2 second(s)

2018-12-14 02:05:18 - [MESSAGE][PASSED] - Delayed 2 second(s)

2018-12-14 02:05:18 - [TEST_STEP][PASSED] - click: Object: 'Object Repository/Final Object Repo/Page_Update Add New Employee - ASSIST/Socso Employment StartDate Month' is clicked on

2018-12-14 02:05:18 - [MESSAGE][PASSED] - Object: 'Object Repository/Final Object Repo/Page_Update Add New Employee - ASSIST/Socso Employment StartDate Month' is clicked on

2018-12-14 02:05:18 - [TEST_STEP][PASSED] - delay: Delayed 1 second(s)

2018-12-14 02:05:19 - [MESSAGE][PASSED] - Delayed 1 second(s)

2018-12-14 02:05:19 - [TEST_STEP][PASSED] - click: Object: 'Object Repository/Final Object Repo/Page_Update Add New Employee - ASSIST/Select Socso Employement Startdate Month' is clicked on

2018-12-14 02:05:19 - [MESSAGE][PASSED] - Object: 'Object Repository/Final Object Repo/Page_Update Add New Employee - ASSIST/Select Socso Employement Startdate Month' is clicked on

2018-12-14 02:05:19 - [TEST_STEP][PASSED] - delay: Delayed 2 second(s)

2018-12-14 02:05:21 - [MESSAGE][PASSED] - Delayed 2 second(s)

2018-12-14 02:05:21 - [TEST_STEP][PASSED] - click: Object: 'Object Repository/Final Object Repo/Page_Update Add New Employee - ASSIST/Socso Employment StartDate Year' is clicked on

2018-12-14 02:05:21 - [MESSAGE][PASSED] - Object: 'Object Repository/Final Object Repo/Page_Update Add New Employee - ASSIST/Socso Employment StartDate Year' is clicked on

2018-12-14 02:05:21 - [TEST_STEP][PASSED] - delay: Delayed 1 second(s)

2018-12-14 02:05:22 - [MESSAGE][PASSED] - Delayed 1 second(s)

2018-12-14 02:05:22 - [TEST_STEP][PASSED] - click: Object: 'Object Repository/Final Object Repo/Page_Update Add New Employee - ASSIST/Select Socso Employment Startdate Year' is clicked on

2018-12-14 02:05:22 - [MESSAGE][PASSED] - Object: 'Object Repository/Final Object Repo/Page_Update Add New Employee - ASSIST/Select Socso Employment Startdate Year' is clicked on

2018-12-14 02:05:22 - [TEST_STEP][PASSED] - delay: Delayed 2 second(s)

2018-12-14 02:05:24 - [MESSAGE][PASSED] - Delayed 2 second(s)

2018-12-14 02:05:24 - [TEST_STEP][PASSED] - click: Object: 'Object Repository/Final Object Repo/Page_Update Add New Employee - ASSIST/Socso Employment Start Date Day' is clicked on

2018-12-14 02:05:25 - [MESSAGE][PASSED] - Object: 'Object Repository/Final Object Repo/Page_Update Add New Employee - ASSIST/Socso Employment Start Date Day' is clicked on

2018-12-14 02:05:25 - [TEST_STEP][PASSED] - delay: Delayed 2 second(s)

2018-12-14 02:05:27 - [MESSAGE][PASSED] - Delayed 2 second(s)

2018-12-14 02:05:27 - [TEST_STEP][PASSED] - click: Object: 'Object Repository/Final Object Repo/Page_Update Add New Employee - ASSIST/Save Button for Add Employee' is clicked on

2018-12-14 02:05:27 - [MESSAGE][PASSED] - Object: 'Object Repository/Final Object Repo/Page_Update Add New Employee - ASSIST/Save Button for Add Employee' is clicked on

2018-12-14 02:05:27 - [MESSAGE][PASSED] - Call Test Case 'Test Cases/Final Aug 2018 - PKS Automation/Registration Module/Workflow/Update Add New Employee/Template/Employee Adding/Employee Adding Action Repeat IC - set 1' successfully

2018-12-14 02:05:27 - [MESSAGE][PASSED] - Call Test Case 'Test Cases/Final Aug 2018 - PKS Automation/Registration Module/Workflow/Update Add New Employee/Template/Employee Adding/Employee Set Decider' successfully

2018-12-14 02:05:27 - [TEST_STEP][PASSED] - delay: Delayed 4 second(s)

2018-12-14 02:05:31 - [MESSAGE][PASSED] - Delayed 4 second(s)

2018-12-14 02:05:31 - [TEST_STEP][PASSED] - Statement - CaseReferenceNo = com.kms.katalon.core.webui.keyword.WebUiBuiltInKeywords.getText(com.kms.katalon.core.testobject.ObjectRepository.findTestObject(Final Object Repo/Page_Update Add New Employee - ASSIST/RefNo)): Text of object 'Object Repository/Final Object Repo/Page_Update Add New Employee - ASSIST/RefNo' is: 'CAN12201800002354'

2018-12-14 02:05:31 - [MESSAGE][PASSED] - Text of object 'Object Repository/Final Object Repo/Page_Update Add New Employee - ASSIST/RefNo' is: 'CAN12201800002354'

2018-12-14 02:05:31 - [TEST_STEP][PASSED] - callTestCase: Call Test Case 'Test Cases/Final Aug 2018 - PKS Automation/Common/Reference Number Setter' successfully

2018-12-14 02:05:31 - [TEST_CASE][PASSED] - Test Cases/Final Aug 2018 - PKS Automation/Common/Reference Number Setter: Test Cases/Final Aug 2018 - PKS Automation/Common/Reference Number Setter

2018-12-14 02:05:31 - [TEST_STEP][PASSED] - Statement - RefNoOldFile = new java.io.File(C://Users//Admin//Desktop//PKS//Automation Reference Point//KatalonReference.txt): null

2018-12-14 02:05:31 - [TEST_STEP][PASSED] - Statement - RefNoOldFile.delete(): null

2018-12-14 02:05:31 - [TEST_STEP][PASSED] - delay: Delayed 5 second(s)

2018-12-14 02:05:36 - [MESSAGE][PASSED] - Delayed 5 second(s)

2018-12-14 02:05:36 - [TEST_STEP][PASSED] - Statement - RefNo = new java.io.File(C://Users//Admin//Desktop//PKS//Automation Reference Point//KatalonReference.txt): null

2018-12-14 02:05:36 - [TEST_STEP][PASSED] - Statement - f2 = new java.io.FileWriter(RefNo, false): null

2018-12-14 02:05:36 - [TEST_STEP][PASSED] - Statement - f2.write(CaseReferenceNo): null

2018-12-14 02:05:36 - [TEST_STEP][PASSED] - Statement - f2.close(): null

2018-12-14 02:05:36 - [TEST_STEP][PASSED] - Statement - out.println("


" + CaseReferenceNo + "


"): null

2018-12-14 02:05:36 - [MESSAGE][PASSED] - Call Test Case 'Test Cases/Final Aug 2018 - PKS Automation/Common/Reference Number Setter' successfully

2018-12-14 02:05:36 - [TEST_STEP][PASSED] - delay: Delayed 5 second(s)

2018-12-14 02:05:41 - [MESSAGE][PASSED] - Delayed 5 second(s)

2018-12-14 02:05:41 - [TEST_STEP][PASSED] - click: Object: 'Object Repository/Final Object Repo/Page_Update Add New Employee - ASSIST/Incomplete Checkbox' is clicked on

2018-12-14 02:05:41 - [MESSAGE][PASSED] - Object: 'Object Repository/Final Object Repo/Page_Update Add New Employee - ASSIST/Incomplete Checkbox' is clicked on

2018-12-14 02:05:41 - [TEST_STEP][PASSED] - delay: Delayed 2 second(s)

2018-12-14 02:05:43 - [MESSAGE][PASSED] - Delayed 2 second(s)

2018-12-14 02:05:43 - [TEST_STEP][PASSED] - click: Object: 'Object Repository/Final Object Repo/Page_Update Add New Employee - ASSIST/Save  Continue Button' is clicked on

2018-12-14 02:05:43 - [MESSAGE][PASSED] - Object: 'Object Repository/Final Object Repo/Page_Update Add New Employee - ASSIST/Save  Continue Button' is clicked on

2018-12-14 02:05:43 - [TEST_STEP][PASSED] - delay: Delayed 4 second(s)

2018-12-14 02:05:47 - [MESSAGE][PASSED] - Delayed 4 second(s)

2018-12-14 02:05:47 - [TEST_STEP][PASSED] - click: Object: 'Object Repository/Final Object Repo/Page_Update Add New Employee - ASSIST/Save  Continue Third Screen' is clicked on

2018-12-14 02:05:50 - [MESSAGE][PASSED] - Object: 'Object Repository/Final Object Repo/Page_Update Add New Employee - ASSIST/Save  Continue Third Screen' is clicked on

2018-12-14 02:05:50 - [TEST_STEP][PASSED] - delay: Delayed 4 second(s)

2018-12-14 02:05:54 - [MESSAGE][PASSED] - Delayed 4 second(s)

2018-12-14 02:05:54 - [TEST_STEP][PASSED] - click: Object: 'Object Repository/Final Object Repo/Page_Update Add New Employee - ASSIST/Save   Continue Supporting Doc Page' is clicked on

2018-12-14 02:05:54 - [MESSAGE][PASSED] - Object: 'Object Repository/Final Object Repo/Page_Update Add New Employee - ASSIST/Save   Continue Supporting Doc Page' is clicked on

2018-12-14 02:05:54 - [TEST_STEP][PASSED] - delay: Delayed 4 second(s)

2018-12-14 02:05:58 - [MESSAGE][PASSED] - Delayed 4 second(s)

2018-12-14 02:05:58 - [TEST_STEP][PASSED] - click: Object: 'Object Repository/Final Object Repo/Page_Update Add New Employee - ASSIST/Submit Button' is clicked on

2018-12-14 02:05:59 - [MESSAGE][PASSED] - Object: 'Object Repository/Final Object Repo/Page_Update Add New Employee - ASSIST/Submit Button' is clicked on

2018-12-14 02:05:59 - [TEST_STEP][PASSED] - delay: Delayed 4 second(s)

2018-12-14 02:06:03 - [MESSAGE][PASSED] - Delayed 4 second(s)

2018-12-14 02:06:03 - [TEST_STEP][PASSED] - click: Object: 'Object Repository/Final Object Repo/Page_Update Add New Employee - ASSIST/Confirm Submit Button' is clicked on

2018-12-14 02:06:03 - [MESSAGE][PASSED] - Object: 'Object Repository/Final Object Repo/Page_Update Add New Employee - ASSIST/Confirm Submit Button' is clicked on

2018-12-14 02:06:03 - [TEST_STEP][PASSED] - delay: Delayed 20 second(s)

2018-12-14 02:06:23 - [MESSAGE][PASSED] - Delayed 20 second(s)

2018-12-14 02:06:23 - [TEST_STEP][PASSED] - callTestCase: Call Test Case 'Test Cases/Final Aug 2018 - PKS Automation/Common/Screenshoting tool' successfully

2018-12-14 02:06:23 - [TEST_CASE][PASSED] - Test Cases/Final Aug 2018 - PKS Automation/Common/Screenshoting tool: Test Cases/Final Aug 2018 - PKS Automation/Common/Screenshoting tool

2018-12-14 02:06:23 - [TEST_STEP][PASSED] - delay: Delayed 15 second(s)

2018-12-14 02:06:38 - [MESSAGE][PASSED] - Delayed 15 second(s)

2018-12-14 02:06:38 - [TEST_STEP][PASSED] - Statement - driver = com.kms.katalon.core.webui.driver.DriverFactory.getWebDriver(): null

2018-12-14 02:06:38 - [TEST_STEP][PASSED] - Statement - driver.manage().timeouts().implicitlyWait(10, SECONDS): null

2018-12-14 02:06:38 - [TEST_STEP][PASSED] - Statement - PresavePath = KatalonScreenshots: null

2018-12-14 02:06:38 - [TEST_STEP][PASSED] - Statement - pathPrefix = "C:\Users\Public\Pictures\Sample Pictures\Katalon Screenshots\Automate Ending Screen": null

2018-12-14 02:06:38 - [TEST_STEP][PASSED] - Statement - finalPath = <not implemented yet for class: org.codehaus.groovy.ast.expr.EmptyExpression>: null

2018-12-14 02:06:38 - [TEST_STEP][PASSED] - Statement - scrFile = driver.getScreenshotAs(FILE): null

2018-12-14 02:06:38 - [TEST_STEP][PASSED] - Statement - PreSaveFile = new java.io.File(PresavePath): null

2018-12-14 02:06:38 - [TEST_STEP][PASSED] - Statement - counter = 0: null

2018-12-14 02:06:38 - [TEST_STEP][PASSED] - Statement - If (PreSaveFile.exists()): null

2018-12-14 02:06:38 - [TEST_STEP][PASSED] - Statement - While (PreSaveFile.exists()): null

2018-12-14 02:06:38 - [TEST_STEP][PASSED] - Statement - counter = counter + 1: null

2018-12-14 02:06:38 - [TEST_STEP][PASSED] - Statement - PreSaveFile = new java.io.File(((pathPrefix + java.lang.Integer.toString(counter)) + .png)): null

2018-12-14 02:06:38 - [TEST_STEP][PASSED] - Statement - counter = counter + 1: null

2018-12-14 02:06:38 - [TEST_STEP][PASSED] - Statement - PreSaveFile = new java.io.File(((pathPrefix + java.lang.Integer.toString(counter)) + .png)): null

2018-12-14 02:06:38 - [TEST_STEP][PASSED] - Statement - counter = counter + 1: null

2018-12-14 02:06:38 - [TEST_STEP][PASSED] - Statement - PreSaveFile = new java.io.File(((pathPrefix + java.lang.Integer.toString(counter)) + .png)): null

2018-12-14 02:06:38 - [TEST_STEP][PASSED] - Statement - counter = counter + 1: null

2018-12-14 02:06:38 - [TEST_STEP][PASSED] - Statement - PreSaveFile = new java.io.File(((pathPrefix + java.lang.Integer.toString(counter)) + .png)): null

2018-12-14 02:06:38 - [TEST_STEP][PASSED] - Statement - counter = counter + 1: null

2018-12-14 02:06:38 - [TEST_STEP][PASSED] - Statement - PreSaveFile = new java.io.File(((pathPrefix + java.lang.Integer.toString(counter)) + .png)): null

2018-12-14 02:06:38 - [TEST_STEP][PASSED] - Statement - counter = counter + 1: null

2018-12-14 02:06:38 - [TEST_STEP][PASSED] - Statement - PreSaveFile = new java.io.File(((pathPrefix + java.lang.Integer.toString(counter)) + .png)): null

2018-12-14 02:06:38 - [TEST_STEP][PASSED] - Statement - counter = counter + 1: null

2018-12-14 02:06:38 - [TEST_STEP][PASSED] - Statement - PreSaveFile = new java.io.File(((pathPrefix + java.lang.Integer.toString(counter)) + .png)): null

2018-12-14 02:06:38 - [TEST_STEP][PASSED] - Statement - counter = counter + 1: null

2018-12-14 02:06:38 - [TEST_STEP][PASSED] - Statement - PreSaveFile = new java.io.File(((pathPrefix + java.lang.Integer.toString(counter)) + .png)): null

2018-12-14 02:06:38 - [TEST_STEP][PASSED] - Statement - counter = counter + 1: null

2018-12-14 02:06:38 - [TEST_STEP][PASSED] - Statement - PreSaveFile = new java.io.File(((pathPrefix + java.lang.Integer.toString(counter)) + .png)): null

2018-12-14 02:06:38 - [TEST_STEP][PASSED] - Statement - counter = counter + 1: null

2018-12-14 02:06:38 - [TEST_STEP][PASSED] - Statement - PreSaveFile = new java.io.File(((pathPrefix + java.lang.Integer.toString(counter)) + .png)): null

2018-12-14 02:06:38 - [TEST_STEP][PASSED] - Statement - counter = counter + 1: null

2018-12-14 02:06:38 - [TEST_STEP][PASSED] - Statement - PreSaveFile = new java.io.File(((pathPrefix + java.lang.Integer.toString(counter)) + .png)): null

2018-12-14 02:06:38 - [TEST_STEP][PASSED] - Statement - counter = counter + 1: null

2018-12-14 02:06:38 - [TEST_STEP][PASSED] - Statement - PreSaveFile = new java.io.File(((pathPrefix + java.lang.Integer.toString(counter)) + .png)): null

2018-12-14 02:06:38 - [TEST_STEP][PASSED] - Statement - counter = counter + 1: null

2018-12-14 02:06:38 - [TEST_STEP][PASSED] - Statement - PreSaveFile = new java.io.File(((pathPrefix + java.lang.Integer.toString(counter)) + .png)): null

2018-12-14 02:06:38 - [TEST_STEP][PASSED] - Statement - counter = counter + 1: null

2018-12-14 02:06:38 - [TEST_STEP][PASSED] - Statement - PreSaveFile = new java.io.File(((pathPrefix + java.lang.Integer.toString(counter)) + .png)): null

2018-12-14 02:06:38 - [TEST_STEP][PASSED] - Statement - counter = counter + 1: null

2018-12-14 02:06:38 - [TEST_STEP][PASSED] - Statement - PreSaveFile = new java.io.File(((pathPrefix + java.lang.Integer.toString(counter)) + .png)): null

2018-12-14 02:06:38 - [TEST_STEP][PASSED] - Statement - counter = counter + 1: null

2018-12-14 02:06:38 - [TEST_STEP][PASSED] - Statement - PreSaveFile = new java.io.File(((pathPrefix + java.lang.Integer.toString(counter)) + .png)): null

2018-12-14 02:06:38 - [TEST_STEP][PASSED] - Statement - counter = counter + 1: null

2018-12-14 02:06:38 - [TEST_STEP][PASSED] - Statement - PreSaveFile = new java.io.File(((pathPrefix + java.lang.Integer.toString(counter)) + .png)): null

2018-12-14 02:06:38 - [TEST_STEP][PASSED] - Statement - counter = counter + 1: null

2018-12-14 02:06:38 - [TEST_STEP][PASSED] - Statement - PreSaveFile = new java.io.File(((pathPrefix + java.lang.Integer.toString(counter)) + .png)): null

2018-12-14 02:06:38 - [TEST_STEP][PASSED] - Statement - counter = counter + 1: null

2018-12-14 02:06:38 - [TEST_STEP][PASSED] - Statement - PreSaveFile = new java.io.File(((pathPrefix + java.lang.Integer.toString(counter)) + .png)): null

2018-12-14 02:06:38 - [TEST_STEP][PASSED] - Statement - counter = counter + 1: null

2018-12-14 02:06:38 - [TEST_STEP][PASSED] - Statement - PreSaveFile = new java.io.File(((pathPrefix + java.lang.Integer.toString(counter)) + .png)): null

2018-12-14 02:06:38 - [TEST_STEP][PASSED] - Statement - counter = counter + 1: null

2018-12-14 02:06:38 - [TEST_STEP][PASSED] - Statement - PreSaveFile = new java.io.File(((pathPrefix + java.lang.Integer.toString(counter)) + .png)): null

2018-12-14 02:06:38 - [TEST_STEP][PASSED] - Statement - counter = counter + 1: null

2018-12-14 02:06:38 - [TEST_STEP][PASSED] - Statement - PreSaveFile = new java.io.File(((pathPrefix + java.lang.Integer.toString(counter)) + .png)): null

2018-12-14 02:06:38 - [TEST_STEP][PASSED] - Statement - counter = counter + 1: null

2018-12-14 02:06:38 - [TEST_STEP][PASSED] - Statement - PreSaveFile = new java.io.File(((pathPrefix + java.lang.Integer.toString(counter)) + .png)): null

2018-12-14 02:06:38 - [TEST_STEP][PASSED] - Statement - counter = counter + 1: null

2018-12-14 02:06:38 - [TEST_STEP][PASSED] - Statement - PreSaveFile = new java.io.File(((pathPrefix + java.lang.Integer.toString(counter)) + .png)): null

2018-12-14 02:06:38 - [TEST_STEP][PASSED] - Statement - counter = counter + 1: null

2018-12-14 02:06:38 - [TEST_STEP][PASSED] - Statement - PreSaveFile = new java.io.File(((pathPrefix + java.lang.Integer.toString(counter)) + .png)): null

2018-12-14 02:06:38 - [TEST_STEP][PASSED] - Statement - counter = counter + 1: null

2018-12-14 02:06:38 - [TEST_STEP][PASSED] - Statement - PreSaveFile = new java.io.File(((pathPrefix + java.lang.Integer.toString(counter)) + .png)): null

2018-12-14 02:06:38 - [TEST_STEP][PASSED] - Statement - counter = counter + 1: null

2018-12-14 02:06:38 - [TEST_STEP][PASSED] - Statement - PreSaveFile = new java.io.File(((pathPrefix + java.lang.Integer.toString(counter)) + .png)): null

2018-12-14 02:06:38 - [TEST_STEP][PASSED] - Statement - counter = counter + 1: null

2018-12-14 02:06:38 - [TEST_STEP][PASSED] - Statement - PreSaveFile = new java.io.File(((pathPrefix + java.lang.Integer.toString(counter)) + .png)): null

2018-12-14 02:06:38 - [TEST_STEP][PASSED] - Statement - counter = counter + 1: null

2018-12-14 02:06:38 - [TEST_STEP][PASSED] - Statement - PreSaveFile = new java.io.File(((pathPrefix + java.lang.Integer.toString(counter)) + .png)): null

2018-12-14 02:06:38 - [TEST_STEP][PASSED] - Statement - counter = counter + 1: null

2018-12-14 02:06:38 - [TEST_STEP][PASSED] - Statement - PreSaveFile = new java.io.File(((pathPrefix + java.lang.Integer.toString(counter)) + .png)): null

2018-12-14 02:06:38 - [TEST_STEP][PASSED] - Statement - counter = counter + 1: null

2018-12-14 02:06:38 - [TEST_STEP][PASSED] - Statement - PreSaveFile = new java.io.File(((pathPrefix + java.lang.Integer.toString(counter)) + .png)): null

2018-12-14 02:06:38 - [TEST_STEP][PASSED] - Statement - counter = counter + 1: null

2018-12-14 02:06:38 - [TEST_STEP][PASSED] - Statement - PreSaveFile = new java.io.File(((pathPrefix + java.lang.Integer.toString(counter)) + .png)): null

2018-12-14 02:06:38 - [TEST_STEP][PASSED] - Statement - counter = counter + 1: null

2018-12-14 02:06:38 - [TEST_STEP][PASSED] - Statement - PreSaveFile = new java.io.File(((pathPrefix + java.lang.Integer.toString(counter)) + .png)): null

2018-12-14 02:06:38 - [TEST_STEP][PASSED] - Statement - counter = counter + 1: null

2018-12-14 02:06:38 - [TEST_STEP][PASSED] - Statement - PreSaveFile = new java.io.File(((pathPrefix + java.lang.Integer.toString(counter)) + .png)): null

2018-12-14 02:06:38 - [TEST_STEP][PASSED] - Statement - counter = counter + 1: null

2018-12-14 02:06:38 - [TEST_STEP][PASSED] - Statement - PreSaveFile = new java.io.File(((pathPrefix + java.lang.Integer.toString(counter)) + .png)): null

2018-12-14 02:06:38 - [TEST_STEP][PASSED] - Statement - counter = counter + 1: null

2018-12-14 02:06:38 - [TEST_STEP][PASSED] - Statement - PreSaveFile = new java.io.File(((pathPrefix + java.lang.Integer.toString(counter)) + .png)): null

2018-12-14 02:06:38 - [TEST_STEP][PASSED] - Statement - counter = counter + 1: null

2018-12-14 02:06:38 - [TEST_STEP][PASSED] - Statement - PreSaveFile = new java.io.File(((pathPrefix + java.lang.Integer.toString(counter)) + .png)): null

2018-12-14 02:06:38 - [TEST_STEP][PASSED] - Statement - counter = counter + 1: null

2018-12-14 02:06:38 - [TEST_STEP][PASSED] - Statement - PreSaveFile = new java.io.File(((pathPrefix + java.lang.Integer.toString(counter)) + .png)): null

2018-12-14 02:06:38 - [TEST_STEP][PASSED] - Statement - counter = counter + 1: null

2018-12-14 02:06:38 - [TEST_STEP][PASSED] - Statement - PreSaveFile = new java.io.File(((pathPrefix + java.lang.Integer.toString(counter)) + .png)): null

2018-12-14 02:06:38 - [TEST_STEP][PASSED] - Statement - counter = counter + 1: null

2018-12-14 02:06:38 - [TEST_STEP][PASSED] - Statement - PreSaveFile = new java.io.File(((pathPrefix + java.lang.Integer.toString(counter)) + .png)): null

2018-12-14 02:06:38 - [TEST_STEP][PASSED] - Statement - counter = counter + 1: null

2018-12-14 02:06:38 - [TEST_STEP][PASSED] - Statement - PreSaveFile = new java.io.File(((pathPrefix + java.lang.Integer.toString(counter)) + .png)): null

2018-12-14 02:06:38 - [TEST_STEP][PASSED] - Statement - counter = counter + 1: null

2018-12-14 02:06:38 - [TEST_STEP][PASSED] - Statement - PreSaveFile = new java.io.File(((pathPrefix + java.lang.Integer.toString(counter)) + .png)): null

2018-12-14 02:06:38 - [TEST_STEP][PASSED] - Statement - counter = counter + 1: null

2018-12-14 02:06:38 - [TEST_STEP][PASSED] - Statement - PreSaveFile = new java.io.File(((pathPrefix + java.lang.Integer.toString(counter)) + .png)): null

2018-12-14 02:06:38 - [TEST_STEP][PASSED] - Statement - counter = counter + 1: null

2018-12-14 02:06:38 - [TEST_STEP][PASSED] - Statement - PreSaveFile = new java.io.File(((pathPrefix + java.lang.Integer.toString(counter)) + .png)): null

2018-12-14 02:06:38 - [TEST_STEP][PASSED] - Statement - counter = counter + 1: null

2018-12-14 02:06:38 - [TEST_STEP][PASSED] - Statement - PreSaveFile = new java.io.File(((pathPrefix + java.lang.Integer.toString(counter)) + .png)): null

2018-12-14 02:06:38 - [TEST_STEP][PASSED] - Statement - counter = counter + 1: null

2018-12-14 02:06:38 - [TEST_STEP][PASSED] - Statement - PreSaveFile = new java.io.File(((pathPrefix + java.lang.Integer.toString(counter)) + .png)): null

2018-12-14 02:06:38 - [TEST_STEP][PASSED] - Statement - counter = counter + 1: null

2018-12-14 02:06:38 - [TEST_STEP][PASSED] - Statement - PreSaveFile = new java.io.File(((pathPrefix + java.lang.Integer.toString(counter)) + .png)): null

2018-12-14 02:06:38 - [TEST_STEP][PASSED] - Statement - counter = counter + 1: null

2018-12-14 02:06:38 - [TEST_STEP][PASSED] - Statement - PreSaveFile = new java.io.File(((pathPrefix + java.lang.Integer.toString(counter)) + .png)): null

2018-12-14 02:06:38 - [TEST_STEP][PASSED] - Statement - counter = counter + 1: null

2018-12-14 02:06:38 - [TEST_STEP][PASSED] - Statement - PreSaveFile = new java.io.File(((pathPrefix + java.lang.Integer.toString(counter)) + .png)): null

2018-12-14 02:06:38 - [TEST_STEP][PASSED] - Statement - counter = counter + 1: null

2018-12-14 02:06:38 - [TEST_STEP][PASSED] - Statement - PreSaveFile = new java.io.File(((pathPrefix + java.lang.Integer.toString(counter)) + .png)): null

2018-12-14 02:06:38 - [TEST_STEP][PASSED] - Statement - counter = counter + 1: null

2018-12-14 02:06:38 - [TEST_STEP][PASSED] - Statement - PreSaveFile = new java.io.File(((pathPrefix + java.lang.Integer.toString(counter)) + .png)): null

2018-12-14 02:06:38 - [TEST_STEP][PASSED] - Statement - counter = counter + 1: null

2018-12-14 02:06:38 - [TEST_STEP][PASSED] - Statement - PreSaveFile = new java.io.File(((pathPrefix + java.lang.Integer.toString(counter)) + .png)): null

2018-12-14 02:06:38 - [TEST_STEP][PASSED] - Statement - counter = counter + 1: null

2018-12-14 02:06:38 - [TEST_STEP][PASSED] - Statement - PreSaveFile = new java.io.File(((pathPrefix + java.lang.Integer.toString(counter)) + .png)): null

2018-12-14 02:06:38 - [TEST_STEP][PASSED] - Statement - counter = counter + 1: null

2018-12-14 02:06:38 - [TEST_STEP][PASSED] - Statement - PreSaveFile = new java.io.File(((pathPrefix + java.lang.Integer.toString(counter)) + .png)): null

2018-12-14 02:06:38 - [TEST_STEP][PASSED] - Statement - counter = counter + 1: null

2018-12-14 02:06:38 - [TEST_STEP][PASSED] - Statement - PreSaveFile = new java.io.File(((pathPrefix + java.lang.Integer.toString(counter)) + .png)): null

2018-12-14 02:06:38 - [TEST_STEP][PASSED] - Statement - counter = counter + 1: null

2018-12-14 02:06:38 - [TEST_STEP][PASSED] - Statement - PreSaveFile = new java.io.File(((pathPrefix + java.lang.Integer.toString(counter)) + .png)): null

2018-12-14 02:06:38 - [TEST_STEP][PASSED] - Statement - counter = counter + 1: null

2018-12-14 02:06:38 - [TEST_STEP][PASSED] - Statement - PreSaveFile = new java.io.File(((pathPrefix + java.lang.Integer.toString(counter)) + .png)): null

2018-12-14 02:06:38 - [TEST_STEP][PASSED] - Statement - counter = counter + 1: null

2018-12-14 02:06:38 - [TEST_STEP][PASSED] - Statement - PreSaveFile = new java.io.File(((pathPrefix + java.lang.Integer.toString(counter)) + .png)): null

2018-12-14 02:06:38 - [TEST_STEP][PASSED] - Statement - counter = counter + 1: null

2018-12-14 02:06:38 - [TEST_STEP][PASSED] - Statement - PreSaveFile = new java.io.File(((pathPrefix + java.lang.Integer.toString(counter)) + .png)): null

2018-12-14 02:06:38 - [TEST_STEP][PASSED] - Statement - counter = counter + 1: null

2018-12-14 02:06:38 - [TEST_STEP][PASSED] - Statement - PreSaveFile = new java.io.File(((pathPrefix + java.lang.Integer.toString(counter)) + .png)): null

2018-12-14 02:06:38 - [TEST_STEP][PASSED] - Statement - counter = counter + 1: null

2018-12-14 02:06:38 - [TEST_STEP][PASSED] - Statement - PreSaveFile = new java.io.File(((pathPrefix + java.lang.Integer.toString(counter)) + .png)): null

2018-12-14 02:06:38 - [TEST_STEP][PASSED] - Statement - counter = counter + 1: null

2018-12-14 02:06:38 - [TEST_STEP][PASSED] - Statement - PreSaveFile = new java.io.File(((pathPrefix + java.lang.Integer.toString(counter)) + .png)): null

2018-12-14 02:06:38 - [TEST_STEP][PASSED] - Statement - counter = counter + 1: null

2018-12-14 02:06:38 - [TEST_STEP][PASSED] - Statement - PreSaveFile = new java.io.File(((pathPrefix + java.lang.Integer.toString(counter)) + .png)): null

2018-12-14 02:06:38 - [TEST_STEP][PASSED] - Statement - counter = counter + 1: null

2018-12-14 02:06:38 - [TEST_STEP][PASSED] - Statement - PreSaveFile = new java.io.File(((pathPrefix + java.lang.Integer.toString(counter)) + .png)): null

2018-12-14 02:06:38 - [TEST_STEP][PASSED] - Statement - counter = counter + 1: null

2018-12-14 02:06:38 - [TEST_STEP][PASSED] - Statement - PreSaveFile = new java.io.File(((pathPrefix + java.lang.Integer.toString(counter)) + .png)): null

2018-12-14 02:06:38 - [TEST_STEP][PASSED] - Statement - counter = counter + 1: null

2018-12-14 02:06:38 - [TEST_STEP][PASSED] - Statement - PreSaveFile = new java.io.File(((pathPrefix + java.lang.Integer.toString(counter)) + .png)): null

2018-12-14 02:06:38 - [TEST_STEP][PASSED] - Statement - counter = counter + 1: null

2018-12-14 02:06:38 - [TEST_STEP][PASSED] - Statement - PreSaveFile = new java.io.File(((pathPrefix + java.lang.Integer.toString(counter)) + .png)): null

2018-12-14 02:06:38 - [TEST_STEP][PASSED] - Statement - counter = counter + 1: null

2018-12-14 02:06:38 - [TEST_STEP][PASSED] - Statement - PreSaveFile = new java.io.File(((pathPrefix + java.lang.Integer.toString(counter)) + .png)): null

2018-12-14 02:06:38 - [TEST_STEP][PASSED] - Statement - counter = counter + 1: null

2018-12-14 02:06:38 - [TEST_STEP][PASSED] - Statement - PreSaveFile = new java.io.File(((pathPrefix + java.lang.Integer.toString(counter)) + .png)): null

2018-12-14 02:06:38 - [TEST_STEP][PASSED] - Statement - counter = counter + 1: null

2018-12-14 02:06:38 - [TEST_STEP][PASSED] - Statement - PreSaveFile = new java.io.File(((pathPrefix + java.lang.Integer.toString(counter)) + .png)): null

2018-12-14 02:06:38 - [TEST_STEP][PASSED] - Statement - counter = counter + 1: null

2018-12-14 02:06:38 - [TEST_STEP][PASSED] - Statement - PreSaveFile = new java.io.File(((pathPrefix + java.lang.Integer.toString(counter)) + .png)): null

2018-12-14 02:06:38 - [TEST_STEP][PASSED] - Statement - counter = counter + 1: null

2018-12-14 02:06:38 - [TEST_STEP][PASSED] - Statement - PreSaveFile = new java.io.File(((pathPrefix + java.lang.Integer.toString(counter)) + .png)): null

2018-12-14 02:06:38 - [TEST_STEP][PASSED] - Statement - counter = counter + 1: null

2018-12-14 02:06:38 - [TEST_STEP][PASSED] - Statement - PreSaveFile = new java.io.File(((pathPrefix + java.lang.Integer.toString(counter)) + .png)): null

2018-12-14 02:06:38 - [TEST_STEP][PASSED] - Statement - counter = counter + 1: null

2018-12-14 02:06:38 - [TEST_STEP][PASSED] - Statement - PreSaveFile = new java.io.File(((pathPrefix + java.lang.Integer.toString(counter)) + .png)): null

2018-12-14 02:06:38 - [TEST_STEP][PASSED] - Statement - counter = counter + 1: null

2018-12-14 02:06:38 - [TEST_STEP][PASSED] - Statement - PreSaveFile = new java.io.File(((pathPrefix + java.lang.Integer.toString(counter)) + .png)): null

2018-12-14 02:06:38 - [TEST_STEP][PASSED] - Statement - counter = counter + 1: null

2018-12-14 02:06:38 - [TEST_STEP][PASSED] - Statement - PreSaveFile = new java.io.File(((pathPrefix + java.lang.Integer.toString(counter)) + .png)): null

2018-12-14 02:06:38 - [TEST_STEP][PASSED] - Statement - counter = counter + 1: null

2018-12-14 02:06:38 - [TEST_STEP][PASSED] - Statement - PreSaveFile = new java.io.File(((pathPrefix + java.lang.Integer.toString(counter)) + .png)): null

2018-12-14 02:06:38 - [TEST_STEP][PASSED] - Statement - counter = counter + 1: null

2018-12-14 02:06:38 - [TEST_STEP][PASSED] - Statement - PreSaveFile = new java.io.File(((pathPrefix + java.lang.Integer.toString(counter)) + .png)): null

2018-12-14 02:06:38 - [TEST_STEP][PASSED] - Statement - counter = counter + 1: null

2018-12-14 02:06:38 - [TEST_STEP][PASSED] - Statement - PreSaveFile = new java.io.File(((pathPrefix + java.lang.Integer.toString(counter)) + .png)): null

2018-12-14 02:06:38 - [TEST_STEP][PASSED] - Statement - counter = counter + 1: null

2018-12-14 02:06:38 - [TEST_STEP][PASSED] - Statement - PreSaveFile = new java.io.File(((pathPrefix + java.lang.Integer.toString(counter)) + .png)): null

2018-12-14 02:06:38 - [TEST_STEP][PASSED] - Statement - counter = counter + 1: null

2018-12-14 02:06:38 - [TEST_STEP][PASSED] - Statement - PreSaveFile = new java.io.File(((pathPrefix + java.lang.Integer.toString(counter)) + .png)): null

2018-12-14 02:06:38 - [TEST_STEP][PASSED] - Statement - counter = counter + 1: null

2018-12-14 02:06:38 - [TEST_STEP][PASSED] - Statement - PreSaveFile = new java.io.File(((pathPrefix + java.lang.Integer.toString(counter)) + .png)): null

2018-12-14 02:06:38 - [TEST_STEP][PASSED] - Statement - counter = counter + 1: null

2018-12-14 02:06:38 - [TEST_STEP][PASSED] - Statement - PreSaveFile = new java.io.File(((pathPrefix + java.lang.Integer.toString(counter)) + .png)): null

2018-12-14 02:06:38 - [TEST_STEP][PASSED] - Statement - counter = counter + 1: null

2018-12-14 02:06:38 - [TEST_STEP][PASSED] - Statement - PreSaveFile = new java.io.File(((pathPrefix + java.lang.Integer.toString(counter)) + .png)): null

2018-12-14 02:06:38 - [TEST_STEP][PASSED] - Statement - counter = counter + 1: null

2018-12-14 02:06:38 - [TEST_STEP][PASSED] - Statement - PreSaveFile = new java.io.File(((pathPrefix + java.lang.Integer.toString(counter)) + .png)): null

2018-12-14 02:06:38 - [TEST_STEP][PASSED] - Statement - counter = counter + 1: null

2018-12-14 02:06:38 - [TEST_STEP][PASSED] - Statement - PreSaveFile = new java.io.File(((pathPrefix + java.lang.Integer.toString(counter)) + .png)): null

2018-12-14 02:06:38 - [TEST_STEP][PASSED] - Statement - counter = counter + 1: null

2018-12-14 02:06:38 - [TEST_STEP][PASSED] - Statement - PreSaveFile = new java.io.File(((pathPrefix + java.lang.Integer.toString(counter)) + .png)): null

2018-12-14 02:06:38 - [TEST_STEP][PASSED] - Statement - counter = counter + 1: null

2018-12-14 02:06:38 - [TEST_STEP][PASSED] - Statement - PreSaveFile = new java.io.File(((pathPrefix + java.lang.Integer.toString(counter)) + .png)): null

2018-12-14 02:06:38 - [TEST_STEP][PASSED] - Statement - counter = counter + 1: null

2018-12-14 02:06:38 - [TEST_STEP][PASSED] - Statement - PreSaveFile = new java.io.File(((pathPrefix + java.lang.Integer.toString(counter)) + .png)): null

2018-12-14 02:06:38 - [TEST_STEP][PASSED] - Statement - counter = counter + 1: null

2018-12-14 02:06:38 - [TEST_STEP][PASSED] - Statement - PreSaveFile = new java.io.File(((pathPrefix + java.lang.Integer.toString(counter)) + .png)): null

2018-12-14 02:06:38 - [TEST_STEP][PASSED] - Statement - counter = counter + 1: null

2018-12-14 02:06:38 - [TEST_STEP][PASSED] - Statement - PreSaveFile = new java.io.File(((pathPrefix + java.lang.Integer.toString(counter)) + .png)): null

2018-12-14 02:06:38 - [TEST_STEP][PASSED] - Statement - counter = counter + 1: null

2018-12-14 02:06:38 - [TEST_STEP][PASSED] - Statement - PreSaveFile = new java.io.File(((pathPrefix + java.lang.Integer.toString(counter)) + .png)): null

2018-12-14 02:06:38 - [TEST_STEP][PASSED] - Statement - counter = counter + 1: null

2018-12-14 02:06:38 - [TEST_STEP][PASSED] - Statement - PreSaveFile = new java.io.File(((pathPrefix + java.lang.Integer.toString(counter)) + .png)): null

2018-12-14 02:06:38 - [TEST_STEP][PASSED] - Statement - counter = counter + 1: null

2018-12-14 02:06:38 - [TEST_STEP][PASSED] - Statement - PreSaveFile = new java.io.File(((pathPrefix + java.lang.Integer.toString(counter)) + .png)): null

2018-12-14 02:06:38 - [TEST_STEP][PASSED] - Statement - counter = counter + 1: null

2018-12-14 02:06:38 - [TEST_STEP][PASSED] - Statement - PreSaveFile = new java.io.File(((pathPrefix + java.lang.Integer.toString(counter)) + .png)): null

2018-12-14 02:06:38 - [TEST_STEP][PASSED] - Statement - counter = counter + 1: null

2018-12-14 02:06:38 - [TEST_STEP][PASSED] - Statement - PreSaveFile = new java.io.File(((pathPrefix + java.lang.Integer.toString(counter)) + .png)): null

2018-12-14 02:06:38 - [TEST_STEP][PASSED] - Statement - counter = counter + 1: null

2018-12-14 02:06:38 - [TEST_STEP][PASSED] - Statement - PreSaveFile = new java.io.File(((pathPrefix + java.lang.Integer.toString(counter)) + .png)): null

2018-12-14 02:06:38 - [TEST_STEP][PASSED] - Statement - counter = counter + 1: null

2018-12-14 02:06:38 - [TEST_STEP][PASSED] - Statement - PreSaveFile = new java.io.File(((pathPrefix + java.lang.Integer.toString(counter)) + .png)): null

2018-12-14 02:06:38 - [TEST_STEP][PASSED] - Statement - counter = counter + 1: null

2018-12-14 02:06:38 - [TEST_STEP][PASSED] - Statement - PreSaveFile = new java.io.File(((pathPrefix + java.lang.Integer.toString(counter)) + .png)): null

2018-12-14 02:06:38 - [TEST_STEP][PASSED] - Statement - counter = counter + 1: null

2018-12-14 02:06:38 - [TEST_STEP][PASSED] - Statement - PreSaveFile = new java.io.File(((pathPrefix + java.lang.Integer.toString(counter)) + .png)): null

2018-12-14 02:06:38 - [TEST_STEP][PASSED] - Statement - counter = counter + 1: null

2018-12-14 02:06:38 - [TEST_STEP][PASSED] - Statement - PreSaveFile = new java.io.File(((pathPrefix + java.lang.Integer.toString(counter)) + .png)): null

2018-12-14 02:06:38 - [TEST_STEP][PASSED] - Statement - counter = counter + 1: null

2018-12-14 02:06:38 - [TEST_STEP][PASSED] - Statement - PreSaveFile = new java.io.File(((pathPrefix + java.lang.Integer.toString(counter)) + .png)): null

2018-12-14 02:06:38 - [TEST_STEP][PASSED] - Statement - counter = counter + 1: null

2018-12-14 02:06:38 - [TEST_STEP][PASSED] - Statement - PreSaveFile = new java.io.File(((pathPrefix + java.lang.Integer.toString(counter)) + .png)): null

2018-12-14 02:06:38 - [TEST_STEP][PASSED] - Statement - counter = counter + 1: null

2018-12-14 02:06:38 - [TEST_STEP][PASSED] - Statement - PreSaveFile = new java.io.File(((pathPrefix + java.lang.Integer.toString(counter)) + .png)): null

2018-12-14 02:06:38 - [TEST_STEP][PASSED] - Statement - counter = counter + 1: null

2018-12-14 02:06:38 - [TEST_STEP][PASSED] - Statement - PreSaveFile = new java.io.File(((pathPrefix + java.lang.Integer.toString(counter)) + .png)): null

2018-12-14 02:06:38 - [TEST_STEP][PASSED] - Statement - counter = counter + 1: null

2018-12-14 02:06:38 - [TEST_STEP][PASSED] - Statement - PreSaveFile = new java.io.File(((pathPrefix + java.lang.Integer.toString(counter)) + .png)): null

2018-12-14 02:06:38 - [TEST_STEP][PASSED] - Statement - counter = counter + 1: null

2018-12-14 02:06:38 - [TEST_STEP][PASSED] - Statement - PreSaveFile = new java.io.File(((pathPrefix + java.lang.Integer.toString(counter)) + .png)): null

2018-12-14 02:06:38 - [TEST_STEP][PASSED] - Statement - counter = counter + 1: null

2018-12-14 02:06:38 - [TEST_STEP][PASSED] - Statement - PreSaveFile = new java.io.File(((pathPrefix + java.lang.Integer.toString(counter)) + .png)): null

2018-12-14 02:06:38 - [TEST_STEP][PASSED] - Statement - counter = counter + 1: null

2018-12-14 02:06:39 - [TEST_STEP][PASSED] - Statement - PreSaveFile = new java.io.File(((pathPrefix + java.lang.Integer.toString(counter)) + .png)): null

2018-12-14 02:06:39 - [TEST_STEP][PASSED] - Statement - counter = counter + 1: null

2018-12-14 02:06:39 - [TEST_STEP][PASSED] - Statement - PreSaveFile = new java.io.File(((pathPrefix + java.lang.Integer.toString(counter)) + .png)): null

2018-12-14 02:06:39 - [TEST_STEP][PASSED] - Statement - counter = counter + 1: null

2018-12-14 02:06:39 - [TEST_STEP][PASSED] - Statement - PreSaveFile = new java.io.File(((pathPrefix + java.lang.Integer.toString(counter)) + .png)): null

2018-12-14 02:06:39 - [TEST_STEP][PASSED] - Statement - counter = counter + 1: null

2018-12-14 02:06:39 - [TEST_STEP][PASSED] - Statement - PreSaveFile = new java.io.File(((pathPrefix + java.lang.Integer.toString(counter)) + .png)): null

2018-12-14 02:06:39 - [TEST_STEP][PASSED] - Statement - counter = counter + 1: null

2018-12-14 02:06:39 - [TEST_STEP][PASSED] - Statement - PreSaveFile = new java.io.File(((pathPrefix + java.lang.Integer.toString(counter)) + .png)): null

2018-12-14 02:06:39 - [TEST_STEP][PASSED] - Statement - counter = counter + 1: null

2018-12-14 02:06:39 - [TEST_STEP][PASSED] - Statement - PreSaveFile = new java.io.File(((pathPrefix + java.lang.Integer.toString(counter)) + .png)): null

2018-12-14 02:06:39 - [TEST_STEP][PASSED] - Statement - counter = counter + 1: null

2018-12-14 02:06:39 - [TEST_STEP][PASSED] - Statement - PreSaveFile = new java.io.File(((pathPrefix + java.lang.Integer.toString(counter)) + .png)): null

2018-12-14 02:06:39 - [TEST_STEP][PASSED] - Statement - counter = counter + 1: null

2018-12-14 02:06:39 - [TEST_STEP][PASSED] - Statement - PreSaveFile = new java.io.File(((pathPrefix + java.lang.Integer.toString(counter)) + .png)): null

2018-12-14 02:06:39 - [TEST_STEP][PASSED] - Statement - counter = counter + 1: null

2018-12-14 02:06:39 - [TEST_STEP][PASSED] - Statement - PreSaveFile = new java.io.File(((pathPrefix + java.lang.Integer.toString(counter)) + .png)): null

2018-12-14 02:06:39 - [TEST_STEP][PASSED] - Statement - counter = counter + 1: null

2018-12-14 02:06:39 - [TEST_STEP][PASSED] - Statement - PreSaveFile = new java.io.File(((pathPrefix + java.lang.Integer.toString(counter)) + .png)): null

2018-12-14 02:06:39 - [TEST_STEP][PASSED] - Statement - counter = counter + 1: null

2018-12-14 02:06:39 - [TEST_STEP][PASSED] - Statement - PreSaveFile = new java.io.File(((pathPrefix + java.lang.Integer.toString(counter)) + .png)): null

2018-12-14 02:06:39 - [TEST_STEP][PASSED] - Statement - counter = counter + 1: null

2018-12-14 02:06:39 - [TEST_STEP][PASSED] - Statement - PreSaveFile = new java.io.File(((pathPrefix + java.lang.Integer.toString(counter)) + .png)): null

2018-12-14 02:06:39 - [TEST_STEP][PASSED] - Statement - counter = counter + 1: null

2018-12-14 02:06:39 - [TEST_STEP][PASSED] - Statement - PreSaveFile = new java.io.File(((pathPrefix + java.lang.Integer.toString(counter)) + .png)): null

2018-12-14 02:06:39 - [TEST_STEP][PASSED] - Statement - counter = counter + 1: null

2018-12-14 02:06:39 - [TEST_STEP][PASSED] - Statement - PreSaveFile = new java.io.File(((pathPrefix + java.lang.Integer.toString(counter)) + .png)): null

2018-12-14 02:06:39 - [TEST_STEP][PASSED] - Statement - counter = counter + 1: null

2018-12-14 02:06:39 - [TEST_STEP][PASSED] - Statement - PreSaveFile = new java.io.File(((pathPrefix + java.lang.Integer.toString(counter)) + .png)): null

2018-12-14 02:06:39 - [TEST_STEP][PASSED] - Statement - counter = counter + 1: null

2018-12-14 02:06:39 - [TEST_STEP][PASSED] - Statement - PreSaveFile = new java.io.File(((pathPrefix + java.lang.Integer.toString(counter)) + .png)): null

2018-12-14 02:06:39 - [TEST_STEP][PASSED] - Statement - counter = counter + 1: null

2018-12-14 02:06:39 - [TEST_STEP][PASSED] - Statement - PreSaveFile = new java.io.File(((pathPrefix + java.lang.Integer.toString(counter)) + .png)): null

2018-12-14 02:06:39 - [TEST_STEP][PASSED] - Statement - counter = counter + 1: null

2018-12-14 02:06:39 - [TEST_STEP][PASSED] - Statement - PreSaveFile = new java.io.File(((pathPrefix + java.lang.Integer.toString(counter)) + .png)): null

2018-12-14 02:06:39 - [TEST_STEP][PASSED] - Statement - counter = counter + 1: null

2018-12-14 02:06:39 - [TEST_STEP][PASSED] - Statement - PreSaveFile = new java.io.File(((pathPrefix + java.lang.Integer.toString(counter)) + .png)): null

2018-12-14 02:06:39 - [TEST_STEP][PASSED] - Statement - counter = counter + 1: null

2018-12-14 02:06:39 - [TEST_STEP][PASSED] - Statement - PreSaveFile = new java.io.File(((pathPrefix + java.lang.Integer.toString(counter)) + .png)): null

2018-12-14 02:06:39 - [TEST_STEP][PASSED] - Statement - counter = counter + 1: null

2018-12-14 02:06:39 - [TEST_STEP][PASSED] - Statement - PreSaveFile = new java.io.File(((pathPrefix + java.lang.Integer.toString(counter)) + .png)): null

2018-12-14 02:06:39 - [TEST_STEP][PASSED] - Statement - counter = counter + 1: null

2018-12-14 02:06:39 - [TEST_STEP][PASSED] - Statement - PreSaveFile = new java.io.File(((pathPrefix + java.lang.Integer.toString(counter)) + .png)): null

2018-12-14 02:06:39 - [TEST_STEP][PASSED] - Statement - counter = counter + 1: null

2018-12-14 02:06:39 - [TEST_STEP][PASSED] - Statement - PreSaveFile = new java.io.File(((pathPrefix + java.lang.Integer.toString(counter)) + .png)): null

2018-12-14 02:06:39 - [TEST_STEP][PASSED] - Statement - counter = counter + 1: null

2018-12-14 02:06:39 - [TEST_STEP][PASSED] - Statement - PreSaveFile = new java.io.File(((pathPrefix + java.lang.Integer.toString(counter)) + .png)): null

2018-12-14 02:06:39 - [TEST_STEP][PASSED] - Statement - counter = counter + 1: null

2018-12-14 02:06:39 - [TEST_STEP][PASSED] - Statement - PreSaveFile = new java.io.File(((pathPrefix + java.lang.Integer.toString(counter)) + .png)): null

2018-12-14 02:06:39 - [TEST_STEP][PASSED] - Statement - counter = counter + 1: null

2018-12-14 02:06:39 - [TEST_STEP][PASSED] - Statement - PreSaveFile = new java.io.File(((pathPrefix + java.lang.Integer.toString(counter)) + .png)): null

2018-12-14 02:06:39 - [TEST_STEP][PASSED] - Statement - counter = counter + 1: null

2018-12-14 02:06:39 - [TEST_STEP][PASSED] - Statement - PreSaveFile = new java.io.File(((pathPrefix + java.lang.Integer.toString(counter)) + .png)): null

2018-12-14 02:06:39 - [TEST_STEP][PASSED] - Statement - counter = counter + 1: null

2018-12-14 02:06:39 - [TEST_STEP][PASSED] - Statement - PreSaveFile = new java.io.File(((pathPrefix + java.lang.Integer.toString(counter)) + .png)): null

2018-12-14 02:06:39 - [TEST_STEP][PASSED] - Statement - counter = counter + 1: null

2018-12-14 02:06:39 - [TEST_STEP][PASSED] - Statement - PreSaveFile = new java.io.File(((pathPrefix + java.lang.Integer.toString(counter)) + .png)): null

2018-12-14 02:06:39 - [TEST_STEP][PASSED] - Statement - counter = counter + 1: null

2018-12-14 02:06:39 - [TEST_STEP][PASSED] - Statement - PreSaveFile = new java.io.File(((pathPrefix + java.lang.Integer.toString(counter)) + .png)): null

2018-12-14 02:06:39 - [TEST_STEP][PASSED] - Statement - counter = counter + 1: null

2018-12-14 02:06:39 - [TEST_STEP][PASSED] - Statement - PreSaveFile = new java.io.File(((pathPrefix + java.lang.Integer.toString(counter)) + .png)): null

2018-12-14 02:06:39 - [TEST_STEP][PASSED] - Statement - counter = counter + 1: null

2018-12-14 02:06:39 - [TEST_STEP][PASSED] - Statement - PreSaveFile = new java.io.File(((pathPrefix + java.lang.Integer.toString(counter)) + .png)): null

2018-12-14 02:06:39 - [TEST_STEP][PASSED] - Statement - counter = counter + 1: null

2018-12-14 02:06:39 - [TEST_STEP][PASSED] - Statement - PreSaveFile = new java.io.File(((pathPrefix + java.lang.Integer.toString(counter)) + .png)): null

2018-12-14 02:06:39 - [TEST_STEP][PASSED] - Statement - counter = counter + 1: null

2018-12-14 02:06:39 - [TEST_STEP][PASSED] - Statement - PreSaveFile = new java.io.File(((pathPrefix + java.lang.Integer.toString(counter)) + .png)): null

2018-12-14 02:06:39 - [TEST_STEP][PASSED] - Statement - counter = counter + 1: null

2018-12-14 02:06:39 - [TEST_STEP][PASSED] - Statement - PreSaveFile = new java.io.File(((pathPrefix + java.lang.Integer.toString(counter)) + .png)): null

2018-12-14 02:06:39 - [TEST_STEP][PASSED] - Statement - counter = counter + 1: null

2018-12-14 02:06:39 - [TEST_STEP][PASSED] - Statement - PreSaveFile = new java.io.File(((pathPrefix + java.lang.Integer.toString(counter)) + .png)): null

2018-12-14 02:06:39 - [TEST_STEP][PASSED] - Statement - counter = counter + 1: null

2018-12-14 02:06:39 - [TEST_STEP][PASSED] - Statement - PreSaveFile = new java.io.File(((pathPrefix + java.lang.Integer.toString(counter)) + .png)): null

2018-12-14 02:06:39 - [TEST_STEP][PASSED] - Statement - counter = counter + 1: null

2018-12-14 02:06:39 - [TEST_STEP][PASSED] - Statement - PreSaveFile = new java.io.File(((pathPrefix + java.lang.Integer.toString(counter)) + .png)): null

2018-12-14 02:06:39 - [TEST_STEP][PASSED] - Statement - counter = counter + 1: null

2018-12-14 02:06:39 - [TEST_STEP][PASSED] - Statement - PreSaveFile = new java.io.File(((pathPrefix + java.lang.Integer.toString(counter)) + .png)): null

2018-12-14 02:06:39 - [TEST_STEP][PASSED] - Statement - counter = counter + 1: null

2018-12-14 02:06:39 - [TEST_STEP][PASSED] - Statement - PreSaveFile = new java.io.File(((pathPrefix + java.lang.Integer.toString(counter)) + .png)): null

2018-12-14 02:06:39 - [TEST_STEP][PASSED] - Statement - counter = counter + 1: null

2018-12-14 02:06:39 - [TEST_STEP][PASSED] - Statement - PreSaveFile = new java.io.File(((pathPrefix + java.lang.Integer.toString(counter)) + .png)): null

2018-12-14 02:06:39 - [TEST_STEP][PASSED] - Statement - counter = counter + 1: null

2018-12-14 02:06:39 - [TEST_STEP][PASSED] - Statement - PreSaveFile = new java.io.File(((pathPrefix + java.lang.Integer.toString(counter)) + .png)): null

2018-12-14 02:06:39 - [TEST_STEP][PASSED] - Statement - counter = counter + 1: null

2018-12-14 02:06:39 - [TEST_STEP][PASSED] - Statement - PreSaveFile = new java.io.File(((pathPrefix + java.lang.Integer.toString(counter)) + .png)): null

2018-12-14 02:06:39 - [TEST_STEP][PASSED] - Statement - counter = counter + 1: null

2018-12-14 02:06:39 - [TEST_STEP][PASSED] - Statement - PreSaveFile = new java.io.File(((pathPrefix + java.lang.Integer.toString(counter)) + .png)): null

2018-12-14 02:06:39 - [TEST_STEP][PASSED] - Statement - counter = counter + 1: null

2018-12-14 02:06:39 - [TEST_STEP][PASSED] - Statement - PreSaveFile = new java.io.File(((pathPrefix + java.lang.Integer.toString(counter)) + .png)): null

2018-12-14 02:06:39 - [TEST_STEP][PASSED] - Statement - counter = counter + 1: null

2018-12-14 02:06:39 - [TEST_STEP][PASSED] - Statement - PreSaveFile = new java.io.File(((pathPrefix + java.lang.Integer.toString(counter)) + .png)): null

2018-12-14 02:06:39 - [TEST_STEP][PASSED] - Statement - counter = counter + 1: null

2018-12-14 02:06:39 - [TEST_STEP][PASSED] - Statement - PreSaveFile = new java.io.File(((pathPrefix + java.lang.Integer.toString(counter)) + .png)): null

2018-12-14 02:06:39 - [TEST_STEP][PASSED] - Statement - counter = counter + 1: null

2018-12-14 02:06:39 - [TEST_STEP][PASSED] - Statement - PreSaveFile = new java.io.File(((pathPrefix + java.lang.Integer.toString(counter)) + .png)): null

2018-12-14 02:06:39 - [TEST_STEP][PASSED] - Statement - counter = counter + 1: null

2018-12-14 02:06:39 - [TEST_STEP][PASSED] - Statement - PreSaveFile = new java.io.File(((pathPrefix + java.lang.Integer.toString(counter)) + .png)): null

2018-12-14 02:06:39 - [TEST_STEP][PASSED] - Statement - counter = counter + 1: null

2018-12-14 02:06:39 - [TEST_STEP][PASSED] - Statement - PreSaveFile = new java.io.File(((pathPrefix + java.lang.Integer.toString(counter)) + .png)): null

2018-12-14 02:06:39 - [TEST_STEP][PASSED] - Statement - counter = counter + 1: null

2018-12-14 02:06:39 - [TEST_STEP][PASSED] - Statement - PreSaveFile = new java.io.File(((pathPrefix + java.lang.Integer.toString(counter)) + .png)): null

2018-12-14 02:06:39 - [TEST_STEP][PASSED] - Statement - counter = counter + 1: null

2018-12-14 02:06:39 - [TEST_STEP][PASSED] - Statement - PreSaveFile = new java.io.File(((pathPrefix + java.lang.Integer.toString(counter)) + .png)): null

2018-12-14 02:06:39 - [TEST_STEP][PASSED] - Statement - counter = counter + 1: null

2018-12-14 02:06:39 - [TEST_STEP][PASSED] - Statement - PreSaveFile = new java.io.File(((pathPrefix + java.lang.Integer.toString(counter)) + .png)): null

2018-12-14 02:06:39 - [TEST_STEP][PASSED] - Statement - counter = counter + 1: null

2018-12-14 02:06:39 - [TEST_STEP][PASSED] - Statement - PreSaveFile = new java.io.File(((pathPrefix + java.lang.Integer.toString(counter)) + .png)): null

2018-12-14 02:06:39 - [TEST_STEP][PASSED] - Statement - counter = counter + 1: null

2018-12-14 02:06:39 - [TEST_STEP][PASSED] - Statement - PreSaveFile = new java.io.File(((pathPrefix + java.lang.Integer.toString(counter)) + .png)): null

2018-12-14 02:06:39 - [TEST_STEP][PASSED] - Statement - counter = counter + 1: null

2018-12-14 02:06:39 - [TEST_STEP][PASSED] - Statement - PreSaveFile = new java.io.File(((pathPrefix + java.lang.Integer.toString(counter)) + .png)): null

2018-12-14 02:06:39 - [TEST_STEP][PASSED] - Statement - counter = counter + 1: null

2018-12-14 02:06:39 - [TEST_STEP][PASSED] - Statement - PreSaveFile = new java.io.File(((pathPrefix + java.lang.Integer.toString(counter)) + .png)): null

2018-12-14 02:06:39 - [TEST_STEP][PASSED] - Statement - counter = counter + 1: null

2018-12-14 02:06:39 - [TEST_STEP][PASSED] - Statement - PreSaveFile = new java.io.File(((pathPrefix + java.lang.Integer.toString(counter)) + .png)): null

2018-12-14 02:06:39 - [TEST_STEP][PASSED] - Statement - counter = counter + 1: null

2018-12-14 02:06:39 - [TEST_STEP][PASSED] - Statement - PreSaveFile = new java.io.File(((pathPrefix + java.lang.Integer.toString(counter)) + .png)): null

2018-12-14 02:06:39 - [TEST_STEP][PASSED] - Statement - counter = counter + 1: null

2018-12-14 02:06:39 - [TEST_STEP][PASSED] - Statement - PreSaveFile = new java.io.File(((pathPrefix + java.lang.Integer.toString(counter)) + .png)): null

2018-12-14 02:06:39 - [TEST_STEP][PASSED] - Statement - counter = counter + 1: null

2018-12-14 02:06:39 - [TEST_STEP][PASSED] - Statement - PreSaveFile = new java.io.File(((pathPrefix + java.lang.Integer.toString(counter)) + .png)): null

2018-12-14 02:06:39 - [TEST_STEP][PASSED] - Statement - counter = counter + 1: null

2018-12-14 02:06:39 - [TEST_STEP][PASSED] - Statement - PreSaveFile = new java.io.File(((pathPrefix + java.lang.Integer.toString(counter)) + .png)): null

2018-12-14 02:06:39 - [TEST_STEP][PASSED] - Statement - counter = counter + 1: null

2018-12-14 02:06:39 - [TEST_STEP][PASSED] - Statement - PreSaveFile = new java.io.File(((pathPrefix + java.lang.Integer.toString(counter)) + .png)): null

2018-12-14 02:06:39 - [TEST_STEP][PASSED] - Statement - counter = counter + 1: null

2018-12-14 02:06:39 - [TEST_STEP][PASSED] - Statement - PreSaveFile = new java.io.File(((pathPrefix + java.lang.Integer.toString(counter)) + .png)): null

2018-12-14 02:06:39 - [TEST_STEP][PASSED] - Statement - counter = counter + 1: null

2018-12-14 02:06:39 - [TEST_STEP][PASSED] - Statement - PreSaveFile = new java.io.File(((pathPrefix + java.lang.Integer.toString(counter)) + .png)): null

2018-12-14 02:06:39 - [TEST_STEP][PASSED] - Statement - counter = counter + 1: null

2018-12-14 02:06:39 - [TEST_STEP][PASSED] - Statement - PreSaveFile = new java.io.File(((pathPrefix + java.lang.Integer.toString(counter)) + .png)): null

2018-12-14 02:06:39 - [TEST_STEP][PASSED] - Statement - counter = counter + 1: null

2018-12-14 02:06:39 - [TEST_STEP][PASSED] - Statement - PreSaveFile = new java.io.File(((pathPrefix + java.lang.Integer.toString(counter)) + .png)): null

2018-12-14 02:06:39 - [TEST_STEP][PASSED] - Statement - counter = counter + 1: null

2018-12-14 02:06:39 - [TEST_STEP][PASSED] - Statement - PreSaveFile = new java.io.File(((pathPrefix + java.lang.Integer.toString(counter)) + .png)): null

2018-12-14 02:06:39 - [TEST_STEP][PASSED] - Statement - counter = counter + 1: null

2018-12-14 02:06:39 - [TEST_STEP][PASSED] - Statement - PreSaveFile = new java.io.File(((pathPrefix + java.lang.Integer.toString(counter)) + .png)): null

2018-12-14 02:06:39 - [TEST_STEP][PASSED] - Statement - counter = counter + 1: null

2018-12-14 02:06:39 - [TEST_STEP][PASSED] - Statement - PreSaveFile = new java.io.File(((pathPrefix + java.lang.Integer.toString(counter)) + .png)): null

2018-12-14 02:06:39 - [TEST_STEP][PASSED] - Statement - counter = counter + 1: null

2018-12-14 02:06:39 - [TEST_STEP][PASSED] - Statement - PreSaveFile = new java.io.File(((pathPrefix + java.lang.Integer.toString(counter)) + .png)): null

2018-12-14 02:06:39 - [TEST_STEP][PASSED] - Statement - counter = counter + 1: null

2018-12-14 02:06:39 - [TEST_STEP][PASSED] - Statement - PreSaveFile = new java.io.File(((pathPrefix + java.lang.Integer.toString(counter)) + .png)): null

2018-12-14 02:06:39 - [TEST_STEP][PASSED] - Statement - counter = counter + 1: null

2018-12-14 02:06:39 - [TEST_STEP][PASSED] - Statement - PreSaveFile = new java.io.File(((pathPrefix + java.lang.Integer.toString(counter)) + .png)): null

2018-12-14 02:06:39 - [TEST_STEP][PASSED] - Statement - counter = counter + 1: null

2018-12-14 02:06:39 - [TEST_STEP][PASSED] - Statement - PreSaveFile = new java.io.File(((pathPrefix + java.lang.Integer.toString(counter)) + .png)): null

2018-12-14 02:06:39 - [TEST_STEP][PASSED] - Statement - counter = counter + 1: null

2018-12-14 02:06:39 - [TEST_STEP][PASSED] - Statement - PreSaveFile = new java.io.File(((pathPrefix + java.lang.Integer.toString(counter)) + .png)): null

2018-12-14 02:06:39 - [TEST_STEP][PASSED] - Statement - counter = counter + 1: null

2018-12-14 02:06:39 - [TEST_STEP][PASSED] - Statement - PreSaveFile = new java.io.File(((pathPrefix + java.lang.Integer.toString(counter)) + .png)): null

2018-12-14 02:06:39 - [TEST_STEP][PASSED] - Statement - counter = counter + 1: null

2018-12-14 02:06:39 - [TEST_STEP][PASSED] - Statement - PreSaveFile = new java.io.File(((pathPrefix + java.lang.Integer.toString(counter)) + .png)): null

2018-12-14 02:06:39 - [TEST_STEP][PASSED] - Statement - counter = counter + 1: null

2018-12-14 02:06:39 - [TEST_STEP][PASSED] - Statement - PreSaveFile = new java.io.File(((pathPrefix + java.lang.Integer.toString(counter)) + .png)): null

2018-12-14 02:06:39 - [TEST_STEP][PASSED] - Statement - counter = counter + 1: null

2018-12-14 02:06:39 - [TEST_STEP][PASSED] - Statement - PreSaveFile = new java.io.File(((pathPrefix + java.lang.Integer.toString(counter)) + .png)): null

2018-12-14 02:06:39 - [TEST_STEP][PASSED] - Statement - counter = counter + 1: null

2018-12-14 02:06:39 - [TEST_STEP][PASSED] - Statement - PreSaveFile = new java.io.File(((pathPrefix + java.lang.Integer.toString(counter)) + .png)): null

2018-12-14 02:06:39 - [TEST_STEP][PASSED] - Statement - counter = counter + 1: null

2018-12-14 02:06:39 - [TEST_STEP][PASSED] - Statement - PreSaveFile = new java.io.File(((pathPrefix + java.lang.Integer.toString(counter)) + .png)): null

2018-12-14 02:06:39 - [TEST_STEP][PASSED] - Statement - counter = counter + 1: null

2018-12-14 02:06:39 - [TEST_STEP][PASSED] - Statement - PreSaveFile = new java.io.File(((pathPrefix + java.lang.Integer.toString(counter)) + .png)): null

2018-12-14 02:06:39 - [TEST_STEP][PASSED] - Statement - counter = counter + 1: null

2018-12-14 02:06:39 - [TEST_STEP][PASSED] - Statement - PreSaveFile = new java.io.File(((pathPrefix + java.lang.Integer.toString(counter)) + .png)): null

2018-12-14 02:06:39 - [TEST_STEP][PASSED] - Statement - counter = counter + 1: null

2018-12-14 02:06:39 - [TEST_STEP][PASSED] - Statement - PreSaveFile = new java.io.File(((pathPrefix + java.lang.Integer.toString(counter)) + .png)): null

2018-12-14 02:06:39 - [TEST_STEP][PASSED] - Statement - counter = counter + 1: null

2018-12-14 02:06:39 - [TEST_STEP][PASSED] - Statement - PreSaveFile = new java.io.File(((pathPrefix + java.lang.Integer.toString(counter)) + .png)): null

2018-12-14 02:06:39 - [TEST_STEP][PASSED] - Statement - counter = counter + 1: null

2018-12-14 02:06:39 - [TEST_STEP][PASSED] - Statement - PreSaveFile = new java.io.File(((pathPrefix + java.lang.Integer.toString(counter)) + .png)): null

2018-12-14 02:06:39 - [TEST_STEP][PASSED] - Statement - counter = counter + 1: null

2018-12-14 02:06:39 - [TEST_STEP][PASSED] - Statement - PreSaveFile = new java.io.File(((pathPrefix + java.lang.Integer.toString(counter)) + .png)): null

2018-12-14 02:06:39 - [TEST_STEP][PASSED] - Statement - counter = counter + 1: null

2018-12-14 02:06:39 - [TEST_STEP][PASSED] - Statement - PreSaveFile = new java.io.File(((pathPrefix + java.lang.Integer.toString(counter)) + .png)): null

2018-12-14 02:06:39 - [TEST_STEP][PASSED] - Statement - counter = counter + 1: null

2018-12-14 02:06:39 - [TEST_STEP][PASSED] - Statement - PreSaveFile = new java.io.File(((pathPrefix + java.lang.Integer.toString(counter)) + .png)): null

2018-12-14 02:06:39 - [TEST_STEP][PASSED] - Statement - counter = counter + 1: null

2018-12-14 02:06:39 - [TEST_STEP][PASSED] - Statement - PreSaveFile = new java.io.File(((pathPrefix + java.lang.Integer.toString(counter)) + .png)): null

2018-12-14 02:06:39 - [TEST_STEP][PASSED] - Statement - counter = counter + 1: null

2018-12-14 02:06:39 - [TEST_STEP][PASSED] - Statement - PreSaveFile = new java.io.File(((pathPrefix + java.lang.Integer.toString(counter)) + .png)): null

2018-12-14 02:06:39 - [TEST_STEP][PASSED] - Statement - counter = counter + 1: null

2018-12-14 02:06:39 - [TEST_STEP][PASSED] - Statement - PreSaveFile = new java.io.File(((pathPrefix + java.lang.Integer.toString(counter)) + .png)): null

2018-12-14 02:06:39 - [TEST_STEP][PASSED] - Statement - counter = counter + 1: null

2018-12-14 02:06:39 - [TEST_STEP][PASSED] - Statement - PreSaveFile = new java.io.File(((pathPrefix + java.lang.Integer.toString(counter)) + .png)): null

2018-12-14 02:06:39 - [TEST_STEP][PASSED] - Statement - counter = counter + 1: null

2018-12-14 02:06:39 - [TEST_STEP][PASSED] - Statement - PreSaveFile = new java.io.File(((pathPrefix + java.lang.Integer.toString(counter)) + .png)): null

2018-12-14 02:06:39 - [TEST_STEP][PASSED] - Statement - counter = counter + 1: null

2018-12-14 02:06:39 - [TEST_STEP][PASSED] - Statement - PreSaveFile = new java.io.File(((pathPrefix + java.lang.Integer.toString(counter)) + .png)): null

2018-12-14 02:06:39 - [TEST_STEP][PASSED] - Statement - counter = counter + 1: null

2018-12-14 02:06:39 - [TEST_STEP][PASSED] - Statement - PreSaveFile = new java.io.File(((pathPrefix + java.lang.Integer.toString(counter)) + .png)): null

2018-12-14 02:06:39 - [TEST_STEP][PASSED] - Statement - counter = counter + 1: null

2018-12-14 02:06:39 - [TEST_STEP][PASSED] - Statement - PreSaveFile = new java.io.File(((pathPrefix + java.lang.Integer.toString(counter)) + .png)): null

2018-12-14 02:06:39 - [TEST_STEP][PASSED] - Statement - counter = counter + 1: null

2018-12-14 02:06:39 - [TEST_STEP][PASSED] - Statement - PreSaveFile = new java.io.File(((pathPrefix + java.lang.Integer.toString(counter)) + .png)): null

2018-12-14 02:06:39 - [TEST_STEP][PASSED] - Statement - counter = counter + 1: null

2018-12-14 02:06:39 - [TEST_STEP][PASSED] - Statement - PreSaveFile = new java.io.File(((pathPrefix + java.lang.Integer.toString(counter)) + .png)): null

2018-12-14 02:06:39 - [TEST_STEP][PASSED] - Statement - counter = counter + 1: null

2018-12-14 02:06:39 - [TEST_STEP][PASSED] - Statement - PreSaveFile = new java.io.File(((pathPrefix + java.lang.Integer.toString(counter)) + .png)): null

2018-12-14 02:06:39 - [TEST_STEP][PASSED] - Statement - counter = counter + 1: null

2018-12-14 02:06:39 - [TEST_STEP][PASSED] - Statement - PreSaveFile = new java.io.File(((pathPrefix + java.lang.Integer.toString(counter)) + .png)): null

2018-12-14 02:06:39 - [TEST_STEP][PASSED] - Statement - counter = counter + 1: null

2018-12-14 02:06:39 - [TEST_STEP][PASSED] - Statement - PreSaveFile = new java.io.File(((pathPrefix + java.lang.Integer.toString(counter)) + .png)): null

2018-12-14 02:06:39 - [TEST_STEP][PASSED] - Statement - counter = counter + 1: null

2018-12-14 02:06:39 - [TEST_STEP][PASSED] - Statement - PreSaveFile = new java.io.File(((pathPrefix + java.lang.Integer.toString(counter)) + .png)): null

2018-12-14 02:06:39 - [TEST_STEP][PASSED] - Statement - counter = counter + 1: null

2018-12-14 02:06:39 - [TEST_STEP][PASSED] - Statement - PreSaveFile = new java.io.File(((pathPrefix + java.lang.Integer.toString(counter)) + .png)): null

2018-12-14 02:06:39 - [TEST_STEP][PASSED] - Statement - counter = counter + 1: null

2018-12-14 02:06:39 - [TEST_STEP][PASSED] - Statement - PreSaveFile = new java.io.File(((pathPrefix + java.lang.Integer.toString(counter)) + .png)): null

2018-12-14 02:06:39 - [TEST_STEP][PASSED] - Statement - counter = counter + 1: null

2018-12-14 02:06:39 - [TEST_STEP][PASSED] - Statement - PreSaveFile = new java.io.File(((pathPrefix + java.lang.Integer.toString(counter)) + .png)): null

2018-12-14 02:06:39 - [TEST_STEP][PASSED] - Statement - counter = counter + 1: null

2018-12-14 02:06:39 - [TEST_STEP][PASSED] - Statement - PreSaveFile = new java.io.File(((pathPrefix + java.lang.Integer.toString(counter)) + .png)): null

2018-12-14 02:06:39 - [TEST_STEP][PASSED] - Statement - counter = counter + 1: null

2018-12-14 02:06:39 - [TEST_STEP][PASSED] - Statement - PreSaveFile = new java.io.File(((pathPrefix + java.lang.Integer.toString(counter)) + .png)): null

2018-12-14 02:06:39 - [TEST_STEP][PASSED] - Statement - counter = counter + 1: null

2018-12-14 02:06:39 - [TEST_STEP][PASSED] - Statement - PreSaveFile = new java.io.File(((pathPrefix + java.lang.Integer.toString(counter)) + .png)): null

2018-12-14 02:06:39 - [TEST_STEP][PASSED] - Statement - counter = counter + 1: null

2018-12-14 02:06:39 - [TEST_STEP][PASSED] - Statement - PreSaveFile = new java.io.File(((pathPrefix + java.lang.Integer.toString(counter)) + .png)): null

2018-12-14 02:06:39 - [TEST_STEP][PASSED] - Statement - counter = counter + 1: null

2018-12-14 02:06:39 - [TEST_STEP][PASSED] - Statement - PreSaveFile = new java.io.File(((pathPrefix + java.lang.Integer.toString(counter)) + .png)): null

2018-12-14 02:06:39 - [TEST_STEP][PASSED] - Statement - counter = counter + 1: null

2018-12-14 02:06:39 - [TEST_STEP][PASSED] - Statement - PreSaveFile = new java.io.File(((pathPrefix + java.lang.Integer.toString(counter)) + .png)): null

2018-12-14 02:06:39 - [TEST_STEP][PASSED] - Statement - counter = counter + 1: null

2018-12-14 02:06:39 - [TEST_STEP][PASSED] - Statement - PreSaveFile = new java.io.File(((pathPrefix + java.lang.Integer.toString(counter)) + .png)): null

2018-12-14 02:06:39 - [TEST_STEP][PASSED] - Statement - counter = counter + 1: null

2018-12-14 02:06:39 - [TEST_STEP][PASSED] - Statement - PreSaveFile = new java.io.File(((pathPrefix + java.lang.Integer.toString(counter)) + .png)): null

2018-12-14 02:06:39 - [TEST_STEP][PASSED] - Statement - counter = counter + 1: null

2018-12-14 02:06:39 - [TEST_STEP][PASSED] - Statement - PreSaveFile = new java.io.File(((pathPrefix + java.lang.Integer.toString(counter)) + .png)): null

2018-12-14 02:06:39 - [TEST_STEP][PASSED] - Statement - counter = counter + 1: null

2018-12-14 02:06:39 - [TEST_STEP][PASSED] - Statement - PreSaveFile = new java.io.File(((pathPrefix + java.lang.Integer.toString(counter)) + .png)): null

2018-12-14 02:06:39 - [TEST_STEP][PASSED] - Statement - counter = counter + 1: null

2018-12-14 02:06:39 - [TEST_STEP][PASSED] - Statement - PreSaveFile = new java.io.File(((pathPrefix + java.lang.Integer.toString(counter)) + .png)): null

2018-12-14 02:06:39 - [TEST_STEP][PASSED] - Statement - counter = counter + 1: null

2018-12-14 02:06:39 - [TEST_STEP][PASSED] - Statement - PreSaveFile = new java.io.File(((pathPrefix + java.lang.Integer.toString(counter)) + .png)): null

2018-12-14 02:06:39 - [TEST_STEP][PASSED] - Statement - counter = counter + 1: null

2018-12-14 02:06:39 - [TEST_STEP][PASSED] - Statement - PreSaveFile = new java.io.File(((pathPrefix + java.lang.Integer.toString(counter)) + .png)): null

2018-12-14 02:06:39 - [TEST_STEP][PASSED] - Statement - counter = counter + 1: null

2018-12-14 02:06:39 - [TEST_STEP][PASSED] - Statement - PreSaveFile = new java.io.File(((pathPrefix + java.lang.Integer.toString(counter)) + .png)): null

2018-12-14 02:06:39 - [TEST_STEP][PASSED] - Statement - counter = counter + 1: null

2018-12-14 02:06:39 - [TEST_STEP][PASSED] - Statement - PreSaveFile = new java.io.File(((pathPrefix + java.lang.Integer.toString(counter)) + .png)): null

2018-12-14 02:06:39 - [TEST_STEP][PASSED] - Statement - counter = counter + 1: null

2018-12-14 02:06:39 - [TEST_STEP][PASSED] - Statement - PreSaveFile = new java.io.File(((pathPrefix + java.lang.Integer.toString(counter)) + .png)): null

2018-12-14 02:06:39 - [TEST_STEP][PASSED] - Statement - counter = counter + 1: null

2018-12-14 02:06:39 - [TEST_STEP][PASSED] - Statement - PreSaveFile = new java.io.File(((pathPrefix + java.lang.Integer.toString(counter)) + .png)): null

2018-12-14 02:06:39 - [TEST_STEP][PASSED] - Statement - counter = counter + 1: null

2018-12-14 02:06:39 - [TEST_STEP][PASSED] - Statement - PreSaveFile = new java.io.File(((pathPrefix + java.lang.Integer.toString(counter)) + .png)): null

2018-12-14 02:06:39 - [TEST_STEP][PASSED] - Statement - counter = counter + 1: null

2018-12-14 02:06:39 - [TEST_STEP][PASSED] - Statement - PreSaveFile = new java.io.File(((pathPrefix + java.lang.Integer.toString(counter)) + .png)): null

2018-12-14 02:06:39 - [TEST_STEP][PASSED] - Statement - counter = counter + 1: null

2018-12-14 02:06:39 - [TEST_STEP][PASSED] - Statement - PreSaveFile = new java.io.File(((pathPrefix + java.lang.Integer.toString(counter)) + .png)): null

2018-12-14 02:06:39 - [TEST_STEP][PASSED] - Statement - counter = counter + 1: null

2018-12-14 02:06:39 - [TEST_STEP][PASSED] - Statement - PreSaveFile = new java.io.File(((pathPrefix + java.lang.Integer.toString(counter)) + .png)): null

2018-12-14 02:06:39 - [TEST_STEP][PASSED] - Statement - counter = counter + 1: null

2018-12-14 02:06:39 - [TEST_STEP][PASSED] - Statement - PreSaveFile = new java.io.File(((pathPrefix + java.lang.Integer.toString(counter)) + .png)): null

2018-12-14 02:06:39 - [TEST_STEP][PASSED] - Statement - counter = counter + 1: null

2018-12-14 02:06:39 - [TEST_STEP][PASSED] - Statement - PreSaveFile = new java.io.File(((pathPrefix + java.lang.Integer.toString(counter)) + .png)): null

2018-12-14 02:06:39 - [TEST_STEP][PASSED] - Statement - counter = counter + 1: null

2018-12-14 02:06:39 - [TEST_STEP][PASSED] - Statement - PreSaveFile = new java.io.File(((pathPrefix + java.lang.Integer.toString(counter)) + .png)): null

2018-12-14 02:06:39 - [TEST_STEP][PASSED] - Statement - counter = counter + 1: null

2018-12-14 02:06:39 - [TEST_STEP][PASSED] - Statement - PreSaveFile = new java.io.File(((pathPrefix + java.lang.Integer.toString(counter)) + .png)): null

2018-12-14 02:06:39 - [TEST_STEP][PASSED] - Statement - counter = counter + 1: null

2018-12-14 02:06:39 - [TEST_STEP][PASSED] - Statement - PreSaveFile = new java.io.File(((pathPrefix + java.lang.Integer.toString(counter)) + .png)): null

2018-12-14 02:06:39 - [TEST_STEP][PASSED] - Statement - counter = counter + 1: null

2018-12-14 02:06:39 - [TEST_STEP][PASSED] - Statement - PreSaveFile = new java.io.File(((pathPrefix + java.lang.Integer.toString(counter)) + .png)): null

2018-12-14 02:06:39 - [TEST_STEP][PASSED] - Statement - counter = counter + 1: null

2018-12-14 02:06:39 - [TEST_STEP][PASSED] - Statement - PreSaveFile = new java.io.File(((pathPrefix + java.lang.Integer.toString(counter)) + .png)): null

2018-12-14 02:06:39 - [TEST_STEP][PASSED] - Statement - counter = counter + 1: null

2018-12-14 02:06:39 - [TEST_STEP][PASSED] - Statement - PreSaveFile = new java.io.File(((pathPrefix + java.lang.Integer.toString(counter)) + .png)): null

2018-12-14 02:06:39 - [TEST_STEP][PASSED] - Statement - counter = counter + 1: null

2018-12-14 02:06:39 - [TEST_STEP][PASSED] - Statement - PreSaveFile = new java.io.File(((pathPrefix + java.lang.Integer.toString(counter)) + .png)): null

2018-12-14 02:06:39 - [TEST_STEP][PASSED] - Statement - counter = counter + 1: null

2018-12-14 02:06:39 - [TEST_STEP][PASSED] - Statement - PreSaveFile = new java.io.File(((pathPrefix + java.lang.Integer.toString(counter)) + .png)): null

2018-12-14 02:06:39 - [TEST_STEP][PASSED] - Statement - counter = counter + 1: null

2018-12-14 02:06:39 - [TEST_STEP][PASSED] - Statement - PreSaveFile = new java.io.File(((pathPrefix + java.lang.Integer.toString(counter)) + .png)): null

2018-12-14 02:06:39 - [TEST_STEP][PASSED] - Statement - counter = counter + 1: null

2018-12-14 02:06:39 - [TEST_STEP][PASSED] - Statement - PreSaveFile = new java.io.File(((pathPrefix + java.lang.Integer.toString(counter)) + .png)): null

2018-12-14 02:06:39 - [TEST_STEP][PASSED] - Statement - counter = counter + 1: null

2018-12-14 02:06:39 - [TEST_STEP][PASSED] - Statement - PreSaveFile = new java.io.File(((pathPrefix + java.lang.Integer.toString(counter)) + .png)): null

2018-12-14 02:06:39 - [TEST_STEP][PASSED] - Statement - counter = counter + 1: null

2018-12-14 02:06:39 - [TEST_STEP][PASSED] - Statement - PreSaveFile = new java.io.File(((pathPrefix + java.lang.Integer.toString(counter)) + .png)): null

2018-12-14 02:06:39 - [TEST_STEP][PASSED] - Statement - counter = counter + 1: null

2018-12-14 02:06:39 - [TEST_STEP][PASSED] - Statement - PreSaveFile = new java.io.File(((pathPrefix + java.lang.Integer.toString(counter)) + .png)): null

2018-12-14 02:06:39 - [TEST_STEP][PASSED] - Statement - counter = counter + 1: null

2018-12-14 02:06:39 - [TEST_STEP][PASSED] - Statement - PreSaveFile = new java.io.File(((pathPrefix + java.lang.Integer.toString(counter)) + .png)): null

2018-12-14 02:06:39 - [TEST_STEP][PASSED] - Statement - counter = counter + 1: null

2018-12-14 02:06:39 - [TEST_STEP][PASSED] - Statement - PreSaveFile = new java.io.File(((pathPrefix + java.lang.Integer.toString(counter)) + .png)): null

2018-12-14 02:06:39 - [TEST_STEP][PASSED] - Statement - counter = counter + 1: null

2018-12-14 02:06:39 - [TEST_STEP][PASSED] - Statement - PreSaveFile = new java.io.File(((pathPrefix + java.lang.Integer.toString(counter)) + .png)): null

2018-12-14 02:06:39 - [TEST_STEP][PASSED] - Statement - counter = counter + 1: null

2018-12-14 02:06:39 - [TEST_STEP][PASSED] - Statement - PreSaveFile = new java.io.File(((pathPrefix + java.lang.Integer.toString(counter)) + .png)): null

2018-12-14 02:06:39 - [TEST_STEP][PASSED] - Statement - counter = counter + 1: null

2018-12-14 02:06:39 - [TEST_STEP][PASSED] - Statement - PreSaveFile = new java.io.File(((pathPrefix + java.lang.Integer.toString(counter)) + .png)): null

2018-12-14 02:06:39 - [TEST_STEP][PASSED] - Statement - counter = counter + 1: null

2018-12-14 02:06:39 - [TEST_STEP][PASSED] - Statement - PreSaveFile = new java.io.File(((pathPrefix + java.lang.Integer.toString(counter)) + .png)): null

2018-12-14 02:06:39 - [TEST_STEP][PASSED] - Statement - counter = counter + 1: null

2018-12-14 02:06:39 - [TEST_STEP][PASSED] - Statement - PreSaveFile = new java.io.File(((pathPrefix + java.lang.Integer.toString(counter)) + .png)): null

2018-12-14 02:06:39 - [TEST_STEP][PASSED] - Statement - counter = counter + 1: null

2018-12-14 02:06:39 - [TEST_STEP][PASSED] - Statement - PreSaveFile = new java.io.File(((pathPrefix + java.lang.Integer.toString(counter)) + .png)): null

2018-12-14 02:06:39 - [TEST_STEP][PASSED] - Statement - counter = counter + 1: null

2018-12-14 02:06:39 - [TEST_STEP][PASSED] - Statement - PreSaveFile = new java.io.File(((pathPrefix + java.lang.Integer.toString(counter)) + .png)): null

2018-12-14 02:06:39 - [TEST_STEP][PASSED] - Statement - counter = counter + 1: null

2018-12-14 02:06:39 - [TEST_STEP][PASSED] - Statement - PreSaveFile = new java.io.File(((pathPrefix + java.lang.Integer.toString(counter)) + .png)): null

2018-12-14 02:06:39 - [TEST_STEP][PASSED] - Statement - counter = counter + 1: null

2018-12-14 02:06:39 - [TEST_STEP][PASSED] - Statement - PreSaveFile = new java.io.File(((pathPrefix + java.lang.Integer.toString(counter)) + .png)): null

2018-12-14 02:06:39 - [TEST_STEP][PASSED] - Statement - counter = counter + 1: null

2018-12-14 02:06:39 - [TEST_STEP][PASSED] - Statement - PreSaveFile = new java.io.File(((pathPrefix + java.lang.Integer.toString(counter)) + .png)): null

2018-12-14 02:06:39 - [TEST_STEP][PASSED] - Statement - counter = counter + 1: null

2018-12-14 02:06:39 - [TEST_STEP][PASSED] - Statement - PreSaveFile = new java.io.File(((pathPrefix + java.lang.Integer.toString(counter)) + .png)): null

2018-12-14 02:06:39 - [TEST_STEP][PASSED] - Statement - counter = counter + 1: null

2018-12-14 02:06:39 - [TEST_STEP][PASSED] - Statement - PreSaveFile = new java.io.File(((pathPrefix + java.lang.Integer.toString(counter)) + .png)): null

2018-12-14 02:06:39 - [TEST_STEP][PASSED] - Statement - counter = counter + 1: null

2018-12-14 02:06:39 - [TEST_STEP][PASSED] - Statement - PreSaveFile = new java.io.File(((pathPrefix + java.lang.Integer.toString(counter)) + .png)): null

2018-12-14 02:06:39 - [TEST_STEP][PASSED] - Statement - counter = counter + 1: null

2018-12-14 02:06:39 - [TEST_STEP][PASSED] - Statement - PreSaveFile = new java.io.File(((pathPrefix + java.lang.Integer.toString(counter)) + .png)): null

2018-12-14 02:06:39 - [TEST_STEP][PASSED] - Statement - counter = counter + 1: null

2018-12-14 02:06:39 - [TEST_STEP][PASSED] - Statement - PreSaveFile = new java.io.File(((pathPrefix + java.lang.Integer.toString(counter)) + .png)): null

2018-12-14 02:06:39 - [TEST_STEP][PASSED] - Statement - counter = counter + 1: null

2018-12-14 02:06:39 - [TEST_STEP][PASSED] - Statement - PreSaveFile = new java.io.File(((pathPrefix + java.lang.Integer.toString(counter)) + .png)): null

2018-12-14 02:06:39 - [TEST_STEP][PASSED] - Statement - counter = counter + 1: null

2018-12-14 02:06:39 - [TEST_STEP][PASSED] - Statement - PreSaveFile = new java.io.File(((pathPrefix + java.lang.Integer.toString(counter)) + .png)): null

2018-12-14 02:06:39 - [TEST_STEP][PASSED] - Statement - counter = counter + 1: null

2018-12-14 02:06:39 - [TEST_STEP][PASSED] - Statement - PreSaveFile = new java.io.File(((pathPrefix + java.lang.Integer.toString(counter)) + .png)): null

2018-12-14 02:06:39 - [TEST_STEP][PASSED] - Statement - counter = counter + 1: null

2018-12-14 02:06:39 - [TEST_STEP][PASSED] - Statement - PreSaveFile = new java.io.File(((pathPrefix + java.lang.Integer.toString(counter)) + .png)): null

2018-12-14 02:06:39 - [TEST_STEP][PASSED] - Statement - counter = counter + 1: null

2018-12-14 02:06:39 - [TEST_STEP][PASSED] - Statement - PreSaveFile = new java.io.File(((pathPrefix + java.lang.Integer.toString(counter)) + .png)): null

2018-12-14 02:06:39 - [TEST_STEP][PASSED] - Statement - counter = counter + 1: null

2018-12-14 02:06:39 - [TEST_STEP][PASSED] - Statement - PreSaveFile = new java.io.File(((pathPrefix + java.lang.Integer.toString(counter)) + .png)): null

2018-12-14 02:06:39 - [TEST_STEP][PASSED] - Statement - counter = counter + 1: null

2018-12-14 02:06:39 - [TEST_STEP][PASSED] - Statement - PreSaveFile = new java.io.File(((pathPrefix + java.lang.Integer.toString(counter)) + .png)): null

2018-12-14 02:06:39 - [TEST_STEP][PASSED] - Statement - counter = counter + 1: null

2018-12-14 02:06:39 - [TEST_STEP][PASSED] - Statement - PreSaveFile = new java.io.File(((pathPrefix + java.lang.Integer.toString(counter)) + .png)): null

2018-12-14 02:06:39 - [TEST_STEP][PASSED] - Statement - counter = counter + 1: null

2018-12-14 02:06:39 - [TEST_STEP][PASSED] - Statement - PreSaveFile = new java.io.File(((pathPrefix + java.lang.Integer.toString(counter)) + .png)): null

2018-12-14 02:06:39 - [TEST_STEP][PASSED] - Statement - counter = counter + 1: null

2018-12-14 02:06:39 - [TEST_STEP][PASSED] - Statement - PreSaveFile = new java.io.File(((pathPrefix + java.lang.Integer.toString(counter)) + .png)): null

2018-12-14 02:06:39 - [TEST_STEP][PASSED] - Statement - counter = counter + 1: null

2018-12-14 02:06:39 - [TEST_STEP][PASSED] - Statement - PreSaveFile = new java.io.File(((pathPrefix + java.lang.Integer.toString(counter)) + .png)): null

2018-12-14 02:06:39 - [TEST_STEP][PASSED] - Statement - counter = counter + 1: null

2018-12-14 02:06:39 - [TEST_STEP][PASSED] - Statement - PreSaveFile = new java.io.File(((pathPrefix + java.lang.Integer.toString(counter)) + .png)): null

2018-12-14 02:06:39 - [TEST_STEP][PASSED] - Statement - counter = counter + 1: null

2018-12-14 02:06:39 - [TEST_STEP][PASSED] - Statement - PreSaveFile = new java.io.File(((pathPrefix + java.lang.Integer.toString(counter)) + .png)): null

2018-12-14 02:06:39 - [TEST_STEP][PASSED] - Statement - counter = counter + 1: null

2018-12-14 02:06:39 - [TEST_STEP][PASSED] - Statement - PreSaveFile = new java.io.File(((pathPrefix + java.lang.Integer.toString(counter)) + .png)): null

2018-12-14 02:06:39 - [TEST_STEP][PASSED] - Statement - counter = counter + 1: null

2018-12-14 02:06:39 - [TEST_STEP][PASSED] - Statement - PreSaveFile = new java.io.File(((pathPrefix + java.lang.Integer.toString(counter)) + .png)): null

2018-12-14 02:06:39 - [TEST_STEP][PASSED] - Statement - counter = counter + 1: null

2018-12-14 02:06:39 - [TEST_STEP][PASSED] - Statement - PreSaveFile = new java.io.File(((pathPrefix + java.lang.Integer.toString(counter)) + .png)): null

2018-12-14 02:06:39 - [TEST_STEP][PASSED] - Statement - counter = counter + 1: null

2018-12-14 02:06:39 - [TEST_STEP][PASSED] - Statement - PreSaveFile = new java.io.File(((pathPrefix + java.lang.Integer.toString(counter)) + .png)): null

2018-12-14 02:06:39 - [TEST_STEP][PASSED] - Statement - counter = counter + 1: null

2018-12-14 02:06:39 - [TEST_STEP][PASSED] - Statement - PreSaveFile = new java.io.File(((pathPrefix + java.lang.Integer.toString(counter)) + .png)): null

2018-12-14 02:06:39 - [TEST_STEP][PASSED] - Statement - counter = counter + 1: null

2018-12-14 02:06:39 - [TEST_STEP][PASSED] - Statement - PreSaveFile = new java.io.File(((pathPrefix + java.lang.Integer.toString(counter)) + .png)): null

2018-12-14 02:06:39 - [TEST_STEP][PASSED] - Statement - counter = counter + 1: null

2018-12-14 02:06:39 - [TEST_STEP][PASSED] - Statement - PreSaveFile = new java.io.File(((pathPrefix + java.lang.Integer.toString(counter)) + .png)): null

2018-12-14 02:06:39 - [TEST_STEP][PASSED] - Statement - counter = counter + 1: null

2018-12-14 02:06:39 - [TEST_STEP][PASSED] - Statement - PreSaveFile = new java.io.File(((pathPrefix + java.lang.Integer.toString(counter)) + .png)): null

2018-12-14 02:06:39 - [TEST_STEP][PASSED] - Statement - counter = counter + 1: null

2018-12-14 02:06:39 - [TEST_STEP][PASSED] - Statement - PreSaveFile = new java.io.File(((pathPrefix + java.lang.Integer.toString(counter)) + .png)): null

2018-12-14 02:06:39 - [TEST_STEP][PASSED] - Statement - counter = counter + 1: null

2018-12-14 02:06:39 - [TEST_STEP][PASSED] - Statement - PreSaveFile = new java.io.File(((pathPrefix + java.lang.Integer.toString(counter)) + .png)): null

2018-12-14 02:06:39 - [TEST_STEP][PASSED] - Statement - counter = counter + 1: null

2018-12-14 02:06:39 - [TEST_STEP][PASSED] - Statement - PreSaveFile = new java.io.File(((pathPrefix + java.lang.Integer.toString(counter)) + .png)): null

2018-12-14 02:06:39 - [TEST_STEP][PASSED] - Statement - counter = counter + 1: null

2018-12-14 02:06:39 - [TEST_STEP][PASSED] - Statement - PreSaveFile = new java.io.File(((pathPrefix + java.lang.Integer.toString(counter)) + .png)): null

2018-12-14 02:06:39 - [TEST_STEP][PASSED] - Statement - counter = counter + 1: null

2018-12-14 02:06:39 - [TEST_STEP][PASSED] - Statement - PreSaveFile = new java.io.File(((pathPrefix + java.lang.Integer.toString(counter)) + .png)): null

2018-12-14 02:06:39 - [TEST_STEP][PASSED] - Statement - counter = counter + 1: null

2018-12-14 02:06:39 - [TEST_STEP][PASSED] - Statement - PreSaveFile = new java.io.File(((pathPrefix + java.lang.Integer.toString(counter)) + .png)): null

2018-12-14 02:06:39 - [TEST_STEP][PASSED] - Statement - counter = counter + 1: null

2018-12-14 02:06:39 - [TEST_STEP][PASSED] - Statement - PreSaveFile = new java.io.File(((pathPrefix + java.lang.Integer.toString(counter)) + .png)): null

2018-12-14 02:06:39 - [TEST_STEP][PASSED] - Statement - counter = counter + 1: null

2018-12-14 02:06:39 - [TEST_STEP][PASSED] - Statement - PreSaveFile = new java.io.File(((pathPrefix + java.lang.Integer.toString(counter)) + .png)): null

2018-12-14 02:06:39 - [TEST_STEP][PASSED] - Statement - counter = counter + 1: null

2018-12-14 02:06:39 - [TEST_STEP][PASSED] - Statement - PreSaveFile = new java.io.File(((pathPrefix + java.lang.Integer.toString(counter)) + .png)): null

2018-12-14 02:06:39 - [TEST_STEP][PASSED] - Statement - counter = counter + 1: null

2018-12-14 02:06:39 - [TEST_STEP][PASSED] - Statement - PreSaveFile = new java.io.File(((pathPrefix + java.lang.Integer.toString(counter)) + .png)): null

2018-12-14 02:06:39 - [TEST_STEP][PASSED] - Statement - counter = counter + 1: null

2018-12-14 02:06:39 - [TEST_STEP][PASSED] - Statement - PreSaveFile = new java.io.File(((pathPrefix + java.lang.Integer.toString(counter)) + .png)): null

2018-12-14 02:06:39 - [TEST_STEP][PASSED] - Statement - counter = counter + 1: null

2018-12-14 02:06:39 - [TEST_STEP][PASSED] - Statement - PreSaveFile = new java.io.File(((pathPrefix + java.lang.Integer.toString(counter)) + .png)): null

2018-12-14 02:06:39 - [TEST_STEP][PASSED] - Statement - counter = counter + 1: null

2018-12-14 02:06:39 - [TEST_STEP][PASSED] - Statement - PreSaveFile = new java.io.File(((pathPrefix + java.lang.Integer.toString(counter)) + .png)): null

2018-12-14 02:06:39 - [TEST_STEP][PASSED] - Statement - counter = counter + 1: null

2018-12-14 02:06:39 - [TEST_STEP][PASSED] - Statement - PreSaveFile = new java.io.File(((pathPrefix + java.lang.Integer.toString(counter)) + .png)): null

2018-12-14 02:06:39 - [TEST_STEP][PASSED] - Statement - counter = counter + 1: null

2018-12-14 02:06:39 - [TEST_STEP][PASSED] - Statement - PreSaveFile = new java.io.File(((pathPrefix + java.lang.Integer.toString(counter)) + .png)): null

2018-12-14 02:06:39 - [TEST_STEP][PASSED] - Statement - counter = counter + 1: null

2018-12-14 02:06:39 - [TEST_STEP][PASSED] - Statement - PreSaveFile = new java.io.File(((pathPrefix + java.lang.Integer.toString(counter)) + .png)): null

2018-12-14 02:06:39 - [TEST_STEP][PASSED] - Statement - counter = counter + 1: null

2018-12-14 02:06:39 - [TEST_STEP][PASSED] - Statement - PreSaveFile = new java.io.File(((pathPrefix + java.lang.Integer.toString(counter)) + .png)): null

2018-12-14 02:06:39 - [TEST_STEP][PASSED] - Statement - counter = counter + 1: null

2018-12-14 02:06:39 - [TEST_STEP][PASSED] - Statement - PreSaveFile = new java.io.File(((pathPrefix + java.lang.Integer.toString(counter)) + .png)): null

2018-12-14 02:06:39 - [TEST_STEP][PASSED] - Statement - counter = counter + 1: null

2018-12-14 02:06:39 - [TEST_STEP][PASSED] - Statement - PreSaveFile = new java.io.File(((pathPrefix + java.lang.Integer.toString(counter)) + .png)): null

2018-12-14 02:06:39 - [TEST_STEP][PASSED] - Statement - counter = counter + 1: null

2018-12-14 02:06:39 - [TEST_STEP][PASSED] - Statement - PreSaveFile = new java.io.File(((pathPrefix + java.lang.Integer.toString(counter)) + .png)): null

2018-12-14 02:06:39 - [TEST_STEP][PASSED] - Statement - counter = counter + 1: null

2018-12-14 02:06:39 - [TEST_STEP][PASSED] - Statement - PreSaveFile = new java.io.File(((pathPrefix + java.lang.Integer.toString(counter)) + .png)): null

2018-12-14 02:06:39 - [TEST_STEP][PASSED] - Statement - counter = counter + 1: null

2018-12-14 02:06:39 - [TEST_STEP][PASSED] - Statement - PreSaveFile = new java.io.File(((pathPrefix + java.lang.Integer.toString(counter)) + .png)): null

2018-12-14 02:06:39 - [TEST_STEP][PASSED] - Statement - counter = counter + 1: null

2018-12-14 02:06:39 - [TEST_STEP][PASSED] - Statement - PreSaveFile = new java.io.File(((pathPrefix + java.lang.Integer.toString(counter)) + .png)): null

2018-12-14 02:06:39 - [TEST_STEP][PASSED] - Statement - counter = counter + 1: null

2018-12-14 02:06:39 - [TEST_STEP][PASSED] - Statement - PreSaveFile = new java.io.File(((pathPrefix + java.lang.Integer.toString(counter)) + .png)): null

2018-12-14 02:06:39 - [TEST_STEP][PASSED] - Statement - counter = counter + 1: null

2018-12-14 02:06:39 - [TEST_STEP][PASSED] - Statement - PreSaveFile = new java.io.File(((pathPrefix + java.lang.Integer.toString(counter)) + .png)): null

2018-12-14 02:06:39 - [TEST_STEP][PASSED] - Statement - counter = counter + 1: null

2018-12-14 02:06:39 - [TEST_STEP][PASSED] - Statement - PreSaveFile = new java.io.File(((pathPrefix + java.lang.Integer.toString(counter)) + .png)): null

2018-12-14 02:06:39 - [TEST_STEP][PASSED] - Statement - counter = counter + 1: null

2018-12-14 02:06:39 - [TEST_STEP][PASSED] - Statement - PreSaveFile = new java.io.File(((pathPrefix + java.lang.Integer.toString(counter)) + .png)): null

2018-12-14 02:06:39 - [TEST_STEP][PASSED] - Statement - counter = counter + 1: null

2018-12-14 02:06:39 - [TEST_STEP][PASSED] - Statement - PreSaveFile = new java.io.File(((pathPrefix + java.lang.Integer.toString(counter)) + .png)): null

2018-12-14 02:06:39 - [TEST_STEP][PASSED] - Statement - counter = counter + 1: null

2018-12-14 02:06:39 - [TEST_STEP][PASSED] - Statement - PreSaveFile = new java.io.File(((pathPrefix + java.lang.Integer.toString(counter)) + .png)): null

2018-12-14 02:06:39 - [TEST_STEP][PASSED] - Statement - counter = counter + 1: null

2018-12-14 02:06:39 - [TEST_STEP][PASSED] - Statement - PreSaveFile = new java.io.File(((pathPrefix + java.lang.Integer.toString(counter)) + .png)): null

2018-12-14 02:06:39 - [TEST_STEP][PASSED] - Statement - counter = counter + 1: null

2018-12-14 02:06:39 - [TEST_STEP][PASSED] - Statement - PreSaveFile = new java.io.File(((pathPrefix + java.lang.Integer.toString(counter)) + .png)): null

2018-12-14 02:06:39 - [TEST_STEP][PASSED] - Statement - counter = counter + 1: null

2018-12-14 02:06:39 - [TEST_STEP][PASSED] - Statement - PreSaveFile = new java.io.File(((pathPrefix + java.lang.Integer.toString(counter)) + .png)): null

2018-12-14 02:06:39 - [TEST_STEP][PASSED] - Statement - counter = counter + 1: null

2018-12-14 02:06:39 - [TEST_STEP][PASSED] - Statement - PreSaveFile = new java.io.File(((pathPrefix + java.lang.Integer.toString(counter)) + .png)): null

2018-12-14 02:06:39 - [TEST_STEP][PASSED] - Statement - counter = counter + 1: null

2018-12-14 02:06:39 - [TEST_STEP][PASSED] - Statement - PreSaveFile = new java.io.File(((pathPrefix + java.lang.Integer.toString(counter)) + .png)): null

2018-12-14 02:06:39 - [TEST_STEP][PASSED] - Statement - counter = counter + 1: null

2018-12-14 02:06:39 - [TEST_STEP][PASSED] - Statement - PreSaveFile = new java.io.File(((pathPrefix + java.lang.Integer.toString(counter)) + .png)): null

2018-12-14 02:06:39 - [TEST_STEP][PASSED] - Statement - counter = counter + 1: null

2018-12-14 02:06:39 - [TEST_STEP][PASSED] - Statement - PreSaveFile = new java.io.File(((pathPrefix + java.lang.Integer.toString(counter)) + .png)): null

2018-12-14 02:06:39 - [TEST_STEP][PASSED] - Statement - counter = counter + 1: null

2018-12-14 02:06:39 - [TEST_STEP][PASSED] - Statement - PreSaveFile = new java.io.File(((pathPrefix + java.lang.Integer.toString(counter)) + .png)): null

2018-12-14 02:06:39 - [TEST_STEP][PASSED] - Statement - counter = counter + 1: null

2018-12-14 02:06:39 - [TEST_STEP][PASSED] - Statement - PreSaveFile = new java.io.File(((pathPrefix + java.lang.Integer.toString(counter)) + .png)): null

2018-12-14 02:06:39 - [TEST_STEP][PASSED] - Statement - counter = counter + 1: null

2018-12-14 02:06:39 - [TEST_STEP][PASSED] - Statement - PreSaveFile = new java.io.File(((pathPrefix + java.lang.Integer.toString(counter)) + .png)): null

2018-12-14 02:06:39 - [TEST_STEP][PASSED] - Statement - counter = counter + 1: null

2018-12-14 02:06:39 - [TEST_STEP][PASSED] - Statement - PreSaveFile = new java.io.File(((pathPrefix + java.lang.Integer.toString(counter)) + .png)): null

2018-12-14 02:06:39 - [TEST_STEP][PASSED] - Statement - counter = counter + 1: null

2018-12-14 02:06:39 - [TEST_STEP][PASSED] - Statement - PreSaveFile = new java.io.File(((pathPrefix + java.lang.Integer.toString(counter)) + .png)): null

2018-12-14 02:06:39 - [TEST_STEP][PASSED] - Statement - counter = counter + 1: null

2018-12-14 02:06:39 - [TEST_STEP][PASSED] - Statement - PreSaveFile = new java.io.File(((pathPrefix + java.lang.Integer.toString(counter)) + .png)): null

2018-12-14 02:06:39 - [TEST_STEP][PASSED] - Statement - counter = counter + 1: null

2018-12-14 02:06:39 - [TEST_STEP][PASSED] - Statement - PreSaveFile = new java.io.File(((pathPrefix + java.lang.Integer.toString(counter)) + .png)): null

2018-12-14 02:06:39 - [TEST_STEP][PASSED] - Statement - counter = counter + 1: null

2018-12-14 02:06:39 - [TEST_STEP][PASSED] - Statement - PreSaveFile = new java.io.File(((pathPrefix + java.lang.Integer.toString(counter)) + .png)): null

2018-12-14 02:06:39 - [TEST_STEP][PASSED] - Statement - counter = counter + 1: null

2018-12-14 02:06:39 - [TEST_STEP][PASSED] - Statement - PreSaveFile = new java.io.File(((pathPrefix + java.lang.Integer.toString(counter)) + .png)): null

2018-12-14 02:06:39 - [TEST_STEP][PASSED] - Statement - counter = counter + 1: null

2018-12-14 02:06:39 - [TEST_STEP][PASSED] - Statement - PreSaveFile = new java.io.File(((pathPrefix + java.lang.Integer.toString(counter)) + .png)): null

2018-12-14 02:06:39 - [TEST_STEP][PASSED] - Statement - counter = counter + 1: null

2018-12-14 02:06:39 - [TEST_STEP][PASSED] - Statement - PreSaveFile = new java.io.File(((pathPrefix + java.lang.Integer.toString(counter)) + .png)): null

2018-12-14 02:06:39 - [TEST_STEP][PASSED] - Statement - counter = counter + 1: null

2018-12-14 02:06:39 - [TEST_STEP][PASSED] - Statement - PreSaveFile = new java.io.File(((pathPrefix + java.lang.Integer.toString(counter)) + .png)): null

2018-12-14 02:06:39 - [TEST_STEP][PASSED] - Statement - counter = counter + 1: null

2018-12-14 02:06:39 - [TEST_STEP][PASSED] - Statement - PreSaveFile = new java.io.File(((pathPrefix + java.lang.Integer.toString(counter)) + .png)): null

2018-12-14 02:06:39 - [TEST_STEP][PASSED] - Statement - counter = counter + 1: null

2018-12-14 02:06:39 - [TEST_STEP][PASSED] - Statement - PreSaveFile = new java.io.File(((pathPrefix + java.lang.Integer.toString(counter)) + .png)): null

2018-12-14 02:06:39 - [TEST_STEP][PASSED] - Statement - counter = counter + 1: null

2018-12-14 02:06:39 - [TEST_STEP][PASSED] - Statement - PreSaveFile = new java.io.File(((pathPrefix + java.lang.Integer.toString(counter)) + .png)): null

2018-12-14 02:06:39 - [TEST_STEP][PASSED] - Statement - counter = counter + 1: null

2018-12-14 02:06:39 - [TEST_STEP][PASSED] - Statement - PreSaveFile = new java.io.File(((pathPrefix + java.lang.Integer.toString(counter)) + .png)): null

2018-12-14 02:06:39 - [TEST_STEP][PASSED] - Statement - counter = counter + 1: null

2018-12-14 02:06:39 - [TEST_STEP][PASSED] - Statement - PreSaveFile = new java.io.File(((pathPrefix + java.lang.Integer.toString(counter)) + .png)): null

2018-12-14 02:06:39 - [TEST_STEP][PASSED] - Statement - counter = counter + 1: null

2018-12-14 02:06:39 - [TEST_STEP][PASSED] - Statement - PreSaveFile = new java.io.File(((pathPrefix + java.lang.Integer.toString(counter)) + .png)): null

2018-12-14 02:06:39 - [TEST_STEP][PASSED] - Statement - counter = counter + 1: null

2018-12-14 02:06:39 - [TEST_STEP][PASSED] - Statement - PreSaveFile = new java.io.File(((pathPrefix + java.lang.Integer.toString(counter)) + .png)): null

2018-12-14 02:06:39 - [TEST_STEP][PASSED] - Statement - counter = counter + 1: null

2018-12-14 02:06:39 - [TEST_STEP][PASSED] - Statement - PreSaveFile = new java.io.File(((pathPrefix + java.lang.Integer.toString(counter)) + .png)): null

2018-12-14 02:06:39 - [TEST_STEP][PASSED] - Statement - counter = counter + 1: null

2018-12-14 02:06:39 - [TEST_STEP][PASSED] - Statement - PreSaveFile = new java.io.File(((pathPrefix + java.lang.Integer.toString(counter)) + .png)): null

2018-12-14 02:06:39 - [TEST_STEP][PASSED] - Statement - counter = counter + 1: null

2018-12-14 02:06:39 - [TEST_STEP][PASSED] - Statement - PreSaveFile = new java.io.File(((pathPrefix + java.lang.Integer.toString(counter)) + .png)): null

2018-12-14 02:06:39 - [TEST_STEP][PASSED] - Statement - counter = counter + 1: null

2018-12-14 02:06:39 - [TEST_STEP][PASSED] - Statement - PreSaveFile = new java.io.File(((pathPrefix + java.lang.Integer.toString(counter)) + .png)): null

2018-12-14 02:06:39 - [TEST_STEP][PASSED] - Statement - counter = counter + 1: null

2018-12-14 02:06:39 - [TEST_STEP][PASSED] - Statement - PreSaveFile = new java.io.File(((pathPrefix + java.lang.Integer.toString(counter)) + .png)): null

2018-12-14 02:06:39 - [TEST_STEP][PASSED] - Statement - counter = counter + 1: null

2018-12-14 02:06:39 - [TEST_STEP][PASSED] - Statement - PreSaveFile = new java.io.File(((pathPrefix + java.lang.Integer.toString(counter)) + .png)): null

2018-12-14 02:06:39 - [TEST_STEP][PASSED] - Statement - counter = counter + 1: null

2018-12-14 02:06:39 - [TEST_STEP][PASSED] - Statement - PreSaveFile = new java.io.File(((pathPrefix + java.lang.Integer.toString(counter)) + .png)): null

2018-12-14 02:06:39 - [TEST_STEP][PASSED] - Statement - counter = counter + 1: null

2018-12-14 02:06:39 - [TEST_STEP][PASSED] - Statement - PreSaveFile = new java.io.File(((pathPrefix + java.lang.Integer.toString(counter)) + .png)): null

2018-12-14 02:06:39 - [TEST_STEP][PASSED] - Statement - counter = counter + 1: null

2018-12-14 02:06:39 - [TEST_STEP][PASSED] - Statement - PreSaveFile = new java.io.File(((pathPrefix + java.lang.Integer.toString(counter)) + .png)): null

2018-12-14 02:06:39 - [TEST_STEP][PASSED] - Statement - counter = counter + 1: null

2018-12-14 02:06:39 - [TEST_STEP][PASSED] - Statement - PreSaveFile = new java.io.File(((pathPrefix + java.lang.Integer.toString(counter)) + .png)): null

2018-12-14 02:06:39 - [TEST_STEP][PASSED] - Statement - counter = counter + 1: null

2018-12-14 02:06:39 - [TEST_STEP][PASSED] - Statement - PreSaveFile = new java.io.File(((pathPrefix + java.lang.Integer.toString(counter)) + .png)): null

2018-12-14 02:06:39 - [TEST_STEP][PASSED] - Statement - counter = counter + 1: null

2018-12-14 02:06:39 - [TEST_STEP][PASSED] - Statement - PreSaveFile = new java.io.File(((pathPrefix + java.lang.Integer.toString(counter)) + .png)): null

2018-12-14 02:06:39 - [TEST_STEP][PASSED] - Statement - counter = counter + 1: null

2018-12-14 02:06:39 - [TEST_STEP][PASSED] - Statement - PreSaveFile = new java.io.File(((pathPrefix + java.lang.Integer.toString(counter)) + .png)): null

2018-12-14 02:06:39 - [TEST_STEP][PASSED] - Statement - counter = counter + 1: null

2018-12-14 02:06:39 - [TEST_STEP][PASSED] - Statement - PreSaveFile = new java.io.File(((pathPrefix + java.lang.Integer.toString(counter)) + .png)): null

2018-12-14 02:06:39 - [TEST_STEP][PASSED] - Statement - counter = counter + 1: null

2018-12-14 02:06:39 - [TEST_STEP][PASSED] - Statement - PreSaveFile = new java.io.File(((pathPrefix + java.lang.Integer.toString(counter)) + .png)): null

2018-12-14 02:06:39 - [TEST_STEP][PASSED] - Statement - counter = counter + 1: null

2018-12-14 02:06:40 - [TEST_STEP][PASSED] - Statement - PreSaveFile = new java.io.File(((pathPrefix + java.lang.Integer.toString(counter)) + .png)): null

2018-12-14 02:06:40 - [TEST_STEP][PASSED] - Statement - counter = counter + 1: null

2018-12-14 02:06:40 - [TEST_STEP][PASSED] - Statement - PreSaveFile = new java.io.File(((pathPrefix + java.lang.Integer.toString(counter)) + .png)): null

2018-12-14 02:06:40 - [TEST_STEP][PASSED] - Statement - counter = counter + 1: null

2018-12-14 02:06:40 - [TEST_STEP][PASSED] - Statement - PreSaveFile = new java.io.File(((pathPrefix + java.lang.Integer.toString(counter)) + .png)): null

2018-12-14 02:06:40 - [TEST_STEP][PASSED] - Statement - counter = counter + 1: null

2018-12-14 02:06:40 - [TEST_STEP][PASSED] - Statement - PreSaveFile = new java.io.File(((pathPrefix + java.lang.Integer.toString(counter)) + .png)): null

2018-12-14 02:06:40 - [TEST_STEP][PASSED] - Statement - counter = counter + 1: null

2018-12-14 02:06:40 - [TEST_STEP][PASSED] - Statement - PreSaveFile = new java.io.File(((pathPrefix + java.lang.Integer.toString(counter)) + .png)): null

2018-12-14 02:06:40 - [TEST_STEP][PASSED] - Statement - counter = counter + 1: null

2018-12-14 02:06:40 - [TEST_STEP][PASSED] - Statement - PreSaveFile = new java.io.File(((pathPrefix + java.lang.Integer.toString(counter)) + .png)): null

2018-12-14 02:06:40 - [TEST_STEP][PASSED] - Statement - counter = counter + 1: null

2018-12-14 02:06:40 - [TEST_STEP][PASSED] - Statement - PreSaveFile = new java.io.File(((pathPrefix + java.lang.Integer.toString(counter)) + .png)): null

2018-12-14 02:06:40 - [TEST_STEP][PASSED] - Statement - counter = counter + 1: null

2018-12-14 02:06:40 - [TEST_STEP][PASSED] - Statement - PreSaveFile = new java.io.File(((pathPrefix + java.lang.Integer.toString(counter)) + .png)): null

2018-12-14 02:06:40 - [TEST_STEP][PASSED] - Statement - counter = counter + 1: null

2018-12-14 02:06:40 - [TEST_STEP][PASSED] - Statement - PreSaveFile = new java.io.File(((pathPrefix + java.lang.Integer.toString(counter)) + .png)): null

2018-12-14 02:06:40 - [TEST_STEP][PASSED] - Statement - counter = counter + 1: null

2018-12-14 02:06:40 - [TEST_STEP][PASSED] - Statement - PreSaveFile = new java.io.File(((pathPrefix + java.lang.Integer.toString(counter)) + .png)): null

2018-12-14 02:06:40 - [TEST_STEP][PASSED] - Statement - counter = counter + 1: null

2018-12-14 02:06:40 - [TEST_STEP][PASSED] - Statement - PreSaveFile = new java.io.File(((pathPrefix + java.lang.Integer.toString(counter)) + .png)): null

2018-12-14 02:06:40 - [TEST_STEP][PASSED] - Statement - counter = counter + 1: null

2018-12-14 02:06:40 - [TEST_STEP][PASSED] - Statement - PreSaveFile = new java.io.File(((pathPrefix + java.lang.Integer.toString(counter)) + .png)): null

2018-12-14 02:06:40 - [TEST_STEP][PASSED] - Statement - counter = counter + 1: null

2018-12-14 02:06:40 - [TEST_STEP][PASSED] - Statement - PreSaveFile = new java.io.File(((pathPrefix + java.lang.Integer.toString(counter)) + .png)): null

2018-12-14 02:06:40 - [TEST_STEP][PASSED] - Statement - counter = counter + 1: null

2018-12-14 02:06:40 - [TEST_STEP][PASSED] - Statement - PreSaveFile = new java.io.File(((pathPrefix + java.lang.Integer.toString(counter)) + .png)): null

2018-12-14 02:06:40 - [TEST_STEP][PASSED] - Statement - counter = counter + 1: null

2018-12-14 02:06:40 - [TEST_STEP][PASSED] - Statement - PreSaveFile = new java.io.File(((pathPrefix + java.lang.Integer.toString(counter)) + .png)): null

2018-12-14 02:06:40 - [TEST_STEP][PASSED] - Statement - counter = counter + 1: null

2018-12-14 02:06:40 - [TEST_STEP][PASSED] - Statement - PreSaveFile = new java.io.File(((pathPrefix + java.lang.Integer.toString(counter)) + .png)): null

2018-12-14 02:06:40 - [TEST_STEP][PASSED] - Statement - counter = counter + 1: null

2018-12-14 02:06:40 - [TEST_STEP][PASSED] - Statement - PreSaveFile = new java.io.File(((pathPrefix + java.lang.Integer.toString(counter)) + .png)): null

2018-12-14 02:06:40 - [TEST_STEP][PASSED] - Statement - counter = counter + 1: null

2018-12-14 02:06:40 - [TEST_STEP][PASSED] - Statement - PreSaveFile = new java.io.File(((pathPrefix + java.lang.Integer.toString(counter)) + .png)): null

2018-12-14 02:06:40 - [TEST_STEP][PASSED] - Statement - counter = counter + 1: null

2018-12-14 02:06:40 - [TEST_STEP][PASSED] - Statement - PreSaveFile = new java.io.File(((pathPrefix + java.lang.Integer.toString(counter)) + .png)): null

2018-12-14 02:06:40 - [TEST_STEP][PASSED] - Statement - counter = counter + 1: null

2018-12-14 02:06:40 - [TEST_STEP][PASSED] - Statement - PreSaveFile = new java.io.File(((pathPrefix + java.lang.Integer.toString(counter)) + .png)): null

2018-12-14 02:06:40 - [TEST_STEP][PASSED] - Statement - counter = counter + 1: null

2018-12-14 02:06:40 - [TEST_STEP][PASSED] - Statement - PreSaveFile = new java.io.File(((pathPrefix + java.lang.Integer.toString(counter)) + .png)): null

2018-12-14 02:06:40 - [TEST_STEP][PASSED] - Statement - counter = counter + 1: null

2018-12-14 02:06:40 - [TEST_STEP][PASSED] - Statement - PreSaveFile = new java.io.File(((pathPrefix + java.lang.Integer.toString(counter)) + .png)): null

2018-12-14 02:06:40 - [TEST_STEP][PASSED] - Statement - counter = counter + 1: null

2018-12-14 02:06:40 - [TEST_STEP][PASSED] - Statement - PreSaveFile = new java.io.File(((pathPrefix + java.lang.Integer.toString(counter)) + .png)): null

2018-12-14 02:06:40 - [TEST_STEP][PASSED] - Statement - counter = counter + 1: null

2018-12-14 02:06:40 - [TEST_STEP][PASSED] - Statement - PreSaveFile = new java.io.File(((pathPrefix + java.lang.Integer.toString(counter)) + .png)): null

2018-12-14 02:06:40 - [TEST_STEP][PASSED] - Statement - counter = counter + 1: null

2018-12-14 02:06:40 - [TEST_STEP][PASSED] - Statement - PreSaveFile = new java.io.File(((pathPrefix + java.lang.Integer.toString(counter)) + .png)): null

2018-12-14 02:06:40 - [TEST_STEP][PASSED] - Statement - counter = counter + 1: null

2018-12-14 02:06:40 - [TEST_STEP][PASSED] - Statement - PreSaveFile = new java.io.File(((pathPrefix + java.lang.Integer.toString(counter)) + .png)): null

2018-12-14 02:06:40 - [TEST_STEP][PASSED] - Statement - counter = counter + 1: null

2018-12-14 02:06:40 - [TEST_STEP][PASSED] - Statement - PreSaveFile = new java.io.File(((pathPrefix + java.lang.Integer.toString(counter)) + .png)): null

2018-12-14 02:06:40 - [TEST_STEP][PASSED] - Statement - counter = counter + 1: null

2018-12-14 02:06:40 - [TEST_STEP][PASSED] - Statement - PreSaveFile = new java.io.File(((pathPrefix + java.lang.Integer.toString(counter)) + .png)): null

2018-12-14 02:06:40 - [TEST_STEP][PASSED] - Statement - counter = counter + 1: null

2018-12-14 02:06:40 - [TEST_STEP][PASSED] - Statement - PreSaveFile = new java.io.File(((pathPrefix + java.lang.Integer.toString(counter)) + .png)): null

2018-12-14 02:06:40 - [TEST_STEP][PASSED] - Statement - counter = counter + 1: null

2018-12-14 02:06:40 - [TEST_STEP][PASSED] - Statement - PreSaveFile = new java.io.File(((pathPrefix + java.lang.Integer.toString(counter)) + .png)): null

2018-12-14 02:06:40 - [TEST_STEP][PASSED] - Statement - counter = counter + 1: null

2018-12-14 02:06:40 - [TEST_STEP][PASSED] - Statement - PreSaveFile = new java.io.File(((pathPrefix + java.lang.Integer.toString(counter)) + .png)): null

2018-12-14 02:06:40 - [TEST_STEP][PASSED] - Statement - counter = counter + 1: null

2018-12-14 02:06:40 - [TEST_STEP][PASSED] - Statement - PreSaveFile = new java.io.File(((pathPrefix + java.lang.Integer.toString(counter)) + .png)): null

2018-12-14 02:06:40 - [TEST_STEP][PASSED] - Statement - counter = counter + 1: null

2018-12-14 02:06:40 - [TEST_STEP][PASSED] - Statement - PreSaveFile = new java.io.File(((pathPrefix + java.lang.Integer.toString(counter)) + .png)): null

2018-12-14 02:06:40 - [TEST_STEP][PASSED] - Statement - counter = counter + 1: null

2018-12-14 02:06:40 - [TEST_STEP][PASSED] - Statement - PreSaveFile = new java.io.File(((pathPrefix + java.lang.Integer.toString(counter)) + .png)): null

2018-12-14 02:06:40 - [TEST_STEP][PASSED] - Statement - counter = counter + 1: null

2018-12-14 02:06:40 - [TEST_STEP][PASSED] - Statement - PreSaveFile = new java.io.File(((pathPrefix + java.lang.Integer.toString(counter)) + .png)): null

2018-12-14 02:06:40 - [TEST_STEP][PASSED] - Statement - counter = counter + 1: null

2018-12-14 02:06:40 - [TEST_STEP][PASSED] - Statement - PreSaveFile = new java.io.File(((pathPrefix + java.lang.Integer.toString(counter)) + .png)): null

2018-12-14 02:06:40 - [TEST_STEP][PASSED] - Statement - counter = counter + 1: null

2018-12-14 02:06:40 - [TEST_STEP][PASSED] - Statement - PreSaveFile = new java.io.File(((pathPrefix + java.lang.Integer.toString(counter)) + .png)): null

2018-12-14 02:06:40 - [TEST_STEP][PASSED] - Statement - counter = counter + 1: null

2018-12-14 02:06:40 - [TEST_STEP][PASSED] - Statement - PreSaveFile = new java.io.File(((pathPrefix + java.lang.Integer.toString(counter)) + .png)): null

2018-12-14 02:06:40 - [TEST_STEP][PASSED] - Statement - counter = counter + 1: null

2018-12-14 02:06:40 - [TEST_STEP][PASSED] - Statement - PreSaveFile = new java.io.File(((pathPrefix + java.lang.Integer.toString(counter)) + .png)): null

2018-12-14 02:06:40 - [TEST_STEP][PASSED] - Statement - counter = counter + 1: null

2018-12-14 02:06:40 - [TEST_STEP][PASSED] - Statement - PreSaveFile = new java.io.File(((pathPrefix + java.lang.Integer.toString(counter)) + .png)): null

2018-12-14 02:06:40 - [TEST_STEP][PASSED] - Statement - counter = counter + 1: null

2018-12-14 02:06:40 - [TEST_STEP][PASSED] - Statement - PreSaveFile = new java.io.File(((pathPrefix + java.lang.Integer.toString(counter)) + .png)): null

2018-12-14 02:06:40 - [TEST_STEP][PASSED] - Statement - counter = counter + 1: null

2018-12-14 02:06:40 - [TEST_STEP][PASSED] - Statement - PreSaveFile = new java.io.File(((pathPrefix + java.lang.Integer.toString(counter)) + .png)): null

2018-12-14 02:06:40 - [TEST_STEP][PASSED] - Statement - counter = counter + 1: null

2018-12-14 02:06:40 - [TEST_STEP][PASSED] - Statement - PreSaveFile = new java.io.File(((pathPrefix + java.lang.Integer.toString(counter)) + .png)): null

2018-12-14 02:06:40 - [TEST_STEP][PASSED] - Statement - counter = counter + 1: null

2018-12-14 02:06:40 - [TEST_STEP][PASSED] - Statement - PreSaveFile = new java.io.File(((pathPrefix + java.lang.Integer.toString(counter)) + .png)): null

2018-12-14 02:06:40 - [TEST_STEP][PASSED] - Statement - counter = counter + 1: null

2018-12-14 02:06:40 - [TEST_STEP][PASSED] - Statement - PreSaveFile = new java.io.File(((pathPrefix + java.lang.Integer.toString(counter)) + .png)): null

2018-12-14 02:06:40 - [TEST_STEP][PASSED] - Statement - counter = counter + 1: null

2018-12-14 02:06:40 - [TEST_STEP][PASSED] - Statement - PreSaveFile = new java.io.File(((pathPrefix + java.lang.Integer.toString(counter)) + .png)): null

2018-12-14 02:06:40 - [TEST_STEP][PASSED] - Statement - counter = counter + 1: null

2018-12-14 02:06:40 - [TEST_STEP][PASSED] - Statement - PreSaveFile = new java.io.File(((pathPrefix + java.lang.Integer.toString(counter)) + .png)): null

2018-12-14 02:06:40 - [TEST_STEP][PASSED] - Statement - counter = counter + 1: null

2018-12-14 02:06:40 - [TEST_STEP][PASSED] - Statement - PreSaveFile = new java.io.File(((pathPrefix + java.lang.Integer.toString(counter)) + .png)): null

2018-12-14 02:06:40 - [TEST_STEP][PASSED] - Statement - counter = counter + 1: null

2018-12-14 02:06:40 - [TEST_STEP][PASSED] - Statement - PreSaveFile = new java.io.File(((pathPrefix + java.lang.Integer.toString(counter)) + .png)): null

2018-12-14 02:06:40 - [TEST_STEP][PASSED] - Statement - counter = counter + 1: null

2018-12-14 02:06:40 - [TEST_STEP][PASSED] - Statement - PreSaveFile = new java.io.File(((pathPrefix + java.lang.Integer.toString(counter)) + .png)): null

2018-12-14 02:06:40 - [TEST_STEP][PASSED] - Statement - counter = counter + 1: null

2018-12-14 02:06:40 - [TEST_STEP][PASSED] - Statement - PreSaveFile = new java.io.File(((pathPrefix + java.lang.Integer.toString(counter)) + .png)): null

2018-12-14 02:06:40 - [TEST_STEP][PASSED] - Statement - counter = counter + 1: null

2018-12-14 02:06:40 - [TEST_STEP][PASSED] - Statement - PreSaveFile = new java.io.File(((pathPrefix + java.lang.Integer.toString(counter)) + .png)): null

2018-12-14 02:06:40 - [TEST_STEP][PASSED] - Statement - counter = counter + 1: null

2018-12-14 02:06:40 - [TEST_STEP][PASSED] - Statement - PreSaveFile = new java.io.File(((pathPrefix + java.lang.Integer.toString(counter)) + .png)): null

2018-12-14 02:06:40 - [TEST_STEP][PASSED] - Statement - counter = counter + 1: null

2018-12-14 02:06:40 - [TEST_STEP][PASSED] - Statement - PreSaveFile = new java.io.File(((pathPrefix + java.lang.Integer.toString(counter)) + .png)): null

2018-12-14 02:06:40 - [TEST_STEP][PASSED] - Statement - counter = counter + 1: null

2018-12-14 02:06:40 - [TEST_STEP][PASSED] - Statement - PreSaveFile = new java.io.File(((pathPrefix + java.lang.Integer.toString(counter)) + .png)): null

2018-12-14 02:06:40 - [TEST_STEP][PASSED] - Statement - counter = counter + 1: null

2018-12-14 02:06:40 - [TEST_STEP][PASSED] - Statement - PreSaveFile = new java.io.File(((pathPrefix + java.lang.Integer.toString(counter)) + .png)): null

2018-12-14 02:06:40 - [TEST_STEP][PASSED] - Statement - counter = counter + 1: null

2018-12-14 02:06:40 - [TEST_STEP][PASSED] - Statement - PreSaveFile = new java.io.File(((pathPrefix + java.lang.Integer.toString(counter)) + .png)): null

2018-12-14 02:06:40 - [TEST_STEP][PASSED] - Statement - counter = counter + 1: null

2018-12-14 02:06:40 - [TEST_STEP][PASSED] - Statement - PreSaveFile = new java.io.File(((pathPrefix + java.lang.Integer.toString(counter)) + .png)): null

2018-12-14 02:06:40 - [TEST_STEP][PASSED] - Statement - counter = counter + 1: null

2018-12-14 02:06:40 - [TEST_STEP][PASSED] - Statement - PreSaveFile = new java.io.File(((pathPrefix + java.lang.Integer.toString(counter)) + .png)): null

2018-12-14 02:06:40 - [TEST_STEP][PASSED] - Statement - counter = counter + 1: null

2018-12-14 02:06:40 - [TEST_STEP][PASSED] - Statement - PreSaveFile = new java.io.File(((pathPrefix + java.lang.Integer.toString(counter)) + .png)): null

2018-12-14 02:06:40 - [TEST_STEP][PASSED] - Statement - counter = counter + 1: null

2018-12-14 02:06:40 - [TEST_STEP][PASSED] - Statement - PreSaveFile = new java.io.File(((pathPrefix + java.lang.Integer.toString(counter)) + .png)): null

2018-12-14 02:06:40 - [TEST_STEP][PASSED] - Statement - counter = counter + 1: null

2018-12-14 02:06:40 - [TEST_STEP][PASSED] - Statement - PreSaveFile = new java.io.File(((pathPrefix + java.lang.Integer.toString(counter)) + .png)): null

2018-12-14 02:06:40 - [TEST_STEP][PASSED] - Statement - counter = counter + 1: null

2018-12-14 02:06:40 - [TEST_STEP][PASSED] - Statement - PreSaveFile = new java.io.File(((pathPrefix + java.lang.Integer.toString(counter)) + .png)): null

2018-12-14 02:06:40 - [TEST_STEP][PASSED] - Statement - counter = counter + 1: null

2018-12-14 02:06:40 - [TEST_STEP][PASSED] - Statement - PreSaveFile = new java.io.File(((pathPrefix + java.lang.Integer.toString(counter)) + .png)): null

2018-12-14 02:06:40 - [TEST_STEP][PASSED] - Statement - counter = counter + 1: null

2018-12-14 02:06:40 - [TEST_STEP][PASSED] - Statement - PreSaveFile = new java.io.File(((pathPrefix + java.lang.Integer.toString(counter)) + .png)): null

2018-12-14 02:06:40 - [TEST_STEP][PASSED] - Statement - counter = counter + 1: null

2018-12-14 02:06:40 - [TEST_STEP][PASSED] - Statement - PreSaveFile = new java.io.File(((pathPrefix + java.lang.Integer.toString(counter)) + .png)): null

2018-12-14 02:06:40 - [TEST_STEP][PASSED] - Statement - counter = counter + 1: null

2018-12-14 02:06:40 - [TEST_STEP][PASSED] - Statement - PreSaveFile = new java.io.File(((pathPrefix + java.lang.Integer.toString(counter)) + .png)): null

2018-12-14 02:06:40 - [TEST_STEP][PASSED] - Statement - counter = counter + 1: null

2018-12-14 02:06:40 - [TEST_STEP][PASSED] - Statement - PreSaveFile = new java.io.File(((pathPrefix + java.lang.Integer.toString(counter)) + .png)): null

2018-12-14 02:06:40 - [TEST_STEP][PASSED] - Statement - counter = counter + 1: null

2018-12-14 02:06:40 - [TEST_STEP][PASSED] - Statement - PreSaveFile = new java.io.File(((pathPrefix + java.lang.Integer.toString(counter)) + .png)): null

2018-12-14 02:06:40 - [TEST_STEP][PASSED] - Statement - counter = counter + 1: null

2018-12-14 02:06:40 - [TEST_STEP][PASSED] - Statement - PreSaveFile = new java.io.File(((pathPrefix + java.lang.Integer.toString(counter)) + .png)): null

2018-12-14 02:06:40 - [TEST_STEP][PASSED] - Statement - counter = counter + 1: null

2018-12-14 02:06:40 - [TEST_STEP][PASSED] - Statement - PreSaveFile = new java.io.File(((pathPrefix + java.lang.Integer.toString(counter)) + .png)): null

2018-12-14 02:06:40 - [TEST_STEP][PASSED] - Statement - counter = counter + 1: null

2018-12-14 02:06:40 - [TEST_STEP][PASSED] - Statement - PreSaveFile = new java.io.File(((pathPrefix + java.lang.Integer.toString(counter)) + .png)): null

2018-12-14 02:06:40 - [TEST_STEP][PASSED] - Statement - counter = counter + 1: null

2018-12-14 02:06:40 - [TEST_STEP][PASSED] - Statement - PreSaveFile = new java.io.File(((pathPrefix + java.lang.Integer.toString(counter)) + .png)): null

2018-12-14 02:06:40 - [TEST_STEP][PASSED] - Statement - counter = counter + 1: null

2018-12-14 02:06:40 - [TEST_STEP][PASSED] - Statement - PreSaveFile = new java.io.File(((pathPrefix + java.lang.Integer.toString(counter)) + .png)): null

2018-12-14 02:06:40 - [TEST_STEP][PASSED] - Statement - counter = counter + 1: null

2018-12-14 02:06:40 - [TEST_STEP][PASSED] - Statement - PreSaveFile = new java.io.File(((pathPrefix + java.lang.Integer.toString(counter)) + .png)): null

2018-12-14 02:06:40 - [TEST_STEP][PASSED] - Statement - counter = counter + 1: null

2018-12-14 02:06:40 - [TEST_STEP][PASSED] - Statement - PreSaveFile = new java.io.File(((pathPrefix + java.lang.Integer.toString(counter)) + .png)): null

2018-12-14 02:06:40 - [TEST_STEP][PASSED] - Statement - counter = counter + 1: null

2018-12-14 02:06:40 - [TEST_STEP][PASSED] - Statement - PreSaveFile = new java.io.File(((pathPrefix + java.lang.Integer.toString(counter)) + .png)): null

2018-12-14 02:06:40 - [TEST_STEP][PASSED] - Statement - counter = counter + 1: null

2018-12-14 02:06:40 - [TEST_STEP][PASSED] - Statement - PreSaveFile = new java.io.File(((pathPrefix + java.lang.Integer.toString(counter)) + .png)): null

2018-12-14 02:06:40 - [TEST_STEP][PASSED] - Statement - counter = counter + 1: null

2018-12-14 02:06:40 - [TEST_STEP][PASSED] - Statement - PreSaveFile = new java.io.File(((pathPrefix + java.lang.Integer.toString(counter)) + .png)): null

2018-12-14 02:06:40 - [TEST_STEP][PASSED] - Statement - counter = counter + 1: null

2018-12-14 02:06:40 - [TEST_STEP][PASSED] - Statement - PreSaveFile = new java.io.File(((pathPrefix + java.lang.Integer.toString(counter)) + .png)): null

2018-12-14 02:06:40 - [TEST_STEP][PASSED] - Statement - counter = counter + 1: null

2018-12-14 02:06:40 - [TEST_STEP][PASSED] - Statement - PreSaveFile = new java.io.File(((pathPrefix + java.lang.Integer.toString(counter)) + .png)): null

2018-12-14 02:06:40 - [TEST_STEP][PASSED] - Statement - counter = counter + 1: null

2018-12-14 02:06:40 - [TEST_STEP][PASSED] - Statement - PreSaveFile = new java.io.File(((pathPrefix + java.lang.Integer.toString(counter)) + .png)): null

2018-12-14 02:06:40 - [TEST_STEP][PASSED] - Statement - counter = counter + 1: null

2018-12-14 02:06:40 - [TEST_STEP][PASSED] - Statement - PreSaveFile = new java.io.File(((pathPrefix + java.lang.Integer.toString(counter)) + .png)): null

2018-12-14 02:06:40 - [TEST_STEP][PASSED] - Statement - counter = counter + 1: null

2018-12-14 02:06:40 - [TEST_STEP][PASSED] - Statement - PreSaveFile = new java.io.File(((pathPrefix + java.lang.Integer.toString(counter)) + .png)): null

2018-12-14 02:06:40 - [TEST_STEP][PASSED] - Statement - finalPath = pathPrefix + java.lang.Integer.toString(counter) + ".png": null

2018-12-14 02:06:40 - [TEST_STEP][PASSED] - Statement - SaveFile = new java.io.File(finalPath): null

2018-12-14 02:06:40 - [TEST_STEP][PASSED] - Statement - Try: null

2018-12-14 02:06:40 - [TEST_STEP][PASSED] - Statement - org.apache.commons.io.FileUtils.copyFile(scrFile, SaveFile): null

2018-12-14 02:06:40 - [TEST_STEP][PASSED] - Statement - out.println("file kept"): null

2018-12-14 02:06:40 - [TEST_STEP][PASSED] - delay: Delayed 10 second(s)

2018-12-14 02:06:50 - [MESSAGE][PASSED] - Delayed 10 second(s)

2018-12-14 02:06:50 - [MESSAGE][PASSED] - Call Test Case 'Test Cases/Final Aug 2018 - PKS Automation/Common/Screenshoting tool' successfully

2018-12-14 02:06:50 - [TEST_STEP][PASSED] - callTestCase: Call Test Case 'Test Cases/Final Aug 2018 - PKS Automation/Registration Module/Log Out/log out avoiding katalon tagging' successfully

2018-12-14 02:06:50 - [TEST_CASE][PASSED] - Test Cases/Final Aug 2018 - PKS Automation/Registration Module/Log Out/log out avoiding katalon tagging: Test Cases/Final Aug 2018 - PKS Automation/Registration Module/Log Out/log out avoiding katalon tagging

2018-12-14 02:06:50 - [TEST_STEP][PASSED] - navigateToUrl: Navigate to 'https://assist2-uat.perkeso.gov.my/c/portal/logout' successfully

2018-12-14 02:06:51 - [MESSAGE][PASSED] - Navigate to 'https://assist2-uat.perkeso.gov.my/c/portal/logout' successfully

2018-12-14 02:06:51 - [MESSAGE][PASSED] - Call Test Case 'Test Cases/Final Aug 2018 - PKS Automation/Registration Module/Log Out/log out avoiding katalon tagging' successfully

2018-12-14 02:06:51 - [TEST_STEP][PASSED] - callTestCase: Call Test Case 'Test Cases/Final Aug 2018 - PKS Automation/Common/Workflow Owner Finder' successfully

2018-12-14 02:06:51 - [TEST_CASE][PASSED] - Test Cases/Final Aug 2018 - PKS Automation/Common/Workflow Owner Finder: Test Cases/Final Aug 2018 - PKS Automation/Common/Workflow Owner Finder

2018-12-14 02:06:51 - [TEST_STEP][PASSED] - openBrowser: Browser is opened with url: ''

2018-12-14 02:06:51 - [MESSAGE][WARNING] - A browser is already opened. Closing browser and opening a new one

2018-12-14 02:06:55 - [MESSAGE][PASSED] - Browser is opened with url: ''

2018-12-14 02:06:55 - [TEST_STEP][PASSED] - navigateToUrl: Navigate to 'https://assist2-uat.perkeso.gov.my/login' successfully

2018-12-14 02:06:56 - [MESSAGE][PASSED] - Navigate to 'https://assist2-uat.perkeso.gov.my/login' successfully

2018-12-14 02:06:56 - [TEST_STEP][PASSED] - delay: Delayed 5 second(s)

2018-12-14 02:07:01 - [MESSAGE][PASSED] - Delayed 5 second(s)

2018-12-14 02:07:01 - [TEST_STEP][PASSED] - setText: Text 'test@liferay.com' is set on object 'Object Repository/Final Object Repo/Login Page/Internal User/Email Address'

2018-12-14 02:07:01 - [MESSAGE][PASSED] - Text 'test@liferay.com' is set on object 'Object Repository/Final Object Repo/Login Page/Internal User/Email Address'

2018-12-14 02:07:01 - [TEST_STEP][PASSED] - click: Object: 'Object Repository/Final Object Repo/Login Page/Internal User/Next Button' is clicked on

2018-12-14 02:07:01 - [MESSAGE][PASSED] - Object: 'Object Repository/Final Object Repo/Login Page/Internal User/Next Button' is clicked on

2018-12-14 02:07:01 - [TEST_STEP][PASSED] - delay: Delayed 2 second(s)

2018-12-14 02:07:03 - [MESSAGE][PASSED] - Delayed 2 second(s)

2018-12-14 02:07:03 - [TEST_STEP][PASSED] - setText: Text 'test' is set on object 'Object Repository/Final Object Repo/Login Page/Internal User/Password'

2018-12-14 02:07:03 - [MESSAGE][PASSED] - Text 'test' is set on object 'Object Repository/Final Object Repo/Login Page/Internal User/Password'

2018-12-14 02:07:03 - [TEST_STEP][PASSED] - delay: Delayed 2 second(s)

2018-12-14 02:07:05 - [MESSAGE][PASSED] - Delayed 2 second(s)

2018-12-14 02:07:05 - [TEST_STEP][PASSED] - click: Object: 'Object Repository/Final Object Repo/Login Page/Internal User/Login Button' is clicked on

2018-12-14 02:07:06 - [MESSAGE][PASSED] - Object: 'Object Repository/Final Object Repo/Login Page/Internal User/Login Button' is clicked on

2018-12-14 02:07:06 - [TEST_STEP][PASSED] - Statement - tester = com.kms.katalon.core.testobject.ObjectRepository.findTestObject(Final Object Repo/Landing Page/Select to English): Finding Test Object with id 'Object Repository/Final Object Repo/Landing Page/Select to English'

2018-12-14 02:07:06 - [TEST_STEP][PASSED] - Statement - Try: Delayed 2 second(s)

2018-12-14 02:07:06 - [TEST_STEP][PASSED] - Statement - Checker = com.kms.katalon.core.webui.keyword.WebUiBuiltInKeywords.verifyElementNotPresent(tester, 3): Web element with id: 'Object Repository/Final Object Repo/Landing Page/Select to English' located by 'By.xpath: //a[@class = 'taglib-language-list-text' and @lang = 'en-US' and (contains(text(), 'EN') or contains(., 'EN'))]' is not present after '3' second(s)

2018-12-14 02:07:08 - [MESSAGE][PASSED] - Web element with id: 'Object Repository/Final Object Repo/Landing Page/Select to English' located by 'By.xpath: //a[@class = 'taglib-language-list-text' and @lang = 'en-US' and (contains(text(), 'EN') or contains(., 'EN'))]' is not present after '3' second(s)

2018-12-14 02:07:08 - [TEST_STEP][PASSED] - Statement - If (Checker == false): null

2018-12-14 02:07:08 - [TEST_STEP][PASSED] - delay: Delayed 2 second(s)

2018-12-14 02:07:10 - [MESSAGE][PASSED] - Delayed 2 second(s)

2018-12-14 02:07:10 - [TEST_STEP][PASSED] - delay: Delayed 5 second(s)

2018-12-14 02:07:15 - [MESSAGE][PASSED] - Delayed 5 second(s)

2018-12-14 02:07:15 - [TEST_STEP][PASSED] - mouseOver: Object: 'Object Repository/Final Object Repo/Landing Page/WorkFlow Menu' is hovered

2018-12-14 02:07:15 - [MESSAGE][PASSED] - Object: 'Object Repository/Final Object Repo/Landing Page/WorkFlow Menu' is hovered

2018-12-14 02:07:15 - [TEST_STEP][PASSED] - delay: Delayed 2 second(s)

2018-12-14 02:07:17 - [MESSAGE][PASSED] - Delayed 2 second(s)

2018-12-14 02:07:17 - [TEST_STEP][PASSED] - click: Object: 'Object Repository/Final Object Repo/Landing Page/Select to Workflow Listing' is clicked on

2018-12-14 02:07:18 - [MESSAGE][PASSED] - Object: 'Object Repository/Final Object Repo/Landing Page/Select to Workflow Listing' is clicked on

2018-12-14 02:07:18 - [TEST_STEP][PASSED] - delay: Delayed 2 second(s)

2018-12-14 02:07:20 - [MESSAGE][PASSED] - Delayed 2 second(s)

2018-12-14 02:07:20 - [TEST_STEP][PASSED] - click: Object: 'Object Repository/Final Object Repo/WorkFlow Listing Page/Search Information - To Put Ref No' is clicked on

2018-12-14 02:07:20 - [MESSAGE][PASSED] - Object: 'Object Repository/Final Object Repo/WorkFlow Listing Page/Search Information - To Put Ref No' is clicked on

2018-12-14 02:07:20 - [TEST_STEP][PASSED] - delay: Delayed 2 second(s)

2018-12-14 02:07:22 - [MESSAGE][PASSED] - Delayed 2 second(s)

2018-12-14 02:07:22 - [TEST_STEP][PASSED] - callTestCase: Call Test Case 'Test Cases/Final Aug 2018 - PKS Automation/Common/Reference Number Getter' successfully

2018-12-14 02:07:22 - [TEST_CASE][PASSED] - Test Cases/Final Aug 2018 - PKS Automation/Common/Reference Number Getter: Test Cases/Final Aug 2018 - PKS Automation/Common/Reference Number Getter

2018-12-14 02:07:22 - [TEST_STEP][PASSED] - Statement - Try: null

2018-12-14 02:07:22 - [TEST_STEP][PASSED] - Statement - RefNo = new java.io.File(C://Users//Admin//Desktop//PKS//Automation Reference Point//KatalonReference.txt): null

2018-12-14 02:07:22 - [TEST_STEP][PASSED] - Statement - bufferread = new java.io.BufferedReader(new java.io.FileReader(RefNo)): null

2018-12-14 02:07:22 - [TEST_STEP][PASSED] - Statement - readedVal = bufferread.readLine(): null

2018-12-14 02:07:22 - [TEST_STEP][PASSED] - Statement - out.println(CaseReferenceNo): null

2018-12-14 02:07:22 - [TEST_STEP][PASSED] - Statement - out.println(readedVal): null

2018-12-14 02:07:22 - [TEST_STEP][PASSED] - Statement - CaseReferenceNo = "": null

2018-12-14 02:07:22 - [TEST_STEP][PASSED] - Statement - CaseReferenceNo = readedVal: null

2018-12-14 02:07:22 - [MESSAGE][PASSED] - Call Test Case 'Test Cases/Final Aug 2018 - PKS Automation/Common/Reference Number Getter' successfully

2018-12-14 02:07:22 - [TEST_STEP][PASSED] - setText: Text 'CAN12201800002354' is set on object 'Object Repository/Final Object Repo/WorkFlow Listing Page/Ref No Set Text'

2018-12-14 02:07:22 - [MESSAGE][PASSED] - Text 'CAN12201800002354' is set on object 'Object Repository/Final Object Repo/WorkFlow Listing Page/Ref No Set Text'

2018-12-14 02:07:22 - [TEST_STEP][PASSED] - delay: Delayed 2 second(s)

2018-12-14 02:07:24 - [MESSAGE][PASSED] - Delayed 2 second(s)

2018-12-14 02:07:24 - [TEST_STEP][PASSED] - click: Object: 'Object Repository/Final Object Repo/WorkFlow Listing Page/Search Ref No Search Button' is clicked on

2018-12-14 02:07:24 - [MESSAGE][PASSED] - Object: 'Object Repository/Final Object Repo/WorkFlow Listing Page/Search Ref No Search Button' is clicked on

2018-12-14 02:07:24 - [TEST_STEP][PASSED] - delay: Delayed 6 second(s)

2018-12-14 02:07:30 - [MESSAGE][PASSED] - Delayed 6 second(s)

2018-12-14 02:07:30 - [TEST_STEP][PASSED] - click: Object: 'Object Repository/Final Object Repo/WorkFlow Listing Page/Click Continue Tooltip' is clicked on

2018-12-14 02:07:31 - [MESSAGE][PASSED] - Object: 'Object Repository/Final Object Repo/WorkFlow Listing Page/Click Continue Tooltip' is clicked on

2018-12-14 02:07:31 - [TEST_STEP][PASSED] - delay: Delayed 5 second(s)

2018-12-14 02:07:36 - [MESSAGE][PASSED] - Delayed 5 second(s)

2018-12-14 02:07:36 - [TEST_STEP][PASSED] - doubleClick: Object: 'Object Repository/Final Object Repo/WorkFlow Listing Page/Workflow Found - Listing 1' is double clicked on

2018-12-14 02:07:37 - [MESSAGE][PASSED] - Object: 'Object Repository/Final Object Repo/WorkFlow Listing Page/Workflow Found - Listing 1' is double clicked on

2018-12-14 02:07:37 - [TEST_STEP][PASSED] - Statement - println(OwnerID): null

2018-12-14 02:07:37 - [TEST_STEP][PASSED] - Statement - OwnerID = com.kms.katalon.core.webui.keyword.WebUiBuiltInKeywords.getText(com.kms.katalon.core.testobject.ObjectRepository.findTestObject(Final Object Repo/WorkFlow Listing Page/Workflow Found - Listing 1), STOP_ON_FAILURE): Text of object 'Object Repository/Final Object Repo/WorkFlow Listing Page/Workflow Found - Listing 1' is: 'KLpkrbo3'

2018-12-14 02:07:37 - [MESSAGE][PASSED] - Text of object 'Object Repository/Final Object Repo/WorkFlow Listing Page/Workflow Found - Listing 1' is: 'KLpkrbo3'

2018-12-14 02:07:37 - [TEST_STEP][PASSED] - Statement - OwnerID = OwnerID.toLowerCase() + "@gmail.com": null

2018-12-14 02:07:37 - [TEST_STEP][PASSED] - Statement - println(OwnerID): null

2018-12-14 02:07:37 - [TEST_STEP][PASSED] - delay: Delayed 2 second(s)

2018-12-14 02:07:39 - [MESSAGE][PASSED] - Delayed 2 second(s)

2018-12-14 02:07:39 - [MESSAGE][PASSED] - Call Test Case 'Test Cases/Final Aug 2018 - PKS Automation/Common/Workflow Owner Finder' successfully

2018-12-14 02:07:39 - [TEST_STEP][PASSED] - callTestCase: Call Test Case 'Test Cases/Final Aug 2018 - PKS Automation/Registration Module/Log Out/log out avoiding katalon tagging' successfully

2018-12-14 02:07:39 - [TEST_CASE][PASSED] - Test Cases/Final Aug 2018 - PKS Automation/Registration Module/Log Out/log out avoiding katalon tagging: Test Cases/Final Aug 2018 - PKS Automation/Registration Module/Log Out/log out avoiding katalon tagging

2018-12-14 02:07:39 - [TEST_STEP][PASSED] - navigateToUrl: Navigate to 'https://assist2-uat.perkeso.gov.my/c/portal/logout' successfully

2018-12-14 02:07:40 - [MESSAGE][PASSED] - Navigate to 'https://assist2-uat.perkeso.gov.my/c/portal/logout' successfully

2018-12-14 02:07:40 - [MESSAGE][PASSED] - Call Test Case 'Test Cases/Final Aug 2018 - PKS Automation/Registration Module/Log Out/log out avoiding katalon tagging' successfully

2018-12-14 02:07:40 - [TEST_STEP][PASSED] - delay: Delayed 2 second(s)

2018-12-14 02:07:42 - [MESSAGE][PASSED] - Delayed 2 second(s)

2018-12-14 02:07:42 - [TEST_STEP][PASSED] - setText: Text 'klpkrbo3@gmail.com' is set on object 'Object Repository/Final Object Repo/Page_Update Add New Employee - ASSIST/Email TextBox'

2018-12-14 02:07:42 - [MESSAGE][PASSED] - Text 'klpkrbo3@gmail.com' is set on object 'Object Repository/Final Object Repo/Page_Update Add New Employee - ASSIST/Email TextBox'

2018-12-14 02:07:42 - [TEST_STEP][PASSED] - click: Object: 'Object Repository/Final Object Repo/Page_Update Add New Employee - ASSIST/Next Button' is clicked on

2018-12-14 02:07:42 - [MESSAGE][PASSED] - Object: 'Object Repository/Final Object Repo/Page_Update Add New Employee - ASSIST/Next Button' is clicked on

2018-12-14 02:07:42 - [TEST_STEP][PASSED] - delay: Delayed 2 second(s)

2018-12-14 02:07:44 - [MESSAGE][PASSED] - Delayed 2 second(s)

2018-12-14 02:07:44 - [TEST_STEP][PASSED] - setText: Text 'Test1@3456789' is set on object 'Object Repository/Final Object Repo/Page_Update Add New Employee - ASSIST/Password TextBox'

2018-12-14 02:07:44 - [MESSAGE][PASSED] - Text 'Test1@3456789' is set on object 'Object Repository/Final Object Repo/Page_Update Add New Employee - ASSIST/Password TextBox'

2018-12-14 02:07:44 - [TEST_STEP][PASSED] - delay: Delayed 2 second(s)

2018-12-14 02:07:46 - [MESSAGE][PASSED] - Delayed 2 second(s)

2018-12-14 02:07:46 - [TEST_STEP][PASSED] - click: Object: 'Object Repository/Final Object Repo/Page_Update Add New Employee - ASSIST/Login Button' is clicked on

2018-12-14 02:07:47 - [MESSAGE][PASSED] - Object: 'Object Repository/Final Object Repo/Page_Update Add New Employee - ASSIST/Login Button' is clicked on

2018-12-14 02:07:47 - [TEST_STEP][PASSED] - delay: Delayed 4 second(s)

2018-12-14 02:07:51 - [MESSAGE][PASSED] - Delayed 4 second(s)

2018-12-14 02:07:51 - [TEST_STEP][PASSED] - Statement - Try: Delayed 2 second(s)

2018-12-14 02:07:51 - [TEST_STEP][PASSED] - Statement - Checker = false: null

2018-12-14 02:07:51 - [TEST_STEP][PASSED] - Statement - Checker = com.kms.katalon.core.webui.keyword.WebUiBuiltInKeywords.verifyElementHasAttribute(com.kms.katalon.core.testobject.ObjectRepository.findTestObject(Final Object Repo/Landing Page/BM Detecting), "href", 20, OPTIONAL): Object 'Object Repository/Final Object Repo/Landing Page/BM Detecting' has attribute 'href'

2018-12-14 02:07:51 - [MESSAGE][PASSED] - Object 'Object Repository/Final Object Repo/Landing Page/BM Detecting' has attribute 'href'

2018-12-14 02:07:51 - [TEST_STEP][PASSED] - Statement - out.println(Checker): null

2018-12-14 02:07:51 - [TEST_STEP][PASSED] - Statement - If (Checker == false): null

2018-12-14 02:07:51 - [TEST_STEP][PASSED] - Statement - Else: null

2018-12-14 02:07:51 - [TEST_STEP][PASSED] - delay: Delayed 2 second(s)

2018-12-14 02:07:53 - [MESSAGE][PASSED] - Delayed 2 second(s)

2018-12-14 02:07:53 - [TEST_STEP][PASSED] - delay: Delayed 4 second(s)

2018-12-14 02:07:57 - [MESSAGE][PASSED] - Delayed 4 second(s)

2018-12-14 02:07:57 - [TEST_STEP][PASSED] - click: Object: 'Object Repository/Final Object Repo/New Registration - Registration Module Pages/New Reg - OTC to RO/Special Case - All Related Objects/Expand to Search' is clicked on

2018-12-14 02:07:57 - [MESSAGE][PASSED] - Object: 'Object Repository/Final Object Repo/New Registration - Registration Module Pages/New Reg - OTC to RO/Special Case - All Related Objects/Expand to Search' is clicked on

2018-12-14 02:07:57 - [TEST_STEP][PASSED] - delay: Delayed 2 second(s)

2018-12-14 02:07:59 - [MESSAGE][PASSED] - Delayed 2 second(s)

2018-12-14 02:07:59 - [TEST_STEP][PASSED] - setText: Text 'CAN12201800002354' is set on object 'Object Repository/Final Object Repo/New Registration - Registration Module Pages/New Reg - OTC to RO/Special Case - All Related Objects/TextBox RefNo in Workbasket'

2018-12-14 02:07:59 - [MESSAGE][PASSED] - Text 'CAN12201800002354' is set on object 'Object Repository/Final Object Repo/New Registration - Registration Module Pages/New Reg - OTC to RO/Special Case - All Related Objects/TextBox RefNo in Workbasket'

2018-12-14 02:07:59 - [TEST_STEP][PASSED] - delay: Delayed 2 second(s)

2018-12-14 02:08:01 - [MESSAGE][PASSED] - Delayed 2 second(s)

2018-12-14 02:08:01 - [TEST_STEP][PASSED] - click: Object: 'Object Repository/Final Object Repo/New Registration - Registration Module Pages/New Reg - OTC to RO/Special Case - All Related Objects/Click Search' is clicked on

2018-12-14 02:08:01 - [MESSAGE][PASSED] - Object: 'Object Repository/Final Object Repo/New Registration - Registration Module Pages/New Reg - OTC to RO/Special Case - All Related Objects/Click Search' is clicked on

2018-12-14 02:08:01 - [TEST_STEP][PASSED] - delay: Delayed 2 second(s)

2018-12-14 02:08:03 - [MESSAGE][PASSED] - Delayed 2 second(s)

2018-12-14 02:08:03 - [TEST_STEP][PASSED] - click: Object: 'Object Repository/Final Object Repo/New Registration - Registration Module Pages/New Reg - OTC to RO/Special Case - All Related Objects/Click to Continue Workflow' is clicked on

2018-12-14 02:08:07 - [MESSAGE][PASSED] - Object: 'Object Repository/Final Object Repo/New Registration - Registration Module Pages/New Reg - OTC to RO/Special Case - All Related Objects/Click to Continue Workflow' is clicked on

2018-12-14 02:08:07 - [TEST_STEP][PASSED] - delay: Delayed 10 second(s)

2018-12-14 02:08:17 - [MESSAGE][PASSED] - Delayed 10 second(s)

2018-12-14 02:08:17 - [TEST_STEP][PASSED] - click: Object: 'Object Repository/Final Object Repo/Page_Update Add New Employee - ASSIST/Save  Continue Button' is clicked on

2018-12-14 02:08:17 - [MESSAGE][PASSED] - Object: 'Object Repository/Final Object Repo/Page_Update Add New Employee - ASSIST/Save  Continue Button' is clicked on

2018-12-14 02:08:17 - [TEST_STEP][PASSED] - delay: Delayed 4 second(s)

2018-12-14 02:08:21 - [MESSAGE][PASSED] - Delayed 4 second(s)

2018-12-14 02:08:21 - [TEST_STEP][PASSED] - click: Object: 'Object Repository/Final Object Repo/Page_Update Add New Employee - ASSIST/Save  Continue Third Screen' is clicked on

2018-12-14 02:08:24 - [MESSAGE][PASSED] - Object: 'Object Repository/Final Object Repo/Page_Update Add New Employee - ASSIST/Save  Continue Third Screen' is clicked on

2018-12-14 02:08:24 - [TEST_STEP][PASSED] - delay: Delayed 4 second(s)

2018-12-14 02:08:28 - [MESSAGE][PASSED] - Delayed 4 second(s)

2018-12-14 02:08:28 - [TEST_STEP][PASSED] - click: Object: 'Object Repository/Final Object Repo/Page_Update Add New Employee - ASSIST/Save   Continue Supporting Doc Page' is clicked on

2018-12-14 02:08:28 - [MESSAGE][PASSED] - Object: 'Object Repository/Final Object Repo/Page_Update Add New Employee - ASSIST/Save   Continue Supporting Doc Page' is clicked on

2018-12-14 02:08:28 - [TEST_STEP][PASSED] - delay: Delayed 4 second(s)

2018-12-14 02:08:32 - [MESSAGE][PASSED] - Delayed 4 second(s)

2018-12-14 02:08:32 - [TEST_STEP][PASSED] - click: Object: 'Object Repository/Final Object Repo/Page_Update Add New Employee - ASSIST/Submit Button' is clicked on

2018-12-14 02:08:32 - [MESSAGE][PASSED] - Object: 'Object Repository/Final Object Repo/Page_Update Add New Employee - ASSIST/Submit Button' is clicked on

2018-12-14 02:08:32 - [TEST_STEP][PASSED] - delay: Delayed 4 second(s)

2018-12-14 02:08:36 - [MESSAGE][PASSED] - Delayed 4 second(s)

2018-12-14 02:08:36 - [TEST_STEP][PASSED] - click: Object: 'Object Repository/Final Object Repo/Page_Update Add New Employee - ASSIST/Confirm Submit Button' is clicked on

2018-12-14 02:08:36 - [MESSAGE][PASSED] - Object: 'Object Repository/Final Object Repo/Page_Update Add New Employee - ASSIST/Confirm Submit Button' is clicked on

2018-12-14 02:08:36 - [TEST_STEP][PASSED] - delay: Delayed 30 second(s)

2018-12-14 02:09:06 - [MESSAGE][PASSED] - Delayed 30 second(s)

2018-12-14 02:09:06 - [TEST_STEP][PASSED] - callTestCase: Call Test Case 'Test Cases/Final Aug 2018 - PKS Automation/Common/Screenshoting tool' successfully

2018-12-14 02:09:06 - [TEST_CASE][PASSED] - Test Cases/Final Aug 2018 - PKS Automation/Common/Screenshoting tool: Test Cases/Final Aug 2018 - PKS Automation/Common/Screenshoting tool

2018-12-14 02:09:06 - [TEST_STEP][PASSED] - delay: Delayed 15 second(s)

2018-12-14 02:09:21 - [MESSAGE][PASSED] - Delayed 15 second(s)

2018-12-14 02:09:21 - [TEST_STEP][PASSED] - Statement - driver = com.kms.katalon.core.webui.driver.DriverFactory.getWebDriver(): null

2018-12-14 02:09:21 - [TEST_STEP][PASSED] - Statement - driver.manage().timeouts().implicitlyWait(10, SECONDS): null

2018-12-14 02:09:21 - [TEST_STEP][PASSED] - Statement - PresavePath = KatalonScreenshots: null

2018-12-14 02:09:21 - [TEST_STEP][PASSED] - Statement - pathPrefix = "C:\Users\Public\Pictures\Sample Pictures\Katalon Screenshots\Automate Ending Screen": null

2018-12-14 02:09:21 - [TEST_STEP][PASSED] - Statement - finalPath = <not implemented yet for class: org.codehaus.groovy.ast.expr.EmptyExpression>: null

2018-12-14 02:09:21 - [TEST_STEP][PASSED] - Statement - scrFile = driver.getScreenshotAs(FILE): null

2018-12-14 02:09:22 - [TEST_STEP][PASSED] - Statement - PreSaveFile = new java.io.File(PresavePath): null

2018-12-14 02:09:22 - [TEST_STEP][PASSED] - Statement - counter = 0: null

2018-12-14 02:09:22 - [TEST_STEP][PASSED] - Statement - If (PreSaveFile.exists()): null

2018-12-14 02:09:22 - [TEST_STEP][PASSED] - Statement - While (PreSaveFile.exists()): null

2018-12-14 02:09:22 - [TEST_STEP][PASSED] - Statement - counter = counter + 1: null

2018-12-14 02:09:22 - [TEST_STEP][PASSED] - Statement - PreSaveFile = new java.io.File(((pathPrefix + java.lang.Integer.toString(counter)) + .png)): null

2018-12-14 02:09:22 - [TEST_STEP][PASSED] - Statement - counter = counter + 1: null

2018-12-14 02:09:22 - [TEST_STEP][PASSED] - Statement - PreSaveFile = new java.io.File(((pathPrefix + java.lang.Integer.toString(counter)) + .png)): null

2018-12-14 02:09:22 - [TEST_STEP][PASSED] - Statement - counter = counter + 1: null

2018-12-14 02:09:22 - [TEST_STEP][PASSED] - Statement - PreSaveFile = new java.io.File(((pathPrefix + java.lang.Integer.toString(counter)) + .png)): null

2018-12-14 02:09:22 - [TEST_STEP][PASSED] - Statement - counter = counter + 1: null

2018-12-14 02:09:22 - [TEST_STEP][PASSED] - Statement - PreSaveFile = new java.io.File(((pathPrefix + java.lang.Integer.toString(counter)) + .png)): null

2018-12-14 02:09:22 - [TEST_STEP][PASSED] - Statement - counter = counter + 1: null

2018-12-14 02:09:22 - [TEST_STEP][PASSED] - Statement - PreSaveFile = new java.io.File(((pathPrefix + java.lang.Integer.toString(counter)) + .png)): null

2018-12-14 02:09:22 - [TEST_STEP][PASSED] - Statement - counter = counter + 1: null

2018-12-14 02:09:22 - [TEST_STEP][PASSED] - Statement - PreSaveFile = new java.io.File(((pathPrefix + java.lang.Integer.toString(counter)) + .png)): null

2018-12-14 02:09:22 - [TEST_STEP][PASSED] - Statement - counter = counter + 1: null

2018-12-14 02:09:22 - [TEST_STEP][PASSED] - Statement - PreSaveFile = new java.io.File(((pathPrefix + java.lang.Integer.toString(counter)) + .png)): null

2018-12-14 02:09:22 - [TEST_STEP][PASSED] - Statement - counter = counter + 1: null

2018-12-14 02:09:22 - [TEST_STEP][PASSED] - Statement - PreSaveFile = new java.io.File(((pathPrefix + java.lang.Integer.toString(counter)) + .png)): null

2018-12-14 02:09:22 - [TEST_STEP][PASSED] - Statement - counter = counter + 1: null

2018-12-14 02:09:22 - [TEST_STEP][PASSED] - Statement - PreSaveFile = new java.io.File(((pathPrefix + java.lang.Integer.toString(counter)) + .png)): null

2018-12-14 02:09:22 - [TEST_STEP][PASSED] - Statement - counter = counter + 1: null

2018-12-14 02:09:22 - [TEST_STEP][PASSED] - Statement - PreSaveFile = new java.io.File(((pathPrefix + java.lang.Integer.toString(counter)) + .png)): null

2018-12-14 02:09:22 - [TEST_STEP][PASSED] - Statement - counter = counter + 1: null

2018-12-14 02:09:22 - [TEST_STEP][PASSED] - Statement - PreSaveFile = new java.io.File(((pathPrefix + java.lang.Integer.toString(counter)) + .png)): null

2018-12-14 02:09:22 - [TEST_STEP][PASSED] - Statement - counter = counter + 1: null

2018-12-14 02:09:22 - [TEST_STEP][PASSED] - Statement - PreSaveFile = new java.io.File(((pathPrefix + java.lang.Integer.toString(counter)) + .png)): null

2018-12-14 02:09:22 - [TEST_STEP][PASSED] - Statement - counter = counter + 1: null

2018-12-14 02:09:22 - [TEST_STEP][PASSED] - Statement - PreSaveFile = new java.io.File(((pathPrefix + java.lang.Integer.toString(counter)) + .png)): null

2018-12-14 02:09:22 - [TEST_STEP][PASSED] - Statement - counter = counter + 1: null

2018-12-14 02:09:22 - [TEST_STEP][PASSED] - Statement - PreSaveFile = new java.io.File(((pathPrefix + java.lang.Integer.toString(counter)) + .png)): null

2018-12-14 02:09:22 - [TEST_STEP][PASSED] - Statement - counter = counter + 1: null

2018-12-14 02:09:22 - [TEST_STEP][PASSED] - Statement - PreSaveFile = new java.io.File(((pathPrefix + java.lang.Integer.toString(counter)) + .png)): null

2018-12-14 02:09:22 - [TEST_STEP][PASSED] - Statement - counter = counter + 1: null

2018-12-14 02:09:22 - [TEST_STEP][PASSED] - Statement - PreSaveFile = new java.io.File(((pathPrefix + java.lang.Integer.toString(counter)) + .png)): null

2018-12-14 02:09:22 - [TEST_STEP][PASSED] - Statement - counter = counter + 1: null

2018-12-14 02:09:22 - [TEST_STEP][PASSED] - Statement - PreSaveFile = new java.io.File(((pathPrefix + java.lang.Integer.toString(counter)) + .png)): null

2018-12-14 02:09:22 - [TEST_STEP][PASSED] - Statement - counter = counter + 1: null

2018-12-14 02:09:22 - [TEST_STEP][PASSED] - Statement - PreSaveFile = new java.io.File(((pathPrefix + java.lang.Integer.toString(counter)) + .png)): null

2018-12-14 02:09:22 - [TEST_STEP][PASSED] - Statement - counter = counter + 1: null

2018-12-14 02:09:22 - [TEST_STEP][PASSED] - Statement - PreSaveFile = new java.io.File(((pathPrefix + java.lang.Integer.toString(counter)) + .png)): null

2018-12-14 02:09:22 - [TEST_STEP][PASSED] - Statement - counter = counter + 1: null

2018-12-14 02:09:22 - [TEST_STEP][PASSED] - Statement - PreSaveFile = new java.io.File(((pathPrefix + java.lang.Integer.toString(counter)) + .png)): null

2018-12-14 02:09:22 - [TEST_STEP][PASSED] - Statement - counter = counter + 1: null

2018-12-14 02:09:22 - [TEST_STEP][PASSED] - Statement - PreSaveFile = new java.io.File(((pathPrefix + java.lang.Integer.toString(counter)) + .png)): null

2018-12-14 02:09:22 - [TEST_STEP][PASSED] - Statement - counter = counter + 1: null

2018-12-14 02:09:22 - [TEST_STEP][PASSED] - Statement - PreSaveFile = new java.io.File(((pathPrefix + java.lang.Integer.toString(counter)) + .png)): null

2018-12-14 02:09:22 - [TEST_STEP][PASSED] - Statement - counter = counter + 1: null

2018-12-14 02:09:22 - [TEST_STEP][PASSED] - Statement - PreSaveFile = new java.io.File(((pathPrefix + java.lang.Integer.toString(counter)) + .png)): null

2018-12-14 02:09:22 - [TEST_STEP][PASSED] - Statement - counter = counter + 1: null

2018-12-14 02:09:22 - [TEST_STEP][PASSED] - Statement - PreSaveFile = new java.io.File(((pathPrefix + java.lang.Integer.toString(counter)) + .png)): null

2018-12-14 02:09:22 - [TEST_STEP][PASSED] - Statement - counter = counter + 1: null

2018-12-14 02:09:22 - [TEST_STEP][PASSED] - Statement - PreSaveFile = new java.io.File(((pathPrefix + java.lang.Integer.toString(counter)) + .png)): null

2018-12-14 02:09:22 - [TEST_STEP][PASSED] - Statement - counter = counter + 1: null

2018-12-14 02:09:22 - [TEST_STEP][PASSED] - Statement - PreSaveFile = new java.io.File(((pathPrefix + java.lang.Integer.toString(counter)) + .png)): null

2018-12-14 02:09:22 - [TEST_STEP][PASSED] - Statement - counter = counter + 1: null

2018-12-14 02:09:22 - [TEST_STEP][PASSED] - Statement - PreSaveFile = new java.io.File(((pathPrefix + java.lang.Integer.toString(counter)) + .png)): null

2018-12-14 02:09:22 - [TEST_STEP][PASSED] - Statement - counter = counter + 1: null

2018-12-14 02:09:22 - [TEST_STEP][PASSED] - Statement - PreSaveFile = new java.io.File(((pathPrefix + java.lang.Integer.toString(counter)) + .png)): null

2018-12-14 02:09:22 - [TEST_STEP][PASSED] - Statement - counter = counter + 1: null

2018-12-14 02:09:22 - [TEST_STEP][PASSED] - Statement - PreSaveFile = new java.io.File(((pathPrefix + java.lang.Integer.toString(counter)) + .png)): null

2018-12-14 02:09:22 - [TEST_STEP][PASSED] - Statement - counter = counter + 1: null

2018-12-14 02:09:22 - [TEST_STEP][PASSED] - Statement - PreSaveFile = new java.io.File(((pathPrefix + java.lang.Integer.toString(counter)) + .png)): null

2018-12-14 02:09:22 - [TEST_STEP][PASSED] - Statement - counter = counter + 1: null

2018-12-14 02:09:22 - [TEST_STEP][PASSED] - Statement - PreSaveFile = new java.io.File(((pathPrefix + java.lang.Integer.toString(counter)) + .png)): null

2018-12-14 02:09:22 - [TEST_STEP][PASSED] - Statement - counter = counter + 1: null

2018-12-14 02:09:22 - [TEST_STEP][PASSED] - Statement - PreSaveFile = new java.io.File(((pathPrefix + java.lang.Integer.toString(counter)) + .png)): null

2018-12-14 02:09:22 - [TEST_STEP][PASSED] - Statement - counter = counter + 1: null

2018-12-14 02:09:22 - [TEST_STEP][PASSED] - Statement - PreSaveFile = new java.io.File(((pathPrefix + java.lang.Integer.toString(counter)) + .png)): null

2018-12-14 02:09:22 - [TEST_STEP][PASSED] - Statement - counter = counter + 1: null

2018-12-14 02:09:22 - [TEST_STEP][PASSED] - Statement - PreSaveFile = new java.io.File(((pathPrefix + java.lang.Integer.toString(counter)) + .png)): null

2018-12-14 02:09:22 - [TEST_STEP][PASSED] - Statement - counter = counter + 1: null

2018-12-14 02:09:22 - [TEST_STEP][PASSED] - Statement - PreSaveFile = new java.io.File(((pathPrefix + java.lang.Integer.toString(counter)) + .png)): null

2018-12-14 02:09:22 - [TEST_STEP][PASSED] - Statement - counter = counter + 1: null

2018-12-14 02:09:22 - [TEST_STEP][PASSED] - Statement - PreSaveFile = new java.io.File(((pathPrefix + java.lang.Integer.toString(counter)) + .png)): null

2018-12-14 02:09:22 - [TEST_STEP][PASSED] - Statement - counter = counter + 1: null

2018-12-14 02:09:22 - [TEST_STEP][PASSED] - Statement - PreSaveFile = new java.io.File(((pathPrefix + java.lang.Integer.toString(counter)) + .png)): null

2018-12-14 02:09:22 - [TEST_STEP][PASSED] - Statement - counter = counter + 1: null

2018-12-14 02:09:22 - [TEST_STEP][PASSED] - Statement - PreSaveFile = new java.io.File(((pathPrefix + java.lang.Integer.toString(counter)) + .png)): null

2018-12-14 02:09:22 - [TEST_STEP][PASSED] - Statement - counter = counter + 1: null

2018-12-14 02:09:22 - [TEST_STEP][PASSED] - Statement - PreSaveFile = new java.io.File(((pathPrefix + java.lang.Integer.toString(counter)) + .png)): null

2018-12-14 02:09:22 - [TEST_STEP][PASSED] - Statement - counter = counter + 1: null

2018-12-14 02:09:22 - [TEST_STEP][PASSED] - Statement - PreSaveFile = new java.io.File(((pathPrefix + java.lang.Integer.toString(counter)) + .png)): null

2018-12-14 02:09:22 - [TEST_STEP][PASSED] - Statement - counter = counter + 1: null

2018-12-14 02:09:22 - [TEST_STEP][PASSED] - Statement - PreSaveFile = new java.io.File(((pathPrefix + java.lang.Integer.toString(counter)) + .png)): null

2018-12-14 02:09:22 - [TEST_STEP][PASSED] - Statement - counter = counter + 1: null

2018-12-14 02:09:22 - [TEST_STEP][PASSED] - Statement - PreSaveFile = new java.io.File(((pathPrefix + java.lang.Integer.toString(counter)) + .png)): null

2018-12-14 02:09:22 - [TEST_STEP][PASSED] - Statement - counter = counter + 1: null

2018-12-14 02:09:22 - [TEST_STEP][PASSED] - Statement - PreSaveFile = new java.io.File(((pathPrefix + java.lang.Integer.toString(counter)) + .png)): null

2018-12-14 02:09:22 - [TEST_STEP][PASSED] - Statement - counter = counter + 1: null

2018-12-14 02:09:22 - [TEST_STEP][PASSED] - Statement - PreSaveFile = new java.io.File(((pathPrefix + java.lang.Integer.toString(counter)) + .png)): null

2018-12-14 02:09:22 - [TEST_STEP][PASSED] - Statement - counter = counter + 1: null

2018-12-14 02:09:22 - [TEST_STEP][PASSED] - Statement - PreSaveFile = new java.io.File(((pathPrefix + java.lang.Integer.toString(counter)) + .png)): null

2018-12-14 02:09:22 - [TEST_STEP][PASSED] - Statement - counter = counter + 1: null

2018-12-14 02:09:22 - [TEST_STEP][PASSED] - Statement - PreSaveFile = new java.io.File(((pathPrefix + java.lang.Integer.toString(counter)) + .png)): null

2018-12-14 02:09:22 - [TEST_STEP][PASSED] - Statement - counter = counter + 1: null

2018-12-14 02:09:22 - [TEST_STEP][PASSED] - Statement - PreSaveFile = new java.io.File(((pathPrefix + java.lang.Integer.toString(counter)) + .png)): null

2018-12-14 02:09:22 - [TEST_STEP][PASSED] - Statement - counter = counter + 1: null

2018-12-14 02:09:22 - [TEST_STEP][PASSED] - Statement - PreSaveFile = new java.io.File(((pathPrefix + java.lang.Integer.toString(counter)) + .png)): null

2018-12-14 02:09:22 - [TEST_STEP][PASSED] - Statement - counter = counter + 1: null

2018-12-14 02:09:22 - [TEST_STEP][PASSED] - Statement - PreSaveFile = new java.io.File(((pathPrefix + java.lang.Integer.toString(counter)) + .png)): null

2018-12-14 02:09:22 - [TEST_STEP][PASSED] - Statement - counter = counter + 1: null

2018-12-14 02:09:22 - [TEST_STEP][PASSED] - Statement - PreSaveFile = new java.io.File(((pathPrefix + java.lang.Integer.toString(counter)) + .png)): null

2018-12-14 02:09:22 - [TEST_STEP][PASSED] - Statement - counter = counter + 1: null

2018-12-14 02:09:22 - [TEST_STEP][PASSED] - Statement - PreSaveFile = new java.io.File(((pathPrefix + java.lang.Integer.toString(counter)) + .png)): null

2018-12-14 02:09:22 - [TEST_STEP][PASSED] - Statement - counter = counter + 1: null

2018-12-14 02:09:22 - [TEST_STEP][PASSED] - Statement - PreSaveFile = new java.io.File(((pathPrefix + java.lang.Integer.toString(counter)) + .png)): null

2018-12-14 02:09:22 - [TEST_STEP][PASSED] - Statement - counter = counter + 1: null

2018-12-14 02:09:22 - [TEST_STEP][PASSED] - Statement - PreSaveFile = new java.io.File(((pathPrefix + java.lang.Integer.toString(counter)) + .png)): null

2018-12-14 02:09:22 - [TEST_STEP][PASSED] - Statement - counter = counter + 1: null

2018-12-14 02:09:22 - [TEST_STEP][PASSED] - Statement - PreSaveFile = new java.io.File(((pathPrefix + java.lang.Integer.toString(counter)) + .png)): null

2018-12-14 02:09:22 - [TEST_STEP][PASSED] - Statement - counter = counter + 1: null

2018-12-14 02:09:22 - [TEST_STEP][PASSED] - Statement - PreSaveFile = new java.io.File(((pathPrefix + java.lang.Integer.toString(counter)) + .png)): null

2018-12-14 02:09:22 - [TEST_STEP][PASSED] - Statement - counter = counter + 1: null

2018-12-14 02:09:22 - [TEST_STEP][PASSED] - Statement - PreSaveFile = new java.io.File(((pathPrefix + java.lang.Integer.toString(counter)) + .png)): null

2018-12-14 02:09:22 - [TEST_STEP][PASSED] - Statement - counter = counter + 1: null

2018-12-14 02:09:22 - [TEST_STEP][PASSED] - Statement - PreSaveFile = new java.io.File(((pathPrefix + java.lang.Integer.toString(counter)) + .png)): null

2018-12-14 02:09:22 - [TEST_STEP][PASSED] - Statement - counter = counter + 1: null

2018-12-14 02:09:22 - [TEST_STEP][PASSED] - Statement - PreSaveFile = new java.io.File(((pathPrefix + java.lang.Integer.toString(counter)) + .png)): null

2018-12-14 02:09:22 - [TEST_STEP][PASSED] - Statement - counter = counter + 1: null

2018-12-14 02:09:22 - [TEST_STEP][PASSED] - Statement - PreSaveFile = new java.io.File(((pathPrefix + java.lang.Integer.toString(counter)) + .png)): null

2018-12-14 02:09:22 - [TEST_STEP][PASSED] - Statement - counter = counter + 1: null

2018-12-14 02:09:22 - [TEST_STEP][PASSED] - Statement - PreSaveFile = new java.io.File(((pathPrefix + java.lang.Integer.toString(counter)) + .png)): null

2018-12-14 02:09:22 - [TEST_STEP][PASSED] - Statement - counter = counter + 1: null

2018-12-14 02:09:22 - [TEST_STEP][PASSED] - Statement - PreSaveFile = new java.io.File(((pathPrefix + java.lang.Integer.toString(counter)) + .png)): null

2018-12-14 02:09:22 - [TEST_STEP][PASSED] - Statement - counter = counter + 1: null

2018-12-14 02:09:22 - [TEST_STEP][PASSED] - Statement - PreSaveFile = new java.io.File(((pathPrefix + java.lang.Integer.toString(counter)) + .png)): null

2018-12-14 02:09:22 - [TEST_STEP][PASSED] - Statement - counter = counter + 1: null

2018-12-14 02:09:22 - [TEST_STEP][PASSED] - Statement - PreSaveFile = new java.io.File(((pathPrefix + java.lang.Integer.toString(counter)) + .png)): null

2018-12-14 02:09:22 - [TEST_STEP][PASSED] - Statement - counter = counter + 1: null

2018-12-14 02:09:22 - [TEST_STEP][PASSED] - Statement - PreSaveFile = new java.io.File(((pathPrefix + java.lang.Integer.toString(counter)) + .png)): null

2018-12-14 02:09:22 - [TEST_STEP][PASSED] - Statement - counter = counter + 1: null

2018-12-14 02:09:22 - [TEST_STEP][PASSED] - Statement - PreSaveFile = new java.io.File(((pathPrefix + java.lang.Integer.toString(counter)) + .png)): null

2018-12-14 02:09:22 - [TEST_STEP][PASSED] - Statement - counter = counter + 1: null

2018-12-14 02:09:22 - [TEST_STEP][PASSED] - Statement - PreSaveFile = new java.io.File(((pathPrefix + java.lang.Integer.toString(counter)) + .png)): null

2018-12-14 02:09:22 - [TEST_STEP][PASSED] - Statement - counter = counter + 1: null

2018-12-14 02:09:22 - [TEST_STEP][PASSED] - Statement - PreSaveFile = new java.io.File(((pathPrefix + java.lang.Integer.toString(counter)) + .png)): null

2018-12-14 02:09:22 - [TEST_STEP][PASSED] - Statement - counter = counter + 1: null

2018-12-14 02:09:22 - [TEST_STEP][PASSED] - Statement - PreSaveFile = new java.io.File(((pathPrefix + java.lang.Integer.toString(counter)) + .png)): null

2018-12-14 02:09:22 - [TEST_STEP][PASSED] - Statement - counter = counter + 1: null

2018-12-14 02:09:22 - [TEST_STEP][PASSED] - Statement - PreSaveFile = new java.io.File(((pathPrefix + java.lang.Integer.toString(counter)) + .png)): null

2018-12-14 02:09:22 - [TEST_STEP][PASSED] - Statement - counter = counter + 1: null

2018-12-14 02:09:22 - [TEST_STEP][PASSED] - Statement - PreSaveFile = new java.io.File(((pathPrefix + java.lang.Integer.toString(counter)) + .png)): null

2018-12-14 02:09:22 - [TEST_STEP][PASSED] - Statement - counter = counter + 1: null

2018-12-14 02:09:22 - [TEST_STEP][PASSED] - Statement - PreSaveFile = new java.io.File(((pathPrefix + java.lang.Integer.toString(counter)) + .png)): null

2018-12-14 02:09:22 - [TEST_STEP][PASSED] - Statement - counter = counter + 1: null

2018-12-14 02:09:22 - [TEST_STEP][PASSED] - Statement - PreSaveFile = new java.io.File(((pathPrefix + java.lang.Integer.toString(counter)) + .png)): null

2018-12-14 02:09:22 - [TEST_STEP][PASSED] - Statement - counter = counter + 1: null

2018-12-14 02:09:22 - [TEST_STEP][PASSED] - Statement - PreSaveFile = new java.io.File(((pathPrefix + java.lang.Integer.toString(counter)) + .png)): null

2018-12-14 02:09:22 - [TEST_STEP][PASSED] - Statement - counter = counter + 1: null

2018-12-14 02:09:22 - [TEST_STEP][PASSED] - Statement - PreSaveFile = new java.io.File(((pathPrefix + java.lang.Integer.toString(counter)) + .png)): null

2018-12-14 02:09:22 - [TEST_STEP][PASSED] - Statement - counter = counter + 1: null

2018-12-14 02:09:22 - [TEST_STEP][PASSED] - Statement - PreSaveFile = new java.io.File(((pathPrefix + java.lang.Integer.toString(counter)) + .png)): null

2018-12-14 02:09:22 - [TEST_STEP][PASSED] - Statement - counter = counter + 1: null

2018-12-14 02:09:22 - [TEST_STEP][PASSED] - Statement - PreSaveFile = new java.io.File(((pathPrefix + java.lang.Integer.toString(counter)) + .png)): null

2018-12-14 02:09:22 - [TEST_STEP][PASSED] - Statement - counter = counter + 1: null

2018-12-14 02:09:22 - [TEST_STEP][PASSED] - Statement - PreSaveFile = new java.io.File(((pathPrefix + java.lang.Integer.toString(counter)) + .png)): null

2018-12-14 02:09:22 - [TEST_STEP][PASSED] - Statement - counter = counter + 1: null

2018-12-14 02:09:22 - [TEST_STEP][PASSED] - Statement - PreSaveFile = new java.io.File(((pathPrefix + java.lang.Integer.toString(counter)) + .png)): null

2018-12-14 02:09:22 - [TEST_STEP][PASSED] - Statement - counter = counter + 1: null

2018-12-14 02:09:22 - [TEST_STEP][PASSED] - Statement - PreSaveFile = new java.io.File(((pathPrefix + java.lang.Integer.toString(counter)) + .png)): null

2018-12-14 02:09:22 - [TEST_STEP][PASSED] - Statement - counter = counter + 1: null

2018-12-14 02:09:22 - [TEST_STEP][PASSED] - Statement - PreSaveFile = new java.io.File(((pathPrefix + java.lang.Integer.toString(counter)) + .png)): null

2018-12-14 02:09:22 - [TEST_STEP][PASSED] - Statement - counter = counter + 1: null

2018-12-14 02:09:22 - [TEST_STEP][PASSED] - Statement - PreSaveFile = new java.io.File(((pathPrefix + java.lang.Integer.toString(counter)) + .png)): null

2018-12-14 02:09:22 - [TEST_STEP][PASSED] - Statement - counter = counter + 1: null

2018-12-14 02:09:22 - [TEST_STEP][PASSED] - Statement - PreSaveFile = new java.io.File(((pathPrefix + java.lang.Integer.toString(counter)) + .png)): null

2018-12-14 02:09:22 - [TEST_STEP][PASSED] - Statement - counter = counter + 1: null

2018-12-14 02:09:22 - [TEST_STEP][PASSED] - Statement - PreSaveFile = new java.io.File(((pathPrefix + java.lang.Integer.toString(counter)) + .png)): null

2018-12-14 02:09:22 - [TEST_STEP][PASSED] - Statement - counter = counter + 1: null

2018-12-14 02:09:22 - [TEST_STEP][PASSED] - Statement - PreSaveFile = new java.io.File(((pathPrefix + java.lang.Integer.toString(counter)) + .png)): null

2018-12-14 02:09:22 - [TEST_STEP][PASSED] - Statement - counter = counter + 1: null

2018-12-14 02:09:22 - [TEST_STEP][PASSED] - Statement - PreSaveFile = new java.io.File(((pathPrefix + java.lang.Integer.toString(counter)) + .png)): null

2018-12-14 02:09:22 - [TEST_STEP][PASSED] - Statement - counter = counter + 1: null

2018-12-14 02:09:22 - [TEST_STEP][PASSED] - Statement - PreSaveFile = new java.io.File(((pathPrefix + java.lang.Integer.toString(counter)) + .png)): null

2018-12-14 02:09:22 - [TEST_STEP][PASSED] - Statement - counter = counter + 1: null

2018-12-14 02:09:22 - [TEST_STEP][PASSED] - Statement - PreSaveFile = new java.io.File(((pathPrefix + java.lang.Integer.toString(counter)) + .png)): null

2018-12-14 02:09:22 - [TEST_STEP][PASSED] - Statement - counter = counter + 1: null

2018-12-14 02:09:22 - [TEST_STEP][PASSED] - Statement - PreSaveFile = new java.io.File(((pathPrefix + java.lang.Integer.toString(counter)) + .png)): null

2018-12-14 02:09:22 - [TEST_STEP][PASSED] - Statement - counter = counter + 1: null

2018-12-14 02:09:22 - [TEST_STEP][PASSED] - Statement - PreSaveFile = new java.io.File(((pathPrefix + java.lang.Integer.toString(counter)) + .png)): null

2018-12-14 02:09:22 - [TEST_STEP][PASSED] - Statement - counter = counter + 1: null

2018-12-14 02:09:22 - [TEST_STEP][PASSED] - Statement - PreSaveFile = new java.io.File(((pathPrefix + java.lang.Integer.toString(counter)) + .png)): null

2018-12-14 02:09:22 - [TEST_STEP][PASSED] - Statement - counter = counter + 1: null

2018-12-14 02:09:22 - [TEST_STEP][PASSED] - Statement - PreSaveFile = new java.io.File(((pathPrefix + java.lang.Integer.toString(counter)) + .png)): null

2018-12-14 02:09:22 - [TEST_STEP][PASSED] - Statement - counter = counter + 1: null

2018-12-14 02:09:22 - [TEST_STEP][PASSED] - Statement - PreSaveFile = new java.io.File(((pathPrefix + java.lang.Integer.toString(counter)) + .png)): null

2018-12-14 02:09:22 - [TEST_STEP][PASSED] - Statement - counter = counter + 1: null

2018-12-14 02:09:22 - [TEST_STEP][PASSED] - Statement - PreSaveFile = new java.io.File(((pathPrefix + java.lang.Integer.toString(counter)) + .png)): null

2018-12-14 02:09:22 - [TEST_STEP][PASSED] - Statement - counter = counter + 1: null

2018-12-14 02:09:22 - [TEST_STEP][PASSED] - Statement - PreSaveFile = new java.io.File(((pathPrefix + java.lang.Integer.toString(counter)) + .png)): null

2018-12-14 02:09:22 - [TEST_STEP][PASSED] - Statement - counter = counter + 1: null

2018-12-14 02:09:22 - [TEST_STEP][PASSED] - Statement - PreSaveFile = new java.io.File(((pathPrefix + java.lang.Integer.toString(counter)) + .png)): null

2018-12-14 02:09:22 - [TEST_STEP][PASSED] - Statement - counter = counter + 1: null

2018-12-14 02:09:22 - [TEST_STEP][PASSED] - Statement - PreSaveFile = new java.io.File(((pathPrefix + java.lang.Integer.toString(counter)) + .png)): null

2018-12-14 02:09:22 - [TEST_STEP][PASSED] - Statement - counter = counter + 1: null

2018-12-14 02:09:22 - [TEST_STEP][PASSED] - Statement - PreSaveFile = new java.io.File(((pathPrefix + java.lang.Integer.toString(counter)) + .png)): null

2018-12-14 02:09:22 - [TEST_STEP][PASSED] - Statement - counter = counter + 1: null

2018-12-14 02:09:22 - [TEST_STEP][PASSED] - Statement - PreSaveFile = new java.io.File(((pathPrefix + java.lang.Integer.toString(counter)) + .png)): null

2018-12-14 02:09:22 - [TEST_STEP][PASSED] - Statement - counter = counter + 1: null

2018-12-14 02:09:22 - [TEST_STEP][PASSED] - Statement - PreSaveFile = new java.io.File(((pathPrefix + java.lang.Integer.toString(counter)) + .png)): null

2018-12-14 02:09:22 - [TEST_STEP][PASSED] - Statement - counter = counter + 1: null

2018-12-14 02:09:22 - [TEST_STEP][PASSED] - Statement - PreSaveFile = new java.io.File(((pathPrefix + java.lang.Integer.toString(counter)) + .png)): null

2018-12-14 02:09:22 - [TEST_STEP][PASSED] - Statement - counter = counter + 1: null

2018-12-14 02:09:22 - [TEST_STEP][PASSED] - Statement - PreSaveFile = new java.io.File(((pathPrefix + java.lang.Integer.toString(counter)) + .png)): null

2018-12-14 02:09:22 - [TEST_STEP][PASSED] - Statement - counter = counter + 1: null

2018-12-14 02:09:22 - [TEST_STEP][PASSED] - Statement - PreSaveFile = new java.io.File(((pathPrefix + java.lang.Integer.toString(counter)) + .png)): null

2018-12-14 02:09:22 - [TEST_STEP][PASSED] - Statement - counter = counter + 1: null

2018-12-14 02:09:22 - [TEST_STEP][PASSED] - Statement - PreSaveFile = new java.io.File(((pathPrefix + java.lang.Integer.toString(counter)) + .png)): null

2018-12-14 02:09:22 - [TEST_STEP][PASSED] - Statement - counter = counter + 1: null

2018-12-14 02:09:22 - [TEST_STEP][PASSED] - Statement - PreSaveFile = new java.io.File(((pathPrefix + java.lang.Integer.toString(counter)) + .png)): null

2018-12-14 02:09:22 - [TEST_STEP][PASSED] - Statement - counter = counter + 1: null

2018-12-14 02:09:22 - [TEST_STEP][PASSED] - Statement - PreSaveFile = new java.io.File(((pathPrefix + java.lang.Integer.toString(counter)) + .png)): null

2018-12-14 02:09:22 - [TEST_STEP][PASSED] - Statement - counter = counter + 1: null

2018-12-14 02:09:22 - [TEST_STEP][PASSED] - Statement - PreSaveFile = new java.io.File(((pathPrefix + java.lang.Integer.toString(counter)) + .png)): null

2018-12-14 02:09:22 - [TEST_STEP][PASSED] - Statement - counter = counter + 1: null

2018-12-14 02:09:22 - [TEST_STEP][PASSED] - Statement - PreSaveFile = new java.io.File(((pathPrefix + java.lang.Integer.toString(counter)) + .png)): null

2018-12-14 02:09:22 - [TEST_STEP][PASSED] - Statement - counter = counter + 1: null

2018-12-14 02:09:22 - [TEST_STEP][PASSED] - Statement - PreSaveFile = new java.io.File(((pathPrefix + java.lang.Integer.toString(counter)) + .png)): null

2018-12-14 02:09:22 - [TEST_STEP][PASSED] - Statement - counter = counter + 1: null

2018-12-14 02:09:22 - [TEST_STEP][PASSED] - Statement - PreSaveFile = new java.io.File(((pathPrefix + java.lang.Integer.toString(counter)) + .png)): null

2018-12-14 02:09:22 - [TEST_STEP][PASSED] - Statement - counter = counter + 1: null

2018-12-14 02:09:22 - [TEST_STEP][PASSED] - Statement - PreSaveFile = new java.io.File(((pathPrefix + java.lang.Integer.toString(counter)) + .png)): null

2018-12-14 02:09:22 - [TEST_STEP][PASSED] - Statement - counter = counter + 1: null

2018-12-14 02:09:22 - [TEST_STEP][PASSED] - Statement - PreSaveFile = new java.io.File(((pathPrefix + java.lang.Integer.toString(counter)) + .png)): null

2018-12-14 02:09:22 - [TEST_STEP][PASSED] - Statement - counter = counter + 1: null

2018-12-14 02:09:22 - [TEST_STEP][PASSED] - Statement - PreSaveFile = new java.io.File(((pathPrefix + java.lang.Integer.toString(counter)) + .png)): null

2018-12-14 02:09:22 - [TEST_STEP][PASSED] - Statement - counter = counter + 1: null

2018-12-14 02:09:22 - [TEST_STEP][PASSED] - Statement - PreSaveFile = new java.io.File(((pathPrefix + java.lang.Integer.toString(counter)) + .png)): null

2018-12-14 02:09:22 - [TEST_STEP][PASSED] - Statement - counter = counter + 1: null

2018-12-14 02:09:22 - [TEST_STEP][PASSED] - Statement - PreSaveFile = new java.io.File(((pathPrefix + java.lang.Integer.toString(counter)) + .png)): null

2018-12-14 02:09:22 - [TEST_STEP][PASSED] - Statement - counter = counter + 1: null

2018-12-14 02:09:22 - [TEST_STEP][PASSED] - Statement - PreSaveFile = new java.io.File(((pathPrefix + java.lang.Integer.toString(counter)) + .png)): null

2018-12-14 02:09:22 - [TEST_STEP][PASSED] - Statement - counter = counter + 1: null

2018-12-14 02:09:22 - [TEST_STEP][PASSED] - Statement - PreSaveFile = new java.io.File(((pathPrefix + java.lang.Integer.toString(counter)) + .png)): null

2018-12-14 02:09:22 - [TEST_STEP][PASSED] - Statement - counter = counter + 1: null

2018-12-14 02:09:22 - [TEST_STEP][PASSED] - Statement - PreSaveFile = new java.io.File(((pathPrefix + java.lang.Integer.toString(counter)) + .png)): null

2018-12-14 02:09:22 - [TEST_STEP][PASSED] - Statement - counter = counter + 1: null

2018-12-14 02:09:22 - [TEST_STEP][PASSED] - Statement - PreSaveFile = new java.io.File(((pathPrefix + java.lang.Integer.toString(counter)) + .png)): null

2018-12-14 02:09:22 - [TEST_STEP][PASSED] - Statement - counter = counter + 1: null

2018-12-14 02:09:22 - [TEST_STEP][PASSED] - Statement - PreSaveFile = new java.io.File(((pathPrefix + java.lang.Integer.toString(counter)) + .png)): null

2018-12-14 02:09:22 - [TEST_STEP][PASSED] - Statement - counter = counter + 1: null

2018-12-14 02:09:22 - [TEST_STEP][PASSED] - Statement - PreSaveFile = new java.io.File(((pathPrefix + java.lang.Integer.toString(counter)) + .png)): null

2018-12-14 02:09:22 - [TEST_STEP][PASSED] - Statement - counter = counter + 1: null

2018-12-14 02:09:22 - [TEST_STEP][PASSED] - Statement - PreSaveFile = new java.io.File(((pathPrefix + java.lang.Integer.toString(counter)) + .png)): null

2018-12-14 02:09:22 - [TEST_STEP][PASSED] - Statement - counter = counter + 1: null

2018-12-14 02:09:22 - [TEST_STEP][PASSED] - Statement - PreSaveFile = new java.io.File(((pathPrefix + java.lang.Integer.toString(counter)) + .png)): null

2018-12-14 02:09:22 - [TEST_STEP][PASSED] - Statement - counter = counter + 1: null

2018-12-14 02:09:22 - [TEST_STEP][PASSED] - Statement - PreSaveFile = new java.io.File(((pathPrefix + java.lang.Integer.toString(counter)) + .png)): null

2018-12-14 02:09:22 - [TEST_STEP][PASSED] - Statement - counter = counter + 1: null

2018-12-14 02:09:22 - [TEST_STEP][PASSED] - Statement - PreSaveFile = new java.io.File(((pathPrefix + java.lang.Integer.toString(counter)) + .png)): null

2018-12-14 02:09:22 - [TEST_STEP][PASSED] - Statement - counter = counter + 1: null

2018-12-14 02:09:22 - [TEST_STEP][PASSED] - Statement - PreSaveFile = new java.io.File(((pathPrefix + java.lang.Integer.toString(counter)) + .png)): null

2018-12-14 02:09:22 - [TEST_STEP][PASSED] - Statement - counter = counter + 1: null

2018-12-14 02:09:22 - [TEST_STEP][PASSED] - Statement - PreSaveFile = new java.io.File(((pathPrefix + java.lang.Integer.toString(counter)) + .png)): null

2018-12-14 02:09:22 - [TEST_STEP][PASSED] - Statement - counter = counter + 1: null

2018-12-14 02:09:22 - [TEST_STEP][PASSED] - Statement - PreSaveFile = new java.io.File(((pathPrefix + java.lang.Integer.toString(counter)) + .png)): null

2018-12-14 02:09:22 - [TEST_STEP][PASSED] - Statement - counter = counter + 1: null

2018-12-14 02:09:22 - [TEST_STEP][PASSED] - Statement - PreSaveFile = new java.io.File(((pathPrefix + java.lang.Integer.toString(counter)) + .png)): null

2018-12-14 02:09:22 - [TEST_STEP][PASSED] - Statement - counter = counter + 1: null

2018-12-14 02:09:22 - [TEST_STEP][PASSED] - Statement - PreSaveFile = new java.io.File(((pathPrefix + java.lang.Integer.toString(counter)) + .png)): null

2018-12-14 02:09:22 - [TEST_STEP][PASSED] - Statement - counter = counter + 1: null

2018-12-14 02:09:22 - [TEST_STEP][PASSED] - Statement - PreSaveFile = new java.io.File(((pathPrefix + java.lang.Integer.toString(counter)) + .png)): null

2018-12-14 02:09:22 - [TEST_STEP][PASSED] - Statement - counter = counter + 1: null

2018-12-14 02:09:22 - [TEST_STEP][PASSED] - Statement - PreSaveFile = new java.io.File(((pathPrefix + java.lang.Integer.toString(counter)) + .png)): null

2018-12-14 02:09:22 - [TEST_STEP][PASSED] - Statement - counter = counter + 1: null

2018-12-14 02:09:22 - [TEST_STEP][PASSED] - Statement - PreSaveFile = new java.io.File(((pathPrefix + java.lang.Integer.toString(counter)) + .png)): null

2018-12-14 02:09:22 - [TEST_STEP][PASSED] - Statement - counter = counter + 1: null

2018-12-14 02:09:22 - [TEST_STEP][PASSED] - Statement - PreSaveFile = new java.io.File(((pathPrefix + java.lang.Integer.toString(counter)) + .png)): null

2018-12-14 02:09:22 - [TEST_STEP][PASSED] - Statement - counter = counter + 1: null

2018-12-14 02:09:22 - [TEST_STEP][PASSED] - Statement - PreSaveFile = new java.io.File(((pathPrefix + java.lang.Integer.toString(counter)) + .png)): null

2018-12-14 02:09:22 - [TEST_STEP][PASSED] - Statement - counter = counter + 1: null

2018-12-14 02:09:22 - [TEST_STEP][PASSED] - Statement - PreSaveFile = new java.io.File(((pathPrefix + java.lang.Integer.toString(counter)) + .png)): null

2018-12-14 02:09:22 - [TEST_STEP][PASSED] - Statement - counter = counter + 1: null

2018-12-14 02:09:22 - [TEST_STEP][PASSED] - Statement - PreSaveFile = new java.io.File(((pathPrefix + java.lang.Integer.toString(counter)) + .png)): null

2018-12-14 02:09:22 - [TEST_STEP][PASSED] - Statement - counter = counter + 1: null

2018-12-14 02:09:22 - [TEST_STEP][PASSED] - Statement - PreSaveFile = new java.io.File(((pathPrefix + java.lang.Integer.toString(counter)) + .png)): null

2018-12-14 02:09:22 - [TEST_STEP][PASSED] - Statement - counter = counter + 1: null

2018-12-14 02:09:22 - [TEST_STEP][PASSED] - Statement - PreSaveFile = new java.io.File(((pathPrefix + java.lang.Integer.toString(counter)) + .png)): null

2018-12-14 02:09:22 - [TEST_STEP][PASSED] - Statement - counter = counter + 1: null

2018-12-14 02:09:22 - [TEST_STEP][PASSED] - Statement - PreSaveFile = new java.io.File(((pathPrefix + java.lang.Integer.toString(counter)) + .png)): null

2018-12-14 02:09:22 - [TEST_STEP][PASSED] - Statement - counter = counter + 1: null

2018-12-14 02:09:22 - [TEST_STEP][PASSED] - Statement - PreSaveFile = new java.io.File(((pathPrefix + java.lang.Integer.toString(counter)) + .png)): null

2018-12-14 02:09:22 - [TEST_STEP][PASSED] - Statement - counter = counter + 1: null

2018-12-14 02:09:22 - [TEST_STEP][PASSED] - Statement - PreSaveFile = new java.io.File(((pathPrefix + java.lang.Integer.toString(counter)) + .png)): null

2018-12-14 02:09:22 - [TEST_STEP][PASSED] - Statement - counter = counter + 1: null

2018-12-14 02:09:22 - [TEST_STEP][PASSED] - Statement - PreSaveFile = new java.io.File(((pathPrefix + java.lang.Integer.toString(counter)) + .png)): null

2018-12-14 02:09:22 - [TEST_STEP][PASSED] - Statement - counter = counter + 1: null

2018-12-14 02:09:22 - [TEST_STEP][PASSED] - Statement - PreSaveFile = new java.io.File(((pathPrefix + java.lang.Integer.toString(counter)) + .png)): null

2018-12-14 02:09:22 - [TEST_STEP][PASSED] - Statement - counter = counter + 1: null

2018-12-14 02:09:22 - [TEST_STEP][PASSED] - Statement - PreSaveFile = new java.io.File(((pathPrefix + java.lang.Integer.toString(counter)) + .png)): null

2018-12-14 02:09:22 - [TEST_STEP][PASSED] - Statement - counter = counter + 1: null

2018-12-14 02:09:22 - [TEST_STEP][PASSED] - Statement - PreSaveFile = new java.io.File(((pathPrefix + java.lang.Integer.toString(counter)) + .png)): null

2018-12-14 02:09:22 - [TEST_STEP][PASSED] - Statement - counter = counter + 1: null

2018-12-14 02:09:22 - [TEST_STEP][PASSED] - Statement - PreSaveFile = new java.io.File(((pathPrefix + java.lang.Integer.toString(counter)) + .png)): null

2018-12-14 02:09:22 - [TEST_STEP][PASSED] - Statement - counter = counter + 1: null

2018-12-14 02:09:22 - [TEST_STEP][PASSED] - Statement - PreSaveFile = new java.io.File(((pathPrefix + java.lang.Integer.toString(counter)) + .png)): null

2018-12-14 02:09:22 - [TEST_STEP][PASSED] - Statement - counter = counter + 1: null

2018-12-14 02:09:22 - [TEST_STEP][PASSED] - Statement - PreSaveFile = new java.io.File(((pathPrefix + java.lang.Integer.toString(counter)) + .png)): null

2018-12-14 02:09:22 - [TEST_STEP][PASSED] - Statement - counter = counter + 1: null

2018-12-14 02:09:22 - [TEST_STEP][PASSED] - Statement - PreSaveFile = new java.io.File(((pathPrefix + java.lang.Integer.toString(counter)) + .png)): null

2018-12-14 02:09:22 - [TEST_STEP][PASSED] - Statement - counter = counter + 1: null

2018-12-14 02:09:22 - [TEST_STEP][PASSED] - Statement - PreSaveFile = new java.io.File(((pathPrefix + java.lang.Integer.toString(counter)) + .png)): null

2018-12-14 02:09:22 - [TEST_STEP][PASSED] - Statement - counter = counter + 1: null

2018-12-14 02:09:22 - [TEST_STEP][PASSED] - Statement - PreSaveFile = new java.io.File(((pathPrefix + java.lang.Integer.toString(counter)) + .png)): null

2018-12-14 02:09:22 - [TEST_STEP][PASSED] - Statement - counter = counter + 1: null

2018-12-14 02:09:22 - [TEST_STEP][PASSED] - Statement - PreSaveFile = new java.io.File(((pathPrefix + java.lang.Integer.toString(counter)) + .png)): null

2018-12-14 02:09:22 - [TEST_STEP][PASSED] - Statement - counter = counter + 1: null

2018-12-14 02:09:22 - [TEST_STEP][PASSED] - Statement - PreSaveFile = new java.io.File(((pathPrefix + java.lang.Integer.toString(counter)) + .png)): null

2018-12-14 02:09:22 - [TEST_STEP][PASSED] - Statement - counter = counter + 1: null

2018-12-14 02:09:22 - [TEST_STEP][PASSED] - Statement - PreSaveFile = new java.io.File(((pathPrefix + java.lang.Integer.toString(counter)) + .png)): null

2018-12-14 02:09:22 - [TEST_STEP][PASSED] - Statement - counter = counter + 1: null

2018-12-14 02:09:22 - [TEST_STEP][PASSED] - Statement - PreSaveFile = new java.io.File(((pathPrefix + java.lang.Integer.toString(counter)) + .png)): null

2018-12-14 02:09:22 - [TEST_STEP][PASSED] - Statement - counter = counter + 1: null

2018-12-14 02:09:22 - [TEST_STEP][PASSED] - Statement - PreSaveFile = new java.io.File(((pathPrefix + java.lang.Integer.toString(counter)) + .png)): null

2018-12-14 02:09:22 - [TEST_STEP][PASSED] - Statement - counter = counter + 1: null

2018-12-14 02:09:22 - [TEST_STEP][PASSED] - Statement - PreSaveFile = new java.io.File(((pathPrefix + java.lang.Integer.toString(counter)) + .png)): null

2018-12-14 02:09:22 - [TEST_STEP][PASSED] - Statement - counter = counter + 1: null

2018-12-14 02:09:22 - [TEST_STEP][PASSED] - Statement - PreSaveFile = new java.io.File(((pathPrefix + java.lang.Integer.toString(counter)) + .png)): null

2018-12-14 02:09:22 - [TEST_STEP][PASSED] - Statement - counter = counter + 1: null

2018-12-14 02:09:22 - [TEST_STEP][PASSED] - Statement - PreSaveFile = new java.io.File(((pathPrefix + java.lang.Integer.toString(counter)) + .png)): null

2018-12-14 02:09:22 - [TEST_STEP][PASSED] - Statement - counter = counter + 1: null

2018-12-14 02:09:22 - [TEST_STEP][PASSED] - Statement - PreSaveFile = new java.io.File(((pathPrefix + java.lang.Integer.toString(counter)) + .png)): null

2018-12-14 02:09:22 - [TEST_STEP][PASSED] - Statement - counter = counter + 1: null

2018-12-14 02:09:22 - [TEST_STEP][PASSED] - Statement - PreSaveFile = new java.io.File(((pathPrefix + java.lang.Integer.toString(counter)) + .png)): null

2018-12-14 02:09:22 - [TEST_STEP][PASSED] - Statement - counter = counter + 1: null

2018-12-14 02:09:22 - [TEST_STEP][PASSED] - Statement - PreSaveFile = new java.io.File(((pathPrefix + java.lang.Integer.toString(counter)) + .png)): null

2018-12-14 02:09:22 - [TEST_STEP][PASSED] - Statement - counter = counter + 1: null

2018-12-14 02:09:22 - [TEST_STEP][PASSED] - Statement - PreSaveFile = new java.io.File(((pathPrefix + java.lang.Integer.toString(counter)) + .png)): null

2018-12-14 02:09:22 - [TEST_STEP][PASSED] - Statement - counter = counter + 1: null

2018-12-14 02:09:22 - [TEST_STEP][PASSED] - Statement - PreSaveFile = new java.io.File(((pathPrefix + java.lang.Integer.toString(counter)) + .png)): null

2018-12-14 02:09:22 - [TEST_STEP][PASSED] - Statement - counter = counter + 1: null

2018-12-14 02:09:22 - [TEST_STEP][PASSED] - Statement - PreSaveFile = new java.io.File(((pathPrefix + java.lang.Integer.toString(counter)) + .png)): null

2018-12-14 02:09:22 - [TEST_STEP][PASSED] - Statement - counter = counter + 1: null

2018-12-14 02:09:22 - [TEST_STEP][PASSED] - Statement - PreSaveFile = new java.io.File(((pathPrefix + java.lang.Integer.toString(counter)) + .png)): null

2018-12-14 02:09:22 - [TEST_STEP][PASSED] - Statement - counter = counter + 1: null

2018-12-14 02:09:22 - [TEST_STEP][PASSED] - Statement - PreSaveFile = new java.io.File(((pathPrefix + java.lang.Integer.toString(counter)) + .png)): null

2018-12-14 02:09:22 - [TEST_STEP][PASSED] - Statement - counter = counter + 1: null

2018-12-14 02:09:22 - [TEST_STEP][PASSED] - Statement - PreSaveFile = new java.io.File(((pathPrefix + java.lang.Integer.toString(counter)) + .png)): null

2018-12-14 02:09:22 - [TEST_STEP][PASSED] - Statement - counter = counter + 1: null

2018-12-14 02:09:22 - [TEST_STEP][PASSED] - Statement - PreSaveFile = new java.io.File(((pathPrefix + java.lang.Integer.toString(counter)) + .png)): null

2018-12-14 02:09:22 - [TEST_STEP][PASSED] - Statement - counter = counter + 1: null

2018-12-14 02:09:22 - [TEST_STEP][PASSED] - Statement - PreSaveFile = new java.io.File(((pathPrefix + java.lang.Integer.toString(counter)) + .png)): null

2018-12-14 02:09:22 - [TEST_STEP][PASSED] - Statement - counter = counter + 1: null

2018-12-14 02:09:22 - [TEST_STEP][PASSED] - Statement - PreSaveFile = new java.io.File(((pathPrefix + java.lang.Integer.toString(counter)) + .png)): null

2018-12-14 02:09:22 - [TEST_STEP][PASSED] - Statement - counter = counter + 1: null

2018-12-14 02:09:22 - [TEST_STEP][PASSED] - Statement - PreSaveFile = new java.io.File(((pathPrefix + java.lang.Integer.toString(counter)) + .png)): null

2018-12-14 02:09:22 - [TEST_STEP][PASSED] - Statement - counter = counter + 1: null

2018-12-14 02:09:22 - [TEST_STEP][PASSED] - Statement - PreSaveFile = new java.io.File(((pathPrefix + java.lang.Integer.toString(counter)) + .png)): null

2018-12-14 02:09:22 - [TEST_STEP][PASSED] - Statement - counter = counter + 1: null

2018-12-14 02:09:22 - [TEST_STEP][PASSED] - Statement - PreSaveFile = new java.io.File(((pathPrefix + java.lang.Integer.toString(counter)) + .png)): null

2018-12-14 02:09:22 - [TEST_STEP][PASSED] - Statement - counter = counter + 1: null

2018-12-14 02:09:22 - [TEST_STEP][PASSED] - Statement - PreSaveFile = new java.io.File(((pathPrefix + java.lang.Integer.toString(counter)) + .png)): null

2018-12-14 02:09:22 - [TEST_STEP][PASSED] - Statement - counter = counter + 1: null

2018-12-14 02:09:22 - [TEST_STEP][PASSED] - Statement - PreSaveFile = new java.io.File(((pathPrefix + java.lang.Integer.toString(counter)) + .png)): null

2018-12-14 02:09:22 - [TEST_STEP][PASSED] - Statement - counter = counter + 1: null

2018-12-14 02:09:22 - [TEST_STEP][PASSED] - Statement - PreSaveFile = new java.io.File(((pathPrefix + java.lang.Integer.toString(counter)) + .png)): null

2018-12-14 02:09:22 - [TEST_STEP][PASSED] - Statement - counter = counter + 1: null

2018-12-14 02:09:22 - [TEST_STEP][PASSED] - Statement - PreSaveFile = new java.io.File(((pathPrefix + java.lang.Integer.toString(counter)) + .png)): null

2018-12-14 02:09:22 - [TEST_STEP][PASSED] - Statement - counter = counter + 1: null

2018-12-14 02:09:22 - [TEST_STEP][PASSED] - Statement - PreSaveFile = new java.io.File(((pathPrefix + java.lang.Integer.toString(counter)) + .png)): null

2018-12-14 02:09:22 - [TEST_STEP][PASSED] - Statement - counter = counter + 1: null

2018-12-14 02:09:22 - [TEST_STEP][PASSED] - Statement - PreSaveFile = new java.io.File(((pathPrefix + java.lang.Integer.toString(counter)) + .png)): null

2018-12-14 02:09:22 - [TEST_STEP][PASSED] - Statement - counter = counter + 1: null

2018-12-14 02:09:22 - [TEST_STEP][PASSED] - Statement - PreSaveFile = new java.io.File(((pathPrefix + java.lang.Integer.toString(counter)) + .png)): null

2018-12-14 02:09:22 - [TEST_STEP][PASSED] - Statement - counter = counter + 1: null

2018-12-14 02:09:22 - [TEST_STEP][PASSED] - Statement - PreSaveFile = new java.io.File(((pathPrefix + java.lang.Integer.toString(counter)) + .png)): null

2018-12-14 02:09:22 - [TEST_STEP][PASSED] - Statement - counter = counter + 1: null

2018-12-14 02:09:22 - [TEST_STEP][PASSED] - Statement - PreSaveFile = new java.io.File(((pathPrefix + java.lang.Integer.toString(counter)) + .png)): null

2018-12-14 02:09:22 - [TEST_STEP][PASSED] - Statement - counter = counter + 1: null

2018-12-14 02:09:22 - [TEST_STEP][PASSED] - Statement - PreSaveFile = new java.io.File(((pathPrefix + java.lang.Integer.toString(counter)) + .png)): null

2018-12-14 02:09:22 - [TEST_STEP][PASSED] - Statement - counter = counter + 1: null

2018-12-14 02:09:22 - [TEST_STEP][PASSED] - Statement - PreSaveFile = new java.io.File(((pathPrefix + java.lang.Integer.toString(counter)) + .png)): null

2018-12-14 02:09:22 - [TEST_STEP][PASSED] - Statement - counter = counter + 1: null

2018-12-14 02:09:22 - [TEST_STEP][PASSED] - Statement - PreSaveFile = new java.io.File(((pathPrefix + java.lang.Integer.toString(counter)) + .png)): null

2018-12-14 02:09:22 - [TEST_STEP][PASSED] - Statement - counter = counter + 1: null

2018-12-14 02:09:22 - [TEST_STEP][PASSED] - Statement - PreSaveFile = new java.io.File(((pathPrefix + java.lang.Integer.toString(counter)) + .png)): null

2018-12-14 02:09:22 - [TEST_STEP][PASSED] - Statement - counter = counter + 1: null

2018-12-14 02:09:22 - [TEST_STEP][PASSED] - Statement - PreSaveFile = new java.io.File(((pathPrefix + java.lang.Integer.toString(counter)) + .png)): null

2018-12-14 02:09:22 - [TEST_STEP][PASSED] - Statement - counter = counter + 1: null

2018-12-14 02:09:22 - [TEST_STEP][PASSED] - Statement - PreSaveFile = new java.io.File(((pathPrefix + java.lang.Integer.toString(counter)) + .png)): null

2018-12-14 02:09:22 - [TEST_STEP][PASSED] - Statement - counter = counter + 1: null

2018-12-14 02:09:22 - [TEST_STEP][PASSED] - Statement - PreSaveFile = new java.io.File(((pathPrefix + java.lang.Integer.toString(counter)) + .png)): null

2018-12-14 02:09:22 - [TEST_STEP][PASSED] - Statement - counter = counter + 1: null

2018-12-14 02:09:22 - [TEST_STEP][PASSED] - Statement - PreSaveFile = new java.io.File(((pathPrefix + java.lang.Integer.toString(counter)) + .png)): null

2018-12-14 02:09:22 - [TEST_STEP][PASSED] - Statement - counter = counter + 1: null

2018-12-14 02:09:22 - [TEST_STEP][PASSED] - Statement - PreSaveFile = new java.io.File(((pathPrefix + java.lang.Integer.toString(counter)) + .png)): null

2018-12-14 02:09:22 - [TEST_STEP][PASSED] - Statement - counter = counter + 1: null

2018-12-14 02:09:22 - [TEST_STEP][PASSED] - Statement - PreSaveFile = new java.io.File(((pathPrefix + java.lang.Integer.toString(counter)) + .png)): null

2018-12-14 02:09:22 - [TEST_STEP][PASSED] - Statement - counter = counter + 1: null

2018-12-14 02:09:22 - [TEST_STEP][PASSED] - Statement - PreSaveFile = new java.io.File(((pathPrefix + java.lang.Integer.toString(counter)) + .png)): null

2018-12-14 02:09:22 - [TEST_STEP][PASSED] - Statement - counter = counter + 1: null

2018-12-14 02:09:22 - [TEST_STEP][PASSED] - Statement - PreSaveFile = new java.io.File(((pathPrefix + java.lang.Integer.toString(counter)) + .png)): null

2018-12-14 02:09:22 - [TEST_STEP][PASSED] - Statement - counter = counter + 1: null

2018-12-14 02:09:22 - [TEST_STEP][PASSED] - Statement - PreSaveFile = new java.io.File(((pathPrefix + java.lang.Integer.toString(counter)) + .png)): null

2018-12-14 02:09:22 - [TEST_STEP][PASSED] - Statement - counter = counter + 1: null

2018-12-14 02:09:22 - [TEST_STEP][PASSED] - Statement - PreSaveFile = new java.io.File(((pathPrefix + java.lang.Integer.toString(counter)) + .png)): null

2018-12-14 02:09:22 - [TEST_STEP][PASSED] - Statement - counter = counter + 1: null

2018-12-14 02:09:22 - [TEST_STEP][PASSED] - Statement - PreSaveFile = new java.io.File(((pathPrefix + java.lang.Integer.toString(counter)) + .png)): null

2018-12-14 02:09:22 - [TEST_STEP][PASSED] - Statement - counter = counter + 1: null

2018-12-14 02:09:22 - [TEST_STEP][PASSED] - Statement - PreSaveFile = new java.io.File(((pathPrefix + java.lang.Integer.toString(counter)) + .png)): null

2018-12-14 02:09:22 - [TEST_STEP][PASSED] - Statement - counter = counter + 1: null

2018-12-14 02:09:22 - [TEST_STEP][PASSED] - Statement - PreSaveFile = new java.io.File(((pathPrefix + java.lang.Integer.toString(counter)) + .png)): null

2018-12-14 02:09:22 - [TEST_STEP][PASSED] - Statement - counter = counter + 1: null

2018-12-14 02:09:22 - [TEST_STEP][PASSED] - Statement - PreSaveFile = new java.io.File(((pathPrefix + java.lang.Integer.toString(counter)) + .png)): null

2018-12-14 02:09:22 - [TEST_STEP][PASSED] - Statement - counter = counter + 1: null

2018-12-14 02:09:22 - [TEST_STEP][PASSED] - Statement - PreSaveFile = new java.io.File(((pathPrefix + java.lang.Integer.toString(counter)) + .png)): null

2018-12-14 02:09:22 - [TEST_STEP][PASSED] - Statement - counter = counter + 1: null

2018-12-14 02:09:22 - [TEST_STEP][PASSED] - Statement - PreSaveFile = new java.io.File(((pathPrefix + java.lang.Integer.toString(counter)) + .png)): null

2018-12-14 02:09:22 - [TEST_STEP][PASSED] - Statement - counter = counter + 1: null

2018-12-14 02:09:22 - [TEST_STEP][PASSED] - Statement - PreSaveFile = new java.io.File(((pathPrefix + java.lang.Integer.toString(counter)) + .png)): null

2018-12-14 02:09:22 - [TEST_STEP][PASSED] - Statement - counter = counter + 1: null

2018-12-14 02:09:22 - [TEST_STEP][PASSED] - Statement - PreSaveFile = new java.io.File(((pathPrefix + java.lang.Integer.toString(counter)) + .png)): null

2018-12-14 02:09:22 - [TEST_STEP][PASSED] - Statement - counter = counter + 1: null

2018-12-14 02:09:22 - [TEST_STEP][PASSED] - Statement - PreSaveFile = new java.io.File(((pathPrefix + java.lang.Integer.toString(counter)) + .png)): null

2018-12-14 02:09:22 - [TEST_STEP][PASSED] - Statement - counter = counter + 1: null

2018-12-14 02:09:22 - [TEST_STEP][PASSED] - Statement - PreSaveFile = new java.io.File(((pathPrefix + java.lang.Integer.toString(counter)) + .png)): null

2018-12-14 02:09:22 - [TEST_STEP][PASSED] - Statement - counter = counter + 1: null

2018-12-14 02:09:22 - [TEST_STEP][PASSED] - Statement - PreSaveFile = new java.io.File(((pathPrefix + java.lang.Integer.toString(counter)) + .png)): null

2018-12-14 02:09:22 - [TEST_STEP][PASSED] - Statement - counter = counter + 1: null

2018-12-14 02:09:22 - [TEST_STEP][PASSED] - Statement - PreSaveFile = new java.io.File(((pathPrefix + java.lang.Integer.toString(counter)) + .png)): null

2018-12-14 02:09:22 - [TEST_STEP][PASSED] - Statement - counter = counter + 1: null

2018-12-14 02:09:22 - [TEST_STEP][PASSED] - Statement - PreSaveFile = new java.io.File(((pathPrefix + java.lang.Integer.toString(counter)) + .png)): null

2018-12-14 02:09:22 - [TEST_STEP][PASSED] - Statement - counter = counter + 1: null

2018-12-14 02:09:22 - [TEST_STEP][PASSED] - Statement - PreSaveFile = new java.io.File(((pathPrefix + java.lang.Integer.toString(counter)) + .png)): null

2018-12-14 02:09:22 - [TEST_STEP][PASSED] - Statement - counter = counter + 1: null

2018-12-14 02:09:22 - [TEST_STEP][PASSED] - Statement - PreSaveFile = new java.io.File(((pathPrefix + java.lang.Integer.toString(counter)) + .png)): null

2018-12-14 02:09:22 - [TEST_STEP][PASSED] - Statement - counter = counter + 1: null

2018-12-14 02:09:22 - [TEST_STEP][PASSED] - Statement - PreSaveFile = new java.io.File(((pathPrefix + java.lang.Integer.toString(counter)) + .png)): null

2018-12-14 02:09:22 - [TEST_STEP][PASSED] - Statement - counter = counter + 1: null

2018-12-14 02:09:22 - [TEST_STEP][PASSED] - Statement - PreSaveFile = new java.io.File(((pathPrefix + java.lang.Integer.toString(counter)) + .png)): null

2018-12-14 02:09:22 - [TEST_STEP][PASSED] - Statement - counter = counter + 1: null

2018-12-14 02:09:22 - [TEST_STEP][PASSED] - Statement - PreSaveFile = new java.io.File(((pathPrefix + java.lang.Integer.toString(counter)) + .png)): null

2018-12-14 02:09:22 - [TEST_STEP][PASSED] - Statement - counter = counter + 1: null

2018-12-14 02:09:22 - [TEST_STEP][PASSED] - Statement - PreSaveFile = new java.io.File(((pathPrefix + java.lang.Integer.toString(counter)) + .png)): null

2018-12-14 02:09:22 - [TEST_STEP][PASSED] - Statement - counter = counter + 1: null

2018-12-14 02:09:22 - [TEST_STEP][PASSED] - Statement - PreSaveFile = new java.io.File(((pathPrefix + java.lang.Integer.toString(counter)) + .png)): null

2018-12-14 02:09:22 - [TEST_STEP][PASSED] - Statement - counter = counter + 1: null

2018-12-14 02:09:22 - [TEST_STEP][PASSED] - Statement - PreSaveFile = new java.io.File(((pathPrefix + java.lang.Integer.toString(counter)) + .png)): null

2018-12-14 02:09:22 - [TEST_STEP][PASSED] - Statement - counter = counter + 1: null

2018-12-14 02:09:22 - [TEST_STEP][PASSED] - Statement - PreSaveFile = new java.io.File(((pathPrefix + java.lang.Integer.toString(counter)) + .png)): null

2018-12-14 02:09:22 - [TEST_STEP][PASSED] - Statement - counter = counter + 1: null

2018-12-14 02:09:22 - [TEST_STEP][PASSED] - Statement - PreSaveFile = new java.io.File(((pathPrefix + java.lang.Integer.toString(counter)) + .png)): null

2018-12-14 02:09:22 - [TEST_STEP][PASSED] - Statement - counter = counter + 1: null

2018-12-14 02:09:22 - [TEST_STEP][PASSED] - Statement - PreSaveFile = new java.io.File(((pathPrefix + java.lang.Integer.toString(counter)) + .png)): null

2018-12-14 02:09:22 - [TEST_STEP][PASSED] - Statement - counter = counter + 1: null

2018-12-14 02:09:22 - [TEST_STEP][PASSED] - Statement - PreSaveFile = new java.io.File(((pathPrefix + java.lang.Integer.toString(counter)) + .png)): null

2018-12-14 02:09:22 - [TEST_STEP][PASSED] - Statement - counter = counter + 1: null

2018-12-14 02:09:22 - [TEST_STEP][PASSED] - Statement - PreSaveFile = new java.io.File(((pathPrefix + java.lang.Integer.toString(counter)) + .png)): null

2018-12-14 02:09:22 - [TEST_STEP][PASSED] - Statement - counter = counter + 1: null

2018-12-14 02:09:22 - [TEST_STEP][PASSED] - Statement - PreSaveFile = new java.io.File(((pathPrefix + java.lang.Integer.toString(counter)) + .png)): null

2018-12-14 02:09:22 - [TEST_STEP][PASSED] - Statement - counter = counter + 1: null

2018-12-14 02:09:22 - [TEST_STEP][PASSED] - Statement - PreSaveFile = new java.io.File(((pathPrefix + java.lang.Integer.toString(counter)) + .png)): null

2018-12-14 02:09:23 - [TEST_STEP][PASSED] - Statement - counter = counter + 1: null

2018-12-14 02:09:23 - [TEST_STEP][PASSED] - Statement - PreSaveFile = new java.io.File(((pathPrefix + java.lang.Integer.toString(counter)) + .png)): null

2018-12-14 02:09:23 - [TEST_STEP][PASSED] - Statement - counter = counter + 1: null

2018-12-14 02:09:23 - [TEST_STEP][PASSED] - Statement - PreSaveFile = new java.io.File(((pathPrefix + java.lang.Integer.toString(counter)) + .png)): null

2018-12-14 02:09:23 - [TEST_STEP][PASSED] - Statement - counter = counter + 1: null

2018-12-14 02:09:23 - [TEST_STEP][PASSED] - Statement - PreSaveFile = new java.io.File(((pathPrefix + java.lang.Integer.toString(counter)) + .png)): null

2018-12-14 02:09:23 - [TEST_STEP][PASSED] - Statement - counter = counter + 1: null

2018-12-14 02:09:23 - [TEST_STEP][PASSED] - Statement - PreSaveFile = new java.io.File(((pathPrefix + java.lang.Integer.toString(counter)) + .png)): null

2018-12-14 02:09:23 - [TEST_STEP][PASSED] - Statement - counter = counter + 1: null

2018-12-14 02:09:23 - [TEST_STEP][PASSED] - Statement - PreSaveFile = new java.io.File(((pathPrefix + java.lang.Integer.toString(counter)) + .png)): null

2018-12-14 02:09:23 - [TEST_STEP][PASSED] - Statement - counter = counter + 1: null

2018-12-14 02:09:23 - [TEST_STEP][PASSED] - Statement - PreSaveFile = new java.io.File(((pathPrefix + java.lang.Integer.toString(counter)) + .png)): null

2018-12-14 02:09:23 - [TEST_STEP][PASSED] - Statement - counter = counter + 1: null

2018-12-14 02:09:23 - [TEST_STEP][PASSED] - Statement - PreSaveFile = new java.io.File(((pathPrefix + java.lang.Integer.toString(counter)) + .png)): null

2018-12-14 02:09:23 - [TEST_STEP][PASSED] - Statement - counter = counter + 1: null

2018-12-14 02:09:23 - [TEST_STEP][PASSED] - Statement - PreSaveFile = new java.io.File(((pathPrefix + java.lang.Integer.toString(counter)) + .png)): null

2018-12-14 02:09:23 - [TEST_STEP][PASSED] - Statement - counter = counter + 1: null

2018-12-14 02:09:23 - [TEST_STEP][PASSED] - Statement - PreSaveFile = new java.io.File(((pathPrefix + java.lang.Integer.toString(counter)) + .png)): null

2018-12-14 02:09:23 - [TEST_STEP][PASSED] - Statement - counter = counter + 1: null

2018-12-14 02:09:23 - [TEST_STEP][PASSED] - Statement - PreSaveFile = new java.io.File(((pathPrefix + java.lang.Integer.toString(counter)) + .png)): null

2018-12-14 02:09:23 - [TEST_STEP][PASSED] - Statement - counter = counter + 1: null

2018-12-14 02:09:23 - [TEST_STEP][PASSED] - Statement - PreSaveFile = new java.io.File(((pathPrefix + java.lang.Integer.toString(counter)) + .png)): null

2018-12-14 02:09:23 - [TEST_STEP][PASSED] - Statement - counter = counter + 1: null

2018-12-14 02:09:23 - [TEST_STEP][PASSED] - Statement - PreSaveFile = new java.io.File(((pathPrefix + java.lang.Integer.toString(counter)) + .png)): null

2018-12-14 02:09:23 - [TEST_STEP][PASSED] - Statement - counter = counter + 1: null

2018-12-14 02:09:23 - [TEST_STEP][PASSED] - Statement - PreSaveFile = new java.io.File(((pathPrefix + java.lang.Integer.toString(counter)) + .png)): null

2018-12-14 02:09:23 - [TEST_STEP][PASSED] - Statement - counter = counter + 1: null

2018-12-14 02:09:23 - [TEST_STEP][PASSED] - Statement - PreSaveFile = new java.io.File(((pathPrefix + java.lang.Integer.toString(counter)) + .png)): null

2018-12-14 02:09:23 - [TEST_STEP][PASSED] - Statement - counter = counter + 1: null

2018-12-14 02:09:23 - [TEST_STEP][PASSED] - Statement - PreSaveFile = new java.io.File(((pathPrefix + java.lang.Integer.toString(counter)) + .png)): null

2018-12-14 02:09:23 - [TEST_STEP][PASSED] - Statement - counter = counter + 1: null

2018-12-14 02:09:23 - [TEST_STEP][PASSED] - Statement - PreSaveFile = new java.io.File(((pathPrefix + java.lang.Integer.toString(counter)) + .png)): null

2018-12-14 02:09:23 - [TEST_STEP][PASSED] - Statement - counter = counter + 1: null

2018-12-14 02:09:23 - [TEST_STEP][PASSED] - Statement - PreSaveFile = new java.io.File(((pathPrefix + java.lang.Integer.toString(counter)) + .png)): null

2018-12-14 02:09:23 - [TEST_STEP][PASSED] - Statement - counter = counter + 1: null

2018-12-14 02:09:23 - [TEST_STEP][PASSED] - Statement - PreSaveFile = new java.io.File(((pathPrefix + java.lang.Integer.toString(counter)) + .png)): null

2018-12-14 02:09:23 - [TEST_STEP][PASSED] - Statement - counter = counter + 1: null

2018-12-14 02:09:23 - [TEST_STEP][PASSED] - Statement - PreSaveFile = new java.io.File(((pathPrefix + java.lang.Integer.toString(counter)) + .png)): null

2018-12-14 02:09:23 - [TEST_STEP][PASSED] - Statement - counter = counter + 1: null

2018-12-14 02:09:23 - [TEST_STEP][PASSED] - Statement - PreSaveFile = new java.io.File(((pathPrefix + java.lang.Integer.toString(counter)) + .png)): null

2018-12-14 02:09:23 - [TEST_STEP][PASSED] - Statement - counter = counter + 1: null

2018-12-14 02:09:23 - [TEST_STEP][PASSED] - Statement - PreSaveFile = new java.io.File(((pathPrefix + java.lang.Integer.toString(counter)) + .png)): null

2018-12-14 02:09:23 - [TEST_STEP][PASSED] - Statement - counter = counter + 1: null

2018-12-14 02:09:23 - [TEST_STEP][PASSED] - Statement - PreSaveFile = new java.io.File(((pathPrefix + java.lang.Integer.toString(counter)) + .png)): null

2018-12-14 02:09:23 - [TEST_STEP][PASSED] - Statement - counter = counter + 1: null

2018-12-14 02:09:23 - [TEST_STEP][PASSED] - Statement - PreSaveFile = new java.io.File(((pathPrefix + java.lang.Integer.toString(counter)) + .png)): null

2018-12-14 02:09:23 - [TEST_STEP][PASSED] - Statement - counter = counter + 1: null

2018-12-14 02:09:23 - [TEST_STEP][PASSED] - Statement - PreSaveFile = new java.io.File(((pathPrefix + java.lang.Integer.toString(counter)) + .png)): null

2018-12-14 02:09:23 - [TEST_STEP][PASSED] - Statement - counter = counter + 1: null

2018-12-14 02:09:23 - [TEST_STEP][PASSED] - Statement - PreSaveFile = new java.io.File(((pathPrefix + java.lang.Integer.toString(counter)) + .png)): null

2018-12-14 02:09:23 - [TEST_STEP][PASSED] - Statement - counter = counter + 1: null

2018-12-14 02:09:23 - [TEST_STEP][PASSED] - Statement - PreSaveFile = new java.io.File(((pathPrefix + java.lang.Integer.toString(counter)) + .png)): null

2018-12-14 02:09:23 - [TEST_STEP][PASSED] - Statement - counter = counter + 1: null

2018-12-14 02:09:23 - [TEST_STEP][PASSED] - Statement - PreSaveFile = new java.io.File(((pathPrefix + java.lang.Integer.toString(counter)) + .png)): null

2018-12-14 02:09:23 - [TEST_STEP][PASSED] - Statement - counter = counter + 1: null

2018-12-14 02:09:23 - [TEST_STEP][PASSED] - Statement - PreSaveFile = new java.io.File(((pathPrefix + java.lang.Integer.toString(counter)) + .png)): null

2018-12-14 02:09:23 - [TEST_STEP][PASSED] - Statement - counter = counter + 1: null

2018-12-14 02:09:23 - [TEST_STEP][PASSED] - Statement - PreSaveFile = new java.io.File(((pathPrefix + java.lang.Integer.toString(counter)) + .png)): null

2018-12-14 02:09:23 - [TEST_STEP][PASSED] - Statement - counter = counter + 1: null

2018-12-14 02:09:23 - [TEST_STEP][PASSED] - Statement - PreSaveFile = new java.io.File(((pathPrefix + java.lang.Integer.toString(counter)) + .png)): null

2018-12-14 02:09:23 - [TEST_STEP][PASSED] - Statement - counter = counter + 1: null

2018-12-14 02:09:23 - [TEST_STEP][PASSED] - Statement - PreSaveFile = new java.io.File(((pathPrefix + java.lang.Integer.toString(counter)) + .png)): null

2018-12-14 02:09:23 - [TEST_STEP][PASSED] - Statement - counter = counter + 1: null

2018-12-14 02:09:23 - [TEST_STEP][PASSED] - Statement - PreSaveFile = new java.io.File(((pathPrefix + java.lang.Integer.toString(counter)) + .png)): null

2018-12-14 02:09:23 - [TEST_STEP][PASSED] - Statement - counter = counter + 1: null

2018-12-14 02:09:23 - [TEST_STEP][PASSED] - Statement - PreSaveFile = new java.io.File(((pathPrefix + java.lang.Integer.toString(counter)) + .png)): null

2018-12-14 02:09:23 - [TEST_STEP][PASSED] - Statement - counter = counter + 1: null

2018-12-14 02:09:23 - [TEST_STEP][PASSED] - Statement - PreSaveFile = new java.io.File(((pathPrefix + java.lang.Integer.toString(counter)) + .png)): null

2018-12-14 02:09:23 - [TEST_STEP][PASSED] - Statement - counter = counter + 1: null

2018-12-14 02:09:23 - [TEST_STEP][PASSED] - Statement - PreSaveFile = new java.io.File(((pathPrefix + java.lang.Integer.toString(counter)) + .png)): null

2018-12-14 02:09:23 - [TEST_STEP][PASSED] - Statement - counter = counter + 1: null

2018-12-14 02:09:23 - [TEST_STEP][PASSED] - Statement - PreSaveFile = new java.io.File(((pathPrefix + java.lang.Integer.toString(counter)) + .png)): null

2018-12-14 02:09:23 - [TEST_STEP][PASSED] - Statement - counter = counter + 1: null

2018-12-14 02:09:23 - [TEST_STEP][PASSED] - Statement - PreSaveFile = new java.io.File(((pathPrefix + java.lang.Integer.toString(counter)) + .png)): null

2018-12-14 02:09:23 - [TEST_STEP][PASSED] - Statement - counter = counter + 1: null

2018-12-14 02:09:23 - [TEST_STEP][PASSED] - Statement - PreSaveFile = new java.io.File(((pathPrefix + java.lang.Integer.toString(counter)) + .png)): null

2018-12-14 02:09:23 - [TEST_STEP][PASSED] - Statement - counter = counter + 1: null

2018-12-14 02:09:23 - [TEST_STEP][PASSED] - Statement - PreSaveFile = new java.io.File(((pathPrefix + java.lang.Integer.toString(counter)) + .png)): null

2018-12-14 02:09:23 - [TEST_STEP][PASSED] - Statement - counter = counter + 1: null

2018-12-14 02:09:23 - [TEST_STEP][PASSED] - Statement - PreSaveFile = new java.io.File(((pathPrefix + java.lang.Integer.toString(counter)) + .png)): null

2018-12-14 02:09:23 - [TEST_STEP][PASSED] - Statement - counter = counter + 1: null

2018-12-14 02:09:23 - [TEST_STEP][PASSED] - Statement - PreSaveFile = new java.io.File(((pathPrefix + java.lang.Integer.toString(counter)) + .png)): null

2018-12-14 02:09:23 - [TEST_STEP][PASSED] - Statement - counter = counter + 1: null

2018-12-14 02:09:23 - [TEST_STEP][PASSED] - Statement - PreSaveFile = new java.io.File(((pathPrefix + java.lang.Integer.toString(counter)) + .png)): null

2018-12-14 02:09:23 - [TEST_STEP][PASSED] - Statement - counter = counter + 1: null

2018-12-14 02:09:23 - [TEST_STEP][PASSED] - Statement - PreSaveFile = new java.io.File(((pathPrefix + java.lang.Integer.toString(counter)) + .png)): null

2018-12-14 02:09:23 - [TEST_STEP][PASSED] - Statement - counter = counter + 1: null

2018-12-14 02:09:23 - [TEST_STEP][PASSED] - Statement - PreSaveFile = new java.io.File(((pathPrefix + java.lang.Integer.toString(counter)) + .png)): null

2018-12-14 02:09:23 - [TEST_STEP][PASSED] - Statement - counter = counter + 1: null

2018-12-14 02:09:23 - [TEST_STEP][PASSED] - Statement - PreSaveFile = new java.io.File(((pathPrefix + java.lang.Integer.toString(counter)) + .png)): null

2018-12-14 02:09:23 - [TEST_STEP][PASSED] - Statement - counter = counter + 1: null

2018-12-14 02:09:23 - [TEST_STEP][PASSED] - Statement - PreSaveFile = new java.io.File(((pathPrefix + java.lang.Integer.toString(counter)) + .png)): null

2018-12-14 02:09:23 - [TEST_STEP][PASSED] - Statement - counter = counter + 1: null

2018-12-14 02:09:23 - [TEST_STEP][PASSED] - Statement - PreSaveFile = new java.io.File(((pathPrefix + java.lang.Integer.toString(counter)) + .png)): null

2018-12-14 02:09:23 - [TEST_STEP][PASSED] - Statement - counter = counter + 1: null

2018-12-14 02:09:23 - [TEST_STEP][PASSED] - Statement - PreSaveFile = new java.io.File(((pathPrefix + java.lang.Integer.toString(counter)) + .png)): null

2018-12-14 02:09:23 - [TEST_STEP][PASSED] - Statement - counter = counter + 1: null

2018-12-14 02:09:23 - [TEST_STEP][PASSED] - Statement - PreSaveFile = new java.io.File(((pathPrefix + java.lang.Integer.toString(counter)) + .png)): null

2018-12-14 02:09:23 - [TEST_STEP][PASSED] - Statement - counter = counter + 1: null

2018-12-14 02:09:23 - [TEST_STEP][PASSED] - Statement - PreSaveFile = new java.io.File(((pathPrefix + java.lang.Integer.toString(counter)) + .png)): null

2018-12-14 02:09:23 - [TEST_STEP][PASSED] - Statement - counter = counter + 1: null

2018-12-14 02:09:23 - [TEST_STEP][PASSED] - Statement - PreSaveFile = new java.io.File(((pathPrefix + java.lang.Integer.toString(counter)) + .png)): null

2018-12-14 02:09:23 - [TEST_STEP][PASSED] - Statement - counter = counter + 1: null

2018-12-14 02:09:23 - [TEST_STEP][PASSED] - Statement - PreSaveFile = new java.io.File(((pathPrefix + java.lang.Integer.toString(counter)) + .png)): null

2018-12-14 02:09:23 - [TEST_STEP][PASSED] - Statement - counter = counter + 1: null

2018-12-14 02:09:23 - [TEST_STEP][PASSED] - Statement - PreSaveFile = new java.io.File(((pathPrefix + java.lang.Integer.toString(counter)) + .png)): null

2018-12-14 02:09:23 - [TEST_STEP][PASSED] - Statement - counter = counter + 1: null

2018-12-14 02:09:23 - [TEST_STEP][PASSED] - Statement - PreSaveFile = new java.io.File(((pathPrefix + java.lang.Integer.toString(counter)) + .png)): null

2018-12-14 02:09:23 - [TEST_STEP][PASSED] - Statement - counter = counter + 1: null

2018-12-14 02:09:23 - [TEST_STEP][PASSED] - Statement - PreSaveFile = new java.io.File(((pathPrefix + java.lang.Integer.toString(counter)) + .png)): null

2018-12-14 02:09:23 - [TEST_STEP][PASSED] - Statement - counter = counter + 1: null

2018-12-14 02:09:23 - [TEST_STEP][PASSED] - Statement - PreSaveFile = new java.io.File(((pathPrefix + java.lang.Integer.toString(counter)) + .png)): null

2018-12-14 02:09:23 - [TEST_STEP][PASSED] - Statement - counter = counter + 1: null

2018-12-14 02:09:23 - [TEST_STEP][PASSED] - Statement - PreSaveFile = new java.io.File(((pathPrefix + java.lang.Integer.toString(counter)) + .png)): null

2018-12-14 02:09:23 - [TEST_STEP][PASSED] - Statement - counter = counter + 1: null

2018-12-14 02:09:23 - [TEST_STEP][PASSED] - Statement - PreSaveFile = new java.io.File(((pathPrefix + java.lang.Integer.toString(counter)) + .png)): null

2018-12-14 02:09:23 - [TEST_STEP][PASSED] - Statement - counter = counter + 1: null

2018-12-14 02:09:23 - [TEST_STEP][PASSED] - Statement - PreSaveFile = new java.io.File(((pathPrefix + java.lang.Integer.toString(counter)) + .png)): null

2018-12-14 02:09:23 - [TEST_STEP][PASSED] - Statement - counter = counter + 1: null

2018-12-14 02:09:23 - [TEST_STEP][PASSED] - Statement - PreSaveFile = new java.io.File(((pathPrefix + java.lang.Integer.toString(counter)) + .png)): null

2018-12-14 02:09:23 - [TEST_STEP][PASSED] - Statement - counter = counter + 1: null

2018-12-14 02:09:23 - [TEST_STEP][PASSED] - Statement - PreSaveFile = new java.io.File(((pathPrefix + java.lang.Integer.toString(counter)) + .png)): null

2018-12-14 02:09:23 - [TEST_STEP][PASSED] - Statement - counter = counter + 1: null

2018-12-14 02:09:23 - [TEST_STEP][PASSED] - Statement - PreSaveFile = new java.io.File(((pathPrefix + java.lang.Integer.toString(counter)) + .png)): null

2018-12-14 02:09:23 - [TEST_STEP][PASSED] - Statement - counter = counter + 1: null

2018-12-14 02:09:23 - [TEST_STEP][PASSED] - Statement - PreSaveFile = new java.io.File(((pathPrefix + java.lang.Integer.toString(counter)) + .png)): null

2018-12-14 02:09:23 - [TEST_STEP][PASSED] - Statement - counter = counter + 1: null

2018-12-14 02:09:23 - [TEST_STEP][PASSED] - Statement - PreSaveFile = new java.io.File(((pathPrefix + java.lang.Integer.toString(counter)) + .png)): null

2018-12-14 02:09:23 - [TEST_STEP][PASSED] - Statement - counter = counter + 1: null

2018-12-14 02:09:23 - [TEST_STEP][PASSED] - Statement - PreSaveFile = new java.io.File(((pathPrefix + java.lang.Integer.toString(counter)) + .png)): null

2018-12-14 02:09:23 - [TEST_STEP][PASSED] - Statement - counter = counter + 1: null

2018-12-14 02:09:23 - [TEST_STEP][PASSED] - Statement - PreSaveFile = new java.io.File(((pathPrefix + java.lang.Integer.toString(counter)) + .png)): null

2018-12-14 02:09:23 - [TEST_STEP][PASSED] - Statement - counter = counter + 1: null

2018-12-14 02:09:23 - [TEST_STEP][PASSED] - Statement - PreSaveFile = new java.io.File(((pathPrefix + java.lang.Integer.toString(counter)) + .png)): null

2018-12-14 02:09:23 - [TEST_STEP][PASSED] - Statement - counter = counter + 1: null

2018-12-14 02:09:23 - [TEST_STEP][PASSED] - Statement - PreSaveFile = new java.io.File(((pathPrefix + java.lang.Integer.toString(counter)) + .png)): null

2018-12-14 02:09:23 - [TEST_STEP][PASSED] - Statement - counter = counter + 1: null

2018-12-14 02:09:23 - [TEST_STEP][PASSED] - Statement - PreSaveFile = new java.io.File(((pathPrefix + java.lang.Integer.toString(counter)) + .png)): null

2018-12-14 02:09:23 - [TEST_STEP][PASSED] - Statement - counter = counter + 1: null

2018-12-14 02:09:23 - [TEST_STEP][PASSED] - Statement - PreSaveFile = new java.io.File(((pathPrefix + java.lang.Integer.toString(counter)) + .png)): null

2018-12-14 02:09:23 - [TEST_STEP][PASSED] - Statement - counter = counter + 1: null

2018-12-14 02:09:23 - [TEST_STEP][PASSED] - Statement - PreSaveFile = new java.io.File(((pathPrefix + java.lang.Integer.toString(counter)) + .png)): null

2018-12-14 02:09:23 - [TEST_STEP][PASSED] - Statement - counter = counter + 1: null

2018-12-14 02:09:23 - [TEST_STEP][PASSED] - Statement - PreSaveFile = new java.io.File(((pathPrefix + java.lang.Integer.toString(counter)) + .png)): null

2018-12-14 02:09:23 - [TEST_STEP][PASSED] - Statement - counter = counter + 1: null

2018-12-14 02:09:23 - [TEST_STEP][PASSED] - Statement - PreSaveFile = new java.io.File(((pathPrefix + java.lang.Integer.toString(counter)) + .png)): null

2018-12-14 02:09:23 - [TEST_STEP][PASSED] - Statement - counter = counter + 1: null

2018-12-14 02:09:23 - [TEST_STEP][PASSED] - Statement - PreSaveFile = new java.io.File(((pathPrefix + java.lang.Integer.toString(counter)) + .png)): null

2018-12-14 02:09:23 - [TEST_STEP][PASSED] - Statement - counter = counter + 1: null

2018-12-14 02:09:23 - [TEST_STEP][PASSED] - Statement - PreSaveFile = new java.io.File(((pathPrefix + java.lang.Integer.toString(counter)) + .png)): null

2018-12-14 02:09:23 - [TEST_STEP][PASSED] - Statement - counter = counter + 1: null

2018-12-14 02:09:23 - [TEST_STEP][PASSED] - Statement - PreSaveFile = new java.io.File(((pathPrefix + java.lang.Integer.toString(counter)) + .png)): null

2018-12-14 02:09:23 - [TEST_STEP][PASSED] - Statement - counter = counter + 1: null

2018-12-14 02:09:23 - [TEST_STEP][PASSED] - Statement - PreSaveFile = new java.io.File(((pathPrefix + java.lang.Integer.toString(counter)) + .png)): null

2018-12-14 02:09:23 - [TEST_STEP][PASSED] - Statement - counter = counter + 1: null

2018-12-14 02:09:23 - [TEST_STEP][PASSED] - Statement - PreSaveFile = new java.io.File(((pathPrefix + java.lang.Integer.toString(counter)) + .png)): null

2018-12-14 02:09:23 - [TEST_STEP][PASSED] - Statement - counter = counter + 1: null

2018-12-14 02:09:23 - [TEST_STEP][PASSED] - Statement - PreSaveFile = new java.io.File(((pathPrefix + java.lang.Integer.toString(counter)) + .png)): null

2018-12-14 02:09:23 - [TEST_STEP][PASSED] - Statement - counter = counter + 1: null

2018-12-14 02:09:23 - [TEST_STEP][PASSED] - Statement - PreSaveFile = new java.io.File(((pathPrefix + java.lang.Integer.toString(counter)) + .png)): null

2018-12-14 02:09:23 - [TEST_STEP][PASSED] - Statement - counter = counter + 1: null

2018-12-14 02:09:23 - [TEST_STEP][PASSED] - Statement - PreSaveFile = new java.io.File(((pathPrefix + java.lang.Integer.toString(counter)) + .png)): null

2018-12-14 02:09:23 - [TEST_STEP][PASSED] - Statement - counter = counter + 1: null

2018-12-14 02:09:23 - [TEST_STEP][PASSED] - Statement - PreSaveFile = new java.io.File(((pathPrefix + java.lang.Integer.toString(counter)) + .png)): null

2018-12-14 02:09:23 - [TEST_STEP][PASSED] - Statement - counter = counter + 1: null

2018-12-14 02:09:23 - [TEST_STEP][PASSED] - Statement - PreSaveFile = new java.io.File(((pathPrefix + java.lang.Integer.toString(counter)) + .png)): null

2018-12-14 02:09:23 - [TEST_STEP][PASSED] - Statement - counter = counter + 1: null

2018-12-14 02:09:23 - [TEST_STEP][PASSED] - Statement - PreSaveFile = new java.io.File(((pathPrefix + java.lang.Integer.toString(counter)) + .png)): null

2018-12-14 02:09:23 - [TEST_STEP][PASSED] - Statement - counter = counter + 1: null

2018-12-14 02:09:23 - [TEST_STEP][PASSED] - Statement - PreSaveFile = new java.io.File(((pathPrefix + java.lang.Integer.toString(counter)) + .png)): null

2018-12-14 02:09:23 - [TEST_STEP][PASSED] - Statement - counter = counter + 1: null

2018-12-14 02:09:23 - [TEST_STEP][PASSED] - Statement - PreSaveFile = new java.io.File(((pathPrefix + java.lang.Integer.toString(counter)) + .png)): null

2018-12-14 02:09:23 - [TEST_STEP][PASSED] - Statement - counter = counter + 1: null

2018-12-14 02:09:23 - [TEST_STEP][PASSED] - Statement - PreSaveFile = new java.io.File(((pathPrefix + java.lang.Integer.toString(counter)) + .png)): null

2018-12-14 02:09:23 - [TEST_STEP][PASSED] - Statement - counter = counter + 1: null

2018-12-14 02:09:23 - [TEST_STEP][PASSED] - Statement - PreSaveFile = new java.io.File(((pathPrefix + java.lang.Integer.toString(counter)) + .png)): null

2018-12-14 02:09:23 - [TEST_STEP][PASSED] - Statement - counter = counter + 1: null

2018-12-14 02:09:23 - [TEST_STEP][PASSED] - Statement - PreSaveFile = new java.io.File(((pathPrefix + java.lang.Integer.toString(counter)) + .png)): null

2018-12-14 02:09:23 - [TEST_STEP][PASSED] - Statement - counter = counter + 1: null

2018-12-14 02:09:23 - [TEST_STEP][PASSED] - Statement - PreSaveFile = new java.io.File(((pathPrefix + java.lang.Integer.toString(counter)) + .png)): null

2018-12-14 02:09:23 - [TEST_STEP][PASSED] - Statement - counter = counter + 1: null

2018-12-14 02:09:23 - [TEST_STEP][PASSED] - Statement - PreSaveFile = new java.io.File(((pathPrefix + java.lang.Integer.toString(counter)) + .png)): null

2018-12-14 02:09:23 - [TEST_STEP][PASSED] - Statement - counter = counter + 1: null

2018-12-14 02:09:23 - [TEST_STEP][PASSED] - Statement - PreSaveFile = new java.io.File(((pathPrefix + java.lang.Integer.toString(counter)) + .png)): null

2018-12-14 02:09:23 - [TEST_STEP][PASSED] - Statement - counter = counter + 1: null

2018-12-14 02:09:23 - [TEST_STEP][PASSED] - Statement - PreSaveFile = new java.io.File(((pathPrefix + java.lang.Integer.toString(counter)) + .png)): null

2018-12-14 02:09:23 - [TEST_STEP][PASSED] - Statement - counter = counter + 1: null

2018-12-14 02:09:23 - [TEST_STEP][PASSED] - Statement - PreSaveFile = new java.io.File(((pathPrefix + java.lang.Integer.toString(counter)) + .png)): null

2018-12-14 02:09:23 - [TEST_STEP][PASSED] - Statement - counter = counter + 1: null

2018-12-14 02:09:23 - [TEST_STEP][PASSED] - Statement - PreSaveFile = new java.io.File(((pathPrefix + java.lang.Integer.toString(counter)) + .png)): null

2018-12-14 02:09:23 - [TEST_STEP][PASSED] - Statement - counter = counter + 1: null

2018-12-14 02:09:23 - [TEST_STEP][PASSED] - Statement - PreSaveFile = new java.io.File(((pathPrefix + java.lang.Integer.toString(counter)) + .png)): null

2018-12-14 02:09:23 - [TEST_STEP][PASSED] - Statement - counter = counter + 1: null

2018-12-14 02:09:23 - [TEST_STEP][PASSED] - Statement - PreSaveFile = new java.io.File(((pathPrefix + java.lang.Integer.toString(counter)) + .png)): null

2018-12-14 02:09:23 - [TEST_STEP][PASSED] - Statement - counter = counter + 1: null

2018-12-14 02:09:23 - [TEST_STEP][PASSED] - Statement - PreSaveFile = new java.io.File(((pathPrefix + java.lang.Integer.toString(counter)) + .png)): null

2018-12-14 02:09:23 - [TEST_STEP][PASSED] - Statement - counter = counter + 1: null

2018-12-14 02:09:23 - [TEST_STEP][PASSED] - Statement - PreSaveFile = new java.io.File(((pathPrefix + java.lang.Integer.toString(counter)) + .png)): null

2018-12-14 02:09:23 - [TEST_STEP][PASSED] - Statement - counter = counter + 1: null

2018-12-14 02:09:23 - [TEST_STEP][PASSED] - Statement - PreSaveFile = new java.io.File(((pathPrefix + java.lang.Integer.toString(counter)) + .png)): null

2018-12-14 02:09:23 - [TEST_STEP][PASSED] - Statement - counter = counter + 1: null

2018-12-14 02:09:23 - [TEST_STEP][PASSED] - Statement - PreSaveFile = new java.io.File(((pathPrefix + java.lang.Integer.toString(counter)) + .png)): null

2018-12-14 02:09:23 - [TEST_STEP][PASSED] - Statement - counter = counter + 1: null

2018-12-14 02:09:23 - [TEST_STEP][PASSED] - Statement - PreSaveFile = new java.io.File(((pathPrefix + java.lang.Integer.toString(counter)) + .png)): null

2018-12-14 02:09:23 - [TEST_STEP][PASSED] - Statement - counter = counter + 1: null

2018-12-14 02:09:23 - [TEST_STEP][PASSED] - Statement - PreSaveFile = new java.io.File(((pathPrefix + java.lang.Integer.toString(counter)) + .png)): null

2018-12-14 02:09:23 - [TEST_STEP][PASSED] - Statement - counter = counter + 1: null

2018-12-14 02:09:23 - [TEST_STEP][PASSED] - Statement - PreSaveFile = new java.io.File(((pathPrefix + java.lang.Integer.toString(counter)) + .png)): null

2018-12-14 02:09:23 - [TEST_STEP][PASSED] - Statement - counter = counter + 1: null

2018-12-14 02:09:23 - [TEST_STEP][PASSED] - Statement - PreSaveFile = new java.io.File(((pathPrefix + java.lang.Integer.toString(counter)) + .png)): null

2018-12-14 02:09:23 - [TEST_STEP][PASSED] - Statement - counter = counter + 1: null

2018-12-14 02:09:23 - [TEST_STEP][PASSED] - Statement - PreSaveFile = new java.io.File(((pathPrefix + java.lang.Integer.toString(counter)) + .png)): null

2018-12-14 02:09:23 - [TEST_STEP][PASSED] - Statement - counter = counter + 1: null

2018-12-14 02:09:23 - [TEST_STEP][PASSED] - Statement - PreSaveFile = new java.io.File(((pathPrefix + java.lang.Integer.toString(counter)) + .png)): null

2018-12-14 02:09:23 - [TEST_STEP][PASSED] - Statement - counter = counter + 1: null

2018-12-14 02:09:23 - [TEST_STEP][PASSED] - Statement - PreSaveFile = new java.io.File(((pathPrefix + java.lang.Integer.toString(counter)) + .png)): null

2018-12-14 02:09:23 - [TEST_STEP][PASSED] - Statement - counter = counter + 1: null

2018-12-14 02:09:23 - [TEST_STEP][PASSED] - Statement - PreSaveFile = new java.io.File(((pathPrefix + java.lang.Integer.toString(counter)) + .png)): null

2018-12-14 02:09:23 - [TEST_STEP][PASSED] - Statement - counter = counter + 1: null

2018-12-14 02:09:23 - [TEST_STEP][PASSED] - Statement - PreSaveFile = new java.io.File(((pathPrefix + java.lang.Integer.toString(counter)) + .png)): null

2018-12-14 02:09:23 - [TEST_STEP][PASSED] - Statement - counter = counter + 1: null

2018-12-14 02:09:23 - [TEST_STEP][PASSED] - Statement - PreSaveFile = new java.io.File(((pathPrefix + java.lang.Integer.toString(counter)) + .png)): null

2018-12-14 02:09:23 - [TEST_STEP][PASSED] - Statement - counter = counter + 1: null

2018-12-14 02:09:23 - [TEST_STEP][PASSED] - Statement - PreSaveFile = new java.io.File(((pathPrefix + java.lang.Integer.toString(counter)) + .png)): null

2018-12-14 02:09:23 - [TEST_STEP][PASSED] - Statement - counter = counter + 1: null

2018-12-14 02:09:23 - [TEST_STEP][PASSED] - Statement - PreSaveFile = new java.io.File(((pathPrefix + java.lang.Integer.toString(counter)) + .png)): null

2018-12-14 02:09:23 - [TEST_STEP][PASSED] - Statement - counter = counter + 1: null

2018-12-14 02:09:23 - [TEST_STEP][PASSED] - Statement - PreSaveFile = new java.io.File(((pathPrefix + java.lang.Integer.toString(counter)) + .png)): null

2018-12-14 02:09:23 - [TEST_STEP][PASSED] - Statement - counter = counter + 1: null

2018-12-14 02:09:23 - [TEST_STEP][PASSED] - Statement - PreSaveFile = new java.io.File(((pathPrefix + java.lang.Integer.toString(counter)) + .png)): null

2018-12-14 02:09:23 - [TEST_STEP][PASSED] - Statement - counter = counter + 1: null

2018-12-14 02:09:23 - [TEST_STEP][PASSED] - Statement - PreSaveFile = new java.io.File(((pathPrefix + java.lang.Integer.toString(counter)) + .png)): null

2018-12-14 02:09:23 - [TEST_STEP][PASSED] - Statement - counter = counter + 1: null

2018-12-14 02:09:23 - [TEST_STEP][PASSED] - Statement - PreSaveFile = new java.io.File(((pathPrefix + java.lang.Integer.toString(counter)) + .png)): null

2018-12-14 02:09:23 - [TEST_STEP][PASSED] - Statement - counter = counter + 1: null

2018-12-14 02:09:23 - [TEST_STEP][PASSED] - Statement - PreSaveFile = new java.io.File(((pathPrefix + java.lang.Integer.toString(counter)) + .png)): null

2018-12-14 02:09:23 - [TEST_STEP][PASSED] - Statement - counter = counter + 1: null

2018-12-14 02:09:23 - [TEST_STEP][PASSED] - Statement - PreSaveFile = new java.io.File(((pathPrefix + java.lang.Integer.toString(counter)) + .png)): null

2018-12-14 02:09:23 - [TEST_STEP][PASSED] - Statement - counter = counter + 1: null

2018-12-14 02:09:23 - [TEST_STEP][PASSED] - Statement - PreSaveFile = new java.io.File(((pathPrefix + java.lang.Integer.toString(counter)) + .png)): null

2018-12-14 02:09:23 - [TEST_STEP][PASSED] - Statement - counter = counter + 1: null

2018-12-14 02:09:23 - [TEST_STEP][PASSED] - Statement - PreSaveFile = new java.io.File(((pathPrefix + java.lang.Integer.toString(counter)) + .png)): null

2018-12-14 02:09:23 - [TEST_STEP][PASSED] - Statement - counter = counter + 1: null

2018-12-14 02:09:23 - [TEST_STEP][PASSED] - Statement - PreSaveFile = new java.io.File(((pathPrefix + java.lang.Integer.toString(counter)) + .png)): null

2018-12-14 02:09:23 - [TEST_STEP][PASSED] - Statement - counter = counter + 1: null

2018-12-14 02:09:23 - [TEST_STEP][PASSED] - Statement - PreSaveFile = new java.io.File(((pathPrefix + java.lang.Integer.toString(counter)) + .png)): null

2018-12-14 02:09:23 - [TEST_STEP][PASSED] - Statement - counter = counter + 1: null

2018-12-14 02:09:23 - [TEST_STEP][PASSED] - Statement - PreSaveFile = new java.io.File(((pathPrefix + java.lang.Integer.toString(counter)) + .png)): null

2018-12-14 02:09:23 - [TEST_STEP][PASSED] - Statement - counter = counter + 1: null

2018-12-14 02:09:23 - [TEST_STEP][PASSED] - Statement - PreSaveFile = new java.io.File(((pathPrefix + java.lang.Integer.toString(counter)) + .png)): null

2018-12-14 02:09:23 - [TEST_STEP][PASSED] - Statement - counter = counter + 1: null

2018-12-14 02:09:23 - [TEST_STEP][PASSED] - Statement - PreSaveFile = new java.io.File(((pathPrefix + java.lang.Integer.toString(counter)) + .png)): null

2018-12-14 02:09:23 - [TEST_STEP][PASSED] - Statement - counter = counter + 1: null

2018-12-14 02:09:23 - [TEST_STEP][PASSED] - Statement - PreSaveFile = new java.io.File(((pathPrefix + java.lang.Integer.toString(counter)) + .png)): null

2018-12-14 02:09:23 - [TEST_STEP][PASSED] - Statement - counter = counter + 1: null

2018-12-14 02:09:23 - [TEST_STEP][PASSED] - Statement - PreSaveFile = new java.io.File(((pathPrefix + java.lang.Integer.toString(counter)) + .png)): null

2018-12-14 02:09:23 - [TEST_STEP][PASSED] - Statement - counter = counter + 1: null

2018-12-14 02:09:23 - [TEST_STEP][PASSED] - Statement - PreSaveFile = new java.io.File(((pathPrefix + java.lang.Integer.toString(counter)) + .png)): null

2018-12-14 02:09:23 - [TEST_STEP][PASSED] - Statement - counter = counter + 1: null

2018-12-14 02:09:23 - [TEST_STEP][PASSED] - Statement - PreSaveFile = new java.io.File(((pathPrefix + java.lang.Integer.toString(counter)) + .png)): null

2018-12-14 02:09:23 - [TEST_STEP][PASSED] - Statement - counter = counter + 1: null

2018-12-14 02:09:23 - [TEST_STEP][PASSED] - Statement - PreSaveFile = new java.io.File(((pathPrefix + java.lang.Integer.toString(counter)) + .png)): null

2018-12-14 02:09:23 - [TEST_STEP][PASSED] - Statement - counter = counter + 1: null

2018-12-14 02:09:23 - [TEST_STEP][PASSED] - Statement - PreSaveFile = new java.io.File(((pathPrefix + java.lang.Integer.toString(counter)) + .png)): null

2018-12-14 02:09:23 - [TEST_STEP][PASSED] - Statement - counter = counter + 1: null

2018-12-14 02:09:23 - [TEST_STEP][PASSED] - Statement - PreSaveFile = new java.io.File(((pathPrefix + java.lang.Integer.toString(counter)) + .png)): null

2018-12-14 02:09:23 - [TEST_STEP][PASSED] - Statement - counter = counter + 1: null

2018-12-14 02:09:23 - [TEST_STEP][PASSED] - Statement - PreSaveFile = new java.io.File(((pathPrefix + java.lang.Integer.toString(counter)) + .png)): null

2018-12-14 02:09:23 - [TEST_STEP][PASSED] - Statement - counter = counter + 1: null

2018-12-14 02:09:23 - [TEST_STEP][PASSED] - Statement - PreSaveFile = new java.io.File(((pathPrefix + java.lang.Integer.toString(counter)) + .png)): null

2018-12-14 02:09:23 - [TEST_STEP][PASSED] - Statement - counter = counter + 1: null

2018-12-14 02:09:23 - [TEST_STEP][PASSED] - Statement - PreSaveFile = new java.io.File(((pathPrefix + java.lang.Integer.toString(counter)) + .png)): null

2018-12-14 02:09:23 - [TEST_STEP][PASSED] - Statement - counter = counter + 1: null

2018-12-14 02:09:23 - [TEST_STEP][PASSED] - Statement - PreSaveFile = new java.io.File(((pathPrefix + java.lang.Integer.toString(counter)) + .png)): null

2018-12-14 02:09:23 - [TEST_STEP][PASSED] - Statement - counter = counter + 1: null

2018-12-14 02:09:23 - [TEST_STEP][PASSED] - Statement - PreSaveFile = new java.io.File(((pathPrefix + java.lang.Integer.toString(counter)) + .png)): null

2018-12-14 02:09:23 - [TEST_STEP][PASSED] - Statement - counter = counter + 1: null

2018-12-14 02:09:23 - [TEST_STEP][PASSED] - Statement - PreSaveFile = new java.io.File(((pathPrefix + java.lang.Integer.toString(counter)) + .png)): null

2018-12-14 02:09:23 - [TEST_STEP][PASSED] - Statement - counter = counter + 1: null

2018-12-14 02:09:23 - [TEST_STEP][PASSED] - Statement - PreSaveFile = new java.io.File(((pathPrefix + java.lang.Integer.toString(counter)) + .png)): null

2018-12-14 02:09:23 - [TEST_STEP][PASSED] - Statement - counter = counter + 1: null

2018-12-14 02:09:23 - [TEST_STEP][PASSED] - Statement - PreSaveFile = new java.io.File(((pathPrefix + java.lang.Integer.toString(counter)) + .png)): null

2018-12-14 02:09:23 - [TEST_STEP][PASSED] - Statement - counter = counter + 1: null

2018-12-14 02:09:23 - [TEST_STEP][PASSED] - Statement - PreSaveFile = new java.io.File(((pathPrefix + java.lang.Integer.toString(counter)) + .png)): null

2018-12-14 02:09:23 - [TEST_STEP][PASSED] - Statement - counter = counter + 1: null

2018-12-14 02:09:23 - [TEST_STEP][PASSED] - Statement - PreSaveFile = new java.io.File(((pathPrefix + java.lang.Integer.toString(counter)) + .png)): null

2018-12-14 02:09:23 - [TEST_STEP][PASSED] - Statement - counter = counter + 1: null

2018-12-14 02:09:23 - [TEST_STEP][PASSED] - Statement - PreSaveFile = new java.io.File(((pathPrefix + java.lang.Integer.toString(counter)) + .png)): null

2018-12-14 02:09:23 - [TEST_STEP][PASSED] - Statement - counter = counter + 1: null

2018-12-14 02:09:23 - [TEST_STEP][PASSED] - Statement - PreSaveFile = new java.io.File(((pathPrefix + java.lang.Integer.toString(counter)) + .png)): null

2018-12-14 02:09:23 - [TEST_STEP][PASSED] - Statement - counter = counter + 1: null

2018-12-14 02:09:23 - [TEST_STEP][PASSED] - Statement - PreSaveFile = new java.io.File(((pathPrefix + java.lang.Integer.toString(counter)) + .png)): null

2018-12-14 02:09:23 - [TEST_STEP][PASSED] - Statement - counter = counter + 1: null

2018-12-14 02:09:23 - [TEST_STEP][PASSED] - Statement - PreSaveFile = new java.io.File(((pathPrefix + java.lang.Integer.toString(counter)) + .png)): null

2018-12-14 02:09:23 - [TEST_STEP][PASSED] - Statement - counter = counter + 1: null

2018-12-14 02:09:23 - [TEST_STEP][PASSED] - Statement - PreSaveFile = new java.io.File(((pathPrefix + java.lang.Integer.toString(counter)) + .png)): null

2018-12-14 02:09:23 - [TEST_STEP][PASSED] - Statement - counter = counter + 1: null

2018-12-14 02:09:23 - [TEST_STEP][PASSED] - Statement - PreSaveFile = new java.io.File(((pathPrefix + java.lang.Integer.toString(counter)) + .png)): null

2018-12-14 02:09:23 - [TEST_STEP][PASSED] - Statement - counter = counter + 1: null

2018-12-14 02:09:23 - [TEST_STEP][PASSED] - Statement - PreSaveFile = new java.io.File(((pathPrefix + java.lang.Integer.toString(counter)) + .png)): null

2018-12-14 02:09:23 - [TEST_STEP][PASSED] - Statement - counter = counter + 1: null

2018-12-14 02:09:23 - [TEST_STEP][PASSED] - Statement - PreSaveFile = new java.io.File(((pathPrefix + java.lang.Integer.toString(counter)) + .png)): null

2018-12-14 02:09:23 - [TEST_STEP][PASSED] - Statement - counter = counter + 1: null

2018-12-14 02:09:23 - [TEST_STEP][PASSED] - Statement - PreSaveFile = new java.io.File(((pathPrefix + java.lang.Integer.toString(counter)) + .png)): null

2018-12-14 02:09:23 - [TEST_STEP][PASSED] - Statement - counter = counter + 1: null

2018-12-14 02:09:23 - [TEST_STEP][PASSED] - Statement - PreSaveFile = new java.io.File(((pathPrefix + java.lang.Integer.toString(counter)) + .png)): null

2018-12-14 02:09:23 - [TEST_STEP][PASSED] - Statement - counter = counter + 1: null

2018-12-14 02:09:23 - [TEST_STEP][PASSED] - Statement - PreSaveFile = new java.io.File(((pathPrefix + java.lang.Integer.toString(counter)) + .png)): null

2018-12-14 02:09:23 - [TEST_STEP][PASSED] - Statement - counter = counter + 1: null

2018-12-14 02:09:23 - [TEST_STEP][PASSED] - Statement - PreSaveFile = new java.io.File(((pathPrefix + java.lang.Integer.toString(counter)) + .png)): null

2018-12-14 02:09:23 - [TEST_STEP][PASSED] - Statement - counter = counter + 1: null

2018-12-14 02:09:23 - [TEST_STEP][PASSED] - Statement - PreSaveFile = new java.io.File(((pathPrefix + java.lang.Integer.toString(counter)) + .png)): null

2018-12-14 02:09:23 - [TEST_STEP][PASSED] - Statement - counter = counter + 1: null

2018-12-14 02:09:23 - [TEST_STEP][PASSED] - Statement - PreSaveFile = new java.io.File(((pathPrefix + java.lang.Integer.toString(counter)) + .png)): null

2018-12-14 02:09:23 - [TEST_STEP][PASSED] - Statement - counter = counter + 1: null

2018-12-14 02:09:23 - [TEST_STEP][PASSED] - Statement - PreSaveFile = new java.io.File(((pathPrefix + java.lang.Integer.toString(counter)) + .png)): null

2018-12-14 02:09:23 - [TEST_STEP][PASSED] - Statement - counter = counter + 1: null

2018-12-14 02:09:23 - [TEST_STEP][PASSED] - Statement - PreSaveFile = new java.io.File(((pathPrefix + java.lang.Integer.toString(counter)) + .png)): null

2018-12-14 02:09:23 - [TEST_STEP][PASSED] - Statement - counter = counter + 1: null

2018-12-14 02:09:23 - [TEST_STEP][PASSED] - Statement - PreSaveFile = new java.io.File(((pathPrefix + java.lang.Integer.toString(counter)) + .png)): null

2018-12-14 02:09:23 - [TEST_STEP][PASSED] - Statement - counter = counter + 1: null

2018-12-14 02:09:23 - [TEST_STEP][PASSED] - Statement - PreSaveFile = new java.io.File(((pathPrefix + java.lang.Integer.toString(counter)) + .png)): null

2018-12-14 02:09:23 - [TEST_STEP][PASSED] - Statement - counter = counter + 1: null

2018-12-14 02:09:23 - [TEST_STEP][PASSED] - Statement - PreSaveFile = new java.io.File(((pathPrefix + java.lang.Integer.toString(counter)) + .png)): null

2018-12-14 02:09:23 - [TEST_STEP][PASSED] - Statement - counter = counter + 1: null

2018-12-14 02:09:23 - [TEST_STEP][PASSED] - Statement - PreSaveFile = new java.io.File(((pathPrefix + java.lang.Integer.toString(counter)) + .png)): null

2018-12-14 02:09:23 - [TEST_STEP][PASSED] - Statement - counter = counter + 1: null

2018-12-14 02:09:23 - [TEST_STEP][PASSED] - Statement - PreSaveFile = new java.io.File(((pathPrefix + java.lang.Integer.toString(counter)) + .png)): null

2018-12-14 02:09:23 - [TEST_STEP][PASSED] - Statement - counter = counter + 1: null

2018-12-14 02:09:23 - [TEST_STEP][PASSED] - Statement - PreSaveFile = new java.io.File(((pathPrefix + java.lang.Integer.toString(counter)) + .png)): null

2018-12-14 02:09:23 - [TEST_STEP][PASSED] - Statement - counter = counter + 1: null

2018-12-14 02:09:23 - [TEST_STEP][PASSED] - Statement - PreSaveFile = new java.io.File(((pathPrefix + java.lang.Integer.toString(counter)) + .png)): null

2018-12-14 02:09:23 - [TEST_STEP][PASSED] - Statement - counter = counter + 1: null

2018-12-14 02:09:23 - [TEST_STEP][PASSED] - Statement - PreSaveFile = new java.io.File(((pathPrefix + java.lang.Integer.toString(counter)) + .png)): null

2018-12-14 02:09:23 - [TEST_STEP][PASSED] - Statement - counter = counter + 1: null

2018-12-14 02:09:23 - [TEST_STEP][PASSED] - Statement - PreSaveFile = new java.io.File(((pathPrefix + java.lang.Integer.toString(counter)) + .png)): null

2018-12-14 02:09:23 - [TEST_STEP][PASSED] - Statement - counter = counter + 1: null

2018-12-14 02:09:23 - [TEST_STEP][PASSED] - Statement - PreSaveFile = new java.io.File(((pathPrefix + java.lang.Integer.toString(counter)) + .png)): null

2018-12-14 02:09:23 - [TEST_STEP][PASSED] - Statement - counter = counter + 1: null

2018-12-14 02:09:23 - [TEST_STEP][PASSED] - Statement - PreSaveFile = new java.io.File(((pathPrefix + java.lang.Integer.toString(counter)) + .png)): null

2018-12-14 02:09:23 - [TEST_STEP][PASSED] - Statement - counter = counter + 1: null

2018-12-14 02:09:23 - [TEST_STEP][PASSED] - Statement - PreSaveFile = new java.io.File(((pathPrefix + java.lang.Integer.toString(counter)) + .png)): null

2018-12-14 02:09:23 - [TEST_STEP][PASSED] - Statement - counter = counter + 1: null

2018-12-14 02:09:23 - [TEST_STEP][PASSED] - Statement - PreSaveFile = new java.io.File(((pathPrefix + java.lang.Integer.toString(counter)) + .png)): null

2018-12-14 02:09:23 - [TEST_STEP][PASSED] - Statement - counter = counter + 1: null

2018-12-14 02:09:23 - [TEST_STEP][PASSED] - Statement - PreSaveFile = new java.io.File(((pathPrefix + java.lang.Integer.toString(counter)) + .png)): null

2018-12-14 02:09:23 - [TEST_STEP][PASSED] - Statement - counter = counter + 1: null

2018-12-14 02:09:23 - [TEST_STEP][PASSED] - Statement - PreSaveFile = new java.io.File(((pathPrefix + java.lang.Integer.toString(counter)) + .png)): null

2018-12-14 02:09:23 - [TEST_STEP][PASSED] - Statement - counter = counter + 1: null

2018-12-14 02:09:23 - [TEST_STEP][PASSED] - Statement - PreSaveFile = new java.io.File(((pathPrefix + java.lang.Integer.toString(counter)) + .png)): null

2018-12-14 02:09:23 - [TEST_STEP][PASSED] - Statement - counter = counter + 1: null

2018-12-14 02:09:23 - [TEST_STEP][PASSED] - Statement - PreSaveFile = new java.io.File(((pathPrefix + java.lang.Integer.toString(counter)) + .png)): null

2018-12-14 02:09:23 - [TEST_STEP][PASSED] - Statement - counter = counter + 1: null

2018-12-14 02:09:23 - [TEST_STEP][PASSED] - Statement - PreSaveFile = new java.io.File(((pathPrefix + java.lang.Integer.toString(counter)) + .png)): null

2018-12-14 02:09:23 - [TEST_STEP][PASSED] - Statement - counter = counter + 1: null

2018-12-14 02:09:23 - [TEST_STEP][PASSED] - Statement - PreSaveFile = new java.io.File(((pathPrefix + java.lang.Integer.toString(counter)) + .png)): null

2018-12-14 02:09:23 - [TEST_STEP][PASSED] - Statement - counter = counter + 1: null

2018-12-14 02:09:23 - [TEST_STEP][PASSED] - Statement - PreSaveFile = new java.io.File(((pathPrefix + java.lang.Integer.toString(counter)) + .png)): null

2018-12-14 02:09:23 - [TEST_STEP][PASSED] - Statement - counter = counter + 1: null

2018-12-14 02:09:23 - [TEST_STEP][PASSED] - Statement - PreSaveFile = new java.io.File(((pathPrefix + java.lang.Integer.toString(counter)) + .png)): null

2018-12-14 02:09:23 - [TEST_STEP][PASSED] - Statement - counter = counter + 1: null

2018-12-14 02:09:23 - [TEST_STEP][PASSED] - Statement - PreSaveFile = new java.io.File(((pathPrefix + java.lang.Integer.toString(counter)) + .png)): null

2018-12-14 02:09:23 - [TEST_STEP][PASSED] - Statement - counter = counter + 1: null

2018-12-14 02:09:23 - [TEST_STEP][PASSED] - Statement - PreSaveFile = new java.io.File(((pathPrefix + java.lang.Integer.toString(counter)) + .png)): null

2018-12-14 02:09:23 - [TEST_STEP][PASSED] - Statement - counter = counter + 1: null

2018-12-14 02:09:23 - [TEST_STEP][PASSED] - Statement - PreSaveFile = new java.io.File(((pathPrefix + java.lang.Integer.toString(counter)) + .png)): null

2018-12-14 02:09:23 - [TEST_STEP][PASSED] - Statement - counter = counter + 1: null

2018-12-14 02:09:23 - [TEST_STEP][PASSED] - Statement - PreSaveFile = new java.io.File(((pathPrefix + java.lang.Integer.toString(counter)) + .png)): null

2018-12-14 02:09:23 - [TEST_STEP][PASSED] - Statement - counter = counter + 1: null

2018-12-14 02:09:23 - [TEST_STEP][PASSED] - Statement - PreSaveFile = new java.io.File(((pathPrefix + java.lang.Integer.toString(counter)) + .png)): null

2018-12-14 02:09:23 - [TEST_STEP][PASSED] - Statement - counter = counter + 1: null

2018-12-14 02:09:23 - [TEST_STEP][PASSED] - Statement - PreSaveFile = new java.io.File(((pathPrefix + java.lang.Integer.toString(counter)) + .png)): null

2018-12-14 02:09:23 - [TEST_STEP][PASSED] - Statement - counter = counter + 1: null

2018-12-14 02:09:23 - [TEST_STEP][PASSED] - Statement - PreSaveFile = new java.io.File(((pathPrefix + java.lang.Integer.toString(counter)) + .png)): null

2018-12-14 02:09:23 - [TEST_STEP][PASSED] - Statement - counter = counter + 1: null

2018-12-14 02:09:23 - [TEST_STEP][PASSED] - Statement - PreSaveFile = new java.io.File(((pathPrefix + java.lang.Integer.toString(counter)) + .png)): null

2018-12-14 02:09:23 - [TEST_STEP][PASSED] - Statement - counter = counter + 1: null

2018-12-14 02:09:23 - [TEST_STEP][PASSED] - Statement - PreSaveFile = new java.io.File(((pathPrefix + java.lang.Integer.toString(counter)) + .png)): null

2018-12-14 02:09:23 - [TEST_STEP][PASSED] - Statement - counter = counter + 1: null

2018-12-14 02:09:23 - [TEST_STEP][PASSED] - Statement - PreSaveFile = new java.io.File(((pathPrefix + java.lang.Integer.toString(counter)) + .png)): null

2018-12-14 02:09:23 - [TEST_STEP][PASSED] - Statement - counter = counter + 1: null

2018-12-14 02:09:23 - [TEST_STEP][PASSED] - Statement - PreSaveFile = new java.io.File(((pathPrefix + java.lang.Integer.toString(counter)) + .png)): null

2018-12-14 02:09:23 - [TEST_STEP][PASSED] - Statement - counter = counter + 1: null

2018-12-14 02:09:23 - [TEST_STEP][PASSED] - Statement - PreSaveFile = new java.io.File(((pathPrefix + java.lang.Integer.toString(counter)) + .png)): null

2018-12-14 02:09:23 - [TEST_STEP][PASSED] - Statement - counter = counter + 1: null

2018-12-14 02:09:23 - [TEST_STEP][PASSED] - Statement - PreSaveFile = new java.io.File(((pathPrefix + java.lang.Integer.toString(counter)) + .png)): null

2018-12-14 02:09:23 - [TEST_STEP][PASSED] - Statement - counter = counter + 1: null

2018-12-14 02:09:23 - [TEST_STEP][PASSED] - Statement - PreSaveFile = new java.io.File(((pathPrefix + java.lang.Integer.toString(counter)) + .png)): null

2018-12-14 02:09:23 - [TEST_STEP][PASSED] - Statement - counter = counter + 1: null

2018-12-14 02:09:23 - [TEST_STEP][PASSED] - Statement - PreSaveFile = new java.io.File(((pathPrefix + java.lang.Integer.toString(counter)) + .png)): null

2018-12-14 02:09:23 - [TEST_STEP][PASSED] - Statement - counter = counter + 1: null

2018-12-14 02:09:23 - [TEST_STEP][PASSED] - Statement - PreSaveFile = new java.io.File(((pathPrefix + java.lang.Integer.toString(counter)) + .png)): null

2018-12-14 02:09:23 - [TEST_STEP][PASSED] - Statement - counter = counter + 1: null

2018-12-14 02:09:23 - [TEST_STEP][PASSED] - Statement - PreSaveFile = new java.io.File(((pathPrefix + java.lang.Integer.toString(counter)) + .png)): null

2018-12-14 02:09:23 - [TEST_STEP][PASSED] - Statement - counter = counter + 1: null

2018-12-14 02:09:23 - [TEST_STEP][PASSED] - Statement - PreSaveFile = new java.io.File(((pathPrefix + java.lang.Integer.toString(counter)) + .png)): null

2018-12-14 02:09:23 - [TEST_STEP][PASSED] - Statement - counter = counter + 1: null

2018-12-14 02:09:23 - [TEST_STEP][PASSED] - Statement - PreSaveFile = new java.io.File(((pathPrefix + java.lang.Integer.toString(counter)) + .png)): null

2018-12-14 02:09:23 - [TEST_STEP][PASSED] - Statement - counter = counter + 1: null

2018-12-14 02:09:23 - [TEST_STEP][PASSED] - Statement - PreSaveFile = new java.io.File(((pathPrefix + java.lang.Integer.toString(counter)) + .png)): null

2018-12-14 02:09:23 - [TEST_STEP][PASSED] - Statement - counter = counter + 1: null

2018-12-14 02:09:23 - [TEST_STEP][PASSED] - Statement - PreSaveFile = new java.io.File(((pathPrefix + java.lang.Integer.toString(counter)) + .png)): null

2018-12-14 02:09:23 - [TEST_STEP][PASSED] - Statement - counter = counter + 1: null

2018-12-14 02:09:23 - [TEST_STEP][PASSED] - Statement - PreSaveFile = new java.io.File(((pathPrefix + java.lang.Integer.toString(counter)) + .png)): null

2018-12-14 02:09:23 - [TEST_STEP][PASSED] - Statement - counter = counter + 1: null

2018-12-14 02:09:23 - [TEST_STEP][PASSED] - Statement - PreSaveFile = new java.io.File(((pathPrefix + java.lang.Integer.toString(counter)) + .png)): null

2018-12-14 02:09:23 - [TEST_STEP][PASSED] - Statement - counter = counter + 1: null

2018-12-14 02:09:23 - [TEST_STEP][PASSED] - Statement - PreSaveFile = new java.io.File(((pathPrefix + java.lang.Integer.toString(counter)) + .png)): null

2018-12-14 02:09:23 - [TEST_STEP][PASSED] - Statement - counter = counter + 1: null

2018-12-14 02:09:23 - [TEST_STEP][PASSED] - Statement - PreSaveFile = new java.io.File(((pathPrefix + java.lang.Integer.toString(counter)) + .png)): null

2018-12-14 02:09:23 - [TEST_STEP][PASSED] - Statement - counter = counter + 1: null

2018-12-14 02:09:23 - [TEST_STEP][PASSED] - Statement - PreSaveFile = new java.io.File(((pathPrefix + java.lang.Integer.toString(counter)) + .png)): null

2018-12-14 02:09:23 - [TEST_STEP][PASSED] - Statement - counter = counter + 1: null

2018-12-14 02:09:23 - [TEST_STEP][PASSED] - Statement - PreSaveFile = new java.io.File(((pathPrefix + java.lang.Integer.toString(counter)) + .png)): null

2018-12-14 02:09:23 - [TEST_STEP][PASSED] - Statement - counter = counter + 1: null

2018-12-14 02:09:23 - [TEST_STEP][PASSED] - Statement - PreSaveFile = new java.io.File(((pathPrefix + java.lang.Integer.toString(counter)) + .png)): null

2018-12-14 02:09:23 - [TEST_STEP][PASSED] - Statement - counter = counter + 1: null

2018-12-14 02:09:23 - [TEST_STEP][PASSED] - Statement - PreSaveFile = new java.io.File(((pathPrefix + java.lang.Integer.toString(counter)) + .png)): null

2018-12-14 02:09:23 - [TEST_STEP][PASSED] - Statement - counter = counter + 1: null

2018-12-14 02:09:23 - [TEST_STEP][PASSED] - Statement - PreSaveFile = new java.io.File(((pathPrefix + java.lang.Integer.toString(counter)) + .png)): null

2018-12-14 02:09:23 - [TEST_STEP][PASSED] - Statement - counter = counter + 1: null

2018-12-14 02:09:23 - [TEST_STEP][PASSED] - Statement - PreSaveFile = new java.io.File(((pathPrefix + java.lang.Integer.toString(counter)) + .png)): null

2018-12-14 02:09:23 - [TEST_STEP][PASSED] - Statement - counter = counter + 1: null

2018-12-14 02:09:23 - [TEST_STEP][PASSED] - Statement - PreSaveFile = new java.io.File(((pathPrefix + java.lang.Integer.toString(counter)) + .png)): null

2018-12-14 02:09:23 - [TEST_STEP][PASSED] - Statement - counter = counter + 1: null

2018-12-14 02:09:23 - [TEST_STEP][PASSED] - Statement - PreSaveFile = new java.io.File(((pathPrefix + java.lang.Integer.toString(counter)) + .png)): null

2018-12-14 02:09:23 - [TEST_STEP][PASSED] - Statement - counter = counter + 1: null

2018-12-14 02:09:23 - [TEST_STEP][PASSED] - Statement - PreSaveFile = new java.io.File(((pathPrefix + java.lang.Integer.toString(counter)) + .png)): null

2018-12-14 02:09:23 - [TEST_STEP][PASSED] - Statement - counter = counter + 1: null

2018-12-14 02:09:23 - [TEST_STEP][PASSED] - Statement - PreSaveFile = new java.io.File(((pathPrefix + java.lang.Integer.toString(counter)) + .png)): null

2018-12-14 02:09:23 - [TEST_STEP][PASSED] - Statement - counter = counter + 1: null

2018-12-14 02:09:23 - [TEST_STEP][PASSED] - Statement - PreSaveFile = new java.io.File(((pathPrefix + java.lang.Integer.toString(counter)) + .png)): null

2018-12-14 02:09:23 - [TEST_STEP][PASSED] - Statement - counter = counter + 1: null

2018-12-14 02:09:23 - [TEST_STEP][PASSED] - Statement - PreSaveFile = new java.io.File(((pathPrefix + java.lang.Integer.toString(counter)) + .png)): null

2018-12-14 02:09:23 - [TEST_STEP][PASSED] - Statement - counter = counter + 1: null

2018-12-14 02:09:23 - [TEST_STEP][PASSED] - Statement - PreSaveFile = new java.io.File(((pathPrefix + java.lang.Integer.toString(counter)) + .png)): null

2018-12-14 02:09:23 - [TEST_STEP][PASSED] - Statement - finalPath = pathPrefix + java.lang.Integer.toString(counter) + ".png": null

2018-12-14 02:09:23 - [TEST_STEP][PASSED] - Statement - SaveFile = new java.io.File(finalPath): null

2018-12-14 02:09:23 - [TEST_STEP][PASSED] - Statement - Try: null

2018-12-14 02:09:23 - [TEST_STEP][PASSED] - Statement - org.apache.commons.io.FileUtils.copyFile(scrFile, SaveFile): null

2018-12-14 02:09:23 - [TEST_STEP][PASSED] - Statement - out.println("file kept"): null

2018-12-14 02:09:23 - [TEST_STEP][PASSED] - delay: Delayed 10 second(s)

2018-12-14 02:09:33 - [MESSAGE][PASSED] - Delayed 10 second(s)

2018-12-14 02:09:33 - [MESSAGE][PASSED] - Call Test Case 'Test Cases/Final Aug 2018 - PKS Automation/Common/Screenshoting tool' successfully

2018-12-14 02:09:33 - [TEST_STEP][PASSED] - callTestCase: Call Test Case 'Test Cases/Final Aug 2018 - PKS Automation/Registration Module/Log Out/log out avoiding katalon tagging' successfully

2018-12-14 02:09:33 - [TEST_CASE][PASSED] - Test Cases/Final Aug 2018 - PKS Automation/Registration Module/Log Out/log out avoiding katalon tagging: Test Cases/Final Aug 2018 - PKS Automation/Registration Module/Log Out/log out avoiding katalon tagging

2018-12-14 02:09:33 - [TEST_STEP][PASSED] - navigateToUrl: Navigate to 'https://assist2-uat.perkeso.gov.my/c/portal/logout' successfully

2018-12-14 02:09:34 - [MESSAGE][PASSED] - Navigate to 'https://assist2-uat.perkeso.gov.my/c/portal/logout' successfully

2018-12-14 02:09:34 - [MESSAGE][PASSED] - Call Test Case 'Test Cases/Final Aug 2018 - PKS Automation/Registration Module/Log Out/log out avoiding katalon tagging' successfully

2018-12-14 02:09:34 - [TEST_STEP][PASSED] - callTestCase: Call Test Case 'Test Cases/Final Aug 2018 - PKS Automation/Common/Workflow Owner Finder' successfully

2018-12-14 02:09:34 - [TEST_CASE][PASSED] - Test Cases/Final Aug 2018 - PKS Automation/Common/Workflow Owner Finder: Test Cases/Final Aug 2018 - PKS Automation/Common/Workflow Owner Finder

2018-12-14 02:09:34 - [TEST_STEP][PASSED] - openBrowser: Browser is opened with url: ''

2018-12-14 02:09:34 - [MESSAGE][WARNING] - A browser is already opened. Closing browser and opening a new one

2018-12-14 02:09:38 - [MESSAGE][PASSED] - Browser is opened with url: ''

2018-12-14 02:09:38 - [TEST_STEP][PASSED] - navigateToUrl: Navigate to 'https://assist2-uat.perkeso.gov.my/login' successfully

2018-12-14 02:09:39 - [MESSAGE][PASSED] - Navigate to 'https://assist2-uat.perkeso.gov.my/login' successfully

2018-12-14 02:09:39 - [TEST_STEP][PASSED] - delay: Delayed 5 second(s)

2018-12-14 02:09:44 - [MESSAGE][PASSED] - Delayed 5 second(s)

2018-12-14 02:09:44 - [TEST_STEP][PASSED] - setText: Text 'test@liferay.com' is set on object 'Object Repository/Final Object Repo/Login Page/Internal User/Email Address'

2018-12-14 02:09:45 - [MESSAGE][PASSED] - Text 'test@liferay.com' is set on object 'Object Repository/Final Object Repo/Login Page/Internal User/Email Address'

2018-12-14 02:09:45 - [TEST_STEP][PASSED] - click: Object: 'Object Repository/Final Object Repo/Login Page/Internal User/Next Button' is clicked on

2018-12-14 02:09:45 - [MESSAGE][PASSED] - Object: 'Object Repository/Final Object Repo/Login Page/Internal User/Next Button' is clicked on

2018-12-14 02:09:45 - [TEST_STEP][PASSED] - delay: Delayed 2 second(s)

2018-12-14 02:09:47 - [MESSAGE][PASSED] - Delayed 2 second(s)

2018-12-14 02:09:47 - [TEST_STEP][PASSED] - setText: Text 'test' is set on object 'Object Repository/Final Object Repo/Login Page/Internal User/Password'

2018-12-14 02:09:47 - [MESSAGE][PASSED] - Text 'test' is set on object 'Object Repository/Final Object Repo/Login Page/Internal User/Password'

2018-12-14 02:09:47 - [TEST_STEP][PASSED] - delay: Delayed 2 second(s)

2018-12-14 02:09:49 - [MESSAGE][PASSED] - Delayed 2 second(s)

2018-12-14 02:09:49 - [TEST_STEP][PASSED] - click: Object: 'Object Repository/Final Object Repo/Login Page/Internal User/Login Button' is clicked on

2018-12-14 02:09:49 - [MESSAGE][PASSED] - Object: 'Object Repository/Final Object Repo/Login Page/Internal User/Login Button' is clicked on

2018-12-14 02:09:49 - [TEST_STEP][PASSED] - Statement - tester = com.kms.katalon.core.testobject.ObjectRepository.findTestObject(Final Object Repo/Landing Page/Select to English): Finding Test Object with id 'Object Repository/Final Object Repo/Landing Page/Select to English'

2018-12-14 02:09:49 - [TEST_STEP][PASSED] - Statement - Try: Delayed 2 second(s)

2018-12-14 02:09:49 - [TEST_STEP][PASSED] - Statement - Checker = com.kms.katalon.core.webui.keyword.WebUiBuiltInKeywords.verifyElementNotPresent(tester, 3): Web element with id: 'Object Repository/Final Object Repo/Landing Page/Select to English' located by 'By.xpath: //a[@class = 'taglib-language-list-text' and @lang = 'en-US' and (contains(text(), 'EN') or contains(., 'EN'))]' is not present after '3' second(s)

2018-12-14 02:09:51 - [MESSAGE][PASSED] - Web element with id: 'Object Repository/Final Object Repo/Landing Page/Select to English' located by 'By.xpath: //a[@class = 'taglib-language-list-text' and @lang = 'en-US' and (contains(text(), 'EN') or contains(., 'EN'))]' is not present after '3' second(s)

2018-12-14 02:09:51 - [TEST_STEP][PASSED] - Statement - If (Checker == false): null

2018-12-14 02:09:51 - [TEST_STEP][PASSED] - delay: Delayed 2 second(s)

2018-12-14 02:09:53 - [MESSAGE][PASSED] - Delayed 2 second(s)

2018-12-14 02:09:53 - [TEST_STEP][PASSED] - delay: Delayed 5 second(s)

2018-12-14 02:09:58 - [MESSAGE][PASSED] - Delayed 5 second(s)

2018-12-14 02:09:58 - [TEST_STEP][PASSED] - mouseOver: Object: 'Object Repository/Final Object Repo/Landing Page/WorkFlow Menu' is hovered

2018-12-14 02:09:58 - [MESSAGE][PASSED] - Object: 'Object Repository/Final Object Repo/Landing Page/WorkFlow Menu' is hovered

2018-12-14 02:09:58 - [TEST_STEP][PASSED] - delay: Delayed 2 second(s)

2018-12-14 02:10:00 - [MESSAGE][PASSED] - Delayed 2 second(s)

2018-12-14 02:10:00 - [TEST_STEP][PASSED] - click: Object: 'Object Repository/Final Object Repo/Landing Page/Select to Workflow Listing' is clicked on

2018-12-14 02:10:01 - [MESSAGE][PASSED] - Object: 'Object Repository/Final Object Repo/Landing Page/Select to Workflow Listing' is clicked on

2018-12-14 02:10:01 - [TEST_STEP][PASSED] - delay: Delayed 2 second(s)

2018-12-14 02:10:03 - [MESSAGE][PASSED] - Delayed 2 second(s)

2018-12-14 02:10:03 - [TEST_STEP][PASSED] - click: Object: 'Object Repository/Final Object Repo/WorkFlow Listing Page/Search Information - To Put Ref No' is clicked on

2018-12-14 02:10:03 - [MESSAGE][PASSED] - Object: 'Object Repository/Final Object Repo/WorkFlow Listing Page/Search Information - To Put Ref No' is clicked on

2018-12-14 02:10:03 - [TEST_STEP][PASSED] - delay: Delayed 2 second(s)

2018-12-14 02:10:05 - [MESSAGE][PASSED] - Delayed 2 second(s)

2018-12-14 02:10:05 - [TEST_STEP][PASSED] - callTestCase: Call Test Case 'Test Cases/Final Aug 2018 - PKS Automation/Common/Reference Number Getter' successfully

2018-12-14 02:10:05 - [TEST_CASE][PASSED] - Test Cases/Final Aug 2018 - PKS Automation/Common/Reference Number Getter: Test Cases/Final Aug 2018 - PKS Automation/Common/Reference Number Getter

2018-12-14 02:10:05 - [TEST_STEP][PASSED] - Statement - Try: null

2018-12-14 02:10:05 - [TEST_STEP][PASSED] - Statement - RefNo = new java.io.File(C://Users//Admin//Desktop//PKS//Automation Reference Point//KatalonReference.txt): null

2018-12-14 02:10:05 - [TEST_STEP][PASSED] - Statement - bufferread = new java.io.BufferedReader(new java.io.FileReader(RefNo)): null

2018-12-14 02:10:05 - [TEST_STEP][PASSED] - Statement - readedVal = bufferread.readLine(): null

2018-12-14 02:10:05 - [TEST_STEP][PASSED] - Statement - out.println(CaseReferenceNo): null

2018-12-14 02:10:05 - [TEST_STEP][PASSED] - Statement - out.println(readedVal): null

2018-12-14 02:10:05 - [TEST_STEP][PASSED] - Statement - CaseReferenceNo = "": null

2018-12-14 02:10:05 - [TEST_STEP][PASSED] - Statement - CaseReferenceNo = readedVal: null

2018-12-14 02:10:05 - [MESSAGE][PASSED] - Call Test Case 'Test Cases/Final Aug 2018 - PKS Automation/Common/Reference Number Getter' successfully

2018-12-14 02:10:05 - [TEST_STEP][PASSED] - setText: Text 'CAN12201800002354' is set on object 'Object Repository/Final Object Repo/WorkFlow Listing Page/Ref No Set Text'

2018-12-14 02:10:06 - [MESSAGE][PASSED] - Text 'CAN12201800002354' is set on object 'Object Repository/Final Object Repo/WorkFlow Listing Page/Ref No Set Text'

2018-12-14 02:10:06 - [TEST_STEP][PASSED] - delay: Delayed 2 second(s)

2018-12-14 02:10:08 - [MESSAGE][PASSED] - Delayed 2 second(s)

2018-12-14 02:10:08 - [TEST_STEP][PASSED] - click: Object: 'Object Repository/Final Object Repo/WorkFlow Listing Page/Search Ref No Search Button' is clicked on

2018-12-14 02:10:08 - [MESSAGE][PASSED] - Object: 'Object Repository/Final Object Repo/WorkFlow Listing Page/Search Ref No Search Button' is clicked on

2018-12-14 02:10:08 - [TEST_STEP][PASSED] - delay: Delayed 6 second(s)

2018-12-14 02:10:14 - [MESSAGE][PASSED] - Delayed 6 second(s)

2018-12-14 02:10:14 - [TEST_STEP][PASSED] - click: Object: 'Object Repository/Final Object Repo/WorkFlow Listing Page/Click Continue Tooltip' is clicked on

2018-12-14 02:10:15 - [MESSAGE][PASSED] - Object: 'Object Repository/Final Object Repo/WorkFlow Listing Page/Click Continue Tooltip' is clicked on

2018-12-14 02:10:15 - [TEST_STEP][PASSED] - delay: Delayed 5 second(s)

2018-12-14 02:10:20 - [MESSAGE][PASSED] - Delayed 5 second(s)

2018-12-14 02:10:20 - [TEST_STEP][PASSED] - doubleClick: Object: 'Object Repository/Final Object Repo/WorkFlow Listing Page/Workflow Found - Listing 1' is double clicked on

2018-12-14 02:10:20 - [MESSAGE][PASSED] - Object: 'Object Repository/Final Object Repo/WorkFlow Listing Page/Workflow Found - Listing 1' is double clicked on

2018-12-14 02:10:20 - [TEST_STEP][PASSED] - Statement - println(OwnerID): null

2018-12-14 02:10:20 - [TEST_STEP][PASSED] - Statement - OwnerID = com.kms.katalon.core.webui.keyword.WebUiBuiltInKeywords.getText(com.kms.katalon.core.testobject.ObjectRepository.findTestObject(Final Object Repo/WorkFlow Listing Page/Workflow Found - Listing 1), STOP_ON_FAILURE): Text of object 'Object Repository/Final Object Repo/WorkFlow Listing Page/Workflow Found - Listing 1' is: 'JOHORro2'

2018-12-14 02:10:20 - [MESSAGE][PASSED] - Text of object 'Object Repository/Final Object Repo/WorkFlow Listing Page/Workflow Found - Listing 1' is: 'JOHORro2'

2018-12-14 02:10:20 - [TEST_STEP][PASSED] - Statement - OwnerID = OwnerID.toLowerCase() + "@gmail.com": null

2018-12-14 02:10:20 - [TEST_STEP][PASSED] - Statement - println(OwnerID): null

2018-12-14 02:10:20 - [TEST_STEP][PASSED] - delay: Delayed 2 second(s)

2018-12-14 02:10:22 - [MESSAGE][PASSED] - Delayed 2 second(s)

2018-12-14 02:10:22 - [MESSAGE][PASSED] - Call Test Case 'Test Cases/Final Aug 2018 - PKS Automation/Common/Workflow Owner Finder' successfully

2018-12-14 02:10:22 - [TEST_STEP][PASSED] - callTestCase: Call Test Case 'Test Cases/Final Aug 2018 - PKS Automation/Registration Module/Log Out/log out avoiding katalon tagging' successfully

2018-12-14 02:10:22 - [TEST_CASE][PASSED] - Test Cases/Final Aug 2018 - PKS Automation/Registration Module/Log Out/log out avoiding katalon tagging: Test Cases/Final Aug 2018 - PKS Automation/Registration Module/Log Out/log out avoiding katalon tagging

2018-12-14 02:10:22 - [TEST_STEP][PASSED] - navigateToUrl: Navigate to 'https://assist2-uat.perkeso.gov.my/c/portal/logout' successfully

2018-12-14 02:10:23 - [MESSAGE][PASSED] - Navigate to 'https://assist2-uat.perkeso.gov.my/c/portal/logout' successfully

2018-12-14 02:10:23 - [MESSAGE][PASSED] - Call Test Case 'Test Cases/Final Aug 2018 - PKS Automation/Registration Module/Log Out/log out avoiding katalon tagging' successfully

2018-12-14 02:10:23 - [TEST_STEP][PASSED] - delay: Delayed 2 second(s)

2018-12-14 02:10:25 - [MESSAGE][PASSED] - Delayed 2 second(s)

2018-12-14 02:10:25 - [TEST_STEP][PASSED] - setText: Text 'johorro2@gmail.com' is set on object 'Object Repository/Final Object Repo/Page_Update Add New Employee - ASSIST/Email TextBox'

2018-12-14 02:10:25 - [MESSAGE][PASSED] - Text 'johorro2@gmail.com' is set on object 'Object Repository/Final Object Repo/Page_Update Add New Employee - ASSIST/Email TextBox'

2018-12-14 02:10:25 - [TEST_STEP][PASSED] - click: Object: 'Object Repository/Final Object Repo/Page_Update Add New Employee - ASSIST/Next Button' is clicked on

2018-12-14 02:10:25 - [MESSAGE][PASSED] - Object: 'Object Repository/Final Object Repo/Page_Update Add New Employee - ASSIST/Next Button' is clicked on

2018-12-14 02:10:25 - [TEST_STEP][PASSED] - delay: Delayed 2 second(s)

2018-12-14 02:10:27 - [MESSAGE][PASSED] - Delayed 2 second(s)

2018-12-14 02:10:27 - [TEST_STEP][PASSED] - setText: Text 'Test1@3456789' is set on object 'Object Repository/Final Object Repo/Page_Update Add New Employee - ASSIST/Password TextBox'

2018-12-14 02:10:28 - [MESSAGE][PASSED] - Text 'Test1@3456789' is set on object 'Object Repository/Final Object Repo/Page_Update Add New Employee - ASSIST/Password TextBox'

2018-12-14 02:10:28 - [TEST_STEP][PASSED] - delay: Delayed 2 second(s)

2018-12-14 02:10:30 - [MESSAGE][PASSED] - Delayed 2 second(s)

2018-12-14 02:10:30 - [TEST_STEP][PASSED] - click: Object: 'Object Repository/Final Object Repo/Page_Update Add New Employee - ASSIST/Login Button' is clicked on

2018-12-14 02:10:30 - [MESSAGE][PASSED] - Object: 'Object Repository/Final Object Repo/Page_Update Add New Employee - ASSIST/Login Button' is clicked on

2018-12-14 02:10:30 - [TEST_STEP][PASSED] - delay: Delayed 4 second(s)

2018-12-14 02:10:34 - [MESSAGE][PASSED] - Delayed 4 second(s)

2018-12-14 02:10:34 - [TEST_STEP][PASSED] - Statement - Try: Delayed 2 second(s)

2018-12-14 02:10:34 - [TEST_STEP][PASSED] - Statement - Checker = false: null

2018-12-14 02:10:34 - [TEST_STEP][PASSED] - Statement - Checker = com.kms.katalon.core.webui.keyword.WebUiBuiltInKeywords.verifyElementHasAttribute(com.kms.katalon.core.testobject.ObjectRepository.findTestObject(Final Object Repo/Landing Page/BM Detecting), "href", 20, OPTIONAL): Object 'Object Repository/Final Object Repo/Landing Page/BM Detecting' has attribute 'href'

2018-12-14 02:10:34 - [MESSAGE][PASSED] - Object 'Object Repository/Final Object Repo/Landing Page/BM Detecting' has attribute 'href'

2018-12-14 02:10:34 - [TEST_STEP][PASSED] - Statement - out.println(Checker): null

2018-12-14 02:10:34 - [TEST_STEP][PASSED] - Statement - If (Checker == false): null

2018-12-14 02:10:34 - [TEST_STEP][PASSED] - Statement - Else: null

2018-12-14 02:10:34 - [TEST_STEP][PASSED] - delay: Delayed 2 second(s)

2018-12-14 02:10:36 - [MESSAGE][PASSED] - Delayed 2 second(s)

2018-12-14 02:10:36 - [TEST_STEP][PASSED] - delay: Delayed 4 second(s)

2018-12-14 02:10:40 - [MESSAGE][PASSED] - Delayed 4 second(s)

2018-12-14 02:10:40 - [TEST_STEP][PASSED] - click: Object: 'Object Repository/Final Object Repo/New Registration - Registration Module Pages/New Reg - OTC to RO/Special Case - All Related Objects/Expand to Search' is clicked on

2018-12-14 02:10:40 - [MESSAGE][PASSED] - Object: 'Object Repository/Final Object Repo/New Registration - Registration Module Pages/New Reg - OTC to RO/Special Case - All Related Objects/Expand to Search' is clicked on

2018-12-14 02:10:40 - [TEST_STEP][FAILED] - setText: Unable to set text 'CAN12201800002354' of object 'Object Repository/Final Object Repo/New Registration - Registration Module Pages/New Reg - OTC to RO/Special Case - All Related Objects/TextBox RefNo in Workbasket' (Root cause: org.openqa.selenium.ElementNotVisibleException: element not interactable
  (Session info: chrome=70.0.3538.110)
  (Driver info: chromedriver=2.43.600210 (68dcf5eebde37173d4027fa8635e332711d2874a),platform=Windows NT 6.1.7601 SP1 x86_64) (WARNING: The server did not provide any stacktrace information)
Command duration or timeout: 0 milliseconds
Build info: version: '3.7.1', revision: '8a0099a', time: '2017-11-06T21:07:36.161Z'
System info: host: 'WIN7TEST02', ip: '10.20.3.72', os.name: 'Windows 7', os.arch: 'amd64', os.version: '6.1', java.version: '1.8.0_181'
Driver info: com.kms.katalon.selenium.driver.CChromeDriver
Capabilities {acceptInsecureCerts: false, acceptSslCerts: false, applicationCacheEnabled: false, browserConnectionEnabled: false, browserName: chrome, chrome: {chromedriverVersion: 2.43.600210 (68dcf5eebde371..., userDataDir: C:\Users\Admin\AppData\Loca...}, cssSelectorsEnabled: true, databaseEnabled: false, goog:chromeOptions: {debuggerAddress: localhost:64263}, handlesAlerts: true, hasTouchScreen: false, javascriptEnabled: true, locationContextEnabled: true, mobileEmulationEnabled: false, nativeEvents: true, networkConnectionEnabled: false, pageLoadStrategy: normal, platform: XP, platformName: XP, rotatable: false, setWindowRect: true, takesHeapSnapshot: true, takesScreenshot: true, unexpectedAlertBehaviour: , unhandledPromptBehavior: , version: 70.0.3538.110, webStorageEnabled: true}
Session ID: bdc88b027d16d773ab9ac36584bdb9db)

2018-12-14 02:10:41 - [MESSAGE][FAILED] - Unable to set text 'CAN12201800002354' of object 'Object Repository/Final Object Repo/New Registration - Registration Module Pages/New Reg - OTC to RO/Special Case - All Related Objects/TextBox RefNo in Workbasket' (Root cause: org.openqa.selenium.ElementNotVisibleException: element not interactable
  (Session info: chrome=70.0.3538.110)
  (Driver info: chromedriver=2.43.600210 (68dcf5eebde37173d4027fa8635e332711d2874a),platform=Windows NT 6.1.7601 SP1 x86_64) (WARNING: The server did not provide any stacktrace information)
Command duration or timeout: 0 milliseconds
Build info: version: '3.7.1', revision: '8a0099a', time: '2017-11-06T21:07:36.161Z'
System info: host: 'WIN7TEST02', ip: '10.20.3.72', os.name: 'Windows 7', os.arch: 'amd64', os.version: '6.1', java.version: '1.8.0_181'
Driver info: com.kms.katalon.selenium.driver.CChromeDriver
Capabilities {acceptInsecureCerts: false, acceptSslCerts: false, applicationCacheEnabled: false, browserConnectionEnabled: false, browserName: chrome, chrome: {chromedriverVersion: 2.43.600210 (68dcf5eebde371..., userDataDir: C:\Users\Admin\AppData\Loca...}, cssSelectorsEnabled: true, databaseEnabled: false, goog:chromeOptions: {debuggerAddress: localhost:64263}, handlesAlerts: true, hasTouchScreen: false, javascriptEnabled: true, locationContextEnabled: true, mobileEmulationEnabled: false, nativeEvents: true, networkConnectionEnabled: false, pageLoadStrategy: normal, platform: XP, platformName: XP, rotatable: false, setWindowRect: true, takesHeapSnapshot: true, takesScreenshot: true, unexpectedAlertBehaviour: , unhandledPromptBehavior: , version: 70.0.3538.110, webStorageEnabled: true}
Session ID: bdc88b027d16d773ab9ac36584bdb9db)
[[ATTACHMENT|C:\\Users\\Admin\\Desktop\\PKS\\Perkeso Phase A\\Reports\\Workflow\\Update Add New Employee\\20181213_225844\\1544724640659.png]]

2018-12-14 02:10:41 - [TEST_STEP][PASSED] - delay: Delayed 2 second(s)

2018-12-14 02:10:43 - [MESSAGE][PASSED] - Delayed 2 second(s)

2018-12-14 02:10:43 - [TEST_STEP][PASSED] - click: Object: 'Object Repository/Final Object Repo/New Registration - Registration Module Pages/New Reg - OTC to RO/Special Case - All Related Objects/Click Search' is clicked on

2018-12-14 02:10:43 - [MESSAGE][PASSED] - Object: 'Object Repository/Final Object Repo/New Registration - Registration Module Pages/New Reg - OTC to RO/Special Case - All Related Objects/Click Search' is clicked on

2018-12-14 02:10:43 - [TEST_STEP][PASSED] - delay: Delayed 2 second(s)

2018-12-14 02:10:45 - [MESSAGE][PASSED] - Delayed 2 second(s)

2018-12-14 02:10:45 - [TEST_STEP][PASSED] - click: Object: 'Object Repository/Final Object Repo/New Registration - Registration Module Pages/New Reg - OTC to RO/Special Case - All Related Objects/Click to Continue Workflow' is clicked on

2018-12-14 02:10:49 - [MESSAGE][PASSED] - Object: 'Object Repository/Final Object Repo/New Registration - Registration Module Pages/New Reg - OTC to RO/Special Case - All Related Objects/Click to Continue Workflow' is clicked on

2018-12-14 02:10:49 - [TEST_STEP][PASSED] - delay: Delayed 10 second(s)

2018-12-14 02:10:59 - [MESSAGE][PASSED] - Delayed 10 second(s)

2018-12-14 02:10:59 - [TEST_STEP][PASSED] - click: Object: 'Object Repository/Final Object Repo/New Registration - Registration Module Pages/New Reg - OTC to RO/Special Case - All Related Objects/Continue Button in verifying case' is clicked on

2018-12-14 02:11:02 - [MESSAGE][PASSED] - Object: 'Object Repository/Final Object Repo/New Registration - Registration Module Pages/New Reg - OTC to RO/Special Case - All Related Objects/Continue Button in verifying case' is clicked on

2018-12-14 02:11:02 - [TEST_STEP][PASSED] - delay: Delayed 2 second(s)

2018-12-14 02:11:04 - [MESSAGE][PASSED] - Delayed 2 second(s)

2018-12-14 02:11:04 - [TEST_STEP][PASSED] - click: Object: 'Object Repository/Final Object Repo/Page_Update Add New Employee - ASSIST/Save  Continue Button' is clicked on

2018-12-14 02:11:04 - [MESSAGE][PASSED] - Object: 'Object Repository/Final Object Repo/Page_Update Add New Employee - ASSIST/Save  Continue Button' is clicked on

2018-12-14 02:11:04 - [TEST_STEP][PASSED] - delay: Delayed 6 second(s)

2018-12-14 02:11:10 - [MESSAGE][PASSED] - Delayed 6 second(s)

2018-12-14 02:11:10 - [TEST_STEP][PASSED] - click: Object: 'Object Repository/Final Object Repo/Page_Update Add New Employee - ASSIST/Save  Continue Third Screen' is clicked on

2018-12-14 02:11:13 - [MESSAGE][PASSED] - Object: 'Object Repository/Final Object Repo/Page_Update Add New Employee - ASSIST/Save  Continue Third Screen' is clicked on

2018-12-14 02:11:13 - [TEST_STEP][PASSED] - delay: Delayed 4 second(s)

2018-12-14 02:11:17 - [MESSAGE][PASSED] - Delayed 4 second(s)

2018-12-14 02:11:17 - [TEST_STEP][PASSED] - setText: Text 'Query the Case' is set on object 'Object Repository/Final Object Repo/Page_Update Add New Employee - ASSIST/Query Text Input'

2018-12-14 02:11:18 - [MESSAGE][PASSED] - Text 'Query the Case' is set on object 'Object Repository/Final Object Repo/Page_Update Add New Employee - ASSIST/Query Text Input'

2018-12-14 02:11:18 - [TEST_STEP][PASSED] - delay: Delayed 4 second(s)

2018-12-14 02:11:22 - [MESSAGE][PASSED] - Delayed 4 second(s)

2018-12-14 02:11:22 - [TEST_STEP][PASSED] - click: Object: 'Object Repository/Final Object Repo/Page_Update Add New Employee - ASSIST/Save   Continue Supporting Doc Page' is clicked on

2018-12-14 02:11:22 - [MESSAGE][PASSED] - Object: 'Object Repository/Final Object Repo/Page_Update Add New Employee - ASSIST/Save   Continue Supporting Doc Page' is clicked on

2018-12-14 02:11:22 - [TEST_STEP][PASSED] - delay: Delayed 4 second(s)

2018-12-14 02:11:26 - [MESSAGE][PASSED] - Delayed 4 second(s)

2018-12-14 02:11:26 - [TEST_STEP][PASSED] - click: Object: 'Object Repository/Final Object Repo/Page_Update Add New Employee - ASSIST/Query Button' is clicked on

2018-12-14 02:11:26 - [MESSAGE][PASSED] - Object: 'Object Repository/Final Object Repo/Page_Update Add New Employee - ASSIST/Query Button' is clicked on

2018-12-14 02:11:26 - [TEST_STEP][PASSED] - delay: Delayed 4 second(s)

2018-12-14 02:11:30 - [MESSAGE][PASSED] - Delayed 4 second(s)

2018-12-14 02:11:30 - [TEST_STEP][PASSED] - click: Object: 'Object Repository/Final Object Repo/Page_Update Add New Employee - ASSIST/Confirm to Query' is clicked on

2018-12-14 02:11:30 - [MESSAGE][PASSED] - Object: 'Object Repository/Final Object Repo/Page_Update Add New Employee - ASSIST/Confirm to Query' is clicked on

2018-12-14 02:11:30 - [TEST_STEP][PASSED] - delay: Delayed 20 second(s)

2018-12-14 02:11:50 - [MESSAGE][PASSED] - Delayed 20 second(s)

2018-12-14 02:11:50 - [TEST_STEP][PASSED] - callTestCase: Call Test Case 'Test Cases/Final Aug 2018 - PKS Automation/Common/Screenshoting tool' successfully

2018-12-14 02:11:50 - [TEST_CASE][PASSED] - Test Cases/Final Aug 2018 - PKS Automation/Common/Screenshoting tool: Test Cases/Final Aug 2018 - PKS Automation/Common/Screenshoting tool

2018-12-14 02:11:50 - [TEST_STEP][PASSED] - delay: Delayed 15 second(s)

2018-12-14 02:12:05 - [MESSAGE][PASSED] - Delayed 15 second(s)

2018-12-14 02:12:05 - [TEST_STEP][PASSED] - Statement - driver = com.kms.katalon.core.webui.driver.DriverFactory.getWebDriver(): null

2018-12-14 02:12:05 - [TEST_STEP][PASSED] - Statement - driver.manage().timeouts().implicitlyWait(10, SECONDS): null

2018-12-14 02:12:05 - [TEST_STEP][PASSED] - Statement - PresavePath = KatalonScreenshots: null

2018-12-14 02:12:05 - [TEST_STEP][PASSED] - Statement - pathPrefix = "C:\Users\Public\Pictures\Sample Pictures\Katalon Screenshots\Automate Ending Screen": null

2018-12-14 02:12:05 - [TEST_STEP][PASSED] - Statement - finalPath = <not implemented yet for class: org.codehaus.groovy.ast.expr.EmptyExpression>: null

2018-12-14 02:12:05 - [TEST_STEP][PASSED] - Statement - scrFile = driver.getScreenshotAs(FILE): null

2018-12-14 02:12:05 - [TEST_STEP][PASSED] - Statement - PreSaveFile = new java.io.File(PresavePath): null

2018-12-14 02:12:05 - [TEST_STEP][PASSED] - Statement - counter = 0: null

2018-12-14 02:12:05 - [TEST_STEP][PASSED] - Statement - If (PreSaveFile.exists()): null

2018-12-14 02:12:05 - [TEST_STEP][PASSED] - Statement - While (PreSaveFile.exists()): null

2018-12-14 02:12:05 - [TEST_STEP][PASSED] - Statement - counter = counter + 1: null

2018-12-14 02:12:05 - [TEST_STEP][PASSED] - Statement - PreSaveFile = new java.io.File(((pathPrefix + java.lang.Integer.toString(counter)) + .png)): null

2018-12-14 02:12:05 - [TEST_STEP][PASSED] - Statement - counter = counter + 1: null

2018-12-14 02:12:05 - [TEST_STEP][PASSED] - Statement - PreSaveFile = new java.io.File(((pathPrefix + java.lang.Integer.toString(counter)) + .png)): null

2018-12-14 02:12:05 - [TEST_STEP][PASSED] - Statement - counter = counter + 1: null

2018-12-14 02:12:05 - [TEST_STEP][PASSED] - Statement - PreSaveFile = new java.io.File(((pathPrefix + java.lang.Integer.toString(counter)) + .png)): null

2018-12-14 02:12:05 - [TEST_STEP][PASSED] - Statement - counter = counter + 1: null

2018-12-14 02:12:05 - [TEST_STEP][PASSED] - Statement - PreSaveFile = new java.io.File(((pathPrefix + java.lang.Integer.toString(counter)) + .png)): null

2018-12-14 02:12:05 - [TEST_STEP][PASSED] - Statement - counter = counter + 1: null

2018-12-14 02:12:05 - [TEST_STEP][PASSED] - Statement - PreSaveFile = new java.io.File(((pathPrefix + java.lang.Integer.toString(counter)) + .png)): null

2018-12-14 02:12:05 - [TEST_STEP][PASSED] - Statement - counter = counter + 1: null

2018-12-14 02:12:05 - [TEST_STEP][PASSED] - Statement - PreSaveFile = new java.io.File(((pathPrefix + java.lang.Integer.toString(counter)) + .png)): null

2018-12-14 02:12:05 - [TEST_STEP][PASSED] - Statement - counter = counter + 1: null

2018-12-14 02:12:05 - [TEST_STEP][PASSED] - Statement - PreSaveFile = new java.io.File(((pathPrefix + java.lang.Integer.toString(counter)) + .png)): null

2018-12-14 02:12:05 - [TEST_STEP][PASSED] - Statement - counter = counter + 1: null

2018-12-14 02:12:05 - [TEST_STEP][PASSED] - Statement - PreSaveFile = new java.io.File(((pathPrefix + java.lang.Integer.toString(counter)) + .png)): null

2018-12-14 02:12:05 - [TEST_STEP][PASSED] - Statement - counter = counter + 1: null

2018-12-14 02:12:05 - [TEST_STEP][PASSED] - Statement - PreSaveFile = new java.io.File(((pathPrefix + java.lang.Integer.toString(counter)) + .png)): null

2018-12-14 02:12:05 - [TEST_STEP][PASSED] - Statement - counter = counter + 1: null

2018-12-14 02:12:05 - [TEST_STEP][PASSED] - Statement - PreSaveFile = new java.io.File(((pathPrefix + java.lang.Integer.toString(counter)) + .png)): null

2018-12-14 02:12:05 - [TEST_STEP][PASSED] - Statement - counter = counter + 1: null

2018-12-14 02:12:05 - [TEST_STEP][PASSED] - Statement - PreSaveFile = new java.io.File(((pathPrefix + java.lang.Integer.toString(counter)) + .png)): null

2018-12-14 02:12:05 - [TEST_STEP][PASSED] - Statement - counter = counter + 1: null

2018-12-14 02:12:05 - [TEST_STEP][PASSED] - Statement - PreSaveFile = new java.io.File(((pathPrefix + java.lang.Integer.toString(counter)) + .png)): null

2018-12-14 02:12:05 - [TEST_STEP][PASSED] - Statement - counter = counter + 1: null

2018-12-14 02:12:05 - [TEST_STEP][PASSED] - Statement - PreSaveFile = new java.io.File(((pathPrefix + java.lang.Integer.toString(counter)) + .png)): null

2018-12-14 02:12:05 - [TEST_STEP][PASSED] - Statement - counter = counter + 1: null

2018-12-14 02:12:05 - [TEST_STEP][PASSED] - Statement - PreSaveFile = new java.io.File(((pathPrefix + java.lang.Integer.toString(counter)) + .png)): null

2018-12-14 02:12:05 - [TEST_STEP][PASSED] - Statement - counter = counter + 1: null

2018-12-14 02:12:05 - [TEST_STEP][PASSED] - Statement - PreSaveFile = new java.io.File(((pathPrefix + java.lang.Integer.toString(counter)) + .png)): null

2018-12-14 02:12:05 - [TEST_STEP][PASSED] - Statement - counter = counter + 1: null

2018-12-14 02:12:05 - [TEST_STEP][PASSED] - Statement - PreSaveFile = new java.io.File(((pathPrefix + java.lang.Integer.toString(counter)) + .png)): null

2018-12-14 02:12:05 - [TEST_STEP][PASSED] - Statement - counter = counter + 1: null

2018-12-14 02:12:05 - [TEST_STEP][PASSED] - Statement - PreSaveFile = new java.io.File(((pathPrefix + java.lang.Integer.toString(counter)) + .png)): null

2018-12-14 02:12:05 - [TEST_STEP][PASSED] - Statement - counter = counter + 1: null

2018-12-14 02:12:05 - [TEST_STEP][PASSED] - Statement - PreSaveFile = new java.io.File(((pathPrefix + java.lang.Integer.toString(counter)) + .png)): null

2018-12-14 02:12:05 - [TEST_STEP][PASSED] - Statement - counter = counter + 1: null

2018-12-14 02:12:05 - [TEST_STEP][PASSED] - Statement - PreSaveFile = new java.io.File(((pathPrefix + java.lang.Integer.toString(counter)) + .png)): null

2018-12-14 02:12:05 - [TEST_STEP][PASSED] - Statement - counter = counter + 1: null

2018-12-14 02:12:05 - [TEST_STEP][PASSED] - Statement - PreSaveFile = new java.io.File(((pathPrefix + java.lang.Integer.toString(counter)) + .png)): null

2018-12-14 02:12:05 - [TEST_STEP][PASSED] - Statement - counter = counter + 1: null

2018-12-14 02:12:05 - [TEST_STEP][PASSED] - Statement - PreSaveFile = new java.io.File(((pathPrefix + java.lang.Integer.toString(counter)) + .png)): null

2018-12-14 02:12:05 - [TEST_STEP][PASSED] - Statement - counter = counter + 1: null

2018-12-14 02:12:05 - [TEST_STEP][PASSED] - Statement - PreSaveFile = new java.io.File(((pathPrefix + java.lang.Integer.toString(counter)) + .png)): null

2018-12-14 02:12:05 - [TEST_STEP][PASSED] - Statement - counter = counter + 1: null

2018-12-14 02:12:05 - [TEST_STEP][PASSED] - Statement - PreSaveFile = new java.io.File(((pathPrefix + java.lang.Integer.toString(counter)) + .png)): null

2018-12-14 02:12:05 - [TEST_STEP][PASSED] - Statement - counter = counter + 1: null

2018-12-14 02:12:06 - [TEST_STEP][PASSED] - Statement - PreSaveFile = new java.io.File(((pathPrefix + java.lang.Integer.toString(counter)) + .png)): null

2018-12-14 02:12:06 - [TEST_STEP][PASSED] - Statement - counter = counter + 1: null

2018-12-14 02:12:06 - [TEST_STEP][PASSED] - Statement - PreSaveFile = new java.io.File(((pathPrefix + java.lang.Integer.toString(counter)) + .png)): null

2018-12-14 02:12:06 - [TEST_STEP][PASSED] - Statement - counter = counter + 1: null

2018-12-14 02:12:06 - [TEST_STEP][PASSED] - Statement - PreSaveFile = new java.io.File(((pathPrefix + java.lang.Integer.toString(counter)) + .png)): null

2018-12-14 02:12:06 - [TEST_STEP][PASSED] - Statement - counter = counter + 1: null

2018-12-14 02:12:06 - [TEST_STEP][PASSED] - Statement - PreSaveFile = new java.io.File(((pathPrefix + java.lang.Integer.toString(counter)) + .png)): null

2018-12-14 02:12:06 - [TEST_STEP][PASSED] - Statement - counter = counter + 1: null

2018-12-14 02:12:06 - [TEST_STEP][PASSED] - Statement - PreSaveFile = new java.io.File(((pathPrefix + java.lang.Integer.toString(counter)) + .png)): null

2018-12-14 02:12:06 - [TEST_STEP][PASSED] - Statement - counter = counter + 1: null

2018-12-14 02:12:06 - [TEST_STEP][PASSED] - Statement - PreSaveFile = new java.io.File(((pathPrefix + java.lang.Integer.toString(counter)) + .png)): null

2018-12-14 02:12:06 - [TEST_STEP][PASSED] - Statement - counter = counter + 1: null

2018-12-14 02:12:06 - [TEST_STEP][PASSED] - Statement - PreSaveFile = new java.io.File(((pathPrefix + java.lang.Integer.toString(counter)) + .png)): null

2018-12-14 02:12:06 - [TEST_STEP][PASSED] - Statement - counter = counter + 1: null

2018-12-14 02:12:06 - [TEST_STEP][PASSED] - Statement - PreSaveFile = new java.io.File(((pathPrefix + java.lang.Integer.toString(counter)) + .png)): null

2018-12-14 02:12:06 - [TEST_STEP][PASSED] - Statement - counter = counter + 1: null

2018-12-14 02:12:06 - [TEST_STEP][PASSED] - Statement - PreSaveFile = new java.io.File(((pathPrefix + java.lang.Integer.toString(counter)) + .png)): null

2018-12-14 02:12:06 - [TEST_STEP][PASSED] - Statement - counter = counter + 1: null

2018-12-14 02:12:06 - [TEST_STEP][PASSED] - Statement - PreSaveFile = new java.io.File(((pathPrefix + java.lang.Integer.toString(counter)) + .png)): null

2018-12-14 02:12:06 - [TEST_STEP][PASSED] - Statement - counter = counter + 1: null

2018-12-14 02:12:06 - [TEST_STEP][PASSED] - Statement - PreSaveFile = new java.io.File(((pathPrefix + java.lang.Integer.toString(counter)) + .png)): null

2018-12-14 02:12:06 - [TEST_STEP][PASSED] - Statement - counter = counter + 1: null

2018-12-14 02:12:06 - [TEST_STEP][PASSED] - Statement - PreSaveFile = new java.io.File(((pathPrefix + java.lang.Integer.toString(counter)) + .png)): null

2018-12-14 02:12:06 - [TEST_STEP][PASSED] - Statement - counter = counter + 1: null

2018-12-14 02:12:06 - [TEST_STEP][PASSED] - Statement - PreSaveFile = new java.io.File(((pathPrefix + java.lang.Integer.toString(counter)) + .png)): null

2018-12-14 02:12:06 - [TEST_STEP][PASSED] - Statement - counter = counter + 1: null

2018-12-14 02:12:06 - [TEST_STEP][PASSED] - Statement - PreSaveFile = new java.io.File(((pathPrefix + java.lang.Integer.toString(counter)) + .png)): null

2018-12-14 02:12:06 - [TEST_STEP][PASSED] - Statement - counter = counter + 1: null

2018-12-14 02:12:06 - [TEST_STEP][PASSED] - Statement - PreSaveFile = new java.io.File(((pathPrefix + java.lang.Integer.toString(counter)) + .png)): null

2018-12-14 02:12:06 - [TEST_STEP][PASSED] - Statement - counter = counter + 1: null

2018-12-14 02:12:06 - [TEST_STEP][PASSED] - Statement - PreSaveFile = new java.io.File(((pathPrefix + java.lang.Integer.toString(counter)) + .png)): null

2018-12-14 02:12:06 - [TEST_STEP][PASSED] - Statement - counter = counter + 1: null

2018-12-14 02:12:06 - [TEST_STEP][PASSED] - Statement - PreSaveFile = new java.io.File(((pathPrefix + java.lang.Integer.toString(counter)) + .png)): null

2018-12-14 02:12:06 - [TEST_STEP][PASSED] - Statement - counter = counter + 1: null

2018-12-14 02:12:06 - [TEST_STEP][PASSED] - Statement - PreSaveFile = new java.io.File(((pathPrefix + java.lang.Integer.toString(counter)) + .png)): null

2018-12-14 02:12:06 - [TEST_STEP][PASSED] - Statement - counter = counter + 1: null

2018-12-14 02:12:06 - [TEST_STEP][PASSED] - Statement - PreSaveFile = new java.io.File(((pathPrefix + java.lang.Integer.toString(counter)) + .png)): null

2018-12-14 02:12:06 - [TEST_STEP][PASSED] - Statement - counter = counter + 1: null

2018-12-14 02:12:06 - [TEST_STEP][PASSED] - Statement - PreSaveFile = new java.io.File(((pathPrefix + java.lang.Integer.toString(counter)) + .png)): null

2018-12-14 02:12:06 - [TEST_STEP][PASSED] - Statement - counter = counter + 1: null

2018-12-14 02:12:06 - [TEST_STEP][PASSED] - Statement - PreSaveFile = new java.io.File(((pathPrefix + java.lang.Integer.toString(counter)) + .png)): null

2018-12-14 02:12:06 - [TEST_STEP][PASSED] - Statement - counter = counter + 1: null

2018-12-14 02:12:06 - [TEST_STEP][PASSED] - Statement - PreSaveFile = new java.io.File(((pathPrefix + java.lang.Integer.toString(counter)) + .png)): null

2018-12-14 02:12:06 - [TEST_STEP][PASSED] - Statement - counter = counter + 1: null

2018-12-14 02:12:06 - [TEST_STEP][PASSED] - Statement - PreSaveFile = new java.io.File(((pathPrefix + java.lang.Integer.toString(counter)) + .png)): null

2018-12-14 02:12:06 - [TEST_STEP][PASSED] - Statement - counter = counter + 1: null

2018-12-14 02:12:06 - [TEST_STEP][PASSED] - Statement - PreSaveFile = new java.io.File(((pathPrefix + java.lang.Integer.toString(counter)) + .png)): null

2018-12-14 02:12:06 - [TEST_STEP][PASSED] - Statement - counter = counter + 1: null

2018-12-14 02:12:06 - [TEST_STEP][PASSED] - Statement - PreSaveFile = new java.io.File(((pathPrefix + java.lang.Integer.toString(counter)) + .png)): null

2018-12-14 02:12:06 - [TEST_STEP][PASSED] - Statement - counter = counter + 1: null

2018-12-14 02:12:06 - [TEST_STEP][PASSED] - Statement - PreSaveFile = new java.io.File(((pathPrefix + java.lang.Integer.toString(counter)) + .png)): null

2018-12-14 02:12:06 - [TEST_STEP][PASSED] - Statement - counter = counter + 1: null

2018-12-14 02:12:06 - [TEST_STEP][PASSED] - Statement - PreSaveFile = new java.io.File(((pathPrefix + java.lang.Integer.toString(counter)) + .png)): null

2018-12-14 02:12:06 - [TEST_STEP][PASSED] - Statement - counter = counter + 1: null

2018-12-14 02:12:06 - [TEST_STEP][PASSED] - Statement - PreSaveFile = new java.io.File(((pathPrefix + java.lang.Integer.toString(counter)) + .png)): null

2018-12-14 02:12:06 - [TEST_STEP][PASSED] - Statement - counter = counter + 1: null

2018-12-14 02:12:06 - [TEST_STEP][PASSED] - Statement - PreSaveFile = new java.io.File(((pathPrefix + java.lang.Integer.toString(counter)) + .png)): null

2018-12-14 02:12:06 - [TEST_STEP][PASSED] - Statement - counter = counter + 1: null

2018-12-14 02:12:06 - [TEST_STEP][PASSED] - Statement - PreSaveFile = new java.io.File(((pathPrefix + java.lang.Integer.toString(counter)) + .png)): null

2018-12-14 02:12:06 - [TEST_STEP][PASSED] - Statement - counter = counter + 1: null

2018-12-14 02:12:06 - [TEST_STEP][PASSED] - Statement - PreSaveFile = new java.io.File(((pathPrefix + java.lang.Integer.toString(counter)) + .png)): null

2018-12-14 02:12:06 - [TEST_STEP][PASSED] - Statement - counter = counter + 1: null

2018-12-14 02:12:06 - [TEST_STEP][PASSED] - Statement - PreSaveFile = new java.io.File(((pathPrefix + java.lang.Integer.toString(counter)) + .png)): null

2018-12-14 02:12:06 - [TEST_STEP][PASSED] - Statement - counter = counter + 1: null

2018-12-14 02:12:06 - [TEST_STEP][PASSED] - Statement - PreSaveFile = new java.io.File(((pathPrefix + java.lang.Integer.toString(counter)) + .png)): null

2018-12-14 02:12:06 - [TEST_STEP][PASSED] - Statement - counter = counter + 1: null

2018-12-14 02:12:06 - [TEST_STEP][PASSED] - Statement - PreSaveFile = new java.io.File(((pathPrefix + java.lang.Integer.toString(counter)) + .png)): null

2018-12-14 02:12:06 - [TEST_STEP][PASSED] - Statement - counter = counter + 1: null

2018-12-14 02:12:06 - [TEST_STEP][PASSED] - Statement - PreSaveFile = new java.io.File(((pathPrefix + java.lang.Integer.toString(counter)) + .png)): null

2018-12-14 02:12:06 - [TEST_STEP][PASSED] - Statement - counter = counter + 1: null

2018-12-14 02:12:06 - [TEST_STEP][PASSED] - Statement - PreSaveFile = new java.io.File(((pathPrefix + java.lang.Integer.toString(counter)) + .png)): null

2018-12-14 02:12:06 - [TEST_STEP][PASSED] - Statement - counter = counter + 1: null

2018-12-14 02:12:06 - [TEST_STEP][PASSED] - Statement - PreSaveFile = new java.io.File(((pathPrefix + java.lang.Integer.toString(counter)) + .png)): null

2018-12-14 02:12:06 - [TEST_STEP][PASSED] - Statement - counter = counter + 1: null

2018-12-14 02:12:06 - [TEST_STEP][PASSED] - Statement - PreSaveFile = new java.io.File(((pathPrefix + java.lang.Integer.toString(counter)) + .png)): null

2018-12-14 02:12:06 - [TEST_STEP][PASSED] - Statement - counter = counter + 1: null

2018-12-14 02:12:06 - [TEST_STEP][PASSED] - Statement - PreSaveFile = new java.io.File(((pathPrefix + java.lang.Integer.toString(counter)) + .png)): null

2018-12-14 02:12:06 - [TEST_STEP][PASSED] - Statement - counter = counter + 1: null

2018-12-14 02:12:06 - [TEST_STEP][PASSED] - Statement - PreSaveFile = new java.io.File(((pathPrefix + java.lang.Integer.toString(counter)) + .png)): null

2018-12-14 02:12:06 - [TEST_STEP][PASSED] - Statement - counter = counter + 1: null

2018-12-14 02:12:06 - [TEST_STEP][PASSED] - Statement - PreSaveFile = new java.io.File(((pathPrefix + java.lang.Integer.toString(counter)) + .png)): null

2018-12-14 02:12:06 - [TEST_STEP][PASSED] - Statement - counter = counter + 1: null

2018-12-14 02:12:06 - [TEST_STEP][PASSED] - Statement - PreSaveFile = new java.io.File(((pathPrefix + java.lang.Integer.toString(counter)) + .png)): null

2018-12-14 02:12:06 - [TEST_STEP][PASSED] - Statement - counter = counter + 1: null

2018-12-14 02:12:06 - [TEST_STEP][PASSED] - Statement - PreSaveFile = new java.io.File(((pathPrefix + java.lang.Integer.toString(counter)) + .png)): null

2018-12-14 02:12:06 - [TEST_STEP][PASSED] - Statement - counter = counter + 1: null

2018-12-14 02:12:06 - [TEST_STEP][PASSED] - Statement - PreSaveFile = new java.io.File(((pathPrefix + java.lang.Integer.toString(counter)) + .png)): null

2018-12-14 02:12:06 - [TEST_STEP][PASSED] - Statement - counter = counter + 1: null

2018-12-14 02:12:06 - [TEST_STEP][PASSED] - Statement - PreSaveFile = new java.io.File(((pathPrefix + java.lang.Integer.toString(counter)) + .png)): null

2018-12-14 02:12:06 - [TEST_STEP][PASSED] - Statement - counter = counter + 1: null

2018-12-14 02:12:06 - [TEST_STEP][PASSED] - Statement - PreSaveFile = new java.io.File(((pathPrefix + java.lang.Integer.toString(counter)) + .png)): null

2018-12-14 02:12:06 - [TEST_STEP][PASSED] - Statement - counter = counter + 1: null

2018-12-14 02:12:06 - [TEST_STEP][PASSED] - Statement - PreSaveFile = new java.io.File(((pathPrefix + java.lang.Integer.toString(counter)) + .png)): null

2018-12-14 02:12:06 - [TEST_STEP][PASSED] - Statement - counter = counter + 1: null

2018-12-14 02:12:06 - [TEST_STEP][PASSED] - Statement - PreSaveFile = new java.io.File(((pathPrefix + java.lang.Integer.toString(counter)) + .png)): null

2018-12-14 02:12:06 - [TEST_STEP][PASSED] - Statement - counter = counter + 1: null

2018-12-14 02:12:06 - [TEST_STEP][PASSED] - Statement - PreSaveFile = new java.io.File(((pathPrefix + java.lang.Integer.toString(counter)) + .png)): null

2018-12-14 02:12:06 - [TEST_STEP][PASSED] - Statement - counter = counter + 1: null

2018-12-14 02:12:06 - [TEST_STEP][PASSED] - Statement - PreSaveFile = new java.io.File(((pathPrefix + java.lang.Integer.toString(counter)) + .png)): null

2018-12-14 02:12:06 - [TEST_STEP][PASSED] - Statement - counter = counter + 1: null

2018-12-14 02:12:06 - [TEST_STEP][PASSED] - Statement - PreSaveFile = new java.io.File(((pathPrefix + java.lang.Integer.toString(counter)) + .png)): null

2018-12-14 02:12:06 - [TEST_STEP][PASSED] - Statement - counter = counter + 1: null

2018-12-14 02:12:06 - [TEST_STEP][PASSED] - Statement - PreSaveFile = new java.io.File(((pathPrefix + java.lang.Integer.toString(counter)) + .png)): null

2018-12-14 02:12:06 - [TEST_STEP][PASSED] - Statement - counter = counter + 1: null

2018-12-14 02:12:06 - [TEST_STEP][PASSED] - Statement - PreSaveFile = new java.io.File(((pathPrefix + java.lang.Integer.toString(counter)) + .png)): null

2018-12-14 02:12:06 - [TEST_STEP][PASSED] - Statement - counter = counter + 1: null

2018-12-14 02:12:06 - [TEST_STEP][PASSED] - Statement - PreSaveFile = new java.io.File(((pathPrefix + java.lang.Integer.toString(counter)) + .png)): null

2018-12-14 02:12:06 - [TEST_STEP][PASSED] - Statement - counter = counter + 1: null

2018-12-14 02:12:06 - [TEST_STEP][PASSED] - Statement - PreSaveFile = new java.io.File(((pathPrefix + java.lang.Integer.toString(counter)) + .png)): null

2018-12-14 02:12:06 - [TEST_STEP][PASSED] - Statement - counter = counter + 1: null

2018-12-14 02:12:06 - [TEST_STEP][PASSED] - Statement - PreSaveFile = new java.io.File(((pathPrefix + java.lang.Integer.toString(counter)) + .png)): null

2018-12-14 02:12:06 - [TEST_STEP][PASSED] - Statement - counter = counter + 1: null

2018-12-14 02:12:06 - [TEST_STEP][PASSED] - Statement - PreSaveFile = new java.io.File(((pathPrefix + java.lang.Integer.toString(counter)) + .png)): null

2018-12-14 02:12:06 - [TEST_STEP][PASSED] - Statement - counter = counter + 1: null

2018-12-14 02:12:06 - [TEST_STEP][PASSED] - Statement - PreSaveFile = new java.io.File(((pathPrefix + java.lang.Integer.toString(counter)) + .png)): null

2018-12-14 02:12:06 - [TEST_STEP][PASSED] - Statement - counter = counter + 1: null

2018-12-14 02:12:06 - [TEST_STEP][PASSED] - Statement - PreSaveFile = new java.io.File(((pathPrefix + java.lang.Integer.toString(counter)) + .png)): null

2018-12-14 02:12:06 - [TEST_STEP][PASSED] - Statement - counter = counter + 1: null

2018-12-14 02:12:06 - [TEST_STEP][PASSED] - Statement - PreSaveFile = new java.io.File(((pathPrefix + java.lang.Integer.toString(counter)) + .png)): null

2018-12-14 02:12:06 - [TEST_STEP][PASSED] - Statement - counter = counter + 1: null

2018-12-14 02:12:06 - [TEST_STEP][PASSED] - Statement - PreSaveFile = new java.io.File(((pathPrefix + java.lang.Integer.toString(counter)) + .png)): null

2018-12-14 02:12:06 - [TEST_STEP][PASSED] - Statement - counter = counter + 1: null

2018-12-14 02:12:06 - [TEST_STEP][PASSED] - Statement - PreSaveFile = new java.io.File(((pathPrefix + java.lang.Integer.toString(counter)) + .png)): null

2018-12-14 02:12:06 - [TEST_STEP][PASSED] - Statement - counter = counter + 1: null

2018-12-14 02:12:06 - [TEST_STEP][PASSED] - Statement - PreSaveFile = new java.io.File(((pathPrefix + java.lang.Integer.toString(counter)) + .png)): null

2018-12-14 02:12:06 - [TEST_STEP][PASSED] - Statement - counter = counter + 1: null

2018-12-14 02:12:06 - [TEST_STEP][PASSED] - Statement - PreSaveFile = new java.io.File(((pathPrefix + java.lang.Integer.toString(counter)) + .png)): null

2018-12-14 02:12:06 - [TEST_STEP][PASSED] - Statement - counter = counter + 1: null

2018-12-14 02:12:06 - [TEST_STEP][PASSED] - Statement - PreSaveFile = new java.io.File(((pathPrefix + java.lang.Integer.toString(counter)) + .png)): null

2018-12-14 02:12:06 - [TEST_STEP][PASSED] - Statement - counter = counter + 1: null

2018-12-14 02:12:06 - [TEST_STEP][PASSED] - Statement - PreSaveFile = new java.io.File(((pathPrefix + java.lang.Integer.toString(counter)) + .png)): null

2018-12-14 02:12:06 - [TEST_STEP][PASSED] - Statement - counter = counter + 1: null

2018-12-14 02:12:06 - [TEST_STEP][PASSED] - Statement - PreSaveFile = new java.io.File(((pathPrefix + java.lang.Integer.toString(counter)) + .png)): null

2018-12-14 02:12:06 - [TEST_STEP][PASSED] - Statement - counter = counter + 1: null

2018-12-14 02:12:06 - [TEST_STEP][PASSED] - Statement - PreSaveFile = new java.io.File(((pathPrefix + java.lang.Integer.toString(counter)) + .png)): null

2018-12-14 02:12:06 - [TEST_STEP][PASSED] - Statement - counter = counter + 1: null

2018-12-14 02:12:06 - [TEST_STEP][PASSED] - Statement - PreSaveFile = new java.io.File(((pathPrefix + java.lang.Integer.toString(counter)) + .png)): null

2018-12-14 02:12:06 - [TEST_STEP][PASSED] - Statement - counter = counter + 1: null

2018-12-14 02:12:06 - [TEST_STEP][PASSED] - Statement - PreSaveFile = new java.io.File(((pathPrefix + java.lang.Integer.toString(counter)) + .png)): null

2018-12-14 02:12:06 - [TEST_STEP][PASSED] - Statement - counter = counter + 1: null

2018-12-14 02:12:06 - [TEST_STEP][PASSED] - Statement - PreSaveFile = new java.io.File(((pathPrefix + java.lang.Integer.toString(counter)) + .png)): null

2018-12-14 02:12:06 - [TEST_STEP][PASSED] - Statement - counter = counter + 1: null

2018-12-14 02:12:06 - [TEST_STEP][PASSED] - Statement - PreSaveFile = new java.io.File(((pathPrefix + java.lang.Integer.toString(counter)) + .png)): null

2018-12-14 02:12:06 - [TEST_STEP][PASSED] - Statement - counter = counter + 1: null

2018-12-14 02:12:06 - [TEST_STEP][PASSED] - Statement - PreSaveFile = new java.io.File(((pathPrefix + java.lang.Integer.toString(counter)) + .png)): null

2018-12-14 02:12:06 - [TEST_STEP][PASSED] - Statement - counter = counter + 1: null

2018-12-14 02:12:06 - [TEST_STEP][PASSED] - Statement - PreSaveFile = new java.io.File(((pathPrefix + java.lang.Integer.toString(counter)) + .png)): null

2018-12-14 02:12:06 - [TEST_STEP][PASSED] - Statement - counter = counter + 1: null

2018-12-14 02:12:06 - [TEST_STEP][PASSED] - Statement - PreSaveFile = new java.io.File(((pathPrefix + java.lang.Integer.toString(counter)) + .png)): null

2018-12-14 02:12:06 - [TEST_STEP][PASSED] - Statement - counter = counter + 1: null

2018-12-14 02:12:06 - [TEST_STEP][PASSED] - Statement - PreSaveFile = new java.io.File(((pathPrefix + java.lang.Integer.toString(counter)) + .png)): null

2018-12-14 02:12:06 - [TEST_STEP][PASSED] - Statement - counter = counter + 1: null

2018-12-14 02:12:06 - [TEST_STEP][PASSED] - Statement - PreSaveFile = new java.io.File(((pathPrefix + java.lang.Integer.toString(counter)) + .png)): null

2018-12-14 02:12:06 - [TEST_STEP][PASSED] - Statement - counter = counter + 1: null

2018-12-14 02:12:06 - [TEST_STEP][PASSED] - Statement - PreSaveFile = new java.io.File(((pathPrefix + java.lang.Integer.toString(counter)) + .png)): null

2018-12-14 02:12:06 - [TEST_STEP][PASSED] - Statement - counter = counter + 1: null

2018-12-14 02:12:06 - [TEST_STEP][PASSED] - Statement - PreSaveFile = new java.io.File(((pathPrefix + java.lang.Integer.toString(counter)) + .png)): null

2018-12-14 02:12:06 - [TEST_STEP][PASSED] - Statement - counter = counter + 1: null

2018-12-14 02:12:06 - [TEST_STEP][PASSED] - Statement - PreSaveFile = new java.io.File(((pathPrefix + java.lang.Integer.toString(counter)) + .png)): null

2018-12-14 02:12:06 - [TEST_STEP][PASSED] - Statement - counter = counter + 1: null

2018-12-14 02:12:06 - [TEST_STEP][PASSED] - Statement - PreSaveFile = new java.io.File(((pathPrefix + java.lang.Integer.toString(counter)) + .png)): null

2018-12-14 02:12:06 - [TEST_STEP][PASSED] - Statement - counter = counter + 1: null

2018-12-14 02:12:06 - [TEST_STEP][PASSED] - Statement - PreSaveFile = new java.io.File(((pathPrefix + java.lang.Integer.toString(counter)) + .png)): null

2018-12-14 02:12:06 - [TEST_STEP][PASSED] - Statement - counter = counter + 1: null

2018-12-14 02:12:06 - [TEST_STEP][PASSED] - Statement - PreSaveFile = new java.io.File(((pathPrefix + java.lang.Integer.toString(counter)) + .png)): null

2018-12-14 02:12:06 - [TEST_STEP][PASSED] - Statement - counter = counter + 1: null

2018-12-14 02:12:06 - [TEST_STEP][PASSED] - Statement - PreSaveFile = new java.io.File(((pathPrefix + java.lang.Integer.toString(counter)) + .png)): null

2018-12-14 02:12:06 - [TEST_STEP][PASSED] - Statement - counter = counter + 1: null

2018-12-14 02:12:06 - [TEST_STEP][PASSED] - Statement - PreSaveFile = new java.io.File(((pathPrefix + java.lang.Integer.toString(counter)) + .png)): null

2018-12-14 02:12:06 - [TEST_STEP][PASSED] - Statement - counter = counter + 1: null

2018-12-14 02:12:06 - [TEST_STEP][PASSED] - Statement - PreSaveFile = new java.io.File(((pathPrefix + java.lang.Integer.toString(counter)) + .png)): null

2018-12-14 02:12:06 - [TEST_STEP][PASSED] - Statement - counter = counter + 1: null

2018-12-14 02:12:06 - [TEST_STEP][PASSED] - Statement - PreSaveFile = new java.io.File(((pathPrefix + java.lang.Integer.toString(counter)) + .png)): null

2018-12-14 02:12:06 - [TEST_STEP][PASSED] - Statement - counter = counter + 1: null

2018-12-14 02:12:06 - [TEST_STEP][PASSED] - Statement - PreSaveFile = new java.io.File(((pathPrefix + java.lang.Integer.toString(counter)) + .png)): null

2018-12-14 02:12:06 - [TEST_STEP][PASSED] - Statement - counter = counter + 1: null

2018-12-14 02:12:06 - [TEST_STEP][PASSED] - Statement - PreSaveFile = new java.io.File(((pathPrefix + java.lang.Integer.toString(counter)) + .png)): null

2018-12-14 02:12:06 - [TEST_STEP][PASSED] - Statement - counter = counter + 1: null

2018-12-14 02:12:06 - [TEST_STEP][PASSED] - Statement - PreSaveFile = new java.io.File(((pathPrefix + java.lang.Integer.toString(counter)) + .png)): null

2018-12-14 02:12:06 - [TEST_STEP][PASSED] - Statement - counter = counter + 1: null

2018-12-14 02:12:06 - [TEST_STEP][PASSED] - Statement - PreSaveFile = new java.io.File(((pathPrefix + java.lang.Integer.toString(counter)) + .png)): null

2018-12-14 02:12:06 - [TEST_STEP][PASSED] - Statement - counter = counter + 1: null

2018-12-14 02:12:06 - [TEST_STEP][PASSED] - Statement - PreSaveFile = new java.io.File(((pathPrefix + java.lang.Integer.toString(counter)) + .png)): null

2018-12-14 02:12:06 - [TEST_STEP][PASSED] - Statement - counter = counter + 1: null

2018-12-14 02:12:06 - [TEST_STEP][PASSED] - Statement - PreSaveFile = new java.io.File(((pathPrefix + java.lang.Integer.toString(counter)) + .png)): null

2018-12-14 02:12:06 - [TEST_STEP][PASSED] - Statement - counter = counter + 1: null

2018-12-14 02:12:06 - [TEST_STEP][PASSED] - Statement - PreSaveFile = new java.io.File(((pathPrefix + java.lang.Integer.toString(counter)) + .png)): null

2018-12-14 02:12:06 - [TEST_STEP][PASSED] - Statement - counter = counter + 1: null

2018-12-14 02:12:06 - [TEST_STEP][PASSED] - Statement - PreSaveFile = new java.io.File(((pathPrefix + java.lang.Integer.toString(counter)) + .png)): null

2018-12-14 02:12:06 - [TEST_STEP][PASSED] - Statement - counter = counter + 1: null

2018-12-14 02:12:06 - [TEST_STEP][PASSED] - Statement - PreSaveFile = new java.io.File(((pathPrefix + java.lang.Integer.toString(counter)) + .png)): null

2018-12-14 02:12:06 - [TEST_STEP][PASSED] - Statement - counter = counter + 1: null

2018-12-14 02:12:06 - [TEST_STEP][PASSED] - Statement - PreSaveFile = new java.io.File(((pathPrefix + java.lang.Integer.toString(counter)) + .png)): null

2018-12-14 02:12:06 - [TEST_STEP][PASSED] - Statement - counter = counter + 1: null

2018-12-14 02:12:06 - [TEST_STEP][PASSED] - Statement - PreSaveFile = new java.io.File(((pathPrefix + java.lang.Integer.toString(counter)) + .png)): null

2018-12-14 02:12:06 - [TEST_STEP][PASSED] - Statement - counter = counter + 1: null

2018-12-14 02:12:06 - [TEST_STEP][PASSED] - Statement - PreSaveFile = new java.io.File(((pathPrefix + java.lang.Integer.toString(counter)) + .png)): null

2018-12-14 02:12:06 - [TEST_STEP][PASSED] - Statement - counter = counter + 1: null

2018-12-14 02:12:06 - [TEST_STEP][PASSED] - Statement - PreSaveFile = new java.io.File(((pathPrefix + java.lang.Integer.toString(counter)) + .png)): null

2018-12-14 02:12:06 - [TEST_STEP][PASSED] - Statement - counter = counter + 1: null

2018-12-14 02:12:06 - [TEST_STEP][PASSED] - Statement - PreSaveFile = new java.io.File(((pathPrefix + java.lang.Integer.toString(counter)) + .png)): null

2018-12-14 02:12:06 - [TEST_STEP][PASSED] - Statement - counter = counter + 1: null

2018-12-14 02:12:06 - [TEST_STEP][PASSED] - Statement - PreSaveFile = new java.io.File(((pathPrefix + java.lang.Integer.toString(counter)) + .png)): null

2018-12-14 02:12:06 - [TEST_STEP][PASSED] - Statement - counter = counter + 1: null

2018-12-14 02:12:06 - [TEST_STEP][PASSED] - Statement - PreSaveFile = new java.io.File(((pathPrefix + java.lang.Integer.toString(counter)) + .png)): null

2018-12-14 02:12:06 - [TEST_STEP][PASSED] - Statement - counter = counter + 1: null

2018-12-14 02:12:06 - [TEST_STEP][PASSED] - Statement - PreSaveFile = new java.io.File(((pathPrefix + java.lang.Integer.toString(counter)) + .png)): null

2018-12-14 02:12:06 - [TEST_STEP][PASSED] - Statement - counter = counter + 1: null

2018-12-14 02:12:06 - [TEST_STEP][PASSED] - Statement - PreSaveFile = new java.io.File(((pathPrefix + java.lang.Integer.toString(counter)) + .png)): null

2018-12-14 02:12:06 - [TEST_STEP][PASSED] - Statement - counter = counter + 1: null

2018-12-14 02:12:06 - [TEST_STEP][PASSED] - Statement - PreSaveFile = new java.io.File(((pathPrefix + java.lang.Integer.toString(counter)) + .png)): null

2018-12-14 02:12:06 - [TEST_STEP][PASSED] - Statement - counter = counter + 1: null

2018-12-14 02:12:06 - [TEST_STEP][PASSED] - Statement - PreSaveFile = new java.io.File(((pathPrefix + java.lang.Integer.toString(counter)) + .png)): null

2018-12-14 02:12:06 - [TEST_STEP][PASSED] - Statement - counter = counter + 1: null

2018-12-14 02:12:06 - [TEST_STEP][PASSED] - Statement - PreSaveFile = new java.io.File(((pathPrefix + java.lang.Integer.toString(counter)) + .png)): null

2018-12-14 02:12:06 - [TEST_STEP][PASSED] - Statement - counter = counter + 1: null

2018-12-14 02:12:06 - [TEST_STEP][PASSED] - Statement - PreSaveFile = new java.io.File(((pathPrefix + java.lang.Integer.toString(counter)) + .png)): null

2018-12-14 02:12:06 - [TEST_STEP][PASSED] - Statement - counter = counter + 1: null

2018-12-14 02:12:06 - [TEST_STEP][PASSED] - Statement - PreSaveFile = new java.io.File(((pathPrefix + java.lang.Integer.toString(counter)) + .png)): null

2018-12-14 02:12:06 - [TEST_STEP][PASSED] - Statement - counter = counter + 1: null

2018-12-14 02:12:06 - [TEST_STEP][PASSED] - Statement - PreSaveFile = new java.io.File(((pathPrefix + java.lang.Integer.toString(counter)) + .png)): null

2018-12-14 02:12:06 - [TEST_STEP][PASSED] - Statement - counter = counter + 1: null

2018-12-14 02:12:06 - [TEST_STEP][PASSED] - Statement - PreSaveFile = new java.io.File(((pathPrefix + java.lang.Integer.toString(counter)) + .png)): null

2018-12-14 02:12:06 - [TEST_STEP][PASSED] - Statement - counter = counter + 1: null

2018-12-14 02:12:06 - [TEST_STEP][PASSED] - Statement - PreSaveFile = new java.io.File(((pathPrefix + java.lang.Integer.toString(counter)) + .png)): null

2018-12-14 02:12:06 - [TEST_STEP][PASSED] - Statement - counter = counter + 1: null

2018-12-14 02:12:06 - [TEST_STEP][PASSED] - Statement - PreSaveFile = new java.io.File(((pathPrefix + java.lang.Integer.toString(counter)) + .png)): null

2018-12-14 02:12:06 - [TEST_STEP][PASSED] - Statement - counter = counter + 1: null

2018-12-14 02:12:06 - [TEST_STEP][PASSED] - Statement - PreSaveFile = new java.io.File(((pathPrefix + java.lang.Integer.toString(counter)) + .png)): null

2018-12-14 02:12:06 - [TEST_STEP][PASSED] - Statement - counter = counter + 1: null

2018-12-14 02:12:06 - [TEST_STEP][PASSED] - Statement - PreSaveFile = new java.io.File(((pathPrefix + java.lang.Integer.toString(counter)) + .png)): null

2018-12-14 02:12:06 - [TEST_STEP][PASSED] - Statement - counter = counter + 1: null

2018-12-14 02:12:06 - [TEST_STEP][PASSED] - Statement - PreSaveFile = new java.io.File(((pathPrefix + java.lang.Integer.toString(counter)) + .png)): null

2018-12-14 02:12:06 - [TEST_STEP][PASSED] - Statement - counter = counter + 1: null

2018-12-14 02:12:06 - [TEST_STEP][PASSED] - Statement - PreSaveFile = new java.io.File(((pathPrefix + java.lang.Integer.toString(counter)) + .png)): null

2018-12-14 02:12:06 - [TEST_STEP][PASSED] - Statement - counter = counter + 1: null

2018-12-14 02:12:06 - [TEST_STEP][PASSED] - Statement - PreSaveFile = new java.io.File(((pathPrefix + java.lang.Integer.toString(counter)) + .png)): null

2018-12-14 02:12:06 - [TEST_STEP][PASSED] - Statement - counter = counter + 1: null

2018-12-14 02:12:06 - [TEST_STEP][PASSED] - Statement - PreSaveFile = new java.io.File(((pathPrefix + java.lang.Integer.toString(counter)) + .png)): null

2018-12-14 02:12:06 - [TEST_STEP][PASSED] - Statement - counter = counter + 1: null

2018-12-14 02:12:06 - [TEST_STEP][PASSED] - Statement - PreSaveFile = new java.io.File(((pathPrefix + java.lang.Integer.toString(counter)) + .png)): null

2018-12-14 02:12:06 - [TEST_STEP][PASSED] - Statement - counter = counter + 1: null

2018-12-14 02:12:06 - [TEST_STEP][PASSED] - Statement - PreSaveFile = new java.io.File(((pathPrefix + java.lang.Integer.toString(counter)) + .png)): null

2018-12-14 02:12:06 - [TEST_STEP][PASSED] - Statement - counter = counter + 1: null

2018-12-14 02:12:06 - [TEST_STEP][PASSED] - Statement - PreSaveFile = new java.io.File(((pathPrefix + java.lang.Integer.toString(counter)) + .png)): null

2018-12-14 02:12:06 - [TEST_STEP][PASSED] - Statement - counter = counter + 1: null

2018-12-14 02:12:06 - [TEST_STEP][PASSED] - Statement - PreSaveFile = new java.io.File(((pathPrefix + java.lang.Integer.toString(counter)) + .png)): null

2018-12-14 02:12:06 - [TEST_STEP][PASSED] - Statement - counter = counter + 1: null

2018-12-14 02:12:06 - [TEST_STEP][PASSED] - Statement - PreSaveFile = new java.io.File(((pathPrefix + java.lang.Integer.toString(counter)) + .png)): null

2018-12-14 02:12:06 - [TEST_STEP][PASSED] - Statement - counter = counter + 1: null

2018-12-14 02:12:06 - [TEST_STEP][PASSED] - Statement - PreSaveFile = new java.io.File(((pathPrefix + java.lang.Integer.toString(counter)) + .png)): null

2018-12-14 02:12:06 - [TEST_STEP][PASSED] - Statement - counter = counter + 1: null

2018-12-14 02:12:06 - [TEST_STEP][PASSED] - Statement - PreSaveFile = new java.io.File(((pathPrefix + java.lang.Integer.toString(counter)) + .png)): null

2018-12-14 02:12:06 - [TEST_STEP][PASSED] - Statement - counter = counter + 1: null

2018-12-14 02:12:06 - [TEST_STEP][PASSED] - Statement - PreSaveFile = new java.io.File(((pathPrefix + java.lang.Integer.toString(counter)) + .png)): null

2018-12-14 02:12:06 - [TEST_STEP][PASSED] - Statement - counter = counter + 1: null

2018-12-14 02:12:06 - [TEST_STEP][PASSED] - Statement - PreSaveFile = new java.io.File(((pathPrefix + java.lang.Integer.toString(counter)) + .png)): null

2018-12-14 02:12:06 - [TEST_STEP][PASSED] - Statement - counter = counter + 1: null

2018-12-14 02:12:06 - [TEST_STEP][PASSED] - Statement - PreSaveFile = new java.io.File(((pathPrefix + java.lang.Integer.toString(counter)) + .png)): null

2018-12-14 02:12:06 - [TEST_STEP][PASSED] - Statement - counter = counter + 1: null

2018-12-14 02:12:06 - [TEST_STEP][PASSED] - Statement - PreSaveFile = new java.io.File(((pathPrefix + java.lang.Integer.toString(counter)) + .png)): null

2018-12-14 02:12:06 - [TEST_STEP][PASSED] - Statement - counter = counter + 1: null

2018-12-14 02:12:06 - [TEST_STEP][PASSED] - Statement - PreSaveFile = new java.io.File(((pathPrefix + java.lang.Integer.toString(counter)) + .png)): null

2018-12-14 02:12:06 - [TEST_STEP][PASSED] - Statement - counter = counter + 1: null

2018-12-14 02:12:06 - [TEST_STEP][PASSED] - Statement - PreSaveFile = new java.io.File(((pathPrefix + java.lang.Integer.toString(counter)) + .png)): null

2018-12-14 02:12:06 - [TEST_STEP][PASSED] - Statement - counter = counter + 1: null

2018-12-14 02:12:06 - [TEST_STEP][PASSED] - Statement - PreSaveFile = new java.io.File(((pathPrefix + java.lang.Integer.toString(counter)) + .png)): null

2018-12-14 02:12:06 - [TEST_STEP][PASSED] - Statement - counter = counter + 1: null

2018-12-14 02:12:06 - [TEST_STEP][PASSED] - Statement - PreSaveFile = new java.io.File(((pathPrefix + java.lang.Integer.toString(counter)) + .png)): null

2018-12-14 02:12:06 - [TEST_STEP][PASSED] - Statement - counter = counter + 1: null

2018-12-14 02:12:06 - [TEST_STEP][PASSED] - Statement - PreSaveFile = new java.io.File(((pathPrefix + java.lang.Integer.toString(counter)) + .png)): null

2018-12-14 02:12:06 - [TEST_STEP][PASSED] - Statement - counter = counter + 1: null

2018-12-14 02:12:06 - [TEST_STEP][PASSED] - Statement - PreSaveFile = new java.io.File(((pathPrefix + java.lang.Integer.toString(counter)) + .png)): null

2018-12-14 02:12:06 - [TEST_STEP][PASSED] - Statement - counter = counter + 1: null

2018-12-14 02:12:06 - [TEST_STEP][PASSED] - Statement - PreSaveFile = new java.io.File(((pathPrefix + java.lang.Integer.toString(counter)) + .png)): null

2018-12-14 02:12:06 - [TEST_STEP][PASSED] - Statement - counter = counter + 1: null

2018-12-14 02:12:06 - [TEST_STEP][PASSED] - Statement - PreSaveFile = new java.io.File(((pathPrefix + java.lang.Integer.toString(counter)) + .png)): null

2018-12-14 02:12:06 - [TEST_STEP][PASSED] - Statement - counter = counter + 1: null

2018-12-14 02:12:06 - [TEST_STEP][PASSED] - Statement - PreSaveFile = new java.io.File(((pathPrefix + java.lang.Integer.toString(counter)) + .png)): null

2018-12-14 02:12:06 - [TEST_STEP][PASSED] - Statement - counter = counter + 1: null

2018-12-14 02:12:06 - [TEST_STEP][PASSED] - Statement - PreSaveFile = new java.io.File(((pathPrefix + java.lang.Integer.toString(counter)) + .png)): null

2018-12-14 02:12:06 - [TEST_STEP][PASSED] - Statement - counter = counter + 1: null

2018-12-14 02:12:06 - [TEST_STEP][PASSED] - Statement - PreSaveFile = new java.io.File(((pathPrefix + java.lang.Integer.toString(counter)) + .png)): null

2018-12-14 02:12:06 - [TEST_STEP][PASSED] - Statement - counter = counter + 1: null

2018-12-14 02:12:06 - [TEST_STEP][PASSED] - Statement - PreSaveFile = new java.io.File(((pathPrefix + java.lang.Integer.toString(counter)) + .png)): null

2018-12-14 02:12:06 - [TEST_STEP][PASSED] - Statement - counter = counter + 1: null

2018-12-14 02:12:06 - [TEST_STEP][PASSED] - Statement - PreSaveFile = new java.io.File(((pathPrefix + java.lang.Integer.toString(counter)) + .png)): null

2018-12-14 02:12:06 - [TEST_STEP][PASSED] - Statement - counter = counter + 1: null

2018-12-14 02:12:06 - [TEST_STEP][PASSED] - Statement - PreSaveFile = new java.io.File(((pathPrefix + java.lang.Integer.toString(counter)) + .png)): null

2018-12-14 02:12:06 - [TEST_STEP][PASSED] - Statement - counter = counter + 1: null

2018-12-14 02:12:06 - [TEST_STEP][PASSED] - Statement - PreSaveFile = new java.io.File(((pathPrefix + java.lang.Integer.toString(counter)) + .png)): null

2018-12-14 02:12:06 - [TEST_STEP][PASSED] - Statement - counter = counter + 1: null

2018-12-14 02:12:06 - [TEST_STEP][PASSED] - Statement - PreSaveFile = new java.io.File(((pathPrefix + java.lang.Integer.toString(counter)) + .png)): null

2018-12-14 02:12:06 - [TEST_STEP][PASSED] - Statement - counter = counter + 1: null

2018-12-14 02:12:06 - [TEST_STEP][PASSED] - Statement - PreSaveFile = new java.io.File(((pathPrefix + java.lang.Integer.toString(counter)) + .png)): null

2018-12-14 02:12:06 - [TEST_STEP][PASSED] - Statement - counter = counter + 1: null

2018-12-14 02:12:06 - [TEST_STEP][PASSED] - Statement - PreSaveFile = new java.io.File(((pathPrefix + java.lang.Integer.toString(counter)) + .png)): null

2018-12-14 02:12:06 - [TEST_STEP][PASSED] - Statement - counter = counter + 1: null

2018-12-14 02:12:06 - [TEST_STEP][PASSED] - Statement - PreSaveFile = new java.io.File(((pathPrefix + java.lang.Integer.toString(counter)) + .png)): null

2018-12-14 02:12:06 - [TEST_STEP][PASSED] - Statement - counter = counter + 1: null

2018-12-14 02:12:06 - [TEST_STEP][PASSED] - Statement - PreSaveFile = new java.io.File(((pathPrefix + java.lang.Integer.toString(counter)) + .png)): null

2018-12-14 02:12:06 - [TEST_STEP][PASSED] - Statement - counter = counter + 1: null

2018-12-14 02:12:06 - [TEST_STEP][PASSED] - Statement - PreSaveFile = new java.io.File(((pathPrefix + java.lang.Integer.toString(counter)) + .png)): null

2018-12-14 02:12:06 - [TEST_STEP][PASSED] - Statement - counter = counter + 1: null

2018-12-14 02:12:06 - [TEST_STEP][PASSED] - Statement - PreSaveFile = new java.io.File(((pathPrefix + java.lang.Integer.toString(counter)) + .png)): null

2018-12-14 02:12:06 - [TEST_STEP][PASSED] - Statement - counter = counter + 1: null

2018-12-14 02:12:06 - [TEST_STEP][PASSED] - Statement - PreSaveFile = new java.io.File(((pathPrefix + java.lang.Integer.toString(counter)) + .png)): null

2018-12-14 02:12:06 - [TEST_STEP][PASSED] - Statement - counter = counter + 1: null

2018-12-14 02:12:06 - [TEST_STEP][PASSED] - Statement - PreSaveFile = new java.io.File(((pathPrefix + java.lang.Integer.toString(counter)) + .png)): null

2018-12-14 02:12:06 - [TEST_STEP][PASSED] - Statement - counter = counter + 1: null

2018-12-14 02:12:06 - [TEST_STEP][PASSED] - Statement - PreSaveFile = new java.io.File(((pathPrefix + java.lang.Integer.toString(counter)) + .png)): null

2018-12-14 02:12:06 - [TEST_STEP][PASSED] - Statement - counter = counter + 1: null

2018-12-14 02:12:06 - [TEST_STEP][PASSED] - Statement - PreSaveFile = new java.io.File(((pathPrefix + java.lang.Integer.toString(counter)) + .png)): null

2018-12-14 02:12:06 - [TEST_STEP][PASSED] - Statement - counter = counter + 1: null

2018-12-14 02:12:06 - [TEST_STEP][PASSED] - Statement - PreSaveFile = new java.io.File(((pathPrefix + java.lang.Integer.toString(counter)) + .png)): null

2018-12-14 02:12:06 - [TEST_STEP][PASSED] - Statement - counter = counter + 1: null

2018-12-14 02:12:06 - [TEST_STEP][PASSED] - Statement - PreSaveFile = new java.io.File(((pathPrefix + java.lang.Integer.toString(counter)) + .png)): null

2018-12-14 02:12:06 - [TEST_STEP][PASSED] - Statement - counter = counter + 1: null

2018-12-14 02:12:06 - [TEST_STEP][PASSED] - Statement - PreSaveFile = new java.io.File(((pathPrefix + java.lang.Integer.toString(counter)) + .png)): null

2018-12-14 02:12:06 - [TEST_STEP][PASSED] - Statement - counter = counter + 1: null

2018-12-14 02:12:06 - [TEST_STEP][PASSED] - Statement - PreSaveFile = new java.io.File(((pathPrefix + java.lang.Integer.toString(counter)) + .png)): null

2018-12-14 02:12:06 - [TEST_STEP][PASSED] - Statement - counter = counter + 1: null

2018-12-14 02:12:06 - [TEST_STEP][PASSED] - Statement - PreSaveFile = new java.io.File(((pathPrefix + java.lang.Integer.toString(counter)) + .png)): null

2018-12-14 02:12:06 - [TEST_STEP][PASSED] - Statement - counter = counter + 1: null

2018-12-14 02:12:06 - [TEST_STEP][PASSED] - Statement - PreSaveFile = new java.io.File(((pathPrefix + java.lang.Integer.toString(counter)) + .png)): null

2018-12-14 02:12:06 - [TEST_STEP][PASSED] - Statement - counter = counter + 1: null

2018-12-14 02:12:06 - [TEST_STEP][PASSED] - Statement - PreSaveFile = new java.io.File(((pathPrefix + java.lang.Integer.toString(counter)) + .png)): null

2018-12-14 02:12:06 - [TEST_STEP][PASSED] - Statement - counter = counter + 1: null

2018-12-14 02:12:06 - [TEST_STEP][PASSED] - Statement - PreSaveFile = new java.io.File(((pathPrefix + java.lang.Integer.toString(counter)) + .png)): null

2018-12-14 02:12:06 - [TEST_STEP][PASSED] - Statement - counter = counter + 1: null

2018-12-14 02:12:06 - [TEST_STEP][PASSED] - Statement - PreSaveFile = new java.io.File(((pathPrefix + java.lang.Integer.toString(counter)) + .png)): null

2018-12-14 02:12:06 - [TEST_STEP][PASSED] - Statement - counter = counter + 1: null

2018-12-14 02:12:06 - [TEST_STEP][PASSED] - Statement - PreSaveFile = new java.io.File(((pathPrefix + java.lang.Integer.toString(counter)) + .png)): null

2018-12-14 02:12:06 - [TEST_STEP][PASSED] - Statement - counter = counter + 1: null

2018-12-14 02:12:06 - [TEST_STEP][PASSED] - Statement - PreSaveFile = new java.io.File(((pathPrefix + java.lang.Integer.toString(counter)) + .png)): null

2018-12-14 02:12:06 - [TEST_STEP][PASSED] - Statement - counter = counter + 1: null

2018-12-14 02:12:06 - [TEST_STEP][PASSED] - Statement - PreSaveFile = new java.io.File(((pathPrefix + java.lang.Integer.toString(counter)) + .png)): null

2018-12-14 02:12:06 - [TEST_STEP][PASSED] - Statement - counter = counter + 1: null

2018-12-14 02:12:06 - [TEST_STEP][PASSED] - Statement - PreSaveFile = new java.io.File(((pathPrefix + java.lang.Integer.toString(counter)) + .png)): null

2018-12-14 02:12:06 - [TEST_STEP][PASSED] - Statement - counter = counter + 1: null

2018-12-14 02:12:06 - [TEST_STEP][PASSED] - Statement - PreSaveFile = new java.io.File(((pathPrefix + java.lang.Integer.toString(counter)) + .png)): null

2018-12-14 02:12:06 - [TEST_STEP][PASSED] - Statement - counter = counter + 1: null

2018-12-14 02:12:06 - [TEST_STEP][PASSED] - Statement - PreSaveFile = new java.io.File(((pathPrefix + java.lang.Integer.toString(counter)) + .png)): null

2018-12-14 02:12:06 - [TEST_STEP][PASSED] - Statement - counter = counter + 1: null

2018-12-14 02:12:06 - [TEST_STEP][PASSED] - Statement - PreSaveFile = new java.io.File(((pathPrefix + java.lang.Integer.toString(counter)) + .png)): null

2018-12-14 02:12:06 - [TEST_STEP][PASSED] - Statement - counter = counter + 1: null

2018-12-14 02:12:06 - [TEST_STEP][PASSED] - Statement - PreSaveFile = new java.io.File(((pathPrefix + java.lang.Integer.toString(counter)) + .png)): null

2018-12-14 02:12:06 - [TEST_STEP][PASSED] - Statement - counter = counter + 1: null

2018-12-14 02:12:06 - [TEST_STEP][PASSED] - Statement - PreSaveFile = new java.io.File(((pathPrefix + java.lang.Integer.toString(counter)) + .png)): null

2018-12-14 02:12:06 - [TEST_STEP][PASSED] - Statement - counter = counter + 1: null

2018-12-14 02:12:06 - [TEST_STEP][PASSED] - Statement - PreSaveFile = new java.io.File(((pathPrefix + java.lang.Integer.toString(counter)) + .png)): null

2018-12-14 02:12:06 - [TEST_STEP][PASSED] - Statement - counter = counter + 1: null

2018-12-14 02:12:06 - [TEST_STEP][PASSED] - Statement - PreSaveFile = new java.io.File(((pathPrefix + java.lang.Integer.toString(counter)) + .png)): null

2018-12-14 02:12:06 - [TEST_STEP][PASSED] - Statement - counter = counter + 1: null

2018-12-14 02:12:06 - [TEST_STEP][PASSED] - Statement - PreSaveFile = new java.io.File(((pathPrefix + java.lang.Integer.toString(counter)) + .png)): null

2018-12-14 02:12:06 - [TEST_STEP][PASSED] - Statement - counter = counter + 1: null

2018-12-14 02:12:06 - [TEST_STEP][PASSED] - Statement - PreSaveFile = new java.io.File(((pathPrefix + java.lang.Integer.toString(counter)) + .png)): null

2018-12-14 02:12:06 - [TEST_STEP][PASSED] - Statement - counter = counter + 1: null

2018-12-14 02:12:06 - [TEST_STEP][PASSED] - Statement - PreSaveFile = new java.io.File(((pathPrefix + java.lang.Integer.toString(counter)) + .png)): null

2018-12-14 02:12:06 - [TEST_STEP][PASSED] - Statement - counter = counter + 1: null

2018-12-14 02:12:06 - [TEST_STEP][PASSED] - Statement - PreSaveFile = new java.io.File(((pathPrefix + java.lang.Integer.toString(counter)) + .png)): null

2018-12-14 02:12:06 - [TEST_STEP][PASSED] - Statement - counter = counter + 1: null

2018-12-14 02:12:06 - [TEST_STEP][PASSED] - Statement - PreSaveFile = new java.io.File(((pathPrefix + java.lang.Integer.toString(counter)) + .png)): null

2018-12-14 02:12:06 - [TEST_STEP][PASSED] - Statement - counter = counter + 1: null

2018-12-14 02:12:06 - [TEST_STEP][PASSED] - Statement - PreSaveFile = new java.io.File(((pathPrefix + java.lang.Integer.toString(counter)) + .png)): null

2018-12-14 02:12:06 - [TEST_STEP][PASSED] - Statement - counter = counter + 1: null

2018-12-14 02:12:06 - [TEST_STEP][PASSED] - Statement - PreSaveFile = new java.io.File(((pathPrefix + java.lang.Integer.toString(counter)) + .png)): null

2018-12-14 02:12:06 - [TEST_STEP][PASSED] - Statement - counter = counter + 1: null

2018-12-14 02:12:06 - [TEST_STEP][PASSED] - Statement - PreSaveFile = new java.io.File(((pathPrefix + java.lang.Integer.toString(counter)) + .png)): null

2018-12-14 02:12:06 - [TEST_STEP][PASSED] - Statement - counter = counter + 1: null

2018-12-14 02:12:06 - [TEST_STEP][PASSED] - Statement - PreSaveFile = new java.io.File(((pathPrefix + java.lang.Integer.toString(counter)) + .png)): null

2018-12-14 02:12:06 - [TEST_STEP][PASSED] - Statement - counter = counter + 1: null

2018-12-14 02:12:06 - [TEST_STEP][PASSED] - Statement - PreSaveFile = new java.io.File(((pathPrefix + java.lang.Integer.toString(counter)) + .png)): null

2018-12-14 02:12:06 - [TEST_STEP][PASSED] - Statement - counter = counter + 1: null

2018-12-14 02:12:06 - [TEST_STEP][PASSED] - Statement - PreSaveFile = new java.io.File(((pathPrefix + java.lang.Integer.toString(counter)) + .png)): null

2018-12-14 02:12:06 - [TEST_STEP][PASSED] - Statement - counter = counter + 1: null

2018-12-14 02:12:06 - [TEST_STEP][PASSED] - Statement - PreSaveFile = new java.io.File(((pathPrefix + java.lang.Integer.toString(counter)) + .png)): null

2018-12-14 02:12:06 - [TEST_STEP][PASSED] - Statement - counter = counter + 1: null

2018-12-14 02:12:06 - [TEST_STEP][PASSED] - Statement - PreSaveFile = new java.io.File(((pathPrefix + java.lang.Integer.toString(counter)) + .png)): null

2018-12-14 02:12:06 - [TEST_STEP][PASSED] - Statement - counter = counter + 1: null

2018-12-14 02:12:06 - [TEST_STEP][PASSED] - Statement - PreSaveFile = new java.io.File(((pathPrefix + java.lang.Integer.toString(counter)) + .png)): null

2018-12-14 02:12:06 - [TEST_STEP][PASSED] - Statement - counter = counter + 1: null

2018-12-14 02:12:06 - [TEST_STEP][PASSED] - Statement - PreSaveFile = new java.io.File(((pathPrefix + java.lang.Integer.toString(counter)) + .png)): null

2018-12-14 02:12:06 - [TEST_STEP][PASSED] - Statement - counter = counter + 1: null

2018-12-14 02:12:06 - [TEST_STEP][PASSED] - Statement - PreSaveFile = new java.io.File(((pathPrefix + java.lang.Integer.toString(counter)) + .png)): null

2018-12-14 02:12:06 - [TEST_STEP][PASSED] - Statement - counter = counter + 1: null

2018-12-14 02:12:06 - [TEST_STEP][PASSED] - Statement - PreSaveFile = new java.io.File(((pathPrefix + java.lang.Integer.toString(counter)) + .png)): null

2018-12-14 02:12:06 - [TEST_STEP][PASSED] - Statement - counter = counter + 1: null

2018-12-14 02:12:06 - [TEST_STEP][PASSED] - Statement - PreSaveFile = new java.io.File(((pathPrefix + java.lang.Integer.toString(counter)) + .png)): null

2018-12-14 02:12:06 - [TEST_STEP][PASSED] - Statement - counter = counter + 1: null

2018-12-14 02:12:06 - [TEST_STEP][PASSED] - Statement - PreSaveFile = new java.io.File(((pathPrefix + java.lang.Integer.toString(counter)) + .png)): null

2018-12-14 02:12:06 - [TEST_STEP][PASSED] - Statement - counter = counter + 1: null

2018-12-14 02:12:06 - [TEST_STEP][PASSED] - Statement - PreSaveFile = new java.io.File(((pathPrefix + java.lang.Integer.toString(counter)) + .png)): null

2018-12-14 02:12:06 - [TEST_STEP][PASSED] - Statement - counter = counter + 1: null

2018-12-14 02:12:06 - [TEST_STEP][PASSED] - Statement - PreSaveFile = new java.io.File(((pathPrefix + java.lang.Integer.toString(counter)) + .png)): null

2018-12-14 02:12:06 - [TEST_STEP][PASSED] - Statement - counter = counter + 1: null

2018-12-14 02:12:06 - [TEST_STEP][PASSED] - Statement - PreSaveFile = new java.io.File(((pathPrefix + java.lang.Integer.toString(counter)) + .png)): null

2018-12-14 02:12:06 - [TEST_STEP][PASSED] - Statement - counter = counter + 1: null

2018-12-14 02:12:06 - [TEST_STEP][PASSED] - Statement - PreSaveFile = new java.io.File(((pathPrefix + java.lang.Integer.toString(counter)) + .png)): null

2018-12-14 02:12:06 - [TEST_STEP][PASSED] - Statement - counter = counter + 1: null

2018-12-14 02:12:06 - [TEST_STEP][PASSED] - Statement - PreSaveFile = new java.io.File(((pathPrefix + java.lang.Integer.toString(counter)) + .png)): null

2018-12-14 02:12:06 - [TEST_STEP][PASSED] - Statement - counter = counter + 1: null

2018-12-14 02:12:06 - [TEST_STEP][PASSED] - Statement - PreSaveFile = new java.io.File(((pathPrefix + java.lang.Integer.toString(counter)) + .png)): null

2018-12-14 02:12:06 - [TEST_STEP][PASSED] - Statement - counter = counter + 1: null

2018-12-14 02:12:06 - [TEST_STEP][PASSED] - Statement - PreSaveFile = new java.io.File(((pathPrefix + java.lang.Integer.toString(counter)) + .png)): null

2018-12-14 02:12:06 - [TEST_STEP][PASSED] - Statement - counter = counter + 1: null

2018-12-14 02:12:06 - [TEST_STEP][PASSED] - Statement - PreSaveFile = new java.io.File(((pathPrefix + java.lang.Integer.toString(counter)) + .png)): null

2018-12-14 02:12:06 - [TEST_STEP][PASSED] - Statement - counter = counter + 1: null

2018-12-14 02:12:06 - [TEST_STEP][PASSED] - Statement - PreSaveFile = new java.io.File(((pathPrefix + java.lang.Integer.toString(counter)) + .png)): null

2018-12-14 02:12:06 - [TEST_STEP][PASSED] - Statement - counter = counter + 1: null

2018-12-14 02:12:06 - [TEST_STEP][PASSED] - Statement - PreSaveFile = new java.io.File(((pathPrefix + java.lang.Integer.toString(counter)) + .png)): null

2018-12-14 02:12:06 - [TEST_STEP][PASSED] - Statement - counter = counter + 1: null

2018-12-14 02:12:06 - [TEST_STEP][PASSED] - Statement - PreSaveFile = new java.io.File(((pathPrefix + java.lang.Integer.toString(counter)) + .png)): null

2018-12-14 02:12:06 - [TEST_STEP][PASSED] - Statement - counter = counter + 1: null

2018-12-14 02:12:06 - [TEST_STEP][PASSED] - Statement - PreSaveFile = new java.io.File(((pathPrefix + java.lang.Integer.toString(counter)) + .png)): null

2018-12-14 02:12:06 - [TEST_STEP][PASSED] - Statement - counter = counter + 1: null

2018-12-14 02:12:06 - [TEST_STEP][PASSED] - Statement - PreSaveFile = new java.io.File(((pathPrefix + java.lang.Integer.toString(counter)) + .png)): null

2018-12-14 02:12:06 - [TEST_STEP][PASSED] - Statement - counter = counter + 1: null

2018-12-14 02:12:06 - [TEST_STEP][PASSED] - Statement - PreSaveFile = new java.io.File(((pathPrefix + java.lang.Integer.toString(counter)) + .png)): null

2018-12-14 02:12:06 - [TEST_STEP][PASSED] - Statement - counter = counter + 1: null

2018-12-14 02:12:06 - [TEST_STEP][PASSED] - Statement - PreSaveFile = new java.io.File(((pathPrefix + java.lang.Integer.toString(counter)) + .png)): null

2018-12-14 02:12:06 - [TEST_STEP][PASSED] - Statement - counter = counter + 1: null

2018-12-14 02:12:06 - [TEST_STEP][PASSED] - Statement - PreSaveFile = new java.io.File(((pathPrefix + java.lang.Integer.toString(counter)) + .png)): null

2018-12-14 02:12:06 - [TEST_STEP][PASSED] - Statement - counter = counter + 1: null

2018-12-14 02:12:06 - [TEST_STEP][PASSED] - Statement - PreSaveFile = new java.io.File(((pathPrefix + java.lang.Integer.toString(counter)) + .png)): null

2018-12-14 02:12:06 - [TEST_STEP][PASSED] - Statement - counter = counter + 1: null

2018-12-14 02:12:06 - [TEST_STEP][PASSED] - Statement - PreSaveFile = new java.io.File(((pathPrefix + java.lang.Integer.toString(counter)) + .png)): null

2018-12-14 02:12:06 - [TEST_STEP][PASSED] - Statement - counter = counter + 1: null

2018-12-14 02:12:06 - [TEST_STEP][PASSED] - Statement - PreSaveFile = new java.io.File(((pathPrefix + java.lang.Integer.toString(counter)) + .png)): null

2018-12-14 02:12:06 - [TEST_STEP][PASSED] - Statement - counter = counter + 1: null

2018-12-14 02:12:06 - [TEST_STEP][PASSED] - Statement - PreSaveFile = new java.io.File(((pathPrefix + java.lang.Integer.toString(counter)) + .png)): null

2018-12-14 02:12:06 - [TEST_STEP][PASSED] - Statement - counter = counter + 1: null

2018-12-14 02:12:06 - [TEST_STEP][PASSED] - Statement - PreSaveFile = new java.io.File(((pathPrefix + java.lang.Integer.toString(counter)) + .png)): null

2018-12-14 02:12:06 - [TEST_STEP][PASSED] - Statement - counter = counter + 1: null

2018-12-14 02:12:06 - [TEST_STEP][PASSED] - Statement - PreSaveFile = new java.io.File(((pathPrefix + java.lang.Integer.toString(counter)) + .png)): null

2018-12-14 02:12:06 - [TEST_STEP][PASSED] - Statement - counter = counter + 1: null

2018-12-14 02:12:06 - [TEST_STEP][PASSED] - Statement - PreSaveFile = new java.io.File(((pathPrefix + java.lang.Integer.toString(counter)) + .png)): null

2018-12-14 02:12:06 - [TEST_STEP][PASSED] - Statement - counter = counter + 1: null

2018-12-14 02:12:06 - [TEST_STEP][PASSED] - Statement - PreSaveFile = new java.io.File(((pathPrefix + java.lang.Integer.toString(counter)) + .png)): null

2018-12-14 02:12:06 - [TEST_STEP][PASSED] - Statement - counter = counter + 1: null

2018-12-14 02:12:06 - [TEST_STEP][PASSED] - Statement - PreSaveFile = new java.io.File(((pathPrefix + java.lang.Integer.toString(counter)) + .png)): null

2018-12-14 02:12:06 - [TEST_STEP][PASSED] - Statement - counter = counter + 1: null

2018-12-14 02:12:06 - [TEST_STEP][PASSED] - Statement - PreSaveFile = new java.io.File(((pathPrefix + java.lang.Integer.toString(counter)) + .png)): null

2018-12-14 02:12:06 - [TEST_STEP][PASSED] - Statement - counter = counter + 1: null

2018-12-14 02:12:06 - [TEST_STEP][PASSED] - Statement - PreSaveFile = new java.io.File(((pathPrefix + java.lang.Integer.toString(counter)) + .png)): null

2018-12-14 02:12:06 - [TEST_STEP][PASSED] - Statement - counter = counter + 1: null

2018-12-14 02:12:06 - [TEST_STEP][PASSED] - Statement - PreSaveFile = new java.io.File(((pathPrefix + java.lang.Integer.toString(counter)) + .png)): null

2018-12-14 02:12:06 - [TEST_STEP][PASSED] - Statement - counter = counter + 1: null

2018-12-14 02:12:06 - [TEST_STEP][PASSED] - Statement - PreSaveFile = new java.io.File(((pathPrefix + java.lang.Integer.toString(counter)) + .png)): null

2018-12-14 02:12:06 - [TEST_STEP][PASSED] - Statement - counter = counter + 1: null

2018-12-14 02:12:06 - [TEST_STEP][PASSED] - Statement - PreSaveFile = new java.io.File(((pathPrefix + java.lang.Integer.toString(counter)) + .png)): null

2018-12-14 02:12:06 - [TEST_STEP][PASSED] - Statement - counter = counter + 1: null

2018-12-14 02:12:06 - [TEST_STEP][PASSED] - Statement - PreSaveFile = new java.io.File(((pathPrefix + java.lang.Integer.toString(counter)) + .png)): null

2018-12-14 02:12:06 - [TEST_STEP][PASSED] - Statement - counter = counter + 1: null

2018-12-14 02:12:06 - [TEST_STEP][PASSED] - Statement - PreSaveFile = new java.io.File(((pathPrefix + java.lang.Integer.toString(counter)) + .png)): null

2018-12-14 02:12:06 - [TEST_STEP][PASSED] - Statement - counter = counter + 1: null

2018-12-14 02:12:06 - [TEST_STEP][PASSED] - Statement - PreSaveFile = new java.io.File(((pathPrefix + java.lang.Integer.toString(counter)) + .png)): null

2018-12-14 02:12:06 - [TEST_STEP][PASSED] - Statement - counter = counter + 1: null

2018-12-14 02:12:06 - [TEST_STEP][PASSED] - Statement - PreSaveFile = new java.io.File(((pathPrefix + java.lang.Integer.toString(counter)) + .png)): null

2018-12-14 02:12:06 - [TEST_STEP][PASSED] - Statement - counter = counter + 1: null

2018-12-14 02:12:06 - [TEST_STEP][PASSED] - Statement - PreSaveFile = new java.io.File(((pathPrefix + java.lang.Integer.toString(counter)) + .png)): null

2018-12-14 02:12:06 - [TEST_STEP][PASSED] - Statement - counter = counter + 1: null

2018-12-14 02:12:06 - [TEST_STEP][PASSED] - Statement - PreSaveFile = new java.io.File(((pathPrefix + java.lang.Integer.toString(counter)) + .png)): null

2018-12-14 02:12:06 - [TEST_STEP][PASSED] - Statement - counter = counter + 1: null

2018-12-14 02:12:06 - [TEST_STEP][PASSED] - Statement - PreSaveFile = new java.io.File(((pathPrefix + java.lang.Integer.toString(counter)) + .png)): null

2018-12-14 02:12:06 - [TEST_STEP][PASSED] - Statement - counter = counter + 1: null

2018-12-14 02:12:06 - [TEST_STEP][PASSED] - Statement - PreSaveFile = new java.io.File(((pathPrefix + java.lang.Integer.toString(counter)) + .png)): null

2018-12-14 02:12:06 - [TEST_STEP][PASSED] - Statement - counter = counter + 1: null

2018-12-14 02:12:06 - [TEST_STEP][PASSED] - Statement - PreSaveFile = new java.io.File(((pathPrefix + java.lang.Integer.toString(counter)) + .png)): null

2018-12-14 02:12:06 - [TEST_STEP][PASSED] - Statement - counter = counter + 1: null

2018-12-14 02:12:06 - [TEST_STEP][PASSED] - Statement - PreSaveFile = new java.io.File(((pathPrefix + java.lang.Integer.toString(counter)) + .png)): null

2018-12-14 02:12:06 - [TEST_STEP][PASSED] - Statement - counter = counter + 1: null

2018-12-14 02:12:06 - [TEST_STEP][PASSED] - Statement - PreSaveFile = new java.io.File(((pathPrefix + java.lang.Integer.toString(counter)) + .png)): null

2018-12-14 02:12:06 - [TEST_STEP][PASSED] - Statement - counter = counter + 1: null

2018-12-14 02:12:06 - [TEST_STEP][PASSED] - Statement - PreSaveFile = new java.io.File(((pathPrefix + java.lang.Integer.toString(counter)) + .png)): null

2018-12-14 02:12:06 - [TEST_STEP][PASSED] - Statement - counter = counter + 1: null

2018-12-14 02:12:06 - [TEST_STEP][PASSED] - Statement - PreSaveFile = new java.io.File(((pathPrefix + java.lang.Integer.toString(counter)) + .png)): null

2018-12-14 02:12:06 - [TEST_STEP][PASSED] - Statement - counter = counter + 1: null

2018-12-14 02:12:06 - [TEST_STEP][PASSED] - Statement - PreSaveFile = new java.io.File(((pathPrefix + java.lang.Integer.toString(counter)) + .png)): null

2018-12-14 02:12:06 - [TEST_STEP][PASSED] - Statement - counter = counter + 1: null

2018-12-14 02:12:06 - [TEST_STEP][PASSED] - Statement - PreSaveFile = new java.io.File(((pathPrefix + java.lang.Integer.toString(counter)) + .png)): null

2018-12-14 02:12:06 - [TEST_STEP][PASSED] - Statement - counter = counter + 1: null

2018-12-14 02:12:06 - [TEST_STEP][PASSED] - Statement - PreSaveFile = new java.io.File(((pathPrefix + java.lang.Integer.toString(counter)) + .png)): null

2018-12-14 02:12:06 - [TEST_STEP][PASSED] - Statement - counter = counter + 1: null

2018-12-14 02:12:06 - [TEST_STEP][PASSED] - Statement - PreSaveFile = new java.io.File(((pathPrefix + java.lang.Integer.toString(counter)) + .png)): null

2018-12-14 02:12:06 - [TEST_STEP][PASSED] - Statement - counter = counter + 1: null

2018-12-14 02:12:06 - [TEST_STEP][PASSED] - Statement - PreSaveFile = new java.io.File(((pathPrefix + java.lang.Integer.toString(counter)) + .png)): null

2018-12-14 02:12:06 - [TEST_STEP][PASSED] - Statement - counter = counter + 1: null

2018-12-14 02:12:06 - [TEST_STEP][PASSED] - Statement - PreSaveFile = new java.io.File(((pathPrefix + java.lang.Integer.toString(counter)) + .png)): null

2018-12-14 02:12:06 - [TEST_STEP][PASSED] - Statement - counter = counter + 1: null

2018-12-14 02:12:06 - [TEST_STEP][PASSED] - Statement - PreSaveFile = new java.io.File(((pathPrefix + java.lang.Integer.toString(counter)) + .png)): null

2018-12-14 02:12:06 - [TEST_STEP][PASSED] - Statement - counter = counter + 1: null

2018-12-14 02:12:06 - [TEST_STEP][PASSED] - Statement - PreSaveFile = new java.io.File(((pathPrefix + java.lang.Integer.toString(counter)) + .png)): null

2018-12-14 02:12:06 - [TEST_STEP][PASSED] - Statement - counter = counter + 1: null

2018-12-14 02:12:06 - [TEST_STEP][PASSED] - Statement - PreSaveFile = new java.io.File(((pathPrefix + java.lang.Integer.toString(counter)) + .png)): null

2018-12-14 02:12:06 - [TEST_STEP][PASSED] - Statement - counter = counter + 1: null

2018-12-14 02:12:06 - [TEST_STEP][PASSED] - Statement - PreSaveFile = new java.io.File(((pathPrefix + java.lang.Integer.toString(counter)) + .png)): null

2018-12-14 02:12:06 - [TEST_STEP][PASSED] - Statement - counter = counter + 1: null

2018-12-14 02:12:06 - [TEST_STEP][PASSED] - Statement - PreSaveFile = new java.io.File(((pathPrefix + java.lang.Integer.toString(counter)) + .png)): null

2018-12-14 02:12:06 - [TEST_STEP][PASSED] - Statement - counter = counter + 1: null

2018-12-14 02:12:06 - [TEST_STEP][PASSED] - Statement - PreSaveFile = new java.io.File(((pathPrefix + java.lang.Integer.toString(counter)) + .png)): null

2018-12-14 02:12:06 - [TEST_STEP][PASSED] - Statement - counter = counter + 1: null

2018-12-14 02:12:06 - [TEST_STEP][PASSED] - Statement - PreSaveFile = new java.io.File(((pathPrefix + java.lang.Integer.toString(counter)) + .png)): null

2018-12-14 02:12:06 - [TEST_STEP][PASSED] - Statement - counter = counter + 1: null

2018-12-14 02:12:06 - [TEST_STEP][PASSED] - Statement - PreSaveFile = new java.io.File(((pathPrefix + java.lang.Integer.toString(counter)) + .png)): null

2018-12-14 02:12:07 - [TEST_STEP][PASSED] - Statement - counter = counter + 1: null

2018-12-14 02:12:07 - [TEST_STEP][PASSED] - Statement - PreSaveFile = new java.io.File(((pathPrefix + java.lang.Integer.toString(counter)) + .png)): null

2018-12-14 02:12:07 - [TEST_STEP][PASSED] - Statement - counter = counter + 1: null

2018-12-14 02:12:07 - [TEST_STEP][PASSED] - Statement - PreSaveFile = new java.io.File(((pathPrefix + java.lang.Integer.toString(counter)) + .png)): null

2018-12-14 02:12:07 - [TEST_STEP][PASSED] - Statement - counter = counter + 1: null

2018-12-14 02:12:07 - [TEST_STEP][PASSED] - Statement - PreSaveFile = new java.io.File(((pathPrefix + java.lang.Integer.toString(counter)) + .png)): null

2018-12-14 02:12:07 - [TEST_STEP][PASSED] - Statement - counter = counter + 1: null

2018-12-14 02:12:07 - [TEST_STEP][PASSED] - Statement - PreSaveFile = new java.io.File(((pathPrefix + java.lang.Integer.toString(counter)) + .png)): null

2018-12-14 02:12:07 - [TEST_STEP][PASSED] - Statement - counter = counter + 1: null

2018-12-14 02:12:07 - [TEST_STEP][PASSED] - Statement - PreSaveFile = new java.io.File(((pathPrefix + java.lang.Integer.toString(counter)) + .png)): null

2018-12-14 02:12:07 - [TEST_STEP][PASSED] - Statement - counter = counter + 1: null

2018-12-14 02:12:07 - [TEST_STEP][PASSED] - Statement - PreSaveFile = new java.io.File(((pathPrefix + java.lang.Integer.toString(counter)) + .png)): null

2018-12-14 02:12:07 - [TEST_STEP][PASSED] - Statement - counter = counter + 1: null

2018-12-14 02:12:07 - [TEST_STEP][PASSED] - Statement - PreSaveFile = new java.io.File(((pathPrefix + java.lang.Integer.toString(counter)) + .png)): null

2018-12-14 02:12:07 - [TEST_STEP][PASSED] - Statement - counter = counter + 1: null

2018-12-14 02:12:07 - [TEST_STEP][PASSED] - Statement - PreSaveFile = new java.io.File(((pathPrefix + java.lang.Integer.toString(counter)) + .png)): null

2018-12-14 02:12:07 - [TEST_STEP][PASSED] - Statement - counter = counter + 1: null

2018-12-14 02:12:07 - [TEST_STEP][PASSED] - Statement - PreSaveFile = new java.io.File(((pathPrefix + java.lang.Integer.toString(counter)) + .png)): null

2018-12-14 02:12:07 - [TEST_STEP][PASSED] - Statement - counter = counter + 1: null

2018-12-14 02:12:07 - [TEST_STEP][PASSED] - Statement - PreSaveFile = new java.io.File(((pathPrefix + java.lang.Integer.toString(counter)) + .png)): null

2018-12-14 02:12:07 - [TEST_STEP][PASSED] - Statement - counter = counter + 1: null

2018-12-14 02:12:07 - [TEST_STEP][PASSED] - Statement - PreSaveFile = new java.io.File(((pathPrefix + java.lang.Integer.toString(counter)) + .png)): null

2018-12-14 02:12:07 - [TEST_STEP][PASSED] - Statement - counter = counter + 1: null

2018-12-14 02:12:07 - [TEST_STEP][PASSED] - Statement - PreSaveFile = new java.io.File(((pathPrefix + java.lang.Integer.toString(counter)) + .png)): null

2018-12-14 02:12:07 - [TEST_STEP][PASSED] - Statement - counter = counter + 1: null

2018-12-14 02:12:07 - [TEST_STEP][PASSED] - Statement - PreSaveFile = new java.io.File(((pathPrefix + java.lang.Integer.toString(counter)) + .png)): null

2018-12-14 02:12:07 - [TEST_STEP][PASSED] - Statement - counter = counter + 1: null

2018-12-14 02:12:07 - [TEST_STEP][PASSED] - Statement - PreSaveFile = new java.io.File(((pathPrefix + java.lang.Integer.toString(counter)) + .png)): null

2018-12-14 02:12:07 - [TEST_STEP][PASSED] - Statement - counter = counter + 1: null

2018-12-14 02:12:07 - [TEST_STEP][PASSED] - Statement - PreSaveFile = new java.io.File(((pathPrefix + java.lang.Integer.toString(counter)) + .png)): null

2018-12-14 02:12:07 - [TEST_STEP][PASSED] - Statement - counter = counter + 1: null

2018-12-14 02:12:07 - [TEST_STEP][PASSED] - Statement - PreSaveFile = new java.io.File(((pathPrefix + java.lang.Integer.toString(counter)) + .png)): null

2018-12-14 02:12:07 - [TEST_STEP][PASSED] - Statement - counter = counter + 1: null

2018-12-14 02:12:07 - [TEST_STEP][PASSED] - Statement - PreSaveFile = new java.io.File(((pathPrefix + java.lang.Integer.toString(counter)) + .png)): null

2018-12-14 02:12:07 - [TEST_STEP][PASSED] - Statement - counter = counter + 1: null

2018-12-14 02:12:07 - [TEST_STEP][PASSED] - Statement - PreSaveFile = new java.io.File(((pathPrefix + java.lang.Integer.toString(counter)) + .png)): null

2018-12-14 02:12:07 - [TEST_STEP][PASSED] - Statement - counter = counter + 1: null

2018-12-14 02:12:07 - [TEST_STEP][PASSED] - Statement - PreSaveFile = new java.io.File(((pathPrefix + java.lang.Integer.toString(counter)) + .png)): null

2018-12-14 02:12:07 - [TEST_STEP][PASSED] - Statement - counter = counter + 1: null

2018-12-14 02:12:07 - [TEST_STEP][PASSED] - Statement - PreSaveFile = new java.io.File(((pathPrefix + java.lang.Integer.toString(counter)) + .png)): null

2018-12-14 02:12:07 - [TEST_STEP][PASSED] - Statement - counter = counter + 1: null

2018-12-14 02:12:07 - [TEST_STEP][PASSED] - Statement - PreSaveFile = new java.io.File(((pathPrefix + java.lang.Integer.toString(counter)) + .png)): null

2018-12-14 02:12:07 - [TEST_STEP][PASSED] - Statement - counter = counter + 1: null

2018-12-14 02:12:07 - [TEST_STEP][PASSED] - Statement - PreSaveFile = new java.io.File(((pathPrefix + java.lang.Integer.toString(counter)) + .png)): null

2018-12-14 02:12:07 - [TEST_STEP][PASSED] - Statement - counter = counter + 1: null

2018-12-14 02:12:07 - [TEST_STEP][PASSED] - Statement - PreSaveFile = new java.io.File(((pathPrefix + java.lang.Integer.toString(counter)) + .png)): null

2018-12-14 02:12:07 - [TEST_STEP][PASSED] - Statement - counter = counter + 1: null

2018-12-14 02:12:07 - [TEST_STEP][PASSED] - Statement - PreSaveFile = new java.io.File(((pathPrefix + java.lang.Integer.toString(counter)) + .png)): null

2018-12-14 02:12:07 - [TEST_STEP][PASSED] - Statement - counter = counter + 1: null

2018-12-14 02:12:07 - [TEST_STEP][PASSED] - Statement - PreSaveFile = new java.io.File(((pathPrefix + java.lang.Integer.toString(counter)) + .png)): null

2018-12-14 02:12:07 - [TEST_STEP][PASSED] - Statement - counter = counter + 1: null

2018-12-14 02:12:07 - [TEST_STEP][PASSED] - Statement - PreSaveFile = new java.io.File(((pathPrefix + java.lang.Integer.toString(counter)) + .png)): null

2018-12-14 02:12:07 - [TEST_STEP][PASSED] - Statement - counter = counter + 1: null

2018-12-14 02:12:07 - [TEST_STEP][PASSED] - Statement - PreSaveFile = new java.io.File(((pathPrefix + java.lang.Integer.toString(counter)) + .png)): null

2018-12-14 02:12:07 - [TEST_STEP][PASSED] - Statement - counter = counter + 1: null

2018-12-14 02:12:07 - [TEST_STEP][PASSED] - Statement - PreSaveFile = new java.io.File(((pathPrefix + java.lang.Integer.toString(counter)) + .png)): null

2018-12-14 02:12:07 - [TEST_STEP][PASSED] - Statement - counter = counter + 1: null

2018-12-14 02:12:07 - [TEST_STEP][PASSED] - Statement - PreSaveFile = new java.io.File(((pathPrefix + java.lang.Integer.toString(counter)) + .png)): null

2018-12-14 02:12:07 - [TEST_STEP][PASSED] - Statement - counter = counter + 1: null

2018-12-14 02:12:07 - [TEST_STEP][PASSED] - Statement - PreSaveFile = new java.io.File(((pathPrefix + java.lang.Integer.toString(counter)) + .png)): null

2018-12-14 02:12:07 - [TEST_STEP][PASSED] - Statement - counter = counter + 1: null

2018-12-14 02:12:07 - [TEST_STEP][PASSED] - Statement - PreSaveFile = new java.io.File(((pathPrefix + java.lang.Integer.toString(counter)) + .png)): null

2018-12-14 02:12:07 - [TEST_STEP][PASSED] - Statement - counter = counter + 1: null

2018-12-14 02:12:07 - [TEST_STEP][PASSED] - Statement - PreSaveFile = new java.io.File(((pathPrefix + java.lang.Integer.toString(counter)) + .png)): null

2018-12-14 02:12:07 - [TEST_STEP][PASSED] - Statement - counter = counter + 1: null

2018-12-14 02:12:07 - [TEST_STEP][PASSED] - Statement - PreSaveFile = new java.io.File(((pathPrefix + java.lang.Integer.toString(counter)) + .png)): null

2018-12-14 02:12:07 - [TEST_STEP][PASSED] - Statement - counter = counter + 1: null

2018-12-14 02:12:07 - [TEST_STEP][PASSED] - Statement - PreSaveFile = new java.io.File(((pathPrefix + java.lang.Integer.toString(counter)) + .png)): null

2018-12-14 02:12:07 - [TEST_STEP][PASSED] - Statement - counter = counter + 1: null

2018-12-14 02:12:07 - [TEST_STEP][PASSED] - Statement - PreSaveFile = new java.io.File(((pathPrefix + java.lang.Integer.toString(counter)) + .png)): null

2018-12-14 02:12:07 - [TEST_STEP][PASSED] - Statement - counter = counter + 1: null

2018-12-14 02:12:07 - [TEST_STEP][PASSED] - Statement - PreSaveFile = new java.io.File(((pathPrefix + java.lang.Integer.toString(counter)) + .png)): null

2018-12-14 02:12:07 - [TEST_STEP][PASSED] - Statement - counter = counter + 1: null

2018-12-14 02:12:07 - [TEST_STEP][PASSED] - Statement - PreSaveFile = new java.io.File(((pathPrefix + java.lang.Integer.toString(counter)) + .png)): null

2018-12-14 02:12:07 - [TEST_STEP][PASSED] - Statement - counter = counter + 1: null

2018-12-14 02:12:07 - [TEST_STEP][PASSED] - Statement - PreSaveFile = new java.io.File(((pathPrefix + java.lang.Integer.toString(counter)) + .png)): null

2018-12-14 02:12:07 - [TEST_STEP][PASSED] - Statement - counter = counter + 1: null

2018-12-14 02:12:07 - [TEST_STEP][PASSED] - Statement - PreSaveFile = new java.io.File(((pathPrefix + java.lang.Integer.toString(counter)) + .png)): null

2018-12-14 02:12:07 - [TEST_STEP][PASSED] - Statement - counter = counter + 1: null

2018-12-14 02:12:07 - [TEST_STEP][PASSED] - Statement - PreSaveFile = new java.io.File(((pathPrefix + java.lang.Integer.toString(counter)) + .png)): null

2018-12-14 02:12:07 - [TEST_STEP][PASSED] - Statement - counter = counter + 1: null

2018-12-14 02:12:07 - [TEST_STEP][PASSED] - Statement - PreSaveFile = new java.io.File(((pathPrefix + java.lang.Integer.toString(counter)) + .png)): null

2018-12-14 02:12:07 - [TEST_STEP][PASSED] - Statement - counter = counter + 1: null

2018-12-14 02:12:07 - [TEST_STEP][PASSED] - Statement - PreSaveFile = new java.io.File(((pathPrefix + java.lang.Integer.toString(counter)) + .png)): null

2018-12-14 02:12:07 - [TEST_STEP][PASSED] - Statement - counter = counter + 1: null

2018-12-14 02:12:07 - [TEST_STEP][PASSED] - Statement - PreSaveFile = new java.io.File(((pathPrefix + java.lang.Integer.toString(counter)) + .png)): null

2018-12-14 02:12:07 - [TEST_STEP][PASSED] - Statement - counter = counter + 1: null

2018-12-14 02:12:07 - [TEST_STEP][PASSED] - Statement - PreSaveFile = new java.io.File(((pathPrefix + java.lang.Integer.toString(counter)) + .png)): null

2018-12-14 02:12:07 - [TEST_STEP][PASSED] - Statement - counter = counter + 1: null

2018-12-14 02:12:07 - [TEST_STEP][PASSED] - Statement - PreSaveFile = new java.io.File(((pathPrefix + java.lang.Integer.toString(counter)) + .png)): null

2018-12-14 02:12:07 - [TEST_STEP][PASSED] - Statement - counter = counter + 1: null

2018-12-14 02:12:07 - [TEST_STEP][PASSED] - Statement - PreSaveFile = new java.io.File(((pathPrefix + java.lang.Integer.toString(counter)) + .png)): null

2018-12-14 02:12:07 - [TEST_STEP][PASSED] - Statement - counter = counter + 1: null

2018-12-14 02:12:07 - [TEST_STEP][PASSED] - Statement - PreSaveFile = new java.io.File(((pathPrefix + java.lang.Integer.toString(counter)) + .png)): null

2018-12-14 02:12:07 - [TEST_STEP][PASSED] - Statement - counter = counter + 1: null

2018-12-14 02:12:07 - [TEST_STEP][PASSED] - Statement - PreSaveFile = new java.io.File(((pathPrefix + java.lang.Integer.toString(counter)) + .png)): null

2018-12-14 02:12:07 - [TEST_STEP][PASSED] - Statement - counter = counter + 1: null

2018-12-14 02:12:07 - [TEST_STEP][PASSED] - Statement - PreSaveFile = new java.io.File(((pathPrefix + java.lang.Integer.toString(counter)) + .png)): null

2018-12-14 02:12:07 - [TEST_STEP][PASSED] - Statement - counter = counter + 1: null

2018-12-14 02:12:07 - [TEST_STEP][PASSED] - Statement - PreSaveFile = new java.io.File(((pathPrefix + java.lang.Integer.toString(counter)) + .png)): null

2018-12-14 02:12:07 - [TEST_STEP][PASSED] - Statement - counter = counter + 1: null

2018-12-14 02:12:07 - [TEST_STEP][PASSED] - Statement - PreSaveFile = new java.io.File(((pathPrefix + java.lang.Integer.toString(counter)) + .png)): null

2018-12-14 02:12:07 - [TEST_STEP][PASSED] - Statement - counter = counter + 1: null

2018-12-14 02:12:07 - [TEST_STEP][PASSED] - Statement - PreSaveFile = new java.io.File(((pathPrefix + java.lang.Integer.toString(counter)) + .png)): null

2018-12-14 02:12:07 - [TEST_STEP][PASSED] - Statement - counter = counter + 1: null

2018-12-14 02:12:07 - [TEST_STEP][PASSED] - Statement - PreSaveFile = new java.io.File(((pathPrefix + java.lang.Integer.toString(counter)) + .png)): null

2018-12-14 02:12:07 - [TEST_STEP][PASSED] - Statement - counter = counter + 1: null

2018-12-14 02:12:07 - [TEST_STEP][PASSED] - Statement - PreSaveFile = new java.io.File(((pathPrefix + java.lang.Integer.toString(counter)) + .png)): null

2018-12-14 02:12:07 - [TEST_STEP][PASSED] - Statement - counter = counter + 1: null

2018-12-14 02:12:07 - [TEST_STEP][PASSED] - Statement - PreSaveFile = new java.io.File(((pathPrefix + java.lang.Integer.toString(counter)) + .png)): null

2018-12-14 02:12:07 - [TEST_STEP][PASSED] - Statement - counter = counter + 1: null

2018-12-14 02:12:07 - [TEST_STEP][PASSED] - Statement - PreSaveFile = new java.io.File(((pathPrefix + java.lang.Integer.toString(counter)) + .png)): null

2018-12-14 02:12:07 - [TEST_STEP][PASSED] - Statement - counter = counter + 1: null

2018-12-14 02:12:07 - [TEST_STEP][PASSED] - Statement - PreSaveFile = new java.io.File(((pathPrefix + java.lang.Integer.toString(counter)) + .png)): null

2018-12-14 02:12:07 - [TEST_STEP][PASSED] - Statement - counter = counter + 1: null

2018-12-14 02:12:07 - [TEST_STEP][PASSED] - Statement - PreSaveFile = new java.io.File(((pathPrefix + java.lang.Integer.toString(counter)) + .png)): null

2018-12-14 02:12:07 - [TEST_STEP][PASSED] - Statement - counter = counter + 1: null

2018-12-14 02:12:07 - [TEST_STEP][PASSED] - Statement - PreSaveFile = new java.io.File(((pathPrefix + java.lang.Integer.toString(counter)) + .png)): null

2018-12-14 02:12:07 - [TEST_STEP][PASSED] - Statement - counter = counter + 1: null

2018-12-14 02:12:07 - [TEST_STEP][PASSED] - Statement - PreSaveFile = new java.io.File(((pathPrefix + java.lang.Integer.toString(counter)) + .png)): null

2018-12-14 02:12:07 - [TEST_STEP][PASSED] - Statement - counter = counter + 1: null

2018-12-14 02:12:07 - [TEST_STEP][PASSED] - Statement - PreSaveFile = new java.io.File(((pathPrefix + java.lang.Integer.toString(counter)) + .png)): null

2018-12-14 02:12:07 - [TEST_STEP][PASSED] - Statement - counter = counter + 1: null

2018-12-14 02:12:07 - [TEST_STEP][PASSED] - Statement - PreSaveFile = new java.io.File(((pathPrefix + java.lang.Integer.toString(counter)) + .png)): null

2018-12-14 02:12:07 - [TEST_STEP][PASSED] - Statement - counter = counter + 1: null

2018-12-14 02:12:07 - [TEST_STEP][PASSED] - Statement - PreSaveFile = new java.io.File(((pathPrefix + java.lang.Integer.toString(counter)) + .png)): null

2018-12-14 02:12:07 - [TEST_STEP][PASSED] - Statement - counter = counter + 1: null

2018-12-14 02:12:07 - [TEST_STEP][PASSED] - Statement - PreSaveFile = new java.io.File(((pathPrefix + java.lang.Integer.toString(counter)) + .png)): null

2018-12-14 02:12:07 - [TEST_STEP][PASSED] - Statement - counter = counter + 1: null

2018-12-14 02:12:07 - [TEST_STEP][PASSED] - Statement - PreSaveFile = new java.io.File(((pathPrefix + java.lang.Integer.toString(counter)) + .png)): null

2018-12-14 02:12:07 - [TEST_STEP][PASSED] - Statement - counter = counter + 1: null

2018-12-14 02:12:07 - [TEST_STEP][PASSED] - Statement - PreSaveFile = new java.io.File(((pathPrefix + java.lang.Integer.toString(counter)) + .png)): null

2018-12-14 02:12:07 - [TEST_STEP][PASSED] - Statement - counter = counter + 1: null

2018-12-14 02:12:07 - [TEST_STEP][PASSED] - Statement - PreSaveFile = new java.io.File(((pathPrefix + java.lang.Integer.toString(counter)) + .png)): null

2018-12-14 02:12:07 - [TEST_STEP][PASSED] - Statement - counter = counter + 1: null

2018-12-14 02:12:07 - [TEST_STEP][PASSED] - Statement - PreSaveFile = new java.io.File(((pathPrefix + java.lang.Integer.toString(counter)) + .png)): null

2018-12-14 02:12:07 - [TEST_STEP][PASSED] - Statement - counter = counter + 1: null

2018-12-14 02:12:07 - [TEST_STEP][PASSED] - Statement - PreSaveFile = new java.io.File(((pathPrefix + java.lang.Integer.toString(counter)) + .png)): null

2018-12-14 02:12:07 - [TEST_STEP][PASSED] - Statement - counter = counter + 1: null

2018-12-14 02:12:07 - [TEST_STEP][PASSED] - Statement - PreSaveFile = new java.io.File(((pathPrefix + java.lang.Integer.toString(counter)) + .png)): null

2018-12-14 02:12:07 - [TEST_STEP][PASSED] - Statement - counter = counter + 1: null

2018-12-14 02:12:07 - [TEST_STEP][PASSED] - Statement - PreSaveFile = new java.io.File(((pathPrefix + java.lang.Integer.toString(counter)) + .png)): null

2018-12-14 02:12:07 - [TEST_STEP][PASSED] - Statement - counter = counter + 1: null

2018-12-14 02:12:07 - [TEST_STEP][PASSED] - Statement - PreSaveFile = new java.io.File(((pathPrefix + java.lang.Integer.toString(counter)) + .png)): null

2018-12-14 02:12:07 - [TEST_STEP][PASSED] - Statement - counter = counter + 1: null

2018-12-14 02:12:07 - [TEST_STEP][PASSED] - Statement - PreSaveFile = new java.io.File(((pathPrefix + java.lang.Integer.toString(counter)) + .png)): null

2018-12-14 02:12:07 - [TEST_STEP][PASSED] - Statement - counter = counter + 1: null

2018-12-14 02:12:07 - [TEST_STEP][PASSED] - Statement - PreSaveFile = new java.io.File(((pathPrefix + java.lang.Integer.toString(counter)) + .png)): null

2018-12-14 02:12:07 - [TEST_STEP][PASSED] - Statement - counter = counter + 1: null

2018-12-14 02:12:07 - [TEST_STEP][PASSED] - Statement - PreSaveFile = new java.io.File(((pathPrefix + java.lang.Integer.toString(counter)) + .png)): null

2018-12-14 02:12:07 - [TEST_STEP][PASSED] - Statement - counter = counter + 1: null

2018-12-14 02:12:07 - [TEST_STEP][PASSED] - Statement - PreSaveFile = new java.io.File(((pathPrefix + java.lang.Integer.toString(counter)) + .png)): null

2018-12-14 02:12:07 - [TEST_STEP][PASSED] - Statement - counter = counter + 1: null

2018-12-14 02:12:07 - [TEST_STEP][PASSED] - Statement - PreSaveFile = new java.io.File(((pathPrefix + java.lang.Integer.toString(counter)) + .png)): null

2018-12-14 02:12:07 - [TEST_STEP][PASSED] - Statement - counter = counter + 1: null

2018-12-14 02:12:07 - [TEST_STEP][PASSED] - Statement - PreSaveFile = new java.io.File(((pathPrefix + java.lang.Integer.toString(counter)) + .png)): null

2018-12-14 02:12:07 - [TEST_STEP][PASSED] - Statement - counter = counter + 1: null

2018-12-14 02:12:07 - [TEST_STEP][PASSED] - Statement - PreSaveFile = new java.io.File(((pathPrefix + java.lang.Integer.toString(counter)) + .png)): null

2018-12-14 02:12:07 - [TEST_STEP][PASSED] - Statement - counter = counter + 1: null

2018-12-14 02:12:07 - [TEST_STEP][PASSED] - Statement - PreSaveFile = new java.io.File(((pathPrefix + java.lang.Integer.toString(counter)) + .png)): null

2018-12-14 02:12:07 - [TEST_STEP][PASSED] - Statement - counter = counter + 1: null

2018-12-14 02:12:07 - [TEST_STEP][PASSED] - Statement - PreSaveFile = new java.io.File(((pathPrefix + java.lang.Integer.toString(counter)) + .png)): null

2018-12-14 02:12:07 - [TEST_STEP][PASSED] - Statement - counter = counter + 1: null

2018-12-14 02:12:07 - [TEST_STEP][PASSED] - Statement - PreSaveFile = new java.io.File(((pathPrefix + java.lang.Integer.toString(counter)) + .png)): null

2018-12-14 02:12:07 - [TEST_STEP][PASSED] - Statement - counter = counter + 1: null

2018-12-14 02:12:07 - [TEST_STEP][PASSED] - Statement - PreSaveFile = new java.io.File(((pathPrefix + java.lang.Integer.toString(counter)) + .png)): null

2018-12-14 02:12:07 - [TEST_STEP][PASSED] - Statement - counter = counter + 1: null

2018-12-14 02:12:07 - [TEST_STEP][PASSED] - Statement - PreSaveFile = new java.io.File(((pathPrefix + java.lang.Integer.toString(counter)) + .png)): null

2018-12-14 02:12:07 - [TEST_STEP][PASSED] - Statement - counter = counter + 1: null

2018-12-14 02:12:07 - [TEST_STEP][PASSED] - Statement - PreSaveFile = new java.io.File(((pathPrefix + java.lang.Integer.toString(counter)) + .png)): null

2018-12-14 02:12:07 - [TEST_STEP][PASSED] - Statement - counter = counter + 1: null

2018-12-14 02:12:07 - [TEST_STEP][PASSED] - Statement - PreSaveFile = new java.io.File(((pathPrefix + java.lang.Integer.toString(counter)) + .png)): null

2018-12-14 02:12:07 - [TEST_STEP][PASSED] - Statement - counter = counter + 1: null

2018-12-14 02:12:07 - [TEST_STEP][PASSED] - Statement - PreSaveFile = new java.io.File(((pathPrefix + java.lang.Integer.toString(counter)) + .png)): null

2018-12-14 02:12:07 - [TEST_STEP][PASSED] - Statement - counter = counter + 1: null

2018-12-14 02:12:07 - [TEST_STEP][PASSED] - Statement - PreSaveFile = new java.io.File(((pathPrefix + java.lang.Integer.toString(counter)) + .png)): null

2018-12-14 02:12:07 - [TEST_STEP][PASSED] - Statement - counter = counter + 1: null

2018-12-14 02:12:07 - [TEST_STEP][PASSED] - Statement - PreSaveFile = new java.io.File(((pathPrefix + java.lang.Integer.toString(counter)) + .png)): null

2018-12-14 02:12:07 - [TEST_STEP][PASSED] - Statement - counter = counter + 1: null

2018-12-14 02:12:07 - [TEST_STEP][PASSED] - Statement - PreSaveFile = new java.io.File(((pathPrefix + java.lang.Integer.toString(counter)) + .png)): null

2018-12-14 02:12:07 - [TEST_STEP][PASSED] - Statement - counter = counter + 1: null

2018-12-14 02:12:07 - [TEST_STEP][PASSED] - Statement - PreSaveFile = new java.io.File(((pathPrefix + java.lang.Integer.toString(counter)) + .png)): null

2018-12-14 02:12:07 - [TEST_STEP][PASSED] - Statement - counter = counter + 1: null

2018-12-14 02:12:07 - [TEST_STEP][PASSED] - Statement - PreSaveFile = new java.io.File(((pathPrefix + java.lang.Integer.toString(counter)) + .png)): null

2018-12-14 02:12:07 - [TEST_STEP][PASSED] - Statement - counter = counter + 1: null

2018-12-14 02:12:07 - [TEST_STEP][PASSED] - Statement - PreSaveFile = new java.io.File(((pathPrefix + java.lang.Integer.toString(counter)) + .png)): null

2018-12-14 02:12:07 - [TEST_STEP][PASSED] - Statement - counter = counter + 1: null

2018-12-14 02:12:07 - [TEST_STEP][PASSED] - Statement - PreSaveFile = new java.io.File(((pathPrefix + java.lang.Integer.toString(counter)) + .png)): null

2018-12-14 02:12:07 - [TEST_STEP][PASSED] - Statement - counter = counter + 1: null

2018-12-14 02:12:07 - [TEST_STEP][PASSED] - Statement - PreSaveFile = new java.io.File(((pathPrefix + java.lang.Integer.toString(counter)) + .png)): null

2018-12-14 02:12:07 - [TEST_STEP][PASSED] - Statement - counter = counter + 1: null

2018-12-14 02:12:07 - [TEST_STEP][PASSED] - Statement - PreSaveFile = new java.io.File(((pathPrefix + java.lang.Integer.toString(counter)) + .png)): null

2018-12-14 02:12:07 - [TEST_STEP][PASSED] - Statement - counter = counter + 1: null

2018-12-14 02:12:07 - [TEST_STEP][PASSED] - Statement - PreSaveFile = new java.io.File(((pathPrefix + java.lang.Integer.toString(counter)) + .png)): null

2018-12-14 02:12:07 - [TEST_STEP][PASSED] - Statement - counter = counter + 1: null

2018-12-14 02:12:07 - [TEST_STEP][PASSED] - Statement - PreSaveFile = new java.io.File(((pathPrefix + java.lang.Integer.toString(counter)) + .png)): null

2018-12-14 02:12:07 - [TEST_STEP][PASSED] - Statement - counter = counter + 1: null

2018-12-14 02:12:07 - [TEST_STEP][PASSED] - Statement - PreSaveFile = new java.io.File(((pathPrefix + java.lang.Integer.toString(counter)) + .png)): null

2018-12-14 02:12:07 - [TEST_STEP][PASSED] - Statement - counter = counter + 1: null

2018-12-14 02:12:07 - [TEST_STEP][PASSED] - Statement - PreSaveFile = new java.io.File(((pathPrefix + java.lang.Integer.toString(counter)) + .png)): null

2018-12-14 02:12:07 - [TEST_STEP][PASSED] - Statement - counter = counter + 1: null

2018-12-14 02:12:07 - [TEST_STEP][PASSED] - Statement - PreSaveFile = new java.io.File(((pathPrefix + java.lang.Integer.toString(counter)) + .png)): null

2018-12-14 02:12:07 - [TEST_STEP][PASSED] - Statement - counter = counter + 1: null

2018-12-14 02:12:07 - [TEST_STEP][PASSED] - Statement - PreSaveFile = new java.io.File(((pathPrefix + java.lang.Integer.toString(counter)) + .png)): null

2018-12-14 02:12:07 - [TEST_STEP][PASSED] - Statement - counter = counter + 1: null

2018-12-14 02:12:07 - [TEST_STEP][PASSED] - Statement - PreSaveFile = new java.io.File(((pathPrefix + java.lang.Integer.toString(counter)) + .png)): null

2018-12-14 02:12:07 - [TEST_STEP][PASSED] - Statement - counter = counter + 1: null

2018-12-14 02:12:07 - [TEST_STEP][PASSED] - Statement - PreSaveFile = new java.io.File(((pathPrefix + java.lang.Integer.toString(counter)) + .png)): null

2018-12-14 02:12:07 - [TEST_STEP][PASSED] - Statement - counter = counter + 1: null

2018-12-14 02:12:07 - [TEST_STEP][PASSED] - Statement - PreSaveFile = new java.io.File(((pathPrefix + java.lang.Integer.toString(counter)) + .png)): null

2018-12-14 02:12:07 - [TEST_STEP][PASSED] - Statement - counter = counter + 1: null

2018-12-14 02:12:07 - [TEST_STEP][PASSED] - Statement - PreSaveFile = new java.io.File(((pathPrefix + java.lang.Integer.toString(counter)) + .png)): null

2018-12-14 02:12:07 - [TEST_STEP][PASSED] - Statement - counter = counter + 1: null

2018-12-14 02:12:07 - [TEST_STEP][PASSED] - Statement - PreSaveFile = new java.io.File(((pathPrefix + java.lang.Integer.toString(counter)) + .png)): null

2018-12-14 02:12:07 - [TEST_STEP][PASSED] - Statement - counter = counter + 1: null

2018-12-14 02:12:07 - [TEST_STEP][PASSED] - Statement - PreSaveFile = new java.io.File(((pathPrefix + java.lang.Integer.toString(counter)) + .png)): null

2018-12-14 02:12:07 - [TEST_STEP][PASSED] - Statement - counter = counter + 1: null

2018-12-14 02:12:07 - [TEST_STEP][PASSED] - Statement - PreSaveFile = new java.io.File(((pathPrefix + java.lang.Integer.toString(counter)) + .png)): null

2018-12-14 02:12:07 - [TEST_STEP][PASSED] - Statement - counter = counter + 1: null

2018-12-14 02:12:07 - [TEST_STEP][PASSED] - Statement - PreSaveFile = new java.io.File(((pathPrefix + java.lang.Integer.toString(counter)) + .png)): null

2018-12-14 02:12:07 - [TEST_STEP][PASSED] - Statement - counter = counter + 1: null

2018-12-14 02:12:07 - [TEST_STEP][PASSED] - Statement - PreSaveFile = new java.io.File(((pathPrefix + java.lang.Integer.toString(counter)) + .png)): null

2018-12-14 02:12:07 - [TEST_STEP][PASSED] - Statement - counter = counter + 1: null

2018-12-14 02:12:07 - [TEST_STEP][PASSED] - Statement - PreSaveFile = new java.io.File(((pathPrefix + java.lang.Integer.toString(counter)) + .png)): null

2018-12-14 02:12:07 - [TEST_STEP][PASSED] - Statement - counter = counter + 1: null

2018-12-14 02:12:07 - [TEST_STEP][PASSED] - Statement - PreSaveFile = new java.io.File(((pathPrefix + java.lang.Integer.toString(counter)) + .png)): null

2018-12-14 02:12:07 - [TEST_STEP][PASSED] - Statement - counter = counter + 1: null

2018-12-14 02:12:07 - [TEST_STEP][PASSED] - Statement - PreSaveFile = new java.io.File(((pathPrefix + java.lang.Integer.toString(counter)) + .png)): null

2018-12-14 02:12:07 - [TEST_STEP][PASSED] - Statement - counter = counter + 1: null

2018-12-14 02:12:07 - [TEST_STEP][PASSED] - Statement - PreSaveFile = new java.io.File(((pathPrefix + java.lang.Integer.toString(counter)) + .png)): null

2018-12-14 02:12:07 - [TEST_STEP][PASSED] - Statement - counter = counter + 1: null

2018-12-14 02:12:07 - [TEST_STEP][PASSED] - Statement - PreSaveFile = new java.io.File(((pathPrefix + java.lang.Integer.toString(counter)) + .png)): null

2018-12-14 02:12:07 - [TEST_STEP][PASSED] - Statement - counter = counter + 1: null

2018-12-14 02:12:07 - [TEST_STEP][PASSED] - Statement - PreSaveFile = new java.io.File(((pathPrefix + java.lang.Integer.toString(counter)) + .png)): null

2018-12-14 02:12:07 - [TEST_STEP][PASSED] - Statement - counter = counter + 1: null

2018-12-14 02:12:07 - [TEST_STEP][PASSED] - Statement - PreSaveFile = new java.io.File(((pathPrefix + java.lang.Integer.toString(counter)) + .png)): null

2018-12-14 02:12:07 - [TEST_STEP][PASSED] - Statement - counter = counter + 1: null

2018-12-14 02:12:07 - [TEST_STEP][PASSED] - Statement - PreSaveFile = new java.io.File(((pathPrefix + java.lang.Integer.toString(counter)) + .png)): null

2018-12-14 02:12:07 - [TEST_STEP][PASSED] - Statement - counter = counter + 1: null

2018-12-14 02:12:07 - [TEST_STEP][PASSED] - Statement - PreSaveFile = new java.io.File(((pathPrefix + java.lang.Integer.toString(counter)) + .png)): null

2018-12-14 02:12:07 - [TEST_STEP][PASSED] - Statement - counter = counter + 1: null

2018-12-14 02:12:07 - [TEST_STEP][PASSED] - Statement - PreSaveFile = new java.io.File(((pathPrefix + java.lang.Integer.toString(counter)) + .png)): null

2018-12-14 02:12:07 - [TEST_STEP][PASSED] - Statement - counter = counter + 1: null

2018-12-14 02:12:07 - [TEST_STEP][PASSED] - Statement - PreSaveFile = new java.io.File(((pathPrefix + java.lang.Integer.toString(counter)) + .png)): null

2018-12-14 02:12:07 - [TEST_STEP][PASSED] - Statement - counter = counter + 1: null

2018-12-14 02:12:07 - [TEST_STEP][PASSED] - Statement - PreSaveFile = new java.io.File(((pathPrefix + java.lang.Integer.toString(counter)) + .png)): null

2018-12-14 02:12:07 - [TEST_STEP][PASSED] - Statement - counter = counter + 1: null

2018-12-14 02:12:07 - [TEST_STEP][PASSED] - Statement - PreSaveFile = new java.io.File(((pathPrefix + java.lang.Integer.toString(counter)) + .png)): null

2018-12-14 02:12:07 - [TEST_STEP][PASSED] - Statement - counter = counter + 1: null

2018-12-14 02:12:07 - [TEST_STEP][PASSED] - Statement - PreSaveFile = new java.io.File(((pathPrefix + java.lang.Integer.toString(counter)) + .png)): null

2018-12-14 02:12:07 - [TEST_STEP][PASSED] - Statement - counter = counter + 1: null

2018-12-14 02:12:07 - [TEST_STEP][PASSED] - Statement - PreSaveFile = new java.io.File(((pathPrefix + java.lang.Integer.toString(counter)) + .png)): null

2018-12-14 02:12:07 - [TEST_STEP][PASSED] - Statement - counter = counter + 1: null

2018-12-14 02:12:07 - [TEST_STEP][PASSED] - Statement - PreSaveFile = new java.io.File(((pathPrefix + java.lang.Integer.toString(counter)) + .png)): null

2018-12-14 02:12:07 - [TEST_STEP][PASSED] - Statement - counter = counter + 1: null

2018-12-14 02:12:07 - [TEST_STEP][PASSED] - Statement - PreSaveFile = new java.io.File(((pathPrefix + java.lang.Integer.toString(counter)) + .png)): null

2018-12-14 02:12:07 - [TEST_STEP][PASSED] - Statement - counter = counter + 1: null

2018-12-14 02:12:07 - [TEST_STEP][PASSED] - Statement - PreSaveFile = new java.io.File(((pathPrefix + java.lang.Integer.toString(counter)) + .png)): null

2018-12-14 02:12:07 - [TEST_STEP][PASSED] - Statement - counter = counter + 1: null

2018-12-14 02:12:07 - [TEST_STEP][PASSED] - Statement - PreSaveFile = new java.io.File(((pathPrefix + java.lang.Integer.toString(counter)) + .png)): null

2018-12-14 02:12:07 - [TEST_STEP][PASSED] - Statement - counter = counter + 1: null

2018-12-14 02:12:07 - [TEST_STEP][PASSED] - Statement - PreSaveFile = new java.io.File(((pathPrefix + java.lang.Integer.toString(counter)) + .png)): null

2018-12-14 02:12:07 - [TEST_STEP][PASSED] - Statement - counter = counter + 1: null

2018-12-14 02:12:07 - [TEST_STEP][PASSED] - Statement - PreSaveFile = new java.io.File(((pathPrefix + java.lang.Integer.toString(counter)) + .png)): null

2018-12-14 02:12:07 - [TEST_STEP][PASSED] - Statement - counter = counter + 1: null

2018-12-14 02:12:07 - [TEST_STEP][PASSED] - Statement - PreSaveFile = new java.io.File(((pathPrefix + java.lang.Integer.toString(counter)) + .png)): null

2018-12-14 02:12:07 - [TEST_STEP][PASSED] - Statement - counter = counter + 1: null

2018-12-14 02:12:07 - [TEST_STEP][PASSED] - Statement - PreSaveFile = new java.io.File(((pathPrefix + java.lang.Integer.toString(counter)) + .png)): null

2018-12-14 02:12:07 - [TEST_STEP][PASSED] - Statement - counter = counter + 1: null

2018-12-14 02:12:07 - [TEST_STEP][PASSED] - Statement - PreSaveFile = new java.io.File(((pathPrefix + java.lang.Integer.toString(counter)) + .png)): null

2018-12-14 02:12:07 - [TEST_STEP][PASSED] - Statement - counter = counter + 1: null

2018-12-14 02:12:07 - [TEST_STEP][PASSED] - Statement - PreSaveFile = new java.io.File(((pathPrefix + java.lang.Integer.toString(counter)) + .png)): null

2018-12-14 02:12:07 - [TEST_STEP][PASSED] - Statement - counter = counter + 1: null

2018-12-14 02:12:07 - [TEST_STEP][PASSED] - Statement - PreSaveFile = new java.io.File(((pathPrefix + java.lang.Integer.toString(counter)) + .png)): null

2018-12-14 02:12:07 - [TEST_STEP][PASSED] - Statement - counter = counter + 1: null

2018-12-14 02:12:07 - [TEST_STEP][PASSED] - Statement - PreSaveFile = new java.io.File(((pathPrefix + java.lang.Integer.toString(counter)) + .png)): null

2018-12-14 02:12:07 - [TEST_STEP][PASSED] - Statement - counter = counter + 1: null

2018-12-14 02:12:07 - [TEST_STEP][PASSED] - Statement - PreSaveFile = new java.io.File(((pathPrefix + java.lang.Integer.toString(counter)) + .png)): null

2018-12-14 02:12:07 - [TEST_STEP][PASSED] - Statement - counter = counter + 1: null

2018-12-14 02:12:07 - [TEST_STEP][PASSED] - Statement - PreSaveFile = new java.io.File(((pathPrefix + java.lang.Integer.toString(counter)) + .png)): null

2018-12-14 02:12:07 - [TEST_STEP][PASSED] - Statement - counter = counter + 1: null

2018-12-14 02:12:07 - [TEST_STEP][PASSED] - Statement - PreSaveFile = new java.io.File(((pathPrefix + java.lang.Integer.toString(counter)) + .png)): null

2018-12-14 02:12:07 - [TEST_STEP][PASSED] - Statement - counter = counter + 1: null

2018-12-14 02:12:07 - [TEST_STEP][PASSED] - Statement - PreSaveFile = new java.io.File(((pathPrefix + java.lang.Integer.toString(counter)) + .png)): null

2018-12-14 02:12:07 - [TEST_STEP][PASSED] - Statement - counter = counter + 1: null

2018-12-14 02:12:07 - [TEST_STEP][PASSED] - Statement - PreSaveFile = new java.io.File(((pathPrefix + java.lang.Integer.toString(counter)) + .png)): null

2018-12-14 02:12:07 - [TEST_STEP][PASSED] - Statement - counter = counter + 1: null

2018-12-14 02:12:07 - [TEST_STEP][PASSED] - Statement - PreSaveFile = new java.io.File(((pathPrefix + java.lang.Integer.toString(counter)) + .png)): null

2018-12-14 02:12:07 - [TEST_STEP][PASSED] - Statement - counter = counter + 1: null

2018-12-14 02:12:07 - [TEST_STEP][PASSED] - Statement - PreSaveFile = new java.io.File(((pathPrefix + java.lang.Integer.toString(counter)) + .png)): null

2018-12-14 02:12:07 - [TEST_STEP][PASSED] - Statement - counter = counter + 1: null

2018-12-14 02:12:07 - [TEST_STEP][PASSED] - Statement - PreSaveFile = new java.io.File(((pathPrefix + java.lang.Integer.toString(counter)) + .png)): null

2018-12-14 02:12:07 - [TEST_STEP][PASSED] - Statement - counter = counter + 1: null

2018-12-14 02:12:07 - [TEST_STEP][PASSED] - Statement - PreSaveFile = new java.io.File(((pathPrefix + java.lang.Integer.toString(counter)) + .png)): null

2018-12-14 02:12:07 - [TEST_STEP][PASSED] - Statement - counter = counter + 1: null

2018-12-14 02:12:07 - [TEST_STEP][PASSED] - Statement - PreSaveFile = new java.io.File(((pathPrefix + java.lang.Integer.toString(counter)) + .png)): null

2018-12-14 02:12:07 - [TEST_STEP][PASSED] - Statement - counter = counter + 1: null

2018-12-14 02:12:07 - [TEST_STEP][PASSED] - Statement - PreSaveFile = new java.io.File(((pathPrefix + java.lang.Integer.toString(counter)) + .png)): null

2018-12-14 02:12:07 - [TEST_STEP][PASSED] - Statement - counter = counter + 1: null

2018-12-14 02:12:07 - [TEST_STEP][PASSED] - Statement - PreSaveFile = new java.io.File(((pathPrefix + java.lang.Integer.toString(counter)) + .png)): null

2018-12-14 02:12:07 - [TEST_STEP][PASSED] - Statement - counter = counter + 1: null

2018-12-14 02:12:07 - [TEST_STEP][PASSED] - Statement - PreSaveFile = new java.io.File(((pathPrefix + java.lang.Integer.toString(counter)) + .png)): null

2018-12-14 02:12:07 - [TEST_STEP][PASSED] - Statement - counter = counter + 1: null

2018-12-14 02:12:07 - [TEST_STEP][PASSED] - Statement - PreSaveFile = new java.io.File(((pathPrefix + java.lang.Integer.toString(counter)) + .png)): null

2018-12-14 02:12:07 - [TEST_STEP][PASSED] - Statement - counter = counter + 1: null

2018-12-14 02:12:07 - [TEST_STEP][PASSED] - Statement - PreSaveFile = new java.io.File(((pathPrefix + java.lang.Integer.toString(counter)) + .png)): null

2018-12-14 02:12:07 - [TEST_STEP][PASSED] - Statement - counter = counter + 1: null

2018-12-14 02:12:07 - [TEST_STEP][PASSED] - Statement - PreSaveFile = new java.io.File(((pathPrefix + java.lang.Integer.toString(counter)) + .png)): null

2018-12-14 02:12:07 - [TEST_STEP][PASSED] - Statement - counter = counter + 1: null

2018-12-14 02:12:07 - [TEST_STEP][PASSED] - Statement - PreSaveFile = new java.io.File(((pathPrefix + java.lang.Integer.toString(counter)) + .png)): null

2018-12-14 02:12:07 - [TEST_STEP][PASSED] - Statement - counter = counter + 1: null

2018-12-14 02:12:07 - [TEST_STEP][PASSED] - Statement - PreSaveFile = new java.io.File(((pathPrefix + java.lang.Integer.toString(counter)) + .png)): null

2018-12-14 02:12:07 - [TEST_STEP][PASSED] - Statement - counter = counter + 1: null

2018-12-14 02:12:07 - [TEST_STEP][PASSED] - Statement - PreSaveFile = new java.io.File(((pathPrefix + java.lang.Integer.toString(counter)) + .png)): null

2018-12-14 02:12:07 - [TEST_STEP][PASSED] - Statement - counter = counter + 1: null

2018-12-14 02:12:07 - [TEST_STEP][PASSED] - Statement - PreSaveFile = new java.io.File(((pathPrefix + java.lang.Integer.toString(counter)) + .png)): null

2018-12-14 02:12:07 - [TEST_STEP][PASSED] - Statement - counter = counter + 1: null

2018-12-14 02:12:07 - [TEST_STEP][PASSED] - Statement - PreSaveFile = new java.io.File(((pathPrefix + java.lang.Integer.toString(counter)) + .png)): null

2018-12-14 02:12:07 - [TEST_STEP][PASSED] - Statement - counter = counter + 1: null

2018-12-14 02:12:07 - [TEST_STEP][PASSED] - Statement - PreSaveFile = new java.io.File(((pathPrefix + java.lang.Integer.toString(counter)) + .png)): null

2018-12-14 02:12:07 - [TEST_STEP][PASSED] - Statement - counter = counter + 1: null

2018-12-14 02:12:07 - [TEST_STEP][PASSED] - Statement - PreSaveFile = new java.io.File(((pathPrefix + java.lang.Integer.toString(counter)) + .png)): null

2018-12-14 02:12:07 - [TEST_STEP][PASSED] - Statement - counter = counter + 1: null

2018-12-14 02:12:07 - [TEST_STEP][PASSED] - Statement - PreSaveFile = new java.io.File(((pathPrefix + java.lang.Integer.toString(counter)) + .png)): null

2018-12-14 02:12:07 - [TEST_STEP][PASSED] - Statement - counter = counter + 1: null

2018-12-14 02:12:07 - [TEST_STEP][PASSED] - Statement - PreSaveFile = new java.io.File(((pathPrefix + java.lang.Integer.toString(counter)) + .png)): null

2018-12-14 02:12:07 - [TEST_STEP][PASSED] - Statement - counter = counter + 1: null

2018-12-14 02:12:07 - [TEST_STEP][PASSED] - Statement - PreSaveFile = new java.io.File(((pathPrefix + java.lang.Integer.toString(counter)) + .png)): null

2018-12-14 02:12:07 - [TEST_STEP][PASSED] - Statement - counter = counter + 1: null

2018-12-14 02:12:07 - [TEST_STEP][PASSED] - Statement - PreSaveFile = new java.io.File(((pathPrefix + java.lang.Integer.toString(counter)) + .png)): null

2018-12-14 02:12:07 - [TEST_STEP][PASSED] - Statement - counter = counter + 1: null

2018-12-14 02:12:07 - [TEST_STEP][PASSED] - Statement - PreSaveFile = new java.io.File(((pathPrefix + java.lang.Integer.toString(counter)) + .png)): null

2018-12-14 02:12:07 - [TEST_STEP][PASSED] - Statement - counter = counter + 1: null

2018-12-14 02:12:07 - [TEST_STEP][PASSED] - Statement - PreSaveFile = new java.io.File(((pathPrefix + java.lang.Integer.toString(counter)) + .png)): null

2018-12-14 02:12:07 - [TEST_STEP][PASSED] - Statement - counter = counter + 1: null

2018-12-14 02:12:07 - [TEST_STEP][PASSED] - Statement - PreSaveFile = new java.io.File(((pathPrefix + java.lang.Integer.toString(counter)) + .png)): null

2018-12-14 02:12:07 - [TEST_STEP][PASSED] - Statement - finalPath = pathPrefix + java.lang.Integer.toString(counter) + ".png": null

2018-12-14 02:12:07 - [TEST_STEP][PASSED] - Statement - SaveFile = new java.io.File(finalPath): null

2018-12-14 02:12:07 - [TEST_STEP][PASSED] - Statement - Try: null

2018-12-14 02:12:07 - [TEST_STEP][PASSED] - Statement - org.apache.commons.io.FileUtils.copyFile(scrFile, SaveFile): null

2018-12-14 02:12:07 - [TEST_STEP][PASSED] - Statement - out.println("file kept"): null

2018-12-14 02:12:07 - [TEST_STEP][PASSED] - delay: Delayed 10 second(s)

2018-12-14 02:12:17 - [MESSAGE][PASSED] - Delayed 10 second(s)

2018-12-14 02:12:17 - [MESSAGE][PASSED] - Call Test Case 'Test Cases/Final Aug 2018 - PKS Automation/Common/Screenshoting tool' successfully

2018-12-14 02:12:17 - [TEST_STEP][PASSED] - callTestCase: Call Test Case 'Test Cases/Final Aug 2018 - PKS Automation/Registration Module/Log Out/log out avoiding katalon tagging' successfully

2018-12-14 02:12:17 - [TEST_CASE][PASSED] - Test Cases/Final Aug 2018 - PKS Automation/Registration Module/Log Out/log out avoiding katalon tagging: Test Cases/Final Aug 2018 - PKS Automation/Registration Module/Log Out/log out avoiding katalon tagging

2018-12-14 02:12:17 - [TEST_STEP][PASSED] - navigateToUrl: Navigate to 'https://assist2-uat.perkeso.gov.my/c/portal/logout' successfully

2018-12-14 02:12:18 - [MESSAGE][PASSED] - Navigate to 'https://assist2-uat.perkeso.gov.my/c/portal/logout' successfully

2018-12-14 02:12:18 - [MESSAGE][PASSED] - Call Test Case 'Test Cases/Final Aug 2018 - PKS Automation/Registration Module/Log Out/log out avoiding katalon tagging' successfully

2018-12-14 02:12:18 - [TEST_STEP][PASSED] - delay: Delayed 4 second(s)

2018-12-14 02:12:22 - [MESSAGE][PASSED] - Delayed 4 second(s)

2018-12-14 02:12:22 - [TEST_STEP][PASSED] - setText: Text 'klpkrbo2@gmail.com' is set on object 'Object Repository/Final Object Repo/Login Page/Internal User/Email Address'

2018-12-14 02:12:22 - [MESSAGE][PASSED] - Text 'klpkrbo2@gmail.com' is set on object 'Object Repository/Final Object Repo/Login Page/Internal User/Email Address'

2018-12-14 02:12:22 - [TEST_STEP][PASSED] - click: Object: 'Object Repository/Final Object Repo/Login Page/Internal User/Next Button' is clicked on

2018-12-14 02:12:22 - [MESSAGE][PASSED] - Object: 'Object Repository/Final Object Repo/Login Page/Internal User/Next Button' is clicked on

2018-12-14 02:12:22 - [TEST_STEP][PASSED] - delay: Delayed 2 second(s)

2018-12-14 02:12:24 - [MESSAGE][PASSED] - Delayed 2 second(s)

2018-12-14 02:12:24 - [TEST_STEP][PASSED] - setText: Text 'Test1@3456789' is set on object 'Object Repository/Final Object Repo/Login Page/Internal User/Password'

2018-12-14 02:12:25 - [MESSAGE][PASSED] - Text 'Test1@3456789' is set on object 'Object Repository/Final Object Repo/Login Page/Internal User/Password'

2018-12-14 02:12:25 - [TEST_STEP][PASSED] - delay: Delayed 2 second(s)

2018-12-14 02:12:27 - [MESSAGE][PASSED] - Delayed 2 second(s)

2018-12-14 02:12:27 - [TEST_STEP][PASSED] - click: Object: 'Object Repository/Final Object Repo/Login Page/Internal User/Login Button' is clicked on

2018-12-14 02:12:27 - [MESSAGE][PASSED] - Object: 'Object Repository/Final Object Repo/Login Page/Internal User/Login Button' is clicked on

2018-12-14 02:12:27 - [TEST_STEP][PASSED] - delay: Delayed 4 second(s)

2018-12-14 02:12:31 - [MESSAGE][PASSED] - Delayed 4 second(s)

2018-12-14 02:12:31 - [TEST_STEP][PASSED] - Statement - Try: Delayed 2 second(s)

2018-12-14 02:12:31 - [TEST_STEP][PASSED] - Statement - Checker = false: null

2018-12-14 02:12:31 - [TEST_STEP][PASSED] - Statement - Checker = com.kms.katalon.core.webui.keyword.WebUiBuiltInKeywords.verifyElementHasAttribute(com.kms.katalon.core.testobject.ObjectRepository.findTestObject(Final Object Repo/Landing Page/BM Detecting), "href", 20, OPTIONAL): Object 'Object Repository/Final Object Repo/Landing Page/BM Detecting' has attribute 'href'

2018-12-14 02:12:31 - [MESSAGE][PASSED] - Object 'Object Repository/Final Object Repo/Landing Page/BM Detecting' has attribute 'href'

2018-12-14 02:12:31 - [TEST_STEP][PASSED] - Statement - out.println(Checker): null

2018-12-14 02:12:31 - [TEST_STEP][PASSED] - Statement - If (Checker == false): null

2018-12-14 02:12:31 - [TEST_STEP][PASSED] - Statement - Else: null

2018-12-14 02:12:31 - [TEST_STEP][PASSED] - delay: Delayed 2 second(s)

2018-12-14 02:12:33 - [MESSAGE][PASSED] - Delayed 2 second(s)

2018-12-14 02:12:33 - [TEST_STEP][PASSED] - delay: Delayed 4 second(s)

2018-12-14 02:12:37 - [MESSAGE][PASSED] - Delayed 4 second(s)

2018-12-14 02:12:37 - [TEST_STEP][PASSED] - click: Object: 'Object Repository/Final Object Repo/Landing Page/My Sites Drop Down' is clicked on

2018-12-14 02:12:37 - [MESSAGE][PASSED] - Object: 'Object Repository/Final Object Repo/Landing Page/My Sites Drop Down' is clicked on

2018-12-14 02:12:37 - [TEST_STEP][PASSED] - click: Object: 'Object Repository/Final Object Repo/Landing Page/Select to Registration Module' is clicked on

2018-12-14 02:12:38 - [MESSAGE][PASSED] - Object: 'Object Repository/Final Object Repo/Landing Page/Select to Registration Module' is clicked on

2018-12-14 02:12:38 - [TEST_STEP][PASSED] - delay: Delayed 2 second(s)

2018-12-14 02:12:40 - [MESSAGE][PASSED] - Delayed 2 second(s)

2018-12-14 02:12:40 - [TEST_STEP][PASSED] - mouseOver: Object: 'Object Repository/Final Object Repo/Page_Update Add New Employee - ASSIST/Hover Over Search Drop Down' is hovered

2018-12-14 02:12:40 - [MESSAGE][PASSED] - Object: 'Object Repository/Final Object Repo/Page_Update Add New Employee - ASSIST/Hover Over Search Drop Down' is hovered

2018-12-14 02:12:40 - [TEST_STEP][PASSED] - click: Object: 'Object Repository/Final Object Repo/Page_Update Add New Employee - ASSIST/Select Search Pending Case' is clicked on

2018-12-14 02:12:41 - [MESSAGE][PASSED] - Object: 'Object Repository/Final Object Repo/Page_Update Add New Employee - ASSIST/Select Search Pending Case' is clicked on

2018-12-14 02:12:41 - [TEST_STEP][PASSED] - click: Object: 'Object Repository/Final Object Repo/Page_Update Add New Employee - ASSIST/Select Searching Method (Employer Code)' is clicked on

2018-12-14 02:12:41 - [MESSAGE][PASSED] - Object: 'Object Repository/Final Object Repo/Page_Update Add New Employee - ASSIST/Select Searching Method (Employer Code)' is clicked on

2018-12-14 02:12:41 - [TEST_STEP][PASSED] - click: Object: 'Object Repository/Final Object Repo/Page_Update Add New Employee - ASSIST/Select Searching Method to Reference ID' is clicked on

2018-12-14 02:12:41 - [MESSAGE][PASSED] - Object: 'Object Repository/Final Object Repo/Page_Update Add New Employee - ASSIST/Select Searching Method to Reference ID' is clicked on

2018-12-14 02:12:41 - [TEST_STEP][PASSED] - setText: Text 'CAN12201800002354' is set on object 'Object Repository/Final Object Repo/Page_Update Add New Employee - ASSIST/Pending Case Ref NO'

2018-12-14 02:12:42 - [MESSAGE][PASSED] - Text 'CAN12201800002354' is set on object 'Object Repository/Final Object Repo/Page_Update Add New Employee - ASSIST/Pending Case Ref NO'

2018-12-14 02:12:42 - [TEST_STEP][PASSED] - click: Object: 'Object Repository/Final Object Repo/Page_Update Add New Employee - ASSIST/Search Pending Case Based on Ref No' is clicked on

2018-12-14 02:12:42 - [MESSAGE][PASSED] - Object: 'Object Repository/Final Object Repo/Page_Update Add New Employee - ASSIST/Search Pending Case Based on Ref No' is clicked on

2018-12-14 02:12:42 - [TEST_STEP][PASSED] - click: Object: 'Object Repository/Final Object Repo/Page_Update Add New Employee - ASSIST/Action Button after found case' is clicked on

2018-12-14 02:12:45 - [MESSAGE][PASSED] - Object: 'Object Repository/Final Object Repo/Page_Update Add New Employee - ASSIST/Action Button after found case' is clicked on

2018-12-14 02:12:45 - [TEST_STEP][PASSED] - click: Object: 'Object Repository/Final Object Repo/Page_Update Add New Employee - ASSIST/Next Button in Pending Case First Page' is clicked on

2018-12-14 02:12:47 - [MESSAGE][PASSED] - Object: 'Object Repository/Final Object Repo/Page_Update Add New Employee - ASSIST/Next Button in Pending Case First Page' is clicked on

2018-12-14 02:12:47 - [TEST_STEP][PASSED] - click: Object: 'Object Repository/Final Object Repo/Page_Update Add New Employee - ASSIST/Next Button in Third Screen' is clicked on

2018-12-14 02:12:50 - [MESSAGE][PASSED] - Object: 'Object Repository/Final Object Repo/Page_Update Add New Employee - ASSIST/Next Button in Third Screen' is clicked on

2018-12-14 02:12:50 - [TEST_STEP][PASSED] - click: Object: 'Object Repository/Final Object Repo/Page_Update Add New Employee - ASSIST/Add Document for Pending Case' is clicked on

2018-12-14 02:12:50 - [MESSAGE][PASSED] - Object: 'Object Repository/Final Object Repo/Page_Update Add New Employee - ASSIST/Add Document for Pending Case' is clicked on

2018-12-14 02:12:50 - [TEST_STEP][PASSED] - delay: Delayed 10 second(s)

2018-12-14 02:13:00 - [MESSAGE][PASSED] - Delayed 10 second(s)

2018-12-14 02:13:00 - [TEST_STEP][PASSED] - click: Object: 'Object Repository/Final Object Repo/Page_Update Add New Employee - ASSIST/Upload Pending Doc - Please Select' is clicked on

2018-12-14 02:13:00 - [MESSAGE][PASSED] - Object: 'Object Repository/Final Object Repo/Page_Update Add New Employee - ASSIST/Upload Pending Doc - Please Select' is clicked on

2018-12-14 02:13:00 - [TEST_STEP][PASSED] - click: Object: 'Object Repository/Final Object Repo/Page_Update Add New Employee - ASSIST/Select to Others to Upload' is clicked on

2018-12-14 02:13:00 - [MESSAGE][PASSED] - Object: 'Object Repository/Final Object Repo/Page_Update Add New Employee - ASSIST/Select to Others to Upload' is clicked on

2018-12-14 02:13:00 - [TEST_STEP][PASSED] - uploadFile: File 'C:\Users\Public\Pictures\Sample Pictures\Koala.jpg' sent to object: 'Object Repository/Final Object Repo/Page_Update Add New Employee - ASSIST/Uploading Pending Case Action'

2018-12-14 02:13:00 - [MESSAGE][PASSED] - File 'C:\Users\Public\Pictures\Sample Pictures\Koala.jpg' sent to object: 'Object Repository/Final Object Repo/Page_Update Add New Employee - ASSIST/Uploading Pending Case Action'

2018-12-14 02:13:00 - [TEST_STEP][PASSED] - click: Object: 'Object Repository/Final Object Repo/Page_Update Add New Employee - ASSIST/Inner form Add Document Button Pending Case' is clicked on

2018-12-14 02:13:01 - [MESSAGE][PASSED] - Object: 'Object Repository/Final Object Repo/Page_Update Add New Employee - ASSIST/Inner form Add Document Button Pending Case' is clicked on

2018-12-14 02:13:01 - [TEST_STEP][PASSED] - delay: Delayed 2 second(s)

2018-12-14 02:13:03 - [MESSAGE][PASSED] - Delayed 2 second(s)

2018-12-14 02:13:03 - [TEST_STEP][PASSED] - click: Object: 'Object Repository/Final Object Repo/Page_Update Add New Employee - ASSIST/Pending Case Exit' is clicked on

2018-12-14 02:13:06 - [MESSAGE][PASSED] - Object: 'Object Repository/Final Object Repo/Page_Update Add New Employee - ASSIST/Pending Case Exit' is clicked on

2018-12-14 02:13:06 - [TEST_STEP][PASSED] - callTestCase: Call Test Case 'Test Cases/Final Aug 2018 - PKS Automation/Registration Module/Log Out/log out avoiding katalon tagging' successfully

2018-12-14 02:13:06 - [TEST_CASE][PASSED] - Test Cases/Final Aug 2018 - PKS Automation/Registration Module/Log Out/log out avoiding katalon tagging: Test Cases/Final Aug 2018 - PKS Automation/Registration Module/Log Out/log out avoiding katalon tagging

2018-12-14 02:13:06 - [TEST_STEP][PASSED] - navigateToUrl: Navigate to 'https://assist2-uat.perkeso.gov.my/c/portal/logout' successfully

2018-12-14 02:13:06 - [MESSAGE][PASSED] - Navigate to 'https://assist2-uat.perkeso.gov.my/c/portal/logout' successfully

2018-12-14 02:13:06 - [MESSAGE][PASSED] - Call Test Case 'Test Cases/Final Aug 2018 - PKS Automation/Registration Module/Log Out/log out avoiding katalon tagging' successfully

2018-12-14 02:13:06 - [TEST_STEP][PASSED] - callTestCase: Call Test Case 'Test Cases/Final Aug 2018 - PKS Automation/Common/Workflow Owner Finder' successfully

2018-12-14 02:13:06 - [TEST_CASE][PASSED] - Test Cases/Final Aug 2018 - PKS Automation/Common/Workflow Owner Finder: Test Cases/Final Aug 2018 - PKS Automation/Common/Workflow Owner Finder

2018-12-14 02:13:07 - [TEST_STEP][PASSED] - openBrowser: Browser is opened with url: ''

2018-12-14 02:13:07 - [MESSAGE][WARNING] - A browser is already opened. Closing browser and opening a new one

2018-12-14 02:13:10 - [MESSAGE][PASSED] - Browser is opened with url: ''

2018-12-14 02:13:10 - [TEST_STEP][PASSED] - navigateToUrl: Navigate to 'https://assist2-uat.perkeso.gov.my/login' successfully

2018-12-14 02:13:11 - [MESSAGE][PASSED] - Navigate to 'https://assist2-uat.perkeso.gov.my/login' successfully

2018-12-14 02:13:11 - [TEST_STEP][PASSED] - delay: Delayed 5 second(s)

2018-12-14 02:13:16 - [MESSAGE][PASSED] - Delayed 5 second(s)

2018-12-14 02:13:16 - [TEST_STEP][PASSED] - setText: Text 'test@liferay.com' is set on object 'Object Repository/Final Object Repo/Login Page/Internal User/Email Address'

2018-12-14 02:13:17 - [MESSAGE][PASSED] - Text 'test@liferay.com' is set on object 'Object Repository/Final Object Repo/Login Page/Internal User/Email Address'

2018-12-14 02:13:17 - [TEST_STEP][PASSED] - click: Object: 'Object Repository/Final Object Repo/Login Page/Internal User/Next Button' is clicked on

2018-12-14 02:13:17 - [MESSAGE][PASSED] - Object: 'Object Repository/Final Object Repo/Login Page/Internal User/Next Button' is clicked on

2018-12-14 02:13:17 - [TEST_STEP][PASSED] - delay: Delayed 2 second(s)

2018-12-14 02:13:19 - [MESSAGE][PASSED] - Delayed 2 second(s)

2018-12-14 02:13:19 - [TEST_STEP][PASSED] - setText: Text 'test' is set on object 'Object Repository/Final Object Repo/Login Page/Internal User/Password'

2018-12-14 02:13:19 - [MESSAGE][PASSED] - Text 'test' is set on object 'Object Repository/Final Object Repo/Login Page/Internal User/Password'

2018-12-14 02:13:19 - [TEST_STEP][PASSED] - delay: Delayed 2 second(s)

2018-12-14 02:13:21 - [MESSAGE][PASSED] - Delayed 2 second(s)

2018-12-14 02:13:21 - [TEST_STEP][PASSED] - click: Object: 'Object Repository/Final Object Repo/Login Page/Internal User/Login Button' is clicked on

2018-12-14 02:13:21 - [MESSAGE][PASSED] - Object: 'Object Repository/Final Object Repo/Login Page/Internal User/Login Button' is clicked on

2018-12-14 02:13:21 - [TEST_STEP][PASSED] - Statement - tester = com.kms.katalon.core.testobject.ObjectRepository.findTestObject(Final Object Repo/Landing Page/Select to English): Finding Test Object with id 'Object Repository/Final Object Repo/Landing Page/Select to English'

2018-12-14 02:13:21 - [TEST_STEP][PASSED] - Statement - Try: Delayed 2 second(s)

2018-12-14 02:13:21 - [TEST_STEP][PASSED] - Statement - Checker = com.kms.katalon.core.webui.keyword.WebUiBuiltInKeywords.verifyElementNotPresent(tester, 3): Web element with id: 'Object Repository/Final Object Repo/Landing Page/Select to English' located by 'By.xpath: //a[@class = 'taglib-language-list-text' and @lang = 'en-US' and (contains(text(), 'EN') or contains(., 'EN'))]' is not present after '3' second(s)

2018-12-14 02:13:23 - [MESSAGE][PASSED] - Web element with id: 'Object Repository/Final Object Repo/Landing Page/Select to English' located by 'By.xpath: //a[@class = 'taglib-language-list-text' and @lang = 'en-US' and (contains(text(), 'EN') or contains(., 'EN'))]' is not present after '3' second(s)

2018-12-14 02:13:23 - [TEST_STEP][PASSED] - Statement - If (Checker == false): null

2018-12-14 02:13:23 - [TEST_STEP][PASSED] - delay: Delayed 2 second(s)

2018-12-14 02:13:25 - [MESSAGE][PASSED] - Delayed 2 second(s)

2018-12-14 02:13:25 - [TEST_STEP][PASSED] - delay: Delayed 5 second(s)

2018-12-14 02:13:30 - [MESSAGE][PASSED] - Delayed 5 second(s)

2018-12-14 02:13:30 - [TEST_STEP][PASSED] - mouseOver: Object: 'Object Repository/Final Object Repo/Landing Page/WorkFlow Menu' is hovered

2018-12-14 02:13:30 - [MESSAGE][PASSED] - Object: 'Object Repository/Final Object Repo/Landing Page/WorkFlow Menu' is hovered

2018-12-14 02:13:30 - [TEST_STEP][PASSED] - delay: Delayed 2 second(s)

2018-12-14 02:13:32 - [MESSAGE][PASSED] - Delayed 2 second(s)

2018-12-14 02:13:32 - [TEST_STEP][PASSED] - click: Object: 'Object Repository/Final Object Repo/Landing Page/Select to Workflow Listing' is clicked on

2018-12-14 02:13:33 - [MESSAGE][PASSED] - Object: 'Object Repository/Final Object Repo/Landing Page/Select to Workflow Listing' is clicked on

2018-12-14 02:13:33 - [TEST_STEP][PASSED] - delay: Delayed 2 second(s)

2018-12-14 02:13:35 - [MESSAGE][PASSED] - Delayed 2 second(s)

2018-12-14 02:13:35 - [TEST_STEP][PASSED] - click: Object: 'Object Repository/Final Object Repo/WorkFlow Listing Page/Search Information - To Put Ref No' is clicked on

2018-12-14 02:13:36 - [MESSAGE][PASSED] - Object: 'Object Repository/Final Object Repo/WorkFlow Listing Page/Search Information - To Put Ref No' is clicked on

2018-12-14 02:13:36 - [TEST_STEP][PASSED] - delay: Delayed 2 second(s)

2018-12-14 02:13:38 - [MESSAGE][PASSED] - Delayed 2 second(s)

2018-12-14 02:13:38 - [TEST_STEP][PASSED] - callTestCase: Call Test Case 'Test Cases/Final Aug 2018 - PKS Automation/Common/Reference Number Getter' successfully

2018-12-14 02:13:38 - [TEST_CASE][PASSED] - Test Cases/Final Aug 2018 - PKS Automation/Common/Reference Number Getter: Test Cases/Final Aug 2018 - PKS Automation/Common/Reference Number Getter

2018-12-14 02:13:38 - [TEST_STEP][PASSED] - Statement - Try: null

2018-12-14 02:13:38 - [TEST_STEP][PASSED] - Statement - RefNo = new java.io.File(C://Users//Admin//Desktop//PKS//Automation Reference Point//KatalonReference.txt): null

2018-12-14 02:13:38 - [TEST_STEP][PASSED] - Statement - bufferread = new java.io.BufferedReader(new java.io.FileReader(RefNo)): null

2018-12-14 02:13:38 - [TEST_STEP][PASSED] - Statement - readedVal = bufferread.readLine(): null

2018-12-14 02:13:38 - [TEST_STEP][PASSED] - Statement - out.println(CaseReferenceNo): null

2018-12-14 02:13:38 - [TEST_STEP][PASSED] - Statement - out.println(readedVal): null

2018-12-14 02:13:38 - [TEST_STEP][PASSED] - Statement - CaseReferenceNo = "": null

2018-12-14 02:13:38 - [TEST_STEP][PASSED] - Statement - CaseReferenceNo = readedVal: null

2018-12-14 02:13:38 - [MESSAGE][PASSED] - Call Test Case 'Test Cases/Final Aug 2018 - PKS Automation/Common/Reference Number Getter' successfully

2018-12-14 02:13:38 - [TEST_STEP][PASSED] - setText: Text 'CAN12201800002354' is set on object 'Object Repository/Final Object Repo/WorkFlow Listing Page/Ref No Set Text'

2018-12-14 02:13:38 - [MESSAGE][PASSED] - Text 'CAN12201800002354' is set on object 'Object Repository/Final Object Repo/WorkFlow Listing Page/Ref No Set Text'

2018-12-14 02:13:38 - [TEST_STEP][PASSED] - delay: Delayed 2 second(s)

2018-12-14 02:13:40 - [MESSAGE][PASSED] - Delayed 2 second(s)

2018-12-14 02:13:40 - [TEST_STEP][PASSED] - click: Object: 'Object Repository/Final Object Repo/WorkFlow Listing Page/Search Ref No Search Button' is clicked on

2018-12-14 02:13:40 - [MESSAGE][PASSED] - Object: 'Object Repository/Final Object Repo/WorkFlow Listing Page/Search Ref No Search Button' is clicked on

2018-12-14 02:13:40 - [TEST_STEP][PASSED] - delay: Delayed 6 second(s)

2018-12-14 02:13:46 - [MESSAGE][PASSED] - Delayed 6 second(s)

2018-12-14 02:13:46 - [TEST_STEP][PASSED] - click: Object: 'Object Repository/Final Object Repo/WorkFlow Listing Page/Click Continue Tooltip' is clicked on

2018-12-14 02:13:47 - [MESSAGE][PASSED] - Object: 'Object Repository/Final Object Repo/WorkFlow Listing Page/Click Continue Tooltip' is clicked on

2018-12-14 02:13:47 - [TEST_STEP][PASSED] - delay: Delayed 5 second(s)

2018-12-14 02:13:52 - [MESSAGE][PASSED] - Delayed 5 second(s)

2018-12-14 02:13:52 - [TEST_STEP][PASSED] - doubleClick: Object: 'Object Repository/Final Object Repo/WorkFlow Listing Page/Workflow Found - Listing 1' is double clicked on

2018-12-14 02:13:52 - [MESSAGE][PASSED] - Object: 'Object Repository/Final Object Repo/WorkFlow Listing Page/Workflow Found - Listing 1' is double clicked on

2018-12-14 02:13:52 - [TEST_STEP][PASSED] - Statement - println(OwnerID): null

2018-12-14 02:13:52 - [TEST_STEP][PASSED] - Statement - OwnerID = com.kms.katalon.core.webui.keyword.WebUiBuiltInKeywords.getText(com.kms.katalon.core.testobject.ObjectRepository.findTestObject(Final Object Repo/WorkFlow Listing Page/Workflow Found - Listing 1), STOP_ON_FAILURE): Text of object 'Object Repository/Final Object Repo/WorkFlow Listing Page/Workflow Found - Listing 1' is: 'JOHORro2'

2018-12-14 02:13:52 - [MESSAGE][PASSED] - Text of object 'Object Repository/Final Object Repo/WorkFlow Listing Page/Workflow Found - Listing 1' is: 'JOHORro2'

2018-12-14 02:13:52 - [TEST_STEP][PASSED] - Statement - OwnerID = OwnerID.toLowerCase() + "@gmail.com": null

2018-12-14 02:13:52 - [TEST_STEP][PASSED] - Statement - println(OwnerID): null

2018-12-14 02:13:52 - [TEST_STEP][PASSED] - delay: Delayed 2 second(s)

2018-12-14 02:13:54 - [MESSAGE][PASSED] - Delayed 2 second(s)

2018-12-14 02:13:54 - [MESSAGE][PASSED] - Call Test Case 'Test Cases/Final Aug 2018 - PKS Automation/Common/Workflow Owner Finder' successfully

2018-12-14 02:13:54 - [TEST_STEP][PASSED] - callTestCase: Call Test Case 'Test Cases/Final Aug 2018 - PKS Automation/Registration Module/Log Out/log out avoiding katalon tagging' successfully

2018-12-14 02:13:54 - [TEST_CASE][PASSED] - Test Cases/Final Aug 2018 - PKS Automation/Registration Module/Log Out/log out avoiding katalon tagging: Test Cases/Final Aug 2018 - PKS Automation/Registration Module/Log Out/log out avoiding katalon tagging

2018-12-14 02:13:54 - [TEST_STEP][PASSED] - navigateToUrl: Navigate to 'https://assist2-uat.perkeso.gov.my/c/portal/logout' successfully

2018-12-14 02:13:55 - [MESSAGE][PASSED] - Navigate to 'https://assist2-uat.perkeso.gov.my/c/portal/logout' successfully

2018-12-14 02:13:55 - [MESSAGE][PASSED] - Call Test Case 'Test Cases/Final Aug 2018 - PKS Automation/Registration Module/Log Out/log out avoiding katalon tagging' successfully

2018-12-14 02:13:55 - [TEST_STEP][PASSED] - delay: Delayed 2 second(s)

2018-12-14 02:13:57 - [MESSAGE][PASSED] - Delayed 2 second(s)

2018-12-14 02:13:57 - [TEST_STEP][PASSED] - setText: Text 'johorro2@gmail.com' is set on object 'Object Repository/Final Object Repo/Page_Update Add New Employee - ASSIST/Email TextBox'

2018-12-14 02:13:57 - [MESSAGE][PASSED] - Text 'johorro2@gmail.com' is set on object 'Object Repository/Final Object Repo/Page_Update Add New Employee - ASSIST/Email TextBox'

2018-12-14 02:13:57 - [TEST_STEP][PASSED] - click: Object: 'Object Repository/Final Object Repo/Page_Update Add New Employee - ASSIST/Next Button' is clicked on

2018-12-14 02:13:58 - [MESSAGE][PASSED] - Object: 'Object Repository/Final Object Repo/Page_Update Add New Employee - ASSIST/Next Button' is clicked on

2018-12-14 02:13:58 - [TEST_STEP][PASSED] - delay: Delayed 2 second(s)

2018-12-14 02:14:00 - [MESSAGE][PASSED] - Delayed 2 second(s)

2018-12-14 02:14:00 - [TEST_STEP][PASSED] - setText: Text 'Test1@3456789' is set on object 'Object Repository/Final Object Repo/Page_Update Add New Employee - ASSIST/Password TextBox'

2018-12-14 02:14:00 - [MESSAGE][PASSED] - Text 'Test1@3456789' is set on object 'Object Repository/Final Object Repo/Page_Update Add New Employee - ASSIST/Password TextBox'

2018-12-14 02:14:00 - [TEST_STEP][PASSED] - delay: Delayed 2 second(s)

2018-12-14 02:14:02 - [MESSAGE][PASSED] - Delayed 2 second(s)

2018-12-14 02:14:02 - [TEST_STEP][PASSED] - click: Object: 'Object Repository/Final Object Repo/Page_Update Add New Employee - ASSIST/Login Button' is clicked on

2018-12-14 02:14:02 - [MESSAGE][PASSED] - Object: 'Object Repository/Final Object Repo/Page_Update Add New Employee - ASSIST/Login Button' is clicked on

2018-12-14 02:14:02 - [TEST_STEP][PASSED] - delay: Delayed 4 second(s)

2018-12-14 02:14:06 - [MESSAGE][PASSED] - Delayed 4 second(s)

2018-12-14 02:14:06 - [TEST_STEP][PASSED] - Statement - Try: Delayed 2 second(s)

2018-12-14 02:14:06 - [TEST_STEP][PASSED] - Statement - Checker = false: null

2018-12-14 02:14:06 - [TEST_STEP][PASSED] - Statement - Checker = com.kms.katalon.core.webui.keyword.WebUiBuiltInKeywords.verifyElementHasAttribute(com.kms.katalon.core.testobject.ObjectRepository.findTestObject(Final Object Repo/Landing Page/BM Detecting), "href", 20, OPTIONAL): Object 'Object Repository/Final Object Repo/Landing Page/BM Detecting' has attribute 'href'

2018-12-14 02:14:06 - [MESSAGE][PASSED] - Object 'Object Repository/Final Object Repo/Landing Page/BM Detecting' has attribute 'href'

2018-12-14 02:14:06 - [TEST_STEP][PASSED] - Statement - out.println(Checker): null

2018-12-14 02:14:06 - [TEST_STEP][PASSED] - Statement - If (Checker == false): null

2018-12-14 02:14:06 - [TEST_STEP][PASSED] - Statement - Else: null

2018-12-14 02:14:06 - [TEST_STEP][PASSED] - delay: Delayed 2 second(s)

2018-12-14 02:14:08 - [MESSAGE][PASSED] - Delayed 2 second(s)

2018-12-14 02:14:08 - [TEST_STEP][PASSED] - delay: Delayed 4 second(s)

2018-12-14 02:14:12 - [MESSAGE][PASSED] - Delayed 4 second(s)

2018-12-14 02:14:12 - [TEST_STEP][PASSED] - click: Object: 'Object Repository/Final Object Repo/New Registration - Registration Module Pages/New Reg - OTC to RO/Special Case - All Related Objects/Expand to Search' is clicked on

2018-12-14 02:14:12 - [MESSAGE][PASSED] - Object: 'Object Repository/Final Object Repo/New Registration - Registration Module Pages/New Reg - OTC to RO/Special Case - All Related Objects/Expand to Search' is clicked on

2018-12-14 02:14:12 - [TEST_STEP][FAILED] - setText: Unable to set text 'CAN12201800002354' of object 'Object Repository/Final Object Repo/New Registration - Registration Module Pages/New Reg - OTC to RO/Special Case - All Related Objects/TextBox RefNo in Workbasket' (Root cause: org.openqa.selenium.ElementNotVisibleException: element not interactable
  (Session info: chrome=70.0.3538.110)
  (Driver info: chromedriver=2.43.600210 (68dcf5eebde37173d4027fa8635e332711d2874a),platform=Windows NT 6.1.7601 SP1 x86_64) (WARNING: The server did not provide any stacktrace information)
Command duration or timeout: 0 milliseconds
Build info: version: '3.7.1', revision: '8a0099a', time: '2017-11-06T21:07:36.161Z'
System info: host: 'WIN7TEST02', ip: '10.20.3.72', os.name: 'Windows 7', os.arch: 'amd64', os.version: '6.1', java.version: '1.8.0_181'
Driver info: com.kms.katalon.selenium.driver.CChromeDriver
Capabilities {acceptInsecureCerts: false, acceptSslCerts: false, applicationCacheEnabled: false, browserConnectionEnabled: false, browserName: chrome, chrome: {chromedriverVersion: 2.43.600210 (68dcf5eebde371..., userDataDir: C:\Users\Admin\AppData\Loca...}, cssSelectorsEnabled: true, databaseEnabled: false, goog:chromeOptions: {debuggerAddress: localhost:64319}, handlesAlerts: true, hasTouchScreen: false, javascriptEnabled: true, locationContextEnabled: true, mobileEmulationEnabled: false, nativeEvents: true, networkConnectionEnabled: false, pageLoadStrategy: normal, platform: XP, platformName: XP, rotatable: false, setWindowRect: true, takesHeapSnapshot: true, takesScreenshot: true, unexpectedAlertBehaviour: , unhandledPromptBehavior: , version: 70.0.3538.110, webStorageEnabled: true}
Session ID: 373c6b5fe82297f4aa0a9a790fa679c6)

2018-12-14 02:14:13 - [MESSAGE][FAILED] - Unable to set text 'CAN12201800002354' of object 'Object Repository/Final Object Repo/New Registration - Registration Module Pages/New Reg - OTC to RO/Special Case - All Related Objects/TextBox RefNo in Workbasket' (Root cause: org.openqa.selenium.ElementNotVisibleException: element not interactable
  (Session info: chrome=70.0.3538.110)
  (Driver info: chromedriver=2.43.600210 (68dcf5eebde37173d4027fa8635e332711d2874a),platform=Windows NT 6.1.7601 SP1 x86_64) (WARNING: The server did not provide any stacktrace information)
Command duration or timeout: 0 milliseconds
Build info: version: '3.7.1', revision: '8a0099a', time: '2017-11-06T21:07:36.161Z'
System info: host: 'WIN7TEST02', ip: '10.20.3.72', os.name: 'Windows 7', os.arch: 'amd64', os.version: '6.1', java.version: '1.8.0_181'
Driver info: com.kms.katalon.selenium.driver.CChromeDriver
Capabilities {acceptInsecureCerts: false, acceptSslCerts: false, applicationCacheEnabled: false, browserConnectionEnabled: false, browserName: chrome, chrome: {chromedriverVersion: 2.43.600210 (68dcf5eebde371..., userDataDir: C:\Users\Admin\AppData\Loca...}, cssSelectorsEnabled: true, databaseEnabled: false, goog:chromeOptions: {debuggerAddress: localhost:64319}, handlesAlerts: true, hasTouchScreen: false, javascriptEnabled: true, locationContextEnabled: true, mobileEmulationEnabled: false, nativeEvents: true, networkConnectionEnabled: false, pageLoadStrategy: normal, platform: XP, platformName: XP, rotatable: false, setWindowRect: true, takesHeapSnapshot: true, takesScreenshot: true, unexpectedAlertBehaviour: , unhandledPromptBehavior: , version: 70.0.3538.110, webStorageEnabled: true}
Session ID: 373c6b5fe82297f4aa0a9a790fa679c6)
[[ATTACHMENT|C:\\Users\\Admin\\Desktop\\PKS\\Perkeso Phase A\\Reports\\Workflow\\Update Add New Employee\\20181213_225844\\1544724852919.png]]

2018-12-14 02:14:13 - [TEST_STEP][PASSED] - delay: Delayed 2 second(s)

2018-12-14 02:14:15 - [MESSAGE][PASSED] - Delayed 2 second(s)

2018-12-14 02:14:15 - [TEST_STEP][PASSED] - click: Object: 'Object Repository/Final Object Repo/New Registration - Registration Module Pages/New Reg - OTC to RO/Special Case - All Related Objects/Click Search' is clicked on

2018-12-14 02:14:15 - [MESSAGE][PASSED] - Object: 'Object Repository/Final Object Repo/New Registration - Registration Module Pages/New Reg - OTC to RO/Special Case - All Related Objects/Click Search' is clicked on

2018-12-14 02:14:15 - [TEST_STEP][PASSED] - delay: Delayed 2 second(s)

2018-12-14 02:14:17 - [MESSAGE][PASSED] - Delayed 2 second(s)

2018-12-14 02:14:17 - [TEST_STEP][PASSED] - click: Object: 'Object Repository/Final Object Repo/New Registration - Registration Module Pages/New Reg - OTC to RO/Special Case - All Related Objects/Click to Continue Workflow' is clicked on

2018-12-14 02:14:21 - [MESSAGE][PASSED] - Object: 'Object Repository/Final Object Repo/New Registration - Registration Module Pages/New Reg - OTC to RO/Special Case - All Related Objects/Click to Continue Workflow' is clicked on

2018-12-14 02:14:21 - [TEST_STEP][PASSED] - delay: Delayed 2 second(s)

2018-12-14 02:14:23 - [MESSAGE][PASSED] - Delayed 2 second(s)

2018-12-14 02:14:23 - [TEST_STEP][PASSED] - click: Object: 'Object Repository/Final Object Repo/New Registration - Registration Module Pages/New Reg - OTC to RO/Special Case - All Related Objects/Continue Button in verifying case' is clicked on

2018-12-14 02:14:26 - [MESSAGE][PASSED] - Object: 'Object Repository/Final Object Repo/New Registration - Registration Module Pages/New Reg - OTC to RO/Special Case - All Related Objects/Continue Button in verifying case' is clicked on

2018-12-14 02:14:26 - [TEST_STEP][PASSED] - delay: Delayed 2 second(s)

2018-12-14 02:14:28 - [MESSAGE][PASSED] - Delayed 2 second(s)

2018-12-14 02:14:28 - [TEST_STEP][PASSED] - click: Object: 'Object Repository/Final Object Repo/Page_Update Add New Employee - ASSIST/Save  Continue Button' is clicked on

2018-12-14 02:14:29 - [MESSAGE][PASSED] - Object: 'Object Repository/Final Object Repo/Page_Update Add New Employee - ASSIST/Save  Continue Button' is clicked on

2018-12-14 02:14:29 - [TEST_STEP][PASSED] - delay: Delayed 6 second(s)

2018-12-14 02:14:35 - [MESSAGE][PASSED] - Delayed 6 second(s)

2018-12-14 02:14:35 - [TEST_STEP][PASSED] - click: Object: 'Object Repository/Final Object Repo/Page_Update Add New Employee - ASSIST/Save  Continue Third Screen' is clicked on

2018-12-14 02:14:38 - [MESSAGE][PASSED] - Object: 'Object Repository/Final Object Repo/Page_Update Add New Employee - ASSIST/Save  Continue Third Screen' is clicked on

2018-12-14 02:14:38 - [TEST_STEP][PASSED] - delay: Delayed 4 second(s)

2018-12-14 02:14:42 - [MESSAGE][PASSED] - Delayed 4 second(s)

2018-12-14 02:14:42 - [TEST_STEP][PASSED] - click: Object: 'Object Repository/Final Object Repo/Page_Update Add New Employee - ASSIST/Save   Continue Supporting Doc Page' is clicked on

2018-12-14 02:14:42 - [MESSAGE][PASSED] - Object: 'Object Repository/Final Object Repo/Page_Update Add New Employee - ASSIST/Save   Continue Supporting Doc Page' is clicked on

2018-12-14 02:14:42 - [TEST_STEP][PASSED] - delay: Delayed 4 second(s)

2018-12-14 02:14:46 - [MESSAGE][PASSED] - Delayed 4 second(s)

2018-12-14 02:14:46 - [TEST_STEP][PASSED] - click: Object: 'Object Repository/Final Object Repo/Page_Update Add New Employee - ASSIST/Submit Button' is clicked on

2018-12-14 02:14:46 - [MESSAGE][PASSED] - Object: 'Object Repository/Final Object Repo/Page_Update Add New Employee - ASSIST/Submit Button' is clicked on

2018-12-14 02:14:46 - [TEST_STEP][PASSED] - delay: Delayed 4 second(s)

2018-12-14 02:14:50 - [MESSAGE][PASSED] - Delayed 4 second(s)

2018-12-14 02:14:50 - [TEST_STEP][PASSED] - click: Object: 'Object Repository/Final Object Repo/Page_Update Add New Employee - ASSIST/Confirm Submit Button' is clicked on

2018-12-14 02:14:50 - [MESSAGE][PASSED] - Object: 'Object Repository/Final Object Repo/Page_Update Add New Employee - ASSIST/Confirm Submit Button' is clicked on

2018-12-14 02:14:50 - [TEST_STEP][PASSED] - delay: Delayed 30 second(s)

2018-12-14 02:15:20 - [MESSAGE][PASSED] - Delayed 30 second(s)

2018-12-14 02:15:20 - [TEST_STEP][PASSED] - callTestCase: Call Test Case 'Test Cases/Final Aug 2018 - PKS Automation/Common/Screenshoting tool' successfully

2018-12-14 02:15:20 - [TEST_CASE][PASSED] - Test Cases/Final Aug 2018 - PKS Automation/Common/Screenshoting tool: Test Cases/Final Aug 2018 - PKS Automation/Common/Screenshoting tool

2018-12-14 02:15:20 - [TEST_STEP][PASSED] - delay: Delayed 15 second(s)

2018-12-14 02:15:35 - [MESSAGE][PASSED] - Delayed 15 second(s)

2018-12-14 02:15:35 - [TEST_STEP][PASSED] - Statement - driver = com.kms.katalon.core.webui.driver.DriverFactory.getWebDriver(): null

2018-12-14 02:15:35 - [TEST_STEP][PASSED] - Statement - driver.manage().timeouts().implicitlyWait(10, SECONDS): null

2018-12-14 02:15:35 - [TEST_STEP][PASSED] - Statement - PresavePath = KatalonScreenshots: null

2018-12-14 02:15:35 - [TEST_STEP][PASSED] - Statement - pathPrefix = "C:\Users\Public\Pictures\Sample Pictures\Katalon Screenshots\Automate Ending Screen": null

2018-12-14 02:15:35 - [TEST_STEP][PASSED] - Statement - finalPath = <not implemented yet for class: org.codehaus.groovy.ast.expr.EmptyExpression>: null

2018-12-14 02:15:35 - [TEST_STEP][PASSED] - Statement - scrFile = driver.getScreenshotAs(FILE): null

2018-12-14 02:15:36 - [TEST_STEP][PASSED] - Statement - PreSaveFile = new java.io.File(PresavePath): null

2018-12-14 02:15:36 - [TEST_STEP][PASSED] - Statement - counter = 0: null

2018-12-14 02:15:36 - [TEST_STEP][PASSED] - Statement - If (PreSaveFile.exists()): null

2018-12-14 02:15:36 - [TEST_STEP][PASSED] - Statement - While (PreSaveFile.exists()): null

2018-12-14 02:15:36 - [TEST_STEP][PASSED] - Statement - counter = counter + 1: null

2018-12-14 02:15:36 - [TEST_STEP][PASSED] - Statement - PreSaveFile = new java.io.File(((pathPrefix + java.lang.Integer.toString(counter)) + .png)): null

2018-12-14 02:15:36 - [TEST_STEP][PASSED] - Statement - counter = counter + 1: null

2018-12-14 02:15:36 - [TEST_STEP][PASSED] - Statement - PreSaveFile = new java.io.File(((pathPrefix + java.lang.Integer.toString(counter)) + .png)): null

2018-12-14 02:15:36 - [TEST_STEP][PASSED] - Statement - counter = counter + 1: null

2018-12-14 02:15:36 - [TEST_STEP][PASSED] - Statement - PreSaveFile = new java.io.File(((pathPrefix + java.lang.Integer.toString(counter)) + .png)): null

2018-12-14 02:15:36 - [TEST_STEP][PASSED] - Statement - counter = counter + 1: null

2018-12-14 02:15:36 - [TEST_STEP][PASSED] - Statement - PreSaveFile = new java.io.File(((pathPrefix + java.lang.Integer.toString(counter)) + .png)): null

2018-12-14 02:15:36 - [TEST_STEP][PASSED] - Statement - counter = counter + 1: null

2018-12-14 02:15:36 - [TEST_STEP][PASSED] - Statement - PreSaveFile = new java.io.File(((pathPrefix + java.lang.Integer.toString(counter)) + .png)): null

2018-12-14 02:15:36 - [TEST_STEP][PASSED] - Statement - counter = counter + 1: null

2018-12-14 02:15:36 - [TEST_STEP][PASSED] - Statement - PreSaveFile = new java.io.File(((pathPrefix + java.lang.Integer.toString(counter)) + .png)): null

2018-12-14 02:15:36 - [TEST_STEP][PASSED] - Statement - counter = counter + 1: null

2018-12-14 02:15:36 - [TEST_STEP][PASSED] - Statement - PreSaveFile = new java.io.File(((pathPrefix + java.lang.Integer.toString(counter)) + .png)): null

2018-12-14 02:15:36 - [TEST_STEP][PASSED] - Statement - counter = counter + 1: null

2018-12-14 02:15:36 - [TEST_STEP][PASSED] - Statement - PreSaveFile = new java.io.File(((pathPrefix + java.lang.Integer.toString(counter)) + .png)): null

2018-12-14 02:15:36 - [TEST_STEP][PASSED] - Statement - counter = counter + 1: null

2018-12-14 02:15:36 - [TEST_STEP][PASSED] - Statement - PreSaveFile = new java.io.File(((pathPrefix + java.lang.Integer.toString(counter)) + .png)): null

2018-12-14 02:15:36 - [TEST_STEP][PASSED] - Statement - counter = counter + 1: null

2018-12-14 02:15:36 - [TEST_STEP][PASSED] - Statement - PreSaveFile = new java.io.File(((pathPrefix + java.lang.Integer.toString(counter)) + .png)): null

2018-12-14 02:15:36 - [TEST_STEP][PASSED] - Statement - counter = counter + 1: null

2018-12-14 02:15:36 - [TEST_STEP][PASSED] - Statement - PreSaveFile = new java.io.File(((pathPrefix + java.lang.Integer.toString(counter)) + .png)): null

2018-12-14 02:15:36 - [TEST_STEP][PASSED] - Statement - counter = counter + 1: null

2018-12-14 02:15:36 - [TEST_STEP][PASSED] - Statement - PreSaveFile = new java.io.File(((pathPrefix + java.lang.Integer.toString(counter)) + .png)): null

2018-12-14 02:15:36 - [TEST_STEP][PASSED] - Statement - counter = counter + 1: null

2018-12-14 02:15:36 - [TEST_STEP][PASSED] - Statement - PreSaveFile = new java.io.File(((pathPrefix + java.lang.Integer.toString(counter)) + .png)): null

2018-12-14 02:15:36 - [TEST_STEP][PASSED] - Statement - counter = counter + 1: null

2018-12-14 02:15:36 - [TEST_STEP][PASSED] - Statement - PreSaveFile = new java.io.File(((pathPrefix + java.lang.Integer.toString(counter)) + .png)): null

2018-12-14 02:15:36 - [TEST_STEP][PASSED] - Statement - counter = counter + 1: null

2018-12-14 02:15:36 - [TEST_STEP][PASSED] - Statement - PreSaveFile = new java.io.File(((pathPrefix + java.lang.Integer.toString(counter)) + .png)): null

2018-12-14 02:15:36 - [TEST_STEP][PASSED] - Statement - counter = counter + 1: null

2018-12-14 02:15:36 - [TEST_STEP][PASSED] - Statement - PreSaveFile = new java.io.File(((pathPrefix + java.lang.Integer.toString(counter)) + .png)): null

2018-12-14 02:15:36 - [TEST_STEP][PASSED] - Statement - counter = counter + 1: null

2018-12-14 02:15:36 - [TEST_STEP][PASSED] - Statement - PreSaveFile = new java.io.File(((pathPrefix + java.lang.Integer.toString(counter)) + .png)): null

2018-12-14 02:15:36 - [TEST_STEP][PASSED] - Statement - counter = counter + 1: null

2018-12-14 02:15:36 - [TEST_STEP][PASSED] - Statement - PreSaveFile = new java.io.File(((pathPrefix + java.lang.Integer.toString(counter)) + .png)): null

2018-12-14 02:15:36 - [TEST_STEP][PASSED] - Statement - counter = counter + 1: null

2018-12-14 02:15:36 - [TEST_STEP][PASSED] - Statement - PreSaveFile = new java.io.File(((pathPrefix + java.lang.Integer.toString(counter)) + .png)): null

2018-12-14 02:15:36 - [TEST_STEP][PASSED] - Statement - counter = counter + 1: null

2018-12-14 02:15:36 - [TEST_STEP][PASSED] - Statement - PreSaveFile = new java.io.File(((pathPrefix + java.lang.Integer.toString(counter)) + .png)): null

2018-12-14 02:15:36 - [TEST_STEP][PASSED] - Statement - counter = counter + 1: null

2018-12-14 02:15:36 - [TEST_STEP][PASSED] - Statement - PreSaveFile = new java.io.File(((pathPrefix + java.lang.Integer.toString(counter)) + .png)): null

2018-12-14 02:15:36 - [TEST_STEP][PASSED] - Statement - counter = counter + 1: null

2018-12-14 02:15:36 - [TEST_STEP][PASSED] - Statement - PreSaveFile = new java.io.File(((pathPrefix + java.lang.Integer.toString(counter)) + .png)): null

2018-12-14 02:15:36 - [TEST_STEP][PASSED] - Statement - counter = counter + 1: null

2018-12-14 02:15:36 - [TEST_STEP][PASSED] - Statement - PreSaveFile = new java.io.File(((pathPrefix + java.lang.Integer.toString(counter)) + .png)): null

2018-12-14 02:15:36 - [TEST_STEP][PASSED] - Statement - counter = counter + 1: null

2018-12-14 02:15:36 - [TEST_STEP][PASSED] - Statement - PreSaveFile = new java.io.File(((pathPrefix + java.lang.Integer.toString(counter)) + .png)): null

2018-12-14 02:15:36 - [TEST_STEP][PASSED] - Statement - counter = counter + 1: null

2018-12-14 02:15:36 - [TEST_STEP][PASSED] - Statement - PreSaveFile = new java.io.File(((pathPrefix + java.lang.Integer.toString(counter)) + .png)): null

2018-12-14 02:15:36 - [TEST_STEP][PASSED] - Statement - counter = counter + 1: null

2018-12-14 02:15:36 - [TEST_STEP][PASSED] - Statement - PreSaveFile = new java.io.File(((pathPrefix + java.lang.Integer.toString(counter)) + .png)): null

2018-12-14 02:15:36 - [TEST_STEP][PASSED] - Statement - counter = counter + 1: null

2018-12-14 02:15:36 - [TEST_STEP][PASSED] - Statement - PreSaveFile = new java.io.File(((pathPrefix + java.lang.Integer.toString(counter)) + .png)): null

2018-12-14 02:15:36 - [TEST_STEP][PASSED] - Statement - counter = counter + 1: null

2018-12-14 02:15:36 - [TEST_STEP][PASSED] - Statement - PreSaveFile = new java.io.File(((pathPrefix + java.lang.Integer.toString(counter)) + .png)): null

2018-12-14 02:15:36 - [TEST_STEP][PASSED] - Statement - counter = counter + 1: null

2018-12-14 02:15:36 - [TEST_STEP][PASSED] - Statement - PreSaveFile = new java.io.File(((pathPrefix + java.lang.Integer.toString(counter)) + .png)): null

2018-12-14 02:15:36 - [TEST_STEP][PASSED] - Statement - counter = counter + 1: null

2018-12-14 02:15:36 - [TEST_STEP][PASSED] - Statement - PreSaveFile = new java.io.File(((pathPrefix + java.lang.Integer.toString(counter)) + .png)): null

2018-12-14 02:15:36 - [TEST_STEP][PASSED] - Statement - counter = counter + 1: null

2018-12-14 02:15:36 - [TEST_STEP][PASSED] - Statement - PreSaveFile = new java.io.File(((pathPrefix + java.lang.Integer.toString(counter)) + .png)): null

2018-12-14 02:15:36 - [TEST_STEP][PASSED] - Statement - counter = counter + 1: null

2018-12-14 02:15:36 - [TEST_STEP][PASSED] - Statement - PreSaveFile = new java.io.File(((pathPrefix + java.lang.Integer.toString(counter)) + .png)): null

2018-12-14 02:15:36 - [TEST_STEP][PASSED] - Statement - counter = counter + 1: null

2018-12-14 02:15:36 - [TEST_STEP][PASSED] - Statement - PreSaveFile = new java.io.File(((pathPrefix + java.lang.Integer.toString(counter)) + .png)): null

2018-12-14 02:15:36 - [TEST_STEP][PASSED] - Statement - counter = counter + 1: null

2018-12-14 02:15:36 - [TEST_STEP][PASSED] - Statement - PreSaveFile = new java.io.File(((pathPrefix + java.lang.Integer.toString(counter)) + .png)): null

2018-12-14 02:15:36 - [TEST_STEP][PASSED] - Statement - counter = counter + 1: null

2018-12-14 02:15:36 - [TEST_STEP][PASSED] - Statement - PreSaveFile = new java.io.File(((pathPrefix + java.lang.Integer.toString(counter)) + .png)): null

2018-12-14 02:15:36 - [TEST_STEP][PASSED] - Statement - counter = counter + 1: null

2018-12-14 02:15:36 - [TEST_STEP][PASSED] - Statement - PreSaveFile = new java.io.File(((pathPrefix + java.lang.Integer.toString(counter)) + .png)): null

2018-12-14 02:15:36 - [TEST_STEP][PASSED] - Statement - counter = counter + 1: null

2018-12-14 02:15:36 - [TEST_STEP][PASSED] - Statement - PreSaveFile = new java.io.File(((pathPrefix + java.lang.Integer.toString(counter)) + .png)): null

2018-12-14 02:15:36 - [TEST_STEP][PASSED] - Statement - counter = counter + 1: null

2018-12-14 02:15:36 - [TEST_STEP][PASSED] - Statement - PreSaveFile = new java.io.File(((pathPrefix + java.lang.Integer.toString(counter)) + .png)): null

2018-12-14 02:15:36 - [TEST_STEP][PASSED] - Statement - counter = counter + 1: null

2018-12-14 02:15:36 - [TEST_STEP][PASSED] - Statement - PreSaveFile = new java.io.File(((pathPrefix + java.lang.Integer.toString(counter)) + .png)): null

2018-12-14 02:15:36 - [TEST_STEP][PASSED] - Statement - counter = counter + 1: null

2018-12-14 02:15:36 - [TEST_STEP][PASSED] - Statement - PreSaveFile = new java.io.File(((pathPrefix + java.lang.Integer.toString(counter)) + .png)): null

2018-12-14 02:15:36 - [TEST_STEP][PASSED] - Statement - counter = counter + 1: null

2018-12-14 02:15:36 - [TEST_STEP][PASSED] - Statement - PreSaveFile = new java.io.File(((pathPrefix + java.lang.Integer.toString(counter)) + .png)): null

2018-12-14 02:15:36 - [TEST_STEP][PASSED] - Statement - counter = counter + 1: null

2018-12-14 02:15:36 - [TEST_STEP][PASSED] - Statement - PreSaveFile = new java.io.File(((pathPrefix + java.lang.Integer.toString(counter)) + .png)): null

2018-12-14 02:15:36 - [TEST_STEP][PASSED] - Statement - counter = counter + 1: null

2018-12-14 02:15:36 - [TEST_STEP][PASSED] - Statement - PreSaveFile = new java.io.File(((pathPrefix + java.lang.Integer.toString(counter)) + .png)): null

2018-12-14 02:15:36 - [TEST_STEP][PASSED] - Statement - counter = counter + 1: null

2018-12-14 02:15:36 - [TEST_STEP][PASSED] - Statement - PreSaveFile = new java.io.File(((pathPrefix + java.lang.Integer.toString(counter)) + .png)): null

2018-12-14 02:15:36 - [TEST_STEP][PASSED] - Statement - counter = counter + 1: null

2018-12-14 02:15:36 - [TEST_STEP][PASSED] - Statement - PreSaveFile = new java.io.File(((pathPrefix + java.lang.Integer.toString(counter)) + .png)): null

2018-12-14 02:15:36 - [TEST_STEP][PASSED] - Statement - counter = counter + 1: null

2018-12-14 02:15:36 - [TEST_STEP][PASSED] - Statement - PreSaveFile = new java.io.File(((pathPrefix + java.lang.Integer.toString(counter)) + .png)): null

2018-12-14 02:15:36 - [TEST_STEP][PASSED] - Statement - counter = counter + 1: null

2018-12-14 02:15:36 - [TEST_STEP][PASSED] - Statement - PreSaveFile = new java.io.File(((pathPrefix + java.lang.Integer.toString(counter)) + .png)): null

2018-12-14 02:15:36 - [TEST_STEP][PASSED] - Statement - counter = counter + 1: null

2018-12-14 02:15:36 - [TEST_STEP][PASSED] - Statement - PreSaveFile = new java.io.File(((pathPrefix + java.lang.Integer.toString(counter)) + .png)): null

2018-12-14 02:15:36 - [TEST_STEP][PASSED] - Statement - counter = counter + 1: null

2018-12-14 02:15:36 - [TEST_STEP][PASSED] - Statement - PreSaveFile = new java.io.File(((pathPrefix + java.lang.Integer.toString(counter)) + .png)): null

2018-12-14 02:15:36 - [TEST_STEP][PASSED] - Statement - counter = counter + 1: null

2018-12-14 02:15:36 - [TEST_STEP][PASSED] - Statement - PreSaveFile = new java.io.File(((pathPrefix + java.lang.Integer.toString(counter)) + .png)): null

2018-12-14 02:15:36 - [TEST_STEP][PASSED] - Statement - counter = counter + 1: null

2018-12-14 02:15:36 - [TEST_STEP][PASSED] - Statement - PreSaveFile = new java.io.File(((pathPrefix + java.lang.Integer.toString(counter)) + .png)): null

2018-12-14 02:15:36 - [TEST_STEP][PASSED] - Statement - counter = counter + 1: null

2018-12-14 02:15:36 - [TEST_STEP][PASSED] - Statement - PreSaveFile = new java.io.File(((pathPrefix + java.lang.Integer.toString(counter)) + .png)): null

2018-12-14 02:15:36 - [TEST_STEP][PASSED] - Statement - counter = counter + 1: null

2018-12-14 02:15:36 - [TEST_STEP][PASSED] - Statement - PreSaveFile = new java.io.File(((pathPrefix + java.lang.Integer.toString(counter)) + .png)): null

2018-12-14 02:15:36 - [TEST_STEP][PASSED] - Statement - counter = counter + 1: null

2018-12-14 02:15:36 - [TEST_STEP][PASSED] - Statement - PreSaveFile = new java.io.File(((pathPrefix + java.lang.Integer.toString(counter)) + .png)): null

2018-12-14 02:15:36 - [TEST_STEP][PASSED] - Statement - counter = counter + 1: null

2018-12-14 02:15:36 - [TEST_STEP][PASSED] - Statement - PreSaveFile = new java.io.File(((pathPrefix + java.lang.Integer.toString(counter)) + .png)): null

2018-12-14 02:15:36 - [TEST_STEP][PASSED] - Statement - counter = counter + 1: null

2018-12-14 02:15:36 - [TEST_STEP][PASSED] - Statement - PreSaveFile = new java.io.File(((pathPrefix + java.lang.Integer.toString(counter)) + .png)): null

2018-12-14 02:15:36 - [TEST_STEP][PASSED] - Statement - counter = counter + 1: null

2018-12-14 02:15:36 - [TEST_STEP][PASSED] - Statement - PreSaveFile = new java.io.File(((pathPrefix + java.lang.Integer.toString(counter)) + .png)): null

2018-12-14 02:15:36 - [TEST_STEP][PASSED] - Statement - counter = counter + 1: null

2018-12-14 02:15:36 - [TEST_STEP][PASSED] - Statement - PreSaveFile = new java.io.File(((pathPrefix + java.lang.Integer.toString(counter)) + .png)): null

2018-12-14 02:15:36 - [TEST_STEP][PASSED] - Statement - counter = counter + 1: null

2018-12-14 02:15:36 - [TEST_STEP][PASSED] - Statement - PreSaveFile = new java.io.File(((pathPrefix + java.lang.Integer.toString(counter)) + .png)): null

2018-12-14 02:15:36 - [TEST_STEP][PASSED] - Statement - counter = counter + 1: null

2018-12-14 02:15:36 - [TEST_STEP][PASSED] - Statement - PreSaveFile = new java.io.File(((pathPrefix + java.lang.Integer.toString(counter)) + .png)): null

2018-12-14 02:15:36 - [TEST_STEP][PASSED] - Statement - counter = counter + 1: null

2018-12-14 02:15:36 - [TEST_STEP][PASSED] - Statement - PreSaveFile = new java.io.File(((pathPrefix + java.lang.Integer.toString(counter)) + .png)): null

2018-12-14 02:15:36 - [TEST_STEP][PASSED] - Statement - counter = counter + 1: null

2018-12-14 02:15:36 - [TEST_STEP][PASSED] - Statement - PreSaveFile = new java.io.File(((pathPrefix + java.lang.Integer.toString(counter)) + .png)): null

2018-12-14 02:15:36 - [TEST_STEP][PASSED] - Statement - counter = counter + 1: null

2018-12-14 02:15:36 - [TEST_STEP][PASSED] - Statement - PreSaveFile = new java.io.File(((pathPrefix + java.lang.Integer.toString(counter)) + .png)): null

2018-12-14 02:15:36 - [TEST_STEP][PASSED] - Statement - counter = counter + 1: null

2018-12-14 02:15:36 - [TEST_STEP][PASSED] - Statement - PreSaveFile = new java.io.File(((pathPrefix + java.lang.Integer.toString(counter)) + .png)): null

2018-12-14 02:15:36 - [TEST_STEP][PASSED] - Statement - counter = counter + 1: null

2018-12-14 02:15:36 - [TEST_STEP][PASSED] - Statement - PreSaveFile = new java.io.File(((pathPrefix + java.lang.Integer.toString(counter)) + .png)): null

2018-12-14 02:15:36 - [TEST_STEP][PASSED] - Statement - counter = counter + 1: null

2018-12-14 02:15:36 - [TEST_STEP][PASSED] - Statement - PreSaveFile = new java.io.File(((pathPrefix + java.lang.Integer.toString(counter)) + .png)): null

2018-12-14 02:15:36 - [TEST_STEP][PASSED] - Statement - counter = counter + 1: null

2018-12-14 02:15:36 - [TEST_STEP][PASSED] - Statement - PreSaveFile = new java.io.File(((pathPrefix + java.lang.Integer.toString(counter)) + .png)): null

2018-12-14 02:15:36 - [TEST_STEP][PASSED] - Statement - counter = counter + 1: null

2018-12-14 02:15:36 - [TEST_STEP][PASSED] - Statement - PreSaveFile = new java.io.File(((pathPrefix + java.lang.Integer.toString(counter)) + .png)): null

2018-12-14 02:15:36 - [TEST_STEP][PASSED] - Statement - counter = counter + 1: null

2018-12-14 02:15:36 - [TEST_STEP][PASSED] - Statement - PreSaveFile = new java.io.File(((pathPrefix + java.lang.Integer.toString(counter)) + .png)): null

2018-12-14 02:15:36 - [TEST_STEP][PASSED] - Statement - counter = counter + 1: null

2018-12-14 02:15:36 - [TEST_STEP][PASSED] - Statement - PreSaveFile = new java.io.File(((pathPrefix + java.lang.Integer.toString(counter)) + .png)): null

2018-12-14 02:15:36 - [TEST_STEP][PASSED] - Statement - counter = counter + 1: null

2018-12-14 02:15:36 - [TEST_STEP][PASSED] - Statement - PreSaveFile = new java.io.File(((pathPrefix + java.lang.Integer.toString(counter)) + .png)): null

2018-12-14 02:15:36 - [TEST_STEP][PASSED] - Statement - counter = counter + 1: null

2018-12-14 02:15:36 - [TEST_STEP][PASSED] - Statement - PreSaveFile = new java.io.File(((pathPrefix + java.lang.Integer.toString(counter)) + .png)): null

2018-12-14 02:15:36 - [TEST_STEP][PASSED] - Statement - counter = counter + 1: null

2018-12-14 02:15:36 - [TEST_STEP][PASSED] - Statement - PreSaveFile = new java.io.File(((pathPrefix + java.lang.Integer.toString(counter)) + .png)): null

2018-12-14 02:15:36 - [TEST_STEP][PASSED] - Statement - counter = counter + 1: null

2018-12-14 02:15:36 - [TEST_STEP][PASSED] - Statement - PreSaveFile = new java.io.File(((pathPrefix + java.lang.Integer.toString(counter)) + .png)): null

2018-12-14 02:15:36 - [TEST_STEP][PASSED] - Statement - counter = counter + 1: null

2018-12-14 02:15:36 - [TEST_STEP][PASSED] - Statement - PreSaveFile = new java.io.File(((pathPrefix + java.lang.Integer.toString(counter)) + .png)): null

2018-12-14 02:15:36 - [TEST_STEP][PASSED] - Statement - counter = counter + 1: null

2018-12-14 02:15:36 - [TEST_STEP][PASSED] - Statement - PreSaveFile = new java.io.File(((pathPrefix + java.lang.Integer.toString(counter)) + .png)): null

2018-12-14 02:15:36 - [TEST_STEP][PASSED] - Statement - counter = counter + 1: null

2018-12-14 02:15:36 - [TEST_STEP][PASSED] - Statement - PreSaveFile = new java.io.File(((pathPrefix + java.lang.Integer.toString(counter)) + .png)): null

2018-12-14 02:15:36 - [TEST_STEP][PASSED] - Statement - counter = counter + 1: null

2018-12-14 02:15:36 - [TEST_STEP][PASSED] - Statement - PreSaveFile = new java.io.File(((pathPrefix + java.lang.Integer.toString(counter)) + .png)): null

2018-12-14 02:15:36 - [TEST_STEP][PASSED] - Statement - counter = counter + 1: null

2018-12-14 02:15:36 - [TEST_STEP][PASSED] - Statement - PreSaveFile = new java.io.File(((pathPrefix + java.lang.Integer.toString(counter)) + .png)): null

2018-12-14 02:15:36 - [TEST_STEP][PASSED] - Statement - counter = counter + 1: null

2018-12-14 02:15:36 - [TEST_STEP][PASSED] - Statement - PreSaveFile = new java.io.File(((pathPrefix + java.lang.Integer.toString(counter)) + .png)): null

2018-12-14 02:15:36 - [TEST_STEP][PASSED] - Statement - counter = counter + 1: null

2018-12-14 02:15:36 - [TEST_STEP][PASSED] - Statement - PreSaveFile = new java.io.File(((pathPrefix + java.lang.Integer.toString(counter)) + .png)): null

2018-12-14 02:15:36 - [TEST_STEP][PASSED] - Statement - counter = counter + 1: null

2018-12-14 02:15:36 - [TEST_STEP][PASSED] - Statement - PreSaveFile = new java.io.File(((pathPrefix + java.lang.Integer.toString(counter)) + .png)): null

2018-12-14 02:15:36 - [TEST_STEP][PASSED] - Statement - counter = counter + 1: null

2018-12-14 02:15:36 - [TEST_STEP][PASSED] - Statement - PreSaveFile = new java.io.File(((pathPrefix + java.lang.Integer.toString(counter)) + .png)): null

2018-12-14 02:15:36 - [TEST_STEP][PASSED] - Statement - counter = counter + 1: null

2018-12-14 02:15:36 - [TEST_STEP][PASSED] - Statement - PreSaveFile = new java.io.File(((pathPrefix + java.lang.Integer.toString(counter)) + .png)): null

2018-12-14 02:15:36 - [TEST_STEP][PASSED] - Statement - counter = counter + 1: null

2018-12-14 02:15:36 - [TEST_STEP][PASSED] - Statement - PreSaveFile = new java.io.File(((pathPrefix + java.lang.Integer.toString(counter)) + .png)): null

2018-12-14 02:15:36 - [TEST_STEP][PASSED] - Statement - counter = counter + 1: null

2018-12-14 02:15:36 - [TEST_STEP][PASSED] - Statement - PreSaveFile = new java.io.File(((pathPrefix + java.lang.Integer.toString(counter)) + .png)): null

2018-12-14 02:15:36 - [TEST_STEP][PASSED] - Statement - counter = counter + 1: null

2018-12-14 02:15:36 - [TEST_STEP][PASSED] - Statement - PreSaveFile = new java.io.File(((pathPrefix + java.lang.Integer.toString(counter)) + .png)): null

2018-12-14 02:15:36 - [TEST_STEP][PASSED] - Statement - counter = counter + 1: null

2018-12-14 02:15:36 - [TEST_STEP][PASSED] - Statement - PreSaveFile = new java.io.File(((pathPrefix + java.lang.Integer.toString(counter)) + .png)): null

2018-12-14 02:15:36 - [TEST_STEP][PASSED] - Statement - counter = counter + 1: null

2018-12-14 02:15:36 - [TEST_STEP][PASSED] - Statement - PreSaveFile = new java.io.File(((pathPrefix + java.lang.Integer.toString(counter)) + .png)): null

2018-12-14 02:15:36 - [TEST_STEP][PASSED] - Statement - counter = counter + 1: null

2018-12-14 02:15:36 - [TEST_STEP][PASSED] - Statement - PreSaveFile = new java.io.File(((pathPrefix + java.lang.Integer.toString(counter)) + .png)): null

2018-12-14 02:15:36 - [TEST_STEP][PASSED] - Statement - counter = counter + 1: null

2018-12-14 02:15:36 - [TEST_STEP][PASSED] - Statement - PreSaveFile = new java.io.File(((pathPrefix + java.lang.Integer.toString(counter)) + .png)): null

2018-12-14 02:15:36 - [TEST_STEP][PASSED] - Statement - counter = counter + 1: null

2018-12-14 02:15:36 - [TEST_STEP][PASSED] - Statement - PreSaveFile = new java.io.File(((pathPrefix + java.lang.Integer.toString(counter)) + .png)): null

2018-12-14 02:15:36 - [TEST_STEP][PASSED] - Statement - counter = counter + 1: null

2018-12-14 02:15:36 - [TEST_STEP][PASSED] - Statement - PreSaveFile = new java.io.File(((pathPrefix + java.lang.Integer.toString(counter)) + .png)): null

2018-12-14 02:15:36 - [TEST_STEP][PASSED] - Statement - counter = counter + 1: null

2018-12-14 02:15:36 - [TEST_STEP][PASSED] - Statement - PreSaveFile = new java.io.File(((pathPrefix + java.lang.Integer.toString(counter)) + .png)): null

2018-12-14 02:15:36 - [TEST_STEP][PASSED] - Statement - counter = counter + 1: null

2018-12-14 02:15:36 - [TEST_STEP][PASSED] - Statement - PreSaveFile = new java.io.File(((pathPrefix + java.lang.Integer.toString(counter)) + .png)): null

2018-12-14 02:15:36 - [TEST_STEP][PASSED] - Statement - counter = counter + 1: null

2018-12-14 02:15:36 - [TEST_STEP][PASSED] - Statement - PreSaveFile = new java.io.File(((pathPrefix + java.lang.Integer.toString(counter)) + .png)): null

2018-12-14 02:15:36 - [TEST_STEP][PASSED] - Statement - counter = counter + 1: null

2018-12-14 02:15:36 - [TEST_STEP][PASSED] - Statement - PreSaveFile = new java.io.File(((pathPrefix + java.lang.Integer.toString(counter)) + .png)): null

2018-12-14 02:15:36 - [TEST_STEP][PASSED] - Statement - counter = counter + 1: null

2018-12-14 02:15:36 - [TEST_STEP][PASSED] - Statement - PreSaveFile = new java.io.File(((pathPrefix + java.lang.Integer.toString(counter)) + .png)): null

2018-12-14 02:15:36 - [TEST_STEP][PASSED] - Statement - counter = counter + 1: null

2018-12-14 02:15:36 - [TEST_STEP][PASSED] - Statement - PreSaveFile = new java.io.File(((pathPrefix + java.lang.Integer.toString(counter)) + .png)): null

2018-12-14 02:15:36 - [TEST_STEP][PASSED] - Statement - counter = counter + 1: null

2018-12-14 02:15:36 - [TEST_STEP][PASSED] - Statement - PreSaveFile = new java.io.File(((pathPrefix + java.lang.Integer.toString(counter)) + .png)): null

2018-12-14 02:15:36 - [TEST_STEP][PASSED] - Statement - counter = counter + 1: null

2018-12-14 02:15:36 - [TEST_STEP][PASSED] - Statement - PreSaveFile = new java.io.File(((pathPrefix + java.lang.Integer.toString(counter)) + .png)): null

2018-12-14 02:15:36 - [TEST_STEP][PASSED] - Statement - counter = counter + 1: null

2018-12-14 02:15:36 - [TEST_STEP][PASSED] - Statement - PreSaveFile = new java.io.File(((pathPrefix + java.lang.Integer.toString(counter)) + .png)): null

2018-12-14 02:15:36 - [TEST_STEP][PASSED] - Statement - counter = counter + 1: null

2018-12-14 02:15:36 - [TEST_STEP][PASSED] - Statement - PreSaveFile = new java.io.File(((pathPrefix + java.lang.Integer.toString(counter)) + .png)): null

2018-12-14 02:15:36 - [TEST_STEP][PASSED] - Statement - counter = counter + 1: null

2018-12-14 02:15:36 - [TEST_STEP][PASSED] - Statement - PreSaveFile = new java.io.File(((pathPrefix + java.lang.Integer.toString(counter)) + .png)): null

2018-12-14 02:15:36 - [TEST_STEP][PASSED] - Statement - counter = counter + 1: null

2018-12-14 02:15:36 - [TEST_STEP][PASSED] - Statement - PreSaveFile = new java.io.File(((pathPrefix + java.lang.Integer.toString(counter)) + .png)): null

2018-12-14 02:15:36 - [TEST_STEP][PASSED] - Statement - counter = counter + 1: null

2018-12-14 02:15:36 - [TEST_STEP][PASSED] - Statement - PreSaveFile = new java.io.File(((pathPrefix + java.lang.Integer.toString(counter)) + .png)): null

2018-12-14 02:15:36 - [TEST_STEP][PASSED] - Statement - counter = counter + 1: null

2018-12-14 02:15:36 - [TEST_STEP][PASSED] - Statement - PreSaveFile = new java.io.File(((pathPrefix + java.lang.Integer.toString(counter)) + .png)): null

2018-12-14 02:15:36 - [TEST_STEP][PASSED] - Statement - counter = counter + 1: null

2018-12-14 02:15:36 - [TEST_STEP][PASSED] - Statement - PreSaveFile = new java.io.File(((pathPrefix + java.lang.Integer.toString(counter)) + .png)): null

2018-12-14 02:15:36 - [TEST_STEP][PASSED] - Statement - counter = counter + 1: null

2018-12-14 02:15:36 - [TEST_STEP][PASSED] - Statement - PreSaveFile = new java.io.File(((pathPrefix + java.lang.Integer.toString(counter)) + .png)): null

2018-12-14 02:15:36 - [TEST_STEP][PASSED] - Statement - counter = counter + 1: null

2018-12-14 02:15:36 - [TEST_STEP][PASSED] - Statement - PreSaveFile = new java.io.File(((pathPrefix + java.lang.Integer.toString(counter)) + .png)): null

2018-12-14 02:15:36 - [TEST_STEP][PASSED] - Statement - counter = counter + 1: null

2018-12-14 02:15:36 - [TEST_STEP][PASSED] - Statement - PreSaveFile = new java.io.File(((pathPrefix + java.lang.Integer.toString(counter)) + .png)): null

2018-12-14 02:15:36 - [TEST_STEP][PASSED] - Statement - counter = counter + 1: null

2018-12-14 02:15:36 - [TEST_STEP][PASSED] - Statement - PreSaveFile = new java.io.File(((pathPrefix + java.lang.Integer.toString(counter)) + .png)): null

2018-12-14 02:15:36 - [TEST_STEP][PASSED] - Statement - counter = counter + 1: null

2018-12-14 02:15:36 - [TEST_STEP][PASSED] - Statement - PreSaveFile = new java.io.File(((pathPrefix + java.lang.Integer.toString(counter)) + .png)): null

2018-12-14 02:15:36 - [TEST_STEP][PASSED] - Statement - counter = counter + 1: null

2018-12-14 02:15:36 - [TEST_STEP][PASSED] - Statement - PreSaveFile = new java.io.File(((pathPrefix + java.lang.Integer.toString(counter)) + .png)): null

2018-12-14 02:15:36 - [TEST_STEP][PASSED] - Statement - counter = counter + 1: null

2018-12-14 02:15:36 - [TEST_STEP][PASSED] - Statement - PreSaveFile = new java.io.File(((pathPrefix + java.lang.Integer.toString(counter)) + .png)): null

2018-12-14 02:15:36 - [TEST_STEP][PASSED] - Statement - counter = counter + 1: null

2018-12-14 02:15:36 - [TEST_STEP][PASSED] - Statement - PreSaveFile = new java.io.File(((pathPrefix + java.lang.Integer.toString(counter)) + .png)): null

2018-12-14 02:15:36 - [TEST_STEP][PASSED] - Statement - counter = counter + 1: null

2018-12-14 02:15:36 - [TEST_STEP][PASSED] - Statement - PreSaveFile = new java.io.File(((pathPrefix + java.lang.Integer.toString(counter)) + .png)): null

2018-12-14 02:15:36 - [TEST_STEP][PASSED] - Statement - counter = counter + 1: null

2018-12-14 02:15:36 - [TEST_STEP][PASSED] - Statement - PreSaveFile = new java.io.File(((pathPrefix + java.lang.Integer.toString(counter)) + .png)): null

2018-12-14 02:15:36 - [TEST_STEP][PASSED] - Statement - counter = counter + 1: null

2018-12-14 02:15:36 - [TEST_STEP][PASSED] - Statement - PreSaveFile = new java.io.File(((pathPrefix + java.lang.Integer.toString(counter)) + .png)): null

2018-12-14 02:15:36 - [TEST_STEP][PASSED] - Statement - counter = counter + 1: null

2018-12-14 02:15:36 - [TEST_STEP][PASSED] - Statement - PreSaveFile = new java.io.File(((pathPrefix + java.lang.Integer.toString(counter)) + .png)): null

2018-12-14 02:15:36 - [TEST_STEP][PASSED] - Statement - counter = counter + 1: null

2018-12-14 02:15:36 - [TEST_STEP][PASSED] - Statement - PreSaveFile = new java.io.File(((pathPrefix + java.lang.Integer.toString(counter)) + .png)): null

2018-12-14 02:15:36 - [TEST_STEP][PASSED] - Statement - counter = counter + 1: null

2018-12-14 02:15:36 - [TEST_STEP][PASSED] - Statement - PreSaveFile = new java.io.File(((pathPrefix + java.lang.Integer.toString(counter)) + .png)): null

2018-12-14 02:15:36 - [TEST_STEP][PASSED] - Statement - counter = counter + 1: null

2018-12-14 02:15:36 - [TEST_STEP][PASSED] - Statement - PreSaveFile = new java.io.File(((pathPrefix + java.lang.Integer.toString(counter)) + .png)): null

2018-12-14 02:15:36 - [TEST_STEP][PASSED] - Statement - counter = counter + 1: null

2018-12-14 02:15:36 - [TEST_STEP][PASSED] - Statement - PreSaveFile = new java.io.File(((pathPrefix + java.lang.Integer.toString(counter)) + .png)): null

2018-12-14 02:15:36 - [TEST_STEP][PASSED] - Statement - counter = counter + 1: null

2018-12-14 02:15:36 - [TEST_STEP][PASSED] - Statement - PreSaveFile = new java.io.File(((pathPrefix + java.lang.Integer.toString(counter)) + .png)): null

2018-12-14 02:15:36 - [TEST_STEP][PASSED] - Statement - counter = counter + 1: null

2018-12-14 02:15:36 - [TEST_STEP][PASSED] - Statement - PreSaveFile = new java.io.File(((pathPrefix + java.lang.Integer.toString(counter)) + .png)): null

2018-12-14 02:15:36 - [TEST_STEP][PASSED] - Statement - counter = counter + 1: null

2018-12-14 02:15:36 - [TEST_STEP][PASSED] - Statement - PreSaveFile = new java.io.File(((pathPrefix + java.lang.Integer.toString(counter)) + .png)): null

2018-12-14 02:15:36 - [TEST_STEP][PASSED] - Statement - counter = counter + 1: null

2018-12-14 02:15:36 - [TEST_STEP][PASSED] - Statement - PreSaveFile = new java.io.File(((pathPrefix + java.lang.Integer.toString(counter)) + .png)): null

2018-12-14 02:15:36 - [TEST_STEP][PASSED] - Statement - counter = counter + 1: null

2018-12-14 02:15:36 - [TEST_STEP][PASSED] - Statement - PreSaveFile = new java.io.File(((pathPrefix + java.lang.Integer.toString(counter)) + .png)): null

2018-12-14 02:15:36 - [TEST_STEP][PASSED] - Statement - counter = counter + 1: null

2018-12-14 02:15:36 - [TEST_STEP][PASSED] - Statement - PreSaveFile = new java.io.File(((pathPrefix + java.lang.Integer.toString(counter)) + .png)): null

2018-12-14 02:15:36 - [TEST_STEP][PASSED] - Statement - counter = counter + 1: null

2018-12-14 02:15:36 - [TEST_STEP][PASSED] - Statement - PreSaveFile = new java.io.File(((pathPrefix + java.lang.Integer.toString(counter)) + .png)): null

2018-12-14 02:15:36 - [TEST_STEP][PASSED] - Statement - counter = counter + 1: null

2018-12-14 02:15:36 - [TEST_STEP][PASSED] - Statement - PreSaveFile = new java.io.File(((pathPrefix + java.lang.Integer.toString(counter)) + .png)): null

2018-12-14 02:15:36 - [TEST_STEP][PASSED] - Statement - counter = counter + 1: null

2018-12-14 02:15:36 - [TEST_STEP][PASSED] - Statement - PreSaveFile = new java.io.File(((pathPrefix + java.lang.Integer.toString(counter)) + .png)): null

2018-12-14 02:15:36 - [TEST_STEP][PASSED] - Statement - counter = counter + 1: null

2018-12-14 02:15:36 - [TEST_STEP][PASSED] - Statement - PreSaveFile = new java.io.File(((pathPrefix + java.lang.Integer.toString(counter)) + .png)): null

2018-12-14 02:15:36 - [TEST_STEP][PASSED] - Statement - counter = counter + 1: null

2018-12-14 02:15:36 - [TEST_STEP][PASSED] - Statement - PreSaveFile = new java.io.File(((pathPrefix + java.lang.Integer.toString(counter)) + .png)): null

2018-12-14 02:15:36 - [TEST_STEP][PASSED] - Statement - counter = counter + 1: null

2018-12-14 02:15:36 - [TEST_STEP][PASSED] - Statement - PreSaveFile = new java.io.File(((pathPrefix + java.lang.Integer.toString(counter)) + .png)): null

2018-12-14 02:15:36 - [TEST_STEP][PASSED] - Statement - counter = counter + 1: null

2018-12-14 02:15:36 - [TEST_STEP][PASSED] - Statement - PreSaveFile = new java.io.File(((pathPrefix + java.lang.Integer.toString(counter)) + .png)): null

2018-12-14 02:15:36 - [TEST_STEP][PASSED] - Statement - counter = counter + 1: null

2018-12-14 02:15:36 - [TEST_STEP][PASSED] - Statement - PreSaveFile = new java.io.File(((pathPrefix + java.lang.Integer.toString(counter)) + .png)): null

2018-12-14 02:15:36 - [TEST_STEP][PASSED] - Statement - counter = counter + 1: null

2018-12-14 02:15:36 - [TEST_STEP][PASSED] - Statement - PreSaveFile = new java.io.File(((pathPrefix + java.lang.Integer.toString(counter)) + .png)): null

2018-12-14 02:15:36 - [TEST_STEP][PASSED] - Statement - counter = counter + 1: null

2018-12-14 02:15:36 - [TEST_STEP][PASSED] - Statement - PreSaveFile = new java.io.File(((pathPrefix + java.lang.Integer.toString(counter)) + .png)): null

2018-12-14 02:15:36 - [TEST_STEP][PASSED] - Statement - counter = counter + 1: null

2018-12-14 02:15:36 - [TEST_STEP][PASSED] - Statement - PreSaveFile = new java.io.File(((pathPrefix + java.lang.Integer.toString(counter)) + .png)): null

2018-12-14 02:15:36 - [TEST_STEP][PASSED] - Statement - counter = counter + 1: null

2018-12-14 02:15:36 - [TEST_STEP][PASSED] - Statement - PreSaveFile = new java.io.File(((pathPrefix + java.lang.Integer.toString(counter)) + .png)): null

2018-12-14 02:15:36 - [TEST_STEP][PASSED] - Statement - counter = counter + 1: null

2018-12-14 02:15:36 - [TEST_STEP][PASSED] - Statement - PreSaveFile = new java.io.File(((pathPrefix + java.lang.Integer.toString(counter)) + .png)): null

2018-12-14 02:15:36 - [TEST_STEP][PASSED] - Statement - counter = counter + 1: null

2018-12-14 02:15:36 - [TEST_STEP][PASSED] - Statement - PreSaveFile = new java.io.File(((pathPrefix + java.lang.Integer.toString(counter)) + .png)): null

2018-12-14 02:15:36 - [TEST_STEP][PASSED] - Statement - counter = counter + 1: null

2018-12-14 02:15:36 - [TEST_STEP][PASSED] - Statement - PreSaveFile = new java.io.File(((pathPrefix + java.lang.Integer.toString(counter)) + .png)): null

2018-12-14 02:15:36 - [TEST_STEP][PASSED] - Statement - counter = counter + 1: null

2018-12-14 02:15:36 - [TEST_STEP][PASSED] - Statement - PreSaveFile = new java.io.File(((pathPrefix + java.lang.Integer.toString(counter)) + .png)): null

2018-12-14 02:15:36 - [TEST_STEP][PASSED] - Statement - counter = counter + 1: null

2018-12-14 02:15:36 - [TEST_STEP][PASSED] - Statement - PreSaveFile = new java.io.File(((pathPrefix + java.lang.Integer.toString(counter)) + .png)): null

2018-12-14 02:15:36 - [TEST_STEP][PASSED] - Statement - counter = counter + 1: null

2018-12-14 02:15:36 - [TEST_STEP][PASSED] - Statement - PreSaveFile = new java.io.File(((pathPrefix + java.lang.Integer.toString(counter)) + .png)): null

2018-12-14 02:15:36 - [TEST_STEP][PASSED] - Statement - counter = counter + 1: null

2018-12-14 02:15:36 - [TEST_STEP][PASSED] - Statement - PreSaveFile = new java.io.File(((pathPrefix + java.lang.Integer.toString(counter)) + .png)): null

2018-12-14 02:15:36 - [TEST_STEP][PASSED] - Statement - counter = counter + 1: null

2018-12-14 02:15:36 - [TEST_STEP][PASSED] - Statement - PreSaveFile = new java.io.File(((pathPrefix + java.lang.Integer.toString(counter)) + .png)): null

2018-12-14 02:15:36 - [TEST_STEP][PASSED] - Statement - counter = counter + 1: null

2018-12-14 02:15:36 - [TEST_STEP][PASSED] - Statement - PreSaveFile = new java.io.File(((pathPrefix + java.lang.Integer.toString(counter)) + .png)): null

2018-12-14 02:15:36 - [TEST_STEP][PASSED] - Statement - counter = counter + 1: null

2018-12-14 02:15:36 - [TEST_STEP][PASSED] - Statement - PreSaveFile = new java.io.File(((pathPrefix + java.lang.Integer.toString(counter)) + .png)): null

2018-12-14 02:15:36 - [TEST_STEP][PASSED] - Statement - counter = counter + 1: null

2018-12-14 02:15:36 - [TEST_STEP][PASSED] - Statement - PreSaveFile = new java.io.File(((pathPrefix + java.lang.Integer.toString(counter)) + .png)): null

2018-12-14 02:15:36 - [TEST_STEP][PASSED] - Statement - counter = counter + 1: null

2018-12-14 02:15:36 - [TEST_STEP][PASSED] - Statement - PreSaveFile = new java.io.File(((pathPrefix + java.lang.Integer.toString(counter)) + .png)): null

2018-12-14 02:15:36 - [TEST_STEP][PASSED] - Statement - counter = counter + 1: null

2018-12-14 02:15:36 - [TEST_STEP][PASSED] - Statement - PreSaveFile = new java.io.File(((pathPrefix + java.lang.Integer.toString(counter)) + .png)): null

2018-12-14 02:15:36 - [TEST_STEP][PASSED] - Statement - counter = counter + 1: null

2018-12-14 02:15:36 - [TEST_STEP][PASSED] - Statement - PreSaveFile = new java.io.File(((pathPrefix + java.lang.Integer.toString(counter)) + .png)): null

2018-12-14 02:15:36 - [TEST_STEP][PASSED] - Statement - counter = counter + 1: null

2018-12-14 02:15:36 - [TEST_STEP][PASSED] - Statement - PreSaveFile = new java.io.File(((pathPrefix + java.lang.Integer.toString(counter)) + .png)): null

2018-12-14 02:15:36 - [TEST_STEP][PASSED] - Statement - counter = counter + 1: null

2018-12-14 02:15:36 - [TEST_STEP][PASSED] - Statement - PreSaveFile = new java.io.File(((pathPrefix + java.lang.Integer.toString(counter)) + .png)): null

2018-12-14 02:15:36 - [TEST_STEP][PASSED] - Statement - counter = counter + 1: null

2018-12-14 02:15:36 - [TEST_STEP][PASSED] - Statement - PreSaveFile = new java.io.File(((pathPrefix + java.lang.Integer.toString(counter)) + .png)): null

2018-12-14 02:15:36 - [TEST_STEP][PASSED] - Statement - counter = counter + 1: null

2018-12-14 02:15:36 - [TEST_STEP][PASSED] - Statement - PreSaveFile = new java.io.File(((pathPrefix + java.lang.Integer.toString(counter)) + .png)): null

2018-12-14 02:15:36 - [TEST_STEP][PASSED] - Statement - counter = counter + 1: null

2018-12-14 02:15:36 - [TEST_STEP][PASSED] - Statement - PreSaveFile = new java.io.File(((pathPrefix + java.lang.Integer.toString(counter)) + .png)): null

2018-12-14 02:15:36 - [TEST_STEP][PASSED] - Statement - counter = counter + 1: null

2018-12-14 02:15:36 - [TEST_STEP][PASSED] - Statement - PreSaveFile = new java.io.File(((pathPrefix + java.lang.Integer.toString(counter)) + .png)): null

2018-12-14 02:15:36 - [TEST_STEP][PASSED] - Statement - counter = counter + 1: null

2018-12-14 02:15:36 - [TEST_STEP][PASSED] - Statement - PreSaveFile = new java.io.File(((pathPrefix + java.lang.Integer.toString(counter)) + .png)): null

2018-12-14 02:15:36 - [TEST_STEP][PASSED] - Statement - counter = counter + 1: null

2018-12-14 02:15:36 - [TEST_STEP][PASSED] - Statement - PreSaveFile = new java.io.File(((pathPrefix + java.lang.Integer.toString(counter)) + .png)): null

2018-12-14 02:15:36 - [TEST_STEP][PASSED] - Statement - counter = counter + 1: null

2018-12-14 02:15:36 - [TEST_STEP][PASSED] - Statement - PreSaveFile = new java.io.File(((pathPrefix + java.lang.Integer.toString(counter)) + .png)): null

2018-12-14 02:15:36 - [TEST_STEP][PASSED] - Statement - counter = counter + 1: null

2018-12-14 02:15:36 - [TEST_STEP][PASSED] - Statement - PreSaveFile = new java.io.File(((pathPrefix + java.lang.Integer.toString(counter)) + .png)): null

2018-12-14 02:15:36 - [TEST_STEP][PASSED] - Statement - counter = counter + 1: null

2018-12-14 02:15:36 - [TEST_STEP][PASSED] - Statement - PreSaveFile = new java.io.File(((pathPrefix + java.lang.Integer.toString(counter)) + .png)): null

2018-12-14 02:15:36 - [TEST_STEP][PASSED] - Statement - counter = counter + 1: null

2018-12-14 02:15:36 - [TEST_STEP][PASSED] - Statement - PreSaveFile = new java.io.File(((pathPrefix + java.lang.Integer.toString(counter)) + .png)): null

2018-12-14 02:15:36 - [TEST_STEP][PASSED] - Statement - counter = counter + 1: null

2018-12-14 02:15:36 - [TEST_STEP][PASSED] - Statement - PreSaveFile = new java.io.File(((pathPrefix + java.lang.Integer.toString(counter)) + .png)): null

2018-12-14 02:15:36 - [TEST_STEP][PASSED] - Statement - counter = counter + 1: null

2018-12-14 02:15:36 - [TEST_STEP][PASSED] - Statement - PreSaveFile = new java.io.File(((pathPrefix + java.lang.Integer.toString(counter)) + .png)): null

2018-12-14 02:15:36 - [TEST_STEP][PASSED] - Statement - counter = counter + 1: null

2018-12-14 02:15:36 - [TEST_STEP][PASSED] - Statement - PreSaveFile = new java.io.File(((pathPrefix + java.lang.Integer.toString(counter)) + .png)): null

2018-12-14 02:15:36 - [TEST_STEP][PASSED] - Statement - counter = counter + 1: null

2018-12-14 02:15:36 - [TEST_STEP][PASSED] - Statement - PreSaveFile = new java.io.File(((pathPrefix + java.lang.Integer.toString(counter)) + .png)): null

2018-12-14 02:15:36 - [TEST_STEP][PASSED] - Statement - counter = counter + 1: null

2018-12-14 02:15:36 - [TEST_STEP][PASSED] - Statement - PreSaveFile = new java.io.File(((pathPrefix + java.lang.Integer.toString(counter)) + .png)): null

2018-12-14 02:15:36 - [TEST_STEP][PASSED] - Statement - counter = counter + 1: null

2018-12-14 02:15:36 - [TEST_STEP][PASSED] - Statement - PreSaveFile = new java.io.File(((pathPrefix + java.lang.Integer.toString(counter)) + .png)): null

2018-12-14 02:15:36 - [TEST_STEP][PASSED] - Statement - counter = counter + 1: null

2018-12-14 02:15:36 - [TEST_STEP][PASSED] - Statement - PreSaveFile = new java.io.File(((pathPrefix + java.lang.Integer.toString(counter)) + .png)): null

2018-12-14 02:15:36 - [TEST_STEP][PASSED] - Statement - counter = counter + 1: null

2018-12-14 02:15:36 - [TEST_STEP][PASSED] - Statement - PreSaveFile = new java.io.File(((pathPrefix + java.lang.Integer.toString(counter)) + .png)): null

2018-12-14 02:15:36 - [TEST_STEP][PASSED] - Statement - counter = counter + 1: null

2018-12-14 02:15:36 - [TEST_STEP][PASSED] - Statement - PreSaveFile = new java.io.File(((pathPrefix + java.lang.Integer.toString(counter)) + .png)): null

2018-12-14 02:15:36 - [TEST_STEP][PASSED] - Statement - counter = counter + 1: null

2018-12-14 02:15:36 - [TEST_STEP][PASSED] - Statement - PreSaveFile = new java.io.File(((pathPrefix + java.lang.Integer.toString(counter)) + .png)): null

2018-12-14 02:15:36 - [TEST_STEP][PASSED] - Statement - counter = counter + 1: null

2018-12-14 02:15:36 - [TEST_STEP][PASSED] - Statement - PreSaveFile = new java.io.File(((pathPrefix + java.lang.Integer.toString(counter)) + .png)): null

2018-12-14 02:15:36 - [TEST_STEP][PASSED] - Statement - counter = counter + 1: null

2018-12-14 02:15:36 - [TEST_STEP][PASSED] - Statement - PreSaveFile = new java.io.File(((pathPrefix + java.lang.Integer.toString(counter)) + .png)): null

2018-12-14 02:15:36 - [TEST_STEP][PASSED] - Statement - counter = counter + 1: null

2018-12-14 02:15:36 - [TEST_STEP][PASSED] - Statement - PreSaveFile = new java.io.File(((pathPrefix + java.lang.Integer.toString(counter)) + .png)): null

2018-12-14 02:15:36 - [TEST_STEP][PASSED] - Statement - counter = counter + 1: null

2018-12-14 02:15:36 - [TEST_STEP][PASSED] - Statement - PreSaveFile = new java.io.File(((pathPrefix + java.lang.Integer.toString(counter)) + .png)): null

2018-12-14 02:15:36 - [TEST_STEP][PASSED] - Statement - counter = counter + 1: null

2018-12-14 02:15:36 - [TEST_STEP][PASSED] - Statement - PreSaveFile = new java.io.File(((pathPrefix + java.lang.Integer.toString(counter)) + .png)): null

2018-12-14 02:15:36 - [TEST_STEP][PASSED] - Statement - counter = counter + 1: null

2018-12-14 02:15:36 - [TEST_STEP][PASSED] - Statement - PreSaveFile = new java.io.File(((pathPrefix + java.lang.Integer.toString(counter)) + .png)): null

2018-12-14 02:15:36 - [TEST_STEP][PASSED] - Statement - counter = counter + 1: null

2018-12-14 02:15:36 - [TEST_STEP][PASSED] - Statement - PreSaveFile = new java.io.File(((pathPrefix + java.lang.Integer.toString(counter)) + .png)): null

2018-12-14 02:15:36 - [TEST_STEP][PASSED] - Statement - counter = counter + 1: null

2018-12-14 02:15:36 - [TEST_STEP][PASSED] - Statement - PreSaveFile = new java.io.File(((pathPrefix + java.lang.Integer.toString(counter)) + .png)): null

2018-12-14 02:15:36 - [TEST_STEP][PASSED] - Statement - counter = counter + 1: null

2018-12-14 02:15:36 - [TEST_STEP][PASSED] - Statement - PreSaveFile = new java.io.File(((pathPrefix + java.lang.Integer.toString(counter)) + .png)): null

2018-12-14 02:15:36 - [TEST_STEP][PASSED] - Statement - counter = counter + 1: null

2018-12-14 02:15:36 - [TEST_STEP][PASSED] - Statement - PreSaveFile = new java.io.File(((pathPrefix + java.lang.Integer.toString(counter)) + .png)): null

2018-12-14 02:15:36 - [TEST_STEP][PASSED] - Statement - counter = counter + 1: null

2018-12-14 02:15:36 - [TEST_STEP][PASSED] - Statement - PreSaveFile = new java.io.File(((pathPrefix + java.lang.Integer.toString(counter)) + .png)): null

2018-12-14 02:15:36 - [TEST_STEP][PASSED] - Statement - counter = counter + 1: null

2018-12-14 02:15:36 - [TEST_STEP][PASSED] - Statement - PreSaveFile = new java.io.File(((pathPrefix + java.lang.Integer.toString(counter)) + .png)): null

2018-12-14 02:15:36 - [TEST_STEP][PASSED] - Statement - counter = counter + 1: null

2018-12-14 02:15:36 - [TEST_STEP][PASSED] - Statement - PreSaveFile = new java.io.File(((pathPrefix + java.lang.Integer.toString(counter)) + .png)): null

2018-12-14 02:15:36 - [TEST_STEP][PASSED] - Statement - counter = counter + 1: null

2018-12-14 02:15:37 - [TEST_STEP][PASSED] - Statement - PreSaveFile = new java.io.File(((pathPrefix + java.lang.Integer.toString(counter)) + .png)): null

2018-12-14 02:15:37 - [TEST_STEP][PASSED] - Statement - counter = counter + 1: null

2018-12-14 02:15:37 - [TEST_STEP][PASSED] - Statement - PreSaveFile = new java.io.File(((pathPrefix + java.lang.Integer.toString(counter)) + .png)): null

2018-12-14 02:15:37 - [TEST_STEP][PASSED] - Statement - counter = counter + 1: null

2018-12-14 02:15:37 - [TEST_STEP][PASSED] - Statement - PreSaveFile = new java.io.File(((pathPrefix + java.lang.Integer.toString(counter)) + .png)): null

2018-12-14 02:15:37 - [TEST_STEP][PASSED] - Statement - counter = counter + 1: null

2018-12-14 02:15:37 - [TEST_STEP][PASSED] - Statement - PreSaveFile = new java.io.File(((pathPrefix + java.lang.Integer.toString(counter)) + .png)): null

2018-12-14 02:15:37 - [TEST_STEP][PASSED] - Statement - counter = counter + 1: null

2018-12-14 02:15:37 - [TEST_STEP][PASSED] - Statement - PreSaveFile = new java.io.File(((pathPrefix + java.lang.Integer.toString(counter)) + .png)): null

2018-12-14 02:15:37 - [TEST_STEP][PASSED] - Statement - counter = counter + 1: null

2018-12-14 02:15:37 - [TEST_STEP][PASSED] - Statement - PreSaveFile = new java.io.File(((pathPrefix + java.lang.Integer.toString(counter)) + .png)): null

2018-12-14 02:15:37 - [TEST_STEP][PASSED] - Statement - counter = counter + 1: null

2018-12-14 02:15:37 - [TEST_STEP][PASSED] - Statement - PreSaveFile = new java.io.File(((pathPrefix + java.lang.Integer.toString(counter)) + .png)): null

2018-12-14 02:15:37 - [TEST_STEP][PASSED] - Statement - counter = counter + 1: null

2018-12-14 02:15:37 - [TEST_STEP][PASSED] - Statement - PreSaveFile = new java.io.File(((pathPrefix + java.lang.Integer.toString(counter)) + .png)): null

2018-12-14 02:15:37 - [TEST_STEP][PASSED] - Statement - counter = counter + 1: null

2018-12-14 02:15:37 - [TEST_STEP][PASSED] - Statement - PreSaveFile = new java.io.File(((pathPrefix + java.lang.Integer.toString(counter)) + .png)): null

2018-12-14 02:15:37 - [TEST_STEP][PASSED] - Statement - counter = counter + 1: null

2018-12-14 02:15:37 - [TEST_STEP][PASSED] - Statement - PreSaveFile = new java.io.File(((pathPrefix + java.lang.Integer.toString(counter)) + .png)): null

2018-12-14 02:15:37 - [TEST_STEP][PASSED] - Statement - counter = counter + 1: null

2018-12-14 02:15:37 - [TEST_STEP][PASSED] - Statement - PreSaveFile = new java.io.File(((pathPrefix + java.lang.Integer.toString(counter)) + .png)): null

2018-12-14 02:15:37 - [TEST_STEP][PASSED] - Statement - counter = counter + 1: null

2018-12-14 02:15:37 - [TEST_STEP][PASSED] - Statement - PreSaveFile = new java.io.File(((pathPrefix + java.lang.Integer.toString(counter)) + .png)): null

2018-12-14 02:15:37 - [TEST_STEP][PASSED] - Statement - counter = counter + 1: null

2018-12-14 02:15:37 - [TEST_STEP][PASSED] - Statement - PreSaveFile = new java.io.File(((pathPrefix + java.lang.Integer.toString(counter)) + .png)): null

2018-12-14 02:15:37 - [TEST_STEP][PASSED] - Statement - counter = counter + 1: null

2018-12-14 02:15:37 - [TEST_STEP][PASSED] - Statement - PreSaveFile = new java.io.File(((pathPrefix + java.lang.Integer.toString(counter)) + .png)): null

2018-12-14 02:15:37 - [TEST_STEP][PASSED] - Statement - counter = counter + 1: null

2018-12-14 02:15:37 - [TEST_STEP][PASSED] - Statement - PreSaveFile = new java.io.File(((pathPrefix + java.lang.Integer.toString(counter)) + .png)): null

2018-12-14 02:15:37 - [TEST_STEP][PASSED] - Statement - counter = counter + 1: null

2018-12-14 02:15:37 - [TEST_STEP][PASSED] - Statement - PreSaveFile = new java.io.File(((pathPrefix + java.lang.Integer.toString(counter)) + .png)): null

2018-12-14 02:15:37 - [TEST_STEP][PASSED] - Statement - counter = counter + 1: null

2018-12-14 02:15:37 - [TEST_STEP][PASSED] - Statement - PreSaveFile = new java.io.File(((pathPrefix + java.lang.Integer.toString(counter)) + .png)): null

2018-12-14 02:15:37 - [TEST_STEP][PASSED] - Statement - counter = counter + 1: null

2018-12-14 02:15:37 - [TEST_STEP][PASSED] - Statement - PreSaveFile = new java.io.File(((pathPrefix + java.lang.Integer.toString(counter)) + .png)): null

2018-12-14 02:15:37 - [TEST_STEP][PASSED] - Statement - counter = counter + 1: null

2018-12-14 02:15:37 - [TEST_STEP][PASSED] - Statement - PreSaveFile = new java.io.File(((pathPrefix + java.lang.Integer.toString(counter)) + .png)): null

2018-12-14 02:15:37 - [TEST_STEP][PASSED] - Statement - counter = counter + 1: null

2018-12-14 02:15:37 - [TEST_STEP][PASSED] - Statement - PreSaveFile = new java.io.File(((pathPrefix + java.lang.Integer.toString(counter)) + .png)): null

2018-12-14 02:15:37 - [TEST_STEP][PASSED] - Statement - counter = counter + 1: null

2018-12-14 02:15:37 - [TEST_STEP][PASSED] - Statement - PreSaveFile = new java.io.File(((pathPrefix + java.lang.Integer.toString(counter)) + .png)): null

2018-12-14 02:15:37 - [TEST_STEP][PASSED] - Statement - counter = counter + 1: null

2018-12-14 02:15:37 - [TEST_STEP][PASSED] - Statement - PreSaveFile = new java.io.File(((pathPrefix + java.lang.Integer.toString(counter)) + .png)): null

2018-12-14 02:15:37 - [TEST_STEP][PASSED] - Statement - counter = counter + 1: null

2018-12-14 02:15:37 - [TEST_STEP][PASSED] - Statement - PreSaveFile = new java.io.File(((pathPrefix + java.lang.Integer.toString(counter)) + .png)): null

2018-12-14 02:15:37 - [TEST_STEP][PASSED] - Statement - counter = counter + 1: null

2018-12-14 02:15:37 - [TEST_STEP][PASSED] - Statement - PreSaveFile = new java.io.File(((pathPrefix + java.lang.Integer.toString(counter)) + .png)): null

2018-12-14 02:15:37 - [TEST_STEP][PASSED] - Statement - counter = counter + 1: null

2018-12-14 02:15:37 - [TEST_STEP][PASSED] - Statement - PreSaveFile = new java.io.File(((pathPrefix + java.lang.Integer.toString(counter)) + .png)): null

2018-12-14 02:15:37 - [TEST_STEP][PASSED] - Statement - counter = counter + 1: null

2018-12-14 02:15:37 - [TEST_STEP][PASSED] - Statement - PreSaveFile = new java.io.File(((pathPrefix + java.lang.Integer.toString(counter)) + .png)): null

2018-12-14 02:15:37 - [TEST_STEP][PASSED] - Statement - counter = counter + 1: null

2018-12-14 02:15:37 - [TEST_STEP][PASSED] - Statement - PreSaveFile = new java.io.File(((pathPrefix + java.lang.Integer.toString(counter)) + .png)): null

2018-12-14 02:15:37 - [TEST_STEP][PASSED] - Statement - counter = counter + 1: null

2018-12-14 02:15:37 - [TEST_STEP][PASSED] - Statement - PreSaveFile = new java.io.File(((pathPrefix + java.lang.Integer.toString(counter)) + .png)): null

2018-12-14 02:15:37 - [TEST_STEP][PASSED] - Statement - counter = counter + 1: null

2018-12-14 02:15:37 - [TEST_STEP][PASSED] - Statement - PreSaveFile = new java.io.File(((pathPrefix + java.lang.Integer.toString(counter)) + .png)): null

2018-12-14 02:15:37 - [TEST_STEP][PASSED] - Statement - counter = counter + 1: null

2018-12-14 02:15:37 - [TEST_STEP][PASSED] - Statement - PreSaveFile = new java.io.File(((pathPrefix + java.lang.Integer.toString(counter)) + .png)): null

2018-12-14 02:15:37 - [TEST_STEP][PASSED] - Statement - counter = counter + 1: null

2018-12-14 02:15:37 - [TEST_STEP][PASSED] - Statement - PreSaveFile = new java.io.File(((pathPrefix + java.lang.Integer.toString(counter)) + .png)): null

2018-12-14 02:15:37 - [TEST_STEP][PASSED] - Statement - counter = counter + 1: null

2018-12-14 02:15:37 - [TEST_STEP][PASSED] - Statement - PreSaveFile = new java.io.File(((pathPrefix + java.lang.Integer.toString(counter)) + .png)): null

2018-12-14 02:15:37 - [TEST_STEP][PASSED] - Statement - counter = counter + 1: null

2018-12-14 02:15:37 - [TEST_STEP][PASSED] - Statement - PreSaveFile = new java.io.File(((pathPrefix + java.lang.Integer.toString(counter)) + .png)): null

2018-12-14 02:15:37 - [TEST_STEP][PASSED] - Statement - counter = counter + 1: null

2018-12-14 02:15:37 - [TEST_STEP][PASSED] - Statement - PreSaveFile = new java.io.File(((pathPrefix + java.lang.Integer.toString(counter)) + .png)): null

2018-12-14 02:15:37 - [TEST_STEP][PASSED] - Statement - counter = counter + 1: null

2018-12-14 02:15:37 - [TEST_STEP][PASSED] - Statement - PreSaveFile = new java.io.File(((pathPrefix + java.lang.Integer.toString(counter)) + .png)): null

2018-12-14 02:15:37 - [TEST_STEP][PASSED] - Statement - counter = counter + 1: null

2018-12-14 02:15:37 - [TEST_STEP][PASSED] - Statement - PreSaveFile = new java.io.File(((pathPrefix + java.lang.Integer.toString(counter)) + .png)): null

2018-12-14 02:15:37 - [TEST_STEP][PASSED] - Statement - counter = counter + 1: null

2018-12-14 02:15:37 - [TEST_STEP][PASSED] - Statement - PreSaveFile = new java.io.File(((pathPrefix + java.lang.Integer.toString(counter)) + .png)): null

2018-12-14 02:15:37 - [TEST_STEP][PASSED] - Statement - counter = counter + 1: null

2018-12-14 02:15:37 - [TEST_STEP][PASSED] - Statement - PreSaveFile = new java.io.File(((pathPrefix + java.lang.Integer.toString(counter)) + .png)): null

2018-12-14 02:15:37 - [TEST_STEP][PASSED] - Statement - counter = counter + 1: null

2018-12-14 02:15:37 - [TEST_STEP][PASSED] - Statement - PreSaveFile = new java.io.File(((pathPrefix + java.lang.Integer.toString(counter)) + .png)): null

2018-12-14 02:15:37 - [TEST_STEP][PASSED] - Statement - counter = counter + 1: null

2018-12-14 02:15:37 - [TEST_STEP][PASSED] - Statement - PreSaveFile = new java.io.File(((pathPrefix + java.lang.Integer.toString(counter)) + .png)): null

2018-12-14 02:15:37 - [TEST_STEP][PASSED] - Statement - counter = counter + 1: null

2018-12-14 02:15:37 - [TEST_STEP][PASSED] - Statement - PreSaveFile = new java.io.File(((pathPrefix + java.lang.Integer.toString(counter)) + .png)): null

2018-12-14 02:15:37 - [TEST_STEP][PASSED] - Statement - counter = counter + 1: null

2018-12-14 02:15:37 - [TEST_STEP][PASSED] - Statement - PreSaveFile = new java.io.File(((pathPrefix + java.lang.Integer.toString(counter)) + .png)): null

2018-12-14 02:15:37 - [TEST_STEP][PASSED] - Statement - counter = counter + 1: null

2018-12-14 02:15:37 - [TEST_STEP][PASSED] - Statement - PreSaveFile = new java.io.File(((pathPrefix + java.lang.Integer.toString(counter)) + .png)): null

2018-12-14 02:15:37 - [TEST_STEP][PASSED] - Statement - counter = counter + 1: null

2018-12-14 02:15:37 - [TEST_STEP][PASSED] - Statement - PreSaveFile = new java.io.File(((pathPrefix + java.lang.Integer.toString(counter)) + .png)): null

2018-12-14 02:15:37 - [TEST_STEP][PASSED] - Statement - counter = counter + 1: null

2018-12-14 02:15:37 - [TEST_STEP][PASSED] - Statement - PreSaveFile = new java.io.File(((pathPrefix + java.lang.Integer.toString(counter)) + .png)): null

2018-12-14 02:15:37 - [TEST_STEP][PASSED] - Statement - counter = counter + 1: null

2018-12-14 02:15:37 - [TEST_STEP][PASSED] - Statement - PreSaveFile = new java.io.File(((pathPrefix + java.lang.Integer.toString(counter)) + .png)): null

2018-12-14 02:15:37 - [TEST_STEP][PASSED] - Statement - counter = counter + 1: null

2018-12-14 02:15:37 - [TEST_STEP][PASSED] - Statement - PreSaveFile = new java.io.File(((pathPrefix + java.lang.Integer.toString(counter)) + .png)): null

2018-12-14 02:15:37 - [TEST_STEP][PASSED] - Statement - counter = counter + 1: null

2018-12-14 02:15:37 - [TEST_STEP][PASSED] - Statement - PreSaveFile = new java.io.File(((pathPrefix + java.lang.Integer.toString(counter)) + .png)): null

2018-12-14 02:15:37 - [TEST_STEP][PASSED] - Statement - counter = counter + 1: null

2018-12-14 02:15:37 - [TEST_STEP][PASSED] - Statement - PreSaveFile = new java.io.File(((pathPrefix + java.lang.Integer.toString(counter)) + .png)): null

2018-12-14 02:15:37 - [TEST_STEP][PASSED] - Statement - counter = counter + 1: null

2018-12-14 02:15:37 - [TEST_STEP][PASSED] - Statement - PreSaveFile = new java.io.File(((pathPrefix + java.lang.Integer.toString(counter)) + .png)): null

2018-12-14 02:15:37 - [TEST_STEP][PASSED] - Statement - counter = counter + 1: null

2018-12-14 02:15:37 - [TEST_STEP][PASSED] - Statement - PreSaveFile = new java.io.File(((pathPrefix + java.lang.Integer.toString(counter)) + .png)): null

2018-12-14 02:15:37 - [TEST_STEP][PASSED] - Statement - counter = counter + 1: null

2018-12-14 02:15:37 - [TEST_STEP][PASSED] - Statement - PreSaveFile = new java.io.File(((pathPrefix + java.lang.Integer.toString(counter)) + .png)): null

2018-12-14 02:15:37 - [TEST_STEP][PASSED] - Statement - counter = counter + 1: null

2018-12-14 02:15:37 - [TEST_STEP][PASSED] - Statement - PreSaveFile = new java.io.File(((pathPrefix + java.lang.Integer.toString(counter)) + .png)): null

2018-12-14 02:15:37 - [TEST_STEP][PASSED] - Statement - counter = counter + 1: null

2018-12-14 02:15:37 - [TEST_STEP][PASSED] - Statement - PreSaveFile = new java.io.File(((pathPrefix + java.lang.Integer.toString(counter)) + .png)): null

2018-12-14 02:15:37 - [TEST_STEP][PASSED] - Statement - counter = counter + 1: null

2018-12-14 02:15:37 - [TEST_STEP][PASSED] - Statement - PreSaveFile = new java.io.File(((pathPrefix + java.lang.Integer.toString(counter)) + .png)): null

2018-12-14 02:15:37 - [TEST_STEP][PASSED] - Statement - counter = counter + 1: null

2018-12-14 02:15:37 - [TEST_STEP][PASSED] - Statement - PreSaveFile = new java.io.File(((pathPrefix + java.lang.Integer.toString(counter)) + .png)): null

2018-12-14 02:15:37 - [TEST_STEP][PASSED] - Statement - counter = counter + 1: null

2018-12-14 02:15:37 - [TEST_STEP][PASSED] - Statement - PreSaveFile = new java.io.File(((pathPrefix + java.lang.Integer.toString(counter)) + .png)): null

2018-12-14 02:15:37 - [TEST_STEP][PASSED] - Statement - counter = counter + 1: null

2018-12-14 02:15:37 - [TEST_STEP][PASSED] - Statement - PreSaveFile = new java.io.File(((pathPrefix + java.lang.Integer.toString(counter)) + .png)): null

2018-12-14 02:15:37 - [TEST_STEP][PASSED] - Statement - counter = counter + 1: null

2018-12-14 02:15:37 - [TEST_STEP][PASSED] - Statement - PreSaveFile = new java.io.File(((pathPrefix + java.lang.Integer.toString(counter)) + .png)): null

2018-12-14 02:15:37 - [TEST_STEP][PASSED] - Statement - counter = counter + 1: null

2018-12-14 02:15:37 - [TEST_STEP][PASSED] - Statement - PreSaveFile = new java.io.File(((pathPrefix + java.lang.Integer.toString(counter)) + .png)): null

2018-12-14 02:15:37 - [TEST_STEP][PASSED] - Statement - counter = counter + 1: null

2018-12-14 02:15:37 - [TEST_STEP][PASSED] - Statement - PreSaveFile = new java.io.File(((pathPrefix + java.lang.Integer.toString(counter)) + .png)): null

2018-12-14 02:15:37 - [TEST_STEP][PASSED] - Statement - counter = counter + 1: null

2018-12-14 02:15:37 - [TEST_STEP][PASSED] - Statement - PreSaveFile = new java.io.File(((pathPrefix + java.lang.Integer.toString(counter)) + .png)): null

2018-12-14 02:15:37 - [TEST_STEP][PASSED] - Statement - counter = counter + 1: null

2018-12-14 02:15:37 - [TEST_STEP][PASSED] - Statement - PreSaveFile = new java.io.File(((pathPrefix + java.lang.Integer.toString(counter)) + .png)): null

2018-12-14 02:15:37 - [TEST_STEP][PASSED] - Statement - counter = counter + 1: null

2018-12-14 02:15:37 - [TEST_STEP][PASSED] - Statement - PreSaveFile = new java.io.File(((pathPrefix + java.lang.Integer.toString(counter)) + .png)): null

2018-12-14 02:15:37 - [TEST_STEP][PASSED] - Statement - counter = counter + 1: null

2018-12-14 02:15:37 - [TEST_STEP][PASSED] - Statement - PreSaveFile = new java.io.File(((pathPrefix + java.lang.Integer.toString(counter)) + .png)): null

2018-12-14 02:15:37 - [TEST_STEP][PASSED] - Statement - counter = counter + 1: null

2018-12-14 02:15:37 - [TEST_STEP][PASSED] - Statement - PreSaveFile = new java.io.File(((pathPrefix + java.lang.Integer.toString(counter)) + .png)): null

2018-12-14 02:15:37 - [TEST_STEP][PASSED] - Statement - counter = counter + 1: null

2018-12-14 02:15:37 - [TEST_STEP][PASSED] - Statement - PreSaveFile = new java.io.File(((pathPrefix + java.lang.Integer.toString(counter)) + .png)): null

2018-12-14 02:15:37 - [TEST_STEP][PASSED] - Statement - counter = counter + 1: null

2018-12-14 02:15:37 - [TEST_STEP][PASSED] - Statement - PreSaveFile = new java.io.File(((pathPrefix + java.lang.Integer.toString(counter)) + .png)): null

2018-12-14 02:15:37 - [TEST_STEP][PASSED] - Statement - counter = counter + 1: null

2018-12-14 02:15:37 - [TEST_STEP][PASSED] - Statement - PreSaveFile = new java.io.File(((pathPrefix + java.lang.Integer.toString(counter)) + .png)): null

2018-12-14 02:15:37 - [TEST_STEP][PASSED] - Statement - counter = counter + 1: null

2018-12-14 02:15:37 - [TEST_STEP][PASSED] - Statement - PreSaveFile = new java.io.File(((pathPrefix + java.lang.Integer.toString(counter)) + .png)): null

2018-12-14 02:15:37 - [TEST_STEP][PASSED] - Statement - counter = counter + 1: null

2018-12-14 02:15:37 - [TEST_STEP][PASSED] - Statement - PreSaveFile = new java.io.File(((pathPrefix + java.lang.Integer.toString(counter)) + .png)): null

2018-12-14 02:15:37 - [TEST_STEP][PASSED] - Statement - counter = counter + 1: null

2018-12-14 02:15:37 - [TEST_STEP][PASSED] - Statement - PreSaveFile = new java.io.File(((pathPrefix + java.lang.Integer.toString(counter)) + .png)): null

2018-12-14 02:15:37 - [TEST_STEP][PASSED] - Statement - counter = counter + 1: null

2018-12-14 02:15:37 - [TEST_STEP][PASSED] - Statement - PreSaveFile = new java.io.File(((pathPrefix + java.lang.Integer.toString(counter)) + .png)): null

2018-12-14 02:15:37 - [TEST_STEP][PASSED] - Statement - counter = counter + 1: null

2018-12-14 02:15:37 - [TEST_STEP][PASSED] - Statement - PreSaveFile = new java.io.File(((pathPrefix + java.lang.Integer.toString(counter)) + .png)): null

2018-12-14 02:15:37 - [TEST_STEP][PASSED] - Statement - counter = counter + 1: null

2018-12-14 02:15:37 - [TEST_STEP][PASSED] - Statement - PreSaveFile = new java.io.File(((pathPrefix + java.lang.Integer.toString(counter)) + .png)): null

2018-12-14 02:15:37 - [TEST_STEP][PASSED] - Statement - counter = counter + 1: null

2018-12-14 02:15:37 - [TEST_STEP][PASSED] - Statement - PreSaveFile = new java.io.File(((pathPrefix + java.lang.Integer.toString(counter)) + .png)): null

2018-12-14 02:15:37 - [TEST_STEP][PASSED] - Statement - counter = counter + 1: null

2018-12-14 02:15:37 - [TEST_STEP][PASSED] - Statement - PreSaveFile = new java.io.File(((pathPrefix + java.lang.Integer.toString(counter)) + .png)): null

2018-12-14 02:15:37 - [TEST_STEP][PASSED] - Statement - counter = counter + 1: null

2018-12-14 02:15:37 - [TEST_STEP][PASSED] - Statement - PreSaveFile = new java.io.File(((pathPrefix + java.lang.Integer.toString(counter)) + .png)): null

2018-12-14 02:15:37 - [TEST_STEP][PASSED] - Statement - counter = counter + 1: null

2018-12-14 02:15:37 - [TEST_STEP][PASSED] - Statement - PreSaveFile = new java.io.File(((pathPrefix + java.lang.Integer.toString(counter)) + .png)): null

2018-12-14 02:15:37 - [TEST_STEP][PASSED] - Statement - counter = counter + 1: null

2018-12-14 02:15:37 - [TEST_STEP][PASSED] - Statement - PreSaveFile = new java.io.File(((pathPrefix + java.lang.Integer.toString(counter)) + .png)): null

2018-12-14 02:15:37 - [TEST_STEP][PASSED] - Statement - counter = counter + 1: null

2018-12-14 02:15:37 - [TEST_STEP][PASSED] - Statement - PreSaveFile = new java.io.File(((pathPrefix + java.lang.Integer.toString(counter)) + .png)): null

2018-12-14 02:15:37 - [TEST_STEP][PASSED] - Statement - counter = counter + 1: null

2018-12-14 02:15:37 - [TEST_STEP][PASSED] - Statement - PreSaveFile = new java.io.File(((pathPrefix + java.lang.Integer.toString(counter)) + .png)): null

2018-12-14 02:15:37 - [TEST_STEP][PASSED] - Statement - counter = counter + 1: null

2018-12-14 02:15:37 - [TEST_STEP][PASSED] - Statement - PreSaveFile = new java.io.File(((pathPrefix + java.lang.Integer.toString(counter)) + .png)): null

2018-12-14 02:15:37 - [TEST_STEP][PASSED] - Statement - counter = counter + 1: null

2018-12-14 02:15:37 - [TEST_STEP][PASSED] - Statement - PreSaveFile = new java.io.File(((pathPrefix + java.lang.Integer.toString(counter)) + .png)): null

2018-12-14 02:15:37 - [TEST_STEP][PASSED] - Statement - counter = counter + 1: null

2018-12-14 02:15:37 - [TEST_STEP][PASSED] - Statement - PreSaveFile = new java.io.File(((pathPrefix + java.lang.Integer.toString(counter)) + .png)): null

2018-12-14 02:15:37 - [TEST_STEP][PASSED] - Statement - counter = counter + 1: null

2018-12-14 02:15:37 - [TEST_STEP][PASSED] - Statement - PreSaveFile = new java.io.File(((pathPrefix + java.lang.Integer.toString(counter)) + .png)): null

2018-12-14 02:15:37 - [TEST_STEP][PASSED] - Statement - counter = counter + 1: null

2018-12-14 02:15:37 - [TEST_STEP][PASSED] - Statement - PreSaveFile = new java.io.File(((pathPrefix + java.lang.Integer.toString(counter)) + .png)): null

2018-12-14 02:15:37 - [TEST_STEP][PASSED] - Statement - counter = counter + 1: null

2018-12-14 02:15:37 - [TEST_STEP][PASSED] - Statement - PreSaveFile = new java.io.File(((pathPrefix + java.lang.Integer.toString(counter)) + .png)): null

2018-12-14 02:15:37 - [TEST_STEP][PASSED] - Statement - counter = counter + 1: null

2018-12-14 02:15:37 - [TEST_STEP][PASSED] - Statement - PreSaveFile = new java.io.File(((pathPrefix + java.lang.Integer.toString(counter)) + .png)): null

2018-12-14 02:15:37 - [TEST_STEP][PASSED] - Statement - counter = counter + 1: null

2018-12-14 02:15:37 - [TEST_STEP][PASSED] - Statement - PreSaveFile = new java.io.File(((pathPrefix + java.lang.Integer.toString(counter)) + .png)): null

2018-12-14 02:15:37 - [TEST_STEP][PASSED] - Statement - counter = counter + 1: null

2018-12-14 02:15:37 - [TEST_STEP][PASSED] - Statement - PreSaveFile = new java.io.File(((pathPrefix + java.lang.Integer.toString(counter)) + .png)): null

2018-12-14 02:15:37 - [TEST_STEP][PASSED] - Statement - counter = counter + 1: null

2018-12-14 02:15:37 - [TEST_STEP][PASSED] - Statement - PreSaveFile = new java.io.File(((pathPrefix + java.lang.Integer.toString(counter)) + .png)): null

2018-12-14 02:15:37 - [TEST_STEP][PASSED] - Statement - counter = counter + 1: null

2018-12-14 02:15:37 - [TEST_STEP][PASSED] - Statement - PreSaveFile = new java.io.File(((pathPrefix + java.lang.Integer.toString(counter)) + .png)): null

2018-12-14 02:15:37 - [TEST_STEP][PASSED] - Statement - counter = counter + 1: null

2018-12-14 02:15:37 - [TEST_STEP][PASSED] - Statement - PreSaveFile = new java.io.File(((pathPrefix + java.lang.Integer.toString(counter)) + .png)): null

2018-12-14 02:15:37 - [TEST_STEP][PASSED] - Statement - counter = counter + 1: null

2018-12-14 02:15:37 - [TEST_STEP][PASSED] - Statement - PreSaveFile = new java.io.File(((pathPrefix + java.lang.Integer.toString(counter)) + .png)): null

2018-12-14 02:15:37 - [TEST_STEP][PASSED] - Statement - counter = counter + 1: null

2018-12-14 02:15:37 - [TEST_STEP][PASSED] - Statement - PreSaveFile = new java.io.File(((pathPrefix + java.lang.Integer.toString(counter)) + .png)): null

2018-12-14 02:15:37 - [TEST_STEP][PASSED] - Statement - counter = counter + 1: null

2018-12-14 02:15:37 - [TEST_STEP][PASSED] - Statement - PreSaveFile = new java.io.File(((pathPrefix + java.lang.Integer.toString(counter)) + .png)): null

2018-12-14 02:15:37 - [TEST_STEP][PASSED] - Statement - counter = counter + 1: null

2018-12-14 02:15:37 - [TEST_STEP][PASSED] - Statement - PreSaveFile = new java.io.File(((pathPrefix + java.lang.Integer.toString(counter)) + .png)): null

2018-12-14 02:15:37 - [TEST_STEP][PASSED] - Statement - counter = counter + 1: null

2018-12-14 02:15:37 - [TEST_STEP][PASSED] - Statement - PreSaveFile = new java.io.File(((pathPrefix + java.lang.Integer.toString(counter)) + .png)): null

2018-12-14 02:15:37 - [TEST_STEP][PASSED] - Statement - counter = counter + 1: null

2018-12-14 02:15:37 - [TEST_STEP][PASSED] - Statement - PreSaveFile = new java.io.File(((pathPrefix + java.lang.Integer.toString(counter)) + .png)): null

2018-12-14 02:15:37 - [TEST_STEP][PASSED] - Statement - counter = counter + 1: null

2018-12-14 02:15:37 - [TEST_STEP][PASSED] - Statement - PreSaveFile = new java.io.File(((pathPrefix + java.lang.Integer.toString(counter)) + .png)): null

2018-12-14 02:15:37 - [TEST_STEP][PASSED] - Statement - counter = counter + 1: null

2018-12-14 02:15:37 - [TEST_STEP][PASSED] - Statement - PreSaveFile = new java.io.File(((pathPrefix + java.lang.Integer.toString(counter)) + .png)): null

2018-12-14 02:15:37 - [TEST_STEP][PASSED] - Statement - counter = counter + 1: null

2018-12-14 02:15:37 - [TEST_STEP][PASSED] - Statement - PreSaveFile = new java.io.File(((pathPrefix + java.lang.Integer.toString(counter)) + .png)): null

2018-12-14 02:15:37 - [TEST_STEP][PASSED] - Statement - counter = counter + 1: null

2018-12-14 02:15:37 - [TEST_STEP][PASSED] - Statement - PreSaveFile = new java.io.File(((pathPrefix + java.lang.Integer.toString(counter)) + .png)): null

2018-12-14 02:15:37 - [TEST_STEP][PASSED] - Statement - counter = counter + 1: null

2018-12-14 02:15:37 - [TEST_STEP][PASSED] - Statement - PreSaveFile = new java.io.File(((pathPrefix + java.lang.Integer.toString(counter)) + .png)): null

2018-12-14 02:15:37 - [TEST_STEP][PASSED] - Statement - counter = counter + 1: null

2018-12-14 02:15:37 - [TEST_STEP][PASSED] - Statement - PreSaveFile = new java.io.File(((pathPrefix + java.lang.Integer.toString(counter)) + .png)): null

2018-12-14 02:15:37 - [TEST_STEP][PASSED] - Statement - counter = counter + 1: null

2018-12-14 02:15:37 - [TEST_STEP][PASSED] - Statement - PreSaveFile = new java.io.File(((pathPrefix + java.lang.Integer.toString(counter)) + .png)): null

2018-12-14 02:15:37 - [TEST_STEP][PASSED] - Statement - counter = counter + 1: null

2018-12-14 02:15:37 - [TEST_STEP][PASSED] - Statement - PreSaveFile = new java.io.File(((pathPrefix + java.lang.Integer.toString(counter)) + .png)): null

2018-12-14 02:15:37 - [TEST_STEP][PASSED] - Statement - counter = counter + 1: null

2018-12-14 02:15:37 - [TEST_STEP][PASSED] - Statement - PreSaveFile = new java.io.File(((pathPrefix + java.lang.Integer.toString(counter)) + .png)): null

2018-12-14 02:15:37 - [TEST_STEP][PASSED] - Statement - counter = counter + 1: null

2018-12-14 02:15:37 - [TEST_STEP][PASSED] - Statement - PreSaveFile = new java.io.File(((pathPrefix + java.lang.Integer.toString(counter)) + .png)): null

2018-12-14 02:15:37 - [TEST_STEP][PASSED] - Statement - counter = counter + 1: null

2018-12-14 02:15:37 - [TEST_STEP][PASSED] - Statement - PreSaveFile = new java.io.File(((pathPrefix + java.lang.Integer.toString(counter)) + .png)): null

2018-12-14 02:15:37 - [TEST_STEP][PASSED] - Statement - counter = counter + 1: null

2018-12-14 02:15:37 - [TEST_STEP][PASSED] - Statement - PreSaveFile = new java.io.File(((pathPrefix + java.lang.Integer.toString(counter)) + .png)): null

2018-12-14 02:15:37 - [TEST_STEP][PASSED] - Statement - counter = counter + 1: null

2018-12-14 02:15:37 - [TEST_STEP][PASSED] - Statement - PreSaveFile = new java.io.File(((pathPrefix + java.lang.Integer.toString(counter)) + .png)): null

2018-12-14 02:15:37 - [TEST_STEP][PASSED] - Statement - counter = counter + 1: null

2018-12-14 02:15:37 - [TEST_STEP][PASSED] - Statement - PreSaveFile = new java.io.File(((pathPrefix + java.lang.Integer.toString(counter)) + .png)): null

2018-12-14 02:15:37 - [TEST_STEP][PASSED] - Statement - counter = counter + 1: null

2018-12-14 02:15:37 - [TEST_STEP][PASSED] - Statement - PreSaveFile = new java.io.File(((pathPrefix + java.lang.Integer.toString(counter)) + .png)): null

2018-12-14 02:15:37 - [TEST_STEP][PASSED] - Statement - counter = counter + 1: null

2018-12-14 02:15:37 - [TEST_STEP][PASSED] - Statement - PreSaveFile = new java.io.File(((pathPrefix + java.lang.Integer.toString(counter)) + .png)): null

2018-12-14 02:15:37 - [TEST_STEP][PASSED] - Statement - counter = counter + 1: null

2018-12-14 02:15:37 - [TEST_STEP][PASSED] - Statement - PreSaveFile = new java.io.File(((pathPrefix + java.lang.Integer.toString(counter)) + .png)): null

2018-12-14 02:15:37 - [TEST_STEP][PASSED] - Statement - counter = counter + 1: null

2018-12-14 02:15:37 - [TEST_STEP][PASSED] - Statement - PreSaveFile = new java.io.File(((pathPrefix + java.lang.Integer.toString(counter)) + .png)): null

2018-12-14 02:15:37 - [TEST_STEP][PASSED] - Statement - counter = counter + 1: null

2018-12-14 02:15:37 - [TEST_STEP][PASSED] - Statement - PreSaveFile = new java.io.File(((pathPrefix + java.lang.Integer.toString(counter)) + .png)): null

2018-12-14 02:15:37 - [TEST_STEP][PASSED] - Statement - counter = counter + 1: null

2018-12-14 02:15:37 - [TEST_STEP][PASSED] - Statement - PreSaveFile = new java.io.File(((pathPrefix + java.lang.Integer.toString(counter)) + .png)): null

2018-12-14 02:15:37 - [TEST_STEP][PASSED] - Statement - counter = counter + 1: null

2018-12-14 02:15:37 - [TEST_STEP][PASSED] - Statement - PreSaveFile = new java.io.File(((pathPrefix + java.lang.Integer.toString(counter)) + .png)): null

2018-12-14 02:15:37 - [TEST_STEP][PASSED] - Statement - counter = counter + 1: null

2018-12-14 02:15:37 - [TEST_STEP][PASSED] - Statement - PreSaveFile = new java.io.File(((pathPrefix + java.lang.Integer.toString(counter)) + .png)): null

2018-12-14 02:15:37 - [TEST_STEP][PASSED] - Statement - counter = counter + 1: null

2018-12-14 02:15:37 - [TEST_STEP][PASSED] - Statement - PreSaveFile = new java.io.File(((pathPrefix + java.lang.Integer.toString(counter)) + .png)): null

2018-12-14 02:15:37 - [TEST_STEP][PASSED] - Statement - counter = counter + 1: null

2018-12-14 02:15:37 - [TEST_STEP][PASSED] - Statement - PreSaveFile = new java.io.File(((pathPrefix + java.lang.Integer.toString(counter)) + .png)): null

2018-12-14 02:15:37 - [TEST_STEP][PASSED] - Statement - counter = counter + 1: null

2018-12-14 02:15:37 - [TEST_STEP][PASSED] - Statement - PreSaveFile = new java.io.File(((pathPrefix + java.lang.Integer.toString(counter)) + .png)): null

2018-12-14 02:15:37 - [TEST_STEP][PASSED] - Statement - counter = counter + 1: null

2018-12-14 02:15:37 - [TEST_STEP][PASSED] - Statement - PreSaveFile = new java.io.File(((pathPrefix + java.lang.Integer.toString(counter)) + .png)): null

2018-12-14 02:15:37 - [TEST_STEP][PASSED] - Statement - counter = counter + 1: null

2018-12-14 02:15:37 - [TEST_STEP][PASSED] - Statement - PreSaveFile = new java.io.File(((pathPrefix + java.lang.Integer.toString(counter)) + .png)): null

2018-12-14 02:15:37 - [TEST_STEP][PASSED] - Statement - counter = counter + 1: null

2018-12-14 02:15:37 - [TEST_STEP][PASSED] - Statement - PreSaveFile = new java.io.File(((pathPrefix + java.lang.Integer.toString(counter)) + .png)): null

2018-12-14 02:15:37 - [TEST_STEP][PASSED] - Statement - counter = counter + 1: null

2018-12-14 02:15:37 - [TEST_STEP][PASSED] - Statement - PreSaveFile = new java.io.File(((pathPrefix + java.lang.Integer.toString(counter)) + .png)): null

2018-12-14 02:15:37 - [TEST_STEP][PASSED] - Statement - counter = counter + 1: null

2018-12-14 02:15:37 - [TEST_STEP][PASSED] - Statement - PreSaveFile = new java.io.File(((pathPrefix + java.lang.Integer.toString(counter)) + .png)): null

2018-12-14 02:15:37 - [TEST_STEP][PASSED] - Statement - counter = counter + 1: null

2018-12-14 02:15:37 - [TEST_STEP][PASSED] - Statement - PreSaveFile = new java.io.File(((pathPrefix + java.lang.Integer.toString(counter)) + .png)): null

2018-12-14 02:15:37 - [TEST_STEP][PASSED] - Statement - counter = counter + 1: null

2018-12-14 02:15:37 - [TEST_STEP][PASSED] - Statement - PreSaveFile = new java.io.File(((pathPrefix + java.lang.Integer.toString(counter)) + .png)): null

2018-12-14 02:15:37 - [TEST_STEP][PASSED] - Statement - counter = counter + 1: null

2018-12-14 02:15:37 - [TEST_STEP][PASSED] - Statement - PreSaveFile = new java.io.File(((pathPrefix + java.lang.Integer.toString(counter)) + .png)): null

2018-12-14 02:15:37 - [TEST_STEP][PASSED] - Statement - counter = counter + 1: null

2018-12-14 02:15:37 - [TEST_STEP][PASSED] - Statement - PreSaveFile = new java.io.File(((pathPrefix + java.lang.Integer.toString(counter)) + .png)): null

2018-12-14 02:15:37 - [TEST_STEP][PASSED] - Statement - counter = counter + 1: null

2018-12-14 02:15:37 - [TEST_STEP][PASSED] - Statement - PreSaveFile = new java.io.File(((pathPrefix + java.lang.Integer.toString(counter)) + .png)): null

2018-12-14 02:15:37 - [TEST_STEP][PASSED] - Statement - counter = counter + 1: null

2018-12-14 02:15:37 - [TEST_STEP][PASSED] - Statement - PreSaveFile = new java.io.File(((pathPrefix + java.lang.Integer.toString(counter)) + .png)): null

2018-12-14 02:15:37 - [TEST_STEP][PASSED] - Statement - counter = counter + 1: null

2018-12-14 02:15:37 - [TEST_STEP][PASSED] - Statement - PreSaveFile = new java.io.File(((pathPrefix + java.lang.Integer.toString(counter)) + .png)): null

2018-12-14 02:15:37 - [TEST_STEP][PASSED] - Statement - counter = counter + 1: null

2018-12-14 02:15:37 - [TEST_STEP][PASSED] - Statement - PreSaveFile = new java.io.File(((pathPrefix + java.lang.Integer.toString(counter)) + .png)): null

2018-12-14 02:15:37 - [TEST_STEP][PASSED] - Statement - counter = counter + 1: null

2018-12-14 02:15:37 - [TEST_STEP][PASSED] - Statement - PreSaveFile = new java.io.File(((pathPrefix + java.lang.Integer.toString(counter)) + .png)): null

2018-12-14 02:15:37 - [TEST_STEP][PASSED] - Statement - counter = counter + 1: null

2018-12-14 02:15:37 - [TEST_STEP][PASSED] - Statement - PreSaveFile = new java.io.File(((pathPrefix + java.lang.Integer.toString(counter)) + .png)): null

2018-12-14 02:15:37 - [TEST_STEP][PASSED] - Statement - counter = counter + 1: null

2018-12-14 02:15:37 - [TEST_STEP][PASSED] - Statement - PreSaveFile = new java.io.File(((pathPrefix + java.lang.Integer.toString(counter)) + .png)): null

2018-12-14 02:15:37 - [TEST_STEP][PASSED] - Statement - counter = counter + 1: null

2018-12-14 02:15:37 - [TEST_STEP][PASSED] - Statement - PreSaveFile = new java.io.File(((pathPrefix + java.lang.Integer.toString(counter)) + .png)): null

2018-12-14 02:15:37 - [TEST_STEP][PASSED] - Statement - counter = counter + 1: null

2018-12-14 02:15:37 - [TEST_STEP][PASSED] - Statement - PreSaveFile = new java.io.File(((pathPrefix + java.lang.Integer.toString(counter)) + .png)): null

2018-12-14 02:15:37 - [TEST_STEP][PASSED] - Statement - counter = counter + 1: null

2018-12-14 02:15:37 - [TEST_STEP][PASSED] - Statement - PreSaveFile = new java.io.File(((pathPrefix + java.lang.Integer.toString(counter)) + .png)): null

2018-12-14 02:15:37 - [TEST_STEP][PASSED] - Statement - counter = counter + 1: null

2018-12-14 02:15:37 - [TEST_STEP][PASSED] - Statement - PreSaveFile = new java.io.File(((pathPrefix + java.lang.Integer.toString(counter)) + .png)): null

2018-12-14 02:15:37 - [TEST_STEP][PASSED] - Statement - counter = counter + 1: null

2018-12-14 02:15:37 - [TEST_STEP][PASSED] - Statement - PreSaveFile = new java.io.File(((pathPrefix + java.lang.Integer.toString(counter)) + .png)): null

2018-12-14 02:15:37 - [TEST_STEP][PASSED] - Statement - counter = counter + 1: null

2018-12-14 02:15:37 - [TEST_STEP][PASSED] - Statement - PreSaveFile = new java.io.File(((pathPrefix + java.lang.Integer.toString(counter)) + .png)): null

2018-12-14 02:15:37 - [TEST_STEP][PASSED] - Statement - counter = counter + 1: null

2018-12-14 02:15:37 - [TEST_STEP][PASSED] - Statement - PreSaveFile = new java.io.File(((pathPrefix + java.lang.Integer.toString(counter)) + .png)): null

2018-12-14 02:15:37 - [TEST_STEP][PASSED] - Statement - counter = counter + 1: null

2018-12-14 02:15:37 - [TEST_STEP][PASSED] - Statement - PreSaveFile = new java.io.File(((pathPrefix + java.lang.Integer.toString(counter)) + .png)): null

2018-12-14 02:15:37 - [TEST_STEP][PASSED] - Statement - counter = counter + 1: null

2018-12-14 02:15:37 - [TEST_STEP][PASSED] - Statement - PreSaveFile = new java.io.File(((pathPrefix + java.lang.Integer.toString(counter)) + .png)): null

2018-12-14 02:15:37 - [TEST_STEP][PASSED] - Statement - counter = counter + 1: null

2018-12-14 02:15:37 - [TEST_STEP][PASSED] - Statement - PreSaveFile = new java.io.File(((pathPrefix + java.lang.Integer.toString(counter)) + .png)): null

2018-12-14 02:15:37 - [TEST_STEP][PASSED] - Statement - counter = counter + 1: null

2018-12-14 02:15:37 - [TEST_STEP][PASSED] - Statement - PreSaveFile = new java.io.File(((pathPrefix + java.lang.Integer.toString(counter)) + .png)): null

2018-12-14 02:15:37 - [TEST_STEP][PASSED] - Statement - counter = counter + 1: null

2018-12-14 02:15:37 - [TEST_STEP][PASSED] - Statement - PreSaveFile = new java.io.File(((pathPrefix + java.lang.Integer.toString(counter)) + .png)): null

2018-12-14 02:15:37 - [TEST_STEP][PASSED] - Statement - counter = counter + 1: null

2018-12-14 02:15:37 - [TEST_STEP][PASSED] - Statement - PreSaveFile = new java.io.File(((pathPrefix + java.lang.Integer.toString(counter)) + .png)): null

2018-12-14 02:15:37 - [TEST_STEP][PASSED] - Statement - counter = counter + 1: null

2018-12-14 02:15:37 - [TEST_STEP][PASSED] - Statement - PreSaveFile = new java.io.File(((pathPrefix + java.lang.Integer.toString(counter)) + .png)): null

2018-12-14 02:15:37 - [TEST_STEP][PASSED] - Statement - counter = counter + 1: null

2018-12-14 02:15:37 - [TEST_STEP][PASSED] - Statement - PreSaveFile = new java.io.File(((pathPrefix + java.lang.Integer.toString(counter)) + .png)): null

2018-12-14 02:15:37 - [TEST_STEP][PASSED] - Statement - counter = counter + 1: null

2018-12-14 02:15:37 - [TEST_STEP][PASSED] - Statement - PreSaveFile = new java.io.File(((pathPrefix + java.lang.Integer.toString(counter)) + .png)): null

2018-12-14 02:15:37 - [TEST_STEP][PASSED] - Statement - counter = counter + 1: null

2018-12-14 02:15:37 - [TEST_STEP][PASSED] - Statement - PreSaveFile = new java.io.File(((pathPrefix + java.lang.Integer.toString(counter)) + .png)): null

2018-12-14 02:15:37 - [TEST_STEP][PASSED] - Statement - counter = counter + 1: null

2018-12-14 02:15:37 - [TEST_STEP][PASSED] - Statement - PreSaveFile = new java.io.File(((pathPrefix + java.lang.Integer.toString(counter)) + .png)): null

2018-12-14 02:15:37 - [TEST_STEP][PASSED] - Statement - counter = counter + 1: null

2018-12-14 02:15:37 - [TEST_STEP][PASSED] - Statement - PreSaveFile = new java.io.File(((pathPrefix + java.lang.Integer.toString(counter)) + .png)): null

2018-12-14 02:15:37 - [TEST_STEP][PASSED] - Statement - counter = counter + 1: null

2018-12-14 02:15:37 - [TEST_STEP][PASSED] - Statement - PreSaveFile = new java.io.File(((pathPrefix + java.lang.Integer.toString(counter)) + .png)): null

2018-12-14 02:15:37 - [TEST_STEP][PASSED] - Statement - counter = counter + 1: null

2018-12-14 02:15:37 - [TEST_STEP][PASSED] - Statement - PreSaveFile = new java.io.File(((pathPrefix + java.lang.Integer.toString(counter)) + .png)): null

2018-12-14 02:15:37 - [TEST_STEP][PASSED] - Statement - counter = counter + 1: null

2018-12-14 02:15:37 - [TEST_STEP][PASSED] - Statement - PreSaveFile = new java.io.File(((pathPrefix + java.lang.Integer.toString(counter)) + .png)): null

2018-12-14 02:15:37 - [TEST_STEP][PASSED] - Statement - counter = counter + 1: null

2018-12-14 02:15:37 - [TEST_STEP][PASSED] - Statement - PreSaveFile = new java.io.File(((pathPrefix + java.lang.Integer.toString(counter)) + .png)): null

2018-12-14 02:15:37 - [TEST_STEP][PASSED] - Statement - counter = counter + 1: null

2018-12-14 02:15:37 - [TEST_STEP][PASSED] - Statement - PreSaveFile = new java.io.File(((pathPrefix + java.lang.Integer.toString(counter)) + .png)): null

2018-12-14 02:15:37 - [TEST_STEP][PASSED] - Statement - counter = counter + 1: null

2018-12-14 02:15:37 - [TEST_STEP][PASSED] - Statement - PreSaveFile = new java.io.File(((pathPrefix + java.lang.Integer.toString(counter)) + .png)): null

2018-12-14 02:15:37 - [TEST_STEP][PASSED] - Statement - counter = counter + 1: null

2018-12-14 02:15:37 - [TEST_STEP][PASSED] - Statement - PreSaveFile = new java.io.File(((pathPrefix + java.lang.Integer.toString(counter)) + .png)): null

2018-12-14 02:15:37 - [TEST_STEP][PASSED] - Statement - counter = counter + 1: null

2018-12-14 02:15:37 - [TEST_STEP][PASSED] - Statement - PreSaveFile = new java.io.File(((pathPrefix + java.lang.Integer.toString(counter)) + .png)): null

2018-12-14 02:15:37 - [TEST_STEP][PASSED] - Statement - counter = counter + 1: null

2018-12-14 02:15:37 - [TEST_STEP][PASSED] - Statement - PreSaveFile = new java.io.File(((pathPrefix + java.lang.Integer.toString(counter)) + .png)): null

2018-12-14 02:15:37 - [TEST_STEP][PASSED] - Statement - counter = counter + 1: null

2018-12-14 02:15:37 - [TEST_STEP][PASSED] - Statement - PreSaveFile = new java.io.File(((pathPrefix + java.lang.Integer.toString(counter)) + .png)): null

2018-12-14 02:15:37 - [TEST_STEP][PASSED] - Statement - counter = counter + 1: null

2018-12-14 02:15:37 - [TEST_STEP][PASSED] - Statement - PreSaveFile = new java.io.File(((pathPrefix + java.lang.Integer.toString(counter)) + .png)): null

2018-12-14 02:15:37 - [TEST_STEP][PASSED] - Statement - counter = counter + 1: null

2018-12-14 02:15:37 - [TEST_STEP][PASSED] - Statement - PreSaveFile = new java.io.File(((pathPrefix + java.lang.Integer.toString(counter)) + .png)): null

2018-12-14 02:15:37 - [TEST_STEP][PASSED] - Statement - counter = counter + 1: null

2018-12-14 02:15:37 - [TEST_STEP][PASSED] - Statement - PreSaveFile = new java.io.File(((pathPrefix + java.lang.Integer.toString(counter)) + .png)): null

2018-12-14 02:15:37 - [TEST_STEP][PASSED] - Statement - counter = counter + 1: null

2018-12-14 02:15:37 - [TEST_STEP][PASSED] - Statement - PreSaveFile = new java.io.File(((pathPrefix + java.lang.Integer.toString(counter)) + .png)): null

2018-12-14 02:15:37 - [TEST_STEP][PASSED] - Statement - counter = counter + 1: null

2018-12-14 02:15:37 - [TEST_STEP][PASSED] - Statement - PreSaveFile = new java.io.File(((pathPrefix + java.lang.Integer.toString(counter)) + .png)): null

2018-12-14 02:15:37 - [TEST_STEP][PASSED] - Statement - counter = counter + 1: null

2018-12-14 02:15:37 - [TEST_STEP][PASSED] - Statement - PreSaveFile = new java.io.File(((pathPrefix + java.lang.Integer.toString(counter)) + .png)): null

2018-12-14 02:15:37 - [TEST_STEP][PASSED] - Statement - counter = counter + 1: null

2018-12-14 02:15:37 - [TEST_STEP][PASSED] - Statement - PreSaveFile = new java.io.File(((pathPrefix + java.lang.Integer.toString(counter)) + .png)): null

2018-12-14 02:15:37 - [TEST_STEP][PASSED] - Statement - counter = counter + 1: null

2018-12-14 02:15:37 - [TEST_STEP][PASSED] - Statement - PreSaveFile = new java.io.File(((pathPrefix + java.lang.Integer.toString(counter)) + .png)): null

2018-12-14 02:15:37 - [TEST_STEP][PASSED] - Statement - counter = counter + 1: null

2018-12-14 02:15:37 - [TEST_STEP][PASSED] - Statement - PreSaveFile = new java.io.File(((pathPrefix + java.lang.Integer.toString(counter)) + .png)): null

2018-12-14 02:15:37 - [TEST_STEP][PASSED] - Statement - counter = counter + 1: null

2018-12-14 02:15:37 - [TEST_STEP][PASSED] - Statement - PreSaveFile = new java.io.File(((pathPrefix + java.lang.Integer.toString(counter)) + .png)): null

2018-12-14 02:15:37 - [TEST_STEP][PASSED] - Statement - counter = counter + 1: null

2018-12-14 02:15:37 - [TEST_STEP][PASSED] - Statement - PreSaveFile = new java.io.File(((pathPrefix + java.lang.Integer.toString(counter)) + .png)): null

2018-12-14 02:15:37 - [TEST_STEP][PASSED] - Statement - counter = counter + 1: null

2018-12-14 02:15:37 - [TEST_STEP][PASSED] - Statement - PreSaveFile = new java.io.File(((pathPrefix + java.lang.Integer.toString(counter)) + .png)): null

2018-12-14 02:15:37 - [TEST_STEP][PASSED] - Statement - counter = counter + 1: null

2018-12-14 02:15:37 - [TEST_STEP][PASSED] - Statement - PreSaveFile = new java.io.File(((pathPrefix + java.lang.Integer.toString(counter)) + .png)): null

2018-12-14 02:15:37 - [TEST_STEP][PASSED] - Statement - counter = counter + 1: null

2018-12-14 02:15:37 - [TEST_STEP][PASSED] - Statement - PreSaveFile = new java.io.File(((pathPrefix + java.lang.Integer.toString(counter)) + .png)): null

2018-12-14 02:15:37 - [TEST_STEP][PASSED] - Statement - counter = counter + 1: null

2018-12-14 02:15:37 - [TEST_STEP][PASSED] - Statement - PreSaveFile = new java.io.File(((pathPrefix + java.lang.Integer.toString(counter)) + .png)): null

2018-12-14 02:15:37 - [TEST_STEP][PASSED] - Statement - counter = counter + 1: null

2018-12-14 02:15:37 - [TEST_STEP][PASSED] - Statement - PreSaveFile = new java.io.File(((pathPrefix + java.lang.Integer.toString(counter)) + .png)): null

2018-12-14 02:15:37 - [TEST_STEP][PASSED] - Statement - counter = counter + 1: null

2018-12-14 02:15:37 - [TEST_STEP][PASSED] - Statement - PreSaveFile = new java.io.File(((pathPrefix + java.lang.Integer.toString(counter)) + .png)): null

2018-12-14 02:15:37 - [TEST_STEP][PASSED] - Statement - counter = counter + 1: null

2018-12-14 02:15:37 - [TEST_STEP][PASSED] - Statement - PreSaveFile = new java.io.File(((pathPrefix + java.lang.Integer.toString(counter)) + .png)): null

2018-12-14 02:15:37 - [TEST_STEP][PASSED] - Statement - counter = counter + 1: null

2018-12-14 02:15:37 - [TEST_STEP][PASSED] - Statement - PreSaveFile = new java.io.File(((pathPrefix + java.lang.Integer.toString(counter)) + .png)): null

2018-12-14 02:15:37 - [TEST_STEP][PASSED] - Statement - counter = counter + 1: null

2018-12-14 02:15:37 - [TEST_STEP][PASSED] - Statement - PreSaveFile = new java.io.File(((pathPrefix + java.lang.Integer.toString(counter)) + .png)): null

2018-12-14 02:15:37 - [TEST_STEP][PASSED] - Statement - counter = counter + 1: null

2018-12-14 02:15:37 - [TEST_STEP][PASSED] - Statement - PreSaveFile = new java.io.File(((pathPrefix + java.lang.Integer.toString(counter)) + .png)): null

2018-12-14 02:15:37 - [TEST_STEP][PASSED] - Statement - counter = counter + 1: null

2018-12-14 02:15:37 - [TEST_STEP][PASSED] - Statement - PreSaveFile = new java.io.File(((pathPrefix + java.lang.Integer.toString(counter)) + .png)): null

2018-12-14 02:15:37 - [TEST_STEP][PASSED] - Statement - counter = counter + 1: null

2018-12-14 02:15:37 - [TEST_STEP][PASSED] - Statement - PreSaveFile = new java.io.File(((pathPrefix + java.lang.Integer.toString(counter)) + .png)): null

2018-12-14 02:15:37 - [TEST_STEP][PASSED] - Statement - counter = counter + 1: null

2018-12-14 02:15:37 - [TEST_STEP][PASSED] - Statement - PreSaveFile = new java.io.File(((pathPrefix + java.lang.Integer.toString(counter)) + .png)): null

2018-12-14 02:15:37 - [TEST_STEP][PASSED] - Statement - counter = counter + 1: null

2018-12-14 02:15:37 - [TEST_STEP][PASSED] - Statement - PreSaveFile = new java.io.File(((pathPrefix + java.lang.Integer.toString(counter)) + .png)): null

2018-12-14 02:15:37 - [TEST_STEP][PASSED] - Statement - counter = counter + 1: null

2018-12-14 02:15:37 - [TEST_STEP][PASSED] - Statement - PreSaveFile = new java.io.File(((pathPrefix + java.lang.Integer.toString(counter)) + .png)): null

2018-12-14 02:15:37 - [TEST_STEP][PASSED] - Statement - counter = counter + 1: null

2018-12-14 02:15:37 - [TEST_STEP][PASSED] - Statement - PreSaveFile = new java.io.File(((pathPrefix + java.lang.Integer.toString(counter)) + .png)): null

2018-12-14 02:15:37 - [TEST_STEP][PASSED] - Statement - counter = counter + 1: null

2018-12-14 02:15:37 - [TEST_STEP][PASSED] - Statement - PreSaveFile = new java.io.File(((pathPrefix + java.lang.Integer.toString(counter)) + .png)): null

2018-12-14 02:15:37 - [TEST_STEP][PASSED] - Statement - counter = counter + 1: null

2018-12-14 02:15:37 - [TEST_STEP][PASSED] - Statement - PreSaveFile = new java.io.File(((pathPrefix + java.lang.Integer.toString(counter)) + .png)): null

2018-12-14 02:15:37 - [TEST_STEP][PASSED] - Statement - counter = counter + 1: null

2018-12-14 02:15:37 - [TEST_STEP][PASSED] - Statement - PreSaveFile = new java.io.File(((pathPrefix + java.lang.Integer.toString(counter)) + .png)): null

2018-12-14 02:15:37 - [TEST_STEP][PASSED] - Statement - counter = counter + 1: null

2018-12-14 02:15:37 - [TEST_STEP][PASSED] - Statement - PreSaveFile = new java.io.File(((pathPrefix + java.lang.Integer.toString(counter)) + .png)): null

2018-12-14 02:15:37 - [TEST_STEP][PASSED] - Statement - counter = counter + 1: null

2018-12-14 02:15:37 - [TEST_STEP][PASSED] - Statement - PreSaveFile = new java.io.File(((pathPrefix + java.lang.Integer.toString(counter)) + .png)): null

2018-12-14 02:15:37 - [TEST_STEP][PASSED] - Statement - counter = counter + 1: null

2018-12-14 02:15:37 - [TEST_STEP][PASSED] - Statement - PreSaveFile = new java.io.File(((pathPrefix + java.lang.Integer.toString(counter)) + .png)): null

2018-12-14 02:15:37 - [TEST_STEP][PASSED] - Statement - counter = counter + 1: null

2018-12-14 02:15:37 - [TEST_STEP][PASSED] - Statement - PreSaveFile = new java.io.File(((pathPrefix + java.lang.Integer.toString(counter)) + .png)): null

2018-12-14 02:15:37 - [TEST_STEP][PASSED] - Statement - counter = counter + 1: null

2018-12-14 02:15:37 - [TEST_STEP][PASSED] - Statement - PreSaveFile = new java.io.File(((pathPrefix + java.lang.Integer.toString(counter)) + .png)): null

2018-12-14 02:15:37 - [TEST_STEP][PASSED] - Statement - counter = counter + 1: null

2018-12-14 02:15:37 - [TEST_STEP][PASSED] - Statement - PreSaveFile = new java.io.File(((pathPrefix + java.lang.Integer.toString(counter)) + .png)): null

2018-12-14 02:15:37 - [TEST_STEP][PASSED] - Statement - counter = counter + 1: null

2018-12-14 02:15:37 - [TEST_STEP][PASSED] - Statement - PreSaveFile = new java.io.File(((pathPrefix + java.lang.Integer.toString(counter)) + .png)): null

2018-12-14 02:15:37 - [TEST_STEP][PASSED] - Statement - counter = counter + 1: null

2018-12-14 02:15:37 - [TEST_STEP][PASSED] - Statement - PreSaveFile = new java.io.File(((pathPrefix + java.lang.Integer.toString(counter)) + .png)): null

2018-12-14 02:15:37 - [TEST_STEP][PASSED] - Statement - counter = counter + 1: null

2018-12-14 02:15:37 - [TEST_STEP][PASSED] - Statement - PreSaveFile = new java.io.File(((pathPrefix + java.lang.Integer.toString(counter)) + .png)): null

2018-12-14 02:15:37 - [TEST_STEP][PASSED] - Statement - counter = counter + 1: null

2018-12-14 02:15:37 - [TEST_STEP][PASSED] - Statement - PreSaveFile = new java.io.File(((pathPrefix + java.lang.Integer.toString(counter)) + .png)): null

2018-12-14 02:15:37 - [TEST_STEP][PASSED] - Statement - counter = counter + 1: null

2018-12-14 02:15:37 - [TEST_STEP][PASSED] - Statement - PreSaveFile = new java.io.File(((pathPrefix + java.lang.Integer.toString(counter)) + .png)): null

2018-12-14 02:15:37 - [TEST_STEP][PASSED] - Statement - counter = counter + 1: null

2018-12-14 02:15:37 - [TEST_STEP][PASSED] - Statement - PreSaveFile = new java.io.File(((pathPrefix + java.lang.Integer.toString(counter)) + .png)): null

2018-12-14 02:15:37 - [TEST_STEP][PASSED] - Statement - counter = counter + 1: null

2018-12-14 02:15:37 - [TEST_STEP][PASSED] - Statement - PreSaveFile = new java.io.File(((pathPrefix + java.lang.Integer.toString(counter)) + .png)): null

2018-12-14 02:15:37 - [TEST_STEP][PASSED] - Statement - counter = counter + 1: null

2018-12-14 02:15:37 - [TEST_STEP][PASSED] - Statement - PreSaveFile = new java.io.File(((pathPrefix + java.lang.Integer.toString(counter)) + .png)): null

2018-12-14 02:15:37 - [TEST_STEP][PASSED] - Statement - counter = counter + 1: null

2018-12-14 02:15:37 - [TEST_STEP][PASSED] - Statement - PreSaveFile = new java.io.File(((pathPrefix + java.lang.Integer.toString(counter)) + .png)): null

2018-12-14 02:15:37 - [TEST_STEP][PASSED] - Statement - counter = counter + 1: null

2018-12-14 02:15:37 - [TEST_STEP][PASSED] - Statement - PreSaveFile = new java.io.File(((pathPrefix + java.lang.Integer.toString(counter)) + .png)): null

2018-12-14 02:15:37 - [TEST_STEP][PASSED] - Statement - counter = counter + 1: null

2018-12-14 02:15:37 - [TEST_STEP][PASSED] - Statement - PreSaveFile = new java.io.File(((pathPrefix + java.lang.Integer.toString(counter)) + .png)): null

2018-12-14 02:15:37 - [TEST_STEP][PASSED] - Statement - counter = counter + 1: null

2018-12-14 02:15:37 - [TEST_STEP][PASSED] - Statement - PreSaveFile = new java.io.File(((pathPrefix + java.lang.Integer.toString(counter)) + .png)): null

2018-12-14 02:15:37 - [TEST_STEP][PASSED] - Statement - counter = counter + 1: null

2018-12-14 02:15:37 - [TEST_STEP][PASSED] - Statement - PreSaveFile = new java.io.File(((pathPrefix + java.lang.Integer.toString(counter)) + .png)): null

2018-12-14 02:15:37 - [TEST_STEP][PASSED] - Statement - counter = counter + 1: null

2018-12-14 02:15:37 - [TEST_STEP][PASSED] - Statement - PreSaveFile = new java.io.File(((pathPrefix + java.lang.Integer.toString(counter)) + .png)): null

2018-12-14 02:15:37 - [TEST_STEP][PASSED] - Statement - counter = counter + 1: null

2018-12-14 02:15:37 - [TEST_STEP][PASSED] - Statement - PreSaveFile = new java.io.File(((pathPrefix + java.lang.Integer.toString(counter)) + .png)): null

2018-12-14 02:15:37 - [TEST_STEP][PASSED] - Statement - counter = counter + 1: null

2018-12-14 02:15:37 - [TEST_STEP][PASSED] - Statement - PreSaveFile = new java.io.File(((pathPrefix + java.lang.Integer.toString(counter)) + .png)): null

2018-12-14 02:15:37 - [TEST_STEP][PASSED] - Statement - counter = counter + 1: null

2018-12-14 02:15:37 - [TEST_STEP][PASSED] - Statement - PreSaveFile = new java.io.File(((pathPrefix + java.lang.Integer.toString(counter)) + .png)): null

2018-12-14 02:15:37 - [TEST_STEP][PASSED] - Statement - counter = counter + 1: null

2018-12-14 02:15:37 - [TEST_STEP][PASSED] - Statement - PreSaveFile = new java.io.File(((pathPrefix + java.lang.Integer.toString(counter)) + .png)): null

2018-12-14 02:15:37 - [TEST_STEP][PASSED] - Statement - counter = counter + 1: null

2018-12-14 02:15:37 - [TEST_STEP][PASSED] - Statement - PreSaveFile = new java.io.File(((pathPrefix + java.lang.Integer.toString(counter)) + .png)): null

2018-12-14 02:15:37 - [TEST_STEP][PASSED] - Statement - counter = counter + 1: null

2018-12-14 02:15:37 - [TEST_STEP][PASSED] - Statement - PreSaveFile = new java.io.File(((pathPrefix + java.lang.Integer.toString(counter)) + .png)): null

2018-12-14 02:15:37 - [TEST_STEP][PASSED] - Statement - counter = counter + 1: null

2018-12-14 02:15:37 - [TEST_STEP][PASSED] - Statement - PreSaveFile = new java.io.File(((pathPrefix + java.lang.Integer.toString(counter)) + .png)): null

2018-12-14 02:15:37 - [TEST_STEP][PASSED] - Statement - counter = counter + 1: null

2018-12-14 02:15:37 - [TEST_STEP][PASSED] - Statement - PreSaveFile = new java.io.File(((pathPrefix + java.lang.Integer.toString(counter)) + .png)): null

2018-12-14 02:15:37 - [TEST_STEP][PASSED] - Statement - counter = counter + 1: null

2018-12-14 02:15:37 - [TEST_STEP][PASSED] - Statement - PreSaveFile = new java.io.File(((pathPrefix + java.lang.Integer.toString(counter)) + .png)): null

2018-12-14 02:15:37 - [TEST_STEP][PASSED] - Statement - counter = counter + 1: null

2018-12-14 02:15:37 - [TEST_STEP][PASSED] - Statement - PreSaveFile = new java.io.File(((pathPrefix + java.lang.Integer.toString(counter)) + .png)): null

2018-12-14 02:15:37 - [TEST_STEP][PASSED] - Statement - counter = counter + 1: null

2018-12-14 02:15:37 - [TEST_STEP][PASSED] - Statement - PreSaveFile = new java.io.File(((pathPrefix + java.lang.Integer.toString(counter)) + .png)): null

2018-12-14 02:15:37 - [TEST_STEP][PASSED] - Statement - counter = counter + 1: null

2018-12-14 02:15:37 - [TEST_STEP][PASSED] - Statement - PreSaveFile = new java.io.File(((pathPrefix + java.lang.Integer.toString(counter)) + .png)): null

2018-12-14 02:15:37 - [TEST_STEP][PASSED] - Statement - counter = counter + 1: null

2018-12-14 02:15:37 - [TEST_STEP][PASSED] - Statement - PreSaveFile = new java.io.File(((pathPrefix + java.lang.Integer.toString(counter)) + .png)): null

2018-12-14 02:15:37 - [TEST_STEP][PASSED] - Statement - counter = counter + 1: null

2018-12-14 02:15:37 - [TEST_STEP][PASSED] - Statement - PreSaveFile = new java.io.File(((pathPrefix + java.lang.Integer.toString(counter)) + .png)): null

2018-12-14 02:15:37 - [TEST_STEP][PASSED] - Statement - counter = counter + 1: null

2018-12-14 02:15:37 - [TEST_STEP][PASSED] - Statement - PreSaveFile = new java.io.File(((pathPrefix + java.lang.Integer.toString(counter)) + .png)): null

2018-12-14 02:15:37 - [TEST_STEP][PASSED] - Statement - counter = counter + 1: null

2018-12-14 02:15:37 - [TEST_STEP][PASSED] - Statement - PreSaveFile = new java.io.File(((pathPrefix + java.lang.Integer.toString(counter)) + .png)): null

2018-12-14 02:15:37 - [TEST_STEP][PASSED] - Statement - counter = counter + 1: null

2018-12-14 02:15:37 - [TEST_STEP][PASSED] - Statement - PreSaveFile = new java.io.File(((pathPrefix + java.lang.Integer.toString(counter)) + .png)): null

2018-12-14 02:15:37 - [TEST_STEP][PASSED] - Statement - counter = counter + 1: null

2018-12-14 02:15:37 - [TEST_STEP][PASSED] - Statement - PreSaveFile = new java.io.File(((pathPrefix + java.lang.Integer.toString(counter)) + .png)): null

2018-12-14 02:15:37 - [TEST_STEP][PASSED] - Statement - counter = counter + 1: null

2018-12-14 02:15:37 - [TEST_STEP][PASSED] - Statement - PreSaveFile = new java.io.File(((pathPrefix + java.lang.Integer.toString(counter)) + .png)): null

2018-12-14 02:15:37 - [TEST_STEP][PASSED] - Statement - counter = counter + 1: null

2018-12-14 02:15:37 - [TEST_STEP][PASSED] - Statement - PreSaveFile = new java.io.File(((pathPrefix + java.lang.Integer.toString(counter)) + .png)): null

2018-12-14 02:15:37 - [TEST_STEP][PASSED] - Statement - counter = counter + 1: null

2018-12-14 02:15:37 - [TEST_STEP][PASSED] - Statement - PreSaveFile = new java.io.File(((pathPrefix + java.lang.Integer.toString(counter)) + .png)): null

2018-12-14 02:15:37 - [TEST_STEP][PASSED] - Statement - counter = counter + 1: null

2018-12-14 02:15:37 - [TEST_STEP][PASSED] - Statement - PreSaveFile = new java.io.File(((pathPrefix + java.lang.Integer.toString(counter)) + .png)): null

2018-12-14 02:15:37 - [TEST_STEP][PASSED] - Statement - counter = counter + 1: null

2018-12-14 02:15:37 - [TEST_STEP][PASSED] - Statement - PreSaveFile = new java.io.File(((pathPrefix + java.lang.Integer.toString(counter)) + .png)): null

2018-12-14 02:15:37 - [TEST_STEP][PASSED] - Statement - counter = counter + 1: null

2018-12-14 02:15:37 - [TEST_STEP][PASSED] - Statement - PreSaveFile = new java.io.File(((pathPrefix + java.lang.Integer.toString(counter)) + .png)): null

2018-12-14 02:15:37 - [TEST_STEP][PASSED] - Statement - counter = counter + 1: null

2018-12-14 02:15:37 - [TEST_STEP][PASSED] - Statement - PreSaveFile = new java.io.File(((pathPrefix + java.lang.Integer.toString(counter)) + .png)): null

2018-12-14 02:15:37 - [TEST_STEP][PASSED] - Statement - counter = counter + 1: null

2018-12-14 02:15:37 - [TEST_STEP][PASSED] - Statement - PreSaveFile = new java.io.File(((pathPrefix + java.lang.Integer.toString(counter)) + .png)): null

2018-12-14 02:15:37 - [TEST_STEP][PASSED] - Statement - counter = counter + 1: null

2018-12-14 02:15:37 - [TEST_STEP][PASSED] - Statement - PreSaveFile = new java.io.File(((pathPrefix + java.lang.Integer.toString(counter)) + .png)): null

2018-12-14 02:15:37 - [TEST_STEP][PASSED] - Statement - counter = counter + 1: null

2018-12-14 02:15:37 - [TEST_STEP][PASSED] - Statement - PreSaveFile = new java.io.File(((pathPrefix + java.lang.Integer.toString(counter)) + .png)): null

2018-12-14 02:15:37 - [TEST_STEP][PASSED] - Statement - counter = counter + 1: null

2018-12-14 02:15:37 - [TEST_STEP][PASSED] - Statement - PreSaveFile = new java.io.File(((pathPrefix + java.lang.Integer.toString(counter)) + .png)): null

2018-12-14 02:15:38 - [TEST_STEP][PASSED] - Statement - counter = counter + 1: null

2018-12-14 02:15:38 - [TEST_STEP][PASSED] - Statement - PreSaveFile = new java.io.File(((pathPrefix + java.lang.Integer.toString(counter)) + .png)): null

2018-12-14 02:15:38 - [TEST_STEP][PASSED] - Statement - counter = counter + 1: null

2018-12-14 02:15:38 - [TEST_STEP][PASSED] - Statement - PreSaveFile = new java.io.File(((pathPrefix + java.lang.Integer.toString(counter)) + .png)): null

2018-12-14 02:15:38 - [TEST_STEP][PASSED] - Statement - counter = counter + 1: null

2018-12-14 02:15:38 - [TEST_STEP][PASSED] - Statement - PreSaveFile = new java.io.File(((pathPrefix + java.lang.Integer.toString(counter)) + .png)): null

2018-12-14 02:15:38 - [TEST_STEP][PASSED] - Statement - counter = counter + 1: null

2018-12-14 02:15:38 - [TEST_STEP][PASSED] - Statement - PreSaveFile = new java.io.File(((pathPrefix + java.lang.Integer.toString(counter)) + .png)): null

2018-12-14 02:15:38 - [TEST_STEP][PASSED] - Statement - counter = counter + 1: null

2018-12-14 02:15:38 - [TEST_STEP][PASSED] - Statement - PreSaveFile = new java.io.File(((pathPrefix + java.lang.Integer.toString(counter)) + .png)): null

2018-12-14 02:15:38 - [TEST_STEP][PASSED] - Statement - finalPath = pathPrefix + java.lang.Integer.toString(counter) + ".png": null

2018-12-14 02:15:38 - [TEST_STEP][PASSED] - Statement - SaveFile = new java.io.File(finalPath): null

2018-12-14 02:15:38 - [TEST_STEP][PASSED] - Statement - Try: null

2018-12-14 02:15:38 - [TEST_STEP][PASSED] - Statement - org.apache.commons.io.FileUtils.copyFile(scrFile, SaveFile): null

2018-12-14 02:15:38 - [TEST_STEP][PASSED] - Statement - out.println("file kept"): null

2018-12-14 02:15:38 - [TEST_STEP][PASSED] - delay: Delayed 10 second(s)

2018-12-14 02:15:48 - [MESSAGE][PASSED] - Delayed 10 second(s)

2018-12-14 02:15:48 - [MESSAGE][PASSED] - Call Test Case 'Test Cases/Final Aug 2018 - PKS Automation/Common/Screenshoting tool' successfully]]></system-out>
         <system-err><![CDATA[2018-12-14 01:57:23 - [TEST_CASE][FAILED] - Test Cases/Final Aug 2018 - PKS Automation/Registration Module/Workflow/Update Add New Employee/Special Case (OTC - PKR BO - RO Query - PKR BO Upload Pending Case - RO Approve): Test Cases/Final Aug 2018 - PKS Automation/Registration Module/Workflow/Update Add New Employee/Special Case (OTC - PKR BO - RO Query - PKR BO Upload Pending Case - RO Approve) FAILED because (of) (Stack trace: com.kms.katalon.core.exception.StepFailedException: Unable to set text 'CAN12201800002354' of object 'Object Repository/Final Object Repo/New Registration - Registration Module Pages/New Reg - OTC to RO/Special Case - All Related Objects/TextBox RefNo in Workbasket' (Root cause: org.openqa.selenium.ElementNotVisibleException: element not interactable
  (Session info: chrome=70.0.3538.110)
  (Driver info: chromedriver=2.43.600210 (68dcf5eebde37173d4027fa8635e332711d2874a),platform=Windows NT 6.1.7601 SP1 x86_64) (WARNING: The server did not provide any stacktrace information)
Command duration or timeout: 0 milliseconds
Build info: version: '3.7.1', revision: '8a0099a', time: '2017-11-06T21:07:36.161Z'
System info: host: 'WIN7TEST02', ip: '10.20.3.72', os.name: 'Windows 7', os.arch: 'amd64', os.version: '6.1', java.version: '1.8.0_181'
Driver info: com.kms.katalon.selenium.driver.CChromeDriver
Capabilities {acceptInsecureCerts: false, acceptSslCerts: false, applicationCacheEnabled: false, browserConnectionEnabled: false, browserName: chrome, chrome: {chromedriverVersion: 2.43.600210 (68dcf5eebde371..., userDataDir: C:\Users\Admin\AppData\Loca...}, cssSelectorsEnabled: true, databaseEnabled: false, goog:chromeOptions: {debuggerAddress: localhost:64263}, handlesAlerts: true, hasTouchScreen: false, javascriptEnabled: true, locationContextEnabled: true, mobileEmulationEnabled: false, nativeEvents: true, networkConnectionEnabled: false, pageLoadStrategy: normal, platform: XP, platformName: XP, rotatable: false, setWindowRect: true, takesHeapSnapshot: true, takesScreenshot: true, unexpectedAlertBehaviour: , unhandledPromptBehavior: , version: 70.0.3538.110, webStorageEnabled: true}
Session ID: bdc88b027d16d773ab9ac36584bdb9db)
	at com.kms.katalon.core.keyword.internal.KeywordMain.stepFailed(KeywordMain.groovy:32)
	at com.kms.katalon.core.webui.keyword.internal.WebUIKeywordMain.stepFailed(WebUIKeywordMain.groovy:65)
	at com.kms.katalon.core.webui.keyword.internal.WebUIKeywordMain.runKeyword(WebUIKeywordMain.groovy:27)
	at com.kms.katalon.core.webui.keyword.builtin.SetTextKeyword.setText(SetTextKeyword.groovy:65)
	at com.kms.katalon.core.webui.keyword.builtin.SetTextKeyword.execute(SetTextKeyword.groovy:37)
	at com.kms.katalon.core.keyword.internal.KeywordExecutor.executeKeywordForPlatform(KeywordExecutor.groovy:53)
	at com.kms.katalon.core.webui.keyword.WebUiBuiltInKeywords.setText(WebUiBuiltInKeywords.groovy:950)
	at com.kms.katalon.core.webui.keyword.WebUiBuiltInKeywords$setText$1.call(Unknown Source)
	at org.codehaus.groovy.runtime.callsite.CallSiteArray.defaultCall(CallSiteArray.java:48)
	at org.codehaus.groovy.runtime.callsite.AbstractCallSite.call(AbstractCallSite.java:113)
	at org.codehaus.groovy.runtime.callsite.AbstractCallSite.call(AbstractCallSite.java:133)
	at Script1536223156094.run(Script1536223156094.groovy:253)
	at com.kms.katalon.core.main.ScriptEngine.run(ScriptEngine.java:183)
	at com.kms.katalon.core.main.ScriptEngine.runScriptAsRawText(ScriptEngine.java:108)
	at com.kms.katalon.core.main.TestCaseExecutor.runScript(TestCaseExecutor.java:294)
	at com.kms.katalon.core.main.TestCaseExecutor.doExecute(TestCaseExecutor.java:285)
	at com.kms.katalon.core.main.TestCaseExecutor.processExecutionPhase(TestCaseExecutor.java:264)
	at com.kms.katalon.core.main.TestCaseExecutor.accessMainPhase(TestCaseExecutor.java:256)
	at com.kms.katalon.core.main.TestCaseExecutor.execute(TestCaseExecutor.java:200)
	at com.kms.katalon.core.main.TestSuiteExecutor.accessTestCaseMainPhase(TestSuiteExecutor.java:129)
	at com.kms.katalon.core.main.TestSuiteExecutor.accessTestSuiteMainPhase(TestSuiteExecutor.java:112)
	at com.kms.katalon.core.main.TestSuiteExecutor.execute(TestSuiteExecutor.java:81)
	at com.kms.katalon.core.main.TestCaseMain.startTestSuite(TestCaseMain.java:142)
	at com.kms.katalon.core.main.TestCaseMain$startTestSuite$0.call(Unknown Source)
	at org.codehaus.groovy.runtime.callsite.CallSiteArray.defaultCall(CallSiteArray.java:48)
	at org.codehaus.groovy.runtime.callsite.AbstractCallSite.call(AbstractCallSite.java:113)
	at org.codehaus.groovy.runtime.callsite.AbstractCallSite.call(AbstractCallSite.java:141)
	at TempTestSuite1544713124582.run(TempTestSuite1544713124582.groovy:36)
	at groovy.lang.GroovyShell.runScriptOrMainOrTestOrRunnable(GroovyShell.java:263)
	at groovy.lang.GroovyShell.run(GroovyShell.java:518)
	at groovy.lang.GroovyShell.run(GroovyShell.java:507)
	at groovy.ui.GroovyMain.processOnce(GroovyMain.java:653)
	at groovy.ui.GroovyMain.run(GroovyMain.java:384)
	at groovy.ui.GroovyMain.process(GroovyMain.java:370)
	at groovy.ui.GroovyMain.processArgs(GroovyMain.java:129)
	at groovy.ui.GroovyMain.main(GroovyMain.java:109)
	at sun.reflect.NativeMethodAccessorImpl.invoke0(Native Method)
	at sun.reflect.NativeMethodAccessorImpl.invoke(NativeMethodAccessorImpl.java:62)
	at sun.reflect.DelegatingMethodAccessorImpl.invoke(DelegatingMethodAccessorImpl.java:43)
	at java.lang.reflect.Method.invoke(Method.java:498)
	at org.codehaus.groovy.tools.GroovyStarter.rootLoader(GroovyStarter.java:109)
	at org.codehaus.groovy.tools.GroovyStarter.main(GroovyStarter.java:131)
)]]></system-err>
      </testcase>
      <testcase name="Test Cases/Final Aug 2018 - PKS Automation/Registration Module/Workflow/Update Add New Employee/Special Case (OTC - RO Query - OTC Upload Pending Case - RO Approve)" classname="Test Cases/Final Aug 2018 - PKS Automation/Registration Module/Workflow/Update Add New Employee/Special Case (OTC - RO Query - OTC Upload Pending Case - RO Approve)" status="FAILED">
         <failure type="FAILED" message="(Stack trace: com.kms.katalon.core.exception.StepFailedException: Unable to set text 'CAN12201800002355' of object 'Object Repository/Final Object Repo/New Registration - Registration Module Pages/New Reg - OTC to RO/Special Case - All Related Objects/TextBox RefNo in Workbasket' (Root cause: org.openqa.selenium.ElementNotVisibleException: element not interactable
  (Session info: chrome=70.0.3538.110)
  (Driver info: chromedriver=2.43.600210 (68dcf5eebde37173d4027fa8635e332711d2874a),platform=Windows NT 6.1.7601 SP1 x86_64) (WARNING: The server did not provide any stacktrace information)
Command duration or timeout: 0 milliseconds
Build info: version: '3.7.1', revision: '8a0099a', time: '2017-11-06T21:07:36.161Z'
System info: host: 'WIN7TEST02', ip: '10.20.3.72', os.name: 'Windows 7', os.arch: 'amd64', os.version: '6.1', java.version: '1.8.0_181'
Driver info: com.kms.katalon.selenium.driver.CChromeDriver
Capabilities {acceptInsecureCerts: false, acceptSslCerts: false, applicationCacheEnabled: false, browserConnectionEnabled: false, browserName: chrome, chrome: {chromedriverVersion: 2.43.600210 (68dcf5eebde371..., userDataDir: C:\Users\Admin\AppData\Loca...}, cssSelectorsEnabled: true, databaseEnabled: false, goog:chromeOptions: {debuggerAddress: localhost:64496}, handlesAlerts: true, hasTouchScreen: false, javascriptEnabled: true, locationContextEnabled: true, mobileEmulationEnabled: false, nativeEvents: true, networkConnectionEnabled: false, pageLoadStrategy: normal, platform: XP, platformName: XP, rotatable: false, setWindowRect: true, takesHeapSnapshot: true, takesScreenshot: true, unexpectedAlertBehaviour: , unhandledPromptBehavior: , version: 70.0.3538.110, webStorageEnabled: true}
Session ID: 775e244019c0f5714bd1d64e01239bdf)
	at com.kms.katalon.core.keyword.internal.KeywordMain.stepFailed(KeywordMain.groovy:32)
	at com.kms.katalon.core.webui.keyword.internal.WebUIKeywordMain.stepFailed(WebUIKeywordMain.groovy:65)
	at com.kms.katalon.core.webui.keyword.internal.WebUIKeywordMain.runKeyword(WebUIKeywordMain.groovy:27)
	at com.kms.katalon.core.webui.keyword.builtin.SetTextKeyword.setText(SetTextKeyword.groovy:65)
	at com.kms.katalon.core.webui.keyword.builtin.SetTextKeyword.execute(SetTextKeyword.groovy:37)
	at com.kms.katalon.core.keyword.internal.KeywordExecutor.executeKeywordForPlatform(KeywordExecutor.groovy:53)
	at com.kms.katalon.core.webui.keyword.WebUiBuiltInKeywords.setText(WebUiBuiltInKeywords.groovy:950)
	at com.kms.katalon.core.webui.keyword.WebUiBuiltInKeywords$setText$1.call(Unknown Source)
	at org.codehaus.groovy.runtime.callsite.CallSiteArray.defaultCall(CallSiteArray.java:48)
	at org.codehaus.groovy.runtime.callsite.AbstractCallSite.call(AbstractCallSite.java:113)
	at org.codehaus.groovy.runtime.callsite.AbstractCallSite.call(AbstractCallSite.java:133)
	at Script1536201277272.run(Script1536201277272.groovy:342)
	at com.kms.katalon.core.main.ScriptEngine.run(ScriptEngine.java:183)
	at com.kms.katalon.core.main.ScriptEngine.runScriptAsRawText(ScriptEngine.java:108)
	at com.kms.katalon.core.main.TestCaseExecutor.runScript(TestCaseExecutor.java:294)
	at com.kms.katalon.core.main.TestCaseExecutor.doExecute(TestCaseExecutor.java:285)
	at com.kms.katalon.core.main.TestCaseExecutor.processExecutionPhase(TestCaseExecutor.java:264)
	at com.kms.katalon.core.main.TestCaseExecutor.accessMainPhase(TestCaseExecutor.java:256)
	at com.kms.katalon.core.main.TestCaseExecutor.execute(TestCaseExecutor.java:200)
	at com.kms.katalon.core.main.TestSuiteExecutor.accessTestCaseMainPhase(TestSuiteExecutor.java:129)
	at com.kms.katalon.core.main.TestSuiteExecutor.accessTestSuiteMainPhase(TestSuiteExecutor.java:112)
	at com.kms.katalon.core.main.TestSuiteExecutor.execute(TestSuiteExecutor.java:81)
	at com.kms.katalon.core.main.TestCaseMain.startTestSuite(TestCaseMain.java:142)
	at com.kms.katalon.core.main.TestCaseMain$startTestSuite$0.call(Unknown Source)
	at org.codehaus.groovy.runtime.callsite.CallSiteArray.defaultCall(CallSiteArray.java:48)
	at org.codehaus.groovy.runtime.callsite.AbstractCallSite.call(AbstractCallSite.java:113)
	at org.codehaus.groovy.runtime.callsite.AbstractCallSite.call(AbstractCallSite.java:141)
	at TempTestSuite1544713124582.run(TempTestSuite1544713124582.groovy:36)
	at groovy.lang.GroovyShell.runScriptOrMainOrTestOrRunnable(GroovyShell.java:263)
	at groovy.lang.GroovyShell.run(GroovyShell.java:518)
	at groovy.lang.GroovyShell.run(GroovyShell.java:507)
	at groovy.ui.GroovyMain.processOnce(GroovyMain.java:653)
	at groovy.ui.GroovyMain.run(GroovyMain.java:384)
	at groovy.ui.GroovyMain.process(GroovyMain.java:370)
	at groovy.ui.GroovyMain.processArgs(GroovyMain.java:129)
	at groovy.ui.GroovyMain.main(GroovyMain.java:109)
	at sun.reflect.NativeMethodAccessorImpl.invoke0(Native Method)
	at sun.reflect.NativeMethodAccessorImpl.invoke(NativeMethodAccessorImpl.java:62)
	at sun.reflect.DelegatingMethodAccessorImpl.invoke(DelegatingMethodAccessorImpl.java:43)
	at java.lang.reflect.Method.invoke(Method.java:498)
	at org.codehaus.groovy.tools.GroovyStarter.rootLoader(GroovyStarter.java:109)
	at org.codehaus.groovy.tools.GroovyStarter.main(GroovyStarter.java:131)
)"/>
         <system-out><![CDATA[2018-12-14 02:15:48 - [TEST_CASE][FAILED] - Test Cases/Final Aug 2018 - PKS Automation/Registration Module/Workflow/Update Add New Employee/Special Case (OTC - RO Query - OTC Upload Pending Case - RO Approve): Test Cases/Final Aug 2018 - PKS Automation/Registration Module/Workflow/Update Add New Employee/Special Case (OTC - RO Query - OTC Upload Pending Case - RO Approve) FAILED because (of) (Stack trace: com.kms.katalon.core.exception.StepFailedException: Unable to set text 'CAN12201800002355' of object 'Object Repository/Final Object Repo/New Registration - Registration Module Pages/New Reg - OTC to RO/Special Case - All Related Objects/TextBox RefNo in Workbasket' (Root cause: org.openqa.selenium.ElementNotVisibleException: element not interactable
  (Session info: chrome=70.0.3538.110)
  (Driver info: chromedriver=2.43.600210 (68dcf5eebde37173d4027fa8635e332711d2874a),platform=Windows NT 6.1.7601 SP1 x86_64) (WARNING: The server did not provide any stacktrace information)
Command duration or timeout: 0 milliseconds
Build info: version: '3.7.1', revision: '8a0099a', time: '2017-11-06T21:07:36.161Z'
System info: host: 'WIN7TEST02', ip: '10.20.3.72', os.name: 'Windows 7', os.arch: 'amd64', os.version: '6.1', java.version: '1.8.0_181'
Driver info: com.kms.katalon.selenium.driver.CChromeDriver
Capabilities {acceptInsecureCerts: false, acceptSslCerts: false, applicationCacheEnabled: false, browserConnectionEnabled: false, browserName: chrome, chrome: {chromedriverVersion: 2.43.600210 (68dcf5eebde371..., userDataDir: C:\Users\Admin\AppData\Loca...}, cssSelectorsEnabled: true, databaseEnabled: false, goog:chromeOptions: {debuggerAddress: localhost:64496}, handlesAlerts: true, hasTouchScreen: false, javascriptEnabled: true, locationContextEnabled: true, mobileEmulationEnabled: false, nativeEvents: true, networkConnectionEnabled: false, pageLoadStrategy: normal, platform: XP, platformName: XP, rotatable: false, setWindowRect: true, takesHeapSnapshot: true, takesScreenshot: true, unexpectedAlertBehaviour: , unhandledPromptBehavior: , version: 70.0.3538.110, webStorageEnabled: true}
Session ID: 775e244019c0f5714bd1d64e01239bdf)
	at com.kms.katalon.core.keyword.internal.KeywordMain.stepFailed(KeywordMain.groovy:32)
	at com.kms.katalon.core.webui.keyword.internal.WebUIKeywordMain.stepFailed(WebUIKeywordMain.groovy:65)
	at com.kms.katalon.core.webui.keyword.internal.WebUIKeywordMain.runKeyword(WebUIKeywordMain.groovy:27)
	at com.kms.katalon.core.webui.keyword.builtin.SetTextKeyword.setText(SetTextKeyword.groovy:65)
	at com.kms.katalon.core.webui.keyword.builtin.SetTextKeyword.execute(SetTextKeyword.groovy:37)
	at com.kms.katalon.core.keyword.internal.KeywordExecutor.executeKeywordForPlatform(KeywordExecutor.groovy:53)
	at com.kms.katalon.core.webui.keyword.WebUiBuiltInKeywords.setText(WebUiBuiltInKeywords.groovy:950)
	at com.kms.katalon.core.webui.keyword.WebUiBuiltInKeywords$setText$1.call(Unknown Source)
	at org.codehaus.groovy.runtime.callsite.CallSiteArray.defaultCall(CallSiteArray.java:48)
	at org.codehaus.groovy.runtime.callsite.AbstractCallSite.call(AbstractCallSite.java:113)
	at org.codehaus.groovy.runtime.callsite.AbstractCallSite.call(AbstractCallSite.java:133)
	at Script1536201277272.run(Script1536201277272.groovy:342)
	at com.kms.katalon.core.main.ScriptEngine.run(ScriptEngine.java:183)
	at com.kms.katalon.core.main.ScriptEngine.runScriptAsRawText(ScriptEngine.java:108)
	at com.kms.katalon.core.main.TestCaseExecutor.runScript(TestCaseExecutor.java:294)
	at com.kms.katalon.core.main.TestCaseExecutor.doExecute(TestCaseExecutor.java:285)
	at com.kms.katalon.core.main.TestCaseExecutor.processExecutionPhase(TestCaseExecutor.java:264)
	at com.kms.katalon.core.main.TestCaseExecutor.accessMainPhase(TestCaseExecutor.java:256)
	at com.kms.katalon.core.main.TestCaseExecutor.execute(TestCaseExecutor.java:200)
	at com.kms.katalon.core.main.TestSuiteExecutor.accessTestCaseMainPhase(TestSuiteExecutor.java:129)
	at com.kms.katalon.core.main.TestSuiteExecutor.accessTestSuiteMainPhase(TestSuiteExecutor.java:112)
	at com.kms.katalon.core.main.TestSuiteExecutor.execute(TestSuiteExecutor.java:81)
	at com.kms.katalon.core.main.TestCaseMain.startTestSuite(TestCaseMain.java:142)
	at com.kms.katalon.core.main.TestCaseMain$startTestSuite$0.call(Unknown Source)
	at org.codehaus.groovy.runtime.callsite.CallSiteArray.defaultCall(CallSiteArray.java:48)
	at org.codehaus.groovy.runtime.callsite.AbstractCallSite.call(AbstractCallSite.java:113)
	at org.codehaus.groovy.runtime.callsite.AbstractCallSite.call(AbstractCallSite.java:141)
	at TempTestSuite1544713124582.run(TempTestSuite1544713124582.groovy:36)
	at groovy.lang.GroovyShell.runScriptOrMainOrTestOrRunnable(GroovyShell.java:263)
	at groovy.lang.GroovyShell.run(GroovyShell.java:518)
	at groovy.lang.GroovyShell.run(GroovyShell.java:507)
	at groovy.ui.GroovyMain.processOnce(GroovyMain.java:653)
	at groovy.ui.GroovyMain.run(GroovyMain.java:384)
	at groovy.ui.GroovyMain.process(GroovyMain.java:370)
	at groovy.ui.GroovyMain.processArgs(GroovyMain.java:129)
	at groovy.ui.GroovyMain.main(GroovyMain.java:109)
	at sun.reflect.NativeMethodAccessorImpl.invoke0(Native Method)
	at sun.reflect.NativeMethodAccessorImpl.invoke(NativeMethodAccessorImpl.java:62)
	at sun.reflect.DelegatingMethodAccessorImpl.invoke(DelegatingMethodAccessorImpl.java:43)
	at java.lang.reflect.Method.invoke(Method.java:498)
	at org.codehaus.groovy.tools.GroovyStarter.rootLoader(GroovyStarter.java:109)
	at org.codehaus.groovy.tools.GroovyStarter.main(GroovyStarter.java:131)
)

2018-12-14 02:15:48 - [TEST_STEP][PASSED] - callTestCase: Call Test Case 'Test Cases/Final Aug 2018 - PKS Automation/Registration Module/Workflow/Update Add New Employee/Template/New Company for Update Add New' successfully

2018-12-14 02:15:48 - [TEST_CASE][PASSED] - Test Cases/Final Aug 2018 - PKS Automation/Registration Module/Workflow/Update Add New Employee/Template/New Company for Update Add New: Test Cases/Final Aug 2018 - PKS Automation/Registration Module/Workflow/Update Add New Employee/Template/New Company for Update Add New

2018-12-14 02:15:48 - [TEST_STEP][PASSED] - callTestCase: Call Test Case 'Test Cases/Final Aug 2018 - PKS Automation/Registration Module/New Registration/Form 1/Form 1 - Corporation - BHD' successfully

2018-12-14 02:15:48 - [TEST_CASE][PASSED] - Test Cases/Final Aug 2018 - PKS Automation/Registration Module/New Registration/Form 1/Form 1 - Corporation - BHD: Test Cases/Final Aug 2018 - PKS Automation/Registration Module/New Registration/Form 1/Form 1 - Corporation - BHD

2018-12-14 02:15:48 - [TEST_STEP][PASSED] - openBrowser: Browser is opened with url: ''

2018-12-14 02:15:48 - [MESSAGE][WARNING] - A browser is already opened. Closing browser and opening a new one

2018-12-14 02:15:52 - [MESSAGE][PASSED] - Browser is opened with url: ''

2018-12-14 02:15:52 - [TEST_STEP][PASSED] - navigateToUrl: Navigate to 'https://assist2-uat.perkeso.gov.my/login' successfully

2018-12-14 02:15:53 - [MESSAGE][PASSED] - Navigate to 'https://assist2-uat.perkeso.gov.my/login' successfully

2018-12-14 02:15:53 - [TEST_STEP][PASSED] - setText: Text 'johorotc1@gmail.com' is set on object 'Object Repository/Final Object Repo/Login Page/Internal User/Email Address'

2018-12-14 02:15:53 - [MESSAGE][PASSED] - Text 'johorotc1@gmail.com' is set on object 'Object Repository/Final Object Repo/Login Page/Internal User/Email Address'

2018-12-14 02:15:53 - [TEST_STEP][PASSED] - click: Object: 'Object Repository/Final Object Repo/Login Page/Internal User/Next Button' is clicked on

2018-12-14 02:15:53 - [MESSAGE][PASSED] - Object: 'Object Repository/Final Object Repo/Login Page/Internal User/Next Button' is clicked on

2018-12-14 02:15:53 - [TEST_STEP][PASSED] - delay: Delayed 1 second(s)

2018-12-14 02:15:54 - [MESSAGE][PASSED] - Delayed 1 second(s)

2018-12-14 02:15:54 - [TEST_STEP][PASSED] - setEncryptedText: Text ****** has been set on object 'Object Repository/Final Object Repo/Login Page/Internal User/Password'

2018-12-14 02:15:55 - [MESSAGE][PASSED] - Text ****** has been set on object 'Object Repository/Final Object Repo/Login Page/Internal User/Password'

2018-12-14 02:15:55 - [TEST_STEP][PASSED] - click: Object: 'Object Repository/Final Object Repo/Login Page/Internal User/Login Button' is clicked on

2018-12-14 02:15:55 - [MESSAGE][PASSED] - Object: 'Object Repository/Final Object Repo/Login Page/Internal User/Login Button' is clicked on

2018-12-14 02:15:55 - [TEST_STEP][PASSED] - delay: Delayed 1 second(s)

2018-12-14 02:15:56 - [MESSAGE][PASSED] - Delayed 1 second(s)

2018-12-14 02:15:56 - [TEST_STEP][PASSED] - Statement - Try: Delayed 2 second(s)

2018-12-14 02:15:56 - [TEST_STEP][PASSED] - Statement - Checker = false: null

2018-12-14 02:15:56 - [TEST_STEP][PASSED] - Statement - Checker = com.kms.katalon.core.webui.keyword.WebUiBuiltInKeywords.verifyElementHasAttribute(com.kms.katalon.core.testobject.ObjectRepository.findTestObject(Final Object Repo/Landing Page/BM Detecting), "href", 20, OPTIONAL): Object 'Object Repository/Final Object Repo/Landing Page/BM Detecting' has attribute 'href'

2018-12-14 02:15:57 - [MESSAGE][PASSED] - Object 'Object Repository/Final Object Repo/Landing Page/BM Detecting' has attribute 'href'

2018-12-14 02:15:57 - [TEST_STEP][PASSED] - Statement - out.println(Checker): null

2018-12-14 02:15:57 - [TEST_STEP][PASSED] - Statement - If (Checker == false): null

2018-12-14 02:15:57 - [TEST_STEP][PASSED] - Statement - Else: null

2018-12-14 02:15:57 - [TEST_STEP][PASSED] - delay: Delayed 2 second(s)

2018-12-14 02:15:59 - [MESSAGE][PASSED] - Delayed 2 second(s)

2018-12-14 02:15:59 - [TEST_STEP][PASSED] - navigateToUrl: Navigate to 'https://assist2-uat.perkeso.gov.my/web/registration/registration' successfully

2018-12-14 02:16:00 - [MESSAGE][PASSED] - Navigate to 'https://assist2-uat.perkeso.gov.my/web/registration/registration' successfully

2018-12-14 02:16:00 - [TEST_STEP][PASSED] - click: Object: 'Object Repository/Final Object Repo/New Registration - Registration Module Pages/Form 1/AEC - No' is clicked on

2018-12-14 02:16:01 - [MESSAGE][PASSED] - Object: 'Object Repository/Final Object Repo/New Registration - Registration Module Pages/Form 1/AEC - No' is clicked on

2018-12-14 02:16:01 - [TEST_STEP][PASSED] - click: Object: 'Object Repository/Final Object Repo/New Registration - Registration Module Pages/Form 1/Business Entity' is clicked on

2018-12-14 02:16:01 - [MESSAGE][PASSED] - Object: 'Object Repository/Final Object Repo/New Registration - Registration Module Pages/Form 1/Business Entity' is clicked on

2018-12-14 02:16:01 - [TEST_STEP][PASSED] - click: Object: 'Object Repository/Final Object Repo/New Registration - Registration Module Pages/Form 1/Businees Entity - Corporation' is clicked on

2018-12-14 02:16:01 - [MESSAGE][PASSED] - Object: 'Object Repository/Final Object Repo/New Registration - Registration Module Pages/Form 1/Businees Entity - Corporation' is clicked on

2018-12-14 02:16:01 - [TEST_STEP][PASSED] - delay: Delayed 1 second(s)

2018-12-14 02:16:02 - [MESSAGE][PASSED] - Delayed 1 second(s)

2018-12-14 02:16:02 - [TEST_STEP][PASSED] - click: Object: 'Object Repository/Final Object Repo/New Registration - Registration Module Pages/Form 1/Sub Business Entity' is clicked on

2018-12-14 02:16:02 - [MESSAGE][PASSED] - Object: 'Object Repository/Final Object Repo/New Registration - Registration Module Pages/Form 1/Sub Business Entity' is clicked on

2018-12-14 02:16:02 - [TEST_STEP][PASSED] - click: Object: 'Object Repository/Final Object Repo/New Registration - Registration Module Pages/Form 1/Sub Business Entity - Berhad' is clicked on

2018-12-14 02:16:02 - [MESSAGE][PASSED] - Object: 'Object Repository/Final Object Repo/New Registration - Registration Module Pages/Form 1/Sub Business Entity - Berhad' is clicked on

2018-12-14 02:16:02 - [TEST_STEP][PASSED] - delay: Delayed 1 second(s)

2018-12-14 02:16:03 - [MESSAGE][PASSED] - Delayed 1 second(s)

2018-12-14 02:16:03 - [TEST_STEP][PASSED] - setText: Text '123' is set on object 'Object Repository/Final Object Repo/New Registration - Registration Module Pages/Form 1/Registration Number'

2018-12-14 02:16:04 - [MESSAGE][PASSED] - Text '123' is set on object 'Object Repository/Final Object Repo/New Registration - Registration Module Pages/Form 1/Registration Number'

2018-12-14 02:16:04 - [TEST_STEP][PASSED] - click: Object: 'Object Repository/Final Object Repo/New Registration - Registration Module Pages/Form 1/Registred with SSM - Before Feb' is clicked on

2018-12-14 02:16:04 - [MESSAGE][PASSED] - Object: 'Object Repository/Final Object Repo/New Registration - Registration Module Pages/Form 1/Registred with SSM - Before Feb' is clicked on

2018-12-14 02:16:04 - [TEST_STEP][PASSED] - click: Object: 'Object Repository/Final Object Repo/New Registration - Registration Module Pages/Form 1/Registered As a Branch - Yes' is clicked on

2018-12-14 02:16:04 - [MESSAGE][PASSED] - Object: 'Object Repository/Final Object Repo/New Registration - Registration Module Pages/Form 1/Registered As a Branch - Yes' is clicked on

2018-12-14 02:16:04 - [TEST_STEP][PASSED] - click: Object: 'Object Repository/Final Object Repo/New Registration - Registration Module Pages/Form 1/Acknowledgement' is clicked on

2018-12-14 02:16:04 - [MESSAGE][PASSED] - Object: 'Object Repository/Final Object Repo/New Registration - Registration Module Pages/Form 1/Acknowledgement' is clicked on

2018-12-14 02:16:04 - [TEST_STEP][PASSED] - setText: Text 'perkeso' is set on object 'Object Repository/Final Object Repo/New Registration - Registration Module Pages/Form 1/Industry name'

2018-12-14 02:16:04 - [MESSAGE][PASSED] - Text 'perkeso' is set on object 'Object Repository/Final Object Repo/New Registration - Registration Module Pages/Form 1/Industry name'

2018-12-14 02:16:04 - [TEST_STEP][PASSED] - setText: Text 'perkeso1' is set on object 'Object Repository/Final Object Repo/New Registration - Registration Module Pages/Form 1/Postal Address1'

2018-12-14 02:16:05 - [MESSAGE][PASSED] - Text 'perkeso1' is set on object 'Object Repository/Final Object Repo/New Registration - Registration Module Pages/Form 1/Postal Address1'

2018-12-14 02:16:05 - [TEST_STEP][PASSED] - setText: Text 'perkeso2' is set on object 'Object Repository/Final Object Repo/New Registration - Registration Module Pages/Form 1/Postal Address2'

2018-12-14 02:16:05 - [MESSAGE][PASSED] - Text 'perkeso2' is set on object 'Object Repository/Final Object Repo/New Registration - Registration Module Pages/Form 1/Postal Address2'

2018-12-14 02:16:05 - [TEST_STEP][PASSED] - setText: Text 'perkeso3' is set on object 'Object Repository/Final Object Repo/New Registration - Registration Module Pages/Form 1/Postal Address3'

2018-12-14 02:16:05 - [MESSAGE][PASSED] - Text 'perkeso3' is set on object 'Object Repository/Final Object Repo/New Registration - Registration Module Pages/Form 1/Postal Address3'

2018-12-14 02:16:05 - [TEST_STEP][PASSED] - click: Object: 'Object Repository/Final Object Repo/New Registration - Registration Module Pages/Form 1/State' is clicked on

2018-12-14 02:16:06 - [MESSAGE][PASSED] - Object: 'Object Repository/Final Object Repo/New Registration - Registration Module Pages/Form 1/State' is clicked on

2018-12-14 02:16:06 - [TEST_STEP][PASSED] - click: Object: 'Object Repository/Final Object Repo/New Registration - Registration Module Pages/Form 1/State - Johor' is clicked on

2018-12-14 02:16:06 - [MESSAGE][PASSED] - Object: 'Object Repository/Final Object Repo/New Registration - Registration Module Pages/Form 1/State - Johor' is clicked on

2018-12-14 02:16:06 - [TEST_STEP][PASSED] - delay: Delayed 1 second(s)

2018-12-14 02:16:07 - [MESSAGE][PASSED] - Delayed 1 second(s)

2018-12-14 02:16:07 - [TEST_STEP][PASSED] - click: Object: 'Object Repository/Final Object Repo/New Registration - Registration Module Pages/Form 1/City' is clicked on

2018-12-14 02:16:07 - [MESSAGE][PASSED] - Object: 'Object Repository/Final Object Repo/New Registration - Registration Module Pages/Form 1/City' is clicked on

2018-12-14 02:16:07 - [TEST_STEP][PASSED] - setText: Text 'joh' is set on object 'Object Repository/Final Object Repo/New Registration - Registration Module Pages/Form 1/Postcode - 810'

2018-12-14 02:16:07 - [MESSAGE][PASSED] - Text 'joh' is set on object 'Object Repository/Final Object Repo/New Registration - Registration Module Pages/Form 1/Postcode - 810'

2018-12-14 02:16:07 - [TEST_STEP][PASSED] - delay: Delayed 1 second(s)

2018-12-14 02:16:08 - [MESSAGE][PASSED] - Delayed 1 second(s)

2018-12-14 02:16:08 - [TEST_STEP][PASSED] - click: Object: 'Object Repository/Final Object Repo/New Registration - Registration Module Pages/Form 1/City - Johor Bharu' is clicked on

2018-12-14 02:16:08 - [MESSAGE][PASSED] - Object: 'Object Repository/Final Object Repo/New Registration - Registration Module Pages/Form 1/City - Johor Bharu' is clicked on

2018-12-14 02:16:08 - [TEST_STEP][PASSED] - delay: Delayed 1 second(s)

2018-12-14 02:16:09 - [MESSAGE][PASSED] - Delayed 1 second(s)

2018-12-14 02:16:09 - [TEST_STEP][PASSED] - click: Object: 'Object Repository/Final Object Repo/New Registration - Registration Module Pages/Form 1/Postcode' is clicked on

2018-12-14 02:16:10 - [MESSAGE][PASSED] - Object: 'Object Repository/Final Object Repo/New Registration - Registration Module Pages/Form 1/Postcode' is clicked on

2018-12-14 02:16:10 - [TEST_STEP][PASSED] - delay: Delayed 1 second(s)

2018-12-14 02:16:11 - [MESSAGE][PASSED] - Delayed 1 second(s)

2018-12-14 02:16:11 - [TEST_STEP][PASSED] - setText: Text '810' is set on object 'Object Repository/Final Object Repo/New Registration - Registration Module Pages/Form 1/Postcode - 810'

2018-12-14 02:16:11 - [MESSAGE][PASSED] - Text '810' is set on object 'Object Repository/Final Object Repo/New Registration - Registration Module Pages/Form 1/Postcode - 810'

2018-12-14 02:16:11 - [TEST_STEP][PASSED] - delay: Delayed 3 second(s)

2018-12-14 02:16:14 - [MESSAGE][PASSED] - Delayed 3 second(s)

2018-12-14 02:16:14 - [TEST_STEP][PASSED] - click: Object: 'Object Repository/Final Object Repo/New Registration - Registration Module Pages/Form 1/Postcode - 81000' is clicked on

2018-12-14 02:16:14 - [MESSAGE][PASSED] - Object: 'Object Repository/Final Object Repo/New Registration - Registration Module Pages/Form 1/Postcode - 81000' is clicked on

2018-12-14 02:16:14 - [TEST_STEP][PASSED] - delay: Delayed 1 second(s)

2018-12-14 02:16:15 - [MESSAGE][PASSED] - Delayed 1 second(s)

2018-12-14 02:16:15 - [TEST_STEP][PASSED] - setText: Text '100' is set on object 'Object Repository/Final Object Repo/New Registration - Registration Module Pages/Form 1/P.O.BOX'

2018-12-14 02:16:15 - [MESSAGE][PASSED] - Text '100' is set on object 'Object Repository/Final Object Repo/New Registration - Registration Module Pages/Form 1/P.O.BOX'

2018-12-14 02:16:15 - [TEST_STEP][PASSED] - setText: Text '100' is set on object 'Object Repository/Final Object Repo/New Registration - Registration Module Pages/Form 1/Locked Bag No'

2018-12-14 02:16:16 - [MESSAGE][PASSED] - Text '100' is set on object 'Object Repository/Final Object Repo/New Registration - Registration Module Pages/Form 1/Locked Bag No'

2018-12-14 02:16:16 - [TEST_STEP][PASSED] - click: Object: 'Object Repository/Final Object Repo/New Registration - Registration Module Pages/Form 1/SOCSO Office Location' is clicked on

2018-12-14 02:16:16 - [MESSAGE][PASSED] - Object: 'Object Repository/Final Object Repo/New Registration - Registration Module Pages/Form 1/SOCSO Office Location' is clicked on

2018-12-14 02:16:16 - [TEST_STEP][PASSED] - click: Object: 'Object Repository/Final Object Repo/New Registration - Registration Module Pages/Form 1/SOCSO Office Location - Pejabat PERKESO Negeri Johor' is clicked on

2018-12-14 02:16:16 - [MESSAGE][PASSED] - Object: 'Object Repository/Final Object Repo/New Registration - Registration Module Pages/Form 1/SOCSO Office Location - Pejabat PERKESO Negeri Johor' is clicked on

2018-12-14 02:16:16 - [TEST_STEP][PASSED] - delay: Delayed 1 second(s)

2018-12-14 02:16:17 - [MESSAGE][PASSED] - Delayed 1 second(s)

2018-12-14 02:16:17 - [TEST_STEP][PASSED] - check: Object 'Object Repository/Final Object Repo/New Registration - Registration Module Pages/Form 1/Indusrty Address Same As Postal Address' is checked

2018-12-14 02:16:17 - [MESSAGE][PASSED] - Object 'Object Repository/Final Object Repo/New Registration - Registration Module Pages/Form 1/Indusrty Address Same As Postal Address' is checked

2018-12-14 02:16:17 - [TEST_STEP][PASSED] - delay: Delayed 3 second(s)

2018-12-14 02:16:20 - [MESSAGE][PASSED] - Delayed 3 second(s)

2018-12-14 02:16:20 - [TEST_STEP][PASSED] - click: Object: 'Object Repository/Final Object Repo/New Registration - Registration Module Pages/Form 1/Indusry Address Same As Postal Address False' is clicked on

2018-12-14 02:16:20 - [MESSAGE][PASSED] - Object: 'Object Repository/Final Object Repo/New Registration - Registration Module Pages/Form 1/Indusry Address Same As Postal Address False' is clicked on

2018-12-14 02:16:20 - [TEST_STEP][PASSED] - delay: Delayed 1 second(s)

2018-12-14 02:16:21 - [MESSAGE][PASSED] - Delayed 1 second(s)

2018-12-14 02:16:21 - [TEST_STEP][PASSED] - setText: Text 'perkeso1' is set on object 'Object Repository/Final Object Repo/New Registration - Registration Module Pages/Form 1/Industry Address1'

2018-12-14 02:16:22 - [MESSAGE][PASSED] - Text 'perkeso1' is set on object 'Object Repository/Final Object Repo/New Registration - Registration Module Pages/Form 1/Industry Address1'

2018-12-14 02:16:22 - [TEST_STEP][PASSED] - setText: Text 'perkeso2' is set on object 'Object Repository/Final Object Repo/New Registration - Registration Module Pages/Form 1/Industry Address2'

2018-12-14 02:16:22 - [MESSAGE][PASSED] - Text 'perkeso2' is set on object 'Object Repository/Final Object Repo/New Registration - Registration Module Pages/Form 1/Industry Address2'

2018-12-14 02:16:22 - [TEST_STEP][PASSED] - setText: Text 'perkeso3' is set on object 'Object Repository/Final Object Repo/New Registration - Registration Module Pages/Form 1/Industry Address3'

2018-12-14 02:16:22 - [MESSAGE][PASSED] - Text 'perkeso3' is set on object 'Object Repository/Final Object Repo/New Registration - Registration Module Pages/Form 1/Industry Address3'

2018-12-14 02:16:22 - [TEST_STEP][PASSED] - click: Object: 'Object Repository/Final Object Repo/New Registration - Registration Module Pages/Form 1/Industry State' is clicked on

2018-12-14 02:16:23 - [MESSAGE][PASSED] - Object: 'Object Repository/Final Object Repo/New Registration - Registration Module Pages/Form 1/Industry State' is clicked on

2018-12-14 02:16:23 - [TEST_STEP][PASSED] - delay: Delayed 2 second(s)

2018-12-14 02:16:25 - [MESSAGE][PASSED] - Delayed 2 second(s)

2018-12-14 02:16:25 - [TEST_STEP][PASSED] - click: Object: 'Object Repository/Final Object Repo/New Registration - Registration Module Pages/Form 1/Industry State - Johor' is clicked on

2018-12-14 02:16:25 - [MESSAGE][PASSED] - Object: 'Object Repository/Final Object Repo/New Registration - Registration Module Pages/Form 1/Industry State - Johor' is clicked on

2018-12-14 02:16:25 - [TEST_STEP][PASSED] - delay: Delayed 2 second(s)

2018-12-14 02:16:27 - [MESSAGE][PASSED] - Delayed 2 second(s)

2018-12-14 02:16:27 - [TEST_STEP][PASSED] - click: Object: 'Object Repository/Final Object Repo/New Registration - Registration Module Pages/Form 1/Industry Ciry' is clicked on

2018-12-14 02:16:27 - [MESSAGE][PASSED] - Object: 'Object Repository/Final Object Repo/New Registration - Registration Module Pages/Form 1/Industry Ciry' is clicked on

2018-12-14 02:16:27 - [TEST_STEP][PASSED] - setText: Text 'joh' is set on object 'Object Repository/Final Object Repo/New Registration - Registration Module Pages/Form 1/Industry Ciry - joh'

2018-12-14 02:16:27 - [MESSAGE][PASSED] - Text 'joh' is set on object 'Object Repository/Final Object Repo/New Registration - Registration Module Pages/Form 1/Industry Ciry - joh'

2018-12-14 02:16:27 - [TEST_STEP][PASSED] - delay: Delayed 2 second(s)

2018-12-14 02:16:29 - [MESSAGE][PASSED] - Delayed 2 second(s)

2018-12-14 02:16:29 - [TEST_STEP][PASSED] - click: Object: 'Object Repository/Final Object Repo/New Registration - Registration Module Pages/Form 1/Industy State - Johor Bharu' is clicked on

2018-12-14 02:16:29 - [MESSAGE][PASSED] - Object: 'Object Repository/Final Object Repo/New Registration - Registration Module Pages/Form 1/Industy State - Johor Bharu' is clicked on

2018-12-14 02:16:29 - [TEST_STEP][PASSED] - delay: Delayed 1 second(s)

2018-12-14 02:16:30 - [MESSAGE][PASSED] - Delayed 1 second(s)

2018-12-14 02:16:30 - [TEST_STEP][PASSED] - click: Object: 'Object Repository/Final Object Repo/New Registration - Registration Module Pages/Form 1/Indusry PostCode' is clicked on

2018-12-14 02:16:31 - [MESSAGE][PASSED] - Object: 'Object Repository/Final Object Repo/New Registration - Registration Module Pages/Form 1/Indusry PostCode' is clicked on

2018-12-14 02:16:31 - [TEST_STEP][PASSED] - delay: Delayed 1 second(s)

2018-12-14 02:16:32 - [MESSAGE][PASSED] - Delayed 1 second(s)

2018-12-14 02:16:32 - [TEST_STEP][PASSED] - setText: Text '810' is set on object 'Object Repository/Final Object Repo/New Registration - Registration Module Pages/Form 1/Insutry Post Code - 810'

2018-12-14 02:16:32 - [MESSAGE][PASSED] - Text '810' is set on object 'Object Repository/Final Object Repo/New Registration - Registration Module Pages/Form 1/Insutry Post Code - 810'

2018-12-14 02:16:32 - [TEST_STEP][PASSED] - delay: Delayed 1 second(s)

2018-12-14 02:16:33 - [MESSAGE][PASSED] - Delayed 1 second(s)

2018-12-14 02:16:33 - [TEST_STEP][PASSED] - click: Object: 'Object Repository/Final Object Repo/New Registration - Registration Module Pages/Form 1/Insutry Post Code - 81000' is clicked on

2018-12-14 02:16:33 - [MESSAGE][PASSED] - Object: 'Object Repository/Final Object Repo/New Registration - Registration Module Pages/Form 1/Insutry Post Code - 81000' is clicked on

2018-12-14 02:16:33 - [TEST_STEP][PASSED] - delay: Delayed 1 second(s)

2018-12-14 02:16:34 - [MESSAGE][PASSED] - Delayed 1 second(s)

2018-12-14 02:16:34 - [TEST_STEP][PASSED] - setText: Text '100' is set on object 'Object Repository/Final Object Repo/New Registration - Registration Module Pages/Form 1/Industry P.O.BOX'

2018-12-14 02:16:34 - [MESSAGE][PASSED] - Text '100' is set on object 'Object Repository/Final Object Repo/New Registration - Registration Module Pages/Form 1/Industry P.O.BOX'

2018-12-14 02:16:34 - [TEST_STEP][PASSED] - setText: Text '100' is set on object 'Object Repository/Final Object Repo/New Registration - Registration Module Pages/Form 1/Industry Locked Bag No'

2018-12-14 02:16:35 - [MESSAGE][PASSED] - Text '100' is set on object 'Object Repository/Final Object Repo/New Registration - Registration Module Pages/Form 1/Industry Locked Bag No'

2018-12-14 02:16:35 - [TEST_STEP][PASSED] - setText: Text '123456789' is set on object 'Object Repository/Final Object Repo/New Registration - Registration Module Pages/Form 1/Telephone No'

2018-12-14 02:16:35 - [MESSAGE][PASSED] - Text '123456789' is set on object 'Object Repository/Final Object Repo/New Registration - Registration Module Pages/Form 1/Telephone No'

2018-12-14 02:16:35 - [TEST_STEP][PASSED] - setText: Text '123456789' is set on object 'Object Repository/Final Object Repo/New Registration - Registration Module Pages/Form 1/Mobile No'

2018-12-14 02:16:35 - [MESSAGE][PASSED] - Text '123456789' is set on object 'Object Repository/Final Object Repo/New Registration - Registration Module Pages/Form 1/Mobile No'

2018-12-14 02:16:35 - [TEST_STEP][PASSED] - setText: Text '123456789' is set on object 'Object Repository/Final Object Repo/New Registration - Registration Module Pages/Form 1/Fax No'

2018-12-14 02:16:36 - [MESSAGE][PASSED] - Text '123456789' is set on object 'Object Repository/Final Object Repo/New Registration - Registration Module Pages/Form 1/Fax No'

2018-12-14 02:16:36 - [TEST_STEP][PASSED] - click: Object: 'Object Repository/Final Object Repo/New Registration - Registration Module Pages/Form 1/Industry Code' is clicked on

2018-12-14 02:16:36 - [MESSAGE][PASSED] - Object: 'Object Repository/Final Object Repo/New Registration - Registration Module Pages/Form 1/Industry Code' is clicked on

2018-12-14 02:16:36 - [TEST_STEP][PASSED] - click: Object: 'Object Repository/Final Object Repo/New Registration - Registration Module Pages/Form 1/Indudustry Code - Crops and Animal' is clicked on

2018-12-14 02:16:36 - [MESSAGE][PASSED] - Object: 'Object Repository/Final Object Repo/New Registration - Registration Module Pages/Form 1/Indudustry Code - Crops and Animal' is clicked on

2018-12-14 02:16:36 - [TEST_STEP][PASSED] - delay: Delayed 1 second(s)

2018-12-14 02:16:37 - [MESSAGE][PASSED] - Delayed 1 second(s)

2018-12-14 02:16:37 - [TEST_STEP][PASSED] - click: Object: 'Object Repository/Final Object Repo/New Registration - Registration Module Pages/Form 1/Sub Industry Code List' is clicked on

2018-12-14 02:16:37 - [MESSAGE][PASSED] - Object: 'Object Repository/Final Object Repo/New Registration - Registration Module Pages/Form 1/Sub Industry Code List' is clicked on

2018-12-14 02:16:37 - [TEST_STEP][PASSED] - click: Object: 'Object Repository/Final Object Repo/New Registration - Registration Module Pages/Form 1/Sub Industry Code List - Growing of Maize' is clicked on

2018-12-14 02:16:38 - [MESSAGE][PASSED] - Object: 'Object Repository/Final Object Repo/New Registration - Registration Module Pages/Form 1/Sub Industry Code List - Growing of Maize' is clicked on

2018-12-14 02:16:38 - [TEST_STEP][PASSED] - setText: Text 'perkeso123@gmail.com' is set on object 'Object Repository/Final Object Repo/New Registration - Registration Module Pages/Form 1/Email'

2018-12-14 02:16:38 - [MESSAGE][PASSED] - Text 'perkeso123@gmail.com' is set on object 'Object Repository/Final Object Repo/New Registration - Registration Module Pages/Form 1/Email'

2018-12-14 02:16:38 - [TEST_STEP][PASSED] - click: Object: 'Object Repository/Final Object Repo/New Registration - Registration Module Pages/Form 1/Method of Contribution Payment' is clicked on

2018-12-14 02:16:38 - [MESSAGE][PASSED] - Object: 'Object Repository/Final Object Repo/New Registration - Registration Module Pages/Form 1/Method of Contribution Payment' is clicked on

2018-12-14 02:16:38 - [TEST_STEP][PASSED] - click: Object: 'Object Repository/Final Object Repo/New Registration - Registration Module Pages/Form 1/Method of Contribution Payment - Portal' is clicked on

2018-12-14 02:16:39 - [MESSAGE][PASSED] - Object: 'Object Repository/Final Object Repo/New Registration - Registration Module Pages/Form 1/Method of Contribution Payment - Portal' is clicked on

2018-12-14 02:16:39 - [TEST_STEP][PASSED] - click: Object: 'Object Repository/Final Object Repo/New Registration - Registration Module Pages/Form 1/Servide Type' is clicked on

2018-12-14 02:16:39 - [MESSAGE][PASSED] - Object: 'Object Repository/Final Object Repo/New Registration - Registration Module Pages/Form 1/Servide Type' is clicked on

2018-12-14 02:16:39 - [TEST_STEP][PASSED] - click: Object: 'Object Repository/Final Object Repo/New Registration - Registration Module Pages/Form 1/Servide Type - Professional Bodies' is clicked on

2018-12-14 02:16:39 - [MESSAGE][PASSED] - Object: 'Object Repository/Final Object Repo/New Registration - Registration Module Pages/Form 1/Servide Type - Professional Bodies' is clicked on

2018-12-14 02:16:39 - [TEST_STEP][PASSED] - click: Object: 'Object Repository/Final Object Repo/New Registration - Registration Module Pages/Form 1/Industry Venue' is clicked on

2018-12-14 02:16:39 - [MESSAGE][PASSED] - Object: 'Object Repository/Final Object Repo/New Registration - Registration Module Pages/Form 1/Industry Venue' is clicked on

2018-12-14 02:16:39 - [TEST_STEP][PASSED] - click: Object: 'Object Repository/Final Object Repo/New Registration - Registration Module Pages/Form 1/Industry Venue -  PPN JOHOR' is clicked on

2018-12-14 02:16:39 - [MESSAGE][PASSED] - Object: 'Object Repository/Final Object Repo/New Registration - Registration Module Pages/Form 1/Industry Venue -  PPN JOHOR' is clicked on

2018-12-14 02:16:39 - [TEST_STEP][PASSED] - click: Object: 'Object Repository/Final Object Repo/New Registration - Registration Module Pages/Form 1/Save  Continue' is clicked on

2018-12-14 02:16:40 - [MESSAGE][PASSED] - Object: 'Object Repository/Final Object Repo/New Registration - Registration Module Pages/Form 1/Save  Continue' is clicked on

2018-12-14 02:16:40 - [MESSAGE][PASSED] - Call Test Case 'Test Cases/Final Aug 2018 - PKS Automation/Registration Module/New Registration/Form 1/Form 1 - Corporation - BHD' successfully

2018-12-14 02:16:40 - [TEST_STEP][PASSED] - callTestCase: Call Test Case 'Test Cases/Final Aug 2018 - PKS Automation/Registration Module/New Registration/Form 2/Add 1 Eligible' successfully

2018-12-14 02:16:40 - [TEST_CASE][PASSED] - Test Cases/Final Aug 2018 - PKS Automation/Registration Module/New Registration/Form 2/Add 1 Eligible: Test Cases/Final Aug 2018 - PKS Automation/Registration Module/New Registration/Form 2/Add 1 Eligible

2018-12-14 02:16:40 - [TEST_STEP][PASSED] - delay: Delayed 2 second(s)

2018-12-14 02:16:42 - [MESSAGE][PASSED] - Delayed 2 second(s)

2018-12-14 02:16:42 - [TEST_STEP][PASSED] - callTestCase: Call Test Case 'Test Cases/Final Aug 2018 - PKS Automation/Registration Module/New Registration/Form 2/Date Updater' successfully

2018-12-14 02:16:42 - [TEST_CASE][PASSED] - Test Cases/Final Aug 2018 - PKS Automation/Registration Module/New Registration/Form 2/Date Updater: Test Cases/Final Aug 2018 - PKS Automation/Registration Module/New Registration/Form 2/Date Updater

2018-12-14 02:16:42 - [TEST_STEP][PASSED] - Statement - TodayDate = new java.util.Date(): null

2018-12-14 02:16:42 - [TEST_STEP][PASSED] - Statement - CurrentDateNoFilter = new java.text.SimpleDateFormat(): null

2018-12-14 02:16:42 - [TEST_STEP][PASSED] - Statement - CurrentDateNoFilter.applyPattern("MM"): null

2018-12-14 02:16:42 - [TEST_STEP][PASSED] - Statement - monthContainerMatcher = java.lang.Integer.parseInt(CurrentDateNoFilter.format(TodayDate)): null

2018-12-14 02:16:42 - [TEST_STEP][PASSED] - Statement - monthContainerMatcher = monthContainerMatcher - 1: null

2018-12-14 02:16:42 - [TEST_STEP][PASSED] - Statement - CurrentMonth = monthContainerMatcher.toString(): null

2018-12-14 02:16:42 - [TEST_STEP][PASSED] - Statement - CurrentMonth = CurrentMonth: null

2018-12-14 02:16:42 - [TEST_STEP][PASSED] - Statement - CurrentDateNoFilter.applyPattern("yyyy"): null

2018-12-14 02:16:42 - [TEST_STEP][PASSED] - Statement - CurrentYear = CurrentDateNoFilter.format(TodayDate): null

2018-12-14 02:16:42 - [TEST_STEP][PASSED] - Statement - CurrentYear = CurrentYear: null

2018-12-14 02:16:42 - [TEST_STEP][PASSED] - Statement - intCurrentYear = java.lang.Integer.parseInt(CurrentDateNoFilter.format(TodayDate)): null

2018-12-14 02:16:42 - [TEST_STEP][PASSED] - Statement - eighteenYrsAgo = intCurrentYear - 18: null

2018-12-14 02:16:42 - [TEST_STEP][PASSED] - Statement - eighteenYrsBeforeThisYr = eighteenYrsAgo.toString(): null

2018-12-14 02:16:42 - [TEST_STEP][PASSED] - Statement - EighteenYrsBefore = eighteenYrsBeforeThisYr: null

2018-12-14 02:16:42 - [TEST_STEP][PASSED] - Statement - fiftysevenYrsAgo = intCurrentYear - 57: null

2018-12-14 02:16:42 - [TEST_STEP][PASSED] - Statement - fiftysevenYrsBeforeThisYr = fiftysevenYrsAgo.toString(): null

2018-12-14 02:16:42 - [TEST_STEP][PASSED] - Statement - FiftysevenYrsBefore = fiftysevenYrsBeforeThisYr: null

2018-12-14 02:16:42 - [TEST_STEP][PASSED] - Statement - leapYear = false: null

2018-12-14 02:16:42 - [TEST_STEP][PASSED] - Statement - leapYear = intCurrentYear % 4 == 0: null

2018-12-14 02:16:42 - [TEST_STEP][PASSED] - Statement - CurrentDateNoFilter.applyPattern("dd"): null

2018-12-14 02:16:42 - [TEST_STEP][PASSED] - Statement - CurrentDate = CurrentDateNoFilter.format(TodayDate): null

2018-12-14 02:16:42 - [TEST_STEP][PASSED] - Statement - CurrentDate = java.lang.Integer.parseInt(CurrentDate): null

2018-12-14 02:16:42 - [TEST_STEP][PASSED] - Statement - CurrentDate = CurrentDate: null

2018-12-14 02:16:42 - [TEST_STEP][PASSED] - Statement - CurrentDay = java.lang.Integer.parseInt(CurrentDate): null

2018-12-14 02:16:42 - [TEST_STEP][PASSED] - Statement - ConfAdder = <not implemented yet for class: org.codehaus.groovy.ast.expr.EmptyExpression>: null

2018-12-14 02:16:42 - [TEST_STEP][PASSED] - Statement - out.println(CurrentMonth): null

2018-12-14 02:16:42 - [TEST_STEP][PASSED] - Statement - out.println(CurrentDate): null

2018-12-14 02:16:42 - [TEST_STEP][PASSED] - Statement - switch (CurrentDate): null

2018-12-14 02:16:42 - [TEST_STEP][PASSED] - Statement - Default: null

2018-12-14 02:16:42 - [TEST_STEP][PASSED] - Statement - ConfAdder = true: null

2018-12-14 02:16:42 - [TEST_STEP][PASSED] - Statement - Break: null

2018-12-14 02:16:42 - [TEST_STEP][PASSED] - Statement - aDayBefore = <not implemented yet for class: org.codehaus.groovy.ast.expr.EmptyExpression>: null

2018-12-14 02:16:42 - [TEST_STEP][PASSED] - Statement - out.println(ConfAdder): null

2018-12-14 02:16:42 - [TEST_STEP][PASSED] - Statement - If (ConfAdder == true): null

2018-12-14 02:16:42 - [TEST_STEP][PASSED] - Statement - aDayBefore = CurrentDay + 1: null

2018-12-14 02:16:42 - [TEST_STEP][PASSED] - Statement - out.println(aDayBefore): null

2018-12-14 02:16:42 - [TEST_STEP][PASSED] - Statement - If (aDayBefore == 1 && CurrentMonth == 11): null

2018-12-14 02:16:42 - [TEST_STEP][PASSED] - Statement - DayBefore = aDayBefore.toString(): null

2018-12-14 02:16:42 - [TEST_STEP][PASSED] - Statement - OneDayBefore = DayBefore: null

2018-12-14 02:16:42 - [MESSAGE][PASSED] - Call Test Case 'Test Cases/Final Aug 2018 - PKS Automation/Registration Module/New Registration/Form 2/Date Updater' successfully

2018-12-14 02:16:42 - [TEST_STEP][PASSED] - delay: Delayed 1 second(s)

2018-12-14 02:16:43 - [MESSAGE][PASSED] - Delayed 1 second(s)

2018-12-14 02:16:43 - [TEST_STEP][PASSED] - Statement - CaseReferenceNo = com.kms.katalon.core.webui.keyword.WebUiBuiltInKeywords.getText(com.kms.katalon.core.testobject.ObjectRepository.findTestObject(Final Object Repo/New Registration - Registration Module Pages/Form 2/RefNo Acquiring)): Text of object 'Object Repository/Final Object Repo/New Registration - Registration Module Pages/Form 2/RefNo Acquiring' is: 'CRN12201800123329'

2018-12-14 02:16:43 - [MESSAGE][PASSED] - Text of object 'Object Repository/Final Object Repo/New Registration - Registration Module Pages/Form 2/RefNo Acquiring' is: 'CRN12201800123329'

2018-12-14 02:16:43 - [TEST_STEP][PASSED] - delay: Delayed 1 second(s)

2018-12-14 02:16:44 - [MESSAGE][PASSED] - Delayed 1 second(s)

2018-12-14 02:16:44 - [TEST_STEP][PASSED] - click: Object: 'Object Repository/Final Object Repo/New Registration - Registration Module Pages/Form 2/Add Employee Button' is clicked on

2018-12-14 02:16:44 - [MESSAGE][PASSED] - Object: 'Object Repository/Final Object Repo/New Registration - Registration Module Pages/Form 2/Add Employee Button' is clicked on

2018-12-14 02:16:44 - [TEST_STEP][PASSED] - delay: Delayed 1 second(s)

2018-12-14 02:16:45 - [MESSAGE][PASSED] - Delayed 1 second(s)

2018-12-14 02:16:45 - [TEST_STEP][PASSED] - setText: Text '010903091963' is set on object 'Object Repository/Final Object Repo/New Registration - Registration Module Pages/Form 2/NRIC Input'

2018-12-14 02:16:45 - [MESSAGE][PASSED] - Text '010903091963' is set on object 'Object Repository/Final Object Repo/New Registration - Registration Module Pages/Form 2/NRIC Input'

2018-12-14 02:16:45 - [TEST_STEP][PASSED] - click: Object: 'Object Repository/Final Object Repo/New Registration - Registration Module Pages/Form 2/button for search for IC' is clicked on

2018-12-14 02:16:46 - [MESSAGE][PASSED] - Object: 'Object Repository/Final Object Repo/New Registration - Registration Module Pages/Form 2/button for search for IC' is clicked on

2018-12-14 02:16:46 - [TEST_STEP][PASSED] - delay: Delayed 2 second(s)

2018-12-14 02:16:48 - [MESSAGE][PASSED] - Delayed 2 second(s)

2018-12-14 02:16:48 - [TEST_STEP][PASSED] - setText: Text 'Automate001 eligible 1' is set on object 'Object Repository/Final Object Repo/New Registration - Registration Module Pages/Form 2/Employee Name Input'

2018-12-14 02:16:48 - [MESSAGE][PASSED] - Text 'Automate001 eligible 1' is set on object 'Object Repository/Final Object Repo/New Registration - Registration Module Pages/Form 2/Employee Name Input'

2018-12-14 02:16:48 - [TEST_STEP][PASSED] - delay: Delayed 2 second(s)

2018-12-14 02:16:50 - [MESSAGE][PASSED] - Delayed 2 second(s)

2018-12-14 02:16:50 - [TEST_STEP][PASSED] - click: Object: 'Object Repository/Final Object Repo/New Registration - Registration Module Pages/Form 2/DatePicker Pop Up' is clicked on

2018-12-14 02:16:50 - [MESSAGE][PASSED] - Object: 'Object Repository/Final Object Repo/New Registration - Registration Module Pages/Form 2/DatePicker Pop Up' is clicked on

2018-12-14 02:16:50 - [TEST_STEP][PASSED] - click: Object: 'Object Repository/Final Object Repo/New Registration - Registration Module Pages/Form 2/DOB Month' is clicked on

2018-12-14 02:16:50 - [MESSAGE][PASSED] - Object: 'Object Repository/Final Object Repo/New Registration - Registration Module Pages/Form 2/DOB Month' is clicked on

2018-12-14 02:16:50 - [TEST_STEP][PASSED] - Statement - CurrentMonth = CurrentMonth: null

2018-12-14 02:16:50 - [TEST_STEP][PASSED] - Statement - selectMonth = new com.kms.katalon.core.testobject.TestObject(): null

2018-12-14 02:16:50 - [TEST_STEP][PASSED] - Statement - selectMonth.addProperty("xpath", EQUALS, "//body/div/div/div/select/option[@value='" + CurrentMonth + "']", true): null

2018-12-14 02:16:50 - [TEST_STEP][PASSED] - click: Object: '' is clicked on

2018-12-14 02:16:50 - [MESSAGE][PASSED] - Object: '' is clicked on

2018-12-14 02:16:50 - [TEST_STEP][PASSED] - click: Object: 'Object Repository/Final Object Repo/New Registration - Registration Module Pages/Form 2/DOB Year' is clicked on

2018-12-14 02:16:51 - [MESSAGE][PASSED] - Object: 'Object Repository/Final Object Repo/New Registration - Registration Module Pages/Form 2/DOB Year' is clicked on

2018-12-14 02:16:51 - [TEST_STEP][PASSED] - Statement - Eyearsbf = EighteenYrsBefore: null

2018-12-14 02:16:51 - [TEST_STEP][PASSED] - Statement - selectYear = new com.kms.katalon.core.testobject.TestObject(): null

2018-12-14 02:16:51 - [TEST_STEP][PASSED] - Statement - selectYear.addProperty("xpath", EQUALS, "//div/div/div/select/option[@value='" + Eyearsbf + "']", true): null

2018-12-14 02:16:51 - [TEST_STEP][PASSED] - click: Object: '' is clicked on

2018-12-14 02:16:51 - [MESSAGE][PASSED] - Object: '' is clicked on

2018-12-14 02:16:51 - [TEST_STEP][PASSED] - Statement - UpdatedSelectDate = com.kms.katalon.core.webui.keyword.WebUiBuiltInKeywords.modifyObjectProperty(com.kms.katalon.core.testobject.ObjectRepository.findTestObject(Final Object Repo/New Registration - Registration Module Pages/Form 2/DOB Date), "xpath", "equals", "//body/div/table/tbody/tr/td/a[text()="" + CurrentDate + ""]", true): Modify property of object successfully

2018-12-14 02:16:51 - [MESSAGE][PASSED] - Modify property of object successfully

2018-12-14 02:16:51 - [TEST_STEP][PASSED] - delay: Delayed 3 second(s)

2018-12-14 02:16:54 - [MESSAGE][PASSED] - Delayed 3 second(s)

2018-12-14 02:16:54 - [TEST_STEP][PASSED] - click: Object: 'Object Repository/Final Object Repo/New Registration - Registration Module Pages/Form 2/DOB Date' is clicked on

2018-12-14 02:16:54 - [MESSAGE][PASSED] - Object: 'Object Repository/Final Object Repo/New Registration - Registration Module Pages/Form 2/DOB Date' is clicked on

2018-12-14 02:16:54 - [TEST_STEP][PASSED] - delay: Delayed 2 second(s)

2018-12-14 02:16:56 - [MESSAGE][PASSED] - Delayed 2 second(s)

2018-12-14 02:16:56 - [TEST_STEP][PASSED] - click: Object: 'Object Repository/Final Object Repo/New Registration - Registration Module Pages/Form 2/EmploymentStartDate Pop Up' is clicked on

2018-12-14 02:16:56 - [MESSAGE][PASSED] - Object: 'Object Repository/Final Object Repo/New Registration - Registration Module Pages/Form 2/EmploymentStartDate Pop Up' is clicked on

2018-12-14 02:16:56 - [TEST_STEP][PASSED] - delay: Delayed 2 second(s)

2018-12-14 02:16:58 - [MESSAGE][PASSED] - Delayed 2 second(s)

2018-12-14 02:16:58 - [TEST_STEP][PASSED] - click: Object: 'Object Repository/Final Object Repo/New Registration - Registration Module Pages/Form 2/Socso Employment StartDate Month' is clicked on

2018-12-14 02:16:58 - [MESSAGE][PASSED] - Object: 'Object Repository/Final Object Repo/New Registration - Registration Module Pages/Form 2/Socso Employment StartDate Month' is clicked on

2018-12-14 02:16:58 - [TEST_STEP][PASSED] - delay: Delayed 1 second(s)

2018-12-14 02:16:59 - [MESSAGE][PASSED] - Delayed 1 second(s)

2018-12-14 02:16:59 - [TEST_STEP][PASSED] - click: Object: 'Object Repository/Final Object Repo/New Registration - Registration Module Pages/Form 2/Select Socso Employement Startdate Month' is clicked on

2018-12-14 02:16:59 - [MESSAGE][PASSED] - Object: 'Object Repository/Final Object Repo/New Registration - Registration Module Pages/Form 2/Select Socso Employement Startdate Month' is clicked on

2018-12-14 02:16:59 - [TEST_STEP][PASSED] - delay: Delayed 2 second(s)

2018-12-14 02:17:01 - [MESSAGE][PASSED] - Delayed 2 second(s)

2018-12-14 02:17:01 - [TEST_STEP][PASSED] - click: Object: 'Object Repository/Final Object Repo/New Registration - Registration Module Pages/Form 2/Socso Employment StartDate Year' is clicked on

2018-12-14 02:17:02 - [MESSAGE][PASSED] - Object: 'Object Repository/Final Object Repo/New Registration - Registration Module Pages/Form 2/Socso Employment StartDate Year' is clicked on

2018-12-14 02:17:02 - [TEST_STEP][PASSED] - delay: Delayed 1 second(s)

2018-12-14 02:17:03 - [MESSAGE][PASSED] - Delayed 1 second(s)

2018-12-14 02:17:03 - [TEST_STEP][PASSED] - click: Object: 'Object Repository/Final Object Repo/New Registration - Registration Module Pages/Form 2/Select Socso Employment Startdate Year' is clicked on

2018-12-14 02:17:03 - [MESSAGE][PASSED] - Object: 'Object Repository/Final Object Repo/New Registration - Registration Module Pages/Form 2/Select Socso Employment Startdate Year' is clicked on

2018-12-14 02:17:03 - [TEST_STEP][PASSED] - delay: Delayed 2 second(s)

2018-12-14 02:17:05 - [MESSAGE][PASSED] - Delayed 2 second(s)

2018-12-14 02:17:05 - [TEST_STEP][PASSED] - click: Object: 'Object Repository/Final Object Repo/New Registration - Registration Module Pages/Form 2/Socso Employment Start Date Day' is clicked on

2018-12-14 02:17:05 - [MESSAGE][PASSED] - Object: 'Object Repository/Final Object Repo/New Registration - Registration Module Pages/Form 2/Socso Employment Start Date Day' is clicked on

2018-12-14 02:17:05 - [TEST_STEP][PASSED] - delay: Delayed 2 second(s)

2018-12-14 02:17:07 - [MESSAGE][PASSED] - Delayed 2 second(s)

2018-12-14 02:17:07 - [TEST_STEP][PASSED] - click: Object: 'Object Repository/Final Object Repo/New Registration - Registration Module Pages/Form 2/Save Button for Add Employee' is clicked on

2018-12-14 02:17:07 - [MESSAGE][PASSED] - Object: 'Object Repository/Final Object Repo/New Registration - Registration Module Pages/Form 2/Save Button for Add Employee' is clicked on

2018-12-14 02:17:07 - [TEST_STEP][PASSED] - delay: Delayed 6 second(s)

2018-12-14 02:17:13 - [MESSAGE][PASSED] - Delayed 6 second(s)

2018-12-14 02:17:13 - [TEST_STEP][PASSED] - click: Object: 'Object Repository/Final Object Repo/New Registration - Registration Module Pages/Form 2/Save and Continue Form 2' is clicked on

2018-12-14 02:17:13 - [MESSAGE][PASSED] - Object: 'Object Repository/Final Object Repo/New Registration - Registration Module Pages/Form 2/Save and Continue Form 2' is clicked on

2018-12-14 02:17:13 - [MESSAGE][PASSED] - Call Test Case 'Test Cases/Final Aug 2018 - PKS Automation/Registration Module/New Registration/Form 2/Add 1 Eligible' successfully

2018-12-14 02:17:13 - [TEST_STEP][PASSED] - callTestCase: Call Test Case 'Test Cases/Final Aug 2018 - PKS Automation/Registration Module/New Registration/Flow of New Registration/Third Screen - Upload Supporting Doc - Preview' successfully

2018-12-14 02:17:13 - [TEST_CASE][PASSED] - Test Cases/Final Aug 2018 - PKS Automation/Registration Module/New Registration/Flow of New Registration/Third Screen - Upload Supporting Doc - Preview: Test Cases/Final Aug 2018 - PKS Automation/Registration Module/New Registration/Flow of New Registration/Third Screen - Upload Supporting Doc - Preview

2018-12-14 02:17:13 - [TEST_STEP][PASSED] - waitForPageLoad: Wait for page load successfully

2018-12-14 02:17:14 - [MESSAGE][PASSED] - Wait for page load successfully

2018-12-14 02:17:14 - [TEST_STEP][PASSED] - Statement - CaseReferenceNo = com.kms.katalon.core.webui.keyword.WebUiBuiltInKeywords.getText(com.kms.katalon.core.testobject.ObjectRepository.findTestObject(Final Object Repo/New Registration - Registration Module Pages/Third Screen - Upload Supporting Doc- Preview/RefNo Acquiring)): Text of object 'Object Repository/Final Object Repo/New Registration - Registration Module Pages/Third Screen - Upload Supporting Doc- Preview/RefNo Acquiring' is: 'CRN12201800123329'

2018-12-14 02:17:14 - [MESSAGE][PASSED] - Text of object 'Object Repository/Final Object Repo/New Registration - Registration Module Pages/Third Screen - Upload Supporting Doc- Preview/RefNo Acquiring' is: 'CRN12201800123329'

2018-12-14 02:17:14 - [TEST_STEP][PASSED] - delay: Delayed 2 second(s)

2018-12-14 02:17:16 - [MESSAGE][PASSED] - Delayed 2 second(s)

2018-12-14 02:17:16 - [TEST_STEP][PASSED] - callTestCase: Call Test Case 'Test Cases/Final Aug 2018 - PKS Automation/Common/Reference Number Setter' successfully

2018-12-14 02:17:16 - [TEST_CASE][PASSED] - Test Cases/Final Aug 2018 - PKS Automation/Common/Reference Number Setter: Test Cases/Final Aug 2018 - PKS Automation/Common/Reference Number Setter

2018-12-14 02:17:16 - [TEST_STEP][PASSED] - Statement - RefNoOldFile = new java.io.File(C://Users//Admin//Desktop//PKS//Automation Reference Point//KatalonReference.txt): null

2018-12-14 02:17:16 - [TEST_STEP][PASSED] - Statement - RefNoOldFile.delete(): null

2018-12-14 02:17:16 - [TEST_STEP][PASSED] - delay: Delayed 5 second(s)

2018-12-14 02:17:21 - [MESSAGE][PASSED] - Delayed 5 second(s)

2018-12-14 02:17:21 - [TEST_STEP][PASSED] - Statement - RefNo = new java.io.File(C://Users//Admin//Desktop//PKS//Automation Reference Point//KatalonReference.txt): null

2018-12-14 02:17:21 - [TEST_STEP][PASSED] - Statement - f2 = new java.io.FileWriter(RefNo, false): null

2018-12-14 02:17:21 - [TEST_STEP][PASSED] - Statement - f2.write(CaseReferenceNo): null

2018-12-14 02:17:21 - [TEST_STEP][PASSED] - Statement - f2.close(): null

2018-12-14 02:17:21 - [TEST_STEP][PASSED] - Statement - out.println("


" + CaseReferenceNo + "


"): null

2018-12-14 02:17:21 - [MESSAGE][PASSED] - Call Test Case 'Test Cases/Final Aug 2018 - PKS Automation/Common/Reference Number Setter' successfully

2018-12-14 02:17:21 - [TEST_STEP][PASSED] - waitForElementClickable: Object 'Object Repository/Final Object Repo/New Registration - Registration Module Pages/Third Screen - Upload Supporting Doc- Preview/Save n Continue in SIP Employee Listing Page' is clickable

2018-12-14 02:17:21 - [MESSAGE][PASSED] - Object 'Object Repository/Final Object Repo/New Registration - Registration Module Pages/Third Screen - Upload Supporting Doc- Preview/Save n Continue in SIP Employee Listing Page' is clickable

2018-12-14 02:17:21 - [TEST_STEP][PASSED] - click: Object: 'Object Repository/Final Object Repo/New Registration - Registration Module Pages/Third Screen - Upload Supporting Doc- Preview/Save n Continue in SIP Employee Listing Page' is clicked on

2018-12-14 02:17:27 - [MESSAGE][PASSED] - Object: 'Object Repository/Final Object Repo/New Registration - Registration Module Pages/Third Screen - Upload Supporting Doc- Preview/Save n Continue in SIP Employee Listing Page' is clicked on

2018-12-14 02:17:27 - [TEST_STEP][PASSED] - delay: Delayed 7 second(s)

2018-12-14 02:17:34 - [MESSAGE][PASSED] - Delayed 7 second(s)

2018-12-14 02:17:34 - [TEST_STEP][PASSED] - click: Object: 'Object Repository/Final Object Repo/New Registration - Registration Module Pages/Third Screen - Upload Supporting Doc- Preview/Add Document Button' is clicked on

2018-12-14 02:17:34 - [MESSAGE][PASSED] - Object: 'Object Repository/Final Object Repo/New Registration - Registration Module Pages/Third Screen - Upload Supporting Doc- Preview/Add Document Button' is clicked on

2018-12-14 02:17:34 - [TEST_STEP][PASSED] - delay: Delayed 30 second(s)

2018-12-14 02:18:04 - [MESSAGE][PASSED] - Delayed 30 second(s)

2018-12-14 02:18:04 - [TEST_STEP][PASSED] - click: Object: 'Object Repository/Final Object Repo/New Registration - Registration Module Pages/Third Screen - Upload Supporting Doc- Preview/Supporting Doc Please Select Drop Down' is clicked on

2018-12-14 02:18:04 - [MESSAGE][PASSED] - Object: 'Object Repository/Final Object Repo/New Registration - Registration Module Pages/Third Screen - Upload Supporting Doc- Preview/Supporting Doc Please Select Drop Down' is clicked on

2018-12-14 02:18:04 - [TEST_STEP][PASSED] - delay: Delayed 2 second(s)

2018-12-14 02:18:06 - [MESSAGE][PASSED] - Delayed 2 second(s)

2018-12-14 02:18:06 - [TEST_STEP][PASSED] - click: Object: 'Object Repository/Final Object Repo/New Registration - Registration Module Pages/Third Screen - Upload Supporting Doc- Preview/Select to Upload Form 1' is clicked on

2018-12-14 02:18:07 - [MESSAGE][PASSED] - Object: 'Object Repository/Final Object Repo/New Registration - Registration Module Pages/Third Screen - Upload Supporting Doc- Preview/Select to Upload Form 1' is clicked on

2018-12-14 02:18:07 - [TEST_STEP][PASSED] - delay: Delayed 2 second(s)

2018-12-14 02:18:09 - [MESSAGE][PASSED] - Delayed 2 second(s)

2018-12-14 02:18:09 - [TEST_STEP][PASSED] - uploadFile: File 'C:\Users\Public\Pictures\Sample Pictures\Koala.jpg' sent to object: 'Object Repository/Final Object Repo/New Registration - Registration Module Pages/Third Screen - Upload Supporting Doc- Preview/Upload File Adding'

2018-12-14 02:18:09 - [MESSAGE][PASSED] - File 'C:\Users\Public\Pictures\Sample Pictures\Koala.jpg' sent to object: 'Object Repository/Final Object Repo/New Registration - Registration Module Pages/Third Screen - Upload Supporting Doc- Preview/Upload File Adding'

2018-12-14 02:18:09 - [TEST_STEP][PASSED] - delay: Delayed 5 second(s)

2018-12-14 02:18:14 - [MESSAGE][PASSED] - Delayed 5 second(s)

2018-12-14 02:18:14 - [TEST_STEP][PASSED] - click: Object: 'Object Repository/Final Object Repo/New Registration - Registration Module Pages/Third Screen - Upload Supporting Doc- Preview/Inner Form Add Document Button' is clicked on

2018-12-14 02:18:14 - [MESSAGE][PASSED] - Object: 'Object Repository/Final Object Repo/New Registration - Registration Module Pages/Third Screen - Upload Supporting Doc- Preview/Inner Form Add Document Button' is clicked on

2018-12-14 02:18:14 - [TEST_STEP][PASSED] - delay: Delayed 3 second(s)

2018-12-14 02:18:17 - [MESSAGE][PASSED] - Delayed 3 second(s)

2018-12-14 02:18:17 - [TEST_STEP][PASSED] - click: Object: 'Object Repository/Final Object Repo/New Registration - Registration Module Pages/Third Screen - Upload Supporting Doc- Preview/Add Document Button' is clicked on

2018-12-14 02:18:18 - [MESSAGE][PASSED] - Object: 'Object Repository/Final Object Repo/New Registration - Registration Module Pages/Third Screen - Upload Supporting Doc- Preview/Add Document Button' is clicked on

2018-12-14 02:18:18 - [TEST_STEP][PASSED] - delay: Delayed 30 second(s)

2018-12-14 02:18:48 - [MESSAGE][PASSED] - Delayed 30 second(s)

2018-12-14 02:18:48 - [TEST_STEP][PASSED] - click: Object: 'Object Repository/Final Object Repo/New Registration - Registration Module Pages/Third Screen - Upload Supporting Doc- Preview/Supporting Doc Please Select Drop Down' is clicked on

2018-12-14 02:18:48 - [MESSAGE][PASSED] - Object: 'Object Repository/Final Object Repo/New Registration - Registration Module Pages/Third Screen - Upload Supporting Doc- Preview/Supporting Doc Please Select Drop Down' is clicked on

2018-12-14 02:18:48 - [TEST_STEP][PASSED] - delay: Delayed 4 second(s)

2018-12-14 02:18:52 - [MESSAGE][PASSED] - Delayed 4 second(s)

2018-12-14 02:18:52 - [TEST_STEP][PASSED] - click: Object: 'Object Repository/Final Object Repo/New Registration - Registration Module Pages/Third Screen - Upload Supporting Doc- Preview/Select to Upload Form 2' is clicked on

2018-12-14 02:18:52 - [MESSAGE][PASSED] - Object: 'Object Repository/Final Object Repo/New Registration - Registration Module Pages/Third Screen - Upload Supporting Doc- Preview/Select to Upload Form 2' is clicked on

2018-12-14 02:18:52 - [TEST_STEP][PASSED] - delay: Delayed 2 second(s)

2018-12-14 02:18:54 - [MESSAGE][PASSED] - Delayed 2 second(s)

2018-12-14 02:18:54 - [TEST_STEP][PASSED] - uploadFile: File 'C:\Users\Public\Pictures\Sample Pictures\Koala.jpg' sent to object: 'Object Repository/Final Object Repo/New Registration - Registration Module Pages/Third Screen - Upload Supporting Doc- Preview/Upload File Adding'

2018-12-14 02:18:54 - [MESSAGE][PASSED] - File 'C:\Users\Public\Pictures\Sample Pictures\Koala.jpg' sent to object: 'Object Repository/Final Object Repo/New Registration - Registration Module Pages/Third Screen - Upload Supporting Doc- Preview/Upload File Adding'

2018-12-14 02:18:54 - [TEST_STEP][PASSED] - click: Object: 'Object Repository/Final Object Repo/New Registration - Registration Module Pages/Third Screen - Upload Supporting Doc- Preview/Inner Form Add Document Button' is clicked on

2018-12-14 02:18:55 - [MESSAGE][PASSED] - Object: 'Object Repository/Final Object Repo/New Registration - Registration Module Pages/Third Screen - Upload Supporting Doc- Preview/Inner Form Add Document Button' is clicked on

2018-12-14 02:18:55 - [TEST_STEP][PASSED] - delay: Delayed 5 second(s)

2018-12-14 02:19:00 - [MESSAGE][PASSED] - Delayed 5 second(s)

2018-12-14 02:19:00 - [TEST_STEP][PASSED] - click: Object: 'Object Repository/Final Object Repo/New Registration - Registration Module Pages/Third Screen - Upload Supporting Doc- Preview/Add Document Button' is clicked on

2018-12-14 02:19:00 - [MESSAGE][PASSED] - Object: 'Object Repository/Final Object Repo/New Registration - Registration Module Pages/Third Screen - Upload Supporting Doc- Preview/Add Document Button' is clicked on

2018-12-14 02:19:00 - [TEST_STEP][PASSED] - delay: Delayed 30 second(s)

2018-12-14 02:19:30 - [MESSAGE][PASSED] - Delayed 30 second(s)

2018-12-14 02:19:30 - [TEST_STEP][PASSED] - click: Object: 'Object Repository/Final Object Repo/New Registration - Registration Module Pages/Third Screen - Upload Supporting Doc- Preview/Supporting Doc Please Select Drop Down' is clicked on

2018-12-14 02:19:30 - [MESSAGE][PASSED] - Object: 'Object Repository/Final Object Repo/New Registration - Registration Module Pages/Third Screen - Upload Supporting Doc- Preview/Supporting Doc Please Select Drop Down' is clicked on

2018-12-14 02:19:30 - [TEST_STEP][PASSED] - click: Object: 'Object Repository/Final Object Repo/New Registration - Registration Module Pages/Third Screen - Upload Supporting Doc- Preview/Select to Upload Borang SIP 1' is clicked on

2018-12-14 02:19:30 - [MESSAGE][PASSED] - Object: 'Object Repository/Final Object Repo/New Registration - Registration Module Pages/Third Screen - Upload Supporting Doc- Preview/Select to Upload Borang SIP 1' is clicked on

2018-12-14 02:19:30 - [TEST_STEP][PASSED] - delay: Delayed 2 second(s)

2018-12-14 02:19:32 - [MESSAGE][PASSED] - Delayed 2 second(s)

2018-12-14 02:19:32 - [TEST_STEP][PASSED] - uploadFile: File 'C:\Users\Public\Pictures\Sample Pictures\Koala.jpg' sent to object: 'Object Repository/Final Object Repo/New Registration - Registration Module Pages/Third Screen - Upload Supporting Doc- Preview/Upload File Adding'

2018-12-14 02:19:32 - [MESSAGE][PASSED] - File 'C:\Users\Public\Pictures\Sample Pictures\Koala.jpg' sent to object: 'Object Repository/Final Object Repo/New Registration - Registration Module Pages/Third Screen - Upload Supporting Doc- Preview/Upload File Adding'

2018-12-14 02:19:32 - [TEST_STEP][PASSED] - click: Object: 'Object Repository/Final Object Repo/New Registration - Registration Module Pages/Third Screen - Upload Supporting Doc- Preview/Inner Form Add Document Button' is clicked on

2018-12-14 02:19:32 - [MESSAGE][PASSED] - Object: 'Object Repository/Final Object Repo/New Registration - Registration Module Pages/Third Screen - Upload Supporting Doc- Preview/Inner Form Add Document Button' is clicked on

2018-12-14 02:19:32 - [TEST_STEP][PASSED] - delay: Delayed 5 second(s)

2018-12-14 02:19:37 - [MESSAGE][PASSED] - Delayed 5 second(s)

2018-12-14 02:19:37 - [TEST_STEP][PASSED] - click: Object: 'Object Repository/Final Object Repo/New Registration - Registration Module Pages/Third Screen - Upload Supporting Doc- Preview/Add Document Button' is clicked on

2018-12-14 02:19:38 - [MESSAGE][PASSED] - Object: 'Object Repository/Final Object Repo/New Registration - Registration Module Pages/Third Screen - Upload Supporting Doc- Preview/Add Document Button' is clicked on

2018-12-14 02:19:38 - [TEST_STEP][PASSED] - delay: Delayed 30 second(s)

2018-12-14 02:20:08 - [MESSAGE][PASSED] - Delayed 30 second(s)

2018-12-14 02:20:08 - [TEST_STEP][PASSED] - click: Object: 'Object Repository/Final Object Repo/New Registration - Registration Module Pages/Third Screen - Upload Supporting Doc- Preview/Supporting Doc Please Select Drop Down' is clicked on

2018-12-14 02:20:08 - [MESSAGE][PASSED] - Object: 'Object Repository/Final Object Repo/New Registration - Registration Module Pages/Third Screen - Upload Supporting Doc- Preview/Supporting Doc Please Select Drop Down' is clicked on

2018-12-14 02:20:08 - [TEST_STEP][PASSED] - delay: Delayed 3 second(s)

2018-12-14 02:20:11 - [MESSAGE][PASSED] - Delayed 3 second(s)

2018-12-14 02:20:11 - [TEST_STEP][PASSED] - click: Object: 'Object Repository/Final Object Repo/New Registration - Registration Module Pages/Third Screen - Upload Supporting Doc- Preview/Select to Upload Borang SIP 2' is clicked on

2018-12-14 02:20:11 - [MESSAGE][PASSED] - Object: 'Object Repository/Final Object Repo/New Registration - Registration Module Pages/Third Screen - Upload Supporting Doc- Preview/Select to Upload Borang SIP 2' is clicked on

2018-12-14 02:20:11 - [TEST_STEP][PASSED] - delay: Delayed 2 second(s)

2018-12-14 02:20:13 - [MESSAGE][PASSED] - Delayed 2 second(s)

2018-12-14 02:20:13 - [TEST_STEP][PASSED] - uploadFile: File 'C:\Users\Public\Pictures\Sample Pictures\Koala.jpg' sent to object: 'Object Repository/Final Object Repo/New Registration - Registration Module Pages/Third Screen - Upload Supporting Doc- Preview/Upload File Adding'

2018-12-14 02:20:13 - [MESSAGE][PASSED] - File 'C:\Users\Public\Pictures\Sample Pictures\Koala.jpg' sent to object: 'Object Repository/Final Object Repo/New Registration - Registration Module Pages/Third Screen - Upload Supporting Doc- Preview/Upload File Adding'

2018-12-14 02:20:13 - [TEST_STEP][PASSED] - delay: Delayed 5 second(s)

2018-12-14 02:20:18 - [MESSAGE][PASSED] - Delayed 5 second(s)

2018-12-14 02:20:18 - [TEST_STEP][PASSED] - click: Object: 'Object Repository/Final Object Repo/New Registration - Registration Module Pages/Third Screen - Upload Supporting Doc- Preview/Inner Form Add Document Button' is clicked on

2018-12-14 02:20:18 - [MESSAGE][PASSED] - Object: 'Object Repository/Final Object Repo/New Registration - Registration Module Pages/Third Screen - Upload Supporting Doc- Preview/Inner Form Add Document Button' is clicked on

2018-12-14 02:20:18 - [TEST_STEP][PASSED] - delay: Delayed 3 second(s)

2018-12-14 02:20:21 - [MESSAGE][PASSED] - Delayed 3 second(s)

2018-12-14 02:20:21 - [TEST_STEP][PASSED] - waitForElementClickable: Object 'Object Repository/Final Object Repo/New Registration - Registration Module Pages/Third Screen - Upload Supporting Doc- Preview/Save n Continue in Uploading Supporting Doc Page' is clickable

2018-12-14 02:20:22 - [MESSAGE][PASSED] - Object 'Object Repository/Final Object Repo/New Registration - Registration Module Pages/Third Screen - Upload Supporting Doc- Preview/Save n Continue in Uploading Supporting Doc Page' is clickable

2018-12-14 02:20:22 - [TEST_STEP][PASSED] - click: Object: 'Object Repository/Final Object Repo/New Registration - Registration Module Pages/Third Screen - Upload Supporting Doc- Preview/Save n Continue in Uploading Supporting Doc Page' is clicked on

2018-12-14 02:20:22 - [MESSAGE][PASSED] - Object: 'Object Repository/Final Object Repo/New Registration - Registration Module Pages/Third Screen - Upload Supporting Doc- Preview/Save n Continue in Uploading Supporting Doc Page' is clicked on

2018-12-14 02:20:22 - [MESSAGE][PASSED] - Call Test Case 'Test Cases/Final Aug 2018 - PKS Automation/Registration Module/New Registration/Flow of New Registration/Third Screen - Upload Supporting Doc - Preview' successfully

2018-12-14 02:20:22 - [TEST_STEP][PASSED] - callTestCase: Call Test Case 'Test Cases/Final Aug 2018 - PKS Automation/Registration Module/New Registration/Submit and Screenshot/Submit Registration and Screenshot - Copy' successfully

2018-12-14 02:20:22 - [TEST_CASE][PASSED] - Test Cases/Final Aug 2018 - PKS Automation/Registration Module/New Registration/Submit and Screenshot/Submit Registration and Screenshot - Copy: Test Cases/Final Aug 2018 - PKS Automation/Registration Module/New Registration/Submit and Screenshot/Submit Registration and Screenshot - Copy

2018-12-14 02:20:22 - [TEST_STEP][PASSED] - delay: Delayed 6 second(s)

2018-12-14 02:20:28 - [MESSAGE][PASSED] - Delayed 6 second(s)

2018-12-14 02:20:28 - [TEST_STEP][PASSED] - click: Object: 'Object Repository/Final Object Repo/New Registration - Registration Module Pages/Third Screen - Upload Supporting Doc- Preview/Preview Submit Button' is clicked on

2018-12-14 02:20:29 - [MESSAGE][PASSED] - Object: 'Object Repository/Final Object Repo/New Registration - Registration Module Pages/Third Screen - Upload Supporting Doc- Preview/Preview Submit Button' is clicked on

2018-12-14 02:20:29 - [TEST_STEP][PASSED] - delay: Delayed 2 second(s)

2018-12-14 02:20:31 - [MESSAGE][PASSED] - Delayed 2 second(s)

2018-12-14 02:20:31 - [TEST_STEP][PASSED] - click: Object: 'Object Repository/Final Object Repo/New Registration - Registration Module Pages/Third Screen - Upload Supporting Doc- Preview/Preview Submit - Confirm' is clicked on

2018-12-14 02:20:31 - [MESSAGE][PASSED] - Object: 'Object Repository/Final Object Repo/New Registration - Registration Module Pages/Third Screen - Upload Supporting Doc- Preview/Preview Submit - Confirm' is clicked on

2018-12-14 02:20:31 - [TEST_STEP][PASSED] - delay: Delayed 15 second(s)

2018-12-14 02:20:46 - [MESSAGE][PASSED] - Delayed 15 second(s)

2018-12-14 02:20:46 - [TEST_STEP][PASSED] - Statement - driver = com.kms.katalon.core.webui.driver.DriverFactory.getWebDriver(): null

2018-12-14 02:20:46 - [TEST_STEP][PASSED] - Statement - driver.manage().timeouts().implicitlyWait(10, SECONDS): null

2018-12-14 02:20:46 - [TEST_STEP][PASSED] - Statement - PresavePath = KatalonScreenshots: null

2018-12-14 02:20:46 - [TEST_STEP][PASSED] - Statement - pathPrefix = "C:\Users\Public\Pictures\Sample Pictures\Katalon Screenshots\Automate Ending Screen": null

2018-12-14 02:20:46 - [TEST_STEP][PASSED] - Statement - finalPath = <not implemented yet for class: org.codehaus.groovy.ast.expr.EmptyExpression>: null

2018-12-14 02:20:46 - [TEST_STEP][PASSED] - Statement - scrFile = driver.getScreenshotAs(FILE): null

2018-12-14 02:20:46 - [TEST_STEP][PASSED] - Statement - PreSaveFile = new java.io.File(PresavePath): null

2018-12-14 02:20:46 - [TEST_STEP][PASSED] - Statement - counter = 0: null

2018-12-14 02:20:46 - [TEST_STEP][PASSED] - Statement - If (PreSaveFile.exists()): null

2018-12-14 02:20:46 - [TEST_STEP][PASSED] - Statement - While (PreSaveFile.exists()): null

2018-12-14 02:20:46 - [TEST_STEP][PASSED] - Statement - counter = counter + 1: null

2018-12-14 02:20:46 - [TEST_STEP][PASSED] - Statement - PreSaveFile = new java.io.File(((pathPrefix + java.lang.Integer.toString(counter)) + .png)): null

2018-12-14 02:20:46 - [TEST_STEP][PASSED] - Statement - counter = counter + 1: null

2018-12-14 02:20:46 - [TEST_STEP][PASSED] - Statement - PreSaveFile = new java.io.File(((pathPrefix + java.lang.Integer.toString(counter)) + .png)): null

2018-12-14 02:20:46 - [TEST_STEP][PASSED] - Statement - counter = counter + 1: null

2018-12-14 02:20:46 - [TEST_STEP][PASSED] - Statement - PreSaveFile = new java.io.File(((pathPrefix + java.lang.Integer.toString(counter)) + .png)): null

2018-12-14 02:20:46 - [TEST_STEP][PASSED] - Statement - counter = counter + 1: null

2018-12-14 02:20:46 - [TEST_STEP][PASSED] - Statement - PreSaveFile = new java.io.File(((pathPrefix + java.lang.Integer.toString(counter)) + .png)): null

2018-12-14 02:20:46 - [TEST_STEP][PASSED] - Statement - counter = counter + 1: null

2018-12-14 02:20:46 - [TEST_STEP][PASSED] - Statement - PreSaveFile = new java.io.File(((pathPrefix + java.lang.Integer.toString(counter)) + .png)): null

2018-12-14 02:20:46 - [TEST_STEP][PASSED] - Statement - counter = counter + 1: null

2018-12-14 02:20:46 - [TEST_STEP][PASSED] - Statement - PreSaveFile = new java.io.File(((pathPrefix + java.lang.Integer.toString(counter)) + .png)): null

2018-12-14 02:20:46 - [TEST_STEP][PASSED] - Statement - counter = counter + 1: null

2018-12-14 02:20:46 - [TEST_STEP][PASSED] - Statement - PreSaveFile = new java.io.File(((pathPrefix + java.lang.Integer.toString(counter)) + .png)): null

2018-12-14 02:20:46 - [TEST_STEP][PASSED] - Statement - counter = counter + 1: null

2018-12-14 02:20:46 - [TEST_STEP][PASSED] - Statement - PreSaveFile = new java.io.File(((pathPrefix + java.lang.Integer.toString(counter)) + .png)): null

2018-12-14 02:20:46 - [TEST_STEP][PASSED] - Statement - counter = counter + 1: null

2018-12-14 02:20:46 - [TEST_STEP][PASSED] - Statement - PreSaveFile = new java.io.File(((pathPrefix + java.lang.Integer.toString(counter)) + .png)): null

2018-12-14 02:20:46 - [TEST_STEP][PASSED] - Statement - counter = counter + 1: null

2018-12-14 02:20:46 - [TEST_STEP][PASSED] - Statement - PreSaveFile = new java.io.File(((pathPrefix + java.lang.Integer.toString(counter)) + .png)): null

2018-12-14 02:20:46 - [TEST_STEP][PASSED] - Statement - counter = counter + 1: null

2018-12-14 02:20:46 - [TEST_STEP][PASSED] - Statement - PreSaveFile = new java.io.File(((pathPrefix + java.lang.Integer.toString(counter)) + .png)): null

2018-12-14 02:20:46 - [TEST_STEP][PASSED] - Statement - counter = counter + 1: null

2018-12-14 02:20:46 - [TEST_STEP][PASSED] - Statement - PreSaveFile = new java.io.File(((pathPrefix + java.lang.Integer.toString(counter)) + .png)): null

2018-12-14 02:20:46 - [TEST_STEP][PASSED] - Statement - counter = counter + 1: null

2018-12-14 02:20:46 - [TEST_STEP][PASSED] - Statement - PreSaveFile = new java.io.File(((pathPrefix + java.lang.Integer.toString(counter)) + .png)): null

2018-12-14 02:20:46 - [TEST_STEP][PASSED] - Statement - counter = counter + 1: null

2018-12-14 02:20:46 - [TEST_STEP][PASSED] - Statement - PreSaveFile = new java.io.File(((pathPrefix + java.lang.Integer.toString(counter)) + .png)): null

2018-12-14 02:20:46 - [TEST_STEP][PASSED] - Statement - counter = counter + 1: null

2018-12-14 02:20:46 - [TEST_STEP][PASSED] - Statement - PreSaveFile = new java.io.File(((pathPrefix + java.lang.Integer.toString(counter)) + .png)): null

2018-12-14 02:20:46 - [TEST_STEP][PASSED] - Statement - counter = counter + 1: null

2018-12-14 02:20:46 - [TEST_STEP][PASSED] - Statement - PreSaveFile = new java.io.File(((pathPrefix + java.lang.Integer.toString(counter)) + .png)): null

2018-12-14 02:20:46 - [TEST_STEP][PASSED] - Statement - counter = counter + 1: null

2018-12-14 02:20:46 - [TEST_STEP][PASSED] - Statement - PreSaveFile = new java.io.File(((pathPrefix + java.lang.Integer.toString(counter)) + .png)): null

2018-12-14 02:20:46 - [TEST_STEP][PASSED] - Statement - counter = counter + 1: null

2018-12-14 02:20:46 - [TEST_STEP][PASSED] - Statement - PreSaveFile = new java.io.File(((pathPrefix + java.lang.Integer.toString(counter)) + .png)): null

2018-12-14 02:20:46 - [TEST_STEP][PASSED] - Statement - counter = counter + 1: null

2018-12-14 02:20:46 - [TEST_STEP][PASSED] - Statement - PreSaveFile = new java.io.File(((pathPrefix + java.lang.Integer.toString(counter)) + .png)): null

2018-12-14 02:20:46 - [TEST_STEP][PASSED] - Statement - counter = counter + 1: null

2018-12-14 02:20:46 - [TEST_STEP][PASSED] - Statement - PreSaveFile = new java.io.File(((pathPrefix + java.lang.Integer.toString(counter)) + .png)): null

2018-12-14 02:20:46 - [TEST_STEP][PASSED] - Statement - counter = counter + 1: null

2018-12-14 02:20:46 - [TEST_STEP][PASSED] - Statement - PreSaveFile = new java.io.File(((pathPrefix + java.lang.Integer.toString(counter)) + .png)): null

2018-12-14 02:20:46 - [TEST_STEP][PASSED] - Statement - counter = counter + 1: null

2018-12-14 02:20:46 - [TEST_STEP][PASSED] - Statement - PreSaveFile = new java.io.File(((pathPrefix + java.lang.Integer.toString(counter)) + .png)): null

2018-12-14 02:20:46 - [TEST_STEP][PASSED] - Statement - counter = counter + 1: null

2018-12-14 02:20:46 - [TEST_STEP][PASSED] - Statement - PreSaveFile = new java.io.File(((pathPrefix + java.lang.Integer.toString(counter)) + .png)): null

2018-12-14 02:20:46 - [TEST_STEP][PASSED] - Statement - counter = counter + 1: null

2018-12-14 02:20:46 - [TEST_STEP][PASSED] - Statement - PreSaveFile = new java.io.File(((pathPrefix + java.lang.Integer.toString(counter)) + .png)): null

2018-12-14 02:20:46 - [TEST_STEP][PASSED] - Statement - counter = counter + 1: null

2018-12-14 02:20:46 - [TEST_STEP][PASSED] - Statement - PreSaveFile = new java.io.File(((pathPrefix + java.lang.Integer.toString(counter)) + .png)): null

2018-12-14 02:20:46 - [TEST_STEP][PASSED] - Statement - counter = counter + 1: null

2018-12-14 02:20:46 - [TEST_STEP][PASSED] - Statement - PreSaveFile = new java.io.File(((pathPrefix + java.lang.Integer.toString(counter)) + .png)): null

2018-12-14 02:20:46 - [TEST_STEP][PASSED] - Statement - counter = counter + 1: null

2018-12-14 02:20:46 - [TEST_STEP][PASSED] - Statement - PreSaveFile = new java.io.File(((pathPrefix + java.lang.Integer.toString(counter)) + .png)): null

2018-12-14 02:20:46 - [TEST_STEP][PASSED] - Statement - counter = counter + 1: null

2018-12-14 02:20:46 - [TEST_STEP][PASSED] - Statement - PreSaveFile = new java.io.File(((pathPrefix + java.lang.Integer.toString(counter)) + .png)): null

2018-12-14 02:20:46 - [TEST_STEP][PASSED] - Statement - counter = counter + 1: null

2018-12-14 02:20:46 - [TEST_STEP][PASSED] - Statement - PreSaveFile = new java.io.File(((pathPrefix + java.lang.Integer.toString(counter)) + .png)): null

2018-12-14 02:20:46 - [TEST_STEP][PASSED] - Statement - counter = counter + 1: null

2018-12-14 02:20:46 - [TEST_STEP][PASSED] - Statement - PreSaveFile = new java.io.File(((pathPrefix + java.lang.Integer.toString(counter)) + .png)): null

2018-12-14 02:20:46 - [TEST_STEP][PASSED] - Statement - counter = counter + 1: null

2018-12-14 02:20:46 - [TEST_STEP][PASSED] - Statement - PreSaveFile = new java.io.File(((pathPrefix + java.lang.Integer.toString(counter)) + .png)): null

2018-12-14 02:20:46 - [TEST_STEP][PASSED] - Statement - counter = counter + 1: null

2018-12-14 02:20:46 - [TEST_STEP][PASSED] - Statement - PreSaveFile = new java.io.File(((pathPrefix + java.lang.Integer.toString(counter)) + .png)): null

2018-12-14 02:20:46 - [TEST_STEP][PASSED] - Statement - counter = counter + 1: null

2018-12-14 02:20:46 - [TEST_STEP][PASSED] - Statement - PreSaveFile = new java.io.File(((pathPrefix + java.lang.Integer.toString(counter)) + .png)): null

2018-12-14 02:20:46 - [TEST_STEP][PASSED] - Statement - counter = counter + 1: null

2018-12-14 02:20:46 - [TEST_STEP][PASSED] - Statement - PreSaveFile = new java.io.File(((pathPrefix + java.lang.Integer.toString(counter)) + .png)): null

2018-12-14 02:20:46 - [TEST_STEP][PASSED] - Statement - counter = counter + 1: null

2018-12-14 02:20:46 - [TEST_STEP][PASSED] - Statement - PreSaveFile = new java.io.File(((pathPrefix + java.lang.Integer.toString(counter)) + .png)): null

2018-12-14 02:20:46 - [TEST_STEP][PASSED] - Statement - counter = counter + 1: null

2018-12-14 02:20:46 - [TEST_STEP][PASSED] - Statement - PreSaveFile = new java.io.File(((pathPrefix + java.lang.Integer.toString(counter)) + .png)): null

2018-12-14 02:20:46 - [TEST_STEP][PASSED] - Statement - counter = counter + 1: null

2018-12-14 02:20:46 - [TEST_STEP][PASSED] - Statement - PreSaveFile = new java.io.File(((pathPrefix + java.lang.Integer.toString(counter)) + .png)): null

2018-12-14 02:20:46 - [TEST_STEP][PASSED] - Statement - counter = counter + 1: null

2018-12-14 02:20:46 - [TEST_STEP][PASSED] - Statement - PreSaveFile = new java.io.File(((pathPrefix + java.lang.Integer.toString(counter)) + .png)): null

2018-12-14 02:20:46 - [TEST_STEP][PASSED] - Statement - counter = counter + 1: null

2018-12-14 02:20:46 - [TEST_STEP][PASSED] - Statement - PreSaveFile = new java.io.File(((pathPrefix + java.lang.Integer.toString(counter)) + .png)): null

2018-12-14 02:20:46 - [TEST_STEP][PASSED] - Statement - counter = counter + 1: null

2018-12-14 02:20:46 - [TEST_STEP][PASSED] - Statement - PreSaveFile = new java.io.File(((pathPrefix + java.lang.Integer.toString(counter)) + .png)): null

2018-12-14 02:20:46 - [TEST_STEP][PASSED] - Statement - counter = counter + 1: null

2018-12-14 02:20:46 - [TEST_STEP][PASSED] - Statement - PreSaveFile = new java.io.File(((pathPrefix + java.lang.Integer.toString(counter)) + .png)): null

2018-12-14 02:20:46 - [TEST_STEP][PASSED] - Statement - counter = counter + 1: null

2018-12-14 02:20:46 - [TEST_STEP][PASSED] - Statement - PreSaveFile = new java.io.File(((pathPrefix + java.lang.Integer.toString(counter)) + .png)): null

2018-12-14 02:20:46 - [TEST_STEP][PASSED] - Statement - counter = counter + 1: null

2018-12-14 02:20:46 - [TEST_STEP][PASSED] - Statement - PreSaveFile = new java.io.File(((pathPrefix + java.lang.Integer.toString(counter)) + .png)): null

2018-12-14 02:20:46 - [TEST_STEP][PASSED] - Statement - counter = counter + 1: null

2018-12-14 02:20:46 - [TEST_STEP][PASSED] - Statement - PreSaveFile = new java.io.File(((pathPrefix + java.lang.Integer.toString(counter)) + .png)): null

2018-12-14 02:20:46 - [TEST_STEP][PASSED] - Statement - counter = counter + 1: null

2018-12-14 02:20:46 - [TEST_STEP][PASSED] - Statement - PreSaveFile = new java.io.File(((pathPrefix + java.lang.Integer.toString(counter)) + .png)): null

2018-12-14 02:20:46 - [TEST_STEP][PASSED] - Statement - counter = counter + 1: null

2018-12-14 02:20:46 - [TEST_STEP][PASSED] - Statement - PreSaveFile = new java.io.File(((pathPrefix + java.lang.Integer.toString(counter)) + .png)): null

2018-12-14 02:20:46 - [TEST_STEP][PASSED] - Statement - counter = counter + 1: null

2018-12-14 02:20:46 - [TEST_STEP][PASSED] - Statement - PreSaveFile = new java.io.File(((pathPrefix + java.lang.Integer.toString(counter)) + .png)): null

2018-12-14 02:20:46 - [TEST_STEP][PASSED] - Statement - counter = counter + 1: null

2018-12-14 02:20:46 - [TEST_STEP][PASSED] - Statement - PreSaveFile = new java.io.File(((pathPrefix + java.lang.Integer.toString(counter)) + .png)): null

2018-12-14 02:20:46 - [TEST_STEP][PASSED] - Statement - counter = counter + 1: null

2018-12-14 02:20:46 - [TEST_STEP][PASSED] - Statement - PreSaveFile = new java.io.File(((pathPrefix + java.lang.Integer.toString(counter)) + .png)): null

2018-12-14 02:20:46 - [TEST_STEP][PASSED] - Statement - counter = counter + 1: null

2018-12-14 02:20:46 - [TEST_STEP][PASSED] - Statement - PreSaveFile = new java.io.File(((pathPrefix + java.lang.Integer.toString(counter)) + .png)): null

2018-12-14 02:20:46 - [TEST_STEP][PASSED] - Statement - counter = counter + 1: null

2018-12-14 02:20:46 - [TEST_STEP][PASSED] - Statement - PreSaveFile = new java.io.File(((pathPrefix + java.lang.Integer.toString(counter)) + .png)): null

2018-12-14 02:20:46 - [TEST_STEP][PASSED] - Statement - counter = counter + 1: null

2018-12-14 02:20:46 - [TEST_STEP][PASSED] - Statement - PreSaveFile = new java.io.File(((pathPrefix + java.lang.Integer.toString(counter)) + .png)): null

2018-12-14 02:20:46 - [TEST_STEP][PASSED] - Statement - counter = counter + 1: null

2018-12-14 02:20:46 - [TEST_STEP][PASSED] - Statement - PreSaveFile = new java.io.File(((pathPrefix + java.lang.Integer.toString(counter)) + .png)): null

2018-12-14 02:20:46 - [TEST_STEP][PASSED] - Statement - counter = counter + 1: null

2018-12-14 02:20:46 - [TEST_STEP][PASSED] - Statement - PreSaveFile = new java.io.File(((pathPrefix + java.lang.Integer.toString(counter)) + .png)): null

2018-12-14 02:20:46 - [TEST_STEP][PASSED] - Statement - counter = counter + 1: null

2018-12-14 02:20:46 - [TEST_STEP][PASSED] - Statement - PreSaveFile = new java.io.File(((pathPrefix + java.lang.Integer.toString(counter)) + .png)): null

2018-12-14 02:20:46 - [TEST_STEP][PASSED] - Statement - counter = counter + 1: null

2018-12-14 02:20:46 - [TEST_STEP][PASSED] - Statement - PreSaveFile = new java.io.File(((pathPrefix + java.lang.Integer.toString(counter)) + .png)): null

2018-12-14 02:20:46 - [TEST_STEP][PASSED] - Statement - counter = counter + 1: null

2018-12-14 02:20:46 - [TEST_STEP][PASSED] - Statement - PreSaveFile = new java.io.File(((pathPrefix + java.lang.Integer.toString(counter)) + .png)): null

2018-12-14 02:20:46 - [TEST_STEP][PASSED] - Statement - counter = counter + 1: null

2018-12-14 02:20:46 - [TEST_STEP][PASSED] - Statement - PreSaveFile = new java.io.File(((pathPrefix + java.lang.Integer.toString(counter)) + .png)): null

2018-12-14 02:20:46 - [TEST_STEP][PASSED] - Statement - counter = counter + 1: null

2018-12-14 02:20:46 - [TEST_STEP][PASSED] - Statement - PreSaveFile = new java.io.File(((pathPrefix + java.lang.Integer.toString(counter)) + .png)): null

2018-12-14 02:20:46 - [TEST_STEP][PASSED] - Statement - counter = counter + 1: null

2018-12-14 02:20:46 - [TEST_STEP][PASSED] - Statement - PreSaveFile = new java.io.File(((pathPrefix + java.lang.Integer.toString(counter)) + .png)): null

2018-12-14 02:20:46 - [TEST_STEP][PASSED] - Statement - counter = counter + 1: null

2018-12-14 02:20:46 - [TEST_STEP][PASSED] - Statement - PreSaveFile = new java.io.File(((pathPrefix + java.lang.Integer.toString(counter)) + .png)): null

2018-12-14 02:20:46 - [TEST_STEP][PASSED] - Statement - counter = counter + 1: null

2018-12-14 02:20:46 - [TEST_STEP][PASSED] - Statement - PreSaveFile = new java.io.File(((pathPrefix + java.lang.Integer.toString(counter)) + .png)): null

2018-12-14 02:20:46 - [TEST_STEP][PASSED] - Statement - counter = counter + 1: null

2018-12-14 02:20:46 - [TEST_STEP][PASSED] - Statement - PreSaveFile = new java.io.File(((pathPrefix + java.lang.Integer.toString(counter)) + .png)): null

2018-12-14 02:20:46 - [TEST_STEP][PASSED] - Statement - counter = counter + 1: null

2018-12-14 02:20:46 - [TEST_STEP][PASSED] - Statement - PreSaveFile = new java.io.File(((pathPrefix + java.lang.Integer.toString(counter)) + .png)): null

2018-12-14 02:20:46 - [TEST_STEP][PASSED] - Statement - counter = counter + 1: null

2018-12-14 02:20:46 - [TEST_STEP][PASSED] - Statement - PreSaveFile = new java.io.File(((pathPrefix + java.lang.Integer.toString(counter)) + .png)): null

2018-12-14 02:20:46 - [TEST_STEP][PASSED] - Statement - counter = counter + 1: null

2018-12-14 02:20:46 - [TEST_STEP][PASSED] - Statement - PreSaveFile = new java.io.File(((pathPrefix + java.lang.Integer.toString(counter)) + .png)): null

2018-12-14 02:20:46 - [TEST_STEP][PASSED] - Statement - counter = counter + 1: null

2018-12-14 02:20:46 - [TEST_STEP][PASSED] - Statement - PreSaveFile = new java.io.File(((pathPrefix + java.lang.Integer.toString(counter)) + .png)): null

2018-12-14 02:20:46 - [TEST_STEP][PASSED] - Statement - counter = counter + 1: null

2018-12-14 02:20:46 - [TEST_STEP][PASSED] - Statement - PreSaveFile = new java.io.File(((pathPrefix + java.lang.Integer.toString(counter)) + .png)): null

2018-12-14 02:20:46 - [TEST_STEP][PASSED] - Statement - counter = counter + 1: null

2018-12-14 02:20:46 - [TEST_STEP][PASSED] - Statement - PreSaveFile = new java.io.File(((pathPrefix + java.lang.Integer.toString(counter)) + .png)): null

2018-12-14 02:20:46 - [TEST_STEP][PASSED] - Statement - counter = counter + 1: null

2018-12-14 02:20:46 - [TEST_STEP][PASSED] - Statement - PreSaveFile = new java.io.File(((pathPrefix + java.lang.Integer.toString(counter)) + .png)): null

2018-12-14 02:20:46 - [TEST_STEP][PASSED] - Statement - counter = counter + 1: null

2018-12-14 02:20:46 - [TEST_STEP][PASSED] - Statement - PreSaveFile = new java.io.File(((pathPrefix + java.lang.Integer.toString(counter)) + .png)): null

2018-12-14 02:20:46 - [TEST_STEP][PASSED] - Statement - counter = counter + 1: null

2018-12-14 02:20:46 - [TEST_STEP][PASSED] - Statement - PreSaveFile = new java.io.File(((pathPrefix + java.lang.Integer.toString(counter)) + .png)): null

2018-12-14 02:20:46 - [TEST_STEP][PASSED] - Statement - counter = counter + 1: null

2018-12-14 02:20:46 - [TEST_STEP][PASSED] - Statement - PreSaveFile = new java.io.File(((pathPrefix + java.lang.Integer.toString(counter)) + .png)): null

2018-12-14 02:20:46 - [TEST_STEP][PASSED] - Statement - counter = counter + 1: null

2018-12-14 02:20:46 - [TEST_STEP][PASSED] - Statement - PreSaveFile = new java.io.File(((pathPrefix + java.lang.Integer.toString(counter)) + .png)): null

2018-12-14 02:20:46 - [TEST_STEP][PASSED] - Statement - counter = counter + 1: null

2018-12-14 02:20:46 - [TEST_STEP][PASSED] - Statement - PreSaveFile = new java.io.File(((pathPrefix + java.lang.Integer.toString(counter)) + .png)): null

2018-12-14 02:20:46 - [TEST_STEP][PASSED] - Statement - counter = counter + 1: null

2018-12-14 02:20:46 - [TEST_STEP][PASSED] - Statement - PreSaveFile = new java.io.File(((pathPrefix + java.lang.Integer.toString(counter)) + .png)): null

2018-12-14 02:20:46 - [TEST_STEP][PASSED] - Statement - counter = counter + 1: null

2018-12-14 02:20:46 - [TEST_STEP][PASSED] - Statement - PreSaveFile = new java.io.File(((pathPrefix + java.lang.Integer.toString(counter)) + .png)): null

2018-12-14 02:20:46 - [TEST_STEP][PASSED] - Statement - counter = counter + 1: null

2018-12-14 02:20:46 - [TEST_STEP][PASSED] - Statement - PreSaveFile = new java.io.File(((pathPrefix + java.lang.Integer.toString(counter)) + .png)): null

2018-12-14 02:20:46 - [TEST_STEP][PASSED] - Statement - counter = counter + 1: null

2018-12-14 02:20:46 - [TEST_STEP][PASSED] - Statement - PreSaveFile = new java.io.File(((pathPrefix + java.lang.Integer.toString(counter)) + .png)): null

2018-12-14 02:20:46 - [TEST_STEP][PASSED] - Statement - counter = counter + 1: null

2018-12-14 02:20:46 - [TEST_STEP][PASSED] - Statement - PreSaveFile = new java.io.File(((pathPrefix + java.lang.Integer.toString(counter)) + .png)): null

2018-12-14 02:20:46 - [TEST_STEP][PASSED] - Statement - counter = counter + 1: null

2018-12-14 02:20:46 - [TEST_STEP][PASSED] - Statement - PreSaveFile = new java.io.File(((pathPrefix + java.lang.Integer.toString(counter)) + .png)): null

2018-12-14 02:20:46 - [TEST_STEP][PASSED] - Statement - counter = counter + 1: null

2018-12-14 02:20:46 - [TEST_STEP][PASSED] - Statement - PreSaveFile = new java.io.File(((pathPrefix + java.lang.Integer.toString(counter)) + .png)): null

2018-12-14 02:20:46 - [TEST_STEP][PASSED] - Statement - counter = counter + 1: null

2018-12-14 02:20:46 - [TEST_STEP][PASSED] - Statement - PreSaveFile = new java.io.File(((pathPrefix + java.lang.Integer.toString(counter)) + .png)): null

2018-12-14 02:20:46 - [TEST_STEP][PASSED] - Statement - counter = counter + 1: null

2018-12-14 02:20:46 - [TEST_STEP][PASSED] - Statement - PreSaveFile = new java.io.File(((pathPrefix + java.lang.Integer.toString(counter)) + .png)): null

2018-12-14 02:20:46 - [TEST_STEP][PASSED] - Statement - counter = counter + 1: null

2018-12-14 02:20:46 - [TEST_STEP][PASSED] - Statement - PreSaveFile = new java.io.File(((pathPrefix + java.lang.Integer.toString(counter)) + .png)): null

2018-12-14 02:20:46 - [TEST_STEP][PASSED] - Statement - counter = counter + 1: null

2018-12-14 02:20:46 - [TEST_STEP][PASSED] - Statement - PreSaveFile = new java.io.File(((pathPrefix + java.lang.Integer.toString(counter)) + .png)): null

2018-12-14 02:20:46 - [TEST_STEP][PASSED] - Statement - counter = counter + 1: null

2018-12-14 02:20:46 - [TEST_STEP][PASSED] - Statement - PreSaveFile = new java.io.File(((pathPrefix + java.lang.Integer.toString(counter)) + .png)): null

2018-12-14 02:20:46 - [TEST_STEP][PASSED] - Statement - counter = counter + 1: null

2018-12-14 02:20:46 - [TEST_STEP][PASSED] - Statement - PreSaveFile = new java.io.File(((pathPrefix + java.lang.Integer.toString(counter)) + .png)): null

2018-12-14 02:20:46 - [TEST_STEP][PASSED] - Statement - counter = counter + 1: null

2018-12-14 02:20:46 - [TEST_STEP][PASSED] - Statement - PreSaveFile = new java.io.File(((pathPrefix + java.lang.Integer.toString(counter)) + .png)): null

2018-12-14 02:20:46 - [TEST_STEP][PASSED] - Statement - counter = counter + 1: null

2018-12-14 02:20:46 - [TEST_STEP][PASSED] - Statement - PreSaveFile = new java.io.File(((pathPrefix + java.lang.Integer.toString(counter)) + .png)): null

2018-12-14 02:20:46 - [TEST_STEP][PASSED] - Statement - counter = counter + 1: null

2018-12-14 02:20:46 - [TEST_STEP][PASSED] - Statement - PreSaveFile = new java.io.File(((pathPrefix + java.lang.Integer.toString(counter)) + .png)): null

2018-12-14 02:20:46 - [TEST_STEP][PASSED] - Statement - counter = counter + 1: null

2018-12-14 02:20:46 - [TEST_STEP][PASSED] - Statement - PreSaveFile = new java.io.File(((pathPrefix + java.lang.Integer.toString(counter)) + .png)): null

2018-12-14 02:20:46 - [TEST_STEP][PASSED] - Statement - counter = counter + 1: null

2018-12-14 02:20:46 - [TEST_STEP][PASSED] - Statement - PreSaveFile = new java.io.File(((pathPrefix + java.lang.Integer.toString(counter)) + .png)): null

2018-12-14 02:20:46 - [TEST_STEP][PASSED] - Statement - counter = counter + 1: null

2018-12-14 02:20:46 - [TEST_STEP][PASSED] - Statement - PreSaveFile = new java.io.File(((pathPrefix + java.lang.Integer.toString(counter)) + .png)): null

2018-12-14 02:20:46 - [TEST_STEP][PASSED] - Statement - counter = counter + 1: null

2018-12-14 02:20:47 - [TEST_STEP][PASSED] - Statement - PreSaveFile = new java.io.File(((pathPrefix + java.lang.Integer.toString(counter)) + .png)): null

2018-12-14 02:20:47 - [TEST_STEP][PASSED] - Statement - counter = counter + 1: null

2018-12-14 02:20:47 - [TEST_STEP][PASSED] - Statement - PreSaveFile = new java.io.File(((pathPrefix + java.lang.Integer.toString(counter)) + .png)): null

2018-12-14 02:20:47 - [TEST_STEP][PASSED] - Statement - counter = counter + 1: null

2018-12-14 02:20:47 - [TEST_STEP][PASSED] - Statement - PreSaveFile = new java.io.File(((pathPrefix + java.lang.Integer.toString(counter)) + .png)): null

2018-12-14 02:20:47 - [TEST_STEP][PASSED] - Statement - counter = counter + 1: null

2018-12-14 02:20:47 - [TEST_STEP][PASSED] - Statement - PreSaveFile = new java.io.File(((pathPrefix + java.lang.Integer.toString(counter)) + .png)): null

2018-12-14 02:20:47 - [TEST_STEP][PASSED] - Statement - counter = counter + 1: null

2018-12-14 02:20:47 - [TEST_STEP][PASSED] - Statement - PreSaveFile = new java.io.File(((pathPrefix + java.lang.Integer.toString(counter)) + .png)): null

2018-12-14 02:20:47 - [TEST_STEP][PASSED] - Statement - counter = counter + 1: null

2018-12-14 02:20:47 - [TEST_STEP][PASSED] - Statement - PreSaveFile = new java.io.File(((pathPrefix + java.lang.Integer.toString(counter)) + .png)): null

2018-12-14 02:20:47 - [TEST_STEP][PASSED] - Statement - counter = counter + 1: null

2018-12-14 02:20:47 - [TEST_STEP][PASSED] - Statement - PreSaveFile = new java.io.File(((pathPrefix + java.lang.Integer.toString(counter)) + .png)): null

2018-12-14 02:20:47 - [TEST_STEP][PASSED] - Statement - counter = counter + 1: null

2018-12-14 02:20:47 - [TEST_STEP][PASSED] - Statement - PreSaveFile = new java.io.File(((pathPrefix + java.lang.Integer.toString(counter)) + .png)): null

2018-12-14 02:20:47 - [TEST_STEP][PASSED] - Statement - counter = counter + 1: null

2018-12-14 02:20:47 - [TEST_STEP][PASSED] - Statement - PreSaveFile = new java.io.File(((pathPrefix + java.lang.Integer.toString(counter)) + .png)): null

2018-12-14 02:20:47 - [TEST_STEP][PASSED] - Statement - counter = counter + 1: null

2018-12-14 02:20:47 - [TEST_STEP][PASSED] - Statement - PreSaveFile = new java.io.File(((pathPrefix + java.lang.Integer.toString(counter)) + .png)): null

2018-12-14 02:20:47 - [TEST_STEP][PASSED] - Statement - counter = counter + 1: null

2018-12-14 02:20:47 - [TEST_STEP][PASSED] - Statement - PreSaveFile = new java.io.File(((pathPrefix + java.lang.Integer.toString(counter)) + .png)): null

2018-12-14 02:20:47 - [TEST_STEP][PASSED] - Statement - counter = counter + 1: null

2018-12-14 02:20:47 - [TEST_STEP][PASSED] - Statement - PreSaveFile = new java.io.File(((pathPrefix + java.lang.Integer.toString(counter)) + .png)): null

2018-12-14 02:20:47 - [TEST_STEP][PASSED] - Statement - counter = counter + 1: null

2018-12-14 02:20:47 - [TEST_STEP][PASSED] - Statement - PreSaveFile = new java.io.File(((pathPrefix + java.lang.Integer.toString(counter)) + .png)): null

2018-12-14 02:20:47 - [TEST_STEP][PASSED] - Statement - counter = counter + 1: null

2018-12-14 02:20:47 - [TEST_STEP][PASSED] - Statement - PreSaveFile = new java.io.File(((pathPrefix + java.lang.Integer.toString(counter)) + .png)): null

2018-12-14 02:20:47 - [TEST_STEP][PASSED] - Statement - counter = counter + 1: null

2018-12-14 02:20:47 - [TEST_STEP][PASSED] - Statement - PreSaveFile = new java.io.File(((pathPrefix + java.lang.Integer.toString(counter)) + .png)): null

2018-12-14 02:20:47 - [TEST_STEP][PASSED] - Statement - counter = counter + 1: null

2018-12-14 02:20:47 - [TEST_STEP][PASSED] - Statement - PreSaveFile = new java.io.File(((pathPrefix + java.lang.Integer.toString(counter)) + .png)): null

2018-12-14 02:20:47 - [TEST_STEP][PASSED] - Statement - counter = counter + 1: null

2018-12-14 02:20:47 - [TEST_STEP][PASSED] - Statement - PreSaveFile = new java.io.File(((pathPrefix + java.lang.Integer.toString(counter)) + .png)): null

2018-12-14 02:20:47 - [TEST_STEP][PASSED] - Statement - counter = counter + 1: null

2018-12-14 02:20:47 - [TEST_STEP][PASSED] - Statement - PreSaveFile = new java.io.File(((pathPrefix + java.lang.Integer.toString(counter)) + .png)): null

2018-12-14 02:20:47 - [TEST_STEP][PASSED] - Statement - counter = counter + 1: null

2018-12-14 02:20:47 - [TEST_STEP][PASSED] - Statement - PreSaveFile = new java.io.File(((pathPrefix + java.lang.Integer.toString(counter)) + .png)): null

2018-12-14 02:20:47 - [TEST_STEP][PASSED] - Statement - counter = counter + 1: null

2018-12-14 02:20:47 - [TEST_STEP][PASSED] - Statement - PreSaveFile = new java.io.File(((pathPrefix + java.lang.Integer.toString(counter)) + .png)): null

2018-12-14 02:20:47 - [TEST_STEP][PASSED] - Statement - counter = counter + 1: null

2018-12-14 02:20:47 - [TEST_STEP][PASSED] - Statement - PreSaveFile = new java.io.File(((pathPrefix + java.lang.Integer.toString(counter)) + .png)): null

2018-12-14 02:20:47 - [TEST_STEP][PASSED] - Statement - counter = counter + 1: null

2018-12-14 02:20:47 - [TEST_STEP][PASSED] - Statement - PreSaveFile = new java.io.File(((pathPrefix + java.lang.Integer.toString(counter)) + .png)): null

2018-12-14 02:20:47 - [TEST_STEP][PASSED] - Statement - counter = counter + 1: null

2018-12-14 02:20:47 - [TEST_STEP][PASSED] - Statement - PreSaveFile = new java.io.File(((pathPrefix + java.lang.Integer.toString(counter)) + .png)): null

2018-12-14 02:20:47 - [TEST_STEP][PASSED] - Statement - counter = counter + 1: null

2018-12-14 02:20:47 - [TEST_STEP][PASSED] - Statement - PreSaveFile = new java.io.File(((pathPrefix + java.lang.Integer.toString(counter)) + .png)): null

2018-12-14 02:20:47 - [TEST_STEP][PASSED] - Statement - counter = counter + 1: null

2018-12-14 02:20:47 - [TEST_STEP][PASSED] - Statement - PreSaveFile = new java.io.File(((pathPrefix + java.lang.Integer.toString(counter)) + .png)): null

2018-12-14 02:20:47 - [TEST_STEP][PASSED] - Statement - counter = counter + 1: null

2018-12-14 02:20:47 - [TEST_STEP][PASSED] - Statement - PreSaveFile = new java.io.File(((pathPrefix + java.lang.Integer.toString(counter)) + .png)): null

2018-12-14 02:20:47 - [TEST_STEP][PASSED] - Statement - counter = counter + 1: null

2018-12-14 02:20:47 - [TEST_STEP][PASSED] - Statement - PreSaveFile = new java.io.File(((pathPrefix + java.lang.Integer.toString(counter)) + .png)): null

2018-12-14 02:20:47 - [TEST_STEP][PASSED] - Statement - counter = counter + 1: null

2018-12-14 02:20:47 - [TEST_STEP][PASSED] - Statement - PreSaveFile = new java.io.File(((pathPrefix + java.lang.Integer.toString(counter)) + .png)): null

2018-12-14 02:20:47 - [TEST_STEP][PASSED] - Statement - counter = counter + 1: null

2018-12-14 02:20:47 - [TEST_STEP][PASSED] - Statement - PreSaveFile = new java.io.File(((pathPrefix + java.lang.Integer.toString(counter)) + .png)): null

2018-12-14 02:20:47 - [TEST_STEP][PASSED] - Statement - counter = counter + 1: null

2018-12-14 02:20:47 - [TEST_STEP][PASSED] - Statement - PreSaveFile = new java.io.File(((pathPrefix + java.lang.Integer.toString(counter)) + .png)): null

2018-12-14 02:20:47 - [TEST_STEP][PASSED] - Statement - counter = counter + 1: null

2018-12-14 02:20:47 - [TEST_STEP][PASSED] - Statement - PreSaveFile = new java.io.File(((pathPrefix + java.lang.Integer.toString(counter)) + .png)): null

2018-12-14 02:20:47 - [TEST_STEP][PASSED] - Statement - counter = counter + 1: null

2018-12-14 02:20:47 - [TEST_STEP][PASSED] - Statement - PreSaveFile = new java.io.File(((pathPrefix + java.lang.Integer.toString(counter)) + .png)): null

2018-12-14 02:20:47 - [TEST_STEP][PASSED] - Statement - counter = counter + 1: null

2018-12-14 02:20:47 - [TEST_STEP][PASSED] - Statement - PreSaveFile = new java.io.File(((pathPrefix + java.lang.Integer.toString(counter)) + .png)): null

2018-12-14 02:20:47 - [TEST_STEP][PASSED] - Statement - counter = counter + 1: null

2018-12-14 02:20:47 - [TEST_STEP][PASSED] - Statement - PreSaveFile = new java.io.File(((pathPrefix + java.lang.Integer.toString(counter)) + .png)): null

2018-12-14 02:20:47 - [TEST_STEP][PASSED] - Statement - counter = counter + 1: null

2018-12-14 02:20:47 - [TEST_STEP][PASSED] - Statement - PreSaveFile = new java.io.File(((pathPrefix + java.lang.Integer.toString(counter)) + .png)): null

2018-12-14 02:20:47 - [TEST_STEP][PASSED] - Statement - counter = counter + 1: null

2018-12-14 02:20:47 - [TEST_STEP][PASSED] - Statement - PreSaveFile = new java.io.File(((pathPrefix + java.lang.Integer.toString(counter)) + .png)): null

2018-12-14 02:20:47 - [TEST_STEP][PASSED] - Statement - counter = counter + 1: null

2018-12-14 02:20:47 - [TEST_STEP][PASSED] - Statement - PreSaveFile = new java.io.File(((pathPrefix + java.lang.Integer.toString(counter)) + .png)): null

2018-12-14 02:20:47 - [TEST_STEP][PASSED] - Statement - counter = counter + 1: null

2018-12-14 02:20:47 - [TEST_STEP][PASSED] - Statement - PreSaveFile = new java.io.File(((pathPrefix + java.lang.Integer.toString(counter)) + .png)): null

2018-12-14 02:20:47 - [TEST_STEP][PASSED] - Statement - counter = counter + 1: null

2018-12-14 02:20:47 - [TEST_STEP][PASSED] - Statement - PreSaveFile = new java.io.File(((pathPrefix + java.lang.Integer.toString(counter)) + .png)): null

2018-12-14 02:20:47 - [TEST_STEP][PASSED] - Statement - counter = counter + 1: null

2018-12-14 02:20:47 - [TEST_STEP][PASSED] - Statement - PreSaveFile = new java.io.File(((pathPrefix + java.lang.Integer.toString(counter)) + .png)): null

2018-12-14 02:20:47 - [TEST_STEP][PASSED] - Statement - counter = counter + 1: null

2018-12-14 02:20:47 - [TEST_STEP][PASSED] - Statement - PreSaveFile = new java.io.File(((pathPrefix + java.lang.Integer.toString(counter)) + .png)): null

2018-12-14 02:20:47 - [TEST_STEP][PASSED] - Statement - counter = counter + 1: null

2018-12-14 02:20:47 - [TEST_STEP][PASSED] - Statement - PreSaveFile = new java.io.File(((pathPrefix + java.lang.Integer.toString(counter)) + .png)): null

2018-12-14 02:20:47 - [TEST_STEP][PASSED] - Statement - counter = counter + 1: null

2018-12-14 02:20:47 - [TEST_STEP][PASSED] - Statement - PreSaveFile = new java.io.File(((pathPrefix + java.lang.Integer.toString(counter)) + .png)): null

2018-12-14 02:20:47 - [TEST_STEP][PASSED] - Statement - counter = counter + 1: null

2018-12-14 02:20:47 - [TEST_STEP][PASSED] - Statement - PreSaveFile = new java.io.File(((pathPrefix + java.lang.Integer.toString(counter)) + .png)): null

2018-12-14 02:20:47 - [TEST_STEP][PASSED] - Statement - counter = counter + 1: null

2018-12-14 02:20:47 - [TEST_STEP][PASSED] - Statement - PreSaveFile = new java.io.File(((pathPrefix + java.lang.Integer.toString(counter)) + .png)): null

2018-12-14 02:20:47 - [TEST_STEP][PASSED] - Statement - counter = counter + 1: null

2018-12-14 02:20:47 - [TEST_STEP][PASSED] - Statement - PreSaveFile = new java.io.File(((pathPrefix + java.lang.Integer.toString(counter)) + .png)): null

2018-12-14 02:20:47 - [TEST_STEP][PASSED] - Statement - counter = counter + 1: null

2018-12-14 02:20:47 - [TEST_STEP][PASSED] - Statement - PreSaveFile = new java.io.File(((pathPrefix + java.lang.Integer.toString(counter)) + .png)): null

2018-12-14 02:20:47 - [TEST_STEP][PASSED] - Statement - counter = counter + 1: null

2018-12-14 02:20:47 - [TEST_STEP][PASSED] - Statement - PreSaveFile = new java.io.File(((pathPrefix + java.lang.Integer.toString(counter)) + .png)): null

2018-12-14 02:20:47 - [TEST_STEP][PASSED] - Statement - counter = counter + 1: null

2018-12-14 02:20:47 - [TEST_STEP][PASSED] - Statement - PreSaveFile = new java.io.File(((pathPrefix + java.lang.Integer.toString(counter)) + .png)): null

2018-12-14 02:20:47 - [TEST_STEP][PASSED] - Statement - counter = counter + 1: null

2018-12-14 02:20:47 - [TEST_STEP][PASSED] - Statement - PreSaveFile = new java.io.File(((pathPrefix + java.lang.Integer.toString(counter)) + .png)): null

2018-12-14 02:20:47 - [TEST_STEP][PASSED] - Statement - counter = counter + 1: null

2018-12-14 02:20:47 - [TEST_STEP][PASSED] - Statement - PreSaveFile = new java.io.File(((pathPrefix + java.lang.Integer.toString(counter)) + .png)): null

2018-12-14 02:20:47 - [TEST_STEP][PASSED] - Statement - counter = counter + 1: null

2018-12-14 02:20:47 - [TEST_STEP][PASSED] - Statement - PreSaveFile = new java.io.File(((pathPrefix + java.lang.Integer.toString(counter)) + .png)): null

2018-12-14 02:20:47 - [TEST_STEP][PASSED] - Statement - counter = counter + 1: null

2018-12-14 02:20:47 - [TEST_STEP][PASSED] - Statement - PreSaveFile = new java.io.File(((pathPrefix + java.lang.Integer.toString(counter)) + .png)): null

2018-12-14 02:20:47 - [TEST_STEP][PASSED] - Statement - counter = counter + 1: null

2018-12-14 02:20:47 - [TEST_STEP][PASSED] - Statement - PreSaveFile = new java.io.File(((pathPrefix + java.lang.Integer.toString(counter)) + .png)): null

2018-12-14 02:20:47 - [TEST_STEP][PASSED] - Statement - counter = counter + 1: null

2018-12-14 02:20:47 - [TEST_STEP][PASSED] - Statement - PreSaveFile = new java.io.File(((pathPrefix + java.lang.Integer.toString(counter)) + .png)): null

2018-12-14 02:20:47 - [TEST_STEP][PASSED] - Statement - counter = counter + 1: null

2018-12-14 02:20:47 - [TEST_STEP][PASSED] - Statement - PreSaveFile = new java.io.File(((pathPrefix + java.lang.Integer.toString(counter)) + .png)): null

2018-12-14 02:20:47 - [TEST_STEP][PASSED] - Statement - counter = counter + 1: null

2018-12-14 02:20:47 - [TEST_STEP][PASSED] - Statement - PreSaveFile = new java.io.File(((pathPrefix + java.lang.Integer.toString(counter)) + .png)): null

2018-12-14 02:20:47 - [TEST_STEP][PASSED] - Statement - counter = counter + 1: null

2018-12-14 02:20:47 - [TEST_STEP][PASSED] - Statement - PreSaveFile = new java.io.File(((pathPrefix + java.lang.Integer.toString(counter)) + .png)): null

2018-12-14 02:20:47 - [TEST_STEP][PASSED] - Statement - counter = counter + 1: null

2018-12-14 02:20:47 - [TEST_STEP][PASSED] - Statement - PreSaveFile = new java.io.File(((pathPrefix + java.lang.Integer.toString(counter)) + .png)): null

2018-12-14 02:20:47 - [TEST_STEP][PASSED] - Statement - counter = counter + 1: null

2018-12-14 02:20:47 - [TEST_STEP][PASSED] - Statement - PreSaveFile = new java.io.File(((pathPrefix + java.lang.Integer.toString(counter)) + .png)): null

2018-12-14 02:20:47 - [TEST_STEP][PASSED] - Statement - counter = counter + 1: null

2018-12-14 02:20:47 - [TEST_STEP][PASSED] - Statement - PreSaveFile = new java.io.File(((pathPrefix + java.lang.Integer.toString(counter)) + .png)): null

2018-12-14 02:20:47 - [TEST_STEP][PASSED] - Statement - counter = counter + 1: null

2018-12-14 02:20:47 - [TEST_STEP][PASSED] - Statement - PreSaveFile = new java.io.File(((pathPrefix + java.lang.Integer.toString(counter)) + .png)): null

2018-12-14 02:20:47 - [TEST_STEP][PASSED] - Statement - counter = counter + 1: null

2018-12-14 02:20:47 - [TEST_STEP][PASSED] - Statement - PreSaveFile = new java.io.File(((pathPrefix + java.lang.Integer.toString(counter)) + .png)): null

2018-12-14 02:20:47 - [TEST_STEP][PASSED] - Statement - counter = counter + 1: null

2018-12-14 02:20:47 - [TEST_STEP][PASSED] - Statement - PreSaveFile = new java.io.File(((pathPrefix + java.lang.Integer.toString(counter)) + .png)): null

2018-12-14 02:20:47 - [TEST_STEP][PASSED] - Statement - counter = counter + 1: null

2018-12-14 02:20:47 - [TEST_STEP][PASSED] - Statement - PreSaveFile = new java.io.File(((pathPrefix + java.lang.Integer.toString(counter)) + .png)): null

2018-12-14 02:20:47 - [TEST_STEP][PASSED] - Statement - counter = counter + 1: null

2018-12-14 02:20:47 - [TEST_STEP][PASSED] - Statement - PreSaveFile = new java.io.File(((pathPrefix + java.lang.Integer.toString(counter)) + .png)): null

2018-12-14 02:20:47 - [TEST_STEP][PASSED] - Statement - counter = counter + 1: null

2018-12-14 02:20:47 - [TEST_STEP][PASSED] - Statement - PreSaveFile = new java.io.File(((pathPrefix + java.lang.Integer.toString(counter)) + .png)): null

2018-12-14 02:20:47 - [TEST_STEP][PASSED] - Statement - counter = counter + 1: null

2018-12-14 02:20:47 - [TEST_STEP][PASSED] - Statement - PreSaveFile = new java.io.File(((pathPrefix + java.lang.Integer.toString(counter)) + .png)): null

2018-12-14 02:20:47 - [TEST_STEP][PASSED] - Statement - counter = counter + 1: null

2018-12-14 02:20:47 - [TEST_STEP][PASSED] - Statement - PreSaveFile = new java.io.File(((pathPrefix + java.lang.Integer.toString(counter)) + .png)): null

2018-12-14 02:20:47 - [TEST_STEP][PASSED] - Statement - counter = counter + 1: null

2018-12-14 02:20:47 - [TEST_STEP][PASSED] - Statement - PreSaveFile = new java.io.File(((pathPrefix + java.lang.Integer.toString(counter)) + .png)): null

2018-12-14 02:20:47 - [TEST_STEP][PASSED] - Statement - counter = counter + 1: null

2018-12-14 02:20:47 - [TEST_STEP][PASSED] - Statement - PreSaveFile = new java.io.File(((pathPrefix + java.lang.Integer.toString(counter)) + .png)): null

2018-12-14 02:20:47 - [TEST_STEP][PASSED] - Statement - counter = counter + 1: null

2018-12-14 02:20:47 - [TEST_STEP][PASSED] - Statement - PreSaveFile = new java.io.File(((pathPrefix + java.lang.Integer.toString(counter)) + .png)): null

2018-12-14 02:20:47 - [TEST_STEP][PASSED] - Statement - counter = counter + 1: null

2018-12-14 02:20:47 - [TEST_STEP][PASSED] - Statement - PreSaveFile = new java.io.File(((pathPrefix + java.lang.Integer.toString(counter)) + .png)): null

2018-12-14 02:20:47 - [TEST_STEP][PASSED] - Statement - counter = counter + 1: null

2018-12-14 02:20:47 - [TEST_STEP][PASSED] - Statement - PreSaveFile = new java.io.File(((pathPrefix + java.lang.Integer.toString(counter)) + .png)): null

2018-12-14 02:20:47 - [TEST_STEP][PASSED] - Statement - counter = counter + 1: null

2018-12-14 02:20:47 - [TEST_STEP][PASSED] - Statement - PreSaveFile = new java.io.File(((pathPrefix + java.lang.Integer.toString(counter)) + .png)): null

2018-12-14 02:20:47 - [TEST_STEP][PASSED] - Statement - counter = counter + 1: null

2018-12-14 02:20:47 - [TEST_STEP][PASSED] - Statement - PreSaveFile = new java.io.File(((pathPrefix + java.lang.Integer.toString(counter)) + .png)): null

2018-12-14 02:20:47 - [TEST_STEP][PASSED] - Statement - counter = counter + 1: null

2018-12-14 02:20:47 - [TEST_STEP][PASSED] - Statement - PreSaveFile = new java.io.File(((pathPrefix + java.lang.Integer.toString(counter)) + .png)): null

2018-12-14 02:20:47 - [TEST_STEP][PASSED] - Statement - counter = counter + 1: null

2018-12-14 02:20:47 - [TEST_STEP][PASSED] - Statement - PreSaveFile = new java.io.File(((pathPrefix + java.lang.Integer.toString(counter)) + .png)): null

2018-12-14 02:20:47 - [TEST_STEP][PASSED] - Statement - counter = counter + 1: null

2018-12-14 02:20:47 - [TEST_STEP][PASSED] - Statement - PreSaveFile = new java.io.File(((pathPrefix + java.lang.Integer.toString(counter)) + .png)): null

2018-12-14 02:20:47 - [TEST_STEP][PASSED] - Statement - counter = counter + 1: null

2018-12-14 02:20:47 - [TEST_STEP][PASSED] - Statement - PreSaveFile = new java.io.File(((pathPrefix + java.lang.Integer.toString(counter)) + .png)): null

2018-12-14 02:20:47 - [TEST_STEP][PASSED] - Statement - counter = counter + 1: null

2018-12-14 02:20:47 - [TEST_STEP][PASSED] - Statement - PreSaveFile = new java.io.File(((pathPrefix + java.lang.Integer.toString(counter)) + .png)): null

2018-12-14 02:20:47 - [TEST_STEP][PASSED] - Statement - counter = counter + 1: null

2018-12-14 02:20:47 - [TEST_STEP][PASSED] - Statement - PreSaveFile = new java.io.File(((pathPrefix + java.lang.Integer.toString(counter)) + .png)): null

2018-12-14 02:20:47 - [TEST_STEP][PASSED] - Statement - counter = counter + 1: null

2018-12-14 02:20:47 - [TEST_STEP][PASSED] - Statement - PreSaveFile = new java.io.File(((pathPrefix + java.lang.Integer.toString(counter)) + .png)): null

2018-12-14 02:20:47 - [TEST_STEP][PASSED] - Statement - counter = counter + 1: null

2018-12-14 02:20:47 - [TEST_STEP][PASSED] - Statement - PreSaveFile = new java.io.File(((pathPrefix + java.lang.Integer.toString(counter)) + .png)): null

2018-12-14 02:20:47 - [TEST_STEP][PASSED] - Statement - counter = counter + 1: null

2018-12-14 02:20:47 - [TEST_STEP][PASSED] - Statement - PreSaveFile = new java.io.File(((pathPrefix + java.lang.Integer.toString(counter)) + .png)): null

2018-12-14 02:20:47 - [TEST_STEP][PASSED] - Statement - counter = counter + 1: null

2018-12-14 02:20:47 - [TEST_STEP][PASSED] - Statement - PreSaveFile = new java.io.File(((pathPrefix + java.lang.Integer.toString(counter)) + .png)): null

2018-12-14 02:20:47 - [TEST_STEP][PASSED] - Statement - counter = counter + 1: null

2018-12-14 02:20:47 - [TEST_STEP][PASSED] - Statement - PreSaveFile = new java.io.File(((pathPrefix + java.lang.Integer.toString(counter)) + .png)): null

2018-12-14 02:20:47 - [TEST_STEP][PASSED] - Statement - counter = counter + 1: null

2018-12-14 02:20:47 - [TEST_STEP][PASSED] - Statement - PreSaveFile = new java.io.File(((pathPrefix + java.lang.Integer.toString(counter)) + .png)): null

2018-12-14 02:20:47 - [TEST_STEP][PASSED] - Statement - counter = counter + 1: null

2018-12-14 02:20:47 - [TEST_STEP][PASSED] - Statement - PreSaveFile = new java.io.File(((pathPrefix + java.lang.Integer.toString(counter)) + .png)): null

2018-12-14 02:20:47 - [TEST_STEP][PASSED] - Statement - counter = counter + 1: null

2018-12-14 02:20:47 - [TEST_STEP][PASSED] - Statement - PreSaveFile = new java.io.File(((pathPrefix + java.lang.Integer.toString(counter)) + .png)): null

2018-12-14 02:20:47 - [TEST_STEP][PASSED] - Statement - counter = counter + 1: null

2018-12-14 02:20:47 - [TEST_STEP][PASSED] - Statement - PreSaveFile = new java.io.File(((pathPrefix + java.lang.Integer.toString(counter)) + .png)): null

2018-12-14 02:20:47 - [TEST_STEP][PASSED] - Statement - counter = counter + 1: null

2018-12-14 02:20:47 - [TEST_STEP][PASSED] - Statement - PreSaveFile = new java.io.File(((pathPrefix + java.lang.Integer.toString(counter)) + .png)): null

2018-12-14 02:20:47 - [TEST_STEP][PASSED] - Statement - counter = counter + 1: null

2018-12-14 02:20:47 - [TEST_STEP][PASSED] - Statement - PreSaveFile = new java.io.File(((pathPrefix + java.lang.Integer.toString(counter)) + .png)): null

2018-12-14 02:20:47 - [TEST_STEP][PASSED] - Statement - counter = counter + 1: null

2018-12-14 02:20:47 - [TEST_STEP][PASSED] - Statement - PreSaveFile = new java.io.File(((pathPrefix + java.lang.Integer.toString(counter)) + .png)): null

2018-12-14 02:20:47 - [TEST_STEP][PASSED] - Statement - counter = counter + 1: null

2018-12-14 02:20:47 - [TEST_STEP][PASSED] - Statement - PreSaveFile = new java.io.File(((pathPrefix + java.lang.Integer.toString(counter)) + .png)): null

2018-12-14 02:20:47 - [TEST_STEP][PASSED] - Statement - counter = counter + 1: null

2018-12-14 02:20:47 - [TEST_STEP][PASSED] - Statement - PreSaveFile = new java.io.File(((pathPrefix + java.lang.Integer.toString(counter)) + .png)): null

2018-12-14 02:20:47 - [TEST_STEP][PASSED] - Statement - counter = counter + 1: null

2018-12-14 02:20:47 - [TEST_STEP][PASSED] - Statement - PreSaveFile = new java.io.File(((pathPrefix + java.lang.Integer.toString(counter)) + .png)): null

2018-12-14 02:20:47 - [TEST_STEP][PASSED] - Statement - counter = counter + 1: null

2018-12-14 02:20:47 - [TEST_STEP][PASSED] - Statement - PreSaveFile = new java.io.File(((pathPrefix + java.lang.Integer.toString(counter)) + .png)): null

2018-12-14 02:20:47 - [TEST_STEP][PASSED] - Statement - counter = counter + 1: null

2018-12-14 02:20:47 - [TEST_STEP][PASSED] - Statement - PreSaveFile = new java.io.File(((pathPrefix + java.lang.Integer.toString(counter)) + .png)): null

2018-12-14 02:20:47 - [TEST_STEP][PASSED] - Statement - counter = counter + 1: null

2018-12-14 02:20:47 - [TEST_STEP][PASSED] - Statement - PreSaveFile = new java.io.File(((pathPrefix + java.lang.Integer.toString(counter)) + .png)): null

2018-12-14 02:20:47 - [TEST_STEP][PASSED] - Statement - counter = counter + 1: null

2018-12-14 02:20:47 - [TEST_STEP][PASSED] - Statement - PreSaveFile = new java.io.File(((pathPrefix + java.lang.Integer.toString(counter)) + .png)): null

2018-12-14 02:20:47 - [TEST_STEP][PASSED] - Statement - counter = counter + 1: null

2018-12-14 02:20:47 - [TEST_STEP][PASSED] - Statement - PreSaveFile = new java.io.File(((pathPrefix + java.lang.Integer.toString(counter)) + .png)): null

2018-12-14 02:20:47 - [TEST_STEP][PASSED] - Statement - counter = counter + 1: null

2018-12-14 02:20:47 - [TEST_STEP][PASSED] - Statement - PreSaveFile = new java.io.File(((pathPrefix + java.lang.Integer.toString(counter)) + .png)): null

2018-12-14 02:20:47 - [TEST_STEP][PASSED] - Statement - counter = counter + 1: null

2018-12-14 02:20:47 - [TEST_STEP][PASSED] - Statement - PreSaveFile = new java.io.File(((pathPrefix + java.lang.Integer.toString(counter)) + .png)): null

2018-12-14 02:20:47 - [TEST_STEP][PASSED] - Statement - counter = counter + 1: null

2018-12-14 02:20:47 - [TEST_STEP][PASSED] - Statement - PreSaveFile = new java.io.File(((pathPrefix + java.lang.Integer.toString(counter)) + .png)): null

2018-12-14 02:20:47 - [TEST_STEP][PASSED] - Statement - counter = counter + 1: null

2018-12-14 02:20:47 - [TEST_STEP][PASSED] - Statement - PreSaveFile = new java.io.File(((pathPrefix + java.lang.Integer.toString(counter)) + .png)): null

2018-12-14 02:20:47 - [TEST_STEP][PASSED] - Statement - counter = counter + 1: null

2018-12-14 02:20:47 - [TEST_STEP][PASSED] - Statement - PreSaveFile = new java.io.File(((pathPrefix + java.lang.Integer.toString(counter)) + .png)): null

2018-12-14 02:20:47 - [TEST_STEP][PASSED] - Statement - counter = counter + 1: null

2018-12-14 02:20:47 - [TEST_STEP][PASSED] - Statement - PreSaveFile = new java.io.File(((pathPrefix + java.lang.Integer.toString(counter)) + .png)): null

2018-12-14 02:20:47 - [TEST_STEP][PASSED] - Statement - counter = counter + 1: null

2018-12-14 02:20:47 - [TEST_STEP][PASSED] - Statement - PreSaveFile = new java.io.File(((pathPrefix + java.lang.Integer.toString(counter)) + .png)): null

2018-12-14 02:20:47 - [TEST_STEP][PASSED] - Statement - counter = counter + 1: null

2018-12-14 02:20:47 - [TEST_STEP][PASSED] - Statement - PreSaveFile = new java.io.File(((pathPrefix + java.lang.Integer.toString(counter)) + .png)): null

2018-12-14 02:20:47 - [TEST_STEP][PASSED] - Statement - counter = counter + 1: null

2018-12-14 02:20:47 - [TEST_STEP][PASSED] - Statement - PreSaveFile = new java.io.File(((pathPrefix + java.lang.Integer.toString(counter)) + .png)): null

2018-12-14 02:20:47 - [TEST_STEP][PASSED] - Statement - counter = counter + 1: null

2018-12-14 02:20:47 - [TEST_STEP][PASSED] - Statement - PreSaveFile = new java.io.File(((pathPrefix + java.lang.Integer.toString(counter)) + .png)): null

2018-12-14 02:20:47 - [TEST_STEP][PASSED] - Statement - counter = counter + 1: null

2018-12-14 02:20:47 - [TEST_STEP][PASSED] - Statement - PreSaveFile = new java.io.File(((pathPrefix + java.lang.Integer.toString(counter)) + .png)): null

2018-12-14 02:20:47 - [TEST_STEP][PASSED] - Statement - counter = counter + 1: null

2018-12-14 02:20:47 - [TEST_STEP][PASSED] - Statement - PreSaveFile = new java.io.File(((pathPrefix + java.lang.Integer.toString(counter)) + .png)): null

2018-12-14 02:20:47 - [TEST_STEP][PASSED] - Statement - counter = counter + 1: null

2018-12-14 02:20:47 - [TEST_STEP][PASSED] - Statement - PreSaveFile = new java.io.File(((pathPrefix + java.lang.Integer.toString(counter)) + .png)): null

2018-12-14 02:20:47 - [TEST_STEP][PASSED] - Statement - counter = counter + 1: null

2018-12-14 02:20:47 - [TEST_STEP][PASSED] - Statement - PreSaveFile = new java.io.File(((pathPrefix + java.lang.Integer.toString(counter)) + .png)): null

2018-12-14 02:20:47 - [TEST_STEP][PASSED] - Statement - counter = counter + 1: null

2018-12-14 02:20:47 - [TEST_STEP][PASSED] - Statement - PreSaveFile = new java.io.File(((pathPrefix + java.lang.Integer.toString(counter)) + .png)): null

2018-12-14 02:20:47 - [TEST_STEP][PASSED] - Statement - counter = counter + 1: null

2018-12-14 02:20:47 - [TEST_STEP][PASSED] - Statement - PreSaveFile = new java.io.File(((pathPrefix + java.lang.Integer.toString(counter)) + .png)): null

2018-12-14 02:20:47 - [TEST_STEP][PASSED] - Statement - counter = counter + 1: null

2018-12-14 02:20:47 - [TEST_STEP][PASSED] - Statement - PreSaveFile = new java.io.File(((pathPrefix + java.lang.Integer.toString(counter)) + .png)): null

2018-12-14 02:20:47 - [TEST_STEP][PASSED] - Statement - counter = counter + 1: null

2018-12-14 02:20:47 - [TEST_STEP][PASSED] - Statement - PreSaveFile = new java.io.File(((pathPrefix + java.lang.Integer.toString(counter)) + .png)): null

2018-12-14 02:20:47 - [TEST_STEP][PASSED] - Statement - counter = counter + 1: null

2018-12-14 02:20:47 - [TEST_STEP][PASSED] - Statement - PreSaveFile = new java.io.File(((pathPrefix + java.lang.Integer.toString(counter)) + .png)): null

2018-12-14 02:20:47 - [TEST_STEP][PASSED] - Statement - counter = counter + 1: null

2018-12-14 02:20:47 - [TEST_STEP][PASSED] - Statement - PreSaveFile = new java.io.File(((pathPrefix + java.lang.Integer.toString(counter)) + .png)): null

2018-12-14 02:20:47 - [TEST_STEP][PASSED] - Statement - counter = counter + 1: null

2018-12-14 02:20:47 - [TEST_STEP][PASSED] - Statement - PreSaveFile = new java.io.File(((pathPrefix + java.lang.Integer.toString(counter)) + .png)): null

2018-12-14 02:20:47 - [TEST_STEP][PASSED] - Statement - counter = counter + 1: null

2018-12-14 02:20:47 - [TEST_STEP][PASSED] - Statement - PreSaveFile = new java.io.File(((pathPrefix + java.lang.Integer.toString(counter)) + .png)): null

2018-12-14 02:20:47 - [TEST_STEP][PASSED] - Statement - counter = counter + 1: null

2018-12-14 02:20:47 - [TEST_STEP][PASSED] - Statement - PreSaveFile = new java.io.File(((pathPrefix + java.lang.Integer.toString(counter)) + .png)): null

2018-12-14 02:20:47 - [TEST_STEP][PASSED] - Statement - counter = counter + 1: null

2018-12-14 02:20:47 - [TEST_STEP][PASSED] - Statement - PreSaveFile = new java.io.File(((pathPrefix + java.lang.Integer.toString(counter)) + .png)): null

2018-12-14 02:20:47 - [TEST_STEP][PASSED] - Statement - counter = counter + 1: null

2018-12-14 02:20:47 - [TEST_STEP][PASSED] - Statement - PreSaveFile = new java.io.File(((pathPrefix + java.lang.Integer.toString(counter)) + .png)): null

2018-12-14 02:20:47 - [TEST_STEP][PASSED] - Statement - counter = counter + 1: null

2018-12-14 02:20:47 - [TEST_STEP][PASSED] - Statement - PreSaveFile = new java.io.File(((pathPrefix + java.lang.Integer.toString(counter)) + .png)): null

2018-12-14 02:20:47 - [TEST_STEP][PASSED] - Statement - counter = counter + 1: null

2018-12-14 02:20:47 - [TEST_STEP][PASSED] - Statement - PreSaveFile = new java.io.File(((pathPrefix + java.lang.Integer.toString(counter)) + .png)): null

2018-12-14 02:20:47 - [TEST_STEP][PASSED] - Statement - counter = counter + 1: null

2018-12-14 02:20:47 - [TEST_STEP][PASSED] - Statement - PreSaveFile = new java.io.File(((pathPrefix + java.lang.Integer.toString(counter)) + .png)): null

2018-12-14 02:20:47 - [TEST_STEP][PASSED] - Statement - counter = counter + 1: null

2018-12-14 02:20:47 - [TEST_STEP][PASSED] - Statement - PreSaveFile = new java.io.File(((pathPrefix + java.lang.Integer.toString(counter)) + .png)): null

2018-12-14 02:20:47 - [TEST_STEP][PASSED] - Statement - counter = counter + 1: null

2018-12-14 02:20:47 - [TEST_STEP][PASSED] - Statement - PreSaveFile = new java.io.File(((pathPrefix + java.lang.Integer.toString(counter)) + .png)): null

2018-12-14 02:20:47 - [TEST_STEP][PASSED] - Statement - counter = counter + 1: null

2018-12-14 02:20:47 - [TEST_STEP][PASSED] - Statement - PreSaveFile = new java.io.File(((pathPrefix + java.lang.Integer.toString(counter)) + .png)): null

2018-12-14 02:20:47 - [TEST_STEP][PASSED] - Statement - counter = counter + 1: null

2018-12-14 02:20:47 - [TEST_STEP][PASSED] - Statement - PreSaveFile = new java.io.File(((pathPrefix + java.lang.Integer.toString(counter)) + .png)): null

2018-12-14 02:20:47 - [TEST_STEP][PASSED] - Statement - counter = counter + 1: null

2018-12-14 02:20:47 - [TEST_STEP][PASSED] - Statement - PreSaveFile = new java.io.File(((pathPrefix + java.lang.Integer.toString(counter)) + .png)): null

2018-12-14 02:20:47 - [TEST_STEP][PASSED] - Statement - counter = counter + 1: null

2018-12-14 02:20:47 - [TEST_STEP][PASSED] - Statement - PreSaveFile = new java.io.File(((pathPrefix + java.lang.Integer.toString(counter)) + .png)): null

2018-12-14 02:20:47 - [TEST_STEP][PASSED] - Statement - counter = counter + 1: null

2018-12-14 02:20:47 - [TEST_STEP][PASSED] - Statement - PreSaveFile = new java.io.File(((pathPrefix + java.lang.Integer.toString(counter)) + .png)): null

2018-12-14 02:20:47 - [TEST_STEP][PASSED] - Statement - counter = counter + 1: null

2018-12-14 02:20:47 - [TEST_STEP][PASSED] - Statement - PreSaveFile = new java.io.File(((pathPrefix + java.lang.Integer.toString(counter)) + .png)): null

2018-12-14 02:20:47 - [TEST_STEP][PASSED] - Statement - counter = counter + 1: null

2018-12-14 02:20:47 - [TEST_STEP][PASSED] - Statement - PreSaveFile = new java.io.File(((pathPrefix + java.lang.Integer.toString(counter)) + .png)): null

2018-12-14 02:20:47 - [TEST_STEP][PASSED] - Statement - counter = counter + 1: null

2018-12-14 02:20:47 - [TEST_STEP][PASSED] - Statement - PreSaveFile = new java.io.File(((pathPrefix + java.lang.Integer.toString(counter)) + .png)): null

2018-12-14 02:20:47 - [TEST_STEP][PASSED] - Statement - counter = counter + 1: null

2018-12-14 02:20:47 - [TEST_STEP][PASSED] - Statement - PreSaveFile = new java.io.File(((pathPrefix + java.lang.Integer.toString(counter)) + .png)): null

2018-12-14 02:20:47 - [TEST_STEP][PASSED] - Statement - counter = counter + 1: null

2018-12-14 02:20:47 - [TEST_STEP][PASSED] - Statement - PreSaveFile = new java.io.File(((pathPrefix + java.lang.Integer.toString(counter)) + .png)): null

2018-12-14 02:20:47 - [TEST_STEP][PASSED] - Statement - counter = counter + 1: null

2018-12-14 02:20:47 - [TEST_STEP][PASSED] - Statement - PreSaveFile = new java.io.File(((pathPrefix + java.lang.Integer.toString(counter)) + .png)): null

2018-12-14 02:20:47 - [TEST_STEP][PASSED] - Statement - counter = counter + 1: null

2018-12-14 02:20:47 - [TEST_STEP][PASSED] - Statement - PreSaveFile = new java.io.File(((pathPrefix + java.lang.Integer.toString(counter)) + .png)): null

2018-12-14 02:20:47 - [TEST_STEP][PASSED] - Statement - counter = counter + 1: null

2018-12-14 02:20:47 - [TEST_STEP][PASSED] - Statement - PreSaveFile = new java.io.File(((pathPrefix + java.lang.Integer.toString(counter)) + .png)): null

2018-12-14 02:20:47 - [TEST_STEP][PASSED] - Statement - counter = counter + 1: null

2018-12-14 02:20:47 - [TEST_STEP][PASSED] - Statement - PreSaveFile = new java.io.File(((pathPrefix + java.lang.Integer.toString(counter)) + .png)): null

2018-12-14 02:20:47 - [TEST_STEP][PASSED] - Statement - counter = counter + 1: null

2018-12-14 02:20:47 - [TEST_STEP][PASSED] - Statement - PreSaveFile = new java.io.File(((pathPrefix + java.lang.Integer.toString(counter)) + .png)): null

2018-12-14 02:20:47 - [TEST_STEP][PASSED] - Statement - counter = counter + 1: null

2018-12-14 02:20:47 - [TEST_STEP][PASSED] - Statement - PreSaveFile = new java.io.File(((pathPrefix + java.lang.Integer.toString(counter)) + .png)): null

2018-12-14 02:20:47 - [TEST_STEP][PASSED] - Statement - counter = counter + 1: null

2018-12-14 02:20:47 - [TEST_STEP][PASSED] - Statement - PreSaveFile = new java.io.File(((pathPrefix + java.lang.Integer.toString(counter)) + .png)): null

2018-12-14 02:20:47 - [TEST_STEP][PASSED] - Statement - counter = counter + 1: null

2018-12-14 02:20:47 - [TEST_STEP][PASSED] - Statement - PreSaveFile = new java.io.File(((pathPrefix + java.lang.Integer.toString(counter)) + .png)): null

2018-12-14 02:20:47 - [TEST_STEP][PASSED] - Statement - counter = counter + 1: null

2018-12-14 02:20:47 - [TEST_STEP][PASSED] - Statement - PreSaveFile = new java.io.File(((pathPrefix + java.lang.Integer.toString(counter)) + .png)): null

2018-12-14 02:20:47 - [TEST_STEP][PASSED] - Statement - counter = counter + 1: null

2018-12-14 02:20:47 - [TEST_STEP][PASSED] - Statement - PreSaveFile = new java.io.File(((pathPrefix + java.lang.Integer.toString(counter)) + .png)): null

2018-12-14 02:20:47 - [TEST_STEP][PASSED] - Statement - counter = counter + 1: null

2018-12-14 02:20:47 - [TEST_STEP][PASSED] - Statement - PreSaveFile = new java.io.File(((pathPrefix + java.lang.Integer.toString(counter)) + .png)): null

2018-12-14 02:20:47 - [TEST_STEP][PASSED] - Statement - counter = counter + 1: null

2018-12-14 02:20:47 - [TEST_STEP][PASSED] - Statement - PreSaveFile = new java.io.File(((pathPrefix + java.lang.Integer.toString(counter)) + .png)): null

2018-12-14 02:20:47 - [TEST_STEP][PASSED] - Statement - counter = counter + 1: null

2018-12-14 02:20:47 - [TEST_STEP][PASSED] - Statement - PreSaveFile = new java.io.File(((pathPrefix + java.lang.Integer.toString(counter)) + .png)): null

2018-12-14 02:20:47 - [TEST_STEP][PASSED] - Statement - counter = counter + 1: null

2018-12-14 02:20:47 - [TEST_STEP][PASSED] - Statement - PreSaveFile = new java.io.File(((pathPrefix + java.lang.Integer.toString(counter)) + .png)): null

2018-12-14 02:20:47 - [TEST_STEP][PASSED] - Statement - counter = counter + 1: null

2018-12-14 02:20:47 - [TEST_STEP][PASSED] - Statement - PreSaveFile = new java.io.File(((pathPrefix + java.lang.Integer.toString(counter)) + .png)): null

2018-12-14 02:20:47 - [TEST_STEP][PASSED] - Statement - counter = counter + 1: null

2018-12-14 02:20:47 - [TEST_STEP][PASSED] - Statement - PreSaveFile = new java.io.File(((pathPrefix + java.lang.Integer.toString(counter)) + .png)): null

2018-12-14 02:20:47 - [TEST_STEP][PASSED] - Statement - counter = counter + 1: null

2018-12-14 02:20:47 - [TEST_STEP][PASSED] - Statement - PreSaveFile = new java.io.File(((pathPrefix + java.lang.Integer.toString(counter)) + .png)): null

2018-12-14 02:20:47 - [TEST_STEP][PASSED] - Statement - counter = counter + 1: null

2018-12-14 02:20:47 - [TEST_STEP][PASSED] - Statement - PreSaveFile = new java.io.File(((pathPrefix + java.lang.Integer.toString(counter)) + .png)): null

2018-12-14 02:20:47 - [TEST_STEP][PASSED] - Statement - counter = counter + 1: null

2018-12-14 02:20:47 - [TEST_STEP][PASSED] - Statement - PreSaveFile = new java.io.File(((pathPrefix + java.lang.Integer.toString(counter)) + .png)): null

2018-12-14 02:20:47 - [TEST_STEP][PASSED] - Statement - counter = counter + 1: null

2018-12-14 02:20:47 - [TEST_STEP][PASSED] - Statement - PreSaveFile = new java.io.File(((pathPrefix + java.lang.Integer.toString(counter)) + .png)): null

2018-12-14 02:20:47 - [TEST_STEP][PASSED] - Statement - counter = counter + 1: null

2018-12-14 02:20:47 - [TEST_STEP][PASSED] - Statement - PreSaveFile = new java.io.File(((pathPrefix + java.lang.Integer.toString(counter)) + .png)): null

2018-12-14 02:20:47 - [TEST_STEP][PASSED] - Statement - counter = counter + 1: null

2018-12-14 02:20:47 - [TEST_STEP][PASSED] - Statement - PreSaveFile = new java.io.File(((pathPrefix + java.lang.Integer.toString(counter)) + .png)): null

2018-12-14 02:20:47 - [TEST_STEP][PASSED] - Statement - counter = counter + 1: null

2018-12-14 02:20:47 - [TEST_STEP][PASSED] - Statement - PreSaveFile = new java.io.File(((pathPrefix + java.lang.Integer.toString(counter)) + .png)): null

2018-12-14 02:20:47 - [TEST_STEP][PASSED] - Statement - counter = counter + 1: null

2018-12-14 02:20:47 - [TEST_STEP][PASSED] - Statement - PreSaveFile = new java.io.File(((pathPrefix + java.lang.Integer.toString(counter)) + .png)): null

2018-12-14 02:20:47 - [TEST_STEP][PASSED] - Statement - counter = counter + 1: null

2018-12-14 02:20:47 - [TEST_STEP][PASSED] - Statement - PreSaveFile = new java.io.File(((pathPrefix + java.lang.Integer.toString(counter)) + .png)): null

2018-12-14 02:20:47 - [TEST_STEP][PASSED] - Statement - counter = counter + 1: null

2018-12-14 02:20:47 - [TEST_STEP][PASSED] - Statement - PreSaveFile = new java.io.File(((pathPrefix + java.lang.Integer.toString(counter)) + .png)): null

2018-12-14 02:20:47 - [TEST_STEP][PASSED] - Statement - counter = counter + 1: null

2018-12-14 02:20:47 - [TEST_STEP][PASSED] - Statement - PreSaveFile = new java.io.File(((pathPrefix + java.lang.Integer.toString(counter)) + .png)): null

2018-12-14 02:20:47 - [TEST_STEP][PASSED] - Statement - counter = counter + 1: null

2018-12-14 02:20:47 - [TEST_STEP][PASSED] - Statement - PreSaveFile = new java.io.File(((pathPrefix + java.lang.Integer.toString(counter)) + .png)): null

2018-12-14 02:20:47 - [TEST_STEP][PASSED] - Statement - counter = counter + 1: null

2018-12-14 02:20:47 - [TEST_STEP][PASSED] - Statement - PreSaveFile = new java.io.File(((pathPrefix + java.lang.Integer.toString(counter)) + .png)): null

2018-12-14 02:20:47 - [TEST_STEP][PASSED] - Statement - counter = counter + 1: null

2018-12-14 02:20:47 - [TEST_STEP][PASSED] - Statement - PreSaveFile = new java.io.File(((pathPrefix + java.lang.Integer.toString(counter)) + .png)): null

2018-12-14 02:20:47 - [TEST_STEP][PASSED] - Statement - counter = counter + 1: null

2018-12-14 02:20:47 - [TEST_STEP][PASSED] - Statement - PreSaveFile = new java.io.File(((pathPrefix + java.lang.Integer.toString(counter)) + .png)): null

2018-12-14 02:20:47 - [TEST_STEP][PASSED] - Statement - counter = counter + 1: null

2018-12-14 02:20:47 - [TEST_STEP][PASSED] - Statement - PreSaveFile = new java.io.File(((pathPrefix + java.lang.Integer.toString(counter)) + .png)): null

2018-12-14 02:20:47 - [TEST_STEP][PASSED] - Statement - counter = counter + 1: null

2018-12-14 02:20:47 - [TEST_STEP][PASSED] - Statement - PreSaveFile = new java.io.File(((pathPrefix + java.lang.Integer.toString(counter)) + .png)): null

2018-12-14 02:20:47 - [TEST_STEP][PASSED] - Statement - counter = counter + 1: null

2018-12-14 02:20:47 - [TEST_STEP][PASSED] - Statement - PreSaveFile = new java.io.File(((pathPrefix + java.lang.Integer.toString(counter)) + .png)): null

2018-12-14 02:20:47 - [TEST_STEP][PASSED] - Statement - counter = counter + 1: null

2018-12-14 02:20:47 - [TEST_STEP][PASSED] - Statement - PreSaveFile = new java.io.File(((pathPrefix + java.lang.Integer.toString(counter)) + .png)): null

2018-12-14 02:20:47 - [TEST_STEP][PASSED] - Statement - counter = counter + 1: null

2018-12-14 02:20:47 - [TEST_STEP][PASSED] - Statement - PreSaveFile = new java.io.File(((pathPrefix + java.lang.Integer.toString(counter)) + .png)): null

2018-12-14 02:20:47 - [TEST_STEP][PASSED] - Statement - counter = counter + 1: null

2018-12-14 02:20:47 - [TEST_STEP][PASSED] - Statement - PreSaveFile = new java.io.File(((pathPrefix + java.lang.Integer.toString(counter)) + .png)): null

2018-12-14 02:20:47 - [TEST_STEP][PASSED] - Statement - counter = counter + 1: null

2018-12-14 02:20:47 - [TEST_STEP][PASSED] - Statement - PreSaveFile = new java.io.File(((pathPrefix + java.lang.Integer.toString(counter)) + .png)): null

2018-12-14 02:20:47 - [TEST_STEP][PASSED] - Statement - counter = counter + 1: null

2018-12-14 02:20:47 - [TEST_STEP][PASSED] - Statement - PreSaveFile = new java.io.File(((pathPrefix + java.lang.Integer.toString(counter)) + .png)): null

2018-12-14 02:20:47 - [TEST_STEP][PASSED] - Statement - counter = counter + 1: null

2018-12-14 02:20:47 - [TEST_STEP][PASSED] - Statement - PreSaveFile = new java.io.File(((pathPrefix + java.lang.Integer.toString(counter)) + .png)): null

2018-12-14 02:20:47 - [TEST_STEP][PASSED] - Statement - counter = counter + 1: null

2018-12-14 02:20:47 - [TEST_STEP][PASSED] - Statement - PreSaveFile = new java.io.File(((pathPrefix + java.lang.Integer.toString(counter)) + .png)): null

2018-12-14 02:20:47 - [TEST_STEP][PASSED] - Statement - counter = counter + 1: null

2018-12-14 02:20:47 - [TEST_STEP][PASSED] - Statement - PreSaveFile = new java.io.File(((pathPrefix + java.lang.Integer.toString(counter)) + .png)): null

2018-12-14 02:20:47 - [TEST_STEP][PASSED] - Statement - counter = counter + 1: null

2018-12-14 02:20:47 - [TEST_STEP][PASSED] - Statement - PreSaveFile = new java.io.File(((pathPrefix + java.lang.Integer.toString(counter)) + .png)): null

2018-12-14 02:20:47 - [TEST_STEP][PASSED] - Statement - counter = counter + 1: null

2018-12-14 02:20:47 - [TEST_STEP][PASSED] - Statement - PreSaveFile = new java.io.File(((pathPrefix + java.lang.Integer.toString(counter)) + .png)): null

2018-12-14 02:20:47 - [TEST_STEP][PASSED] - Statement - counter = counter + 1: null

2018-12-14 02:20:47 - [TEST_STEP][PASSED] - Statement - PreSaveFile = new java.io.File(((pathPrefix + java.lang.Integer.toString(counter)) + .png)): null

2018-12-14 02:20:47 - [TEST_STEP][PASSED] - Statement - counter = counter + 1: null

2018-12-14 02:20:47 - [TEST_STEP][PASSED] - Statement - PreSaveFile = new java.io.File(((pathPrefix + java.lang.Integer.toString(counter)) + .png)): null

2018-12-14 02:20:47 - [TEST_STEP][PASSED] - Statement - counter = counter + 1: null

2018-12-14 02:20:47 - [TEST_STEP][PASSED] - Statement - PreSaveFile = new java.io.File(((pathPrefix + java.lang.Integer.toString(counter)) + .png)): null

2018-12-14 02:20:47 - [TEST_STEP][PASSED] - Statement - counter = counter + 1: null

2018-12-14 02:20:47 - [TEST_STEP][PASSED] - Statement - PreSaveFile = new java.io.File(((pathPrefix + java.lang.Integer.toString(counter)) + .png)): null

2018-12-14 02:20:47 - [TEST_STEP][PASSED] - Statement - counter = counter + 1: null

2018-12-14 02:20:47 - [TEST_STEP][PASSED] - Statement - PreSaveFile = new java.io.File(((pathPrefix + java.lang.Integer.toString(counter)) + .png)): null

2018-12-14 02:20:47 - [TEST_STEP][PASSED] - Statement - counter = counter + 1: null

2018-12-14 02:20:47 - [TEST_STEP][PASSED] - Statement - PreSaveFile = new java.io.File(((pathPrefix + java.lang.Integer.toString(counter)) + .png)): null

2018-12-14 02:20:47 - [TEST_STEP][PASSED] - Statement - counter = counter + 1: null

2018-12-14 02:20:47 - [TEST_STEP][PASSED] - Statement - PreSaveFile = new java.io.File(((pathPrefix + java.lang.Integer.toString(counter)) + .png)): null

2018-12-14 02:20:47 - [TEST_STEP][PASSED] - Statement - counter = counter + 1: null

2018-12-14 02:20:47 - [TEST_STEP][PASSED] - Statement - PreSaveFile = new java.io.File(((pathPrefix + java.lang.Integer.toString(counter)) + .png)): null

2018-12-14 02:20:47 - [TEST_STEP][PASSED] - Statement - counter = counter + 1: null

2018-12-14 02:20:47 - [TEST_STEP][PASSED] - Statement - PreSaveFile = new java.io.File(((pathPrefix + java.lang.Integer.toString(counter)) + .png)): null

2018-12-14 02:20:47 - [TEST_STEP][PASSED] - Statement - counter = counter + 1: null

2018-12-14 02:20:47 - [TEST_STEP][PASSED] - Statement - PreSaveFile = new java.io.File(((pathPrefix + java.lang.Integer.toString(counter)) + .png)): null

2018-12-14 02:20:47 - [TEST_STEP][PASSED] - Statement - counter = counter + 1: null

2018-12-14 02:20:47 - [TEST_STEP][PASSED] - Statement - PreSaveFile = new java.io.File(((pathPrefix + java.lang.Integer.toString(counter)) + .png)): null

2018-12-14 02:20:47 - [TEST_STEP][PASSED] - Statement - counter = counter + 1: null

2018-12-14 02:20:47 - [TEST_STEP][PASSED] - Statement - PreSaveFile = new java.io.File(((pathPrefix + java.lang.Integer.toString(counter)) + .png)): null

2018-12-14 02:20:47 - [TEST_STEP][PASSED] - Statement - counter = counter + 1: null

2018-12-14 02:20:47 - [TEST_STEP][PASSED] - Statement - PreSaveFile = new java.io.File(((pathPrefix + java.lang.Integer.toString(counter)) + .png)): null

2018-12-14 02:20:47 - [TEST_STEP][PASSED] - Statement - counter = counter + 1: null

2018-12-14 02:20:47 - [TEST_STEP][PASSED] - Statement - PreSaveFile = new java.io.File(((pathPrefix + java.lang.Integer.toString(counter)) + .png)): null

2018-12-14 02:20:47 - [TEST_STEP][PASSED] - Statement - counter = counter + 1: null

2018-12-14 02:20:47 - [TEST_STEP][PASSED] - Statement - PreSaveFile = new java.io.File(((pathPrefix + java.lang.Integer.toString(counter)) + .png)): null

2018-12-14 02:20:47 - [TEST_STEP][PASSED] - Statement - counter = counter + 1: null

2018-12-14 02:20:47 - [TEST_STEP][PASSED] - Statement - PreSaveFile = new java.io.File(((pathPrefix + java.lang.Integer.toString(counter)) + .png)): null

2018-12-14 02:20:47 - [TEST_STEP][PASSED] - Statement - counter = counter + 1: null

2018-12-14 02:20:47 - [TEST_STEP][PASSED] - Statement - PreSaveFile = new java.io.File(((pathPrefix + java.lang.Integer.toString(counter)) + .png)): null

2018-12-14 02:20:47 - [TEST_STEP][PASSED] - Statement - counter = counter + 1: null

2018-12-14 02:20:47 - [TEST_STEP][PASSED] - Statement - PreSaveFile = new java.io.File(((pathPrefix + java.lang.Integer.toString(counter)) + .png)): null

2018-12-14 02:20:47 - [TEST_STEP][PASSED] - Statement - counter = counter + 1: null

2018-12-14 02:20:47 - [TEST_STEP][PASSED] - Statement - PreSaveFile = new java.io.File(((pathPrefix + java.lang.Integer.toString(counter)) + .png)): null

2018-12-14 02:20:47 - [TEST_STEP][PASSED] - Statement - counter = counter + 1: null

2018-12-14 02:20:47 - [TEST_STEP][PASSED] - Statement - PreSaveFile = new java.io.File(((pathPrefix + java.lang.Integer.toString(counter)) + .png)): null

2018-12-14 02:20:47 - [TEST_STEP][PASSED] - Statement - counter = counter + 1: null

2018-12-14 02:20:47 - [TEST_STEP][PASSED] - Statement - PreSaveFile = new java.io.File(((pathPrefix + java.lang.Integer.toString(counter)) + .png)): null

2018-12-14 02:20:47 - [TEST_STEP][PASSED] - Statement - counter = counter + 1: null

2018-12-14 02:20:47 - [TEST_STEP][PASSED] - Statement - PreSaveFile = new java.io.File(((pathPrefix + java.lang.Integer.toString(counter)) + .png)): null

2018-12-14 02:20:47 - [TEST_STEP][PASSED] - Statement - counter = counter + 1: null

2018-12-14 02:20:47 - [TEST_STEP][PASSED] - Statement - PreSaveFile = new java.io.File(((pathPrefix + java.lang.Integer.toString(counter)) + .png)): null

2018-12-14 02:20:47 - [TEST_STEP][PASSED] - Statement - counter = counter + 1: null

2018-12-14 02:20:47 - [TEST_STEP][PASSED] - Statement - PreSaveFile = new java.io.File(((pathPrefix + java.lang.Integer.toString(counter)) + .png)): null

2018-12-14 02:20:47 - [TEST_STEP][PASSED] - Statement - counter = counter + 1: null

2018-12-14 02:20:47 - [TEST_STEP][PASSED] - Statement - PreSaveFile = new java.io.File(((pathPrefix + java.lang.Integer.toString(counter)) + .png)): null

2018-12-14 02:20:47 - [TEST_STEP][PASSED] - Statement - counter = counter + 1: null

2018-12-14 02:20:47 - [TEST_STEP][PASSED] - Statement - PreSaveFile = new java.io.File(((pathPrefix + java.lang.Integer.toString(counter)) + .png)): null

2018-12-14 02:20:47 - [TEST_STEP][PASSED] - Statement - counter = counter + 1: null

2018-12-14 02:20:47 - [TEST_STEP][PASSED] - Statement - PreSaveFile = new java.io.File(((pathPrefix + java.lang.Integer.toString(counter)) + .png)): null

2018-12-14 02:20:47 - [TEST_STEP][PASSED] - Statement - counter = counter + 1: null

2018-12-14 02:20:47 - [TEST_STEP][PASSED] - Statement - PreSaveFile = new java.io.File(((pathPrefix + java.lang.Integer.toString(counter)) + .png)): null

2018-12-14 02:20:47 - [TEST_STEP][PASSED] - Statement - counter = counter + 1: null

2018-12-14 02:20:47 - [TEST_STEP][PASSED] - Statement - PreSaveFile = new java.io.File(((pathPrefix + java.lang.Integer.toString(counter)) + .png)): null

2018-12-14 02:20:47 - [TEST_STEP][PASSED] - Statement - counter = counter + 1: null

2018-12-14 02:20:47 - [TEST_STEP][PASSED] - Statement - PreSaveFile = new java.io.File(((pathPrefix + java.lang.Integer.toString(counter)) + .png)): null

2018-12-14 02:20:47 - [TEST_STEP][PASSED] - Statement - counter = counter + 1: null

2018-12-14 02:20:47 - [TEST_STEP][PASSED] - Statement - PreSaveFile = new java.io.File(((pathPrefix + java.lang.Integer.toString(counter)) + .png)): null

2018-12-14 02:20:47 - [TEST_STEP][PASSED] - Statement - counter = counter + 1: null

2018-12-14 02:20:47 - [TEST_STEP][PASSED] - Statement - PreSaveFile = new java.io.File(((pathPrefix + java.lang.Integer.toString(counter)) + .png)): null

2018-12-14 02:20:47 - [TEST_STEP][PASSED] - Statement - counter = counter + 1: null

2018-12-14 02:20:47 - [TEST_STEP][PASSED] - Statement - PreSaveFile = new java.io.File(((pathPrefix + java.lang.Integer.toString(counter)) + .png)): null

2018-12-14 02:20:47 - [TEST_STEP][PASSED] - Statement - counter = counter + 1: null

2018-12-14 02:20:47 - [TEST_STEP][PASSED] - Statement - PreSaveFile = new java.io.File(((pathPrefix + java.lang.Integer.toString(counter)) + .png)): null

2018-12-14 02:20:47 - [TEST_STEP][PASSED] - Statement - counter = counter + 1: null

2018-12-14 02:20:47 - [TEST_STEP][PASSED] - Statement - PreSaveFile = new java.io.File(((pathPrefix + java.lang.Integer.toString(counter)) + .png)): null

2018-12-14 02:20:47 - [TEST_STEP][PASSED] - Statement - counter = counter + 1: null

2018-12-14 02:20:47 - [TEST_STEP][PASSED] - Statement - PreSaveFile = new java.io.File(((pathPrefix + java.lang.Integer.toString(counter)) + .png)): null

2018-12-14 02:20:47 - [TEST_STEP][PASSED] - Statement - counter = counter + 1: null

2018-12-14 02:20:47 - [TEST_STEP][PASSED] - Statement - PreSaveFile = new java.io.File(((pathPrefix + java.lang.Integer.toString(counter)) + .png)): null

2018-12-14 02:20:47 - [TEST_STEP][PASSED] - Statement - counter = counter + 1: null

2018-12-14 02:20:47 - [TEST_STEP][PASSED] - Statement - PreSaveFile = new java.io.File(((pathPrefix + java.lang.Integer.toString(counter)) + .png)): null

2018-12-14 02:20:47 - [TEST_STEP][PASSED] - Statement - counter = counter + 1: null

2018-12-14 02:20:47 - [TEST_STEP][PASSED] - Statement - PreSaveFile = new java.io.File(((pathPrefix + java.lang.Integer.toString(counter)) + .png)): null

2018-12-14 02:20:47 - [TEST_STEP][PASSED] - Statement - counter = counter + 1: null

2018-12-14 02:20:47 - [TEST_STEP][PASSED] - Statement - PreSaveFile = new java.io.File(((pathPrefix + java.lang.Integer.toString(counter)) + .png)): null

2018-12-14 02:20:47 - [TEST_STEP][PASSED] - Statement - counter = counter + 1: null

2018-12-14 02:20:47 - [TEST_STEP][PASSED] - Statement - PreSaveFile = new java.io.File(((pathPrefix + java.lang.Integer.toString(counter)) + .png)): null

2018-12-14 02:20:47 - [TEST_STEP][PASSED] - Statement - counter = counter + 1: null

2018-12-14 02:20:47 - [TEST_STEP][PASSED] - Statement - PreSaveFile = new java.io.File(((pathPrefix + java.lang.Integer.toString(counter)) + .png)): null

2018-12-14 02:20:47 - [TEST_STEP][PASSED] - Statement - counter = counter + 1: null

2018-12-14 02:20:47 - [TEST_STEP][PASSED] - Statement - PreSaveFile = new java.io.File(((pathPrefix + java.lang.Integer.toString(counter)) + .png)): null

2018-12-14 02:20:47 - [TEST_STEP][PASSED] - Statement - counter = counter + 1: null

2018-12-14 02:20:47 - [TEST_STEP][PASSED] - Statement - PreSaveFile = new java.io.File(((pathPrefix + java.lang.Integer.toString(counter)) + .png)): null

2018-12-14 02:20:47 - [TEST_STEP][PASSED] - Statement - counter = counter + 1: null

2018-12-14 02:20:47 - [TEST_STEP][PASSED] - Statement - PreSaveFile = new java.io.File(((pathPrefix + java.lang.Integer.toString(counter)) + .png)): null

2018-12-14 02:20:47 - [TEST_STEP][PASSED] - Statement - counter = counter + 1: null

2018-12-14 02:20:47 - [TEST_STEP][PASSED] - Statement - PreSaveFile = new java.io.File(((pathPrefix + java.lang.Integer.toString(counter)) + .png)): null

2018-12-14 02:20:47 - [TEST_STEP][PASSED] - Statement - counter = counter + 1: null

2018-12-14 02:20:47 - [TEST_STEP][PASSED] - Statement - PreSaveFile = new java.io.File(((pathPrefix + java.lang.Integer.toString(counter)) + .png)): null

2018-12-14 02:20:47 - [TEST_STEP][PASSED] - Statement - counter = counter + 1: null

2018-12-14 02:20:47 - [TEST_STEP][PASSED] - Statement - PreSaveFile = new java.io.File(((pathPrefix + java.lang.Integer.toString(counter)) + .png)): null

2018-12-14 02:20:47 - [TEST_STEP][PASSED] - Statement - counter = counter + 1: null

2018-12-14 02:20:47 - [TEST_STEP][PASSED] - Statement - PreSaveFile = new java.io.File(((pathPrefix + java.lang.Integer.toString(counter)) + .png)): null

2018-12-14 02:20:47 - [TEST_STEP][PASSED] - Statement - counter = counter + 1: null

2018-12-14 02:20:47 - [TEST_STEP][PASSED] - Statement - PreSaveFile = new java.io.File(((pathPrefix + java.lang.Integer.toString(counter)) + .png)): null

2018-12-14 02:20:47 - [TEST_STEP][PASSED] - Statement - counter = counter + 1: null

2018-12-14 02:20:47 - [TEST_STEP][PASSED] - Statement - PreSaveFile = new java.io.File(((pathPrefix + java.lang.Integer.toString(counter)) + .png)): null

2018-12-14 02:20:47 - [TEST_STEP][PASSED] - Statement - counter = counter + 1: null

2018-12-14 02:20:47 - [TEST_STEP][PASSED] - Statement - PreSaveFile = new java.io.File(((pathPrefix + java.lang.Integer.toString(counter)) + .png)): null

2018-12-14 02:20:47 - [TEST_STEP][PASSED] - Statement - counter = counter + 1: null

2018-12-14 02:20:47 - [TEST_STEP][PASSED] - Statement - PreSaveFile = new java.io.File(((pathPrefix + java.lang.Integer.toString(counter)) + .png)): null

2018-12-14 02:20:47 - [TEST_STEP][PASSED] - Statement - counter = counter + 1: null

2018-12-14 02:20:47 - [TEST_STEP][PASSED] - Statement - PreSaveFile = new java.io.File(((pathPrefix + java.lang.Integer.toString(counter)) + .png)): null

2018-12-14 02:20:47 - [TEST_STEP][PASSED] - Statement - counter = counter + 1: null

2018-12-14 02:20:47 - [TEST_STEP][PASSED] - Statement - PreSaveFile = new java.io.File(((pathPrefix + java.lang.Integer.toString(counter)) + .png)): null

2018-12-14 02:20:47 - [TEST_STEP][PASSED] - Statement - counter = counter + 1: null

2018-12-14 02:20:47 - [TEST_STEP][PASSED] - Statement - PreSaveFile = new java.io.File(((pathPrefix + java.lang.Integer.toString(counter)) + .png)): null

2018-12-14 02:20:47 - [TEST_STEP][PASSED] - Statement - counter = counter + 1: null

2018-12-14 02:20:47 - [TEST_STEP][PASSED] - Statement - PreSaveFile = new java.io.File(((pathPrefix + java.lang.Integer.toString(counter)) + .png)): null

2018-12-14 02:20:47 - [TEST_STEP][PASSED] - Statement - counter = counter + 1: null

2018-12-14 02:20:47 - [TEST_STEP][PASSED] - Statement - PreSaveFile = new java.io.File(((pathPrefix + java.lang.Integer.toString(counter)) + .png)): null

2018-12-14 02:20:47 - [TEST_STEP][PASSED] - Statement - counter = counter + 1: null

2018-12-14 02:20:47 - [TEST_STEP][PASSED] - Statement - PreSaveFile = new java.io.File(((pathPrefix + java.lang.Integer.toString(counter)) + .png)): null

2018-12-14 02:20:47 - [TEST_STEP][PASSED] - Statement - counter = counter + 1: null

2018-12-14 02:20:47 - [TEST_STEP][PASSED] - Statement - PreSaveFile = new java.io.File(((pathPrefix + java.lang.Integer.toString(counter)) + .png)): null

2018-12-14 02:20:47 - [TEST_STEP][PASSED] - Statement - counter = counter + 1: null

2018-12-14 02:20:47 - [TEST_STEP][PASSED] - Statement - PreSaveFile = new java.io.File(((pathPrefix + java.lang.Integer.toString(counter)) + .png)): null

2018-12-14 02:20:47 - [TEST_STEP][PASSED] - Statement - counter = counter + 1: null

2018-12-14 02:20:47 - [TEST_STEP][PASSED] - Statement - PreSaveFile = new java.io.File(((pathPrefix + java.lang.Integer.toString(counter)) + .png)): null

2018-12-14 02:20:47 - [TEST_STEP][PASSED] - Statement - counter = counter + 1: null

2018-12-14 02:20:47 - [TEST_STEP][PASSED] - Statement - PreSaveFile = new java.io.File(((pathPrefix + java.lang.Integer.toString(counter)) + .png)): null

2018-12-14 02:20:47 - [TEST_STEP][PASSED] - Statement - counter = counter + 1: null

2018-12-14 02:20:47 - [TEST_STEP][PASSED] - Statement - PreSaveFile = new java.io.File(((pathPrefix + java.lang.Integer.toString(counter)) + .png)): null

2018-12-14 02:20:47 - [TEST_STEP][PASSED] - Statement - counter = counter + 1: null

2018-12-14 02:20:48 - [TEST_STEP][PASSED] - Statement - PreSaveFile = new java.io.File(((pathPrefix + java.lang.Integer.toString(counter)) + .png)): null

2018-12-14 02:20:48 - [TEST_STEP][PASSED] - Statement - counter = counter + 1: null

2018-12-14 02:20:48 - [TEST_STEP][PASSED] - Statement - PreSaveFile = new java.io.File(((pathPrefix + java.lang.Integer.toString(counter)) + .png)): null

2018-12-14 02:20:48 - [TEST_STEP][PASSED] - Statement - counter = counter + 1: null

2018-12-14 02:20:48 - [TEST_STEP][PASSED] - Statement - PreSaveFile = new java.io.File(((pathPrefix + java.lang.Integer.toString(counter)) + .png)): null

2018-12-14 02:20:48 - [TEST_STEP][PASSED] - Statement - counter = counter + 1: null

2018-12-14 02:20:48 - [TEST_STEP][PASSED] - Statement - PreSaveFile = new java.io.File(((pathPrefix + java.lang.Integer.toString(counter)) + .png)): null

2018-12-14 02:20:48 - [TEST_STEP][PASSED] - Statement - counter = counter + 1: null

2018-12-14 02:20:48 - [TEST_STEP][PASSED] - Statement - PreSaveFile = new java.io.File(((pathPrefix + java.lang.Integer.toString(counter)) + .png)): null

2018-12-14 02:20:48 - [TEST_STEP][PASSED] - Statement - counter = counter + 1: null

2018-12-14 02:20:48 - [TEST_STEP][PASSED] - Statement - PreSaveFile = new java.io.File(((pathPrefix + java.lang.Integer.toString(counter)) + .png)): null

2018-12-14 02:20:48 - [TEST_STEP][PASSED] - Statement - counter = counter + 1: null

2018-12-14 02:20:48 - [TEST_STEP][PASSED] - Statement - PreSaveFile = new java.io.File(((pathPrefix + java.lang.Integer.toString(counter)) + .png)): null

2018-12-14 02:20:48 - [TEST_STEP][PASSED] - Statement - counter = counter + 1: null

2018-12-14 02:20:48 - [TEST_STEP][PASSED] - Statement - PreSaveFile = new java.io.File(((pathPrefix + java.lang.Integer.toString(counter)) + .png)): null

2018-12-14 02:20:48 - [TEST_STEP][PASSED] - Statement - counter = counter + 1: null

2018-12-14 02:20:48 - [TEST_STEP][PASSED] - Statement - PreSaveFile = new java.io.File(((pathPrefix + java.lang.Integer.toString(counter)) + .png)): null

2018-12-14 02:20:48 - [TEST_STEP][PASSED] - Statement - counter = counter + 1: null

2018-12-14 02:20:48 - [TEST_STEP][PASSED] - Statement - PreSaveFile = new java.io.File(((pathPrefix + java.lang.Integer.toString(counter)) + .png)): null

2018-12-14 02:20:48 - [TEST_STEP][PASSED] - Statement - counter = counter + 1: null

2018-12-14 02:20:48 - [TEST_STEP][PASSED] - Statement - PreSaveFile = new java.io.File(((pathPrefix + java.lang.Integer.toString(counter)) + .png)): null

2018-12-14 02:20:48 - [TEST_STEP][PASSED] - Statement - counter = counter + 1: null

2018-12-14 02:20:48 - [TEST_STEP][PASSED] - Statement - PreSaveFile = new java.io.File(((pathPrefix + java.lang.Integer.toString(counter)) + .png)): null

2018-12-14 02:20:48 - [TEST_STEP][PASSED] - Statement - counter = counter + 1: null

2018-12-14 02:20:48 - [TEST_STEP][PASSED] - Statement - PreSaveFile = new java.io.File(((pathPrefix + java.lang.Integer.toString(counter)) + .png)): null

2018-12-14 02:20:48 - [TEST_STEP][PASSED] - Statement - counter = counter + 1: null

2018-12-14 02:20:48 - [TEST_STEP][PASSED] - Statement - PreSaveFile = new java.io.File(((pathPrefix + java.lang.Integer.toString(counter)) + .png)): null

2018-12-14 02:20:48 - [TEST_STEP][PASSED] - Statement - counter = counter + 1: null

2018-12-14 02:20:48 - [TEST_STEP][PASSED] - Statement - PreSaveFile = new java.io.File(((pathPrefix + java.lang.Integer.toString(counter)) + .png)): null

2018-12-14 02:20:48 - [TEST_STEP][PASSED] - Statement - counter = counter + 1: null

2018-12-14 02:20:48 - [TEST_STEP][PASSED] - Statement - PreSaveFile = new java.io.File(((pathPrefix + java.lang.Integer.toString(counter)) + .png)): null

2018-12-14 02:20:48 - [TEST_STEP][PASSED] - Statement - counter = counter + 1: null

2018-12-14 02:20:48 - [TEST_STEP][PASSED] - Statement - PreSaveFile = new java.io.File(((pathPrefix + java.lang.Integer.toString(counter)) + .png)): null

2018-12-14 02:20:48 - [TEST_STEP][PASSED] - Statement - counter = counter + 1: null

2018-12-14 02:20:48 - [TEST_STEP][PASSED] - Statement - PreSaveFile = new java.io.File(((pathPrefix + java.lang.Integer.toString(counter)) + .png)): null

2018-12-14 02:20:48 - [TEST_STEP][PASSED] - Statement - counter = counter + 1: null

2018-12-14 02:20:48 - [TEST_STEP][PASSED] - Statement - PreSaveFile = new java.io.File(((pathPrefix + java.lang.Integer.toString(counter)) + .png)): null

2018-12-14 02:20:48 - [TEST_STEP][PASSED] - Statement - counter = counter + 1: null

2018-12-14 02:20:48 - [TEST_STEP][PASSED] - Statement - PreSaveFile = new java.io.File(((pathPrefix + java.lang.Integer.toString(counter)) + .png)): null

2018-12-14 02:20:48 - [TEST_STEP][PASSED] - Statement - counter = counter + 1: null

2018-12-14 02:20:48 - [TEST_STEP][PASSED] - Statement - PreSaveFile = new java.io.File(((pathPrefix + java.lang.Integer.toString(counter)) + .png)): null

2018-12-14 02:20:48 - [TEST_STEP][PASSED] - Statement - counter = counter + 1: null

2018-12-14 02:20:48 - [TEST_STEP][PASSED] - Statement - PreSaveFile = new java.io.File(((pathPrefix + java.lang.Integer.toString(counter)) + .png)): null

2018-12-14 02:20:48 - [TEST_STEP][PASSED] - Statement - counter = counter + 1: null

2018-12-14 02:20:48 - [TEST_STEP][PASSED] - Statement - PreSaveFile = new java.io.File(((pathPrefix + java.lang.Integer.toString(counter)) + .png)): null

2018-12-14 02:20:48 - [TEST_STEP][PASSED] - Statement - counter = counter + 1: null

2018-12-14 02:20:48 - [TEST_STEP][PASSED] - Statement - PreSaveFile = new java.io.File(((pathPrefix + java.lang.Integer.toString(counter)) + .png)): null

2018-12-14 02:20:48 - [TEST_STEP][PASSED] - Statement - counter = counter + 1: null

2018-12-14 02:20:48 - [TEST_STEP][PASSED] - Statement - PreSaveFile = new java.io.File(((pathPrefix + java.lang.Integer.toString(counter)) + .png)): null

2018-12-14 02:20:48 - [TEST_STEP][PASSED] - Statement - counter = counter + 1: null

2018-12-14 02:20:48 - [TEST_STEP][PASSED] - Statement - PreSaveFile = new java.io.File(((pathPrefix + java.lang.Integer.toString(counter)) + .png)): null

2018-12-14 02:20:48 - [TEST_STEP][PASSED] - Statement - counter = counter + 1: null

2018-12-14 02:20:48 - [TEST_STEP][PASSED] - Statement - PreSaveFile = new java.io.File(((pathPrefix + java.lang.Integer.toString(counter)) + .png)): null

2018-12-14 02:20:48 - [TEST_STEP][PASSED] - Statement - counter = counter + 1: null

2018-12-14 02:20:48 - [TEST_STEP][PASSED] - Statement - PreSaveFile = new java.io.File(((pathPrefix + java.lang.Integer.toString(counter)) + .png)): null

2018-12-14 02:20:48 - [TEST_STEP][PASSED] - Statement - counter = counter + 1: null

2018-12-14 02:20:48 - [TEST_STEP][PASSED] - Statement - PreSaveFile = new java.io.File(((pathPrefix + java.lang.Integer.toString(counter)) + .png)): null

2018-12-14 02:20:48 - [TEST_STEP][PASSED] - Statement - counter = counter + 1: null

2018-12-14 02:20:48 - [TEST_STEP][PASSED] - Statement - PreSaveFile = new java.io.File(((pathPrefix + java.lang.Integer.toString(counter)) + .png)): null

2018-12-14 02:20:48 - [TEST_STEP][PASSED] - Statement - counter = counter + 1: null

2018-12-14 02:20:48 - [TEST_STEP][PASSED] - Statement - PreSaveFile = new java.io.File(((pathPrefix + java.lang.Integer.toString(counter)) + .png)): null

2018-12-14 02:20:48 - [TEST_STEP][PASSED] - Statement - counter = counter + 1: null

2018-12-14 02:20:48 - [TEST_STEP][PASSED] - Statement - PreSaveFile = new java.io.File(((pathPrefix + java.lang.Integer.toString(counter)) + .png)): null

2018-12-14 02:20:48 - [TEST_STEP][PASSED] - Statement - counter = counter + 1: null

2018-12-14 02:20:48 - [TEST_STEP][PASSED] - Statement - PreSaveFile = new java.io.File(((pathPrefix + java.lang.Integer.toString(counter)) + .png)): null

2018-12-14 02:20:48 - [TEST_STEP][PASSED] - Statement - counter = counter + 1: null

2018-12-14 02:20:48 - [TEST_STEP][PASSED] - Statement - PreSaveFile = new java.io.File(((pathPrefix + java.lang.Integer.toString(counter)) + .png)): null

2018-12-14 02:20:48 - [TEST_STEP][PASSED] - Statement - counter = counter + 1: null

2018-12-14 02:20:48 - [TEST_STEP][PASSED] - Statement - PreSaveFile = new java.io.File(((pathPrefix + java.lang.Integer.toString(counter)) + .png)): null

2018-12-14 02:20:48 - [TEST_STEP][PASSED] - Statement - counter = counter + 1: null

2018-12-14 02:20:48 - [TEST_STEP][PASSED] - Statement - PreSaveFile = new java.io.File(((pathPrefix + java.lang.Integer.toString(counter)) + .png)): null

2018-12-14 02:20:48 - [TEST_STEP][PASSED] - Statement - counter = counter + 1: null

2018-12-14 02:20:48 - [TEST_STEP][PASSED] - Statement - PreSaveFile = new java.io.File(((pathPrefix + java.lang.Integer.toString(counter)) + .png)): null

2018-12-14 02:20:48 - [TEST_STEP][PASSED] - Statement - counter = counter + 1: null

2018-12-14 02:20:48 - [TEST_STEP][PASSED] - Statement - PreSaveFile = new java.io.File(((pathPrefix + java.lang.Integer.toString(counter)) + .png)): null

2018-12-14 02:20:48 - [TEST_STEP][PASSED] - Statement - counter = counter + 1: null

2018-12-14 02:20:48 - [TEST_STEP][PASSED] - Statement - PreSaveFile = new java.io.File(((pathPrefix + java.lang.Integer.toString(counter)) + .png)): null

2018-12-14 02:20:48 - [TEST_STEP][PASSED] - Statement - counter = counter + 1: null

2018-12-14 02:20:48 - [TEST_STEP][PASSED] - Statement - PreSaveFile = new java.io.File(((pathPrefix + java.lang.Integer.toString(counter)) + .png)): null

2018-12-14 02:20:48 - [TEST_STEP][PASSED] - Statement - counter = counter + 1: null

2018-12-14 02:20:48 - [TEST_STEP][PASSED] - Statement - PreSaveFile = new java.io.File(((pathPrefix + java.lang.Integer.toString(counter)) + .png)): null

2018-12-14 02:20:48 - [TEST_STEP][PASSED] - Statement - counter = counter + 1: null

2018-12-14 02:20:48 - [TEST_STEP][PASSED] - Statement - PreSaveFile = new java.io.File(((pathPrefix + java.lang.Integer.toString(counter)) + .png)): null

2018-12-14 02:20:48 - [TEST_STEP][PASSED] - Statement - counter = counter + 1: null

2018-12-14 02:20:48 - [TEST_STEP][PASSED] - Statement - PreSaveFile = new java.io.File(((pathPrefix + java.lang.Integer.toString(counter)) + .png)): null

2018-12-14 02:20:48 - [TEST_STEP][PASSED] - Statement - counter = counter + 1: null

2018-12-14 02:20:48 - [TEST_STEP][PASSED] - Statement - PreSaveFile = new java.io.File(((pathPrefix + java.lang.Integer.toString(counter)) + .png)): null

2018-12-14 02:20:48 - [TEST_STEP][PASSED] - Statement - counter = counter + 1: null

2018-12-14 02:20:48 - [TEST_STEP][PASSED] - Statement - PreSaveFile = new java.io.File(((pathPrefix + java.lang.Integer.toString(counter)) + .png)): null

2018-12-14 02:20:48 - [TEST_STEP][PASSED] - Statement - counter = counter + 1: null

2018-12-14 02:20:48 - [TEST_STEP][PASSED] - Statement - PreSaveFile = new java.io.File(((pathPrefix + java.lang.Integer.toString(counter)) + .png)): null

2018-12-14 02:20:48 - [TEST_STEP][PASSED] - Statement - counter = counter + 1: null

2018-12-14 02:20:48 - [TEST_STEP][PASSED] - Statement - PreSaveFile = new java.io.File(((pathPrefix + java.lang.Integer.toString(counter)) + .png)): null

2018-12-14 02:20:48 - [TEST_STEP][PASSED] - Statement - counter = counter + 1: null

2018-12-14 02:20:48 - [TEST_STEP][PASSED] - Statement - PreSaveFile = new java.io.File(((pathPrefix + java.lang.Integer.toString(counter)) + .png)): null

2018-12-14 02:20:48 - [TEST_STEP][PASSED] - Statement - counter = counter + 1: null

2018-12-14 02:20:48 - [TEST_STEP][PASSED] - Statement - PreSaveFile = new java.io.File(((pathPrefix + java.lang.Integer.toString(counter)) + .png)): null

2018-12-14 02:20:48 - [TEST_STEP][PASSED] - Statement - counter = counter + 1: null

2018-12-14 02:20:48 - [TEST_STEP][PASSED] - Statement - PreSaveFile = new java.io.File(((pathPrefix + java.lang.Integer.toString(counter)) + .png)): null

2018-12-14 02:20:48 - [TEST_STEP][PASSED] - Statement - counter = counter + 1: null

2018-12-14 02:20:48 - [TEST_STEP][PASSED] - Statement - PreSaveFile = new java.io.File(((pathPrefix + java.lang.Integer.toString(counter)) + .png)): null

2018-12-14 02:20:48 - [TEST_STEP][PASSED] - Statement - counter = counter + 1: null

2018-12-14 02:20:48 - [TEST_STEP][PASSED] - Statement - PreSaveFile = new java.io.File(((pathPrefix + java.lang.Integer.toString(counter)) + .png)): null

2018-12-14 02:20:48 - [TEST_STEP][PASSED] - Statement - counter = counter + 1: null

2018-12-14 02:20:48 - [TEST_STEP][PASSED] - Statement - PreSaveFile = new java.io.File(((pathPrefix + java.lang.Integer.toString(counter)) + .png)): null

2018-12-14 02:20:48 - [TEST_STEP][PASSED] - Statement - counter = counter + 1: null

2018-12-14 02:20:48 - [TEST_STEP][PASSED] - Statement - PreSaveFile = new java.io.File(((pathPrefix + java.lang.Integer.toString(counter)) + .png)): null

2018-12-14 02:20:48 - [TEST_STEP][PASSED] - Statement - counter = counter + 1: null

2018-12-14 02:20:48 - [TEST_STEP][PASSED] - Statement - PreSaveFile = new java.io.File(((pathPrefix + java.lang.Integer.toString(counter)) + .png)): null

2018-12-14 02:20:48 - [TEST_STEP][PASSED] - Statement - counter = counter + 1: null

2018-12-14 02:20:48 - [TEST_STEP][PASSED] - Statement - PreSaveFile = new java.io.File(((pathPrefix + java.lang.Integer.toString(counter)) + .png)): null

2018-12-14 02:20:48 - [TEST_STEP][PASSED] - Statement - counter = counter + 1: null

2018-12-14 02:20:48 - [TEST_STEP][PASSED] - Statement - PreSaveFile = new java.io.File(((pathPrefix + java.lang.Integer.toString(counter)) + .png)): null

2018-12-14 02:20:48 - [TEST_STEP][PASSED] - Statement - counter = counter + 1: null

2018-12-14 02:20:48 - [TEST_STEP][PASSED] - Statement - PreSaveFile = new java.io.File(((pathPrefix + java.lang.Integer.toString(counter)) + .png)): null

2018-12-14 02:20:48 - [TEST_STEP][PASSED] - Statement - counter = counter + 1: null

2018-12-14 02:20:48 - [TEST_STEP][PASSED] - Statement - PreSaveFile = new java.io.File(((pathPrefix + java.lang.Integer.toString(counter)) + .png)): null

2018-12-14 02:20:48 - [TEST_STEP][PASSED] - Statement - counter = counter + 1: null

2018-12-14 02:20:48 - [TEST_STEP][PASSED] - Statement - PreSaveFile = new java.io.File(((pathPrefix + java.lang.Integer.toString(counter)) + .png)): null

2018-12-14 02:20:48 - [TEST_STEP][PASSED] - Statement - counter = counter + 1: null

2018-12-14 02:20:48 - [TEST_STEP][PASSED] - Statement - PreSaveFile = new java.io.File(((pathPrefix + java.lang.Integer.toString(counter)) + .png)): null

2018-12-14 02:20:48 - [TEST_STEP][PASSED] - Statement - counter = counter + 1: null

2018-12-14 02:20:48 - [TEST_STEP][PASSED] - Statement - PreSaveFile = new java.io.File(((pathPrefix + java.lang.Integer.toString(counter)) + .png)): null

2018-12-14 02:20:48 - [TEST_STEP][PASSED] - Statement - counter = counter + 1: null

2018-12-14 02:20:48 - [TEST_STEP][PASSED] - Statement - PreSaveFile = new java.io.File(((pathPrefix + java.lang.Integer.toString(counter)) + .png)): null

2018-12-14 02:20:48 - [TEST_STEP][PASSED] - Statement - counter = counter + 1: null

2018-12-14 02:20:48 - [TEST_STEP][PASSED] - Statement - PreSaveFile = new java.io.File(((pathPrefix + java.lang.Integer.toString(counter)) + .png)): null

2018-12-14 02:20:48 - [TEST_STEP][PASSED] - Statement - counter = counter + 1: null

2018-12-14 02:20:48 - [TEST_STEP][PASSED] - Statement - PreSaveFile = new java.io.File(((pathPrefix + java.lang.Integer.toString(counter)) + .png)): null

2018-12-14 02:20:48 - [TEST_STEP][PASSED] - Statement - counter = counter + 1: null

2018-12-14 02:20:48 - [TEST_STEP][PASSED] - Statement - PreSaveFile = new java.io.File(((pathPrefix + java.lang.Integer.toString(counter)) + .png)): null

2018-12-14 02:20:48 - [TEST_STEP][PASSED] - Statement - counter = counter + 1: null

2018-12-14 02:20:48 - [TEST_STEP][PASSED] - Statement - PreSaveFile = new java.io.File(((pathPrefix + java.lang.Integer.toString(counter)) + .png)): null

2018-12-14 02:20:48 - [TEST_STEP][PASSED] - Statement - counter = counter + 1: null

2018-12-14 02:20:48 - [TEST_STEP][PASSED] - Statement - PreSaveFile = new java.io.File(((pathPrefix + java.lang.Integer.toString(counter)) + .png)): null

2018-12-14 02:20:48 - [TEST_STEP][PASSED] - Statement - counter = counter + 1: null

2018-12-14 02:20:48 - [TEST_STEP][PASSED] - Statement - PreSaveFile = new java.io.File(((pathPrefix + java.lang.Integer.toString(counter)) + .png)): null

2018-12-14 02:20:48 - [TEST_STEP][PASSED] - Statement - counter = counter + 1: null

2018-12-14 02:20:48 - [TEST_STEP][PASSED] - Statement - PreSaveFile = new java.io.File(((pathPrefix + java.lang.Integer.toString(counter)) + .png)): null

2018-12-14 02:20:48 - [TEST_STEP][PASSED] - Statement - counter = counter + 1: null

2018-12-14 02:20:48 - [TEST_STEP][PASSED] - Statement - PreSaveFile = new java.io.File(((pathPrefix + java.lang.Integer.toString(counter)) + .png)): null

2018-12-14 02:20:48 - [TEST_STEP][PASSED] - Statement - counter = counter + 1: null

2018-12-14 02:20:48 - [TEST_STEP][PASSED] - Statement - PreSaveFile = new java.io.File(((pathPrefix + java.lang.Integer.toString(counter)) + .png)): null

2018-12-14 02:20:48 - [TEST_STEP][PASSED] - Statement - counter = counter + 1: null

2018-12-14 02:20:48 - [TEST_STEP][PASSED] - Statement - PreSaveFile = new java.io.File(((pathPrefix + java.lang.Integer.toString(counter)) + .png)): null

2018-12-14 02:20:48 - [TEST_STEP][PASSED] - Statement - counter = counter + 1: null

2018-12-14 02:20:48 - [TEST_STEP][PASSED] - Statement - PreSaveFile = new java.io.File(((pathPrefix + java.lang.Integer.toString(counter)) + .png)): null

2018-12-14 02:20:48 - [TEST_STEP][PASSED] - Statement - counter = counter + 1: null

2018-12-14 02:20:48 - [TEST_STEP][PASSED] - Statement - PreSaveFile = new java.io.File(((pathPrefix + java.lang.Integer.toString(counter)) + .png)): null

2018-12-14 02:20:48 - [TEST_STEP][PASSED] - Statement - counter = counter + 1: null

2018-12-14 02:20:48 - [TEST_STEP][PASSED] - Statement - PreSaveFile = new java.io.File(((pathPrefix + java.lang.Integer.toString(counter)) + .png)): null

2018-12-14 02:20:48 - [TEST_STEP][PASSED] - Statement - counter = counter + 1: null

2018-12-14 02:20:48 - [TEST_STEP][PASSED] - Statement - PreSaveFile = new java.io.File(((pathPrefix + java.lang.Integer.toString(counter)) + .png)): null

2018-12-14 02:20:48 - [TEST_STEP][PASSED] - Statement - counter = counter + 1: null

2018-12-14 02:20:48 - [TEST_STEP][PASSED] - Statement - PreSaveFile = new java.io.File(((pathPrefix + java.lang.Integer.toString(counter)) + .png)): null

2018-12-14 02:20:48 - [TEST_STEP][PASSED] - Statement - counter = counter + 1: null

2018-12-14 02:20:48 - [TEST_STEP][PASSED] - Statement - PreSaveFile = new java.io.File(((pathPrefix + java.lang.Integer.toString(counter)) + .png)): null

2018-12-14 02:20:48 - [TEST_STEP][PASSED] - Statement - counter = counter + 1: null

2018-12-14 02:20:48 - [TEST_STEP][PASSED] - Statement - PreSaveFile = new java.io.File(((pathPrefix + java.lang.Integer.toString(counter)) + .png)): null

2018-12-14 02:20:48 - [TEST_STEP][PASSED] - Statement - counter = counter + 1: null

2018-12-14 02:20:48 - [TEST_STEP][PASSED] - Statement - PreSaveFile = new java.io.File(((pathPrefix + java.lang.Integer.toString(counter)) + .png)): null

2018-12-14 02:20:48 - [TEST_STEP][PASSED] - Statement - counter = counter + 1: null

2018-12-14 02:20:48 - [TEST_STEP][PASSED] - Statement - PreSaveFile = new java.io.File(((pathPrefix + java.lang.Integer.toString(counter)) + .png)): null

2018-12-14 02:20:48 - [TEST_STEP][PASSED] - Statement - counter = counter + 1: null

2018-12-14 02:20:48 - [TEST_STEP][PASSED] - Statement - PreSaveFile = new java.io.File(((pathPrefix + java.lang.Integer.toString(counter)) + .png)): null

2018-12-14 02:20:48 - [TEST_STEP][PASSED] - Statement - counter = counter + 1: null

2018-12-14 02:20:48 - [TEST_STEP][PASSED] - Statement - PreSaveFile = new java.io.File(((pathPrefix + java.lang.Integer.toString(counter)) + .png)): null

2018-12-14 02:20:48 - [TEST_STEP][PASSED] - Statement - counter = counter + 1: null

2018-12-14 02:20:48 - [TEST_STEP][PASSED] - Statement - PreSaveFile = new java.io.File(((pathPrefix + java.lang.Integer.toString(counter)) + .png)): null

2018-12-14 02:20:48 - [TEST_STEP][PASSED] - Statement - counter = counter + 1: null

2018-12-14 02:20:48 - [TEST_STEP][PASSED] - Statement - PreSaveFile = new java.io.File(((pathPrefix + java.lang.Integer.toString(counter)) + .png)): null

2018-12-14 02:20:48 - [TEST_STEP][PASSED] - Statement - counter = counter + 1: null

2018-12-14 02:20:48 - [TEST_STEP][PASSED] - Statement - PreSaveFile = new java.io.File(((pathPrefix + java.lang.Integer.toString(counter)) + .png)): null

2018-12-14 02:20:48 - [TEST_STEP][PASSED] - Statement - counter = counter + 1: null

2018-12-14 02:20:48 - [TEST_STEP][PASSED] - Statement - PreSaveFile = new java.io.File(((pathPrefix + java.lang.Integer.toString(counter)) + .png)): null

2018-12-14 02:20:48 - [TEST_STEP][PASSED] - Statement - counter = counter + 1: null

2018-12-14 02:20:48 - [TEST_STEP][PASSED] - Statement - PreSaveFile = new java.io.File(((pathPrefix + java.lang.Integer.toString(counter)) + .png)): null

2018-12-14 02:20:48 - [TEST_STEP][PASSED] - Statement - counter = counter + 1: null

2018-12-14 02:20:48 - [TEST_STEP][PASSED] - Statement - PreSaveFile = new java.io.File(((pathPrefix + java.lang.Integer.toString(counter)) + .png)): null

2018-12-14 02:20:48 - [TEST_STEP][PASSED] - Statement - counter = counter + 1: null

2018-12-14 02:20:48 - [TEST_STEP][PASSED] - Statement - PreSaveFile = new java.io.File(((pathPrefix + java.lang.Integer.toString(counter)) + .png)): null

2018-12-14 02:20:48 - [TEST_STEP][PASSED] - Statement - counter = counter + 1: null

2018-12-14 02:20:48 - [TEST_STEP][PASSED] - Statement - PreSaveFile = new java.io.File(((pathPrefix + java.lang.Integer.toString(counter)) + .png)): null

2018-12-14 02:20:48 - [TEST_STEP][PASSED] - Statement - counter = counter + 1: null

2018-12-14 02:20:48 - [TEST_STEP][PASSED] - Statement - PreSaveFile = new java.io.File(((pathPrefix + java.lang.Integer.toString(counter)) + .png)): null

2018-12-14 02:20:48 - [TEST_STEP][PASSED] - Statement - counter = counter + 1: null

2018-12-14 02:20:48 - [TEST_STEP][PASSED] - Statement - PreSaveFile = new java.io.File(((pathPrefix + java.lang.Integer.toString(counter)) + .png)): null

2018-12-14 02:20:48 - [TEST_STEP][PASSED] - Statement - counter = counter + 1: null

2018-12-14 02:20:48 - [TEST_STEP][PASSED] - Statement - PreSaveFile = new java.io.File(((pathPrefix + java.lang.Integer.toString(counter)) + .png)): null

2018-12-14 02:20:48 - [TEST_STEP][PASSED] - Statement - counter = counter + 1: null

2018-12-14 02:20:48 - [TEST_STEP][PASSED] - Statement - PreSaveFile = new java.io.File(((pathPrefix + java.lang.Integer.toString(counter)) + .png)): null

2018-12-14 02:20:48 - [TEST_STEP][PASSED] - Statement - counter = counter + 1: null

2018-12-14 02:20:48 - [TEST_STEP][PASSED] - Statement - PreSaveFile = new java.io.File(((pathPrefix + java.lang.Integer.toString(counter)) + .png)): null

2018-12-14 02:20:48 - [TEST_STEP][PASSED] - Statement - counter = counter + 1: null

2018-12-14 02:20:48 - [TEST_STEP][PASSED] - Statement - PreSaveFile = new java.io.File(((pathPrefix + java.lang.Integer.toString(counter)) + .png)): null

2018-12-14 02:20:48 - [TEST_STEP][PASSED] - Statement - counter = counter + 1: null

2018-12-14 02:20:48 - [TEST_STEP][PASSED] - Statement - PreSaveFile = new java.io.File(((pathPrefix + java.lang.Integer.toString(counter)) + .png)): null

2018-12-14 02:20:48 - [TEST_STEP][PASSED] - Statement - counter = counter + 1: null

2018-12-14 02:20:48 - [TEST_STEP][PASSED] - Statement - PreSaveFile = new java.io.File(((pathPrefix + java.lang.Integer.toString(counter)) + .png)): null

2018-12-14 02:20:48 - [TEST_STEP][PASSED] - Statement - counter = counter + 1: null

2018-12-14 02:20:48 - [TEST_STEP][PASSED] - Statement - PreSaveFile = new java.io.File(((pathPrefix + java.lang.Integer.toString(counter)) + .png)): null

2018-12-14 02:20:48 - [TEST_STEP][PASSED] - Statement - counter = counter + 1: null

2018-12-14 02:20:48 - [TEST_STEP][PASSED] - Statement - PreSaveFile = new java.io.File(((pathPrefix + java.lang.Integer.toString(counter)) + .png)): null

2018-12-14 02:20:48 - [TEST_STEP][PASSED] - Statement - finalPath = pathPrefix + java.lang.Integer.toString(counter) + ".png": null

2018-12-14 02:20:48 - [TEST_STEP][PASSED] - Statement - SaveFile = new java.io.File(finalPath): null

2018-12-14 02:20:48 - [TEST_STEP][PASSED] - Statement - Try: null

2018-12-14 02:20:48 - [TEST_STEP][PASSED] - Statement - org.apache.commons.io.FileUtils.copyFile(scrFile, SaveFile): null

2018-12-14 02:20:48 - [TEST_STEP][PASSED] - Statement - out.println("file kept"): null

2018-12-14 02:20:48 - [TEST_STEP][PASSED] - delay: Delayed 10 second(s)

2018-12-14 02:20:58 - [MESSAGE][PASSED] - Delayed 10 second(s)

2018-12-14 02:20:58 - [MESSAGE][PASSED] - Call Test Case 'Test Cases/Final Aug 2018 - PKS Automation/Registration Module/New Registration/Submit and Screenshot/Submit Registration and Screenshot - Copy' successfully

2018-12-14 02:20:58 - [TEST_STEP][PASSED] - Statement - UpdateAddNewECode = com.kms.katalon.core.webui.keyword.WebUiBuiltInKeywords.getText(com.kms.katalon.core.testobject.ObjectRepository.findTestObject(Object Repository/Final Object Repo/Page_Update Add New Employee - ASSIST/getEmpCode)): Text of object 'Object Repository/Final Object Repo/Page_Update Add New Employee - ASSIST/getEmpCode' is: 'E1102070883P'

2018-12-14 02:20:58 - [MESSAGE][PASSED] - Text of object 'Object Repository/Final Object Repo/Page_Update Add New Employee - ASSIST/getEmpCode' is: 'E1102070883P'

2018-12-14 02:20:58 - [TEST_STEP][PASSED] - callTestCase: Call Test Case 'Test Cases/Final Aug 2018 - PKS Automation/Common/Emp Code Setter' successfully

2018-12-14 02:20:58 - [TEST_CASE][PASSED] - Test Cases/Final Aug 2018 - PKS Automation/Common/Emp Code Setter: Test Cases/Final Aug 2018 - PKS Automation/Common/Emp Code Setter

2018-12-14 02:20:58 - [TEST_STEP][PASSED] - Statement - EmpCodeOld = new java.io.File(C://Users//Admin//Desktop//PKS//Automation Reference Point//EmpCode.txt): null

2018-12-14 02:20:58 - [TEST_STEP][PASSED] - Statement - EmpCodeOld.delete(): null

2018-12-14 02:20:58 - [TEST_STEP][PASSED] - Statement - EmpCode = new java.io.File(C://Users//Admin//Desktop//PKS//Automation Reference Point//EmpCode.txt): null

2018-12-14 02:20:58 - [TEST_STEP][PASSED] - Statement - f2 = new java.io.FileWriter(EmpCode, false): null

2018-12-14 02:20:58 - [TEST_STEP][PASSED] - Statement - f2.write(UpdateAddNewECode): null

2018-12-14 02:20:58 - [TEST_STEP][PASSED] - Statement - f2.close(): null

2018-12-14 02:20:58 - [TEST_STEP][PASSED] - Statement - out.println("


" + UpdateAddNewECode + "


"): null

2018-12-14 02:20:58 - [MESSAGE][PASSED] - Call Test Case 'Test Cases/Final Aug 2018 - PKS Automation/Common/Emp Code Setter' successfully

2018-12-14 02:20:58 - [MESSAGE][PASSED] - Call Test Case 'Test Cases/Final Aug 2018 - PKS Automation/Registration Module/Workflow/Update Add New Employee/Template/New Company for Update Add New' successfully

2018-12-14 02:20:58 - [TEST_STEP][PASSED] - callTestCase: Call Test Case 'Test Cases/Final Aug 2018 - PKS Automation/Registration Module/Log Out/log out avoiding katalon tagging' successfully

2018-12-14 02:20:58 - [TEST_CASE][PASSED] - Test Cases/Final Aug 2018 - PKS Automation/Registration Module/Log Out/log out avoiding katalon tagging: Test Cases/Final Aug 2018 - PKS Automation/Registration Module/Log Out/log out avoiding katalon tagging

2018-12-14 02:20:58 - [TEST_STEP][PASSED] - navigateToUrl: Navigate to 'https://assist2-uat.perkeso.gov.my/c/portal/logout' successfully

2018-12-14 02:20:59 - [MESSAGE][PASSED] - Navigate to 'https://assist2-uat.perkeso.gov.my/c/portal/logout' successfully

2018-12-14 02:20:59 - [MESSAGE][PASSED] - Call Test Case 'Test Cases/Final Aug 2018 - PKS Automation/Registration Module/Log Out/log out avoiding katalon tagging' successfully

2018-12-14 02:20:59 - [TEST_STEP][PASSED] - callTestCase: Call Test Case 'Test Cases/Final Aug 2018 - PKS Automation/Registration Module/New Registration/Form 2/Date Updater' successfully

2018-12-14 02:20:59 - [TEST_CASE][PASSED] - Test Cases/Final Aug 2018 - PKS Automation/Registration Module/New Registration/Form 2/Date Updater: Test Cases/Final Aug 2018 - PKS Automation/Registration Module/New Registration/Form 2/Date Updater

2018-12-14 02:20:59 - [TEST_STEP][PASSED] - Statement - TodayDate = new java.util.Date(): null

2018-12-14 02:20:59 - [TEST_STEP][PASSED] - Statement - CurrentDateNoFilter = new java.text.SimpleDateFormat(): null

2018-12-14 02:20:59 - [TEST_STEP][PASSED] - Statement - CurrentDateNoFilter.applyPattern("MM"): null

2018-12-14 02:20:59 - [TEST_STEP][PASSED] - Statement - monthContainerMatcher = java.lang.Integer.parseInt(CurrentDateNoFilter.format(TodayDate)): null

2018-12-14 02:20:59 - [TEST_STEP][PASSED] - Statement - monthContainerMatcher = monthContainerMatcher - 1: null

2018-12-14 02:20:59 - [TEST_STEP][PASSED] - Statement - CurrentMonth = monthContainerMatcher.toString(): null

2018-12-14 02:20:59 - [TEST_STEP][PASSED] - Statement - CurrentMonth = CurrentMonth: null

2018-12-14 02:20:59 - [TEST_STEP][PASSED] - Statement - CurrentDateNoFilter.applyPattern("yyyy"): null

2018-12-14 02:20:59 - [TEST_STEP][PASSED] - Statement - CurrentYear = CurrentDateNoFilter.format(TodayDate): null

2018-12-14 02:20:59 - [TEST_STEP][PASSED] - Statement - CurrentYear = CurrentYear: null

2018-12-14 02:20:59 - [TEST_STEP][PASSED] - Statement - intCurrentYear = java.lang.Integer.parseInt(CurrentDateNoFilter.format(TodayDate)): null

2018-12-14 02:20:59 - [TEST_STEP][PASSED] - Statement - eighteenYrsAgo = intCurrentYear - 18: null

2018-12-14 02:20:59 - [TEST_STEP][PASSED] - Statement - eighteenYrsBeforeThisYr = eighteenYrsAgo.toString(): null

2018-12-14 02:20:59 - [TEST_STEP][PASSED] - Statement - EighteenYrsBefore = eighteenYrsBeforeThisYr: null

2018-12-14 02:20:59 - [TEST_STEP][PASSED] - Statement - fiftysevenYrsAgo = intCurrentYear - 57: null

2018-12-14 02:20:59 - [TEST_STEP][PASSED] - Statement - fiftysevenYrsBeforeThisYr = fiftysevenYrsAgo.toString(): null

2018-12-14 02:20:59 - [TEST_STEP][PASSED] - Statement - FiftysevenYrsBefore = fiftysevenYrsBeforeThisYr: null

2018-12-14 02:20:59 - [TEST_STEP][PASSED] - Statement - leapYear = false: null

2018-12-14 02:20:59 - [TEST_STEP][PASSED] - Statement - leapYear = intCurrentYear % 4 == 0: null

2018-12-14 02:20:59 - [TEST_STEP][PASSED] - Statement - CurrentDateNoFilter.applyPattern("dd"): null

2018-12-14 02:20:59 - [TEST_STEP][PASSED] - Statement - CurrentDate = CurrentDateNoFilter.format(TodayDate): null

2018-12-14 02:20:59 - [TEST_STEP][PASSED] - Statement - CurrentDate = java.lang.Integer.parseInt(CurrentDate): null

2018-12-14 02:20:59 - [TEST_STEP][PASSED] - Statement - CurrentDate = CurrentDate: null

2018-12-14 02:20:59 - [TEST_STEP][PASSED] - Statement - CurrentDay = java.lang.Integer.parseInt(CurrentDate): null

2018-12-14 02:20:59 - [TEST_STEP][PASSED] - Statement - ConfAdder = <not implemented yet for class: org.codehaus.groovy.ast.expr.EmptyExpression>: null

2018-12-14 02:20:59 - [TEST_STEP][PASSED] - Statement - out.println(CurrentMonth): null

2018-12-14 02:20:59 - [TEST_STEP][PASSED] - Statement - out.println(CurrentDate): null

2018-12-14 02:20:59 - [TEST_STEP][PASSED] - Statement - switch (CurrentDate): null

2018-12-14 02:20:59 - [TEST_STEP][PASSED] - Statement - Default: null

2018-12-14 02:20:59 - [TEST_STEP][PASSED] - Statement - ConfAdder = true: null

2018-12-14 02:20:59 - [TEST_STEP][PASSED] - Statement - Break: null

2018-12-14 02:20:59 - [TEST_STEP][PASSED] - Statement - aDayBefore = <not implemented yet for class: org.codehaus.groovy.ast.expr.EmptyExpression>: null

2018-12-14 02:20:59 - [TEST_STEP][PASSED] - Statement - out.println(ConfAdder): null

2018-12-14 02:20:59 - [TEST_STEP][PASSED] - Statement - If (ConfAdder == true): null

2018-12-14 02:20:59 - [TEST_STEP][PASSED] - Statement - aDayBefore = CurrentDay + 1: null

2018-12-14 02:20:59 - [TEST_STEP][PASSED] - Statement - out.println(aDayBefore): null

2018-12-14 02:20:59 - [TEST_STEP][PASSED] - Statement - If (aDayBefore == 1 && CurrentMonth == 11): null

2018-12-14 02:20:59 - [TEST_STEP][PASSED] - Statement - DayBefore = aDayBefore.toString(): null

2018-12-14 02:20:59 - [TEST_STEP][PASSED] - Statement - OneDayBefore = DayBefore: null

2018-12-14 02:20:59 - [MESSAGE][PASSED] - Call Test Case 'Test Cases/Final Aug 2018 - PKS Automation/Registration Module/New Registration/Form 2/Date Updater' successfully

2018-12-14 02:20:59 - [TEST_STEP][PASSED] - delay: Delayed 2 second(s)

2018-12-14 02:21:01 - [MESSAGE][PASSED] - Delayed 2 second(s)

2018-12-14 02:21:01 - [TEST_STEP][PASSED] - setText: Text 'klpkrbo2@gmail.com' is set on object 'Object Repository/Final Object Repo/Page_Update Add New Employee - ASSIST/Email TextBox'

2018-12-14 02:21:01 - [MESSAGE][PASSED] - Text 'klpkrbo2@gmail.com' is set on object 'Object Repository/Final Object Repo/Page_Update Add New Employee - ASSIST/Email TextBox'

2018-12-14 02:21:01 - [TEST_STEP][PASSED] - click: Object: 'Object Repository/Final Object Repo/Page_Update Add New Employee - ASSIST/Next Button' is clicked on

2018-12-14 02:21:02 - [MESSAGE][PASSED] - Object: 'Object Repository/Final Object Repo/Page_Update Add New Employee - ASSIST/Next Button' is clicked on

2018-12-14 02:21:02 - [TEST_STEP][PASSED] - delay: Delayed 2 second(s)

2018-12-14 02:21:04 - [MESSAGE][PASSED] - Delayed 2 second(s)

2018-12-14 02:21:04 - [TEST_STEP][PASSED] - setText: Text 'Test1@3456789' is set on object 'Object Repository/Final Object Repo/Page_Update Add New Employee - ASSIST/Password TextBox'

2018-12-14 02:21:04 - [MESSAGE][PASSED] - Text 'Test1@3456789' is set on object 'Object Repository/Final Object Repo/Page_Update Add New Employee - ASSIST/Password TextBox'

2018-12-14 02:21:04 - [TEST_STEP][PASSED] - delay: Delayed 2 second(s)

2018-12-14 02:21:06 - [MESSAGE][PASSED] - Delayed 2 second(s)

2018-12-14 02:21:06 - [TEST_STEP][PASSED] - click: Object: 'Object Repository/Final Object Repo/Page_Update Add New Employee - ASSIST/Login Button' is clicked on

2018-12-14 02:21:06 - [MESSAGE][PASSED] - Object: 'Object Repository/Final Object Repo/Page_Update Add New Employee - ASSIST/Login Button' is clicked on

2018-12-14 02:21:06 - [TEST_STEP][PASSED] - delay: Delayed 4 second(s)

2018-12-14 02:21:10 - [MESSAGE][PASSED] - Delayed 4 second(s)

2018-12-14 02:21:10 - [TEST_STEP][PASSED] - Statement - Try: Delayed 2 second(s)

2018-12-14 02:21:10 - [TEST_STEP][PASSED] - Statement - Checker = false: null

2018-12-14 02:21:10 - [TEST_STEP][PASSED] - Statement - Checker = com.kms.katalon.core.webui.keyword.WebUiBuiltInKeywords.verifyElementHasAttribute(com.kms.katalon.core.testobject.ObjectRepository.findTestObject(Final Object Repo/Landing Page/BM Detecting), "href", 20, OPTIONAL): Object 'Object Repository/Final Object Repo/Landing Page/BM Detecting' has attribute 'href'

2018-12-14 02:21:10 - [MESSAGE][PASSED] - Object 'Object Repository/Final Object Repo/Landing Page/BM Detecting' has attribute 'href'

2018-12-14 02:21:10 - [TEST_STEP][PASSED] - Statement - out.println(Checker): null

2018-12-14 02:21:10 - [TEST_STEP][PASSED] - Statement - If (Checker == false): null

2018-12-14 02:21:10 - [TEST_STEP][PASSED] - Statement - Else: null

2018-12-14 02:21:10 - [TEST_STEP][PASSED] - delay: Delayed 2 second(s)

2018-12-14 02:21:12 - [MESSAGE][PASSED] - Delayed 2 second(s)

2018-12-14 02:21:12 - [TEST_STEP][PASSED] - delay: Delayed 4 second(s)

2018-12-14 02:21:16 - [MESSAGE][PASSED] - Delayed 4 second(s)

2018-12-14 02:21:16 - [TEST_STEP][PASSED] - click: Object: 'Object Repository/Final Object Repo/Page_Update Add New Employee - ASSIST/My Sites Drop Down' is clicked on

2018-12-14 02:21:16 - [MESSAGE][PASSED] - Object: 'Object Repository/Final Object Repo/Page_Update Add New Employee - ASSIST/My Sites Drop Down' is clicked on

2018-12-14 02:21:16 - [TEST_STEP][PASSED] - click: Object: 'Object Repository/Final Object Repo/Page_Update Add New Employee - ASSIST/Select to Registration Module' is clicked on

2018-12-14 02:21:17 - [MESSAGE][PASSED] - Object: 'Object Repository/Final Object Repo/Page_Update Add New Employee - ASSIST/Select to Registration Module' is clicked on

2018-12-14 02:21:17 - [TEST_STEP][PASSED] - navigateToUrl: Navigate to 'https://assist2-uat.perkeso.gov.my/web/registration/myassist' successfully

2018-12-14 02:21:18 - [MESSAGE][PASSED] - Navigate to 'https://assist2-uat.perkeso.gov.my/web/registration/myassist' successfully

2018-12-14 02:21:18 - [TEST_STEP][PASSED] - mouseOver: Object: 'Object Repository/Final Object Repo/Page_Update Add New Employee - ASSIST/Select to Update Akta 4 Tab' is hovered

2018-12-14 02:21:18 - [MESSAGE][PASSED] - Object: 'Object Repository/Final Object Repo/Page_Update Add New Employee - ASSIST/Select to Update Akta 4 Tab' is hovered

2018-12-14 02:21:18 - [TEST_STEP][PASSED] - delay: Delayed 2 second(s)

2018-12-14 02:21:20 - [MESSAGE][PASSED] - Delayed 2 second(s)

2018-12-14 02:21:20 - [TEST_STEP][PASSED] - click: Object: 'Object Repository/Final Object Repo/Page_Update Add New Employee - ASSIST/Select to Update Add New Employee' is clicked on

2018-12-14 02:21:21 - [MESSAGE][PASSED] - Object: 'Object Repository/Final Object Repo/Page_Update Add New Employee - ASSIST/Select to Update Add New Employee' is clicked on

2018-12-14 02:21:21 - [TEST_STEP][PASSED] - delay: Delayed 2 second(s)

2018-12-14 02:21:23 - [MESSAGE][PASSED] - Delayed 2 second(s)

2018-12-14 02:21:23 - [TEST_STEP][PASSED] - setText: Text 'E1102070883P' is set on object 'Object Repository/Final Object Repo/Page_Update Add New Employee - ASSIST/Employer Code input textbox'

2018-12-14 02:21:23 - [MESSAGE][PASSED] - Text 'E1102070883P' is set on object 'Object Repository/Final Object Repo/Page_Update Add New Employee - ASSIST/Employer Code input textbox'

2018-12-14 02:21:23 - [TEST_STEP][PASSED] - delay: Delayed 2 second(s)

2018-12-14 02:21:25 - [MESSAGE][PASSED] - Delayed 2 second(s)

2018-12-14 02:21:25 - [TEST_STEP][PASSED] - click: Object: 'Object Repository/Final Object Repo/Page_Update Add New Employee - ASSIST/Search Button for Employer Code' is clicked on

2018-12-14 02:21:25 - [MESSAGE][PASSED] - Object: 'Object Repository/Final Object Repo/Page_Update Add New Employee - ASSIST/Search Button for Employer Code' is clicked on

2018-12-14 02:21:25 - [TEST_STEP][PASSED] - delay: Delayed 4 second(s)

2018-12-14 02:21:29 - [MESSAGE][PASSED] - Delayed 4 second(s)

2018-12-14 02:21:29 - [TEST_STEP][PASSED] - click: Object: 'Object Repository/Final Object Repo/Page_Update Add New Employee - ASSIST/Click to Edit Case' is clicked on

2018-12-14 02:21:31 - [MESSAGE][PASSED] - Object: 'Object Repository/Final Object Repo/Page_Update Add New Employee - ASSIST/Click to Edit Case' is clicked on

2018-12-14 02:21:31 - [TEST_STEP][PASSED] - callTestCase: Call Test Case 'Test Cases/Final Aug 2018 - PKS Automation/Registration Module/Workflow/Update Add New Employee/Template/Employee Adding/Employee Set Decider' successfully

2018-12-14 02:21:31 - [TEST_CASE][PASSED] - Test Cases/Final Aug 2018 - PKS Automation/Registration Module/Workflow/Update Add New Employee/Template/Employee Adding/Employee Set Decider: Test Cases/Final Aug 2018 - PKS Automation/Registration Module/Workflow/Update Add New Employee/Template/Employee Adding/Employee Set Decider

2018-12-14 02:21:31 - [TEST_STEP][PASSED] - delay: Delayed 4 second(s)

2018-12-14 02:21:35 - [MESSAGE][PASSED] - Delayed 4 second(s)

2018-12-14 02:21:35 - [TEST_STEP][PASSED] - click: Object: 'Object Repository/Final Object Repo/Page_Update Add New Employee - ASSIST/Add Employee Button' is clicked on

2018-12-14 02:21:36 - [MESSAGE][PASSED] - Object: 'Object Repository/Final Object Repo/Page_Update Add New Employee - ASSIST/Add Employee Button' is clicked on

2018-12-14 02:21:36 - [TEST_STEP][PASSED] - delay: Delayed 3 second(s)

2018-12-14 02:21:39 - [MESSAGE][PASSED] - Delayed 3 second(s)

2018-12-14 02:21:39 - [TEST_STEP][PASSED] - setText: Text '010903091920' is set on object 'Object Repository/Final Object Repo/Page_Update Add New Employee - ASSIST/NRIC Input'

2018-12-14 02:21:39 - [MESSAGE][PASSED] - Text '010903091920' is set on object 'Object Repository/Final Object Repo/Page_Update Add New Employee - ASSIST/NRIC Input'

2018-12-14 02:21:39 - [TEST_STEP][PASSED] - click: Object: 'Object Repository/Final Object Repo/Page_Update Add New Employee - ASSIST/button for search for IC' is clicked on

2018-12-14 02:21:39 - [MESSAGE][PASSED] - Object: 'Object Repository/Final Object Repo/Page_Update Add New Employee - ASSIST/button for search for IC' is clicked on

2018-12-14 02:21:39 - [TEST_STEP][PASSED] - delay: Delayed 2 second(s)

2018-12-14 02:21:41 - [MESSAGE][PASSED] - Delayed 2 second(s)

2018-12-14 02:21:41 - [TEST_STEP][PASSED] - sendKeys: Keys 'CONTROL + a' sent to object: 'Object Repository/Final Object Repo/Page_Update Add New Employee - ASSIST/Employee Name Input'

2018-12-14 02:21:41 - [MESSAGE][PASSED] - Keys 'CONTROL + a' sent to object: 'Object Repository/Final Object Repo/Page_Update Add New Employee - ASSIST/Employee Name Input'

2018-12-14 02:21:41 - [TEST_STEP][PASSED] - sendKeys: Keys 'CONTROL + c' sent to object: 'Object Repository/Final Object Repo/Page_Update Add New Employee - ASSIST/Employee Name Input'

2018-12-14 02:21:41 - [MESSAGE][PASSED] - Keys 'CONTROL + c' sent to object: 'Object Repository/Final Object Repo/Page_Update Add New Employee - ASSIST/Employee Name Input'

2018-12-14 02:21:41 - [TEST_STEP][PASSED] - Statement - toolkit = java.awt.Toolkit.getDefaultToolkit(): null

2018-12-14 02:21:41 - [TEST_STEP][PASSED] - Statement - clipboard = toolkit.getSystemClipboard(): null

2018-12-14 02:21:41 - [TEST_STEP][PASSED] - Statement - CurrentName = clipboard.getData(stringFlavor): null

2018-12-14 02:21:41 - [TEST_STEP][PASSED] - Statement - out.println("String from Clipboard:" + CurrentName): null

2018-12-14 02:21:41 - [TEST_STEP][PASSED] - Statement - If (CurrentName == "AUTOMATE002 ELIGIBLE 1"): null

2018-12-14 02:21:41 - [TEST_STEP][PASSED] - Statement - Else If (CurrentName == "AUTOMATE003 ELIGIBLE 1"): Call Test Case 'Test Cases/Final Aug 2018 - PKS Automation/Registration Module/Workflow/Update Add New Employee/Template/Employee Adding/Employee Adding Action Repeat IC - set 2' successfully

2018-12-14 02:21:41 - [TEST_STEP][PASSED] - callTestCase: Call Test Case 'Test Cases/Final Aug 2018 - PKS Automation/Registration Module/Workflow/Update Add New Employee/Template/Employee Adding/Employee Adding Action Repeat IC - set 2' successfully

2018-12-14 02:21:41 - [TEST_CASE][PASSED] - Test Cases/Final Aug 2018 - PKS Automation/Registration Module/Workflow/Update Add New Employee/Template/Employee Adding/Employee Adding Action Repeat IC - set 2: Test Cases/Final Aug 2018 - PKS Automation/Registration Module/Workflow/Update Add New Employee/Template/Employee Adding/Employee Adding Action Repeat IC - set 2

2018-12-14 02:21:41 - [TEST_STEP][PASSED] - setText: Text 'Automate002 eligible 1' is set on object 'Object Repository/Final Object Repo/Page_Update Add New Employee - ASSIST/Employee Name Input'

2018-12-14 02:21:42 - [MESSAGE][PASSED] - Text 'Automate002 eligible 1' is set on object 'Object Repository/Final Object Repo/Page_Update Add New Employee - ASSIST/Employee Name Input'

2018-12-14 02:21:42 - [TEST_STEP][PASSED] - delay: Delayed 2 second(s)

2018-12-14 02:21:44 - [MESSAGE][PASSED] - Delayed 2 second(s)

2018-12-14 02:21:44 - [TEST_STEP][PASSED] - click: Object: 'Object Repository/Final Object Repo/Page_Update Add New Employee - ASSIST/DatePicker Pop Up' is clicked on

2018-12-14 02:21:44 - [MESSAGE][PASSED] - Object: 'Object Repository/Final Object Repo/Page_Update Add New Employee - ASSIST/DatePicker Pop Up' is clicked on

2018-12-14 02:21:44 - [TEST_STEP][PASSED] - click: Object: 'Object Repository/Final Object Repo/Page_Update Add New Employee - ASSIST/DOB Month' is clicked on

2018-12-14 02:21:44 - [MESSAGE][PASSED] - Object: 'Object Repository/Final Object Repo/Page_Update Add New Employee - ASSIST/DOB Month' is clicked on

2018-12-14 02:21:44 - [TEST_STEP][PASSED] - Statement - CurrentMonth = CurrentMonth: null

2018-12-14 02:21:44 - [TEST_STEP][PASSED] - Statement - selectMonth = new com.kms.katalon.core.testobject.TestObject(): null

2018-12-14 02:21:44 - [TEST_STEP][PASSED] - Statement - selectMonth.addProperty("xpath", EQUALS, "//body/div/div/div/select/option[@value='" + CurrentMonth + "']", true): null

2018-12-14 02:21:44 - [TEST_STEP][PASSED] - click: Object: '' is clicked on

2018-12-14 02:21:44 - [MESSAGE][PASSED] - Object: '' is clicked on

2018-12-14 02:21:44 - [TEST_STEP][PASSED] - click: Object: 'Object Repository/Final Object Repo/Page_Update Add New Employee - ASSIST/DOB Year' is clicked on

2018-12-14 02:21:44 - [MESSAGE][PASSED] - Object: 'Object Repository/Final Object Repo/Page_Update Add New Employee - ASSIST/DOB Year' is clicked on

2018-12-14 02:21:44 - [TEST_STEP][PASSED] - Statement - Eyearsbf = EighteenYrsBefore: null

2018-12-14 02:21:44 - [TEST_STEP][PASSED] - Statement - selectYear = new com.kms.katalon.core.testobject.TestObject(): null

2018-12-14 02:21:44 - [TEST_STEP][PASSED] - Statement - selectYear.addProperty("xpath", EQUALS, "//div/div/div/select/option[@value='" + Eyearsbf + "']", true): null

2018-12-14 02:21:44 - [TEST_STEP][PASSED] - click: Object: '' is clicked on

2018-12-14 02:21:45 - [MESSAGE][PASSED] - Object: '' is clicked on

2018-12-14 02:21:45 - [TEST_STEP][PASSED] - Statement - UpdatedSelectDate = com.kms.katalon.core.webui.keyword.WebUiBuiltInKeywords.modifyObjectProperty(com.kms.katalon.core.testobject.ObjectRepository.findTestObject(Final Object Repo/Page_Update Add New Employee - ASSIST/DOB Date), "xpath", "equals", "//body/div/table/tbody/tr/td/a[text()="" + CurrentDate + ""]", true): Modify property of object successfully

2018-12-14 02:21:45 - [MESSAGE][PASSED] - Modify property of object successfully

2018-12-14 02:21:45 - [TEST_STEP][PASSED] - delay: Delayed 3 second(s)

2018-12-14 02:21:48 - [MESSAGE][PASSED] - Delayed 3 second(s)

2018-12-14 02:21:48 - [TEST_STEP][PASSED] - click: Object: 'Object Repository/Final Object Repo/Page_Update Add New Employee - ASSIST/DOB Date' is clicked on

2018-12-14 02:21:48 - [MESSAGE][PASSED] - Object: 'Object Repository/Final Object Repo/Page_Update Add New Employee - ASSIST/DOB Date' is clicked on

2018-12-14 02:21:48 - [TEST_STEP][PASSED] - delay: Delayed 2 second(s)

2018-12-14 02:21:50 - [MESSAGE][PASSED] - Delayed 2 second(s)

2018-12-14 02:21:50 - [TEST_STEP][PASSED] - click: Object: 'Object Repository/Final Object Repo/Page_Update Add New Employee - ASSIST/EmploymentStartDate Pop Up' is clicked on

2018-12-14 02:21:50 - [MESSAGE][PASSED] - Object: 'Object Repository/Final Object Repo/Page_Update Add New Employee - ASSIST/EmploymentStartDate Pop Up' is clicked on

2018-12-14 02:21:50 - [TEST_STEP][PASSED] - delay: Delayed 2 second(s)

2018-12-14 02:21:52 - [MESSAGE][PASSED] - Delayed 2 second(s)

2018-12-14 02:21:52 - [TEST_STEP][PASSED] - click: Object: 'Object Repository/Final Object Repo/Page_Update Add New Employee - ASSIST/Socso Employment StartDate Month' is clicked on

2018-12-14 02:21:52 - [MESSAGE][PASSED] - Object: 'Object Repository/Final Object Repo/Page_Update Add New Employee - ASSIST/Socso Employment StartDate Month' is clicked on

2018-12-14 02:21:52 - [TEST_STEP][PASSED] - delay: Delayed 1 second(s)

2018-12-14 02:21:53 - [MESSAGE][PASSED] - Delayed 1 second(s)

2018-12-14 02:21:53 - [TEST_STEP][PASSED] - click: Object: 'Object Repository/Final Object Repo/Page_Update Add New Employee - ASSIST/Select Socso Employement Startdate Month' is clicked on

2018-12-14 02:21:53 - [MESSAGE][PASSED] - Object: 'Object Repository/Final Object Repo/Page_Update Add New Employee - ASSIST/Select Socso Employement Startdate Month' is clicked on

2018-12-14 02:21:53 - [TEST_STEP][PASSED] - delay: Delayed 2 second(s)

2018-12-14 02:21:55 - [MESSAGE][PASSED] - Delayed 2 second(s)

2018-12-14 02:21:55 - [TEST_STEP][PASSED] - click: Object: 'Object Repository/Final Object Repo/Page_Update Add New Employee - ASSIST/Socso Employment StartDate Year' is clicked on

2018-12-14 02:21:55 - [MESSAGE][PASSED] - Object: 'Object Repository/Final Object Repo/Page_Update Add New Employee - ASSIST/Socso Employment StartDate Year' is clicked on

2018-12-14 02:21:55 - [TEST_STEP][PASSED] - delay: Delayed 1 second(s)

2018-12-14 02:21:56 - [MESSAGE][PASSED] - Delayed 1 second(s)

2018-12-14 02:21:56 - [TEST_STEP][PASSED] - click: Object: 'Object Repository/Final Object Repo/Page_Update Add New Employee - ASSIST/Select Socso Employment Startdate Year' is clicked on

2018-12-14 02:21:57 - [MESSAGE][PASSED] - Object: 'Object Repository/Final Object Repo/Page_Update Add New Employee - ASSIST/Select Socso Employment Startdate Year' is clicked on

2018-12-14 02:21:57 - [TEST_STEP][PASSED] - delay: Delayed 2 second(s)

2018-12-14 02:21:59 - [MESSAGE][PASSED] - Delayed 2 second(s)

2018-12-14 02:21:59 - [TEST_STEP][PASSED] - click: Object: 'Object Repository/Final Object Repo/Page_Update Add New Employee - ASSIST/Socso Employment Start Date Day' is clicked on

2018-12-14 02:21:59 - [MESSAGE][PASSED] - Object: 'Object Repository/Final Object Repo/Page_Update Add New Employee - ASSIST/Socso Employment Start Date Day' is clicked on

2018-12-14 02:21:59 - [TEST_STEP][PASSED] - delay: Delayed 2 second(s)

2018-12-14 02:22:01 - [MESSAGE][PASSED] - Delayed 2 second(s)

2018-12-14 02:22:01 - [TEST_STEP][PASSED] - click: Object: 'Object Repository/Final Object Repo/Page_Update Add New Employee - ASSIST/Save Button for Add Employee' is clicked on

2018-12-14 02:22:01 - [MESSAGE][PASSED] - Object: 'Object Repository/Final Object Repo/Page_Update Add New Employee - ASSIST/Save Button for Add Employee' is clicked on

2018-12-14 02:22:01 - [TEST_STEP][PASSED] - delay: Delayed 10 second(s)

2018-12-14 02:22:11 - [MESSAGE][PASSED] - Delayed 10 second(s)

2018-12-14 02:22:11 - [TEST_STEP][PASSED] - click: Object: 'Object Repository/Final Object Repo/Page_Update Add New Employee - ASSIST/Add Employee Button' is clicked on

2018-12-14 02:22:11 - [MESSAGE][PASSED] - Object: 'Object Repository/Final Object Repo/Page_Update Add New Employee - ASSIST/Add Employee Button' is clicked on

2018-12-14 02:22:11 - [TEST_STEP][PASSED] - delay: Delayed 6 second(s)

2018-12-14 02:22:17 - [MESSAGE][PASSED] - Delayed 6 second(s)

2018-12-14 02:22:17 - [TEST_STEP][PASSED] - setText: Text '620904059600' is set on object 'Object Repository/Final Object Repo/Page_Update Add New Employee - ASSIST/NRIC Input'

2018-12-14 02:22:17 - [MESSAGE][PASSED] - Text '620904059600' is set on object 'Object Repository/Final Object Repo/Page_Update Add New Employee - ASSIST/NRIC Input'

2018-12-14 02:22:17 - [TEST_STEP][PASSED] - click: Object: 'Object Repository/Final Object Repo/Page_Update Add New Employee - ASSIST/button for search for IC' is clicked on

2018-12-14 02:22:18 - [MESSAGE][PASSED] - Object: 'Object Repository/Final Object Repo/Page_Update Add New Employee - ASSIST/button for search for IC' is clicked on

2018-12-14 02:22:18 - [TEST_STEP][PASSED] - delay: Delayed 2 second(s)

2018-12-14 02:22:20 - [MESSAGE][PASSED] - Delayed 2 second(s)

2018-12-14 02:22:20 - [TEST_STEP][PASSED] - setText: Text 'Automate002 eligible 2' is set on object 'Object Repository/Final Object Repo/Page_Update Add New Employee - ASSIST/Employee Name Input'

2018-12-14 02:22:20 - [MESSAGE][PASSED] - Text 'Automate002 eligible 2' is set on object 'Object Repository/Final Object Repo/Page_Update Add New Employee - ASSIST/Employee Name Input'

2018-12-14 02:22:20 - [TEST_STEP][PASSED] - delay: Delayed 2 second(s)

2018-12-14 02:22:22 - [MESSAGE][PASSED] - Delayed 2 second(s)

2018-12-14 02:22:22 - [TEST_STEP][PASSED] - click: Object: 'Object Repository/Final Object Repo/Page_Update Add New Employee - ASSIST/DatePicker Pop Up' is clicked on

2018-12-14 02:22:22 - [MESSAGE][PASSED] - Object: 'Object Repository/Final Object Repo/Page_Update Add New Employee - ASSIST/DatePicker Pop Up' is clicked on

2018-12-14 02:22:22 - [TEST_STEP][PASSED] - delay: Delayed 2 second(s)

2018-12-14 02:22:24 - [MESSAGE][PASSED] - Delayed 2 second(s)

2018-12-14 02:22:24 - [TEST_STEP][PASSED] - click: Object: 'Object Repository/Final Object Repo/Page_Update Add New Employee - ASSIST/DOB Month' is clicked on

2018-12-14 02:22:25 - [MESSAGE][PASSED] - Object: 'Object Repository/Final Object Repo/Page_Update Add New Employee - ASSIST/DOB Month' is clicked on

2018-12-14 02:22:25 - [TEST_STEP][PASSED] - Statement - selectMonth = com.kms.katalon.core.webui.keyword.WebUiBuiltInKeywords.modifyObjectProperty(selectMonth, "xpath", "equals", "//body/div/div/div/select/option[@value="" + CurrentMonth + ""]", true): Modify property of object successfully

2018-12-14 02:22:25 - [MESSAGE][PASSED] - Modify property of object successfully

2018-12-14 02:22:25 - [TEST_STEP][PASSED] - click: Object: '' is clicked on

2018-12-14 02:22:25 - [MESSAGE][PASSED] - Object: '' is clicked on

2018-12-14 02:22:25 - [TEST_STEP][PASSED] - click: Object: 'Object Repository/Final Object Repo/Page_Update Add New Employee - ASSIST/DOB Year' is clicked on

2018-12-14 02:22:25 - [MESSAGE][PASSED] - Object: 'Object Repository/Final Object Repo/Page_Update Add New Employee - ASSIST/DOB Year' is clicked on

2018-12-14 02:22:25 - [TEST_STEP][PASSED] - Statement - selectYear = com.kms.katalon.core.webui.keyword.WebUiBuiltInKeywords.modifyObjectProperty(selectYear, "xpath", "equals", "//div/div/div/select/option[@value="" + FiftysevenYrsBefore + ""]", true): Modify property of object successfully

2018-12-14 02:22:25 - [MESSAGE][PASSED] - Modify property of object successfully

2018-12-14 02:22:25 - [TEST_STEP][PASSED] - click: Object: '' is clicked on

2018-12-14 02:22:25 - [MESSAGE][PASSED] - Object: '' is clicked on

2018-12-14 02:22:25 - [TEST_STEP][PASSED] - Statement - UpdatedSelectDate = com.kms.katalon.core.webui.keyword.WebUiBuiltInKeywords.modifyObjectProperty(com.kms.katalon.core.testobject.ObjectRepository.findTestObject(Final Object Repo/Page_Update Add New Employee - ASSIST/DOB Date), "xpath", "equals", "//body/div/table/tbody/tr/td/a[text()="" + OneDayBefore + ""]", true): Modify property of object successfully

2018-12-14 02:22:25 - [MESSAGE][PASSED] - Modify property of object successfully

2018-12-14 02:22:25 - [TEST_STEP][PASSED] - click: Object: 'Object Repository/Final Object Repo/Page_Update Add New Employee - ASSIST/DOB Date' is clicked on

2018-12-14 02:22:25 - [MESSAGE][PASSED] - Object: 'Object Repository/Final Object Repo/Page_Update Add New Employee - ASSIST/DOB Date' is clicked on

2018-12-14 02:22:25 - [TEST_STEP][PASSED] - delay: Delayed 2 second(s)

2018-12-14 02:22:27 - [MESSAGE][PASSED] - Delayed 2 second(s)

2018-12-14 02:22:27 - [TEST_STEP][PASSED] - click: Object: 'Object Repository/Final Object Repo/Page_Update Add New Employee - ASSIST/EmploymentStartDate Pop Up' is clicked on

2018-12-14 02:22:27 - [MESSAGE][PASSED] - Object: 'Object Repository/Final Object Repo/Page_Update Add New Employee - ASSIST/EmploymentStartDate Pop Up' is clicked on

2018-12-14 02:22:27 - [TEST_STEP][PASSED] - delay: Delayed 2 second(s)

2018-12-14 02:22:29 - [MESSAGE][PASSED] - Delayed 2 second(s)

2018-12-14 02:22:29 - [TEST_STEP][PASSED] - click: Object: 'Object Repository/Final Object Repo/Page_Update Add New Employee - ASSIST/Socso Employment StartDate Month' is clicked on

2018-12-14 02:22:30 - [MESSAGE][PASSED] - Object: 'Object Repository/Final Object Repo/Page_Update Add New Employee - ASSIST/Socso Employment StartDate Month' is clicked on

2018-12-14 02:22:30 - [TEST_STEP][PASSED] - delay: Delayed 1 second(s)

2018-12-14 02:22:31 - [MESSAGE][PASSED] - Delayed 1 second(s)

2018-12-14 02:22:31 - [TEST_STEP][PASSED] - click: Object: 'Object Repository/Final Object Repo/Page_Update Add New Employee - ASSIST/Select Socso Employement Startdate Month' is clicked on

2018-12-14 02:22:31 - [MESSAGE][PASSED] - Object: 'Object Repository/Final Object Repo/Page_Update Add New Employee - ASSIST/Select Socso Employement Startdate Month' is clicked on

2018-12-14 02:22:31 - [TEST_STEP][PASSED] - delay: Delayed 2 second(s)

2018-12-14 02:22:33 - [MESSAGE][PASSED] - Delayed 2 second(s)

2018-12-14 02:22:33 - [TEST_STEP][PASSED] - click: Object: 'Object Repository/Final Object Repo/Page_Update Add New Employee - ASSIST/Socso Employment StartDate Year' is clicked on

2018-12-14 02:22:33 - [MESSAGE][PASSED] - Object: 'Object Repository/Final Object Repo/Page_Update Add New Employee - ASSIST/Socso Employment StartDate Year' is clicked on

2018-12-14 02:22:33 - [TEST_STEP][PASSED] - delay: Delayed 1 second(s)

2018-12-14 02:22:34 - [MESSAGE][PASSED] - Delayed 1 second(s)

2018-12-14 02:22:34 - [TEST_STEP][PASSED] - click: Object: 'Object Repository/Final Object Repo/Page_Update Add New Employee - ASSIST/Select Socso Employment Startdate Year' is clicked on

2018-12-14 02:22:34 - [MESSAGE][PASSED] - Object: 'Object Repository/Final Object Repo/Page_Update Add New Employee - ASSIST/Select Socso Employment Startdate Year' is clicked on

2018-12-14 02:22:34 - [TEST_STEP][PASSED] - delay: Delayed 2 second(s)

2018-12-14 02:22:36 - [MESSAGE][PASSED] - Delayed 2 second(s)

2018-12-14 02:22:36 - [TEST_STEP][PASSED] - click: Object: 'Object Repository/Final Object Repo/Page_Update Add New Employee - ASSIST/Socso Employment Start Date Day' is clicked on

2018-12-14 02:22:36 - [MESSAGE][PASSED] - Object: 'Object Repository/Final Object Repo/Page_Update Add New Employee - ASSIST/Socso Employment Start Date Day' is clicked on

2018-12-14 02:22:36 - [TEST_STEP][PASSED] - delay: Delayed 2 second(s)

2018-12-14 02:22:38 - [MESSAGE][PASSED] - Delayed 2 second(s)

2018-12-14 02:22:38 - [TEST_STEP][PASSED] - click: Object: 'Object Repository/Final Object Repo/Page_Update Add New Employee - ASSIST/Save Button for Add Employee' is clicked on

2018-12-14 02:22:38 - [MESSAGE][PASSED] - Object: 'Object Repository/Final Object Repo/Page_Update Add New Employee - ASSIST/Save Button for Add Employee' is clicked on

2018-12-14 02:22:38 - [TEST_STEP][PASSED] - delay: Delayed 5 second(s)

2018-12-14 02:22:43 - [MESSAGE][PASSED] - Delayed 5 second(s)

2018-12-14 02:22:43 - [TEST_STEP][PASSED] - waitForElementClickable: Object 'Object Repository/Final Object Repo/Page_Update Add New Employee - ASSIST/Add Employee Button' is clickable

2018-12-14 02:22:43 - [MESSAGE][PASSED] - Object 'Object Repository/Final Object Repo/Page_Update Add New Employee - ASSIST/Add Employee Button' is clickable

2018-12-14 02:22:43 - [TEST_STEP][PASSED] - click: Object: 'Object Repository/Final Object Repo/Page_Update Add New Employee - ASSIST/Add Employee Button' is clicked on

2018-12-14 02:22:44 - [MESSAGE][PASSED] - Object: 'Object Repository/Final Object Repo/Page_Update Add New Employee - ASSIST/Add Employee Button' is clicked on

2018-12-14 02:22:44 - [TEST_STEP][PASSED] - delay: Delayed 4 second(s)

2018-12-14 02:22:48 - [MESSAGE][PASSED] - Delayed 4 second(s)

2018-12-14 02:22:48 - [TEST_STEP][PASSED] - setText: Text '000209039100' is set on object 'Object Repository/Final Object Repo/Page_Update Add New Employee - ASSIST/NRIC Input'

2018-12-14 02:22:48 - [MESSAGE][PASSED] - Text '000209039100' is set on object 'Object Repository/Final Object Repo/Page_Update Add New Employee - ASSIST/NRIC Input'

2018-12-14 02:22:48 - [TEST_STEP][PASSED] - click: Object: 'Object Repository/Final Object Repo/Page_Update Add New Employee - ASSIST/button for search for IC' is clicked on

2018-12-14 02:22:48 - [MESSAGE][PASSED] - Object: 'Object Repository/Final Object Repo/Page_Update Add New Employee - ASSIST/button for search for IC' is clicked on

2018-12-14 02:22:48 - [TEST_STEP][PASSED] - delay: Delayed 2 second(s)

2018-12-14 02:22:50 - [MESSAGE][PASSED] - Delayed 2 second(s)

2018-12-14 02:22:50 - [TEST_STEP][PASSED] - setText: Text 'Automate002 not eligible 1' is set on object 'Object Repository/Final Object Repo/Page_Update Add New Employee - ASSIST/Employee Name Input'

2018-12-14 02:22:51 - [MESSAGE][PASSED] - Text 'Automate002 not eligible 1' is set on object 'Object Repository/Final Object Repo/Page_Update Add New Employee - ASSIST/Employee Name Input'

2018-12-14 02:22:51 - [TEST_STEP][PASSED] - delay: Delayed 2 second(s)

2018-12-14 02:22:53 - [MESSAGE][PASSED] - Delayed 2 second(s)

2018-12-14 02:22:53 - [TEST_STEP][PASSED] - click: Object: 'Object Repository/Final Object Repo/Page_Update Add New Employee - ASSIST/DatePicker Pop Up' is clicked on

2018-12-14 02:22:53 - [MESSAGE][PASSED] - Object: 'Object Repository/Final Object Repo/Page_Update Add New Employee - ASSIST/DatePicker Pop Up' is clicked on

2018-12-14 02:22:53 - [TEST_STEP][PASSED] - delay: Delayed 2 second(s)

2018-12-14 02:22:55 - [MESSAGE][PASSED] - Delayed 2 second(s)

2018-12-14 02:22:55 - [TEST_STEP][PASSED] - click: Object: 'Object Repository/Final Object Repo/Page_Update Add New Employee - ASSIST/DOB Month' is clicked on

2018-12-14 02:22:55 - [MESSAGE][PASSED] - Object: 'Object Repository/Final Object Repo/Page_Update Add New Employee - ASSIST/DOB Month' is clicked on

2018-12-14 02:22:55 - [TEST_STEP][PASSED] - Statement - selectMonth = com.kms.katalon.core.webui.keyword.WebUiBuiltInKeywords.modifyObjectProperty(selectMonth, "xpath", "equals", "//body/div/div/div/select/option[@value="" + CurrentMonth + ""]", true): Modify property of object successfully

2018-12-14 02:22:55 - [MESSAGE][PASSED] - Modify property of object successfully

2018-12-14 02:22:55 - [TEST_STEP][PASSED] - click: Object: '' is clicked on

2018-12-14 02:22:55 - [MESSAGE][PASSED] - Object: '' is clicked on

2018-12-14 02:22:55 - [TEST_STEP][PASSED] - click: Object: 'Object Repository/Final Object Repo/Page_Update Add New Employee - ASSIST/DOB Year' is clicked on

2018-12-14 02:22:55 - [MESSAGE][PASSED] - Object: 'Object Repository/Final Object Repo/Page_Update Add New Employee - ASSIST/DOB Year' is clicked on

2018-12-14 02:22:55 - [TEST_STEP][PASSED] - Statement - selectYear = com.kms.katalon.core.webui.keyword.WebUiBuiltInKeywords.modifyObjectProperty(selectYear, "xpath", "equals", "//div/div/div/select/option[@value="" + EighteenYrsBefore + ""]", true): Modify property of object successfully

2018-12-14 02:22:55 - [MESSAGE][PASSED] - Modify property of object successfully

2018-12-14 02:22:55 - [TEST_STEP][PASSED] - click: Object: '' is clicked on

2018-12-14 02:22:55 - [MESSAGE][PASSED] - Object: '' is clicked on

2018-12-14 02:22:55 - [TEST_STEP][PASSED] - Statement - UpdatedSelectDate = com.kms.katalon.core.webui.keyword.WebUiBuiltInKeywords.modifyObjectProperty(com.kms.katalon.core.testobject.ObjectRepository.findTestObject(Final Object Repo/Page_Update Add New Employee - ASSIST/DOB Date), "xpath", "equals", "//body/div/table/tbody/tr/td/a[text()="" + OneDayBefore + ""]", true): Modify property of object successfully

2018-12-14 02:22:55 - [MESSAGE][PASSED] - Modify property of object successfully

2018-12-14 02:22:55 - [TEST_STEP][PASSED] - click: Object: 'Object Repository/Final Object Repo/Page_Update Add New Employee - ASSIST/DOB Date' is clicked on

2018-12-14 02:22:56 - [MESSAGE][PASSED] - Object: 'Object Repository/Final Object Repo/Page_Update Add New Employee - ASSIST/DOB Date' is clicked on

2018-12-14 02:22:56 - [TEST_STEP][PASSED] - delay: Delayed 2 second(s)

2018-12-14 02:22:58 - [MESSAGE][PASSED] - Delayed 2 second(s)

2018-12-14 02:22:58 - [TEST_STEP][PASSED] - click: Object: 'Object Repository/Final Object Repo/Page_Update Add New Employee - ASSIST/EmploymentStartDate Pop Up' is clicked on

2018-12-14 02:22:58 - [MESSAGE][PASSED] - Object: 'Object Repository/Final Object Repo/Page_Update Add New Employee - ASSIST/EmploymentStartDate Pop Up' is clicked on

2018-12-14 02:22:58 - [TEST_STEP][PASSED] - delay: Delayed 2 second(s)

2018-12-14 02:23:00 - [MESSAGE][PASSED] - Delayed 2 second(s)

2018-12-14 02:23:00 - [TEST_STEP][PASSED] - click: Object: 'Object Repository/Final Object Repo/Page_Update Add New Employee - ASSIST/Socso Employment StartDate Month' is clicked on

2018-12-14 02:23:00 - [MESSAGE][PASSED] - Object: 'Object Repository/Final Object Repo/Page_Update Add New Employee - ASSIST/Socso Employment StartDate Month' is clicked on

2018-12-14 02:23:00 - [TEST_STEP][PASSED] - delay: Delayed 1 second(s)

2018-12-14 02:23:01 - [MESSAGE][PASSED] - Delayed 1 second(s)

2018-12-14 02:23:01 - [TEST_STEP][PASSED] - click: Object: 'Object Repository/Final Object Repo/Page_Update Add New Employee - ASSIST/Select Socso Employement Startdate Month' is clicked on

2018-12-14 02:23:01 - [MESSAGE][PASSED] - Object: 'Object Repository/Final Object Repo/Page_Update Add New Employee - ASSIST/Select Socso Employement Startdate Month' is clicked on

2018-12-14 02:23:01 - [TEST_STEP][PASSED] - delay: Delayed 2 second(s)

2018-12-14 02:23:03 - [MESSAGE][PASSED] - Delayed 2 second(s)

2018-12-14 02:23:03 - [TEST_STEP][PASSED] - click: Object: 'Object Repository/Final Object Repo/Page_Update Add New Employee - ASSIST/Socso Employment StartDate Year' is clicked on

2018-12-14 02:23:03 - [MESSAGE][PASSED] - Object: 'Object Repository/Final Object Repo/Page_Update Add New Employee - ASSIST/Socso Employment StartDate Year' is clicked on

2018-12-14 02:23:03 - [TEST_STEP][PASSED] - delay: Delayed 1 second(s)

2018-12-14 02:23:04 - [MESSAGE][PASSED] - Delayed 1 second(s)

2018-12-14 02:23:04 - [TEST_STEP][PASSED] - click: Object: 'Object Repository/Final Object Repo/Page_Update Add New Employee - ASSIST/Select Socso Employment Startdate Year' is clicked on

2018-12-14 02:23:04 - [MESSAGE][PASSED] - Object: 'Object Repository/Final Object Repo/Page_Update Add New Employee - ASSIST/Select Socso Employment Startdate Year' is clicked on

2018-12-14 02:23:04 - [TEST_STEP][PASSED] - delay: Delayed 2 second(s)

2018-12-14 02:23:06 - [MESSAGE][PASSED] - Delayed 2 second(s)

2018-12-14 02:23:06 - [TEST_STEP][PASSED] - click: Object: 'Object Repository/Final Object Repo/Page_Update Add New Employee - ASSIST/Socso Employment Start Date Day' is clicked on

2018-12-14 02:23:07 - [MESSAGE][PASSED] - Object: 'Object Repository/Final Object Repo/Page_Update Add New Employee - ASSIST/Socso Employment Start Date Day' is clicked on

2018-12-14 02:23:07 - [TEST_STEP][PASSED] - delay: Delayed 2 second(s)

2018-12-14 02:23:09 - [MESSAGE][PASSED] - Delayed 2 second(s)

2018-12-14 02:23:09 - [TEST_STEP][PASSED] - click: Object: 'Object Repository/Final Object Repo/Page_Update Add New Employee - ASSIST/Save Button for Add Employee' is clicked on

2018-12-14 02:23:09 - [MESSAGE][PASSED] - Object: 'Object Repository/Final Object Repo/Page_Update Add New Employee - ASSIST/Save Button for Add Employee' is clicked on

2018-12-14 02:23:09 - [TEST_STEP][PASSED] - delay: Delayed 20 second(s)

2018-12-14 02:23:29 - [MESSAGE][PASSED] - Delayed 20 second(s)

2018-12-14 02:23:29 - [TEST_STEP][PASSED] - click: Object: 'Object Repository/Final Object Repo/Page_Update Add New Employee - ASSIST/Add Employee Button' is clicked on

2018-12-14 02:23:29 - [MESSAGE][PASSED] - Object: 'Object Repository/Final Object Repo/Page_Update Add New Employee - ASSIST/Add Employee Button' is clicked on

2018-12-14 02:23:29 - [TEST_STEP][PASSED] - delay: Delayed 4 second(s)

2018-12-14 02:23:33 - [MESSAGE][PASSED] - Delayed 4 second(s)

2018-12-14 02:23:33 - [TEST_STEP][PASSED] - setText: Text '600203039104' is set on object 'Object Repository/Final Object Repo/Page_Update Add New Employee - ASSIST/NRIC Input'

2018-12-14 02:23:33 - [MESSAGE][PASSED] - Text '600203039104' is set on object 'Object Repository/Final Object Repo/Page_Update Add New Employee - ASSIST/NRIC Input'

2018-12-14 02:23:33 - [TEST_STEP][PASSED] - click: Object: 'Object Repository/Final Object Repo/Page_Update Add New Employee - ASSIST/button for search for IC' is clicked on

2018-12-14 02:23:34 - [MESSAGE][PASSED] - Object: 'Object Repository/Final Object Repo/Page_Update Add New Employee - ASSIST/button for search for IC' is clicked on

2018-12-14 02:23:34 - [TEST_STEP][PASSED] - delay: Delayed 2 second(s)

2018-12-14 02:23:36 - [MESSAGE][PASSED] - Delayed 2 second(s)

2018-12-14 02:23:36 - [TEST_STEP][PASSED] - setText: Text 'Automate002 not eligible 2' is set on object 'Object Repository/Final Object Repo/Page_Update Add New Employee - ASSIST/Employee Name Input'

2018-12-14 02:23:36 - [MESSAGE][PASSED] - Text 'Automate002 not eligible 2' is set on object 'Object Repository/Final Object Repo/Page_Update Add New Employee - ASSIST/Employee Name Input'

2018-12-14 02:23:36 - [TEST_STEP][PASSED] - delay: Delayed 2 second(s)

2018-12-14 02:23:38 - [MESSAGE][PASSED] - Delayed 2 second(s)

2018-12-14 02:23:38 - [TEST_STEP][PASSED] - click: Object: 'Object Repository/Final Object Repo/Page_Update Add New Employee - ASSIST/DatePicker Pop Up' is clicked on

2018-12-14 02:23:38 - [MESSAGE][PASSED] - Object: 'Object Repository/Final Object Repo/Page_Update Add New Employee - ASSIST/DatePicker Pop Up' is clicked on

2018-12-14 02:23:38 - [TEST_STEP][PASSED] - delay: Delayed 2 second(s)

2018-12-14 02:23:40 - [MESSAGE][PASSED] - Delayed 2 second(s)

2018-12-14 02:23:40 - [TEST_STEP][PASSED] - click: Object: 'Object Repository/Final Object Repo/Page_Update Add New Employee - ASSIST/DOB Month' is clicked on

2018-12-14 02:23:41 - [MESSAGE][PASSED] - Object: 'Object Repository/Final Object Repo/Page_Update Add New Employee - ASSIST/DOB Month' is clicked on

2018-12-14 02:23:41 - [TEST_STEP][PASSED] - Statement - selectMonth = com.kms.katalon.core.webui.keyword.WebUiBuiltInKeywords.modifyObjectProperty(selectMonth, "xpath", "equals", "//body/div/div/div/select/option[@value="" + CurrentMonth + ""]", true): Modify property of object successfully

2018-12-14 02:23:41 - [MESSAGE][PASSED] - Modify property of object successfully

2018-12-14 02:23:41 - [TEST_STEP][PASSED] - click: Object: '' is clicked on

2018-12-14 02:23:41 - [MESSAGE][PASSED] - Object: '' is clicked on

2018-12-14 02:23:41 - [TEST_STEP][PASSED] - click: Object: 'Object Repository/Final Object Repo/Page_Update Add New Employee - ASSIST/DOB Year' is clicked on

2018-12-14 02:23:41 - [MESSAGE][PASSED] - Object: 'Object Repository/Final Object Repo/Page_Update Add New Employee - ASSIST/DOB Year' is clicked on

2018-12-14 02:23:41 - [TEST_STEP][PASSED] - Statement - selectYear = com.kms.katalon.core.webui.keyword.WebUiBuiltInKeywords.modifyObjectProperty(selectYear, "xpath", "equals", "//div/div/div/select/option[@value="" + FiftysevenYrsBefore + ""]", true): Modify property of object successfully

2018-12-14 02:23:41 - [MESSAGE][PASSED] - Modify property of object successfully

2018-12-14 02:23:41 - [TEST_STEP][PASSED] - click: Object: '' is clicked on

2018-12-14 02:23:41 - [MESSAGE][PASSED] - Object: '' is clicked on

2018-12-14 02:23:41 - [TEST_STEP][PASSED] - Statement - UpdatedSelectDate = com.kms.katalon.core.webui.keyword.WebUiBuiltInKeywords.modifyObjectProperty(com.kms.katalon.core.testobject.ObjectRepository.findTestObject(Final Object Repo/Page_Update Add New Employee - ASSIST/DOB Date), "xpath", "equals", "//body/div/table/tbody/tr/td/a[text()="" + CurrentDate + ""]", true): Modify property of object successfully

2018-12-14 02:23:41 - [MESSAGE][PASSED] - Modify property of object successfully

2018-12-14 02:23:41 - [TEST_STEP][PASSED] - click: Object: 'Object Repository/Final Object Repo/Page_Update Add New Employee - ASSIST/DOB Date' is clicked on

2018-12-14 02:23:41 - [MESSAGE][PASSED] - Object: 'Object Repository/Final Object Repo/Page_Update Add New Employee - ASSIST/DOB Date' is clicked on

2018-12-14 02:23:41 - [TEST_STEP][PASSED] - click: Object: 'Object Repository/Final Object Repo/Page_Update Add New Employee - ASSIST/EmploymentStartDate Pop Up' is clicked on

2018-12-14 02:23:41 - [MESSAGE][PASSED] - Object: 'Object Repository/Final Object Repo/Page_Update Add New Employee - ASSIST/EmploymentStartDate Pop Up' is clicked on

2018-12-14 02:23:41 - [TEST_STEP][PASSED] - delay: Delayed 2 second(s)

2018-12-14 02:23:43 - [MESSAGE][PASSED] - Delayed 2 second(s)

2018-12-14 02:23:43 - [TEST_STEP][PASSED] - click: Object: 'Object Repository/Final Object Repo/Page_Update Add New Employee - ASSIST/Socso Employment StartDate Month' is clicked on

2018-12-14 02:23:44 - [MESSAGE][PASSED] - Object: 'Object Repository/Final Object Repo/Page_Update Add New Employee - ASSIST/Socso Employment StartDate Month' is clicked on

2018-12-14 02:23:44 - [TEST_STEP][PASSED] - delay: Delayed 1 second(s)

2018-12-14 02:23:45 - [MESSAGE][PASSED] - Delayed 1 second(s)

2018-12-14 02:23:45 - [TEST_STEP][PASSED] - click: Object: 'Object Repository/Final Object Repo/Page_Update Add New Employee - ASSIST/Select Socso Employement Startdate Month' is clicked on

2018-12-14 02:23:45 - [MESSAGE][PASSED] - Object: 'Object Repository/Final Object Repo/Page_Update Add New Employee - ASSIST/Select Socso Employement Startdate Month' is clicked on

2018-12-14 02:23:45 - [TEST_STEP][PASSED] - delay: Delayed 2 second(s)

2018-12-14 02:23:47 - [MESSAGE][PASSED] - Delayed 2 second(s)

2018-12-14 02:23:47 - [TEST_STEP][PASSED] - click: Object: 'Object Repository/Final Object Repo/Page_Update Add New Employee - ASSIST/Socso Employment StartDate Year' is clicked on

2018-12-14 02:23:47 - [MESSAGE][PASSED] - Object: 'Object Repository/Final Object Repo/Page_Update Add New Employee - ASSIST/Socso Employment StartDate Year' is clicked on

2018-12-14 02:23:47 - [TEST_STEP][PASSED] - delay: Delayed 1 second(s)

2018-12-14 02:23:48 - [MESSAGE][PASSED] - Delayed 1 second(s)

2018-12-14 02:23:48 - [TEST_STEP][PASSED] - click: Object: 'Object Repository/Final Object Repo/Page_Update Add New Employee - ASSIST/Select Socso Employment Startdate Year' is clicked on

2018-12-14 02:23:48 - [MESSAGE][PASSED] - Object: 'Object Repository/Final Object Repo/Page_Update Add New Employee - ASSIST/Select Socso Employment Startdate Year' is clicked on

2018-12-14 02:23:48 - [TEST_STEP][PASSED] - delay: Delayed 2 second(s)

2018-12-14 02:23:50 - [MESSAGE][PASSED] - Delayed 2 second(s)

2018-12-14 02:23:50 - [TEST_STEP][PASSED] - click: Object: 'Object Repository/Final Object Repo/Page_Update Add New Employee - ASSIST/Socso Employment Start Date Day' is clicked on

2018-12-14 02:23:50 - [MESSAGE][PASSED] - Object: 'Object Repository/Final Object Repo/Page_Update Add New Employee - ASSIST/Socso Employment Start Date Day' is clicked on

2018-12-14 02:23:50 - [TEST_STEP][PASSED] - delay: Delayed 2 second(s)

2018-12-14 02:23:52 - [MESSAGE][PASSED] - Delayed 2 second(s)

2018-12-14 02:23:52 - [TEST_STEP][PASSED] - click: Object: 'Object Repository/Final Object Repo/Page_Update Add New Employee - ASSIST/Save Button for Add Employee' is clicked on

2018-12-14 02:23:52 - [MESSAGE][PASSED] - Object: 'Object Repository/Final Object Repo/Page_Update Add New Employee - ASSIST/Save Button for Add Employee' is clicked on

2018-12-14 02:23:52 - [MESSAGE][PASSED] - Call Test Case 'Test Cases/Final Aug 2018 - PKS Automation/Registration Module/Workflow/Update Add New Employee/Template/Employee Adding/Employee Adding Action Repeat IC - set 2' successfully

2018-12-14 02:23:52 - [MESSAGE][PASSED] - Call Test Case 'Test Cases/Final Aug 2018 - PKS Automation/Registration Module/Workflow/Update Add New Employee/Template/Employee Adding/Employee Set Decider' successfully

2018-12-14 02:23:52 - [TEST_STEP][PASSED] - delay: Delayed 4 second(s)

2018-12-14 02:23:56 - [MESSAGE][PASSED] - Delayed 4 second(s)

2018-12-14 02:23:56 - [TEST_STEP][PASSED] - Statement - CaseReferenceNo = com.kms.katalon.core.webui.keyword.WebUiBuiltInKeywords.getText(com.kms.katalon.core.testobject.ObjectRepository.findTestObject(Final Object Repo/Page_Update Add New Employee - ASSIST/RefNo)): Text of object 'Object Repository/Final Object Repo/Page_Update Add New Employee - ASSIST/RefNo' is: 'CAN12201800002355'

2018-12-14 02:23:56 - [MESSAGE][PASSED] - Text of object 'Object Repository/Final Object Repo/Page_Update Add New Employee - ASSIST/RefNo' is: 'CAN12201800002355'

2018-12-14 02:23:56 - [TEST_STEP][PASSED] - callTestCase: Call Test Case 'Test Cases/Final Aug 2018 - PKS Automation/Common/Reference Number Setter' successfully

2018-12-14 02:23:56 - [TEST_CASE][PASSED] - Test Cases/Final Aug 2018 - PKS Automation/Common/Reference Number Setter: Test Cases/Final Aug 2018 - PKS Automation/Common/Reference Number Setter

2018-12-14 02:23:57 - [TEST_STEP][PASSED] - Statement - RefNoOldFile = new java.io.File(C://Users//Admin//Desktop//PKS//Automation Reference Point//KatalonReference.txt): null

2018-12-14 02:23:57 - [TEST_STEP][PASSED] - Statement - RefNoOldFile.delete(): null

2018-12-14 02:23:57 - [TEST_STEP][PASSED] - delay: Delayed 5 second(s)

2018-12-14 02:24:02 - [MESSAGE][PASSED] - Delayed 5 second(s)

2018-12-14 02:24:02 - [TEST_STEP][PASSED] - Statement - RefNo = new java.io.File(C://Users//Admin//Desktop//PKS//Automation Reference Point//KatalonReference.txt): null

2018-12-14 02:24:02 - [TEST_STEP][PASSED] - Statement - f2 = new java.io.FileWriter(RefNo, false): null

2018-12-14 02:24:02 - [TEST_STEP][PASSED] - Statement - f2.write(CaseReferenceNo): null

2018-12-14 02:24:02 - [TEST_STEP][PASSED] - Statement - f2.close(): null

2018-12-14 02:24:02 - [TEST_STEP][PASSED] - Statement - out.println("


" + CaseReferenceNo + "


"): null

2018-12-14 02:24:02 - [MESSAGE][PASSED] - Call Test Case 'Test Cases/Final Aug 2018 - PKS Automation/Common/Reference Number Setter' successfully

2018-12-14 02:24:02 - [TEST_STEP][PASSED] - delay: Delayed 5 second(s)

2018-12-14 02:24:07 - [MESSAGE][PASSED] - Delayed 5 second(s)

2018-12-14 02:24:07 - [TEST_STEP][PASSED] - click: Object: 'Object Repository/Final Object Repo/Page_Update Add New Employee - ASSIST/Save  Continue Button' is clicked on

2018-12-14 02:24:07 - [MESSAGE][PASSED] - Object: 'Object Repository/Final Object Repo/Page_Update Add New Employee - ASSIST/Save  Continue Button' is clicked on

2018-12-14 02:24:07 - [TEST_STEP][PASSED] - delay: Delayed 4 second(s)

2018-12-14 02:24:11 - [MESSAGE][PASSED] - Delayed 4 second(s)

2018-12-14 02:24:11 - [TEST_STEP][PASSED] - callTestCase: Call Test Case 'Test Cases/Final Aug 2018 - PKS Automation/Common/Reference Number Getter' successfully

2018-12-14 02:24:11 - [TEST_CASE][PASSED] - Test Cases/Final Aug 2018 - PKS Automation/Common/Reference Number Getter: Test Cases/Final Aug 2018 - PKS Automation/Common/Reference Number Getter

2018-12-14 02:24:11 - [TEST_STEP][PASSED] - Statement - Try: null

2018-12-14 02:24:11 - [TEST_STEP][PASSED] - Statement - RefNo = new java.io.File(C://Users//Admin//Desktop//PKS//Automation Reference Point//KatalonReference.txt): null

2018-12-14 02:24:11 - [TEST_STEP][PASSED] - Statement - bufferread = new java.io.BufferedReader(new java.io.FileReader(RefNo)): null

2018-12-14 02:24:11 - [TEST_STEP][PASSED] - Statement - readedVal = bufferread.readLine(): null

2018-12-14 02:24:11 - [TEST_STEP][PASSED] - Statement - out.println(CaseReferenceNo): null

2018-12-14 02:24:11 - [TEST_STEP][PASSED] - Statement - out.println(readedVal): null

2018-12-14 02:24:11 - [TEST_STEP][PASSED] - Statement - CaseReferenceNo = "": null

2018-12-14 02:24:11 - [TEST_STEP][PASSED] - Statement - CaseReferenceNo = readedVal: null

2018-12-14 02:24:11 - [MESSAGE][PASSED] - Call Test Case 'Test Cases/Final Aug 2018 - PKS Automation/Common/Reference Number Getter' successfully

2018-12-14 02:24:11 - [TEST_STEP][PASSED] - click: Object: 'Object Repository/Final Object Repo/Page_Update Add New Employee - ASSIST/Save  Continue Third Screen' is clicked on

2018-12-14 02:24:14 - [MESSAGE][PASSED] - Object: 'Object Repository/Final Object Repo/Page_Update Add New Employee - ASSIST/Save  Continue Third Screen' is clicked on

2018-12-14 02:24:14 - [TEST_STEP][PASSED] - delay: Delayed 4 second(s)

2018-12-14 02:24:18 - [MESSAGE][PASSED] - Delayed 4 second(s)

2018-12-14 02:24:18 - [TEST_STEP][PASSED] - click: Object: 'Object Repository/Final Object Repo/Page_Update Add New Employee - ASSIST/Save   Continue Supporting Doc Page' is clicked on

2018-12-14 02:24:18 - [MESSAGE][PASSED] - Object: 'Object Repository/Final Object Repo/Page_Update Add New Employee - ASSIST/Save   Continue Supporting Doc Page' is clicked on

2018-12-14 02:24:18 - [TEST_STEP][PASSED] - delay: Delayed 4 second(s)

2018-12-14 02:24:22 - [MESSAGE][PASSED] - Delayed 4 second(s)

2018-12-14 02:24:22 - [TEST_STEP][PASSED] - click: Object: 'Object Repository/Final Object Repo/Page_Update Add New Employee - ASSIST/Submit Button' is clicked on

2018-12-14 02:24:22 - [MESSAGE][PASSED] - Object: 'Object Repository/Final Object Repo/Page_Update Add New Employee - ASSIST/Submit Button' is clicked on

2018-12-14 02:24:22 - [TEST_STEP][PASSED] - delay: Delayed 4 second(s)

2018-12-14 02:24:26 - [MESSAGE][PASSED] - Delayed 4 second(s)

2018-12-14 02:24:26 - [TEST_STEP][PASSED] - click: Object: 'Object Repository/Final Object Repo/Page_Update Add New Employee - ASSIST/Confirm Submit Button' is clicked on

2018-12-14 02:24:26 - [MESSAGE][PASSED] - Object: 'Object Repository/Final Object Repo/Page_Update Add New Employee - ASSIST/Confirm Submit Button' is clicked on

2018-12-14 02:24:26 - [TEST_STEP][PASSED] - delay: Delayed 20 second(s)

2018-12-14 02:24:46 - [MESSAGE][PASSED] - Delayed 20 second(s)

2018-12-14 02:24:46 - [TEST_STEP][PASSED] - callTestCase: Call Test Case 'Test Cases/Final Aug 2018 - PKS Automation/Common/Screenshoting tool' successfully

2018-12-14 02:24:47 - [TEST_CASE][PASSED] - Test Cases/Final Aug 2018 - PKS Automation/Common/Screenshoting tool: Test Cases/Final Aug 2018 - PKS Automation/Common/Screenshoting tool

2018-12-14 02:24:47 - [TEST_STEP][PASSED] - delay: Delayed 15 second(s)

2018-12-14 02:25:02 - [MESSAGE][PASSED] - Delayed 15 second(s)

2018-12-14 02:25:02 - [TEST_STEP][PASSED] - Statement - driver = com.kms.katalon.core.webui.driver.DriverFactory.getWebDriver(): null

2018-12-14 02:25:02 - [TEST_STEP][PASSED] - Statement - driver.manage().timeouts().implicitlyWait(10, SECONDS): null

2018-12-14 02:25:02 - [TEST_STEP][PASSED] - Statement - PresavePath = KatalonScreenshots: null

2018-12-14 02:25:02 - [TEST_STEP][PASSED] - Statement - pathPrefix = "C:\Users\Public\Pictures\Sample Pictures\Katalon Screenshots\Automate Ending Screen": null

2018-12-14 02:25:02 - [TEST_STEP][PASSED] - Statement - finalPath = <not implemented yet for class: org.codehaus.groovy.ast.expr.EmptyExpression>: null

2018-12-14 02:25:02 - [TEST_STEP][PASSED] - Statement - scrFile = driver.getScreenshotAs(FILE): null

2018-12-14 02:25:02 - [TEST_STEP][PASSED] - Statement - PreSaveFile = new java.io.File(PresavePath): null

2018-12-14 02:25:02 - [TEST_STEP][PASSED] - Statement - counter = 0: null

2018-12-14 02:25:02 - [TEST_STEP][PASSED] - Statement - If (PreSaveFile.exists()): null

2018-12-14 02:25:02 - [TEST_STEP][PASSED] - Statement - While (PreSaveFile.exists()): null

2018-12-14 02:25:02 - [TEST_STEP][PASSED] - Statement - counter = counter + 1: null

2018-12-14 02:25:02 - [TEST_STEP][PASSED] - Statement - PreSaveFile = new java.io.File(((pathPrefix + java.lang.Integer.toString(counter)) + .png)): null

2018-12-14 02:25:02 - [TEST_STEP][PASSED] - Statement - counter = counter + 1: null

2018-12-14 02:25:02 - [TEST_STEP][PASSED] - Statement - PreSaveFile = new java.io.File(((pathPrefix + java.lang.Integer.toString(counter)) + .png)): null

2018-12-14 02:25:02 - [TEST_STEP][PASSED] - Statement - counter = counter + 1: null

2018-12-14 02:25:02 - [TEST_STEP][PASSED] - Statement - PreSaveFile = new java.io.File(((pathPrefix + java.lang.Integer.toString(counter)) + .png)): null

2018-12-14 02:25:02 - [TEST_STEP][PASSED] - Statement - counter = counter + 1: null

2018-12-14 02:25:02 - [TEST_STEP][PASSED] - Statement - PreSaveFile = new java.io.File(((pathPrefix + java.lang.Integer.toString(counter)) + .png)): null

2018-12-14 02:25:02 - [TEST_STEP][PASSED] - Statement - counter = counter + 1: null

2018-12-14 02:25:02 - [TEST_STEP][PASSED] - Statement - PreSaveFile = new java.io.File(((pathPrefix + java.lang.Integer.toString(counter)) + .png)): null

2018-12-14 02:25:02 - [TEST_STEP][PASSED] - Statement - counter = counter + 1: null

2018-12-14 02:25:02 - [TEST_STEP][PASSED] - Statement - PreSaveFile = new java.io.File(((pathPrefix + java.lang.Integer.toString(counter)) + .png)): null

2018-12-14 02:25:02 - [TEST_STEP][PASSED] - Statement - counter = counter + 1: null

2018-12-14 02:25:02 - [TEST_STEP][PASSED] - Statement - PreSaveFile = new java.io.File(((pathPrefix + java.lang.Integer.toString(counter)) + .png)): null

2018-12-14 02:25:02 - [TEST_STEP][PASSED] - Statement - counter = counter + 1: null

2018-12-14 02:25:02 - [TEST_STEP][PASSED] - Statement - PreSaveFile = new java.io.File(((pathPrefix + java.lang.Integer.toString(counter)) + .png)): null

2018-12-14 02:25:02 - [TEST_STEP][PASSED] - Statement - counter = counter + 1: null

2018-12-14 02:25:02 - [TEST_STEP][PASSED] - Statement - PreSaveFile = new java.io.File(((pathPrefix + java.lang.Integer.toString(counter)) + .png)): null

2018-12-14 02:25:02 - [TEST_STEP][PASSED] - Statement - counter = counter + 1: null

2018-12-14 02:25:02 - [TEST_STEP][PASSED] - Statement - PreSaveFile = new java.io.File(((pathPrefix + java.lang.Integer.toString(counter)) + .png)): null

2018-12-14 02:25:02 - [TEST_STEP][PASSED] - Statement - counter = counter + 1: null

2018-12-14 02:25:02 - [TEST_STEP][PASSED] - Statement - PreSaveFile = new java.io.File(((pathPrefix + java.lang.Integer.toString(counter)) + .png)): null

2018-12-14 02:25:02 - [TEST_STEP][PASSED] - Statement - counter = counter + 1: null

2018-12-14 02:25:02 - [TEST_STEP][PASSED] - Statement - PreSaveFile = new java.io.File(((pathPrefix + java.lang.Integer.toString(counter)) + .png)): null

2018-12-14 02:25:02 - [TEST_STEP][PASSED] - Statement - counter = counter + 1: null

2018-12-14 02:25:02 - [TEST_STEP][PASSED] - Statement - PreSaveFile = new java.io.File(((pathPrefix + java.lang.Integer.toString(counter)) + .png)): null

2018-12-14 02:25:02 - [TEST_STEP][PASSED] - Statement - counter = counter + 1: null

2018-12-14 02:25:02 - [TEST_STEP][PASSED] - Statement - PreSaveFile = new java.io.File(((pathPrefix + java.lang.Integer.toString(counter)) + .png)): null

2018-12-14 02:25:02 - [TEST_STEP][PASSED] - Statement - counter = counter + 1: null

2018-12-14 02:25:02 - [TEST_STEP][PASSED] - Statement - PreSaveFile = new java.io.File(((pathPrefix + java.lang.Integer.toString(counter)) + .png)): null

2018-12-14 02:25:02 - [TEST_STEP][PASSED] - Statement - counter = counter + 1: null

2018-12-14 02:25:02 - [TEST_STEP][PASSED] - Statement - PreSaveFile = new java.io.File(((pathPrefix + java.lang.Integer.toString(counter)) + .png)): null

2018-12-14 02:25:02 - [TEST_STEP][PASSED] - Statement - counter = counter + 1: null

2018-12-14 02:25:02 - [TEST_STEP][PASSED] - Statement - PreSaveFile = new java.io.File(((pathPrefix + java.lang.Integer.toString(counter)) + .png)): null

2018-12-14 02:25:02 - [TEST_STEP][PASSED] - Statement - counter = counter + 1: null

2018-12-14 02:25:02 - [TEST_STEP][PASSED] - Statement - PreSaveFile = new java.io.File(((pathPrefix + java.lang.Integer.toString(counter)) + .png)): null

2018-12-14 02:25:02 - [TEST_STEP][PASSED] - Statement - counter = counter + 1: null

2018-12-14 02:25:02 - [TEST_STEP][PASSED] - Statement - PreSaveFile = new java.io.File(((pathPrefix + java.lang.Integer.toString(counter)) + .png)): null

2018-12-14 02:25:02 - [TEST_STEP][PASSED] - Statement - counter = counter + 1: null

2018-12-14 02:25:02 - [TEST_STEP][PASSED] - Statement - PreSaveFile = new java.io.File(((pathPrefix + java.lang.Integer.toString(counter)) + .png)): null

2018-12-14 02:25:02 - [TEST_STEP][PASSED] - Statement - counter = counter + 1: null

2018-12-14 02:25:02 - [TEST_STEP][PASSED] - Statement - PreSaveFile = new java.io.File(((pathPrefix + java.lang.Integer.toString(counter)) + .png)): null

2018-12-14 02:25:02 - [TEST_STEP][PASSED] - Statement - counter = counter + 1: null

2018-12-14 02:25:02 - [TEST_STEP][PASSED] - Statement - PreSaveFile = new java.io.File(((pathPrefix + java.lang.Integer.toString(counter)) + .png)): null

2018-12-14 02:25:02 - [TEST_STEP][PASSED] - Statement - counter = counter + 1: null

2018-12-14 02:25:02 - [TEST_STEP][PASSED] - Statement - PreSaveFile = new java.io.File(((pathPrefix + java.lang.Integer.toString(counter)) + .png)): null

2018-12-14 02:25:02 - [TEST_STEP][PASSED] - Statement - counter = counter + 1: null

2018-12-14 02:25:02 - [TEST_STEP][PASSED] - Statement - PreSaveFile = new java.io.File(((pathPrefix + java.lang.Integer.toString(counter)) + .png)): null

2018-12-14 02:25:02 - [TEST_STEP][PASSED] - Statement - counter = counter + 1: null

2018-12-14 02:25:02 - [TEST_STEP][PASSED] - Statement - PreSaveFile = new java.io.File(((pathPrefix + java.lang.Integer.toString(counter)) + .png)): null

2018-12-14 02:25:02 - [TEST_STEP][PASSED] - Statement - counter = counter + 1: null

2018-12-14 02:25:02 - [TEST_STEP][PASSED] - Statement - PreSaveFile = new java.io.File(((pathPrefix + java.lang.Integer.toString(counter)) + .png)): null

2018-12-14 02:25:02 - [TEST_STEP][PASSED] - Statement - counter = counter + 1: null

2018-12-14 02:25:02 - [TEST_STEP][PASSED] - Statement - PreSaveFile = new java.io.File(((pathPrefix + java.lang.Integer.toString(counter)) + .png)): null

2018-12-14 02:25:02 - [TEST_STEP][PASSED] - Statement - counter = counter + 1: null

2018-12-14 02:25:02 - [TEST_STEP][PASSED] - Statement - PreSaveFile = new java.io.File(((pathPrefix + java.lang.Integer.toString(counter)) + .png)): null

2018-12-14 02:25:02 - [TEST_STEP][PASSED] - Statement - counter = counter + 1: null

2018-12-14 02:25:02 - [TEST_STEP][PASSED] - Statement - PreSaveFile = new java.io.File(((pathPrefix + java.lang.Integer.toString(counter)) + .png)): null

2018-12-14 02:25:02 - [TEST_STEP][PASSED] - Statement - counter = counter + 1: null

2018-12-14 02:25:02 - [TEST_STEP][PASSED] - Statement - PreSaveFile = new java.io.File(((pathPrefix + java.lang.Integer.toString(counter)) + .png)): null

2018-12-14 02:25:02 - [TEST_STEP][PASSED] - Statement - counter = counter + 1: null

2018-12-14 02:25:02 - [TEST_STEP][PASSED] - Statement - PreSaveFile = new java.io.File(((pathPrefix + java.lang.Integer.toString(counter)) + .png)): null

2018-12-14 02:25:02 - [TEST_STEP][PASSED] - Statement - counter = counter + 1: null

2018-12-14 02:25:02 - [TEST_STEP][PASSED] - Statement - PreSaveFile = new java.io.File(((pathPrefix + java.lang.Integer.toString(counter)) + .png)): null

2018-12-14 02:25:02 - [TEST_STEP][PASSED] - Statement - counter = counter + 1: null

2018-12-14 02:25:02 - [TEST_STEP][PASSED] - Statement - PreSaveFile = new java.io.File(((pathPrefix + java.lang.Integer.toString(counter)) + .png)): null

2018-12-14 02:25:02 - [TEST_STEP][PASSED] - Statement - counter = counter + 1: null

2018-12-14 02:25:02 - [TEST_STEP][PASSED] - Statement - PreSaveFile = new java.io.File(((pathPrefix + java.lang.Integer.toString(counter)) + .png)): null

2018-12-14 02:25:02 - [TEST_STEP][PASSED] - Statement - counter = counter + 1: null

2018-12-14 02:25:02 - [TEST_STEP][PASSED] - Statement - PreSaveFile = new java.io.File(((pathPrefix + java.lang.Integer.toString(counter)) + .png)): null

2018-12-14 02:25:02 - [TEST_STEP][PASSED] - Statement - counter = counter + 1: null

2018-12-14 02:25:02 - [TEST_STEP][PASSED] - Statement - PreSaveFile = new java.io.File(((pathPrefix + java.lang.Integer.toString(counter)) + .png)): null

2018-12-14 02:25:02 - [TEST_STEP][PASSED] - Statement - counter = counter + 1: null

2018-12-14 02:25:02 - [TEST_STEP][PASSED] - Statement - PreSaveFile = new java.io.File(((pathPrefix + java.lang.Integer.toString(counter)) + .png)): null

2018-12-14 02:25:02 - [TEST_STEP][PASSED] - Statement - counter = counter + 1: null

2018-12-14 02:25:02 - [TEST_STEP][PASSED] - Statement - PreSaveFile = new java.io.File(((pathPrefix + java.lang.Integer.toString(counter)) + .png)): null

2018-12-14 02:25:02 - [TEST_STEP][PASSED] - Statement - counter = counter + 1: null

2018-12-14 02:25:02 - [TEST_STEP][PASSED] - Statement - PreSaveFile = new java.io.File(((pathPrefix + java.lang.Integer.toString(counter)) + .png)): null

2018-12-14 02:25:02 - [TEST_STEP][PASSED] - Statement - counter = counter + 1: null

2018-12-14 02:25:02 - [TEST_STEP][PASSED] - Statement - PreSaveFile = new java.io.File(((pathPrefix + java.lang.Integer.toString(counter)) + .png)): null

2018-12-14 02:25:02 - [TEST_STEP][PASSED] - Statement - counter = counter + 1: null

2018-12-14 02:25:02 - [TEST_STEP][PASSED] - Statement - PreSaveFile = new java.io.File(((pathPrefix + java.lang.Integer.toString(counter)) + .png)): null

2018-12-14 02:25:02 - [TEST_STEP][PASSED] - Statement - counter = counter + 1: null

2018-12-14 02:25:02 - [TEST_STEP][PASSED] - Statement - PreSaveFile = new java.io.File(((pathPrefix + java.lang.Integer.toString(counter)) + .png)): null

2018-12-14 02:25:02 - [TEST_STEP][PASSED] - Statement - counter = counter + 1: null

2018-12-14 02:25:02 - [TEST_STEP][PASSED] - Statement - PreSaveFile = new java.io.File(((pathPrefix + java.lang.Integer.toString(counter)) + .png)): null

2018-12-14 02:25:02 - [TEST_STEP][PASSED] - Statement - counter = counter + 1: null

2018-12-14 02:25:02 - [TEST_STEP][PASSED] - Statement - PreSaveFile = new java.io.File(((pathPrefix + java.lang.Integer.toString(counter)) + .png)): null

2018-12-14 02:25:02 - [TEST_STEP][PASSED] - Statement - counter = counter + 1: null

2018-12-14 02:25:02 - [TEST_STEP][PASSED] - Statement - PreSaveFile = new java.io.File(((pathPrefix + java.lang.Integer.toString(counter)) + .png)): null

2018-12-14 02:25:02 - [TEST_STEP][PASSED] - Statement - counter = counter + 1: null

2018-12-14 02:25:02 - [TEST_STEP][PASSED] - Statement - PreSaveFile = new java.io.File(((pathPrefix + java.lang.Integer.toString(counter)) + .png)): null

2018-12-14 02:25:02 - [TEST_STEP][PASSED] - Statement - counter = counter + 1: null

2018-12-14 02:25:02 - [TEST_STEP][PASSED] - Statement - PreSaveFile = new java.io.File(((pathPrefix + java.lang.Integer.toString(counter)) + .png)): null

2018-12-14 02:25:02 - [TEST_STEP][PASSED] - Statement - counter = counter + 1: null

2018-12-14 02:25:02 - [TEST_STEP][PASSED] - Statement - PreSaveFile = new java.io.File(((pathPrefix + java.lang.Integer.toString(counter)) + .png)): null

2018-12-14 02:25:02 - [TEST_STEP][PASSED] - Statement - counter = counter + 1: null

2018-12-14 02:25:02 - [TEST_STEP][PASSED] - Statement - PreSaveFile = new java.io.File(((pathPrefix + java.lang.Integer.toString(counter)) + .png)): null

2018-12-14 02:25:02 - [TEST_STEP][PASSED] - Statement - counter = counter + 1: null

2018-12-14 02:25:02 - [TEST_STEP][PASSED] - Statement - PreSaveFile = new java.io.File(((pathPrefix + java.lang.Integer.toString(counter)) + .png)): null

2018-12-14 02:25:02 - [TEST_STEP][PASSED] - Statement - counter = counter + 1: null

2018-12-14 02:25:02 - [TEST_STEP][PASSED] - Statement - PreSaveFile = new java.io.File(((pathPrefix + java.lang.Integer.toString(counter)) + .png)): null

2018-12-14 02:25:02 - [TEST_STEP][PASSED] - Statement - counter = counter + 1: null

2018-12-14 02:25:02 - [TEST_STEP][PASSED] - Statement - PreSaveFile = new java.io.File(((pathPrefix + java.lang.Integer.toString(counter)) + .png)): null

2018-12-14 02:25:02 - [TEST_STEP][PASSED] - Statement - counter = counter + 1: null

2018-12-14 02:25:02 - [TEST_STEP][PASSED] - Statement - PreSaveFile = new java.io.File(((pathPrefix + java.lang.Integer.toString(counter)) + .png)): null

2018-12-14 02:25:02 - [TEST_STEP][PASSED] - Statement - counter = counter + 1: null

2018-12-14 02:25:02 - [TEST_STEP][PASSED] - Statement - PreSaveFile = new java.io.File(((pathPrefix + java.lang.Integer.toString(counter)) + .png)): null

2018-12-14 02:25:02 - [TEST_STEP][PASSED] - Statement - counter = counter + 1: null

2018-12-14 02:25:02 - [TEST_STEP][PASSED] - Statement - PreSaveFile = new java.io.File(((pathPrefix + java.lang.Integer.toString(counter)) + .png)): null

2018-12-14 02:25:02 - [TEST_STEP][PASSED] - Statement - counter = counter + 1: null

2018-12-14 02:25:02 - [TEST_STEP][PASSED] - Statement - PreSaveFile = new java.io.File(((pathPrefix + java.lang.Integer.toString(counter)) + .png)): null

2018-12-14 02:25:02 - [TEST_STEP][PASSED] - Statement - counter = counter + 1: null

2018-12-14 02:25:02 - [TEST_STEP][PASSED] - Statement - PreSaveFile = new java.io.File(((pathPrefix + java.lang.Integer.toString(counter)) + .png)): null

2018-12-14 02:25:02 - [TEST_STEP][PASSED] - Statement - counter = counter + 1: null

2018-12-14 02:25:02 - [TEST_STEP][PASSED] - Statement - PreSaveFile = new java.io.File(((pathPrefix + java.lang.Integer.toString(counter)) + .png)): null

2018-12-14 02:25:02 - [TEST_STEP][PASSED] - Statement - counter = counter + 1: null

2018-12-14 02:25:02 - [TEST_STEP][PASSED] - Statement - PreSaveFile = new java.io.File(((pathPrefix + java.lang.Integer.toString(counter)) + .png)): null

2018-12-14 02:25:02 - [TEST_STEP][PASSED] - Statement - counter = counter + 1: null

2018-12-14 02:25:02 - [TEST_STEP][PASSED] - Statement - PreSaveFile = new java.io.File(((pathPrefix + java.lang.Integer.toString(counter)) + .png)): null

2018-12-14 02:25:02 - [TEST_STEP][PASSED] - Statement - counter = counter + 1: null

2018-12-14 02:25:02 - [TEST_STEP][PASSED] - Statement - PreSaveFile = new java.io.File(((pathPrefix + java.lang.Integer.toString(counter)) + .png)): null

2018-12-14 02:25:02 - [TEST_STEP][PASSED] - Statement - counter = counter + 1: null

2018-12-14 02:25:02 - [TEST_STEP][PASSED] - Statement - PreSaveFile = new java.io.File(((pathPrefix + java.lang.Integer.toString(counter)) + .png)): null

2018-12-14 02:25:02 - [TEST_STEP][PASSED] - Statement - counter = counter + 1: null

2018-12-14 02:25:02 - [TEST_STEP][PASSED] - Statement - PreSaveFile = new java.io.File(((pathPrefix + java.lang.Integer.toString(counter)) + .png)): null

2018-12-14 02:25:02 - [TEST_STEP][PASSED] - Statement - counter = counter + 1: null

2018-12-14 02:25:02 - [TEST_STEP][PASSED] - Statement - PreSaveFile = new java.io.File(((pathPrefix + java.lang.Integer.toString(counter)) + .png)): null

2018-12-14 02:25:02 - [TEST_STEP][PASSED] - Statement - counter = counter + 1: null

2018-12-14 02:25:02 - [TEST_STEP][PASSED] - Statement - PreSaveFile = new java.io.File(((pathPrefix + java.lang.Integer.toString(counter)) + .png)): null

2018-12-14 02:25:02 - [TEST_STEP][PASSED] - Statement - counter = counter + 1: null

2018-12-14 02:25:02 - [TEST_STEP][PASSED] - Statement - PreSaveFile = new java.io.File(((pathPrefix + java.lang.Integer.toString(counter)) + .png)): null

2018-12-14 02:25:02 - [TEST_STEP][PASSED] - Statement - counter = counter + 1: null

2018-12-14 02:25:02 - [TEST_STEP][PASSED] - Statement - PreSaveFile = new java.io.File(((pathPrefix + java.lang.Integer.toString(counter)) + .png)): null

2018-12-14 02:25:02 - [TEST_STEP][PASSED] - Statement - counter = counter + 1: null

2018-12-14 02:25:02 - [TEST_STEP][PASSED] - Statement - PreSaveFile = new java.io.File(((pathPrefix + java.lang.Integer.toString(counter)) + .png)): null

2018-12-14 02:25:02 - [TEST_STEP][PASSED] - Statement - counter = counter + 1: null

2018-12-14 02:25:02 - [TEST_STEP][PASSED] - Statement - PreSaveFile = new java.io.File(((pathPrefix + java.lang.Integer.toString(counter)) + .png)): null

2018-12-14 02:25:02 - [TEST_STEP][PASSED] - Statement - counter = counter + 1: null

2018-12-14 02:25:02 - [TEST_STEP][PASSED] - Statement - PreSaveFile = new java.io.File(((pathPrefix + java.lang.Integer.toString(counter)) + .png)): null

2018-12-14 02:25:02 - [TEST_STEP][PASSED] - Statement - counter = counter + 1: null

2018-12-14 02:25:02 - [TEST_STEP][PASSED] - Statement - PreSaveFile = new java.io.File(((pathPrefix + java.lang.Integer.toString(counter)) + .png)): null

2018-12-14 02:25:02 - [TEST_STEP][PASSED] - Statement - counter = counter + 1: null

2018-12-14 02:25:02 - [TEST_STEP][PASSED] - Statement - PreSaveFile = new java.io.File(((pathPrefix + java.lang.Integer.toString(counter)) + .png)): null

2018-12-14 02:25:02 - [TEST_STEP][PASSED] - Statement - counter = counter + 1: null

2018-12-14 02:25:02 - [TEST_STEP][PASSED] - Statement - PreSaveFile = new java.io.File(((pathPrefix + java.lang.Integer.toString(counter)) + .png)): null

2018-12-14 02:25:02 - [TEST_STEP][PASSED] - Statement - counter = counter + 1: null

2018-12-14 02:25:02 - [TEST_STEP][PASSED] - Statement - PreSaveFile = new java.io.File(((pathPrefix + java.lang.Integer.toString(counter)) + .png)): null

2018-12-14 02:25:02 - [TEST_STEP][PASSED] - Statement - counter = counter + 1: null

2018-12-14 02:25:02 - [TEST_STEP][PASSED] - Statement - PreSaveFile = new java.io.File(((pathPrefix + java.lang.Integer.toString(counter)) + .png)): null

2018-12-14 02:25:02 - [TEST_STEP][PASSED] - Statement - counter = counter + 1: null

2018-12-14 02:25:02 - [TEST_STEP][PASSED] - Statement - PreSaveFile = new java.io.File(((pathPrefix + java.lang.Integer.toString(counter)) + .png)): null

2018-12-14 02:25:02 - [TEST_STEP][PASSED] - Statement - counter = counter + 1: null

2018-12-14 02:25:02 - [TEST_STEP][PASSED] - Statement - PreSaveFile = new java.io.File(((pathPrefix + java.lang.Integer.toString(counter)) + .png)): null

2018-12-14 02:25:02 - [TEST_STEP][PASSED] - Statement - counter = counter + 1: null

2018-12-14 02:25:02 - [TEST_STEP][PASSED] - Statement - PreSaveFile = new java.io.File(((pathPrefix + java.lang.Integer.toString(counter)) + .png)): null

2018-12-14 02:25:02 - [TEST_STEP][PASSED] - Statement - counter = counter + 1: null

2018-12-14 02:25:02 - [TEST_STEP][PASSED] - Statement - PreSaveFile = new java.io.File(((pathPrefix + java.lang.Integer.toString(counter)) + .png)): null

2018-12-14 02:25:02 - [TEST_STEP][PASSED] - Statement - counter = counter + 1: null

2018-12-14 02:25:02 - [TEST_STEP][PASSED] - Statement - PreSaveFile = new java.io.File(((pathPrefix + java.lang.Integer.toString(counter)) + .png)): null

2018-12-14 02:25:02 - [TEST_STEP][PASSED] - Statement - counter = counter + 1: null

2018-12-14 02:25:02 - [TEST_STEP][PASSED] - Statement - PreSaveFile = new java.io.File(((pathPrefix + java.lang.Integer.toString(counter)) + .png)): null

2018-12-14 02:25:02 - [TEST_STEP][PASSED] - Statement - counter = counter + 1: null

2018-12-14 02:25:02 - [TEST_STEP][PASSED] - Statement - PreSaveFile = new java.io.File(((pathPrefix + java.lang.Integer.toString(counter)) + .png)): null

2018-12-14 02:25:02 - [TEST_STEP][PASSED] - Statement - counter = counter + 1: null

2018-12-14 02:25:02 - [TEST_STEP][PASSED] - Statement - PreSaveFile = new java.io.File(((pathPrefix + java.lang.Integer.toString(counter)) + .png)): null

2018-12-14 02:25:02 - [TEST_STEP][PASSED] - Statement - counter = counter + 1: null

2018-12-14 02:25:02 - [TEST_STEP][PASSED] - Statement - PreSaveFile = new java.io.File(((pathPrefix + java.lang.Integer.toString(counter)) + .png)): null

2018-12-14 02:25:02 - [TEST_STEP][PASSED] - Statement - counter = counter + 1: null

2018-12-14 02:25:02 - [TEST_STEP][PASSED] - Statement - PreSaveFile = new java.io.File(((pathPrefix + java.lang.Integer.toString(counter)) + .png)): null

2018-12-14 02:25:02 - [TEST_STEP][PASSED] - Statement - counter = counter + 1: null

2018-12-14 02:25:02 - [TEST_STEP][PASSED] - Statement - PreSaveFile = new java.io.File(((pathPrefix + java.lang.Integer.toString(counter)) + .png)): null

2018-12-14 02:25:02 - [TEST_STEP][PASSED] - Statement - counter = counter + 1: null

2018-12-14 02:25:02 - [TEST_STEP][PASSED] - Statement - PreSaveFile = new java.io.File(((pathPrefix + java.lang.Integer.toString(counter)) + .png)): null

2018-12-14 02:25:02 - [TEST_STEP][PASSED] - Statement - counter = counter + 1: null

2018-12-14 02:25:02 - [TEST_STEP][PASSED] - Statement - PreSaveFile = new java.io.File(((pathPrefix + java.lang.Integer.toString(counter)) + .png)): null

2018-12-14 02:25:02 - [TEST_STEP][PASSED] - Statement - counter = counter + 1: null

2018-12-14 02:25:02 - [TEST_STEP][PASSED] - Statement - PreSaveFile = new java.io.File(((pathPrefix + java.lang.Integer.toString(counter)) + .png)): null

2018-12-14 02:25:02 - [TEST_STEP][PASSED] - Statement - counter = counter + 1: null

2018-12-14 02:25:02 - [TEST_STEP][PASSED] - Statement - PreSaveFile = new java.io.File(((pathPrefix + java.lang.Integer.toString(counter)) + .png)): null

2018-12-14 02:25:02 - [TEST_STEP][PASSED] - Statement - counter = counter + 1: null

2018-12-14 02:25:02 - [TEST_STEP][PASSED] - Statement - PreSaveFile = new java.io.File(((pathPrefix + java.lang.Integer.toString(counter)) + .png)): null

2018-12-14 02:25:02 - [TEST_STEP][PASSED] - Statement - counter = counter + 1: null

2018-12-14 02:25:02 - [TEST_STEP][PASSED] - Statement - PreSaveFile = new java.io.File(((pathPrefix + java.lang.Integer.toString(counter)) + .png)): null

2018-12-14 02:25:02 - [TEST_STEP][PASSED] - Statement - counter = counter + 1: null

2018-12-14 02:25:02 - [TEST_STEP][PASSED] - Statement - PreSaveFile = new java.io.File(((pathPrefix + java.lang.Integer.toString(counter)) + .png)): null

2018-12-14 02:25:02 - [TEST_STEP][PASSED] - Statement - counter = counter + 1: null

2018-12-14 02:25:02 - [TEST_STEP][PASSED] - Statement - PreSaveFile = new java.io.File(((pathPrefix + java.lang.Integer.toString(counter)) + .png)): null

2018-12-14 02:25:02 - [TEST_STEP][PASSED] - Statement - counter = counter + 1: null

2018-12-14 02:25:02 - [TEST_STEP][PASSED] - Statement - PreSaveFile = new java.io.File(((pathPrefix + java.lang.Integer.toString(counter)) + .png)): null

2018-12-14 02:25:02 - [TEST_STEP][PASSED] - Statement - counter = counter + 1: null

2018-12-14 02:25:02 - [TEST_STEP][PASSED] - Statement - PreSaveFile = new java.io.File(((pathPrefix + java.lang.Integer.toString(counter)) + .png)): null

2018-12-14 02:25:02 - [TEST_STEP][PASSED] - Statement - counter = counter + 1: null

2018-12-14 02:25:02 - [TEST_STEP][PASSED] - Statement - PreSaveFile = new java.io.File(((pathPrefix + java.lang.Integer.toString(counter)) + .png)): null

2018-12-14 02:25:02 - [TEST_STEP][PASSED] - Statement - counter = counter + 1: null

2018-12-14 02:25:02 - [TEST_STEP][PASSED] - Statement - PreSaveFile = new java.io.File(((pathPrefix + java.lang.Integer.toString(counter)) + .png)): null

2018-12-14 02:25:02 - [TEST_STEP][PASSED] - Statement - counter = counter + 1: null

2018-12-14 02:25:02 - [TEST_STEP][PASSED] - Statement - PreSaveFile = new java.io.File(((pathPrefix + java.lang.Integer.toString(counter)) + .png)): null

2018-12-14 02:25:02 - [TEST_STEP][PASSED] - Statement - counter = counter + 1: null

2018-12-14 02:25:02 - [TEST_STEP][PASSED] - Statement - PreSaveFile = new java.io.File(((pathPrefix + java.lang.Integer.toString(counter)) + .png)): null

2018-12-14 02:25:02 - [TEST_STEP][PASSED] - Statement - counter = counter + 1: null

2018-12-14 02:25:02 - [TEST_STEP][PASSED] - Statement - PreSaveFile = new java.io.File(((pathPrefix + java.lang.Integer.toString(counter)) + .png)): null

2018-12-14 02:25:02 - [TEST_STEP][PASSED] - Statement - counter = counter + 1: null

2018-12-14 02:25:02 - [TEST_STEP][PASSED] - Statement - PreSaveFile = new java.io.File(((pathPrefix + java.lang.Integer.toString(counter)) + .png)): null

2018-12-14 02:25:02 - [TEST_STEP][PASSED] - Statement - counter = counter + 1: null

2018-12-14 02:25:02 - [TEST_STEP][PASSED] - Statement - PreSaveFile = new java.io.File(((pathPrefix + java.lang.Integer.toString(counter)) + .png)): null

2018-12-14 02:25:02 - [TEST_STEP][PASSED] - Statement - counter = counter + 1: null

2018-12-14 02:25:02 - [TEST_STEP][PASSED] - Statement - PreSaveFile = new java.io.File(((pathPrefix + java.lang.Integer.toString(counter)) + .png)): null

2018-12-14 02:25:02 - [TEST_STEP][PASSED] - Statement - counter = counter + 1: null

2018-12-14 02:25:02 - [TEST_STEP][PASSED] - Statement - PreSaveFile = new java.io.File(((pathPrefix + java.lang.Integer.toString(counter)) + .png)): null

2018-12-14 02:25:02 - [TEST_STEP][PASSED] - Statement - counter = counter + 1: null

2018-12-14 02:25:02 - [TEST_STEP][PASSED] - Statement - PreSaveFile = new java.io.File(((pathPrefix + java.lang.Integer.toString(counter)) + .png)): null

2018-12-14 02:25:02 - [TEST_STEP][PASSED] - Statement - counter = counter + 1: null

2018-12-14 02:25:02 - [TEST_STEP][PASSED] - Statement - PreSaveFile = new java.io.File(((pathPrefix + java.lang.Integer.toString(counter)) + .png)): null

2018-12-14 02:25:02 - [TEST_STEP][PASSED] - Statement - counter = counter + 1: null

2018-12-14 02:25:02 - [TEST_STEP][PASSED] - Statement - PreSaveFile = new java.io.File(((pathPrefix + java.lang.Integer.toString(counter)) + .png)): null

2018-12-14 02:25:02 - [TEST_STEP][PASSED] - Statement - counter = counter + 1: null

2018-12-14 02:25:02 - [TEST_STEP][PASSED] - Statement - PreSaveFile = new java.io.File(((pathPrefix + java.lang.Integer.toString(counter)) + .png)): null

2018-12-14 02:25:02 - [TEST_STEP][PASSED] - Statement - counter = counter + 1: null

2018-12-14 02:25:02 - [TEST_STEP][PASSED] - Statement - PreSaveFile = new java.io.File(((pathPrefix + java.lang.Integer.toString(counter)) + .png)): null

2018-12-14 02:25:02 - [TEST_STEP][PASSED] - Statement - counter = counter + 1: null

2018-12-14 02:25:02 - [TEST_STEP][PASSED] - Statement - PreSaveFile = new java.io.File(((pathPrefix + java.lang.Integer.toString(counter)) + .png)): null

2018-12-14 02:25:02 - [TEST_STEP][PASSED] - Statement - counter = counter + 1: null

2018-12-14 02:25:02 - [TEST_STEP][PASSED] - Statement - PreSaveFile = new java.io.File(((pathPrefix + java.lang.Integer.toString(counter)) + .png)): null

2018-12-14 02:25:02 - [TEST_STEP][PASSED] - Statement - counter = counter + 1: null

2018-12-14 02:25:02 - [TEST_STEP][PASSED] - Statement - PreSaveFile = new java.io.File(((pathPrefix + java.lang.Integer.toString(counter)) + .png)): null

2018-12-14 02:25:02 - [TEST_STEP][PASSED] - Statement - counter = counter + 1: null

2018-12-14 02:25:02 - [TEST_STEP][PASSED] - Statement - PreSaveFile = new java.io.File(((pathPrefix + java.lang.Integer.toString(counter)) + .png)): null

2018-12-14 02:25:02 - [TEST_STEP][PASSED] - Statement - counter = counter + 1: null

2018-12-14 02:25:02 - [TEST_STEP][PASSED] - Statement - PreSaveFile = new java.io.File(((pathPrefix + java.lang.Integer.toString(counter)) + .png)): null

2018-12-14 02:25:02 - [TEST_STEP][PASSED] - Statement - counter = counter + 1: null

2018-12-14 02:25:02 - [TEST_STEP][PASSED] - Statement - PreSaveFile = new java.io.File(((pathPrefix + java.lang.Integer.toString(counter)) + .png)): null

2018-12-14 02:25:02 - [TEST_STEP][PASSED] - Statement - counter = counter + 1: null

2018-12-14 02:25:02 - [TEST_STEP][PASSED] - Statement - PreSaveFile = new java.io.File(((pathPrefix + java.lang.Integer.toString(counter)) + .png)): null

2018-12-14 02:25:02 - [TEST_STEP][PASSED] - Statement - counter = counter + 1: null

2018-12-14 02:25:02 - [TEST_STEP][PASSED] - Statement - PreSaveFile = new java.io.File(((pathPrefix + java.lang.Integer.toString(counter)) + .png)): null

2018-12-14 02:25:02 - [TEST_STEP][PASSED] - Statement - counter = counter + 1: null

2018-12-14 02:25:02 - [TEST_STEP][PASSED] - Statement - PreSaveFile = new java.io.File(((pathPrefix + java.lang.Integer.toString(counter)) + .png)): null

2018-12-14 02:25:02 - [TEST_STEP][PASSED] - Statement - counter = counter + 1: null

2018-12-14 02:25:02 - [TEST_STEP][PASSED] - Statement - PreSaveFile = new java.io.File(((pathPrefix + java.lang.Integer.toString(counter)) + .png)): null

2018-12-14 02:25:02 - [TEST_STEP][PASSED] - Statement - counter = counter + 1: null

2018-12-14 02:25:02 - [TEST_STEP][PASSED] - Statement - PreSaveFile = new java.io.File(((pathPrefix + java.lang.Integer.toString(counter)) + .png)): null

2018-12-14 02:25:02 - [TEST_STEP][PASSED] - Statement - counter = counter + 1: null

2018-12-14 02:25:02 - [TEST_STEP][PASSED] - Statement - PreSaveFile = new java.io.File(((pathPrefix + java.lang.Integer.toString(counter)) + .png)): null

2018-12-14 02:25:02 - [TEST_STEP][PASSED] - Statement - counter = counter + 1: null

2018-12-14 02:25:02 - [TEST_STEP][PASSED] - Statement - PreSaveFile = new java.io.File(((pathPrefix + java.lang.Integer.toString(counter)) + .png)): null

2018-12-14 02:25:02 - [TEST_STEP][PASSED] - Statement - counter = counter + 1: null

2018-12-14 02:25:02 - [TEST_STEP][PASSED] - Statement - PreSaveFile = new java.io.File(((pathPrefix + java.lang.Integer.toString(counter)) + .png)): null

2018-12-14 02:25:02 - [TEST_STEP][PASSED] - Statement - counter = counter + 1: null

2018-12-14 02:25:02 - [TEST_STEP][PASSED] - Statement - PreSaveFile = new java.io.File(((pathPrefix + java.lang.Integer.toString(counter)) + .png)): null

2018-12-14 02:25:02 - [TEST_STEP][PASSED] - Statement - counter = counter + 1: null

2018-12-14 02:25:02 - [TEST_STEP][PASSED] - Statement - PreSaveFile = new java.io.File(((pathPrefix + java.lang.Integer.toString(counter)) + .png)): null

2018-12-14 02:25:02 - [TEST_STEP][PASSED] - Statement - counter = counter + 1: null

2018-12-14 02:25:02 - [TEST_STEP][PASSED] - Statement - PreSaveFile = new java.io.File(((pathPrefix + java.lang.Integer.toString(counter)) + .png)): null

2018-12-14 02:25:02 - [TEST_STEP][PASSED] - Statement - counter = counter + 1: null

2018-12-14 02:25:02 - [TEST_STEP][PASSED] - Statement - PreSaveFile = new java.io.File(((pathPrefix + java.lang.Integer.toString(counter)) + .png)): null

2018-12-14 02:25:02 - [TEST_STEP][PASSED] - Statement - counter = counter + 1: null

2018-12-14 02:25:02 - [TEST_STEP][PASSED] - Statement - PreSaveFile = new java.io.File(((pathPrefix + java.lang.Integer.toString(counter)) + .png)): null

2018-12-14 02:25:02 - [TEST_STEP][PASSED] - Statement - counter = counter + 1: null

2018-12-14 02:25:02 - [TEST_STEP][PASSED] - Statement - PreSaveFile = new java.io.File(((pathPrefix + java.lang.Integer.toString(counter)) + .png)): null

2018-12-14 02:25:02 - [TEST_STEP][PASSED] - Statement - counter = counter + 1: null

2018-12-14 02:25:02 - [TEST_STEP][PASSED] - Statement - PreSaveFile = new java.io.File(((pathPrefix + java.lang.Integer.toString(counter)) + .png)): null

2018-12-14 02:25:02 - [TEST_STEP][PASSED] - Statement - counter = counter + 1: null

2018-12-14 02:25:02 - [TEST_STEP][PASSED] - Statement - PreSaveFile = new java.io.File(((pathPrefix + java.lang.Integer.toString(counter)) + .png)): null

2018-12-14 02:25:02 - [TEST_STEP][PASSED] - Statement - counter = counter + 1: null

2018-12-14 02:25:02 - [TEST_STEP][PASSED] - Statement - PreSaveFile = new java.io.File(((pathPrefix + java.lang.Integer.toString(counter)) + .png)): null

2018-12-14 02:25:02 - [TEST_STEP][PASSED] - Statement - counter = counter + 1: null

2018-12-14 02:25:02 - [TEST_STEP][PASSED] - Statement - PreSaveFile = new java.io.File(((pathPrefix + java.lang.Integer.toString(counter)) + .png)): null

2018-12-14 02:25:02 - [TEST_STEP][PASSED] - Statement - counter = counter + 1: null

2018-12-14 02:25:02 - [TEST_STEP][PASSED] - Statement - PreSaveFile = new java.io.File(((pathPrefix + java.lang.Integer.toString(counter)) + .png)): null

2018-12-14 02:25:02 - [TEST_STEP][PASSED] - Statement - counter = counter + 1: null

2018-12-14 02:25:02 - [TEST_STEP][PASSED] - Statement - PreSaveFile = new java.io.File(((pathPrefix + java.lang.Integer.toString(counter)) + .png)): null

2018-12-14 02:25:02 - [TEST_STEP][PASSED] - Statement - counter = counter + 1: null

2018-12-14 02:25:02 - [TEST_STEP][PASSED] - Statement - PreSaveFile = new java.io.File(((pathPrefix + java.lang.Integer.toString(counter)) + .png)): null

2018-12-14 02:25:02 - [TEST_STEP][PASSED] - Statement - counter = counter + 1: null

2018-12-14 02:25:02 - [TEST_STEP][PASSED] - Statement - PreSaveFile = new java.io.File(((pathPrefix + java.lang.Integer.toString(counter)) + .png)): null

2018-12-14 02:25:02 - [TEST_STEP][PASSED] - Statement - counter = counter + 1: null

2018-12-14 02:25:02 - [TEST_STEP][PASSED] - Statement - PreSaveFile = new java.io.File(((pathPrefix + java.lang.Integer.toString(counter)) + .png)): null

2018-12-14 02:25:02 - [TEST_STEP][PASSED] - Statement - counter = counter + 1: null

2018-12-14 02:25:02 - [TEST_STEP][PASSED] - Statement - PreSaveFile = new java.io.File(((pathPrefix + java.lang.Integer.toString(counter)) + .png)): null

2018-12-14 02:25:02 - [TEST_STEP][PASSED] - Statement - counter = counter + 1: null

2018-12-14 02:25:02 - [TEST_STEP][PASSED] - Statement - PreSaveFile = new java.io.File(((pathPrefix + java.lang.Integer.toString(counter)) + .png)): null

2018-12-14 02:25:02 - [TEST_STEP][PASSED] - Statement - counter = counter + 1: null

2018-12-14 02:25:02 - [TEST_STEP][PASSED] - Statement - PreSaveFile = new java.io.File(((pathPrefix + java.lang.Integer.toString(counter)) + .png)): null

2018-12-14 02:25:02 - [TEST_STEP][PASSED] - Statement - counter = counter + 1: null

2018-12-14 02:25:02 - [TEST_STEP][PASSED] - Statement - PreSaveFile = new java.io.File(((pathPrefix + java.lang.Integer.toString(counter)) + .png)): null

2018-12-14 02:25:02 - [TEST_STEP][PASSED] - Statement - counter = counter + 1: null

2018-12-14 02:25:02 - [TEST_STEP][PASSED] - Statement - PreSaveFile = new java.io.File(((pathPrefix + java.lang.Integer.toString(counter)) + .png)): null

2018-12-14 02:25:02 - [TEST_STEP][PASSED] - Statement - counter = counter + 1: null

2018-12-14 02:25:02 - [TEST_STEP][PASSED] - Statement - PreSaveFile = new java.io.File(((pathPrefix + java.lang.Integer.toString(counter)) + .png)): null

2018-12-14 02:25:02 - [TEST_STEP][PASSED] - Statement - counter = counter + 1: null

2018-12-14 02:25:02 - [TEST_STEP][PASSED] - Statement - PreSaveFile = new java.io.File(((pathPrefix + java.lang.Integer.toString(counter)) + .png)): null

2018-12-14 02:25:02 - [TEST_STEP][PASSED] - Statement - counter = counter + 1: null

2018-12-14 02:25:02 - [TEST_STEP][PASSED] - Statement - PreSaveFile = new java.io.File(((pathPrefix + java.lang.Integer.toString(counter)) + .png)): null

2018-12-14 02:25:02 - [TEST_STEP][PASSED] - Statement - counter = counter + 1: null

2018-12-14 02:25:02 - [TEST_STEP][PASSED] - Statement - PreSaveFile = new java.io.File(((pathPrefix + java.lang.Integer.toString(counter)) + .png)): null

2018-12-14 02:25:02 - [TEST_STEP][PASSED] - Statement - counter = counter + 1: null

2018-12-14 02:25:02 - [TEST_STEP][PASSED] - Statement - PreSaveFile = new java.io.File(((pathPrefix + java.lang.Integer.toString(counter)) + .png)): null

2018-12-14 02:25:02 - [TEST_STEP][PASSED] - Statement - counter = counter + 1: null

2018-12-14 02:25:02 - [TEST_STEP][PASSED] - Statement - PreSaveFile = new java.io.File(((pathPrefix + java.lang.Integer.toString(counter)) + .png)): null

2018-12-14 02:25:02 - [TEST_STEP][PASSED] - Statement - counter = counter + 1: null

2018-12-14 02:25:02 - [TEST_STEP][PASSED] - Statement - PreSaveFile = new java.io.File(((pathPrefix + java.lang.Integer.toString(counter)) + .png)): null

2018-12-14 02:25:02 - [TEST_STEP][PASSED] - Statement - counter = counter + 1: null

2018-12-14 02:25:02 - [TEST_STEP][PASSED] - Statement - PreSaveFile = new java.io.File(((pathPrefix + java.lang.Integer.toString(counter)) + .png)): null

2018-12-14 02:25:02 - [TEST_STEP][PASSED] - Statement - counter = counter + 1: null

2018-12-14 02:25:02 - [TEST_STEP][PASSED] - Statement - PreSaveFile = new java.io.File(((pathPrefix + java.lang.Integer.toString(counter)) + .png)): null

2018-12-14 02:25:02 - [TEST_STEP][PASSED] - Statement - counter = counter + 1: null

2018-12-14 02:25:02 - [TEST_STEP][PASSED] - Statement - PreSaveFile = new java.io.File(((pathPrefix + java.lang.Integer.toString(counter)) + .png)): null

2018-12-14 02:25:02 - [TEST_STEP][PASSED] - Statement - counter = counter + 1: null

2018-12-14 02:25:02 - [TEST_STEP][PASSED] - Statement - PreSaveFile = new java.io.File(((pathPrefix + java.lang.Integer.toString(counter)) + .png)): null

2018-12-14 02:25:02 - [TEST_STEP][PASSED] - Statement - counter = counter + 1: null

2018-12-14 02:25:02 - [TEST_STEP][PASSED] - Statement - PreSaveFile = new java.io.File(((pathPrefix + java.lang.Integer.toString(counter)) + .png)): null

2018-12-14 02:25:02 - [TEST_STEP][PASSED] - Statement - counter = counter + 1: null

2018-12-14 02:25:02 - [TEST_STEP][PASSED] - Statement - PreSaveFile = new java.io.File(((pathPrefix + java.lang.Integer.toString(counter)) + .png)): null

2018-12-14 02:25:02 - [TEST_STEP][PASSED] - Statement - counter = counter + 1: null

2018-12-14 02:25:02 - [TEST_STEP][PASSED] - Statement - PreSaveFile = new java.io.File(((pathPrefix + java.lang.Integer.toString(counter)) + .png)): null

2018-12-14 02:25:02 - [TEST_STEP][PASSED] - Statement - counter = counter + 1: null

2018-12-14 02:25:02 - [TEST_STEP][PASSED] - Statement - PreSaveFile = new java.io.File(((pathPrefix + java.lang.Integer.toString(counter)) + .png)): null

2018-12-14 02:25:02 - [TEST_STEP][PASSED] - Statement - counter = counter + 1: null

2018-12-14 02:25:02 - [TEST_STEP][PASSED] - Statement - PreSaveFile = new java.io.File(((pathPrefix + java.lang.Integer.toString(counter)) + .png)): null

2018-12-14 02:25:02 - [TEST_STEP][PASSED] - Statement - counter = counter + 1: null

2018-12-14 02:25:02 - [TEST_STEP][PASSED] - Statement - PreSaveFile = new java.io.File(((pathPrefix + java.lang.Integer.toString(counter)) + .png)): null

2018-12-14 02:25:02 - [TEST_STEP][PASSED] - Statement - counter = counter + 1: null

2018-12-14 02:25:02 - [TEST_STEP][PASSED] - Statement - PreSaveFile = new java.io.File(((pathPrefix + java.lang.Integer.toString(counter)) + .png)): null

2018-12-14 02:25:02 - [TEST_STEP][PASSED] - Statement - counter = counter + 1: null

2018-12-14 02:25:02 - [TEST_STEP][PASSED] - Statement - PreSaveFile = new java.io.File(((pathPrefix + java.lang.Integer.toString(counter)) + .png)): null

2018-12-14 02:25:02 - [TEST_STEP][PASSED] - Statement - counter = counter + 1: null

2018-12-14 02:25:02 - [TEST_STEP][PASSED] - Statement - PreSaveFile = new java.io.File(((pathPrefix + java.lang.Integer.toString(counter)) + .png)): null

2018-12-14 02:25:02 - [TEST_STEP][PASSED] - Statement - counter = counter + 1: null

2018-12-14 02:25:02 - [TEST_STEP][PASSED] - Statement - PreSaveFile = new java.io.File(((pathPrefix + java.lang.Integer.toString(counter)) + .png)): null

2018-12-14 02:25:02 - [TEST_STEP][PASSED] - Statement - counter = counter + 1: null

2018-12-14 02:25:02 - [TEST_STEP][PASSED] - Statement - PreSaveFile = new java.io.File(((pathPrefix + java.lang.Integer.toString(counter)) + .png)): null

2018-12-14 02:25:02 - [TEST_STEP][PASSED] - Statement - counter = counter + 1: null

2018-12-14 02:25:02 - [TEST_STEP][PASSED] - Statement - PreSaveFile = new java.io.File(((pathPrefix + java.lang.Integer.toString(counter)) + .png)): null

2018-12-14 02:25:03 - [TEST_STEP][PASSED] - Statement - counter = counter + 1: null

2018-12-14 02:25:03 - [TEST_STEP][PASSED] - Statement - PreSaveFile = new java.io.File(((pathPrefix + java.lang.Integer.toString(counter)) + .png)): null

2018-12-14 02:25:03 - [TEST_STEP][PASSED] - Statement - counter = counter + 1: null

2018-12-14 02:25:03 - [TEST_STEP][PASSED] - Statement - PreSaveFile = new java.io.File(((pathPrefix + java.lang.Integer.toString(counter)) + .png)): null

2018-12-14 02:25:03 - [TEST_STEP][PASSED] - Statement - counter = counter + 1: null

2018-12-14 02:25:03 - [TEST_STEP][PASSED] - Statement - PreSaveFile = new java.io.File(((pathPrefix + java.lang.Integer.toString(counter)) + .png)): null

2018-12-14 02:25:03 - [TEST_STEP][PASSED] - Statement - counter = counter + 1: null

2018-12-14 02:25:03 - [TEST_STEP][PASSED] - Statement - PreSaveFile = new java.io.File(((pathPrefix + java.lang.Integer.toString(counter)) + .png)): null

2018-12-14 02:25:03 - [TEST_STEP][PASSED] - Statement - counter = counter + 1: null

2018-12-14 02:25:03 - [TEST_STEP][PASSED] - Statement - PreSaveFile = new java.io.File(((pathPrefix + java.lang.Integer.toString(counter)) + .png)): null

2018-12-14 02:25:03 - [TEST_STEP][PASSED] - Statement - counter = counter + 1: null

2018-12-14 02:25:03 - [TEST_STEP][PASSED] - Statement - PreSaveFile = new java.io.File(((pathPrefix + java.lang.Integer.toString(counter)) + .png)): null

2018-12-14 02:25:03 - [TEST_STEP][PASSED] - Statement - counter = counter + 1: null

2018-12-14 02:25:03 - [TEST_STEP][PASSED] - Statement - PreSaveFile = new java.io.File(((pathPrefix + java.lang.Integer.toString(counter)) + .png)): null

2018-12-14 02:25:03 - [TEST_STEP][PASSED] - Statement - counter = counter + 1: null

2018-12-14 02:25:03 - [TEST_STEP][PASSED] - Statement - PreSaveFile = new java.io.File(((pathPrefix + java.lang.Integer.toString(counter)) + .png)): null

2018-12-14 02:25:03 - [TEST_STEP][PASSED] - Statement - counter = counter + 1: null

2018-12-14 02:25:03 - [TEST_STEP][PASSED] - Statement - PreSaveFile = new java.io.File(((pathPrefix + java.lang.Integer.toString(counter)) + .png)): null

2018-12-14 02:25:03 - [TEST_STEP][PASSED] - Statement - counter = counter + 1: null

2018-12-14 02:25:03 - [TEST_STEP][PASSED] - Statement - PreSaveFile = new java.io.File(((pathPrefix + java.lang.Integer.toString(counter)) + .png)): null

2018-12-14 02:25:03 - [TEST_STEP][PASSED] - Statement - counter = counter + 1: null

2018-12-14 02:25:03 - [TEST_STEP][PASSED] - Statement - PreSaveFile = new java.io.File(((pathPrefix + java.lang.Integer.toString(counter)) + .png)): null

2018-12-14 02:25:03 - [TEST_STEP][PASSED] - Statement - counter = counter + 1: null

2018-12-14 02:25:03 - [TEST_STEP][PASSED] - Statement - PreSaveFile = new java.io.File(((pathPrefix + java.lang.Integer.toString(counter)) + .png)): null

2018-12-14 02:25:03 - [TEST_STEP][PASSED] - Statement - counter = counter + 1: null

2018-12-14 02:25:03 - [TEST_STEP][PASSED] - Statement - PreSaveFile = new java.io.File(((pathPrefix + java.lang.Integer.toString(counter)) + .png)): null

2018-12-14 02:25:03 - [TEST_STEP][PASSED] - Statement - counter = counter + 1: null

2018-12-14 02:25:03 - [TEST_STEP][PASSED] - Statement - PreSaveFile = new java.io.File(((pathPrefix + java.lang.Integer.toString(counter)) + .png)): null

2018-12-14 02:25:03 - [TEST_STEP][PASSED] - Statement - counter = counter + 1: null

2018-12-14 02:25:03 - [TEST_STEP][PASSED] - Statement - PreSaveFile = new java.io.File(((pathPrefix + java.lang.Integer.toString(counter)) + .png)): null

2018-12-14 02:25:03 - [TEST_STEP][PASSED] - Statement - counter = counter + 1: null

2018-12-14 02:25:03 - [TEST_STEP][PASSED] - Statement - PreSaveFile = new java.io.File(((pathPrefix + java.lang.Integer.toString(counter)) + .png)): null

2018-12-14 02:25:03 - [TEST_STEP][PASSED] - Statement - counter = counter + 1: null

2018-12-14 02:25:03 - [TEST_STEP][PASSED] - Statement - PreSaveFile = new java.io.File(((pathPrefix + java.lang.Integer.toString(counter)) + .png)): null

2018-12-14 02:25:03 - [TEST_STEP][PASSED] - Statement - counter = counter + 1: null

2018-12-14 02:25:03 - [TEST_STEP][PASSED] - Statement - PreSaveFile = new java.io.File(((pathPrefix + java.lang.Integer.toString(counter)) + .png)): null

2018-12-14 02:25:03 - [TEST_STEP][PASSED] - Statement - counter = counter + 1: null

2018-12-14 02:25:03 - [TEST_STEP][PASSED] - Statement - PreSaveFile = new java.io.File(((pathPrefix + java.lang.Integer.toString(counter)) + .png)): null

2018-12-14 02:25:03 - [TEST_STEP][PASSED] - Statement - counter = counter + 1: null

2018-12-14 02:25:03 - [TEST_STEP][PASSED] - Statement - PreSaveFile = new java.io.File(((pathPrefix + java.lang.Integer.toString(counter)) + .png)): null

2018-12-14 02:25:03 - [TEST_STEP][PASSED] - Statement - counter = counter + 1: null

2018-12-14 02:25:03 - [TEST_STEP][PASSED] - Statement - PreSaveFile = new java.io.File(((pathPrefix + java.lang.Integer.toString(counter)) + .png)): null

2018-12-14 02:25:03 - [TEST_STEP][PASSED] - Statement - counter = counter + 1: null

2018-12-14 02:25:03 - [TEST_STEP][PASSED] - Statement - PreSaveFile = new java.io.File(((pathPrefix + java.lang.Integer.toString(counter)) + .png)): null

2018-12-14 02:25:03 - [TEST_STEP][PASSED] - Statement - counter = counter + 1: null

2018-12-14 02:25:03 - [TEST_STEP][PASSED] - Statement - PreSaveFile = new java.io.File(((pathPrefix + java.lang.Integer.toString(counter)) + .png)): null

2018-12-14 02:25:03 - [TEST_STEP][PASSED] - Statement - counter = counter + 1: null

2018-12-14 02:25:03 - [TEST_STEP][PASSED] - Statement - PreSaveFile = new java.io.File(((pathPrefix + java.lang.Integer.toString(counter)) + .png)): null

2018-12-14 02:25:03 - [TEST_STEP][PASSED] - Statement - counter = counter + 1: null

2018-12-14 02:25:03 - [TEST_STEP][PASSED] - Statement - PreSaveFile = new java.io.File(((pathPrefix + java.lang.Integer.toString(counter)) + .png)): null

2018-12-14 02:25:03 - [TEST_STEP][PASSED] - Statement - counter = counter + 1: null

2018-12-14 02:25:03 - [TEST_STEP][PASSED] - Statement - PreSaveFile = new java.io.File(((pathPrefix + java.lang.Integer.toString(counter)) + .png)): null

2018-12-14 02:25:03 - [TEST_STEP][PASSED] - Statement - counter = counter + 1: null

2018-12-14 02:25:03 - [TEST_STEP][PASSED] - Statement - PreSaveFile = new java.io.File(((pathPrefix + java.lang.Integer.toString(counter)) + .png)): null

2018-12-14 02:25:03 - [TEST_STEP][PASSED] - Statement - counter = counter + 1: null

2018-12-14 02:25:03 - [TEST_STEP][PASSED] - Statement - PreSaveFile = new java.io.File(((pathPrefix + java.lang.Integer.toString(counter)) + .png)): null

2018-12-14 02:25:03 - [TEST_STEP][PASSED] - Statement - counter = counter + 1: null

2018-12-14 02:25:03 - [TEST_STEP][PASSED] - Statement - PreSaveFile = new java.io.File(((pathPrefix + java.lang.Integer.toString(counter)) + .png)): null

2018-12-14 02:25:03 - [TEST_STEP][PASSED] - Statement - counter = counter + 1: null

2018-12-14 02:25:03 - [TEST_STEP][PASSED] - Statement - PreSaveFile = new java.io.File(((pathPrefix + java.lang.Integer.toString(counter)) + .png)): null

2018-12-14 02:25:03 - [TEST_STEP][PASSED] - Statement - counter = counter + 1: null

2018-12-14 02:25:03 - [TEST_STEP][PASSED] - Statement - PreSaveFile = new java.io.File(((pathPrefix + java.lang.Integer.toString(counter)) + .png)): null

2018-12-14 02:25:03 - [TEST_STEP][PASSED] - Statement - counter = counter + 1: null

2018-12-14 02:25:03 - [TEST_STEP][PASSED] - Statement - PreSaveFile = new java.io.File(((pathPrefix + java.lang.Integer.toString(counter)) + .png)): null

2018-12-14 02:25:03 - [TEST_STEP][PASSED] - Statement - counter = counter + 1: null

2018-12-14 02:25:03 - [TEST_STEP][PASSED] - Statement - PreSaveFile = new java.io.File(((pathPrefix + java.lang.Integer.toString(counter)) + .png)): null

2018-12-14 02:25:03 - [TEST_STEP][PASSED] - Statement - counter = counter + 1: null

2018-12-14 02:25:03 - [TEST_STEP][PASSED] - Statement - PreSaveFile = new java.io.File(((pathPrefix + java.lang.Integer.toString(counter)) + .png)): null

2018-12-14 02:25:03 - [TEST_STEP][PASSED] - Statement - counter = counter + 1: null

2018-12-14 02:25:03 - [TEST_STEP][PASSED] - Statement - PreSaveFile = new java.io.File(((pathPrefix + java.lang.Integer.toString(counter)) + .png)): null

2018-12-14 02:25:03 - [TEST_STEP][PASSED] - Statement - counter = counter + 1: null

2018-12-14 02:25:03 - [TEST_STEP][PASSED] - Statement - PreSaveFile = new java.io.File(((pathPrefix + java.lang.Integer.toString(counter)) + .png)): null

2018-12-14 02:25:03 - [TEST_STEP][PASSED] - Statement - counter = counter + 1: null

2018-12-14 02:25:03 - [TEST_STEP][PASSED] - Statement - PreSaveFile = new java.io.File(((pathPrefix + java.lang.Integer.toString(counter)) + .png)): null

2018-12-14 02:25:03 - [TEST_STEP][PASSED] - Statement - counter = counter + 1: null

2018-12-14 02:25:03 - [TEST_STEP][PASSED] - Statement - PreSaveFile = new java.io.File(((pathPrefix + java.lang.Integer.toString(counter)) + .png)): null

2018-12-14 02:25:03 - [TEST_STEP][PASSED] - Statement - counter = counter + 1: null

2018-12-14 02:25:03 - [TEST_STEP][PASSED] - Statement - PreSaveFile = new java.io.File(((pathPrefix + java.lang.Integer.toString(counter)) + .png)): null

2018-12-14 02:25:03 - [TEST_STEP][PASSED] - Statement - counter = counter + 1: null

2018-12-14 02:25:03 - [TEST_STEP][PASSED] - Statement - PreSaveFile = new java.io.File(((pathPrefix + java.lang.Integer.toString(counter)) + .png)): null

2018-12-14 02:25:03 - [TEST_STEP][PASSED] - Statement - counter = counter + 1: null

2018-12-14 02:25:03 - [TEST_STEP][PASSED] - Statement - PreSaveFile = new java.io.File(((pathPrefix + java.lang.Integer.toString(counter)) + .png)): null

2018-12-14 02:25:03 - [TEST_STEP][PASSED] - Statement - counter = counter + 1: null

2018-12-14 02:25:03 - [TEST_STEP][PASSED] - Statement - PreSaveFile = new java.io.File(((pathPrefix + java.lang.Integer.toString(counter)) + .png)): null

2018-12-14 02:25:03 - [TEST_STEP][PASSED] - Statement - counter = counter + 1: null

2018-12-14 02:25:03 - [TEST_STEP][PASSED] - Statement - PreSaveFile = new java.io.File(((pathPrefix + java.lang.Integer.toString(counter)) + .png)): null

2018-12-14 02:25:03 - [TEST_STEP][PASSED] - Statement - counter = counter + 1: null

2018-12-14 02:25:03 - [TEST_STEP][PASSED] - Statement - PreSaveFile = new java.io.File(((pathPrefix + java.lang.Integer.toString(counter)) + .png)): null

2018-12-14 02:25:03 - [TEST_STEP][PASSED] - Statement - counter = counter + 1: null

2018-12-14 02:25:03 - [TEST_STEP][PASSED] - Statement - PreSaveFile = new java.io.File(((pathPrefix + java.lang.Integer.toString(counter)) + .png)): null

2018-12-14 02:25:03 - [TEST_STEP][PASSED] - Statement - counter = counter + 1: null

2018-12-14 02:25:03 - [TEST_STEP][PASSED] - Statement - PreSaveFile = new java.io.File(((pathPrefix + java.lang.Integer.toString(counter)) + .png)): null

2018-12-14 02:25:03 - [TEST_STEP][PASSED] - Statement - counter = counter + 1: null

2018-12-14 02:25:03 - [TEST_STEP][PASSED] - Statement - PreSaveFile = new java.io.File(((pathPrefix + java.lang.Integer.toString(counter)) + .png)): null

2018-12-14 02:25:03 - [TEST_STEP][PASSED] - Statement - counter = counter + 1: null

2018-12-14 02:25:03 - [TEST_STEP][PASSED] - Statement - PreSaveFile = new java.io.File(((pathPrefix + java.lang.Integer.toString(counter)) + .png)): null

2018-12-14 02:25:03 - [TEST_STEP][PASSED] - Statement - counter = counter + 1: null

2018-12-14 02:25:03 - [TEST_STEP][PASSED] - Statement - PreSaveFile = new java.io.File(((pathPrefix + java.lang.Integer.toString(counter)) + .png)): null

2018-12-14 02:25:03 - [TEST_STEP][PASSED] - Statement - counter = counter + 1: null

2018-12-14 02:25:03 - [TEST_STEP][PASSED] - Statement - PreSaveFile = new java.io.File(((pathPrefix + java.lang.Integer.toString(counter)) + .png)): null

2018-12-14 02:25:03 - [TEST_STEP][PASSED] - Statement - counter = counter + 1: null

2018-12-14 02:25:03 - [TEST_STEP][PASSED] - Statement - PreSaveFile = new java.io.File(((pathPrefix + java.lang.Integer.toString(counter)) + .png)): null

2018-12-14 02:25:03 - [TEST_STEP][PASSED] - Statement - counter = counter + 1: null

2018-12-14 02:25:03 - [TEST_STEP][PASSED] - Statement - PreSaveFile = new java.io.File(((pathPrefix + java.lang.Integer.toString(counter)) + .png)): null

2018-12-14 02:25:03 - [TEST_STEP][PASSED] - Statement - counter = counter + 1: null

2018-12-14 02:25:03 - [TEST_STEP][PASSED] - Statement - PreSaveFile = new java.io.File(((pathPrefix + java.lang.Integer.toString(counter)) + .png)): null

2018-12-14 02:25:03 - [TEST_STEP][PASSED] - Statement - counter = counter + 1: null

2018-12-14 02:25:03 - [TEST_STEP][PASSED] - Statement - PreSaveFile = new java.io.File(((pathPrefix + java.lang.Integer.toString(counter)) + .png)): null

2018-12-14 02:25:03 - [TEST_STEP][PASSED] - Statement - counter = counter + 1: null

2018-12-14 02:25:03 - [TEST_STEP][PASSED] - Statement - PreSaveFile = new java.io.File(((pathPrefix + java.lang.Integer.toString(counter)) + .png)): null

2018-12-14 02:25:03 - [TEST_STEP][PASSED] - Statement - counter = counter + 1: null

2018-12-14 02:25:03 - [TEST_STEP][PASSED] - Statement - PreSaveFile = new java.io.File(((pathPrefix + java.lang.Integer.toString(counter)) + .png)): null

2018-12-14 02:25:03 - [TEST_STEP][PASSED] - Statement - counter = counter + 1: null

2018-12-14 02:25:03 - [TEST_STEP][PASSED] - Statement - PreSaveFile = new java.io.File(((pathPrefix + java.lang.Integer.toString(counter)) + .png)): null

2018-12-14 02:25:03 - [TEST_STEP][PASSED] - Statement - counter = counter + 1: null

2018-12-14 02:25:03 - [TEST_STEP][PASSED] - Statement - PreSaveFile = new java.io.File(((pathPrefix + java.lang.Integer.toString(counter)) + .png)): null

2018-12-14 02:25:03 - [TEST_STEP][PASSED] - Statement - counter = counter + 1: null

2018-12-14 02:25:03 - [TEST_STEP][PASSED] - Statement - PreSaveFile = new java.io.File(((pathPrefix + java.lang.Integer.toString(counter)) + .png)): null

2018-12-14 02:25:03 - [TEST_STEP][PASSED] - Statement - counter = counter + 1: null

2018-12-14 02:25:03 - [TEST_STEP][PASSED] - Statement - PreSaveFile = new java.io.File(((pathPrefix + java.lang.Integer.toString(counter)) + .png)): null

2018-12-14 02:25:03 - [TEST_STEP][PASSED] - Statement - counter = counter + 1: null

2018-12-14 02:25:03 - [TEST_STEP][PASSED] - Statement - PreSaveFile = new java.io.File(((pathPrefix + java.lang.Integer.toString(counter)) + .png)): null

2018-12-14 02:25:03 - [TEST_STEP][PASSED] - Statement - counter = counter + 1: null

2018-12-14 02:25:03 - [TEST_STEP][PASSED] - Statement - PreSaveFile = new java.io.File(((pathPrefix + java.lang.Integer.toString(counter)) + .png)): null

2018-12-14 02:25:03 - [TEST_STEP][PASSED] - Statement - counter = counter + 1: null

2018-12-14 02:25:03 - [TEST_STEP][PASSED] - Statement - PreSaveFile = new java.io.File(((pathPrefix + java.lang.Integer.toString(counter)) + .png)): null

2018-12-14 02:25:03 - [TEST_STEP][PASSED] - Statement - counter = counter + 1: null

2018-12-14 02:25:03 - [TEST_STEP][PASSED] - Statement - PreSaveFile = new java.io.File(((pathPrefix + java.lang.Integer.toString(counter)) + .png)): null

2018-12-14 02:25:03 - [TEST_STEP][PASSED] - Statement - counter = counter + 1: null

2018-12-14 02:25:03 - [TEST_STEP][PASSED] - Statement - PreSaveFile = new java.io.File(((pathPrefix + java.lang.Integer.toString(counter)) + .png)): null

2018-12-14 02:25:03 - [TEST_STEP][PASSED] - Statement - counter = counter + 1: null

2018-12-14 02:25:03 - [TEST_STEP][PASSED] - Statement - PreSaveFile = new java.io.File(((pathPrefix + java.lang.Integer.toString(counter)) + .png)): null

2018-12-14 02:25:03 - [TEST_STEP][PASSED] - Statement - counter = counter + 1: null

2018-12-14 02:25:03 - [TEST_STEP][PASSED] - Statement - PreSaveFile = new java.io.File(((pathPrefix + java.lang.Integer.toString(counter)) + .png)): null

2018-12-14 02:25:03 - [TEST_STEP][PASSED] - Statement - counter = counter + 1: null

2018-12-14 02:25:03 - [TEST_STEP][PASSED] - Statement - PreSaveFile = new java.io.File(((pathPrefix + java.lang.Integer.toString(counter)) + .png)): null

2018-12-14 02:25:03 - [TEST_STEP][PASSED] - Statement - counter = counter + 1: null

2018-12-14 02:25:03 - [TEST_STEP][PASSED] - Statement - PreSaveFile = new java.io.File(((pathPrefix + java.lang.Integer.toString(counter)) + .png)): null

2018-12-14 02:25:03 - [TEST_STEP][PASSED] - Statement - counter = counter + 1: null

2018-12-14 02:25:03 - [TEST_STEP][PASSED] - Statement - PreSaveFile = new java.io.File(((pathPrefix + java.lang.Integer.toString(counter)) + .png)): null

2018-12-14 02:25:03 - [TEST_STEP][PASSED] - Statement - counter = counter + 1: null

2018-12-14 02:25:03 - [TEST_STEP][PASSED] - Statement - PreSaveFile = new java.io.File(((pathPrefix + java.lang.Integer.toString(counter)) + .png)): null

2018-12-14 02:25:03 - [TEST_STEP][PASSED] - Statement - counter = counter + 1: null

2018-12-14 02:25:03 - [TEST_STEP][PASSED] - Statement - PreSaveFile = new java.io.File(((pathPrefix + java.lang.Integer.toString(counter)) + .png)): null

2018-12-14 02:25:03 - [TEST_STEP][PASSED] - Statement - counter = counter + 1: null

2018-12-14 02:25:03 - [TEST_STEP][PASSED] - Statement - PreSaveFile = new java.io.File(((pathPrefix + java.lang.Integer.toString(counter)) + .png)): null

2018-12-14 02:25:03 - [TEST_STEP][PASSED] - Statement - counter = counter + 1: null

2018-12-14 02:25:03 - [TEST_STEP][PASSED] - Statement - PreSaveFile = new java.io.File(((pathPrefix + java.lang.Integer.toString(counter)) + .png)): null

2018-12-14 02:25:03 - [TEST_STEP][PASSED] - Statement - counter = counter + 1: null

2018-12-14 02:25:03 - [TEST_STEP][PASSED] - Statement - PreSaveFile = new java.io.File(((pathPrefix + java.lang.Integer.toString(counter)) + .png)): null

2018-12-14 02:25:03 - [TEST_STEP][PASSED] - Statement - counter = counter + 1: null

2018-12-14 02:25:03 - [TEST_STEP][PASSED] - Statement - PreSaveFile = new java.io.File(((pathPrefix + java.lang.Integer.toString(counter)) + .png)): null

2018-12-14 02:25:03 - [TEST_STEP][PASSED] - Statement - counter = counter + 1: null

2018-12-14 02:25:03 - [TEST_STEP][PASSED] - Statement - PreSaveFile = new java.io.File(((pathPrefix + java.lang.Integer.toString(counter)) + .png)): null

2018-12-14 02:25:03 - [TEST_STEP][PASSED] - Statement - counter = counter + 1: null

2018-12-14 02:25:03 - [TEST_STEP][PASSED] - Statement - PreSaveFile = new java.io.File(((pathPrefix + java.lang.Integer.toString(counter)) + .png)): null

2018-12-14 02:25:03 - [TEST_STEP][PASSED] - Statement - counter = counter + 1: null

2018-12-14 02:25:03 - [TEST_STEP][PASSED] - Statement - PreSaveFile = new java.io.File(((pathPrefix + java.lang.Integer.toString(counter)) + .png)): null

2018-12-14 02:25:03 - [TEST_STEP][PASSED] - Statement - counter = counter + 1: null

2018-12-14 02:25:03 - [TEST_STEP][PASSED] - Statement - PreSaveFile = new java.io.File(((pathPrefix + java.lang.Integer.toString(counter)) + .png)): null

2018-12-14 02:25:03 - [TEST_STEP][PASSED] - Statement - counter = counter + 1: null

2018-12-14 02:25:03 - [TEST_STEP][PASSED] - Statement - PreSaveFile = new java.io.File(((pathPrefix + java.lang.Integer.toString(counter)) + .png)): null

2018-12-14 02:25:03 - [TEST_STEP][PASSED] - Statement - counter = counter + 1: null

2018-12-14 02:25:03 - [TEST_STEP][PASSED] - Statement - PreSaveFile = new java.io.File(((pathPrefix + java.lang.Integer.toString(counter)) + .png)): null

2018-12-14 02:25:03 - [TEST_STEP][PASSED] - Statement - counter = counter + 1: null

2018-12-14 02:25:03 - [TEST_STEP][PASSED] - Statement - PreSaveFile = new java.io.File(((pathPrefix + java.lang.Integer.toString(counter)) + .png)): null

2018-12-14 02:25:03 - [TEST_STEP][PASSED] - Statement - counter = counter + 1: null

2018-12-14 02:25:03 - [TEST_STEP][PASSED] - Statement - PreSaveFile = new java.io.File(((pathPrefix + java.lang.Integer.toString(counter)) + .png)): null

2018-12-14 02:25:03 - [TEST_STEP][PASSED] - Statement - counter = counter + 1: null

2018-12-14 02:25:03 - [TEST_STEP][PASSED] - Statement - PreSaveFile = new java.io.File(((pathPrefix + java.lang.Integer.toString(counter)) + .png)): null

2018-12-14 02:25:03 - [TEST_STEP][PASSED] - Statement - counter = counter + 1: null

2018-12-14 02:25:03 - [TEST_STEP][PASSED] - Statement - PreSaveFile = new java.io.File(((pathPrefix + java.lang.Integer.toString(counter)) + .png)): null

2018-12-14 02:25:03 - [TEST_STEP][PASSED] - Statement - counter = counter + 1: null

2018-12-14 02:25:03 - [TEST_STEP][PASSED] - Statement - PreSaveFile = new java.io.File(((pathPrefix + java.lang.Integer.toString(counter)) + .png)): null

2018-12-14 02:25:03 - [TEST_STEP][PASSED] - Statement - counter = counter + 1: null

2018-12-14 02:25:03 - [TEST_STEP][PASSED] - Statement - PreSaveFile = new java.io.File(((pathPrefix + java.lang.Integer.toString(counter)) + .png)): null

2018-12-14 02:25:03 - [TEST_STEP][PASSED] - Statement - counter = counter + 1: null

2018-12-14 02:25:03 - [TEST_STEP][PASSED] - Statement - PreSaveFile = new java.io.File(((pathPrefix + java.lang.Integer.toString(counter)) + .png)): null

2018-12-14 02:25:03 - [TEST_STEP][PASSED] - Statement - counter = counter + 1: null

2018-12-14 02:25:03 - [TEST_STEP][PASSED] - Statement - PreSaveFile = new java.io.File(((pathPrefix + java.lang.Integer.toString(counter)) + .png)): null

2018-12-14 02:25:03 - [TEST_STEP][PASSED] - Statement - counter = counter + 1: null

2018-12-14 02:25:03 - [TEST_STEP][PASSED] - Statement - PreSaveFile = new java.io.File(((pathPrefix + java.lang.Integer.toString(counter)) + .png)): null

2018-12-14 02:25:03 - [TEST_STEP][PASSED] - Statement - counter = counter + 1: null

2018-12-14 02:25:03 - [TEST_STEP][PASSED] - Statement - PreSaveFile = new java.io.File(((pathPrefix + java.lang.Integer.toString(counter)) + .png)): null

2018-12-14 02:25:03 - [TEST_STEP][PASSED] - Statement - counter = counter + 1: null

2018-12-14 02:25:03 - [TEST_STEP][PASSED] - Statement - PreSaveFile = new java.io.File(((pathPrefix + java.lang.Integer.toString(counter)) + .png)): null

2018-12-14 02:25:03 - [TEST_STEP][PASSED] - Statement - counter = counter + 1: null

2018-12-14 02:25:03 - [TEST_STEP][PASSED] - Statement - PreSaveFile = new java.io.File(((pathPrefix + java.lang.Integer.toString(counter)) + .png)): null

2018-12-14 02:25:03 - [TEST_STEP][PASSED] - Statement - counter = counter + 1: null

2018-12-14 02:25:03 - [TEST_STEP][PASSED] - Statement - PreSaveFile = new java.io.File(((pathPrefix + java.lang.Integer.toString(counter)) + .png)): null

2018-12-14 02:25:03 - [TEST_STEP][PASSED] - Statement - counter = counter + 1: null

2018-12-14 02:25:03 - [TEST_STEP][PASSED] - Statement - PreSaveFile = new java.io.File(((pathPrefix + java.lang.Integer.toString(counter)) + .png)): null

2018-12-14 02:25:03 - [TEST_STEP][PASSED] - Statement - counter = counter + 1: null

2018-12-14 02:25:03 - [TEST_STEP][PASSED] - Statement - PreSaveFile = new java.io.File(((pathPrefix + java.lang.Integer.toString(counter)) + .png)): null

2018-12-14 02:25:03 - [TEST_STEP][PASSED] - Statement - counter = counter + 1: null

2018-12-14 02:25:03 - [TEST_STEP][PASSED] - Statement - PreSaveFile = new java.io.File(((pathPrefix + java.lang.Integer.toString(counter)) + .png)): null

2018-12-14 02:25:03 - [TEST_STEP][PASSED] - Statement - counter = counter + 1: null

2018-12-14 02:25:03 - [TEST_STEP][PASSED] - Statement - PreSaveFile = new java.io.File(((pathPrefix + java.lang.Integer.toString(counter)) + .png)): null

2018-12-14 02:25:03 - [TEST_STEP][PASSED] - Statement - counter = counter + 1: null

2018-12-14 02:25:03 - [TEST_STEP][PASSED] - Statement - PreSaveFile = new java.io.File(((pathPrefix + java.lang.Integer.toString(counter)) + .png)): null

2018-12-14 02:25:03 - [TEST_STEP][PASSED] - Statement - counter = counter + 1: null

2018-12-14 02:25:03 - [TEST_STEP][PASSED] - Statement - PreSaveFile = new java.io.File(((pathPrefix + java.lang.Integer.toString(counter)) + .png)): null

2018-12-14 02:25:03 - [TEST_STEP][PASSED] - Statement - counter = counter + 1: null

2018-12-14 02:25:03 - [TEST_STEP][PASSED] - Statement - PreSaveFile = new java.io.File(((pathPrefix + java.lang.Integer.toString(counter)) + .png)): null

2018-12-14 02:25:03 - [TEST_STEP][PASSED] - Statement - counter = counter + 1: null

2018-12-14 02:25:03 - [TEST_STEP][PASSED] - Statement - PreSaveFile = new java.io.File(((pathPrefix + java.lang.Integer.toString(counter)) + .png)): null

2018-12-14 02:25:03 - [TEST_STEP][PASSED] - Statement - counter = counter + 1: null

2018-12-14 02:25:03 - [TEST_STEP][PASSED] - Statement - PreSaveFile = new java.io.File(((pathPrefix + java.lang.Integer.toString(counter)) + .png)): null

2018-12-14 02:25:03 - [TEST_STEP][PASSED] - Statement - counter = counter + 1: null

2018-12-14 02:25:03 - [TEST_STEP][PASSED] - Statement - PreSaveFile = new java.io.File(((pathPrefix + java.lang.Integer.toString(counter)) + .png)): null

2018-12-14 02:25:03 - [TEST_STEP][PASSED] - Statement - counter = counter + 1: null

2018-12-14 02:25:03 - [TEST_STEP][PASSED] - Statement - PreSaveFile = new java.io.File(((pathPrefix + java.lang.Integer.toString(counter)) + .png)): null

2018-12-14 02:25:03 - [TEST_STEP][PASSED] - Statement - counter = counter + 1: null

2018-12-14 02:25:03 - [TEST_STEP][PASSED] - Statement - PreSaveFile = new java.io.File(((pathPrefix + java.lang.Integer.toString(counter)) + .png)): null

2018-12-14 02:25:03 - [TEST_STEP][PASSED] - Statement - counter = counter + 1: null

2018-12-14 02:25:03 - [TEST_STEP][PASSED] - Statement - PreSaveFile = new java.io.File(((pathPrefix + java.lang.Integer.toString(counter)) + .png)): null

2018-12-14 02:25:03 - [TEST_STEP][PASSED] - Statement - counter = counter + 1: null

2018-12-14 02:25:03 - [TEST_STEP][PASSED] - Statement - PreSaveFile = new java.io.File(((pathPrefix + java.lang.Integer.toString(counter)) + .png)): null

2018-12-14 02:25:03 - [TEST_STEP][PASSED] - Statement - counter = counter + 1: null

2018-12-14 02:25:03 - [TEST_STEP][PASSED] - Statement - PreSaveFile = new java.io.File(((pathPrefix + java.lang.Integer.toString(counter)) + .png)): null

2018-12-14 02:25:03 - [TEST_STEP][PASSED] - Statement - counter = counter + 1: null

2018-12-14 02:25:03 - [TEST_STEP][PASSED] - Statement - PreSaveFile = new java.io.File(((pathPrefix + java.lang.Integer.toString(counter)) + .png)): null

2018-12-14 02:25:03 - [TEST_STEP][PASSED] - Statement - counter = counter + 1: null

2018-12-14 02:25:03 - [TEST_STEP][PASSED] - Statement - PreSaveFile = new java.io.File(((pathPrefix + java.lang.Integer.toString(counter)) + .png)): null

2018-12-14 02:25:03 - [TEST_STEP][PASSED] - Statement - counter = counter + 1: null

2018-12-14 02:25:03 - [TEST_STEP][PASSED] - Statement - PreSaveFile = new java.io.File(((pathPrefix + java.lang.Integer.toString(counter)) + .png)): null

2018-12-14 02:25:03 - [TEST_STEP][PASSED] - Statement - counter = counter + 1: null

2018-12-14 02:25:03 - [TEST_STEP][PASSED] - Statement - PreSaveFile = new java.io.File(((pathPrefix + java.lang.Integer.toString(counter)) + .png)): null

2018-12-14 02:25:03 - [TEST_STEP][PASSED] - Statement - counter = counter + 1: null

2018-12-14 02:25:03 - [TEST_STEP][PASSED] - Statement - PreSaveFile = new java.io.File(((pathPrefix + java.lang.Integer.toString(counter)) + .png)): null

2018-12-14 02:25:03 - [TEST_STEP][PASSED] - Statement - counter = counter + 1: null

2018-12-14 02:25:03 - [TEST_STEP][PASSED] - Statement - PreSaveFile = new java.io.File(((pathPrefix + java.lang.Integer.toString(counter)) + .png)): null

2018-12-14 02:25:03 - [TEST_STEP][PASSED] - Statement - counter = counter + 1: null

2018-12-14 02:25:03 - [TEST_STEP][PASSED] - Statement - PreSaveFile = new java.io.File(((pathPrefix + java.lang.Integer.toString(counter)) + .png)): null

2018-12-14 02:25:03 - [TEST_STEP][PASSED] - Statement - counter = counter + 1: null

2018-12-14 02:25:03 - [TEST_STEP][PASSED] - Statement - PreSaveFile = new java.io.File(((pathPrefix + java.lang.Integer.toString(counter)) + .png)): null

2018-12-14 02:25:03 - [TEST_STEP][PASSED] - Statement - counter = counter + 1: null

2018-12-14 02:25:03 - [TEST_STEP][PASSED] - Statement - PreSaveFile = new java.io.File(((pathPrefix + java.lang.Integer.toString(counter)) + .png)): null

2018-12-14 02:25:03 - [TEST_STEP][PASSED] - Statement - counter = counter + 1: null

2018-12-14 02:25:03 - [TEST_STEP][PASSED] - Statement - PreSaveFile = new java.io.File(((pathPrefix + java.lang.Integer.toString(counter)) + .png)): null

2018-12-14 02:25:03 - [TEST_STEP][PASSED] - Statement - counter = counter + 1: null

2018-12-14 02:25:03 - [TEST_STEP][PASSED] - Statement - PreSaveFile = new java.io.File(((pathPrefix + java.lang.Integer.toString(counter)) + .png)): null

2018-12-14 02:25:03 - [TEST_STEP][PASSED] - Statement - counter = counter + 1: null

2018-12-14 02:25:03 - [TEST_STEP][PASSED] - Statement - PreSaveFile = new java.io.File(((pathPrefix + java.lang.Integer.toString(counter)) + .png)): null

2018-12-14 02:25:03 - [TEST_STEP][PASSED] - Statement - counter = counter + 1: null

2018-12-14 02:25:03 - [TEST_STEP][PASSED] - Statement - PreSaveFile = new java.io.File(((pathPrefix + java.lang.Integer.toString(counter)) + .png)): null

2018-12-14 02:25:03 - [TEST_STEP][PASSED] - Statement - counter = counter + 1: null

2018-12-14 02:25:03 - [TEST_STEP][PASSED] - Statement - PreSaveFile = new java.io.File(((pathPrefix + java.lang.Integer.toString(counter)) + .png)): null

2018-12-14 02:25:03 - [TEST_STEP][PASSED] - Statement - counter = counter + 1: null

2018-12-14 02:25:03 - [TEST_STEP][PASSED] - Statement - PreSaveFile = new java.io.File(((pathPrefix + java.lang.Integer.toString(counter)) + .png)): null

2018-12-14 02:25:03 - [TEST_STEP][PASSED] - Statement - counter = counter + 1: null

2018-12-14 02:25:03 - [TEST_STEP][PASSED] - Statement - PreSaveFile = new java.io.File(((pathPrefix + java.lang.Integer.toString(counter)) + .png)): null

2018-12-14 02:25:03 - [TEST_STEP][PASSED] - Statement - counter = counter + 1: null

2018-12-14 02:25:03 - [TEST_STEP][PASSED] - Statement - PreSaveFile = new java.io.File(((pathPrefix + java.lang.Integer.toString(counter)) + .png)): null

2018-12-14 02:25:03 - [TEST_STEP][PASSED] - Statement - counter = counter + 1: null

2018-12-14 02:25:03 - [TEST_STEP][PASSED] - Statement - PreSaveFile = new java.io.File(((pathPrefix + java.lang.Integer.toString(counter)) + .png)): null

2018-12-14 02:25:03 - [TEST_STEP][PASSED] - Statement - counter = counter + 1: null

2018-12-14 02:25:03 - [TEST_STEP][PASSED] - Statement - PreSaveFile = new java.io.File(((pathPrefix + java.lang.Integer.toString(counter)) + .png)): null

2018-12-14 02:25:03 - [TEST_STEP][PASSED] - Statement - counter = counter + 1: null

2018-12-14 02:25:03 - [TEST_STEP][PASSED] - Statement - PreSaveFile = new java.io.File(((pathPrefix + java.lang.Integer.toString(counter)) + .png)): null

2018-12-14 02:25:03 - [TEST_STEP][PASSED] - Statement - counter = counter + 1: null

2018-12-14 02:25:03 - [TEST_STEP][PASSED] - Statement - PreSaveFile = new java.io.File(((pathPrefix + java.lang.Integer.toString(counter)) + .png)): null

2018-12-14 02:25:03 - [TEST_STEP][PASSED] - Statement - counter = counter + 1: null

2018-12-14 02:25:03 - [TEST_STEP][PASSED] - Statement - PreSaveFile = new java.io.File(((pathPrefix + java.lang.Integer.toString(counter)) + .png)): null

2018-12-14 02:25:03 - [TEST_STEP][PASSED] - Statement - counter = counter + 1: null

2018-12-14 02:25:03 - [TEST_STEP][PASSED] - Statement - PreSaveFile = new java.io.File(((pathPrefix + java.lang.Integer.toString(counter)) + .png)): null

2018-12-14 02:25:03 - [TEST_STEP][PASSED] - Statement - counter = counter + 1: null

2018-12-14 02:25:03 - [TEST_STEP][PASSED] - Statement - PreSaveFile = new java.io.File(((pathPrefix + java.lang.Integer.toString(counter)) + .png)): null

2018-12-14 02:25:03 - [TEST_STEP][PASSED] - Statement - counter = counter + 1: null

2018-12-14 02:25:03 - [TEST_STEP][PASSED] - Statement - PreSaveFile = new java.io.File(((pathPrefix + java.lang.Integer.toString(counter)) + .png)): null

2018-12-14 02:25:03 - [TEST_STEP][PASSED] - Statement - counter = counter + 1: null

2018-12-14 02:25:03 - [TEST_STEP][PASSED] - Statement - PreSaveFile = new java.io.File(((pathPrefix + java.lang.Integer.toString(counter)) + .png)): null

2018-12-14 02:25:03 - [TEST_STEP][PASSED] - Statement - counter = counter + 1: null

2018-12-14 02:25:03 - [TEST_STEP][PASSED] - Statement - PreSaveFile = new java.io.File(((pathPrefix + java.lang.Integer.toString(counter)) + .png)): null

2018-12-14 02:25:03 - [TEST_STEP][PASSED] - Statement - counter = counter + 1: null

2018-12-14 02:25:03 - [TEST_STEP][PASSED] - Statement - PreSaveFile = new java.io.File(((pathPrefix + java.lang.Integer.toString(counter)) + .png)): null

2018-12-14 02:25:03 - [TEST_STEP][PASSED] - Statement - counter = counter + 1: null

2018-12-14 02:25:03 - [TEST_STEP][PASSED] - Statement - PreSaveFile = new java.io.File(((pathPrefix + java.lang.Integer.toString(counter)) + .png)): null

2018-12-14 02:25:03 - [TEST_STEP][PASSED] - Statement - counter = counter + 1: null

2018-12-14 02:25:03 - [TEST_STEP][PASSED] - Statement - PreSaveFile = new java.io.File(((pathPrefix + java.lang.Integer.toString(counter)) + .png)): null

2018-12-14 02:25:03 - [TEST_STEP][PASSED] - Statement - counter = counter + 1: null

2018-12-14 02:25:03 - [TEST_STEP][PASSED] - Statement - PreSaveFile = new java.io.File(((pathPrefix + java.lang.Integer.toString(counter)) + .png)): null

2018-12-14 02:25:03 - [TEST_STEP][PASSED] - Statement - counter = counter + 1: null

2018-12-14 02:25:03 - [TEST_STEP][PASSED] - Statement - PreSaveFile = new java.io.File(((pathPrefix + java.lang.Integer.toString(counter)) + .png)): null

2018-12-14 02:25:03 - [TEST_STEP][PASSED] - Statement - counter = counter + 1: null

2018-12-14 02:25:03 - [TEST_STEP][PASSED] - Statement - PreSaveFile = new java.io.File(((pathPrefix + java.lang.Integer.toString(counter)) + .png)): null

2018-12-14 02:25:03 - [TEST_STEP][PASSED] - Statement - counter = counter + 1: null

2018-12-14 02:25:03 - [TEST_STEP][PASSED] - Statement - PreSaveFile = new java.io.File(((pathPrefix + java.lang.Integer.toString(counter)) + .png)): null

2018-12-14 02:25:03 - [TEST_STEP][PASSED] - Statement - counter = counter + 1: null

2018-12-14 02:25:03 - [TEST_STEP][PASSED] - Statement - PreSaveFile = new java.io.File(((pathPrefix + java.lang.Integer.toString(counter)) + .png)): null

2018-12-14 02:25:03 - [TEST_STEP][PASSED] - Statement - counter = counter + 1: null

2018-12-14 02:25:03 - [TEST_STEP][PASSED] - Statement - PreSaveFile = new java.io.File(((pathPrefix + java.lang.Integer.toString(counter)) + .png)): null

2018-12-14 02:25:03 - [TEST_STEP][PASSED] - Statement - counter = counter + 1: null

2018-12-14 02:25:03 - [TEST_STEP][PASSED] - Statement - PreSaveFile = new java.io.File(((pathPrefix + java.lang.Integer.toString(counter)) + .png)): null

2018-12-14 02:25:03 - [TEST_STEP][PASSED] - Statement - counter = counter + 1: null

2018-12-14 02:25:03 - [TEST_STEP][PASSED] - Statement - PreSaveFile = new java.io.File(((pathPrefix + java.lang.Integer.toString(counter)) + .png)): null

2018-12-14 02:25:03 - [TEST_STEP][PASSED] - Statement - counter = counter + 1: null

2018-12-14 02:25:03 - [TEST_STEP][PASSED] - Statement - PreSaveFile = new java.io.File(((pathPrefix + java.lang.Integer.toString(counter)) + .png)): null

2018-12-14 02:25:03 - [TEST_STEP][PASSED] - Statement - counter = counter + 1: null

2018-12-14 02:25:03 - [TEST_STEP][PASSED] - Statement - PreSaveFile = new java.io.File(((pathPrefix + java.lang.Integer.toString(counter)) + .png)): null

2018-12-14 02:25:03 - [TEST_STEP][PASSED] - Statement - counter = counter + 1: null

2018-12-14 02:25:03 - [TEST_STEP][PASSED] - Statement - PreSaveFile = new java.io.File(((pathPrefix + java.lang.Integer.toString(counter)) + .png)): null

2018-12-14 02:25:03 - [TEST_STEP][PASSED] - Statement - counter = counter + 1: null

2018-12-14 02:25:03 - [TEST_STEP][PASSED] - Statement - PreSaveFile = new java.io.File(((pathPrefix + java.lang.Integer.toString(counter)) + .png)): null

2018-12-14 02:25:03 - [TEST_STEP][PASSED] - Statement - counter = counter + 1: null

2018-12-14 02:25:03 - [TEST_STEP][PASSED] - Statement - PreSaveFile = new java.io.File(((pathPrefix + java.lang.Integer.toString(counter)) + .png)): null

2018-12-14 02:25:03 - [TEST_STEP][PASSED] - Statement - counter = counter + 1: null

2018-12-14 02:25:03 - [TEST_STEP][PASSED] - Statement - PreSaveFile = new java.io.File(((pathPrefix + java.lang.Integer.toString(counter)) + .png)): null

2018-12-14 02:25:03 - [TEST_STEP][PASSED] - Statement - counter = counter + 1: null

2018-12-14 02:25:03 - [TEST_STEP][PASSED] - Statement - PreSaveFile = new java.io.File(((pathPrefix + java.lang.Integer.toString(counter)) + .png)): null

2018-12-14 02:25:03 - [TEST_STEP][PASSED] - Statement - counter = counter + 1: null

2018-12-14 02:25:03 - [TEST_STEP][PASSED] - Statement - PreSaveFile = new java.io.File(((pathPrefix + java.lang.Integer.toString(counter)) + .png)): null

2018-12-14 02:25:03 - [TEST_STEP][PASSED] - Statement - counter = counter + 1: null

2018-12-14 02:25:03 - [TEST_STEP][PASSED] - Statement - PreSaveFile = new java.io.File(((pathPrefix + java.lang.Integer.toString(counter)) + .png)): null

2018-12-14 02:25:03 - [TEST_STEP][PASSED] - Statement - counter = counter + 1: null

2018-12-14 02:25:03 - [TEST_STEP][PASSED] - Statement - PreSaveFile = new java.io.File(((pathPrefix + java.lang.Integer.toString(counter)) + .png)): null

2018-12-14 02:25:03 - [TEST_STEP][PASSED] - Statement - counter = counter + 1: null

2018-12-14 02:25:03 - [TEST_STEP][PASSED] - Statement - PreSaveFile = new java.io.File(((pathPrefix + java.lang.Integer.toString(counter)) + .png)): null

2018-12-14 02:25:03 - [TEST_STEP][PASSED] - Statement - counter = counter + 1: null

2018-12-14 02:25:03 - [TEST_STEP][PASSED] - Statement - PreSaveFile = new java.io.File(((pathPrefix + java.lang.Integer.toString(counter)) + .png)): null

2018-12-14 02:25:03 - [TEST_STEP][PASSED] - Statement - counter = counter + 1: null

2018-12-14 02:25:03 - [TEST_STEP][PASSED] - Statement - PreSaveFile = new java.io.File(((pathPrefix + java.lang.Integer.toString(counter)) + .png)): null

2018-12-14 02:25:03 - [TEST_STEP][PASSED] - Statement - counter = counter + 1: null

2018-12-14 02:25:03 - [TEST_STEP][PASSED] - Statement - PreSaveFile = new java.io.File(((pathPrefix + java.lang.Integer.toString(counter)) + .png)): null

2018-12-14 02:25:03 - [TEST_STEP][PASSED] - Statement - counter = counter + 1: null

2018-12-14 02:25:03 - [TEST_STEP][PASSED] - Statement - PreSaveFile = new java.io.File(((pathPrefix + java.lang.Integer.toString(counter)) + .png)): null

2018-12-14 02:25:03 - [TEST_STEP][PASSED] - Statement - counter = counter + 1: null

2018-12-14 02:25:03 - [TEST_STEP][PASSED] - Statement - PreSaveFile = new java.io.File(((pathPrefix + java.lang.Integer.toString(counter)) + .png)): null

2018-12-14 02:25:03 - [TEST_STEP][PASSED] - Statement - counter = counter + 1: null

2018-12-14 02:25:03 - [TEST_STEP][PASSED] - Statement - PreSaveFile = new java.io.File(((pathPrefix + java.lang.Integer.toString(counter)) + .png)): null

2018-12-14 02:25:03 - [TEST_STEP][PASSED] - Statement - counter = counter + 1: null

2018-12-14 02:25:03 - [TEST_STEP][PASSED] - Statement - PreSaveFile = new java.io.File(((pathPrefix + java.lang.Integer.toString(counter)) + .png)): null

2018-12-14 02:25:03 - [TEST_STEP][PASSED] - Statement - counter = counter + 1: null

2018-12-14 02:25:03 - [TEST_STEP][PASSED] - Statement - PreSaveFile = new java.io.File(((pathPrefix + java.lang.Integer.toString(counter)) + .png)): null

2018-12-14 02:25:03 - [TEST_STEP][PASSED] - Statement - counter = counter + 1: null

2018-12-14 02:25:03 - [TEST_STEP][PASSED] - Statement - PreSaveFile = new java.io.File(((pathPrefix + java.lang.Integer.toString(counter)) + .png)): null

2018-12-14 02:25:03 - [TEST_STEP][PASSED] - Statement - counter = counter + 1: null

2018-12-14 02:25:03 - [TEST_STEP][PASSED] - Statement - PreSaveFile = new java.io.File(((pathPrefix + java.lang.Integer.toString(counter)) + .png)): null

2018-12-14 02:25:03 - [TEST_STEP][PASSED] - Statement - counter = counter + 1: null

2018-12-14 02:25:03 - [TEST_STEP][PASSED] - Statement - PreSaveFile = new java.io.File(((pathPrefix + java.lang.Integer.toString(counter)) + .png)): null

2018-12-14 02:25:03 - [TEST_STEP][PASSED] - Statement - counter = counter + 1: null

2018-12-14 02:25:03 - [TEST_STEP][PASSED] - Statement - PreSaveFile = new java.io.File(((pathPrefix + java.lang.Integer.toString(counter)) + .png)): null

2018-12-14 02:25:03 - [TEST_STEP][PASSED] - Statement - counter = counter + 1: null

2018-12-14 02:25:03 - [TEST_STEP][PASSED] - Statement - PreSaveFile = new java.io.File(((pathPrefix + java.lang.Integer.toString(counter)) + .png)): null

2018-12-14 02:25:03 - [TEST_STEP][PASSED] - Statement - counter = counter + 1: null

2018-12-14 02:25:03 - [TEST_STEP][PASSED] - Statement - PreSaveFile = new java.io.File(((pathPrefix + java.lang.Integer.toString(counter)) + .png)): null

2018-12-14 02:25:03 - [TEST_STEP][PASSED] - Statement - counter = counter + 1: null

2018-12-14 02:25:03 - [TEST_STEP][PASSED] - Statement - PreSaveFile = new java.io.File(((pathPrefix + java.lang.Integer.toString(counter)) + .png)): null

2018-12-14 02:25:03 - [TEST_STEP][PASSED] - Statement - counter = counter + 1: null

2018-12-14 02:25:03 - [TEST_STEP][PASSED] - Statement - PreSaveFile = new java.io.File(((pathPrefix + java.lang.Integer.toString(counter)) + .png)): null

2018-12-14 02:25:03 - [TEST_STEP][PASSED] - Statement - counter = counter + 1: null

2018-12-14 02:25:03 - [TEST_STEP][PASSED] - Statement - PreSaveFile = new java.io.File(((pathPrefix + java.lang.Integer.toString(counter)) + .png)): null

2018-12-14 02:25:03 - [TEST_STEP][PASSED] - Statement - counter = counter + 1: null

2018-12-14 02:25:03 - [TEST_STEP][PASSED] - Statement - PreSaveFile = new java.io.File(((pathPrefix + java.lang.Integer.toString(counter)) + .png)): null

2018-12-14 02:25:03 - [TEST_STEP][PASSED] - Statement - counter = counter + 1: null

2018-12-14 02:25:03 - [TEST_STEP][PASSED] - Statement - PreSaveFile = new java.io.File(((pathPrefix + java.lang.Integer.toString(counter)) + .png)): null

2018-12-14 02:25:03 - [TEST_STEP][PASSED] - Statement - counter = counter + 1: null

2018-12-14 02:25:03 - [TEST_STEP][PASSED] - Statement - PreSaveFile = new java.io.File(((pathPrefix + java.lang.Integer.toString(counter)) + .png)): null

2018-12-14 02:25:03 - [TEST_STEP][PASSED] - Statement - counter = counter + 1: null

2018-12-14 02:25:03 - [TEST_STEP][PASSED] - Statement - PreSaveFile = new java.io.File(((pathPrefix + java.lang.Integer.toString(counter)) + .png)): null

2018-12-14 02:25:03 - [TEST_STEP][PASSED] - Statement - counter = counter + 1: null

2018-12-14 02:25:03 - [TEST_STEP][PASSED] - Statement - PreSaveFile = new java.io.File(((pathPrefix + java.lang.Integer.toString(counter)) + .png)): null

2018-12-14 02:25:03 - [TEST_STEP][PASSED] - Statement - counter = counter + 1: null

2018-12-14 02:25:03 - [TEST_STEP][PASSED] - Statement - PreSaveFile = new java.io.File(((pathPrefix + java.lang.Integer.toString(counter)) + .png)): null

2018-12-14 02:25:03 - [TEST_STEP][PASSED] - Statement - counter = counter + 1: null

2018-12-14 02:25:03 - [TEST_STEP][PASSED] - Statement - PreSaveFile = new java.io.File(((pathPrefix + java.lang.Integer.toString(counter)) + .png)): null

2018-12-14 02:25:03 - [TEST_STEP][PASSED] - Statement - counter = counter + 1: null

2018-12-14 02:25:03 - [TEST_STEP][PASSED] - Statement - PreSaveFile = new java.io.File(((pathPrefix + java.lang.Integer.toString(counter)) + .png)): null

2018-12-14 02:25:03 - [TEST_STEP][PASSED] - Statement - counter = counter + 1: null

2018-12-14 02:25:03 - [TEST_STEP][PASSED] - Statement - PreSaveFile = new java.io.File(((pathPrefix + java.lang.Integer.toString(counter)) + .png)): null

2018-12-14 02:25:03 - [TEST_STEP][PASSED] - Statement - counter = counter + 1: null

2018-12-14 02:25:03 - [TEST_STEP][PASSED] - Statement - PreSaveFile = new java.io.File(((pathPrefix + java.lang.Integer.toString(counter)) + .png)): null

2018-12-14 02:25:03 - [TEST_STEP][PASSED] - Statement - counter = counter + 1: null

2018-12-14 02:25:03 - [TEST_STEP][PASSED] - Statement - PreSaveFile = new java.io.File(((pathPrefix + java.lang.Integer.toString(counter)) + .png)): null

2018-12-14 02:25:03 - [TEST_STEP][PASSED] - Statement - counter = counter + 1: null

2018-12-14 02:25:03 - [TEST_STEP][PASSED] - Statement - PreSaveFile = new java.io.File(((pathPrefix + java.lang.Integer.toString(counter)) + .png)): null

2018-12-14 02:25:03 - [TEST_STEP][PASSED] - Statement - counter = counter + 1: null

2018-12-14 02:25:03 - [TEST_STEP][PASSED] - Statement - PreSaveFile = new java.io.File(((pathPrefix + java.lang.Integer.toString(counter)) + .png)): null

2018-12-14 02:25:03 - [TEST_STEP][PASSED] - Statement - counter = counter + 1: null

2018-12-14 02:25:03 - [TEST_STEP][PASSED] - Statement - PreSaveFile = new java.io.File(((pathPrefix + java.lang.Integer.toString(counter)) + .png)): null

2018-12-14 02:25:03 - [TEST_STEP][PASSED] - Statement - counter = counter + 1: null

2018-12-14 02:25:03 - [TEST_STEP][PASSED] - Statement - PreSaveFile = new java.io.File(((pathPrefix + java.lang.Integer.toString(counter)) + .png)): null

2018-12-14 02:25:03 - [TEST_STEP][PASSED] - Statement - counter = counter + 1: null

2018-12-14 02:25:03 - [TEST_STEP][PASSED] - Statement - PreSaveFile = new java.io.File(((pathPrefix + java.lang.Integer.toString(counter)) + .png)): null

2018-12-14 02:25:03 - [TEST_STEP][PASSED] - Statement - counter = counter + 1: null

2018-12-14 02:25:03 - [TEST_STEP][PASSED] - Statement - PreSaveFile = new java.io.File(((pathPrefix + java.lang.Integer.toString(counter)) + .png)): null

2018-12-14 02:25:03 - [TEST_STEP][PASSED] - Statement - counter = counter + 1: null

2018-12-14 02:25:03 - [TEST_STEP][PASSED] - Statement - PreSaveFile = new java.io.File(((pathPrefix + java.lang.Integer.toString(counter)) + .png)): null

2018-12-14 02:25:03 - [TEST_STEP][PASSED] - Statement - counter = counter + 1: null

2018-12-14 02:25:03 - [TEST_STEP][PASSED] - Statement - PreSaveFile = new java.io.File(((pathPrefix + java.lang.Integer.toString(counter)) + .png)): null

2018-12-14 02:25:03 - [TEST_STEP][PASSED] - Statement - counter = counter + 1: null

2018-12-14 02:25:03 - [TEST_STEP][PASSED] - Statement - PreSaveFile = new java.io.File(((pathPrefix + java.lang.Integer.toString(counter)) + .png)): null

2018-12-14 02:25:03 - [TEST_STEP][PASSED] - Statement - counter = counter + 1: null

2018-12-14 02:25:03 - [TEST_STEP][PASSED] - Statement - PreSaveFile = new java.io.File(((pathPrefix + java.lang.Integer.toString(counter)) + .png)): null

2018-12-14 02:25:03 - [TEST_STEP][PASSED] - Statement - counter = counter + 1: null

2018-12-14 02:25:03 - [TEST_STEP][PASSED] - Statement - PreSaveFile = new java.io.File(((pathPrefix + java.lang.Integer.toString(counter)) + .png)): null

2018-12-14 02:25:03 - [TEST_STEP][PASSED] - Statement - counter = counter + 1: null

2018-12-14 02:25:03 - [TEST_STEP][PASSED] - Statement - PreSaveFile = new java.io.File(((pathPrefix + java.lang.Integer.toString(counter)) + .png)): null

2018-12-14 02:25:03 - [TEST_STEP][PASSED] - Statement - counter = counter + 1: null

2018-12-14 02:25:03 - [TEST_STEP][PASSED] - Statement - PreSaveFile = new java.io.File(((pathPrefix + java.lang.Integer.toString(counter)) + .png)): null

2018-12-14 02:25:03 - [TEST_STEP][PASSED] - Statement - counter = counter + 1: null

2018-12-14 02:25:03 - [TEST_STEP][PASSED] - Statement - PreSaveFile = new java.io.File(((pathPrefix + java.lang.Integer.toString(counter)) + .png)): null

2018-12-14 02:25:03 - [TEST_STEP][PASSED] - Statement - counter = counter + 1: null

2018-12-14 02:25:03 - [TEST_STEP][PASSED] - Statement - PreSaveFile = new java.io.File(((pathPrefix + java.lang.Integer.toString(counter)) + .png)): null

2018-12-14 02:25:03 - [TEST_STEP][PASSED] - Statement - counter = counter + 1: null

2018-12-14 02:25:03 - [TEST_STEP][PASSED] - Statement - PreSaveFile = new java.io.File(((pathPrefix + java.lang.Integer.toString(counter)) + .png)): null

2018-12-14 02:25:03 - [TEST_STEP][PASSED] - Statement - counter = counter + 1: null

2018-12-14 02:25:03 - [TEST_STEP][PASSED] - Statement - PreSaveFile = new java.io.File(((pathPrefix + java.lang.Integer.toString(counter)) + .png)): null

2018-12-14 02:25:03 - [TEST_STEP][PASSED] - Statement - counter = counter + 1: null

2018-12-14 02:25:03 - [TEST_STEP][PASSED] - Statement - PreSaveFile = new java.io.File(((pathPrefix + java.lang.Integer.toString(counter)) + .png)): null

2018-12-14 02:25:03 - [TEST_STEP][PASSED] - Statement - counter = counter + 1: null

2018-12-14 02:25:03 - [TEST_STEP][PASSED] - Statement - PreSaveFile = new java.io.File(((pathPrefix + java.lang.Integer.toString(counter)) + .png)): null

2018-12-14 02:25:03 - [TEST_STEP][PASSED] - Statement - counter = counter + 1: null

2018-12-14 02:25:03 - [TEST_STEP][PASSED] - Statement - PreSaveFile = new java.io.File(((pathPrefix + java.lang.Integer.toString(counter)) + .png)): null

2018-12-14 02:25:03 - [TEST_STEP][PASSED] - Statement - counter = counter + 1: null

2018-12-14 02:25:03 - [TEST_STEP][PASSED] - Statement - PreSaveFile = new java.io.File(((pathPrefix + java.lang.Integer.toString(counter)) + .png)): null

2018-12-14 02:25:03 - [TEST_STEP][PASSED] - Statement - counter = counter + 1: null

2018-12-14 02:25:03 - [TEST_STEP][PASSED] - Statement - PreSaveFile = new java.io.File(((pathPrefix + java.lang.Integer.toString(counter)) + .png)): null

2018-12-14 02:25:03 - [TEST_STEP][PASSED] - Statement - counter = counter + 1: null

2018-12-14 02:25:03 - [TEST_STEP][PASSED] - Statement - PreSaveFile = new java.io.File(((pathPrefix + java.lang.Integer.toString(counter)) + .png)): null

2018-12-14 02:25:03 - [TEST_STEP][PASSED] - Statement - counter = counter + 1: null

2018-12-14 02:25:03 - [TEST_STEP][PASSED] - Statement - PreSaveFile = new java.io.File(((pathPrefix + java.lang.Integer.toString(counter)) + .png)): null

2018-12-14 02:25:03 - [TEST_STEP][PASSED] - Statement - counter = counter + 1: null

2018-12-14 02:25:03 - [TEST_STEP][PASSED] - Statement - PreSaveFile = new java.io.File(((pathPrefix + java.lang.Integer.toString(counter)) + .png)): null

2018-12-14 02:25:03 - [TEST_STEP][PASSED] - Statement - counter = counter + 1: null

2018-12-14 02:25:03 - [TEST_STEP][PASSED] - Statement - PreSaveFile = new java.io.File(((pathPrefix + java.lang.Integer.toString(counter)) + .png)): null

2018-12-14 02:25:03 - [TEST_STEP][PASSED] - Statement - counter = counter + 1: null

2018-12-14 02:25:03 - [TEST_STEP][PASSED] - Statement - PreSaveFile = new java.io.File(((pathPrefix + java.lang.Integer.toString(counter)) + .png)): null

2018-12-14 02:25:03 - [TEST_STEP][PASSED] - Statement - counter = counter + 1: null

2018-12-14 02:25:03 - [TEST_STEP][PASSED] - Statement - PreSaveFile = new java.io.File(((pathPrefix + java.lang.Integer.toString(counter)) + .png)): null

2018-12-14 02:25:03 - [TEST_STEP][PASSED] - Statement - counter = counter + 1: null

2018-12-14 02:25:03 - [TEST_STEP][PASSED] - Statement - PreSaveFile = new java.io.File(((pathPrefix + java.lang.Integer.toString(counter)) + .png)): null

2018-12-14 02:25:03 - [TEST_STEP][PASSED] - Statement - counter = counter + 1: null

2018-12-14 02:25:03 - [TEST_STEP][PASSED] - Statement - PreSaveFile = new java.io.File(((pathPrefix + java.lang.Integer.toString(counter)) + .png)): null

2018-12-14 02:25:03 - [TEST_STEP][PASSED] - Statement - counter = counter + 1: null

2018-12-14 02:25:03 - [TEST_STEP][PASSED] - Statement - PreSaveFile = new java.io.File(((pathPrefix + java.lang.Integer.toString(counter)) + .png)): null

2018-12-14 02:25:03 - [TEST_STEP][PASSED] - Statement - counter = counter + 1: null

2018-12-14 02:25:03 - [TEST_STEP][PASSED] - Statement - PreSaveFile = new java.io.File(((pathPrefix + java.lang.Integer.toString(counter)) + .png)): null

2018-12-14 02:25:03 - [TEST_STEP][PASSED] - Statement - counter = counter + 1: null

2018-12-14 02:25:03 - [TEST_STEP][PASSED] - Statement - PreSaveFile = new java.io.File(((pathPrefix + java.lang.Integer.toString(counter)) + .png)): null

2018-12-14 02:25:03 - [TEST_STEP][PASSED] - Statement - counter = counter + 1: null

2018-12-14 02:25:03 - [TEST_STEP][PASSED] - Statement - PreSaveFile = new java.io.File(((pathPrefix + java.lang.Integer.toString(counter)) + .png)): null

2018-12-14 02:25:03 - [TEST_STEP][PASSED] - Statement - counter = counter + 1: null

2018-12-14 02:25:03 - [TEST_STEP][PASSED] - Statement - PreSaveFile = new java.io.File(((pathPrefix + java.lang.Integer.toString(counter)) + .png)): null

2018-12-14 02:25:03 - [TEST_STEP][PASSED] - Statement - counter = counter + 1: null

2018-12-14 02:25:03 - [TEST_STEP][PASSED] - Statement - PreSaveFile = new java.io.File(((pathPrefix + java.lang.Integer.toString(counter)) + .png)): null

2018-12-14 02:25:03 - [TEST_STEP][PASSED] - Statement - counter = counter + 1: null

2018-12-14 02:25:03 - [TEST_STEP][PASSED] - Statement - PreSaveFile = new java.io.File(((pathPrefix + java.lang.Integer.toString(counter)) + .png)): null

2018-12-14 02:25:03 - [TEST_STEP][PASSED] - Statement - counter = counter + 1: null

2018-12-14 02:25:03 - [TEST_STEP][PASSED] - Statement - PreSaveFile = new java.io.File(((pathPrefix + java.lang.Integer.toString(counter)) + .png)): null

2018-12-14 02:25:03 - [TEST_STEP][PASSED] - Statement - counter = counter + 1: null

2018-12-14 02:25:03 - [TEST_STEP][PASSED] - Statement - PreSaveFile = new java.io.File(((pathPrefix + java.lang.Integer.toString(counter)) + .png)): null

2018-12-14 02:25:03 - [TEST_STEP][PASSED] - Statement - counter = counter + 1: null

2018-12-14 02:25:03 - [TEST_STEP][PASSED] - Statement - PreSaveFile = new java.io.File(((pathPrefix + java.lang.Integer.toString(counter)) + .png)): null

2018-12-14 02:25:03 - [TEST_STEP][PASSED] - Statement - counter = counter + 1: null

2018-12-14 02:25:03 - [TEST_STEP][PASSED] - Statement - PreSaveFile = new java.io.File(((pathPrefix + java.lang.Integer.toString(counter)) + .png)): null

2018-12-14 02:25:03 - [TEST_STEP][PASSED] - Statement - counter = counter + 1: null

2018-12-14 02:25:03 - [TEST_STEP][PASSED] - Statement - PreSaveFile = new java.io.File(((pathPrefix + java.lang.Integer.toString(counter)) + .png)): null

2018-12-14 02:25:03 - [TEST_STEP][PASSED] - Statement - counter = counter + 1: null

2018-12-14 02:25:03 - [TEST_STEP][PASSED] - Statement - PreSaveFile = new java.io.File(((pathPrefix + java.lang.Integer.toString(counter)) + .png)): null

2018-12-14 02:25:03 - [TEST_STEP][PASSED] - Statement - counter = counter + 1: null

2018-12-14 02:25:03 - [TEST_STEP][PASSED] - Statement - PreSaveFile = new java.io.File(((pathPrefix + java.lang.Integer.toString(counter)) + .png)): null

2018-12-14 02:25:03 - [TEST_STEP][PASSED] - Statement - counter = counter + 1: null

2018-12-14 02:25:03 - [TEST_STEP][PASSED] - Statement - PreSaveFile = new java.io.File(((pathPrefix + java.lang.Integer.toString(counter)) + .png)): null

2018-12-14 02:25:03 - [TEST_STEP][PASSED] - Statement - counter = counter + 1: null

2018-12-14 02:25:03 - [TEST_STEP][PASSED] - Statement - PreSaveFile = new java.io.File(((pathPrefix + java.lang.Integer.toString(counter)) + .png)): null

2018-12-14 02:25:03 - [TEST_STEP][PASSED] - Statement - counter = counter + 1: null

2018-12-14 02:25:03 - [TEST_STEP][PASSED] - Statement - PreSaveFile = new java.io.File(((pathPrefix + java.lang.Integer.toString(counter)) + .png)): null

2018-12-14 02:25:03 - [TEST_STEP][PASSED] - Statement - counter = counter + 1: null

2018-12-14 02:25:03 - [TEST_STEP][PASSED] - Statement - PreSaveFile = new java.io.File(((pathPrefix + java.lang.Integer.toString(counter)) + .png)): null

2018-12-14 02:25:03 - [TEST_STEP][PASSED] - Statement - counter = counter + 1: null

2018-12-14 02:25:03 - [TEST_STEP][PASSED] - Statement - PreSaveFile = new java.io.File(((pathPrefix + java.lang.Integer.toString(counter)) + .png)): null

2018-12-14 02:25:03 - [TEST_STEP][PASSED] - Statement - counter = counter + 1: null

2018-12-14 02:25:03 - [TEST_STEP][PASSED] - Statement - PreSaveFile = new java.io.File(((pathPrefix + java.lang.Integer.toString(counter)) + .png)): null

2018-12-14 02:25:03 - [TEST_STEP][PASSED] - Statement - counter = counter + 1: null

2018-12-14 02:25:03 - [TEST_STEP][PASSED] - Statement - PreSaveFile = new java.io.File(((pathPrefix + java.lang.Integer.toString(counter)) + .png)): null

2018-12-14 02:25:03 - [TEST_STEP][PASSED] - Statement - counter = counter + 1: null

2018-12-14 02:25:03 - [TEST_STEP][PASSED] - Statement - PreSaveFile = new java.io.File(((pathPrefix + java.lang.Integer.toString(counter)) + .png)): null

2018-12-14 02:25:03 - [TEST_STEP][PASSED] - Statement - counter = counter + 1: null

2018-12-14 02:25:03 - [TEST_STEP][PASSED] - Statement - PreSaveFile = new java.io.File(((pathPrefix + java.lang.Integer.toString(counter)) + .png)): null

2018-12-14 02:25:03 - [TEST_STEP][PASSED] - Statement - counter = counter + 1: null

2018-12-14 02:25:03 - [TEST_STEP][PASSED] - Statement - PreSaveFile = new java.io.File(((pathPrefix + java.lang.Integer.toString(counter)) + .png)): null

2018-12-14 02:25:03 - [TEST_STEP][PASSED] - Statement - counter = counter + 1: null

2018-12-14 02:25:03 - [TEST_STEP][PASSED] - Statement - PreSaveFile = new java.io.File(((pathPrefix + java.lang.Integer.toString(counter)) + .png)): null

2018-12-14 02:25:03 - [TEST_STEP][PASSED] - Statement - counter = counter + 1: null

2018-12-14 02:25:03 - [TEST_STEP][PASSED] - Statement - PreSaveFile = new java.io.File(((pathPrefix + java.lang.Integer.toString(counter)) + .png)): null

2018-12-14 02:25:03 - [TEST_STEP][PASSED] - Statement - counter = counter + 1: null

2018-12-14 02:25:03 - [TEST_STEP][PASSED] - Statement - PreSaveFile = new java.io.File(((pathPrefix + java.lang.Integer.toString(counter)) + .png)): null

2018-12-14 02:25:03 - [TEST_STEP][PASSED] - Statement - counter = counter + 1: null

2018-12-14 02:25:03 - [TEST_STEP][PASSED] - Statement - PreSaveFile = new java.io.File(((pathPrefix + java.lang.Integer.toString(counter)) + .png)): null

2018-12-14 02:25:03 - [TEST_STEP][PASSED] - Statement - counter = counter + 1: null

2018-12-14 02:25:03 - [TEST_STEP][PASSED] - Statement - PreSaveFile = new java.io.File(((pathPrefix + java.lang.Integer.toString(counter)) + .png)): null

2018-12-14 02:25:03 - [TEST_STEP][PASSED] - Statement - counter = counter + 1: null

2018-12-14 02:25:03 - [TEST_STEP][PASSED] - Statement - PreSaveFile = new java.io.File(((pathPrefix + java.lang.Integer.toString(counter)) + .png)): null

2018-12-14 02:25:03 - [TEST_STEP][PASSED] - Statement - counter = counter + 1: null

2018-12-14 02:25:03 - [TEST_STEP][PASSED] - Statement - PreSaveFile = new java.io.File(((pathPrefix + java.lang.Integer.toString(counter)) + .png)): null

2018-12-14 02:25:03 - [TEST_STEP][PASSED] - Statement - counter = counter + 1: null

2018-12-14 02:25:03 - [TEST_STEP][PASSED] - Statement - PreSaveFile = new java.io.File(((pathPrefix + java.lang.Integer.toString(counter)) + .png)): null

2018-12-14 02:25:04 - [TEST_STEP][PASSED] - Statement - counter = counter + 1: null

2018-12-14 02:25:04 - [TEST_STEP][PASSED] - Statement - PreSaveFile = new java.io.File(((pathPrefix + java.lang.Integer.toString(counter)) + .png)): null

2018-12-14 02:25:04 - [TEST_STEP][PASSED] - Statement - counter = counter + 1: null

2018-12-14 02:25:04 - [TEST_STEP][PASSED] - Statement - PreSaveFile = new java.io.File(((pathPrefix + java.lang.Integer.toString(counter)) + .png)): null

2018-12-14 02:25:04 - [TEST_STEP][PASSED] - Statement - counter = counter + 1: null

2018-12-14 02:25:04 - [TEST_STEP][PASSED] - Statement - PreSaveFile = new java.io.File(((pathPrefix + java.lang.Integer.toString(counter)) + .png)): null

2018-12-14 02:25:04 - [TEST_STEP][PASSED] - Statement - counter = counter + 1: null

2018-12-14 02:25:04 - [TEST_STEP][PASSED] - Statement - PreSaveFile = new java.io.File(((pathPrefix + java.lang.Integer.toString(counter)) + .png)): null

2018-12-14 02:25:04 - [TEST_STEP][PASSED] - Statement - counter = counter + 1: null

2018-12-14 02:25:04 - [TEST_STEP][PASSED] - Statement - PreSaveFile = new java.io.File(((pathPrefix + java.lang.Integer.toString(counter)) + .png)): null

2018-12-14 02:25:04 - [TEST_STEP][PASSED] - Statement - counter = counter + 1: null

2018-12-14 02:25:04 - [TEST_STEP][PASSED] - Statement - PreSaveFile = new java.io.File(((pathPrefix + java.lang.Integer.toString(counter)) + .png)): null

2018-12-14 02:25:04 - [TEST_STEP][PASSED] - Statement - counter = counter + 1: null

2018-12-14 02:25:04 - [TEST_STEP][PASSED] - Statement - PreSaveFile = new java.io.File(((pathPrefix + java.lang.Integer.toString(counter)) + .png)): null

2018-12-14 02:25:04 - [TEST_STEP][PASSED] - Statement - counter = counter + 1: null

2018-12-14 02:25:04 - [TEST_STEP][PASSED] - Statement - PreSaveFile = new java.io.File(((pathPrefix + java.lang.Integer.toString(counter)) + .png)): null

2018-12-14 02:25:04 - [TEST_STEP][PASSED] - Statement - counter = counter + 1: null

2018-12-14 02:25:04 - [TEST_STEP][PASSED] - Statement - PreSaveFile = new java.io.File(((pathPrefix + java.lang.Integer.toString(counter)) + .png)): null

2018-12-14 02:25:04 - [TEST_STEP][PASSED] - Statement - counter = counter + 1: null

2018-12-14 02:25:04 - [TEST_STEP][PASSED] - Statement - PreSaveFile = new java.io.File(((pathPrefix + java.lang.Integer.toString(counter)) + .png)): null

2018-12-14 02:25:04 - [TEST_STEP][PASSED] - Statement - counter = counter + 1: null

2018-12-14 02:25:04 - [TEST_STEP][PASSED] - Statement - PreSaveFile = new java.io.File(((pathPrefix + java.lang.Integer.toString(counter)) + .png)): null

2018-12-14 02:25:04 - [TEST_STEP][PASSED] - Statement - counter = counter + 1: null

2018-12-14 02:25:04 - [TEST_STEP][PASSED] - Statement - PreSaveFile = new java.io.File(((pathPrefix + java.lang.Integer.toString(counter)) + .png)): null

2018-12-14 02:25:04 - [TEST_STEP][PASSED] - Statement - counter = counter + 1: null

2018-12-14 02:25:04 - [TEST_STEP][PASSED] - Statement - PreSaveFile = new java.io.File(((pathPrefix + java.lang.Integer.toString(counter)) + .png)): null

2018-12-14 02:25:04 - [TEST_STEP][PASSED] - Statement - counter = counter + 1: null

2018-12-14 02:25:04 - [TEST_STEP][PASSED] - Statement - PreSaveFile = new java.io.File(((pathPrefix + java.lang.Integer.toString(counter)) + .png)): null

2018-12-14 02:25:04 - [TEST_STEP][PASSED] - Statement - counter = counter + 1: null

2018-12-14 02:25:04 - [TEST_STEP][PASSED] - Statement - PreSaveFile = new java.io.File(((pathPrefix + java.lang.Integer.toString(counter)) + .png)): null

2018-12-14 02:25:04 - [TEST_STEP][PASSED] - Statement - counter = counter + 1: null

2018-12-14 02:25:04 - [TEST_STEP][PASSED] - Statement - PreSaveFile = new java.io.File(((pathPrefix + java.lang.Integer.toString(counter)) + .png)): null

2018-12-14 02:25:04 - [TEST_STEP][PASSED] - Statement - counter = counter + 1: null

2018-12-14 02:25:04 - [TEST_STEP][PASSED] - Statement - PreSaveFile = new java.io.File(((pathPrefix + java.lang.Integer.toString(counter)) + .png)): null

2018-12-14 02:25:04 - [TEST_STEP][PASSED] - Statement - counter = counter + 1: null

2018-12-14 02:25:04 - [TEST_STEP][PASSED] - Statement - PreSaveFile = new java.io.File(((pathPrefix + java.lang.Integer.toString(counter)) + .png)): null

2018-12-14 02:25:04 - [TEST_STEP][PASSED] - Statement - counter = counter + 1: null

2018-12-14 02:25:04 - [TEST_STEP][PASSED] - Statement - PreSaveFile = new java.io.File(((pathPrefix + java.lang.Integer.toString(counter)) + .png)): null

2018-12-14 02:25:04 - [TEST_STEP][PASSED] - Statement - counter = counter + 1: null

2018-12-14 02:25:04 - [TEST_STEP][PASSED] - Statement - PreSaveFile = new java.io.File(((pathPrefix + java.lang.Integer.toString(counter)) + .png)): null

2018-12-14 02:25:04 - [TEST_STEP][PASSED] - Statement - counter = counter + 1: null

2018-12-14 02:25:04 - [TEST_STEP][PASSED] - Statement - PreSaveFile = new java.io.File(((pathPrefix + java.lang.Integer.toString(counter)) + .png)): null

2018-12-14 02:25:04 - [TEST_STEP][PASSED] - Statement - counter = counter + 1: null

2018-12-14 02:25:04 - [TEST_STEP][PASSED] - Statement - PreSaveFile = new java.io.File(((pathPrefix + java.lang.Integer.toString(counter)) + .png)): null

2018-12-14 02:25:04 - [TEST_STEP][PASSED] - Statement - counter = counter + 1: null

2018-12-14 02:25:04 - [TEST_STEP][PASSED] - Statement - PreSaveFile = new java.io.File(((pathPrefix + java.lang.Integer.toString(counter)) + .png)): null

2018-12-14 02:25:04 - [TEST_STEP][PASSED] - Statement - counter = counter + 1: null

2018-12-14 02:25:04 - [TEST_STEP][PASSED] - Statement - PreSaveFile = new java.io.File(((pathPrefix + java.lang.Integer.toString(counter)) + .png)): null

2018-12-14 02:25:04 - [TEST_STEP][PASSED] - Statement - counter = counter + 1: null

2018-12-14 02:25:04 - [TEST_STEP][PASSED] - Statement - PreSaveFile = new java.io.File(((pathPrefix + java.lang.Integer.toString(counter)) + .png)): null

2018-12-14 02:25:04 - [TEST_STEP][PASSED] - Statement - counter = counter + 1: null

2018-12-14 02:25:04 - [TEST_STEP][PASSED] - Statement - PreSaveFile = new java.io.File(((pathPrefix + java.lang.Integer.toString(counter)) + .png)): null

2018-12-14 02:25:04 - [TEST_STEP][PASSED] - Statement - counter = counter + 1: null

2018-12-14 02:25:04 - [TEST_STEP][PASSED] - Statement - PreSaveFile = new java.io.File(((pathPrefix + java.lang.Integer.toString(counter)) + .png)): null

2018-12-14 02:25:04 - [TEST_STEP][PASSED] - Statement - counter = counter + 1: null

2018-12-14 02:25:04 - [TEST_STEP][PASSED] - Statement - PreSaveFile = new java.io.File(((pathPrefix + java.lang.Integer.toString(counter)) + .png)): null

2018-12-14 02:25:04 - [TEST_STEP][PASSED] - Statement - counter = counter + 1: null

2018-12-14 02:25:04 - [TEST_STEP][PASSED] - Statement - PreSaveFile = new java.io.File(((pathPrefix + java.lang.Integer.toString(counter)) + .png)): null

2018-12-14 02:25:04 - [TEST_STEP][PASSED] - Statement - counter = counter + 1: null

2018-12-14 02:25:04 - [TEST_STEP][PASSED] - Statement - PreSaveFile = new java.io.File(((pathPrefix + java.lang.Integer.toString(counter)) + .png)): null

2018-12-14 02:25:04 - [TEST_STEP][PASSED] - Statement - counter = counter + 1: null

2018-12-14 02:25:04 - [TEST_STEP][PASSED] - Statement - PreSaveFile = new java.io.File(((pathPrefix + java.lang.Integer.toString(counter)) + .png)): null

2018-12-14 02:25:04 - [TEST_STEP][PASSED] - Statement - finalPath = pathPrefix + java.lang.Integer.toString(counter) + ".png": null

2018-12-14 02:25:04 - [TEST_STEP][PASSED] - Statement - SaveFile = new java.io.File(finalPath): null

2018-12-14 02:25:04 - [TEST_STEP][PASSED] - Statement - Try: null

2018-12-14 02:25:04 - [TEST_STEP][PASSED] - Statement - org.apache.commons.io.FileUtils.copyFile(scrFile, SaveFile): null

2018-12-14 02:25:04 - [TEST_STEP][PASSED] - Statement - out.println("file kept"): null

2018-12-14 02:25:04 - [TEST_STEP][PASSED] - delay: Delayed 10 second(s)

2018-12-14 02:25:14 - [MESSAGE][PASSED] - Delayed 10 second(s)

2018-12-14 02:25:14 - [MESSAGE][PASSED] - Call Test Case 'Test Cases/Final Aug 2018 - PKS Automation/Common/Screenshoting tool' successfully

2018-12-14 02:25:14 - [TEST_STEP][PASSED] - callTestCase: Call Test Case 'Test Cases/Final Aug 2018 - PKS Automation/Registration Module/Log Out/log out avoiding katalon tagging' successfully

2018-12-14 02:25:14 - [TEST_CASE][PASSED] - Test Cases/Final Aug 2018 - PKS Automation/Registration Module/Log Out/log out avoiding katalon tagging: Test Cases/Final Aug 2018 - PKS Automation/Registration Module/Log Out/log out avoiding katalon tagging

2018-12-14 02:25:14 - [TEST_STEP][PASSED] - navigateToUrl: Navigate to 'https://assist2-uat.perkeso.gov.my/c/portal/logout' successfully

2018-12-14 02:25:14 - [MESSAGE][PASSED] - Navigate to 'https://assist2-uat.perkeso.gov.my/c/portal/logout' successfully

2018-12-14 02:25:14 - [MESSAGE][PASSED] - Call Test Case 'Test Cases/Final Aug 2018 - PKS Automation/Registration Module/Log Out/log out avoiding katalon tagging' successfully

2018-12-14 02:25:14 - [TEST_STEP][PASSED] - callTestCase: Call Test Case 'Test Cases/Final Aug 2018 - PKS Automation/Common/Workflow Owner Finder' successfully

2018-12-14 02:25:14 - [TEST_CASE][PASSED] - Test Cases/Final Aug 2018 - PKS Automation/Common/Workflow Owner Finder: Test Cases/Final Aug 2018 - PKS Automation/Common/Workflow Owner Finder

2018-12-14 02:25:14 - [TEST_STEP][PASSED] - openBrowser: Browser is opened with url: ''

2018-12-14 02:25:14 - [MESSAGE][WARNING] - A browser is already opened. Closing browser and opening a new one

2018-12-14 02:25:18 - [MESSAGE][PASSED] - Browser is opened with url: ''

2018-12-14 02:25:18 - [TEST_STEP][PASSED] - navigateToUrl: Navigate to 'https://assist2-uat.perkeso.gov.my/login' successfully

2018-12-14 02:25:19 - [MESSAGE][PASSED] - Navigate to 'https://assist2-uat.perkeso.gov.my/login' successfully

2018-12-14 02:25:19 - [TEST_STEP][PASSED] - delay: Delayed 5 second(s)

2018-12-14 02:25:24 - [MESSAGE][PASSED] - Delayed 5 second(s)

2018-12-14 02:25:24 - [TEST_STEP][PASSED] - setText: Text 'test@liferay.com' is set on object 'Object Repository/Final Object Repo/Login Page/Internal User/Email Address'

2018-12-14 02:25:25 - [MESSAGE][PASSED] - Text 'test@liferay.com' is set on object 'Object Repository/Final Object Repo/Login Page/Internal User/Email Address'

2018-12-14 02:25:25 - [TEST_STEP][PASSED] - click: Object: 'Object Repository/Final Object Repo/Login Page/Internal User/Next Button' is clicked on

2018-12-14 02:25:25 - [MESSAGE][PASSED] - Object: 'Object Repository/Final Object Repo/Login Page/Internal User/Next Button' is clicked on

2018-12-14 02:25:25 - [TEST_STEP][PASSED] - delay: Delayed 2 second(s)

2018-12-14 02:25:27 - [MESSAGE][PASSED] - Delayed 2 second(s)

2018-12-14 02:25:27 - [TEST_STEP][PASSED] - setText: Text 'test' is set on object 'Object Repository/Final Object Repo/Login Page/Internal User/Password'

2018-12-14 02:25:27 - [MESSAGE][PASSED] - Text 'test' is set on object 'Object Repository/Final Object Repo/Login Page/Internal User/Password'

2018-12-14 02:25:27 - [TEST_STEP][PASSED] - delay: Delayed 2 second(s)

2018-12-14 02:25:29 - [MESSAGE][PASSED] - Delayed 2 second(s)

2018-12-14 02:25:29 - [TEST_STEP][PASSED] - click: Object: 'Object Repository/Final Object Repo/Login Page/Internal User/Login Button' is clicked on

2018-12-14 02:25:29 - [MESSAGE][PASSED] - Object: 'Object Repository/Final Object Repo/Login Page/Internal User/Login Button' is clicked on

2018-12-14 02:25:29 - [TEST_STEP][PASSED] - Statement - tester = com.kms.katalon.core.testobject.ObjectRepository.findTestObject(Final Object Repo/Landing Page/Select to English): Finding Test Object with id 'Object Repository/Final Object Repo/Landing Page/Select to English'

2018-12-14 02:25:29 - [TEST_STEP][PASSED] - Statement - Try: Delayed 2 second(s)

2018-12-14 02:25:29 - [TEST_STEP][PASSED] - Statement - Checker = com.kms.katalon.core.webui.keyword.WebUiBuiltInKeywords.verifyElementNotPresent(tester, 3): Web element with id: 'Object Repository/Final Object Repo/Landing Page/Select to English' located by 'By.xpath: //a[@class = 'taglib-language-list-text' and @lang = 'en-US' and (contains(text(), 'EN') or contains(., 'EN'))]' is not present after '3' second(s)

2018-12-14 02:25:31 - [MESSAGE][PASSED] - Web element with id: 'Object Repository/Final Object Repo/Landing Page/Select to English' located by 'By.xpath: //a[@class = 'taglib-language-list-text' and @lang = 'en-US' and (contains(text(), 'EN') or contains(., 'EN'))]' is not present after '3' second(s)

2018-12-14 02:25:31 - [TEST_STEP][PASSED] - Statement - If (Checker == false): null

2018-12-14 02:25:31 - [TEST_STEP][PASSED] - delay: Delayed 2 second(s)

2018-12-14 02:25:33 - [MESSAGE][PASSED] - Delayed 2 second(s)

2018-12-14 02:25:33 - [TEST_STEP][PASSED] - delay: Delayed 5 second(s)

2018-12-14 02:25:38 - [MESSAGE][PASSED] - Delayed 5 second(s)

2018-12-14 02:25:38 - [TEST_STEP][PASSED] - mouseOver: Object: 'Object Repository/Final Object Repo/Landing Page/WorkFlow Menu' is hovered

2018-12-14 02:25:38 - [MESSAGE][PASSED] - Object: 'Object Repository/Final Object Repo/Landing Page/WorkFlow Menu' is hovered

2018-12-14 02:25:38 - [TEST_STEP][PASSED] - delay: Delayed 2 second(s)

2018-12-14 02:25:40 - [MESSAGE][PASSED] - Delayed 2 second(s)

2018-12-14 02:25:40 - [TEST_STEP][PASSED] - click: Object: 'Object Repository/Final Object Repo/Landing Page/Select to Workflow Listing' is clicked on

2018-12-14 02:25:42 - [MESSAGE][PASSED] - Object: 'Object Repository/Final Object Repo/Landing Page/Select to Workflow Listing' is clicked on

2018-12-14 02:25:42 - [TEST_STEP][PASSED] - delay: Delayed 2 second(s)

2018-12-14 02:25:44 - [MESSAGE][PASSED] - Delayed 2 second(s)

2018-12-14 02:25:44 - [TEST_STEP][PASSED] - click: Object: 'Object Repository/Final Object Repo/WorkFlow Listing Page/Search Information - To Put Ref No' is clicked on

2018-12-14 02:25:44 - [MESSAGE][PASSED] - Object: 'Object Repository/Final Object Repo/WorkFlow Listing Page/Search Information - To Put Ref No' is clicked on

2018-12-14 02:25:44 - [TEST_STEP][PASSED] - delay: Delayed 2 second(s)

2018-12-14 02:25:46 - [MESSAGE][PASSED] - Delayed 2 second(s)

2018-12-14 02:25:46 - [TEST_STEP][PASSED] - callTestCase: Call Test Case 'Test Cases/Final Aug 2018 - PKS Automation/Common/Reference Number Getter' successfully

2018-12-14 02:25:46 - [TEST_CASE][PASSED] - Test Cases/Final Aug 2018 - PKS Automation/Common/Reference Number Getter: Test Cases/Final Aug 2018 - PKS Automation/Common/Reference Number Getter

2018-12-14 02:25:46 - [TEST_STEP][PASSED] - Statement - Try: null

2018-12-14 02:25:46 - [TEST_STEP][PASSED] - Statement - RefNo = new java.io.File(C://Users//Admin//Desktop//PKS//Automation Reference Point//KatalonReference.txt): null

2018-12-14 02:25:46 - [TEST_STEP][PASSED] - Statement - bufferread = new java.io.BufferedReader(new java.io.FileReader(RefNo)): null

2018-12-14 02:25:46 - [TEST_STEP][PASSED] - Statement - readedVal = bufferread.readLine(): null

2018-12-14 02:25:46 - [TEST_STEP][PASSED] - Statement - out.println(CaseReferenceNo): null

2018-12-14 02:25:46 - [TEST_STEP][PASSED] - Statement - out.println(readedVal): null

2018-12-14 02:25:46 - [TEST_STEP][PASSED] - Statement - CaseReferenceNo = "": null

2018-12-14 02:25:46 - [TEST_STEP][PASSED] - Statement - CaseReferenceNo = readedVal: null

2018-12-14 02:25:46 - [MESSAGE][PASSED] - Call Test Case 'Test Cases/Final Aug 2018 - PKS Automation/Common/Reference Number Getter' successfully

2018-12-14 02:25:46 - [TEST_STEP][PASSED] - setText: Text 'CAN12201800002355' is set on object 'Object Repository/Final Object Repo/WorkFlow Listing Page/Ref No Set Text'

2018-12-14 02:25:46 - [MESSAGE][PASSED] - Text 'CAN12201800002355' is set on object 'Object Repository/Final Object Repo/WorkFlow Listing Page/Ref No Set Text'

2018-12-14 02:25:46 - [TEST_STEP][PASSED] - delay: Delayed 2 second(s)

2018-12-14 02:25:48 - [MESSAGE][PASSED] - Delayed 2 second(s)

2018-12-14 02:25:48 - [TEST_STEP][PASSED] - click: Object: 'Object Repository/Final Object Repo/WorkFlow Listing Page/Search Ref No Search Button' is clicked on

2018-12-14 02:25:49 - [MESSAGE][PASSED] - Object: 'Object Repository/Final Object Repo/WorkFlow Listing Page/Search Ref No Search Button' is clicked on

2018-12-14 02:25:49 - [TEST_STEP][PASSED] - delay: Delayed 6 second(s)

2018-12-14 02:25:55 - [MESSAGE][PASSED] - Delayed 6 second(s)

2018-12-14 02:25:55 - [TEST_STEP][PASSED] - click: Object: 'Object Repository/Final Object Repo/WorkFlow Listing Page/Click Continue Tooltip' is clicked on

2018-12-14 02:25:55 - [MESSAGE][PASSED] - Object: 'Object Repository/Final Object Repo/WorkFlow Listing Page/Click Continue Tooltip' is clicked on

2018-12-14 02:25:55 - [TEST_STEP][PASSED] - delay: Delayed 5 second(s)

2018-12-14 02:26:00 - [MESSAGE][PASSED] - Delayed 5 second(s)

2018-12-14 02:26:00 - [TEST_STEP][PASSED] - doubleClick: Object: 'Object Repository/Final Object Repo/WorkFlow Listing Page/Workflow Found - Listing 1' is double clicked on

2018-12-14 02:26:01 - [MESSAGE][PASSED] - Object: 'Object Repository/Final Object Repo/WorkFlow Listing Page/Workflow Found - Listing 1' is double clicked on

2018-12-14 02:26:01 - [TEST_STEP][PASSED] - Statement - println(OwnerID): null

2018-12-14 02:26:01 - [TEST_STEP][PASSED] - Statement - OwnerID = com.kms.katalon.core.webui.keyword.WebUiBuiltInKeywords.getText(com.kms.katalon.core.testobject.ObjectRepository.findTestObject(Final Object Repo/WorkFlow Listing Page/Workflow Found - Listing 1), STOP_ON_FAILURE): Text of object 'Object Repository/Final Object Repo/WorkFlow Listing Page/Workflow Found - Listing 1' is: 'JOHORro3'

2018-12-14 02:26:01 - [MESSAGE][PASSED] - Text of object 'Object Repository/Final Object Repo/WorkFlow Listing Page/Workflow Found - Listing 1' is: 'JOHORro3'

2018-12-14 02:26:01 - [TEST_STEP][PASSED] - Statement - OwnerID = OwnerID.toLowerCase() + "@gmail.com": null

2018-12-14 02:26:01 - [TEST_STEP][PASSED] - Statement - println(OwnerID): null

2018-12-14 02:26:01 - [TEST_STEP][PASSED] - delay: Delayed 2 second(s)

2018-12-14 02:26:03 - [MESSAGE][PASSED] - Delayed 2 second(s)

2018-12-14 02:26:03 - [MESSAGE][PASSED] - Call Test Case 'Test Cases/Final Aug 2018 - PKS Automation/Common/Workflow Owner Finder' successfully

2018-12-14 02:26:03 - [TEST_STEP][PASSED] - callTestCase: Call Test Case 'Test Cases/Final Aug 2018 - PKS Automation/Registration Module/Log Out/log out avoiding katalon tagging' successfully

2018-12-14 02:26:03 - [TEST_CASE][PASSED] - Test Cases/Final Aug 2018 - PKS Automation/Registration Module/Log Out/log out avoiding katalon tagging: Test Cases/Final Aug 2018 - PKS Automation/Registration Module/Log Out/log out avoiding katalon tagging

2018-12-14 02:26:03 - [TEST_STEP][PASSED] - navigateToUrl: Navigate to 'https://assist2-uat.perkeso.gov.my/c/portal/logout' successfully

2018-12-14 02:26:04 - [MESSAGE][PASSED] - Navigate to 'https://assist2-uat.perkeso.gov.my/c/portal/logout' successfully

2018-12-14 02:26:04 - [MESSAGE][PASSED] - Call Test Case 'Test Cases/Final Aug 2018 - PKS Automation/Registration Module/Log Out/log out avoiding katalon tagging' successfully

2018-12-14 02:26:04 - [TEST_STEP][PASSED] - delay: Delayed 2 second(s)

2018-12-14 02:26:06 - [MESSAGE][PASSED] - Delayed 2 second(s)

2018-12-14 02:26:06 - [TEST_STEP][PASSED] - setText: Text 'johorro3@gmail.com' is set on object 'Object Repository/Final Object Repo/Page_Update Add New Employee - ASSIST/Email TextBox'

2018-12-14 02:26:06 - [MESSAGE][PASSED] - Text 'johorro3@gmail.com' is set on object 'Object Repository/Final Object Repo/Page_Update Add New Employee - ASSIST/Email TextBox'

2018-12-14 02:26:06 - [TEST_STEP][PASSED] - click: Object: 'Object Repository/Final Object Repo/Page_Update Add New Employee - ASSIST/Next Button' is clicked on

2018-12-14 02:26:06 - [MESSAGE][PASSED] - Object: 'Object Repository/Final Object Repo/Page_Update Add New Employee - ASSIST/Next Button' is clicked on

2018-12-14 02:26:06 - [TEST_STEP][PASSED] - delay: Delayed 2 second(s)

2018-12-14 02:26:08 - [MESSAGE][PASSED] - Delayed 2 second(s)

2018-12-14 02:26:08 - [TEST_STEP][PASSED] - setText: Text 'Test1@3456789' is set on object 'Object Repository/Final Object Repo/Page_Update Add New Employee - ASSIST/Password TextBox'

2018-12-14 02:26:08 - [MESSAGE][PASSED] - Text 'Test1@3456789' is set on object 'Object Repository/Final Object Repo/Page_Update Add New Employee - ASSIST/Password TextBox'

2018-12-14 02:26:08 - [TEST_STEP][PASSED] - delay: Delayed 2 second(s)

2018-12-14 02:26:10 - [MESSAGE][PASSED] - Delayed 2 second(s)

2018-12-14 02:26:10 - [TEST_STEP][PASSED] - click: Object: 'Object Repository/Final Object Repo/Page_Update Add New Employee - ASSIST/Login Button' is clicked on

2018-12-14 02:26:11 - [MESSAGE][PASSED] - Object: 'Object Repository/Final Object Repo/Page_Update Add New Employee - ASSIST/Login Button' is clicked on

2018-12-14 02:26:11 - [TEST_STEP][PASSED] - delay: Delayed 4 second(s)

2018-12-14 02:26:15 - [MESSAGE][PASSED] - Delayed 4 second(s)

2018-12-14 02:26:15 - [TEST_STEP][PASSED] - Statement - Try: Delayed 2 second(s)

2018-12-14 02:26:15 - [TEST_STEP][PASSED] - Statement - Checker = false: null

2018-12-14 02:26:15 - [TEST_STEP][PASSED] - Statement - Checker = com.kms.katalon.core.webui.keyword.WebUiBuiltInKeywords.verifyElementHasAttribute(com.kms.katalon.core.testobject.ObjectRepository.findTestObject(Final Object Repo/Landing Page/BM Detecting), "href", 20, OPTIONAL): Object 'Object Repository/Final Object Repo/Landing Page/BM Detecting' has attribute 'href'

2018-12-14 02:26:15 - [MESSAGE][PASSED] - Object 'Object Repository/Final Object Repo/Landing Page/BM Detecting' has attribute 'href'

2018-12-14 02:26:15 - [TEST_STEP][PASSED] - Statement - out.println(Checker): null

2018-12-14 02:26:15 - [TEST_STEP][PASSED] - Statement - If (Checker == false): null

2018-12-14 02:26:15 - [TEST_STEP][PASSED] - Statement - Else: null

2018-12-14 02:26:15 - [TEST_STEP][PASSED] - delay: Delayed 2 second(s)

2018-12-14 02:26:17 - [MESSAGE][PASSED] - Delayed 2 second(s)

2018-12-14 02:26:17 - [TEST_STEP][PASSED] - delay: Delayed 4 second(s)

2018-12-14 02:26:21 - [MESSAGE][PASSED] - Delayed 4 second(s)

2018-12-14 02:26:21 - [TEST_STEP][PASSED] - click: Object: 'Object Repository/Final Object Repo/New Registration - Registration Module Pages/New Reg - OTC to RO/Special Case - All Related Objects/Expand to Search' is clicked on

2018-12-14 02:26:21 - [MESSAGE][PASSED] - Object: 'Object Repository/Final Object Repo/New Registration - Registration Module Pages/New Reg - OTC to RO/Special Case - All Related Objects/Expand to Search' is clicked on

2018-12-14 02:26:21 - [TEST_STEP][PASSED] - delay: Delayed 2 second(s)

2018-12-14 02:26:23 - [MESSAGE][PASSED] - Delayed 2 second(s)

2018-12-14 02:26:23 - [TEST_STEP][PASSED] - setText: Text 'CAN12201800002355' is set on object 'Object Repository/Final Object Repo/New Registration - Registration Module Pages/New Reg - OTC to RO/Special Case - All Related Objects/TextBox RefNo in Workbasket'

2018-12-14 02:26:23 - [MESSAGE][PASSED] - Text 'CAN12201800002355' is set on object 'Object Repository/Final Object Repo/New Registration - Registration Module Pages/New Reg - OTC to RO/Special Case - All Related Objects/TextBox RefNo in Workbasket'

2018-12-14 02:26:23 - [TEST_STEP][PASSED] - delay: Delayed 2 second(s)

2018-12-14 02:26:25 - [MESSAGE][PASSED] - Delayed 2 second(s)

2018-12-14 02:26:25 - [TEST_STEP][PASSED] - click: Object: 'Object Repository/Final Object Repo/New Registration - Registration Module Pages/New Reg - OTC to RO/Special Case - All Related Objects/Click Search' is clicked on

2018-12-14 02:26:25 - [MESSAGE][PASSED] - Object: 'Object Repository/Final Object Repo/New Registration - Registration Module Pages/New Reg - OTC to RO/Special Case - All Related Objects/Click Search' is clicked on

2018-12-14 02:26:25 - [TEST_STEP][PASSED] - delay: Delayed 2 second(s)

2018-12-14 02:26:27 - [MESSAGE][PASSED] - Delayed 2 second(s)

2018-12-14 02:26:27 - [TEST_STEP][PASSED] - click: Object: 'Object Repository/Final Object Repo/New Registration - Registration Module Pages/New Reg - OTC to RO/Special Case - All Related Objects/Click to Continue Workflow' is clicked on

2018-12-14 02:26:32 - [MESSAGE][PASSED] - Object: 'Object Repository/Final Object Repo/New Registration - Registration Module Pages/New Reg - OTC to RO/Special Case - All Related Objects/Click to Continue Workflow' is clicked on

2018-12-14 02:26:32 - [TEST_STEP][PASSED] - delay: Delayed 10 second(s)

2018-12-14 02:26:42 - [MESSAGE][PASSED] - Delayed 10 second(s)

2018-12-14 02:26:42 - [TEST_STEP][PASSED] - click: Object: 'Object Repository/Final Object Repo/New Registration - Registration Module Pages/New Reg - OTC to RO/Special Case - All Related Objects/Continue Button in verifying case' is clicked on

2018-12-14 02:26:45 - [MESSAGE][PASSED] - Object: 'Object Repository/Final Object Repo/New Registration - Registration Module Pages/New Reg - OTC to RO/Special Case - All Related Objects/Continue Button in verifying case' is clicked on

2018-12-14 02:26:45 - [TEST_STEP][PASSED] - delay: Delayed 2 second(s)

2018-12-14 02:26:47 - [MESSAGE][PASSED] - Delayed 2 second(s)

2018-12-14 02:26:47 - [TEST_STEP][PASSED] - click: Object: 'Object Repository/Final Object Repo/Page_Update Add New Employee - ASSIST/Save  Continue Button' is clicked on

2018-12-14 02:26:47 - [MESSAGE][PASSED] - Object: 'Object Repository/Final Object Repo/Page_Update Add New Employee - ASSIST/Save  Continue Button' is clicked on

2018-12-14 02:26:47 - [TEST_STEP][PASSED] - delay: Delayed 4 second(s)

2018-12-14 02:26:51 - [MESSAGE][PASSED] - Delayed 4 second(s)

2018-12-14 02:26:51 - [TEST_STEP][PASSED] - click: Object: 'Object Repository/Final Object Repo/Page_Update Add New Employee - ASSIST/Save  Continue Third Screen' is clicked on

2018-12-14 02:26:54 - [MESSAGE][PASSED] - Object: 'Object Repository/Final Object Repo/Page_Update Add New Employee - ASSIST/Save  Continue Third Screen' is clicked on

2018-12-14 02:26:54 - [TEST_STEP][PASSED] - delay: Delayed 4 second(s)

2018-12-14 02:26:58 - [MESSAGE][PASSED] - Delayed 4 second(s)

2018-12-14 02:26:58 - [TEST_STEP][PASSED] - setText: Text 'Query the Case' is set on object 'Object Repository/Final Object Repo/Page_Update Add New Employee - ASSIST/Query Text Input'

2018-12-14 02:26:59 - [MESSAGE][PASSED] - Text 'Query the Case' is set on object 'Object Repository/Final Object Repo/Page_Update Add New Employee - ASSIST/Query Text Input'

2018-12-14 02:26:59 - [TEST_STEP][PASSED] - delay: Delayed 4 second(s)

2018-12-14 02:27:03 - [MESSAGE][PASSED] - Delayed 4 second(s)

2018-12-14 02:27:03 - [TEST_STEP][PASSED] - click: Object: 'Object Repository/Final Object Repo/Page_Update Add New Employee - ASSIST/Save   Continue Supporting Doc Page' is clicked on

2018-12-14 02:27:03 - [MESSAGE][PASSED] - Object: 'Object Repository/Final Object Repo/Page_Update Add New Employee - ASSIST/Save   Continue Supporting Doc Page' is clicked on

2018-12-14 02:27:03 - [TEST_STEP][PASSED] - delay: Delayed 4 second(s)

2018-12-14 02:27:07 - [MESSAGE][PASSED] - Delayed 4 second(s)

2018-12-14 02:27:07 - [TEST_STEP][PASSED] - click: Object: 'Object Repository/Final Object Repo/Page_Update Add New Employee - ASSIST/Query Button' is clicked on

2018-12-14 02:27:07 - [MESSAGE][PASSED] - Object: 'Object Repository/Final Object Repo/Page_Update Add New Employee - ASSIST/Query Button' is clicked on

2018-12-14 02:27:07 - [TEST_STEP][PASSED] - delay: Delayed 4 second(s)

2018-12-14 02:27:11 - [MESSAGE][PASSED] - Delayed 4 second(s)

2018-12-14 02:27:11 - [TEST_STEP][PASSED] - click: Object: 'Object Repository/Final Object Repo/Page_Update Add New Employee - ASSIST/Confirm to Query' is clicked on

2018-12-14 02:27:11 - [MESSAGE][PASSED] - Object: 'Object Repository/Final Object Repo/Page_Update Add New Employee - ASSIST/Confirm to Query' is clicked on

2018-12-14 02:27:11 - [TEST_STEP][PASSED] - delay: Delayed 20 second(s)

2018-12-14 02:27:31 - [MESSAGE][PASSED] - Delayed 20 second(s)

2018-12-14 02:27:31 - [TEST_STEP][PASSED] - callTestCase: Call Test Case 'Test Cases/Final Aug 2018 - PKS Automation/Common/Screenshoting tool' successfully

2018-12-14 02:27:31 - [TEST_CASE][PASSED] - Test Cases/Final Aug 2018 - PKS Automation/Common/Screenshoting tool: Test Cases/Final Aug 2018 - PKS Automation/Common/Screenshoting tool

2018-12-14 02:27:31 - [TEST_STEP][PASSED] - delay: Delayed 15 second(s)

2018-12-14 02:27:46 - [MESSAGE][PASSED] - Delayed 15 second(s)

2018-12-14 02:27:46 - [TEST_STEP][PASSED] - Statement - driver = com.kms.katalon.core.webui.driver.DriverFactory.getWebDriver(): null

2018-12-14 02:27:46 - [TEST_STEP][PASSED] - Statement - driver.manage().timeouts().implicitlyWait(10, SECONDS): null

2018-12-14 02:27:46 - [TEST_STEP][PASSED] - Statement - PresavePath = KatalonScreenshots: null

2018-12-14 02:27:46 - [TEST_STEP][PASSED] - Statement - pathPrefix = "C:\Users\Public\Pictures\Sample Pictures\Katalon Screenshots\Automate Ending Screen": null

2018-12-14 02:27:46 - [TEST_STEP][PASSED] - Statement - finalPath = <not implemented yet for class: org.codehaus.groovy.ast.expr.EmptyExpression>: null

2018-12-14 02:27:46 - [TEST_STEP][PASSED] - Statement - scrFile = driver.getScreenshotAs(FILE): null

2018-12-14 02:27:47 - [TEST_STEP][PASSED] - Statement - PreSaveFile = new java.io.File(PresavePath): null

2018-12-14 02:27:47 - [TEST_STEP][PASSED] - Statement - counter = 0: null

2018-12-14 02:27:47 - [TEST_STEP][PASSED] - Statement - If (PreSaveFile.exists()): null

2018-12-14 02:27:47 - [TEST_STEP][PASSED] - Statement - While (PreSaveFile.exists()): null

2018-12-14 02:27:47 - [TEST_STEP][PASSED] - Statement - counter = counter + 1: null

2018-12-14 02:27:47 - [TEST_STEP][PASSED] - Statement - PreSaveFile = new java.io.File(((pathPrefix + java.lang.Integer.toString(counter)) + .png)): null

2018-12-14 02:27:47 - [TEST_STEP][PASSED] - Statement - counter = counter + 1: null

2018-12-14 02:27:47 - [TEST_STEP][PASSED] - Statement - PreSaveFile = new java.io.File(((pathPrefix + java.lang.Integer.toString(counter)) + .png)): null

2018-12-14 02:27:47 - [TEST_STEP][PASSED] - Statement - counter = counter + 1: null

2018-12-14 02:27:47 - [TEST_STEP][PASSED] - Statement - PreSaveFile = new java.io.File(((pathPrefix + java.lang.Integer.toString(counter)) + .png)): null

2018-12-14 02:27:47 - [TEST_STEP][PASSED] - Statement - counter = counter + 1: null

2018-12-14 02:27:47 - [TEST_STEP][PASSED] - Statement - PreSaveFile = new java.io.File(((pathPrefix + java.lang.Integer.toString(counter)) + .png)): null

2018-12-14 02:27:47 - [TEST_STEP][PASSED] - Statement - counter = counter + 1: null

2018-12-14 02:27:47 - [TEST_STEP][PASSED] - Statement - PreSaveFile = new java.io.File(((pathPrefix + java.lang.Integer.toString(counter)) + .png)): null

2018-12-14 02:27:47 - [TEST_STEP][PASSED] - Statement - counter = counter + 1: null

2018-12-14 02:27:47 - [TEST_STEP][PASSED] - Statement - PreSaveFile = new java.io.File(((pathPrefix + java.lang.Integer.toString(counter)) + .png)): null

2018-12-14 02:27:47 - [TEST_STEP][PASSED] - Statement - counter = counter + 1: null

2018-12-14 02:27:47 - [TEST_STEP][PASSED] - Statement - PreSaveFile = new java.io.File(((pathPrefix + java.lang.Integer.toString(counter)) + .png)): null

2018-12-14 02:27:47 - [TEST_STEP][PASSED] - Statement - counter = counter + 1: null

2018-12-14 02:27:47 - [TEST_STEP][PASSED] - Statement - PreSaveFile = new java.io.File(((pathPrefix + java.lang.Integer.toString(counter)) + .png)): null

2018-12-14 02:27:47 - [TEST_STEP][PASSED] - Statement - counter = counter + 1: null

2018-12-14 02:27:47 - [TEST_STEP][PASSED] - Statement - PreSaveFile = new java.io.File(((pathPrefix + java.lang.Integer.toString(counter)) + .png)): null

2018-12-14 02:27:47 - [TEST_STEP][PASSED] - Statement - counter = counter + 1: null

2018-12-14 02:27:47 - [TEST_STEP][PASSED] - Statement - PreSaveFile = new java.io.File(((pathPrefix + java.lang.Integer.toString(counter)) + .png)): null

2018-12-14 02:27:47 - [TEST_STEP][PASSED] - Statement - counter = counter + 1: null

2018-12-14 02:27:47 - [TEST_STEP][PASSED] - Statement - PreSaveFile = new java.io.File(((pathPrefix + java.lang.Integer.toString(counter)) + .png)): null

2018-12-14 02:27:47 - [TEST_STEP][PASSED] - Statement - counter = counter + 1: null

2018-12-14 02:27:47 - [TEST_STEP][PASSED] - Statement - PreSaveFile = new java.io.File(((pathPrefix + java.lang.Integer.toString(counter)) + .png)): null

2018-12-14 02:27:47 - [TEST_STEP][PASSED] - Statement - counter = counter + 1: null

2018-12-14 02:27:47 - [TEST_STEP][PASSED] - Statement - PreSaveFile = new java.io.File(((pathPrefix + java.lang.Integer.toString(counter)) + .png)): null

2018-12-14 02:27:47 - [TEST_STEP][PASSED] - Statement - counter = counter + 1: null

2018-12-14 02:27:47 - [TEST_STEP][PASSED] - Statement - PreSaveFile = new java.io.File(((pathPrefix + java.lang.Integer.toString(counter)) + .png)): null

2018-12-14 02:27:47 - [TEST_STEP][PASSED] - Statement - counter = counter + 1: null

2018-12-14 02:27:47 - [TEST_STEP][PASSED] - Statement - PreSaveFile = new java.io.File(((pathPrefix + java.lang.Integer.toString(counter)) + .png)): null

2018-12-14 02:27:47 - [TEST_STEP][PASSED] - Statement - counter = counter + 1: null

2018-12-14 02:27:47 - [TEST_STEP][PASSED] - Statement - PreSaveFile = new java.io.File(((pathPrefix + java.lang.Integer.toString(counter)) + .png)): null

2018-12-14 02:27:47 - [TEST_STEP][PASSED] - Statement - counter = counter + 1: null

2018-12-14 02:27:47 - [TEST_STEP][PASSED] - Statement - PreSaveFile = new java.io.File(((pathPrefix + java.lang.Integer.toString(counter)) + .png)): null

2018-12-14 02:27:47 - [TEST_STEP][PASSED] - Statement - counter = counter + 1: null

2018-12-14 02:27:47 - [TEST_STEP][PASSED] - Statement - PreSaveFile = new java.io.File(((pathPrefix + java.lang.Integer.toString(counter)) + .png)): null

2018-12-14 02:27:47 - [TEST_STEP][PASSED] - Statement - counter = counter + 1: null

2018-12-14 02:27:47 - [TEST_STEP][PASSED] - Statement - PreSaveFile = new java.io.File(((pathPrefix + java.lang.Integer.toString(counter)) + .png)): null

2018-12-14 02:27:47 - [TEST_STEP][PASSED] - Statement - counter = counter + 1: null

2018-12-14 02:27:47 - [TEST_STEP][PASSED] - Statement - PreSaveFile = new java.io.File(((pathPrefix + java.lang.Integer.toString(counter)) + .png)): null

2018-12-14 02:27:47 - [TEST_STEP][PASSED] - Statement - counter = counter + 1: null

2018-12-14 02:27:47 - [TEST_STEP][PASSED] - Statement - PreSaveFile = new java.io.File(((pathPrefix + java.lang.Integer.toString(counter)) + .png)): null

2018-12-14 02:27:47 - [TEST_STEP][PASSED] - Statement - counter = counter + 1: null

2018-12-14 02:27:47 - [TEST_STEP][PASSED] - Statement - PreSaveFile = new java.io.File(((pathPrefix + java.lang.Integer.toString(counter)) + .png)): null

2018-12-14 02:27:47 - [TEST_STEP][PASSED] - Statement - counter = counter + 1: null

2018-12-14 02:27:47 - [TEST_STEP][PASSED] - Statement - PreSaveFile = new java.io.File(((pathPrefix + java.lang.Integer.toString(counter)) + .png)): null

2018-12-14 02:27:47 - [TEST_STEP][PASSED] - Statement - counter = counter + 1: null

2018-12-14 02:27:47 - [TEST_STEP][PASSED] - Statement - PreSaveFile = new java.io.File(((pathPrefix + java.lang.Integer.toString(counter)) + .png)): null

2018-12-14 02:27:47 - [TEST_STEP][PASSED] - Statement - counter = counter + 1: null

2018-12-14 02:27:47 - [TEST_STEP][PASSED] - Statement - PreSaveFile = new java.io.File(((pathPrefix + java.lang.Integer.toString(counter)) + .png)): null

2018-12-14 02:27:47 - [TEST_STEP][PASSED] - Statement - counter = counter + 1: null

2018-12-14 02:27:47 - [TEST_STEP][PASSED] - Statement - PreSaveFile = new java.io.File(((pathPrefix + java.lang.Integer.toString(counter)) + .png)): null

2018-12-14 02:27:47 - [TEST_STEP][PASSED] - Statement - counter = counter + 1: null

2018-12-14 02:27:47 - [TEST_STEP][PASSED] - Statement - PreSaveFile = new java.io.File(((pathPrefix + java.lang.Integer.toString(counter)) + .png)): null

2018-12-14 02:27:47 - [TEST_STEP][PASSED] - Statement - counter = counter + 1: null

2018-12-14 02:27:47 - [TEST_STEP][PASSED] - Statement - PreSaveFile = new java.io.File(((pathPrefix + java.lang.Integer.toString(counter)) + .png)): null

2018-12-14 02:27:47 - [TEST_STEP][PASSED] - Statement - counter = counter + 1: null

2018-12-14 02:27:47 - [TEST_STEP][PASSED] - Statement - PreSaveFile = new java.io.File(((pathPrefix + java.lang.Integer.toString(counter)) + .png)): null

2018-12-14 02:27:47 - [TEST_STEP][PASSED] - Statement - counter = counter + 1: null

2018-12-14 02:27:47 - [TEST_STEP][PASSED] - Statement - PreSaveFile = new java.io.File(((pathPrefix + java.lang.Integer.toString(counter)) + .png)): null

2018-12-14 02:27:47 - [TEST_STEP][PASSED] - Statement - counter = counter + 1: null

2018-12-14 02:27:47 - [TEST_STEP][PASSED] - Statement - PreSaveFile = new java.io.File(((pathPrefix + java.lang.Integer.toString(counter)) + .png)): null

2018-12-14 02:27:47 - [TEST_STEP][PASSED] - Statement - counter = counter + 1: null

2018-12-14 02:27:47 - [TEST_STEP][PASSED] - Statement - PreSaveFile = new java.io.File(((pathPrefix + java.lang.Integer.toString(counter)) + .png)): null

2018-12-14 02:27:47 - [TEST_STEP][PASSED] - Statement - counter = counter + 1: null

2018-12-14 02:27:47 - [TEST_STEP][PASSED] - Statement - PreSaveFile = new java.io.File(((pathPrefix + java.lang.Integer.toString(counter)) + .png)): null

2018-12-14 02:27:47 - [TEST_STEP][PASSED] - Statement - counter = counter + 1: null

2018-12-14 02:27:47 - [TEST_STEP][PASSED] - Statement - PreSaveFile = new java.io.File(((pathPrefix + java.lang.Integer.toString(counter)) + .png)): null

2018-12-14 02:27:47 - [TEST_STEP][PASSED] - Statement - counter = counter + 1: null

2018-12-14 02:27:47 - [TEST_STEP][PASSED] - Statement - PreSaveFile = new java.io.File(((pathPrefix + java.lang.Integer.toString(counter)) + .png)): null

2018-12-14 02:27:47 - [TEST_STEP][PASSED] - Statement - counter = counter + 1: null

2018-12-14 02:27:47 - [TEST_STEP][PASSED] - Statement - PreSaveFile = new java.io.File(((pathPrefix + java.lang.Integer.toString(counter)) + .png)): null

2018-12-14 02:27:47 - [TEST_STEP][PASSED] - Statement - counter = counter + 1: null

2018-12-14 02:27:47 - [TEST_STEP][PASSED] - Statement - PreSaveFile = new java.io.File(((pathPrefix + java.lang.Integer.toString(counter)) + .png)): null

2018-12-14 02:27:47 - [TEST_STEP][PASSED] - Statement - counter = counter + 1: null

2018-12-14 02:27:47 - [TEST_STEP][PASSED] - Statement - PreSaveFile = new java.io.File(((pathPrefix + java.lang.Integer.toString(counter)) + .png)): null

2018-12-14 02:27:47 - [TEST_STEP][PASSED] - Statement - counter = counter + 1: null

2018-12-14 02:27:47 - [TEST_STEP][PASSED] - Statement - PreSaveFile = new java.io.File(((pathPrefix + java.lang.Integer.toString(counter)) + .png)): null

2018-12-14 02:27:47 - [TEST_STEP][PASSED] - Statement - counter = counter + 1: null

2018-12-14 02:27:47 - [TEST_STEP][PASSED] - Statement - PreSaveFile = new java.io.File(((pathPrefix + java.lang.Integer.toString(counter)) + .png)): null

2018-12-14 02:27:47 - [TEST_STEP][PASSED] - Statement - counter = counter + 1: null

2018-12-14 02:27:47 - [TEST_STEP][PASSED] - Statement - PreSaveFile = new java.io.File(((pathPrefix + java.lang.Integer.toString(counter)) + .png)): null

2018-12-14 02:27:47 - [TEST_STEP][PASSED] - Statement - counter = counter + 1: null

2018-12-14 02:27:47 - [TEST_STEP][PASSED] - Statement - PreSaveFile = new java.io.File(((pathPrefix + java.lang.Integer.toString(counter)) + .png)): null

2018-12-14 02:27:47 - [TEST_STEP][PASSED] - Statement - counter = counter + 1: null

2018-12-14 02:27:47 - [TEST_STEP][PASSED] - Statement - PreSaveFile = new java.io.File(((pathPrefix + java.lang.Integer.toString(counter)) + .png)): null

2018-12-14 02:27:47 - [TEST_STEP][PASSED] - Statement - counter = counter + 1: null

2018-12-14 02:27:47 - [TEST_STEP][PASSED] - Statement - PreSaveFile = new java.io.File(((pathPrefix + java.lang.Integer.toString(counter)) + .png)): null

2018-12-14 02:27:47 - [TEST_STEP][PASSED] - Statement - counter = counter + 1: null

2018-12-14 02:27:47 - [TEST_STEP][PASSED] - Statement - PreSaveFile = new java.io.File(((pathPrefix + java.lang.Integer.toString(counter)) + .png)): null

2018-12-14 02:27:47 - [TEST_STEP][PASSED] - Statement - counter = counter + 1: null

2018-12-14 02:27:47 - [TEST_STEP][PASSED] - Statement - PreSaveFile = new java.io.File(((pathPrefix + java.lang.Integer.toString(counter)) + .png)): null

2018-12-14 02:27:47 - [TEST_STEP][PASSED] - Statement - counter = counter + 1: null

2018-12-14 02:27:47 - [TEST_STEP][PASSED] - Statement - PreSaveFile = new java.io.File(((pathPrefix + java.lang.Integer.toString(counter)) + .png)): null

2018-12-14 02:27:47 - [TEST_STEP][PASSED] - Statement - counter = counter + 1: null

2018-12-14 02:27:47 - [TEST_STEP][PASSED] - Statement - PreSaveFile = new java.io.File(((pathPrefix + java.lang.Integer.toString(counter)) + .png)): null

2018-12-14 02:27:47 - [TEST_STEP][PASSED] - Statement - counter = counter + 1: null

2018-12-14 02:27:47 - [TEST_STEP][PASSED] - Statement - PreSaveFile = new java.io.File(((pathPrefix + java.lang.Integer.toString(counter)) + .png)): null

2018-12-14 02:27:47 - [TEST_STEP][PASSED] - Statement - counter = counter + 1: null

2018-12-14 02:27:47 - [TEST_STEP][PASSED] - Statement - PreSaveFile = new java.io.File(((pathPrefix + java.lang.Integer.toString(counter)) + .png)): null

2018-12-14 02:27:47 - [TEST_STEP][PASSED] - Statement - counter = counter + 1: null

2018-12-14 02:27:47 - [TEST_STEP][PASSED] - Statement - PreSaveFile = new java.io.File(((pathPrefix + java.lang.Integer.toString(counter)) + .png)): null

2018-12-14 02:27:47 - [TEST_STEP][PASSED] - Statement - counter = counter + 1: null

2018-12-14 02:27:47 - [TEST_STEP][PASSED] - Statement - PreSaveFile = new java.io.File(((pathPrefix + java.lang.Integer.toString(counter)) + .png)): null

2018-12-14 02:27:47 - [TEST_STEP][PASSED] - Statement - counter = counter + 1: null

2018-12-14 02:27:47 - [TEST_STEP][PASSED] - Statement - PreSaveFile = new java.io.File(((pathPrefix + java.lang.Integer.toString(counter)) + .png)): null

2018-12-14 02:27:47 - [TEST_STEP][PASSED] - Statement - counter = counter + 1: null

2018-12-14 02:27:47 - [TEST_STEP][PASSED] - Statement - PreSaveFile = new java.io.File(((pathPrefix + java.lang.Integer.toString(counter)) + .png)): null

2018-12-14 02:27:47 - [TEST_STEP][PASSED] - Statement - counter = counter + 1: null

2018-12-14 02:27:47 - [TEST_STEP][PASSED] - Statement - PreSaveFile = new java.io.File(((pathPrefix + java.lang.Integer.toString(counter)) + .png)): null

2018-12-14 02:27:47 - [TEST_STEP][PASSED] - Statement - counter = counter + 1: null

2018-12-14 02:27:47 - [TEST_STEP][PASSED] - Statement - PreSaveFile = new java.io.File(((pathPrefix + java.lang.Integer.toString(counter)) + .png)): null

2018-12-14 02:27:47 - [TEST_STEP][PASSED] - Statement - counter = counter + 1: null

2018-12-14 02:27:47 - [TEST_STEP][PASSED] - Statement - PreSaveFile = new java.io.File(((pathPrefix + java.lang.Integer.toString(counter)) + .png)): null

2018-12-14 02:27:47 - [TEST_STEP][PASSED] - Statement - counter = counter + 1: null

2018-12-14 02:27:47 - [TEST_STEP][PASSED] - Statement - PreSaveFile = new java.io.File(((pathPrefix + java.lang.Integer.toString(counter)) + .png)): null

2018-12-14 02:27:47 - [TEST_STEP][PASSED] - Statement - counter = counter + 1: null

2018-12-14 02:27:47 - [TEST_STEP][PASSED] - Statement - PreSaveFile = new java.io.File(((pathPrefix + java.lang.Integer.toString(counter)) + .png)): null

2018-12-14 02:27:47 - [TEST_STEP][PASSED] - Statement - counter = counter + 1: null

2018-12-14 02:27:47 - [TEST_STEP][PASSED] - Statement - PreSaveFile = new java.io.File(((pathPrefix + java.lang.Integer.toString(counter)) + .png)): null

2018-12-14 02:27:47 - [TEST_STEP][PASSED] - Statement - counter = counter + 1: null

2018-12-14 02:27:47 - [TEST_STEP][PASSED] - Statement - PreSaveFile = new java.io.File(((pathPrefix + java.lang.Integer.toString(counter)) + .png)): null

2018-12-14 02:27:47 - [TEST_STEP][PASSED] - Statement - counter = counter + 1: null

2018-12-14 02:27:47 - [TEST_STEP][PASSED] - Statement - PreSaveFile = new java.io.File(((pathPrefix + java.lang.Integer.toString(counter)) + .png)): null

2018-12-14 02:27:47 - [TEST_STEP][PASSED] - Statement - counter = counter + 1: null

2018-12-14 02:27:47 - [TEST_STEP][PASSED] - Statement - PreSaveFile = new java.io.File(((pathPrefix + java.lang.Integer.toString(counter)) + .png)): null

2018-12-14 02:27:47 - [TEST_STEP][PASSED] - Statement - counter = counter + 1: null

2018-12-14 02:27:47 - [TEST_STEP][PASSED] - Statement - PreSaveFile = new java.io.File(((pathPrefix + java.lang.Integer.toString(counter)) + .png)): null

2018-12-14 02:27:47 - [TEST_STEP][PASSED] - Statement - counter = counter + 1: null

2018-12-14 02:27:47 - [TEST_STEP][PASSED] - Statement - PreSaveFile = new java.io.File(((pathPrefix + java.lang.Integer.toString(counter)) + .png)): null

2018-12-14 02:27:47 - [TEST_STEP][PASSED] - Statement - counter = counter + 1: null

2018-12-14 02:27:47 - [TEST_STEP][PASSED] - Statement - PreSaveFile = new java.io.File(((pathPrefix + java.lang.Integer.toString(counter)) + .png)): null

2018-12-14 02:27:47 - [TEST_STEP][PASSED] - Statement - counter = counter + 1: null

2018-12-14 02:27:47 - [TEST_STEP][PASSED] - Statement - PreSaveFile = new java.io.File(((pathPrefix + java.lang.Integer.toString(counter)) + .png)): null

2018-12-14 02:27:47 - [TEST_STEP][PASSED] - Statement - counter = counter + 1: null

2018-12-14 02:27:47 - [TEST_STEP][PASSED] - Statement - PreSaveFile = new java.io.File(((pathPrefix + java.lang.Integer.toString(counter)) + .png)): null

2018-12-14 02:27:47 - [TEST_STEP][PASSED] - Statement - counter = counter + 1: null

2018-12-14 02:27:47 - [TEST_STEP][PASSED] - Statement - PreSaveFile = new java.io.File(((pathPrefix + java.lang.Integer.toString(counter)) + .png)): null

2018-12-14 02:27:47 - [TEST_STEP][PASSED] - Statement - counter = counter + 1: null

2018-12-14 02:27:47 - [TEST_STEP][PASSED] - Statement - PreSaveFile = new java.io.File(((pathPrefix + java.lang.Integer.toString(counter)) + .png)): null

2018-12-14 02:27:47 - [TEST_STEP][PASSED] - Statement - counter = counter + 1: null

2018-12-14 02:27:47 - [TEST_STEP][PASSED] - Statement - PreSaveFile = new java.io.File(((pathPrefix + java.lang.Integer.toString(counter)) + .png)): null

2018-12-14 02:27:47 - [TEST_STEP][PASSED] - Statement - counter = counter + 1: null

2018-12-14 02:27:47 - [TEST_STEP][PASSED] - Statement - PreSaveFile = new java.io.File(((pathPrefix + java.lang.Integer.toString(counter)) + .png)): null

2018-12-14 02:27:47 - [TEST_STEP][PASSED] - Statement - counter = counter + 1: null

2018-12-14 02:27:47 - [TEST_STEP][PASSED] - Statement - PreSaveFile = new java.io.File(((pathPrefix + java.lang.Integer.toString(counter)) + .png)): null

2018-12-14 02:27:47 - [TEST_STEP][PASSED] - Statement - counter = counter + 1: null

2018-12-14 02:27:47 - [TEST_STEP][PASSED] - Statement - PreSaveFile = new java.io.File(((pathPrefix + java.lang.Integer.toString(counter)) + .png)): null

2018-12-14 02:27:47 - [TEST_STEP][PASSED] - Statement - counter = counter + 1: null

2018-12-14 02:27:47 - [TEST_STEP][PASSED] - Statement - PreSaveFile = new java.io.File(((pathPrefix + java.lang.Integer.toString(counter)) + .png)): null

2018-12-14 02:27:47 - [TEST_STEP][PASSED] - Statement - counter = counter + 1: null

2018-12-14 02:27:47 - [TEST_STEP][PASSED] - Statement - PreSaveFile = new java.io.File(((pathPrefix + java.lang.Integer.toString(counter)) + .png)): null

2018-12-14 02:27:47 - [TEST_STEP][PASSED] - Statement - counter = counter + 1: null

2018-12-14 02:27:47 - [TEST_STEP][PASSED] - Statement - PreSaveFile = new java.io.File(((pathPrefix + java.lang.Integer.toString(counter)) + .png)): null

2018-12-14 02:27:47 - [TEST_STEP][PASSED] - Statement - counter = counter + 1: null

2018-12-14 02:27:47 - [TEST_STEP][PASSED] - Statement - PreSaveFile = new java.io.File(((pathPrefix + java.lang.Integer.toString(counter)) + .png)): null

2018-12-14 02:27:47 - [TEST_STEP][PASSED] - Statement - counter = counter + 1: null

2018-12-14 02:27:47 - [TEST_STEP][PASSED] - Statement - PreSaveFile = new java.io.File(((pathPrefix + java.lang.Integer.toString(counter)) + .png)): null

2018-12-14 02:27:47 - [TEST_STEP][PASSED] - Statement - counter = counter + 1: null

2018-12-14 02:27:47 - [TEST_STEP][PASSED] - Statement - PreSaveFile = new java.io.File(((pathPrefix + java.lang.Integer.toString(counter)) + .png)): null

2018-12-14 02:27:47 - [TEST_STEP][PASSED] - Statement - counter = counter + 1: null

2018-12-14 02:27:47 - [TEST_STEP][PASSED] - Statement - PreSaveFile = new java.io.File(((pathPrefix + java.lang.Integer.toString(counter)) + .png)): null

2018-12-14 02:27:47 - [TEST_STEP][PASSED] - Statement - counter = counter + 1: null

2018-12-14 02:27:47 - [TEST_STEP][PASSED] - Statement - PreSaveFile = new java.io.File(((pathPrefix + java.lang.Integer.toString(counter)) + .png)): null

2018-12-14 02:27:47 - [TEST_STEP][PASSED] - Statement - counter = counter + 1: null

2018-12-14 02:27:47 - [TEST_STEP][PASSED] - Statement - PreSaveFile = new java.io.File(((pathPrefix + java.lang.Integer.toString(counter)) + .png)): null

2018-12-14 02:27:47 - [TEST_STEP][PASSED] - Statement - counter = counter + 1: null

2018-12-14 02:27:47 - [TEST_STEP][PASSED] - Statement - PreSaveFile = new java.io.File(((pathPrefix + java.lang.Integer.toString(counter)) + .png)): null

2018-12-14 02:27:47 - [TEST_STEP][PASSED] - Statement - counter = counter + 1: null

2018-12-14 02:27:47 - [TEST_STEP][PASSED] - Statement - PreSaveFile = new java.io.File(((pathPrefix + java.lang.Integer.toString(counter)) + .png)): null

2018-12-14 02:27:47 - [TEST_STEP][PASSED] - Statement - counter = counter + 1: null

2018-12-14 02:27:47 - [TEST_STEP][PASSED] - Statement - PreSaveFile = new java.io.File(((pathPrefix + java.lang.Integer.toString(counter)) + .png)): null

2018-12-14 02:27:47 - [TEST_STEP][PASSED] - Statement - counter = counter + 1: null

2018-12-14 02:27:47 - [TEST_STEP][PASSED] - Statement - PreSaveFile = new java.io.File(((pathPrefix + java.lang.Integer.toString(counter)) + .png)): null

2018-12-14 02:27:47 - [TEST_STEP][PASSED] - Statement - counter = counter + 1: null

2018-12-14 02:27:47 - [TEST_STEP][PASSED] - Statement - PreSaveFile = new java.io.File(((pathPrefix + java.lang.Integer.toString(counter)) + .png)): null

2018-12-14 02:27:47 - [TEST_STEP][PASSED] - Statement - counter = counter + 1: null

2018-12-14 02:27:47 - [TEST_STEP][PASSED] - Statement - PreSaveFile = new java.io.File(((pathPrefix + java.lang.Integer.toString(counter)) + .png)): null

2018-12-14 02:27:47 - [TEST_STEP][PASSED] - Statement - counter = counter + 1: null

2018-12-14 02:27:47 - [TEST_STEP][PASSED] - Statement - PreSaveFile = new java.io.File(((pathPrefix + java.lang.Integer.toString(counter)) + .png)): null

2018-12-14 02:27:47 - [TEST_STEP][PASSED] - Statement - counter = counter + 1: null

2018-12-14 02:27:47 - [TEST_STEP][PASSED] - Statement - PreSaveFile = new java.io.File(((pathPrefix + java.lang.Integer.toString(counter)) + .png)): null

2018-12-14 02:27:47 - [TEST_STEP][PASSED] - Statement - counter = counter + 1: null

2018-12-14 02:27:47 - [TEST_STEP][PASSED] - Statement - PreSaveFile = new java.io.File(((pathPrefix + java.lang.Integer.toString(counter)) + .png)): null

2018-12-14 02:27:47 - [TEST_STEP][PASSED] - Statement - counter = counter + 1: null

2018-12-14 02:27:47 - [TEST_STEP][PASSED] - Statement - PreSaveFile = new java.io.File(((pathPrefix + java.lang.Integer.toString(counter)) + .png)): null

2018-12-14 02:27:47 - [TEST_STEP][PASSED] - Statement - counter = counter + 1: null

2018-12-14 02:27:47 - [TEST_STEP][PASSED] - Statement - PreSaveFile = new java.io.File(((pathPrefix + java.lang.Integer.toString(counter)) + .png)): null

2018-12-14 02:27:47 - [TEST_STEP][PASSED] - Statement - counter = counter + 1: null

2018-12-14 02:27:47 - [TEST_STEP][PASSED] - Statement - PreSaveFile = new java.io.File(((pathPrefix + java.lang.Integer.toString(counter)) + .png)): null

2018-12-14 02:27:47 - [TEST_STEP][PASSED] - Statement - counter = counter + 1: null

2018-12-14 02:27:47 - [TEST_STEP][PASSED] - Statement - PreSaveFile = new java.io.File(((pathPrefix + java.lang.Integer.toString(counter)) + .png)): null

2018-12-14 02:27:47 - [TEST_STEP][PASSED] - Statement - counter = counter + 1: null

2018-12-14 02:27:47 - [TEST_STEP][PASSED] - Statement - PreSaveFile = new java.io.File(((pathPrefix + java.lang.Integer.toString(counter)) + .png)): null

2018-12-14 02:27:47 - [TEST_STEP][PASSED] - Statement - counter = counter + 1: null

2018-12-14 02:27:47 - [TEST_STEP][PASSED] - Statement - PreSaveFile = new java.io.File(((pathPrefix + java.lang.Integer.toString(counter)) + .png)): null

2018-12-14 02:27:47 - [TEST_STEP][PASSED] - Statement - counter = counter + 1: null

2018-12-14 02:27:47 - [TEST_STEP][PASSED] - Statement - PreSaveFile = new java.io.File(((pathPrefix + java.lang.Integer.toString(counter)) + .png)): null

2018-12-14 02:27:47 - [TEST_STEP][PASSED] - Statement - counter = counter + 1: null

2018-12-14 02:27:47 - [TEST_STEP][PASSED] - Statement - PreSaveFile = new java.io.File(((pathPrefix + java.lang.Integer.toString(counter)) + .png)): null

2018-12-14 02:27:47 - [TEST_STEP][PASSED] - Statement - counter = counter + 1: null

2018-12-14 02:27:47 - [TEST_STEP][PASSED] - Statement - PreSaveFile = new java.io.File(((pathPrefix + java.lang.Integer.toString(counter)) + .png)): null

2018-12-14 02:27:47 - [TEST_STEP][PASSED] - Statement - counter = counter + 1: null

2018-12-14 02:27:47 - [TEST_STEP][PASSED] - Statement - PreSaveFile = new java.io.File(((pathPrefix + java.lang.Integer.toString(counter)) + .png)): null

2018-12-14 02:27:47 - [TEST_STEP][PASSED] - Statement - counter = counter + 1: null

2018-12-14 02:27:47 - [TEST_STEP][PASSED] - Statement - PreSaveFile = new java.io.File(((pathPrefix + java.lang.Integer.toString(counter)) + .png)): null

2018-12-14 02:27:47 - [TEST_STEP][PASSED] - Statement - counter = counter + 1: null

2018-12-14 02:27:47 - [TEST_STEP][PASSED] - Statement - PreSaveFile = new java.io.File(((pathPrefix + java.lang.Integer.toString(counter)) + .png)): null

2018-12-14 02:27:47 - [TEST_STEP][PASSED] - Statement - counter = counter + 1: null

2018-12-14 02:27:47 - [TEST_STEP][PASSED] - Statement - PreSaveFile = new java.io.File(((pathPrefix + java.lang.Integer.toString(counter)) + .png)): null

2018-12-14 02:27:47 - [TEST_STEP][PASSED] - Statement - counter = counter + 1: null

2018-12-14 02:27:47 - [TEST_STEP][PASSED] - Statement - PreSaveFile = new java.io.File(((pathPrefix + java.lang.Integer.toString(counter)) + .png)): null

2018-12-14 02:27:47 - [TEST_STEP][PASSED] - Statement - counter = counter + 1: null

2018-12-14 02:27:47 - [TEST_STEP][PASSED] - Statement - PreSaveFile = new java.io.File(((pathPrefix + java.lang.Integer.toString(counter)) + .png)): null

2018-12-14 02:27:47 - [TEST_STEP][PASSED] - Statement - counter = counter + 1: null

2018-12-14 02:27:47 - [TEST_STEP][PASSED] - Statement - PreSaveFile = new java.io.File(((pathPrefix + java.lang.Integer.toString(counter)) + .png)): null

2018-12-14 02:27:47 - [TEST_STEP][PASSED] - Statement - counter = counter + 1: null

2018-12-14 02:27:47 - [TEST_STEP][PASSED] - Statement - PreSaveFile = new java.io.File(((pathPrefix + java.lang.Integer.toString(counter)) + .png)): null

2018-12-14 02:27:47 - [TEST_STEP][PASSED] - Statement - counter = counter + 1: null

2018-12-14 02:27:47 - [TEST_STEP][PASSED] - Statement - PreSaveFile = new java.io.File(((pathPrefix + java.lang.Integer.toString(counter)) + .png)): null

2018-12-14 02:27:47 - [TEST_STEP][PASSED] - Statement - counter = counter + 1: null

2018-12-14 02:27:47 - [TEST_STEP][PASSED] - Statement - PreSaveFile = new java.io.File(((pathPrefix + java.lang.Integer.toString(counter)) + .png)): null

2018-12-14 02:27:47 - [TEST_STEP][PASSED] - Statement - counter = counter + 1: null

2018-12-14 02:27:47 - [TEST_STEP][PASSED] - Statement - PreSaveFile = new java.io.File(((pathPrefix + java.lang.Integer.toString(counter)) + .png)): null

2018-12-14 02:27:47 - [TEST_STEP][PASSED] - Statement - counter = counter + 1: null

2018-12-14 02:27:47 - [TEST_STEP][PASSED] - Statement - PreSaveFile = new java.io.File(((pathPrefix + java.lang.Integer.toString(counter)) + .png)): null

2018-12-14 02:27:47 - [TEST_STEP][PASSED] - Statement - counter = counter + 1: null

2018-12-14 02:27:47 - [TEST_STEP][PASSED] - Statement - PreSaveFile = new java.io.File(((pathPrefix + java.lang.Integer.toString(counter)) + .png)): null

2018-12-14 02:27:47 - [TEST_STEP][PASSED] - Statement - counter = counter + 1: null

2018-12-14 02:27:47 - [TEST_STEP][PASSED] - Statement - PreSaveFile = new java.io.File(((pathPrefix + java.lang.Integer.toString(counter)) + .png)): null

2018-12-14 02:27:47 - [TEST_STEP][PASSED] - Statement - counter = counter + 1: null

2018-12-14 02:27:47 - [TEST_STEP][PASSED] - Statement - PreSaveFile = new java.io.File(((pathPrefix + java.lang.Integer.toString(counter)) + .png)): null

2018-12-14 02:27:47 - [TEST_STEP][PASSED] - Statement - counter = counter + 1: null

2018-12-14 02:27:47 - [TEST_STEP][PASSED] - Statement - PreSaveFile = new java.io.File(((pathPrefix + java.lang.Integer.toString(counter)) + .png)): null

2018-12-14 02:27:47 - [TEST_STEP][PASSED] - Statement - counter = counter + 1: null

2018-12-14 02:27:47 - [TEST_STEP][PASSED] - Statement - PreSaveFile = new java.io.File(((pathPrefix + java.lang.Integer.toString(counter)) + .png)): null

2018-12-14 02:27:47 - [TEST_STEP][PASSED] - Statement - counter = counter + 1: null

2018-12-14 02:27:47 - [TEST_STEP][PASSED] - Statement - PreSaveFile = new java.io.File(((pathPrefix + java.lang.Integer.toString(counter)) + .png)): null

2018-12-14 02:27:47 - [TEST_STEP][PASSED] - Statement - counter = counter + 1: null

2018-12-14 02:27:47 - [TEST_STEP][PASSED] - Statement - PreSaveFile = new java.io.File(((pathPrefix + java.lang.Integer.toString(counter)) + .png)): null

2018-12-14 02:27:47 - [TEST_STEP][PASSED] - Statement - counter = counter + 1: null

2018-12-14 02:27:47 - [TEST_STEP][PASSED] - Statement - PreSaveFile = new java.io.File(((pathPrefix + java.lang.Integer.toString(counter)) + .png)): null

2018-12-14 02:27:47 - [TEST_STEP][PASSED] - Statement - counter = counter + 1: null

2018-12-14 02:27:47 - [TEST_STEP][PASSED] - Statement - PreSaveFile = new java.io.File(((pathPrefix + java.lang.Integer.toString(counter)) + .png)): null

2018-12-14 02:27:47 - [TEST_STEP][PASSED] - Statement - counter = counter + 1: null

2018-12-14 02:27:47 - [TEST_STEP][PASSED] - Statement - PreSaveFile = new java.io.File(((pathPrefix + java.lang.Integer.toString(counter)) + .png)): null

2018-12-14 02:27:47 - [TEST_STEP][PASSED] - Statement - counter = counter + 1: null

2018-12-14 02:27:47 - [TEST_STEP][PASSED] - Statement - PreSaveFile = new java.io.File(((pathPrefix + java.lang.Integer.toString(counter)) + .png)): null

2018-12-14 02:27:47 - [TEST_STEP][PASSED] - Statement - counter = counter + 1: null

2018-12-14 02:27:47 - [TEST_STEP][PASSED] - Statement - PreSaveFile = new java.io.File(((pathPrefix + java.lang.Integer.toString(counter)) + .png)): null

2018-12-14 02:27:47 - [TEST_STEP][PASSED] - Statement - counter = counter + 1: null

2018-12-14 02:27:47 - [TEST_STEP][PASSED] - Statement - PreSaveFile = new java.io.File(((pathPrefix + java.lang.Integer.toString(counter)) + .png)): null

2018-12-14 02:27:47 - [TEST_STEP][PASSED] - Statement - counter = counter + 1: null

2018-12-14 02:27:47 - [TEST_STEP][PASSED] - Statement - PreSaveFile = new java.io.File(((pathPrefix + java.lang.Integer.toString(counter)) + .png)): null

2018-12-14 02:27:47 - [TEST_STEP][PASSED] - Statement - counter = counter + 1: null

2018-12-14 02:27:47 - [TEST_STEP][PASSED] - Statement - PreSaveFile = new java.io.File(((pathPrefix + java.lang.Integer.toString(counter)) + .png)): null

2018-12-14 02:27:47 - [TEST_STEP][PASSED] - Statement - counter = counter + 1: null

2018-12-14 02:27:47 - [TEST_STEP][PASSED] - Statement - PreSaveFile = new java.io.File(((pathPrefix + java.lang.Integer.toString(counter)) + .png)): null

2018-12-14 02:27:47 - [TEST_STEP][PASSED] - Statement - counter = counter + 1: null

2018-12-14 02:27:47 - [TEST_STEP][PASSED] - Statement - PreSaveFile = new java.io.File(((pathPrefix + java.lang.Integer.toString(counter)) + .png)): null

2018-12-14 02:27:47 - [TEST_STEP][PASSED] - Statement - counter = counter + 1: null

2018-12-14 02:27:47 - [TEST_STEP][PASSED] - Statement - PreSaveFile = new java.io.File(((pathPrefix + java.lang.Integer.toString(counter)) + .png)): null

2018-12-14 02:27:47 - [TEST_STEP][PASSED] - Statement - counter = counter + 1: null

2018-12-14 02:27:47 - [TEST_STEP][PASSED] - Statement - PreSaveFile = new java.io.File(((pathPrefix + java.lang.Integer.toString(counter)) + .png)): null

2018-12-14 02:27:47 - [TEST_STEP][PASSED] - Statement - counter = counter + 1: null

2018-12-14 02:27:47 - [TEST_STEP][PASSED] - Statement - PreSaveFile = new java.io.File(((pathPrefix + java.lang.Integer.toString(counter)) + .png)): null

2018-12-14 02:27:47 - [TEST_STEP][PASSED] - Statement - counter = counter + 1: null

2018-12-14 02:27:47 - [TEST_STEP][PASSED] - Statement - PreSaveFile = new java.io.File(((pathPrefix + java.lang.Integer.toString(counter)) + .png)): null

2018-12-14 02:27:47 - [TEST_STEP][PASSED] - Statement - counter = counter + 1: null

2018-12-14 02:27:47 - [TEST_STEP][PASSED] - Statement - PreSaveFile = new java.io.File(((pathPrefix + java.lang.Integer.toString(counter)) + .png)): null

2018-12-14 02:27:47 - [TEST_STEP][PASSED] - Statement - counter = counter + 1: null

2018-12-14 02:27:47 - [TEST_STEP][PASSED] - Statement - PreSaveFile = new java.io.File(((pathPrefix + java.lang.Integer.toString(counter)) + .png)): null

2018-12-14 02:27:47 - [TEST_STEP][PASSED] - Statement - counter = counter + 1: null

2018-12-14 02:27:47 - [TEST_STEP][PASSED] - Statement - PreSaveFile = new java.io.File(((pathPrefix + java.lang.Integer.toString(counter)) + .png)): null

2018-12-14 02:27:47 - [TEST_STEP][PASSED] - Statement - counter = counter + 1: null

2018-12-14 02:27:47 - [TEST_STEP][PASSED] - Statement - PreSaveFile = new java.io.File(((pathPrefix + java.lang.Integer.toString(counter)) + .png)): null

2018-12-14 02:27:47 - [TEST_STEP][PASSED] - Statement - counter = counter + 1: null

2018-12-14 02:27:47 - [TEST_STEP][PASSED] - Statement - PreSaveFile = new java.io.File(((pathPrefix + java.lang.Integer.toString(counter)) + .png)): null

2018-12-14 02:27:47 - [TEST_STEP][PASSED] - Statement - counter = counter + 1: null

2018-12-14 02:27:47 - [TEST_STEP][PASSED] - Statement - PreSaveFile = new java.io.File(((pathPrefix + java.lang.Integer.toString(counter)) + .png)): null

2018-12-14 02:27:47 - [TEST_STEP][PASSED] - Statement - counter = counter + 1: null

2018-12-14 02:27:47 - [TEST_STEP][PASSED] - Statement - PreSaveFile = new java.io.File(((pathPrefix + java.lang.Integer.toString(counter)) + .png)): null

2018-12-14 02:27:47 - [TEST_STEP][PASSED] - Statement - counter = counter + 1: null

2018-12-14 02:27:47 - [TEST_STEP][PASSED] - Statement - PreSaveFile = new java.io.File(((pathPrefix + java.lang.Integer.toString(counter)) + .png)): null

2018-12-14 02:27:47 - [TEST_STEP][PASSED] - Statement - counter = counter + 1: null

2018-12-14 02:27:47 - [TEST_STEP][PASSED] - Statement - PreSaveFile = new java.io.File(((pathPrefix + java.lang.Integer.toString(counter)) + .png)): null

2018-12-14 02:27:47 - [TEST_STEP][PASSED] - Statement - counter = counter + 1: null

2018-12-14 02:27:47 - [TEST_STEP][PASSED] - Statement - PreSaveFile = new java.io.File(((pathPrefix + java.lang.Integer.toString(counter)) + .png)): null

2018-12-14 02:27:47 - [TEST_STEP][PASSED] - Statement - counter = counter + 1: null

2018-12-14 02:27:47 - [TEST_STEP][PASSED] - Statement - PreSaveFile = new java.io.File(((pathPrefix + java.lang.Integer.toString(counter)) + .png)): null

2018-12-14 02:27:47 - [TEST_STEP][PASSED] - Statement - counter = counter + 1: null

2018-12-14 02:27:47 - [TEST_STEP][PASSED] - Statement - PreSaveFile = new java.io.File(((pathPrefix + java.lang.Integer.toString(counter)) + .png)): null

2018-12-14 02:27:47 - [TEST_STEP][PASSED] - Statement - counter = counter + 1: null

2018-12-14 02:27:47 - [TEST_STEP][PASSED] - Statement - PreSaveFile = new java.io.File(((pathPrefix + java.lang.Integer.toString(counter)) + .png)): null

2018-12-14 02:27:47 - [TEST_STEP][PASSED] - Statement - counter = counter + 1: null

2018-12-14 02:27:47 - [TEST_STEP][PASSED] - Statement - PreSaveFile = new java.io.File(((pathPrefix + java.lang.Integer.toString(counter)) + .png)): null

2018-12-14 02:27:47 - [TEST_STEP][PASSED] - Statement - counter = counter + 1: null

2018-12-14 02:27:47 - [TEST_STEP][PASSED] - Statement - PreSaveFile = new java.io.File(((pathPrefix + java.lang.Integer.toString(counter)) + .png)): null

2018-12-14 02:27:47 - [TEST_STEP][PASSED] - Statement - counter = counter + 1: null

2018-12-14 02:27:47 - [TEST_STEP][PASSED] - Statement - PreSaveFile = new java.io.File(((pathPrefix + java.lang.Integer.toString(counter)) + .png)): null

2018-12-14 02:27:47 - [TEST_STEP][PASSED] - Statement - counter = counter + 1: null

2018-12-14 02:27:47 - [TEST_STEP][PASSED] - Statement - PreSaveFile = new java.io.File(((pathPrefix + java.lang.Integer.toString(counter)) + .png)): null

2018-12-14 02:27:47 - [TEST_STEP][PASSED] - Statement - counter = counter + 1: null

2018-12-14 02:27:47 - [TEST_STEP][PASSED] - Statement - PreSaveFile = new java.io.File(((pathPrefix + java.lang.Integer.toString(counter)) + .png)): null

2018-12-14 02:27:47 - [TEST_STEP][PASSED] - Statement - counter = counter + 1: null

2018-12-14 02:27:47 - [TEST_STEP][PASSED] - Statement - PreSaveFile = new java.io.File(((pathPrefix + java.lang.Integer.toString(counter)) + .png)): null

2018-12-14 02:27:47 - [TEST_STEP][PASSED] - Statement - counter = counter + 1: null

2018-12-14 02:27:47 - [TEST_STEP][PASSED] - Statement - PreSaveFile = new java.io.File(((pathPrefix + java.lang.Integer.toString(counter)) + .png)): null

2018-12-14 02:27:47 - [TEST_STEP][PASSED] - Statement - counter = counter + 1: null

2018-12-14 02:27:47 - [TEST_STEP][PASSED] - Statement - PreSaveFile = new java.io.File(((pathPrefix + java.lang.Integer.toString(counter)) + .png)): null

2018-12-14 02:27:47 - [TEST_STEP][PASSED] - Statement - counter = counter + 1: null

2018-12-14 02:27:47 - [TEST_STEP][PASSED] - Statement - PreSaveFile = new java.io.File(((pathPrefix + java.lang.Integer.toString(counter)) + .png)): null

2018-12-14 02:27:47 - [TEST_STEP][PASSED] - Statement - counter = counter + 1: null

2018-12-14 02:27:47 - [TEST_STEP][PASSED] - Statement - PreSaveFile = new java.io.File(((pathPrefix + java.lang.Integer.toString(counter)) + .png)): null

2018-12-14 02:27:47 - [TEST_STEP][PASSED] - Statement - counter = counter + 1: null

2018-12-14 02:27:47 - [TEST_STEP][PASSED] - Statement - PreSaveFile = new java.io.File(((pathPrefix + java.lang.Integer.toString(counter)) + .png)): null

2018-12-14 02:27:47 - [TEST_STEP][PASSED] - Statement - counter = counter + 1: null

2018-12-14 02:27:47 - [TEST_STEP][PASSED] - Statement - PreSaveFile = new java.io.File(((pathPrefix + java.lang.Integer.toString(counter)) + .png)): null

2018-12-14 02:27:47 - [TEST_STEP][PASSED] - Statement - counter = counter + 1: null

2018-12-14 02:27:47 - [TEST_STEP][PASSED] - Statement - PreSaveFile = new java.io.File(((pathPrefix + java.lang.Integer.toString(counter)) + .png)): null

2018-12-14 02:27:47 - [TEST_STEP][PASSED] - Statement - counter = counter + 1: null

2018-12-14 02:27:47 - [TEST_STEP][PASSED] - Statement - PreSaveFile = new java.io.File(((pathPrefix + java.lang.Integer.toString(counter)) + .png)): null

2018-12-14 02:27:47 - [TEST_STEP][PASSED] - Statement - counter = counter + 1: null

2018-12-14 02:27:47 - [TEST_STEP][PASSED] - Statement - PreSaveFile = new java.io.File(((pathPrefix + java.lang.Integer.toString(counter)) + .png)): null

2018-12-14 02:27:47 - [TEST_STEP][PASSED] - Statement - counter = counter + 1: null

2018-12-14 02:27:47 - [TEST_STEP][PASSED] - Statement - PreSaveFile = new java.io.File(((pathPrefix + java.lang.Integer.toString(counter)) + .png)): null

2018-12-14 02:27:47 - [TEST_STEP][PASSED] - Statement - counter = counter + 1: null

2018-12-14 02:27:47 - [TEST_STEP][PASSED] - Statement - PreSaveFile = new java.io.File(((pathPrefix + java.lang.Integer.toString(counter)) + .png)): null

2018-12-14 02:27:47 - [TEST_STEP][PASSED] - Statement - counter = counter + 1: null

2018-12-14 02:27:47 - [TEST_STEP][PASSED] - Statement - PreSaveFile = new java.io.File(((pathPrefix + java.lang.Integer.toString(counter)) + .png)): null

2018-12-14 02:27:47 - [TEST_STEP][PASSED] - Statement - counter = counter + 1: null

2018-12-14 02:27:47 - [TEST_STEP][PASSED] - Statement - PreSaveFile = new java.io.File(((pathPrefix + java.lang.Integer.toString(counter)) + .png)): null

2018-12-14 02:27:47 - [TEST_STEP][PASSED] - Statement - counter = counter + 1: null

2018-12-14 02:27:47 - [TEST_STEP][PASSED] - Statement - PreSaveFile = new java.io.File(((pathPrefix + java.lang.Integer.toString(counter)) + .png)): null

2018-12-14 02:27:47 - [TEST_STEP][PASSED] - Statement - counter = counter + 1: null

2018-12-14 02:27:47 - [TEST_STEP][PASSED] - Statement - PreSaveFile = new java.io.File(((pathPrefix + java.lang.Integer.toString(counter)) + .png)): null

2018-12-14 02:27:47 - [TEST_STEP][PASSED] - Statement - counter = counter + 1: null

2018-12-14 02:27:47 - [TEST_STEP][PASSED] - Statement - PreSaveFile = new java.io.File(((pathPrefix + java.lang.Integer.toString(counter)) + .png)): null

2018-12-14 02:27:47 - [TEST_STEP][PASSED] - Statement - counter = counter + 1: null

2018-12-14 02:27:47 - [TEST_STEP][PASSED] - Statement - PreSaveFile = new java.io.File(((pathPrefix + java.lang.Integer.toString(counter)) + .png)): null

2018-12-14 02:27:47 - [TEST_STEP][PASSED] - Statement - counter = counter + 1: null

2018-12-14 02:27:47 - [TEST_STEP][PASSED] - Statement - PreSaveFile = new java.io.File(((pathPrefix + java.lang.Integer.toString(counter)) + .png)): null

2018-12-14 02:27:47 - [TEST_STEP][PASSED] - Statement - counter = counter + 1: null

2018-12-14 02:27:47 - [TEST_STEP][PASSED] - Statement - PreSaveFile = new java.io.File(((pathPrefix + java.lang.Integer.toString(counter)) + .png)): null

2018-12-14 02:27:47 - [TEST_STEP][PASSED] - Statement - counter = counter + 1: null

2018-12-14 02:27:47 - [TEST_STEP][PASSED] - Statement - PreSaveFile = new java.io.File(((pathPrefix + java.lang.Integer.toString(counter)) + .png)): null

2018-12-14 02:27:47 - [TEST_STEP][PASSED] - Statement - counter = counter + 1: null

2018-12-14 02:27:47 - [TEST_STEP][PASSED] - Statement - PreSaveFile = new java.io.File(((pathPrefix + java.lang.Integer.toString(counter)) + .png)): null

2018-12-14 02:27:47 - [TEST_STEP][PASSED] - Statement - counter = counter + 1: null

2018-12-14 02:27:47 - [TEST_STEP][PASSED] - Statement - PreSaveFile = new java.io.File(((pathPrefix + java.lang.Integer.toString(counter)) + .png)): null

2018-12-14 02:27:47 - [TEST_STEP][PASSED] - Statement - counter = counter + 1: null

2018-12-14 02:27:47 - [TEST_STEP][PASSED] - Statement - PreSaveFile = new java.io.File(((pathPrefix + java.lang.Integer.toString(counter)) + .png)): null

2018-12-14 02:27:47 - [TEST_STEP][PASSED] - Statement - counter = counter + 1: null

2018-12-14 02:27:47 - [TEST_STEP][PASSED] - Statement - PreSaveFile = new java.io.File(((pathPrefix + java.lang.Integer.toString(counter)) + .png)): null

2018-12-14 02:27:47 - [TEST_STEP][PASSED] - Statement - counter = counter + 1: null

2018-12-14 02:27:47 - [TEST_STEP][PASSED] - Statement - PreSaveFile = new java.io.File(((pathPrefix + java.lang.Integer.toString(counter)) + .png)): null

2018-12-14 02:27:47 - [TEST_STEP][PASSED] - Statement - counter = counter + 1: null

2018-12-14 02:27:47 - [TEST_STEP][PASSED] - Statement - PreSaveFile = new java.io.File(((pathPrefix + java.lang.Integer.toString(counter)) + .png)): null

2018-12-14 02:27:47 - [TEST_STEP][PASSED] - Statement - counter = counter + 1: null

2018-12-14 02:27:47 - [TEST_STEP][PASSED] - Statement - PreSaveFile = new java.io.File(((pathPrefix + java.lang.Integer.toString(counter)) + .png)): null

2018-12-14 02:27:47 - [TEST_STEP][PASSED] - Statement - counter = counter + 1: null

2018-12-14 02:27:47 - [TEST_STEP][PASSED] - Statement - PreSaveFile = new java.io.File(((pathPrefix + java.lang.Integer.toString(counter)) + .png)): null

2018-12-14 02:27:47 - [TEST_STEP][PASSED] - Statement - counter = counter + 1: null

2018-12-14 02:27:47 - [TEST_STEP][PASSED] - Statement - PreSaveFile = new java.io.File(((pathPrefix + java.lang.Integer.toString(counter)) + .png)): null

2018-12-14 02:27:47 - [TEST_STEP][PASSED] - Statement - counter = counter + 1: null

2018-12-14 02:27:47 - [TEST_STEP][PASSED] - Statement - PreSaveFile = new java.io.File(((pathPrefix + java.lang.Integer.toString(counter)) + .png)): null

2018-12-14 02:27:47 - [TEST_STEP][PASSED] - Statement - counter = counter + 1: null

2018-12-14 02:27:47 - [TEST_STEP][PASSED] - Statement - PreSaveFile = new java.io.File(((pathPrefix + java.lang.Integer.toString(counter)) + .png)): null

2018-12-14 02:27:47 - [TEST_STEP][PASSED] - Statement - counter = counter + 1: null

2018-12-14 02:27:47 - [TEST_STEP][PASSED] - Statement - PreSaveFile = new java.io.File(((pathPrefix + java.lang.Integer.toString(counter)) + .png)): null

2018-12-14 02:27:47 - [TEST_STEP][PASSED] - Statement - counter = counter + 1: null

2018-12-14 02:27:47 - [TEST_STEP][PASSED] - Statement - PreSaveFile = new java.io.File(((pathPrefix + java.lang.Integer.toString(counter)) + .png)): null

2018-12-14 02:27:47 - [TEST_STEP][PASSED] - Statement - counter = counter + 1: null

2018-12-14 02:27:47 - [TEST_STEP][PASSED] - Statement - PreSaveFile = new java.io.File(((pathPrefix + java.lang.Integer.toString(counter)) + .png)): null

2018-12-14 02:27:47 - [TEST_STEP][PASSED] - Statement - counter = counter + 1: null

2018-12-14 02:27:47 - [TEST_STEP][PASSED] - Statement - PreSaveFile = new java.io.File(((pathPrefix + java.lang.Integer.toString(counter)) + .png)): null

2018-12-14 02:27:47 - [TEST_STEP][PASSED] - Statement - counter = counter + 1: null

2018-12-14 02:27:47 - [TEST_STEP][PASSED] - Statement - PreSaveFile = new java.io.File(((pathPrefix + java.lang.Integer.toString(counter)) + .png)): null

2018-12-14 02:27:47 - [TEST_STEP][PASSED] - Statement - counter = counter + 1: null

2018-12-14 02:27:47 - [TEST_STEP][PASSED] - Statement - PreSaveFile = new java.io.File(((pathPrefix + java.lang.Integer.toString(counter)) + .png)): null

2018-12-14 02:27:47 - [TEST_STEP][PASSED] - Statement - counter = counter + 1: null

2018-12-14 02:27:47 - [TEST_STEP][PASSED] - Statement - PreSaveFile = new java.io.File(((pathPrefix + java.lang.Integer.toString(counter)) + .png)): null

2018-12-14 02:27:47 - [TEST_STEP][PASSED] - Statement - counter = counter + 1: null

2018-12-14 02:27:47 - [TEST_STEP][PASSED] - Statement - PreSaveFile = new java.io.File(((pathPrefix + java.lang.Integer.toString(counter)) + .png)): null

2018-12-14 02:27:47 - [TEST_STEP][PASSED] - Statement - counter = counter + 1: null

2018-12-14 02:27:47 - [TEST_STEP][PASSED] - Statement - PreSaveFile = new java.io.File(((pathPrefix + java.lang.Integer.toString(counter)) + .png)): null

2018-12-14 02:27:47 - [TEST_STEP][PASSED] - Statement - counter = counter + 1: null

2018-12-14 02:27:47 - [TEST_STEP][PASSED] - Statement - PreSaveFile = new java.io.File(((pathPrefix + java.lang.Integer.toString(counter)) + .png)): null

2018-12-14 02:27:47 - [TEST_STEP][PASSED] - Statement - counter = counter + 1: null

2018-12-14 02:27:47 - [TEST_STEP][PASSED] - Statement - PreSaveFile = new java.io.File(((pathPrefix + java.lang.Integer.toString(counter)) + .png)): null

2018-12-14 02:27:47 - [TEST_STEP][PASSED] - Statement - counter = counter + 1: null

2018-12-14 02:27:47 - [TEST_STEP][PASSED] - Statement - PreSaveFile = new java.io.File(((pathPrefix + java.lang.Integer.toString(counter)) + .png)): null

2018-12-14 02:27:47 - [TEST_STEP][PASSED] - Statement - counter = counter + 1: null

2018-12-14 02:27:47 - [TEST_STEP][PASSED] - Statement - PreSaveFile = new java.io.File(((pathPrefix + java.lang.Integer.toString(counter)) + .png)): null

2018-12-14 02:27:47 - [TEST_STEP][PASSED] - Statement - counter = counter + 1: null

2018-12-14 02:27:47 - [TEST_STEP][PASSED] - Statement - PreSaveFile = new java.io.File(((pathPrefix + java.lang.Integer.toString(counter)) + .png)): null

2018-12-14 02:27:47 - [TEST_STEP][PASSED] - Statement - counter = counter + 1: null

2018-12-14 02:27:47 - [TEST_STEP][PASSED] - Statement - PreSaveFile = new java.io.File(((pathPrefix + java.lang.Integer.toString(counter)) + .png)): null

2018-12-14 02:27:47 - [TEST_STEP][PASSED] - Statement - counter = counter + 1: null

2018-12-14 02:27:47 - [TEST_STEP][PASSED] - Statement - PreSaveFile = new java.io.File(((pathPrefix + java.lang.Integer.toString(counter)) + .png)): null

2018-12-14 02:27:47 - [TEST_STEP][PASSED] - Statement - counter = counter + 1: null

2018-12-14 02:27:47 - [TEST_STEP][PASSED] - Statement - PreSaveFile = new java.io.File(((pathPrefix + java.lang.Integer.toString(counter)) + .png)): null

2018-12-14 02:27:47 - [TEST_STEP][PASSED] - Statement - counter = counter + 1: null

2018-12-14 02:27:47 - [TEST_STEP][PASSED] - Statement - PreSaveFile = new java.io.File(((pathPrefix + java.lang.Integer.toString(counter)) + .png)): null

2018-12-14 02:27:47 - [TEST_STEP][PASSED] - Statement - counter = counter + 1: null

2018-12-14 02:27:47 - [TEST_STEP][PASSED] - Statement - PreSaveFile = new java.io.File(((pathPrefix + java.lang.Integer.toString(counter)) + .png)): null

2018-12-14 02:27:47 - [TEST_STEP][PASSED] - Statement - counter = counter + 1: null

2018-12-14 02:27:47 - [TEST_STEP][PASSED] - Statement - PreSaveFile = new java.io.File(((pathPrefix + java.lang.Integer.toString(counter)) + .png)): null

2018-12-14 02:27:47 - [TEST_STEP][PASSED] - Statement - counter = counter + 1: null

2018-12-14 02:27:47 - [TEST_STEP][PASSED] - Statement - PreSaveFile = new java.io.File(((pathPrefix + java.lang.Integer.toString(counter)) + .png)): null

2018-12-14 02:27:47 - [TEST_STEP][PASSED] - Statement - counter = counter + 1: null

2018-12-14 02:27:47 - [TEST_STEP][PASSED] - Statement - PreSaveFile = new java.io.File(((pathPrefix + java.lang.Integer.toString(counter)) + .png)): null

2018-12-14 02:27:47 - [TEST_STEP][PASSED] - Statement - counter = counter + 1: null

2018-12-14 02:27:47 - [TEST_STEP][PASSED] - Statement - PreSaveFile = new java.io.File(((pathPrefix + java.lang.Integer.toString(counter)) + .png)): null

2018-12-14 02:27:47 - [TEST_STEP][PASSED] - Statement - counter = counter + 1: null

2018-12-14 02:27:47 - [TEST_STEP][PASSED] - Statement - PreSaveFile = new java.io.File(((pathPrefix + java.lang.Integer.toString(counter)) + .png)): null

2018-12-14 02:27:47 - [TEST_STEP][PASSED] - Statement - counter = counter + 1: null

2018-12-14 02:27:47 - [TEST_STEP][PASSED] - Statement - PreSaveFile = new java.io.File(((pathPrefix + java.lang.Integer.toString(counter)) + .png)): null

2018-12-14 02:27:47 - [TEST_STEP][PASSED] - Statement - counter = counter + 1: null

2018-12-14 02:27:47 - [TEST_STEP][PASSED] - Statement - PreSaveFile = new java.io.File(((pathPrefix + java.lang.Integer.toString(counter)) + .png)): null

2018-12-14 02:27:47 - [TEST_STEP][PASSED] - Statement - counter = counter + 1: null

2018-12-14 02:27:47 - [TEST_STEP][PASSED] - Statement - PreSaveFile = new java.io.File(((pathPrefix + java.lang.Integer.toString(counter)) + .png)): null

2018-12-14 02:27:48 - [TEST_STEP][PASSED] - Statement - counter = counter + 1: null

2018-12-14 02:27:48 - [TEST_STEP][PASSED] - Statement - PreSaveFile = new java.io.File(((pathPrefix + java.lang.Integer.toString(counter)) + .png)): null

2018-12-14 02:27:48 - [TEST_STEP][PASSED] - Statement - counter = counter + 1: null

2018-12-14 02:27:48 - [TEST_STEP][PASSED] - Statement - PreSaveFile = new java.io.File(((pathPrefix + java.lang.Integer.toString(counter)) + .png)): null

2018-12-14 02:27:48 - [TEST_STEP][PASSED] - Statement - counter = counter + 1: null

2018-12-14 02:27:48 - [TEST_STEP][PASSED] - Statement - PreSaveFile = new java.io.File(((pathPrefix + java.lang.Integer.toString(counter)) + .png)): null

2018-12-14 02:27:48 - [TEST_STEP][PASSED] - Statement - counter = counter + 1: null

2018-12-14 02:27:48 - [TEST_STEP][PASSED] - Statement - PreSaveFile = new java.io.File(((pathPrefix + java.lang.Integer.toString(counter)) + .png)): null

2018-12-14 02:27:48 - [TEST_STEP][PASSED] - Statement - counter = counter + 1: null

2018-12-14 02:27:48 - [TEST_STEP][PASSED] - Statement - PreSaveFile = new java.io.File(((pathPrefix + java.lang.Integer.toString(counter)) + .png)): null

2018-12-14 02:27:48 - [TEST_STEP][PASSED] - Statement - counter = counter + 1: null

2018-12-14 02:27:48 - [TEST_STEP][PASSED] - Statement - PreSaveFile = new java.io.File(((pathPrefix + java.lang.Integer.toString(counter)) + .png)): null

2018-12-14 02:27:48 - [TEST_STEP][PASSED] - Statement - counter = counter + 1: null

2018-12-14 02:27:48 - [TEST_STEP][PASSED] - Statement - PreSaveFile = new java.io.File(((pathPrefix + java.lang.Integer.toString(counter)) + .png)): null

2018-12-14 02:27:48 - [TEST_STEP][PASSED] - Statement - counter = counter + 1: null

2018-12-14 02:27:48 - [TEST_STEP][PASSED] - Statement - PreSaveFile = new java.io.File(((pathPrefix + java.lang.Integer.toString(counter)) + .png)): null

2018-12-14 02:27:48 - [TEST_STEP][PASSED] - Statement - counter = counter + 1: null

2018-12-14 02:27:48 - [TEST_STEP][PASSED] - Statement - PreSaveFile = new java.io.File(((pathPrefix + java.lang.Integer.toString(counter)) + .png)): null

2018-12-14 02:27:48 - [TEST_STEP][PASSED] - Statement - counter = counter + 1: null

2018-12-14 02:27:48 - [TEST_STEP][PASSED] - Statement - PreSaveFile = new java.io.File(((pathPrefix + java.lang.Integer.toString(counter)) + .png)): null

2018-12-14 02:27:48 - [TEST_STEP][PASSED] - Statement - counter = counter + 1: null

2018-12-14 02:27:48 - [TEST_STEP][PASSED] - Statement - PreSaveFile = new java.io.File(((pathPrefix + java.lang.Integer.toString(counter)) + .png)): null

2018-12-14 02:27:48 - [TEST_STEP][PASSED] - Statement - counter = counter + 1: null

2018-12-14 02:27:48 - [TEST_STEP][PASSED] - Statement - PreSaveFile = new java.io.File(((pathPrefix + java.lang.Integer.toString(counter)) + .png)): null

2018-12-14 02:27:48 - [TEST_STEP][PASSED] - Statement - counter = counter + 1: null

2018-12-14 02:27:48 - [TEST_STEP][PASSED] - Statement - PreSaveFile = new java.io.File(((pathPrefix + java.lang.Integer.toString(counter)) + .png)): null

2018-12-14 02:27:48 - [TEST_STEP][PASSED] - Statement - counter = counter + 1: null

2018-12-14 02:27:48 - [TEST_STEP][PASSED] - Statement - PreSaveFile = new java.io.File(((pathPrefix + java.lang.Integer.toString(counter)) + .png)): null

2018-12-14 02:27:48 - [TEST_STEP][PASSED] - Statement - counter = counter + 1: null

2018-12-14 02:27:48 - [TEST_STEP][PASSED] - Statement - PreSaveFile = new java.io.File(((pathPrefix + java.lang.Integer.toString(counter)) + .png)): null

2018-12-14 02:27:48 - [TEST_STEP][PASSED] - Statement - counter = counter + 1: null

2018-12-14 02:27:48 - [TEST_STEP][PASSED] - Statement - PreSaveFile = new java.io.File(((pathPrefix + java.lang.Integer.toString(counter)) + .png)): null

2018-12-14 02:27:48 - [TEST_STEP][PASSED] - Statement - counter = counter + 1: null

2018-12-14 02:27:48 - [TEST_STEP][PASSED] - Statement - PreSaveFile = new java.io.File(((pathPrefix + java.lang.Integer.toString(counter)) + .png)): null

2018-12-14 02:27:48 - [TEST_STEP][PASSED] - Statement - counter = counter + 1: null

2018-12-14 02:27:48 - [TEST_STEP][PASSED] - Statement - PreSaveFile = new java.io.File(((pathPrefix + java.lang.Integer.toString(counter)) + .png)): null

2018-12-14 02:27:48 - [TEST_STEP][PASSED] - Statement - counter = counter + 1: null

2018-12-14 02:27:48 - [TEST_STEP][PASSED] - Statement - PreSaveFile = new java.io.File(((pathPrefix + java.lang.Integer.toString(counter)) + .png)): null

2018-12-14 02:27:48 - [TEST_STEP][PASSED] - Statement - counter = counter + 1: null

2018-12-14 02:27:48 - [TEST_STEP][PASSED] - Statement - PreSaveFile = new java.io.File(((pathPrefix + java.lang.Integer.toString(counter)) + .png)): null

2018-12-14 02:27:48 - [TEST_STEP][PASSED] - Statement - counter = counter + 1: null

2018-12-14 02:27:48 - [TEST_STEP][PASSED] - Statement - PreSaveFile = new java.io.File(((pathPrefix + java.lang.Integer.toString(counter)) + .png)): null

2018-12-14 02:27:48 - [TEST_STEP][PASSED] - Statement - counter = counter + 1: null

2018-12-14 02:27:48 - [TEST_STEP][PASSED] - Statement - PreSaveFile = new java.io.File(((pathPrefix + java.lang.Integer.toString(counter)) + .png)): null

2018-12-14 02:27:48 - [TEST_STEP][PASSED] - Statement - counter = counter + 1: null

2018-12-14 02:27:48 - [TEST_STEP][PASSED] - Statement - PreSaveFile = new java.io.File(((pathPrefix + java.lang.Integer.toString(counter)) + .png)): null

2018-12-14 02:27:48 - [TEST_STEP][PASSED] - Statement - counter = counter + 1: null

2018-12-14 02:27:48 - [TEST_STEP][PASSED] - Statement - PreSaveFile = new java.io.File(((pathPrefix + java.lang.Integer.toString(counter)) + .png)): null

2018-12-14 02:27:48 - [TEST_STEP][PASSED] - Statement - counter = counter + 1: null

2018-12-14 02:27:48 - [TEST_STEP][PASSED] - Statement - PreSaveFile = new java.io.File(((pathPrefix + java.lang.Integer.toString(counter)) + .png)): null

2018-12-14 02:27:48 - [TEST_STEP][PASSED] - Statement - counter = counter + 1: null

2018-12-14 02:27:48 - [TEST_STEP][PASSED] - Statement - PreSaveFile = new java.io.File(((pathPrefix + java.lang.Integer.toString(counter)) + .png)): null

2018-12-14 02:27:48 - [TEST_STEP][PASSED] - Statement - counter = counter + 1: null

2018-12-14 02:27:48 - [TEST_STEP][PASSED] - Statement - PreSaveFile = new java.io.File(((pathPrefix + java.lang.Integer.toString(counter)) + .png)): null

2018-12-14 02:27:48 - [TEST_STEP][PASSED] - Statement - counter = counter + 1: null

2018-12-14 02:27:48 - [TEST_STEP][PASSED] - Statement - PreSaveFile = new java.io.File(((pathPrefix + java.lang.Integer.toString(counter)) + .png)): null

2018-12-14 02:27:48 - [TEST_STEP][PASSED] - Statement - counter = counter + 1: null

2018-12-14 02:27:48 - [TEST_STEP][PASSED] - Statement - PreSaveFile = new java.io.File(((pathPrefix + java.lang.Integer.toString(counter)) + .png)): null

2018-12-14 02:27:48 - [TEST_STEP][PASSED] - Statement - counter = counter + 1: null

2018-12-14 02:27:48 - [TEST_STEP][PASSED] - Statement - PreSaveFile = new java.io.File(((pathPrefix + java.lang.Integer.toString(counter)) + .png)): null

2018-12-14 02:27:48 - [TEST_STEP][PASSED] - Statement - counter = counter + 1: null

2018-12-14 02:27:48 - [TEST_STEP][PASSED] - Statement - PreSaveFile = new java.io.File(((pathPrefix + java.lang.Integer.toString(counter)) + .png)): null

2018-12-14 02:27:48 - [TEST_STEP][PASSED] - Statement - counter = counter + 1: null

2018-12-14 02:27:48 - [TEST_STEP][PASSED] - Statement - PreSaveFile = new java.io.File(((pathPrefix + java.lang.Integer.toString(counter)) + .png)): null

2018-12-14 02:27:48 - [TEST_STEP][PASSED] - Statement - counter = counter + 1: null

2018-12-14 02:27:48 - [TEST_STEP][PASSED] - Statement - PreSaveFile = new java.io.File(((pathPrefix + java.lang.Integer.toString(counter)) + .png)): null

2018-12-14 02:27:48 - [TEST_STEP][PASSED] - Statement - counter = counter + 1: null

2018-12-14 02:27:48 - [TEST_STEP][PASSED] - Statement - PreSaveFile = new java.io.File(((pathPrefix + java.lang.Integer.toString(counter)) + .png)): null

2018-12-14 02:27:48 - [TEST_STEP][PASSED] - Statement - counter = counter + 1: null

2018-12-14 02:27:48 - [TEST_STEP][PASSED] - Statement - PreSaveFile = new java.io.File(((pathPrefix + java.lang.Integer.toString(counter)) + .png)): null

2018-12-14 02:27:48 - [TEST_STEP][PASSED] - Statement - counter = counter + 1: null

2018-12-14 02:27:48 - [TEST_STEP][PASSED] - Statement - PreSaveFile = new java.io.File(((pathPrefix + java.lang.Integer.toString(counter)) + .png)): null

2018-12-14 02:27:48 - [TEST_STEP][PASSED] - Statement - counter = counter + 1: null

2018-12-14 02:27:48 - [TEST_STEP][PASSED] - Statement - PreSaveFile = new java.io.File(((pathPrefix + java.lang.Integer.toString(counter)) + .png)): null

2018-12-14 02:27:48 - [TEST_STEP][PASSED] - Statement - counter = counter + 1: null

2018-12-14 02:27:48 - [TEST_STEP][PASSED] - Statement - PreSaveFile = new java.io.File(((pathPrefix + java.lang.Integer.toString(counter)) + .png)): null

2018-12-14 02:27:48 - [TEST_STEP][PASSED] - Statement - counter = counter + 1: null

2018-12-14 02:27:48 - [TEST_STEP][PASSED] - Statement - PreSaveFile = new java.io.File(((pathPrefix + java.lang.Integer.toString(counter)) + .png)): null

2018-12-14 02:27:48 - [TEST_STEP][PASSED] - Statement - counter = counter + 1: null

2018-12-14 02:27:48 - [TEST_STEP][PASSED] - Statement - PreSaveFile = new java.io.File(((pathPrefix + java.lang.Integer.toString(counter)) + .png)): null

2018-12-14 02:27:48 - [TEST_STEP][PASSED] - Statement - counter = counter + 1: null

2018-12-14 02:27:48 - [TEST_STEP][PASSED] - Statement - PreSaveFile = new java.io.File(((pathPrefix + java.lang.Integer.toString(counter)) + .png)): null

2018-12-14 02:27:48 - [TEST_STEP][PASSED] - Statement - counter = counter + 1: null

2018-12-14 02:27:48 - [TEST_STEP][PASSED] - Statement - PreSaveFile = new java.io.File(((pathPrefix + java.lang.Integer.toString(counter)) + .png)): null

2018-12-14 02:27:48 - [TEST_STEP][PASSED] - Statement - counter = counter + 1: null

2018-12-14 02:27:48 - [TEST_STEP][PASSED] - Statement - PreSaveFile = new java.io.File(((pathPrefix + java.lang.Integer.toString(counter)) + .png)): null

2018-12-14 02:27:48 - [TEST_STEP][PASSED] - Statement - counter = counter + 1: null

2018-12-14 02:27:48 - [TEST_STEP][PASSED] - Statement - PreSaveFile = new java.io.File(((pathPrefix + java.lang.Integer.toString(counter)) + .png)): null

2018-12-14 02:27:48 - [TEST_STEP][PASSED] - Statement - counter = counter + 1: null

2018-12-14 02:27:48 - [TEST_STEP][PASSED] - Statement - PreSaveFile = new java.io.File(((pathPrefix + java.lang.Integer.toString(counter)) + .png)): null

2018-12-14 02:27:48 - [TEST_STEP][PASSED] - Statement - counter = counter + 1: null

2018-12-14 02:27:48 - [TEST_STEP][PASSED] - Statement - PreSaveFile = new java.io.File(((pathPrefix + java.lang.Integer.toString(counter)) + .png)): null

2018-12-14 02:27:48 - [TEST_STEP][PASSED] - Statement - counter = counter + 1: null

2018-12-14 02:27:48 - [TEST_STEP][PASSED] - Statement - PreSaveFile = new java.io.File(((pathPrefix + java.lang.Integer.toString(counter)) + .png)): null

2018-12-14 02:27:48 - [TEST_STEP][PASSED] - Statement - counter = counter + 1: null

2018-12-14 02:27:48 - [TEST_STEP][PASSED] - Statement - PreSaveFile = new java.io.File(((pathPrefix + java.lang.Integer.toString(counter)) + .png)): null

2018-12-14 02:27:48 - [TEST_STEP][PASSED] - Statement - counter = counter + 1: null

2018-12-14 02:27:48 - [TEST_STEP][PASSED] - Statement - PreSaveFile = new java.io.File(((pathPrefix + java.lang.Integer.toString(counter)) + .png)): null

2018-12-14 02:27:48 - [TEST_STEP][PASSED] - Statement - counter = counter + 1: null

2018-12-14 02:27:48 - [TEST_STEP][PASSED] - Statement - PreSaveFile = new java.io.File(((pathPrefix + java.lang.Integer.toString(counter)) + .png)): null

2018-12-14 02:27:48 - [TEST_STEP][PASSED] - Statement - counter = counter + 1: null

2018-12-14 02:27:48 - [TEST_STEP][PASSED] - Statement - PreSaveFile = new java.io.File(((pathPrefix + java.lang.Integer.toString(counter)) + .png)): null

2018-12-14 02:27:48 - [TEST_STEP][PASSED] - Statement - counter = counter + 1: null

2018-12-14 02:27:48 - [TEST_STEP][PASSED] - Statement - PreSaveFile = new java.io.File(((pathPrefix + java.lang.Integer.toString(counter)) + .png)): null

2018-12-14 02:27:48 - [TEST_STEP][PASSED] - Statement - counter = counter + 1: null

2018-12-14 02:27:48 - [TEST_STEP][PASSED] - Statement - PreSaveFile = new java.io.File(((pathPrefix + java.lang.Integer.toString(counter)) + .png)): null

2018-12-14 02:27:48 - [TEST_STEP][PASSED] - Statement - counter = counter + 1: null

2018-12-14 02:27:48 - [TEST_STEP][PASSED] - Statement - PreSaveFile = new java.io.File(((pathPrefix + java.lang.Integer.toString(counter)) + .png)): null

2018-12-14 02:27:48 - [TEST_STEP][PASSED] - Statement - counter = counter + 1: null

2018-12-14 02:27:48 - [TEST_STEP][PASSED] - Statement - PreSaveFile = new java.io.File(((pathPrefix + java.lang.Integer.toString(counter)) + .png)): null

2018-12-14 02:27:48 - [TEST_STEP][PASSED] - Statement - counter = counter + 1: null

2018-12-14 02:27:48 - [TEST_STEP][PASSED] - Statement - PreSaveFile = new java.io.File(((pathPrefix + java.lang.Integer.toString(counter)) + .png)): null

2018-12-14 02:27:48 - [TEST_STEP][PASSED] - Statement - counter = counter + 1: null

2018-12-14 02:27:48 - [TEST_STEP][PASSED] - Statement - PreSaveFile = new java.io.File(((pathPrefix + java.lang.Integer.toString(counter)) + .png)): null

2018-12-14 02:27:48 - [TEST_STEP][PASSED] - Statement - counter = counter + 1: null

2018-12-14 02:27:48 - [TEST_STEP][PASSED] - Statement - PreSaveFile = new java.io.File(((pathPrefix + java.lang.Integer.toString(counter)) + .png)): null

2018-12-14 02:27:48 - [TEST_STEP][PASSED] - Statement - counter = counter + 1: null

2018-12-14 02:27:48 - [TEST_STEP][PASSED] - Statement - PreSaveFile = new java.io.File(((pathPrefix + java.lang.Integer.toString(counter)) + .png)): null

2018-12-14 02:27:48 - [TEST_STEP][PASSED] - Statement - counter = counter + 1: null

2018-12-14 02:27:48 - [TEST_STEP][PASSED] - Statement - PreSaveFile = new java.io.File(((pathPrefix + java.lang.Integer.toString(counter)) + .png)): null

2018-12-14 02:27:48 - [TEST_STEP][PASSED] - Statement - counter = counter + 1: null

2018-12-14 02:27:48 - [TEST_STEP][PASSED] - Statement - PreSaveFile = new java.io.File(((pathPrefix + java.lang.Integer.toString(counter)) + .png)): null

2018-12-14 02:27:48 - [TEST_STEP][PASSED] - Statement - counter = counter + 1: null

2018-12-14 02:27:48 - [TEST_STEP][PASSED] - Statement - PreSaveFile = new java.io.File(((pathPrefix + java.lang.Integer.toString(counter)) + .png)): null

2018-12-14 02:27:48 - [TEST_STEP][PASSED] - Statement - counter = counter + 1: null

2018-12-14 02:27:48 - [TEST_STEP][PASSED] - Statement - PreSaveFile = new java.io.File(((pathPrefix + java.lang.Integer.toString(counter)) + .png)): null

2018-12-14 02:27:48 - [TEST_STEP][PASSED] - Statement - counter = counter + 1: null

2018-12-14 02:27:48 - [TEST_STEP][PASSED] - Statement - PreSaveFile = new java.io.File(((pathPrefix + java.lang.Integer.toString(counter)) + .png)): null

2018-12-14 02:27:48 - [TEST_STEP][PASSED] - Statement - counter = counter + 1: null

2018-12-14 02:27:48 - [TEST_STEP][PASSED] - Statement - PreSaveFile = new java.io.File(((pathPrefix + java.lang.Integer.toString(counter)) + .png)): null

2018-12-14 02:27:48 - [TEST_STEP][PASSED] - Statement - counter = counter + 1: null

2018-12-14 02:27:48 - [TEST_STEP][PASSED] - Statement - PreSaveFile = new java.io.File(((pathPrefix + java.lang.Integer.toString(counter)) + .png)): null

2018-12-14 02:27:48 - [TEST_STEP][PASSED] - Statement - counter = counter + 1: null

2018-12-14 02:27:48 - [TEST_STEP][PASSED] - Statement - PreSaveFile = new java.io.File(((pathPrefix + java.lang.Integer.toString(counter)) + .png)): null

2018-12-14 02:27:48 - [TEST_STEP][PASSED] - Statement - counter = counter + 1: null

2018-12-14 02:27:48 - [TEST_STEP][PASSED] - Statement - PreSaveFile = new java.io.File(((pathPrefix + java.lang.Integer.toString(counter)) + .png)): null

2018-12-14 02:27:48 - [TEST_STEP][PASSED] - Statement - counter = counter + 1: null

2018-12-14 02:27:48 - [TEST_STEP][PASSED] - Statement - PreSaveFile = new java.io.File(((pathPrefix + java.lang.Integer.toString(counter)) + .png)): null

2018-12-14 02:27:48 - [TEST_STEP][PASSED] - Statement - counter = counter + 1: null

2018-12-14 02:27:48 - [TEST_STEP][PASSED] - Statement - PreSaveFile = new java.io.File(((pathPrefix + java.lang.Integer.toString(counter)) + .png)): null

2018-12-14 02:27:48 - [TEST_STEP][PASSED] - Statement - counter = counter + 1: null

2018-12-14 02:27:48 - [TEST_STEP][PASSED] - Statement - PreSaveFile = new java.io.File(((pathPrefix + java.lang.Integer.toString(counter)) + .png)): null

2018-12-14 02:27:48 - [TEST_STEP][PASSED] - Statement - counter = counter + 1: null

2018-12-14 02:27:48 - [TEST_STEP][PASSED] - Statement - PreSaveFile = new java.io.File(((pathPrefix + java.lang.Integer.toString(counter)) + .png)): null

2018-12-14 02:27:48 - [TEST_STEP][PASSED] - Statement - counter = counter + 1: null

2018-12-14 02:27:48 - [TEST_STEP][PASSED] - Statement - PreSaveFile = new java.io.File(((pathPrefix + java.lang.Integer.toString(counter)) + .png)): null

2018-12-14 02:27:48 - [TEST_STEP][PASSED] - Statement - counter = counter + 1: null

2018-12-14 02:27:48 - [TEST_STEP][PASSED] - Statement - PreSaveFile = new java.io.File(((pathPrefix + java.lang.Integer.toString(counter)) + .png)): null

2018-12-14 02:27:48 - [TEST_STEP][PASSED] - Statement - counter = counter + 1: null

2018-12-14 02:27:48 - [TEST_STEP][PASSED] - Statement - PreSaveFile = new java.io.File(((pathPrefix + java.lang.Integer.toString(counter)) + .png)): null

2018-12-14 02:27:48 - [TEST_STEP][PASSED] - Statement - counter = counter + 1: null

2018-12-14 02:27:48 - [TEST_STEP][PASSED] - Statement - PreSaveFile = new java.io.File(((pathPrefix + java.lang.Integer.toString(counter)) + .png)): null

2018-12-14 02:27:48 - [TEST_STEP][PASSED] - Statement - counter = counter + 1: null

2018-12-14 02:27:48 - [TEST_STEP][PASSED] - Statement - PreSaveFile = new java.io.File(((pathPrefix + java.lang.Integer.toString(counter)) + .png)): null

2018-12-14 02:27:48 - [TEST_STEP][PASSED] - Statement - counter = counter + 1: null

2018-12-14 02:27:48 - [TEST_STEP][PASSED] - Statement - PreSaveFile = new java.io.File(((pathPrefix + java.lang.Integer.toString(counter)) + .png)): null

2018-12-14 02:27:48 - [TEST_STEP][PASSED] - Statement - counter = counter + 1: null

2018-12-14 02:27:48 - [TEST_STEP][PASSED] - Statement - PreSaveFile = new java.io.File(((pathPrefix + java.lang.Integer.toString(counter)) + .png)): null

2018-12-14 02:27:48 - [TEST_STEP][PASSED] - Statement - counter = counter + 1: null

2018-12-14 02:27:48 - [TEST_STEP][PASSED] - Statement - PreSaveFile = new java.io.File(((pathPrefix + java.lang.Integer.toString(counter)) + .png)): null

2018-12-14 02:27:48 - [TEST_STEP][PASSED] - Statement - counter = counter + 1: null

2018-12-14 02:27:48 - [TEST_STEP][PASSED] - Statement - PreSaveFile = new java.io.File(((pathPrefix + java.lang.Integer.toString(counter)) + .png)): null

2018-12-14 02:27:48 - [TEST_STEP][PASSED] - Statement - counter = counter + 1: null

2018-12-14 02:27:48 - [TEST_STEP][PASSED] - Statement - PreSaveFile = new java.io.File(((pathPrefix + java.lang.Integer.toString(counter)) + .png)): null

2018-12-14 02:27:48 - [TEST_STEP][PASSED] - Statement - counter = counter + 1: null

2018-12-14 02:27:48 - [TEST_STEP][PASSED] - Statement - PreSaveFile = new java.io.File(((pathPrefix + java.lang.Integer.toString(counter)) + .png)): null

2018-12-14 02:27:48 - [TEST_STEP][PASSED] - Statement - counter = counter + 1: null

2018-12-14 02:27:48 - [TEST_STEP][PASSED] - Statement - PreSaveFile = new java.io.File(((pathPrefix + java.lang.Integer.toString(counter)) + .png)): null

2018-12-14 02:27:48 - [TEST_STEP][PASSED] - Statement - counter = counter + 1: null

2018-12-14 02:27:48 - [TEST_STEP][PASSED] - Statement - PreSaveFile = new java.io.File(((pathPrefix + java.lang.Integer.toString(counter)) + .png)): null

2018-12-14 02:27:48 - [TEST_STEP][PASSED] - Statement - counter = counter + 1: null

2018-12-14 02:27:48 - [TEST_STEP][PASSED] - Statement - PreSaveFile = new java.io.File(((pathPrefix + java.lang.Integer.toString(counter)) + .png)): null

2018-12-14 02:27:48 - [TEST_STEP][PASSED] - Statement - counter = counter + 1: null

2018-12-14 02:27:48 - [TEST_STEP][PASSED] - Statement - PreSaveFile = new java.io.File(((pathPrefix + java.lang.Integer.toString(counter)) + .png)): null

2018-12-14 02:27:48 - [TEST_STEP][PASSED] - Statement - counter = counter + 1: null

2018-12-14 02:27:48 - [TEST_STEP][PASSED] - Statement - PreSaveFile = new java.io.File(((pathPrefix + java.lang.Integer.toString(counter)) + .png)): null

2018-12-14 02:27:48 - [TEST_STEP][PASSED] - Statement - counter = counter + 1: null

2018-12-14 02:27:48 - [TEST_STEP][PASSED] - Statement - PreSaveFile = new java.io.File(((pathPrefix + java.lang.Integer.toString(counter)) + .png)): null

2018-12-14 02:27:48 - [TEST_STEP][PASSED] - Statement - counter = counter + 1: null

2018-12-14 02:27:48 - [TEST_STEP][PASSED] - Statement - PreSaveFile = new java.io.File(((pathPrefix + java.lang.Integer.toString(counter)) + .png)): null

2018-12-14 02:27:48 - [TEST_STEP][PASSED] - Statement - counter = counter + 1: null

2018-12-14 02:27:48 - [TEST_STEP][PASSED] - Statement - PreSaveFile = new java.io.File(((pathPrefix + java.lang.Integer.toString(counter)) + .png)): null

2018-12-14 02:27:48 - [TEST_STEP][PASSED] - Statement - counter = counter + 1: null

2018-12-14 02:27:48 - [TEST_STEP][PASSED] - Statement - PreSaveFile = new java.io.File(((pathPrefix + java.lang.Integer.toString(counter)) + .png)): null

2018-12-14 02:27:48 - [TEST_STEP][PASSED] - Statement - counter = counter + 1: null

2018-12-14 02:27:48 - [TEST_STEP][PASSED] - Statement - PreSaveFile = new java.io.File(((pathPrefix + java.lang.Integer.toString(counter)) + .png)): null

2018-12-14 02:27:48 - [TEST_STEP][PASSED] - Statement - counter = counter + 1: null

2018-12-14 02:27:48 - [TEST_STEP][PASSED] - Statement - PreSaveFile = new java.io.File(((pathPrefix + java.lang.Integer.toString(counter)) + .png)): null

2018-12-14 02:27:48 - [TEST_STEP][PASSED] - Statement - counter = counter + 1: null

2018-12-14 02:27:48 - [TEST_STEP][PASSED] - Statement - PreSaveFile = new java.io.File(((pathPrefix + java.lang.Integer.toString(counter)) + .png)): null

2018-12-14 02:27:48 - [TEST_STEP][PASSED] - Statement - counter = counter + 1: null

2018-12-14 02:27:48 - [TEST_STEP][PASSED] - Statement - PreSaveFile = new java.io.File(((pathPrefix + java.lang.Integer.toString(counter)) + .png)): null

2018-12-14 02:27:48 - [TEST_STEP][PASSED] - Statement - counter = counter + 1: null

2018-12-14 02:27:48 - [TEST_STEP][PASSED] - Statement - PreSaveFile = new java.io.File(((pathPrefix + java.lang.Integer.toString(counter)) + .png)): null

2018-12-14 02:27:48 - [TEST_STEP][PASSED] - Statement - counter = counter + 1: null

2018-12-14 02:27:48 - [TEST_STEP][PASSED] - Statement - PreSaveFile = new java.io.File(((pathPrefix + java.lang.Integer.toString(counter)) + .png)): null

2018-12-14 02:27:48 - [TEST_STEP][PASSED] - Statement - counter = counter + 1: null

2018-12-14 02:27:48 - [TEST_STEP][PASSED] - Statement - PreSaveFile = new java.io.File(((pathPrefix + java.lang.Integer.toString(counter)) + .png)): null

2018-12-14 02:27:48 - [TEST_STEP][PASSED] - Statement - counter = counter + 1: null

2018-12-14 02:27:48 - [TEST_STEP][PASSED] - Statement - PreSaveFile = new java.io.File(((pathPrefix + java.lang.Integer.toString(counter)) + .png)): null

2018-12-14 02:27:48 - [TEST_STEP][PASSED] - Statement - counter = counter + 1: null

2018-12-14 02:27:48 - [TEST_STEP][PASSED] - Statement - PreSaveFile = new java.io.File(((pathPrefix + java.lang.Integer.toString(counter)) + .png)): null

2018-12-14 02:27:48 - [TEST_STEP][PASSED] - Statement - counter = counter + 1: null

2018-12-14 02:27:48 - [TEST_STEP][PASSED] - Statement - PreSaveFile = new java.io.File(((pathPrefix + java.lang.Integer.toString(counter)) + .png)): null

2018-12-14 02:27:48 - [TEST_STEP][PASSED] - Statement - counter = counter + 1: null

2018-12-14 02:27:48 - [TEST_STEP][PASSED] - Statement - PreSaveFile = new java.io.File(((pathPrefix + java.lang.Integer.toString(counter)) + .png)): null

2018-12-14 02:27:48 - [TEST_STEP][PASSED] - Statement - counter = counter + 1: null

2018-12-14 02:27:48 - [TEST_STEP][PASSED] - Statement - PreSaveFile = new java.io.File(((pathPrefix + java.lang.Integer.toString(counter)) + .png)): null

2018-12-14 02:27:48 - [TEST_STEP][PASSED] - Statement - counter = counter + 1: null

2018-12-14 02:27:48 - [TEST_STEP][PASSED] - Statement - PreSaveFile = new java.io.File(((pathPrefix + java.lang.Integer.toString(counter)) + .png)): null

2018-12-14 02:27:48 - [TEST_STEP][PASSED] - Statement - counter = counter + 1: null

2018-12-14 02:27:48 - [TEST_STEP][PASSED] - Statement - PreSaveFile = new java.io.File(((pathPrefix + java.lang.Integer.toString(counter)) + .png)): null

2018-12-14 02:27:48 - [TEST_STEP][PASSED] - Statement - counter = counter + 1: null

2018-12-14 02:27:48 - [TEST_STEP][PASSED] - Statement - PreSaveFile = new java.io.File(((pathPrefix + java.lang.Integer.toString(counter)) + .png)): null

2018-12-14 02:27:48 - [TEST_STEP][PASSED] - Statement - counter = counter + 1: null

2018-12-14 02:27:48 - [TEST_STEP][PASSED] - Statement - PreSaveFile = new java.io.File(((pathPrefix + java.lang.Integer.toString(counter)) + .png)): null

2018-12-14 02:27:48 - [TEST_STEP][PASSED] - Statement - counter = counter + 1: null

2018-12-14 02:27:48 - [TEST_STEP][PASSED] - Statement - PreSaveFile = new java.io.File(((pathPrefix + java.lang.Integer.toString(counter)) + .png)): null

2018-12-14 02:27:48 - [TEST_STEP][PASSED] - Statement - counter = counter + 1: null

2018-12-14 02:27:48 - [TEST_STEP][PASSED] - Statement - PreSaveFile = new java.io.File(((pathPrefix + java.lang.Integer.toString(counter)) + .png)): null

2018-12-14 02:27:48 - [TEST_STEP][PASSED] - Statement - counter = counter + 1: null

2018-12-14 02:27:48 - [TEST_STEP][PASSED] - Statement - PreSaveFile = new java.io.File(((pathPrefix + java.lang.Integer.toString(counter)) + .png)): null

2018-12-14 02:27:48 - [TEST_STEP][PASSED] - Statement - counter = counter + 1: null

2018-12-14 02:27:48 - [TEST_STEP][PASSED] - Statement - PreSaveFile = new java.io.File(((pathPrefix + java.lang.Integer.toString(counter)) + .png)): null

2018-12-14 02:27:48 - [TEST_STEP][PASSED] - Statement - counter = counter + 1: null

2018-12-14 02:27:48 - [TEST_STEP][PASSED] - Statement - PreSaveFile = new java.io.File(((pathPrefix + java.lang.Integer.toString(counter)) + .png)): null

2018-12-14 02:27:48 - [TEST_STEP][PASSED] - Statement - counter = counter + 1: null

2018-12-14 02:27:48 - [TEST_STEP][PASSED] - Statement - PreSaveFile = new java.io.File(((pathPrefix + java.lang.Integer.toString(counter)) + .png)): null

2018-12-14 02:27:48 - [TEST_STEP][PASSED] - Statement - counter = counter + 1: null

2018-12-14 02:27:48 - [TEST_STEP][PASSED] - Statement - PreSaveFile = new java.io.File(((pathPrefix + java.lang.Integer.toString(counter)) + .png)): null

2018-12-14 02:27:48 - [TEST_STEP][PASSED] - Statement - counter = counter + 1: null

2018-12-14 02:27:48 - [TEST_STEP][PASSED] - Statement - PreSaveFile = new java.io.File(((pathPrefix + java.lang.Integer.toString(counter)) + .png)): null

2018-12-14 02:27:48 - [TEST_STEP][PASSED] - Statement - counter = counter + 1: null

2018-12-14 02:27:48 - [TEST_STEP][PASSED] - Statement - PreSaveFile = new java.io.File(((pathPrefix + java.lang.Integer.toString(counter)) + .png)): null

2018-12-14 02:27:48 - [TEST_STEP][PASSED] - Statement - counter = counter + 1: null

2018-12-14 02:27:48 - [TEST_STEP][PASSED] - Statement - PreSaveFile = new java.io.File(((pathPrefix + java.lang.Integer.toString(counter)) + .png)): null

2018-12-14 02:27:48 - [TEST_STEP][PASSED] - Statement - counter = counter + 1: null

2018-12-14 02:27:48 - [TEST_STEP][PASSED] - Statement - PreSaveFile = new java.io.File(((pathPrefix + java.lang.Integer.toString(counter)) + .png)): null

2018-12-14 02:27:48 - [TEST_STEP][PASSED] - Statement - counter = counter + 1: null

2018-12-14 02:27:48 - [TEST_STEP][PASSED] - Statement - PreSaveFile = new java.io.File(((pathPrefix + java.lang.Integer.toString(counter)) + .png)): null

2018-12-14 02:27:48 - [TEST_STEP][PASSED] - Statement - counter = counter + 1: null

2018-12-14 02:27:48 - [TEST_STEP][PASSED] - Statement - PreSaveFile = new java.io.File(((pathPrefix + java.lang.Integer.toString(counter)) + .png)): null

2018-12-14 02:27:48 - [TEST_STEP][PASSED] - Statement - counter = counter + 1: null

2018-12-14 02:27:48 - [TEST_STEP][PASSED] - Statement - PreSaveFile = new java.io.File(((pathPrefix + java.lang.Integer.toString(counter)) + .png)): null

2018-12-14 02:27:48 - [TEST_STEP][PASSED] - Statement - counter = counter + 1: null

2018-12-14 02:27:48 - [TEST_STEP][PASSED] - Statement - PreSaveFile = new java.io.File(((pathPrefix + java.lang.Integer.toString(counter)) + .png)): null

2018-12-14 02:27:48 - [TEST_STEP][PASSED] - Statement - counter = counter + 1: null

2018-12-14 02:27:48 - [TEST_STEP][PASSED] - Statement - PreSaveFile = new java.io.File(((pathPrefix + java.lang.Integer.toString(counter)) + .png)): null

2018-12-14 02:27:48 - [TEST_STEP][PASSED] - Statement - counter = counter + 1: null

2018-12-14 02:27:48 - [TEST_STEP][PASSED] - Statement - PreSaveFile = new java.io.File(((pathPrefix + java.lang.Integer.toString(counter)) + .png)): null

2018-12-14 02:27:48 - [TEST_STEP][PASSED] - Statement - counter = counter + 1: null

2018-12-14 02:27:48 - [TEST_STEP][PASSED] - Statement - PreSaveFile = new java.io.File(((pathPrefix + java.lang.Integer.toString(counter)) + .png)): null

2018-12-14 02:27:48 - [TEST_STEP][PASSED] - Statement - counter = counter + 1: null

2018-12-14 02:27:48 - [TEST_STEP][PASSED] - Statement - PreSaveFile = new java.io.File(((pathPrefix + java.lang.Integer.toString(counter)) + .png)): null

2018-12-14 02:27:48 - [TEST_STEP][PASSED] - Statement - counter = counter + 1: null

2018-12-14 02:27:48 - [TEST_STEP][PASSED] - Statement - PreSaveFile = new java.io.File(((pathPrefix + java.lang.Integer.toString(counter)) + .png)): null

2018-12-14 02:27:48 - [TEST_STEP][PASSED] - Statement - counter = counter + 1: null

2018-12-14 02:27:48 - [TEST_STEP][PASSED] - Statement - PreSaveFile = new java.io.File(((pathPrefix + java.lang.Integer.toString(counter)) + .png)): null

2018-12-14 02:27:48 - [TEST_STEP][PASSED] - Statement - counter = counter + 1: null

2018-12-14 02:27:48 - [TEST_STEP][PASSED] - Statement - PreSaveFile = new java.io.File(((pathPrefix + java.lang.Integer.toString(counter)) + .png)): null

2018-12-14 02:27:48 - [TEST_STEP][PASSED] - Statement - counter = counter + 1: null

2018-12-14 02:27:48 - [TEST_STEP][PASSED] - Statement - PreSaveFile = new java.io.File(((pathPrefix + java.lang.Integer.toString(counter)) + .png)): null

2018-12-14 02:27:48 - [TEST_STEP][PASSED] - Statement - counter = counter + 1: null

2018-12-14 02:27:48 - [TEST_STEP][PASSED] - Statement - PreSaveFile = new java.io.File(((pathPrefix + java.lang.Integer.toString(counter)) + .png)): null

2018-12-14 02:27:48 - [TEST_STEP][PASSED] - Statement - counter = counter + 1: null

2018-12-14 02:27:48 - [TEST_STEP][PASSED] - Statement - PreSaveFile = new java.io.File(((pathPrefix + java.lang.Integer.toString(counter)) + .png)): null

2018-12-14 02:27:48 - [TEST_STEP][PASSED] - Statement - counter = counter + 1: null

2018-12-14 02:27:48 - [TEST_STEP][PASSED] - Statement - PreSaveFile = new java.io.File(((pathPrefix + java.lang.Integer.toString(counter)) + .png)): null

2018-12-14 02:27:48 - [TEST_STEP][PASSED] - Statement - counter = counter + 1: null

2018-12-14 02:27:48 - [TEST_STEP][PASSED] - Statement - PreSaveFile = new java.io.File(((pathPrefix + java.lang.Integer.toString(counter)) + .png)): null

2018-12-14 02:27:48 - [TEST_STEP][PASSED] - Statement - counter = counter + 1: null

2018-12-14 02:27:48 - [TEST_STEP][PASSED] - Statement - PreSaveFile = new java.io.File(((pathPrefix + java.lang.Integer.toString(counter)) + .png)): null

2018-12-14 02:27:48 - [TEST_STEP][PASSED] - Statement - counter = counter + 1: null

2018-12-14 02:27:48 - [TEST_STEP][PASSED] - Statement - PreSaveFile = new java.io.File(((pathPrefix + java.lang.Integer.toString(counter)) + .png)): null

2018-12-14 02:27:48 - [TEST_STEP][PASSED] - Statement - counter = counter + 1: null

2018-12-14 02:27:48 - [TEST_STEP][PASSED] - Statement - PreSaveFile = new java.io.File(((pathPrefix + java.lang.Integer.toString(counter)) + .png)): null

2018-12-14 02:27:48 - [TEST_STEP][PASSED] - Statement - counter = counter + 1: null

2018-12-14 02:27:48 - [TEST_STEP][PASSED] - Statement - PreSaveFile = new java.io.File(((pathPrefix + java.lang.Integer.toString(counter)) + .png)): null

2018-12-14 02:27:48 - [TEST_STEP][PASSED] - Statement - counter = counter + 1: null

2018-12-14 02:27:48 - [TEST_STEP][PASSED] - Statement - PreSaveFile = new java.io.File(((pathPrefix + java.lang.Integer.toString(counter)) + .png)): null

2018-12-14 02:27:48 - [TEST_STEP][PASSED] - Statement - counter = counter + 1: null

2018-12-14 02:27:48 - [TEST_STEP][PASSED] - Statement - PreSaveFile = new java.io.File(((pathPrefix + java.lang.Integer.toString(counter)) + .png)): null

2018-12-14 02:27:48 - [TEST_STEP][PASSED] - Statement - counter = counter + 1: null

2018-12-14 02:27:48 - [TEST_STEP][PASSED] - Statement - PreSaveFile = new java.io.File(((pathPrefix + java.lang.Integer.toString(counter)) + .png)): null

2018-12-14 02:27:48 - [TEST_STEP][PASSED] - Statement - counter = counter + 1: null

2018-12-14 02:27:48 - [TEST_STEP][PASSED] - Statement - PreSaveFile = new java.io.File(((pathPrefix + java.lang.Integer.toString(counter)) + .png)): null

2018-12-14 02:27:48 - [TEST_STEP][PASSED] - Statement - counter = counter + 1: null

2018-12-14 02:27:48 - [TEST_STEP][PASSED] - Statement - PreSaveFile = new java.io.File(((pathPrefix + java.lang.Integer.toString(counter)) + .png)): null

2018-12-14 02:27:48 - [TEST_STEP][PASSED] - Statement - counter = counter + 1: null

2018-12-14 02:27:48 - [TEST_STEP][PASSED] - Statement - PreSaveFile = new java.io.File(((pathPrefix + java.lang.Integer.toString(counter)) + .png)): null

2018-12-14 02:27:48 - [TEST_STEP][PASSED] - Statement - counter = counter + 1: null

2018-12-14 02:27:48 - [TEST_STEP][PASSED] - Statement - PreSaveFile = new java.io.File(((pathPrefix + java.lang.Integer.toString(counter)) + .png)): null

2018-12-14 02:27:48 - [TEST_STEP][PASSED] - Statement - counter = counter + 1: null

2018-12-14 02:27:48 - [TEST_STEP][PASSED] - Statement - PreSaveFile = new java.io.File(((pathPrefix + java.lang.Integer.toString(counter)) + .png)): null

2018-12-14 02:27:48 - [TEST_STEP][PASSED] - Statement - counter = counter + 1: null

2018-12-14 02:27:48 - [TEST_STEP][PASSED] - Statement - PreSaveFile = new java.io.File(((pathPrefix + java.lang.Integer.toString(counter)) + .png)): null

2018-12-14 02:27:48 - [TEST_STEP][PASSED] - Statement - counter = counter + 1: null

2018-12-14 02:27:48 - [TEST_STEP][PASSED] - Statement - PreSaveFile = new java.io.File(((pathPrefix + java.lang.Integer.toString(counter)) + .png)): null

2018-12-14 02:27:48 - [TEST_STEP][PASSED] - Statement - counter = counter + 1: null

2018-12-14 02:27:48 - [TEST_STEP][PASSED] - Statement - PreSaveFile = new java.io.File(((pathPrefix + java.lang.Integer.toString(counter)) + .png)): null

2018-12-14 02:27:48 - [TEST_STEP][PASSED] - Statement - counter = counter + 1: null

2018-12-14 02:27:48 - [TEST_STEP][PASSED] - Statement - PreSaveFile = new java.io.File(((pathPrefix + java.lang.Integer.toString(counter)) + .png)): null

2018-12-14 02:27:48 - [TEST_STEP][PASSED] - Statement - counter = counter + 1: null

2018-12-14 02:27:48 - [TEST_STEP][PASSED] - Statement - PreSaveFile = new java.io.File(((pathPrefix + java.lang.Integer.toString(counter)) + .png)): null

2018-12-14 02:27:48 - [TEST_STEP][PASSED] - Statement - counter = counter + 1: null

2018-12-14 02:27:48 - [TEST_STEP][PASSED] - Statement - PreSaveFile = new java.io.File(((pathPrefix + java.lang.Integer.toString(counter)) + .png)): null

2018-12-14 02:27:48 - [TEST_STEP][PASSED] - Statement - counter = counter + 1: null

2018-12-14 02:27:48 - [TEST_STEP][PASSED] - Statement - PreSaveFile = new java.io.File(((pathPrefix + java.lang.Integer.toString(counter)) + .png)): null

2018-12-14 02:27:48 - [TEST_STEP][PASSED] - Statement - counter = counter + 1: null

2018-12-14 02:27:48 - [TEST_STEP][PASSED] - Statement - PreSaveFile = new java.io.File(((pathPrefix + java.lang.Integer.toString(counter)) + .png)): null

2018-12-14 02:27:48 - [TEST_STEP][PASSED] - Statement - counter = counter + 1: null

2018-12-14 02:27:48 - [TEST_STEP][PASSED] - Statement - PreSaveFile = new java.io.File(((pathPrefix + java.lang.Integer.toString(counter)) + .png)): null

2018-12-14 02:27:48 - [TEST_STEP][PASSED] - Statement - counter = counter + 1: null

2018-12-14 02:27:48 - [TEST_STEP][PASSED] - Statement - PreSaveFile = new java.io.File(((pathPrefix + java.lang.Integer.toString(counter)) + .png)): null

2018-12-14 02:27:48 - [TEST_STEP][PASSED] - Statement - counter = counter + 1: null

2018-12-14 02:27:48 - [TEST_STEP][PASSED] - Statement - PreSaveFile = new java.io.File(((pathPrefix + java.lang.Integer.toString(counter)) + .png)): null

2018-12-14 02:27:48 - [TEST_STEP][PASSED] - Statement - counter = counter + 1: null

2018-12-14 02:27:48 - [TEST_STEP][PASSED] - Statement - PreSaveFile = new java.io.File(((pathPrefix + java.lang.Integer.toString(counter)) + .png)): null

2018-12-14 02:27:48 - [TEST_STEP][PASSED] - Statement - counter = counter + 1: null

2018-12-14 02:27:48 - [TEST_STEP][PASSED] - Statement - PreSaveFile = new java.io.File(((pathPrefix + java.lang.Integer.toString(counter)) + .png)): null

2018-12-14 02:27:48 - [TEST_STEP][PASSED] - Statement - counter = counter + 1: null

2018-12-14 02:27:48 - [TEST_STEP][PASSED] - Statement - PreSaveFile = new java.io.File(((pathPrefix + java.lang.Integer.toString(counter)) + .png)): null

2018-12-14 02:27:48 - [TEST_STEP][PASSED] - Statement - counter = counter + 1: null

2018-12-14 02:27:48 - [TEST_STEP][PASSED] - Statement - PreSaveFile = new java.io.File(((pathPrefix + java.lang.Integer.toString(counter)) + .png)): null

2018-12-14 02:27:48 - [TEST_STEP][PASSED] - Statement - counter = counter + 1: null

2018-12-14 02:27:48 - [TEST_STEP][PASSED] - Statement - PreSaveFile = new java.io.File(((pathPrefix + java.lang.Integer.toString(counter)) + .png)): null

2018-12-14 02:27:48 - [TEST_STEP][PASSED] - Statement - counter = counter + 1: null

2018-12-14 02:27:48 - [TEST_STEP][PASSED] - Statement - PreSaveFile = new java.io.File(((pathPrefix + java.lang.Integer.toString(counter)) + .png)): null

2018-12-14 02:27:48 - [TEST_STEP][PASSED] - Statement - counter = counter + 1: null

2018-12-14 02:27:48 - [TEST_STEP][PASSED] - Statement - PreSaveFile = new java.io.File(((pathPrefix + java.lang.Integer.toString(counter)) + .png)): null

2018-12-14 02:27:48 - [TEST_STEP][PASSED] - Statement - counter = counter + 1: null

2018-12-14 02:27:48 - [TEST_STEP][PASSED] - Statement - PreSaveFile = new java.io.File(((pathPrefix + java.lang.Integer.toString(counter)) + .png)): null

2018-12-14 02:27:48 - [TEST_STEP][PASSED] - Statement - counter = counter + 1: null

2018-12-14 02:27:48 - [TEST_STEP][PASSED] - Statement - PreSaveFile = new java.io.File(((pathPrefix + java.lang.Integer.toString(counter)) + .png)): null

2018-12-14 02:27:48 - [TEST_STEP][PASSED] - Statement - counter = counter + 1: null

2018-12-14 02:27:48 - [TEST_STEP][PASSED] - Statement - PreSaveFile = new java.io.File(((pathPrefix + java.lang.Integer.toString(counter)) + .png)): null

2018-12-14 02:27:48 - [TEST_STEP][PASSED] - Statement - counter = counter + 1: null

2018-12-14 02:27:48 - [TEST_STEP][PASSED] - Statement - PreSaveFile = new java.io.File(((pathPrefix + java.lang.Integer.toString(counter)) + .png)): null

2018-12-14 02:27:48 - [TEST_STEP][PASSED] - Statement - counter = counter + 1: null

2018-12-14 02:27:48 - [TEST_STEP][PASSED] - Statement - PreSaveFile = new java.io.File(((pathPrefix + java.lang.Integer.toString(counter)) + .png)): null

2018-12-14 02:27:48 - [TEST_STEP][PASSED] - Statement - counter = counter + 1: null

2018-12-14 02:27:48 - [TEST_STEP][PASSED] - Statement - PreSaveFile = new java.io.File(((pathPrefix + java.lang.Integer.toString(counter)) + .png)): null

2018-12-14 02:27:48 - [TEST_STEP][PASSED] - Statement - counter = counter + 1: null

2018-12-14 02:27:48 - [TEST_STEP][PASSED] - Statement - PreSaveFile = new java.io.File(((pathPrefix + java.lang.Integer.toString(counter)) + .png)): null

2018-12-14 02:27:48 - [TEST_STEP][PASSED] - Statement - counter = counter + 1: null

2018-12-14 02:27:48 - [TEST_STEP][PASSED] - Statement - PreSaveFile = new java.io.File(((pathPrefix + java.lang.Integer.toString(counter)) + .png)): null

2018-12-14 02:27:48 - [TEST_STEP][PASSED] - Statement - counter = counter + 1: null

2018-12-14 02:27:48 - [TEST_STEP][PASSED] - Statement - PreSaveFile = new java.io.File(((pathPrefix + java.lang.Integer.toString(counter)) + .png)): null

2018-12-14 02:27:48 - [TEST_STEP][PASSED] - Statement - counter = counter + 1: null

2018-12-14 02:27:48 - [TEST_STEP][PASSED] - Statement - PreSaveFile = new java.io.File(((pathPrefix + java.lang.Integer.toString(counter)) + .png)): null

2018-12-14 02:27:48 - [TEST_STEP][PASSED] - Statement - counter = counter + 1: null

2018-12-14 02:27:48 - [TEST_STEP][PASSED] - Statement - PreSaveFile = new java.io.File(((pathPrefix + java.lang.Integer.toString(counter)) + .png)): null

2018-12-14 02:27:48 - [TEST_STEP][PASSED] - Statement - counter = counter + 1: null

2018-12-14 02:27:48 - [TEST_STEP][PASSED] - Statement - PreSaveFile = new java.io.File(((pathPrefix + java.lang.Integer.toString(counter)) + .png)): null

2018-12-14 02:27:48 - [TEST_STEP][PASSED] - Statement - counter = counter + 1: null

2018-12-14 02:27:48 - [TEST_STEP][PASSED] - Statement - PreSaveFile = new java.io.File(((pathPrefix + java.lang.Integer.toString(counter)) + .png)): null

2018-12-14 02:27:48 - [TEST_STEP][PASSED] - Statement - counter = counter + 1: null

2018-12-14 02:27:48 - [TEST_STEP][PASSED] - Statement - PreSaveFile = new java.io.File(((pathPrefix + java.lang.Integer.toString(counter)) + .png)): null

2018-12-14 02:27:48 - [TEST_STEP][PASSED] - Statement - counter = counter + 1: null

2018-12-14 02:27:48 - [TEST_STEP][PASSED] - Statement - PreSaveFile = new java.io.File(((pathPrefix + java.lang.Integer.toString(counter)) + .png)): null

2018-12-14 02:27:48 - [TEST_STEP][PASSED] - Statement - counter = counter + 1: null

2018-12-14 02:27:48 - [TEST_STEP][PASSED] - Statement - PreSaveFile = new java.io.File(((pathPrefix + java.lang.Integer.toString(counter)) + .png)): null

2018-12-14 02:27:48 - [TEST_STEP][PASSED] - Statement - counter = counter + 1: null

2018-12-14 02:27:48 - [TEST_STEP][PASSED] - Statement - PreSaveFile = new java.io.File(((pathPrefix + java.lang.Integer.toString(counter)) + .png)): null

2018-12-14 02:27:48 - [TEST_STEP][PASSED] - Statement - counter = counter + 1: null

2018-12-14 02:27:48 - [TEST_STEP][PASSED] - Statement - PreSaveFile = new java.io.File(((pathPrefix + java.lang.Integer.toString(counter)) + .png)): null

2018-12-14 02:27:48 - [TEST_STEP][PASSED] - Statement - counter = counter + 1: null

2018-12-14 02:27:48 - [TEST_STEP][PASSED] - Statement - PreSaveFile = new java.io.File(((pathPrefix + java.lang.Integer.toString(counter)) + .png)): null

2018-12-14 02:27:48 - [TEST_STEP][PASSED] - Statement - counter = counter + 1: null

2018-12-14 02:27:48 - [TEST_STEP][PASSED] - Statement - PreSaveFile = new java.io.File(((pathPrefix + java.lang.Integer.toString(counter)) + .png)): null

2018-12-14 02:27:48 - [TEST_STEP][PASSED] - Statement - counter = counter + 1: null

2018-12-14 02:27:48 - [TEST_STEP][PASSED] - Statement - PreSaveFile = new java.io.File(((pathPrefix + java.lang.Integer.toString(counter)) + .png)): null

2018-12-14 02:27:48 - [TEST_STEP][PASSED] - Statement - counter = counter + 1: null

2018-12-14 02:27:48 - [TEST_STEP][PASSED] - Statement - PreSaveFile = new java.io.File(((pathPrefix + java.lang.Integer.toString(counter)) + .png)): null

2018-12-14 02:27:48 - [TEST_STEP][PASSED] - Statement - counter = counter + 1: null

2018-12-14 02:27:48 - [TEST_STEP][PASSED] - Statement - PreSaveFile = new java.io.File(((pathPrefix + java.lang.Integer.toString(counter)) + .png)): null

2018-12-14 02:27:48 - [TEST_STEP][PASSED] - Statement - counter = counter + 1: null

2018-12-14 02:27:48 - [TEST_STEP][PASSED] - Statement - PreSaveFile = new java.io.File(((pathPrefix + java.lang.Integer.toString(counter)) + .png)): null

2018-12-14 02:27:48 - [TEST_STEP][PASSED] - Statement - counter = counter + 1: null

2018-12-14 02:27:48 - [TEST_STEP][PASSED] - Statement - PreSaveFile = new java.io.File(((pathPrefix + java.lang.Integer.toString(counter)) + .png)): null

2018-12-14 02:27:48 - [TEST_STEP][PASSED] - Statement - counter = counter + 1: null

2018-12-14 02:27:48 - [TEST_STEP][PASSED] - Statement - PreSaveFile = new java.io.File(((pathPrefix + java.lang.Integer.toString(counter)) + .png)): null

2018-12-14 02:27:48 - [TEST_STEP][PASSED] - Statement - counter = counter + 1: null

2018-12-14 02:27:48 - [TEST_STEP][PASSED] - Statement - PreSaveFile = new java.io.File(((pathPrefix + java.lang.Integer.toString(counter)) + .png)): null

2018-12-14 02:27:48 - [TEST_STEP][PASSED] - Statement - counter = counter + 1: null

2018-12-14 02:27:48 - [TEST_STEP][PASSED] - Statement - PreSaveFile = new java.io.File(((pathPrefix + java.lang.Integer.toString(counter)) + .png)): null

2018-12-14 02:27:48 - [TEST_STEP][PASSED] - Statement - counter = counter + 1: null

2018-12-14 02:27:48 - [TEST_STEP][PASSED] - Statement - PreSaveFile = new java.io.File(((pathPrefix + java.lang.Integer.toString(counter)) + .png)): null

2018-12-14 02:27:48 - [TEST_STEP][PASSED] - Statement - counter = counter + 1: null

2018-12-14 02:27:48 - [TEST_STEP][PASSED] - Statement - PreSaveFile = new java.io.File(((pathPrefix + java.lang.Integer.toString(counter)) + .png)): null

2018-12-14 02:27:48 - [TEST_STEP][PASSED] - Statement - counter = counter + 1: null

2018-12-14 02:27:48 - [TEST_STEP][PASSED] - Statement - PreSaveFile = new java.io.File(((pathPrefix + java.lang.Integer.toString(counter)) + .png)): null

2018-12-14 02:27:48 - [TEST_STEP][PASSED] - Statement - counter = counter + 1: null

2018-12-14 02:27:48 - [TEST_STEP][PASSED] - Statement - PreSaveFile = new java.io.File(((pathPrefix + java.lang.Integer.toString(counter)) + .png)): null

2018-12-14 02:27:48 - [TEST_STEP][PASSED] - Statement - counter = counter + 1: null

2018-12-14 02:27:48 - [TEST_STEP][PASSED] - Statement - PreSaveFile = new java.io.File(((pathPrefix + java.lang.Integer.toString(counter)) + .png)): null

2018-12-14 02:27:48 - [TEST_STEP][PASSED] - Statement - counter = counter + 1: null

2018-12-14 02:27:48 - [TEST_STEP][PASSED] - Statement - PreSaveFile = new java.io.File(((pathPrefix + java.lang.Integer.toString(counter)) + .png)): null

2018-12-14 02:27:48 - [TEST_STEP][PASSED] - Statement - counter = counter + 1: null

2018-12-14 02:27:48 - [TEST_STEP][PASSED] - Statement - PreSaveFile = new java.io.File(((pathPrefix + java.lang.Integer.toString(counter)) + .png)): null

2018-12-14 02:27:48 - [TEST_STEP][PASSED] - Statement - counter = counter + 1: null

2018-12-14 02:27:48 - [TEST_STEP][PASSED] - Statement - PreSaveFile = new java.io.File(((pathPrefix + java.lang.Integer.toString(counter)) + .png)): null

2018-12-14 02:27:48 - [TEST_STEP][PASSED] - Statement - counter = counter + 1: null

2018-12-14 02:27:48 - [TEST_STEP][PASSED] - Statement - PreSaveFile = new java.io.File(((pathPrefix + java.lang.Integer.toString(counter)) + .png)): null

2018-12-14 02:27:48 - [TEST_STEP][PASSED] - Statement - counter = counter + 1: null

2018-12-14 02:27:48 - [TEST_STEP][PASSED] - Statement - PreSaveFile = new java.io.File(((pathPrefix + java.lang.Integer.toString(counter)) + .png)): null

2018-12-14 02:27:48 - [TEST_STEP][PASSED] - Statement - counter = counter + 1: null

2018-12-14 02:27:48 - [TEST_STEP][PASSED] - Statement - PreSaveFile = new java.io.File(((pathPrefix + java.lang.Integer.toString(counter)) + .png)): null

2018-12-14 02:27:48 - [TEST_STEP][PASSED] - Statement - counter = counter + 1: null

2018-12-14 02:27:48 - [TEST_STEP][PASSED] - Statement - PreSaveFile = new java.io.File(((pathPrefix + java.lang.Integer.toString(counter)) + .png)): null

2018-12-14 02:27:48 - [TEST_STEP][PASSED] - Statement - counter = counter + 1: null

2018-12-14 02:27:48 - [TEST_STEP][PASSED] - Statement - PreSaveFile = new java.io.File(((pathPrefix + java.lang.Integer.toString(counter)) + .png)): null

2018-12-14 02:27:48 - [TEST_STEP][PASSED] - Statement - counter = counter + 1: null

2018-12-14 02:27:48 - [TEST_STEP][PASSED] - Statement - PreSaveFile = new java.io.File(((pathPrefix + java.lang.Integer.toString(counter)) + .png)): null

2018-12-14 02:27:48 - [TEST_STEP][PASSED] - Statement - counter = counter + 1: null

2018-12-14 02:27:48 - [TEST_STEP][PASSED] - Statement - PreSaveFile = new java.io.File(((pathPrefix + java.lang.Integer.toString(counter)) + .png)): null

2018-12-14 02:27:48 - [TEST_STEP][PASSED] - Statement - counter = counter + 1: null

2018-12-14 02:27:48 - [TEST_STEP][PASSED] - Statement - PreSaveFile = new java.io.File(((pathPrefix + java.lang.Integer.toString(counter)) + .png)): null

2018-12-14 02:27:48 - [TEST_STEP][PASSED] - Statement - counter = counter + 1: null

2018-12-14 02:27:48 - [TEST_STEP][PASSED] - Statement - PreSaveFile = new java.io.File(((pathPrefix + java.lang.Integer.toString(counter)) + .png)): null

2018-12-14 02:27:48 - [TEST_STEP][PASSED] - Statement - counter = counter + 1: null

2018-12-14 02:27:48 - [TEST_STEP][PASSED] - Statement - PreSaveFile = new java.io.File(((pathPrefix + java.lang.Integer.toString(counter)) + .png)): null

2018-12-14 02:27:48 - [TEST_STEP][PASSED] - Statement - counter = counter + 1: null

2018-12-14 02:27:48 - [TEST_STEP][PASSED] - Statement - PreSaveFile = new java.io.File(((pathPrefix + java.lang.Integer.toString(counter)) + .png)): null

2018-12-14 02:27:48 - [TEST_STEP][PASSED] - Statement - counter = counter + 1: null

2018-12-14 02:27:48 - [TEST_STEP][PASSED] - Statement - PreSaveFile = new java.io.File(((pathPrefix + java.lang.Integer.toString(counter)) + .png)): null

2018-12-14 02:27:48 - [TEST_STEP][PASSED] - Statement - counter = counter + 1: null

2018-12-14 02:27:48 - [TEST_STEP][PASSED] - Statement - PreSaveFile = new java.io.File(((pathPrefix + java.lang.Integer.toString(counter)) + .png)): null

2018-12-14 02:27:48 - [TEST_STEP][PASSED] - Statement - counter = counter + 1: null

2018-12-14 02:27:48 - [TEST_STEP][PASSED] - Statement - PreSaveFile = new java.io.File(((pathPrefix + java.lang.Integer.toString(counter)) + .png)): null

2018-12-14 02:27:48 - [TEST_STEP][PASSED] - Statement - counter = counter + 1: null

2018-12-14 02:27:48 - [TEST_STEP][PASSED] - Statement - PreSaveFile = new java.io.File(((pathPrefix + java.lang.Integer.toString(counter)) + .png)): null

2018-12-14 02:27:48 - [TEST_STEP][PASSED] - Statement - counter = counter + 1: null

2018-12-14 02:27:48 - [TEST_STEP][PASSED] - Statement - PreSaveFile = new java.io.File(((pathPrefix + java.lang.Integer.toString(counter)) + .png)): null

2018-12-14 02:27:48 - [TEST_STEP][PASSED] - Statement - counter = counter + 1: null

2018-12-14 02:27:48 - [TEST_STEP][PASSED] - Statement - PreSaveFile = new java.io.File(((pathPrefix + java.lang.Integer.toString(counter)) + .png)): null

2018-12-14 02:27:48 - [TEST_STEP][PASSED] - Statement - counter = counter + 1: null

2018-12-14 02:27:48 - [TEST_STEP][PASSED] - Statement - PreSaveFile = new java.io.File(((pathPrefix + java.lang.Integer.toString(counter)) + .png)): null

2018-12-14 02:27:48 - [TEST_STEP][PASSED] - Statement - counter = counter + 1: null

2018-12-14 02:27:48 - [TEST_STEP][PASSED] - Statement - PreSaveFile = new java.io.File(((pathPrefix + java.lang.Integer.toString(counter)) + .png)): null

2018-12-14 02:27:48 - [TEST_STEP][PASSED] - Statement - counter = counter + 1: null

2018-12-14 02:27:48 - [TEST_STEP][PASSED] - Statement - PreSaveFile = new java.io.File(((pathPrefix + java.lang.Integer.toString(counter)) + .png)): null

2018-12-14 02:27:48 - [TEST_STEP][PASSED] - Statement - counter = counter + 1: null

2018-12-14 02:27:48 - [TEST_STEP][PASSED] - Statement - PreSaveFile = new java.io.File(((pathPrefix + java.lang.Integer.toString(counter)) + .png)): null

2018-12-14 02:27:48 - [TEST_STEP][PASSED] - Statement - counter = counter + 1: null

2018-12-14 02:27:48 - [TEST_STEP][PASSED] - Statement - PreSaveFile = new java.io.File(((pathPrefix + java.lang.Integer.toString(counter)) + .png)): null

2018-12-14 02:27:48 - [TEST_STEP][PASSED] - Statement - counter = counter + 1: null

2018-12-14 02:27:48 - [TEST_STEP][PASSED] - Statement - PreSaveFile = new java.io.File(((pathPrefix + java.lang.Integer.toString(counter)) + .png)): null

2018-12-14 02:27:48 - [TEST_STEP][PASSED] - Statement - counter = counter + 1: null

2018-12-14 02:27:48 - [TEST_STEP][PASSED] - Statement - PreSaveFile = new java.io.File(((pathPrefix + java.lang.Integer.toString(counter)) + .png)): null

2018-12-14 02:27:48 - [TEST_STEP][PASSED] - Statement - counter = counter + 1: null

2018-12-14 02:27:48 - [TEST_STEP][PASSED] - Statement - PreSaveFile = new java.io.File(((pathPrefix + java.lang.Integer.toString(counter)) + .png)): null

2018-12-14 02:27:48 - [TEST_STEP][PASSED] - Statement - counter = counter + 1: null

2018-12-14 02:27:48 - [TEST_STEP][PASSED] - Statement - PreSaveFile = new java.io.File(((pathPrefix + java.lang.Integer.toString(counter)) + .png)): null

2018-12-14 02:27:48 - [TEST_STEP][PASSED] - Statement - counter = counter + 1: null

2018-12-14 02:27:48 - [TEST_STEP][PASSED] - Statement - PreSaveFile = new java.io.File(((pathPrefix + java.lang.Integer.toString(counter)) + .png)): null

2018-12-14 02:27:48 - [TEST_STEP][PASSED] - Statement - counter = counter + 1: null

2018-12-14 02:27:48 - [TEST_STEP][PASSED] - Statement - PreSaveFile = new java.io.File(((pathPrefix + java.lang.Integer.toString(counter)) + .png)): null

2018-12-14 02:27:48 - [TEST_STEP][PASSED] - Statement - counter = counter + 1: null

2018-12-14 02:27:48 - [TEST_STEP][PASSED] - Statement - PreSaveFile = new java.io.File(((pathPrefix + java.lang.Integer.toString(counter)) + .png)): null

2018-12-14 02:27:48 - [TEST_STEP][PASSED] - Statement - counter = counter + 1: null

2018-12-14 02:27:48 - [TEST_STEP][PASSED] - Statement - PreSaveFile = new java.io.File(((pathPrefix + java.lang.Integer.toString(counter)) + .png)): null

2018-12-14 02:27:48 - [TEST_STEP][PASSED] - Statement - counter = counter + 1: null

2018-12-14 02:27:48 - [TEST_STEP][PASSED] - Statement - PreSaveFile = new java.io.File(((pathPrefix + java.lang.Integer.toString(counter)) + .png)): null

2018-12-14 02:27:48 - [TEST_STEP][PASSED] - Statement - counter = counter + 1: null

2018-12-14 02:27:48 - [TEST_STEP][PASSED] - Statement - PreSaveFile = new java.io.File(((pathPrefix + java.lang.Integer.toString(counter)) + .png)): null

2018-12-14 02:27:48 - [TEST_STEP][PASSED] - Statement - counter = counter + 1: null

2018-12-14 02:27:48 - [TEST_STEP][PASSED] - Statement - PreSaveFile = new java.io.File(((pathPrefix + java.lang.Integer.toString(counter)) + .png)): null

2018-12-14 02:27:48 - [TEST_STEP][PASSED] - Statement - counter = counter + 1: null

2018-12-14 02:27:48 - [TEST_STEP][PASSED] - Statement - PreSaveFile = new java.io.File(((pathPrefix + java.lang.Integer.toString(counter)) + .png)): null

2018-12-14 02:27:48 - [TEST_STEP][PASSED] - Statement - counter = counter + 1: null

2018-12-14 02:27:48 - [TEST_STEP][PASSED] - Statement - PreSaveFile = new java.io.File(((pathPrefix + java.lang.Integer.toString(counter)) + .png)): null

2018-12-14 02:27:48 - [TEST_STEP][PASSED] - Statement - counter = counter + 1: null

2018-12-14 02:27:48 - [TEST_STEP][PASSED] - Statement - PreSaveFile = new java.io.File(((pathPrefix + java.lang.Integer.toString(counter)) + .png)): null

2018-12-14 02:27:48 - [TEST_STEP][PASSED] - Statement - finalPath = pathPrefix + java.lang.Integer.toString(counter) + ".png": null

2018-12-14 02:27:48 - [TEST_STEP][PASSED] - Statement - SaveFile = new java.io.File(finalPath): null

2018-12-14 02:27:48 - [TEST_STEP][PASSED] - Statement - Try: null

2018-12-14 02:27:48 - [TEST_STEP][PASSED] - Statement - org.apache.commons.io.FileUtils.copyFile(scrFile, SaveFile): null

2018-12-14 02:27:48 - [TEST_STEP][PASSED] - Statement - out.println("file kept"): null

2018-12-14 02:27:48 - [TEST_STEP][PASSED] - delay: Delayed 10 second(s)

2018-12-14 02:27:58 - [MESSAGE][PASSED] - Delayed 10 second(s)

2018-12-14 02:27:58 - [MESSAGE][PASSED] - Call Test Case 'Test Cases/Final Aug 2018 - PKS Automation/Common/Screenshoting tool' successfully

2018-12-14 02:27:58 - [TEST_STEP][PASSED] - callTestCase: Call Test Case 'Test Cases/Final Aug 2018 - PKS Automation/Registration Module/Log Out/log out avoiding katalon tagging' successfully

2018-12-14 02:27:59 - [TEST_CASE][PASSED] - Test Cases/Final Aug 2018 - PKS Automation/Registration Module/Log Out/log out avoiding katalon tagging: Test Cases/Final Aug 2018 - PKS Automation/Registration Module/Log Out/log out avoiding katalon tagging

2018-12-14 02:27:59 - [TEST_STEP][PASSED] - navigateToUrl: Navigate to 'https://assist2-uat.perkeso.gov.my/c/portal/logout' successfully

2018-12-14 02:27:59 - [MESSAGE][PASSED] - Navigate to 'https://assist2-uat.perkeso.gov.my/c/portal/logout' successfully

2018-12-14 02:27:59 - [MESSAGE][PASSED] - Call Test Case 'Test Cases/Final Aug 2018 - PKS Automation/Registration Module/Log Out/log out avoiding katalon tagging' successfully

2018-12-14 02:27:59 - [TEST_STEP][PASSED] - delay: Delayed 4 second(s)

2018-12-14 02:28:03 - [MESSAGE][PASSED] - Delayed 4 second(s)

2018-12-14 02:28:03 - [TEST_STEP][PASSED] - setText: Text 'klpkrbo2@gmail.com' is set on object 'Object Repository/Final Object Repo/Login Page/Internal User/Email Address'

2018-12-14 02:28:04 - [MESSAGE][PASSED] - Text 'klpkrbo2@gmail.com' is set on object 'Object Repository/Final Object Repo/Login Page/Internal User/Email Address'

2018-12-14 02:28:04 - [TEST_STEP][PASSED] - click: Object: 'Object Repository/Final Object Repo/Login Page/Internal User/Next Button' is clicked on

2018-12-14 02:28:04 - [MESSAGE][PASSED] - Object: 'Object Repository/Final Object Repo/Login Page/Internal User/Next Button' is clicked on

2018-12-14 02:28:04 - [TEST_STEP][PASSED] - delay: Delayed 2 second(s)

2018-12-14 02:28:06 - [MESSAGE][PASSED] - Delayed 2 second(s)

2018-12-14 02:28:06 - [TEST_STEP][PASSED] - setText: Text 'Test1@3456789' is set on object 'Object Repository/Final Object Repo/Login Page/Internal User/Password'

2018-12-14 02:28:06 - [MESSAGE][PASSED] - Text 'Test1@3456789' is set on object 'Object Repository/Final Object Repo/Login Page/Internal User/Password'

2018-12-14 02:28:06 - [TEST_STEP][PASSED] - delay: Delayed 2 second(s)

2018-12-14 02:28:08 - [MESSAGE][PASSED] - Delayed 2 second(s)

2018-12-14 02:28:08 - [TEST_STEP][PASSED] - click: Object: 'Object Repository/Final Object Repo/Login Page/Internal User/Login Button' is clicked on

2018-12-14 02:28:08 - [MESSAGE][PASSED] - Object: 'Object Repository/Final Object Repo/Login Page/Internal User/Login Button' is clicked on

2018-12-14 02:28:08 - [TEST_STEP][PASSED] - delay: Delayed 4 second(s)

2018-12-14 02:28:12 - [MESSAGE][PASSED] - Delayed 4 second(s)

2018-12-14 02:28:12 - [TEST_STEP][PASSED] - Statement - Try: Delayed 2 second(s)

2018-12-14 02:28:12 - [TEST_STEP][PASSED] - Statement - Checker = false: null

2018-12-14 02:28:12 - [TEST_STEP][PASSED] - Statement - Checker = com.kms.katalon.core.webui.keyword.WebUiBuiltInKeywords.verifyElementHasAttribute(com.kms.katalon.core.testobject.ObjectRepository.findTestObject(Final Object Repo/Landing Page/BM Detecting), "href", 20, OPTIONAL): Object 'Object Repository/Final Object Repo/Landing Page/BM Detecting' has attribute 'href'

2018-12-14 02:28:12 - [MESSAGE][PASSED] - Object 'Object Repository/Final Object Repo/Landing Page/BM Detecting' has attribute 'href'

2018-12-14 02:28:12 - [TEST_STEP][PASSED] - Statement - out.println(Checker): null

2018-12-14 02:28:12 - [TEST_STEP][PASSED] - Statement - If (Checker == false): null

2018-12-14 02:28:12 - [TEST_STEP][PASSED] - Statement - Else: null

2018-12-14 02:28:12 - [TEST_STEP][PASSED] - delay: Delayed 2 second(s)

2018-12-14 02:28:14 - [MESSAGE][PASSED] - Delayed 2 second(s)

2018-12-14 02:28:14 - [TEST_STEP][PASSED] - delay: Delayed 4 second(s)

2018-12-14 02:28:18 - [MESSAGE][PASSED] - Delayed 4 second(s)

2018-12-14 02:28:18 - [TEST_STEP][PASSED] - click: Object: 'Object Repository/Final Object Repo/Landing Page/My Sites Drop Down' is clicked on

2018-12-14 02:28:19 - [MESSAGE][PASSED] - Object: 'Object Repository/Final Object Repo/Landing Page/My Sites Drop Down' is clicked on

2018-12-14 02:28:19 - [TEST_STEP][PASSED] - click: Object: 'Object Repository/Final Object Repo/Landing Page/Select to Registration Module' is clicked on

2018-12-14 02:28:20 - [MESSAGE][PASSED] - Object: 'Object Repository/Final Object Repo/Landing Page/Select to Registration Module' is clicked on

2018-12-14 02:28:20 - [TEST_STEP][PASSED] - delay: Delayed 2 second(s)

2018-12-14 02:28:22 - [MESSAGE][PASSED] - Delayed 2 second(s)

2018-12-14 02:28:22 - [TEST_STEP][PASSED] - mouseOver: Object: 'Object Repository/Final Object Repo/Page_Update Add New Employee - ASSIST/Hover Over Search Drop Down' is hovered

2018-12-14 02:28:22 - [MESSAGE][PASSED] - Object: 'Object Repository/Final Object Repo/Page_Update Add New Employee - ASSIST/Hover Over Search Drop Down' is hovered

2018-12-14 02:28:22 - [TEST_STEP][PASSED] - click: Object: 'Object Repository/Final Object Repo/Page_Update Add New Employee - ASSIST/Select Search Pending Case' is clicked on

2018-12-14 02:28:22 - [MESSAGE][PASSED] - Object: 'Object Repository/Final Object Repo/Page_Update Add New Employee - ASSIST/Select Search Pending Case' is clicked on

2018-12-14 02:28:22 - [TEST_STEP][PASSED] - click: Object: 'Object Repository/Final Object Repo/Page_Update Add New Employee - ASSIST/Select Searching Method (Employer Code)' is clicked on

2018-12-14 02:28:22 - [MESSAGE][PASSED] - Object: 'Object Repository/Final Object Repo/Page_Update Add New Employee - ASSIST/Select Searching Method (Employer Code)' is clicked on

2018-12-14 02:28:22 - [TEST_STEP][PASSED] - click: Object: 'Object Repository/Final Object Repo/Page_Update Add New Employee - ASSIST/Select Searching Method to Reference ID' is clicked on

2018-12-14 02:28:23 - [MESSAGE][PASSED] - Object: 'Object Repository/Final Object Repo/Page_Update Add New Employee - ASSIST/Select Searching Method to Reference ID' is clicked on

2018-12-14 02:28:23 - [TEST_STEP][PASSED] - delay: Delayed 2 second(s)

2018-12-14 02:28:25 - [MESSAGE][PASSED] - Delayed 2 second(s)

2018-12-14 02:28:25 - [TEST_STEP][PASSED] - setText: Text 'CAN12201800002355' is set on object 'Object Repository/Final Object Repo/Page_Update Add New Employee - ASSIST/Pending Case Ref NO'

2018-12-14 02:28:25 - [MESSAGE][PASSED] - Text 'CAN12201800002355' is set on object 'Object Repository/Final Object Repo/Page_Update Add New Employee - ASSIST/Pending Case Ref NO'

2018-12-14 02:28:25 - [TEST_STEP][PASSED] - click: Object: 'Object Repository/Final Object Repo/Page_Update Add New Employee - ASSIST/Search Pending Case Based on Ref No' is clicked on

2018-12-14 02:28:25 - [MESSAGE][PASSED] - Object: 'Object Repository/Final Object Repo/Page_Update Add New Employee - ASSIST/Search Pending Case Based on Ref No' is clicked on

2018-12-14 02:28:25 - [TEST_STEP][PASSED] - click: Object: 'Object Repository/Final Object Repo/Page_Update Add New Employee - ASSIST/Action Button after found case' is clicked on

2018-12-14 02:28:29 - [MESSAGE][PASSED] - Object: 'Object Repository/Final Object Repo/Page_Update Add New Employee - ASSIST/Action Button after found case' is clicked on

2018-12-14 02:28:29 - [TEST_STEP][PASSED] - click: Object: 'Object Repository/Final Object Repo/Page_Update Add New Employee - ASSIST/Next Button in Pending Case First Page' is clicked on

2018-12-14 02:28:30 - [MESSAGE][PASSED] - Object: 'Object Repository/Final Object Repo/Page_Update Add New Employee - ASSIST/Next Button in Pending Case First Page' is clicked on

2018-12-14 02:28:30 - [TEST_STEP][PASSED] - click: Object: 'Object Repository/Final Object Repo/Page_Update Add New Employee - ASSIST/Next Button in Third Screen' is clicked on

2018-12-14 02:28:33 - [MESSAGE][PASSED] - Object: 'Object Repository/Final Object Repo/Page_Update Add New Employee - ASSIST/Next Button in Third Screen' is clicked on

2018-12-14 02:28:33 - [TEST_STEP][PASSED] - click: Object: 'Object Repository/Final Object Repo/Page_Update Add New Employee - ASSIST/Add Document for Pending Case' is clicked on

2018-12-14 02:28:34 - [MESSAGE][PASSED] - Object: 'Object Repository/Final Object Repo/Page_Update Add New Employee - ASSIST/Add Document for Pending Case' is clicked on

2018-12-14 02:28:34 - [TEST_STEP][PASSED] - delay: Delayed 10 second(s)

2018-12-14 02:28:44 - [MESSAGE][PASSED] - Delayed 10 second(s)

2018-12-14 02:28:44 - [TEST_STEP][PASSED] - click: Object: 'Object Repository/Final Object Repo/Page_Update Add New Employee - ASSIST/Upload Pending Doc - Please Select' is clicked on

2018-12-14 02:28:44 - [MESSAGE][PASSED] - Object: 'Object Repository/Final Object Repo/Page_Update Add New Employee - ASSIST/Upload Pending Doc - Please Select' is clicked on

2018-12-14 02:28:44 - [TEST_STEP][PASSED] - click: Object: 'Object Repository/Final Object Repo/Page_Update Add New Employee - ASSIST/Select to Others to Upload' is clicked on

2018-12-14 02:28:44 - [MESSAGE][PASSED] - Object: 'Object Repository/Final Object Repo/Page_Update Add New Employee - ASSIST/Select to Others to Upload' is clicked on

2018-12-14 02:28:44 - [TEST_STEP][PASSED] - uploadFile: File 'C:\Users\Public\Pictures\Sample Pictures\Koala.jpg' sent to object: 'Object Repository/Final Object Repo/Page_Update Add New Employee - ASSIST/Uploading Pending Case Action'

2018-12-14 02:28:44 - [MESSAGE][PASSED] - File 'C:\Users\Public\Pictures\Sample Pictures\Koala.jpg' sent to object: 'Object Repository/Final Object Repo/Page_Update Add New Employee - ASSIST/Uploading Pending Case Action'

2018-12-14 02:28:44 - [TEST_STEP][PASSED] - click: Object: 'Object Repository/Final Object Repo/Page_Update Add New Employee - ASSIST/Inner form Add Document Button Pending Case' is clicked on

2018-12-14 02:28:44 - [MESSAGE][PASSED] - Object: 'Object Repository/Final Object Repo/Page_Update Add New Employee - ASSIST/Inner form Add Document Button Pending Case' is clicked on

2018-12-14 02:28:44 - [TEST_STEP][PASSED] - delay: Delayed 2 second(s)

2018-12-14 02:28:46 - [MESSAGE][PASSED] - Delayed 2 second(s)

2018-12-14 02:28:46 - [TEST_STEP][PASSED] - click: Object: 'Object Repository/Final Object Repo/Page_Update Add New Employee - ASSIST/Pending Case Exit' is clicked on

2018-12-14 02:28:49 - [MESSAGE][PASSED] - Object: 'Object Repository/Final Object Repo/Page_Update Add New Employee - ASSIST/Pending Case Exit' is clicked on

2018-12-14 02:28:49 - [TEST_STEP][PASSED] - callTestCase: Call Test Case 'Test Cases/Final Aug 2018 - PKS Automation/Registration Module/Log Out/log out avoiding katalon tagging' successfully

2018-12-14 02:28:49 - [TEST_CASE][PASSED] - Test Cases/Final Aug 2018 - PKS Automation/Registration Module/Log Out/log out avoiding katalon tagging: Test Cases/Final Aug 2018 - PKS Automation/Registration Module/Log Out/log out avoiding katalon tagging

2018-12-14 02:28:49 - [TEST_STEP][PASSED] - navigateToUrl: Navigate to 'https://assist2-uat.perkeso.gov.my/c/portal/logout' successfully

2018-12-14 02:28:50 - [MESSAGE][PASSED] - Navigate to 'https://assist2-uat.perkeso.gov.my/c/portal/logout' successfully

2018-12-14 02:28:50 - [MESSAGE][PASSED] - Call Test Case 'Test Cases/Final Aug 2018 - PKS Automation/Registration Module/Log Out/log out avoiding katalon tagging' successfully

2018-12-14 02:28:50 - [TEST_STEP][PASSED] - callTestCase: Call Test Case 'Test Cases/Final Aug 2018 - PKS Automation/Common/Workflow Owner Finder' successfully

2018-12-14 02:28:50 - [TEST_CASE][PASSED] - Test Cases/Final Aug 2018 - PKS Automation/Common/Workflow Owner Finder: Test Cases/Final Aug 2018 - PKS Automation/Common/Workflow Owner Finder

2018-12-14 02:28:50 - [TEST_STEP][PASSED] - openBrowser: Browser is opened with url: ''

2018-12-14 02:28:50 - [MESSAGE][WARNING] - A browser is already opened. Closing browser and opening a new one

2018-12-14 02:28:54 - [MESSAGE][PASSED] - Browser is opened with url: ''

2018-12-14 02:28:54 - [TEST_STEP][PASSED] - navigateToUrl: Navigate to 'https://assist2-uat.perkeso.gov.my/login' successfully

2018-12-14 02:28:55 - [MESSAGE][PASSED] - Navigate to 'https://assist2-uat.perkeso.gov.my/login' successfully

2018-12-14 02:28:55 - [TEST_STEP][PASSED] - delay: Delayed 5 second(s)

2018-12-14 02:29:00 - [MESSAGE][PASSED] - Delayed 5 second(s)

2018-12-14 02:29:00 - [TEST_STEP][PASSED] - setText: Text 'test@liferay.com' is set on object 'Object Repository/Final Object Repo/Login Page/Internal User/Email Address'

2018-12-14 02:29:00 - [MESSAGE][PASSED] - Text 'test@liferay.com' is set on object 'Object Repository/Final Object Repo/Login Page/Internal User/Email Address'

2018-12-14 02:29:00 - [TEST_STEP][PASSED] - click: Object: 'Object Repository/Final Object Repo/Login Page/Internal User/Next Button' is clicked on

2018-12-14 02:29:00 - [MESSAGE][PASSED] - Object: 'Object Repository/Final Object Repo/Login Page/Internal User/Next Button' is clicked on

2018-12-14 02:29:00 - [TEST_STEP][PASSED] - delay: Delayed 2 second(s)

2018-12-14 02:29:02 - [MESSAGE][PASSED] - Delayed 2 second(s)

2018-12-14 02:29:02 - [TEST_STEP][PASSED] - setText: Text 'test' is set on object 'Object Repository/Final Object Repo/Login Page/Internal User/Password'

2018-12-14 02:29:02 - [MESSAGE][PASSED] - Text 'test' is set on object 'Object Repository/Final Object Repo/Login Page/Internal User/Password'

2018-12-14 02:29:02 - [TEST_STEP][PASSED] - delay: Delayed 2 second(s)

2018-12-14 02:29:04 - [MESSAGE][PASSED] - Delayed 2 second(s)

2018-12-14 02:29:04 - [TEST_STEP][PASSED] - click: Object: 'Object Repository/Final Object Repo/Login Page/Internal User/Login Button' is clicked on

2018-12-14 02:29:05 - [MESSAGE][PASSED] - Object: 'Object Repository/Final Object Repo/Login Page/Internal User/Login Button' is clicked on

2018-12-14 02:29:05 - [TEST_STEP][PASSED] - Statement - tester = com.kms.katalon.core.testobject.ObjectRepository.findTestObject(Final Object Repo/Landing Page/Select to English): Finding Test Object with id 'Object Repository/Final Object Repo/Landing Page/Select to English'

2018-12-14 02:29:05 - [TEST_STEP][PASSED] - Statement - Try: Delayed 2 second(s)

2018-12-14 02:29:05 - [TEST_STEP][PASSED] - Statement - Checker = com.kms.katalon.core.webui.keyword.WebUiBuiltInKeywords.verifyElementNotPresent(tester, 3): Web element with id: 'Object Repository/Final Object Repo/Landing Page/Select to English' located by 'By.xpath: //a[@class = 'taglib-language-list-text' and @lang = 'en-US' and (contains(text(), 'EN') or contains(., 'EN'))]' is not present after '3' second(s)

2018-12-14 02:29:07 - [MESSAGE][PASSED] - Web element with id: 'Object Repository/Final Object Repo/Landing Page/Select to English' located by 'By.xpath: //a[@class = 'taglib-language-list-text' and @lang = 'en-US' and (contains(text(), 'EN') or contains(., 'EN'))]' is not present after '3' second(s)

2018-12-14 02:29:07 - [TEST_STEP][PASSED] - Statement - If (Checker == false): null

2018-12-14 02:29:07 - [TEST_STEP][PASSED] - delay: Delayed 2 second(s)

2018-12-14 02:29:09 - [MESSAGE][PASSED] - Delayed 2 second(s)

2018-12-14 02:29:09 - [TEST_STEP][PASSED] - delay: Delayed 5 second(s)

2018-12-14 02:29:14 - [MESSAGE][PASSED] - Delayed 5 second(s)

2018-12-14 02:29:14 - [TEST_STEP][PASSED] - mouseOver: Object: 'Object Repository/Final Object Repo/Landing Page/WorkFlow Menu' is hovered

2018-12-14 02:29:14 - [MESSAGE][PASSED] - Object: 'Object Repository/Final Object Repo/Landing Page/WorkFlow Menu' is hovered

2018-12-14 02:29:14 - [TEST_STEP][PASSED] - delay: Delayed 2 second(s)

2018-12-14 02:29:16 - [MESSAGE][PASSED] - Delayed 2 second(s)

2018-12-14 02:29:16 - [TEST_STEP][PASSED] - click: Object: 'Object Repository/Final Object Repo/Landing Page/Select to Workflow Listing' is clicked on

2018-12-14 02:29:17 - [MESSAGE][PASSED] - Object: 'Object Repository/Final Object Repo/Landing Page/Select to Workflow Listing' is clicked on

2018-12-14 02:29:17 - [TEST_STEP][PASSED] - delay: Delayed 2 second(s)

2018-12-14 02:29:19 - [MESSAGE][PASSED] - Delayed 2 second(s)

2018-12-14 02:29:19 - [TEST_STEP][PASSED] - click: Object: 'Object Repository/Final Object Repo/WorkFlow Listing Page/Search Information - To Put Ref No' is clicked on

2018-12-14 02:29:19 - [MESSAGE][PASSED] - Object: 'Object Repository/Final Object Repo/WorkFlow Listing Page/Search Information - To Put Ref No' is clicked on

2018-12-14 02:29:19 - [TEST_STEP][PASSED] - delay: Delayed 2 second(s)

2018-12-14 02:29:21 - [MESSAGE][PASSED] - Delayed 2 second(s)

2018-12-14 02:29:21 - [TEST_STEP][PASSED] - callTestCase: Call Test Case 'Test Cases/Final Aug 2018 - PKS Automation/Common/Reference Number Getter' successfully

2018-12-14 02:29:21 - [TEST_CASE][PASSED] - Test Cases/Final Aug 2018 - PKS Automation/Common/Reference Number Getter: Test Cases/Final Aug 2018 - PKS Automation/Common/Reference Number Getter

2018-12-14 02:29:21 - [TEST_STEP][PASSED] - Statement - Try: null

2018-12-14 02:29:21 - [TEST_STEP][PASSED] - Statement - RefNo = new java.io.File(C://Users//Admin//Desktop//PKS//Automation Reference Point//KatalonReference.txt): null

2018-12-14 02:29:21 - [TEST_STEP][PASSED] - Statement - bufferread = new java.io.BufferedReader(new java.io.FileReader(RefNo)): null

2018-12-14 02:29:21 - [TEST_STEP][PASSED] - Statement - readedVal = bufferread.readLine(): null

2018-12-14 02:29:21 - [TEST_STEP][PASSED] - Statement - out.println(CaseReferenceNo): null

2018-12-14 02:29:21 - [TEST_STEP][PASSED] - Statement - out.println(readedVal): null

2018-12-14 02:29:21 - [TEST_STEP][PASSED] - Statement - CaseReferenceNo = "": null

2018-12-14 02:29:21 - [TEST_STEP][PASSED] - Statement - CaseReferenceNo = readedVal: null

2018-12-14 02:29:21 - [MESSAGE][PASSED] - Call Test Case 'Test Cases/Final Aug 2018 - PKS Automation/Common/Reference Number Getter' successfully

2018-12-14 02:29:21 - [TEST_STEP][PASSED] - setText: Text 'CAN12201800002355' is set on object 'Object Repository/Final Object Repo/WorkFlow Listing Page/Ref No Set Text'

2018-12-14 02:29:21 - [MESSAGE][PASSED] - Text 'CAN12201800002355' is set on object 'Object Repository/Final Object Repo/WorkFlow Listing Page/Ref No Set Text'

2018-12-14 02:29:21 - [TEST_STEP][PASSED] - delay: Delayed 2 second(s)

2018-12-14 02:29:23 - [MESSAGE][PASSED] - Delayed 2 second(s)

2018-12-14 02:29:23 - [TEST_STEP][PASSED] - click: Object: 'Object Repository/Final Object Repo/WorkFlow Listing Page/Search Ref No Search Button' is clicked on

2018-12-14 02:29:24 - [MESSAGE][PASSED] - Object: 'Object Repository/Final Object Repo/WorkFlow Listing Page/Search Ref No Search Button' is clicked on

2018-12-14 02:29:24 - [TEST_STEP][PASSED] - delay: Delayed 6 second(s)

2018-12-14 02:29:30 - [MESSAGE][PASSED] - Delayed 6 second(s)

2018-12-14 02:29:30 - [TEST_STEP][PASSED] - click: Object: 'Object Repository/Final Object Repo/WorkFlow Listing Page/Click Continue Tooltip' is clicked on

2018-12-14 02:29:31 - [MESSAGE][PASSED] - Object: 'Object Repository/Final Object Repo/WorkFlow Listing Page/Click Continue Tooltip' is clicked on

2018-12-14 02:29:31 - [TEST_STEP][PASSED] - delay: Delayed 5 second(s)

2018-12-14 02:29:36 - [MESSAGE][PASSED] - Delayed 5 second(s)

2018-12-14 02:29:36 - [TEST_STEP][PASSED] - doubleClick: Object: 'Object Repository/Final Object Repo/WorkFlow Listing Page/Workflow Found - Listing 1' is double clicked on

2018-12-14 02:29:36 - [MESSAGE][PASSED] - Object: 'Object Repository/Final Object Repo/WorkFlow Listing Page/Workflow Found - Listing 1' is double clicked on

2018-12-14 02:29:36 - [TEST_STEP][PASSED] - Statement - println(OwnerID): null

2018-12-14 02:29:36 - [TEST_STEP][PASSED] - Statement - OwnerID = com.kms.katalon.core.webui.keyword.WebUiBuiltInKeywords.getText(com.kms.katalon.core.testobject.ObjectRepository.findTestObject(Final Object Repo/WorkFlow Listing Page/Workflow Found - Listing 1), STOP_ON_FAILURE): Text of object 'Object Repository/Final Object Repo/WorkFlow Listing Page/Workflow Found - Listing 1' is: 'JOHORro3'

2018-12-14 02:29:36 - [MESSAGE][PASSED] - Text of object 'Object Repository/Final Object Repo/WorkFlow Listing Page/Workflow Found - Listing 1' is: 'JOHORro3'

2018-12-14 02:29:36 - [TEST_STEP][PASSED] - Statement - OwnerID = OwnerID.toLowerCase() + "@gmail.com": null

2018-12-14 02:29:36 - [TEST_STEP][PASSED] - Statement - println(OwnerID): null

2018-12-14 02:29:36 - [TEST_STEP][PASSED] - delay: Delayed 2 second(s)

2018-12-14 02:29:38 - [MESSAGE][PASSED] - Delayed 2 second(s)

2018-12-14 02:29:38 - [MESSAGE][PASSED] - Call Test Case 'Test Cases/Final Aug 2018 - PKS Automation/Common/Workflow Owner Finder' successfully

2018-12-14 02:29:38 - [TEST_STEP][PASSED] - callTestCase: Call Test Case 'Test Cases/Final Aug 2018 - PKS Automation/Registration Module/Log Out/log out avoiding katalon tagging' successfully

2018-12-14 02:29:38 - [TEST_CASE][PASSED] - Test Cases/Final Aug 2018 - PKS Automation/Registration Module/Log Out/log out avoiding katalon tagging: Test Cases/Final Aug 2018 - PKS Automation/Registration Module/Log Out/log out avoiding katalon tagging

2018-12-14 02:29:38 - [TEST_STEP][PASSED] - navigateToUrl: Navigate to 'https://assist2-uat.perkeso.gov.my/c/portal/logout' successfully

2018-12-14 02:29:39 - [MESSAGE][PASSED] - Navigate to 'https://assist2-uat.perkeso.gov.my/c/portal/logout' successfully

2018-12-14 02:29:39 - [MESSAGE][PASSED] - Call Test Case 'Test Cases/Final Aug 2018 - PKS Automation/Registration Module/Log Out/log out avoiding katalon tagging' successfully

2018-12-14 02:29:39 - [TEST_STEP][PASSED] - delay: Delayed 2 second(s)

2018-12-14 02:29:41 - [MESSAGE][PASSED] - Delayed 2 second(s)

2018-12-14 02:29:41 - [TEST_STEP][PASSED] - setText: Text 'johorro3@gmail.com' is set on object 'Object Repository/Final Object Repo/Page_Update Add New Employee - ASSIST/Email TextBox'

2018-12-14 02:29:41 - [MESSAGE][PASSED] - Text 'johorro3@gmail.com' is set on object 'Object Repository/Final Object Repo/Page_Update Add New Employee - ASSIST/Email TextBox'

2018-12-14 02:29:41 - [TEST_STEP][PASSED] - click: Object: 'Object Repository/Final Object Repo/Page_Update Add New Employee - ASSIST/Next Button' is clicked on

2018-12-14 02:29:41 - [MESSAGE][PASSED] - Object: 'Object Repository/Final Object Repo/Page_Update Add New Employee - ASSIST/Next Button' is clicked on

2018-12-14 02:29:41 - [TEST_STEP][PASSED] - delay: Delayed 2 second(s)

2018-12-14 02:29:43 - [MESSAGE][PASSED] - Delayed 2 second(s)

2018-12-14 02:29:43 - [TEST_STEP][PASSED] - setText: Text 'Test1@3456789' is set on object 'Object Repository/Final Object Repo/Page_Update Add New Employee - ASSIST/Password TextBox'

2018-12-14 02:29:44 - [MESSAGE][PASSED] - Text 'Test1@3456789' is set on object 'Object Repository/Final Object Repo/Page_Update Add New Employee - ASSIST/Password TextBox'

2018-12-14 02:29:44 - [TEST_STEP][PASSED] - delay: Delayed 2 second(s)

2018-12-14 02:29:46 - [MESSAGE][PASSED] - Delayed 2 second(s)

2018-12-14 02:29:46 - [TEST_STEP][PASSED] - click: Object: 'Object Repository/Final Object Repo/Page_Update Add New Employee - ASSIST/Login Button' is clicked on

2018-12-14 02:29:46 - [MESSAGE][PASSED] - Object: 'Object Repository/Final Object Repo/Page_Update Add New Employee - ASSIST/Login Button' is clicked on

2018-12-14 02:29:46 - [TEST_STEP][PASSED] - delay: Delayed 4 second(s)

2018-12-14 02:29:50 - [MESSAGE][PASSED] - Delayed 4 second(s)

2018-12-14 02:29:50 - [TEST_STEP][PASSED] - Statement - Try: Delayed 2 second(s)

2018-12-14 02:29:50 - [TEST_STEP][PASSED] - Statement - Checker = false: null

2018-12-14 02:29:50 - [TEST_STEP][PASSED] - Statement - Checker = com.kms.katalon.core.webui.keyword.WebUiBuiltInKeywords.verifyElementHasAttribute(com.kms.katalon.core.testobject.ObjectRepository.findTestObject(Final Object Repo/Landing Page/BM Detecting), "href", 20, OPTIONAL): Object 'Object Repository/Final Object Repo/Landing Page/BM Detecting' has attribute 'href'

2018-12-14 02:29:50 - [MESSAGE][PASSED] - Object 'Object Repository/Final Object Repo/Landing Page/BM Detecting' has attribute 'href'

2018-12-14 02:29:50 - [TEST_STEP][PASSED] - Statement - out.println(Checker): null

2018-12-14 02:29:50 - [TEST_STEP][PASSED] - Statement - If (Checker == false): null

2018-12-14 02:29:50 - [TEST_STEP][PASSED] - Statement - Else: null

2018-12-14 02:29:50 - [TEST_STEP][PASSED] - delay: Delayed 2 second(s)

2018-12-14 02:29:52 - [MESSAGE][PASSED] - Delayed 2 second(s)

2018-12-14 02:29:52 - [TEST_STEP][PASSED] - delay: Delayed 4 second(s)

2018-12-14 02:29:56 - [MESSAGE][PASSED] - Delayed 4 second(s)

2018-12-14 02:29:56 - [TEST_STEP][PASSED] - click: Object: 'Object Repository/Final Object Repo/New Registration - Registration Module Pages/New Reg - OTC to RO/Special Case - All Related Objects/Expand to Search' is clicked on

2018-12-14 02:29:56 - [MESSAGE][PASSED] - Object: 'Object Repository/Final Object Repo/New Registration - Registration Module Pages/New Reg - OTC to RO/Special Case - All Related Objects/Expand to Search' is clicked on

2018-12-14 02:29:56 - [TEST_STEP][FAILED] - setText: Unable to set text 'CAN12201800002355' of object 'Object Repository/Final Object Repo/New Registration - Registration Module Pages/New Reg - OTC to RO/Special Case - All Related Objects/TextBox RefNo in Workbasket' (Root cause: org.openqa.selenium.ElementNotVisibleException: element not interactable
  (Session info: chrome=70.0.3538.110)
  (Driver info: chromedriver=2.43.600210 (68dcf5eebde37173d4027fa8635e332711d2874a),platform=Windows NT 6.1.7601 SP1 x86_64) (WARNING: The server did not provide any stacktrace information)
Command duration or timeout: 0 milliseconds
Build info: version: '3.7.1', revision: '8a0099a', time: '2017-11-06T21:07:36.161Z'
System info: host: 'WIN7TEST02', ip: '10.20.3.72', os.name: 'Windows 7', os.arch: 'amd64', os.version: '6.1', java.version: '1.8.0_181'
Driver info: com.kms.katalon.selenium.driver.CChromeDriver
Capabilities {acceptInsecureCerts: false, acceptSslCerts: false, applicationCacheEnabled: false, browserConnectionEnabled: false, browserName: chrome, chrome: {chromedriverVersion: 2.43.600210 (68dcf5eebde371..., userDataDir: C:\Users\Admin\AppData\Loca...}, cssSelectorsEnabled: true, databaseEnabled: false, goog:chromeOptions: {debuggerAddress: localhost:64496}, handlesAlerts: true, hasTouchScreen: false, javascriptEnabled: true, locationContextEnabled: true, mobileEmulationEnabled: false, nativeEvents: true, networkConnectionEnabled: false, pageLoadStrategy: normal, platform: XP, platformName: XP, rotatable: false, setWindowRect: true, takesHeapSnapshot: true, takesScreenshot: true, unexpectedAlertBehaviour: , unhandledPromptBehavior: , version: 70.0.3538.110, webStorageEnabled: true}
Session ID: 775e244019c0f5714bd1d64e01239bdf)

2018-12-14 02:29:56 - [MESSAGE][FAILED] - Unable to set text 'CAN12201800002355' of object 'Object Repository/Final Object Repo/New Registration - Registration Module Pages/New Reg - OTC to RO/Special Case - All Related Objects/TextBox RefNo in Workbasket' (Root cause: org.openqa.selenium.ElementNotVisibleException: element not interactable
  (Session info: chrome=70.0.3538.110)
  (Driver info: chromedriver=2.43.600210 (68dcf5eebde37173d4027fa8635e332711d2874a),platform=Windows NT 6.1.7601 SP1 x86_64) (WARNING: The server did not provide any stacktrace information)
Command duration or timeout: 0 milliseconds
Build info: version: '3.7.1', revision: '8a0099a', time: '2017-11-06T21:07:36.161Z'
System info: host: 'WIN7TEST02', ip: '10.20.3.72', os.name: 'Windows 7', os.arch: 'amd64', os.version: '6.1', java.version: '1.8.0_181'
Driver info: com.kms.katalon.selenium.driver.CChromeDriver
Capabilities {acceptInsecureCerts: false, acceptSslCerts: false, applicationCacheEnabled: false, browserConnectionEnabled: false, browserName: chrome, chrome: {chromedriverVersion: 2.43.600210 (68dcf5eebde371..., userDataDir: C:\Users\Admin\AppData\Loca...}, cssSelectorsEnabled: true, databaseEnabled: false, goog:chromeOptions: {debuggerAddress: localhost:64496}, handlesAlerts: true, hasTouchScreen: false, javascriptEnabled: true, locationContextEnabled: true, mobileEmulationEnabled: false, nativeEvents: true, networkConnectionEnabled: false, pageLoadStrategy: normal, platform: XP, platformName: XP, rotatable: false, setWindowRect: true, takesHeapSnapshot: true, takesScreenshot: true, unexpectedAlertBehaviour: , unhandledPromptBehavior: , version: 70.0.3538.110, webStorageEnabled: true}
Session ID: 775e244019c0f5714bd1d64e01239bdf)
[[ATTACHMENT|C:\\Users\\Admin\\Desktop\\PKS\\Perkeso Phase A\\Reports\\Workflow\\Update Add New Employee\\20181213_225844\\1544725796574.png]]

2018-12-14 02:29:56 - [TEST_STEP][PASSED] - delay: Delayed 2 second(s)

2018-12-14 02:29:58 - [MESSAGE][PASSED] - Delayed 2 second(s)

2018-12-14 02:29:58 - [TEST_STEP][PASSED] - click: Object: 'Object Repository/Final Object Repo/New Registration - Registration Module Pages/New Reg - OTC to RO/Special Case - All Related Objects/Click Search' is clicked on

2018-12-14 02:29:59 - [MESSAGE][PASSED] - Object: 'Object Repository/Final Object Repo/New Registration - Registration Module Pages/New Reg - OTC to RO/Special Case - All Related Objects/Click Search' is clicked on

2018-12-14 02:29:59 - [TEST_STEP][PASSED] - delay: Delayed 2 second(s)

2018-12-14 02:30:01 - [MESSAGE][PASSED] - Delayed 2 second(s)

2018-12-14 02:30:01 - [TEST_STEP][PASSED] - click: Object: 'Object Repository/Final Object Repo/New Registration - Registration Module Pages/New Reg - OTC to RO/Special Case - All Related Objects/Click to Continue Workflow' is clicked on

2018-12-14 02:30:05 - [MESSAGE][PASSED] - Object: 'Object Repository/Final Object Repo/New Registration - Registration Module Pages/New Reg - OTC to RO/Special Case - All Related Objects/Click to Continue Workflow' is clicked on

2018-12-14 02:30:05 - [TEST_STEP][PASSED] - delay: Delayed 2 second(s)

2018-12-14 02:30:07 - [MESSAGE][PASSED] - Delayed 2 second(s)

2018-12-14 02:30:07 - [TEST_STEP][PASSED] - click: Object: 'Object Repository/Final Object Repo/New Registration - Registration Module Pages/New Reg - OTC to RO/Special Case - All Related Objects/Continue Button in verifying case' is clicked on

2018-12-14 02:30:10 - [MESSAGE][PASSED] - Object: 'Object Repository/Final Object Repo/New Registration - Registration Module Pages/New Reg - OTC to RO/Special Case - All Related Objects/Continue Button in verifying case' is clicked on

2018-12-14 02:30:10 - [TEST_STEP][PASSED] - delay: Delayed 2 second(s)

2018-12-14 02:30:12 - [MESSAGE][PASSED] - Delayed 2 second(s)

2018-12-14 02:30:12 - [TEST_STEP][PASSED] - click: Object: 'Object Repository/Final Object Repo/Page_Update Add New Employee - ASSIST/Save  Continue Button' is clicked on

2018-12-14 02:30:12 - [MESSAGE][PASSED] - Object: 'Object Repository/Final Object Repo/Page_Update Add New Employee - ASSIST/Save  Continue Button' is clicked on

2018-12-14 02:30:12 - [TEST_STEP][PASSED] - delay: Delayed 4 second(s)

2018-12-14 02:30:16 - [MESSAGE][PASSED] - Delayed 4 second(s)

2018-12-14 02:30:16 - [TEST_STEP][PASSED] - click: Object: 'Object Repository/Final Object Repo/Page_Update Add New Employee - ASSIST/Save  Continue Third Screen' is clicked on

2018-12-14 02:30:19 - [MESSAGE][PASSED] - Object: 'Object Repository/Final Object Repo/Page_Update Add New Employee - ASSIST/Save  Continue Third Screen' is clicked on

2018-12-14 02:30:19 - [TEST_STEP][PASSED] - delay: Delayed 4 second(s)

2018-12-14 02:30:23 - [MESSAGE][PASSED] - Delayed 4 second(s)

2018-12-14 02:30:23 - [TEST_STEP][PASSED] - click: Object: 'Object Repository/Final Object Repo/Page_Update Add New Employee - ASSIST/Save   Continue Supporting Doc Page' is clicked on

2018-12-14 02:30:23 - [MESSAGE][PASSED] - Object: 'Object Repository/Final Object Repo/Page_Update Add New Employee - ASSIST/Save   Continue Supporting Doc Page' is clicked on

2018-12-14 02:30:23 - [TEST_STEP][PASSED] - delay: Delayed 4 second(s)

2018-12-14 02:30:27 - [MESSAGE][PASSED] - Delayed 4 second(s)

2018-12-14 02:30:27 - [TEST_STEP][PASSED] - click: Object: 'Object Repository/Final Object Repo/Page_Update Add New Employee - ASSIST/Submit Button' is clicked on

2018-12-14 02:30:28 - [MESSAGE][PASSED] - Object: 'Object Repository/Final Object Repo/Page_Update Add New Employee - ASSIST/Submit Button' is clicked on

2018-12-14 02:30:28 - [TEST_STEP][PASSED] - delay: Delayed 4 second(s)

2018-12-14 02:30:32 - [MESSAGE][PASSED] - Delayed 4 second(s)

2018-12-14 02:30:32 - [TEST_STEP][PASSED] - click: Object: 'Object Repository/Final Object Repo/Page_Update Add New Employee - ASSIST/Confirm Submit Button' is clicked on

2018-12-14 02:30:32 - [MESSAGE][PASSED] - Object: 'Object Repository/Final Object Repo/Page_Update Add New Employee - ASSIST/Confirm Submit Button' is clicked on

2018-12-14 02:30:32 - [TEST_STEP][PASSED] - delay: Delayed 30 second(s)

2018-12-14 02:31:02 - [MESSAGE][PASSED] - Delayed 30 second(s)

2018-12-14 02:31:02 - [TEST_STEP][PASSED] - callTestCase: Call Test Case 'Test Cases/Final Aug 2018 - PKS Automation/Common/Screenshoting tool' successfully

2018-12-14 02:31:02 - [TEST_CASE][PASSED] - Test Cases/Final Aug 2018 - PKS Automation/Common/Screenshoting tool: Test Cases/Final Aug 2018 - PKS Automation/Common/Screenshoting tool

2018-12-14 02:31:02 - [TEST_STEP][PASSED] - delay: Delayed 15 second(s)

2018-12-14 02:31:17 - [MESSAGE][PASSED] - Delayed 15 second(s)

2018-12-14 02:31:17 - [TEST_STEP][PASSED] - Statement - driver = com.kms.katalon.core.webui.driver.DriverFactory.getWebDriver(): null

2018-12-14 02:31:17 - [TEST_STEP][PASSED] - Statement - driver.manage().timeouts().implicitlyWait(10, SECONDS): null

2018-12-14 02:31:17 - [TEST_STEP][PASSED] - Statement - PresavePath = KatalonScreenshots: null

2018-12-14 02:31:17 - [TEST_STEP][PASSED] - Statement - pathPrefix = "C:\Users\Public\Pictures\Sample Pictures\Katalon Screenshots\Automate Ending Screen": null

2018-12-14 02:31:17 - [TEST_STEP][PASSED] - Statement - finalPath = <not implemented yet for class: org.codehaus.groovy.ast.expr.EmptyExpression>: null

2018-12-14 02:31:17 - [TEST_STEP][PASSED] - Statement - scrFile = driver.getScreenshotAs(FILE): null

2018-12-14 02:31:17 - [TEST_STEP][PASSED] - Statement - PreSaveFile = new java.io.File(PresavePath): null

2018-12-14 02:31:17 - [TEST_STEP][PASSED] - Statement - counter = 0: null

2018-12-14 02:31:17 - [TEST_STEP][PASSED] - Statement - If (PreSaveFile.exists()): null

2018-12-14 02:31:17 - [TEST_STEP][PASSED] - Statement - While (PreSaveFile.exists()): null

2018-12-14 02:31:17 - [TEST_STEP][PASSED] - Statement - counter = counter + 1: null

2018-12-14 02:31:17 - [TEST_STEP][PASSED] - Statement - PreSaveFile = new java.io.File(((pathPrefix + java.lang.Integer.toString(counter)) + .png)): null

2018-12-14 02:31:17 - [TEST_STEP][PASSED] - Statement - counter = counter + 1: null

2018-12-14 02:31:17 - [TEST_STEP][PASSED] - Statement - PreSaveFile = new java.io.File(((pathPrefix + java.lang.Integer.toString(counter)) + .png)): null

2018-12-14 02:31:17 - [TEST_STEP][PASSED] - Statement - counter = counter + 1: null

2018-12-14 02:31:17 - [TEST_STEP][PASSED] - Statement - PreSaveFile = new java.io.File(((pathPrefix + java.lang.Integer.toString(counter)) + .png)): null

2018-12-14 02:31:17 - [TEST_STEP][PASSED] - Statement - counter = counter + 1: null

2018-12-14 02:31:17 - [TEST_STEP][PASSED] - Statement - PreSaveFile = new java.io.File(((pathPrefix + java.lang.Integer.toString(counter)) + .png)): null

2018-12-14 02:31:17 - [TEST_STEP][PASSED] - Statement - counter = counter + 1: null

2018-12-14 02:31:17 - [TEST_STEP][PASSED] - Statement - PreSaveFile = new java.io.File(((pathPrefix + java.lang.Integer.toString(counter)) + .png)): null

2018-12-14 02:31:17 - [TEST_STEP][PASSED] - Statement - counter = counter + 1: null

2018-12-14 02:31:17 - [TEST_STEP][PASSED] - Statement - PreSaveFile = new java.io.File(((pathPrefix + java.lang.Integer.toString(counter)) + .png)): null

2018-12-14 02:31:17 - [TEST_STEP][PASSED] - Statement - counter = counter + 1: null

2018-12-14 02:31:17 - [TEST_STEP][PASSED] - Statement - PreSaveFile = new java.io.File(((pathPrefix + java.lang.Integer.toString(counter)) + .png)): null

2018-12-14 02:31:17 - [TEST_STEP][PASSED] - Statement - counter = counter + 1: null

2018-12-14 02:31:17 - [TEST_STEP][PASSED] - Statement - PreSaveFile = new java.io.File(((pathPrefix + java.lang.Integer.toString(counter)) + .png)): null

2018-12-14 02:31:17 - [TEST_STEP][PASSED] - Statement - counter = counter + 1: null

2018-12-14 02:31:17 - [TEST_STEP][PASSED] - Statement - PreSaveFile = new java.io.File(((pathPrefix + java.lang.Integer.toString(counter)) + .png)): null

2018-12-14 02:31:17 - [TEST_STEP][PASSED] - Statement - counter = counter + 1: null

2018-12-14 02:31:17 - [TEST_STEP][PASSED] - Statement - PreSaveFile = new java.io.File(((pathPrefix + java.lang.Integer.toString(counter)) + .png)): null

2018-12-14 02:31:17 - [TEST_STEP][PASSED] - Statement - counter = counter + 1: null

2018-12-14 02:31:17 - [TEST_STEP][PASSED] - Statement - PreSaveFile = new java.io.File(((pathPrefix + java.lang.Integer.toString(counter)) + .png)): null

2018-12-14 02:31:17 - [TEST_STEP][PASSED] - Statement - counter = counter + 1: null

2018-12-14 02:31:17 - [TEST_STEP][PASSED] - Statement - PreSaveFile = new java.io.File(((pathPrefix + java.lang.Integer.toString(counter)) + .png)): null

2018-12-14 02:31:17 - [TEST_STEP][PASSED] - Statement - counter = counter + 1: null

2018-12-14 02:31:17 - [TEST_STEP][PASSED] - Statement - PreSaveFile = new java.io.File(((pathPrefix + java.lang.Integer.toString(counter)) + .png)): null

2018-12-14 02:31:17 - [TEST_STEP][PASSED] - Statement - counter = counter + 1: null

2018-12-14 02:31:17 - [TEST_STEP][PASSED] - Statement - PreSaveFile = new java.io.File(((pathPrefix + java.lang.Integer.toString(counter)) + .png)): null

2018-12-14 02:31:17 - [TEST_STEP][PASSED] - Statement - counter = counter + 1: null

2018-12-14 02:31:17 - [TEST_STEP][PASSED] - Statement - PreSaveFile = new java.io.File(((pathPrefix + java.lang.Integer.toString(counter)) + .png)): null

2018-12-14 02:31:17 - [TEST_STEP][PASSED] - Statement - counter = counter + 1: null

2018-12-14 02:31:17 - [TEST_STEP][PASSED] - Statement - PreSaveFile = new java.io.File(((pathPrefix + java.lang.Integer.toString(counter)) + .png)): null

2018-12-14 02:31:17 - [TEST_STEP][PASSED] - Statement - counter = counter + 1: null

2018-12-14 02:31:17 - [TEST_STEP][PASSED] - Statement - PreSaveFile = new java.io.File(((pathPrefix + java.lang.Integer.toString(counter)) + .png)): null

2018-12-14 02:31:17 - [TEST_STEP][PASSED] - Statement - counter = counter + 1: null

2018-12-14 02:31:17 - [TEST_STEP][PASSED] - Statement - PreSaveFile = new java.io.File(((pathPrefix + java.lang.Integer.toString(counter)) + .png)): null

2018-12-14 02:31:17 - [TEST_STEP][PASSED] - Statement - counter = counter + 1: null

2018-12-14 02:31:17 - [TEST_STEP][PASSED] - Statement - PreSaveFile = new java.io.File(((pathPrefix + java.lang.Integer.toString(counter)) + .png)): null

2018-12-14 02:31:17 - [TEST_STEP][PASSED] - Statement - counter = counter + 1: null

2018-12-14 02:31:17 - [TEST_STEP][PASSED] - Statement - PreSaveFile = new java.io.File(((pathPrefix + java.lang.Integer.toString(counter)) + .png)): null

2018-12-14 02:31:17 - [TEST_STEP][PASSED] - Statement - counter = counter + 1: null

2018-12-14 02:31:17 - [TEST_STEP][PASSED] - Statement - PreSaveFile = new java.io.File(((pathPrefix + java.lang.Integer.toString(counter)) + .png)): null

2018-12-14 02:31:17 - [TEST_STEP][PASSED] - Statement - counter = counter + 1: null

2018-12-14 02:31:17 - [TEST_STEP][PASSED] - Statement - PreSaveFile = new java.io.File(((pathPrefix + java.lang.Integer.toString(counter)) + .png)): null

2018-12-14 02:31:17 - [TEST_STEP][PASSED] - Statement - counter = counter + 1: null

2018-12-14 02:31:17 - [TEST_STEP][PASSED] - Statement - PreSaveFile = new java.io.File(((pathPrefix + java.lang.Integer.toString(counter)) + .png)): null

2018-12-14 02:31:17 - [TEST_STEP][PASSED] - Statement - counter = counter + 1: null

2018-12-14 02:31:17 - [TEST_STEP][PASSED] - Statement - PreSaveFile = new java.io.File(((pathPrefix + java.lang.Integer.toString(counter)) + .png)): null

2018-12-14 02:31:17 - [TEST_STEP][PASSED] - Statement - counter = counter + 1: null

2018-12-14 02:31:17 - [TEST_STEP][PASSED] - Statement - PreSaveFile = new java.io.File(((pathPrefix + java.lang.Integer.toString(counter)) + .png)): null

2018-12-14 02:31:17 - [TEST_STEP][PASSED] - Statement - counter = counter + 1: null

2018-12-14 02:31:17 - [TEST_STEP][PASSED] - Statement - PreSaveFile = new java.io.File(((pathPrefix + java.lang.Integer.toString(counter)) + .png)): null

2018-12-14 02:31:17 - [TEST_STEP][PASSED] - Statement - counter = counter + 1: null

2018-12-14 02:31:17 - [TEST_STEP][PASSED] - Statement - PreSaveFile = new java.io.File(((pathPrefix + java.lang.Integer.toString(counter)) + .png)): null

2018-12-14 02:31:17 - [TEST_STEP][PASSED] - Statement - counter = counter + 1: null

2018-12-14 02:31:17 - [TEST_STEP][PASSED] - Statement - PreSaveFile = new java.io.File(((pathPrefix + java.lang.Integer.toString(counter)) + .png)): null

2018-12-14 02:31:17 - [TEST_STEP][PASSED] - Statement - counter = counter + 1: null

2018-12-14 02:31:17 - [TEST_STEP][PASSED] - Statement - PreSaveFile = new java.io.File(((pathPrefix + java.lang.Integer.toString(counter)) + .png)): null

2018-12-14 02:31:17 - [TEST_STEP][PASSED] - Statement - counter = counter + 1: null

2018-12-14 02:31:17 - [TEST_STEP][PASSED] - Statement - PreSaveFile = new java.io.File(((pathPrefix + java.lang.Integer.toString(counter)) + .png)): null

2018-12-14 02:31:17 - [TEST_STEP][PASSED] - Statement - counter = counter + 1: null

2018-12-14 02:31:17 - [TEST_STEP][PASSED] - Statement - PreSaveFile = new java.io.File(((pathPrefix + java.lang.Integer.toString(counter)) + .png)): null

2018-12-14 02:31:17 - [TEST_STEP][PASSED] - Statement - counter = counter + 1: null

2018-12-14 02:31:17 - [TEST_STEP][PASSED] - Statement - PreSaveFile = new java.io.File(((pathPrefix + java.lang.Integer.toString(counter)) + .png)): null

2018-12-14 02:31:17 - [TEST_STEP][PASSED] - Statement - counter = counter + 1: null

2018-12-14 02:31:17 - [TEST_STEP][PASSED] - Statement - PreSaveFile = new java.io.File(((pathPrefix + java.lang.Integer.toString(counter)) + .png)): null

2018-12-14 02:31:17 - [TEST_STEP][PASSED] - Statement - counter = counter + 1: null

2018-12-14 02:31:17 - [TEST_STEP][PASSED] - Statement - PreSaveFile = new java.io.File(((pathPrefix + java.lang.Integer.toString(counter)) + .png)): null

2018-12-14 02:31:17 - [TEST_STEP][PASSED] - Statement - counter = counter + 1: null

2018-12-14 02:31:17 - [TEST_STEP][PASSED] - Statement - PreSaveFile = new java.io.File(((pathPrefix + java.lang.Integer.toString(counter)) + .png)): null

2018-12-14 02:31:17 - [TEST_STEP][PASSED] - Statement - counter = counter + 1: null

2018-12-14 02:31:17 - [TEST_STEP][PASSED] - Statement - PreSaveFile = new java.io.File(((pathPrefix + java.lang.Integer.toString(counter)) + .png)): null

2018-12-14 02:31:17 - [TEST_STEP][PASSED] - Statement - counter = counter + 1: null

2018-12-14 02:31:17 - [TEST_STEP][PASSED] - Statement - PreSaveFile = new java.io.File(((pathPrefix + java.lang.Integer.toString(counter)) + .png)): null

2018-12-14 02:31:17 - [TEST_STEP][PASSED] - Statement - counter = counter + 1: null

2018-12-14 02:31:17 - [TEST_STEP][PASSED] - Statement - PreSaveFile = new java.io.File(((pathPrefix + java.lang.Integer.toString(counter)) + .png)): null

2018-12-14 02:31:17 - [TEST_STEP][PASSED] - Statement - counter = counter + 1: null

2018-12-14 02:31:17 - [TEST_STEP][PASSED] - Statement - PreSaveFile = new java.io.File(((pathPrefix + java.lang.Integer.toString(counter)) + .png)): null

2018-12-14 02:31:17 - [TEST_STEP][PASSED] - Statement - counter = counter + 1: null

2018-12-14 02:31:17 - [TEST_STEP][PASSED] - Statement - PreSaveFile = new java.io.File(((pathPrefix + java.lang.Integer.toString(counter)) + .png)): null

2018-12-14 02:31:17 - [TEST_STEP][PASSED] - Statement - counter = counter + 1: null

2018-12-14 02:31:17 - [TEST_STEP][PASSED] - Statement - PreSaveFile = new java.io.File(((pathPrefix + java.lang.Integer.toString(counter)) + .png)): null

2018-12-14 02:31:17 - [TEST_STEP][PASSED] - Statement - counter = counter + 1: null

2018-12-14 02:31:17 - [TEST_STEP][PASSED] - Statement - PreSaveFile = new java.io.File(((pathPrefix + java.lang.Integer.toString(counter)) + .png)): null

2018-12-14 02:31:17 - [TEST_STEP][PASSED] - Statement - counter = counter + 1: null

2018-12-14 02:31:17 - [TEST_STEP][PASSED] - Statement - PreSaveFile = new java.io.File(((pathPrefix + java.lang.Integer.toString(counter)) + .png)): null

2018-12-14 02:31:17 - [TEST_STEP][PASSED] - Statement - counter = counter + 1: null

2018-12-14 02:31:17 - [TEST_STEP][PASSED] - Statement - PreSaveFile = new java.io.File(((pathPrefix + java.lang.Integer.toString(counter)) + .png)): null

2018-12-14 02:31:17 - [TEST_STEP][PASSED] - Statement - counter = counter + 1: null

2018-12-14 02:31:17 - [TEST_STEP][PASSED] - Statement - PreSaveFile = new java.io.File(((pathPrefix + java.lang.Integer.toString(counter)) + .png)): null

2018-12-14 02:31:17 - [TEST_STEP][PASSED] - Statement - counter = counter + 1: null

2018-12-14 02:31:17 - [TEST_STEP][PASSED] - Statement - PreSaveFile = new java.io.File(((pathPrefix + java.lang.Integer.toString(counter)) + .png)): null

2018-12-14 02:31:17 - [TEST_STEP][PASSED] - Statement - counter = counter + 1: null

2018-12-14 02:31:17 - [TEST_STEP][PASSED] - Statement - PreSaveFile = new java.io.File(((pathPrefix + java.lang.Integer.toString(counter)) + .png)): null

2018-12-14 02:31:17 - [TEST_STEP][PASSED] - Statement - counter = counter + 1: null

2018-12-14 02:31:17 - [TEST_STEP][PASSED] - Statement - PreSaveFile = new java.io.File(((pathPrefix + java.lang.Integer.toString(counter)) + .png)): null

2018-12-14 02:31:17 - [TEST_STEP][PASSED] - Statement - counter = counter + 1: null

2018-12-14 02:31:17 - [TEST_STEP][PASSED] - Statement - PreSaveFile = new java.io.File(((pathPrefix + java.lang.Integer.toString(counter)) + .png)): null

2018-12-14 02:31:17 - [TEST_STEP][PASSED] - Statement - counter = counter + 1: null

2018-12-14 02:31:17 - [TEST_STEP][PASSED] - Statement - PreSaveFile = new java.io.File(((pathPrefix + java.lang.Integer.toString(counter)) + .png)): null

2018-12-14 02:31:17 - [TEST_STEP][PASSED] - Statement - counter = counter + 1: null

2018-12-14 02:31:17 - [TEST_STEP][PASSED] - Statement - PreSaveFile = new java.io.File(((pathPrefix + java.lang.Integer.toString(counter)) + .png)): null

2018-12-14 02:31:17 - [TEST_STEP][PASSED] - Statement - counter = counter + 1: null

2018-12-14 02:31:17 - [TEST_STEP][PASSED] - Statement - PreSaveFile = new java.io.File(((pathPrefix + java.lang.Integer.toString(counter)) + .png)): null

2018-12-14 02:31:17 - [TEST_STEP][PASSED] - Statement - counter = counter + 1: null

2018-12-14 02:31:17 - [TEST_STEP][PASSED] - Statement - PreSaveFile = new java.io.File(((pathPrefix + java.lang.Integer.toString(counter)) + .png)): null

2018-12-14 02:31:17 - [TEST_STEP][PASSED] - Statement - counter = counter + 1: null

2018-12-14 02:31:17 - [TEST_STEP][PASSED] - Statement - PreSaveFile = new java.io.File(((pathPrefix + java.lang.Integer.toString(counter)) + .png)): null

2018-12-14 02:31:17 - [TEST_STEP][PASSED] - Statement - counter = counter + 1: null

2018-12-14 02:31:17 - [TEST_STEP][PASSED] - Statement - PreSaveFile = new java.io.File(((pathPrefix + java.lang.Integer.toString(counter)) + .png)): null

2018-12-14 02:31:17 - [TEST_STEP][PASSED] - Statement - counter = counter + 1: null

2018-12-14 02:31:17 - [TEST_STEP][PASSED] - Statement - PreSaveFile = new java.io.File(((pathPrefix + java.lang.Integer.toString(counter)) + .png)): null

2018-12-14 02:31:17 - [TEST_STEP][PASSED] - Statement - counter = counter + 1: null

2018-12-14 02:31:17 - [TEST_STEP][PASSED] - Statement - PreSaveFile = new java.io.File(((pathPrefix + java.lang.Integer.toString(counter)) + .png)): null

2018-12-14 02:31:17 - [TEST_STEP][PASSED] - Statement - counter = counter + 1: null

2018-12-14 02:31:17 - [TEST_STEP][PASSED] - Statement - PreSaveFile = new java.io.File(((pathPrefix + java.lang.Integer.toString(counter)) + .png)): null

2018-12-14 02:31:17 - [TEST_STEP][PASSED] - Statement - counter = counter + 1: null

2018-12-14 02:31:17 - [TEST_STEP][PASSED] - Statement - PreSaveFile = new java.io.File(((pathPrefix + java.lang.Integer.toString(counter)) + .png)): null

2018-12-14 02:31:17 - [TEST_STEP][PASSED] - Statement - counter = counter + 1: null

2018-12-14 02:31:17 - [TEST_STEP][PASSED] - Statement - PreSaveFile = new java.io.File(((pathPrefix + java.lang.Integer.toString(counter)) + .png)): null

2018-12-14 02:31:17 - [TEST_STEP][PASSED] - Statement - counter = counter + 1: null

2018-12-14 02:31:17 - [TEST_STEP][PASSED] - Statement - PreSaveFile = new java.io.File(((pathPrefix + java.lang.Integer.toString(counter)) + .png)): null

2018-12-14 02:31:17 - [TEST_STEP][PASSED] - Statement - counter = counter + 1: null

2018-12-14 02:31:17 - [TEST_STEP][PASSED] - Statement - PreSaveFile = new java.io.File(((pathPrefix + java.lang.Integer.toString(counter)) + .png)): null

2018-12-14 02:31:17 - [TEST_STEP][PASSED] - Statement - counter = counter + 1: null

2018-12-14 02:31:17 - [TEST_STEP][PASSED] - Statement - PreSaveFile = new java.io.File(((pathPrefix + java.lang.Integer.toString(counter)) + .png)): null

2018-12-14 02:31:17 - [TEST_STEP][PASSED] - Statement - counter = counter + 1: null

2018-12-14 02:31:17 - [TEST_STEP][PASSED] - Statement - PreSaveFile = new java.io.File(((pathPrefix + java.lang.Integer.toString(counter)) + .png)): null

2018-12-14 02:31:17 - [TEST_STEP][PASSED] - Statement - counter = counter + 1: null

2018-12-14 02:31:17 - [TEST_STEP][PASSED] - Statement - PreSaveFile = new java.io.File(((pathPrefix + java.lang.Integer.toString(counter)) + .png)): null

2018-12-14 02:31:17 - [TEST_STEP][PASSED] - Statement - counter = counter + 1: null

2018-12-14 02:31:17 - [TEST_STEP][PASSED] - Statement - PreSaveFile = new java.io.File(((pathPrefix + java.lang.Integer.toString(counter)) + .png)): null

2018-12-14 02:31:17 - [TEST_STEP][PASSED] - Statement - counter = counter + 1: null

2018-12-14 02:31:17 - [TEST_STEP][PASSED] - Statement - PreSaveFile = new java.io.File(((pathPrefix + java.lang.Integer.toString(counter)) + .png)): null

2018-12-14 02:31:17 - [TEST_STEP][PASSED] - Statement - counter = counter + 1: null

2018-12-14 02:31:17 - [TEST_STEP][PASSED] - Statement - PreSaveFile = new java.io.File(((pathPrefix + java.lang.Integer.toString(counter)) + .png)): null

2018-12-14 02:31:17 - [TEST_STEP][PASSED] - Statement - counter = counter + 1: null

2018-12-14 02:31:17 - [TEST_STEP][PASSED] - Statement - PreSaveFile = new java.io.File(((pathPrefix + java.lang.Integer.toString(counter)) + .png)): null

2018-12-14 02:31:17 - [TEST_STEP][PASSED] - Statement - counter = counter + 1: null

2018-12-14 02:31:17 - [TEST_STEP][PASSED] - Statement - PreSaveFile = new java.io.File(((pathPrefix + java.lang.Integer.toString(counter)) + .png)): null

2018-12-14 02:31:17 - [TEST_STEP][PASSED] - Statement - counter = counter + 1: null

2018-12-14 02:31:17 - [TEST_STEP][PASSED] - Statement - PreSaveFile = new java.io.File(((pathPrefix + java.lang.Integer.toString(counter)) + .png)): null

2018-12-14 02:31:17 - [TEST_STEP][PASSED] - Statement - counter = counter + 1: null

2018-12-14 02:31:17 - [TEST_STEP][PASSED] - Statement - PreSaveFile = new java.io.File(((pathPrefix + java.lang.Integer.toString(counter)) + .png)): null

2018-12-14 02:31:17 - [TEST_STEP][PASSED] - Statement - counter = counter + 1: null

2018-12-14 02:31:17 - [TEST_STEP][PASSED] - Statement - PreSaveFile = new java.io.File(((pathPrefix + java.lang.Integer.toString(counter)) + .png)): null

2018-12-14 02:31:17 - [TEST_STEP][PASSED] - Statement - counter = counter + 1: null

2018-12-14 02:31:17 - [TEST_STEP][PASSED] - Statement - PreSaveFile = new java.io.File(((pathPrefix + java.lang.Integer.toString(counter)) + .png)): null

2018-12-14 02:31:17 - [TEST_STEP][PASSED] - Statement - counter = counter + 1: null

2018-12-14 02:31:17 - [TEST_STEP][PASSED] - Statement - PreSaveFile = new java.io.File(((pathPrefix + java.lang.Integer.toString(counter)) + .png)): null

2018-12-14 02:31:17 - [TEST_STEP][PASSED] - Statement - counter = counter + 1: null

2018-12-14 02:31:17 - [TEST_STEP][PASSED] - Statement - PreSaveFile = new java.io.File(((pathPrefix + java.lang.Integer.toString(counter)) + .png)): null

2018-12-14 02:31:17 - [TEST_STEP][PASSED] - Statement - counter = counter + 1: null

2018-12-14 02:31:17 - [TEST_STEP][PASSED] - Statement - PreSaveFile = new java.io.File(((pathPrefix + java.lang.Integer.toString(counter)) + .png)): null

2018-12-14 02:31:17 - [TEST_STEP][PASSED] - Statement - counter = counter + 1: null

2018-12-14 02:31:17 - [TEST_STEP][PASSED] - Statement - PreSaveFile = new java.io.File(((pathPrefix + java.lang.Integer.toString(counter)) + .png)): null

2018-12-14 02:31:17 - [TEST_STEP][PASSED] - Statement - counter = counter + 1: null

2018-12-14 02:31:17 - [TEST_STEP][PASSED] - Statement - PreSaveFile = new java.io.File(((pathPrefix + java.lang.Integer.toString(counter)) + .png)): null

2018-12-14 02:31:17 - [TEST_STEP][PASSED] - Statement - counter = counter + 1: null

2018-12-14 02:31:17 - [TEST_STEP][PASSED] - Statement - PreSaveFile = new java.io.File(((pathPrefix + java.lang.Integer.toString(counter)) + .png)): null

2018-12-14 02:31:17 - [TEST_STEP][PASSED] - Statement - counter = counter + 1: null

2018-12-14 02:31:17 - [TEST_STEP][PASSED] - Statement - PreSaveFile = new java.io.File(((pathPrefix + java.lang.Integer.toString(counter)) + .png)): null

2018-12-14 02:31:17 - [TEST_STEP][PASSED] - Statement - counter = counter + 1: null

2018-12-14 02:31:17 - [TEST_STEP][PASSED] - Statement - PreSaveFile = new java.io.File(((pathPrefix + java.lang.Integer.toString(counter)) + .png)): null

2018-12-14 02:31:17 - [TEST_STEP][PASSED] - Statement - counter = counter + 1: null

2018-12-14 02:31:17 - [TEST_STEP][PASSED] - Statement - PreSaveFile = new java.io.File(((pathPrefix + java.lang.Integer.toString(counter)) + .png)): null

2018-12-14 02:31:17 - [TEST_STEP][PASSED] - Statement - counter = counter + 1: null

2018-12-14 02:31:17 - [TEST_STEP][PASSED] - Statement - PreSaveFile = new java.io.File(((pathPrefix + java.lang.Integer.toString(counter)) + .png)): null

2018-12-14 02:31:17 - [TEST_STEP][PASSED] - Statement - counter = counter + 1: null

2018-12-14 02:31:17 - [TEST_STEP][PASSED] - Statement - PreSaveFile = new java.io.File(((pathPrefix + java.lang.Integer.toString(counter)) + .png)): null

2018-12-14 02:31:17 - [TEST_STEP][PASSED] - Statement - counter = counter + 1: null

2018-12-14 02:31:17 - [TEST_STEP][PASSED] - Statement - PreSaveFile = new java.io.File(((pathPrefix + java.lang.Integer.toString(counter)) + .png)): null

2018-12-14 02:31:17 - [TEST_STEP][PASSED] - Statement - counter = counter + 1: null

2018-12-14 02:31:17 - [TEST_STEP][PASSED] - Statement - PreSaveFile = new java.io.File(((pathPrefix + java.lang.Integer.toString(counter)) + .png)): null

2018-12-14 02:31:17 - [TEST_STEP][PASSED] - Statement - counter = counter + 1: null

2018-12-14 02:31:17 - [TEST_STEP][PASSED] - Statement - PreSaveFile = new java.io.File(((pathPrefix + java.lang.Integer.toString(counter)) + .png)): null

2018-12-14 02:31:17 - [TEST_STEP][PASSED] - Statement - counter = counter + 1: null

2018-12-14 02:31:17 - [TEST_STEP][PASSED] - Statement - PreSaveFile = new java.io.File(((pathPrefix + java.lang.Integer.toString(counter)) + .png)): null

2018-12-14 02:31:17 - [TEST_STEP][PASSED] - Statement - counter = counter + 1: null

2018-12-14 02:31:17 - [TEST_STEP][PASSED] - Statement - PreSaveFile = new java.io.File(((pathPrefix + java.lang.Integer.toString(counter)) + .png)): null

2018-12-14 02:31:17 - [TEST_STEP][PASSED] - Statement - counter = counter + 1: null

2018-12-14 02:31:17 - [TEST_STEP][PASSED] - Statement - PreSaveFile = new java.io.File(((pathPrefix + java.lang.Integer.toString(counter)) + .png)): null

2018-12-14 02:31:17 - [TEST_STEP][PASSED] - Statement - counter = counter + 1: null

2018-12-14 02:31:17 - [TEST_STEP][PASSED] - Statement - PreSaveFile = new java.io.File(((pathPrefix + java.lang.Integer.toString(counter)) + .png)): null

2018-12-14 02:31:17 - [TEST_STEP][PASSED] - Statement - counter = counter + 1: null

2018-12-14 02:31:17 - [TEST_STEP][PASSED] - Statement - PreSaveFile = new java.io.File(((pathPrefix + java.lang.Integer.toString(counter)) + .png)): null

2018-12-14 02:31:17 - [TEST_STEP][PASSED] - Statement - counter = counter + 1: null

2018-12-14 02:31:17 - [TEST_STEP][PASSED] - Statement - PreSaveFile = new java.io.File(((pathPrefix + java.lang.Integer.toString(counter)) + .png)): null

2018-12-14 02:31:17 - [TEST_STEP][PASSED] - Statement - counter = counter + 1: null

2018-12-14 02:31:17 - [TEST_STEP][PASSED] - Statement - PreSaveFile = new java.io.File(((pathPrefix + java.lang.Integer.toString(counter)) + .png)): null

2018-12-14 02:31:17 - [TEST_STEP][PASSED] - Statement - counter = counter + 1: null

2018-12-14 02:31:17 - [TEST_STEP][PASSED] - Statement - PreSaveFile = new java.io.File(((pathPrefix + java.lang.Integer.toString(counter)) + .png)): null

2018-12-14 02:31:17 - [TEST_STEP][PASSED] - Statement - counter = counter + 1: null

2018-12-14 02:31:17 - [TEST_STEP][PASSED] - Statement - PreSaveFile = new java.io.File(((pathPrefix + java.lang.Integer.toString(counter)) + .png)): null

2018-12-14 02:31:17 - [TEST_STEP][PASSED] - Statement - counter = counter + 1: null

2018-12-14 02:31:18 - [TEST_STEP][PASSED] - Statement - PreSaveFile = new java.io.File(((pathPrefix + java.lang.Integer.toString(counter)) + .png)): null

2018-12-14 02:31:18 - [TEST_STEP][PASSED] - Statement - counter = counter + 1: null

2018-12-14 02:31:18 - [TEST_STEP][PASSED] - Statement - PreSaveFile = new java.io.File(((pathPrefix + java.lang.Integer.toString(counter)) + .png)): null

2018-12-14 02:31:18 - [TEST_STEP][PASSED] - Statement - counter = counter + 1: null

2018-12-14 02:31:18 - [TEST_STEP][PASSED] - Statement - PreSaveFile = new java.io.File(((pathPrefix + java.lang.Integer.toString(counter)) + .png)): null

2018-12-14 02:31:18 - [TEST_STEP][PASSED] - Statement - counter = counter + 1: null

2018-12-14 02:31:18 - [TEST_STEP][PASSED] - Statement - PreSaveFile = new java.io.File(((pathPrefix + java.lang.Integer.toString(counter)) + .png)): null

2018-12-14 02:31:18 - [TEST_STEP][PASSED] - Statement - counter = counter + 1: null

2018-12-14 02:31:18 - [TEST_STEP][PASSED] - Statement - PreSaveFile = new java.io.File(((pathPrefix + java.lang.Integer.toString(counter)) + .png)): null

2018-12-14 02:31:18 - [TEST_STEP][PASSED] - Statement - counter = counter + 1: null

2018-12-14 02:31:18 - [TEST_STEP][PASSED] - Statement - PreSaveFile = new java.io.File(((pathPrefix + java.lang.Integer.toString(counter)) + .png)): null

2018-12-14 02:31:18 - [TEST_STEP][PASSED] - Statement - counter = counter + 1: null

2018-12-14 02:31:18 - [TEST_STEP][PASSED] - Statement - PreSaveFile = new java.io.File(((pathPrefix + java.lang.Integer.toString(counter)) + .png)): null

2018-12-14 02:31:18 - [TEST_STEP][PASSED] - Statement - counter = counter + 1: null

2018-12-14 02:31:18 - [TEST_STEP][PASSED] - Statement - PreSaveFile = new java.io.File(((pathPrefix + java.lang.Integer.toString(counter)) + .png)): null

2018-12-14 02:31:18 - [TEST_STEP][PASSED] - Statement - counter = counter + 1: null

2018-12-14 02:31:18 - [TEST_STEP][PASSED] - Statement - PreSaveFile = new java.io.File(((pathPrefix + java.lang.Integer.toString(counter)) + .png)): null

2018-12-14 02:31:18 - [TEST_STEP][PASSED] - Statement - counter = counter + 1: null

2018-12-14 02:31:18 - [TEST_STEP][PASSED] - Statement - PreSaveFile = new java.io.File(((pathPrefix + java.lang.Integer.toString(counter)) + .png)): null

2018-12-14 02:31:18 - [TEST_STEP][PASSED] - Statement - counter = counter + 1: null

2018-12-14 02:31:18 - [TEST_STEP][PASSED] - Statement - PreSaveFile = new java.io.File(((pathPrefix + java.lang.Integer.toString(counter)) + .png)): null

2018-12-14 02:31:18 - [TEST_STEP][PASSED] - Statement - counter = counter + 1: null

2018-12-14 02:31:18 - [TEST_STEP][PASSED] - Statement - PreSaveFile = new java.io.File(((pathPrefix + java.lang.Integer.toString(counter)) + .png)): null

2018-12-14 02:31:18 - [TEST_STEP][PASSED] - Statement - counter = counter + 1: null

2018-12-14 02:31:18 - [TEST_STEP][PASSED] - Statement - PreSaveFile = new java.io.File(((pathPrefix + java.lang.Integer.toString(counter)) + .png)): null

2018-12-14 02:31:18 - [TEST_STEP][PASSED] - Statement - counter = counter + 1: null

2018-12-14 02:31:18 - [TEST_STEP][PASSED] - Statement - PreSaveFile = new java.io.File(((pathPrefix + java.lang.Integer.toString(counter)) + .png)): null

2018-12-14 02:31:18 - [TEST_STEP][PASSED] - Statement - counter = counter + 1: null

2018-12-14 02:31:18 - [TEST_STEP][PASSED] - Statement - PreSaveFile = new java.io.File(((pathPrefix + java.lang.Integer.toString(counter)) + .png)): null

2018-12-14 02:31:18 - [TEST_STEP][PASSED] - Statement - counter = counter + 1: null

2018-12-14 02:31:18 - [TEST_STEP][PASSED] - Statement - PreSaveFile = new java.io.File(((pathPrefix + java.lang.Integer.toString(counter)) + .png)): null

2018-12-14 02:31:18 - [TEST_STEP][PASSED] - Statement - counter = counter + 1: null

2018-12-14 02:31:18 - [TEST_STEP][PASSED] - Statement - PreSaveFile = new java.io.File(((pathPrefix + java.lang.Integer.toString(counter)) + .png)): null

2018-12-14 02:31:18 - [TEST_STEP][PASSED] - Statement - counter = counter + 1: null

2018-12-14 02:31:18 - [TEST_STEP][PASSED] - Statement - PreSaveFile = new java.io.File(((pathPrefix + java.lang.Integer.toString(counter)) + .png)): null

2018-12-14 02:31:18 - [TEST_STEP][PASSED] - Statement - counter = counter + 1: null

2018-12-14 02:31:18 - [TEST_STEP][PASSED] - Statement - PreSaveFile = new java.io.File(((pathPrefix + java.lang.Integer.toString(counter)) + .png)): null

2018-12-14 02:31:18 - [TEST_STEP][PASSED] - Statement - counter = counter + 1: null

2018-12-14 02:31:18 - [TEST_STEP][PASSED] - Statement - PreSaveFile = new java.io.File(((pathPrefix + java.lang.Integer.toString(counter)) + .png)): null

2018-12-14 02:31:18 - [TEST_STEP][PASSED] - Statement - counter = counter + 1: null

2018-12-14 02:31:18 - [TEST_STEP][PASSED] - Statement - PreSaveFile = new java.io.File(((pathPrefix + java.lang.Integer.toString(counter)) + .png)): null

2018-12-14 02:31:18 - [TEST_STEP][PASSED] - Statement - counter = counter + 1: null

2018-12-14 02:31:18 - [TEST_STEP][PASSED] - Statement - PreSaveFile = new java.io.File(((pathPrefix + java.lang.Integer.toString(counter)) + .png)): null

2018-12-14 02:31:18 - [TEST_STEP][PASSED] - Statement - counter = counter + 1: null

2018-12-14 02:31:18 - [TEST_STEP][PASSED] - Statement - PreSaveFile = new java.io.File(((pathPrefix + java.lang.Integer.toString(counter)) + .png)): null

2018-12-14 02:31:18 - [TEST_STEP][PASSED] - Statement - counter = counter + 1: null

2018-12-14 02:31:18 - [TEST_STEP][PASSED] - Statement - PreSaveFile = new java.io.File(((pathPrefix + java.lang.Integer.toString(counter)) + .png)): null

2018-12-14 02:31:18 - [TEST_STEP][PASSED] - Statement - counter = counter + 1: null

2018-12-14 02:31:18 - [TEST_STEP][PASSED] - Statement - PreSaveFile = new java.io.File(((pathPrefix + java.lang.Integer.toString(counter)) + .png)): null

2018-12-14 02:31:18 - [TEST_STEP][PASSED] - Statement - counter = counter + 1: null

2018-12-14 02:31:18 - [TEST_STEP][PASSED] - Statement - PreSaveFile = new java.io.File(((pathPrefix + java.lang.Integer.toString(counter)) + .png)): null

2018-12-14 02:31:18 - [TEST_STEP][PASSED] - Statement - counter = counter + 1: null

2018-12-14 02:31:18 - [TEST_STEP][PASSED] - Statement - PreSaveFile = new java.io.File(((pathPrefix + java.lang.Integer.toString(counter)) + .png)): null

2018-12-14 02:31:18 - [TEST_STEP][PASSED] - Statement - counter = counter + 1: null

2018-12-14 02:31:18 - [TEST_STEP][PASSED] - Statement - PreSaveFile = new java.io.File(((pathPrefix + java.lang.Integer.toString(counter)) + .png)): null

2018-12-14 02:31:18 - [TEST_STEP][PASSED] - Statement - counter = counter + 1: null

2018-12-14 02:31:18 - [TEST_STEP][PASSED] - Statement - PreSaveFile = new java.io.File(((pathPrefix + java.lang.Integer.toString(counter)) + .png)): null

2018-12-14 02:31:18 - [TEST_STEP][PASSED] - Statement - counter = counter + 1: null

2018-12-14 02:31:18 - [TEST_STEP][PASSED] - Statement - PreSaveFile = new java.io.File(((pathPrefix + java.lang.Integer.toString(counter)) + .png)): null

2018-12-14 02:31:18 - [TEST_STEP][PASSED] - Statement - counter = counter + 1: null

2018-12-14 02:31:18 - [TEST_STEP][PASSED] - Statement - PreSaveFile = new java.io.File(((pathPrefix + java.lang.Integer.toString(counter)) + .png)): null

2018-12-14 02:31:18 - [TEST_STEP][PASSED] - Statement - counter = counter + 1: null

2018-12-14 02:31:18 - [TEST_STEP][PASSED] - Statement - PreSaveFile = new java.io.File(((pathPrefix + java.lang.Integer.toString(counter)) + .png)): null

2018-12-14 02:31:18 - [TEST_STEP][PASSED] - Statement - counter = counter + 1: null

2018-12-14 02:31:18 - [TEST_STEP][PASSED] - Statement - PreSaveFile = new java.io.File(((pathPrefix + java.lang.Integer.toString(counter)) + .png)): null

2018-12-14 02:31:18 - [TEST_STEP][PASSED] - Statement - counter = counter + 1: null

2018-12-14 02:31:18 - [TEST_STEP][PASSED] - Statement - PreSaveFile = new java.io.File(((pathPrefix + java.lang.Integer.toString(counter)) + .png)): null

2018-12-14 02:31:18 - [TEST_STEP][PASSED] - Statement - counter = counter + 1: null

2018-12-14 02:31:18 - [TEST_STEP][PASSED] - Statement - PreSaveFile = new java.io.File(((pathPrefix + java.lang.Integer.toString(counter)) + .png)): null

2018-12-14 02:31:18 - [TEST_STEP][PASSED] - Statement - counter = counter + 1: null

2018-12-14 02:31:18 - [TEST_STEP][PASSED] - Statement - PreSaveFile = new java.io.File(((pathPrefix + java.lang.Integer.toString(counter)) + .png)): null

2018-12-14 02:31:18 - [TEST_STEP][PASSED] - Statement - counter = counter + 1: null

2018-12-14 02:31:18 - [TEST_STEP][PASSED] - Statement - PreSaveFile = new java.io.File(((pathPrefix + java.lang.Integer.toString(counter)) + .png)): null

2018-12-14 02:31:18 - [TEST_STEP][PASSED] - Statement - counter = counter + 1: null

2018-12-14 02:31:18 - [TEST_STEP][PASSED] - Statement - PreSaveFile = new java.io.File(((pathPrefix + java.lang.Integer.toString(counter)) + .png)): null

2018-12-14 02:31:18 - [TEST_STEP][PASSED] - Statement - counter = counter + 1: null

2018-12-14 02:31:18 - [TEST_STEP][PASSED] - Statement - PreSaveFile = new java.io.File(((pathPrefix + java.lang.Integer.toString(counter)) + .png)): null

2018-12-14 02:31:18 - [TEST_STEP][PASSED] - Statement - counter = counter + 1: null

2018-12-14 02:31:18 - [TEST_STEP][PASSED] - Statement - PreSaveFile = new java.io.File(((pathPrefix + java.lang.Integer.toString(counter)) + .png)): null

2018-12-14 02:31:18 - [TEST_STEP][PASSED] - Statement - counter = counter + 1: null

2018-12-14 02:31:18 - [TEST_STEP][PASSED] - Statement - PreSaveFile = new java.io.File(((pathPrefix + java.lang.Integer.toString(counter)) + .png)): null

2018-12-14 02:31:18 - [TEST_STEP][PASSED] - Statement - counter = counter + 1: null

2018-12-14 02:31:18 - [TEST_STEP][PASSED] - Statement - PreSaveFile = new java.io.File(((pathPrefix + java.lang.Integer.toString(counter)) + .png)): null

2018-12-14 02:31:18 - [TEST_STEP][PASSED] - Statement - counter = counter + 1: null

2018-12-14 02:31:18 - [TEST_STEP][PASSED] - Statement - PreSaveFile = new java.io.File(((pathPrefix + java.lang.Integer.toString(counter)) + .png)): null

2018-12-14 02:31:18 - [TEST_STEP][PASSED] - Statement - counter = counter + 1: null

2018-12-14 02:31:18 - [TEST_STEP][PASSED] - Statement - PreSaveFile = new java.io.File(((pathPrefix + java.lang.Integer.toString(counter)) + .png)): null

2018-12-14 02:31:18 - [TEST_STEP][PASSED] - Statement - counter = counter + 1: null

2018-12-14 02:31:18 - [TEST_STEP][PASSED] - Statement - PreSaveFile = new java.io.File(((pathPrefix + java.lang.Integer.toString(counter)) + .png)): null

2018-12-14 02:31:18 - [TEST_STEP][PASSED] - Statement - counter = counter + 1: null

2018-12-14 02:31:18 - [TEST_STEP][PASSED] - Statement - PreSaveFile = new java.io.File(((pathPrefix + java.lang.Integer.toString(counter)) + .png)): null

2018-12-14 02:31:18 - [TEST_STEP][PASSED] - Statement - counter = counter + 1: null

2018-12-14 02:31:18 - [TEST_STEP][PASSED] - Statement - PreSaveFile = new java.io.File(((pathPrefix + java.lang.Integer.toString(counter)) + .png)): null

2018-12-14 02:31:18 - [TEST_STEP][PASSED] - Statement - counter = counter + 1: null

2018-12-14 02:31:18 - [TEST_STEP][PASSED] - Statement - PreSaveFile = new java.io.File(((pathPrefix + java.lang.Integer.toString(counter)) + .png)): null

2018-12-14 02:31:18 - [TEST_STEP][PASSED] - Statement - counter = counter + 1: null

2018-12-14 02:31:18 - [TEST_STEP][PASSED] - Statement - PreSaveFile = new java.io.File(((pathPrefix + java.lang.Integer.toString(counter)) + .png)): null

2018-12-14 02:31:18 - [TEST_STEP][PASSED] - Statement - counter = counter + 1: null

2018-12-14 02:31:18 - [TEST_STEP][PASSED] - Statement - PreSaveFile = new java.io.File(((pathPrefix + java.lang.Integer.toString(counter)) + .png)): null

2018-12-14 02:31:18 - [TEST_STEP][PASSED] - Statement - counter = counter + 1: null

2018-12-14 02:31:18 - [TEST_STEP][PASSED] - Statement - PreSaveFile = new java.io.File(((pathPrefix + java.lang.Integer.toString(counter)) + .png)): null

2018-12-14 02:31:18 - [TEST_STEP][PASSED] - Statement - counter = counter + 1: null

2018-12-14 02:31:18 - [TEST_STEP][PASSED] - Statement - PreSaveFile = new java.io.File(((pathPrefix + java.lang.Integer.toString(counter)) + .png)): null

2018-12-14 02:31:18 - [TEST_STEP][PASSED] - Statement - counter = counter + 1: null

2018-12-14 02:31:18 - [TEST_STEP][PASSED] - Statement - PreSaveFile = new java.io.File(((pathPrefix + java.lang.Integer.toString(counter)) + .png)): null

2018-12-14 02:31:18 - [TEST_STEP][PASSED] - Statement - counter = counter + 1: null

2018-12-14 02:31:18 - [TEST_STEP][PASSED] - Statement - PreSaveFile = new java.io.File(((pathPrefix + java.lang.Integer.toString(counter)) + .png)): null

2018-12-14 02:31:18 - [TEST_STEP][PASSED] - Statement - counter = counter + 1: null

2018-12-14 02:31:18 - [TEST_STEP][PASSED] - Statement - PreSaveFile = new java.io.File(((pathPrefix + java.lang.Integer.toString(counter)) + .png)): null

2018-12-14 02:31:18 - [TEST_STEP][PASSED] - Statement - counter = counter + 1: null

2018-12-14 02:31:18 - [TEST_STEP][PASSED] - Statement - PreSaveFile = new java.io.File(((pathPrefix + java.lang.Integer.toString(counter)) + .png)): null

2018-12-14 02:31:18 - [TEST_STEP][PASSED] - Statement - counter = counter + 1: null

2018-12-14 02:31:18 - [TEST_STEP][PASSED] - Statement - PreSaveFile = new java.io.File(((pathPrefix + java.lang.Integer.toString(counter)) + .png)): null

2018-12-14 02:31:18 - [TEST_STEP][PASSED] - Statement - counter = counter + 1: null

2018-12-14 02:31:18 - [TEST_STEP][PASSED] - Statement - PreSaveFile = new java.io.File(((pathPrefix + java.lang.Integer.toString(counter)) + .png)): null

2018-12-14 02:31:18 - [TEST_STEP][PASSED] - Statement - counter = counter + 1: null

2018-12-14 02:31:18 - [TEST_STEP][PASSED] - Statement - PreSaveFile = new java.io.File(((pathPrefix + java.lang.Integer.toString(counter)) + .png)): null

2018-12-14 02:31:18 - [TEST_STEP][PASSED] - Statement - counter = counter + 1: null

2018-12-14 02:31:18 - [TEST_STEP][PASSED] - Statement - PreSaveFile = new java.io.File(((pathPrefix + java.lang.Integer.toString(counter)) + .png)): null

2018-12-14 02:31:18 - [TEST_STEP][PASSED] - Statement - counter = counter + 1: null

2018-12-14 02:31:18 - [TEST_STEP][PASSED] - Statement - PreSaveFile = new java.io.File(((pathPrefix + java.lang.Integer.toString(counter)) + .png)): null

2018-12-14 02:31:18 - [TEST_STEP][PASSED] - Statement - counter = counter + 1: null

2018-12-14 02:31:18 - [TEST_STEP][PASSED] - Statement - PreSaveFile = new java.io.File(((pathPrefix + java.lang.Integer.toString(counter)) + .png)): null

2018-12-14 02:31:18 - [TEST_STEP][PASSED] - Statement - counter = counter + 1: null

2018-12-14 02:31:18 - [TEST_STEP][PASSED] - Statement - PreSaveFile = new java.io.File(((pathPrefix + java.lang.Integer.toString(counter)) + .png)): null

2018-12-14 02:31:18 - [TEST_STEP][PASSED] - Statement - counter = counter + 1: null

2018-12-14 02:31:18 - [TEST_STEP][PASSED] - Statement - PreSaveFile = new java.io.File(((pathPrefix + java.lang.Integer.toString(counter)) + .png)): null

2018-12-14 02:31:18 - [TEST_STEP][PASSED] - Statement - counter = counter + 1: null

2018-12-14 02:31:18 - [TEST_STEP][PASSED] - Statement - PreSaveFile = new java.io.File(((pathPrefix + java.lang.Integer.toString(counter)) + .png)): null

2018-12-14 02:31:18 - [TEST_STEP][PASSED] - Statement - counter = counter + 1: null

2018-12-14 02:31:18 - [TEST_STEP][PASSED] - Statement - PreSaveFile = new java.io.File(((pathPrefix + java.lang.Integer.toString(counter)) + .png)): null

2018-12-14 02:31:18 - [TEST_STEP][PASSED] - Statement - counter = counter + 1: null

2018-12-14 02:31:18 - [TEST_STEP][PASSED] - Statement - PreSaveFile = new java.io.File(((pathPrefix + java.lang.Integer.toString(counter)) + .png)): null

2018-12-14 02:31:18 - [TEST_STEP][PASSED] - Statement - counter = counter + 1: null

2018-12-14 02:31:18 - [TEST_STEP][PASSED] - Statement - PreSaveFile = new java.io.File(((pathPrefix + java.lang.Integer.toString(counter)) + .png)): null

2018-12-14 02:31:18 - [TEST_STEP][PASSED] - Statement - counter = counter + 1: null

2018-12-14 02:31:18 - [TEST_STEP][PASSED] - Statement - PreSaveFile = new java.io.File(((pathPrefix + java.lang.Integer.toString(counter)) + .png)): null

2018-12-14 02:31:18 - [TEST_STEP][PASSED] - Statement - counter = counter + 1: null

2018-12-14 02:31:18 - [TEST_STEP][PASSED] - Statement - PreSaveFile = new java.io.File(((pathPrefix + java.lang.Integer.toString(counter)) + .png)): null

2018-12-14 02:31:18 - [TEST_STEP][PASSED] - Statement - counter = counter + 1: null

2018-12-14 02:31:18 - [TEST_STEP][PASSED] - Statement - PreSaveFile = new java.io.File(((pathPrefix + java.lang.Integer.toString(counter)) + .png)): null

2018-12-14 02:31:18 - [TEST_STEP][PASSED] - Statement - counter = counter + 1: null

2018-12-14 02:31:18 - [TEST_STEP][PASSED] - Statement - PreSaveFile = new java.io.File(((pathPrefix + java.lang.Integer.toString(counter)) + .png)): null

2018-12-14 02:31:18 - [TEST_STEP][PASSED] - Statement - counter = counter + 1: null

2018-12-14 02:31:18 - [TEST_STEP][PASSED] - Statement - PreSaveFile = new java.io.File(((pathPrefix + java.lang.Integer.toString(counter)) + .png)): null

2018-12-14 02:31:18 - [TEST_STEP][PASSED] - Statement - counter = counter + 1: null

2018-12-14 02:31:18 - [TEST_STEP][PASSED] - Statement - PreSaveFile = new java.io.File(((pathPrefix + java.lang.Integer.toString(counter)) + .png)): null

2018-12-14 02:31:18 - [TEST_STEP][PASSED] - Statement - counter = counter + 1: null

2018-12-14 02:31:18 - [TEST_STEP][PASSED] - Statement - PreSaveFile = new java.io.File(((pathPrefix + java.lang.Integer.toString(counter)) + .png)): null

2018-12-14 02:31:18 - [TEST_STEP][PASSED] - Statement - counter = counter + 1: null

2018-12-14 02:31:18 - [TEST_STEP][PASSED] - Statement - PreSaveFile = new java.io.File(((pathPrefix + java.lang.Integer.toString(counter)) + .png)): null

2018-12-14 02:31:18 - [TEST_STEP][PASSED] - Statement - counter = counter + 1: null

2018-12-14 02:31:18 - [TEST_STEP][PASSED] - Statement - PreSaveFile = new java.io.File(((pathPrefix + java.lang.Integer.toString(counter)) + .png)): null

2018-12-14 02:31:18 - [TEST_STEP][PASSED] - Statement - counter = counter + 1: null

2018-12-14 02:31:18 - [TEST_STEP][PASSED] - Statement - PreSaveFile = new java.io.File(((pathPrefix + java.lang.Integer.toString(counter)) + .png)): null

2018-12-14 02:31:18 - [TEST_STEP][PASSED] - Statement - counter = counter + 1: null

2018-12-14 02:31:18 - [TEST_STEP][PASSED] - Statement - PreSaveFile = new java.io.File(((pathPrefix + java.lang.Integer.toString(counter)) + .png)): null

2018-12-14 02:31:18 - [TEST_STEP][PASSED] - Statement - counter = counter + 1: null

2018-12-14 02:31:18 - [TEST_STEP][PASSED] - Statement - PreSaveFile = new java.io.File(((pathPrefix + java.lang.Integer.toString(counter)) + .png)): null

2018-12-14 02:31:18 - [TEST_STEP][PASSED] - Statement - counter = counter + 1: null

2018-12-14 02:31:18 - [TEST_STEP][PASSED] - Statement - PreSaveFile = new java.io.File(((pathPrefix + java.lang.Integer.toString(counter)) + .png)): null

2018-12-14 02:31:18 - [TEST_STEP][PASSED] - Statement - counter = counter + 1: null

2018-12-14 02:31:18 - [TEST_STEP][PASSED] - Statement - PreSaveFile = new java.io.File(((pathPrefix + java.lang.Integer.toString(counter)) + .png)): null

2018-12-14 02:31:18 - [TEST_STEP][PASSED] - Statement - counter = counter + 1: null

2018-12-14 02:31:18 - [TEST_STEP][PASSED] - Statement - PreSaveFile = new java.io.File(((pathPrefix + java.lang.Integer.toString(counter)) + .png)): null

2018-12-14 02:31:18 - [TEST_STEP][PASSED] - Statement - counter = counter + 1: null

2018-12-14 02:31:18 - [TEST_STEP][PASSED] - Statement - PreSaveFile = new java.io.File(((pathPrefix + java.lang.Integer.toString(counter)) + .png)): null

2018-12-14 02:31:18 - [TEST_STEP][PASSED] - Statement - counter = counter + 1: null

2018-12-14 02:31:18 - [TEST_STEP][PASSED] - Statement - PreSaveFile = new java.io.File(((pathPrefix + java.lang.Integer.toString(counter)) + .png)): null

2018-12-14 02:31:18 - [TEST_STEP][PASSED] - Statement - counter = counter + 1: null

2018-12-14 02:31:18 - [TEST_STEP][PASSED] - Statement - PreSaveFile = new java.io.File(((pathPrefix + java.lang.Integer.toString(counter)) + .png)): null

2018-12-14 02:31:18 - [TEST_STEP][PASSED] - Statement - counter = counter + 1: null

2018-12-14 02:31:18 - [TEST_STEP][PASSED] - Statement - PreSaveFile = new java.io.File(((pathPrefix + java.lang.Integer.toString(counter)) + .png)): null

2018-12-14 02:31:18 - [TEST_STEP][PASSED] - Statement - counter = counter + 1: null

2018-12-14 02:31:18 - [TEST_STEP][PASSED] - Statement - PreSaveFile = new java.io.File(((pathPrefix + java.lang.Integer.toString(counter)) + .png)): null

2018-12-14 02:31:18 - [TEST_STEP][PASSED] - Statement - counter = counter + 1: null

2018-12-14 02:31:18 - [TEST_STEP][PASSED] - Statement - PreSaveFile = new java.io.File(((pathPrefix + java.lang.Integer.toString(counter)) + .png)): null

2018-12-14 02:31:18 - [TEST_STEP][PASSED] - Statement - counter = counter + 1: null

2018-12-14 02:31:18 - [TEST_STEP][PASSED] - Statement - PreSaveFile = new java.io.File(((pathPrefix + java.lang.Integer.toString(counter)) + .png)): null

2018-12-14 02:31:18 - [TEST_STEP][PASSED] - Statement - counter = counter + 1: null

2018-12-14 02:31:18 - [TEST_STEP][PASSED] - Statement - PreSaveFile = new java.io.File(((pathPrefix + java.lang.Integer.toString(counter)) + .png)): null

2018-12-14 02:31:18 - [TEST_STEP][PASSED] - Statement - counter = counter + 1: null

2018-12-14 02:31:18 - [TEST_STEP][PASSED] - Statement - PreSaveFile = new java.io.File(((pathPrefix + java.lang.Integer.toString(counter)) + .png)): null

2018-12-14 02:31:18 - [TEST_STEP][PASSED] - Statement - counter = counter + 1: null

2018-12-14 02:31:18 - [TEST_STEP][PASSED] - Statement - PreSaveFile = new java.io.File(((pathPrefix + java.lang.Integer.toString(counter)) + .png)): null

2018-12-14 02:31:18 - [TEST_STEP][PASSED] - Statement - counter = counter + 1: null

2018-12-14 02:31:18 - [TEST_STEP][PASSED] - Statement - PreSaveFile = new java.io.File(((pathPrefix + java.lang.Integer.toString(counter)) + .png)): null

2018-12-14 02:31:18 - [TEST_STEP][PASSED] - Statement - counter = counter + 1: null

2018-12-14 02:31:18 - [TEST_STEP][PASSED] - Statement - PreSaveFile = new java.io.File(((pathPrefix + java.lang.Integer.toString(counter)) + .png)): null

2018-12-14 02:31:18 - [TEST_STEP][PASSED] - Statement - counter = counter + 1: null

2018-12-14 02:31:18 - [TEST_STEP][PASSED] - Statement - PreSaveFile = new java.io.File(((pathPrefix + java.lang.Integer.toString(counter)) + .png)): null

2018-12-14 02:31:18 - [TEST_STEP][PASSED] - Statement - counter = counter + 1: null

2018-12-14 02:31:18 - [TEST_STEP][PASSED] - Statement - PreSaveFile = new java.io.File(((pathPrefix + java.lang.Integer.toString(counter)) + .png)): null

2018-12-14 02:31:18 - [TEST_STEP][PASSED] - Statement - counter = counter + 1: null

2018-12-14 02:31:18 - [TEST_STEP][PASSED] - Statement - PreSaveFile = new java.io.File(((pathPrefix + java.lang.Integer.toString(counter)) + .png)): null

2018-12-14 02:31:18 - [TEST_STEP][PASSED] - Statement - counter = counter + 1: null

2018-12-14 02:31:18 - [TEST_STEP][PASSED] - Statement - PreSaveFile = new java.io.File(((pathPrefix + java.lang.Integer.toString(counter)) + .png)): null

2018-12-14 02:31:18 - [TEST_STEP][PASSED] - Statement - counter = counter + 1: null

2018-12-14 02:31:18 - [TEST_STEP][PASSED] - Statement - PreSaveFile = new java.io.File(((pathPrefix + java.lang.Integer.toString(counter)) + .png)): null

2018-12-14 02:31:18 - [TEST_STEP][PASSED] - Statement - counter = counter + 1: null

2018-12-14 02:31:18 - [TEST_STEP][PASSED] - Statement - PreSaveFile = new java.io.File(((pathPrefix + java.lang.Integer.toString(counter)) + .png)): null

2018-12-14 02:31:18 - [TEST_STEP][PASSED] - Statement - counter = counter + 1: null

2018-12-14 02:31:18 - [TEST_STEP][PASSED] - Statement - PreSaveFile = new java.io.File(((pathPrefix + java.lang.Integer.toString(counter)) + .png)): null

2018-12-14 02:31:18 - [TEST_STEP][PASSED] - Statement - counter = counter + 1: null

2018-12-14 02:31:18 - [TEST_STEP][PASSED] - Statement - PreSaveFile = new java.io.File(((pathPrefix + java.lang.Integer.toString(counter)) + .png)): null

2018-12-14 02:31:18 - [TEST_STEP][PASSED] - Statement - counter = counter + 1: null

2018-12-14 02:31:18 - [TEST_STEP][PASSED] - Statement - PreSaveFile = new java.io.File(((pathPrefix + java.lang.Integer.toString(counter)) + .png)): null

2018-12-14 02:31:18 - [TEST_STEP][PASSED] - Statement - counter = counter + 1: null

2018-12-14 02:31:18 - [TEST_STEP][PASSED] - Statement - PreSaveFile = new java.io.File(((pathPrefix + java.lang.Integer.toString(counter)) + .png)): null

2018-12-14 02:31:18 - [TEST_STEP][PASSED] - Statement - counter = counter + 1: null

2018-12-14 02:31:18 - [TEST_STEP][PASSED] - Statement - PreSaveFile = new java.io.File(((pathPrefix + java.lang.Integer.toString(counter)) + .png)): null

2018-12-14 02:31:18 - [TEST_STEP][PASSED] - Statement - counter = counter + 1: null

2018-12-14 02:31:18 - [TEST_STEP][PASSED] - Statement - PreSaveFile = new java.io.File(((pathPrefix + java.lang.Integer.toString(counter)) + .png)): null

2018-12-14 02:31:18 - [TEST_STEP][PASSED] - Statement - counter = counter + 1: null

2018-12-14 02:31:18 - [TEST_STEP][PASSED] - Statement - PreSaveFile = new java.io.File(((pathPrefix + java.lang.Integer.toString(counter)) + .png)): null

2018-12-14 02:31:18 - [TEST_STEP][PASSED] - Statement - counter = counter + 1: null

2018-12-14 02:31:18 - [TEST_STEP][PASSED] - Statement - PreSaveFile = new java.io.File(((pathPrefix + java.lang.Integer.toString(counter)) + .png)): null

2018-12-14 02:31:18 - [TEST_STEP][PASSED] - Statement - counter = counter + 1: null

2018-12-14 02:31:18 - [TEST_STEP][PASSED] - Statement - PreSaveFile = new java.io.File(((pathPrefix + java.lang.Integer.toString(counter)) + .png)): null

2018-12-14 02:31:18 - [TEST_STEP][PASSED] - Statement - counter = counter + 1: null

2018-12-14 02:31:18 - [TEST_STEP][PASSED] - Statement - PreSaveFile = new java.io.File(((pathPrefix + java.lang.Integer.toString(counter)) + .png)): null

2018-12-14 02:31:18 - [TEST_STEP][PASSED] - Statement - counter = counter + 1: null

2018-12-14 02:31:18 - [TEST_STEP][PASSED] - Statement - PreSaveFile = new java.io.File(((pathPrefix + java.lang.Integer.toString(counter)) + .png)): null

2018-12-14 02:31:18 - [TEST_STEP][PASSED] - Statement - counter = counter + 1: null

2018-12-14 02:31:18 - [TEST_STEP][PASSED] - Statement - PreSaveFile = new java.io.File(((pathPrefix + java.lang.Integer.toString(counter)) + .png)): null

2018-12-14 02:31:18 - [TEST_STEP][PASSED] - Statement - counter = counter + 1: null

2018-12-14 02:31:18 - [TEST_STEP][PASSED] - Statement - PreSaveFile = new java.io.File(((pathPrefix + java.lang.Integer.toString(counter)) + .png)): null

2018-12-14 02:31:18 - [TEST_STEP][PASSED] - Statement - counter = counter + 1: null

2018-12-14 02:31:18 - [TEST_STEP][PASSED] - Statement - PreSaveFile = new java.io.File(((pathPrefix + java.lang.Integer.toString(counter)) + .png)): null

2018-12-14 02:31:18 - [TEST_STEP][PASSED] - Statement - counter = counter + 1: null

2018-12-14 02:31:18 - [TEST_STEP][PASSED] - Statement - PreSaveFile = new java.io.File(((pathPrefix + java.lang.Integer.toString(counter)) + .png)): null

2018-12-14 02:31:18 - [TEST_STEP][PASSED] - Statement - counter = counter + 1: null

2018-12-14 02:31:18 - [TEST_STEP][PASSED] - Statement - PreSaveFile = new java.io.File(((pathPrefix + java.lang.Integer.toString(counter)) + .png)): null

2018-12-14 02:31:18 - [TEST_STEP][PASSED] - Statement - counter = counter + 1: null

2018-12-14 02:31:18 - [TEST_STEP][PASSED] - Statement - PreSaveFile = new java.io.File(((pathPrefix + java.lang.Integer.toString(counter)) + .png)): null

2018-12-14 02:31:18 - [TEST_STEP][PASSED] - Statement - counter = counter + 1: null

2018-12-14 02:31:18 - [TEST_STEP][PASSED] - Statement - PreSaveFile = new java.io.File(((pathPrefix + java.lang.Integer.toString(counter)) + .png)): null

2018-12-14 02:31:18 - [TEST_STEP][PASSED] - Statement - counter = counter + 1: null

2018-12-14 02:31:18 - [TEST_STEP][PASSED] - Statement - PreSaveFile = new java.io.File(((pathPrefix + java.lang.Integer.toString(counter)) + .png)): null

2018-12-14 02:31:18 - [TEST_STEP][PASSED] - Statement - counter = counter + 1: null

2018-12-14 02:31:18 - [TEST_STEP][PASSED] - Statement - PreSaveFile = new java.io.File(((pathPrefix + java.lang.Integer.toString(counter)) + .png)): null

2018-12-14 02:31:18 - [TEST_STEP][PASSED] - Statement - counter = counter + 1: null

2018-12-14 02:31:18 - [TEST_STEP][PASSED] - Statement - PreSaveFile = new java.io.File(((pathPrefix + java.lang.Integer.toString(counter)) + .png)): null

2018-12-14 02:31:18 - [TEST_STEP][PASSED] - Statement - counter = counter + 1: null

2018-12-14 02:31:18 - [TEST_STEP][PASSED] - Statement - PreSaveFile = new java.io.File(((pathPrefix + java.lang.Integer.toString(counter)) + .png)): null

2018-12-14 02:31:18 - [TEST_STEP][PASSED] - Statement - counter = counter + 1: null

2018-12-14 02:31:18 - [TEST_STEP][PASSED] - Statement - PreSaveFile = new java.io.File(((pathPrefix + java.lang.Integer.toString(counter)) + .png)): null

2018-12-14 02:31:18 - [TEST_STEP][PASSED] - Statement - counter = counter + 1: null

2018-12-14 02:31:18 - [TEST_STEP][PASSED] - Statement - PreSaveFile = new java.io.File(((pathPrefix + java.lang.Integer.toString(counter)) + .png)): null

2018-12-14 02:31:18 - [TEST_STEP][PASSED] - Statement - counter = counter + 1: null

2018-12-14 02:31:18 - [TEST_STEP][PASSED] - Statement - PreSaveFile = new java.io.File(((pathPrefix + java.lang.Integer.toString(counter)) + .png)): null

2018-12-14 02:31:18 - [TEST_STEP][PASSED] - Statement - counter = counter + 1: null

2018-12-14 02:31:18 - [TEST_STEP][PASSED] - Statement - PreSaveFile = new java.io.File(((pathPrefix + java.lang.Integer.toString(counter)) + .png)): null

2018-12-14 02:31:18 - [TEST_STEP][PASSED] - Statement - counter = counter + 1: null

2018-12-14 02:31:18 - [TEST_STEP][PASSED] - Statement - PreSaveFile = new java.io.File(((pathPrefix + java.lang.Integer.toString(counter)) + .png)): null

2018-12-14 02:31:18 - [TEST_STEP][PASSED] - Statement - counter = counter + 1: null

2018-12-14 02:31:18 - [TEST_STEP][PASSED] - Statement - PreSaveFile = new java.io.File(((pathPrefix + java.lang.Integer.toString(counter)) + .png)): null

2018-12-14 02:31:18 - [TEST_STEP][PASSED] - Statement - counter = counter + 1: null

2018-12-14 02:31:18 - [TEST_STEP][PASSED] - Statement - PreSaveFile = new java.io.File(((pathPrefix + java.lang.Integer.toString(counter)) + .png)): null

2018-12-14 02:31:18 - [TEST_STEP][PASSED] - Statement - counter = counter + 1: null

2018-12-14 02:31:18 - [TEST_STEP][PASSED] - Statement - PreSaveFile = new java.io.File(((pathPrefix + java.lang.Integer.toString(counter)) + .png)): null

2018-12-14 02:31:18 - [TEST_STEP][PASSED] - Statement - counter = counter + 1: null

2018-12-14 02:31:18 - [TEST_STEP][PASSED] - Statement - PreSaveFile = new java.io.File(((pathPrefix + java.lang.Integer.toString(counter)) + .png)): null

2018-12-14 02:31:18 - [TEST_STEP][PASSED] - Statement - counter = counter + 1: null

2018-12-14 02:31:18 - [TEST_STEP][PASSED] - Statement - PreSaveFile = new java.io.File(((pathPrefix + java.lang.Integer.toString(counter)) + .png)): null

2018-12-14 02:31:18 - [TEST_STEP][PASSED] - Statement - counter = counter + 1: null

2018-12-14 02:31:18 - [TEST_STEP][PASSED] - Statement - PreSaveFile = new java.io.File(((pathPrefix + java.lang.Integer.toString(counter)) + .png)): null

2018-12-14 02:31:18 - [TEST_STEP][PASSED] - Statement - counter = counter + 1: null

2018-12-14 02:31:18 - [TEST_STEP][PASSED] - Statement - PreSaveFile = new java.io.File(((pathPrefix + java.lang.Integer.toString(counter)) + .png)): null

2018-12-14 02:31:18 - [TEST_STEP][PASSED] - Statement - counter = counter + 1: null

2018-12-14 02:31:18 - [TEST_STEP][PASSED] - Statement - PreSaveFile = new java.io.File(((pathPrefix + java.lang.Integer.toString(counter)) + .png)): null

2018-12-14 02:31:18 - [TEST_STEP][PASSED] - Statement - counter = counter + 1: null

2018-12-14 02:31:18 - [TEST_STEP][PASSED] - Statement - PreSaveFile = new java.io.File(((pathPrefix + java.lang.Integer.toString(counter)) + .png)): null

2018-12-14 02:31:18 - [TEST_STEP][PASSED] - Statement - counter = counter + 1: null

2018-12-14 02:31:18 - [TEST_STEP][PASSED] - Statement - PreSaveFile = new java.io.File(((pathPrefix + java.lang.Integer.toString(counter)) + .png)): null

2018-12-14 02:31:18 - [TEST_STEP][PASSED] - Statement - counter = counter + 1: null

2018-12-14 02:31:18 - [TEST_STEP][PASSED] - Statement - PreSaveFile = new java.io.File(((pathPrefix + java.lang.Integer.toString(counter)) + .png)): null

2018-12-14 02:31:18 - [TEST_STEP][PASSED] - Statement - counter = counter + 1: null

2018-12-14 02:31:18 - [TEST_STEP][PASSED] - Statement - PreSaveFile = new java.io.File(((pathPrefix + java.lang.Integer.toString(counter)) + .png)): null

2018-12-14 02:31:18 - [TEST_STEP][PASSED] - Statement - counter = counter + 1: null

2018-12-14 02:31:18 - [TEST_STEP][PASSED] - Statement - PreSaveFile = new java.io.File(((pathPrefix + java.lang.Integer.toString(counter)) + .png)): null

2018-12-14 02:31:18 - [TEST_STEP][PASSED] - Statement - counter = counter + 1: null

2018-12-14 02:31:18 - [TEST_STEP][PASSED] - Statement - PreSaveFile = new java.io.File(((pathPrefix + java.lang.Integer.toString(counter)) + .png)): null

2018-12-14 02:31:18 - [TEST_STEP][PASSED] - Statement - counter = counter + 1: null

2018-12-14 02:31:18 - [TEST_STEP][PASSED] - Statement - PreSaveFile = new java.io.File(((pathPrefix + java.lang.Integer.toString(counter)) + .png)): null

2018-12-14 02:31:18 - [TEST_STEP][PASSED] - Statement - counter = counter + 1: null

2018-12-14 02:31:18 - [TEST_STEP][PASSED] - Statement - PreSaveFile = new java.io.File(((pathPrefix + java.lang.Integer.toString(counter)) + .png)): null

2018-12-14 02:31:18 - [TEST_STEP][PASSED] - Statement - counter = counter + 1: null

2018-12-14 02:31:18 - [TEST_STEP][PASSED] - Statement - PreSaveFile = new java.io.File(((pathPrefix + java.lang.Integer.toString(counter)) + .png)): null

2018-12-14 02:31:18 - [TEST_STEP][PASSED] - Statement - counter = counter + 1: null

2018-12-14 02:31:18 - [TEST_STEP][PASSED] - Statement - PreSaveFile = new java.io.File(((pathPrefix + java.lang.Integer.toString(counter)) + .png)): null

2018-12-14 02:31:18 - [TEST_STEP][PASSED] - Statement - counter = counter + 1: null

2018-12-14 02:31:18 - [TEST_STEP][PASSED] - Statement - PreSaveFile = new java.io.File(((pathPrefix + java.lang.Integer.toString(counter)) + .png)): null

2018-12-14 02:31:18 - [TEST_STEP][PASSED] - Statement - counter = counter + 1: null

2018-12-14 02:31:18 - [TEST_STEP][PASSED] - Statement - PreSaveFile = new java.io.File(((pathPrefix + java.lang.Integer.toString(counter)) + .png)): null

2018-12-14 02:31:18 - [TEST_STEP][PASSED] - Statement - counter = counter + 1: null

2018-12-14 02:31:18 - [TEST_STEP][PASSED] - Statement - PreSaveFile = new java.io.File(((pathPrefix + java.lang.Integer.toString(counter)) + .png)): null

2018-12-14 02:31:18 - [TEST_STEP][PASSED] - Statement - counter = counter + 1: null

2018-12-14 02:31:18 - [TEST_STEP][PASSED] - Statement - PreSaveFile = new java.io.File(((pathPrefix + java.lang.Integer.toString(counter)) + .png)): null

2018-12-14 02:31:18 - [TEST_STEP][PASSED] - Statement - counter = counter + 1: null

2018-12-14 02:31:18 - [TEST_STEP][PASSED] - Statement - PreSaveFile = new java.io.File(((pathPrefix + java.lang.Integer.toString(counter)) + .png)): null

2018-12-14 02:31:18 - [TEST_STEP][PASSED] - Statement - counter = counter + 1: null

2018-12-14 02:31:18 - [TEST_STEP][PASSED] - Statement - PreSaveFile = new java.io.File(((pathPrefix + java.lang.Integer.toString(counter)) + .png)): null

2018-12-14 02:31:18 - [TEST_STEP][PASSED] - Statement - counter = counter + 1: null

2018-12-14 02:31:18 - [TEST_STEP][PASSED] - Statement - PreSaveFile = new java.io.File(((pathPrefix + java.lang.Integer.toString(counter)) + .png)): null

2018-12-14 02:31:18 - [TEST_STEP][PASSED] - Statement - counter = counter + 1: null

2018-12-14 02:31:18 - [TEST_STEP][PASSED] - Statement - PreSaveFile = new java.io.File(((pathPrefix + java.lang.Integer.toString(counter)) + .png)): null

2018-12-14 02:31:18 - [TEST_STEP][PASSED] - Statement - counter = counter + 1: null

2018-12-14 02:31:18 - [TEST_STEP][PASSED] - Statement - PreSaveFile = new java.io.File(((pathPrefix + java.lang.Integer.toString(counter)) + .png)): null

2018-12-14 02:31:18 - [TEST_STEP][PASSED] - Statement - counter = counter + 1: null

2018-12-14 02:31:18 - [TEST_STEP][PASSED] - Statement - PreSaveFile = new java.io.File(((pathPrefix + java.lang.Integer.toString(counter)) + .png)): null

2018-12-14 02:31:18 - [TEST_STEP][PASSED] - Statement - counter = counter + 1: null

2018-12-14 02:31:18 - [TEST_STEP][PASSED] - Statement - PreSaveFile = new java.io.File(((pathPrefix + java.lang.Integer.toString(counter)) + .png)): null

2018-12-14 02:31:18 - [TEST_STEP][PASSED] - Statement - counter = counter + 1: null

2018-12-14 02:31:18 - [TEST_STEP][PASSED] - Statement - PreSaveFile = new java.io.File(((pathPrefix + java.lang.Integer.toString(counter)) + .png)): null

2018-12-14 02:31:18 - [TEST_STEP][PASSED] - Statement - counter = counter + 1: null

2018-12-14 02:31:18 - [TEST_STEP][PASSED] - Statement - PreSaveFile = new java.io.File(((pathPrefix + java.lang.Integer.toString(counter)) + .png)): null

2018-12-14 02:31:18 - [TEST_STEP][PASSED] - Statement - counter = counter + 1: null

2018-12-14 02:31:18 - [TEST_STEP][PASSED] - Statement - PreSaveFile = new java.io.File(((pathPrefix + java.lang.Integer.toString(counter)) + .png)): null

2018-12-14 02:31:18 - [TEST_STEP][PASSED] - Statement - counter = counter + 1: null

2018-12-14 02:31:18 - [TEST_STEP][PASSED] - Statement - PreSaveFile = new java.io.File(((pathPrefix + java.lang.Integer.toString(counter)) + .png)): null

2018-12-14 02:31:18 - [TEST_STEP][PASSED] - Statement - counter = counter + 1: null

2018-12-14 02:31:18 - [TEST_STEP][PASSED] - Statement - PreSaveFile = new java.io.File(((pathPrefix + java.lang.Integer.toString(counter)) + .png)): null

2018-12-14 02:31:18 - [TEST_STEP][PASSED] - Statement - counter = counter + 1: null

2018-12-14 02:31:18 - [TEST_STEP][PASSED] - Statement - PreSaveFile = new java.io.File(((pathPrefix + java.lang.Integer.toString(counter)) + .png)): null

2018-12-14 02:31:18 - [TEST_STEP][PASSED] - Statement - counter = counter + 1: null

2018-12-14 02:31:18 - [TEST_STEP][PASSED] - Statement - PreSaveFile = new java.io.File(((pathPrefix + java.lang.Integer.toString(counter)) + .png)): null

2018-12-14 02:31:18 - [TEST_STEP][PASSED] - Statement - counter = counter + 1: null

2018-12-14 02:31:18 - [TEST_STEP][PASSED] - Statement - PreSaveFile = new java.io.File(((pathPrefix + java.lang.Integer.toString(counter)) + .png)): null

2018-12-14 02:31:18 - [TEST_STEP][PASSED] - Statement - counter = counter + 1: null

2018-12-14 02:31:18 - [TEST_STEP][PASSED] - Statement - PreSaveFile = new java.io.File(((pathPrefix + java.lang.Integer.toString(counter)) + .png)): null

2018-12-14 02:31:18 - [TEST_STEP][PASSED] - Statement - counter = counter + 1: null

2018-12-14 02:31:18 - [TEST_STEP][PASSED] - Statement - PreSaveFile = new java.io.File(((pathPrefix + java.lang.Integer.toString(counter)) + .png)): null

2018-12-14 02:31:18 - [TEST_STEP][PASSED] - Statement - counter = counter + 1: null

2018-12-14 02:31:18 - [TEST_STEP][PASSED] - Statement - PreSaveFile = new java.io.File(((pathPrefix + java.lang.Integer.toString(counter)) + .png)): null

2018-12-14 02:31:18 - [TEST_STEP][PASSED] - Statement - counter = counter + 1: null

2018-12-14 02:31:18 - [TEST_STEP][PASSED] - Statement - PreSaveFile = new java.io.File(((pathPrefix + java.lang.Integer.toString(counter)) + .png)): null

2018-12-14 02:31:18 - [TEST_STEP][PASSED] - Statement - counter = counter + 1: null

2018-12-14 02:31:18 - [TEST_STEP][PASSED] - Statement - PreSaveFile = new java.io.File(((pathPrefix + java.lang.Integer.toString(counter)) + .png)): null

2018-12-14 02:31:18 - [TEST_STEP][PASSED] - Statement - counter = counter + 1: null

2018-12-14 02:31:18 - [TEST_STEP][PASSED] - Statement - PreSaveFile = new java.io.File(((pathPrefix + java.lang.Integer.toString(counter)) + .png)): null

2018-12-14 02:31:18 - [TEST_STEP][PASSED] - Statement - counter = counter + 1: null

2018-12-14 02:31:18 - [TEST_STEP][PASSED] - Statement - PreSaveFile = new java.io.File(((pathPrefix + java.lang.Integer.toString(counter)) + .png)): null

2018-12-14 02:31:18 - [TEST_STEP][PASSED] - Statement - counter = counter + 1: null

2018-12-14 02:31:18 - [TEST_STEP][PASSED] - Statement - PreSaveFile = new java.io.File(((pathPrefix + java.lang.Integer.toString(counter)) + .png)): null

2018-12-14 02:31:18 - [TEST_STEP][PASSED] - Statement - counter = counter + 1: null

2018-12-14 02:31:18 - [TEST_STEP][PASSED] - Statement - PreSaveFile = new java.io.File(((pathPrefix + java.lang.Integer.toString(counter)) + .png)): null

2018-12-14 02:31:18 - [TEST_STEP][PASSED] - Statement - counter = counter + 1: null

2018-12-14 02:31:18 - [TEST_STEP][PASSED] - Statement - PreSaveFile = new java.io.File(((pathPrefix + java.lang.Integer.toString(counter)) + .png)): null

2018-12-14 02:31:18 - [TEST_STEP][PASSED] - Statement - counter = counter + 1: null

2018-12-14 02:31:18 - [TEST_STEP][PASSED] - Statement - PreSaveFile = new java.io.File(((pathPrefix + java.lang.Integer.toString(counter)) + .png)): null

2018-12-14 02:31:18 - [TEST_STEP][PASSED] - Statement - counter = counter + 1: null

2018-12-14 02:31:18 - [TEST_STEP][PASSED] - Statement - PreSaveFile = new java.io.File(((pathPrefix + java.lang.Integer.toString(counter)) + .png)): null

2018-12-14 02:31:18 - [TEST_STEP][PASSED] - Statement - counter = counter + 1: null

2018-12-14 02:31:18 - [TEST_STEP][PASSED] - Statement - PreSaveFile = new java.io.File(((pathPrefix + java.lang.Integer.toString(counter)) + .png)): null

2018-12-14 02:31:18 - [TEST_STEP][PASSED] - Statement - counter = counter + 1: null

2018-12-14 02:31:18 - [TEST_STEP][PASSED] - Statement - PreSaveFile = new java.io.File(((pathPrefix + java.lang.Integer.toString(counter)) + .png)): null

2018-12-14 02:31:18 - [TEST_STEP][PASSED] - Statement - counter = counter + 1: null

2018-12-14 02:31:18 - [TEST_STEP][PASSED] - Statement - PreSaveFile = new java.io.File(((pathPrefix + java.lang.Integer.toString(counter)) + .png)): null

2018-12-14 02:31:18 - [TEST_STEP][PASSED] - Statement - counter = counter + 1: null

2018-12-14 02:31:18 - [TEST_STEP][PASSED] - Statement - PreSaveFile = new java.io.File(((pathPrefix + java.lang.Integer.toString(counter)) + .png)): null

2018-12-14 02:31:18 - [TEST_STEP][PASSED] - Statement - counter = counter + 1: null

2018-12-14 02:31:18 - [TEST_STEP][PASSED] - Statement - PreSaveFile = new java.io.File(((pathPrefix + java.lang.Integer.toString(counter)) + .png)): null

2018-12-14 02:31:18 - [TEST_STEP][PASSED] - Statement - counter = counter + 1: null

2018-12-14 02:31:18 - [TEST_STEP][PASSED] - Statement - PreSaveFile = new java.io.File(((pathPrefix + java.lang.Integer.toString(counter)) + .png)): null

2018-12-14 02:31:18 - [TEST_STEP][PASSED] - Statement - counter = counter + 1: null

2018-12-14 02:31:18 - [TEST_STEP][PASSED] - Statement - PreSaveFile = new java.io.File(((pathPrefix + java.lang.Integer.toString(counter)) + .png)): null

2018-12-14 02:31:18 - [TEST_STEP][PASSED] - Statement - counter = counter + 1: null

2018-12-14 02:31:18 - [TEST_STEP][PASSED] - Statement - PreSaveFile = new java.io.File(((pathPrefix + java.lang.Integer.toString(counter)) + .png)): null

2018-12-14 02:31:18 - [TEST_STEP][PASSED] - Statement - counter = counter + 1: null

2018-12-14 02:31:18 - [TEST_STEP][PASSED] - Statement - PreSaveFile = new java.io.File(((pathPrefix + java.lang.Integer.toString(counter)) + .png)): null

2018-12-14 02:31:18 - [TEST_STEP][PASSED] - Statement - counter = counter + 1: null

2018-12-14 02:31:18 - [TEST_STEP][PASSED] - Statement - PreSaveFile = new java.io.File(((pathPrefix + java.lang.Integer.toString(counter)) + .png)): null

2018-12-14 02:31:18 - [TEST_STEP][PASSED] - Statement - counter = counter + 1: null

2018-12-14 02:31:18 - [TEST_STEP][PASSED] - Statement - PreSaveFile = new java.io.File(((pathPrefix + java.lang.Integer.toString(counter)) + .png)): null

2018-12-14 02:31:18 - [TEST_STEP][PASSED] - Statement - counter = counter + 1: null

2018-12-14 02:31:18 - [TEST_STEP][PASSED] - Statement - PreSaveFile = new java.io.File(((pathPrefix + java.lang.Integer.toString(counter)) + .png)): null

2018-12-14 02:31:18 - [TEST_STEP][PASSED] - Statement - counter = counter + 1: null

2018-12-14 02:31:18 - [TEST_STEP][PASSED] - Statement - PreSaveFile = new java.io.File(((pathPrefix + java.lang.Integer.toString(counter)) + .png)): null

2018-12-14 02:31:18 - [TEST_STEP][PASSED] - Statement - counter = counter + 1: null

2018-12-14 02:31:18 - [TEST_STEP][PASSED] - Statement - PreSaveFile = new java.io.File(((pathPrefix + java.lang.Integer.toString(counter)) + .png)): null

2018-12-14 02:31:18 - [TEST_STEP][PASSED] - Statement - counter = counter + 1: null

2018-12-14 02:31:18 - [TEST_STEP][PASSED] - Statement - PreSaveFile = new java.io.File(((pathPrefix + java.lang.Integer.toString(counter)) + .png)): null

2018-12-14 02:31:18 - [TEST_STEP][PASSED] - Statement - counter = counter + 1: null

2018-12-14 02:31:18 - [TEST_STEP][PASSED] - Statement - PreSaveFile = new java.io.File(((pathPrefix + java.lang.Integer.toString(counter)) + .png)): null

2018-12-14 02:31:18 - [TEST_STEP][PASSED] - Statement - counter = counter + 1: null

2018-12-14 02:31:18 - [TEST_STEP][PASSED] - Statement - PreSaveFile = new java.io.File(((pathPrefix + java.lang.Integer.toString(counter)) + .png)): null

2018-12-14 02:31:18 - [TEST_STEP][PASSED] - Statement - counter = counter + 1: null

2018-12-14 02:31:18 - [TEST_STEP][PASSED] - Statement - PreSaveFile = new java.io.File(((pathPrefix + java.lang.Integer.toString(counter)) + .png)): null

2018-12-14 02:31:18 - [TEST_STEP][PASSED] - Statement - counter = counter + 1: null

2018-12-14 02:31:18 - [TEST_STEP][PASSED] - Statement - PreSaveFile = new java.io.File(((pathPrefix + java.lang.Integer.toString(counter)) + .png)): null

2018-12-14 02:31:18 - [TEST_STEP][PASSED] - Statement - counter = counter + 1: null

2018-12-14 02:31:18 - [TEST_STEP][PASSED] - Statement - PreSaveFile = new java.io.File(((pathPrefix + java.lang.Integer.toString(counter)) + .png)): null

2018-12-14 02:31:18 - [TEST_STEP][PASSED] - Statement - counter = counter + 1: null

2018-12-14 02:31:18 - [TEST_STEP][PASSED] - Statement - PreSaveFile = new java.io.File(((pathPrefix + java.lang.Integer.toString(counter)) + .png)): null

2018-12-14 02:31:18 - [TEST_STEP][PASSED] - Statement - counter = counter + 1: null

2018-12-14 02:31:18 - [TEST_STEP][PASSED] - Statement - PreSaveFile = new java.io.File(((pathPrefix + java.lang.Integer.toString(counter)) + .png)): null

2018-12-14 02:31:18 - [TEST_STEP][PASSED] - Statement - counter = counter + 1: null

2018-12-14 02:31:18 - [TEST_STEP][PASSED] - Statement - PreSaveFile = new java.io.File(((pathPrefix + java.lang.Integer.toString(counter)) + .png)): null

2018-12-14 02:31:18 - [TEST_STEP][PASSED] - Statement - counter = counter + 1: null

2018-12-14 02:31:18 - [TEST_STEP][PASSED] - Statement - PreSaveFile = new java.io.File(((pathPrefix + java.lang.Integer.toString(counter)) + .png)): null

2018-12-14 02:31:18 - [TEST_STEP][PASSED] - Statement - counter = counter + 1: null

2018-12-14 02:31:18 - [TEST_STEP][PASSED] - Statement - PreSaveFile = new java.io.File(((pathPrefix + java.lang.Integer.toString(counter)) + .png)): null

2018-12-14 02:31:18 - [TEST_STEP][PASSED] - Statement - counter = counter + 1: null

2018-12-14 02:31:18 - [TEST_STEP][PASSED] - Statement - PreSaveFile = new java.io.File(((pathPrefix + java.lang.Integer.toString(counter)) + .png)): null

2018-12-14 02:31:18 - [TEST_STEP][PASSED] - Statement - counter = counter + 1: null

2018-12-14 02:31:18 - [TEST_STEP][PASSED] - Statement - PreSaveFile = new java.io.File(((pathPrefix + java.lang.Integer.toString(counter)) + .png)): null

2018-12-14 02:31:18 - [TEST_STEP][PASSED] - Statement - counter = counter + 1: null

2018-12-14 02:31:18 - [TEST_STEP][PASSED] - Statement - PreSaveFile = new java.io.File(((pathPrefix + java.lang.Integer.toString(counter)) + .png)): null

2018-12-14 02:31:18 - [TEST_STEP][PASSED] - Statement - counter = counter + 1: null

2018-12-14 02:31:18 - [TEST_STEP][PASSED] - Statement - PreSaveFile = new java.io.File(((pathPrefix + java.lang.Integer.toString(counter)) + .png)): null

2018-12-14 02:31:18 - [TEST_STEP][PASSED] - Statement - counter = counter + 1: null

2018-12-14 02:31:18 - [TEST_STEP][PASSED] - Statement - PreSaveFile = new java.io.File(((pathPrefix + java.lang.Integer.toString(counter)) + .png)): null

2018-12-14 02:31:18 - [TEST_STEP][PASSED] - Statement - counter = counter + 1: null

2018-12-14 02:31:18 - [TEST_STEP][PASSED] - Statement - PreSaveFile = new java.io.File(((pathPrefix + java.lang.Integer.toString(counter)) + .png)): null

2018-12-14 02:31:18 - [TEST_STEP][PASSED] - Statement - counter = counter + 1: null

2018-12-14 02:31:18 - [TEST_STEP][PASSED] - Statement - PreSaveFile = new java.io.File(((pathPrefix + java.lang.Integer.toString(counter)) + .png)): null

2018-12-14 02:31:18 - [TEST_STEP][PASSED] - Statement - counter = counter + 1: null

2018-12-14 02:31:18 - [TEST_STEP][PASSED] - Statement - PreSaveFile = new java.io.File(((pathPrefix + java.lang.Integer.toString(counter)) + .png)): null

2018-12-14 02:31:18 - [TEST_STEP][PASSED] - Statement - counter = counter + 1: null

2018-12-14 02:31:18 - [TEST_STEP][PASSED] - Statement - PreSaveFile = new java.io.File(((pathPrefix + java.lang.Integer.toString(counter)) + .png)): null

2018-12-14 02:31:18 - [TEST_STEP][PASSED] - Statement - counter = counter + 1: null

2018-12-14 02:31:18 - [TEST_STEP][PASSED] - Statement - PreSaveFile = new java.io.File(((pathPrefix + java.lang.Integer.toString(counter)) + .png)): null

2018-12-14 02:31:18 - [TEST_STEP][PASSED] - Statement - counter = counter + 1: null

2018-12-14 02:31:18 - [TEST_STEP][PASSED] - Statement - PreSaveFile = new java.io.File(((pathPrefix + java.lang.Integer.toString(counter)) + .png)): null

2018-12-14 02:31:18 - [TEST_STEP][PASSED] - Statement - counter = counter + 1: null

2018-12-14 02:31:18 - [TEST_STEP][PASSED] - Statement - PreSaveFile = new java.io.File(((pathPrefix + java.lang.Integer.toString(counter)) + .png)): null

2018-12-14 02:31:18 - [TEST_STEP][PASSED] - Statement - counter = counter + 1: null

2018-12-14 02:31:18 - [TEST_STEP][PASSED] - Statement - PreSaveFile = new java.io.File(((pathPrefix + java.lang.Integer.toString(counter)) + .png)): null

2018-12-14 02:31:18 - [TEST_STEP][PASSED] - Statement - counter = counter + 1: null

2018-12-14 02:31:18 - [TEST_STEP][PASSED] - Statement - PreSaveFile = new java.io.File(((pathPrefix + java.lang.Integer.toString(counter)) + .png)): null

2018-12-14 02:31:18 - [TEST_STEP][PASSED] - Statement - counter = counter + 1: null

2018-12-14 02:31:18 - [TEST_STEP][PASSED] - Statement - PreSaveFile = new java.io.File(((pathPrefix + java.lang.Integer.toString(counter)) + .png)): null

2018-12-14 02:31:18 - [TEST_STEP][PASSED] - Statement - counter = counter + 1: null

2018-12-14 02:31:18 - [TEST_STEP][PASSED] - Statement - PreSaveFile = new java.io.File(((pathPrefix + java.lang.Integer.toString(counter)) + .png)): null

2018-12-14 02:31:18 - [TEST_STEP][PASSED] - Statement - counter = counter + 1: null

2018-12-14 02:31:18 - [TEST_STEP][PASSED] - Statement - PreSaveFile = new java.io.File(((pathPrefix + java.lang.Integer.toString(counter)) + .png)): null

2018-12-14 02:31:18 - [TEST_STEP][PASSED] - Statement - counter = counter + 1: null

2018-12-14 02:31:18 - [TEST_STEP][PASSED] - Statement - PreSaveFile = new java.io.File(((pathPrefix + java.lang.Integer.toString(counter)) + .png)): null

2018-12-14 02:31:18 - [TEST_STEP][PASSED] - Statement - counter = counter + 1: null

2018-12-14 02:31:18 - [TEST_STEP][PASSED] - Statement - PreSaveFile = new java.io.File(((pathPrefix + java.lang.Integer.toString(counter)) + .png)): null

2018-12-14 02:31:18 - [TEST_STEP][PASSED] - Statement - counter = counter + 1: null

2018-12-14 02:31:18 - [TEST_STEP][PASSED] - Statement - PreSaveFile = new java.io.File(((pathPrefix + java.lang.Integer.toString(counter)) + .png)): null

2018-12-14 02:31:18 - [TEST_STEP][PASSED] - Statement - counter = counter + 1: null

2018-12-14 02:31:18 - [TEST_STEP][PASSED] - Statement - PreSaveFile = new java.io.File(((pathPrefix + java.lang.Integer.toString(counter)) + .png)): null

2018-12-14 02:31:18 - [TEST_STEP][PASSED] - Statement - counter = counter + 1: null

2018-12-14 02:31:18 - [TEST_STEP][PASSED] - Statement - PreSaveFile = new java.io.File(((pathPrefix + java.lang.Integer.toString(counter)) + .png)): null

2018-12-14 02:31:18 - [TEST_STEP][PASSED] - Statement - counter = counter + 1: null

2018-12-14 02:31:18 - [TEST_STEP][PASSED] - Statement - PreSaveFile = new java.io.File(((pathPrefix + java.lang.Integer.toString(counter)) + .png)): null

2018-12-14 02:31:18 - [TEST_STEP][PASSED] - Statement - counter = counter + 1: null

2018-12-14 02:31:18 - [TEST_STEP][PASSED] - Statement - PreSaveFile = new java.io.File(((pathPrefix + java.lang.Integer.toString(counter)) + .png)): null

2018-12-14 02:31:18 - [TEST_STEP][PASSED] - Statement - counter = counter + 1: null

2018-12-14 02:31:18 - [TEST_STEP][PASSED] - Statement - PreSaveFile = new java.io.File(((pathPrefix + java.lang.Integer.toString(counter)) + .png)): null

2018-12-14 02:31:18 - [TEST_STEP][PASSED] - Statement - counter = counter + 1: null

2018-12-14 02:31:18 - [TEST_STEP][PASSED] - Statement - PreSaveFile = new java.io.File(((pathPrefix + java.lang.Integer.toString(counter)) + .png)): null

2018-12-14 02:31:18 - [TEST_STEP][PASSED] - Statement - counter = counter + 1: null

2018-12-14 02:31:18 - [TEST_STEP][PASSED] - Statement - PreSaveFile = new java.io.File(((pathPrefix + java.lang.Integer.toString(counter)) + .png)): null

2018-12-14 02:31:18 - [TEST_STEP][PASSED] - Statement - counter = counter + 1: null

2018-12-14 02:31:18 - [TEST_STEP][PASSED] - Statement - PreSaveFile = new java.io.File(((pathPrefix + java.lang.Integer.toString(counter)) + .png)): null

2018-12-14 02:31:18 - [TEST_STEP][PASSED] - Statement - counter = counter + 1: null

2018-12-14 02:31:18 - [TEST_STEP][PASSED] - Statement - PreSaveFile = new java.io.File(((pathPrefix + java.lang.Integer.toString(counter)) + .png)): null

2018-12-14 02:31:18 - [TEST_STEP][PASSED] - Statement - counter = counter + 1: null

2018-12-14 02:31:18 - [TEST_STEP][PASSED] - Statement - PreSaveFile = new java.io.File(((pathPrefix + java.lang.Integer.toString(counter)) + .png)): null

2018-12-14 02:31:18 - [TEST_STEP][PASSED] - Statement - counter = counter + 1: null

2018-12-14 02:31:18 - [TEST_STEP][PASSED] - Statement - PreSaveFile = new java.io.File(((pathPrefix + java.lang.Integer.toString(counter)) + .png)): null

2018-12-14 02:31:18 - [TEST_STEP][PASSED] - Statement - counter = counter + 1: null

2018-12-14 02:31:18 - [TEST_STEP][PASSED] - Statement - PreSaveFile = new java.io.File(((pathPrefix + java.lang.Integer.toString(counter)) + .png)): null

2018-12-14 02:31:18 - [TEST_STEP][PASSED] - Statement - counter = counter + 1: null

2018-12-14 02:31:18 - [TEST_STEP][PASSED] - Statement - PreSaveFile = new java.io.File(((pathPrefix + java.lang.Integer.toString(counter)) + .png)): null

2018-12-14 02:31:18 - [TEST_STEP][PASSED] - Statement - counter = counter + 1: null

2018-12-14 02:31:18 - [TEST_STEP][PASSED] - Statement - PreSaveFile = new java.io.File(((pathPrefix + java.lang.Integer.toString(counter)) + .png)): null

2018-12-14 02:31:18 - [TEST_STEP][PASSED] - Statement - counter = counter + 1: null

2018-12-14 02:31:18 - [TEST_STEP][PASSED] - Statement - PreSaveFile = new java.io.File(((pathPrefix + java.lang.Integer.toString(counter)) + .png)): null

2018-12-14 02:31:18 - [TEST_STEP][PASSED] - Statement - counter = counter + 1: null

2018-12-14 02:31:18 - [TEST_STEP][PASSED] - Statement - PreSaveFile = new java.io.File(((pathPrefix + java.lang.Integer.toString(counter)) + .png)): null

2018-12-14 02:31:18 - [TEST_STEP][PASSED] - Statement - counter = counter + 1: null

2018-12-14 02:31:18 - [TEST_STEP][PASSED] - Statement - PreSaveFile = new java.io.File(((pathPrefix + java.lang.Integer.toString(counter)) + .png)): null

2018-12-14 02:31:18 - [TEST_STEP][PASSED] - Statement - counter = counter + 1: null

2018-12-14 02:31:18 - [TEST_STEP][PASSED] - Statement - PreSaveFile = new java.io.File(((pathPrefix + java.lang.Integer.toString(counter)) + .png)): null

2018-12-14 02:31:18 - [TEST_STEP][PASSED] - Statement - counter = counter + 1: null

2018-12-14 02:31:18 - [TEST_STEP][PASSED] - Statement - PreSaveFile = new java.io.File(((pathPrefix + java.lang.Integer.toString(counter)) + .png)): null

2018-12-14 02:31:18 - [TEST_STEP][PASSED] - Statement - counter = counter + 1: null

2018-12-14 02:31:18 - [TEST_STEP][PASSED] - Statement - PreSaveFile = new java.io.File(((pathPrefix + java.lang.Integer.toString(counter)) + .png)): null

2018-12-14 02:31:18 - [TEST_STEP][PASSED] - Statement - counter = counter + 1: null

2018-12-14 02:31:18 - [TEST_STEP][PASSED] - Statement - PreSaveFile = new java.io.File(((pathPrefix + java.lang.Integer.toString(counter)) + .png)): null

2018-12-14 02:31:18 - [TEST_STEP][PASSED] - Statement - counter = counter + 1: null

2018-12-14 02:31:18 - [TEST_STEP][PASSED] - Statement - PreSaveFile = new java.io.File(((pathPrefix + java.lang.Integer.toString(counter)) + .png)): null

2018-12-14 02:31:18 - [TEST_STEP][PASSED] - Statement - counter = counter + 1: null

2018-12-14 02:31:18 - [TEST_STEP][PASSED] - Statement - PreSaveFile = new java.io.File(((pathPrefix + java.lang.Integer.toString(counter)) + .png)): null

2018-12-14 02:31:18 - [TEST_STEP][PASSED] - Statement - counter = counter + 1: null

2018-12-14 02:31:18 - [TEST_STEP][PASSED] - Statement - PreSaveFile = new java.io.File(((pathPrefix + java.lang.Integer.toString(counter)) + .png)): null

2018-12-14 02:31:18 - [TEST_STEP][PASSED] - Statement - counter = counter + 1: null

2018-12-14 02:31:18 - [TEST_STEP][PASSED] - Statement - PreSaveFile = new java.io.File(((pathPrefix + java.lang.Integer.toString(counter)) + .png)): null

2018-12-14 02:31:18 - [TEST_STEP][PASSED] - Statement - counter = counter + 1: null

2018-12-14 02:31:18 - [TEST_STEP][PASSED] - Statement - PreSaveFile = new java.io.File(((pathPrefix + java.lang.Integer.toString(counter)) + .png)): null

2018-12-14 02:31:18 - [TEST_STEP][PASSED] - Statement - counter = counter + 1: null

2018-12-14 02:31:18 - [TEST_STEP][PASSED] - Statement - PreSaveFile = new java.io.File(((pathPrefix + java.lang.Integer.toString(counter)) + .png)): null

2018-12-14 02:31:18 - [TEST_STEP][PASSED] - Statement - counter = counter + 1: null

2018-12-14 02:31:18 - [TEST_STEP][PASSED] - Statement - PreSaveFile = new java.io.File(((pathPrefix + java.lang.Integer.toString(counter)) + .png)): null

2018-12-14 02:31:19 - [TEST_STEP][PASSED] - Statement - counter = counter + 1: null

2018-12-14 02:31:19 - [TEST_STEP][PASSED] - Statement - PreSaveFile = new java.io.File(((pathPrefix + java.lang.Integer.toString(counter)) + .png)): null

2018-12-14 02:31:19 - [TEST_STEP][PASSED] - Statement - counter = counter + 1: null

2018-12-14 02:31:19 - [TEST_STEP][PASSED] - Statement - PreSaveFile = new java.io.File(((pathPrefix + java.lang.Integer.toString(counter)) + .png)): null

2018-12-14 02:31:19 - [TEST_STEP][PASSED] - Statement - counter = counter + 1: null

2018-12-14 02:31:19 - [TEST_STEP][PASSED] - Statement - PreSaveFile = new java.io.File(((pathPrefix + java.lang.Integer.toString(counter)) + .png)): null

2018-12-14 02:31:19 - [TEST_STEP][PASSED] - Statement - counter = counter + 1: null

2018-12-14 02:31:19 - [TEST_STEP][PASSED] - Statement - PreSaveFile = new java.io.File(((pathPrefix + java.lang.Integer.toString(counter)) + .png)): null

2018-12-14 02:31:19 - [TEST_STEP][PASSED] - Statement - counter = counter + 1: null

2018-12-14 02:31:19 - [TEST_STEP][PASSED] - Statement - PreSaveFile = new java.io.File(((pathPrefix + java.lang.Integer.toString(counter)) + .png)): null

2018-12-14 02:31:19 - [TEST_STEP][PASSED] - Statement - counter = counter + 1: null

2018-12-14 02:31:19 - [TEST_STEP][PASSED] - Statement - PreSaveFile = new java.io.File(((pathPrefix + java.lang.Integer.toString(counter)) + .png)): null

2018-12-14 02:31:19 - [TEST_STEP][PASSED] - Statement - counter = counter + 1: null

2018-12-14 02:31:19 - [TEST_STEP][PASSED] - Statement - PreSaveFile = new java.io.File(((pathPrefix + java.lang.Integer.toString(counter)) + .png)): null

2018-12-14 02:31:19 - [TEST_STEP][PASSED] - Statement - counter = counter + 1: null

2018-12-14 02:31:19 - [TEST_STEP][PASSED] - Statement - PreSaveFile = new java.io.File(((pathPrefix + java.lang.Integer.toString(counter)) + .png)): null

2018-12-14 02:31:19 - [TEST_STEP][PASSED] - Statement - counter = counter + 1: null

2018-12-14 02:31:19 - [TEST_STEP][PASSED] - Statement - PreSaveFile = new java.io.File(((pathPrefix + java.lang.Integer.toString(counter)) + .png)): null

2018-12-14 02:31:19 - [TEST_STEP][PASSED] - Statement - counter = counter + 1: null

2018-12-14 02:31:19 - [TEST_STEP][PASSED] - Statement - PreSaveFile = new java.io.File(((pathPrefix + java.lang.Integer.toString(counter)) + .png)): null

2018-12-14 02:31:19 - [TEST_STEP][PASSED] - Statement - counter = counter + 1: null

2018-12-14 02:31:19 - [TEST_STEP][PASSED] - Statement - PreSaveFile = new java.io.File(((pathPrefix + java.lang.Integer.toString(counter)) + .png)): null

2018-12-14 02:31:19 - [TEST_STEP][PASSED] - Statement - counter = counter + 1: null

2018-12-14 02:31:19 - [TEST_STEP][PASSED] - Statement - PreSaveFile = new java.io.File(((pathPrefix + java.lang.Integer.toString(counter)) + .png)): null

2018-12-14 02:31:19 - [TEST_STEP][PASSED] - Statement - counter = counter + 1: null

2018-12-14 02:31:19 - [TEST_STEP][PASSED] - Statement - PreSaveFile = new java.io.File(((pathPrefix + java.lang.Integer.toString(counter)) + .png)): null

2018-12-14 02:31:19 - [TEST_STEP][PASSED] - Statement - counter = counter + 1: null

2018-12-14 02:31:19 - [TEST_STEP][PASSED] - Statement - PreSaveFile = new java.io.File(((pathPrefix + java.lang.Integer.toString(counter)) + .png)): null

2018-12-14 02:31:19 - [TEST_STEP][PASSED] - Statement - counter = counter + 1: null

2018-12-14 02:31:19 - [TEST_STEP][PASSED] - Statement - PreSaveFile = new java.io.File(((pathPrefix + java.lang.Integer.toString(counter)) + .png)): null

2018-12-14 02:31:19 - [TEST_STEP][PASSED] - Statement - counter = counter + 1: null

2018-12-14 02:31:19 - [TEST_STEP][PASSED] - Statement - PreSaveFile = new java.io.File(((pathPrefix + java.lang.Integer.toString(counter)) + .png)): null

2018-12-14 02:31:19 - [TEST_STEP][PASSED] - Statement - counter = counter + 1: null

2018-12-14 02:31:19 - [TEST_STEP][PASSED] - Statement - PreSaveFile = new java.io.File(((pathPrefix + java.lang.Integer.toString(counter)) + .png)): null

2018-12-14 02:31:19 - [TEST_STEP][PASSED] - Statement - counter = counter + 1: null

2018-12-14 02:31:19 - [TEST_STEP][PASSED] - Statement - PreSaveFile = new java.io.File(((pathPrefix + java.lang.Integer.toString(counter)) + .png)): null

2018-12-14 02:31:19 - [TEST_STEP][PASSED] - Statement - counter = counter + 1: null

2018-12-14 02:31:19 - [TEST_STEP][PASSED] - Statement - PreSaveFile = new java.io.File(((pathPrefix + java.lang.Integer.toString(counter)) + .png)): null

2018-12-14 02:31:19 - [TEST_STEP][PASSED] - Statement - counter = counter + 1: null

2018-12-14 02:31:19 - [TEST_STEP][PASSED] - Statement - PreSaveFile = new java.io.File(((pathPrefix + java.lang.Integer.toString(counter)) + .png)): null

2018-12-14 02:31:19 - [TEST_STEP][PASSED] - Statement - counter = counter + 1: null

2018-12-14 02:31:19 - [TEST_STEP][PASSED] - Statement - PreSaveFile = new java.io.File(((pathPrefix + java.lang.Integer.toString(counter)) + .png)): null

2018-12-14 02:31:19 - [TEST_STEP][PASSED] - Statement - counter = counter + 1: null

2018-12-14 02:31:19 - [TEST_STEP][PASSED] - Statement - PreSaveFile = new java.io.File(((pathPrefix + java.lang.Integer.toString(counter)) + .png)): null

2018-12-14 02:31:19 - [TEST_STEP][PASSED] - Statement - counter = counter + 1: null

2018-12-14 02:31:19 - [TEST_STEP][PASSED] - Statement - PreSaveFile = new java.io.File(((pathPrefix + java.lang.Integer.toString(counter)) + .png)): null

2018-12-14 02:31:19 - [TEST_STEP][PASSED] - Statement - counter = counter + 1: null

2018-12-14 02:31:19 - [TEST_STEP][PASSED] - Statement - PreSaveFile = new java.io.File(((pathPrefix + java.lang.Integer.toString(counter)) + .png)): null

2018-12-14 02:31:19 - [TEST_STEP][PASSED] - Statement - counter = counter + 1: null

2018-12-14 02:31:19 - [TEST_STEP][PASSED] - Statement - PreSaveFile = new java.io.File(((pathPrefix + java.lang.Integer.toString(counter)) + .png)): null

2018-12-14 02:31:19 - [TEST_STEP][PASSED] - Statement - counter = counter + 1: null

2018-12-14 02:31:19 - [TEST_STEP][PASSED] - Statement - PreSaveFile = new java.io.File(((pathPrefix + java.lang.Integer.toString(counter)) + .png)): null

2018-12-14 02:31:19 - [TEST_STEP][PASSED] - Statement - counter = counter + 1: null

2018-12-14 02:31:19 - [TEST_STEP][PASSED] - Statement - PreSaveFile = new java.io.File(((pathPrefix + java.lang.Integer.toString(counter)) + .png)): null

2018-12-14 02:31:19 - [TEST_STEP][PASSED] - Statement - counter = counter + 1: null

2018-12-14 02:31:19 - [TEST_STEP][PASSED] - Statement - PreSaveFile = new java.io.File(((pathPrefix + java.lang.Integer.toString(counter)) + .png)): null

2018-12-14 02:31:19 - [TEST_STEP][PASSED] - Statement - counter = counter + 1: null

2018-12-14 02:31:19 - [TEST_STEP][PASSED] - Statement - PreSaveFile = new java.io.File(((pathPrefix + java.lang.Integer.toString(counter)) + .png)): null

2018-12-14 02:31:19 - [TEST_STEP][PASSED] - Statement - counter = counter + 1: null

2018-12-14 02:31:19 - [TEST_STEP][PASSED] - Statement - PreSaveFile = new java.io.File(((pathPrefix + java.lang.Integer.toString(counter)) + .png)): null

2018-12-14 02:31:19 - [TEST_STEP][PASSED] - Statement - counter = counter + 1: null

2018-12-14 02:31:19 - [TEST_STEP][PASSED] - Statement - PreSaveFile = new java.io.File(((pathPrefix + java.lang.Integer.toString(counter)) + .png)): null

2018-12-14 02:31:19 - [TEST_STEP][PASSED] - Statement - counter = counter + 1: null

2018-12-14 02:31:19 - [TEST_STEP][PASSED] - Statement - PreSaveFile = new java.io.File(((pathPrefix + java.lang.Integer.toString(counter)) + .png)): null

2018-12-14 02:31:19 - [TEST_STEP][PASSED] - Statement - counter = counter + 1: null

2018-12-14 02:31:19 - [TEST_STEP][PASSED] - Statement - PreSaveFile = new java.io.File(((pathPrefix + java.lang.Integer.toString(counter)) + .png)): null

2018-12-14 02:31:19 - [TEST_STEP][PASSED] - Statement - counter = counter + 1: null

2018-12-14 02:31:19 - [TEST_STEP][PASSED] - Statement - PreSaveFile = new java.io.File(((pathPrefix + java.lang.Integer.toString(counter)) + .png)): null

2018-12-14 02:31:19 - [TEST_STEP][PASSED] - Statement - counter = counter + 1: null

2018-12-14 02:31:19 - [TEST_STEP][PASSED] - Statement - PreSaveFile = new java.io.File(((pathPrefix + java.lang.Integer.toString(counter)) + .png)): null

2018-12-14 02:31:19 - [TEST_STEP][PASSED] - Statement - counter = counter + 1: null

2018-12-14 02:31:19 - [TEST_STEP][PASSED] - Statement - PreSaveFile = new java.io.File(((pathPrefix + java.lang.Integer.toString(counter)) + .png)): null

2018-12-14 02:31:19 - [TEST_STEP][PASSED] - Statement - counter = counter + 1: null

2018-12-14 02:31:19 - [TEST_STEP][PASSED] - Statement - PreSaveFile = new java.io.File(((pathPrefix + java.lang.Integer.toString(counter)) + .png)): null

2018-12-14 02:31:19 - [TEST_STEP][PASSED] - Statement - counter = counter + 1: null

2018-12-14 02:31:19 - [TEST_STEP][PASSED] - Statement - PreSaveFile = new java.io.File(((pathPrefix + java.lang.Integer.toString(counter)) + .png)): null

2018-12-14 02:31:19 - [TEST_STEP][PASSED] - Statement - counter = counter + 1: null

2018-12-14 02:31:19 - [TEST_STEP][PASSED] - Statement - PreSaveFile = new java.io.File(((pathPrefix + java.lang.Integer.toString(counter)) + .png)): null

2018-12-14 02:31:19 - [TEST_STEP][PASSED] - Statement - counter = counter + 1: null

2018-12-14 02:31:19 - [TEST_STEP][PASSED] - Statement - PreSaveFile = new java.io.File(((pathPrefix + java.lang.Integer.toString(counter)) + .png)): null

2018-12-14 02:31:19 - [TEST_STEP][PASSED] - Statement - counter = counter + 1: null

2018-12-14 02:31:19 - [TEST_STEP][PASSED] - Statement - PreSaveFile = new java.io.File(((pathPrefix + java.lang.Integer.toString(counter)) + .png)): null

2018-12-14 02:31:19 - [TEST_STEP][PASSED] - Statement - counter = counter + 1: null

2018-12-14 02:31:19 - [TEST_STEP][PASSED] - Statement - PreSaveFile = new java.io.File(((pathPrefix + java.lang.Integer.toString(counter)) + .png)): null

2018-12-14 02:31:19 - [TEST_STEP][PASSED] - Statement - counter = counter + 1: null

2018-12-14 02:31:19 - [TEST_STEP][PASSED] - Statement - PreSaveFile = new java.io.File(((pathPrefix + java.lang.Integer.toString(counter)) + .png)): null

2018-12-14 02:31:19 - [TEST_STEP][PASSED] - Statement - counter = counter + 1: null

2018-12-14 02:31:19 - [TEST_STEP][PASSED] - Statement - PreSaveFile = new java.io.File(((pathPrefix + java.lang.Integer.toString(counter)) + .png)): null

2018-12-14 02:31:19 - [TEST_STEP][PASSED] - Statement - counter = counter + 1: null

2018-12-14 02:31:19 - [TEST_STEP][PASSED] - Statement - PreSaveFile = new java.io.File(((pathPrefix + java.lang.Integer.toString(counter)) + .png)): null

2018-12-14 02:31:19 - [TEST_STEP][PASSED] - Statement - counter = counter + 1: null

2018-12-14 02:31:19 - [TEST_STEP][PASSED] - Statement - PreSaveFile = new java.io.File(((pathPrefix + java.lang.Integer.toString(counter)) + .png)): null

2018-12-14 02:31:19 - [TEST_STEP][PASSED] - Statement - counter = counter + 1: null

2018-12-14 02:31:19 - [TEST_STEP][PASSED] - Statement - PreSaveFile = new java.io.File(((pathPrefix + java.lang.Integer.toString(counter)) + .png)): null

2018-12-14 02:31:19 - [TEST_STEP][PASSED] - Statement - counter = counter + 1: null

2018-12-14 02:31:19 - [TEST_STEP][PASSED] - Statement - PreSaveFile = new java.io.File(((pathPrefix + java.lang.Integer.toString(counter)) + .png)): null

2018-12-14 02:31:19 - [TEST_STEP][PASSED] - Statement - counter = counter + 1: null

2018-12-14 02:31:19 - [TEST_STEP][PASSED] - Statement - PreSaveFile = new java.io.File(((pathPrefix + java.lang.Integer.toString(counter)) + .png)): null

2018-12-14 02:31:19 - [TEST_STEP][PASSED] - Statement - counter = counter + 1: null

2018-12-14 02:31:19 - [TEST_STEP][PASSED] - Statement - PreSaveFile = new java.io.File(((pathPrefix + java.lang.Integer.toString(counter)) + .png)): null

2018-12-14 02:31:19 - [TEST_STEP][PASSED] - Statement - counter = counter + 1: null

2018-12-14 02:31:19 - [TEST_STEP][PASSED] - Statement - PreSaveFile = new java.io.File(((pathPrefix + java.lang.Integer.toString(counter)) + .png)): null

2018-12-14 02:31:19 - [TEST_STEP][PASSED] - Statement - counter = counter + 1: null

2018-12-14 02:31:19 - [TEST_STEP][PASSED] - Statement - PreSaveFile = new java.io.File(((pathPrefix + java.lang.Integer.toString(counter)) + .png)): null

2018-12-14 02:31:19 - [TEST_STEP][PASSED] - Statement - counter = counter + 1: null

2018-12-14 02:31:19 - [TEST_STEP][PASSED] - Statement - PreSaveFile = new java.io.File(((pathPrefix + java.lang.Integer.toString(counter)) + .png)): null

2018-12-14 02:31:19 - [TEST_STEP][PASSED] - Statement - counter = counter + 1: null

2018-12-14 02:31:19 - [TEST_STEP][PASSED] - Statement - PreSaveFile = new java.io.File(((pathPrefix + java.lang.Integer.toString(counter)) + .png)): null

2018-12-14 02:31:19 - [TEST_STEP][PASSED] - Statement - counter = counter + 1: null

2018-12-14 02:31:19 - [TEST_STEP][PASSED] - Statement - PreSaveFile = new java.io.File(((pathPrefix + java.lang.Integer.toString(counter)) + .png)): null

2018-12-14 02:31:19 - [TEST_STEP][PASSED] - Statement - counter = counter + 1: null

2018-12-14 02:31:19 - [TEST_STEP][PASSED] - Statement - PreSaveFile = new java.io.File(((pathPrefix + java.lang.Integer.toString(counter)) + .png)): null

2018-12-14 02:31:19 - [TEST_STEP][PASSED] - Statement - counter = counter + 1: null

2018-12-14 02:31:19 - [TEST_STEP][PASSED] - Statement - PreSaveFile = new java.io.File(((pathPrefix + java.lang.Integer.toString(counter)) + .png)): null

2018-12-14 02:31:19 - [TEST_STEP][PASSED] - Statement - counter = counter + 1: null

2018-12-14 02:31:19 - [TEST_STEP][PASSED] - Statement - PreSaveFile = new java.io.File(((pathPrefix + java.lang.Integer.toString(counter)) + .png)): null

2018-12-14 02:31:19 - [TEST_STEP][PASSED] - Statement - counter = counter + 1: null

2018-12-14 02:31:19 - [TEST_STEP][PASSED] - Statement - PreSaveFile = new java.io.File(((pathPrefix + java.lang.Integer.toString(counter)) + .png)): null

2018-12-14 02:31:19 - [TEST_STEP][PASSED] - Statement - counter = counter + 1: null

2018-12-14 02:31:19 - [TEST_STEP][PASSED] - Statement - PreSaveFile = new java.io.File(((pathPrefix + java.lang.Integer.toString(counter)) + .png)): null

2018-12-14 02:31:19 - [TEST_STEP][PASSED] - Statement - counter = counter + 1: null

2018-12-14 02:31:19 - [TEST_STEP][PASSED] - Statement - PreSaveFile = new java.io.File(((pathPrefix + java.lang.Integer.toString(counter)) + .png)): null

2018-12-14 02:31:19 - [TEST_STEP][PASSED] - Statement - counter = counter + 1: null

2018-12-14 02:31:19 - [TEST_STEP][PASSED] - Statement - PreSaveFile = new java.io.File(((pathPrefix + java.lang.Integer.toString(counter)) + .png)): null

2018-12-14 02:31:19 - [TEST_STEP][PASSED] - Statement - counter = counter + 1: null

2018-12-14 02:31:19 - [TEST_STEP][PASSED] - Statement - PreSaveFile = new java.io.File(((pathPrefix + java.lang.Integer.toString(counter)) + .png)): null

2018-12-14 02:31:19 - [TEST_STEP][PASSED] - Statement - counter = counter + 1: null

2018-12-14 02:31:19 - [TEST_STEP][PASSED] - Statement - PreSaveFile = new java.io.File(((pathPrefix + java.lang.Integer.toString(counter)) + .png)): null

2018-12-14 02:31:19 - [TEST_STEP][PASSED] - Statement - counter = counter + 1: null

2018-12-14 02:31:19 - [TEST_STEP][PASSED] - Statement - PreSaveFile = new java.io.File(((pathPrefix + java.lang.Integer.toString(counter)) + .png)): null

2018-12-14 02:31:19 - [TEST_STEP][PASSED] - Statement - counter = counter + 1: null

2018-12-14 02:31:19 - [TEST_STEP][PASSED] - Statement - PreSaveFile = new java.io.File(((pathPrefix + java.lang.Integer.toString(counter)) + .png)): null

2018-12-14 02:31:19 - [TEST_STEP][PASSED] - Statement - counter = counter + 1: null

2018-12-14 02:31:19 - [TEST_STEP][PASSED] - Statement - PreSaveFile = new java.io.File(((pathPrefix + java.lang.Integer.toString(counter)) + .png)): null

2018-12-14 02:31:19 - [TEST_STEP][PASSED] - Statement - counter = counter + 1: null

2018-12-14 02:31:19 - [TEST_STEP][PASSED] - Statement - PreSaveFile = new java.io.File(((pathPrefix + java.lang.Integer.toString(counter)) + .png)): null

2018-12-14 02:31:19 - [TEST_STEP][PASSED] - Statement - counter = counter + 1: null

2018-12-14 02:31:19 - [TEST_STEP][PASSED] - Statement - PreSaveFile = new java.io.File(((pathPrefix + java.lang.Integer.toString(counter)) + .png)): null

2018-12-14 02:31:19 - [TEST_STEP][PASSED] - Statement - counter = counter + 1: null

2018-12-14 02:31:19 - [TEST_STEP][PASSED] - Statement - PreSaveFile = new java.io.File(((pathPrefix + java.lang.Integer.toString(counter)) + .png)): null

2018-12-14 02:31:19 - [TEST_STEP][PASSED] - Statement - counter = counter + 1: null

2018-12-14 02:31:19 - [TEST_STEP][PASSED] - Statement - PreSaveFile = new java.io.File(((pathPrefix + java.lang.Integer.toString(counter)) + .png)): null

2018-12-14 02:31:19 - [TEST_STEP][PASSED] - Statement - counter = counter + 1: null

2018-12-14 02:31:19 - [TEST_STEP][PASSED] - Statement - PreSaveFile = new java.io.File(((pathPrefix + java.lang.Integer.toString(counter)) + .png)): null

2018-12-14 02:31:19 - [TEST_STEP][PASSED] - Statement - counter = counter + 1: null

2018-12-14 02:31:19 - [TEST_STEP][PASSED] - Statement - PreSaveFile = new java.io.File(((pathPrefix + java.lang.Integer.toString(counter)) + .png)): null

2018-12-14 02:31:19 - [TEST_STEP][PASSED] - Statement - counter = counter + 1: null

2018-12-14 02:31:19 - [TEST_STEP][PASSED] - Statement - PreSaveFile = new java.io.File(((pathPrefix + java.lang.Integer.toString(counter)) + .png)): null

2018-12-14 02:31:19 - [TEST_STEP][PASSED] - Statement - counter = counter + 1: null

2018-12-14 02:31:19 - [TEST_STEP][PASSED] - Statement - PreSaveFile = new java.io.File(((pathPrefix + java.lang.Integer.toString(counter)) + .png)): null

2018-12-14 02:31:19 - [TEST_STEP][PASSED] - Statement - counter = counter + 1: null

2018-12-14 02:31:19 - [TEST_STEP][PASSED] - Statement - PreSaveFile = new java.io.File(((pathPrefix + java.lang.Integer.toString(counter)) + .png)): null

2018-12-14 02:31:19 - [TEST_STEP][PASSED] - Statement - counter = counter + 1: null

2018-12-14 02:31:19 - [TEST_STEP][PASSED] - Statement - PreSaveFile = new java.io.File(((pathPrefix + java.lang.Integer.toString(counter)) + .png)): null

2018-12-14 02:31:19 - [TEST_STEP][PASSED] - Statement - counter = counter + 1: null

2018-12-14 02:31:19 - [TEST_STEP][PASSED] - Statement - PreSaveFile = new java.io.File(((pathPrefix + java.lang.Integer.toString(counter)) + .png)): null

2018-12-14 02:31:19 - [TEST_STEP][PASSED] - Statement - counter = counter + 1: null

2018-12-14 02:31:19 - [TEST_STEP][PASSED] - Statement - PreSaveFile = new java.io.File(((pathPrefix + java.lang.Integer.toString(counter)) + .png)): null

2018-12-14 02:31:19 - [TEST_STEP][PASSED] - Statement - counter = counter + 1: null

2018-12-14 02:31:19 - [TEST_STEP][PASSED] - Statement - PreSaveFile = new java.io.File(((pathPrefix + java.lang.Integer.toString(counter)) + .png)): null

2018-12-14 02:31:19 - [TEST_STEP][PASSED] - Statement - counter = counter + 1: null

2018-12-14 02:31:19 - [TEST_STEP][PASSED] - Statement - PreSaveFile = new java.io.File(((pathPrefix + java.lang.Integer.toString(counter)) + .png)): null

2018-12-14 02:31:19 - [TEST_STEP][PASSED] - Statement - counter = counter + 1: null

2018-12-14 02:31:19 - [TEST_STEP][PASSED] - Statement - PreSaveFile = new java.io.File(((pathPrefix + java.lang.Integer.toString(counter)) + .png)): null

2018-12-14 02:31:19 - [TEST_STEP][PASSED] - Statement - counter = counter + 1: null

2018-12-14 02:31:19 - [TEST_STEP][PASSED] - Statement - PreSaveFile = new java.io.File(((pathPrefix + java.lang.Integer.toString(counter)) + .png)): null

2018-12-14 02:31:19 - [TEST_STEP][PASSED] - Statement - counter = counter + 1: null

2018-12-14 02:31:19 - [TEST_STEP][PASSED] - Statement - PreSaveFile = new java.io.File(((pathPrefix + java.lang.Integer.toString(counter)) + .png)): null

2018-12-14 02:31:19 - [TEST_STEP][PASSED] - Statement - counter = counter + 1: null

2018-12-14 02:31:19 - [TEST_STEP][PASSED] - Statement - PreSaveFile = new java.io.File(((pathPrefix + java.lang.Integer.toString(counter)) + .png)): null

2018-12-14 02:31:19 - [TEST_STEP][PASSED] - Statement - counter = counter + 1: null

2018-12-14 02:31:19 - [TEST_STEP][PASSED] - Statement - PreSaveFile = new java.io.File(((pathPrefix + java.lang.Integer.toString(counter)) + .png)): null

2018-12-14 02:31:19 - [TEST_STEP][PASSED] - Statement - counter = counter + 1: null

2018-12-14 02:31:19 - [TEST_STEP][PASSED] - Statement - PreSaveFile = new java.io.File(((pathPrefix + java.lang.Integer.toString(counter)) + .png)): null

2018-12-14 02:31:19 - [TEST_STEP][PASSED] - Statement - counter = counter + 1: null

2018-12-14 02:31:19 - [TEST_STEP][PASSED] - Statement - PreSaveFile = new java.io.File(((pathPrefix + java.lang.Integer.toString(counter)) + .png)): null

2018-12-14 02:31:19 - [TEST_STEP][PASSED] - Statement - counter = counter + 1: null

2018-12-14 02:31:19 - [TEST_STEP][PASSED] - Statement - PreSaveFile = new java.io.File(((pathPrefix + java.lang.Integer.toString(counter)) + .png)): null

2018-12-14 02:31:19 - [TEST_STEP][PASSED] - Statement - counter = counter + 1: null

2018-12-14 02:31:19 - [TEST_STEP][PASSED] - Statement - PreSaveFile = new java.io.File(((pathPrefix + java.lang.Integer.toString(counter)) + .png)): null

2018-12-14 02:31:19 - [TEST_STEP][PASSED] - Statement - counter = counter + 1: null

2018-12-14 02:31:19 - [TEST_STEP][PASSED] - Statement - PreSaveFile = new java.io.File(((pathPrefix + java.lang.Integer.toString(counter)) + .png)): null

2018-12-14 02:31:19 - [TEST_STEP][PASSED] - Statement - counter = counter + 1: null

2018-12-14 02:31:19 - [TEST_STEP][PASSED] - Statement - PreSaveFile = new java.io.File(((pathPrefix + java.lang.Integer.toString(counter)) + .png)): null

2018-12-14 02:31:19 - [TEST_STEP][PASSED] - Statement - counter = counter + 1: null

2018-12-14 02:31:19 - [TEST_STEP][PASSED] - Statement - PreSaveFile = new java.io.File(((pathPrefix + java.lang.Integer.toString(counter)) + .png)): null

2018-12-14 02:31:19 - [TEST_STEP][PASSED] - Statement - counter = counter + 1: null

2018-12-14 02:31:19 - [TEST_STEP][PASSED] - Statement - PreSaveFile = new java.io.File(((pathPrefix + java.lang.Integer.toString(counter)) + .png)): null

2018-12-14 02:31:19 - [TEST_STEP][PASSED] - Statement - counter = counter + 1: null

2018-12-14 02:31:19 - [TEST_STEP][PASSED] - Statement - PreSaveFile = new java.io.File(((pathPrefix + java.lang.Integer.toString(counter)) + .png)): null

2018-12-14 02:31:19 - [TEST_STEP][PASSED] - Statement - counter = counter + 1: null

2018-12-14 02:31:19 - [TEST_STEP][PASSED] - Statement - PreSaveFile = new java.io.File(((pathPrefix + java.lang.Integer.toString(counter)) + .png)): null

2018-12-14 02:31:19 - [TEST_STEP][PASSED] - Statement - counter = counter + 1: null

2018-12-14 02:31:19 - [TEST_STEP][PASSED] - Statement - PreSaveFile = new java.io.File(((pathPrefix + java.lang.Integer.toString(counter)) + .png)): null

2018-12-14 02:31:19 - [TEST_STEP][PASSED] - Statement - counter = counter + 1: null

2018-12-14 02:31:19 - [TEST_STEP][PASSED] - Statement - PreSaveFile = new java.io.File(((pathPrefix + java.lang.Integer.toString(counter)) + .png)): null

2018-12-14 02:31:19 - [TEST_STEP][PASSED] - Statement - counter = counter + 1: null

2018-12-14 02:31:19 - [TEST_STEP][PASSED] - Statement - PreSaveFile = new java.io.File(((pathPrefix + java.lang.Integer.toString(counter)) + .png)): null

2018-12-14 02:31:19 - [TEST_STEP][PASSED] - Statement - counter = counter + 1: null

2018-12-14 02:31:19 - [TEST_STEP][PASSED] - Statement - PreSaveFile = new java.io.File(((pathPrefix + java.lang.Integer.toString(counter)) + .png)): null

2018-12-14 02:31:19 - [TEST_STEP][PASSED] - Statement - counter = counter + 1: null

2018-12-14 02:31:19 - [TEST_STEP][PASSED] - Statement - PreSaveFile = new java.io.File(((pathPrefix + java.lang.Integer.toString(counter)) + .png)): null

2018-12-14 02:31:19 - [TEST_STEP][PASSED] - Statement - counter = counter + 1: null

2018-12-14 02:31:19 - [TEST_STEP][PASSED] - Statement - PreSaveFile = new java.io.File(((pathPrefix + java.lang.Integer.toString(counter)) + .png)): null

2018-12-14 02:31:19 - [TEST_STEP][PASSED] - Statement - finalPath = pathPrefix + java.lang.Integer.toString(counter) + ".png": null

2018-12-14 02:31:19 - [TEST_STEP][PASSED] - Statement - SaveFile = new java.io.File(finalPath): null

2018-12-14 02:31:19 - [TEST_STEP][PASSED] - Statement - Try: null

2018-12-14 02:31:19 - [TEST_STEP][PASSED] - Statement - org.apache.commons.io.FileUtils.copyFile(scrFile, SaveFile): null

2018-12-14 02:31:19 - [TEST_STEP][PASSED] - Statement - out.println("file kept"): null

2018-12-14 02:31:19 - [TEST_STEP][PASSED] - delay: Delayed 10 second(s)

2018-12-14 02:31:29 - [MESSAGE][PASSED] - Delayed 10 second(s)

2018-12-14 02:31:29 - [MESSAGE][PASSED] - Call Test Case 'Test Cases/Final Aug 2018 - PKS Automation/Common/Screenshoting tool' successfully]]></system-out>
         <system-err><![CDATA[2018-12-14 02:15:48 - [TEST_CASE][FAILED] - Test Cases/Final Aug 2018 - PKS Automation/Registration Module/Workflow/Update Add New Employee/Special Case (OTC - RO Query - OTC Upload Pending Case - RO Approve): Test Cases/Final Aug 2018 - PKS Automation/Registration Module/Workflow/Update Add New Employee/Special Case (OTC - RO Query - OTC Upload Pending Case - RO Approve) FAILED because (of) (Stack trace: com.kms.katalon.core.exception.StepFailedException: Unable to set text 'CAN12201800002355' of object 'Object Repository/Final Object Repo/New Registration - Registration Module Pages/New Reg - OTC to RO/Special Case - All Related Objects/TextBox RefNo in Workbasket' (Root cause: org.openqa.selenium.ElementNotVisibleException: element not interactable
  (Session info: chrome=70.0.3538.110)
  (Driver info: chromedriver=2.43.600210 (68dcf5eebde37173d4027fa8635e332711d2874a),platform=Windows NT 6.1.7601 SP1 x86_64) (WARNING: The server did not provide any stacktrace information)
Command duration or timeout: 0 milliseconds
Build info: version: '3.7.1', revision: '8a0099a', time: '2017-11-06T21:07:36.161Z'
System info: host: 'WIN7TEST02', ip: '10.20.3.72', os.name: 'Windows 7', os.arch: 'amd64', os.version: '6.1', java.version: '1.8.0_181'
Driver info: com.kms.katalon.selenium.driver.CChromeDriver
Capabilities {acceptInsecureCerts: false, acceptSslCerts: false, applicationCacheEnabled: false, browserConnectionEnabled: false, browserName: chrome, chrome: {chromedriverVersion: 2.43.600210 (68dcf5eebde371..., userDataDir: C:\Users\Admin\AppData\Loca...}, cssSelectorsEnabled: true, databaseEnabled: false, goog:chromeOptions: {debuggerAddress: localhost:64496}, handlesAlerts: true, hasTouchScreen: false, javascriptEnabled: true, locationContextEnabled: true, mobileEmulationEnabled: false, nativeEvents: true, networkConnectionEnabled: false, pageLoadStrategy: normal, platform: XP, platformName: XP, rotatable: false, setWindowRect: true, takesHeapSnapshot: true, takesScreenshot: true, unexpectedAlertBehaviour: , unhandledPromptBehavior: , version: 70.0.3538.110, webStorageEnabled: true}
Session ID: 775e244019c0f5714bd1d64e01239bdf)
	at com.kms.katalon.core.keyword.internal.KeywordMain.stepFailed(KeywordMain.groovy:32)
	at com.kms.katalon.core.webui.keyword.internal.WebUIKeywordMain.stepFailed(WebUIKeywordMain.groovy:65)
	at com.kms.katalon.core.webui.keyword.internal.WebUIKeywordMain.runKeyword(WebUIKeywordMain.groovy:27)
	at com.kms.katalon.core.webui.keyword.builtin.SetTextKeyword.setText(SetTextKeyword.groovy:65)
	at com.kms.katalon.core.webui.keyword.builtin.SetTextKeyword.execute(SetTextKeyword.groovy:37)
	at com.kms.katalon.core.keyword.internal.KeywordExecutor.executeKeywordForPlatform(KeywordExecutor.groovy:53)
	at com.kms.katalon.core.webui.keyword.WebUiBuiltInKeywords.setText(WebUiBuiltInKeywords.groovy:950)
	at com.kms.katalon.core.webui.keyword.WebUiBuiltInKeywords$setText$1.call(Unknown Source)
	at org.codehaus.groovy.runtime.callsite.CallSiteArray.defaultCall(CallSiteArray.java:48)
	at org.codehaus.groovy.runtime.callsite.AbstractCallSite.call(AbstractCallSite.java:113)
	at org.codehaus.groovy.runtime.callsite.AbstractCallSite.call(AbstractCallSite.java:133)
	at Script1536201277272.run(Script1536201277272.groovy:342)
	at com.kms.katalon.core.main.ScriptEngine.run(ScriptEngine.java:183)
	at com.kms.katalon.core.main.ScriptEngine.runScriptAsRawText(ScriptEngine.java:108)
	at com.kms.katalon.core.main.TestCaseExecutor.runScript(TestCaseExecutor.java:294)
	at com.kms.katalon.core.main.TestCaseExecutor.doExecute(TestCaseExecutor.java:285)
	at com.kms.katalon.core.main.TestCaseExecutor.processExecutionPhase(TestCaseExecutor.java:264)
	at com.kms.katalon.core.main.TestCaseExecutor.accessMainPhase(TestCaseExecutor.java:256)
	at com.kms.katalon.core.main.TestCaseExecutor.execute(TestCaseExecutor.java:200)
	at com.kms.katalon.core.main.TestSuiteExecutor.accessTestCaseMainPhase(TestSuiteExecutor.java:129)
	at com.kms.katalon.core.main.TestSuiteExecutor.accessTestSuiteMainPhase(TestSuiteExecutor.java:112)
	at com.kms.katalon.core.main.TestSuiteExecutor.execute(TestSuiteExecutor.java:81)
	at com.kms.katalon.core.main.TestCaseMain.startTestSuite(TestCaseMain.java:142)
	at com.kms.katalon.core.main.TestCaseMain$startTestSuite$0.call(Unknown Source)
	at org.codehaus.groovy.runtime.callsite.CallSiteArray.defaultCall(CallSiteArray.java:48)
	at org.codehaus.groovy.runtime.callsite.AbstractCallSite.call(AbstractCallSite.java:113)
	at org.codehaus.groovy.runtime.callsite.AbstractCallSite.call(AbstractCallSite.java:141)
	at TempTestSuite1544713124582.run(TempTestSuite1544713124582.groovy:36)
	at groovy.lang.GroovyShell.runScriptOrMainOrTestOrRunnable(GroovyShell.java:263)
	at groovy.lang.GroovyShell.run(GroovyShell.java:518)
	at groovy.lang.GroovyShell.run(GroovyShell.java:507)
	at groovy.ui.GroovyMain.processOnce(GroovyMain.java:653)
	at groovy.ui.GroovyMain.run(GroovyMain.java:384)
	at groovy.ui.GroovyMain.process(GroovyMain.java:370)
	at groovy.ui.GroovyMain.processArgs(GroovyMain.java:129)
	at groovy.ui.GroovyMain.main(GroovyMain.java:109)
	at sun.reflect.NativeMethodAccessorImpl.invoke0(Native Method)
	at sun.reflect.NativeMethodAccessorImpl.invoke(NativeMethodAccessorImpl.java:62)
	at sun.reflect.DelegatingMethodAccessorImpl.invoke(DelegatingMethodAccessorImpl.java:43)
	at java.lang.reflect.Method.invoke(Method.java:498)
	at org.codehaus.groovy.tools.GroovyStarter.rootLoader(GroovyStarter.java:109)
	at org.codehaus.groovy.tools.GroovyStarter.main(GroovyStarter.java:131)
)]]></system-err>
      </testcase>
      <system-out><![CDATA[2018-12-14 00:51:46 - [TEST_SUITE][FAILED] - Update Add New Employee: Test Cases/Final Aug 2018 - PKS Automation/Registration Module/Workflow/Update Add New Employee/Special Case (Employer - RO Query - OTC Upload Pending Case - RO Approve) FAILED because (of) (Stack trace: com.kms.katalon.core.exception.StepFailedException: Unable to set text 'CAN12201800002350' of object 'Object Repository/Final Object Repo/New Registration - Registration Module Pages/New Reg - OTC to RO/Special Case - All Related Objects/TextBox RefNo in Workbasket' (Root cause: org.openqa.selenium.ElementNotVisibleException: element not interactable
  (Session info: chrome=70.0.3538.110)
  (Driver info: chromedriver=2.43.600210 (68dcf5eebde37173d4027fa8635e332711d2874a),platform=Windows NT 6.1.7601 SP1 x86_64) (WARNING: The server did not provide any stacktrace information)
Command duration or timeout: 0 milliseconds
Build info: version: '3.7.1', revision: '8a0099a', time: '2017-11-06T21:07:36.161Z'
System info: host: 'WIN7TEST02', ip: '10.20.3.72', os.name: 'Windows 7', os.arch: 'amd64', os.version: '6.1', java.version: '1.8.0_181'
Driver info: com.kms.katalon.selenium.driver.CChromeDriver
Capabilities {acceptInsecureCerts: false, acceptSslCerts: false, applicationCacheEnabled: false, browserConnectionEnabled: false, browserName: chrome, chrome: {chromedriverVersion: 2.43.600210 (68dcf5eebde371..., userDataDir: C:\Users\Admin\AppData\Loca...}, cssSelectorsEnabled: true, databaseEnabled: false, goog:chromeOptions: {debuggerAddress: localhost:63398}, handlesAlerts: true, hasTouchScreen: false, javascriptEnabled: true, locationContextEnabled: true, mobileEmulationEnabled: false, nativeEvents: true, networkConnectionEnabled: false, pageLoadStrategy: normal, platform: XP, platformName: XP, rotatable: false, setWindowRect: true, takesHeapSnapshot: true, takesScreenshot: true, unexpectedAlertBehaviour: , unhandledPromptBehavior: , version: 70.0.3538.110, webStorageEnabled: true}
Session ID: 6822dbe55f4b104c542910faf862c606)
	at com.kms.katalon.core.keyword.internal.KeywordMain.stepFailed(KeywordMain.groovy:32)
	at com.kms.katalon.core.webui.keyword.internal.WebUIKeywordMain.stepFailed(WebUIKeywordMain.groovy:65)
	at com.kms.katalon.core.webui.keyword.internal.WebUIKeywordMain.runKeyword(WebUIKeywordMain.groovy:27)
	at com.kms.katalon.core.webui.keyword.builtin.SetTextKeyword.setText(SetTextKeyword.groovy:65)
	at com.kms.katalon.core.webui.keyword.builtin.SetTextKeyword.execute(SetTextKeyword.groovy:37)
	at com.kms.katalon.core.keyword.internal.KeywordExecutor.executeKeywordForPlatform(KeywordExecutor.groovy:53)
	at com.kms.katalon.core.webui.keyword.WebUiBuiltInKeywords.setText(WebUiBuiltInKeywords.groovy:950)
	at com.kms.katalon.core.webui.keyword.WebUiBuiltInKeywords$setText$1.call(Unknown Source)
	at org.codehaus.groovy.runtime.callsite.CallSiteArray.defaultCall(CallSiteArray.java:48)
	at org.codehaus.groovy.runtime.callsite.AbstractCallSite.call(AbstractCallSite.java:113)
	at org.codehaus.groovy.runtime.callsite.AbstractCallSite.call(AbstractCallSite.java:133)
	at Script1537330388665.run(Script1537330388665.groovy:332)
	at com.kms.katalon.core.main.ScriptEngine.run(ScriptEngine.java:183)
	at com.kms.katalon.core.main.ScriptEngine.runScriptAsRawText(ScriptEngine.java:108)
	at com.kms.katalon.core.main.TestCaseExecutor.runScript(TestCaseExecutor.java:294)
	at com.kms.katalon.core.main.TestCaseExecutor.doExecute(TestCaseExecutor.java:285)
	at com.kms.katalon.core.main.TestCaseExecutor.processExecutionPhase(TestCaseExecutor.java:264)
	at com.kms.katalon.core.main.TestCaseExecutor.accessMainPhase(TestCaseExecutor.java:256)
	at com.kms.katalon.core.main.TestCaseExecutor.execute(TestCaseExecutor.java:200)
	at com.kms.katalon.core.main.TestSuiteExecutor.accessTestCaseMainPhase(TestSuiteExecutor.java:129)
	at com.kms.katalon.core.main.TestSuiteExecutor.accessTestSuiteMainPhase(TestSuiteExecutor.java:112)
	at com.kms.katalon.core.main.TestSuiteExecutor.execute(TestSuiteExecutor.java:81)
	at com.kms.katalon.core.main.TestCaseMain.startTestSuite(TestCaseMain.java:142)
	at com.kms.katalon.core.main.TestCaseMain$startTestSuite$0.call(Unknown Source)
	at org.codehaus.groovy.runtime.callsite.CallSiteArray.defaultCall(CallSiteArray.java:48)
	at org.codehaus.groovy.runtime.callsite.AbstractCallSite.call(AbstractCallSite.java:113)
	at org.codehaus.groovy.runtime.callsite.AbstractCallSite.call(AbstractCallSite.java:141)
	at TempTestSuite1544713124582.run(TempTestSuite1544713124582.groovy:36)
	at groovy.lang.GroovyShell.runScriptOrMainOrTestOrRunnable(GroovyShell.java:263)
	at groovy.lang.GroovyShell.run(GroovyShell.java:518)
	at groovy.lang.GroovyShell.run(GroovyShell.java:507)
	at groovy.ui.GroovyMain.processOnce(GroovyMain.java:653)
	at groovy.ui.GroovyMain.run(GroovyMain.java:384)
	at groovy.ui.GroovyMain.process(GroovyMain.java:370)
	at groovy.ui.GroovyMain.processArgs(GroovyMain.java:129)
	at groovy.ui.GroovyMain.main(GroovyMain.java:109)
	at sun.reflect.NativeMethodAccessorImpl.invoke0(Native Method)
	at sun.reflect.NativeMethodAccessorImpl.invoke(NativeMethodAccessorImpl.java:62)
	at sun.reflect.DelegatingMethodAccessorImpl.invoke(DelegatingMethodAccessorImpl.java:43)
	at java.lang.reflect.Method.invoke(Method.java:498)
	at org.codehaus.groovy.tools.GroovyStarter.rootLoader(GroovyStarter.java:109)
	at org.codehaus.groovy.tools.GroovyStarter.main(GroovyStarter.java:131)
)]]></system-out>
      <system-err><![CDATA[2018-12-14 00:51:46 - [TEST_SUITE][FAILED] - Update Add New Employee: Test Cases/Final Aug 2018 - PKS Automation/Registration Module/Workflow/Update Add New Employee/Special Case (Employer - RO Query - OTC Upload Pending Case - RO Approve) FAILED because (of) (Stack trace: com.kms.katalon.core.exception.StepFailedException: Unable to set text 'CAN12201800002350' of object 'Object Repository/Final Object Repo/New Registration - Registration Module Pages/New Reg - OTC to RO/Special Case - All Related Objects/TextBox RefNo in Workbasket' (Root cause: org.openqa.selenium.ElementNotVisibleException: element not interactable
  (Session info: chrome=70.0.3538.110)
  (Driver info: chromedriver=2.43.600210 (68dcf5eebde37173d4027fa8635e332711d2874a),platform=Windows NT 6.1.7601 SP1 x86_64) (WARNING: The server did not provide any stacktrace information)
Command duration or timeout: 0 milliseconds
Build info: version: '3.7.1', revision: '8a0099a', time: '2017-11-06T21:07:36.161Z'
System info: host: 'WIN7TEST02', ip: '10.20.3.72', os.name: 'Windows 7', os.arch: 'amd64', os.version: '6.1', java.version: '1.8.0_181'
Driver info: com.kms.katalon.selenium.driver.CChromeDriver
Capabilities {acceptInsecureCerts: false, acceptSslCerts: false, applicationCacheEnabled: false, browserConnectionEnabled: false, browserName: chrome, chrome: {chromedriverVersion: 2.43.600210 (68dcf5eebde371..., userDataDir: C:\Users\Admin\AppData\Loca...}, cssSelectorsEnabled: true, databaseEnabled: false, goog:chromeOptions: {debuggerAddress: localhost:63398}, handlesAlerts: true, hasTouchScreen: false, javascriptEnabled: true, locationContextEnabled: true, mobileEmulationEnabled: false, nativeEvents: true, networkConnectionEnabled: false, pageLoadStrategy: normal, platform: XP, platformName: XP, rotatable: false, setWindowRect: true, takesHeapSnapshot: true, takesScreenshot: true, unexpectedAlertBehaviour: , unhandledPromptBehavior: , version: 70.0.3538.110, webStorageEnabled: true}
Session ID: 6822dbe55f4b104c542910faf862c606)
	at com.kms.katalon.core.keyword.internal.KeywordMain.stepFailed(KeywordMain.groovy:32)
	at com.kms.katalon.core.webui.keyword.internal.WebUIKeywordMain.stepFailed(WebUIKeywordMain.groovy:65)
	at com.kms.katalon.core.webui.keyword.internal.WebUIKeywordMain.runKeyword(WebUIKeywordMain.groovy:27)
	at com.kms.katalon.core.webui.keyword.builtin.SetTextKeyword.setText(SetTextKeyword.groovy:65)
	at com.kms.katalon.core.webui.keyword.builtin.SetTextKeyword.execute(SetTextKeyword.groovy:37)
	at com.kms.katalon.core.keyword.internal.KeywordExecutor.executeKeywordForPlatform(KeywordExecutor.groovy:53)
	at com.kms.katalon.core.webui.keyword.WebUiBuiltInKeywords.setText(WebUiBuiltInKeywords.groovy:950)
	at com.kms.katalon.core.webui.keyword.WebUiBuiltInKeywords$setText$1.call(Unknown Source)
	at org.codehaus.groovy.runtime.callsite.CallSiteArray.defaultCall(CallSiteArray.java:48)
	at org.codehaus.groovy.runtime.callsite.AbstractCallSite.call(AbstractCallSite.java:113)
	at org.codehaus.groovy.runtime.callsite.AbstractCallSite.call(AbstractCallSite.java:133)
	at Script1537330388665.run(Script1537330388665.groovy:332)
	at com.kms.katalon.core.main.ScriptEngine.run(ScriptEngine.java:183)
	at com.kms.katalon.core.main.ScriptEngine.runScriptAsRawText(ScriptEngine.java:108)
	at com.kms.katalon.core.main.TestCaseExecutor.runScript(TestCaseExecutor.java:294)
	at com.kms.katalon.core.main.TestCaseExecutor.doExecute(TestCaseExecutor.java:285)
	at com.kms.katalon.core.main.TestCaseExecutor.processExecutionPhase(TestCaseExecutor.java:264)
	at com.kms.katalon.core.main.TestCaseExecutor.accessMainPhase(TestCaseExecutor.java:256)
	at com.kms.katalon.core.main.TestCaseExecutor.execute(TestCaseExecutor.java:200)
	at com.kms.katalon.core.main.TestSuiteExecutor.accessTestCaseMainPhase(TestSuiteExecutor.java:129)
	at com.kms.katalon.core.main.TestSuiteExecutor.accessTestSuiteMainPhase(TestSuiteExecutor.java:112)
	at com.kms.katalon.core.main.TestSuiteExecutor.execute(TestSuiteExecutor.java:81)
	at com.kms.katalon.core.main.TestCaseMain.startTestSuite(TestCaseMain.java:142)
	at com.kms.katalon.core.main.TestCaseMain$startTestSuite$0.call(Unknown Source)
	at org.codehaus.groovy.runtime.callsite.CallSiteArray.defaultCall(CallSiteArray.java:48)
	at org.codehaus.groovy.runtime.callsite.AbstractCallSite.call(AbstractCallSite.java:113)
	at org.codehaus.groovy.runtime.callsite.AbstractCallSite.call(AbstractCallSite.java:141)
	at TempTestSuite1544713124582.run(TempTestSuite1544713124582.groovy:36)
	at groovy.lang.GroovyShell.runScriptOrMainOrTestOrRunnable(GroovyShell.java:263)
	at groovy.lang.GroovyShell.run(GroovyShell.java:518)
	at groovy.lang.GroovyShell.run(GroovyShell.java:507)
	at groovy.ui.GroovyMain.processOnce(GroovyMain.java:653)
	at groovy.ui.GroovyMain.run(GroovyMain.java:384)
	at groovy.ui.GroovyMain.process(GroovyMain.java:370)
	at groovy.ui.GroovyMain.processArgs(GroovyMain.java:129)
	at groovy.ui.GroovyMain.main(GroovyMain.java:109)
	at sun.reflect.NativeMethodAccessorImpl.invoke0(Native Method)
	at sun.reflect.NativeMethodAccessorImpl.invoke(NativeMethodAccessorImpl.java:62)
	at sun.reflect.DelegatingMethodAccessorImpl.invoke(DelegatingMethodAccessorImpl.java:43)
	at java.lang.reflect.Method.invoke(Method.java:498)
	at org.codehaus.groovy.tools.GroovyStarter.rootLoader(GroovyStarter.java:109)
	at org.codehaus.groovy.tools.GroovyStarter.main(GroovyStarter.java:131)
)]]></system-err>
   </testsuite>
</testsuites>
