<?xml version="1.0" encoding="UTF-8"?>
<testsuites name="Form 1A - Cessation as Employer" time="2136" tests="3" failures="1" errors="0">
   <testsuite name="Form 1A - Cessation as Employer" tests="3" failures="1" errors="0" time="2136" timestamp="2018-11-23 16:25:09" hostname="Admin - Win7Test02" id="Test Suites/Workflow/Form 1A - Cessation as Employer">
      <properties>
         <property name="deviceName" value=""/>
         <property name="devicePlatform" value=""/>
         <property name="logFolder" value="C:\\Users\\Admin\\Desktop\\PKS\\Perkeso Phase A\\Reports\\Workflow\\Form 1A - Cessation as Employer\\20181123_162507"/>
         <property name="logFiles" value="C:\\Users\\Admin\\Desktop\\PKS\\Perkeso Phase A\\Reports\\Workflow\\Form 1A - Cessation as Employer\\20181123_162507\\execution0.log"/>
         <property name="attachments" value="C:\\Users\\Admin\\Desktop\\PKS\\Perkeso Phase A\\Reports\\Workflow\\Form 1A - Cessation as Employer\\20181123_162507\\1542963030657.png, C:\\Users\\Admin\\Desktop\\PKS\\Perkeso Phase A\\Reports\\Workflow\\Form 1A - Cessation as Employer\\20181123_162507\\1542963063668.png, C:\\Users\\Admin\\Desktop\\PKS\\Perkeso Phase A\\Reports\\Workflow\\Form 1A - Cessation as Employer\\20181123_162507\\1542963070305.png, C:\\Users\\Admin\\Desktop\\PKS\\Perkeso Phase A\\Reports\\Workflow\\Form 1A - Cessation as Employer\\20181123_162507\\1542963108980.png, C:\\Users\\Admin\\Desktop\\PKS\\Perkeso Phase A\\Reports\\Workflow\\Form 1A - Cessation as Employer\\20181123_162507\\1542963142622.png"/>
         <property name="hostName" value="Admin - Win7Test02"/>
         <property name="os" value="Windows 7 64bit"/>
         <property name="katalonVersion" value="5.8.6.1"/>
         <property name="browser" value="Firefox 63.0"/>
         <property name="hostAddress" value="10.20.3.72"/>
         <property name="sessionId" value="f8e9019b-1cb6-4293-9d48-ed2c5e0d3adb"/>
         <property name="seleniumVersion" value="3.7.1"/>
         <property name="proxyInformation" value="ProxyInformation{proxyOption=NO_PROXY, proxyServerType=HTTP, password=, proxyServerAddress=, proxyServerPort=0}"/>
         <property name="platform" value="Windows 7"/>
      </properties>
      <testcase name="Test Cases/Final Aug 2018 - PKS Automation/Registration Module/Workflow/Form 1A - Cessation As Employer/Employer to UO (Query)" classname="Test Cases/Final Aug 2018 - PKS Automation/Registration Module/Workflow/Form 1A - Cessation As Employer/Employer to UO (Query)" status="PASSED">
         <system-out><![CDATA[2018-11-23 16:25:10 - [TEST_CASE][PASSED] - Test Cases/Final Aug 2018 - PKS Automation/Registration Module/Workflow/Form 1A - Cessation As Employer/Employer to UO (Query): Test Cases/Final Aug 2018 - PKS Automation/Registration Module/Workflow/Form 1A - Cessation As Employer/Employer to UO (Query)

2018-11-23 16:25:10 - [TEST_STEP][PASSED] - callTestCase: Call Test Case 'Test Cases/Final Aug 2018 - PKS Automation/Registration Module/Workflow/Form 1A - Cessation As Employer/Template/Form 1 A - Cessation As Employer (Employer)' successfully

2018-11-23 16:25:10 - [TEST_CASE][PASSED] - Test Cases/Final Aug 2018 - PKS Automation/Registration Module/Workflow/Form 1A - Cessation As Employer/Template/Form 1 A - Cessation As Employer (Employer): Test Cases/Final Aug 2018 - PKS Automation/Registration Module/Workflow/Form 1A - Cessation As Employer/Template/Form 1 A - Cessation As Employer (Employer)

2018-11-23 16:25:11 - [TEST_STEP][PASSED] - callTestCase: Call Test Case 'Test Cases/Final Aug 2018 - PKS Automation/Registration Module/Workflow/Update Add New Employee/Template/New Company for Update Add New - Employer' successfully

2018-11-23 16:25:11 - [TEST_CASE][PASSED] - Test Cases/Final Aug 2018 - PKS Automation/Registration Module/Workflow/Update Add New Employee/Template/New Company for Update Add New - Employer: Test Cases/Final Aug 2018 - PKS Automation/Registration Module/Workflow/Update Add New Employee/Template/New Company for Update Add New - Employer

2018-11-23 16:25:11 - [TEST_STEP][PASSED] - callTestCase: Call Test Case 'Test Cases/Final Aug 2018 - PKS Automation/Create Employer Acc/Create Employer Account' successfully

2018-11-23 16:25:11 - [TEST_CASE][PASSED] - Test Cases/Final Aug 2018 - PKS Automation/Create Employer Acc/Create Employer Account: Test Cases/Final Aug 2018 - PKS Automation/Create Employer Acc/Create Employer Account

2018-11-23 16:25:11 - [TEST_STEP][PASSED] - callTestCase: Call Test Case 'Test Cases/Final Aug 2018 - PKS Automation/Create Employer Acc/Template/Register Employer' successfully

2018-11-23 16:25:11 - [TEST_CASE][PASSED] - Test Cases/Final Aug 2018 - PKS Automation/Create Employer Acc/Template/Register Employer: Test Cases/Final Aug 2018 - PKS Automation/Create Employer Acc/Template/Register Employer

2018-11-23 16:25:12 - [TEST_STEP][PASSED] - openBrowser: Browser is opened with url: ''

2018-11-23 16:25:18 - [MESSAGE][PASSED] - Browser is opened with url: ''

2018-11-23 16:25:18 - [TEST_STEP][PASSED] - navigateToUrl: Navigate to 'https://assist2-uat.perkeso.gov.my/login' successfully

2018-11-23 16:25:19 - [MESSAGE][PASSED] - Navigate to 'https://assist2-uat.perkeso.gov.my/login' successfully

2018-11-23 16:25:19 - [TEST_STEP][PASSED] - setText: Text 'johorotc1@gmail.com' is set on object 'Object Repository/Final Object Repo/Login Page/Internal User/Email Address'

2018-11-23 16:25:19 - [MESSAGE][PASSED] - Text 'johorotc1@gmail.com' is set on object 'Object Repository/Final Object Repo/Login Page/Internal User/Email Address'

2018-11-23 16:25:19 - [TEST_STEP][PASSED] - click: Object: 'Object Repository/Final Object Repo/Login Page/Internal User/Next Button' is clicked on

2018-11-23 16:25:20 - [MESSAGE][PASSED] - Object: 'Object Repository/Final Object Repo/Login Page/Internal User/Next Button' is clicked on

2018-11-23 16:25:20 - [TEST_STEP][PASSED] - delay: Delayed 1 second(s)

2018-11-23 16:25:21 - [MESSAGE][PASSED] - Delayed 1 second(s)

2018-11-23 16:25:21 - [TEST_STEP][PASSED] - setEncryptedText: Text ****** has been set on object 'Object Repository/Final Object Repo/Login Page/Internal User/Password'

2018-11-23 16:25:21 - [MESSAGE][PASSED] - Text ****** has been set on object 'Object Repository/Final Object Repo/Login Page/Internal User/Password'

2018-11-23 16:25:21 - [TEST_STEP][PASSED] - click: Object: 'Object Repository/Final Object Repo/Login Page/Internal User/Login Button' is clicked on

2018-11-23 16:25:23 - [MESSAGE][PASSED] - Object: 'Object Repository/Final Object Repo/Login Page/Internal User/Login Button' is clicked on

2018-11-23 16:25:23 - [TEST_STEP][PASSED] - delay: Delayed 1 second(s)

2018-11-23 16:25:24 - [MESSAGE][PASSED] - Delayed 1 second(s)

2018-11-23 16:25:24 - [TEST_STEP][PASSED] - navigateToUrl: Navigate to 'https://assist2-uat.perkeso.gov.my/web/base/portal-id/registration' successfully

2018-11-23 16:25:26 - [MESSAGE][PASSED] - Navigate to 'https://assist2-uat.perkeso.gov.my/web/base/portal-id/registration' successfully

2018-11-23 16:25:26 - [TEST_STEP][PASSED] - setText: Text 'AUTOMATION EMPLOYER' is set on object 'Object Repository/Final Object Repo/Creating Employer Account/Page_Registration - ASSIST (Base)/Employer Name'

2018-11-23 16:25:26 - [MESSAGE][PASSED] - Text 'AUTOMATION EMPLOYER' is set on object 'Object Repository/Final Object Repo/Creating Employer Account/Page_Registration - ASSIST (Base)/Employer Name'

2018-11-23 16:25:26 - [TEST_STEP][PASSED] - delay: Delayed 2 second(s)

2018-11-23 16:25:28 - [MESSAGE][PASSED] - Delayed 2 second(s)

2018-11-23 16:25:28 - [TEST_STEP][PASSED] - click: Object: 'Object Repository/Final Object Repo/Creating Employer Account/Page_Registration - ASSIST (Base)/Registration Type' is clicked on

2018-11-23 16:25:29 - [MESSAGE][PASSED] - Object: 'Object Repository/Final Object Repo/Creating Employer Account/Page_Registration - ASSIST (Base)/Registration Type' is clicked on

2018-11-23 16:25:29 - [TEST_STEP][PASSED] - delay: Delayed 2 second(s)

2018-11-23 16:25:31 - [MESSAGE][PASSED] - Delayed 2 second(s)

2018-11-23 16:25:31 - [TEST_STEP][PASSED] - click: Object: 'Object Repository/Final Object Repo/Creating Employer Account/Page_Registration - ASSIST (Base)/Registration Type - Registration No' is clicked on

2018-11-23 16:25:31 - [MESSAGE][PASSED] - Object: 'Object Repository/Final Object Repo/Creating Employer Account/Page_Registration - ASSIST (Base)/Registration Type - Registration No' is clicked on

2018-11-23 16:25:31 - [TEST_STEP][PASSED] - delay: Delayed 2 second(s)

2018-11-23 16:25:33 - [MESSAGE][PASSED] - Delayed 2 second(s)

2018-11-23 16:25:33 - [TEST_STEP][PASSED] - setText: Text '1234567890' is set on object 'Object Repository/Final Object Repo/Creating Employer Account/Page_Registration - ASSIST (Base)/Registration Number'

2018-11-23 16:25:34 - [MESSAGE][PASSED] - Text '1234567890' is set on object 'Object Repository/Final Object Repo/Creating Employer Account/Page_Registration - ASSIST (Base)/Registration Number'

2018-11-23 16:25:34 - [TEST_STEP][PASSED] - delay: Delayed 2 second(s)

2018-11-23 16:25:36 - [MESSAGE][PASSED] - Delayed 2 second(s)

2018-11-23 16:25:36 - [TEST_STEP][PASSED] - setText: Text 'ADDRESS 1' is set on object 'Object Repository/Final Object Repo/Creating Employer Account/Page_Registration - ASSIST (Base)/Postal Address 1'

2018-11-23 16:25:36 - [MESSAGE][PASSED] - Text 'ADDRESS 1' is set on object 'Object Repository/Final Object Repo/Creating Employer Account/Page_Registration - ASSIST (Base)/Postal Address 1'

2018-11-23 16:25:36 - [TEST_STEP][PASSED] - setText: Text 'ADDRESS 2' is set on object 'Object Repository/Final Object Repo/Creating Employer Account/Page_Registration - ASSIST (Base)/Postal Address 2'

2018-11-23 16:25:36 - [MESSAGE][PASSED] - Text 'ADDRESS 2' is set on object 'Object Repository/Final Object Repo/Creating Employer Account/Page_Registration - ASSIST (Base)/Postal Address 2'

2018-11-23 16:25:36 - [TEST_STEP][PASSED] - click: Object: 'Object Repository/Final Object Repo/Creating Employer Account/Page_Registration - ASSIST (Base)/State' is clicked on

2018-11-23 16:25:36 - [MESSAGE][PASSED] - Object: 'Object Repository/Final Object Repo/Creating Employer Account/Page_Registration - ASSIST (Base)/State' is clicked on

2018-11-23 16:25:36 - [TEST_STEP][PASSED] - delay: Delayed 2 second(s)

2018-11-23 16:25:38 - [MESSAGE][PASSED] - Delayed 2 second(s)

2018-11-23 16:25:38 - [TEST_STEP][PASSED] - click: Object: 'Object Repository/Final Object Repo/Creating Employer Account/Page_Registration - ASSIST (Base)/State - Johor' is clicked on

2018-11-23 16:25:39 - [MESSAGE][PASSED] - Object: 'Object Repository/Final Object Repo/Creating Employer Account/Page_Registration - ASSIST (Base)/State - Johor' is clicked on

2018-11-23 16:25:39 - [TEST_STEP][PASSED] - delay: Delayed 2 second(s)

2018-11-23 16:25:41 - [MESSAGE][PASSED] - Delayed 2 second(s)

2018-11-23 16:25:41 - [TEST_STEP][PASSED] - click: Object: 'Object Repository/Final Object Repo/Creating Employer Account/Page_Registration - ASSIST (Base)/City' is clicked on

2018-11-23 16:25:41 - [MESSAGE][PASSED] - Object: 'Object Repository/Final Object Repo/Creating Employer Account/Page_Registration - ASSIST (Base)/City' is clicked on

2018-11-23 16:25:41 - [TEST_STEP][PASSED] - delay: Delayed 2 second(s)

2018-11-23 16:25:43 - [MESSAGE][PASSED] - Delayed 2 second(s)

2018-11-23 16:25:43 - [TEST_STEP][PASSED] - setText: Text 'joh' is set on object 'Object Repository/Final Object Repo/Creating Employer Account/Page_Registration - ASSIST (Base)/City - joh'

2018-11-23 16:25:44 - [MESSAGE][PASSED] - Text 'joh' is set on object 'Object Repository/Final Object Repo/Creating Employer Account/Page_Registration - ASSIST (Base)/City - joh'

2018-11-23 16:25:44 - [TEST_STEP][PASSED] - delay: Delayed 2 second(s)

2018-11-23 16:25:46 - [MESSAGE][PASSED] - Delayed 2 second(s)

2018-11-23 16:25:46 - [TEST_STEP][PASSED] - click: Object: 'Object Repository/Final Object Repo/Creating Employer Account/Page_Registration - ASSIST (Base)/City - Johor Bharu' is clicked on

2018-11-23 16:25:46 - [MESSAGE][PASSED] - Object: 'Object Repository/Final Object Repo/Creating Employer Account/Page_Registration - ASSIST (Base)/City - Johor Bharu' is clicked on

2018-11-23 16:25:46 - [TEST_STEP][PASSED] - delay: Delayed 2 second(s)

2018-11-23 16:25:48 - [MESSAGE][PASSED] - Delayed 2 second(s)

2018-11-23 16:25:48 - [TEST_STEP][PASSED] - click: Object: 'Object Repository/Final Object Repo/Creating Employer Account/Page_Registration - ASSIST (Base)/Post Code' is clicked on

2018-11-23 16:25:49 - [MESSAGE][PASSED] - Object: 'Object Repository/Final Object Repo/Creating Employer Account/Page_Registration - ASSIST (Base)/Post Code' is clicked on

2018-11-23 16:25:49 - [TEST_STEP][PASSED] - delay: Delayed 2 second(s)

2018-11-23 16:25:51 - [MESSAGE][PASSED] - Delayed 2 second(s)

2018-11-23 16:25:51 - [TEST_STEP][PASSED] - setText: Text '810' is set on object 'Object Repository/Final Object Repo/Creating Employer Account/Page_Registration - ASSIST (Base)/Post Code - 810'

2018-11-23 16:25:51 - [MESSAGE][PASSED] - Text '810' is set on object 'Object Repository/Final Object Repo/Creating Employer Account/Page_Registration - ASSIST (Base)/Post Code - 810'

2018-11-23 16:25:51 - [TEST_STEP][PASSED] - delay: Delayed 2 second(s)

2018-11-23 16:25:53 - [MESSAGE][PASSED] - Delayed 2 second(s)

2018-11-23 16:25:53 - [TEST_STEP][PASSED] - click: Object: 'Object Repository/Final Object Repo/Creating Employer Account/Page_Registration - ASSIST (Base)/Post Code - 81000' is clicked on

2018-11-23 16:25:53 - [MESSAGE][PASSED] - Object: 'Object Repository/Final Object Repo/Creating Employer Account/Page_Registration - ASSIST (Base)/Post Code - 81000' is clicked on

2018-11-23 16:25:53 - [TEST_STEP][PASSED] - delay: Delayed 2 second(s)

2018-11-23 16:25:55 - [MESSAGE][PASSED] - Delayed 2 second(s)

2018-11-23 16:25:55 - [TEST_STEP][PASSED] - setText: Text 'PERKESO' is set on object 'Object Repository/Final Object Repo/Creating Employer Account/Page_Registration - ASSIST (Base)/Full Name'

2018-11-23 16:25:56 - [MESSAGE][PASSED] - Text 'PERKESO' is set on object 'Object Repository/Final Object Repo/Creating Employer Account/Page_Registration - ASSIST (Base)/Full Name'

2018-11-23 16:25:56 - [TEST_STEP][PASSED] - Statement - rnd = new java.util.Random(): null

2018-11-23 16:25:56 - [TEST_STEP][PASSED] - Statement - snum = rnd.nextInt(899999 + 1) + 100000: null

2018-11-23 16:25:56 - [TEST_STEP][PASSED] - Statement - tnum = rnd.nextInt(899999 + 1) + 100000: null

2018-11-23 16:25:56 - [TEST_STEP][PASSED] - Statement - IC = java.lang.Integer.toString(snum) + java.lang.Integer.toString(tnum): null

2018-11-23 16:25:56 - [TEST_STEP][PASSED] - Statement - out.println(IC): null

2018-11-23 16:25:56 - [TEST_STEP][PASSED] - setText: Text '331740645026' is set on object 'Object Repository/Final Object Repo/Creating Employer Account/Page_Registration - ASSIST (Base)/Identification Number'

2018-11-23 16:25:56 - [MESSAGE][PASSED] - Text '331740645026' is set on object 'Object Repository/Final Object Repo/Creating Employer Account/Page_Registration - ASSIST (Base)/Identification Number'

2018-11-23 16:25:56 - [TEST_STEP][PASSED] - delay: Delayed 2 second(s)

2018-11-23 16:25:58 - [MESSAGE][PASSED] - Delayed 2 second(s)

2018-11-23 16:25:58 - [TEST_STEP][PASSED] - setText: Text '123456789012' is set on object 'Object Repository/Final Object Repo/Creating Employer Account/Page_Registration - ASSIST (Base)/Contact Number'

2018-11-23 16:25:58 - [MESSAGE][PASSED] - Text '123456789012' is set on object 'Object Repository/Final Object Repo/Creating Employer Account/Page_Registration - ASSIST (Base)/Contact Number'

2018-11-23 16:25:58 - [TEST_STEP][PASSED] - Statement - Email = "perkeso" + IC + "@gmail.com": null

2018-11-23 16:25:58 - [TEST_STEP][PASSED] - delay: Delayed 2 second(s)

2018-11-23 16:26:00 - [MESSAGE][PASSED] - Delayed 2 second(s)

2018-11-23 16:26:00 - [TEST_STEP][PASSED] - callTestCase: Call Test Case 'Test Cases/Final Aug 2018 - PKS Automation/Create Employer Acc/Template/Employer Email Settler' successfully

2018-11-23 16:26:00 - [TEST_CASE][PASSED] - Test Cases/Final Aug 2018 - PKS Automation/Create Employer Acc/Template/Employer Email Settler: Test Cases/Final Aug 2018 - PKS Automation/Create Employer Acc/Template/Employer Email Settler

2018-11-23 16:26:00 - [TEST_STEP][PASSED] - Statement - EmpEmailOld = new java.io.File(C://Users//Admin//Desktop//PKS//Automation Reference Point//EmpEmail.txt): null

2018-11-23 16:26:00 - [TEST_STEP][PASSED] - Statement - EmpEmailOld.delete(): null

2018-11-23 16:26:00 - [TEST_STEP][PASSED] - Statement - EmpEmail = new java.io.File(C://Users//Admin//Desktop//PKS//Automation Reference Point//EmpEmail.txt): null

2018-11-23 16:26:00 - [TEST_STEP][PASSED] - Statement - EmpEmail.append(Email): null

2018-11-23 16:26:00 - [TEST_STEP][PASSED] - Statement - out.println(Email): null

2018-11-23 16:26:00 - [MESSAGE][PASSED] - Call Test Case 'Test Cases/Final Aug 2018 - PKS Automation/Create Employer Acc/Template/Employer Email Settler' successfully

2018-11-23 16:26:00 - [TEST_STEP][PASSED] - delay: Delayed 2 second(s)

2018-11-23 16:26:02 - [MESSAGE][PASSED] - Delayed 2 second(s)

2018-11-23 16:26:02 - [TEST_STEP][PASSED] - setText: Text 'perkeso331740645026@gmail.com' is set on object 'Object Repository/Final Object Repo/Creating Employer Account/Page_Registration - ASSIST (Base)/Email'

2018-11-23 16:26:03 - [MESSAGE][PASSED] - Text 'perkeso331740645026@gmail.com' is set on object 'Object Repository/Final Object Repo/Creating Employer Account/Page_Registration - ASSIST (Base)/Email'

2018-11-23 16:26:03 - [TEST_STEP][PASSED] - setText: Text '123' is set on object 'Object Repository/Final Object Repo/Creating Employer Account/Page_Registration - ASSIST (Base)/Security Phase'

2018-11-23 16:26:03 - [MESSAGE][PASSED] - Text '123' is set on object 'Object Repository/Final Object Repo/Creating Employer Account/Page_Registration - ASSIST (Base)/Security Phase'

2018-11-23 16:26:03 - [TEST_STEP][PASSED] - click: Object: 'Object Repository/Final Object Repo/Creating Employer Account/Page_Registration - ASSIST (Base)/Save  Continue' is clicked on

2018-11-23 16:26:07 - [MESSAGE][PASSED] - Object: 'Object Repository/Final Object Repo/Creating Employer Account/Page_Registration - ASSIST (Base)/Save  Continue' is clicked on

2018-11-23 16:26:07 - [TEST_STEP][PASSED] - delay: Delayed 2 second(s)

2018-11-23 16:26:09 - [MESSAGE][PASSED] - Delayed 2 second(s)

2018-11-23 16:26:09 - [TEST_STEP][PASSED] - click: Object: 'Object Repository/Final Object Repo/Creating Employer Account/Page_Registration - ASSIST (Base)/Add Document' is clicked on

2018-11-23 16:26:10 - [MESSAGE][PASSED] - Object: 'Object Repository/Final Object Repo/Creating Employer Account/Page_Registration - ASSIST (Base)/Add Document' is clicked on

2018-11-23 16:26:10 - [TEST_STEP][PASSED] - delay: Delayed 2 second(s)

2018-11-23 16:26:12 - [MESSAGE][PASSED] - Delayed 2 second(s)

2018-11-23 16:26:12 - [TEST_STEP][PASSED] - click: Object: 'Object Repository/Final Object Repo/Creating Employer Account/Page_Registration - ASSIST (Base)/Document Type' is clicked on

2018-11-23 16:26:12 - [MESSAGE][PASSED] - Object: 'Object Repository/Final Object Repo/Creating Employer Account/Page_Registration - ASSIST (Base)/Document Type' is clicked on

2018-11-23 16:26:12 - [TEST_STEP][PASSED] - delay: Delayed 2 second(s)

2018-11-23 16:26:14 - [MESSAGE][PASSED] - Delayed 2 second(s)

2018-11-23 16:26:14 - [TEST_STEP][PASSED] - click: Object: 'Object Repository/Final Object Repo/Creating Employer Account/Page_Registration - ASSIST (Base)/Document Type - Letter of Authorization' is clicked on

2018-11-23 16:26:15 - [MESSAGE][PASSED] - Object: 'Object Repository/Final Object Repo/Creating Employer Account/Page_Registration - ASSIST (Base)/Document Type - Letter of Authorization' is clicked on

2018-11-23 16:26:15 - [TEST_STEP][PASSED] - delay: Delayed 2 second(s)

2018-11-23 16:26:17 - [MESSAGE][PASSED] - Delayed 2 second(s)

2018-11-23 16:26:17 - [TEST_STEP][PASSED] - sendKeys: Keys 'C:\Users\Public\Pictures\Sample Pictures\Koala.jpg' sent to object: 'Object Repository/Final Object Repo/Creating Employer Account/Page_Registration - ASSIST (Base)/Uploading File'

2018-11-23 16:26:17 - [MESSAGE][PASSED] - Keys 'C:\Users\Public\Pictures\Sample Pictures\Koala.jpg' sent to object: 'Object Repository/Final Object Repo/Creating Employer Account/Page_Registration - ASSIST (Base)/Uploading File'

2018-11-23 16:26:17 - [TEST_STEP][PASSED] - delay: Delayed 2 second(s)

2018-11-23 16:26:19 - [MESSAGE][PASSED] - Delayed 2 second(s)

2018-11-23 16:26:19 - [TEST_STEP][PASSED] - click: Object: 'Object Repository/Final Object Repo/Creating Employer Account/Page_Registration - ASSIST (Base)/Add Document in Uploading File' is clicked on

2018-11-23 16:26:21 - [MESSAGE][PASSED] - Object: 'Object Repository/Final Object Repo/Creating Employer Account/Page_Registration - ASSIST (Base)/Add Document in Uploading File' is clicked on

2018-11-23 16:26:21 - [TEST_STEP][PASSED] - delay: Delayed 2 second(s)

2018-11-23 16:26:23 - [MESSAGE][PASSED] - Delayed 2 second(s)

2018-11-23 16:26:23 - [TEST_STEP][PASSED] - click: Object: 'Object Repository/Final Object Repo/Creating Employer Account/Page_Registration - ASSIST (Base)/Save' is clicked on

2018-11-23 16:26:25 - [MESSAGE][PASSED] - Object: 'Object Repository/Final Object Repo/Creating Employer Account/Page_Registration - ASSIST (Base)/Save' is clicked on

2018-11-23 16:26:25 - [TEST_STEP][PASSED] - delay: Delayed 2 second(s)

2018-11-23 16:26:27 - [MESSAGE][PASSED] - Delayed 2 second(s)

2018-11-23 16:26:27 - [TEST_STEP][PASSED] - click: Object: 'Object Repository/Final Object Repo/Creating Employer Account/Page_Registration - ASSIST (Base)/Submit' is clicked on

2018-11-23 16:26:28 - [MESSAGE][PASSED] - Object: 'Object Repository/Final Object Repo/Creating Employer Account/Page_Registration - ASSIST (Base)/Submit' is clicked on

2018-11-23 16:26:28 - [TEST_STEP][PASSED] - delay: Delayed 2 second(s)

2018-11-23 16:26:30 - [MESSAGE][PASSED] - Delayed 2 second(s)

2018-11-23 16:26:30 - [TEST_STEP][PASSED] - click: Object: 'Object Repository/Final Object Repo/Creating Employer Account/Page_Registration - ASSIST (Base)/Confirm' is clicked on

2018-11-23 16:26:30 - [MESSAGE][PASSED] - Object: 'Object Repository/Final Object Repo/Creating Employer Account/Page_Registration - ASSIST (Base)/Confirm' is clicked on

2018-11-23 16:26:30 - [MESSAGE][PASSED] - Call Test Case 'Test Cases/Final Aug 2018 - PKS Automation/Create Employer Acc/Template/Register Employer' successfully

2018-11-23 16:26:30 - [TEST_STEP][PASSED] - delay: Delayed 1 second(s)

2018-11-23 16:26:31 - [MESSAGE][PASSED] - Delayed 1 second(s)

2018-11-23 16:26:31 - [TEST_STEP][PASSED] - navigateToUrl: Navigate to 'https://assist2-uat.perkeso.gov.my/c/portal/logout' successfully

2018-11-23 16:26:33 - [MESSAGE][PASSED] - Navigate to 'https://assist2-uat.perkeso.gov.my/c/portal/logout' successfully

2018-11-23 16:26:33 - [TEST_STEP][PASSED] - delay: Delayed 1 second(s)

2018-11-23 16:26:34 - [MESSAGE][PASSED] - Delayed 1 second(s)

2018-11-23 16:26:34 - [TEST_STEP][PASSED] - callTestCase: Call Test Case 'Test Cases/Final Aug 2018 - PKS Automation/Create Employer Acc/Template/Change Password of Employer' successfully

2018-11-23 16:26:34 - [TEST_CASE][PASSED] - Test Cases/Final Aug 2018 - PKS Automation/Create Employer Acc/Template/Change Password of Employer: Test Cases/Final Aug 2018 - PKS Automation/Create Employer Acc/Template/Change Password of Employer

2018-11-23 16:26:34 - [TEST_STEP][PASSED] - openBrowser: Browser is opened with url: ''

2018-11-23 16:26:34 - [MESSAGE][WARNING] - A browser is already opened. Closing browser and opening a new one

2018-11-23 16:26:39 - [MESSAGE][PASSED] - Browser is opened with url: ''

2018-11-23 16:26:39 - [TEST_STEP][PASSED] - navigateToUrl: Navigate to 'https://assist2-uat.perkeso.gov.my/login' successfully

2018-11-23 16:26:41 - [MESSAGE][PASSED] - Navigate to 'https://assist2-uat.perkeso.gov.my/login' successfully

2018-11-23 16:26:41 - [TEST_STEP][PASSED] - delay: Delayed 5 second(s)

2018-11-23 16:26:46 - [MESSAGE][PASSED] - Delayed 5 second(s)

2018-11-23 16:26:46 - [TEST_STEP][PASSED] - setText: Text 'test@liferay.com' is set on object 'Object Repository/Final Object Repo/Login Page/Internal User/Email Address'

2018-11-23 16:26:46 - [MESSAGE][PASSED] - Text 'test@liferay.com' is set on object 'Object Repository/Final Object Repo/Login Page/Internal User/Email Address'

2018-11-23 16:26:46 - [TEST_STEP][PASSED] - click: Object: 'Object Repository/Final Object Repo/Login Page/Internal User/Next Button' is clicked on

2018-11-23 16:26:46 - [MESSAGE][PASSED] - Object: 'Object Repository/Final Object Repo/Login Page/Internal User/Next Button' is clicked on

2018-11-23 16:26:46 - [TEST_STEP][PASSED] - delay: Delayed 2 second(s)

2018-11-23 16:26:48 - [MESSAGE][PASSED] - Delayed 2 second(s)

2018-11-23 16:26:48 - [TEST_STEP][PASSED] - setText: Text 'test' is set on object 'Object Repository/Final Object Repo/Login Page/Internal User/Password'

2018-11-23 16:26:48 - [MESSAGE][PASSED] - Text 'test' is set on object 'Object Repository/Final Object Repo/Login Page/Internal User/Password'

2018-11-23 16:26:48 - [TEST_STEP][PASSED] - delay: Delayed 2 second(s)

2018-11-23 16:26:50 - [MESSAGE][PASSED] - Delayed 2 second(s)

2018-11-23 16:26:50 - [TEST_STEP][PASSED] - click: Object: 'Object Repository/Final Object Repo/Login Page/Internal User/Login Button' is clicked on

2018-11-23 16:26:53 - [MESSAGE][PASSED] - Object: 'Object Repository/Final Object Repo/Login Page/Internal User/Login Button' is clicked on

2018-11-23 16:26:53 - [TEST_STEP][PASSED] - delay: Delayed 3 second(s)

2018-11-23 16:26:56 - [MESSAGE][PASSED] - Delayed 3 second(s)

2018-11-23 16:26:56 - [TEST_STEP][PASSED] - navigateToUrl: Navigate to 'https://assist2-uat.perkeso.gov.my/group/control_panel/manage?p_p_id=125&p_p_lifecycle=0&p_p_state=maximized&p_p_mode=view&refererPlid=20455&_125_usersListView=flat-users&_125_toolbarItem=view-all-users&_125_saveUsersListView=true&_125_struts_action=%2Fusers_admin%2Fview' successfully

2018-11-23 16:26:58 - [MESSAGE][PASSED] - Navigate to 'https://assist2-uat.perkeso.gov.my/group/control_panel/manage?p_p_id=125&p_p_lifecycle=0&p_p_state=maximized&p_p_mode=view&refererPlid=20455&_125_usersListView=flat-users&_125_toolbarItem=view-all-users&_125_saveUsersListView=true&_125_struts_action=%2Fusers_admin%2Fview' successfully

2018-11-23 16:26:58 - [TEST_STEP][PASSED] - delay: Delayed 3 second(s)

2018-11-23 16:27:01 - [MESSAGE][PASSED] - Delayed 3 second(s)

2018-11-23 16:27:01 - [TEST_STEP][PASSED] - setText: Text 'perkeso331740645026@gmail.com' is set on object 'Object Repository/Final Object Repo/Creating Employer Account/Page_Users and Organizations - ASSIST/Employer name'

2018-11-23 16:27:01 - [MESSAGE][PASSED] - Text 'perkeso331740645026@gmail.com' is set on object 'Object Repository/Final Object Repo/Creating Employer Account/Page_Users and Organizations - ASSIST/Employer name'

2018-11-23 16:27:01 - [TEST_STEP][PASSED] - delay: Delayed 3 second(s)

2018-11-23 16:27:04 - [MESSAGE][PASSED] - Delayed 3 second(s)

2018-11-23 16:27:04 - [TEST_STEP][PASSED] - click: Object: 'Object Repository/Final Object Repo/Creating Employer Account/Page_Users and Organizations - ASSIST/Search' is clicked on

2018-11-23 16:27:05 - [MESSAGE][PASSED] - Object: 'Object Repository/Final Object Repo/Creating Employer Account/Page_Users and Organizations - ASSIST/Search' is clicked on

2018-11-23 16:27:05 - [TEST_STEP][PASSED] - delay: Delayed 3 second(s)

2018-11-23 16:27:08 - [MESSAGE][PASSED] - Delayed 3 second(s)

2018-11-23 16:27:08 - [TEST_STEP][PASSED] - click: Object: 'Object Repository/Final Object Repo/Creating Employer Account/Page_Users and Organizations - ASSIST/Action' is clicked on

2018-11-23 16:27:09 - [MESSAGE][PASSED] - Object: 'Object Repository/Final Object Repo/Creating Employer Account/Page_Users and Organizations - ASSIST/Action' is clicked on

2018-11-23 16:27:09 - [TEST_STEP][PASSED] - delay: Delayed 3 second(s)

2018-11-23 16:27:12 - [MESSAGE][PASSED] - Delayed 3 second(s)

2018-11-23 16:27:12 - [TEST_STEP][PASSED] - click: Object: 'Object Repository/Final Object Repo/Creating Employer Account/Page_Users and Organizations - ASSIST/Edit' is clicked on

2018-11-23 16:27:13 - [MESSAGE][PASSED] - Object: 'Object Repository/Final Object Repo/Creating Employer Account/Page_Users and Organizations - ASSIST/Edit' is clicked on

2018-11-23 16:27:13 - [TEST_STEP][PASSED] - delay: Delayed 3 second(s)

2018-11-23 16:27:16 - [MESSAGE][PASSED] - Delayed 3 second(s)

2018-11-23 16:27:16 - [TEST_STEP][PASSED] - click: Object: 'Object Repository/Final Object Repo/Creating Employer Account/Page_PERKESO - Users and Organizati/a_Password (Modified)' is clicked on

2018-11-23 16:27:16 - [MESSAGE][PASSED] - Object: 'Object Repository/Final Object Repo/Creating Employer Account/Page_PERKESO - Users and Organizati/a_Password (Modified)' is clicked on

2018-11-23 16:27:16 - [TEST_STEP][PASSED] - delay: Delayed 3 second(s)

2018-11-23 16:27:19 - [MESSAGE][PASSED] - Delayed 3 second(s)

2018-11-23 16:27:19 - [TEST_STEP][PASSED] - setEncryptedText: Text ****** has been set on object 'Object Repository/Final Object Repo/Creating Employer Account/Page_PERKESO - Users and Organizati/input__125_password1'

2018-11-23 16:27:20 - [MESSAGE][PASSED] - Text ****** has been set on object 'Object Repository/Final Object Repo/Creating Employer Account/Page_PERKESO - Users and Organizati/input__125_password1'

2018-11-23 16:27:20 - [TEST_STEP][PASSED] - delay: Delayed 3 second(s)

2018-11-23 16:27:23 - [MESSAGE][PASSED] - Delayed 3 second(s)

2018-11-23 16:27:23 - [TEST_STEP][PASSED] - setEncryptedText: Text ****** has been set on object 'Object Repository/Final Object Repo/Creating Employer Account/Page_PERKESO - Users and Organizati/input__125_password2'

2018-11-23 16:27:23 - [MESSAGE][PASSED] - Text ****** has been set on object 'Object Repository/Final Object Repo/Creating Employer Account/Page_PERKESO - Users and Organizati/input__125_password2'

2018-11-23 16:27:23 - [TEST_STEP][PASSED] - delay: Delayed 3 second(s)

2018-11-23 16:27:26 - [MESSAGE][PASSED] - Delayed 3 second(s)

2018-11-23 16:27:26 - [TEST_STEP][PASSED] - click: Object: 'Object Repository/Final Object Repo/Creating Employer Account/Page_PERKESO - Users and Organizati/Save' is clicked on

2018-11-23 16:27:28 - [MESSAGE][PASSED] - Object: 'Object Repository/Final Object Repo/Creating Employer Account/Page_PERKESO - Users and Organizati/Save' is clicked on

2018-11-23 16:27:28 - [MESSAGE][PASSED] - Call Test Case 'Test Cases/Final Aug 2018 - PKS Automation/Create Employer Acc/Template/Change Password of Employer' successfully

2018-11-23 16:27:28 - [TEST_STEP][PASSED] - delay: Delayed 1 second(s)

2018-11-23 16:27:29 - [MESSAGE][PASSED] - Delayed 1 second(s)

2018-11-23 16:27:29 - [TEST_STEP][PASSED] - navigateToUrl: Navigate to 'https://assist2-uat.perkeso.gov.my/c/portal/logout' successfully

2018-11-23 16:27:30 - [MESSAGE][PASSED] - Navigate to 'https://assist2-uat.perkeso.gov.my/c/portal/logout' successfully

2018-11-23 16:27:30 - [TEST_STEP][PASSED] - delay: Delayed 1 second(s)

2018-11-23 16:27:31 - [MESSAGE][PASSED] - Delayed 1 second(s)

2018-11-23 16:27:31 - [TEST_STEP][PASSED] - callTestCase: Call Test Case 'Test Cases/Final Aug 2018 - PKS Automation/Create Employer Acc/Template/Login to Employer Account (First Time)' successfully

2018-11-23 16:27:31 - [TEST_CASE][PASSED] - Test Cases/Final Aug 2018 - PKS Automation/Create Employer Acc/Template/Login to Employer Account (First Time): Test Cases/Final Aug 2018 - PKS Automation/Create Employer Acc/Template/Login to Employer Account (First Time)

2018-11-23 16:27:31 - [TEST_STEP][PASSED] - openBrowser: Browser is opened with url: ''

2018-11-23 16:27:31 - [MESSAGE][WARNING] - A browser is already opened. Closing browser and opening a new one

2018-11-23 16:27:36 - [MESSAGE][PASSED] - Browser is opened with url: ''

2018-11-23 16:27:36 - [TEST_STEP][PASSED] - navigateToUrl: Navigate to 'https://assist2-uat.perkeso.gov.my/employer/login' successfully

2018-11-23 16:27:38 - [MESSAGE][PASSED] - Navigate to 'https://assist2-uat.perkeso.gov.my/employer/login' successfully

2018-11-23 16:27:38 - [TEST_STEP][PASSED] - delay: Delayed 3 second(s)

2018-11-23 16:27:41 - [MESSAGE][PASSED] - Delayed 3 second(s)

2018-11-23 16:27:41 - [TEST_STEP][PASSED] - callTestCase: Call Test Case 'Test Cases/Final Aug 2018 - PKS Automation/Create Employer Acc/Template/Employer Email Getter' successfully

2018-11-23 16:27:41 - [TEST_CASE][PASSED] - Test Cases/Final Aug 2018 - PKS Automation/Create Employer Acc/Template/Employer Email Getter: Test Cases/Final Aug 2018 - PKS Automation/Create Employer Acc/Template/Employer Email Getter

2018-11-23 16:27:41 - [TEST_STEP][PASSED] - Statement - Try: null

2018-11-23 16:27:41 - [TEST_STEP][PASSED] - Statement - EmpEmail = new java.io.File(C://Users//Admin//Desktop//PKS//Automation Reference Point//EmpEmail.txt): null

2018-11-23 16:27:41 - [TEST_STEP][PASSED] - Statement - bufferread = new java.io.BufferedReader(new java.io.FileReader(EmpEmail)): null

2018-11-23 16:27:41 - [TEST_STEP][PASSED] - Statement - readedVal = bufferread.readLine(): null

2018-11-23 16:27:41 - [TEST_STEP][PASSED] - Statement - out.println(readedVal): null

2018-11-23 16:27:41 - [TEST_STEP][PASSED] - Statement - Email = readedVal: null

2018-11-23 16:27:41 - [MESSAGE][PASSED] - Call Test Case 'Test Cases/Final Aug 2018 - PKS Automation/Create Employer Acc/Template/Employer Email Getter' successfully

2018-11-23 16:27:41 - [TEST_STEP][PASSED] - setText: Text 'perkeso331740645026@gmail.com' is set on object 'Object Repository/Final Object Repo/Login Page/External Login Page/Email'

2018-11-23 16:27:42 - [MESSAGE][PASSED] - Text 'perkeso331740645026@gmail.com' is set on object 'Object Repository/Final Object Repo/Login Page/External Login Page/Email'

2018-11-23 16:27:42 - [TEST_STEP][PASSED] - click: Object: 'Object Repository/Final Object Repo/Login Page/External Login Page/Next' is clicked on

2018-11-23 16:27:42 - [MESSAGE][PASSED] - Object: 'Object Repository/Final Object Repo/Login Page/External Login Page/Next' is clicked on

2018-11-23 16:27:42 - [TEST_STEP][PASSED] - delay: Delayed 3 second(s)

2018-11-23 16:27:45 - [MESSAGE][PASSED] - Delayed 3 second(s)

2018-11-23 16:27:45 - [TEST_STEP][PASSED] - setEncryptedText: Text ****** has been set on object 'Object Repository/Final Object Repo/Login Page/External Login Page/Password'

2018-11-23 16:27:45 - [MESSAGE][PASSED] - Text ****** has been set on object 'Object Repository/Final Object Repo/Login Page/External Login Page/Password'

2018-11-23 16:27:45 - [TEST_STEP][PASSED] - click: Object: 'Object Repository/Final Object Repo/Login Page/External Login Page/Login' is clicked on

2018-11-23 16:27:47 - [MESSAGE][PASSED] - Object: 'Object Repository/Final Object Repo/Login Page/External Login Page/Login' is clicked on

2018-11-23 16:27:47 - [TEST_STEP][PASSED] - delay: Delayed 3 second(s)

2018-11-23 16:27:50 - [MESSAGE][PASSED] - Delayed 3 second(s)

2018-11-23 16:27:50 - [TEST_STEP][PASSED] - click: Object: 'Object Repository/Final Object Repo/Creating Employer Account/Page_Terms of Use - ASSIST/button_I Agree' is clicked on

2018-11-23 16:27:52 - [MESSAGE][PASSED] - Object: 'Object Repository/Final Object Repo/Creating Employer Account/Page_Terms of Use - ASSIST/button_I Agree' is clicked on

2018-11-23 16:27:52 - [TEST_STEP][PASSED] - delay: Delayed 2 second(s)

2018-11-23 16:27:54 - [MESSAGE][PASSED] - Delayed 2 second(s)

2018-11-23 16:27:54 - [TEST_STEP][PASSED] - setEncryptedText: Text ****** has been set on object 'Object Repository/Final Object Repo/Creating Employer Account/Page_New Password - ASSIST/input_password1'

2018-11-23 16:27:54 - [MESSAGE][PASSED] - Text ****** has been set on object 'Object Repository/Final Object Repo/Creating Employer Account/Page_New Password - ASSIST/input_password1'

2018-11-23 16:27:54 - [TEST_STEP][PASSED] - setEncryptedText: Text ****** has been set on object 'Object Repository/Final Object Repo/Creating Employer Account/Page_New Password - ASSIST/input_password2'

2018-11-23 16:27:54 - [MESSAGE][PASSED] - Text ****** has been set on object 'Object Repository/Final Object Repo/Creating Employer Account/Page_New Password - ASSIST/input_password2'

2018-11-23 16:27:54 - [TEST_STEP][PASSED] - delay: Delayed 2 second(s)

2018-11-23 16:27:56 - [MESSAGE][PASSED] - Delayed 2 second(s)

2018-11-23 16:27:56 - [TEST_STEP][PASSED] - click: Object: 'Object Repository/Final Object Repo/Creating Employer Account/Page_New Password - ASSIST/Save' is clicked on

2018-11-23 16:27:58 - [MESSAGE][PASSED] - Object: 'Object Repository/Final Object Repo/Creating Employer Account/Page_New Password - ASSIST/Save' is clicked on

2018-11-23 16:27:58 - [TEST_STEP][PASSED] - delay: Delayed 2 second(s)

2018-11-23 16:28:00 - [MESSAGE][PASSED] - Delayed 2 second(s)

2018-11-23 16:28:00 - [TEST_STEP][PASSED] - setText: Text 'test' is set on object 'Object Repository/Final Object Repo/Creating Employer Account/Page_Password Reminder - ASSIST/Reminder Query Answer'

2018-11-23 16:28:00 - [MESSAGE][PASSED] - Text 'test' is set on object 'Object Repository/Final Object Repo/Creating Employer Account/Page_Password Reminder - ASSIST/Reminder Query Answer'

2018-11-23 16:28:00 - [TEST_STEP][PASSED] - delay: Delayed 2 second(s)

2018-11-23 16:28:02 - [MESSAGE][PASSED] - Delayed 2 second(s)

2018-11-23 16:28:02 - [TEST_STEP][PASSED] - doubleClick: Object: 'Object Repository/Final Object Repo/Creating Employer Account/Page_Password Reminder - ASSIST/Save' is double clicked on

2018-11-23 16:28:02 - [MESSAGE][PASSED] - Object: 'Object Repository/Final Object Repo/Creating Employer Account/Page_Password Reminder - ASSIST/Save' is double clicked on

2018-11-23 16:28:02 - [MESSAGE][PASSED] - Call Test Case 'Test Cases/Final Aug 2018 - PKS Automation/Create Employer Acc/Template/Login to Employer Account (First Time)' successfully

2018-11-23 16:28:02 - [MESSAGE][PASSED] - Call Test Case 'Test Cases/Final Aug 2018 - PKS Automation/Create Employer Acc/Create Employer Account' successfully

2018-11-23 16:28:02 - [TEST_STEP][PASSED] - callTestCase: Call Test Case 'Test Cases/Final Aug 2018 - PKS Automation/Registration Module/Log Out/log out avoiding katalon tagging' successfully

2018-11-23 16:28:02 - [TEST_CASE][PASSED] - Test Cases/Final Aug 2018 - PKS Automation/Registration Module/Log Out/log out avoiding katalon tagging: Test Cases/Final Aug 2018 - PKS Automation/Registration Module/Log Out/log out avoiding katalon tagging

2018-11-23 16:28:03 - [TEST_STEP][PASSED] - navigateToUrl: Navigate to 'https://assist2-uat.perkeso.gov.my/c/portal/logout' successfully

2018-11-23 16:28:04 - [MESSAGE][PASSED] - Navigate to 'https://assist2-uat.perkeso.gov.my/c/portal/logout' successfully

2018-11-23 16:28:04 - [MESSAGE][PASSED] - Call Test Case 'Test Cases/Final Aug 2018 - PKS Automation/Registration Module/Log Out/log out avoiding katalon tagging' successfully

2018-11-23 16:28:04 - [TEST_STEP][PASSED] - callTestCase: Call Test Case 'Test Cases/Final Aug 2018 - PKS Automation/Create Employer Acc/Login to Employer Account (Second time)' successfully

2018-11-23 16:28:04 - [TEST_CASE][PASSED] - Test Cases/Final Aug 2018 - PKS Automation/Create Employer Acc/Login to Employer Account (Second time): Test Cases/Final Aug 2018 - PKS Automation/Create Employer Acc/Login to Employer Account (Second time)

2018-11-23 16:28:04 - [TEST_STEP][PASSED] - openBrowser: Browser is opened with url: ''

2018-11-23 16:28:04 - [MESSAGE][WARNING] - A browser is already opened. Closing browser and opening a new one

2018-11-23 16:28:09 - [MESSAGE][PASSED] - Browser is opened with url: ''

2018-11-23 16:28:09 - [TEST_STEP][PASSED] - navigateToUrl: Navigate to 'https://assist2-uat.perkeso.gov.my/employer/login' successfully

2018-11-23 16:28:11 - [MESSAGE][PASSED] - Navigate to 'https://assist2-uat.perkeso.gov.my/employer/login' successfully

2018-11-23 16:28:11 - [TEST_STEP][PASSED] - delay: Delayed 3 second(s)

2018-11-23 16:28:14 - [MESSAGE][PASSED] - Delayed 3 second(s)

2018-11-23 16:28:14 - [TEST_STEP][PASSED] - callTestCase: Call Test Case 'Test Cases/Final Aug 2018 - PKS Automation/Create Employer Acc/Template/Employer Email Getter' successfully

2018-11-23 16:28:14 - [TEST_CASE][PASSED] - Test Cases/Final Aug 2018 - PKS Automation/Create Employer Acc/Template/Employer Email Getter: Test Cases/Final Aug 2018 - PKS Automation/Create Employer Acc/Template/Employer Email Getter

2018-11-23 16:28:14 - [TEST_STEP][PASSED] - Statement - Try: null

2018-11-23 16:28:14 - [TEST_STEP][PASSED] - Statement - EmpEmail = new java.io.File(C://Users//Admin//Desktop//PKS//Automation Reference Point//EmpEmail.txt): null

2018-11-23 16:28:14 - [TEST_STEP][PASSED] - Statement - bufferread = new java.io.BufferedReader(new java.io.FileReader(EmpEmail)): null

2018-11-23 16:28:14 - [TEST_STEP][PASSED] - Statement - readedVal = bufferread.readLine(): null

2018-11-23 16:28:14 - [TEST_STEP][PASSED] - Statement - out.println(readedVal): null

2018-11-23 16:28:14 - [TEST_STEP][PASSED] - Statement - Email = readedVal: null

2018-11-23 16:28:14 - [MESSAGE][PASSED] - Call Test Case 'Test Cases/Final Aug 2018 - PKS Automation/Create Employer Acc/Template/Employer Email Getter' successfully

2018-11-23 16:28:14 - [TEST_STEP][PASSED] - setText: Text 'perkeso331740645026@gmail.com' is set on object 'Object Repository/Final Object Repo/Login Page/External Login Page/Email'

2018-11-23 16:28:14 - [MESSAGE][PASSED] - Text 'perkeso331740645026@gmail.com' is set on object 'Object Repository/Final Object Repo/Login Page/External Login Page/Email'

2018-11-23 16:28:14 - [TEST_STEP][PASSED] - click: Object: 'Object Repository/Final Object Repo/Login Page/External Login Page/Next' is clicked on

2018-11-23 16:28:14 - [MESSAGE][PASSED] - Object: 'Object Repository/Final Object Repo/Login Page/External Login Page/Next' is clicked on

2018-11-23 16:28:14 - [TEST_STEP][PASSED] - delay: Delayed 3 second(s)

2018-11-23 16:28:17 - [MESSAGE][PASSED] - Delayed 3 second(s)

2018-11-23 16:28:17 - [TEST_STEP][PASSED] - setEncryptedText: Text ****** has been set on object 'Object Repository/Final Object Repo/Login Page/External Login Page/Password'

2018-11-23 16:28:18 - [MESSAGE][PASSED] - Text ****** has been set on object 'Object Repository/Final Object Repo/Login Page/External Login Page/Password'

2018-11-23 16:28:18 - [TEST_STEP][PASSED] - click: Object: 'Object Repository/Final Object Repo/Login Page/External Login Page/Login' is clicked on

2018-11-23 16:28:21 - [MESSAGE][PASSED] - Object: 'Object Repository/Final Object Repo/Login Page/External Login Page/Login' is clicked on

2018-11-23 16:28:21 - [TEST_STEP][PASSED] - delay: Delayed 5 second(s)

2018-11-23 16:28:26 - [MESSAGE][PASSED] - Delayed 5 second(s)

2018-11-23 16:28:26 - [MESSAGE][PASSED] - Call Test Case 'Test Cases/Final Aug 2018 - PKS Automation/Create Employer Acc/Login to Employer Account (Second time)' successfully

2018-11-23 16:28:26 - [TEST_STEP][PASSED] - delay: Delayed 4 second(s)

2018-11-23 16:28:30 - [MESSAGE][PASSED] - Delayed 4 second(s)

2018-11-23 16:28:30 - [TEST_STEP][PASSED] - Statement - Try: Delayed 2 second(s)

2018-11-23 16:28:30 - [TEST_STEP][PASSED] - Statement - Checker = false: null

2018-11-23 16:28:30 - [TEST_STEP][PASSED] - Statement - Checker = com.kms.katalon.core.webui.keyword.WebUiBuiltInKeywords.verifyElementHasAttribute(com.kms.katalon.core.testobject.ObjectRepository.findTestObject(Final Object Repo/Landing Page/BM Detecting), "href", 20, OPTIONAL): Object 'Object Repository/Final Object Repo/Landing Page/BM Detecting' has attribute 'href'

2018-11-23 16:28:30 - [MESSAGE][PASSED] - Object 'Object Repository/Final Object Repo/Landing Page/BM Detecting' has attribute 'href'

2018-11-23 16:28:30 - [TEST_STEP][PASSED] - Statement - out.println(Checker): null

2018-11-23 16:28:30 - [TEST_STEP][PASSED] - Statement - If (Checker == false): null

2018-11-23 16:28:30 - [TEST_STEP][PASSED] - Statement - Else: null

2018-11-23 16:28:30 - [TEST_STEP][PASSED] - delay: Delayed 2 second(s)

2018-11-23 16:28:32 - [MESSAGE][PASSED] - Delayed 2 second(s)

2018-11-23 16:28:32 - [TEST_STEP][PASSED] - delay: Delayed 4 second(s)

2018-11-23 16:28:36 - [MESSAGE][PASSED] - Delayed 4 second(s)

2018-11-23 16:28:36 - [TEST_STEP][PASSED] - click: Object: 'Object Repository/Final Object Repo/Landing Page/My Sites Drop Down' is clicked on

2018-11-23 16:28:37 - [MESSAGE][PASSED] - Object: 'Object Repository/Final Object Repo/Landing Page/My Sites Drop Down' is clicked on

2018-11-23 16:28:37 - [TEST_STEP][PASSED] - click: Object: 'Object Repository/Final Object Repo/Landing Page/Select to Registration Module' is clicked on

2018-11-23 16:28:39 - [MESSAGE][PASSED] - Object: 'Object Repository/Final Object Repo/Landing Page/Select to Registration Module' is clicked on

2018-11-23 16:28:39 - [TEST_STEP][PASSED] - click: Object: 'Object Repository/Final Object Repo/Landing Page/Registration Button' is clicked on

2018-11-23 16:28:41 - [MESSAGE][PASSED] - Object: 'Object Repository/Final Object Repo/Landing Page/Registration Button' is clicked on

2018-11-23 16:28:41 - [TEST_STEP][PASSED] - delay: Delayed 2 second(s)

2018-11-23 16:28:43 - [MESSAGE][PASSED] - Delayed 2 second(s)

2018-11-23 16:28:43 - [TEST_STEP][PASSED] - click: Object: 'Object Repository/Final Object Repo/New Registration - Registration Module Pages/New Reg - OTC to RO/Special Case - OTC - Form 1/AEC NO' is clicked on

2018-11-23 16:28:43 - [MESSAGE][PASSED] - Object: 'Object Repository/Final Object Repo/New Registration - Registration Module Pages/New Reg - OTC to RO/Special Case - OTC - Form 1/AEC NO' is clicked on

2018-11-23 16:28:43 - [TEST_STEP][PASSED] - click: Object: 'Object Repository/Final Object Repo/New Registration - Registration Module Pages/New Reg - OTC to RO/Special Case - OTC - Form 1/Business Entity - Please Select' is clicked on

2018-11-23 16:28:44 - [MESSAGE][PASSED] - Object: 'Object Repository/Final Object Repo/New Registration - Registration Module Pages/New Reg - OTC to RO/Special Case - OTC - Form 1/Business Entity - Please Select' is clicked on

2018-11-23 16:28:44 - [TEST_STEP][PASSED] - click: Object: 'Object Repository/Final Object Repo/New Registration - Registration Module Pages/New Reg - OTC to RO/Special Case - OTC - Form 1/Selected - Corporation' is clicked on

2018-11-23 16:28:45 - [MESSAGE][PASSED] - Object: 'Object Repository/Final Object Repo/New Registration - Registration Module Pages/New Reg - OTC to RO/Special Case - OTC - Form 1/Selected - Corporation' is clicked on

2018-11-23 16:28:45 - [TEST_STEP][PASSED] - delay: Delayed 2 second(s)

2018-11-23 16:28:47 - [MESSAGE][PASSED] - Delayed 2 second(s)

2018-11-23 16:28:47 - [TEST_STEP][PASSED] - click: Object: 'Object Repository/Final Object Repo/New Registration - Registration Module Pages/New Reg - OTC to RO/Special Case - OTC - Form 1/Sub Business Entity - Please Select' is clicked on

2018-11-23 16:28:47 - [MESSAGE][PASSED] - Object: 'Object Repository/Final Object Repo/New Registration - Registration Module Pages/New Reg - OTC to RO/Special Case - OTC - Form 1/Sub Business Entity - Please Select' is clicked on

2018-11-23 16:28:47 - [TEST_STEP][PASSED] - delay: Delayed 2 second(s)

2018-11-23 16:28:49 - [MESSAGE][PASSED] - Delayed 2 second(s)

2018-11-23 16:28:49 - [TEST_STEP][PASSED] - click: Object: 'Object Repository/Final Object Repo/New Registration - Registration Module Pages/New Reg - OTC to RO/Special Case - OTC - Form 1/Selected - Sendirian Berhad' is clicked on

2018-11-23 16:28:50 - [MESSAGE][PASSED] - Object: 'Object Repository/Final Object Repo/New Registration - Registration Module Pages/New Reg - OTC to RO/Special Case - OTC - Form 1/Selected - Sendirian Berhad' is clicked on

2018-11-23 16:28:50 - [TEST_STEP][PASSED] - setText: Text 'AUTOMATE001' is set on object 'Object Repository/Final Object Repo/New Registration - Registration Module Pages/New Reg - OTC to RO/Special Case - OTC - Form 1/Input BRN Number'

2018-11-23 16:28:50 - [MESSAGE][PASSED] - Text 'AUTOMATE001' is set on object 'Object Repository/Final Object Repo/New Registration - Registration Module Pages/New Reg - OTC to RO/Special Case - OTC - Form 1/Input BRN Number'

2018-11-23 16:28:50 - [TEST_STEP][PASSED] - delay: Delayed 2 second(s)

2018-11-23 16:28:52 - [MESSAGE][PASSED] - Delayed 2 second(s)

2018-11-23 16:28:52 - [TEST_STEP][PASSED] - click: Object: 'Object Repository/Final Object Repo/New Registration - Registration Module Pages/New Reg - OTC to RO/Special Case - OTC - Form 1/BRN Search' is clicked on

2018-11-23 16:28:52 - [MESSAGE][PASSED] - Object: 'Object Repository/Final Object Repo/New Registration - Registration Module Pages/New Reg - OTC to RO/Special Case - OTC - Form 1/BRN Search' is clicked on

2018-11-23 16:28:52 - [TEST_STEP][PASSED] - delay: Delayed 4 second(s)

2018-11-23 16:28:56 - [MESSAGE][PASSED] - Delayed 4 second(s)

2018-11-23 16:28:56 - [TEST_STEP][PASSED] - click: Object: 'Object Repository/Final Object Repo/New Registration - Registration Module Pages/New Reg - OTC to RO/Special Case - OTC - Form 1/Registered with SSM - After Feb 2017' is clicked on

2018-11-23 16:28:57 - [MESSAGE][PASSED] - Object: 'Object Repository/Final Object Repo/New Registration - Registration Module Pages/New Reg - OTC to RO/Special Case - OTC - Form 1/Registered with SSM - After Feb 2017' is clicked on

2018-11-23 16:28:57 - [TEST_STEP][PASSED] - delay: Delayed 2 second(s)

2018-11-23 16:28:59 - [MESSAGE][PASSED] - Delayed 2 second(s)

2018-11-23 16:28:59 - [TEST_STEP][PASSED] - click: Object: 'Object Repository/Final Object Repo/New Registration - Registration Module Pages/Form 1/Registered As a Branch - Yes' is clicked on

2018-11-23 16:28:59 - [MESSAGE][PASSED] - Object: 'Object Repository/Final Object Repo/New Registration - Registration Module Pages/Form 1/Registered As a Branch - Yes' is clicked on

2018-11-23 16:28:59 - [TEST_STEP][PASSED] - click: Object: 'Object Repository/Final Object Repo/New Registration - Registration Module Pages/New Reg - OTC to RO/Special Case - OTC - Form 1/Acknowledgement Ticked' is clicked on

2018-11-23 16:28:59 - [MESSAGE][PASSED] - Object: 'Object Repository/Final Object Repo/New Registration - Registration Module Pages/New Reg - OTC to RO/Special Case - OTC - Form 1/Acknowledgement Ticked' is clicked on

2018-11-23 16:28:59 - [TEST_STEP][PASSED] - setText: Text 'perkeso331740645026@gmail.com' is set on object 'Object Repository/Final Object Repo/New Registration - Registration Module Pages/Form 1/Email'

2018-11-23 16:29:00 - [MESSAGE][PASSED] - Text 'perkeso331740645026@gmail.com' is set on object 'Object Repository/Final Object Repo/New Registration - Registration Module Pages/Form 1/Email'

2018-11-23 16:29:00 - [TEST_STEP][PASSED] - click: Object: 'Object Repository/Final Object Repo/New Registration - Registration Module Pages/New Reg - OTC to RO/Special Case - OTC - Form 1/Submit Button' is clicked on

2018-11-23 16:29:01 - [MESSAGE][PASSED] - Object: 'Object Repository/Final Object Repo/New Registration - Registration Module Pages/New Reg - OTC to RO/Special Case - OTC - Form 1/Submit Button' is clicked on

2018-11-23 16:29:01 - [TEST_STEP][PASSED] - callTestCase: Call Test Case 'Test Cases/Final Aug 2018 - PKS Automation/Registration Module/New Registration/Form 2/Add 1 Eligible - Employer Account Use' successfully

2018-11-23 16:29:01 - [TEST_CASE][PASSED] - Test Cases/Final Aug 2018 - PKS Automation/Registration Module/New Registration/Form 2/Add 1 Eligible - Employer Account Use: Test Cases/Final Aug 2018 - PKS Automation/Registration Module/New Registration/Form 2/Add 1 Eligible - Employer Account Use

2018-11-23 16:29:02 - [TEST_STEP][PASSED] - delay: Delayed 2 second(s)

2018-11-23 16:29:04 - [MESSAGE][PASSED] - Delayed 2 second(s)

2018-11-23 16:29:04 - [TEST_STEP][PASSED] - callTestCase: Call Test Case 'Test Cases/Final Aug 2018 - PKS Automation/Registration Module/New Registration/Form 2/Date Updater' successfully

2018-11-23 16:29:04 - [TEST_CASE][PASSED] - Test Cases/Final Aug 2018 - PKS Automation/Registration Module/New Registration/Form 2/Date Updater: Test Cases/Final Aug 2018 - PKS Automation/Registration Module/New Registration/Form 2/Date Updater

2018-11-23 16:29:04 - [TEST_STEP][PASSED] - Statement - TodayDate = new java.util.Date(): null

2018-11-23 16:29:04 - [TEST_STEP][PASSED] - Statement - CurrentDateNoFilter = new java.text.SimpleDateFormat(): null

2018-11-23 16:29:04 - [TEST_STEP][PASSED] - Statement - CurrentDateNoFilter.applyPattern("dd"): null

2018-11-23 16:29:04 - [TEST_STEP][PASSED] - Statement - CurrentDate = CurrentDateNoFilter.format(TodayDate): null

2018-11-23 16:29:04 - [TEST_STEP][PASSED] - Statement - CurrentDate = java.lang.Integer.parseInt(CurrentDate): null

2018-11-23 16:29:04 - [TEST_STEP][PASSED] - Statement - CurrentDate = CurrentDate: null

2018-11-23 16:29:04 - [TEST_STEP][PASSED] - Statement - CurrentDay = java.lang.Integer.parseInt(CurrentDate): null

2018-11-23 16:29:04 - [TEST_STEP][PASSED] - Statement - aDayBefore = CurrentDay + 1: null

2018-11-23 16:29:04 - [TEST_STEP][PASSED] - Statement - DayBefore = aDayBefore.toString(): null

2018-11-23 16:29:04 - [TEST_STEP][PASSED] - Statement - OneDayBefore = DayBefore: null

2018-11-23 16:29:04 - [TEST_STEP][PASSED] - Statement - CurrentDateNoFilter.applyPattern("MM"): null

2018-11-23 16:29:04 - [TEST_STEP][PASSED] - Statement - monthContainerMatcher = java.lang.Integer.parseInt(CurrentDateNoFilter.format(TodayDate)): null

2018-11-23 16:29:04 - [TEST_STEP][PASSED] - Statement - monthContainerMatcher = monthContainerMatcher - 1: null

2018-11-23 16:29:04 - [TEST_STEP][PASSED] - Statement - CurrentMonth = monthContainerMatcher.toString(): null

2018-11-23 16:29:04 - [TEST_STEP][PASSED] - Statement - CurrentMonth = CurrentMonth: null

2018-11-23 16:29:04 - [TEST_STEP][PASSED] - Statement - CurrentDateNoFilter.applyPattern("yyyy"): null

2018-11-23 16:29:04 - [TEST_STEP][PASSED] - Statement - CurrentYear = CurrentDateNoFilter.format(TodayDate): null

2018-11-23 16:29:04 - [TEST_STEP][PASSED] - Statement - CurrentYear = CurrentYear: null

2018-11-23 16:29:04 - [TEST_STEP][PASSED] - Statement - intCurrentYear = java.lang.Integer.parseInt(CurrentDateNoFilter.format(TodayDate)): null

2018-11-23 16:29:04 - [TEST_STEP][PASSED] - Statement - eighteenYrsAgo = intCurrentYear - 18: null

2018-11-23 16:29:04 - [TEST_STEP][PASSED] - Statement - eighteenYrsBeforeThisYr = eighteenYrsAgo.toString(): null

2018-11-23 16:29:04 - [TEST_STEP][PASSED] - Statement - EighteenYrsBefore = eighteenYrsBeforeThisYr: null

2018-11-23 16:29:04 - [TEST_STEP][PASSED] - Statement - fiftysevenYrsAgo = intCurrentYear - 57: null

2018-11-23 16:29:04 - [TEST_STEP][PASSED] - Statement - fiftysevenYrsBeforeThisYr = fiftysevenYrsAgo.toString(): null

2018-11-23 16:29:04 - [TEST_STEP][PASSED] - Statement - FiftysevenYrsBefore = fiftysevenYrsBeforeThisYr: null

2018-11-23 16:29:04 - [MESSAGE][PASSED] - Call Test Case 'Test Cases/Final Aug 2018 - PKS Automation/Registration Module/New Registration/Form 2/Date Updater' successfully

2018-11-23 16:29:04 - [TEST_STEP][PASSED] - delay: Delayed 1 second(s)

2018-11-23 16:29:05 - [MESSAGE][PASSED] - Delayed 1 second(s)

2018-11-23 16:29:05 - [TEST_STEP][PASSED] - Statement - CaseReferenceNo = com.kms.katalon.core.webui.keyword.WebUiBuiltInKeywords.getText(com.kms.katalon.core.testobject.ObjectRepository.findTestObject(Final Object Repo/New Registration - Registration Module Pages/Form 2/RefNo Acquiring)): Text of object 'Object Repository/Final Object Repo/New Registration - Registration Module Pages/Form 2/RefNo Acquiring' is: 'CRN11201800122747'

2018-11-23 16:29:06 - [MESSAGE][PASSED] - Text of object 'Object Repository/Final Object Repo/New Registration - Registration Module Pages/Form 2/RefNo Acquiring' is: 'CRN11201800122747'

2018-11-23 16:29:06 - [TEST_STEP][PASSED] - delay: Delayed 1 second(s)

2018-11-23 16:29:07 - [MESSAGE][PASSED] - Delayed 1 second(s)

2018-11-23 16:29:07 - [TEST_STEP][PASSED] - click: Object: 'Object Repository/Final Object Repo/New Registration - Registration Module Pages/Form 2/Add Employee Button' is clicked on

2018-11-23 16:29:07 - [MESSAGE][PASSED] - Object: 'Object Repository/Final Object Repo/New Registration - Registration Module Pages/Form 2/Add Employee Button' is clicked on

2018-11-23 16:29:07 - [TEST_STEP][PASSED] - delay: Delayed 1 second(s)

2018-11-23 16:29:08 - [MESSAGE][PASSED] - Delayed 1 second(s)

2018-11-23 16:29:08 - [TEST_STEP][PASSED] - setText: Text '010903091948' is set on object 'Object Repository/Final Object Repo/New Registration - Registration Module Pages/Form 2/NRIC Input'

2018-11-23 16:29:08 - [MESSAGE][PASSED] - Text '010903091948' is set on object 'Object Repository/Final Object Repo/New Registration - Registration Module Pages/Form 2/NRIC Input'

2018-11-23 16:29:08 - [TEST_STEP][PASSED] - delay: Delayed 2 second(s)

2018-11-23 16:29:10 - [MESSAGE][PASSED] - Delayed 2 second(s)

2018-11-23 16:29:10 - [TEST_STEP][PASSED] - setText: Text 'Automate001 eligible 1' is set on object 'Object Repository/Final Object Repo/New Registration - Registration Module Pages/Form 2/Employee Name Input'

2018-11-23 16:29:10 - [MESSAGE][PASSED] - Text 'Automate001 eligible 1' is set on object 'Object Repository/Final Object Repo/New Registration - Registration Module Pages/Form 2/Employee Name Input'

2018-11-23 16:29:10 - [TEST_STEP][PASSED] - delay: Delayed 2 second(s)

2018-11-23 16:29:12 - [MESSAGE][PASSED] - Delayed 2 second(s)

2018-11-23 16:29:12 - [TEST_STEP][PASSED] - click: Object: 'Object Repository/Final Object Repo/New Registration - Registration Module Pages/Form 2/DatePicker Pop Up' is clicked on

2018-11-23 16:29:13 - [MESSAGE][PASSED] - Object: 'Object Repository/Final Object Repo/New Registration - Registration Module Pages/Form 2/DatePicker Pop Up' is clicked on

2018-11-23 16:29:13 - [TEST_STEP][PASSED] - click: Object: 'Object Repository/Final Object Repo/New Registration - Registration Module Pages/Form 2/DOB Month' is clicked on

2018-11-23 16:29:13 - [MESSAGE][PASSED] - Object: 'Object Repository/Final Object Repo/New Registration - Registration Module Pages/Form 2/DOB Month' is clicked on

2018-11-23 16:29:13 - [TEST_STEP][PASSED] - Statement - CurrentMonth = CurrentMonth: null

2018-11-23 16:29:13 - [TEST_STEP][PASSED] - Statement - selectMonth = new com.kms.katalon.core.testobject.TestObject(): null

2018-11-23 16:29:13 - [TEST_STEP][PASSED] - Statement - selectMonth.addProperty("xpath", EQUALS, "//body/div/div/div/select/option[@value='" + CurrentMonth + "']", true): null

2018-11-23 16:29:13 - [TEST_STEP][PASSED] - click: Object: '' is clicked on

2018-11-23 16:29:14 - [MESSAGE][PASSED] - Object: '' is clicked on

2018-11-23 16:29:14 - [TEST_STEP][PASSED] - click: Object: 'Object Repository/Final Object Repo/New Registration - Registration Module Pages/Form 2/DOB Year' is clicked on

2018-11-23 16:29:14 - [MESSAGE][PASSED] - Object: 'Object Repository/Final Object Repo/New Registration - Registration Module Pages/Form 2/DOB Year' is clicked on

2018-11-23 16:29:14 - [TEST_STEP][PASSED] - Statement - Eyearsbf = EighteenYrsBefore: null

2018-11-23 16:29:14 - [TEST_STEP][PASSED] - Statement - selectYear = new com.kms.katalon.core.testobject.TestObject(): null

2018-11-23 16:29:14 - [TEST_STEP][PASSED] - Statement - selectYear.addProperty("xpath", EQUALS, "//div/div/div/select/option[@value='" + Eyearsbf + "']", true): null

2018-11-23 16:29:14 - [TEST_STEP][PASSED] - click: Object: '' is clicked on

2018-11-23 16:29:14 - [MESSAGE][PASSED] - Object: '' is clicked on

2018-11-23 16:29:14 - [TEST_STEP][PASSED] - Statement - UpdatedSelectDate = com.kms.katalon.core.webui.keyword.WebUiBuiltInKeywords.modifyObjectProperty(com.kms.katalon.core.testobject.ObjectRepository.findTestObject(Final Object Repo/New Registration - Registration Module Pages/Form 2/DOB Date), "xpath", "equals", "//body/div/table/tbody/tr/td/a[text()="" + CurrentDate + ""]", true): Modify property of object successfully

2018-11-23 16:29:14 - [MESSAGE][PASSED] - Modify property of object successfully

2018-11-23 16:29:14 - [TEST_STEP][PASSED] - delay: Delayed 3 second(s)

2018-11-23 16:29:17 - [MESSAGE][PASSED] - Delayed 3 second(s)

2018-11-23 16:29:17 - [TEST_STEP][PASSED] - click: Object: 'Object Repository/Final Object Repo/New Registration - Registration Module Pages/Form 2/DOB Date' is clicked on

2018-11-23 16:29:18 - [MESSAGE][PASSED] - Object: 'Object Repository/Final Object Repo/New Registration - Registration Module Pages/Form 2/DOB Date' is clicked on

2018-11-23 16:29:18 - [TEST_STEP][PASSED] - delay: Delayed 2 second(s)

2018-11-23 16:29:20 - [MESSAGE][PASSED] - Delayed 2 second(s)

2018-11-23 16:29:20 - [TEST_STEP][PASSED] - click: Object: 'Object Repository/Final Object Repo/New Registration - Registration Module Pages/Form 2/EmploymentStartDate Pop Up' is clicked on

2018-11-23 16:29:21 - [MESSAGE][PASSED] - Object: 'Object Repository/Final Object Repo/New Registration - Registration Module Pages/Form 2/EmploymentStartDate Pop Up' is clicked on

2018-11-23 16:29:21 - [TEST_STEP][PASSED] - delay: Delayed 2 second(s)

2018-11-23 16:29:23 - [MESSAGE][PASSED] - Delayed 2 second(s)

2018-11-23 16:29:23 - [TEST_STEP][PASSED] - click: Object: 'Object Repository/Final Object Repo/New Registration - Registration Module Pages/Form 2/Socso Employment StartDate Month' is clicked on

2018-11-23 16:29:23 - [MESSAGE][PASSED] - Object: 'Object Repository/Final Object Repo/New Registration - Registration Module Pages/Form 2/Socso Employment StartDate Month' is clicked on

2018-11-23 16:29:23 - [TEST_STEP][PASSED] - delay: Delayed 1 second(s)

2018-11-23 16:29:24 - [MESSAGE][PASSED] - Delayed 1 second(s)

2018-11-23 16:29:24 - [TEST_STEP][PASSED] - click: Object: 'Object Repository/Final Object Repo/New Registration - Registration Module Pages/Form 2/Select Socso Employement Startdate Month' is clicked on

2018-11-23 16:29:24 - [MESSAGE][PASSED] - Object: 'Object Repository/Final Object Repo/New Registration - Registration Module Pages/Form 2/Select Socso Employement Startdate Month' is clicked on

2018-11-23 16:29:24 - [TEST_STEP][PASSED] - delay: Delayed 2 second(s)

2018-11-23 16:29:26 - [MESSAGE][PASSED] - Delayed 2 second(s)

2018-11-23 16:29:26 - [TEST_STEP][PASSED] - click: Object: 'Object Repository/Final Object Repo/New Registration - Registration Module Pages/Form 2/Socso Employment StartDate Year' is clicked on

2018-11-23 16:29:27 - [MESSAGE][PASSED] - Object: 'Object Repository/Final Object Repo/New Registration - Registration Module Pages/Form 2/Socso Employment StartDate Year' is clicked on

2018-11-23 16:29:27 - [TEST_STEP][PASSED] - delay: Delayed 1 second(s)

2018-11-23 16:29:28 - [MESSAGE][PASSED] - Delayed 1 second(s)

2018-11-23 16:29:28 - [TEST_STEP][PASSED] - click: Object: 'Object Repository/Final Object Repo/New Registration - Registration Module Pages/Form 2/Select Socso Employment Startdate Year' is clicked on

2018-11-23 16:29:28 - [MESSAGE][PASSED] - Object: 'Object Repository/Final Object Repo/New Registration - Registration Module Pages/Form 2/Select Socso Employment Startdate Year' is clicked on

2018-11-23 16:29:28 - [TEST_STEP][PASSED] - delay: Delayed 2 second(s)

2018-11-23 16:29:30 - [MESSAGE][PASSED] - Delayed 2 second(s)

2018-11-23 16:29:30 - [TEST_STEP][PASSED] - click: Object: 'Object Repository/Final Object Repo/New Registration - Registration Module Pages/Form 2/Socso Employment Start Date Day' is clicked on

2018-11-23 16:29:30 - [MESSAGE][PASSED] - Object: 'Object Repository/Final Object Repo/New Registration - Registration Module Pages/Form 2/Socso Employment Start Date Day' is clicked on

2018-11-23 16:29:30 - [TEST_STEP][PASSED] - delay: Delayed 2 second(s)

2018-11-23 16:29:32 - [MESSAGE][PASSED] - Delayed 2 second(s)

2018-11-23 16:29:32 - [TEST_STEP][PASSED] - click: Object: 'Object Repository/Final Object Repo/New Registration - Registration Module Pages/Form 2/Save Button for Add Employee' is clicked on

2018-11-23 16:29:34 - [MESSAGE][PASSED] - Object: 'Object Repository/Final Object Repo/New Registration - Registration Module Pages/Form 2/Save Button for Add Employee' is clicked on

2018-11-23 16:29:34 - [TEST_STEP][PASSED] - delay: Delayed 6 second(s)

2018-11-23 16:29:40 - [MESSAGE][PASSED] - Delayed 6 second(s)

2018-11-23 16:29:40 - [TEST_STEP][PASSED] - click: Object: 'Object Repository/Final Object Repo/New Registration - Registration Module Pages/Form 2/Save and Continue Form 2' is clicked on

2018-11-23 16:29:42 - [MESSAGE][PASSED] - Object: 'Object Repository/Final Object Repo/New Registration - Registration Module Pages/Form 2/Save and Continue Form 2' is clicked on

2018-11-23 16:29:42 - [MESSAGE][PASSED] - Call Test Case 'Test Cases/Final Aug 2018 - PKS Automation/Registration Module/New Registration/Form 2/Add 1 Eligible - Employer Account Use' successfully

2018-11-23 16:29:42 - [TEST_STEP][PASSED] - callTestCase: Call Test Case 'Test Cases/Final Aug 2018 - PKS Automation/Registration Module/New Registration/Flow of New Registration/Third Screen - Upload Supporting Doc - Preview' successfully

2018-11-23 16:29:42 - [TEST_CASE][PASSED] - Test Cases/Final Aug 2018 - PKS Automation/Registration Module/New Registration/Flow of New Registration/Third Screen - Upload Supporting Doc - Preview: Test Cases/Final Aug 2018 - PKS Automation/Registration Module/New Registration/Flow of New Registration/Third Screen - Upload Supporting Doc - Preview

2018-11-23 16:29:42 - [TEST_STEP][PASSED] - waitForPageLoad: Wait for page load successfully

2018-11-23 16:29:42 - [MESSAGE][PASSED] - Wait for page load successfully

2018-11-23 16:29:42 - [TEST_STEP][PASSED] - Statement - CaseReferenceNo = com.kms.katalon.core.webui.keyword.WebUiBuiltInKeywords.getText(com.kms.katalon.core.testobject.ObjectRepository.findTestObject(Final Object Repo/New Registration - Registration Module Pages/Third Screen - Upload Supporting Doc- Preview/RefNo Acquiring)): Text of object 'Object Repository/Final Object Repo/New Registration - Registration Module Pages/Third Screen - Upload Supporting Doc- Preview/RefNo Acquiring' is: 'CRN11201800122747'

2018-11-23 16:29:42 - [MESSAGE][PASSED] - Text of object 'Object Repository/Final Object Repo/New Registration - Registration Module Pages/Third Screen - Upload Supporting Doc- Preview/RefNo Acquiring' is: 'CRN11201800122747'

2018-11-23 16:29:42 - [TEST_STEP][PASSED] - delay: Delayed 2 second(s)

2018-11-23 16:29:44 - [MESSAGE][PASSED] - Delayed 2 second(s)

2018-11-23 16:29:44 - [TEST_STEP][PASSED] - callTestCase: Call Test Case 'Test Cases/Final Aug 2018 - PKS Automation/Common/Reference Number Setter' successfully

2018-11-23 16:29:44 - [TEST_CASE][PASSED] - Test Cases/Final Aug 2018 - PKS Automation/Common/Reference Number Setter: Test Cases/Final Aug 2018 - PKS Automation/Common/Reference Number Setter

2018-11-23 16:29:45 - [TEST_STEP][PASSED] - Statement - RefNoOldFile = new java.io.File(C://Users//Admin//Desktop//PKS//Automation Reference Point//KatalonReference.txt): null

2018-11-23 16:29:45 - [TEST_STEP][PASSED] - Statement - RefNoOldFile.delete(): null

2018-11-23 16:29:45 - [TEST_STEP][PASSED] - delay: Delayed 5 second(s)

2018-11-23 16:29:50 - [MESSAGE][PASSED] - Delayed 5 second(s)

2018-11-23 16:29:50 - [TEST_STEP][PASSED] - Statement - RefNo = new java.io.File(C://Users//Admin//Desktop//PKS//Automation Reference Point//KatalonReference.txt): null

2018-11-23 16:29:50 - [TEST_STEP][PASSED] - Statement - f2 = new java.io.FileWriter(RefNo, false): null

2018-11-23 16:29:50 - [TEST_STEP][PASSED] - Statement - f2.write(CaseReferenceNo): null

2018-11-23 16:29:50 - [TEST_STEP][PASSED] - Statement - f2.close(): null

2018-11-23 16:29:50 - [TEST_STEP][PASSED] - Statement - out.println("


" + CaseReferenceNo + "


"): null

2018-11-23 16:29:50 - [MESSAGE][PASSED] - Call Test Case 'Test Cases/Final Aug 2018 - PKS Automation/Common/Reference Number Setter' successfully

2018-11-23 16:29:50 - [TEST_STEP][PASSED] - waitForElementClickable: Object 'Object Repository/Final Object Repo/New Registration - Registration Module Pages/Third Screen - Upload Supporting Doc- Preview/Save n Continue in SIP Employee Listing Page' is clickable

2018-11-23 16:29:50 - [MESSAGE][PASSED] - Object 'Object Repository/Final Object Repo/New Registration - Registration Module Pages/Third Screen - Upload Supporting Doc- Preview/Save n Continue in SIP Employee Listing Page' is clickable

2018-11-23 16:29:50 - [TEST_STEP][PASSED] - click: Object: 'Object Repository/Final Object Repo/New Registration - Registration Module Pages/Third Screen - Upload Supporting Doc- Preview/Save n Continue in SIP Employee Listing Page' is clicked on

2018-11-23 16:29:56 - [MESSAGE][PASSED] - Object: 'Object Repository/Final Object Repo/New Registration - Registration Module Pages/Third Screen - Upload Supporting Doc- Preview/Save n Continue in SIP Employee Listing Page' is clicked on

2018-11-23 16:29:56 - [TEST_STEP][PASSED] - delay: Delayed 7 second(s)

2018-11-23 16:30:03 - [MESSAGE][PASSED] - Delayed 7 second(s)

2018-11-23 16:30:03 - [TEST_STEP][PASSED] - click: Object: 'Object Repository/Final Object Repo/New Registration - Registration Module Pages/Third Screen - Upload Supporting Doc- Preview/Add Document Button' is clicked on

2018-11-23 16:30:03 - [MESSAGE][PASSED] - Object: 'Object Repository/Final Object Repo/New Registration - Registration Module Pages/Third Screen - Upload Supporting Doc- Preview/Add Document Button' is clicked on

2018-11-23 16:30:03 - [TEST_STEP][PASSED] - delay: Delayed 30 second(s)

2018-11-23 16:30:33 - [MESSAGE][PASSED] - Delayed 30 second(s)

2018-11-23 16:30:33 - [TEST_STEP][PASSED] - click: Object: 'Object Repository/Final Object Repo/New Registration - Registration Module Pages/Third Screen - Upload Supporting Doc- Preview/Supporting Doc Please Select Drop Down' is clicked on

2018-11-23 16:30:34 - [MESSAGE][PASSED] - Object: 'Object Repository/Final Object Repo/New Registration - Registration Module Pages/Third Screen - Upload Supporting Doc- Preview/Supporting Doc Please Select Drop Down' is clicked on

2018-11-23 16:30:34 - [TEST_STEP][PASSED] - delay: Delayed 2 second(s)

2018-11-23 16:30:36 - [MESSAGE][PASSED] - Delayed 2 second(s)

2018-11-23 16:30:36 - [TEST_STEP][PASSED] - click: Object: 'Object Repository/Final Object Repo/New Registration - Registration Module Pages/Third Screen - Upload Supporting Doc- Preview/Select to Upload Form 1' is clicked on

2018-11-23 16:30:37 - [MESSAGE][PASSED] - Object: 'Object Repository/Final Object Repo/New Registration - Registration Module Pages/Third Screen - Upload Supporting Doc- Preview/Select to Upload Form 1' is clicked on

2018-11-23 16:30:37 - [TEST_STEP][PASSED] - delay: Delayed 2 second(s)

2018-11-23 16:30:39 - [MESSAGE][PASSED] - Delayed 2 second(s)

2018-11-23 16:30:39 - [TEST_STEP][PASSED] - uploadFile: File 'C:\Users\Public\Pictures\Sample Pictures\Koala.jpg' sent to object: 'Object Repository/Final Object Repo/New Registration - Registration Module Pages/Third Screen - Upload Supporting Doc- Preview/Upload File Adding'

2018-11-23 16:30:39 - [MESSAGE][PASSED] - File 'C:\Users\Public\Pictures\Sample Pictures\Koala.jpg' sent to object: 'Object Repository/Final Object Repo/New Registration - Registration Module Pages/Third Screen - Upload Supporting Doc- Preview/Upload File Adding'

2018-11-23 16:30:39 - [TEST_STEP][PASSED] - delay: Delayed 5 second(s)

2018-11-23 16:30:44 - [MESSAGE][PASSED] - Delayed 5 second(s)

2018-11-23 16:30:44 - [TEST_STEP][PASSED] - click: Object: 'Object Repository/Final Object Repo/New Registration - Registration Module Pages/Third Screen - Upload Supporting Doc- Preview/Inner Form Add Document Button' is clicked on

2018-11-23 16:30:48 - [MESSAGE][PASSED] - Object: 'Object Repository/Final Object Repo/New Registration - Registration Module Pages/Third Screen - Upload Supporting Doc- Preview/Inner Form Add Document Button' is clicked on

2018-11-23 16:30:48 - [TEST_STEP][PASSED] - delay: Delayed 3 second(s)

2018-11-23 16:30:51 - [MESSAGE][PASSED] - Delayed 3 second(s)

2018-11-23 16:30:51 - [TEST_STEP][PASSED] - click: Object: 'Object Repository/Final Object Repo/New Registration - Registration Module Pages/Third Screen - Upload Supporting Doc- Preview/Add Document Button' is clicked on

2018-11-23 16:30:52 - [MESSAGE][PASSED] - Object: 'Object Repository/Final Object Repo/New Registration - Registration Module Pages/Third Screen - Upload Supporting Doc- Preview/Add Document Button' is clicked on

2018-11-23 16:30:52 - [TEST_STEP][PASSED] - delay: Delayed 30 second(s)

2018-11-23 16:31:22 - [MESSAGE][PASSED] - Delayed 30 second(s)

2018-11-23 16:31:22 - [TEST_STEP][PASSED] - click: Object: 'Object Repository/Final Object Repo/New Registration - Registration Module Pages/Third Screen - Upload Supporting Doc- Preview/Supporting Doc Please Select Drop Down' is clicked on

2018-11-23 16:31:22 - [MESSAGE][PASSED] - Object: 'Object Repository/Final Object Repo/New Registration - Registration Module Pages/Third Screen - Upload Supporting Doc- Preview/Supporting Doc Please Select Drop Down' is clicked on

2018-11-23 16:31:22 - [TEST_STEP][PASSED] - delay: Delayed 2 second(s)

2018-11-23 16:31:24 - [MESSAGE][PASSED] - Delayed 2 second(s)

2018-11-23 16:31:24 - [TEST_STEP][PASSED] - click: Object: 'Object Repository/Final Object Repo/New Registration - Registration Module Pages/Third Screen - Upload Supporting Doc- Preview/Select to Upload Form 2' is clicked on

2018-11-23 16:31:25 - [MESSAGE][PASSED] - Object: 'Object Repository/Final Object Repo/New Registration - Registration Module Pages/Third Screen - Upload Supporting Doc- Preview/Select to Upload Form 2' is clicked on

2018-11-23 16:31:25 - [TEST_STEP][PASSED] - delay: Delayed 2 second(s)

2018-11-23 16:31:27 - [MESSAGE][PASSED] - Delayed 2 second(s)

2018-11-23 16:31:27 - [TEST_STEP][PASSED] - uploadFile: File 'C:\Users\Public\Pictures\Sample Pictures\Koala.jpg' sent to object: 'Object Repository/Final Object Repo/New Registration - Registration Module Pages/Third Screen - Upload Supporting Doc- Preview/Upload File Adding'

2018-11-23 16:31:27 - [MESSAGE][PASSED] - File 'C:\Users\Public\Pictures\Sample Pictures\Koala.jpg' sent to object: 'Object Repository/Final Object Repo/New Registration - Registration Module Pages/Third Screen - Upload Supporting Doc- Preview/Upload File Adding'

2018-11-23 16:31:27 - [TEST_STEP][PASSED] - click: Object: 'Object Repository/Final Object Repo/New Registration - Registration Module Pages/Third Screen - Upload Supporting Doc- Preview/Inner Form Add Document Button' is clicked on

2018-11-23 16:31:32 - [MESSAGE][PASSED] - Object: 'Object Repository/Final Object Repo/New Registration - Registration Module Pages/Third Screen - Upload Supporting Doc- Preview/Inner Form Add Document Button' is clicked on

2018-11-23 16:31:32 - [TEST_STEP][PASSED] - delay: Delayed 5 second(s)

2018-11-23 16:31:37 - [MESSAGE][PASSED] - Delayed 5 second(s)

2018-11-23 16:31:37 - [TEST_STEP][PASSED] - click: Object: 'Object Repository/Final Object Repo/New Registration - Registration Module Pages/Third Screen - Upload Supporting Doc- Preview/Add Document Button' is clicked on

2018-11-23 16:31:37 - [MESSAGE][PASSED] - Object: 'Object Repository/Final Object Repo/New Registration - Registration Module Pages/Third Screen - Upload Supporting Doc- Preview/Add Document Button' is clicked on

2018-11-23 16:31:37 - [TEST_STEP][PASSED] - delay: Delayed 30 second(s)

2018-11-23 16:32:07 - [MESSAGE][PASSED] - Delayed 30 second(s)

2018-11-23 16:32:07 - [TEST_STEP][PASSED] - click: Object: 'Object Repository/Final Object Repo/New Registration - Registration Module Pages/Third Screen - Upload Supporting Doc- Preview/Supporting Doc Please Select Drop Down' is clicked on

2018-11-23 16:32:08 - [MESSAGE][PASSED] - Object: 'Object Repository/Final Object Repo/New Registration - Registration Module Pages/Third Screen - Upload Supporting Doc- Preview/Supporting Doc Please Select Drop Down' is clicked on

2018-11-23 16:32:08 - [TEST_STEP][PASSED] - click: Object: 'Object Repository/Final Object Repo/New Registration - Registration Module Pages/Third Screen - Upload Supporting Doc- Preview/Select to Upload Borang SIP 1' is clicked on

2018-11-23 16:32:09 - [MESSAGE][PASSED] - Object: 'Object Repository/Final Object Repo/New Registration - Registration Module Pages/Third Screen - Upload Supporting Doc- Preview/Select to Upload Borang SIP 1' is clicked on

2018-11-23 16:32:09 - [TEST_STEP][PASSED] - delay: Delayed 2 second(s)

2018-11-23 16:32:11 - [MESSAGE][PASSED] - Delayed 2 second(s)

2018-11-23 16:32:11 - [TEST_STEP][PASSED] - uploadFile: File 'C:\Users\Public\Pictures\Sample Pictures\Koala.jpg' sent to object: 'Object Repository/Final Object Repo/New Registration - Registration Module Pages/Third Screen - Upload Supporting Doc- Preview/Upload File Adding'

2018-11-23 16:32:11 - [MESSAGE][PASSED] - File 'C:\Users\Public\Pictures\Sample Pictures\Koala.jpg' sent to object: 'Object Repository/Final Object Repo/New Registration - Registration Module Pages/Third Screen - Upload Supporting Doc- Preview/Upload File Adding'

2018-11-23 16:32:11 - [TEST_STEP][PASSED] - click: Object: 'Object Repository/Final Object Repo/New Registration - Registration Module Pages/Third Screen - Upload Supporting Doc- Preview/Inner Form Add Document Button' is clicked on

2018-11-23 16:32:15 - [MESSAGE][PASSED] - Object: 'Object Repository/Final Object Repo/New Registration - Registration Module Pages/Third Screen - Upload Supporting Doc- Preview/Inner Form Add Document Button' is clicked on

2018-11-23 16:32:15 - [TEST_STEP][PASSED] - delay: Delayed 5 second(s)

2018-11-23 16:32:20 - [MESSAGE][PASSED] - Delayed 5 second(s)

2018-11-23 16:32:20 - [TEST_STEP][PASSED] - click: Object: 'Object Repository/Final Object Repo/New Registration - Registration Module Pages/Third Screen - Upload Supporting Doc- Preview/Add Document Button' is clicked on

2018-11-23 16:32:21 - [MESSAGE][PASSED] - Object: 'Object Repository/Final Object Repo/New Registration - Registration Module Pages/Third Screen - Upload Supporting Doc- Preview/Add Document Button' is clicked on

2018-11-23 16:32:21 - [TEST_STEP][PASSED] - delay: Delayed 30 second(s)

2018-11-23 16:32:51 - [MESSAGE][PASSED] - Delayed 30 second(s)

2018-11-23 16:32:51 - [TEST_STEP][PASSED] - click: Object: 'Object Repository/Final Object Repo/New Registration - Registration Module Pages/Third Screen - Upload Supporting Doc- Preview/Supporting Doc Please Select Drop Down' is clicked on

2018-11-23 16:32:51 - [MESSAGE][PASSED] - Object: 'Object Repository/Final Object Repo/New Registration - Registration Module Pages/Third Screen - Upload Supporting Doc- Preview/Supporting Doc Please Select Drop Down' is clicked on

2018-11-23 16:32:51 - [TEST_STEP][PASSED] - delay: Delayed 3 second(s)

2018-11-23 16:32:54 - [MESSAGE][PASSED] - Delayed 3 second(s)

2018-11-23 16:32:54 - [TEST_STEP][PASSED] - click: Object: 'Object Repository/Final Object Repo/New Registration - Registration Module Pages/Third Screen - Upload Supporting Doc- Preview/Select to Upload Borang SIP 2' is clicked on

2018-11-23 16:32:55 - [MESSAGE][PASSED] - Object: 'Object Repository/Final Object Repo/New Registration - Registration Module Pages/Third Screen - Upload Supporting Doc- Preview/Select to Upload Borang SIP 2' is clicked on

2018-11-23 16:32:55 - [TEST_STEP][PASSED] - delay: Delayed 2 second(s)

2018-11-23 16:32:57 - [MESSAGE][PASSED] - Delayed 2 second(s)

2018-11-23 16:32:57 - [TEST_STEP][PASSED] - uploadFile: File 'C:\Users\Public\Pictures\Sample Pictures\Koala.jpg' sent to object: 'Object Repository/Final Object Repo/New Registration - Registration Module Pages/Third Screen - Upload Supporting Doc- Preview/Upload File Adding'

2018-11-23 16:32:57 - [MESSAGE][PASSED] - File 'C:\Users\Public\Pictures\Sample Pictures\Koala.jpg' sent to object: 'Object Repository/Final Object Repo/New Registration - Registration Module Pages/Third Screen - Upload Supporting Doc- Preview/Upload File Adding'

2018-11-23 16:32:57 - [TEST_STEP][PASSED] - delay: Delayed 5 second(s)

2018-11-23 16:33:02 - [MESSAGE][PASSED] - Delayed 5 second(s)

2018-11-23 16:33:02 - [TEST_STEP][PASSED] - click: Object: 'Object Repository/Final Object Repo/New Registration - Registration Module Pages/Third Screen - Upload Supporting Doc- Preview/Inner Form Add Document Button' is clicked on

2018-11-23 16:33:07 - [MESSAGE][PASSED] - Object: 'Object Repository/Final Object Repo/New Registration - Registration Module Pages/Third Screen - Upload Supporting Doc- Preview/Inner Form Add Document Button' is clicked on

2018-11-23 16:33:07 - [TEST_STEP][PASSED] - delay: Delayed 3 second(s)

2018-11-23 16:33:10 - [MESSAGE][PASSED] - Delayed 3 second(s)

2018-11-23 16:33:10 - [TEST_STEP][PASSED] - waitForElementClickable: Object 'Object Repository/Final Object Repo/New Registration - Registration Module Pages/Third Screen - Upload Supporting Doc- Preview/Save n Continue in Uploading Supporting Doc Page' is clickable

2018-11-23 16:33:10 - [MESSAGE][PASSED] - Object 'Object Repository/Final Object Repo/New Registration - Registration Module Pages/Third Screen - Upload Supporting Doc- Preview/Save n Continue in Uploading Supporting Doc Page' is clickable

2018-11-23 16:33:10 - [TEST_STEP][PASSED] - click: Object: 'Object Repository/Final Object Repo/New Registration - Registration Module Pages/Third Screen - Upload Supporting Doc- Preview/Save n Continue in Uploading Supporting Doc Page' is clicked on

2018-11-23 16:33:14 - [MESSAGE][PASSED] - Object: 'Object Repository/Final Object Repo/New Registration - Registration Module Pages/Third Screen - Upload Supporting Doc- Preview/Save n Continue in Uploading Supporting Doc Page' is clicked on

2018-11-23 16:33:14 - [MESSAGE][PASSED] - Call Test Case 'Test Cases/Final Aug 2018 - PKS Automation/Registration Module/New Registration/Flow of New Registration/Third Screen - Upload Supporting Doc - Preview' successfully

2018-11-23 16:33:14 - [TEST_STEP][PASSED] - setText: Text 'Tester' is set on object 'Object Repository/Final Object Repo/New Registration - Registration Module Pages/New Reg - OTC to RO/Special Case - All Related Objects/Employer Preview Name'

2018-11-23 16:33:15 - [MESSAGE][PASSED] - Text 'Tester' is set on object 'Object Repository/Final Object Repo/New Registration - Registration Module Pages/New Reg - OTC to RO/Special Case - All Related Objects/Employer Preview Name'

2018-11-23 16:33:15 - [TEST_STEP][PASSED] - click: Object: 'Object Repository/Final Object Repo/New Registration - Registration Module Pages/New Reg - OTC to RO/Special Case - All Related Objects/IC Type Drop Down' is clicked on

2018-11-23 16:33:15 - [MESSAGE][PASSED] - Object: 'Object Repository/Final Object Repo/New Registration - Registration Module Pages/New Reg - OTC to RO/Special Case - All Related Objects/IC Type Drop Down' is clicked on

2018-11-23 16:33:15 - [TEST_STEP][PASSED] - click: Object: 'Object Repository/Final Object Repo/New Registration - Registration Module Pages/New Reg - OTC to RO/Special Case - All Related Objects/Select to NRIC' is clicked on

2018-11-23 16:33:16 - [MESSAGE][PASSED] - Object: 'Object Repository/Final Object Repo/New Registration - Registration Module Pages/New Reg - OTC to RO/Special Case - All Related Objects/Select to NRIC' is clicked on

2018-11-23 16:33:16 - [TEST_STEP][PASSED] - setText: Text '133245561223' is set on object 'Object Repository/Final Object Repo/New Registration - Registration Module Pages/New Reg - OTC to RO/Special Case - All Related Objects/IC Value'

2018-11-23 16:33:16 - [MESSAGE][PASSED] - Text '133245561223' is set on object 'Object Repository/Final Object Repo/New Registration - Registration Module Pages/New Reg - OTC to RO/Special Case - All Related Objects/IC Value'

2018-11-23 16:33:16 - [TEST_STEP][PASSED] - setText: Text 'Auto' is set on object 'Object Repository/Final Object Repo/New Registration - Registration Module Pages/New Reg - OTC to RO/Special Case - All Related Objects/Designation'

2018-11-23 16:33:16 - [MESSAGE][PASSED] - Text 'Auto' is set on object 'Object Repository/Final Object Repo/New Registration - Registration Module Pages/New Reg - OTC to RO/Special Case - All Related Objects/Designation'

2018-11-23 16:33:16 - [TEST_STEP][PASSED] - callTestCase: Call Test Case 'Test Cases/Final Aug 2018 - PKS Automation/Registration Module/New Registration/Submit and Screenshot/Submit Registration and Screenshot - Copy' successfully

2018-11-23 16:33:16 - [TEST_CASE][PASSED] - Test Cases/Final Aug 2018 - PKS Automation/Registration Module/New Registration/Submit and Screenshot/Submit Registration and Screenshot - Copy: Test Cases/Final Aug 2018 - PKS Automation/Registration Module/New Registration/Submit and Screenshot/Submit Registration and Screenshot - Copy

2018-11-23 16:33:17 - [TEST_STEP][PASSED] - delay: Delayed 6 second(s)

2018-11-23 16:33:23 - [MESSAGE][PASSED] - Delayed 6 second(s)

2018-11-23 16:33:23 - [TEST_STEP][PASSED] - click: Object: 'Object Repository/Final Object Repo/New Registration - Registration Module Pages/Third Screen - Upload Supporting Doc- Preview/Preview Submit Button' is clicked on

2018-11-23 16:33:23 - [MESSAGE][PASSED] - Object: 'Object Repository/Final Object Repo/New Registration - Registration Module Pages/Third Screen - Upload Supporting Doc- Preview/Preview Submit Button' is clicked on

2018-11-23 16:33:23 - [TEST_STEP][PASSED] - delay: Delayed 2 second(s)

2018-11-23 16:33:25 - [MESSAGE][PASSED] - Delayed 2 second(s)

2018-11-23 16:33:25 - [TEST_STEP][PASSED] - click: Object: 'Object Repository/Final Object Repo/New Registration - Registration Module Pages/Third Screen - Upload Supporting Doc- Preview/Preview Submit - Confirm' is clicked on

2018-11-23 16:33:30 - [MESSAGE][PASSED] - Object: 'Object Repository/Final Object Repo/New Registration - Registration Module Pages/Third Screen - Upload Supporting Doc- Preview/Preview Submit - Confirm' is clicked on

2018-11-23 16:33:30 - [TEST_STEP][PASSED] - delay: Delayed 15 second(s)

2018-11-23 16:33:45 - [MESSAGE][PASSED] - Delayed 15 second(s)

2018-11-23 16:33:45 - [TEST_STEP][PASSED] - Statement - driver = com.kms.katalon.core.webui.driver.DriverFactory.getWebDriver(): null

2018-11-23 16:33:45 - [TEST_STEP][PASSED] - Statement - driver.manage().timeouts().implicitlyWait(10, SECONDS): null

2018-11-23 16:33:45 - [TEST_STEP][PASSED] - Statement - PresavePath = KatalonScreenshots: null

2018-11-23 16:33:45 - [TEST_STEP][PASSED] - Statement - pathPrefix = "C:\Users\Public\Pictures\Sample Pictures\Katalon Screenshots\Automate Ending Screen": null

2018-11-23 16:33:45 - [TEST_STEP][PASSED] - Statement - finalPath = <not implemented yet for class: org.codehaus.groovy.ast.expr.EmptyExpression>: null

2018-11-23 16:33:45 - [TEST_STEP][PASSED] - Statement - scrFile = driver.getScreenshotAs(FILE): null

2018-11-23 16:33:46 - [TEST_STEP][PASSED] - Statement - PreSaveFile = new java.io.File(PresavePath): null

2018-11-23 16:33:46 - [TEST_STEP][PASSED] - Statement - counter = 0: null

2018-11-23 16:33:46 - [TEST_STEP][PASSED] - Statement - If (PreSaveFile.exists()): null

2018-11-23 16:33:46 - [TEST_STEP][PASSED] - Statement - While (PreSaveFile.exists()): null

2018-11-23 16:33:46 - [TEST_STEP][PASSED] - Statement - counter = counter + 1: null

2018-11-23 16:33:46 - [TEST_STEP][PASSED] - Statement - PreSaveFile = new java.io.File(((pathPrefix + java.lang.Integer.toString(counter)) + .png)): null

2018-11-23 16:33:46 - [TEST_STEP][PASSED] - Statement - counter = counter + 1: null

2018-11-23 16:33:46 - [TEST_STEP][PASSED] - Statement - PreSaveFile = new java.io.File(((pathPrefix + java.lang.Integer.toString(counter)) + .png)): null

2018-11-23 16:33:46 - [TEST_STEP][PASSED] - Statement - counter = counter + 1: null

2018-11-23 16:33:46 - [TEST_STEP][PASSED] - Statement - PreSaveFile = new java.io.File(((pathPrefix + java.lang.Integer.toString(counter)) + .png)): null

2018-11-23 16:33:46 - [TEST_STEP][PASSED] - Statement - counter = counter + 1: null

2018-11-23 16:33:46 - [TEST_STEP][PASSED] - Statement - PreSaveFile = new java.io.File(((pathPrefix + java.lang.Integer.toString(counter)) + .png)): null

2018-11-23 16:33:46 - [TEST_STEP][PASSED] - Statement - counter = counter + 1: null

2018-11-23 16:33:46 - [TEST_STEP][PASSED] - Statement - PreSaveFile = new java.io.File(((pathPrefix + java.lang.Integer.toString(counter)) + .png)): null

2018-11-23 16:33:46 - [TEST_STEP][PASSED] - Statement - counter = counter + 1: null

2018-11-23 16:33:46 - [TEST_STEP][PASSED] - Statement - PreSaveFile = new java.io.File(((pathPrefix + java.lang.Integer.toString(counter)) + .png)): null

2018-11-23 16:33:46 - [TEST_STEP][PASSED] - Statement - counter = counter + 1: null

2018-11-23 16:33:46 - [TEST_STEP][PASSED] - Statement - PreSaveFile = new java.io.File(((pathPrefix + java.lang.Integer.toString(counter)) + .png)): null

2018-11-23 16:33:46 - [TEST_STEP][PASSED] - Statement - counter = counter + 1: null

2018-11-23 16:33:46 - [TEST_STEP][PASSED] - Statement - PreSaveFile = new java.io.File(((pathPrefix + java.lang.Integer.toString(counter)) + .png)): null

2018-11-23 16:33:46 - [TEST_STEP][PASSED] - Statement - counter = counter + 1: null

2018-11-23 16:33:46 - [TEST_STEP][PASSED] - Statement - PreSaveFile = new java.io.File(((pathPrefix + java.lang.Integer.toString(counter)) + .png)): null

2018-11-23 16:33:46 - [TEST_STEP][PASSED] - Statement - counter = counter + 1: null

2018-11-23 16:33:46 - [TEST_STEP][PASSED] - Statement - PreSaveFile = new java.io.File(((pathPrefix + java.lang.Integer.toString(counter)) + .png)): null

2018-11-23 16:33:46 - [TEST_STEP][PASSED] - Statement - counter = counter + 1: null

2018-11-23 16:33:46 - [TEST_STEP][PASSED] - Statement - PreSaveFile = new java.io.File(((pathPrefix + java.lang.Integer.toString(counter)) + .png)): null

2018-11-23 16:33:46 - [TEST_STEP][PASSED] - Statement - counter = counter + 1: null

2018-11-23 16:33:46 - [TEST_STEP][PASSED] - Statement - PreSaveFile = new java.io.File(((pathPrefix + java.lang.Integer.toString(counter)) + .png)): null

2018-11-23 16:33:46 - [TEST_STEP][PASSED] - Statement - counter = counter + 1: null

2018-11-23 16:33:46 - [TEST_STEP][PASSED] - Statement - PreSaveFile = new java.io.File(((pathPrefix + java.lang.Integer.toString(counter)) + .png)): null

2018-11-23 16:33:46 - [TEST_STEP][PASSED] - Statement - counter = counter + 1: null

2018-11-23 16:33:46 - [TEST_STEP][PASSED] - Statement - PreSaveFile = new java.io.File(((pathPrefix + java.lang.Integer.toString(counter)) + .png)): null

2018-11-23 16:33:46 - [TEST_STEP][PASSED] - Statement - counter = counter + 1: null

2018-11-23 16:33:46 - [TEST_STEP][PASSED] - Statement - PreSaveFile = new java.io.File(((pathPrefix + java.lang.Integer.toString(counter)) + .png)): null

2018-11-23 16:33:46 - [TEST_STEP][PASSED] - Statement - counter = counter + 1: null

2018-11-23 16:33:46 - [TEST_STEP][PASSED] - Statement - PreSaveFile = new java.io.File(((pathPrefix + java.lang.Integer.toString(counter)) + .png)): null

2018-11-23 16:33:46 - [TEST_STEP][PASSED] - Statement - counter = counter + 1: null

2018-11-23 16:33:46 - [TEST_STEP][PASSED] - Statement - PreSaveFile = new java.io.File(((pathPrefix + java.lang.Integer.toString(counter)) + .png)): null

2018-11-23 16:33:46 - [TEST_STEP][PASSED] - Statement - counter = counter + 1: null

2018-11-23 16:33:46 - [TEST_STEP][PASSED] - Statement - PreSaveFile = new java.io.File(((pathPrefix + java.lang.Integer.toString(counter)) + .png)): null

2018-11-23 16:33:46 - [TEST_STEP][PASSED] - Statement - counter = counter + 1: null

2018-11-23 16:33:46 - [TEST_STEP][PASSED] - Statement - PreSaveFile = new java.io.File(((pathPrefix + java.lang.Integer.toString(counter)) + .png)): null

2018-11-23 16:33:46 - [TEST_STEP][PASSED] - Statement - counter = counter + 1: null

2018-11-23 16:33:46 - [TEST_STEP][PASSED] - Statement - PreSaveFile = new java.io.File(((pathPrefix + java.lang.Integer.toString(counter)) + .png)): null

2018-11-23 16:33:46 - [TEST_STEP][PASSED] - Statement - counter = counter + 1: null

2018-11-23 16:33:46 - [TEST_STEP][PASSED] - Statement - PreSaveFile = new java.io.File(((pathPrefix + java.lang.Integer.toString(counter)) + .png)): null

2018-11-23 16:33:46 - [TEST_STEP][PASSED] - Statement - counter = counter + 1: null

2018-11-23 16:33:46 - [TEST_STEP][PASSED] - Statement - PreSaveFile = new java.io.File(((pathPrefix + java.lang.Integer.toString(counter)) + .png)): null

2018-11-23 16:33:46 - [TEST_STEP][PASSED] - Statement - counter = counter + 1: null

2018-11-23 16:33:46 - [TEST_STEP][PASSED] - Statement - PreSaveFile = new java.io.File(((pathPrefix + java.lang.Integer.toString(counter)) + .png)): null

2018-11-23 16:33:47 - [TEST_STEP][PASSED] - Statement - counter = counter + 1: null

2018-11-23 16:33:48 - [TEST_STEP][PASSED] - Statement - PreSaveFile = new java.io.File(((pathPrefix + java.lang.Integer.toString(counter)) + .png)): null

2018-11-23 16:33:48 - [TEST_STEP][PASSED] - Statement - counter = counter + 1: null

2018-11-23 16:33:48 - [TEST_STEP][PASSED] - Statement - PreSaveFile = new java.io.File(((pathPrefix + java.lang.Integer.toString(counter)) + .png)): null

2018-11-23 16:33:48 - [TEST_STEP][PASSED] - Statement - counter = counter + 1: null

2018-11-23 16:33:48 - [TEST_STEP][PASSED] - Statement - PreSaveFile = new java.io.File(((pathPrefix + java.lang.Integer.toString(counter)) + .png)): null

2018-11-23 16:33:48 - [TEST_STEP][PASSED] - Statement - counter = counter + 1: null

2018-11-23 16:33:48 - [TEST_STEP][PASSED] - Statement - PreSaveFile = new java.io.File(((pathPrefix + java.lang.Integer.toString(counter)) + .png)): null

2018-11-23 16:33:48 - [TEST_STEP][PASSED] - Statement - counter = counter + 1: null

2018-11-23 16:33:48 - [TEST_STEP][PASSED] - Statement - PreSaveFile = new java.io.File(((pathPrefix + java.lang.Integer.toString(counter)) + .png)): null

2018-11-23 16:33:48 - [TEST_STEP][PASSED] - Statement - counter = counter + 1: null

2018-11-23 16:33:48 - [TEST_STEP][PASSED] - Statement - PreSaveFile = new java.io.File(((pathPrefix + java.lang.Integer.toString(counter)) + .png)): null

2018-11-23 16:33:48 - [TEST_STEP][PASSED] - Statement - counter = counter + 1: null

2018-11-23 16:33:48 - [TEST_STEP][PASSED] - Statement - PreSaveFile = new java.io.File(((pathPrefix + java.lang.Integer.toString(counter)) + .png)): null

2018-11-23 16:33:48 - [TEST_STEP][PASSED] - Statement - counter = counter + 1: null

2018-11-23 16:33:48 - [TEST_STEP][PASSED] - Statement - PreSaveFile = new java.io.File(((pathPrefix + java.lang.Integer.toString(counter)) + .png)): null

2018-11-23 16:33:48 - [TEST_STEP][PASSED] - Statement - counter = counter + 1: null

2018-11-23 16:33:48 - [TEST_STEP][PASSED] - Statement - PreSaveFile = new java.io.File(((pathPrefix + java.lang.Integer.toString(counter)) + .png)): null

2018-11-23 16:33:48 - [TEST_STEP][PASSED] - Statement - counter = counter + 1: null

2018-11-23 16:33:48 - [TEST_STEP][PASSED] - Statement - PreSaveFile = new java.io.File(((pathPrefix + java.lang.Integer.toString(counter)) + .png)): null

2018-11-23 16:33:48 - [TEST_STEP][PASSED] - Statement - counter = counter + 1: null

2018-11-23 16:33:48 - [TEST_STEP][PASSED] - Statement - PreSaveFile = new java.io.File(((pathPrefix + java.lang.Integer.toString(counter)) + .png)): null

2018-11-23 16:33:48 - [TEST_STEP][PASSED] - Statement - counter = counter + 1: null

2018-11-23 16:33:48 - [TEST_STEP][PASSED] - Statement - PreSaveFile = new java.io.File(((pathPrefix + java.lang.Integer.toString(counter)) + .png)): null

2018-11-23 16:33:48 - [TEST_STEP][PASSED] - Statement - counter = counter + 1: null

2018-11-23 16:33:48 - [TEST_STEP][PASSED] - Statement - PreSaveFile = new java.io.File(((pathPrefix + java.lang.Integer.toString(counter)) + .png)): null

2018-11-23 16:33:48 - [TEST_STEP][PASSED] - Statement - counter = counter + 1: null

2018-11-23 16:33:48 - [TEST_STEP][PASSED] - Statement - PreSaveFile = new java.io.File(((pathPrefix + java.lang.Integer.toString(counter)) + .png)): null

2018-11-23 16:33:48 - [TEST_STEP][PASSED] - Statement - counter = counter + 1: null

2018-11-23 16:33:48 - [TEST_STEP][PASSED] - Statement - PreSaveFile = new java.io.File(((pathPrefix + java.lang.Integer.toString(counter)) + .png)): null

2018-11-23 16:33:49 - [TEST_STEP][PASSED] - Statement - counter = counter + 1: null

2018-11-23 16:33:49 - [TEST_STEP][PASSED] - Statement - PreSaveFile = new java.io.File(((pathPrefix + java.lang.Integer.toString(counter)) + .png)): null

2018-11-23 16:33:49 - [TEST_STEP][PASSED] - Statement - counter = counter + 1: null

2018-11-23 16:33:49 - [TEST_STEP][PASSED] - Statement - PreSaveFile = new java.io.File(((pathPrefix + java.lang.Integer.toString(counter)) + .png)): null

2018-11-23 16:33:49 - [TEST_STEP][PASSED] - Statement - counter = counter + 1: null

2018-11-23 16:33:49 - [TEST_STEP][PASSED] - Statement - PreSaveFile = new java.io.File(((pathPrefix + java.lang.Integer.toString(counter)) + .png)): null

2018-11-23 16:33:49 - [TEST_STEP][PASSED] - Statement - counter = counter + 1: null

2018-11-23 16:33:49 - [TEST_STEP][PASSED] - Statement - PreSaveFile = new java.io.File(((pathPrefix + java.lang.Integer.toString(counter)) + .png)): null

2018-11-23 16:33:49 - [TEST_STEP][PASSED] - Statement - counter = counter + 1: null

2018-11-23 16:33:50 - [TEST_STEP][PASSED] - Statement - PreSaveFile = new java.io.File(((pathPrefix + java.lang.Integer.toString(counter)) + .png)): null

2018-11-23 16:33:50 - [TEST_STEP][PASSED] - Statement - counter = counter + 1: null

2018-11-23 16:33:50 - [TEST_STEP][PASSED] - Statement - PreSaveFile = new java.io.File(((pathPrefix + java.lang.Integer.toString(counter)) + .png)): null

2018-11-23 16:33:50 - [TEST_STEP][PASSED] - Statement - counter = counter + 1: null

2018-11-23 16:33:50 - [TEST_STEP][PASSED] - Statement - PreSaveFile = new java.io.File(((pathPrefix + java.lang.Integer.toString(counter)) + .png)): null

2018-11-23 16:33:50 - [TEST_STEP][PASSED] - Statement - counter = counter + 1: null

2018-11-23 16:33:50 - [TEST_STEP][PASSED] - Statement - PreSaveFile = new java.io.File(((pathPrefix + java.lang.Integer.toString(counter)) + .png)): null

2018-11-23 16:33:50 - [TEST_STEP][PASSED] - Statement - counter = counter + 1: null

2018-11-23 16:33:50 - [TEST_STEP][PASSED] - Statement - PreSaveFile = new java.io.File(((pathPrefix + java.lang.Integer.toString(counter)) + .png)): null

2018-11-23 16:33:50 - [TEST_STEP][PASSED] - Statement - counter = counter + 1: null

2018-11-23 16:33:51 - [TEST_STEP][PASSED] - Statement - PreSaveFile = new java.io.File(((pathPrefix + java.lang.Integer.toString(counter)) + .png)): null

2018-11-23 16:33:51 - [TEST_STEP][PASSED] - Statement - counter = counter + 1: null

2018-11-23 16:33:51 - [TEST_STEP][PASSED] - Statement - PreSaveFile = new java.io.File(((pathPrefix + java.lang.Integer.toString(counter)) + .png)): null

2018-11-23 16:33:51 - [TEST_STEP][PASSED] - Statement - counter = counter + 1: null

2018-11-23 16:33:51 - [TEST_STEP][PASSED] - Statement - PreSaveFile = new java.io.File(((pathPrefix + java.lang.Integer.toString(counter)) + .png)): null

2018-11-23 16:33:51 - [TEST_STEP][PASSED] - Statement - counter = counter + 1: null

2018-11-23 16:33:51 - [TEST_STEP][PASSED] - Statement - PreSaveFile = new java.io.File(((pathPrefix + java.lang.Integer.toString(counter)) + .png)): null

2018-11-23 16:33:51 - [TEST_STEP][PASSED] - Statement - counter = counter + 1: null

2018-11-23 16:33:51 - [TEST_STEP][PASSED] - Statement - PreSaveFile = new java.io.File(((pathPrefix + java.lang.Integer.toString(counter)) + .png)): null

2018-11-23 16:33:52 - [TEST_STEP][PASSED] - Statement - counter = counter + 1: null

2018-11-23 16:33:52 - [TEST_STEP][PASSED] - Statement - PreSaveFile = new java.io.File(((pathPrefix + java.lang.Integer.toString(counter)) + .png)): null

2018-11-23 16:33:52 - [TEST_STEP][PASSED] - Statement - counter = counter + 1: null

2018-11-23 16:33:52 - [TEST_STEP][PASSED] - Statement - PreSaveFile = new java.io.File(((pathPrefix + java.lang.Integer.toString(counter)) + .png)): null

2018-11-23 16:33:52 - [TEST_STEP][PASSED] - Statement - counter = counter + 1: null

2018-11-23 16:33:52 - [TEST_STEP][PASSED] - Statement - PreSaveFile = new java.io.File(((pathPrefix + java.lang.Integer.toString(counter)) + .png)): null

2018-11-23 16:33:52 - [TEST_STEP][PASSED] - Statement - counter = counter + 1: null

2018-11-23 16:33:52 - [TEST_STEP][PASSED] - Statement - PreSaveFile = new java.io.File(((pathPrefix + java.lang.Integer.toString(counter)) + .png)): null

2018-11-23 16:33:52 - [TEST_STEP][PASSED] - Statement - counter = counter + 1: null

2018-11-23 16:33:52 - [TEST_STEP][PASSED] - Statement - PreSaveFile = new java.io.File(((pathPrefix + java.lang.Integer.toString(counter)) + .png)): null

2018-11-23 16:33:53 - [TEST_STEP][PASSED] - Statement - counter = counter + 1: null

2018-11-23 16:33:53 - [TEST_STEP][PASSED] - Statement - PreSaveFile = new java.io.File(((pathPrefix + java.lang.Integer.toString(counter)) + .png)): null

2018-11-23 16:33:53 - [TEST_STEP][PASSED] - Statement - counter = counter + 1: null

2018-11-23 16:33:53 - [TEST_STEP][PASSED] - Statement - PreSaveFile = new java.io.File(((pathPrefix + java.lang.Integer.toString(counter)) + .png)): null

2018-11-23 16:33:53 - [TEST_STEP][PASSED] - Statement - counter = counter + 1: null

2018-11-23 16:33:53 - [TEST_STEP][PASSED] - Statement - PreSaveFile = new java.io.File(((pathPrefix + java.lang.Integer.toString(counter)) + .png)): null

2018-11-23 16:33:53 - [TEST_STEP][PASSED] - Statement - counter = counter + 1: null

2018-11-23 16:33:53 - [TEST_STEP][PASSED] - Statement - PreSaveFile = new java.io.File(((pathPrefix + java.lang.Integer.toString(counter)) + .png)): null

2018-11-23 16:33:53 - [TEST_STEP][PASSED] - Statement - counter = counter + 1: null

2018-11-23 16:33:53 - [TEST_STEP][PASSED] - Statement - PreSaveFile = new java.io.File(((pathPrefix + java.lang.Integer.toString(counter)) + .png)): null

2018-11-23 16:33:54 - [TEST_STEP][PASSED] - Statement - counter = counter + 1: null

2018-11-23 16:33:54 - [TEST_STEP][PASSED] - Statement - PreSaveFile = new java.io.File(((pathPrefix + java.lang.Integer.toString(counter)) + .png)): null

2018-11-23 16:33:54 - [TEST_STEP][PASSED] - Statement - counter = counter + 1: null

2018-11-23 16:33:54 - [TEST_STEP][PASSED] - Statement - PreSaveFile = new java.io.File(((pathPrefix + java.lang.Integer.toString(counter)) + .png)): null

2018-11-23 16:33:54 - [TEST_STEP][PASSED] - Statement - counter = counter + 1: null

2018-11-23 16:33:54 - [TEST_STEP][PASSED] - Statement - PreSaveFile = new java.io.File(((pathPrefix + java.lang.Integer.toString(counter)) + .png)): null

2018-11-23 16:33:54 - [TEST_STEP][PASSED] - Statement - counter = counter + 1: null

2018-11-23 16:33:54 - [TEST_STEP][PASSED] - Statement - PreSaveFile = new java.io.File(((pathPrefix + java.lang.Integer.toString(counter)) + .png)): null

2018-11-23 16:33:54 - [TEST_STEP][PASSED] - Statement - counter = counter + 1: null

2018-11-23 16:33:55 - [TEST_STEP][PASSED] - Statement - PreSaveFile = new java.io.File(((pathPrefix + java.lang.Integer.toString(counter)) + .png)): null

2018-11-23 16:33:55 - [TEST_STEP][PASSED] - Statement - counter = counter + 1: null

2018-11-23 16:33:55 - [TEST_STEP][PASSED] - Statement - PreSaveFile = new java.io.File(((pathPrefix + java.lang.Integer.toString(counter)) + .png)): null

2018-11-23 16:33:55 - [TEST_STEP][PASSED] - Statement - counter = counter + 1: null

2018-11-23 16:33:55 - [TEST_STEP][PASSED] - Statement - PreSaveFile = new java.io.File(((pathPrefix + java.lang.Integer.toString(counter)) + .png)): null

2018-11-23 16:33:55 - [TEST_STEP][PASSED] - Statement - counter = counter + 1: null

2018-11-23 16:33:55 - [TEST_STEP][PASSED] - Statement - PreSaveFile = new java.io.File(((pathPrefix + java.lang.Integer.toString(counter)) + .png)): null

2018-11-23 16:33:55 - [TEST_STEP][PASSED] - Statement - counter = counter + 1: null

2018-11-23 16:33:55 - [TEST_STEP][PASSED] - Statement - PreSaveFile = new java.io.File(((pathPrefix + java.lang.Integer.toString(counter)) + .png)): null

2018-11-23 16:33:55 - [TEST_STEP][PASSED] - Statement - counter = counter + 1: null

2018-11-23 16:33:56 - [TEST_STEP][PASSED] - Statement - PreSaveFile = new java.io.File(((pathPrefix + java.lang.Integer.toString(counter)) + .png)): null

2018-11-23 16:33:56 - [TEST_STEP][PASSED] - Statement - counter = counter + 1: null

2018-11-23 16:33:56 - [TEST_STEP][PASSED] - Statement - PreSaveFile = new java.io.File(((pathPrefix + java.lang.Integer.toString(counter)) + .png)): null

2018-11-23 16:33:56 - [TEST_STEP][PASSED] - Statement - counter = counter + 1: null

2018-11-23 16:33:56 - [TEST_STEP][PASSED] - Statement - PreSaveFile = new java.io.File(((pathPrefix + java.lang.Integer.toString(counter)) + .png)): null

2018-11-23 16:33:56 - [TEST_STEP][PASSED] - Statement - counter = counter + 1: null

2018-11-23 16:33:56 - [TEST_STEP][PASSED] - Statement - PreSaveFile = new java.io.File(((pathPrefix + java.lang.Integer.toString(counter)) + .png)): null

2018-11-23 16:33:56 - [TEST_STEP][PASSED] - Statement - counter = counter + 1: null

2018-11-23 16:33:56 - [TEST_STEP][PASSED] - Statement - PreSaveFile = new java.io.File(((pathPrefix + java.lang.Integer.toString(counter)) + .png)): null

2018-11-23 16:33:57 - [TEST_STEP][PASSED] - Statement - counter = counter + 1: null

2018-11-23 16:33:57 - [TEST_STEP][PASSED] - Statement - PreSaveFile = new java.io.File(((pathPrefix + java.lang.Integer.toString(counter)) + .png)): null

2018-11-23 16:33:57 - [TEST_STEP][PASSED] - Statement - counter = counter + 1: null

2018-11-23 16:33:57 - [TEST_STEP][PASSED] - Statement - PreSaveFile = new java.io.File(((pathPrefix + java.lang.Integer.toString(counter)) + .png)): null

2018-11-23 16:33:57 - [TEST_STEP][PASSED] - Statement - counter = counter + 1: null

2018-11-23 16:33:57 - [TEST_STEP][PASSED] - Statement - PreSaveFile = new java.io.File(((pathPrefix + java.lang.Integer.toString(counter)) + .png)): null

2018-11-23 16:33:57 - [TEST_STEP][PASSED] - Statement - counter = counter + 1: null

2018-11-23 16:33:57 - [TEST_STEP][PASSED] - Statement - PreSaveFile = new java.io.File(((pathPrefix + java.lang.Integer.toString(counter)) + .png)): null

2018-11-23 16:33:57 - [TEST_STEP][PASSED] - Statement - counter = counter + 1: null

2018-11-23 16:33:57 - [TEST_STEP][PASSED] - Statement - PreSaveFile = new java.io.File(((pathPrefix + java.lang.Integer.toString(counter)) + .png)): null

2018-11-23 16:33:59 - [TEST_STEP][PASSED] - Statement - counter = counter + 1: null

2018-11-23 16:33:59 - [TEST_STEP][PASSED] - Statement - PreSaveFile = new java.io.File(((pathPrefix + java.lang.Integer.toString(counter)) + .png)): null

2018-11-23 16:33:59 - [TEST_STEP][PASSED] - Statement - counter = counter + 1: null

2018-11-23 16:33:59 - [TEST_STEP][PASSED] - Statement - PreSaveFile = new java.io.File(((pathPrefix + java.lang.Integer.toString(counter)) + .png)): null

2018-11-23 16:33:59 - [TEST_STEP][PASSED] - Statement - counter = counter + 1: null

2018-11-23 16:33:59 - [TEST_STEP][PASSED] - Statement - PreSaveFile = new java.io.File(((pathPrefix + java.lang.Integer.toString(counter)) + .png)): null

2018-11-23 16:33:59 - [TEST_STEP][PASSED] - Statement - counter = counter + 1: null

2018-11-23 16:33:59 - [TEST_STEP][PASSED] - Statement - PreSaveFile = new java.io.File(((pathPrefix + java.lang.Integer.toString(counter)) + .png)): null

2018-11-23 16:33:59 - [TEST_STEP][PASSED] - Statement - counter = counter + 1: null

2018-11-23 16:33:59 - [TEST_STEP][PASSED] - Statement - PreSaveFile = new java.io.File(((pathPrefix + java.lang.Integer.toString(counter)) + .png)): null

2018-11-23 16:34:00 - [TEST_STEP][PASSED] - Statement - counter = counter + 1: null

2018-11-23 16:34:00 - [TEST_STEP][PASSED] - Statement - PreSaveFile = new java.io.File(((pathPrefix + java.lang.Integer.toString(counter)) + .png)): null

2018-11-23 16:34:00 - [TEST_STEP][PASSED] - Statement - counter = counter + 1: null

2018-11-23 16:34:00 - [TEST_STEP][PASSED] - Statement - PreSaveFile = new java.io.File(((pathPrefix + java.lang.Integer.toString(counter)) + .png)): null

2018-11-23 16:34:00 - [TEST_STEP][PASSED] - Statement - counter = counter + 1: null

2018-11-23 16:34:00 - [TEST_STEP][PASSED] - Statement - PreSaveFile = new java.io.File(((pathPrefix + java.lang.Integer.toString(counter)) + .png)): null

2018-11-23 16:34:00 - [TEST_STEP][PASSED] - Statement - counter = counter + 1: null

2018-11-23 16:34:00 - [TEST_STEP][PASSED] - Statement - PreSaveFile = new java.io.File(((pathPrefix + java.lang.Integer.toString(counter)) + .png)): null

2018-11-23 16:34:00 - [TEST_STEP][PASSED] - Statement - counter = counter + 1: null

2018-11-23 16:34:01 - [TEST_STEP][PASSED] - Statement - PreSaveFile = new java.io.File(((pathPrefix + java.lang.Integer.toString(counter)) + .png)): null

2018-11-23 16:34:01 - [TEST_STEP][PASSED] - Statement - counter = counter + 1: null

2018-11-23 16:34:01 - [TEST_STEP][PASSED] - Statement - PreSaveFile = new java.io.File(((pathPrefix + java.lang.Integer.toString(counter)) + .png)): null

2018-11-23 16:34:01 - [TEST_STEP][PASSED] - Statement - counter = counter + 1: null

2018-11-23 16:34:01 - [TEST_STEP][PASSED] - Statement - PreSaveFile = new java.io.File(((pathPrefix + java.lang.Integer.toString(counter)) + .png)): null

2018-11-23 16:34:01 - [TEST_STEP][PASSED] - Statement - counter = counter + 1: null

2018-11-23 16:34:01 - [TEST_STEP][PASSED] - Statement - PreSaveFile = new java.io.File(((pathPrefix + java.lang.Integer.toString(counter)) + .png)): null

2018-11-23 16:34:01 - [TEST_STEP][PASSED] - Statement - counter = counter + 1: null

2018-11-23 16:34:01 - [TEST_STEP][PASSED] - Statement - PreSaveFile = new java.io.File(((pathPrefix + java.lang.Integer.toString(counter)) + .png)): null

2018-11-23 16:34:01 - [TEST_STEP][PASSED] - Statement - counter = counter + 1: null

2018-11-23 16:34:03 - [TEST_STEP][PASSED] - Statement - PreSaveFile = new java.io.File(((pathPrefix + java.lang.Integer.toString(counter)) + .png)): null

2018-11-23 16:34:03 - [TEST_STEP][PASSED] - Statement - counter = counter + 1: null

2018-11-23 16:34:03 - [TEST_STEP][PASSED] - Statement - PreSaveFile = new java.io.File(((pathPrefix + java.lang.Integer.toString(counter)) + .png)): null

2018-11-23 16:34:03 - [TEST_STEP][PASSED] - Statement - counter = counter + 1: null

2018-11-23 16:34:03 - [TEST_STEP][PASSED] - Statement - PreSaveFile = new java.io.File(((pathPrefix + java.lang.Integer.toString(counter)) + .png)): null

2018-11-23 16:34:03 - [TEST_STEP][PASSED] - Statement - counter = counter + 1: null

2018-11-23 16:34:03 - [TEST_STEP][PASSED] - Statement - PreSaveFile = new java.io.File(((pathPrefix + java.lang.Integer.toString(counter)) + .png)): null

2018-11-23 16:34:03 - [TEST_STEP][PASSED] - Statement - counter = counter + 1: null

2018-11-23 16:34:03 - [TEST_STEP][PASSED] - Statement - PreSaveFile = new java.io.File(((pathPrefix + java.lang.Integer.toString(counter)) + .png)): null

2018-11-23 16:34:05 - [TEST_STEP][PASSED] - Statement - counter = counter + 1: null

2018-11-23 16:34:05 - [TEST_STEP][PASSED] - Statement - PreSaveFile = new java.io.File(((pathPrefix + java.lang.Integer.toString(counter)) + .png)): null

2018-11-23 16:34:05 - [TEST_STEP][PASSED] - Statement - counter = counter + 1: null

2018-11-23 16:34:05 - [TEST_STEP][PASSED] - Statement - PreSaveFile = new java.io.File(((pathPrefix + java.lang.Integer.toString(counter)) + .png)): null

2018-11-23 16:34:05 - [TEST_STEP][PASSED] - Statement - counter = counter + 1: null

2018-11-23 16:34:05 - [TEST_STEP][PASSED] - Statement - PreSaveFile = new java.io.File(((pathPrefix + java.lang.Integer.toString(counter)) + .png)): null

2018-11-23 16:34:05 - [TEST_STEP][PASSED] - Statement - counter = counter + 1: null

2018-11-23 16:34:05 - [TEST_STEP][PASSED] - Statement - PreSaveFile = new java.io.File(((pathPrefix + java.lang.Integer.toString(counter)) + .png)): null

2018-11-23 16:34:05 - [TEST_STEP][PASSED] - Statement - counter = counter + 1: null

2018-11-23 16:34:05 - [TEST_STEP][PASSED] - Statement - PreSaveFile = new java.io.File(((pathPrefix + java.lang.Integer.toString(counter)) + .png)): null

2018-11-23 16:34:06 - [TEST_STEP][PASSED] - Statement - counter = counter + 1: null

2018-11-23 16:34:06 - [TEST_STEP][PASSED] - Statement - PreSaveFile = new java.io.File(((pathPrefix + java.lang.Integer.toString(counter)) + .png)): null

2018-11-23 16:34:06 - [TEST_STEP][PASSED] - Statement - counter = counter + 1: null

2018-11-23 16:34:06 - [TEST_STEP][PASSED] - Statement - PreSaveFile = new java.io.File(((pathPrefix + java.lang.Integer.toString(counter)) + .png)): null

2018-11-23 16:34:06 - [TEST_STEP][PASSED] - Statement - counter = counter + 1: null

2018-11-23 16:34:06 - [TEST_STEP][PASSED] - Statement - PreSaveFile = new java.io.File(((pathPrefix + java.lang.Integer.toString(counter)) + .png)): null

2018-11-23 16:34:06 - [TEST_STEP][PASSED] - Statement - counter = counter + 1: null

2018-11-23 16:34:06 - [TEST_STEP][PASSED] - Statement - PreSaveFile = new java.io.File(((pathPrefix + java.lang.Integer.toString(counter)) + .png)): null

2018-11-23 16:34:06 - [TEST_STEP][PASSED] - Statement - counter = counter + 1: null

2018-11-23 16:34:06 - [TEST_STEP][PASSED] - Statement - PreSaveFile = new java.io.File(((pathPrefix + java.lang.Integer.toString(counter)) + .png)): null

2018-11-23 16:34:08 - [TEST_STEP][PASSED] - Statement - counter = counter + 1: null

2018-11-23 16:34:08 - [TEST_STEP][PASSED] - Statement - PreSaveFile = new java.io.File(((pathPrefix + java.lang.Integer.toString(counter)) + .png)): null

2018-11-23 16:34:08 - [TEST_STEP][PASSED] - Statement - counter = counter + 1: null

2018-11-23 16:34:08 - [TEST_STEP][PASSED] - Statement - PreSaveFile = new java.io.File(((pathPrefix + java.lang.Integer.toString(counter)) + .png)): null

2018-11-23 16:34:08 - [TEST_STEP][PASSED] - Statement - counter = counter + 1: null

2018-11-23 16:34:08 - [TEST_STEP][PASSED] - Statement - PreSaveFile = new java.io.File(((pathPrefix + java.lang.Integer.toString(counter)) + .png)): null

2018-11-23 16:34:08 - [TEST_STEP][PASSED] - Statement - counter = counter + 1: null

2018-11-23 16:34:08 - [TEST_STEP][PASSED] - Statement - PreSaveFile = new java.io.File(((pathPrefix + java.lang.Integer.toString(counter)) + .png)): null

2018-11-23 16:34:08 - [TEST_STEP][PASSED] - Statement - counter = counter + 1: null

2018-11-23 16:34:09 - [TEST_STEP][PASSED] - Statement - PreSaveFile = new java.io.File(((pathPrefix + java.lang.Integer.toString(counter)) + .png)): null

2018-11-23 16:34:09 - [TEST_STEP][PASSED] - Statement - finalPath = pathPrefix + java.lang.Integer.toString(counter) + ".png": null

2018-11-23 16:34:09 - [TEST_STEP][PASSED] - Statement - SaveFile = new java.io.File(finalPath): null

2018-11-23 16:34:09 - [TEST_STEP][PASSED] - Statement - Try: null

2018-11-23 16:34:09 - [TEST_STEP][PASSED] - Statement - org.apache.commons.io.FileUtils.copyFile(scrFile, SaveFile): null

2018-11-23 16:34:09 - [TEST_STEP][PASSED] - Statement - out.println("file kept"): null

2018-11-23 16:34:09 - [TEST_STEP][PASSED] - delay: Delayed 10 second(s)

2018-11-23 16:34:19 - [MESSAGE][PASSED] - Delayed 10 second(s)

2018-11-23 16:34:19 - [MESSAGE][PASSED] - Call Test Case 'Test Cases/Final Aug 2018 - PKS Automation/Registration Module/New Registration/Submit and Screenshot/Submit Registration and Screenshot - Copy' successfully

2018-11-23 16:34:19 - [TEST_STEP][PASSED] - Statement - UpdateAddNewECode = com.kms.katalon.core.webui.keyword.WebUiBuiltInKeywords.getText(com.kms.katalon.core.testobject.ObjectRepository.findTestObject(Object Repository/Final Object Repo/Page_Update Add New Employee - ASSIST/getEmpCode)): Text of object 'Object Repository/Final Object Repo/Page_Update Add New Employee - ASSIST/getEmpCode' is: 'E1102070397A'

2018-11-23 16:34:19 - [MESSAGE][PASSED] - Text of object 'Object Repository/Final Object Repo/Page_Update Add New Employee - ASSIST/getEmpCode' is: 'E1102070397A'

2018-11-23 16:34:19 - [TEST_STEP][PASSED] - callTestCase: Call Test Case 'Test Cases/Final Aug 2018 - PKS Automation/Common/Emp Code Setter' successfully

2018-11-23 16:34:19 - [TEST_CASE][PASSED] - Test Cases/Final Aug 2018 - PKS Automation/Common/Emp Code Setter: Test Cases/Final Aug 2018 - PKS Automation/Common/Emp Code Setter

2018-11-23 16:34:20 - [TEST_STEP][PASSED] - Statement - EmpCodeOld = new java.io.File(C://Users//Admin//Desktop//PKS//Automation Reference Point//EmpCode.txt): null

2018-11-23 16:34:20 - [TEST_STEP][PASSED] - Statement - EmpCodeOld.delete(): null

2018-11-23 16:34:20 - [TEST_STEP][PASSED] - Statement - EmpCode = new java.io.File(C://Users//Admin//Desktop//PKS//Automation Reference Point//EmpCode.txt): null

2018-11-23 16:34:20 - [TEST_STEP][PASSED] - Statement - EmpCode.append(UpdateAddNewECode): null

2018-11-23 16:34:20 - [TEST_STEP][PASSED] - Statement - out.println("


" + UpdateAddNewECode + "


"): null

2018-11-23 16:34:20 - [MESSAGE][PASSED] - Call Test Case 'Test Cases/Final Aug 2018 - PKS Automation/Common/Emp Code Setter' successfully

2018-11-23 16:34:20 - [MESSAGE][PASSED] - Call Test Case 'Test Cases/Final Aug 2018 - PKS Automation/Registration Module/Workflow/Update Add New Employee/Template/New Company for Update Add New - Employer' successfully

2018-11-23 16:34:20 - [TEST_STEP][PASSED] - callTestCase: Call Test Case 'Test Cases/Final Aug 2018 - PKS Automation/Create Employer Acc/Login to Employer Account (Second time)' successfully

2018-11-23 16:34:20 - [TEST_CASE][PASSED] - Test Cases/Final Aug 2018 - PKS Automation/Create Employer Acc/Login to Employer Account (Second time): Test Cases/Final Aug 2018 - PKS Automation/Create Employer Acc/Login to Employer Account (Second time)

2018-11-23 16:34:20 - [TEST_STEP][PASSED] - openBrowser: Browser is opened with url: ''

2018-11-23 16:34:20 - [MESSAGE][WARNING] - A browser is already opened. Closing browser and opening a new one

2018-11-23 16:34:25 - [MESSAGE][PASSED] - Browser is opened with url: ''

2018-11-23 16:34:25 - [TEST_STEP][PASSED] - navigateToUrl: Navigate to 'https://assist2-uat.perkeso.gov.my/employer/login' successfully

2018-11-23 16:34:27 - [MESSAGE][PASSED] - Navigate to 'https://assist2-uat.perkeso.gov.my/employer/login' successfully

2018-11-23 16:34:27 - [TEST_STEP][PASSED] - delay: Delayed 3 second(s)

2018-11-23 16:34:30 - [MESSAGE][PASSED] - Delayed 3 second(s)

2018-11-23 16:34:30 - [TEST_STEP][PASSED] - callTestCase: Call Test Case 'Test Cases/Final Aug 2018 - PKS Automation/Create Employer Acc/Template/Employer Email Getter' successfully

2018-11-23 16:34:30 - [TEST_CASE][PASSED] - Test Cases/Final Aug 2018 - PKS Automation/Create Employer Acc/Template/Employer Email Getter: Test Cases/Final Aug 2018 - PKS Automation/Create Employer Acc/Template/Employer Email Getter

2018-11-23 16:34:30 - [TEST_STEP][PASSED] - Statement - Try: null

2018-11-23 16:34:30 - [TEST_STEP][PASSED] - Statement - EmpEmail = new java.io.File(C://Users//Admin//Desktop//PKS//Automation Reference Point//EmpEmail.txt): null

2018-11-23 16:34:30 - [TEST_STEP][PASSED] - Statement - bufferread = new java.io.BufferedReader(new java.io.FileReader(EmpEmail)): null

2018-11-23 16:34:30 - [TEST_STEP][PASSED] - Statement - readedVal = bufferread.readLine(): null

2018-11-23 16:34:30 - [TEST_STEP][PASSED] - Statement - out.println(readedVal): null

2018-11-23 16:34:30 - [TEST_STEP][PASSED] - Statement - Email = readedVal: null

2018-11-23 16:34:30 - [MESSAGE][PASSED] - Call Test Case 'Test Cases/Final Aug 2018 - PKS Automation/Create Employer Acc/Template/Employer Email Getter' successfully

2018-11-23 16:34:30 - [TEST_STEP][PASSED] - setText: Text 'perkeso331740645026@gmail.com' is set on object 'Object Repository/Final Object Repo/Login Page/External Login Page/Email'

2018-11-23 16:34:30 - [MESSAGE][PASSED] - Text 'perkeso331740645026@gmail.com' is set on object 'Object Repository/Final Object Repo/Login Page/External Login Page/Email'

2018-11-23 16:34:30 - [TEST_STEP][PASSED] - click: Object: 'Object Repository/Final Object Repo/Login Page/External Login Page/Next' is clicked on

2018-11-23 16:34:30 - [MESSAGE][PASSED] - Object: 'Object Repository/Final Object Repo/Login Page/External Login Page/Next' is clicked on

2018-11-23 16:34:30 - [TEST_STEP][PASSED] - delay: Delayed 3 second(s)

2018-11-23 16:34:33 - [MESSAGE][PASSED] - Delayed 3 second(s)

2018-11-23 16:34:33 - [TEST_STEP][PASSED] - setEncryptedText: Text ****** has been set on object 'Object Repository/Final Object Repo/Login Page/External Login Page/Password'

2018-11-23 16:34:34 - [MESSAGE][PASSED] - Text ****** has been set on object 'Object Repository/Final Object Repo/Login Page/External Login Page/Password'

2018-11-23 16:34:34 - [TEST_STEP][PASSED] - click: Object: 'Object Repository/Final Object Repo/Login Page/External Login Page/Login' is clicked on

2018-11-23 16:34:39 - [MESSAGE][PASSED] - Object: 'Object Repository/Final Object Repo/Login Page/External Login Page/Login' is clicked on

2018-11-23 16:34:39 - [TEST_STEP][PASSED] - delay: Delayed 5 second(s)

2018-11-23 16:34:44 - [MESSAGE][PASSED] - Delayed 5 second(s)

2018-11-23 16:34:44 - [MESSAGE][PASSED] - Call Test Case 'Test Cases/Final Aug 2018 - PKS Automation/Create Employer Acc/Login to Employer Account (Second time)' successfully

2018-11-23 16:34:44 - [TEST_STEP][PASSED] - navigateToUrl: Navigate to 'https://assist2-uat.perkeso.gov.my/web/registration/update/form-1a-cessation-as-employer-discontinue-business-' successfully

2018-11-23 16:34:46 - [MESSAGE][PASSED] - Navigate to 'https://assist2-uat.perkeso.gov.my/web/registration/update/form-1a-cessation-as-employer-discontinue-business-' successfully

2018-11-23 16:34:46 - [TEST_STEP][PASSED] - callTestCase: Call Test Case 'Test Cases/Final Aug 2018 - PKS Automation/Common/Emp Code Getter' successfully

2018-11-23 16:34:46 - [TEST_CASE][PASSED] - Test Cases/Final Aug 2018 - PKS Automation/Common/Emp Code Getter: Test Cases/Final Aug 2018 - PKS Automation/Common/Emp Code Getter

2018-11-23 16:34:46 - [TEST_STEP][PASSED] - Statement - Try: null

2018-11-23 16:34:46 - [TEST_STEP][PASSED] - Statement - EmpCode = new java.io.File(C://Users//Admin//Desktop//PKS//Automation Reference Point//EmpCode.txt): null

2018-11-23 16:34:46 - [TEST_STEP][PASSED] - Statement - bufferread = new java.io.BufferedReader(new java.io.FileReader(EmpCode)): null

2018-11-23 16:34:46 - [TEST_STEP][PASSED] - Statement - readedVal = bufferread.readLine(): null

2018-11-23 16:34:46 - [TEST_STEP][PASSED] - Statement - out.println(readedVal): null

2018-11-23 16:34:46 - [TEST_STEP][PASSED] - Statement - UpdateAddNewECode = readedVal: null

2018-11-23 16:34:46 - [MESSAGE][PASSED] - Call Test Case 'Test Cases/Final Aug 2018 - PKS Automation/Common/Emp Code Getter' successfully

2018-11-23 16:34:46 - [TEST_STEP][PASSED] - setText: Text 'E1102070397A' is set on object 'Object Repository/Final Object Repo/Page_Update Employer Information/Employer Code'

2018-11-23 16:34:46 - [MESSAGE][PASSED] - Text 'E1102070397A' is set on object 'Object Repository/Final Object Repo/Page_Update Employer Information/Employer Code'

2018-11-23 16:34:46 - [TEST_STEP][PASSED] - click: Object: 'Object Repository/Final Object Repo/Page_Update Employer Information/Search Button' is clicked on

2018-11-23 16:34:48 - [MESSAGE][PASSED] - Object: 'Object Repository/Final Object Repo/Page_Update Employer Information/Search Button' is clicked on

2018-11-23 16:34:48 - [TEST_STEP][PASSED] - click: Object: 'Object Repository/Final Object Repo/Page_Update Employer Information/Edit Button' is clicked on

2018-11-23 16:34:49 - [MESSAGE][PASSED] - Object: 'Object Repository/Final Object Repo/Page_Update Employer Information/Edit Button' is clicked on

2018-11-23 16:34:49 - [TEST_STEP][PASSED] - Statement - abc = com.kms.katalon.core.webui.keyword.WebUiBuiltInKeywords.getAttribute(com.kms.katalon.core.testobject.ObjectRepository.findTestObject(Final Object Repo/Page_Form 1A - Cessation As Employer/Employer Status), "value"): Attribute 'value' of object 'Object Repository/Final Object Repo/Page_Form 1A - Cessation As Employer/Employer Status' is: 'Active'

2018-11-23 16:34:50 - [MESSAGE][PASSED] - Attribute 'value' of object 'Object Repository/Final Object Repo/Page_Form 1A - Cessation As Employer/Employer Status' is: 'Active'

2018-11-23 16:34:50 - [TEST_STEP][PASSED] - Statement - out.println(abc): null

2018-11-23 16:34:50 - [TEST_STEP][PASSED] - Statement - If (abc == "Active"): Object: 'Object Repository/Final Object Repo/Page_Form 1A - Cessation As Employer/Change Employer Status to - Dormant' is clicked on

2018-11-23 16:34:50 - [TEST_STEP][PASSED] - click: Object: 'Object Repository/Final Object Repo/Page_Form 1A - Cessation As Employer/Change Employer Status to' is clicked on

2018-11-23 16:34:50 - [MESSAGE][PASSED] - Object: 'Object Repository/Final Object Repo/Page_Form 1A - Cessation As Employer/Change Employer Status to' is clicked on

2018-11-23 16:34:50 - [TEST_STEP][PASSED] - click: Object: 'Object Repository/Final Object Repo/Page_Form 1A - Cessation As Employer/Change Employer Status to - Dormant' is clicked on

2018-11-23 16:34:51 - [MESSAGE][PASSED] - Object: 'Object Repository/Final Object Repo/Page_Form 1A - Cessation As Employer/Change Employer Status to - Dormant' is clicked on

2018-11-23 16:34:51 - [TEST_STEP][PASSED] - click: Object: 'Object Repository/Final Object Repo/Page_Form 1A - Cessation As Employer/Calender' is clicked on

2018-11-23 16:34:51 - [MESSAGE][PASSED] - Object: 'Object Repository/Final Object Repo/Page_Form 1A - Cessation As Employer/Calender' is clicked on

2018-11-23 16:34:51 - [TEST_STEP][PASSED] - click: Object: 'Object Repository/Final Object Repo/Page_Form 1A - Cessation As Employer/Calender - Date' is clicked on

2018-11-23 16:34:52 - [MESSAGE][PASSED] - Object: 'Object Repository/Final Object Repo/Page_Form 1A - Cessation As Employer/Calender - Date' is clicked on

2018-11-23 16:34:52 - [TEST_STEP][PASSED] - delay: Delayed 2 second(s)

2018-11-23 16:34:54 - [MESSAGE][PASSED] - Delayed 2 second(s)

2018-11-23 16:34:54 - [TEST_STEP][PASSED] - click: Object: 'Object Repository/Final Object Repo/Page_Form 1A - Cessation As Employer/Save  Continue in Form 1A Page' is clicked on

2018-11-23 16:34:57 - [MESSAGE][PASSED] - Object: 'Object Repository/Final Object Repo/Page_Form 1A - Cessation As Employer/Save  Continue in Form 1A Page' is clicked on

2018-11-23 16:34:57 - [TEST_STEP][PASSED] - delay: Delayed 2 second(s)

2018-11-23 16:34:59 - [MESSAGE][PASSED] - Delayed 2 second(s)

2018-11-23 16:34:59 - [TEST_STEP][PASSED] - click: Object: 'Object Repository/Final Object Repo/Page_Form 1A - Cessation As Employer/Employment Resign Date' is clicked on

2018-11-23 16:34:59 - [MESSAGE][PASSED] - Object: 'Object Repository/Final Object Repo/Page_Form 1A - Cessation As Employer/Employment Resign Date' is clicked on

2018-11-23 16:34:59 - [TEST_STEP][PASSED] - delay: Delayed 1 second(s)

2018-11-23 16:35:00 - [MESSAGE][PASSED] - Delayed 1 second(s)

2018-11-23 16:35:00 - [TEST_STEP][PASSED] - Statement - CaseReferenceNo = com.kms.katalon.core.webui.keyword.WebUiBuiltInKeywords.getText(com.kms.katalon.core.testobject.ObjectRepository.findTestObject(Final Object Repo/Page_Update Employer Information/Reference Number in Update Employee Information Page)): Text of object 'Object Repository/Final Object Repo/Page_Update Employer Information/Reference Number in Update Employee Information Page' is: 'CUN112018C200001604'

2018-11-23 16:35:00 - [MESSAGE][PASSED] - Text of object 'Object Repository/Final Object Repo/Page_Update Employer Information/Reference Number in Update Employee Information Page' is: 'CUN112018C200001604'

2018-11-23 16:35:00 - [TEST_STEP][PASSED] - callTestCase: Call Test Case 'Test Cases/Final Aug 2018 - PKS Automation/Common/Reference Number Setter' successfully

2018-11-23 16:35:00 - [TEST_CASE][PASSED] - Test Cases/Final Aug 2018 - PKS Automation/Common/Reference Number Setter: Test Cases/Final Aug 2018 - PKS Automation/Common/Reference Number Setter

2018-11-23 16:35:00 - [TEST_STEP][PASSED] - Statement - RefNoOldFile = new java.io.File(C://Users//Admin//Desktop//PKS//Automation Reference Point//KatalonReference.txt): null

2018-11-23 16:35:00 - [TEST_STEP][PASSED] - Statement - RefNoOldFile.delete(): null

2018-11-23 16:35:00 - [TEST_STEP][PASSED] - delay: Delayed 5 second(s)

2018-11-23 16:35:05 - [MESSAGE][PASSED] - Delayed 5 second(s)

2018-11-23 16:35:05 - [TEST_STEP][PASSED] - Statement - RefNo = new java.io.File(C://Users//Admin//Desktop//PKS//Automation Reference Point//KatalonReference.txt): null

2018-11-23 16:35:05 - [TEST_STEP][PASSED] - Statement - f2 = new java.io.FileWriter(RefNo, false): null

2018-11-23 16:35:05 - [TEST_STEP][PASSED] - Statement - f2.write(CaseReferenceNo): null

2018-11-23 16:35:05 - [TEST_STEP][PASSED] - Statement - f2.close(): null

2018-11-23 16:35:05 - [TEST_STEP][PASSED] - Statement - out.println("


" + CaseReferenceNo + "


"): null

2018-11-23 16:35:05 - [MESSAGE][PASSED] - Call Test Case 'Test Cases/Final Aug 2018 - PKS Automation/Common/Reference Number Setter' successfully

2018-11-23 16:35:05 - [TEST_STEP][PASSED] - selectOptionByValue: All options with value '2030' are selected in object 'Object Repository/Final Object Repo/Page_Form 1A - Cessation As Employer/Employment Resign Date - Year' 

2018-11-23 16:35:06 - [MESSAGE][PASSED] - All options with value '2030' are selected in object 'Object Repository/Final Object Repo/Page_Form 1A - Cessation As Employer/Employment Resign Date - Year' 

2018-11-23 16:35:06 - [TEST_STEP][PASSED] - delay: Delayed 1 second(s)

2018-11-23 16:35:07 - [MESSAGE][PASSED] - Delayed 1 second(s)

2018-11-23 16:35:07 - [TEST_STEP][PASSED] - click: Object: 'Object Repository/Final Object Repo/Page_Form 1A - Cessation As Employer/Employment Resign Date - Year - Date' is clicked on

2018-11-23 16:35:07 - [MESSAGE][PASSED] - Object: 'Object Repository/Final Object Repo/Page_Form 1A - Cessation As Employer/Employment Resign Date - Year - Date' is clicked on

2018-11-23 16:35:07 - [TEST_STEP][PASSED] - delay: Delayed 2 second(s)

2018-11-23 16:35:09 - [MESSAGE][PASSED] - Delayed 2 second(s)

2018-11-23 16:35:09 - [TEST_STEP][PASSED] - click: Object: 'Object Repository/Final Object Repo/Page_Form 1A - Cessation As Employer/Save  Continue in Update Add Employee Resigned Date Page' is clicked on

2018-11-23 16:35:10 - [MESSAGE][PASSED] - Object: 'Object Repository/Final Object Repo/Page_Form 1A - Cessation As Employer/Save  Continue in Update Add Employee Resigned Date Page' is clicked on

2018-11-23 16:35:10 - [TEST_STEP][PASSED] - delay: Delayed 2 second(s)

2018-11-23 16:35:12 - [MESSAGE][PASSED] - Delayed 2 second(s)

2018-11-23 16:35:12 - [TEST_STEP][PASSED] - click: Object: 'Object Repository/Final Object Repo/Page_Form 1A - Cessation As Employer/Set Latest - Yes' is clicked on

2018-11-23 16:35:15 - [MESSAGE][PASSED] - Object: 'Object Repository/Final Object Repo/Page_Form 1A - Cessation As Employer/Set Latest - Yes' is clicked on

2018-11-23 16:35:15 - [TEST_STEP][PASSED] - delay: Delayed 2 second(s)

2018-11-23 16:35:17 - [MESSAGE][PASSED] - Delayed 2 second(s)

2018-11-23 16:35:17 - [TEST_STEP][PASSED] - click: Object: 'Object Repository/Final Object Repo/Page_Form 1A - Cessation As Employer/Add Document' is clicked on

2018-11-23 16:35:18 - [MESSAGE][PASSED] - Object: 'Object Repository/Final Object Repo/Page_Form 1A - Cessation As Employer/Add Document' is clicked on

2018-11-23 16:35:18 - [TEST_STEP][PASSED] - delay: Delayed 2 second(s)

2018-11-23 16:35:20 - [MESSAGE][PASSED] - Delayed 2 second(s)

2018-11-23 16:35:20 - [TEST_STEP][PASSED] - click: Object: 'Object Repository/Final Object Repo/Page_Form 1A - Cessation As Employer/Document Type' is clicked on

2018-11-23 16:35:21 - [MESSAGE][PASSED] - Object: 'Object Repository/Final Object Repo/Page_Form 1A - Cessation As Employer/Document Type' is clicked on

2018-11-23 16:35:21 - [TEST_STEP][PASSED] - delay: Delayed 2 second(s)

2018-11-23 16:35:23 - [MESSAGE][PASSED] - Delayed 2 second(s)

2018-11-23 16:35:23 - [TEST_STEP][PASSED] - click: Object: 'Object Repository/Final Object Repo/Page_Form 1A - Cessation As Employer/Document Type - Supporting Document For Cessation' is clicked on

2018-11-23 16:35:24 - [MESSAGE][PASSED] - Object: 'Object Repository/Final Object Repo/Page_Form 1A - Cessation As Employer/Document Type - Supporting Document For Cessation' is clicked on

2018-11-23 16:35:24 - [TEST_STEP][PASSED] - delay: Delayed 2 second(s)

2018-11-23 16:35:26 - [MESSAGE][PASSED] - Delayed 2 second(s)

2018-11-23 16:35:26 - [TEST_STEP][PASSED] - sendKeys: Keys 'C:\Users\Public\Pictures\Sample Pictures\Koala.jpg' sent to object: 'Object Repository/Final Object Repo/Page_Form 1A - Cessation As Employer/Uploading File'

2018-11-23 16:35:26 - [MESSAGE][PASSED] - Keys 'C:\Users\Public\Pictures\Sample Pictures\Koala.jpg' sent to object: 'Object Repository/Final Object Repo/Page_Form 1A - Cessation As Employer/Uploading File'

2018-11-23 16:35:26 - [TEST_STEP][PASSED] - delay: Delayed 2 second(s)

2018-11-23 16:35:28 - [MESSAGE][PASSED] - Delayed 2 second(s)

2018-11-23 16:35:28 - [TEST_STEP][PASSED] - click: Object: 'Object Repository/Final Object Repo/Page_Form 1A - Cessation As Employer/Add Document in Uploading Page' is clicked on

2018-11-23 16:35:32 - [MESSAGE][PASSED] - Object: 'Object Repository/Final Object Repo/Page_Form 1A - Cessation As Employer/Add Document in Uploading Page' is clicked on

2018-11-23 16:35:32 - [TEST_STEP][PASSED] - delay: Delayed 2 second(s)

2018-11-23 16:35:34 - [MESSAGE][PASSED] - Delayed 2 second(s)

2018-11-23 16:35:34 - [TEST_STEP][PASSED] - click: Object: 'Object Repository/Final Object Repo/Page_Form 1A - Cessation As Employer/Save  Continue in Uploading Page' is clicked on

2018-11-23 16:35:40 - [MESSAGE][PASSED] - Object: 'Object Repository/Final Object Repo/Page_Form 1A - Cessation As Employer/Save  Continue in Uploading Page' is clicked on

2018-11-23 16:35:40 - [TEST_STEP][PASSED] - delay: Delayed 2 second(s)

2018-11-23 16:35:42 - [MESSAGE][PASSED] - Delayed 2 second(s)

2018-11-23 16:35:42 - [TEST_STEP][PASSED] - click: Object: 'Object Repository/Final Object Repo/Page_Form 1A - Cessation As Employer/Submit2' is clicked on

2018-11-23 16:35:43 - [MESSAGE][PASSED] - Object: 'Object Repository/Final Object Repo/Page_Form 1A - Cessation As Employer/Submit2' is clicked on

2018-11-23 16:35:43 - [TEST_STEP][PASSED] - delay: Delayed 2 second(s)

2018-11-23 16:35:45 - [MESSAGE][PASSED] - Delayed 2 second(s)

2018-11-23 16:35:45 - [TEST_STEP][PASSED] - click: Object: 'Object Repository/Final Object Repo/Page_Form 1A - Cessation As Employer/Confirm' is clicked on

2018-11-23 16:35:50 - [MESSAGE][PASSED] - Object: 'Object Repository/Final Object Repo/Page_Form 1A - Cessation As Employer/Confirm' is clicked on

2018-11-23 16:35:50 - [TEST_STEP][PASSED] - delay: Delayed 2 second(s)

2018-11-23 16:35:52 - [MESSAGE][PASSED] - Delayed 2 second(s)

2018-11-23 16:35:52 - [TEST_STEP][PASSED] - verifyElementVisible: Object 'Object Repository/Final Object Repo/Page_Form 1A - Cessation As Employer/Message Your Request will be routed to UO' is visible

2018-11-23 16:35:52 - [MESSAGE][PASSED] - Object 'Object Repository/Final Object Repo/Page_Form 1A - Cessation As Employer/Message Your Request will be routed to UO' is visible

2018-11-23 16:35:52 - [TEST_STEP][PASSED] - delay: Delayed 1 second(s)

2018-11-23 16:35:53 - [MESSAGE][PASSED] - Delayed 1 second(s)

2018-11-23 16:35:53 - [TEST_STEP][PASSED] - verifyElementVisible: Object 'Object Repository/Final Object Repo/Page_Form 1A - Cessation As Employer/Letter of acknowledgement' is visible

2018-11-23 16:35:53 - [MESSAGE][PASSED] - Object 'Object Repository/Final Object Repo/Page_Form 1A - Cessation As Employer/Letter of acknowledgement' is visible

2018-11-23 16:35:53 - [MESSAGE][PASSED] - Call Test Case 'Test Cases/Final Aug 2018 - PKS Automation/Registration Module/Workflow/Form 1A - Cessation As Employer/Template/Form 1 A - Cessation As Employer (Employer)' successfully

2018-11-23 16:35:53 - [TEST_STEP][PASSED] - callTestCase: Call Test Case 'Test Cases/Final Aug 2018 - PKS Automation/Registration Module/Workflow/Form 1A - Cessation As Employer/Template/Form 1 A - Cessation As Employer (Query)' successfully

2018-11-23 16:35:53 - [TEST_CASE][PASSED] - Test Cases/Final Aug 2018 - PKS Automation/Registration Module/Workflow/Form 1A - Cessation As Employer/Template/Form 1 A - Cessation As Employer (Query): Test Cases/Final Aug 2018 - PKS Automation/Registration Module/Workflow/Form 1A - Cessation As Employer/Template/Form 1 A - Cessation As Employer (Query)

2018-11-23 16:35:53 - [TEST_STEP][NOT_RUN] - callTestCase: NOT_RUN: callTestCase

2018-11-23 16:35:53 - [MESSAGE][NOT_RUN] - NOT_RUN: callTestCase

2018-11-23 16:35:53 - [TEST_STEP][PASSED] - delay: Delayed 1 second(s)

2018-11-23 16:35:54 - [MESSAGE][PASSED] - Delayed 1 second(s)

2018-11-23 16:35:54 - [TEST_STEP][PASSED] - navigateToUrl: Navigate to 'https://assist2-uat.perkeso.gov.my/c/portal/logout' successfully

2018-11-23 16:35:56 - [MESSAGE][PASSED] - Navigate to 'https://assist2-uat.perkeso.gov.my/c/portal/logout' successfully

2018-11-23 16:35:56 - [TEST_STEP][PASSED] - delay: Delayed 1 second(s)

2018-11-23 16:35:57 - [MESSAGE][PASSED] - Delayed 1 second(s)

2018-11-23 16:35:57 - [TEST_STEP][PASSED] - callTestCase: Call Test Case 'Test Cases/Final Aug 2018 - PKS Automation/Common/Reference Number Getter' successfully

2018-11-23 16:35:57 - [TEST_CASE][PASSED] - Test Cases/Final Aug 2018 - PKS Automation/Common/Reference Number Getter: Test Cases/Final Aug 2018 - PKS Automation/Common/Reference Number Getter

2018-11-23 16:35:57 - [TEST_STEP][PASSED] - Statement - Try: null

2018-11-23 16:35:57 - [TEST_STEP][PASSED] - Statement - RefNo = new java.io.File(C://Users//Admin//Desktop//PKS//Automation Reference Point//KatalonReference.txt): null

2018-11-23 16:35:57 - [TEST_STEP][PASSED] - Statement - bufferread = new java.io.BufferedReader(new java.io.FileReader(RefNo)): null

2018-11-23 16:35:57 - [TEST_STEP][PASSED] - Statement - readedVal = bufferread.readLine(): null

2018-11-23 16:35:57 - [TEST_STEP][PASSED] - Statement - out.println(CaseReferenceNo): null

2018-11-23 16:35:57 - [TEST_STEP][PASSED] - Statement - out.println(readedVal): null

2018-11-23 16:35:57 - [TEST_STEP][PASSED] - Statement - CaseReferenceNo = "": null

2018-11-23 16:35:57 - [TEST_STEP][PASSED] - Statement - CaseReferenceNo = readedVal: null

2018-11-23 16:35:57 - [MESSAGE][PASSED] - Call Test Case 'Test Cases/Final Aug 2018 - PKS Automation/Common/Reference Number Getter' successfully

2018-11-23 16:35:57 - [TEST_STEP][PASSED] - callTestCase: Call Test Case 'Test Cases/Final Aug 2018 - PKS Automation/Common/Workflow Owner Finder' successfully

2018-11-23 16:35:57 - [TEST_CASE][PASSED] - Test Cases/Final Aug 2018 - PKS Automation/Common/Workflow Owner Finder: Test Cases/Final Aug 2018 - PKS Automation/Common/Workflow Owner Finder

2018-11-23 16:35:57 - [TEST_STEP][PASSED] - openBrowser: Browser is opened with url: ''

2018-11-23 16:35:57 - [MESSAGE][WARNING] - A browser is already opened. Closing browser and opening a new one

2018-11-23 16:36:02 - [MESSAGE][PASSED] - Browser is opened with url: ''

2018-11-23 16:36:02 - [TEST_STEP][PASSED] - navigateToUrl: Navigate to 'https://assist2-uat.perkeso.gov.my/login' successfully

2018-11-23 16:36:04 - [MESSAGE][PASSED] - Navigate to 'https://assist2-uat.perkeso.gov.my/login' successfully

2018-11-23 16:36:04 - [TEST_STEP][PASSED] - delay: Delayed 5 second(s)

2018-11-23 16:36:09 - [MESSAGE][PASSED] - Delayed 5 second(s)

2018-11-23 16:36:09 - [TEST_STEP][PASSED] - setText: Text 'test@liferay.com' is set on object 'Object Repository/Final Object Repo/Login Page/Internal User/Email Address'

2018-11-23 16:36:09 - [MESSAGE][PASSED] - Text 'test@liferay.com' is set on object 'Object Repository/Final Object Repo/Login Page/Internal User/Email Address'

2018-11-23 16:36:09 - [TEST_STEP][PASSED] - click: Object: 'Object Repository/Final Object Repo/Login Page/Internal User/Next Button' is clicked on

2018-11-23 16:36:09 - [MESSAGE][PASSED] - Object: 'Object Repository/Final Object Repo/Login Page/Internal User/Next Button' is clicked on

2018-11-23 16:36:09 - [TEST_STEP][PASSED] - delay: Delayed 2 second(s)

2018-11-23 16:36:11 - [MESSAGE][PASSED] - Delayed 2 second(s)

2018-11-23 16:36:11 - [TEST_STEP][PASSED] - setText: Text 'test' is set on object 'Object Repository/Final Object Repo/Login Page/Internal User/Password'

2018-11-23 16:36:11 - [MESSAGE][PASSED] - Text 'test' is set on object 'Object Repository/Final Object Repo/Login Page/Internal User/Password'

2018-11-23 16:36:11 - [TEST_STEP][PASSED] - delay: Delayed 2 second(s)

2018-11-23 16:36:13 - [MESSAGE][PASSED] - Delayed 2 second(s)

2018-11-23 16:36:13 - [TEST_STEP][PASSED] - click: Object: 'Object Repository/Final Object Repo/Login Page/Internal User/Login Button' is clicked on

2018-11-23 16:36:16 - [MESSAGE][PASSED] - Object: 'Object Repository/Final Object Repo/Login Page/Internal User/Login Button' is clicked on

2018-11-23 16:36:16 - [TEST_STEP][PASSED] - Statement - Try: Delayed 2 second(s)

2018-11-23 16:36:16 - [TEST_STEP][PASSED] - Statement - Checker = false: null

2018-11-23 16:36:16 - [TEST_STEP][PASSED] - Statement - Checker = com.kms.katalon.core.webui.keyword.WebUiBuiltInKeywords.verifyElementHasAttribute(com.kms.katalon.core.testobject.ObjectRepository.findTestObject(Final Object Repo/Landing Page/BM Detecting), "href", 20, OPTIONAL): Object 'Object Repository/Final Object Repo/Landing Page/BM Detecting' has attribute 'href'

2018-11-23 16:36:16 - [MESSAGE][PASSED] - Object 'Object Repository/Final Object Repo/Landing Page/BM Detecting' has attribute 'href'

2018-11-23 16:36:16 - [TEST_STEP][PASSED] - Statement - out.println(Checker): null

2018-11-23 16:36:16 - [TEST_STEP][PASSED] - Statement - If (Checker == false): null

2018-11-23 16:36:16 - [TEST_STEP][PASSED] - Statement - Else: null

2018-11-23 16:36:16 - [TEST_STEP][PASSED] - delay: Delayed 2 second(s)

2018-11-23 16:36:18 - [MESSAGE][PASSED] - Delayed 2 second(s)

2018-11-23 16:36:18 - [TEST_STEP][PASSED] - delay: Delayed 3 second(s)

2018-11-23 16:36:21 - [MESSAGE][PASSED] - Delayed 3 second(s)

2018-11-23 16:36:21 - [TEST_STEP][PASSED] - mouseOver: Object: 'Object Repository/Final Object Repo/Landing Page/WorkFlow Menu' is hovered

2018-11-23 16:36:21 - [MESSAGE][PASSED] - Object: 'Object Repository/Final Object Repo/Landing Page/WorkFlow Menu' is hovered

2018-11-23 16:36:21 - [TEST_STEP][PASSED] - delay: Delayed 2 second(s)

2018-11-23 16:36:23 - [MESSAGE][PASSED] - Delayed 2 second(s)

2018-11-23 16:36:23 - [TEST_STEP][PASSED] - click: Object: 'Object Repository/Final Object Repo/Landing Page/Select to Workflow Listing' is clicked on

2018-11-23 16:36:25 - [MESSAGE][PASSED] - Object: 'Object Repository/Final Object Repo/Landing Page/Select to Workflow Listing' is clicked on

2018-11-23 16:36:25 - [TEST_STEP][PASSED] - delay: Delayed 2 second(s)

2018-11-23 16:36:27 - [MESSAGE][PASSED] - Delayed 2 second(s)

2018-11-23 16:36:27 - [TEST_STEP][PASSED] - click: Object: 'Object Repository/Final Object Repo/WorkFlow Listing Page/Search Information - To Put Ref No' is clicked on

2018-11-23 16:36:27 - [MESSAGE][PASSED] - Object: 'Object Repository/Final Object Repo/WorkFlow Listing Page/Search Information - To Put Ref No' is clicked on

2018-11-23 16:36:27 - [TEST_STEP][PASSED] - delay: Delayed 2 second(s)

2018-11-23 16:36:29 - [MESSAGE][PASSED] - Delayed 2 second(s)

2018-11-23 16:36:29 - [TEST_STEP][PASSED] - callTestCase: Call Test Case 'Test Cases/Final Aug 2018 - PKS Automation/Common/Reference Number Getter' successfully

2018-11-23 16:36:29 - [TEST_CASE][PASSED] - Test Cases/Final Aug 2018 - PKS Automation/Common/Reference Number Getter: Test Cases/Final Aug 2018 - PKS Automation/Common/Reference Number Getter

2018-11-23 16:36:29 - [TEST_STEP][PASSED] - Statement - Try: null

2018-11-23 16:36:29 - [TEST_STEP][PASSED] - Statement - RefNo = new java.io.File(C://Users//Admin//Desktop//PKS//Automation Reference Point//KatalonReference.txt): null

2018-11-23 16:36:29 - [TEST_STEP][PASSED] - Statement - bufferread = new java.io.BufferedReader(new java.io.FileReader(RefNo)): null

2018-11-23 16:36:29 - [TEST_STEP][PASSED] - Statement - readedVal = bufferread.readLine(): null

2018-11-23 16:36:29 - [TEST_STEP][PASSED] - Statement - out.println(CaseReferenceNo): null

2018-11-23 16:36:29 - [TEST_STEP][PASSED] - Statement - out.println(readedVal): null

2018-11-23 16:36:29 - [TEST_STEP][PASSED] - Statement - CaseReferenceNo = "": null

2018-11-23 16:36:29 - [TEST_STEP][PASSED] - Statement - CaseReferenceNo = readedVal: null

2018-11-23 16:36:29 - [MESSAGE][PASSED] - Call Test Case 'Test Cases/Final Aug 2018 - PKS Automation/Common/Reference Number Getter' successfully

2018-11-23 16:36:29 - [TEST_STEP][PASSED] - setText: Text 'CUN112018C200001604' is set on object 'Object Repository/Final Object Repo/WorkFlow Listing Page/Ref No Set Text'

2018-11-23 16:36:29 - [MESSAGE][PASSED] - Text 'CUN112018C200001604' is set on object 'Object Repository/Final Object Repo/WorkFlow Listing Page/Ref No Set Text'

2018-11-23 16:36:29 - [TEST_STEP][PASSED] - delay: Delayed 2 second(s)

2018-11-23 16:36:31 - [MESSAGE][PASSED] - Delayed 2 second(s)

2018-11-23 16:36:31 - [TEST_STEP][PASSED] - click: Object: 'Object Repository/Final Object Repo/WorkFlow Listing Page/Search Ref No Search Button' is clicked on

2018-11-23 16:36:34 - [MESSAGE][PASSED] - Object: 'Object Repository/Final Object Repo/WorkFlow Listing Page/Search Ref No Search Button' is clicked on

2018-11-23 16:36:34 - [TEST_STEP][PASSED] - delay: Delayed 4 second(s)

2018-11-23 16:36:38 - [MESSAGE][PASSED] - Delayed 4 second(s)

2018-11-23 16:36:38 - [TEST_STEP][PASSED] - click: Object: 'Object Repository/Final Object Repo/WorkFlow Listing Page/Click Continue Tooltip' is clicked on

2018-11-23 16:36:39 - [MESSAGE][PASSED] - Object: 'Object Repository/Final Object Repo/WorkFlow Listing Page/Click Continue Tooltip' is clicked on

2018-11-23 16:36:39 - [TEST_STEP][PASSED] - delay: Delayed 5 second(s)

2018-11-23 16:36:44 - [MESSAGE][PASSED] - Delayed 5 second(s)

2018-11-23 16:36:44 - [TEST_STEP][PASSED] - doubleClick: Object: 'Object Repository/Final Object Repo/WorkFlow Listing Page/Workflow Found - Listing 1' is double clicked on

2018-11-23 16:36:45 - [MESSAGE][PASSED] - Object: 'Object Repository/Final Object Repo/WorkFlow Listing Page/Workflow Found - Listing 1' is double clicked on

2018-11-23 16:36:45 - [TEST_STEP][PASSED] - Statement - println(OwnerID): null

2018-11-23 16:36:45 - [TEST_STEP][PASSED] - Statement - OwnerID = com.kms.katalon.core.webui.keyword.WebUiBuiltInKeywords.getText(com.kms.katalon.core.testobject.ObjectRepository.findTestObject(Final Object Repo/WorkFlow Listing Page/Workflow Found - Listing 1), STOP_ON_FAILURE): Text of object 'Object Repository/Final Object Repo/WorkFlow Listing Page/Workflow Found - Listing 1' is: 'JOHORuo3'

2018-11-23 16:36:45 - [MESSAGE][PASSED] - Text of object 'Object Repository/Final Object Repo/WorkFlow Listing Page/Workflow Found - Listing 1' is: 'JOHORuo3'

2018-11-23 16:36:45 - [TEST_STEP][PASSED] - Statement - OwnerID = OwnerID.toLowerCase() + "@gmail.com": null

2018-11-23 16:36:45 - [TEST_STEP][PASSED] - Statement - println(OwnerID): null

2018-11-23 16:36:45 - [TEST_STEP][PASSED] - delay: Delayed 2 second(s)

2018-11-23 16:36:47 - [MESSAGE][PASSED] - Delayed 2 second(s)

2018-11-23 16:36:47 - [MESSAGE][PASSED] - Call Test Case 'Test Cases/Final Aug 2018 - PKS Automation/Common/Workflow Owner Finder' successfully

2018-11-23 16:36:47 - [TEST_STEP][PASSED] - delay: Delayed 1 second(s)

2018-11-23 16:36:48 - [MESSAGE][PASSED] - Delayed 1 second(s)

2018-11-23 16:36:48 - [TEST_STEP][PASSED] - navigateToUrl: Navigate to 'https://assist2-uat.perkeso.gov.my/c/portal/logout' successfully

2018-11-23 16:36:49 - [MESSAGE][PASSED] - Navigate to 'https://assist2-uat.perkeso.gov.my/c/portal/logout' successfully

2018-11-23 16:36:49 - [TEST_STEP][PASSED] - delay: Delayed 1 second(s)

2018-11-23 16:36:50 - [MESSAGE][PASSED] - Delayed 1 second(s)

2018-11-23 16:36:50 - [TEST_STEP][PASSED] - callTestCase: Call Test Case 'Test Cases/Final Aug 2018 - PKS Automation/Registration Module/Workflow/Login and Search Case For Workflow' successfully

2018-11-23 16:36:50 - [TEST_CASE][PASSED] - Test Cases/Final Aug 2018 - PKS Automation/Registration Module/Workflow/Login and Search Case For Workflow: Test Cases/Final Aug 2018 - PKS Automation/Registration Module/Workflow/Login and Search Case For Workflow

2018-11-23 16:36:50 - [TEST_STEP][PASSED] - navigateToUrl: Navigate to 'https://assist2-uat.perkeso.gov.my/login' successfully

2018-11-23 16:36:51 - [MESSAGE][PASSED] - Navigate to 'https://assist2-uat.perkeso.gov.my/login' successfully

2018-11-23 16:36:51 - [TEST_STEP][PASSED] - setText: Text 'johoruo3@gmail.com' is set on object 'Object Repository/Final Object Repo/Login Page/Internal User/Email Address'

2018-11-23 16:36:51 - [MESSAGE][PASSED] - Text 'johoruo3@gmail.com' is set on object 'Object Repository/Final Object Repo/Login Page/Internal User/Email Address'

2018-11-23 16:36:51 - [TEST_STEP][PASSED] - click: Object: 'Object Repository/Final Object Repo/Login Page/Internal User/Next Button' is clicked on

2018-11-23 16:36:51 - [MESSAGE][PASSED] - Object: 'Object Repository/Final Object Repo/Login Page/Internal User/Next Button' is clicked on

2018-11-23 16:36:51 - [TEST_STEP][PASSED] - delay: Delayed 1 second(s)

2018-11-23 16:36:52 - [MESSAGE][PASSED] - Delayed 1 second(s)

2018-11-23 16:36:52 - [TEST_STEP][PASSED] - setEncryptedText: Text ****** has been set on object 'Object Repository/Final Object Repo/Login Page/Internal User/Password'

2018-11-23 16:36:53 - [MESSAGE][PASSED] - Text ****** has been set on object 'Object Repository/Final Object Repo/Login Page/Internal User/Password'

2018-11-23 16:36:53 - [TEST_STEP][PASSED] - click: Object: 'Object Repository/Final Object Repo/Login Page/Internal User/Login Button' is clicked on

2018-11-23 16:36:55 - [MESSAGE][PASSED] - Object: 'Object Repository/Final Object Repo/Login Page/Internal User/Login Button' is clicked on

2018-11-23 16:36:55 - [TEST_STEP][PASSED] - delay: Delayed 2 second(s)

2018-11-23 16:36:57 - [MESSAGE][PASSED] - Delayed 2 second(s)

2018-11-23 16:36:57 - [TEST_STEP][PASSED] - Statement - Try: Delayed 2 second(s)

2018-11-23 16:36:57 - [TEST_STEP][PASSED] - Statement - Checker = false: null

2018-11-23 16:36:57 - [TEST_STEP][PASSED] - Statement - Checker = com.kms.katalon.core.webui.keyword.WebUiBuiltInKeywords.verifyElementHasAttribute(com.kms.katalon.core.testobject.ObjectRepository.findTestObject(Final Object Repo/Landing Page/BM Detecting), "href", 20, OPTIONAL): Object 'Object Repository/Final Object Repo/Landing Page/BM Detecting' has attribute 'href'

2018-11-23 16:36:57 - [MESSAGE][PASSED] - Object 'Object Repository/Final Object Repo/Landing Page/BM Detecting' has attribute 'href'

2018-11-23 16:36:57 - [TEST_STEP][PASSED] - Statement - out.println(Checker): null

2018-11-23 16:36:57 - [TEST_STEP][PASSED] - Statement - If (Checker == false): null

2018-11-23 16:36:57 - [TEST_STEP][PASSED] - Statement - Else: null

2018-11-23 16:36:57 - [TEST_STEP][PASSED] - delay: Delayed 2 second(s)

2018-11-23 16:36:59 - [MESSAGE][PASSED] - Delayed 2 second(s)

2018-11-23 16:36:59 - [TEST_STEP][PASSED] - click: Object: 'Object Repository/Final Object Repo/Page_MyASSIST - ASSIST - Search Pending Case For Add Supporting Document/Search Information' is clicked on

2018-11-23 16:36:59 - [MESSAGE][PASSED] - Object: 'Object Repository/Final Object Repo/Page_MyASSIST - ASSIST - Search Pending Case For Add Supporting Document/Search Information' is clicked on

2018-11-23 16:36:59 - [TEST_STEP][PASSED] - delay: Delayed 3 second(s)

2018-11-23 16:37:02 - [MESSAGE][PASSED] - Delayed 3 second(s)

2018-11-23 16:37:02 - [TEST_STEP][PASSED] - sendKeys: Keys 'CUN112018C200001604' sent to object: 'Object Repository/Final Object Repo/Page_MyASSIST - ASSIST - Search Pending Case For Add Supporting Document/Reference No'

2018-11-23 16:37:03 - [MESSAGE][PASSED] - Keys 'CUN112018C200001604' sent to object: 'Object Repository/Final Object Repo/Page_MyASSIST - ASSIST - Search Pending Case For Add Supporting Document/Reference No'

2018-11-23 16:37:03 - [TEST_STEP][PASSED] - click: Object: 'Object Repository/Final Object Repo/Page_MyASSIST - ASSIST - Search Pending Case For Add Supporting Document/Search Reference No' is clicked on

2018-11-23 16:37:04 - [MESSAGE][PASSED] - Object: 'Object Repository/Final Object Repo/Page_MyASSIST - ASSIST - Search Pending Case For Add Supporting Document/Search Reference No' is clicked on

2018-11-23 16:37:04 - [TEST_STEP][PASSED] - delay: Delayed 2 second(s)

2018-11-23 16:37:06 - [MESSAGE][PASSED] - Delayed 2 second(s)

2018-11-23 16:37:06 - [TEST_STEP][PASSED] - click: Object: 'Object Repository/Final Object Repo/Page_MyASSIST - ASSIST - Search Pending Case For Add Supporting Document/Continue' is clicked on

2018-11-23 16:37:10 - [MESSAGE][PASSED] - Object: 'Object Repository/Final Object Repo/Page_MyASSIST - ASSIST - Search Pending Case For Add Supporting Document/Continue' is clicked on

2018-11-23 16:37:10 - [TEST_STEP][PASSED] - delay: Delayed 20 second(s)

2018-11-23 16:37:30 - [MESSAGE][PASSED] - Delayed 20 second(s)

2018-11-23 16:37:30 - [MESSAGE][PASSED] - Call Test Case 'Test Cases/Final Aug 2018 - PKS Automation/Registration Module/Workflow/Login and Search Case For Workflow' successfully

2018-11-23 16:37:30 - [TEST_STEP][PASSED] - click: Object: 'Object Repository/Final Object Repo/Page_Form 1A - Cessation As Employer/Page_Form 1A - Cessation As Employer (Approve)/Save  Continue in Form 1A Page' is clicked on

2018-11-23 16:37:32 - [MESSAGE][PASSED] - Object: 'Object Repository/Final Object Repo/Page_Form 1A - Cessation As Employer/Page_Form 1A - Cessation As Employer (Approve)/Save  Continue in Form 1A Page' is clicked on

2018-11-23 16:37:32 - [TEST_STEP][PASSED] - delay: Delayed 2 second(s)

2018-11-23 16:37:34 - [MESSAGE][PASSED] - Delayed 2 second(s)

2018-11-23 16:37:34 - [TEST_STEP][PASSED] - click: Object: 'Object Repository/Final Object Repo/Page_Form 1A - Cessation As Employer/Employment Resign Date' is clicked on

2018-11-23 16:37:35 - [MESSAGE][PASSED] - Object: 'Object Repository/Final Object Repo/Page_Form 1A - Cessation As Employer/Employment Resign Date' is clicked on

2018-11-23 16:37:35 - [TEST_STEP][PASSED] - delay: Delayed 1 second(s)

2018-11-23 16:37:36 - [MESSAGE][PASSED] - Delayed 1 second(s)

2018-11-23 16:37:36 - [TEST_STEP][PASSED] - selectOptionByValue: All options with value '2030' are selected in object 'Object Repository/Final Object Repo/Page_Form 1A - Cessation As Employer/Employment Resign Date - Year' 

2018-11-23 16:37:36 - [MESSAGE][PASSED] - All options with value '2030' are selected in object 'Object Repository/Final Object Repo/Page_Form 1A - Cessation As Employer/Employment Resign Date - Year' 

2018-11-23 16:37:36 - [TEST_STEP][PASSED] - delay: Delayed 1 second(s)

2018-11-23 16:37:37 - [MESSAGE][PASSED] - Delayed 1 second(s)

2018-11-23 16:37:37 - [TEST_STEP][PASSED] - click: Object: 'Object Repository/Final Object Repo/Page_Form 1A - Cessation As Employer/Employment Resign Date - Year - Date' is clicked on

2018-11-23 16:37:38 - [MESSAGE][PASSED] - Object: 'Object Repository/Final Object Repo/Page_Form 1A - Cessation As Employer/Employment Resign Date - Year - Date' is clicked on

2018-11-23 16:37:38 - [TEST_STEP][PASSED] - delay: Delayed 2 second(s)

2018-11-23 16:37:40 - [MESSAGE][PASSED] - Delayed 2 second(s)

2018-11-23 16:37:40 - [TEST_STEP][PASSED] - click: Object: 'Object Repository/Final Object Repo/Page_Form 1A - Cessation As Employer/Page_Form 1A - Cessation As Employer (Approve)/Save  Continue in Update Add Employee Resigned Date Page' is clicked on

2018-11-23 16:37:40 - [MESSAGE][PASSED] - Object: 'Object Repository/Final Object Repo/Page_Form 1A - Cessation As Employer/Page_Form 1A - Cessation As Employer (Approve)/Save  Continue in Update Add Employee Resigned Date Page' is clicked on

2018-11-23 16:37:40 - [TEST_STEP][PASSED] - delay: Delayed 2 second(s)

2018-11-23 16:37:42 - [MESSAGE][PASSED] - Delayed 2 second(s)

2018-11-23 16:37:42 - [TEST_STEP][PASSED] - click: Object: 'Object Repository/Final Object Repo/Page_Form 1A - Cessation As Employer/Set Latest - Yes' is clicked on

2018-11-23 16:37:46 - [MESSAGE][PASSED] - Object: 'Object Repository/Final Object Repo/Page_Form 1A - Cessation As Employer/Set Latest - Yes' is clicked on

2018-11-23 16:37:46 - [TEST_STEP][PASSED] - delay: Delayed 2 second(s)

2018-11-23 16:37:48 - [MESSAGE][PASSED] - Delayed 2 second(s)

2018-11-23 16:37:48 - [TEST_STEP][PASSED] - setText: Text 'remark' is set on object 'Object Repository/Final Object Repo/Page_Form 1A - Cessation As Employer/Page_Form 1A - Cessation As Employer (Query)/Query - remark'

2018-11-23 16:37:48 - [MESSAGE][PASSED] - Text 'remark' is set on object 'Object Repository/Final Object Repo/Page_Form 1A - Cessation As Employer/Page_Form 1A - Cessation As Employer (Query)/Query - remark'

2018-11-23 16:37:48 - [TEST_STEP][PASSED] - delay: Delayed 2 second(s)

2018-11-23 16:37:50 - [MESSAGE][PASSED] - Delayed 2 second(s)

2018-11-23 16:37:50 - [TEST_STEP][PASSED] - click: Object: 'Object Repository/Final Object Repo/Page_Form 1A - Cessation As Employer/Page_Form 1A - Cessation As Employer (Approve)/Save  Contine in Uploading Document Page' is clicked on

2018-11-23 16:37:56 - [MESSAGE][PASSED] - Object: 'Object Repository/Final Object Repo/Page_Form 1A - Cessation As Employer/Page_Form 1A - Cessation As Employer (Approve)/Save  Contine in Uploading Document Page' is clicked on

2018-11-23 16:37:56 - [TEST_STEP][PASSED] - delay: Delayed 2 second(s)

2018-11-23 16:37:58 - [MESSAGE][PASSED] - Delayed 2 second(s)

2018-11-23 16:37:58 - [TEST_STEP][PASSED] - click: Object: 'Object Repository/Final Object Repo/Page_Form 1A - Cessation As Employer/Page_Form 1A - Cessation As Employer (Query)/Query' is clicked on

2018-11-23 16:37:58 - [MESSAGE][PASSED] - Object: 'Object Repository/Final Object Repo/Page_Form 1A - Cessation As Employer/Page_Form 1A - Cessation As Employer (Query)/Query' is clicked on

2018-11-23 16:37:58 - [TEST_STEP][PASSED] - delay: Delayed 2 second(s)

2018-11-23 16:38:00 - [MESSAGE][PASSED] - Delayed 2 second(s)

2018-11-23 16:38:00 - [TEST_STEP][PASSED] - click: Object: 'Object Repository/Final Object Repo/Page_Form 1A - Cessation As Employer/Page_Form 1A - Cessation As Employer (Query)/Confirm' is clicked on

2018-11-23 16:38:05 - [MESSAGE][PASSED] - Object: 'Object Repository/Final Object Repo/Page_Form 1A - Cessation As Employer/Page_Form 1A - Cessation As Employer (Query)/Confirm' is clicked on

2018-11-23 16:38:05 - [TEST_STEP][PASSED] - delay: Delayed 2 second(s)

2018-11-23 16:38:07 - [MESSAGE][PASSED] - Delayed 2 second(s)

2018-11-23 16:38:07 - [TEST_STEP][PASSED] - verifyElementVisible: Object 'Object Repository/Final Object Repo/Page_Form 1A - Cessation As Employer/Page_Form 1A - Cessation As Employer (Query)/MessageThe Case Is Under Query' is visible

2018-11-23 16:38:07 - [MESSAGE][PASSED] - Object 'Object Repository/Final Object Repo/Page_Form 1A - Cessation As Employer/Page_Form 1A - Cessation As Employer (Query)/MessageThe Case Is Under Query' is visible

2018-11-23 16:38:07 - [TEST_STEP][PASSED] - delay: Delayed 1 second(s)

2018-11-23 16:38:08 - [MESSAGE][PASSED] - Delayed 1 second(s)

2018-11-23 16:38:08 - [TEST_STEP][PASSED] - verifyElementVisible: Object 'Object Repository/Final Object Repo/Page_Form 1A - Cessation As Employer/Page_Form 1A - Cessation As Employer (Query)/Letter of inquiry' is visible

2018-11-23 16:38:08 - [MESSAGE][PASSED] - Object 'Object Repository/Final Object Repo/Page_Form 1A - Cessation As Employer/Page_Form 1A - Cessation As Employer (Query)/Letter of inquiry' is visible

2018-11-23 16:38:08 - [TEST_STEP][PASSED] - delay: Delayed 1 second(s)

2018-11-23 16:38:09 - [MESSAGE][PASSED] - Delayed 1 second(s)

2018-11-23 16:38:09 - [TEST_STEP][PASSED] - navigateToUrl: Navigate to 'https://assist2-uat.perkeso.gov.my/c/portal/logout' successfully

2018-11-23 16:38:11 - [MESSAGE][PASSED] - Navigate to 'https://assist2-uat.perkeso.gov.my/c/portal/logout' successfully

2018-11-23 16:38:11 - [TEST_STEP][PASSED] - delay: Delayed 1 second(s)

2018-11-23 16:38:12 - [MESSAGE][PASSED] - Delayed 1 second(s)

2018-11-23 16:38:12 - [TEST_STEP][PASSED] - callTestCase: Call Test Case 'Test Cases/Final Aug 2018 - PKS Automation/Registration Module/Workflow/Search Pending Case For Add Supporting Document (OTC)' successfully

2018-11-23 16:38:12 - [TEST_CASE][PASSED] - Test Cases/Final Aug 2018 - PKS Automation/Registration Module/Workflow/Search Pending Case For Add Supporting Document (OTC): Test Cases/Final Aug 2018 - PKS Automation/Registration Module/Workflow/Search Pending Case For Add Supporting Document (OTC)

2018-11-23 16:38:12 - [TEST_STEP][PASSED] - openBrowser: Browser is opened with url: ''

2018-11-23 16:38:12 - [MESSAGE][WARNING] - A browser is already opened. Closing browser and opening a new one

2018-11-23 16:38:17 - [MESSAGE][PASSED] - Browser is opened with url: ''

2018-11-23 16:38:17 - [TEST_STEP][PASSED] - navigateToUrl: Navigate to 'https://assist2-uat.perkeso.gov.my/login' successfully

2018-11-23 16:38:18 - [MESSAGE][PASSED] - Navigate to 'https://assist2-uat.perkeso.gov.my/login' successfully

2018-11-23 16:38:18 - [TEST_STEP][PASSED] - setText: Text 'johorotc1@gmail.com' is set on object 'Object Repository/Final Object Repo/Login Page/Internal User/Email Address'

2018-11-23 16:38:19 - [MESSAGE][PASSED] - Text 'johorotc1@gmail.com' is set on object 'Object Repository/Final Object Repo/Login Page/Internal User/Email Address'

2018-11-23 16:38:19 - [TEST_STEP][PASSED] - click: Object: 'Object Repository/Final Object Repo/Login Page/Internal User/Next Button' is clicked on

2018-11-23 16:38:19 - [MESSAGE][PASSED] - Object: 'Object Repository/Final Object Repo/Login Page/Internal User/Next Button' is clicked on

2018-11-23 16:38:19 - [TEST_STEP][PASSED] - delay: Delayed 1 second(s)

2018-11-23 16:38:20 - [MESSAGE][PASSED] - Delayed 1 second(s)

2018-11-23 16:38:20 - [TEST_STEP][PASSED] - setEncryptedText: Text ****** has been set on object 'Object Repository/Final Object Repo/Login Page/Internal User/Password'

2018-11-23 16:38:20 - [MESSAGE][PASSED] - Text ****** has been set on object 'Object Repository/Final Object Repo/Login Page/Internal User/Password'

2018-11-23 16:38:20 - [TEST_STEP][PASSED] - click: Object: 'Object Repository/Final Object Repo/Login Page/Internal User/Login Button' is clicked on

2018-11-23 16:38:22 - [MESSAGE][PASSED] - Object: 'Object Repository/Final Object Repo/Login Page/Internal User/Login Button' is clicked on

2018-11-23 16:38:22 - [TEST_STEP][PASSED] - delay: Delayed 1 second(s)

2018-11-23 16:38:23 - [MESSAGE][PASSED] - Delayed 1 second(s)

2018-11-23 16:38:23 - [TEST_STEP][PASSED] - Statement - Try: Delayed 2 second(s)

2018-11-23 16:38:23 - [TEST_STEP][PASSED] - Statement - Checker = false: null

2018-11-23 16:38:23 - [TEST_STEP][PASSED] - Statement - Checker = com.kms.katalon.core.webui.keyword.WebUiBuiltInKeywords.verifyElementHasAttribute(com.kms.katalon.core.testobject.ObjectRepository.findTestObject(Final Object Repo/Landing Page/BM Detecting), "href", 20, OPTIONAL): Object 'Object Repository/Final Object Repo/Landing Page/BM Detecting' has attribute 'href'

2018-11-23 16:38:23 - [MESSAGE][PASSED] - Object 'Object Repository/Final Object Repo/Landing Page/BM Detecting' has attribute 'href'

2018-11-23 16:38:23 - [TEST_STEP][PASSED] - Statement - out.println(Checker): null

2018-11-23 16:38:23 - [TEST_STEP][PASSED] - Statement - If (Checker == false): null

2018-11-23 16:38:23 - [TEST_STEP][PASSED] - Statement - Else: null

2018-11-23 16:38:23 - [TEST_STEP][PASSED] - delay: Delayed 2 second(s)

2018-11-23 16:38:25 - [MESSAGE][PASSED] - Delayed 2 second(s)

2018-11-23 16:38:25 - [TEST_STEP][PASSED] - navigateToUrl: Navigate to 'https://assist2-uat.perkeso.gov.my/web/registration/search/search-pending-case-for-add-supporting-document' successfully

2018-11-23 16:38:27 - [MESSAGE][PASSED] - Navigate to 'https://assist2-uat.perkeso.gov.my/web/registration/search/search-pending-case-for-add-supporting-document' successfully

2018-11-23 16:38:27 - [TEST_STEP][PASSED] - click: Object: 'Object Repository/Final Object Repo/Page_Search Pending Case For Add Suporting Document/Search By' is clicked on

2018-11-23 16:38:27 - [MESSAGE][PASSED] - Object: 'Object Repository/Final Object Repo/Page_Search Pending Case For Add Suporting Document/Search By' is clicked on

2018-11-23 16:38:27 - [TEST_STEP][PASSED] - click: Object: 'Object Repository/Final Object Repo/Page_Search Pending Case For Add Suporting Document/Search By - Reference ID' is clicked on

2018-11-23 16:38:28 - [MESSAGE][PASSED] - Object: 'Object Repository/Final Object Repo/Page_Search Pending Case For Add Suporting Document/Search By - Reference ID' is clicked on

2018-11-23 16:38:28 - [TEST_STEP][PASSED] - delay: Delayed 2 second(s)

2018-11-23 16:38:30 - [MESSAGE][PASSED] - Delayed 2 second(s)

2018-11-23 16:38:30 - [TEST_STEP][PASSED] - setText: Text 'CUN112018C200001604' is set on object 'Object Repository/Final Object Repo/Page_Search Pending Case For Add Suporting Document/Reference ID'

2018-11-23 16:38:30 - [MESSAGE][PASSED] - Text 'CUN112018C200001604' is set on object 'Object Repository/Final Object Repo/Page_Search Pending Case For Add Suporting Document/Reference ID'

2018-11-23 16:38:30 - [TEST_STEP][PASSED] - click: Object: 'Object Repository/Final Object Repo/Page_Search Pending Case For Add Suporting Document/Search' is clicked on

2018-11-23 16:38:32 - [MESSAGE][PASSED] - Object: 'Object Repository/Final Object Repo/Page_Search Pending Case For Add Suporting Document/Search' is clicked on

2018-11-23 16:38:32 - [TEST_STEP][PASSED] - delay: Delayed 2 second(s)

2018-11-23 16:38:34 - [MESSAGE][PASSED] - Delayed 2 second(s)

2018-11-23 16:38:34 - [TEST_STEP][PASSED] - click: Object: 'Object Repository/Final Object Repo/Page_Search Pending Case For Add Suporting Document/Edit' is clicked on

2018-11-23 16:38:37 - [MESSAGE][PASSED] - Object: 'Object Repository/Final Object Repo/Page_Search Pending Case For Add Suporting Document/Edit' is clicked on

2018-11-23 16:38:37 - [MESSAGE][PASSED] - Call Test Case 'Test Cases/Final Aug 2018 - PKS Automation/Registration Module/Workflow/Search Pending Case For Add Supporting Document (OTC)' successfully

2018-11-23 16:38:37 - [TEST_STEP][PASSED] - click: Object: 'Object Repository/Final Object Repo/Page_Form 1A - Cessation As Employer/Page_Form 1A - Cessation As Employer (Query -OTC -UO)/Next in Form 1A Page' is clicked on

2018-11-23 16:38:40 - [MESSAGE][PASSED] - Object: 'Object Repository/Final Object Repo/Page_Form 1A - Cessation As Employer/Page_Form 1A - Cessation As Employer (Query -OTC -UO)/Next in Form 1A Page' is clicked on

2018-11-23 16:38:40 - [TEST_STEP][PASSED] - delay: Delayed 2 second(s)

2018-11-23 16:38:42 - [MESSAGE][PASSED] - Delayed 2 second(s)

2018-11-23 16:38:42 - [TEST_STEP][PASSED] - click: Object: 'Object Repository/Final Object Repo/Page_Form 1A - Cessation As Employer/Page_Form 1A - Cessation As Employer (Query -OTC -UO)/Next in Resigned Date Page' is clicked on

2018-11-23 16:38:45 - [MESSAGE][PASSED] - Object: 'Object Repository/Final Object Repo/Page_Form 1A - Cessation As Employer/Page_Form 1A - Cessation As Employer (Query -OTC -UO)/Next in Resigned Date Page' is clicked on

2018-11-23 16:38:45 - [TEST_STEP][PASSED] - delay: Delayed 2 second(s)

2018-11-23 16:38:47 - [MESSAGE][PASSED] - Delayed 2 second(s)

2018-11-23 16:38:47 - [TEST_STEP][PASSED] - click: Object: 'Object Repository/Final Object Repo/Page_Form 1A - Cessation As Employer/Page_Form 1A - Cessation As Employer (Query -OTC -UO)/Add Document' is clicked on

2018-11-23 16:38:48 - [MESSAGE][PASSED] - Object: 'Object Repository/Final Object Repo/Page_Form 1A - Cessation As Employer/Page_Form 1A - Cessation As Employer (Query -OTC -UO)/Add Document' is clicked on

2018-11-23 16:38:48 - [TEST_STEP][PASSED] - delay: Delayed 2 second(s)

2018-11-23 16:38:50 - [MESSAGE][PASSED] - Delayed 2 second(s)

2018-11-23 16:38:50 - [TEST_STEP][PASSED] - click: Object: 'Object Repository/Final Object Repo/Page_Form 1A - Cessation As Employer/Page_Form 1A - Cessation As Employer (Query -OTC -UO)/Document Type' is clicked on

2018-11-23 16:38:51 - [MESSAGE][PASSED] - Object: 'Object Repository/Final Object Repo/Page_Form 1A - Cessation As Employer/Page_Form 1A - Cessation As Employer (Query -OTC -UO)/Document Type' is clicked on

2018-11-23 16:38:51 - [TEST_STEP][PASSED] - click: Object: 'Object Repository/Final Object Repo/Page_Form 1A - Cessation As Employer/Page_Form 1A - Cessation As Employer (Query -OTC -UO)/Document Type - Others' is clicked on

2018-11-23 16:38:51 - [MESSAGE][PASSED] - Object: 'Object Repository/Final Object Repo/Page_Form 1A - Cessation As Employer/Page_Form 1A - Cessation As Employer (Query -OTC -UO)/Document Type - Others' is clicked on

2018-11-23 16:38:51 - [TEST_STEP][PASSED] - delay: Delayed 2 second(s)

2018-11-23 16:38:53 - [MESSAGE][PASSED] - Delayed 2 second(s)

2018-11-23 16:38:53 - [TEST_STEP][PASSED] - sendKeys: Keys 'C:\Users\Public\Pictures\Sample Pictures\Koala.jpg' sent to object: 'Object Repository/Final Object Repo/Page_Form 1A - Cessation As Employer/Uploading File'

2018-11-23 16:38:53 - [MESSAGE][PASSED] - Keys 'C:\Users\Public\Pictures\Sample Pictures\Koala.jpg' sent to object: 'Object Repository/Final Object Repo/Page_Form 1A - Cessation As Employer/Uploading File'

2018-11-23 16:38:53 - [TEST_STEP][PASSED] - delay: Delayed 2 second(s)

2018-11-23 16:38:55 - [MESSAGE][PASSED] - Delayed 2 second(s)

2018-11-23 16:38:55 - [TEST_STEP][PASSED] - click: Object: 'Object Repository/Final Object Repo/Page_Form 1A - Cessation As Employer/Page_Form 1A - Cessation As Employer (Query -OTC -UO)/Add Document in Uploading Page' is clicked on

2018-11-23 16:39:00 - [MESSAGE][PASSED] - Object: 'Object Repository/Final Object Repo/Page_Form 1A - Cessation As Employer/Page_Form 1A - Cessation As Employer (Query -OTC -UO)/Add Document in Uploading Page' is clicked on

2018-11-23 16:39:00 - [TEST_STEP][PASSED] - delay: Delayed 4 second(s)

2018-11-23 16:39:04 - [MESSAGE][PASSED] - Delayed 4 second(s)

2018-11-23 16:39:04 - [TEST_STEP][PASSED] - click: Object: 'Object Repository/Final Object Repo/Page_Form 1A - Cessation As Employer/Page_Form 1A - Cessation As Employer (Query -OTC -UO)/Exit' is clicked on

2018-11-23 16:39:05 - [MESSAGE][PASSED] - Object: 'Object Repository/Final Object Repo/Page_Form 1A - Cessation As Employer/Page_Form 1A - Cessation As Employer (Query -OTC -UO)/Exit' is clicked on

2018-11-23 16:39:05 - [TEST_STEP][PASSED] - delay: Delayed 1 second(s)

2018-11-23 16:39:06 - [MESSAGE][PASSED] - Delayed 1 second(s)

2018-11-23 16:39:06 - [TEST_STEP][PASSED] - navigateToUrl: Navigate to 'https://assist2-uat.perkeso.gov.my/c/portal/logout' successfully

2018-11-23 16:39:07 - [MESSAGE][PASSED] - Navigate to 'https://assist2-uat.perkeso.gov.my/c/portal/logout' successfully

2018-11-23 16:39:07 - [TEST_STEP][PASSED] - delay: Delayed 1 second(s)

2018-11-23 16:39:08 - [MESSAGE][PASSED] - Delayed 1 second(s)

2018-11-23 16:39:08 - [TEST_STEP][PASSED] - callTestCase: Call Test Case 'Test Cases/Final Aug 2018 - PKS Automation/Registration Module/Workflow/Login and Search Case For Workflow' successfully

2018-11-23 16:39:08 - [TEST_CASE][PASSED] - Test Cases/Final Aug 2018 - PKS Automation/Registration Module/Workflow/Login and Search Case For Workflow: Test Cases/Final Aug 2018 - PKS Automation/Registration Module/Workflow/Login and Search Case For Workflow

2018-11-23 16:39:08 - [TEST_STEP][PASSED] - navigateToUrl: Navigate to 'https://assist2-uat.perkeso.gov.my/login' successfully

2018-11-23 16:39:09 - [MESSAGE][PASSED] - Navigate to 'https://assist2-uat.perkeso.gov.my/login' successfully

2018-11-23 16:39:09 - [TEST_STEP][PASSED] - setText: Text 'johoruo3@gmail.com' is set on object 'Object Repository/Final Object Repo/Login Page/Internal User/Email Address'

2018-11-23 16:39:09 - [MESSAGE][PASSED] - Text 'johoruo3@gmail.com' is set on object 'Object Repository/Final Object Repo/Login Page/Internal User/Email Address'

2018-11-23 16:39:09 - [TEST_STEP][PASSED] - click: Object: 'Object Repository/Final Object Repo/Login Page/Internal User/Next Button' is clicked on

2018-11-23 16:39:10 - [MESSAGE][PASSED] - Object: 'Object Repository/Final Object Repo/Login Page/Internal User/Next Button' is clicked on

2018-11-23 16:39:10 - [TEST_STEP][PASSED] - delay: Delayed 1 second(s)

2018-11-23 16:39:11 - [MESSAGE][PASSED] - Delayed 1 second(s)

2018-11-23 16:39:11 - [TEST_STEP][PASSED] - setEncryptedText: Text ****** has been set on object 'Object Repository/Final Object Repo/Login Page/Internal User/Password'

2018-11-23 16:39:11 - [MESSAGE][PASSED] - Text ****** has been set on object 'Object Repository/Final Object Repo/Login Page/Internal User/Password'

2018-11-23 16:39:11 - [TEST_STEP][PASSED] - click: Object: 'Object Repository/Final Object Repo/Login Page/Internal User/Login Button' is clicked on

2018-11-23 16:39:13 - [MESSAGE][PASSED] - Object: 'Object Repository/Final Object Repo/Login Page/Internal User/Login Button' is clicked on

2018-11-23 16:39:13 - [TEST_STEP][PASSED] - delay: Delayed 2 second(s)

2018-11-23 16:39:15 - [MESSAGE][PASSED] - Delayed 2 second(s)

2018-11-23 16:39:15 - [TEST_STEP][PASSED] - Statement - Try: Delayed 2 second(s)

2018-11-23 16:39:15 - [TEST_STEP][PASSED] - Statement - Checker = false: null

2018-11-23 16:39:15 - [TEST_STEP][PASSED] - Statement - Checker = com.kms.katalon.core.webui.keyword.WebUiBuiltInKeywords.verifyElementHasAttribute(com.kms.katalon.core.testobject.ObjectRepository.findTestObject(Final Object Repo/Landing Page/BM Detecting), "href", 20, OPTIONAL): Object 'Object Repository/Final Object Repo/Landing Page/BM Detecting' has attribute 'href'

2018-11-23 16:39:15 - [MESSAGE][PASSED] - Object 'Object Repository/Final Object Repo/Landing Page/BM Detecting' has attribute 'href'

2018-11-23 16:39:15 - [TEST_STEP][PASSED] - Statement - out.println(Checker): null

2018-11-23 16:39:15 - [TEST_STEP][PASSED] - Statement - If (Checker == false): null

2018-11-23 16:39:15 - [TEST_STEP][PASSED] - Statement - Else: null

2018-11-23 16:39:15 - [TEST_STEP][PASSED] - delay: Delayed 2 second(s)

2018-11-23 16:39:17 - [MESSAGE][PASSED] - Delayed 2 second(s)

2018-11-23 16:39:17 - [TEST_STEP][PASSED] - click: Object: 'Object Repository/Final Object Repo/Page_MyASSIST - ASSIST - Search Pending Case For Add Supporting Document/Search Information' is clicked on

2018-11-23 16:39:18 - [MESSAGE][PASSED] - Object: 'Object Repository/Final Object Repo/Page_MyASSIST - ASSIST - Search Pending Case For Add Supporting Document/Search Information' is clicked on

2018-11-23 16:39:18 - [TEST_STEP][PASSED] - delay: Delayed 3 second(s)

2018-11-23 16:39:21 - [MESSAGE][PASSED] - Delayed 3 second(s)

2018-11-23 16:39:21 - [TEST_STEP][PASSED] - sendKeys: Keys 'CUN112018C200001604' sent to object: 'Object Repository/Final Object Repo/Page_MyASSIST - ASSIST - Search Pending Case For Add Supporting Document/Reference No'

2018-11-23 16:39:21 - [MESSAGE][PASSED] - Keys 'CUN112018C200001604' sent to object: 'Object Repository/Final Object Repo/Page_MyASSIST - ASSIST - Search Pending Case For Add Supporting Document/Reference No'

2018-11-23 16:39:21 - [TEST_STEP][PASSED] - click: Object: 'Object Repository/Final Object Repo/Page_MyASSIST - ASSIST - Search Pending Case For Add Supporting Document/Search Reference No' is clicked on

2018-11-23 16:39:22 - [MESSAGE][PASSED] - Object: 'Object Repository/Final Object Repo/Page_MyASSIST - ASSIST - Search Pending Case For Add Supporting Document/Search Reference No' is clicked on

2018-11-23 16:39:22 - [TEST_STEP][PASSED] - delay: Delayed 2 second(s)

2018-11-23 16:39:24 - [MESSAGE][PASSED] - Delayed 2 second(s)

2018-11-23 16:39:24 - [TEST_STEP][PASSED] - click: Object: 'Object Repository/Final Object Repo/Page_MyASSIST - ASSIST - Search Pending Case For Add Supporting Document/Continue' is clicked on

2018-11-23 16:39:28 - [MESSAGE][PASSED] - Object: 'Object Repository/Final Object Repo/Page_MyASSIST - ASSIST - Search Pending Case For Add Supporting Document/Continue' is clicked on

2018-11-23 16:39:28 - [TEST_STEP][PASSED] - delay: Delayed 20 second(s)

2018-11-23 16:39:48 - [MESSAGE][PASSED] - Delayed 20 second(s)

2018-11-23 16:39:48 - [MESSAGE][PASSED] - Call Test Case 'Test Cases/Final Aug 2018 - PKS Automation/Registration Module/Workflow/Login and Search Case For Workflow' successfully

2018-11-23 16:39:48 - [TEST_STEP][PASSED] - click: Object: 'Object Repository/Final Object Repo/Page_Form 1A - Cessation As Employer/Page_Form 1A - Cessation As Employer (Approve)/Save  Continue in Form 1A Page' is clicked on

2018-11-23 16:39:50 - [MESSAGE][PASSED] - Object: 'Object Repository/Final Object Repo/Page_Form 1A - Cessation As Employer/Page_Form 1A - Cessation As Employer (Approve)/Save  Continue in Form 1A Page' is clicked on

2018-11-23 16:39:50 - [TEST_STEP][PASSED] - delay: Delayed 3 second(s)

2018-11-23 16:39:53 - [MESSAGE][PASSED] - Delayed 3 second(s)

2018-11-23 16:39:53 - [TEST_STEP][PASSED] - click: Object: 'Object Repository/Final Object Repo/Page_Form 1A - Cessation As Employer/Page_Form 1A - Cessation As Employer (Approve)/Save  Continue in Update Add Employee Resigned Date Page' is clicked on

2018-11-23 16:39:57 - [MESSAGE][PASSED] - Object: 'Object Repository/Final Object Repo/Page_Form 1A - Cessation As Employer/Page_Form 1A - Cessation As Employer (Approve)/Save  Continue in Update Add Employee Resigned Date Page' is clicked on

2018-11-23 16:39:57 - [TEST_STEP][PASSED] - delay: Delayed 3 second(s)

2018-11-23 16:40:00 - [MESSAGE][PASSED] - Delayed 3 second(s)

2018-11-23 16:40:00 - [TEST_STEP][PASSED] - click: Object: 'Object Repository/Final Object Repo/Page_Form 1A - Cessation As Employer/Page_Form 1A - Cessation As Employer (Approve)/Save  Contine in Uploading Document Page' is clicked on

2018-11-23 16:40:06 - [MESSAGE][PASSED] - Object: 'Object Repository/Final Object Repo/Page_Form 1A - Cessation As Employer/Page_Form 1A - Cessation As Employer (Approve)/Save  Contine in Uploading Document Page' is clicked on

2018-11-23 16:40:06 - [TEST_STEP][PASSED] - delay: Delayed 3 second(s)

2018-11-23 16:40:09 - [MESSAGE][PASSED] - Delayed 3 second(s)

2018-11-23 16:40:09 - [TEST_STEP][PASSED] - click: Object: 'Object Repository/Final Object Repo/Page_Form 1A - Cessation As Employer/Page_Form 1A - Cessation As Employer (Approve)/Approve' is clicked on

2018-11-23 16:40:09 - [MESSAGE][PASSED] - Object: 'Object Repository/Final Object Repo/Page_Form 1A - Cessation As Employer/Page_Form 1A - Cessation As Employer (Approve)/Approve' is clicked on

2018-11-23 16:40:09 - [TEST_STEP][PASSED] - delay: Delayed 2 second(s)

2018-11-23 16:40:11 - [MESSAGE][PASSED] - Delayed 2 second(s)

2018-11-23 16:40:11 - [TEST_STEP][PASSED] - click: Object: 'Object Repository/Final Object Repo/Page_Form 1A - Cessation As Employer/Confirm' is clicked on

2018-11-23 16:40:11 - [MESSAGE][PASSED] - Object: 'Object Repository/Final Object Repo/Page_Form 1A - Cessation As Employer/Confirm' is clicked on

2018-11-23 16:40:11 - [TEST_STEP][PASSED] - delay: Delayed 2 second(s)

2018-11-23 16:40:13 - [MESSAGE][PASSED] - Delayed 2 second(s)

2018-11-23 16:40:13 - [TEST_STEP][PASSED] - click: Object: 'Object Repository/Final Object Repo/Page_Form 1A - Cessation As Employer/Page_Form 1A - Cessation As Employer (Approve)/Message Your Request    Form 1A ' is clicked on

2018-11-23 16:40:21 - [MESSAGE][PASSED] - Object: 'Object Repository/Final Object Repo/Page_Form 1A - Cessation As Employer/Page_Form 1A - Cessation As Employer (Approve)/Message Your Request    Form 1A ' is clicked on

2018-11-23 16:40:21 - [TEST_STEP][PASSED] - delay: Delayed 2 second(s)

2018-11-23 16:40:23 - [MESSAGE][PASSED] - Delayed 2 second(s)

2018-11-23 16:40:23 - [TEST_STEP][PASSED] - click: Object: 'Object Repository/Final Object Repo/Page_Form 1A - Cessation As Employer/Page_Form 1A - Cessation As Employer (Approve)/Letter of successful update' is clicked on

2018-11-23 16:40:29 - [MESSAGE][PASSED] - Object: 'Object Repository/Final Object Repo/Page_Form 1A - Cessation As Employer/Page_Form 1A - Cessation As Employer (Approve)/Letter of successful update' is clicked on

2018-11-23 16:40:29 - [MESSAGE][PASSED] - Call Test Case 'Test Cases/Final Aug 2018 - PKS Automation/Registration Module/Workflow/Form 1A - Cessation As Employer/Template/Form 1 A - Cessation As Employer (Query)' successfully]]></system-out>
         <system-err><![CDATA[]]></system-err>
      </testcase>
      <testcase name="Test Cases/Final Aug 2018 - PKS Automation/Registration Module/Workflow/Form 1A - Cessation As Employer/Employer to UO (Reject)" classname="Test Cases/Final Aug 2018 - PKS Automation/Registration Module/Workflow/Form 1A - Cessation As Employer/Employer to UO (Reject)" status="FAILED">
         <failure type="FAILED" message="(Stack trace: com.kms.katalon.core.exception.StepFailedException: Unable to click on object 'Object Repository/Final Object Repo/Page_Form 1A - Cessation As Employer/Document Type' (Root cause: org.openqa.selenium.ElementClickInterceptedException: Element &lt;span class=&quot;select2-selection select2-selection--single&quot;> is not clickable at point (481.7833251953125,205.23333740234375) because another element &lt;div class=&quot;blockUI blockOverlay&quot;> obscures it
Build info: version: '3.7.1', revision: '8a0099a', time: '2017-11-06T21:07:36.161Z'
System info: host: 'WIN7TEST02', ip: '10.20.3.72', os.name: 'Windows 7', os.arch: 'amd64', os.version: '6.1', java.version: '1.8.0_181'
Driver info: com.kms.katalon.core.webui.driver.firefox.CGeckoDriver
Capabilities {acceptInsecureCerts: true, browserName: firefox, browserVersion: 63.0.3, javascriptEnabled: true, moz:accessibilityChecks: false, moz:geckodriverVersion: 0.23.0, moz:headless: false, moz:processID: 8952, moz:profile: C:\Users\Admin\AppData\Loca..., moz:useNonSpecCompliantPointerOrigin: false, moz:webdriverClick: true, pageLoadStrategy: normal, platform: WINDOWS, platformName: WINDOWS, platformVersion: 6.1, proxy: Proxy(direct), rotatable: false, setWindowRect: true, timeouts: {implicit: 0, pageLoad: 300000, script: 30000}, unhandledPromptBehavior: dismiss and notify}
Session ID: 0d951bd4-1b06-49ce-ba44-8e8a0e0c0b7c)
	at com.kms.katalon.core.keyword.internal.KeywordMain.stepFailed(KeywordMain.groovy:32)
	at com.kms.katalon.core.webui.keyword.internal.WebUIKeywordMain.stepFailed(WebUIKeywordMain.groovy:65)
	at com.kms.katalon.core.webui.keyword.internal.WebUIKeywordMain.runKeyword(WebUIKeywordMain.groovy:27)
	at com.kms.katalon.core.webui.keyword.builtin.ClickKeyword.click(ClickKeyword.groovy:86)
	at com.kms.katalon.core.webui.keyword.builtin.ClickKeyword.execute(ClickKeyword.groovy:67)
	at com.kms.katalon.core.keyword.internal.KeywordExecutor.executeKeywordForPlatform(KeywordExecutor.groovy:53)
	at com.kms.katalon.core.webui.keyword.WebUiBuiltInKeywords.click(WebUiBuiltInKeywords.groovy:616)
	at com.kms.katalon.core.webui.keyword.WebUiBuiltInKeywords$click$2.call(Unknown Source)
	at Script1536729355807.run(Script1536729355807.groovy:121)
	at com.kms.katalon.core.main.ScriptEngine.run(ScriptEngine.java:183)
	at com.kms.katalon.core.main.ScriptEngine.runScriptAsRawText(ScriptEngine.java:108)
	at com.kms.katalon.core.main.TestCaseExecutor.runScript(TestCaseExecutor.java:294)
	at com.kms.katalon.core.main.TestCaseExecutor.doExecute(TestCaseExecutor.java:285)
	at com.kms.katalon.core.main.TestCaseExecutor.processExecutionPhase(TestCaseExecutor.java:264)
	at com.kms.katalon.core.main.TestCaseExecutor.accessMainPhase(TestCaseExecutor.java:256)
	at com.kms.katalon.core.main.TestCaseExecutor.execute(TestCaseExecutor.java:200)
	at com.kms.katalon.core.main.TestCaseMain.runTestCase(TestCaseMain.java:99)
	at com.kms.katalon.core.keyword.builtin.CallTestCaseKeyword$_callTestCase_closure1.doCall(CallTestCaseKeyword.groovy:60)
	at com.kms.katalon.core.keyword.builtin.CallTestCaseKeyword$_callTestCase_closure1.call(CallTestCaseKeyword.groovy)
	at com.kms.katalon.core.keyword.internal.KeywordMain.runKeyword(KeywordMain.groovy:54)
	at com.kms.katalon.core.keyword.builtin.CallTestCaseKeyword.callTestCase(CallTestCaseKeyword.groovy:81)
	at com.kms.katalon.core.keyword.builtin.CallTestCaseKeyword.execute(CallTestCaseKeyword.groovy:45)
	at com.kms.katalon.core.keyword.internal.KeywordExecutor.executeKeywordForPlatform(KeywordExecutor.groovy:53)
	at com.kms.katalon.core.keyword.BuiltinKeywords.callTestCase(BuiltinKeywords.groovy:334)
	at sun.reflect.GeneratedMethodAccessor13.invoke(Unknown Source)
	at sun.reflect.DelegatingMethodAccessorImpl.invoke(DelegatingMethodAccessorImpl.java:43)
	at java.lang.reflect.Method.invoke(Method.java:498)
	at org.codehaus.groovy.reflection.CachedMethod.invoke(CachedMethod.java:93)
	at groovy.lang.MetaMethod.doMethodInvoke(MetaMethod.java:325)
	at groovy.lang.MetaClassImpl.invokeStaticMethod(MetaClassImpl.java:1469)
	at org.codehaus.groovy.runtime.callsite.StaticMetaClassSite.call(StaticMetaClassSite.java:53)
	at org.codehaus.groovy.runtime.callsite.CallSiteArray.defaultCall(CallSiteArray.java:48)
	at org.codehaus.groovy.runtime.callsite.AbstractCallSite.call(AbstractCallSite.java:113)
	at org.codehaus.groovy.runtime.callsite.AbstractCallSite.call(AbstractCallSite.java:141)
	at Script1536729583481.run(Script1536729583481.groovy:22)
	at com.kms.katalon.core.main.ScriptEngine.run(ScriptEngine.java:183)
	at com.kms.katalon.core.main.ScriptEngine.runScriptAsRawText(ScriptEngine.java:108)
	at com.kms.katalon.core.main.TestCaseExecutor.runScript(TestCaseExecutor.java:294)
	at com.kms.katalon.core.main.TestCaseExecutor.doExecute(TestCaseExecutor.java:285)
	at com.kms.katalon.core.main.TestCaseExecutor.processExecutionPhase(TestCaseExecutor.java:264)
	at com.kms.katalon.core.main.TestCaseExecutor.accessMainPhase(TestCaseExecutor.java:256)
	at com.kms.katalon.core.main.TestCaseExecutor.execute(TestCaseExecutor.java:200)
	at com.kms.katalon.core.main.TestSuiteExecutor.accessTestCaseMainPhase(TestSuiteExecutor.java:129)
	at com.kms.katalon.core.main.TestSuiteExecutor.accessTestSuiteMainPhase(TestSuiteExecutor.java:112)
	at com.kms.katalon.core.main.TestSuiteExecutor.execute(TestSuiteExecutor.java:81)
	at com.kms.katalon.core.main.TestCaseMain.startTestSuite(TestCaseMain.java:142)
	at com.kms.katalon.core.main.TestCaseMain$startTestSuite$0.call(Unknown Source)
	at org.codehaus.groovy.runtime.callsite.CallSiteArray.defaultCall(CallSiteArray.java:48)
	at org.codehaus.groovy.runtime.callsite.AbstractCallSite.call(AbstractCallSite.java:113)
	at org.codehaus.groovy.runtime.callsite.AbstractCallSite.call(AbstractCallSite.java:141)
	at TempTestSuite1542961507921.run(TempTestSuite1542961507921.groovy:36)
	at groovy.lang.GroovyShell.runScriptOrMainOrTestOrRunnable(GroovyShell.java:263)
	at groovy.lang.GroovyShell.run(GroovyShell.java:518)
	at groovy.lang.GroovyShell.run(GroovyShell.java:507)
	at groovy.ui.GroovyMain.processOnce(GroovyMain.java:653)
	at groovy.ui.GroovyMain.run(GroovyMain.java:384)
	at groovy.ui.GroovyMain.process(GroovyMain.java:370)
	at groovy.ui.GroovyMain.processArgs(GroovyMain.java:129)
	at groovy.ui.GroovyMain.main(GroovyMain.java:109)
	at sun.reflect.NativeMethodAccessorImpl.invoke0(Native Method)
	at sun.reflect.NativeMethodAccessorImpl.invoke(NativeMethodAccessorImpl.java:62)
	at sun.reflect.DelegatingMethodAccessorImpl.invoke(DelegatingMethodAccessorImpl.java:43)
	at java.lang.reflect.Method.invoke(Method.java:498)
	at org.codehaus.groovy.tools.GroovyStarter.rootLoader(GroovyStarter.java:109)
	at org.codehaus.groovy.tools.GroovyStarter.main(GroovyStarter.java:131)
)"/>
         <system-out><![CDATA[2018-11-23 16:40:29 - [TEST_CASE][FAILED] - Test Cases/Final Aug 2018 - PKS Automation/Registration Module/Workflow/Form 1A - Cessation As Employer/Employer to UO (Reject): Test Cases/Final Aug 2018 - PKS Automation/Registration Module/Workflow/Form 1A - Cessation As Employer/Employer to UO (Reject) FAILED because (of) (Stack trace: com.kms.katalon.core.exception.StepFailedException: Unable to click on object 'Object Repository/Final Object Repo/Page_Form 1A - Cessation As Employer/Document Type' (Root cause: org.openqa.selenium.ElementClickInterceptedException: Element <span class="select2-selection select2-selection--single"> is not clickable at point (481.7833251953125,205.23333740234375) because another element <div class="blockUI blockOverlay"> obscures it
Build info: version: '3.7.1', revision: '8a0099a', time: '2017-11-06T21:07:36.161Z'
System info: host: 'WIN7TEST02', ip: '10.20.3.72', os.name: 'Windows 7', os.arch: 'amd64', os.version: '6.1', java.version: '1.8.0_181'
Driver info: com.kms.katalon.core.webui.driver.firefox.CGeckoDriver
Capabilities {acceptInsecureCerts: true, browserName: firefox, browserVersion: 63.0.3, javascriptEnabled: true, moz:accessibilityChecks: false, moz:geckodriverVersion: 0.23.0, moz:headless: false, moz:processID: 8952, moz:profile: C:\Users\Admin\AppData\Loca..., moz:useNonSpecCompliantPointerOrigin: false, moz:webdriverClick: true, pageLoadStrategy: normal, platform: WINDOWS, platformName: WINDOWS, platformVersion: 6.1, proxy: Proxy(direct), rotatable: false, setWindowRect: true, timeouts: {implicit: 0, pageLoad: 300000, script: 30000}, unhandledPromptBehavior: dismiss and notify}
Session ID: 0d951bd4-1b06-49ce-ba44-8e8a0e0c0b7c)
	at com.kms.katalon.core.keyword.internal.KeywordMain.stepFailed(KeywordMain.groovy:32)
	at com.kms.katalon.core.webui.keyword.internal.WebUIKeywordMain.stepFailed(WebUIKeywordMain.groovy:65)
	at com.kms.katalon.core.webui.keyword.internal.WebUIKeywordMain.runKeyword(WebUIKeywordMain.groovy:27)
	at com.kms.katalon.core.webui.keyword.builtin.ClickKeyword.click(ClickKeyword.groovy:86)
	at com.kms.katalon.core.webui.keyword.builtin.ClickKeyword.execute(ClickKeyword.groovy:67)
	at com.kms.katalon.core.keyword.internal.KeywordExecutor.executeKeywordForPlatform(KeywordExecutor.groovy:53)
	at com.kms.katalon.core.webui.keyword.WebUiBuiltInKeywords.click(WebUiBuiltInKeywords.groovy:616)
	at com.kms.katalon.core.webui.keyword.WebUiBuiltInKeywords$click$2.call(Unknown Source)
	at Script1536729355807.run(Script1536729355807.groovy:121)
	at com.kms.katalon.core.main.ScriptEngine.run(ScriptEngine.java:183)
	at com.kms.katalon.core.main.ScriptEngine.runScriptAsRawText(ScriptEngine.java:108)
	at com.kms.katalon.core.main.TestCaseExecutor.runScript(TestCaseExecutor.java:294)
	at com.kms.katalon.core.main.TestCaseExecutor.doExecute(TestCaseExecutor.java:285)
	at com.kms.katalon.core.main.TestCaseExecutor.processExecutionPhase(TestCaseExecutor.java:264)
	at com.kms.katalon.core.main.TestCaseExecutor.accessMainPhase(TestCaseExecutor.java:256)
	at com.kms.katalon.core.main.TestCaseExecutor.execute(TestCaseExecutor.java:200)
	at com.kms.katalon.core.main.TestCaseMain.runTestCase(TestCaseMain.java:99)
	at com.kms.katalon.core.keyword.builtin.CallTestCaseKeyword$_callTestCase_closure1.doCall(CallTestCaseKeyword.groovy:60)
	at com.kms.katalon.core.keyword.builtin.CallTestCaseKeyword$_callTestCase_closure1.call(CallTestCaseKeyword.groovy)
	at com.kms.katalon.core.keyword.internal.KeywordMain.runKeyword(KeywordMain.groovy:54)
	at com.kms.katalon.core.keyword.builtin.CallTestCaseKeyword.callTestCase(CallTestCaseKeyword.groovy:81)
	at com.kms.katalon.core.keyword.builtin.CallTestCaseKeyword.execute(CallTestCaseKeyword.groovy:45)
	at com.kms.katalon.core.keyword.internal.KeywordExecutor.executeKeywordForPlatform(KeywordExecutor.groovy:53)
	at com.kms.katalon.core.keyword.BuiltinKeywords.callTestCase(BuiltinKeywords.groovy:334)
	at sun.reflect.GeneratedMethodAccessor13.invoke(Unknown Source)
	at sun.reflect.DelegatingMethodAccessorImpl.invoke(DelegatingMethodAccessorImpl.java:43)
	at java.lang.reflect.Method.invoke(Method.java:498)
	at org.codehaus.groovy.reflection.CachedMethod.invoke(CachedMethod.java:93)
	at groovy.lang.MetaMethod.doMethodInvoke(MetaMethod.java:325)
	at groovy.lang.MetaClassImpl.invokeStaticMethod(MetaClassImpl.java:1469)
	at org.codehaus.groovy.runtime.callsite.StaticMetaClassSite.call(StaticMetaClassSite.java:53)
	at org.codehaus.groovy.runtime.callsite.CallSiteArray.defaultCall(CallSiteArray.java:48)
	at org.codehaus.groovy.runtime.callsite.AbstractCallSite.call(AbstractCallSite.java:113)
	at org.codehaus.groovy.runtime.callsite.AbstractCallSite.call(AbstractCallSite.java:141)
	at Script1536729583481.run(Script1536729583481.groovy:22)
	at com.kms.katalon.core.main.ScriptEngine.run(ScriptEngine.java:183)
	at com.kms.katalon.core.main.ScriptEngine.runScriptAsRawText(ScriptEngine.java:108)
	at com.kms.katalon.core.main.TestCaseExecutor.runScript(TestCaseExecutor.java:294)
	at com.kms.katalon.core.main.TestCaseExecutor.doExecute(TestCaseExecutor.java:285)
	at com.kms.katalon.core.main.TestCaseExecutor.processExecutionPhase(TestCaseExecutor.java:264)
	at com.kms.katalon.core.main.TestCaseExecutor.accessMainPhase(TestCaseExecutor.java:256)
	at com.kms.katalon.core.main.TestCaseExecutor.execute(TestCaseExecutor.java:200)
	at com.kms.katalon.core.main.TestSuiteExecutor.accessTestCaseMainPhase(TestSuiteExecutor.java:129)
	at com.kms.katalon.core.main.TestSuiteExecutor.accessTestSuiteMainPhase(TestSuiteExecutor.java:112)
	at com.kms.katalon.core.main.TestSuiteExecutor.execute(TestSuiteExecutor.java:81)
	at com.kms.katalon.core.main.TestCaseMain.startTestSuite(TestCaseMain.java:142)
	at com.kms.katalon.core.main.TestCaseMain$startTestSuite$0.call(Unknown Source)
	at org.codehaus.groovy.runtime.callsite.CallSiteArray.defaultCall(CallSiteArray.java:48)
	at org.codehaus.groovy.runtime.callsite.AbstractCallSite.call(AbstractCallSite.java:113)
	at org.codehaus.groovy.runtime.callsite.AbstractCallSite.call(AbstractCallSite.java:141)
	at TempTestSuite1542961507921.run(TempTestSuite1542961507921.groovy:36)
	at groovy.lang.GroovyShell.runScriptOrMainOrTestOrRunnable(GroovyShell.java:263)
	at groovy.lang.GroovyShell.run(GroovyShell.java:518)
	at groovy.lang.GroovyShell.run(GroovyShell.java:507)
	at groovy.ui.GroovyMain.processOnce(GroovyMain.java:653)
	at groovy.ui.GroovyMain.run(GroovyMain.java:384)
	at groovy.ui.GroovyMain.process(GroovyMain.java:370)
	at groovy.ui.GroovyMain.processArgs(GroovyMain.java:129)
	at groovy.ui.GroovyMain.main(GroovyMain.java:109)
	at sun.reflect.NativeMethodAccessorImpl.invoke0(Native Method)
	at sun.reflect.NativeMethodAccessorImpl.invoke(NativeMethodAccessorImpl.java:62)
	at sun.reflect.DelegatingMethodAccessorImpl.invoke(DelegatingMethodAccessorImpl.java:43)
	at java.lang.reflect.Method.invoke(Method.java:498)
	at org.codehaus.groovy.tools.GroovyStarter.rootLoader(GroovyStarter.java:109)
	at org.codehaus.groovy.tools.GroovyStarter.main(GroovyStarter.java:131)
)

2018-11-23 16:40:29 - [TEST_STEP][FAILED] - callTestCase: Unable to call Test Case with id 'Test Cases/Final Aug 2018 - PKS Automation/Registration Module/Workflow/Form 1A - Cessation As Employer/Template/Form 1 A - Cessation As Employer (Employer)' (Root cause: Call Test Case 'Test Cases/Final Aug 2018 - PKS Automation/Registration Module/Workflow/Form 1A - Cessation As Employer/Template/Form 1 A - Cessation As Employer (Employer)' failed)

2018-11-23 16:40:29 - [TEST_CASE][FAILED] - Test Cases/Final Aug 2018 - PKS Automation/Registration Module/Workflow/Form 1A - Cessation As Employer/Template/Form 1 A - Cessation As Employer (Employer): Test Cases/Final Aug 2018 - PKS Automation/Registration Module/Workflow/Form 1A - Cessation As Employer/Template/Form 1 A - Cessation As Employer (Employer) FAILED because (of) (Stack trace: com.kms.katalon.core.exception.StepFailedException: Unable to click on object 'Object Repository/Final Object Repo/Page_Form 1A - Cessation As Employer/Document Type' (Root cause: org.openqa.selenium.ElementClickInterceptedException: Element <span class="select2-selection select2-selection--single"> is not clickable at point (481.7833251953125,205.23333740234375) because another element <div class="blockUI blockOverlay"> obscures it
Build info: version: '3.7.1', revision: '8a0099a', time: '2017-11-06T21:07:36.161Z'
System info: host: 'WIN7TEST02', ip: '10.20.3.72', os.name: 'Windows 7', os.arch: 'amd64', os.version: '6.1', java.version: '1.8.0_181'
Driver info: com.kms.katalon.core.webui.driver.firefox.CGeckoDriver
Capabilities {acceptInsecureCerts: true, browserName: firefox, browserVersion: 63.0.3, javascriptEnabled: true, moz:accessibilityChecks: false, moz:geckodriverVersion: 0.23.0, moz:headless: false, moz:processID: 8952, moz:profile: C:\Users\Admin\AppData\Loca..., moz:useNonSpecCompliantPointerOrigin: false, moz:webdriverClick: true, pageLoadStrategy: normal, platform: WINDOWS, platformName: WINDOWS, platformVersion: 6.1, proxy: Proxy(direct), rotatable: false, setWindowRect: true, timeouts: {implicit: 0, pageLoad: 300000, script: 30000}, unhandledPromptBehavior: dismiss and notify}
Session ID: 0d951bd4-1b06-49ce-ba44-8e8a0e0c0b7c)
	at com.kms.katalon.core.keyword.internal.KeywordMain.stepFailed(KeywordMain.groovy:32)
	at com.kms.katalon.core.webui.keyword.internal.WebUIKeywordMain.stepFailed(WebUIKeywordMain.groovy:65)
	at com.kms.katalon.core.webui.keyword.internal.WebUIKeywordMain.runKeyword(WebUIKeywordMain.groovy:27)
	at com.kms.katalon.core.webui.keyword.builtin.ClickKeyword.click(ClickKeyword.groovy:86)
	at com.kms.katalon.core.webui.keyword.builtin.ClickKeyword.execute(ClickKeyword.groovy:67)
	at com.kms.katalon.core.keyword.internal.KeywordExecutor.executeKeywordForPlatform(KeywordExecutor.groovy:53)
	at com.kms.katalon.core.webui.keyword.WebUiBuiltInKeywords.click(WebUiBuiltInKeywords.groovy:616)
	at com.kms.katalon.core.webui.keyword.WebUiBuiltInKeywords$click$2.call(Unknown Source)
	at Script1536729355807.run(Script1536729355807.groovy:121)
	at com.kms.katalon.core.main.ScriptEngine.run(ScriptEngine.java:183)
	at com.kms.katalon.core.main.ScriptEngine.runScriptAsRawText(ScriptEngine.java:108)
	at com.kms.katalon.core.main.TestCaseExecutor.runScript(TestCaseExecutor.java:294)
	at com.kms.katalon.core.main.TestCaseExecutor.doExecute(TestCaseExecutor.java:285)
	at com.kms.katalon.core.main.TestCaseExecutor.processExecutionPhase(TestCaseExecutor.java:264)
	at com.kms.katalon.core.main.TestCaseExecutor.accessMainPhase(TestCaseExecutor.java:256)
	at com.kms.katalon.core.main.TestCaseExecutor.execute(TestCaseExecutor.java:200)
	at com.kms.katalon.core.main.TestCaseMain.runTestCase(TestCaseMain.java:99)
	at com.kms.katalon.core.keyword.builtin.CallTestCaseKeyword$_callTestCase_closure1.doCall(CallTestCaseKeyword.groovy:60)
	at com.kms.katalon.core.keyword.builtin.CallTestCaseKeyword$_callTestCase_closure1.call(CallTestCaseKeyword.groovy)
	at com.kms.katalon.core.keyword.internal.KeywordMain.runKeyword(KeywordMain.groovy:54)
	at com.kms.katalon.core.keyword.builtin.CallTestCaseKeyword.callTestCase(CallTestCaseKeyword.groovy:81)
	at com.kms.katalon.core.keyword.builtin.CallTestCaseKeyword.execute(CallTestCaseKeyword.groovy:45)
	at com.kms.katalon.core.keyword.internal.KeywordExecutor.executeKeywordForPlatform(KeywordExecutor.groovy:53)
	at com.kms.katalon.core.keyword.BuiltinKeywords.callTestCase(BuiltinKeywords.groovy:334)
	at sun.reflect.GeneratedMethodAccessor13.invoke(Unknown Source)
	at sun.reflect.DelegatingMethodAccessorImpl.invoke(DelegatingMethodAccessorImpl.java:43)
	at java.lang.reflect.Method.invoke(Method.java:498)
	at org.codehaus.groovy.reflection.CachedMethod.invoke(CachedMethod.java:93)
	at groovy.lang.MetaMethod.doMethodInvoke(MetaMethod.java:325)
	at groovy.lang.MetaClassImpl.invokeStaticMethod(MetaClassImpl.java:1469)
	at org.codehaus.groovy.runtime.callsite.StaticMetaClassSite.call(StaticMetaClassSite.java:53)
	at org.codehaus.groovy.runtime.callsite.CallSiteArray.defaultCall(CallSiteArray.java:48)
	at org.codehaus.groovy.runtime.callsite.AbstractCallSite.call(AbstractCallSite.java:113)
	at org.codehaus.groovy.runtime.callsite.AbstractCallSite.call(AbstractCallSite.java:141)
	at Script1536729583481.run(Script1536729583481.groovy:22)
	at com.kms.katalon.core.main.ScriptEngine.run(ScriptEngine.java:183)
	at com.kms.katalon.core.main.ScriptEngine.runScriptAsRawText(ScriptEngine.java:108)
	at com.kms.katalon.core.main.TestCaseExecutor.runScript(TestCaseExecutor.java:294)
	at com.kms.katalon.core.main.TestCaseExecutor.doExecute(TestCaseExecutor.java:285)
	at com.kms.katalon.core.main.TestCaseExecutor.processExecutionPhase(TestCaseExecutor.java:264)
	at com.kms.katalon.core.main.TestCaseExecutor.accessMainPhase(TestCaseExecutor.java:256)
	at com.kms.katalon.core.main.TestCaseExecutor.execute(TestCaseExecutor.java:200)
	at com.kms.katalon.core.main.TestSuiteExecutor.accessTestCaseMainPhase(TestSuiteExecutor.java:129)
	at com.kms.katalon.core.main.TestSuiteExecutor.accessTestSuiteMainPhase(TestSuiteExecutor.java:112)
	at com.kms.katalon.core.main.TestSuiteExecutor.execute(TestSuiteExecutor.java:81)
	at com.kms.katalon.core.main.TestCaseMain.startTestSuite(TestCaseMain.java:142)
	at com.kms.katalon.core.main.TestCaseMain$startTestSuite$0.call(Unknown Source)
	at org.codehaus.groovy.runtime.callsite.CallSiteArray.defaultCall(CallSiteArray.java:48)
	at org.codehaus.groovy.runtime.callsite.AbstractCallSite.call(AbstractCallSite.java:113)
	at org.codehaus.groovy.runtime.callsite.AbstractCallSite.call(AbstractCallSite.java:141)
	at TempTestSuite1542961507921.run(TempTestSuite1542961507921.groovy:36)
	at groovy.lang.GroovyShell.runScriptOrMainOrTestOrRunnable(GroovyShell.java:263)
	at groovy.lang.GroovyShell.run(GroovyShell.java:518)
	at groovy.lang.GroovyShell.run(GroovyShell.java:507)
	at groovy.ui.GroovyMain.processOnce(GroovyMain.java:653)
	at groovy.ui.GroovyMain.run(GroovyMain.java:384)
	at groovy.ui.GroovyMain.process(GroovyMain.java:370)
	at groovy.ui.GroovyMain.processArgs(GroovyMain.java:129)
	at groovy.ui.GroovyMain.main(GroovyMain.java:109)
	at sun.reflect.NativeMethodAccessorImpl.invoke0(Native Method)
	at sun.reflect.NativeMethodAccessorImpl.invoke(NativeMethodAccessorImpl.java:62)
	at sun.reflect.DelegatingMethodAccessorImpl.invoke(DelegatingMethodAccessorImpl.java:43)
	at java.lang.reflect.Method.invoke(Method.java:498)
	at org.codehaus.groovy.tools.GroovyStarter.rootLoader(GroovyStarter.java:109)
	at org.codehaus.groovy.tools.GroovyStarter.main(GroovyStarter.java:131)
)

2018-11-23 16:40:29 - [TEST_STEP][PASSED] - callTestCase: Call Test Case 'Test Cases/Final Aug 2018 - PKS Automation/Registration Module/Workflow/Update Add New Employee/Template/New Company for Update Add New - Employer' successfully

2018-11-23 16:40:29 - [TEST_CASE][PASSED] - Test Cases/Final Aug 2018 - PKS Automation/Registration Module/Workflow/Update Add New Employee/Template/New Company for Update Add New - Employer: Test Cases/Final Aug 2018 - PKS Automation/Registration Module/Workflow/Update Add New Employee/Template/New Company for Update Add New - Employer

2018-11-23 16:40:29 - [TEST_STEP][PASSED] - callTestCase: Call Test Case 'Test Cases/Final Aug 2018 - PKS Automation/Create Employer Acc/Create Employer Account' successfully

2018-11-23 16:40:29 - [TEST_CASE][PASSED] - Test Cases/Final Aug 2018 - PKS Automation/Create Employer Acc/Create Employer Account: Test Cases/Final Aug 2018 - PKS Automation/Create Employer Acc/Create Employer Account

2018-11-23 16:40:29 - [TEST_STEP][PASSED] - callTestCase: Call Test Case 'Test Cases/Final Aug 2018 - PKS Automation/Create Employer Acc/Template/Register Employer' successfully

2018-11-23 16:40:29 - [TEST_CASE][PASSED] - Test Cases/Final Aug 2018 - PKS Automation/Create Employer Acc/Template/Register Employer: Test Cases/Final Aug 2018 - PKS Automation/Create Employer Acc/Template/Register Employer

2018-11-23 16:40:29 - [TEST_STEP][PASSED] - openBrowser: Browser is opened with url: ''

2018-11-23 16:40:29 - [MESSAGE][WARNING] - A browser is already opened. Closing browser and opening a new one

2018-11-23 16:40:34 - [MESSAGE][PASSED] - Browser is opened with url: ''

2018-11-23 16:40:34 - [TEST_STEP][PASSED] - navigateToUrl: Navigate to 'https://assist2-uat.perkeso.gov.my/login' successfully

2018-11-23 16:40:35 - [MESSAGE][PASSED] - Navigate to 'https://assist2-uat.perkeso.gov.my/login' successfully

2018-11-23 16:40:35 - [TEST_STEP][PASSED] - setText: Text 'johorotc1@gmail.com' is set on object 'Object Repository/Final Object Repo/Login Page/Internal User/Email Address'

2018-11-23 16:40:36 - [MESSAGE][PASSED] - Text 'johorotc1@gmail.com' is set on object 'Object Repository/Final Object Repo/Login Page/Internal User/Email Address'

2018-11-23 16:40:36 - [TEST_STEP][PASSED] - click: Object: 'Object Repository/Final Object Repo/Login Page/Internal User/Next Button' is clicked on

2018-11-23 16:40:36 - [MESSAGE][PASSED] - Object: 'Object Repository/Final Object Repo/Login Page/Internal User/Next Button' is clicked on

2018-11-23 16:40:36 - [TEST_STEP][PASSED] - delay: Delayed 1 second(s)

2018-11-23 16:40:37 - [MESSAGE][PASSED] - Delayed 1 second(s)

2018-11-23 16:40:37 - [TEST_STEP][PASSED] - setEncryptedText: Text ****** has been set on object 'Object Repository/Final Object Repo/Login Page/Internal User/Password'

2018-11-23 16:40:37 - [MESSAGE][PASSED] - Text ****** has been set on object 'Object Repository/Final Object Repo/Login Page/Internal User/Password'

2018-11-23 16:40:37 - [TEST_STEP][PASSED] - click: Object: 'Object Repository/Final Object Repo/Login Page/Internal User/Login Button' is clicked on

2018-11-23 16:40:39 - [MESSAGE][PASSED] - Object: 'Object Repository/Final Object Repo/Login Page/Internal User/Login Button' is clicked on

2018-11-23 16:40:39 - [TEST_STEP][PASSED] - delay: Delayed 1 second(s)

2018-11-23 16:40:40 - [MESSAGE][PASSED] - Delayed 1 second(s)

2018-11-23 16:40:40 - [TEST_STEP][PASSED] - navigateToUrl: Navigate to 'https://assist2-uat.perkeso.gov.my/web/base/portal-id/registration' successfully

2018-11-23 16:40:42 - [MESSAGE][PASSED] - Navigate to 'https://assist2-uat.perkeso.gov.my/web/base/portal-id/registration' successfully

2018-11-23 16:40:42 - [TEST_STEP][PASSED] - setText: Text 'AUTOMATION EMPLOYER' is set on object 'Object Repository/Final Object Repo/Creating Employer Account/Page_Registration - ASSIST (Base)/Employer Name'

2018-11-23 16:40:42 - [MESSAGE][PASSED] - Text 'AUTOMATION EMPLOYER' is set on object 'Object Repository/Final Object Repo/Creating Employer Account/Page_Registration - ASSIST (Base)/Employer Name'

2018-11-23 16:40:42 - [TEST_STEP][PASSED] - delay: Delayed 2 second(s)

2018-11-23 16:40:44 - [MESSAGE][PASSED] - Delayed 2 second(s)

2018-11-23 16:40:44 - [TEST_STEP][PASSED] - click: Object: 'Object Repository/Final Object Repo/Creating Employer Account/Page_Registration - ASSIST (Base)/Registration Type' is clicked on

2018-11-23 16:40:44 - [MESSAGE][PASSED] - Object: 'Object Repository/Final Object Repo/Creating Employer Account/Page_Registration - ASSIST (Base)/Registration Type' is clicked on

2018-11-23 16:40:44 - [TEST_STEP][PASSED] - delay: Delayed 2 second(s)

2018-11-23 16:40:46 - [MESSAGE][PASSED] - Delayed 2 second(s)

2018-11-23 16:40:46 - [TEST_STEP][PASSED] - click: Object: 'Object Repository/Final Object Repo/Creating Employer Account/Page_Registration - ASSIST (Base)/Registration Type - Registration No' is clicked on

2018-11-23 16:40:47 - [MESSAGE][PASSED] - Object: 'Object Repository/Final Object Repo/Creating Employer Account/Page_Registration - ASSIST (Base)/Registration Type - Registration No' is clicked on

2018-11-23 16:40:47 - [TEST_STEP][PASSED] - delay: Delayed 2 second(s)

2018-11-23 16:40:49 - [MESSAGE][PASSED] - Delayed 2 second(s)

2018-11-23 16:40:49 - [TEST_STEP][PASSED] - setText: Text '1234567890' is set on object 'Object Repository/Final Object Repo/Creating Employer Account/Page_Registration - ASSIST (Base)/Registration Number'

2018-11-23 16:40:49 - [MESSAGE][PASSED] - Text '1234567890' is set on object 'Object Repository/Final Object Repo/Creating Employer Account/Page_Registration - ASSIST (Base)/Registration Number'

2018-11-23 16:40:49 - [TEST_STEP][PASSED] - delay: Delayed 2 second(s)

2018-11-23 16:40:51 - [MESSAGE][PASSED] - Delayed 2 second(s)

2018-11-23 16:40:51 - [TEST_STEP][PASSED] - setText: Text 'ADDRESS 1' is set on object 'Object Repository/Final Object Repo/Creating Employer Account/Page_Registration - ASSIST (Base)/Postal Address 1'

2018-11-23 16:40:52 - [MESSAGE][PASSED] - Text 'ADDRESS 1' is set on object 'Object Repository/Final Object Repo/Creating Employer Account/Page_Registration - ASSIST (Base)/Postal Address 1'

2018-11-23 16:40:52 - [TEST_STEP][PASSED] - setText: Text 'ADDRESS 2' is set on object 'Object Repository/Final Object Repo/Creating Employer Account/Page_Registration - ASSIST (Base)/Postal Address 2'

2018-11-23 16:40:52 - [MESSAGE][PASSED] - Text 'ADDRESS 2' is set on object 'Object Repository/Final Object Repo/Creating Employer Account/Page_Registration - ASSIST (Base)/Postal Address 2'

2018-11-23 16:40:52 - [TEST_STEP][PASSED] - click: Object: 'Object Repository/Final Object Repo/Creating Employer Account/Page_Registration - ASSIST (Base)/State' is clicked on

2018-11-23 16:40:52 - [MESSAGE][PASSED] - Object: 'Object Repository/Final Object Repo/Creating Employer Account/Page_Registration - ASSIST (Base)/State' is clicked on

2018-11-23 16:40:52 - [TEST_STEP][PASSED] - delay: Delayed 2 second(s)

2018-11-23 16:40:54 - [MESSAGE][PASSED] - Delayed 2 second(s)

2018-11-23 16:40:54 - [TEST_STEP][PASSED] - click: Object: 'Object Repository/Final Object Repo/Creating Employer Account/Page_Registration - ASSIST (Base)/State - Johor' is clicked on

2018-11-23 16:40:55 - [MESSAGE][PASSED] - Object: 'Object Repository/Final Object Repo/Creating Employer Account/Page_Registration - ASSIST (Base)/State - Johor' is clicked on

2018-11-23 16:40:55 - [TEST_STEP][PASSED] - delay: Delayed 2 second(s)

2018-11-23 16:40:57 - [MESSAGE][PASSED] - Delayed 2 second(s)

2018-11-23 16:40:57 - [TEST_STEP][PASSED] - click: Object: 'Object Repository/Final Object Repo/Creating Employer Account/Page_Registration - ASSIST (Base)/City' is clicked on

2018-11-23 16:40:57 - [MESSAGE][PASSED] - Object: 'Object Repository/Final Object Repo/Creating Employer Account/Page_Registration - ASSIST (Base)/City' is clicked on

2018-11-23 16:40:57 - [TEST_STEP][PASSED] - delay: Delayed 2 second(s)

2018-11-23 16:40:59 - [MESSAGE][PASSED] - Delayed 2 second(s)

2018-11-23 16:40:59 - [TEST_STEP][PASSED] - setText: Text 'joh' is set on object 'Object Repository/Final Object Repo/Creating Employer Account/Page_Registration - ASSIST (Base)/City - joh'

2018-11-23 16:41:00 - [MESSAGE][PASSED] - Text 'joh' is set on object 'Object Repository/Final Object Repo/Creating Employer Account/Page_Registration - ASSIST (Base)/City - joh'

2018-11-23 16:41:00 - [TEST_STEP][PASSED] - delay: Delayed 2 second(s)

2018-11-23 16:41:02 - [MESSAGE][PASSED] - Delayed 2 second(s)

2018-11-23 16:41:02 - [TEST_STEP][PASSED] - click: Object: 'Object Repository/Final Object Repo/Creating Employer Account/Page_Registration - ASSIST (Base)/City - Johor Bharu' is clicked on

2018-11-23 16:41:02 - [MESSAGE][PASSED] - Object: 'Object Repository/Final Object Repo/Creating Employer Account/Page_Registration - ASSIST (Base)/City - Johor Bharu' is clicked on

2018-11-23 16:41:02 - [TEST_STEP][PASSED] - delay: Delayed 2 second(s)

2018-11-23 16:41:04 - [MESSAGE][PASSED] - Delayed 2 second(s)

2018-11-23 16:41:04 - [TEST_STEP][PASSED] - click: Object: 'Object Repository/Final Object Repo/Creating Employer Account/Page_Registration - ASSIST (Base)/Post Code' is clicked on

2018-11-23 16:41:05 - [MESSAGE][PASSED] - Object: 'Object Repository/Final Object Repo/Creating Employer Account/Page_Registration - ASSIST (Base)/Post Code' is clicked on

2018-11-23 16:41:05 - [TEST_STEP][PASSED] - delay: Delayed 2 second(s)

2018-11-23 16:41:07 - [MESSAGE][PASSED] - Delayed 2 second(s)

2018-11-23 16:41:07 - [TEST_STEP][PASSED] - setText: Text '810' is set on object 'Object Repository/Final Object Repo/Creating Employer Account/Page_Registration - ASSIST (Base)/Post Code - 810'

2018-11-23 16:41:07 - [MESSAGE][PASSED] - Text '810' is set on object 'Object Repository/Final Object Repo/Creating Employer Account/Page_Registration - ASSIST (Base)/Post Code - 810'

2018-11-23 16:41:07 - [TEST_STEP][PASSED] - delay: Delayed 2 second(s)

2018-11-23 16:41:09 - [MESSAGE][PASSED] - Delayed 2 second(s)

2018-11-23 16:41:09 - [TEST_STEP][PASSED] - click: Object: 'Object Repository/Final Object Repo/Creating Employer Account/Page_Registration - ASSIST (Base)/Post Code - 81000' is clicked on

2018-11-23 16:41:10 - [MESSAGE][PASSED] - Object: 'Object Repository/Final Object Repo/Creating Employer Account/Page_Registration - ASSIST (Base)/Post Code - 81000' is clicked on

2018-11-23 16:41:10 - [TEST_STEP][PASSED] - delay: Delayed 2 second(s)

2018-11-23 16:41:12 - [MESSAGE][PASSED] - Delayed 2 second(s)

2018-11-23 16:41:12 - [TEST_STEP][PASSED] - setText: Text 'PERKESO' is set on object 'Object Repository/Final Object Repo/Creating Employer Account/Page_Registration - ASSIST (Base)/Full Name'

2018-11-23 16:41:12 - [MESSAGE][PASSED] - Text 'PERKESO' is set on object 'Object Repository/Final Object Repo/Creating Employer Account/Page_Registration - ASSIST (Base)/Full Name'

2018-11-23 16:41:12 - [TEST_STEP][PASSED] - Statement - rnd = new java.util.Random(): null

2018-11-23 16:41:12 - [TEST_STEP][PASSED] - Statement - snum = rnd.nextInt(899999 + 1) + 100000: null

2018-11-23 16:41:12 - [TEST_STEP][PASSED] - Statement - tnum = rnd.nextInt(899999 + 1) + 100000: null

2018-11-23 16:41:12 - [TEST_STEP][PASSED] - Statement - IC = java.lang.Integer.toString(snum) + java.lang.Integer.toString(tnum): null

2018-11-23 16:41:12 - [TEST_STEP][PASSED] - Statement - out.println(IC): null

2018-11-23 16:41:12 - [TEST_STEP][PASSED] - setText: Text '555398208738' is set on object 'Object Repository/Final Object Repo/Creating Employer Account/Page_Registration - ASSIST (Base)/Identification Number'

2018-11-23 16:41:12 - [MESSAGE][PASSED] - Text '555398208738' is set on object 'Object Repository/Final Object Repo/Creating Employer Account/Page_Registration - ASSIST (Base)/Identification Number'

2018-11-23 16:41:12 - [TEST_STEP][PASSED] - delay: Delayed 2 second(s)

2018-11-23 16:41:14 - [MESSAGE][PASSED] - Delayed 2 second(s)

2018-11-23 16:41:14 - [TEST_STEP][PASSED] - setText: Text '123456789012' is set on object 'Object Repository/Final Object Repo/Creating Employer Account/Page_Registration - ASSIST (Base)/Contact Number'

2018-11-23 16:41:14 - [MESSAGE][PASSED] - Text '123456789012' is set on object 'Object Repository/Final Object Repo/Creating Employer Account/Page_Registration - ASSIST (Base)/Contact Number'

2018-11-23 16:41:14 - [TEST_STEP][PASSED] - Statement - Email = "perkeso" + IC + "@gmail.com": null

2018-11-23 16:41:14 - [TEST_STEP][PASSED] - delay: Delayed 2 second(s)

2018-11-23 16:41:16 - [MESSAGE][PASSED] - Delayed 2 second(s)

2018-11-23 16:41:16 - [TEST_STEP][PASSED] - callTestCase: Call Test Case 'Test Cases/Final Aug 2018 - PKS Automation/Create Employer Acc/Template/Employer Email Settler' successfully

2018-11-23 16:41:16 - [TEST_CASE][PASSED] - Test Cases/Final Aug 2018 - PKS Automation/Create Employer Acc/Template/Employer Email Settler: Test Cases/Final Aug 2018 - PKS Automation/Create Employer Acc/Template/Employer Email Settler

2018-11-23 16:41:16 - [TEST_STEP][PASSED] - Statement - EmpEmailOld = new java.io.File(C://Users//Admin//Desktop//PKS//Automation Reference Point//EmpEmail.txt): null

2018-11-23 16:41:16 - [TEST_STEP][PASSED] - Statement - EmpEmailOld.delete(): null

2018-11-23 16:41:16 - [TEST_STEP][PASSED] - Statement - EmpEmail = new java.io.File(C://Users//Admin//Desktop//PKS//Automation Reference Point//EmpEmail.txt): null

2018-11-23 16:41:16 - [TEST_STEP][PASSED] - Statement - EmpEmail.append(Email): null

2018-11-23 16:41:16 - [TEST_STEP][PASSED] - Statement - out.println(Email): null

2018-11-23 16:41:16 - [MESSAGE][PASSED] - Call Test Case 'Test Cases/Final Aug 2018 - PKS Automation/Create Employer Acc/Template/Employer Email Settler' successfully

2018-11-23 16:41:16 - [TEST_STEP][PASSED] - delay: Delayed 2 second(s)

2018-11-23 16:41:18 - [MESSAGE][PASSED] - Delayed 2 second(s)

2018-11-23 16:41:18 - [TEST_STEP][PASSED] - setText: Text 'perkeso555398208738@gmail.com' is set on object 'Object Repository/Final Object Repo/Creating Employer Account/Page_Registration - ASSIST (Base)/Email'

2018-11-23 16:41:18 - [MESSAGE][PASSED] - Text 'perkeso555398208738@gmail.com' is set on object 'Object Repository/Final Object Repo/Creating Employer Account/Page_Registration - ASSIST (Base)/Email'

2018-11-23 16:41:18 - [TEST_STEP][PASSED] - setText: Text '123' is set on object 'Object Repository/Final Object Repo/Creating Employer Account/Page_Registration - ASSIST (Base)/Security Phase'

2018-11-23 16:41:18 - [MESSAGE][PASSED] - Text '123' is set on object 'Object Repository/Final Object Repo/Creating Employer Account/Page_Registration - ASSIST (Base)/Security Phase'

2018-11-23 16:41:18 - [TEST_STEP][PASSED] - click: Object: 'Object Repository/Final Object Repo/Creating Employer Account/Page_Registration - ASSIST (Base)/Save  Continue' is clicked on

2018-11-23 16:41:20 - [MESSAGE][PASSED] - Object: 'Object Repository/Final Object Repo/Creating Employer Account/Page_Registration - ASSIST (Base)/Save  Continue' is clicked on

2018-11-23 16:41:20 - [TEST_STEP][PASSED] - delay: Delayed 2 second(s)

2018-11-23 16:41:22 - [MESSAGE][PASSED] - Delayed 2 second(s)

2018-11-23 16:41:22 - [TEST_STEP][PASSED] - click: Object: 'Object Repository/Final Object Repo/Creating Employer Account/Page_Registration - ASSIST (Base)/Add Document' is clicked on

2018-11-23 16:41:23 - [MESSAGE][PASSED] - Object: 'Object Repository/Final Object Repo/Creating Employer Account/Page_Registration - ASSIST (Base)/Add Document' is clicked on

2018-11-23 16:41:23 - [TEST_STEP][PASSED] - delay: Delayed 2 second(s)

2018-11-23 16:41:25 - [MESSAGE][PASSED] - Delayed 2 second(s)

2018-11-23 16:41:25 - [TEST_STEP][PASSED] - click: Object: 'Object Repository/Final Object Repo/Creating Employer Account/Page_Registration - ASSIST (Base)/Document Type' is clicked on

2018-11-23 16:41:25 - [MESSAGE][PASSED] - Object: 'Object Repository/Final Object Repo/Creating Employer Account/Page_Registration - ASSIST (Base)/Document Type' is clicked on

2018-11-23 16:41:25 - [TEST_STEP][PASSED] - delay: Delayed 2 second(s)

2018-11-23 16:41:27 - [MESSAGE][PASSED] - Delayed 2 second(s)

2018-11-23 16:41:27 - [TEST_STEP][PASSED] - click: Object: 'Object Repository/Final Object Repo/Creating Employer Account/Page_Registration - ASSIST (Base)/Document Type - Letter of Authorization' is clicked on

2018-11-23 16:41:28 - [MESSAGE][PASSED] - Object: 'Object Repository/Final Object Repo/Creating Employer Account/Page_Registration - ASSIST (Base)/Document Type - Letter of Authorization' is clicked on

2018-11-23 16:41:28 - [TEST_STEP][PASSED] - delay: Delayed 2 second(s)

2018-11-23 16:41:30 - [MESSAGE][PASSED] - Delayed 2 second(s)

2018-11-23 16:41:30 - [TEST_STEP][PASSED] - sendKeys: Keys 'C:\Users\Public\Pictures\Sample Pictures\Koala.jpg' sent to object: 'Object Repository/Final Object Repo/Creating Employer Account/Page_Registration - ASSIST (Base)/Uploading File'

2018-11-23 16:41:30 - [MESSAGE][PASSED] - Keys 'C:\Users\Public\Pictures\Sample Pictures\Koala.jpg' sent to object: 'Object Repository/Final Object Repo/Creating Employer Account/Page_Registration - ASSIST (Base)/Uploading File'

2018-11-23 16:41:30 - [TEST_STEP][PASSED] - delay: Delayed 2 second(s)

2018-11-23 16:41:32 - [MESSAGE][PASSED] - Delayed 2 second(s)

2018-11-23 16:41:32 - [TEST_STEP][PASSED] - click: Object: 'Object Repository/Final Object Repo/Creating Employer Account/Page_Registration - ASSIST (Base)/Add Document in Uploading File' is clicked on

2018-11-23 16:41:34 - [MESSAGE][PASSED] - Object: 'Object Repository/Final Object Repo/Creating Employer Account/Page_Registration - ASSIST (Base)/Add Document in Uploading File' is clicked on

2018-11-23 16:41:34 - [TEST_STEP][PASSED] - delay: Delayed 2 second(s)

2018-11-23 16:41:36 - [MESSAGE][PASSED] - Delayed 2 second(s)

2018-11-23 16:41:36 - [TEST_STEP][PASSED] - click: Object: 'Object Repository/Final Object Repo/Creating Employer Account/Page_Registration - ASSIST (Base)/Save' is clicked on

2018-11-23 16:41:38 - [MESSAGE][PASSED] - Object: 'Object Repository/Final Object Repo/Creating Employer Account/Page_Registration - ASSIST (Base)/Save' is clicked on

2018-11-23 16:41:38 - [TEST_STEP][PASSED] - delay: Delayed 2 second(s)

2018-11-23 16:41:40 - [MESSAGE][PASSED] - Delayed 2 second(s)

2018-11-23 16:41:40 - [TEST_STEP][PASSED] - click: Object: 'Object Repository/Final Object Repo/Creating Employer Account/Page_Registration - ASSIST (Base)/Submit' is clicked on

2018-11-23 16:41:40 - [MESSAGE][PASSED] - Object: 'Object Repository/Final Object Repo/Creating Employer Account/Page_Registration - ASSIST (Base)/Submit' is clicked on

2018-11-23 16:41:40 - [TEST_STEP][PASSED] - delay: Delayed 2 second(s)

2018-11-23 16:41:42 - [MESSAGE][PASSED] - Delayed 2 second(s)

2018-11-23 16:41:42 - [TEST_STEP][PASSED] - click: Object: 'Object Repository/Final Object Repo/Creating Employer Account/Page_Registration - ASSIST (Base)/Confirm' is clicked on

2018-11-23 16:41:45 - [MESSAGE][PASSED] - Object: 'Object Repository/Final Object Repo/Creating Employer Account/Page_Registration - ASSIST (Base)/Confirm' is clicked on

2018-11-23 16:41:45 - [MESSAGE][PASSED] - Call Test Case 'Test Cases/Final Aug 2018 - PKS Automation/Create Employer Acc/Template/Register Employer' successfully

2018-11-23 16:41:45 - [TEST_STEP][PASSED] - delay: Delayed 1 second(s)

2018-11-23 16:41:46 - [MESSAGE][PASSED] - Delayed 1 second(s)

2018-11-23 16:41:46 - [TEST_STEP][PASSED] - navigateToUrl: Navigate to 'https://assist2-uat.perkeso.gov.my/c/portal/logout' successfully

2018-11-23 16:41:47 - [MESSAGE][PASSED] - Navigate to 'https://assist2-uat.perkeso.gov.my/c/portal/logout' successfully

2018-11-23 16:41:47 - [TEST_STEP][PASSED] - delay: Delayed 1 second(s)

2018-11-23 16:41:48 - [MESSAGE][PASSED] - Delayed 1 second(s)

2018-11-23 16:41:48 - [TEST_STEP][PASSED] - callTestCase: Call Test Case 'Test Cases/Final Aug 2018 - PKS Automation/Create Employer Acc/Template/Change Password of Employer' successfully

2018-11-23 16:41:48 - [TEST_CASE][PASSED] - Test Cases/Final Aug 2018 - PKS Automation/Create Employer Acc/Template/Change Password of Employer: Test Cases/Final Aug 2018 - PKS Automation/Create Employer Acc/Template/Change Password of Employer

2018-11-23 16:41:48 - [TEST_STEP][PASSED] - openBrowser: Browser is opened with url: ''

2018-11-23 16:41:48 - [MESSAGE][WARNING] - A browser is already opened. Closing browser and opening a new one

2018-11-23 16:41:53 - [MESSAGE][PASSED] - Browser is opened with url: ''

2018-11-23 16:41:53 - [TEST_STEP][PASSED] - navigateToUrl: Navigate to 'https://assist2-uat.perkeso.gov.my/login' successfully

2018-11-23 16:41:54 - [MESSAGE][PASSED] - Navigate to 'https://assist2-uat.perkeso.gov.my/login' successfully

2018-11-23 16:41:54 - [TEST_STEP][PASSED] - delay: Delayed 5 second(s)

2018-11-23 16:41:59 - [MESSAGE][PASSED] - Delayed 5 second(s)

2018-11-23 16:41:59 - [TEST_STEP][PASSED] - setText: Text 'test@liferay.com' is set on object 'Object Repository/Final Object Repo/Login Page/Internal User/Email Address'

2018-11-23 16:41:59 - [MESSAGE][PASSED] - Text 'test@liferay.com' is set on object 'Object Repository/Final Object Repo/Login Page/Internal User/Email Address'

2018-11-23 16:41:59 - [TEST_STEP][PASSED] - click: Object: 'Object Repository/Final Object Repo/Login Page/Internal User/Next Button' is clicked on

2018-11-23 16:42:00 - [MESSAGE][PASSED] - Object: 'Object Repository/Final Object Repo/Login Page/Internal User/Next Button' is clicked on

2018-11-23 16:42:00 - [TEST_STEP][PASSED] - delay: Delayed 2 second(s)

2018-11-23 16:42:02 - [MESSAGE][PASSED] - Delayed 2 second(s)

2018-11-23 16:42:02 - [TEST_STEP][PASSED] - setText: Text 'test' is set on object 'Object Repository/Final Object Repo/Login Page/Internal User/Password'

2018-11-23 16:42:02 - [MESSAGE][PASSED] - Text 'test' is set on object 'Object Repository/Final Object Repo/Login Page/Internal User/Password'

2018-11-23 16:42:02 - [TEST_STEP][PASSED] - delay: Delayed 2 second(s)

2018-11-23 16:42:04 - [MESSAGE][PASSED] - Delayed 2 second(s)

2018-11-23 16:42:04 - [TEST_STEP][PASSED] - click: Object: 'Object Repository/Final Object Repo/Login Page/Internal User/Login Button' is clicked on

2018-11-23 16:42:06 - [MESSAGE][PASSED] - Object: 'Object Repository/Final Object Repo/Login Page/Internal User/Login Button' is clicked on

2018-11-23 16:42:06 - [TEST_STEP][PASSED] - delay: Delayed 3 second(s)

2018-11-23 16:42:09 - [MESSAGE][PASSED] - Delayed 3 second(s)

2018-11-23 16:42:09 - [TEST_STEP][PASSED] - navigateToUrl: Navigate to 'https://assist2-uat.perkeso.gov.my/group/control_panel/manage?p_p_id=125&p_p_lifecycle=0&p_p_state=maximized&p_p_mode=view&refererPlid=20455&_125_usersListView=flat-users&_125_toolbarItem=view-all-users&_125_saveUsersListView=true&_125_struts_action=%2Fusers_admin%2Fview' successfully

2018-11-23 16:42:11 - [MESSAGE][PASSED] - Navigate to 'https://assist2-uat.perkeso.gov.my/group/control_panel/manage?p_p_id=125&p_p_lifecycle=0&p_p_state=maximized&p_p_mode=view&refererPlid=20455&_125_usersListView=flat-users&_125_toolbarItem=view-all-users&_125_saveUsersListView=true&_125_struts_action=%2Fusers_admin%2Fview' successfully

2018-11-23 16:42:11 - [TEST_STEP][PASSED] - delay: Delayed 3 second(s)

2018-11-23 16:42:14 - [MESSAGE][PASSED] - Delayed 3 second(s)

2018-11-23 16:42:14 - [TEST_STEP][PASSED] - setText: Text 'perkeso555398208738@gmail.com' is set on object 'Object Repository/Final Object Repo/Creating Employer Account/Page_Users and Organizations - ASSIST/Employer name'

2018-11-23 16:42:15 - [MESSAGE][PASSED] - Text 'perkeso555398208738@gmail.com' is set on object 'Object Repository/Final Object Repo/Creating Employer Account/Page_Users and Organizations - ASSIST/Employer name'

2018-11-23 16:42:15 - [TEST_STEP][PASSED] - delay: Delayed 3 second(s)

2018-11-23 16:42:18 - [MESSAGE][PASSED] - Delayed 3 second(s)

2018-11-23 16:42:18 - [TEST_STEP][PASSED] - click: Object: 'Object Repository/Final Object Repo/Creating Employer Account/Page_Users and Organizations - ASSIST/Search' is clicked on

2018-11-23 16:42:19 - [MESSAGE][PASSED] - Object: 'Object Repository/Final Object Repo/Creating Employer Account/Page_Users and Organizations - ASSIST/Search' is clicked on

2018-11-23 16:42:19 - [TEST_STEP][PASSED] - delay: Delayed 3 second(s)

2018-11-23 16:42:22 - [MESSAGE][PASSED] - Delayed 3 second(s)

2018-11-23 16:42:22 - [TEST_STEP][PASSED] - click: Object: 'Object Repository/Final Object Repo/Creating Employer Account/Page_Users and Organizations - ASSIST/Action' is clicked on

2018-11-23 16:42:22 - [MESSAGE][PASSED] - Object: 'Object Repository/Final Object Repo/Creating Employer Account/Page_Users and Organizations - ASSIST/Action' is clicked on

2018-11-23 16:42:22 - [TEST_STEP][PASSED] - delay: Delayed 3 second(s)

2018-11-23 16:42:25 - [MESSAGE][PASSED] - Delayed 3 second(s)

2018-11-23 16:42:25 - [TEST_STEP][PASSED] - click: Object: 'Object Repository/Final Object Repo/Creating Employer Account/Page_Users and Organizations - ASSIST/Edit' is clicked on

2018-11-23 16:42:27 - [MESSAGE][PASSED] - Object: 'Object Repository/Final Object Repo/Creating Employer Account/Page_Users and Organizations - ASSIST/Edit' is clicked on

2018-11-23 16:42:27 - [TEST_STEP][PASSED] - delay: Delayed 3 second(s)

2018-11-23 16:42:30 - [MESSAGE][PASSED] - Delayed 3 second(s)

2018-11-23 16:42:30 - [TEST_STEP][PASSED] - click: Object: 'Object Repository/Final Object Repo/Creating Employer Account/Page_PERKESO - Users and Organizati/a_Password (Modified)' is clicked on

2018-11-23 16:42:30 - [MESSAGE][PASSED] - Object: 'Object Repository/Final Object Repo/Creating Employer Account/Page_PERKESO - Users and Organizati/a_Password (Modified)' is clicked on

2018-11-23 16:42:30 - [TEST_STEP][PASSED] - delay: Delayed 3 second(s)

2018-11-23 16:42:33 - [MESSAGE][PASSED] - Delayed 3 second(s)

2018-11-23 16:42:33 - [TEST_STEP][PASSED] - setEncryptedText: Text ****** has been set on object 'Object Repository/Final Object Repo/Creating Employer Account/Page_PERKESO - Users and Organizati/input__125_password1'

2018-11-23 16:42:33 - [MESSAGE][PASSED] - Text ****** has been set on object 'Object Repository/Final Object Repo/Creating Employer Account/Page_PERKESO - Users and Organizati/input__125_password1'

2018-11-23 16:42:33 - [TEST_STEP][PASSED] - delay: Delayed 3 second(s)

2018-11-23 16:42:36 - [MESSAGE][PASSED] - Delayed 3 second(s)

2018-11-23 16:42:36 - [TEST_STEP][PASSED] - setEncryptedText: Text ****** has been set on object 'Object Repository/Final Object Repo/Creating Employer Account/Page_PERKESO - Users and Organizati/input__125_password2'

2018-11-23 16:42:37 - [MESSAGE][PASSED] - Text ****** has been set on object 'Object Repository/Final Object Repo/Creating Employer Account/Page_PERKESO - Users and Organizati/input__125_password2'

2018-11-23 16:42:37 - [TEST_STEP][PASSED] - delay: Delayed 3 second(s)

2018-11-23 16:42:40 - [MESSAGE][PASSED] - Delayed 3 second(s)

2018-11-23 16:42:40 - [TEST_STEP][PASSED] - click: Object: 'Object Repository/Final Object Repo/Creating Employer Account/Page_PERKESO - Users and Organizati/Save' is clicked on

2018-11-23 16:42:41 - [MESSAGE][PASSED] - Object: 'Object Repository/Final Object Repo/Creating Employer Account/Page_PERKESO - Users and Organizati/Save' is clicked on

2018-11-23 16:42:41 - [MESSAGE][PASSED] - Call Test Case 'Test Cases/Final Aug 2018 - PKS Automation/Create Employer Acc/Template/Change Password of Employer' successfully

2018-11-23 16:42:41 - [TEST_STEP][PASSED] - delay: Delayed 1 second(s)

2018-11-23 16:42:42 - [MESSAGE][PASSED] - Delayed 1 second(s)

2018-11-23 16:42:42 - [TEST_STEP][PASSED] - navigateToUrl: Navigate to 'https://assist2-uat.perkeso.gov.my/c/portal/logout' successfully

2018-11-23 16:42:43 - [MESSAGE][PASSED] - Navigate to 'https://assist2-uat.perkeso.gov.my/c/portal/logout' successfully

2018-11-23 16:42:43 - [TEST_STEP][PASSED] - delay: Delayed 1 second(s)

2018-11-23 16:42:44 - [MESSAGE][PASSED] - Delayed 1 second(s)

2018-11-23 16:42:44 - [TEST_STEP][PASSED] - callTestCase: Call Test Case 'Test Cases/Final Aug 2018 - PKS Automation/Create Employer Acc/Template/Login to Employer Account (First Time)' successfully

2018-11-23 16:42:44 - [TEST_CASE][PASSED] - Test Cases/Final Aug 2018 - PKS Automation/Create Employer Acc/Template/Login to Employer Account (First Time): Test Cases/Final Aug 2018 - PKS Automation/Create Employer Acc/Template/Login to Employer Account (First Time)

2018-11-23 16:42:45 - [TEST_STEP][PASSED] - openBrowser: Browser is opened with url: ''

2018-11-23 16:42:45 - [MESSAGE][WARNING] - A browser is already opened. Closing browser and opening a new one

2018-11-23 16:42:50 - [MESSAGE][PASSED] - Browser is opened with url: ''

2018-11-23 16:42:50 - [TEST_STEP][PASSED] - navigateToUrl: Navigate to 'https://assist2-uat.perkeso.gov.my/employer/login' successfully

2018-11-23 16:42:51 - [MESSAGE][PASSED] - Navigate to 'https://assist2-uat.perkeso.gov.my/employer/login' successfully

2018-11-23 16:42:51 - [TEST_STEP][PASSED] - delay: Delayed 3 second(s)

2018-11-23 16:42:54 - [MESSAGE][PASSED] - Delayed 3 second(s)

2018-11-23 16:42:54 - [TEST_STEP][PASSED] - callTestCase: Call Test Case 'Test Cases/Final Aug 2018 - PKS Automation/Create Employer Acc/Template/Employer Email Getter' successfully

2018-11-23 16:42:54 - [TEST_CASE][PASSED] - Test Cases/Final Aug 2018 - PKS Automation/Create Employer Acc/Template/Employer Email Getter: Test Cases/Final Aug 2018 - PKS Automation/Create Employer Acc/Template/Employer Email Getter

2018-11-23 16:42:54 - [TEST_STEP][PASSED] - Statement - Try: null

2018-11-23 16:42:54 - [TEST_STEP][PASSED] - Statement - EmpEmail = new java.io.File(C://Users//Admin//Desktop//PKS//Automation Reference Point//EmpEmail.txt): null

2018-11-23 16:42:54 - [TEST_STEP][PASSED] - Statement - bufferread = new java.io.BufferedReader(new java.io.FileReader(EmpEmail)): null

2018-11-23 16:42:54 - [TEST_STEP][PASSED] - Statement - readedVal = bufferread.readLine(): null

2018-11-23 16:42:54 - [TEST_STEP][PASSED] - Statement - out.println(readedVal): null

2018-11-23 16:42:54 - [TEST_STEP][PASSED] - Statement - Email = readedVal: null

2018-11-23 16:42:54 - [MESSAGE][PASSED] - Call Test Case 'Test Cases/Final Aug 2018 - PKS Automation/Create Employer Acc/Template/Employer Email Getter' successfully

2018-11-23 16:42:54 - [TEST_STEP][PASSED] - setText: Text 'perkeso555398208738@gmail.com' is set on object 'Object Repository/Final Object Repo/Login Page/External Login Page/Email'

2018-11-23 16:42:54 - [MESSAGE][PASSED] - Text 'perkeso555398208738@gmail.com' is set on object 'Object Repository/Final Object Repo/Login Page/External Login Page/Email'

2018-11-23 16:42:54 - [TEST_STEP][PASSED] - click: Object: 'Object Repository/Final Object Repo/Login Page/External Login Page/Next' is clicked on

2018-11-23 16:42:55 - [MESSAGE][PASSED] - Object: 'Object Repository/Final Object Repo/Login Page/External Login Page/Next' is clicked on

2018-11-23 16:42:55 - [TEST_STEP][PASSED] - delay: Delayed 3 second(s)

2018-11-23 16:42:58 - [MESSAGE][PASSED] - Delayed 3 second(s)

2018-11-23 16:42:58 - [TEST_STEP][PASSED] - setEncryptedText: Text ****** has been set on object 'Object Repository/Final Object Repo/Login Page/External Login Page/Password'

2018-11-23 16:42:58 - [MESSAGE][PASSED] - Text ****** has been set on object 'Object Repository/Final Object Repo/Login Page/External Login Page/Password'

2018-11-23 16:42:58 - [TEST_STEP][PASSED] - click: Object: 'Object Repository/Final Object Repo/Login Page/External Login Page/Login' is clicked on

2018-11-23 16:43:00 - [MESSAGE][PASSED] - Object: 'Object Repository/Final Object Repo/Login Page/External Login Page/Login' is clicked on

2018-11-23 16:43:00 - [TEST_STEP][PASSED] - delay: Delayed 3 second(s)

2018-11-23 16:43:03 - [MESSAGE][PASSED] - Delayed 3 second(s)

2018-11-23 16:43:03 - [TEST_STEP][PASSED] - click: Object: 'Object Repository/Final Object Repo/Creating Employer Account/Page_Terms of Use - ASSIST/button_I Agree' is clicked on

2018-11-23 16:43:05 - [MESSAGE][PASSED] - Object: 'Object Repository/Final Object Repo/Creating Employer Account/Page_Terms of Use - ASSIST/button_I Agree' is clicked on

2018-11-23 16:43:05 - [TEST_STEP][PASSED] - delay: Delayed 2 second(s)

2018-11-23 16:43:07 - [MESSAGE][PASSED] - Delayed 2 second(s)

2018-11-23 16:43:07 - [TEST_STEP][PASSED] - setEncryptedText: Text ****** has been set on object 'Object Repository/Final Object Repo/Creating Employer Account/Page_New Password - ASSIST/input_password1'

2018-11-23 16:43:07 - [MESSAGE][PASSED] - Text ****** has been set on object 'Object Repository/Final Object Repo/Creating Employer Account/Page_New Password - ASSIST/input_password1'

2018-11-23 16:43:07 - [TEST_STEP][PASSED] - setEncryptedText: Text ****** has been set on object 'Object Repository/Final Object Repo/Creating Employer Account/Page_New Password - ASSIST/input_password2'

2018-11-23 16:43:07 - [MESSAGE][PASSED] - Text ****** has been set on object 'Object Repository/Final Object Repo/Creating Employer Account/Page_New Password - ASSIST/input_password2'

2018-11-23 16:43:07 - [TEST_STEP][PASSED] - delay: Delayed 2 second(s)

2018-11-23 16:43:09 - [MESSAGE][PASSED] - Delayed 2 second(s)

2018-11-23 16:43:09 - [TEST_STEP][PASSED] - click: Object: 'Object Repository/Final Object Repo/Creating Employer Account/Page_New Password - ASSIST/Save' is clicked on

2018-11-23 16:43:11 - [MESSAGE][PASSED] - Object: 'Object Repository/Final Object Repo/Creating Employer Account/Page_New Password - ASSIST/Save' is clicked on

2018-11-23 16:43:11 - [TEST_STEP][PASSED] - delay: Delayed 2 second(s)

2018-11-23 16:43:13 - [MESSAGE][PASSED] - Delayed 2 second(s)

2018-11-23 16:43:13 - [TEST_STEP][PASSED] - setText: Text 'test' is set on object 'Object Repository/Final Object Repo/Creating Employer Account/Page_Password Reminder - ASSIST/Reminder Query Answer'

2018-11-23 16:43:13 - [MESSAGE][PASSED] - Text 'test' is set on object 'Object Repository/Final Object Repo/Creating Employer Account/Page_Password Reminder - ASSIST/Reminder Query Answer'

2018-11-23 16:43:13 - [TEST_STEP][PASSED] - delay: Delayed 2 second(s)

2018-11-23 16:43:15 - [MESSAGE][PASSED] - Delayed 2 second(s)

2018-11-23 16:43:15 - [TEST_STEP][PASSED] - doubleClick: Object: 'Object Repository/Final Object Repo/Creating Employer Account/Page_Password Reminder - ASSIST/Save' is double clicked on

2018-11-23 16:43:15 - [MESSAGE][PASSED] - Object: 'Object Repository/Final Object Repo/Creating Employer Account/Page_Password Reminder - ASSIST/Save' is double clicked on

2018-11-23 16:43:15 - [MESSAGE][PASSED] - Call Test Case 'Test Cases/Final Aug 2018 - PKS Automation/Create Employer Acc/Template/Login to Employer Account (First Time)' successfully

2018-11-23 16:43:15 - [MESSAGE][PASSED] - Call Test Case 'Test Cases/Final Aug 2018 - PKS Automation/Create Employer Acc/Create Employer Account' successfully

2018-11-23 16:43:15 - [TEST_STEP][PASSED] - callTestCase: Call Test Case 'Test Cases/Final Aug 2018 - PKS Automation/Registration Module/Log Out/log out avoiding katalon tagging' successfully

2018-11-23 16:43:15 - [TEST_CASE][PASSED] - Test Cases/Final Aug 2018 - PKS Automation/Registration Module/Log Out/log out avoiding katalon tagging: Test Cases/Final Aug 2018 - PKS Automation/Registration Module/Log Out/log out avoiding katalon tagging

2018-11-23 16:43:15 - [TEST_STEP][PASSED] - navigateToUrl: Navigate to 'https://assist2-uat.perkeso.gov.my/c/portal/logout' successfully

2018-11-23 16:43:16 - [MESSAGE][PASSED] - Navigate to 'https://assist2-uat.perkeso.gov.my/c/portal/logout' successfully

2018-11-23 16:43:16 - [MESSAGE][PASSED] - Call Test Case 'Test Cases/Final Aug 2018 - PKS Automation/Registration Module/Log Out/log out avoiding katalon tagging' successfully

2018-11-23 16:43:16 - [TEST_STEP][PASSED] - callTestCase: Call Test Case 'Test Cases/Final Aug 2018 - PKS Automation/Create Employer Acc/Login to Employer Account (Second time)' successfully

2018-11-23 16:43:16 - [TEST_CASE][PASSED] - Test Cases/Final Aug 2018 - PKS Automation/Create Employer Acc/Login to Employer Account (Second time): Test Cases/Final Aug 2018 - PKS Automation/Create Employer Acc/Login to Employer Account (Second time)

2018-11-23 16:43:16 - [TEST_STEP][PASSED] - openBrowser: Browser is opened with url: ''

2018-11-23 16:43:16 - [MESSAGE][WARNING] - A browser is already opened. Closing browser and opening a new one

2018-11-23 16:43:22 - [MESSAGE][PASSED] - Browser is opened with url: ''

2018-11-23 16:43:22 - [TEST_STEP][PASSED] - navigateToUrl: Navigate to 'https://assist2-uat.perkeso.gov.my/employer/login' successfully

2018-11-23 16:43:23 - [MESSAGE][PASSED] - Navigate to 'https://assist2-uat.perkeso.gov.my/employer/login' successfully

2018-11-23 16:43:23 - [TEST_STEP][PASSED] - delay: Delayed 3 second(s)

2018-11-23 16:43:26 - [MESSAGE][PASSED] - Delayed 3 second(s)

2018-11-23 16:43:26 - [TEST_STEP][PASSED] - callTestCase: Call Test Case 'Test Cases/Final Aug 2018 - PKS Automation/Create Employer Acc/Template/Employer Email Getter' successfully

2018-11-23 16:43:26 - [TEST_CASE][PASSED] - Test Cases/Final Aug 2018 - PKS Automation/Create Employer Acc/Template/Employer Email Getter: Test Cases/Final Aug 2018 - PKS Automation/Create Employer Acc/Template/Employer Email Getter

2018-11-23 16:43:26 - [TEST_STEP][PASSED] - Statement - Try: null

2018-11-23 16:43:26 - [TEST_STEP][PASSED] - Statement - EmpEmail = new java.io.File(C://Users//Admin//Desktop//PKS//Automation Reference Point//EmpEmail.txt): null

2018-11-23 16:43:26 - [TEST_STEP][PASSED] - Statement - bufferread = new java.io.BufferedReader(new java.io.FileReader(EmpEmail)): null

2018-11-23 16:43:26 - [TEST_STEP][PASSED] - Statement - readedVal = bufferread.readLine(): null

2018-11-23 16:43:26 - [TEST_STEP][PASSED] - Statement - out.println(readedVal): null

2018-11-23 16:43:26 - [TEST_STEP][PASSED] - Statement - Email = readedVal: null

2018-11-23 16:43:26 - [MESSAGE][PASSED] - Call Test Case 'Test Cases/Final Aug 2018 - PKS Automation/Create Employer Acc/Template/Employer Email Getter' successfully

2018-11-23 16:43:26 - [TEST_STEP][PASSED] - setText: Text 'perkeso555398208738@gmail.com' is set on object 'Object Repository/Final Object Repo/Login Page/External Login Page/Email'

2018-11-23 16:43:26 - [MESSAGE][PASSED] - Text 'perkeso555398208738@gmail.com' is set on object 'Object Repository/Final Object Repo/Login Page/External Login Page/Email'

2018-11-23 16:43:26 - [TEST_STEP][PASSED] - click: Object: 'Object Repository/Final Object Repo/Login Page/External Login Page/Next' is clicked on

2018-11-23 16:43:27 - [MESSAGE][PASSED] - Object: 'Object Repository/Final Object Repo/Login Page/External Login Page/Next' is clicked on

2018-11-23 16:43:27 - [TEST_STEP][PASSED] - delay: Delayed 3 second(s)

2018-11-23 16:43:30 - [MESSAGE][PASSED] - Delayed 3 second(s)

2018-11-23 16:43:30 - [TEST_STEP][PASSED] - setEncryptedText: Text ****** has been set on object 'Object Repository/Final Object Repo/Login Page/External Login Page/Password'

2018-11-23 16:43:30 - [MESSAGE][PASSED] - Text ****** has been set on object 'Object Repository/Final Object Repo/Login Page/External Login Page/Password'

2018-11-23 16:43:30 - [TEST_STEP][PASSED] - click: Object: 'Object Repository/Final Object Repo/Login Page/External Login Page/Login' is clicked on

2018-11-23 16:43:34 - [MESSAGE][PASSED] - Object: 'Object Repository/Final Object Repo/Login Page/External Login Page/Login' is clicked on

2018-11-23 16:43:34 - [TEST_STEP][PASSED] - delay: Delayed 5 second(s)

2018-11-23 16:43:39 - [MESSAGE][PASSED] - Delayed 5 second(s)

2018-11-23 16:43:39 - [MESSAGE][PASSED] - Call Test Case 'Test Cases/Final Aug 2018 - PKS Automation/Create Employer Acc/Login to Employer Account (Second time)' successfully

2018-11-23 16:43:39 - [TEST_STEP][PASSED] - delay: Delayed 4 second(s)

2018-11-23 16:43:43 - [MESSAGE][PASSED] - Delayed 4 second(s)

2018-11-23 16:43:43 - [TEST_STEP][PASSED] - Statement - Try: Delayed 2 second(s)

2018-11-23 16:43:43 - [TEST_STEP][PASSED] - Statement - Checker = false: null

2018-11-23 16:43:43 - [TEST_STEP][PASSED] - Statement - Checker = com.kms.katalon.core.webui.keyword.WebUiBuiltInKeywords.verifyElementHasAttribute(com.kms.katalon.core.testobject.ObjectRepository.findTestObject(Final Object Repo/Landing Page/BM Detecting), "href", 20, OPTIONAL): Object 'Object Repository/Final Object Repo/Landing Page/BM Detecting' has attribute 'href'

2018-11-23 16:43:43 - [MESSAGE][PASSED] - Object 'Object Repository/Final Object Repo/Landing Page/BM Detecting' has attribute 'href'

2018-11-23 16:43:43 - [TEST_STEP][PASSED] - Statement - out.println(Checker): null

2018-11-23 16:43:43 - [TEST_STEP][PASSED] - Statement - If (Checker == false): null

2018-11-23 16:43:43 - [TEST_STEP][PASSED] - Statement - Else: null

2018-11-23 16:43:43 - [TEST_STEP][PASSED] - delay: Delayed 2 second(s)

2018-11-23 16:43:45 - [MESSAGE][PASSED] - Delayed 2 second(s)

2018-11-23 16:43:45 - [TEST_STEP][PASSED] - delay: Delayed 4 second(s)

2018-11-23 16:43:49 - [MESSAGE][PASSED] - Delayed 4 second(s)

2018-11-23 16:43:49 - [TEST_STEP][PASSED] - click: Object: 'Object Repository/Final Object Repo/Landing Page/My Sites Drop Down' is clicked on

2018-11-23 16:43:50 - [MESSAGE][PASSED] - Object: 'Object Repository/Final Object Repo/Landing Page/My Sites Drop Down' is clicked on

2018-11-23 16:43:50 - [TEST_STEP][PASSED] - click: Object: 'Object Repository/Final Object Repo/Landing Page/Select to Registration Module' is clicked on

2018-11-23 16:43:52 - [MESSAGE][PASSED] - Object: 'Object Repository/Final Object Repo/Landing Page/Select to Registration Module' is clicked on

2018-11-23 16:43:52 - [TEST_STEP][PASSED] - click: Object: 'Object Repository/Final Object Repo/Landing Page/Registration Button' is clicked on

2018-11-23 16:43:54 - [MESSAGE][PASSED] - Object: 'Object Repository/Final Object Repo/Landing Page/Registration Button' is clicked on

2018-11-23 16:43:54 - [TEST_STEP][PASSED] - delay: Delayed 2 second(s)

2018-11-23 16:43:56 - [MESSAGE][PASSED] - Delayed 2 second(s)

2018-11-23 16:43:56 - [TEST_STEP][PASSED] - click: Object: 'Object Repository/Final Object Repo/New Registration - Registration Module Pages/New Reg - OTC to RO/Special Case - OTC - Form 1/AEC NO' is clicked on

2018-11-23 16:43:57 - [MESSAGE][PASSED] - Object: 'Object Repository/Final Object Repo/New Registration - Registration Module Pages/New Reg - OTC to RO/Special Case - OTC - Form 1/AEC NO' is clicked on

2018-11-23 16:43:57 - [TEST_STEP][PASSED] - click: Object: 'Object Repository/Final Object Repo/New Registration - Registration Module Pages/New Reg - OTC to RO/Special Case - OTC - Form 1/Business Entity - Please Select' is clicked on

2018-11-23 16:43:57 - [MESSAGE][PASSED] - Object: 'Object Repository/Final Object Repo/New Registration - Registration Module Pages/New Reg - OTC to RO/Special Case - OTC - Form 1/Business Entity - Please Select' is clicked on

2018-11-23 16:43:57 - [TEST_STEP][PASSED] - click: Object: 'Object Repository/Final Object Repo/New Registration - Registration Module Pages/New Reg - OTC to RO/Special Case - OTC - Form 1/Selected - Corporation' is clicked on

2018-11-23 16:43:58 - [MESSAGE][PASSED] - Object: 'Object Repository/Final Object Repo/New Registration - Registration Module Pages/New Reg - OTC to RO/Special Case - OTC - Form 1/Selected - Corporation' is clicked on

2018-11-23 16:43:58 - [TEST_STEP][PASSED] - delay: Delayed 2 second(s)

2018-11-23 16:44:00 - [MESSAGE][PASSED] - Delayed 2 second(s)

2018-11-23 16:44:00 - [TEST_STEP][PASSED] - click: Object: 'Object Repository/Final Object Repo/New Registration - Registration Module Pages/New Reg - OTC to RO/Special Case - OTC - Form 1/Sub Business Entity - Please Select' is clicked on

2018-11-23 16:44:00 - [MESSAGE][PASSED] - Object: 'Object Repository/Final Object Repo/New Registration - Registration Module Pages/New Reg - OTC to RO/Special Case - OTC - Form 1/Sub Business Entity - Please Select' is clicked on

2018-11-23 16:44:00 - [TEST_STEP][PASSED] - delay: Delayed 2 second(s)

2018-11-23 16:44:02 - [MESSAGE][PASSED] - Delayed 2 second(s)

2018-11-23 16:44:02 - [TEST_STEP][PASSED] - click: Object: 'Object Repository/Final Object Repo/New Registration - Registration Module Pages/New Reg - OTC to RO/Special Case - OTC - Form 1/Selected - Sendirian Berhad' is clicked on

2018-11-23 16:44:03 - [MESSAGE][PASSED] - Object: 'Object Repository/Final Object Repo/New Registration - Registration Module Pages/New Reg - OTC to RO/Special Case - OTC - Form 1/Selected - Sendirian Berhad' is clicked on

2018-11-23 16:44:03 - [TEST_STEP][PASSED] - setText: Text 'AUTOMATE001' is set on object 'Object Repository/Final Object Repo/New Registration - Registration Module Pages/New Reg - OTC to RO/Special Case - OTC - Form 1/Input BRN Number'

2018-11-23 16:44:03 - [MESSAGE][PASSED] - Text 'AUTOMATE001' is set on object 'Object Repository/Final Object Repo/New Registration - Registration Module Pages/New Reg - OTC to RO/Special Case - OTC - Form 1/Input BRN Number'

2018-11-23 16:44:03 - [TEST_STEP][PASSED] - delay: Delayed 2 second(s)

2018-11-23 16:44:05 - [MESSAGE][PASSED] - Delayed 2 second(s)

2018-11-23 16:44:05 - [TEST_STEP][PASSED] - click: Object: 'Object Repository/Final Object Repo/New Registration - Registration Module Pages/New Reg - OTC to RO/Special Case - OTC - Form 1/BRN Search' is clicked on

2018-11-23 16:44:06 - [MESSAGE][PASSED] - Object: 'Object Repository/Final Object Repo/New Registration - Registration Module Pages/New Reg - OTC to RO/Special Case - OTC - Form 1/BRN Search' is clicked on

2018-11-23 16:44:06 - [TEST_STEP][PASSED] - delay: Delayed 4 second(s)

2018-11-23 16:44:10 - [MESSAGE][PASSED] - Delayed 4 second(s)

2018-11-23 16:44:10 - [TEST_STEP][PASSED] - click: Object: 'Object Repository/Final Object Repo/New Registration - Registration Module Pages/New Reg - OTC to RO/Special Case - OTC - Form 1/Registered with SSM - After Feb 2017' is clicked on

2018-11-23 16:44:10 - [MESSAGE][PASSED] - Object: 'Object Repository/Final Object Repo/New Registration - Registration Module Pages/New Reg - OTC to RO/Special Case - OTC - Form 1/Registered with SSM - After Feb 2017' is clicked on

2018-11-23 16:44:10 - [TEST_STEP][PASSED] - delay: Delayed 2 second(s)

2018-11-23 16:44:12 - [MESSAGE][PASSED] - Delayed 2 second(s)

2018-11-23 16:44:12 - [TEST_STEP][PASSED] - click: Object: 'Object Repository/Final Object Repo/New Registration - Registration Module Pages/Form 1/Registered As a Branch - Yes' is clicked on

2018-11-23 16:44:12 - [MESSAGE][PASSED] - Object: 'Object Repository/Final Object Repo/New Registration - Registration Module Pages/Form 1/Registered As a Branch - Yes' is clicked on

2018-11-23 16:44:12 - [TEST_STEP][PASSED] - click: Object: 'Object Repository/Final Object Repo/New Registration - Registration Module Pages/New Reg - OTC to RO/Special Case - OTC - Form 1/Acknowledgement Ticked' is clicked on

2018-11-23 16:44:12 - [MESSAGE][PASSED] - Object: 'Object Repository/Final Object Repo/New Registration - Registration Module Pages/New Reg - OTC to RO/Special Case - OTC - Form 1/Acknowledgement Ticked' is clicked on

2018-11-23 16:44:12 - [TEST_STEP][PASSED] - setText: Text 'perkeso555398208738@gmail.com' is set on object 'Object Repository/Final Object Repo/New Registration - Registration Module Pages/Form 1/Email'

2018-11-23 16:44:13 - [MESSAGE][PASSED] - Text 'perkeso555398208738@gmail.com' is set on object 'Object Repository/Final Object Repo/New Registration - Registration Module Pages/Form 1/Email'

2018-11-23 16:44:13 - [TEST_STEP][PASSED] - click: Object: 'Object Repository/Final Object Repo/New Registration - Registration Module Pages/New Reg - OTC to RO/Special Case - OTC - Form 1/Submit Button' is clicked on

2018-11-23 16:44:14 - [MESSAGE][PASSED] - Object: 'Object Repository/Final Object Repo/New Registration - Registration Module Pages/New Reg - OTC to RO/Special Case - OTC - Form 1/Submit Button' is clicked on

2018-11-23 16:44:14 - [TEST_STEP][PASSED] - callTestCase: Call Test Case 'Test Cases/Final Aug 2018 - PKS Automation/Registration Module/New Registration/Form 2/Add 1 Eligible - Employer Account Use' successfully

2018-11-23 16:44:14 - [TEST_CASE][PASSED] - Test Cases/Final Aug 2018 - PKS Automation/Registration Module/New Registration/Form 2/Add 1 Eligible - Employer Account Use: Test Cases/Final Aug 2018 - PKS Automation/Registration Module/New Registration/Form 2/Add 1 Eligible - Employer Account Use

2018-11-23 16:44:14 - [TEST_STEP][PASSED] - delay: Delayed 2 second(s)

2018-11-23 16:44:16 - [MESSAGE][PASSED] - Delayed 2 second(s)

2018-11-23 16:44:16 - [TEST_STEP][PASSED] - callTestCase: Call Test Case 'Test Cases/Final Aug 2018 - PKS Automation/Registration Module/New Registration/Form 2/Date Updater' successfully

2018-11-23 16:44:17 - [TEST_CASE][PASSED] - Test Cases/Final Aug 2018 - PKS Automation/Registration Module/New Registration/Form 2/Date Updater: Test Cases/Final Aug 2018 - PKS Automation/Registration Module/New Registration/Form 2/Date Updater

2018-11-23 16:44:17 - [TEST_STEP][PASSED] - Statement - TodayDate = new java.util.Date(): null

2018-11-23 16:44:17 - [TEST_STEP][PASSED] - Statement - CurrentDateNoFilter = new java.text.SimpleDateFormat(): null

2018-11-23 16:44:17 - [TEST_STEP][PASSED] - Statement - CurrentDateNoFilter.applyPattern("dd"): null

2018-11-23 16:44:17 - [TEST_STEP][PASSED] - Statement - CurrentDate = CurrentDateNoFilter.format(TodayDate): null

2018-11-23 16:44:17 - [TEST_STEP][PASSED] - Statement - CurrentDate = java.lang.Integer.parseInt(CurrentDate): null

2018-11-23 16:44:17 - [TEST_STEP][PASSED] - Statement - CurrentDate = CurrentDate: null

2018-11-23 16:44:17 - [TEST_STEP][PASSED] - Statement - CurrentDay = java.lang.Integer.parseInt(CurrentDate): null

2018-11-23 16:44:17 - [TEST_STEP][PASSED] - Statement - aDayBefore = CurrentDay + 1: null

2018-11-23 16:44:17 - [TEST_STEP][PASSED] - Statement - DayBefore = aDayBefore.toString(): null

2018-11-23 16:44:17 - [TEST_STEP][PASSED] - Statement - OneDayBefore = DayBefore: null

2018-11-23 16:44:17 - [TEST_STEP][PASSED] - Statement - CurrentDateNoFilter.applyPattern("MM"): null

2018-11-23 16:44:17 - [TEST_STEP][PASSED] - Statement - monthContainerMatcher = java.lang.Integer.parseInt(CurrentDateNoFilter.format(TodayDate)): null

2018-11-23 16:44:17 - [TEST_STEP][PASSED] - Statement - monthContainerMatcher = monthContainerMatcher - 1: null

2018-11-23 16:44:17 - [TEST_STEP][PASSED] - Statement - CurrentMonth = monthContainerMatcher.toString(): null

2018-11-23 16:44:17 - [TEST_STEP][PASSED] - Statement - CurrentMonth = CurrentMonth: null

2018-11-23 16:44:17 - [TEST_STEP][PASSED] - Statement - CurrentDateNoFilter.applyPattern("yyyy"): null

2018-11-23 16:44:17 - [TEST_STEP][PASSED] - Statement - CurrentYear = CurrentDateNoFilter.format(TodayDate): null

2018-11-23 16:44:17 - [TEST_STEP][PASSED] - Statement - CurrentYear = CurrentYear: null

2018-11-23 16:44:17 - [TEST_STEP][PASSED] - Statement - intCurrentYear = java.lang.Integer.parseInt(CurrentDateNoFilter.format(TodayDate)): null

2018-11-23 16:44:17 - [TEST_STEP][PASSED] - Statement - eighteenYrsAgo = intCurrentYear - 18: null

2018-11-23 16:44:17 - [TEST_STEP][PASSED] - Statement - eighteenYrsBeforeThisYr = eighteenYrsAgo.toString(): null

2018-11-23 16:44:17 - [TEST_STEP][PASSED] - Statement - EighteenYrsBefore = eighteenYrsBeforeThisYr: null

2018-11-23 16:44:17 - [TEST_STEP][PASSED] - Statement - fiftysevenYrsAgo = intCurrentYear - 57: null

2018-11-23 16:44:17 - [TEST_STEP][PASSED] - Statement - fiftysevenYrsBeforeThisYr = fiftysevenYrsAgo.toString(): null

2018-11-23 16:44:17 - [TEST_STEP][PASSED] - Statement - FiftysevenYrsBefore = fiftysevenYrsBeforeThisYr: null

2018-11-23 16:44:17 - [MESSAGE][PASSED] - Call Test Case 'Test Cases/Final Aug 2018 - PKS Automation/Registration Module/New Registration/Form 2/Date Updater' successfully

2018-11-23 16:44:17 - [TEST_STEP][PASSED] - delay: Delayed 1 second(s)

2018-11-23 16:44:18 - [MESSAGE][PASSED] - Delayed 1 second(s)

2018-11-23 16:44:18 - [TEST_STEP][PASSED] - Statement - CaseReferenceNo = com.kms.katalon.core.webui.keyword.WebUiBuiltInKeywords.getText(com.kms.katalon.core.testobject.ObjectRepository.findTestObject(Final Object Repo/New Registration - Registration Module Pages/Form 2/RefNo Acquiring)): Text of object 'Object Repository/Final Object Repo/New Registration - Registration Module Pages/Form 2/RefNo Acquiring' is: 'CRN11201800122748'

2018-11-23 16:44:18 - [MESSAGE][PASSED] - Text of object 'Object Repository/Final Object Repo/New Registration - Registration Module Pages/Form 2/RefNo Acquiring' is: 'CRN11201800122748'

2018-11-23 16:44:18 - [TEST_STEP][PASSED] - delay: Delayed 1 second(s)

2018-11-23 16:44:19 - [MESSAGE][PASSED] - Delayed 1 second(s)

2018-11-23 16:44:19 - [TEST_STEP][PASSED] - click: Object: 'Object Repository/Final Object Repo/New Registration - Registration Module Pages/Form 2/Add Employee Button' is clicked on

2018-11-23 16:44:19 - [MESSAGE][PASSED] - Object: 'Object Repository/Final Object Repo/New Registration - Registration Module Pages/Form 2/Add Employee Button' is clicked on

2018-11-23 16:44:19 - [TEST_STEP][PASSED] - delay: Delayed 1 second(s)

2018-11-23 16:44:20 - [MESSAGE][PASSED] - Delayed 1 second(s)

2018-11-23 16:44:20 - [TEST_STEP][PASSED] - setText: Text '010903091948' is set on object 'Object Repository/Final Object Repo/New Registration - Registration Module Pages/Form 2/NRIC Input'

2018-11-23 16:44:20 - [MESSAGE][PASSED] - Text '010903091948' is set on object 'Object Repository/Final Object Repo/New Registration - Registration Module Pages/Form 2/NRIC Input'

2018-11-23 16:44:20 - [TEST_STEP][PASSED] - delay: Delayed 2 second(s)

2018-11-23 16:44:22 - [MESSAGE][PASSED] - Delayed 2 second(s)

2018-11-23 16:44:22 - [TEST_STEP][PASSED] - setText: Text 'Automate001 eligible 1' is set on object 'Object Repository/Final Object Repo/New Registration - Registration Module Pages/Form 2/Employee Name Input'

2018-11-23 16:44:22 - [MESSAGE][PASSED] - Text 'Automate001 eligible 1' is set on object 'Object Repository/Final Object Repo/New Registration - Registration Module Pages/Form 2/Employee Name Input'

2018-11-23 16:44:22 - [TEST_STEP][PASSED] - delay: Delayed 2 second(s)

2018-11-23 16:44:24 - [MESSAGE][PASSED] - Delayed 2 second(s)

2018-11-23 16:44:24 - [TEST_STEP][PASSED] - click: Object: 'Object Repository/Final Object Repo/New Registration - Registration Module Pages/Form 2/DatePicker Pop Up' is clicked on

2018-11-23 16:44:25 - [MESSAGE][PASSED] - Object: 'Object Repository/Final Object Repo/New Registration - Registration Module Pages/Form 2/DatePicker Pop Up' is clicked on

2018-11-23 16:44:25 - [TEST_STEP][PASSED] - click: Object: 'Object Repository/Final Object Repo/New Registration - Registration Module Pages/Form 2/DOB Month' is clicked on

2018-11-23 16:44:26 - [MESSAGE][PASSED] - Object: 'Object Repository/Final Object Repo/New Registration - Registration Module Pages/Form 2/DOB Month' is clicked on

2018-11-23 16:44:26 - [TEST_STEP][PASSED] - Statement - CurrentMonth = CurrentMonth: null

2018-11-23 16:44:26 - [TEST_STEP][PASSED] - Statement - selectMonth = new com.kms.katalon.core.testobject.TestObject(): null

2018-11-23 16:44:26 - [TEST_STEP][PASSED] - Statement - selectMonth.addProperty("xpath", EQUALS, "//body/div/div/div/select/option[@value='" + CurrentMonth + "']", true): null

2018-11-23 16:44:26 - [TEST_STEP][PASSED] - click: Object: '' is clicked on

2018-11-23 16:44:26 - [MESSAGE][PASSED] - Object: '' is clicked on

2018-11-23 16:44:26 - [TEST_STEP][PASSED] - click: Object: 'Object Repository/Final Object Repo/New Registration - Registration Module Pages/Form 2/DOB Year' is clicked on

2018-11-23 16:44:26 - [MESSAGE][PASSED] - Object: 'Object Repository/Final Object Repo/New Registration - Registration Module Pages/Form 2/DOB Year' is clicked on

2018-11-23 16:44:26 - [TEST_STEP][PASSED] - Statement - Eyearsbf = EighteenYrsBefore: null

2018-11-23 16:44:26 - [TEST_STEP][PASSED] - Statement - selectYear = new com.kms.katalon.core.testobject.TestObject(): null

2018-11-23 16:44:26 - [TEST_STEP][PASSED] - Statement - selectYear.addProperty("xpath", EQUALS, "//div/div/div/select/option[@value='" + Eyearsbf + "']", true): null

2018-11-23 16:44:26 - [TEST_STEP][PASSED] - click: Object: '' is clicked on

2018-11-23 16:44:27 - [MESSAGE][PASSED] - Object: '' is clicked on

2018-11-23 16:44:27 - [TEST_STEP][PASSED] - Statement - UpdatedSelectDate = com.kms.katalon.core.webui.keyword.WebUiBuiltInKeywords.modifyObjectProperty(com.kms.katalon.core.testobject.ObjectRepository.findTestObject(Final Object Repo/New Registration - Registration Module Pages/Form 2/DOB Date), "xpath", "equals", "//body/div/table/tbody/tr/td/a[text()="" + CurrentDate + ""]", true): Modify property of object successfully

2018-11-23 16:44:27 - [MESSAGE][PASSED] - Modify property of object successfully

2018-11-23 16:44:27 - [TEST_STEP][PASSED] - delay: Delayed 3 second(s)

2018-11-23 16:44:30 - [MESSAGE][PASSED] - Delayed 3 second(s)

2018-11-23 16:44:30 - [TEST_STEP][PASSED] - click: Object: 'Object Repository/Final Object Repo/New Registration - Registration Module Pages/Form 2/DOB Date' is clicked on

2018-11-23 16:44:30 - [MESSAGE][PASSED] - Object: 'Object Repository/Final Object Repo/New Registration - Registration Module Pages/Form 2/DOB Date' is clicked on

2018-11-23 16:44:30 - [TEST_STEP][PASSED] - delay: Delayed 2 second(s)

2018-11-23 16:44:32 - [MESSAGE][PASSED] - Delayed 2 second(s)

2018-11-23 16:44:32 - [TEST_STEP][PASSED] - click: Object: 'Object Repository/Final Object Repo/New Registration - Registration Module Pages/Form 2/EmploymentStartDate Pop Up' is clicked on

2018-11-23 16:44:33 - [MESSAGE][PASSED] - Object: 'Object Repository/Final Object Repo/New Registration - Registration Module Pages/Form 2/EmploymentStartDate Pop Up' is clicked on

2018-11-23 16:44:33 - [TEST_STEP][PASSED] - delay: Delayed 2 second(s)

2018-11-23 16:44:35 - [MESSAGE][PASSED] - Delayed 2 second(s)

2018-11-23 16:44:35 - [TEST_STEP][PASSED] - click: Object: 'Object Repository/Final Object Repo/New Registration - Registration Module Pages/Form 2/Socso Employment StartDate Month' is clicked on

2018-11-23 16:44:35 - [MESSAGE][PASSED] - Object: 'Object Repository/Final Object Repo/New Registration - Registration Module Pages/Form 2/Socso Employment StartDate Month' is clicked on

2018-11-23 16:44:35 - [TEST_STEP][PASSED] - delay: Delayed 1 second(s)

2018-11-23 16:44:36 - [MESSAGE][PASSED] - Delayed 1 second(s)

2018-11-23 16:44:36 - [TEST_STEP][PASSED] - click: Object: 'Object Repository/Final Object Repo/New Registration - Registration Module Pages/Form 2/Select Socso Employement Startdate Month' is clicked on

2018-11-23 16:44:36 - [MESSAGE][PASSED] - Object: 'Object Repository/Final Object Repo/New Registration - Registration Module Pages/Form 2/Select Socso Employement Startdate Month' is clicked on

2018-11-23 16:44:36 - [TEST_STEP][PASSED] - delay: Delayed 2 second(s)

2018-11-23 16:44:38 - [MESSAGE][PASSED] - Delayed 2 second(s)

2018-11-23 16:44:38 - [TEST_STEP][PASSED] - click: Object: 'Object Repository/Final Object Repo/New Registration - Registration Module Pages/Form 2/Socso Employment StartDate Year' is clicked on

2018-11-23 16:44:39 - [MESSAGE][PASSED] - Object: 'Object Repository/Final Object Repo/New Registration - Registration Module Pages/Form 2/Socso Employment StartDate Year' is clicked on

2018-11-23 16:44:39 - [TEST_STEP][PASSED] - delay: Delayed 1 second(s)

2018-11-23 16:44:40 - [MESSAGE][PASSED] - Delayed 1 second(s)

2018-11-23 16:44:40 - [TEST_STEP][PASSED] - click: Object: 'Object Repository/Final Object Repo/New Registration - Registration Module Pages/Form 2/Select Socso Employment Startdate Year' is clicked on

2018-11-23 16:44:40 - [MESSAGE][PASSED] - Object: 'Object Repository/Final Object Repo/New Registration - Registration Module Pages/Form 2/Select Socso Employment Startdate Year' is clicked on

2018-11-23 16:44:40 - [TEST_STEP][PASSED] - delay: Delayed 2 second(s)

2018-11-23 16:44:42 - [MESSAGE][PASSED] - Delayed 2 second(s)

2018-11-23 16:44:42 - [TEST_STEP][PASSED] - click: Object: 'Object Repository/Final Object Repo/New Registration - Registration Module Pages/Form 2/Socso Employment Start Date Day' is clicked on

2018-11-23 16:44:43 - [MESSAGE][PASSED] - Object: 'Object Repository/Final Object Repo/New Registration - Registration Module Pages/Form 2/Socso Employment Start Date Day' is clicked on

2018-11-23 16:44:43 - [TEST_STEP][PASSED] - delay: Delayed 2 second(s)

2018-11-23 16:44:45 - [MESSAGE][PASSED] - Delayed 2 second(s)

2018-11-23 16:44:45 - [TEST_STEP][PASSED] - click: Object: 'Object Repository/Final Object Repo/New Registration - Registration Module Pages/Form 2/Save Button for Add Employee' is clicked on

2018-11-23 16:44:46 - [MESSAGE][PASSED] - Object: 'Object Repository/Final Object Repo/New Registration - Registration Module Pages/Form 2/Save Button for Add Employee' is clicked on

2018-11-23 16:44:46 - [TEST_STEP][PASSED] - delay: Delayed 6 second(s)

2018-11-23 16:44:52 - [MESSAGE][PASSED] - Delayed 6 second(s)

2018-11-23 16:44:52 - [TEST_STEP][PASSED] - click: Object: 'Object Repository/Final Object Repo/New Registration - Registration Module Pages/Form 2/Save and Continue Form 2' is clicked on

2018-11-23 16:44:54 - [MESSAGE][PASSED] - Object: 'Object Repository/Final Object Repo/New Registration - Registration Module Pages/Form 2/Save and Continue Form 2' is clicked on

2018-11-23 16:44:54 - [MESSAGE][PASSED] - Call Test Case 'Test Cases/Final Aug 2018 - PKS Automation/Registration Module/New Registration/Form 2/Add 1 Eligible - Employer Account Use' successfully

2018-11-23 16:44:54 - [TEST_STEP][PASSED] - callTestCase: Call Test Case 'Test Cases/Final Aug 2018 - PKS Automation/Registration Module/New Registration/Flow of New Registration/Third Screen - Upload Supporting Doc - Preview' successfully

2018-11-23 16:44:54 - [TEST_CASE][PASSED] - Test Cases/Final Aug 2018 - PKS Automation/Registration Module/New Registration/Flow of New Registration/Third Screen - Upload Supporting Doc - Preview: Test Cases/Final Aug 2018 - PKS Automation/Registration Module/New Registration/Flow of New Registration/Third Screen - Upload Supporting Doc - Preview

2018-11-23 16:44:54 - [TEST_STEP][PASSED] - waitForPageLoad: Wait for page load successfully

2018-11-23 16:44:54 - [MESSAGE][PASSED] - Wait for page load successfully

2018-11-23 16:44:54 - [TEST_STEP][PASSED] - Statement - CaseReferenceNo = com.kms.katalon.core.webui.keyword.WebUiBuiltInKeywords.getText(com.kms.katalon.core.testobject.ObjectRepository.findTestObject(Final Object Repo/New Registration - Registration Module Pages/Third Screen - Upload Supporting Doc- Preview/RefNo Acquiring)): Text of object 'Object Repository/Final Object Repo/New Registration - Registration Module Pages/Third Screen - Upload Supporting Doc- Preview/RefNo Acquiring' is: 'CRN11201800122748'

2018-11-23 16:44:54 - [MESSAGE][PASSED] - Text of object 'Object Repository/Final Object Repo/New Registration - Registration Module Pages/Third Screen - Upload Supporting Doc- Preview/RefNo Acquiring' is: 'CRN11201800122748'

2018-11-23 16:44:54 - [TEST_STEP][PASSED] - delay: Delayed 2 second(s)

2018-11-23 16:44:56 - [MESSAGE][PASSED] - Delayed 2 second(s)

2018-11-23 16:44:56 - [TEST_STEP][PASSED] - callTestCase: Call Test Case 'Test Cases/Final Aug 2018 - PKS Automation/Common/Reference Number Setter' successfully

2018-11-23 16:44:56 - [TEST_CASE][PASSED] - Test Cases/Final Aug 2018 - PKS Automation/Common/Reference Number Setter: Test Cases/Final Aug 2018 - PKS Automation/Common/Reference Number Setter

2018-11-23 16:44:56 - [TEST_STEP][PASSED] - Statement - RefNoOldFile = new java.io.File(C://Users//Admin//Desktop//PKS//Automation Reference Point//KatalonReference.txt): null

2018-11-23 16:44:56 - [TEST_STEP][PASSED] - Statement - RefNoOldFile.delete(): null

2018-11-23 16:44:56 - [TEST_STEP][PASSED] - delay: Delayed 5 second(s)

2018-11-23 16:45:01 - [MESSAGE][PASSED] - Delayed 5 second(s)

2018-11-23 16:45:01 - [TEST_STEP][PASSED] - Statement - RefNo = new java.io.File(C://Users//Admin//Desktop//PKS//Automation Reference Point//KatalonReference.txt): null

2018-11-23 16:45:01 - [TEST_STEP][PASSED] - Statement - f2 = new java.io.FileWriter(RefNo, false): null

2018-11-23 16:45:01 - [TEST_STEP][PASSED] - Statement - f2.write(CaseReferenceNo): null

2018-11-23 16:45:01 - [TEST_STEP][PASSED] - Statement - f2.close(): null

2018-11-23 16:45:01 - [TEST_STEP][PASSED] - Statement - out.println("


" + CaseReferenceNo + "


"): null

2018-11-23 16:45:01 - [MESSAGE][PASSED] - Call Test Case 'Test Cases/Final Aug 2018 - PKS Automation/Common/Reference Number Setter' successfully

2018-11-23 16:45:01 - [TEST_STEP][PASSED] - waitForElementClickable: Object 'Object Repository/Final Object Repo/New Registration - Registration Module Pages/Third Screen - Upload Supporting Doc- Preview/Save n Continue in SIP Employee Listing Page' is clickable

2018-11-23 16:45:01 - [MESSAGE][PASSED] - Object 'Object Repository/Final Object Repo/New Registration - Registration Module Pages/Third Screen - Upload Supporting Doc- Preview/Save n Continue in SIP Employee Listing Page' is clickable

2018-11-23 16:45:01 - [TEST_STEP][PASSED] - click: Object: 'Object Repository/Final Object Repo/New Registration - Registration Module Pages/Third Screen - Upload Supporting Doc- Preview/Save n Continue in SIP Employee Listing Page' is clicked on

2018-11-23 16:45:07 - [MESSAGE][PASSED] - Object: 'Object Repository/Final Object Repo/New Registration - Registration Module Pages/Third Screen - Upload Supporting Doc- Preview/Save n Continue in SIP Employee Listing Page' is clicked on

2018-11-23 16:45:07 - [TEST_STEP][PASSED] - delay: Delayed 7 second(s)

2018-11-23 16:45:14 - [MESSAGE][PASSED] - Delayed 7 second(s)

2018-11-23 16:45:14 - [TEST_STEP][PASSED] - click: Object: 'Object Repository/Final Object Repo/New Registration - Registration Module Pages/Third Screen - Upload Supporting Doc- Preview/Add Document Button' is clicked on

2018-11-23 16:45:15 - [MESSAGE][PASSED] - Object: 'Object Repository/Final Object Repo/New Registration - Registration Module Pages/Third Screen - Upload Supporting Doc- Preview/Add Document Button' is clicked on

2018-11-23 16:45:15 - [TEST_STEP][PASSED] - delay: Delayed 30 second(s)

2018-11-23 16:45:45 - [MESSAGE][PASSED] - Delayed 30 second(s)

2018-11-23 16:45:45 - [TEST_STEP][PASSED] - click: Object: 'Object Repository/Final Object Repo/New Registration - Registration Module Pages/Third Screen - Upload Supporting Doc- Preview/Supporting Doc Please Select Drop Down' is clicked on

2018-11-23 16:45:45 - [MESSAGE][PASSED] - Object: 'Object Repository/Final Object Repo/New Registration - Registration Module Pages/Third Screen - Upload Supporting Doc- Preview/Supporting Doc Please Select Drop Down' is clicked on

2018-11-23 16:45:45 - [TEST_STEP][PASSED] - delay: Delayed 2 second(s)

2018-11-23 16:45:47 - [MESSAGE][PASSED] - Delayed 2 second(s)

2018-11-23 16:45:47 - [TEST_STEP][PASSED] - click: Object: 'Object Repository/Final Object Repo/New Registration - Registration Module Pages/Third Screen - Upload Supporting Doc- Preview/Select to Upload Form 1' is clicked on

2018-11-23 16:45:48 - [MESSAGE][PASSED] - Object: 'Object Repository/Final Object Repo/New Registration - Registration Module Pages/Third Screen - Upload Supporting Doc- Preview/Select to Upload Form 1' is clicked on

2018-11-23 16:45:48 - [TEST_STEP][PASSED] - delay: Delayed 2 second(s)

2018-11-23 16:45:50 - [MESSAGE][PASSED] - Delayed 2 second(s)

2018-11-23 16:45:50 - [TEST_STEP][PASSED] - uploadFile: File 'C:\Users\Public\Pictures\Sample Pictures\Koala.jpg' sent to object: 'Object Repository/Final Object Repo/New Registration - Registration Module Pages/Third Screen - Upload Supporting Doc- Preview/Upload File Adding'

2018-11-23 16:45:50 - [MESSAGE][PASSED] - File 'C:\Users\Public\Pictures\Sample Pictures\Koala.jpg' sent to object: 'Object Repository/Final Object Repo/New Registration - Registration Module Pages/Third Screen - Upload Supporting Doc- Preview/Upload File Adding'

2018-11-23 16:45:50 - [TEST_STEP][PASSED] - delay: Delayed 5 second(s)

2018-11-23 16:45:55 - [MESSAGE][PASSED] - Delayed 5 second(s)

2018-11-23 16:45:55 - [TEST_STEP][PASSED] - click: Object: 'Object Repository/Final Object Repo/New Registration - Registration Module Pages/Third Screen - Upload Supporting Doc- Preview/Inner Form Add Document Button' is clicked on

2018-11-23 16:45:59 - [MESSAGE][PASSED] - Object: 'Object Repository/Final Object Repo/New Registration - Registration Module Pages/Third Screen - Upload Supporting Doc- Preview/Inner Form Add Document Button' is clicked on

2018-11-23 16:45:59 - [TEST_STEP][PASSED] - delay: Delayed 3 second(s)

2018-11-23 16:46:02 - [MESSAGE][PASSED] - Delayed 3 second(s)

2018-11-23 16:46:02 - [TEST_STEP][PASSED] - click: Object: 'Object Repository/Final Object Repo/New Registration - Registration Module Pages/Third Screen - Upload Supporting Doc- Preview/Add Document Button' is clicked on

2018-11-23 16:46:03 - [MESSAGE][PASSED] - Object: 'Object Repository/Final Object Repo/New Registration - Registration Module Pages/Third Screen - Upload Supporting Doc- Preview/Add Document Button' is clicked on

2018-11-23 16:46:03 - [TEST_STEP][PASSED] - delay: Delayed 30 second(s)

2018-11-23 16:46:33 - [MESSAGE][PASSED] - Delayed 30 second(s)

2018-11-23 16:46:33 - [TEST_STEP][PASSED] - click: Object: 'Object Repository/Final Object Repo/New Registration - Registration Module Pages/Third Screen - Upload Supporting Doc- Preview/Supporting Doc Please Select Drop Down' is clicked on

2018-11-23 16:46:33 - [MESSAGE][PASSED] - Object: 'Object Repository/Final Object Repo/New Registration - Registration Module Pages/Third Screen - Upload Supporting Doc- Preview/Supporting Doc Please Select Drop Down' is clicked on

2018-11-23 16:46:33 - [TEST_STEP][PASSED] - delay: Delayed 2 second(s)

2018-11-23 16:46:35 - [MESSAGE][PASSED] - Delayed 2 second(s)

2018-11-23 16:46:35 - [TEST_STEP][PASSED] - click: Object: 'Object Repository/Final Object Repo/New Registration - Registration Module Pages/Third Screen - Upload Supporting Doc- Preview/Select to Upload Form 2' is clicked on

2018-11-23 16:46:36 - [MESSAGE][PASSED] - Object: 'Object Repository/Final Object Repo/New Registration - Registration Module Pages/Third Screen - Upload Supporting Doc- Preview/Select to Upload Form 2' is clicked on

2018-11-23 16:46:36 - [TEST_STEP][PASSED] - delay: Delayed 2 second(s)

2018-11-23 16:46:38 - [MESSAGE][PASSED] - Delayed 2 second(s)

2018-11-23 16:46:38 - [TEST_STEP][PASSED] - uploadFile: File 'C:\Users\Public\Pictures\Sample Pictures\Koala.jpg' sent to object: 'Object Repository/Final Object Repo/New Registration - Registration Module Pages/Third Screen - Upload Supporting Doc- Preview/Upload File Adding'

2018-11-23 16:46:38 - [MESSAGE][PASSED] - File 'C:\Users\Public\Pictures\Sample Pictures\Koala.jpg' sent to object: 'Object Repository/Final Object Repo/New Registration - Registration Module Pages/Third Screen - Upload Supporting Doc- Preview/Upload File Adding'

2018-11-23 16:46:38 - [TEST_STEP][PASSED] - click: Object: 'Object Repository/Final Object Repo/New Registration - Registration Module Pages/Third Screen - Upload Supporting Doc- Preview/Inner Form Add Document Button' is clicked on

2018-11-23 16:46:43 - [MESSAGE][PASSED] - Object: 'Object Repository/Final Object Repo/New Registration - Registration Module Pages/Third Screen - Upload Supporting Doc- Preview/Inner Form Add Document Button' is clicked on

2018-11-23 16:46:43 - [TEST_STEP][PASSED] - delay: Delayed 5 second(s)

2018-11-23 16:46:48 - [MESSAGE][PASSED] - Delayed 5 second(s)

2018-11-23 16:46:48 - [TEST_STEP][PASSED] - click: Object: 'Object Repository/Final Object Repo/New Registration - Registration Module Pages/Third Screen - Upload Supporting Doc- Preview/Add Document Button' is clicked on

2018-11-23 16:46:48 - [MESSAGE][PASSED] - Object: 'Object Repository/Final Object Repo/New Registration - Registration Module Pages/Third Screen - Upload Supporting Doc- Preview/Add Document Button' is clicked on

2018-11-23 16:46:48 - [TEST_STEP][PASSED] - delay: Delayed 30 second(s)

2018-11-23 16:47:18 - [MESSAGE][PASSED] - Delayed 30 second(s)

2018-11-23 16:47:18 - [TEST_STEP][PASSED] - click: Object: 'Object Repository/Final Object Repo/New Registration - Registration Module Pages/Third Screen - Upload Supporting Doc- Preview/Supporting Doc Please Select Drop Down' is clicked on

2018-11-23 16:47:19 - [MESSAGE][PASSED] - Object: 'Object Repository/Final Object Repo/New Registration - Registration Module Pages/Third Screen - Upload Supporting Doc- Preview/Supporting Doc Please Select Drop Down' is clicked on

2018-11-23 16:47:19 - [TEST_STEP][PASSED] - click: Object: 'Object Repository/Final Object Repo/New Registration - Registration Module Pages/Third Screen - Upload Supporting Doc- Preview/Select to Upload Borang SIP 1' is clicked on

2018-11-23 16:47:19 - [MESSAGE][PASSED] - Object: 'Object Repository/Final Object Repo/New Registration - Registration Module Pages/Third Screen - Upload Supporting Doc- Preview/Select to Upload Borang SIP 1' is clicked on

2018-11-23 16:47:19 - [TEST_STEP][PASSED] - delay: Delayed 2 second(s)

2018-11-23 16:47:21 - [MESSAGE][PASSED] - Delayed 2 second(s)

2018-11-23 16:47:21 - [TEST_STEP][PASSED] - uploadFile: File 'C:\Users\Public\Pictures\Sample Pictures\Koala.jpg' sent to object: 'Object Repository/Final Object Repo/New Registration - Registration Module Pages/Third Screen - Upload Supporting Doc- Preview/Upload File Adding'

2018-11-23 16:47:21 - [MESSAGE][PASSED] - File 'C:\Users\Public\Pictures\Sample Pictures\Koala.jpg' sent to object: 'Object Repository/Final Object Repo/New Registration - Registration Module Pages/Third Screen - Upload Supporting Doc- Preview/Upload File Adding'

2018-11-23 16:47:21 - [TEST_STEP][PASSED] - click: Object: 'Object Repository/Final Object Repo/New Registration - Registration Module Pages/Third Screen - Upload Supporting Doc- Preview/Inner Form Add Document Button' is clicked on

2018-11-23 16:47:26 - [MESSAGE][PASSED] - Object: 'Object Repository/Final Object Repo/New Registration - Registration Module Pages/Third Screen - Upload Supporting Doc- Preview/Inner Form Add Document Button' is clicked on

2018-11-23 16:47:26 - [TEST_STEP][PASSED] - delay: Delayed 5 second(s)

2018-11-23 16:47:31 - [MESSAGE][PASSED] - Delayed 5 second(s)

2018-11-23 16:47:31 - [TEST_STEP][PASSED] - click: Object: 'Object Repository/Final Object Repo/New Registration - Registration Module Pages/Third Screen - Upload Supporting Doc- Preview/Add Document Button' is clicked on

2018-11-23 16:47:31 - [MESSAGE][PASSED] - Object: 'Object Repository/Final Object Repo/New Registration - Registration Module Pages/Third Screen - Upload Supporting Doc- Preview/Add Document Button' is clicked on

2018-11-23 16:47:31 - [TEST_STEP][PASSED] - delay: Delayed 30 second(s)

2018-11-23 16:48:01 - [MESSAGE][PASSED] - Delayed 30 second(s)

2018-11-23 16:48:01 - [TEST_STEP][PASSED] - click: Object: 'Object Repository/Final Object Repo/New Registration - Registration Module Pages/Third Screen - Upload Supporting Doc- Preview/Supporting Doc Please Select Drop Down' is clicked on

2018-11-23 16:48:02 - [MESSAGE][PASSED] - Object: 'Object Repository/Final Object Repo/New Registration - Registration Module Pages/Third Screen - Upload Supporting Doc- Preview/Supporting Doc Please Select Drop Down' is clicked on

2018-11-23 16:48:02 - [TEST_STEP][PASSED] - delay: Delayed 3 second(s)

2018-11-23 16:48:05 - [MESSAGE][PASSED] - Delayed 3 second(s)

2018-11-23 16:48:05 - [TEST_STEP][PASSED] - click: Object: 'Object Repository/Final Object Repo/New Registration - Registration Module Pages/Third Screen - Upload Supporting Doc- Preview/Select to Upload Borang SIP 2' is clicked on

2018-11-23 16:48:05 - [MESSAGE][PASSED] - Object: 'Object Repository/Final Object Repo/New Registration - Registration Module Pages/Third Screen - Upload Supporting Doc- Preview/Select to Upload Borang SIP 2' is clicked on

2018-11-23 16:48:05 - [TEST_STEP][PASSED] - delay: Delayed 2 second(s)

2018-11-23 16:48:07 - [MESSAGE][PASSED] - Delayed 2 second(s)

2018-11-23 16:48:07 - [TEST_STEP][PASSED] - uploadFile: File 'C:\Users\Public\Pictures\Sample Pictures\Koala.jpg' sent to object: 'Object Repository/Final Object Repo/New Registration - Registration Module Pages/Third Screen - Upload Supporting Doc- Preview/Upload File Adding'

2018-11-23 16:48:07 - [MESSAGE][PASSED] - File 'C:\Users\Public\Pictures\Sample Pictures\Koala.jpg' sent to object: 'Object Repository/Final Object Repo/New Registration - Registration Module Pages/Third Screen - Upload Supporting Doc- Preview/Upload File Adding'

2018-11-23 16:48:07 - [TEST_STEP][PASSED] - delay: Delayed 5 second(s)

2018-11-23 16:48:12 - [MESSAGE][PASSED] - Delayed 5 second(s)

2018-11-23 16:48:12 - [TEST_STEP][PASSED] - click: Object: 'Object Repository/Final Object Repo/New Registration - Registration Module Pages/Third Screen - Upload Supporting Doc- Preview/Inner Form Add Document Button' is clicked on

2018-11-23 16:48:17 - [MESSAGE][PASSED] - Object: 'Object Repository/Final Object Repo/New Registration - Registration Module Pages/Third Screen - Upload Supporting Doc- Preview/Inner Form Add Document Button' is clicked on

2018-11-23 16:48:17 - [TEST_STEP][PASSED] - delay: Delayed 3 second(s)

2018-11-23 16:48:20 - [MESSAGE][PASSED] - Delayed 3 second(s)

2018-11-23 16:48:20 - [TEST_STEP][PASSED] - waitForElementClickable: Object 'Object Repository/Final Object Repo/New Registration - Registration Module Pages/Third Screen - Upload Supporting Doc- Preview/Save n Continue in Uploading Supporting Doc Page' is clickable

2018-11-23 16:48:20 - [MESSAGE][PASSED] - Object 'Object Repository/Final Object Repo/New Registration - Registration Module Pages/Third Screen - Upload Supporting Doc- Preview/Save n Continue in Uploading Supporting Doc Page' is clickable

2018-11-23 16:48:20 - [TEST_STEP][PASSED] - click: Object: 'Object Repository/Final Object Repo/New Registration - Registration Module Pages/Third Screen - Upload Supporting Doc- Preview/Save n Continue in Uploading Supporting Doc Page' is clicked on

2018-11-23 16:48:25 - [MESSAGE][PASSED] - Object: 'Object Repository/Final Object Repo/New Registration - Registration Module Pages/Third Screen - Upload Supporting Doc- Preview/Save n Continue in Uploading Supporting Doc Page' is clicked on

2018-11-23 16:48:25 - [MESSAGE][PASSED] - Call Test Case 'Test Cases/Final Aug 2018 - PKS Automation/Registration Module/New Registration/Flow of New Registration/Third Screen - Upload Supporting Doc - Preview' successfully

2018-11-23 16:48:25 - [TEST_STEP][PASSED] - setText: Text 'Tester' is set on object 'Object Repository/Final Object Repo/New Registration - Registration Module Pages/New Reg - OTC to RO/Special Case - All Related Objects/Employer Preview Name'

2018-11-23 16:48:25 - [MESSAGE][PASSED] - Text 'Tester' is set on object 'Object Repository/Final Object Repo/New Registration - Registration Module Pages/New Reg - OTC to RO/Special Case - All Related Objects/Employer Preview Name'

2018-11-23 16:48:25 - [TEST_STEP][PASSED] - click: Object: 'Object Repository/Final Object Repo/New Registration - Registration Module Pages/New Reg - OTC to RO/Special Case - All Related Objects/IC Type Drop Down' is clicked on

2018-11-23 16:48:26 - [MESSAGE][PASSED] - Object: 'Object Repository/Final Object Repo/New Registration - Registration Module Pages/New Reg - OTC to RO/Special Case - All Related Objects/IC Type Drop Down' is clicked on

2018-11-23 16:48:26 - [TEST_STEP][PASSED] - click: Object: 'Object Repository/Final Object Repo/New Registration - Registration Module Pages/New Reg - OTC to RO/Special Case - All Related Objects/Select to NRIC' is clicked on

2018-11-23 16:48:26 - [MESSAGE][PASSED] - Object: 'Object Repository/Final Object Repo/New Registration - Registration Module Pages/New Reg - OTC to RO/Special Case - All Related Objects/Select to NRIC' is clicked on

2018-11-23 16:48:26 - [TEST_STEP][PASSED] - setText: Text '133245561223' is set on object 'Object Repository/Final Object Repo/New Registration - Registration Module Pages/New Reg - OTC to RO/Special Case - All Related Objects/IC Value'

2018-11-23 16:48:27 - [MESSAGE][PASSED] - Text '133245561223' is set on object 'Object Repository/Final Object Repo/New Registration - Registration Module Pages/New Reg - OTC to RO/Special Case - All Related Objects/IC Value'

2018-11-23 16:48:27 - [TEST_STEP][PASSED] - setText: Text 'Auto' is set on object 'Object Repository/Final Object Repo/New Registration - Registration Module Pages/New Reg - OTC to RO/Special Case - All Related Objects/Designation'

2018-11-23 16:48:27 - [MESSAGE][PASSED] - Text 'Auto' is set on object 'Object Repository/Final Object Repo/New Registration - Registration Module Pages/New Reg - OTC to RO/Special Case - All Related Objects/Designation'

2018-11-23 16:48:27 - [TEST_STEP][PASSED] - callTestCase: Call Test Case 'Test Cases/Final Aug 2018 - PKS Automation/Registration Module/New Registration/Submit and Screenshot/Submit Registration and Screenshot - Copy' successfully

2018-11-23 16:48:27 - [TEST_CASE][PASSED] - Test Cases/Final Aug 2018 - PKS Automation/Registration Module/New Registration/Submit and Screenshot/Submit Registration and Screenshot - Copy: Test Cases/Final Aug 2018 - PKS Automation/Registration Module/New Registration/Submit and Screenshot/Submit Registration and Screenshot - Copy

2018-11-23 16:48:27 - [TEST_STEP][PASSED] - delay: Delayed 6 second(s)

2018-11-23 16:48:33 - [MESSAGE][PASSED] - Delayed 6 second(s)

2018-11-23 16:48:33 - [TEST_STEP][PASSED] - click: Object: 'Object Repository/Final Object Repo/New Registration - Registration Module Pages/Third Screen - Upload Supporting Doc- Preview/Preview Submit Button' is clicked on

2018-11-23 16:48:33 - [MESSAGE][PASSED] - Object: 'Object Repository/Final Object Repo/New Registration - Registration Module Pages/Third Screen - Upload Supporting Doc- Preview/Preview Submit Button' is clicked on

2018-11-23 16:48:33 - [TEST_STEP][PASSED] - delay: Delayed 2 second(s)

2018-11-23 16:48:35 - [MESSAGE][PASSED] - Delayed 2 second(s)

2018-11-23 16:48:35 - [TEST_STEP][PASSED] - click: Object: 'Object Repository/Final Object Repo/New Registration - Registration Module Pages/Third Screen - Upload Supporting Doc- Preview/Preview Submit - Confirm' is clicked on

2018-11-23 16:48:41 - [MESSAGE][PASSED] - Object: 'Object Repository/Final Object Repo/New Registration - Registration Module Pages/Third Screen - Upload Supporting Doc- Preview/Preview Submit - Confirm' is clicked on

2018-11-23 16:48:41 - [TEST_STEP][PASSED] - delay: Delayed 15 second(s)

2018-11-23 16:48:56 - [MESSAGE][PASSED] - Delayed 15 second(s)

2018-11-23 16:48:56 - [TEST_STEP][PASSED] - Statement - driver = com.kms.katalon.core.webui.driver.DriverFactory.getWebDriver(): null

2018-11-23 16:48:56 - [TEST_STEP][PASSED] - Statement - driver.manage().timeouts().implicitlyWait(10, SECONDS): null

2018-11-23 16:48:56 - [TEST_STEP][PASSED] - Statement - PresavePath = KatalonScreenshots: null

2018-11-23 16:48:56 - [TEST_STEP][PASSED] - Statement - pathPrefix = "C:\Users\Public\Pictures\Sample Pictures\Katalon Screenshots\Automate Ending Screen": null

2018-11-23 16:48:56 - [TEST_STEP][PASSED] - Statement - finalPath = <not implemented yet for class: org.codehaus.groovy.ast.expr.EmptyExpression>: null

2018-11-23 16:48:56 - [TEST_STEP][PASSED] - Statement - scrFile = driver.getScreenshotAs(FILE): null

2018-11-23 16:48:56 - [TEST_STEP][PASSED] - Statement - PreSaveFile = new java.io.File(PresavePath): null

2018-11-23 16:48:56 - [TEST_STEP][PASSED] - Statement - counter = 0: null

2018-11-23 16:48:56 - [TEST_STEP][PASSED] - Statement - If (PreSaveFile.exists()): null

2018-11-23 16:48:56 - [TEST_STEP][PASSED] - Statement - While (PreSaveFile.exists()): null

2018-11-23 16:48:56 - [TEST_STEP][PASSED] - Statement - counter = counter + 1: null

2018-11-23 16:48:56 - [TEST_STEP][PASSED] - Statement - PreSaveFile = new java.io.File(((pathPrefix + java.lang.Integer.toString(counter)) + .png)): null

2018-11-23 16:48:56 - [TEST_STEP][PASSED] - Statement - counter = counter + 1: null

2018-11-23 16:48:56 - [TEST_STEP][PASSED] - Statement - PreSaveFile = new java.io.File(((pathPrefix + java.lang.Integer.toString(counter)) + .png)): null

2018-11-23 16:48:56 - [TEST_STEP][PASSED] - Statement - counter = counter + 1: null

2018-11-23 16:48:56 - [TEST_STEP][PASSED] - Statement - PreSaveFile = new java.io.File(((pathPrefix + java.lang.Integer.toString(counter)) + .png)): null

2018-11-23 16:48:56 - [TEST_STEP][PASSED] - Statement - counter = counter + 1: null

2018-11-23 16:48:56 - [TEST_STEP][PASSED] - Statement - PreSaveFile = new java.io.File(((pathPrefix + java.lang.Integer.toString(counter)) + .png)): null

2018-11-23 16:48:56 - [TEST_STEP][PASSED] - Statement - counter = counter + 1: null

2018-11-23 16:48:56 - [TEST_STEP][PASSED] - Statement - PreSaveFile = new java.io.File(((pathPrefix + java.lang.Integer.toString(counter)) + .png)): null

2018-11-23 16:48:56 - [TEST_STEP][PASSED] - Statement - counter = counter + 1: null

2018-11-23 16:48:56 - [TEST_STEP][PASSED] - Statement - PreSaveFile = new java.io.File(((pathPrefix + java.lang.Integer.toString(counter)) + .png)): null

2018-11-23 16:48:56 - [TEST_STEP][PASSED] - Statement - counter = counter + 1: null

2018-11-23 16:48:56 - [TEST_STEP][PASSED] - Statement - PreSaveFile = new java.io.File(((pathPrefix + java.lang.Integer.toString(counter)) + .png)): null

2018-11-23 16:48:56 - [TEST_STEP][PASSED] - Statement - counter = counter + 1: null

2018-11-23 16:48:56 - [TEST_STEP][PASSED] - Statement - PreSaveFile = new java.io.File(((pathPrefix + java.lang.Integer.toString(counter)) + .png)): null

2018-11-23 16:48:56 - [TEST_STEP][PASSED] - Statement - counter = counter + 1: null

2018-11-23 16:48:56 - [TEST_STEP][PASSED] - Statement - PreSaveFile = new java.io.File(((pathPrefix + java.lang.Integer.toString(counter)) + .png)): null

2018-11-23 16:48:56 - [TEST_STEP][PASSED] - Statement - counter = counter + 1: null

2018-11-23 16:48:56 - [TEST_STEP][PASSED] - Statement - PreSaveFile = new java.io.File(((pathPrefix + java.lang.Integer.toString(counter)) + .png)): null

2018-11-23 16:48:56 - [TEST_STEP][PASSED] - Statement - counter = counter + 1: null

2018-11-23 16:48:56 - [TEST_STEP][PASSED] - Statement - PreSaveFile = new java.io.File(((pathPrefix + java.lang.Integer.toString(counter)) + .png)): null

2018-11-23 16:48:56 - [TEST_STEP][PASSED] - Statement - counter = counter + 1: null

2018-11-23 16:48:56 - [TEST_STEP][PASSED] - Statement - PreSaveFile = new java.io.File(((pathPrefix + java.lang.Integer.toString(counter)) + .png)): null

2018-11-23 16:48:56 - [TEST_STEP][PASSED] - Statement - counter = counter + 1: null

2018-11-23 16:48:56 - [TEST_STEP][PASSED] - Statement - PreSaveFile = new java.io.File(((pathPrefix + java.lang.Integer.toString(counter)) + .png)): null

2018-11-23 16:48:56 - [TEST_STEP][PASSED] - Statement - counter = counter + 1: null

2018-11-23 16:48:56 - [TEST_STEP][PASSED] - Statement - PreSaveFile = new java.io.File(((pathPrefix + java.lang.Integer.toString(counter)) + .png)): null

2018-11-23 16:48:56 - [TEST_STEP][PASSED] - Statement - counter = counter + 1: null

2018-11-23 16:48:56 - [TEST_STEP][PASSED] - Statement - PreSaveFile = new java.io.File(((pathPrefix + java.lang.Integer.toString(counter)) + .png)): null

2018-11-23 16:48:56 - [TEST_STEP][PASSED] - Statement - counter = counter + 1: null

2018-11-23 16:48:56 - [TEST_STEP][PASSED] - Statement - PreSaveFile = new java.io.File(((pathPrefix + java.lang.Integer.toString(counter)) + .png)): null

2018-11-23 16:48:56 - [TEST_STEP][PASSED] - Statement - counter = counter + 1: null

2018-11-23 16:48:56 - [TEST_STEP][PASSED] - Statement - PreSaveFile = new java.io.File(((pathPrefix + java.lang.Integer.toString(counter)) + .png)): null

2018-11-23 16:48:56 - [TEST_STEP][PASSED] - Statement - counter = counter + 1: null

2018-11-23 16:48:56 - [TEST_STEP][PASSED] - Statement - PreSaveFile = new java.io.File(((pathPrefix + java.lang.Integer.toString(counter)) + .png)): null

2018-11-23 16:48:57 - [TEST_STEP][PASSED] - Statement - counter = counter + 1: null

2018-11-23 16:48:57 - [TEST_STEP][PASSED] - Statement - PreSaveFile = new java.io.File(((pathPrefix + java.lang.Integer.toString(counter)) + .png)): null

2018-11-23 16:48:57 - [TEST_STEP][PASSED] - Statement - counter = counter + 1: null

2018-11-23 16:48:57 - [TEST_STEP][PASSED] - Statement - PreSaveFile = new java.io.File(((pathPrefix + java.lang.Integer.toString(counter)) + .png)): null

2018-11-23 16:48:57 - [TEST_STEP][PASSED] - Statement - counter = counter + 1: null

2018-11-23 16:48:57 - [TEST_STEP][PASSED] - Statement - PreSaveFile = new java.io.File(((pathPrefix + java.lang.Integer.toString(counter)) + .png)): null

2018-11-23 16:48:57 - [TEST_STEP][PASSED] - Statement - counter = counter + 1: null

2018-11-23 16:48:57 - [TEST_STEP][PASSED] - Statement - PreSaveFile = new java.io.File(((pathPrefix + java.lang.Integer.toString(counter)) + .png)): null

2018-11-23 16:48:57 - [TEST_STEP][PASSED] - Statement - counter = counter + 1: null

2018-11-23 16:48:57 - [TEST_STEP][PASSED] - Statement - PreSaveFile = new java.io.File(((pathPrefix + java.lang.Integer.toString(counter)) + .png)): null

2018-11-23 16:48:57 - [TEST_STEP][PASSED] - Statement - counter = counter + 1: null

2018-11-23 16:48:57 - [TEST_STEP][PASSED] - Statement - PreSaveFile = new java.io.File(((pathPrefix + java.lang.Integer.toString(counter)) + .png)): null

2018-11-23 16:48:57 - [TEST_STEP][PASSED] - Statement - counter = counter + 1: null

2018-11-23 16:48:57 - [TEST_STEP][PASSED] - Statement - PreSaveFile = new java.io.File(((pathPrefix + java.lang.Integer.toString(counter)) + .png)): null

2018-11-23 16:48:57 - [TEST_STEP][PASSED] - Statement - counter = counter + 1: null

2018-11-23 16:48:57 - [TEST_STEP][PASSED] - Statement - PreSaveFile = new java.io.File(((pathPrefix + java.lang.Integer.toString(counter)) + .png)): null

2018-11-23 16:48:57 - [TEST_STEP][PASSED] - Statement - counter = counter + 1: null

2018-11-23 16:48:57 - [TEST_STEP][PASSED] - Statement - PreSaveFile = new java.io.File(((pathPrefix + java.lang.Integer.toString(counter)) + .png)): null

2018-11-23 16:48:57 - [TEST_STEP][PASSED] - Statement - counter = counter + 1: null

2018-11-23 16:48:58 - [TEST_STEP][PASSED] - Statement - PreSaveFile = new java.io.File(((pathPrefix + java.lang.Integer.toString(counter)) + .png)): null

2018-11-23 16:48:59 - [TEST_STEP][PASSED] - Statement - counter = counter + 1: null

2018-11-23 16:48:59 - [TEST_STEP][PASSED] - Statement - PreSaveFile = new java.io.File(((pathPrefix + java.lang.Integer.toString(counter)) + .png)): null

2018-11-23 16:48:59 - [TEST_STEP][PASSED] - Statement - counter = counter + 1: null

2018-11-23 16:48:59 - [TEST_STEP][PASSED] - Statement - PreSaveFile = new java.io.File(((pathPrefix + java.lang.Integer.toString(counter)) + .png)): null

2018-11-23 16:48:59 - [TEST_STEP][PASSED] - Statement - counter = counter + 1: null

2018-11-23 16:48:59 - [TEST_STEP][PASSED] - Statement - PreSaveFile = new java.io.File(((pathPrefix + java.lang.Integer.toString(counter)) + .png)): null

2018-11-23 16:48:59 - [TEST_STEP][PASSED] - Statement - counter = counter + 1: null

2018-11-23 16:48:59 - [TEST_STEP][PASSED] - Statement - PreSaveFile = new java.io.File(((pathPrefix + java.lang.Integer.toString(counter)) + .png)): null

2018-11-23 16:48:59 - [TEST_STEP][PASSED] - Statement - counter = counter + 1: null

2018-11-23 16:48:59 - [TEST_STEP][PASSED] - Statement - PreSaveFile = new java.io.File(((pathPrefix + java.lang.Integer.toString(counter)) + .png)): null

2018-11-23 16:48:59 - [TEST_STEP][PASSED] - Statement - counter = counter + 1: null

2018-11-23 16:48:59 - [TEST_STEP][PASSED] - Statement - PreSaveFile = new java.io.File(((pathPrefix + java.lang.Integer.toString(counter)) + .png)): null

2018-11-23 16:48:59 - [TEST_STEP][PASSED] - Statement - counter = counter + 1: null

2018-11-23 16:48:59 - [TEST_STEP][PASSED] - Statement - PreSaveFile = new java.io.File(((pathPrefix + java.lang.Integer.toString(counter)) + .png)): null

2018-11-23 16:48:59 - [TEST_STEP][PASSED] - Statement - counter = counter + 1: null

2018-11-23 16:48:59 - [TEST_STEP][PASSED] - Statement - PreSaveFile = new java.io.File(((pathPrefix + java.lang.Integer.toString(counter)) + .png)): null

2018-11-23 16:48:59 - [TEST_STEP][PASSED] - Statement - counter = counter + 1: null

2018-11-23 16:48:59 - [TEST_STEP][PASSED] - Statement - PreSaveFile = new java.io.File(((pathPrefix + java.lang.Integer.toString(counter)) + .png)): null

2018-11-23 16:48:59 - [TEST_STEP][PASSED] - Statement - counter = counter + 1: null

2018-11-23 16:48:59 - [TEST_STEP][PASSED] - Statement - PreSaveFile = new java.io.File(((pathPrefix + java.lang.Integer.toString(counter)) + .png)): null

2018-11-23 16:48:59 - [TEST_STEP][PASSED] - Statement - counter = counter + 1: null

2018-11-23 16:48:59 - [TEST_STEP][PASSED] - Statement - PreSaveFile = new java.io.File(((pathPrefix + java.lang.Integer.toString(counter)) + .png)): null

2018-11-23 16:48:59 - [TEST_STEP][PASSED] - Statement - counter = counter + 1: null

2018-11-23 16:48:59 - [TEST_STEP][PASSED] - Statement - PreSaveFile = new java.io.File(((pathPrefix + java.lang.Integer.toString(counter)) + .png)): null

2018-11-23 16:48:59 - [TEST_STEP][PASSED] - Statement - counter = counter + 1: null

2018-11-23 16:48:59 - [TEST_STEP][PASSED] - Statement - PreSaveFile = new java.io.File(((pathPrefix + java.lang.Integer.toString(counter)) + .png)): null

2018-11-23 16:48:59 - [TEST_STEP][PASSED] - Statement - counter = counter + 1: null

2018-11-23 16:48:59 - [TEST_STEP][PASSED] - Statement - PreSaveFile = new java.io.File(((pathPrefix + java.lang.Integer.toString(counter)) + .png)): null

2018-11-23 16:49:00 - [TEST_STEP][PASSED] - Statement - counter = counter + 1: null

2018-11-23 16:49:00 - [TEST_STEP][PASSED] - Statement - PreSaveFile = new java.io.File(((pathPrefix + java.lang.Integer.toString(counter)) + .png)): null

2018-11-23 16:49:00 - [TEST_STEP][PASSED] - Statement - counter = counter + 1: null

2018-11-23 16:49:00 - [TEST_STEP][PASSED] - Statement - PreSaveFile = new java.io.File(((pathPrefix + java.lang.Integer.toString(counter)) + .png)): null

2018-11-23 16:49:00 - [TEST_STEP][PASSED] - Statement - counter = counter + 1: null

2018-11-23 16:49:00 - [TEST_STEP][PASSED] - Statement - PreSaveFile = new java.io.File(((pathPrefix + java.lang.Integer.toString(counter)) + .png)): null

2018-11-23 16:49:00 - [TEST_STEP][PASSED] - Statement - counter = counter + 1: null

2018-11-23 16:49:00 - [TEST_STEP][PASSED] - Statement - PreSaveFile = new java.io.File(((pathPrefix + java.lang.Integer.toString(counter)) + .png)): null

2018-11-23 16:49:00 - [TEST_STEP][PASSED] - Statement - counter = counter + 1: null

2018-11-23 16:49:00 - [TEST_STEP][PASSED] - Statement - PreSaveFile = new java.io.File(((pathPrefix + java.lang.Integer.toString(counter)) + .png)): null

2018-11-23 16:49:01 - [TEST_STEP][PASSED] - Statement - counter = counter + 1: null

2018-11-23 16:49:01 - [TEST_STEP][PASSED] - Statement - PreSaveFile = new java.io.File(((pathPrefix + java.lang.Integer.toString(counter)) + .png)): null

2018-11-23 16:49:01 - [TEST_STEP][PASSED] - Statement - counter = counter + 1: null

2018-11-23 16:49:01 - [TEST_STEP][PASSED] - Statement - PreSaveFile = new java.io.File(((pathPrefix + java.lang.Integer.toString(counter)) + .png)): null

2018-11-23 16:49:01 - [TEST_STEP][PASSED] - Statement - counter = counter + 1: null

2018-11-23 16:49:01 - [TEST_STEP][PASSED] - Statement - PreSaveFile = new java.io.File(((pathPrefix + java.lang.Integer.toString(counter)) + .png)): null

2018-11-23 16:49:01 - [TEST_STEP][PASSED] - Statement - counter = counter + 1: null

2018-11-23 16:49:01 - [TEST_STEP][PASSED] - Statement - PreSaveFile = new java.io.File(((pathPrefix + java.lang.Integer.toString(counter)) + .png)): null

2018-11-23 16:49:01 - [TEST_STEP][PASSED] - Statement - counter = counter + 1: null

2018-11-23 16:49:02 - [TEST_STEP][PASSED] - Statement - PreSaveFile = new java.io.File(((pathPrefix + java.lang.Integer.toString(counter)) + .png)): null

2018-11-23 16:49:02 - [TEST_STEP][PASSED] - Statement - counter = counter + 1: null

2018-11-23 16:49:02 - [TEST_STEP][PASSED] - Statement - PreSaveFile = new java.io.File(((pathPrefix + java.lang.Integer.toString(counter)) + .png)): null

2018-11-23 16:49:02 - [TEST_STEP][PASSED] - Statement - counter = counter + 1: null

2018-11-23 16:49:02 - [TEST_STEP][PASSED] - Statement - PreSaveFile = new java.io.File(((pathPrefix + java.lang.Integer.toString(counter)) + .png)): null

2018-11-23 16:49:02 - [TEST_STEP][PASSED] - Statement - counter = counter + 1: null

2018-11-23 16:49:02 - [TEST_STEP][PASSED] - Statement - PreSaveFile = new java.io.File(((pathPrefix + java.lang.Integer.toString(counter)) + .png)): null

2018-11-23 16:49:02 - [TEST_STEP][PASSED] - Statement - counter = counter + 1: null

2018-11-23 16:49:02 - [TEST_STEP][PASSED] - Statement - PreSaveFile = new java.io.File(((pathPrefix + java.lang.Integer.toString(counter)) + .png)): null

2018-11-23 16:49:02 - [TEST_STEP][PASSED] - Statement - counter = counter + 1: null

2018-11-23 16:49:03 - [TEST_STEP][PASSED] - Statement - PreSaveFile = new java.io.File(((pathPrefix + java.lang.Integer.toString(counter)) + .png)): null

2018-11-23 16:49:03 - [TEST_STEP][PASSED] - Statement - counter = counter + 1: null

2018-11-23 16:49:03 - [TEST_STEP][PASSED] - Statement - PreSaveFile = new java.io.File(((pathPrefix + java.lang.Integer.toString(counter)) + .png)): null

2018-11-23 16:49:03 - [TEST_STEP][PASSED] - Statement - counter = counter + 1: null

2018-11-23 16:49:03 - [TEST_STEP][PASSED] - Statement - PreSaveFile = new java.io.File(((pathPrefix + java.lang.Integer.toString(counter)) + .png)): null

2018-11-23 16:49:03 - [TEST_STEP][PASSED] - Statement - counter = counter + 1: null

2018-11-23 16:49:03 - [TEST_STEP][PASSED] - Statement - PreSaveFile = new java.io.File(((pathPrefix + java.lang.Integer.toString(counter)) + .png)): null

2018-11-23 16:49:03 - [TEST_STEP][PASSED] - Statement - counter = counter + 1: null

2018-11-23 16:49:03 - [TEST_STEP][PASSED] - Statement - PreSaveFile = new java.io.File(((pathPrefix + java.lang.Integer.toString(counter)) + .png)): null

2018-11-23 16:49:04 - [TEST_STEP][PASSED] - Statement - counter = counter + 1: null

2018-11-23 16:49:04 - [TEST_STEP][PASSED] - Statement - PreSaveFile = new java.io.File(((pathPrefix + java.lang.Integer.toString(counter)) + .png)): null

2018-11-23 16:49:04 - [TEST_STEP][PASSED] - Statement - counter = counter + 1: null

2018-11-23 16:49:04 - [TEST_STEP][PASSED] - Statement - PreSaveFile = new java.io.File(((pathPrefix + java.lang.Integer.toString(counter)) + .png)): null

2018-11-23 16:49:04 - [TEST_STEP][PASSED] - Statement - counter = counter + 1: null

2018-11-23 16:49:04 - [TEST_STEP][PASSED] - Statement - PreSaveFile = new java.io.File(((pathPrefix + java.lang.Integer.toString(counter)) + .png)): null

2018-11-23 16:49:04 - [TEST_STEP][PASSED] - Statement - counter = counter + 1: null

2018-11-23 16:49:04 - [TEST_STEP][PASSED] - Statement - PreSaveFile = new java.io.File(((pathPrefix + java.lang.Integer.toString(counter)) + .png)): null

2018-11-23 16:49:04 - [TEST_STEP][PASSED] - Statement - counter = counter + 1: null

2018-11-23 16:49:04 - [TEST_STEP][PASSED] - Statement - PreSaveFile = new java.io.File(((pathPrefix + java.lang.Integer.toString(counter)) + .png)): null

2018-11-23 16:49:05 - [TEST_STEP][PASSED] - Statement - counter = counter + 1: null

2018-11-23 16:49:05 - [TEST_STEP][PASSED] - Statement - PreSaveFile = new java.io.File(((pathPrefix + java.lang.Integer.toString(counter)) + .png)): null

2018-11-23 16:49:05 - [TEST_STEP][PASSED] - Statement - counter = counter + 1: null

2018-11-23 16:49:05 - [TEST_STEP][PASSED] - Statement - PreSaveFile = new java.io.File(((pathPrefix + java.lang.Integer.toString(counter)) + .png)): null

2018-11-23 16:49:05 - [TEST_STEP][PASSED] - Statement - counter = counter + 1: null

2018-11-23 16:49:05 - [TEST_STEP][PASSED] - Statement - PreSaveFile = new java.io.File(((pathPrefix + java.lang.Integer.toString(counter)) + .png)): null

2018-11-23 16:49:05 - [TEST_STEP][PASSED] - Statement - counter = counter + 1: null

2018-11-23 16:49:05 - [TEST_STEP][PASSED] - Statement - PreSaveFile = new java.io.File(((pathPrefix + java.lang.Integer.toString(counter)) + .png)): null

2018-11-23 16:49:05 - [TEST_STEP][PASSED] - Statement - counter = counter + 1: null

2018-11-23 16:49:05 - [TEST_STEP][PASSED] - Statement - PreSaveFile = new java.io.File(((pathPrefix + java.lang.Integer.toString(counter)) + .png)): null

2018-11-23 16:49:07 - [TEST_STEP][PASSED] - Statement - counter = counter + 1: null

2018-11-23 16:49:07 - [TEST_STEP][PASSED] - Statement - PreSaveFile = new java.io.File(((pathPrefix + java.lang.Integer.toString(counter)) + .png)): null

2018-11-23 16:49:07 - [TEST_STEP][PASSED] - Statement - counter = counter + 1: null

2018-11-23 16:49:07 - [TEST_STEP][PASSED] - Statement - PreSaveFile = new java.io.File(((pathPrefix + java.lang.Integer.toString(counter)) + .png)): null

2018-11-23 16:49:07 - [TEST_STEP][PASSED] - Statement - counter = counter + 1: null

2018-11-23 16:49:07 - [TEST_STEP][PASSED] - Statement - PreSaveFile = new java.io.File(((pathPrefix + java.lang.Integer.toString(counter)) + .png)): null

2018-11-23 16:49:07 - [TEST_STEP][PASSED] - Statement - counter = counter + 1: null

2018-11-23 16:49:07 - [TEST_STEP][PASSED] - Statement - PreSaveFile = new java.io.File(((pathPrefix + java.lang.Integer.toString(counter)) + .png)): null

2018-11-23 16:49:07 - [TEST_STEP][PASSED] - Statement - counter = counter + 1: null

2018-11-23 16:49:08 - [TEST_STEP][PASSED] - Statement - PreSaveFile = new java.io.File(((pathPrefix + java.lang.Integer.toString(counter)) + .png)): null

2018-11-23 16:49:08 - [TEST_STEP][PASSED] - Statement - counter = counter + 1: null

2018-11-23 16:49:08 - [TEST_STEP][PASSED] - Statement - PreSaveFile = new java.io.File(((pathPrefix + java.lang.Integer.toString(counter)) + .png)): null

2018-11-23 16:49:08 - [TEST_STEP][PASSED] - Statement - counter = counter + 1: null

2018-11-23 16:49:08 - [TEST_STEP][PASSED] - Statement - PreSaveFile = new java.io.File(((pathPrefix + java.lang.Integer.toString(counter)) + .png)): null

2018-11-23 16:49:08 - [TEST_STEP][PASSED] - Statement - counter = counter + 1: null

2018-11-23 16:49:08 - [TEST_STEP][PASSED] - Statement - PreSaveFile = new java.io.File(((pathPrefix + java.lang.Integer.toString(counter)) + .png)): null

2018-11-23 16:49:08 - [TEST_STEP][PASSED] - Statement - counter = counter + 1: null

2018-11-23 16:49:08 - [TEST_STEP][PASSED] - Statement - PreSaveFile = new java.io.File(((pathPrefix + java.lang.Integer.toString(counter)) + .png)): null

2018-11-23 16:49:08 - [TEST_STEP][PASSED] - Statement - counter = counter + 1: null

2018-11-23 16:49:09 - [TEST_STEP][PASSED] - Statement - PreSaveFile = new java.io.File(((pathPrefix + java.lang.Integer.toString(counter)) + .png)): null

2018-11-23 16:49:09 - [TEST_STEP][PASSED] - Statement - counter = counter + 1: null

2018-11-23 16:49:09 - [TEST_STEP][PASSED] - Statement - PreSaveFile = new java.io.File(((pathPrefix + java.lang.Integer.toString(counter)) + .png)): null

2018-11-23 16:49:09 - [TEST_STEP][PASSED] - Statement - counter = counter + 1: null

2018-11-23 16:49:09 - [TEST_STEP][PASSED] - Statement - PreSaveFile = new java.io.File(((pathPrefix + java.lang.Integer.toString(counter)) + .png)): null

2018-11-23 16:49:09 - [TEST_STEP][PASSED] - Statement - counter = counter + 1: null

2018-11-23 16:49:09 - [TEST_STEP][PASSED] - Statement - PreSaveFile = new java.io.File(((pathPrefix + java.lang.Integer.toString(counter)) + .png)): null

2018-11-23 16:49:09 - [TEST_STEP][PASSED] - Statement - counter = counter + 1: null

2018-11-23 16:49:09 - [TEST_STEP][PASSED] - Statement - PreSaveFile = new java.io.File(((pathPrefix + java.lang.Integer.toString(counter)) + .png)): null

2018-11-23 16:49:10 - [TEST_STEP][PASSED] - Statement - counter = counter + 1: null

2018-11-23 16:49:10 - [TEST_STEP][PASSED] - Statement - PreSaveFile = new java.io.File(((pathPrefix + java.lang.Integer.toString(counter)) + .png)): null

2018-11-23 16:49:10 - [TEST_STEP][PASSED] - Statement - counter = counter + 1: null

2018-11-23 16:49:10 - [TEST_STEP][PASSED] - Statement - PreSaveFile = new java.io.File(((pathPrefix + java.lang.Integer.toString(counter)) + .png)): null

2018-11-23 16:49:10 - [TEST_STEP][PASSED] - Statement - counter = counter + 1: null

2018-11-23 16:49:10 - [TEST_STEP][PASSED] - Statement - PreSaveFile = new java.io.File(((pathPrefix + java.lang.Integer.toString(counter)) + .png)): null

2018-11-23 16:49:10 - [TEST_STEP][PASSED] - Statement - counter = counter + 1: null

2018-11-23 16:49:10 - [TEST_STEP][PASSED] - Statement - PreSaveFile = new java.io.File(((pathPrefix + java.lang.Integer.toString(counter)) + .png)): null

2018-11-23 16:49:10 - [TEST_STEP][PASSED] - Statement - counter = counter + 1: null

2018-11-23 16:49:10 - [TEST_STEP][PASSED] - Statement - PreSaveFile = new java.io.File(((pathPrefix + java.lang.Integer.toString(counter)) + .png)): null

2018-11-23 16:49:12 - [TEST_STEP][PASSED] - Statement - counter = counter + 1: null

2018-11-23 16:49:12 - [TEST_STEP][PASSED] - Statement - PreSaveFile = new java.io.File(((pathPrefix + java.lang.Integer.toString(counter)) + .png)): null

2018-11-23 16:49:12 - [TEST_STEP][PASSED] - Statement - counter = counter + 1: null

2018-11-23 16:49:12 - [TEST_STEP][PASSED] - Statement - PreSaveFile = new java.io.File(((pathPrefix + java.lang.Integer.toString(counter)) + .png)): null

2018-11-23 16:49:12 - [TEST_STEP][PASSED] - Statement - counter = counter + 1: null

2018-11-23 16:49:12 - [TEST_STEP][PASSED] - Statement - PreSaveFile = new java.io.File(((pathPrefix + java.lang.Integer.toString(counter)) + .png)): null

2018-11-23 16:49:12 - [TEST_STEP][PASSED] - Statement - counter = counter + 1: null

2018-11-23 16:49:12 - [TEST_STEP][PASSED] - Statement - PreSaveFile = new java.io.File(((pathPrefix + java.lang.Integer.toString(counter)) + .png)): null

2018-11-23 16:49:12 - [TEST_STEP][PASSED] - Statement - counter = counter + 1: null

2018-11-23 16:49:12 - [TEST_STEP][PASSED] - Statement - PreSaveFile = new java.io.File(((pathPrefix + java.lang.Integer.toString(counter)) + .png)): null

2018-11-23 16:49:13 - [TEST_STEP][PASSED] - Statement - counter = counter + 1: null

2018-11-23 16:49:13 - [TEST_STEP][PASSED] - Statement - PreSaveFile = new java.io.File(((pathPrefix + java.lang.Integer.toString(counter)) + .png)): null

2018-11-23 16:49:13 - [TEST_STEP][PASSED] - Statement - counter = counter + 1: null

2018-11-23 16:49:13 - [TEST_STEP][PASSED] - Statement - PreSaveFile = new java.io.File(((pathPrefix + java.lang.Integer.toString(counter)) + .png)): null

2018-11-23 16:49:13 - [TEST_STEP][PASSED] - Statement - counter = counter + 1: null

2018-11-23 16:49:13 - [TEST_STEP][PASSED] - Statement - PreSaveFile = new java.io.File(((pathPrefix + java.lang.Integer.toString(counter)) + .png)): null

2018-11-23 16:49:13 - [TEST_STEP][PASSED] - Statement - counter = counter + 1: null

2018-11-23 16:49:13 - [TEST_STEP][PASSED] - Statement - PreSaveFile = new java.io.File(((pathPrefix + java.lang.Integer.toString(counter)) + .png)): null

2018-11-23 16:49:13 - [TEST_STEP][PASSED] - Statement - counter = counter + 1: null

2018-11-23 16:49:15 - [TEST_STEP][PASSED] - Statement - PreSaveFile = new java.io.File(((pathPrefix + java.lang.Integer.toString(counter)) + .png)): null

2018-11-23 16:49:15 - [TEST_STEP][PASSED] - Statement - counter = counter + 1: null

2018-11-23 16:49:15 - [TEST_STEP][PASSED] - Statement - PreSaveFile = new java.io.File(((pathPrefix + java.lang.Integer.toString(counter)) + .png)): null

2018-11-23 16:49:15 - [TEST_STEP][PASSED] - Statement - counter = counter + 1: null

2018-11-23 16:49:15 - [TEST_STEP][PASSED] - Statement - PreSaveFile = new java.io.File(((pathPrefix + java.lang.Integer.toString(counter)) + .png)): null

2018-11-23 16:49:15 - [TEST_STEP][PASSED] - Statement - counter = counter + 1: null

2018-11-23 16:49:15 - [TEST_STEP][PASSED] - Statement - PreSaveFile = new java.io.File(((pathPrefix + java.lang.Integer.toString(counter)) + .png)): null

2018-11-23 16:49:15 - [TEST_STEP][PASSED] - Statement - counter = counter + 1: null

2018-11-23 16:49:15 - [TEST_STEP][PASSED] - Statement - PreSaveFile = new java.io.File(((pathPrefix + java.lang.Integer.toString(counter)) + .png)): null

2018-11-23 16:49:15 - [TEST_STEP][PASSED] - Statement - counter = counter + 1: null

2018-11-23 16:49:16 - [TEST_STEP][PASSED] - Statement - PreSaveFile = new java.io.File(((pathPrefix + java.lang.Integer.toString(counter)) + .png)): null

2018-11-23 16:49:16 - [TEST_STEP][PASSED] - Statement - counter = counter + 1: null

2018-11-23 16:49:16 - [TEST_STEP][PASSED] - Statement - PreSaveFile = new java.io.File(((pathPrefix + java.lang.Integer.toString(counter)) + .png)): null

2018-11-23 16:49:16 - [TEST_STEP][PASSED] - Statement - counter = counter + 1: null

2018-11-23 16:49:16 - [TEST_STEP][PASSED] - Statement - PreSaveFile = new java.io.File(((pathPrefix + java.lang.Integer.toString(counter)) + .png)): null

2018-11-23 16:49:16 - [TEST_STEP][PASSED] - Statement - counter = counter + 1: null

2018-11-23 16:49:16 - [TEST_STEP][PASSED] - Statement - PreSaveFile = new java.io.File(((pathPrefix + java.lang.Integer.toString(counter)) + .png)): null

2018-11-23 16:49:16 - [TEST_STEP][PASSED] - Statement - counter = counter + 1: null

2018-11-23 16:49:16 - [TEST_STEP][PASSED] - Statement - PreSaveFile = new java.io.File(((pathPrefix + java.lang.Integer.toString(counter)) + .png)): null

2018-11-23 16:49:18 - [TEST_STEP][PASSED] - Statement - counter = counter + 1: null

2018-11-23 16:49:18 - [TEST_STEP][PASSED] - Statement - PreSaveFile = new java.io.File(((pathPrefix + java.lang.Integer.toString(counter)) + .png)): null

2018-11-23 16:49:18 - [TEST_STEP][PASSED] - Statement - counter = counter + 1: null

2018-11-23 16:49:18 - [TEST_STEP][PASSED] - Statement - PreSaveFile = new java.io.File(((pathPrefix + java.lang.Integer.toString(counter)) + .png)): null

2018-11-23 16:49:18 - [TEST_STEP][PASSED] - Statement - counter = counter + 1: null

2018-11-23 16:49:18 - [TEST_STEP][PASSED] - Statement - PreSaveFile = new java.io.File(((pathPrefix + java.lang.Integer.toString(counter)) + .png)): null

2018-11-23 16:49:18 - [TEST_STEP][PASSED] - Statement - counter = counter + 1: null

2018-11-23 16:49:18 - [TEST_STEP][PASSED] - Statement - PreSaveFile = new java.io.File(((pathPrefix + java.lang.Integer.toString(counter)) + .png)): null

2018-11-23 16:49:18 - [TEST_STEP][PASSED] - Statement - counter = counter + 1: null

2018-11-23 16:49:18 - [TEST_STEP][PASSED] - Statement - PreSaveFile = new java.io.File(((pathPrefix + java.lang.Integer.toString(counter)) + .png)): null

2018-11-23 16:49:20 - [TEST_STEP][PASSED] - Statement - counter = counter + 1: null

2018-11-23 16:49:20 - [TEST_STEP][PASSED] - Statement - PreSaveFile = new java.io.File(((pathPrefix + java.lang.Integer.toString(counter)) + .png)): null

2018-11-23 16:49:20 - [TEST_STEP][PASSED] - Statement - counter = counter + 1: null

2018-11-23 16:49:20 - [TEST_STEP][PASSED] - Statement - PreSaveFile = new java.io.File(((pathPrefix + java.lang.Integer.toString(counter)) + .png)): null

2018-11-23 16:49:20 - [TEST_STEP][PASSED] - Statement - finalPath = pathPrefix + java.lang.Integer.toString(counter) + ".png": null

2018-11-23 16:49:20 - [TEST_STEP][PASSED] - Statement - SaveFile = new java.io.File(finalPath): null

2018-11-23 16:49:20 - [TEST_STEP][PASSED] - Statement - Try: null

2018-11-23 16:49:20 - [TEST_STEP][PASSED] - Statement - org.apache.commons.io.FileUtils.copyFile(scrFile, SaveFile): null

2018-11-23 16:49:20 - [TEST_STEP][PASSED] - Statement - out.println("file kept"): null

2018-11-23 16:49:21 - [TEST_STEP][PASSED] - delay: Delayed 10 second(s)

2018-11-23 16:49:31 - [MESSAGE][PASSED] - Delayed 10 second(s)

2018-11-23 16:49:31 - [MESSAGE][PASSED] - Call Test Case 'Test Cases/Final Aug 2018 - PKS Automation/Registration Module/New Registration/Submit and Screenshot/Submit Registration and Screenshot - Copy' successfully

2018-11-23 16:49:31 - [TEST_STEP][PASSED] - Statement - UpdateAddNewECode = com.kms.katalon.core.webui.keyword.WebUiBuiltInKeywords.getText(com.kms.katalon.core.testobject.ObjectRepository.findTestObject(Object Repository/Final Object Repo/Page_Update Add New Employee - ASSIST/getEmpCode)): Text of object 'Object Repository/Final Object Repo/Page_Update Add New Employee - ASSIST/getEmpCode' is: 'E1102070398Y'

2018-11-23 16:49:32 - [MESSAGE][PASSED] - Text of object 'Object Repository/Final Object Repo/Page_Update Add New Employee - ASSIST/getEmpCode' is: 'E1102070398Y'

2018-11-23 16:49:32 - [TEST_STEP][PASSED] - callTestCase: Call Test Case 'Test Cases/Final Aug 2018 - PKS Automation/Common/Emp Code Setter' successfully

2018-11-23 16:49:32 - [TEST_CASE][PASSED] - Test Cases/Final Aug 2018 - PKS Automation/Common/Emp Code Setter: Test Cases/Final Aug 2018 - PKS Automation/Common/Emp Code Setter

2018-11-23 16:49:32 - [TEST_STEP][PASSED] - Statement - EmpCodeOld = new java.io.File(C://Users//Admin//Desktop//PKS//Automation Reference Point//EmpCode.txt): null

2018-11-23 16:49:32 - [TEST_STEP][PASSED] - Statement - EmpCodeOld.delete(): null

2018-11-23 16:49:32 - [TEST_STEP][PASSED] - Statement - EmpCode = new java.io.File(C://Users//Admin//Desktop//PKS//Automation Reference Point//EmpCode.txt): null

2018-11-23 16:49:32 - [TEST_STEP][PASSED] - Statement - EmpCode.append(UpdateAddNewECode): null

2018-11-23 16:49:32 - [TEST_STEP][PASSED] - Statement - out.println("


" + UpdateAddNewECode + "


"): null

2018-11-23 16:49:32 - [MESSAGE][PASSED] - Call Test Case 'Test Cases/Final Aug 2018 - PKS Automation/Common/Emp Code Setter' successfully

2018-11-23 16:49:32 - [MESSAGE][PASSED] - Call Test Case 'Test Cases/Final Aug 2018 - PKS Automation/Registration Module/Workflow/Update Add New Employee/Template/New Company for Update Add New - Employer' successfully

2018-11-23 16:49:32 - [TEST_STEP][PASSED] - callTestCase: Call Test Case 'Test Cases/Final Aug 2018 - PKS Automation/Create Employer Acc/Login to Employer Account (Second time)' successfully

2018-11-23 16:49:32 - [TEST_CASE][PASSED] - Test Cases/Final Aug 2018 - PKS Automation/Create Employer Acc/Login to Employer Account (Second time): Test Cases/Final Aug 2018 - PKS Automation/Create Employer Acc/Login to Employer Account (Second time)

2018-11-23 16:49:32 - [TEST_STEP][PASSED] - openBrowser: Browser is opened with url: ''

2018-11-23 16:49:32 - [MESSAGE][WARNING] - A browser is already opened. Closing browser and opening a new one

2018-11-23 16:49:37 - [MESSAGE][PASSED] - Browser is opened with url: ''

2018-11-23 16:49:37 - [TEST_STEP][PASSED] - navigateToUrl: Navigate to 'https://assist2-uat.perkeso.gov.my/employer/login' successfully

2018-11-23 16:49:38 - [MESSAGE][PASSED] - Navigate to 'https://assist2-uat.perkeso.gov.my/employer/login' successfully

2018-11-23 16:49:38 - [TEST_STEP][PASSED] - delay: Delayed 3 second(s)

2018-11-23 16:49:41 - [MESSAGE][PASSED] - Delayed 3 second(s)

2018-11-23 16:49:41 - [TEST_STEP][PASSED] - callTestCase: Call Test Case 'Test Cases/Final Aug 2018 - PKS Automation/Create Employer Acc/Template/Employer Email Getter' successfully

2018-11-23 16:49:41 - [TEST_CASE][PASSED] - Test Cases/Final Aug 2018 - PKS Automation/Create Employer Acc/Template/Employer Email Getter: Test Cases/Final Aug 2018 - PKS Automation/Create Employer Acc/Template/Employer Email Getter

2018-11-23 16:49:41 - [TEST_STEP][PASSED] - Statement - Try: null

2018-11-23 16:49:41 - [TEST_STEP][PASSED] - Statement - EmpEmail = new java.io.File(C://Users//Admin//Desktop//PKS//Automation Reference Point//EmpEmail.txt): null

2018-11-23 16:49:41 - [TEST_STEP][PASSED] - Statement - bufferread = new java.io.BufferedReader(new java.io.FileReader(EmpEmail)): null

2018-11-23 16:49:41 - [TEST_STEP][PASSED] - Statement - readedVal = bufferread.readLine(): null

2018-11-23 16:49:41 - [TEST_STEP][PASSED] - Statement - out.println(readedVal): null

2018-11-23 16:49:41 - [TEST_STEP][PASSED] - Statement - Email = readedVal: null

2018-11-23 16:49:41 - [MESSAGE][PASSED] - Call Test Case 'Test Cases/Final Aug 2018 - PKS Automation/Create Employer Acc/Template/Employer Email Getter' successfully

2018-11-23 16:49:41 - [TEST_STEP][PASSED] - setText: Text 'perkeso555398208738@gmail.com' is set on object 'Object Repository/Final Object Repo/Login Page/External Login Page/Email'

2018-11-23 16:49:41 - [MESSAGE][PASSED] - Text 'perkeso555398208738@gmail.com' is set on object 'Object Repository/Final Object Repo/Login Page/External Login Page/Email'

2018-11-23 16:49:41 - [TEST_STEP][PASSED] - click: Object: 'Object Repository/Final Object Repo/Login Page/External Login Page/Next' is clicked on

2018-11-23 16:49:42 - [MESSAGE][PASSED] - Object: 'Object Repository/Final Object Repo/Login Page/External Login Page/Next' is clicked on

2018-11-23 16:49:42 - [TEST_STEP][PASSED] - delay: Delayed 3 second(s)

2018-11-23 16:49:45 - [MESSAGE][PASSED] - Delayed 3 second(s)

2018-11-23 16:49:45 - [TEST_STEP][PASSED] - setEncryptedText: Text ****** has been set on object 'Object Repository/Final Object Repo/Login Page/External Login Page/Password'

2018-11-23 16:49:45 - [MESSAGE][PASSED] - Text ****** has been set on object 'Object Repository/Final Object Repo/Login Page/External Login Page/Password'

2018-11-23 16:49:45 - [TEST_STEP][PASSED] - click: Object: 'Object Repository/Final Object Repo/Login Page/External Login Page/Login' is clicked on

2018-11-23 16:49:50 - [MESSAGE][PASSED] - Object: 'Object Repository/Final Object Repo/Login Page/External Login Page/Login' is clicked on

2018-11-23 16:49:50 - [TEST_STEP][PASSED] - delay: Delayed 5 second(s)

2018-11-23 16:49:55 - [MESSAGE][PASSED] - Delayed 5 second(s)

2018-11-23 16:49:55 - [MESSAGE][PASSED] - Call Test Case 'Test Cases/Final Aug 2018 - PKS Automation/Create Employer Acc/Login to Employer Account (Second time)' successfully

2018-11-23 16:49:55 - [TEST_STEP][PASSED] - navigateToUrl: Navigate to 'https://assist2-uat.perkeso.gov.my/web/registration/update/form-1a-cessation-as-employer-discontinue-business-' successfully

2018-11-23 16:49:57 - [MESSAGE][PASSED] - Navigate to 'https://assist2-uat.perkeso.gov.my/web/registration/update/form-1a-cessation-as-employer-discontinue-business-' successfully

2018-11-23 16:49:57 - [TEST_STEP][PASSED] - callTestCase: Call Test Case 'Test Cases/Final Aug 2018 - PKS Automation/Common/Emp Code Getter' successfully

2018-11-23 16:49:57 - [TEST_CASE][PASSED] - Test Cases/Final Aug 2018 - PKS Automation/Common/Emp Code Getter: Test Cases/Final Aug 2018 - PKS Automation/Common/Emp Code Getter

2018-11-23 16:49:57 - [TEST_STEP][PASSED] - Statement - Try: null

2018-11-23 16:49:57 - [TEST_STEP][PASSED] - Statement - EmpCode = new java.io.File(C://Users//Admin//Desktop//PKS//Automation Reference Point//EmpCode.txt): null

2018-11-23 16:49:57 - [TEST_STEP][PASSED] - Statement - bufferread = new java.io.BufferedReader(new java.io.FileReader(EmpCode)): null

2018-11-23 16:49:57 - [TEST_STEP][PASSED] - Statement - readedVal = bufferread.readLine(): null

2018-11-23 16:49:57 - [TEST_STEP][PASSED] - Statement - out.println(readedVal): null

2018-11-23 16:49:57 - [TEST_STEP][PASSED] - Statement - UpdateAddNewECode = readedVal: null

2018-11-23 16:49:57 - [MESSAGE][PASSED] - Call Test Case 'Test Cases/Final Aug 2018 - PKS Automation/Common/Emp Code Getter' successfully

2018-11-23 16:49:57 - [TEST_STEP][PASSED] - setText: Text 'E1102070398Y' is set on object 'Object Repository/Final Object Repo/Page_Update Employer Information/Employer Code'

2018-11-23 16:49:57 - [MESSAGE][PASSED] - Text 'E1102070398Y' is set on object 'Object Repository/Final Object Repo/Page_Update Employer Information/Employer Code'

2018-11-23 16:49:57 - [TEST_STEP][PASSED] - click: Object: 'Object Repository/Final Object Repo/Page_Update Employer Information/Search Button' is clicked on

2018-11-23 16:49:58 - [MESSAGE][PASSED] - Object: 'Object Repository/Final Object Repo/Page_Update Employer Information/Search Button' is clicked on

2018-11-23 16:49:58 - [TEST_STEP][PASSED] - click: Object: 'Object Repository/Final Object Repo/Page_Update Employer Information/Edit Button' is clicked on

2018-11-23 16:50:00 - [MESSAGE][PASSED] - Object: 'Object Repository/Final Object Repo/Page_Update Employer Information/Edit Button' is clicked on

2018-11-23 16:50:00 - [TEST_STEP][PASSED] - Statement - abc = com.kms.katalon.core.webui.keyword.WebUiBuiltInKeywords.getAttribute(com.kms.katalon.core.testobject.ObjectRepository.findTestObject(Final Object Repo/Page_Form 1A - Cessation As Employer/Employer Status), "value"): Attribute 'value' of object 'Object Repository/Final Object Repo/Page_Form 1A - Cessation As Employer/Employer Status' is: 'Active'

2018-11-23 16:50:00 - [MESSAGE][PASSED] - Attribute 'value' of object 'Object Repository/Final Object Repo/Page_Form 1A - Cessation As Employer/Employer Status' is: 'Active'

2018-11-23 16:50:00 - [TEST_STEP][PASSED] - Statement - out.println(abc): null

2018-11-23 16:50:00 - [TEST_STEP][PASSED] - Statement - If (abc == "Active"): Object: 'Object Repository/Final Object Repo/Page_Form 1A - Cessation As Employer/Change Employer Status to - Dormant' is clicked on

2018-11-23 16:50:00 - [TEST_STEP][PASSED] - click: Object: 'Object Repository/Final Object Repo/Page_Form 1A - Cessation As Employer/Change Employer Status to' is clicked on

2018-11-23 16:50:00 - [MESSAGE][PASSED] - Object: 'Object Repository/Final Object Repo/Page_Form 1A - Cessation As Employer/Change Employer Status to' is clicked on

2018-11-23 16:50:00 - [TEST_STEP][PASSED] - click: Object: 'Object Repository/Final Object Repo/Page_Form 1A - Cessation As Employer/Change Employer Status to - Dormant' is clicked on

2018-11-23 16:50:01 - [MESSAGE][PASSED] - Object: 'Object Repository/Final Object Repo/Page_Form 1A - Cessation As Employer/Change Employer Status to - Dormant' is clicked on

2018-11-23 16:50:01 - [TEST_STEP][PASSED] - click: Object: 'Object Repository/Final Object Repo/Page_Form 1A - Cessation As Employer/Calender' is clicked on

2018-11-23 16:50:02 - [MESSAGE][PASSED] - Object: 'Object Repository/Final Object Repo/Page_Form 1A - Cessation As Employer/Calender' is clicked on

2018-11-23 16:50:02 - [TEST_STEP][PASSED] - click: Object: 'Object Repository/Final Object Repo/Page_Form 1A - Cessation As Employer/Calender - Date' is clicked on

2018-11-23 16:50:02 - [MESSAGE][PASSED] - Object: 'Object Repository/Final Object Repo/Page_Form 1A - Cessation As Employer/Calender - Date' is clicked on

2018-11-23 16:50:02 - [TEST_STEP][PASSED] - delay: Delayed 2 second(s)

2018-11-23 16:50:04 - [MESSAGE][PASSED] - Delayed 2 second(s)

2018-11-23 16:50:04 - [TEST_STEP][PASSED] - click: Object: 'Object Repository/Final Object Repo/Page_Form 1A - Cessation As Employer/Save  Continue in Form 1A Page' is clicked on

2018-11-23 16:50:06 - [MESSAGE][PASSED] - Object: 'Object Repository/Final Object Repo/Page_Form 1A - Cessation As Employer/Save  Continue in Form 1A Page' is clicked on

2018-11-23 16:50:06 - [TEST_STEP][PASSED] - delay: Delayed 2 second(s)

2018-11-23 16:50:08 - [MESSAGE][PASSED] - Delayed 2 second(s)

2018-11-23 16:50:08 - [TEST_STEP][PASSED] - click: Object: 'Object Repository/Final Object Repo/Page_Form 1A - Cessation As Employer/Employment Resign Date' is clicked on

2018-11-23 16:50:09 - [MESSAGE][PASSED] - Object: 'Object Repository/Final Object Repo/Page_Form 1A - Cessation As Employer/Employment Resign Date' is clicked on

2018-11-23 16:50:09 - [TEST_STEP][PASSED] - delay: Delayed 1 second(s)

2018-11-23 16:50:10 - [MESSAGE][PASSED] - Delayed 1 second(s)

2018-11-23 16:50:10 - [TEST_STEP][PASSED] - Statement - CaseReferenceNo = com.kms.katalon.core.webui.keyword.WebUiBuiltInKeywords.getText(com.kms.katalon.core.testobject.ObjectRepository.findTestObject(Final Object Repo/Page_Update Employer Information/Reference Number in Update Employee Information Page)): Text of object 'Object Repository/Final Object Repo/Page_Update Employer Information/Reference Number in Update Employee Information Page' is: 'CUN112018C200001605'

2018-11-23 16:50:10 - [MESSAGE][PASSED] - Text of object 'Object Repository/Final Object Repo/Page_Update Employer Information/Reference Number in Update Employee Information Page' is: 'CUN112018C200001605'

2018-11-23 16:50:10 - [TEST_STEP][PASSED] - callTestCase: Call Test Case 'Test Cases/Final Aug 2018 - PKS Automation/Common/Reference Number Setter' successfully

2018-11-23 16:50:10 - [TEST_CASE][PASSED] - Test Cases/Final Aug 2018 - PKS Automation/Common/Reference Number Setter: Test Cases/Final Aug 2018 - PKS Automation/Common/Reference Number Setter

2018-11-23 16:50:10 - [TEST_STEP][PASSED] - Statement - RefNoOldFile = new java.io.File(C://Users//Admin//Desktop//PKS//Automation Reference Point//KatalonReference.txt): null

2018-11-23 16:50:10 - [TEST_STEP][PASSED] - Statement - RefNoOldFile.delete(): null

2018-11-23 16:50:10 - [TEST_STEP][PASSED] - delay: Delayed 5 second(s)

2018-11-23 16:50:15 - [MESSAGE][PASSED] - Delayed 5 second(s)

2018-11-23 16:50:15 - [TEST_STEP][PASSED] - Statement - RefNo = new java.io.File(C://Users//Admin//Desktop//PKS//Automation Reference Point//KatalonReference.txt): null

2018-11-23 16:50:15 - [TEST_STEP][PASSED] - Statement - f2 = new java.io.FileWriter(RefNo, false): null

2018-11-23 16:50:15 - [TEST_STEP][PASSED] - Statement - f2.write(CaseReferenceNo): null

2018-11-23 16:50:15 - [TEST_STEP][PASSED] - Statement - f2.close(): null

2018-11-23 16:50:15 - [TEST_STEP][PASSED] - Statement - out.println("


" + CaseReferenceNo + "


"): null

2018-11-23 16:50:15 - [MESSAGE][PASSED] - Call Test Case 'Test Cases/Final Aug 2018 - PKS Automation/Common/Reference Number Setter' successfully

2018-11-23 16:50:15 - [TEST_STEP][PASSED] - selectOptionByValue: All options with value '2030' are selected in object 'Object Repository/Final Object Repo/Page_Form 1A - Cessation As Employer/Employment Resign Date - Year' 

2018-11-23 16:50:16 - [MESSAGE][PASSED] - All options with value '2030' are selected in object 'Object Repository/Final Object Repo/Page_Form 1A - Cessation As Employer/Employment Resign Date - Year' 

2018-11-23 16:50:16 - [TEST_STEP][PASSED] - delay: Delayed 1 second(s)

2018-11-23 16:50:17 - [MESSAGE][PASSED] - Delayed 1 second(s)

2018-11-23 16:50:17 - [TEST_STEP][PASSED] - click: Object: 'Object Repository/Final Object Repo/Page_Form 1A - Cessation As Employer/Employment Resign Date - Year - Date' is clicked on

2018-11-23 16:50:17 - [MESSAGE][PASSED] - Object: 'Object Repository/Final Object Repo/Page_Form 1A - Cessation As Employer/Employment Resign Date - Year - Date' is clicked on

2018-11-23 16:50:17 - [TEST_STEP][PASSED] - delay: Delayed 2 second(s)

2018-11-23 16:50:19 - [MESSAGE][PASSED] - Delayed 2 second(s)

2018-11-23 16:50:19 - [TEST_STEP][PASSED] - click: Object: 'Object Repository/Final Object Repo/Page_Form 1A - Cessation As Employer/Save  Continue in Update Add Employee Resigned Date Page' is clicked on

2018-11-23 16:50:19 - [MESSAGE][PASSED] - Object: 'Object Repository/Final Object Repo/Page_Form 1A - Cessation As Employer/Save  Continue in Update Add Employee Resigned Date Page' is clicked on

2018-11-23 16:50:19 - [TEST_STEP][PASSED] - delay: Delayed 2 second(s)

2018-11-23 16:50:21 - [MESSAGE][PASSED] - Delayed 2 second(s)

2018-11-23 16:50:21 - [TEST_STEP][PASSED] - click: Object: 'Object Repository/Final Object Repo/Page_Form 1A - Cessation As Employer/Set Latest - Yes' is clicked on

2018-11-23 16:50:25 - [MESSAGE][PASSED] - Object: 'Object Repository/Final Object Repo/Page_Form 1A - Cessation As Employer/Set Latest - Yes' is clicked on

2018-11-23 16:50:25 - [TEST_STEP][PASSED] - delay: Delayed 2 second(s)

2018-11-23 16:50:27 - [MESSAGE][PASSED] - Delayed 2 second(s)

2018-11-23 16:50:27 - [TEST_STEP][PASSED] - click: Object: 'Object Repository/Final Object Repo/Page_Form 1A - Cessation As Employer/Add Document' is clicked on

2018-11-23 16:50:28 - [MESSAGE][PASSED] - Object: 'Object Repository/Final Object Repo/Page_Form 1A - Cessation As Employer/Add Document' is clicked on

2018-11-23 16:50:28 - [TEST_STEP][PASSED] - delay: Delayed 2 second(s)

2018-11-23 16:50:30 - [MESSAGE][PASSED] - Delayed 2 second(s)

2018-11-23 16:50:30 - [TEST_STEP][FAILED] - click: Unable to click on object 'Object Repository/Final Object Repo/Page_Form 1A - Cessation As Employer/Document Type' (Root cause: org.openqa.selenium.ElementClickInterceptedException: Element <span class="select2-selection select2-selection--single"> is not clickable at point (481.7833251953125,205.23333740234375) because another element <div class="blockUI blockOverlay"> obscures it
Build info: version: '3.7.1', revision: '8a0099a', time: '2017-11-06T21:07:36.161Z'
System info: host: 'WIN7TEST02', ip: '10.20.3.72', os.name: 'Windows 7', os.arch: 'amd64', os.version: '6.1', java.version: '1.8.0_181'
Driver info: com.kms.katalon.core.webui.driver.firefox.CGeckoDriver
Capabilities {acceptInsecureCerts: true, browserName: firefox, browserVersion: 63.0.3, javascriptEnabled: true, moz:accessibilityChecks: false, moz:geckodriverVersion: 0.23.0, moz:headless: false, moz:processID: 8952, moz:profile: C:\Users\Admin\AppData\Loca..., moz:useNonSpecCompliantPointerOrigin: false, moz:webdriverClick: true, pageLoadStrategy: normal, platform: WINDOWS, platformName: WINDOWS, platformVersion: 6.1, proxy: Proxy(direct), rotatable: false, setWindowRect: true, timeouts: {implicit: 0, pageLoad: 300000, script: 30000}, unhandledPromptBehavior: dismiss and notify}
Session ID: 0d951bd4-1b06-49ce-ba44-8e8a0e0c0b7c)

2018-11-23 16:50:30 - [MESSAGE][FAILED] - Unable to click on object 'Object Repository/Final Object Repo/Page_Form 1A - Cessation As Employer/Document Type' (Root cause: org.openqa.selenium.ElementClickInterceptedException: Element <span class="select2-selection select2-selection--single"> is not clickable at point (481.7833251953125,205.23333740234375) because another element <div class="blockUI blockOverlay"> obscures it
Build info: version: '3.7.1', revision: '8a0099a', time: '2017-11-06T21:07:36.161Z'
System info: host: 'WIN7TEST02', ip: '10.20.3.72', os.name: 'Windows 7', os.arch: 'amd64', os.version: '6.1', java.version: '1.8.0_181'
Driver info: com.kms.katalon.core.webui.driver.firefox.CGeckoDriver
Capabilities {acceptInsecureCerts: true, browserName: firefox, browserVersion: 63.0.3, javascriptEnabled: true, moz:accessibilityChecks: false, moz:geckodriverVersion: 0.23.0, moz:headless: false, moz:processID: 8952, moz:profile: C:\Users\Admin\AppData\Loca..., moz:useNonSpecCompliantPointerOrigin: false, moz:webdriverClick: true, pageLoadStrategy: normal, platform: WINDOWS, platformName: WINDOWS, platformVersion: 6.1, proxy: Proxy(direct), rotatable: false, setWindowRect: true, timeouts: {implicit: 0, pageLoad: 300000, script: 30000}, unhandledPromptBehavior: dismiss and notify}
Session ID: 0d951bd4-1b06-49ce-ba44-8e8a0e0c0b7c)
[[ATTACHMENT|C:\\Users\\Admin\\Desktop\\PKS\\Perkeso Phase A\\Reports\\Workflow\\Form 1A - Cessation as Employer\\20181123_162507\\1542963030657.png]]

2018-11-23 16:50:30 - [TEST_STEP][PASSED] - delay: Delayed 2 second(s)

2018-11-23 16:50:32 - [MESSAGE][PASSED] - Delayed 2 second(s)

2018-11-23 16:50:32 - [TEST_STEP][FAILED] - click: Unable to click on object 'Object Repository/Final Object Repo/Page_Form 1A - Cessation As Employer/Document Type - Supporting Document For Cessation' (Root cause: com.kms.katalon.core.webui.exception.WebElementNotFoundException: Web element with id: 'Object Repository/Final Object Repo/Page_Form 1A - Cessation As Employer/Document Type - Supporting Document For Cessation' located by 'By.xpath: //span[(contains(text(), 'Supporting Document For Cessation (e.g. Form 1A)'))]' not found)

2018-11-23 16:51:03 - [MESSAGE][FAILED] - Unable to click on object 'Object Repository/Final Object Repo/Page_Form 1A - Cessation As Employer/Document Type - Supporting Document For Cessation' (Root cause: com.kms.katalon.core.webui.exception.WebElementNotFoundException: Web element with id: 'Object Repository/Final Object Repo/Page_Form 1A - Cessation As Employer/Document Type - Supporting Document For Cessation' located by 'By.xpath: //span[(contains(text(), 'Supporting Document For Cessation (e.g. Form 1A)'))]' not found)
[[ATTACHMENT|C:\\Users\\Admin\\Desktop\\PKS\\Perkeso Phase A\\Reports\\Workflow\\Form 1A - Cessation as Employer\\20181123_162507\\1542963063668.png]]

2018-11-23 16:51:03 - [TEST_STEP][PASSED] - delay: Delayed 2 second(s)

2018-11-23 16:51:05 - [MESSAGE][PASSED] - Delayed 2 second(s)

2018-11-23 16:51:05 - [TEST_STEP][PASSED] - sendKeys: Keys 'C:\Users\Public\Pictures\Sample Pictures\Koala.jpg' sent to object: 'Object Repository/Final Object Repo/Page_Form 1A - Cessation As Employer/Uploading File'

2018-11-23 16:51:05 - [MESSAGE][PASSED] - Keys 'C:\Users\Public\Pictures\Sample Pictures\Koala.jpg' sent to object: 'Object Repository/Final Object Repo/Page_Form 1A - Cessation As Employer/Uploading File'

2018-11-23 16:51:05 - [TEST_STEP][PASSED] - delay: Delayed 2 second(s)

2018-11-23 16:51:07 - [MESSAGE][PASSED] - Delayed 2 second(s)

2018-11-23 16:51:07 - [TEST_STEP][PASSED] - click: Object: 'Object Repository/Final Object Repo/Page_Form 1A - Cessation As Employer/Add Document in Uploading Page' is clicked on

2018-11-23 16:51:08 - [MESSAGE][PASSED] - Object: 'Object Repository/Final Object Repo/Page_Form 1A - Cessation As Employer/Add Document in Uploading Page' is clicked on

2018-11-23 16:51:08 - [TEST_STEP][PASSED] - delay: Delayed 2 second(s)

2018-11-23 16:51:10 - [MESSAGE][PASSED] - Delayed 2 second(s)

2018-11-23 16:51:10 - [TEST_STEP][FAILED] - click: Unable to click on object 'Object Repository/Final Object Repo/Page_Form 1A - Cessation As Employer/Save  Continue in Uploading Page' (Root cause: org.openqa.selenium.ElementClickInterceptedException: Element <a id="_searchforemployer_WAR_registrationportlet_saveNContinueFormBtnId" class="btn btn-lg blueBtn col-md-2 pull-right" href="https://assist2-uat.perkeso.gov.my/web/registration/update/form-1a-cessation-as-employer-discontinue-business-?p_auth=DE8awSNC&p_p_id=searchforemployer_WAR_registrationportlet&p_p_lifecycle=1&p_p_state=normal&p_p_mode=view&p_p_col_id=column-1&p_p_col_count=1&_searchforemployer_WAR_registrationportlet_javax.portlet.action=exeAction&_searchforemployer_WAR_registrationportlet_mvcPath=%2Fapps%2Freg%2Fdiscontinue_business%2Fdiscontinue_business_preview.jsp&_searchforemployer_WAR_registrationportlet_browserIdKey=1542962996522"> is not clickable at point (1148.6249694824219,625.933349609375) because another element <div id="yui_patched_v3_11_0_1_1542963024728_406" class="col-md-12"> obscures it
Build info: version: '3.7.1', revision: '8a0099a', time: '2017-11-06T21:07:36.161Z'
System info: host: 'WIN7TEST02', ip: '10.20.3.72', os.name: 'Windows 7', os.arch: 'amd64', os.version: '6.1', java.version: '1.8.0_181'
Driver info: com.kms.katalon.core.webui.driver.firefox.CGeckoDriver
Capabilities {acceptInsecureCerts: true, browserName: firefox, browserVersion: 63.0.3, javascriptEnabled: true, moz:accessibilityChecks: false, moz:geckodriverVersion: 0.23.0, moz:headless: false, moz:processID: 8952, moz:profile: C:\Users\Admin\AppData\Loca..., moz:useNonSpecCompliantPointerOrigin: false, moz:webdriverClick: true, pageLoadStrategy: normal, platform: WINDOWS, platformName: WINDOWS, platformVersion: 6.1, proxy: Proxy(direct), rotatable: false, setWindowRect: true, timeouts: {implicit: 0, pageLoad: 300000, script: 30000}, unhandledPromptBehavior: dismiss and notify}
Session ID: 0d951bd4-1b06-49ce-ba44-8e8a0e0c0b7c)

2018-11-23 16:51:10 - [MESSAGE][FAILED] - Unable to click on object 'Object Repository/Final Object Repo/Page_Form 1A - Cessation As Employer/Save  Continue in Uploading Page' (Root cause: org.openqa.selenium.ElementClickInterceptedException: Element <a id="_searchforemployer_WAR_registrationportlet_saveNContinueFormBtnId" class="btn btn-lg blueBtn col-md-2 pull-right" href="https://assist2-uat.perkeso.gov.my/web/registration/update/form-1a-cessation-as-employer-discontinue-business-?p_auth=DE8awSNC&p_p_id=searchforemployer_WAR_registrationportlet&p_p_lifecycle=1&p_p_state=normal&p_p_mode=view&p_p_col_id=column-1&p_p_col_count=1&_searchforemployer_WAR_registrationportlet_javax.portlet.action=exeAction&_searchforemployer_WAR_registrationportlet_mvcPath=%2Fapps%2Freg%2Fdiscontinue_business%2Fdiscontinue_business_preview.jsp&_searchforemployer_WAR_registrationportlet_browserIdKey=1542962996522"> is not clickable at point (1148.6249694824219,625.933349609375) because another element <div id="yui_patched_v3_11_0_1_1542963024728_406" class="col-md-12"> obscures it
Build info: version: '3.7.1', revision: '8a0099a', time: '2017-11-06T21:07:36.161Z'
System info: host: 'WIN7TEST02', ip: '10.20.3.72', os.name: 'Windows 7', os.arch: 'amd64', os.version: '6.1', java.version: '1.8.0_181'
Driver info: com.kms.katalon.core.webui.driver.firefox.CGeckoDriver
Capabilities {acceptInsecureCerts: true, browserName: firefox, browserVersion: 63.0.3, javascriptEnabled: true, moz:accessibilityChecks: false, moz:geckodriverVersion: 0.23.0, moz:headless: false, moz:processID: 8952, moz:profile: C:\Users\Admin\AppData\Loca..., moz:useNonSpecCompliantPointerOrigin: false, moz:webdriverClick: true, pageLoadStrategy: normal, platform: WINDOWS, platformName: WINDOWS, platformVersion: 6.1, proxy: Proxy(direct), rotatable: false, setWindowRect: true, timeouts: {implicit: 0, pageLoad: 300000, script: 30000}, unhandledPromptBehavior: dismiss and notify}
Session ID: 0d951bd4-1b06-49ce-ba44-8e8a0e0c0b7c)
[[ATTACHMENT|C:\\Users\\Admin\\Desktop\\PKS\\Perkeso Phase A\\Reports\\Workflow\\Form 1A - Cessation as Employer\\20181123_162507\\1542963070305.png]]

2018-11-23 16:51:10 - [TEST_STEP][PASSED] - delay: Delayed 2 second(s)

2018-11-23 16:51:12 - [MESSAGE][PASSED] - Delayed 2 second(s)

2018-11-23 16:51:12 - [TEST_STEP][FAILED] - click: Unable to click on object 'Object Repository/Final Object Repo/Page_Form 1A - Cessation As Employer/Submit2' (Root cause: com.kms.katalon.core.webui.exception.WebElementNotFoundException: Web element with id: 'Object Repository/Final Object Repo/Page_Form 1A - Cessation As Employer/Submit2' located by 'By.xpath: //a[(text() = '
							SUBMIT
		            	' or . = '
							SUBMIT
		            	')]' not found)

2018-11-23 16:51:49 - [MESSAGE][FAILED] - Unable to click on object 'Object Repository/Final Object Repo/Page_Form 1A - Cessation As Employer/Submit2' (Root cause: com.kms.katalon.core.webui.exception.WebElementNotFoundException: Web element with id: 'Object Repository/Final Object Repo/Page_Form 1A - Cessation As Employer/Submit2' located by 'By.xpath: //a[(text() = '
							SUBMIT
		            	' or . = '
							SUBMIT
		            	')]' not found)
[[ATTACHMENT|C:\\Users\\Admin\\Desktop\\PKS\\Perkeso Phase A\\Reports\\Workflow\\Form 1A - Cessation as Employer\\20181123_162507\\1542963108980.png]]

2018-11-23 16:51:49 - [TEST_STEP][PASSED] - delay: Delayed 2 second(s)

2018-11-23 16:51:51 - [MESSAGE][PASSED] - Delayed 2 second(s)

2018-11-23 16:51:51 - [TEST_STEP][FAILED] - click: Unable to click on object 'Object Repository/Final Object Repo/Page_Form 1A - Cessation As Employer/Confirm' (Root cause: com.kms.katalon.core.webui.exception.WebElementNotFoundException: Web element with id: 'Object Repository/Final Object Repo/Page_Form 1A - Cessation As Employer/Confirm' located by 'By.xpath: //span[(text() = 'CONFIRM' or . = 'CONFIRM')]' not found)

2018-11-23 16:52:22 - [MESSAGE][FAILED] - Unable to click on object 'Object Repository/Final Object Repo/Page_Form 1A - Cessation As Employer/Confirm' (Root cause: com.kms.katalon.core.webui.exception.WebElementNotFoundException: Web element with id: 'Object Repository/Final Object Repo/Page_Form 1A - Cessation As Employer/Confirm' located by 'By.xpath: //span[(text() = 'CONFIRM' or . = 'CONFIRM')]' not found)
[[ATTACHMENT|C:\\Users\\Admin\\Desktop\\PKS\\Perkeso Phase A\\Reports\\Workflow\\Form 1A - Cessation as Employer\\20181123_162507\\1542963142622.png]]

2018-11-23 16:52:22 - [TEST_STEP][PASSED] - delay: Delayed 2 second(s)

2018-11-23 16:52:24 - [MESSAGE][PASSED] - Delayed 2 second(s)

2018-11-23 16:52:24 - [TEST_STEP][PASSED] - verifyElementVisible: Object 'Object Repository/Final Object Repo/Page_Form 1A - Cessation As Employer/Message Your Request will be routed to UO' is visible

2018-11-23 16:52:45 - [MESSAGE][PASSED] - Object 'Object Repository/Final Object Repo/Page_Form 1A - Cessation As Employer/Message Your Request will be routed to UO' is visible

2018-11-23 16:52:45 - [TEST_STEP][PASSED] - delay: Delayed 1 second(s)

2018-11-23 16:52:46 - [MESSAGE][PASSED] - Delayed 1 second(s)

2018-11-23 16:52:46 - [TEST_STEP][PASSED] - verifyElementVisible: Object 'Object Repository/Final Object Repo/Page_Form 1A - Cessation As Employer/Letter of acknowledgement' is visible

2018-11-23 16:52:47 - [MESSAGE][PASSED] - Object 'Object Repository/Final Object Repo/Page_Form 1A - Cessation As Employer/Letter of acknowledgement' is visible

2018-11-23 16:52:47 - [MESSAGE][FAILED] - Unable to call Test Case with id 'Test Cases/Final Aug 2018 - PKS Automation/Registration Module/Workflow/Form 1A - Cessation As Employer/Template/Form 1 A - Cessation As Employer (Employer)' (Root cause: Call Test Case 'Test Cases/Final Aug 2018 - PKS Automation/Registration Module/Workflow/Form 1A - Cessation As Employer/Template/Form 1 A - Cessation As Employer (Employer)' failed)]]></system-out>
         <system-err><![CDATA[2018-11-23 16:40:29 - [TEST_CASE][FAILED] - Test Cases/Final Aug 2018 - PKS Automation/Registration Module/Workflow/Form 1A - Cessation As Employer/Employer to UO (Reject): Test Cases/Final Aug 2018 - PKS Automation/Registration Module/Workflow/Form 1A - Cessation As Employer/Employer to UO (Reject) FAILED because (of) (Stack trace: com.kms.katalon.core.exception.StepFailedException: Unable to click on object 'Object Repository/Final Object Repo/Page_Form 1A - Cessation As Employer/Document Type' (Root cause: org.openqa.selenium.ElementClickInterceptedException: Element <span class="select2-selection select2-selection--single"> is not clickable at point (481.7833251953125,205.23333740234375) because another element <div class="blockUI blockOverlay"> obscures it
Build info: version: '3.7.1', revision: '8a0099a', time: '2017-11-06T21:07:36.161Z'
System info: host: 'WIN7TEST02', ip: '10.20.3.72', os.name: 'Windows 7', os.arch: 'amd64', os.version: '6.1', java.version: '1.8.0_181'
Driver info: com.kms.katalon.core.webui.driver.firefox.CGeckoDriver
Capabilities {acceptInsecureCerts: true, browserName: firefox, browserVersion: 63.0.3, javascriptEnabled: true, moz:accessibilityChecks: false, moz:geckodriverVersion: 0.23.0, moz:headless: false, moz:processID: 8952, moz:profile: C:\Users\Admin\AppData\Loca..., moz:useNonSpecCompliantPointerOrigin: false, moz:webdriverClick: true, pageLoadStrategy: normal, platform: WINDOWS, platformName: WINDOWS, platformVersion: 6.1, proxy: Proxy(direct), rotatable: false, setWindowRect: true, timeouts: {implicit: 0, pageLoad: 300000, script: 30000}, unhandledPromptBehavior: dismiss and notify}
Session ID: 0d951bd4-1b06-49ce-ba44-8e8a0e0c0b7c)
	at com.kms.katalon.core.keyword.internal.KeywordMain.stepFailed(KeywordMain.groovy:32)
	at com.kms.katalon.core.webui.keyword.internal.WebUIKeywordMain.stepFailed(WebUIKeywordMain.groovy:65)
	at com.kms.katalon.core.webui.keyword.internal.WebUIKeywordMain.runKeyword(WebUIKeywordMain.groovy:27)
	at com.kms.katalon.core.webui.keyword.builtin.ClickKeyword.click(ClickKeyword.groovy:86)
	at com.kms.katalon.core.webui.keyword.builtin.ClickKeyword.execute(ClickKeyword.groovy:67)
	at com.kms.katalon.core.keyword.internal.KeywordExecutor.executeKeywordForPlatform(KeywordExecutor.groovy:53)
	at com.kms.katalon.core.webui.keyword.WebUiBuiltInKeywords.click(WebUiBuiltInKeywords.groovy:616)
	at com.kms.katalon.core.webui.keyword.WebUiBuiltInKeywords$click$2.call(Unknown Source)
	at Script1536729355807.run(Script1536729355807.groovy:121)
	at com.kms.katalon.core.main.ScriptEngine.run(ScriptEngine.java:183)
	at com.kms.katalon.core.main.ScriptEngine.runScriptAsRawText(ScriptEngine.java:108)
	at com.kms.katalon.core.main.TestCaseExecutor.runScript(TestCaseExecutor.java:294)
	at com.kms.katalon.core.main.TestCaseExecutor.doExecute(TestCaseExecutor.java:285)
	at com.kms.katalon.core.main.TestCaseExecutor.processExecutionPhase(TestCaseExecutor.java:264)
	at com.kms.katalon.core.main.TestCaseExecutor.accessMainPhase(TestCaseExecutor.java:256)
	at com.kms.katalon.core.main.TestCaseExecutor.execute(TestCaseExecutor.java:200)
	at com.kms.katalon.core.main.TestCaseMain.runTestCase(TestCaseMain.java:99)
	at com.kms.katalon.core.keyword.builtin.CallTestCaseKeyword$_callTestCase_closure1.doCall(CallTestCaseKeyword.groovy:60)
	at com.kms.katalon.core.keyword.builtin.CallTestCaseKeyword$_callTestCase_closure1.call(CallTestCaseKeyword.groovy)
	at com.kms.katalon.core.keyword.internal.KeywordMain.runKeyword(KeywordMain.groovy:54)
	at com.kms.katalon.core.keyword.builtin.CallTestCaseKeyword.callTestCase(CallTestCaseKeyword.groovy:81)
	at com.kms.katalon.core.keyword.builtin.CallTestCaseKeyword.execute(CallTestCaseKeyword.groovy:45)
	at com.kms.katalon.core.keyword.internal.KeywordExecutor.executeKeywordForPlatform(KeywordExecutor.groovy:53)
	at com.kms.katalon.core.keyword.BuiltinKeywords.callTestCase(BuiltinKeywords.groovy:334)
	at sun.reflect.GeneratedMethodAccessor13.invoke(Unknown Source)
	at sun.reflect.DelegatingMethodAccessorImpl.invoke(DelegatingMethodAccessorImpl.java:43)
	at java.lang.reflect.Method.invoke(Method.java:498)
	at org.codehaus.groovy.reflection.CachedMethod.invoke(CachedMethod.java:93)
	at groovy.lang.MetaMethod.doMethodInvoke(MetaMethod.java:325)
	at groovy.lang.MetaClassImpl.invokeStaticMethod(MetaClassImpl.java:1469)
	at org.codehaus.groovy.runtime.callsite.StaticMetaClassSite.call(StaticMetaClassSite.java:53)
	at org.codehaus.groovy.runtime.callsite.CallSiteArray.defaultCall(CallSiteArray.java:48)
	at org.codehaus.groovy.runtime.callsite.AbstractCallSite.call(AbstractCallSite.java:113)
	at org.codehaus.groovy.runtime.callsite.AbstractCallSite.call(AbstractCallSite.java:141)
	at Script1536729583481.run(Script1536729583481.groovy:22)
	at com.kms.katalon.core.main.ScriptEngine.run(ScriptEngine.java:183)
	at com.kms.katalon.core.main.ScriptEngine.runScriptAsRawText(ScriptEngine.java:108)
	at com.kms.katalon.core.main.TestCaseExecutor.runScript(TestCaseExecutor.java:294)
	at com.kms.katalon.core.main.TestCaseExecutor.doExecute(TestCaseExecutor.java:285)
	at com.kms.katalon.core.main.TestCaseExecutor.processExecutionPhase(TestCaseExecutor.java:264)
	at com.kms.katalon.core.main.TestCaseExecutor.accessMainPhase(TestCaseExecutor.java:256)
	at com.kms.katalon.core.main.TestCaseExecutor.execute(TestCaseExecutor.java:200)
	at com.kms.katalon.core.main.TestSuiteExecutor.accessTestCaseMainPhase(TestSuiteExecutor.java:129)
	at com.kms.katalon.core.main.TestSuiteExecutor.accessTestSuiteMainPhase(TestSuiteExecutor.java:112)
	at com.kms.katalon.core.main.TestSuiteExecutor.execute(TestSuiteExecutor.java:81)
	at com.kms.katalon.core.main.TestCaseMain.startTestSuite(TestCaseMain.java:142)
	at com.kms.katalon.core.main.TestCaseMain$startTestSuite$0.call(Unknown Source)
	at org.codehaus.groovy.runtime.callsite.CallSiteArray.defaultCall(CallSiteArray.java:48)
	at org.codehaus.groovy.runtime.callsite.AbstractCallSite.call(AbstractCallSite.java:113)
	at org.codehaus.groovy.runtime.callsite.AbstractCallSite.call(AbstractCallSite.java:141)
	at TempTestSuite1542961507921.run(TempTestSuite1542961507921.groovy:36)
	at groovy.lang.GroovyShell.runScriptOrMainOrTestOrRunnable(GroovyShell.java:263)
	at groovy.lang.GroovyShell.run(GroovyShell.java:518)
	at groovy.lang.GroovyShell.run(GroovyShell.java:507)
	at groovy.ui.GroovyMain.processOnce(GroovyMain.java:653)
	at groovy.ui.GroovyMain.run(GroovyMain.java:384)
	at groovy.ui.GroovyMain.process(GroovyMain.java:370)
	at groovy.ui.GroovyMain.processArgs(GroovyMain.java:129)
	at groovy.ui.GroovyMain.main(GroovyMain.java:109)
	at sun.reflect.NativeMethodAccessorImpl.invoke0(Native Method)
	at sun.reflect.NativeMethodAccessorImpl.invoke(NativeMethodAccessorImpl.java:62)
	at sun.reflect.DelegatingMethodAccessorImpl.invoke(DelegatingMethodAccessorImpl.java:43)
	at java.lang.reflect.Method.invoke(Method.java:498)
	at org.codehaus.groovy.tools.GroovyStarter.rootLoader(GroovyStarter.java:109)
	at org.codehaus.groovy.tools.GroovyStarter.main(GroovyStarter.java:131)
)]]></system-err>
      </testcase>
      <testcase name="Test Cases/Final Aug 2018 - PKS Automation/Registration Module/Workflow/Form 1A - Cessation As Employer/Employer to UO (Under enforcement)" classname="Test Cases/Final Aug 2018 - PKS Automation/Registration Module/Workflow/Form 1A - Cessation As Employer/Employer to UO (Under enforcement)" status="PASSED">
         <system-out><![CDATA[2018-11-23 16:52:47 - [TEST_CASE][PASSED] - Test Cases/Final Aug 2018 - PKS Automation/Registration Module/Workflow/Form 1A - Cessation As Employer/Employer to UO (Under enforcement): Test Cases/Final Aug 2018 - PKS Automation/Registration Module/Workflow/Form 1A - Cessation As Employer/Employer to UO (Under enforcement)

2018-11-23 16:52:48 - [TEST_STEP][PASSED] - callTestCase: Call Test Case 'Test Cases/Final Aug 2018 - PKS Automation/Registration Module/Workflow/Form 1A - Cessation As Employer/Template/Form 1 A - Cessation As Employer (OTC)' successfully

2018-11-23 16:52:48 - [TEST_CASE][PASSED] - Test Cases/Final Aug 2018 - PKS Automation/Registration Module/Workflow/Form 1A - Cessation As Employer/Template/Form 1 A - Cessation As Employer (OTC): Test Cases/Final Aug 2018 - PKS Automation/Registration Module/Workflow/Form 1A - Cessation As Employer/Template/Form 1 A - Cessation As Employer (OTC)

2018-11-23 16:52:48 - [TEST_STEP][PASSED] - openBrowser: Browser is opened with url: ''

2018-11-23 16:52:48 - [MESSAGE][WARNING] - A browser is already opened. Closing browser and opening a new one

2018-11-23 16:52:53 - [MESSAGE][PASSED] - Browser is opened with url: ''

2018-11-23 16:52:53 - [TEST_STEP][PASSED] - navigateToUrl: Navigate to 'https://assist2-uat.perkeso.gov.my/login' successfully

2018-11-23 16:52:54 - [MESSAGE][PASSED] - Navigate to 'https://assist2-uat.perkeso.gov.my/login' successfully

2018-11-23 16:52:54 - [TEST_STEP][PASSED] - setText: Text 'johorotc1@gmail.com' is set on object 'Object Repository/Final Object Repo/Login Page/Internal User/Email Address'

2018-11-23 16:52:54 - [MESSAGE][PASSED] - Text 'johorotc1@gmail.com' is set on object 'Object Repository/Final Object Repo/Login Page/Internal User/Email Address'

2018-11-23 16:52:54 - [TEST_STEP][PASSED] - click: Object: 'Object Repository/Final Object Repo/Login Page/Internal User/Next Button' is clicked on

2018-11-23 16:52:56 - [MESSAGE][PASSED] - Object: 'Object Repository/Final Object Repo/Login Page/Internal User/Next Button' is clicked on

2018-11-23 16:52:56 - [TEST_STEP][PASSED] - delay: Delayed 1 second(s)

2018-11-23 16:52:57 - [MESSAGE][PASSED] - Delayed 1 second(s)

2018-11-23 16:52:57 - [TEST_STEP][PASSED] - setEncryptedText: Text ****** has been set on object 'Object Repository/Final Object Repo/Login Page/Internal User/Password'

2018-11-23 16:52:57 - [MESSAGE][PASSED] - Text ****** has been set on object 'Object Repository/Final Object Repo/Login Page/Internal User/Password'

2018-11-23 16:52:57 - [TEST_STEP][PASSED] - click: Object: 'Object Repository/Final Object Repo/Login Page/Internal User/Login Button' is clicked on

2018-11-23 16:52:59 - [MESSAGE][PASSED] - Object: 'Object Repository/Final Object Repo/Login Page/Internal User/Login Button' is clicked on

2018-11-23 16:52:59 - [TEST_STEP][PASSED] - delay: Delayed 1 second(s)

2018-11-23 16:53:00 - [MESSAGE][PASSED] - Delayed 1 second(s)

2018-11-23 16:53:00 - [TEST_STEP][PASSED] - Statement - Try: Delayed 2 second(s)

2018-11-23 16:53:00 - [TEST_STEP][PASSED] - Statement - Checker = false: null

2018-11-23 16:53:00 - [TEST_STEP][PASSED] - Statement - Checker = com.kms.katalon.core.webui.keyword.WebUiBuiltInKeywords.verifyElementHasAttribute(com.kms.katalon.core.testobject.ObjectRepository.findTestObject(Final Object Repo/Landing Page/BM Detecting), "href", 20, OPTIONAL): Object 'Object Repository/Final Object Repo/Landing Page/BM Detecting' has attribute 'href'

2018-11-23 16:53:00 - [MESSAGE][PASSED] - Object 'Object Repository/Final Object Repo/Landing Page/BM Detecting' has attribute 'href'

2018-11-23 16:53:00 - [TEST_STEP][PASSED] - Statement - out.println(Checker): null

2018-11-23 16:53:00 - [TEST_STEP][PASSED] - Statement - If (Checker == false): null

2018-11-23 16:53:00 - [TEST_STEP][PASSED] - Statement - Else: null

2018-11-23 16:53:00 - [TEST_STEP][PASSED] - delay: Delayed 2 second(s)

2018-11-23 16:53:02 - [MESSAGE][PASSED] - Delayed 2 second(s)

2018-11-23 16:53:02 - [TEST_STEP][PASSED] - navigateToUrl: Navigate to 'https://assist2-uat.perkeso.gov.my/web/registration/update/form-1a-cessation-as-employer-discontinue-business-' successfully

2018-11-23 16:53:04 - [MESSAGE][PASSED] - Navigate to 'https://assist2-uat.perkeso.gov.my/web/registration/update/form-1a-cessation-as-employer-discontinue-business-' successfully

2018-11-23 16:53:04 - [TEST_STEP][PASSED] - setText: Text 'E1102069770Z' is set on object 'Object Repository/Final Object Repo/Page_Update Employer Information/Employer Code'

2018-11-23 16:53:04 - [MESSAGE][PASSED] - Text 'E1102069770Z' is set on object 'Object Repository/Final Object Repo/Page_Update Employer Information/Employer Code'

2018-11-23 16:53:04 - [TEST_STEP][PASSED] - click: Object: 'Object Repository/Final Object Repo/Page_Update Employer Information/Search Button' is clicked on

2018-11-23 16:53:06 - [MESSAGE][PASSED] - Object: 'Object Repository/Final Object Repo/Page_Update Employer Information/Search Button' is clicked on

2018-11-23 16:53:06 - [TEST_STEP][PASSED] - click: Object: 'Object Repository/Final Object Repo/Page_Update Employer Information/Edit Button' is clicked on

2018-11-23 16:53:08 - [MESSAGE][PASSED] - Object: 'Object Repository/Final Object Repo/Page_Update Employer Information/Edit Button' is clicked on

2018-11-23 16:53:08 - [TEST_STEP][PASSED] - Statement - abc = com.kms.katalon.core.webui.keyword.WebUiBuiltInKeywords.getAttribute(com.kms.katalon.core.testobject.ObjectRepository.findTestObject(Final Object Repo/Page_Form 1A - Cessation As Employer/Employer Status), "value"): Attribute 'value' of object 'Object Repository/Final Object Repo/Page_Form 1A - Cessation As Employer/Employer Status' is: 'Dormant'

2018-11-23 16:53:08 - [MESSAGE][PASSED] - Attribute 'value' of object 'Object Repository/Final Object Repo/Page_Form 1A - Cessation As Employer/Employer Status' is: 'Dormant'

2018-11-23 16:53:08 - [TEST_STEP][PASSED] - Statement - out.println(abc): null

2018-11-23 16:53:08 - [TEST_STEP][PASSED] - Statement - If (abc == "Active"): null

2018-11-23 16:53:08 - [TEST_STEP][PASSED] - Statement - Else If (abc == "Cancel"): null

2018-11-23 16:53:08 - [TEST_STEP][PASSED] - Statement - Else If (abc == "Dormant"): Object: 'Object Repository/Final Object Repo/Page_Form 1A - Cessation As Employer/Change Employer Status to - Dormant' is clicked on

2018-11-23 16:53:08 - [TEST_STEP][PASSED] - click: Object: 'Object Repository/Final Object Repo/Page_Form 1A - Cessation As Employer/Change Employer Status to' is clicked on

2018-11-23 16:53:08 - [MESSAGE][PASSED] - Object: 'Object Repository/Final Object Repo/Page_Form 1A - Cessation As Employer/Change Employer Status to' is clicked on

2018-11-23 16:53:08 - [TEST_STEP][PASSED] - click: Object: 'Object Repository/Final Object Repo/Page_Form 1A - Cessation As Employer/Change Employer Status to - Dormant' is clicked on

2018-11-23 16:53:09 - [MESSAGE][PASSED] - Object: 'Object Repository/Final Object Repo/Page_Form 1A - Cessation As Employer/Change Employer Status to - Dormant' is clicked on

2018-11-23 16:53:09 - [TEST_STEP][PASSED] - click: Object: 'Object Repository/Final Object Repo/Page_Form 1A - Cessation As Employer/Calender' is clicked on

2018-11-23 16:53:10 - [MESSAGE][PASSED] - Object: 'Object Repository/Final Object Repo/Page_Form 1A - Cessation As Employer/Calender' is clicked on

2018-11-23 16:53:10 - [TEST_STEP][PASSED] - click: Object: 'Object Repository/Final Object Repo/Page_Form 1A - Cessation As Employer/Calender - Date' is clicked on

2018-11-23 16:53:10 - [MESSAGE][PASSED] - Object: 'Object Repository/Final Object Repo/Page_Form 1A - Cessation As Employer/Calender - Date' is clicked on

2018-11-23 16:53:10 - [TEST_STEP][PASSED] - delay: Delayed 2 second(s)

2018-11-23 16:53:12 - [MESSAGE][PASSED] - Delayed 2 second(s)

2018-11-23 16:53:12 - [TEST_STEP][PASSED] - click: Object: 'Object Repository/Final Object Repo/Page_Form 1A - Cessation As Employer/Save  Continue in Form 1A Page' is clicked on

2018-11-23 16:53:15 - [MESSAGE][PASSED] - Object: 'Object Repository/Final Object Repo/Page_Form 1A - Cessation As Employer/Save  Continue in Form 1A Page' is clicked on

2018-11-23 16:53:15 - [TEST_STEP][PASSED] - delay: Delayed 2 second(s)

2018-11-23 16:53:17 - [MESSAGE][PASSED] - Delayed 2 second(s)

2018-11-23 16:53:17 - [TEST_STEP][PASSED] - click: Object: 'Object Repository/Final Object Repo/Page_Form 1A - Cessation As Employer/Employment Resign Date' is clicked on

2018-11-23 16:53:18 - [MESSAGE][PASSED] - Object: 'Object Repository/Final Object Repo/Page_Form 1A - Cessation As Employer/Employment Resign Date' is clicked on

2018-11-23 16:53:18 - [TEST_STEP][PASSED] - delay: Delayed 1 second(s)

2018-11-23 16:53:19 - [MESSAGE][PASSED] - Delayed 1 second(s)

2018-11-23 16:53:19 - [TEST_STEP][PASSED] - Statement - CaseReferenceNo = com.kms.katalon.core.webui.keyword.WebUiBuiltInKeywords.getText(com.kms.katalon.core.testobject.ObjectRepository.findTestObject(Final Object Repo/Page_Update Employer Information/Reference Number in Update Employee Information Page)): Text of object 'Object Repository/Final Object Repo/Page_Update Employer Information/Reference Number in Update Employee Information Page' is: 'CUN112018C200001606'

2018-11-23 16:53:19 - [MESSAGE][PASSED] - Text of object 'Object Repository/Final Object Repo/Page_Update Employer Information/Reference Number in Update Employee Information Page' is: 'CUN112018C200001606'

2018-11-23 16:53:19 - [TEST_STEP][PASSED] - callTestCase: Call Test Case 'Test Cases/Final Aug 2018 - PKS Automation/Common/Reference Number Setter' successfully

2018-11-23 16:53:19 - [TEST_CASE][PASSED] - Test Cases/Final Aug 2018 - PKS Automation/Common/Reference Number Setter: Test Cases/Final Aug 2018 - PKS Automation/Common/Reference Number Setter

2018-11-23 16:53:19 - [TEST_STEP][PASSED] - Statement - RefNoOldFile = new java.io.File(C://Users//Admin//Desktop//PKS//Automation Reference Point//KatalonReference.txt): null

2018-11-23 16:53:19 - [TEST_STEP][PASSED] - Statement - RefNoOldFile.delete(): null

2018-11-23 16:53:19 - [TEST_STEP][PASSED] - delay: Delayed 5 second(s)

2018-11-23 16:53:24 - [MESSAGE][PASSED] - Delayed 5 second(s)

2018-11-23 16:53:24 - [TEST_STEP][PASSED] - Statement - RefNo = new java.io.File(C://Users//Admin//Desktop//PKS//Automation Reference Point//KatalonReference.txt): null

2018-11-23 16:53:24 - [TEST_STEP][PASSED] - Statement - f2 = new java.io.FileWriter(RefNo, false): null

2018-11-23 16:53:24 - [TEST_STEP][PASSED] - Statement - f2.write(CaseReferenceNo): null

2018-11-23 16:53:24 - [TEST_STEP][PASSED] - Statement - f2.close(): null

2018-11-23 16:53:24 - [TEST_STEP][PASSED] - Statement - out.println("


" + CaseReferenceNo + "


"): null

2018-11-23 16:53:24 - [MESSAGE][PASSED] - Call Test Case 'Test Cases/Final Aug 2018 - PKS Automation/Common/Reference Number Setter' successfully

2018-11-23 16:53:24 - [TEST_STEP][PASSED] - selectOptionByValue: All options with value '2030' are selected in object 'Object Repository/Final Object Repo/Page_Form 1A - Cessation As Employer/Employment Resign Date - Year' 

2018-11-23 16:53:25 - [MESSAGE][PASSED] - All options with value '2030' are selected in object 'Object Repository/Final Object Repo/Page_Form 1A - Cessation As Employer/Employment Resign Date - Year' 

2018-11-23 16:53:25 - [TEST_STEP][PASSED] - delay: Delayed 1 second(s)

2018-11-23 16:53:26 - [MESSAGE][PASSED] - Delayed 1 second(s)

2018-11-23 16:53:26 - [TEST_STEP][PASSED] - click: Object: 'Object Repository/Final Object Repo/Page_Form 1A - Cessation As Employer/Employment Resign Date - Year - Date' is clicked on

2018-11-23 16:53:26 - [MESSAGE][PASSED] - Object: 'Object Repository/Final Object Repo/Page_Form 1A - Cessation As Employer/Employment Resign Date - Year - Date' is clicked on

2018-11-23 16:53:26 - [TEST_STEP][PASSED] - delay: Delayed 2 second(s)

2018-11-23 16:53:28 - [MESSAGE][PASSED] - Delayed 2 second(s)

2018-11-23 16:53:28 - [TEST_STEP][PASSED] - click: Object: 'Object Repository/Final Object Repo/Page_Form 1A - Cessation As Employer/Save  Continue in Update Add Employee Resigned Date Page' is clicked on

2018-11-23 16:53:28 - [MESSAGE][PASSED] - Object: 'Object Repository/Final Object Repo/Page_Form 1A - Cessation As Employer/Save  Continue in Update Add Employee Resigned Date Page' is clicked on

2018-11-23 16:53:28 - [TEST_STEP][PASSED] - delay: Delayed 2 second(s)

2018-11-23 16:53:30 - [MESSAGE][PASSED] - Delayed 2 second(s)

2018-11-23 16:53:30 - [TEST_STEP][PASSED] - click: Object: 'Object Repository/Final Object Repo/Page_Form 1A - Cessation As Employer/Set Latest - Yes' is clicked on

2018-11-23 16:53:34 - [MESSAGE][PASSED] - Object: 'Object Repository/Final Object Repo/Page_Form 1A - Cessation As Employer/Set Latest - Yes' is clicked on

2018-11-23 16:53:34 - [TEST_STEP][PASSED] - delay: Delayed 2 second(s)

2018-11-23 16:53:36 - [MESSAGE][PASSED] - Delayed 2 second(s)

2018-11-23 16:53:36 - [TEST_STEP][PASSED] - click: Object: 'Object Repository/Final Object Repo/Page_Form 1A - Cessation As Employer/Add Document' is clicked on

2018-11-23 16:53:37 - [MESSAGE][PASSED] - Object: 'Object Repository/Final Object Repo/Page_Form 1A - Cessation As Employer/Add Document' is clicked on

2018-11-23 16:53:37 - [TEST_STEP][PASSED] - delay: Delayed 2 second(s)

2018-11-23 16:53:39 - [MESSAGE][PASSED] - Delayed 2 second(s)

2018-11-23 16:53:39 - [TEST_STEP][PASSED] - click: Object: 'Object Repository/Final Object Repo/Page_Form 1A - Cessation As Employer/Document Type' is clicked on

2018-11-23 16:53:40 - [MESSAGE][PASSED] - Object: 'Object Repository/Final Object Repo/Page_Form 1A - Cessation As Employer/Document Type' is clicked on

2018-11-23 16:53:40 - [TEST_STEP][PASSED] - delay: Delayed 2 second(s)

2018-11-23 16:53:42 - [MESSAGE][PASSED] - Delayed 2 second(s)

2018-11-23 16:53:42 - [TEST_STEP][PASSED] - click: Object: 'Object Repository/Final Object Repo/Page_Form 1A - Cessation As Employer/Document Type - Supporting Document For Cessation' is clicked on

2018-11-23 16:53:42 - [MESSAGE][PASSED] - Object: 'Object Repository/Final Object Repo/Page_Form 1A - Cessation As Employer/Document Type - Supporting Document For Cessation' is clicked on

2018-11-23 16:53:42 - [TEST_STEP][PASSED] - delay: Delayed 2 second(s)

2018-11-23 16:53:44 - [MESSAGE][PASSED] - Delayed 2 second(s)

2018-11-23 16:53:44 - [TEST_STEP][PASSED] - sendKeys: Keys 'C:\Users\Public\Pictures\Sample Pictures\Koala.jpg' sent to object: 'Object Repository/Final Object Repo/Page_Form 1A - Cessation As Employer/Uploading File'

2018-11-23 16:53:45 - [MESSAGE][PASSED] - Keys 'C:\Users\Public\Pictures\Sample Pictures\Koala.jpg' sent to object: 'Object Repository/Final Object Repo/Page_Form 1A - Cessation As Employer/Uploading File'

2018-11-23 16:53:45 - [TEST_STEP][PASSED] - delay: Delayed 2 second(s)

2018-11-23 16:53:47 - [MESSAGE][PASSED] - Delayed 2 second(s)

2018-11-23 16:53:47 - [TEST_STEP][PASSED] - click: Object: 'Object Repository/Final Object Repo/Page_Form 1A - Cessation As Employer/Add Document in Uploading Page' is clicked on

2018-11-23 16:53:52 - [MESSAGE][PASSED] - Object: 'Object Repository/Final Object Repo/Page_Form 1A - Cessation As Employer/Add Document in Uploading Page' is clicked on

2018-11-23 16:53:52 - [TEST_STEP][PASSED] - delay: Delayed 20 second(s)

2018-11-23 16:54:12 - [MESSAGE][PASSED] - Delayed 20 second(s)

2018-11-23 16:54:12 - [TEST_STEP][PASSED] - click: Object: 'Object Repository/Final Object Repo/Page_Form 1A - Cessation As Employer/Save  Continue in Uploading Page' is clicked on

2018-11-23 16:54:17 - [MESSAGE][PASSED] - Object: 'Object Repository/Final Object Repo/Page_Form 1A - Cessation As Employer/Save  Continue in Uploading Page' is clicked on

2018-11-23 16:54:17 - [TEST_STEP][PASSED] - delay: Delayed 2 second(s)

2018-11-23 16:54:19 - [MESSAGE][PASSED] - Delayed 2 second(s)

2018-11-23 16:54:19 - [TEST_STEP][PASSED] - click: Object: 'Object Repository/Final Object Repo/Page_Form 1A - Cessation As Employer/Submit2' is clicked on

2018-11-23 16:54:20 - [MESSAGE][PASSED] - Object: 'Object Repository/Final Object Repo/Page_Form 1A - Cessation As Employer/Submit2' is clicked on

2018-11-23 16:54:20 - [TEST_STEP][PASSED] - delay: Delayed 2 second(s)

2018-11-23 16:54:22 - [MESSAGE][PASSED] - Delayed 2 second(s)

2018-11-23 16:54:22 - [TEST_STEP][PASSED] - click: Object: 'Object Repository/Final Object Repo/Page_Form 1A - Cessation As Employer/Confirm' is clicked on

2018-11-23 16:54:28 - [MESSAGE][PASSED] - Object: 'Object Repository/Final Object Repo/Page_Form 1A - Cessation As Employer/Confirm' is clicked on

2018-11-23 16:54:28 - [TEST_STEP][PASSED] - delay: Delayed 2 second(s)

2018-11-23 16:54:30 - [MESSAGE][PASSED] - Delayed 2 second(s)

2018-11-23 16:54:30 - [TEST_STEP][PASSED] - verifyElementVisible: Object 'Object Repository/Final Object Repo/Page_Form 1A - Cessation As Employer/Message Your Request will be routed to UO' is visible

2018-11-23 16:54:30 - [MESSAGE][PASSED] - Object 'Object Repository/Final Object Repo/Page_Form 1A - Cessation As Employer/Message Your Request will be routed to UO' is visible

2018-11-23 16:54:30 - [TEST_STEP][PASSED] - delay: Delayed 1 second(s)

2018-11-23 16:54:31 - [MESSAGE][PASSED] - Delayed 1 second(s)

2018-11-23 16:54:31 - [TEST_STEP][PASSED] - verifyElementVisible: Object 'Object Repository/Final Object Repo/Page_Form 1A - Cessation As Employer/Letter of acknowledgement' is visible

2018-11-23 16:54:31 - [MESSAGE][PASSED] - Object 'Object Repository/Final Object Repo/Page_Form 1A - Cessation As Employer/Letter of acknowledgement' is visible

2018-11-23 16:54:31 - [MESSAGE][PASSED] - Call Test Case 'Test Cases/Final Aug 2018 - PKS Automation/Registration Module/Workflow/Form 1A - Cessation As Employer/Template/Form 1 A - Cessation As Employer (OTC)' successfully

2018-11-23 16:54:31 - [TEST_STEP][PASSED] - callTestCase: Call Test Case 'Test Cases/Final Aug 2018 - PKS Automation/Registration Module/Workflow/Form 1A - Cessation As Employer/Template/Form 1 A - Cessation As Employer (Under enforcement)' successfully

2018-11-23 16:54:31 - [TEST_CASE][PASSED] - Test Cases/Final Aug 2018 - PKS Automation/Registration Module/Workflow/Form 1A - Cessation As Employer/Template/Form 1 A - Cessation As Employer (Under enforcement): Test Cases/Final Aug 2018 - PKS Automation/Registration Module/Workflow/Form 1A - Cessation As Employer/Template/Form 1 A - Cessation As Employer (Under enforcement)

2018-11-23 16:54:31 - [TEST_STEP][NOT_RUN] - callTestCase: NOT_RUN: callTestCase

2018-11-23 16:54:31 - [MESSAGE][NOT_RUN] - NOT_RUN: callTestCase

2018-11-23 16:54:31 - [TEST_STEP][PASSED] - delay: Delayed 1 second(s)

2018-11-23 16:54:32 - [MESSAGE][PASSED] - Delayed 1 second(s)

2018-11-23 16:54:32 - [TEST_STEP][PASSED] - navigateToUrl: Navigate to 'https://assist2-uat.perkeso.gov.my/c/portal/logout' successfully

2018-11-23 16:54:34 - [MESSAGE][PASSED] - Navigate to 'https://assist2-uat.perkeso.gov.my/c/portal/logout' successfully

2018-11-23 16:54:34 - [TEST_STEP][PASSED] - delay: Delayed 1 second(s)

2018-11-23 16:54:35 - [MESSAGE][PASSED] - Delayed 1 second(s)

2018-11-23 16:54:35 - [TEST_STEP][PASSED] - callTestCase: Call Test Case 'Test Cases/Final Aug 2018 - PKS Automation/Common/Reference Number Getter' successfully

2018-11-23 16:54:35 - [TEST_CASE][PASSED] - Test Cases/Final Aug 2018 - PKS Automation/Common/Reference Number Getter: Test Cases/Final Aug 2018 - PKS Automation/Common/Reference Number Getter

2018-11-23 16:54:35 - [TEST_STEP][PASSED] - Statement - Try: null

2018-11-23 16:54:35 - [TEST_STEP][PASSED] - Statement - RefNo = new java.io.File(C://Users//Admin//Desktop//PKS//Automation Reference Point//KatalonReference.txt): null

2018-11-23 16:54:35 - [TEST_STEP][PASSED] - Statement - bufferread = new java.io.BufferedReader(new java.io.FileReader(RefNo)): null

2018-11-23 16:54:35 - [TEST_STEP][PASSED] - Statement - readedVal = bufferread.readLine(): null

2018-11-23 16:54:35 - [TEST_STEP][PASSED] - Statement - out.println(CaseReferenceNo): null

2018-11-23 16:54:35 - [TEST_STEP][PASSED] - Statement - out.println(readedVal): null

2018-11-23 16:54:35 - [TEST_STEP][PASSED] - Statement - CaseReferenceNo = "": null

2018-11-23 16:54:35 - [TEST_STEP][PASSED] - Statement - CaseReferenceNo = readedVal: null

2018-11-23 16:54:35 - [MESSAGE][PASSED] - Call Test Case 'Test Cases/Final Aug 2018 - PKS Automation/Common/Reference Number Getter' successfully

2018-11-23 16:54:35 - [TEST_STEP][PASSED] - callTestCase: Call Test Case 'Test Cases/Final Aug 2018 - PKS Automation/Common/Workflow Owner Finder' successfully

2018-11-23 16:54:35 - [TEST_CASE][PASSED] - Test Cases/Final Aug 2018 - PKS Automation/Common/Workflow Owner Finder: Test Cases/Final Aug 2018 - PKS Automation/Common/Workflow Owner Finder

2018-11-23 16:54:35 - [TEST_STEP][PASSED] - openBrowser: Browser is opened with url: ''

2018-11-23 16:54:35 - [MESSAGE][WARNING] - A browser is already opened. Closing browser and opening a new one

2018-11-23 16:54:39 - [MESSAGE][PASSED] - Browser is opened with url: ''

2018-11-23 16:54:39 - [TEST_STEP][PASSED] - navigateToUrl: Navigate to 'https://assist2-uat.perkeso.gov.my/login' successfully

2018-11-23 16:54:41 - [MESSAGE][PASSED] - Navigate to 'https://assist2-uat.perkeso.gov.my/login' successfully

2018-11-23 16:54:41 - [TEST_STEP][PASSED] - delay: Delayed 5 second(s)

2018-11-23 16:54:46 - [MESSAGE][PASSED] - Delayed 5 second(s)

2018-11-23 16:54:46 - [TEST_STEP][PASSED] - setText: Text 'test@liferay.com' is set on object 'Object Repository/Final Object Repo/Login Page/Internal User/Email Address'

2018-11-23 16:54:46 - [MESSAGE][PASSED] - Text 'test@liferay.com' is set on object 'Object Repository/Final Object Repo/Login Page/Internal User/Email Address'

2018-11-23 16:54:46 - [TEST_STEP][PASSED] - click: Object: 'Object Repository/Final Object Repo/Login Page/Internal User/Next Button' is clicked on

2018-11-23 16:54:47 - [MESSAGE][PASSED] - Object: 'Object Repository/Final Object Repo/Login Page/Internal User/Next Button' is clicked on

2018-11-23 16:54:47 - [TEST_STEP][PASSED] - delay: Delayed 2 second(s)

2018-11-23 16:54:49 - [MESSAGE][PASSED] - Delayed 2 second(s)

2018-11-23 16:54:49 - [TEST_STEP][PASSED] - setText: Text 'test' is set on object 'Object Repository/Final Object Repo/Login Page/Internal User/Password'

2018-11-23 16:54:49 - [MESSAGE][PASSED] - Text 'test' is set on object 'Object Repository/Final Object Repo/Login Page/Internal User/Password'

2018-11-23 16:54:49 - [TEST_STEP][PASSED] - delay: Delayed 2 second(s)

2018-11-23 16:54:51 - [MESSAGE][PASSED] - Delayed 2 second(s)

2018-11-23 16:54:51 - [TEST_STEP][PASSED] - click: Object: 'Object Repository/Final Object Repo/Login Page/Internal User/Login Button' is clicked on

2018-11-23 16:54:53 - [MESSAGE][PASSED] - Object: 'Object Repository/Final Object Repo/Login Page/Internal User/Login Button' is clicked on

2018-11-23 16:54:53 - [TEST_STEP][PASSED] - Statement - Try: Delayed 2 second(s)

2018-11-23 16:54:53 - [TEST_STEP][PASSED] - Statement - Checker = false: null

2018-11-23 16:54:53 - [TEST_STEP][PASSED] - Statement - Checker = com.kms.katalon.core.webui.keyword.WebUiBuiltInKeywords.verifyElementHasAttribute(com.kms.katalon.core.testobject.ObjectRepository.findTestObject(Final Object Repo/Landing Page/BM Detecting), "href", 20, OPTIONAL): Object 'Object Repository/Final Object Repo/Landing Page/BM Detecting' has attribute 'href'

2018-11-23 16:54:53 - [MESSAGE][PASSED] - Object 'Object Repository/Final Object Repo/Landing Page/BM Detecting' has attribute 'href'

2018-11-23 16:54:53 - [TEST_STEP][PASSED] - Statement - out.println(Checker): null

2018-11-23 16:54:53 - [TEST_STEP][PASSED] - Statement - If (Checker == false): null

2018-11-23 16:54:53 - [TEST_STEP][PASSED] - Statement - Else: null

2018-11-23 16:54:53 - [TEST_STEP][PASSED] - delay: Delayed 2 second(s)

2018-11-23 16:54:55 - [MESSAGE][PASSED] - Delayed 2 second(s)

2018-11-23 16:54:55 - [TEST_STEP][PASSED] - delay: Delayed 3 second(s)

2018-11-23 16:54:58 - [MESSAGE][PASSED] - Delayed 3 second(s)

2018-11-23 16:54:58 - [TEST_STEP][PASSED] - mouseOver: Object: 'Object Repository/Final Object Repo/Landing Page/WorkFlow Menu' is hovered

2018-11-23 16:54:59 - [MESSAGE][PASSED] - Object: 'Object Repository/Final Object Repo/Landing Page/WorkFlow Menu' is hovered

2018-11-23 16:54:59 - [TEST_STEP][PASSED] - delay: Delayed 2 second(s)

2018-11-23 16:55:01 - [MESSAGE][PASSED] - Delayed 2 second(s)

2018-11-23 16:55:01 - [TEST_STEP][PASSED] - click: Object: 'Object Repository/Final Object Repo/Landing Page/Select to Workflow Listing' is clicked on

2018-11-23 16:55:02 - [MESSAGE][PASSED] - Object: 'Object Repository/Final Object Repo/Landing Page/Select to Workflow Listing' is clicked on

2018-11-23 16:55:02 - [TEST_STEP][PASSED] - delay: Delayed 2 second(s)

2018-11-23 16:55:04 - [MESSAGE][PASSED] - Delayed 2 second(s)

2018-11-23 16:55:04 - [TEST_STEP][PASSED] - click: Object: 'Object Repository/Final Object Repo/WorkFlow Listing Page/Search Information - To Put Ref No' is clicked on

2018-11-23 16:55:04 - [MESSAGE][PASSED] - Object: 'Object Repository/Final Object Repo/WorkFlow Listing Page/Search Information - To Put Ref No' is clicked on

2018-11-23 16:55:04 - [TEST_STEP][PASSED] - delay: Delayed 2 second(s)

2018-11-23 16:55:06 - [MESSAGE][PASSED] - Delayed 2 second(s)

2018-11-23 16:55:06 - [TEST_STEP][PASSED] - callTestCase: Call Test Case 'Test Cases/Final Aug 2018 - PKS Automation/Common/Reference Number Getter' successfully

2018-11-23 16:55:07 - [TEST_CASE][PASSED] - Test Cases/Final Aug 2018 - PKS Automation/Common/Reference Number Getter: Test Cases/Final Aug 2018 - PKS Automation/Common/Reference Number Getter

2018-11-23 16:55:07 - [TEST_STEP][PASSED] - Statement - Try: null

2018-11-23 16:55:07 - [TEST_STEP][PASSED] - Statement - RefNo = new java.io.File(C://Users//Admin//Desktop//PKS//Automation Reference Point//KatalonReference.txt): null

2018-11-23 16:55:07 - [TEST_STEP][PASSED] - Statement - bufferread = new java.io.BufferedReader(new java.io.FileReader(RefNo)): null

2018-11-23 16:55:07 - [TEST_STEP][PASSED] - Statement - readedVal = bufferread.readLine(): null

2018-11-23 16:55:07 - [TEST_STEP][PASSED] - Statement - out.println(CaseReferenceNo): null

2018-11-23 16:55:07 - [TEST_STEP][PASSED] - Statement - out.println(readedVal): null

2018-11-23 16:55:07 - [TEST_STEP][PASSED] - Statement - CaseReferenceNo = "": null

2018-11-23 16:55:07 - [TEST_STEP][PASSED] - Statement - CaseReferenceNo = readedVal: null

2018-11-23 16:55:07 - [MESSAGE][PASSED] - Call Test Case 'Test Cases/Final Aug 2018 - PKS Automation/Common/Reference Number Getter' successfully

2018-11-23 16:55:07 - [TEST_STEP][PASSED] - setText: Text 'CUN112018C200001606' is set on object 'Object Repository/Final Object Repo/WorkFlow Listing Page/Ref No Set Text'

2018-11-23 16:55:07 - [MESSAGE][PASSED] - Text 'CUN112018C200001606' is set on object 'Object Repository/Final Object Repo/WorkFlow Listing Page/Ref No Set Text'

2018-11-23 16:55:07 - [TEST_STEP][PASSED] - delay: Delayed 2 second(s)

2018-11-23 16:55:09 - [MESSAGE][PASSED] - Delayed 2 second(s)

2018-11-23 16:55:09 - [TEST_STEP][PASSED] - click: Object: 'Object Repository/Final Object Repo/WorkFlow Listing Page/Search Ref No Search Button' is clicked on

2018-11-23 16:55:11 - [MESSAGE][PASSED] - Object: 'Object Repository/Final Object Repo/WorkFlow Listing Page/Search Ref No Search Button' is clicked on

2018-11-23 16:55:11 - [TEST_STEP][PASSED] - delay: Delayed 4 second(s)

2018-11-23 16:55:15 - [MESSAGE][PASSED] - Delayed 4 second(s)

2018-11-23 16:55:15 - [TEST_STEP][PASSED] - click: Object: 'Object Repository/Final Object Repo/WorkFlow Listing Page/Click Continue Tooltip' is clicked on

2018-11-23 16:55:17 - [MESSAGE][PASSED] - Object: 'Object Repository/Final Object Repo/WorkFlow Listing Page/Click Continue Tooltip' is clicked on

2018-11-23 16:55:17 - [TEST_STEP][PASSED] - delay: Delayed 5 second(s)

2018-11-23 16:55:22 - [MESSAGE][PASSED] - Delayed 5 second(s)

2018-11-23 16:55:22 - [TEST_STEP][PASSED] - doubleClick: Object: 'Object Repository/Final Object Repo/WorkFlow Listing Page/Workflow Found - Listing 1' is double clicked on

2018-11-23 16:55:22 - [MESSAGE][PASSED] - Object: 'Object Repository/Final Object Repo/WorkFlow Listing Page/Workflow Found - Listing 1' is double clicked on

2018-11-23 16:55:22 - [TEST_STEP][PASSED] - Statement - println(OwnerID): null

2018-11-23 16:55:22 - [TEST_STEP][PASSED] - Statement - OwnerID = com.kms.katalon.core.webui.keyword.WebUiBuiltInKeywords.getText(com.kms.katalon.core.testobject.ObjectRepository.findTestObject(Final Object Repo/WorkFlow Listing Page/Workflow Found - Listing 1), STOP_ON_FAILURE): Text of object 'Object Repository/Final Object Repo/WorkFlow Listing Page/Workflow Found - Listing 1' is: 'JOHORuo3'

2018-11-23 16:55:22 - [MESSAGE][PASSED] - Text of object 'Object Repository/Final Object Repo/WorkFlow Listing Page/Workflow Found - Listing 1' is: 'JOHORuo3'

2018-11-23 16:55:22 - [TEST_STEP][PASSED] - Statement - OwnerID = OwnerID.toLowerCase() + "@gmail.com": null

2018-11-23 16:55:22 - [TEST_STEP][PASSED] - Statement - println(OwnerID): null

2018-11-23 16:55:22 - [TEST_STEP][PASSED] - delay: Delayed 2 second(s)

2018-11-23 16:55:24 - [MESSAGE][PASSED] - Delayed 2 second(s)

2018-11-23 16:55:24 - [MESSAGE][PASSED] - Call Test Case 'Test Cases/Final Aug 2018 - PKS Automation/Common/Workflow Owner Finder' successfully

2018-11-23 16:55:24 - [TEST_STEP][PASSED] - delay: Delayed 1 second(s)

2018-11-23 16:55:25 - [MESSAGE][PASSED] - Delayed 1 second(s)

2018-11-23 16:55:25 - [TEST_STEP][PASSED] - navigateToUrl: Navigate to 'https://assist2-uat.perkeso.gov.my/c/portal/logout' successfully

2018-11-23 16:55:26 - [MESSAGE][PASSED] - Navigate to 'https://assist2-uat.perkeso.gov.my/c/portal/logout' successfully

2018-11-23 16:55:26 - [TEST_STEP][PASSED] - delay: Delayed 1 second(s)

2018-11-23 16:55:27 - [MESSAGE][PASSED] - Delayed 1 second(s)

2018-11-23 16:55:27 - [TEST_STEP][PASSED] - callTestCase: Call Test Case 'Test Cases/Final Aug 2018 - PKS Automation/Registration Module/Workflow/Login and Search Case For Workflow' successfully

2018-11-23 16:55:27 - [TEST_CASE][PASSED] - Test Cases/Final Aug 2018 - PKS Automation/Registration Module/Workflow/Login and Search Case For Workflow: Test Cases/Final Aug 2018 - PKS Automation/Registration Module/Workflow/Login and Search Case For Workflow

2018-11-23 16:55:27 - [TEST_STEP][PASSED] - navigateToUrl: Navigate to 'https://assist2-uat.perkeso.gov.my/login' successfully

2018-11-23 16:55:28 - [MESSAGE][PASSED] - Navigate to 'https://assist2-uat.perkeso.gov.my/login' successfully

2018-11-23 16:55:28 - [TEST_STEP][PASSED] - setText: Text 'johoruo3@gmail.com' is set on object 'Object Repository/Final Object Repo/Login Page/Internal User/Email Address'

2018-11-23 16:55:28 - [MESSAGE][PASSED] - Text 'johoruo3@gmail.com' is set on object 'Object Repository/Final Object Repo/Login Page/Internal User/Email Address'

2018-11-23 16:55:28 - [TEST_STEP][PASSED] - click: Object: 'Object Repository/Final Object Repo/Login Page/Internal User/Next Button' is clicked on

2018-11-23 16:55:29 - [MESSAGE][PASSED] - Object: 'Object Repository/Final Object Repo/Login Page/Internal User/Next Button' is clicked on

2018-11-23 16:55:29 - [TEST_STEP][PASSED] - delay: Delayed 1 second(s)

2018-11-23 16:55:30 - [MESSAGE][PASSED] - Delayed 1 second(s)

2018-11-23 16:55:30 - [TEST_STEP][PASSED] - setEncryptedText: Text ****** has been set on object 'Object Repository/Final Object Repo/Login Page/Internal User/Password'

2018-11-23 16:55:30 - [MESSAGE][PASSED] - Text ****** has been set on object 'Object Repository/Final Object Repo/Login Page/Internal User/Password'

2018-11-23 16:55:30 - [TEST_STEP][PASSED] - click: Object: 'Object Repository/Final Object Repo/Login Page/Internal User/Login Button' is clicked on

2018-11-23 16:55:32 - [MESSAGE][PASSED] - Object: 'Object Repository/Final Object Repo/Login Page/Internal User/Login Button' is clicked on

2018-11-23 16:55:32 - [TEST_STEP][PASSED] - delay: Delayed 2 second(s)

2018-11-23 16:55:34 - [MESSAGE][PASSED] - Delayed 2 second(s)

2018-11-23 16:55:34 - [TEST_STEP][PASSED] - Statement - Try: Delayed 2 second(s)

2018-11-23 16:55:34 - [TEST_STEP][PASSED] - Statement - Checker = false: null

2018-11-23 16:55:34 - [TEST_STEP][PASSED] - Statement - Checker = com.kms.katalon.core.webui.keyword.WebUiBuiltInKeywords.verifyElementHasAttribute(com.kms.katalon.core.testobject.ObjectRepository.findTestObject(Final Object Repo/Landing Page/BM Detecting), "href", 20, OPTIONAL): Object 'Object Repository/Final Object Repo/Landing Page/BM Detecting' has attribute 'href'

2018-11-23 16:55:34 - [MESSAGE][PASSED] - Object 'Object Repository/Final Object Repo/Landing Page/BM Detecting' has attribute 'href'

2018-11-23 16:55:34 - [TEST_STEP][PASSED] - Statement - out.println(Checker): null

2018-11-23 16:55:34 - [TEST_STEP][PASSED] - Statement - If (Checker == false): null

2018-11-23 16:55:34 - [TEST_STEP][PASSED] - Statement - Else: null

2018-11-23 16:55:34 - [TEST_STEP][PASSED] - delay: Delayed 2 second(s)

2018-11-23 16:55:36 - [MESSAGE][PASSED] - Delayed 2 second(s)

2018-11-23 16:55:36 - [TEST_STEP][PASSED] - click: Object: 'Object Repository/Final Object Repo/Page_MyASSIST - ASSIST - Search Pending Case For Add Supporting Document/Search Information' is clicked on

2018-11-23 16:55:36 - [MESSAGE][PASSED] - Object: 'Object Repository/Final Object Repo/Page_MyASSIST - ASSIST - Search Pending Case For Add Supporting Document/Search Information' is clicked on

2018-11-23 16:55:36 - [TEST_STEP][PASSED] - delay: Delayed 3 second(s)

2018-11-23 16:55:39 - [MESSAGE][PASSED] - Delayed 3 second(s)

2018-11-23 16:55:39 - [TEST_STEP][PASSED] - sendKeys: Keys 'CUN112018C200001606' sent to object: 'Object Repository/Final Object Repo/Page_MyASSIST - ASSIST - Search Pending Case For Add Supporting Document/Reference No'

2018-11-23 16:55:40 - [MESSAGE][PASSED] - Keys 'CUN112018C200001606' sent to object: 'Object Repository/Final Object Repo/Page_MyASSIST - ASSIST - Search Pending Case For Add Supporting Document/Reference No'

2018-11-23 16:55:40 - [TEST_STEP][PASSED] - click: Object: 'Object Repository/Final Object Repo/Page_MyASSIST - ASSIST - Search Pending Case For Add Supporting Document/Search Reference No' is clicked on

2018-11-23 16:55:41 - [MESSAGE][PASSED] - Object: 'Object Repository/Final Object Repo/Page_MyASSIST - ASSIST - Search Pending Case For Add Supporting Document/Search Reference No' is clicked on

2018-11-23 16:55:41 - [TEST_STEP][PASSED] - delay: Delayed 2 second(s)

2018-11-23 16:55:43 - [MESSAGE][PASSED] - Delayed 2 second(s)

2018-11-23 16:55:43 - [TEST_STEP][PASSED] - click: Object: 'Object Repository/Final Object Repo/Page_MyASSIST - ASSIST - Search Pending Case For Add Supporting Document/Continue' is clicked on

2018-11-23 16:55:47 - [MESSAGE][PASSED] - Object: 'Object Repository/Final Object Repo/Page_MyASSIST - ASSIST - Search Pending Case For Add Supporting Document/Continue' is clicked on

2018-11-23 16:55:47 - [TEST_STEP][PASSED] - delay: Delayed 20 second(s)

2018-11-23 16:56:07 - [MESSAGE][PASSED] - Delayed 20 second(s)

2018-11-23 16:56:07 - [MESSAGE][PASSED] - Call Test Case 'Test Cases/Final Aug 2018 - PKS Automation/Registration Module/Workflow/Login and Search Case For Workflow' successfully

2018-11-23 16:56:07 - [TEST_STEP][PASSED] - click: Object: 'Object Repository/Final Object Repo/Page_Form 1A - Cessation As Employer/Page_Form 1A - Cessation As Employer (Approve)/Save  Continue in Form 1A Page' is clicked on

2018-11-23 16:56:10 - [MESSAGE][PASSED] - Object: 'Object Repository/Final Object Repo/Page_Form 1A - Cessation As Employer/Page_Form 1A - Cessation As Employer (Approve)/Save  Continue in Form 1A Page' is clicked on

2018-11-23 16:56:10 - [TEST_STEP][PASSED] - delay: Delayed 2 second(s)

2018-11-23 16:56:12 - [MESSAGE][PASSED] - Delayed 2 second(s)

2018-11-23 16:56:12 - [TEST_STEP][PASSED] - click: Object: 'Object Repository/Final Object Repo/Page_Form 1A - Cessation As Employer/Employment Resign Date' is clicked on

2018-11-23 16:56:12 - [MESSAGE][PASSED] - Object: 'Object Repository/Final Object Repo/Page_Form 1A - Cessation As Employer/Employment Resign Date' is clicked on

2018-11-23 16:56:12 - [TEST_STEP][PASSED] - delay: Delayed 1 second(s)

2018-11-23 16:56:13 - [MESSAGE][PASSED] - Delayed 1 second(s)

2018-11-23 16:56:13 - [TEST_STEP][PASSED] - selectOptionByValue: All options with value '2030' are selected in object 'Object Repository/Final Object Repo/Page_Form 1A - Cessation As Employer/Employment Resign Date - Year' 

2018-11-23 16:56:14 - [MESSAGE][PASSED] - All options with value '2030' are selected in object 'Object Repository/Final Object Repo/Page_Form 1A - Cessation As Employer/Employment Resign Date - Year' 

2018-11-23 16:56:14 - [TEST_STEP][PASSED] - delay: Delayed 1 second(s)

2018-11-23 16:56:15 - [MESSAGE][PASSED] - Delayed 1 second(s)

2018-11-23 16:56:15 - [TEST_STEP][PASSED] - click: Object: 'Object Repository/Final Object Repo/Page_Form 1A - Cessation As Employer/Employment Resign Date - Year - Date' is clicked on

2018-11-23 16:56:15 - [MESSAGE][PASSED] - Object: 'Object Repository/Final Object Repo/Page_Form 1A - Cessation As Employer/Employment Resign Date - Year - Date' is clicked on

2018-11-23 16:56:15 - [TEST_STEP][PASSED] - delay: Delayed 2 second(s)

2018-11-23 16:56:17 - [MESSAGE][PASSED] - Delayed 2 second(s)

2018-11-23 16:56:17 - [TEST_STEP][PASSED] - click: Object: 'Object Repository/Final Object Repo/Page_Form 1A - Cessation As Employer/Page_Form 1A - Cessation As Employer (Approve)/Save  Continue in Update Add Employee Resigned Date Page' is clicked on

2018-11-23 16:56:18 - [MESSAGE][PASSED] - Object: 'Object Repository/Final Object Repo/Page_Form 1A - Cessation As Employer/Page_Form 1A - Cessation As Employer (Approve)/Save  Continue in Update Add Employee Resigned Date Page' is clicked on

2018-11-23 16:56:18 - [TEST_STEP][PASSED] - delay: Delayed 2 second(s)

2018-11-23 16:56:20 - [MESSAGE][PASSED] - Delayed 2 second(s)

2018-11-23 16:56:20 - [TEST_STEP][PASSED] - click: Object: 'Object Repository/Final Object Repo/Page_Form 1A - Cessation As Employer/Set Latest - Yes' is clicked on

2018-11-23 16:56:23 - [MESSAGE][PASSED] - Object: 'Object Repository/Final Object Repo/Page_Form 1A - Cessation As Employer/Set Latest - Yes' is clicked on

2018-11-23 16:56:23 - [TEST_STEP][PASSED] - delay: Delayed 2 second(s)

2018-11-23 16:56:25 - [MESSAGE][PASSED] - Delayed 2 second(s)

2018-11-23 16:56:25 - [TEST_STEP][PASSED] - click: Object: 'Object Repository/Final Object Repo/Page_Form 1A - Cessation As Employer/Page_Form 1A - Cessation As Employer (Approve)/Save  Contine in Uploading Document Page' is clicked on

2018-11-23 16:56:31 - [MESSAGE][PASSED] - Object: 'Object Repository/Final Object Repo/Page_Form 1A - Cessation As Employer/Page_Form 1A - Cessation As Employer (Approve)/Save  Contine in Uploading Document Page' is clicked on

2018-11-23 16:56:31 - [TEST_STEP][PASSED] - delay: Delayed 2 second(s)

2018-11-23 16:56:33 - [MESSAGE][PASSED] - Delayed 2 second(s)

2018-11-23 16:56:33 - [TEST_STEP][PASSED] - click: Object: 'Object Repository/Final Object Repo/Page_Form 1A - Cessation As Employer/Page_Form 1A - Cessation As Employer (Under enforcement)/Under enforcement' is clicked on

2018-11-23 16:56:33 - [MESSAGE][PASSED] - Object: 'Object Repository/Final Object Repo/Page_Form 1A - Cessation As Employer/Page_Form 1A - Cessation As Employer (Under enforcement)/Under enforcement' is clicked on

2018-11-23 16:56:33 - [TEST_STEP][PASSED] - delay: Delayed 2 second(s)

2018-11-23 16:56:35 - [MESSAGE][PASSED] - Delayed 2 second(s)

2018-11-23 16:56:35 - [TEST_STEP][PASSED] - setText: Text 'remark' is set on object 'Object Repository/Final Object Repo/Page_Form 1A - Cessation As Employer/Page_Form 1A - Cessation As Employer (Under enforcement)/Under enforcement - remark'

2018-11-23 16:56:35 - [MESSAGE][PASSED] - Text 'remark' is set on object 'Object Repository/Final Object Repo/Page_Form 1A - Cessation As Employer/Page_Form 1A - Cessation As Employer (Under enforcement)/Under enforcement - remark'

2018-11-23 16:56:35 - [TEST_STEP][PASSED] - delay: Delayed 2 second(s)

2018-11-23 16:56:37 - [MESSAGE][PASSED] - Delayed 2 second(s)

2018-11-23 16:56:37 - [TEST_STEP][PASSED] - click: Object: 'Object Repository/Final Object Repo/Page_Form 1A - Cessation As Employer/Page_Form 1A - Cessation As Employer (Under enforcement)/Save  Continue in Under enforcement Page' is clicked on

2018-11-23 16:56:41 - [MESSAGE][PASSED] - Object: 'Object Repository/Final Object Repo/Page_Form 1A - Cessation As Employer/Page_Form 1A - Cessation As Employer (Under enforcement)/Save  Continue in Under enforcement Page' is clicked on

2018-11-23 16:56:41 - [TEST_STEP][PASSED] - delay: Delayed 2 second(s)

2018-11-23 16:56:43 - [MESSAGE][PASSED] - Delayed 2 second(s)

2018-11-23 16:56:43 - [TEST_STEP][PASSED] - click: Object: 'Object Repository/Final Object Repo/Page_Form 1A - Cessation As Employer/Page_Form 1A - Cessation As Employer (Under enforcement)/Message The case is under enforcement' is clicked on

2018-11-23 16:56:44 - [MESSAGE][PASSED] - Object: 'Object Repository/Final Object Repo/Page_Form 1A - Cessation As Employer/Page_Form 1A - Cessation As Employer (Under enforcement)/Message The case is under enforcement' is clicked on

2018-11-23 16:56:44 - [MESSAGE][PASSED] - Call Test Case 'Test Cases/Final Aug 2018 - PKS Automation/Registration Module/Workflow/Form 1A - Cessation As Employer/Template/Form 1 A - Cessation As Employer (Under enforcement)' successfully]]></system-out>
         <system-err><![CDATA[]]></system-err>
      </testcase>
      <testcase name="Test Cases/Final Aug 2018 - PKS Automation/Registration Module/Workflow/Form 1A - Cessation As Employer/OTC to UO (Approve)" classname="Test Cases/Final Aug 2018 - PKS Automation/Registration Module/Workflow/Form 1A - Cessation As Employer/OTC to UO (Approve)" status="PASSED">
         <system-out><![CDATA[2018-11-23 16:56:44 - [TEST_CASE][PASSED] - Test Cases/Final Aug 2018 - PKS Automation/Registration Module/Workflow/Form 1A - Cessation As Employer/OTC to UO (Approve): Test Cases/Final Aug 2018 - PKS Automation/Registration Module/Workflow/Form 1A - Cessation As Employer/OTC to UO (Approve)

2018-11-23 16:56:44 - [TEST_STEP][PASSED] - callTestCase: Call Test Case 'Test Cases/Final Aug 2018 - PKS Automation/Registration Module/Workflow/Form 1A - Cessation As Employer/Template/Form 1 A - Cessation As Employer (OTC)' successfully

2018-11-23 16:56:44 - [TEST_CASE][PASSED] - Test Cases/Final Aug 2018 - PKS Automation/Registration Module/Workflow/Form 1A - Cessation As Employer/Template/Form 1 A - Cessation As Employer (OTC): Test Cases/Final Aug 2018 - PKS Automation/Registration Module/Workflow/Form 1A - Cessation As Employer/Template/Form 1 A - Cessation As Employer (OTC)

2018-11-23 16:56:44 - [TEST_STEP][PASSED] - openBrowser: Browser is opened with url: ''

2018-11-23 16:56:44 - [MESSAGE][WARNING] - A browser is already opened. Closing browser and opening a new one

2018-11-23 16:56:49 - [MESSAGE][PASSED] - Browser is opened with url: ''

2018-11-23 16:56:49 - [TEST_STEP][PASSED] - navigateToUrl: Navigate to 'https://assist2-uat.perkeso.gov.my/login' successfully

2018-11-23 16:56:50 - [MESSAGE][PASSED] - Navigate to 'https://assist2-uat.perkeso.gov.my/login' successfully

2018-11-23 16:56:50 - [TEST_STEP][PASSED] - setText: Text 'johorotc1@gmail.com' is set on object 'Object Repository/Final Object Repo/Login Page/Internal User/Email Address'

2018-11-23 16:56:50 - [MESSAGE][PASSED] - Text 'johorotc1@gmail.com' is set on object 'Object Repository/Final Object Repo/Login Page/Internal User/Email Address'

2018-11-23 16:56:50 - [TEST_STEP][PASSED] - click: Object: 'Object Repository/Final Object Repo/Login Page/Internal User/Next Button' is clicked on

2018-11-23 16:56:51 - [MESSAGE][PASSED] - Object: 'Object Repository/Final Object Repo/Login Page/Internal User/Next Button' is clicked on

2018-11-23 16:56:51 - [TEST_STEP][PASSED] - delay: Delayed 1 second(s)

2018-11-23 16:56:52 - [MESSAGE][PASSED] - Delayed 1 second(s)

2018-11-23 16:56:52 - [TEST_STEP][PASSED] - setEncryptedText: Text ****** has been set on object 'Object Repository/Final Object Repo/Login Page/Internal User/Password'

2018-11-23 16:56:52 - [MESSAGE][PASSED] - Text ****** has been set on object 'Object Repository/Final Object Repo/Login Page/Internal User/Password'

2018-11-23 16:56:52 - [TEST_STEP][PASSED] - click: Object: 'Object Repository/Final Object Repo/Login Page/Internal User/Login Button' is clicked on

2018-11-23 16:56:54 - [MESSAGE][PASSED] - Object: 'Object Repository/Final Object Repo/Login Page/Internal User/Login Button' is clicked on

2018-11-23 16:56:54 - [TEST_STEP][PASSED] - delay: Delayed 1 second(s)

2018-11-23 16:56:55 - [MESSAGE][PASSED] - Delayed 1 second(s)

2018-11-23 16:56:55 - [TEST_STEP][PASSED] - Statement - Try: Delayed 2 second(s)

2018-11-23 16:56:55 - [TEST_STEP][PASSED] - Statement - Checker = false: null

2018-11-23 16:56:55 - [TEST_STEP][PASSED] - Statement - Checker = com.kms.katalon.core.webui.keyword.WebUiBuiltInKeywords.verifyElementHasAttribute(com.kms.katalon.core.testobject.ObjectRepository.findTestObject(Final Object Repo/Landing Page/BM Detecting), "href", 20, OPTIONAL): Object 'Object Repository/Final Object Repo/Landing Page/BM Detecting' has attribute 'href'

2018-11-23 16:56:55 - [MESSAGE][PASSED] - Object 'Object Repository/Final Object Repo/Landing Page/BM Detecting' has attribute 'href'

2018-11-23 16:56:55 - [TEST_STEP][PASSED] - Statement - out.println(Checker): null

2018-11-23 16:56:55 - [TEST_STEP][PASSED] - Statement - If (Checker == false): null

2018-11-23 16:56:55 - [TEST_STEP][PASSED] - Statement - Else: null

2018-11-23 16:56:55 - [TEST_STEP][PASSED] - delay: Delayed 2 second(s)

2018-11-23 16:56:57 - [MESSAGE][PASSED] - Delayed 2 second(s)

2018-11-23 16:56:57 - [TEST_STEP][PASSED] - navigateToUrl: Navigate to 'https://assist2-uat.perkeso.gov.my/web/registration/update/form-1a-cessation-as-employer-discontinue-business-' successfully

2018-11-23 16:56:58 - [MESSAGE][PASSED] - Navigate to 'https://assist2-uat.perkeso.gov.my/web/registration/update/form-1a-cessation-as-employer-discontinue-business-' successfully

2018-11-23 16:56:58 - [TEST_STEP][PASSED] - setText: Text 'E1102069770Z' is set on object 'Object Repository/Final Object Repo/Page_Update Employer Information/Employer Code'

2018-11-23 16:56:59 - [MESSAGE][PASSED] - Text 'E1102069770Z' is set on object 'Object Repository/Final Object Repo/Page_Update Employer Information/Employer Code'

2018-11-23 16:56:59 - [TEST_STEP][PASSED] - click: Object: 'Object Repository/Final Object Repo/Page_Update Employer Information/Search Button' is clicked on

2018-11-23 16:57:00 - [MESSAGE][PASSED] - Object: 'Object Repository/Final Object Repo/Page_Update Employer Information/Search Button' is clicked on

2018-11-23 16:57:00 - [TEST_STEP][PASSED] - click: Object: 'Object Repository/Final Object Repo/Page_Update Employer Information/Edit Button' is clicked on

2018-11-23 16:57:02 - [MESSAGE][PASSED] - Object: 'Object Repository/Final Object Repo/Page_Update Employer Information/Edit Button' is clicked on

2018-11-23 16:57:02 - [TEST_STEP][PASSED] - Statement - abc = com.kms.katalon.core.webui.keyword.WebUiBuiltInKeywords.getAttribute(com.kms.katalon.core.testobject.ObjectRepository.findTestObject(Final Object Repo/Page_Form 1A - Cessation As Employer/Employer Status), "value"): Attribute 'value' of object 'Object Repository/Final Object Repo/Page_Form 1A - Cessation As Employer/Employer Status' is: 'Dormant'

2018-11-23 16:57:02 - [MESSAGE][PASSED] - Attribute 'value' of object 'Object Repository/Final Object Repo/Page_Form 1A - Cessation As Employer/Employer Status' is: 'Dormant'

2018-11-23 16:57:02 - [TEST_STEP][PASSED] - Statement - out.println(abc): null

2018-11-23 16:57:02 - [TEST_STEP][PASSED] - Statement - If (abc == "Active"): null

2018-11-23 16:57:02 - [TEST_STEP][PASSED] - Statement - Else If (abc == "Cancel"): null

2018-11-23 16:57:02 - [TEST_STEP][PASSED] - Statement - Else If (abc == "Dormant"): Object: 'Object Repository/Final Object Repo/Page_Form 1A - Cessation As Employer/Change Employer Status to - Dormant' is clicked on

2018-11-23 16:57:02 - [TEST_STEP][PASSED] - click: Object: 'Object Repository/Final Object Repo/Page_Form 1A - Cessation As Employer/Change Employer Status to' is clicked on

2018-11-23 16:57:03 - [MESSAGE][PASSED] - Object: 'Object Repository/Final Object Repo/Page_Form 1A - Cessation As Employer/Change Employer Status to' is clicked on

2018-11-23 16:57:03 - [TEST_STEP][PASSED] - click: Object: 'Object Repository/Final Object Repo/Page_Form 1A - Cessation As Employer/Change Employer Status to - Dormant' is clicked on

2018-11-23 16:57:04 - [MESSAGE][PASSED] - Object: 'Object Repository/Final Object Repo/Page_Form 1A - Cessation As Employer/Change Employer Status to - Dormant' is clicked on

2018-11-23 16:57:04 - [TEST_STEP][PASSED] - click: Object: 'Object Repository/Final Object Repo/Page_Form 1A - Cessation As Employer/Calender' is clicked on

2018-11-23 16:57:04 - [MESSAGE][PASSED] - Object: 'Object Repository/Final Object Repo/Page_Form 1A - Cessation As Employer/Calender' is clicked on

2018-11-23 16:57:04 - [TEST_STEP][PASSED] - click: Object: 'Object Repository/Final Object Repo/Page_Form 1A - Cessation As Employer/Calender - Date' is clicked on

2018-11-23 16:57:05 - [MESSAGE][PASSED] - Object: 'Object Repository/Final Object Repo/Page_Form 1A - Cessation As Employer/Calender - Date' is clicked on

2018-11-23 16:57:05 - [TEST_STEP][PASSED] - delay: Delayed 2 second(s)

2018-11-23 16:57:07 - [MESSAGE][PASSED] - Delayed 2 second(s)

2018-11-23 16:57:07 - [TEST_STEP][PASSED] - click: Object: 'Object Repository/Final Object Repo/Page_Form 1A - Cessation As Employer/Save  Continue in Form 1A Page' is clicked on

2018-11-23 16:57:09 - [MESSAGE][PASSED] - Object: 'Object Repository/Final Object Repo/Page_Form 1A - Cessation As Employer/Save  Continue in Form 1A Page' is clicked on

2018-11-23 16:57:09 - [TEST_STEP][PASSED] - delay: Delayed 2 second(s)

2018-11-23 16:57:11 - [MESSAGE][PASSED] - Delayed 2 second(s)

2018-11-23 16:57:11 - [TEST_STEP][PASSED] - click: Object: 'Object Repository/Final Object Repo/Page_Form 1A - Cessation As Employer/Employment Resign Date' is clicked on

2018-11-23 16:57:12 - [MESSAGE][PASSED] - Object: 'Object Repository/Final Object Repo/Page_Form 1A - Cessation As Employer/Employment Resign Date' is clicked on

2018-11-23 16:57:12 - [TEST_STEP][PASSED] - delay: Delayed 1 second(s)

2018-11-23 16:57:13 - [MESSAGE][PASSED] - Delayed 1 second(s)

2018-11-23 16:57:13 - [TEST_STEP][PASSED] - Statement - CaseReferenceNo = com.kms.katalon.core.webui.keyword.WebUiBuiltInKeywords.getText(com.kms.katalon.core.testobject.ObjectRepository.findTestObject(Final Object Repo/Page_Update Employer Information/Reference Number in Update Employee Information Page)): Text of object 'Object Repository/Final Object Repo/Page_Update Employer Information/Reference Number in Update Employee Information Page' is: 'CUN112018C200001607'

2018-11-23 16:57:13 - [MESSAGE][PASSED] - Text of object 'Object Repository/Final Object Repo/Page_Update Employer Information/Reference Number in Update Employee Information Page' is: 'CUN112018C200001607'

2018-11-23 16:57:13 - [TEST_STEP][PASSED] - callTestCase: Call Test Case 'Test Cases/Final Aug 2018 - PKS Automation/Common/Reference Number Setter' successfully

2018-11-23 16:57:13 - [TEST_CASE][PASSED] - Test Cases/Final Aug 2018 - PKS Automation/Common/Reference Number Setter: Test Cases/Final Aug 2018 - PKS Automation/Common/Reference Number Setter

2018-11-23 16:57:13 - [TEST_STEP][PASSED] - Statement - RefNoOldFile = new java.io.File(C://Users//Admin//Desktop//PKS//Automation Reference Point//KatalonReference.txt): null

2018-11-23 16:57:13 - [TEST_STEP][PASSED] - Statement - RefNoOldFile.delete(): null

2018-11-23 16:57:13 - [TEST_STEP][PASSED] - delay: Delayed 5 second(s)

2018-11-23 16:57:18 - [MESSAGE][PASSED] - Delayed 5 second(s)

2018-11-23 16:57:18 - [TEST_STEP][PASSED] - Statement - RefNo = new java.io.File(C://Users//Admin//Desktop//PKS//Automation Reference Point//KatalonReference.txt): null

2018-11-23 16:57:18 - [TEST_STEP][PASSED] - Statement - f2 = new java.io.FileWriter(RefNo, false): null

2018-11-23 16:57:18 - [TEST_STEP][PASSED] - Statement - f2.write(CaseReferenceNo): null

2018-11-23 16:57:18 - [TEST_STEP][PASSED] - Statement - f2.close(): null

2018-11-23 16:57:18 - [TEST_STEP][PASSED] - Statement - out.println("


" + CaseReferenceNo + "


"): null

2018-11-23 16:57:18 - [MESSAGE][PASSED] - Call Test Case 'Test Cases/Final Aug 2018 - PKS Automation/Common/Reference Number Setter' successfully

2018-11-23 16:57:18 - [TEST_STEP][PASSED] - selectOptionByValue: All options with value '2030' are selected in object 'Object Repository/Final Object Repo/Page_Form 1A - Cessation As Employer/Employment Resign Date - Year' 

2018-11-23 16:57:19 - [MESSAGE][PASSED] - All options with value '2030' are selected in object 'Object Repository/Final Object Repo/Page_Form 1A - Cessation As Employer/Employment Resign Date - Year' 

2018-11-23 16:57:19 - [TEST_STEP][PASSED] - delay: Delayed 1 second(s)

2018-11-23 16:57:20 - [MESSAGE][PASSED] - Delayed 1 second(s)

2018-11-23 16:57:20 - [TEST_STEP][PASSED] - click: Object: 'Object Repository/Final Object Repo/Page_Form 1A - Cessation As Employer/Employment Resign Date - Year - Date' is clicked on

2018-11-23 16:57:20 - [MESSAGE][PASSED] - Object: 'Object Repository/Final Object Repo/Page_Form 1A - Cessation As Employer/Employment Resign Date - Year - Date' is clicked on

2018-11-23 16:57:20 - [TEST_STEP][PASSED] - delay: Delayed 2 second(s)

2018-11-23 16:57:22 - [MESSAGE][PASSED] - Delayed 2 second(s)

2018-11-23 16:57:22 - [TEST_STEP][PASSED] - click: Object: 'Object Repository/Final Object Repo/Page_Form 1A - Cessation As Employer/Save  Continue in Update Add Employee Resigned Date Page' is clicked on

2018-11-23 16:57:23 - [MESSAGE][PASSED] - Object: 'Object Repository/Final Object Repo/Page_Form 1A - Cessation As Employer/Save  Continue in Update Add Employee Resigned Date Page' is clicked on

2018-11-23 16:57:23 - [TEST_STEP][PASSED] - delay: Delayed 2 second(s)

2018-11-23 16:57:25 - [MESSAGE][PASSED] - Delayed 2 second(s)

2018-11-23 16:57:25 - [TEST_STEP][PASSED] - click: Object: 'Object Repository/Final Object Repo/Page_Form 1A - Cessation As Employer/Set Latest - Yes' is clicked on

2018-11-23 16:57:28 - [MESSAGE][PASSED] - Object: 'Object Repository/Final Object Repo/Page_Form 1A - Cessation As Employer/Set Latest - Yes' is clicked on

2018-11-23 16:57:28 - [TEST_STEP][PASSED] - delay: Delayed 2 second(s)

2018-11-23 16:57:30 - [MESSAGE][PASSED] - Delayed 2 second(s)

2018-11-23 16:57:30 - [TEST_STEP][PASSED] - click: Object: 'Object Repository/Final Object Repo/Page_Form 1A - Cessation As Employer/Add Document' is clicked on

2018-11-23 16:57:31 - [MESSAGE][PASSED] - Object: 'Object Repository/Final Object Repo/Page_Form 1A - Cessation As Employer/Add Document' is clicked on

2018-11-23 16:57:31 - [TEST_STEP][PASSED] - delay: Delayed 2 second(s)

2018-11-23 16:57:33 - [MESSAGE][PASSED] - Delayed 2 second(s)

2018-11-23 16:57:33 - [TEST_STEP][PASSED] - click: Object: 'Object Repository/Final Object Repo/Page_Form 1A - Cessation As Employer/Document Type' is clicked on

2018-11-23 16:57:34 - [MESSAGE][PASSED] - Object: 'Object Repository/Final Object Repo/Page_Form 1A - Cessation As Employer/Document Type' is clicked on

2018-11-23 16:57:34 - [TEST_STEP][PASSED] - delay: Delayed 2 second(s)

2018-11-23 16:57:36 - [MESSAGE][PASSED] - Delayed 2 second(s)

2018-11-23 16:57:36 - [TEST_STEP][PASSED] - click: Object: 'Object Repository/Final Object Repo/Page_Form 1A - Cessation As Employer/Document Type - Supporting Document For Cessation' is clicked on

2018-11-23 16:57:37 - [MESSAGE][PASSED] - Object: 'Object Repository/Final Object Repo/Page_Form 1A - Cessation As Employer/Document Type - Supporting Document For Cessation' is clicked on

2018-11-23 16:57:37 - [TEST_STEP][PASSED] - delay: Delayed 2 second(s)

2018-11-23 16:57:39 - [MESSAGE][PASSED] - Delayed 2 second(s)

2018-11-23 16:57:39 - [TEST_STEP][PASSED] - sendKeys: Keys 'C:\Users\Public\Pictures\Sample Pictures\Koala.jpg' sent to object: 'Object Repository/Final Object Repo/Page_Form 1A - Cessation As Employer/Uploading File'

2018-11-23 16:57:39 - [MESSAGE][PASSED] - Keys 'C:\Users\Public\Pictures\Sample Pictures\Koala.jpg' sent to object: 'Object Repository/Final Object Repo/Page_Form 1A - Cessation As Employer/Uploading File'

2018-11-23 16:57:39 - [TEST_STEP][PASSED] - delay: Delayed 2 second(s)

2018-11-23 16:57:41 - [MESSAGE][PASSED] - Delayed 2 second(s)

2018-11-23 16:57:41 - [TEST_STEP][PASSED] - click: Object: 'Object Repository/Final Object Repo/Page_Form 1A - Cessation As Employer/Add Document in Uploading Page' is clicked on

2018-11-23 16:57:46 - [MESSAGE][PASSED] - Object: 'Object Repository/Final Object Repo/Page_Form 1A - Cessation As Employer/Add Document in Uploading Page' is clicked on

2018-11-23 16:57:46 - [TEST_STEP][PASSED] - delay: Delayed 20 second(s)

2018-11-23 16:58:06 - [MESSAGE][PASSED] - Delayed 20 second(s)

2018-11-23 16:58:06 - [TEST_STEP][PASSED] - click: Object: 'Object Repository/Final Object Repo/Page_Form 1A - Cessation As Employer/Save  Continue in Uploading Page' is clicked on

2018-11-23 16:58:11 - [MESSAGE][PASSED] - Object: 'Object Repository/Final Object Repo/Page_Form 1A - Cessation As Employer/Save  Continue in Uploading Page' is clicked on

2018-11-23 16:58:11 - [TEST_STEP][PASSED] - delay: Delayed 2 second(s)

2018-11-23 16:58:13 - [MESSAGE][PASSED] - Delayed 2 second(s)

2018-11-23 16:58:13 - [TEST_STEP][PASSED] - click: Object: 'Object Repository/Final Object Repo/Page_Form 1A - Cessation As Employer/Submit2' is clicked on

2018-11-23 16:58:14 - [MESSAGE][PASSED] - Object: 'Object Repository/Final Object Repo/Page_Form 1A - Cessation As Employer/Submit2' is clicked on

2018-11-23 16:58:14 - [TEST_STEP][PASSED] - delay: Delayed 2 second(s)

2018-11-23 16:58:16 - [MESSAGE][PASSED] - Delayed 2 second(s)

2018-11-23 16:58:16 - [TEST_STEP][PASSED] - click: Object: 'Object Repository/Final Object Repo/Page_Form 1A - Cessation As Employer/Confirm' is clicked on

2018-11-23 16:58:21 - [MESSAGE][PASSED] - Object: 'Object Repository/Final Object Repo/Page_Form 1A - Cessation As Employer/Confirm' is clicked on

2018-11-23 16:58:21 - [TEST_STEP][PASSED] - delay: Delayed 2 second(s)

2018-11-23 16:58:23 - [MESSAGE][PASSED] - Delayed 2 second(s)

2018-11-23 16:58:23 - [TEST_STEP][PASSED] - verifyElementVisible: Object 'Object Repository/Final Object Repo/Page_Form 1A - Cessation As Employer/Message Your Request will be routed to UO' is visible

2018-11-23 16:58:23 - [MESSAGE][PASSED] - Object 'Object Repository/Final Object Repo/Page_Form 1A - Cessation As Employer/Message Your Request will be routed to UO' is visible

2018-11-23 16:58:23 - [TEST_STEP][PASSED] - delay: Delayed 1 second(s)

2018-11-23 16:58:24 - [MESSAGE][PASSED] - Delayed 1 second(s)

2018-11-23 16:58:24 - [TEST_STEP][PASSED] - verifyElementVisible: Object 'Object Repository/Final Object Repo/Page_Form 1A - Cessation As Employer/Letter of acknowledgement' is visible

2018-11-23 16:58:24 - [MESSAGE][PASSED] - Object 'Object Repository/Final Object Repo/Page_Form 1A - Cessation As Employer/Letter of acknowledgement' is visible

2018-11-23 16:58:24 - [MESSAGE][PASSED] - Call Test Case 'Test Cases/Final Aug 2018 - PKS Automation/Registration Module/Workflow/Form 1A - Cessation As Employer/Template/Form 1 A - Cessation As Employer (OTC)' successfully

2018-11-23 16:58:24 - [TEST_STEP][PASSED] - callTestCase: Call Test Case 'Test Cases/Final Aug 2018 - PKS Automation/Registration Module/Workflow/Form 1A - Cessation As Employer/Template/Form 1 A - Cessation As Employer (Approve)' successfully

2018-11-23 16:58:24 - [TEST_CASE][PASSED] - Test Cases/Final Aug 2018 - PKS Automation/Registration Module/Workflow/Form 1A - Cessation As Employer/Template/Form 1 A - Cessation As Employer (Approve): Test Cases/Final Aug 2018 - PKS Automation/Registration Module/Workflow/Form 1A - Cessation As Employer/Template/Form 1 A - Cessation As Employer (Approve)

2018-11-23 16:58:25 - [TEST_STEP][NOT_RUN] - callTestCase: NOT_RUN: callTestCase

2018-11-23 16:58:25 - [MESSAGE][NOT_RUN] - NOT_RUN: callTestCase

2018-11-23 16:58:25 - [TEST_STEP][PASSED] - delay: Delayed 1 second(s)

2018-11-23 16:58:26 - [MESSAGE][PASSED] - Delayed 1 second(s)

2018-11-23 16:58:26 - [TEST_STEP][PASSED] - navigateToUrl: Navigate to 'https://assist2-uat.perkeso.gov.my/c/portal/logout' successfully

2018-11-23 16:58:27 - [MESSAGE][PASSED] - Navigate to 'https://assist2-uat.perkeso.gov.my/c/portal/logout' successfully

2018-11-23 16:58:27 - [TEST_STEP][PASSED] - delay: Delayed 1 second(s)

2018-11-23 16:58:28 - [MESSAGE][PASSED] - Delayed 1 second(s)

2018-11-23 16:58:28 - [TEST_STEP][PASSED] - callTestCase: Call Test Case 'Test Cases/Final Aug 2018 - PKS Automation/Common/Reference Number Getter' successfully

2018-11-23 16:58:28 - [TEST_CASE][PASSED] - Test Cases/Final Aug 2018 - PKS Automation/Common/Reference Number Getter: Test Cases/Final Aug 2018 - PKS Automation/Common/Reference Number Getter

2018-11-23 16:58:28 - [TEST_STEP][PASSED] - Statement - Try: null

2018-11-23 16:58:28 - [TEST_STEP][PASSED] - Statement - RefNo = new java.io.File(C://Users//Admin//Desktop//PKS//Automation Reference Point//KatalonReference.txt): null

2018-11-23 16:58:28 - [TEST_STEP][PASSED] - Statement - bufferread = new java.io.BufferedReader(new java.io.FileReader(RefNo)): null

2018-11-23 16:58:28 - [TEST_STEP][PASSED] - Statement - readedVal = bufferread.readLine(): null

2018-11-23 16:58:28 - [TEST_STEP][PASSED] - Statement - out.println(CaseReferenceNo): null

2018-11-23 16:58:28 - [TEST_STEP][PASSED] - Statement - out.println(readedVal): null

2018-11-23 16:58:28 - [TEST_STEP][PASSED] - Statement - CaseReferenceNo = "": null

2018-11-23 16:58:28 - [TEST_STEP][PASSED] - Statement - CaseReferenceNo = readedVal: null

2018-11-23 16:58:28 - [MESSAGE][PASSED] - Call Test Case 'Test Cases/Final Aug 2018 - PKS Automation/Common/Reference Number Getter' successfully

2018-11-23 16:58:28 - [TEST_STEP][PASSED] - callTestCase: Call Test Case 'Test Cases/Final Aug 2018 - PKS Automation/Common/Workflow Owner Finder' successfully

2018-11-23 16:58:28 - [TEST_CASE][PASSED] - Test Cases/Final Aug 2018 - PKS Automation/Common/Workflow Owner Finder: Test Cases/Final Aug 2018 - PKS Automation/Common/Workflow Owner Finder

2018-11-23 16:58:28 - [TEST_STEP][PASSED] - openBrowser: Browser is opened with url: ''

2018-11-23 16:58:28 - [MESSAGE][WARNING] - A browser is already opened. Closing browser and opening a new one

2018-11-23 16:58:33 - [MESSAGE][PASSED] - Browser is opened with url: ''

2018-11-23 16:58:33 - [TEST_STEP][PASSED] - navigateToUrl: Navigate to 'https://assist2-uat.perkeso.gov.my/login' successfully

2018-11-23 16:58:34 - [MESSAGE][PASSED] - Navigate to 'https://assist2-uat.perkeso.gov.my/login' successfully

2018-11-23 16:58:34 - [TEST_STEP][PASSED] - delay: Delayed 5 second(s)

2018-11-23 16:58:39 - [MESSAGE][PASSED] - Delayed 5 second(s)

2018-11-23 16:58:39 - [TEST_STEP][PASSED] - setText: Text 'test@liferay.com' is set on object 'Object Repository/Final Object Repo/Login Page/Internal User/Email Address'

2018-11-23 16:58:39 - [MESSAGE][PASSED] - Text 'test@liferay.com' is set on object 'Object Repository/Final Object Repo/Login Page/Internal User/Email Address'

2018-11-23 16:58:39 - [TEST_STEP][PASSED] - click: Object: 'Object Repository/Final Object Repo/Login Page/Internal User/Next Button' is clicked on

2018-11-23 16:58:40 - [MESSAGE][PASSED] - Object: 'Object Repository/Final Object Repo/Login Page/Internal User/Next Button' is clicked on

2018-11-23 16:58:40 - [TEST_STEP][PASSED] - delay: Delayed 2 second(s)

2018-11-23 16:58:42 - [MESSAGE][PASSED] - Delayed 2 second(s)

2018-11-23 16:58:42 - [TEST_STEP][PASSED] - setText: Text 'test' is set on object 'Object Repository/Final Object Repo/Login Page/Internal User/Password'

2018-11-23 16:58:42 - [MESSAGE][PASSED] - Text 'test' is set on object 'Object Repository/Final Object Repo/Login Page/Internal User/Password'

2018-11-23 16:58:42 - [TEST_STEP][PASSED] - delay: Delayed 2 second(s)

2018-11-23 16:58:44 - [MESSAGE][PASSED] - Delayed 2 second(s)

2018-11-23 16:58:44 - [TEST_STEP][PASSED] - click: Object: 'Object Repository/Final Object Repo/Login Page/Internal User/Login Button' is clicked on

2018-11-23 16:58:46 - [MESSAGE][PASSED] - Object: 'Object Repository/Final Object Repo/Login Page/Internal User/Login Button' is clicked on

2018-11-23 16:58:46 - [TEST_STEP][PASSED] - Statement - Try: Delayed 2 second(s)

2018-11-23 16:58:46 - [TEST_STEP][PASSED] - Statement - Checker = false: null

2018-11-23 16:58:46 - [TEST_STEP][PASSED] - Statement - Checker = com.kms.katalon.core.webui.keyword.WebUiBuiltInKeywords.verifyElementHasAttribute(com.kms.katalon.core.testobject.ObjectRepository.findTestObject(Final Object Repo/Landing Page/BM Detecting), "href", 20, OPTIONAL): Object 'Object Repository/Final Object Repo/Landing Page/BM Detecting' has attribute 'href'

2018-11-23 16:58:46 - [MESSAGE][PASSED] - Object 'Object Repository/Final Object Repo/Landing Page/BM Detecting' has attribute 'href'

2018-11-23 16:58:46 - [TEST_STEP][PASSED] - Statement - out.println(Checker): null

2018-11-23 16:58:46 - [TEST_STEP][PASSED] - Statement - If (Checker == false): null

2018-11-23 16:58:46 - [TEST_STEP][PASSED] - Statement - Else: null

2018-11-23 16:58:46 - [TEST_STEP][PASSED] - delay: Delayed 2 second(s)

2018-11-23 16:58:48 - [MESSAGE][PASSED] - Delayed 2 second(s)

2018-11-23 16:58:48 - [TEST_STEP][PASSED] - delay: Delayed 3 second(s)

2018-11-23 16:58:51 - [MESSAGE][PASSED] - Delayed 3 second(s)

2018-11-23 16:58:51 - [TEST_STEP][PASSED] - mouseOver: Object: 'Object Repository/Final Object Repo/Landing Page/WorkFlow Menu' is hovered

2018-11-23 16:58:52 - [MESSAGE][PASSED] - Object: 'Object Repository/Final Object Repo/Landing Page/WorkFlow Menu' is hovered

2018-11-23 16:58:52 - [TEST_STEP][PASSED] - delay: Delayed 2 second(s)

2018-11-23 16:58:54 - [MESSAGE][PASSED] - Delayed 2 second(s)

2018-11-23 16:58:54 - [TEST_STEP][PASSED] - click: Object: 'Object Repository/Final Object Repo/Landing Page/Select to Workflow Listing' is clicked on

2018-11-23 16:58:55 - [MESSAGE][PASSED] - Object: 'Object Repository/Final Object Repo/Landing Page/Select to Workflow Listing' is clicked on

2018-11-23 16:58:55 - [TEST_STEP][PASSED] - delay: Delayed 2 second(s)

2018-11-23 16:58:57 - [MESSAGE][PASSED] - Delayed 2 second(s)

2018-11-23 16:58:57 - [TEST_STEP][PASSED] - click: Object: 'Object Repository/Final Object Repo/WorkFlow Listing Page/Search Information - To Put Ref No' is clicked on

2018-11-23 16:58:57 - [MESSAGE][PASSED] - Object: 'Object Repository/Final Object Repo/WorkFlow Listing Page/Search Information - To Put Ref No' is clicked on

2018-11-23 16:58:57 - [TEST_STEP][PASSED] - delay: Delayed 2 second(s)

2018-11-23 16:58:59 - [MESSAGE][PASSED] - Delayed 2 second(s)

2018-11-23 16:58:59 - [TEST_STEP][PASSED] - callTestCase: Call Test Case 'Test Cases/Final Aug 2018 - PKS Automation/Common/Reference Number Getter' successfully

2018-11-23 16:59:00 - [TEST_CASE][PASSED] - Test Cases/Final Aug 2018 - PKS Automation/Common/Reference Number Getter: Test Cases/Final Aug 2018 - PKS Automation/Common/Reference Number Getter

2018-11-23 16:59:00 - [TEST_STEP][PASSED] - Statement - Try: null

2018-11-23 16:59:00 - [TEST_STEP][PASSED] - Statement - RefNo = new java.io.File(C://Users//Admin//Desktop//PKS//Automation Reference Point//KatalonReference.txt): null

2018-11-23 16:59:00 - [TEST_STEP][PASSED] - Statement - bufferread = new java.io.BufferedReader(new java.io.FileReader(RefNo)): null

2018-11-23 16:59:00 - [TEST_STEP][PASSED] - Statement - readedVal = bufferread.readLine(): null

2018-11-23 16:59:00 - [TEST_STEP][PASSED] - Statement - out.println(CaseReferenceNo): null

2018-11-23 16:59:00 - [TEST_STEP][PASSED] - Statement - out.println(readedVal): null

2018-11-23 16:59:00 - [TEST_STEP][PASSED] - Statement - CaseReferenceNo = "": null

2018-11-23 16:59:00 - [TEST_STEP][PASSED] - Statement - CaseReferenceNo = readedVal: null

2018-11-23 16:59:00 - [MESSAGE][PASSED] - Call Test Case 'Test Cases/Final Aug 2018 - PKS Automation/Common/Reference Number Getter' successfully

2018-11-23 16:59:00 - [TEST_STEP][PASSED] - setText: Text 'CUN112018C200001607' is set on object 'Object Repository/Final Object Repo/WorkFlow Listing Page/Ref No Set Text'

2018-11-23 16:59:00 - [MESSAGE][PASSED] - Text 'CUN112018C200001607' is set on object 'Object Repository/Final Object Repo/WorkFlow Listing Page/Ref No Set Text'

2018-11-23 16:59:00 - [TEST_STEP][PASSED] - delay: Delayed 2 second(s)

2018-11-23 16:59:02 - [MESSAGE][PASSED] - Delayed 2 second(s)

2018-11-23 16:59:02 - [TEST_STEP][PASSED] - click: Object: 'Object Repository/Final Object Repo/WorkFlow Listing Page/Search Ref No Search Button' is clicked on

2018-11-23 16:59:04 - [MESSAGE][PASSED] - Object: 'Object Repository/Final Object Repo/WorkFlow Listing Page/Search Ref No Search Button' is clicked on

2018-11-23 16:59:04 - [TEST_STEP][PASSED] - delay: Delayed 4 second(s)

2018-11-23 16:59:08 - [MESSAGE][PASSED] - Delayed 4 second(s)

2018-11-23 16:59:08 - [TEST_STEP][PASSED] - click: Object: 'Object Repository/Final Object Repo/WorkFlow Listing Page/Click Continue Tooltip' is clicked on

2018-11-23 16:59:09 - [MESSAGE][PASSED] - Object: 'Object Repository/Final Object Repo/WorkFlow Listing Page/Click Continue Tooltip' is clicked on

2018-11-23 16:59:09 - [TEST_STEP][PASSED] - delay: Delayed 5 second(s)

2018-11-23 16:59:14 - [MESSAGE][PASSED] - Delayed 5 second(s)

2018-11-23 16:59:14 - [TEST_STEP][PASSED] - doubleClick: Object: 'Object Repository/Final Object Repo/WorkFlow Listing Page/Workflow Found - Listing 1' is double clicked on

2018-11-23 16:59:15 - [MESSAGE][PASSED] - Object: 'Object Repository/Final Object Repo/WorkFlow Listing Page/Workflow Found - Listing 1' is double clicked on

2018-11-23 16:59:15 - [TEST_STEP][PASSED] - Statement - println(OwnerID): null

2018-11-23 16:59:15 - [TEST_STEP][PASSED] - Statement - OwnerID = com.kms.katalon.core.webui.keyword.WebUiBuiltInKeywords.getText(com.kms.katalon.core.testobject.ObjectRepository.findTestObject(Final Object Repo/WorkFlow Listing Page/Workflow Found - Listing 1), STOP_ON_FAILURE): Text of object 'Object Repository/Final Object Repo/WorkFlow Listing Page/Workflow Found - Listing 1' is: 'JOHORuo1'

2018-11-23 16:59:15 - [MESSAGE][PASSED] - Text of object 'Object Repository/Final Object Repo/WorkFlow Listing Page/Workflow Found - Listing 1' is: 'JOHORuo1'

2018-11-23 16:59:15 - [TEST_STEP][PASSED] - Statement - OwnerID = OwnerID.toLowerCase() + "@gmail.com": null

2018-11-23 16:59:15 - [TEST_STEP][PASSED] - Statement - println(OwnerID): null

2018-11-23 16:59:15 - [TEST_STEP][PASSED] - delay: Delayed 2 second(s)

2018-11-23 16:59:17 - [MESSAGE][PASSED] - Delayed 2 second(s)

2018-11-23 16:59:17 - [MESSAGE][PASSED] - Call Test Case 'Test Cases/Final Aug 2018 - PKS Automation/Common/Workflow Owner Finder' successfully

2018-11-23 16:59:17 - [TEST_STEP][PASSED] - delay: Delayed 1 second(s)

2018-11-23 16:59:18 - [MESSAGE][PASSED] - Delayed 1 second(s)

2018-11-23 16:59:18 - [TEST_STEP][PASSED] - navigateToUrl: Navigate to 'https://assist2-uat.perkeso.gov.my/c/portal/logout' successfully

2018-11-23 16:59:19 - [MESSAGE][PASSED] - Navigate to 'https://assist2-uat.perkeso.gov.my/c/portal/logout' successfully

2018-11-23 16:59:19 - [TEST_STEP][PASSED] - delay: Delayed 1 second(s)

2018-11-23 16:59:20 - [MESSAGE][PASSED] - Delayed 1 second(s)

2018-11-23 16:59:20 - [TEST_STEP][PASSED] - callTestCase: Call Test Case 'Test Cases/Final Aug 2018 - PKS Automation/Registration Module/Workflow/Login and Search Case For Workflow' successfully

2018-11-23 16:59:20 - [TEST_CASE][PASSED] - Test Cases/Final Aug 2018 - PKS Automation/Registration Module/Workflow/Login and Search Case For Workflow: Test Cases/Final Aug 2018 - PKS Automation/Registration Module/Workflow/Login and Search Case For Workflow

2018-11-23 16:59:20 - [TEST_STEP][PASSED] - navigateToUrl: Navigate to 'https://assist2-uat.perkeso.gov.my/login' successfully

2018-11-23 16:59:21 - [MESSAGE][PASSED] - Navigate to 'https://assist2-uat.perkeso.gov.my/login' successfully

2018-11-23 16:59:21 - [TEST_STEP][PASSED] - setText: Text 'johoruo1@gmail.com' is set on object 'Object Repository/Final Object Repo/Login Page/Internal User/Email Address'

2018-11-23 16:59:21 - [MESSAGE][PASSED] - Text 'johoruo1@gmail.com' is set on object 'Object Repository/Final Object Repo/Login Page/Internal User/Email Address'

2018-11-23 16:59:21 - [TEST_STEP][PASSED] - click: Object: 'Object Repository/Final Object Repo/Login Page/Internal User/Next Button' is clicked on

2018-11-23 16:59:21 - [MESSAGE][PASSED] - Object: 'Object Repository/Final Object Repo/Login Page/Internal User/Next Button' is clicked on

2018-11-23 16:59:21 - [TEST_STEP][PASSED] - delay: Delayed 1 second(s)

2018-11-23 16:59:22 - [MESSAGE][PASSED] - Delayed 1 second(s)

2018-11-23 16:59:22 - [TEST_STEP][PASSED] - setEncryptedText: Text ****** has been set on object 'Object Repository/Final Object Repo/Login Page/Internal User/Password'

2018-11-23 16:59:22 - [MESSAGE][PASSED] - Text ****** has been set on object 'Object Repository/Final Object Repo/Login Page/Internal User/Password'

2018-11-23 16:59:22 - [TEST_STEP][PASSED] - click: Object: 'Object Repository/Final Object Repo/Login Page/Internal User/Login Button' is clicked on

2018-11-23 16:59:25 - [MESSAGE][PASSED] - Object: 'Object Repository/Final Object Repo/Login Page/Internal User/Login Button' is clicked on

2018-11-23 16:59:25 - [TEST_STEP][PASSED] - delay: Delayed 2 second(s)

2018-11-23 16:59:27 - [MESSAGE][PASSED] - Delayed 2 second(s)

2018-11-23 16:59:27 - [TEST_STEP][PASSED] - Statement - Try: Delayed 2 second(s)

2018-11-23 16:59:27 - [TEST_STEP][PASSED] - Statement - Checker = false: null

2018-11-23 16:59:27 - [TEST_STEP][PASSED] - Statement - Checker = com.kms.katalon.core.webui.keyword.WebUiBuiltInKeywords.verifyElementHasAttribute(com.kms.katalon.core.testobject.ObjectRepository.findTestObject(Final Object Repo/Landing Page/BM Detecting), "href", 20, OPTIONAL): Object 'Object Repository/Final Object Repo/Landing Page/BM Detecting' has attribute 'href'

2018-11-23 16:59:27 - [MESSAGE][PASSED] - Object 'Object Repository/Final Object Repo/Landing Page/BM Detecting' has attribute 'href'

2018-11-23 16:59:27 - [TEST_STEP][PASSED] - Statement - out.println(Checker): null

2018-11-23 16:59:27 - [TEST_STEP][PASSED] - Statement - If (Checker == false): null

2018-11-23 16:59:27 - [TEST_STEP][PASSED] - Statement - Else: null

2018-11-23 16:59:27 - [TEST_STEP][PASSED] - delay: Delayed 2 second(s)

2018-11-23 16:59:29 - [MESSAGE][PASSED] - Delayed 2 second(s)

2018-11-23 16:59:29 - [TEST_STEP][PASSED] - click: Object: 'Object Repository/Final Object Repo/Page_MyASSIST - ASSIST - Search Pending Case For Add Supporting Document/Search Information' is clicked on

2018-11-23 16:59:29 - [MESSAGE][PASSED] - Object: 'Object Repository/Final Object Repo/Page_MyASSIST - ASSIST - Search Pending Case For Add Supporting Document/Search Information' is clicked on

2018-11-23 16:59:29 - [TEST_STEP][PASSED] - delay: Delayed 3 second(s)

2018-11-23 16:59:32 - [MESSAGE][PASSED] - Delayed 3 second(s)

2018-11-23 16:59:32 - [TEST_STEP][PASSED] - sendKeys: Keys 'CUN112018C200001607' sent to object: 'Object Repository/Final Object Repo/Page_MyASSIST - ASSIST - Search Pending Case For Add Supporting Document/Reference No'

2018-11-23 16:59:32 - [MESSAGE][PASSED] - Keys 'CUN112018C200001607' sent to object: 'Object Repository/Final Object Repo/Page_MyASSIST - ASSIST - Search Pending Case For Add Supporting Document/Reference No'

2018-11-23 16:59:32 - [TEST_STEP][PASSED] - click: Object: 'Object Repository/Final Object Repo/Page_MyASSIST - ASSIST - Search Pending Case For Add Supporting Document/Search Reference No' is clicked on

2018-11-23 16:59:34 - [MESSAGE][PASSED] - Object: 'Object Repository/Final Object Repo/Page_MyASSIST - ASSIST - Search Pending Case For Add Supporting Document/Search Reference No' is clicked on

2018-11-23 16:59:34 - [TEST_STEP][PASSED] - delay: Delayed 2 second(s)

2018-11-23 16:59:36 - [MESSAGE][PASSED] - Delayed 2 second(s)

2018-11-23 16:59:36 - [TEST_STEP][PASSED] - click: Object: 'Object Repository/Final Object Repo/Page_MyASSIST - ASSIST - Search Pending Case For Add Supporting Document/Continue' is clicked on

2018-11-23 16:59:40 - [MESSAGE][PASSED] - Object: 'Object Repository/Final Object Repo/Page_MyASSIST - ASSIST - Search Pending Case For Add Supporting Document/Continue' is clicked on

2018-11-23 16:59:40 - [TEST_STEP][PASSED] - delay: Delayed 20 second(s)

2018-11-23 17:00:00 - [MESSAGE][PASSED] - Delayed 20 second(s)

2018-11-23 17:00:00 - [MESSAGE][PASSED] - Call Test Case 'Test Cases/Final Aug 2018 - PKS Automation/Registration Module/Workflow/Login and Search Case For Workflow' successfully

2018-11-23 17:00:00 - [TEST_STEP][PASSED] - click: Object: 'Object Repository/Final Object Repo/Page_Form 1A - Cessation As Employer/Page_Form 1A - Cessation As Employer (Approve)/Save  Continue in Form 1A Page' is clicked on

2018-11-23 17:00:02 - [MESSAGE][PASSED] - Object: 'Object Repository/Final Object Repo/Page_Form 1A - Cessation As Employer/Page_Form 1A - Cessation As Employer (Approve)/Save  Continue in Form 1A Page' is clicked on

2018-11-23 17:00:02 - [TEST_STEP][PASSED] - delay: Delayed 2 second(s)

2018-11-23 17:00:04 - [MESSAGE][PASSED] - Delayed 2 second(s)

2018-11-23 17:00:04 - [TEST_STEP][PASSED] - click: Object: 'Object Repository/Final Object Repo/Page_Form 1A - Cessation As Employer/Employment Resign Date' is clicked on

2018-11-23 17:00:05 - [MESSAGE][PASSED] - Object: 'Object Repository/Final Object Repo/Page_Form 1A - Cessation As Employer/Employment Resign Date' is clicked on

2018-11-23 17:00:05 - [TEST_STEP][PASSED] - delay: Delayed 1 second(s)

2018-11-23 17:00:06 - [MESSAGE][PASSED] - Delayed 1 second(s)

2018-11-23 17:00:06 - [TEST_STEP][PASSED] - selectOptionByValue: All options with value '2030' are selected in object 'Object Repository/Final Object Repo/Page_Form 1A - Cessation As Employer/Employment Resign Date - Year' 

2018-11-23 17:00:06 - [MESSAGE][PASSED] - All options with value '2030' are selected in object 'Object Repository/Final Object Repo/Page_Form 1A - Cessation As Employer/Employment Resign Date - Year' 

2018-11-23 17:00:06 - [TEST_STEP][PASSED] - delay: Delayed 1 second(s)

2018-11-23 17:00:07 - [MESSAGE][PASSED] - Delayed 1 second(s)

2018-11-23 17:00:07 - [TEST_STEP][PASSED] - click: Object: 'Object Repository/Final Object Repo/Page_Form 1A - Cessation As Employer/Employment Resign Date - Year - Date' is clicked on

2018-11-23 17:00:07 - [MESSAGE][PASSED] - Object: 'Object Repository/Final Object Repo/Page_Form 1A - Cessation As Employer/Employment Resign Date - Year - Date' is clicked on

2018-11-23 17:00:07 - [TEST_STEP][PASSED] - delay: Delayed 2 second(s)

2018-11-23 17:00:09 - [MESSAGE][PASSED] - Delayed 2 second(s)

2018-11-23 17:00:09 - [TEST_STEP][PASSED] - click: Object: 'Object Repository/Final Object Repo/Page_Form 1A - Cessation As Employer/Page_Form 1A - Cessation As Employer (Approve)/Save  Continue in Update Add Employee Resigned Date Page' is clicked on

2018-11-23 17:00:10 - [MESSAGE][PASSED] - Object: 'Object Repository/Final Object Repo/Page_Form 1A - Cessation As Employer/Page_Form 1A - Cessation As Employer (Approve)/Save  Continue in Update Add Employee Resigned Date Page' is clicked on

2018-11-23 17:00:10 - [TEST_STEP][PASSED] - delay: Delayed 2 second(s)

2018-11-23 17:00:12 - [MESSAGE][PASSED] - Delayed 2 second(s)

2018-11-23 17:00:12 - [TEST_STEP][PASSED] - click: Object: 'Object Repository/Final Object Repo/Page_Form 1A - Cessation As Employer/Set Latest - Yes' is clicked on

2018-11-23 17:00:16 - [MESSAGE][PASSED] - Object: 'Object Repository/Final Object Repo/Page_Form 1A - Cessation As Employer/Set Latest - Yes' is clicked on

2018-11-23 17:00:16 - [TEST_STEP][PASSED] - delay: Delayed 2 second(s)

2018-11-23 17:00:18 - [MESSAGE][PASSED] - Delayed 2 second(s)

2018-11-23 17:00:18 - [TEST_STEP][PASSED] - click: Object: 'Object Repository/Final Object Repo/Page_Form 1A - Cessation As Employer/Page_Form 1A - Cessation As Employer (Approve)/Save  Contine in Uploading Document Page' is clicked on

2018-11-23 17:00:23 - [MESSAGE][PASSED] - Object: 'Object Repository/Final Object Repo/Page_Form 1A - Cessation As Employer/Page_Form 1A - Cessation As Employer (Approve)/Save  Contine in Uploading Document Page' is clicked on

2018-11-23 17:00:23 - [TEST_STEP][PASSED] - delay: Delayed 2 second(s)

2018-11-23 17:00:25 - [MESSAGE][PASSED] - Delayed 2 second(s)

2018-11-23 17:00:25 - [TEST_STEP][PASSED] - click: Object: 'Object Repository/Final Object Repo/Page_Form 1A - Cessation As Employer/Page_Form 1A - Cessation As Employer (Approve)/Approve' is clicked on

2018-11-23 17:00:25 - [MESSAGE][PASSED] - Object: 'Object Repository/Final Object Repo/Page_Form 1A - Cessation As Employer/Page_Form 1A - Cessation As Employer (Approve)/Approve' is clicked on

2018-11-23 17:00:25 - [TEST_STEP][PASSED] - delay: Delayed 2 second(s)

2018-11-23 17:00:27 - [MESSAGE][PASSED] - Delayed 2 second(s)

2018-11-23 17:00:27 - [TEST_STEP][PASSED] - click: Object: 'Object Repository/Final Object Repo/Page_Form 1A - Cessation As Employer/Confirm' is clicked on

2018-11-23 17:00:27 - [MESSAGE][PASSED] - Object: 'Object Repository/Final Object Repo/Page_Form 1A - Cessation As Employer/Confirm' is clicked on

2018-11-23 17:00:27 - [TEST_STEP][PASSED] - delay: Delayed 2 second(s)

2018-11-23 17:00:29 - [MESSAGE][PASSED] - Delayed 2 second(s)

2018-11-23 17:00:29 - [TEST_STEP][PASSED] - click: Object: 'Object Repository/Final Object Repo/Page_Form 1A - Cessation As Employer/Page_Form 1A - Cessation As Employer (Approve)/Message Your Request    Form 1A ' is clicked on

2018-11-23 17:00:38 - [MESSAGE][PASSED] - Object: 'Object Repository/Final Object Repo/Page_Form 1A - Cessation As Employer/Page_Form 1A - Cessation As Employer (Approve)/Message Your Request    Form 1A ' is clicked on

2018-11-23 17:00:38 - [TEST_STEP][PASSED] - delay: Delayed 2 second(s)

2018-11-23 17:00:40 - [MESSAGE][PASSED] - Delayed 2 second(s)

2018-11-23 17:00:40 - [TEST_STEP][PASSED] - click: Object: 'Object Repository/Final Object Repo/Page_Form 1A - Cessation As Employer/Page_Form 1A - Cessation As Employer (Approve)/Letter of successful update' is clicked on

2018-11-23 17:00:45 - [MESSAGE][PASSED] - Object: 'Object Repository/Final Object Repo/Page_Form 1A - Cessation As Employer/Page_Form 1A - Cessation As Employer (Approve)/Letter of successful update' is clicked on

2018-11-23 17:00:45 - [MESSAGE][PASSED] - Call Test Case 'Test Cases/Final Aug 2018 - PKS Automation/Registration Module/Workflow/Form 1A - Cessation As Employer/Template/Form 1 A - Cessation As Employer (Approve)' successfully]]></system-out>
         <system-err><![CDATA[]]></system-err>
      </testcase>
      <system-out><![CDATA[2018-11-23 16:25:09 - [TEST_SUITE][FAILED] - Form 1A - Cessation as Employer: Test Cases/Final Aug 2018 - PKS Automation/Registration Module/Workflow/Form 1A - Cessation As Employer/Employer to UO (Reject) FAILED because (of) (Stack trace: com.kms.katalon.core.exception.StepFailedException: Unable to click on object 'Object Repository/Final Object Repo/Page_Form 1A - Cessation As Employer/Document Type' (Root cause: org.openqa.selenium.ElementClickInterceptedException: Element <span class="select2-selection select2-selection--single"> is not clickable at point (481.7833251953125,205.23333740234375) because another element <div class="blockUI blockOverlay"> obscures it
Build info: version: '3.7.1', revision: '8a0099a', time: '2017-11-06T21:07:36.161Z'
System info: host: 'WIN7TEST02', ip: '10.20.3.72', os.name: 'Windows 7', os.arch: 'amd64', os.version: '6.1', java.version: '1.8.0_181'
Driver info: com.kms.katalon.core.webui.driver.firefox.CGeckoDriver
Capabilities {acceptInsecureCerts: true, browserName: firefox, browserVersion: 63.0.3, javascriptEnabled: true, moz:accessibilityChecks: false, moz:geckodriverVersion: 0.23.0, moz:headless: false, moz:processID: 8952, moz:profile: C:\Users\Admin\AppData\Loca..., moz:useNonSpecCompliantPointerOrigin: false, moz:webdriverClick: true, pageLoadStrategy: normal, platform: WINDOWS, platformName: WINDOWS, platformVersion: 6.1, proxy: Proxy(direct), rotatable: false, setWindowRect: true, timeouts: {implicit: 0, pageLoad: 300000, script: 30000}, unhandledPromptBehavior: dismiss and notify}
Session ID: 0d951bd4-1b06-49ce-ba44-8e8a0e0c0b7c)
	at com.kms.katalon.core.keyword.internal.KeywordMain.stepFailed(KeywordMain.groovy:32)
	at com.kms.katalon.core.webui.keyword.internal.WebUIKeywordMain.stepFailed(WebUIKeywordMain.groovy:65)
	at com.kms.katalon.core.webui.keyword.internal.WebUIKeywordMain.runKeyword(WebUIKeywordMain.groovy:27)
	at com.kms.katalon.core.webui.keyword.builtin.ClickKeyword.click(ClickKeyword.groovy:86)
	at com.kms.katalon.core.webui.keyword.builtin.ClickKeyword.execute(ClickKeyword.groovy:67)
	at com.kms.katalon.core.keyword.internal.KeywordExecutor.executeKeywordForPlatform(KeywordExecutor.groovy:53)
	at com.kms.katalon.core.webui.keyword.WebUiBuiltInKeywords.click(WebUiBuiltInKeywords.groovy:616)
	at com.kms.katalon.core.webui.keyword.WebUiBuiltInKeywords$click$2.call(Unknown Source)
	at Script1536729355807.run(Script1536729355807.groovy:121)
	at com.kms.katalon.core.main.ScriptEngine.run(ScriptEngine.java:183)
	at com.kms.katalon.core.main.ScriptEngine.runScriptAsRawText(ScriptEngine.java:108)
	at com.kms.katalon.core.main.TestCaseExecutor.runScript(TestCaseExecutor.java:294)
	at com.kms.katalon.core.main.TestCaseExecutor.doExecute(TestCaseExecutor.java:285)
	at com.kms.katalon.core.main.TestCaseExecutor.processExecutionPhase(TestCaseExecutor.java:264)
	at com.kms.katalon.core.main.TestCaseExecutor.accessMainPhase(TestCaseExecutor.java:256)
	at com.kms.katalon.core.main.TestCaseExecutor.execute(TestCaseExecutor.java:200)
	at com.kms.katalon.core.main.TestCaseMain.runTestCase(TestCaseMain.java:99)
	at com.kms.katalon.core.keyword.builtin.CallTestCaseKeyword$_callTestCase_closure1.doCall(CallTestCaseKeyword.groovy:60)
	at com.kms.katalon.core.keyword.builtin.CallTestCaseKeyword$_callTestCase_closure1.call(CallTestCaseKeyword.groovy)
	at com.kms.katalon.core.keyword.internal.KeywordMain.runKeyword(KeywordMain.groovy:54)
	at com.kms.katalon.core.keyword.builtin.CallTestCaseKeyword.callTestCase(CallTestCaseKeyword.groovy:81)
	at com.kms.katalon.core.keyword.builtin.CallTestCaseKeyword.execute(CallTestCaseKeyword.groovy:45)
	at com.kms.katalon.core.keyword.internal.KeywordExecutor.executeKeywordForPlatform(KeywordExecutor.groovy:53)
	at com.kms.katalon.core.keyword.BuiltinKeywords.callTestCase(BuiltinKeywords.groovy:334)
	at sun.reflect.GeneratedMethodAccessor13.invoke(Unknown Source)
	at sun.reflect.DelegatingMethodAccessorImpl.invoke(DelegatingMethodAccessorImpl.java:43)
	at java.lang.reflect.Method.invoke(Method.java:498)
	at org.codehaus.groovy.reflection.CachedMethod.invoke(CachedMethod.java:93)
	at groovy.lang.MetaMethod.doMethodInvoke(MetaMethod.java:325)
	at groovy.lang.MetaClassImpl.invokeStaticMethod(MetaClassImpl.java:1469)
	at org.codehaus.groovy.runtime.callsite.StaticMetaClassSite.call(StaticMetaClassSite.java:53)
	at org.codehaus.groovy.runtime.callsite.CallSiteArray.defaultCall(CallSiteArray.java:48)
	at org.codehaus.groovy.runtime.callsite.AbstractCallSite.call(AbstractCallSite.java:113)
	at org.codehaus.groovy.runtime.callsite.AbstractCallSite.call(AbstractCallSite.java:141)
	at Script1536729583481.run(Script1536729583481.groovy:22)
	at com.kms.katalon.core.main.ScriptEngine.run(ScriptEngine.java:183)
	at com.kms.katalon.core.main.ScriptEngine.runScriptAsRawText(ScriptEngine.java:108)
	at com.kms.katalon.core.main.TestCaseExecutor.runScript(TestCaseExecutor.java:294)
	at com.kms.katalon.core.main.TestCaseExecutor.doExecute(TestCaseExecutor.java:285)
	at com.kms.katalon.core.main.TestCaseExecutor.processExecutionPhase(TestCaseExecutor.java:264)
	at com.kms.katalon.core.main.TestCaseExecutor.accessMainPhase(TestCaseExecutor.java:256)
	at com.kms.katalon.core.main.TestCaseExecutor.execute(TestCaseExecutor.java:200)
	at com.kms.katalon.core.main.TestSuiteExecutor.accessTestCaseMainPhase(TestSuiteExecutor.java:129)
	at com.kms.katalon.core.main.TestSuiteExecutor.accessTestSuiteMainPhase(TestSuiteExecutor.java:112)
	at com.kms.katalon.core.main.TestSuiteExecutor.execute(TestSuiteExecutor.java:81)
	at com.kms.katalon.core.main.TestCaseMain.startTestSuite(TestCaseMain.java:142)
	at com.kms.katalon.core.main.TestCaseMain$startTestSuite$0.call(Unknown Source)
	at org.codehaus.groovy.runtime.callsite.CallSiteArray.defaultCall(CallSiteArray.java:48)
	at org.codehaus.groovy.runtime.callsite.AbstractCallSite.call(AbstractCallSite.java:113)
	at org.codehaus.groovy.runtime.callsite.AbstractCallSite.call(AbstractCallSite.java:141)
	at TempTestSuite1542961507921.run(TempTestSuite1542961507921.groovy:36)
	at groovy.lang.GroovyShell.runScriptOrMainOrTestOrRunnable(GroovyShell.java:263)
	at groovy.lang.GroovyShell.run(GroovyShell.java:518)
	at groovy.lang.GroovyShell.run(GroovyShell.java:507)
	at groovy.ui.GroovyMain.processOnce(GroovyMain.java:653)
	at groovy.ui.GroovyMain.run(GroovyMain.java:384)
	at groovy.ui.GroovyMain.process(GroovyMain.java:370)
	at groovy.ui.GroovyMain.processArgs(GroovyMain.java:129)
	at groovy.ui.GroovyMain.main(GroovyMain.java:109)
	at sun.reflect.NativeMethodAccessorImpl.invoke0(Native Method)
	at sun.reflect.NativeMethodAccessorImpl.invoke(NativeMethodAccessorImpl.java:62)
	at sun.reflect.DelegatingMethodAccessorImpl.invoke(DelegatingMethodAccessorImpl.java:43)
	at java.lang.reflect.Method.invoke(Method.java:498)
	at org.codehaus.groovy.tools.GroovyStarter.rootLoader(GroovyStarter.java:109)
	at org.codehaus.groovy.tools.GroovyStarter.main(GroovyStarter.java:131)
)]]></system-out>
      <system-err><![CDATA[2018-11-23 16:25:09 - [TEST_SUITE][FAILED] - Form 1A - Cessation as Employer: Test Cases/Final Aug 2018 - PKS Automation/Registration Module/Workflow/Form 1A - Cessation As Employer/Employer to UO (Reject) FAILED because (of) (Stack trace: com.kms.katalon.core.exception.StepFailedException: Unable to click on object 'Object Repository/Final Object Repo/Page_Form 1A - Cessation As Employer/Document Type' (Root cause: org.openqa.selenium.ElementClickInterceptedException: Element <span class="select2-selection select2-selection--single"> is not clickable at point (481.7833251953125,205.23333740234375) because another element <div class="blockUI blockOverlay"> obscures it
Build info: version: '3.7.1', revision: '8a0099a', time: '2017-11-06T21:07:36.161Z'
System info: host: 'WIN7TEST02', ip: '10.20.3.72', os.name: 'Windows 7', os.arch: 'amd64', os.version: '6.1', java.version: '1.8.0_181'
Driver info: com.kms.katalon.core.webui.driver.firefox.CGeckoDriver
Capabilities {acceptInsecureCerts: true, browserName: firefox, browserVersion: 63.0.3, javascriptEnabled: true, moz:accessibilityChecks: false, moz:geckodriverVersion: 0.23.0, moz:headless: false, moz:processID: 8952, moz:profile: C:\Users\Admin\AppData\Loca..., moz:useNonSpecCompliantPointerOrigin: false, moz:webdriverClick: true, pageLoadStrategy: normal, platform: WINDOWS, platformName: WINDOWS, platformVersion: 6.1, proxy: Proxy(direct), rotatable: false, setWindowRect: true, timeouts: {implicit: 0, pageLoad: 300000, script: 30000}, unhandledPromptBehavior: dismiss and notify}
Session ID: 0d951bd4-1b06-49ce-ba44-8e8a0e0c0b7c)
	at com.kms.katalon.core.keyword.internal.KeywordMain.stepFailed(KeywordMain.groovy:32)
	at com.kms.katalon.core.webui.keyword.internal.WebUIKeywordMain.stepFailed(WebUIKeywordMain.groovy:65)
	at com.kms.katalon.core.webui.keyword.internal.WebUIKeywordMain.runKeyword(WebUIKeywordMain.groovy:27)
	at com.kms.katalon.core.webui.keyword.builtin.ClickKeyword.click(ClickKeyword.groovy:86)
	at com.kms.katalon.core.webui.keyword.builtin.ClickKeyword.execute(ClickKeyword.groovy:67)
	at com.kms.katalon.core.keyword.internal.KeywordExecutor.executeKeywordForPlatform(KeywordExecutor.groovy:53)
	at com.kms.katalon.core.webui.keyword.WebUiBuiltInKeywords.click(WebUiBuiltInKeywords.groovy:616)
	at com.kms.katalon.core.webui.keyword.WebUiBuiltInKeywords$click$2.call(Unknown Source)
	at Script1536729355807.run(Script1536729355807.groovy:121)
	at com.kms.katalon.core.main.ScriptEngine.run(ScriptEngine.java:183)
	at com.kms.katalon.core.main.ScriptEngine.runScriptAsRawText(ScriptEngine.java:108)
	at com.kms.katalon.core.main.TestCaseExecutor.runScript(TestCaseExecutor.java:294)
	at com.kms.katalon.core.main.TestCaseExecutor.doExecute(TestCaseExecutor.java:285)
	at com.kms.katalon.core.main.TestCaseExecutor.processExecutionPhase(TestCaseExecutor.java:264)
	at com.kms.katalon.core.main.TestCaseExecutor.accessMainPhase(TestCaseExecutor.java:256)
	at com.kms.katalon.core.main.TestCaseExecutor.execute(TestCaseExecutor.java:200)
	at com.kms.katalon.core.main.TestCaseMain.runTestCase(TestCaseMain.java:99)
	at com.kms.katalon.core.keyword.builtin.CallTestCaseKeyword$_callTestCase_closure1.doCall(CallTestCaseKeyword.groovy:60)
	at com.kms.katalon.core.keyword.builtin.CallTestCaseKeyword$_callTestCase_closure1.call(CallTestCaseKeyword.groovy)
	at com.kms.katalon.core.keyword.internal.KeywordMain.runKeyword(KeywordMain.groovy:54)
	at com.kms.katalon.core.keyword.builtin.CallTestCaseKeyword.callTestCase(CallTestCaseKeyword.groovy:81)
	at com.kms.katalon.core.keyword.builtin.CallTestCaseKeyword.execute(CallTestCaseKeyword.groovy:45)
	at com.kms.katalon.core.keyword.internal.KeywordExecutor.executeKeywordForPlatform(KeywordExecutor.groovy:53)
	at com.kms.katalon.core.keyword.BuiltinKeywords.callTestCase(BuiltinKeywords.groovy:334)
	at sun.reflect.GeneratedMethodAccessor13.invoke(Unknown Source)
	at sun.reflect.DelegatingMethodAccessorImpl.invoke(DelegatingMethodAccessorImpl.java:43)
	at java.lang.reflect.Method.invoke(Method.java:498)
	at org.codehaus.groovy.reflection.CachedMethod.invoke(CachedMethod.java:93)
	at groovy.lang.MetaMethod.doMethodInvoke(MetaMethod.java:325)
	at groovy.lang.MetaClassImpl.invokeStaticMethod(MetaClassImpl.java:1469)
	at org.codehaus.groovy.runtime.callsite.StaticMetaClassSite.call(StaticMetaClassSite.java:53)
	at org.codehaus.groovy.runtime.callsite.CallSiteArray.defaultCall(CallSiteArray.java:48)
	at org.codehaus.groovy.runtime.callsite.AbstractCallSite.call(AbstractCallSite.java:113)
	at org.codehaus.groovy.runtime.callsite.AbstractCallSite.call(AbstractCallSite.java:141)
	at Script1536729583481.run(Script1536729583481.groovy:22)
	at com.kms.katalon.core.main.ScriptEngine.run(ScriptEngine.java:183)
	at com.kms.katalon.core.main.ScriptEngine.runScriptAsRawText(ScriptEngine.java:108)
	at com.kms.katalon.core.main.TestCaseExecutor.runScript(TestCaseExecutor.java:294)
	at com.kms.katalon.core.main.TestCaseExecutor.doExecute(TestCaseExecutor.java:285)
	at com.kms.katalon.core.main.TestCaseExecutor.processExecutionPhase(TestCaseExecutor.java:264)
	at com.kms.katalon.core.main.TestCaseExecutor.accessMainPhase(TestCaseExecutor.java:256)
	at com.kms.katalon.core.main.TestCaseExecutor.execute(TestCaseExecutor.java:200)
	at com.kms.katalon.core.main.TestSuiteExecutor.accessTestCaseMainPhase(TestSuiteExecutor.java:129)
	at com.kms.katalon.core.main.TestSuiteExecutor.accessTestSuiteMainPhase(TestSuiteExecutor.java:112)
	at com.kms.katalon.core.main.TestSuiteExecutor.execute(TestSuiteExecutor.java:81)
	at com.kms.katalon.core.main.TestCaseMain.startTestSuite(TestCaseMain.java:142)
	at com.kms.katalon.core.main.TestCaseMain$startTestSuite$0.call(Unknown Source)
	at org.codehaus.groovy.runtime.callsite.CallSiteArray.defaultCall(CallSiteArray.java:48)
	at org.codehaus.groovy.runtime.callsite.AbstractCallSite.call(AbstractCallSite.java:113)
	at org.codehaus.groovy.runtime.callsite.AbstractCallSite.call(AbstractCallSite.java:141)
	at TempTestSuite1542961507921.run(TempTestSuite1542961507921.groovy:36)
	at groovy.lang.GroovyShell.runScriptOrMainOrTestOrRunnable(GroovyShell.java:263)
	at groovy.lang.GroovyShell.run(GroovyShell.java:518)
	at groovy.lang.GroovyShell.run(GroovyShell.java:507)
	at groovy.ui.GroovyMain.processOnce(GroovyMain.java:653)
	at groovy.ui.GroovyMain.run(GroovyMain.java:384)
	at groovy.ui.GroovyMain.process(GroovyMain.java:370)
	at groovy.ui.GroovyMain.processArgs(GroovyMain.java:129)
	at groovy.ui.GroovyMain.main(GroovyMain.java:109)
	at sun.reflect.NativeMethodAccessorImpl.invoke0(Native Method)
	at sun.reflect.NativeMethodAccessorImpl.invoke(NativeMethodAccessorImpl.java:62)
	at sun.reflect.DelegatingMethodAccessorImpl.invoke(DelegatingMethodAccessorImpl.java:43)
	at java.lang.reflect.Method.invoke(Method.java:498)
	at org.codehaus.groovy.tools.GroovyStarter.rootLoader(GroovyStarter.java:109)
	at org.codehaus.groovy.tools.GroovyStarter.main(GroovyStarter.java:131)
)]]></system-err>
   </testsuite>
</testsuites>
